[    0s] Memory limit set to 10955196KB
[    1s] Using BUILD_ROOT=/var/cache/obs/worker/root_2
[    1s] Using BUILD_ARCH=riscv64
[    1s] 
[    4s] 
[    4s] oe-RISCV-worker29 started "build _service:extract_file:accountsservice.spec" at Fri Apr 22 04:54:39 UTC 2022.
[    4s] 
[    4s] Building accountsservice for project 'openEuler:Mainline:RISC-V' repository 'advanced_riscv64' arch 'riscv64' srcmd5 'bef51c7f238221c6121ac5815f5b40df'
[    4s] 
[    4s] processing recipe /var/cache/obs/worker/root_2/.build-srcdir/_service:extract_file:accountsservice.spec ...
[    8s] running changelog2spec --target rpm --file /var/cache/obs/worker/root_2/.build-srcdir/_service:extract_file:accountsservice.spec
[    9s] init_buildsystem --configdir /var/run/obs/worker/2/build/configs --cachedir /var/cache/build --clean --rpmlist /var/cache/obs/worker/root_2/.build.rpmlist /var/cache/obs/worker/root_2/.build-srcdir/_service:extract_file:accountsservice.spec build ...
[  114s] cycle: coreutils -> bash
[  114s]   breaking dependency coreutils -> bash
[  114s] cycle: coreutils -> info
[  114s]   breaking dependency coreutils -> info
[  114s] cycle: glibc -> filesystem -> coreutils
[  114s]   breaking dependency coreutils -> glibc
[  114s] cycle: glibc -> filesystem -> coreutils -> libacl
[  114s]   breaking dependency coreutils -> libacl
[  114s] cycle: glibc -> filesystem -> coreutils -> attr
[  114s]   breaking dependency coreutils -> attr
[  114s] cycle: coreutils -> libcap
[  114s]   breaking dependency coreutils -> libcap
[  114s] cycle: glibc -> filesystem -> coreutils -> openssl-libs
[  114s]   breaking dependency coreutils -> openssl-libs
[  114s] cycle: glibc -> filesystem -> coreutils -> libselinux
[  114s]   breaking dependency libselinux -> glibc
[  114s] cycle: glibc -> filesystem -> coreutils -> libselinux -> pcre2
[  114s]   breaking dependency pcre2 -> glibc
[  114s] cycle: glibc -> filesystem -> coreutils -> libselinux -> pcre2 -> readline
[  114s]   breaking dependency readline -> glibc
[  114s] cycle: glibc -> filesystem -> coreutils -> libselinux -> pcre2 -> readline -> ncurses-libs
[  114s]   breaking dependency filesystem -> coreutils
[  114s] cycle: glibc -> filesystem -> bash -> coreutils -> libselinux -> pcre2 -> readline -> ncurses-libs
[  114s]   breaking dependency filesystem -> bash
[  114s] cycle: perl-Carp -> perl-libs
[  114s]   breaking dependency perl-libs -> perl-Carp
[  114s] cycle: perl-libs -> perl-Exporter
[  114s]   breaking dependency perl-libs -> perl-Exporter
[  114s] cycle: perl-Carp -> perl-Exporter
[  114s]   breaking dependency perl-Exporter -> perl-Carp
[  114s] cycle: nss-util -> nss
[  114s]   breaking dependency nss -> nss-util
[  114s] cycle: nss-softokn -> nss-util -> nss
[  114s]   breaking dependency nss -> nss-softokn
[  114s] cycle: systemd -> cryptsetup -> device-mapper
[  114s]   breaking dependency systemd -> cryptsetup
[  114s] cycle: audit -> systemd -> pam
[  114s]   breaking dependency systemd -> pam
[  114s] [1/84] preinstalling dbus...
[  115s] [2/84] preinstalling libffi-devel...
[  116s] [3/84] preinstalling nodejs-source-map...
[  117s] [4/84] preinstalling python3-pip...
[  120s] [5/84] preinstalling python3-setuptools_scm...
[  120s] [6/84] preinstalling filesystem...
[  124s] [7/84] preinstalling glibc...
[  127s] [8/84] preinstalling libgcc...
[  128s] [9/84] preinstalling diffutils...
[  129s] [10/84] preinstalling libcap-ng...
[  130s] [11/84] preinstalling libgpg-error...
[  131s] [12/84] preinstalling libpcap...
[  132s] [13/84] preinstalling libsmartcols...
[  132s] [14/84] preinstalling libuuid...
[  133s] [15/84] preinstalling libxcrypt...
[  134s] [16/84] preinstalling lz4...
[  135s] [17/84] preinstalling m4...
[  136s] [18/84] preinstalling ncurses-libs...
[  137s] [19/84] preinstalling nspr...
[  137s] [20/84] preinstalling xz-libs...
[  138s] [21/84] preinstalling zlib...
[  139s] [22/84] preinstalling attr...
[  140s] [23/84] preinstalling libdb...
[  144s] [24/84] preinstalling zstd...
[  145s] [25/84] preinstalling audit-libs...
[  146s] [26/84] preinstalling file...
[  146s] [27/84] preinstalling iptables-libs...
[  147s] [28/84] preinstalling libacl...
[  148s] [29/84] preinstalling libgcrypt...
[  149s] [30/84] preinstalling openssl-libs...
[  150s] [31/84] preinstalling readline...
[  151s] [32/84] preinstalling ncurses...
[  162s] [33/84] preinstalling cmake...
[  172s] [34/84] preinstalling perl-libs...
[  175s] [35/84] preinstalling pcre2...
[  176s] [36/84] preinstalling perl-Exporter...
[  177s] [37/84] preinstalling pcre...
[  178s] [38/84] preinstalling acl...
[  179s] [39/84] preinstalling sqlite...
[  180s] [40/84] preinstalling libselinux...
[  181s] [41/84] preinstalling perl-Carp...
[  182s] [42/84] preinstalling perl-Digest-MD5...
[  183s] [43/84] preinstalling sed...
[  184s] [44/84] preinstalling coreutils...
[  189s] [45/84] preinstalling bash...
[  191s] [46/84] preinstalling openssl...
[  194s] [47/84] preinstalling dnf...
[  196s] [48/84] preinstalling bzip2...
[  197s] [49/84] preinstalling elfutils...
[  198s] [50/84] preinstalling hostname...
[  199s] [51/84] preinstalling libcap...
[  200s] [52/84] preinstalling popt...
[  201s] [53/84] preinstalling grep...
[  202s] [54/84] preinstalling libblkid...
[  203s] [55/84] preinstalling perl-constant...
[  203s] [56/84] preinstalling tar...
[  205s] [57/84] preinstalling info...
[  206s] [58/84] preinstalling libgcrypt-devel...
[  208s] [59/84] preinstalling lua...
[  208s] [60/84] preinstalling nss...
[  210s] [61/84] preinstalling chkconfig...
[  211s] [62/84] preinstalling copy-jdk-configs...
[  211s] [63/84] preinstalling libfdisk...
[  212s] [64/84] preinstalling libmount...
[  213s] [65/84] preinstalling libsemanage...
[  214s] [66/84] preinstalling nss-util...
[  215s] [67/84] preinstalling findutils...
[  216s] [68/84] preinstalling perl-Getopt-Long...
[  217s] [69/84] preinstalling xz...
[  218s] [70/84] preinstalling perl-Data-Dumper...
[  218s] [71/84] preinstalling systemd-libs...
[  220s] [72/84] preinstalling rpm-libs...
[  221s] [73/84] preinstalling dbus-libs...
[  221s] [74/84] preinstalling nss-softokn...
[  223s] [75/84] preinstalling glib2...
[  226s] [76/84] preinstalling systemd...
[  230s] [77/84] preinstalling audit...
[  231s] [78/84] preinstalling rpm...
[  232s] [79/84] preinstalling openEuler-rpm-config...
[  233s] [80/84] preinstalling pam...
[  235s] [81/84] preinstalling util-linux...
[  238s] [82/84] preinstalling device-mapper...
[  239s] [83/84] preinstalling cryptsetup...
[  240s] [84/84] preinstalling lvm2...
[  243s] 
[  245s] initializing rpm db...
[  257s] reordering...cycle: coreutils -> bash
[  257s]   breaking dependency coreutils -> bash
[  257s] cycle: coreutils -> info
[  257s]   breaking dependency coreutils -> info
[  257s] cycle: glibc -> basesystem -> filesystem -> coreutils -> gmp
[  257s]   breaking dependency coreutils -> gmp
[  257s] cycle: glibc -> basesystem -> filesystem -> coreutils
[  257s]   breaking dependency coreutils -> glibc
[  257s] cycle: glibc -> basesystem -> filesystem -> coreutils -> libacl
[  257s]   breaking dependency coreutils -> libacl
[  257s] cycle: glibc -> basesystem -> filesystem -> coreutils -> attr
[  257s]   breaking dependency coreutils -> attr
[  257s] cycle: coreutils -> libcap
[  257s]   breaking dependency coreutils -> libcap
[  257s] cycle: glibc -> basesystem -> filesystem -> coreutils -> openssl-libs
[  257s]   breaking dependency openssl-libs -> glibc
[  257s] cycle: coreutils -> openssl-libs -> ca-certificates
[  257s]   breaking dependency ca-certificates -> coreutils
[  257s] cycle: coreutils -> openssl-libs -> ca-certificates -> bash
[  257s]   breaking dependency ca-certificates -> bash
[  257s] cycle: coreutils -> openssl-libs -> ca-certificates -> grep
[  257s]   breaking dependency grep -> coreutils
[  257s] cycle: coreutils -> openssl-libs -> ca-certificates -> grep -> bash
[  257s]   breaking dependency ca-certificates -> grep
[  257s] cycle: glibc -> basesystem -> filesystem -> coreutils -> openssl-libs -> ca-certificates -> p11-kit
[  257s]   breaking dependency p11-kit -> glibc
[  257s] cycle: glibc -> basesystem -> filesystem -> coreutils -> openssl-libs -> ca-certificates -> p11-kit -> libffi
[  257s]   breaking dependency openssl-libs -> ca-certificates
[  257s] cycle: coreutils -> openssl-libs -> crypto-policies -> bash
[  257s]   breaking dependency crypto-policies -> bash
[  257s] cycle: coreutils -> openssl-libs -> crypto-policies
[  257s]   breaking dependency crypto-policies -> coreutils
[  257s] cycle: coreutils -> openssl-libs -> crypto-policies -> grep -> bash
[  257s]   breaking dependency bash -> coreutils
[  257s] cycle: filesystem -> coreutils -> openssl-libs -> crypto-policies -> grep -> bash
[  257s]   breaking dependency grep -> bash
[  257s] cycle: glibc -> basesystem -> filesystem -> coreutils -> openssl-libs -> crypto-policies -> grep
[  257s]   breaking dependency glibc -> basesystem
[  257s] cycle: glibc -> glibc-common -> bash -> filesystem -> coreutils -> openssl-libs -> crypto-policies -> grep
[  257s]   breaking dependency glibc-common -> bash
[  257s] cycle: glibc -> glibc-common -> coreutils -> openssl-libs -> crypto-policies -> grep
[  257s]   breaking dependency glibc-common -> coreutils
[  257s] cycle: glibc -> glibc-common
[  257s]   breaking dependency glibc-common -> glibc
[  257s] cycle: glibc -> glibc-common -> libselinux
[  257s]   breaking dependency libselinux -> glibc
[  257s] cycle: glibc -> glibc-common -> libselinux -> pcre2
[  257s]   breaking dependency pcre2 -> glibc
[  257s] cycle: glibc -> glibc-common -> libselinux -> pcre2 -> readline
[  257s]   breaking dependency readline -> glibc
[  257s] cycle: glibc -> glibc-common -> libselinux -> pcre2 -> readline -> ncurses-libs
[  257s]   breaking dependency libselinux -> pcre2
[  257s] cycle: glibc -> glibc-common -> libselinux -> libsepol -> coreutils -> openssl-libs -> crypto-policies -> grep
[  257s]   breaking dependency libsepol -> coreutils
[  257s] cycle: glibc -> glibc-common -> libselinux -> libsepol -> bash -> filesystem -> coreutils -> openssl-libs -> crypto-policies -> grep
[  257s]   breaking dependency filesystem -> coreutils
[  257s] cycle: bash -> filesystem
[  257s]   breaking dependency filesystem -> bash
[  257s] cycle: filesystem -> setup
[  257s]   breaking dependency filesystem -> setup
[  257s] cycle: glibc -> glibc-common -> libselinux -> libsepol -> bash
[  257s]   breaking dependency bash -> glibc
[  257s] cycle: glibc -> glibc-common -> libselinux -> libsepol -> bash -> ncurses-libs
[  257s]   breaking dependency libsepol -> bash
[  257s] cycle: glibc -> glibc-common -> libselinux -> libsepol
[  257s]   breaking dependency glibc -> glibc-common
[  257s] cycle: systemd -> cryptsetup -> device-mapper
[  257s]   breaking dependency systemd -> cryptsetup
[  257s] cycle: perl-libs -> perl-Carp
[  257s]   breaking dependency perl-libs -> perl-Carp
[  257s] cycle: perl-libs -> perl-Exporter
[  257s]   breaking dependency perl-libs -> perl-Exporter
[  257s] cycle: perl-Carp -> perl-Exporter
[  257s]   breaking dependency perl-Exporter -> perl-Carp
[  257s] cycle: perl -> perl-PathTools
[  257s]   breaking dependency perl -> perl-PathTools
[  257s] cycle: perl -> perl-ExtUtils-MakeMaker
[  257s]   breaking dependency perl -> perl-ExtUtils-MakeMaker
[  257s] cycle: perl -> perl-File-Path -> perl-PathTools
[  257s]   breaking dependency perl -> perl-File-Path
[  257s] cycle: perl -> perl-Getopt-Long -> perl-Pod-Usage
[  257s]   breaking dependency perl -> perl-Getopt-Long
[  257s] cycle: perl -> perl-Locale-Maketext
[  257s]   breaking dependency perl -> perl-Locale-Maketext
[  257s] cycle: perl -> perl-Pod-Simple
[  257s]   breaking dependency perl -> perl-Pod-Simple
[  257s] cycle: perl -> perl-Socket
[  257s]   breaking dependency perl -> perl-Socket
[  257s] cycle: perl -> perl-Storable
[  257s]   breaking dependency perl -> perl-Storable
[  257s] cycle: perl -> perl-Text-Tabs+Wrap
[  257s]   breaking dependency perl -> perl-Text-Tabs+Wrap
[  257s] cycle: perl -> perl-Time-Local -> perl-constant
[  257s]   breaking dependency perl -> perl-Time-Local
[  257s] cycle: perl -> perl-constant
[  257s]   breaking dependency perl -> perl-constant
[  257s] cycle: perl -> perl-threads
[  257s]   breaking dependency perl -> perl-threads
[  257s] cycle: perl -> perl-threads-shared
[  257s]   breaking dependency perl -> perl-threads-shared
[  257s] cycle: perl -> perl-Archive-Tar
[  257s]   breaking dependency perl -> perl-Archive-Tar
[  257s] cycle: perl -> perl-B-Debug
[  257s]   breaking dependency perl -> perl-B-Debug
[  257s] cycle: perl -> perl-CPAN-Meta -> perl-CPAN-Meta-Requirements
[  257s]   breaking dependency perl -> perl-CPAN-Meta
[  257s] cycle: perl -> perl-CPAN-Meta-Requirements
[  257s]   breaking dependency perl -> perl-CPAN-Meta-Requirements
[  257s] cycle: perl -> perl-CPAN-Meta-YAML
[  257s]   breaking dependency perl -> perl-CPAN-Meta-YAML
[  257s] cycle: perl -> perl-Compress-Raw-Bzip2
[  257s]   breaking dependency perl -> perl-Compress-Raw-Bzip2
[  257s] cycle: perl -> perl-Compress-Raw-Zlib
[  257s]   breaking dependency perl -> perl-Compress-Raw-Zlib
[  257s] cycle: perl -> perl-Config-Perl-V
[  257s]   breaking dependency perl -> perl-Config-Perl-V
[  257s] cycle: perl -> perl-DB_File
[  257s]   breaking dependency perl -> perl-DB_File
[  257s] cycle: perl -> perl-Data-Dumper
[  257s]   breaking dependency perl -> perl-Data-Dumper
[  257s] cycle: perl -> perl-Devel-PPPort
[  257s]   breaking dependency perl -> perl-Devel-PPPort
[  257s] cycle: perl -> perl-Digest -> perl-MIME-Base64
[  257s]   breaking dependency perl -> perl-Digest
[  257s] cycle: perl -> perl-Digest-MD5 -> perl-Digest -> perl-MIME-Base64
[  257s]   breaking dependency perl -> perl-Digest-MD5
[  257s] cycle: perl -> perl-Digest-SHA
[  257s]   breaking dependency perl -> perl-Digest-SHA
[  257s] cycle: perl -> perl-Encode
[  257s]   breaking dependency perl -> perl-Encode
[  257s] cycle: perl -> perl-Env
[  257s]   breaking dependency perl -> perl-Env
[  257s] cycle: perl -> perl-ExtUtils-Command
[  257s]   breaking dependency perl -> perl-ExtUtils-Command
[  257s] cycle: perl -> perl-ExtUtils-Install
[  257s]   breaking dependency perl -> perl-ExtUtils-Install
[  257s] cycle: perl -> perl-ExtUtils-Manifest
[  257s]   breaking dependency perl -> perl-ExtUtils-Manifest
[  257s] cycle: perl -> perl-ExtUtils-ParseXS
[  257s]   breaking dependency perl -> perl-ExtUtils-ParseXS
[  257s] cycle: perl -> perl-File-Fetch -> perl-PathTools
[  257s]   breaking dependency perl -> perl-File-Fetch
[  257s] cycle: perl -> perl-File-Temp -> perl-PathTools
[  257s]   breaking dependency perl -> perl-File-Temp
[  257s] cycle: perl -> perl-Filter
[  257s]   breaking dependency perl -> perl-Filter
[  257s] cycle: perl -> perl-Filter-Simple -> perl-Filter
[  257s]   breaking dependency perl -> perl-Filter-Simple
[  257s] cycle: perl -> perl-HTTP-Tiny
[  257s]   breaking dependency perl -> perl-HTTP-Tiny
[  257s] cycle: perl -> perl-IO-Compress
[  257s]   breaking dependency perl -> perl-IO-Compress
[  257s] cycle: perl -> perl-IO-Socket-IP
[  257s]   breaking dependency perl -> perl-IO-Socket-IP
[  257s] cycle: perl -> perl-IPC-Cmd -> perl-ExtUtils-MakeMaker
[  257s]   breaking dependency perl -> perl-IPC-Cmd
[  257s] cycle: perl -> perl-IPC-SysV
[  257s]   breaking dependency perl -> perl-IPC-SysV
[  257s] cycle: perl -> perl-JSON-PP
[  257s]   breaking dependency perl -> perl-JSON-PP
[  257s] cycle: perl -> perl-Locale-Codes -> perl-constant
[  257s]   breaking dependency perl -> perl-Locale-Codes
[  257s] cycle: perl -> perl-MIME-Base64
[  257s]   breaking dependency perl -> perl-MIME-Base64
[  257s] cycle: perl -> perl-Math-BigInt
[  257s]   breaking dependency perl -> perl-Math-BigInt
[  257s] cycle: perl -> perl-Math-BigInt-FastCalc -> perl-Math-BigInt
[  257s]   breaking dependency perl -> perl-Math-BigInt-FastCalc
[  257s] cycle: perl -> perl-Math-BigRat -> perl-Math-BigInt
[  257s]   breaking dependency perl -> perl-Math-BigRat
[  257s] cycle: perl -> perl-Module-CoreList
[  257s]   breaking dependency perl -> perl-Module-CoreList
[  257s] cycle: perl -> perl-Module-Load -> perl-PathTools
[  257s]   breaking dependency perl -> perl-Module-Load
[  257s] cycle: perl -> perl-Module-Load-Conditional
[  257s]   breaking dependency perl -> perl-Module-Load-Conditional
[  257s] cycle: perl -> perl-Module-Metadata
[  257s]   breaking dependency perl -> perl-Module-Metadata
[  257s] cycle: perl -> perl-Params-Check
[  257s]   breaking dependency perl -> perl-Params-Check
[  257s] cycle: perl -> perl-PerlIO-via-QuotedPrint -> perl-MIME-Base64
[  257s]   breaking dependency perl -> perl-PerlIO-via-QuotedPrint
[  257s] cycle: perl -> perl-Pod-Checker
[  257s]   breaking dependency perl -> perl-Pod-Checker
[  257s] cycle: perl -> perl-Pod-Escapes
[  257s]   breaking dependency perl -> perl-Pod-Escapes
[  257s] cycle: perl -> perl-Pod-Parser
[  257s]   breaking dependency perl -> perl-Pod-Parser
[  257s] cycle: perl -> perl-Pod-Perldoc
[  257s]   breaking dependency perl -> perl-Pod-Perldoc
[  257s] cycle: perl -> perl-Pod-Usage
[  257s]   breaking dependency perl -> perl-Pod-Usage
[  257s] cycle: perl -> perl-Sys-Syslog
[  257s]   breaking dependency perl -> perl-Sys-Syslog
[  257s] cycle: perl -> perl-Term-Cap
[  257s]   breaking dependency perl -> perl-Term-Cap
[  257s] cycle: perl -> perl-Test-Harness
[  257s]   breaking dependency perl -> perl-Test-Harness
[  257s] cycle: perl -> perl-Test-Simple
[  257s]   breaking dependency perl -> perl-Test-Simple
[  257s] cycle: perl -> perl-Text-Balanced
[  257s]   breaking dependency perl -> perl-Text-Balanced
[  257s] cycle: perl -> perl-Thread-Queue -> perl-threads-shared
[  257s]   breaking dependency perl -> perl-Thread-Queue
[  257s] cycle: perl -> perl-Unicode-Collate -> perl-PathTools
[  257s]   breaking dependency perl -> perl-Unicode-Collate
[  257s] cycle: perl -> perl-autodie
[  257s]   breaking dependency perl -> perl-autodie
[  257s] cycle: perl -> perl-bignum -> perl-Math-BigInt
[  257s]   breaking dependency perl -> perl-bignum
[  257s] cycle: perl -> perl-devel
[  257s]   breaking dependency perl -> perl-devel
[  257s] cycle: perl -> perl-Encode-devel
[  257s]   breaking dependency perl -> perl-Encode-devel
[  257s] cycle: perl -> perl-experimental
[  257s]   breaking dependency perl -> perl-experimental
[  257s] cycle: perl -> perl-libnet -> perl-Digest-MD5 -> perl-Digest -> perl-MIME-Base64
[  257s]   breaking dependency perl -> perl-libnet
[  257s] cycle: perl -> perl-podlators
[  257s]   breaking dependency perl -> perl-podlators
[  257s] cycle: perl -> perl-version
[  257s]   breaking dependency perl -> perl-version
[  257s] cycle: glib2 -> gamin
[  257s]   breaking dependency glib2 -> gamin
[  257s] cycle: systemd -> gnutls -> unbound-libs -> shadow -> pam -> audit
[  257s]   breaking dependency systemd -> gnutls
[  257s] cycle: systemd -> pam -> audit
[  257s]   breaking dependency systemd -> pam
[  257s] cycle: systemd -> shadow -> pam -> audit
[  257s]   breaking dependency systemd -> shadow
[  257s] cycle: pam -> libpwquality
[  257s]   breaking dependency pam -> libpwquality
[  257s] cycle: hunspell-en -> hunspell
[  257s]   breaking dependency hunspell -> hunspell-en
[  257s] cycle: perl-Getopt-Long -> perl-Pod-Usage
[  257s]   breaking dependency perl-Pod-Usage -> perl-Getopt-Long
[  257s] cycle: perl-Getopt-Long -> perl-Pod-Usage -> perl-podlators -> perl-Encode
[  257s]   breaking dependency perl-podlators -> perl-Encode
[  257s] cycle: perl-Getopt-Long -> perl-Pod-Usage -> perl-podlators
[  257s]   breaking dependency perl-podlators -> perl-Getopt-Long
[  257s] cycle: perl-Getopt-Long -> perl-Pod-Usage -> perl-podlators -> perl-Pod-Simple -> perl-Encode
[  257s]   breaking dependency perl-Encode -> perl-Getopt-Long
[  257s] cycle: perl-Getopt-Long -> perl-Pod-Usage -> perl-podlators -> perl-Pod-Simple
[  257s]   breaking dependency perl-podlators -> perl-Pod-Simple
[  257s] cycle: perl-Pod-Usage -> perl-podlators
[  257s]   breaking dependency perl-podlators -> perl-Pod-Usage
[  257s] cycle: groff -> perl-Getopt-Long -> perl-Pod-Usage -> perl-Pod-Perldoc
[  257s]   breaking dependency groff -> perl-Getopt-Long
[  257s] cycle: libglvnd-egl -> mesa-libEGL
[  257s]   breaking dependency mesa-libEGL -> libglvnd-egl
[  257s] cycle: libxcrypt-devel -> glibc-devel
[  257s]   breaking dependency glibc-devel -> libxcrypt-devel
[  257s] cycle: cmake-data -> cmake
[  257s]   breaking dependency cmake -> cmake-data
[  257s] cycle: nss-util -> nss
[  257s]   breaking dependency nss -> nss-util
[  257s] cycle: nss-softokn -> nss-util -> nss
[  257s]   breaking dependency nss -> nss-softokn
[  257s] cycle: libglvnd-glx -> mesa-libGL
[  257s]   breaking dependency mesa-libGL -> libglvnd-glx
[  257s] cycle: perl-Getopt-Long -> perl-Pod-Usage -> perl-Pod-Perldoc -> perl-Pod-Simple
[  257s]   breaking dependency perl-Pod-Perldoc -> perl-Pod-Simple
[  257s] cycle: openssh -> openssh-server
[  257s]   breaking dependency openssh-server -> openssh
[  257s] cycle: git -> perl-Git
[  257s]   breaking dependency git -> perl-Git
[  257s] cycle: perl-ExtUtils-Install -> perl-ExtUtils-MakeMaker
[  257s]   breaking dependency perl-ExtUtils-MakeMaker -> perl-ExtUtils-Install
[  258s] done
[  258s] querying package ids...
[  292s] [1/483] installing cmake-filesystem-3.22.0-1.oe1
[  296s] [2/483] installing fonts-filesystem-2.0.2-2.oe1
[  297s] [3/483] installing fuse-common-3.9.2-5.oe1
[  299s] [4/483] installing kernel-headers-5.10-3.oe1
[  306s] [5/483] installing libreport-filesystem-2.13.1-5.oe1
[  309s] [6/483] installing ncurses-base-6.1-14.oe1
[  312s] [7/483] installing openEuler-gpg-keys-1.0-2.5.oe1
[  314s] [8/483] installing python-setuptools-59.4.0-3.oe1
[  315s] [9/483] installing qt5-srpm-macros-5.15.2-1.oe1
[  317s] [10/483] installing tzdata-2021a-2.oe1
[  334s] [11/483] installing xkeyboard-config-2.30-1.oe1
[  348s] [12/483] installing dejavu-fonts-2.35-8.oe1
[  360s] [13/483] installing dnf-data-4.10.0-1.oe1
[  365s] [14/483] installing openEuler-repos-1.0-2.5.oe1
[  368s] [15/483] installing openEuler-release-20.03LTS-40.oe1
[  370s] [16/483] installing filesystem-3.9-3.oe1
[  382s] warning: group mail does not exist - using root
[  382s] [17/483] installing emacs-filesystem-1:27.1-5.oe1
[  383s] [18/483] installing libgcc-10.3.1-20220105.6.oe1
[  385s] [19/483] installing vim-filesystem-2:8.2-4.oe1
[  387s] [20/483] installing setup-2.13.3-4.oe1
[  390s] [21/483] installing glibc-2.34-64.oe1
[  398s] [22/483] installing brotli-1.0.9-2.oe1
[  400s] [23/483] installing cdparanoia-libs-10.2-31.oe1
[  401s] [24/483] installing chrpath-0.16-12.oe1
[  402s] [25/483] installing cpio-2.13-4.oe1
[  406s] [26/483] installing diffutils-3.7-4.oe1
[  410s] [27/483] installing expat-2.2.10-1.oe1
[  413s] [28/483] installing fribidi-1.0.10-1.oe1
[  416s] [29/483] installing giflib-5.2.1-2.oe1
[  419s] [30/483] installing gpm-libs-1.20.7-21.oe1
[  422s] [31/483] installing hyphen-2.8.8-14.oe1
[  424s] [32/483] installing jansson-2.11-4.oe1
[  428s] [33/483] installing jbigkit-libs-2.1-17.oe1
[  429s] [34/483] installing json-c-0.15-1.oe1
[  431s] [35/483] installing keyutils-libs-1.6.3-3.oe1
[  432s] [36/483] installing lcms2-2.11-2.oe1
[  434s] [37/483] installing libICE-1.0.10-2.oe1
[  436s] [38/483] installing libXau-1.0.9-2.oe1
[  438s] [39/483] installing libaio-0.3.112-1.oe1
[  439s] [40/483] installing libargon2-20190702-1.oe1
[  441s] [41/483] installing libatomic-10.3.1-20220105.6.oe1
[  442s] [42/483] installing libcap-ng-0.7.11-1.oe1
[  445s] [43/483] installing libdatrie-0.2.12-1.oe1
[  446s] [44/483] installing libdrm-2.4.109-3.oe1
[  448s] [45/483] installing libepoxy-1.5.3-2
[  450s] [46/483] installing libev-4.24-11.oe1
[  453s] [47/483] installing libffi-3.3-31.oe1
[  455s] [48/483] installing libglvnd-1:1.3.4-2.oe1
[  458s] [49/483] installing libgomp-10.3.1-20220105.6.oe1
[  459s] [50/483] installing libgpg-error-1.41-1.oe1
[  462s] [51/483] installing libjpeg-turbo-2.0.6-1.oe1
[  464s] [52/483] installing libnghttp2-1.42.0-1.oe1
[  465s] [53/483] installing libogg-2:1.3.3-3.oe1
[  467s] [54/483] installing libpcap-14:1.9.1-7.oe1
[  468s] [55/483] installing libpipeline-1.5.3-1.oe1
[  469s] [56/483] installing libsigsegv-2.11-10.oe1
[  471s] [57/483] installing libsmartcols-2.36.1-3.oe1
[  472s] [58/483] installing libtasn1-4.16.0-2.oe1
[  474s] [59/483] installing libtool-ltdl-2.4.6-34.oe1
[  476s] [60/483] installing libunistring-0.9.10-8.oe1
[  478s] [61/483] installing libuuid-2.36.1-3.oe1
[  479s] [62/483] installing libuv-1:1.40.0-1.oe1
[  481s] [63/483] installing libvisual-1:0.4.0-27.oe1
[  483s] [64/483] installing libwebp-1.1.0-3.oe1
[  488s] [65/483] installing libxcrypt-4.4.8-4.oe1
[  490s] [66/483] installing libxshmfence-1.3-6.oe1
[  491s] [67/483] installing libyaml-0.2.5-1.oe1
[  493s] [68/483] installing lz4-1.9.3-1.oe1
[  495s] [69/483] installing m4-1.4.18-14.oe1
[  496s] [70/483] installing nspr-4.32.0-1.oe1
[  498s] [71/483] installing openjpeg2-2.3.1-6.oe1
[  500s] [72/483] installing opus-1.3.1-1.oe1
[  501s] [73/483] installing pixman-0.38.0-1.oe1
[  504s] [74/483] installing pkgconf-1.7.3-1.oe1
[  506s] [75/483] installing rhash-1.3.5-5.oe1
[  509s] [76/483] installing which-2.21-14.oe1
[  510s] [77/483] installing xz-libs-5.2.5-1.oe1
[  512s] [78/483] installing zlib-1.2.11-18.oe1
[  514s] [79/483] installing attr-2.4.48-12.oe1
[  516s] [80/483] installing basesystem-12-2.oe1
[  518s] [81/483] installing libstdc++-10.3.1-20220105.6.oe1
[  520s] [82/483] installing ncurses-libs-6.1-14.oe1
[  522s] [83/483] installing libsepol-3.1-4.oe1
[  524s] [84/483] installing libstdc++-devel-10.3.1-20220105.6.oe1
[  544s] [85/483] installing audit-libs-1:3.0-2.oe1
[  545s] [86/483] installing elfutils-libelf-0.185-3.oe1
[  548s] [87/483] installing file-libs-5.39-6.oe1
[  550s] [88/483] installing gmp-1:6.2.1-3.oe1
[  555s] [89/483] installing iptables-libs-1.8.1-4.oe1
[  556s] [90/483] installing less-563-2.oe1
[  558s] [91/483] installing libacl-2.2.53-7.oe1
[  559s] [92/483] installing libassuan-2.5.4-1.oe1
[  561s] [93/483] installing libedit-3.1-27.oe1
[  563s] [94/483] installing libffi-devel-3.3-31.oe1
[  564s] [95/483] installing libgcrypt-1.8.7-1.oe1
[  567s] [96/483] installing libpng-2:1.6.37-1.oe1
[  569s] [97/483] installing libsepol-devel-3.1-4.oe1
[  574s] [98/483] installing libthai-0.1.28-4.oe1
[  576s] [99/483] installing libtheora-1:1.1.1-24.oe1
[  578s] [100/483] installing libvorbis-1:1.3.6-5.oe1
[  579s] [101/483] installing libxcb-1.14-1.oe1
[  581s] [102/483] installing readline-8.0-2.oe1
[  583s] [103/483] installing wayland-1.18.0-1.oe1
[  585s] [104/483] installing zlib-devel-1.2.11-18.oe1
[  587s] [105/483] installing fuse-2.9.9-6.oe1
[  589s] [106/483] installing gc-8.0.4-2.oe1
[  590s] [107/483] installing libSM-1.2.3-2.oe1
[  591s] [108/483] installing libdb-5.3.28-35.oe1
[  597s] [109/483] installing libicu-62.1-5.oe1
[  608s] [110/483] installing libselinux-3.1-3.oe1
[  611s] [111/483] installing libxml2-2.9.12-5.oe1
[  614s] [112/483] installing bash-5.1-1.oe1
[  618s] [113/483] installing perl-libs-4:5.28.0-435.oe1
[  625s] [114/483] installing woff2-1.0.2-6.oe1
[  627s] [115/483] installing zstd-1.4.8-2.oe1
[  635s] [116/483] installing hunspell-1.7.0-9.oe1
[  638s] [117/483] installing mozjs52-52.9.0-1.0.riscv64
[  648s] [118/483] installing ncurses-6.1-14.oe1
[  663s] [119/483] installing ninja-build-1.8.2-9.oe1
[  664s] [120/483] installing thin-provisioning-tools-0.8.5-1.oe1
[  666s] [121/483] installing libtiff-4.2.0-1.oe1
[  668s] [122/483] installing hunspell-en-2020.12.07-1.oe1
[  670s] [123/483] installing perl-parent-1:0.237-4.oe1
[  671s] [124/483] installing perl-perlfaq-5.20180915-5.oe1
[  674s] [125/483] installing libX11-1.6.9-2.oe1
[  679s] [126/483] installing mesa-libglapi-21.3.1-1.oe1
[  682s] [127/483] installing mpfr-4.1.0-1.oe1
[  685s] [128/483] installing nettle-3.6-6.oe1
[  688s] [129/483] installing pcre2-10.36-1.oe1
[  691s] [130/483] installing perl-Exporter-5.74-1.oe1
[  692s] [131/483] installing file-5.39-6.oe1
[  695s] [132/483] installing gdbm-1:1.18.1-1.oe1
[  699s] [133/483] installing libxkbcommon-1.0.3-1.oe1
[  701s] [134/483] installing patch-2.7.6-12.oe1
[  703s] [135/483] installing qrencode-4.1.1-1
[  707s] [136/483] installing sed-4.8-2.oe1
[  710s] [137/483] installing acl-2.2.53-7.oe1
[  713s] [138/483] installing libcomps-0.1.15-1.oe1
[  715s] [139/483] installing pcre-8.44-1.oe1
[  717s] [140/483] installing glibc-common-2.34-64.oe1
[  729s] [141/483] installing mesa-libgbm-21.3.1-1.oe1
[  733s] [142/483] installing crontabs-1.11-21.oe1
[  736s] [143/483] installing libXcomposite-0.4.5-1.oe1
[  741s] [144/483] installing libXext-1.3.4-2.oe1
[  744s] [145/483] installing libXfixes-5.0.3-11.oe1
[  747s] [146/483] installing libXpm-3.5.12-11.oe1
[  750s] [147/483] installing libXrender-0.9.10-10.oe1
[  752s] [148/483] installing perl-Carp-1.50-418.oe1
[  753s] [149/483] installing perl-Perl-OSType-1.010-421.oe1
[  755s] [150/483] installing perl-Term-ANSIColor-4.06-511.oe1
[  759s] [151/483] installing libmpc-1.2.0-2.oe1
[  764s] [152/483] installing grep-3.6-1.oe1
[  767s] [153/483] installing libXt-1.2.0-0.oe1
[  772s] [154/483] installing libwpe-1.6.0-1.oe1
[  774s] [155/483] installing gawk-5.0.1-2.oe1
[  778s] [156/483] installing mesa-libEGL-21.3.1-1.oe1
[  780s] [157/483] installing libXdamage-1.1.5-1.oe1
[  783s] [158/483] installing libXi-1.7.10-1.oe1
[  788s] [159/483] installing libXinerama-1.1.4-5.oe1
[  791s] [160/483] installing libXv-1.0.11-11.oe1
[  794s] [161/483] installing libXxf86vm-1.1.4-13.oe1
[  797s] [162/483] installing libglvnd-egl-1:1.3.4-2.oe1
[  799s] [163/483] installing libglvnd-gles-1:1.3.4-2.oe1
[  804s] [164/483] installing perl-Text-ParseWords-3.30-419.oe1
[  805s] [165/483] installing crypto-policies-20180925-3.git71ca85f.oe1
[  813s] [166/483] installing libXcursor-1.2.0-1.oe1
[  815s] [167/483] installing libXmu-1.1.3-1.oe1
[  822s] [168/483] installing libXrandr-1.5.2-1.oe1
[  826s] [169/483] installing cpp-10.3.1-20220105.6.oe1
[  841s] [170/483] installing libXtst-1.2.3-10.oe1
[  847s] [171/483] installing openssl-libs-1:1.1.1f-2.oe1
[  856s] [172/483] installing libXaw-1.0.13-13.oe1
[  865s] [173/483] installing mesa-libGL-21.3.1-1.oe1
[  868s] [174/483] installing ima-evm-utils-libs-1.2.1-8.oe1
[  873s] [175/483] installing libevent-2.1.12-4
[  876s] [176/483] installing kmod-libs-27-4.oe1
[  879s] [177/483] installing kmod-27-4.oe1
[  888s] [178/483] installing libglvnd-glx-1:1.3.4-2.oe1
[  892s] [179/483] installing nodejs-libs-1:16.10.0-1.oe1
[  946s] [180/483] installing coreutils-8.31-4.oe1
[  958s] [181/483] installing adwaita-icon-theme-3.38.0-1.oe1
[ 1016s] [182/483] installing alsa-lib-1.2.4-1.oe1
[ 1022s] [183/483] installing elfutils-default-yama-scope-0.185-3.oe1
[ 1024s] /usr/lib/systemd/systemd-sysctl: error while loading shared libraries: libseccomp.so.2: cannot open shared object file: No such file or directory
[ 1024s] [184/483] installing hicolor-icon-theme-0.17-4.oe1
[ 1028s] [185/483] installing publicsuffix-list-20200718-1.oe1
[ 1030s] [186/483] installing uname-build-checks-1.0-0.4.oe1
[ 1033s] [187/483] installing bzip2-1.0.8-3.oe1
[ 1035s] [188/483] installing gzip-1.10-1.oe1
[ 1037s] [189/483] installing hostname-3.21-2.oe1
[ 1041s] [190/483] installing libcap-2.32-2.oe1
[ 1044s] [191/483] installing liblockfile-1.14-3.oe1
[ 1049s] [192/483] installing libseccomp-2.4.3-2.oe1
[ 1052s] [193/483] installing npth-1.5-7.oe1
[ 1054s] [194/483] installing orc-0.4.32-1.oe1
[ 1059s] [195/483] installing popt-1.18-1.oe1
[ 1062s] [196/483] installing sgml-common-0.6.3-51.oe1
[ 1067s] [197/483] installing fipscheck-1.5.0-7.oe1
[ 1072s] [198/483] installing libblkid-2.36.1-3.oe1
[ 1078s] [199/483] installing libidn2-2.3.0-1.oe1
[ 1082s] [200/483] installing libksba-1.3.5-12.oe1
[ 1086s] [201/483] installing pcre-devel-8.44-1.oe1
[ 1092s] [202/483] installing pcre2-devel-10.36-1.oe1
[ 1098s] [203/483] installing tar-2:1.32-3.oe1
[ 1104s] [204/483] installing tcl-1:8.6.10-3.oe1
[ 1111s] [205/483] installing graphite2-1.3.13-2.oe1
[ 1116s] [206/483] installing info-6.7-2.oe1
[ 1119s] [207/483] installing jsoncpp-1.9.4-1.oe1
[ 1122s] [208/483] installing libgpg-error-devel-1.41-1.oe1
[ 1126s] [209/483] installing libmodman-2.0.1-19.oe1
[ 1132s] [210/483] installing lua-5.3.5-6.oe1
[ 1134s] [211/483] installing slang-2.3.2-8.oe1
[ 1142s] [212/483] installing xz-5.2.5-1.oe1
[ 1145s] [213/483] installing libxslt-1.1.32-7.oe1
[ 1151s] [214/483] installing perl-Scalar-List-Utils-3:1.52-2.oe1
[ 1154s] [215/483] installing perl-Time-HiRes-1.9760-2.oe1
[ 1161s] [216/483] installing perl-Unicode-Normalize-1.26-419.oe1
[ 1164s] [217/483] installing systemd-libs-243-22.oe1
[ 1169s] [218/483] installing guile-5:2.0.14-15.oe1
[ 1185s] [219/483] installing iso-codes-4.5.0-1.oe1
[ 1205s] [220/483] installing dbus-libs-1:1.12.20-3.oe1
[ 1209s] [221/483] installing libusbx-1.0.23-3.oe1
[ 1213s] [222/483] installing zip-3.0-29.oe1
[ 1215s] [223/483] installing bubblewrap-0.4.1-1.oe1
[ 1218s] [224/483] installing libfdisk-2.36.1-3.oe1
[ 1221s] [225/483] installing newt-0.52.21-4.oe1
[ 1227s] [226/483] installing p11-kit-0.23.22-1.oe1
[ 1233s] [227/483] installing procps-ng-3.3.16-15.oe1
[ 1237s] [228/483] installing elfutils-libs-0.185-3.oe1
[ 1240s] [229/483] installing libmount-2.36.1-3.oe1
[ 1243s] [230/483] installing libselinux-devel-3.1-3.oe1
[ 1247s] [231/483] installing lua-posix-33.3.1-12.oe1
[ 1250s] [232/483] installing unzip-6.0-47.oe1
[ 1253s] [233/483] installing cracklib-2.9.7-6.oe1
[ 1263s] [234/483] installing docbook-dtds-1.0-78.oe1
[ 1293s] [235/483] installing e2fsprogs-1.45.6-3.oe1
[ 1299s] [236/483] installing findutils-2:4.7.0-7.oe1
[ 1303s] [237/483] installing libsemanage-3.1-4.oe1
[ 1307s] [238/483] installing make-1:4.2.1-15.oe1
[ 1311s] [239/483] installing sqlite-3.24.0-9.oe1
[ 1317s] [240/483] installing logrotate-3.15.1-2.oe1
[ 1320s] [241/483] installing opensp-1.5.2-31.oe1
[ 1326s] [242/483] installing freetype-2.10.2-3.oe1
[ 1335s] [243/483] installing glibc-devel-2.34-64.oe1
[ 1350s] [244/483] installing libgcrypt-devel-1.8.7-1.oe1
[ 1352s] [245/483] installing gnupg2-2.2.27-2.oe1
[ 1359s] [246/483] installing libarchive-3.5.1-1.oe1
[ 1362s] [247/483] installing dbus-tools-1:1.12.20-3.oe1
[ 1363s] [248/483] installing avahi-libs-0.8-6.oe1
[ 1370s] [249/483] installing libxcrypt-devel-4.4.8-4.oe1
[ 1372s] [250/483] installing copy-jdk-configs-4.0-1.oe1
[ 1374s] [251/483] installing gpgme-1.15.1-1.oe1
[ 1379s] [252/483] installing obs-env-1.0-5.oe1
[ 1389s] [253/483] installing chkconfig-1.14-2.oe1
[ 1392s] [254/483] installing dbus-devel-1:1.12.20-3.oe1
[ 1394s] [255/483] installing docbook-style-xsl-1.79.2-9.oe1
[ 1414s] [256/483] installing elfutils-0.185-3.oe1
[ 1420s] [257/483] installing openjade-1.3.2-60.oe1
[ 1428s] [258/483] installing fontconfig-2.13.92-1.oe1
[ 1436s] [259/483] installing glib2-2.66.8-1.oe1
[ 1444s] [260/483] installing rpm-libs-4.15.1-25.oe1
[ 1447s] [261/483] installing gsettings-desktop-schemas-3.38.0-1.oe1
[ 1451s] [262/483] installing ModemManager-glib-1.8.0-7.oe1
[ 1454s] [263/483] installing atk-2.36.0-1.oe1
[ 1457s] [264/483] installing json-glib-1.6.2-1.oe1
[ 1461s] [265/483] installing avahi-glib-0.8-6.oe1
[ 1464s] [266/483] installing desktop-file-utils-0.26-2.oe1
[ 1469s] [267/483] installing libcroco-0.6.12-13.oe1
[ 1472s] [268/483] installing libgusb-0.3.0-5.oe1
[ 1474s] [269/483] installing gamin-0.1.10-38.oe1
[ 1479s] [270/483] installing gstreamer1-1.16.2-3.oe1
[ 1485s] [271/483] installing libsecret-0.18.6-5.oe1
[ 1488s] [272/483] installing libverto-0.3.1-2.oe1
[ 1491s] [273/483] installing polkit-libs-0.116-4.oe1
[ 1493s] [274/483] installing enchant2-2.2.15-2.oe1
[ 1497s] [275/483] installing gobject-introspection-1.66.1-1.oe1
[ 1500s] [276/483] installing libXft-2.3.3-1.oe1
[ 1503s] [277/483] installing libmodulemd-2.13.0-1.oe1
[ 1506s] [278/483] installing shared-mime-info-1.10-4.oe1
[ 1532s] [279/483] installing binutils-2.37-6.oe1
[ 1543s] [280/483] installing harfbuzz-2.7.4-1.oe1
[ 1546s] [281/483] installing p11-kit-trust-0.23.22-1.oe1
[ 1549s] [282/483] installing webkit2gtk3-jsc-2.32.1-2.oe1
[ 1556s] [283/483] installing babeltrace-1.5.8-1.oe1
[ 1559s] [284/483] installing emacs-common-1:27.1-5.oe1
[ 1642s] [285/483] installing wpebackend-fdo-1.6.1-1.oe1
[ 1645s] [286/483] installing cairo-1.16.0-6.fc32
[ 1648s] [287/483] installing colord-libs-1.4.3-6.oe1
[ 1650s] [288/483] installing ca-certificates-2020.2.46-2.oe1
[ 1661s] [289/483] installing gdk-pixbuf2-2.42.6-1.oe1
[ 1666s] [290/483] installing gettext-0.20.1-2.oe1
[ 1672s] [291/483] installing krb5-libs-1.18.2-3.oe1
[ 1676s] [292/483] installing pango-1.47.0-1.oe1
[ 1679s] [293/483] installing cairo-gobject-1.16.0-6.fc32
[ 1682s] [294/483] installing gcc-10.3.1-20220105.6.oe1
[ 1708s] [295/483] installing python-pip-wheel-19.2.3-2.fc32
[ 1710s] [296/483] installing libnotify-0.7.9-1.oe1
[ 1714s] [297/483] installing libtirpc-1.3.1-1.oe1
[ 1716s] [298/483] installing gdk-pixbuf2-modules-2.42.6-1.oe1
[ 1720s] [299/483] installing cyrus-sasl-lib-2.1.27-10.oe1
[ 1723s] [300/483] installing libssh-0.9.5-1.oe1
[ 1726s] [301/483] installing gcc-c++-10.3.1-20220105.6.oe1
[ 1746s] [302/483] installing elinks-0.12-1.oe1
[ 1751s] [303/483] installing librsvg2-2.50.5-1.oe1
[ 1759s] [304/483] installing gstreamer1-plugins-base-1.16.2-2.oe1
[ 1766s] [305/483] installing openldap-2.4.46-15.oe1
[ 1769s] [306/483] installing libnsl2-1.3.0-2.oe1
[ 1774s] [307/483] installing python3-3.8.5-13.oe1
[ 1811s] [308/483] installing python3-parameterized-0.6.1-9.fc32
[ 1813s] [309/483] installing python3-pyparsing-2.4.5-1.fc32
[ 1816s] [310/483] installing python3-setuptools-59.4.0-3.oe1
[ 1824s] [311/483] installing python3-setuptools_scm-3.3.3-6.fc32
[ 1827s] [312/483] installing python3-six-1.15.0-3.oe1
[ 1830s] [313/483] installing python3-markupsafe-1.1.1-4.fc32
[ 1833s] [314/483] installing python3-gpgme-1.15.1-1.oe1
[ 1837s] [315/483] installing python3-lxml-4.4.1-3.fc32
[ 1841s] [316/483] installing python3-libcomps-0.1.15-1.oe1
[ 1843s] [317/483] installing libpsl-0.21.1-1.oe1
[ 1846s] [318/483] installing gdb-headless-9.2-5.oe1
[ 1854s] [319/483] installing python3-anytree-2.7.2-2.fc32
[ 1858s] [320/483] installing python3-pygments-2.4.2-6.fc32
[ 1869s] [321/483] installing systemtap-sdt-devel-4.1-3.oe1
[ 1871s] [322/483] installing gdb-9.2-5.oe1
[ 1874s] [323/483] installing meson-0.59.4-1.oe1
[ 1884s] [324/483] installing python3-mako-1.1.0-4.fc32
[ 1887s] [325/483] installing python3-pip-19.2.3-2.fc32
[ 1899s] [326/483] installing libcurl-7.79.1-1.oe1
[ 1901s] [327/483] installing curl-7.79.1-1.oe1
[ 1903s] [328/483] installing librepo-1.14.2-2.oe1
[ 1906s] [329/483] installing rpm-4.15.1-25.oe1
[ 1912s] [330/483] installing efi-srpm-macros-4-3.oe1
[ 1914s] [331/483] installing cmake-rpm-macros-3.22.0-1.oe1
[ 1916s] [332/483] installing libsolv-0.7.20-1.oe1
[ 1919s] [333/483] installing python3-rpm-4.15.1-25.oe1
[ 1921s] [334/483] installing openEuler-rpm-config-30-22.oe1
[ 1923s] [335/483] installing cmake-3.22.0-1.oe1
[ 1939s] [336/483] installing libdnf-0.65.0-2.oe1
[ 1943s] [337/483] installing cmake-data-3.22.0-1.oe1
[ 1964s] [338/483] installing python3-libdnf-0.65.0-2.oe1
[ 1969s] [339/483] installing perl-4:5.28.0-435.oe1
[ 1979s] [340/483] installing perl-B-Debug-1.26-4.oe1
[ 1981s] [341/483] installing perl-Env-1.04-397.oe1
[ 1983s] [342/483] installing perl-Devel-PPPort-3.42-4.oe1
[ 1985s] [343/483] installing perl-Pod-Escapes-1:1.07-419.oe1
[ 1986s] [344/483] installing perl-Text-Tabs+Wrap-2013.0523-419.oe1
[ 1987s] [345/483] installing perl-Algorithm-Diff-1.1903-14.oe1
[ 1989s] [346/483] installing perl-Params-Check-1:0.38-418.oe1
[ 1992s] [347/483] installing perl-Term-Cap-1.17-510.oe1
[ 1995s] [348/483] installing perl-TermReadKey-2.38-2.oe1
[ 1997s] [349/483] installing perl-Text-Balanced-2.03-420.oe1
[ 1999s] [350/483] installing perl-threads-1:2.22-419.oe1
[ 2001s] [351/483] installing openssl-1:1.1.1f-2.oe1
[ 2004s] [352/483] installing perl-Config-Perl-V-0.30-5.oe1
[ 2006s] [353/483] installing perl-Error-1:0.17029-1.oe1
[ 2009s] [354/483] installing perl-Filter-2:1.59-2.oe1
[ 2012s] [355/483] installing perl-IPC-SysV-2.07-5.oe1
[ 2014s] [356/483] installing perl-Locale-Maketext-1:1.28-1.oe1
[ 2016s] [357/483] installing perl-SGMLSpm-1.03ii-45.oe1
[ 2018s] [358/483] installing perl-constant-1.33-421.oe1
[ 2021s] [359/483] installing docbook-style-dsssl-1.79-27.oe1
[ 2032s] [360/483] installing perl-MIME-Base64-3.15-418.oe1
[ 2034s] [361/483] installing perl-CPAN-Meta-YAML-0.018-420.oe1
[ 2036s] [362/483] installing perl-Socket-4:2.029-2.oe1
[ 2039s] [363/483] installing perl-Storable-1:3.15-2.oe1
[ 2041s] [364/483] installing python3-hawkey-0.65.0-2.oe1
[ 2043s] [365/483] installing perl-PerlIO-via-QuotedPrint-0.08-397.oe1
[ 2046s] [366/483] installing perl-Digest-1.17-419.oe1
[ 2047s] [367/483] installing perl-Filter-Simple-1:0.94-1.oe1
[ 2049s] [368/483] installing perl-IO-Socket-IP-0.39-420.oe1
[ 2050s] [369/483] installing perl-Text-Diff-1.45-7.oe1
[ 2052s] [370/483] installing perl-Time-Local-2:1.280-6.oe1
[ 2054s] [371/483] installing perl-version-8:0.99.24-3.oe1
[ 2056s] [372/483] installing perl-IPC-System-Simple-1.25-19.oe1
[ 2058s] [373/483] installing perl-threads-shared-1.59-2.oe1
[ 2059s] [374/483] installing perl-Compress-Raw-Bzip2-2.100-1.oe1
[ 2062s] [375/483] installing perl-Compress-Raw-Zlib-1:2.100-1.oe1
[ 2064s] [376/483] installing perl-Locale-Codes-3.58-2.oe1
[ 2067s] [377/483] installing perl-Math-BigInt-1:1.9998.13-5.oe1
[ 2071s] [378/483] installing perl-PathTools-3.75-4.oe1
[ 2073s] [379/483] installing python3-dnf-4.10.0-1.oe1
[ 2077s] [380/483] installing perl-Data-Dumper-2.172-3.oe1
[ 2080s] [381/483] installing perl-Sys-Syslog-0.35-420.oe1
[ 2082s] [382/483] installing perl-Encode-4:2.98-9.oe1
[ 2088s] [383/483] installing autogen-5.18.16-1.oe1
[ 2093s] [384/483] installing nodejs-1:16.10.0-1.oe1
[ 2098s] [385/483] installing systemd-243-22.oe1
[ 2122s] /var/tmp/rpm-tmp.deZE8f: line 8: groupadd: command not found
[ 2122s] /var/tmp/rpm-tmp.deZE8f: line 10: groupadd: command not found
[ 2122s] /var/tmp/rpm-tmp.deZE8f: line 13: groupadd: command not found
[ 2122s] /var/tmp/rpm-tmp.deZE8f: line 16: groupadd: command not found
[ 2122s] [386/483] installing dbus-common-1:1.12.20-3.oe1
[ 2124s] [387/483] installing nodejs-source-map-0.5.6-1.oe1
[ 2126s] [388/483] installing perl-Module-Load-1:0.32-418.oe1
[ 2128s] [389/483] installing systemd-devel-243-22.oe1
[ 2132s] [390/483] installing nodejs-packaging-20-1.oe1
[ 2134s] [391/483] installing dnf-4.10.0-1.oe1
[ 2139s] Failed to preset unit, unit dnf-automatic.timer does not exist.
[ 2139s] Failed to preset unit, unit dnf-automatic-notifyonly.timer does not exist.
[ 2139s] Failed to preset unit, unit dnf-automatic-download.timer does not exist.
[ 2139s] Failed to preset unit, unit dnf-automatic-install.timer does not exist.
[ 2139s] [392/483] installing perl-File-Which-1.23-1.oe1
[ 2141s] [393/483] installing perl-Thread-Queue-3.13-3.oe1
[ 2143s] [394/483] installing perl-experimental-0.020-2.oe1
[ 2146s] [395/483] installing perl-Digest-MD5-2.55-419.oe1
[ 2150s] [396/483] installing perl-File-Path-2.16-4.oe1
[ 2151s] [397/483] installing perl-Math-BigInt-FastCalc-0.500.700-4.oe1
[ 2154s] [398/483] installing perl-Module-Metadata-1.000036-3.oe1
[ 2156s] [399/483] installing perl-CPAN-Meta-Requirements-2.140-419.oe1
[ 2159s] [400/483] installing perl-Encode-devel-4:2.98-9.oe1
[ 2162s] [401/483] installing perl-HTTP-Tiny-0.076-3.oe1
[ 2164s] [402/483] installing perl-Math-BigRat-0.2614-2.oe1
[ 2165s] [403/483] installing audit-1:3.0-2.oe1
[ 2170s] [404/483] installing perl-DB_File-1.842-2.oe1
[ 2173s] [405/483] installing perl-autodie-2.29-398.oe1
[ 2174s] [406/483] installing perl-Unicode-Collate-1.25-4.oe1
[ 2179s] [407/483] installing perl-IO-Compress-2.081-6.oe1
[ 2180s] [408/483] installing perl-podlators-1:4.14-1.oe1
[ 2182s] [409/483] installing perl-ExtUtils-Command-1:7.60-1.oe1
[ 2184s] [410/483] installing perl-ExtUtils-Manifest-1:1.71-4.oe1
[ 2186s] [411/483] installing perl-bignum-0.50-4.oe1
[ 2189s] [412/483] installing perl-File-Temp-1:0.230.800-4.oe1
[ 2193s] [413/483] installing perl-libnet-3.11-420.oe1
[ 2195s] [414/483] installing pam-1.5.1-1.oe1
[ 2203s] [415/483] installing libpwquality-1.4.4-1.oe1
[ 2206s] [416/483] installing perl-File-HomeDir-1.004-4.oe1
[ 2208s] [417/483] installing shadow-2:4.8.1-5.oe1
[ 2211s] [418/483] installing perl-Test-Simple-2:1.302175-2.oe1
[ 2213s] [419/483] installing libutempter-1.1.6-16.oe1
[ 2217s] [420/483] installing unbound-libs-1.10.1-4.oe1
[ 2224s] [421/483] installing dbus-daemon-1:1.12.20-3.oe1
[ 2230s] [422/483] installing openssh-server-8.2p1-10.oe1
[ 2234s] Created symlink /etc/systemd/system/multi-user.target.wants/sshd.service -> /usr/lib/systemd/system/sshd.service.
[ 2234s] [423/483] installing groff-1.22.4-4.oe1
[ 2244s] [424/483] installing dbus-1:1.12.20-3.oe1
[ 2246s] [425/483] installing man-db-2.9.3-2.oe1
[ 2254s] [426/483] installing perl-Pod-Perldoc-1:3.28-3.oe1
[ 2256s] [427/483] installing gnutls-3.6.15-3.oe1
[ 2262s] [428/483] installing util-linux-2.36.1-3.oe1
[ 2272s] [429/483] installing nss-help-3.72.0-2.oe1
[ 2276s] [430/483] installing polkit-help-0.116-4.oe1
[ 2277s] [431/483] installing util-linux-devel-2.36.1-3.oe1
[ 2280s] [432/483] installing xdg-dbus-proxy-0.1.2-1.oe1
[ 2282s] [433/483] installing NetworkManager-libnm-1:1.26.0-5
[ 2290s] [434/483] installing at-spi2-core-2.39.1-1.oe1
[ 2295s] [435/483] installing cups-libs-1:2.3.3-6.oe1
[ 2299s] [436/483] installing perl-Pod-Usage-4:1.69-418.oe1
[ 2301s] [437/483] installing device-mapper-8:1.02.172-1.oe1
[ 2304s] [438/483] installing openssh-8.2p1-10.oe1
[ 2308s] [439/483] installing at-spi2-atk-2.38.0-1.oe1
[ 2311s] [440/483] installing libproxy-0.4.15-13.oe1
[ 2315s] [441/483] installing perl-Getopt-Long-1:2.52-1.oe1
[ 2318s] [442/483] installing cryptsetup-2.3.3-3.oe1
[ 2326s] [443/483] installing device-mapper-event-8:1.02.172-1.oe1
[ 2330s] Created symlink /etc/systemd/system/sockets.target.wants/dm-event.socket -> /usr/lib/systemd/system/dm-event.socket.
[ 2331s] [444/483] installing nss-3.72.0-2.oe1
[ 2342s] [445/483] installing glib2-devel-2.66.8-1.oe1
[ 2375s] [446/483] installing openssh-clients-8.2p1-10.oe1
[ 2379s] [447/483] installing polkit-devel-0.116-4.oe1
[ 2383s] [448/483] installing nss-util-3.72.0-2.oe1
[ 2386s] [449/483] installing perl-ExtUtils-ParseXS-2:3.35-1.oe1
[ 2389s] [450/483] installing glib-networking-2.58.0-7.oe1
[ 2392s] [451/483] installing perl-Module-CoreList-1:5.20180920-2.oe1
[ 2396s] [452/483] installing perl-Digest-SHA-1:6.02-7.oe1
[ 2400s] [453/483] installing perl-Pod-Parser-1.63-397.oe1
[ 2402s] [454/483] installing perl-Pod-Simple-1:3.35-418.oe1
[ 2405s] [455/483] installing perl-Test-Harness-1:3.43_02-1.oe1
[ 2407s] [456/483] installing docbook-utils-0.6.14-47.oe1
[ 2409s] [457/483] installing perl-Archive-Tar-2.30-421.oe1
[ 2411s] [458/483] installing perl-JSON-PP-1:4.04-2.oe1
[ 2413s] [459/483] installing lvm2-8:2.03.11-1.oe1
[ 2422s] Created symlink /etc/systemd/system/sysinit.target.wants/lvm2-lvmpolld.socket -> /usr/lib/systemd/system/lvm2-lvmpolld.socket.
[ 2422s] [460/483] installing autoconf-2.69-30.oe1
[ 2425s] [461/483] installing git-2.23.0-12.oe1
[ 2438s] [462/483] installing gtk3-3.24.30-2.oe1
[ 2450s] [463/483] installing nss-softokn-3.72.0-2.oe1
[ 2454s] [464/483] installing perl-Pod-Checker-4:1.73-398.oe1
[ 2456s] [465/483] installing libsoup-2.72.0-2.oe1
[ 2460s] [466/483] installing perl-Git-2.23.0-12.oe1
[ 2462s] [467/483] installing gtk-doc-1.33.2-1.oe1
[ 2467s] [468/483] installing perl-CPAN-Meta-2.150010-419.oe1
[ 2470s] [469/483] installing perl-Module-Load-Conditional-0.68-418.oe1
[ 2472s] [470/483] installing automake-1.16.1-6.oe1
[ 2475s] [471/483] installing perl-ExtUtils-MakeMaker-1:7.60-1.oe1
[ 2478s] [472/483] installing libtool-2.4.6-34.oe1
[ 2491s] [473/483] installing perl-ExtUtils-Install-2.14-419.oe1
[ 2496s] [474/483] installing perl-IPC-Cmd-2:1.04-4.oe1
[ 2498s] [475/483] installing geoclue2-2.5.7-1.oe1
[ 2504s] [476/483] installing rpm-build-4.15.1-25.oe1
[ 2507s] [477/483] installing gcc_secure-1.0-0.9.oe1
[ 2509s] [478/483] installing gobject-introspection-devel-1.66.1-1.oe1
[ 2516s] [479/483] installing perl-File-Fetch-0.56-4.oe1
[ 2518s] [480/483] installing perl-devel-4:5.28.0-435.oe1
[ 2531s] [481/483] installing webkit2gtk3-2.32.1-2.oe1
[ 2561s] [482/483] installing emacs-1:27.1-5.oe1
[ 2568s] [483/483] installing gettext-devel-0.20.1-2.oe1
[ 2572s] removing nis flags from /var/cache/obs/worker/root_2/etc/nsswitch.conf...
[ 2573s] now finalizing build dir...
[ 2603s] Running build time source services...
[ 2623s] -----------------------------------------------------------------
[ 2623s] ----- building accountsservice.spec (user abuild)
[ 2623s] -----------------------------------------------------------------
[ 2623s] -----------------------------------------------------------------
[ 2631s] + exec rpmbuild -ba --define '_srcdefattr (-,root,root)' --nosignature --define 'disturl obs://private/openEuler:Mainline:RISC-V/advanced_riscv64/bef51c7f238221c6121ac5815f5b40df-accountsservice' /home/abuild/rpmbuild/SOURCES/accountsservice.spec
[ 2632s] Executing(%prep): /bin/sh -e /var/tmp/rpm-tmp.SZgz03
[ 2632s] + umask 022
[ 2632s] + cd /home/abuild/rpmbuild/BUILD
[ 2632s] + cd /home/abuild/rpmbuild/BUILD
[ 2632s] + rm -rf accountsservice-0.6.55
[ 2632s] + /usr/bin/xz -dc /home/abuild/rpmbuild/SOURCES/accountsservice-0.6.55.tar.xz
[ 2632s] + /usr/bin/tar -xof -
[ 2632s] + STATUS=0
[ 2632s] + '[' 0 -ne 0 ']'
[ 2632s] + cd accountsservice-0.6.55
[ 2632s] + /usr/bin/chmod -Rf a+rX,u+w,g-w,o-w .
[ 2632s] + /usr/bin/patch -p1 -s --fuzz=0 --no-backup-if-mismatch
[ 2632s] + /usr/bin/cat /home/abuild/rpmbuild/SOURCES/0001-exclude-pcpqa-user-who-cannot-login-because-of-SELin.patch
[ 2633s] + RPM_EC=0
[ 2633s] ++ jobs -p
[ 2633s] + exit 0
[ 2633s] Executing(%build): /bin/sh -e /var/tmp/rpm-tmp.2wTWSa
[ 2633s] + umask 022
[ 2633s] + cd /home/abuild/rpmbuild/BUILD
[ 2633s] + cd accountsservice-0.6.55
[ 2633s] + CFLAGS='-O2 -g -pipe -Wall -Werror=format-security -Wp,-D_FORTIFY_SOURCE=2 -Wp,-D_GLIBCXX_ASSERTIONS -fstack-protector-strong -grecord-gcc-switches -specs=/usr/lib/rpm/generic-hardened-cc1 -fasynchronous-unwind-tables -fstack-clash-protection'
[ 2633s] + export CFLAGS
[ 2633s] + CXXFLAGS='-O2 -g -pipe -Wall -Werror=format-security -Wp,-D_FORTIFY_SOURCE=2 -Wp,-D_GLIBCXX_ASSERTIONS -fstack-protector-strong -grecord-gcc-switches -specs=/usr/lib/rpm/generic-hardened-cc1 -fasynchronous-unwind-tables -fstack-clash-protection -fexceptions'
[ 2633s] + export CXXFLAGS
[ 2633s] + FFLAGS='-O2 -g -pipe -Wall -Werror=format-security -Wp,-D_FORTIFY_SOURCE=2 -Wp,-D_GLIBCXX_ASSERTIONS -fstack-protector-strong -grecord-gcc-switches -specs=/usr/lib/rpm/generic-hardened-cc1 -fasynchronous-unwind-tables -fstack-clash-protection -fexceptions -I/usr/lib64/gfortran/modules'
[ 2633s] + export FFLAGS
[ 2633s] + FCFLAGS='-O2 -g -pipe -Wall -Werror=format-security -Wp,-D_FORTIFY_SOURCE=2 -Wp,-D_GLIBCXX_ASSERTIONS -fstack-protector-strong -grecord-gcc-switches -specs=/usr/lib/rpm/generic-hardened-cc1 -fasynchronous-unwind-tables -fstack-clash-protection -fexceptions -I/usr/lib64/gfortran/modules'
[ 2633s] + export FCFLAGS
[ 2633s] + LDFLAGS='-Wl,-z,relro   -Wl,-z,now -specs=/usr/lib/rpm/generic-hardened-ld'
[ 2633s] + export LDFLAGS
[ 2633s] + /usr/bin/meson --buildtype=plain --prefix=/usr --libdir=/usr/lib64 --libexecdir=/usr/libexec --bindir=/usr/bin --sbindir=/usr/sbin --includedir=/usr/include --datadir=/usr/share --mandir=/usr/share/man --infodir=/usr/share/info --localedir=/usr/share/locale --sysconfdir=/etc --localstatedir=/var --sharedstatedir=/var/lib --wrap-mode=nodownload --auto-features=enabled . riscv64-openEuler-linux-gnu -Dgtk_doc=true -Duser_heuristics=true
[ 2695s] The Meson build system
[ 2695s] Version: 0.59.4
[ 2695s] Source dir: /home/abuild/rpmbuild/BUILD/accountsservice-0.6.55
[ 2695s] Build dir: /home/abuild/rpmbuild/BUILD/accountsservice-0.6.55/riscv64-openEuler-linux-gnu
[ 2695s] Build type: native build
[ 2695s] Project name: accountsservice
[ 2695s] Project version: 0.6.55
[ 2695s] C compiler for the host machine: cc (gcc 10.3.1 "gcc_old (GCC) 10.3.1")
[ 2695s] C linker for the host machine: cc ld.bfd 2.37
[ 2695s] Host machine cpu family: riscv64
[ 2695s] Host machine cpu: riscv64
[ 2695s] Has header "paths.h" : YES 
[ 2695s] Has header "shadow.h" : YES 
[ 2695s] Has header "utmpx.h" : YES 
[ 2695s] Checking for function "getusershell" : YES 
[ 2695s] Checking for function "setutxdb" : NO 
[ 2695s] Checking for function "fgetpwent" : YES 
[ 2695s] Header <utmpx.h> has symbol "WTMPX_FILENAME" : YES 
[ 2695s] Message: whether optimization is enabled: false
[ 2695s] Found pkg-config: /usr/bin/pkg-config (1.7.3)
[ 2695s] Run-time dependency gio-2.0 found: YES 2.66.8
[ 2695s] Run-time dependency gio-unix-2.0 found: YES 2.66.8
[ 2695s] Run-time dependency glib-2.0 found: YES 2.66.8
[ 2695s] Run-time dependency polkit-gobject-1 found: YES 0.116
[ 2695s] Library crypt found: YES
[ 2695s] Run-time dependency dbus-1 found: YES 1.12.20
[ 2695s] Run-time dependency systemd found: YES 243
[ 2695s] WARNING: Project targeting '>= 0.46.0' but tried to use feature introduced in '0.50.0': install arg in configure_file.
[ 2695s] Configuring org.freedesktop.Accounts.service using configuration
[ 2695s] Configuring accounts-daemon.service using configuration
[ 2695s] Program gdbus-codegen found: YES (/usr/bin/gdbus-codegen)
[ 2695s] Found pkg-config: /usr/bin/pkg-config (1.7.3)
[ 2695s] Program gdbus-codegen found: YES (/usr/bin/gdbus-codegen)
[ 2695s] Program glib-mkenums found: YES (/usr/bin/glib-mkenums)
[ 2695s] Program gdbus-codegen found: YES (/usr/bin/gdbus-codegen)
[ 2695s] Program gdbus-codegen found: YES (/usr/bin/gdbus-codegen)
[ 2695s] Program gdbus-codegen found: YES (/usr/bin/gdbus-codegen)
[ 2695s] Compiler for C supports link arguments -Wl,--version-script,/home/abuild/rpmbuild/BUILD/accountsservice-0.6.55/src/libaccountsservice/symbol.map: YES 
[ 2695s] Run-time dependency gobject-introspection-1.0 found: YES 1.66.1
[ 2695s] Dependency gobject-introspection-1.0 found: YES 1.66.1 (cached)
[ 2695s] Program g-ir-scanner found: YES (/usr/bin/g-ir-scanner)
[ 2695s] Dependency gobject-introspection-1.0 found: YES 1.66.1 (cached)
[ 2695s] Program g-ir-compiler found: YES (/usr/bin/g-ir-compiler)
[ 2695s] Program gtkdoc-scan found: YES (/usr/bin/gtkdoc-scan)
[ 2695s] Program gtkdoc-scangobj found: YES (/usr/bin/gtkdoc-scangobj)
[ 2695s] Program gtkdoc-mkdb found: YES (/usr/bin/gtkdoc-mkdb)
[ 2695s] Program gtkdoc-mkhtml found: YES (/usr/bin/gtkdoc-mkhtml)
[ 2695s] Program gtkdoc-fixxref found: YES (/usr/bin/gtkdoc-fixxref)
[ 2695s] Configuring config.h using configuration
[ 2695s] Program meson_post_install.py found: YES (/usr/bin/python3 /home/abuild/rpmbuild/BUILD/accountsservice-0.6.55/meson_post_install.py)
[ 2695s] Message: 
[ 2695s] accountsservice was configured with the following options:
[ 2695s] ** DocBook documentation build: false
[ 2695s] ** Administrator group: wheel
[ 2695s] ** Extra administrator groups: 
[ 2695s] ** GDM configuration: /etc/gdm/custom.conf
[ 2695s] Build targets in project: 23
[ 2695s] WARNING: Project specifies a minimum meson_version '>= 0.46.0' but uses features which were added in newer versions:
[ 2695s]  * 0.50.0: {'install arg in configure_file'}
[ 2695s] 
[ 2695s] Option buildtype is: plain [default: debugoptimized]
[ 2695s] Found ninja-1.8.2 at /usr/bin/ninja
[ 2696s] + /usr/bin/meson compile -C riscv64-openEuler-linux-gnu -j 8 --verbose
[ 2704s] ninja: Entering directory `riscv64-openEuler-linux-gnu'
[ 2707s] [1/33] /usr/bin/gdbus-codegen --c-generate-autocleanup all --interface-prefix org.freedesktop. --c-namespace Accounts --header --output src/accounts-generated.h /home/abuild/rpmbuild/BUILD/accountsservice-0.6.55/data/org.freedesktop.Accounts.xml
[ 2708s] [2/33] /usr/bin/gdbus-codegen --c-generate-autocleanup all --interface-prefix org.freedesktop. --c-namespace Accounts --body --output src/accounts-generated.c /home/abuild/rpmbuild/BUILD/accountsservice-0.6.55/data/org.freedesktop.Accounts.xml
[ 2708s] [3/33] /usr/bin/gdbus-codegen --c-generate-autocleanup all --interface-prefix org.freedesktop.Accounts. --c-namespace Accounts --header --output src/accounts-user-generated.h /home/abuild/rpmbuild/BUILD/accountsservice-0.6.55/data/org.freedesktop.Accounts.User.xml
[ 2709s] [4/33] /usr/bin/gdbus-codegen --c-generate-autocleanup all --interface-prefix org.freedesktop.Accounts. --c-namespace Accounts --body --output src/accounts-user-generated.c /home/abuild/rpmbuild/BUILD/accountsservice-0.6.55/data/org.freedesktop.Accounts.User.xml
[ 2709s] [5/33] /usr/bin/gdbus-codegen --c-generate-autocleanup all --interface-prefix org.freedesktop.ConsoleKit --c-namespace ConsoleKit --body --output src/libaccountsservice/ck-manager-generated.c ../src/libaccountsservice/org.freedesktop.ConsoleKit.Manager.xml
[ 2710s] [6/33] /usr/bin/gdbus-codegen --c-generate-autocleanup all --interface-prefix org.freedesktop.ConsoleKit --c-namespace ConsoleKit --header --output src/libaccountsservice/ck-manager-generated.h ../src/libaccountsservice/org.freedesktop.ConsoleKit.Manager.xml
[ 2713s] [7/33] /usr/bin/gdbus-codegen --c-generate-autocleanup all --interface-prefix org.freedesktop.ConsoleKit --c-namespace ConsoleKit --body --output src/libaccountsservice/ck-seat-generated.c ../src/libaccountsservice/org.freedesktop.ConsoleKit.Seat.xml
[ 2714s] [8/33] /usr/bin/gdbus-codegen --c-generate-autocleanup all --interface-prefix org.freedesktop.ConsoleKit --c-namespace ConsoleKit --header --output src/libaccountsservice/ck-seat-generated.h ../src/libaccountsservice/org.freedesktop.ConsoleKit.Seat.xml
[ 2718s] [9/33] /usr/bin/meson --internal msgfmthelper ../data/org.freedesktop.accounts.policy.in data/org.freedesktop.accounts.policy xml /home/abuild/rpmbuild/BUILD/accountsservice-0.6.55/po
[ 2722s] [10/33] /usr/bin/meson --internal exe --capture src/libaccountsservice/act-user-enum-types.h -- /usr/bin/glib-mkenums --template /home/abuild/rpmbuild/BUILD/accountsservice-0.6.55/riscv64-openEuler-linux-gnu/../src/libaccountsservice/act-user-enum-types.h.template /home/abuild/rpmbuild/BUILD/accountsservice-0.6.55/riscv64-openEuler-linux-gnu/../src/libaccountsservice/act-user.h /home/abuild/rpmbuild/BUILD/accountsservice-0.6.55/riscv64-openEuler-linux-gnu/../src/libaccountsservice/act-user-manager.h
[ 2723s] [11/33] cc -Isrc/accounts-daemon.p -Isrc -I../src -I. -I.. -I/usr/include/gio-unix-2.0 -I/usr/include/glib-2.0 -I/usr/lib64/glib-2.0/include -I/usr/include/libmount -I/usr/include/blkid -I/usr/include/polkit-1 -fdiagnostics-color=always -D_FILE_OFFSET_BITS=64 -Wall -Winvalid-pch -O2 -g -pipe -Wall -Werror=format-security -Wp,-D_FORTIFY_SOURCE=2 -Wp,-D_GLIBCXX_ASSERTIONS -fstack-protector-strong -grecord-gcc-switches -specs=/usr/lib/rpm/generic-hardened-cc1 -fasynchronous-unwind-tables -fstack-clash-protection -pthread '-DLOCALSTATEDIR="/var"' '-DDATADIR="/usr/share"' '-DICONDIR="/var/lib/AccountsService/icons"' '-DUSERDIR="/var/lib/AccountsService/users"' -MD -MQ src/accounts-daemon.p/extensions.c.o -MF src/accounts-daemon.p/extensions.c.o.d -o src/accounts-daemon.p/extensions.c.o -c ../src/extensions.c
[ 2724s] [12/33] cc -Isrc/accounts-daemon.p -Isrc -I../src -I. -I.. -I/usr/include/gio-unix-2.0 -I/usr/include/glib-2.0 -I/usr/lib64/glib-2.0/include -I/usr/include/libmount -I/usr/include/blkid -I/usr/include/polkit-1 -fdiagnostics-color=always -D_FILE_OFFSET_BITS=64 -Wall -Winvalid-pch -O2 -g -pipe -Wall -Werror=format-security -Wp,-D_FORTIFY_SOURCE=2 -Wp,-D_GLIBCXX_ASSERTIONS -fstack-protector-strong -grecord-gcc-switches -specs=/usr/lib/rpm/generic-hardened-cc1 -fasynchronous-unwind-tables -fstack-clash-protection -pthread '-DLOCALSTATEDIR="/var"' '-DDATADIR="/usr/share"' '-DICONDIR="/var/lib/AccountsService/icons"' '-DUSERDIR="/var/lib/AccountsService/users"' -MD -MQ src/accounts-daemon.p/main.c.o -MF src/accounts-daemon.p/main.c.o.d -o src/accounts-daemon.p/main.c.o -c ../src/main.c
[ 2725s] [13/33] cc -Isrc/accounts-daemon.p -Isrc -I../src -I. -I.. -I/usr/include/gio-unix-2.0 -I/usr/include/glib-2.0 -I/usr/lib64/glib-2.0/include -I/usr/include/libmount -I/usr/include/blkid -I/usr/include/polkit-1 -fdiagnostics-color=always -D_FILE_OFFSET_BITS=64 -Wall -Winvalid-pch -O2 -g -pipe -Wall -Werror=format-security -Wp,-D_FORTIFY_SOURCE=2 -Wp,-D_GLIBCXX_ASSERTIONS -fstack-protector-strong -grecord-gcc-switches -specs=/usr/lib/rpm/generic-hardened-cc1 -fasynchronous-unwind-tables -fstack-clash-protection -pthread '-DLOCALSTATEDIR="/var"' '-DDATADIR="/usr/share"' '-DICONDIR="/var/lib/AccountsService/icons"' '-DUSERDIR="/var/lib/AccountsService/users"' -MD -MQ src/accounts-daemon.p/user-classify.c.o -MF src/accounts-daemon.p/user-classify.c.o.d -o src/accounts-daemon.p/user-classify.c.o -c ../src/user-classify.c
[ 2729s] [14/33] cc -Isrc/accounts-daemon.p -Isrc -I../src -I. -I.. -I/usr/include/gio-unix-2.0 -I/usr/include/glib-2.0 -I/usr/lib64/glib-2.0/include -I/usr/include/libmount -I/usr/include/blkid -I/usr/include/polkit-1 -fdiagnostics-color=always -D_FILE_OFFSET_BITS=64 -Wall -Winvalid-pch -O2 -g -pipe -Wall -Werror=format-security -Wp,-D_FORTIFY_SOURCE=2 -Wp,-D_GLIBCXX_ASSERTIONS -fstack-protector-strong -grecord-gcc-switches -specs=/usr/lib/rpm/generic-hardened-cc1 -fasynchronous-unwind-tables -fstack-clash-protection -pthread '-DLOCALSTATEDIR="/var"' '-DDATADIR="/usr/share"' '-DICONDIR="/var/lib/AccountsService/icons"' '-DUSERDIR="/var/lib/AccountsService/users"' -MD -MQ src/accounts-daemon.p/daemon.c.o -MF src/accounts-daemon.p/daemon.c.o.d -o src/accounts-daemon.p/daemon.c.o -c ../src/daemon.c
[ 2729s] [15/33] /usr/bin/gdbus-codegen --c-generate-autocleanup all --interface-prefix org.freedesktop.ConsoleKit --c-namespace ConsoleKit --body --output src/libaccountsservice/ck-session-generated.c ../src/libaccountsservice/org.freedesktop.ConsoleKit.Session.xml
[ 2731s] [16/33] cc -Isrc/accounts-daemon.p -Isrc -I../src -I. -I.. -I/usr/include/gio-unix-2.0 -I/usr/include/glib-2.0 -I/usr/lib64/glib-2.0/include -I/usr/include/libmount -I/usr/include/blkid -I/usr/include/polkit-1 -fdiagnostics-color=always -D_FILE_OFFSET_BITS=64 -Wall -Winvalid-pch -O2 -g -pipe -Wall -Werror=format-security -Wp,-D_FORTIFY_SOURCE=2 -Wp,-D_GLIBCXX_ASSERTIONS -fstack-protector-strong -grecord-gcc-switches -specs=/usr/lib/rpm/generic-hardened-cc1 -fasynchronous-unwind-tables -fstack-clash-protection -pthread '-DLOCALSTATEDIR="/var"' '-DDATADIR="/usr/share"' '-DICONDIR="/var/lib/AccountsService/icons"' '-DUSERDIR="/var/lib/AccountsService/users"' -MD -MQ src/accounts-daemon.p/util.c.o -MF src/accounts-daemon.p/util.c.o.d -o src/accounts-daemon.p/util.c.o -c ../src/util.c
[ 2731s] ../src/util.c: In function setup_loginuid:
[ 2731s] ../src/util.c:217:9: warning: ignoring return value of write declared with attribute warn_unused_result [-Wunused-result]
[ 2731s]   217 |         write (fd, id, strlen (id));
[ 2731s]       |         ^~~~~~~~~~~~~~~~~~~~~~~~~~~
[ 2731s] In file included from /usr/include/string.h:519,
[ 2731s]                  from ../src/util.c:24:
[ 2731s] In function strncpy,
[ 2731s]     inlined from get_caller_loginuid at ../src/util.c:177:17,
[ 2731s]     inlined from spawn_with_login_uid at ../src/util.c:230:9:
[ 2731s] /usr/include/bits/string_fortified.h:95:10: warning: __builtin_strncpy specified bound 20 equals destination size [-Wstringop-truncation]
[ 2731s]    95 |   return __builtin___strncpy_chk (__dest, __src, __len,
[ 2731s]       |          ^~~~~~~~~~~~~~~~~~~~~~~~~~~~~~~~~~~~~~~~~~~~~~
[ 2731s]    96 |       __glibc_objsize (__dest));
[ 2731s]       |       ~~~~~~~~~~~~~~~~~~~~~~~~~
[ 2731s] [17/33] /usr/bin/gdbus-codegen --c-generate-autocleanup all --interface-prefix org.freedesktop.ConsoleKit --c-namespace ConsoleKit --header --output src/libaccountsservice/ck-session-generated.h ../src/libaccountsservice/org.freedesktop.ConsoleKit.Session.xml
[ 2732s] [18/33] cc -Isrc/accounts-daemon.p -Isrc -I../src -I. -I.. -I/usr/include/gio-unix-2.0 -I/usr/include/glib-2.0 -I/usr/lib64/glib-2.0/include -I/usr/include/libmount -I/usr/include/blkid -I/usr/include/polkit-1 -fdiagnostics-color=always -D_FILE_OFFSET_BITS=64 -Wall -Winvalid-pch -O2 -g -pipe -Wall -Werror=format-security -Wp,-D_FORTIFY_SOURCE=2 -Wp,-D_GLIBCXX_ASSERTIONS -fstack-protector-strong -grecord-gcc-switches -specs=/usr/lib/rpm/generic-hardened-cc1 -fasynchronous-unwind-tables -fstack-clash-protection -pthread '-DLOCALSTATEDIR="/var"' '-DDATADIR="/usr/share"' '-DICONDIR="/var/lib/AccountsService/icons"' '-DUSERDIR="/var/lib/AccountsService/users"' -MD -MQ src/accounts-daemon.p/wtmp-helper.c.o -MF src/accounts-daemon.p/wtmp-helper.c.o.d -o src/accounts-daemon.p/wtmp-helper.c.o -c ../src/wtmp-helper.c
[ 2733s] [19/33] cc -Isrc/libaccounts-generated.a.p -Isrc -I../src -I. -I.. -I/usr/include/glib-2.0 -I/usr/lib64/glib-2.0/include -I/usr/include/libmount -I/usr/include/blkid -I/usr/include/gio-unix-2.0 -fdiagnostics-color=always -D_FILE_OFFSET_BITS=64 -Wall -Winvalid-pch -O2 -g -pipe -Wall -Werror=format-security -Wp,-D_FORTIFY_SOURCE=2 -Wp,-D_GLIBCXX_ASSERTIONS -fstack-protector-strong -grecord-gcc-switches -specs=/usr/lib/rpm/generic-hardened-cc1 -fasynchronous-unwind-tables -fstack-clash-protection -fPIC -pthread '-DLOCALSTATEDIR="/var"' '-DDATADIR="/usr/share"' '-DICONDIR="/var/lib/AccountsService/icons"' '-DUSERDIR="/var/lib/AccountsService/users"' -MD -MQ src/libaccounts-generated.a.p/meson-generated_.._accounts-generated.c.o -MF src/libaccounts-generated.a.p/meson-generated_.._accounts-generated.c.o.d -o src/libaccounts-generated.a.p/meson-generated_.._accounts-generated.c.o -c src/accounts-generated.c
[ 2737s] [20/33] /usr/bin/meson --internal exe --capture src/libaccountsservice/act-user-enum-types.c -- /usr/bin/glib-mkenums --template /home/abuild/rpmbuild/BUILD/accountsservice-0.6.55/riscv64-openEuler-linux-gnu/../src/libaccountsservice/act-user-enum-types.c.template /home/abuild/rpmbuild/BUILD/accountsservice-0.6.55/riscv64-openEuler-linux-gnu/../src/libaccountsservice/act-user.h /home/abuild/rpmbuild/BUILD/accountsservice-0.6.55/riscv64-openEuler-linux-gnu/../src/libaccountsservice/act-user-manager.h
[ 2739s] [21/33] cc -Isrc/accounts-daemon.p -Isrc -I../src -I. -I.. -I/usr/include/gio-unix-2.0 -I/usr/include/glib-2.0 -I/usr/lib64/glib-2.0/include -I/usr/include/libmount -I/usr/include/blkid -I/usr/include/polkit-1 -fdiagnostics-color=always -D_FILE_OFFSET_BITS=64 -Wall -Winvalid-pch -O2 -g -pipe -Wall -Werror=format-security -Wp,-D_FORTIFY_SOURCE=2 -Wp,-D_GLIBCXX_ASSERTIONS -fstack-protector-strong -grecord-gcc-switches -specs=/usr/lib/rpm/generic-hardened-cc1 -fasynchronous-unwind-tables -fstack-clash-protection -pthread '-DLOCALSTATEDIR="/var"' '-DDATADIR="/usr/share"' '-DICONDIR="/var/lib/AccountsService/icons"' '-DUSERDIR="/var/lib/AccountsService/users"' -MD -MQ src/accounts-daemon.p/user.c.o -MF src/accounts-daemon.p/user.c.o.d -o src/accounts-daemon.p/user.c.o -c ../src/user.c
[ 2742s] [22/33] cc -Isrc/libaccounts-generated.a.p -Isrc -I../src -I. -I.. -I/usr/include/glib-2.0 -I/usr/lib64/glib-2.0/include -I/usr/include/libmount -I/usr/include/blkid -I/usr/include/gio-unix-2.0 -fdiagnostics-color=always -D_FILE_OFFSET_BITS=64 -Wall -Winvalid-pch -O2 -g -pipe -Wall -Werror=format-security -Wp,-D_FORTIFY_SOURCE=2 -Wp,-D_GLIBCXX_ASSERTIONS -fstack-protector-strong -grecord-gcc-switches -specs=/usr/lib/rpm/generic-hardened-cc1 -fasynchronous-unwind-tables -fstack-clash-protection -fPIC -pthread '-DLOCALSTATEDIR="/var"' '-DDATADIR="/usr/share"' '-DICONDIR="/var/lib/AccountsService/icons"' '-DUSERDIR="/var/lib/AccountsService/users"' -MD -MQ src/libaccounts-generated.a.p/meson-generated_.._accounts-user-generated.c.o -MF src/libaccounts-generated.a.p/meson-generated_.._accounts-user-generated.c.o.d -o src/libaccounts-generated.a.p/meson-generated_.._accounts-user-generated.c.o -c src/accounts-user-generated.c
[ 2744s] [23/33] rm -f src/libaccounts-generated.a && gcc-ar csrD src/libaccounts-generated.a src/libaccounts-generated.a.p/meson-generated_.._accounts-generated.c.o src/libaccounts-generated.a.p/meson-generated_.._accounts-user-generated.c.o
[ 2744s] [24/33] cc -Isrc/libaccountsservice/libaccountsservice.so.0.0.0.p -Isrc/libaccountsservice -I../src/libaccountsservice -I. -I.. -Isrc -I../src -I/usr/include/gio-unix-2.0 -I/usr/include/glib-2.0 -I/usr/lib64/glib-2.0/include -I/usr/include/libmount -I/usr/include/blkid -fdiagnostics-color=always -D_FILE_OFFSET_BITS=64 -Wall -Winvalid-pch -O2 -g -pipe -Wall -Werror=format-security -Wp,-D_FORTIFY_SOURCE=2 -Wp,-D_GLIBCXX_ASSERTIONS -fstack-protector-strong -grecord-gcc-switches -specs=/usr/lib/rpm/generic-hardened-cc1 -fasynchronous-unwind-tables -fstack-clash-protection -fPIC -pthread '-DG_LOG_DOMAIN="accountsservice"' -MD -MQ src/libaccountsservice/libaccountsservice.so.0.0.0.p/meson-generated_.._act-user-enum-types.c.o -MF src/libaccountsservice/libaccountsservice.so.0.0.0.p/meson-generated_.._act-user-enum-types.c.o.d -o src/libaccountsservice/libaccountsservice.so.0.0.0.p/meson-generated_.._act-user-enum-types.c.o -c src/libaccountsservice/act-user-enum-types.c
[ 2747s] [25/33] cc -Isrc/libaccountsservice/libaccountsservice.so.0.0.0.p -Isrc/libaccountsservice -I../src/libaccountsservice -I. -I.. -Isrc -I../src -I/usr/include/gio-unix-2.0 -I/usr/include/glib-2.0 -I/usr/lib64/glib-2.0/include -I/usr/include/libmount -I/usr/include/blkid -fdiagnostics-color=always -D_FILE_OFFSET_BITS=64 -Wall -Winvalid-pch -O2 -g -pipe -Wall -Werror=format-security -Wp,-D_FORTIFY_SOURCE=2 -Wp,-D_GLIBCXX_ASSERTIONS -fstack-protector-strong -grecord-gcc-switches -specs=/usr/lib/rpm/generic-hardened-cc1 -fasynchronous-unwind-tables -fstack-clash-protection -fPIC -pthread '-DG_LOG_DOMAIN="accountsservice"' -MD -MQ src/libaccountsservice/libaccountsservice.so.0.0.0.p/meson-generated_.._ck-seat-generated.c.o -MF src/libaccountsservice/libaccountsservice.so.0.0.0.p/meson-generated_.._ck-seat-generated.c.o.d -o src/libaccountsservice/libaccountsservice.so.0.0.0.p/meson-generated_.._ck-seat-generated.c.o -c src/libaccountsservice/ck-seat-generated.c
[ 2747s] [26/33] cc  -o src/accounts-daemon src/accounts-daemon.p/daemon.c.o src/accounts-daemon.p/extensions.c.o src/accounts-daemon.p/main.c.o src/accounts-daemon.p/user.c.o src/accounts-daemon.p/user-classify.c.o src/accounts-daemon.p/util.c.o src/accounts-daemon.p/wtmp-helper.c.o -Wl,--as-needed -Wl,--no-undefined -Wl,-z,relro -Wl,-z,now -specs=/usr/lib/rpm/generic-hardened-ld -O2 -g -pipe -Wall -Werror=format-security -Wp,-D_FORTIFY_SOURCE=2 -Wp,-D_GLIBCXX_ASSERTIONS -fstack-protector-strong -grecord-gcc-switches -specs=/usr/lib/rpm/generic-hardened-cc1 -fasynchronous-unwind-tables -fstack-clash-protection -Wl,--start-group src/libaccounts-generated.a /usr/lib64/libgio-2.0.so /usr/lib64/libgobject-2.0.so /usr/lib64/libglib-2.0.so /usr/lib64/libpolkit-gobject-1.so -Wl,--end-group
[ 2749s] [27/33] cc -Isrc/libaccountsservice/libaccountsservice.so.0.0.0.p -Isrc/libaccountsservice -I../src/libaccountsservice -I. -I.. -Isrc -I../src -I/usr/include/gio-unix-2.0 -I/usr/include/glib-2.0 -I/usr/lib64/glib-2.0/include -I/usr/include/libmount -I/usr/include/blkid -fdiagnostics-color=always -D_FILE_OFFSET_BITS=64 -Wall -Winvalid-pch -O2 -g -pipe -Wall -Werror=format-security -Wp,-D_FORTIFY_SOURCE=2 -Wp,-D_GLIBCXX_ASSERTIONS -fstack-protector-strong -grecord-gcc-switches -specs=/usr/lib/rpm/generic-hardened-cc1 -fasynchronous-unwind-tables -fstack-clash-protection -fPIC -pthread '-DG_LOG_DOMAIN="accountsservice"' -MD -MQ src/libaccountsservice/libaccountsservice.so.0.0.0.p/meson-generated_.._ck-manager-generated.c.o -MF src/libaccountsservice/libaccountsservice.so.0.0.0.p/meson-generated_.._ck-manager-generated.c.o.d -o src/libaccountsservice/libaccountsservice.so.0.0.0.p/meson-generated_.._ck-manager-generated.c.o -c src/libaccountsservice/ck-manager-generated.c
[ 2751s] [28/33] cc -Isrc/libaccountsservice/libaccountsservice.so.0.0.0.p -Isrc/libaccountsservice -I../src/libaccountsservice -I. -I.. -Isrc -I../src -I/usr/include/gio-unix-2.0 -I/usr/include/glib-2.0 -I/usr/lib64/glib-2.0/include -I/usr/include/libmount -I/usr/include/blkid -fdiagnostics-color=always -D_FILE_OFFSET_BITS=64 -Wall -Winvalid-pch -O2 -g -pipe -Wall -Werror=format-security -Wp,-D_FORTIFY_SOURCE=2 -Wp,-D_GLIBCXX_ASSERTIONS -fstack-protector-strong -grecord-gcc-switches -specs=/usr/lib/rpm/generic-hardened-cc1 -fasynchronous-unwind-tables -fstack-clash-protection -fPIC -pthread '-DG_LOG_DOMAIN="accountsservice"' -MD -MQ src/libaccountsservice/libaccountsservice.so.0.0.0.p/act-user.c.o -MF src/libaccountsservice/libaccountsservice.so.0.0.0.p/act-user.c.o.d -o src/libaccountsservice/libaccountsservice.so.0.0.0.p/act-user.c.o -c ../src/libaccountsservice/act-user.c
[ 2753s] [29/33] cc -Isrc/libaccountsservice/libaccountsservice.so.0.0.0.p -Isrc/libaccountsservice -I../src/libaccountsservice -I. -I.. -Isrc -I../src -I/usr/include/gio-unix-2.0 -I/usr/include/glib-2.0 -I/usr/lib64/glib-2.0/include -I/usr/include/libmount -I/usr/include/blkid -fdiagnostics-color=always -D_FILE_OFFSET_BITS=64 -Wall -Winvalid-pch -O2 -g -pipe -Wall -Werror=format-security -Wp,-D_FORTIFY_SOURCE=2 -Wp,-D_GLIBCXX_ASSERTIONS -fstack-protector-strong -grecord-gcc-switches -specs=/usr/lib/rpm/generic-hardened-cc1 -fasynchronous-unwind-tables -fstack-clash-protection -fPIC -pthread '-DG_LOG_DOMAIN="accountsservice"' -MD -MQ src/libaccountsservice/libaccountsservice.so.0.0.0.p/meson-generated_.._ck-session-generated.c.o -MF src/libaccountsservice/libaccountsservice.so.0.0.0.p/meson-generated_.._ck-session-generated.c.o.d -o src/libaccountsservice/libaccountsservice.so.0.0.0.p/meson-generated_.._ck-session-generated.c.o -c src/libaccountsservice/ck-session-generated.c
[ 2753s] [30/33] cc -Isrc/libaccountsservice/libaccountsservice.so.0.0.0.p -Isrc/libaccountsservice -I../src/libaccountsservice -I. -I.. -Isrc -I../src -I/usr/include/gio-unix-2.0 -I/usr/include/glib-2.0 -I/usr/lib64/glib-2.0/include -I/usr/include/libmount -I/usr/include/blkid -fdiagnostics-color=always -D_FILE_OFFSET_BITS=64 -Wall -Winvalid-pch -O2 -g -pipe -Wall -Werror=format-security -Wp,-D_FORTIFY_SOURCE=2 -Wp,-D_GLIBCXX_ASSERTIONS -fstack-protector-strong -grecord-gcc-switches -specs=/usr/lib/rpm/generic-hardened-cc1 -fasynchronous-unwind-tables -fstack-clash-protection -fPIC -pthread '-DG_LOG_DOMAIN="accountsservice"' -MD -MQ src/libaccountsservice/libaccountsservice.so.0.0.0.p/act-user-manager.c.o -MF src/libaccountsservice/libaccountsservice.so.0.0.0.p/act-user-manager.c.o.d -o src/libaccountsservice/libaccountsservice.so.0.0.0.p/act-user-manager.c.o -c ../src/libaccountsservice/act-user-manager.c
[ 2756s] [31/33] cc  -o src/libaccountsservice/libaccountsservice.so.0.0.0 src/libaccountsservice/libaccountsservice.so.0.0.0.p/meson-generated_.._act-user-enum-types.c.o src/libaccountsservice/libaccountsservice.so.0.0.0.p/meson-generated_.._ck-manager-generated.c.o src/libaccountsservice/libaccountsservice.so.0.0.0.p/meson-generated_.._ck-seat-generated.c.o src/libaccountsservice/libaccountsservice.so.0.0.0.p/meson-generated_.._ck-session-generated.c.o src/libaccountsservice/libaccountsservice.so.0.0.0.p/act-user.c.o src/libaccountsservice/libaccountsservice.so.0.0.0.p/act-user-manager.c.o -Wl,--as-needed -Wl,--no-undefined -shared -fPIC -Wl,--start-group -Wl,-soname,libaccountsservice.so.0 -Wl,-z,relro -Wl,-z,now -specs=/usr/lib/rpm/generic-hardened-ld -O2 -g -pipe -Wall -Werror=format-security -Wp,-D_FORTIFY_SOURCE=2 -Wp,-D_GLIBCXX_ASSERTIONS -fstack-protector-strong -grecord-gcc-switches -specs=/usr/lib/rpm/generic-hardened-cc1 -fasynchronous-unwind-tables -fstack-clash-protection src/libaccounts-generated.a -Wl,--version-script,/home/abuild/rpmbuild/BUILD/accountsservice-0.6.55/src/libaccountsservice/symbol.map -lcrypt /usr/lib64/libgio-2.0.so /usr/lib64/libgobject-2.0.so /usr/lib64/libglib-2.0.so -Wl,--end-group
[ 2759s] [32/33] /usr/bin/g-ir-scanner --no-libtool --namespace=AccountsService --nsversion=1.0 --warn-all --output src/libaccountsservice/AccountsService-1.0.gir --c-include=act/act.h -I/home/abuild/rpmbuild/BUILD/accountsservice-0.6.55/src/libaccountsservice -I/home/abuild/rpmbuild/BUILD/accountsservice-0.6.55/riscv64-openEuler-linux-gnu/src/libaccountsservice -I/home/abuild/rpmbuild/BUILD/accountsservice-0.6.55/riscv64-openEuler-linux-gnu/. -I/home/abuild/rpmbuild/BUILD/accountsservice-0.6.55/. -I/home/abuild/rpmbuild/BUILD/accountsservice-0.6.55/riscv64-openEuler-linux-gnu/src/. -I/home/abuild/rpmbuild/BUILD/accountsservice-0.6.55/src/. --filelist=/home/abuild/rpmbuild/BUILD/accountsservice-0.6.55/riscv64-openEuler-linux-gnu/src/libaccountsservice/libaccountsservice.so.0.0.0.p/AccountsService_1.0_gir_filelist --include=GObject-2.0 --include=Gio-2.0 --identifier-prefix=Act --cflags-begin -I/home/abuild/rpmbuild/BUILD/accountsservice-0.6.55/riscv64-openEuler-linux-gnu/. -I/home/abuild/rpmbuild/BUILD/accountsservice-0.6.55/. -I/home/abuild/rpmbuild/BUILD/accountsservice-0.6.55/riscv64-openEuler-linux-gnu/src/. -I/home/abuild/rpmbuild/BUILD/accountsservice-0.6.55/src/. -I/usr/include/gio-unix-2.0 -I/usr/include/glib-2.0 -I/usr/lib64/glib-2.0/include -I/usr/include/libmount -I/usr/include/blkid -I/home/abuild/rpmbuild/BUILD/accountsservice-0.6.55/riscv64-openEuler-linux-gnu/src/libaccountsservice/. -I/home/abuild/rpmbuild/BUILD/accountsservice-0.6.55/src/libaccountsservice/. -I/usr/include/gobject-introspection-1.0 --cflags-end --add-include-path=/usr/share/gir-1.0 -L/home/abuild/rpmbuild/BUILD/accountsservice-0.6.55/riscv64-openEuler-linux-gnu/src/libaccountsservice -laccountsservice -L/home/abuild/rpmbuild/BUILD/accountsservice-0.6.55/riscv64-openEuler-linux-gnu/src/libaccountsservice --library accountsservice -lcrypt -lgio-2.0 -lgobject-2.0 -lglib-2.0 -lgirepository-1.0
[ 2759s] FAILED: src/libaccountsservice/AccountsService-1.0.gir 
[ 2759s] /usr/bin/g-ir-scanner --no-libtool --namespace=AccountsService --nsversion=1.0 --warn-all --output src/libaccountsservice/AccountsService-1.0.gir --c-include=act/act.h -I/home/abuild/rpmbuild/BUILD/accountsservice-0.6.55/src/libaccountsservice -I/home/abuild/rpmbuild/BUILD/accountsservice-0.6.55/riscv64-openEuler-linux-gnu/src/libaccountsservice -I/home/abuild/rpmbuild/BUILD/accountsservice-0.6.55/riscv64-openEuler-linux-gnu/. -I/home/abuild/rpmbuild/BUILD/accountsservice-0.6.55/. -I/home/abuild/rpmbuild/BUILD/accountsservice-0.6.55/riscv64-openEuler-linux-gnu/src/. -I/home/abuild/rpmbuild/BUILD/accountsservice-0.6.55/src/. --filelist=/home/abuild/rpmbuild/BUILD/accountsservice-0.6.55/riscv64-openEuler-linux-gnu/src/libaccountsservice/libaccountsservice.so.0.0.0.p/AccountsService_1.0_gir_filelist --include=GObject-2.0 --include=Gio-2.0 --identifier-prefix=Act --cflags-begin -I/home/abuild/rpmbuild/BUILD/accountsservice-0.6.55/riscv64-openEuler-linux-gnu/. -I/home/abuild/rpmbuild/BUILD/accountsservice-0.6.55/. -I/home/abuild/rpmbuild/BUILD/accountsservice-0.6.55/riscv64-openEuler-linux-gnu/src/. -I/home/abuild/rpmbuild/BUILD/accountsservice-0.6.55/src/. -I/usr/include/gio-unix-2.0 -I/usr/include/glib-2.0 -I/usr/lib64/glib-2.0/include -I/usr/include/libmount -I/usr/include/blkid -I/home/abuild/rpmbuild/BUILD/accountsservice-0.6.55/riscv64-openEuler-linux-gnu/src/libaccountsservice/. -I/home/abuild/rpmbuild/BUILD/accountsservice-0.6.55/src/libaccountsservice/. -I/usr/include/gobject-introspection-1.0 --cflags-end --add-include-path=/usr/share/gir-1.0 -L/home/abuild/rpmbuild/BUILD/accountsservice-0.6.55/riscv64-openEuler-linux-gnu/src/libaccountsservice -laccountsservice -L/home/abuild/rpmbuild/BUILD/accountsservice-0.6.55/riscv64-openEuler-linux-gnu/src/libaccountsservice --library accountsservice -lcrypt -lgio-2.0 -lgobject-2.0 -lglib-2.0 -lgirepository-1.0
[ 2759s] Traceback (most recent call last):
[ 2759s]   File "/usr/bin/g-ir-scanner", line 98, in <module>
[ 2759s]     from giscanner.scannermain import scanner_main
[ 2759s]   File "/usr/lib64/gobject-introspection/giscanner/scannermain.py", line 35, in <module>
[ 2759s]     from giscanner.ast import Include, Namespace
[ 2759s]   File "/usr/lib64/gobject-introspection/giscanner/ast.py", line 29, in <module>
[ 2759s]     from .sourcescanner import CTYPE_TYPEDEF, CSYMBOL_TYPE_TYPEDEF
[ 2759s]   File "/usr/lib64/gobject-introspection/giscanner/sourcescanner.py", line 35, in <module>
[ 2759s]     from giscanner._giscanner import SourceScanner as CSourceScanner
[ 2759s] ModuleNotFoundError: No module named 'giscanner._giscanner'
[ 2759s] ninja: build stopped: subcommand failed.
[ 2759s] error: Bad exit status from /var/tmp/rpm-tmp.2wTWSa (%build)
[ 2759s] 
[ 2759s] 
[ 2759s] RPM build errors:
[ 2759s]     Bad exit status from /var/tmp/rpm-tmp.2wTWSa (%build)
[ 2760s] 
[ 2760s] oe-RISCV-worker29 failed "build accountsservice.spec" at Fri Apr 22 05:40:35 UTC 2022.
[ 2760s] 
