[    0s] Memory limit set to 10955196KB
[    0s] Using BUILD_ROOT=/var/cache/obs/worker/root_3
[    0s] Using BUILD_ARCH=riscv64
[    0s] 
[    3s] 
[    3s] oe-RISCV-worker21 started "build _service:extract_file:cheese.spec" at Fri Apr 15 10:48:53 UTC 2022.
[    3s] 
[    3s] Building cheese for project 'openEuler:Mainline:RISC-V' repository 'advanced_riscv64' arch 'riscv64' srcmd5 '165eaa9ed9efaa0e45ebe0ce0c88a49c'
[    4s] 
[    4s] processing recipe /var/cache/obs/worker/root_3/.build-srcdir/_service:extract_file:cheese.spec ...
[    7s] running changelog2spec --target rpm --file /var/cache/obs/worker/root_3/.build-srcdir/_service:extract_file:cheese.spec
[   12s] init_buildsystem --configdir /var/run/obs/worker/3/build/configs --cachedir /var/cache/build --clean --rpmlist /var/cache/obs/worker/root_3/.build.rpmlist /var/cache/obs/worker/root_3/.build-srcdir/_service:extract_file:cheese.spec build ...
[  129s] cycle: bash -> coreutils
[  129s]   breaking dependency coreutils -> bash
[  129s] cycle: bash -> coreutils -> info
[  129s]   breaking dependency coreutils -> info
[  129s] cycle: glibc -> filesystem -> bash -> coreutils
[  129s]   breaking dependency filesystem -> bash
[  129s] cycle: glibc -> filesystem -> coreutils
[  129s]   breaking dependency coreutils -> glibc
[  129s] cycle: glibc -> filesystem -> coreutils -> libacl
[  129s]   breaking dependency coreutils -> libacl
[  129s] cycle: glibc -> filesystem -> coreutils -> attr
[  129s]   breaking dependency coreutils -> attr
[  129s] cycle: coreutils -> libcap -> bash
[  129s]   breaking dependency coreutils -> libcap
[  129s] cycle: glibc -> filesystem -> coreutils -> openssl-libs
[  129s]   breaking dependency coreutils -> openssl-libs
[  129s] cycle: glibc -> filesystem -> coreutils -> libselinux
[  129s]   breaking dependency libselinux -> glibc
[  129s] cycle: glibc -> filesystem -> coreutils -> libselinux -> pcre2
[  129s]   breaking dependency pcre2 -> glibc
[  129s] cycle: glibc -> filesystem -> coreutils -> libselinux -> pcre2 -> readline
[  129s]   breaking dependency readline -> glibc
[  129s] cycle: glibc -> filesystem -> coreutils -> libselinux -> pcre2 -> readline -> ncurses-libs
[  129s]   breaking dependency coreutils -> libselinux
[  129s] cycle: glibc -> filesystem -> coreutils -> ncurses
[  129s]   breaking dependency ncurses -> glibc
[  129s] cycle: glibc -> filesystem -> coreutils -> ncurses -> ncurses-libs
[  129s]   breaking dependency ncurses -> ncurses-libs
[  129s] cycle: filesystem -> coreutils -> ncurses -> libgcc
[  129s]   breaking dependency ncurses -> libgcc
[  129s] cycle: perl-Carp -> perl-libs
[  129s]   breaking dependency perl-libs -> perl-Carp
[  129s] cycle: perl-libs -> perl-Exporter
[  129s]   breaking dependency perl-libs -> perl-Exporter
[  129s] cycle: perl-Carp -> perl-Exporter
[  129s]   breaking dependency perl-Exporter -> perl-Carp
[  129s] cycle: nss-util -> nss
[  129s]   breaking dependency nss -> nss-util
[  129s] cycle: nss-softokn -> nss-util -> nss
[  129s]   breaking dependency nss -> nss-softokn
[  129s] cycle: systemd -> cryptsetup -> device-mapper
[  129s]   breaking dependency systemd -> cryptsetup
[  129s] cycle: audit -> systemd -> pam
[  129s]   breaking dependency systemd -> pam
[  129s] [1/84] preinstalling dbus...
[  130s] [2/84] preinstalling libffi-devel...
[  130s] [3/84] preinstalling nodejs-source-map...
[  131s] [4/84] preinstalling python3-pip...
[  135s] [5/84] preinstalling python3-setuptools_scm...
[  135s] [6/84] preinstalling ncurses...
[  141s] [7/84] preinstalling coreutils...
[  146s] [8/84] preinstalling filesystem...
[  148s] [9/84] preinstalling glibc...
[  152s] [10/84] preinstalling libgcc...
[  153s] [11/84] preinstalling diffutils...
[  155s] [12/84] preinstalling libcap-ng...
[  155s] [13/84] preinstalling libgpg-error...
[  157s] [14/84] preinstalling libpcap...
[  158s] [15/84] preinstalling libsmartcols...
[  159s] [16/84] preinstalling libuuid...
[  159s] [17/84] preinstalling libxcrypt...
[  160s] [18/84] preinstalling lz4...
[  161s] [19/84] preinstalling m4...
[  162s] [20/84] preinstalling ncurses-libs...
[  163s] [21/84] preinstalling nspr...
[  164s] [22/84] preinstalling xz-libs...
[  165s] [23/84] preinstalling zlib...
[  166s] [24/84] preinstalling attr...
[  167s] [25/84] preinstalling libdb...
[  174s] [26/84] preinstalling zstd...
[  176s] [27/84] preinstalling audit-libs...
[  177s] [28/84] preinstalling file...
[  178s] [29/84] preinstalling iptables-libs...
[  179s] [30/84] preinstalling libacl...
[  180s] [31/84] preinstalling libgcrypt...
[  181s] [32/84] preinstalling openssl-libs...
[  183s] [33/84] preinstalling readline...
[  184s] [34/84] preinstalling bash...
[  186s] [35/84] preinstalling cmake...
[  199s] [36/84] preinstalling perl-libs...
[  204s] [37/84] preinstalling dnf...
[  204s] [38/84] preinstalling pcre2...
[  206s] [39/84] preinstalling perl-Exporter...
[  206s] [40/84] preinstalling bzip2...
[  207s] [41/84] preinstalling elfutils...
[  209s] [42/84] preinstalling hostname...
[  210s] [43/84] preinstalling libcap...
[  211s] [44/84] preinstalling pcre...
[  212s] [45/84] preinstalling popt...
[  213s] [46/84] preinstalling acl...
[  214s] [47/84] preinstalling libblkid...
[  215s] [48/84] preinstalling openssl...
[  216s] [49/84] preinstalling sqlite...
[  217s] [50/84] preinstalling tar...
[  219s] [51/84] preinstalling info...
[  220s] [52/84] preinstalling libgcrypt-devel...
[  221s] [53/84] preinstalling lua...
[  221s] [54/84] preinstalling libselinux...
[  222s] [55/84] preinstalling perl-Carp...
[  223s] [56/84] preinstalling copy-jdk-configs...
[  224s] [57/84] preinstalling libfdisk...
[  225s] [58/84] preinstalling perl-Digest-MD5...
[  226s] [59/84] preinstalling grep...
[  227s] [60/84] preinstalling rpm-libs...
[  228s] [61/84] preinstalling chkconfig...
[  229s] [62/84] preinstalling sed...
[  231s] [63/84] preinstalling libmount...
[  232s] [64/84] preinstalling libsemanage...
[  232s] [65/84] preinstalling perl-constant...
[  233s] [66/84] preinstalling findutils...
[  234s] [67/84] preinstalling xz...
[  235s] [68/84] preinstalling perl-Getopt-Long...
[  236s] [69/84] preinstalling glib2...
[  240s] [70/84] preinstalling nss...
[  241s] [71/84] preinstalling perl-Data-Dumper...
[  242s] [72/84] preinstalling systemd-libs...
[  243s] [73/84] preinstalling systemd...
[  248s] [74/84] preinstalling dbus-libs...
[  248s] [75/84] preinstalling nss-util...
[  250s] [76/84] preinstalling audit...
[  251s] [77/84] preinstalling nss-softokn...
[  252s] [78/84] preinstalling pam...
[  253s] [79/84] preinstalling rpm...
[  255s] [80/84] preinstalling openEuler-rpm-config...
[  256s] [81/84] preinstalling util-linux...
[  259s] [82/84] preinstalling device-mapper...
[  260s] [83/84] preinstalling cryptsetup...
[  262s] [84/84] preinstalling lvm2...
[  265s] 
[  267s] initializing rpm db...
[  282s] reordering...cycle: adobe-mappings-cmap -> adobe-mappings-cmap-lang
[  282s]   breaking dependency adobe-mappings-cmap-lang -> adobe-mappings-cmap
[  282s] cycle: coreutils -> bash
[  282s]   breaking dependency coreutils -> bash
[  282s] cycle: coreutils -> info
[  282s]   breaking dependency coreutils -> info
[  282s] cycle: glibc -> basesystem -> filesystem -> coreutils -> gmp
[  282s]   breaking dependency coreutils -> gmp
[  282s] cycle: glibc -> basesystem -> filesystem -> coreutils
[  282s]   breaking dependency coreutils -> glibc
[  282s] cycle: glibc -> basesystem -> filesystem -> coreutils -> libacl
[  282s]   breaking dependency coreutils -> libacl
[  282s] cycle: glibc -> basesystem -> filesystem -> coreutils -> attr
[  282s]   breaking dependency coreutils -> attr
[  282s] cycle: coreutils -> libcap
[  282s]   breaking dependency coreutils -> libcap
[  282s] cycle: glibc -> basesystem -> filesystem -> coreutils -> openssl-libs
[  282s]   breaking dependency openssl-libs -> glibc
[  282s] cycle: coreutils -> openssl-libs -> ca-certificates
[  282s]   breaking dependency ca-certificates -> coreutils
[  282s] cycle: coreutils -> openssl-libs -> ca-certificates -> bash
[  282s]   breaking dependency ca-certificates -> bash
[  282s] cycle: coreutils -> openssl-libs -> ca-certificates -> grep
[  282s]   breaking dependency grep -> coreutils
[  282s] cycle: coreutils -> openssl-libs -> ca-certificates -> grep -> bash
[  282s]   breaking dependency ca-certificates -> grep
[  282s] cycle: glibc -> basesystem -> filesystem -> coreutils -> openssl-libs -> ca-certificates -> p11-kit
[  282s]   breaking dependency p11-kit -> glibc
[  282s] cycle: glibc -> basesystem -> filesystem -> coreutils -> openssl-libs -> ca-certificates -> p11-kit -> libffi
[  282s]   breaking dependency openssl-libs -> ca-certificates
[  282s] cycle: coreutils -> openssl-libs -> crypto-policies -> bash
[  282s]   breaking dependency crypto-policies -> bash
[  282s] cycle: coreutils -> openssl-libs -> crypto-policies
[  282s]   breaking dependency crypto-policies -> coreutils
[  282s] cycle: coreutils -> openssl-libs -> crypto-policies -> grep -> bash
[  282s]   breaking dependency bash -> coreutils
[  282s] cycle: filesystem -> coreutils -> openssl-libs -> crypto-policies -> grep -> bash
[  282s]   breaking dependency grep -> bash
[  282s] cycle: glibc -> basesystem -> filesystem -> coreutils -> openssl-libs -> crypto-policies -> grep
[  282s]   breaking dependency glibc -> basesystem
[  282s] cycle: glibc -> glibc-common -> bash -> filesystem -> coreutils -> openssl-libs -> crypto-policies -> grep
[  282s]   breaking dependency glibc-common -> bash
[  282s] cycle: glibc -> glibc-common -> coreutils -> openssl-libs -> crypto-policies -> grep
[  282s]   breaking dependency glibc-common -> coreutils
[  282s] cycle: glibc -> glibc-common
[  282s]   breaking dependency glibc-common -> glibc
[  282s] cycle: glibc -> glibc-common -> libselinux
[  282s]   breaking dependency libselinux -> glibc
[  282s] cycle: glibc -> glibc-common -> libselinux -> pcre2
[  282s]   breaking dependency pcre2 -> glibc
[  282s] cycle: glibc -> glibc-common -> libselinux -> pcre2 -> readline
[  282s]   breaking dependency readline -> glibc
[  282s] cycle: glibc -> glibc-common -> libselinux -> pcre2 -> readline -> ncurses-libs
[  282s]   breaking dependency libselinux -> pcre2
[  282s] cycle: glibc -> glibc-common -> libselinux -> libsepol -> coreutils -> openssl-libs -> crypto-policies -> grep
[  282s]   breaking dependency libsepol -> coreutils
[  282s] cycle: glibc -> glibc-common -> libselinux -> libsepol -> bash -> filesystem -> coreutils -> openssl-libs -> crypto-policies -> grep
[  282s]   breaking dependency filesystem -> coreutils
[  282s] cycle: bash -> filesystem
[  282s]   breaking dependency filesystem -> bash
[  282s] cycle: filesystem -> setup
[  282s]   breaking dependency filesystem -> setup
[  282s] cycle: glibc -> glibc-common -> libselinux -> libsepol -> bash
[  282s]   breaking dependency bash -> glibc
[  282s] cycle: glibc -> glibc-common -> libselinux -> libsepol -> bash -> ncurses-libs
[  282s]   breaking dependency libsepol -> bash
[  282s] cycle: glibc -> glibc-common -> libselinux -> libsepol
[  282s]   breaking dependency glibc -> glibc-common
[  282s] cycle: systemd -> cryptsetup -> device-mapper
[  282s]   breaking dependency systemd -> cryptsetup
[  282s] cycle: perl-libs -> perl-Carp
[  282s]   breaking dependency perl-libs -> perl-Carp
[  282s] cycle: perl-libs -> perl-Exporter
[  282s]   breaking dependency perl-libs -> perl-Exporter
[  282s] cycle: perl-Carp -> perl-Exporter
[  282s]   breaking dependency perl-Exporter -> perl-Carp
[  282s] cycle: perl -> perl-PathTools
[  282s]   breaking dependency perl -> perl-PathTools
[  282s] cycle: perl -> perl-ExtUtils-MakeMaker
[  282s]   breaking dependency perl -> perl-ExtUtils-MakeMaker
[  282s] cycle: perl -> perl-File-Path -> perl-PathTools
[  282s]   breaking dependency perl -> perl-File-Path
[  282s] cycle: perl -> perl-Getopt-Long -> perl-Pod-Usage
[  282s]   breaking dependency perl -> perl-Getopt-Long
[  282s] cycle: perl -> perl-Locale-Maketext
[  282s]   breaking dependency perl -> perl-Locale-Maketext
[  282s] cycle: perl -> perl-Pod-Simple
[  282s]   breaking dependency perl -> perl-Pod-Simple
[  282s] cycle: perl -> perl-Socket
[  282s]   breaking dependency perl -> perl-Socket
[  282s] cycle: perl -> perl-Storable
[  282s]   breaking dependency perl -> perl-Storable
[  282s] cycle: perl -> perl-Text-Tabs+Wrap
[  282s]   breaking dependency perl -> perl-Text-Tabs+Wrap
[  282s] cycle: perl -> perl-Time-Local -> perl-constant
[  282s]   breaking dependency perl -> perl-Time-Local
[  282s] cycle: perl -> perl-constant
[  282s]   breaking dependency perl -> perl-constant
[  282s] cycle: perl -> perl-threads
[  282s]   breaking dependency perl -> perl-threads
[  282s] cycle: perl -> perl-threads-shared
[  282s]   breaking dependency perl -> perl-threads-shared
[  282s] cycle: perl -> perl-Archive-Tar
[  282s]   breaking dependency perl -> perl-Archive-Tar
[  282s] cycle: perl -> perl-B-Debug
[  282s]   breaking dependency perl -> perl-B-Debug
[  282s] cycle: perl -> perl-CPAN-Meta -> perl-CPAN-Meta-Requirements
[  282s]   breaking dependency perl -> perl-CPAN-Meta
[  282s] cycle: perl -> perl-CPAN-Meta-Requirements
[  282s]   breaking dependency perl -> perl-CPAN-Meta-Requirements
[  282s] cycle: perl -> perl-CPAN-Meta-YAML
[  282s]   breaking dependency perl -> perl-CPAN-Meta-YAML
[  282s] cycle: perl -> perl-Compress-Raw-Bzip2
[  282s]   breaking dependency perl -> perl-Compress-Raw-Bzip2
[  282s] cycle: perl -> perl-Compress-Raw-Zlib
[  282s]   breaking dependency perl -> perl-Compress-Raw-Zlib
[  282s] cycle: perl -> perl-Config-Perl-V
[  282s]   breaking dependency perl -> perl-Config-Perl-V
[  282s] cycle: perl -> perl-DB_File
[  282s]   breaking dependency perl -> perl-DB_File
[  282s] cycle: perl -> perl-Data-Dumper
[  282s]   breaking dependency perl -> perl-Data-Dumper
[  282s] cycle: perl -> perl-Devel-PPPort
[  282s]   breaking dependency perl -> perl-Devel-PPPort
[  282s] cycle: perl -> perl-Digest -> perl-MIME-Base64
[  282s]   breaking dependency perl -> perl-Digest
[  282s] cycle: perl -> perl-Digest-MD5 -> perl-Digest -> perl-MIME-Base64
[  282s]   breaking dependency perl -> perl-Digest-MD5
[  282s] cycle: perl -> perl-Digest-SHA
[  282s]   breaking dependency perl -> perl-Digest-SHA
[  282s] cycle: perl -> perl-Encode
[  282s]   breaking dependency perl -> perl-Encode
[  282s] cycle: perl -> perl-Env
[  282s]   breaking dependency perl -> perl-Env
[  282s] cycle: perl -> perl-ExtUtils-Command
[  282s]   breaking dependency perl -> perl-ExtUtils-Command
[  282s] cycle: perl -> perl-ExtUtils-Install
[  282s]   breaking dependency perl -> perl-ExtUtils-Install
[  282s] cycle: perl -> perl-ExtUtils-Manifest
[  282s]   breaking dependency perl -> perl-ExtUtils-Manifest
[  282s] cycle: perl -> perl-ExtUtils-ParseXS
[  282s]   breaking dependency perl -> perl-ExtUtils-ParseXS
[  282s] cycle: perl -> perl-File-Fetch -> perl-PathTools
[  282s]   breaking dependency perl -> perl-File-Fetch
[  282s] cycle: perl -> perl-File-Temp -> perl-PathTools
[  282s]   breaking dependency perl -> perl-File-Temp
[  282s] cycle: perl -> perl-Filter
[  282s]   breaking dependency perl -> perl-Filter
[  282s] cycle: perl -> perl-Filter-Simple -> perl-Filter
[  282s]   breaking dependency perl -> perl-Filter-Simple
[  282s] cycle: perl -> perl-HTTP-Tiny
[  282s]   breaking dependency perl -> perl-HTTP-Tiny
[  282s] cycle: perl -> perl-IO-Compress
[  282s]   breaking dependency perl -> perl-IO-Compress
[  282s] cycle: perl -> perl-IO-Socket-IP
[  282s]   breaking dependency perl -> perl-IO-Socket-IP
[  282s] cycle: perl -> perl-IPC-Cmd -> perl-ExtUtils-MakeMaker
[  282s]   breaking dependency perl -> perl-IPC-Cmd
[  282s] cycle: perl -> perl-IPC-SysV
[  282s]   breaking dependency perl -> perl-IPC-SysV
[  282s] cycle: perl -> perl-JSON-PP
[  282s]   breaking dependency perl -> perl-JSON-PP
[  282s] cycle: perl -> perl-Locale-Codes -> perl-constant
[  282s]   breaking dependency perl -> perl-Locale-Codes
[  282s] cycle: perl -> perl-MIME-Base64
[  282s]   breaking dependency perl -> perl-MIME-Base64
[  282s] cycle: perl -> perl-Math-BigInt
[  282s]   breaking dependency perl -> perl-Math-BigInt
[  282s] cycle: perl -> perl-Math-BigInt-FastCalc -> perl-Math-BigInt
[  282s]   breaking dependency perl -> perl-Math-BigInt-FastCalc
[  282s] cycle: perl -> perl-Math-BigRat -> perl-Math-BigInt
[  282s]   breaking dependency perl -> perl-Math-BigRat
[  282s] cycle: perl -> perl-Module-CoreList
[  282s]   breaking dependency perl -> perl-Module-CoreList
[  282s] cycle: perl -> perl-Module-Load -> perl-PathTools
[  282s]   breaking dependency perl -> perl-Module-Load
[  282s] cycle: perl -> perl-Module-Load-Conditional
[  282s]   breaking dependency perl -> perl-Module-Load-Conditional
[  282s] cycle: perl -> perl-Module-Metadata
[  282s]   breaking dependency perl -> perl-Module-Metadata
[  282s] cycle: perl -> perl-Params-Check
[  282s]   breaking dependency perl -> perl-Params-Check
[  282s] cycle: perl -> perl-PerlIO-via-QuotedPrint -> perl-MIME-Base64
[  282s]   breaking dependency perl -> perl-PerlIO-via-QuotedPrint
[  282s] cycle: perl -> perl-Pod-Checker
[  282s]   breaking dependency perl -> perl-Pod-Checker
[  282s] cycle: perl -> perl-Pod-Escapes
[  282s]   breaking dependency perl -> perl-Pod-Escapes
[  282s] cycle: perl -> perl-Pod-Parser
[  282s]   breaking dependency perl -> perl-Pod-Parser
[  282s] cycle: perl -> perl-Pod-Perldoc
[  282s]   breaking dependency perl -> perl-Pod-Perldoc
[  282s] cycle: perl -> perl-Pod-Usage
[  282s]   breaking dependency perl -> perl-Pod-Usage
[  282s] cycle: perl -> perl-Sys-Syslog
[  282s]   breaking dependency perl -> perl-Sys-Syslog
[  282s] cycle: perl -> perl-Term-Cap
[  282s]   breaking dependency perl -> perl-Term-Cap
[  282s] cycle: perl -> perl-Test-Harness
[  282s]   breaking dependency perl -> perl-Test-Harness
[  282s] cycle: perl -> perl-Test-Simple
[  282s]   breaking dependency perl -> perl-Test-Simple
[  282s] cycle: perl -> perl-Text-Balanced
[  282s]   breaking dependency perl -> perl-Text-Balanced
[  282s] cycle: perl -> perl-Thread-Queue -> perl-threads-shared
[  282s]   breaking dependency perl -> perl-Thread-Queue
[  282s] cycle: perl -> perl-Unicode-Collate -> perl-PathTools
[  282s]   breaking dependency perl -> perl-Unicode-Collate
[  282s] cycle: perl -> perl-autodie
[  282s]   breaking dependency perl -> perl-autodie
[  282s] cycle: perl -> perl-bignum -> perl-Math-BigInt
[  282s]   breaking dependency perl -> perl-bignum
[  282s] cycle: perl -> perl-devel
[  282s]   breaking dependency perl -> perl-devel
[  282s] cycle: perl -> perl-Encode-devel
[  282s]   breaking dependency perl -> perl-Encode-devel
[  282s] cycle: perl -> perl-experimental
[  282s]   breaking dependency perl -> perl-experimental
[  282s] cycle: perl -> perl-libnet -> perl-Digest-MD5 -> perl-Digest -> perl-MIME-Base64
[  282s]   breaking dependency perl -> perl-libnet
[  282s] cycle: perl -> perl-podlators
[  282s]   breaking dependency perl -> perl-podlators
[  282s] cycle: perl -> perl-version
[  282s]   breaking dependency perl -> perl-version
[  282s] cycle: glib2 -> gamin
[  282s]   breaking dependency glib2 -> gamin
[  282s] cycle: systemd -> gnutls -> unbound-libs -> shadow -> pam -> audit
[  282s]   breaking dependency systemd -> gnutls
[  282s] cycle: systemd -> pam -> audit
[  282s]   breaking dependency systemd -> pam
[  282s] cycle: systemd -> shadow -> pam -> audit
[  282s]   breaking dependency systemd -> shadow
[  282s] cycle: pam -> libpwquality
[  282s]   breaking dependency pam -> libpwquality
[  282s] cycle: perl-Getopt-Long -> perl-Pod-Usage
[  282s]   breaking dependency perl-Pod-Usage -> perl-Getopt-Long
[  282s] cycle: perl-Getopt-Long -> perl-Pod-Usage -> perl-podlators -> perl-Encode
[  282s]   breaking dependency perl-podlators -> perl-Encode
[  282s] cycle: perl-Getopt-Long -> perl-Pod-Usage -> perl-podlators
[  282s]   breaking dependency perl-podlators -> perl-Getopt-Long
[  282s] cycle: perl-Getopt-Long -> perl-Pod-Usage -> perl-podlators -> perl-Pod-Simple -> perl-Encode
[  282s]   breaking dependency perl-Encode -> perl-Getopt-Long
[  282s] cycle: perl-Getopt-Long -> perl-Pod-Usage -> perl-podlators -> perl-Pod-Simple
[  282s]   breaking dependency perl-podlators -> perl-Pod-Simple
[  282s] cycle: perl-Pod-Usage -> perl-podlators
[  282s]   breaking dependency perl-podlators -> perl-Pod-Usage
[  282s] cycle: groff -> perl-Getopt-Long -> perl-Pod-Usage -> perl-Pod-Perldoc
[  282s]   breaking dependency groff -> perl-Getopt-Long
[  282s] cycle: fontconfig -> urw-base35-z003-fonts
[  282s]   breaking dependency fontconfig -> urw-base35-z003-fonts
[  282s] cycle: fontconfig -> urw-base35-nimbus-sans-fonts
[  282s]   breaking dependency fontconfig -> urw-base35-nimbus-sans-fonts
[  282s] cycle: fontconfig -> urw-base35-nimbus-roman-fonts
[  282s]   breaking dependency fontconfig -> urw-base35-nimbus-roman-fonts
[  282s] cycle: fontconfig -> urw-base35-gothic-fonts
[  282s]   breaking dependency fontconfig -> urw-base35-gothic-fonts
[  282s] cycle: fontconfig -> urw-base35-nimbus-mono-ps-fonts
[  282s]   breaking dependency fontconfig -> urw-base35-nimbus-mono-ps-fonts
[  282s] cycle: fontconfig -> urw-base35-c059-fonts
[  282s]   breaking dependency fontconfig -> urw-base35-c059-fonts
[  282s] cycle: fontconfig -> urw-base35-bookman-fonts
[  282s]   breaking dependency fontconfig -> urw-base35-bookman-fonts
[  282s] cycle: fontconfig -> urw-base35-p052-fonts
[  282s]   breaking dependency fontconfig -> urw-base35-p052-fonts
[  282s] cycle: fontconfig -> urw-base35-d050000l-fonts
[  282s]   breaking dependency fontconfig -> urw-base35-d050000l-fonts
[  282s] cycle: libglvnd-egl -> mesa-libEGL
[  282s]   breaking dependency mesa-libEGL -> libglvnd-egl
[  282s] cycle: libglvnd-glx -> mesa-libGL
[  282s]   breaking dependency mesa-libGL -> libglvnd-glx
[  282s] cycle: libxcrypt-devel -> glibc-devel
[  282s]   breaking dependency glibc-devel -> libxcrypt-devel
[  282s] cycle: cmake-data -> cmake
[  282s]   breaking dependency cmake -> cmake-data
[  282s] cycle: nss-util -> nss
[  282s]   breaking dependency nss -> nss-util
[  282s] cycle: nss-softokn -> nss-util -> nss
[  282s]   breaking dependency nss -> nss-softokn
[  282s] cycle: perl-Getopt-Long -> perl-Pod-Usage -> perl-Pod-Perldoc -> perl-Pod-Simple
[  282s]   breaking dependency perl-Pod-Perldoc -> perl-Pod-Simple
[  282s] cycle: polkit -> polkit-pkla-compat
[  282s]   breaking dependency polkit -> polkit-pkla-compat
[  282s] cycle: openssh -> openssh-server
[  282s]   breaking dependency openssh-server -> openssh
[  282s] cycle: git -> perl-Git
[  282s]   breaking dependency git -> perl-Git
[  282s] cycle: perl-ExtUtils-Install -> perl-ExtUtils-MakeMaker
[  282s]   breaking dependency perl-ExtUtils-MakeMaker -> perl-ExtUtils-Install
[  283s] done
[  283s] querying package ids...
[  331s] [1/607] installing adobe-mappings-pdf-20190401-2.oe1
[  334s] [2/607] installing cmake-filesystem-3.22.0-1.oe1
[  335s] [3/607] installing fonts-filesystem-2.0.2-2.oe1
[  336s] [4/607] installing fuse-common-3.9.2-5.oe1
[  338s] [5/607] installing kernel-headers-5.10-3.oe1
[  346s] [6/607] installing libreport-filesystem-2.13.1-5.oe1
[  347s] [7/607] installing libwacom-data-0.31-2.oe1
[  348s] [8/607] installing mesa-filesystem-21.3.1-1.oe1
[  349s] [9/607] installing ncurses-base-6.1-14.oe1
[  351s] [10/607] installing openEuler-gpg-keys-1.0-2.5.oe1
[  352s] [11/607] installing python-setuptools-59.4.0-3.oe1
[  357s] [12/607] installing qt5-srpm-macros-5.15.2-1.oe1
[  359s] [13/607] installing tzdata-2021a-2.oe1
[  368s] [14/607] installing xkeyboard-config-2.30-1.oe1
[  372s] [15/607] installing dnf-data-4.10.0-1.oe1
[  373s] [16/607] installing google-droid-sans-fonts-20120715-15.oe1
[  377s] [17/607] installing openEuler-repos-1.0-2.5.oe1
[  378s] [18/607] installing openEuler-release-20.03LTS-40.oe1
[  380s] [19/607] installing adobe-mappings-cmap-lang-20190730-3.oe1
[  387s] [20/607] installing filesystem-3.9-3.oe1
[  396s] warning: group mail does not exist - using root
[  397s] [21/607] installing adobe-mappings-cmap-20190730-3.oe1
[  398s] [22/607] installing emacs-filesystem-1:27.1-5.oe1
[  399s] [23/607] installing libgcc-10.3.1-20220105.6.oe1
[  401s] [24/607] installing vim-filesystem-2:8.2-4.oe1
[  402s] [25/607] installing setup-2.13.3-4.oe1
[  404s] [26/607] installing urw-base35-fonts-common-20170801-11
[  405s] [27/607] installing glibc-2.34-64.oe1
[  411s] [28/607] installing bluez-libs-5.54-3.oe1
[  413s] [29/607] installing brotli-1.0.9-2.oe1
[  414s] [30/607] installing cdparanoia-libs-10.2-31.oe1
[  415s] [31/607] installing chrpath-0.16-12.oe1
[  416s] [32/607] installing cpio-2.13-4.oe1
[  418s] [33/607] installing diffutils-3.7-4.oe1
[  421s] [34/607] installing expat-2.2.10-1.oe1
[  422s] [35/607] installing fribidi-1.0.10-1.oe1
[  423s] [36/607] installing gpm-libs-1.20.7-21.oe1
[  424s] [37/607] installing gsm-1.0.18-5.oe1
[  426s] [38/607] installing jbig2dec-0.19-2.oe1
[  428s] [39/607] installing jbigkit-libs-2.1-17.oe1
[  429s] [40/607] installing json-c-0.15-1.oe1
[  430s] [41/607] installing keyutils-libs-1.6.3-3.oe1
[  431s] [42/607] installing lcms2-2.11-2.oe1
[  432s] [43/607] installing libICE-1.0.10-2.oe1
[  433s] [44/607] installing libXau-1.0.9-2.oe1
[  435s] [45/607] installing libaio-0.3.112-1.oe1
[  436s] [46/607] installing libargon2-20190702-1.oe1
[  437s] [47/607] installing libasyncns-0.8-17.oe1
[  438s] [48/607] installing libatomic-10.3.1-20220105.6.oe1
[  440s] [49/607] installing libcap-ng-0.7.11-1.oe1
[  441s] [50/607] installing libdatrie-0.2.12-1.oe1
[  444s] [51/607] installing libdrm-2.4.109-1.oe1
[  445s] [52/607] installing libepoxy-1.5.3-2
[  446s] [53/607] installing libev-4.24-11.oe1
[  448s] [54/607] installing libevdev-1.10.1-1.oe1
[  449s] [55/607] installing libffi-3.3-31.oe1
[  450s] [56/607] installing libglvnd-1:1.3.4-2.oe1
[  451s] [57/607] installing libgomp-10.3.1-20220105.6.oe1
[  452s] [58/607] installing libgpg-error-1.41-1.oe1
[  454s] [59/607] installing libijs-0.35-9.oe1
[  455s] [60/607] installing libjpeg-turbo-2.0.6-1.oe1
[  456s] [61/607] installing libnghttp2-1.42.0-1.oe1
[  458s] [62/607] installing libogg-2:1.3.3-3.oe1
[  459s] [63/607] installing libpcap-14:1.9.1-7.oe1
[  460s] [64/607] installing libpipeline-1.5.3-1.oe1
[  461s] [65/607] installing libsigsegv-2.11-10.oe1
[  462s] [66/607] installing libsmartcols-2.36.1-3.oe1
[  464s] [67/607] installing libstemmer-0-12.oe1
[  465s] [68/607] installing libtasn1-4.16.0-2.oe1
[  470s] [69/607] installing libtdb-1.4.3-1.oe1
[  472s] [70/607] installing libtool-ltdl-2.4.6-34.oe1
[  473s] [71/607] installing libunistring-0.9.10-8.oe1
[  475s] [72/607] installing libuuid-2.36.1-3.oe1
[  476s] [73/607] installing libuv-1:1.40.0-1.oe1
[  478s] [74/607] installing libvisual-1:0.4.0-27.oe1
[  479s] [75/607] installing libwayland-egl-1.18.0-1.fc33
[  480s] [76/607] installing libwebp-1.1.0-3.oe1
[  481s] [77/607] installing libxcrypt-4.4.8-4.oe1
[  496s] [78/607] installing libxshmfence-1.3-6.oe1
[  497s] [79/607] installing libyaml-0.2.5-1.oe1
[  499s] [80/607] installing lz4-1.9.3-1.oe1
[  500s] [81/607] installing m4-1.4.18-14.oe1
[  502s] [82/607] installing mcpp-2.7.2-25.oe1
[  503s] [83/607] installing mtdev-1.1.6-1.oe1
[  504s] [84/607] installing nspr-4.32.0-1.oe1
[  506s] [85/607] installing openjpeg2-2.3.1-6.oe1
[  507s] [86/607] installing opus-1.3.1-1.oe1
[  509s] [87/607] installing pixman-0.38.0-1.oe1
[  510s] [88/607] installing pkgconf-1.7.3-1.oe1
[  513s] [89/607] installing rhash-1.3.5-5.oe1
[  514s] [90/607] installing sbc-1.5-1.oe1
[  517s] [91/607] installing speexdsp-1.2.0-2.oe1
[  518s] [92/607] installing which-2.21-14.oe1
[  519s] [93/607] installing xz-libs-5.2.5-1.oe1
[  521s] [94/607] installing zlib-1.2.11-18.oe1
[  522s] [95/607] installing attr-2.4.48-12.oe1
[  524s] [96/607] installing basesystem-12-2.oe1
[  525s] [97/607] installing libidn-1.36-1.oe1
[  527s] [98/607] installing libstdc++-10.3.1-20220105.6.oe1
[  529s] [99/607] installing ncurses-libs-6.1-14.oe1
[  530s] [100/607] installing libsepol-3.1-4.oe1
[  532s] [101/607] installing libglvnd-core-devel-1:1.3.4-2.oe1
[  535s] [102/607] installing libstdc++-devel-10.3.1-20220105.6.oe1
[  545s] [103/607] installing wayland-protocols-devel-1.20-1.oe1
[  547s] [104/607] installing xorg-x11-proto-devel-2019.1-1.oe1
[  551s] [105/607] installing audit-libs-1:3.0-2.oe1
[  552s] [106/607] installing elfutils-libelf-0.185-3.oe1
[  554s] [107/607] installing file-libs-5.39-6.oe1
[  559s] [108/607] installing fribidi-devel-1.0.10-1.oe1
[  560s] [109/607] installing gmp-1:6.2.1-3.oe1
[  562s] [110/607] installing iptables-libs-1.8.1-4.oe1
[  564s] [111/607] installing less-563-2.oe1
[  565s] [112/607] installing libacl-2.2.53-7.oe1
[  567s] [113/607] installing libassuan-2.5.4-1.oe1
[  568s] [114/607] installing libedit-3.1-27.oe1
[  569s] [115/607] installing libffi-devel-3.3-31.oe1
[  571s] [116/607] installing libfontenc-1.1.4-2.oe1
[  572s] [117/607] installing libgcrypt-1.8.7-1.oe1
[  574s] [118/607] installing libglvnd-opengl-1:1.3.4-2.oe1
[  578s] [119/607] installing libpng-2:1.6.37-1.oe1
[  579s] [120/607] installing libsepol-devel-3.1-4.oe1
[  583s] [121/607] installing libthai-0.1.28-4.oe1
[  584s] [122/607] installing libtheora-1:1.1.1-24.oe1
[  586s] [123/607] installing libvorbis-1:1.3.6-5.oe1
[  587s] [124/607] installing libwayland-client-1.18.0-1.fc33
[  589s] [125/607] installing libwayland-server-1.18.0-1.fc33
[  590s] [126/607] installing libxcb-1.14-1.oe1
[  592s] [127/607] installing pixman-devel-0.38.0-1.oe1
[  593s] [128/607] installing readline-8.0-2.oe1
[  595s] [129/607] installing xkeyboard-config-devel-2.30-1.oe1
[  596s] [130/607] installing zlib-devel-1.2.11-18.oe1
[  597s] [131/607] installing cppunit-1.14.0-7.oe1
[  598s] [132/607] installing fuse-2.9.9-6.oe1
[  606s] [133/607] installing gc-8.0.4-2.oe1
[  607s] [134/607] installing libSM-1.2.3-2.oe1
[  609s] [135/607] installing libdatrie-devel-0.2.12-1.oe1
[  610s] [136/607] installing libdb-5.3.28-35.oe1
[  616s] [137/607] installing libdrm-devel-2.4.109-1.oe1
[  617s] [138/607] installing libicu-62.1-5.oe1
[  631s] [139/607] installing libselinux-3.1-3.oe1
[  632s] [140/607] installing libxml2-2.9.12-5.oe1
[  634s] [141/607] installing webrtc-audio-processing-0.3.1-4.oe1
[  636s] [142/607] installing bash-5.1-1.oe1
[  641s] [143/607] installing flac-1.3.2-12.oe1
[  645s] [144/607] installing perl-libs-4:5.28.0-435.oe1
[  651s] [145/607] installing zstd-1.4.8-2.oe1
[  655s] [146/607] installing mozjs52-52.9.0-1.0.riscv64
[  666s] [147/607] installing mozjs60-60.2.2-5.oe1
[  680s] [148/607] installing ncurses-6.1-14.oe1
[  692s] [149/607] installing ninja-build-1.8.2-9.oe1
[  695s] [150/607] installing thin-provisioning-tools-0.8.5-1.oe1
[  697s] [151/607] installing libtiff-4.2.0-1.oe1
[  699s] [152/607] installing perl-parent-1:0.237-4.oe1
[  700s] [153/607] installing perl-perlfaq-5.20180915-5.oe1
[  701s] [154/607] installing cppunit-devel-1.14.0-7.oe1
[  703s] [155/607] installing libX11-1.6.9-2.oe1
[  707s] [156/607] installing libtiff-devel-4.2.0-1.oe1
[  710s] [157/607] installing mesa-libglapi-21.3.1-1.oe1
[  711s] [158/607] installing mpfr-4.1.0-1.oe1
[  713s] [159/607] installing nettle-3.6-6.oe1
[  716s] [160/607] installing pcre2-10.36-1.oe1
[  718s] [161/607] installing perl-Exporter-5.74-1.oe1
[  719s] [162/607] installing file-5.39-6.oe1
[  721s] [163/607] installing gdbm-1:1.18.1-1.oe1
[  723s] [164/607] installing libXau-devel-1.0.9-2.oe1
[  724s] [165/607] installing libthai-devel-0.1.28-4.oe1
[  726s] [166/607] installing libwayland-cursor-1.18.0-1.fc33
[  727s] [167/607] installing libxkbcommon-1.0.3-1.oe1
[  730s] [168/607] installing patch-2.7.6-12.oe1
[  731s] [169/607] installing qrencode-4.1.1-1
[  732s] [170/607] installing sed-4.8-2.oe1
[  734s] [171/607] installing acl-2.2.53-7.oe1
[  736s] [172/607] installing libcomps-0.1.15-1.oe1
[  738s] [173/607] installing libsndfile-1.0.28-18.oe1
[  739s] [174/607] installing pcre-8.44-1.oe1
[  741s] [175/607] installing subunit-1.3.0-3.oe1
[  744s] [176/607] installing glibc-common-2.34-64.oe1
[  758s] [177/607] installing mesa-libgbm-21.3.1-1.oe1
[  760s] [178/607] installing llvm-libs-12.0.1-2.oe1
[  799s] [179/607] installing check-0.12.0-4.oe1
[  801s] [180/607] installing crontabs-1.11-21.oe1
[  802s] [181/607] installing libXcomposite-0.4.5-1.oe1
[  804s] [182/607] installing libXext-1.3.4-2.oe1
[  806s] [183/607] installing libXfixes-5.0.3-11.oe1
[  808s] [184/607] installing libXpm-3.5.12-11.oe1
[  810s] [185/607] installing libXrender-0.9.10-10.oe1
[  812s] [186/607] installing mesa-libgbm-devel-21.3.1-1.oe1
[  815s] [187/607] installing perl-Carp-1.50-418.oe1
[  816s] [188/607] installing perl-Perl-OSType-1.010-421.oe1
[  817s] [189/607] installing perl-Term-ANSIColor-4.06-511.oe1
[  819s] [190/607] installing libmpc-1.2.0-2.oe1
[  821s] [191/607] installing libxcb-devel-1.14-1.oe1
[  825s] [192/607] installing subunit-devel-1.3.0-3.oe1
[  827s] [193/607] installing grep-3.6-1.oe1
[  831s] [194/607] installing libXt-1.2.0-0.oe1
[  833s] [195/607] installing gawk-5.0.1-2.oe1
[  836s] [196/607] installing wayland-devel-1.18.0-1.fc33
[  839s] [197/607] installing mesa-dri-drivers-21.3.1-1.oe1
[  848s] [198/607] installing mesa-libEGL-21.3.1-1.oe1
[  850s] [199/607] installing libXdamage-1.1.5-1.oe1
[  852s] [200/607] installing libXi-1.7.10-1.oe1
[  854s] [201/607] installing libXinerama-1.1.4-5.oe1
[  856s] [202/607] installing libXv-1.0.11-11.oe1
[  858s] [203/607] installing libXxf86misc-1.0.4-4.oe1
[  860s] [204/607] installing libXxf86vm-1.1.4-13.oe1
[  862s] [205/607] installing libglvnd-egl-1:1.3.4-2.oe1
[  864s] [206/607] installing libglvnd-gles-1:1.3.4-2.oe1
[  865s] [207/607] installing perl-Text-ParseWords-3.30-419.oe1
[  868s] [208/607] installing check-devel-0.12.0-4.oe1
[  871s] [209/607] installing crypto-policies-20180925-3.git71ca85f.oe1
[  878s] [210/607] installing libX11-devel-1.6.9-2.oe1
[  883s] [211/607] installing libXcursor-1.2.0-1.oe1
[  886s] [212/607] installing libXmu-1.1.3-1.oe1
[  888s] [213/607] installing libXrandr-1.5.2-1.oe1
[  890s] [214/607] installing cpp-10.3.1-20220105.6.oe1
[  902s] [215/607] installing libXext-devel-1.3.4-2.oe1
[  904s] [216/607] installing libXfixes-devel-5.0.3-11.oe1
[  906s] [217/607] installing libXrender-devel-0.9.10-10.oe1
[  907s] [218/607] installing libXtst-1.2.3-10.oe1
[  909s] [219/607] installing openssl-libs-1:1.1.1f-2.oe1
[  913s] [220/607] installing libXaw-1.0.13-13.oe1
[  915s] [221/607] installing mesa-libGL-21.3.1-1.oe1
[  917s] [222/607] installing xorg-x11-server-utils-7.7-28
[  919s] [223/607] installing ima-evm-utils-libs-1.2.1-8.oe1
[  921s] [224/607] installing libevent-2.1.12-4
[  923s] [225/607] installing kmod-libs-27-4.oe1
[  925s] [226/607] installing kmod-27-4.oe1
[  929s] [227/607] installing libXcomposite-devel-0.4.5-1.oe1
[  931s] [228/607] installing libXdamage-devel-1.1.5-1.oe1
[  933s] [229/607] installing libXinerama-devel-1.1.4-5.oe1
[  934s] [230/607] installing libglvnd-glx-1:1.3.4-2.oe1
[  936s] [231/607] installing libXcursor-devel-1.2.0-1.oe1
[  938s] [232/607] installing libXi-devel-1.7.10-1.oe1
[  939s] [233/607] installing libXrandr-devel-1.5.2-1.oe1
[  941s] [234/607] installing nodejs-libs-1:16.10.0-1.oe1
[  997s] [235/607] installing coreutils-8.31-4.oe1
[ 1008s] [236/607] installing adwaita-icon-theme-3.38.0-1.oe1
[ 1059s] [237/607] installing alsa-lib-1.2.4-1.oe1
[ 1064s] [238/607] installing elfutils-default-yama-scope-0.185-3.oe1
[ 1067s] /usr/lib/systemd/systemd-sysctl: error while loading shared libraries: libseccomp.so.2: cannot open shared object file: No such file or directory
[ 1067s] [239/607] installing hicolor-icon-theme-0.17-4.oe1
[ 1071s] [240/607] installing publicsuffix-list-20200718-1.oe1
[ 1075s] [241/607] installing sound-theme-freedesktop-0.8-12.oe1
[ 1078s] [242/607] installing uname-build-checks-1.0-0.4.oe1
[ 1081s] [243/607] installing bzip2-1.0.8-3.oe1
[ 1085s] [244/607] installing gzip-1.10-1.oe1
[ 1087s] [245/607] installing hostname-3.21-2.oe1
[ 1090s] [246/607] installing libcap-2.32-2.oe1
[ 1094s] [247/607] installing libpaper-1.1.24-25.oe1
[ 1097s] [248/607] installing libseccomp-2.4.3-2.oe1
[ 1099s] [249/607] installing npth-1.5-7.oe1
[ 1102s] [250/607] installing orc-0.4.32-1.oe1
[ 1105s] [251/607] installing popt-1.18-1.oe1
[ 1108s] [252/607] installing sgml-common-0.6.3-51.oe1
[ 1111s] [253/607] installing fipscheck-1.5.0-7.oe1
[ 1117s] [254/607] installing libblkid-2.36.1-3.oe1
[ 1121s] [255/607] installing libidn2-2.3.0-1.oe1
[ 1123s] [256/607] installing libksba-1.3.5-12.oe1
[ 1126s] [257/607] installing pcre-devel-8.44-1.oe1
[ 1130s] [258/607] installing pcre2-devel-10.36-1.oe1
[ 1134s] [259/607] installing tar-2:1.32-3.oe1
[ 1137s] [260/607] installing tcl-1:8.6.10-3.oe1
[ 1150s] [261/607] installing graphite2-1.3.13-2.oe1
[ 1153s] [262/607] installing info-6.7-2.oe1
[ 1155s] [263/607] installing jsoncpp-1.9.4-1.oe1
[ 1158s] [264/607] installing libgpg-error-devel-1.41-1.oe1
[ 1160s] [265/607] installing libmodman-2.0.1-19.oe1
[ 1163s] [266/607] installing lua-5.3.5-6.oe1
[ 1166s] [267/607] installing slang-2.3.2-8.oe1
[ 1177s] [268/607] installing xz-5.2.5-1.oe1
[ 1179s] [269/607] installing libXtst-devel-1.2.3-10.oe1
[ 1186s] [270/607] installing libxslt-1.1.32-7.oe1
[ 1189s] [271/607] installing perl-Scalar-List-Utils-3:1.52-2.oe1
[ 1191s] [272/607] installing perl-Time-HiRes-1.9760-2.oe1
[ 1194s] [273/607] installing perl-Unicode-Normalize-1.26-419.oe1
[ 1196s] [274/607] installing libicu-devel-62.1-5.oe1
[ 1203s] [275/607] installing libpng-devel-2:1.6.37-1.oe1
[ 1206s] [276/607] installing libglvnd-devel-1:1.3.4-2.oe1
[ 1209s] [277/607] installing systemd-libs-243-22.oe1
[ 1212s] [278/607] installing guile-5:2.0.14-15.oe1
[ 1228s] [279/607] installing iso-codes-4.5.0-1.oe1
[ 1241s] [280/607] installing bzip2-devel-1.0.8-3.oe1
[ 1243s] [281/607] installing dbus-libs-1:1.12.20-3.oe1
[ 1246s] [282/607] installing graphite2-devel-1.3.13-2.oe1
[ 1249s] [283/607] installing libusbx-1.0.23-3.oe1
[ 1252s] [284/607] installing xz-devel-5.2.5-1.oe1
[ 1255s] [285/607] installing zip-3.0-29.oe1
[ 1257s] [286/607] installing bubblewrap-0.4.1-1.oe1
[ 1258s] [287/607] installing libepoxy-devel-1.5.3-2
[ 1261s] [288/607] installing libfdisk-2.36.1-3.oe1
[ 1264s] [289/607] installing newt-0.52.21-4.oe1
[ 1267s] [290/607] installing orc-compiler-0.4.32-1.oe1
[ 1268s] [291/607] installing p11-kit-0.23.22-1.oe1
[ 1272s] [292/607] installing procps-ng-3.3.16-15.oe1
[ 1275s] [293/607] installing elfutils-libs-0.185-3.oe1
[ 1278s] [294/607] installing libmount-2.36.1-3.oe1
[ 1280s] [295/607] installing libselinux-devel-3.1-3.oe1
[ 1283s] [296/607] installing lua-posix-33.3.1-12.oe1
[ 1301s] [297/607] installing unzip-6.0-47.oe1
[ 1303s] [298/607] installing cracklib-2.9.7-6.oe1
[ 1309s] [299/607] installing docbook-dtds-1.0-78.oe1
[ 1336s] [300/607] installing e2fsprogs-1.45.6-3.oe1
[ 1341s] [301/607] installing findutils-2:4.7.0-7.oe1
[ 1344s] [302/607] installing libsemanage-3.1-4.oe1
[ 1346s] [303/607] installing make-1:4.2.1-15.oe1
[ 1348s] [304/607] installing sqlite-3.24.0-9.oe1
[ 1351s] [305/607] installing logrotate-3.15.1-2.oe1
[ 1353s] [306/607] installing opensp-1.5.2-31.oe1
[ 1358s] [307/607] installing freetype-2.10.2-3.oe1
[ 1362s] [308/607] installing glibc-devel-2.34-64.oe1
[ 1373s] [309/607] installing libgcrypt-devel-1.8.7-1.oe1
[ 1376s] [310/607] installing gnupg2-2.2.27-2.oe1
[ 1382s] [311/607] installing libarchive-3.5.1-1.oe1
[ 1385s] [312/607] installing dbus-tools-1:1.12.20-3.oe1
[ 1386s] [313/607] installing iso-codes-devel-4.5.0-1.oe1
[ 1387s] [314/607] installing avahi-libs-0.8-6.oe1
[ 1390s] [315/607] installing libxcrypt-devel-4.4.8-4.oe1
[ 1392s] [316/607] installing orc-devel-0.4.32-1.oe1
[ 1394s] [317/607] installing copy-jdk-configs-4.0-1.oe1
[ 1397s] [318/607] installing gpgme-1.15.1-1.oe1
[ 1399s] [319/607] installing obs-env-1.0-5.oe1
[ 1408s] [320/607] installing chkconfig-1.14-2.oe1
[ 1411s] [321/607] installing dbus-devel-1:1.12.20-3.oe1
[ 1414s] [322/607] installing docbook-style-xsl-1.79.2-9.oe1
[ 1429s] [323/607] installing elfutils-0.185-3.oe1
[ 1431s] [324/607] installing freetype-devel-2.10.2-3.oe1
[ 1434s] [325/607] installing libxml2-devel-2.9.12-5.oe1
[ 1443s] [326/607] installing openjade-1.3.2-60.oe1
[ 1449s] [327/607] installing xorg-x11-font-utils-1:7.5-43.oe1
[ 1451s] [328/607] installing glib2-2.66.8-1.oe1
[ 1460s] [329/607] installing rpm-libs-4.15.1-25.oe1
[ 1462s] [330/607] installing fontconfig-2.13.92-1.oe1
[ 1469s] [331/607] installing gsettings-desktop-schemas-3.38.0-1.oe1
[ 1474s] [332/607] installing atk-2.36.0-1.oe1
[ 1477s] [333/607] installing json-glib-1.6.2-1.oe1
[ 1481s] [334/607] installing desktop-file-utils-0.26-2.oe1
[ 1483s] [335/607] installing libcroco-0.6.12-13.oe1
[ 1485s] [336/607] installing libgudev-234-1.oe1
[ 1488s] [337/607] installing libgusb-0.3.0-5.oe1
[ 1490s] [338/607] installing libxkbcommon-devel-1.0.3-1.oe1
[ 1492s] [339/607] installing gamin-0.1.10-38.oe1
[ 1496s] [340/607] installing gstreamer1-1.16.2-3.oe1
[ 1500s] [341/607] installing libsecret-0.18.6-5.oe1
[ 1503s] [342/607] installing libverto-0.3.1-2.oe1
[ 1510s] [343/607] installing polkit-libs-0.116-4.oe1
[ 1513s] [344/607] installing xorg-x11-fonts-7.5-24
[ 1538s] [345/607] installing gobject-introspection-1.66.1-1.oe1
[ 1541s] [346/607] installing libXft-2.3.3-1.oe1
[ 1543s] [347/607] installing libmodulemd-2.13.0-1.oe1
[ 1545s] [348/607] installing shared-mime-info-1.10-4.oe1
[ 1564s] [349/607] installing binutils-2.37-6.oe1
[ 1574s] [350/607] installing dbus-glib-0.110-5.oe1
[ 1577s] [351/607] installing libical-3.0.8-1.oe1
[ 1582s] [352/607] installing urw-base35-bookman-fonts-20170801-11
[ 1585s] [353/607] installing urw-base35-c059-fonts-20170801-11
[ 1589s] [354/607] installing urw-base35-d050000l-fonts-20170801-11
[ 1591s] [355/607] installing urw-base35-gothic-fonts-20170801-11
[ 1595s] [356/607] installing urw-base35-nimbus-mono-ps-fonts-20170801-11
[ 1599s] [357/607] installing urw-base35-nimbus-roman-fonts-20170801-11
[ 1602s] [358/607] installing urw-base35-nimbus-sans-fonts-20170801-11
[ 1607s] [359/607] installing urw-base35-p052-fonts-20170801-11
[ 1612s] [360/607] installing urw-base35-standard-symbols-ps-fonts-20170801-11
[ 1616s] [361/607] installing urw-base35-z003-fonts-20170801-11
[ 1620s] [362/607] installing harfbuzz-2.7.4-1.oe1
[ 1623s] [363/607] installing p11-kit-trust-0.23.22-1.oe1
[ 1625s] [364/607] installing babeltrace-1.5.8-1.oe1
[ 1628s] [365/607] installing cairo-1.16.0-6.fc32
[ 1631s] [366/607] installing gsettings-desktop-schemas-devel-3.38.0-1.oe1
[ 1632s] [367/607] installing libwacom-1.7-3.oe1
[ 1635s] [368/607] installing colord-libs-1.4.3-6.oe1
[ 1637s] [369/607] installing ca-certificates-2020.2.46-2.oe1
[ 1646s] [370/607] installing gdk-pixbuf2-2.42.6-1.oe1
[ 1652s] [371/607] installing gettext-0.20.1-2.oe1
[ 1657s] [372/607] installing krb5-libs-1.18.2-3.oe1
[ 1660s] [373/607] installing pango-1.47.0-1.oe1
[ 1663s] [374/607] installing urw-base35-fonts-20170801-11
[ 1664s] [375/607] installing cairo-gobject-1.16.0-6.fc32
[ 1666s] [376/607] installing gcc-10.3.1-20220105.6.oe1
[ 1694s] [377/607] installing python-pip-wheel-19.2.3-2.fc32
[ 1695s] [378/607] installing libtirpc-1.3.1-1.oe1
[ 1698s] [379/607] installing gdk-pixbuf2-modules-2.42.6-1.oe1
[ 1701s] [380/607] installing cyrus-sasl-lib-2.1.27-10.oe1
[ 1706s] [381/607] installing fontconfig-devel-2.13.92-1.oe1
[ 1708s] [382/607] installing libssh-0.9.5-1.oe1
[ 1711s] [383/607] installing libinput-1.16.4-1.oe1
[ 1714s] [384/607] installing gcc-c++-10.3.1-20220105.6.oe1
[ 1726s] [385/607] installing elinks-0.12-1.oe1
[ 1729s] [386/607] installing librsvg2-2.50.5-1.oe1
[ 1737s] [387/607] installing cogl-1.22.8-1.oe1
[ 1741s] [388/607] installing gstreamer1-plugins-base-1.16.2-2.oe1
[ 1748s] [389/607] installing libinput-devel-1.16.4-1.oe1
[ 1750s] [390/607] installing openldap-2.4.46-15.oe1
[ 1753s] [391/607] installing libnsl2-1.3.0-2.oe1
[ 1756s] [392/607] installing libXft-devel-2.3.3-1.oe1
[ 1759s] [393/607] installing python3-3.8.5-13.oe1
[ 1791s] [394/607] installing python3-parameterized-0.6.1-9.fc32
[ 1793s] [395/607] installing python3-pyparsing-2.4.5-1.fc32
[ 1795s] [396/607] installing python3-setuptools-59.4.0-3.oe1
[ 1802s] [397/607] installing python3-setuptools_scm-3.3.3-6.fc32
[ 1804s] [398/607] installing python3-six-1.15.0-3.oe1
[ 1806s] [399/607] installing python3-markupsafe-1.1.1-4.fc32
[ 1808s] [400/607] installing python3-gpgme-1.15.1-1.oe1
[ 1811s] [401/607] installing python3-lxml-4.4.1-3.fc32
[ 1815s] [402/607] installing python3-libcomps-0.1.15-1.oe1
[ 1816s] [403/607] installing python3-libxml2-2.9.12-5.oe1
[ 1819s] [404/607] installing libpsl-0.21.1-1.oe1
[ 1822s] [405/607] installing gdb-headless-9.2-5.oe1
[ 1829s] [406/607] installing itstool-2.0.6-1.oe1
[ 1831s] [407/607] installing python3-anytree-2.7.2-2.fc32
[ 1833s] [408/607] installing python3-pygments-2.4.2-6.fc32
[ 1841s] [409/607] installing systemtap-sdt-devel-4.1-3.oe1
[ 1843s] [410/607] installing gdb-9.2-5.oe1
[ 1845s] [411/607] installing meson-0.59.4-1.oe1
[ 1852s] [412/607] installing python3-mako-1.1.0-4.fc32
[ 1855s] [413/607] installing python3-pip-19.2.3-2.fc32
[ 1870s] [414/607] installing libcurl-7.79.1-1.oe1
[ 1872s] [415/607] installing curl-7.79.1-1.oe1
[ 1874s] [416/607] installing librepo-1.14.2-2.oe1
[ 1877s] [417/607] installing rpm-4.15.1-25.oe1
[ 1881s] [418/607] installing efi-srpm-macros-4-3.oe1
[ 1884s] [419/607] installing cmake-rpm-macros-3.22.0-1.oe1
[ 1887s] [420/607] installing libsolv-0.7.20-1.oe1
[ 1889s] [421/607] installing python3-rpm-4.15.1-25.oe1
[ 1892s] [422/607] installing openEuler-rpm-config-30-22.oe1
[ 1897s] [423/607] installing cmake-3.22.0-1.oe1
[ 1911s] [424/607] installing libdnf-0.65.0-2.oe1
[ 1914s] [425/607] installing cmake-data-3.22.0-1.oe1
[ 1933s] [426/607] installing python3-libdnf-0.65.0-2.oe1
[ 1937s] [427/607] installing perl-4:5.28.0-435.oe1
[ 1946s] [428/607] installing perl-B-Debug-1.26-4.oe1
[ 1947s] [429/607] installing perl-Env-1.04-397.oe1
[ 1950s] [430/607] installing perl-Devel-PPPort-3.42-4.oe1
[ 1952s] [431/607] installing perl-Pod-Escapes-1:1.07-419.oe1
[ 1953s] [432/607] installing perl-Text-Tabs+Wrap-2013.0523-419.oe1
[ 1954s] [433/607] installing perl-Algorithm-Diff-1.1903-14.oe1
[ 1955s] [434/607] installing perl-Params-Check-1:0.38-418.oe1
[ 1957s] [435/607] installing perl-Term-Cap-1.17-510.oe1
[ 1959s] [436/607] installing perl-TermReadKey-2.38-2.oe1
[ 1962s] [437/607] installing perl-Text-Balanced-2.03-420.oe1
[ 1964s] [438/607] installing perl-threads-1:2.22-419.oe1
[ 1966s] [439/607] installing openssl-1:1.1.1f-2.oe1
[ 1969s] [440/607] installing perl-Config-Perl-V-0.30-5.oe1
[ 1971s] [441/607] installing perl-Error-1:0.17029-1.oe1
[ 1972s] [442/607] installing perl-Filter-2:1.59-2.oe1
[ 1975s] [443/607] installing perl-IPC-SysV-2.07-5.oe1
[ 1977s] [444/607] installing perl-Locale-Maketext-1:1.28-1.oe1
[ 1979s] [445/607] installing perl-SGMLSpm-1.03ii-45.oe1
[ 1980s] [446/607] installing perl-constant-1.33-421.oe1
[ 1982s] [447/607] installing docbook-style-dsssl-1.79-27.oe1
[ 1991s] [448/607] installing perl-MIME-Base64-3.15-418.oe1
[ 1995s] [449/607] installing perl-CPAN-Meta-YAML-0.018-420.oe1
[ 1997s] [450/607] installing perl-Socket-4:2.029-2.oe1
[ 2000s] [451/607] installing perl-Storable-1:3.15-2.oe1
[ 2002s] [452/607] installing gd-2.2.5-6.oe1
[ 2006s] [453/607] installing python3-hawkey-0.65.0-2.oe1
[ 2008s] [454/607] installing perl-PerlIO-via-QuotedPrint-0.08-397.oe1
[ 2009s] [455/607] installing perl-Digest-1.17-419.oe1
[ 2011s] [456/607] installing perl-Filter-Simple-1:0.94-1.oe1
[ 2012s] [457/607] installing perl-IO-Socket-IP-0.39-420.oe1
[ 2014s] [458/607] installing perl-Text-Diff-1.45-7.oe1
[ 2016s] [459/607] installing perl-Time-Local-2:1.280-6.oe1
[ 2017s] [460/607] installing perl-version-8:0.99.24-3.oe1
[ 2020s] [461/607] installing perl-IPC-System-Simple-1.25-19.oe1
[ 2023s] [462/607] installing perl-threads-shared-1.59-2.oe1
[ 2025s] [463/607] installing perl-Compress-Raw-Bzip2-2.100-1.oe1
[ 2027s] [464/607] installing perl-Compress-Raw-Zlib-1:2.100-1.oe1
[ 2029s] [465/607] installing perl-Locale-Codes-3.58-2.oe1
[ 2032s] [466/607] installing perl-Math-BigInt-1:1.9998.13-5.oe1
[ 2034s] [467/607] installing perl-PathTools-3.75-4.oe1
[ 2036s] [468/607] installing python3-dnf-4.10.0-1.oe1
[ 2040s] [469/607] installing perl-Data-Dumper-2.172-3.oe1
[ 2042s] [470/607] installing perl-Sys-Syslog-0.35-420.oe1
[ 2044s] [471/607] installing perl-Encode-4:2.98-9.oe1
[ 2049s] [472/607] installing autogen-5.18.16-1.oe1
[ 2053s] [473/607] installing nodejs-1:16.10.0-1.oe1
[ 2057s] [474/607] installing systemd-243-22.oe1
[ 2074s] /var/tmp/rpm-tmp.r1IsvB: line 8: groupadd: command not found
[ 2074s] /var/tmp/rpm-tmp.r1IsvB: line 10: groupadd: command not found
[ 2074s] /var/tmp/rpm-tmp.r1IsvB: line 13: groupadd: command not found
[ 2074s] /var/tmp/rpm-tmp.r1IsvB: line 16: groupadd: command not found
[ 2074s] [475/607] installing dbus-common-1:1.12.20-3.oe1
[ 2076s] [476/607] installing nodejs-source-map-0.5.6-1.oe1
[ 2079s] [477/607] installing perl-Module-Load-1:0.32-418.oe1
[ 2082s] [478/607] installing systemd-devel-243-22.oe1
[ 2087s] [479/607] installing nodejs-packaging-20-1.oe1
[ 2089s] [480/607] installing dnf-4.10.0-1.oe1
[ 2094s] Failed to preset unit, unit dnf-automatic.timer does not exist.
[ 2094s] Failed to preset unit, unit dnf-automatic-notifyonly.timer does not exist.
[ 2094s] Failed to preset unit, unit dnf-automatic-download.timer does not exist.
[ 2094s] Failed to preset unit, unit dnf-automatic-install.timer does not exist.
[ 2094s] [481/607] installing perl-File-Which-1.23-1.oe1
[ 2096s] [482/607] installing perl-Thread-Queue-3.13-3.oe1
[ 2097s] [483/607] installing perl-experimental-0.020-2.oe1
[ 2099s] [484/607] installing perl-Digest-MD5-2.55-419.oe1
[ 2104s] [485/607] installing perl-File-Path-2.16-4.oe1
[ 2107s] [486/607] installing perl-Math-BigInt-FastCalc-0.500.700-4.oe1
[ 2109s] [487/607] installing perl-Module-Metadata-1.000036-3.oe1
[ 2112s] [488/607] installing perl-CPAN-Meta-Requirements-2.140-419.oe1
[ 2114s] [489/607] installing perl-Encode-devel-4:2.98-9.oe1
[ 2116s] [490/607] installing perl-HTTP-Tiny-0.076-3.oe1
[ 2118s] [491/607] installing perl-Math-BigRat-0.2614-2.oe1
[ 2119s] [492/607] installing audit-1:3.0-2.oe1
[ 2123s] [493/607] installing perl-DB_File-1.842-2.oe1
[ 2126s] [494/607] installing perl-autodie-2.29-398.oe1
[ 2127s] [495/607] installing perl-Unicode-Collate-1.25-4.oe1
[ 2138s] [496/607] installing perl-IO-Compress-2.081-6.oe1
[ 2139s] [497/607] installing perl-podlators-1:4.14-1.oe1
[ 2141s] [498/607] installing perl-ExtUtils-Command-1:7.60-1.oe1
[ 2142s] [499/607] installing perl-ExtUtils-Manifest-1:1.71-4.oe1
[ 2144s] [500/607] installing perl-bignum-0.50-4.oe1
[ 2146s] [501/607] installing perl-File-Temp-1:0.230.800-4.oe1
[ 2148s] [502/607] installing perl-libnet-3.11-420.oe1
[ 2150s] [503/607] installing pam-1.5.1-1.oe1
[ 2157s] [504/607] installing libpwquality-1.4.4-1.oe1
[ 2159s] [505/607] installing perl-File-HomeDir-1.004-4.oe1
[ 2161s] [506/607] installing shadow-2:4.8.1-5.oe1
[ 2165s] [507/607] installing perl-Test-Simple-2:1.302175-2.oe1
[ 2170s] [508/607] installing libutempter-1.1.6-16.oe1
[ 2175s] [509/607] installing unbound-libs-1.10.1-4.oe1
[ 2180s] [510/607] installing dbus-daemon-1:1.12.20-3.oe1
[ 2185s] [511/607] installing openssh-server-8.2p1-10.oe1
[ 2189s] Created symlink /etc/systemd/system/multi-user.target.wants/sshd.service -> /usr/lib/systemd/system/sshd.service.
[ 2189s] [512/607] installing groff-1.22.4-4.oe1
[ 2199s] [513/607] installing dbus-1:1.12.20-3.oe1
[ 2201s] [514/607] installing man-db-2.9.3-2.oe1
[ 2207s] [515/607] installing perl-Pod-Perldoc-1:3.28-3.oe1
[ 2208s] [516/607] installing gnutls-3.6.15-3.oe1
[ 2215s] [517/607] installing util-linux-2.36.1-3.oe1
[ 2222s] [518/607] installing nss-help-3.72.0-2.oe1
[ 2227s] [519/607] installing libnice-0.1.14-10.oe1
[ 2231s] [520/607] installing util-linux-devel-2.36.1-3.oe1
[ 2233s] [521/607] installing NetworkManager-libnm-1:1.26.0-5
[ 2238s] [522/607] installing at-spi2-core-2.39.1-1.oe1
[ 2242s] [523/607] installing cups-libs-1:2.3.3-6.oe1
[ 2245s] [524/607] installing perl-Pod-Usage-4:1.69-418.oe1
[ 2247s] [525/607] installing device-mapper-8:1.02.172-1.oe1
[ 2250s] [526/607] installing GConf2-3.2.6-25.oe1
[ 2257s] [527/607] installing openssh-8.2p1-10.oe1
[ 2260s] [528/607] installing bluez-5.54-3.oe1
[ 2267s] Created symlink /etc/systemd/system/dbus-org.bluez.service -> /usr/lib/systemd/system/bluetooth.service.
[ 2267s] Created symlink /etc/systemd/system/bluetooth.target.wants/bluetooth.service -> /usr/lib/systemd/system/bluetooth.service.
[ 2267s] /var/tmp/rpm-tmp.rhUV1H: line 8: /sbin/udevadm: No such file or directory
[ 2267s] Created symlink /etc/systemd/user/dbus-org.bluez.obex.service -> /usr/lib/systemd/user/obex.service.
[ 2267s] Failed to preset unit, unit bluetooth-mesh.service does not exist.
[ 2267s] [529/607] installing polkit-0.116-4.oe1
[ 2272s] [530/607] installing at-spi2-atk-2.38.0-1.oe1
[ 2274s] [531/607] installing polkit-pkla-compat-0.1-17.oe1
[ 2278s] [532/607] installing libproxy-0.4.15-13.oe1
[ 2281s] [533/607] installing perl-Getopt-Long-1:2.52-1.oe1
[ 2283s] [534/607] installing rtkit-0.11-26.oe1
[ 2290s] Created symlink /etc/systemd/system/graphical.target.wants/rtkit-daemon.service -> /usr/lib/systemd/system/rtkit-daemon.service.
[ 2290s] [535/607] installing cryptsetup-2.3.3-3.oe1
[ 2294s] [536/607] installing device-mapper-event-8:1.02.172-1.oe1
[ 2298s] Created symlink /etc/systemd/system/sockets.target.wants/dm-event.socket -> /usr/lib/systemd/system/dm-event.socket.
[ 2298s] [537/607] installing nss-3.72.0-2.oe1
[ 2308s] [538/607] installing glib2-devel-2.66.8-1.oe1
[ 2330s] [539/607] installing openssh-clients-8.2p1-10.oe1
[ 2337s] [540/607] installing gstreamer1-plugins-bad-free-1.16.2-3.oe1
[ 2343s] [541/607] installing atk-devel-2.36.0-1.oe1
[ 2347s] [542/607] installing gstreamer1-devel-1.16.2-3.oe1
[ 2352s] [543/607] installing json-glib-devel-1.6.2-1.oe1
[ 2355s] [544/607] installing nss-util-3.72.0-2.oe1
[ 2359s] [545/607] installing perl-ExtUtils-ParseXS-2:3.35-1.oe1
[ 2361s] [546/607] installing glib-networking-2.58.0-7.oe1
[ 2365s] [547/607] installing perl-Module-CoreList-1:5.20180920-2.oe1
[ 2368s] [548/607] installing at-spi2-core-devel-2.39.1-1.oe1
[ 2370s] [549/607] installing perl-Digest-SHA-1:6.02-7.oe1
[ 2373s] [550/607] installing perl-Pod-Parser-1.63-397.oe1
[ 2375s] [551/607] installing gdk-pixbuf2-devel-2.42.6-1.oe1
[ 2377s] [552/607] installing perl-Pod-Simple-1:3.35-418.oe1
[ 2379s] [553/607] installing perl-Test-Harness-1:3.43_02-1.oe1
[ 2381s] [554/607] installing cairo-devel-1.16.0-6.fc32
[ 2384s] [555/607] installing docbook-utils-0.6.14-47.oe1
[ 2386s] [556/607] installing harfbuzz-devel-2.7.4-1.oe1
[ 2389s] [557/607] installing perl-Archive-Tar-2.30-421.oe1
[ 2390s] [558/607] installing perl-JSON-PP-1:4.04-2.oe1
[ 2393s] [559/607] installing lvm2-8:2.03.11-1.oe1
[ 2401s] Created symlink /etc/systemd/system/sysinit.target.wants/lvm2-lvmpolld.socket -> /usr/lib/systemd/system/lvm2-lvmpolld.socket.
[ 2401s] [560/607] installing autoconf-2.69-30.oe1
[ 2405s] [561/607] installing git-2.23.0-12.oe1
[ 2418s] [562/607] installing pulseaudio-13.0-4.oe1
[ 2429s] [563/607] installing gtk3-3.24.30-2.oe1
[ 2440s] [564/607] installing cairo-gobject-devel-1.16.0-6.fc32
[ 2443s] [565/607] installing nss-softokn-3.72.0-2.oe1
[ 2446s] [566/607] installing at-spi2-atk-devel-2.38.0-1.oe1
[ 2449s] [567/607] installing perl-Pod-Checker-4:1.73-398.oe1
[ 2451s] [568/607] installing gnome-desktop3-3.38.6-1.oe1
[ 2456s] [569/607] installing libsoup-2.72.0-2.oe1
[ 2460s] [570/607] installing perl-Git-2.23.0-12.oe1
[ 2462s] [571/607] installing gstreamer1-plugins-base-devel-1.16.2-2.oe1
[ 2467s] [572/607] installing gtk-doc-1.33.2-1.oe1
[ 2471s] [573/607] installing perl-CPAN-Meta-2.150010-419.oe1
[ 2474s] [574/607] installing perl-Module-Load-Conditional-0.68-418.oe1
[ 2476s] [575/607] installing libcanberra-0.30-25.oe1
[ 2480s] [576/607] installing automake-1.16.1-6.oe1
[ 2483s] [577/607] installing pango-devel-1.47.0-1.oe1
[ 2487s] [578/607] installing perl-ExtUtils-MakeMaker-1:7.60-1.oe1
[ 2489s] [579/607] installing gtk2-2.24.33-2.oe1
[ 2498s] [580/607] installing clutter-1.26.4-1.oe1
[ 2503s] [581/607] installing ghostscript-9.52-5.oe1
[ 2513s] [582/607] installing gstreamer1-plugins-bad-free-devel-1.16.2-3.oe1
[ 2519s] [583/607] installing libtool-2.4.6-34.oe1
[ 2521s] [584/607] installing perl-ExtUtils-Install-2.14-419.oe1
[ 2523s] [585/607] installing perl-IPC-Cmd-2:1.04-4.oe1
[ 2525s] [586/607] installing libcanberra-gtk3-0.30-25.oe1
[ 2528s] [587/607] installing libappstream-glib-0.7.14-4.oe1
[ 2532s] [588/607] installing clutter-gtk-1.8.4-6.oe1
[ 2535s] [589/607] installing clutter-gst3-3.0.27-1.oe1
[ 2537s] [590/607] installing cogl-devel-1.22.8-1.oe1
[ 2541s] [591/607] installing graphviz-2.44.1-4.oe1
[ 2555s] [592/607] installing gtk2-devel-2.24.33-2.oe1
[ 2566s] [593/607] installing rpm-build-4.15.1-25.oe1
[ 2568s] [594/607] installing gtk3-devel-3.24.30-2.oe1
[ 2595s] [595/607] installing graphviz-devel-2.44.1-4.oe1
[ 2603s] [596/607] installing gcc_secure-1.0-0.9.oe1
[ 2608s] [597/607] installing gobject-introspection-devel-1.66.1-1.oe1
[ 2616s] [598/607] installing perl-File-Fetch-0.56-4.oe1
[ 2618s] [599/607] installing gnome-desktop3-devel-3.38.6-1.oe1
[ 2625s] [600/607] installing perl-devel-4:5.28.0-435.oe1
[ 2645s] [601/607] installing libcanberra-gtk2-0.30-25.oe1
[ 2647s] [602/607] installing clutter-devel-1.26.4-1.oe1
[ 2654s] [603/607] installing clutter-gtk-devel-1.8.4-6.oe1
[ 2657s] [604/607] installing vala-devel-0.50.8-3.oe1
[ 2661s] [605/607] installing libcanberra-devel-0.30-25.oe1
[ 2663s] [606/607] installing clutter-gst3-devel-3.0.27-1.oe1
[ 2668s] [607/607] installing vala-0.50.8-3.oe1
[ 2677s] removing nis flags from /var/cache/obs/worker/root_3/etc/nsswitch.conf...
[ 2677s] now finalizing build dir...
[ 2688s] Running build time source services...
[ 2705s] -----------------------------------------------------------------
[ 2705s] ----- building cheese.spec (user abuild)
[ 2705s] -----------------------------------------------------------------
[ 2705s] -----------------------------------------------------------------
[ 2713s] + exec rpmbuild -ba --define '_srcdefattr (-,root,root)' --nosignature --define 'disturl obs://private/openEuler:Mainline:RISC-V/advanced_riscv64/165eaa9ed9efaa0e45ebe0ce0c88a49c-cheese' /home/abuild/rpmbuild/SOURCES/cheese.spec
[ 2713s] warning: line 40: It's not recommended to have unversioned Obsoletes: Obsoletes:      cheese-libs-devel
[ 2714s] Executing(%prep): /bin/sh -e /var/tmp/rpm-tmp.zNhooh
[ 2714s] + umask 022
[ 2714s] + cd /home/abuild/rpmbuild/BUILD
[ 2714s] + cd /home/abuild/rpmbuild/BUILD
[ 2714s] + rm -rf cheese-3.38.0
[ 2714s] + /usr/bin/xz -dc /home/abuild/rpmbuild/SOURCES/cheese-3.38.0.tar.xz
[ 2714s] + /usr/bin/tar -xof -
[ 2715s] + STATUS=0
[ 2715s] + '[' 0 -ne 0 ']'
[ 2715s] + cd cheese-3.38.0
[ 2715s] + /usr/bin/chmod -Rf a+rX,u+w,g-w,o-w .
[ 2715s] + /usr/bin/cat /home/abuild/rpmbuild/SOURCES/Fix-infinite-loop-if-thumbnailer-is-not-available.patch
[ 2715s] + /usr/bin/patch -p1 -s --fuzz=0 --no-backup-if-mismatch
[ 2715s] + RPM_EC=0
[ 2716s] ++ jobs -p
[ 2716s] + exit 0
[ 2716s] Executing(%build): /bin/sh -e /var/tmp/rpm-tmp.xat9mf
[ 2716s] + umask 022
[ 2716s] + cd /home/abuild/rpmbuild/BUILD
[ 2716s] + cd cheese-3.38.0
[ 2716s] + CFLAGS='-O2 -g -pipe -Wall -Werror=format-security -Wp,-D_FORTIFY_SOURCE=2 -Wp,-D_GLIBCXX_ASSERTIONS -fstack-protector-strong -grecord-gcc-switches -specs=/usr/lib/rpm/generic-hardened-cc1 -fasynchronous-unwind-tables -fstack-clash-protection'
[ 2716s] + export CFLAGS
[ 2716s] + CXXFLAGS='-O2 -g -pipe -Wall -Werror=format-security -Wp,-D_FORTIFY_SOURCE=2 -Wp,-D_GLIBCXX_ASSERTIONS -fstack-protector-strong -grecord-gcc-switches -specs=/usr/lib/rpm/generic-hardened-cc1 -fasynchronous-unwind-tables -fstack-clash-protection -fexceptions'
[ 2716s] + export CXXFLAGS
[ 2716s] + FFLAGS='-O2 -g -pipe -Wall -Werror=format-security -Wp,-D_FORTIFY_SOURCE=2 -Wp,-D_GLIBCXX_ASSERTIONS -fstack-protector-strong -grecord-gcc-switches -specs=/usr/lib/rpm/generic-hardened-cc1 -fasynchronous-unwind-tables -fstack-clash-protection -fexceptions -I/usr/lib64/gfortran/modules'
[ 2716s] + export FFLAGS
[ 2716s] + FCFLAGS='-O2 -g -pipe -Wall -Werror=format-security -Wp,-D_FORTIFY_SOURCE=2 -Wp,-D_GLIBCXX_ASSERTIONS -fstack-protector-strong -grecord-gcc-switches -specs=/usr/lib/rpm/generic-hardened-cc1 -fasynchronous-unwind-tables -fstack-clash-protection -fexceptions -I/usr/lib64/gfortran/modules'
[ 2716s] + export FCFLAGS
[ 2716s] + LDFLAGS='-Wl,-z,relro   -Wl,-z,now -specs=/usr/lib/rpm/generic-hardened-ld'
[ 2716s] + export LDFLAGS
[ 2716s] + /usr/bin/meson --buildtype=plain --prefix=/usr --libdir=/usr/lib64 --libexecdir=/usr/libexec --bindir=/usr/bin --sbindir=/usr/sbin --includedir=/usr/include --datadir=/usr/share --mandir=/usr/share/man --infodir=/usr/share/info --localedir=/usr/share/locale --sysconfdir=/etc --localstatedir=/var --sharedstatedir=/var/lib --wrap-mode=nodownload --auto-features=enabled . riscv64-openEuler-linux-gnu -Dtests=false
[ 2828s] The Meson build system
[ 2828s] Version: 0.59.4
[ 2828s] Source dir: /home/abuild/rpmbuild/BUILD/cheese-3.38.0
[ 2828s] Build dir: /home/abuild/rpmbuild/BUILD/cheese-3.38.0/riscv64-openEuler-linux-gnu
[ 2828s] Build type: native build
[ 2828s] Project name: cheese
[ 2828s] Project version: 3.38.0
[ 2828s] C compiler for the host machine: cc (gcc 10.3.1 "gcc_old (GCC) 10.3.1")
[ 2828s] C linker for the host machine: cc ld.bfd 2.37
[ 2828s] Vala compiler for the host machine: valac (valac 0.50.8)
[ 2828s] Host machine cpu family: riscv64
[ 2828s] Host machine cpu: riscv64
[ 2828s] Found pkg-config: /usr/bin/pkg-config (1.7.3)
[ 2828s] Run-time dependency clutter-1.0 found: YES 1.26.4
[ 2828s] Run-time dependency clutter-gst-3.0 found: YES 3.0.27
[ 2828s] Run-time dependency clutter-gtk-1.0 found: YES 1.8.4
[ 2828s] Run-time dependency gdk-pixbuf-2.0 found: YES 2.42.6
[ 2828s] Run-time dependency gio-2.0 found: YES 2.66.8
[ 2828s] Run-time dependency glib-2.0 found: YES 2.66.8
[ 2828s] Run-time dependency gnome-desktop-3.0 found: YES 3.38.6
[ 2828s] Run-time dependency gstreamer-1.0 found: YES 1.16.2
[ 2828s] Run-time dependency gstreamer-pbutils-1.0 found: YES 1.16.2
[ 2828s] Run-time dependency gstreamer-plugins-bad-1.0 found: YES 1.16.2
[ 2828s] Run-time dependency gtk+-3.0 found: YES 3.24.30
[ 2828s] Run-time dependency libcanberra found: YES 0.30
[ 2828s] Library canberra-gtk3 found: YES
[ 2828s] Library m found: YES
[ 2828s] Library cheese-common found: YES
[ 2828s] Library cheese-thumbview found: YES
[ 2828s] Library config found: YES
[ 2828s] Library eogthumbnav found: YES
[ 2828s] Library posix found: YES
[ 2828s] Run-time dependency x11 found: YES 1.6.9
[ 2828s] Has header "X11/extensions/XTest.h" with dependency x11: YES 
[ 2828s] Run-time dependency xtst found: YES 1.2.3
[ 2828s] Checking for function "XTestFakeKeyEvent" with dependency xtst: YES 
[ 2828s] Run-time dependency dbus-1 found: YES 1.12.20
[ 2828s] Found CMake: /usr/bin/cmake (3.22.0)
[ 2828s] WARNING: CMake Toolchain: Failed to determine CMake compilers state
[ 2828s] Run-time dependency gnome-video-effects found: NO (tried pkgconfig and cmake)
[ 2828s] Message: The gnome-video-effects package is required at runtime for effects
[ 2828s] Message: The gnome-video-effects package is required at runtime for effects
[ 2828s] Program gst-inspect-1.0 found: YES (/usr/bin/gst-inspect-1.0)
[ 2828s] meson.build:154: WARNING: vp8enc was not found. It needs to be installed before Cheese is run
[ 2828s] meson.build:154: WARNING: webmmux was not found. It needs to be installed before Cheese is run
[ 2828s] Run-time dependency gobject-introspection-1.0 found: YES 1.66.1
[ 2828s] Found pkg-config: /usr/bin/pkg-config (1.7.3)
[ 2828s] Program glib-compile-resources found: YES (/usr/bin/glib-compile-resources)
[ 2828s] Configuring org.gnome.Cheese.service using configuration
[ 2828s] Dependency gobject-introspection-1.0 found: YES 1.66.1 (cached)
[ 2828s] Dependency gobject-introspection-1.0 found: YES 1.66.1 (cached)
[ 2828s] Program g-ir-scanner found: YES (/usr/bin/g-ir-scanner)
[ 2828s] Dependency gobject-introspection-1.0 found: YES 1.66.1 (cached)
[ 2828s] Program g-ir-compiler found: YES (/usr/bin/g-ir-compiler)
[ 2828s] Program glib-mkenums found: YES (/usr/bin/glib-mkenums)
[ 2828s] Program glib-mkenums found: YES (/usr/bin/glib-mkenums)
[ 2828s] Compiler for C supports link arguments -Wl,--version-script,/home/abuild/rpmbuild/BUILD/cheese-3.38.0/libcheese/cheese-gtk.map: YES 
[ 2828s] Configuring version.xml using configuration
[ 2828s] Program gtkdoc-scan found: YES (/usr/bin/gtkdoc-scan)
[ 2828s] Program gtkdoc-scangobj found: YES (/usr/bin/gtkdoc-scangobj)
[ 2828s] Program gtkdoc-mkdb found: YES (/usr/bin/gtkdoc-mkdb)
[ 2828s] Program gtkdoc-mkhtml found: YES (/usr/bin/gtkdoc-mkhtml)
[ 2828s] Program gtkdoc-fixxref found: YES (/usr/bin/gtkdoc-fixxref)
[ 2828s] Program xsltproc found: YES (/usr/bin/xsltproc)
[ 2828s] Configuring config.h using configuration
[ 2828s] Program meson_post_install.py found: YES (/usr/bin/python3 /home/abuild/rpmbuild/BUILD/cheese-3.38.0/meson_post_install.py)
[ 2828s] Build targets in project: 19
[ 2828s] 
[ 2828s] Option buildtype is: plain [default: debugoptimized]
[ 2828s] Found ninja-1.8.2 at /usr/bin/ninja
[ 2829s] + /usr/bin/meson compile -C riscv64-openEuler-linux-gnu -j 8 --verbose
[ 2836s] ninja: Entering directory `riscv64-openEuler-linux-gnu'
[ 2838s] [1/39] /usr/bin/glib-compile-resources ../data/org.gnome.Cheese.gresource.xml --sourcedir data --sourcedir ../data --c-name cheese --generate --target data/cheese-resource.h
[ 2840s] [2/39] /usr/bin/glib-compile-resources ../data/org.gnome.Cheese.gresource.xml --sourcedir data --sourcedir ../data --c-name cheese --generate --target data/cheese-resource.c --dependency-file data/cheese-resource.c.d
[ 2850s] [3/39] cc -Ilibcheese/libcheese.so.8.0.15.p -Ilibcheese -I../libcheese -I. -I.. -I/usr/include/clutter-1.0 -I/usr/include/cogl -I/usr/include/cairo -I/usr/include/glib-2.0 -I/usr/lib64/glib-2.0/include -I/usr/include/pixman-1 -I/usr/include/freetype2 -I/usr/include/libpng16 -I/usr/include/libxml2 -I/usr/include/gdk-pixbuf-2.0 -I/usr/include/libmount -I/usr/include/blkid -I/usr/include/libdrm -I/usr/include/atk-1.0 -I/usr/include/pango-1.0 -I/usr/include/harfbuzz -I/usr/include/fribidi -I/usr/include/json-glib-1.0 -I/usr/include/gtk-3.0 -I/usr/include/gio-unix-2.0 -I/usr/include/gstreamer-1.0 -I/usr/include/clutter-gst-3.0 -I/usr/include/orc-0.4 -fdiagnostics-color=always -D_FILE_OFFSET_BITS=64 -Wall -Winvalid-pch -DHAVE_CONFIG_H -O2 -g -pipe -Wall -Werror=format-security -Wp,-D_FORTIFY_SOURCE=2 -Wp,-D_GLIBCXX_ASSERTIONS -fstack-protector-strong -grecord-gcc-switches -specs=/usr/lib/rpm/generic-hardened-cc1 -fasynchronous-unwind-tables -fstack-clash-protection -fPIC -pthread '-DG_LOG_DOMAIN="cheese"' -MD -MQ libcheese/libcheese.so.8.0.15.p/cheese-camera-device-monitor.c.o -MF libcheese/libcheese.so.8.0.15.p/cheese-camera-device-monitor.c.o.d -o libcheese/libcheese.so.8.0.15.p/cheese-camera-device-monitor.c.o -c ../libcheese/cheese-camera-device-monitor.c
[ 2851s] [4/39] cc -Ilibcheese/libcheese.so.8.0.15.p -Ilibcheese -I../libcheese -I. -I.. -I/usr/include/clutter-1.0 -I/usr/include/cogl -I/usr/include/cairo -I/usr/include/glib-2.0 -I/usr/lib64/glib-2.0/include -I/usr/include/pixman-1 -I/usr/include/freetype2 -I/usr/include/libpng16 -I/usr/include/libxml2 -I/usr/include/gdk-pixbuf-2.0 -I/usr/include/libmount -I/usr/include/blkid -I/usr/include/libdrm -I/usr/include/atk-1.0 -I/usr/include/pango-1.0 -I/usr/include/harfbuzz -I/usr/include/fribidi -I/usr/include/json-glib-1.0 -I/usr/include/gtk-3.0 -I/usr/include/gio-unix-2.0 -I/usr/include/gstreamer-1.0 -I/usr/include/clutter-gst-3.0 -I/usr/include/orc-0.4 -fdiagnostics-color=always -D_FILE_OFFSET_BITS=64 -Wall -Winvalid-pch -DHAVE_CONFIG_H -O2 -g -pipe -Wall -Werror=format-security -Wp,-D_FORTIFY_SOURCE=2 -Wp,-D_GLIBCXX_ASSERTIONS -fstack-protector-strong -grecord-gcc-switches -specs=/usr/lib/rpm/generic-hardened-cc1 -fasynchronous-unwind-tables -fstack-clash-protection -fPIC -pthread '-DG_LOG_DOMAIN="cheese"' -MD -MQ libcheese/libcheese.so.8.0.15.p/cheese-effect.c.o -MF libcheese/libcheese.so.8.0.15.p/cheese-effect.c.o.d -o libcheese/libcheese.so.8.0.15.p/cheese-effect.c.o -c ../libcheese/cheese-effect.c
[ 2851s] [5/39] cc -Ilibcheese/libcheese.so.8.0.15.p -Ilibcheese -I../libcheese -I. -I.. -I/usr/include/clutter-1.0 -I/usr/include/cogl -I/usr/include/cairo -I/usr/include/glib-2.0 -I/usr/lib64/glib-2.0/include -I/usr/include/pixman-1 -I/usr/include/freetype2 -I/usr/include/libpng16 -I/usr/include/libxml2 -I/usr/include/gdk-pixbuf-2.0 -I/usr/include/libmount -I/usr/include/blkid -I/usr/include/libdrm -I/usr/include/atk-1.0 -I/usr/include/pango-1.0 -I/usr/include/harfbuzz -I/usr/include/fribidi -I/usr/include/json-glib-1.0 -I/usr/include/gtk-3.0 -I/usr/include/gio-unix-2.0 -I/usr/include/gstreamer-1.0 -I/usr/include/clutter-gst-3.0 -I/usr/include/orc-0.4 -fdiagnostics-color=always -D_FILE_OFFSET_BITS=64 -Wall -Winvalid-pch -DHAVE_CONFIG_H -O2 -g -pipe -Wall -Werror=format-security -Wp,-D_FORTIFY_SOURCE=2 -Wp,-D_GLIBCXX_ASSERTIONS -fstack-protector-strong -grecord-gcc-switches -specs=/usr/lib/rpm/generic-hardened-cc1 -fasynchronous-unwind-tables -fstack-clash-protection -fPIC -pthread '-DG_LOG_DOMAIN="cheese"' -MD -MQ libcheese/libcheese.so.8.0.15.p/cheese-fileutil.c.o -MF libcheese/libcheese.so.8.0.15.p/cheese-fileutil.c.o.d -o libcheese/libcheese.so.8.0.15.p/cheese-fileutil.c.o -c ../libcheese/cheese-fileutil.c
[ 2852s] [6/39] /usr/bin/meson --internal msgfmthelper ../data/org.gnome.Cheese.desktop.in data/org.gnome.Cheese.desktop desktop /home/abuild/rpmbuild/BUILD/cheese-3.38.0/po
[ 2853s] [7/39] /usr/bin/meson --internal msgfmthelper ../data/org.gnome.Cheese.appdata.xml.in data/org.gnome.Cheese.appdata.xml xml /home/abuild/rpmbuild/BUILD/cheese-3.38.0/po
[ 2853s] [8/39] cc -Ilibcheese/libcheese.so.8.0.15.p -Ilibcheese -I../libcheese -I. -I.. -I/usr/include/clutter-1.0 -I/usr/include/cogl -I/usr/include/cairo -I/usr/include/glib-2.0 -I/usr/lib64/glib-2.0/include -I/usr/include/pixman-1 -I/usr/include/freetype2 -I/usr/include/libpng16 -I/usr/include/libxml2 -I/usr/include/gdk-pixbuf-2.0 -I/usr/include/libmount -I/usr/include/blkid -I/usr/include/libdrm -I/usr/include/atk-1.0 -I/usr/include/pango-1.0 -I/usr/include/harfbuzz -I/usr/include/fribidi -I/usr/include/json-glib-1.0 -I/usr/include/gtk-3.0 -I/usr/include/gio-unix-2.0 -I/usr/include/gstreamer-1.0 -I/usr/include/clutter-gst-3.0 -I/usr/include/orc-0.4 -fdiagnostics-color=always -D_FILE_OFFSET_BITS=64 -Wall -Winvalid-pch -DHAVE_CONFIG_H -O2 -g -pipe -Wall -Werror=format-security -Wp,-D_FORTIFY_SOURCE=2 -Wp,-D_GLIBCXX_ASSERTIONS -fstack-protector-strong -grecord-gcc-switches -specs=/usr/lib/rpm/generic-hardened-cc1 -fasynchronous-unwind-tables -fstack-clash-protection -fPIC -pthread '-DG_LOG_DOMAIN="cheese"' -MD -MQ libcheese/libcheese.so.8.0.15.p/cheese.c.o -MF libcheese/libcheese.so.8.0.15.p/cheese.c.o.d -o libcheese/libcheese.so.8.0.15.p/cheese.c.o -c ../libcheese/cheese.c
[ 2854s] [9/39] cc -Ilibcheese/libcheese.so.8.0.15.p -Ilibcheese -I../libcheese -I. -I.. -I/usr/include/clutter-1.0 -I/usr/include/cogl -I/usr/include/cairo -I/usr/include/glib-2.0 -I/usr/lib64/glib-2.0/include -I/usr/include/pixman-1 -I/usr/include/freetype2 -I/usr/include/libpng16 -I/usr/include/libxml2 -I/usr/include/gdk-pixbuf-2.0 -I/usr/include/libmount -I/usr/include/blkid -I/usr/include/libdrm -I/usr/include/atk-1.0 -I/usr/include/pango-1.0 -I/usr/include/harfbuzz -I/usr/include/fribidi -I/usr/include/json-glib-1.0 -I/usr/include/gtk-3.0 -I/usr/include/gio-unix-2.0 -I/usr/include/gstreamer-1.0 -I/usr/include/clutter-gst-3.0 -I/usr/include/orc-0.4 -fdiagnostics-color=always -D_FILE_OFFSET_BITS=64 -Wall -Winvalid-pch -DHAVE_CONFIG_H -O2 -g -pipe -Wall -Werror=format-security -Wp,-D_FORTIFY_SOURCE=2 -Wp,-D_GLIBCXX_ASSERTIONS -fstack-protector-strong -grecord-gcc-switches -specs=/usr/lib/rpm/generic-hardened-cc1 -fasynchronous-unwind-tables -fstack-clash-protection -fPIC -pthread '-DG_LOG_DOMAIN="cheese"' -MD -MQ libcheese/libcheese.so.8.0.15.p/cheese-camera-device.c.o -MF libcheese/libcheese.so.8.0.15.p/cheese-camera-device.c.o.d -o libcheese/libcheese.so.8.0.15.p/cheese-camera-device.c.o -c ../libcheese/cheese-camera-device.c
[ 2857s] [10/39] /usr/bin/xsltproc --output docs/reference/cheese.1 --nonet --path /home/abuild/rpmbuild/BUILD/cheese-3.38.0/riscv64-openEuler-linux-gnu/docs/reference http://docbook.sourceforge.net/release/xsl/current/manpages/docbook.xsl ../docs/reference/cheese.xml
[ 2857s] Note: Writing cheese.1
[ 2862s] [11/39] /usr/bin/meson --internal exe --unpickle /home/abuild/rpmbuild/BUILD/cheese-3.38.0/riscv64-openEuler-linux-gnu/meson-private/meson_exe_glib-mkenums_f68fb81555f373c2f1144d03541514595b9d9628.dat
[ 2863s] [12/39] /usr/bin/meson --internal exe --unpickle /home/abuild/rpmbuild/BUILD/cheese-3.38.0/riscv64-openEuler-linux-gnu/meson-private/meson_exe_glib-mkenums_6787b3ad8b9f25767e94daef4026e4874e230f83.dat
[ 2865s] [13/39] cc -Ilibcheese/libcheese.so.8.0.15.p -Ilibcheese -I../libcheese -I. -I.. -I/usr/include/clutter-1.0 -I/usr/include/cogl -I/usr/include/cairo -I/usr/include/glib-2.0 -I/usr/lib64/glib-2.0/include -I/usr/include/pixman-1 -I/usr/include/freetype2 -I/usr/include/libpng16 -I/usr/include/libxml2 -I/usr/include/gdk-pixbuf-2.0 -I/usr/include/libmount -I/usr/include/blkid -I/usr/include/libdrm -I/usr/include/atk-1.0 -I/usr/include/pango-1.0 -I/usr/include/harfbuzz -I/usr/include/fribidi -I/usr/include/json-glib-1.0 -I/usr/include/gtk-3.0 -I/usr/include/gio-unix-2.0 -I/usr/include/gstreamer-1.0 -I/usr/include/clutter-gst-3.0 -I/usr/include/orc-0.4 -fdiagnostics-color=always -D_FILE_OFFSET_BITS=64 -Wall -Winvalid-pch -DHAVE_CONFIG_H -O2 -g -pipe -Wall -Werror=format-security -Wp,-D_FORTIFY_SOURCE=2 -Wp,-D_GLIBCXX_ASSERTIONS -fstack-protector-strong -grecord-gcc-switches -specs=/usr/lib/rpm/generic-hardened-cc1 -fasynchronous-unwind-tables -fstack-clash-protection -fPIC -pthread '-DG_LOG_DOMAIN="cheese"' -MD -MQ libcheese/libcheese.so.8.0.15.p/cheese-camera.c.o -MF libcheese/libcheese.so.8.0.15.p/cheese-camera.c.o.d -o libcheese/libcheese.so.8.0.15.p/cheese-camera.c.o -c ../libcheese/cheese-camera.c
[ 2865s] ../libcheese/cheese-camera.c: In function cheese_camera_set_effect:
[ 2865s] ../libcheese/cheese-camera.c:936:3: warning: this else clause does not guard... [-Wmisleading-indentation]
[ 2865s]   936 |   else
[ 2865s]       |   ^~~~
[ 2865s] ../libcheese/cheese-camera.c:939:5: note: ...this statement, but the latter is misleadingly indented as if it were guarded by the else
[ 2865s]   939 |     if (effect_filter != NULL)
[ 2865s]       |     ^~
[ 2869s] [14/39] cc  -o libcheese/libcheese.so.8.0.15 libcheese/libcheese.so.8.0.15.p/cheese.c.o libcheese/libcheese.so.8.0.15.p/cheese-camera.c.o libcheese/libcheese.so.8.0.15.p/cheese-camera-device.c.o libcheese/libcheese.so.8.0.15.p/cheese-camera-device-monitor.c.o libcheese/libcheese.so.8.0.15.p/cheese-effect.c.o libcheese/libcheese.so.8.0.15.p/cheese-fileutil.c.o -Wl,--as-needed -Wl,--no-undefined -shared -fPIC -Wl,--start-group -Wl,-soname,libcheese.so.8 -Wl,-z,relro -Wl,-z,now -specs=/usr/lib/rpm/generic-hardened-ld -O2 -g -pipe -Wall -Werror=format-security -Wp,-D_FORTIFY_SOURCE=2 -Wp,-D_GLIBCXX_ASSERTIONS -fstack-protector-strong -grecord-gcc-switches -specs=/usr/lib/rpm/generic-hardened-cc1 -fasynchronous-unwind-tables -fstack-clash-protection /usr/lib64/libclutter-1.0.so /usr/lib64/libglib-2.0.so /usr/lib64/libcogl-path.so /usr/lib64/libatk-1.0.so /usr/lib64/libcogl-pango.so /usr/lib64/libcogl.so /usr/lib64/libgmodule-2.0.so -pthread /usr/lib64/libwayland-egl.so /usr/lib64/libgbm.so /usr/lib64/libdrm.so /usr/lib64/libEGL.so /usr/lib64/libXrandr.so /usr/lib64/libjson-glib-1.0.so /usr/lib64/libgio-2.0.so /usr/lib64/libgdk-3.so /usr/lib64/libpangocairo-1.0.so /usr/lib64/libpango-1.0.so /usr/lib64/libharfbuzz.so /usr/lib64/libgdk_pixbuf-2.0.so /usr/lib64/libcairo-gobject.so /usr/lib64/libcairo.so /usr/lib64/libgobject-2.0.so /usr/lib64/libwayland-cursor.so /usr/lib64/libwayland-client.so /usr/lib64/libxkbcommon.so /usr/lib64/libwayland-server.so /usr/lib64/libX11.so /usr/lib64/libXext.so /usr/lib64/libXdamage.so /usr/lib64/libXfixes.so /usr/lib64/libXcomposite.so /usr/lib64/libXi.so /usr/lib64/libgstreamer-1.0.so /usr/lib64/libclutter-gst-3.0.so /usr/lib64/libgstvideo-1.0.so /usr/lib64/libgstbase-1.0.so /usr/lib64/libgstpbutils-1.0.so /usr/lib64/libgstaudio-1.0.so -Wl,--end-group
[ 2872s] [15/39] cc -Isrc/cheese.p -Isrc -I../src -I. -I.. -Ilibcheese -I../libcheese -Idata -I/usr/include/gnome-desktop-3.0 -I/usr/include/gtk-3.0 -I/usr/include/pango-1.0 -I/usr/include/glib-2.0 -I/usr/lib64/glib-2.0/include -I/usr/include/harfbuzz -I/usr/include/freetype2 -I/usr/include/libpng16 -I/usr/include/libmount -I/usr/include/blkid -I/usr/include/fribidi -I/usr/include/libxml2 -I/usr/include/cairo -I/usr/include/pixman-1 -I/usr/include/gdk-pixbuf-2.0 -I/usr/include/gio-unix-2.0 -I/usr/include/atk-1.0 -I/usr/include/at-spi2-atk/2.0 -I/usr/include/dbus-1.0 -I/usr/lib64/dbus-1.0/include -I/usr/include/at-spi-2.0 -I/usr/include/gsettings-desktop-schemas -I/usr/include/clutter-gtk-1.0 -I/usr/include/clutter-1.0 -I/usr/include/cogl -I/usr/include/libdrm -I/usr/include/json-glib-1.0 -I/usr/include/gstreamer-1.0 -fdiagnostics-color=always -D_FILE_OFFSET_BITS=64 -Wall -Winvalid-pch -DHAVE_CONFIG_H -O2 -g -pipe -Wall -Werror=format-security -Wp,-D_FORTIFY_SOURCE=2 -Wp,-D_GLIBCXX_ASSERTIONS -fstack-protector-strong -grecord-gcc-switches -specs=/usr/lib/rpm/generic-hardened-cc1 -fasynchronous-unwind-tables -fstack-clash-protection -pthread -D_REENTRANT '-DPACKAGE_LOCALEDIR="/usr/share/locale"' -DGNOME_DESKTOP_USE_UNSTABLE_API=1 '-DGETTEXT_PACKAGE="cheese"' -MD -MQ src/cheese.p/meson-generated_.._.._data_cheese-resource.c.o -MF src/cheese.p/meson-generated_.._.._data_cheese-resource.c.o.d -o src/cheese.p/meson-generated_.._.._data_cheese-resource.c.o -c data/cheese-resource.c
[ 2879s] [16/39] /usr/bin/g-ir-scanner --no-libtool --namespace=Cheese --nsversion=3.0 --warn-all --output libcheese/Cheese-3.0.gir -I/home/abuild/rpmbuild/BUILD/cheese-3.38.0/libcheese -I/home/abuild/rpmbuild/BUILD/cheese-3.38.0/riscv64-openEuler-linux-gnu/libcheese -I/home/abuild/rpmbuild/BUILD/cheese-3.38.0/riscv64-openEuler-linux-gnu/. -I/home/abuild/rpmbuild/BUILD/cheese-3.38.0/. --filelist=/home/abuild/rpmbuild/BUILD/cheese-3.38.0/riscv64-openEuler-linux-gnu/libcheese/libcheese.so.8.0.15.p/Cheese_3.0_gir_filelist --include=Clutter-1.0 --include=GdkPixbuf-2.0 --include=Gst-1.0 --pkg-export=cheese --cflags-begin -DHAVE_CONFIG_H -I/home/abuild/rpmbuild/BUILD/cheese-3.38.0/riscv64-openEuler-linux-gnu/. -I/home/abuild/rpmbuild/BUILD/cheese-3.38.0/. -I/usr/include/clutter-1.0 -I/usr/include/cogl -I/usr/include/cairo -I/usr/include/glib-2.0 -I/usr/lib64/glib-2.0/include -I/usr/include/pixman-1 -I/usr/include/freetype2 -I/usr/include/libpng16 -I/usr/include/libxml2 -I/usr/include/gdk-pixbuf-2.0 -I/usr/include/libmount -I/usr/include/blkid -I/usr/include/libdrm -I/usr/include/atk-1.0 -I/usr/include/pango-1.0 -I/usr/include/harfbuzz -I/usr/include/fribidi -I/usr/include/json-glib-1.0 -I/usr/include/gtk-3.0 -I/usr/include/gio-unix-2.0 -I/usr/include/gstreamer-1.0 -I/usr/include/clutter-gst-3.0 -I/usr/include/orc-0.4 -I/usr/include/gobject-introspection-1.0 --cflags-end --add-include-path=/usr/share/gir-1.0 -L/home/abuild/rpmbuild/BUILD/cheese-3.38.0/riscv64-openEuler-linux-gnu/libcheese --library cheese -lclutter-1.0 -lglib-2.0 -lcogl-path -latk-1.0 -lcogl-pango -lcogl -lgmodule-2.0 -lwayland-egl -lgbm -ldrm -lEGL -lXrandr -ljson-glib-1.0 -lgio-2.0 -lgdk-3 -lpangocairo-1.0 -lpango-1.0 -lharfbuzz -lgdk_pixbuf-2.0 -lcairo-gobject -lcairo -lgobject-2.0 -lwayland-cursor -lwayland-client -lxkbcommon -lwayland-server -lX11 -lXext -lXdamage -lXfixes -lXcomposite -lXi -lgstreamer-1.0 -lclutter-gst-3.0 -lgstvideo-1.0 -lgstbase-1.0 -lgstpbutils-1.0 -lgstaudio-1.0 -lgirepository-1.0
[ 2879s] FAILED: libcheese/Cheese-3.0.gir 
[ 2879s] /usr/bin/g-ir-scanner --no-libtool --namespace=Cheese --nsversion=3.0 --warn-all --output libcheese/Cheese-3.0.gir -I/home/abuild/rpmbuild/BUILD/cheese-3.38.0/libcheese -I/home/abuild/rpmbuild/BUILD/cheese-3.38.0/riscv64-openEuler-linux-gnu/libcheese -I/home/abuild/rpmbuild/BUILD/cheese-3.38.0/riscv64-openEuler-linux-gnu/. -I/home/abuild/rpmbuild/BUILD/cheese-3.38.0/. --filelist=/home/abuild/rpmbuild/BUILD/cheese-3.38.0/riscv64-openEuler-linux-gnu/libcheese/libcheese.so.8.0.15.p/Cheese_3.0_gir_filelist --include=Clutter-1.0 --include=GdkPixbuf-2.0 --include=Gst-1.0 --pkg-export=cheese --cflags-begin -DHAVE_CONFIG_H -I/home/abuild/rpmbuild/BUILD/cheese-3.38.0/riscv64-openEuler-linux-gnu/. -I/home/abuild/rpmbuild/BUILD/cheese-3.38.0/. -I/usr/include/clutter-1.0 -I/usr/include/cogl -I/usr/include/cairo -I/usr/include/glib-2.0 -I/usr/lib64/glib-2.0/include -I/usr/include/pixman-1 -I/usr/include/freetype2 -I/usr/include/libpng16 -I/usr/include/libxml2 -I/usr/include/gdk-pixbuf-2.0 -I/usr/include/libmount -I/usr/include/blkid -I/usr/include/libdrm -I/usr/include/atk-1.0 -I/usr/include/pango-1.0 -I/usr/include/harfbuzz -I/usr/include/fribidi -I/usr/include/json-glib-1.0 -I/usr/include/gtk-3.0 -I/usr/include/gio-unix-2.0 -I/usr/include/gstreamer-1.0 -I/usr/include/clutter-gst-3.0 -I/usr/include/orc-0.4 -I/usr/include/gobject-introspection-1.0 --cflags-end --add-include-path=/usr/share/gir-1.0 -L/home/abuild/rpmbuild/BUILD/cheese-3.38.0/riscv64-openEuler-linux-gnu/libcheese --library cheese -lclutter-1.0 -lglib-2.0 -lcogl-path -latk-1.0 -lcogl-pango -lcogl -lgmodule-2.0 -lwayland-egl -lgbm -ldrm -lEGL -lXrandr -ljson-glib-1.0 -lgio-2.0 -lgdk-3 -lpangocairo-1.0 -lpango-1.0 -lharfbuzz -lgdk_pixbuf-2.0 -lcairo-gobject -lcairo -lgobject-2.0 -lwayland-cursor -lwayland-client -lxkbcommon -lwayland-server -lX11 -lXext -lXdamage -lXfixes -lXcomposite -lXi -lgstreamer-1.0 -lclutter-gst-3.0 -lgstvideo-1.0 -lgstbase-1.0 -lgstpbutils-1.0 -lgstaudio-1.0 -lgirepository-1.0
[ 2879s] Traceback (most recent call last):
[ 2879s]   File "/usr/bin/g-ir-scanner", line 98, in <module>
[ 2879s]     from giscanner.scannermain import scanner_main
[ 2879s]   File "/usr/lib64/gobject-introspection/giscanner/scannermain.py", line 35, in <module>
[ 2879s]     from giscanner.ast import Include, Namespace
[ 2879s]   File "/usr/lib64/gobject-introspection/giscanner/ast.py", line 29, in <module>
[ 2879s]     from .sourcescanner import CTYPE_TYPEDEF, CSYMBOL_TYPE_TYPEDEF
[ 2879s]   File "/usr/lib64/gobject-introspection/giscanner/sourcescanner.py", line 35, in <module>
[ 2879s]     from giscanner._giscanner import SourceScanner as CSourceScanner
[ 2879s] ModuleNotFoundError: No module named 'giscanner._giscanner'
[ 2880s] [17/39] /usr/bin/meson --internal symbolextractor /home/abuild/rpmbuild/BUILD/cheese-3.38.0/riscv64-openEuler-linux-gnu libcheese/libcheese.so.8.0.15 libcheese/libcheese.so.8.0.15 libcheese/libcheese.so.8.0.15.p/libcheese.so.8.0.15.symbols 
[ 2884s] [18/39] cc -Ilibcheese/libcheese-gtk.so.25.1.5.p -Ilibcheese -I../libcheese -I. -I.. -I/usr/include/clutter-gtk-1.0 -I/usr/include/clutter-1.0 -I/usr/include/cogl -I/usr/include/cairo -I/usr/include/glib-2.0 -I/usr/lib64/glib-2.0/include -I/usr/include/pixman-1 -I/usr/include/freetype2 -I/usr/include/libpng16 -I/usr/include/libxml2 -I/usr/include/gdk-pixbuf-2.0 -I/usr/include/libmount -I/usr/include/blkid -I/usr/include/libdrm -I/usr/include/atk-1.0 -I/usr/include/pango-1.0 -I/usr/include/harfbuzz -I/usr/include/fribidi -I/usr/include/json-glib-1.0 -I/usr/include/gtk-3.0 -I/usr/include/gio-unix-2.0 -I/usr/include/at-spi2-atk/2.0 -I/usr/include/dbus-1.0 -I/usr/lib64/dbus-1.0/include -I/usr/include/at-spi-2.0 -I/usr/include/clutter-gst-3.0 -I/usr/include/gstreamer-1.0 -I/usr/include/orc-0.4 -fdiagnostics-color=always -D_FILE_OFFSET_BITS=64 -Wall -Winvalid-pch -DHAVE_CONFIG_H -O2 -g -pipe -Wall -Werror=format-security -Wp,-D_FORTIFY_SOURCE=2 -Wp,-D_GLIBCXX_ASSERTIONS -fstack-protector-strong -grecord-gcc-switches -specs=/usr/lib/rpm/generic-hardened-cc1 -fasynchronous-unwind-tables -fstack-clash-protection -fPIC -pthread '-DG_LOG_DOMAIN="cheese-gtk"' -MD -MQ libcheese/libcheese-gtk.so.25.1.5.p/meson-generated_.._cheese-enums.c.o -MF libcheese/libcheese-gtk.so.25.1.5.p/meson-generated_.._cheese-enums.c.o.d -o libcheese/libcheese-gtk.so.25.1.5.p/meson-generated_.._cheese-enums.c.o -c libcheese/cheese-enums.c
[ 2886s] [19/39] cc -Ilibcheese/libcheese-gtk.so.25.1.5.p -Ilibcheese -I../libcheese -I. -I.. -I/usr/include/clutter-gtk-1.0 -I/usr/include/clutter-1.0 -I/usr/include/cogl -I/usr/include/cairo -I/usr/include/glib-2.0 -I/usr/lib64/glib-2.0/include -I/usr/include/pixman-1 -I/usr/include/freetype2 -I/usr/include/libpng16 -I/usr/include/libxml2 -I/usr/include/gdk-pixbuf-2.0 -I/usr/include/libmount -I/usr/include/blkid -I/usr/include/libdrm -I/usr/include/atk-1.0 -I/usr/include/pango-1.0 -I/usr/include/harfbuzz -I/usr/include/fribidi -I/usr/include/json-glib-1.0 -I/usr/include/gtk-3.0 -I/usr/include/gio-unix-2.0 -I/usr/include/at-spi2-atk/2.0 -I/usr/include/dbus-1.0 -I/usr/lib64/dbus-1.0/include -I/usr/include/at-spi-2.0 -I/usr/include/clutter-gst-3.0 -I/usr/include/gstreamer-1.0 -I/usr/include/orc-0.4 -fdiagnostics-color=always -D_FILE_OFFSET_BITS=64 -Wall -Winvalid-pch -DHAVE_CONFIG_H -O2 -g -pipe -Wall -Werror=format-security -Wp,-D_FORTIFY_SOURCE=2 -Wp,-D_GLIBCXX_ASSERTIONS -fstack-protector-strong -grecord-gcc-switches -specs=/usr/lib/rpm/generic-hardened-cc1 -fasynchronous-unwind-tables -fstack-clash-protection -fPIC -pthread '-DG_LOG_DOMAIN="cheese-gtk"' -MD -MQ libcheese/libcheese-gtk.so.25.1.5.p/cheese-avatar-widget.c.o -MF libcheese/libcheese-gtk.so.25.1.5.p/cheese-avatar-widget.c.o.d -o libcheese/libcheese-gtk.so.25.1.5.p/cheese-avatar-widget.c.o -c ../libcheese/cheese-avatar-widget.c
[ 2887s] [20/39] cc -Ilibcheese/libcheese-gtk.so.25.1.5.p -Ilibcheese -I../libcheese -I. -I.. -I/usr/include/clutter-gtk-1.0 -I/usr/include/clutter-1.0 -I/usr/include/cogl -I/usr/include/cairo -I/usr/include/glib-2.0 -I/usr/lib64/glib-2.0/include -I/usr/include/pixman-1 -I/usr/include/freetype2 -I/usr/include/libpng16 -I/usr/include/libxml2 -I/usr/include/gdk-pixbuf-2.0 -I/usr/include/libmount -I/usr/include/blkid -I/usr/include/libdrm -I/usr/include/atk-1.0 -I/usr/include/pango-1.0 -I/usr/include/harfbuzz -I/usr/include/fribidi -I/usr/include/json-glib-1.0 -I/usr/include/gtk-3.0 -I/usr/include/gio-unix-2.0 -I/usr/include/at-spi2-atk/2.0 -I/usr/include/dbus-1.0 -I/usr/lib64/dbus-1.0/include -I/usr/include/at-spi-2.0 -I/usr/include/clutter-gst-3.0 -I/usr/include/gstreamer-1.0 -I/usr/include/orc-0.4 -fdiagnostics-color=always -D_FILE_OFFSET_BITS=64 -Wall -Winvalid-pch -DHAVE_CONFIG_H -O2 -g -pipe -Wall -Werror=format-security -Wp,-D_FORTIFY_SOURCE=2 -Wp,-D_GLIBCXX_ASSERTIONS -fstack-protector-strong -grecord-gcc-switches -specs=/usr/lib/rpm/generic-hardened-cc1 -fasynchronous-unwind-tables -fstack-clash-protection -fPIC -pthread '-DG_LOG_DOMAIN="cheese-gtk"' -MD -MQ libcheese/libcheese-gtk.so.25.1.5.p/um-crop-area.c.o -MF libcheese/libcheese-gtk.so.25.1.5.p/um-crop-area.c.o.d -o libcheese/libcheese-gtk.so.25.1.5.p/um-crop-area.c.o -c ../libcheese/um-crop-area.c
[ 2888s] [21/39] cc -Ilibcheese/libcheese-gtk.so.25.1.5.p -Ilibcheese -I../libcheese -I. -I.. -I/usr/include/clutter-gtk-1.0 -I/usr/include/clutter-1.0 -I/usr/include/cogl -I/usr/include/cairo -I/usr/include/glib-2.0 -I/usr/lib64/glib-2.0/include -I/usr/include/pixman-1 -I/usr/include/freetype2 -I/usr/include/libpng16 -I/usr/include/libxml2 -I/usr/include/gdk-pixbuf-2.0 -I/usr/include/libmount -I/usr/include/blkid -I/usr/include/libdrm -I/usr/include/atk-1.0 -I/usr/include/pango-1.0 -I/usr/include/harfbuzz -I/usr/include/fribidi -I/usr/include/json-glib-1.0 -I/usr/include/gtk-3.0 -I/usr/include/gio-unix-2.0 -I/usr/include/at-spi2-atk/2.0 -I/usr/include/dbus-1.0 -I/usr/lib64/dbus-1.0/include -I/usr/include/at-spi-2.0 -I/usr/include/clutter-gst-3.0 -I/usr/include/gstreamer-1.0 -I/usr/include/orc-0.4 -fdiagnostics-color=always -D_FILE_OFFSET_BITS=64 -Wall -Winvalid-pch -DHAVE_CONFIG_H -O2 -g -pipe -Wall -Werror=format-security -Wp,-D_FORTIFY_SOURCE=2 -Wp,-D_GLIBCXX_ASSERTIONS -fstack-protector-strong -grecord-gcc-switches -specs=/usr/lib/rpm/generic-hardened-cc1 -fasynchronous-unwind-tables -fstack-clash-protection -fPIC -pthread '-DG_LOG_DOMAIN="cheese-gtk"' -MD -MQ libcheese/libcheese-gtk.so.25.1.5.p/cheese-avatar-chooser.c.o -MF libcheese/libcheese-gtk.so.25.1.5.p/cheese-avatar-chooser.c.o.d -o libcheese/libcheese-gtk.so.25.1.5.p/cheese-avatar-chooser.c.o -c ../libcheese/cheese-avatar-chooser.c
[ 2888s] [22/39] cc -Ilibcheese/libcheese-gtk.so.25.1.5.p -Ilibcheese -I../libcheese -I. -I.. -I/usr/include/clutter-gtk-1.0 -I/usr/include/clutter-1.0 -I/usr/include/cogl -I/usr/include/cairo -I/usr/include/glib-2.0 -I/usr/lib64/glib-2.0/include -I/usr/include/pixman-1 -I/usr/include/freetype2 -I/usr/include/libpng16 -I/usr/include/libxml2 -I/usr/include/gdk-pixbuf-2.0 -I/usr/include/libmount -I/usr/include/blkid -I/usr/include/libdrm -I/usr/include/atk-1.0 -I/usr/include/pango-1.0 -I/usr/include/harfbuzz -I/usr/include/fribidi -I/usr/include/json-glib-1.0 -I/usr/include/gtk-3.0 -I/usr/include/gio-unix-2.0 -I/usr/include/at-spi2-atk/2.0 -I/usr/include/dbus-1.0 -I/usr/lib64/dbus-1.0/include -I/usr/include/at-spi-2.0 -I/usr/include/clutter-gst-3.0 -I/usr/include/gstreamer-1.0 -I/usr/include/orc-0.4 -fdiagnostics-color=always -D_FILE_OFFSET_BITS=64 -Wall -Winvalid-pch -DHAVE_CONFIG_H -O2 -g -pipe -Wall -Werror=format-security -Wp,-D_FORTIFY_SOURCE=2 -Wp,-D_GLIBCXX_ASSERTIONS -fstack-protector-strong -grecord-gcc-switches -specs=/usr/lib/rpm/generic-hardened-cc1 -fasynchronous-unwind-tables -fstack-clash-protection -fPIC -pthread '-DG_LOG_DOMAIN="cheese-gtk"' -MD -MQ libcheese/libcheese-gtk.so.25.1.5.p/cheese-flash.c.o -MF libcheese/libcheese-gtk.so.25.1.5.p/cheese-flash.c.o.d -o libcheese/libcheese-gtk.so.25.1.5.p/cheese-flash.c.o -c ../libcheese/cheese-flash.c
[ 2888s] ../libcheese/cheese-flash.c: In function cheese_flash_init:
[ 2888s] ../libcheese/cheese-flash.c:101:3: warning: gtk_widget_override_background_color is deprecated [-Wdeprecated-declarations]
[ 2888s]   101 |   gtk_widget_override_background_color (GTK_WIDGET (window), GTK_STATE_NORMAL,
[ 2888s]       |   ^~~~~~~~~~~~~~~~~~~~~~~~~~~~~~~~~~~~
[ 2888s] In file included from /usr/include/gtk-3.0/gtk/gtkapplication.h:27,
[ 2888s]                  from /usr/include/gtk-3.0/gtk/gtkwindow.h:33,
[ 2888s]                  from /usr/include/gtk-3.0/gtk/gtkdialog.h:32,
[ 2888s]                  from /usr/include/gtk-3.0/gtk/gtkaboutdialog.h:30,
[ 2888s]                  from /usr/include/gtk-3.0/gtk/gtk.h:31,
[ 2888s]                  from ../libcheese/cheese-flash.c:22:
[ 2888s] /usr/include/gtk-3.0/gtk/gtkwidget.h:1148:14: note: declared here
[ 2888s]  1148 | void         gtk_widget_override_background_color (GtkWidget     *widget,
[ 2888s]       |              ^~~~~~~~~~~~~~~~~~~~~~~~~~~~~~~~~~~~
[ 2888s] ../libcheese/cheese-flash.c: In function cheese_flash_set_property:
[ 2888s] ../libcheese/cheese-flash.c:135:22: warning: assignment to GtkWidget * {aka struct _GtkWidget *} from incompatible pointer type GObject * {aka struct _GObject *} [-Wincompatible-pointer-types]
[ 2888s]   135 |         priv->parent = g_object_ref (parent);
[ 2888s]       |                      ^
[ 2888s] ../libcheese/cheese-flash.c: In function cheese_flash_fire:
[ 2888s] ../libcheese/cheese-flash.c:273:3: warning: gdk_screen_get_monitor_at_window is deprecated: Use 'gdk_display_get_monitor_at_window' instead [-Wdeprecated-declarations]
[ 2888s]   273 |   monitor = gdk_screen_get_monitor_at_window (screen,
[ 2888s]       |   ^~~~~~~
[ 2888s] In file included from /usr/include/gtk-3.0/gdk/gdkapplaunchcontext.h:31,
[ 2888s]                  from /usr/include/gtk-3.0/gdk/gdk.h:32,
[ 2888s]                  from /usr/include/gtk-3.0/gtk/gtk.h:30,
[ 2888s]                  from ../libcheese/cheese-flash.c:22:
[ 2888s] /usr/include/gtk-3.0/gdk/gdkscreen.h:91:15: note: declared here
[ 2888s]    91 | gint          gdk_screen_get_monitor_at_window (GdkScreen *screen,
[ 2888s]       |               ^~~~~~~~~~~~~~~~~~~~~~~~~~~~~~~~
[ 2888s] ../libcheese/cheese-flash.c:276:3: warning: gdk_screen_get_monitor_geometry is deprecated: Use 'gdk_monitor_get_geometry' instead [-Wdeprecated-declarations]
[ 2888s]   276 |   gdk_screen_get_monitor_geometry (screen, monitor, &rect);
[ 2888s]       |   ^~~~~~~~~~~~~~~~~~~~~~~~~~~~~~~
[ 2888s] In file included from /usr/include/gtk-3.0/gdk/gdkapplaunchcontext.h:31,
[ 2888s]                  from /usr/include/gtk-3.0/gdk/gdk.h:32,
[ 2888s]                  from /usr/include/gtk-3.0/gtk/gtk.h:30,
[ 2888s]                  from ../libcheese/cheese-flash.c:22:
[ 2888s] /usr/include/gtk-3.0/gdk/gdkscreen.h:78:14: note: declared here
[ 2888s]    78 | void         gdk_screen_get_monitor_geometry  (GdkScreen    *screen,
[ 2888s]       |              ^~~~~~~~~~~~~~~~~~~~~~~~~~~~~~~
[ 2888s] ../libcheese/cheese-flash.c:277:3: warning: gdk_screen_get_monitor_workarea is deprecated: Use 'gdk_monitor_get_workarea' instead [-Wdeprecated-declarations]
[ 2888s]   277 |   gdk_screen_get_monitor_workarea (screen, monitor, &work_rect);
[ 2888s]       |   ^~~~~~~~~~~~~~~~~~~~~~~~~~~~~~~
[ 2888s] In file included from /usr/include/gtk-3.0/gdk/gdkapplaunchcontext.h:31,
[ 2888s]                  from /usr/include/gtk-3.0/gdk/gdk.h:32,
[ 2888s]                  from /usr/include/gtk-3.0/gtk/gtk.h:30,
[ 2888s]                  from ../libcheese/cheese-flash.c:22:
[ 2888s] /usr/include/gtk-3.0/gdk/gdkscreen.h:82:14: note: declared here
[ 2888s]    82 | void         gdk_screen_get_monitor_workarea  (GdkScreen    *screen,
[ 2888s]       |              ^~~~~~~~~~~~~~~~~~~~~~~~~~~~~~~
[ 2892s] [23/39] valac -C --pkg posix --pkg gstreamer-1.0 --target-glib ' 2.38.0' --pkg glib-2.0 --pkg gio-2.0 --pkg gdk-pixbuf-2.0 --pkg clutter-1.0 --pkg gtk+-3.0 --pkg clutter-gtk-1.0 --pkg libcanberra /home/abuild/rpmbuild/BUILD/cheese-3.38.0/src/vapi/eogthumbnav.vapi --pkg gnome-desktop-3.0 /home/abuild/rpmbuild/BUILD/cheese-3.38.0/src/vapi/config.vapi /home/abuild/rpmbuild/BUILD/cheese-3.38.0/src/vapi/cheese-thumbview.vapi /home/abuild/rpmbuild/BUILD/cheese-3.38.0/src/vapi/cheese-common.vapi --color=always --directory src/cheese.p --basedir ../src --gresources=../data/org.gnome.Cheese.gresource.xml ../src/vapi/libcanberra-gtk3.vapi ../src/cheese-application.vala ../src/cheese-countdown.vala ../src/cheese-effects-manager.vala ../src/cheese-main.vala ../src/cheese-preferences.vala ../src/cheese-window.vala
[ 2892s] ../src/cheese-window.vala:57.5-57.44: warning: [GtkChild] fields must be declared as `unowned'
[ 2892s]     private GtkClutter.Embed viewport_widget;
[ 2892s]     ^^^^^^^^^^^^^^^^^^^^^^^^^^^^^^^^^^^^^^^^
[ 2892s] ../src/cheese-window.vala:59.5-59.32: warning: [GtkChild] fields must be declared as `unowned'
[ 2892s]     private Gtk.Widget main_vbox;
[ 2892s]     ^^^^^^^^^^^^^^^^^^^^^^^^^^^^
[ 2892s] ../src/cheese-window.vala:63.5-63.36: warning: [GtkChild] fields must be declared as `unowned'
[ 2892s]     private Gtk.Box thumbnails_right;
[ 2892s]     ^^^^^^^^^^^^^^^^^^^^^^^^^^^^^^^^
[ 2892s] ../src/cheese-window.vala:65.5-65.37: warning: [GtkChild] fields must be declared as `unowned'
[ 2892s]     private Gtk.Box thumbnails_bottom;
[ 2892s]     ^^^^^^^^^^^^^^^^^^^^^^^^^^^^^^^^^
[ 2892s] ../src/cheese-window.vala:67.5-67.50: warning: [GtkChild] fields must be declared as `unowned'
[ 2892s]     private Gtk.Widget leave_fullscreen_button_box;
[ 2892s]     ^^^^^^^^^^^^^^^^^^^^^^^^^^^^^^^^^^^^^^^^^^^^^^
[ 2892s] ../src/cheese-window.vala:69.5-69.41: warning: [GtkChild] fields must be declared as `unowned'
[ 2892s]     private Gtk.Button take_action_button;
[ 2892s]     ^^^^^^^^^^^^^^^^^^^^^^^^^^^^^^^^^^^^^
[ 2892s] ../src/cheese-window.vala:71.5-71.46: warning: [GtkChild] fields must be declared as `unowned'
[ 2892s]     private Gtk.Image take_action_button_image;
[ 2892s]     ^^^^^^^^^^^^^^^^^^^^^^^^^^^^^^^^^^^^^^^^^^
[ 2892s] ../src/cheese-window.vala:73.5-73.50: warning: [GtkChild] fields must be declared as `unowned'
[ 2892s]     private Gtk.ToggleButton effects_toggle_button;
[ 2892s]     ^^^^^^^^^^^^^^^^^^^^^^^^^^^^^^^^^^^^^^^^^^^^^^
[ 2892s] ../src/cheese-window.vala:75.5-75.35: warning: [GtkChild] fields must be declared as `unowned'
[ 2892s]     private Gtk.Widget buttons_area;
[ 2892s]     ^^^^^^^^^^^^^^^^^^^^^^^^^^^^^^^
[ 2892s] ../src/cheese-window.vala:77.5-77.43: warning: [GtkChild] fields must be declared as `unowned'
[ 2892s]     private Gtk.Button switch_camera_button;
[ 2892s]     ^^^^^^^^^^^^^^^^^^^^^^^^^^^^^^^^^^^^^^^
[ 2892s] ../src/cheese-window.vala:226.7-226.18: warning: `Gtk.show_uri' has been deprecated since 3.22
[ 2892s] ../src/cheese-window.vala:1138.59-1138.85: warning: `Clutter.BinAlignment.CENTER' is deprecated
[ 2892s] ../src/cheese-window.vala:1139.59-1139.85: warning: `Clutter.BinAlignment.CENTER' is deprecated
[ 2892s] ../src/cheese-window.vala:1221.21-1221.27: warning: `GLib.PtrArray' has been deprecated since vala-0.26. Use GenericArray
[ 2892s] ../src/cheese-window.vala:1273.21-1273.27: warning: `GLib.PtrArray' has been deprecated since vala-0.26. Use GenericArray
[ 2892s] ../src/cheese-preferences.vala:32.5-32.47: warning: [GtkChild] fields must be declared as `unowned'
[ 2892s]     private Gtk.ComboBox photo_resolution_combo;
[ 2892s]     ^^^^^^^^^^^^^^^^^^^^^^^^^^^^^^^^^^^^^^^^^^^
[ 2892s] ../src/cheese-preferences.vala:34.5-34.47: warning: [GtkChild] fields must be declared as `unowned'
[ 2892s]     private Gtk.ComboBox video_resolution_combo;
[ 2892s]     ^^^^^^^^^^^^^^^^^^^^^^^^^^^^^^^^^^^^^^^^^^^
[ 2892s] ../src/cheese-preferences.vala:36.5-36.37: warning: [GtkChild] fields must be declared as `unowned'
[ 2892s]     private Gtk.ComboBox source_combo;
[ 2892s]     ^^^^^^^^^^^^^^^^^^^^^^^^^^^^^^^^^
[ 2892s] ../src/cheese-preferences.vala:41.5-41.48: warning: [GtkChild] fields must be declared as `unowned'
[ 2892s]     private Gtk.Adjustment brightness_adjustment;
[ 2892s]     ^^^^^^^^^^^^^^^^^^^^^^^^^^^^^^^^^^^^^^^^^^^^
[ 2892s] ../src/cheese-preferences.vala:43.5-43.46: warning: [GtkChild] fields must be declared as `unowned'
[ 2892s]     private Gtk.Adjustment contrast_adjustment;
[ 2892s]     ^^^^^^^^^^^^^^^^^^^^^^^^^^^^^^^^^^^^^^^^^^
[ 2892s] ../src/cheese-preferences.vala:45.5-45.41: warning: [GtkChild] fields must be declared as `unowned'
[ 2892s]     private Gtk.Adjustment hue_adjustment;
[ 2892s]     ^^^^^^^^^^^^^^^^^^^^^^^^^^^^^^^^^^^^^
[ 2892s] ../src/cheese-preferences.vala:47.5-47.48: warning: [GtkChild] fields must be declared as `unowned'
[ 2892s]     private Gtk.Adjustment saturation_adjustment;
[ 2892s]     ^^^^^^^^^^^^^^^^^^^^^^^^^^^^^^^^^^^^^^^^^^^^
[ 2892s] ../src/cheese-preferences.vala:50.5-50.44: warning: [GtkChild] fields must be declared as `unowned'
[ 2892s]     private Gtk.SpinButton burst_repeat_spin;
[ 2892s]     ^^^^^^^^^^^^^^^^^^^^^^^^^^^^^^^^^^^^^^^^
[ 2892s] ../src/cheese-preferences.vala:52.5-52.43: warning: [GtkChild] fields must be declared as `unowned'
[ 2892s]     private Gtk.SpinButton burst_delay_spin;
[ 2892s]     ^^^^^^^^^^^^^^^^^^^^^^^^^^^^^^^^^^^^^^^
[ 2892s] ../src/cheese-preferences.vala:55.5-55.43: warning: [GtkChild] fields must be declared as `unowned'
[ 2892s]     private Gtk.CheckButton countdown_check;
[ 2892s]     ^^^^^^^^^^^^^^^^^^^^^^^^^^^^^^^^^^^^^^^
[ 2892s] ../src/cheese-preferences.vala:57.5-57.39: warning: [GtkChild] fields must be declared as `unowned'
[ 2892s]     private Gtk.CheckButton flash_check;
[ 2892s]     ^^^^^^^^^^^^^^^^^^^^^^^^^^^^^^^^^^^
[ 2892s] ../src/cheese-preferences.vala:103.27-103.33: warning: `GLib.PtrArray' has been deprecated since vala-0.26. Use GenericArray
[ 2892s] ../src/cheese-preferences.vala:360.27-360.33: warning: `GLib.PtrArray' has been deprecated since vala-0.26. Use GenericArray
[ 2892s] ../src/cheese-preferences.vala:448.29-448.35: warning: `GLib.PtrArray' has been deprecated since vala-0.26. Use GenericArray
[ 2892s] ../src/cheese-preferences.vala:279.13-279.24: warning: `Gtk.show_uri' has been deprecated since 3.22
[ 2892s] ../src/cheese-application.vala:511.13-511.24: warning: `Gtk.show_uri' has been deprecated since 3.22
[ 2892s] ../src/cheese-effects-manager.vala:98.3-98.31: warning: method `Cheese.EffectsManager.cmp_value' never used
[ 2892s]   private static bool cmp_value (Effect a, Effect b)
[ 2892s]   ^^^^^^^^^^^^^^^^^^^^^^^^^^^^^
[ 2892s] Compilation succeeded - 32 warning(s)
[ 2892s] ninja: build stopped: subcommand failed.
[ 2893s] error: Bad exit status from /var/tmp/rpm-tmp.xat9mf (%build)
[ 2893s] 
[ 2893s] 
[ 2893s] RPM build errors:
[ 2893s]     line 40: It's not recommended to have unversioned Obsoletes: Obsoletes:      cheese-libs-devel
[ 2893s]     Bad exit status from /var/tmp/rpm-tmp.xat9mf (%build)
[ 2893s] 
[ 2893s] oe-RISCV-worker21 failed "build cheese.spec" at Fri Apr 15 11:37:03 UTC 2022.
[ 2893s] 
