[    0s] Using BUILD_ROOT=/var/cache/obs/worker/root_4/.mount
[    0s] Using BUILD_ARCH=riscv64
[    0s] Doing kvm build in /var/cache/obs/worker/root_4/root
[    0s] 
[    0s] 
[    0s] lamb07 started "build drops.spec" at Sat Feb  4 22:47:17 UTC 2023.
[    0s] 
[    0s] Building drops for project 'openSUSE:Factory:RISCV' repository 'standard' arch 'riscv64' srcmd5 'b547c3369daa5e2b7d279fb58d4a7d99'
[    0s] 
[    0s] processing recipe /var/cache/obs/worker/root_4/.build-srcdir/drops.spec ...
[    0s] running changelog2spec --target rpm --file /var/cache/obs/worker/root_4/.build-srcdir/drops.spec
[    0s] init_buildsystem --configdir /var/run/obs/worker/4/build/configs --cachedir /var/cache/build --prepare --clean --rpmlist /var/cache/obs/worker/root_4/.build.rpmlist /var/cache/obs/worker/root_4/.build-srcdir/drops.spec build ...
[    0s] unpacking preinstall image openSUSE:Factory:RISCV/standard/preinstallimage-base [d2b144e8b13e7ca9b822e439150d14f2]
[    2s] 
[    2s] copying packages...
[    3s] reordering...cycle: openssl -> openssl-3
[    3s]   breaking dependency openssl-3 -> openssl
[    3s] cycle: libopenssl-3-devel -> libopenssl-devel
[    3s]   breaking dependency libopenssl-devel -> libopenssl-3-devel
[    3s] done
[    3s] Detected virtio-serial support
[    4s] booting kvm...
[    4s] ### VM INTERACTION START ###
[    4s] Using virtio-serial support
[    4s] /usr/bin/qemu-kvm -nodefaults -no-reboot -nographic -vga none -cpu host -M pc,accel=kvm,usb=off,dump-guest-core=off,vmport=off -sandbox on -bios /usr/share/qemu/qboot.rom -object rng-random,filename=/dev/random,id=rng0 -device virtio-rng-pci,rng=rng0 -object iothread,id=io0 -runas qemu -net none -kernel /var/cache/obs/worker/root_4/.mount/boot/kernel -initrd /var/cache/obs/worker/root_4/.mount/boot/initrd -append root=/dev/disk/by-id/virtio-0 rootfstype=ext4 rootflags=noatime kvmclock mitigations=off elevator=noop nmi_watchdog=0 rw rd.driver.pre=binfmt_misc oops=panic panic=1 quiet console=hvc0 init=/.build/initvm.x86_64 -m 8192 -drive file=/var/cache/obs/worker/root_4/root,format=raw,if=none,id=disk,cache=unsafe,aio=io_uring -device virtio-blk-pci,iothread=io0,drive=disk,serial=0 -drive file=/var/cache/obs/worker/root_4/swap,format=raw,if=none,id=swap,cache=unsafe,aio=io_uring -device virtio-blk-pci,iothread=io0,drive=swap,serial=1 -device virtio-serial,max_ports=2 -device virtconsole,chardev=virtiocon0 -chardev stdio,id=virtiocon0 -chardev socket,id=monitor,server=on,wait=off,path=/var/cache/obs/worker/root_4/root.qemu/monitor -mon chardev=monitor,mode=readline -smp 8
[    8s] ### VM INTERACTION END ###
[    8s] 2nd stage started in virtual machine
[    9s] machine type: riscv64
[    9s] Linux version: 6.1.8-1-default #1 SMP PREEMPT_DYNAMIC Tue Jan 24 06:29:25 UTC 2023 (baebfe0)
[    9s] Increasing log level from now on...
[    9s] [    4.676118][  T411] sysrq: Changing Loglevel
[    9s] [    4.676376][  T411] sysrq: Loglevel set to 4
[    9s] Enable sysrq operations
[    9s] Setting up swapspace version 1, size = 2 GiB (2097147904 bytes)
[    9s] no label, UUID=b84aa45e-8de4-4f3c-bbe5-970e95195c1d
[    9s] swapon: /dev/vdb: found signature [pagesize=4096, signature=swap]
[    9s] swapon: /dev/vdb: pagesize=4096, swapsize=2097152000, devsize=2097152000
[    9s] swapon /dev/vdb
[   10s] WARNING: udev not running, creating extra device nodes
[   10s] logging output to //.build.log...
[   10s] processing recipe /.build-srcdir/drops.spec ...
[   11s] init_buildsystem --configdir /.build/configs --cachedir /var/cache/build /.build-srcdir/drops.spec build ...
[   11s] initializing rpm db...
[   11s] querying package ids...
[   31s] [1/136] preinstalled aaa_base-84.87+git20220822.6b9f7a3-1.1
[   31s] [2/136] preinstalled aaa_base-malloccheck-84.87+git20220822.6b9f7a3-1.1
[   31s] [3/136] preinstalled attr-2.5.1-1.1
[   31s] [4/136] preinstalled bash-5.2.15-8.1
[   31s] [5/136] preinstalled bash-sh-5.2.15-8.1
[   31s] [6/136] preinstalled binutils-2.39-3.1
[   31s] [7/136] preinstalled brp-check-suse-84.87+git20221115.2f7add6-1.1
[   31s] [8/136] preinstalled build-compare-20221206T204012.bb70754-1.2
[   31s] [9/136] preinstalled build-mkbaselibs-20230105-1.1
[   31s] [10/136] preinstalled bzip2-1.0.8-4.1
[   31s] [11/136] preinstalled chkstat-1599_20221220-1.2
[   31s] [12/136] preinstalled compat-usrmerge-build-84.87-5.1
[   31s] [13/136] preinstalled compat-usrmerge-tools-84.87-5.1
[   31s] [14/136] preinstalled coreutils-9.1-5.1
[   31s] [15/136] preinstalled cpio-2.13-5.1
[   31s] [16/136] preinstalled cpp-12-2.1
[   31s] [17/136] preinstalled cpp12-12.2.1+git749-4.1
[   31s] [18/136] cumulate crypto-policies-20210917.c9d86d1-1.1
[   31s] [19/136] preinstalled debugedit-5.0-5.1
[   31s] [20/136] preinstalled diffutils-3.9-1.1
[   31s] [21/136] preinstalled dwz-0.15-2.1
[   31s] [22/136] preinstalled elfutils-0.188-3.2
[   31s] [23/136] preinstalled file-5.44-1.1
[   31s] [24/136] preinstalled file-magic-5.44-1.1
[   31s] [25/136] preinstalled filesystem-84.87-11.1
[   31s] [26/136] preinstalled fillup-1.42-279.1
[   31s] [27/136] preinstalled findutils-4.9.0-2.1
[   31s] [28/136] preinstalled gawk-5.2.1-2.1
[   31s] [29/136] preinstalled gcc-12-2.1
[   31s] [30/136] preinstalled gcc-PIE-12-2.1
[   31s] [31/136] preinstalled gcc12-12.2.1+git749-4.1
[   31s] [32/136] preinstalled gcc12-PIE-12.2.1+git749-4.1
[   31s] [33/136] preinstalled gettext-runtime-mini-0.21.1-1.1
[   31s] [34/136] preinstalled gettext-tools-mini-0.21.1-1.1
[   31s] [35/136] preinstalled glibc-2.36-9.1
[   31s] [36/136] preinstalled glibc-devel-2.36-9.1
[   31s] [37/136] preinstalled glibc-locale-base-2.36-9.1
[   31s] [38/136] preinstalled grep-3.8-3.1
[   31s] [39/136] preinstalled gzip-1.12-3.1
[   31s] [40/136] preinstalled kernel-obs-build-6.1.8-1.2
[   31s] [41/136] preinstalled libacl1-2.3.1-2.1
[   31s] [42/136] preinstalled libasan8-13.0.1+git5428-6.1
[   31s] [43/136] preinstalled libasm1-0.188-3.2
[   31s] [44/136] preinstalled libatomic1-13.0.1+git5428-6.1
[   31s] [45/136] preinstalled libattr1-2.5.1-1.1
[   31s] [46/136] preinstalled libaudit1-3.0.6-4.1
[   31s] [47/136] preinstalled libblkid1-2.38.1-6.1
[   31s] [48/136] preinstalled libbz2-1-1.0.8-4.1
[   31s] [49/136] preinstalled libcap-ng0-0.8.3-1.1
[   31s] [50/136] preinstalled libcap2-2.66-1.1
[   31s] [51/136] preinstalled libcrypt1-4.4.33-1.1
[   31s] [52/136] preinstalled libctf-nobfd0-2.39-3.1
[   31s] [53/136] preinstalled libctf0-2.39-3.1
[   31s] [54/136] preinstalled libdb-4_8-4.8.30-39.1
[   31s] [55/136] preinstalled libdw1-0.188-3.2
[   31s] [56/136] preinstalled libeconf0-0.5.1-1.1
[   31s] [57/136] preinstalled libelf1-0.188-3.2
[   31s] [58/136] preinstalled libfdisk1-2.38.1-6.1
[   31s] [59/136] preinstalled libgcc_s1-13.0.1+git5428-6.1
[   31s] [60/136] preinstalled libgcrypt20-1.10.1-1.1
[   31s] [61/136] preinstalled libgdbm6-1.23-1.1
[   31s] [62/136] preinstalled libgdbm_compat4-1.23-1.1
[   31s] [63/136] preinstalled libgmp10-6.2.1-4.1
[   31s] [64/136] preinstalled libgomp1-13.0.1+git5428-6.1
[   31s] [65/136] preinstalled libgpg-error0-1.46-1.1
[   31s] [66/136] preinstalled libisl23-0.25-1.1
[   31s] [67/136] preinstalled liblua5_4-5-5.4.4-8.1
[   31s] [68/136] preinstalled liblzma5-5.4.1-1.1
[   31s] [69/136] preinstalled libmagic1-5.44-1.1
[   31s] [70/136] preinstalled libmount1-2.38.1-6.1
[   31s] [71/136] preinstalled libmpc3-1.3.1-1.2
[   31s] [72/136] preinstalled libmpfr6-4.2.0-1.1
[   31s] [73/136] preinstalled libncurses6-6.4.20230121-3.1
[   31s] [74/136] preinstalled libpcre2-8-0-10.42-3.2
[   31s] [75/136] preinstalled libpkgconf3-1.8.0-2.1
[   31s] [76/136] preinstalled libpopt0-1.19-1.1
[   31s] [77/136] preinstalled libreadline8-8.2-2.1
[   31s] [78/136] preinstalled librpmbuild9-4.18.0-3.1
[   31s] [79/136] preinstalled libseccomp2-2.5.4-2.1
[   31s] [80/136] preinstalled libselinux1-3.4-2.1
[   31s] [81/136] preinstalled libsemanage-conf-3.4-1.1
[   31s] [82/136] preinstalled libsemanage2-3.4-1.1
[   31s] [83/136] preinstalled libsepol2-3.4-1.1
[   31s] [84/136] preinstalled libsmartcols1-2.38.1-6.1
[   31s] [85/136] preinstalled libstdc++6-13.0.1+git5428-6.1
[   31s] [86/136] cumulate libstdc++6-devel-gcc12-12.2.1+git749-4.1
[   31s] [87/136] preinstalled libsubid4-4.13-3.1
[   31s] [88/136] preinstalled libubsan1-13.0.1+git5428-6.1
[   31s] [89/136] preinstalled libutempter0-1.2.0-3.2
[   31s] [90/136] preinstalled libuuid1-2.38.1-6.1
[   31s] [91/136] preinstalled libxcrypt-devel-4.4.33-1.1
[   31s] [92/136] preinstalled libz1-1.2.13-2.1
[   31s] [93/136] preinstalled libzstd1-1.5.2-2.1
[   31s] [94/136] preinstalled linux-glibc-devel-6.1-1.1
[   31s] [95/136] preinstalled login_defs-4.13-3.1
[   31s] [96/136] preinstalled lua54-5.4.4-8.1
[   31s] [97/136] preinstalled make-4.4-2.1
[   31s] [98/136] preinstalled ncurses-utils-6.4.20230121-3.1
[   31s] [99/136] preinstalled pam-1.5.2-12.1
[   31s] [100/136] preinstalled patch-2.7.6-6.1
[   31s] [101/136] preinstalled perl-5.36.0-4.1
[   31s] [102/136] preinstalled perl-base-5.36.0-4.1
[   31s] [103/136] preinstalled permissions-1599_20221220-1.2
[   31s] [104/136] preinstalled permissions-config-1599_20221220-1.2
[   31s] [105/136] preinstalled pkgconf-1.8.0-2.1
[   31s] [106/136] preinstalled pkgconf-m4-1.8.0-2.1
[   31s] [107/136] preinstalled pkgconf-pkg-config-1.8.0-2.1
[   31s] [108/136] preinstalled polkit-default-privs-1550+20221102.9f111fa-1.1
[   31s] [109/136] preinstalled post-build-checks-84.87+git20230106.3a359c5-1.1
[   32s] [110/136] preinstalled qemu-linux-user-7.1.0-48.1
[   32s] [111/136] preinstalled rpm-4.18.0-3.1
[   32s] [112/136] preinstalled rpm-build-4.18.0-3.1
[   32s] [113/136] preinstalled rpm-build-perl-4.18.0-3.1
[   32s] [114/136] preinstalled rpm-config-SUSE-20220926-1.1
[   32s] [115/136] preinstalled rpmlint-mini-2.4.0+git20230125.20e5b58-8.54
[   32s] [116/136] preinstalled rpmlint-strict-2.4.0+git20230125.20e5b58-1.1
[   32s] [117/136] preinstalled sed-4.9-2.1
[   32s] [118/136] preinstalled shadow-4.13-3.1
[   32s] [119/136] preinstalled system-group-hardware-20170617-24.1
[   32s] [120/136] preinstalled system-user-root-20190513-2.1
[   32s] [121/136] preinstalled systemd-rpm-macros-19-1.1
[   32s] [122/136] preinstalled sysuser-shadow-3.1-5.1
[   32s] [123/136] preinstalled tar-1.34-9.1
[   32s] [124/136] preinstalled terminfo-base-6.4.20230121-3.1
[   32s] [125/136] preinstalled update-alternatives-1.21.8-1.1
[   32s] [126/136] preinstalled util-linux-2.38.1-6.1
[   32s] [127/136] preinstalled which-2.21-5.1
[   32s] [128/136] preinstalled xz-5.4.1-1.1
[   32s] [129/136] cumulate zlib-devel-1.2.13-2.1
[   32s] [130/136] cumulate gcc12-c++-12.2.1+git749-4.1
[   32s] [131/136] cumulate libopenssl3-3.0.7-3.1
[   32s] [132/136] cumulate gcc-c++-12-2.1
[   32s] [133/136] cumulate openssl-3-3.0.7-3.1
[   32s] [134/136] cumulate openssl-3.0.7-1.1
[   32s] [135/136] cumulate libopenssl-devel-3.0.7-1.1
[   32s] [136/136] cumulate libopenssl-3-devel-3.0.7-3.1
[   32s] now installing cumulated packages
[   32s] Preparing...                          ########################################
[   32s] Updating / installing...
[   32s] crypto-policies-20210917.c9d86d1-1.1  ########################################
[   33s] libopenssl3-3.0.7-3.1                 ########################################
[   33s] openssl-3.0.7-1.1                     ########################################
[   33s] openssl-3-3.0.7-3.1                   ########################################
[   33s] zlib-devel-1.2.13-2.1                 ########################################
[   35s] libopenssl-3-devel-3.0.7-3.1          ########################################
[   46s] libstdc++6-devel-gcc12-12.2.1+git749-4########################################
[   49s] gcc12-c++-12.2.1+git749-4.1           ########################################
[   49s] gcc-c++-12-2.1                        ########################################
[   49s] libopenssl-devel-3.0.7-1.1            ########################################
[   50s] now finalizing build dir...
[   50s] ... running 01-add_abuild_user_to_trusted_group
[   51s] ... running 02-set_timezone_to_utc
[   51s] ... running 03-set-permissions-secure
[   51s] ... running 11-hack_uname_version_to_kernel_version
[   58s] -----------------------------------------------------------------
[   58s] I have the following modifications for drops.spec:
[   59s] 22c22
[   59s] < Release:        0
[   59s] ---
[   59s] > Release:        1.4
[   59s] 29c29
[   59s] < BuildRequires:  pkg-config
[   59s] ---
[   59s] > BuildRequires:  pkgconf-pkg-config
[   64s] build target is riscv64-suse-linux
[   64s] -----------------------------------------------------------------
[   64s] ----- building drops.spec (user abuild)
[   64s] -----------------------------------------------------------------
[   64s] -----------------------------------------------------------------
[   68s] + exec rpmbuild -ba --define '_srcdefattr (-,root,root)' --nosignature --target=riscv64-suse-linux --define '_build_create_debug 1' --define 'disturl obs://build.opensuse.org/openSUSE:Factory:RISCV/standard/b547c3369daa5e2b7d279fb58d4a7d99-drops' /home/abuild/rpmbuild/SOURCES/drops.spec
[   68s] Building target platforms: riscv64-suse-linux
[   68s] Building for target riscv64-suse-linux
[   68s] setting SOURCE_DATE_EPOCH=1487808000
[   68s] Executing(%prep): /usr/bin/bash -e /var/tmp/rpm-tmp.PKXzKv
[   68s] + umask 022
[   68s] + cd /home/abuild/rpmbuild/BUILD
[   68s] + cd /home/abuild/rpmbuild/BUILD
[   68s] + rm -rf drops-rel-0.12s
[   68s] + /usr/lib/rpm/rpmuncompress -x /home/abuild/rpmbuild/SOURCES/drops-0.12s.tar.gz
[   69s] + STATUS=0
[   69s] + '[' 0 -ne 0 ']'
[   69s] + cd drops-rel-0.12s
[   69s] + /usr/bin/chmod -Rf a+rX,u+w,g-w,o-w .
[   69s] + RPM_EC=0
[   69s] ++ jobs -p
[   69s] + exit 0
[   69s] Executing(%build): /usr/bin/bash -e /var/tmp/rpm-tmp.oeATB0
[   69s] + umask 022
[   69s] + cd /home/abuild/rpmbuild/BUILD
[   69s] + /usr/bin/rm -rf /home/abuild/rpmbuild/BUILDROOT/drops-0.12s-1.4.riscv64
[   69s] ++ dirname /home/abuild/rpmbuild/BUILDROOT/drops-0.12s-1.4.riscv64
[   69s] + /usr/bin/mkdir -p /home/abuild/rpmbuild/BUILDROOT
[   69s] + /usr/bin/mkdir /home/abuild/rpmbuild/BUILDROOT/drops-0.12s-1.4.riscv64
[   69s] + cd drops-rel-0.12s
[   69s] + ref=/usr/lib/rpm
[   69s] + mints=0
[   69s] + case $(uname -m) in
[   69s] ++ uname -m
[   70s] + mints=20160911
[   70s] + for s in guess sub
[   70s] ++ find -maxdepth 8 -name config.guess
[   70s] + for s in guess sub
[   70s] ++ find -maxdepth 8 -name config.sub
[   70s] + pushd src
[   70s] ~/rpmbuild/BUILD/drops-rel-0.12s/src ~/rpmbuild/BUILD/drops-rel-0.12s
[   70s] + make -j8 'INC=-O2 -Wall -U_FORTIFY_SOURCE -D_FORTIFY_SOURCE=3 -fstack-protector-strong -funwind-tables -fasynchronous-unwind-tables -fstack-clash-protection -Werror=return-type -flto=auto -g'
[   70s] rm -rf *.o
[   70s] test -s dh2048.cc || ./newdh
[   70s] c++ -c -O2 -Wall -pedantic -std=c++11 -O2 -Wall -U_FORTIFY_SOURCE -D_FORTIFY_SOURCE=3 -fstack-protector-strong -funwind-tables -fasynchronous-unwind-tables -fstack-clash-protection -Werror=return-type -flto=auto -g  drops.cc
[   70s] c++ -c -O2 -Wall -pedantic -std=c++11 -O2 -Wall -U_FORTIFY_SOURCE -D_FORTIFY_SOURCE=3 -fstack-protector-strong -funwind-tables -fasynchronous-unwind-tables -fstack-clash-protection -Werror=return-type -flto=auto -g  peer.cc
[   70s] c++ -c -O2 -Wall -pedantic -std=c++11 -O2 -Wall -U_FORTIFY_SOURCE -D_FORTIFY_SOURCE=3 -fstack-protector-strong -funwind-tables -fasynchronous-unwind-tables -fstack-clash-protection -Werror=return-type -flto=auto -g  message.cc
[   70s] c++ -c -O2 -Wall -pedantic -std=c++11 -O2 -Wall -U_FORTIFY_SOURCE -D_FORTIFY_SOURCE=3 -fstack-protector-strong -funwind-tables -fasynchronous-unwind-tables -fstack-clash-protection -Werror=return-type -flto=auto -g  misc.cc
[   70s] c++ -c -O2 -Wall -pedantic -std=c++11 -O2 -Wall -U_FORTIFY_SOURCE -D_FORTIFY_SOURCE=3 -fstack-protector-strong -funwind-tables -fasynchronous-unwind-tables -fstack-clash-protection -Werror=return-type -flto=auto -g  base64.cc
[   70s] c++ -c -O2 -Wall -pedantic -std=c++11 -O2 -Wall -U_FORTIFY_SOURCE -D_FORTIFY_SOURCE=3 -fstack-protector-strong -funwind-tables -fasynchronous-unwind-tables -fstack-clash-protection -Werror=return-type -flto=auto -g  ssl.cc
[   70s] c++ -c -O2 -Wall -pedantic -std=c++11 -O2 -Wall -U_FORTIFY_SOURCE -D_FORTIFY_SOURCE=3 -fstack-protector-strong -funwind-tables -fasynchronous-unwind-tables -fstack-clash-protection -Werror=return-type -flto=auto -g  main.cc
[   70s] Generating 2048 bit DH parameters ...
[   70s] 
[   70s] dhparam: Unknown option: -C
[   70s] dhparam: Use -help for summary.
[   70s] c++ -c -O2 -Wall -pedantic -std=c++11 -O2 -Wall -U_FORTIFY_SOURCE -D_FORTIFY_SOURCE=3 -fstack-protector-strong -funwind-tables -fasynchronous-unwind-tables -fstack-clash-protection -Werror=return-type -flto=auto -g  dh.cc
[   75s] dh.cc: In function 'int enable_dh(SSL_CTX*)':
[   75s] dh.cc:40:23: error: 'get_dh2048' was not declared in this scope; did you mean 'dh2048'?
[   75s]    40 |         if ((dh2048 = get_dh2048()) != NULL) {
[   75s]       |                       ^~~~~~~~~~
[   75s]       |                       dh2048
[   75s] dh.cc:41:44: warning: 'void SSL_CTX_set_tmp_dh_callback(SSL_CTX*, DH* (*)(SSL*, int, int))' is deprecated: Since OpenSSL 3.0 [-Wdeprecated-declarations]
[   75s]    41 |                 SSL_CTX_set_tmp_dh_callback(ctx, dh_callback);
[   75s]       |                 ~~~~~~~~~~~~~~~~~~~~~~~~~~~^~~~~~~~~~~~~~~~~~
[   75s] In file included from dh.cc:21:
[   75s] /usr/include/openssl/ssl.h:2237:6: note: declared here
[   75s]  2237 | void SSL_CTX_set_tmp_dh_callback(SSL_CTX *ctx,
[   75s]       |      ^~~~~~~~~~~~~~~~~~~~~~~~~~~
[   75s] make: *** [Makefile:36: dh.o] Error 1
[   75s] make: *** Waiting for unfinished jobs....
[   86s] drops.cc: In member function 'int drops::drops_engine::parse_handshake(drops::drops_peer*, const std::string&)':
[   86s] drops.cc:716:65: warning: unused variable 'bracket' [-Wunused-variable]
[   86s]   716 |         string::size_type idx = string::npos, comma = 0, i = 0, bracket = 0;
[   86s]       |                                                                 ^~~~~~~
[   87s] message.cc: In member function 'int drops::drops_store::index(const std::string&)':
[   87s] message.cc:182:22: warning: ignoring return value of 'ssize_t write(int, const void*, size_t)' declared with attribute 'warn_unused_result' [-Wunused-result]
[   87s]   182 |                 write(d_idfd, buf, n);
[   87s]       |                 ~~~~~^~~~~~~~~~~~~~~~
[   87s] message.cc: In member function 'int drops::drops_store::build_index()':
[   87s] message.cc:279:18: warning: ignoring return value of 'int ftruncate(int, __off_t)' declared with attribute 'warn_unused_result' [-Wunused-result]
[   87s]   279 |         ftruncate(d_idfd, 0);
[   87s]       |         ~~~~~~~~~^~~~~~~~~~~
[   87s] message.cc: In member function 'int drops::drops_store::store(const std::string&, const std::string&, time_t)':
[   87s] message.cc:335:14: warning: ignoring return value of 'ssize_t write(int, const void*, size_t)' declared with attribute 'warn_unused_result' [-Wunused-result]
[   87s]   335 |         write(d_idfd, buf, strlen(buf));
[   87s]       |         ~~~~~^~~~~~~~~~~~~~~~~~~~~~~~~~
[   89s] main.cc: In function 'int to_daemon()':
[   89s] main.cc:84:14: warning: ignoring return value of 'int chdir(const char*)' declared with attribute 'warn_unused_result' [-Wunused-result]
[   89s]    84 |         chdir("/");
[   89s]       |         ~~~~~^~~~~
[  100s] error: Bad exit status from /var/tmp/rpm-tmp.oeATB0 (%build)
[  100s] 
[  100s] RPM build errors:
[  100s]     Bad exit status from /var/tmp/rpm-tmp.oeATB0 (%build)
[  100s] ### VM INTERACTION START ###
[  100s] [   96.067679][    T1] sysrq: Power Off
[  100s] [   96.070482][   T99] reboot: Power down
[  100s] ### VM INTERACTION END ###
[  100s] 
[  100s] lamb07 failed "build drops.spec" at Sat Feb  4 22:48:57 UTC 2023.
[  100s] 
