[    0s] Memory limit set to 10955196KB
[    0s] Using BUILD_ROOT=/var/cache/obs/worker/root_3
[    0s] Using BUILD_ARCH=riscv64
[    0s] 
[    6s] 
[    6s] oe-RISCV-worker22 started "build _service:extract_file:fakeroot.spec" at Fri Apr 15 08:00:19 UTC 2022.
[    6s] 
[    6s] Building fakeroot for project 'openEuler:Mainline:RISC-V' repository 'advanced_riscv64' arch 'riscv64' srcmd5 '0f478816011b27a3220df8ba143329b1'
[    6s] 
[    6s] processing recipe /var/cache/obs/worker/root_3/.build-srcdir/_service:extract_file:fakeroot.spec ...
[   13s] running changelog2spec --target rpm --file /var/cache/obs/worker/root_3/.build-srcdir/_service:extract_file:fakeroot.spec
[   14s] init_buildsystem --configdir /var/run/obs/worker/3/build/configs --cachedir /var/cache/build --clean --rpmlist /var/cache/obs/worker/root_3/.build.rpmlist /var/cache/obs/worker/root_3/.build-srcdir/_service:extract_file:fakeroot.spec build ...
[  129s] cycle: coreutils -> bash
[  129s]   breaking dependency coreutils -> bash
[  129s] cycle: coreutils -> info
[  129s]   breaking dependency coreutils -> info
[  129s] cycle: glibc -> filesystem -> coreutils
[  129s]   breaking dependency coreutils -> glibc
[  129s] cycle: glibc -> filesystem -> coreutils -> libacl
[  129s]   breaking dependency coreutils -> libacl
[  129s] cycle: glibc -> filesystem -> coreutils -> attr
[  129s]   breaking dependency coreutils -> attr
[  129s] cycle: coreutils -> libcap
[  129s]   breaking dependency coreutils -> libcap
[  129s] cycle: glibc -> filesystem -> coreutils -> openssl-libs
[  129s]   breaking dependency coreutils -> openssl-libs
[  129s] cycle: glibc -> filesystem -> coreutils -> libselinux
[  129s]   breaking dependency libselinux -> glibc
[  129s] cycle: glibc -> filesystem -> coreutils -> libselinux -> pcre2
[  129s]   breaking dependency pcre2 -> glibc
[  129s] cycle: glibc -> filesystem -> coreutils -> libselinux -> pcre2 -> readline
[  129s]   breaking dependency readline -> glibc
[  129s] cycle: glibc -> filesystem -> coreutils -> libselinux -> pcre2 -> readline -> ncurses-libs
[  129s]   breaking dependency filesystem -> coreutils
[  129s] cycle: glibc -> filesystem -> bash -> coreutils -> libselinux -> pcre2 -> readline -> ncurses-libs
[  129s]   breaking dependency filesystem -> bash
[  129s] cycle: perl-Carp -> perl-libs
[  129s]   breaking dependency perl-libs -> perl-Carp
[  129s] cycle: perl-libs -> perl-Exporter
[  129s]   breaking dependency perl-libs -> perl-Exporter
[  129s] cycle: perl-Carp -> perl-Exporter
[  129s]   breaking dependency perl-Exporter -> perl-Carp
[  129s] cycle: nss-util -> nss
[  129s]   breaking dependency nss -> nss-util
[  129s] cycle: nss-softokn -> nss-util -> nss
[  129s]   breaking dependency nss -> nss-softokn
[  129s] cycle: systemd -> cryptsetup -> device-mapper
[  129s]   breaking dependency systemd -> cryptsetup
[  129s] cycle: audit -> systemd -> pam
[  129s]   breaking dependency systemd -> pam
[  129s] [1/84] preinstalling dbus...
[  130s] [2/84] preinstalling libffi-devel...
[  131s] [3/84] preinstalling nodejs-source-map...
[  132s] [4/84] preinstalling python3-pip...
[  136s] [5/84] preinstalling python3-setuptools_scm...
[  137s] [6/84] preinstalling filesystem...
[  140s] [7/84] preinstalling glibc...
[  145s] [8/84] preinstalling libgcc...
[  146s] [9/84] preinstalling diffutils...
[  148s] [10/84] preinstalling libcap-ng...
[  149s] [11/84] preinstalling libgpg-error...
[  150s] [12/84] preinstalling libpcap...
[  151s] [13/84] preinstalling libsmartcols...
[  152s] [14/84] preinstalling libuuid...
[  153s] [15/84] preinstalling libxcrypt...
[  154s] [16/84] preinstalling lz4...
[  155s] [17/84] preinstalling m4...
[  156s] [18/84] preinstalling ncurses-libs...
[  157s] [19/84] preinstalling nspr...
[  158s] [20/84] preinstalling xz-libs...
[  159s] [21/84] preinstalling zlib...
[  160s] [22/84] preinstalling attr...
[  161s] [23/84] preinstalling libdb...
[  165s] [24/84] preinstalling zstd...
[  168s] [25/84] preinstalling audit-libs...
[  169s] [26/84] preinstalling file...
[  170s] [27/84] preinstalling iptables-libs...
[  171s] [28/84] preinstalling libacl...
[  172s] [29/84] preinstalling libgcrypt...
[  174s] [30/84] preinstalling openssl-libs...
[  176s] [31/84] preinstalling readline...
[  177s] [32/84] preinstalling ncurses...
[  185s] [33/84] preinstalling cmake...
[  199s] [34/84] preinstalling perl-libs...
[  203s] [35/84] preinstalling pcre2...
[  205s] [36/84] preinstalling perl-Exporter...
[  205s] [37/84] preinstalling pcre...
[  206s] [38/84] preinstalling acl...
[  208s] [39/84] preinstalling sqlite...
[  210s] [40/84] preinstalling libselinux...
[  211s] [41/84] preinstalling perl-Carp...
[  212s] [42/84] preinstalling perl-Digest-MD5...
[  213s] [43/84] preinstalling sed...
[  214s] [44/84] preinstalling coreutils...
[  218s] [45/84] preinstalling bash...
[  221s] [46/84] preinstalling openssl...
[  223s] [47/84] preinstalling dnf...
[  224s] [48/84] preinstalling bzip2...
[  225s] [49/84] preinstalling elfutils...
[  226s] [50/84] preinstalling hostname...
[  227s] [51/84] preinstalling libcap...
[  228s] [52/84] preinstalling popt...
[  229s] [53/84] preinstalling grep...
[  230s] [54/84] preinstalling libblkid...
[  232s] [55/84] preinstalling perl-constant...
[  233s] [56/84] preinstalling tar...
[  234s] [57/84] preinstalling info...
[  236s] [58/84] preinstalling libgcrypt-devel...
[  237s] [59/84] preinstalling lua...
[  238s] [60/84] preinstalling nss...
[  240s] [61/84] preinstalling chkconfig...
[  241s] [62/84] preinstalling copy-jdk-configs...
[  242s] [63/84] preinstalling libfdisk...
[  243s] [64/84] preinstalling libmount...
[  244s] [65/84] preinstalling libsemanage...
[  245s] [66/84] preinstalling nss-util...
[  246s] [67/84] preinstalling findutils...
[  248s] [68/84] preinstalling perl-Getopt-Long...
[  249s] [69/84] preinstalling xz...
[  250s] [70/84] preinstalling perl-Data-Dumper...
[  252s] [71/84] preinstalling systemd-libs...
[  253s] [72/84] preinstalling rpm-libs...
[  254s] [73/84] preinstalling dbus-libs...
[  255s] [74/84] preinstalling nss-softokn...
[  257s] [75/84] preinstalling glib2...
[  262s] [76/84] preinstalling systemd...
[  267s] [77/84] preinstalling audit...
[  268s] [78/84] preinstalling rpm...
[  270s] [79/84] preinstalling openEuler-rpm-config...
[  271s] [80/84] preinstalling pam...
[  272s] [81/84] preinstalling util-linux...
[  276s] [82/84] preinstalling device-mapper...
[  278s] [83/84] preinstalling cryptsetup...
[  280s] [84/84] preinstalling lvm2...
[  282s] 
[  284s] initializing rpm db...
[  298s] reordering...cycle: coreutils -> bash
[  298s]   breaking dependency coreutils -> bash
[  298s] cycle: coreutils -> info
[  298s]   breaking dependency coreutils -> info
[  298s] cycle: glibc -> basesystem -> filesystem -> coreutils -> gmp
[  298s]   breaking dependency coreutils -> gmp
[  298s] cycle: glibc -> basesystem -> filesystem -> coreutils
[  298s]   breaking dependency coreutils -> glibc
[  298s] cycle: glibc -> basesystem -> filesystem -> coreutils -> libacl
[  298s]   breaking dependency coreutils -> libacl
[  298s] cycle: glibc -> basesystem -> filesystem -> coreutils -> attr
[  298s]   breaking dependency coreutils -> attr
[  298s] cycle: coreutils -> libcap
[  298s]   breaking dependency coreutils -> libcap
[  298s] cycle: glibc -> basesystem -> filesystem -> coreutils -> openssl-libs
[  298s]   breaking dependency openssl-libs -> glibc
[  298s] cycle: coreutils -> openssl-libs -> ca-certificates
[  298s]   breaking dependency ca-certificates -> coreutils
[  298s] cycle: coreutils -> openssl-libs -> ca-certificates -> bash
[  298s]   breaking dependency ca-certificates -> bash
[  298s] cycle: coreutils -> openssl-libs -> ca-certificates -> grep
[  298s]   breaking dependency grep -> coreutils
[  298s] cycle: coreutils -> openssl-libs -> ca-certificates -> grep -> bash
[  298s]   breaking dependency ca-certificates -> grep
[  298s] cycle: glibc -> basesystem -> filesystem -> coreutils -> openssl-libs -> ca-certificates -> p11-kit
[  298s]   breaking dependency p11-kit -> glibc
[  298s] cycle: glibc -> basesystem -> filesystem -> coreutils -> openssl-libs -> ca-certificates -> p11-kit -> libffi
[  298s]   breaking dependency openssl-libs -> ca-certificates
[  298s] cycle: coreutils -> openssl-libs -> crypto-policies -> bash
[  298s]   breaking dependency crypto-policies -> bash
[  298s] cycle: coreutils -> openssl-libs -> crypto-policies
[  298s]   breaking dependency crypto-policies -> coreutils
[  298s] cycle: coreutils -> openssl-libs -> crypto-policies -> grep -> bash
[  298s]   breaking dependency bash -> coreutils
[  298s] cycle: filesystem -> coreutils -> openssl-libs -> crypto-policies -> grep -> bash
[  298s]   breaking dependency grep -> bash
[  298s] cycle: glibc -> basesystem -> filesystem -> coreutils -> openssl-libs -> crypto-policies -> grep
[  298s]   breaking dependency glibc -> basesystem
[  298s] cycle: glibc -> glibc-common -> bash -> filesystem -> coreutils -> openssl-libs -> crypto-policies -> grep
[  298s]   breaking dependency glibc-common -> bash
[  298s] cycle: glibc -> glibc-common -> coreutils -> openssl-libs -> crypto-policies -> grep
[  298s]   breaking dependency glibc-common -> coreutils
[  298s] cycle: glibc -> glibc-common
[  298s]   breaking dependency glibc-common -> glibc
[  298s] cycle: glibc -> glibc-common -> libselinux
[  298s]   breaking dependency libselinux -> glibc
[  298s] cycle: glibc -> glibc-common -> libselinux -> pcre2
[  298s]   breaking dependency pcre2 -> glibc
[  298s] cycle: glibc -> glibc-common -> libselinux -> pcre2 -> readline
[  298s]   breaking dependency readline -> glibc
[  298s] cycle: glibc -> glibc-common -> libselinux -> pcre2 -> readline -> ncurses-libs
[  298s]   breaking dependency libselinux -> pcre2
[  298s] cycle: glibc -> glibc-common -> libselinux -> libsepol -> coreutils -> openssl-libs -> crypto-policies -> grep
[  298s]   breaking dependency libsepol -> coreutils
[  298s] cycle: glibc -> glibc-common -> libselinux -> libsepol -> bash -> filesystem -> coreutils -> openssl-libs -> crypto-policies -> grep
[  298s]   breaking dependency filesystem -> coreutils
[  298s] cycle: bash -> filesystem
[  298s]   breaking dependency filesystem -> bash
[  298s] cycle: filesystem -> setup
[  298s]   breaking dependency filesystem -> setup
[  298s] cycle: glibc -> glibc-common -> libselinux -> libsepol -> bash
[  298s]   breaking dependency bash -> glibc
[  298s] cycle: glibc -> glibc-common -> libselinux -> libsepol -> bash -> ncurses-libs
[  298s]   breaking dependency libsepol -> bash
[  298s] cycle: glibc -> glibc-common -> libselinux -> libsepol
[  298s]   breaking dependency glibc -> glibc-common
[  298s] cycle: systemd -> cryptsetup -> device-mapper
[  298s]   breaking dependency systemd -> cryptsetup
[  298s] cycle: perl-libs -> perl-Carp
[  298s]   breaking dependency perl-libs -> perl-Carp
[  298s] cycle: perl-libs -> perl-Exporter
[  298s]   breaking dependency perl-libs -> perl-Exporter
[  298s] cycle: perl-Carp -> perl-Exporter
[  298s]   breaking dependency perl-Exporter -> perl-Carp
[  298s] cycle: perl -> perl-PathTools
[  298s]   breaking dependency perl -> perl-PathTools
[  298s] cycle: perl -> perl-ExtUtils-MakeMaker
[  298s]   breaking dependency perl -> perl-ExtUtils-MakeMaker
[  298s] cycle: perl -> perl-File-Path -> perl-PathTools
[  298s]   breaking dependency perl -> perl-File-Path
[  298s] cycle: perl -> perl-Getopt-Long -> perl-Pod-Usage
[  298s]   breaking dependency perl -> perl-Getopt-Long
[  298s] cycle: perl -> perl-Locale-Maketext
[  298s]   breaking dependency perl -> perl-Locale-Maketext
[  298s] cycle: perl -> perl-Pod-Simple
[  298s]   breaking dependency perl -> perl-Pod-Simple
[  298s] cycle: perl -> perl-Socket
[  298s]   breaking dependency perl -> perl-Socket
[  298s] cycle: perl -> perl-Storable
[  298s]   breaking dependency perl -> perl-Storable
[  298s] cycle: perl -> perl-Text-Tabs+Wrap
[  298s]   breaking dependency perl -> perl-Text-Tabs+Wrap
[  298s] cycle: perl -> perl-Time-Local -> perl-constant
[  298s]   breaking dependency perl -> perl-Time-Local
[  298s] cycle: perl -> perl-constant
[  298s]   breaking dependency perl -> perl-constant
[  298s] cycle: perl -> perl-threads
[  298s]   breaking dependency perl -> perl-threads
[  298s] cycle: perl -> perl-threads-shared
[  298s]   breaking dependency perl -> perl-threads-shared
[  298s] cycle: perl -> perl-Archive-Tar
[  298s]   breaking dependency perl -> perl-Archive-Tar
[  298s] cycle: perl -> perl-B-Debug
[  298s]   breaking dependency perl -> perl-B-Debug
[  298s] cycle: perl -> perl-CPAN-Meta -> perl-CPAN-Meta-Requirements
[  298s]   breaking dependency perl -> perl-CPAN-Meta
[  298s] cycle: perl -> perl-CPAN-Meta-Requirements
[  298s]   breaking dependency perl -> perl-CPAN-Meta-Requirements
[  298s] cycle: perl -> perl-CPAN-Meta-YAML
[  298s]   breaking dependency perl -> perl-CPAN-Meta-YAML
[  298s] cycle: perl -> perl-Compress-Raw-Bzip2
[  298s]   breaking dependency perl -> perl-Compress-Raw-Bzip2
[  298s] cycle: perl -> perl-Compress-Raw-Zlib
[  298s]   breaking dependency perl -> perl-Compress-Raw-Zlib
[  298s] cycle: perl -> perl-Config-Perl-V
[  298s]   breaking dependency perl -> perl-Config-Perl-V
[  298s] cycle: perl -> perl-DB_File
[  298s]   breaking dependency perl -> perl-DB_File
[  298s] cycle: perl -> perl-Data-Dumper
[  298s]   breaking dependency perl -> perl-Data-Dumper
[  298s] cycle: perl -> perl-Devel-PPPort
[  298s]   breaking dependency perl -> perl-Devel-PPPort
[  298s] cycle: perl -> perl-Digest -> perl-MIME-Base64
[  298s]   breaking dependency perl -> perl-Digest
[  298s] cycle: perl -> perl-Digest-MD5 -> perl-Digest -> perl-MIME-Base64
[  298s]   breaking dependency perl -> perl-Digest-MD5
[  298s] cycle: perl -> perl-Digest-SHA
[  298s]   breaking dependency perl -> perl-Digest-SHA
[  298s] cycle: perl -> perl-Encode
[  298s]   breaking dependency perl -> perl-Encode
[  298s] cycle: perl -> perl-Env
[  298s]   breaking dependency perl -> perl-Env
[  298s] cycle: perl -> perl-ExtUtils-Command
[  298s]   breaking dependency perl -> perl-ExtUtils-Command
[  298s] cycle: perl -> perl-ExtUtils-Install
[  298s]   breaking dependency perl -> perl-ExtUtils-Install
[  298s] cycle: perl -> perl-ExtUtils-Manifest
[  298s]   breaking dependency perl -> perl-ExtUtils-Manifest
[  298s] cycle: perl -> perl-ExtUtils-ParseXS
[  298s]   breaking dependency perl -> perl-ExtUtils-ParseXS
[  298s] cycle: perl -> perl-File-Fetch -> perl-PathTools
[  298s]   breaking dependency perl -> perl-File-Fetch
[  298s] cycle: perl -> perl-File-Temp -> perl-PathTools
[  298s]   breaking dependency perl -> perl-File-Temp
[  298s] cycle: perl -> perl-Filter
[  298s]   breaking dependency perl -> perl-Filter
[  298s] cycle: perl -> perl-Filter-Simple -> perl-Filter
[  298s]   breaking dependency perl -> perl-Filter-Simple
[  298s] cycle: perl -> perl-HTTP-Tiny
[  298s]   breaking dependency perl -> perl-HTTP-Tiny
[  298s] cycle: perl -> perl-IO-Compress
[  298s]   breaking dependency perl -> perl-IO-Compress
[  298s] cycle: perl -> perl-IO-Socket-IP
[  298s]   breaking dependency perl -> perl-IO-Socket-IP
[  298s] cycle: perl -> perl-IPC-Cmd -> perl-ExtUtils-MakeMaker
[  298s]   breaking dependency perl -> perl-IPC-Cmd
[  298s] cycle: perl -> perl-IPC-SysV
[  298s]   breaking dependency perl -> perl-IPC-SysV
[  298s] cycle: perl -> perl-JSON-PP
[  298s]   breaking dependency perl -> perl-JSON-PP
[  298s] cycle: perl -> perl-Locale-Codes -> perl-constant
[  298s]   breaking dependency perl -> perl-Locale-Codes
[  298s] cycle: perl -> perl-MIME-Base64
[  298s]   breaking dependency perl -> perl-MIME-Base64
[  298s] cycle: perl -> perl-Math-BigInt
[  298s]   breaking dependency perl -> perl-Math-BigInt
[  298s] cycle: perl -> perl-Math-BigInt-FastCalc -> perl-Math-BigInt
[  298s]   breaking dependency perl -> perl-Math-BigInt-FastCalc
[  298s] cycle: perl -> perl-Math-BigRat -> perl-Math-BigInt
[  298s]   breaking dependency perl -> perl-Math-BigRat
[  298s] cycle: perl -> perl-Module-CoreList
[  298s]   breaking dependency perl -> perl-Module-CoreList
[  298s] cycle: perl -> perl-Module-Load -> perl-PathTools
[  298s]   breaking dependency perl -> perl-Module-Load
[  298s] cycle: perl -> perl-Module-Load-Conditional
[  298s]   breaking dependency perl -> perl-Module-Load-Conditional
[  298s] cycle: perl -> perl-Module-Metadata
[  298s]   breaking dependency perl -> perl-Module-Metadata
[  298s] cycle: perl -> perl-Params-Check
[  298s]   breaking dependency perl -> perl-Params-Check
[  298s] cycle: perl -> perl-PerlIO-via-QuotedPrint -> perl-MIME-Base64
[  298s]   breaking dependency perl -> perl-PerlIO-via-QuotedPrint
[  298s] cycle: perl -> perl-Pod-Checker
[  298s]   breaking dependency perl -> perl-Pod-Checker
[  298s] cycle: perl -> perl-Pod-Escapes
[  298s]   breaking dependency perl -> perl-Pod-Escapes
[  298s] cycle: perl -> perl-Pod-Parser
[  298s]   breaking dependency perl -> perl-Pod-Parser
[  298s] cycle: perl -> perl-Pod-Perldoc
[  298s]   breaking dependency perl -> perl-Pod-Perldoc
[  298s] cycle: perl -> perl-Pod-Usage
[  298s]   breaking dependency perl -> perl-Pod-Usage
[  298s] cycle: perl -> perl-Sys-Syslog
[  298s]   breaking dependency perl -> perl-Sys-Syslog
[  298s] cycle: perl -> perl-Term-Cap
[  298s]   breaking dependency perl -> perl-Term-Cap
[  298s] cycle: perl -> perl-Test-Harness
[  298s]   breaking dependency perl -> perl-Test-Harness
[  298s] cycle: perl -> perl-Test-Simple
[  298s]   breaking dependency perl -> perl-Test-Simple
[  298s] cycle: perl -> perl-Text-Balanced
[  298s]   breaking dependency perl -> perl-Text-Balanced
[  298s] cycle: perl -> perl-Thread-Queue -> perl-threads-shared
[  298s]   breaking dependency perl -> perl-Thread-Queue
[  298s] cycle: perl -> perl-Unicode-Collate -> perl-PathTools
[  298s]   breaking dependency perl -> perl-Unicode-Collate
[  298s] cycle: perl -> perl-autodie
[  298s]   breaking dependency perl -> perl-autodie
[  298s] cycle: perl -> perl-bignum -> perl-Math-BigInt
[  298s]   breaking dependency perl -> perl-bignum
[  298s] cycle: perl -> perl-devel
[  298s]   breaking dependency perl -> perl-devel
[  298s] cycle: perl -> perl-Encode-devel
[  298s]   breaking dependency perl -> perl-Encode-devel
[  298s] cycle: perl -> perl-experimental
[  298s]   breaking dependency perl -> perl-experimental
[  298s] cycle: perl -> perl-libnet -> perl-Digest-MD5 -> perl-Digest -> perl-MIME-Base64
[  298s]   breaking dependency perl -> perl-libnet
[  298s] cycle: perl -> perl-podlators
[  298s]   breaking dependency perl -> perl-podlators
[  298s] cycle: perl -> perl-version
[  298s]   breaking dependency perl -> perl-version
[  298s] cycle: glib2 -> gamin
[  298s]   breaking dependency glib2 -> gamin
[  298s] cycle: systemd -> gnutls -> unbound-libs -> shadow -> pam -> audit
[  298s]   breaking dependency systemd -> gnutls
[  298s] cycle: systemd -> pam -> audit
[  298s]   breaking dependency systemd -> pam
[  298s] cycle: systemd -> shadow -> pam -> audit
[  298s]   breaking dependency systemd -> shadow
[  298s] cycle: pam -> libpwquality
[  298s]   breaking dependency pam -> libpwquality
[  298s] cycle: perl-Getopt-Long -> perl-Pod-Usage
[  298s]   breaking dependency perl-Pod-Usage -> perl-Getopt-Long
[  298s] cycle: perl-Getopt-Long -> perl-Pod-Usage -> perl-podlators -> perl-Encode
[  298s]   breaking dependency perl-podlators -> perl-Encode
[  298s] cycle: perl-Getopt-Long -> perl-Pod-Usage -> perl-podlators
[  298s]   breaking dependency perl-podlators -> perl-Getopt-Long
[  298s] cycle: perl-Getopt-Long -> perl-Pod-Usage -> perl-podlators -> perl-Pod-Simple -> perl-Encode
[  298s]   breaking dependency perl-Encode -> perl-Getopt-Long
[  298s] cycle: perl-Getopt-Long -> perl-Pod-Usage -> perl-podlators -> perl-Pod-Simple
[  298s]   breaking dependency perl-podlators -> perl-Pod-Simple
[  298s] cycle: perl-Pod-Usage -> perl-podlators
[  298s]   breaking dependency perl-podlators -> perl-Pod-Usage
[  298s] cycle: groff -> perl-Getopt-Long -> perl-Pod-Usage -> perl-Pod-Perldoc
[  298s]   breaking dependency groff -> perl-Getopt-Long
[  298s] cycle: glibc-devel -> libxcrypt-devel
[  298s]   breaking dependency glibc-devel -> libxcrypt-devel
[  298s] cycle: cmake-data -> cmake
[  298s]   breaking dependency cmake -> cmake-data
[  298s] cycle: nss-util -> nss
[  298s]   breaking dependency nss -> nss-util
[  298s] cycle: nss-softokn -> nss-util -> nss
[  298s]   breaking dependency nss -> nss-softokn
[  298s] cycle: perl-Getopt-Long -> perl-Pod-Usage -> perl-Pod-Perldoc -> perl-Pod-Simple
[  298s]   breaking dependency perl-Pod-Perldoc -> perl-Pod-Simple
[  298s] cycle: openssh -> openssh-server
[  298s]   breaking dependency openssh-server -> openssh
[  298s] cycle: git -> perl-Git
[  298s]   breaking dependency git -> perl-Git
[  298s] cycle: perl-ExtUtils-Install -> perl-ExtUtils-MakeMaker
[  298s]   breaking dependency perl-ExtUtils-MakeMaker -> perl-ExtUtils-Install
[  299s] done
[  299s] querying package ids...
[  337s] [1/370] installing cmake-filesystem-3.22.0-1.oe1
[  339s] [2/370] installing fuse-common-3.9.2-5.oe1
[  340s] [3/370] installing kernel-headers-5.10-3.oe1
[  348s] [4/370] installing libreport-filesystem-2.13.1-5.oe1
[  349s] [5/370] installing ncurses-base-6.1-14.oe1
[  351s] [6/370] installing openEuler-gpg-keys-1.0-2.5.oe1
[  352s] [7/370] installing python-setuptools-59.4.0-3.oe1
[  353s] [8/370] installing qt5-srpm-macros-5.15.2-1.oe1
[  354s] [9/370] installing tzdata-2021a-2.oe1
[  365s] [10/370] installing dnf-data-4.10.0-1.oe1
[  366s] [11/370] installing openEuler-repos-1.0-2.5.oe1
[  367s] [12/370] installing openEuler-release-20.03LTS-40.oe1
[  368s] [13/370] installing filesystem-3.9-3.oe1
[  379s] warning: group mail does not exist - using root
[  379s] [14/370] installing emacs-filesystem-1:27.1-5.oe1
[  380s] [15/370] installing libgcc-10.3.1-20220105.6.oe1
[  383s] [16/370] installing setup-2.13.3-4.oe1
[  385s] [17/370] installing glibc-2.34-64.oe1
[  392s] [18/370] installing brotli-1.0.9-2.oe1
[  394s] [19/370] installing chrpath-0.16-12.oe1
[  396s] [20/370] installing cpio-2.13-4.oe1
[  399s] [21/370] installing diffutils-3.7-4.oe1
[  402s] [22/370] installing expat-2.2.10-1.oe1
[  403s] [23/370] installing json-c-0.15-1.oe1
[  404s] [24/370] installing keyutils-libs-1.6.3-3.oe1
[  406s] [25/370] installing libICE-1.0.10-2.oe1
[  408s] [26/370] installing libXau-1.0.9-2.oe1
[  409s] [27/370] installing libaio-0.3.112-1.oe1
[  410s] [28/370] installing libargon2-20190702-1.oe1
[  412s] [29/370] installing libatomic-10.3.1-20220105.6.oe1
[  413s] [30/370] installing libcap-ng-0.7.11-1.oe1
[  414s] [31/370] installing libev-4.24-11.oe1
[  416s] [32/370] installing libffi-3.3-31.oe1
[  417s] [33/370] installing libgomp-10.3.1-20220105.6.oe1
[  418s] [34/370] installing libgpg-error-1.41-1.oe1
[  420s] [35/370] installing libnghttp2-1.42.0-1.oe1
[  421s] [36/370] installing libpcap-14:1.9.1-7.oe1
[  423s] [37/370] installing libpipeline-1.5.3-1.oe1
[  424s] [38/370] installing libsigsegv-2.11-10.oe1
[  425s] [39/370] installing libsmartcols-2.36.1-3.oe1
[  427s] [40/370] installing libtasn1-4.16.0-2.oe1
[  429s] [41/370] installing libtool-ltdl-2.4.6-34.oe1
[  430s] [42/370] installing libunistring-0.9.10-8.oe1
[  432s] [43/370] installing libuuid-2.36.1-3.oe1
[  433s] [44/370] installing libuv-1:1.40.0-1.oe1
[  435s] [45/370] installing libxcrypt-4.4.8-4.oe1
[  437s] [46/370] installing libyaml-0.2.5-1.oe1
[  438s] [47/370] installing lz4-1.9.3-1.oe1
[  440s] [48/370] installing m4-1.4.18-14.oe1
[  441s] [49/370] installing nspr-4.32.0-1.oe1
[  443s] [50/370] installing pkgconf-1.7.3-1.oe1
[  444s] [51/370] installing rhash-1.3.5-5.oe1
[  448s] [52/370] installing sharutils-4.15.2-15.oe1
[  449s] [53/370] installing which-2.21-14.oe1
[  451s] [54/370] installing xz-libs-5.2.5-1.oe1
[  452s] [55/370] installing zlib-1.2.11-18.oe1
[  454s] [56/370] installing attr-2.4.48-12.oe1
[  456s] [57/370] installing basesystem-12-2.oe1
[  457s] [58/370] installing libstdc++-10.3.1-20220105.6.oe1
[  460s] [59/370] installing ncurses-libs-6.1-14.oe1
[  462s] [60/370] installing libsepol-3.1-4.oe1
[  464s] [61/370] installing libstdc++-devel-10.3.1-20220105.6.oe1
[  475s] [62/370] installing audit-libs-1:3.0-2.oe1
[  477s] [63/370] installing elfutils-libelf-0.185-3.oe1
[  478s] [64/370] installing file-libs-5.39-6.oe1
[  483s] [65/370] installing gmp-1:6.2.1-3.oe1
[  485s] [66/370] installing iptables-libs-1.8.1-4.oe1
[  486s] [67/370] installing less-563-2.oe1
[  487s] [68/370] installing libacl-2.2.53-7.oe1
[  488s] [69/370] installing libassuan-2.5.4-1.oe1
[  490s] [70/370] installing libedit-3.1-27.oe1
[  491s] [71/370] installing libffi-devel-3.3-31.oe1
[  492s] [72/370] installing libgcrypt-1.8.7-1.oe1
[  494s] [73/370] installing libpng-2:1.6.37-1.oe1
[  495s] [74/370] installing libxcb-1.14-1.oe1
[  497s] [75/370] installing readline-8.0-2.oe1
[  499s] [76/370] installing texlive-lib-7:20180414-28
[  501s] [77/370] installing fuse-2.9.9-6.oe1
[  503s] [78/370] installing gc-8.0.4-2.oe1
[  504s] [79/370] installing libSM-1.2.3-2.oe1
[  506s] [80/370] installing libdb-5.3.28-35.oe1
[  513s] [81/370] installing libselinux-3.1-3.oe1
[  515s] [82/370] installing libxml2-2.9.12-5.oe1
[  517s] [83/370] installing bash-5.1-1.oe1
[  522s] [84/370] installing perl-libs-4:5.28.0-435.oe1
[  529s] [85/370] installing zstd-1.4.8-2.oe1
[  532s] [86/370] installing ncurses-6.1-14.oe1
[  546s] [87/370] installing thin-provisioning-tools-0.8.5-1.oe1
[  548s] [88/370] installing perl-parent-1:0.237-4.oe1
[  550s] [89/370] installing perl-perlfaq-5.20180915-5.oe1
[  551s] [90/370] installing libX11-1.6.9-2.oe1
[  555s] [91/370] installing mpfr-4.1.0-1.oe1
[  559s] [92/370] installing nettle-3.6-6.oe1
[  561s] [93/370] installing pcre2-10.36-1.oe1
[  564s] [94/370] installing perl-Exporter-5.74-1.oe1
[  565s] [95/370] installing file-5.39-6.oe1
[  567s] [96/370] installing gdbm-1:1.18.1-1.oe1
[  570s] [97/370] installing patch-2.7.6-12.oe1
[  571s] [98/370] installing qrencode-4.1.1-1
[  573s] [99/370] installing sed-4.8-2.oe1
[  575s] [100/370] installing acl-2.2.53-7.oe1
[  576s] [101/370] installing libcomps-0.1.15-1.oe1
[  578s] [102/370] installing pcre-8.44-1.oe1
[  579s] [103/370] installing glibc-common-2.34-64.oe1
[  592s] [104/370] installing crontabs-1.11-21.oe1
[  594s] [105/370] installing libXext-1.3.4-2.oe1
[  596s] [106/370] installing libXpm-3.5.12-11.oe1
[  597s] [107/370] installing perl-Carp-1.50-418.oe1
[  599s] [108/370] installing perl-Perl-OSType-1.010-421.oe1
[  602s] [109/370] installing perl-Term-ANSIColor-4.06-511.oe1
[  604s] [110/370] installing libmpc-1.2.0-2.oe1
[  606s] [111/370] installing perl-Text-CharWidth-0.04-36.oe1
[  607s] [112/370] installing grep-3.6-1.oe1
[  611s] [113/370] installing libXt-1.2.0-0.oe1
[  613s] [114/370] installing gawk-5.0.1-2.oe1
[  616s] [115/370] installing perl-Text-ParseWords-3.30-419.oe1
[  617s] [116/370] installing crypto-policies-20180925-3.git71ca85f.oe1
[  625s] [117/370] installing libXmu-1.1.3-1.oe1
[  627s] [118/370] installing cpp-10.3.1-20220105.6.oe1
[  637s] [119/370] installing openssl-libs-1:1.1.1f-2.oe1
[  640s] [120/370] installing libXaw-1.0.13-13.oe1
[  643s] [121/370] installing ima-evm-utils-libs-1.2.1-8.oe1
[  645s] [122/370] installing libevent-2.1.12-4
[  647s] [123/370] installing kmod-libs-27-4.oe1
[  649s] [124/370] installing kmod-27-4.oe1
[  651s] [125/370] installing nodejs-libs-1:16.10.0-1.oe1
[  697s] [126/370] installing coreutils-8.31-4.oe1
[  706s] [127/370] installing elfutils-default-yama-scope-0.185-3.oe1
[  708s] /usr/lib/systemd/systemd-sysctl: error while loading shared libraries: libseccomp.so.2: cannot open shared object file: No such file or directory
[  708s] [128/370] installing mailcap-2.1.49-2.oe1
[  710s] [129/370] installing publicsuffix-list-20200718-1.oe1
[  712s] [130/370] installing texlive-base-7:20180414-28
[  719s] [131/370] installing uname-build-checks-1.0-0.4.oe1
[  720s] [132/370] installing bzip2-1.0.8-3.oe1
[  722s] [133/370] installing gzip-1.10-1.oe1
[  724s] [134/370] installing hostname-3.21-2.oe1
[  726s] [135/370] installing libcap-2.32-2.oe1
[  728s] [136/370] installing libseccomp-2.4.3-2.oe1
[  731s] [137/370] installing npth-1.5-7.oe1
[  733s] [138/370] installing popt-1.18-1.oe1
[  740s] [139/370] installing sgml-common-0.6.3-51.oe1
[  742s] [140/370] installing fipscheck-1.5.0-7.oe1
[  746s] [141/370] installing libblkid-2.36.1-3.oe1
[  748s] [142/370] installing libidn2-2.3.0-1.oe1
[  751s] [143/370] installing libksba-1.3.5-12.oe1
[  754s] [144/370] installing tar-2:1.32-3.oe1
[  759s] [145/370] installing tcl-1:8.6.10-3.oe1
[  772s] [146/370] installing info-6.7-2.oe1
[  774s] [147/370] installing jsoncpp-1.9.4-1.oe1
[  776s] [148/370] installing libgpg-error-devel-1.41-1.oe1
[  779s] [149/370] installing lua-5.3.5-6.oe1
[  781s] [150/370] installing slang-2.3.2-8.oe1
[  785s] [151/370] installing xz-5.2.5-1.oe1
[  787s] [152/370] installing libxslt-1.1.32-7.oe1
[  790s] [153/370] installing perl-Scalar-List-Utils-3:1.52-2.oe1
[  796s] [154/370] installing perl-Time-HiRes-1.9760-2.oe1
[  799s] [155/370] installing perl-Unicode-Normalize-1.26-419.oe1
[  801s] [156/370] installing systemd-libs-243-22.oe1
[  805s] [157/370] installing guile-5:2.0.14-15.oe1
[  813s] [158/370] installing dbus-libs-1:1.12.20-3.oe1
[  818s] [159/370] installing libcap-devel-2.32-2.oe1
[  820s] [160/370] installing zip-3.0-29.oe1
[  822s] [161/370] installing libfdisk-2.36.1-3.oe1
[  825s] [162/370] installing newt-0.52.21-4.oe1
[  828s] [163/370] installing p11-kit-0.23.22-1.oe1
[  831s] [164/370] installing procps-ng-3.3.16-15.oe1
[  833s] [165/370] installing elfutils-libs-0.185-3.oe1
[  836s] [166/370] installing libmount-2.36.1-3.oe1
[  839s] [167/370] installing lua-posix-33.3.1-12.oe1
[  842s] [168/370] installing unzip-6.0-47.oe1
[  844s] [169/370] installing cracklib-2.9.7-6.oe1
[  856s] [170/370] installing e2fsprogs-1.45.6-3.oe1
[  860s] [171/370] installing findutils-2:4.7.0-7.oe1
[  863s] [172/370] installing libsemanage-3.1-4.oe1
[  866s] [173/370] installing make-1:4.2.1-15.oe1
[  869s] [174/370] installing sqlite-3.24.0-9.oe1
[  872s] [175/370] installing logrotate-3.15.1-2.oe1
[  874s] [176/370] installing opensp-1.5.2-31.oe1
[  879s] [177/370] installing texlive-kpathsea-7:20180414-28
[  888s] [178/370] installing glibc-devel-2.34-64.oe1
[  901s] [179/370] installing libgcrypt-devel-1.8.7-1.oe1
[  903s] [180/370] installing gnupg2-2.2.27-2.oe1
[  909s] [181/370] installing libarchive-3.5.1-1.oe1
[  912s] [182/370] installing dbus-tools-1:1.12.20-3.oe1
[  913s] [183/370] installing libattr-devel-2.4.48-12.oe1
[  915s] [184/370] installing libxcrypt-devel-4.4.8-4.oe1
[  917s] [185/370] installing copy-jdk-configs-4.0-1.oe1
[  919s] [186/370] installing gpgme-1.15.1-1.oe1
[  921s] [187/370] installing obs-env-1.0-5.oe1
[  929s] [188/370] installing chkconfig-1.14-2.oe1
[  933s] [189/370] installing elfutils-0.185-3.oe1
[  935s] [190/370] installing glib2-2.66.8-1.oe1
[  943s] [191/370] installing rpm-libs-4.15.1-25.oe1
[  946s] [192/370] installing libacl-devel-2.2.53-7.oe1
[  948s] [193/370] installing libcroco-0.6.12-13.oe1
[  950s] [194/370] installing gamin-0.1.10-38.oe1
[  952s] [195/370] installing libsecret-0.18.6-5.oe1
[  955s] [196/370] installing libverto-0.3.1-2.oe1
[  957s] [197/370] installing libmodulemd-2.13.0-1.oe1
[  959s] [198/370] installing binutils-2.37-6.oe1
[  969s] [199/370] installing p11-kit-trust-0.23.22-1.oe1
[  971s] [200/370] installing babeltrace-1.5.8-1.oe1
[  974s] [201/370] installing ca-certificates-2020.2.46-2.oe1
[  983s] [202/370] installing gettext-0.20.1-2.oe1
[  989s] [203/370] installing krb5-libs-1.18.2-3.oe1
[  991s] [204/370] installing gcc-10.3.1-20220105.6.oe1
[ 1019s] [205/370] installing python-pip-wheel-19.2.3-2.fc32
[ 1021s] [206/370] installing libtirpc-1.3.1-1.oe1
[ 1023s] [207/370] installing cyrus-sasl-lib-2.1.27-10.oe1
[ 1025s] [208/370] installing libssh-0.9.5-1.oe1
[ 1028s] [209/370] installing gcc-c++-10.3.1-20220105.6.oe1
[ 1041s] [210/370] installing openldap-2.4.46-15.oe1
[ 1044s] [211/370] installing libnsl2-1.3.0-2.oe1
[ 1046s] [212/370] installing python3-3.8.5-13.oe1
[ 1077s] [213/370] installing python3-pyparsing-2.4.5-1.fc32
[ 1079s] [214/370] installing python3-setuptools-59.4.0-3.oe1
[ 1088s] [215/370] installing python3-setuptools_scm-3.3.3-6.fc32
[ 1090s] [216/370] installing python3-gpgme-1.15.1-1.oe1
[ 1093s] [217/370] installing python3-libcomps-0.1.15-1.oe1
[ 1095s] [218/370] installing libpsl-0.21.1-1.oe1
[ 1098s] [219/370] installing gdb-headless-9.2-5.oe1
[ 1105s] [220/370] installing systemtap-sdt-devel-4.1-3.oe1
[ 1106s] [221/370] installing gdb-9.2-5.oe1
[ 1108s] [222/370] installing python3-pip-19.2.3-2.fc32
[ 1117s] [223/370] installing libcurl-7.79.1-1.oe1
[ 1119s] [224/370] installing curl-7.79.1-1.oe1
[ 1121s] [225/370] installing librepo-1.14.2-2.oe1
[ 1123s] [226/370] installing rpm-4.15.1-25.oe1
[ 1127s] [227/370] installing efi-srpm-macros-4-3.oe1
[ 1130s] [228/370] installing cmake-rpm-macros-3.22.0-1.oe1
[ 1132s] [229/370] installing libsolv-0.7.20-1.oe1
[ 1135s] [230/370] installing python3-rpm-4.15.1-25.oe1
[ 1136s] [231/370] installing openEuler-rpm-config-30-22.oe1
[ 1138s] [232/370] installing cmake-3.22.0-1.oe1
[ 1153s] [233/370] installing libdnf-0.65.0-2.oe1
[ 1157s] [234/370] installing cmake-data-3.22.0-1.oe1
[ 1179s] [235/370] installing python3-libdnf-0.65.0-2.oe1
[ 1182s] [236/370] installing perl-4:5.28.0-435.oe1
[ 1192s] [237/370] installing perl-B-Debug-1.26-4.oe1
[ 1193s] [238/370] installing perl-Env-1.04-397.oe1
[ 1194s] [239/370] installing perl-HTML-Tagset-3.20-37.oe1
[ 1195s] [240/370] installing perl-Devel-PPPort-3.42-4.oe1
[ 1197s] [241/370] installing perl-Pod-Escapes-1:1.07-419.oe1
[ 1198s] [242/370] installing perl-Text-Tabs+Wrap-2013.0523-419.oe1
[ 1199s] [243/370] installing perl-Algorithm-Diff-1.1903-14.oe1
[ 1200s] [244/370] installing perl-LWP-MediaTypes-6.02-17.oe1
[ 1203s] [245/370] installing perl-Params-Check-1:0.38-418.oe1
[ 1204s] [246/370] installing perl-Term-Cap-1.17-510.oe1
[ 1205s] [247/370] installing perl-TermReadKey-2.38-2.oe1
[ 1207s] [248/370] installing perl-Text-Balanced-2.03-420.oe1
[ 1208s] [249/370] installing perl-Text-WrapI18N-0.06-33
[ 1209s] [250/370] installing perl-threads-1:2.22-419.oe1
[ 1211s] [251/370] installing openssl-1:1.1.1f-2.oe1
[ 1214s] [252/370] installing perl-Config-Perl-V-0.30-5.oe1
[ 1216s] [253/370] installing perl-Error-1:0.17029-1.oe1
[ 1219s] [254/370] installing perl-Filter-2:1.59-2.oe1
[ 1221s] [255/370] installing perl-IPC-SysV-2.07-5.oe1
[ 1223s] [256/370] installing perl-Locale-Maketext-1:1.28-1.oe1
[ 1225s] [257/370] installing perl-Locale-gettext-1.07-13.oe1
[ 1227s] [258/370] installing perl-YAML-Tiny-1.73-4.oe1
[ 1228s] [259/370] installing perl-constant-1.33-421.oe1
[ 1230s] [260/370] installing perl-MIME-Base64-3.15-418.oe1
[ 1232s] [261/370] installing perl-CPAN-Meta-YAML-0.018-420.oe1
[ 1233s] [262/370] installing perl-Socket-4:2.029-2.oe1
[ 1235s] [263/370] installing perl-Storable-1:3.15-2.oe1
[ 1238s] [264/370] installing python3-hawkey-0.65.0-2.oe1
[ 1240s] [265/370] installing perl-PerlIO-via-QuotedPrint-0.08-397.oe1
[ 1241s] [266/370] installing perl-Digest-1.17-419.oe1
[ 1243s] [267/370] installing perl-Filter-Simple-1:0.94-1.oe1
[ 1244s] [268/370] installing perl-IO-Socket-IP-0.39-420.oe1
[ 1245s] [269/370] installing perl-Text-Diff-1.45-7.oe1
[ 1246s] [270/370] installing perl-Time-Local-2:1.280-6.oe1
[ 1248s] [271/370] installing perl-version-8:0.99.24-3.oe1
[ 1250s] [272/370] installing perl-IPC-System-Simple-1.25-19.oe1
[ 1251s] [273/370] installing perl-threads-shared-1.59-2.oe1
[ 1255s] [274/370] installing perl-Compress-Raw-Bzip2-2.100-1.oe1
[ 1257s] [275/370] installing perl-Compress-Raw-Zlib-1:2.100-1.oe1
[ 1259s] [276/370] installing perl-Locale-Codes-3.58-2.oe1
[ 1261s] [277/370] installing perl-Math-BigInt-1:1.9998.13-5.oe1
[ 1264s] [278/370] installing perl-PathTools-3.75-4.oe1
[ 1269s] [279/370] installing python3-dnf-4.10.0-1.oe1
[ 1273s] [280/370] installing perl-Data-Dumper-2.172-3.oe1
[ 1275s] [281/370] installing perl-Sys-Syslog-0.35-420.oe1
[ 1277s] [282/370] installing perl-Encode-4:2.98-9.oe1
[ 1282s] [283/370] installing autogen-5.18.16-1.oe1
[ 1285s] [284/370] installing nodejs-1:16.10.0-1.oe1
[ 1289s] [285/370] installing systemd-243-22.oe1
[ 1308s] /var/tmp/rpm-tmp.5rcci1: line 8: groupadd: command not found
[ 1308s] /var/tmp/rpm-tmp.5rcci1: line 10: groupadd: command not found
[ 1308s] /var/tmp/rpm-tmp.5rcci1: line 13: groupadd: command not found
[ 1308s] /var/tmp/rpm-tmp.5rcci1: line 16: groupadd: command not found
[ 1308s] [286/370] installing dbus-common-1:1.12.20-3.oe1
[ 1310s] [287/370] installing nodejs-source-map-0.5.6-1.oe1
[ 1312s] [288/370] installing perl-Module-Load-1:0.32-418.oe1
[ 1313s] [289/370] installing nodejs-packaging-20-1.oe1
[ 1316s] [290/370] installing dnf-4.10.0-1.oe1
[ 1320s] Failed to preset unit, unit dnf-automatic.timer does not exist.
[ 1320s] Failed to preset unit, unit dnf-automatic-notifyonly.timer does not exist.
[ 1320s] Failed to preset unit, unit dnf-automatic-download.timer does not exist.
[ 1320s] Failed to preset unit, unit dnf-automatic-install.timer does not exist.
[ 1320s] [291/370] installing perl-Encode-Locale-1.05-12.oe1
[ 1321s] [292/370] installing perl-File-Which-1.23-1.oe1
[ 1325s] [293/370] installing perl-IO-HTML-1.001-13.oe1
[ 1327s] [294/370] installing perl-Thread-Queue-3.13-3.oe1
[ 1328s] [295/370] installing perl-experimental-0.020-2.oe1
[ 1330s] [296/370] installing perl-Digest-MD5-2.55-419.oe1
[ 1333s] [297/370] installing perl-File-Path-2.16-4.oe1
[ 1335s] [298/370] installing perl-Math-BigInt-FastCalc-0.500.700-4.oe1
[ 1337s] [299/370] installing perl-Module-Metadata-1.000036-3.oe1
[ 1339s] [300/370] installing perl-TimeDate-1:2.33-2.oe1
[ 1341s] [301/370] installing perl-CPAN-Meta-Requirements-2.140-419.oe1
[ 1343s] [302/370] installing perl-Encode-devel-4:2.98-9.oe1
[ 1348s] [303/370] installing perl-HTTP-Tiny-0.076-3.oe1
[ 1350s] [304/370] installing perl-Math-BigRat-0.2614-2.oe1
[ 1352s] [305/370] installing audit-1:3.0-2.oe1
[ 1359s] [306/370] installing perl-DB_File-1.842-2.oe1
[ 1361s] [307/370] installing perl-autodie-2.29-398.oe1
[ 1363s] [308/370] installing perl-Unicode-Collate-1.25-4.oe1
[ 1367s] [309/370] installing perl-IO-Compress-2.081-6.oe1
[ 1369s] [310/370] installing perl-podlators-1:4.14-1.oe1
[ 1370s] [311/370] installing perl-ExtUtils-Command-1:7.60-1.oe1
[ 1371s] [312/370] installing perl-HTTP-Date-6.02-21.oe1
[ 1373s] [313/370] installing perl-ExtUtils-Manifest-1:1.71-4.oe1
[ 1374s] [314/370] installing perl-bignum-0.50-4.oe1
[ 1376s] [315/370] installing perl-File-Temp-1:0.230.800-4.oe1
[ 1378s] [316/370] installing perl-libnet-3.11-420.oe1
[ 1380s] [317/370] installing pam-1.5.1-1.oe1
[ 1385s] [318/370] installing libpwquality-1.4.4-1.oe1
[ 1388s] [319/370] installing perl-File-HomeDir-1.004-4.oe1
[ 1395s] [320/370] installing shadow-2:4.8.1-5.oe1
[ 1397s] [321/370] installing perl-Test-Simple-2:1.302175-2.oe1
[ 1399s] [322/370] installing perl-URI-1.76-3.oe1
[ 1401s] [323/370] installing libutempter-1.1.6-16.oe1
[ 1404s] [324/370] installing unbound-libs-1.10.1-4.oe1
[ 1409s] [325/370] installing dbus-daemon-1:1.12.20-3.oe1
[ 1413s] [326/370] installing perl-HTTP-Message-6.18-4.oe1
[ 1415s] [327/370] installing openssh-server-8.2p1-10.oe1
[ 1419s] Created symlink /etc/systemd/system/multi-user.target.wants/sshd.service -> /usr/lib/systemd/system/sshd.service.
[ 1419s] [328/370] installing groff-1.22.4-4.oe1
[ 1426s] [329/370] installing dbus-1:1.12.20-3.oe1
[ 1428s] [330/370] installing perl-HTML-Parser-3.72-16.oe1
[ 1430s] [331/370] installing man-db-2.9.3-2.oe1
[ 1436s] [332/370] installing perl-Pod-Perldoc-1:3.28-3.oe1
[ 1437s] [333/370] installing gnutls-3.6.15-3.oe1
[ 1441s] [334/370] installing util-linux-2.36.1-3.oe1
[ 1452s] [335/370] installing nss-help-3.72.0-2.oe1
[ 1454s] [336/370] installing perl-Pod-Usage-4:1.69-418.oe1
[ 1455s] [337/370] installing device-mapper-8:1.02.172-1.oe1
[ 1458s] [338/370] installing openssh-8.2p1-10.oe1
[ 1461s] [339/370] installing perl-Getopt-Long-1:2.52-1.oe1
[ 1464s] [340/370] installing cryptsetup-2.3.3-3.oe1
[ 1468s] [341/370] installing device-mapper-event-8:1.02.172-1.oe1
[ 1471s] Created symlink /etc/systemd/system/sockets.target.wants/dm-event.socket -> /usr/lib/systemd/system/dm-event.socket.
[ 1471s] [342/370] installing nss-3.72.0-2.oe1
[ 1481s] [343/370] installing openssh-clients-8.2p1-10.oe1
[ 1483s] [344/370] installing nss-util-3.72.0-2.oe1
[ 1487s] [345/370] installing perl-ExtUtils-ParseXS-2:3.35-1.oe1
[ 1488s] [346/370] installing perl-Module-CoreList-1:5.20180920-2.oe1
[ 1490s] [347/370] installing perl-Digest-SHA-1:6.02-7.oe1
[ 1492s] [348/370] installing perl-Pod-Parser-1.63-397.oe1
[ 1498s] [349/370] installing perl-Pod-Simple-1:3.35-418.oe1
[ 1500s] [350/370] installing perl-Test-Harness-1:3.43_02-1.oe1
[ 1502s] [351/370] installing perl-Archive-Tar-2.30-421.oe1
[ 1503s] [352/370] installing perl-JSON-PP-1:4.04-2.oe1
[ 1505s] [353/370] installing lvm2-8:2.03.11-1.oe1
[ 1512s] Created symlink /etc/systemd/system/sysinit.target.wants/lvm2-lvmpolld.socket -> /usr/lib/systemd/system/lvm2-lvmpolld.socket.
[ 1512s] [354/370] installing autoconf-2.69-30.oe1
[ 1515s] [355/370] installing git-2.23.0-12.oe1
[ 1527s] [356/370] installing nss-softokn-3.72.0-2.oe1
[ 1530s] [357/370] installing perl-Pod-Checker-4:1.73-398.oe1
[ 1532s] [358/370] installing perl-Git-2.23.0-12.oe1
[ 1533s] [359/370] installing perl-CPAN-Meta-2.150010-419.oe1
[ 1536s] [360/370] installing perl-Module-Load-Conditional-0.68-418.oe1
[ 1537s] [361/370] installing automake-1.16.1-6.oe1
[ 1540s] [362/370] installing perl-ExtUtils-MakeMaker-1:7.60-1.oe1
[ 1543s] [363/370] installing po4a-0.54-2.oe1
[ 1545s] [364/370] installing libtool-2.4.6-34.oe1
[ 1548s] [365/370] installing perl-ExtUtils-Install-2.14-419.oe1
[ 1549s] [366/370] installing perl-IPC-Cmd-2:1.04-4.oe1
[ 1551s] [367/370] installing rpm-build-4.15.1-25.oe1
[ 1553s] [368/370] installing gcc_secure-1.0-0.9.oe1
[ 1555s] [369/370] installing perl-File-Fetch-0.56-4.oe1
[ 1557s] [370/370] installing perl-devel-4:5.28.0-435.oe1
[ 1568s] removing nis flags from /var/cache/obs/worker/root_3/etc/nsswitch.conf...
[ 1569s] now finalizing build dir...
[ 1578s] texhash: Updating /usr/share/texlive/texmf-config/ls-R... 
[ 1579s] texhash: Updating /usr/share/texlive/texmf-dist/ls-R... 
[ 1580s] texhash: Updating /usr/share/texlive/texmf-local///ls-R... 
[ 1581s] texhash: Updating /usr/share/texlive/texmf-var/ls-R... 
[ 1582s] texhash: Done.
[ 1594s] Running build time source services...
[ 1611s] -----------------------------------------------------------------
[ 1611s] I have the following modifications for fakeroot.spec:
[ 1611s] 20,21c20,21
[ 1611s] < BuildRequires:       /usr/bin/getopt  libacl-devel libcap-devel sharutils
[ 1611s] < Requires:            /usr/bin/getopt fakeroot-libs = %{version}-%{release}
[ 1611s] ---
[ 1611s] > BuildRequires:       libacl-devel libcap-devel sharutils util-linux
[ 1611s] > Requires:            fakeroot-libs = %{version}-%{release} util-linux
[ 1611s] -----------------------------------------------------------------
[ 1611s] ----- building fakeroot.spec (user abuild)
[ 1611s] -----------------------------------------------------------------
[ 1611s] -----------------------------------------------------------------
[ 1620s] + exec rpmbuild -ba --define '_srcdefattr (-,root,root)' --nosignature --define 'disturl obs://private/openEuler:Mainline:RISC-V/advanced_riscv64/0f478816011b27a3220df8ba143329b1-fakeroot' /home/abuild/rpmbuild/SOURCES/fakeroot.spec
[ 1621s] Executing(%prep): /bin/sh -e /var/tmp/rpm-tmp.rZAKMT
[ 1621s] + umask 022
[ 1621s] + cd /home/abuild/rpmbuild/BUILD
[ 1621s] + cd /home/abuild/rpmbuild/BUILD
[ 1621s] + rm -rf fakeroot-upstream-1.25.2
[ 1621s] + /usr/bin/gzip -dc /home/abuild/rpmbuild/SOURCES/fakeroot-upstream-1.25.2.tar.gz
[ 1621s] + /usr/bin/tar -xof -
[ 1621s] + STATUS=0
[ 1621s] + '[' 0 -ne 0 ']'
[ 1621s] + cd fakeroot-upstream-1.25.2
[ 1621s] + /usr/bin/chmod -Rf a+rX,u+w,g-w,o-w .
[ 1621s] + /usr/bin/patch -p1 -s --fuzz=0 --no-backup-if-mismatch
[ 1621s] + /usr/bin/cat /home/abuild/rpmbuild/SOURCES/debian_eglibc-fts-without-LFS.patch
[ 1621s] + /usr/bin/cat /home/abuild/rpmbuild/SOURCES/debian_fix-shell-in-fakeroot.patch
[ 1621s] + /usr/bin/patch -p1 -s --fuzz=0 --no-backup-if-mismatch
[ 1621s] + /usr/bin/cat /home/abuild/rpmbuild/SOURCES/fakeroot-inttypes.patch
[ 1621s] + /usr/bin/patch -p1 -s --fuzz=0 --no-backup-if-mismatch
[ 1621s] + /usr/bin/cat /home/abuild/rpmbuild/SOURCES/fakeroot-multilib.patch
[ 1621s] + /usr/bin/patch -p1 -s --fuzz=0 --no-backup-if-mismatch
[ 1622s] + /usr/bin/cat /home/abuild/rpmbuild/SOURCES/backport-define-_STAT_VER-if-not-already-defined.patch
[ 1622s] + /usr/bin/patch -p1 -s --fuzz=0 --no-backup-if-mismatch
[ 1622s] + /usr/bin/patch -p1 -s --fuzz=0 --no-backup-if-mismatch
[ 1622s] + /usr/bin/cat /home/abuild/rpmbuild/SOURCES/backport-add-wrappers-for-new-glibc-2.33+-symbols.patch
[ 1622s] + /usr/bin/cat /home/abuild/rpmbuild/SOURCES/backport-fix-compile-error-with-DEBUG-enabled.patch
[ 1622s] + /usr/bin/patch -p1 -s --fuzz=0 --no-backup-if-mismatch
[ 1622s] + /usr/bin/patch -p1 -s --fuzz=0 --no-backup-if-mismatch
[ 1622s] + /usr/bin/cat /home/abuild/rpmbuild/SOURCES/backport-fix-__xmknod-at-pointer-argument.patch
[ 1622s] + RPM_EC=0
[ 1622s] ++ jobs -p
[ 1622s] + exit 0
[ 1622s] Executing(%build): /bin/sh -e /var/tmp/rpm-tmp.nNkcCV
[ 1622s] + umask 022
[ 1622s] + cd /home/abuild/rpmbuild/BUILD
[ 1622s] + cd fakeroot-upstream-1.25.2
[ 1622s] + ./bootstrap
[ 1631s] libtoolize: putting auxiliary files in '.'.
[ 1631s] libtoolize: linking file './config.guess'
[ 1633s] libtoolize: linking file './config.sub'
[ 1633s] libtoolize: linking file './install-sh'
[ 1633s] libtoolize: linking file './ltmain.sh'
[ 1635s] libtoolize: putting macros in AC_CONFIG_MACRO_DIRS, 'build-aux'.
[ 1635s] libtoolize: linking file 'build-aux/libtool.m4'
[ 1636s] libtoolize: linking file 'build-aux/ltoptions.m4'
[ 1636s] libtoolize: linking file 'build-aux/ltsugar.m4'
[ 1636s] libtoolize: linking file 'build-aux/ltversion.m4'
[ 1637s] libtoolize: linking file 'build-aux/lt~obsolete.m4'
[ 1645s] autoreconf: Entering directory `.'
[ 1645s] autoreconf: configure.ac: not using Gettext
[ 1646s] autoreconf: running: aclocal --force -I build-aux
[ 1674s] autoreconf: configure.ac: tracing
[ 1686s] autoreconf: running: libtoolize --copy --force
[ 1695s] libtoolize: putting auxiliary files in '.'.
[ 1695s] libtoolize: copying file './ltmain.sh'
[ 1697s] libtoolize: putting macros in AC_CONFIG_MACRO_DIRS, 'build-aux'.
[ 1697s] libtoolize: copying file 'build-aux/libtool.m4'
[ 1697s] libtoolize: copying file 'build-aux/ltoptions.m4'
[ 1698s] libtoolize: copying file 'build-aux/ltsugar.m4'
[ 1699s] libtoolize: copying file 'build-aux/ltversion.m4'
[ 1700s] libtoolize: copying file 'build-aux/lt~obsolete.m4'
[ 1728s] autoreconf: running: /usr/bin/autoconf --force
[ 1740s] autoreconf: running: /usr/bin/autoheader --force
[ 1751s] autoreconf: running: automake --add-missing --copy --force-missing
[ 1772s] configure.ac:11: installing './compile'
[ 1773s] configure.ac:7: installing './missing'
[ 1774s] Makefile.am: installing './depcomp'
[ 1778s] parallel-tests: installing './test-driver'
[ 1779s] autoreconf: Leaving directory `.'
[ 1779s] + pushd doc
[ 1779s] ~/rpmbuild/BUILD/fakeroot-upstream-1.25.2/doc ~/rpmbuild/BUILD/fakeroot-upstream-1.25.2
[ 1779s] + po4a -k 0 --rm-backups --variable srcdir=../doc/ po4a/po4a.cfg
[ 1785s]  (97 entries)
[ 1796s] + popd
[ 1796s] ~/rpmbuild/BUILD/fakeroot-upstream-1.25.2
[ 1796s] + for file in ./doc/{*.1,*/*.1}
[ 1796s] + iconv -f latin1 -t utf8
[ 1796s] + mv -f ./doc/faked.1.new ./doc/faked.1
[ 1797s] + for file in ./doc/{*.1,*/*.1}
[ 1797s] + iconv -f latin1 -t utf8
[ 1797s] + mv -f ./doc/fakeroot.1.new ./doc/fakeroot.1
[ 1797s] + for file in ./doc/{*.1,*/*.1}
[ 1797s] + iconv -f latin1 -t utf8
[ 1797s] + mv -f ./doc/de/faked.1.new ./doc/de/faked.1
[ 1797s] + for file in ./doc/{*.1,*/*.1}
[ 1797s] + iconv -f latin1 -t utf8
[ 1797s] + mv -f ./doc/de/fakeroot.1.new ./doc/de/fakeroot.1
[ 1797s] + for file in ./doc/{*.1,*/*.1}
[ 1797s] + iconv -f latin1 -t utf8
[ 1797s] + mv -f ./doc/es/faked.1.new ./doc/es/faked.1
[ 1797s] + for file in ./doc/{*.1,*/*.1}
[ 1797s] + iconv -f latin1 -t utf8
[ 1797s] + mv -f ./doc/es/fakeroot.1.new ./doc/es/fakeroot.1
[ 1797s] + for file in ./doc/{*.1,*/*.1}
[ 1797s] + iconv -f latin1 -t utf8
[ 1797s] + mv -f ./doc/fr/faked.1.new ./doc/fr/faked.1
[ 1797s] + for file in ./doc/{*.1,*/*.1}
[ 1797s] + iconv -f latin1 -t utf8
[ 1797s] + mv -f ./doc/fr/fakeroot.1.new ./doc/fr/fakeroot.1
[ 1797s] + for file in ./doc/{*.1,*/*.1}
[ 1797s] + iconv -f latin1 -t utf8
[ 1798s] + mv -f ./doc/nl/faked.1.new ./doc/nl/faked.1
[ 1798s] + for file in ./doc/{*.1,*/*.1}
[ 1798s] + iconv -f latin1 -t utf8
[ 1798s] + mv -f ./doc/nl/fakeroot.1.new ./doc/nl/fakeroot.1
[ 1798s] + for file in ./doc/{*.1,*/*.1}
[ 1798s] + iconv -f latin1 -t utf8
[ 1798s] + mv -f ./doc/pt/faked.1.new ./doc/pt/faked.1
[ 1798s] + for file in ./doc/{*.1,*/*.1}
[ 1798s] + iconv -f latin1 -t utf8
[ 1798s] + mv -f ./doc/pt/fakeroot.1.new ./doc/pt/fakeroot.1
[ 1798s] + for file in ./doc/{*.1,*/*.1}
[ 1798s] + iconv -f latin1 -t utf8
[ 1798s] + mv -f ./doc/sv/faked.1.new ./doc/sv/faked.1
[ 1798s] + for file in ./doc/{*.1,*/*.1}
[ 1798s] + iconv -f latin1 -t utf8
[ 1798s] + mv -f ./doc/sv/fakeroot.1.new ./doc/sv/fakeroot.1
[ 1798s] + for type in sysv tcp
[ 1798s] + mkdir obj-sysv
[ 1799s] + cd obj-sysv
[ 1799s] + cat
[ 1799s] + chmod +x configure
[ 1799s] + CFLAGS='-O2 -g -pipe -Wall -Werror=format-security -Wp,-D_FORTIFY_SOURCE=2 -Wp,-D_GLIBCXX_ASSERTIONS -fstack-protector-strong -grecord-gcc-switches -specs=/usr/lib/rpm/generic-hardened-cc1 -fasynchronous-unwind-tables -fstack-clash-protection'
[ 1799s] + export CFLAGS
[ 1799s] + CXXFLAGS='-O2 -g -pipe -Wall -Werror=format-security -Wp,-D_FORTIFY_SOURCE=2 -Wp,-D_GLIBCXX_ASSERTIONS -fstack-protector-strong -grecord-gcc-switches -specs=/usr/lib/rpm/generic-hardened-cc1 -fasynchronous-unwind-tables -fstack-clash-protection -fexceptions'
[ 1799s] + export CXXFLAGS
[ 1799s] + FFLAGS='-O2 -g -pipe -Wall -Werror=format-security -Wp,-D_FORTIFY_SOURCE=2 -Wp,-D_GLIBCXX_ASSERTIONS -fstack-protector-strong -grecord-gcc-switches -specs=/usr/lib/rpm/generic-hardened-cc1 -fasynchronous-unwind-tables -fstack-clash-protection -fexceptions -I/usr/lib64/gfortran/modules'
[ 1799s] + export FFLAGS
[ 1799s] + FCFLAGS='-O2 -g -pipe -Wall -Werror=format-security -Wp,-D_FORTIFY_SOURCE=2 -Wp,-D_GLIBCXX_ASSERTIONS -fstack-protector-strong -grecord-gcc-switches -specs=/usr/lib/rpm/generic-hardened-cc1 -fasynchronous-unwind-tables -fstack-clash-protection -fexceptions -I/usr/lib64/gfortran/modules'
[ 1799s] + export FCFLAGS
[ 1799s] + LDFLAGS='-Wl,-z,relro   -Wl,-z,now -specs=/usr/lib/rpm/generic-hardened-ld'
[ 1799s] + export LDFLAGS
[ 1799s] + '[' 1 = 1 ']'
[ 1799s] +++ dirname ./configure
[ 1799s] ++ find . -name config.guess -o -name config.sub
[ 1799s] + '[' 1 = 1 ']'
[ 1799s] + '[' x '!=' 'x-Wl,-z,now -specs=/usr/lib/rpm/generic-hardened-ld' ']'
[ 1799s] ++ find . -name ltmain.sh
[ 1799s] + ./configure --build=riscv64-openEuler-linux-gnu --host=riscv64-openEuler-linux-gnu --program-prefix= --disable-dependency-tracking --prefix=/usr --exec-prefix=/usr --bindir=/usr/bin --sbindir=/usr/sbin --sysconfdir=/etc --datadir=/usr/share --includedir=/usr/include --libdir=/usr/lib64 --libexecdir=/usr/libexec --localstatedir=/var --sharedstatedir=/var/lib --mandir=/usr/share/man --infodir=/usr/share/info --disable-dependency-tracking --disable-static --libdir=/usr/lib64/libfakeroot --with-ipc=sysv --program-suffix=-sysv
[ 1808s] checking build system type... riscv64-openEuler-linux-gnu
[ 1808s] checking host system type... riscv64-openEuler-linux-gnu
[ 1808s] checking target system type... riscv64-openEuler-linux-gnu
[ 1809s] checking for a BSD-compatible install... /usr/bin/install -c
[ 1809s] checking whether build environment is sane... yes
[ 1810s] checking for a thread-safe mkdir -p... /usr/bin/mkdir -p
[ 1810s] checking for gawk... gawk
[ 1810s] checking whether make sets $(MAKE)... yes
[ 1811s] checking whether make supports nested variables... yes
[ 1811s] checking whether to enable maintainer-specific portions of Makefiles... no
[ 1811s] checking whether make sets $(MAKE)... (cached) yes
[ 1811s] checking how to print strings... printf
[ 1812s] checking whether make supports the include directive... yes (GNU style)
[ 1812s] checking for riscv64-openEuler-linux-gnu-gcc... no
[ 1812s] checking for gcc... gcc
[ 1819s] checking whether the C compiler works... yes
[ 1819s] checking for C compiler default output file name... a.out
[ 1821s] checking for suffix of executables... 
[ 1824s] checking whether we are cross compiling... no
[ 1826s] checking for suffix of object files... o
[ 1828s] checking whether we are using the GNU C compiler... yes
[ 1829s] checking whether gcc accepts -g... yes
[ 1831s] checking for gcc option to accept ISO C89... none needed
[ 1834s] checking whether gcc understands -c and -o together... yes
[ 1834s] checking dependency style of gcc... none
[ 1834s] checking for a sed that does not truncate output... /usr/bin/sed
[ 1834s] checking for grep that handles long lines and -e... /usr/bin/grep
[ 1834s] checking for egrep... /usr/bin/grep -E
[ 1834s] checking for fgrep... /usr/bin/grep -F
[ 1835s] checking for ld used by gcc... /usr/bin/ld
[ 1835s] checking if the linker (/usr/bin/ld) is GNU ld... yes
[ 1835s] checking for BSD- or MS-compatible name lister (nm)... /usr/bin/nm -B
[ 1837s] checking the name lister (/usr/bin/nm -B) interface... BSD nm
[ 1837s] checking whether ln -s works... yes
[ 1837s] checking the maximum length of command line arguments... 1572864
[ 1837s] checking how to convert riscv64-openEuler-linux-gnu file names to riscv64-openEuler-linux-gnu format... func_convert_file_noop
[ 1837s] checking how to convert riscv64-openEuler-linux-gnu file names to toolchain format... func_convert_file_noop
[ 1837s] checking for /usr/bin/ld option to reload object files... -r
[ 1837s] checking for riscv64-openEuler-linux-gnu-objdump... no
[ 1837s] checking for objdump... objdump
[ 1837s] checking how to recognize dependent libraries... pass_all
[ 1837s] checking for riscv64-openEuler-linux-gnu-dlltool... no
[ 1837s] checking for dlltool... no
[ 1837s] checking how to associate runtime and link libraries... printf %s\n
[ 1837s] checking for riscv64-openEuler-linux-gnu-ar... no
[ 1837s] checking for ar... ar
[ 1839s] checking for archiver @FILE support... @
[ 1839s] checking for riscv64-openEuler-linux-gnu-strip... no
[ 1839s] checking for strip... strip
[ 1839s] checking for riscv64-openEuler-linux-gnu-ranlib... no
[ 1839s] checking for ranlib... ranlib
[ 1843s] checking command to parse /usr/bin/nm -B output from gcc object... ok
[ 1843s] checking for sysroot... no
[ 1843s] checking for a working dd... /usr/bin/dd
[ 1843s] checking how to truncate binary pipes... /usr/bin/dd bs=4096 count=1
[ 1843s] checking for riscv64-openEuler-linux-gnu-mt... no
[ 1843s] checking for mt... no
[ 1843s] checking if : is a manifest tool... no
[ 1846s] checking how to run the C preprocessor... gcc -E
[ 1855s] checking for ANSI C header files... yes
[ 1858s] checking for sys/types.h... yes
[ 1860s] checking for sys/stat.h... yes
[ 1861s] checking for stdlib.h... yes
[ 1863s] checking for string.h... yes
[ 1865s] checking for memory.h... yes
[ 1867s] checking for strings.h... yes
[ 1869s] checking for inttypes.h... yes
[ 1871s] checking for stdint.h... yes
[ 1873s] checking for unistd.h... yes
[ 1875s] checking for dlfcn.h... yes
[ 1876s] checking for objdir... .libs
[ 1881s] checking if gcc supports -fno-rtti -fno-exceptions... no
[ 1881s] checking for gcc option to produce PIC... -fPIC -DPIC
[ 1882s] checking if gcc PIC flag -fPIC -DPIC works... yes
[ 1886s] checking if gcc static flag -static works... yes
[ 1887s] checking if gcc supports -c -o file.o... yes
[ 1887s] checking if gcc supports -c -o file.o... (cached) yes
[ 1889s] checking whether the gcc linker (/usr/bin/ld) supports shared libraries... yes
[ 1891s] checking whether -lc should be explicitly linked in... no
[ 1895s] checking dynamic linker characteristics... GNU/Linux ld.so
[ 1895s] checking how to hardcode library paths into programs... immediate
[ 1895s] checking whether stripping libraries is possible... yes
[ 1895s] checking if libtool supports shared libraries... yes
[ 1895s] checking whether to build shared libraries... yes
[ 1895s] checking whether to build static libraries... no
[ 1895s] checking which IPC method to use... (cached) sysv
[ 1899s] checking whether SysV IPC message queues are actually working on the host... Yes
[ 1899s] checking which database format to use... (cached) inode
[ 1901s] checking for dlopen in -ldl... yes
[ 1903s] checking for dirent.h that defines DIR... yes
[ 1905s] checking for library containing opendir... none required
[ 1905s] checking for ANSI C header files... (cached) yes
[ 1907s] checking fcntl.h usability... yes
[ 1908s] checking fcntl.h presence... yes
[ 1908s] checking for fcntl.h... yes
[ 1908s] checking for unistd.h... (cached) yes
[ 1910s] checking features.h usability... yes
[ 1911s] checking features.h presence... yes
[ 1911s] checking for features.h... yes
[ 1913s] checking sys/feature_tests.h usability... no
[ 1915s] checking sys/feature_tests.h presence... no
[ 1915s] checking for sys/feature_tests.h... no
[ 1917s] checking pthread.h usability... yes
[ 1918s] checking pthread.h presence... yes
[ 1918s] checking for pthread.h... yes
[ 1918s] checking for stdint.h... (cached) yes
[ 1919s] checking for inttypes.h... (cached) yes
[ 1921s] checking grp.h usability... yes
[ 1922s] checking grp.h presence... yes
[ 1922s] checking for grp.h... yes
[ 1924s] checking endian.h usability... yes
[ 1925s] checking endian.h presence... yes
[ 1925s] checking for endian.h... yes
[ 1927s] checking sys/sysmacros.h usability... yes
[ 1929s] checking sys/sysmacros.h presence... yes
[ 1929s] checking for sys/sysmacros.h... yes
[ 1931s] checking sys/socket.h usability... yes
[ 1932s] checking sys/socket.h presence... yes
[ 1932s] checking for sys/socket.h... yes
[ 1934s] checking sys/acl.h usability... yes
[ 1935s] checking sys/acl.h presence... yes
[ 1935s] checking for sys/acl.h... yes
[ 1938s] checking sys/capability.h usability... yes
[ 1939s] checking sys/capability.h presence... yes
[ 1939s] checking for sys/capability.h... yes
[ 1942s] checking sys/xattr.h usability... yes
[ 1943s] checking sys/xattr.h presence... yes
[ 1943s] checking for sys/xattr.h... yes
[ 1946s] checking fts.h usability... yes
[ 1947s] checking fts.h presence... yes
[ 1947s] checking for fts.h... yes
[ 1949s] checking for an ANSI C-conforming const... yes
[ 1952s] checking for mode_t... yes
[ 1956s] checking for off_t... yes
[ 1961s] checking for size_t... yes
[ 1974s] checking for return value and second and third argument of readlink... ssize_t, char, size_t
[ 1979s] checking for first argument of setgroups... size_t
[ 1981s] checking for union semun... no
[ 1983s] checking for type of arg of __xmknod... needs *
[ 1985s] checking for type of arg of __xmknodat... needs *
[ 1986s] checking for type of arg of initgroups... gid_t
[ 1988s] checking for type of arg of setreuid... gid_t
[ 1989s] checking for type of arg of setregid... gid_t
[ 1991s] checking for type of second arg to stat... struct stat *
[ 1992s] checking for d_off in struct dirent... yes
[ 1994s] checking for d_type in struct dirent... yes
[ 1996s] checking for acl_t struct... yes
[ 1998s] checking for fchmodat... yes
[ 2000s] checking for fchownat... yes
[ 2002s] checking for fstatat... yes
[ 2004s] checking for mkdirat... yes
[ 2007s] checking for mknodat... yes
[ 2009s] checking for openat... yes
[ 2012s] checking for renameat... yes
[ 2014s] checking for unlinkat... yes
[ 2018s] checking for lchmod... yes
[ 2020s] checking for fgetattrlist... no
[ 2024s] checking for library containing acl_get_fd... -lacl
[ 2026s] checking for acl_get_fd... yes
[ 2030s] checking for library containing acl_trivial... no
[ 2032s] checking for acl_trivial... no
[ 2034s] checking for capset... yes
[ 2036s] checking for listxattr... yes
[ 2039s] checking for llistxattr... yes
[ 2041s] checking for flistxattr... yes
[ 2043s] checking for getxattr... yes
[ 2045s] checking for lgetxattr... yes
[ 2048s] checking for fgetxattr... yes
[ 2050s] checking for setxattr... yes
[ 2053s] checking for lsetxattr... yes
[ 2055s] checking for fsetxattr... yes
[ 2058s] checking for removexattr... yes
[ 2061s] checking for lremovexattr... yes
[ 2063s] checking for fremovexattr... yes
[ 2065s] checking for statx... yes
[ 2067s] checking for __xstat... yes
[ 2070s] checking for __fxstat... yes
[ 2074s] checking for __lxstat... yes
[ 2077s] checking for __fxstatat... yes
[ 2080s] checking for __xstat64... yes
[ 2083s] checking for __fxstat64... yes
[ 2087s] checking for __lxstat64... yes
[ 2090s] checking for __fxstatat64... yes
[ 2093s] checking for __xmknod... yes
[ 2096s] checking for __xmknodat... yes
[ 2097s] created fakerootconfig.h
[ 2101s] checking for strdup... yes
[ 2103s] checking for strstr... yes
[ 2105s] checking for getresuid... yes
[ 2108s] checking for setresuid... yes
[ 2110s] checking for getresgid... yes
[ 2112s] checking for setresgid... yes
[ 2115s] checking for setfsuid... yes
[ 2117s] checking for setfsgid... yes
[ 2119s] checking for fts_read... yes
[ 2121s] checking for fts_children... yes
[ 2124s] checking whether setenv is declared... yes
[ 2127s] checking whether unsetenv is declared... yes
[ 2129s] checking for setenv... yes
[ 2132s] checking for MacOS X/Darwin... no
[ 2133s] checking that generated files are newer than configure... done
[ 2133s] configure: creating ./config.status
[ 2156s] config.status: creating Makefile
[ 2157s] config.status: creating scripts/Makefile
[ 2158s] config.status: creating doc/Makefile
[ 2159s] config.status: creating doc/de/Makefile
[ 2160s] config.status: creating doc/es/Makefile
[ 2161s] config.status: creating doc/fr/Makefile
[ 2162s] config.status: creating doc/nl/Makefile
[ 2163s] config.status: creating doc/pt/Makefile
[ 2164s] config.status: creating doc/sv/Makefile
[ 2165s] config.status: creating test/Makefile
[ 2166s] config.status: creating test/defs
[ 2167s] config.status: creating config.h
[ 2167s] config.status: executing depfiles commands
[ 2167s] config.status: executing libtool commands
[ 2169s] + make
[ 2170s] make  all-recursive
[ 2170s] make[1]: Entering directory '/home/abuild/rpmbuild/BUILD/fakeroot-upstream-1.25.2/obj-sysv'
[ 2170s] Making all in doc
[ 2170s] make[2]: Entering directory '/home/abuild/rpmbuild/BUILD/fakeroot-upstream-1.25.2/obj-sysv/doc'
[ 2171s] Making all in de
[ 2171s] make[3]: Entering directory '/home/abuild/rpmbuild/BUILD/fakeroot-upstream-1.25.2/obj-sysv/doc/de'
[ 2171s] make[3]: Nothing to be done for 'all'.
[ 2171s] make[3]: Leaving directory '/home/abuild/rpmbuild/BUILD/fakeroot-upstream-1.25.2/obj-sysv/doc/de'
[ 2171s] Making all in es
[ 2171s] make[3]: Entering directory '/home/abuild/rpmbuild/BUILD/fakeroot-upstream-1.25.2/obj-sysv/doc/es'
[ 2171s] make[3]: Nothing to be done for 'all'.
[ 2171s] make[3]: Leaving directory '/home/abuild/rpmbuild/BUILD/fakeroot-upstream-1.25.2/obj-sysv/doc/es'
[ 2172s] Making all in fr
[ 2172s] make[3]: Entering directory '/home/abuild/rpmbuild/BUILD/fakeroot-upstream-1.25.2/obj-sysv/doc/fr'
[ 2172s] make[3]: Nothing to be done for 'all'.
[ 2172s] make[3]: Leaving directory '/home/abuild/rpmbuild/BUILD/fakeroot-upstream-1.25.2/obj-sysv/doc/fr'
[ 2172s] Making all in nl
[ 2172s] make[3]: Entering directory '/home/abuild/rpmbuild/BUILD/fakeroot-upstream-1.25.2/obj-sysv/doc/nl'
[ 2172s] make[3]: Nothing to be done for 'all'.
[ 2172s] make[3]: Leaving directory '/home/abuild/rpmbuild/BUILD/fakeroot-upstream-1.25.2/obj-sysv/doc/nl'
[ 2172s] Making all in pt
[ 2172s] make[3]: Entering directory '/home/abuild/rpmbuild/BUILD/fakeroot-upstream-1.25.2/obj-sysv/doc/pt'
[ 2172s] make[3]: Nothing to be done for 'all'.
[ 2172s] make[3]: Leaving directory '/home/abuild/rpmbuild/BUILD/fakeroot-upstream-1.25.2/obj-sysv/doc/pt'
[ 2172s] Making all in sv
[ 2172s] make[3]: Entering directory '/home/abuild/rpmbuild/BUILD/fakeroot-upstream-1.25.2/obj-sysv/doc/sv'
[ 2172s] make[3]: Nothing to be done for 'all'.
[ 2172s] make[3]: Leaving directory '/home/abuild/rpmbuild/BUILD/fakeroot-upstream-1.25.2/obj-sysv/doc/sv'
[ 2172s] make[3]: Entering directory '/home/abuild/rpmbuild/BUILD/fakeroot-upstream-1.25.2/obj-sysv/doc'
[ 2172s] make[3]: Nothing to be done for 'all-am'.
[ 2172s] make[3]: Leaving directory '/home/abuild/rpmbuild/BUILD/fakeroot-upstream-1.25.2/obj-sysv/doc'
[ 2172s] make[2]: Leaving directory '/home/abuild/rpmbuild/BUILD/fakeroot-upstream-1.25.2/obj-sysv/doc'
[ 2172s] Making all in scripts
[ 2173s] make[2]: Entering directory '/home/abuild/rpmbuild/BUILD/fakeroot-upstream-1.25.2/obj-sysv/scripts'
[ 2173s] sed -e 's,[@]prefix[@],/usr,g' -e 's,[@]bindir[@],/usr/bin,g' -e 's,[@]libdir[@],/usr/lib64/libfakeroot,g' -e 's,[@]fakeroot_transformed[@],'`echo fakeroot | sed -e 's&$&-sysv&;s&^&&'`',g' -e 's,[@]faked_transformed[@],'`echo faked | sed -e 's&$&-sysv&;s&^&&'`',g' -e 's,[@]signal[@],TERM,g' -e 's,[@]SHELL[@],/bin/sh,g' -e 's,[@]VERSION[@],1.25.2,g' -e 's,[@]DLSUFFIX[@],.so,g' -e 's,[@]LDLIBPATHVAR[@],LD_LIBRARY_PATH,g' -e 's,[@]LDPRELOADVAR[@],LD_PRELOAD,g' -e 's,[@]LDPRELOADABS[@],0,g' -e 's,[@]LDEXTRAVAR[@],,g' -e 's,[@]MACOSX_FALSE[@],,g' -e 's,[@]MACOSX_TRUE[@],#,g' < /home/abuild/rpmbuild/BUILD/fakeroot-upstream-1.25.2/obj-sysv/../scripts/fakeroot.in > fakeroot
[ 2173s] chmod +x fakeroot
[ 2173s] make[2]: Leaving directory '/home/abuild/rpmbuild/BUILD/fakeroot-upstream-1.25.2/obj-sysv/scripts'
[ 2173s] Making all in test
[ 2173s] make[2]: Entering directory '/home/abuild/rpmbuild/BUILD/fakeroot-upstream-1.25.2/obj-sysv/test'
[ 2173s] make[2]: Nothing to be done for 'all'.
[ 2173s] make[2]: Leaving directory '/home/abuild/rpmbuild/BUILD/fakeroot-upstream-1.25.2/obj-sysv/test'
[ 2173s] make[2]: Entering directory '/home/abuild/rpmbuild/BUILD/fakeroot-upstream-1.25.2/obj-sysv'
[ 2173s] gcc -DHAVE_CONFIG_H -I. -I/home/abuild/rpmbuild/BUILD/fakeroot-upstream-1.25.2/obj-sysv/..     -O2 -g -pipe -Wall -Werror=format-security -Wp,-D_FORTIFY_SOURCE=2 -Wp,-D_GLIBCXX_ASSERTIONS -fstack-protector-strong -grecord-gcc-switches -specs=/usr/lib/rpm/generic-hardened-cc1 -fasynchronous-unwind-tables -fstack-clash-protection -c -o faked.o /home/abuild/rpmbuild/BUILD/fakeroot-upstream-1.25.2/obj-sysv/../faked.c
[ 2176s] /home/abuild/rpmbuild/BUILD/fakeroot-upstream-1.25.2/obj-sysv/../faked.c: In function 'process_chmod':
[ 2176s] /home/abuild/rpmbuild/BUILD/fakeroot-upstream-1.25.2/obj-sysv/../faked.c:790:47: warning: suggest parentheses around operand of '!' or change '&' to '&&' or '!' to '~' [-Wparentheses]
[ 2176s]   790 |         ((buf->st.mode&S_IFMT) != S_IFREG || (!st->mode&(S_IFBLK|S_IFCHR)))) {
[ 2176s]       |                                               ^~~~~~~~~
[ 2176s] /home/abuild/rpmbuild/BUILD/fakeroot-upstream-1.25.2/obj-sysv/../faked.c: In function 'process_setxattr':
[ 2176s] /home/abuild/rpmbuild/BUILD/fakeroot-upstream-1.25.2/obj-sysv/../faked.c:925:17: warning: unused variable 'new_node' [-Wunused-variable]
[ 2176s]   925 |   xattr_node_t *new_node = NULL;
[ 2176s]       |                 ^~~~~~~~
[ 2176s] /home/abuild/rpmbuild/BUILD/fakeroot-upstream-1.25.2/obj-sysv/../faked.c:924:18: warning: unused variable 'x_ref' [-Wunused-variable]
[ 2176s]   924 |   xattr_node_t **x_ref = NULL;
[ 2176s]       |                  ^~~~~
[ 2184s] /bin/sh ./libtool  --tag=CC   --mode=compile gcc -DHAVE_CONFIG_H -I. -I/home/abuild/rpmbuild/BUILD/fakeroot-upstream-1.25.2/obj-sysv/..     -O2 -g -pipe -Wall -Werror=format-security -Wp,-D_FORTIFY_SOURCE=2 -Wp,-D_GLIBCXX_ASSERTIONS -fstack-protector-strong -grecord-gcc-switches -specs=/usr/lib/rpm/generic-hardened-cc1 -fasynchronous-unwind-tables -fstack-clash-protection -c -o communicate.lo /home/abuild/rpmbuild/BUILD/fakeroot-upstream-1.25.2/obj-sysv/../communicate.c
[ 2186s] libtool: compile:  gcc -DHAVE_CONFIG_H -I. -I/home/abuild/rpmbuild/BUILD/fakeroot-upstream-1.25.2/obj-sysv/.. -O2 -g -pipe -Wall -Werror=format-security -Wp,-D_FORTIFY_SOURCE=2 -Wp,-D_GLIBCXX_ASSERTIONS -fstack-protector-strong -grecord-gcc-switches -specs=/usr/lib/rpm/generic-hardened-cc1 -fasynchronous-unwind-tables -fstack-clash-protection -c /home/abuild/rpmbuild/BUILD/fakeroot-upstream-1.25.2/obj-sysv/../communicate.c  -fPIC -DPIC -o .libs/communicate.o
[ 2192s] /bin/sh ./libtool  --tag=CC   --mode=link gcc  -O2 -g -pipe -Wall -Werror=format-security -Wp,-D_FORTIFY_SOURCE=2 -Wp,-D_GLIBCXX_ASSERTIONS -fstack-protector-strong -grecord-gcc-switches -specs=/usr/lib/rpm/generic-hardened-cc1 -fasynchronous-unwind-tables -fstack-clash-protection  -Wl,-z,relro   -Wl,-z,now -specs=/usr/lib/rpm/generic-hardened-ld -o libcommunicate.la  communicate.lo  -ldl 
[ 2195s] libtool: link: ar cru .libs/libcommunicate.a .libs/communicate.o 
[ 2195s] libtool: link: ranlib .libs/libcommunicate.a
[ 2195s] libtool: link: ( cd ".libs" && rm -f "libcommunicate.la" && ln -s "../libcommunicate.la" "libcommunicate.la" )
[ 2196s] /bin/sh ./libtool  --tag=CC   --mode=link gcc  -O2 -g -pipe -Wall -Werror=format-security -Wp,-D_FORTIFY_SOURCE=2 -Wp,-D_GLIBCXX_ASSERTIONS -fstack-protector-strong -grecord-gcc-switches -specs=/usr/lib/rpm/generic-hardened-cc1 -fasynchronous-unwind-tables -fstack-clash-protection  -Wl,-z,relro   -Wl,-z,now -specs=/usr/lib/rpm/generic-hardened-ld -o faked faked.o libcommunicate.la -ldl 
[ 2199s] libtool: link: gcc -O2 -g -pipe -Wall -Werror=format-security -Wp,-D_FORTIFY_SOURCE=2 -Wp,-D_GLIBCXX_ASSERTIONS -fstack-protector-strong -grecord-gcc-switches -specs=/usr/lib/rpm/generic-hardened-cc1 -fasynchronous-unwind-tables -fstack-clash-protection -Wl,-z -Wl,relro -Wl,-z -Wl,now -specs=/usr/lib/rpm/generic-hardened-ld -o faked faked.o  ./.libs/libcommunicate.a -ldl
[ 2200s] gcc -DHAVE_CONFIG_H -I. -I/home/abuild/rpmbuild/BUILD/fakeroot-upstream-1.25.2/obj-sysv/..     -O2 -g -pipe -Wall -Werror=format-security -Wp,-D_FORTIFY_SOURCE=2 -Wp,-D_GLIBCXX_ASSERTIONS -fstack-protector-strong -grecord-gcc-switches -specs=/usr/lib/rpm/generic-hardened-cc1 -fasynchronous-unwind-tables -fstack-clash-protection -c -o simple.o /home/abuild/rpmbuild/BUILD/fakeroot-upstream-1.25.2/obj-sysv/../simple.c
[ 2201s] /bin/sh ./libtool  --tag=CC   --mode=link gcc  -O2 -g -pipe -Wall -Werror=format-security -Wp,-D_FORTIFY_SOURCE=2 -Wp,-D_GLIBCXX_ASSERTIONS -fstack-protector-strong -grecord-gcc-switches -specs=/usr/lib/rpm/generic-hardened-cc1 -fasynchronous-unwind-tables -fstack-clash-protection  -Wl,-z,relro   -Wl,-z,now -specs=/usr/lib/rpm/generic-hardened-ld -o simple simple.o  -ldl 
[ 2204s] libtool: link: gcc -O2 -g -pipe -Wall -Werror=format-security -Wp,-D_FORTIFY_SOURCE=2 -Wp,-D_GLIBCXX_ASSERTIONS -fstack-protector-strong -grecord-gcc-switches -specs=/usr/lib/rpm/generic-hardened-cc1 -fasynchronous-unwind-tables -fstack-clash-protection -Wl,-z -Wl,relro -Wl,-z -Wl,now -specs=/usr/lib/rpm/generic-hardened-ld -o simple simple.o  -ldl
[ 2206s] awk -f /home/abuild/rpmbuild/BUILD/fakeroot-upstream-1.25.2/obj-sysv/../wrapawk < /home/abuild/rpmbuild/BUILD/fakeroot-upstream-1.25.2/obj-sysv/../wrapfunc.inp
[ 2206s] awk: /home/abuild/rpmbuild/BUILD/fakeroot-upstream-1.25.2/obj-sysv/../wrapawk:27: warning: regexp escape sequence `\#' is not a known regexp operator
[ 2206s] /bin/sh ./libtool  --tag=CC   --mode=compile gcc -DHAVE_CONFIG_H -I. -I/home/abuild/rpmbuild/BUILD/fakeroot-upstream-1.25.2/obj-sysv/..     -O2 -g -pipe -Wall -Werror=format-security -Wp,-D_FORTIFY_SOURCE=2 -Wp,-D_GLIBCXX_ASSERTIONS -fstack-protector-strong -grecord-gcc-switches -specs=/usr/lib/rpm/generic-hardened-cc1 -fasynchronous-unwind-tables -fstack-clash-protection -c -o libfakeroot.lo /home/abuild/rpmbuild/BUILD/fakeroot-upstream-1.25.2/obj-sysv/../libfakeroot.c
[ 2208s] libtool: compile:  gcc -DHAVE_CONFIG_H -I. -I/home/abuild/rpmbuild/BUILD/fakeroot-upstream-1.25.2/obj-sysv/.. -O2 -g -pipe -Wall -Werror=format-security -Wp,-D_FORTIFY_SOURCE=2 -Wp,-D_GLIBCXX_ASSERTIONS -fstack-protector-strong -grecord-gcc-switches -specs=/usr/lib/rpm/generic-hardened-cc1 -fasynchronous-unwind-tables -fstack-clash-protection -c /home/abuild/rpmbuild/BUILD/fakeroot-upstream-1.25.2/obj-sysv/../libfakeroot.c  -fPIC -DPIC -o .libs/libfakeroot.o
[ 2210s] /home/abuild/rpmbuild/BUILD/fakeroot-upstream-1.25.2/obj-sysv/../libfakeroot.c: In function 'load_library_symbols':
[ 2210s] /home/abuild/rpmbuild/BUILD/fakeroot-upstream-1.25.2/obj-sysv/../libfakeroot.c:257:15: warning: variable 'msg' set but not used [-Wunused-but-set-variable]
[ 2210s]   257 |   const char *msg;
[ 2210s]       |               ^~~
[ 2211s] /home/abuild/rpmbuild/BUILD/fakeroot-upstream-1.25.2/obj-sysv/../libfakeroot.c: In function 'statx':
[ 2211s] /home/abuild/rpmbuild/BUILD/fakeroot-upstream-1.25.2/obj-sysv/../libfakeroot.c:2524:17: warning: passing argument 1 of 'send_get_stat' from incompatible pointer type [-Wincompatible-pointer-types]
[ 2211s]  2524 |   SEND_GET_STAT(&st,ver);
[ 2211s]       |                 ^~~
[ 2211s]       |                 |
[ 2211s]       |                 struct stat64 *
[ 2211s] /home/abuild/rpmbuild/BUILD/fakeroot-upstream-1.25.2/obj-sysv/../libfakeroot.c:88:42: note: in definition of macro 'SEND_GET_STAT'
[ 2211s]    88 | #define SEND_GET_STAT(a,b) send_get_stat(a)
[ 2211s]       |                                          ^
[ 2211s] In file included from /home/abuild/rpmbuild/BUILD/fakeroot-upstream-1.25.2/obj-sysv/../libfakeroot.c:60:
[ 2211s] /home/abuild/rpmbuild/BUILD/fakeroot-upstream-1.25.2/obj-sysv/../communicate.h:174:40: note: expected 'struct stat *' but argument is of type 'struct stat64 *'
[ 2211s]   174 | extern void send_get_stat(struct stat *buf);
[ 2211s]       |                           ~~~~~~~~~~~~~^~~
[ 2221s] /bin/sh ./libtool  --tag=CC   --mode=link gcc  -O2 -g -pipe -Wall -Werror=format-security -Wp,-D_FORTIFY_SOURCE=2 -Wp,-D_GLIBCXX_ASSERTIONS -fstack-protector-strong -grecord-gcc-switches -specs=/usr/lib/rpm/generic-hardened-cc1 -fasynchronous-unwind-tables -fstack-clash-protection -release 0 -Wl,-z,relro   -Wl,-z,now -specs=/usr/lib/rpm/generic-hardened-ld -o libfakeroot.la -rpath /usr/lib64/libfakeroot libfakeroot.lo libcommunicate.la  -ldl 
[ 2224s] libtool: link: gcc -shared  -fPIC -DPIC  .libs/libfakeroot.o  -Wl,--whole-archive ./.libs/libcommunicate.a -Wl,--no-whole-archive  -ldl  -O2 -g -fstack-protector-strong -grecord-gcc-switches -specs=/usr/lib/rpm/generic-hardened-cc1 -Wl,-z -Wl,relro -Wl,-z -Wl,now -specs=/usr/lib/rpm/generic-hardened-ld   -Wl,-soname -Wl,libfakeroot-0.so -o .libs/libfakeroot-0.so
[ 2226s] libtool: link: (cd ".libs" && rm -f "libfakeroot.so" && ln -s "libfakeroot-0.so" "libfakeroot.so")
[ 2227s] libtool: link: ( cd ".libs" && rm -f "libfakeroot.la" && ln -s "../libfakeroot.la" "libfakeroot.la" )
[ 2227s] /bin/sh ./libtool  --tag=CC   --mode=compile gcc -DHAVE_CONFIG_H -I. -I/home/abuild/rpmbuild/BUILD/fakeroot-upstream-1.25.2/obj-sysv/..     -O2 -g -pipe -Wall -Werror=format-security -Wp,-D_FORTIFY_SOURCE=2 -Wp,-D_GLIBCXX_ASSERTIONS -fstack-protector-strong -grecord-gcc-switches -specs=/usr/lib/rpm/generic-hardened-cc1 -fasynchronous-unwind-tables -fstack-clash-protection -c -o libfakeroot_inode64.lo /home/abuild/rpmbuild/BUILD/fakeroot-upstream-1.25.2/obj-sysv/../libfakeroot_inode64.c
[ 2228s] libtool: compile:  gcc -DHAVE_CONFIG_H -I. -I/home/abuild/rpmbuild/BUILD/fakeroot-upstream-1.25.2/obj-sysv/.. -O2 -g -pipe -Wall -Werror=format-security -Wp,-D_FORTIFY_SOURCE=2 -Wp,-D_GLIBCXX_ASSERTIONS -fstack-protector-strong -grecord-gcc-switches -specs=/usr/lib/rpm/generic-hardened-cc1 -fasynchronous-unwind-tables -fstack-clash-protection -c /home/abuild/rpmbuild/BUILD/fakeroot-upstream-1.25.2/obj-sysv/../libfakeroot_inode64.c  -fPIC -DPIC -o .libs/libfakeroot_inode64.o
[ 2229s] /bin/sh ./libtool  --tag=CC   --mode=compile gcc -DHAVE_CONFIG_H -I. -I/home/abuild/rpmbuild/BUILD/fakeroot-upstream-1.25.2/obj-sysv/..     -O2 -g -pipe -Wall -Werror=format-security -Wp,-D_FORTIFY_SOURCE=2 -Wp,-D_GLIBCXX_ASSERTIONS -fstack-protector-strong -grecord-gcc-switches -specs=/usr/lib/rpm/generic-hardened-cc1 -fasynchronous-unwind-tables -fstack-clash-protection -c -o libfakeroot_unix2003.lo /home/abuild/rpmbuild/BUILD/fakeroot-upstream-1.25.2/obj-sysv/../libfakeroot_unix2003.c
[ 2231s] libtool: compile:  gcc -DHAVE_CONFIG_H -I. -I/home/abuild/rpmbuild/BUILD/fakeroot-upstream-1.25.2/obj-sysv/.. -O2 -g -pipe -Wall -Werror=format-security -Wp,-D_FORTIFY_SOURCE=2 -Wp,-D_GLIBCXX_ASSERTIONS -fstack-protector-strong -grecord-gcc-switches -specs=/usr/lib/rpm/generic-hardened-cc1 -fasynchronous-unwind-tables -fstack-clash-protection -c /home/abuild/rpmbuild/BUILD/fakeroot-upstream-1.25.2/obj-sysv/../libfakeroot_unix2003.c  -fPIC -DPIC -o .libs/libfakeroot_unix2003.o
[ 2232s] /bin/sh ./libtool  --tag=CC   --mode=link gcc  -O2 -g -pipe -Wall -Werror=format-security -Wp,-D_FORTIFY_SOURCE=2 -Wp,-D_GLIBCXX_ASSERTIONS -fstack-protector-strong -grecord-gcc-switches -specs=/usr/lib/rpm/generic-hardened-cc1 -fasynchronous-unwind-tables -fstack-clash-protection  -Wl,-z,relro   -Wl,-z,now -specs=/usr/lib/rpm/generic-hardened-ld -o libmacosx.la  libfakeroot_inode64.lo libfakeroot_unix2003.lo  -ldl 
[ 2235s] libtool: link: ar cru .libs/libmacosx.a .libs/libfakeroot_inode64.o .libs/libfakeroot_unix2003.o 
[ 2235s] libtool: link: ranlib .libs/libmacosx.a
[ 2235s] libtool: link: ( cd ".libs" && rm -f "libmacosx.la" && ln -s "../libmacosx.la" "libmacosx.la" )
[ 2236s] make[2]: Leaving directory '/home/abuild/rpmbuild/BUILD/fakeroot-upstream-1.25.2/obj-sysv'
[ 2236s] make[1]: Leaving directory '/home/abuild/rpmbuild/BUILD/fakeroot-upstream-1.25.2/obj-sysv'
[ 2236s] + cd ..
[ 2236s] + for type in sysv tcp
[ 2236s] + mkdir obj-tcp
[ 2236s] + cd obj-tcp
[ 2236s] + cat
[ 2236s] + chmod +x configure
[ 2236s] + CFLAGS='-O2 -g -pipe -Wall -Werror=format-security -Wp,-D_FORTIFY_SOURCE=2 -Wp,-D_GLIBCXX_ASSERTIONS -fstack-protector-strong -grecord-gcc-switches -specs=/usr/lib/rpm/generic-hardened-cc1 -fasynchronous-unwind-tables -fstack-clash-protection'
[ 2236s] + export CFLAGS
[ 2236s] + CXXFLAGS='-O2 -g -pipe -Wall -Werror=format-security -Wp,-D_FORTIFY_SOURCE=2 -Wp,-D_GLIBCXX_ASSERTIONS -fstack-protector-strong -grecord-gcc-switches -specs=/usr/lib/rpm/generic-hardened-cc1 -fasynchronous-unwind-tables -fstack-clash-protection -fexceptions'
[ 2236s] + export CXXFLAGS
[ 2236s] + FFLAGS='-O2 -g -pipe -Wall -Werror=format-security -Wp,-D_FORTIFY_SOURCE=2 -Wp,-D_GLIBCXX_ASSERTIONS -fstack-protector-strong -grecord-gcc-switches -specs=/usr/lib/rpm/generic-hardened-cc1 -fasynchronous-unwind-tables -fstack-clash-protection -fexceptions -I/usr/lib64/gfortran/modules'
[ 2236s] + export FFLAGS
[ 2236s] + FCFLAGS='-O2 -g -pipe -Wall -Werror=format-security -Wp,-D_FORTIFY_SOURCE=2 -Wp,-D_GLIBCXX_ASSERTIONS -fstack-protector-strong -grecord-gcc-switches -specs=/usr/lib/rpm/generic-hardened-cc1 -fasynchronous-unwind-tables -fstack-clash-protection -fexceptions -I/usr/lib64/gfortran/modules'
[ 2236s] + export FCFLAGS
[ 2236s] + LDFLAGS='-Wl,-z,relro   -Wl,-z,now -specs=/usr/lib/rpm/generic-hardened-ld'
[ 2236s] + export LDFLAGS
[ 2236s] + '[' 1 = 1 ']'
[ 2236s] +++ dirname ./configure
[ 2236s] ++ find . -name config.guess -o -name config.sub
[ 2236s] + '[' 1 = 1 ']'
[ 2236s] + '[' x '!=' 'x-Wl,-z,now -specs=/usr/lib/rpm/generic-hardened-ld' ']'
[ 2236s] ++ find . -name ltmain.sh
[ 2236s] + ./configure --build=riscv64-openEuler-linux-gnu --host=riscv64-openEuler-linux-gnu --program-prefix= --disable-dependency-tracking --prefix=/usr --exec-prefix=/usr --bindir=/usr/bin --sbindir=/usr/sbin --sysconfdir=/etc --datadir=/usr/share --includedir=/usr/include --libdir=/usr/lib64 --libexecdir=/usr/libexec --localstatedir=/var --sharedstatedir=/var/lib --mandir=/usr/share/man --infodir=/usr/share/info --disable-dependency-tracking --disable-static --libdir=/usr/lib64/libfakeroot --with-ipc=tcp --program-suffix=-tcp
[ 2246s] checking build system type... riscv64-openEuler-linux-gnu
[ 2247s] checking host system type... riscv64-openEuler-linux-gnu
[ 2247s] checking target system type... riscv64-openEuler-linux-gnu
[ 2247s] checking for a BSD-compatible install... /usr/bin/install -c
[ 2247s] checking whether build environment is sane... yes
[ 2248s] checking for a thread-safe mkdir -p... /usr/bin/mkdir -p
[ 2248s] checking for gawk... gawk
[ 2248s] checking whether make sets $(MAKE)... yes
[ 2249s] checking whether make supports nested variables... yes
[ 2249s] checking whether to enable maintainer-specific portions of Makefiles... no
[ 2249s] checking whether make sets $(MAKE)... (cached) yes
[ 2249s] checking how to print strings... printf
[ 2250s] checking whether make supports the include directive... yes (GNU style)
[ 2250s] checking for riscv64-openEuler-linux-gnu-gcc... no
[ 2250s] checking for gcc... gcc
[ 2256s] checking whether the C compiler works... yes
[ 2256s] checking for C compiler default output file name... a.out
[ 2258s] checking for suffix of executables... 
[ 2261s] checking whether we are cross compiling... no
[ 2263s] checking for suffix of object files... o
[ 2264s] checking whether we are using the GNU C compiler... yes
[ 2265s] checking whether gcc accepts -g... yes
[ 2267s] checking for gcc option to accept ISO C89... none needed
[ 2269s] checking whether gcc understands -c and -o together... yes
[ 2269s] checking dependency style of gcc... none
[ 2269s] checking for a sed that does not truncate output... /usr/bin/sed
[ 2270s] checking for grep that handles long lines and -e... /usr/bin/grep
[ 2270s] checking for egrep... /usr/bin/grep -E
[ 2270s] checking for fgrep... /usr/bin/grep -F
[ 2271s] checking for ld used by gcc... /usr/bin/ld
[ 2271s] checking if the linker (/usr/bin/ld) is GNU ld... yes
[ 2271s] checking for BSD- or MS-compatible name lister (nm)... /usr/bin/nm -B
[ 2273s] checking the name lister (/usr/bin/nm -B) interface... BSD nm
[ 2273s] checking whether ln -s works... yes
[ 2273s] checking the maximum length of command line arguments... 1572864
[ 2273s] checking how to convert riscv64-openEuler-linux-gnu file names to riscv64-openEuler-linux-gnu format... func_convert_file_noop
[ 2273s] checking how to convert riscv64-openEuler-linux-gnu file names to toolchain format... func_convert_file_noop
[ 2273s] checking for /usr/bin/ld option to reload object files... -r
[ 2273s] checking for riscv64-openEuler-linux-gnu-objdump... no
[ 2273s] checking for objdump... objdump
[ 2273s] checking how to recognize dependent libraries... pass_all
[ 2273s] checking for riscv64-openEuler-linux-gnu-dlltool... no
[ 2273s] checking for dlltool... no
[ 2273s] checking how to associate runtime and link libraries... printf %s\n
[ 2273s] checking for riscv64-openEuler-linux-gnu-ar... no
[ 2273s] checking for ar... ar
[ 2275s] checking for archiver @FILE support... @
[ 2275s] checking for riscv64-openEuler-linux-gnu-strip... no
[ 2275s] checking for strip... strip
[ 2275s] checking for riscv64-openEuler-linux-gnu-ranlib... no
[ 2275s] checking for ranlib... ranlib
[ 2280s] checking command to parse /usr/bin/nm -B output from gcc object... ok
[ 2280s] checking for sysroot... no
[ 2280s] checking for a working dd... /usr/bin/dd
[ 2281s] checking how to truncate binary pipes... /usr/bin/dd bs=4096 count=1
[ 2281s] checking for riscv64-openEuler-linux-gnu-mt... no
[ 2281s] checking for mt... no
[ 2281s] checking if : is a manifest tool... no
[ 2283s] checking how to run the C preprocessor... gcc -E
[ 2293s] checking for ANSI C header files... yes
[ 2295s] checking for sys/types.h... yes
[ 2297s] checking for sys/stat.h... yes
[ 2299s] checking for stdlib.h... yes
[ 2301s] checking for string.h... yes
[ 2303s] checking for memory.h... yes
[ 2305s] checking for strings.h... yes
[ 2307s] checking for inttypes.h... yes
[ 2309s] checking for stdint.h... yes
[ 2311s] checking for unistd.h... yes
[ 2313s] checking for dlfcn.h... yes
[ 2314s] checking for objdir... .libs
[ 2318s] checking if gcc supports -fno-rtti -fno-exceptions... no
[ 2318s] checking for gcc option to produce PIC... -fPIC -DPIC
[ 2320s] checking if gcc PIC flag -fPIC -DPIC works... yes
[ 2325s] checking if gcc static flag -static works... yes
[ 2327s] checking if gcc supports -c -o file.o... yes
[ 2327s] checking if gcc supports -c -o file.o... (cached) yes
[ 2328s] checking whether the gcc linker (/usr/bin/ld) supports shared libraries... yes
[ 2330s] checking whether -lc should be explicitly linked in... no
[ 2334s] checking dynamic linker characteristics... GNU/Linux ld.so
[ 2334s] checking how to hardcode library paths into programs... immediate
[ 2334s] checking whether stripping libraries is possible... yes
[ 2334s] checking if libtool supports shared libraries... yes
[ 2334s] checking whether to build shared libraries... yes
[ 2334s] checking whether to build static libraries... no
[ 2334s] checking which IPC method to use... (cached) tcp
[ 2334s] checking which database format to use... (cached) inode
[ 2336s] checking for dlopen in -ldl... yes
[ 2338s] checking for pthread_self in -lpthread... yes
[ 2340s] checking for connect in -lsocket... no
[ 2342s] checking for dirent.h that defines DIR... yes
[ 2344s] checking for library containing opendir... none required
[ 2344s] checking for ANSI C header files... (cached) yes
[ 2347s] checking fcntl.h usability... yes
[ 2348s] checking fcntl.h presence... yes
[ 2348s] checking for fcntl.h... yes
[ 2348s] checking for unistd.h... (cached) yes
[ 2350s] checking features.h usability... yes
[ 2351s] checking features.h presence... yes
[ 2351s] checking for features.h... yes
[ 2354s] checking sys/feature_tests.h usability... no
[ 2355s] checking sys/feature_tests.h presence... no
[ 2355s] checking for sys/feature_tests.h... no
[ 2358s] checking pthread.h usability... yes
[ 2359s] checking pthread.h presence... yes
[ 2359s] checking for pthread.h... yes
[ 2359s] checking for stdint.h... (cached) yes
[ 2359s] checking for inttypes.h... (cached) yes
[ 2362s] checking grp.h usability... yes
[ 2363s] checking grp.h presence... yes
[ 2363s] checking for grp.h... yes
[ 2366s] checking endian.h usability... yes
[ 2367s] checking endian.h presence... yes
[ 2367s] checking for endian.h... yes
[ 2370s] checking sys/sysmacros.h usability... yes
[ 2372s] checking sys/sysmacros.h presence... yes
[ 2372s] checking for sys/sysmacros.h... yes
[ 2374s] checking sys/socket.h usability... yes
[ 2375s] checking sys/socket.h presence... yes
[ 2375s] checking for sys/socket.h... yes
[ 2378s] checking sys/acl.h usability... yes
[ 2379s] checking sys/acl.h presence... yes
[ 2379s] checking for sys/acl.h... yes
[ 2381s] checking sys/capability.h usability... yes
[ 2383s] checking sys/capability.h presence... yes
[ 2383s] checking for sys/capability.h... yes
[ 2385s] checking sys/xattr.h usability... yes
[ 2387s] checking sys/xattr.h presence... yes
[ 2387s] checking for sys/xattr.h... yes
[ 2389s] checking fts.h usability... yes
[ 2390s] checking fts.h presence... yes
[ 2390s] checking for fts.h... yes
[ 2393s] checking for an ANSI C-conforming const... yes
[ 2397s] checking for mode_t... yes
[ 2401s] checking for off_t... yes
[ 2406s] checking for size_t... yes
[ 2422s] checking for return value and second and third argument of readlink... ssize_t, char, size_t
[ 2426s] checking for first argument of setgroups... size_t
[ 2428s] checking for union semun... no
[ 2430s] checking for type of arg of __xmknod... needs *
[ 2432s] checking for type of arg of __xmknodat... needs *
[ 2433s] checking for type of arg of initgroups... gid_t
[ 2435s] checking for type of arg of setreuid... gid_t
[ 2437s] checking for type of arg of setregid... gid_t
[ 2439s] checking for type of second arg to stat... struct stat *
[ 2441s] checking for d_off in struct dirent... yes
[ 2442s] checking for d_type in struct dirent... yes
[ 2444s] checking for acl_t struct... yes
[ 2446s] checking for fchmodat... yes
[ 2449s] checking for fchownat... yes
[ 2451s] checking for fstatat... yes
[ 2454s] checking for mkdirat... yes
[ 2456s] checking for mknodat... yes
[ 2459s] checking for openat... yes
[ 2461s] checking for renameat... yes
[ 2464s] checking for unlinkat... yes
[ 2466s] checking for lchmod... yes
[ 2471s] checking for fgetattrlist... no
[ 2475s] checking for library containing acl_get_fd... -lacl
[ 2477s] checking for acl_get_fd... yes
[ 2482s] checking for library containing acl_trivial... no
[ 2484s] checking for acl_trivial... no
[ 2487s] checking for capset... yes
[ 2489s] checking for listxattr... yes
[ 2492s] checking for llistxattr... yes
[ 2494s] checking for flistxattr... yes
[ 2496s] checking for getxattr... yes
[ 2499s] checking for lgetxattr... yes
[ 2501s] checking for fgetxattr... yes
[ 2504s] checking for setxattr... yes
[ 2508s] checking for lsetxattr... yes
[ 2510s] checking for fsetxattr... yes
[ 2513s] checking for removexattr... yes
[ 2515s] checking for lremovexattr... yes
[ 2518s] checking for fremovexattr... yes
[ 2520s] checking for statx... yes
[ 2523s] checking for __xstat... yes
[ 2526s] checking for __fxstat... yes
[ 2530s] checking for __lxstat... yes
[ 2534s] checking for __fxstatat... yes
[ 2537s] checking for __xstat64... yes
[ 2541s] checking for __fxstat64... yes
[ 2544s] checking for __lxstat64... yes
[ 2547s] checking for __fxstatat64... yes
[ 2552s] checking for __xmknod... yes
[ 2556s] checking for __xmknodat... yes
[ 2556s] created fakerootconfig.h
[ 2559s] checking for strdup... yes
[ 2562s] checking for strstr... yes
[ 2564s] checking for getresuid... yes
[ 2567s] checking for setresuid... yes
[ 2569s] checking for getresgid... yes
[ 2572s] checking for setresgid... yes
[ 2574s] checking for setfsuid... yes
[ 2577s] checking for setfsgid... yes
[ 2580s] checking for fts_read... yes
[ 2582s] checking for fts_children... yes
[ 2585s] checking whether setenv is declared... yes
[ 2587s] checking whether unsetenv is declared... yes
[ 2589s] checking for setenv... yes
[ 2593s] checking for MacOS X/Darwin... no
[ 2594s] checking that generated files are newer than configure... done
[ 2594s] configure: creating ./config.status
[ 2621s] config.status: creating Makefile
[ 2622s] config.status: creating scripts/Makefile
[ 2623s] config.status: creating doc/Makefile
[ 2624s] config.status: creating doc/de/Makefile
[ 2625s] config.status: creating doc/es/Makefile
[ 2626s] config.status: creating doc/fr/Makefile
[ 2627s] config.status: creating doc/nl/Makefile
[ 2628s] config.status: creating doc/pt/Makefile
[ 2629s] config.status: creating doc/sv/Makefile
[ 2630s] config.status: creating test/Makefile
[ 2631s] config.status: creating test/defs
[ 2632s] config.status: creating config.h
[ 2633s] config.status: executing depfiles commands
[ 2633s] config.status: executing libtool commands
[ 2635s] + make
[ 2635s] make  all-recursive
[ 2635s] make[1]: Entering directory '/home/abuild/rpmbuild/BUILD/fakeroot-upstream-1.25.2/obj-tcp'
[ 2636s] Making all in doc
[ 2636s] make[2]: Entering directory '/home/abuild/rpmbuild/BUILD/fakeroot-upstream-1.25.2/obj-tcp/doc'
[ 2636s] Making all in de
[ 2636s] make[3]: Entering directory '/home/abuild/rpmbuild/BUILD/fakeroot-upstream-1.25.2/obj-tcp/doc/de'
[ 2636s] make[3]: Nothing to be done for 'all'.
[ 2636s] make[3]: Leaving directory '/home/abuild/rpmbuild/BUILD/fakeroot-upstream-1.25.2/obj-tcp/doc/de'
[ 2636s] Making all in es
[ 2636s] make[3]: Entering directory '/home/abuild/rpmbuild/BUILD/fakeroot-upstream-1.25.2/obj-tcp/doc/es'
[ 2636s] make[3]: Nothing to be done for 'all'.
[ 2636s] make[3]: Leaving directory '/home/abuild/rpmbuild/BUILD/fakeroot-upstream-1.25.2/obj-tcp/doc/es'
[ 2636s] Making all in fr
[ 2637s] make[3]: Entering directory '/home/abuild/rpmbuild/BUILD/fakeroot-upstream-1.25.2/obj-tcp/doc/fr'
[ 2637s] make[3]: Nothing to be done for 'all'.
[ 2637s] make[3]: Leaving directory '/home/abuild/rpmbuild/BUILD/fakeroot-upstream-1.25.2/obj-tcp/doc/fr'
[ 2637s] Making all in nl
[ 2637s] make[3]: Entering directory '/home/abuild/rpmbuild/BUILD/fakeroot-upstream-1.25.2/obj-tcp/doc/nl'
[ 2637s] make[3]: Nothing to be done for 'all'.
[ 2637s] make[3]: Leaving directory '/home/abuild/rpmbuild/BUILD/fakeroot-upstream-1.25.2/obj-tcp/doc/nl'
[ 2637s] Making all in pt
[ 2637s] make[3]: Entering directory '/home/abuild/rpmbuild/BUILD/fakeroot-upstream-1.25.2/obj-tcp/doc/pt'
[ 2637s] make[3]: Nothing to be done for 'all'.
[ 2637s] make[3]: Leaving directory '/home/abuild/rpmbuild/BUILD/fakeroot-upstream-1.25.2/obj-tcp/doc/pt'
[ 2637s] Making all in sv
[ 2637s] make[3]: Entering directory '/home/abuild/rpmbuild/BUILD/fakeroot-upstream-1.25.2/obj-tcp/doc/sv'
[ 2637s] make[3]: Nothing to be done for 'all'.
[ 2637s] make[3]: Leaving directory '/home/abuild/rpmbuild/BUILD/fakeroot-upstream-1.25.2/obj-tcp/doc/sv'
[ 2637s] make[3]: Entering directory '/home/abuild/rpmbuild/BUILD/fakeroot-upstream-1.25.2/obj-tcp/doc'
[ 2637s] make[3]: Nothing to be done for 'all-am'.
[ 2637s] make[3]: Leaving directory '/home/abuild/rpmbuild/BUILD/fakeroot-upstream-1.25.2/obj-tcp/doc'
[ 2637s] make[2]: Leaving directory '/home/abuild/rpmbuild/BUILD/fakeroot-upstream-1.25.2/obj-tcp/doc'
[ 2637s] Making all in scripts
[ 2638s] make[2]: Entering directory '/home/abuild/rpmbuild/BUILD/fakeroot-upstream-1.25.2/obj-tcp/scripts'
[ 2638s] sed -e 's,[@]prefix[@],/usr,g' -e 's,[@]bindir[@],/usr/bin,g' -e 's,[@]libdir[@],/usr/lib64/libfakeroot,g' -e 's,[@]fakeroot_transformed[@],'`echo fakeroot | sed -e 's&$&-tcp&;s&^&&'`',g' -e 's,[@]faked_transformed[@],'`echo faked | sed -e 's&$&-tcp&;s&^&&'`',g' -e 's,[@]signal[@],HUP,g' -e 's,[@]SHELL[@],/bin/sh,g' -e 's,[@]VERSION[@],1.25.2,g' -e 's,[@]DLSUFFIX[@],.so,g' -e 's,[@]LDLIBPATHVAR[@],LD_LIBRARY_PATH,g' -e 's,[@]LDPRELOADVAR[@],LD_PRELOAD,g' -e 's,[@]LDPRELOADABS[@],0,g' -e 's,[@]LDEXTRAVAR[@],,g' -e 's,[@]MACOSX_FALSE[@],,g' -e 's,[@]MACOSX_TRUE[@],#,g' < /home/abuild/rpmbuild/BUILD/fakeroot-upstream-1.25.2/obj-tcp/../scripts/fakeroot.in > fakeroot
[ 2638s] chmod +x fakeroot
[ 2638s] make[2]: Leaving directory '/home/abuild/rpmbuild/BUILD/fakeroot-upstream-1.25.2/obj-tcp/scripts'
[ 2638s] Making all in test
[ 2638s] make[2]: Entering directory '/home/abuild/rpmbuild/BUILD/fakeroot-upstream-1.25.2/obj-tcp/test'
[ 2638s] make[2]: Nothing to be done for 'all'.
[ 2638s] make[2]: Leaving directory '/home/abuild/rpmbuild/BUILD/fakeroot-upstream-1.25.2/obj-tcp/test'
[ 2638s] make[2]: Entering directory '/home/abuild/rpmbuild/BUILD/fakeroot-upstream-1.25.2/obj-tcp'
[ 2638s] gcc -DHAVE_CONFIG_H -I. -I/home/abuild/rpmbuild/BUILD/fakeroot-upstream-1.25.2/obj-tcp/..     -O2 -g -pipe -Wall -Werror=format-security -Wp,-D_FORTIFY_SOURCE=2 -Wp,-D_GLIBCXX_ASSERTIONS -fstack-protector-strong -grecord-gcc-switches -specs=/usr/lib/rpm/generic-hardened-cc1 -fasynchronous-unwind-tables -fstack-clash-protection -c -o faked.o /home/abuild/rpmbuild/BUILD/fakeroot-upstream-1.25.2/obj-tcp/../faked.c
[ 2641s] /home/abuild/rpmbuild/BUILD/fakeroot-upstream-1.25.2/obj-tcp/../faked.c: In function 'process_chmod':
[ 2641s] /home/abuild/rpmbuild/BUILD/fakeroot-upstream-1.25.2/obj-tcp/../faked.c:790:47: warning: suggest parentheses around operand of '!' or change '&' to '&&' or '!' to '~' [-Wparentheses]
[ 2641s]   790 |         ((buf->st.mode&S_IFMT) != S_IFREG || (!st->mode&(S_IFBLK|S_IFCHR)))) {
[ 2641s]       |                                               ^~~~~~~~~
[ 2641s] /home/abuild/rpmbuild/BUILD/fakeroot-upstream-1.25.2/obj-tcp/../faked.c: In function 'process_setxattr':
[ 2641s] /home/abuild/rpmbuild/BUILD/fakeroot-upstream-1.25.2/obj-tcp/../faked.c:925:17: warning: unused variable 'new_node' [-Wunused-variable]
[ 2641s]   925 |   xattr_node_t *new_node = NULL;
[ 2641s]       |                 ^~~~~~~~
[ 2641s] /home/abuild/rpmbuild/BUILD/fakeroot-upstream-1.25.2/obj-tcp/../faked.c:924:18: warning: unused variable 'x_ref' [-Wunused-variable]
[ 2641s]   924 |   xattr_node_t **x_ref = NULL;
[ 2641s]       |                  ^~~~~
[ 2653s] /bin/sh ./libtool  --tag=CC   --mode=compile gcc -DHAVE_CONFIG_H -I. -I/home/abuild/rpmbuild/BUILD/fakeroot-upstream-1.25.2/obj-tcp/..     -O2 -g -pipe -Wall -Werror=format-security -Wp,-D_FORTIFY_SOURCE=2 -Wp,-D_GLIBCXX_ASSERTIONS -fstack-protector-strong -grecord-gcc-switches -specs=/usr/lib/rpm/generic-hardened-cc1 -fasynchronous-unwind-tables -fstack-clash-protection -c -o communicate.lo /home/abuild/rpmbuild/BUILD/fakeroot-upstream-1.25.2/obj-tcp/../communicate.c
[ 2654s] libtool: compile:  gcc -DHAVE_CONFIG_H -I. -I/home/abuild/rpmbuild/BUILD/fakeroot-upstream-1.25.2/obj-tcp/.. -O2 -g -pipe -Wall -Werror=format-security -Wp,-D_FORTIFY_SOURCE=2 -Wp,-D_GLIBCXX_ASSERTIONS -fstack-protector-strong -grecord-gcc-switches -specs=/usr/lib/rpm/generic-hardened-cc1 -fasynchronous-unwind-tables -fstack-clash-protection -c /home/abuild/rpmbuild/BUILD/fakeroot-upstream-1.25.2/obj-tcp/../communicate.c  -fPIC -DPIC -o .libs/communicate.o
[ 2661s] /bin/sh ./libtool  --tag=CC   --mode=link gcc  -O2 -g -pipe -Wall -Werror=format-security -Wp,-D_FORTIFY_SOURCE=2 -Wp,-D_GLIBCXX_ASSERTIONS -fstack-protector-strong -grecord-gcc-switches -specs=/usr/lib/rpm/generic-hardened-cc1 -fasynchronous-unwind-tables -fstack-clash-protection  -Wl,-z,relro   -Wl,-z,now -specs=/usr/lib/rpm/generic-hardened-ld -o libcommunicate.la  communicate.lo  -lpthread -ldl 
[ 2664s] libtool: link: ar cru .libs/libcommunicate.a .libs/communicate.o 
[ 2664s] libtool: link: ranlib .libs/libcommunicate.a
[ 2664s] libtool: link: ( cd ".libs" && rm -f "libcommunicate.la" && ln -s "../libcommunicate.la" "libcommunicate.la" )
[ 2665s] /bin/sh ./libtool  --tag=CC   --mode=link gcc  -O2 -g -pipe -Wall -Werror=format-security -Wp,-D_FORTIFY_SOURCE=2 -Wp,-D_GLIBCXX_ASSERTIONS -fstack-protector-strong -grecord-gcc-switches -specs=/usr/lib/rpm/generic-hardened-cc1 -fasynchronous-unwind-tables -fstack-clash-protection  -Wl,-z,relro   -Wl,-z,now -specs=/usr/lib/rpm/generic-hardened-ld -o faked faked.o libcommunicate.la -lpthread -ldl 
[ 2667s] libtool: link: gcc -O2 -g -pipe -Wall -Werror=format-security -Wp,-D_FORTIFY_SOURCE=2 -Wp,-D_GLIBCXX_ASSERTIONS -fstack-protector-strong -grecord-gcc-switches -specs=/usr/lib/rpm/generic-hardened-cc1 -fasynchronous-unwind-tables -fstack-clash-protection -Wl,-z -Wl,relro -Wl,-z -Wl,now -specs=/usr/lib/rpm/generic-hardened-ld -o faked faked.o  ./.libs/libcommunicate.a -lpthread -ldl
[ 2669s] gcc -DHAVE_CONFIG_H -I. -I/home/abuild/rpmbuild/BUILD/fakeroot-upstream-1.25.2/obj-tcp/..     -O2 -g -pipe -Wall -Werror=format-security -Wp,-D_FORTIFY_SOURCE=2 -Wp,-D_GLIBCXX_ASSERTIONS -fstack-protector-strong -grecord-gcc-switches -specs=/usr/lib/rpm/generic-hardened-cc1 -fasynchronous-unwind-tables -fstack-clash-protection -c -o simple.o /home/abuild/rpmbuild/BUILD/fakeroot-upstream-1.25.2/obj-tcp/../simple.c
[ 2670s] /bin/sh ./libtool  --tag=CC   --mode=link gcc  -O2 -g -pipe -Wall -Werror=format-security -Wp,-D_FORTIFY_SOURCE=2 -Wp,-D_GLIBCXX_ASSERTIONS -fstack-protector-strong -grecord-gcc-switches -specs=/usr/lib/rpm/generic-hardened-cc1 -fasynchronous-unwind-tables -fstack-clash-protection  -Wl,-z,relro   -Wl,-z,now -specs=/usr/lib/rpm/generic-hardened-ld -o simple simple.o  -lpthread -ldl 
[ 2673s] libtool: link: gcc -O2 -g -pipe -Wall -Werror=format-security -Wp,-D_FORTIFY_SOURCE=2 -Wp,-D_GLIBCXX_ASSERTIONS -fstack-protector-strong -grecord-gcc-switches -specs=/usr/lib/rpm/generic-hardened-cc1 -fasynchronous-unwind-tables -fstack-clash-protection -Wl,-z -Wl,relro -Wl,-z -Wl,now -specs=/usr/lib/rpm/generic-hardened-ld -o simple simple.o  -lpthread -ldl
[ 2674s] awk -f /home/abuild/rpmbuild/BUILD/fakeroot-upstream-1.25.2/obj-tcp/../wrapawk < /home/abuild/rpmbuild/BUILD/fakeroot-upstream-1.25.2/obj-tcp/../wrapfunc.inp
[ 2674s] awk: /home/abuild/rpmbuild/BUILD/fakeroot-upstream-1.25.2/obj-tcp/../wrapawk:27: warning: regexp escape sequence `\#' is not a known regexp operator
[ 2674s] /bin/sh ./libtool  --tag=CC   --mode=compile gcc -DHAVE_CONFIG_H -I. -I/home/abuild/rpmbuild/BUILD/fakeroot-upstream-1.25.2/obj-tcp/..     -O2 -g -pipe -Wall -Werror=format-security -Wp,-D_FORTIFY_SOURCE=2 -Wp,-D_GLIBCXX_ASSERTIONS -fstack-protector-strong -grecord-gcc-switches -specs=/usr/lib/rpm/generic-hardened-cc1 -fasynchronous-unwind-tables -fstack-clash-protection -c -o libfakeroot.lo /home/abuild/rpmbuild/BUILD/fakeroot-upstream-1.25.2/obj-tcp/../libfakeroot.c
[ 2676s] libtool: compile:  gcc -DHAVE_CONFIG_H -I. -I/home/abuild/rpmbuild/BUILD/fakeroot-upstream-1.25.2/obj-tcp/.. -O2 -g -pipe -Wall -Werror=format-security -Wp,-D_FORTIFY_SOURCE=2 -Wp,-D_GLIBCXX_ASSERTIONS -fstack-protector-strong -grecord-gcc-switches -specs=/usr/lib/rpm/generic-hardened-cc1 -fasynchronous-unwind-tables -fstack-clash-protection -c /home/abuild/rpmbuild/BUILD/fakeroot-upstream-1.25.2/obj-tcp/../libfakeroot.c  -fPIC -DPIC -o .libs/libfakeroot.o
[ 2679s] /home/abuild/rpmbuild/BUILD/fakeroot-upstream-1.25.2/obj-tcp/../libfakeroot.c: In function 'load_library_symbols':
[ 2679s] /home/abuild/rpmbuild/BUILD/fakeroot-upstream-1.25.2/obj-tcp/../libfakeroot.c:257:15: warning: variable 'msg' set but not used [-Wunused-but-set-variable]
[ 2679s]   257 |   const char *msg;
[ 2679s]       |               ^~~
[ 2679s] /home/abuild/rpmbuild/BUILD/fakeroot-upstream-1.25.2/obj-tcp/../libfakeroot.c: In function 'statx':
[ 2679s] /home/abuild/rpmbuild/BUILD/fakeroot-upstream-1.25.2/obj-tcp/../libfakeroot.c:2524:17: warning: passing argument 1 of 'send_get_stat' from incompatible pointer type [-Wincompatible-pointer-types]
[ 2679s]  2524 |   SEND_GET_STAT(&st,ver);
[ 2679s]       |                 ^~~
[ 2679s]       |                 |
[ 2679s]       |                 struct stat64 *
[ 2679s] /home/abuild/rpmbuild/BUILD/fakeroot-upstream-1.25.2/obj-tcp/../libfakeroot.c:88:42: note: in definition of macro 'SEND_GET_STAT'
[ 2679s]    88 | #define SEND_GET_STAT(a,b) send_get_stat(a)
[ 2679s]       |                                          ^
[ 2679s] In file included from /home/abuild/rpmbuild/BUILD/fakeroot-upstream-1.25.2/obj-tcp/../libfakeroot.c:60:
[ 2679s] /home/abuild/rpmbuild/BUILD/fakeroot-upstream-1.25.2/obj-tcp/../communicate.h:174:40: note: expected 'struct stat *' but argument is of type 'struct stat64 *'
[ 2679s]   174 | extern void send_get_stat(struct stat *buf);
[ 2679s]       |                           ~~~~~~~~~~~~~^~~
[ 2690s] /bin/sh ./libtool  --tag=CC   --mode=link gcc  -O2 -g -pipe -Wall -Werror=format-security -Wp,-D_FORTIFY_SOURCE=2 -Wp,-D_GLIBCXX_ASSERTIONS -fstack-protector-strong -grecord-gcc-switches -specs=/usr/lib/rpm/generic-hardened-cc1 -fasynchronous-unwind-tables -fstack-clash-protection -release 0 -Wl,-z,relro   -Wl,-z,now -specs=/usr/lib/rpm/generic-hardened-ld -o libfakeroot.la -rpath /usr/lib64/libfakeroot libfakeroot.lo libcommunicate.la  -lpthread -ldl 
[ 2694s] libtool: link: gcc -shared  -fPIC -DPIC  .libs/libfakeroot.o  -Wl,--whole-archive ./.libs/libcommunicate.a -Wl,--no-whole-archive  -lpthread -ldl  -O2 -g -fstack-protector-strong -grecord-gcc-switches -specs=/usr/lib/rpm/generic-hardened-cc1 -Wl,-z -Wl,relro -Wl,-z -Wl,now -specs=/usr/lib/rpm/generic-hardened-ld   -Wl,-soname -Wl,libfakeroot-0.so -o .libs/libfakeroot-0.so
[ 2695s] libtool: link: (cd ".libs" && rm -f "libfakeroot.so" && ln -s "libfakeroot-0.so" "libfakeroot.so")
[ 2696s] libtool: link: ( cd ".libs" && rm -f "libfakeroot.la" && ln -s "../libfakeroot.la" "libfakeroot.la" )
[ 2696s] /bin/sh ./libtool  --tag=CC   --mode=compile gcc -DHAVE_CONFIG_H -I. -I/home/abuild/rpmbuild/BUILD/fakeroot-upstream-1.25.2/obj-tcp/..     -O2 -g -pipe -Wall -Werror=format-security -Wp,-D_FORTIFY_SOURCE=2 -Wp,-D_GLIBCXX_ASSERTIONS -fstack-protector-strong -grecord-gcc-switches -specs=/usr/lib/rpm/generic-hardened-cc1 -fasynchronous-unwind-tables -fstack-clash-protection -c -o libfakeroot_inode64.lo /home/abuild/rpmbuild/BUILD/fakeroot-upstream-1.25.2/obj-tcp/../libfakeroot_inode64.c
[ 2697s] libtool: compile:  gcc -DHAVE_CONFIG_H -I. -I/home/abuild/rpmbuild/BUILD/fakeroot-upstream-1.25.2/obj-tcp/.. -O2 -g -pipe -Wall -Werror=format-security -Wp,-D_FORTIFY_SOURCE=2 -Wp,-D_GLIBCXX_ASSERTIONS -fstack-protector-strong -grecord-gcc-switches -specs=/usr/lib/rpm/generic-hardened-cc1 -fasynchronous-unwind-tables -fstack-clash-protection -c /home/abuild/rpmbuild/BUILD/fakeroot-upstream-1.25.2/obj-tcp/../libfakeroot_inode64.c  -fPIC -DPIC -o .libs/libfakeroot_inode64.o
[ 2698s] /bin/sh ./libtool  --tag=CC   --mode=compile gcc -DHAVE_CONFIG_H -I. -I/home/abuild/rpmbuild/BUILD/fakeroot-upstream-1.25.2/obj-tcp/..     -O2 -g -pipe -Wall -Werror=format-security -Wp,-D_FORTIFY_SOURCE=2 -Wp,-D_GLIBCXX_ASSERTIONS -fstack-protector-strong -grecord-gcc-switches -specs=/usr/lib/rpm/generic-hardened-cc1 -fasynchronous-unwind-tables -fstack-clash-protection -c -o libfakeroot_unix2003.lo /home/abuild/rpmbuild/BUILD/fakeroot-upstream-1.25.2/obj-tcp/../libfakeroot_unix2003.c
[ 2700s] libtool: compile:  gcc -DHAVE_CONFIG_H -I. -I/home/abuild/rpmbuild/BUILD/fakeroot-upstream-1.25.2/obj-tcp/.. -O2 -g -pipe -Wall -Werror=format-security -Wp,-D_FORTIFY_SOURCE=2 -Wp,-D_GLIBCXX_ASSERTIONS -fstack-protector-strong -grecord-gcc-switches -specs=/usr/lib/rpm/generic-hardened-cc1 -fasynchronous-unwind-tables -fstack-clash-protection -c /home/abuild/rpmbuild/BUILD/fakeroot-upstream-1.25.2/obj-tcp/../libfakeroot_unix2003.c  -fPIC -DPIC -o .libs/libfakeroot_unix2003.o
[ 2701s] /bin/sh ./libtool  --tag=CC   --mode=link gcc  -O2 -g -pipe -Wall -Werror=format-security -Wp,-D_FORTIFY_SOURCE=2 -Wp,-D_GLIBCXX_ASSERTIONS -fstack-protector-strong -grecord-gcc-switches -specs=/usr/lib/rpm/generic-hardened-cc1 -fasynchronous-unwind-tables -fstack-clash-protection  -Wl,-z,relro   -Wl,-z,now -specs=/usr/lib/rpm/generic-hardened-ld -o libmacosx.la  libfakeroot_inode64.lo libfakeroot_unix2003.lo  -lpthread -ldl 
[ 2704s] libtool: link: ar cru .libs/libmacosx.a .libs/libfakeroot_inode64.o .libs/libfakeroot_unix2003.o 
[ 2704s] libtool: link: ranlib .libs/libmacosx.a
[ 2705s] libtool: link: ( cd ".libs" && rm -f "libmacosx.la" && ln -s "../libmacosx.la" "libmacosx.la" )
[ 2705s] make[2]: Leaving directory '/home/abuild/rpmbuild/BUILD/fakeroot-upstream-1.25.2/obj-tcp'
[ 2705s] make[1]: Leaving directory '/home/abuild/rpmbuild/BUILD/fakeroot-upstream-1.25.2/obj-tcp'
[ 2705s] + cd ..
[ 2705s] + RPM_EC=0
[ 2705s] ++ jobs -p
[ 2705s] + exit 0
[ 2705s] Executing(%install): /bin/sh -e /var/tmp/rpm-tmp.x8DV86
[ 2705s] + umask 022
[ 2705s] + cd /home/abuild/rpmbuild/BUILD
[ 2705s] + '[' /home/abuild/rpmbuild/BUILDROOT/fakeroot-1.25.2-2.oe1.riscv64 '!=' / ']'
[ 2705s] + rm -rf /home/abuild/rpmbuild/BUILDROOT/fakeroot-1.25.2-2.oe1.riscv64
[ 2706s] ++ dirname /home/abuild/rpmbuild/BUILDROOT/fakeroot-1.25.2-2.oe1.riscv64
[ 2706s] + mkdir -p /home/abuild/rpmbuild/BUILDROOT
[ 2706s] + mkdir /home/abuild/rpmbuild/BUILDROOT/fakeroot-1.25.2-2.oe1.riscv64
[ 2706s] + cd fakeroot-upstream-1.25.2
[ 2706s] + for type in sysv tcp
[ 2706s] + make -C obj-sysv install libdir=/usr/lib64/libfakeroot DESTDIR=/home/abuild/rpmbuild/BUILDROOT/fakeroot-1.25.2-2.oe1.riscv64
[ 2706s] make: Entering directory '/home/abuild/rpmbuild/BUILD/fakeroot-upstream-1.25.2/obj-sysv'
[ 2706s] Making install in doc
[ 2706s] make[1]: Entering directory '/home/abuild/rpmbuild/BUILD/fakeroot-upstream-1.25.2/obj-sysv/doc'
[ 2706s] Making install in de
[ 2707s] make[2]: Entering directory '/home/abuild/rpmbuild/BUILD/fakeroot-upstream-1.25.2/obj-sysv/doc/de'
[ 2707s] make[3]: Entering directory '/home/abuild/rpmbuild/BUILD/fakeroot-upstream-1.25.2/obj-sysv/doc/de'
[ 2707s] make[3]: Nothing to be done for 'install-exec-am'.
[ 2707s]  /usr/bin/mkdir -p '/home/abuild/rpmbuild/BUILDROOT/fakeroot-1.25.2-2.oe1.riscv64/usr/share/man/de/man1'
[ 2707s]  /usr/bin/install -c -m 644 '/home/abuild/rpmbuild/BUILD/fakeroot-upstream-1.25.2/obj-sysv/../doc/de/faked.1' '/home/abuild/rpmbuild/BUILDROOT/fakeroot-1.25.2-2.oe1.riscv64/usr/share/man/de/man1/faked-sysv.1'
[ 2707s]  /usr/bin/install -c -m 644 '/home/abuild/rpmbuild/BUILD/fakeroot-upstream-1.25.2/obj-sysv/../doc/de/fakeroot.1' '/home/abuild/rpmbuild/BUILDROOT/fakeroot-1.25.2-2.oe1.riscv64/usr/share/man/de/man1/fakeroot-sysv.1'
[ 2708s] make[3]: Leaving directory '/home/abuild/rpmbuild/BUILD/fakeroot-upstream-1.25.2/obj-sysv/doc/de'
[ 2708s] make[2]: Leaving directory '/home/abuild/rpmbuild/BUILD/fakeroot-upstream-1.25.2/obj-sysv/doc/de'
[ 2708s] Making install in es
[ 2708s] make[2]: Entering directory '/home/abuild/rpmbuild/BUILD/fakeroot-upstream-1.25.2/obj-sysv/doc/es'
[ 2708s] make[3]: Entering directory '/home/abuild/rpmbuild/BUILD/fakeroot-upstream-1.25.2/obj-sysv/doc/es'
[ 2708s] make[3]: Nothing to be done for 'install-exec-am'.
[ 2708s]  /usr/bin/mkdir -p '/home/abuild/rpmbuild/BUILDROOT/fakeroot-1.25.2-2.oe1.riscv64/usr/share/man/es/man1'
[ 2708s]  /usr/bin/install -c -m 644 '/home/abuild/rpmbuild/BUILD/fakeroot-upstream-1.25.2/obj-sysv/../doc/es/faked.1' '/home/abuild/rpmbuild/BUILDROOT/fakeroot-1.25.2-2.oe1.riscv64/usr/share/man/es/man1/faked-sysv.1'
[ 2708s]  /usr/bin/install -c -m 644 '/home/abuild/rpmbuild/BUILD/fakeroot-upstream-1.25.2/obj-sysv/../doc/es/fakeroot.1' '/home/abuild/rpmbuild/BUILDROOT/fakeroot-1.25.2-2.oe1.riscv64/usr/share/man/es/man1/fakeroot-sysv.1'
[ 2708s] make[3]: Leaving directory '/home/abuild/rpmbuild/BUILD/fakeroot-upstream-1.25.2/obj-sysv/doc/es'
[ 2708s] make[2]: Leaving directory '/home/abuild/rpmbuild/BUILD/fakeroot-upstream-1.25.2/obj-sysv/doc/es'
[ 2708s] Making install in fr
[ 2709s] make[2]: Entering directory '/home/abuild/rpmbuild/BUILD/fakeroot-upstream-1.25.2/obj-sysv/doc/fr'
[ 2709s] make[3]: Entering directory '/home/abuild/rpmbuild/BUILD/fakeroot-upstream-1.25.2/obj-sysv/doc/fr'
[ 2709s] make[3]: Nothing to be done for 'install-exec-am'.
[ 2710s]  /usr/bin/mkdir -p '/home/abuild/rpmbuild/BUILDROOT/fakeroot-1.25.2-2.oe1.riscv64/usr/share/man/fr/man1'
[ 2710s]  /usr/bin/install -c -m 644 '/home/abuild/rpmbuild/BUILD/fakeroot-upstream-1.25.2/obj-sysv/../doc/fr/fakeroot.1' '/home/abuild/rpmbuild/BUILDROOT/fakeroot-1.25.2-2.oe1.riscv64/usr/share/man/fr/man1/fakeroot-sysv.1'
[ 2710s]  /usr/bin/install -c -m 644 '/home/abuild/rpmbuild/BUILD/fakeroot-upstream-1.25.2/obj-sysv/../doc/fr/faked.1' '/home/abuild/rpmbuild/BUILDROOT/fakeroot-1.25.2-2.oe1.riscv64/usr/share/man/fr/man1/faked-sysv.1'
[ 2710s] make[3]: Leaving directory '/home/abuild/rpmbuild/BUILD/fakeroot-upstream-1.25.2/obj-sysv/doc/fr'
[ 2710s] make[2]: Leaving directory '/home/abuild/rpmbuild/BUILD/fakeroot-upstream-1.25.2/obj-sysv/doc/fr'
[ 2710s] Making install in nl
[ 2710s] make[2]: Entering directory '/home/abuild/rpmbuild/BUILD/fakeroot-upstream-1.25.2/obj-sysv/doc/nl'
[ 2711s] make[3]: Entering directory '/home/abuild/rpmbuild/BUILD/fakeroot-upstream-1.25.2/obj-sysv/doc/nl'
[ 2711s] make[3]: Nothing to be done for 'install-exec-am'.
[ 2711s]  /usr/bin/mkdir -p '/home/abuild/rpmbuild/BUILDROOT/fakeroot-1.25.2-2.oe1.riscv64/usr/share/man/nl/man1'
[ 2711s]  /usr/bin/install -c -m 644 '/home/abuild/rpmbuild/BUILD/fakeroot-upstream-1.25.2/obj-sysv/../doc/nl/fakeroot.1' '/home/abuild/rpmbuild/BUILDROOT/fakeroot-1.25.2-2.oe1.riscv64/usr/share/man/nl/man1/fakeroot-sysv.1'
[ 2711s]  /usr/bin/install -c -m 644 '/home/abuild/rpmbuild/BUILD/fakeroot-upstream-1.25.2/obj-sysv/../doc/nl/faked.1' '/home/abuild/rpmbuild/BUILDROOT/fakeroot-1.25.2-2.oe1.riscv64/usr/share/man/nl/man1/faked-sysv.1'
[ 2711s] make[3]: Leaving directory '/home/abuild/rpmbuild/BUILD/fakeroot-upstream-1.25.2/obj-sysv/doc/nl'
[ 2711s] make[2]: Leaving directory '/home/abuild/rpmbuild/BUILD/fakeroot-upstream-1.25.2/obj-sysv/doc/nl'
[ 2711s] Making install in pt
[ 2711s] make[2]: Entering directory '/home/abuild/rpmbuild/BUILD/fakeroot-upstream-1.25.2/obj-sysv/doc/pt'
[ 2711s] make[3]: Entering directory '/home/abuild/rpmbuild/BUILD/fakeroot-upstream-1.25.2/obj-sysv/doc/pt'
[ 2711s] make[3]: Nothing to be done for 'install-exec-am'.
[ 2712s]  /usr/bin/mkdir -p '/home/abuild/rpmbuild/BUILDROOT/fakeroot-1.25.2-2.oe1.riscv64/usr/share/man/pt/man1'
[ 2712s]  /usr/bin/install -c -m 644 '/home/abuild/rpmbuild/BUILD/fakeroot-upstream-1.25.2/obj-sysv/../doc/pt/fakeroot.1' '/home/abuild/rpmbuild/BUILDROOT/fakeroot-1.25.2-2.oe1.riscv64/usr/share/man/pt/man1/fakeroot-sysv.1'
[ 2712s]  /usr/bin/install -c -m 644 '/home/abuild/rpmbuild/BUILD/fakeroot-upstream-1.25.2/obj-sysv/../doc/pt/faked.1' '/home/abuild/rpmbuild/BUILDROOT/fakeroot-1.25.2-2.oe1.riscv64/usr/share/man/pt/man1/faked-sysv.1'
[ 2712s] make[3]: Leaving directory '/home/abuild/rpmbuild/BUILD/fakeroot-upstream-1.25.2/obj-sysv/doc/pt'
[ 2712s] make[2]: Leaving directory '/home/abuild/rpmbuild/BUILD/fakeroot-upstream-1.25.2/obj-sysv/doc/pt'
[ 2712s] Making install in sv
[ 2712s] make[2]: Entering directory '/home/abuild/rpmbuild/BUILD/fakeroot-upstream-1.25.2/obj-sysv/doc/sv'
[ 2712s] make[3]: Entering directory '/home/abuild/rpmbuild/BUILD/fakeroot-upstream-1.25.2/obj-sysv/doc/sv'
[ 2712s] make[3]: Nothing to be done for 'install-exec-am'.
[ 2713s]  /usr/bin/mkdir -p '/home/abuild/rpmbuild/BUILDROOT/fakeroot-1.25.2-2.oe1.riscv64/usr/share/man/sv/man1'
[ 2713s]  /usr/bin/install -c -m 644 '/home/abuild/rpmbuild/BUILD/fakeroot-upstream-1.25.2/obj-sysv/../doc/sv/faked.1' '/home/abuild/rpmbuild/BUILDROOT/fakeroot-1.25.2-2.oe1.riscv64/usr/share/man/sv/man1/faked-sysv.1'
[ 2713s]  /usr/bin/install -c -m 644 '/home/abuild/rpmbuild/BUILD/fakeroot-upstream-1.25.2/obj-sysv/../doc/sv/fakeroot.1' '/home/abuild/rpmbuild/BUILDROOT/fakeroot-1.25.2-2.oe1.riscv64/usr/share/man/sv/man1/fakeroot-sysv.1'
[ 2713s] make[3]: Leaving directory '/home/abuild/rpmbuild/BUILD/fakeroot-upstream-1.25.2/obj-sysv/doc/sv'
[ 2713s] make[2]: Leaving directory '/home/abuild/rpmbuild/BUILD/fakeroot-upstream-1.25.2/obj-sysv/doc/sv'
[ 2713s] make[2]: Entering directory '/home/abuild/rpmbuild/BUILD/fakeroot-upstream-1.25.2/obj-sysv/doc'
[ 2713s] make[3]: Entering directory '/home/abuild/rpmbuild/BUILD/fakeroot-upstream-1.25.2/obj-sysv/doc'
[ 2713s] make[3]: Nothing to be done for 'install-exec-am'.
[ 2713s]  /usr/bin/mkdir -p '/home/abuild/rpmbuild/BUILDROOT/fakeroot-1.25.2-2.oe1.riscv64/usr/share/man/man1'
[ 2714s]  /usr/bin/install -c -m 644 '/home/abuild/rpmbuild/BUILD/fakeroot-upstream-1.25.2/obj-sysv/../doc/faked.1' '/home/abuild/rpmbuild/BUILDROOT/fakeroot-1.25.2-2.oe1.riscv64/usr/share/man/man1/faked-sysv.1'
[ 2714s]  /usr/bin/install -c -m 644 '/home/abuild/rpmbuild/BUILD/fakeroot-upstream-1.25.2/obj-sysv/../doc/fakeroot.1' '/home/abuild/rpmbuild/BUILDROOT/fakeroot-1.25.2-2.oe1.riscv64/usr/share/man/man1/fakeroot-sysv.1'
[ 2714s] make[3]: Leaving directory '/home/abuild/rpmbuild/BUILD/fakeroot-upstream-1.25.2/obj-sysv/doc'
[ 2714s] make[2]: Leaving directory '/home/abuild/rpmbuild/BUILD/fakeroot-upstream-1.25.2/obj-sysv/doc'
[ 2714s] make[1]: Leaving directory '/home/abuild/rpmbuild/BUILD/fakeroot-upstream-1.25.2/obj-sysv/doc'
[ 2714s] Making install in scripts
[ 2714s] make[1]: Entering directory '/home/abuild/rpmbuild/BUILD/fakeroot-upstream-1.25.2/obj-sysv/scripts'
[ 2714s] make[2]: Entering directory '/home/abuild/rpmbuild/BUILD/fakeroot-upstream-1.25.2/obj-sysv/scripts'
[ 2714s]  /usr/bin/mkdir -p '/home/abuild/rpmbuild/BUILDROOT/fakeroot-1.25.2-2.oe1.riscv64/usr/bin'
[ 2715s]  /usr/bin/install -c fakeroot '/home/abuild/rpmbuild/BUILDROOT/fakeroot-1.25.2-2.oe1.riscv64/usr/bin/./fakeroot-sysv'
[ 2715s] make[2]: Nothing to be done for 'install-data-am'.
[ 2715s] make[2]: Leaving directory '/home/abuild/rpmbuild/BUILD/fakeroot-upstream-1.25.2/obj-sysv/scripts'
[ 2715s] make[1]: Leaving directory '/home/abuild/rpmbuild/BUILD/fakeroot-upstream-1.25.2/obj-sysv/scripts'
[ 2715s] Making install in test
[ 2715s] make[1]: Entering directory '/home/abuild/rpmbuild/BUILD/fakeroot-upstream-1.25.2/obj-sysv/test'
[ 2715s] make[2]: Entering directory '/home/abuild/rpmbuild/BUILD/fakeroot-upstream-1.25.2/obj-sysv/test'
[ 2715s] make[2]: Nothing to be done for 'install-exec-am'.
[ 2715s] make[2]: Nothing to be done for 'install-data-am'.
[ 2715s] make[2]: Leaving directory '/home/abuild/rpmbuild/BUILD/fakeroot-upstream-1.25.2/obj-sysv/test'
[ 2715s] make[1]: Leaving directory '/home/abuild/rpmbuild/BUILD/fakeroot-upstream-1.25.2/obj-sysv/test'
[ 2715s] make[1]: Entering directory '/home/abuild/rpmbuild/BUILD/fakeroot-upstream-1.25.2/obj-sysv'
[ 2716s] make[2]: Entering directory '/home/abuild/rpmbuild/BUILD/fakeroot-upstream-1.25.2/obj-sysv'
[ 2716s]  /usr/bin/mkdir -p '/home/abuild/rpmbuild/BUILDROOT/fakeroot-1.25.2-2.oe1.riscv64/usr/lib64/libfakeroot'
[ 2716s]  /bin/sh ./libtool   --mode=install /usr/bin/install -c   libfakeroot.la '/home/abuild/rpmbuild/BUILDROOT/fakeroot-1.25.2-2.oe1.riscv64/usr/lib64/libfakeroot'
[ 2717s] libtool: install: /usr/bin/install -c .libs/libfakeroot-0.so /home/abuild/rpmbuild/BUILDROOT/fakeroot-1.25.2-2.oe1.riscv64/usr/lib64/libfakeroot/libfakeroot-0.so
[ 2717s] libtool: install: (cd /home/abuild/rpmbuild/BUILDROOT/fakeroot-1.25.2-2.oe1.riscv64/usr/lib64/libfakeroot && { ln -s -f libfakeroot-0.so libfakeroot.so || { rm -f libfakeroot.so && ln -s libfakeroot-0.so libfakeroot.so; }; })
[ 2717s] libtool: install: /usr/bin/install -c .libs/libfakeroot.lai /home/abuild/rpmbuild/BUILDROOT/fakeroot-1.25.2-2.oe1.riscv64/usr/lib64/libfakeroot/libfakeroot.la
[ 2717s] libtool: warning: remember to run 'libtool --finish /usr/lib64/libfakeroot'
[ 2717s]  /usr/bin/mkdir -p '/home/abuild/rpmbuild/BUILDROOT/fakeroot-1.25.2-2.oe1.riscv64/usr/bin'
[ 2717s]   /bin/sh ./libtool   --mode=install /usr/bin/install -c faked '/home/abuild/rpmbuild/BUILDROOT/fakeroot-1.25.2-2.oe1.riscv64/usr/bin/./faked-sysv'
[ 2718s] libtool: install: /usr/bin/install -c faked /home/abuild/rpmbuild/BUILDROOT/fakeroot-1.25.2-2.oe1.riscv64/usr/bin/./faked-sysv
[ 2719s] make[2]: Nothing to be done for 'install-data-am'.
[ 2719s] make[2]: Leaving directory '/home/abuild/rpmbuild/BUILD/fakeroot-upstream-1.25.2/obj-sysv'
[ 2719s] make[1]: Leaving directory '/home/abuild/rpmbuild/BUILD/fakeroot-upstream-1.25.2/obj-sysv'
[ 2719s] make: Leaving directory '/home/abuild/rpmbuild/BUILD/fakeroot-upstream-1.25.2/obj-sysv'
[ 2719s] + mv /home/abuild/rpmbuild/BUILDROOT/fakeroot-1.25.2-2.oe1.riscv64/usr/lib64/libfakeroot/libfakeroot-0.so /home/abuild/rpmbuild/BUILDROOT/fakeroot-1.25.2-2.oe1.riscv64/usr/lib64/libfakeroot/libfakeroot-sysv.so
[ 2719s] + rm -f /home/abuild/rpmbuild/BUILDROOT/fakeroot-1.25.2-2.oe1.riscv64/usr/lib64/libfakeroot/libfakeroot.so
[ 2719s] + rm -f /home/abuild/rpmbuild/BUILDROOT/fakeroot-1.25.2-2.oe1.riscv64/usr/lib64/libfakeroot/libfakeroot.la
[ 2719s] + /usr/lib/rpm/find-lang.sh /home/abuild/rpmbuild/BUILDROOT/fakeroot-1.25.2-2.oe1.riscv64 faked-sysv --without-mo --with-man
[ 2721s] + /usr/lib/rpm/find-lang.sh /home/abuild/rpmbuild/BUILDROOT/fakeroot-1.25.2-2.oe1.riscv64 fakeroot-sysv --without-mo --with-man
[ 2722s] + for type in sysv tcp
[ 2722s] + make -C obj-tcp install libdir=/usr/lib64/libfakeroot DESTDIR=/home/abuild/rpmbuild/BUILDROOT/fakeroot-1.25.2-2.oe1.riscv64
[ 2723s] make: Entering directory '/home/abuild/rpmbuild/BUILD/fakeroot-upstream-1.25.2/obj-tcp'
[ 2723s] Making install in doc
[ 2723s] make[1]: Entering directory '/home/abuild/rpmbuild/BUILD/fakeroot-upstream-1.25.2/obj-tcp/doc'
[ 2723s] Making install in de
[ 2724s] make[2]: Entering directory '/home/abuild/rpmbuild/BUILD/fakeroot-upstream-1.25.2/obj-tcp/doc/de'
[ 2724s] make[3]: Entering directory '/home/abuild/rpmbuild/BUILD/fakeroot-upstream-1.25.2/obj-tcp/doc/de'
[ 2724s] make[3]: Nothing to be done for 'install-exec-am'.
[ 2724s]  /usr/bin/mkdir -p '/home/abuild/rpmbuild/BUILDROOT/fakeroot-1.25.2-2.oe1.riscv64/usr/share/man/de/man1'
[ 2724s]  /usr/bin/install -c -m 644 '/home/abuild/rpmbuild/BUILD/fakeroot-upstream-1.25.2/obj-tcp/../doc/de/faked.1' '/home/abuild/rpmbuild/BUILDROOT/fakeroot-1.25.2-2.oe1.riscv64/usr/share/man/de/man1/faked-tcp.1'
[ 2724s]  /usr/bin/install -c -m 644 '/home/abuild/rpmbuild/BUILD/fakeroot-upstream-1.25.2/obj-tcp/../doc/de/fakeroot.1' '/home/abuild/rpmbuild/BUILDROOT/fakeroot-1.25.2-2.oe1.riscv64/usr/share/man/de/man1/fakeroot-tcp.1'
[ 2724s] make[3]: Leaving directory '/home/abuild/rpmbuild/BUILD/fakeroot-upstream-1.25.2/obj-tcp/doc/de'
[ 2724s] make[2]: Leaving directory '/home/abuild/rpmbuild/BUILD/fakeroot-upstream-1.25.2/obj-tcp/doc/de'
[ 2724s] Making install in es
[ 2725s] make[2]: Entering directory '/home/abuild/rpmbuild/BUILD/fakeroot-upstream-1.25.2/obj-tcp/doc/es'
[ 2725s] make[3]: Entering directory '/home/abuild/rpmbuild/BUILD/fakeroot-upstream-1.25.2/obj-tcp/doc/es'
[ 2725s] make[3]: Nothing to be done for 'install-exec-am'.
[ 2725s]  /usr/bin/mkdir -p '/home/abuild/rpmbuild/BUILDROOT/fakeroot-1.25.2-2.oe1.riscv64/usr/share/man/es/man1'
[ 2725s]  /usr/bin/install -c -m 644 '/home/abuild/rpmbuild/BUILD/fakeroot-upstream-1.25.2/obj-tcp/../doc/es/faked.1' '/home/abuild/rpmbuild/BUILDROOT/fakeroot-1.25.2-2.oe1.riscv64/usr/share/man/es/man1/faked-tcp.1'
[ 2725s]  /usr/bin/install -c -m 644 '/home/abuild/rpmbuild/BUILD/fakeroot-upstream-1.25.2/obj-tcp/../doc/es/fakeroot.1' '/home/abuild/rpmbuild/BUILDROOT/fakeroot-1.25.2-2.oe1.riscv64/usr/share/man/es/man1/fakeroot-tcp.1'
[ 2725s] make[3]: Leaving directory '/home/abuild/rpmbuild/BUILD/fakeroot-upstream-1.25.2/obj-tcp/doc/es'
[ 2725s] make[2]: Leaving directory '/home/abuild/rpmbuild/BUILD/fakeroot-upstream-1.25.2/obj-tcp/doc/es'
[ 2725s] Making install in fr
[ 2726s] make[2]: Entering directory '/home/abuild/rpmbuild/BUILD/fakeroot-upstream-1.25.2/obj-tcp/doc/fr'
[ 2726s] make[3]: Entering directory '/home/abuild/rpmbuild/BUILD/fakeroot-upstream-1.25.2/obj-tcp/doc/fr'
[ 2726s] make[3]: Nothing to be done for 'install-exec-am'.
[ 2726s]  /usr/bin/mkdir -p '/home/abuild/rpmbuild/BUILDROOT/fakeroot-1.25.2-2.oe1.riscv64/usr/share/man/fr/man1'
[ 2726s]  /usr/bin/install -c -m 644 '/home/abuild/rpmbuild/BUILD/fakeroot-upstream-1.25.2/obj-tcp/../doc/fr/fakeroot.1' '/home/abuild/rpmbuild/BUILDROOT/fakeroot-1.25.2-2.oe1.riscv64/usr/share/man/fr/man1/fakeroot-tcp.1'
[ 2726s]  /usr/bin/install -c -m 644 '/home/abuild/rpmbuild/BUILD/fakeroot-upstream-1.25.2/obj-tcp/../doc/fr/faked.1' '/home/abuild/rpmbuild/BUILDROOT/fakeroot-1.25.2-2.oe1.riscv64/usr/share/man/fr/man1/faked-tcp.1'
[ 2726s] make[3]: Leaving directory '/home/abuild/rpmbuild/BUILD/fakeroot-upstream-1.25.2/obj-tcp/doc/fr'
[ 2726s] make[2]: Leaving directory '/home/abuild/rpmbuild/BUILD/fakeroot-upstream-1.25.2/obj-tcp/doc/fr'
[ 2726s] Making install in nl
[ 2727s] make[2]: Entering directory '/home/abuild/rpmbuild/BUILD/fakeroot-upstream-1.25.2/obj-tcp/doc/nl'
[ 2727s] make[3]: Entering directory '/home/abuild/rpmbuild/BUILD/fakeroot-upstream-1.25.2/obj-tcp/doc/nl'
[ 2727s] make[3]: Nothing to be done for 'install-exec-am'.
[ 2727s]  /usr/bin/mkdir -p '/home/abuild/rpmbuild/BUILDROOT/fakeroot-1.25.2-2.oe1.riscv64/usr/share/man/nl/man1'
[ 2727s]  /usr/bin/install -c -m 644 '/home/abuild/rpmbuild/BUILD/fakeroot-upstream-1.25.2/obj-tcp/../doc/nl/fakeroot.1' '/home/abuild/rpmbuild/BUILDROOT/fakeroot-1.25.2-2.oe1.riscv64/usr/share/man/nl/man1/fakeroot-tcp.1'
[ 2727s]  /usr/bin/install -c -m 644 '/home/abuild/rpmbuild/BUILD/fakeroot-upstream-1.25.2/obj-tcp/../doc/nl/faked.1' '/home/abuild/rpmbuild/BUILDROOT/fakeroot-1.25.2-2.oe1.riscv64/usr/share/man/nl/man1/faked-tcp.1'
[ 2727s] make[3]: Leaving directory '/home/abuild/rpmbuild/BUILD/fakeroot-upstream-1.25.2/obj-tcp/doc/nl'
[ 2727s] make[2]: Leaving directory '/home/abuild/rpmbuild/BUILD/fakeroot-upstream-1.25.2/obj-tcp/doc/nl'
[ 2727s] Making install in pt
[ 2728s] make[2]: Entering directory '/home/abuild/rpmbuild/BUILD/fakeroot-upstream-1.25.2/obj-tcp/doc/pt'
[ 2728s] make[3]: Entering directory '/home/abuild/rpmbuild/BUILD/fakeroot-upstream-1.25.2/obj-tcp/doc/pt'
[ 2728s] make[3]: Nothing to be done for 'install-exec-am'.
[ 2728s]  /usr/bin/mkdir -p '/home/abuild/rpmbuild/BUILDROOT/fakeroot-1.25.2-2.oe1.riscv64/usr/share/man/pt/man1'
[ 2728s]  /usr/bin/install -c -m 644 '/home/abuild/rpmbuild/BUILD/fakeroot-upstream-1.25.2/obj-tcp/../doc/pt/fakeroot.1' '/home/abuild/rpmbuild/BUILDROOT/fakeroot-1.25.2-2.oe1.riscv64/usr/share/man/pt/man1/fakeroot-tcp.1'
[ 2728s]  /usr/bin/install -c -m 644 '/home/abuild/rpmbuild/BUILD/fakeroot-upstream-1.25.2/obj-tcp/../doc/pt/faked.1' '/home/abuild/rpmbuild/BUILDROOT/fakeroot-1.25.2-2.oe1.riscv64/usr/share/man/pt/man1/faked-tcp.1'
[ 2728s] make[3]: Leaving directory '/home/abuild/rpmbuild/BUILD/fakeroot-upstream-1.25.2/obj-tcp/doc/pt'
[ 2728s] make[2]: Leaving directory '/home/abuild/rpmbuild/BUILD/fakeroot-upstream-1.25.2/obj-tcp/doc/pt'
[ 2728s] Making install in sv
[ 2729s] make[2]: Entering directory '/home/abuild/rpmbuild/BUILD/fakeroot-upstream-1.25.2/obj-tcp/doc/sv'
[ 2729s] make[3]: Entering directory '/home/abuild/rpmbuild/BUILD/fakeroot-upstream-1.25.2/obj-tcp/doc/sv'
[ 2729s] make[3]: Nothing to be done for 'install-exec-am'.
[ 2729s]  /usr/bin/mkdir -p '/home/abuild/rpmbuild/BUILDROOT/fakeroot-1.25.2-2.oe1.riscv64/usr/share/man/sv/man1'
[ 2729s]  /usr/bin/install -c -m 644 '/home/abuild/rpmbuild/BUILD/fakeroot-upstream-1.25.2/obj-tcp/../doc/sv/faked.1' '/home/abuild/rpmbuild/BUILDROOT/fakeroot-1.25.2-2.oe1.riscv64/usr/share/man/sv/man1/faked-tcp.1'
[ 2729s]  /usr/bin/install -c -m 644 '/home/abuild/rpmbuild/BUILD/fakeroot-upstream-1.25.2/obj-tcp/../doc/sv/fakeroot.1' '/home/abuild/rpmbuild/BUILDROOT/fakeroot-1.25.2-2.oe1.riscv64/usr/share/man/sv/man1/fakeroot-tcp.1'
[ 2729s] make[3]: Leaving directory '/home/abuild/rpmbuild/BUILD/fakeroot-upstream-1.25.2/obj-tcp/doc/sv'
[ 2729s] make[2]: Leaving directory '/home/abuild/rpmbuild/BUILD/fakeroot-upstream-1.25.2/obj-tcp/doc/sv'
[ 2729s] make[2]: Entering directory '/home/abuild/rpmbuild/BUILD/fakeroot-upstream-1.25.2/obj-tcp/doc'
[ 2730s] make[3]: Entering directory '/home/abuild/rpmbuild/BUILD/fakeroot-upstream-1.25.2/obj-tcp/doc'
[ 2730s] make[3]: Nothing to be done for 'install-exec-am'.
[ 2730s]  /usr/bin/mkdir -p '/home/abuild/rpmbuild/BUILDROOT/fakeroot-1.25.2-2.oe1.riscv64/usr/share/man/man1'
[ 2730s]  /usr/bin/install -c -m 644 '/home/abuild/rpmbuild/BUILD/fakeroot-upstream-1.25.2/obj-tcp/../doc/faked.1' '/home/abuild/rpmbuild/BUILDROOT/fakeroot-1.25.2-2.oe1.riscv64/usr/share/man/man1/faked-tcp.1'
[ 2730s]  /usr/bin/install -c -m 644 '/home/abuild/rpmbuild/BUILD/fakeroot-upstream-1.25.2/obj-tcp/../doc/fakeroot.1' '/home/abuild/rpmbuild/BUILDROOT/fakeroot-1.25.2-2.oe1.riscv64/usr/share/man/man1/fakeroot-tcp.1'
[ 2730s] make[3]: Leaving directory '/home/abuild/rpmbuild/BUILD/fakeroot-upstream-1.25.2/obj-tcp/doc'
[ 2730s] make[2]: Leaving directory '/home/abuild/rpmbuild/BUILD/fakeroot-upstream-1.25.2/obj-tcp/doc'
[ 2730s] make[1]: Leaving directory '/home/abuild/rpmbuild/BUILD/fakeroot-upstream-1.25.2/obj-tcp/doc'
[ 2730s] Making install in scripts
[ 2730s] make[1]: Entering directory '/home/abuild/rpmbuild/BUILD/fakeroot-upstream-1.25.2/obj-tcp/scripts'
[ 2731s] make[2]: Entering directory '/home/abuild/rpmbuild/BUILD/fakeroot-upstream-1.25.2/obj-tcp/scripts'
[ 2731s]  /usr/bin/mkdir -p '/home/abuild/rpmbuild/BUILDROOT/fakeroot-1.25.2-2.oe1.riscv64/usr/bin'
[ 2731s]  /usr/bin/install -c fakeroot '/home/abuild/rpmbuild/BUILDROOT/fakeroot-1.25.2-2.oe1.riscv64/usr/bin/./fakeroot-tcp'
[ 2731s] make[2]: Nothing to be done for 'install-data-am'.
[ 2731s] make[2]: Leaving directory '/home/abuild/rpmbuild/BUILD/fakeroot-upstream-1.25.2/obj-tcp/scripts'
[ 2731s] make[1]: Leaving directory '/home/abuild/rpmbuild/BUILD/fakeroot-upstream-1.25.2/obj-tcp/scripts'
[ 2731s] Making install in test
[ 2731s] make[1]: Entering directory '/home/abuild/rpmbuild/BUILD/fakeroot-upstream-1.25.2/obj-tcp/test'
[ 2732s] make[2]: Entering directory '/home/abuild/rpmbuild/BUILD/fakeroot-upstream-1.25.2/obj-tcp/test'
[ 2732s] make[2]: Nothing to be done for 'install-exec-am'.
[ 2732s] make[2]: Nothing to be done for 'install-data-am'.
[ 2732s] make[2]: Leaving directory '/home/abuild/rpmbuild/BUILD/fakeroot-upstream-1.25.2/obj-tcp/test'
[ 2732s] make[1]: Leaving directory '/home/abuild/rpmbuild/BUILD/fakeroot-upstream-1.25.2/obj-tcp/test'
[ 2732s] make[1]: Entering directory '/home/abuild/rpmbuild/BUILD/fakeroot-upstream-1.25.2/obj-tcp'
[ 2732s] make[2]: Entering directory '/home/abuild/rpmbuild/BUILD/fakeroot-upstream-1.25.2/obj-tcp'
[ 2732s]  /usr/bin/mkdir -p '/home/abuild/rpmbuild/BUILDROOT/fakeroot-1.25.2-2.oe1.riscv64/usr/lib64/libfakeroot'
[ 2732s]  /bin/sh ./libtool   --mode=install /usr/bin/install -c   libfakeroot.la '/home/abuild/rpmbuild/BUILDROOT/fakeroot-1.25.2-2.oe1.riscv64/usr/lib64/libfakeroot'
[ 2733s] libtool: install: /usr/bin/install -c .libs/libfakeroot-0.so /home/abuild/rpmbuild/BUILDROOT/fakeroot-1.25.2-2.oe1.riscv64/usr/lib64/libfakeroot/libfakeroot-0.so
[ 2733s] libtool: install: (cd /home/abuild/rpmbuild/BUILDROOT/fakeroot-1.25.2-2.oe1.riscv64/usr/lib64/libfakeroot && { ln -s -f libfakeroot-0.so libfakeroot.so || { rm -f libfakeroot.so && ln -s libfakeroot-0.so libfakeroot.so; }; })
[ 2733s] libtool: install: /usr/bin/install -c .libs/libfakeroot.lai /home/abuild/rpmbuild/BUILDROOT/fakeroot-1.25.2-2.oe1.riscv64/usr/lib64/libfakeroot/libfakeroot.la
[ 2733s] libtool: warning: remember to run 'libtool --finish /usr/lib64/libfakeroot'
[ 2733s]  /usr/bin/mkdir -p '/home/abuild/rpmbuild/BUILDROOT/fakeroot-1.25.2-2.oe1.riscv64/usr/bin'
[ 2734s]   /bin/sh ./libtool   --mode=install /usr/bin/install -c faked '/home/abuild/rpmbuild/BUILDROOT/fakeroot-1.25.2-2.oe1.riscv64/usr/bin/./faked-tcp'
[ 2735s] libtool: install: /usr/bin/install -c faked /home/abuild/rpmbuild/BUILDROOT/fakeroot-1.25.2-2.oe1.riscv64/usr/bin/./faked-tcp
[ 2736s] make[2]: Nothing to be done for 'install-data-am'.
[ 2736s] make[2]: Leaving directory '/home/abuild/rpmbuild/BUILD/fakeroot-upstream-1.25.2/obj-tcp'
[ 2736s] make[1]: Leaving directory '/home/abuild/rpmbuild/BUILD/fakeroot-upstream-1.25.2/obj-tcp'
[ 2736s] make: Leaving directory '/home/abuild/rpmbuild/BUILD/fakeroot-upstream-1.25.2/obj-tcp'
[ 2736s] + mv /home/abuild/rpmbuild/BUILDROOT/fakeroot-1.25.2-2.oe1.riscv64/usr/lib64/libfakeroot/libfakeroot-0.so /home/abuild/rpmbuild/BUILDROOT/fakeroot-1.25.2-2.oe1.riscv64/usr/lib64/libfakeroot/libfakeroot-tcp.so
[ 2736s] + rm -f /home/abuild/rpmbuild/BUILDROOT/fakeroot-1.25.2-2.oe1.riscv64/usr/lib64/libfakeroot/libfakeroot.so
[ 2736s] + rm -f /home/abuild/rpmbuild/BUILDROOT/fakeroot-1.25.2-2.oe1.riscv64/usr/lib64/libfakeroot/libfakeroot.la
[ 2736s] + /usr/lib/rpm/find-lang.sh /home/abuild/rpmbuild/BUILDROOT/fakeroot-1.25.2-2.oe1.riscv64 faked-tcp --without-mo --with-man
[ 2738s] + /usr/lib/rpm/find-lang.sh /home/abuild/rpmbuild/BUILDROOT/fakeroot-1.25.2-2.oe1.riscv64 fakeroot-tcp --without-mo --with-man
[ 2740s] + rm /home/abuild/rpmbuild/BUILDROOT/fakeroot-1.25.2-2.oe1.riscv64/usr/share/man/man1/faked-sysv.1 /home/abuild/rpmbuild/BUILDROOT/fakeroot-1.25.2-2.oe1.riscv64/usr/share/man/man1/fakeroot-sysv.1 /home/abuild/rpmbuild/BUILDROOT/fakeroot-1.25.2-2.oe1.riscv64/usr/share/man/de/man1/faked-sysv.1 /home/abuild/rpmbuild/BUILDROOT/fakeroot-1.25.2-2.oe1.riscv64/usr/share/man/es/man1/faked-sysv.1 /home/abuild/rpmbuild/BUILDROOT/fakeroot-1.25.2-2.oe1.riscv64/usr/share/man/fr/man1/faked-sysv.1 /home/abuild/rpmbuild/BUILDROOT/fakeroot-1.25.2-2.oe1.riscv64/usr/share/man/nl/man1/faked-sysv.1 /home/abuild/rpmbuild/BUILDROOT/fakeroot-1.25.2-2.oe1.riscv64/usr/share/man/pt/man1/faked-sysv.1 /home/abuild/rpmbuild/BUILDROOT/fakeroot-1.25.2-2.oe1.riscv64/usr/share/man/sv/man1/faked-sysv.1 /home/abuild/rpmbuild/BUILDROOT/fakeroot-1.25.2-2.oe1.riscv64/usr/share/man/de/man1/fakeroot-sysv.1 /home/abuild/rpmbuild/BUILDROOT/fakeroot-1.25.2-2.oe1.riscv64/usr/share/man/es/man1/fakeroot-sysv.1 /home/abuild/rpmbuild/BUILDROOT/fakeroot-1.25.2-2.oe1.riscv64/usr/share/man/fr/man1/fakeroot-sysv.1 /home/abuild/rpmbuild/BUILDROOT/fakeroot-1.25.2-2.oe1.riscv64/usr/share/man/nl/man1/fakeroot-sysv.1 /home/abuild/rpmbuild/BUILDROOT/fakeroot-1.25.2-2.oe1.riscv64/usr/share/man/pt/man1/fakeroot-sysv.1 /home/abuild/rpmbuild/BUILDROOT/fakeroot-1.25.2-2.oe1.riscv64/usr/share/man/sv/man1/fakeroot-sysv.1
[ 2740s] + rename -- -tcp '' /home/abuild/rpmbuild/BUILDROOT/fakeroot-1.25.2-2.oe1.riscv64/usr/share/man/man1/faked-tcp.1 /home/abuild/rpmbuild/BUILDROOT/fakeroot-1.25.2-2.oe1.riscv64/usr/share/man/man1/fakeroot-tcp.1 /home/abuild/rpmbuild/BUILDROOT/fakeroot-1.25.2-2.oe1.riscv64/usr/share/man/de/man1/faked-tcp.1 /home/abuild/rpmbuild/BUILDROOT/fakeroot-1.25.2-2.oe1.riscv64/usr/share/man/es/man1/faked-tcp.1 /home/abuild/rpmbuild/BUILDROOT/fakeroot-1.25.2-2.oe1.riscv64/usr/share/man/fr/man1/faked-tcp.1 /home/abuild/rpmbuild/BUILDROOT/fakeroot-1.25.2-2.oe1.riscv64/usr/share/man/nl/man1/faked-tcp.1 /home/abuild/rpmbuild/BUILDROOT/fakeroot-1.25.2-2.oe1.riscv64/usr/share/man/pt/man1/faked-tcp.1 /home/abuild/rpmbuild/BUILDROOT/fakeroot-1.25.2-2.oe1.riscv64/usr/share/man/sv/man1/faked-tcp.1 /home/abuild/rpmbuild/BUILDROOT/fakeroot-1.25.2-2.oe1.riscv64/usr/share/man/de/man1/fakeroot-tcp.1 /home/abuild/rpmbuild/BUILDROOT/fakeroot-1.25.2-2.oe1.riscv64/usr/share/man/es/man1/fakeroot-tcp.1 /home/abuild/rpmbuild/BUILDROOT/fakeroot-1.25.2-2.oe1.riscv64/usr/share/man/fr/man1/fakeroot-tcp.1 /home/abuild/rpmbuild/BUILDROOT/fakeroot-1.25.2-2.oe1.riscv64/usr/share/man/nl/man1/fakeroot-tcp.1 /home/abuild/rpmbuild/BUILDROOT/fakeroot-1.25.2-2.oe1.riscv64/usr/share/man/pt/man1/fakeroot-tcp.1 /home/abuild/rpmbuild/BUILDROOT/fakeroot-1.25.2-2.oe1.riscv64/usr/share/man/sv/man1/fakeroot-tcp.1
[ 2740s] + sed -e s/-tcp//g faked-tcp.lang fakeroot-tcp.lang
[ 2740s] + /usr/lib/rpm/find-debuginfo.sh -j8 --strict-build-id -i --build-id-seed 1.25.2-2.oe1 --unique-debug-suffix -1.25.2-2.oe1.riscv64 --unique-debug-src-base fakeroot-1.25.2-2.oe1.riscv64 -S debugsourcefiles.list /home/abuild/rpmbuild/BUILD/fakeroot-upstream-1.25.2
[ 2742s] explicitly decompress any DWARF compressed ELF sections in /home/abuild/rpmbuild/BUILDROOT/fakeroot-1.25.2-2.oe1.riscv64/usr/bin/faked-sysv
[ 2742s] explicitly decompress any DWARF compressed ELF sections in /home/abuild/rpmbuild/BUILDROOT/fakeroot-1.25.2-2.oe1.riscv64/usr/bin/faked-tcp
[ 2742s] explicitly decompress any DWARF compressed ELF sections in /home/abuild/rpmbuild/BUILDROOT/fakeroot-1.25.2-2.oe1.riscv64/usr/lib64/libfakeroot/libfakeroot-sysv.so
[ 2742s] explicitly decompress any DWARF compressed ELF sections in /home/abuild/rpmbuild/BUILDROOT/fakeroot-1.25.2-2.oe1.riscv64/usr/lib64/libfakeroot/libfakeroot-tcp.so
[ 2742s] extracting debug info from /home/abuild/rpmbuild/BUILDROOT/fakeroot-1.25.2-2.oe1.riscv64/usr/bin/faked-tcp
[ 2742s] extracting debug info from /home/abuild/rpmbuild/BUILDROOT/fakeroot-1.25.2-2.oe1.riscv64/usr/lib64/libfakeroot/libfakeroot-tcp.so
[ 2742s] extracting debug info from /home/abuild/rpmbuild/BUILDROOT/fakeroot-1.25.2-2.oe1.riscv64/usr/bin/faked-sysv
[ 2742s] extracting debug info from /home/abuild/rpmbuild/BUILDROOT/fakeroot-1.25.2-2.oe1.riscv64/usr/lib64/libfakeroot/libfakeroot-sysv.so
[ 2743s] Could not find platform independent libraries <prefix>
[ 2743s] Could not find platform dependent libraries <exec_prefix>
[ 2743s] Consider setting $PYTHONHOME to <prefix>[:<exec_prefix>]
[ 2743s] Could not find platform independent libraries <prefix>
[ 2743s] Could not find platform independent libraries <prefix>
[ 2743s] Could not find platform independent libraries <prefix>
[ 2743s] Could not find platform dependent libraries <exec_prefix>
[ 2743s] Consider setting $PYTHONHOME to <prefix>[:<exec_prefix>]
[ 2743s] Could not find platform dependent libraries <exec_prefix>
[ 2743s] Consider setting $PYTHONHOME to <prefix>[:<exec_prefix>]
[ 2743s] Could not find platform dependent libraries <exec_prefix>
[ 2743s] Consider setting $PYTHONHOME to <prefix>[:<exec_prefix>]
[ 2743s] Fatal Python error: initfsencoding: unable to load the file system codec
[ 2743s] Fatal Python error: initfsencodingModuleNotFoundError: Fatal Python error: unable to load the file system codec
[ 2743s] : No module named 'encodings'initfsencoding
[ 2743s] : unable to load the file system codec
[ 2743s] ModuleNotFoundErrorModuleNotFoundError: : No module named 'encodings'No module named 'encodings'
[ 2743s] 
[ 2743s] 
[ 2743s] Current thread 0x
[ 2743s] 0000003fc3865020 (most recent call first):
[ 2743s] Current thread 0x0000003fd74b6020 (most recent call first):
[ 2743s] 
[ 2743s] Current thread 0x0000003fe9aa1020 (most recent call first):
[ 2743s] Fatal Python error: initfsencoding: unable to load the file system codec
[ 2743s] ModuleNotFoundError: No module named 'encodings'
[ 2743s] 
[ 2743s] Current thread 0x0000003fb7526020 (most recent call first):
[ 2745s] /usr/bin/gdb-add-index: line 106: 3964979 Aborted                 (core dumped) $GDB --batch -nx -iex 'set auto-load no' -ex "file $file" -ex "save gdb-index $dwarf5 $dir"
[ 2745s] gdb-add-index: gdb error generating index for /home/abuild/rpmbuild/BUILDROOT/fakeroot-1.25.2-2.oe1.riscv64/usr/bin/faked-tcp
[ 2745s] /usr/bin/gdb-add-index: line 106: 3964983 Aborted                 (core dumped) $GDB --batch -nx -iex 'set auto-load no' -ex "file $file" -ex "save gdb-index $dwarf5 $dir"
[ 2745s] gdb-add-index: gdb error generating index for /home/abuild/rpmbuild/BUILDROOT/fakeroot-1.25.2-2.oe1.riscv64/usr/lib64/libfakeroot/libfakeroot-sysv.so
[ 2745s] /usr/bin/gdb-add-index: line 106: 3964982 Aborted                 (core dumped) $GDB --batch -nx -iex 'set auto-load no' -ex "file $file" -ex "save gdb-index $dwarf5 $dir"
[ 2745s] gdb-add-index: gdb error generating index for /home/abuild/rpmbuild/BUILDROOT/fakeroot-1.25.2-2.oe1.riscv64/usr/bin/faked-sysv
[ 2746s] /usr/bin/gdb-add-index: line 106: 3964980 Aborted                 (core dumped) $GDB --batch -nx -iex 'set auto-load no' -ex "file $file" -ex "save gdb-index $dwarf5 $dir"
[ 2746s] gdb-add-index: gdb error generating index for /home/abuild/rpmbuild/BUILDROOT/fakeroot-1.25.2-2.oe1.riscv64/usr/lib64/libfakeroot/libfakeroot-tcp.so
[ 2747s] 436 blocks
[ 2748s] + /usr/lib/rpm/check-buildroot
[ 2748s] + /usr/lib/rpm/brp-ldconfig
[ 2748s] + /usr/lib/rpm/brp-compress
[ 2751s] + /usr/lib/rpm/brp-strip-static-archive /usr/bin/strip
[ 2752s] + /usr/lib/rpm/brp-python-bytecompile /usr/bin/python 1 1
[ 2753s] + /usr/lib/rpm/brp-python-hardlink
[ 2753s] Executing(%check): /bin/sh -e /var/tmp/rpm-tmp.rBo4V9
[ 2753s] + umask 022
[ 2753s] + cd /home/abuild/rpmbuild/BUILD
[ 2753s] + cd fakeroot-upstream-1.25.2
[ 2753s] + for type in sysv tcp
[ 2753s] + make -C obj-sysv check VERBOSE=1
[ 2753s] make: Entering directory '/home/abuild/rpmbuild/BUILD/fakeroot-upstream-1.25.2/obj-sysv'
[ 2754s] Making check in doc
[ 2754s] make[1]: Entering directory '/home/abuild/rpmbuild/BUILD/fakeroot-upstream-1.25.2/obj-sysv/doc'
[ 2754s] Making check in de
[ 2754s] make[2]: Entering directory '/home/abuild/rpmbuild/BUILD/fakeroot-upstream-1.25.2/obj-sysv/doc/de'
[ 2754s] make[2]: Nothing to be done for 'check'.
[ 2754s] make[2]: Leaving directory '/home/abuild/rpmbuild/BUILD/fakeroot-upstream-1.25.2/obj-sysv/doc/de'
[ 2754s] Making check in es
[ 2754s] make[2]: Entering directory '/home/abuild/rpmbuild/BUILD/fakeroot-upstream-1.25.2/obj-sysv/doc/es'
[ 2754s] make[2]: Nothing to be done for 'check'.
[ 2754s] make[2]: Leaving directory '/home/abuild/rpmbuild/BUILD/fakeroot-upstream-1.25.2/obj-sysv/doc/es'
[ 2754s] Making check in fr
[ 2754s] make[2]: Entering directory '/home/abuild/rpmbuild/BUILD/fakeroot-upstream-1.25.2/obj-sysv/doc/fr'
[ 2754s] make[2]: Nothing to be done for 'check'.
[ 2754s] make[2]: Leaving directory '/home/abuild/rpmbuild/BUILD/fakeroot-upstream-1.25.2/obj-sysv/doc/fr'
[ 2754s] Making check in nl
[ 2755s] make[2]: Entering directory '/home/abuild/rpmbuild/BUILD/fakeroot-upstream-1.25.2/obj-sysv/doc/nl'
[ 2755s] make[2]: Nothing to be done for 'check'.
[ 2755s] make[2]: Leaving directory '/home/abuild/rpmbuild/BUILD/fakeroot-upstream-1.25.2/obj-sysv/doc/nl'
[ 2755s] Making check in pt
[ 2755s] make[2]: Entering directory '/home/abuild/rpmbuild/BUILD/fakeroot-upstream-1.25.2/obj-sysv/doc/pt'
[ 2755s] make[2]: Nothing to be done for 'check'.
[ 2755s] make[2]: Leaving directory '/home/abuild/rpmbuild/BUILD/fakeroot-upstream-1.25.2/obj-sysv/doc/pt'
[ 2755s] Making check in sv
[ 2755s] make[2]: Entering directory '/home/abuild/rpmbuild/BUILD/fakeroot-upstream-1.25.2/obj-sysv/doc/sv'
[ 2755s] make[2]: Nothing to be done for 'check'.
[ 2755s] make[2]: Leaving directory '/home/abuild/rpmbuild/BUILD/fakeroot-upstream-1.25.2/obj-sysv/doc/sv'
[ 2755s] make[2]: Entering directory '/home/abuild/rpmbuild/BUILD/fakeroot-upstream-1.25.2/obj-sysv/doc'
[ 2755s] make[2]: Nothing to be done for 'check-am'.
[ 2755s] make[2]: Leaving directory '/home/abuild/rpmbuild/BUILD/fakeroot-upstream-1.25.2/obj-sysv/doc'
[ 2755s] make[1]: Leaving directory '/home/abuild/rpmbuild/BUILD/fakeroot-upstream-1.25.2/obj-sysv/doc'
[ 2755s] Making check in scripts
[ 2755s] make[1]: Entering directory '/home/abuild/rpmbuild/BUILD/fakeroot-upstream-1.25.2/obj-sysv/scripts'
[ 2755s] make[1]: Nothing to be done for 'check'.
[ 2755s] make[1]: Leaving directory '/home/abuild/rpmbuild/BUILD/fakeroot-upstream-1.25.2/obj-sysv/scripts'
[ 2755s] Making check in test
[ 2755s] make[1]: Entering directory '/home/abuild/rpmbuild/BUILD/fakeroot-upstream-1.25.2/obj-sysv/test'
[ 2755s] make  t.chmod_dev t.cp-a t.echoarg t.falsereturn t.mknod t.no_ld_preload t.no_ld_preload_link t.option t.tar t.touchinstall t.truereturn t.xattr compare-tar cp-atest defs echo_arg tartest
[ 2756s] make[2]: Entering directory '/home/abuild/rpmbuild/BUILD/fakeroot-upstream-1.25.2/obj-sysv/test'
[ 2756s] make[2]: Nothing to be done for '/home/abuild/rpmbuild/BUILD/fakeroot-upstream-1.25.2/obj-sysv/../test/t.chmod_dev'.
[ 2756s] make[2]: Nothing to be done for '/home/abuild/rpmbuild/BUILD/fakeroot-upstream-1.25.2/obj-sysv/../test/t.cp-a'.
[ 2756s] make[2]: Nothing to be done for '/home/abuild/rpmbuild/BUILD/fakeroot-upstream-1.25.2/obj-sysv/../test/t.echoarg'.
[ 2756s] make[2]: Nothing to be done for '/home/abuild/rpmbuild/BUILD/fakeroot-upstream-1.25.2/obj-sysv/../test/t.falsereturn'.
[ 2756s] make[2]: Nothing to be done for '/home/abuild/rpmbuild/BUILD/fakeroot-upstream-1.25.2/obj-sysv/../test/t.mknod'.
[ 2756s] make[2]: Nothing to be done for '/home/abuild/rpmbuild/BUILD/fakeroot-upstream-1.25.2/obj-sysv/../test/t.no_ld_preload'.
[ 2756s] make[2]: Nothing to be done for '/home/abuild/rpmbuild/BUILD/fakeroot-upstream-1.25.2/obj-sysv/../test/t.no_ld_preload_link'.
[ 2756s] make[2]: Nothing to be done for '/home/abuild/rpmbuild/BUILD/fakeroot-upstream-1.25.2/obj-sysv/../test/t.option'.
[ 2756s] make[2]: Nothing to be done for '/home/abuild/rpmbuild/BUILD/fakeroot-upstream-1.25.2/obj-sysv/../test/t.tar'.
[ 2756s] make[2]: Nothing to be done for '/home/abuild/rpmbuild/BUILD/fakeroot-upstream-1.25.2/obj-sysv/../test/t.touchinstall'.
[ 2756s] make[2]: Nothing to be done for '/home/abuild/rpmbuild/BUILD/fakeroot-upstream-1.25.2/obj-sysv/../test/t.truereturn'.
[ 2756s] make[2]: Nothing to be done for '/home/abuild/rpmbuild/BUILD/fakeroot-upstream-1.25.2/obj-sysv/../test/t.xattr'.
[ 2756s] make[2]: Nothing to be done for '/home/abuild/rpmbuild/BUILD/fakeroot-upstream-1.25.2/obj-sysv/../test/compare-tar'.
[ 2756s] make[2]: Nothing to be done for '/home/abuild/rpmbuild/BUILD/fakeroot-upstream-1.25.2/obj-sysv/../test/cp-atest'.
[ 2756s] make[2]: 'defs' is up to date.
[ 2756s] make[2]: Nothing to be done for '/home/abuild/rpmbuild/BUILD/fakeroot-upstream-1.25.2/obj-sysv/../test/echo_arg'.
[ 2756s] make[2]: Nothing to be done for '/home/abuild/rpmbuild/BUILD/fakeroot-upstream-1.25.2/obj-sysv/../test/tartest'.
[ 2756s] make[2]: Leaving directory '/home/abuild/rpmbuild/BUILD/fakeroot-upstream-1.25.2/obj-sysv/test'
[ 2756s] make  check-TESTS
[ 2756s] make[2]: Entering directory '/home/abuild/rpmbuild/BUILD/fakeroot-upstream-1.25.2/obj-sysv/test'
[ 2757s] make[3]: Entering directory '/home/abuild/rpmbuild/BUILD/fakeroot-upstream-1.25.2/obj-sysv/test'
[ 2759s] FAIL: t.chmod_dev
[ 2760s] FAIL: t.cp-a
[ 2762s] PASS: t.echoarg
[ 2764s] PASS: t.falsereturn
[ 2766s] FAIL: t.mknod
[ 2768s] FAIL: t.no_ld_preload
[ 2770s] PASS: t.no_ld_preload_link
[ 2771s] PASS: t.option
[ 2773s] FAIL: t.tar
[ 2774s] PASS: t.touchinstall
[ 2776s] PASS: t.truereturn
[ 2778s] FAIL: t.xattr
[ 2780s] ==========================================
[ 2780s]    fakeroot 1.25.2: test/test-suite.log
[ 2780s] ==========================================
[ 2780s] 
[ 2780s] # TOTAL: 12
[ 2780s] # PASS:  6
[ 2780s] # SKIP:  0
[ 2780s] # XFAIL: 0
[ 2780s] # FAIL:  6
[ 2780s] # XPASS: 0
[ 2780s] # ERROR: 0
[ 2780s] 
[ 2780s] .. contents:: :depth: 2
[ 2780s] 
[ 2780s] FAIL: t.chmod_dev
[ 2780s] =================
[ 2780s] 
[ 2780s] mknod: t.chmod_dev.dir/hda3: Invalid argument
[ 2780s] FAIL t.chmod_dev (exit status: 1)
[ 2780s] 
[ 2780s] FAIL: t.cp-a
[ 2780s] ============
[ 2780s] 
[ 2780s] cp-atest:
[ 2780s] mkdir: cannot create directory 't.cp-a.dir': Invalid argument
[ 2780s] FAIL t.cp-a (exit status: 1)
[ 2780s] 
[ 2780s] FAIL: t.mknod
[ 2780s] =============
[ 2780s] 
[ 2780s] mknod: t.mknod.dir/hda3: Invalid argument
[ 2780s] ls: t.mknod.dir/hda3: Invalid argument
[ 2780s] -rw-r--r-- 1 root root 0 Apr 15 08:46 t.mknod.dir/hda3
[ 2780s] FAIL t.mknod (exit status: 1)
[ 2780s] 
[ 2780s] FAIL: t.no_ld_preload
[ 2780s] =====================
[ 2780s] 
[ 2780s] mkdir: cannot create directory 't.no_ld_preload.dir/justafile': Invalid argument
[ 2780s] FAIL t.no_ld_preload (exit status: 1)
[ 2780s] 
[ 2780s] FAIL: t.tar
[ 2780s] ===========
[ 2780s] 
[ 2780s] tartest:
[ 2780s] mkdir: cannot create directory 't.tar.dir': Invalid argument
[ 2780s] FAIL t.tar (exit status: 1)
[ 2780s] 
[ 2780s] FAIL: t.xattr
[ 2780s] =============
[ 2780s] 
[ 2780s] Failed to set capabilities on file `t.xattr.dir/foo' (Invalid argument)
[ 2780s] usage: setcap [-q] [-v] [-n <rootid>] (-r|-|<caps>) <filename> [ ... (-r|-|<capsN>) <filenameN> ]
[ 2780s] 
[ 2780s]  Note <filename> must be a regular (non-symlink) file.
[ 2780s] Failed to get capabilities of file `t.xattr.dir/foo' (Invalid argument)
[ 2780s] FAIL t.xattr (exit status: 1)
[ 2780s] 
[ 2780s] ============================================================================
[ 2780s] Testsuite summary for fakeroot 1.25.2
[ 2780s] ============================================================================
[ 2780s] # TOTAL: 12
[ 2780s] # PASS:  6
[ 2780s] # SKIP:  0
[ 2780s] # XFAIL: 0
[ 2780s] # FAIL:  6
[ 2780s] # XPASS: 0
[ 2780s] # ERROR: 0
[ 2780s] ============================================================================
[ 2780s] See test/test-suite.log
[ 2780s] Please report to clint@debian.org
[ 2780s] ============================================================================
[ 2780s] make[3]: *** [Makefile:548: test-suite.log] Error 1
[ 2780s] make[3]: Leaving directory '/home/abuild/rpmbuild/BUILD/fakeroot-upstream-1.25.2/obj-sysv/test'
[ 2780s] make[2]: *** [Makefile:656: check-TESTS] Error 2
[ 2780s] make[2]: Leaving directory '/home/abuild/rpmbuild/BUILD/fakeroot-upstream-1.25.2/obj-sysv/test'
[ 2780s] make[1]: *** [Makefile:807: check-am] Error 2
[ 2780s] make[1]: Leaving directory '/home/abuild/rpmbuild/BUILD/fakeroot-upstream-1.25.2/obj-sysv/test'
[ 2780s] make: *** [Makefile:687: check-recursive] Error 1
[ 2780s] make: Leaving directory '/home/abuild/rpmbuild/BUILD/fakeroot-upstream-1.25.2/obj-sysv'
[ 2780s] error: Bad exit status from /var/tmp/rpm-tmp.rBo4V9 (%check)
[ 2780s] 
[ 2780s] 
[ 2780s] RPM build errors:
[ 2780s]     Bad exit status from /var/tmp/rpm-tmp.rBo4V9 (%check)
[ 2780s] 
[ 2780s] oe-RISCV-worker22 failed "build fakeroot.spec" at Fri Apr 15 08:46:33 UTC 2022.
[ 2780s] 
