[    0s] Memory limit set to 10955196KB
[    0s] Using BUILD_ROOT=/var/cache/obs/worker/root_2
[    0s] Using BUILD_ARCH=riscv64
[    0s] 
[    8s] 
[    8s] oe-RISCV-worker20 started "build _service:extract_file:gom.spec" at Sun Apr 24 07:23:13 UTC 2022.
[    8s] 
[    8s] Building gom for project 'openEuler:Mainline:RISC-V' repository 'advanced_riscv64' arch 'riscv64' srcmd5 'fb7be7e4f913c754a21c1fa4d0798b4e'
[    8s] 
[    8s] processing recipe /var/cache/obs/worker/root_2/.build-srcdir/_service:extract_file:gom.spec ...
[   15s] running changelog2spec --target rpm --file /var/cache/obs/worker/root_2/.build-srcdir/_service:extract_file:gom.spec
[   19s] init_buildsystem --configdir /var/run/obs/worker/2/build/configs --cachedir /var/cache/build --clean --rpmlist /var/cache/obs/worker/root_2/.build.rpmlist /var/cache/obs/worker/root_2/.build-srcdir/_service:extract_file:gom.spec build ...
[  169s] cycle: coreutils -> bash
[  169s]   breaking dependency coreutils -> bash
[  169s] cycle: coreutils -> info
[  169s]   breaking dependency coreutils -> info
[  169s] cycle: glibc -> filesystem -> coreutils
[  169s]   breaking dependency coreutils -> glibc
[  169s] cycle: glibc -> filesystem -> coreutils -> libacl
[  169s]   breaking dependency coreutils -> libacl
[  169s] cycle: glibc -> filesystem -> coreutils -> attr
[  169s]   breaking dependency coreutils -> attr
[  169s] cycle: coreutils -> libcap
[  169s]   breaking dependency coreutils -> libcap
[  169s] cycle: glibc -> filesystem -> coreutils -> openssl-libs
[  169s]   breaking dependency coreutils -> openssl-libs
[  169s] cycle: glibc -> filesystem -> coreutils -> libselinux
[  169s]   breaking dependency libselinux -> glibc
[  169s] cycle: glibc -> filesystem -> coreutils -> libselinux -> pcre2
[  169s]   breaking dependency pcre2 -> glibc
[  169s] cycle: glibc -> filesystem -> coreutils -> libselinux -> pcre2 -> readline
[  169s]   breaking dependency readline -> glibc
[  169s] cycle: glibc -> filesystem -> coreutils -> libselinux -> pcre2 -> readline -> ncurses-libs
[  169s]   breaking dependency filesystem -> coreutils
[  169s] cycle: glibc -> filesystem -> bash -> coreutils -> libselinux -> pcre2 -> readline -> ncurses-libs
[  169s]   breaking dependency filesystem -> bash
[  169s] cycle: perl-Carp -> perl-libs
[  169s]   breaking dependency perl-libs -> perl-Carp
[  169s] cycle: perl-libs -> perl-Exporter
[  169s]   breaking dependency perl-libs -> perl-Exporter
[  169s] cycle: perl-Carp -> perl-Exporter
[  169s]   breaking dependency perl-Exporter -> perl-Carp
[  169s] cycle: nss-util -> nss
[  169s]   breaking dependency nss -> nss-util
[  169s] cycle: nss-softokn -> nss-util -> nss
[  169s]   breaking dependency nss -> nss-softokn
[  169s] cycle: systemd -> cryptsetup -> device-mapper
[  169s]   breaking dependency systemd -> cryptsetup
[  169s] cycle: audit -> systemd -> pam
[  169s]   breaking dependency systemd -> pam
[  169s] [1/84] preinstalling dbus...
[  171s] [2/84] preinstalling libffi-devel...
[  172s] [3/84] preinstalling nodejs-source-map...
[  174s] [4/84] preinstalling python3-pip...
[  184s] [5/84] preinstalling python3-setuptools_scm...
[  185s] [6/84] preinstalling filesystem...
[  190s] [7/84] preinstalling glibc...
[  198s] [8/84] preinstalling libgcc...
[  200s] [9/84] preinstalling diffutils...
[  202s] [10/84] preinstalling libcap-ng...
[  204s] [11/84] preinstalling libgpg-error...
[  206s] [12/84] preinstalling libpcap...
[  208s] [13/84] preinstalling libsmartcols...
[  209s] [14/84] preinstalling libuuid...
[  211s] [15/84] preinstalling libxcrypt...
[  213s] [16/84] preinstalling lz4...
[  216s] [17/84] preinstalling m4...
[  217s] [18/84] preinstalling ncurses-libs...
[  219s] [19/84] preinstalling nspr...
[  221s] [20/84] preinstalling xz-libs...
[  222s] [21/84] preinstalling zlib...
[  224s] [22/84] preinstalling attr...
[  226s] [23/84] preinstalling libdb...
[  233s] [24/84] preinstalling zstd...
[  237s] [25/84] preinstalling audit-libs...
[  240s] [26/84] preinstalling file...
[  241s] [27/84] preinstalling iptables-libs...
[  243s] [28/84] preinstalling libacl...
[  245s] [29/84] preinstalling libgcrypt...
[  247s] [30/84] preinstalling openssl-libs...
[  250s] [31/84] preinstalling readline...
[  252s] [32/84] preinstalling ncurses...
[  263s] [33/84] preinstalling cmake...
[  284s] [34/84] preinstalling perl-libs...
[  289s] [35/84] preinstalling pcre2...
[  290s] [36/84] preinstalling perl-Exporter...
[  292s] [37/84] preinstalling pcre...
[  293s] [38/84] preinstalling acl...
[  294s] [39/84] preinstalling sqlite...
[  297s] [40/84] preinstalling libselinux...
[  298s] [41/84] preinstalling perl-Carp...
[  299s] [42/84] preinstalling perl-Digest-MD5...
[  300s] [43/84] preinstalling sed...
[  303s] [44/84] preinstalling coreutils...
[  309s] [45/84] preinstalling bash...
[  312s] [46/84] preinstalling openssl...
[  314s] [47/84] preinstalling dnf...
[  315s] [48/84] preinstalling bzip2...
[  317s] [49/84] preinstalling hostname...
[  319s] [50/84] preinstalling libcap...
[  321s] [51/84] preinstalling popt...
[  322s] [52/84] preinstalling elfutils...
[  325s] [53/84] preinstalling grep...
[  327s] [54/84] preinstalling libblkid...
[  329s] [55/84] preinstalling perl-constant...
[  330s] [56/84] preinstalling tar...
[  334s] [57/84] preinstalling info...
[  335s] [58/84] preinstalling libgcrypt-devel...
[  337s] [59/84] preinstalling lua...
[  338s] [60/84] preinstalling nss...
[  341s] [61/84] preinstalling chkconfig...
[  342s] [62/84] preinstalling copy-jdk-configs...
[  344s] [63/84] preinstalling libfdisk...
[  346s] [64/84] preinstalling libmount...
[  348s] [65/84] preinstalling libsemanage...
[  350s] [66/84] preinstalling nss-util...
[  352s] [67/84] preinstalling findutils...
[  355s] [68/84] preinstalling perl-Getopt-Long...
[  357s] [69/84] preinstalling xz...
[  360s] [70/84] preinstalling perl-Data-Dumper...
[  362s] [71/84] preinstalling systemd-libs...
[  364s] [72/84] preinstalling rpm-libs...
[  366s] [73/84] preinstalling dbus-libs...
[  368s] [74/84] preinstalling nss-softokn...
[  371s] [75/84] preinstalling glib2...
[  380s] [76/84] preinstalling systemd...
[  390s] [77/84] preinstalling audit...
[  392s] [78/84] preinstalling rpm...
[  395s] [79/84] preinstalling openEuler-rpm-config...
[  397s] [80/84] preinstalling pam...
[  400s] [81/84] preinstalling util-linux...
[  408s] [82/84] preinstalling device-mapper...
[  410s] [83/84] preinstalling cryptsetup...
[  413s] [84/84] preinstalling lvm2...
[  420s] 
[  424s] initializing rpm db...
[  449s] reordering...cycle: coreutils -> bash
[  449s]   breaking dependency coreutils -> bash
[  449s] cycle: coreutils -> info
[  449s]   breaking dependency coreutils -> info
[  449s] cycle: glibc -> basesystem -> filesystem -> coreutils -> gmp
[  449s]   breaking dependency coreutils -> gmp
[  449s] cycle: glibc -> basesystem -> filesystem -> coreutils
[  449s]   breaking dependency coreutils -> glibc
[  449s] cycle: glibc -> basesystem -> filesystem -> coreutils -> libacl
[  449s]   breaking dependency coreutils -> libacl
[  449s] cycle: glibc -> basesystem -> filesystem -> coreutils -> attr
[  449s]   breaking dependency coreutils -> attr
[  449s] cycle: coreutils -> libcap
[  449s]   breaking dependency coreutils -> libcap
[  449s] cycle: glibc -> basesystem -> filesystem -> coreutils -> openssl-libs
[  449s]   breaking dependency openssl-libs -> glibc
[  449s] cycle: coreutils -> openssl-libs -> ca-certificates
[  449s]   breaking dependency ca-certificates -> coreutils
[  449s] cycle: coreutils -> openssl-libs -> ca-certificates -> bash
[  449s]   breaking dependency ca-certificates -> bash
[  449s] cycle: coreutils -> openssl-libs -> ca-certificates -> grep
[  449s]   breaking dependency grep -> coreutils
[  449s] cycle: coreutils -> openssl-libs -> ca-certificates -> grep -> bash
[  449s]   breaking dependency ca-certificates -> grep
[  449s] cycle: glibc -> basesystem -> filesystem -> coreutils -> openssl-libs -> ca-certificates -> p11-kit
[  449s]   breaking dependency p11-kit -> glibc
[  449s] cycle: glibc -> basesystem -> filesystem -> coreutils -> openssl-libs -> ca-certificates -> p11-kit -> libffi
[  449s]   breaking dependency openssl-libs -> ca-certificates
[  449s] cycle: coreutils -> openssl-libs -> crypto-policies -> bash
[  449s]   breaking dependency crypto-policies -> bash
[  449s] cycle: coreutils -> openssl-libs -> crypto-policies
[  449s]   breaking dependency crypto-policies -> coreutils
[  449s] cycle: coreutils -> openssl-libs -> crypto-policies -> grep -> bash
[  449s]   breaking dependency bash -> coreutils
[  449s] cycle: filesystem -> coreutils -> openssl-libs -> crypto-policies -> grep -> bash
[  449s]   breaking dependency grep -> bash
[  449s] cycle: glibc -> basesystem -> filesystem -> coreutils -> openssl-libs -> crypto-policies -> grep
[  449s]   breaking dependency glibc -> basesystem
[  449s] cycle: glibc -> glibc-common -> bash -> filesystem -> coreutils -> openssl-libs -> crypto-policies -> grep
[  449s]   breaking dependency glibc-common -> bash
[  449s] cycle: glibc -> glibc-common -> coreutils -> openssl-libs -> crypto-policies -> grep
[  449s]   breaking dependency glibc-common -> coreutils
[  449s] cycle: glibc -> glibc-common
[  449s]   breaking dependency glibc-common -> glibc
[  449s] cycle: glibc -> glibc-common -> libselinux
[  449s]   breaking dependency libselinux -> glibc
[  449s] cycle: glibc -> glibc-common -> libselinux -> pcre2
[  449s]   breaking dependency pcre2 -> glibc
[  449s] cycle: glibc -> glibc-common -> libselinux -> pcre2 -> readline
[  449s]   breaking dependency readline -> glibc
[  449s] cycle: glibc -> glibc-common -> libselinux -> pcre2 -> readline -> ncurses-libs
[  449s]   breaking dependency libselinux -> pcre2
[  449s] cycle: glibc -> glibc-common -> libselinux -> libsepol -> coreutils -> openssl-libs -> crypto-policies -> grep
[  449s]   breaking dependency libsepol -> coreutils
[  449s] cycle: glibc -> glibc-common -> libselinux -> libsepol -> bash -> filesystem -> coreutils -> openssl-libs -> crypto-policies -> grep
[  449s]   breaking dependency filesystem -> coreutils
[  449s] cycle: bash -> filesystem
[  449s]   breaking dependency filesystem -> bash
[  449s] cycle: filesystem -> setup
[  449s]   breaking dependency filesystem -> setup
[  449s] cycle: glibc -> glibc-common -> libselinux -> libsepol -> bash
[  449s]   breaking dependency bash -> glibc
[  449s] cycle: glibc -> glibc-common -> libselinux -> libsepol -> bash -> ncurses-libs
[  449s]   breaking dependency libsepol -> bash
[  449s] cycle: glibc -> glibc-common -> libselinux -> libsepol
[  449s]   breaking dependency glibc -> glibc-common
[  449s] cycle: systemd -> cryptsetup -> device-mapper
[  449s]   breaking dependency systemd -> cryptsetup
[  449s] cycle: perl-libs -> perl-Carp
[  449s]   breaking dependency perl-libs -> perl-Carp
[  449s] cycle: perl-libs -> perl-Exporter
[  449s]   breaking dependency perl-libs -> perl-Exporter
[  449s] cycle: perl-Carp -> perl-Exporter
[  449s]   breaking dependency perl-Exporter -> perl-Carp
[  449s] cycle: perl -> perl-PathTools
[  449s]   breaking dependency perl -> perl-PathTools
[  449s] cycle: perl -> perl-ExtUtils-MakeMaker
[  449s]   breaking dependency perl -> perl-ExtUtils-MakeMaker
[  449s] cycle: perl -> perl-File-Path -> perl-PathTools
[  449s]   breaking dependency perl -> perl-File-Path
[  449s] cycle: perl -> perl-Getopt-Long -> perl-Pod-Usage
[  449s]   breaking dependency perl -> perl-Getopt-Long
[  449s] cycle: perl -> perl-Locale-Maketext
[  449s]   breaking dependency perl -> perl-Locale-Maketext
[  449s] cycle: perl -> perl-Pod-Simple
[  449s]   breaking dependency perl -> perl-Pod-Simple
[  449s] cycle: perl -> perl-Socket
[  449s]   breaking dependency perl -> perl-Socket
[  449s] cycle: perl -> perl-Storable
[  449s]   breaking dependency perl -> perl-Storable
[  449s] cycle: perl -> perl-Text-Tabs+Wrap
[  449s]   breaking dependency perl -> perl-Text-Tabs+Wrap
[  449s] cycle: perl -> perl-Time-Local -> perl-constant
[  449s]   breaking dependency perl -> perl-Time-Local
[  449s] cycle: perl -> perl-constant
[  449s]   breaking dependency perl -> perl-constant
[  449s] cycle: perl -> perl-threads
[  449s]   breaking dependency perl -> perl-threads
[  449s] cycle: perl -> perl-threads-shared
[  449s]   breaking dependency perl -> perl-threads-shared
[  449s] cycle: perl -> perl-Archive-Tar
[  449s]   breaking dependency perl -> perl-Archive-Tar
[  449s] cycle: perl -> perl-B-Debug
[  449s]   breaking dependency perl -> perl-B-Debug
[  449s] cycle: perl -> perl-CPAN-Meta -> perl-CPAN-Meta-Requirements
[  449s]   breaking dependency perl -> perl-CPAN-Meta
[  449s] cycle: perl -> perl-CPAN-Meta-Requirements
[  449s]   breaking dependency perl -> perl-CPAN-Meta-Requirements
[  449s] cycle: perl -> perl-CPAN-Meta-YAML
[  449s]   breaking dependency perl -> perl-CPAN-Meta-YAML
[  449s] cycle: perl -> perl-Compress-Raw-Bzip2
[  449s]   breaking dependency perl -> perl-Compress-Raw-Bzip2
[  449s] cycle: perl -> perl-Compress-Raw-Zlib
[  449s]   breaking dependency perl -> perl-Compress-Raw-Zlib
[  449s] cycle: perl -> perl-Config-Perl-V
[  449s]   breaking dependency perl -> perl-Config-Perl-V
[  449s] cycle: perl -> perl-DB_File
[  449s]   breaking dependency perl -> perl-DB_File
[  449s] cycle: perl -> perl-Data-Dumper
[  449s]   breaking dependency perl -> perl-Data-Dumper
[  449s] cycle: perl -> perl-Devel-PPPort
[  449s]   breaking dependency perl -> perl-Devel-PPPort
[  449s] cycle: perl -> perl-Digest -> perl-MIME-Base64
[  449s]   breaking dependency perl -> perl-Digest
[  449s] cycle: perl -> perl-Digest-MD5 -> perl-Digest -> perl-MIME-Base64
[  449s]   breaking dependency perl -> perl-Digest-MD5
[  449s] cycle: perl -> perl-Digest-SHA
[  449s]   breaking dependency perl -> perl-Digest-SHA
[  449s] cycle: perl -> perl-Encode
[  449s]   breaking dependency perl -> perl-Encode
[  449s] cycle: perl -> perl-Env
[  449s]   breaking dependency perl -> perl-Env
[  449s] cycle: perl -> perl-ExtUtils-Command
[  449s]   breaking dependency perl -> perl-ExtUtils-Command
[  449s] cycle: perl -> perl-ExtUtils-Install
[  449s]   breaking dependency perl -> perl-ExtUtils-Install
[  449s] cycle: perl -> perl-ExtUtils-Manifest
[  449s]   breaking dependency perl -> perl-ExtUtils-Manifest
[  449s] cycle: perl -> perl-ExtUtils-ParseXS
[  449s]   breaking dependency perl -> perl-ExtUtils-ParseXS
[  449s] cycle: perl -> perl-File-Fetch -> perl-PathTools
[  449s]   breaking dependency perl -> perl-File-Fetch
[  449s] cycle: perl -> perl-File-Temp -> perl-PathTools
[  449s]   breaking dependency perl -> perl-File-Temp
[  449s] cycle: perl -> perl-Filter
[  449s]   breaking dependency perl -> perl-Filter
[  449s] cycle: perl -> perl-Filter-Simple -> perl-Filter
[  449s]   breaking dependency perl -> perl-Filter-Simple
[  449s] cycle: perl -> perl-HTTP-Tiny
[  449s]   breaking dependency perl -> perl-HTTP-Tiny
[  449s] cycle: perl -> perl-IO-Compress
[  449s]   breaking dependency perl -> perl-IO-Compress
[  449s] cycle: perl -> perl-IO-Socket-IP
[  449s]   breaking dependency perl -> perl-IO-Socket-IP
[  449s] cycle: perl -> perl-IPC-Cmd -> perl-ExtUtils-MakeMaker
[  449s]   breaking dependency perl -> perl-IPC-Cmd
[  449s] cycle: perl -> perl-IPC-SysV
[  449s]   breaking dependency perl -> perl-IPC-SysV
[  449s] cycle: perl -> perl-JSON-PP
[  449s]   breaking dependency perl -> perl-JSON-PP
[  449s] cycle: perl -> perl-Locale-Codes -> perl-constant
[  449s]   breaking dependency perl -> perl-Locale-Codes
[  449s] cycle: perl -> perl-MIME-Base64
[  449s]   breaking dependency perl -> perl-MIME-Base64
[  449s] cycle: perl -> perl-Math-BigInt
[  449s]   breaking dependency perl -> perl-Math-BigInt
[  449s] cycle: perl -> perl-Math-BigInt-FastCalc -> perl-Math-BigInt
[  449s]   breaking dependency perl -> perl-Math-BigInt-FastCalc
[  449s] cycle: perl -> perl-Math-BigRat -> perl-Math-BigInt
[  449s]   breaking dependency perl -> perl-Math-BigRat
[  449s] cycle: perl -> perl-Module-CoreList
[  449s]   breaking dependency perl -> perl-Module-CoreList
[  449s] cycle: perl -> perl-Module-Load -> perl-PathTools
[  449s]   breaking dependency perl -> perl-Module-Load
[  449s] cycle: perl -> perl-Module-Load-Conditional
[  449s]   breaking dependency perl -> perl-Module-Load-Conditional
[  449s] cycle: perl -> perl-Module-Metadata
[  449s]   breaking dependency perl -> perl-Module-Metadata
[  449s] cycle: perl -> perl-Params-Check
[  449s]   breaking dependency perl -> perl-Params-Check
[  449s] cycle: perl -> perl-PerlIO-via-QuotedPrint -> perl-MIME-Base64
[  449s]   breaking dependency perl -> perl-PerlIO-via-QuotedPrint
[  449s] cycle: perl -> perl-Pod-Checker
[  449s]   breaking dependency perl -> perl-Pod-Checker
[  449s] cycle: perl -> perl-Pod-Escapes
[  449s]   breaking dependency perl -> perl-Pod-Escapes
[  449s] cycle: perl -> perl-Pod-Parser
[  449s]   breaking dependency perl -> perl-Pod-Parser
[  449s] cycle: perl -> perl-Pod-Perldoc
[  449s]   breaking dependency perl -> perl-Pod-Perldoc
[  449s] cycle: perl -> perl-Pod-Usage
[  449s]   breaking dependency perl -> perl-Pod-Usage
[  449s] cycle: perl -> perl-Sys-Syslog
[  449s]   breaking dependency perl -> perl-Sys-Syslog
[  449s] cycle: perl -> perl-Term-Cap
[  449s]   breaking dependency perl -> perl-Term-Cap
[  449s] cycle: perl -> perl-Test-Harness
[  449s]   breaking dependency perl -> perl-Test-Harness
[  449s] cycle: perl -> perl-Test-Simple
[  449s]   breaking dependency perl -> perl-Test-Simple
[  449s] cycle: perl -> perl-Text-Balanced
[  449s]   breaking dependency perl -> perl-Text-Balanced
[  449s] cycle: perl -> perl-Thread-Queue -> perl-threads-shared
[  449s]   breaking dependency perl -> perl-Thread-Queue
[  449s] cycle: perl -> perl-Unicode-Collate -> perl-PathTools
[  449s]   breaking dependency perl -> perl-Unicode-Collate
[  449s] cycle: perl -> perl-autodie
[  449s]   breaking dependency perl -> perl-autodie
[  449s] cycle: perl -> perl-bignum -> perl-Math-BigInt
[  449s]   breaking dependency perl -> perl-bignum
[  449s] cycle: perl -> perl-devel
[  449s]   breaking dependency perl -> perl-devel
[  449s] cycle: perl -> perl-Encode-devel
[  449s]   breaking dependency perl -> perl-Encode-devel
[  449s] cycle: perl -> perl-experimental
[  449s]   breaking dependency perl -> perl-experimental
[  449s] cycle: perl -> perl-libnet -> perl-Digest-MD5 -> perl-Digest -> perl-MIME-Base64
[  449s]   breaking dependency perl -> perl-libnet
[  449s] cycle: perl -> perl-podlators
[  449s]   breaking dependency perl -> perl-podlators
[  449s] cycle: perl -> perl-version
[  449s]   breaking dependency perl -> perl-version
[  449s] cycle: glib2 -> gamin
[  449s]   breaking dependency glib2 -> gamin
[  449s] cycle: systemd -> gnutls -> unbound-libs -> shadow -> pam -> audit
[  449s]   breaking dependency systemd -> gnutls
[  449s] cycle: systemd -> pam -> audit
[  449s]   breaking dependency systemd -> pam
[  449s] cycle: systemd -> shadow -> pam -> audit
[  449s]   breaking dependency systemd -> shadow
[  449s] cycle: pam -> libpwquality
[  449s]   breaking dependency pam -> libpwquality
[  449s] cycle: perl-Getopt-Long -> perl-Pod-Usage
[  449s]   breaking dependency perl-Pod-Usage -> perl-Getopt-Long
[  449s] cycle: perl-Getopt-Long -> perl-Pod-Usage -> perl-podlators -> perl-Encode
[  449s]   breaking dependency perl-podlators -> perl-Encode
[  449s] cycle: perl-Getopt-Long -> perl-Pod-Usage -> perl-podlators
[  449s]   breaking dependency perl-podlators -> perl-Getopt-Long
[  449s] cycle: perl-Getopt-Long -> perl-Pod-Usage -> perl-podlators -> perl-Pod-Simple -> perl-Encode
[  449s]   breaking dependency perl-Encode -> perl-Getopt-Long
[  449s] cycle: perl-Getopt-Long -> perl-Pod-Usage -> perl-podlators -> perl-Pod-Simple
[  449s]   breaking dependency perl-podlators -> perl-Pod-Simple
[  449s] cycle: perl-Pod-Usage -> perl-podlators
[  449s]   breaking dependency perl-podlators -> perl-Pod-Usage
[  449s] cycle: groff -> perl-Getopt-Long -> perl-Pod-Usage -> perl-Pod-Perldoc
[  449s]   breaking dependency groff -> perl-Getopt-Long
[  449s] cycle: libxcrypt-devel -> glibc-devel
[  449s]   breaking dependency glibc-devel -> libxcrypt-devel
[  449s] cycle: cmake-data -> cmake
[  449s]   breaking dependency cmake -> cmake-data
[  449s] cycle: nss-util -> nss
[  449s]   breaking dependency nss -> nss-util
[  449s] cycle: nss-softokn -> nss-util -> nss
[  449s]   breaking dependency nss -> nss-softokn
[  449s] cycle: perl-Getopt-Long -> perl-Pod-Usage -> perl-Pod-Perldoc -> perl-Pod-Simple
[  449s]   breaking dependency perl-Pod-Perldoc -> perl-Pod-Simple
[  449s] cycle: openssh -> openssh-server
[  449s]   breaking dependency openssh-server -> openssh
[  449s] cycle: git -> perl-Git
[  449s]   breaking dependency git -> perl-Git
[  449s] cycle: perl-ExtUtils-Install -> perl-ExtUtils-MakeMaker
[  449s]   breaking dependency perl-ExtUtils-MakeMaker -> perl-ExtUtils-Install
[  451s] done
[  451s] querying package ids...
[  516s] [1/398] installing cmake-filesystem-3.22.0-1.oe1
[  518s] [2/398] installing fonts-filesystem-2.0.2-2.oe1
[  519s] [3/398] installing fuse-common-3.9.2-5.oe1
[  520s] [4/398] installing kernel-headers-5.10-3.oe1
[  530s] [5/398] installing libreport-filesystem-2.13.1-5.oe1
[  532s] [6/398] installing ncurses-base-6.1-14.oe1
[  535s] [7/398] installing openEuler-gpg-keys-1.0-2.5.oe1
[  537s] [8/398] installing python-setuptools-59.4.0-3.oe1
[  538s] [9/398] installing qt5-srpm-macros-5.15.2-1.oe1
[  539s] [10/398] installing tzdata-2021a-2.oe1
[  554s] [11/398] installing dnf-data-4.10.0-1.oe1
[  556s] [12/398] installing openEuler-repos-1.0-2.5.oe1
[  557s] [13/398] installing wqy-zenhei-fonts-0.9.46-21.oe1
[  568s] [14/398] installing openEuler-release-20.03LTS-40.oe1
[  570s] [15/398] installing filesystem-3.9-3.oe1
[  584s] warning: group mail does not exist - using root
[  584s] [16/398] installing emacs-filesystem-1:27.1-5.oe1
[  585s] [17/398] installing libgcc-10.3.1-10.oe1
[  586s] [18/398] installing vim-filesystem-2:8.2-4.oe1
[  588s] [19/398] installing setup-2.13.3-4.oe1
[  590s] [20/398] installing glibc-2.34-74.oe1
[  597s] [21/398] installing brotli-1.0.9-2.oe1
[  600s] [22/398] installing chrpath-0.16-12.oe1
[  603s] [23/398] installing cpio-2.13-4.oe1
[  605s] [24/398] installing diffutils-3.7-4.oe1
[  609s] [25/398] installing expat-2.2.10-1.oe1
[  610s] [26/398] installing gpm-libs-1.20.7-21.oe1
[  612s] [27/398] installing jbigkit-libs-2.1-17.oe1
[  614s] [28/398] installing json-c-0.15-1.oe1
[  615s] [29/398] installing keyutils-libs-1.6.3-3.oe1
[  616s] [30/398] installing libICE-1.0.10-2.oe1
[  617s] [31/398] installing libXau-1.0.9-2.oe1
[  619s] [32/398] installing libaio-0.3.112-1.oe1
[  620s] [33/398] installing libargon2-20190702-1.oe1
[  621s] [34/398] installing libatomic-10.3.1-10.oe1
[  622s] [35/398] installing libcap-ng-0.7.11-1.oe1
[  624s] [36/398] installing libev-4.24-11.oe1
[  625s] [37/398] installing libffi-3.3-31.oe1
[  626s] [38/398] installing libgomp-10.3.1-10.oe1
[  629s] [39/398] installing libgpg-error-1.41-1.oe1
[  631s] [40/398] installing libjpeg-turbo-2.0.6-1.oe1
[  632s] [41/398] installing libnghttp2-1.42.0-1.oe1
[  635s] [42/398] installing libpcap-14:1.9.1-7.oe1
[  637s] [43/398] installing libpipeline-1.5.3-1.oe1
[  638s] [44/398] installing libsigsegv-2.11-10.oe1
[  639s] [45/398] installing libsmartcols-2.36.1-3.oe1
[  641s] [46/398] installing libtasn1-4.16.0-2.oe1
[  642s] [47/398] installing libtool-ltdl-2.4.6-34.oe1
[  644s] [48/398] installing libunistring-0.9.10-8.oe1
[  646s] [49/398] installing libuuid-2.36.1-3.oe1
[  649s] [50/398] installing libuv-1:1.40.0-1.oe1
[  652s] [51/398] installing libxcrypt-4.4.8-4.oe1
[  654s] [52/398] installing libyaml-0.2.5-1.oe1
[  655s] [53/398] installing lz4-1.9.3-1.oe1
[  657s] [54/398] installing m4-1.4.18-14.oe1
[  660s] [55/398] installing nspr-4.32.0-1.oe1
[  662s] [56/398] installing pixman-0.38.0-1.oe1
[  663s] [57/398] installing pkgconf-1.7.3-1.oe1
[  665s] [58/398] installing rhash-1.3.5-5.oe1
[  667s] [59/398] installing which-2.21-14.oe1
[  668s] [60/398] installing xz-libs-5.2.5-1.oe1
[  669s] [61/398] installing zlib-1.2.11-18.oe1
[  671s] [62/398] installing attr-2.4.48-12.oe1
[  672s] [63/398] installing basesystem-12-2.oe1
[  673s] [64/398] installing libstdc++-10.3.1-10.oe1
[  676s] [65/398] installing ncurses-libs-6.1-14.oe1
[  678s] [66/398] installing libsepol-3.1-4.oe1
[  681s] [67/398] installing libstdc++-devel-10.3.1-10.oe1
[  692s] [68/398] installing audit-libs-1:3.0-2.oe1
[  693s] [69/398] installing file-libs-5.39-6.oe1
[  697s] [70/398] installing gmp-1:6.2.1-1.oe1
[  699s] [71/398] installing iptables-libs-1.8.1-4.oe1
[  700s] [72/398] installing less-563-2.oe1
[  701s] [73/398] installing libacl-2.2.53-7.oe1
[  703s] [74/398] installing libassuan-2.5.4-1.oe1
[  704s] [75/398] installing libedit-3.1-27.oe1
[  706s] [76/398] installing libffi-devel-3.3-31.oe1
[  707s] [77/398] installing libgcrypt-1.8.7-1.oe1
[  709s] [78/398] installing libpng-2:1.6.37-1.oe1
[  710s] [79/398] installing libsepol-devel-3.1-4.oe1
[  714s] [80/398] installing libxcb-1.14-1.oe1
[  717s] [81/398] installing readline-8.0-2.oe1
[  722s] [82/398] installing zlib-devel-1.2.11-18.oe1
[  723s] [83/398] installing fuse-2.9.9-6.oe1
[  725s] [84/398] installing gc-8.0.4-2.oe1
[  728s] [85/398] installing libSM-1.2.3-2.oe1
[  731s] [86/398] installing libdb-5.3.28-35.oe1
[  737s] [87/398] installing libselinux-3.1-3.oe1
[  739s] [88/398] installing libxml2-2.9.12-5.oe1
[  742s] [89/398] installing bash-5.1-1.oe1
[  746s] [90/398] installing perl-libs-4:5.28.0-435.oe1
[  754s] [91/398] installing zstd-1.4.8-2.oe1
[  757s] [92/398] installing ncurses-6.1-14.oe1
[  771s] [93/398] installing ninja-build-1.8.2-9.oe1
[  772s] [94/398] installing thin-provisioning-tools-0.8.5-1.oe1
[  775s] [95/398] installing libtiff-4.2.0-1.oe1
[  777s] [96/398] installing perl-parent-1:0.237-4.oe1
[  778s] [97/398] installing perl-perlfaq-5.20180915-5.oe1
[  780s] [98/398] installing libX11-1.6.9-2.oe1
[  785s] [99/398] installing libtiff-devel-4.2.0-1.oe1
[  788s] [100/398] installing mpfr-4.1.0-2.oe1
[  790s] [101/398] installing nettle-3.6-6.oe1
[  793s] [102/398] installing pcre2-10.36-1.oe1
[  795s] [103/398] installing perl-Exporter-5.74-1.oe1
[  797s] [104/398] installing file-5.39-6.oe1
[  798s] [105/398] installing gdbm-1:1.18.1-1.oe1
[  801s] [106/398] installing patch-2.7.6-12.oe1
[  804s] [107/398] installing qrencode-4.1.1-1
[  806s] [108/398] installing sed-4.8-2.oe1
[  807s] [109/398] installing acl-2.2.53-7.oe1
[  809s] [110/398] installing libcomps-0.1.15-1.oe1
[  811s] [111/398] installing pcre-8.44-1.oe1
[  813s] [112/398] installing glibc-common-2.34-74.oe1
[  830s] [113/398] installing crontabs-1.11-21.oe1
[  831s] [114/398] installing libXext-1.3.4-2.oe1
[  835s] [115/398] installing libXpm-3.5.12-11.oe1
[  837s] [116/398] installing libXrender-0.9.10-10.oe1
[  839s] [117/398] installing perl-Carp-1.50-418.oe1
[  841s] [118/398] installing perl-Perl-OSType-1.010-421.oe1
[  842s] [119/398] installing perl-Term-ANSIColor-4.06-511.oe1
[  845s] [120/398] installing libmpc-1.2.0-2.oe1
[  847s] [121/398] installing grep-3.6-1.oe1
[  850s] [122/398] installing libXt-1.2.0-0.oe1
[  852s] [123/398] installing gawk-5.1.0-1.oe1
[  855s] [124/398] installing perl-Text-ParseWords-3.30-419.oe1
[  856s] [125/398] installing crypto-policies-20180925-3.git71ca85f.oe1
[  865s] [126/398] installing libXmu-1.1.3-1.oe1
[  867s] [127/398] installing cpp-10.3.1-10.oe1
[  880s] [128/398] installing openssl-libs-1:1.1.1f-2.oe1
[  884s] [129/398] installing libXaw-1.0.13-13.oe1
[  886s] [130/398] installing ima-evm-utils-libs-1.2.1-8.oe1
[  889s] [131/398] installing libevent-2.1.12-4
[  893s] [132/398] installing kmod-libs-27-4.oe1
[  895s] [133/398] installing kmod-27-4.oe1
[  897s] [134/398] installing nodejs-libs-1:16.10.0-1.oe1
[  951s] [135/398] installing coreutils-8.31-4.oe1
[  959s] [136/398] installing publicsuffix-list-20200718-1.oe1
[  961s] [137/398] installing uname-build-checks-1.0-0.4.oe1
[  963s] [138/398] installing bzip2-1.0.8-3.oe1
[  967s] [139/398] installing gzip-1.10-1.oe1
[  969s] [140/398] installing hostname-3.21-2.oe1
[  971s] [141/398] installing libcap-2.32-2.oe1
[  973s] [142/398] installing libseccomp-2.4.3-2.oe1
[  976s] [143/398] installing npth-1.5-7.oe1
[  979s] [144/398] installing popt-1.18-1.oe1
[  982s] [145/398] installing sgml-common-0.6.3-51.oe1
[  984s] [146/398] installing fipscheck-1.5.0-7.oe1
[  987s] [147/398] installing libblkid-2.36.1-3.oe1
[  990s] [148/398] installing libidn2-2.3.0-1.oe1
[  992s] [149/398] installing libksba-1.3.5-12.oe1
[  995s] [150/398] installing pcre-devel-8.44-1.oe1
[  998s] [151/398] installing pcre2-devel-10.36-1.oe1
[ 1002s] [152/398] installing tar-2:1.32-3.oe1
[ 1006s] [153/398] installing tcl-1:8.6.10-3.oe1
[ 1012s] [154/398] installing elfutils-0.185-5.oe1
[ 1017s] Couldn't write '0' to 'kernel/yama/ptrace_scope', ignoring: No such file or directory
[ 1017s] [155/398] installing info-6.7-2.oe1
[ 1019s] [156/398] installing jsoncpp-1.9.4-1.oe1
[ 1021s] [157/398] installing libgpg-error-devel-1.41-1.oe1
[ 1025s] [158/398] installing lua-5.3.5-6.oe1
[ 1027s] [159/398] installing slang-2.3.2-8.oe1
[ 1031s] [160/398] installing xz-5.2.5-1.oe1
[ 1033s] [161/398] installing glibc-devel-2.34-74.oe1
[ 1047s] [162/398] installing libxslt-1.1.32-7.oe1
[ 1050s] [163/398] installing perl-Scalar-List-Utils-3:1.52-2.oe1
[ 1052s] [164/398] installing perl-Time-HiRes-1.9760-2.oe1
[ 1054s] [165/398] installing perl-Unicode-Normalize-1.26-419.oe1
[ 1056s] [166/398] installing libpng-devel-2:1.6.37-1.oe1
[ 1059s] [167/398] installing systemd-libs-243-22.oe1
[ 1062s] [168/398] installing guile-5:2.0.14-15.oe1
[ 1071s] [169/398] installing dbus-libs-1:1.12.20-3.oe1
[ 1073s] [170/398] installing zip-3.0-29.oe1
[ 1075s] [171/398] installing libfdisk-2.36.1-3.oe1
[ 1078s] [172/398] installing libxcrypt-devel-4.4.8-4.oe1
[ 1080s] [173/398] installing newt-0.52.21-4.oe1
[ 1084s] [174/398] installing p11-kit-0.23.22-1.oe1
[ 1087s] [175/398] installing procps-ng-3.3.16-15.oe1
[ 1090s] [176/398] installing libmount-2.36.1-3.oe1
[ 1098s] [177/398] installing libselinux-devel-3.1-3.oe1
[ 1102s] [178/398] installing lua-posix-33.3.1-12.oe1
[ 1106s] [179/398] installing unzip-6.0-47.oe1
[ 1108s] [180/398] installing cracklib-2.9.7-6.oe1
[ 1116s] [181/398] installing docbook-dtds-1.0-78.oe1
[ 1143s] [182/398] installing e2fsprogs-1.45.6-3.oe1
[ 1149s] [183/398] installing findutils-2:4.7.0-7.oe1
[ 1152s] [184/398] installing libsemanage-3.1-4.oe1
[ 1154s] [185/398] installing make-1:4.2.1-15.oe1
[ 1156s] [186/398] installing sqlite-3.24.0-9.oe1
[ 1159s] [187/398] installing logrotate-3.15.1-2.oe1
[ 1161s] [188/398] installing opensp-1.5.2-31.oe1
[ 1166s] [189/398] installing freetype-2.10.2-3.oe1
[ 1171s] [190/398] installing libgcrypt-devel-1.8.7-1.oe1
[ 1173s] [191/398] installing gnupg2-2.2.27-2.oe1
[ 1180s] [192/398] installing libarchive-3.5.1-1.oe1
[ 1183s] [193/398] installing rpm-libs-4.15.1-25.oe1
[ 1185s] [194/398] installing dbus-tools-1:1.12.20-3.oe1
[ 1187s] [195/398] installing sqlite-devel-3.24.0-9.oe1
[ 1189s] [196/398] installing copy-jdk-configs-4.0-1.oe1
[ 1192s] [197/398] installing gpgme-1.15.1-1.oe1
[ 1197s] [198/398] installing obs-env-1.0-5.oe1
[ 1207s] [199/398] installing chkconfig-1.14-2.oe1
[ 1210s] [200/398] installing docbook-style-xsl-1.79.2-9.oe1
[ 1227s] [201/398] installing openjade-1.3.2-60.oe1
[ 1237s] [202/398] installing fontconfig-2.13.92-1.oe1
[ 1244s] [203/398] installing glib2-2.66.8-1.oe1
[ 1253s] [204/398] installing libcroco-0.6.12-13.oe1
[ 1255s] [205/398] installing gamin-0.1.10-38.oe1
[ 1257s] [206/398] installing libsecret-0.18.6-5.oe1
[ 1260s] [207/398] installing libverto-0.3.1-2.oe1
[ 1267s] [208/398] installing gobject-introspection-1.66.1-1.oe1
[ 1271s] [209/398] installing libXft-2.3.3-1.oe1
[ 1273s] [210/398] installing libmodulemd-2.13.0-1.oe1
[ 1275s] [211/398] installing shared-mime-info-1.10-4.oe1
[ 1300s] [212/398] installing binutils-2.37-6.oe1
[ 1312s] [213/398] installing babeltrace-1.5.8-1.oe1
[ 1315s] [214/398] installing p11-kit-trust-0.23.22-1.oe1
[ 1317s] [215/398] installing cairo-1.16.0-6.fc32
[ 1319s] [216/398] installing ca-certificates-2020.2.46-2.oe1
[ 1331s] [217/398] installing gdk-pixbuf2-2.42.6-1.oe1
[ 1334s] [218/398] installing tk-1:8.6.10-2.oe1
[ 1338s] [219/398] installing gettext-0.20.1-2.oe1
[ 1344s] [220/398] installing krb5-libs-1.18.2-3.oe1
[ 1347s] [221/398] installing cairo-gobject-1.16.0-6.fc32
[ 1349s] [222/398] installing gcc-10.3.1-10.oe1
[ 1376s] [223/398] installing python-pip-wheel-19.2.3-2.fc32
[ 1379s] [224/398] installing libtirpc-1.3.1-1.oe1
[ 1381s] [225/398] installing cyrus-sasl-lib-2.1.27-10.oe1
[ 1382s] [226/398] installing libssh-0.9.5-1.oe1
[ 1385s] [227/398] installing gcc-c++-10.3.1-10.oe1
[ 1399s] [228/398] installing elinks-0.12-1.oe1
[ 1403s] [229/398] installing openldap-2.4.46-15.oe1
[ 1405s] [230/398] installing libnsl2-1.3.0-2.oe1
[ 1408s] [231/398] installing python3-3.8.5-13.oe1
[ 1437s] [232/398] installing python3-parameterized-0.6.1-9.fc32
[ 1440s] [233/398] installing python3-pyparsing-2.4.5-1.fc32
[ 1442s] [234/398] installing python3-setuptools-59.4.0-3.oe1
[ 1448s] [235/398] installing python3-setuptools_scm-3.3.3-6.fc32
[ 1450s] [236/398] installing python3-six-1.16.0-2.oe1
[ 1453s] [237/398] installing python3-markupsafe-1.1.1-4.fc32
[ 1455s] [238/398] installing python3-cairo-1.18.2-1
[ 1458s] [239/398] installing python3-gpgme-1.15.1-1.oe1
[ 1461s] [240/398] installing python3-lxml-4.4.1-3.fc32
[ 1471s] [241/398] installing python3-gobject-base-3.42.0-2.oe1
[ 1475s] [242/398] installing python3-libcomps-0.1.15-1.oe1
[ 1478s] [243/398] installing libpsl-0.21.1-1.oe1
[ 1481s] [244/398] installing gdb-headless-9.2-5.oe1
[ 1487s] [245/398] installing python3-anytree-2.7.2-2.fc32
[ 1490s] [246/398] installing python3-pygments-2.4.2-6.fc32
[ 1496s] [247/398] installing systemtap-sdt-devel-4.1-3.oe1
[ 1498s] [248/398] installing gdb-9.2-5.oe1
[ 1500s] [249/398] installing meson-0.59.4-1.oe1
[ 1508s] [250/398] installing python3-mako-1.1.0-4.fc32
[ 1511s] [251/398] installing python3-pip-19.2.3-2.fc32
[ 1521s] [252/398] installing python3-rpm-generators-10-2.fc32
[ 1523s] [253/398] installing python3-gobject-3.42.0-2.oe1
[ 1524s] [254/398] installing libcurl-7.79.1-1.oe1
[ 1527s] [255/398] installing curl-7.79.1-1.oe1
[ 1528s] [256/398] installing librepo-1.14.2-2.oe1
[ 1531s] [257/398] installing rpm-4.15.1-25.oe1
[ 1536s] [258/398] installing efi-srpm-macros-4-3.oe1
[ 1538s] [259/398] installing cmake-rpm-macros-3.22.0-1.oe1
[ 1540s] [260/398] installing libsolv-0.7.20-1.oe1
[ 1543s] [261/398] installing python3-rpm-4.15.1-25.oe1
[ 1545s] [262/398] installing openEuler-rpm-config-30-22.oe1
[ 1547s] [263/398] installing cmake-3.22.0-1.oe1
[ 1563s] [264/398] installing libdnf-0.65.0-2.oe1
[ 1567s] [265/398] installing cmake-data-3.22.0-1.oe1
[ 1587s] [266/398] installing python3-devel-3.8.5-13.oe1
[ 1632s] [267/398] installing python3-libdnf-0.65.0-2.oe1
[ 1636s] [268/398] installing perl-4:5.28.0-435.oe1
[ 1645s] [269/398] installing perl-B-Debug-1.26-4.oe1
[ 1649s] [270/398] installing perl-Env-1.04-397.oe1
[ 1652s] [271/398] installing perl-Devel-PPPort-3.42-4.oe1
[ 1654s] [272/398] installing perl-Pod-Escapes-1:1.07-419.oe1
[ 1656s] [273/398] installing perl-Text-Tabs+Wrap-2013.0523-419.oe1
[ 1661s] [274/398] installing perl-Algorithm-Diff-1.1903-14.oe1
[ 1663s] [275/398] installing perl-Params-Check-1:0.38-418.oe1
[ 1666s] [276/398] installing perl-Term-Cap-1.17-510.oe1
[ 1669s] [277/398] installing perl-TermReadKey-2.38-2.oe1
[ 1672s] [278/398] installing perl-Text-Balanced-2.03-420.oe1
[ 1674s] [279/398] installing perl-threads-1:2.22-419.oe1
[ 1677s] [280/398] installing openssl-1:1.1.1f-2.oe1
[ 1680s] [281/398] installing perl-Config-Perl-V-0.30-5.oe1
[ 1683s] [282/398] installing perl-Error-1:0.17029-1.oe1
[ 1685s] [283/398] installing perl-Filter-2:1.59-2.oe1
[ 1689s] [284/398] installing perl-IPC-SysV-2.07-5.oe1
[ 1691s] [285/398] installing perl-Locale-Maketext-1:1.28-1.oe1
[ 1694s] [286/398] installing perl-SGMLSpm-1.03ii-45.oe1
[ 1697s] [287/398] installing perl-constant-1.33-421.oe1
[ 1700s] [288/398] installing docbook-style-dsssl-1.79-27.oe1
[ 1712s] [289/398] installing perl-MIME-Base64-3.15-418.oe1
[ 1715s] [290/398] installing perl-CPAN-Meta-YAML-0.018-420.oe1
[ 1719s] [291/398] installing perl-Socket-4:2.029-2.oe1
[ 1725s] [292/398] installing perl-Storable-1:3.15-2.oe1
[ 1729s] [293/398] installing python3-hawkey-0.65.0-2.oe1
[ 1732s] [294/398] installing perl-PerlIO-via-QuotedPrint-0.08-397.oe1
[ 1735s] [295/398] installing perl-Digest-1.17-419.oe1
[ 1737s] [296/398] installing perl-Filter-Simple-1:0.94-1.oe1
[ 1739s] [297/398] installing perl-IO-Socket-IP-0.39-420.oe1
[ 1741s] [298/398] installing perl-Text-Diff-1.45-7.oe1
[ 1743s] [299/398] installing perl-Time-Local-2:1.280-6.oe1
[ 1747s] [300/398] installing perl-version-8:0.99.24-3.oe1
[ 1751s] [301/398] installing perl-IPC-System-Simple-1.25-19.oe1
[ 1754s] [302/398] installing perl-threads-shared-1.59-2.oe1
[ 1758s] [303/398] installing perl-Compress-Raw-Bzip2-2.100-1.oe1
[ 1761s] [304/398] installing perl-Compress-Raw-Zlib-1:2.100-1.oe1
[ 1764s] [305/398] installing perl-Locale-Codes-3.58-2.oe1
[ 1769s] [306/398] installing perl-Math-BigInt-1:1.9998.13-5.oe1
[ 1773s] [307/398] installing perl-PathTools-3.75-4.oe1
[ 1775s] [308/398] installing python3-dnf-4.10.0-1.oe1
[ 1781s] [309/398] installing perl-Data-Dumper-2.172-3.oe1
[ 1784s] [310/398] installing perl-Sys-Syslog-0.35-420.oe1
[ 1788s] [311/398] installing perl-Encode-4:2.98-9.oe1
[ 1796s] [312/398] installing autogen-5.18.16-1.oe1
[ 1801s] [313/398] installing nodejs-1:16.10.0-1.oe1
[ 1806s] [314/398] installing systemd-243-22.oe1
[ 1830s] /var/tmp/rpm-tmp.TDcZYE: line 8: groupadd: command not found
[ 1830s] /var/tmp/rpm-tmp.TDcZYE: line 10: groupadd: command not found
[ 1830s] /var/tmp/rpm-tmp.TDcZYE: line 13: groupadd: command not found
[ 1830s] /var/tmp/rpm-tmp.TDcZYE: line 16: groupadd: command not found
[ 1830s] [315/398] installing dbus-common-1:1.12.20-3.oe1
[ 1833s] [316/398] installing nodejs-source-map-0.5.6-1.oe1
[ 1836s] [317/398] installing perl-Module-Load-1:0.32-418.oe1
[ 1839s] [318/398] installing nodejs-packaging-20-1.oe1
[ 1846s] [319/398] installing dnf-4.10.0-1.oe1
[ 1850s] Failed to preset unit, unit dnf-automatic.timer does not exist.
[ 1850s] Failed to preset unit, unit dnf-automatic-notifyonly.timer does not exist.
[ 1850s] Failed to preset unit, unit dnf-automatic-download.timer does not exist.
[ 1850s] Failed to preset unit, unit dnf-automatic-install.timer does not exist.
[ 1850s] [320/398] installing perl-File-Which-1.23-1.oe1
[ 1853s] [321/398] installing perl-Thread-Queue-3.13-3.oe1
[ 1855s] [322/398] installing perl-experimental-0.020-2.oe1
[ 1857s] [323/398] installing perl-Digest-MD5-2.55-419.oe1
[ 1861s] [324/398] installing perl-File-Path-2.16-4.oe1
[ 1863s] [325/398] installing perl-Math-BigInt-FastCalc-0.500.700-4.oe1
[ 1870s] [326/398] installing perl-Module-Metadata-1.000036-3.oe1
[ 1872s] [327/398] installing perl-CPAN-Meta-Requirements-2.140-419.oe1
[ 1875s] [328/398] installing perl-Encode-devel-4:2.98-9.oe1
[ 1878s] [329/398] installing perl-HTTP-Tiny-0.076-3.oe1
[ 1880s] [330/398] installing perl-Math-BigRat-0.2614-2.oe1
[ 1885s] [331/398] installing audit-1:3.0-2.oe1
[ 1890s] [332/398] installing perl-DB_File-1.842-2.oe1
[ 1893s] [333/398] installing perl-autodie-2.29-398.oe1
[ 1896s] [334/398] installing perl-Unicode-Collate-1.25-4.oe1
[ 1905s] [335/398] installing perl-IO-Compress-2.081-6.oe1
[ 1908s] [336/398] installing perl-podlators-1:4.14-1.oe1
[ 1910s] [337/398] installing perl-ExtUtils-Command-1:7.60-1.oe1
[ 1912s] [338/398] installing perl-ExtUtils-Manifest-1:1.71-4.oe1
[ 1915s] [339/398] installing perl-bignum-0.50-4.oe1
[ 1920s] [340/398] installing perl-File-Temp-1:0.230.800-4.oe1
[ 1923s] [341/398] installing perl-libnet-3.11-420.oe1
[ 1926s] [342/398] installing pam-1.5.1-1.oe1
[ 1934s] [343/398] installing libpwquality-1.4.4-1.oe1
[ 1937s] [344/398] installing perl-File-HomeDir-1.004-4.oe1
[ 1939s] [345/398] installing shadow-2:4.8.1-5.oe1
[ 1943s] [346/398] installing perl-Test-Simple-2:1.302175-2.oe1
[ 1946s] [347/398] installing libutempter-1.1.6-16.oe1
[ 1951s] [348/398] installing unbound-libs-1.10.1-4.oe1
[ 1956s] [349/398] installing dbus-daemon-1:1.12.20-3.oe1
[ 1965s] [350/398] installing openssh-server-8.2p1-10.oe1
[ 1969s] Created symlink /etc/systemd/system/multi-user.target.wants/sshd.service -> /usr/lib/systemd/system/sshd.service.
[ 1970s] [351/398] installing groff-1.22.4-4.oe1
[ 1979s] [352/398] installing dbus-1:1.12.20-3.oe1
[ 1981s] [353/398] installing man-db-2.9.3-2.oe1
[ 1992s] [354/398] installing perl-Pod-Perldoc-1:3.28-3.oe1
[ 1994s] [355/398] installing gnutls-3.6.15-3.oe1
[ 1999s] [356/398] installing util-linux-2.36.1-3.oe1
[ 2008s] [357/398] installing nss-help-3.72.0-2.oe1
[ 2010s] [358/398] installing util-linux-devel-2.36.1-3.oe1
[ 2012s] [359/398] installing perl-Pod-Usage-4:1.69-418.oe1
[ 2014s] [360/398] installing device-mapper-8:1.02.172-1.oe1
[ 2018s] [361/398] installing openssh-8.2p1-10.oe1
[ 2027s] [362/398] installing perl-Getopt-Long-1:2.52-1.oe1
[ 2029s] [363/398] installing cryptsetup-2.3.3-3.oe1
[ 2034s] [364/398] installing device-mapper-event-8:1.02.172-1.oe1
[ 2038s] Created symlink /etc/systemd/system/sockets.target.wants/dm-event.socket -> /usr/lib/systemd/system/dm-event.socket.
[ 2038s] [365/398] installing nss-3.72.0-2.oe1
[ 2048s] [366/398] installing glib2-devel-2.66.8-1.oe1
[ 2078s] [367/398] installing openssh-clients-8.2p1-10.oe1
[ 2081s] [368/398] installing nss-util-3.72.0-2.oe1
[ 2086s] [369/398] installing perl-ExtUtils-ParseXS-2:3.35-1.oe1
[ 2088s] [370/398] installing perl-Module-CoreList-1:5.20180920-2.oe1
[ 2090s] [371/398] installing perl-Digest-SHA-1:6.02-7.oe1
[ 2093s] [372/398] installing perl-Pod-Parser-1.63-397.oe1
[ 2095s] [373/398] installing gdk-pixbuf2-devel-2.42.6-1.oe1
[ 2100s] [374/398] installing perl-Pod-Simple-1:3.35-418.oe1
[ 2102s] [375/398] installing perl-Test-Harness-1:3.43_02-1.oe1
[ 2105s] [376/398] installing docbook-utils-0.6.14-47.oe1
[ 2108s] [377/398] installing perl-Archive-Tar-2.30-421.oe1
[ 2109s] [378/398] installing perl-JSON-PP-1:4.04-2.oe1
[ 2111s] [379/398] installing lvm2-8:2.03.11-1.oe1
[ 2120s] Created symlink /etc/systemd/system/sysinit.target.wants/lvm2-lvmpolld.socket -> /usr/lib/systemd/system/lvm2-lvmpolld.socket.
[ 2120s] [380/398] installing autoconf-2.69-30.oe1
[ 2124s] [381/398] installing git-2.23.0-12.oe1
[ 2139s] [382/398] installing nss-softokn-3.72.0-2.oe1
[ 2142s] [383/398] installing perl-Pod-Checker-4:1.73-398.oe1
[ 2144s] [384/398] installing perl-Git-2.23.0-12.oe1
[ 2145s] [385/398] installing gtk-doc-1.33.2-1.oe1
[ 2150s] [386/398] installing perl-CPAN-Meta-2.150010-419.oe1
[ 2153s] [387/398] installing perl-Module-Load-Conditional-0.68-418.oe1
[ 2155s] [388/398] installing automake-1.16.1-6.oe1
[ 2158s] [389/398] installing perl-ExtUtils-MakeMaker-1:7.60-1.oe1
[ 2161s] [390/398] installing libtool-2.4.6-34.oe1
[ 2164s] [391/398] installing perl-ExtUtils-Install-2.14-419.oe1
[ 2165s] [392/398] installing perl-IPC-Cmd-2:1.04-4.oe1
[ 2168s] [393/398] installing rpm-build-4.15.1-25.oe1
[ 2170s] [394/398] installing gcc_secure-1.0-0.9.oe1
[ 2172s] [395/398] installing gobject-introspection-devel-1.66.1-1.oe1
[ 2180s] [396/398] installing perl-File-Fetch-0.56-4.oe1
[ 2183s] [397/398] installing perl-devel-4:5.28.0-435.oe1
[ 2195s] [398/398] installing pygobject3-devel-3.42.0-2.oe1
[ 2198s] removing nis flags from /var/cache/obs/worker/root_2/etc/nsswitch.conf...
[ 2199s] now finalizing build dir...
[ 2211s] Running build time source services...
[ 2229s] -----------------------------------------------------------------
[ 2229s] ----- building gom.spec (user abuild)
[ 2229s] -----------------------------------------------------------------
[ 2229s] -----------------------------------------------------------------
[ 2237s] + exec rpmbuild -ba --define '_srcdefattr (-,root,root)' --nosignature --define 'disturl obs://private/openEuler:Mainline:RISC-V/advanced_riscv64/fb7be7e4f913c754a21c1fa4d0798b4e-gom' /home/abuild/rpmbuild/SOURCES/gom.spec
[ 2239s] Executing(%prep): /bin/sh -e /var/tmp/rpm-tmp.XHA4Yk
[ 2239s] + umask 022
[ 2239s] + cd /home/abuild/rpmbuild/BUILD
[ 2239s] + cd /home/abuild/rpmbuild/BUILD
[ 2239s] + rm -rf gom-0.4
[ 2239s] + /usr/bin/xz -dc /home/abuild/rpmbuild/SOURCES/gom-0.4.tar.xz
[ 2239s] + /usr/bin/tar -xof -
[ 2240s] + STATUS=0
[ 2240s] + '[' 0 -ne 0 ']'
[ 2240s] + cd gom-0.4
[ 2240s] + /usr/bin/chmod -Rf a+rX,u+w,g-w,o-w .
[ 2240s] + RPM_EC=0
[ 2240s] ++ jobs -p
[ 2240s] + exit 0
[ 2240s] Executing(%build): /bin/sh -e /var/tmp/rpm-tmp.jXVtGq
[ 2240s] + umask 022
[ 2240s] + cd /home/abuild/rpmbuild/BUILD
[ 2240s] + cd gom-0.4
[ 2240s] + CFLAGS='-O2 -g -pipe -Wall -Werror=format-security -Wp,-D_FORTIFY_SOURCE=2 -Wp,-D_GLIBCXX_ASSERTIONS -fstack-protector-strong -grecord-gcc-switches -specs=/usr/lib/rpm/generic-hardened-cc1 -fasynchronous-unwind-tables -fstack-clash-protection'
[ 2240s] + export CFLAGS
[ 2240s] + CXXFLAGS='-O2 -g -pipe -Wall -Werror=format-security -Wp,-D_FORTIFY_SOURCE=2 -Wp,-D_GLIBCXX_ASSERTIONS -fstack-protector-strong -grecord-gcc-switches -specs=/usr/lib/rpm/generic-hardened-cc1 -fasynchronous-unwind-tables -fstack-clash-protection -fexceptions'
[ 2240s] + export CXXFLAGS
[ 2240s] + FFLAGS='-O2 -g -pipe -Wall -Werror=format-security -Wp,-D_FORTIFY_SOURCE=2 -Wp,-D_GLIBCXX_ASSERTIONS -fstack-protector-strong -grecord-gcc-switches -specs=/usr/lib/rpm/generic-hardened-cc1 -fasynchronous-unwind-tables -fstack-clash-protection -fexceptions -I/usr/lib64/gfortran/modules'
[ 2240s] + export FFLAGS
[ 2240s] + FCFLAGS='-O2 -g -pipe -Wall -Werror=format-security -Wp,-D_FORTIFY_SOURCE=2 -Wp,-D_GLIBCXX_ASSERTIONS -fstack-protector-strong -grecord-gcc-switches -specs=/usr/lib/rpm/generic-hardened-cc1 -fasynchronous-unwind-tables -fstack-clash-protection -fexceptions -I/usr/lib64/gfortran/modules'
[ 2240s] + export FCFLAGS
[ 2240s] + LDFLAGS='-Wl,-z,relro   -Wl,-z,now -specs=/usr/lib/rpm/generic-hardened-ld'
[ 2240s] + export LDFLAGS
[ 2240s] + /usr/bin/meson --buildtype=plain --prefix=/usr --libdir=/usr/lib64 --libexecdir=/usr/libexec --bindir=/usr/bin --sbindir=/usr/sbin --includedir=/usr/include --datadir=/usr/share --mandir=/usr/share/man --infodir=/usr/share/info --localedir=/usr/share/locale --sysconfdir=/etc --localstatedir=/var --sharedstatedir=/var/lib --wrap-mode=nodownload --auto-features=enabled . riscv64-openEuler-linux-gnu -Denable-gtk-doc=true
[ 2284s] The Meson build system
[ 2284s] Version: 0.59.4
[ 2284s] Source dir: /home/abuild/rpmbuild/BUILD/gom-0.4
[ 2284s] Build dir: /home/abuild/rpmbuild/BUILD/gom-0.4/riscv64-openEuler-linux-gnu
[ 2284s] Build type: native build
[ 2284s] Project name: gom
[ 2284s] Project version: 0.4
[ 2284s] C compiler for the host machine: cc (gcc 10.3.1 "gcc_old (GCC) 10.3.1")
[ 2284s] C linker for the host machine: cc ld.bfd 2.37
[ 2284s] Host machine cpu family: riscv64
[ 2284s] Host machine cpu: riscv64
[ 2284s] Found pkg-config: /usr/bin/pkg-config (1.7.3)
[ 2284s] Run-time dependency gio-2.0 found: YES 2.66.8
[ 2284s] Run-time dependency glib-2.0 found: YES 2.66.8
[ 2284s] Run-time dependency gobject-2.0 found: YES 2.66.8
[ 2284s] Run-time dependency sqlite3 found: YES 3.24.0
[ 2284s] Run-time dependency gdk-pixbuf-2.0 found: YES 2.42.6
[ 2284s] Run-time dependency gobject-introspection-1.0 found: YES 1.66.1
[ 2284s] Dependency gobject-introspection-1.0 found: YES 1.66.1 (cached)
[ 2284s] Program g-ir-scanner found: YES (/usr/bin/g-ir-scanner)
[ 2284s] Dependency gobject-introspection-1.0 found: YES 1.66.1 (cached)
[ 2284s] Program g-ir-compiler found: YES (/usr/bin/g-ir-compiler)
[ 2284s] WARNING: Project targeting '>= 0.48' but tried to use feature deprecated since '0.48.0': python3 module.
[ 2284s] Configuring version.xml using configuration
[ 2284s] Program gtkdoc-scan found: YES (/usr/bin/gtkdoc-scan)
[ 2284s] Program gtkdoc-scangobj found: YES (/usr/bin/gtkdoc-scangobj)
[ 2284s] Program gtkdoc-mkdb found: YES (/usr/bin/gtkdoc-mkdb)
[ 2284s] Program gtkdoc-mkhtml found: YES (/usr/bin/gtkdoc-mkhtml)
[ 2284s] Program gtkdoc-fixxref found: YES (/usr/bin/gtkdoc-fixxref)
[ 2284s] Build targets in project: 18
[ 2284s] WARNING: Deprecated features used:
[ 2284s]  * 0.48.0: {'python3 module'}
[ 2284s] 
[ 2284s] Found ninja-1.8.2 at /usr/bin/ninja
[ 2285s] + /usr/bin/meson compile -C riscv64-openEuler-linux-gnu -j 8 --verbose
[ 2294s] ninja: Entering directory `riscv64-openEuler-linux-gnu'
[ 2300s] [1/40] cc -Igom/libgom-1.0.so.0.1.0.p -Igom -I../gom -I/usr/include/glib-2.0 -I/usr/lib64/glib-2.0/include -I/usr/include/libmount -I/usr/include/blkid -fdiagnostics-color=always -D_FILE_OFFSET_BITS=64 -Wall -Winvalid-pch -O2 -g -pipe -Wall -Werror=format-security -Wp,-D_FORTIFY_SOURCE=2 -Wp,-D_GLIBCXX_ASSERTIONS -fstack-protector-strong -grecord-gcc-switches -specs=/usr/lib/rpm/generic-hardened-cc1 -fasynchronous-unwind-tables -fstack-clash-protection -fPIC -pthread -MD -MQ gom/libgom-1.0.so.0.1.0.p/gom-error.c.o -MF gom/libgom-1.0.so.0.1.0.p/gom-error.c.o.d -o gom/libgom-1.0.so.0.1.0.p/gom-error.c.o -c ../gom/gom-error.c
[ 2304s] [2/40] cc -Igom/libgom-1.0.so.0.1.0.p -Igom -I../gom -I/usr/include/glib-2.0 -I/usr/lib64/glib-2.0/include -I/usr/include/libmount -I/usr/include/blkid -fdiagnostics-color=always -D_FILE_OFFSET_BITS=64 -Wall -Winvalid-pch -O2 -g -pipe -Wall -Werror=format-security -Wp,-D_FORTIFY_SOURCE=2 -Wp,-D_GLIBCXX_ASSERTIONS -fstack-protector-strong -grecord-gcc-switches -specs=/usr/lib/rpm/generic-hardened-cc1 -fasynchronous-unwind-tables -fstack-clash-protection -fPIC -pthread -MD -MQ gom/libgom-1.0.so.0.1.0.p/gom-cursor.c.o -MF gom/libgom-1.0.so.0.1.0.p/gom-cursor.c.o.d -o gom/libgom-1.0.so.0.1.0.p/gom-cursor.c.o -c ../gom/gom-cursor.c
[ 2304s] ../gom/gom-cursor.c: In function gom_cursor_get_column:
[ 2304s] ../gom/gom-cursor.c:92:13: warning: GTimeVal is deprecated: Use 'GDateTime' instead [-Wdeprecated-declarations]
[ 2304s]    92 |             GTimeVal tv = { 0 };
[ 2304s]       |             ^~~~~~~~
[ 2304s] In file included from /usr/include/glib-2.0/glib/galloca.h:32,
[ 2304s]                  from /usr/include/glib-2.0/glib.h:30,
[ 2304s]                  from /usr/include/glib-2.0/gobject/gbinding.h:28,
[ 2304s]                  from /usr/include/glib-2.0/glib-object.h:22,
[ 2304s]                  from ../gom/gom-cursor.h:22,
[ 2304s]                  from ../gom/gom-cursor.c:22:
[ 2304s] /usr/include/glib-2.0/glib/gtypes.h:547:8: note: declared here
[ 2304s]   547 | struct _GTimeVal
[ 2304s]       |        ^~~~~~~~~
[ 2304s] ../gom/gom-cursor.c:93:13: warning: g_time_val_from_iso8601 is deprecated: Use 'g_date_time_new_from_iso8601' instead [-Wdeprecated-declarations]
[ 2304s]    93 |             g_time_val_from_iso8601(iso8601, &tv);
[ 2304s]       |             ^~~~~~~~~~~~~~~~~~~~~~~
[ 2304s] In file included from /usr/include/glib-2.0/glib.h:88,
[ 2304s]                  from /usr/include/glib-2.0/gobject/gbinding.h:28,
[ 2304s]                  from /usr/include/glib-2.0/glib-object.h:22,
[ 2304s]                  from ../gom/gom-cursor.h:22,
[ 2304s]                  from ../gom/gom-cursor.c:22:
[ 2304s] /usr/include/glib-2.0/glib/gtimer.h:70:10: note: declared here
[ 2304s]    70 | gboolean g_time_val_from_iso8601 (const gchar *iso_date,
[ 2304s]       |          ^~~~~~~~~~~~~~~~~~~~~~~
[ 2304s] ../gom/gom-cursor.c:94:13: warning: g_date_time_new_from_timeval_utc is deprecated: Use 'g_date_time_new_from_unix_utc' instead [-Wdeprecated-declarations]
[ 2304s]    94 |             dt = g_date_time_new_from_timeval_utc(&tv);
[ 2304s]       |             ^~
[ 2304s] In file included from /usr/include/glib-2.0/glib/gbookmarkfile.h:26,
[ 2304s]                  from /usr/include/glib-2.0/glib.h:37,
[ 2304s]                  from /usr/include/glib-2.0/gobject/gbinding.h:28,
[ 2304s]                  from /usr/include/glib-2.0/glib-object.h:22,
[ 2304s]                  from ../gom/gom-cursor.h:22,
[ 2304s]                  from ../gom/gom-cursor.c:22:
[ 2304s] /usr/include/glib-2.0/glib/gdatetime.h:120:25: note: declared here
[ 2304s]   120 | GDateTime *             g_date_time_new_from_timeval_utc                (const GTimeVal *tv);
[ 2304s]       |                         ^~~~~~~~~~~~~~~~~~~~~~~~~~~~~~~~
[ 2304s] ../gom/gom-cursor.c: In function gom_cursor_class_init:
[ 2304s] ../gom/gom-cursor.c:295:4: warning: g_type_class_add_private is deprecated [-Wdeprecated-declarations]
[ 2304s]   295 |    g_type_class_add_private(object_class, sizeof(GomCursorPrivate));
[ 2304s]       |    ^~~~~~~~~~~~~~~~~~~~~~~~
[ 2304s] In file included from /usr/include/glib-2.0/gobject/gobject.h:24,
[ 2304s]                  from /usr/include/glib-2.0/gobject/gbinding.h:29,
[ 2304s]                  from /usr/include/glib-2.0/glib-object.h:22,
[ 2304s]                  from ../gom/gom-cursor.h:22,
[ 2304s]                  from ../gom/gom-cursor.c:22:
[ 2304s] /usr/include/glib-2.0/gobject/gtype.h:1304:10: note: declared here
[ 2304s]  1304 | void     g_type_class_add_private       (gpointer                    g_class,
[ 2304s]       |          ^~~~~~~~~~~~~~~~~~~~~~~~
[ 2304s] ../gom/gom-cursor.c: In function gom_cursor_init:
[ 2304s] ../gom/gom-cursor.c:318:13: warning: Deprecated pre-processor symbol, replace with 
[ 2304s]   318 |                                   GomCursorPrivate);
[ 2304s]       |             ^                     ~~~~~~~~~~~~~~~~~~        
[ 2309s] [3/40] cc -Igom/libgom-1.0.so.0.1.0.p -Igom -I../gom -I/usr/include/glib-2.0 -I/usr/lib64/glib-2.0/include -I/usr/include/libmount -I/usr/include/blkid -fdiagnostics-color=always -D_FILE_OFFSET_BITS=64 -Wall -Winvalid-pch -O2 -g -pipe -Wall -Werror=format-security -Wp,-D_FORTIFY_SOURCE=2 -Wp,-D_GLIBCXX_ASSERTIONS -fstack-protector-strong -grecord-gcc-switches -specs=/usr/lib/rpm/generic-hardened-cc1 -fasynchronous-unwind-tables -fstack-clash-protection -fPIC -pthread -MD -MQ gom/libgom-1.0.so.0.1.0.p/gom-adapter.c.o -MF gom/libgom-1.0.so.0.1.0.p/gom-adapter.c.o.d -o gom/libgom-1.0.so.0.1.0.p/gom-adapter.c.o -c ../gom/gom-adapter.c
[ 2309s] ../gom/gom-adapter.c: In function open_callback:
[ 2309s] ../gom/gom-adapter.c:195:7: warning: g_simple_async_result_set_error is deprecated [-Wdeprecated-declarations]
[ 2309s]   195 |       g_simple_async_result_set_error(simple, GOM_ERROR,
[ 2309s]       |       ^~~~~~~~~~~~~~~~~~~~~~~~~~~~~~~
[ 2309s] In file included from /usr/include/glib-2.0/gio/gio.h:136,
[ 2309s]                  from ../gom/gom-adapter.h:22,
[ 2309s]                  from ../gom/gom-adapter.c:21:
[ 2309s] /usr/include/glib-2.0/gio/gsimpleasyncresult.h:122:21: note: declared here
[ 2309s]   122 | void                g_simple_async_result_set_error        (GSimpleAsyncResult      *simple,
[ 2309s]       |                     ^~~~~~~~~~~~~~~~~~~~~~~~~~~~~~~
[ 2309s] ../gom/gom-adapter.c:199:4: warning: g_simple_async_result_set_op_res_gboolean is deprecated [-Wdeprecated-declarations]
[ 2309s]   199 |    g_simple_async_result_set_op_res_gboolean(simple, ret == SQLITE_OK);
[ 2309s]       |    ^~~~~~~~~~~~~~~~~~~~~~~~~~~~~~~~~~~~~~~~~
[ 2309s] In file included from /usr/include/glib-2.0/gio/gio.h:136,
[ 2309s]                  from ../gom/gom-adapter.h:22,
[ 2309s]                  from ../gom/gom-adapter.c:21:
[ 2309s] /usr/include/glib-2.0/gio/gsimpleasyncresult.h:88:21: note: declared here
[ 2309s]    88 | void                g_simple_async_result_set_op_res_gboolean (GSimpleAsyncResult      *simple,
[ 2309s]       |                     ^~~~~~~~~~~~~~~~~~~~~~~~~~~~~~~~~~~~~~~~~
[ 2309s] ../gom/gom-adapter.c:201:7: warning: g_simple_async_result_complete_in_idle is deprecated [-Wdeprecated-declarations]
[ 2309s]   201 |       g_simple_async_result_complete_in_idle(simple);
[ 2309s]       |       ^~~~~~~~~~~~~~~~~~~~~~~~~~~~~~~~~~~~~~
[ 2309s] In file included from /usr/include/glib-2.0/gio/gio.h:136,
[ 2309s]                  from ../gom/gom-adapter.h:22,
[ 2309s]                  from ../gom/gom-adapter.c:21:
[ 2309s] /usr/include/glib-2.0/gio/gsimpleasyncresult.h:106:21: note: declared here
[ 2309s]   106 | void                g_simple_async_result_complete_in_idle (GSimpleAsyncResult      *simple);
[ 2309s]       |                     ^~~~~~~~~~~~~~~~~~~~~~~~~~~~~~~~~~~~~~
[ 2309s] ../gom/gom-adapter.c: In function gom_adapter_open_sync:
[ 2309s] ../gom/gom-adapter.c:241:4: warning: g_simple_async_result_new is deprecated: Use 'g_task_new' instead [-Wdeprecated-declarations]
[ 2309s]   241 |    simple = g_simple_async_result_new(G_OBJECT(adapter), NULL, NULL,
[ 2309s]       |    ^~~~~~
[ 2309s] In file included from /usr/include/glib-2.0/gio/gio.h:136,
[ 2309s]                  from ../gom/gom-adapter.h:22,
[ 2309s]                  from ../gom/gom-adapter.c:21:
[ 2309s] /usr/include/glib-2.0/gio/gsimpleasyncresult.h:51:21: note: declared here
[ 2309s]    51 | GSimpleAsyncResult *g_simple_async_result_new              (GObject                 *source_object,
[ 2309s]       |                     ^~~~~~~~~~~~~~~~~~~~~~~~~
[ 2309s] ../gom/gom-adapter.c:253:4: warning: g_simple_async_result_get_op_res_gboolean is deprecated [-Wdeprecated-declarations]
[ 2309s]   253 |    if (!(ret = g_simple_async_result_get_op_res_gboolean(simple))) {
[ 2309s]       |    ^~
[ 2309s] In file included from /usr/include/glib-2.0/gio/gio.h:136,
[ 2309s]                  from ../gom/gom-adapter.h:22,
[ 2309s]                  from ../gom/gom-adapter.c:21:
[ 2309s] /usr/include/glib-2.0/gio/gsimpleasyncresult.h:91:21: note: declared here
[ 2309s]    91 | gboolean            g_simple_async_result_get_op_res_gboolean (GSimpleAsyncResult      *simple);
[ 2309s]       |                     ^~~~~~~~~~~~~~~~~~~~~~~~~~~~~~~~~~~~~~~~~
[ 2309s] ../gom/gom-adapter.c:254:7: warning: g_simple_async_result_propagate_error is deprecated [-Wdeprecated-declarations]
[ 2309s]   254 |       g_simple_async_result_propagate_error(simple, error);
[ 2309s]       |       ^~~~~~~~~~~~~~~~~~~~~~~~~~~~~~~~~~~~~
[ 2309s] In file included from /usr/include/glib-2.0/gio/gio.h:136,
[ 2309s]                  from ../gom/gom-adapter.h:22,
[ 2309s]                  from ../gom/gom-adapter.c:21:
[ 2309s] /usr/include/glib-2.0/gio/gsimpleasyncresult.h:119:21: note: declared here
[ 2309s]   119 | gboolean            g_simple_async_result_propagate_error  (GSimpleAsyncResult      *simple,
[ 2309s]       |                     ^~~~~~~~~~~~~~~~~~~~~~~~~~~~~~~~~~~~~
[ 2309s] ../gom/gom-adapter.c: In function gom_adapter_open_async:
[ 2309s] ../gom/gom-adapter.c:305:4: warning: g_simple_async_result_new is deprecated: Use 'g_task_new' instead [-Wdeprecated-declarations]
[ 2309s]   305 |    simple = g_simple_async_result_new(G_OBJECT(adapter), callback, user_data,
[ 2309s]       |    ^~~~~~
[ 2309s] In file included from /usr/include/glib-2.0/gio/gio.h:136,
[ 2309s]                  from ../gom/gom-adapter.h:22,
[ 2309s]                  from ../gom/gom-adapter.c:21:
[ 2309s] /usr/include/glib-2.0/gio/gsimpleasyncresult.h:51:21: note: declared here
[ 2309s]    51 | GSimpleAsyncResult *g_simple_async_result_new              (GObject                 *source_object,
[ 2309s]       |                     ^~~~~~~~~~~~~~~~~~~~~~~~~
[ 2309s] ../gom/gom-adapter.c: In function gom_adapter_open_finish:
[ 2309s] ../gom/gom-adapter.c:326:4: warning: g_simple_async_result_get_op_res_gboolean is deprecated [-Wdeprecated-declarations]
[ 2309s]   326 |    if (!(ret = g_simple_async_result_get_op_res_gboolean(simple))) {
[ 2309s]       |    ^~
[ 2309s] In file included from /usr/include/glib-2.0/gio/gio.h:136,
[ 2309s]                  from ../gom/gom-adapter.h:22,
[ 2309s]                  from ../gom/gom-adapter.c:21:
[ 2309s] /usr/include/glib-2.0/gio/gsimpleasyncresult.h:91:21: note: declared here
[ 2309s]    91 | gboolean            g_simple_async_result_get_op_res_gboolean (GSimpleAsyncResult      *simple);
[ 2309s]       |                     ^~~~~~~~~~~~~~~~~~~~~~~~~~~~~~~~~~~~~~~~~
[ 2309s] ../gom/gom-adapter.c:327:7: warning: g_simple_async_result_propagate_error is deprecated [-Wdeprecated-declarations]
[ 2309s]   327 |       g_simple_async_result_propagate_error(simple, error);
[ 2309s]       |       ^~~~~~~~~~~~~~~~~~~~~~~~~~~~~~~~~~~~~
[ 2309s] In file included from /usr/include/glib-2.0/gio/gio.h:136,
[ 2309s]                  from ../gom/gom-adapter.h:22,
[ 2309s]                  from ../gom/gom-adapter.c:21:
[ 2309s] /usr/include/glib-2.0/gio/gsimpleasyncresult.h:119:21: note: declared here
[ 2309s]   119 | gboolean            g_simple_async_result_propagate_error  (GSimpleAsyncResult      *simple,
[ 2309s]       |                     ^~~~~~~~~~~~~~~~~~~~~~~~~~~~~~~~~~~~~
[ 2309s] ../gom/gom-adapter.c: In function close_callback:
[ 2309s] ../gom/gom-adapter.c:346:4: warning: g_simple_async_result_set_op_res_gboolean is deprecated [-Wdeprecated-declarations]
[ 2309s]   346 |    g_simple_async_result_set_op_res_gboolean(simple, TRUE);
[ 2309s]       |    ^~~~~~~~~~~~~~~~~~~~~~~~~~~~~~~~~~~~~~~~~
[ 2309s] In file included from /usr/include/glib-2.0/gio/gio.h:136,
[ 2309s]                  from ../gom/gom-adapter.h:22,
[ 2309s]                  from ../gom/gom-adapter.c:21:
[ 2309s] /usr/include/glib-2.0/gio/gsimpleasyncresult.h:88:21: note: declared here
[ 2309s]    88 | void                g_simple_async_result_set_op_res_gboolean (GSimpleAsyncResult      *simple,
[ 2309s]       |                     ^~~~~~~~~~~~~~~~~~~~~~~~~~~~~~~~~~~~~~~~~
[ 2309s] ../gom/gom-adapter.c:348:7: warning: g_simple_async_result_complete_in_idle is deprecated [-Wdeprecated-declarations]
[ 2309s]   348 |       g_simple_async_result_complete_in_idle(simple);
[ 2309s]       |       ^~~~~~~~~~~~~~~~~~~~~~~~~~~~~~~~~~~~~~
[ 2309s] In file included from /usr/include/glib-2.0/gio/gio.h:136,
[ 2309s]                  from ../gom/gom-adapter.h:22,
[ 2309s]                  from ../gom/gom-adapter.c:21:
[ 2309s] /usr/include/glib-2.0/gio/gsimpleasyncresult.h:106:21: note: declared here
[ 2309s]   106 | void                g_simple_async_result_complete_in_idle (GSimpleAsyncResult      *simple);
[ 2309s]       |                     ^~~~~~~~~~~~~~~~~~~~~~~~~~~~~~~~~~~~~~
[ 2309s] ../gom/gom-adapter.c: In function gom_adapter_close_sync:
[ 2309s] ../gom/gom-adapter.c:373:4: warning: g_simple_async_result_new is deprecated: Use 'g_task_new' instead [-Wdeprecated-declarations]
[ 2309s]   373 |    simple = g_simple_async_result_new(G_OBJECT(adapter), NULL, NULL,
[ 2309s]       |    ^~~~~~
[ 2309s] In file included from /usr/include/glib-2.0/gio/gio.h:136,
[ 2309s]                  from ../gom/gom-adapter.h:22,
[ 2309s]                  from ../gom/gom-adapter.c:21:
[ 2309s] /usr/include/glib-2.0/gio/gsimpleasyncresult.h:51:21: note: declared here
[ 2309s]    51 | GSimpleAsyncResult *g_simple_async_result_new              (GObject                 *source_object,
[ 2309s]       |                     ^~~~~~~~~~~~~~~~~~~~~~~~~
[ 2309s] ../gom/gom-adapter.c:383:4: warning: g_simple_async_result_get_op_res_gboolean is deprecated [-Wdeprecated-declarations]
[ 2309s]   383 |    if (!(ret = g_simple_async_result_get_op_res_gboolean(simple))) {
[ 2309s]       |    ^~
[ 2309s] In file included from /usr/include/glib-2.0/gio/gio.h:136,
[ 2309s]                  from ../gom/gom-adapter.h:22,
[ 2309s]                  from ../gom/gom-adapter.c:21:
[ 2309s] /usr/include/glib-2.0/gio/gsimpleasyncresult.h:91:21: note: declared here
[ 2309s]    91 | gboolean            g_simple_async_result_get_op_res_gboolean (GSimpleAsyncResult      *simple);
[ 2309s]       |                     ^~~~~~~~~~~~~~~~~~~~~~~~~~~~~~~~~~~~~~~~~
[ 2309s] ../gom/gom-adapter.c:384:7: warning: g_simple_async_result_propagate_error is deprecated [-Wdeprecated-declarations]
[ 2309s]   384 |       g_simple_async_result_propagate_error(simple, error);
[ 2309s]       |       ^~~~~~~~~~~~~~~~~~~~~~~~~~~~~~~~~~~~~
[ 2309s] In file included from /usr/include/glib-2.0/gio/gio.h:136,
[ 2309s]                  from ../gom/gom-adapter.h:22,
[ 2309s]                  from ../gom/gom-adapter.c:21:
[ 2309s] /usr/include/glib-2.0/gio/gsimpleasyncresult.h:119:21: note: declared here
[ 2309s]   119 | gboolean            g_simple_async_result_propagate_error  (GSimpleAsyncResult      *simple,
[ 2309s]       |                     ^~~~~~~~~~~~~~~~~~~~~~~~~~~~~~~~~~~~~
[ 2309s] ../gom/gom-adapter.c: In function gom_adapter_close_async:
[ 2309s] ../gom/gom-adapter.c:405:4: warning: g_simple_async_result_new is deprecated: Use 'g_task_new' instead [-Wdeprecated-declarations]
[ 2309s]   405 |    simple = g_simple_async_result_new(G_OBJECT(adapter), callback, user_data,
[ 2309s]       |    ^~~~~~
[ 2309s] In file included from /usr/include/glib-2.0/gio/gio.h:136,
[ 2309s]                  from ../gom/gom-adapter.h:22,
[ 2309s]                  from ../gom/gom-adapter.c:21:
[ 2309s] /usr/include/glib-2.0/gio/gsimpleasyncresult.h:51:21: note: declared here
[ 2309s]    51 | GSimpleAsyncResult *g_simple_async_result_new              (GObject                 *source_object,
[ 2309s]       |                     ^~~~~~~~~~~~~~~~~~~~~~~~~
[ 2309s] ../gom/gom-adapter.c:409:7: warning: g_simple_async_result_set_op_res_gboolean is deprecated [-Wdeprecated-declarations]
[ 2309s]   409 |       g_simple_async_result_set_op_res_gboolean(simple, TRUE);
[ 2309s]       |       ^~~~~~~~~~~~~~~~~~~~~~~~~~~~~~~~~~~~~~~~~
[ 2309s] In file included from /usr/include/glib-2.0/gio/gio.h:136,
[ 2309s]                  from ../gom/gom-adapter.h:22,
[ 2309s]                  from ../gom/gom-adapter.c:21:
[ 2309s] /usr/include/glib-2.0/gio/gsimpleasyncresult.h:88:21: note: declared here
[ 2309s]    88 | void                g_simple_async_result_set_op_res_gboolean (GSimpleAsyncResult      *simple,
[ 2309s]       |                     ^~~~~~~~~~~~~~~~~~~~~~~~~~~~~~~~~~~~~~~~~
[ 2309s] ../gom/gom-adapter.c:410:7: warning: g_simple_async_result_complete_in_idle is deprecated [-Wdeprecated-declarations]
[ 2309s]   410 |       g_simple_async_result_complete_in_idle(simple);
[ 2309s]       |       ^~~~~~~~~~~~~~~~~~~~~~~~~~~~~~~~~~~~~~
[ 2309s] In file included from /usr/include/glib-2.0/gio/gio.h:136,
[ 2309s]                  from ../gom/gom-adapter.h:22,
[ 2309s]                  from ../gom/gom-adapter.c:21:
[ 2309s] /usr/include/glib-2.0/gio/gsimpleasyncresult.h:106:21: note: declared here
[ 2309s]   106 | void                g_simple_async_result_complete_in_idle (GSimpleAsyncResult      *simple);
[ 2309s]       |                     ^~~~~~~~~~~~~~~~~~~~~~~~~~~~~~~~~~~~~~
[ 2309s] ../gom/gom-adapter.c: In function gom_adapter_close_finish:
[ 2309s] ../gom/gom-adapter.c:431:4: warning: g_simple_async_result_get_op_res_gboolean is deprecated [-Wdeprecated-declarations]
[ 2309s]   431 |    if (!(ret = g_simple_async_result_get_op_res_gboolean(simple))) {
[ 2309s]       |    ^~
[ 2309s] In file included from /usr/include/glib-2.0/gio/gio.h:136,
[ 2309s]                  from ../gom/gom-adapter.h:22,
[ 2309s]                  from ../gom/gom-adapter.c:21:
[ 2309s] /usr/include/glib-2.0/gio/gsimpleasyncresult.h:91:21: note: declared here
[ 2309s]    91 | gboolean            g_simple_async_result_get_op_res_gboolean (GSimpleAsyncResult      *simple);
[ 2309s]       |                     ^~~~~~~~~~~~~~~~~~~~~~~~~~~~~~~~~~~~~~~~~
[ 2309s] ../gom/gom-adapter.c:432:7: warning: g_simple_async_result_propagate_error is deprecated [-Wdeprecated-declarations]
[ 2309s]   432 |       g_simple_async_result_propagate_error(simple, error);
[ 2309s]       |       ^~~~~~~~~~~~~~~~~~~~~~~~~~~~~~~~~~~~~
[ 2309s] In file included from /usr/include/glib-2.0/gio/gio.h:136,
[ 2309s]                  from ../gom/gom-adapter.h:22,
[ 2309s]                  from ../gom/gom-adapter.c:21:
[ 2309s] /usr/include/glib-2.0/gio/gsimpleasyncresult.h:119:21: note: declared here
[ 2309s]   119 | gboolean            g_simple_async_result_propagate_error  (GSimpleAsyncResult      *simple,
[ 2309s]       |                     ^~~~~~~~~~~~~~~~~~~~~~~~~~~~~~~~~~~~~
[ 2309s] ../gom/gom-adapter.c: In function gom_adapter_class_init:
[ 2309s] ../gom/gom-adapter.c:509:4: warning: g_type_class_add_private is deprecated [-Wdeprecated-declarations]
[ 2309s]   509 |    g_type_class_add_private(object_class, sizeof(GomAdapterPrivate));
[ 2309s]       |    ^~~~~~~~~~~~~~~~~~~~~~~~
[ 2309s] In file included from /usr/include/glib-2.0/gobject/gobject.h:24,
[ 2309s]                  from /usr/include/glib-2.0/gobject/gbinding.h:29,
[ 2309s]                  from /usr/include/glib-2.0/glib-object.h:22,
[ 2309s]                  from /usr/include/glib-2.0/gio/gioenums.h:28,
[ 2309s]                  from /usr/include/glib-2.0/gio/giotypes.h:28,
[ 2309s]                  from /usr/include/glib-2.0/gio/gio.h:26,
[ 2309s]                  from ../gom/gom-adapter.h:22,
[ 2309s]                  from ../gom/gom-adapter.c:21:
[ 2309s] /usr/include/glib-2.0/gobject/gtype.h:1304:10: note: declared here
[ 2309s]  1304 | void     g_type_class_add_private       (gpointer                    g_class,
[ 2309s]       |          ^~~~~~~~~~~~~~~~~~~~~~~~
[ 2309s] ../gom/gom-adapter.c: In function gom_adapter_init:
[ 2309s] ../gom/gom-adapter.c:524:13: warning: Deprecated pre-processor symbol, replace with 
[ 2309s]   524 |                                   GomAdapterPrivate);
[ 2309s]       |             ^                     ~~~~~~~~~~~~~~~~~~~       
[ 2309s] [4/40] cc -Igom/libgom-1.0.so.0.1.0.p -Igom -I../gom -I/usr/include/glib-2.0 -I/usr/lib64/glib-2.0/include -I/usr/include/libmount -I/usr/include/blkid -fdiagnostics-color=always -D_FILE_OFFSET_BITS=64 -Wall -Winvalid-pch -O2 -g -pipe -Wall -Werror=format-security -Wp,-D_FORTIFY_SOURCE=2 -Wp,-D_GLIBCXX_ASSERTIONS -fstack-protector-strong -grecord-gcc-switches -specs=/usr/lib/rpm/generic-hardened-cc1 -fasynchronous-unwind-tables -fstack-clash-protection -fPIC -pthread -MD -MQ gom/libgom-1.0.so.0.1.0.p/gom-command.c.o -MF gom/libgom-1.0.so.0.1.0.p/gom-command.c.o.d -o gom/libgom-1.0.so.0.1.0.p/gom-command.c.o -c ../gom/gom-command.c
[ 2309s] ../gom/gom-command.c: In function gom_command_bind_param:
[ 2309s] ../gom/gom-command.c:112:13: warning: GTimeVal is deprecated: Use 'GDateTime' instead [-Wdeprecated-declarations]
[ 2309s]   112 |             GTimeVal tv = { 0 };
[ 2309s]       |             ^~~~~~~~
[ 2309s] In file included from /usr/include/glib-2.0/glib/galloca.h:32,
[ 2309s]                  from /usr/include/glib-2.0/glib.h:30,
[ 2309s]                  from /usr/include/glib-2.0/gobject/gbinding.h:28,
[ 2309s]                  from /usr/include/glib-2.0/glib-object.h:22,
[ 2309s]                  from /usr/include/glib-2.0/gio/gioenums.h:28,
[ 2309s]                  from /usr/include/glib-2.0/gio/giotypes.h:28,
[ 2309s]                  from /usr/include/glib-2.0/gio/gio.h:26,
[ 2309s]                  from ../gom/gom-adapter.h:22,
[ 2309s]                  from ../gom/gom-command.c:22:
[ 2309s] /usr/include/glib-2.0/glib/gtypes.h:547:8: note: declared here
[ 2309s]   547 | struct _GTimeVal
[ 2309s]       |        ^~~~~~~~~
[ 2309s] ../gom/gom-command.c:113:13: warning: g_date_time_to_timeval is deprecated: Use 'g_date_time_to_unix' instead [-Wdeprecated-declarations]
[ 2309s]   113 |             g_date_time_to_timeval(dt, &tv);
[ 2309s]       |             ^~~~~~~~~~~~~~~~~~~~~~
[ 2309s] In file included from /usr/include/glib-2.0/glib/gbookmarkfile.h:26,
[ 2309s]                  from /usr/include/glib-2.0/glib.h:37,
[ 2309s]                  from /usr/include/glib-2.0/gobject/gbinding.h:28,
[ 2309s]                  from /usr/include/glib-2.0/glib-object.h:22,
[ 2309s]                  from /usr/include/glib-2.0/gio/gioenums.h:28,
[ 2309s]                  from /usr/include/glib-2.0/gio/giotypes.h:28,
[ 2309s]                  from /usr/include/glib-2.0/gio/gio.h:26,
[ 2309s]                  from ../gom/gom-adapter.h:22,
[ 2309s]                  from ../gom/gom-command.c:22:
[ 2309s] /usr/include/glib-2.0/glib/gdatetime.h:245:25: note: declared here
[ 2309s]   245 | gboolean                g_date_time_to_timeval                          (GDateTime      *datetime,
[ 2309s]       |                         ^~~~~~~~~~~~~~~~~~~~~~
[ 2309s] ../gom/gom-command.c:114:13: warning: g_time_val_to_iso8601 is deprecated: Use 'g_date_time_format' instead [-Wdeprecated-declarations]
[ 2309s]   114 |             iso8601 = g_time_val_to_iso8601(&tv);
[ 2309s]       |             ^~~~~~~
[ 2309s] In file included from /usr/include/glib-2.0/glib.h:88,
[ 2309s]                  from /usr/include/glib-2.0/gobject/gbinding.h:28,
[ 2309s]                  from /usr/include/glib-2.0/glib-object.h:22,
[ 2309s]                  from /usr/include/glib-2.0/gio/gioenums.h:28,
[ 2309s]                  from /usr/include/glib-2.0/gio/giotypes.h:28,
[ 2309s]                  from /usr/include/glib-2.0/gio/gio.h:26,
[ 2309s]                  from ../gom/gom-adapter.h:22,
[ 2309s]                  from ../gom/gom-command.c:22:
[ 2309s] /usr/include/glib-2.0/glib/gtimer.h:73:10: note: declared here
[ 2309s]    73 | gchar*   g_time_val_to_iso8601   (GTimeVal    *time_) G_GNUC_MALLOC;
[ 2309s]       |          ^~~~~~~~~~~~~~~~~~~~~
[ 2309s] ../gom/gom-command.c: In function gom_command_class_init:
[ 2309s] ../gom/gom-command.c:548:4: warning: g_type_class_add_private is deprecated [-Wdeprecated-declarations]
[ 2309s]   548 |    g_type_class_add_private(object_class, sizeof(GomCommandPrivate));
[ 2309s]       |    ^~~~~~~~~~~~~~~~~~~~~~~~
[ 2309s] In file included from /usr/include/glib-2.0/gobject/gobject.h:24,
[ 2309s]                  from /usr/include/glib-2.0/gobject/gbinding.h:29,
[ 2309s]                  from /usr/include/glib-2.0/glib-object.h:22,
[ 2309s]                  from /usr/include/glib-2.0/gio/gioenums.h:28,
[ 2309s]                  from /usr/include/glib-2.0/gio/giotypes.h:28,
[ 2309s]                  from /usr/include/glib-2.0/gio/gio.h:26,
[ 2309s]                  from ../gom/gom-adapter.h:22,
[ 2309s]                  from ../gom/gom-command.c:22:
[ 2309s] /usr/include/glib-2.0/gobject/gtype.h:1304:10: note: declared here
[ 2309s]  1304 | void     g_type_class_add_private       (gpointer                    g_class,
[ 2309s]       |          ^~~~~~~~~~~~~~~~~~~~~~~~
[ 2309s] ../gom/gom-command.c: In function gom_command_init:
[ 2309s] ../gom/gom-command.c:581:13: warning: Deprecated pre-processor symbol, replace with 
[ 2309s]   581 |                                   GomCommandPrivate);
[ 2309s]       |             ^                     ~~~~~~~~~~~~~~~~~~~       
[ 2310s] [5/40] cc -Igom/libgom-1.0.so.0.1.0.p -Igom -I../gom -I/usr/include/glib-2.0 -I/usr/lib64/glib-2.0/include -I/usr/include/libmount -I/usr/include/blkid -fdiagnostics-color=always -D_FILE_OFFSET_BITS=64 -Wall -Winvalid-pch -O2 -g -pipe -Wall -Werror=format-security -Wp,-D_FORTIFY_SOURCE=2 -Wp,-D_GLIBCXX_ASSERTIONS -fstack-protector-strong -grecord-gcc-switches -specs=/usr/lib/rpm/generic-hardened-cc1 -fasynchronous-unwind-tables -fstack-clash-protection -fPIC -pthread -MD -MQ gom/libgom-1.0.so.0.1.0.p/gom-filter.c.o -MF gom/libgom-1.0.so.0.1.0.p/gom-filter.c.o.d -o gom/libgom-1.0.so.0.1.0.p/gom-filter.c.o -c ../gom/gom-filter.c
[ 2310s] ../gom/gom-filter.c: In function gom_filter_class_init:
[ 2310s] ../gom/gom-filter.c:699:4: warning: g_type_class_add_private is deprecated [-Wdeprecated-declarations]
[ 2310s]   699 |    g_type_class_add_private(object_class, sizeof(GomFilterPrivate));
[ 2310s]       |    ^~~~~~~~~~~~~~~~~~~~~~~~
[ 2310s] In file included from /usr/include/glib-2.0/gobject/gobject.h:24,
[ 2310s]                  from /usr/include/glib-2.0/gobject/gbinding.h:29,
[ 2310s]                  from /usr/include/glib-2.0/glib-object.h:22,
[ 2310s]                  from ../gom/gom-filter.h:22,
[ 2310s]                  from ../gom/gom-filter.c:21:
[ 2310s] /usr/include/glib-2.0/gobject/gtype.h:1304:10: note: declared here
[ 2310s]  1304 | void     g_type_class_add_private       (gpointer                    g_class,
[ 2310s]       |          ^~~~~~~~~~~~~~~~~~~~~~~~
[ 2310s] ../gom/gom-filter.c: In function gom_filter_init:
[ 2310s] ../gom/gom-filter.c:733:13: warning: Deprecated pre-processor symbol, replace with 
[ 2310s]   733 |                                   GomFilterPrivate);
[ 2310s]       |             ^                     ~~~~~~~~~~~~~~~~~~        
[ 2313s] [6/40] cc -Igom/libgom-1.0.so.0.1.0.p -Igom -I../gom -I/usr/include/glib-2.0 -I/usr/lib64/glib-2.0/include -I/usr/include/libmount -I/usr/include/blkid -fdiagnostics-color=always -D_FILE_OFFSET_BITS=64 -Wall -Winvalid-pch -O2 -g -pipe -Wall -Werror=format-security -Wp,-D_FORTIFY_SOURCE=2 -Wp,-D_GLIBCXX_ASSERTIONS -fstack-protector-strong -grecord-gcc-switches -specs=/usr/lib/rpm/generic-hardened-cc1 -fasynchronous-unwind-tables -fstack-clash-protection -fPIC -pthread -MD -MQ gom/libgom-1.0.so.0.1.0.p/gom-command-builder.c.o -MF gom/libgom-1.0.so.0.1.0.p/gom-command-builder.c.o.d -o gom/libgom-1.0.so.0.1.0.p/gom-command-builder.c.o -c ../gom/gom-command-builder.c
[ 2313s] ../gom/gom-command-builder.c: In function gom_command_builder_class_init:
[ 2313s] ../gom/gom-command-builder.c:1030:4: warning: g_type_class_add_private is deprecated [-Wdeprecated-declarations]
[ 2313s]  1030 |    g_type_class_add_private(object_class, sizeof(GomCommandBuilderPrivate));
[ 2313s]       |    ^~~~~~~~~~~~~~~~~~~~~~~~
[ 2313s] In file included from /usr/include/glib-2.0/gobject/gobject.h:24,
[ 2313s]                  from /usr/include/glib-2.0/gobject/gbinding.h:29,
[ 2313s]                  from /usr/include/glib-2.0/glib-object.h:22,
[ 2313s]                  from /usr/include/glib-2.0/gio/gioenums.h:28,
[ 2313s]                  from /usr/include/glib-2.0/gio/giotypes.h:28,
[ 2313s]                  from /usr/include/glib-2.0/gio/gio.h:26,
[ 2313s]                  from ../gom/gom-adapter.h:22,
[ 2313s]                  from ../gom/gom-command-builder.c:19:
[ 2313s] /usr/include/glib-2.0/gobject/gtype.h:1304:10: note: declared here
[ 2313s]  1304 | void     g_type_class_add_private       (gpointer                    g_class,
[ 2313s]       |          ^~~~~~~~~~~~~~~~~~~~~~~~
[ 2313s] ../gom/gom-command-builder.c: In function gom_command_builder_init:
[ 2313s] ../gom/gom-command-builder.c:1121:13: warning: Deprecated pre-processor symbol, replace with 
[ 2313s]  1121 |                                   GomCommandBuilderPrivate);
[ 2313s]       |             ^                     ~~~~~~~~~~~~~~~~~~~~~~~~~~
[ 2314s] [7/40] cc -Igom/libgom-1.0.so.0.1.0.p -Igom -I../gom -I/usr/include/glib-2.0 -I/usr/lib64/glib-2.0/include -I/usr/include/libmount -I/usr/include/blkid -fdiagnostics-color=always -D_FILE_OFFSET_BITS=64 -Wall -Winvalid-pch -O2 -g -pipe -Wall -Werror=format-security -Wp,-D_FORTIFY_SOURCE=2 -Wp,-D_GLIBCXX_ASSERTIONS -fstack-protector-strong -grecord-gcc-switches -specs=/usr/lib/rpm/generic-hardened-cc1 -fasynchronous-unwind-tables -fstack-clash-protection -fPIC -pthread -MD -MQ gom/libgom-1.0.so.0.1.0.p/gom-repository.c.o -MF gom/libgom-1.0.so.0.1.0.p/gom-repository.c.o.d -o gom/libgom-1.0.so.0.1.0.p/gom-repository.c.o -c ../gom/gom-repository.c
[ 2314s] ../gom/gom-repository.c: In function gom_repository_migrate_cb:
[ 2314s] ../gom/gom-repository.c:172:7: warning: g_simple_async_result_set_op_res_gboolean is deprecated [-Wdeprecated-declarations]
[ 2314s]   172 |       g_simple_async_result_set_op_res_gboolean(simple, TRUE);
[ 2314s]       |       ^~~~~~~~~~~~~~~~~~~~~~~~~~~~~~~~~~~~~~~~~
[ 2314s] In file included from /usr/include/glib-2.0/gio/gio.h:136,
[ 2314s]                  from ../gom/gom-resource.h:22,
[ 2314s]                  from ../gom/gom-command-builder.h:25,
[ 2314s]                  from ../gom/gom-repository.c:20:
[ 2314s] /usr/include/glib-2.0/gio/gsimpleasyncresult.h:88:21: note: declared here
[ 2314s]    88 | void                g_simple_async_result_set_op_res_gboolean (GSimpleAsyncResult      *simple,
[ 2314s]       |                     ^~~~~~~~~~~~~~~~~~~~~~~~~~~~~~~~~~~~~~~~~
[ 2314s] ../gom/gom-repository.c:203:4: warning: g_simple_async_result_set_op_res_gboolean is deprecated [-Wdeprecated-declarations]
[ 2314s]   203 |    g_simple_async_result_set_op_res_gboolean(simple, TRUE);
[ 2314s]       |    ^~~~~~~~~~~~~~~~~~~~~~~~~~~~~~~~~~~~~~~~~
[ 2314s] In file included from /usr/include/glib-2.0/gio/gio.h:136,
[ 2314s]                  from ../gom/gom-resource.h:22,
[ 2314s]                  from ../gom/gom-command-builder.h:25,
[ 2314s]                  from ../gom/gom-repository.c:20:
[ 2314s] /usr/include/glib-2.0/gio/gsimpleasyncresult.h:88:21: note: declared here
[ 2314s]    88 | void                g_simple_async_result_set_op_res_gboolean (GSimpleAsyncResult      *simple,
[ 2314s]       |                     ^~~~~~~~~~~~~~~~~~~~~~~~~~~~~~~~~~~~~~~~~
[ 2314s] ../gom/gom-repository.c:211:4: warning: g_simple_async_result_take_error is deprecated [-Wdeprecated-declarations]
[ 2314s]   211 |    g_simple_async_result_take_error(simple, error);
[ 2314s]       |    ^~~~~~~~~~~~~~~~~~~~~~~~~~~~~~~~
[ 2314s] In file included from /usr/include/glib-2.0/gio/gio.h:136,
[ 2314s]                  from ../gom/gom-resource.h:22,
[ 2314s]                  from ../gom/gom-command-builder.h:25,
[ 2314s]                  from ../gom/gom-repository.c:20:
[ 2314s] /usr/include/glib-2.0/gio/gsimpleasyncresult.h:116:21: note: declared here
[ 2314s]   116 | void                g_simple_async_result_take_error       (GSimpleAsyncResult      *simple,
[ 2314s]       |                     ^~~~~~~~~~~~~~~~~~~~~~~~~~~~~~~~
[ 2314s] ../gom/gom-repository.c:216:7: warning: g_simple_async_result_complete_in_idle is deprecated [-Wdeprecated-declarations]
[ 2314s]   216 |       g_simple_async_result_complete_in_idle(simple);
[ 2314s]       |       ^~~~~~~~~~~~~~~~~~~~~~~~~~~~~~~~~~~~~~
[ 2314s] In file included from /usr/include/glib-2.0/gio/gio.h:136,
[ 2314s]                  from ../gom/gom-resource.h:22,
[ 2314s]                  from ../gom/gom-command-builder.h:25,
[ 2314s]                  from ../gom/gom-repository.c:20:
[ 2314s] /usr/include/glib-2.0/gio/gsimpleasyncresult.h:106:21: note: declared here
[ 2314s]   106 | void                g_simple_async_result_complete_in_idle (GSimpleAsyncResult      *simple);
[ 2314s]       |                     ^~~~~~~~~~~~~~~~~~~~~~~~~~~~~~~~~~~~~~
[ 2314s] ../gom/gom-repository.c: In function gom_repository_migrate_sync:
[ 2314s] ../gom/gom-repository.c:254:4: warning: g_simple_async_result_new is deprecated: Use 'g_task_new' instead [-Wdeprecated-declarations]
[ 2314s]   254 |    simple = g_simple_async_result_new(G_OBJECT(repository), NULL, NULL,
[ 2314s]       |    ^~~~~~
[ 2314s] In file included from /usr/include/glib-2.0/gio/gio.h:136,
[ 2314s]                  from ../gom/gom-resource.h:22,
[ 2314s]                  from ../gom/gom-command-builder.h:25,
[ 2314s]                  from ../gom/gom-repository.c:20:
[ 2314s] /usr/include/glib-2.0/gio/gsimpleasyncresult.h:51:21: note: declared here
[ 2314s]    51 | GSimpleAsyncResult *g_simple_async_result_new              (GObject                 *source_object,
[ 2314s]       |                     ^~~~~~~~~~~~~~~~~~~~~~~~~
[ 2314s] ../gom/gom-repository.c:267:4: warning: g_simple_async_result_get_op_res_gboolean is deprecated [-Wdeprecated-declarations]
[ 2314s]   267 |    if (!(ret = g_simple_async_result_get_op_res_gboolean(simple))) {
[ 2314s]       |    ^~
[ 2314s] In file included from /usr/include/glib-2.0/gio/gio.h:136,
[ 2314s]                  from ../gom/gom-resource.h:22,
[ 2314s]                  from ../gom/gom-command-builder.h:25,
[ 2314s]                  from ../gom/gom-repository.c:20:
[ 2314s] /usr/include/glib-2.0/gio/gsimpleasyncresult.h:91:21: note: declared here
[ 2314s]    91 | gboolean            g_simple_async_result_get_op_res_gboolean (GSimpleAsyncResult      *simple);
[ 2314s]       |                     ^~~~~~~~~~~~~~~~~~~~~~~~~~~~~~~~~~~~~~~~~
[ 2314s] ../gom/gom-repository.c:268:7: warning: g_simple_async_result_propagate_error is deprecated [-Wdeprecated-declarations]
[ 2314s]   268 |       g_simple_async_result_propagate_error(simple, error);
[ 2314s]       |       ^~~~~~~~~~~~~~~~~~~~~~~~~~~~~~~~~~~~~
[ 2314s] In file included from /usr/include/glib-2.0/gio/gio.h:136,
[ 2314s]                  from ../gom/gom-resource.h:22,
[ 2314s]                  from ../gom/gom-command-builder.h:25,
[ 2314s]                  from ../gom/gom-repository.c:20:
[ 2314s] /usr/include/glib-2.0/gio/gsimpleasyncresult.h:119:21: note: declared here
[ 2314s]   119 | gboolean            g_simple_async_result_propagate_error  (GSimpleAsyncResult      *simple,
[ 2314s]       |                     ^~~~~~~~~~~~~~~~~~~~~~~~~~~~~~~~~~~~~
[ 2314s] ../gom/gom-repository.c: In function gom_repository_migrate_async:
[ 2314s] ../gom/gom-repository.c:309:4: warning: g_simple_async_result_new is deprecated: Use 'g_task_new' instead [-Wdeprecated-declarations]
[ 2314s]   309 |    simple = g_simple_async_result_new(G_OBJECT(repository), callback, user_data,
[ 2314s]       |    ^~~~~~
[ 2314s] In file included from /usr/include/glib-2.0/gio/gio.h:136,
[ 2314s]                  from ../gom/gom-resource.h:22,
[ 2314s]                  from ../gom/gom-command-builder.h:25,
[ 2314s]                  from ../gom/gom-repository.c:20:
[ 2314s] /usr/include/glib-2.0/gio/gsimpleasyncresult.h:51:21: note: declared here
[ 2314s]    51 | GSimpleAsyncResult *g_simple_async_result_new              (GObject                 *source_object,
[ 2314s]       |                     ^~~~~~~~~~~~~~~~~~~~~~~~~
[ 2314s] ../gom/gom-repository.c: In function gom_repository_migrate_finish:
[ 2314s] ../gom/gom-repository.c:331:4: warning: g_simple_async_result_get_op_res_gboolean is deprecated [-Wdeprecated-declarations]
[ 2314s]   331 |    if (!(ret = g_simple_async_result_get_op_res_gboolean(simple))) {
[ 2314s]       |    ^~
[ 2314s] In file included from /usr/include/glib-2.0/gio/gio.h:136,
[ 2314s]                  from ../gom/gom-resource.h:22,
[ 2314s]                  from ../gom/gom-command-builder.h:25,
[ 2314s]                  from ../gom/gom-repository.c:20:
[ 2314s] /usr/include/glib-2.0/gio/gsimpleasyncresult.h:91:21: note: declared here
[ 2314s]    91 | gboolean            g_simple_async_result_get_op_res_gboolean (GSimpleAsyncResult      *simple);
[ 2314s]       |                     ^~~~~~~~~~~~~~~~~~~~~~~~~~~~~~~~~~~~~~~~~
[ 2314s] ../gom/gom-repository.c:332:7: warning: g_simple_async_result_propagate_error is deprecated [-Wdeprecated-declarations]
[ 2314s]   332 |       g_simple_async_result_propagate_error(simple, error);
[ 2314s]       |       ^~~~~~~~~~~~~~~~~~~~~~~~~~~~~~~~~~~~~
[ 2314s] In file included from /usr/include/glib-2.0/gio/gio.h:136,
[ 2314s]                  from ../gom/gom-resource.h:22,
[ 2314s]                  from ../gom/gom-command-builder.h:25,
[ 2314s]                  from ../gom/gom-repository.c:20:
[ 2314s] /usr/include/glib-2.0/gio/gsimpleasyncresult.h:119:21: note: declared here
[ 2314s]   119 | gboolean            g_simple_async_result_propagate_error  (GSimpleAsyncResult      *simple,
[ 2314s]       |                     ^~~~~~~~~~~~~~~~~~~~~~~~~~~~~~~~~~~~~
[ 2314s] ../gom/gom-repository.c: In function gom_repository_find_cb:
[ 2314s] ../gom/gom-repository.c:503:7: warning: g_simple_async_result_take_error is deprecated [-Wdeprecated-declarations]
[ 2314s]   503 |       g_simple_async_result_take_error(simple, error);
[ 2314s]       |       ^~~~~~~~~~~~~~~~~~~~~~~~~~~~~~~~
[ 2314s] In file included from /usr/include/glib-2.0/gio/gio.h:136,
[ 2314s]                  from ../gom/gom-resource.h:22,
[ 2314s]                  from ../gom/gom-command-builder.h:25,
[ 2314s]                  from ../gom/gom-repository.c:20:
[ 2314s] /usr/include/glib-2.0/gio/gsimpleasyncresult.h:116:21: note: declared here
[ 2314s]   116 | void                g_simple_async_result_take_error       (GSimpleAsyncResult      *simple,
[ 2314s]       |                     ^~~~~~~~~~~~~~~~~~~~~~~~~~~~~~~~
[ 2314s] ../gom/gom-repository.c:521:4: warning: g_simple_async_result_set_op_res_gpointer is deprecated [-Wdeprecated-declarations]
[ 2314s]   521 |    g_simple_async_result_set_op_res_gpointer(simple, ret, g_object_unref);
[ 2314s]       |    ^~~~~~~~~~~~~~~~~~~~~~~~~~~~~~~~~~~~~~~~~
[ 2314s] In file included from /usr/include/glib-2.0/gio/gio.h:136,
[ 2314s]                  from ../gom/gom-resource.h:22,
[ 2314s]                  from ../gom/gom-command-builder.h:25,
[ 2314s]                  from ../gom/gom-repository.c:20:
[ 2314s] /usr/include/glib-2.0/gio/gsimpleasyncresult.h:75:21: note: declared here
[ 2314s]    75 | void                g_simple_async_result_set_op_res_gpointer (GSimpleAsyncResult      *simple,
[ 2314s]       |                     ^~~~~~~~~~~~~~~~~~~~~~~~~~~~~~~~~~~~~~~~~
[ 2314s] ../gom/gom-repository.c:525:7: warning: g_simple_async_result_complete_in_idle is deprecated [-Wdeprecated-declarations]
[ 2314s]   525 |       g_simple_async_result_complete_in_idle(simple);
[ 2314s]       |       ^~~~~~~~~~~~~~~~~~~~~~~~~~~~~~~~~~~~~~
[ 2314s] In file included from /usr/include/glib-2.0/gio/gio.h:136,
[ 2314s]                  from ../gom/gom-resource.h:22,
[ 2314s]                  from ../gom/gom-command-builder.h:25,
[ 2314s]                  from ../gom/gom-repository.c:20:
[ 2314s] /usr/include/glib-2.0/gio/gsimpleasyncresult.h:106:21: note: declared here
[ 2314s]   106 | void                g_simple_async_result_complete_in_idle (GSimpleAsyncResult      *simple);
[ 2314s]       |                     ^~~~~~~~~~~~~~~~~~~~~~~~~~~~~~~~~~~~~~
[ 2314s] ../gom/gom-repository.c: In function gom_repository_find_sorted_sync:
[ 2314s] ../gom/gom-repository.c:594:4: warning: g_simple_async_result_new is deprecated: Use 'g_task_new' instead [-Wdeprecated-declarations]
[ 2314s]   594 |    simple = g_simple_async_result_new(G_OBJECT(repository), NULL, NULL,
[ 2314s]       |    ^~~~~~
[ 2314s] In file included from /usr/include/glib-2.0/gio/gio.h:136,
[ 2314s]                  from ../gom/gom-resource.h:22,
[ 2314s]                  from ../gom/gom-command-builder.h:25,
[ 2314s]                  from ../gom/gom-repository.c:20:
[ 2314s] /usr/include/glib-2.0/gio/gsimpleasyncresult.h:51:21: note: declared here
[ 2314s]    51 | GSimpleAsyncResult *g_simple_async_result_new              (GObject                 *source_object,
[ 2314s]       |                     ^~~~~~~~~~~~~~~~~~~~~~~~~
[ 2314s] ../gom/gom-repository.c:610:4: warning: g_simple_async_result_get_op_res_gpointer is deprecated [-Wdeprecated-declarations]
[ 2314s]   610 |    if (!(ret = g_simple_async_result_get_op_res_gpointer(simple))) {
[ 2314s]       |    ^~
[ 2314s] In file included from /usr/include/glib-2.0/gio/gio.h:136,
[ 2314s]                  from ../gom/gom-resource.h:22,
[ 2314s]                  from ../gom/gom-command-builder.h:25,
[ 2314s]                  from ../gom/gom-repository.c:20:
[ 2314s] /usr/include/glib-2.0/gio/gsimpleasyncresult.h:79:21: note: declared here
[ 2314s]    79 | gpointer            g_simple_async_result_get_op_res_gpointer (GSimpleAsyncResult      *simple);
[ 2314s]       |                     ^~~~~~~~~~~~~~~~~~~~~~~~~~~~~~~~~~~~~~~~~
[ 2314s] ../gom/gom-repository.c:611:7: warning: g_simple_async_result_propagate_error is deprecated [-Wdeprecated-declarations]
[ 2314s]   611 |       g_simple_async_result_propagate_error(simple, error);
[ 2314s]       |       ^~~~~~~~~~~~~~~~~~~~~~~~~~~~~~~~~~~~~
[ 2314s] In file included from /usr/include/glib-2.0/gio/gio.h:136,
[ 2314s]                  from ../gom/gom-resource.h:22,
[ 2314s]                  from ../gom/gom-command-builder.h:25,
[ 2314s]                  from ../gom/gom-repository.c:20:
[ 2314s] /usr/include/glib-2.0/gio/gsimpleasyncresult.h:119:21: note: declared here
[ 2314s]   119 | gboolean            g_simple_async_result_propagate_error  (GSimpleAsyncResult      *simple,
[ 2314s]       |                     ^~~~~~~~~~~~~~~~~~~~~~~~~~~~~~~~~~~~~
[ 2314s] ../gom/gom-repository.c: In function gom_repository_find_sorted_async:
[ 2314s] ../gom/gom-repository.c:652:4: warning: g_simple_async_result_new is deprecated: Use 'g_task_new' instead [-Wdeprecated-declarations]
[ 2314s]   652 |    simple = g_simple_async_result_new(G_OBJECT(repository), callback, user_data,
[ 2314s]       |    ^~~~~~
[ 2314s] In file included from /usr/include/glib-2.0/gio/gio.h:136,
[ 2314s]                  from ../gom/gom-resource.h:22,
[ 2314s]                  from ../gom/gom-command-builder.h:25,
[ 2314s]                  from ../gom/gom-repository.c:20:
[ 2314s] /usr/include/glib-2.0/gio/gsimpleasyncresult.h:51:21: note: declared here
[ 2314s]    51 | GSimpleAsyncResult *g_simple_async_result_new              (GObject                 *source_object,
[ 2314s]       |                     ^~~~~~~~~~~~~~~~~~~~~~~~~
[ 2314s] ../gom/gom-repository.c: In function gom_repository_find_finish:
[ 2314s] ../gom/gom-repository.c:687:4: warning: g_simple_async_result_get_op_res_gpointer is deprecated [-Wdeprecated-declarations]
[ 2314s]   687 |    if (!(ret = g_simple_async_result_get_op_res_gpointer(simple))) {
[ 2314s]       |    ^~
[ 2314s] In file included from /usr/include/glib-2.0/gio/gio.h:136,
[ 2314s]                  from ../gom/gom-resource.h:22,
[ 2314s]                  from ../gom/gom-command-builder.h:25,
[ 2314s]                  from ../gom/gom-repository.c:20:
[ 2314s] /usr/include/glib-2.0/gio/gsimpleasyncresult.h:79:21: note: declared here
[ 2314s]    79 | gpointer            g_simple_async_result_get_op_res_gpointer (GSimpleAsyncResult      *simple);
[ 2314s]       |                     ^~~~~~~~~~~~~~~~~~~~~~~~~~~~~~~~~~~~~~~~~
[ 2314s] ../gom/gom-repository.c:688:7: warning: g_simple_async_result_propagate_error is deprecated [-Wdeprecated-declarations]
[ 2314s]   688 |       g_simple_async_result_propagate_error(simple, error);
[ 2314s]       |       ^~~~~~~~~~~~~~~~~~~~~~~~~~~~~~~~~~~~~
[ 2314s] In file included from /usr/include/glib-2.0/gio/gio.h:136,
[ 2314s]                  from ../gom/gom-resource.h:22,
[ 2314s]                  from ../gom/gom-command-builder.h:25,
[ 2314s]                  from ../gom/gom-repository.c:20:
[ 2314s] /usr/include/glib-2.0/gio/gsimpleasyncresult.h:119:21: note: declared here
[ 2314s]   119 | gboolean            g_simple_async_result_propagate_error  (GSimpleAsyncResult      *simple,
[ 2314s]       |                     ^~~~~~~~~~~~~~~~~~~~~~~~~~~~~~~~~~~~~
[ 2314s] ../gom/gom-repository.c: In function gom_repository_find_one_fetch_cb:
[ 2314s] ../gom/gom-repository.c:709:7: warning: g_simple_async_result_take_error is deprecated [-Wdeprecated-declarations]
[ 2314s]   709 |       g_simple_async_result_take_error(simple, error);
[ 2314s]       |       ^~~~~~~~~~~~~~~~~~~~~~~~~~~~~~~~
[ 2314s] In file included from /usr/include/glib-2.0/gio/gio.h:136,
[ 2314s]                  from ../gom/gom-resource.h:22,
[ 2314s]                  from ../gom/gom-command-builder.h:25,
[ 2314s]                  from ../gom/gom-repository.c:20:
[ 2314s] /usr/include/glib-2.0/gio/gsimpleasyncresult.h:116:21: note: declared here
[ 2314s]   116 | void                g_simple_async_result_take_error       (GSimpleAsyncResult      *simple,
[ 2314s]       |                     ^~~~~~~~~~~~~~~~~~~~~~~~~~~~~~~~
[ 2314s] ../gom/gom-repository.c:710:7: warning: g_simple_async_result_complete_in_idle is deprecated [-Wdeprecated-declarations]
[ 2314s]   710 |       g_simple_async_result_complete_in_idle(simple);
[ 2314s]       |       ^~~~~~~~~~~~~~~~~~~~~~~~~~~~~~~~~~~~~~
[ 2314s] In file included from /usr/include/glib-2.0/gio/gio.h:136,
[ 2314s]                  from ../gom/gom-resource.h:22,
[ 2314s]                  from ../gom/gom-command-builder.h:25,
[ 2314s]                  from ../gom/gom-repository.c:20:
[ 2314s] /usr/include/glib-2.0/gio/gsimpleasyncresult.h:106:21: note: declared here
[ 2314s]   106 | void                g_simple_async_result_complete_in_idle (GSimpleAsyncResult      *simple);
[ 2314s]       |                     ^~~~~~~~~~~~~~~~~~~~~~~~~~~~~~~~~~~~~~
[ 2314s] ../gom/gom-repository.c:716:4: warning: g_simple_async_result_set_op_res_gpointer is deprecated [-Wdeprecated-declarations]
[ 2314s]   716 |    g_simple_async_result_set_op_res_gpointer(simple,
[ 2314s]       |    ^~~~~~~~~~~~~~~~~~~~~~~~~~~~~~~~~~~~~~~~~
[ 2314s] In file included from /usr/include/glib-2.0/gio/gio.h:136,
[ 2314s]                  from ../gom/gom-resource.h:22,
[ 2314s]                  from ../gom/gom-command-builder.h:25,
[ 2314s]                  from ../gom/gom-repository.c:20:
[ 2314s] /usr/include/glib-2.0/gio/gsimpleasyncresult.h:75:21: note: declared here
[ 2314s]    75 | void                g_simple_async_result_set_op_res_gpointer (GSimpleAsyncResult      *simple,
[ 2314s]       |                     ^~~~~~~~~~~~~~~~~~~~~~~~~~~~~~~~~~~~~~~~~
[ 2314s] ../gom/gom-repository.c:719:4: warning: g_simple_async_result_complete_in_idle is deprecated [-Wdeprecated-declarations]
[ 2314s]   719 |    g_simple_async_result_complete_in_idle(simple);
[ 2314s]       |    ^~~~~~~~~~~~~~~~~~~~~~~~~~~~~~~~~~~~~~
[ 2314s] In file included from /usr/include/glib-2.0/gio/gio.h:136,
[ 2314s]                  from ../gom/gom-resource.h:22,
[ 2314s]                  from ../gom/gom-command-builder.h:25,
[ 2314s]                  from ../gom/gom-repository.c:20:
[ 2314s] /usr/include/glib-2.0/gio/gsimpleasyncresult.h:106:21: note: declared here
[ 2314s]   106 | void                g_simple_async_result_complete_in_idle (GSimpleAsyncResult      *simple);
[ 2314s]       |                     ^~~~~~~~~~~~~~~~~~~~~~~~~~~~~~~~~~~~~~
[ 2314s] ../gom/gom-repository.c: In function gom_repository_find_one_cb:
[ 2314s] ../gom/gom-repository.c:737:7: warning: g_simple_async_result_take_error is deprecated [-Wdeprecated-declarations]
[ 2314s]   737 |       g_simple_async_result_take_error(simple, error);
[ 2314s]       |       ^~~~~~~~~~~~~~~~~~~~~~~~~~~~~~~~
[ 2314s] In file included from /usr/include/glib-2.0/gio/gio.h:136,
[ 2314s]                  from ../gom/gom-resource.h:22,
[ 2314s]                  from ../gom/gom-command-builder.h:25,
[ 2314s]                  from ../gom/gom-repository.c:20:
[ 2314s] /usr/include/glib-2.0/gio/gsimpleasyncresult.h:116:21: note: declared here
[ 2314s]   116 | void                g_simple_async_result_take_error       (GSimpleAsyncResult      *simple,
[ 2314s]       |                     ^~~~~~~~~~~~~~~~~~~~~~~~~~~~~~~~
[ 2314s] ../gom/gom-repository.c:738:7: warning: g_simple_async_result_complete_in_idle is deprecated [-Wdeprecated-declarations]
[ 2314s]   738 |       g_simple_async_result_complete_in_idle(simple);
[ 2314s]       |       ^~~~~~~~~~~~~~~~~~~~~~~~~~~~~~~~~~~~~~
[ 2314s] In file included from /usr/include/glib-2.0/gio/gio.h:136,
[ 2314s]                  from ../gom/gom-resource.h:22,
[ 2314s]                  from ../gom/gom-command-builder.h:25,
[ 2314s]                  from ../gom/gom-repository.c:20:
[ 2314s] /usr/include/glib-2.0/gio/gsimpleasyncresult.h:106:21: note: declared here
[ 2314s]   106 | void                g_simple_async_result_complete_in_idle (GSimpleAsyncResult      *simple);
[ 2314s]       |                     ^~~~~~~~~~~~~~~~~~~~~~~~~~~~~~~~~~~~~~
[ 2314s] ../gom/gom-repository.c:744:7: warning: g_simple_async_result_set_error is deprecated [-Wdeprecated-declarations]
[ 2314s]   744 |       g_simple_async_result_set_error(simple, GOM_ERROR,
[ 2314s]       |       ^~~~~~~~~~~~~~~~~~~~~~~~~~~~~~~
[ 2314s] In file included from /usr/include/glib-2.0/gio/gio.h:136,
[ 2314s]                  from ../gom/gom-resource.h:22,
[ 2314s]                  from ../gom/gom-command-builder.h:25,
[ 2314s]                  from ../gom/gom-repository.c:20:
[ 2314s] /usr/include/glib-2.0/gio/gsimpleasyncresult.h:122:21: note: declared here
[ 2314s]   122 | void                g_simple_async_result_set_error        (GSimpleAsyncResult      *simple,
[ 2314s]       |                     ^~~~~~~~~~~~~~~~~~~~~~~~~~~~~~~
[ 2314s] ../gom/gom-repository.c:747:7: warning: g_simple_async_result_complete_in_idle is deprecated [-Wdeprecated-declarations]
[ 2314s]   747 |       g_simple_async_result_complete_in_idle(simple);
[ 2314s]       |       ^~~~~~~~~~~~~~~~~~~~~~~~~~~~~~~~~~~~~~
[ 2314s] In file included from /usr/include/glib-2.0/gio/gio.h:136,
[ 2314s]                  from ../gom/gom-resource.h:22,
[ 2314s]                  from ../gom/gom-command-builder.h:25,
[ 2314s]                  from ../gom/gom-repository.c:20:
[ 2314s] /usr/include/glib-2.0/gio/gsimpleasyncresult.h:106:21: note: declared here
[ 2314s]   106 | void                g_simple_async_result_complete_in_idle (GSimpleAsyncResult      *simple);
[ 2314s]       |                     ^~~~~~~~~~~~~~~~~~~~~~~~~~~~~~~~~~~~~~
[ 2314s] ../gom/gom-repository.c: In function gom_repository_find_one_async:
[ 2314s] ../gom/gom-repository.c:822:4: warning: g_simple_async_result_new is deprecated: Use 'g_task_new' instead [-Wdeprecated-declarations]
[ 2314s]   822 |    simple = g_simple_async_result_new(G_OBJECT(repository), callback, user_data,
[ 2314s]       |    ^~~~~~
[ 2314s] In file included from /usr/include/glib-2.0/gio/gio.h:136,
[ 2314s]                  from ../gom/gom-resource.h:22,
[ 2314s]                  from ../gom/gom-command-builder.h:25,
[ 2314s]                  from ../gom/gom-repository.c:20:
[ 2314s] /usr/include/glib-2.0/gio/gsimpleasyncresult.h:51:21: note: declared here
[ 2314s]    51 | GSimpleAsyncResult *g_simple_async_result_new              (GObject                 *source_object,
[ 2314s]       |                     ^~~~~~~~~~~~~~~~~~~~~~~~~
[ 2314s] ../gom/gom-repository.c: In function gom_repository_find_one_finish:
[ 2314s] ../gom/gom-repository.c:851:4: warning: g_simple_async_result_get_op_res_gpointer is deprecated [-Wdeprecated-declarations]
[ 2314s]   851 |    if (!(ret = g_simple_async_result_get_op_res_gpointer(simple))) {
[ 2314s]       |    ^~
[ 2314s] In file included from /usr/include/glib-2.0/gio/gio.h:136,
[ 2314s]                  from ../gom/gom-resource.h:22,
[ 2314s]                  from ../gom/gom-command-builder.h:25,
[ 2314s]                  from ../gom/gom-repository.c:20:
[ 2314s] /usr/include/glib-2.0/gio/gsimpleasyncresult.h:79:21: note: declared here
[ 2314s]    79 | gpointer            g_simple_async_result_get_op_res_gpointer (GSimpleAsyncResult      *simple);
[ 2314s]       |                     ^~~~~~~~~~~~~~~~~~~~~~~~~~~~~~~~~~~~~~~~~
[ 2314s] ../gom/gom-repository.c:852:7: warning: g_simple_async_result_propagate_error is deprecated [-Wdeprecated-declarations]
[ 2314s]   852 |       g_simple_async_result_propagate_error(simple, error);
[ 2314s]       |       ^~~~~~~~~~~~~~~~~~~~~~~~~~~~~~~~~~~~~
[ 2314s] In file included from /usr/include/glib-2.0/gio/gio.h:136,
[ 2314s]                  from ../gom/gom-resource.h:22,
[ 2314s]                  from ../gom/gom-command-builder.h:25,
[ 2314s]                  from ../gom/gom-repository.c:20:
[ 2314s] /usr/include/glib-2.0/gio/gsimpleasyncresult.h:119:21: note: declared here
[ 2314s]   119 | gboolean            g_simple_async_result_propagate_error  (GSimpleAsyncResult      *simple,
[ 2314s]       |                     ^~~~~~~~~~~~~~~~~~~~~~~~~~~~~~~~~~~~~
[ 2314s] ../gom/gom-repository.c: In function gom_repository_class_init:
[ 2314s] ../gom/gom-repository.c:942:4: warning: g_type_class_add_private is deprecated [-Wdeprecated-declarations]
[ 2314s]   942 |    g_type_class_add_private(object_class, sizeof(GomRepositoryPrivate));
[ 2314s]       |    ^~~~~~~~~~~~~~~~~~~~~~~~
[ 2314s] In file included from /usr/include/glib-2.0/gobject/gobject.h:24,
[ 2314s]                  from /usr/include/glib-2.0/gobject/gbinding.h:29,
[ 2314s]                  from /usr/include/glib-2.0/glib-object.h:22,
[ 2314s]                  from ../gom/gom-command.h:22,
[ 2314s]                  from ../gom/gom-repository.c:19:
[ 2314s] /usr/include/glib-2.0/gobject/gtype.h:1304:10: note: declared here
[ 2314s]  1304 | void     g_type_class_add_private       (gpointer                    g_class,
[ 2314s]       |          ^~~~~~~~~~~~~~~~~~~~~~~~
[ 2314s] ../gom/gom-repository.c: In function gom_repository_init:
[ 2314s] ../gom/gom-repository.c:966:13: warning: Deprecated pre-processor symbol, replace with 
[ 2314s]   966 |                                   GomRepositoryPrivate);
[ 2314s]       |             ^                     ~~~~~~~~~~~~~~~~~~~~~~    
[ 2317s] [8/40] cc -Igom/libgom-1.0.so.0.1.0.p -Igom -I../gom -I/usr/include/glib-2.0 -I/usr/lib64/glib-2.0/include -I/usr/include/libmount -I/usr/include/blkid -fdiagnostics-color=always -D_FILE_OFFSET_BITS=64 -Wall -Winvalid-pch -O2 -g -pipe -Wall -Werror=format-security -Wp,-D_FORTIFY_SOURCE=2 -Wp,-D_GLIBCXX_ASSERTIONS -fstack-protector-strong -grecord-gcc-switches -specs=/usr/lib/rpm/generic-hardened-cc1 -fasynchronous-unwind-tables -fstack-clash-protection -fPIC -pthread -MD -MQ gom/libgom-1.0.so.0.1.0.p/gom-sorting.c.o -MF gom/libgom-1.0.so.0.1.0.p/gom-sorting.c.o.d -o gom/libgom-1.0.so.0.1.0.p/gom-sorting.c.o -c ../gom/gom-sorting.c
[ 2317s] ../gom/gom-sorting.c: In function gom_sorting_class_init:
[ 2317s] ../gom/gom-sorting.c:63:4: warning: g_type_class_add_private is deprecated [-Wdeprecated-declarations]
[ 2317s]    63 |    g_type_class_add_private(object_class, sizeof(GomSortingPrivate));
[ 2317s]       |    ^~~~~~~~~~~~~~~~~~~~~~~~
[ 2317s] In file included from /usr/include/glib-2.0/gobject/gobject.h:24,
[ 2317s]                  from /usr/include/glib-2.0/gobject/gbinding.h:29,
[ 2317s]                  from /usr/include/glib-2.0/glib-object.h:22,
[ 2317s]                  from ../gom/gom-sorting.h:22,
[ 2317s]                  from ../gom/gom-sorting.c:21:
[ 2317s] /usr/include/glib-2.0/gobject/gtype.h:1304:10: note: declared here
[ 2317s]  1304 | void     g_type_class_add_private       (gpointer                    g_class,
[ 2317s]       |          ^~~~~~~~~~~~~~~~~~~~~~~~
[ 2317s] ../gom/gom-sorting.c: In function gom_sorting_init:
[ 2317s] ../gom/gom-sorting.c:70:13: warning: Deprecated pre-processor symbol, replace with 
[ 2317s]    70 |                                                GomSortingPrivate);
[ 2317s]       |             ^                                  ~~~~~~~~~~~~~
[ 2317s] [9/40] cc -Igom/libgom-1.0.so.0.1.0.p -Igom -I../gom -I/usr/include/glib-2.0 -I/usr/lib64/glib-2.0/include -I/usr/include/libmount -I/usr/include/blkid -fdiagnostics-color=always -D_FILE_OFFSET_BITS=64 -Wall -Winvalid-pch -O2 -g -pipe -Wall -Werror=format-security -Wp,-D_FORTIFY_SOURCE=2 -Wp,-D_GLIBCXX_ASSERTIONS -fstack-protector-strong -grecord-gcc-switches -specs=/usr/lib/rpm/generic-hardened-cc1 -fasynchronous-unwind-tables -fstack-clash-protection -fPIC -pthread -MD -MQ gom/libgom-1.0.so.0.1.0.p/gom-resource.c.o -MF gom/libgom-1.0.so.0.1.0.p/gom-resource.c.o.d -o gom/libgom-1.0.so.0.1.0.p/gom-resource.c.o -c ../gom/gom-resource.c
[ 2317s] ../gom/gom-resource.c: In function gom_resource_delete_cb:
[ 2317s] ../gom/gom-resource.c:384:7: warning: g_simple_async_result_take_error is deprecated [-Wdeprecated-declarations]
[ 2317s]   384 |       g_simple_async_result_take_error(simple, error);
[ 2317s]       |       ^~~~~~~~~~~~~~~~~~~~~~~~~~~~~~~~
[ 2317s] In file included from /usr/include/glib-2.0/gio/gio.h:136,
[ 2317s]                  from ../gom/gom-resource.h:22,
[ 2317s]                  from ../gom/gom-command-builder.h:25,
[ 2317s]                  from ../gom/gom-resource.c:23:
[ 2317s] /usr/include/glib-2.0/gio/gsimpleasyncresult.h:116:21: note: declared here
[ 2317s]   116 | void                g_simple_async_result_take_error       (GSimpleAsyncResult      *simple,
[ 2317s]       |                     ^~~~~~~~~~~~~~~~~~~~~~~~~~~~~~~~
[ 2317s] ../gom/gom-resource.c:387:4: warning: g_simple_async_result_set_op_res_gboolean is deprecated [-Wdeprecated-declarations]
[ 2317s]   387 |    g_simple_async_result_set_op_res_gboolean(simple, ret);
[ 2317s]       |    ^~~~~~~~~~~~~~~~~~~~~~~~~~~~~~~~~~~~~~~~~
[ 2317s] In file included from /usr/include/glib-2.0/gio/gio.h:136,
[ 2317s]                  from ../gom/gom-resource.h:22,
[ 2317s]                  from ../gom/gom-command-builder.h:25,
[ 2317s]                  from ../gom/gom-resource.c:23:
[ 2317s] /usr/include/glib-2.0/gio/gsimpleasyncresult.h:88:21: note: declared here
[ 2317s]    88 | void                g_simple_async_result_set_op_res_gboolean (GSimpleAsyncResult      *simple,
[ 2317s]       |                     ^~~~~~~~~~~~~~~~~~~~~~~~~~~~~~~~~~~~~~~~~
[ 2317s] ../gom/gom-resource.c:389:7: warning: g_simple_async_result_complete_in_idle is deprecated [-Wdeprecated-declarations]
[ 2317s]   389 |       g_simple_async_result_complete_in_idle(simple);
[ 2317s]       |       ^~~~~~~~~~~~~~~~~~~~~~~~~~~~~~~~~~~~~~
[ 2317s] In file included from /usr/include/glib-2.0/gio/gio.h:136,
[ 2317s]                  from ../gom/gom-resource.h:22,
[ 2317s]                  from ../gom/gom-command-builder.h:25,
[ 2317s]                  from ../gom/gom-resource.c:23:
[ 2317s] /usr/include/glib-2.0/gio/gsimpleasyncresult.h:106:21: note: declared here
[ 2317s]   106 | void                g_simple_async_result_complete_in_idle (GSimpleAsyncResult      *simple);
[ 2317s]       |                     ^~~~~~~~~~~~~~~~~~~~~~~~~~~~~~~~~~~~~~
[ 2317s] ../gom/gom-resource.c: In function gom_resource_delete_sync:
[ 2317s] ../gom/gom-resource.c:426:4: warning: g_simple_async_result_new is deprecated: Use 'g_task_new' instead [-Wdeprecated-declarations]
[ 2317s]   426 |    simple = g_simple_async_result_new(G_OBJECT(resource), NULL, NULL,
[ 2317s]       |    ^~~~~~
[ 2317s] In file included from /usr/include/glib-2.0/gio/gio.h:136,
[ 2317s]                  from ../gom/gom-resource.h:22,
[ 2317s]                  from ../gom/gom-command-builder.h:25,
[ 2317s]                  from ../gom/gom-resource.c:23:
[ 2317s] /usr/include/glib-2.0/gio/gsimpleasyncresult.h:51:21: note: declared here
[ 2317s]    51 | GSimpleAsyncResult *g_simple_async_result_new              (GObject                 *source_object,
[ 2317s]       |                     ^~~~~~~~~~~~~~~~~~~~~~~~~
[ 2317s] ../gom/gom-resource.c:436:4: warning: g_simple_async_result_get_op_res_gboolean is deprecated [-Wdeprecated-declarations]
[ 2317s]   436 |    if (!(ret = g_simple_async_result_get_op_res_gboolean(simple))) {
[ 2317s]       |    ^~
[ 2317s] In file included from /usr/include/glib-2.0/gio/gio.h:136,
[ 2317s]                  from ../gom/gom-resource.h:22,
[ 2317s]                  from ../gom/gom-command-builder.h:25,
[ 2317s]                  from ../gom/gom-resource.c:23:
[ 2317s] /usr/include/glib-2.0/gio/gsimpleasyncresult.h:91:21: note: declared here
[ 2317s]    91 | gboolean            g_simple_async_result_get_op_res_gboolean (GSimpleAsyncResult      *simple);
[ 2317s]       |                     ^~~~~~~~~~~~~~~~~~~~~~~~~~~~~~~~~~~~~~~~~
[ 2317s] ../gom/gom-resource.c:437:7: warning: g_simple_async_result_propagate_error is deprecated [-Wdeprecated-declarations]
[ 2317s]   437 |       g_simple_async_result_propagate_error(simple, error);
[ 2317s]       |       ^~~~~~~~~~~~~~~~~~~~~~~~~~~~~~~~~~~~~
[ 2317s] In file included from /usr/include/glib-2.0/gio/gio.h:136,
[ 2317s]                  from ../gom/gom-resource.h:22,
[ 2317s]                  from ../gom/gom-command-builder.h:25,
[ 2317s]                  from ../gom/gom-resource.c:23:
[ 2317s] /usr/include/glib-2.0/gio/gsimpleasyncresult.h:119:21: note: declared here
[ 2317s]   119 | gboolean            g_simple_async_result_propagate_error  (GSimpleAsyncResult      *simple,
[ 2317s]       |                     ^~~~~~~~~~~~~~~~~~~~~~~~~~~~~~~~~~~~~
[ 2317s] ../gom/gom-resource.c: In function gom_resource_delete_async:
[ 2317s] ../gom/gom-resource.c:462:4: warning: g_simple_async_result_new is deprecated: Use 'g_task_new' instead [-Wdeprecated-declarations]
[ 2317s]   462 |    simple = g_simple_async_result_new(G_OBJECT(resource), callback, user_data,
[ 2317s]       |    ^~~~~~
[ 2317s] In file included from /usr/include/glib-2.0/gio/gio.h:136,
[ 2317s]                  from ../gom/gom-resource.h:22,
[ 2317s]                  from ../gom/gom-command-builder.h:25,
[ 2318s]                  from ../gom/gom-resource.c:23:
[ 2318s] /usr/include/glib-2.0/gio/gsimpleasyncresult.h:51:21: note: declared here
[ 2318s]    51 | GSimpleAsyncResult *g_simple_async_result_new              (GObject                 *source_object,
[ 2318s]       |                     ^~~~~~~~~~~~~~~~~~~~~~~~~
[ 2318s] ../gom/gom-resource.c: In function gom_resource_delete_finish:
[ 2318s] ../gom/gom-resource.c:480:4: warning: g_simple_async_result_get_op_res_gboolean is deprecated [-Wdeprecated-declarations]
[ 2318s]   480 |    if (!(ret = g_simple_async_result_get_op_res_gboolean(simple))) {
[ 2318s]       |    ^~
[ 2318s] In file included from /usr/include/glib-2.0/gio/gio.h:136,
[ 2318s]                  from ../gom/gom-resource.h:22,
[ 2318s]                  from ../gom/gom-command-builder.h:25,
[ 2318s]                  from ../gom/gom-resource.c:23:
[ 2318s] /usr/include/glib-2.0/gio/gsimpleasyncresult.h:91:21: note: declared here
[ 2318s]    91 | gboolean            g_simple_async_result_get_op_res_gboolean (GSimpleAsyncResult      *simple);
[ 2318s]       |                     ^~~~~~~~~~~~~~~~~~~~~~~~~~~~~~~~~~~~~~~~~
[ 2318s] ../gom/gom-resource.c:481:7: warning: g_simple_async_result_propagate_error is deprecated [-Wdeprecated-declarations]
[ 2318s]   481 |       g_simple_async_result_propagate_error(simple, error);
[ 2318s]       |       ^~~~~~~~~~~~~~~~~~~~~~~~~~~~~~~~~~~~~
[ 2318s] In file included from /usr/include/glib-2.0/gio/gio.h:136,
[ 2318s]                  from ../gom/gom-resource.h:22,
[ 2318s]                  from ../gom/gom-command-builder.h:25,
[ 2318s]                  from ../gom/gom-resource.c:23:
[ 2318s] /usr/include/glib-2.0/gio/gsimpleasyncresult.h:119:21: note: declared here
[ 2318s]   119 | gboolean            g_simple_async_result_propagate_error  (GSimpleAsyncResult      *simple,
[ 2318s]       |                     ^~~~~~~~~~~~~~~~~~~~~~~~~~~~~~~~~~~~~
[ 2318s] ../gom/gom-resource.c: In function gom_resource_save_cb:
[ 2318s] ../gom/gom-resource.c:724:7: warning: g_simple_async_result_take_error is deprecated [-Wdeprecated-declarations]
[ 2318s]   724 |       g_simple_async_result_take_error(simple, error);
[ 2318s]       |       ^~~~~~~~~~~~~~~~~~~~~~~~~~~~~~~~
[ 2318s] In file included from /usr/include/glib-2.0/gio/gio.h:136,
[ 2318s]                  from ../gom/gom-resource.h:22,
[ 2318s]                  from ../gom/gom-command-builder.h:25,
[ 2318s]                  from ../gom/gom-resource.c:23:
[ 2318s] /usr/include/glib-2.0/gio/gsimpleasyncresult.h:116:21: note: declared here
[ 2318s]   116 | void                g_simple_async_result_take_error       (GSimpleAsyncResult      *simple,
[ 2318s]       |                     ^~~~~~~~~~~~~~~~~~~~~~~~~~~~~~~~
[ 2318s] ../gom/gom-resource.c:729:4: warning: g_simple_async_result_set_op_res_gboolean is deprecated [-Wdeprecated-declarations]
[ 2318s]   729 |    g_simple_async_result_set_op_res_gboolean(simple, ret);
[ 2318s]       |    ^~~~~~~~~~~~~~~~~~~~~~~~~~~~~~~~~~~~~~~~~
[ 2318s] In file included from /usr/include/glib-2.0/gio/gio.h:136,
[ 2318s]                  from ../gom/gom-resource.h:22,
[ 2318s]                  from ../gom/gom-command-builder.h:25,
[ 2318s]                  from ../gom/gom-resource.c:23:
[ 2318s] /usr/include/glib-2.0/gio/gsimpleasyncresult.h:88:21: note: declared here
[ 2318s]    88 | void                g_simple_async_result_set_op_res_gboolean (GSimpleAsyncResult      *simple,
[ 2318s]       |                     ^~~~~~~~~~~~~~~~~~~~~~~~~~~~~~~~~~~~~~~~~
[ 2318s] ../gom/gom-resource.c:731:7: warning: g_simple_async_result_complete_in_idle is deprecated [-Wdeprecated-declarations]
[ 2318s]   731 |       g_simple_async_result_complete_in_idle(simple);
[ 2318s]       |       ^~~~~~~~~~~~~~~~~~~~~~~~~~~~~~~~~~~~~~
[ 2318s] In file included from /usr/include/glib-2.0/gio/gio.h:136,
[ 2318s]                  from ../gom/gom-resource.h:22,
[ 2318s]                  from ../gom/gom-command-builder.h:25,
[ 2318s]                  from ../gom/gom-resource.c:23:
[ 2318s] /usr/include/glib-2.0/gio/gsimpleasyncresult.h:106:21: note: declared here
[ 2318s]   106 | void                g_simple_async_result_complete_in_idle (GSimpleAsyncResult      *simple);
[ 2318s]       |                     ^~~~~~~~~~~~~~~~~~~~~~~~~~~~~~~~~~~~~~
[ 2318s] ../gom/gom-resource.c: In function gom_resource_save_sync:
[ 2318s] ../gom/gom-resource.c:766:4: warning: g_simple_async_result_new is deprecated: Use 'g_task_new' instead [-Wdeprecated-declarations]
[ 2318s]   766 |    simple = g_simple_async_result_new(G_OBJECT(resource), NULL, NULL,
[ 2318s]       |    ^~~~~~
[ 2318s] In file included from /usr/include/glib-2.0/gio/gio.h:136,
[ 2318s]                  from ../gom/gom-resource.h:22,
[ 2318s]                  from ../gom/gom-command-builder.h:25,
[ 2318s]                  from ../gom/gom-resource.c:23:
[ 2318s] /usr/include/glib-2.0/gio/gsimpleasyncresult.h:51:21: note: declared here
[ 2318s]    51 | GSimpleAsyncResult *g_simple_async_result_new              (GObject                 *source_object,
[ 2318s]       |                     ^~~~~~~~~~~~~~~~~~~~~~~~~
[ 2318s] ../gom/gom-resource.c:778:4: warning: g_simple_async_result_get_op_res_gboolean is deprecated [-Wdeprecated-declarations]
[ 2318s]   778 |    if (!(ret = g_simple_async_result_get_op_res_gboolean(simple))) {
[ 2318s]       |    ^~
[ 2318s] In file included from /usr/include/glib-2.0/gio/gio.h:136,
[ 2318s]                  from ../gom/gom-resource.h:22,
[ 2318s]                  from ../gom/gom-command-builder.h:25,
[ 2318s]                  from ../gom/gom-resource.c:23:
[ 2318s] /usr/include/glib-2.0/gio/gsimpleasyncresult.h:91:21: note: declared here
[ 2318s]    91 | gboolean            g_simple_async_result_get_op_res_gboolean (GSimpleAsyncResult      *simple);
[ 2318s]       |                     ^~~~~~~~~~~~~~~~~~~~~~~~~~~~~~~~~~~~~~~~~
[ 2318s] ../gom/gom-resource.c:779:7: warning: g_simple_async_result_propagate_error is deprecated [-Wdeprecated-declarations]
[ 2318s]   779 |       g_simple_async_result_propagate_error(simple, error);
[ 2318s]       |       ^~~~~~~~~~~~~~~~~~~~~~~~~~~~~~~~~~~~~
[ 2318s] In file included from /usr/include/glib-2.0/gio/gio.h:136,
[ 2318s]                  from ../gom/gom-resource.h:22,
[ 2318s]                  from ../gom/gom-command-builder.h:25,
[ 2318s]                  from ../gom/gom-resource.c:23:
[ 2318s] /usr/include/glib-2.0/gio/gsimpleasyncresult.h:119:21: note: declared here
[ 2318s]   119 | gboolean            g_simple_async_result_propagate_error  (GSimpleAsyncResult      *simple,
[ 2318s]       |                     ^~~~~~~~~~~~~~~~~~~~~~~~~~~~~~~~~~~~~
[ 2318s] ../gom/gom-resource.c: In function gom_resource_save_async:
[ 2318s] ../gom/gom-resource.c:809:4: warning: g_simple_async_result_new is deprecated: Use 'g_task_new' instead [-Wdeprecated-declarations]
[ 2318s]   809 |    simple = g_simple_async_result_new(G_OBJECT(resource), callback, user_data,
[ 2318s]       |    ^~~~~~
[ 2318s] In file included from /usr/include/glib-2.0/gio/gio.h:136,
[ 2318s]                  from ../gom/gom-resource.h:22,
[ 2318s]                  from ../gom/gom-command-builder.h:25,
[ 2318s]                  from ../gom/gom-resource.c:23:
[ 2318s] /usr/include/glib-2.0/gio/gsimpleasyncresult.h:51:21: note: declared here
[ 2318s]    51 | GSimpleAsyncResult *g_simple_async_result_new              (GObject                 *source_object,
[ 2318s]       |                     ^~~~~~~~~~~~~~~~~~~~~~~~~
[ 2318s] ../gom/gom-resource.c: In function gom_resource_save_finish:
[ 2318s] ../gom/gom-resource.c:828:4: warning: g_simple_async_result_get_op_res_gboolean is deprecated [-Wdeprecated-declarations]
[ 2318s]   828 |    if (!(ret = g_simple_async_result_get_op_res_gboolean(simple))) {
[ 2318s]       |    ^~
[ 2318s] In file included from /usr/include/glib-2.0/gio/gio.h:136,
[ 2318s]                  from ../gom/gom-resource.h:22,
[ 2318s]                  from ../gom/gom-command-builder.h:25,
[ 2318s]                  from ../gom/gom-resource.c:23:
[ 2318s] /usr/include/glib-2.0/gio/gsimpleasyncresult.h:91:21: note: declared here
[ 2318s]    91 | gboolean            g_simple_async_result_get_op_res_gboolean (GSimpleAsyncResult      *simple);
[ 2318s]       |                     ^~~~~~~~~~~~~~~~~~~~~~~~~~~~~~~~~~~~~~~~~
[ 2318s] ../gom/gom-resource.c:829:7: warning: g_simple_async_result_propagate_error is deprecated [-Wdeprecated-declarations]
[ 2318s]   829 |       g_simple_async_result_propagate_error(simple, error);
[ 2318s]       |       ^~~~~~~~~~~~~~~~~~~~~~~~~~~~~~~~~~~~~
[ 2318s] In file included from /usr/include/glib-2.0/gio/gio.h:136,
[ 2318s]                  from ../gom/gom-resource.h:22,
[ 2318s]                  from ../gom/gom-command-builder.h:25,
[ 2318s]                  from ../gom/gom-resource.c:23:
[ 2318s] /usr/include/glib-2.0/gio/gsimpleasyncresult.h:119:21: note: declared here
[ 2318s]   119 | gboolean            g_simple_async_result_propagate_error  (GSimpleAsyncResult      *simple,
[ 2318s]       |                     ^~~~~~~~~~~~~~~~~~~~~~~~~~~~~~~~~~~~~
[ 2318s] ../gom/gom-resource.c: In function gom_resource_fetch_m2m_cb:
[ 2318s] ../gom/gom-resource.c:883:7: warning: g_simple_async_result_take_error is deprecated [-Wdeprecated-declarations]
[ 2318s]   883 |       g_simple_async_result_take_error(simple, error);
[ 2318s]       |       ^~~~~~~~~~~~~~~~~~~~~~~~~~~~~~~~
[ 2318s] In file included from /usr/include/glib-2.0/gio/gio.h:136,
[ 2318s]                  from ../gom/gom-resource.h:22,
[ 2318s]                  from ../gom/gom-command-builder.h:25,
[ 2318s]                  from ../gom/gom-resource.c:23:
[ 2318s] /usr/include/glib-2.0/gio/gsimpleasyncresult.h:116:21: note: declared here
[ 2318s]   116 | void                g_simple_async_result_take_error       (GSimpleAsyncResult      *simple,
[ 2318s]       |                     ^~~~~~~~~~~~~~~~~~~~~~~~~~~~~~~~
[ 2318s] ../gom/gom-resource.c:888:7: warning: g_simple_async_result_set_error is deprecated [-Wdeprecated-declarations]
[ 2318s]   888 |       g_simple_async_result_set_error(simple, GOM_ERROR,
[ 2318s]       |       ^~~~~~~~~~~~~~~~~~~~~~~~~~~~~~~
[ 2318s] In file included from /usr/include/glib-2.0/gio/gio.h:136,
[ 2318s]                  from ../gom/gom-resource.h:22,
[ 2318s]                  from ../gom/gom-command-builder.h:25,
[ 2318s]                  from ../gom/gom-resource.c:23:
[ 2318s] /usr/include/glib-2.0/gio/gsimpleasyncresult.h:122:21: note: declared here
[ 2318s]   122 | void                g_simple_async_result_set_error        (GSimpleAsyncResult      *simple,
[ 2318s]       |                     ^~~~~~~~~~~~~~~~~~~~~~~~~~~~~~~
[ 2318s] ../gom/gom-resource.c:904:4: warning: g_simple_async_result_set_op_res_gpointer is deprecated [-Wdeprecated-declarations]
[ 2318s]   904 |    g_simple_async_result_set_op_res_gpointer(simple, group, g_object_unref);
[ 2318s]       |    ^~~~~~~~~~~~~~~~~~~~~~~~~~~~~~~~~~~~~~~~~
[ 2318s] In file included from /usr/include/glib-2.0/gio/gio.h:136,
[ 2318s]                  from ../gom/gom-resource.h:22,
[ 2318s]                  from ../gom/gom-command-builder.h:25,
[ 2318s]                  from ../gom/gom-resource.c:23:
[ 2318s] /usr/include/glib-2.0/gio/gsimpleasyncresult.h:75:21: note: declared here
[ 2318s]    75 | void                g_simple_async_result_set_op_res_gpointer (GSimpleAsyncResult      *simple,
[ 2318s]       |                     ^~~~~~~~~~~~~~~~~~~~~~~~~~~~~~~~~~~~~~~~~
[ 2318s] ../gom/gom-resource.c:912:4: warning: g_simple_async_result_complete_in_idle is deprecated [-Wdeprecated-declarations]
[ 2318s]   912 |    g_simple_async_result_complete_in_idle(simple);
[ 2318s]       |    ^~~~~~~~~~~~~~~~~~~~~~~~~~~~~~~~~~~~~~
[ 2318s] In file included from /usr/include/glib-2.0/gio/gio.h:136,
[ 2318s]                  from ../gom/gom-resource.h:22,
[ 2318s]                  from ../gom/gom-command-builder.h:25,
[ 2318s]                  from ../gom/gom-resource.c:23:
[ 2318s] /usr/include/glib-2.0/gio/gsimpleasyncresult.h:106:21: note: declared here
[ 2318s]   106 | void                g_simple_async_result_complete_in_idle (GSimpleAsyncResult      *simple);
[ 2318s]       |                     ^~~~~~~~~~~~~~~~~~~~~~~~~~~~~~~~~~~~~~
[ 2318s] ../gom/gom-resource.c: In function gom_resource_fetch_m2m_async:
[ 2318s] ../gom/gom-resource.c:939:4: warning: g_simple_async_result_new is deprecated: Use 'g_task_new' instead [-Wdeprecated-declarations]
[ 2318s]   939 |    simple = g_simple_async_result_new(G_OBJECT(resource), callback, user_data,
[ 2318s]       |    ^~~~~~
[ 2318s] In file included from /usr/include/glib-2.0/gio/gio.h:136,
[ 2318s]                  from ../gom/gom-resource.h:22,
[ 2318s]                  from ../gom/gom-command-builder.h:25,
[ 2318s]                  from ../gom/gom-resource.c:23:
[ 2318s] /usr/include/glib-2.0/gio/gsimpleasyncresult.h:51:21: note: declared here
[ 2318s]    51 | GSimpleAsyncResult *g_simple_async_result_new              (GObject                 *source_object,
[ 2318s]       |                     ^~~~~~~~~~~~~~~~~~~~~~~~~
[ 2318s] ../gom/gom-resource.c: In function gom_resource_fetch_m2m_finish:
[ 2318s] ../gom/gom-resource.c:977:4: warning: g_simple_async_result_get_op_res_gpointer is deprecated [-Wdeprecated-declarations]
[ 2318s]   977 |    if (!(group = g_simple_async_result_get_op_res_gpointer(simple))) {
[ 2318s]       |    ^~
[ 2318s] In file included from /usr/include/glib-2.0/gio/gio.h:136,
[ 2318s]                  from ../gom/gom-resource.h:22,
[ 2318s]                  from ../gom/gom-command-builder.h:25,
[ 2318s]                  from ../gom/gom-resource.c:23:
[ 2318s] /usr/include/glib-2.0/gio/gsimpleasyncresult.h:79:21: note: declared here
[ 2318s]    79 | gpointer            g_simple_async_result_get_op_res_gpointer (GSimpleAsyncResult      *simple);
[ 2318s]       |                     ^~~~~~~~~~~~~~~~~~~~~~~~~~~~~~~~~~~~~~~~~
[ 2318s] ../gom/gom-resource.c:978:7: warning: g_simple_async_result_propagate_error is deprecated [-Wdeprecated-declarations]
[ 2318s]   978 |       g_simple_async_result_propagate_error(simple, error);
[ 2318s]       |       ^~~~~~~~~~~~~~~~~~~~~~~~~~~~~~~~~~~~~
[ 2318s] In file included from /usr/include/glib-2.0/gio/gio.h:136,
[ 2318s]                  from ../gom/gom-resource.h:22,
[ 2318s]                  from ../gom/gom-command-builder.h:25,
[ 2318s]                  from ../gom/gom-resource.c:23:
[ 2318s] /usr/include/glib-2.0/gio/gsimpleasyncresult.h:119:21: note: declared here
[ 2318s]   119 | gboolean            g_simple_async_result_propagate_error  (GSimpleAsyncResult      *simple,
[ 2318s]       |                     ^~~~~~~~~~~~~~~~~~~~~~~~~~~~~~~~~~~~~
[ 2318s] ../gom/gom-resource.c: In function gom_resource_class_init:
[ 2318s] ../gom/gom-resource.c:1097:4: warning: g_type_class_add_private is deprecated [-Wdeprecated-declarations]
[ 2318s]  1097 |    g_type_class_add_private(object_class, sizeof(GomResourcePrivate));
[ 2318s]       |    ^~~~~~~~~~~~~~~~~~~~~~~~
[ 2318s] In file included from /usr/include/glib-2.0/gobject/gobject.h:24,
[ 2318s]                  from /usr/include/glib-2.0/gobject/gbinding.h:29,
[ 2318s]                  from /usr/include/glib-2.0/glib-object.h:22,
[ 2318s]                  from ../gom/gom-command.h:22,
[ 2318s]                  from ../gom/gom-resource.c:22:
[ 2318s] /usr/include/glib-2.0/gobject/gtype.h:1304:10: note: declared here
[ 2318s]  1304 | void     g_type_class_add_private       (gpointer                    g_class,
[ 2318s]       |          ^~~~~~~~~~~~~~~~~~~~~~~~
[ 2318s] ../gom/gom-resource.c: In function gom_resource_init:
[ 2318s] ../gom/gom-resource.c:1121:13: warning: Deprecated pre-processor symbol, replace with 
[ 2318s]  1121 |                                   GomResourcePrivate);
[ 2318s]       |             ^                     ~~~~~~~~~~~~~~~~~~~~      
[ 2320s] [10/40] cc -Itests/test-gom-adapter.p -Itests -I../tests -I. -I.. -I/usr/include/glib-2.0 -I/usr/lib64/glib-2.0/include -I/usr/include/libmount -I/usr/include/blkid -fdiagnostics-color=always -D_FILE_OFFSET_BITS=64 -Wall -Winvalid-pch -O2 -g -pipe -Wall -Werror=format-security -Wp,-D_FORTIFY_SOURCE=2 -Wp,-D_GLIBCXX_ASSERTIONS -fstack-protector-strong -grecord-gcc-switches -specs=/usr/lib/rpm/generic-hardened-cc1 -fasynchronous-unwind-tables -fstack-clash-protection -pthread -MD -MQ tests/test-gom-adapter.p/test-gom-adapter.c.o -MF tests/test-gom-adapter.p/test-gom-adapter.c.o.d -o tests/test-gom-adapter.p/test-gom-adapter.c.o -c ../tests/test-gom-adapter.c
[ 2321s] [11/40] cc -Igom/libgom-1.0.so.0.1.0.p -Igom -I../gom -I/usr/include/glib-2.0 -I/usr/lib64/glib-2.0/include -I/usr/include/libmount -I/usr/include/blkid -fdiagnostics-color=always -D_FILE_OFFSET_BITS=64 -Wall -Winvalid-pch -O2 -g -pipe -Wall -Werror=format-security -Wp,-D_FORTIFY_SOURCE=2 -Wp,-D_GLIBCXX_ASSERTIONS -fstack-protector-strong -grecord-gcc-switches -specs=/usr/lib/rpm/generic-hardened-cc1 -fasynchronous-unwind-tables -fstack-clash-protection -fPIC -pthread -MD -MQ gom/libgom-1.0.so.0.1.0.p/gom-resource-group.c.o -MF gom/libgom-1.0.so.0.1.0.p/gom-resource-group.c.o.d -o gom/libgom-1.0.so.0.1.0.p/gom-resource-group.c.o -c ../gom/gom-resource-group.c
[ 2321s] ../gom/gom-resource-group.c: In function gom_resource_group_write_cb:
[ 2321s] ../gom/gom-resource-group.c:153:4: warning: g_simple_async_result_set_op_res_gboolean is deprecated [-Wdeprecated-declarations]
[ 2321s]   153 |    g_simple_async_result_set_op_res_gboolean(simple, TRUE);
[ 2321s]       |    ^~~~~~~~~~~~~~~~~~~~~~~~~~~~~~~~~~~~~~~~~
[ 2321s] In file included from /usr/include/glib-2.0/gio/gio.h:136,
[ 2321s]                  from ../gom/gom-adapter.h:22,
[ 2321s]                  from ../gom/gom-resource-group.c:19:
[ 2321s] /usr/include/glib-2.0/gio/gsimpleasyncresult.h:88:21: note: declared here
[ 2321s]    88 | void                g_simple_async_result_set_op_res_gboolean (GSimpleAsyncResult      *simple,
[ 2321s]       |                     ^~~~~~~~~~~~~~~~~~~~~~~~~~~~~~~~~~~~~~~~~
[ 2321s] ../gom/gom-resource-group.c:161:4: warning: g_simple_async_result_take_error is deprecated [-Wdeprecated-declarations]
[ 2321s]   161 |    g_simple_async_result_take_error(simple, error);
[ 2321s]       |    ^~~~~~~~~~~~~~~~~~~~~~~~~~~~~~~~
[ 2321s] In file included from /usr/include/glib-2.0/gio/gio.h:136,
[ 2321s]                  from ../gom/gom-adapter.h:22,
[ 2321s]                  from ../gom/gom-resource-group.c:19:
[ 2321s] /usr/include/glib-2.0/gio/gsimpleasyncresult.h:116:21: note: declared here
[ 2321s]   116 | void                g_simple_async_result_take_error       (GSimpleAsyncResult      *simple,
[ 2321s]       |                     ^~~~~~~~~~~~~~~~~~~~~~~~~~~~~~~~
[ 2321s] ../gom/gom-resource-group.c:166:7: warning: g_simple_async_result_complete_in_idle is deprecated [-Wdeprecated-declarations]
[ 2321s]   166 |       g_simple_async_result_complete_in_idle(simple);
[ 2321s]       |       ^~~~~~~~~~~~~~~~~~~~~~~~~~~~~~~~~~~~~~
[ 2321s] In file included from /usr/include/glib-2.0/gio/gio.h:136,
[ 2321s]                  from ../gom/gom-adapter.h:22,
[ 2321s]                  from ../gom/gom-resource-group.c:19:
[ 2321s] /usr/include/glib-2.0/gio/gsimpleasyncresult.h:106:21: note: declared here
[ 2321s]   106 | void                g_simple_async_result_complete_in_idle (GSimpleAsyncResult      *simple);
[ 2321s]       |                     ^~~~~~~~~~~~~~~~~~~~~~~~~~~~~~~~~~~~~~
[ 2321s] ../gom/gom-resource-group.c: In function gom_resource_group_write_sync:
[ 2321s] ../gom/gom-resource-group.c:187:4: warning: g_simple_async_result_new is deprecated: Use 'g_task_new' instead [-Wdeprecated-declarations]
[ 2321s]   187 |    simple = g_simple_async_result_new(G_OBJECT(group), NULL, NULL,
[ 2321s]       |    ^~~~~~
[ 2321s] In file included from /usr/include/glib-2.0/gio/gio.h:136,
[ 2321s]                  from ../gom/gom-adapter.h:22,
[ 2321s]                  from ../gom/gom-resource-group.c:19:
[ 2321s] /usr/include/glib-2.0/gio/gsimpleasyncresult.h:51:21: note: declared here
[ 2321s]    51 | GSimpleAsyncResult *g_simple_async_result_new              (GObject                 *source_object,
[ 2321s]       |                     ^~~~~~~~~~~~~~~~~~~~~~~~~
[ 2321s] ../gom/gom-resource-group.c:202:4: warning: g_simple_async_result_get_op_res_gboolean is deprecated [-Wdeprecated-declarations]
[ 2321s]   202 |    if (!(ret = g_simple_async_result_get_op_res_gboolean(simple))) {
[ 2321s]       |    ^~
[ 2321s] In file included from /usr/include/glib-2.0/gio/gio.h:136,
[ 2321s]                  from ../gom/gom-adapter.h:22,
[ 2321s]                  from ../gom/gom-resource-group.c:19:
[ 2321s] /usr/include/glib-2.0/gio/gsimpleasyncresult.h:91:21: note: declared here
[ 2321s]    91 | gboolean            g_simple_async_result_get_op_res_gboolean (GSimpleAsyncResult      *simple);
[ 2321s]       |                     ^~~~~~~~~~~~~~~~~~~~~~~~~~~~~~~~~~~~~~~~~
[ 2321s] ../gom/gom-resource-group.c:203:7: warning: g_simple_async_result_propagate_error is deprecated [-Wdeprecated-declarations]
[ 2321s]   203 |       g_simple_async_result_propagate_error(simple, error);
[ 2321s]       |       ^~~~~~~~~~~~~~~~~~~~~~~~~~~~~~~~~~~~~
[ 2321s] In file included from /usr/include/glib-2.0/gio/gio.h:136,
[ 2321s]                  from ../gom/gom-adapter.h:22,
[ 2321s]                  from ../gom/gom-resource-group.c:19:
[ 2321s] /usr/include/glib-2.0/gio/gsimpleasyncresult.h:119:21: note: declared here
[ 2321s]   119 | gboolean            g_simple_async_result_propagate_error  (GSimpleAsyncResult      *simple,
[ 2321s]       |                     ^~~~~~~~~~~~~~~~~~~~~~~~~~~~~~~~~~~~~
[ 2321s] ../gom/gom-resource-group.c: In function gom_resource_group_write_async:
[ 2321s] ../gom/gom-resource-group.c:232:4: warning: g_simple_async_result_new is deprecated: Use 'g_task_new' instead [-Wdeprecated-declarations]
[ 2321s]   232 |    simple = g_simple_async_result_new(G_OBJECT(group), callback, user_data,
[ 2321s]       |    ^~~~~~
[ 2321s] In file included from /usr/include/glib-2.0/gio/gio.h:136,
[ 2321s]                  from ../gom/gom-adapter.h:22,
[ 2321s]                  from ../gom/gom-resource-group.c:19:
[ 2321s] /usr/include/glib-2.0/gio/gsimpleasyncresult.h:51:21: note: declared here
[ 2321s]    51 | GSimpleAsyncResult *g_simple_async_result_new              (GObject                 *source_object,
[ 2321s]       |                     ^~~~~~~~~~~~~~~~~~~~~~~~~
[ 2321s] ../gom/gom-resource-group.c:235:7: warning: g_simple_async_result_set_op_res_gboolean is deprecated [-Wdeprecated-declarations]
[ 2321s]   235 |       g_simple_async_result_set_op_res_gboolean(simple, TRUE);
[ 2321s]       |       ^~~~~~~~~~~~~~~~~~~~~~~~~~~~~~~~~~~~~~~~~
[ 2321s] In file included from /usr/include/glib-2.0/gio/gio.h:136,
[ 2321s]                  from ../gom/gom-adapter.h:22,
[ 2321s]                  from ../gom/gom-resource-group.c:19:
[ 2321s] /usr/include/glib-2.0/gio/gsimpleasyncresult.h:88:21: note: declared here
[ 2321s]    88 | void                g_simple_async_result_set_op_res_gboolean (GSimpleAsyncResult      *simple,
[ 2321s]       |                     ^~~~~~~~~~~~~~~~~~~~~~~~~~~~~~~~~~~~~~~~~
[ 2321s] ../gom/gom-resource-group.c:236:7: warning: g_simple_async_result_complete_in_idle is deprecated [-Wdeprecated-declarations]
[ 2321s]   236 |       g_simple_async_result_complete_in_idle(simple);
[ 2321s]       |       ^~~~~~~~~~~~~~~~~~~~~~~~~~~~~~~~~~~~~~
[ 2321s] In file included from /usr/include/glib-2.0/gio/gio.h:136,
[ 2321s]                  from ../gom/gom-adapter.h:22,
[ 2321s]                  from ../gom/gom-resource-group.c:19:
[ 2321s] /usr/include/glib-2.0/gio/gsimpleasyncresult.h:106:21: note: declared here
[ 2321s]   106 | void                g_simple_async_result_complete_in_idle (GSimpleAsyncResult      *simple);
[ 2321s]       |                     ^~~~~~~~~~~~~~~~~~~~~~~~~~~~~~~~~~~~~~
[ 2321s] ../gom/gom-resource-group.c: In function gom_resource_group_write_finish:
[ 2321s] ../gom/gom-resource-group.c:261:4: warning: g_simple_async_result_get_op_res_gboolean is deprecated [-Wdeprecated-declarations]
[ 2321s]   261 |    if (!(ret = g_simple_async_result_get_op_res_gboolean(simple))) {
[ 2321s]       |    ^~
[ 2321s] In file included from /usr/include/glib-2.0/gio/gio.h:136,
[ 2321s]                  from ../gom/gom-adapter.h:22,
[ 2321s]                  from ../gom/gom-resource-group.c:19:
[ 2321s] /usr/include/glib-2.0/gio/gsimpleasyncresult.h:91:21: note: declared here
[ 2321s]    91 | gboolean            g_simple_async_result_get_op_res_gboolean (GSimpleAsyncResult      *simple);
[ 2321s]       |                     ^~~~~~~~~~~~~~~~~~~~~~~~~~~~~~~~~~~~~~~~~
[ 2321s] ../gom/gom-resource-group.c:262:7: warning: g_simple_async_result_propagate_error is deprecated [-Wdeprecated-declarations]
[ 2321s]   262 |       g_simple_async_result_propagate_error(simple, error);
[ 2321s]       |       ^~~~~~~~~~~~~~~~~~~~~~~~~~~~~~~~~~~~~
[ 2321s] In file included from /usr/include/glib-2.0/gio/gio.h:136,
[ 2321s]                  from ../gom/gom-adapter.h:22,
[ 2321s]                  from ../gom/gom-resource-group.c:19:
[ 2321s] /usr/include/glib-2.0/gio/gsimpleasyncresult.h:119:21: note: declared here
[ 2321s]   119 | gboolean            g_simple_async_result_propagate_error  (GSimpleAsyncResult      *simple,
[ 2321s]       |                     ^~~~~~~~~~~~~~~~~~~~~~~~~~~~~~~~~~~~~
[ 2321s] ../gom/gom-resource-group.c: In function gom_resource_group_delete_cb:
[ 2321s] ../gom/gom-resource-group.c:318:4: warning: g_simple_async_result_set_op_res_gboolean is deprecated [-Wdeprecated-declarations]
[ 2321s]   318 |    g_simple_async_result_set_op_res_gboolean(simple, TRUE);
[ 2321s]       |    ^~~~~~~~~~~~~~~~~~~~~~~~~~~~~~~~~~~~~~~~~
[ 2321s] In file included from /usr/include/glib-2.0/gio/gio.h:136,
[ 2321s]                  from ../gom/gom-adapter.h:22,
[ 2321s]                  from ../gom/gom-resource-group.c:19:
[ 2321s] /usr/include/glib-2.0/gio/gsimpleasyncresult.h:88:21: note: declared here
[ 2321s]    88 | void                g_simple_async_result_set_op_res_gboolean (GSimpleAsyncResult      *simple,
[ 2321s]       |                     ^~~~~~~~~~~~~~~~~~~~~~~~~~~~~~~~~~~~~~~~~
[ 2321s] ../gom/gom-resource-group.c:326:4: warning: g_simple_async_result_take_error is deprecated [-Wdeprecated-declarations]
[ 2321s]   326 |    g_simple_async_result_take_error(simple, error);
[ 2321s]       |    ^~~~~~~~~~~~~~~~~~~~~~~~~~~~~~~~
[ 2321s] In file included from /usr/include/glib-2.0/gio/gio.h:136,
[ 2321s]                  from ../gom/gom-adapter.h:22,
[ 2321s]                  from ../gom/gom-resource-group.c:19:
[ 2321s] /usr/include/glib-2.0/gio/gsimpleasyncresult.h:116:21: note: declared here
[ 2321s]   116 | void                g_simple_async_result_take_error       (GSimpleAsyncResult      *simple,
[ 2321s]       |                     ^~~~~~~~~~~~~~~~~~~~~~~~~~~~~~~~
[ 2321s] ../gom/gom-resource-group.c:331:7: warning: g_simple_async_result_complete_in_idle is deprecated [-Wdeprecated-declarations]
[ 2321s]   331 |       g_simple_async_result_complete_in_idle(simple);
[ 2321s]       |       ^~~~~~~~~~~~~~~~~~~~~~~~~~~~~~~~~~~~~~
[ 2321s] In file included from /usr/include/glib-2.0/gio/gio.h:136,
[ 2321s]                  from ../gom/gom-adapter.h:22,
[ 2321s]                  from ../gom/gom-resource-group.c:19:
[ 2321s] /usr/include/glib-2.0/gio/gsimpleasyncresult.h:106:21: note: declared here
[ 2321s]   106 | void                g_simple_async_result_complete_in_idle (GSimpleAsyncResult      *simple);
[ 2321s]       |                     ^~~~~~~~~~~~~~~~~~~~~~~~~~~~~~~~~~~~~~
[ 2321s] ../gom/gom-resource-group.c: In function gom_resource_group_delete_sync:
[ 2321s] ../gom/gom-resource-group.c:350:4: warning: g_simple_async_result_new is deprecated: Use 'g_task_new' instead [-Wdeprecated-declarations]
[ 2321s]   350 |    simple = g_simple_async_result_new(G_OBJECT(group), NULL, NULL,
[ 2321s]       |    ^~~~~~
[ 2321s] In file included from /usr/include/glib-2.0/gio/gio.h:136,
[ 2321s]                  from ../gom/gom-adapter.h:22,
[ 2321s]                  from ../gom/gom-resource-group.c:19:
[ 2321s] /usr/include/glib-2.0/gio/gsimpleasyncresult.h:51:21: note: declared here
[ 2321s]    51 | GSimpleAsyncResult *g_simple_async_result_new              (GObject                 *source_object,
[ 2321s]       |                     ^~~~~~~~~~~~~~~~~~~~~~~~~
[ 2321s] ../gom/gom-resource-group.c:364:4: warning: g_simple_async_result_get_op_res_gboolean is deprecated [-Wdeprecated-declarations]
[ 2321s]   364 |    if (!(ret = g_simple_async_result_get_op_res_gboolean(simple))) {
[ 2321s]       |    ^~
[ 2321s] In file included from /usr/include/glib-2.0/gio/gio.h:136,
[ 2321s]                  from ../gom/gom-adapter.h:22,
[ 2321s]                  from ../gom/gom-resource-group.c:19:
[ 2321s] /usr/include/glib-2.0/gio/gsimpleasyncresult.h:91:21: note: declared here
[ 2321s]    91 | gboolean            g_simple_async_result_get_op_res_gboolean (GSimpleAsyncResult      *simple);
[ 2321s]       |                     ^~~~~~~~~~~~~~~~~~~~~~~~~~~~~~~~~~~~~~~~~
[ 2321s] ../gom/gom-resource-group.c:365:7: warning: g_simple_async_result_propagate_error is deprecated [-Wdeprecated-declarations]
[ 2321s]   365 |       g_simple_async_result_propagate_error(simple, error);
[ 2321s]       |       ^~~~~~~~~~~~~~~~~~~~~~~~~~~~~~~~~~~~~
[ 2321s] In file included from /usr/include/glib-2.0/gio/gio.h:136,
[ 2321s]                  from ../gom/gom-adapter.h:22,
[ 2321s]                  from ../gom/gom-resource-group.c:19:
[ 2321s] /usr/include/glib-2.0/gio/gsimpleasyncresult.h:119:21: note: declared here
[ 2321s]   119 | gboolean            g_simple_async_result_propagate_error  (GSimpleAsyncResult      *simple,
[ 2321s]       |                     ^~~~~~~~~~~~~~~~~~~~~~~~~~~~~~~~~~~~~
[ 2321s] ../gom/gom-resource-group.c: In function gom_resource_group_delete_async:
[ 2321s] ../gom/gom-resource-group.c:387:4: warning: g_simple_async_result_new is deprecated: Use 'g_task_new' instead [-Wdeprecated-declarations]
[ 2321s]   387 |    simple = g_simple_async_result_new(G_OBJECT(group), callback, user_data,
[ 2321s]       |    ^~~~~~
[ 2321s] In file included from /usr/include/glib-2.0/gio/gio.h:136,
[ 2321s]                  from ../gom/gom-adapter.h:22,
[ 2321s]                  from ../gom/gom-resource-group.c:19:
[ 2321s] /usr/include/glib-2.0/gio/gsimpleasyncresult.h:51:21: note: declared here
[ 2321s]    51 | GSimpleAsyncResult *g_simple_async_result_new              (GObject                 *source_object,
[ 2321s]       |                     ^~~~~~~~~~~~~~~~~~~~~~~~~
[ 2321s] ../gom/gom-resource-group.c:390:7: warning: g_simple_async_result_set_op_res_gboolean is deprecated [-Wdeprecated-declarations]
[ 2321s]   390 |       g_simple_async_result_set_op_res_gboolean(simple, TRUE);
[ 2321s]       |       ^~~~~~~~~~~~~~~~~~~~~~~~~~~~~~~~~~~~~~~~~
[ 2321s] In file included from /usr/include/glib-2.0/gio/gio.h:136,
[ 2321s]                  from ../gom/gom-adapter.h:22,
[ 2321s]                  from ../gom/gom-resource-group.c:19:
[ 2321s] /usr/include/glib-2.0/gio/gsimpleasyncresult.h:88:21: note: declared here
[ 2321s]    88 | void                g_simple_async_result_set_op_res_gboolean (GSimpleAsyncResult      *simple,
[ 2321s]       |                     ^~~~~~~~~~~~~~~~~~~~~~~~~~~~~~~~~~~~~~~~~
[ 2321s] ../gom/gom-resource-group.c:391:7: warning: g_simple_async_result_complete_in_idle is deprecated [-Wdeprecated-declarations]
[ 2321s]   391 |       g_simple_async_result_complete_in_idle(simple);
[ 2321s]       |       ^~~~~~~~~~~~~~~~~~~~~~~~~~~~~~~~~~~~~~
[ 2321s] In file included from /usr/include/glib-2.0/gio/gio.h:136,
[ 2321s]                  from ../gom/gom-adapter.h:22,
[ 2321s]                  from ../gom/gom-resource-group.c:19:
[ 2321s] /usr/include/glib-2.0/gio/gsimpleasyncresult.h:106:21: note: declared here
[ 2321s]   106 | void                g_simple_async_result_complete_in_idle (GSimpleAsyncResult      *simple);
[ 2321s]       |                     ^~~~~~~~~~~~~~~~~~~~~~~~~~~~~~~~~~~~~~
[ 2321s] ../gom/gom-resource-group.c: In function gom_resource_group_delete_finish:
[ 2321s] ../gom/gom-resource-group.c:414:4: warning: g_simple_async_result_get_op_res_gboolean is deprecated [-Wdeprecated-declarations]
[ 2321s]   414 |    if (!(ret = g_simple_async_result_get_op_res_gboolean(simple))) {
[ 2321s]       |    ^~
[ 2321s] In file included from /usr/include/glib-2.0/gio/gio.h:136,
[ 2321s]                  from ../gom/gom-adapter.h:22,
[ 2321s]                  from ../gom/gom-resource-group.c:19:
[ 2321s] /usr/include/glib-2.0/gio/gsimpleasyncresult.h:91:21: note: declared here
[ 2321s]    91 | gboolean            g_simple_async_result_get_op_res_gboolean (GSimpleAsyncResult      *simple);
[ 2321s]       |                     ^~~~~~~~~~~~~~~~~~~~~~~~~~~~~~~~~~~~~~~~~
[ 2321s] ../gom/gom-resource-group.c:415:7: warning: g_simple_async_result_propagate_error is deprecated [-Wdeprecated-declarations]
[ 2321s]   415 |       g_simple_async_result_propagate_error(simple, error);
[ 2321s]       |       ^~~~~~~~~~~~~~~~~~~~~~~~~~~~~~~~~~~~~
[ 2321s] In file included from /usr/include/glib-2.0/gio/gio.h:136,
[ 2321s]                  from ../gom/gom-adapter.h:22,
[ 2321s]                  from ../gom/gom-resource-group.c:19:
[ 2321s] /usr/include/glib-2.0/gio/gsimpleasyncresult.h:119:21: note: declared here
[ 2321s]   119 | gboolean            g_simple_async_result_propagate_error  (GSimpleAsyncResult      *simple,
[ 2321s]       |                     ^~~~~~~~~~~~~~~~~~~~~~~~~~~~~~~~~~~~~
[ 2321s] ../gom/gom-resource-group.c: In function gom_resource_group_fetch_cb:
[ 2321s] ../gom/gom-resource-group.c:712:7: warning: g_simple_async_result_take_error is deprecated [-Wdeprecated-declarations]
[ 2321s]   712 |       g_simple_async_result_take_error(simple, error);
[ 2321s]       |       ^~~~~~~~~~~~~~~~~~~~~~~~~~~~~~~~
[ 2321s] In file included from /usr/include/glib-2.0/gio/gio.h:136,
[ 2321s]                  from ../gom/gom-adapter.h:22,
[ 2321s]                  from ../gom/gom-resource-group.c:19:
[ 2321s] /usr/include/glib-2.0/gio/gsimpleasyncresult.h:116:21: note: declared here
[ 2321s]   116 | void                g_simple_async_result_take_error       (GSimpleAsyncResult      *simple,
[ 2321s]       |                     ^~~~~~~~~~~~~~~~~~~~~~~~~~~~~~~~
[ 2321s] ../gom/gom-resource-group.c:737:4: warning: g_simple_async_result_set_op_res_gboolean is deprecated [-Wdeprecated-declarations]
[ 2321s]   737 |    g_simple_async_result_set_op_res_gboolean(simple, TRUE);
[ 2321s]       |    ^~~~~~~~~~~~~~~~~~~~~~~~~~~~~~~~~~~~~~~~~
[ 2321s] In file included from /usr/include/glib-2.0/gio/gio.h:136,
[ 2321s]                  from ../gom/gom-adapter.h:22,
[ 2321s]                  from ../gom/gom-resource-group.c:19:
[ 2321s] /usr/include/glib-2.0/gio/gsimpleasyncresult.h:88:21: note: declared here
[ 2321s]    88 | void                g_simple_async_result_set_op_res_gboolean (GSimpleAsyncResult      *simple,
[ 2321s]       |                     ^~~~~~~~~~~~~~~~~~~~~~~~~~~~~~~~~~~~~~~~~
[ 2321s] ../gom/gom-resource-group.c:748:7: warning: g_simple_async_result_complete_in_idle is deprecated [-Wdeprecated-declarations]
[ 2321s]   748 |       g_simple_async_result_complete_in_idle(simple);
[ 2321s]       |       ^~~~~~~~~~~~~~~~~~~~~~~~~~~~~~~~~~~~~~
[ 2321s] In file included from /usr/include/glib-2.0/gio/gio.h:136,
[ 2321s]                  from ../gom/gom-adapter.h:22,
[ 2322s]                  from ../gom/gom-resource-group.c:19:
[ 2322s] /usr/include/glib-2.0/gio/gsimpleasyncresult.h:106:21: note: declared here
[ 2322s]   106 | void                g_simple_async_result_complete_in_idle (GSimpleAsyncResult      *simple);
[ 2322s]       |                     ^~~~~~~~~~~~~~~~~~~~~~~~~~~~~~~~~~~~~~
[ 2322s] ../gom/gom-resource-group.c: In function gom_resource_group_fetch_sync:
[ 2322s] ../gom/gom-resource-group.c:782:4: warning: g_simple_async_result_new is deprecated: Use 'g_task_new' instead [-Wdeprecated-declarations]
[ 2322s]   782 |    simple = g_simple_async_result_new(G_OBJECT(group), NULL, NULL,
[ 2322s]       |    ^~~~~~
[ 2322s] In file included from /usr/include/glib-2.0/gio/gio.h:136,
[ 2322s]                  from ../gom/gom-adapter.h:22,
[ 2322s]                  from ../gom/gom-resource-group.c:19:
[ 2322s] /usr/include/glib-2.0/gio/gsimpleasyncresult.h:51:21: note: declared here
[ 2322s]    51 | GSimpleAsyncResult *g_simple_async_result_new              (GObject                 *source_object,
[ 2322s]       |                     ^~~~~~~~~~~~~~~~~~~~~~~~~
[ 2322s] ../gom/gom-resource-group.c:793:4: warning: g_simple_async_result_get_op_res_gboolean is deprecated [-Wdeprecated-declarations]
[ 2322s]   793 |    if (!(ret = g_simple_async_result_get_op_res_gboolean(simple))) {
[ 2322s]       |    ^~
[ 2322s] In file included from /usr/include/glib-2.0/gio/gio.h:136,
[ 2322s]                  from ../gom/gom-adapter.h:22,
[ 2322s]                  from ../gom/gom-resource-group.c:19:
[ 2322s] /usr/include/glib-2.0/gio/gsimpleasyncresult.h:91:21: note: declared here
[ 2322s]    91 | gboolean            g_simple_async_result_get_op_res_gboolean (GSimpleAsyncResult      *simple);
[ 2322s]       |                     ^~~~~~~~~~~~~~~~~~~~~~~~~~~~~~~~~~~~~~~~~
[ 2322s] ../gom/gom-resource-group.c:794:7: warning: g_simple_async_result_propagate_error is deprecated [-Wdeprecated-declarations]
[ 2322s]   794 |       g_simple_async_result_propagate_error(simple, error);
[ 2322s]       |       ^~~~~~~~~~~~~~~~~~~~~~~~~~~~~~~~~~~~~
[ 2322s] In file included from /usr/include/glib-2.0/gio/gio.h:136,
[ 2322s]                  from ../gom/gom-adapter.h:22,
[ 2322s]                  from ../gom/gom-resource-group.c:19:
[ 2322s] /usr/include/glib-2.0/gio/gsimpleasyncresult.h:119:21: note: declared here
[ 2322s]   119 | gboolean            g_simple_async_result_propagate_error  (GSimpleAsyncResult      *simple,
[ 2322s]       |                     ^~~~~~~~~~~~~~~~~~~~~~~~~~~~~~~~~~~~~
[ 2322s] ../gom/gom-resource-group.c: In function gom_resource_group_fetch_async:
[ 2322s] ../gom/gom-resource-group.c:818:4: warning: g_simple_async_result_new is deprecated: Use 'g_task_new' instead [-Wdeprecated-declarations]
[ 2322s]   818 |    simple = g_simple_async_result_new(G_OBJECT(group), callback, user_data,
[ 2322s]       |    ^~~~~~
[ 2322s] In file included from /usr/include/glib-2.0/gio/gio.h:136,
[ 2322s]                  from ../gom/gom-adapter.h:22,
[ 2322s]                  from ../gom/gom-resource-group.c:19:
[ 2322s] /usr/include/glib-2.0/gio/gsimpleasyncresult.h:51:21: note: declared here
[ 2322s]    51 | GSimpleAsyncResult *g_simple_async_result_new              (GObject                 *source_object,
[ 2322s]       |                     ^~~~~~~~~~~~~~~~~~~~~~~~~
[ 2322s] ../gom/gom-resource-group.c: In function gom_resource_group_fetch_finish:
[ 2322s] ../gom/gom-resource-group.c:839:4: warning: g_simple_async_result_get_op_res_gboolean is deprecated [-Wdeprecated-declarations]
[ 2322s]   839 |    if (!(ret = g_simple_async_result_get_op_res_gboolean(simple))) {
[ 2322s]       |    ^~
[ 2322s] In file included from /usr/include/glib-2.0/gio/gio.h:136,
[ 2322s]                  from ../gom/gom-adapter.h:22,
[ 2322s]                  from ../gom/gom-resource-group.c:19:
[ 2322s] /usr/include/glib-2.0/gio/gsimpleasyncresult.h:91:21: note: declared here
[ 2322s]    91 | gboolean            g_simple_async_result_get_op_res_gboolean (GSimpleAsyncResult      *simple);
[ 2322s]       |                     ^~~~~~~~~~~~~~~~~~~~~~~~~~~~~~~~~~~~~~~~~
[ 2322s] ../gom/gom-resource-group.c:840:7: warning: g_simple_async_result_propagate_error is deprecated [-Wdeprecated-declarations]
[ 2322s]   840 |       g_simple_async_result_propagate_error(simple, error);
[ 2322s]       |       ^~~~~~~~~~~~~~~~~~~~~~~~~~~~~~~~~~~~~
[ 2322s] In file included from /usr/include/glib-2.0/gio/gio.h:136,
[ 2322s]                  from ../gom/gom-adapter.h:22,
[ 2322s]                  from ../gom/gom-resource-group.c:19:
[ 2322s] /usr/include/glib-2.0/gio/gsimpleasyncresult.h:119:21: note: declared here
[ 2322s]   119 | gboolean            g_simple_async_result_propagate_error  (GSimpleAsyncResult      *simple,
[ 2322s]       |                     ^~~~~~~~~~~~~~~~~~~~~~~~~~~~~~~~~~~~~
[ 2322s] ../gom/gom-resource-group.c: In function gom_resource_group_class_init:
[ 2322s] ../gom/gom-resource-group.c:1010:4: warning: g_type_class_add_private is deprecated [-Wdeprecated-declarations]
[ 2322s]  1010 |    g_type_class_add_private(object_class, sizeof(GomResourceGroupPrivate));
[ 2322s]       |    ^~~~~~~~~~~~~~~~~~~~~~~~
[ 2322s] In file included from /usr/include/glib-2.0/gobject/gobject.h:24,
[ 2322s]                  from /usr/include/glib-2.0/gobject/gbinding.h:29,
[ 2322s]                  from /usr/include/glib-2.0/glib-object.h:22,
[ 2322s]                  from /usr/include/glib-2.0/gio/gioenums.h:28,
[ 2322s]                  from /usr/include/glib-2.0/gio/giotypes.h:28,
[ 2322s]                  from /usr/include/glib-2.0/gio/gio.h:26,
[ 2322s]                  from ../gom/gom-adapter.h:22,
[ 2322s]                  from ../gom/gom-resource-group.c:19:
[ 2322s] /usr/include/glib-2.0/gobject/gtype.h:1304:10: note: declared here
[ 2322s]  1304 | void     g_type_class_add_private       (gpointer                    g_class,
[ 2322s]       |          ^~~~~~~~~~~~~~~~~~~~~~~~
[ 2322s] ../gom/gom-resource-group.c: In function gom_resource_group_init:
[ 2322s] ../gom/gom-resource-group.c:1099:13: warning: Deprecated pre-processor symbol, replace with 
[ 2322s]  1099 |                                   GomResourceGroupPrivate);
[ 2322s]       |             ^                     ~~~~~~~~~~~~~~~~~~~~~~~~~ 
[ 2325s] [12/40] cc -Itests/test-gom-constraints.p -Itests -I../tests -I. -I.. -I/usr/include/glib-2.0 -I/usr/lib64/glib-2.0/include -I/usr/include/libmount -I/usr/include/blkid -fdiagnostics-color=always -D_FILE_OFFSET_BITS=64 -Wall -Winvalid-pch -O2 -g -pipe -Wall -Werror=format-security -Wp,-D_FORTIFY_SOURCE=2 -Wp,-D_GLIBCXX_ASSERTIONS -fstack-protector-strong -grecord-gcc-switches -specs=/usr/lib/rpm/generic-hardened-cc1 -fasynchronous-unwind-tables -fstack-clash-protection -pthread -MD -MQ tests/test-gom-constraints.p/test-gom-constraints.c.o -MF tests/test-gom-constraints.p/test-gom-constraints.c.o.d -o tests/test-gom-constraints.p/test-gom-constraints.c.o -c ../tests/test-gom-constraints.c
[ 2325s] ../tests/test-gom-constraints.c: In function item_resource_class_init:
[ 2325s] ../tests/test-gom-constraints.c:109:3: warning: g_type_class_add_private is deprecated [-Wdeprecated-declarations]
[ 2325s]   109 |   g_type_class_add_private(object_class, sizeof(ItemResourcePrivate));
[ 2325s]       |   ^~~~~~~~~~~~~~~~~~~~~~~~
[ 2325s] In file included from /usr/include/glib-2.0/gobject/gobject.h:24,
[ 2325s]                  from /usr/include/glib-2.0/gobject/gbinding.h:29,
[ 2325s]                  from /usr/include/glib-2.0/glib-object.h:22,
[ 2325s]                  from /usr/include/glib-2.0/gio/gioenums.h:28,
[ 2325s]                  from /usr/include/glib-2.0/gio/giotypes.h:28,
[ 2325s]                  from /usr/include/glib-2.0/gio/gio.h:26,
[ 2325s]                  from ../gom/gom-adapter.h:22,
[ 2325s]                  from ../gom/gom.h:28,
[ 2325s]                  from ../tests/test-gom-constraints.c:3:
[ 2325s] /usr/include/glib-2.0/gobject/gtype.h:1304:10: note: declared here
[ 2325s]  1304 | void     g_type_class_add_private       (gpointer                    g_class,
[ 2325s]       |          ^~~~~~~~~~~~~~~~~~~~~~~~
[ 2325s] ../tests/test-gom-constraints.c: In function item_resource_init:
[ 2325s] ../tests/test-gom-constraints.c:140:13: warning: Deprecated pre-processor symbol, replace with 
[ 2325s]   140 |                                                ItemResourcePrivate);
[ 2325s]       |             ^                                  ~~~~~~~~~~~~~
[ 2325s] [13/40] cc  -o gom/libgom-1.0.so.0.1.0 gom/libgom-1.0.so.0.1.0.p/gom-adapter.c.o gom/libgom-1.0.so.0.1.0.p/gom-command-builder.c.o gom/libgom-1.0.so.0.1.0.p/gom-command.c.o gom/libgom-1.0.so.0.1.0.p/gom-cursor.c.o gom/libgom-1.0.so.0.1.0.p/gom-error.c.o gom/libgom-1.0.so.0.1.0.p/gom-filter.c.o gom/libgom-1.0.so.0.1.0.p/gom-repository.c.o gom/libgom-1.0.so.0.1.0.p/gom-resource.c.o gom/libgom-1.0.so.0.1.0.p/gom-resource-group.c.o gom/libgom-1.0.so.0.1.0.p/gom-sorting.c.o -Wl,--as-needed -Wl,--no-undefined -shared -fPIC -Wl,--start-group -Wl,-soname,libgom-1.0.so.0 -Wl,-z,relro -Wl,-z,now -specs=/usr/lib/rpm/generic-hardened-ld -O2 -g -pipe -Wall -Werror=format-security -Wp,-D_FORTIFY_SOURCE=2 -Wp,-D_GLIBCXX_ASSERTIONS -fstack-protector-strong -grecord-gcc-switches -specs=/usr/lib/rpm/generic-hardened-cc1 -fasynchronous-unwind-tables -fstack-clash-protection /usr/lib64/libgio-2.0.so /usr/lib64/libgobject-2.0.so /usr/lib64/libglib-2.0.so /usr/lib64/libsqlite3.so -Wl,--end-group
[ 2327s] [14/40] cc -Itests/test-gom-find-specific.p -Itests -I../tests -I. -I.. -I/usr/include/glib-2.0 -I/usr/lib64/glib-2.0/include -I/usr/include/libmount -I/usr/include/blkid -fdiagnostics-color=always -D_FILE_OFFSET_BITS=64 -Wall -Winvalid-pch -O2 -g -pipe -Wall -Werror=format-security -Wp,-D_FORTIFY_SOURCE=2 -Wp,-D_GLIBCXX_ASSERTIONS -fstack-protector-strong -grecord-gcc-switches -specs=/usr/lib/rpm/generic-hardened-cc1 -fasynchronous-unwind-tables -fstack-clash-protection -pthread -MD -MQ tests/test-gom-find-specific.p/test-gom-find-specific.c.o -MF tests/test-gom-find-specific.p/test-gom-find-specific.c.o.d -o tests/test-gom-find-specific.p/test-gom-find-specific.c.o -c ../tests/test-gom-find-specific.c
[ 2327s] ../tests/test-gom-find-specific.c: In function episode_resource_class_init:
[ 2327s] ../tests/test-gom-find-specific.c:162:3: warning: g_type_class_add_private is deprecated [-Wdeprecated-declarations]
[ 2327s]   162 |   g_type_class_add_private(object_class, sizeof(EpisodeResourcePrivate));
[ 2327s]       |   ^~~~~~~~~~~~~~~~~~~~~~~~
[ 2327s] In file included from /usr/include/glib-2.0/gobject/gobject.h:24,
[ 2327s]                  from /usr/include/glib-2.0/gobject/gbinding.h:29,
[ 2327s]                  from /usr/include/glib-2.0/glib-object.h:22,
[ 2327s]                  from /usr/include/glib-2.0/gio/gioenums.h:28,
[ 2327s]                  from /usr/include/glib-2.0/gio/giotypes.h:28,
[ 2327s]                  from /usr/include/glib-2.0/gio/gio.h:26,
[ 2327s]                  from ../gom/gom-adapter.h:22,
[ 2327s]                  from ../gom/gom.h:28,
[ 2327s]                  from ../tests/test-gom-find-specific.c:1:
[ 2327s] /usr/include/glib-2.0/gobject/gtype.h:1304:10: note: declared here
[ 2327s]  1304 | void     g_type_class_add_private       (gpointer                    g_class,
[ 2327s]       |          ^~~~~~~~~~~~~~~~~~~~~~~~
[ 2327s] ../tests/test-gom-find-specific.c: In function episode_resource_init:
[ 2327s] ../tests/test-gom-find-specific.c:214:13: warning: Deprecated pre-processor symbol, replace with 
[ 2327s]   214 |                                                EpisodeResourcePrivate);
[ 2327s]       |             ^                                  ~~~~~~~~~~~~~
[ 2327s] [15/40] cc -Itests/test-gom-insert.p -Itests -I../tests -I. -I.. -I/usr/include/glib-2.0 -I/usr/lib64/glib-2.0/include -I/usr/include/libmount -I/usr/include/blkid -fdiagnostics-color=always -D_FILE_OFFSET_BITS=64 -Wall -Winvalid-pch -O2 -g -pipe -Wall -Werror=format-security -Wp,-D_FORTIFY_SOURCE=2 -Wp,-D_GLIBCXX_ASSERTIONS -fstack-protector-strong -grecord-gcc-switches -specs=/usr/lib/rpm/generic-hardened-cc1 -fasynchronous-unwind-tables -fstack-clash-protection -pthread -MD -MQ tests/test-gom-insert.p/test-gom-insert.c.o -MF tests/test-gom-insert.p/test-gom-insert.c.o.d -o tests/test-gom-insert.p/test-gom-insert.c.o -c ../tests/test-gom-insert.c
[ 2327s] ../tests/test-gom-insert.c: In function item_resource_class_init:
[ 2327s] ../tests/test-gom-insert.c:112:3: warning: g_type_class_add_private is deprecated [-Wdeprecated-declarations]
[ 2327s]   112 |   g_type_class_add_private(object_class, sizeof(ItemResourcePrivate));
[ 2327s]       |   ^~~~~~~~~~~~~~~~~~~~~~~~
[ 2327s] In file included from /usr/include/glib-2.0/gobject/gobject.h:24,
[ 2327s]                  from /usr/include/glib-2.0/gobject/gbinding.h:29,
[ 2327s]                  from /usr/include/glib-2.0/glib-object.h:22,
[ 2327s]                  from /usr/include/glib-2.0/gio/gioenums.h:28,
[ 2327s]                  from /usr/include/glib-2.0/gio/giotypes.h:28,
[ 2327s]                  from /usr/include/glib-2.0/gio/gio.h:26,
[ 2327s]                  from ../gom/gom-adapter.h:22,
[ 2327s]                  from ../gom/gom.h:28,
[ 2327s]                  from ../tests/test-gom-insert.c:1:
[ 2327s] /usr/include/glib-2.0/gobject/gtype.h:1304:10: note: declared here
[ 2327s]  1304 | void     g_type_class_add_private       (gpointer                    g_class,
[ 2327s]       |          ^~~~~~~~~~~~~~~~~~~~~~~~
[ 2327s] ../tests/test-gom-insert.c: In function item_resource_init:
[ 2327s] ../tests/test-gom-insert.c:148:13: warning: Deprecated pre-processor symbol, replace with 
[ 2327s]   148 |                                                ItemResourcePrivate);
[ 2327s]       |             ^                                  ~~~~~~~~~~~~~
[ 2327s] ../tests/test-gom-insert.c: In function item2_resource_class_init:
[ 2327s] ../tests/test-gom-insert.c:247:3: warning: g_type_class_add_private is deprecated [-Wdeprecated-declarations]
[ 2327s]   247 |   g_type_class_add_private(object_class, sizeof(Item2ResourcePrivate));
[ 2327s]       |   ^~~~~~~~~~~~~~~~~~~~~~~~
[ 2327s] In file included from /usr/include/glib-2.0/gobject/gobject.h:24,
[ 2327s]                  from /usr/include/glib-2.0/gobject/gbinding.h:29,
[ 2327s]                  from /usr/include/glib-2.0/glib-object.h:22,
[ 2327s]                  from /usr/include/glib-2.0/gio/gioenums.h:28,
[ 2327s]                  from /usr/include/glib-2.0/gio/giotypes.h:28,
[ 2327s]                  from /usr/include/glib-2.0/gio/gio.h:26,
[ 2327s]                  from ../gom/gom-adapter.h:22,
[ 2327s]                  from ../gom/gom.h:28,
[ 2327s]                  from ../tests/test-gom-insert.c:1:
[ 2327s] /usr/include/glib-2.0/gobject/gtype.h:1304:10: note: declared here
[ 2327s]  1304 | void     g_type_class_add_private       (gpointer                    g_class,
[ 2327s]       |          ^~~~~~~~~~~~~~~~~~~~~~~~
[ 2327s] ../tests/test-gom-insert.c: In function item2_resource_init:
[ 2327s] ../tests/test-gom-insert.c:283:13: warning: Deprecated pre-processor symbol, replace with 
[ 2327s]   283 |                                                Item2ResourcePrivate);
[ 2327s]       |             ^                                  ~~~~~~~~~~~~~
[ 2328s] [16/40] cc -Itests/test-gom-migration.p -Itests -I../tests -I. -I.. -I/usr/include/glib-2.0 -I/usr/lib64/glib-2.0/include -I/usr/include/libmount -I/usr/include/blkid -fdiagnostics-color=always -D_FILE_OFFSET_BITS=64 -Wall -Winvalid-pch -O2 -g -pipe -Wall -Werror=format-security -Wp,-D_FORTIFY_SOURCE=2 -Wp,-D_GLIBCXX_ASSERTIONS -fstack-protector-strong -grecord-gcc-switches -specs=/usr/lib/rpm/generic-hardened-cc1 -fasynchronous-unwind-tables -fstack-clash-protection -pthread -MD -MQ tests/test-gom-migration.p/test-gom-migration.c.o -MF tests/test-gom-migration.p/test-gom-migration.c.o.d -o tests/test-gom-migration.p/test-gom-migration.c.o -c ../tests/test-gom-migration.c
[ 2328s] ../tests/test-gom-migration.c: In function series_resource_class_init:
[ 2328s] ../tests/test-gom-migration.c:141:3: warning: g_type_class_add_private is deprecated [-Wdeprecated-declarations]
[ 2328s]   141 |   g_type_class_add_private(object_class, sizeof(SeriesResourcePrivate));
[ 2328s]       |   ^~~~~~~~~~~~~~~~~~~~~~~~
[ 2328s] In file included from /usr/include/glib-2.0/gobject/gobject.h:24,
[ 2328s]                  from /usr/include/glib-2.0/gobject/gbinding.h:29,
[ 2328s]                  from /usr/include/glib-2.0/glib-object.h:22,
[ 2328s]                  from /usr/include/glib-2.0/gio/gioenums.h:28,
[ 2328s]                  from /usr/include/glib-2.0/gio/giotypes.h:28,
[ 2328s]                  from /usr/include/glib-2.0/gio/gio.h:26,
[ 2328s]                  from ../gom/gom-adapter.h:22,
[ 2328s]                  from ../gom/gom.h:28,
[ 2328s]                  from ../tests/test-gom-migration.c:1:
[ 2328s] /usr/include/glib-2.0/gobject/gtype.h:1304:10: note: declared here
[ 2328s]  1304 | void     g_type_class_add_private       (gpointer                    g_class,
[ 2328s]       |          ^~~~~~~~~~~~~~~~~~~~~~~~
[ 2328s] ../tests/test-gom-migration.c: In function series_resource_init:
[ 2328s] ../tests/test-gom-migration.c:191:13: warning: Deprecated pre-processor symbol, replace with 
[ 2328s]   191 |                                                SeriesResourcePrivate);
[ 2328s]       |             ^                                  ~~~~~~~~~~~~~
[ 2328s] ../tests/test-gom-migration.c: In function bookmarks_resource_class_init:
[ 2328s] ../tests/test-gom-migration.c:310:3: warning: g_type_class_add_private is deprecated [-Wdeprecated-declarations]
[ 2328s]   310 |   g_type_class_add_private(object_class, sizeof(BookmarksResourcePrivate));
[ 2328s]       |   ^~~~~~~~~~~~~~~~~~~~~~~~
[ 2328s] In file included from /usr/include/glib-2.0/gobject/gobject.h:24,
[ 2328s]                  from /usr/include/glib-2.0/gobject/gbinding.h:29,
[ 2328s]                  from /usr/include/glib-2.0/glib-object.h:22,
[ 2328s]                  from /usr/include/glib-2.0/gio/gioenums.h:28,
[ 2328s]                  from /usr/include/glib-2.0/gio/giotypes.h:28,
[ 2328s]                  from /usr/include/glib-2.0/gio/gio.h:26,
[ 2328s]                  from ../gom/gom-adapter.h:22,
[ 2328s]                  from ../gom/gom.h:28,
[ 2328s]                  from ../tests/test-gom-migration.c:1:
[ 2328s] /usr/include/glib-2.0/gobject/gtype.h:1304:10: note: declared here
[ 2328s]  1304 | void     g_type_class_add_private       (gpointer                    g_class,
[ 2328s]       |          ^~~~~~~~~~~~~~~~~~~~~~~~
[ 2328s] ../tests/test-gom-migration.c: In function bookmarks_resource_init:
[ 2328s] ../tests/test-gom-migration.c:356:13: warning: Deprecated pre-processor symbol, replace with 
[ 2328s]   356 |                                                BookmarksResourcePrivate);
[ 2328s]       |             ^                                  ~~~~~~~~~~~~~
[ 2328s] [17/40] cc -Itests/test-gom-repository.p -Itests -I../tests -I. -I.. -I/usr/include/glib-2.0 -I/usr/lib64/glib-2.0/include -I/usr/include/libmount -I/usr/include/blkid -fdiagnostics-color=always -D_FILE_OFFSET_BITS=64 -Wall -Winvalid-pch -O2 -g -pipe -Wall -Werror=format-security -Wp,-D_FORTIFY_SOURCE=2 -Wp,-D_GLIBCXX_ASSERTIONS -fstack-protector-strong -grecord-gcc-switches -specs=/usr/lib/rpm/generic-hardened-cc1 -fasynchronous-unwind-tables -fstack-clash-protection -pthread -MD -MQ tests/test-gom-repository.p/test-gom-repository.c.o -MF tests/test-gom-repository.p/test-gom-repository.c.o.d -o tests/test-gom-repository.p/test-gom-repository.c.o -c ../tests/test-gom-repository.c
[ 2331s] [18/40] /usr/bin/g-ir-scanner --no-libtool --namespace=Gom --nsversion=1.0 --warn-all --output gom/Gom-1.0.gir -I/home/abuild/rpmbuild/BUILD/gom-0.4/gom -I/home/abuild/rpmbuild/BUILD/gom-0.4/riscv64-openEuler-linux-gnu/gom --filelist=/home/abuild/rpmbuild/BUILD/gom-0.4/riscv64-openEuler-linux-gnu/gom/libgom-1.0.so.0.1.0.p/Gom_1.0_gir_filelist --include=Gio-2.0 --include=GObject-2.0 --symbol-prefix=gom --identifier-prefix=Gom --cflags-begin -I/usr/include/glib-2.0 -I/usr/lib64/glib-2.0/include -I/usr/include/libmount -I/usr/include/blkid -I/usr/include/gobject-introspection-1.0 --cflags-end --add-include-path=/usr/share/gir-1.0 -L/home/abuild/rpmbuild/BUILD/gom-0.4/riscv64-openEuler-linux-gnu/gom --library gom-1.0 -lgio-2.0 -lgobject-2.0 -lglib-2.0 -lsqlite3 -lgirepository-1.0
[ 2331s] FAILED: gom/Gom-1.0.gir 
[ 2331s] /usr/bin/g-ir-scanner --no-libtool --namespace=Gom --nsversion=1.0 --warn-all --output gom/Gom-1.0.gir -I/home/abuild/rpmbuild/BUILD/gom-0.4/gom -I/home/abuild/rpmbuild/BUILD/gom-0.4/riscv64-openEuler-linux-gnu/gom --filelist=/home/abuild/rpmbuild/BUILD/gom-0.4/riscv64-openEuler-linux-gnu/gom/libgom-1.0.so.0.1.0.p/Gom_1.0_gir_filelist --include=Gio-2.0 --include=GObject-2.0 --symbol-prefix=gom --identifier-prefix=Gom --cflags-begin -I/usr/include/glib-2.0 -I/usr/lib64/glib-2.0/include -I/usr/include/libmount -I/usr/include/blkid -I/usr/include/gobject-introspection-1.0 --cflags-end --add-include-path=/usr/share/gir-1.0 -L/home/abuild/rpmbuild/BUILD/gom-0.4/riscv64-openEuler-linux-gnu/gom --library gom-1.0 -lgio-2.0 -lgobject-2.0 -lglib-2.0 -lsqlite3 -lgirepository-1.0
[ 2331s] Traceback (most recent call last):
[ 2331s]   File "/usr/bin/g-ir-scanner", line 98, in <module>
[ 2331s]     from giscanner.scannermain import scanner_main
[ 2331s]   File "/usr/lib64/gobject-introspection/giscanner/scannermain.py", line 35, in <module>
[ 2331s]     from giscanner.ast import Include, Namespace
[ 2331s]   File "/usr/lib64/gobject-introspection/giscanner/ast.py", line 29, in <module>
[ 2331s]     from .sourcescanner import CTYPE_TYPEDEF, CSYMBOL_TYPE_TYPEDEF
[ 2331s]   File "/usr/lib64/gobject-introspection/giscanner/sourcescanner.py", line 35, in <module>
[ 2331s]     from giscanner._giscanner import SourceScanner as CSourceScanner
[ 2331s] ModuleNotFoundError: No module named 'giscanner._giscanner'
[ 2332s] [19/40] cc -Itests/test-gom-table-name.p -Itests -I../tests -I. -I.. -I/usr/include/glib-2.0 -I/usr/lib64/glib-2.0/include -I/usr/include/libmount -I/usr/include/blkid -fdiagnostics-color=always -D_FILE_OFFSET_BITS=64 -Wall -Winvalid-pch -O2 -g -pipe -Wall -Werror=format-security -Wp,-D_FORTIFY_SOURCE=2 -Wp,-D_GLIBCXX_ASSERTIONS -fstack-protector-strong -grecord-gcc-switches -specs=/usr/lib/rpm/generic-hardened-cc1 -fasynchronous-unwind-tables -fstack-clash-protection -pthread -MD -MQ tests/test-gom-table-name.p/test-gom-table-name.c.o -MF tests/test-gom-table-name.p/test-gom-table-name.c.o.d -o tests/test-gom-table-name.p/test-gom-table-name.c.o -c ../tests/test-gom-table-name.c
[ 2332s] ../tests/test-gom-table-name.c: In function item_resource_class_init:
[ 2332s] ../tests/test-gom-table-name.c:106:3: warning: g_type_class_add_private is deprecated [-Wdeprecated-declarations]
[ 2332s]   106 |   g_type_class_add_private(object_class, sizeof(ItemResourcePrivate));
[ 2332s]       |   ^~~~~~~~~~~~~~~~~~~~~~~~
[ 2332s] In file included from /usr/include/glib-2.0/gobject/gobject.h:24,
[ 2332s]                  from /usr/include/glib-2.0/gobject/gbinding.h:29,
[ 2332s]                  from /usr/include/glib-2.0/glib-object.h:22,
[ 2332s]                  from /usr/include/glib-2.0/gio/gioenums.h:28,
[ 2332s]                  from /usr/include/glib-2.0/gio/giotypes.h:28,
[ 2332s]                  from /usr/include/glib-2.0/gio/gio.h:26,
[ 2332s]                  from ../gom/gom-adapter.h:22,
[ 2332s]                  from ../gom/gom.h:28,
[ 2332s]                  from ../tests/test-gom-table-name.c:1:
[ 2332s] /usr/include/glib-2.0/gobject/gtype.h:1304:10: note: declared here
[ 2332s]  1304 | void     g_type_class_add_private       (gpointer                    g_class,
[ 2332s]       |          ^~~~~~~~~~~~~~~~~~~~~~~~
[ 2332s] ../tests/test-gom-table-name.c: In function item_resource_init:
[ 2332s] ../tests/test-gom-table-name.c:143:13: warning: Deprecated pre-processor symbol, replace with 
[ 2332s]   143 |                                                ItemResourcePrivate);
[ 2332s]       |             ^                                  ~~~~~~~~~~~~~
[ 2334s] [20/40] cc -Itests/test-gom-sorting.p -Itests -I../tests -I. -I.. -I/usr/include/glib-2.0 -I/usr/lib64/glib-2.0/include -I/usr/include/libmount -I/usr/include/blkid -fdiagnostics-color=always -D_FILE_OFFSET_BITS=64 -Wall -Winvalid-pch -O2 -g -pipe -Wall -Werror=format-security -Wp,-D_FORTIFY_SOURCE=2 -Wp,-D_GLIBCXX_ASSERTIONS -fstack-protector-strong -grecord-gcc-switches -specs=/usr/lib/rpm/generic-hardened-cc1 -fasynchronous-unwind-tables -fstack-clash-protection -pthread -MD -MQ tests/test-gom-sorting.p/test-gom-sorting.c.o -MF tests/test-gom-sorting.p/test-gom-sorting.c.o.d -o tests/test-gom-sorting.p/test-gom-sorting.c.o -c ../tests/test-gom-sorting.c
[ 2334s] ../tests/test-gom-sorting.c: In function episode_resource_class_init:
[ 2334s] ../tests/test-gom-sorting.c:154:4: warning: g_type_class_add_private is deprecated [-Wdeprecated-declarations]
[ 2334s]   154 |    g_type_class_add_private(object_class, sizeof(EpisodeResourcePrivate));
[ 2334s]       |    ^~~~~~~~~~~~~~~~~~~~~~~~
[ 2334s] In file included from /usr/include/glib-2.0/gobject/gobject.h:24,
[ 2334s]                  from /usr/include/glib-2.0/gobject/gbinding.h:29,
[ 2334s]                  from /usr/include/glib-2.0/glib-object.h:22,
[ 2334s]                  from /usr/include/glib-2.0/gio/gioenums.h:28,
[ 2334s]                  from /usr/include/glib-2.0/gio/giotypes.h:28,
[ 2334s]                  from /usr/include/glib-2.0/gio/gio.h:26,
[ 2334s]                  from ../gom/gom-adapter.h:22,
[ 2334s]                  from ../gom/gom.h:28,
[ 2334s]                  from ../tests/test-gom-sorting.c:1:
[ 2334s] /usr/include/glib-2.0/gobject/gtype.h:1304:10: note: declared here
[ 2334s]  1304 | void     g_type_class_add_private       (gpointer                    g_class,
[ 2334s]       |          ^~~~~~~~~~~~~~~~~~~~~~~~
[ 2334s] ../tests/test-gom-sorting.c: In function episode_resource_init:
[ 2334s] ../tests/test-gom-sorting.c:199:13: warning: Deprecated pre-processor symbol, replace with 
[ 2334s]   199 |                                                 EpisodeResourcePrivate);
[ 2334s]       |             ^                                   ~~~~~~~~~~~~
[ 2335s] [21/40] cc -Itests/test-gom-update.p -Itests -I../tests -I. -I.. -I/usr/include/glib-2.0 -I/usr/lib64/glib-2.0/include -I/usr/include/libmount -I/usr/include/blkid -fdiagnostics-color=always -D_FILE_OFFSET_BITS=64 -Wall -Winvalid-pch -O2 -g -pipe -Wall -Werror=format-security -Wp,-D_FORTIFY_SOURCE=2 -Wp,-D_GLIBCXX_ASSERTIONS -fstack-protector-strong -grecord-gcc-switches -specs=/usr/lib/rpm/generic-hardened-cc1 -fasynchronous-unwind-tables -fstack-clash-protection -pthread -MD -MQ tests/test-gom-update.p/test-gom-update.c.o -MF tests/test-gom-update.p/test-gom-update.c.o.d -o tests/test-gom-update.p/test-gom-update.c.o -c ../tests/test-gom-update.c
[ 2335s] ../tests/test-gom-update.c: In function item_resource_class_init:
[ 2335s] ../tests/test-gom-update.c:112:3: warning: g_type_class_add_private is deprecated [-Wdeprecated-declarations]
[ 2335s]   112 |   g_type_class_add_private(object_class, sizeof(ItemResourcePrivate));
[ 2335s]       |   ^~~~~~~~~~~~~~~~~~~~~~~~
[ 2335s] In file included from /usr/include/glib-2.0/gobject/gobject.h:24,
[ 2335s]                  from /usr/include/glib-2.0/gobject/gbinding.h:29,
[ 2335s]                  from /usr/include/glib-2.0/glib-object.h:22,
[ 2335s]                  from /usr/include/glib-2.0/gio/gioenums.h:28,
[ 2335s]                  from /usr/include/glib-2.0/gio/giotypes.h:28,
[ 2335s]                  from /usr/include/glib-2.0/gio/gio.h:26,
[ 2335s]                  from ../gom/gom-adapter.h:22,
[ 2335s]                  from ../gom/gom.h:28,
[ 2335s]                  from ../tests/test-gom-update.c:1:
[ 2335s] /usr/include/glib-2.0/gobject/gtype.h:1304:10: note: declared here
[ 2335s]  1304 | void     g_type_class_add_private       (gpointer                    g_class,
[ 2335s]       |          ^~~~~~~~~~~~~~~~~~~~~~~~
[ 2335s] ../tests/test-gom-update.c: In function item_resource_init:
[ 2335s] ../tests/test-gom-update.c:148:13: warning: Deprecated pre-processor symbol, replace with 
[ 2335s]   148 |                                                ItemResourcePrivate);
[ 2335s]       |             ^                                  ~~~~~~~~~~~~~
[ 2337s] [22/40] cc -Itests/test-gom-datetime.p -Itests -I../tests -I. -I.. -I/usr/include/glib-2.0 -I/usr/lib64/glib-2.0/include -I/usr/include/libmount -I/usr/include/blkid -fdiagnostics-color=always -D_FILE_OFFSET_BITS=64 -Wall -Winvalid-pch -O2 -g -pipe -Wall -Werror=format-security -Wp,-D_FORTIFY_SOURCE=2 -Wp,-D_GLIBCXX_ASSERTIONS -fstack-protector-strong -grecord-gcc-switches -specs=/usr/lib/rpm/generic-hardened-cc1 -fasynchronous-unwind-tables -fstack-clash-protection -pthread -MD -MQ tests/test-gom-datetime.p/test-gom-datetime.c.o -MF tests/test-gom-datetime.p/test-gom-datetime.c.o.d -o tests/test-gom-datetime.p/test-gom-datetime.c.o -c ../tests/test-gom-datetime.c
[ 2337s] ../tests/test-gom-datetime.c: In function item_resource_class_init:
[ 2337s] ../tests/test-gom-datetime.c:120:3: warning: g_type_class_add_private is deprecated [-Wdeprecated-declarations]
[ 2337s]   120 |   g_type_class_add_private(object_class, sizeof(ItemResourcePrivate));
[ 2337s]       |   ^~~~~~~~~~~~~~~~~~~~~~~~
[ 2337s] In file included from /usr/include/glib-2.0/gobject/gobject.h:24,
[ 2337s]                  from /usr/include/glib-2.0/gobject/gbinding.h:29,
[ 2337s]                  from /usr/include/glib-2.0/glib-object.h:22,
[ 2337s]                  from /usr/include/glib-2.0/gio/gioenums.h:28,
[ 2337s]                  from /usr/include/glib-2.0/gio/giotypes.h:28,
[ 2337s]                  from /usr/include/glib-2.0/gio/gio.h:26,
[ 2337s]                  from ../gom/gom-adapter.h:22,
[ 2337s]                  from ../gom/gom.h:28,
[ 2337s]                  from ../tests/test-gom-datetime.c:3:
[ 2337s] /usr/include/glib-2.0/gobject/gtype.h:1304:10: note: declared here
[ 2337s]  1304 | void     g_type_class_add_private       (gpointer                    g_class,
[ 2337s]       |          ^~~~~~~~~~~~~~~~~~~~~~~~
[ 2337s] ../tests/test-gom-datetime.c: In function item_resource_init:
[ 2337s] ../tests/test-gom-datetime.c:156:13: warning: Deprecated pre-processor symbol, replace with 
[ 2337s]   156 |                                                ItemResourcePrivate);
[ 2337s]       |             ^                                  ~~~~~~~~~~~~~
[ 2337s] ../tests/test-gom-datetime.c: In function update:
[ 2337s] ../tests/test-gom-datetime.c:168:3: warning: GTimeVal is deprecated: Use 'GDateTime' instead [-Wdeprecated-declarations]
[ 2337s]   168 |   GTimeVal tv = { 0 };
[ 2337s]       |   ^~~~~~~~
[ 2337s] In file included from /usr/include/glib-2.0/glib/galloca.h:32,
[ 2337s]                  from /usr/include/glib-2.0/glib.h:30,
[ 2337s]                  from ../gom/gom.h:22,
[ 2337s]                  from ../tests/test-gom-datetime.c:3:
[ 2337s] /usr/include/glib-2.0/glib/gtypes.h:547:8: note: declared here
[ 2337s]   547 | struct _GTimeVal
[ 2337s]       |        ^~~~~~~~~
[ 2337s] ../tests/test-gom-datetime.c:188:3: warning: g_time_val_to_iso8601 is deprecated: Use 'g_date_time_format' instead [-Wdeprecated-declarations]
[ 2337s]   188 |   iso8601 = g_time_val_to_iso8601(&tv);
[ 2337s]       |   ^~~~~~~
[ 2337s] In file included from /usr/include/glib-2.0/glib.h:88,
[ 2337s]                  from ../gom/gom.h:22,
[ 2337s]                  from ../tests/test-gom-datetime.c:3:
[ 2337s] /usr/include/glib-2.0/glib/gtimer.h:73:10: note: declared here
[ 2337s]    73 | gchar*   g_time_val_to_iso8601   (GTimeVal    *time_) G_GNUC_MALLOC;
[ 2337s]       |          ^~~~~~~~~~~~~~~~~~~~~
[ 2337s] ../tests/test-gom-datetime.c:192:3: warning: g_date_time_new_from_timeval_utc is deprecated: Use 'g_date_time_new_from_unix_utc' instead [-Wdeprecated-declarations]
[ 2337s]   192 |   start = g_date_time_new_from_timeval_utc(&tv);
[ 2337s]       |   ^~~~~
[ 2337s] In file included from /usr/include/glib-2.0/glib/gbookmarkfile.h:26,
[ 2337s]                  from /usr/include/glib-2.0/glib.h:37,
[ 2337s]                  from ../gom/gom.h:22,
[ 2337s]                  from ../tests/test-gom-datetime.c:3:
[ 2337s] /usr/include/glib-2.0/glib/gdatetime.h:120:25: note: declared here
[ 2337s]   120 | GDateTime *             g_date_time_new_from_timeval_utc                (const GTimeVal *tv);
[ 2337s]       |                         ^~~~~~~~~~~~~~~~~~~~~~~~~~~~~~~~
[ 2337s] ../tests/test-gom-datetime.c:228:3: warning: g_date_time_to_timeval is deprecated: Use 'g_date_time_to_unix' instead [-Wdeprecated-declarations]
[ 2337s]   228 |   g_date_time_to_timeval(start, &tv);
[ 2337s]       |   ^~~~~~~~~~~~~~~~~~~~~~
[ 2337s] In file included from /usr/include/glib-2.0/glib/gbookmarkfile.h:26,
[ 2337s]                  from /usr/include/glib-2.0/glib.h:37,
[ 2337s]                  from ../gom/gom.h:22,
[ 2337s]                  from ../tests/test-gom-datetime.c:3:
[ 2337s] /usr/include/glib-2.0/glib/gdatetime.h:245:25: note: declared here
[ 2337s]   245 | gboolean                g_date_time_to_timeval                          (GDateTime      *datetime,
[ 2337s]       |                         ^~~~~~~~~~~~~~~~~~~~~~
[ 2337s] ../tests/test-gom-datetime.c:231:3: warning: g_time_val_to_iso8601 is deprecated: Use 'g_date_time_format' instead [-Wdeprecated-declarations]
[ 2337s]   231 |   iso8601 = g_time_val_to_iso8601(&tv);
[ 2337s]       |   ^~~~~~~
[ 2337s] In file included from /usr/include/glib-2.0/glib.h:88,
[ 2337s]                  from ../gom/gom.h:22,
[ 2337s]                  from ../tests/test-gom-datetime.c:3:
[ 2337s] /usr/include/glib-2.0/glib/gtimer.h:73:10: note: declared here
[ 2337s]    73 | gchar*   g_time_val_to_iso8601   (GTimeVal    *time_) G_GNUC_MALLOC;
[ 2337s]       |          ^~~~~~~~~~~~~~~~~~~~~
[ 2337s] [23/40] /usr/bin/meson --internal symbolextractor /home/abuild/rpmbuild/BUILD/gom-0.4/riscv64-openEuler-linux-gnu gom/libgom-1.0.so.0.1.0 gom/libgom-1.0.so.0.1.0 gom/libgom-1.0.so.0.1.0.p/libgom-1.0.so.0.1.0.symbols 
[ 2338s] [24/40] cc -Itests/test-gom-find.p -Itests -I../tests -I. -I.. -I/usr/include/glib-2.0 -I/usr/lib64/glib-2.0/include -I/usr/include/libmount -I/usr/include/blkid -fdiagnostics-color=always -D_FILE_OFFSET_BITS=64 -Wall -Winvalid-pch -O2 -g -pipe -Wall -Werror=format-security -Wp,-D_FORTIFY_SOURCE=2 -Wp,-D_GLIBCXX_ASSERTIONS -fstack-protector-strong -grecord-gcc-switches -specs=/usr/lib/rpm/generic-hardened-cc1 -fasynchronous-unwind-tables -fstack-clash-protection -pthread '-DDB="/home/abuild/rpmbuild/BUILD/gom-0.4/tests/grl-bookmarks.db"' -MD -MQ tests/test-gom-find.p/test-gom-find.c.o -MF tests/test-gom-find.p/test-gom-find.c.o.d -o tests/test-gom-find.p/test-gom-find.c.o -c ../tests/test-gom-find.c
[ 2338s] ../tests/test-gom-find.c: In function bookmarks_resource_class_init:
[ 2338s] ../tests/test-gom-find.c:133:3: warning: g_type_class_add_private is deprecated [-Wdeprecated-declarations]
[ 2338s]   133 |   g_type_class_add_private(object_class, sizeof(BookmarksResourcePrivate));
[ 2338s]       |   ^~~~~~~~~~~~~~~~~~~~~~~~
[ 2338s] In file included from /usr/include/glib-2.0/gobject/gobject.h:24,
[ 2338s]                  from /usr/include/glib-2.0/gobject/gbinding.h:29,
[ 2338s]                  from /usr/include/glib-2.0/glib-object.h:22,
[ 2338s]                  from /usr/include/glib-2.0/gio/gioenums.h:28,
[ 2338s]                  from /usr/include/glib-2.0/gio/giotypes.h:28,
[ 2338s]                  from /usr/include/glib-2.0/gio/gio.h:26,
[ 2338s]                  from ../gom/gom-adapter.h:22,
[ 2338s]                  from ../gom/gom.h:28,
[ 2338s]                  from ../tests/test-gom-find.c:1:
[ 2338s] /usr/include/glib-2.0/gobject/gtype.h:1304:10: note: declared here
[ 2338s]  1304 | void     g_type_class_add_private       (gpointer                    g_class,
[ 2338s]       |          ^~~~~~~~~~~~~~~~~~~~~~~~
[ 2338s] ../tests/test-gom-find.c: In function bookmarks_resource_init:
[ 2338s] ../tests/test-gom-find.c:189:13: warning: Deprecated pre-processor symbol, replace with 
[ 2338s]   189 |                                                BookmarksResourcePrivate);
[ 2338s]       |             ^                                  ~~~~~~~~~~~~~
[ 2339s] [25/40] cc -Itests/test-gom-stress.p -Itests -I../tests -I. -I.. -I/usr/include/glib-2.0 -I/usr/lib64/glib-2.0/include -I/usr/include/libmount -I/usr/include/blkid -fdiagnostics-color=always -D_FILE_OFFSET_BITS=64 -Wall -Winvalid-pch -O2 -g -pipe -Wall -Werror=format-security -Wp,-D_FORTIFY_SOURCE=2 -Wp,-D_GLIBCXX_ASSERTIONS -fstack-protector-strong -grecord-gcc-switches -specs=/usr/lib/rpm/generic-hardened-cc1 -fasynchronous-unwind-tables -fstack-clash-protection -pthread -MD -MQ tests/test-gom-stress.p/test-gom-stress.c.o -MF tests/test-gom-stress.p/test-gom-stress.c.o.d -o tests/test-gom-stress.p/test-gom-stress.c.o -c ../tests/test-gom-stress.c
[ 2339s] ../tests/test-gom-stress.c: In function item_resource_class_init:
[ 2339s] ../tests/test-gom-stress.c:111:3: warning: g_type_class_add_private is deprecated [-Wdeprecated-declarations]
[ 2339s]   111 |   g_type_class_add_private(object_class, sizeof(ItemResourcePrivate));
[ 2339s]       |   ^~~~~~~~~~~~~~~~~~~~~~~~
[ 2339s] In file included from /usr/include/glib-2.0/gobject/gobject.h:24,
[ 2339s]                  from /usr/include/glib-2.0/gobject/gbinding.h:29,
[ 2339s]                  from /usr/include/glib-2.0/glib-object.h:22,
[ 2339s]                  from /usr/include/glib-2.0/gio/gioenums.h:28,
[ 2339s]                  from /usr/include/glib-2.0/gio/giotypes.h:28,
[ 2339s]                  from /usr/include/glib-2.0/gio/gio.h:26,
[ 2339s]                  from ../gom/gom-adapter.h:22,
[ 2339s]                  from ../gom/gom.h:28,
[ 2339s]                  from ../tests/test-gom-stress.c:1:
[ 2339s] /usr/include/glib-2.0/gobject/gtype.h:1304:10: note: declared here
[ 2339s]  1304 | void     g_type_class_add_private       (gpointer                    g_class,
[ 2339s]       |          ^~~~~~~~~~~~~~~~~~~~~~~~
[ 2339s] ../tests/test-gom-stress.c: In function item_resource_init:
[ 2339s] ../tests/test-gom-stress.c:147:13: warning: Deprecated pre-processor symbol, replace with 
[ 2339s]   147 |                                                ItemResourcePrivate);
[ 2339s]       |             ^                                  ~~~~~~~~~~~~~
[ 2339s] At top level:
[ 2339s] ../tests/test-gom-stress.c:375:1: warning: stress_time defined but not used [-Wunused-function]
[ 2339s]   375 | stress_time(void)
[ 2339s]       | ^~~~~~~~~~~
[ 2339s] ninja: build stopped: subcommand failed.
[ 2340s] error: Bad exit status from /var/tmp/rpm-tmp.jXVtGq (%build)
[ 2340s] 
[ 2340s] 
[ 2340s] RPM build errors:
[ 2340s]     Bad exit status from /var/tmp/rpm-tmp.jXVtGq (%build)
[ 2340s] 
[ 2340s] oe-RISCV-worker20 failed "build gom.spec" at Sun Apr 24 08:02:05 UTC 2022.
[ 2340s] 
