[    0s] Using BUILD_ROOT=/var/cache/obs/worker/root_1/.mount
[    0s] Using BUILD_ARCH=riscv64
[    0s] Doing kvm build in /var/cache/obs/worker/root_1/root
[    0s] 
[    0s] 
[    0s] cumulus3 started "build hashlink.spec" at Wed Feb  8 21:47:32 UTC 2023.
[    0s] 
[    0s] Building hashlink for project 'openSUSE:Factory:RISCV' repository 'standard' arch 'riscv64' srcmd5 '33cc583b5d0a5eaf847be3bad577d210'
[    0s] 
[    0s] processing recipe /var/cache/obs/worker/root_1/.build-srcdir/hashlink.spec ...
[    0s] running changelog2spec --target rpm --file /var/cache/obs/worker/root_1/.build-srcdir/hashlink.spec
[    0s] init_buildsystem --configdir /var/run/obs/worker/1/build/configs --cachedir /var/cache/build --prepare --clean --rpmlist /var/cache/obs/worker/root_1/.build.rpmlist /var/cache/obs/worker/root_1/.build-srcdir/hashlink.spec build ...
[    1s] unpacking preinstall image openSUSE:Factory:RISCV/standard/preinstallimage-base [005393af507309ad864b537f7427c48a]
[    4s] 
[    4s] copying packages...
[    6s] reordering...cycle: python310-base -> libpython3_10-1_0
[    6s]   breaking dependency python310-base -> libpython3_10-1_0
[    6s] cycle: gio-branding-upstream -> libgio-2_0-0
[    6s]   breaking dependency libgio-2_0-0 -> gio-branding-upstream
[    6s] cycle: libgio-2_0-0 -> glib2-tools
[    6s]   breaking dependency libgio-2_0-0 -> glib2-tools
[    6s] cycle: Mesa-dri -> Mesa
[    6s]   breaking dependency Mesa -> Mesa-dri
[    6s] cycle: libglvnd -> Mesa-dri -> Mesa -> Mesa-libEGL1
[    6s]   breaking dependency Mesa -> Mesa-libEGL1
[    6s] cycle: Mesa -> Mesa-libGL1
[    6s]   breaking dependency Mesa-libGL1 -> Mesa
[    6s] cycle: libglvnd -> Mesa-dri -> Mesa -> Mesa-libGL1
[    6s]   breaking dependency Mesa -> Mesa-libGL1
[    6s] cycle: libglvnd -> Mesa-dri -> Mesa
[    6s]   breaking dependency libglvnd -> Mesa-dri
[    6s] cycle: fontconfig -> libfontconfig1
[    6s]   breaking dependency libfontconfig1 -> fontconfig
[    6s] cycle: gtk2-tools -> libgtk-2_0-0
[    6s]   breaking dependency libgtk-2_0-0 -> gtk2-tools
[    6s] done
[    6s] Detected virtio-serial support
[   12s] booting kvm...
[   12s] ### VM INTERACTION START ###
[   12s] Using virtio-serial support
[   12s] /usr/bin/qemu-kvm -nodefaults -no-reboot -nographic -vga none -cpu host -M pc,accel=kvm,usb=off,dump-guest-core=off,vmport=off -sandbox on -bios /usr/share/qemu/qboot.rom -object rng-random,filename=/dev/random,id=rng0 -device virtio-rng-pci,rng=rng0 -object iothread,id=io0 -runas qemu -net none -kernel /var/cache/obs/worker/root_1/.mount/boot/kernel -initrd /var/cache/obs/worker/root_1/.mount/boot/initrd -append root=/dev/disk/by-id/virtio-0 rootfstype=ext4 rootflags=noatime kvmclock mitigations=off elevator=noop nmi_watchdog=0 rw rd.driver.pre=binfmt_misc oops=panic panic=1 quiet console=hvc0 init=/.build/initvm.x86_64 -m 10000 -drive file=/var/cache/obs/worker/root_1/root,format=raw,if=none,id=disk,cache=unsafe,aio=io_uring -device virtio-blk-pci,iothread=io0,drive=disk,serial=0 -drive file=/var/cache/obs/worker/root_1/swap,format=raw,if=none,id=swap,cache=unsafe,aio=io_uring -device virtio-blk-pci,iothread=io0,drive=swap,serial=1 -device virtio-serial,max_ports=2 -device virtconsole,chardev=virtiocon0 -chardev stdio,id=virtiocon0 -chardev socket,id=monitor,server=on,wait=off,path=/var/cache/obs/worker/root_1/root.qemu/monitor -mon chardev=monitor,mode=readline -smp 12
[   53s] ### VM INTERACTION END ###
[   53s] 2nd stage started in virtual machine
[   55s] machine type: riscv64
[   55s] Linux version: 6.1.10-1-default #1 SMP PREEMPT_DYNAMIC Mon Feb 6 07:27:26 UTC 2023 (2a0570b)
[   55s] Increasing log level from now on...
[   55s] [   42.259566][  T457] sysrq: Changing Loglevel
[   55s] [   42.272432][  T457] sysrq: Loglevel set to 4
[   55s] Enable sysrq operations
[   57s] Setting up swapspace version 1, size = 2 GiB (2097147904 bytes)
[   57s] no label, UUID=7140073b-7cad-4d75-8569-e1dbbf9926d4
[   57s] swapon: /dev/vdb: found signature [pagesize=4096, signature=swap]
[   57s] swapon: /dev/vdb: pagesize=4096, swapsize=2097152000, devsize=2097152000
[   57s] swapon /dev/vdb
[   57s] WARNING: udev not running, creating extra device nodes
[   58s] logging output to //.build.log...
[   59s] processing recipe /.build-srcdir/hashlink.spec ...
[   59s] init_buildsystem --configdir /.build/configs --cachedir /var/cache/build /.build-srcdir/hashlink.spec build ...
[   60s] initializing rpm db...
[   61s] querying package ids...
[  117s] [1/293] cumulate Mesa-KHR-devel-22.3.4-348.1
[  117s] [2/293] cumulate Mesa-libglapi0-22.3.4-348.1
[  117s] [3/293] preinstalled aaa_base-84.87+git20220822.6b9f7a3-1.1
[  117s] [4/293] preinstalled aaa_base-malloccheck-84.87+git20220822.6b9f7a3-1.1
[  117s] [5/293] preinstalled attr-2.5.1-1.1
[  117s] [6/293] preinstalled bash-5.2.15-8.1
[  117s] [7/293] preinstalled bash-sh-5.2.15-8.1
[  117s] [8/293] preinstalled binutils-2.39-3.1
[  117s] [9/293] preinstalled brp-check-suse-84.87+git20221115.2f7add6-1.1
[  117s] [10/293] preinstalled build-compare-20221206T204012.bb70754-1.2
[  117s] [11/293] preinstalled build-mkbaselibs-20230105-1.1
[  117s] [12/293] preinstalled bzip2-1.0.8-4.1
[  117s] [13/293] preinstalled chkstat-1599_20221220-1.2
[  117s] [14/293] preinstalled compat-usrmerge-build-84.87-5.1
[  117s] [15/293] preinstalled compat-usrmerge-tools-84.87-5.1
[  117s] [16/293] preinstalled coreutils-9.1-5.1
[  117s] [17/293] preinstalled cpio-2.13-5.1
[  117s] [18/293] preinstalled cpp-12-2.1
[  117s] [19/293] preinstalled cpp12-12.2.1+git749-4.1
[  117s] [20/293] cumulate crypto-policies-20210917.c9d86d1-1.1
[  117s] [21/293] cumulate dbus-1-common-1.14.4-1.1
[  117s] [22/293] preinstalled debugedit-5.0-5.1
[  117s] [23/293] preinstalled diffutils-3.9-1.1
[  117s] [24/293] preinstalled dwz-0.15-2.1
[  117s] [25/293] preinstalled elfutils-0.188-3.2
[  117s] [26/293] preinstalled file-5.44-1.1
[  117s] [27/293] preinstalled file-magic-5.44-1.1
[  117s] [28/293] preinstalled filesystem-84.87-11.1
[  117s] [29/293] preinstalled fillup-1.42-279.1
[  117s] [30/293] preinstalled findutils-4.9.0-2.1
[  117s] [31/293] preinstalled gawk-5.2.1-2.1
[  117s] [32/293] preinstalled gcc-12-2.1
[  117s] [33/293] preinstalled gcc-PIE-12-2.1
[  117s] [34/293] preinstalled gcc12-12.2.1+git749-4.1
[  117s] [35/293] preinstalled gcc12-PIE-12.2.1+git749-4.1
[  117s] [36/293] preinstalled gettext-runtime-mini-0.21.1-1.1
[  117s] [37/293] preinstalled gettext-tools-mini-0.21.1-1.1
[  117s] [38/293] preinstalled glibc-2.36-9.1
[  117s] [39/293] preinstalled glibc-devel-2.36-9.1
[  117s] [40/293] preinstalled glibc-locale-base-2.36-9.1
[  117s] [41/293] preinstalled grep-3.8-3.1
[  117s] [42/293] preinstalled gzip-1.12-3.1
[  117s] [43/293] cumulate hicolor-icon-theme-0.17-4.1
[  117s] [44/293] preinstalled kernel-obs-build-6.1.10-1.1
[  117s] [45/293] cumulate libX11-data-1.8.1-4.1
[  117s] [46/293] cumulate libXau6-1.0.11-1.1
[  117s] [47/293] preinstalled libacl1-2.3.1-2.1
[  117s] [48/293] preinstalled libasan8-13.0.1+git5428-6.1
[  117s] [49/293] preinstalled libasm1-0.188-3.2
[  117s] [50/293] cumulate libasound2-1.2.8-1.1
[  117s] [51/293] preinstalled libatomic1-13.0.1+git5428-6.1
[  117s] [52/293] preinstalled libattr1-2.5.1-1.1
[  117s] [53/293] preinstalled libaudit1-3.0.6-4.1
[  117s] [54/293] cumulate libavahi-common3-0.8-22.2
[  117s] [55/293] preinstalled libblkid1-2.38.1-6.1
[  117s] [56/293] cumulate libbrotlicommon1-1.0.9-1.1
[  117s] [57/293] preinstalled libbz2-1-1.0.8-4.1
[  117s] [58/293] preinstalled libcap-ng0-0.8.3-1.1
[  117s] [59/293] preinstalled libcap2-2.66-1.1
[  117s] [60/293] cumulate libcom_err2-1.46.5-4.1
[  117s] [61/293] preinstalled libcrypt1-4.4.33-1.1
[  117s] [62/293] preinstalled libctf-nobfd0-2.39-3.1
[  117s] [63/293] preinstalled libctf0-2.39-3.1
[  117s] [64/293] cumulate libdatrie1-0.2.13-1.1
[  117s] [65/293] preinstalled libdb-4_8-4.8.30-39.1
[  117s] [66/293] cumulate libdrm2-2.4.114-3.1
[  117s] [67/293] preinstalled libdw1-0.188-3.2
[  117s] [68/293] preinstalled libeconf0-0.5.1-1.1
[  117s] [69/293] cumulate libedit0-20210910.3.1-1.1
[  117s] [70/293] preinstalled libelf1-0.188-3.2
[  117s] [71/293] cumulate libexpat1-2.5.0-2.1
[  117s] [72/293] preinstalled libfdisk1-2.38.1-6.1
[  118s] [73/293] cumulate libffi8-3.4.4-1.1
[  118s] [74/293] cumulate libfribidi0-1.0.12-1.1
[  118s] [75/293] cumulate libgc1-8.2.2-1.1
[  118s] [76/293] preinstalled libgcc_s1-13.0.1+git5428-6.1
[  118s] [77/293] preinstalled libgcrypt20-1.10.1-1.1
[  118s] [78/293] preinstalled libgdbm6-1.23-1.1
[  118s] [79/293] preinstalled libgdbm_compat4-1.23-1.1
[  118s] [80/293] cumulate libglib-2_0-0-2.74.5-1.1
[  118s] [81/293] preinstalled libgmp10-6.2.1-4.1
[  118s] [82/293] preinstalled libgomp1-13.0.1+git5428-6.1
[  118s] [83/293] preinstalled libgpg-error0-1.46-1.1
[  118s] [84/293] cumulate libgraphite2-3-1.3.14-3.1
[  118s] [85/293] preinstalled libisl23-0.25-1.1
[  118s] [86/293] cumulate libjack0-1.9.21-1.3
[  118s] [87/293] cumulate libjbig2-2.1-4.1
[  118s] [88/293] cumulate libjitterentropy3-3.4.1-1.1
[  118s] [89/293] cumulate libjpeg8-8.2.2-72.1
[  118s] [90/293] cumulate libkeyutils1-1.6.3-5.1
[  118s] [91/293] preinstalled liblua5_4-5-5.4.4-8.1
[  118s] [92/293] preinstalled liblzma5-5.4.1-1.1
[  118s] [93/293] preinstalled libmagic1-5.44-1.1
[  118s] [94/293] cumulate libmbedcrypto7-2.28.2-1.2
[  118s] [95/293] preinstalled libmount1-2.38.1-6.1
[  118s] [96/293] preinstalled libmpc3-1.3.1-1.2
[  118s] [97/293] cumulate libmpdec3-2.5.1-2.1
[  118s] [98/293] preinstalled libmpfr6-4.2.0-1.1
[  118s] [99/293] preinstalled libncurses6-6.4.20230128-4.1
[  118s] [100/293] cumulate libnettle8-3.8.1-1.1
[  118s] [101/293] cumulate libogg0-1.3.5-1.1
[  118s] [102/293] cumulate libopus0-1.3.1-3.2
[  118s] [103/293] cumulate libpcre1-8.45-2.1
[  118s] [104/293] preinstalled libpcre2-8-0-10.42-3.2
[  118s] [105/293] cumulate libpixman-1-0-0.42.2-1.1
[  118s] [106/293] preinstalled libpkgconf3-1.8.0-2.1
[  118s] [107/293] cumulate libpng16-16-1.6.39-2.1
[  118s] [108/293] preinstalled libpopt0-1.19-1.1
[  118s] [109/293] preinstalled libreadline8-8.2-2.1
[  118s] [110/293] cumulate librhash0-1.4.3-1.1
[  118s] [111/293] preinstalled librpmbuild9-4.18.0-3.1
[  118s] [112/293] preinstalled libseccomp2-2.5.4-2.1
[  118s] [113/293] preinstalled libselinux1-3.4-2.1
[  118s] [114/293] preinstalled libsemanage-conf-3.4-1.1
[  118s] [115/293] preinstalled libsemanage2-3.4-1.1
[  118s] [116/293] preinstalled libsepol2-3.4-1.1
[  118s] [117/293] preinstalled libsmartcols1-2.38.1-6.1
[  118s] [118/293] cumulate libspeex1-1.2.1-1.1
[  118s] [119/293] cumulate libsqlite3-0-3.40.1-1.1
[  118s] [120/293] preinstalled libstdc++6-13.0.1+git5428-6.1
[  118s] [121/293] preinstalled libsubid4-4.13-3.1
[  118s] [122/293] cumulate libsystemd0-mini-252.5-1.1
[  118s] [123/293] cumulate libtasn1-6-4.19.0-1.1
[  118s] [124/293] cumulate libthai-data-0.1.29-1.1
[  118s] [125/293] cumulate libturbojpeg0-8.2.2-72.1
[  118s] [126/293] preinstalled libubsan1-13.0.1+git5428-6.1
[  118s] [127/293] cumulate libunistring5-1.1-1.1
[  118s] [128/293] preinstalled libutempter0-1.2.0-3.2
[  118s] [129/293] preinstalled libuuid1-2.38.1-6.1
[  118s] [130/293] cumulate libuv1-1.44.2-3.1
[  118s] [131/293] cumulate libverto1-0.3.2-1.1
[  118s] [132/293] preinstalled libxcrypt-devel-4.4.33-1.1
[  118s] [133/293] cumulate libxml2-2-2.10.3-3.1
[  118s] [134/293] cumulate libxshmfence1-1.3.2-1.1
[  118s] [135/293] preinstalled libz1-1.2.13-2.1
[  118s] [136/293] preinstalled libzstd1-1.5.2-2.1
[  118s] [137/293] preinstalled linux-glibc-devel-6.1-1.1
[  118s] [138/293] preinstalled login_defs-4.13-3.1
[  118s] [139/293] preinstalled lua54-5.4.4-8.1
[  118s] [140/293] preinstalled make-4.4-2.1
[  118s] [141/293] preinstalled ncurses-utils-6.4.20230128-4.1
[  118s] [142/293] preinstalled pam-1.5.2-12.1
[  118s] [143/293] preinstalled patch-2.7.6-6.1
[  118s] [144/293] preinstalled perl-5.36.0-4.1
[  118s] [145/293] preinstalled perl-base-5.36.0-4.1
[  118s] [146/293] preinstalled permissions-1599_20221220-1.2
[  118s] [147/293] preinstalled permissions-config-1599_20221220-1.2
[  118s] [148/293] preinstalled pkgconf-1.8.0-2.1
[  118s] [149/293] preinstalled pkgconf-m4-1.8.0-2.1
[  118s] [150/293] preinstalled pkgconf-pkg-config-1.8.0-2.1
[  118s] [151/293] preinstalled polkit-default-privs-1550+20221102.9f111fa-1.1
[  118s] [152/293] preinstalled post-build-checks-84.87+git20230106.3a359c5-1.1
[  118s] [153/293] cumulate python-rpm-macros-20230128.e704796-1.1
[  118s] [154/293] preinstalled qemu-linux-user-7.1.0-48.1
[  118s] [155/293] preinstalled rpm-4.18.0-3.1
[  118s] [156/293] preinstalled rpm-build-4.18.0-3.1
[  118s] [157/293] preinstalled rpm-build-perl-4.18.0-3.1
[  118s] [158/293] preinstalled rpm-config-SUSE-20220926-1.1
[  118s] [159/293] preinstalled rpmlint-mini-2.4.0+git20230206.a2c4626-9.2
[  118s] [160/293] preinstalled rpmlint-strict-2.4.0+git20230206.a2c4626-1.1
[  118s] [161/293] preinstalled sed-4.9-2.1
[  118s] [162/293] preinstalled shadow-4.13-3.1
[  118s] [163/293] preinstalled system-group-hardware-20170617-24.1
[  118s] [164/293] cumulate system-user-lp-20170617-24.1
[  118s] [165/293] preinstalled system-user-root-20190513-2.1
[  118s] [166/293] preinstalled systemd-rpm-macros-19-1.1
[  118s] [167/293] preinstalled sysuser-shadow-3.1-5.1
[  118s] [168/293] preinstalled tar-1.34-9.1
[  118s] [169/293] preinstalled terminfo-base-6.4.20230128-4.1
[  118s] [170/293] preinstalled update-alternatives-1.21.8-1.1
[  118s] [171/293] preinstalled util-linux-2.38.1-6.1
[  118s] [172/293] preinstalled which-2.21-5.1
[  118s] [173/293] cumulate xorgproto-devel-2022.2-2.1
[  118s] [174/293] preinstalled xz-5.4.1-1.1
[  118s] [175/293] cumulate zlib-devel-1.2.13-2.1
[  118s] [176/293] cumulate cups-config-2.4.2-4.2
[  118s] [177/293] cumulate libFLAC12-1.4.2-1.1
[  118s] [178/293] cumulate libLLVM15-15.0.7-1.1
[  118s] [179/293] cumulate libSDL2-2_0-0-2.26.3-1.1
[  118s] [180/293] cumulate libX11-xcb1-1.8.1-4.1
[  118s] [181/293] cumulate libbrotlidec1-1.0.9-1.1
[  118s] [182/293] cumulate libdrm_amdgpu1-2.4.114-3.1
[  118s] [183/293] cumulate libdrm_nouveau2-2.4.114-3.1
[  118s] [184/293] cumulate libdrm_radeon1-2.4.114-3.1
[  118s] [185/293] cumulate libgmodule-2_0-0-2.74.5-1.1
[  118s] [186/293] cumulate libhogweed6-3.8.1-1.1
[  118s] [187/293] cumulate libidn2-0-2.3.4-1.1
[  118s] [188/293] cumulate libmbedx509-1-2.28.2-1.2
[  118s] [189/293] cumulate libneko2-2.3.0-2.1
[  118s] [190/293] cumulate libogg-devel-1.3.5-1.1
[  118s] [191/293] cumulate libopenssl3-3.0.7-3.1
[  118s] [192/293] cumulate libp11-kit0-0.24.1-2.1
[  118s] [193/293] cumulate libuv-devel-1.44.2-3.1
[  118s] [194/293] cumulate libvorbis0-1.3.7-2.1
[  118s] [195/293] cumulate libwayland-client0-1.21.0-4.2
[  118s] [196/293] cumulate libwayland-server0-1.21.0-4.2
[  118s] [197/293] cumulate libxcb1-1.15-2.1
[  118s] [198/293] cumulate libXau-devel-1.0.11-1.1
[  118s] [199/293] cumulate libdbus-1-3-1.14.4-1.1
[  118s] [200/293] cumulate libgobject-2_0-0-2.74.5-1.1
[  118s] [201/293] cumulate libjpeg8-devel-8.2.2-72.1
[  118s] [202/293] cumulate libpng16-devel-1.6.39-2.1
[  118s] [203/293] cumulate libportaudio2-190700_20210406-1.1
[  118s] [204/293] cumulate libthai0-0.1.29-1.1
[  118s] [205/293] cumulate libtiff6-4.5.0-2.1
[  118s] [206/293] cumulate shared-mime-info-2.2-1.1
[  118s] [207/293] cumulate krb5-mini-1.20.1-2.3
[  118s] [208/293] cumulate libvorbisenc2-1.3.7-2.1
[  118s] [209/293] cumulate libxcb-composite0-1.15-2.1
[  118s] [210/293] cumulate libxcb-damage0-1.15-2.1
[  118s] [211/293] cumulate libxcb-dpms0-1.15-2.1
[  118s] [212/293] cumulate libxcb-dri2-0-1.15-2.1
[  118s] [213/293] cumulate libxcb-dri3-0-1.15-2.1
[  119s] [214/293] cumulate libxcb-glx0-1.15-2.1
[  119s] [215/293] cumulate libxcb-present0-1.15-2.1
[  119s] [216/293] cumulate libxcb-randr0-1.15-2.1
[  119s] [217/293] cumulate libxcb-record0-1.15-2.1
[  119s] [218/293] cumulate libxcb-render0-1.15-2.1
[  119s] [219/293] cumulate libxcb-res0-1.15-2.1
[  119s] [220/293] cumulate libxcb-screensaver0-1.15-2.1
[  119s] [221/293] cumulate libxcb-shape0-1.15-2.1
[  119s] [222/293] cumulate libxcb-shm0-1.15-2.1
[  119s] [223/293] cumulate libxcb-sync1-1.15-2.1
[  119s] [224/293] cumulate libxcb-xf86dri0-1.15-2.1
[  119s] [225/293] cumulate libxcb-xfixes0-1.15-2.1
[  119s] [226/293] cumulate libxcb-xinerama0-1.15-2.1
[  119s] [227/293] cumulate libxcb-xinput0-1.15-2.1
[  119s] [228/293] cumulate libxcb-xkb1-1.15-2.1
[  119s] [229/293] cumulate libxcb-xtest0-1.15-2.1
[  119s] [230/293] cumulate libxcb-xv0-1.15-2.1
[  119s] [231/293] cumulate libxcb-xvmc0-1.15-2.1
[  119s] [232/293] cumulate libX11-6-1.8.1-4.1
[  119s] [233/293] cumulate libatk-1_0-0-2.46.0-2.1
[  119s] [234/293] cumulate libavahi-client3-0.8-22.2
[  119s] [235/293] cumulate libfreetype6-2.12.1-4.1
[  119s] [236/293] cumulate libmbedtls14-2.28.2-1.2
[  119s] [237/293] cumulate libpng16-compat-devel-1.6.39-2.1
[  119s] [238/293] cumulate libvorbisfile3-1.3.7-2.1
[  119s] [239/293] cumulate libgbm1-22.3.4-348.1
[  119s] [240/293] cumulate libgnutls30-3.7.8-3.1
[  119s] [241/293] cumulate libXcomposite1-0.4.6-1.1
[  119s] [242/293] cumulate libXdamage1-1.1.6-1.2
[  119s] [243/293] cumulate libXext6-1.3.5-1.1
[  119s] [244/293] cumulate libXfixes3-6.0.0-2.1
[  119s] [245/293] cumulate libXrender1-0.9.11-1.1
[  119s] [246/293] cumulate libharfbuzz0-6.0.0-2.1
[  119s] [247/293] cumulate mbedtls-devel-2.28.2-1.2
[  119s] [248/293] cumulate libvorbis-devel-1.3.7-2.1
[  119s] [249/293] cumulate libcups2-2.4.2-4.2
[  119s] [250/293] cumulate libsndfile1-1.1.0-1.2
[  119s] [251/293] cumulate libxcb-devel-1.15-2.1
[  119s] [252/293] cumulate libXi6-1.8-1.1
[  119s] [253/293] cumulate libXinerama1-1.1.5-1.1
[  119s] [254/293] cumulate libXxf86vm1-1.1.5-1.1
[  119s] [255/293] cumulate libXcursor1-1.2.1-1.1
[  119s] [256/293] cumulate libXrandr2-1.5.3-1.1
[  119s] [257/293] cumulate libX11-devel-1.8.1-4.1
[  119s] [258/293] cumulate libpulse0-16.1-1.3
[  119s] [259/293] cumulate libopenal1-1.22.2-1.1
[  119s] [260/293] cumulate openal-soft-devel-1.22.2-1.1
[  119s] [261/293] cumulate libglvnd-1.6.0-1.1
[  119s] [262/293] cumulate libfontconfig1-2.14.2-1.1
[  119s] [263/293] cumulate python310-base-3.10.9-2.2
[  119s] [264/293] cumulate libgio-2_0-0-2.74.5-1.1
[  119s] [265/293] cumulate gio-branding-upstream-2.74.5-1.1
[  119s] [266/293] cumulate libGLU1-9.0.2-2.1
[  119s] [267/293] cumulate libglvnd-devel-1.6.0-1.1
[  119s] [268/293] cumulate libpython3_10-1_0-3.10.9-2.2
[  119s] [269/293] cumulate python310-packaging-23.0-1.1
[  119s] [270/293] cumulate fontconfig-2.14.2-1.1
[  119s] [271/293] cumulate Mesa-22.3.4-348.1
[  119s] [272/293] cumulate gdk-pixbuf-query-loaders-2.42.10-1.2
[  119s] [273/293] cumulate glib2-tools-2.74.5-1.1
[  119s] [274/293] cumulate libXft2-2.3.7-1.1
[  119s] [275/293] cumulate cmake-mini-3.25.2-1.2
[  119s] [276/293] cumulate libcairo2-1.17.6-1.1
[  119s] [277/293] cumulate Mesa-libEGL1-22.3.4-348.1
[  119s] [278/293] cumulate Mesa-libGL1-22.3.4-348.1
[  119s] [279/293] cumulate cmake-3.25.2-1.1
[  119s] [280/293] cumulate python-rpm-packaging-20210526+a18ca48-1.1
[  119s] [281/293] cumulate Mesa-libEGL-devel-22.3.4-348.1
[  119s] [282/293] cumulate Mesa-libGL-devel-22.3.4-348.1
[  119s] [283/293] cumulate Mesa-dri-22.3.4-348.1
[  119s] [284/293] cumulate libgdk_pixbuf-2_0-0-2.42.10-1.2
[  119s] [285/293] cumulate libpango-1_0-0-1.50.12-1.1
[  119s] [286/293] cumulate glu-devel-9.0.2-2.1
[  119s] [287/293] cumulate Mesa-libGLESv1_CM-devel-22.3.4-348.1
[  119s] [288/293] cumulate Mesa-libGLESv2-devel-22.3.4-348.1
[  119s] [289/293] cumulate libgtk-2_0-0-2.24.33-4.1
[  119s] [290/293] cumulate gtk2-tools-2.24.33-4.1
[  119s] [291/293] cumulate SDL2-devel-2.26.3-1.1
[  119s] [292/293] cumulate neko-2.3.0-2.1
[  119s] [293/293] cumulate haxe-4.2.5-1.1
[  119s] now installing cumulated packages
[  120s] Preparing...                          ########################################
[  120s] Updating / installing...
[  121s] libglib-2_0-0-2.74.5-1.1              ########################################
[  121s] libexpat1-2.5.0-2.1                   ########################################
[  121s] libdrm2-2.4.114-3.1                   ########################################
[  121s] libgmodule-2_0-0-2.74.5-1.1           ########################################
[  121s] libogg0-1.3.5-1.1                     ########################################
[  122s] libmbedcrypto7-2.28.2-1.2             ########################################
[  122s] libffi8-3.4.4-1.1                     ########################################
[  122s] libgobject-2_0-0-2.74.5-1.1           ########################################
[  122s] libmbedx509-1-2.28.2-1.2              ########################################
[  122s] libvorbis0-1.3.7-2.1                  ########################################
[  122s] libpng16-16-1.6.39-2.1                ########################################
[  123s] Mesa-KHR-devel-22.3.4-348.1           ########################################
[  123s] libmbedtls14-2.28.2-1.2               ########################################
[  123s] xorgproto-devel-2022.2-2.1            ########################################
[  123s] libuv1-1.44.2-3.1                     ########################################
[  123s] libjpeg8-8.2.2-72.1                   ########################################
[  124s] libasound2-1.2.8-1.1                  ########################################
[  124s] Mesa-libglapi0-22.3.4-348.1           ########################################
[  124s] libvorbisenc2-1.3.7-2.1               ########################################
[  124s] libwayland-server0-1.21.0-4.2         ########################################
[  125s] zlib-devel-1.2.13-2.1                 ########################################
[  125s] libxshmfence1-1.3.2-1.1               ########################################
[  125s] libunistring5-1.1-1.1                 ########################################
[  125s] libsystemd0-mini-252.5-1.1            ########################################
[  125s] libpcre1-8.45-2.1                     ########################################
[  126s] libnettle8-3.8.1-1.1                  ########################################
[  126s] libavahi-common3-0.8-22.2             ########################################
[  126s] libXau6-1.0.11-1.1                    ########################################
[  126s] libxcb1-1.15-2.1                      ########################################
[  126s] libxcb-dri2-0-1.15-2.1                ########################################
[  126s] libxcb-dri3-0-1.15-2.1                ########################################
[  126s] libxcb-present0-1.15-2.1              ########################################
[  126s] libxcb-shm0-1.15-2.1                  ########################################
[  127s] libxcb-sync1-1.15-2.1                 ########################################
[  127s] libxcb-xfixes0-1.15-2.1               ########################################
[  127s] libxcb-glx0-1.15-2.1                  ########################################
[  127s] libxcb-randr0-1.15-2.1                ########################################
[  127s] libxcb-render0-1.15-2.1               ########################################
[  127s] libX11-data-1.8.1-4.1                 ########################################
[  128s] libX11-6-1.8.1-4.1                    ########################################
[  128s] libXext6-1.3.5-1.1                    ########################################
[  128s] libXrender1-0.9.11-1.1                ########################################
[  128s] libXfixes3-6.0.0-2.1                  ########################################
[  128s] libX11-xcb1-1.8.1-4.1                 ########################################
[  128s] crypto-policies-20210917.c9d86d1-1.1  ########################################
[  130s] libopenssl3-3.0.7-3.1                 ########################################
[  130s] libXcursor1-1.2.1-1.1                 ########################################
[  130s] libXrandr2-1.5.3-1.1                  ########################################
[  130s] libXi6-1.8-1.1                        ########################################
[  131s] libXinerama1-1.1.5-1.1                ########################################
[  131s] libXxf86vm1-1.1.5-1.1                 ########################################
[  131s] libXcomposite1-0.4.6-1.1              ########################################
[  131s] libXdamage1-1.1.6-1.2                 ########################################
[  131s] libxcb-composite0-1.15-2.1            ########################################
[  132s] libxcb-damage0-1.15-2.1               ########################################
[  132s] libxcb-dpms0-1.15-2.1                 ########################################
[  132s] libxcb-record0-1.15-2.1               ########################################
[  133s] libxcb-res0-1.15-2.1                  ########################################
[  133s] libxcb-screensaver0-1.15-2.1          ########################################
[  133s] libxcb-shape0-1.15-2.1                ########################################
[  133s] libxcb-xf86dri0-1.15-2.1              ########################################
[  134s] libxcb-xinerama0-1.15-2.1             ########################################
[  134s] libxcb-xinput0-1.15-2.1               ########################################
[  134s] libxcb-xkb1-1.15-2.1                  ########################################
[  134s] libxcb-xtest0-1.15-2.1                ########################################
[  134s] libxcb-xv0-1.15-2.1                   ########################################
[  134s] libxcb-xvmc0-1.15-2.1                 ########################################
[  134s] libXau-devel-1.0.11-1.1               ########################################
[  135s] libxcb-devel-1.15-2.1                 ########################################
[  136s] libX11-devel-1.8.1-4.1                ########################################
[  136s] libhogweed6-3.8.1-1.1                 ########################################
[  136s] libidn2-0-2.3.4-1.1                   ########################################
[  136s] libpng16-compat-devel-1.6.39-2.1      ########################################
[  136s] libpng16-devel-1.6.39-2.1             ########################################
[  136s] libgbm1-22.3.4-348.1                  ########################################
[  137s] libSDL2-2_0-0-2.26.3-1.1              ########################################
[  137s] libvorbisfile3-1.3.7-2.1              ########################################
[  137s] libatk-1_0-0-2.46.0-2.1               ########################################
[  137s] libp11-kit0-0.24.1-2.1                ########################################
[  137s] libwayland-client0-1.21.0-4.2         ########################################
[  137s] libFLAC12-1.4.2-1.1                   ########################################
[  138s] libogg-devel-1.3.5-1.1                ########################################
[  138s] libdrm_amdgpu1-2.4.114-3.1            ########################################
[  138s] libdrm_nouveau2-2.4.114-3.1           ########################################
[  138s] libdrm_radeon1-2.4.114-3.1            ########################################
[  138s] /usr/sbin/useradd -r -c Printing daemon -d /var/spool/lpd -g lp lp -s /usr/sbin/nologin
[  139s] system-user-lp-20170617-24.1          ########################################
[  139s] cups-config-2.4.2-4.2                 ########################################
[  139s] python-rpm-macros-20230128.e704796-1.1########################################
[  139s] libxml2-2-2.10.3-3.1                  ########################################
[  140s] shared-mime-info-2.2-1.1              ########################################
[  152s] gio-branding-upstream-2.74.5-1.1      ########################################
[  152s] libgio-2_0-0-2.74.5-1.1               ########################################
[  153s] glib2-tools-2.74.5-1.1                ########################################
[  153s] No schema files found: doing nothing.
[  153s] gdk-pixbuf-query-loaders-2.42.10-1.2  ########################################
[  153s] libverto1-0.3.2-1.1                   ########################################
[  154s] libturbojpeg0-8.2.2-72.1              ########################################
[  154s] libthai-data-0.1.29-1.1               ########################################
[  154s] libtasn1-6-4.19.0-1.1                 ########################################
[  154s] libsqlite3-0-3.40.1-1.1               ########################################
[  154s] libspeex1-1.2.1-1.1                   ########################################
[  154s] librhash0-1.4.3-1.1                   ########################################
[  154s] libpixman-1-0-0.42.2-1.1              ########################################
[  155s] libopus0-1.3.1-3.2                    ########################################
[  155s] libsndfile1-1.1.0-1.2                 ########################################
[  155s] libmpdec3-2.5.1-2.1                   ########################################
[  155s] libpython3_10-1_0-3.10.9-2.2          ########################################
[  161s] python310-base-3.10.9-2.2             ########################################
[  161s] python310-packaging-23.0-1.1          ########################################
[  169s] cmake-mini-3.25.2-1.2                 ########################################
[  169s] libkeyutils1-1.6.3-5.1                ########################################
[  170s] libjitterentropy3-3.4.1-1.1           ########################################
[  170s] libgnutls30-3.7.8-3.1                 ########################################
[  170s] libjbig2-2.1-4.1                      ########################################
[  170s] libtiff6-4.5.0-2.1                    ########################################
[  170s] libgdk_pixbuf-2_0-0-2.42.10-1.2       ########################################
[  171s] libjack0-1.9.21-1.3                   ########################################
[  171s] libportaudio2-190700_20210406-1.1     ########################################
[  171s] libgraphite2-3-1.3.14-3.1             ########################################
[  171s] libgc1-8.2.2-1.1                      ########################################
[  171s] libneko2-2.3.0-2.1                    ########################################
[  171s] libfribidi0-1.0.12-1.1                ########################################
[  171s] libedit0-20210910.3.1-1.1             ########################################
[  186s] libLLVM15-15.0.7-1.1                  ########################################
[  186s] Mesa-libEGL1-22.3.4-348.1             ########################################
[  186s] libglvnd-1.6.0-1.1                    ########################################
[  186s] Mesa-libGL1-22.3.4-348.1              ########################################
[  187s] Mesa-22.3.4-348.1                     ########################################
[  189s] Mesa-dri-22.3.4-348.1                 ########################################
[  189s] libglvnd-devel-1.6.0-1.1              ########################################
[  189s] Mesa-libEGL-devel-22.3.4-348.1        ########################################
[  190s] Mesa-libGL-devel-22.3.4-348.1         ########################################
[  190s] Mesa-libGLESv1_CM-devel-22.3.4-348.1  ########################################
[  190s] Mesa-libGLESv2-devel-22.3.4-348.1     ########################################
[  190s] libGLU1-9.0.2-2.1                     ########################################
[  190s] glu-devel-9.0.2-2.1                   ########################################
[  190s] libdatrie1-0.2.13-1.1                 ########################################
[  190s] libthai0-0.1.29-1.1                   ########################################
[  190s] libcom_err2-1.46.5-4.1                ########################################
[  191s] krb5-mini-1.20.1-2.3                  ########################################
[  191s] Updating /etc/sysconfig/kadmind ...
[  192s] Updating /etc/sysconfig/krb5kdc ...
[  192s] libbrotlicommon1-1.0.9-1.1            ########################################
[  192s] libbrotlidec1-1.0.9-1.1               ########################################
[  192s] libfreetype6-2.12.1-4.1               ########################################
[  192s] libfontconfig1-2.14.2-1.1             ########################################
[  192s] fontconfig-2.14.2-1.1                 ########################################
[  193s] libcairo2-1.17.6-1.1                  ########################################
[  193s] libXft2-2.3.7-1.1                     ########################################
[  193s] libharfbuzz0-6.0.0-2.1                ########################################
[  193s] libpango-1_0-0-1.50.12-1.1            ########################################
[  193s] hicolor-icon-theme-0.17-4.1           ########################################
[  193s] dbus-1-common-1.14.4-1.1              ########################################
[  193s] libdbus-1-3-1.14.4-1.1                ########################################
[  194s] libavahi-client3-0.8-22.2             ########################################
[  194s] libcups2-2.4.2-4.2                    ########################################
[  194s] gtk2-tools-2.24.33-4.1                ########################################
[  194s] update-alternatives: using /usr/bin/gtk-update-icon-cache-2.0 to provide /usr/bin/gtk-update-icon-cache (gtk-update-icon-cache) in auto mode
[  195s] libgtk-2_0-0-2.24.33-4.1              ########################################
[  196s] neko-2.3.0-2.1                        ########################################
[  196s] libpulse0-16.1-1.3                    ########################################
[  196s] libopenal1-1.22.2-1.1                 ########################################
[  196s] openal-soft-devel-1.22.2-1.1          ########################################
[  201s] haxe-4.2.5-1.1                        ########################################
[  202s] SDL2-devel-2.26.3-1.1                 ########################################
[  202s] cmake-3.25.2-1.1                      ########################################
[  202s] python-rpm-packaging-20210526+a18ca48-########################################
[  202s] libjpeg8-devel-8.2.2-72.1             ########################################
[  202s] libvorbis-devel-1.3.7-2.1             ########################################
[  202s] libuv-devel-1.44.2-3.1                ########################################
[  203s] mbedtls-devel-2.28.2-1.2              ########################################
[  211s] now finalizing build dir...
[  211s] ... running 01-add_abuild_user_to_trusted_group
[  212s] ... running 02-set_timezone_to_utc
[  212s] ... running 03-set-permissions-secure
[  213s] ... running 11-hack_uname_version_to_kernel_version
[  227s] -----------------------------------------------------------------
[  227s] I have the following modifications for hashlink.spec:
[  228s] 21c21
[  228s] < Release:        0
[  228s] ---
[  228s] > Release:        1.1
[  241s] build target is riscv64-suse-linux
[  241s] -----------------------------------------------------------------
[  241s] ----- building hashlink.spec (user abuild)
[  241s] -----------------------------------------------------------------
[  241s] -----------------------------------------------------------------
[  249s] + exec rpmbuild -ba --define '_srcdefattr (-,root,root)' --nosignature --target=riscv64-suse-linux --define '_build_create_debug 1' --define 'disturl obs://build.opensuse.org/openSUSE:Factory:RISCV/standard/33cc583b5d0a5eaf847be3bad577d210-hashlink' /home/abuild/rpmbuild/SOURCES/hashlink.spec
[  250s] Building target platforms: riscv64-suse-linux
[  250s] Building for target riscv64-suse-linux
[  250s] setting SOURCE_DATE_EPOCH=1675728000
[  250s] Executing(%prep): /usr/bin/bash -e /var/tmp/rpm-tmp.fvMIYg
[  251s] + umask 022
[  251s] + cd /home/abuild/rpmbuild/BUILD
[  251s] + cd /home/abuild/rpmbuild/BUILD
[  251s] + rm -rf hashlink-1.13
[  251s] + /usr/lib/rpm/rpmuncompress -x /home/abuild/rpmbuild/SOURCES/hashlink-1.13.tar.gz
[  254s] + STATUS=0
[  254s] + '[' 0 -ne 0 ']'
[  254s] + cd hashlink-1.13
[  254s] + /usr/bin/chmod -Rf a+rX,u+w,g-w,o-w .
[  254s] + /usr/lib/rpm/rpmuncompress /home/abuild/rpmbuild/SOURCES/0001-cmake-Install-hlc_main.c-with-hl.h-and-hlc.h.patch
[  254s] + /usr/bin/patch -p1 -s --fuzz=0 --no-backup-if-mismatch -f
[  254s] + /usr/lib/rpm/rpmuncompress /home/abuild/rpmbuild/SOURCES/0001-Disable-the-JIT-tests-on-arm-architectures.patch
[  254s] + /usr/bin/patch -p1 -s --fuzz=0 --no-backup-if-mismatch -f
[  255s] + /usr/lib/rpm/rpmuncompress /home/abuild/rpmbuild/SOURCES/0001-cmake-Don-t-build-the-interpreter-on-ARM.patch
[  255s] + /usr/bin/patch -p1 -s --fuzz=0 --no-backup-if-mismatch -f
[  255s] + /usr/lib/rpm/rpmuncompress /home/abuild/rpmbuild/SOURCES/0001-cmake-Don-t-run-the-version-test-if-the-interpreter-.patch
[  255s] + /usr/bin/patch -p1 -s --fuzz=0 --no-backup-if-mismatch -f
[  256s] + /usr/lib/rpm/rpmuncompress /home/abuild/rpmbuild/SOURCES/0001-fix-rpath.patch
[  256s] + /usr/bin/patch -p1 -s --fuzz=0 --no-backup-if-mismatch -f
[  256s] + /usr/lib/rpm/rpmuncompress /home/abuild/rpmbuild/SOURCES/0001-fix-return-non-void-functions.patch
[  256s] + /usr/bin/patch -p1 -s --fuzz=0 --no-backup-if-mismatch -f
[  257s] + RPM_EC=0
[  257s] ++ jobs -p
[  257s] + exit 0
[  257s] Executing(%build): /usr/bin/bash -e /var/tmp/rpm-tmp.lPtHLc
[  257s] + umask 022
[  257s] + cd /home/abuild/rpmbuild/BUILD
[  257s] + /usr/bin/rm -rf /home/abuild/rpmbuild/BUILDROOT/hashlink-1.13-1.1.riscv64
[  257s] ++ dirname /home/abuild/rpmbuild/BUILDROOT/hashlink-1.13-1.1.riscv64
[  258s] + /usr/bin/mkdir -p /home/abuild/rpmbuild/BUILDROOT
[  258s] + /usr/bin/mkdir /home/abuild/rpmbuild/BUILDROOT/hashlink-1.13-1.1.riscv64
[  258s] + cd hashlink-1.13
[  258s] + ref=/usr/lib/rpm
[  258s] + mints=0
[  258s] + case $(uname -m) in
[  258s] ++ uname -m
[  258s] + mints=20160911
[  259s] + for s in guess sub
[  259s] ++ find -maxdepth 8 -name config.guess
[  259s] + for s in guess sub
[  259s] ++ find -maxdepth 8 -name config.sub
[  259s] + haxelib setup ./haxelib
[  260s] haxelib repository is now /home/abuild/rpmbuild/BUILD/hashlink-1.13/haxelib
[  260s] + haxelib dev hashlink other/haxelib
[  260s] Development directory set to /home/abuild/rpmbuild/BUILD/hashlink-1.13/other/haxelib
[  260s] + find . -type f -name CMakeLists.txt -exec sed -i -re '/^[[:blank:]]*[sS][eE][tT][[:blank:]]*\([[:blank:]]*(CMAKE_BUILD_TYPE|CMAKE_COLOR_MAKEFILE|CMAKE_INSTALL_PREFIX|CMAKE_VERBOSE_MAKEFILE).*\)/{s/^/#IGNORE /}' '{}' +
[  260s] + mkdir -p build
[  261s] + cd build
[  261s] + /usr/bin/cmake /home/abuild/rpmbuild/BUILD/hashlink-1.13/. '-GUnix Makefiles' -DCMAKE_INSTALL_PREFIX:PATH=/usr -DINCLUDE_INSTALL_DIR:PATH=/usr/include -DLIB_INSTALL_DIR:PATH=/usr/lib64 -DSYSCONF_INSTALL_DIR:PATH=/etc -DSHARE_INSTALL_PREFIX:PATH=/usr/share -DCMAKE_INSTALL_LIBDIR:PATH=lib64 -DCMAKE_INSTALL_LIBEXECDIR=/usr/libexec -DCMAKE_BUILD_TYPE=RelWithDebInfo '-DCMAKE_C_FLAGS=-O2 -Wall -U_FORTIFY_SOURCE -D_FORTIFY_SOURCE=3 -fstack-protector-strong -funwind-tables -fasynchronous-unwind-tables -fstack-clash-protection -Werror=return-type -flto=auto -g' '-DCMAKE_CXX_FLAGS=-O2 -Wall -U_FORTIFY_SOURCE -D_FORTIFY_SOURCE=3 -fstack-protector-strong -funwind-tables -fasynchronous-unwind-tables -fstack-clash-protection -Werror=return-type -flto=auto -g' '-DCMAKE_Fortran_FLAGS=-O2 -Wall -U_FORTIFY_SOURCE -D_FORTIFY_SOURCE=3 -fstack-protector-strong -funwind-tables -fasynchronous-unwind-tables -fstack-clash-protection -Werror=return-type -flto=auto -g' '-DCMAKE_EXE_LINKER_FLAGS=-flto=auto -Wl,--as-needed -Wl,--no-undefined -Wl,-z,now' '-DCMAKE_MODULE_LINKER_FLAGS=-flto=auto -Wl,--as-needed' '-DCMAKE_SHARED_LINKER_FLAGS=-flto=auto -Wl,--as-needed -Wl,--no-undefined -Wl,-z,now' -DLIB_SUFFIX=64 -DCMAKE_VERBOSE_MAKEFILE:BOOL=ON -DBUILD_SHARED_LIBS:BOOL=ON -DBUILD_STATIC_LIBS:BOOL=OFF -DCMAKE_COLOR_MAKEFILE:BOOL=OFF -DCMAKE_INSTALL_DO_STRIP:BOOL=OFF -DCMAKE_MODULES_INSTALL_DIR=/usr/lib64/cmake/hashlink
[  272s] -- The C compiler identification is GNU 12.2.1
[  272s] -- Detecting C compiler ABI info
[  281s] -- Detecting C compiler ABI info - done
[  282s] -- Check for working C compiler: /usr/bin/cc - skipped
[  282s] -- Detecting C compile features
[  282s] -- Detecting C compile features - done
[  282s] -- Found PkgConfig: /usr/bin/pkg-config (found version "1.8.0") 
[  283s] -- Found ZLIB: /usr/lib64/libz.so (found version "1.2.13") 
[  283s] -- Found PNG: /usr/lib64/libpng.so (found version "1.6.39") 
[  283s] -- Performing Test TURBOJPEG_WORKS
[  293s] -- Performing Test TURBOJPEG_WORKS - Success
[  293s] -- Looking for vorbis_bitrate_addblock in vorbis
[  302s] -- Looking for vorbis_bitrate_addblock in vorbis - found
[  303s] -- Performing Test CMAKE_HAVE_LIBC_PTHREAD
[  312s] -- Performing Test CMAKE_HAVE_LIBC_PTHREAD - Success
[  312s] -- Found Threads: TRUE  
[  312s] -- Found SDL2: /usr/lib64/libSDL2main.a;/usr/lib64/libSDL2.so  
[  312s] CMake Warning (dev) at /usr/share/cmake/Modules/FindOpenGL.cmake:315 (message):
[  312s]   Policy CMP0072 is not set: FindOpenGL prefers GLVND by default when
[  312s]   available.  Run "cmake --help-policy CMP0072" for policy details.  Use the
[  312s]   cmake_policy command to set the policy and suppress this warning.
[  312s] 
[  312s]   FindOpenGL found both a legacy GL library:
[  312s] 
[  312s]     OPENGL_gl_LIBRARY: /usr/lib64/libGL.so
[  312s] 
[  312s]   and GLVND libraries for OpenGL and GLX:
[  312s] 
[  312s]     OPENGL_opengl_LIBRARY: /usr/lib64/libOpenGL.so
[  312s]     OPENGL_glx_LIBRARY: /usr/lib64/libGLX.so
[  312s] 
[  312s]   OpenGL_GL_PREFERENCE has not been set to "GLVND" or "LEGACY", so for
[  312s]   compatibility with CMake 3.10 and below the legacy GL library will be used.
[  312s] Call Stack (most recent call first):
[  312s]   libs/sdl/CMakeLists.txt:29 (find_package)
[  312s] This warning is for project developers.  Use -Wno-dev to suppress it.
[  312s] 
[  312s] -- Found OpenGL: /usr/lib64/libOpenGL.so   
[  312s] -- Found LibUV: /usr/lib64/libuv.so (found version "") 
[  312s] -- Configuring done
[  314s] -- Generating done
[  314s] CMake Warning:
[  314s]   Manually-specified variables were not used by the project:
[  314s] 
[  314s]     BUILD_STATIC_LIBS
[  314s]     CMAKE_CXX_FLAGS
[  314s]     CMAKE_Fortran_FLAGS
[  314s]     CMAKE_INSTALL_DO_STRIP
[  314s]     CMAKE_MODULES_INSTALL_DIR
[  314s]     INCLUDE_INSTALL_DIR
[  314s]     LIB_INSTALL_DIR
[  314s]     LIB_SUFFIX
[  314s]     SHARE_INSTALL_PREFIX
[  314s]     SYSCONF_INSTALL_DIR
[  314s] 
[  314s] 
[  314s] -- Build files have been written to: /home/abuild/rpmbuild/BUILD/hashlink-1.13/build
[  314s] + /usr/bin/make -O VERBOSE=1 -j12
[  314s] /usr/bin/cmake -S/home/abuild/rpmbuild/BUILD/hashlink-1.13 -B/home/abuild/rpmbuild/BUILD/hashlink-1.13/build --check-build-system CMakeFiles/Makefile.cmake 0
[  315s] /usr/bin/cmake -E cmake_progress_start /home/abuild/rpmbuild/BUILD/hashlink-1.13/build/CMakeFiles /home/abuild/rpmbuild/BUILD/hashlink-1.13/build//CMakeFiles/progress.marks
[  315s] /usr/bin/make  -f CMakeFiles/Makefile2 all
[  315s] /usr/bin/make  -f CMakeFiles/libhl.dir/build.make CMakeFiles/libhl.dir/depend
[  315s] /usr/bin/make  -f CMakeFiles/hello.hl.dir/build.make CMakeFiles/hello.hl.dir/depend
[  315s] /usr/bin/make  -f CMakeFiles/threads.hl.dir/build.make CMakeFiles/threads.hl.dir/depend
[  315s] /usr/bin/make  -f CMakeFiles/uvsample.hl.dir/build.make CMakeFiles/uvsample.hl.dir/depend
[  316s] make[2]: Entering directory '/home/abuild/rpmbuild/BUILD/hashlink-1.13/build'
[  316s] cd /home/abuild/rpmbuild/BUILD/hashlink-1.13/build && /usr/bin/cmake -E cmake_depends "Unix Makefiles" /home/abuild/rpmbuild/BUILD/hashlink-1.13 /home/abuild/rpmbuild/BUILD/hashlink-1.13 /home/abuild/rpmbuild/BUILD/hashlink-1.13/build /home/abuild/rpmbuild/BUILD/hashlink-1.13/build /home/abuild/rpmbuild/BUILD/hashlink-1.13/build/CMakeFiles/threads.hl.dir/DependInfo.cmake
[  316s] make[2]: Leaving directory '/home/abuild/rpmbuild/BUILD/hashlink-1.13/build'
[  316s] /usr/bin/make  -f CMakeFiles/threads.hl.dir/build.make CMakeFiles/threads.hl.dir/build
[  316s] make[2]: Entering directory '/home/abuild/rpmbuild/BUILD/hashlink-1.13/build'
[  316s] cd /home/abuild/rpmbuild/BUILD/hashlink-1.13/build && /usr/bin/cmake -E cmake_depends "Unix Makefiles" /home/abuild/rpmbuild/BUILD/hashlink-1.13 /home/abuild/rpmbuild/BUILD/hashlink-1.13 /home/abuild/rpmbuild/BUILD/hashlink-1.13/build /home/abuild/rpmbuild/BUILD/hashlink-1.13/build /home/abuild/rpmbuild/BUILD/hashlink-1.13/build/CMakeFiles/uvsample.hl.dir/DependInfo.cmake
[  316s] make[2]: Leaving directory '/home/abuild/rpmbuild/BUILD/hashlink-1.13/build'
[  316s] /usr/bin/make  -f CMakeFiles/uvsample.hl.dir/build.make CMakeFiles/uvsample.hl.dir/build
[  316s] make[2]: Entering directory '/home/abuild/rpmbuild/BUILD/hashlink-1.13/build'
[  316s] cd /home/abuild/rpmbuild/BUILD/hashlink-1.13/build && /usr/bin/cmake -E cmake_depends "Unix Makefiles" /home/abuild/rpmbuild/BUILD/hashlink-1.13 /home/abuild/rpmbuild/BUILD/hashlink-1.13 /home/abuild/rpmbuild/BUILD/hashlink-1.13/build /home/abuild/rpmbuild/BUILD/hashlink-1.13/build /home/abuild/rpmbuild/BUILD/hashlink-1.13/build/CMakeFiles/libhl.dir/DependInfo.cmake
[  316s] make[2]: Leaving directory '/home/abuild/rpmbuild/BUILD/hashlink-1.13/build'
[  316s] make[2]: Entering directory '/home/abuild/rpmbuild/BUILD/hashlink-1.13/build'
[  316s] /usr/bin/make  -f CMakeFiles/libhl.dir/build.make CMakeFiles/libhl.dir/build
[  316s] cd /home/abuild/rpmbuild/BUILD/hashlink-1.13/build && /usr/bin/cmake -E cmake_depends "Unix Makefiles" /home/abuild/rpmbuild/BUILD/hashlink-1.13 /home/abuild/rpmbuild/BUILD/hashlink-1.13 /home/abuild/rpmbuild/BUILD/hashlink-1.13/build /home/abuild/rpmbuild/BUILD/hashlink-1.13/build /home/abuild/rpmbuild/BUILD/hashlink-1.13/build/CMakeFiles/hello.hl.dir/DependInfo.cmake
[  316s] make[2]: Leaving directory '/home/abuild/rpmbuild/BUILD/hashlink-1.13/build'
[  316s] /usr/bin/make  -f CMakeFiles/hello.hl.dir/build.make CMakeFiles/hello.hl.dir/build
[  323s] make[2]: Entering directory '/home/abuild/rpmbuild/BUILD/hashlink-1.13/build'
[  323s] [ 15%] Building C object CMakeFiles/libhl.dir/include/pcre/pcre_globals.c.o
[  323s] /usr/bin/cc -DLIBHL_EXPORTS -D_USRDLL -Dlibhl_EXPORTS -I/home/abuild/rpmbuild/BUILD/hashlink-1.13/src -I/home/abuild/rpmbuild/BUILD/hashlink-1.13/include -I/home/abuild/rpmbuild/BUILD/hashlink-1.13/include/pcre -O2 -Wall -U_FORTIFY_SOURCE -D_FORTIFY_SOURCE=3 -fstack-protector-strong -funwind-tables -fasynchronous-unwind-tables -fstack-clash-protection -Werror=return-type -flto=auto -g -O2 -g -DNDEBUG -fPIC -std=gnu11 -MD -MT CMakeFiles/libhl.dir/include/pcre/pcre_globals.c.o -MF CMakeFiles/libhl.dir/include/pcre/pcre_globals.c.o.d -o CMakeFiles/libhl.dir/include/pcre/pcre_globals.c.o -c /home/abuild/rpmbuild/BUILD/hashlink-1.13/include/pcre/pcre_globals.c
[  323s] make[2]: Leaving directory '/home/abuild/rpmbuild/BUILD/hashlink-1.13/build'
[  323s] make[2]: Entering directory '/home/abuild/rpmbuild/BUILD/hashlink-1.13/build'
[  323s] [ 16%] Building C object CMakeFiles/libhl.dir/include/pcre/pcre_chartables.c.o
[  323s] /usr/bin/cc -DLIBHL_EXPORTS -D_USRDLL -Dlibhl_EXPORTS -I/home/abuild/rpmbuild/BUILD/hashlink-1.13/src -I/home/abuild/rpmbuild/BUILD/hashlink-1.13/include -I/home/abuild/rpmbuild/BUILD/hashlink-1.13/include/pcre -O2 -Wall -U_FORTIFY_SOURCE -D_FORTIFY_SOURCE=3 -fstack-protector-strong -funwind-tables -fasynchronous-unwind-tables -fstack-clash-protection -Werror=return-type -flto=auto -g -O2 -g -DNDEBUG -fPIC -std=gnu11 -MD -MT CMakeFiles/libhl.dir/include/pcre/pcre_chartables.c.o -MF CMakeFiles/libhl.dir/include/pcre/pcre_chartables.c.o.d -o CMakeFiles/libhl.dir/include/pcre/pcre_chartables.c.o -c /home/abuild/rpmbuild/BUILD/hashlink-1.13/include/pcre/pcre_chartables.c
[  323s] make[2]: Leaving directory '/home/abuild/rpmbuild/BUILD/hashlink-1.13/build'
[  324s] make[2]: Entering directory '/home/abuild/rpmbuild/BUILD/hashlink-1.13/build'
[  324s] [ 11%] Building C object CMakeFiles/libhl.dir/include/pcre/pcre16_ord2utf16.c.o
[  324s] /usr/bin/cc -DLIBHL_EXPORTS -D_USRDLL -Dlibhl_EXPORTS -I/home/abuild/rpmbuild/BUILD/hashlink-1.13/src -I/home/abuild/rpmbuild/BUILD/hashlink-1.13/include -I/home/abuild/rpmbuild/BUILD/hashlink-1.13/include/pcre -O2 -Wall -U_FORTIFY_SOURCE -D_FORTIFY_SOURCE=3 -fstack-protector-strong -funwind-tables -fasynchronous-unwind-tables -fstack-clash-protection -Werror=return-type -flto=auto -g -O2 -g -DNDEBUG -fPIC -std=gnu11 -MD -MT CMakeFiles/libhl.dir/include/pcre/pcre16_ord2utf16.c.o -MF CMakeFiles/libhl.dir/include/pcre/pcre16_ord2utf16.c.o.d -o CMakeFiles/libhl.dir/include/pcre/pcre16_ord2utf16.c.o -c /home/abuild/rpmbuild/BUILD/hashlink-1.13/include/pcre/pcre16_ord2utf16.c
[  324s] make[2]: Leaving directory '/home/abuild/rpmbuild/BUILD/hashlink-1.13/build'
[  324s] make[2]: Entering directory '/home/abuild/rpmbuild/BUILD/hashlink-1.13/build'
[  324s] [  5%] Building C object CMakeFiles/libhl.dir/include/pcre/pcre16_valid_utf16.c.o
[  324s] /usr/bin/cc -DLIBHL_EXPORTS -D_USRDLL -Dlibhl_EXPORTS -I/home/abuild/rpmbuild/BUILD/hashlink-1.13/src -I/home/abuild/rpmbuild/BUILD/hashlink-1.13/include -I/home/abuild/rpmbuild/BUILD/hashlink-1.13/include/pcre -O2 -Wall -U_FORTIFY_SOURCE -D_FORTIFY_SOURCE=3 -fstack-protector-strong -funwind-tables -fasynchronous-unwind-tables -fstack-clash-protection -Werror=return-type -flto=auto -g -O2 -g -DNDEBUG -fPIC -std=gnu11 -MD -MT CMakeFiles/libhl.dir/include/pcre/pcre16_valid_utf16.c.o -MF CMakeFiles/libhl.dir/include/pcre/pcre16_valid_utf16.c.o.d -o CMakeFiles/libhl.dir/include/pcre/pcre16_valid_utf16.c.o -c /home/abuild/rpmbuild/BUILD/hashlink-1.13/include/pcre/pcre16_valid_utf16.c
[  324s] make[2]: Leaving directory '/home/abuild/rpmbuild/BUILD/hashlink-1.13/build'
[  324s] make[2]: Entering directory '/home/abuild/rpmbuild/BUILD/hashlink-1.13/build'
[  324s] [  9%] Building C object CMakeFiles/libhl.dir/include/pcre/pcre_fullinfo.c.o
[  324s] /usr/bin/cc -DLIBHL_EXPORTS -D_USRDLL -Dlibhl_EXPORTS -I/home/abuild/rpmbuild/BUILD/hashlink-1.13/src -I/home/abuild/rpmbuild/BUILD/hashlink-1.13/include -I/home/abuild/rpmbuild/BUILD/hashlink-1.13/include/pcre -O2 -Wall -U_FORTIFY_SOURCE -D_FORTIFY_SOURCE=3 -fstack-protector-strong -funwind-tables -fasynchronous-unwind-tables -fstack-clash-protection -Werror=return-type -flto=auto -g -O2 -g -DNDEBUG -fPIC -std=gnu11 -MD -MT CMakeFiles/libhl.dir/include/pcre/pcre_fullinfo.c.o -MF CMakeFiles/libhl.dir/include/pcre/pcre_fullinfo.c.o.d -o CMakeFiles/libhl.dir/include/pcre/pcre_fullinfo.c.o -c /home/abuild/rpmbuild/BUILD/hashlink-1.13/include/pcre/pcre_fullinfo.c
[  324s] make[2]: Leaving directory '/home/abuild/rpmbuild/BUILD/hashlink-1.13/build'
[  325s] make[2]: Entering directory '/home/abuild/rpmbuild/BUILD/hashlink-1.13/build'
[  325s] [  8%] Building C object CMakeFiles/libhl.dir/include/pcre/pcre_newline.c.o
[  325s] /usr/bin/cc -DLIBHL_EXPORTS -D_USRDLL -Dlibhl_EXPORTS -I/home/abuild/rpmbuild/BUILD/hashlink-1.13/src -I/home/abuild/rpmbuild/BUILD/hashlink-1.13/include -I/home/abuild/rpmbuild/BUILD/hashlink-1.13/include/pcre -O2 -Wall -U_FORTIFY_SOURCE -D_FORTIFY_SOURCE=3 -fstack-protector-strong -funwind-tables -fasynchronous-unwind-tables -fstack-clash-protection -Werror=return-type -flto=auto -g -O2 -g -DNDEBUG -fPIC -std=gnu11 -MD -MT CMakeFiles/libhl.dir/include/pcre/pcre_newline.c.o -MF CMakeFiles/libhl.dir/include/pcre/pcre_newline.c.o.d -o CMakeFiles/libhl.dir/include/pcre/pcre_newline.c.o -c /home/abuild/rpmbuild/BUILD/hashlink-1.13/include/pcre/pcre_newline.c
[  325s] make[2]: Leaving directory '/home/abuild/rpmbuild/BUILD/hashlink-1.13/build'
[  329s] make[2]: Entering directory '/home/abuild/rpmbuild/BUILD/hashlink-1.13/build'
[  329s] [ 19%] Building C object CMakeFiles/libhl.dir/include/pcre/pcre_tables.c.o
[  329s] /usr/bin/cc -DLIBHL_EXPORTS -D_USRDLL -Dlibhl_EXPORTS -I/home/abuild/rpmbuild/BUILD/hashlink-1.13/src -I/home/abuild/rpmbuild/BUILD/hashlink-1.13/include -I/home/abuild/rpmbuild/BUILD/hashlink-1.13/include/pcre -O2 -Wall -U_FORTIFY_SOURCE -D_FORTIFY_SOURCE=3 -fstack-protector-strong -funwind-tables -fasynchronous-unwind-tables -fstack-clash-protection -Werror=return-type -flto=auto -g -O2 -g -DNDEBUG -fPIC -std=gnu11 -MD -MT CMakeFiles/libhl.dir/include/pcre/pcre_tables.c.o -MF CMakeFiles/libhl.dir/include/pcre/pcre_tables.c.o.d -o CMakeFiles/libhl.dir/include/pcre/pcre_tables.c.o -c /home/abuild/rpmbuild/BUILD/hashlink-1.13/include/pcre/pcre_tables.c
[  329s] make[2]: Leaving directory '/home/abuild/rpmbuild/BUILD/hashlink-1.13/build'
[  330s] make[2]: Entering directory '/home/abuild/rpmbuild/BUILD/hashlink-1.13/build'
[  330s] [ 18%] Building C object CMakeFiles/libhl.dir/include/pcre/pcre_string_utils.c.o
[  330s] /usr/bin/cc -DLIBHL_EXPORTS -D_USRDLL -Dlibhl_EXPORTS -I/home/abuild/rpmbuild/BUILD/hashlink-1.13/src -I/home/abuild/rpmbuild/BUILD/hashlink-1.13/include -I/home/abuild/rpmbuild/BUILD/hashlink-1.13/include/pcre -O2 -Wall -U_FORTIFY_SOURCE -D_FORTIFY_SOURCE=3 -fstack-protector-strong -funwind-tables -fasynchronous-unwind-tables -fstack-clash-protection -Werror=return-type -flto=auto -g -O2 -g -DNDEBUG -fPIC -std=gnu11 -MD -MT CMakeFiles/libhl.dir/include/pcre/pcre_string_utils.c.o -MF CMakeFiles/libhl.dir/include/pcre/pcre_string_utils.c.o.d -o CMakeFiles/libhl.dir/include/pcre/pcre_string_utils.c.o -c /home/abuild/rpmbuild/BUILD/hashlink-1.13/include/pcre/pcre_string_utils.c
[  330s] make[2]: Leaving directory '/home/abuild/rpmbuild/BUILD/hashlink-1.13/build'
[  332s] make[2]: Entering directory '/home/abuild/rpmbuild/BUILD/hashlink-1.13/build'
[  332s] [ 22%] Building C object CMakeFiles/libhl.dir/include/pcre/pcre_xclass.c.o
[  332s] /usr/bin/cc -DLIBHL_EXPORTS -D_USRDLL -Dlibhl_EXPORTS -I/home/abuild/rpmbuild/BUILD/hashlink-1.13/src -I/home/abuild/rpmbuild/BUILD/hashlink-1.13/include -I/home/abuild/rpmbuild/BUILD/hashlink-1.13/include/pcre -O2 -Wall -U_FORTIFY_SOURCE -D_FORTIFY_SOURCE=3 -fstack-protector-strong -funwind-tables -fasynchronous-unwind-tables -fstack-clash-protection -Werror=return-type -flto=auto -g -O2 -g -DNDEBUG -fPIC -std=gnu11 -MD -MT CMakeFiles/libhl.dir/include/pcre/pcre_xclass.c.o -MF CMakeFiles/libhl.dir/include/pcre/pcre_xclass.c.o.d -o CMakeFiles/libhl.dir/include/pcre/pcre_xclass.c.o -c /home/abuild/rpmbuild/BUILD/hashlink-1.13/include/pcre/pcre_xclass.c
[  332s] make[2]: Leaving directory '/home/abuild/rpmbuild/BUILD/hashlink-1.13/build'
[  334s] make[2]: Entering directory '/home/abuild/rpmbuild/BUILD/hashlink-1.13/build'
[  334s] [ 25%] Building C object CMakeFiles/libhl.dir/src/std/array.c.o
[  334s] /usr/bin/cc -DLIBHL_EXPORTS -D_USRDLL -Dlibhl_EXPORTS -I/home/abuild/rpmbuild/BUILD/hashlink-1.13/src -I/home/abuild/rpmbuild/BUILD/hashlink-1.13/include -I/home/abuild/rpmbuild/BUILD/hashlink-1.13/include/pcre -O2 -Wall -U_FORTIFY_SOURCE -D_FORTIFY_SOURCE=3 -fstack-protector-strong -funwind-tables -fasynchronous-unwind-tables -fstack-clash-protection -Werror=return-type -flto=auto -g -O2 -g -DNDEBUG -fPIC -std=gnu11 -MD -MT CMakeFiles/libhl.dir/src/std/array.c.o -MF CMakeFiles/libhl.dir/src/std/array.c.o.d -o CMakeFiles/libhl.dir/src/std/array.c.o -c /home/abuild/rpmbuild/BUILD/hashlink-1.13/src/std/array.c
[  334s] make[2]: Leaving directory '/home/abuild/rpmbuild/BUILD/hashlink-1.13/build'
[  337s] make[2]: Entering directory '/home/abuild/rpmbuild/BUILD/hashlink-1.13/build'
[  338s] [ 21%] Building C object CMakeFiles/libhl.dir/include/pcre/pcre_ucd.c.o
[  338s] /usr/bin/cc -DLIBHL_EXPORTS -D_USRDLL -Dlibhl_EXPORTS -I/home/abuild/rpmbuild/BUILD/hashlink-1.13/src -I/home/abuild/rpmbuild/BUILD/hashlink-1.13/include -I/home/abuild/rpmbuild/BUILD/hashlink-1.13/include/pcre -O2 -Wall -U_FORTIFY_SOURCE -D_FORTIFY_SOURCE=3 -fstack-protector-strong -funwind-tables -fasynchronous-unwind-tables -fstack-clash-protection -Werror=return-type -flto=auto -g -O2 -g -DNDEBUG -fPIC -std=gnu11 -MD -MT CMakeFiles/libhl.dir/include/pcre/pcre_ucd.c.o -MF CMakeFiles/libhl.dir/include/pcre/pcre_ucd.c.o.d -o CMakeFiles/libhl.dir/include/pcre/pcre_ucd.c.o -c /home/abuild/rpmbuild/BUILD/hashlink-1.13/include/pcre/pcre_ucd.c
[  338s] make[2]: Leaving directory '/home/abuild/rpmbuild/BUILD/hashlink-1.13/build'
[  339s] make[2]: Entering directory '/home/abuild/rpmbuild/BUILD/hashlink-1.13/build'
[  339s] [  1%] Generating bin/test/threads.hl
[  339s] /usr/bin/haxe -hl /home/abuild/rpmbuild/BUILD/hashlink-1.13/build/bin/test/threads.hl -cp /home/abuild/rpmbuild/BUILD/hashlink-1.13/other/tests -main Threads
[  339s] make[2]: Leaving directory '/home/abuild/rpmbuild/BUILD/hashlink-1.13/build'
[  339s] make[2]: Entering directory '/home/abuild/rpmbuild/BUILD/hashlink-1.13/build'
[  339s] [ 26%] Building C object CMakeFiles/libhl.dir/src/std/buffer.c.o
[  339s] /usr/bin/cc -DLIBHL_EXPORTS -D_USRDLL -Dlibhl_EXPORTS -I/home/abuild/rpmbuild/BUILD/hashlink-1.13/src -I/home/abuild/rpmbuild/BUILD/hashlink-1.13/include -I/home/abuild/rpmbuild/BUILD/hashlink-1.13/include/pcre -O2 -Wall -U_FORTIFY_SOURCE -D_FORTIFY_SOURCE=3 -fstack-protector-strong -funwind-tables -fasynchronous-unwind-tables -fstack-clash-protection -Werror=return-type -flto=auto -g -O2 -g -DNDEBUG -fPIC -std=gnu11 -MD -MT CMakeFiles/libhl.dir/src/std/buffer.c.o -MF CMakeFiles/libhl.dir/src/std/buffer.c.o.d -o CMakeFiles/libhl.dir/src/std/buffer.c.o -c /home/abuild/rpmbuild/BUILD/hashlink-1.13/src/std/buffer.c
[  339s] make[2]: Leaving directory '/home/abuild/rpmbuild/BUILD/hashlink-1.13/build'
[  340s] make[1]: Entering directory '/home/abuild/rpmbuild/BUILD/hashlink-1.13/build'
[  340s] [ 32%] Built target threads.hl
[  340s] make[1]: Leaving directory '/home/abuild/rpmbuild/BUILD/hashlink-1.13/build'
[  340s] make[2]: Entering directory '/home/abuild/rpmbuild/BUILD/hashlink-1.13/build'
[  340s] [  4%] Generating bin/test/hello.hl
[  340s] /usr/bin/haxe -hl /home/abuild/rpmbuild/BUILD/hashlink-1.13/build/bin/test/hello.hl -cp /home/abuild/rpmbuild/BUILD/hashlink-1.13/other/tests -main HelloWorld
[  340s] make[2]: Leaving directory '/home/abuild/rpmbuild/BUILD/hashlink-1.13/build'
[  341s] make[1]: Entering directory '/home/abuild/rpmbuild/BUILD/hashlink-1.13/build'
[  341s] [ 35%] Built target hello.hl
[  341s] make[1]: Leaving directory '/home/abuild/rpmbuild/BUILD/hashlink-1.13/build'
[  342s] make[2]: Entering directory '/home/abuild/rpmbuild/BUILD/hashlink-1.13/build'
[  342s] [ 28%] Building C object CMakeFiles/libhl.dir/src/std/bytes.c.o
[  342s] /usr/bin/cc -DLIBHL_EXPORTS -D_USRDLL -Dlibhl_EXPORTS -I/home/abuild/rpmbuild/BUILD/hashlink-1.13/src -I/home/abuild/rpmbuild/BUILD/hashlink-1.13/include -I/home/abuild/rpmbuild/BUILD/hashlink-1.13/include/pcre -O2 -Wall -U_FORTIFY_SOURCE -D_FORTIFY_SOURCE=3 -fstack-protector-strong -funwind-tables -fasynchronous-unwind-tables -fstack-clash-protection -Werror=return-type -flto=auto -g -O2 -g -DNDEBUG -fPIC -std=gnu11 -MD -MT CMakeFiles/libhl.dir/src/std/bytes.c.o -MF CMakeFiles/libhl.dir/src/std/bytes.c.o.d -o CMakeFiles/libhl.dir/src/std/bytes.c.o -c /home/abuild/rpmbuild/BUILD/hashlink-1.13/src/std/bytes.c
[  342s] /home/abuild/rpmbuild/BUILD/hashlink-1.13/src/std/bytes.c: In function 'hl_bytes_from_address':
[  342s] /home/abuild/rpmbuild/BUILD/hashlink-1.13/src/std/bytes.c:255:17: warning: dereferencing type-punned pointer will break strict-aliasing rules [-Wstrict-aliasing]
[  342s]   255 |         return *(vbyte**)&i64;
[  342s]       |                 ^~~~~~~~~~~~~
[  342s] /home/abuild/rpmbuild/BUILD/hashlink-1.13/src/std/bytes.c:255:16: warning: 'i64' is used uninitialized [-Wuninitialized]
[  342s]   255 |         return *(vbyte**)&i64;
[  342s]       |                ^~~~~~~~~~~~~~
[  342s] /home/abuild/rpmbuild/BUILD/hashlink-1.13/src/std/bytes.c:252:39: note: 'i64' declared here
[  342s]   252 |         struct { int low; int high; } i64;
[  342s]       |                                       ^~~
[  342s] make[2]: Leaving directory '/home/abuild/rpmbuild/BUILD/hashlink-1.13/build'
[  342s] make[2]: Entering directory '/home/abuild/rpmbuild/BUILD/hashlink-1.13/build'
[  342s] [  2%] Generating bin/test/uvsample.hl
[  342s] /usr/bin/haxe -hl /home/abuild/rpmbuild/BUILD/hashlink-1.13/build/bin/test/uvsample.hl -cp /home/abuild/rpmbuild/BUILD/hashlink-1.13/other/uvsample -main UVSample
[  342s] make[2]: Leaving directory '/home/abuild/rpmbuild/BUILD/hashlink-1.13/build'
[  343s] make[2]: Entering directory '/home/abuild/rpmbuild/BUILD/hashlink-1.13/build'
[  343s] [ 12%] Building C object CMakeFiles/libhl.dir/include/pcre/pcre_dfa_exec.c.o
[  343s] /usr/bin/cc -DLIBHL_EXPORTS -D_USRDLL -Dlibhl_EXPORTS -I/home/abuild/rpmbuild/BUILD/hashlink-1.13/src -I/home/abuild/rpmbuild/BUILD/hashlink-1.13/include -I/home/abuild/rpmbuild/BUILD/hashlink-1.13/include/pcre -O2 -Wall -U_FORTIFY_SOURCE -D_FORTIFY_SOURCE=3 -fstack-protector-strong -funwind-tables -fasynchronous-unwind-tables -fstack-clash-protection -Werror=return-type -flto=auto -g -O2 -g -DNDEBUG -fPIC -std=gnu11 -MD -MT CMakeFiles/libhl.dir/include/pcre/pcre_dfa_exec.c.o -MF CMakeFiles/libhl.dir/include/pcre/pcre_dfa_exec.c.o.d -o CMakeFiles/libhl.dir/include/pcre/pcre_dfa_exec.c.o -c /home/abuild/rpmbuild/BUILD/hashlink-1.13/include/pcre/pcre_dfa_exec.c
[  343s] make[2]: Leaving directory '/home/abuild/rpmbuild/BUILD/hashlink-1.13/build'
[  343s] make[2]: Entering directory '/home/abuild/rpmbuild/BUILD/hashlink-1.13/build'
[  343s] [ 30%] Building C object CMakeFiles/libhl.dir/src/std/date.c.o
[  343s] /usr/bin/cc -DLIBHL_EXPORTS -D_USRDLL -Dlibhl_EXPORTS -I/home/abuild/rpmbuild/BUILD/hashlink-1.13/src -I/home/abuild/rpmbuild/BUILD/hashlink-1.13/include -I/home/abuild/rpmbuild/BUILD/hashlink-1.13/include/pcre -O2 -Wall -U_FORTIFY_SOURCE -D_FORTIFY_SOURCE=3 -fstack-protector-strong -funwind-tables -fasynchronous-unwind-tables -fstack-clash-protection -Werror=return-type -flto=auto -g -O2 -g -DNDEBUG -fPIC -std=gnu11 -MD -MT CMakeFiles/libhl.dir/src/std/date.c.o -MF CMakeFiles/libhl.dir/src/std/date.c.o.d -o CMakeFiles/libhl.dir/src/std/date.c.o -c /home/abuild/rpmbuild/BUILD/hashlink-1.13/src/std/date.c
[  343s] make[2]: Leaving directory '/home/abuild/rpmbuild/BUILD/hashlink-1.13/build'
[  343s] make[1]: Entering directory '/home/abuild/rpmbuild/BUILD/hashlink-1.13/build'
[  343s] [ 38%] Built target uvsample.hl
[  343s] make[1]: Leaving directory '/home/abuild/rpmbuild/BUILD/hashlink-1.13/build'
[  344s] make[2]: Entering directory '/home/abuild/rpmbuild/BUILD/hashlink-1.13/build'
[  344s] [ 23%] Building C object CMakeFiles/libhl.dir/src/gc.c.o
[  344s] /usr/bin/cc -DLIBHL_EXPORTS -D_USRDLL -Dlibhl_EXPORTS -I/home/abuild/rpmbuild/BUILD/hashlink-1.13/src -I/home/abuild/rpmbuild/BUILD/hashlink-1.13/include -I/home/abuild/rpmbuild/BUILD/hashlink-1.13/include/pcre -O2 -Wall -U_FORTIFY_SOURCE -D_FORTIFY_SOURCE=3 -fstack-protector-strong -funwind-tables -fasynchronous-unwind-tables -fstack-clash-protection -Werror=return-type -flto=auto -g -O2 -g -DNDEBUG -fPIC -std=gnu11 -MD -MT CMakeFiles/libhl.dir/src/gc.c.o -MF CMakeFiles/libhl.dir/src/gc.c.o.d -o CMakeFiles/libhl.dir/src/gc.c.o -c /home/abuild/rpmbuild/BUILD/hashlink-1.13/src/gc.c
[  344s] /home/abuild/rpmbuild/BUILD/hashlink-1.13/src/gc.c: In function 'gc_mark':
[  345s] /home/abuild/rpmbuild/BUILD/hashlink-1.13/src/gc.c:695:82: warning: expression does not compute the number of elements in this array; element type is 'struct __jmp_buf_tag', not 'void *' [-Wsizeof-array-div]
[  345s]   695 |                 gc_mark_stack(&t->gc_regs,(void**)&t->gc_regs + (sizeof(jmp_buf) / sizeof(void*) - 1));
[  345s]       |                                                                                  ^
[  345s] /home/abuild/rpmbuild/BUILD/hashlink-1.13/src/gc.c:695:82: note: add parentheses around the second 'sizeof' to silence this warning
[  345s] make[2]: Leaving directory '/home/abuild/rpmbuild/BUILD/hashlink-1.13/build'
[  346s] make[2]: Entering directory '/home/abuild/rpmbuild/BUILD/hashlink-1.13/build'
[  346s] [ 29%] Building C object CMakeFiles/libhl.dir/src/std/cast.c.o
[  346s] /usr/bin/cc -DLIBHL_EXPORTS -D_USRDLL -Dlibhl_EXPORTS -I/home/abuild/rpmbuild/BUILD/hashlink-1.13/src -I/home/abuild/rpmbuild/BUILD/hashlink-1.13/include -I/home/abuild/rpmbuild/BUILD/hashlink-1.13/include/pcre -O2 -Wall -U_FORTIFY_SOURCE -D_FORTIFY_SOURCE=3 -fstack-protector-strong -funwind-tables -fasynchronous-unwind-tables -fstack-clash-protection -Werror=return-type -flto=auto -g -O2 -g -DNDEBUG -fPIC -std=gnu11 -MD -MT CMakeFiles/libhl.dir/src/std/cast.c.o -MF CMakeFiles/libhl.dir/src/std/cast.c.o.d -o CMakeFiles/libhl.dir/src/std/cast.c.o -c /home/abuild/rpmbuild/BUILD/hashlink-1.13/src/std/cast.c
[  346s] make[2]: Leaving directory '/home/abuild/rpmbuild/BUILD/hashlink-1.13/build'
[  347s] make[2]: Entering directory '/home/abuild/rpmbuild/BUILD/hashlink-1.13/build'
[  347s] [ 32%] Building C object CMakeFiles/libhl.dir/src/std/error.c.o
[  347s] /usr/bin/cc -DLIBHL_EXPORTS -D_USRDLL -Dlibhl_EXPORTS -I/home/abuild/rpmbuild/BUILD/hashlink-1.13/src -I/home/abuild/rpmbuild/BUILD/hashlink-1.13/include -I/home/abuild/rpmbuild/BUILD/hashlink-1.13/include/pcre -O2 -Wall -U_FORTIFY_SOURCE -D_FORTIFY_SOURCE=3 -fstack-protector-strong -funwind-tables -fasynchronous-unwind-tables -fstack-clash-protection -Werror=return-type -flto=auto -g -O2 -g -DNDEBUG -fPIC -std=gnu11 -MD -MT CMakeFiles/libhl.dir/src/std/error.c.o -MF CMakeFiles/libhl.dir/src/std/error.c.o.d -o CMakeFiles/libhl.dir/src/std/error.c.o -c /home/abuild/rpmbuild/BUILD/hashlink-1.13/src/std/error.c
[  348s] make[2]: Leaving directory '/home/abuild/rpmbuild/BUILD/hashlink-1.13/build'
[  348s] make[2]: Entering directory '/home/abuild/rpmbuild/BUILD/hashlink-1.13/build'
[  348s] [ 33%] Building C object CMakeFiles/libhl.dir/src/std/file.c.o
[  348s] /usr/bin/cc -DLIBHL_EXPORTS -D_USRDLL -Dlibhl_EXPORTS -I/home/abuild/rpmbuild/BUILD/hashlink-1.13/src -I/home/abuild/rpmbuild/BUILD/hashlink-1.13/include -I/home/abuild/rpmbuild/BUILD/hashlink-1.13/include/pcre -O2 -Wall -U_FORTIFY_SOURCE -D_FORTIFY_SOURCE=3 -fstack-protector-strong -funwind-tables -fasynchronous-unwind-tables -fstack-clash-protection -Werror=return-type -flto=auto -g -O2 -g -DNDEBUG -fPIC -std=gnu11 -MD -MT CMakeFiles/libhl.dir/src/std/file.c.o -MF CMakeFiles/libhl.dir/src/std/file.c.o.d -o CMakeFiles/libhl.dir/src/std/file.c.o -c /home/abuild/rpmbuild/BUILD/hashlink-1.13/src/std/file.c
[  348s] make[2]: Leaving directory '/home/abuild/rpmbuild/BUILD/hashlink-1.13/build'
[  350s] make[2]: Entering directory '/home/abuild/rpmbuild/BUILD/hashlink-1.13/build'
[  350s] [ 35%] Building C object CMakeFiles/libhl.dir/src/std/fun.c.o
[  350s] /usr/bin/cc -DLIBHL_EXPORTS -D_USRDLL -Dlibhl_EXPORTS -I/home/abuild/rpmbuild/BUILD/hashlink-1.13/src -I/home/abuild/rpmbuild/BUILD/hashlink-1.13/include -I/home/abuild/rpmbuild/BUILD/hashlink-1.13/include/pcre -O2 -Wall -U_FORTIFY_SOURCE -D_FORTIFY_SOURCE=3 -fstack-protector-strong -funwind-tables -fasynchronous-unwind-tables -fstack-clash-protection -Werror=return-type -flto=auto -g -O2 -g -DNDEBUG -fPIC -std=gnu11 -MD -MT CMakeFiles/libhl.dir/src/std/fun.c.o -MF CMakeFiles/libhl.dir/src/std/fun.c.o.d -o CMakeFiles/libhl.dir/src/std/fun.c.o -c /home/abuild/rpmbuild/BUILD/hashlink-1.13/src/std/fun.c
[  350s] make[2]: Leaving directory '/home/abuild/rpmbuild/BUILD/hashlink-1.13/build'
[  352s] make[2]: Entering directory '/home/abuild/rpmbuild/BUILD/hashlink-1.13/build'
[  352s] [ 42%] Building C object CMakeFiles/libhl.dir/src/std/random.c.o
[  352s] /usr/bin/cc -DLIBHL_EXPORTS -D_USRDLL -Dlibhl_EXPORTS -I/home/abuild/rpmbuild/BUILD/hashlink-1.13/src -I/home/abuild/rpmbuild/BUILD/hashlink-1.13/include -I/home/abuild/rpmbuild/BUILD/hashlink-1.13/include/pcre -O2 -Wall -U_FORTIFY_SOURCE -D_FORTIFY_SOURCE=3 -fstack-protector-strong -funwind-tables -fasynchronous-unwind-tables -fstack-clash-protection -Werror=return-type -flto=auto -g -O2 -g -DNDEBUG -fPIC -std=gnu11 -MD -MT CMakeFiles/libhl.dir/src/std/random.c.o -MF CMakeFiles/libhl.dir/src/std/random.c.o.d -o CMakeFiles/libhl.dir/src/std/random.c.o -c /home/abuild/rpmbuild/BUILD/hashlink-1.13/src/std/random.c
[  352s] make[2]: Leaving directory '/home/abuild/rpmbuild/BUILD/hashlink-1.13/build'
[  352s] make[2]: Entering directory '/home/abuild/rpmbuild/BUILD/hashlink-1.13/build'
[  352s] [ 43%] Building C object CMakeFiles/libhl.dir/src/std/regexp.c.o
[  352s] /usr/bin/cc -DLIBHL_EXPORTS -D_USRDLL -Dlibhl_EXPORTS -I/home/abuild/rpmbuild/BUILD/hashlink-1.13/src -I/home/abuild/rpmbuild/BUILD/hashlink-1.13/include -I/home/abuild/rpmbuild/BUILD/hashlink-1.13/include/pcre -O2 -Wall -U_FORTIFY_SOURCE -D_FORTIFY_SOURCE=3 -fstack-protector-strong -funwind-tables -fasynchronous-unwind-tables -fstack-clash-protection -Werror=return-type -flto=auto -g -O2 -g -DNDEBUG -fPIC -std=gnu11 -MD -MT CMakeFiles/libhl.dir/src/std/regexp.c.o -MF CMakeFiles/libhl.dir/src/std/regexp.c.o.d -o CMakeFiles/libhl.dir/src/std/regexp.c.o -c /home/abuild/rpmbuild/BUILD/hashlink-1.13/src/std/regexp.c
[  352s] make[2]: Leaving directory '/home/abuild/rpmbuild/BUILD/hashlink-1.13/build'
[  353s] make[2]: Entering directory '/home/abuild/rpmbuild/BUILD/hashlink-1.13/build'
[  353s] [ 40%] Building C object CMakeFiles/libhl.dir/src/std/process.c.o
[  353s] /usr/bin/cc -DLIBHL_EXPORTS -D_USRDLL -Dlibhl_EXPORTS -I/home/abuild/rpmbuild/BUILD/hashlink-1.13/src -I/home/abuild/rpmbuild/BUILD/hashlink-1.13/include -I/home/abuild/rpmbuild/BUILD/hashlink-1.13/include/pcre -O2 -Wall -U_FORTIFY_SOURCE -D_FORTIFY_SOURCE=3 -fstack-protector-strong -funwind-tables -fasynchronous-unwind-tables -fstack-clash-protection -Werror=return-type -flto=auto -g -O2 -g -DNDEBUG -fPIC -std=gnu11 -MD -MT CMakeFiles/libhl.dir/src/std/process.c.o -MF CMakeFiles/libhl.dir/src/std/process.c.o.d -o CMakeFiles/libhl.dir/src/std/process.c.o -c /home/abuild/rpmbuild/BUILD/hashlink-1.13/src/std/process.c
[  353s] make[2]: Leaving directory '/home/abuild/rpmbuild/BUILD/hashlink-1.13/build'
[  353s] make[2]: Entering directory '/home/abuild/rpmbuild/BUILD/hashlink-1.13/build'
[  353s] [ 38%] Building C object CMakeFiles/libhl.dir/src/std/math.c.o
[  353s] /usr/bin/cc -DLIBHL_EXPORTS -D_USRDLL -Dlibhl_EXPORTS -I/home/abuild/rpmbuild/BUILD/hashlink-1.13/src -I/home/abuild/rpmbuild/BUILD/hashlink-1.13/include -I/home/abuild/rpmbuild/BUILD/hashlink-1.13/include/pcre -O2 -Wall -U_FORTIFY_SOURCE -D_FORTIFY_SOURCE=3 -fstack-protector-strong -funwind-tables -fasynchronous-unwind-tables -fstack-clash-protection -Werror=return-type -flto=auto -g -O2 -g -DNDEBUG -fPIC -std=gnu11 -MD -MT CMakeFiles/libhl.dir/src/std/math.c.o -MF CMakeFiles/libhl.dir/src/std/math.c.o.d -o CMakeFiles/libhl.dir/src/std/math.c.o -c /home/abuild/rpmbuild/BUILD/hashlink-1.13/src/std/math.c
[  353s] make[2]: Leaving directory '/home/abuild/rpmbuild/BUILD/hashlink-1.13/build'
[  356s] make[2]: Entering directory '/home/abuild/rpmbuild/BUILD/hashlink-1.13/build'
[  356s] [  7%] Building C object CMakeFiles/libhl.dir/include/pcre/pcre_compile.c.o
[  356s] /usr/bin/cc -DLIBHL_EXPORTS -D_USRDLL -Dlibhl_EXPORTS -I/home/abuild/rpmbuild/BUILD/hashlink-1.13/src -I/home/abuild/rpmbuild/BUILD/hashlink-1.13/include -I/home/abuild/rpmbuild/BUILD/hashlink-1.13/include/pcre -O2 -Wall -U_FORTIFY_SOURCE -D_FORTIFY_SOURCE=3 -fstack-protector-strong -funwind-tables -fasynchronous-unwind-tables -fstack-clash-protection -Werror=return-type -flto=auto -g -O2 -g -DNDEBUG -fPIC -std=gnu11 -MD -MT CMakeFiles/libhl.dir/include/pcre/pcre_compile.c.o -MF CMakeFiles/libhl.dir/include/pcre/pcre_compile.c.o.d -o CMakeFiles/libhl.dir/include/pcre/pcre_compile.c.o -c /home/abuild/rpmbuild/BUILD/hashlink-1.13/include/pcre/pcre_compile.c
[  356s] make[2]: Leaving directory '/home/abuild/rpmbuild/BUILD/hashlink-1.13/build'
[  357s] make[2]: Entering directory '/home/abuild/rpmbuild/BUILD/hashlink-1.13/build'
[  357s] [ 36%] Building C object CMakeFiles/libhl.dir/src/std/maps.c.o
[  357s] /usr/bin/cc -DLIBHL_EXPORTS -D_USRDLL -Dlibhl_EXPORTS -I/home/abuild/rpmbuild/BUILD/hashlink-1.13/src -I/home/abuild/rpmbuild/BUILD/hashlink-1.13/include -I/home/abuild/rpmbuild/BUILD/hashlink-1.13/include/pcre -O2 -Wall -U_FORTIFY_SOURCE -D_FORTIFY_SOURCE=3 -fstack-protector-strong -funwind-tables -fasynchronous-unwind-tables -fstack-clash-protection -Werror=return-type -flto=auto -g -O2 -g -DNDEBUG -fPIC -std=gnu11 -MD -MT CMakeFiles/libhl.dir/src/std/maps.c.o -MF CMakeFiles/libhl.dir/src/std/maps.c.o.d -o CMakeFiles/libhl.dir/src/std/maps.c.o -c /home/abuild/rpmbuild/BUILD/hashlink-1.13/src/std/maps.c
[  357s] make[2]: Leaving directory '/home/abuild/rpmbuild/BUILD/hashlink-1.13/build'
[  358s] make[2]: Entering directory '/home/abuild/rpmbuild/BUILD/hashlink-1.13/build'
[  358s] [ 45%] Building C object CMakeFiles/libhl.dir/src/std/socket.c.o
[  358s] /usr/bin/cc -DLIBHL_EXPORTS -D_USRDLL -Dlibhl_EXPORTS -I/home/abuild/rpmbuild/BUILD/hashlink-1.13/src -I/home/abuild/rpmbuild/BUILD/hashlink-1.13/include -I/home/abuild/rpmbuild/BUILD/hashlink-1.13/include/pcre -O2 -Wall -U_FORTIFY_SOURCE -D_FORTIFY_SOURCE=3 -fstack-protector-strong -funwind-tables -fasynchronous-unwind-tables -fstack-clash-protection -Werror=return-type -flto=auto -g -O2 -g -DNDEBUG -fPIC -std=gnu11 -MD -MT CMakeFiles/libhl.dir/src/std/socket.c.o -MF CMakeFiles/libhl.dir/src/std/socket.c.o.d -o CMakeFiles/libhl.dir/src/std/socket.c.o -c /home/abuild/rpmbuild/BUILD/hashlink-1.13/src/std/socket.c
[  358s] make[2]: Leaving directory '/home/abuild/rpmbuild/BUILD/hashlink-1.13/build'
[  359s] make[2]: Entering directory '/home/abuild/rpmbuild/BUILD/hashlink-1.13/build'
[  359s] [ 46%] Building C object CMakeFiles/libhl.dir/src/std/string.c.o
[  359s] /usr/bin/cc -DLIBHL_EXPORTS -D_USRDLL -Dlibhl_EXPORTS -I/home/abuild/rpmbuild/BUILD/hashlink-1.13/src -I/home/abuild/rpmbuild/BUILD/hashlink-1.13/include -I/home/abuild/rpmbuild/BUILD/hashlink-1.13/include/pcre -O2 -Wall -U_FORTIFY_SOURCE -D_FORTIFY_SOURCE=3 -fstack-protector-strong -funwind-tables -fasynchronous-unwind-tables -fstack-clash-protection -Werror=return-type -flto=auto -g -O2 -g -DNDEBUG -fPIC -std=gnu11 -MD -MT CMakeFiles/libhl.dir/src/std/string.c.o -MF CMakeFiles/libhl.dir/src/std/string.c.o.d -o CMakeFiles/libhl.dir/src/std/string.c.o -c /home/abuild/rpmbuild/BUILD/hashlink-1.13/src/std/string.c
[  359s] make[2]: Leaving directory '/home/abuild/rpmbuild/BUILD/hashlink-1.13/build'
[  359s] make[2]: Entering directory '/home/abuild/rpmbuild/BUILD/hashlink-1.13/build'
[  359s] [ 39%] Building C object CMakeFiles/libhl.dir/src/std/obj.c.o
[  359s] /usr/bin/cc -DLIBHL_EXPORTS -D_USRDLL -Dlibhl_EXPORTS -I/home/abuild/rpmbuild/BUILD/hashlink-1.13/src -I/home/abuild/rpmbuild/BUILD/hashlink-1.13/include -I/home/abuild/rpmbuild/BUILD/hashlink-1.13/include/pcre -O2 -Wall -U_FORTIFY_SOURCE -D_FORTIFY_SOURCE=3 -fstack-protector-strong -funwind-tables -fasynchronous-unwind-tables -fstack-clash-protection -Werror=return-type -flto=auto -g -O2 -g -DNDEBUG -fPIC -std=gnu11 -MD -MT CMakeFiles/libhl.dir/src/std/obj.c.o -MF CMakeFiles/libhl.dir/src/std/obj.c.o.d -o CMakeFiles/libhl.dir/src/std/obj.c.o -c /home/abuild/rpmbuild/BUILD/hashlink-1.13/src/std/obj.c
[  359s] make[2]: Leaving directory '/home/abuild/rpmbuild/BUILD/hashlink-1.13/build'
[  360s] make[2]: Entering directory '/home/abuild/rpmbuild/BUILD/hashlink-1.13/build'
[  360s] [ 53%] Building C object CMakeFiles/libhl.dir/src/std/ucs2.c.o
[  360s] /usr/bin/cc -DLIBHL_EXPORTS -D_USRDLL -Dlibhl_EXPORTS -I/home/abuild/rpmbuild/BUILD/hashlink-1.13/src -I/home/abuild/rpmbuild/BUILD/hashlink-1.13/include -I/home/abuild/rpmbuild/BUILD/hashlink-1.13/include/pcre -O2 -Wall -U_FORTIFY_SOURCE -D_FORTIFY_SOURCE=3 -fstack-protector-strong -funwind-tables -fasynchronous-unwind-tables -fstack-clash-protection -Werror=return-type -flto=auto -g -O2 -g -DNDEBUG -fPIC -std=gnu11 -MD -MT CMakeFiles/libhl.dir/src/std/ucs2.c.o -MF CMakeFiles/libhl.dir/src/std/ucs2.c.o.d -o CMakeFiles/libhl.dir/src/std/ucs2.c.o -c /home/abuild/rpmbuild/BUILD/hashlink-1.13/src/std/ucs2.c
[  360s] /home/abuild/rpmbuild/BUILD/hashlink-1.13/src/std/ucs2.c: In function 'utod':
[  360s] /home/abuild/rpmbuild/BUILD/hashlink-1.13/src/std/ucs2.c:83:14: warning: assignment discards 'const' qualifier from pointer target type [-Wdiscarded-qualifiers]
[  360s]    83 |         *end = str + (bend - buf);
[  360s]       |              ^
[  360s] /home/abuild/rpmbuild/BUILD/hashlink-1.13/src/std/ucs2.c: In function 'utoi':
[  360s] /home/abuild/rpmbuild/BUILD/hashlink-1.13/src/std/ucs2.c:104:14: warning: assignment discards 'const' qualifier from pointer target type [-Wdiscarded-qualifiers]
[  360s]   104 |         *end = str + (bend - buf);
[  360s]       |              ^
[  360s] make[2]: Leaving directory '/home/abuild/rpmbuild/BUILD/hashlink-1.13/build'
[  360s] make[2]: Entering directory '/home/abuild/rpmbuild/BUILD/hashlink-1.13/build'
[  360s] [ 47%] Building C object CMakeFiles/libhl.dir/src/std/sys.c.o
[  360s] /usr/bin/cc -DLIBHL_EXPORTS -D_USRDLL -Dlibhl_EXPORTS -I/home/abuild/rpmbuild/BUILD/hashlink-1.13/src -I/home/abuild/rpmbuild/BUILD/hashlink-1.13/include -I/home/abuild/rpmbuild/BUILD/hashlink-1.13/include/pcre -O2 -Wall -U_FORTIFY_SOURCE -D_FORTIFY_SOURCE=3 -fstack-protector-strong -funwind-tables -fasynchronous-unwind-tables -fstack-clash-protection -Werror=return-type -flto=auto -g -O2 -g -DNDEBUG -fPIC -std=gnu11 -MD -MT CMakeFiles/libhl.dir/src/std/sys.c.o -MF CMakeFiles/libhl.dir/src/std/sys.c.o.d -o CMakeFiles/libhl.dir/src/std/sys.c.o -c /home/abuild/rpmbuild/BUILD/hashlink-1.13/src/std/sys.c
[  360s] make[2]: Leaving directory '/home/abuild/rpmbuild/BUILD/hashlink-1.13/build'
[  360s] make[2]: Entering directory '/home/abuild/rpmbuild/BUILD/hashlink-1.13/build'
[  360s] [ 50%] Building C object CMakeFiles/libhl.dir/src/std/track.c.o
[  360s] /usr/bin/cc -DLIBHL_EXPORTS -D_USRDLL -Dlibhl_EXPORTS -I/home/abuild/rpmbuild/BUILD/hashlink-1.13/src -I/home/abuild/rpmbuild/BUILD/hashlink-1.13/include -I/home/abuild/rpmbuild/BUILD/hashlink-1.13/include/pcre -O2 -Wall -U_FORTIFY_SOURCE -D_FORTIFY_SOURCE=3 -fstack-protector-strong -funwind-tables -fasynchronous-unwind-tables -fstack-clash-protection -Werror=return-type -flto=auto -g -O2 -g -DNDEBUG -fPIC -std=gnu11 -MD -MT CMakeFiles/libhl.dir/src/std/track.c.o -MF CMakeFiles/libhl.dir/src/std/track.c.o.d -o CMakeFiles/libhl.dir/src/std/track.c.o -c /home/abuild/rpmbuild/BUILD/hashlink-1.13/src/std/track.c
[  360s] make[2]: Leaving directory '/home/abuild/rpmbuild/BUILD/hashlink-1.13/build'
[  360s] make[2]: Entering directory '/home/abuild/rpmbuild/BUILD/hashlink-1.13/build'
[  360s] [ 49%] Building C object CMakeFiles/libhl.dir/src/std/thread.c.o
[  360s] /usr/bin/cc -DLIBHL_EXPORTS -D_USRDLL -Dlibhl_EXPORTS -I/home/abuild/rpmbuild/BUILD/hashlink-1.13/src -I/home/abuild/rpmbuild/BUILD/hashlink-1.13/include -I/home/abuild/rpmbuild/BUILD/hashlink-1.13/include/pcre -O2 -Wall -U_FORTIFY_SOURCE -D_FORTIFY_SOURCE=3 -fstack-protector-strong -funwind-tables -fasynchronous-unwind-tables -fstack-clash-protection -Werror=return-type -flto=auto -g -O2 -g -DNDEBUG -fPIC -std=gnu11 -MD -MT CMakeFiles/libhl.dir/src/std/thread.c.o -MF CMakeFiles/libhl.dir/src/std/thread.c.o.d -o CMakeFiles/libhl.dir/src/std/thread.c.o -c /home/abuild/rpmbuild/BUILD/hashlink-1.13/src/std/thread.c
[  361s] make[2]: Leaving directory '/home/abuild/rpmbuild/BUILD/hashlink-1.13/build'
[  361s] make[2]: Entering directory '/home/abuild/rpmbuild/BUILD/hashlink-1.13/build'
[  361s] [ 14%] Building C object CMakeFiles/libhl.dir/include/pcre/pcre_exec.c.o
[  361s] /usr/bin/cc -DLIBHL_EXPORTS -D_USRDLL -Dlibhl_EXPORTS -I/home/abuild/rpmbuild/BUILD/hashlink-1.13/src -I/home/abuild/rpmbuild/BUILD/hashlink-1.13/include -I/home/abuild/rpmbuild/BUILD/hashlink-1.13/include/pcre -O2 -Wall -U_FORTIFY_SOURCE -D_FORTIFY_SOURCE=3 -fstack-protector-strong -funwind-tables -fasynchronous-unwind-tables -fstack-clash-protection -Werror=return-type -flto=auto -g -O2 -g -DNDEBUG -fPIC -std=gnu11 -MD -MT CMakeFiles/libhl.dir/include/pcre/pcre_exec.c.o -MF CMakeFiles/libhl.dir/include/pcre/pcre_exec.c.o.d -o CMakeFiles/libhl.dir/include/pcre/pcre_exec.c.o -c /home/abuild/rpmbuild/BUILD/hashlink-1.13/include/pcre/pcre_exec.c
[  361s] make[2]: Leaving directory '/home/abuild/rpmbuild/BUILD/hashlink-1.13/build'
[  362s] make[2]: Entering directory '/home/abuild/rpmbuild/BUILD/hashlink-1.13/build'
[  362s] [ 52%] Building C object CMakeFiles/libhl.dir/src/std/types.c.o
[  362s] /usr/bin/cc -DLIBHL_EXPORTS -D_USRDLL -Dlibhl_EXPORTS -I/home/abuild/rpmbuild/BUILD/hashlink-1.13/src -I/home/abuild/rpmbuild/BUILD/hashlink-1.13/include -I/home/abuild/rpmbuild/BUILD/hashlink-1.13/include/pcre -O2 -Wall -U_FORTIFY_SOURCE -D_FORTIFY_SOURCE=3 -fstack-protector-strong -funwind-tables -fasynchronous-unwind-tables -fstack-clash-protection -Werror=return-type -flto=auto -g -O2 -g -DNDEBUG -fPIC -std=gnu11 -MD -MT CMakeFiles/libhl.dir/src/std/types.c.o -MF CMakeFiles/libhl.dir/src/std/types.c.o.d -o CMakeFiles/libhl.dir/src/std/types.c.o -c /home/abuild/rpmbuild/BUILD/hashlink-1.13/src/std/types.c
[  362s] make[2]: Leaving directory '/home/abuild/rpmbuild/BUILD/hashlink-1.13/build'
[  474s] make[2]: Entering directory '/home/abuild/rpmbuild/BUILD/hashlink-1.13/build'
[  474s] [ 54%] Linking C shared library bin/libhl.so
[  474s] /usr/bin/cmake -E cmake_link_script CMakeFiles/libhl.dir/link.txt --verbose=1
[  474s] /usr/bin/cc -fPIC -O2 -Wall -U_FORTIFY_SOURCE -D_FORTIFY_SOURCE=3 -fstack-protector-strong -funwind-tables -fasynchronous-unwind-tables -fstack-clash-protection -Werror=return-type -flto=auto -g -O2 -g -DNDEBUG -flto=auto -Wl,--as-needed -Wl,--no-undefined -Wl,-z,now -shared -Wl,-soname,libhl.so.1 -o bin/libhl.so.1.13.0 CMakeFiles/libhl.dir/include/pcre/pcre16_ord2utf16.c.o CMakeFiles/libhl.dir/include/pcre/pcre16_valid_utf16.c.o CMakeFiles/libhl.dir/include/pcre/pcre_chartables.c.o CMakeFiles/libhl.dir/include/pcre/pcre_compile.c.o CMakeFiles/libhl.dir/include/pcre/pcre_dfa_exec.c.o CMakeFiles/libhl.dir/include/pcre/pcre_exec.c.o CMakeFiles/libhl.dir/include/pcre/pcre_fullinfo.c.o CMakeFiles/libhl.dir/include/pcre/pcre_globals.c.o CMakeFiles/libhl.dir/include/pcre/pcre_newline.c.o CMakeFiles/libhl.dir/include/pcre/pcre_string_utils.c.o CMakeFiles/libhl.dir/include/pcre/pcre_tables.c.o CMakeFiles/libhl.dir/include/pcre/pcre_ucd.c.o CMakeFiles/libhl.dir/include/pcre/pcre_xclass.c.o CMakeFiles/libhl.dir/src/gc.c.o CMakeFiles/libhl.dir/src/std/array.c.o CMakeFiles/libhl.dir/src/std/buffer.c.o CMakeFiles/libhl.dir/src/std/bytes.c.o CMakeFiles/libhl.dir/src/std/cast.c.o CMakeFiles/libhl.dir/src/std/date.c.o CMakeFiles/libhl.dir/src/std/error.c.o CMakeFiles/libhl.dir/src/std/file.c.o CMakeFiles/libhl.dir/src/std/fun.c.o CMakeFiles/libhl.dir/src/std/maps.c.o CMakeFiles/libhl.dir/src/std/math.c.o CMakeFiles/libhl.dir/src/std/obj.c.o CMakeFiles/libhl.dir/src/std/process.c.o CMakeFiles/libhl.dir/src/std/random.c.o CMakeFiles/libhl.dir/src/std/regexp.c.o CMakeFiles/libhl.dir/src/std/socket.c.o CMakeFiles/libhl.dir/src/std/string.c.o CMakeFiles/libhl.dir/src/std/sys.c.o CMakeFiles/libhl.dir/src/std/thread.c.o CMakeFiles/libhl.dir/src/std/track.c.o CMakeFiles/libhl.dir/src/std/types.c.o CMakeFiles/libhl.dir/src/std/ucs2.c.o  -lm -ldl -lpthread 
[  474s] /usr/bin/cmake -E cmake_symlink_library bin/libhl.so.1.13.0 bin/libhl.so.1 bin/libhl.so
[  474s] make[2]: Leaving directory '/home/abuild/rpmbuild/BUILD/hashlink-1.13/build'
[  474s] make[1]: Entering directory '/home/abuild/rpmbuild/BUILD/hashlink-1.13/build'
[  474s] [ 54%] Built target libhl
[  474s] make[1]: Leaving directory '/home/abuild/rpmbuild/BUILD/hashlink-1.13/build'
[  474s] /usr/bin/make  -f CMakeFiles/hl.dir/build.make CMakeFiles/hl.dir/depend
[  474s] /usr/bin/make  -f CMakeFiles/hello.dir/build.make CMakeFiles/hello.dir/depend
[  475s] /usr/bin/make  -f CMakeFiles/threads.dir/build.make CMakeFiles/threads.dir/depend
[  475s] /usr/bin/make  -f libs/uv/CMakeFiles/uv.hdll.dir/build.make libs/uv/CMakeFiles/uv.hdll.dir/depend
[  475s] /usr/bin/make  -f libs/fmt/CMakeFiles/fmt.hdll.dir/build.make libs/fmt/CMakeFiles/fmt.hdll.dir/depend
[  475s] /usr/bin/make  -f libs/sdl/CMakeFiles/sdl.hdll.dir/build.make libs/sdl/CMakeFiles/sdl.hdll.dir/depend
[  475s] /usr/bin/make  -f libs/sqlite/CMakeFiles/sqlite.hdll.dir/build.make libs/sqlite/CMakeFiles/sqlite.hdll.dir/depend
[  475s] /usr/bin/make  -f libs/ui/CMakeFiles/ui.hdll.dir/build.make libs/ui/CMakeFiles/ui.hdll.dir/depend
[  475s] make[2]: Entering directory '/home/abuild/rpmbuild/BUILD/hashlink-1.13/build'
[  475s] cd /home/abuild/rpmbuild/BUILD/hashlink-1.13/build && /usr/bin/cmake -E cmake_depends "Unix Makefiles" /home/abuild/rpmbuild/BUILD/hashlink-1.13 /home/abuild/rpmbuild/BUILD/hashlink-1.13/libs/sdl /home/abuild/rpmbuild/BUILD/hashlink-1.13/build /home/abuild/rpmbuild/BUILD/hashlink-1.13/build/libs/sdl /home/abuild/rpmbuild/BUILD/hashlink-1.13/build/libs/sdl/CMakeFiles/sdl.hdll.dir/DependInfo.cmake
[  475s] make[2]: Leaving directory '/home/abuild/rpmbuild/BUILD/hashlink-1.13/build'
[  475s] /usr/bin/make  -f libs/sdl/CMakeFiles/sdl.hdll.dir/build.make libs/sdl/CMakeFiles/sdl.hdll.dir/build
[  475s] make[2]: Entering directory '/home/abuild/rpmbuild/BUILD/hashlink-1.13/build'
[  475s] cd /home/abuild/rpmbuild/BUILD/hashlink-1.13/build && /usr/bin/cmake -E cmake_depends "Unix Makefiles" /home/abuild/rpmbuild/BUILD/hashlink-1.13 /home/abuild/rpmbuild/BUILD/hashlink-1.13/libs/fmt /home/abuild/rpmbuild/BUILD/hashlink-1.13/build /home/abuild/rpmbuild/BUILD/hashlink-1.13/build/libs/fmt /home/abuild/rpmbuild/BUILD/hashlink-1.13/build/libs/fmt/CMakeFiles/fmt.hdll.dir/DependInfo.cmake
[  475s] make[2]: Leaving directory '/home/abuild/rpmbuild/BUILD/hashlink-1.13/build'
[  476s] /usr/bin/make  -f libs/fmt/CMakeFiles/fmt.hdll.dir/build.make libs/fmt/CMakeFiles/fmt.hdll.dir/build
[  476s] make[2]: Entering directory '/home/abuild/rpmbuild/BUILD/hashlink-1.13/build'
[  476s] cd /home/abuild/rpmbuild/BUILD/hashlink-1.13/build && /usr/bin/cmake -E cmake_depends "Unix Makefiles" /home/abuild/rpmbuild/BUILD/hashlink-1.13 /home/abuild/rpmbuild/BUILD/hashlink-1.13/libs/sqlite /home/abuild/rpmbuild/BUILD/hashlink-1.13/build /home/abuild/rpmbuild/BUILD/hashlink-1.13/build/libs/sqlite /home/abuild/rpmbuild/BUILD/hashlink-1.13/build/libs/sqlite/CMakeFiles/sqlite.hdll.dir/DependInfo.cmake
[  476s] make[2]: Leaving directory '/home/abuild/rpmbuild/BUILD/hashlink-1.13/build'
[  476s] /usr/bin/make  -f libs/sqlite/CMakeFiles/sqlite.hdll.dir/build.make libs/sqlite/CMakeFiles/sqlite.hdll.dir/build
[  476s] make[2]: Entering directory '/home/abuild/rpmbuild/BUILD/hashlink-1.13/build'
[  476s] cd /home/abuild/rpmbuild/BUILD/hashlink-1.13/build && /usr/bin/cmake -E cmake_depends "Unix Makefiles" /home/abuild/rpmbuild/BUILD/hashlink-1.13 /home/abuild/rpmbuild/BUILD/hashlink-1.13 /home/abuild/rpmbuild/BUILD/hashlink-1.13/build /home/abuild/rpmbuild/BUILD/hashlink-1.13/build /home/abuild/rpmbuild/BUILD/hashlink-1.13/build/CMakeFiles/hl.dir/DependInfo.cmake
[  476s] make[2]: Leaving directory '/home/abuild/rpmbuild/BUILD/hashlink-1.13/build'
[  476s] make[2]: Entering directory '/home/abuild/rpmbuild/BUILD/hashlink-1.13/build'
[  476s] cd /home/abuild/rpmbuild/BUILD/hashlink-1.13/build && /usr/bin/cmake -E cmake_depends "Unix Makefiles" /home/abuild/rpmbuild/BUILD/hashlink-1.13 /home/abuild/rpmbuild/BUILD/hashlink-1.13/libs/uv /home/abuild/rpmbuild/BUILD/hashlink-1.13/build /home/abuild/rpmbuild/BUILD/hashlink-1.13/build/libs/uv /home/abuild/rpmbuild/BUILD/hashlink-1.13/build/libs/uv/CMakeFiles/uv.hdll.dir/DependInfo.cmake
[  476s] make[2]: Leaving directory '/home/abuild/rpmbuild/BUILD/hashlink-1.13/build'
[  476s] /usr/bin/make  -f CMakeFiles/hl.dir/build.make CMakeFiles/hl.dir/build
[  476s] make[2]: Entering directory '/home/abuild/rpmbuild/BUILD/hashlink-1.13/build'
[  476s] cd /home/abuild/rpmbuild/BUILD/hashlink-1.13/build && /usr/bin/cmake -E cmake_depends "Unix Makefiles" /home/abuild/rpmbuild/BUILD/hashlink-1.13 /home/abuild/rpmbuild/BUILD/hashlink-1.13/libs/ui /home/abuild/rpmbuild/BUILD/hashlink-1.13/build /home/abuild/rpmbuild/BUILD/hashlink-1.13/build/libs/ui /home/abuild/rpmbuild/BUILD/hashlink-1.13/build/libs/ui/CMakeFiles/ui.hdll.dir/DependInfo.cmake
[  476s] make[2]: Leaving directory '/home/abuild/rpmbuild/BUILD/hashlink-1.13/build'
[  476s] /usr/bin/make  -f libs/uv/CMakeFiles/uv.hdll.dir/build.make libs/uv/CMakeFiles/uv.hdll.dir/build
[  476s] /usr/bin/make  -f libs/ui/CMakeFiles/ui.hdll.dir/build.make libs/ui/CMakeFiles/ui.hdll.dir/build
[  480s] make[2]: Entering directory '/home/abuild/rpmbuild/BUILD/hashlink-1.13/build'
[  480s] [ 67%] Building C object libs/fmt/CMakeFiles/fmt.hdll.dir/mikkt.c.o
[  480s] cd /home/abuild/rpmbuild/BUILD/hashlink-1.13/build/libs/fmt && /usr/bin/cc -Dfmt_hdll_EXPORTS -I/home/abuild/rpmbuild/BUILD/hashlink-1.13/src -I/home/abuild/rpmbuild/BUILD/hashlink-1.13/include -I/home/abuild/rpmbuild/BUILD/hashlink-1.13/include/pcre -I/usr/include/libpng16 -I/home/abuild/rpmbuild/BUILD/hashlink-1.13/libs/../include/minimp3 -I/home/abuild/rpmbuild/BUILD/hashlink-1.13/libs/../include/mikktspace -O2 -Wall -U_FORTIFY_SOURCE -D_FORTIFY_SOURCE=3 -fstack-protector-strong -funwind-tables -fasynchronous-unwind-tables -fstack-clash-protection -Werror=return-type -flto=auto -g -O2 -g -DNDEBUG -fPIC -std=gnu11 -MD -MT libs/fmt/CMakeFiles/fmt.hdll.dir/mikkt.c.o -MF CMakeFiles/fmt.hdll.dir/mikkt.c.o.d -o CMakeFiles/fmt.hdll.dir/mikkt.c.o -c /home/abuild/rpmbuild/BUILD/hashlink-1.13/libs/fmt/mikkt.c
[  480s] make[2]: Leaving directory '/home/abuild/rpmbuild/BUILD/hashlink-1.13/build'
[  481s] make[2]: Entering directory '/home/abuild/rpmbuild/BUILD/hashlink-1.13/build'
[  481s] [ 71%] Building C object libs/ui/CMakeFiles/ui.hdll.dir/ui_stub.c.o
[  481s] cd /home/abuild/rpmbuild/BUILD/hashlink-1.13/build/libs/ui && /usr/bin/cc -Dui_hdll_EXPORTS -I/home/abuild/rpmbuild/BUILD/hashlink-1.13/src -I/home/abuild/rpmbuild/BUILD/hashlink-1.13/include -I/home/abuild/rpmbuild/BUILD/hashlink-1.13/include/pcre -O2 -Wall -U_FORTIFY_SOURCE -D_FORTIFY_SOURCE=3 -fstack-protector-strong -funwind-tables -fasynchronous-unwind-tables -fstack-clash-protection -Werror=return-type -flto=auto -g -O2 -g -DNDEBUG -fPIC -std=gnu11 -MD -MT libs/ui/CMakeFiles/ui.hdll.dir/ui_stub.c.o -MF CMakeFiles/ui.hdll.dir/ui_stub.c.o.d -o CMakeFiles/ui.hdll.dir/ui_stub.c.o -c /home/abuild/rpmbuild/BUILD/hashlink-1.13/libs/ui/ui_stub.c
[  481s] make[2]: Leaving directory '/home/abuild/rpmbuild/BUILD/hashlink-1.13/build'
[  481s] make[2]: Entering directory '/home/abuild/rpmbuild/BUILD/hashlink-1.13/build'
[  481s] [ 64%] Building C object libs/fmt/CMakeFiles/fmt.hdll.dir/dxt.c.o
[  481s] cd /home/abuild/rpmbuild/BUILD/hashlink-1.13/build/libs/fmt && /usr/bin/cc -Dfmt_hdll_EXPORTS -I/home/abuild/rpmbuild/BUILD/hashlink-1.13/src -I/home/abuild/rpmbuild/BUILD/hashlink-1.13/include -I/home/abuild/rpmbuild/BUILD/hashlink-1.13/include/pcre -I/usr/include/libpng16 -I/home/abuild/rpmbuild/BUILD/hashlink-1.13/libs/../include/minimp3 -I/home/abuild/rpmbuild/BUILD/hashlink-1.13/libs/../include/mikktspace -O2 -Wall -U_FORTIFY_SOURCE -D_FORTIFY_SOURCE=3 -fstack-protector-strong -funwind-tables -fasynchronous-unwind-tables -fstack-clash-protection -Werror=return-type -flto=auto -g -O2 -g -DNDEBUG -fPIC -std=gnu11 -MD -MT libs/fmt/CMakeFiles/fmt.hdll.dir/dxt.c.o -MF CMakeFiles/fmt.hdll.dir/dxt.c.o.d -o CMakeFiles/fmt.hdll.dir/dxt.c.o -c /home/abuild/rpmbuild/BUILD/hashlink-1.13/libs/fmt/dxt.c
[  481s] make[2]: Leaving directory '/home/abuild/rpmbuild/BUILD/hashlink-1.13/build'
[  482s] make[2]: Entering directory '/home/abuild/rpmbuild/BUILD/hashlink-1.13/build'
[  482s] [ 66%] Building C object libs/sqlite/CMakeFiles/sqlite.hdll.dir/sqlite.c.o
[  482s] cd /home/abuild/rpmbuild/BUILD/hashlink-1.13/build/libs/sqlite && /usr/bin/cc -Dsqlite_hdll_EXPORTS -I/home/abuild/rpmbuild/BUILD/hashlink-1.13/src -I/home/abuild/rpmbuild/BUILD/hashlink-1.13/include -I/home/abuild/rpmbuild/BUILD/hashlink-1.13/include/pcre -I/home/abuild/rpmbuild/BUILD/hashlink-1.13/libs/../include/sqlite/src -O2 -Wall -U_FORTIFY_SOURCE -D_FORTIFY_SOURCE=3 -fstack-protector-strong -funwind-tables -fasynchronous-unwind-tables -fstack-clash-protection -Werror=return-type -flto=auto -g -O2 -g -DNDEBUG -fPIC -std=gnu11 -MD -MT libs/sqlite/CMakeFiles/sqlite.hdll.dir/sqlite.c.o -MF CMakeFiles/sqlite.hdll.dir/sqlite.c.o.d -o CMakeFiles/sqlite.hdll.dir/sqlite.c.o -c /home/abuild/rpmbuild/BUILD/hashlink-1.13/libs/sqlite/sqlite.c
[  482s] /home/abuild/rpmbuild/BUILD/hashlink-1.13/libs/sqlite/sqlite.c: In function 'sqlite_request':
[  482s] /home/abuild/rpmbuild/BUILD/hashlink-1.13/libs/sqlite/sqlite.c:120:58: warning: passing argument 5 of 'sqlite3_prepare16_v2' from incompatible pointer type [-Wincompatible-pointer-types]
[  482s]   120 |         if( sqlite3_prepare16_v2(db->db, sql, -1, &r->r, &tl) != SQLITE_OK ) {
[  482s]       |                                                          ^~~
[  482s]       |                                                          |
[  482s]       |                                                          const char **
[  482s] In file included from /home/abuild/rpmbuild/BUILD/hashlink-1.13/libs/sqlite/sqlite.c:5:
[  482s] /home/abuild/rpmbuild/BUILD/hashlink-1.13/libs/../include/sqlite/src/sqlite3.h:3533:16: note: expected 'const void **' but argument is of type 'const char **'
[  482s]  3533 |   const void **pzTail     /* OUT: Pointer to unused portion of zSql */
[  482s]       |   ~~~~~~~~~~~~~^~~~~~
[  482s] make[2]: Leaving directory '/home/abuild/rpmbuild/BUILD/hashlink-1.13/build'
[  482s] make[2]: Entering directory '/home/abuild/rpmbuild/BUILD/hashlink-1.13/build'
[  482s] [ 64%] Building C object libs/fmt/CMakeFiles/fmt.hdll.dir/sha1.c.o
[  482s] cd /home/abuild/rpmbuild/BUILD/hashlink-1.13/build/libs/fmt && /usr/bin/cc -Dfmt_hdll_EXPORTS -I/home/abuild/rpmbuild/BUILD/hashlink-1.13/src -I/home/abuild/rpmbuild/BUILD/hashlink-1.13/include -I/home/abuild/rpmbuild/BUILD/hashlink-1.13/include/pcre -I/usr/include/libpng16 -I/home/abuild/rpmbuild/BUILD/hashlink-1.13/libs/../include/minimp3 -I/home/abuild/rpmbuild/BUILD/hashlink-1.13/libs/../include/mikktspace -O2 -Wall -U_FORTIFY_SOURCE -D_FORTIFY_SOURCE=3 -fstack-protector-strong -funwind-tables -fasynchronous-unwind-tables -fstack-clash-protection -Werror=return-type -flto=auto -g -O2 -g -DNDEBUG -fPIC -std=gnu11 -MD -MT libs/fmt/CMakeFiles/fmt.hdll.dir/sha1.c.o -MF CMakeFiles/fmt.hdll.dir/sha1.c.o.d -o CMakeFiles/fmt.hdll.dir/sha1.c.o -c /home/abuild/rpmbuild/BUILD/hashlink-1.13/libs/fmt/sha1.c
[  482s] make[2]: Leaving directory '/home/abuild/rpmbuild/BUILD/hashlink-1.13/build'
[  482s] make[2]: Entering directory '/home/abuild/rpmbuild/BUILD/hashlink-1.13/build'
[  482s] [ 69%] Building C object libs/uv/CMakeFiles/uv.hdll.dir/uv.c.o
[  482s] cd /home/abuild/rpmbuild/BUILD/hashlink-1.13/build/libs/uv && /usr/bin/cc -Duv_hdll_EXPORTS -I/home/abuild/rpmbuild/BUILD/hashlink-1.13/src -I/home/abuild/rpmbuild/BUILD/hashlink-1.13/include -I/home/abuild/rpmbuild/BUILD/hashlink-1.13/include/pcre -O2 -Wall -U_FORTIFY_SOURCE -D_FORTIFY_SOURCE=3 -fstack-protector-strong -funwind-tables -fasynchronous-unwind-tables -fstack-clash-protection -Werror=return-type -flto=auto -g -O2 -g -DNDEBUG -fPIC -std=gnu11 -MD -MT libs/uv/CMakeFiles/uv.hdll.dir/uv.c.o -MF CMakeFiles/uv.hdll.dir/uv.c.o.d -o CMakeFiles/uv.hdll.dir/uv.c.o -c /home/abuild/rpmbuild/BUILD/hashlink-1.13/libs/uv/uv.c
[  482s] make[2]: Leaving directory '/home/abuild/rpmbuild/BUILD/hashlink-1.13/build'
[  486s] make[2]: Entering directory '/home/abuild/rpmbuild/BUILD/hashlink-1.13/build'
[  486s] [ 78%] Building C object CMakeFiles/hl.dir/src/main.c.o
[  486s] /usr/bin/cc  -I/home/abuild/rpmbuild/BUILD/hashlink-1.13/src -I/home/abuild/rpmbuild/BUILD/hashlink-1.13/include -I/home/abuild/rpmbuild/BUILD/hashlink-1.13/include/pcre -O2 -Wall -U_FORTIFY_SOURCE -D_FORTIFY_SOURCE=3 -fstack-protector-strong -funwind-tables -fasynchronous-unwind-tables -fstack-clash-protection -Werror=return-type -flto=auto -g -O2 -g -DNDEBUG -std=gnu11 -MD -MT CMakeFiles/hl.dir/src/main.c.o -MF CMakeFiles/hl.dir/src/main.c.o.d -o CMakeFiles/hl.dir/src/main.c.o -c /home/abuild/rpmbuild/BUILD/hashlink-1.13/src/main.c
[  486s] make[2]: Leaving directory '/home/abuild/rpmbuild/BUILD/hashlink-1.13/build'
[  487s] make[2]: Entering directory '/home/abuild/rpmbuild/BUILD/hashlink-1.13/build'
[  487s] [ 60%] Building C object libs/sdl/CMakeFiles/sdl.hdll.dir/sdl.c.o
[  487s] cd /home/abuild/rpmbuild/BUILD/hashlink-1.13/build/libs/sdl && /usr/bin/cc -Dsdl_hdll_EXPORTS -I/home/abuild/rpmbuild/BUILD/hashlink-1.13/src -I/home/abuild/rpmbuild/BUILD/hashlink-1.13/include -I/home/abuild/rpmbuild/BUILD/hashlink-1.13/include/pcre -I/usr/include/SDL2 -I/home/abuild/rpmbuild/BUILD/hashlink-1.13/libs/../include/gl -O2 -Wall -U_FORTIFY_SOURCE -D_FORTIFY_SOURCE=3 -fstack-protector-strong -funwind-tables -fasynchronous-unwind-tables -fstack-clash-protection -Werror=return-type -flto=auto -g -O2 -g -DNDEBUG -fPIC -std=gnu11 -MD -MT libs/sdl/CMakeFiles/sdl.hdll.dir/sdl.c.o -MF CMakeFiles/sdl.hdll.dir/sdl.c.o.d -o CMakeFiles/sdl.hdll.dir/sdl.c.o -c /home/abuild/rpmbuild/BUILD/hashlink-1.13/libs/sdl/sdl.c
[  487s] /home/abuild/rpmbuild/BUILD/hashlink-1.13/libs/sdl/sdl.c: In function 'sdl_get_clipboard_text':
[  487s] /home/abuild/rpmbuild/BUILD/hashlink-1.13/libs/sdl/sdl.c:834:38: warning: pointer targets in passing argument 1 of 'hl_copy_bytes' differ in signedness [-Wpointer-sign]
[  487s]   834 |         vbyte* bytes = hl_copy_bytes(chr, (int) strlen(chr) + 1);
[  487s]       |                                      ^~~
[  487s]       |                                      |
[  487s]       |                                      char *
[  487s] In file included from /home/abuild/rpmbuild/BUILD/hashlink-1.13/libs/sdl/sdl.c:3:
[  487s] /home/abuild/rpmbuild/BUILD/hashlink-1.13/src/hl.h:595:43: note: expected 'const vbyte *' {aka 'const unsigned char *'} but argument is of type 'char *'
[  487s]   595 | HL_API vbyte *hl_copy_bytes( const vbyte *byte, int size );
[  487s]       |                              ~~~~~~~~~~~~~^~~~
[  487s] /home/abuild/rpmbuild/BUILD/hashlink-1.13/libs/sdl/sdl.c:836:16: warning: pointer targets in returning 'vbyte *' {aka 'unsigned char *'} from a function with return type 'char *' differ in signedness [-Wpointer-sign]
[  487s]   836 |         return bytes;
[  487s]       |                ^~~~~
[  487s] /home/abuild/rpmbuild/BUILD/hashlink-1.13/libs/sdl/sdl.c: In function 'sdl_get_displays':
[  487s] /home/abuild/rpmbuild/BUILD/hashlink-1.13/libs/sdl/sdl.c:854:82: warning: pointer targets in passing argument 1 of 'hl_copy_bytes' differ in signedness [-Wpointer-sign]
[  487s]   854 |                 hl_dyn_setp(obj, hl_hash_utf8("name"), &hlt_bytes, hl_copy_bytes(name, (int) strlen(name)+1));
[  487s]       |                                                                                  ^~~~
[  487s]       |                                                                                  |
[  487s]       |                                                                                  const char *
[  487s] /home/abuild/rpmbuild/BUILD/hashlink-1.13/src/hl.h:595:43: note: expected 'const vbyte *' {aka 'const unsigned char *'} but argument is of type 'const char *'
[  487s]   595 | HL_API vbyte *hl_copy_bytes( const vbyte *byte, int size );
[  487s]       |                              ~~~~~~~~~~~~~^~~~
[  487s] make[2]: Leaving directory '/home/abuild/rpmbuild/BUILD/hashlink-1.13/build'
[  488s] make[2]: Entering directory '/home/abuild/rpmbuild/BUILD/hashlink-1.13/build'
[  488s] [ 70%] Building C object CMakeFiles/hl.dir/src/code.c.o
[  488s] /usr/bin/cc  -I/home/abuild/rpmbuild/BUILD/hashlink-1.13/src -I/home/abuild/rpmbuild/BUILD/hashlink-1.13/include -I/home/abuild/rpmbuild/BUILD/hashlink-1.13/include/pcre -O2 -Wall -U_FORTIFY_SOURCE -D_FORTIFY_SOURCE=3 -fstack-protector-strong -funwind-tables -fasynchronous-unwind-tables -fstack-clash-protection -Werror=return-type -flto=auto -g -O2 -g -DNDEBUG -std=gnu11 -MD -MT CMakeFiles/hl.dir/src/code.c.o -MF CMakeFiles/hl.dir/src/code.c.o.d -o CMakeFiles/hl.dir/src/code.c.o -c /home/abuild/rpmbuild/BUILD/hashlink-1.13/src/code.c
[  488s] make[2]: Leaving directory '/home/abuild/rpmbuild/BUILD/hashlink-1.13/build'
[  488s] make[2]: Entering directory '/home/abuild/rpmbuild/BUILD/hashlink-1.13/build'
[  488s] [ 59%] Building C object libs/sdl/CMakeFiles/sdl.hdll.dir/gl.c.o
[  488s] cd /home/abuild/rpmbuild/BUILD/hashlink-1.13/build/libs/sdl && /usr/bin/cc -Dsdl_hdll_EXPORTS -I/home/abuild/rpmbuild/BUILD/hashlink-1.13/src -I/home/abuild/rpmbuild/BUILD/hashlink-1.13/include -I/home/abuild/rpmbuild/BUILD/hashlink-1.13/include/pcre -I/usr/include/SDL2 -I/home/abuild/rpmbuild/BUILD/hashlink-1.13/libs/../include/gl -O2 -Wall -U_FORTIFY_SOURCE -D_FORTIFY_SOURCE=3 -fstack-protector-strong -funwind-tables -fasynchronous-unwind-tables -fstack-clash-protection -Werror=return-type -flto=auto -g -O2 -g -DNDEBUG -fPIC -std=gnu11 -MD -MT libs/sdl/CMakeFiles/sdl.hdll.dir/gl.c.o -MF CMakeFiles/sdl.hdll.dir/gl.c.o.d -o CMakeFiles/sdl.hdll.dir/gl.c.o -c /home/abuild/rpmbuild/BUILD/hashlink-1.13/libs/sdl/gl.c
[  488s] make[2]: Leaving directory '/home/abuild/rpmbuild/BUILD/hashlink-1.13/build'
[  488s] make[2]: Entering directory '/home/abuild/rpmbuild/BUILD/hashlink-1.13/build'
[  488s] [ 76%] Linking C shared library ../../bin/ui.hdll
[  488s] cd /home/abuild/rpmbuild/BUILD/hashlink-1.13/build/libs/ui && /usr/bin/cmake -E cmake_link_script CMakeFiles/ui.hdll.dir/link.txt --verbose=1
[  488s] /usr/bin/cc -fPIC -O2 -Wall -U_FORTIFY_SOURCE -D_FORTIFY_SOURCE=3 -fstack-protector-strong -funwind-tables -fasynchronous-unwind-tables -fstack-clash-protection -Werror=return-type -flto=auto -g -O2 -g -DNDEBUG -flto=auto -Wl,--as-needed -Wl,--no-undefined -Wl,-z,now -shared -Wl,-soname,ui.hdll -o ../../bin/ui.hdll CMakeFiles/ui.hdll.dir/ui_stub.c.o  -Wl,-rpath,/home/abuild/rpmbuild/BUILD/hashlink-1.13/build/bin: ../../bin/libhl.so.1.13.0 -lm -ldl -lpthread 
[  488s] make[2]: Leaving directory '/home/abuild/rpmbuild/BUILD/hashlink-1.13/build'
[  489s] make[1]: Entering directory '/home/abuild/rpmbuild/BUILD/hashlink-1.13/build'
[  489s] [ 85%] Built target ui.hdll
[  489s] make[1]: Leaving directory '/home/abuild/rpmbuild/BUILD/hashlink-1.13/build'
[  490s] make[2]: Entering directory '/home/abuild/rpmbuild/BUILD/hashlink-1.13/build'
[  490s] [ 64%] Building C object libs/fmt/CMakeFiles/fmt.hdll.dir/fmt.c.o
[  490s] cd /home/abuild/rpmbuild/BUILD/hashlink-1.13/build/libs/fmt && /usr/bin/cc -Dfmt_hdll_EXPORTS -I/home/abuild/rpmbuild/BUILD/hashlink-1.13/src -I/home/abuild/rpmbuild/BUILD/hashlink-1.13/include -I/home/abuild/rpmbuild/BUILD/hashlink-1.13/include/pcre -I/usr/include/libpng16 -I/home/abuild/rpmbuild/BUILD/hashlink-1.13/libs/../include/minimp3 -I/home/abuild/rpmbuild/BUILD/hashlink-1.13/libs/../include/mikktspace -O2 -Wall -U_FORTIFY_SOURCE -D_FORTIFY_SOURCE=3 -fstack-protector-strong -funwind-tables -fasynchronous-unwind-tables -fstack-clash-protection -Werror=return-type -flto=auto -g -O2 -g -DNDEBUG -fPIC -std=gnu11 -MD -MT libs/fmt/CMakeFiles/fmt.hdll.dir/fmt.c.o -MF CMakeFiles/fmt.hdll.dir/fmt.c.o.d -o CMakeFiles/fmt.hdll.dir/fmt.c.o -c /home/abuild/rpmbuild/BUILD/hashlink-1.13/libs/fmt/fmt.c
[  490s] make[2]: Leaving directory '/home/abuild/rpmbuild/BUILD/hashlink-1.13/build'
[  490s] make[2]: Entering directory '/home/abuild/rpmbuild/BUILD/hashlink-1.13/build'
[  490s] [ 74%] Building C object libs/fmt/CMakeFiles/fmt.hdll.dir/__/__/include/mikktspace/mikktspace.c.o
[  490s] cd /home/abuild/rpmbuild/BUILD/hashlink-1.13/build/libs/fmt && /usr/bin/cc -Dfmt_hdll_EXPORTS -I/home/abuild/rpmbuild/BUILD/hashlink-1.13/src -I/home/abuild/rpmbuild/BUILD/hashlink-1.13/include -I/home/abuild/rpmbuild/BUILD/hashlink-1.13/include/pcre -I/usr/include/libpng16 -I/home/abuild/rpmbuild/BUILD/hashlink-1.13/libs/../include/minimp3 -I/home/abuild/rpmbuild/BUILD/hashlink-1.13/libs/../include/mikktspace -O2 -Wall -U_FORTIFY_SOURCE -D_FORTIFY_SOURCE=3 -fstack-protector-strong -funwind-tables -fasynchronous-unwind-tables -fstack-clash-protection -Werror=return-type -flto=auto -g -O2 -g -DNDEBUG -fPIC -std=gnu11 -MD -MT libs/fmt/CMakeFiles/fmt.hdll.dir/__/__/include/mikktspace/mikktspace.c.o -MF CMakeFiles/fmt.hdll.dir/__/__/include/mikktspace/mikktspace.c.o.d -o CMakeFiles/fmt.hdll.dir/__/__/include/mikktspace/mikktspace.c.o -c /home/abuild/rpmbuild/BUILD/hashlink-1.13/include/mikktspace/mikktspace.c
[  490s] make[2]: Leaving directory '/home/abuild/rpmbuild/BUILD/hashlink-1.13/build'
[  490s] make[2]: Entering directory '/home/abuild/rpmbuild/BUILD/hashlink-1.13/build'
[  490s] [ 83%] Building C object CMakeFiles/hl.dir/src/debugger.c.o
[  490s] /usr/bin/cc  -I/home/abuild/rpmbuild/BUILD/hashlink-1.13/src -I/home/abuild/rpmbuild/BUILD/hashlink-1.13/include -I/home/abuild/rpmbuild/BUILD/hashlink-1.13/include/pcre -O2 -Wall -U_FORTIFY_SOURCE -D_FORTIFY_SOURCE=3 -fstack-protector-strong -funwind-tables -fasynchronous-unwind-tables -fstack-clash-protection -Werror=return-type -flto=auto -g -O2 -g -DNDEBUG -std=gnu11 -MD -MT CMakeFiles/hl.dir/src/debugger.c.o -MF CMakeFiles/hl.dir/src/debugger.c.o.d -o CMakeFiles/hl.dir/src/debugger.c.o -c /home/abuild/rpmbuild/BUILD/hashlink-1.13/src/debugger.c
[  490s] make[2]: Leaving directory '/home/abuild/rpmbuild/BUILD/hashlink-1.13/build'
[  490s] make[2]: Entering directory '/home/abuild/rpmbuild/BUILD/hashlink-1.13/build'
[  490s] [ 84%] Building C object CMakeFiles/hl.dir/src/profile.c.o
[  490s] /usr/bin/cc  -I/home/abuild/rpmbuild/BUILD/hashlink-1.13/src -I/home/abuild/rpmbuild/BUILD/hashlink-1.13/include -I/home/abuild/rpmbuild/BUILD/hashlink-1.13/include/pcre -O2 -Wall -U_FORTIFY_SOURCE -D_FORTIFY_SOURCE=3 -fstack-protector-strong -funwind-tables -fasynchronous-unwind-tables -fstack-clash-protection -Werror=return-type -flto=auto -g -O2 -g -DNDEBUG -std=gnu11 -MD -MT CMakeFiles/hl.dir/src/profile.c.o -MF CMakeFiles/hl.dir/src/profile.c.o.d -o CMakeFiles/hl.dir/src/profile.c.o -c /home/abuild/rpmbuild/BUILD/hashlink-1.13/src/profile.c
[  490s] /home/abuild/rpmbuild/BUILD/hashlink-1.13/src/profile.c: In function 'get_thread_stackptr':
[  490s] /home/abuild/rpmbuild/BUILD/hashlink-1.13/src/profile.c:120:58: error: 'mcontext_t' has no member named 'gregs'; did you mean '__gregs'?
[  490s]   120 |         *eip = (void*)shared_context.context.uc_mcontext.gregs[REG_RIP];
[  490s]       |                                                          ^~~~~
[  490s]       |                                                          __gregs
[  490s] /home/abuild/rpmbuild/BUILD/hashlink-1.13/src/profile.c:120:64: error: 'REG_RIP' undeclared (first use in this function); did you mean 'REG_RA'?
[  490s]   120 |         *eip = (void*)shared_context.context.uc_mcontext.gregs[REG_RIP];
[  490s]       |                                                                ^~~~~~~
[  490s]       |                                                                REG_RA
[  490s] /home/abuild/rpmbuild/BUILD/hashlink-1.13/src/profile.c:120:64: note: each undeclared identifier is reported only once for each function it appears in
[  490s] /home/abuild/rpmbuild/BUILD/hashlink-1.13/src/profile.c:121:58: error: 'mcontext_t' has no member named 'gregs'; did you mean '__gregs'?
[  490s]   121 |         return (void*)shared_context.context.uc_mcontext.gregs[REG_RSP];
[  490s]       |                                                          ^~~~~
[  490s]       |                                                          __gregs
[  490s] /home/abuild/rpmbuild/BUILD/hashlink-1.13/src/profile.c:121:64: error: 'REG_RSP' undeclared (first use in this function); did you mean 'REG_SP'?
[  490s]   121 |         return (void*)shared_context.context.uc_mcontext.gregs[REG_RSP];
[  490s]       |                                                                ^~~~~~~
[  490s]       |                                                                REG_SP
[  490s] /home/abuild/rpmbuild/BUILD/hashlink-1.13/src/profile.c:129:1: error: control reaches end of non-void function [-Werror=return-type]
[  490s]   129 | }
[  490s]       | ^
[  490s] cc1: some warnings being treated as errors
[  490s] make[2]: *** [CMakeFiles/hl.dir/build.make:149: CMakeFiles/hl.dir/src/profile.c.o] Error 1
[  490s] make[2]: Leaving directory '/home/abuild/rpmbuild/BUILD/hashlink-1.13/build'
[  490s] make[2]: *** Waiting for unfinished jobs....
[  491s] make[2]: Entering directory '/home/abuild/rpmbuild/BUILD/hashlink-1.13/build'
[  491s] [ 80%] Linking C shared library ../../bin/uv.hdll
[  491s] cd /home/abuild/rpmbuild/BUILD/hashlink-1.13/build/libs/uv && /usr/bin/cmake -E cmake_link_script CMakeFiles/uv.hdll.dir/link.txt --verbose=1
[  491s] /usr/bin/cc -fPIC -O2 -Wall -U_FORTIFY_SOURCE -D_FORTIFY_SOURCE=3 -fstack-protector-strong -funwind-tables -fasynchronous-unwind-tables -fstack-clash-protection -Werror=return-type -flto=auto -g -O2 -g -DNDEBUG -flto=auto -Wl,--as-needed -Wl,--no-undefined -Wl,-z,now -shared -Wl,-soname,uv.hdll -o ../../bin/uv.hdll CMakeFiles/uv.hdll.dir/uv.c.o  -Wl,-rpath,/home/abuild/rpmbuild/BUILD/hashlink-1.13/build/bin: ../../bin/libhl.so.1.13.0 -luv -lm -ldl -lpthread 
[  491s] make[2]: Leaving directory '/home/abuild/rpmbuild/BUILD/hashlink-1.13/build'
[  491s] make[1]: Entering directory '/home/abuild/rpmbuild/BUILD/hashlink-1.13/build'
[  491s] [ 87%] Built target uv.hdll
[  491s] make[1]: Leaving directory '/home/abuild/rpmbuild/BUILD/hashlink-1.13/build'
[  491s] /usr/bin/make  -f CMakeFiles/uvsample.dir/build.make CMakeFiles/uvsample.dir/depend
[  492s] make[2]: Entering directory '/home/abuild/rpmbuild/BUILD/hashlink-1.13/build'
[  492s] [ 81%] Building C object CMakeFiles/hl.dir/src/module.c.o
[  492s] /usr/bin/cc  -I/home/abuild/rpmbuild/BUILD/hashlink-1.13/src -I/home/abuild/rpmbuild/BUILD/hashlink-1.13/include -I/home/abuild/rpmbuild/BUILD/hashlink-1.13/include/pcre -O2 -Wall -U_FORTIFY_SOURCE -D_FORTIFY_SOURCE=3 -fstack-protector-strong -funwind-tables -fasynchronous-unwind-tables -fstack-clash-protection -Werror=return-type -flto=auto -g -O2 -g -DNDEBUG -std=gnu11 -MD -MT CMakeFiles/hl.dir/src/module.c.o -MF CMakeFiles/hl.dir/src/module.c.o.d -o CMakeFiles/hl.dir/src/module.c.o -c /home/abuild/rpmbuild/BUILD/hashlink-1.13/src/module.c
[  492s] make[2]: Leaving directory '/home/abuild/rpmbuild/BUILD/hashlink-1.13/build'
[  493s] make[2]: Entering directory '/home/abuild/rpmbuild/BUILD/hashlink-1.13/build'
[  493s] [ 56%] Generating bin/test/threads/threads.c
[  493s] /usr/bin/haxe -hl /home/abuild/rpmbuild/BUILD/hashlink-1.13/build/bin/test/threads/threads.c -cp /home/abuild/rpmbuild/BUILD/hashlink-1.13/other/tests -main Threads
[  493s] Code generated in /home/abuild/rpmbuild/BUILD/hashlink-1.13/build/bin/test/threads/threads.c automatic native compilation not yet implemented
[  493s] make[2]: Leaving directory '/home/abuild/rpmbuild/BUILD/hashlink-1.13/build'
[  494s] make[2]: Entering directory '/home/abuild/rpmbuild/BUILD/hashlink-1.13/build'
[  494s] cd /home/abuild/rpmbuild/BUILD/hashlink-1.13/build && /usr/bin/cmake -E cmake_depends "Unix Makefiles" /home/abuild/rpmbuild/BUILD/hashlink-1.13 /home/abuild/rpmbuild/BUILD/hashlink-1.13 /home/abuild/rpmbuild/BUILD/hashlink-1.13/build /home/abuild/rpmbuild/BUILD/hashlink-1.13/build /home/abuild/rpmbuild/BUILD/hashlink-1.13/build/CMakeFiles/threads.dir/DependInfo.cmake
[  494s] make[2]: Leaving directory '/home/abuild/rpmbuild/BUILD/hashlink-1.13/build'
[  494s] /usr/bin/make  -f CMakeFiles/threads.dir/build.make CMakeFiles/threads.dir/build
[  495s] make[2]: Entering directory '/home/abuild/rpmbuild/BUILD/hashlink-1.13/build'
[  495s] [ 73%] Building C object CMakeFiles/hl.dir/src/jit.c.o
[  495s] /usr/bin/cc  -I/home/abuild/rpmbuild/BUILD/hashlink-1.13/src -I/home/abuild/rpmbuild/BUILD/hashlink-1.13/include -I/home/abuild/rpmbuild/BUILD/hashlink-1.13/include/pcre -O2 -Wall -U_FORTIFY_SOURCE -D_FORTIFY_SOURCE=3 -fstack-protector-strong -funwind-tables -fasynchronous-unwind-tables -fstack-clash-protection -Werror=return-type -flto=auto -g -O2 -g -DNDEBUG -std=gnu11 -MD -MT CMakeFiles/hl.dir/src/jit.c.o -MF CMakeFiles/hl.dir/src/jit.c.o.d -o CMakeFiles/hl.dir/src/jit.c.o -c /home/abuild/rpmbuild/BUILD/hashlink-1.13/src/jit.c
[  495s] make[2]: Leaving directory '/home/abuild/rpmbuild/BUILD/hashlink-1.13/build'
[  495s] make[1]: *** [CMakeFiles/Makefile2:987: CMakeFiles/hl.dir/all] Error 2
[  495s] make[1]: *** Waiting for unfinished jobs....
[  495s] make[2]: Entering directory '/home/abuild/rpmbuild/BUILD/hashlink-1.13/build'
[  495s] [ 57%] Generating bin/test/hello/hello.c
[  495s] /usr/bin/haxe -hl /home/abuild/rpmbuild/BUILD/hashlink-1.13/build/bin/test/hello/hello.c -cp /home/abuild/rpmbuild/BUILD/hashlink-1.13/other/tests -main HelloWorld
[  495s] Code generated in /home/abuild/rpmbuild/BUILD/hashlink-1.13/build/bin/test/hello/hello.c automatic native compilation not yet implemented
[  495s] make[2]: Leaving directory '/home/abuild/rpmbuild/BUILD/hashlink-1.13/build'
[  496s] make[2]: Entering directory '/home/abuild/rpmbuild/BUILD/hashlink-1.13/build'
[  496s] cd /home/abuild/rpmbuild/BUILD/hashlink-1.13/build && /usr/bin/cmake -E cmake_depends "Unix Makefiles" /home/abuild/rpmbuild/BUILD/hashlink-1.13 /home/abuild/rpmbuild/BUILD/hashlink-1.13 /home/abuild/rpmbuild/BUILD/hashlink-1.13/build /home/abuild/rpmbuild/BUILD/hashlink-1.13/build /home/abuild/rpmbuild/BUILD/hashlink-1.13/build/CMakeFiles/hello.dir/DependInfo.cmake
[  496s] make[2]: Leaving directory '/home/abuild/rpmbuild/BUILD/hashlink-1.13/build'
[  496s] /usr/bin/make  -f CMakeFiles/hello.dir/build.make CMakeFiles/hello.dir/build
[  508s] make[2]: Entering directory '/home/abuild/rpmbuild/BUILD/hashlink-1.13/build'
[  508s] [ 88%] Generating bin/test/uvsample/uvsample.c
[  508s] /usr/bin/haxe -hl /home/abuild/rpmbuild/BUILD/hashlink-1.13/build/bin/test/uvsample/uvsample.c -cp /home/abuild/rpmbuild/BUILD/hashlink-1.13/other/uvsample -main UVSample
[  508s] Code generated in /home/abuild/rpmbuild/BUILD/hashlink-1.13/build/bin/test/uvsample/uvsample.c automatic native compilation not yet implemented
[  508s] make[2]: Leaving directory '/home/abuild/rpmbuild/BUILD/hashlink-1.13/build'
[  508s] make[2]: Entering directory '/home/abuild/rpmbuild/BUILD/hashlink-1.13/build'
[  508s] cd /home/abuild/rpmbuild/BUILD/hashlink-1.13/build && /usr/bin/cmake -E cmake_depends "Unix Makefiles" /home/abuild/rpmbuild/BUILD/hashlink-1.13 /home/abuild/rpmbuild/BUILD/hashlink-1.13 /home/abuild/rpmbuild/BUILD/hashlink-1.13/build /home/abuild/rpmbuild/BUILD/hashlink-1.13/build /home/abuild/rpmbuild/BUILD/hashlink-1.13/build/CMakeFiles/uvsample.dir/DependInfo.cmake
[  508s] make[2]: Leaving directory '/home/abuild/rpmbuild/BUILD/hashlink-1.13/build'
[  508s] /usr/bin/make  -f CMakeFiles/uvsample.dir/build.make CMakeFiles/uvsample.dir/build
[  513s] make[2]: Entering directory '/home/abuild/rpmbuild/BUILD/hashlink-1.13/build'
[  513s] [ 85%] Linking C shared library ../../bin/sdl.hdll
[  513s] cd /home/abuild/rpmbuild/BUILD/hashlink-1.13/build/libs/sdl && /usr/bin/cmake -E cmake_link_script CMakeFiles/sdl.hdll.dir/link.txt --verbose=1
[  513s] /usr/bin/cc -fPIC -O2 -Wall -U_FORTIFY_SOURCE -D_FORTIFY_SOURCE=3 -fstack-protector-strong -funwind-tables -fasynchronous-unwind-tables -fstack-clash-protection -Werror=return-type -flto=auto -g -O2 -g -DNDEBUG -flto=auto -Wl,--as-needed -Wl,--no-undefined -Wl,-z,now -shared -Wl,-soname,sdl.hdll -o ../../bin/sdl.hdll CMakeFiles/sdl.hdll.dir/sdl.c.o CMakeFiles/sdl.hdll.dir/gl.c.o  -Wl,-rpath,/home/abuild/rpmbuild/BUILD/hashlink-1.13/build/bin: -Wl,-Bstatic -lSDL2main -Wl,-Bdynamic -lSDL2 ../../bin/libhl.so.1.13.0 -lGL -lm -ldl -lpthread 
[  513s] /usr/lib64/gcc/riscv64-suse-linux/12/../../../../riscv64-suse-linux/bin/ld: warning: size of symbol `glBlendFuncSeparate' changed from 18 in CMakeFiles/sdl.hdll.dir/gl.c.o (symbol from plugin) to 8 in /tmp/ccpZiTZc.ltrans0.ltrans.o
[  513s] /usr/lib64/gcc/riscv64-suse-linux/12/../../../../riscv64-suse-linux/bin/ld: warning: type of symbol `glBlendFuncSeparate' changed from 2 to 1 in /tmp/ccpZiTZc.ltrans0.ltrans.o
[  513s] /usr/lib64/gcc/riscv64-suse-linux/12/../../../../riscv64-suse-linux/bin/ld: warning: size of symbol `glBlendEquationSeparate' changed from 18 in CMakeFiles/sdl.hdll.dir/gl.c.o (symbol from plugin) to 8 in /tmp/ccpZiTZc.ltrans0.ltrans.o
[  513s] /usr/lib64/gcc/riscv64-suse-linux/12/../../../../riscv64-suse-linux/bin/ld: warning: type of symbol `glBlendEquationSeparate' changed from 2 to 1 in /tmp/ccpZiTZc.ltrans0.ltrans.o
[  513s] /usr/lib64/gcc/riscv64-suse-linux/12/../../../../riscv64-suse-linux/bin/ld: warning: size of symbol `glStencilMaskSeparate' changed from 22 in CMakeFiles/sdl.hdll.dir/gl.c.o (symbol from plugin) to 8 in /tmp/ccpZiTZc.ltrans0.ltrans.o
[  513s] /usr/lib64/gcc/riscv64-suse-linux/12/../../../../riscv64-suse-linux/bin/ld: warning: type of symbol `glStencilMaskSeparate' changed from 2 to 1 in /tmp/ccpZiTZc.ltrans0.ltrans.o
[  513s] /usr/lib64/gcc/riscv64-suse-linux/12/../../../../riscv64-suse-linux/bin/ld: warning: size of symbol `glStencilFuncSeparate' changed from 22 in CMakeFiles/sdl.hdll.dir/gl.c.o (symbol from plugin) to 8 in /tmp/ccpZiTZc.ltrans0.ltrans.o
[  513s] /usr/lib64/gcc/riscv64-suse-linux/12/../../../../riscv64-suse-linux/bin/ld: warning: type of symbol `glStencilFuncSeparate' changed from 2 to 1 in /tmp/ccpZiTZc.ltrans0.ltrans.o
[  513s] /usr/lib64/gcc/riscv64-suse-linux/12/../../../../riscv64-suse-linux/bin/ld: warning: size of symbol `glStencilOpSeparate' changed from 22 in CMakeFiles/sdl.hdll.dir/gl.c.o (symbol from plugin) to 8 in /tmp/ccpZiTZc.ltrans0.ltrans.o
[  513s] /usr/lib64/gcc/riscv64-suse-linux/12/../../../../riscv64-suse-linux/bin/ld: warning: type of symbol `glStencilOpSeparate' changed from 2 to 1 in /tmp/ccpZiTZc.ltrans0.ltrans.o
[  513s] /usr/lib64/gcc/riscv64-suse-linux/12/../../../../riscv64-suse-linux/bin/ld: warning: size of symbol `glDeleteProgram' changed from 22 in CMakeFiles/sdl.hdll.dir/gl.c.o (symbol from plugin) to 8 in /tmp/ccpZiTZc.ltrans0.ltrans.o
[  513s] /usr/lib64/gcc/riscv64-suse-linux/12/../../../../riscv64-suse-linux/bin/ld: warning: type of symbol `glDeleteProgram' changed from 2 to 1 in /tmp/ccpZiTZc.ltrans0.ltrans.o
[  513s] /usr/lib64/gcc/riscv64-suse-linux/12/../../../../riscv64-suse-linux/bin/ld: warning: size of symbol `glAttachShader' changed from 16 in CMakeFiles/sdl.hdll.dir/gl.c.o (symbol from plugin) to 8 in /tmp/ccpZiTZc.ltrans0.ltrans.o
[  513s] /usr/lib64/gcc/riscv64-suse-linux/12/../../../../riscv64-suse-linux/bin/ld: warning: type of symbol `glAttachShader' changed from 2 to 1 in /tmp/ccpZiTZc.ltrans0.ltrans.o
[  513s] /usr/lib64/gcc/riscv64-suse-linux/12/../../../../riscv64-suse-linux/bin/ld: warning: size of symbol `glLinkProgram' changed from 22 in CMakeFiles/sdl.hdll.dir/gl.c.o (symbol from plugin) to 8 in /tmp/ccpZiTZc.ltrans0.ltrans.o
[  513s] /usr/lib64/gcc/riscv64-suse-linux/12/../../../../riscv64-suse-linux/bin/ld: warning: type of symbol `glLinkProgram' changed from 2 to 1 in /tmp/ccpZiTZc.ltrans0.ltrans.o
[  513s] /usr/lib64/gcc/riscv64-suse-linux/12/../../../../riscv64-suse-linux/bin/ld: warning: size of symbol `glUseProgram' changed from 22 in CMakeFiles/sdl.hdll.dir/gl.c.o (symbol from plugin) to 8 in /tmp/ccpZiTZc.ltrans0.ltrans.o
[  513s] /usr/lib64/gcc/riscv64-suse-linux/12/../../../../riscv64-suse-linux/bin/ld: warning: type of symbol `glUseProgram' changed from 2 to 1 in /tmp/ccpZiTZc.ltrans0.ltrans.o
[  513s] /usr/lib64/gcc/riscv64-suse-linux/12/../../../../riscv64-suse-linux/bin/ld: warning: size of symbol `glCompileShader' changed from 22 in CMakeFiles/sdl.hdll.dir/gl.c.o (symbol from plugin) to 8 in /tmp/ccpZiTZc.ltrans0.ltrans.o
[  513s] /usr/lib64/gcc/riscv64-suse-linux/12/../../../../riscv64-suse-linux/bin/ld: warning: type of symbol `glCompileShader' changed from 2 to 1 in /tmp/ccpZiTZc.ltrans0.ltrans.o
[  513s] /usr/lib64/gcc/riscv64-suse-linux/12/../../../../riscv64-suse-linux/bin/ld: warning: size of symbol `glDeleteShader' changed from 22 in CMakeFiles/sdl.hdll.dir/gl.c.o (symbol from plugin) to 8 in /tmp/ccpZiTZc.ltrans0.ltrans.o
[  513s] /usr/lib64/gcc/riscv64-suse-linux/12/../../../../riscv64-suse-linux/bin/ld: warning: type of symbol `glDeleteShader' changed from 2 to 1 in /tmp/ccpZiTZc.ltrans0.ltrans.o
[  513s] /usr/lib64/gcc/riscv64-suse-linux/12/../../../../riscv64-suse-linux/bin/ld: warning: size of symbol `glBindImageTexture' changed from 20 in CMakeFiles/sdl.hdll.dir/gl.c.o (symbol from plugin) to 8 in /tmp/ccpZiTZc.ltrans0.ltrans.o
[  513s] /usr/lib64/gcc/riscv64-suse-linux/12/../../../../riscv64-suse-linux/bin/ld: warning: type of symbol `glBindImageTexture' changed from 2 to 1 in /tmp/ccpZiTZc.ltrans0.ltrans.o
[  513s] /usr/lib64/gcc/riscv64-suse-linux/12/../../../../riscv64-suse-linux/bin/ld: warning: size of symbol `glTexImage2DMultisample' changed from 24 in CMakeFiles/sdl.hdll.dir/gl.c.o (symbol from plugin) to 8 in /tmp/ccpZiTZc.ltrans0.ltrans.o
[  513s] /usr/lib64/gcc/riscv64-suse-linux/12/../../../../riscv64-suse-linux/bin/ld: warning: type of symbol `glTexImage2DMultisample' changed from 2 to 1 in /tmp/ccpZiTZc.ltrans0.ltrans.o
[  513s] /usr/lib64/gcc/riscv64-suse-linux/12/../../../../riscv64-suse-linux/bin/ld: warning: size of symbol `glGenerateMipmap' changed from 22 in CMakeFiles/sdl.hdll.dir/gl.c.o (symbol from plugin) to 8 in /tmp/ccpZiTZc.ltrans0.ltrans.o
[  513s] /usr/lib64/gcc/riscv64-suse-linux/12/../../../../riscv64-suse-linux/bin/ld: warning: type of symbol `glGenerateMipmap' changed from 2 to 1 in /tmp/ccpZiTZc.ltrans0.ltrans.o
[  513s] /usr/lib64/gcc/riscv64-suse-linux/12/../../../../riscv64-suse-linux/bin/ld: warning: size of symbol `glBlitFramebuffer' changed from 28 in CMakeFiles/sdl.hdll.dir/gl.c.o (symbol from plugin) to 8 in /tmp/ccpZiTZc.ltrans0.ltrans.o
[  513s] /usr/lib64/gcc/riscv64-suse-linux/12/../../../../riscv64-suse-linux/bin/ld: warning: type of symbol `glBlitFramebuffer' changed from 2 to 1 in /tmp/ccpZiTZc.ltrans0.ltrans.o
[  513s] /usr/lib64/gcc/riscv64-suse-linux/12/../../../../riscv64-suse-linux/bin/ld: warning: size of symbol `glBindFramebuffer' changed from 18 in CMakeFiles/sdl.hdll.dir/gl.c.o (symbol from plugin) to 8 in /tmp/ccpZiTZc.ltrans0.ltrans.o
[  513s] /usr/lib64/gcc/riscv64-suse-linux/12/../../../../riscv64-suse-linux/bin/ld: warning: type of symbol `glBindFramebuffer' changed from 2 to 1 in /tmp/ccpZiTZc.ltrans0.ltrans.o
[  513s] /usr/lib64/gcc/riscv64-suse-linux/12/../../../../riscv64-suse-linux/bin/ld: warning: size of symbol `glFramebufferTexture' changed from 22 in CMakeFiles/sdl.hdll.dir/gl.c.o (symbol from plugin) to 8 in /tmp/ccpZiTZc.ltrans0.ltrans.o
[  513s] /usr/lib64/gcc/riscv64-suse-linux/12/../../../../riscv64-suse-linux/bin/ld: warning: type of symbol `glFramebufferTexture' changed from 2 to 1 in /tmp/ccpZiTZc.ltrans0.ltrans.o
[  513s] /usr/lib64/gcc/riscv64-suse-linux/12/../../../../riscv64-suse-linux/bin/ld: warning: size of symbol `glFramebufferTexture2D' changed from 22 in CMakeFiles/sdl.hdll.dir/gl.c.o (symbol from plugin) to 8 in /tmp/ccpZiTZc.ltrans0.ltrans.o
[  513s] /usr/lib64/gcc/riscv64-suse-linux/12/../../../../riscv64-suse-linux/bin/ld: warning: type of symbol `glFramebufferTexture2D' changed from 2 to 1 in /tmp/ccpZiTZc.ltrans0.ltrans.o
[  513s] /usr/lib64/gcc/riscv64-suse-linux/12/../../../../riscv64-suse-linux/bin/ld: warning: size of symbol `glFramebufferTextureLayer' changed from 22 in CMakeFiles/sdl.hdll.dir/gl.c.o (symbol from plugin) to 8 in /tmp/ccpZiTZc.ltrans0.ltrans.o
[  513s] /usr/lib64/gcc/riscv64-suse-linux/12/../../../../riscv64-suse-linux/bin/ld: warning: type of symbol `glFramebufferTextureLayer' changed from 2 to 1 in /tmp/ccpZiTZc.ltrans0.ltrans.o
[  513s] /usr/lib64/gcc/riscv64-suse-linux/12/../../../../riscv64-suse-linux/bin/ld: warning: size of symbol `glDeleteFramebuffers' changed from 22 in CMakeFiles/sdl.hdll.dir/gl.c.o (symbol from plugin) to 8 in /tmp/ccpZiTZc.ltrans0.ltrans.o
[  513s] /usr/lib64/gcc/riscv64-suse-linux/12/../../../../riscv64-suse-linux/bin/ld: warning: type of symbol `glDeleteFramebuffers' changed from 2 to 1 in /tmp/ccpZiTZc.ltrans0.ltrans.o
[  513s] /usr/lib64/gcc/riscv64-suse-linux/12/../../../../riscv64-suse-linux/bin/ld: warning: size of symbol `glDrawBuffers' changed from 22 in CMakeFiles/sdl.hdll.dir/gl.c.o (symbol from plugin) to 8 in /tmp/ccpZiTZc.ltrans0.ltrans.o
[  513s] /usr/lib64/gcc/riscv64-suse-linux/12/../../../../riscv64-suse-linux/bin/ld: warning: type of symbol `glDrawBuffers' changed from 2 to 1 in /tmp/ccpZiTZc.ltrans0.ltrans.o
[  513s] /usr/lib64/gcc/riscv64-suse-linux/12/../../../../riscv64-suse-linux/bin/ld: warning: size of symbol `glBindRenderbuffer' changed from 18 in CMakeFiles/sdl.hdll.dir/gl.c.o (symbol from plugin) to 8 in /tmp/ccpZiTZc.ltrans0.ltrans.o
[  513s] /usr/lib64/gcc/riscv64-suse-linux/12/../../../../riscv64-suse-linux/bin/ld: warning: type of symbol `glBindRenderbuffer' changed from 2 to 1 in /tmp/ccpZiTZc.ltrans0.ltrans.o
[  513s] /usr/lib64/gcc/riscv64-suse-linux/12/../../../../riscv64-suse-linux/bin/ld: warning: size of symbol `glRenderbufferStorage' changed from 22 in CMakeFiles/sdl.hdll.dir/gl.c.o (symbol from plugin) to 8 in /tmp/ccpZiTZc.ltrans0.ltrans.o
[  513s] /usr/lib64/gcc/riscv64-suse-linux/12/../../../../riscv64-suse-linux/bin/ld: warning: type of symbol `glRenderbufferStorage' changed from 2 to 1 in /tmp/ccpZiTZc.ltrans0.ltrans.o
[  513s] /usr/lib64/gcc/riscv64-suse-linux/12/../../../../riscv64-suse-linux/bin/ld: warning: size of symbol `glRenderbufferStorageMultisample' changed from 22 in CMakeFiles/sdl.hdll.dir/gl.c.o (symbol from plugin) to 8 in /tmp/ccpZiTZc.ltrans0.ltrans.o
[  513s] /usr/lib64/gcc/riscv64-suse-linux/12/../../../../riscv64-suse-linux/bin/ld: warning: type of symbol `glRenderbufferStorageMultisample' changed from 2 to 1 in /tmp/ccpZiTZc.ltrans0.ltrans.o
[  513s] /usr/lib64/gcc/riscv64-suse-linux/12/../../../../riscv64-suse-linux/bin/ld: warning: size of symbol `glFramebufferRenderbuffer' changed from 22 in CMakeFiles/sdl.hdll.dir/gl.c.o (symbol from plugin) to 8 in /tmp/ccpZiTZc.ltrans0.ltrans.o
[  513s] /usr/lib64/gcc/riscv64-suse-linux/12/../../../../riscv64-suse-linux/bin/ld: warning: type of symbol `glFramebufferRenderbuffer' changed from 2 to 1 in /tmp/ccpZiTZc.ltrans0.ltrans.o
[  513s] /usr/lib64/gcc/riscv64-suse-linux/12/../../../../riscv64-suse-linux/bin/ld: warning: size of symbol `glDeleteRenderbuffers' changed from 22 in CMakeFiles/sdl.hdll.dir/gl.c.o (symbol from plugin) to 8 in /tmp/ccpZiTZc.ltrans0.ltrans.o
[  513s] /usr/lib64/gcc/riscv64-suse-linux/12/../../../../riscv64-suse-linux/bin/ld: warning: type of symbol `glDeleteRenderbuffers' changed from 2 to 1 in /tmp/ccpZiTZc.ltrans0.ltrans.o
[  513s] /usr/lib64/gcc/riscv64-suse-linux/12/../../../../riscv64-suse-linux/bin/ld: warning: size of symbol `glBindBuffer' changed from 18 in CMakeFiles/sdl.hdll.dir/gl.c.o (symbol from plugin) to 8 in /tmp/ccpZiTZc.ltrans0.ltrans.o
[  513s] /usr/lib64/gcc/riscv64-suse-linux/12/../../../../riscv64-suse-linux/bin/ld: warning: type of symbol `glBindBuffer' changed from 2 to 1 in /tmp/ccpZiTZc.ltrans0.ltrans.o
[  513s] /usr/lib64/gcc/riscv64-suse-linux/12/../../../../riscv64-suse-linux/bin/ld: warning: size of symbol `glBindBufferBase' changed from 18 in CMakeFiles/sdl.hdll.dir/gl.c.o (symbol from plugin) to 8 in /tmp/ccpZiTZc.ltrans0.ltrans.o
[  513s] /usr/lib64/gcc/riscv64-suse-linux/12/../../../../riscv64-suse-linux/bin/ld: warning: type of symbol `glBindBufferBase' changed from 2 to 1 in /tmp/ccpZiTZc.ltrans0.ltrans.o
[  513s] /usr/lib64/gcc/riscv64-suse-linux/12/../../../../riscv64-suse-linux/bin/ld: warning: size of symbol `glBufferData' changed from 18 in CMakeFiles/sdl.hdll.dir/gl.c.o (symbol from plugin) to 8 in /tmp/ccpZiTZc.ltrans0.ltrans.o
[  513s] /usr/lib64/gcc/riscv64-suse-linux/12/../../../../riscv64-suse-linux/bin/ld: warning: type of symbol `glBufferData' changed from 2 to 1 in /tmp/ccpZiTZc.ltrans0.ltrans.o
[  513s] /usr/lib64/gcc/riscv64-suse-linux/12/../../../../riscv64-suse-linux/bin/ld: warning: size of symbol `glBufferSubData' changed from 18 in CMakeFiles/sdl.hdll.dir/gl.c.o (symbol from plugin) to 8 in /tmp/ccpZiTZc.ltrans0.ltrans.o
[  513s] /usr/lib64/gcc/riscv64-suse-linux/12/../../../../riscv64-suse-linux/bin/ld: warning: type of symbol `glBufferSubData' changed from 2 to 1 in /tmp/ccpZiTZc.ltrans0.ltrans.o
[  513s] /usr/lib64/gcc/riscv64-suse-linux/12/../../../../riscv64-suse-linux/bin/ld: warning: size of symbol `glEnableVertexAttribArray' changed from 22 in CMakeFiles/sdl.hdll.dir/gl.c.o (symbol from plugin) to 8 in /tmp/ccpZiTZc.ltrans0.ltrans.o
[  513s] /usr/lib64/gcc/riscv64-suse-linux/12/../../../../riscv64-suse-linux/bin/ld: warning: type of symbol `glEnableVertexAttribArray' changed from 2 to 1 in /tmp/ccpZiTZc.ltrans0.ltrans.o
[  513s] /usr/lib64/gcc/riscv64-suse-linux/12/../../../../riscv64-suse-linux/bin/ld: warning: size of symbol `glDisableVertexAttribArray' changed from 22 in CMakeFiles/sdl.hdll.dir/gl.c.o (symbol from plugin) to 8 in /tmp/ccpZiTZc.ltrans0.ltrans.o
[  513s] /usr/lib64/gcc/riscv64-suse-linux/12/../../../../riscv64-suse-linux/bin/ld: warning: type of symbol `glDisableVertexAttribArray' changed from 2 to 1 in /tmp/ccpZiTZc.ltrans0.ltrans.o
[  513s] /usr/lib64/gcc/riscv64-suse-linux/12/../../../../riscv64-suse-linux/bin/ld: warning: size of symbol `glVertexAttribPointer' changed from 24 in CMakeFiles/sdl.hdll.dir/gl.c.o (symbol from plugin) to 8 in /tmp/ccpZiTZc.ltrans0.ltrans.o
[  513s] /usr/lib64/gcc/riscv64-suse-linux/12/../../../../riscv64-suse-linux/bin/ld: warning: type of symbol `glVertexAttribPointer' changed from 2 to 1 in /tmp/ccpZiTZc.ltrans0.ltrans.o
[  513s] /usr/lib64/gcc/riscv64-suse-linux/12/../../../../riscv64-suse-linux/bin/ld: warning: size of symbol `glVertexAttribIPointer' changed from 22 in CMakeFiles/sdl.hdll.dir/gl.c.o (symbol from plugin) to 8 in /tmp/ccpZiTZc.ltrans0.ltrans.o
[  513s] /usr/lib64/gcc/riscv64-suse-linux/12/../../../../riscv64-suse-linux/bin/ld: warning: type of symbol `glVertexAttribIPointer' changed from 2 to 1 in /tmp/ccpZiTZc.ltrans0.ltrans.o
[  513s] /usr/lib64/gcc/riscv64-suse-linux/12/../../../../riscv64-suse-linux/bin/ld: warning: size of symbol `glVertexAttribDivisor' changed from 20 in CMakeFiles/sdl.hdll.dir/gl.c.o (symbol from plugin) to 8 in /tmp/ccpZiTZc.ltrans0.ltrans.o
[  513s] /usr/lib64/gcc/riscv64-suse-linux/12/../../../../riscv64-suse-linux/bin/ld: warning: type of symbol `glVertexAttribDivisor' changed from 2 to 1 in /tmp/ccpZiTZc.ltrans0.ltrans.o
[  513s] /usr/lib64/gcc/riscv64-suse-linux/12/../../../../riscv64-suse-linux/bin/ld: warning: size of symbol `glDeleteBuffers' changed from 22 in CMakeFiles/sdl.hdll.dir/gl.c.o (symbol from plugin) to 8 in /tmp/ccpZiTZc.ltrans0.ltrans.o
[  513s] /usr/lib64/gcc/riscv64-suse-linux/12/../../../../riscv64-suse-linux/bin/ld: warning: type of symbol `glDeleteBuffers' changed from 2 to 1 in /tmp/ccpZiTZc.ltrans0.ltrans.o
[  513s] /usr/lib64/gcc/riscv64-suse-linux/12/../../../../riscv64-suse-linux/bin/ld: warning: size of symbol `glUniform1i' changed from 22 in CMakeFiles/sdl.hdll.dir/gl.c.o (symbol from plugin) to 8 in /tmp/ccpZiTZc.ltrans0.ltrans.o
[  513s] /usr/lib64/gcc/riscv64-suse-linux/12/../../../../riscv64-suse-linux/bin/ld: warning: type of symbol `glUniform1i' changed from 2 to 1 in /tmp/ccpZiTZc.ltrans0.ltrans.o
[  513s] /usr/lib64/gcc/riscv64-suse-linux/12/../../../../riscv64-suse-linux/bin/ld: warning: size of symbol `glUniform4fv' changed from 22 in CMakeFiles/sdl.hdll.dir/gl.c.o (symbol from plugin) to 8 in /tmp/ccpZiTZc.ltrans0.ltrans.o
[  513s] /usr/lib64/gcc/riscv64-suse-linux/12/../../../../riscv64-suse-linux/bin/ld: warning: type of symbol `glUniform4fv' changed from 2 to 1 in /tmp/ccpZiTZc.ltrans0.ltrans.o
[  513s] /usr/lib64/gcc/riscv64-suse-linux/12/../../../../riscv64-suse-linux/bin/ld: warning: size of symbol `glUniformMatrix4fv' changed from 22 in CMakeFiles/sdl.hdll.dir/gl.c.o (symbol from plugin) to 8 in /tmp/ccpZiTZc.ltrans0.ltrans.o
[  513s] /usr/lib64/gcc/riscv64-suse-linux/12/../../../../riscv64-suse-linux/bin/ld: warning: type of symbol `glUniformMatrix4fv' changed from 2 to 1 in /tmp/ccpZiTZc.ltrans0.ltrans.o
[  513s] /usr/lib64/gcc/riscv64-suse-linux/12/../../../../riscv64-suse-linux/bin/ld: warning: size of symbol `glDispatchCompute' changed from 22 in CMakeFiles/sdl.hdll.dir/gl.c.o (symbol from plugin) to 8 in /tmp/ccpZiTZc.ltrans0.ltrans.o
[  513s] /usr/lib64/gcc/riscv64-suse-linux/12/../../../../riscv64-suse-linux/bin/ld: warning: type of symbol `glDispatchCompute' changed from 2 to 1 in /tmp/ccpZiTZc.ltrans0.ltrans.o
[  513s] /usr/lib64/gcc/riscv64-suse-linux/12/../../../../riscv64-suse-linux/bin/ld: warning: size of symbol `glMemoryBarrier' changed from 22 in CMakeFiles/sdl.hdll.dir/gl.c.o (symbol from plugin) to 8 in /tmp/ccpZiTZc.ltrans0.ltrans.o
[  513s] /usr/lib64/gcc/riscv64-suse-linux/12/../../../../riscv64-suse-linux/bin/ld: warning: type of symbol `glMemoryBarrier' changed from 2 to 1 in /tmp/ccpZiTZc.ltrans0.ltrans.o
[  513s] /usr/lib64/gcc/riscv64-suse-linux/12/../../../../riscv64-suse-linux/bin/ld: warning: size of symbol `glDrawElementsInstanced' changed from 22 in CMakeFiles/sdl.hdll.dir/gl.c.o (symbol from plugin) to 8 in /tmp/ccpZiTZc.ltrans0.ltrans.o
[  513s] /usr/lib64/gcc/riscv64-suse-linux/12/../../../../riscv64-suse-linux/bin/ld: warning: type of symbol `glDrawElementsInstanced' changed from 2 to 1 in /tmp/ccpZiTZc.ltrans0.ltrans.o
[  513s] /usr/lib64/gcc/riscv64-suse-linux/12/../../../../riscv64-suse-linux/bin/ld: warning: size of symbol `glDrawArraysInstanced' changed from 22 in CMakeFiles/sdl.hdll.dir/gl.c.o (symbol from plugin) to 8 in /tmp/ccpZiTZc.ltrans0.ltrans.o
[  513s] /usr/lib64/gcc/riscv64-suse-linux/12/../../../../riscv64-suse-linux/bin/ld: warning: type of symbol `glDrawArraysInstanced' changed from 2 to 1 in /tmp/ccpZiTZc.ltrans0.ltrans.o
[  513s] /usr/lib64/gcc/riscv64-suse-linux/12/../../../../riscv64-suse-linux/bin/ld: warning: size of symbol `glMultiDrawElementsIndirect' changed from 22 in CMakeFiles/sdl.hdll.dir/gl.c.o (symbol from plugin) to 8 in /tmp/ccpZiTZc.ltrans0.ltrans.o
[  513s] /usr/lib64/gcc/riscv64-suse-linux/12/../../../../riscv64-suse-linux/bin/ld: warning: type of symbol `glMultiDrawElementsIndirect' changed from 2 to 1 in /tmp/ccpZiTZc.ltrans0.ltrans.o
[  513s] /usr/lib64/gcc/riscv64-suse-linux/12/../../../../riscv64-suse-linux/bin/ld: warning: size of symbol `glDeleteQueries' changed from 22 in CMakeFiles/sdl.hdll.dir/gl.c.o (symbol from plugin) to 8 in /tmp/ccpZiTZc.ltrans0.ltrans.o
[  513s] /usr/lib64/gcc/riscv64-suse-linux/12/../../../../riscv64-suse-linux/bin/ld: warning: type of symbol `glDeleteQueries' changed from 2 to 1 in /tmp/ccpZiTZc.ltrans0.ltrans.o
[  513s] /usr/lib64/gcc/riscv64-suse-linux/12/../../../../riscv64-suse-linux/bin/ld: warning: size of symbol `glBeginQuery' changed from 18 in CMakeFiles/sdl.hdll.dir/gl.c.o (symbol from plugin) to 8 in /tmp/ccpZiTZc.ltrans0.ltrans.o
[  513s] /usr/lib64/gcc/riscv64-suse-linux/12/../../../../riscv64-suse-linux/bin/ld: warning: type of symbol `glBeginQuery' changed from 2 to 1 in /tmp/ccpZiTZc.ltrans0.ltrans.o
[  513s] /usr/lib64/gcc/riscv64-suse-linux/12/../../../../riscv64-suse-linux/bin/ld: warning: size of symbol `glEndQuery' changed from 22 in CMakeFiles/sdl.hdll.dir/gl.c.o (symbol from plugin) to 8 in /tmp/ccpZiTZc.ltrans0.ltrans.o
[  513s] /usr/lib64/gcc/riscv64-suse-linux/12/../../../../riscv64-suse-linux/bin/ld: warning: type of symbol `glEndQuery' changed from 2 to 1 in /tmp/ccpZiTZc.ltrans0.ltrans.o
[  513s] /usr/lib64/gcc/riscv64-suse-linux/12/../../../../riscv64-suse-linux/bin/ld: warning: size of symbol `glGetQueryObjectiv' changed from 22 in CMakeFiles/sdl.hdll.dir/gl.c.o (symbol from plugin) to 8 in /tmp/ccpZiTZc.ltrans0.ltrans.o
[  513s] /usr/lib64/gcc/riscv64-suse-linux/12/../../../../riscv64-suse-linux/bin/ld: warning: type of symbol `glGetQueryObjectiv' changed from 2 to 1 in /tmp/ccpZiTZc.ltrans0.ltrans.o
[  513s] /usr/lib64/gcc/riscv64-suse-linux/12/../../../../riscv64-suse-linux/bin/ld: warning: size of symbol `glGetQueryObjectui64v' changed from 22 in CMakeFiles/sdl.hdll.dir/gl.c.o (symbol from plugin) to 8 in /tmp/ccpZiTZc.ltrans0.ltrans.o
[  513s] /usr/lib64/gcc/riscv64-suse-linux/12/../../../../riscv64-suse-linux/bin/ld: warning: type of symbol `glGetQueryObjectui64v' changed from 2 to 1 in /tmp/ccpZiTZc.ltrans0.ltrans.o
[  513s] /usr/lib64/gcc/riscv64-suse-linux/12/../../../../riscv64-suse-linux/bin/ld: warning: size of symbol `glQueryCounter' changed from 22 in CMakeFiles/sdl.hdll.dir/gl.c.o (symbol from plugin) to 8 in /tmp/ccpZiTZc.ltrans0.ltrans.o
[  513s] /usr/lib64/gcc/riscv64-suse-linux/12/../../../../riscv64-suse-linux/bin/ld: warning: type of symbol `glQueryCounter' changed from 2 to 1 in /tmp/ccpZiTZc.ltrans0.ltrans.o
[  513s] /usr/lib64/gcc/riscv64-suse-linux/12/../../../../riscv64-suse-linux/bin/ld: warning: size of symbol `glBindVertexArray' changed from 18 in CMakeFiles/sdl.hdll.dir/gl.c.o (symbol from plugin) to 8 in /tmp/ccpZiTZc.ltrans0.ltrans.o
[  513s] /usr/lib64/gcc/riscv64-suse-linux/12/../../../../riscv64-suse-linux/bin/ld: warning: type of symbol `glBindVertexArray' changed from 2 to 1 in /tmp/ccpZiTZc.ltrans0.ltrans.o
[  513s] /usr/lib64/gcc/riscv64-suse-linux/12/../../../../riscv64-suse-linux/bin/ld: warning: size of symbol `glDeleteVertexArrays' changed from 20 in CMakeFiles/sdl.hdll.dir/gl.c.o (symbol from plugin) to 8 in /tmp/ccpZiTZc.ltrans0.ltrans.o
[  513s] /usr/lib64/gcc/riscv64-suse-linux/12/../../../../riscv64-suse-linux/bin/ld: warning: type of symbol `glDeleteVertexArrays' changed from 2 to 1 in /tmp/ccpZiTZc.ltrans0.ltrans.o
[  513s] /usr/lib64/gcc/riscv64-suse-linux/12/../../../../riscv64-suse-linux/bin/ld: warning: size of symbol `glUniformBlockBinding' changed from 22 in CMakeFiles/sdl.hdll.dir/gl.c.o (symbol from plugin) to 8 in /tmp/ccpZiTZc.ltrans0.ltrans.o
[  513s] /usr/lib64/gcc/riscv64-suse-linux/12/../../../../riscv64-suse-linux/bin/ld: warning: type of symbol `glUniformBlockBinding' changed from 2 to 1 in /tmp/ccpZiTZc.ltrans0.ltrans.o
[  513s] /usr/lib64/gcc/riscv64-suse-linux/12/../../../../riscv64-suse-linux/bin/ld: warning: size of symbol `glGetProgramInfoLog' changed from 22 in CMakeFiles/sdl.hdll.dir/gl.c.o (symbol from plugin) to 8 in /tmp/ccpZiTZc.ltrans0.ltrans.o
[  513s] /usr/lib64/gcc/riscv64-suse-linux/12/../../../../riscv64-suse-linux/bin/ld: warning: type of symbol `glGetProgramInfoLog' changed from 2 to 1 in /tmp/ccpZiTZc.ltrans0.ltrans.o
[  513s] /usr/lib64/gcc/riscv64-suse-linux/12/../../../../riscv64-suse-linux/bin/ld: warning: size of symbol `glGetShaderInfoLog' changed from 22 in CMakeFiles/sdl.hdll.dir/gl.c.o (symbol from plugin) to 8 in /tmp/ccpZiTZc.ltrans0.ltrans.o
[  513s] /usr/lib64/gcc/riscv64-suse-linux/12/../../../../riscv64-suse-linux/bin/ld: warning: type of symbol `glGetShaderInfoLog' changed from 2 to 1 in /tmp/ccpZiTZc.ltrans0.ltrans.o
[  513s] /usr/lib64/gcc/riscv64-suse-linux/12/../../../../riscv64-suse-linux/bin/ld: warning: size of symbol `glCreateProgram' changed from 22 in CMakeFiles/sdl.hdll.dir/gl.c.o (symbol from plugin) to 8 in /tmp/ccpZiTZc.ltrans0.ltrans.o
[  513s] /usr/lib64/gcc/riscv64-suse-linux/12/../../../../riscv64-suse-linux/bin/ld: warning: type of symbol `glCreateProgram' changed from 2 to 1 in /tmp/ccpZiTZc.ltrans0.ltrans.o
[  513s] /usr/lib64/gcc/riscv64-suse-linux/12/../../../../riscv64-suse-linux/bin/ld: warning: size of symbol `glGetUniformLocation' changed from 22 in CMakeFiles/sdl.hdll.dir/gl.c.o (symbol from plugin) to 8 in /tmp/ccpZiTZc.ltrans0.ltrans.o
[  513s] /usr/lib64/gcc/riscv64-suse-linux/12/../../../../riscv64-suse-linux/bin/ld: warning: type of symbol `glGetUniformLocation' changed from 2 to 1 in /tmp/ccpZiTZc.ltrans0.ltrans.o
[  513s] /usr/lib64/gcc/riscv64-suse-linux/12/../../../../riscv64-suse-linux/bin/ld: warning: size of symbol `glGetAttribLocation' changed from 22 in CMakeFiles/sdl.hdll.dir/gl.c.o (symbol from plugin) to 8 in /tmp/ccpZiTZc.ltrans0.ltrans.o
[  513s] /usr/lib64/gcc/riscv64-suse-linux/12/../../../../riscv64-suse-linux/bin/ld: warning: type of symbol `glGetAttribLocation' changed from 2 to 1 in /tmp/ccpZiTZc.ltrans0.ltrans.o
[  513s] /usr/lib64/gcc/riscv64-suse-linux/12/../../../../riscv64-suse-linux/bin/ld: warning: size of symbol `glCreateShader' changed from 22 in CMakeFiles/sdl.hdll.dir/gl.c.o (symbol from plugin) to 8 in /tmp/ccpZiTZc.ltrans0.ltrans.o
[  513s] /usr/lib64/gcc/riscv64-suse-linux/12/../../../../riscv64-suse-linux/bin/ld: warning: type of symbol `glCreateShader' changed from 2 to 1 in /tmp/ccpZiTZc.ltrans0.ltrans.o
[  513s] /usr/lib64/gcc/riscv64-suse-linux/12/../../../../riscv64-suse-linux/bin/ld: warning: size of symbol `glShaderSource' changed from 22 in CMakeFiles/sdl.hdll.dir/gl.c.o (symbol from plugin) to 8 in /tmp/ccpZiTZc.ltrans0.ltrans.o
[  513s] /usr/lib64/gcc/riscv64-suse-linux/12/../../../../riscv64-suse-linux/bin/ld: warning: type of symbol `glShaderSource' changed from 2 to 1 in /tmp/ccpZiTZc.ltrans0.ltrans.o
[  513s] /usr/lib64/gcc/riscv64-suse-linux/12/../../../../riscv64-suse-linux/bin/ld: warning: size of symbol `glGenFramebuffers' changed from 22 in CMakeFiles/sdl.hdll.dir/gl.c.o (symbol from plugin) to 8 in /tmp/ccpZiTZc.ltrans0.ltrans.o
[  513s] /usr/lib64/gcc/riscv64-suse-linux/12/../../../../riscv64-suse-linux/bin/ld: warning: type of symbol `glGenFramebuffers' changed from 2 to 1 in /tmp/ccpZiTZc.ltrans0.ltrans.o
[  513s] /usr/lib64/gcc/riscv64-suse-linux/12/../../../../riscv64-suse-linux/bin/ld: warning: size of symbol `glGenRenderbuffers' changed from 22 in CMakeFiles/sdl.hdll.dir/gl.c.o (symbol from plugin) to 8 in /tmp/ccpZiTZc.ltrans0.ltrans.o
[  513s] /usr/lib64/gcc/riscv64-suse-linux/12/../../../../riscv64-suse-linux/bin/ld: warning: type of symbol `glGenRenderbuffers' changed from 2 to 1 in /tmp/ccpZiTZc.ltrans0.ltrans.o
[  513s] /usr/lib64/gcc/riscv64-suse-linux/12/../../../../riscv64-suse-linux/bin/ld: warning: size of symbol `glGenBuffers' changed from 22 in CMakeFiles/sdl.hdll.dir/gl.c.o (symbol from plugin) to 8 in /tmp/ccpZiTZc.ltrans0.ltrans.o
[  513s] /usr/lib64/gcc/riscv64-suse-linux/12/../../../../riscv64-suse-linux/bin/ld: warning: type of symbol `glGenBuffers' changed from 2 to 1 in /tmp/ccpZiTZc.ltrans0.ltrans.o
[  513s] /usr/lib64/gcc/riscv64-suse-linux/12/../../../../riscv64-suse-linux/bin/ld: warning: size of symbol `glGetShaderiv' changed from 22 in CMakeFiles/sdl.hdll.dir/gl.c.o (symbol from plugin) to 8 in /tmp/ccpZiTZc.ltrans0.ltrans.o
[  513s] /usr/lib64/gcc/riscv64-suse-linux/12/../../../../riscv64-suse-linux/bin/ld: warning: type of symbol `glGetShaderiv' changed from 2 to 1 in /tmp/ccpZiTZc.ltrans0.ltrans.o
[  513s] /usr/lib64/gcc/riscv64-suse-linux/12/../../../../riscv64-suse-linux/bin/ld: warning: size of symbol `glGetProgramiv' changed from 22 in CMakeFiles/sdl.hdll.dir/gl.c.o (symbol from plugin) to 8 in /tmp/ccpZiTZc.ltrans0.ltrans.o
[  513s] /usr/lib64/gcc/riscv64-suse-linux/12/../../../../riscv64-suse-linux/bin/ld: warning: type of symbol `glGetProgramiv' changed from 2 to 1 in /tmp/ccpZiTZc.ltrans0.ltrans.o
[  513s] /usr/lib64/gcc/riscv64-suse-linux/12/../../../../riscv64-suse-linux/bin/ld: warning: size of symbol `glBindFragDataLocation' changed from 18 in CMakeFiles/sdl.hdll.dir/gl.c.o (symbol from plugin) to 8 in /tmp/ccpZiTZc.ltrans0.ltrans.o
[  513s] /usr/lib64/gcc/riscv64-suse-linux/12/../../../../riscv64-suse-linux/bin/ld: warning: type of symbol `glBindFragDataLocation' changed from 2 to 1 in /tmp/ccpZiTZc.ltrans0.ltrans.o
[  513s] /usr/lib64/gcc/riscv64-suse-linux/12/../../../../riscv64-suse-linux/bin/ld: warning: size of symbol `glGenVertexArrays' changed from 22 in CMakeFiles/sdl.hdll.dir/gl.c.o (symbol from plugin) to 8 in /tmp/ccpZiTZc.ltrans0.ltrans.o
[  513s] /usr/lib64/gcc/riscv64-suse-linux/12/../../../../riscv64-suse-linux/bin/ld: warning: type of symbol `glGenVertexArrays' changed from 2 to 1 in /tmp/ccpZiTZc.ltrans0.ltrans.o
[  513s] /usr/lib64/gcc/riscv64-suse-linux/12/../../../../riscv64-suse-linux/bin/ld: warning: size of symbol `glGenQueries' changed from 22 in CMakeFiles/sdl.hdll.dir/gl.c.o (symbol from plugin) to 8 in /tmp/ccpZiTZc.ltrans0.ltrans.o
[  513s] /usr/lib64/gcc/riscv64-suse-linux/12/../../../../riscv64-suse-linux/bin/ld: warning: type of symbol `glGenQueries' changed from 2 to 1 in /tmp/ccpZiTZc.ltrans0.ltrans.o
[  513s] /usr/lib64/gcc/riscv64-suse-linux/12/../../../../riscv64-suse-linux/bin/ld: warning: size of symbol `glGetUniformBlockIndex' changed from 22 in CMakeFiles/sdl.hdll.dir/gl.c.o (symbol from plugin) to 8 in /tmp/ccpZiTZc.ltrans0.ltrans.o
[  513s] /usr/lib64/gcc/riscv64-suse-linux/12/../../../../riscv64-suse-linux/bin/ld: warning: type of symbol `glGetUniformBlockIndex' changed from 2 to 1 in /tmp/ccpZiTZc.ltrans0.ltrans.o
[  513s] make[2]: Leaving directory '/home/abuild/rpmbuild/BUILD/hashlink-1.13/build'
[  513s] make[1]: Entering directory '/home/abuild/rpmbuild/BUILD/hashlink-1.13/build'
[  513s] [ 92%] Built target sdl.hdll
[  513s] make[1]: Leaving directory '/home/abuild/rpmbuild/BUILD/hashlink-1.13/build'
[  514s] make[2]: Entering directory '/home/abuild/rpmbuild/BUILD/hashlink-1.13/build'
[  514s] [ 90%] Building C object CMakeFiles/threads.dir/bin/test/threads/threads.c.o
[  514s] /usr/bin/cc  -I/home/abuild/rpmbuild/BUILD/hashlink-1.13/src -I/home/abuild/rpmbuild/BUILD/hashlink-1.13/include -I/home/abuild/rpmbuild/BUILD/hashlink-1.13/include/pcre -I/home/abuild/rpmbuild/BUILD/hashlink-1.13/build/bin/test/threads -O2 -Wall -U_FORTIFY_SOURCE -D_FORTIFY_SOURCE=3 -fstack-protector-strong -funwind-tables -fasynchronous-unwind-tables -fstack-clash-protection -Werror=return-type -flto=auto -g -O2 -g -DNDEBUG -std=gnu11 -MD -MT CMakeFiles/threads.dir/bin/test/threads/threads.c.o -MF CMakeFiles/threads.dir/bin/test/threads/threads.c.o.d -o CMakeFiles/threads.dir/bin/test/threads/threads.c.o -c /home/abuild/rpmbuild/BUILD/hashlink-1.13/build/bin/test/threads/threads.c
[  514s] make[2]: Leaving directory '/home/abuild/rpmbuild/BUILD/hashlink-1.13/build'
[  517s] make[2]: Entering directory '/home/abuild/rpmbuild/BUILD/hashlink-1.13/build'
[  517s] [ 91%] Building C object CMakeFiles/hello.dir/bin/test/hello/hello.c.o
[  517s] /usr/bin/cc  -I/home/abuild/rpmbuild/BUILD/hashlink-1.13/src -I/home/abuild/rpmbuild/BUILD/hashlink-1.13/include -I/home/abuild/rpmbuild/BUILD/hashlink-1.13/include/pcre -I/home/abuild/rpmbuild/BUILD/hashlink-1.13/build/bin/test/hello -O2 -Wall -U_FORTIFY_SOURCE -D_FORTIFY_SOURCE=3 -fstack-protector-strong -funwind-tables -fasynchronous-unwind-tables -fstack-clash-protection -Werror=return-type -flto=auto -g -O2 -g -DNDEBUG -std=gnu11 -MD -MT CMakeFiles/hello.dir/bin/test/hello/hello.c.o -MF CMakeFiles/hello.dir/bin/test/hello/hello.c.o.d -o CMakeFiles/hello.dir/bin/test/hello/hello.c.o -c /home/abuild/rpmbuild/BUILD/hashlink-1.13/build/bin/test/hello/hello.c
[  517s] make[2]: Leaving directory '/home/abuild/rpmbuild/BUILD/hashlink-1.13/build'
[  533s] make[2]: Entering directory '/home/abuild/rpmbuild/BUILD/hashlink-1.13/build'
[  533s] [ 92%] Building C object CMakeFiles/uvsample.dir/bin/test/uvsample/uvsample.c.o
[  533s] /usr/bin/cc  -I/home/abuild/rpmbuild/BUILD/hashlink-1.13/src -I/home/abuild/rpmbuild/BUILD/hashlink-1.13/include -I/home/abuild/rpmbuild/BUILD/hashlink-1.13/include/pcre -I/home/abuild/rpmbuild/BUILD/hashlink-1.13/build/bin/test/uvsample -O2 -Wall -U_FORTIFY_SOURCE -D_FORTIFY_SOURCE=3 -fstack-protector-strong -funwind-tables -fasynchronous-unwind-tables -fstack-clash-protection -Werror=return-type -flto=auto -g -O2 -g -DNDEBUG -std=gnu11 -MD -MT CMakeFiles/uvsample.dir/bin/test/uvsample/uvsample.c.o -MF CMakeFiles/uvsample.dir/bin/test/uvsample/uvsample.c.o.d -o CMakeFiles/uvsample.dir/bin/test/uvsample/uvsample.c.o -c /home/abuild/rpmbuild/BUILD/hashlink-1.13/build/bin/test/uvsample/uvsample.c
[  533s] make[2]: Leaving directory '/home/abuild/rpmbuild/BUILD/hashlink-1.13/build'
[  576s] make[2]: Entering directory '/home/abuild/rpmbuild/BUILD/hashlink-1.13/build'
[  576s] [ 87%] Linking C shared library ../../bin/fmt.hdll
[  576s] cd /home/abuild/rpmbuild/BUILD/hashlink-1.13/build/libs/fmt && /usr/bin/cmake -E cmake_link_script CMakeFiles/fmt.hdll.dir/link.txt --verbose=1
[  576s] /usr/bin/cc -fPIC -O2 -Wall -U_FORTIFY_SOURCE -D_FORTIFY_SOURCE=3 -fstack-protector-strong -funwind-tables -fasynchronous-unwind-tables -fstack-clash-protection -Werror=return-type -flto=auto -g -O2 -g -DNDEBUG -flto=auto -Wl,--as-needed -Wl,--no-undefined -Wl,-z,now -shared -Wl,-soname,fmt.hdll -o ../../bin/fmt.hdll CMakeFiles/fmt.hdll.dir/fmt.c.o CMakeFiles/fmt.hdll.dir/sha1.c.o CMakeFiles/fmt.hdll.dir/dxt.c.o CMakeFiles/fmt.hdll.dir/mikkt.c.o CMakeFiles/fmt.hdll.dir/__/__/include/mikktspace/mikktspace.c.o  -Wl,-rpath,/home/abuild/rpmbuild/BUILD/hashlink-1.13/build/bin: ../../bin/libhl.so.1.13.0 -lz -lpng -lz /usr/lib64/libturbojpeg.so.0 -logg -lvorbis -lvorbisfile -lvorbisenc -lm -ldl -lpthread -lpng /usr/lib64/libturbojpeg.so.0 -logg -lvorbis -lvorbisfile -lvorbisenc 
[  576s] make[2]: Leaving directory '/home/abuild/rpmbuild/BUILD/hashlink-1.13/build'
[  576s] make[1]: Entering directory '/home/abuild/rpmbuild/BUILD/hashlink-1.13/build'
[  576s] [ 97%] Built target fmt.hdll
[  576s] make[1]: Leaving directory '/home/abuild/rpmbuild/BUILD/hashlink-1.13/build'
[  578s] make[2]: Entering directory '/home/abuild/rpmbuild/BUILD/hashlink-1.13/build'
[  578s] [ 94%] Linking C executable bin/test/threads/threads
[  578s] /usr/bin/cmake -E cmake_link_script CMakeFiles/threads.dir/link.txt --verbose=1
[  578s] /usr/bin/cc -O2 -Wall -U_FORTIFY_SOURCE -D_FORTIFY_SOURCE=3 -fstack-protector-strong -funwind-tables -fasynchronous-unwind-tables -fstack-clash-protection -Werror=return-type -flto=auto -g -O2 -g -DNDEBUG -flto=auto -Wl,--as-needed -Wl,--no-undefined -Wl,-z,now -rdynamic CMakeFiles/threads.dir/bin/test/threads/threads.c.o -o bin/test/threads/threads  -Wl,-rpath,/home/abuild/rpmbuild/BUILD/hashlink-1.13/build/bin bin/libhl.so.1.13.0 -lm -ldl -lpthread 
[  578s] make[2]: Leaving directory '/home/abuild/rpmbuild/BUILD/hashlink-1.13/build'
[  578s] make[1]: Entering directory '/home/abuild/rpmbuild/BUILD/hashlink-1.13/build'
[  578s] [ 97%] Built target threads
[  578s] make[1]: Leaving directory '/home/abuild/rpmbuild/BUILD/hashlink-1.13/build'
[  579s] make[2]: Entering directory '/home/abuild/rpmbuild/BUILD/hashlink-1.13/build'
[  579s] [ 95%] Linking C executable bin/test/hello/hello
[  579s] /usr/bin/cmake -E cmake_link_script CMakeFiles/hello.dir/link.txt --verbose=1
[  579s] /usr/bin/cc -O2 -Wall -U_FORTIFY_SOURCE -D_FORTIFY_SOURCE=3 -fstack-protector-strong -funwind-tables -fasynchronous-unwind-tables -fstack-clash-protection -Werror=return-type -flto=auto -g -O2 -g -DNDEBUG -flto=auto -Wl,--as-needed -Wl,--no-undefined -Wl,-z,now -rdynamic CMakeFiles/hello.dir/bin/test/hello/hello.c.o -o bin/test/hello/hello  -Wl,-rpath,/home/abuild/rpmbuild/BUILD/hashlink-1.13/build/bin bin/libhl.so.1.13.0 -lm -ldl -lpthread 
[  579s] make[2]: Leaving directory '/home/abuild/rpmbuild/BUILD/hashlink-1.13/build'
[  579s] make[1]: Entering directory '/home/abuild/rpmbuild/BUILD/hashlink-1.13/build'
[  579s] [ 97%] Built target hello
[  579s] make[1]: Leaving directory '/home/abuild/rpmbuild/BUILD/hashlink-1.13/build'
[  600s] make[2]: Entering directory '/home/abuild/rpmbuild/BUILD/hashlink-1.13/build'
[  600s] [ 97%] Linking C executable bin/test/uvsample/uvsample
[  600s] /usr/bin/cmake -E cmake_link_script CMakeFiles/uvsample.dir/link.txt --verbose=1
[  600s] /usr/bin/cc -O2 -Wall -U_FORTIFY_SOURCE -D_FORTIFY_SOURCE=3 -fstack-protector-strong -funwind-tables -fasynchronous-unwind-tables -fstack-clash-protection -Werror=return-type -flto=auto -g -O2 -g -DNDEBUG -flto=auto -Wl,--as-needed -Wl,--no-undefined -Wl,-z,now -rdynamic CMakeFiles/uvsample.dir/bin/test/uvsample/uvsample.c.o -o bin/test/uvsample/uvsample  -Wl,-rpath,/home/abuild/rpmbuild/BUILD/hashlink-1.13/build/bin bin/uv.hdll bin/libhl.so.1.13.0 -lm -ldl -lpthread -luv 
[  600s] make[2]: Leaving directory '/home/abuild/rpmbuild/BUILD/hashlink-1.13/build'
[  600s] make[1]: Entering directory '/home/abuild/rpmbuild/BUILD/hashlink-1.13/build'
[  600s] [ 97%] Built target uvsample
[  601s] make[1]: Leaving directory '/home/abuild/rpmbuild/BUILD/hashlink-1.13/build'
[  710s] make[2]: Entering directory '/home/abuild/rpmbuild/BUILD/hashlink-1.13/build'
[  710s] [ 77%] Building C object libs/sqlite/CMakeFiles/sqlite.hdll.dir/__/__/include/sqlite/src/sqlite3.c.o
[  710s] cd /home/abuild/rpmbuild/BUILD/hashlink-1.13/build/libs/sqlite && /usr/bin/cc -Dsqlite_hdll_EXPORTS -I/home/abuild/rpmbuild/BUILD/hashlink-1.13/src -I/home/abuild/rpmbuild/BUILD/hashlink-1.13/include -I/home/abuild/rpmbuild/BUILD/hashlink-1.13/include/pcre -I/home/abuild/rpmbuild/BUILD/hashlink-1.13/libs/../include/sqlite/src -O2 -Wall -U_FORTIFY_SOURCE -D_FORTIFY_SOURCE=3 -fstack-protector-strong -funwind-tables -fasynchronous-unwind-tables -fstack-clash-protection -Werror=return-type -flto=auto -g -O2 -g -DNDEBUG -fPIC -std=gnu11 -MD -MT libs/sqlite/CMakeFiles/sqlite.hdll.dir/__/__/include/sqlite/src/sqlite3.c.o -MF CMakeFiles/sqlite.hdll.dir/__/__/include/sqlite/src/sqlite3.c.o.d -o CMakeFiles/sqlite.hdll.dir/__/__/include/sqlite/src/sqlite3.c.o -c /home/abuild/rpmbuild/BUILD/hashlink-1.13/include/sqlite/src/sqlite3.c
[  710s] /home/abuild/rpmbuild/BUILD/hashlink-1.13/include/sqlite/src/sqlite3.c: In function 'sqlite3DefaultRowEst':
[  710s] /home/abuild/rpmbuild/BUILD/hashlink-1.13/include/sqlite/src/sqlite3.c:101733:3: warning: this 'if' clause does not guard... [-Wmisleading-indentation]
[  710s] 101733 |   if( pIdx->pPartIdxWhere!=0 ) a[0] -= 10;  assert( 10==sqlite3LogEst(2) );
[  710s]        |   ^~
[  710s] In file included from /home/abuild/rpmbuild/BUILD/hashlink-1.13/include/sqlite/src/sqlite3.c:11468:
[  710s] /home/abuild/rpmbuild/BUILD/hashlink-1.13/include/sqlite/src/sqlite3.c:101733:45: note: ...this statement, but the latter is misleadingly indented as if it were guarded by the 'if'
[  710s] 101733 |   if( pIdx->pPartIdxWhere!=0 ) a[0] -= 10;  assert( 10==sqlite3LogEst(2) );
[  710s]        |                                             ^~~~~~
[  710s] /home/abuild/rpmbuild/BUILD/hashlink-1.13/include/sqlite/src/sqlite3.c:101734:3: warning: this 'if' clause does not guard... [-Wmisleading-indentation]
[  710s] 101734 |   if( a[0]<33 ) a[0] = 33;                  assert( 33==sqlite3LogEst(10) );
[  710s]        |   ^~
[  710s] /home/abuild/rpmbuild/BUILD/hashlink-1.13/include/sqlite/src/sqlite3.c:101734:45: note: ...this statement, but the latter is misleadingly indented as if it were guarded by the 'if'
[  710s] 101734 |   if( a[0]<33 ) a[0] = 33;                  assert( 33==sqlite3LogEst(10) );
[  710s]        |                                             ^~~~~~
[  710s] make[2]: Leaving directory '/home/abuild/rpmbuild/BUILD/hashlink-1.13/build'
[  796s] make[2]: Entering directory '/home/abuild/rpmbuild/BUILD/hashlink-1.13/build'
[  796s] [ 98%] Linking C shared library ../../bin/sqlite.hdll
[  796s] cd /home/abuild/rpmbuild/BUILD/hashlink-1.13/build/libs/sqlite && /usr/bin/cmake -E cmake_link_script CMakeFiles/sqlite.hdll.dir/link.txt --verbose=1
[  796s] /usr/bin/cc -fPIC -O2 -Wall -U_FORTIFY_SOURCE -D_FORTIFY_SOURCE=3 -fstack-protector-strong -funwind-tables -fasynchronous-unwind-tables -fstack-clash-protection -Werror=return-type -flto=auto -g -O2 -g -DNDEBUG -flto=auto -Wl,--as-needed -Wl,--no-undefined -Wl,-z,now -shared -Wl,-soname,sqlite.hdll -o ../../bin/sqlite.hdll CMakeFiles/sqlite.hdll.dir/sqlite.c.o CMakeFiles/sqlite.hdll.dir/__/__/include/sqlite/src/sqlite3.c.o  -Wl,-rpath,/home/abuild/rpmbuild/BUILD/hashlink-1.13/build/bin: ../../bin/libhl.so.1.13.0 -lm -ldl -lpthread 
[  796s] /home/abuild/rpmbuild/BUILD/hashlink-1.13/include/sqlite/src/sqlite3.c: In function 'sqlite3SelectNew':
[  796s] /home/abuild/rpmbuild/BUILD/hashlink-1.13/include/sqlite/src/sqlite3.c:114527: warning: function may return address of local variable [-Wreturn-local-addr]
[  796s] 114527 |   return pNew;
[  796s]        | 
[  796s] /home/abuild/rpmbuild/BUILD/hashlink-1.13/include/sqlite/src/sqlite3.c:114487: note: declared here
[  796s] 114487 |   Select standin;
[  796s]        | 
[  796s] make[2]: Leaving directory '/home/abuild/rpmbuild/BUILD/hashlink-1.13/build'
[  796s] make[1]: Entering directory '/home/abuild/rpmbuild/BUILD/hashlink-1.13/build'
[  796s] [ 98%] Built target sqlite.hdll
[  796s] make[1]: Leaving directory '/home/abuild/rpmbuild/BUILD/hashlink-1.13/build'
[  796s] make: *** [Makefile:169: all] Error 2
[  796s] error: Bad exit status from /var/tmp/rpm-tmp.lPtHLc (%build)
[  796s] 
[  796s] RPM build errors:
[  796s]     Bad exit status from /var/tmp/rpm-tmp.lPtHLc (%build)
[  796s] ### VM INTERACTION START ###
[  797s] [  784.071429][    T1] sysrq: Power Off
[  797s] [  784.073488][   T18] reboot: Power down
[  797s] ### VM INTERACTION END ###
[  797s] 
[  797s] cumulus3 failed "build hashlink.spec" at Wed Feb  8 22:00:49 UTC 2023.
[  797s] 
