[    0s] Memory limit set to 10955196KB
[    1s] Using BUILD_ROOT=/var/cache/obs/worker/root_3
[    1s] Using BUILD_ARCH=riscv64
[    1s] 
[    5s] 
[    5s] oe-RISCV-worker21 started "build _service:extract_file:json-glib.spec" at Sat Apr 23 09:52:26 UTC 2022.
[    5s] 
[    5s] Building json-glib for project 'openEuler:Mainline:RISC-V' repository 'advanced_riscv64' arch 'riscv64' srcmd5 '6010ba5b0b691b205124bb24aca667ce'
[    5s] 
[    5s] processing recipe /var/cache/obs/worker/root_3/.build-srcdir/_service:extract_file:json-glib.spec ...
[    8s] running changelog2spec --target rpm --file /var/cache/obs/worker/root_3/.build-srcdir/_service:extract_file:json-glib.spec
[    9s] init_buildsystem --configdir /var/run/obs/worker/3/build/configs --cachedir /var/cache/build --clean --rpmlist /var/cache/obs/worker/root_3/.build.rpmlist /var/cache/obs/worker/root_3/.build-srcdir/_service:extract_file:json-glib.spec build ...
[   86s] cycle: coreutils -> bash
[   86s]   breaking dependency coreutils -> bash
[   86s] cycle: coreutils -> info
[   86s]   breaking dependency coreutils -> info
[   86s] cycle: glibc -> filesystem -> coreutils
[   86s]   breaking dependency coreutils -> glibc
[   86s] cycle: glibc -> filesystem -> coreutils -> libacl
[   86s]   breaking dependency coreutils -> libacl
[   86s] cycle: glibc -> filesystem -> coreutils -> attr
[   86s]   breaking dependency coreutils -> attr
[   86s] cycle: coreutils -> libcap
[   86s]   breaking dependency coreutils -> libcap
[   86s] cycle: glibc -> filesystem -> coreutils -> openssl-libs
[   86s]   breaking dependency coreutils -> openssl-libs
[   86s] cycle: glibc -> filesystem -> coreutils -> libselinux
[   86s]   breaking dependency libselinux -> glibc
[   86s] cycle: glibc -> filesystem -> coreutils -> libselinux -> pcre2
[   86s]   breaking dependency pcre2 -> glibc
[   86s] cycle: glibc -> filesystem -> coreutils -> libselinux -> pcre2 -> readline
[   86s]   breaking dependency readline -> glibc
[   86s] cycle: glibc -> filesystem -> coreutils -> libselinux -> pcre2 -> readline -> ncurses-libs
[   86s]   breaking dependency filesystem -> coreutils
[   86s] cycle: glibc -> filesystem -> bash -> coreutils -> libselinux -> pcre2 -> readline -> ncurses-libs
[   86s]   breaking dependency filesystem -> bash
[   86s] cycle: perl-Carp -> perl-libs
[   86s]   breaking dependency perl-libs -> perl-Carp
[   86s] cycle: perl-libs -> perl-Exporter
[   86s]   breaking dependency perl-libs -> perl-Exporter
[   86s] cycle: perl-Carp -> perl-Exporter
[   86s]   breaking dependency perl-Exporter -> perl-Carp
[   86s] cycle: nss-util -> nss
[   86s]   breaking dependency nss -> nss-util
[   86s] cycle: nss-softokn -> nss-util -> nss
[   86s]   breaking dependency nss -> nss-softokn
[   86s] cycle: systemd -> cryptsetup -> device-mapper
[   86s]   breaking dependency systemd -> cryptsetup
[   86s] cycle: audit -> systemd -> pam
[   86s]   breaking dependency systemd -> pam
[   86s] [1/84] preinstalling dbus...
[   87s] [2/84] preinstalling libffi-devel...
[   88s] [3/84] preinstalling nodejs-source-map...
[   89s] [4/84] preinstalling python3-pip...
[   92s] [5/84] preinstalling python3-setuptools_scm...
[   93s] [6/84] preinstalling filesystem...
[   96s] [7/84] preinstalling glibc...
[   99s] [8/84] preinstalling libgcc...
[  100s] [9/84] preinstalling diffutils...
[  101s] [10/84] preinstalling libcap-ng...
[  102s] [11/84] preinstalling libgpg-error...
[  103s] [12/84] preinstalling libpcap...
[  104s] [13/84] preinstalling libsmartcols...
[  105s] [14/84] preinstalling libuuid...
[  106s] [15/84] preinstalling libxcrypt...
[  107s] [16/84] preinstalling lz4...
[  108s] [17/84] preinstalling m4...
[  108s] [18/84] preinstalling ncurses-libs...
[  109s] [19/84] preinstalling nspr...
[  110s] [20/84] preinstalling xz-libs...
[  111s] [21/84] preinstalling zlib...
[  112s] [22/84] preinstalling attr...
[  113s] [23/84] preinstalling libdb...
[  117s] [24/84] preinstalling zstd...
[  119s] [25/84] preinstalling audit-libs...
[  120s] [26/84] preinstalling file...
[  121s] [27/84] preinstalling iptables-libs...
[  122s] [28/84] preinstalling libacl...
[  123s] [29/84] preinstalling libgcrypt...
[  124s] [30/84] preinstalling openssl-libs...
[  126s] [31/84] preinstalling readline...
[  127s] [32/84] preinstalling ncurses...
[  132s] [33/84] preinstalling cmake...
[  145s] [34/84] preinstalling perl-libs...
[  148s] [35/84] preinstalling pcre2...
[  149s] [36/84] preinstalling perl-Exporter...
[  150s] [37/84] preinstalling pcre...
[  151s] [38/84] preinstalling acl...
[  152s] [39/84] preinstalling sqlite...
[  153s] [40/84] preinstalling libselinux...
[  154s] [41/84] preinstalling perl-Carp...
[  155s] [42/84] preinstalling perl-Digest-MD5...
[  156s] [43/84] preinstalling sed...
[  157s] [44/84] preinstalling coreutils...
[  162s] [45/84] preinstalling bash...
[  164s] [46/84] preinstalling openssl...
[  165s] [47/84] preinstalling dnf...
[  166s] [48/84] preinstalling bzip2...
[  167s] [49/84] preinstalling hostname...
[  168s] [50/84] preinstalling libcap...
[  169s] [51/84] preinstalling popt...
[  170s] [52/84] preinstalling elfutils...
[  172s] [53/84] preinstalling grep...
[  173s] [54/84] preinstalling libblkid...
[  173s] [55/84] preinstalling perl-constant...
[  174s] [56/84] preinstalling tar...
[  176s] [57/84] preinstalling info...
[  177s] [58/84] preinstalling libgcrypt-devel...
[  177s] [59/84] preinstalling lua...
[  178s] [60/84] preinstalling nss...
[  180s] [61/84] preinstalling chkconfig...
[  181s] [62/84] preinstalling copy-jdk-configs...
[  182s] [63/84] preinstalling libfdisk...
[  183s] [64/84] preinstalling libmount...
[  184s] [65/84] preinstalling libsemanage...
[  185s] [66/84] preinstalling nss-util...
[  187s] [67/84] preinstalling findutils...
[  188s] [68/84] preinstalling perl-Getopt-Long...
[  189s] [69/84] preinstalling xz...
[  190s] [70/84] preinstalling perl-Data-Dumper...
[  191s] [71/84] preinstalling systemd-libs...
[  193s] [72/84] preinstalling rpm-libs...
[  194s] [73/84] preinstalling dbus-libs...
[  195s] [74/84] preinstalling nss-softokn...
[  197s] [75/84] preinstalling glib2...
[  202s] [76/84] preinstalling systemd...
[  207s] [77/84] preinstalling audit...
[  208s] [78/84] preinstalling rpm...
[  209s] [79/84] preinstalling openEuler-rpm-config...
[  210s] [80/84] preinstalling pam...
[  212s] [81/84] preinstalling util-linux...
[  216s] [82/84] preinstalling device-mapper...
[  217s] [83/84] preinstalling cryptsetup...
[  219s] [84/84] preinstalling lvm2...
[  223s] 
[  225s] initializing rpm db...
[  238s] reordering...cycle: bash -> coreutils
[  238s]   breaking dependency coreutils -> bash
[  238s] cycle: bash -> coreutils -> info
[  238s]   breaking dependency coreutils -> info
[  238s] cycle: glibc -> basesystem -> filesystem -> bash -> coreutils -> gmp
[  238s]   breaking dependency filesystem -> bash
[  238s] cycle: glibc -> basesystem -> filesystem -> coreutils -> gmp
[  238s]   breaking dependency coreutils -> gmp
[  238s] cycle: glibc -> basesystem -> filesystem -> coreutils
[  238s]   breaking dependency coreutils -> glibc
[  238s] cycle: glibc -> basesystem -> filesystem -> coreutils -> libacl
[  238s]   breaking dependency coreutils -> libacl
[  238s] cycle: glibc -> basesystem -> filesystem -> coreutils -> attr
[  238s]   breaking dependency coreutils -> attr
[  238s] cycle: coreutils -> libcap -> bash
[  238s]   breaking dependency coreutils -> libcap
[  238s] cycle: glibc -> basesystem -> filesystem -> coreutils -> openssl-libs
[  238s]   breaking dependency openssl-libs -> glibc
[  238s] cycle: coreutils -> openssl-libs -> ca-certificates -> bash
[  238s]   breaking dependency ca-certificates -> bash
[  238s] cycle: coreutils -> openssl-libs -> ca-certificates
[  238s]   breaking dependency ca-certificates -> coreutils
[  238s] cycle: coreutils -> openssl-libs -> ca-certificates -> grep -> bash
[  238s]   breaking dependency grep -> bash
[  238s] cycle: coreutils -> openssl-libs -> ca-certificates -> grep
[  238s]   breaking dependency ca-certificates -> grep
[  238s] cycle: glibc -> basesystem -> filesystem -> coreutils -> openssl-libs -> ca-certificates -> p11-kit
[  238s]   breaking dependency p11-kit -> glibc
[  238s] cycle: glibc -> basesystem -> filesystem -> coreutils -> openssl-libs -> ca-certificates -> p11-kit -> libffi
[  238s]   breaking dependency openssl-libs -> ca-certificates
[  238s] cycle: coreutils -> openssl-libs -> crypto-policies -> bash
[  238s]   breaking dependency crypto-policies -> bash
[  238s] cycle: coreutils -> openssl-libs -> crypto-policies
[  238s]   breaking dependency crypto-policies -> coreutils
[  238s] cycle: coreutils -> openssl-libs -> crypto-policies -> grep
[  238s]   breaking dependency grep -> coreutils
[  238s] cycle: glibc -> basesystem -> filesystem -> coreutils -> openssl-libs -> crypto-policies -> grep
[  238s]   breaking dependency glibc -> basesystem
[  238s] cycle: glibc -> glibc-common -> bash -> coreutils -> openssl-libs -> crypto-policies -> grep
[  238s]   breaking dependency glibc-common -> bash
[  238s] cycle: glibc -> glibc-common -> coreutils -> openssl-libs -> crypto-policies -> grep
[  238s]   breaking dependency glibc-common -> coreutils
[  238s] cycle: glibc -> glibc-common
[  238s]   breaking dependency glibc-common -> glibc
[  238s] cycle: glibc -> glibc-common -> libselinux
[  238s]   breaking dependency libselinux -> glibc
[  238s] cycle: glibc -> glibc-common -> libselinux -> pcre2
[  238s]   breaking dependency pcre2 -> glibc
[  238s] cycle: glibc -> glibc-common -> libselinux -> pcre2 -> readline
[  238s]   breaking dependency readline -> glibc
[  238s] cycle: glibc -> glibc-common -> libselinux -> pcre2 -> readline -> ncurses-libs
[  238s]   breaking dependency libselinux -> pcre2
[  238s] cycle: glibc -> glibc-common -> libselinux -> libsepol -> bash -> coreutils -> openssl-libs -> crypto-policies -> grep
[  238s]   breaking dependency bash -> coreutils
[  238s] cycle: glibc -> glibc-common -> libselinux -> libsepol -> bash -> filesystem -> coreutils -> openssl-libs -> crypto-policies -> grep
[  238s]   breaking dependency libsepol -> bash
[  238s] cycle: glibc -> glibc-common -> libselinux -> libsepol -> coreutils -> openssl-libs -> crypto-policies -> grep
[  238s]   breaking dependency coreutils -> openssl-libs
[  238s] cycle: libselinux -> libsepol -> coreutils
[  238s]   breaking dependency libsepol -> coreutils
[  238s] cycle: glibc -> glibc-common -> libselinux -> libsepol
[  238s]   breaking dependency glibc -> glibc-common
[  238s] cycle: glibc -> filesystem -> coreutils -> libselinux -> libsepol
[  238s]   breaking dependency filesystem -> coreutils
[  238s] cycle: filesystem -> setup
[  238s]   breaking dependency filesystem -> setup
[  238s] cycle: systemd -> cryptsetup -> device-mapper
[  238s]   breaking dependency systemd -> cryptsetup
[  238s] cycle: perl-libs -> perl-Carp
[  238s]   breaking dependency perl-libs -> perl-Carp
[  238s] cycle: perl-libs -> perl-Exporter
[  238s]   breaking dependency perl-libs -> perl-Exporter
[  238s] cycle: perl-Carp -> perl-Exporter
[  238s]   breaking dependency perl-Exporter -> perl-Carp
[  238s] cycle: perl -> perl-PathTools
[  238s]   breaking dependency perl -> perl-PathTools
[  238s] cycle: perl -> perl-ExtUtils-MakeMaker
[  238s]   breaking dependency perl -> perl-ExtUtils-MakeMaker
[  238s] cycle: perl -> perl-File-Path -> perl-PathTools
[  238s]   breaking dependency perl -> perl-File-Path
[  238s] cycle: perl -> perl-Getopt-Long -> perl-Pod-Usage
[  238s]   breaking dependency perl -> perl-Getopt-Long
[  238s] cycle: perl -> perl-Locale-Maketext
[  238s]   breaking dependency perl -> perl-Locale-Maketext
[  238s] cycle: perl -> perl-Pod-Simple
[  238s]   breaking dependency perl -> perl-Pod-Simple
[  238s] cycle: perl -> perl-Socket
[  238s]   breaking dependency perl -> perl-Socket
[  238s] cycle: perl -> perl-Storable
[  238s]   breaking dependency perl -> perl-Storable
[  238s] cycle: perl -> perl-Text-Tabs+Wrap
[  238s]   breaking dependency perl -> perl-Text-Tabs+Wrap
[  238s] cycle: perl -> perl-Time-Local -> perl-constant
[  238s]   breaking dependency perl -> perl-Time-Local
[  238s] cycle: perl -> perl-constant
[  238s]   breaking dependency perl -> perl-constant
[  238s] cycle: perl -> perl-threads
[  238s]   breaking dependency perl -> perl-threads
[  238s] cycle: perl -> perl-threads-shared
[  238s]   breaking dependency perl -> perl-threads-shared
[  238s] cycle: perl -> perl-Archive-Tar
[  238s]   breaking dependency perl -> perl-Archive-Tar
[  238s] cycle: perl -> perl-B-Debug
[  238s]   breaking dependency perl -> perl-B-Debug
[  238s] cycle: perl -> perl-CPAN-Meta -> perl-CPAN-Meta-Requirements
[  238s]   breaking dependency perl -> perl-CPAN-Meta
[  238s] cycle: perl -> perl-CPAN-Meta-Requirements
[  238s]   breaking dependency perl -> perl-CPAN-Meta-Requirements
[  238s] cycle: perl -> perl-CPAN-Meta-YAML
[  238s]   breaking dependency perl -> perl-CPAN-Meta-YAML
[  238s] cycle: perl -> perl-Compress-Raw-Bzip2
[  238s]   breaking dependency perl -> perl-Compress-Raw-Bzip2
[  238s] cycle: perl -> perl-Compress-Raw-Zlib
[  238s]   breaking dependency perl -> perl-Compress-Raw-Zlib
[  238s] cycle: perl -> perl-Config-Perl-V
[  238s]   breaking dependency perl -> perl-Config-Perl-V
[  238s] cycle: perl -> perl-DB_File
[  238s]   breaking dependency perl -> perl-DB_File
[  238s] cycle: perl -> perl-Data-Dumper
[  238s]   breaking dependency perl -> perl-Data-Dumper
[  238s] cycle: perl -> perl-Devel-PPPort
[  238s]   breaking dependency perl -> perl-Devel-PPPort
[  238s] cycle: perl -> perl-Digest -> perl-MIME-Base64
[  238s]   breaking dependency perl -> perl-Digest
[  238s] cycle: perl -> perl-Digest-MD5 -> perl-Digest -> perl-MIME-Base64
[  238s]   breaking dependency perl -> perl-Digest-MD5
[  238s] cycle: perl -> perl-Digest-SHA
[  238s]   breaking dependency perl -> perl-Digest-SHA
[  238s] cycle: perl -> perl-Encode
[  238s]   breaking dependency perl -> perl-Encode
[  238s] cycle: perl -> perl-Env
[  238s]   breaking dependency perl -> perl-Env
[  238s] cycle: perl -> perl-ExtUtils-Command
[  238s]   breaking dependency perl -> perl-ExtUtils-Command
[  238s] cycle: perl -> perl-ExtUtils-Install
[  238s]   breaking dependency perl -> perl-ExtUtils-Install
[  238s] cycle: perl -> perl-ExtUtils-Manifest
[  238s]   breaking dependency perl -> perl-ExtUtils-Manifest
[  238s] cycle: perl -> perl-ExtUtils-ParseXS
[  238s]   breaking dependency perl -> perl-ExtUtils-ParseXS
[  238s] cycle: perl -> perl-File-Fetch -> perl-PathTools
[  238s]   breaking dependency perl -> perl-File-Fetch
[  238s] cycle: perl -> perl-File-Temp -> perl-PathTools
[  238s]   breaking dependency perl -> perl-File-Temp
[  238s] cycle: perl -> perl-Filter
[  238s]   breaking dependency perl -> perl-Filter
[  238s] cycle: perl -> perl-Filter-Simple -> perl-Filter
[  238s]   breaking dependency perl -> perl-Filter-Simple
[  238s] cycle: perl -> perl-HTTP-Tiny
[  238s]   breaking dependency perl -> perl-HTTP-Tiny
[  238s] cycle: perl -> perl-IO-Compress
[  238s]   breaking dependency perl -> perl-IO-Compress
[  238s] cycle: perl -> perl-IO-Socket-IP
[  238s]   breaking dependency perl -> perl-IO-Socket-IP
[  238s] cycle: perl -> perl-IPC-Cmd -> perl-ExtUtils-MakeMaker
[  238s]   breaking dependency perl -> perl-IPC-Cmd
[  238s] cycle: perl -> perl-IPC-SysV
[  238s]   breaking dependency perl -> perl-IPC-SysV
[  238s] cycle: perl -> perl-JSON-PP
[  238s]   breaking dependency perl -> perl-JSON-PP
[  238s] cycle: perl -> perl-Locale-Codes -> perl-constant
[  238s]   breaking dependency perl -> perl-Locale-Codes
[  238s] cycle: perl -> perl-MIME-Base64
[  238s]   breaking dependency perl -> perl-MIME-Base64
[  238s] cycle: perl -> perl-Math-BigInt
[  238s]   breaking dependency perl -> perl-Math-BigInt
[  238s] cycle: perl -> perl-Math-BigInt-FastCalc -> perl-Math-BigInt
[  238s]   breaking dependency perl -> perl-Math-BigInt-FastCalc
[  238s] cycle: perl -> perl-Math-BigRat -> perl-Math-BigInt
[  238s]   breaking dependency perl -> perl-Math-BigRat
[  238s] cycle: perl -> perl-Module-CoreList
[  238s]   breaking dependency perl -> perl-Module-CoreList
[  238s] cycle: perl -> perl-Module-Load -> perl-PathTools
[  238s]   breaking dependency perl -> perl-Module-Load
[  238s] cycle: perl -> perl-Module-Load-Conditional
[  238s]   breaking dependency perl -> perl-Module-Load-Conditional
[  238s] cycle: perl -> perl-Module-Metadata
[  238s]   breaking dependency perl -> perl-Module-Metadata
[  238s] cycle: perl -> perl-Params-Check
[  238s]   breaking dependency perl -> perl-Params-Check
[  238s] cycle: perl -> perl-PerlIO-via-QuotedPrint -> perl-MIME-Base64
[  238s]   breaking dependency perl -> perl-PerlIO-via-QuotedPrint
[  238s] cycle: perl -> perl-Pod-Checker
[  238s]   breaking dependency perl -> perl-Pod-Checker
[  238s] cycle: perl -> perl-Pod-Escapes
[  238s]   breaking dependency perl -> perl-Pod-Escapes
[  238s] cycle: perl -> perl-Pod-Parser
[  238s]   breaking dependency perl -> perl-Pod-Parser
[  238s] cycle: perl -> perl-Pod-Perldoc
[  238s]   breaking dependency perl -> perl-Pod-Perldoc
[  238s] cycle: perl -> perl-Pod-Usage
[  238s]   breaking dependency perl -> perl-Pod-Usage
[  238s] cycle: perl -> perl-Sys-Syslog
[  238s]   breaking dependency perl -> perl-Sys-Syslog
[  238s] cycle: perl -> perl-Term-Cap
[  238s]   breaking dependency perl -> perl-Term-Cap
[  238s] cycle: perl -> perl-Test-Harness
[  238s]   breaking dependency perl -> perl-Test-Harness
[  238s] cycle: perl -> perl-Test-Simple
[  238s]   breaking dependency perl -> perl-Test-Simple
[  238s] cycle: perl -> perl-Text-Balanced
[  238s]   breaking dependency perl -> perl-Text-Balanced
[  238s] cycle: perl -> perl-Thread-Queue -> perl-threads-shared
[  238s]   breaking dependency perl -> perl-Thread-Queue
[  238s] cycle: perl -> perl-Unicode-Collate -> perl-PathTools
[  238s]   breaking dependency perl -> perl-Unicode-Collate
[  238s] cycle: perl -> perl-autodie
[  238s]   breaking dependency perl -> perl-autodie
[  238s] cycle: perl -> perl-bignum -> perl-Math-BigInt
[  238s]   breaking dependency perl -> perl-bignum
[  238s] cycle: perl -> perl-devel
[  238s]   breaking dependency perl -> perl-devel
[  238s] cycle: perl -> perl-Encode-devel
[  238s]   breaking dependency perl -> perl-Encode-devel
[  238s] cycle: perl -> perl-experimental
[  238s]   breaking dependency perl -> perl-experimental
[  238s] cycle: perl -> perl-libnet -> perl-Digest-MD5 -> perl-Digest -> perl-MIME-Base64
[  238s]   breaking dependency perl -> perl-libnet
[  238s] cycle: perl -> perl-podlators
[  238s]   breaking dependency perl -> perl-podlators
[  238s] cycle: perl -> perl-version
[  238s]   breaking dependency perl -> perl-version
[  238s] cycle: glib2 -> gamin
[  238s]   breaking dependency glib2 -> gamin
[  238s] cycle: systemd -> gnutls -> unbound-libs -> shadow -> pam -> audit
[  238s]   breaking dependency systemd -> gnutls
[  238s] cycle: systemd -> pam -> audit
[  238s]   breaking dependency systemd -> pam
[  238s] cycle: systemd -> shadow -> pam -> audit
[  238s]   breaking dependency systemd -> shadow
[  238s] cycle: pam -> libpwquality
[  238s]   breaking dependency pam -> libpwquality
[  238s] cycle: perl-Getopt-Long -> perl-Pod-Usage
[  238s]   breaking dependency perl-Pod-Usage -> perl-Getopt-Long
[  238s] cycle: perl-Getopt-Long -> perl-Pod-Usage -> perl-podlators -> perl-Encode
[  238s]   breaking dependency perl-podlators -> perl-Encode
[  238s] cycle: perl-Getopt-Long -> perl-Pod-Usage -> perl-podlators
[  238s]   breaking dependency perl-podlators -> perl-Getopt-Long
[  238s] cycle: perl-Getopt-Long -> perl-Pod-Usage -> perl-podlators -> perl-Pod-Simple -> perl-Encode
[  238s]   breaking dependency perl-Encode -> perl-Getopt-Long
[  238s] cycle: perl-Getopt-Long -> perl-Pod-Usage -> perl-podlators -> perl-Pod-Simple
[  238s]   breaking dependency perl-podlators -> perl-Pod-Simple
[  238s] cycle: perl-Pod-Usage -> perl-podlators
[  238s]   breaking dependency perl-podlators -> perl-Pod-Usage
[  238s] cycle: groff -> perl-Getopt-Long -> perl-Pod-Usage -> perl-Pod-Perldoc
[  238s]   breaking dependency groff -> perl-Getopt-Long
[  238s] cycle: libxcrypt-devel -> glibc-devel
[  238s]   breaking dependency glibc-devel -> libxcrypt-devel
[  238s] cycle: cmake-data -> cmake
[  238s]   breaking dependency cmake -> cmake-data
[  238s] cycle: nss-util -> nss
[  238s]   breaking dependency nss -> nss-util
[  238s] cycle: nss-softokn -> nss-util -> nss
[  238s]   breaking dependency nss -> nss-softokn
[  238s] cycle: perl-Getopt-Long -> perl-Pod-Usage -> perl-Pod-Perldoc -> perl-Pod-Simple
[  238s]   breaking dependency perl-Pod-Perldoc -> perl-Pod-Simple
[  238s] cycle: openssh -> openssh-server
[  238s]   breaking dependency openssh-server -> openssh
[  238s] cycle: git -> perl-Git
[  238s]   breaking dependency git -> perl-Git
[  238s] cycle: perl-ExtUtils-Install -> perl-ExtUtils-MakeMaker
[  238s]   breaking dependency perl-ExtUtils-MakeMaker -> perl-ExtUtils-Install
[  239s] done
[  239s] querying package ids...
[  272s] [1/374] installing cmake-filesystem-3.22.0-1.oe1
[  273s] [2/374] installing fuse-common-3.9.2-5.oe1
[  274s] [3/374] installing kernel-headers-5.10-3.oe1
[  283s] [4/374] installing libreport-filesystem-2.13.1-5.oe1
[  284s] [5/374] installing ncurses-base-6.1-14.oe1
[  287s] [6/374] installing openEuler-gpg-keys-1.0-2.5.oe1
[  288s] [7/374] installing python-setuptools-59.4.0-3.oe1
[  289s] [8/374] installing qt5-srpm-macros-5.15.2-1.oe1
[  290s] [9/374] installing tzdata-2021a-2.oe1
[  297s] [10/374] installing dnf-data-4.10.0-1.oe1
[  300s] [11/374] installing openEuler-repos-1.0-2.5.oe1
[  301s] [12/374] installing openEuler-release-20.03LTS-40.oe1
[  302s] [13/374] installing filesystem-3.9-3.oe1
[  312s] warning: group mail does not exist - using root
[  312s] [14/374] installing emacs-filesystem-1:27.1-5.oe1
[  314s] [15/374] installing libgcc-10.3.1-10.oe1
[  316s] [16/374] installing vim-filesystem-2:8.2-4.oe1
[  317s] [17/374] installing setup-2.13.3-4.oe1
[  319s] [18/374] installing glibc-2.34-74.oe1
[  325s] [19/374] installing brotli-1.0.9-2.oe1
[  327s] [20/374] installing chrpath-0.16-12.oe1
[  328s] [21/374] installing cpio-2.13-4.oe1
[  330s] [22/374] installing diffutils-3.7-4.oe1
[  334s] [23/374] installing expat-2.2.10-1.oe1
[  335s] [24/374] installing gpm-libs-1.20.7-21.oe1
[  336s] [25/374] installing json-c-0.15-1.oe1
[  338s] [26/374] installing keyutils-libs-1.6.3-3.oe1
[  339s] [27/374] installing libICE-1.0.10-2.oe1
[  341s] [28/374] installing libXau-1.0.9-2.oe1
[  342s] [29/374] installing libaio-0.3.112-1.oe1
[  343s] [30/374] installing libargon2-20190702-1.oe1
[  345s] [31/374] installing libatomic-10.3.1-10.oe1
[  348s] [32/374] installing libcap-ng-0.7.11-1.oe1
[  349s] [33/374] installing libev-4.24-11.oe1
[  351s] [34/374] installing libffi-3.3-31.oe1
[  352s] [35/374] installing libgomp-10.3.1-10.oe1
[  353s] [36/374] installing libgpg-error-1.41-1.oe1
[  355s] [37/374] installing libnghttp2-1.42.0-1.oe1
[  356s] [38/374] installing libpcap-14:1.9.1-7.oe1
[  358s] [39/374] installing libpipeline-1.5.3-1.oe1
[  360s] [40/374] installing libsigsegv-2.11-10.oe1
[  361s] [41/374] installing libsmartcols-2.36.1-3.oe1
[  363s] [42/374] installing libtasn1-4.16.0-2.oe1
[  364s] [43/374] installing libtool-ltdl-2.4.6-34.oe1
[  365s] [44/374] installing libunistring-0.9.10-8.oe1
[  369s] [45/374] installing libuuid-2.36.1-3.oe1
[  371s] [46/374] installing libuv-1:1.40.0-1.oe1
[  373s] [47/374] installing libxcrypt-4.4.8-4.oe1
[  374s] [48/374] installing libyaml-0.2.5-1.oe1
[  376s] [49/374] installing lz4-1.9.3-1.oe1
[  377s] [50/374] installing m4-1.4.18-14.oe1
[  379s] [51/374] installing nspr-4.32.0-1.oe1
[  380s] [52/374] installing pkgconf-1.7.3-1.oe1
[  381s] [53/374] installing rhash-1.3.5-5.oe1
[  383s] [54/374] installing which-2.21-14.oe1
[  384s] [55/374] installing xz-libs-5.2.5-1.oe1
[  386s] [56/374] installing zlib-1.2.11-18.oe1
[  388s] [57/374] installing attr-2.4.48-12.oe1
[  389s] [58/374] installing basesystem-12-2.oe1
[  390s] [59/374] installing libstdc++-10.3.1-10.oe1
[  393s] [60/374] installing ncurses-libs-6.1-14.oe1
[  394s] [61/374] installing libsepol-3.1-4.oe1
[  396s] [62/374] installing libstdc++-devel-10.3.1-10.oe1
[  413s] [63/374] installing audit-libs-1:3.0-2.oe1
[  414s] [64/374] installing file-libs-5.39-6.oe1
[  417s] [65/374] installing gmp-1:6.2.1-1.oe1
[  419s] [66/374] installing iptables-libs-1.8.1-4.oe1
[  421s] [67/374] installing less-563-2.oe1
[  422s] [68/374] installing libacl-2.2.53-7.oe1
[  423s] [69/374] installing libassuan-2.5.4-1.oe1
[  424s] [70/374] installing libedit-3.1-27.oe1
[  429s] [71/374] installing libffi-devel-3.3-31.oe1
[  431s] [72/374] installing libgcrypt-1.8.7-1.oe1
[  433s] [73/374] installing libpng-2:1.6.37-1.oe1
[  435s] [74/374] installing libsepol-devel-3.1-4.oe1
[  438s] [75/374] installing libxcb-1.14-1.oe1
[  440s] [76/374] installing readline-8.0-2.oe1
[  442s] [77/374] installing zlib-devel-1.2.11-18.oe1
[  444s] [78/374] installing fuse-2.9.9-6.oe1
[  446s] [79/374] installing gc-8.0.4-2.oe1
[  447s] [80/374] installing libSM-1.2.3-2.oe1
[  449s] [81/374] installing libdb-5.3.28-35.oe1
[  454s] [82/374] installing libselinux-3.1-3.oe1
[  455s] [83/374] installing libxml2-2.9.12-5.oe1
[  458s] [84/374] installing bash-5.1-1.oe1
[  463s] [85/374] installing perl-libs-4:5.28.0-435.oe1
[  469s] [86/374] installing zstd-1.4.8-2.oe1
[  472s] [87/374] installing ncurses-6.1-14.oe1
[  483s] [88/374] installing ninja-build-1.8.2-9.oe1
[  485s] [89/374] installing thin-provisioning-tools-0.8.5-1.oe1
[  487s] [90/374] installing perl-parent-1:0.237-4.oe1
[  488s] [91/374] installing perl-perlfaq-5.20180915-5.oe1
[  490s] [92/374] installing libX11-1.6.9-2.oe1
[  494s] [93/374] installing mpfr-4.1.0-2.oe1
[  496s] [94/374] installing nettle-3.6-6.oe1
[  498s] [95/374] installing pcre2-10.36-1.oe1
[  501s] [96/374] installing perl-Exporter-5.74-1.oe1
[  502s] [97/374] installing file-5.39-6.oe1
[  504s] [98/374] installing gdbm-1:1.18.1-1.oe1
[  506s] [99/374] installing patch-2.7.6-12.oe1
[  507s] [100/374] installing qrencode-4.1.1-1
[  508s] [101/374] installing sed-4.8-2.oe1
[  510s] [102/374] installing acl-2.2.53-7.oe1
[  511s] [103/374] installing libcomps-0.1.15-1.oe1
[  513s] [104/374] installing pcre-8.44-1.oe1
[  515s] [105/374] installing glibc-common-2.34-74.oe1
[  528s] [106/374] installing coreutils-8.31-4.oe1
[  538s] [107/374] installing crontabs-1.11-21.oe1
[  539s] [108/374] installing libXext-1.3.4-2.oe1
[  542s] [109/374] installing libXpm-3.5.12-11.oe1
[  543s] [110/374] installing perl-Carp-1.50-418.oe1
[  545s] [111/374] installing perl-Perl-OSType-1.010-421.oe1
[  546s] [112/374] installing perl-Term-ANSIColor-4.06-511.oe1
[  547s] [113/374] installing publicsuffix-list-20200718-1.oe1
[  549s] [114/374] installing uname-build-checks-1.0-0.4.oe1
[  550s] [115/374] installing bzip2-1.0.8-3.oe1
[  552s] [116/374] installing gzip-1.10-1.oe1
[  555s] [117/374] installing hostname-3.21-2.oe1
[  557s] [118/374] installing libcap-2.32-2.oe1
[  560s] [119/374] installing libmpc-1.2.0-2.oe1
[  563s] [120/374] installing libseccomp-2.4.3-2.oe1
[  566s] [121/374] installing npth-1.5-7.oe1
[  568s] [122/374] installing popt-1.18-1.oe1
[  570s] [123/374] installing sgml-common-0.6.3-51.oe1
[  572s] [124/374] installing grep-3.6-1.oe1
[  577s] [125/374] installing libXt-1.2.0-0.oe1
[  579s] [126/374] installing libblkid-2.36.1-3.oe1
[  583s] [127/374] installing libidn2-2.3.0-1.oe1
[  587s] [128/374] installing libksba-1.3.5-12.oe1
[  590s] [129/374] installing pcre-devel-8.44-1.oe1
[  593s] [130/374] installing pcre2-devel-10.36-1.oe1
[  596s] [131/374] installing tar-2:1.32-3.oe1
[  601s] [132/374] installing tcl-1:8.6.10-3.oe1
[  606s] [133/374] installing elfutils-0.185-5.oe1
[  611s] /usr/lib/systemd/systemd-sysctl: error while loading shared libraries: libkmod.so.2: cannot open shared object file: No such file or directory
[  611s] [134/374] installing info-6.7-2.oe1
[  613s] [135/374] installing jsoncpp-1.9.4-1.oe1
[  615s] [136/374] installing libgpg-error-devel-1.41-1.oe1
[  618s] [137/374] installing lua-5.3.5-6.oe1
[  620s] [138/374] installing slang-2.3.2-8.oe1
[  623s] [139/374] installing gawk-5.1.0-1.oe1
[  625s] [140/374] installing glibc-devel-2.34-74.oe1
[  637s] [141/374] installing libxslt-1.1.32-7.oe1
[  643s] [142/374] installing guile-5:2.0.14-15.oe1
[  652s] [143/374] installing zip-3.0-29.oe1
[  654s] [144/374] installing libfdisk-2.36.1-3.oe1
[  656s] [145/374] installing libxcrypt-devel-4.4.8-4.oe1
[  658s] [146/374] installing newt-0.52.21-4.oe1
[  662s] [147/374] installing perl-Text-ParseWords-3.30-419.oe1
[  663s] [148/374] installing crypto-policies-20180925-3.git71ca85f.oe1
[  671s] [149/374] installing libXmu-1.1.3-1.oe1
[  673s] [150/374] installing libmount-2.36.1-3.oe1
[  675s] [151/374] installing libselinux-devel-3.1-3.oe1
[  678s] [152/374] installing lua-posix-33.3.1-12.oe1
[  681s] [153/374] installing unzip-6.0-47.oe1
[  682s] [154/374] installing cracklib-2.9.7-6.oe1
[  688s] [155/374] installing docbook-dtds-1.0-78.oe1
[  714s] [156/374] installing e2fsprogs-1.45.6-3.oe1
[  718s] [157/374] installing findutils-2:4.7.0-7.oe1
[  722s] [158/374] installing libsemanage-3.1-4.oe1
[  724s] [159/374] installing make-1:4.2.1-15.oe1
[  726s] [160/374] installing sqlite-3.24.0-9.oe1
[  729s] [161/374] installing xz-5.2.5-1.oe1
[  732s] [162/374] installing logrotate-3.15.1-2.oe1
[  733s] [163/374] installing opensp-1.5.2-31.oe1
[  737s] [164/374] installing perl-Scalar-List-Utils-3:1.52-2.oe1
[  740s] [165/374] installing perl-Time-HiRes-1.9760-2.oe1
[  741s] [166/374] installing perl-Unicode-Normalize-1.26-419.oe1
[  744s] [167/374] installing libgcrypt-devel-1.8.7-1.oe1
[  745s] [168/374] installing cpp-10.3.1-10.oe1
[  755s] [169/374] installing gnupg2-2.2.27-2.oe1
[  762s] [170/374] installing systemd-libs-243-22.oe1
[  765s] [171/374] installing dbus-libs-1:1.12.20-3.oe1
[  766s] [172/374] installing p11-kit-0.23.22-1.oe1
[  770s] [173/374] installing procps-ng-3.3.16-15.oe1
[  773s] [174/374] installing copy-jdk-configs-4.0-1.oe1
[  776s] [175/374] installing gpgme-1.15.1-1.oe1
[  778s] [176/374] installing openssl-libs-1:1.1.1f-2.oe1
[  782s] [177/374] installing chkconfig-1.14-2.oe1
[  785s] [178/374] installing docbook-style-xsl-1.79.2-9.oe1
[  799s] [179/374] installing libXaw-1.0.13-13.oe1
[  806s] [180/374] installing openjade-1.3.2-60.oe1
[  812s] [181/374] installing glib2-2.66.8-1.oe1
[  821s] [182/374] installing dbus-tools-1:1.12.20-3.oe1
[  823s] [183/374] installing ima-evm-utils-libs-1.2.1-8.oe1
[  825s] [184/374] installing libevent-2.1.12-4
[  827s] [185/374] installing libcroco-0.6.12-13.oe1
[  829s] [186/374] installing fipscheck-1.5.0-7.oe1
[  832s] [187/374] installing gamin-0.1.10-38.oe1
[  834s] [188/374] installing kmod-libs-27-4.oe1
[  836s] [189/374] installing libsecret-0.18.6-5.oe1
[  839s] [190/374] installing obs-env-1.0-5.oe1
[  848s] [191/374] installing gobject-introspection-1.66.1-1.oe1
[  851s] [192/374] installing kmod-27-4.oe1
[  853s] [193/374] installing binutils-2.37-6.oe1
[  865s] [194/374] installing babeltrace-1.5.8-1.oe1
[  867s] [195/374] installing p11-kit-trust-0.23.22-1.oe1
[  869s] [196/374] installing libarchive-3.5.1-1.oe1
[  872s] [197/374] installing nodejs-libs-1:16.10.0-1.oe1
[  907s] [198/374] installing libverto-0.3.1-2.oe1
[  910s] [199/374] installing ca-certificates-2020.2.46-2.oe1
[  919s] [200/374] installing gettext-0.20.1-2.oe1
[  923s] [201/374] installing gcc-10.3.1-10.oe1
[  947s] [202/374] installing rpm-libs-4.15.1-25.oe1
[  950s] [203/374] installing python-pip-wheel-19.2.3-2.fc32
[  951s] [204/374] installing libmodulemd-2.13.0-1.oe1
[  953s] [205/374] installing gcc-c++-10.3.1-10.oe1
[  966s] [206/374] installing krb5-libs-1.18.2-3.oe1
[  969s] [207/374] installing libtirpc-1.3.1-1.oe1
[  971s] [208/374] installing cyrus-sasl-lib-2.1.27-10.oe1
[  973s] [209/374] installing libssh-0.9.5-1.oe1
[  975s] [210/374] installing elinks-0.12-1.oe1
[  979s] [211/374] installing openldap-2.4.46-15.oe1
[  981s] [212/374] installing libnsl2-1.3.0-2.oe1
[  983s] [213/374] installing python3-3.8.5-13.oe1
[ 1016s] [214/374] installing python3-colorama-0.4.1-4.fc32
[ 1019s] [215/374] installing python3-parameterized-0.6.1-9.fc32
[ 1021s] [216/374] installing python3-pyparsing-2.4.5-1.fc32
[ 1023s] [217/374] installing python3-setuptools-59.4.0-3.oe1
[ 1028s] [218/374] installing python3-setuptools_scm-3.3.3-6.fc32
[ 1030s] [219/374] installing python3-six-1.16.0-2.oe1
[ 1032s] [220/374] installing python3-markupsafe-1.1.1-4.fc32
[ 1034s] [221/374] installing python3-gpgme-1.15.1-1.oe1
[ 1037s] [222/374] installing python3-lxml-4.4.1-3.fc32
[ 1041s] [223/374] installing python3-libcomps-0.1.15-1.oe1
[ 1044s] [224/374] installing libpsl-0.21.1-1.oe1
[ 1046s] [225/374] installing gdb-headless-9.2-5.oe1
[ 1055s] [226/374] installing python3-anytree-2.7.2-2.fc32
[ 1058s] [227/374] installing python3-pygments-2.4.2-6.fc32
[ 1065s] [228/374] installing systemtap-sdt-devel-4.1-3.oe1
[ 1067s] [229/374] installing gdb-9.2-5.oe1
[ 1069s] [230/374] installing meson-0.59.4-1.oe1
[ 1076s] [231/374] installing python3-mako-1.1.0-4.fc32
[ 1080s] [232/374] installing python3-pip-19.2.3-2.fc32
[ 1089s] [233/374] installing libcurl-7.79.1-1.oe1
[ 1092s] [234/374] installing curl-7.79.1-1.oe1
[ 1093s] [235/374] installing librepo-1.14.2-2.oe1
[ 1095s] [236/374] installing rpm-4.15.1-25.oe1
[ 1099s] [237/374] installing efi-srpm-macros-4-3.oe1
[ 1101s] [238/374] installing cmake-rpm-macros-3.22.0-1.oe1
[ 1103s] [239/374] installing libsolv-0.7.20-1.oe1
[ 1105s] [240/374] installing python3-rpm-4.15.1-25.oe1
[ 1107s] [241/374] installing openEuler-rpm-config-30-22.oe1
[ 1109s] [242/374] installing cmake-3.22.0-1.oe1
[ 1125s] [243/374] installing libdnf-0.65.0-2.oe1
[ 1128s] [244/374] installing cmake-data-3.22.0-1.oe1
[ 1148s] [245/374] installing python3-libdnf-0.65.0-2.oe1
[ 1152s] [246/374] installing perl-4:5.28.0-435.oe1
[ 1162s] [247/374] installing perl-B-Debug-1.26-4.oe1
[ 1163s] [248/374] installing perl-Env-1.04-397.oe1
[ 1164s] [249/374] installing perl-Devel-PPPort-3.42-4.oe1
[ 1166s] [250/374] installing perl-Pod-Escapes-1:1.07-419.oe1
[ 1167s] [251/374] installing perl-Text-Tabs+Wrap-2013.0523-419.oe1
[ 1168s] [252/374] installing perl-Algorithm-Diff-1.1903-14.oe1
[ 1172s] [253/374] installing perl-Params-Check-1:0.38-418.oe1
[ 1174s] [254/374] installing perl-Term-Cap-1.17-510.oe1
[ 1175s] [255/374] installing perl-TermReadKey-2.38-2.oe1
[ 1178s] [256/374] installing perl-Text-Balanced-2.03-420.oe1
[ 1179s] [257/374] installing perl-threads-1:2.22-419.oe1
[ 1182s] [258/374] installing openssl-1:1.1.1f-2.oe1
[ 1187s] [259/374] installing perl-Config-Perl-V-0.30-5.oe1
[ 1189s] [260/374] installing perl-Error-1:0.17029-1.oe1
[ 1190s] [261/374] installing perl-Filter-2:1.59-2.oe1
[ 1193s] [262/374] installing perl-IPC-SysV-2.07-5.oe1
[ 1196s] [263/374] installing perl-Locale-Maketext-1:1.28-1.oe1
[ 1198s] [264/374] installing perl-SGMLSpm-1.03ii-45.oe1
[ 1199s] [265/374] installing perl-constant-1.33-421.oe1
[ 1201s] [266/374] installing docbook-style-dsssl-1.79-27.oe1
[ 1210s] [267/374] installing perl-MIME-Base64-3.15-418.oe1
[ 1212s] [268/374] installing perl-CPAN-Meta-YAML-0.018-420.oe1
[ 1214s] [269/374] installing perl-Socket-4:2.029-2.oe1
[ 1216s] [270/374] installing perl-Storable-1:3.15-2.oe1
[ 1218s] [271/374] installing python3-hawkey-0.65.0-2.oe1
[ 1221s] [272/374] installing perl-PerlIO-via-QuotedPrint-0.08-397.oe1
[ 1222s] [273/374] installing perl-Digest-1.17-419.oe1
[ 1224s] [274/374] installing perl-Filter-Simple-1:0.94-1.oe1
[ 1225s] [275/374] installing perl-IO-Socket-IP-0.39-420.oe1
[ 1226s] [276/374] installing perl-Text-Diff-1.45-7.oe1
[ 1229s] [277/374] installing perl-Time-Local-2:1.280-6.oe1
[ 1231s] [278/374] installing perl-version-8:0.99.24-3.oe1
[ 1233s] [279/374] installing perl-IPC-System-Simple-1.25-19.oe1
[ 1235s] [280/374] installing perl-threads-shared-1.59-2.oe1
[ 1238s] [281/374] installing perl-Compress-Raw-Bzip2-2.100-1.oe1
[ 1241s] [282/374] installing perl-Compress-Raw-Zlib-1:2.100-1.oe1
[ 1243s] [283/374] installing perl-Locale-Codes-3.58-2.oe1
[ 1246s] [284/374] installing perl-Math-BigInt-1:1.9998.13-5.oe1
[ 1249s] [285/374] installing perl-PathTools-3.75-4.oe1
[ 1250s] [286/374] installing python3-dnf-4.10.0-1.oe1
[ 1254s] [287/374] installing perl-Data-Dumper-2.172-3.oe1
[ 1256s] [288/374] installing perl-Sys-Syslog-0.35-420.oe1
[ 1258s] [289/374] installing perl-Encode-4:2.98-9.oe1
[ 1265s] [290/374] installing autogen-5.18.16-1.oe1
[ 1269s] [291/374] installing nodejs-1:16.10.0-1.oe1
[ 1274s] [292/374] installing systemd-243-22.oe1
[ 1295s] /var/tmp/rpm-tmp.fldCqU: line 8: groupadd: command not found
[ 1295s] /var/tmp/rpm-tmp.fldCqU: line 10: groupadd: command not found
[ 1295s] /var/tmp/rpm-tmp.fldCqU: line 13: groupadd: command not found
[ 1295s] /var/tmp/rpm-tmp.fldCqU: line 16: groupadd: command not found
[ 1295s] [293/374] installing dbus-common-1:1.12.20-3.oe1
[ 1297s] [294/374] installing nodejs-source-map-0.5.6-1.oe1
[ 1301s] [295/374] installing perl-Module-Load-1:0.32-418.oe1
[ 1303s] [296/374] installing nodejs-packaging-20-1.oe1
[ 1306s] [297/374] installing dnf-4.10.0-1.oe1
[ 1311s] Failed to preset unit, unit dnf-automatic.timer does not exist.
[ 1311s] Failed to preset unit, unit dnf-automatic-notifyonly.timer does not exist.
[ 1311s] Failed to preset unit, unit dnf-automatic-download.timer does not exist.
[ 1311s] Failed to preset unit, unit dnf-automatic-install.timer does not exist.
[ 1311s] [298/374] installing perl-File-Which-1.23-1.oe1
[ 1314s] [299/374] installing perl-Thread-Queue-3.13-3.oe1
[ 1316s] [300/374] installing perl-experimental-0.020-2.oe1
[ 1318s] [301/374] installing perl-Digest-MD5-2.55-419.oe1
[ 1321s] [302/374] installing perl-File-Path-2.16-4.oe1
[ 1323s] [303/374] installing perl-Math-BigInt-FastCalc-0.500.700-4.oe1
[ 1328s] [304/374] installing perl-Module-Metadata-1.000036-3.oe1
[ 1329s] [305/374] installing perl-CPAN-Meta-Requirements-2.140-419.oe1
[ 1332s] [306/374] installing perl-Encode-devel-4:2.98-9.oe1
[ 1335s] [307/374] installing perl-HTTP-Tiny-0.076-3.oe1
[ 1337s] [308/374] installing perl-Math-BigRat-0.2614-2.oe1
[ 1339s] [309/374] installing audit-1:3.0-2.oe1
[ 1352s] [310/374] installing perl-DB_File-1.842-2.oe1
[ 1355s] [311/374] installing perl-autodie-2.29-398.oe1
[ 1357s] [312/374] installing perl-Unicode-Collate-1.25-4.oe1
[ 1363s] [313/374] installing perl-IO-Compress-2.081-6.oe1
[ 1366s] [314/374] installing perl-podlators-1:4.14-1.oe1
[ 1368s] [315/374] installing perl-ExtUtils-Command-1:7.60-1.oe1
[ 1370s] [316/374] installing perl-ExtUtils-Manifest-1:1.71-4.oe1
[ 1375s] [317/374] installing perl-bignum-0.50-4.oe1
[ 1377s] [318/374] installing perl-File-Temp-1:0.230.800-4.oe1
[ 1383s] [319/374] installing perl-libnet-3.11-420.oe1
[ 1386s] [320/374] installing pam-1.5.1-1.oe1
[ 1393s] [321/374] installing libpwquality-1.4.4-1.oe1
[ 1398s] [322/374] installing perl-File-HomeDir-1.004-4.oe1
[ 1400s] [323/374] installing shadow-2:4.8.1-5.oe1
[ 1404s] [324/374] installing perl-Test-Simple-2:1.302175-2.oe1
[ 1407s] [325/374] installing libutempter-1.1.6-16.oe1
[ 1410s] [326/374] installing unbound-libs-1.10.1-4.oe1
[ 1416s] [327/374] installing dbus-daemon-1:1.12.20-3.oe1
[ 1424s] [328/374] installing openssh-server-8.2p1-10.oe1
[ 1429s] Created symlink /etc/systemd/system/multi-user.target.wants/sshd.service -> /usr/lib/systemd/system/sshd.service.
[ 1429s] [329/374] installing groff-1.22.4-4.oe1
[ 1436s] [330/374] installing dbus-1:1.12.20-3.oe1
[ 1439s] [331/374] installing man-db-2.9.3-2.oe1
[ 1445s] [332/374] installing perl-Pod-Perldoc-1:3.28-3.oe1
[ 1447s] [333/374] installing gnutls-3.6.15-3.oe1
[ 1450s] [334/374] installing util-linux-2.36.1-3.oe1
[ 1460s] [335/374] installing nss-help-3.72.0-2.oe1
[ 1463s] [336/374] installing util-linux-devel-2.36.1-3.oe1
[ 1464s] [337/374] installing perl-Pod-Usage-4:1.69-418.oe1
[ 1466s] [338/374] installing device-mapper-8:1.02.172-1.oe1
[ 1473s] [339/374] installing openssh-8.2p1-10.oe1
[ 1476s] [340/374] installing perl-Getopt-Long-1:2.52-1.oe1
[ 1479s] [341/374] installing cryptsetup-2.3.3-3.oe1
[ 1483s] [342/374] installing device-mapper-event-8:1.02.172-1.oe1
[ 1485s] Created symlink /etc/systemd/system/sockets.target.wants/dm-event.socket -> /usr/lib/systemd/system/dm-event.socket.
[ 1486s] [343/374] installing nss-3.72.0-2.oe1
[ 1497s] [344/374] installing glib2-devel-2.66.8-1.oe1
[ 1521s] [345/374] installing openssh-clients-8.2p1-10.oe1
[ 1524s] [346/374] installing nss-util-3.72.0-2.oe1
[ 1527s] [347/374] installing perl-ExtUtils-ParseXS-2:3.35-1.oe1
[ 1529s] [348/374] installing perl-Module-CoreList-1:5.20180920-2.oe1
[ 1530s] [349/374] installing perl-Digest-SHA-1:6.02-7.oe1
[ 1533s] [350/374] installing perl-Pod-Parser-1.63-397.oe1
[ 1534s] [351/374] installing perl-Pod-Simple-1:3.35-418.oe1
[ 1537s] [352/374] installing perl-Test-Harness-1:3.43_02-1.oe1
[ 1540s] [353/374] installing docbook-utils-0.6.14-47.oe1
[ 1542s] [354/374] installing perl-Archive-Tar-2.30-421.oe1
[ 1544s] [355/374] installing perl-JSON-PP-1:4.04-2.oe1
[ 1546s] [356/374] installing lvm2-8:2.03.11-1.oe1
[ 1554s] Created symlink /etc/systemd/system/sysinit.target.wants/lvm2-lvmpolld.socket -> /usr/lib/systemd/system/lvm2-lvmpolld.socket.
[ 1554s] [357/374] installing autoconf-2.69-30.oe1
[ 1557s] [358/374] installing git-2.23.0-12.oe1
[ 1570s] [359/374] installing nss-softokn-3.72.0-2.oe1
[ 1574s] [360/374] installing perl-Pod-Checker-4:1.73-398.oe1
[ 1575s] [361/374] installing perl-Git-2.23.0-12.oe1
[ 1576s] [362/374] installing gtk-doc-1.33.2-1.oe1
[ 1583s] [363/374] installing perl-CPAN-Meta-2.150010-419.oe1
[ 1586s] [364/374] installing perl-Module-Load-Conditional-0.68-418.oe1
[ 1588s] [365/374] installing automake-1.16.1-6.oe1
[ 1595s] [366/374] installing perl-ExtUtils-MakeMaker-1:7.60-1.oe1
[ 1598s] [367/374] installing libtool-2.4.6-34.oe1
[ 1600s] [368/374] installing perl-ExtUtils-Install-2.14-419.oe1
[ 1603s] [369/374] installing perl-IPC-Cmd-2:1.04-4.oe1
[ 1604s] [370/374] installing rpm-build-4.15.1-25.oe1
[ 1607s] [371/374] installing gcc_secure-1.0-0.9.oe1
[ 1609s] [372/374] installing gobject-introspection-devel-1.66.1-1.oe1
[ 1616s] [373/374] installing perl-File-Fetch-0.56-4.oe1
[ 1618s] [374/374] installing perl-devel-4:5.28.0-435.oe1
[ 1632s] removing nis flags from /var/cache/obs/worker/root_3/etc/nsswitch.conf...
[ 1632s] now finalizing build dir...
[ 1644s] Running build time source services...
[ 1662s] -----------------------------------------------------------------
[ 1662s] I have the following modifications for json-glib.spec:
[ 1662s] 11c11
[ 1662s] < BuildRequires:  gobject-introspection-devel meson libxslt /usr/bin/xsltproc
[ 1662s] ---
[ 1662s] > BuildRequires:  gobject-introspection-devel meson libxslt
[ 1662s] -----------------------------------------------------------------
[ 1662s] ----- building json-glib.spec (user abuild)
[ 1662s] -----------------------------------------------------------------
[ 1662s] -----------------------------------------------------------------
[ 1670s] + exec rpmbuild -ba --define '_srcdefattr (-,root,root)' --nosignature --define 'disturl obs://private/openEuler:Mainline:RISC-V/advanced_riscv64/6010ba5b0b691b205124bb24aca667ce-json-glib' /home/abuild/rpmbuild/SOURCES/json-glib.spec
[ 1670s] warning: line 24: It's not recommended to have unversioned Obsoletes: Obsoletes:      json-glib-tests
[ 1671s] Executing(%prep): /bin/sh -e /var/tmp/rpm-tmp.fVEnva
[ 1671s] + umask 022
[ 1671s] + cd /home/abuild/rpmbuild/BUILD
[ 1671s] + cd /home/abuild/rpmbuild/BUILD
[ 1671s] + rm -rf json-glib-1.6.2
[ 1671s] + /usr/bin/tar -xof -
[ 1671s] + /usr/bin/xz -dc /home/abuild/rpmbuild/SOURCES/json-glib-1.6.2.tar.xz
[ 1672s] + STATUS=0
[ 1672s] + '[' 0 -ne 0 ']'
[ 1672s] + cd json-glib-1.6.2
[ 1672s] + /usr/bin/chmod -Rf a+rX,u+w,g-w,o-w .
[ 1672s] + RPM_EC=0
[ 1672s] ++ jobs -p
[ 1672s] + exit 0
[ 1672s] Executing(%build): /bin/sh -e /var/tmp/rpm-tmp.FyhKHk
[ 1672s] + umask 022
[ 1672s] + cd /home/abuild/rpmbuild/BUILD
[ 1672s] + cd json-glib-1.6.2
[ 1672s] + CFLAGS='-O2 -g -pipe -Wall -Werror=format-security -Wp,-D_FORTIFY_SOURCE=2 -Wp,-D_GLIBCXX_ASSERTIONS -fstack-protector-strong -grecord-gcc-switches -specs=/usr/lib/rpm/generic-hardened-cc1 -fasynchronous-unwind-tables -fstack-clash-protection'
[ 1672s] + export CFLAGS
[ 1672s] + CXXFLAGS='-O2 -g -pipe -Wall -Werror=format-security -Wp,-D_FORTIFY_SOURCE=2 -Wp,-D_GLIBCXX_ASSERTIONS -fstack-protector-strong -grecord-gcc-switches -specs=/usr/lib/rpm/generic-hardened-cc1 -fasynchronous-unwind-tables -fstack-clash-protection -fexceptions'
[ 1672s] + export CXXFLAGS
[ 1672s] + FFLAGS='-O2 -g -pipe -Wall -Werror=format-security -Wp,-D_FORTIFY_SOURCE=2 -Wp,-D_GLIBCXX_ASSERTIONS -fstack-protector-strong -grecord-gcc-switches -specs=/usr/lib/rpm/generic-hardened-cc1 -fasynchronous-unwind-tables -fstack-clash-protection -fexceptions -I/usr/lib64/gfortran/modules'
[ 1672s] + export FFLAGS
[ 1672s] + FCFLAGS='-O2 -g -pipe -Wall -Werror=format-security -Wp,-D_FORTIFY_SOURCE=2 -Wp,-D_GLIBCXX_ASSERTIONS -fstack-protector-strong -grecord-gcc-switches -specs=/usr/lib/rpm/generic-hardened-cc1 -fasynchronous-unwind-tables -fstack-clash-protection -fexceptions -I/usr/lib64/gfortran/modules'
[ 1672s] + export FCFLAGS
[ 1672s] + LDFLAGS='-Wl,-z,relro   -Wl,-z,now -specs=/usr/lib/rpm/generic-hardened-ld'
[ 1672s] + export LDFLAGS
[ 1672s] + /usr/bin/meson --buildtype=plain --prefix=/usr --libdir=/usr/lib64 --libexecdir=/usr/libexec --bindir=/usr/bin --sbindir=/usr/sbin --includedir=/usr/include --datadir=/usr/share --mandir=/usr/share/man --infodir=/usr/share/info --localedir=/usr/share/locale --sysconfdir=/etc --localstatedir=/var --sharedstatedir=/var/lib --wrap-mode=nodownload --auto-features=enabled . riscv64-openEuler-linux-gnu -Ddocs=true -Dman=true
[ 1775s] The Meson build system
[ 1775s] Version: 0.59.4
[ 1775s] Source dir: /home/abuild/rpmbuild/BUILD/json-glib-1.6.2
[ 1775s] Build dir: /home/abuild/rpmbuild/BUILD/json-glib-1.6.2/riscv64-openEuler-linux-gnu
[ 1775s] Build type: native build
[ 1775s] WARNING: Unknown options: "docs"
[ 1775s] The value of new options can be set with:
[ 1775s] meson setup <builddir> --reconfigure -Dnew_option=new_value ...
[ 1775s] Project name: json-glib
[ 1775s] Project version: 1.6.2
[ 1775s] C compiler for the host machine: cc (gcc 10.3.1 "gcc_old (GCC) 10.3.1")
[ 1775s] C linker for the host machine: cc ld.bfd 2.37
[ 1775s] Host machine cpu family: riscv64
[ 1775s] Host machine cpu: riscv64
[ 1775s] Found pkg-config: /usr/bin/pkg-config (1.7.3)
[ 1775s] Run-time dependency gio-2.0 found: YES 2.66.8
[ 1775s] Has header "unistd.h" : YES 
[ 1775s] Compiler for C supports arguments -Wcast-align: YES 
[ 1775s] Compiler for C supports arguments -Wlogical-op: YES 
[ 1775s] Compiler for C supports arguments -Wmissing-declarations: YES 
[ 1775s] Compiler for C supports arguments -Wmissing-format-attribute: YES 
[ 1775s] Compiler for C supports arguments -Wmissing-prototypes: YES 
[ 1775s] Compiler for C supports arguments -Wmissing-noreturn: YES 
[ 1775s] Compiler for C supports arguments -Wold-style-definition: YES 
[ 1775s] Compiler for C supports arguments -Wpointer-arith: YES 
[ 1775s] Compiler for C supports arguments -Wshadow: YES 
[ 1775s] Compiler for C supports arguments -Wstrict-prototypes: YES 
[ 1775s] Compiler for C supports arguments -Wunused: YES 
[ 1775s] Compiler for C supports arguments -Wno-discarded-qualifiers: YES 
[ 1775s] Compiler for C supports arguments -Wno-int-conversion: YES 
[ 1775s] Compiler for C supports arguments -fno-strict-aliasing: YES 
[ 1775s] Compiler for C supports arguments -Wno-uninitialized: YES 
[ 1775s] Compiler for C supports arguments -Werror=address: YES 
[ 1775s] Compiler for C supports arguments -Werror=array-bounds: YES 
[ 1775s] Compiler for C supports arguments -Werror=empty-body: YES 
[ 1775s] Compiler for C supports arguments -Werror=format=2: YES 
[ 1775s] Compiler for C supports arguments -Werror=implicit: YES 
[ 1775s] Compiler for C supports arguments -Werror=init-self: YES 
[ 1775s] Compiler for C supports arguments -Werror=int-to-pointer-cast: YES 
[ 1775s] Compiler for C supports arguments -Werror=main: YES 
[ 1775s] Compiler for C supports arguments -Werror=missing-braces: YES 
[ 1775s] Compiler for C supports arguments -Werror=nested-externs: YES 
[ 1775s] Compiler for C supports arguments -Werror=nonnull: YES 
[ 1775s] Compiler for C supports arguments -Werror=pointer-to-int-cast: YES 
[ 1775s] Compiler for C supports arguments -Werror=return-type: YES 
[ 1775s] Compiler for C supports arguments -Werror=sequence-point: YES 
[ 1775s] Compiler for C supports arguments -Werror=trigraphs: YES 
[ 1775s] Compiler for C supports arguments -Werror=undef: YES 
[ 1775s] Compiler for C supports arguments -Werror=write-strings: YES 
[ 1775s] Compiler for C supports arguments -fvisibility=hidden: YES 
[ 1775s] Compiler for C supports link arguments -Wl,-Bsymbolic: YES 
[ 1775s] Compiler for C supports link arguments -Wl,-z,relro: YES 
[ 1775s] Compiler for C supports link arguments -Wl,-z,now: YES 
[ 1775s] Compiler for C supports link arguments -Wl,--default-symver: YES 
[ 1775s] Program python3 found: YES (/usr/bin/python3)
[ 1775s] Configuring config.h using configuration
[ 1775s] Program glib-mkenums found: YES (/usr/bin/glib-mkenums)
[ 1775s] Configuring json-version.h using configuration
[ 1775s] Program g-ir-scanner found: YES (/usr/bin/g-ir-scanner)
[ 1775s] Run-time dependency gobject-introspection-1.0 found: YES 1.66.1
[ 1775s] Dependency gobject-introspection-1.0 found: YES 1.66.1 (cached)
[ 1775s] Program g-ir-scanner found: YES (/usr/bin/g-ir-scanner)
[ 1775s] Dependency gobject-introspection-1.0 found: YES 1.66.1 (cached)
[ 1775s] Program g-ir-compiler found: YES (/usr/bin/g-ir-compiler)
[ 1775s] Program gtkdoc-scan found: YES (/usr/bin/gtkdoc-scan)
[ 1775s] Configuring gtkdocentities.ent using configuration
[ 1775s] Run-time dependency glib-2.0 found: YES 2.66.8
[ 1775s] Program gtkdoc-scan found: YES (/usr/bin/gtkdoc-scan)
[ 1775s] Program gtkdoc-scangobj found: YES (/usr/bin/gtkdoc-scangobj)
[ 1775s] Program gtkdoc-mkdb found: YES (/usr/bin/gtkdoc-mkdb)
[ 1775s] Program gtkdoc-mkhtml found: YES (/usr/bin/gtkdoc-mkhtml)
[ 1775s] Program gtkdoc-fixxref found: YES (/usr/bin/gtkdoc-fixxref)
[ 1775s] Program xsltproc found: YES (/usr/bin/xsltproc)
[ 1775s] Build targets in project: 42
[ 1775s] 
[ 1775s] Option buildtype is: plain [default: debugoptimized]
[ 1775s] Found ninja-1.8.2 at /usr/bin/ninja
[ 1776s] + /usr/bin/meson compile -C riscv64-openEuler-linux-gnu -j 8 --verbose
[ 1783s] ninja: Entering directory `riscv64-openEuler-linux-gnu'
[ 1785s] [1/71] /usr/bin/python3 ../build-aux/gen-installed-test.py --testdir=/usr/libexec/installed-tests/json-glib-1.0 --testname=array --outdir=json-glib/tests --outfile=array.test
[ 1785s] [2/71] /usr/bin/python3 ../build-aux/gen-installed-test.py --testdir=/usr/libexec/installed-tests/json-glib-1.0 --testname=boxed --outdir=json-glib/tests --outfile=boxed.test
[ 1785s] [3/71] /usr/bin/python3 ../build-aux/gen-installed-test.py --testdir=/usr/libexec/installed-tests/json-glib-1.0 --testname=builder --outdir=json-glib/tests --outfile=builder.test
[ 1785s] [4/71] /usr/bin/python3 ../build-aux/gen-installed-test.py --testdir=/usr/libexec/installed-tests/json-glib-1.0 --testname=node --outdir=json-glib/tests --outfile=node.test
[ 1786s] [5/71] /usr/bin/python3 ../build-aux/gen-installed-test.py --testdir=/usr/libexec/installed-tests/json-glib-1.0 --testname=gvariant --outdir=json-glib/tests --outfile=gvariant.test
[ 1786s] [6/71] /usr/bin/python3 ../build-aux/gen-installed-test.py --testdir=/usr/libexec/installed-tests/json-glib-1.0 --testname=generator --outdir=json-glib/tests --outfile=generator.test
[ 1786s] [7/71] /usr/bin/python3 ../build-aux/gen-installed-test.py --testdir=/usr/libexec/installed-tests/json-glib-1.0 --testname=invalid --outdir=json-glib/tests --outfile=invalid.test
[ 1787s] [8/71] /usr/bin/python3 ../build-aux/gen-installed-test.py --testdir=/usr/libexec/installed-tests/json-glib-1.0 --testname=reader --outdir=json-glib/tests --outfile=reader.test
[ 1788s] [9/71] /usr/bin/python3 ../build-aux/gen-installed-test.py --testdir=/usr/libexec/installed-tests/json-glib-1.0 --testname=path --outdir=json-glib/tests --outfile=path.test
[ 1788s] [10/71] /usr/bin/python3 ../build-aux/gen-installed-test.py --testdir=/usr/libexec/installed-tests/json-glib-1.0 --testname=object --outdir=json-glib/tests --outfile=object.test
[ 1788s] [11/71] /usr/bin/python3 ../build-aux/gen-installed-test.py --testdir=/usr/libexec/installed-tests/json-glib-1.0 --testname=serialize-simple --outdir=json-glib/tests --outfile=serialize-simple.test
[ 1788s] [12/71] /usr/bin/python3 ../build-aux/gen-installed-test.py --testdir=/usr/libexec/installed-tests/json-glib-1.0 --testname=parser --outdir=json-glib/tests --outfile=parser.test
[ 1788s] [13/71] /usr/bin/python3 ../build-aux/gen-installed-test.py --testdir=/usr/libexec/installed-tests/json-glib-1.0 --testname=serialize-complex --outdir=json-glib/tests --outfile=serialize-complex.test
[ 1788s] [14/71] /usr/bin/python3 ../build-aux/gen-installed-test.py --testdir=/usr/libexec/installed-tests/json-glib-1.0 --testname=serialize-full --outdir=json-glib/tests --outfile=serialize-full.test
[ 1793s] [15/71] /usr/bin/xsltproc --nonet --stringparam man.output.quietly 1 --stringparam funcsynopsis.style ansi --stringparam man.th.extra1.suppress 1 --stringparam man.authors.section.enabled 1 --stringparam man.copyright.section.enabled 1 -o doc/json-glib-validate.1 http://docbook.sourceforge.net/release/xsl/current/manpages/docbook.xsl ../doc/json-glib-validate.xml
[ 1793s] [16/71] /usr/bin/xsltproc --nonet --stringparam man.output.quietly 1 --stringparam funcsynopsis.style ansi --stringparam man.th.extra1.suppress 1 --stringparam man.authors.section.enabled 1 --stringparam man.copyright.section.enabled 1 -o doc/json-glib-format.1 http://docbook.sourceforge.net/release/xsl/current/manpages/docbook.xsl ../doc/json-glib-format.xml
[ 1797s] [17/71] /usr/bin/meson --internal exe --capture json-glib/json-enum-types.h -- /usr/bin/glib-mkenums --template /home/abuild/rpmbuild/BUILD/json-glib-1.6.2/riscv64-openEuler-linux-gnu/../json-glib/json-enum-types.h.in /home/abuild/rpmbuild/BUILD/json-glib-1.6.2/riscv64-openEuler-linux-gnu/../json-glib/json-builder.h /home/abuild/rpmbuild/BUILD/json-glib-1.6.2/riscv64-openEuler-linux-gnu/../json-glib/json-generator.h /home/abuild/rpmbuild/BUILD/json-glib-1.6.2/riscv64-openEuler-linux-gnu/../json-glib/json-gobject.h /home/abuild/rpmbuild/BUILD/json-glib-1.6.2/riscv64-openEuler-linux-gnu/../json-glib/json-gvariant.h /home/abuild/rpmbuild/BUILD/json-glib-1.6.2/riscv64-openEuler-linux-gnu/../json-glib/json-parser.h /home/abuild/rpmbuild/BUILD/json-glib-1.6.2/riscv64-openEuler-linux-gnu/../json-glib/json-path.h /home/abuild/rpmbuild/BUILD/json-glib-1.6.2/riscv64-openEuler-linux-gnu/../json-glib/json-reader.h /home/abuild/rpmbuild/BUILD/json-glib-1.6.2/riscv64-openEuler-linux-gnu/../json-glib/json-types.h /home/abuild/rpmbuild/BUILD/json-glib-1.6.2/riscv64-openEuler-linux-gnu/../json-glib/json-utils.h /home/abuild/rpmbuild/BUILD/json-glib-1.6.2/riscv64-openEuler-linux-gnu/../json-glib/json-version-macros.h
[ 1803s] [18/71] cc -Ijson-glib/libjson-glib-1.0.so.0.600.2.p -Ijson-glib -I../json-glib -I. -I.. -I/usr/include/glib-2.0 -I/usr/lib64/glib-2.0/include -I/usr/include/libmount -I/usr/include/blkid -fdiagnostics-color=always -D_FILE_OFFSET_BITS=64 -Wall -Winvalid-pch -std=c99 -O2 -g -pipe -Wall -Werror=format-security -Wp,-D_FORTIFY_SOURCE=2 -Wp,-D_GLIBCXX_ASSERTIONS -fstack-protector-strong -grecord-gcc-switches -specs=/usr/lib/rpm/generic-hardened-cc1 -fasynchronous-unwind-tables -fstack-clash-protection -fPIC -pthread '-DG_LOG_DOMAIN="Json"' -DG_LOG_USE_STRUCTURED=1 -DJSON_COMPILATION '-DJSON_LOCALEDIR="/usr/share/locale"' -Wcast-align -Wlogical-op -Wmissing-declarations -Wmissing-format-attribute -Wmissing-prototypes -Wmissing-noreturn -Wold-style-definition -Wpointer-arith -Wshadow -Wstrict-prototypes -Wunused -Wno-discarded-qualifiers -Wno-int-conversion -fno-strict-aliasing -Wno-uninitialized -Werror=address -Werror=array-bounds -Werror=empty-body -Werror=format=2 -Werror=implicit -Werror=init-self -Werror=int-to-pointer-cast -Werror=main -Werror=missing-braces -Werror=nested-externs -Werror=nonnull -Werror=pointer-to-int-cast -Werror=return-type -Werror=sequence-point -Werror=trigraphs -Werror=undef -Werror=write-strings -fvisibility=hidden -MD -MQ json-glib/libjson-glib-1.0.so.0.600.2.p/json-debug.c.o -MF json-glib/libjson-glib-1.0.so.0.600.2.p/json-debug.c.o.d -o json-glib/libjson-glib-1.0.so.0.600.2.p/json-debug.c.o -c ../json-glib/json-debug.c
[ 1806s] [19/71] cc -Ijson-glib/libjson-glib-1.0.so.0.600.2.p -Ijson-glib -I../json-glib -I. -I.. -I/usr/include/glib-2.0 -I/usr/lib64/glib-2.0/include -I/usr/include/libmount -I/usr/include/blkid -fdiagnostics-color=always -D_FILE_OFFSET_BITS=64 -Wall -Winvalid-pch -std=c99 -O2 -g -pipe -Wall -Werror=format-security -Wp,-D_FORTIFY_SOURCE=2 -Wp,-D_GLIBCXX_ASSERTIONS -fstack-protector-strong -grecord-gcc-switches -specs=/usr/lib/rpm/generic-hardened-cc1 -fasynchronous-unwind-tables -fstack-clash-protection -fPIC -pthread '-DG_LOG_DOMAIN="Json"' -DG_LOG_USE_STRUCTURED=1 -DJSON_COMPILATION '-DJSON_LOCALEDIR="/usr/share/locale"' -Wcast-align -Wlogical-op -Wmissing-declarations -Wmissing-format-attribute -Wmissing-prototypes -Wmissing-noreturn -Wold-style-definition -Wpointer-arith -Wshadow -Wstrict-prototypes -Wunused -Wno-discarded-qualifiers -Wno-int-conversion -fno-strict-aliasing -Wno-uninitialized -Werror=address -Werror=array-bounds -Werror=empty-body -Werror=format=2 -Werror=implicit -Werror=init-self -Werror=int-to-pointer-cast -Werror=main -Werror=missing-braces -Werror=nested-externs -Werror=nonnull -Werror=pointer-to-int-cast -Werror=return-type -Werror=sequence-point -Werror=trigraphs -Werror=undef -Werror=write-strings -fvisibility=hidden -MD -MQ json-glib/libjson-glib-1.0.so.0.600.2.p/json-gboxed.c.o -MF json-glib/libjson-glib-1.0.so.0.600.2.p/json-gboxed.c.o.d -o json-glib/libjson-glib-1.0.so.0.600.2.p/json-gboxed.c.o -c ../json-glib/json-gboxed.c
[ 1809s] [20/71] cc -Ijson-glib/libjson-glib-1.0.so.0.600.2.p -Ijson-glib -I../json-glib -I. -I.. -I/usr/include/glib-2.0 -I/usr/lib64/glib-2.0/include -I/usr/include/libmount -I/usr/include/blkid -fdiagnostics-color=always -D_FILE_OFFSET_BITS=64 -Wall -Winvalid-pch -std=c99 -O2 -g -pipe -Wall -Werror=format-security -Wp,-D_FORTIFY_SOURCE=2 -Wp,-D_GLIBCXX_ASSERTIONS -fstack-protector-strong -grecord-gcc-switches -specs=/usr/lib/rpm/generic-hardened-cc1 -fasynchronous-unwind-tables -fstack-clash-protection -fPIC -pthread '-DG_LOG_DOMAIN="Json"' -DG_LOG_USE_STRUCTURED=1 -DJSON_COMPILATION '-DJSON_LOCALEDIR="/usr/share/locale"' -Wcast-align -Wlogical-op -Wmissing-declarations -Wmissing-format-attribute -Wmissing-prototypes -Wmissing-noreturn -Wold-style-definition -Wpointer-arith -Wshadow -Wstrict-prototypes -Wunused -Wno-discarded-qualifiers -Wno-int-conversion -fno-strict-aliasing -Wno-uninitialized -Werror=address -Werror=array-bounds -Werror=empty-body -Werror=format=2 -Werror=implicit -Werror=init-self -Werror=int-to-pointer-cast -Werror=main -Werror=missing-braces -Werror=nested-externs -Werror=nonnull -Werror=pointer-to-int-cast -Werror=return-type -Werror=sequence-point -Werror=trigraphs -Werror=undef -Werror=write-strings -fvisibility=hidden -MD -MQ json-glib/libjson-glib-1.0.so.0.600.2.p/json-builder.c.o -MF json-glib/libjson-glib-1.0.so.0.600.2.p/json-builder.c.o.d -o json-glib/libjson-glib-1.0.so.0.600.2.p/json-builder.c.o -c ../json-glib/json-builder.c
[ 1809s] [21/71] cc -Ijson-glib/libjson-glib-1.0.so.0.600.2.p -Ijson-glib -I../json-glib -I. -I.. -I/usr/include/glib-2.0 -I/usr/lib64/glib-2.0/include -I/usr/include/libmount -I/usr/include/blkid -fdiagnostics-color=always -D_FILE_OFFSET_BITS=64 -Wall -Winvalid-pch -std=c99 -O2 -g -pipe -Wall -Werror=format-security -Wp,-D_FORTIFY_SOURCE=2 -Wp,-D_GLIBCXX_ASSERTIONS -fstack-protector-strong -grecord-gcc-switches -specs=/usr/lib/rpm/generic-hardened-cc1 -fasynchronous-unwind-tables -fstack-clash-protection -fPIC -pthread '-DG_LOG_DOMAIN="Json"' -DG_LOG_USE_STRUCTURED=1 -DJSON_COMPILATION '-DJSON_LOCALEDIR="/usr/share/locale"' -Wcast-align -Wlogical-op -Wmissing-declarations -Wmissing-format-attribute -Wmissing-prototypes -Wmissing-noreturn -Wold-style-definition -Wpointer-arith -Wshadow -Wstrict-prototypes -Wunused -Wno-discarded-qualifiers -Wno-int-conversion -fno-strict-aliasing -Wno-uninitialized -Werror=address -Werror=array-bounds -Werror=empty-body -Werror=format=2 -Werror=implicit -Werror=init-self -Werror=int-to-pointer-cast -Werror=main -Werror=missing-braces -Werror=nested-externs -Werror=nonnull -Werror=pointer-to-int-cast -Werror=return-type -Werror=sequence-point -Werror=trigraphs -Werror=undef -Werror=write-strings -fvisibility=hidden -MD -MQ json-glib/libjson-glib-1.0.so.0.600.2.p/json-array.c.o -MF json-glib/libjson-glib-1.0.so.0.600.2.p/json-array.c.o.d -o json-glib/libjson-glib-1.0.so.0.600.2.p/json-array.c.o -c ../json-glib/json-array.c
[ 1813s] [22/71] /usr/bin/meson --internal exe --capture json-glib/json-enum-types.c -- /usr/bin/glib-mkenums --template /home/abuild/rpmbuild/BUILD/json-glib-1.6.2/riscv64-openEuler-linux-gnu/../json-glib/json-enum-types.c.in /home/abuild/rpmbuild/BUILD/json-glib-1.6.2/riscv64-openEuler-linux-gnu/../json-glib/json-builder.h /home/abuild/rpmbuild/BUILD/json-glib-1.6.2/riscv64-openEuler-linux-gnu/../json-glib/json-generator.h /home/abuild/rpmbuild/BUILD/json-glib-1.6.2/riscv64-openEuler-linux-gnu/../json-glib/json-gobject.h /home/abuild/rpmbuild/BUILD/json-glib-1.6.2/riscv64-openEuler-linux-gnu/../json-glib/json-gvariant.h /home/abuild/rpmbuild/BUILD/json-glib-1.6.2/riscv64-openEuler-linux-gnu/../json-glib/json-parser.h /home/abuild/rpmbuild/BUILD/json-glib-1.6.2/riscv64-openEuler-linux-gnu/../json-glib/json-path.h /home/abuild/rpmbuild/BUILD/json-glib-1.6.2/riscv64-openEuler-linux-gnu/../json-glib/json-reader.h /home/abuild/rpmbuild/BUILD/json-glib-1.6.2/riscv64-openEuler-linux-gnu/../json-glib/json-types.h /home/abuild/rpmbuild/BUILD/json-glib-1.6.2/riscv64-openEuler-linux-gnu/../json-glib/json-utils.h /home/abuild/rpmbuild/BUILD/json-glib-1.6.2/riscv64-openEuler-linux-gnu/../json-glib/json-version-macros.h
[ 1813s] [23/71] cc -Ijson-glib/libjson-glib-1.0.so.0.600.2.p -Ijson-glib -I../json-glib -I. -I.. -I/usr/include/glib-2.0 -I/usr/lib64/glib-2.0/include -I/usr/include/libmount -I/usr/include/blkid -fdiagnostics-color=always -D_FILE_OFFSET_BITS=64 -Wall -Winvalid-pch -std=c99 -O2 -g -pipe -Wall -Werror=format-security -Wp,-D_FORTIFY_SOURCE=2 -Wp,-D_GLIBCXX_ASSERTIONS -fstack-protector-strong -grecord-gcc-switches -specs=/usr/lib/rpm/generic-hardened-cc1 -fasynchronous-unwind-tables -fstack-clash-protection -fPIC -pthread '-DG_LOG_DOMAIN="Json"' -DG_LOG_USE_STRUCTURED=1 -DJSON_COMPILATION '-DJSON_LOCALEDIR="/usr/share/locale"' -Wcast-align -Wlogical-op -Wmissing-declarations -Wmissing-format-attribute -Wmissing-prototypes -Wmissing-noreturn -Wold-style-definition -Wpointer-arith -Wshadow -Wstrict-prototypes -Wunused -Wno-discarded-qualifiers -Wno-int-conversion -fno-strict-aliasing -Wno-uninitialized -Werror=address -Werror=array-bounds -Werror=empty-body -Werror=format=2 -Werror=implicit -Werror=init-self -Werror=int-to-pointer-cast -Werror=main -Werror=missing-braces -Werror=nested-externs -Werror=nonnull -Werror=pointer-to-int-cast -Werror=return-type -Werror=sequence-point -Werror=trigraphs -Werror=undef -Werror=write-strings -fvisibility=hidden -MD -MQ json-glib/libjson-glib-1.0.so.0.600.2.p/json-generator.c.o -MF json-glib/libjson-glib-1.0.so.0.600.2.p/json-generator.c.o.d -o json-glib/libjson-glib-1.0.so.0.600.2.p/json-generator.c.o -c ../json-glib/json-generator.c
[ 1813s] [24/71] cc -Ijson-glib/libjson-glib-1.0.so.0.600.2.p -Ijson-glib -I../json-glib -I. -I.. -I/usr/include/glib-2.0 -I/usr/lib64/glib-2.0/include -I/usr/include/libmount -I/usr/include/blkid -fdiagnostics-color=always -D_FILE_OFFSET_BITS=64 -Wall -Winvalid-pch -std=c99 -O2 -g -pipe -Wall -Werror=format-security -Wp,-D_FORTIFY_SOURCE=2 -Wp,-D_GLIBCXX_ASSERTIONS -fstack-protector-strong -grecord-gcc-switches -specs=/usr/lib/rpm/generic-hardened-cc1 -fasynchronous-unwind-tables -fstack-clash-protection -fPIC -pthread '-DG_LOG_DOMAIN="Json"' -DG_LOG_USE_STRUCTURED=1 -DJSON_COMPILATION '-DJSON_LOCALEDIR="/usr/share/locale"' -Wcast-align -Wlogical-op -Wmissing-declarations -Wmissing-format-attribute -Wmissing-prototypes -Wmissing-noreturn -Wold-style-definition -Wpointer-arith -Wshadow -Wstrict-prototypes -Wunused -Wno-discarded-qualifiers -Wno-int-conversion -fno-strict-aliasing -Wno-uninitialized -Werror=address -Werror=array-bounds -Werror=empty-body -Werror=format=2 -Werror=implicit -Werror=init-self -Werror=int-to-pointer-cast -Werror=main -Werror=missing-braces -Werror=nested-externs -Werror=nonnull -Werror=pointer-to-int-cast -Werror=return-type -Werror=sequence-point -Werror=trigraphs -Werror=undef -Werror=write-strings -fvisibility=hidden -MD -MQ json-glib/libjson-glib-1.0.so.0.600.2.p/json-gobject.c.o -MF json-glib/libjson-glib-1.0.so.0.600.2.p/json-gobject.c.o.d -o json-glib/libjson-glib-1.0.so.0.600.2.p/json-gobject.c.o -c ../json-glib/json-gobject.c
[ 1813s] ../json-glib/json-gobject.c: In function json_gobject_new:
[ 1813s] ../json-glib/json-gobject.c:258:42: warning: cast increases required alignment of target type [-Wcast-align]
[ 1813s]   258 |                                          (GValue *) construct_values->data);
[ 1813s]       |                                          ^
[ 1814s] [25/71] cc -Ijson-glib/libjson-glib-1.0.so.0.600.2.p -Ijson-glib -I../json-glib -I. -I.. -I/usr/include/glib-2.0 -I/usr/lib64/glib-2.0/include -I/usr/include/libmount -I/usr/include/blkid -fdiagnostics-color=always -D_FILE_OFFSET_BITS=64 -Wall -Winvalid-pch -std=c99 -O2 -g -pipe -Wall -Werror=format-security -Wp,-D_FORTIFY_SOURCE=2 -Wp,-D_GLIBCXX_ASSERTIONS -fstack-protector-strong -grecord-gcc-switches -specs=/usr/lib/rpm/generic-hardened-cc1 -fasynchronous-unwind-tables -fstack-clash-protection -fPIC -pthread '-DG_LOG_DOMAIN="Json"' -DG_LOG_USE_STRUCTURED=1 -DJSON_COMPILATION '-DJSON_LOCALEDIR="/usr/share/locale"' -Wcast-align -Wlogical-op -Wmissing-declarations -Wmissing-format-attribute -Wmissing-prototypes -Wmissing-noreturn -Wold-style-definition -Wpointer-arith -Wshadow -Wstrict-prototypes -Wunused -Wno-discarded-qualifiers -Wno-int-conversion -fno-strict-aliasing -Wno-uninitialized -Werror=address -Werror=array-bounds -Werror=empty-body -Werror=format=2 -Werror=implicit -Werror=init-self -Werror=int-to-pointer-cast -Werror=main -Werror=missing-braces -Werror=nested-externs -Werror=nonnull -Werror=pointer-to-int-cast -Werror=return-type -Werror=sequence-point -Werror=trigraphs -Werror=undef -Werror=write-strings -fvisibility=hidden -MD -MQ json-glib/libjson-glib-1.0.so.0.600.2.p/json-gvariant.c.o -MF json-glib/libjson-glib-1.0.so.0.600.2.p/json-gvariant.c.o.d -o json-glib/libjson-glib-1.0.so.0.600.2.p/json-gvariant.c.o -c ../json-glib/json-gvariant.c
[ 1817s] [26/71] cc -Ijson-glib/libjson-glib-1.0.so.0.600.2.p -Ijson-glib -I../json-glib -I. -I.. -I/usr/include/glib-2.0 -I/usr/lib64/glib-2.0/include -I/usr/include/libmount -I/usr/include/blkid -fdiagnostics-color=always -D_FILE_OFFSET_BITS=64 -Wall -Winvalid-pch -std=c99 -O2 -g -pipe -Wall -Werror=format-security -Wp,-D_FORTIFY_SOURCE=2 -Wp,-D_GLIBCXX_ASSERTIONS -fstack-protector-strong -grecord-gcc-switches -specs=/usr/lib/rpm/generic-hardened-cc1 -fasynchronous-unwind-tables -fstack-clash-protection -fPIC -pthread '-DG_LOG_DOMAIN="Json"' -DG_LOG_USE_STRUCTURED=1 -DJSON_COMPILATION '-DJSON_LOCALEDIR="/usr/share/locale"' -Wcast-align -Wlogical-op -Wmissing-declarations -Wmissing-format-attribute -Wmissing-prototypes -Wmissing-noreturn -Wold-style-definition -Wpointer-arith -Wshadow -Wstrict-prototypes -Wunused -Wno-discarded-qualifiers -Wno-int-conversion -fno-strict-aliasing -Wno-uninitialized -Werror=address -Werror=array-bounds -Werror=empty-body -Werror=format=2 -Werror=implicit -Werror=init-self -Werror=int-to-pointer-cast -Werror=main -Werror=missing-braces -Werror=nested-externs -Werror=nonnull -Werror=pointer-to-int-cast -Werror=return-type -Werror=sequence-point -Werror=trigraphs -Werror=undef -Werror=write-strings -fvisibility=hidden -MD -MQ json-glib/libjson-glib-1.0.so.0.600.2.p/json-node.c.o -MF json-glib/libjson-glib-1.0.so.0.600.2.p/json-node.c.o.d -o json-glib/libjson-glib-1.0.so.0.600.2.p/json-node.c.o -c ../json-glib/json-node.c
[ 1820s] [27/71] cc -Ijson-glib/libjson-glib-1.0.so.0.600.2.p -Ijson-glib -I../json-glib -I. -I.. -I/usr/include/glib-2.0 -I/usr/lib64/glib-2.0/include -I/usr/include/libmount -I/usr/include/blkid -fdiagnostics-color=always -D_FILE_OFFSET_BITS=64 -Wall -Winvalid-pch -std=c99 -O2 -g -pipe -Wall -Werror=format-security -Wp,-D_FORTIFY_SOURCE=2 -Wp,-D_GLIBCXX_ASSERTIONS -fstack-protector-strong -grecord-gcc-switches -specs=/usr/lib/rpm/generic-hardened-cc1 -fasynchronous-unwind-tables -fstack-clash-protection -fPIC -pthread '-DG_LOG_DOMAIN="Json"' -DG_LOG_USE_STRUCTURED=1 -DJSON_COMPILATION '-DJSON_LOCALEDIR="/usr/share/locale"' -Wcast-align -Wlogical-op -Wmissing-declarations -Wmissing-format-attribute -Wmissing-prototypes -Wmissing-noreturn -Wold-style-definition -Wpointer-arith -Wshadow -Wstrict-prototypes -Wunused -Wno-discarded-qualifiers -Wno-int-conversion -fno-strict-aliasing -Wno-uninitialized -Werror=address -Werror=array-bounds -Werror=empty-body -Werror=format=2 -Werror=implicit -Werror=init-self -Werror=int-to-pointer-cast -Werror=main -Werror=missing-braces -Werror=nested-externs -Werror=nonnull -Werror=pointer-to-int-cast -Werror=return-type -Werror=sequence-point -Werror=trigraphs -Werror=undef -Werror=write-strings -fvisibility=hidden -MD -MQ json-glib/libjson-glib-1.0.so.0.600.2.p/json-path.c.o -MF json-glib/libjson-glib-1.0.so.0.600.2.p/json-path.c.o.d -o json-glib/libjson-glib-1.0.so.0.600.2.p/json-path.c.o -c ../json-glib/json-path.c
[ 1820s] ../json-glib/json-path.c: In function json_path_compile:
[ 1820s] ../json-glib/json-path.c:568:46: warning: cast increases required alignment of target type [-Wcast-align]
[ 1820s]   568 |                     node->data.set.indices = (int *) g_array_free (indices, FALSE);
[ 1820s]       |                                              ^
[ 1823s] [28/71] cc -Ijson-glib/libjson-glib-1.0.so.0.600.2.p -Ijson-glib -I../json-glib -I. -I.. -I/usr/include/glib-2.0 -I/usr/lib64/glib-2.0/include -I/usr/include/libmount -I/usr/include/blkid -fdiagnostics-color=always -D_FILE_OFFSET_BITS=64 -Wall -Winvalid-pch -std=c99 -O2 -g -pipe -Wall -Werror=format-security -Wp,-D_FORTIFY_SOURCE=2 -Wp,-D_GLIBCXX_ASSERTIONS -fstack-protector-strong -grecord-gcc-switches -specs=/usr/lib/rpm/generic-hardened-cc1 -fasynchronous-unwind-tables -fstack-clash-protection -fPIC -pthread '-DG_LOG_DOMAIN="Json"' -DG_LOG_USE_STRUCTURED=1 -DJSON_COMPILATION '-DJSON_LOCALEDIR="/usr/share/locale"' -Wcast-align -Wlogical-op -Wmissing-declarations -Wmissing-format-attribute -Wmissing-prototypes -Wmissing-noreturn -Wold-style-definition -Wpointer-arith -Wshadow -Wstrict-prototypes -Wunused -Wno-discarded-qualifiers -Wno-int-conversion -fno-strict-aliasing -Wno-uninitialized -Werror=address -Werror=array-bounds -Werror=empty-body -Werror=format=2 -Werror=implicit -Werror=init-self -Werror=int-to-pointer-cast -Werror=main -Werror=missing-braces -Werror=nested-externs -Werror=nonnull -Werror=pointer-to-int-cast -Werror=return-type -Werror=sequence-point -Werror=trigraphs -Werror=undef -Werror=write-strings -fvisibility=hidden -MD -MQ json-glib/libjson-glib-1.0.so.0.600.2.p/json-object.c.o -MF json-glib/libjson-glib-1.0.so.0.600.2.p/json-object.c.o.d -o json-glib/libjson-glib-1.0.so.0.600.2.p/json-object.c.o -c ../json-glib/json-object.c
[ 1824s] [29/71] cc -Ijson-glib/libjson-glib-1.0.so.0.600.2.p -Ijson-glib -I../json-glib -I. -I.. -I/usr/include/glib-2.0 -I/usr/lib64/glib-2.0/include -I/usr/include/libmount -I/usr/include/blkid -fdiagnostics-color=always -D_FILE_OFFSET_BITS=64 -Wall -Winvalid-pch -std=c99 -O2 -g -pipe -Wall -Werror=format-security -Wp,-D_FORTIFY_SOURCE=2 -Wp,-D_GLIBCXX_ASSERTIONS -fstack-protector-strong -grecord-gcc-switches -specs=/usr/lib/rpm/generic-hardened-cc1 -fasynchronous-unwind-tables -fstack-clash-protection -fPIC -pthread '-DG_LOG_DOMAIN="Json"' -DG_LOG_USE_STRUCTURED=1 -DJSON_COMPILATION '-DJSON_LOCALEDIR="/usr/share/locale"' -Wcast-align -Wlogical-op -Wmissing-declarations -Wmissing-format-attribute -Wmissing-prototypes -Wmissing-noreturn -Wold-style-definition -Wpointer-arith -Wshadow -Wstrict-prototypes -Wunused -Wno-discarded-qualifiers -Wno-int-conversion -fno-strict-aliasing -Wno-uninitialized -Werror=address -Werror=array-bounds -Werror=empty-body -Werror=format=2 -Werror=implicit -Werror=init-self -Werror=int-to-pointer-cast -Werror=main -Werror=missing-braces -Werror=nested-externs -Werror=nonnull -Werror=pointer-to-int-cast -Werror=return-type -Werror=sequence-point -Werror=trigraphs -Werror=undef -Werror=write-strings -fvisibility=hidden -MD -MQ json-glib/libjson-glib-1.0.so.0.600.2.p/meson-generated_.._json-enum-types.c.o -MF json-glib/libjson-glib-1.0.so.0.600.2.p/meson-generated_.._json-enum-types.c.o.d -o json-glib/libjson-glib-1.0.so.0.600.2.p/meson-generated_.._json-enum-types.c.o -c json-glib/json-enum-types.c
[ 1824s] [30/71] cc -Ijson-glib/libjson-glib-1.0.so.0.600.2.p -Ijson-glib -I../json-glib -I. -I.. -I/usr/include/glib-2.0 -I/usr/lib64/glib-2.0/include -I/usr/include/libmount -I/usr/include/blkid -fdiagnostics-color=always -D_FILE_OFFSET_BITS=64 -Wall -Winvalid-pch -std=c99 -O2 -g -pipe -Wall -Werror=format-security -Wp,-D_FORTIFY_SOURCE=2 -Wp,-D_GLIBCXX_ASSERTIONS -fstack-protector-strong -grecord-gcc-switches -specs=/usr/lib/rpm/generic-hardened-cc1 -fasynchronous-unwind-tables -fstack-clash-protection -fPIC -pthread '-DG_LOG_DOMAIN="Json"' -DG_LOG_USE_STRUCTURED=1 -DJSON_COMPILATION '-DJSON_LOCALEDIR="/usr/share/locale"' -Wcast-align -Wlogical-op -Wmissing-declarations -Wmissing-format-attribute -Wmissing-prototypes -Wmissing-noreturn -Wold-style-definition -Wpointer-arith -Wshadow -Wstrict-prototypes -Wunused -Wno-discarded-qualifiers -Wno-int-conversion -fno-strict-aliasing -Wno-uninitialized -Werror=address -Werror=array-bounds -Werror=empty-body -Werror=format=2 -Werror=implicit -Werror=init-self -Werror=int-to-pointer-cast -Werror=main -Werror=missing-braces -Werror=nested-externs -Werror=nonnull -Werror=pointer-to-int-cast -Werror=return-type -Werror=sequence-point -Werror=trigraphs -Werror=undef -Werror=write-strings -fvisibility=hidden -MD -MQ json-glib/libjson-glib-1.0.so.0.600.2.p/json-serializable.c.o -MF json-glib/libjson-glib-1.0.so.0.600.2.p/json-serializable.c.o.d -o json-glib/libjson-glib-1.0.so.0.600.2.p/json-serializable.c.o -c ../json-glib/json-serializable.c
[ 1824s] [31/71] cc -Ijson-glib/libjson-glib-1.0.so.0.600.2.p -Ijson-glib -I../json-glib -I. -I.. -I/usr/include/glib-2.0 -I/usr/lib64/glib-2.0/include -I/usr/include/libmount -I/usr/include/blkid -fdiagnostics-color=always -D_FILE_OFFSET_BITS=64 -Wall -Winvalid-pch -std=c99 -O2 -g -pipe -Wall -Werror=format-security -Wp,-D_FORTIFY_SOURCE=2 -Wp,-D_GLIBCXX_ASSERTIONS -fstack-protector-strong -grecord-gcc-switches -specs=/usr/lib/rpm/generic-hardened-cc1 -fasynchronous-unwind-tables -fstack-clash-protection -fPIC -pthread '-DG_LOG_DOMAIN="Json"' -DG_LOG_USE_STRUCTURED=1 -DJSON_COMPILATION '-DJSON_LOCALEDIR="/usr/share/locale"' -Wcast-align -Wlogical-op -Wmissing-declarations -Wmissing-format-attribute -Wmissing-prototypes -Wmissing-noreturn -Wold-style-definition -Wpointer-arith -Wshadow -Wstrict-prototypes -Wunused -Wno-discarded-qualifiers -Wno-int-conversion -fno-strict-aliasing -Wno-uninitialized -Werror=address -Werror=array-bounds -Werror=empty-body -Werror=format=2 -Werror=implicit -Werror=init-self -Werror=int-to-pointer-cast -Werror=main -Werror=missing-braces -Werror=nested-externs -Werror=nonnull -Werror=pointer-to-int-cast -Werror=return-type -Werror=sequence-point -Werror=trigraphs -Werror=undef -Werror=write-strings -fvisibility=hidden -MD -MQ json-glib/libjson-glib-1.0.so.0.600.2.p/json-reader.c.o -MF json-glib/libjson-glib-1.0.so.0.600.2.p/json-reader.c.o.d -o json-glib/libjson-glib-1.0.so.0.600.2.p/json-reader.c.o -c ../json-glib/json-reader.c
[ 1827s] [32/71] cc -Ijson-glib/libjson-glib-1.0.so.0.600.2.p -Ijson-glib -I../json-glib -I. -I.. -I/usr/include/glib-2.0 -I/usr/lib64/glib-2.0/include -I/usr/include/libmount -I/usr/include/blkid -fdiagnostics-color=always -D_FILE_OFFSET_BITS=64 -Wall -Winvalid-pch -std=c99 -O2 -g -pipe -Wall -Werror=format-security -Wp,-D_FORTIFY_SOURCE=2 -Wp,-D_GLIBCXX_ASSERTIONS -fstack-protector-strong -grecord-gcc-switches -specs=/usr/lib/rpm/generic-hardened-cc1 -fasynchronous-unwind-tables -fstack-clash-protection -fPIC -pthread '-DG_LOG_DOMAIN="Json"' -DG_LOG_USE_STRUCTURED=1 -DJSON_COMPILATION '-DJSON_LOCALEDIR="/usr/share/locale"' -Wcast-align -Wlogical-op -Wmissing-declarations -Wmissing-format-attribute -Wmissing-prototypes -Wmissing-noreturn -Wold-style-definition -Wpointer-arith -Wshadow -Wstrict-prototypes -Wunused -Wno-discarded-qualifiers -Wno-int-conversion -fno-strict-aliasing -Wno-uninitialized -Werror=address -Werror=array-bounds -Werror=empty-body -Werror=format=2 -Werror=implicit -Werror=init-self -Werror=int-to-pointer-cast -Werror=main -Werror=missing-braces -Werror=nested-externs -Werror=nonnull -Werror=pointer-to-int-cast -Werror=return-type -Werror=sequence-point -Werror=trigraphs -Werror=undef -Werror=write-strings -fvisibility=hidden -MD -MQ json-glib/libjson-glib-1.0.so.0.600.2.p/json-utils.c.o -MF json-glib/libjson-glib-1.0.so.0.600.2.p/json-utils.c.o.d -o json-glib/libjson-glib-1.0.so.0.600.2.p/json-utils.c.o -c ../json-glib/json-utils.c
[ 1829s] [33/71] cc -Ijson-glib/libjson-glib-1.0.so.0.600.2.p -Ijson-glib -I../json-glib -I. -I.. -I/usr/include/glib-2.0 -I/usr/lib64/glib-2.0/include -I/usr/include/libmount -I/usr/include/blkid -fdiagnostics-color=always -D_FILE_OFFSET_BITS=64 -Wall -Winvalid-pch -std=c99 -O2 -g -pipe -Wall -Werror=format-security -Wp,-D_FORTIFY_SOURCE=2 -Wp,-D_GLIBCXX_ASSERTIONS -fstack-protector-strong -grecord-gcc-switches -specs=/usr/lib/rpm/generic-hardened-cc1 -fasynchronous-unwind-tables -fstack-clash-protection -fPIC -pthread '-DG_LOG_DOMAIN="Json"' -DG_LOG_USE_STRUCTURED=1 -DJSON_COMPILATION '-DJSON_LOCALEDIR="/usr/share/locale"' -Wcast-align -Wlogical-op -Wmissing-declarations -Wmissing-format-attribute -Wmissing-prototypes -Wmissing-noreturn -Wold-style-definition -Wpointer-arith -Wshadow -Wstrict-prototypes -Wunused -Wno-discarded-qualifiers -Wno-int-conversion -fno-strict-aliasing -Wno-uninitialized -Werror=address -Werror=array-bounds -Werror=empty-body -Werror=format=2 -Werror=implicit -Werror=init-self -Werror=int-to-pointer-cast -Werror=main -Werror=missing-braces -Werror=nested-externs -Werror=nonnull -Werror=pointer-to-int-cast -Werror=return-type -Werror=sequence-point -Werror=trigraphs -Werror=undef -Werror=write-strings -fvisibility=hidden -MD -MQ json-glib/libjson-glib-1.0.so.0.600.2.p/json-value.c.o -MF json-glib/libjson-glib-1.0.so.0.600.2.p/json-value.c.o.d -o json-glib/libjson-glib-1.0.so.0.600.2.p/json-value.c.o -c ../json-glib/json-value.c
[ 1829s] [34/71] cc -Ijson-glib/libjson-glib-1.0.so.0.600.2.p -Ijson-glib -I../json-glib -I. -I.. -I/usr/include/glib-2.0 -I/usr/lib64/glib-2.0/include -I/usr/include/libmount -I/usr/include/blkid -fdiagnostics-color=always -D_FILE_OFFSET_BITS=64 -Wall -Winvalid-pch -std=c99 -O2 -g -pipe -Wall -Werror=format-security -Wp,-D_FORTIFY_SOURCE=2 -Wp,-D_GLIBCXX_ASSERTIONS -fstack-protector-strong -grecord-gcc-switches -specs=/usr/lib/rpm/generic-hardened-cc1 -fasynchronous-unwind-tables -fstack-clash-protection -fPIC -pthread '-DG_LOG_DOMAIN="Json"' -DG_LOG_USE_STRUCTURED=1 -DJSON_COMPILATION '-DJSON_LOCALEDIR="/usr/share/locale"' -Wcast-align -Wlogical-op -Wmissing-declarations -Wmissing-format-attribute -Wmissing-prototypes -Wmissing-noreturn -Wold-style-definition -Wpointer-arith -Wshadow -Wstrict-prototypes -Wunused -Wno-discarded-qualifiers -Wno-int-conversion -fno-strict-aliasing -Wno-uninitialized -Werror=address -Werror=array-bounds -Werror=empty-body -Werror=format=2 -Werror=implicit -Werror=init-self -Werror=int-to-pointer-cast -Werror=main -Werror=missing-braces -Werror=nested-externs -Werror=nonnull -Werror=pointer-to-int-cast -Werror=return-type -Werror=sequence-point -Werror=trigraphs -Werror=undef -Werror=write-strings -fvisibility=hidden -MD -MQ json-glib/libjson-glib-1.0.so.0.600.2.p/json-parser.c.o -MF json-glib/libjson-glib-1.0.so.0.600.2.p/json-parser.c.o.d -o json-glib/libjson-glib-1.0.so.0.600.2.p/json-parser.c.o -c ../json-glib/json-parser.c
[ 1833s] [35/71] cc -Ijson-glib/json-glib-validate.p -Ijson-glib -I../json-glib -I. -I.. -I/usr/include/glib-2.0 -I/usr/lib64/glib-2.0/include -I/usr/include/libmount -I/usr/include/blkid -fdiagnostics-color=always -D_FILE_OFFSET_BITS=64 -Wall -Winvalid-pch -std=c99 -O2 -g -pipe -Wall -Werror=format-security -Wp,-D_FORTIFY_SOURCE=2 -Wp,-D_GLIBCXX_ASSERTIONS -fstack-protector-strong -grecord-gcc-switches -specs=/usr/lib/rpm/generic-hardened-cc1 -fasynchronous-unwind-tables -fstack-clash-protection -pthread '-DG_LOG_DOMAIN="Json"' -DG_LOG_USE_STRUCTURED=1 -DJSON_COMPILATION '-DJSON_LOCALEDIR="/usr/share/locale"' -MD -MQ json-glib/json-glib-validate.p/json-glib-validate.c.o -MF json-glib/json-glib-validate.p/json-glib-validate.c.o.d -o json-glib/json-glib-validate.p/json-glib-validate.c.o -c ../json-glib/json-glib-validate.c
[ 1834s] [36/71] cc -Ijson-glib/libjson-glib-1.0.so.0.600.2.p -Ijson-glib -I../json-glib -I. -I.. -I/usr/include/glib-2.0 -I/usr/lib64/glib-2.0/include -I/usr/include/libmount -I/usr/include/blkid -fdiagnostics-color=always -D_FILE_OFFSET_BITS=64 -Wall -Winvalid-pch -std=c99 -O2 -g -pipe -Wall -Werror=format-security -Wp,-D_FORTIFY_SOURCE=2 -Wp,-D_GLIBCXX_ASSERTIONS -fstack-protector-strong -grecord-gcc-switches -specs=/usr/lib/rpm/generic-hardened-cc1 -fasynchronous-unwind-tables -fstack-clash-protection -fPIC -pthread '-DG_LOG_DOMAIN="Json"' -DG_LOG_USE_STRUCTURED=1 -DJSON_COMPILATION '-DJSON_LOCALEDIR="/usr/share/locale"' -Wcast-align -Wlogical-op -Wmissing-declarations -Wmissing-format-attribute -Wmissing-prototypes -Wmissing-noreturn -Wold-style-definition -Wpointer-arith -Wshadow -Wstrict-prototypes -Wunused -Wno-discarded-qualifiers -Wno-int-conversion -fno-strict-aliasing -Wno-uninitialized -Werror=address -Werror=array-bounds -Werror=empty-body -Werror=format=2 -Werror=implicit -Werror=init-self -Werror=int-to-pointer-cast -Werror=main -Werror=missing-braces -Werror=nested-externs -Werror=nonnull -Werror=pointer-to-int-cast -Werror=return-type -Werror=sequence-point -Werror=trigraphs -Werror=undef -Werror=write-strings -fvisibility=hidden -MD -MQ json-glib/libjson-glib-1.0.so.0.600.2.p/json-scanner.c.o -MF json-glib/libjson-glib-1.0.so.0.600.2.p/json-scanner.c.o.d -o json-glib/libjson-glib-1.0.so.0.600.2.p/json-scanner.c.o -c ../json-glib/json-scanner.c
[ 1834s] [37/71] cc -Ijson-glib/tests/boxed.p -Ijson-glib/tests -I../json-glib/tests -I. -I.. -Ijson-glib -I/usr/include/glib-2.0 -I/usr/lib64/glib-2.0/include -I/usr/include/libmount -I/usr/include/blkid -fdiagnostics-color=always -D_FILE_OFFSET_BITS=64 -Wall -Winvalid-pch -std=c99 -O2 -g -pipe -Wall -Werror=format-security -Wp,-D_FORTIFY_SOURCE=2 -Wp,-D_GLIBCXX_ASSERTIONS -fstack-protector-strong -grecord-gcc-switches -specs=/usr/lib/rpm/generic-hardened-cc1 -fasynchronous-unwind-tables -fstack-clash-protection -pthread '-DG_LOG_DOMAIN="Json"' -DG_LOG_USE_STRUCTURED=1 -DJSON_COMPILATION '-DJSON_LOCALEDIR="/usr/share/locale"' -MD -MQ json-glib/tests/boxed.p/boxed.c.o -MF json-glib/tests/boxed.p/boxed.c.o.d -o json-glib/tests/boxed.p/boxed.c.o -c ../json-glib/tests/boxed.c
[ 1835s] [38/71] cc -Ijson-glib/json-glib-format.p -Ijson-glib -I../json-glib -I. -I.. -I/usr/include/glib-2.0 -I/usr/lib64/glib-2.0/include -I/usr/include/libmount -I/usr/include/blkid -fdiagnostics-color=always -D_FILE_OFFSET_BITS=64 -Wall -Winvalid-pch -std=c99 -O2 -g -pipe -Wall -Werror=format-security -Wp,-D_FORTIFY_SOURCE=2 -Wp,-D_GLIBCXX_ASSERTIONS -fstack-protector-strong -grecord-gcc-switches -specs=/usr/lib/rpm/generic-hardened-cc1 -fasynchronous-unwind-tables -fstack-clash-protection -pthread '-DG_LOG_DOMAIN="Json"' -DG_LOG_USE_STRUCTURED=1 -DJSON_COMPILATION '-DJSON_LOCALEDIR="/usr/share/locale"' -MD -MQ json-glib/json-glib-format.p/json-glib-format.c.o -MF json-glib/json-glib-format.p/json-glib-format.c.o.d -o json-glib/json-glib-format.p/json-glib-format.c.o -c ../json-glib/json-glib-format.c
[ 1835s] [39/71] cc -Ijson-glib/tests/array.p -Ijson-glib/tests -I../json-glib/tests -I. -I.. -Ijson-glib -I/usr/include/glib-2.0 -I/usr/lib64/glib-2.0/include -I/usr/include/libmount -I/usr/include/blkid -fdiagnostics-color=always -D_FILE_OFFSET_BITS=64 -Wall -Winvalid-pch -std=c99 -O2 -g -pipe -Wall -Werror=format-security -Wp,-D_FORTIFY_SOURCE=2 -Wp,-D_GLIBCXX_ASSERTIONS -fstack-protector-strong -grecord-gcc-switches -specs=/usr/lib/rpm/generic-hardened-cc1 -fasynchronous-unwind-tables -fstack-clash-protection -pthread '-DG_LOG_DOMAIN="Json"' -DG_LOG_USE_STRUCTURED=1 -DJSON_COMPILATION '-DJSON_LOCALEDIR="/usr/share/locale"' -MD -MQ json-glib/tests/array.p/array.c.o -MF json-glib/tests/array.p/array.c.o.d -o json-glib/tests/array.p/array.c.o -c ../json-glib/tests/array.c
[ 1837s] [40/71] cc -Ijson-glib/tests/builder.p -Ijson-glib/tests -I../json-glib/tests -I. -I.. -Ijson-glib -I/usr/include/glib-2.0 -I/usr/lib64/glib-2.0/include -I/usr/include/libmount -I/usr/include/blkid -fdiagnostics-color=always -D_FILE_OFFSET_BITS=64 -Wall -Winvalid-pch -std=c99 -O2 -g -pipe -Wall -Werror=format-security -Wp,-D_FORTIFY_SOURCE=2 -Wp,-D_GLIBCXX_ASSERTIONS -fstack-protector-strong -grecord-gcc-switches -specs=/usr/lib/rpm/generic-hardened-cc1 -fasynchronous-unwind-tables -fstack-clash-protection -pthread '-DG_LOG_DOMAIN="Json"' -DG_LOG_USE_STRUCTURED=1 -DJSON_COMPILATION '-DJSON_LOCALEDIR="/usr/share/locale"' -MD -MQ json-glib/tests/builder.p/builder.c.o -MF json-glib/tests/builder.p/builder.c.o.d -o json-glib/tests/builder.p/builder.c.o -c ../json-glib/tests/builder.c
[ 1838s] [41/71] cc -Ijson-glib/tests/gvariant.p -Ijson-glib/tests -I../json-glib/tests -I. -I.. -Ijson-glib -I/usr/include/glib-2.0 -I/usr/lib64/glib-2.0/include -I/usr/include/libmount -I/usr/include/blkid -fdiagnostics-color=always -D_FILE_OFFSET_BITS=64 -Wall -Winvalid-pch -std=c99 -O2 -g -pipe -Wall -Werror=format-security -Wp,-D_FORTIFY_SOURCE=2 -Wp,-D_GLIBCXX_ASSERTIONS -fstack-protector-strong -grecord-gcc-switches -specs=/usr/lib/rpm/generic-hardened-cc1 -fasynchronous-unwind-tables -fstack-clash-protection -pthread '-DG_LOG_DOMAIN="Json"' -DG_LOG_USE_STRUCTURED=1 -DJSON_COMPILATION '-DJSON_LOCALEDIR="/usr/share/locale"' -MD -MQ json-glib/tests/gvariant.p/gvariant.c.o -MF json-glib/tests/gvariant.p/gvariant.c.o.d -o json-glib/tests/gvariant.p/gvariant.c.o -c ../json-glib/tests/gvariant.c
[ 1839s] [42/71] cc  -o json-glib/libjson-glib-1.0.so.0.600.2 json-glib/libjson-glib-1.0.so.0.600.2.p/meson-generated_.._json-enum-types.c.o json-glib/libjson-glib-1.0.so.0.600.2.p/json-array.c.o json-glib/libjson-glib-1.0.so.0.600.2.p/json-builder.c.o json-glib/libjson-glib-1.0.so.0.600.2.p/json-debug.c.o json-glib/libjson-glib-1.0.so.0.600.2.p/json-gboxed.c.o json-glib/libjson-glib-1.0.so.0.600.2.p/json-generator.c.o json-glib/libjson-glib-1.0.so.0.600.2.p/json-gobject.c.o json-glib/libjson-glib-1.0.so.0.600.2.p/json-gvariant.c.o json-glib/libjson-glib-1.0.so.0.600.2.p/json-node.c.o json-glib/libjson-glib-1.0.so.0.600.2.p/json-object.c.o json-glib/libjson-glib-1.0.so.0.600.2.p/json-parser.c.o json-glib/libjson-glib-1.0.so.0.600.2.p/json-path.c.o json-glib/libjson-glib-1.0.so.0.600.2.p/json-reader.c.o json-glib/libjson-glib-1.0.so.0.600.2.p/json-scanner.c.o json-glib/libjson-glib-1.0.so.0.600.2.p/json-serializable.c.o json-glib/libjson-glib-1.0.so.0.600.2.p/json-utils.c.o json-glib/libjson-glib-1.0.so.0.600.2.p/json-value.c.o -Wl,--as-needed -Wl,--no-undefined -shared -fPIC -Wl,--start-group -Wl,-soname,libjson-glib-1.0.so.0 -Wl,-z,relro -Wl,-z,now -specs=/usr/lib/rpm/generic-hardened-ld -O2 -g -pipe -Wall -Werror=format-security -Wp,-D_FORTIFY_SOURCE=2 -Wp,-D_GLIBCXX_ASSERTIONS -fstack-protector-strong -grecord-gcc-switches -specs=/usr/lib/rpm/generic-hardened-cc1 -fasynchronous-unwind-tables -fstack-clash-protection -Wl,-Bsymbolic -Wl,-z,relro -Wl,-z,now -Wl,--default-symver /usr/lib64/libgio-2.0.so /usr/lib64/libgobject-2.0.so /usr/lib64/libglib-2.0.so -Wl,--end-group
[ 1840s] [43/71] cc -Ijson-glib/tests/generator.p -Ijson-glib/tests -I../json-glib/tests -I. -I.. -Ijson-glib -I/usr/include/glib-2.0 -I/usr/lib64/glib-2.0/include -I/usr/include/libmount -I/usr/include/blkid -fdiagnostics-color=always -D_FILE_OFFSET_BITS=64 -Wall -Winvalid-pch -std=c99 -O2 -g -pipe -Wall -Werror=format-security -Wp,-D_FORTIFY_SOURCE=2 -Wp,-D_GLIBCXX_ASSERTIONS -fstack-protector-strong -grecord-gcc-switches -specs=/usr/lib/rpm/generic-hardened-cc1 -fasynchronous-unwind-tables -fstack-clash-protection -pthread '-DG_LOG_DOMAIN="Json"' -DG_LOG_USE_STRUCTURED=1 -DJSON_COMPILATION '-DJSON_LOCALEDIR="/usr/share/locale"' -MD -MQ json-glib/tests/generator.p/generator.c.o -MF json-glib/tests/generator.p/generator.c.o.d -o json-glib/tests/generator.p/generator.c.o -c ../json-glib/tests/generator.c
[ 1844s] [44/71] cc -Ijson-glib/tests/invalid.p -Ijson-glib/tests -I../json-glib/tests -I. -I.. -Ijson-glib -I/usr/include/glib-2.0 -I/usr/lib64/glib-2.0/include -I/usr/include/libmount -I/usr/include/blkid -fdiagnostics-color=always -D_FILE_OFFSET_BITS=64 -Wall -Winvalid-pch -std=c99 -O2 -g -pipe -Wall -Werror=format-security -Wp,-D_FORTIFY_SOURCE=2 -Wp,-D_GLIBCXX_ASSERTIONS -fstack-protector-strong -grecord-gcc-switches -specs=/usr/lib/rpm/generic-hardened-cc1 -fasynchronous-unwind-tables -fstack-clash-protection -pthread '-DG_LOG_DOMAIN="Json"' -DG_LOG_USE_STRUCTURED=1 -DJSON_COMPILATION '-DJSON_LOCALEDIR="/usr/share/locale"' -MD -MQ json-glib/tests/invalid.p/invalid.c.o -MF json-glib/tests/invalid.p/invalid.c.o.d -o json-glib/tests/invalid.p/invalid.c.o -c ../json-glib/tests/invalid.c
[ 1846s] [45/71] /usr/bin/g-ir-scanner --no-libtool --namespace=Json --nsversion=1.0 --warn-all --output json-glib/Json-1.0.gir --c-include=json-glib/json-glib.h --quiet --c-include=json-glib/json-glib.h -DJSON_COMPILATION -I/home/abuild/rpmbuild/BUILD/json-glib-1.6.2/json-glib -I/home/abuild/rpmbuild/BUILD/json-glib-1.6.2/riscv64-openEuler-linux-gnu/json-glib -I/home/abuild/rpmbuild/BUILD/json-glib-1.6.2/riscv64-openEuler-linux-gnu/. -I/home/abuild/rpmbuild/BUILD/json-glib-1.6.2/. --filelist=/home/abuild/rpmbuild/BUILD/json-glib-1.6.2/riscv64-openEuler-linux-gnu/json-glib/libjson-glib-1.0.so.0.600.2.p/Json_1.0_gir_filelist --include=GObject-2.0 --include=Gio-2.0 --symbol-prefix=json --identifier-prefix=Json --pkg-export=json-glib-1.0 --cflags-begin -I/home/abuild/rpmbuild/BUILD/json-glib-1.6.2/riscv64-openEuler-linux-gnu/. -I/home/abuild/rpmbuild/BUILD/json-glib-1.6.2/. -I/usr/include/glib-2.0 -I/usr/lib64/glib-2.0/include -I/usr/include/libmount -I/usr/include/blkid -I/usr/include/gobject-introspection-1.0 --cflags-end --add-include-path=/usr/share/gir-1.0 -L/home/abuild/rpmbuild/BUILD/json-glib-1.6.2/riscv64-openEuler-linux-gnu/json-glib --library json-glib-1.0 -lgio-2.0 -lgobject-2.0 -lglib-2.0 -lgirepository-1.0
[ 1846s] FAILED: json-glib/Json-1.0.gir 
[ 1846s] /usr/bin/g-ir-scanner --no-libtool --namespace=Json --nsversion=1.0 --warn-all --output json-glib/Json-1.0.gir --c-include=json-glib/json-glib.h --quiet --c-include=json-glib/json-glib.h -DJSON_COMPILATION -I/home/abuild/rpmbuild/BUILD/json-glib-1.6.2/json-glib -I/home/abuild/rpmbuild/BUILD/json-glib-1.6.2/riscv64-openEuler-linux-gnu/json-glib -I/home/abuild/rpmbuild/BUILD/json-glib-1.6.2/riscv64-openEuler-linux-gnu/. -I/home/abuild/rpmbuild/BUILD/json-glib-1.6.2/. --filelist=/home/abuild/rpmbuild/BUILD/json-glib-1.6.2/riscv64-openEuler-linux-gnu/json-glib/libjson-glib-1.0.so.0.600.2.p/Json_1.0_gir_filelist --include=GObject-2.0 --include=Gio-2.0 --symbol-prefix=json --identifier-prefix=Json --pkg-export=json-glib-1.0 --cflags-begin -I/home/abuild/rpmbuild/BUILD/json-glib-1.6.2/riscv64-openEuler-linux-gnu/. -I/home/abuild/rpmbuild/BUILD/json-glib-1.6.2/. -I/usr/include/glib-2.0 -I/usr/lib64/glib-2.0/include -I/usr/include/libmount -I/usr/include/blkid -I/usr/include/gobject-introspection-1.0 --cflags-end --add-include-path=/usr/share/gir-1.0 -L/home/abuild/rpmbuild/BUILD/json-glib-1.6.2/riscv64-openEuler-linux-gnu/json-glib --library json-glib-1.0 -lgio-2.0 -lgobject-2.0 -lglib-2.0 -lgirepository-1.0
[ 1846s] Traceback (most recent call last):
[ 1846s]   File "/usr/bin/g-ir-scanner", line 98, in <module>
[ 1846s]     from giscanner.scannermain import scanner_main
[ 1846s]   File "/usr/lib64/gobject-introspection/giscanner/scannermain.py", line 35, in <module>
[ 1846s]     from giscanner.ast import Include, Namespace
[ 1846s]   File "/usr/lib64/gobject-introspection/giscanner/ast.py", line 29, in <module>
[ 1846s]     from .sourcescanner import CTYPE_TYPEDEF, CSYMBOL_TYPE_TYPEDEF
[ 1846s]   File "/usr/lib64/gobject-introspection/giscanner/sourcescanner.py", line 35, in <module>
[ 1846s]     from giscanner._giscanner import SourceScanner as CSourceScanner
[ 1846s] ModuleNotFoundError: No module named 'giscanner._giscanner'
[ 1847s] [46/71] cc -Ijson-glib/tests/path.p -Ijson-glib/tests -I../json-glib/tests -I. -I.. -Ijson-glib -I/usr/include/glib-2.0 -I/usr/lib64/glib-2.0/include -I/usr/include/libmount -I/usr/include/blkid -fdiagnostics-color=always -D_FILE_OFFSET_BITS=64 -Wall -Winvalid-pch -std=c99 -O2 -g -pipe -Wall -Werror=format-security -Wp,-D_FORTIFY_SOURCE=2 -Wp,-D_GLIBCXX_ASSERTIONS -fstack-protector-strong -grecord-gcc-switches -specs=/usr/lib/rpm/generic-hardened-cc1 -fasynchronous-unwind-tables -fstack-clash-protection -pthread '-DG_LOG_DOMAIN="Json"' -DG_LOG_USE_STRUCTURED=1 -DJSON_COMPILATION '-DJSON_LOCALEDIR="/usr/share/locale"' -MD -MQ json-glib/tests/path.p/path.c.o -MF json-glib/tests/path.p/path.c.o.d -o json-glib/tests/path.p/path.c.o -c ../json-glib/tests/path.c
[ 1848s] [47/71] cc -Ijson-glib/tests/object.p -Ijson-glib/tests -I../json-glib/tests -I. -I.. -Ijson-glib -I/usr/include/glib-2.0 -I/usr/lib64/glib-2.0/include -I/usr/include/libmount -I/usr/include/blkid -fdiagnostics-color=always -D_FILE_OFFSET_BITS=64 -Wall -Winvalid-pch -std=c99 -O2 -g -pipe -Wall -Werror=format-security -Wp,-D_FORTIFY_SOURCE=2 -Wp,-D_GLIBCXX_ASSERTIONS -fstack-protector-strong -grecord-gcc-switches -specs=/usr/lib/rpm/generic-hardened-cc1 -fasynchronous-unwind-tables -fstack-clash-protection -pthread '-DG_LOG_DOMAIN="Json"' -DG_LOG_USE_STRUCTURED=1 -DJSON_COMPILATION '-DJSON_LOCALEDIR="/usr/share/locale"' -MD -MQ json-glib/tests/object.p/object.c.o -MF json-glib/tests/object.p/object.c.o.d -o json-glib/tests/object.p/object.c.o -c ../json-glib/tests/object.c
[ 1848s] [48/71] cc -Ijson-glib/tests/node.p -Ijson-glib/tests -I../json-glib/tests -I. -I.. -Ijson-glib -I/usr/include/glib-2.0 -I/usr/lib64/glib-2.0/include -I/usr/include/libmount -I/usr/include/blkid -fdiagnostics-color=always -D_FILE_OFFSET_BITS=64 -Wall -Winvalid-pch -std=c99 -O2 -g -pipe -Wall -Werror=format-security -Wp,-D_FORTIFY_SOURCE=2 -Wp,-D_GLIBCXX_ASSERTIONS -fstack-protector-strong -grecord-gcc-switches -specs=/usr/lib/rpm/generic-hardened-cc1 -fasynchronous-unwind-tables -fstack-clash-protection -pthread '-DG_LOG_DOMAIN="Json"' -DG_LOG_USE_STRUCTURED=1 -DJSON_COMPILATION '-DJSON_LOCALEDIR="/usr/share/locale"' -MD -MQ json-glib/tests/node.p/node.c.o -MF json-glib/tests/node.p/node.c.o.d -o json-glib/tests/node.p/node.c.o -c ../json-glib/tests/node.c
[ 1851s] [49/71] cc -Ijson-glib/tests/reader.p -Ijson-glib/tests -I../json-glib/tests -I. -I.. -Ijson-glib -I/usr/include/glib-2.0 -I/usr/lib64/glib-2.0/include -I/usr/include/libmount -I/usr/include/blkid -fdiagnostics-color=always -D_FILE_OFFSET_BITS=64 -Wall -Winvalid-pch -std=c99 -O2 -g -pipe -Wall -Werror=format-security -Wp,-D_FORTIFY_SOURCE=2 -Wp,-D_GLIBCXX_ASSERTIONS -fstack-protector-strong -grecord-gcc-switches -specs=/usr/lib/rpm/generic-hardened-cc1 -fasynchronous-unwind-tables -fstack-clash-protection -pthread '-DG_LOG_DOMAIN="Json"' -DG_LOG_USE_STRUCTURED=1 -DJSON_COMPILATION '-DJSON_LOCALEDIR="/usr/share/locale"' -MD -MQ json-glib/tests/reader.p/reader.c.o -MF json-glib/tests/reader.p/reader.c.o.d -o json-glib/tests/reader.p/reader.c.o -c ../json-glib/tests/reader.c
[ 1851s] [50/71] /usr/bin/meson --internal symbolextractor /home/abuild/rpmbuild/BUILD/json-glib-1.6.2/riscv64-openEuler-linux-gnu json-glib/libjson-glib-1.0.so.0.600.2 json-glib/libjson-glib-1.0.so.0.600.2 json-glib/libjson-glib-1.0.so.0.600.2.p/libjson-glib-1.0.so.0.600.2.symbols 
[ 1852s] [51/71] cc -Ijson-glib/tests/parser.p -Ijson-glib/tests -I../json-glib/tests -I. -I.. -Ijson-glib -I/usr/include/glib-2.0 -I/usr/lib64/glib-2.0/include -I/usr/include/libmount -I/usr/include/blkid -fdiagnostics-color=always -D_FILE_OFFSET_BITS=64 -Wall -Winvalid-pch -std=c99 -O2 -g -pipe -Wall -Werror=format-security -Wp,-D_FORTIFY_SOURCE=2 -Wp,-D_GLIBCXX_ASSERTIONS -fstack-protector-strong -grecord-gcc-switches -specs=/usr/lib/rpm/generic-hardened-cc1 -fasynchronous-unwind-tables -fstack-clash-protection -pthread '-DG_LOG_DOMAIN="Json"' -DG_LOG_USE_STRUCTURED=1 -DJSON_COMPILATION '-DJSON_LOCALEDIR="/usr/share/locale"' -MD -MQ json-glib/tests/parser.p/parser.c.o -MF json-glib/tests/parser.p/parser.c.o.d -o json-glib/tests/parser.p/parser.c.o -c ../json-glib/tests/parser.c
[ 1853s] [52/71] cc -Ijson-glib/tests/serialize-simple.p -Ijson-glib/tests -I../json-glib/tests -I. -I.. -Ijson-glib -I/usr/include/glib-2.0 -I/usr/lib64/glib-2.0/include -I/usr/include/libmount -I/usr/include/blkid -fdiagnostics-color=always -D_FILE_OFFSET_BITS=64 -Wall -Winvalid-pch -std=c99 -O2 -g -pipe -Wall -Werror=format-security -Wp,-D_FORTIFY_SOURCE=2 -Wp,-D_GLIBCXX_ASSERTIONS -fstack-protector-strong -grecord-gcc-switches -specs=/usr/lib/rpm/generic-hardened-cc1 -fasynchronous-unwind-tables -fstack-clash-protection -pthread '-DG_LOG_DOMAIN="Json"' -DG_LOG_USE_STRUCTURED=1 -DJSON_COMPILATION '-DJSON_LOCALEDIR="/usr/share/locale"' -MD -MQ json-glib/tests/serialize-simple.p/serialize-simple.c.o -MF json-glib/tests/serialize-simple.p/serialize-simple.c.o.d -o json-glib/tests/serialize-simple.p/serialize-simple.c.o -c ../json-glib/tests/serialize-simple.c
[ 1853s] ninja: build stopped: subcommand failed.
[ 1854s] error: Bad exit status from /var/tmp/rpm-tmp.FyhKHk (%build)
[ 1854s] 
[ 1854s] 
[ 1854s] RPM build errors:
[ 1854s]     line 24: It's not recommended to have unversioned Obsoletes: Obsoletes:      json-glib-tests
[ 1854s]     Bad exit status from /var/tmp/rpm-tmp.FyhKHk (%build)
[ 1854s] 
[ 1854s] oe-RISCV-worker21 failed "build json-glib.spec" at Sat Apr 23 10:23:15 UTC 2022.
[ 1854s] 
