[    0s] Memory limit set to 21970664KB
[    0s] Using BUILD_ROOT=/var/cache/obs/worker/root_1
[    0s] Using BUILD_ARCH=riscv64
[    0s] 
[    4s] 
[    4s] oe-RISCV-worker23 started "build _service:extract_file:jython.spec" at Tue Mar 29 16:00:56 UTC 2022.
[    4s] 
[    4s] Building jython for project 'openEuler:Mainline:RISC-V' repository 'advanced_riscv64' arch 'riscv64' srcmd5 '1f11e3a038eeb93329a6fe60cf03c039'
[    4s] 
[    4s] processing recipe /var/cache/obs/worker/root_1/.build-srcdir/_service:extract_file:jython.spec ...
[    7s] running changelog2spec --target rpm --file /var/cache/obs/worker/root_1/.build-srcdir/_service:extract_file:jython.spec
[    9s] init_buildsystem --configdir /var/run/obs/worker/1/build/configs --cachedir /var/cache/build --clean --rpmlist /var/cache/obs/worker/root_1/.build.rpmlist /var/cache/obs/worker/root_1/.build-srcdir/_service:extract_file:jython.spec build ...
[   95s] cycle: coreutils -> bash
[   95s]   breaking dependency coreutils -> bash
[   95s] cycle: coreutils -> info
[   95s]   breaking dependency coreutils -> info
[   95s] cycle: glibc -> filesystem -> coreutils
[   95s]   breaking dependency coreutils -> glibc
[   95s] cycle: glibc -> filesystem -> coreutils -> libacl
[   95s]   breaking dependency coreutils -> libacl
[   95s] cycle: glibc -> filesystem -> coreutils -> attr
[   95s]   breaking dependency coreutils -> attr
[   95s] cycle: coreutils -> libcap
[   95s]   breaking dependency coreutils -> libcap
[   95s] cycle: glibc -> filesystem -> coreutils -> openssl-libs
[   95s]   breaking dependency coreutils -> openssl-libs
[   95s] cycle: glibc -> filesystem -> coreutils -> libselinux
[   95s]   breaking dependency libselinux -> glibc
[   95s] cycle: glibc -> filesystem -> coreutils -> libselinux -> pcre2
[   95s]   breaking dependency pcre2 -> glibc
[   95s] cycle: glibc -> filesystem -> coreutils -> libselinux -> pcre2 -> readline
[   95s]   breaking dependency readline -> glibc
[   95s] cycle: glibc -> filesystem -> coreutils -> libselinux -> pcre2 -> readline -> ncurses-libs
[   95s]   breaking dependency filesystem -> coreutils
[   95s] cycle: glibc -> filesystem -> bash -> coreutils -> libselinux -> pcre2 -> readline -> ncurses-libs
[   95s]   breaking dependency filesystem -> bash
[   95s] cycle: perl-Carp -> perl-libs
[   95s]   breaking dependency perl-libs -> perl-Carp
[   95s] cycle: perl-libs -> perl-Exporter
[   95s]   breaking dependency perl-libs -> perl-Exporter
[   95s] cycle: perl-Carp -> perl-Exporter
[   95s]   breaking dependency perl-Exporter -> perl-Carp
[   95s] cycle: nss-util -> nss
[   95s]   breaking dependency nss -> nss-util
[   95s] cycle: nss-softokn -> nss-util -> nss
[   95s]   breaking dependency nss -> nss-softokn
[   95s] cycle: systemd -> cryptsetup -> device-mapper
[   95s]   breaking dependency systemd -> cryptsetup
[   95s] cycle: audit -> systemd -> pam
[   95s]   breaking dependency systemd -> pam
[   95s] cycle: rpm -> rpm-libs
[   95s]   breaking dependency rpm -> rpm-libs
[   96s] [1/84] preinstalling dbus...
[   97s] [2/84] preinstalling libffi-devel...
[   99s] [3/84] preinstalling nodejs-source-map...
[  100s] [4/84] preinstalling python3-pip...
[  104s] [5/84] preinstalling python3-setuptools_scm...
[  105s] [6/84] preinstalling filesystem...
[  109s] [7/84] preinstalling glibc...
[  114s] [8/84] preinstalling libgcc...
[  115s] [9/84] preinstalling diffutils...
[  116s] [10/84] preinstalling libcap-ng...
[  118s] [11/84] preinstalling libgpg-error...
[  120s] [12/84] preinstalling libpcap...
[  121s] [13/84] preinstalling libsmartcols...
[  122s] [14/84] preinstalling libuuid...
[  124s] [15/84] preinstalling libxcrypt...
[  125s] [16/84] preinstalling lz4...
[  126s] [17/84] preinstalling m4...
[  127s] [18/84] preinstalling ncurses-libs...
[  130s] [19/84] preinstalling nspr...
[  131s] [20/84] preinstalling xz-libs...
[  132s] [21/84] preinstalling zlib...
[  133s] [22/84] preinstalling attr...
[  134s] [23/84] preinstalling libdb...
[  142s] [24/84] preinstalling zstd...
[  144s] [25/84] preinstalling audit-libs...
[  146s] [26/84] preinstalling file...
[  148s] [27/84] preinstalling iptables-libs...
[  149s] [28/84] preinstalling libacl...
[  151s] [29/84] preinstalling libgcrypt...
[  152s] [30/84] preinstalling openssl-libs...
[  155s] [31/84] preinstalling readline...
[  156s] [32/84] preinstalling ncurses...
[  164s] [33/84] preinstalling cmake...
[  181s] [34/84] preinstalling perl-libs...
[  184s] [35/84] preinstalling pcre2...
[  186s] [36/84] preinstalling perl-Exporter...
[  187s] [37/84] preinstalling pcre...
[  188s] [38/84] preinstalling acl...
[  190s] [39/84] preinstalling sqlite...
[  192s] [40/84] preinstalling libselinux...
[  194s] [41/84] preinstalling perl-Carp...
[  195s] [42/84] preinstalling perl-Digest-MD5...
[  196s] [43/84] preinstalling sed...
[  197s] [44/84] preinstalling coreutils...
[  204s] [45/84] preinstalling bash...
[  207s] [46/84] preinstalling openssl...
[  208s] [47/84] preinstalling dnf...
[  209s] [48/84] preinstalling bzip2...
[  211s] [49/84] preinstalling elfutils...
[  213s] [50/84] preinstalling hostname...
[  214s] [51/84] preinstalling libcap...
[  214s] [52/84] preinstalling popt...
[  215s] [53/84] preinstalling grep...
[  217s] [54/84] preinstalling libblkid...
[  218s] [55/84] preinstalling perl-constant...
[  219s] [56/84] preinstalling tar...
[  221s] [57/84] preinstalling info...
[  222s] [58/84] preinstalling libgcrypt-devel...
[  223s] [59/84] preinstalling lua...
[  224s] [60/84] preinstalling nss...
[  225s] [61/84] preinstalling chkconfig...
[  227s] [62/84] preinstalling copy-jdk-configs...
[  227s] [63/84] preinstalling libfdisk...
[  228s] [64/84] preinstalling libmount...
[  229s] [65/84] preinstalling libsemanage...
[  230s] [66/84] preinstalling nss-util...
[  232s] [67/84] preinstalling findutils...
[  233s] [68/84] preinstalling perl-Getopt-Long...
[  234s] [69/84] preinstalling xz...
[  235s] [70/84] preinstalling perl-Data-Dumper...
[  235s] [71/84] preinstalling systemd-libs...
[  237s] [72/84] preinstalling rpm...
[  238s] [73/84] preinstalling dbus-libs...
[  239s] [74/84] preinstalling nss-softokn...
[  240s] [75/84] preinstalling glib2...
[  245s] [76/84] preinstalling openEuler-rpm-config...
[  246s] [77/84] preinstalling rpm-libs...
[  247s] [78/84] preinstalling systemd...
[  251s] [79/84] preinstalling audit...
[  252s] [80/84] preinstalling pam...
[  253s] [81/84] preinstalling util-linux...
[  257s] [82/84] preinstalling device-mapper...
[  258s] [83/84] preinstalling cryptsetup...
[  260s] [84/84] preinstalling lvm2...
[  262s] 
[  265s] initializing rpm db...
[  277s] reordering...cycle: bash -> coreutils
[  277s]   breaking dependency coreutils -> bash
[  277s] cycle: bash -> coreutils -> info
[  277s]   breaking dependency coreutils -> info
[  277s] cycle: glibc -> basesystem -> filesystem -> bash -> coreutils -> gmp
[  277s]   breaking dependency filesystem -> bash
[  277s] cycle: glibc -> basesystem -> filesystem -> coreutils -> gmp
[  277s]   breaking dependency coreutils -> gmp
[  277s] cycle: glibc -> basesystem -> filesystem -> coreutils
[  277s]   breaking dependency coreutils -> glibc
[  277s] cycle: glibc -> basesystem -> filesystem -> coreutils -> libacl
[  277s]   breaking dependency coreutils -> libacl
[  277s] cycle: glibc -> basesystem -> filesystem -> coreutils -> attr
[  277s]   breaking dependency coreutils -> attr
[  277s] cycle: coreutils -> libcap -> bash
[  277s]   breaking dependency coreutils -> libcap
[  277s] cycle: glibc -> basesystem -> filesystem -> coreutils -> openssl-libs
[  277s]   breaking dependency openssl-libs -> glibc
[  277s] cycle: coreutils -> openssl-libs -> ca-certificates -> bash
[  277s]   breaking dependency ca-certificates -> bash
[  277s] cycle: coreutils -> openssl-libs -> ca-certificates
[  277s]   breaking dependency ca-certificates -> coreutils
[  277s] cycle: coreutils -> openssl-libs -> ca-certificates -> grep -> bash
[  277s]   breaking dependency grep -> bash
[  277s] cycle: coreutils -> openssl-libs -> ca-certificates -> grep
[  277s]   breaking dependency ca-certificates -> grep
[  277s] cycle: glibc -> basesystem -> filesystem -> coreutils -> openssl-libs -> ca-certificates -> p11-kit
[  277s]   breaking dependency p11-kit -> glibc
[  277s] cycle: glibc -> basesystem -> filesystem -> coreutils -> openssl-libs -> ca-certificates -> p11-kit -> libffi
[  277s]   breaking dependency openssl-libs -> ca-certificates
[  277s] cycle: coreutils -> openssl-libs -> crypto-policies -> bash
[  277s]   breaking dependency crypto-policies -> bash
[  277s] cycle: coreutils -> openssl-libs -> crypto-policies
[  277s]   breaking dependency crypto-policies -> coreutils
[  277s] cycle: coreutils -> openssl-libs -> crypto-policies -> python3 -> bash
[  277s]   breaking dependency python3 -> bash
[  277s] cycle: coreutils -> openssl-libs -> crypto-policies -> python3
[  277s]   breaking dependency python3 -> coreutils
[  277s] cycle: glibc -> basesystem -> filesystem -> coreutils -> openssl-libs -> crypto-policies -> python3
[  277s]   breaking dependency python3 -> glibc
[  277s] cycle: coreutils -> openssl-libs -> crypto-policies -> python3 -> bzip2 -> bash
[  277s]   breaking dependency python3 -> bzip2
[  277s] cycle: glibc -> basesystem -> filesystem -> coreutils -> openssl-libs -> crypto-policies -> python3 -> libxcrypt
[  277s]   breaking dependency python3 -> libxcrypt
[  277s] cycle: openssl-libs -> crypto-policies -> python3
[  277s]   breaking dependency python3 -> openssl-libs
[  277s] cycle: glibc -> basesystem -> filesystem -> coreutils -> openssl-libs -> crypto-policies -> python3 -> expat
[  277s]   breaking dependency python3 -> expat
[  277s] cycle: glibc -> basesystem -> filesystem -> coreutils -> openssl-libs -> crypto-policies -> python3 -> libffi
[  277s]   breaking dependency python3 -> libffi
[  277s] cycle: glibc -> basesystem -> filesystem -> coreutils -> openssl-libs -> crypto-policies -> python3 -> gdbm
[  277s]   breaking dependency python3 -> gdbm
[  277s] cycle: glibc -> basesystem -> filesystem -> coreutils -> openssl-libs -> crypto-policies -> python3 -> xz-libs
[  277s]   breaking dependency python3 -> xz-libs
[  277s] cycle: glibc -> basesystem -> filesystem -> coreutils -> openssl-libs -> crypto-policies -> python3 -> ncurses-libs
[  277s]   breaking dependency python3 -> ncurses-libs
[  277s] cycle: coreutils -> openssl-libs -> crypto-policies -> python3 -> libnsl2 -> bash
[  277s]   breaking dependency python3 -> libnsl2
[  277s] cycle: glibc -> basesystem -> filesystem -> coreutils -> openssl-libs -> crypto-policies -> python3 -> readline
[  277s]   breaking dependency python3 -> readline
[  277s] cycle: glibc -> basesystem -> filesystem -> coreutils -> openssl-libs -> crypto-policies -> python3 -> sqlite
[  277s]   breaking dependency sqlite -> glibc
[  277s] cycle: glibc -> basesystem -> filesystem -> coreutils -> openssl-libs -> crypto-policies -> python3 -> sqlite -> ncurses-libs
[  277s]   breaking dependency python3 -> sqlite
[  277s] cycle: glibc -> basesystem -> filesystem -> coreutils -> openssl-libs -> crypto-policies -> python3 -> libtirpc
[  277s]   breaking dependency python3 -> libtirpc
[  277s] cycle: glibc -> basesystem -> filesystem -> coreutils -> openssl-libs -> crypto-policies -> python3 -> libuuid
[  277s]   breaking dependency python3 -> libuuid
[  277s] cycle: glibc -> basesystem -> filesystem -> coreutils -> openssl-libs -> crypto-policies -> python3 -> zlib
[  277s]   breaking dependency glibc -> basesystem
[  277s] cycle: glibc -> glibc-common -> bash -> coreutils -> openssl-libs -> crypto-policies -> python3 -> zlib
[  277s]   breaking dependency glibc-common -> bash
[  277s] cycle: glibc -> glibc-common -> coreutils -> openssl-libs -> crypto-policies -> python3 -> zlib
[  277s]   breaking dependency glibc-common -> coreutils
[  277s] cycle: glibc -> glibc-common
[  277s]   breaking dependency glibc-common -> glibc
[  277s] cycle: glibc -> glibc-common -> libselinux
[  277s]   breaking dependency libselinux -> glibc
[  277s] cycle: glibc -> glibc-common -> libselinux -> pcre2
[  277s]   breaking dependency pcre2 -> glibc
[  277s] cycle: glibc -> glibc-common -> libselinux -> pcre2 -> readline
[  277s]   breaking dependency readline -> glibc
[  277s] cycle: glibc -> glibc-common -> libselinux -> pcre2 -> readline -> ncurses-libs
[  277s]   breaking dependency libselinux -> pcre2
[  277s] cycle: glibc -> glibc-common -> libselinux -> libsepol -> bash -> coreutils -> openssl-libs -> crypto-policies -> python3 -> zlib
[  277s]   breaking dependency bash -> coreutils
[  277s] cycle: glibc -> glibc-common -> libselinux -> libsepol -> bash -> filesystem -> coreutils -> openssl-libs -> crypto-policies -> python3 -> zlib
[  277s]   breaking dependency libsepol -> bash
[  277s] cycle: glibc -> glibc-common -> libselinux -> libsepol -> coreutils -> openssl-libs -> crypto-policies -> python3 -> zlib
[  277s]   breaking dependency crypto-policies -> python3
[  277s] cycle: coreutils -> openssl-libs -> crypto-policies -> grep
[  277s]   breaking dependency grep -> coreutils
[  277s] cycle: glibc -> glibc-common -> libselinux -> libsepol -> coreutils -> openssl-libs -> crypto-policies -> grep
[  277s]   breaking dependency coreutils -> openssl-libs
[  277s] cycle: libselinux -> libsepol -> coreutils
[  277s]   breaking dependency libsepol -> coreutils
[  277s] cycle: glibc -> glibc-common -> libselinux -> libsepol
[  277s]   breaking dependency glibc -> glibc-common
[  277s] cycle: glibc -> filesystem -> coreutils -> libselinux -> libsepol
[  277s]   breaking dependency filesystem -> coreutils
[  277s] cycle: filesystem -> setup
[  277s]   breaking dependency filesystem -> setup
[  277s] cycle: systemd -> cryptsetup -> device-mapper
[  277s]   breaking dependency systemd -> cryptsetup
[  277s] cycle: glib2 -> gamin
[  277s]   breaking dependency glib2 -> gamin
[  277s] cycle: systemd -> pam -> audit
[  277s]   breaking dependency systemd -> pam
[  277s] cycle: systemd -> shadow -> pam -> audit
[  277s]   breaking dependency systemd -> shadow
[  277s] cycle: pam -> libpwquality
[  277s]   breaking dependency pam -> libpwquality
[  277s] cycle: rpm -> rpm-libs
[  277s]   breaking dependency rpm -> rpm-libs
[  277s] cycle: perl-libs -> perl-Carp
[  277s]   breaking dependency perl-libs -> perl-Carp
[  277s] cycle: perl-libs -> perl-Exporter
[  277s]   breaking dependency perl-libs -> perl-Exporter
[  277s] cycle: perl-Carp -> perl-Exporter
[  277s]   breaking dependency perl-Exporter -> perl-Carp
[  277s] cycle: perl -> perl-PathTools
[  277s]   breaking dependency perl -> perl-PathTools
[  277s] cycle: perl -> perl-ExtUtils-MakeMaker
[  277s]   breaking dependency perl -> perl-ExtUtils-MakeMaker
[  277s] cycle: perl -> perl-File-Path -> perl-PathTools
[  277s]   breaking dependency perl -> perl-File-Path
[  277s] cycle: perl -> perl-Getopt-Long -> perl-Pod-Usage
[  277s]   breaking dependency perl -> perl-Getopt-Long
[  277s] cycle: perl -> perl-Locale-Maketext
[  277s]   breaking dependency perl -> perl-Locale-Maketext
[  277s] cycle: perl -> perl-Pod-Simple
[  277s]   breaking dependency perl -> perl-Pod-Simple
[  277s] cycle: perl -> perl-Socket
[  277s]   breaking dependency perl -> perl-Socket
[  277s] cycle: perl -> perl-Storable
[  277s]   breaking dependency perl -> perl-Storable
[  277s] cycle: perl -> perl-Text-Tabs+Wrap
[  277s]   breaking dependency perl -> perl-Text-Tabs+Wrap
[  277s] cycle: perl -> perl-Time-Local -> perl-constant
[  277s]   breaking dependency perl -> perl-Time-Local
[  277s] cycle: perl -> perl-constant
[  277s]   breaking dependency perl -> perl-constant
[  277s] cycle: perl -> perl-threads
[  277s]   breaking dependency perl -> perl-threads
[  277s] cycle: perl -> perl-threads-shared
[  277s]   breaking dependency perl -> perl-threads-shared
[  277s] cycle: perl -> perl-Archive-Tar
[  277s]   breaking dependency perl -> perl-Archive-Tar
[  277s] cycle: perl -> perl-B-Debug
[  277s]   breaking dependency perl -> perl-B-Debug
[  277s] cycle: perl -> perl-CPAN-Meta -> perl-CPAN-Meta-Requirements
[  277s]   breaking dependency perl -> perl-CPAN-Meta
[  277s] cycle: perl -> perl-CPAN-Meta-Requirements
[  277s]   breaking dependency perl -> perl-CPAN-Meta-Requirements
[  277s] cycle: perl -> perl-CPAN-Meta-YAML
[  277s]   breaking dependency perl -> perl-CPAN-Meta-YAML
[  277s] cycle: perl -> perl-Compress-Raw-Bzip2
[  277s]   breaking dependency perl -> perl-Compress-Raw-Bzip2
[  277s] cycle: perl -> perl-Compress-Raw-Zlib
[  277s]   breaking dependency perl -> perl-Compress-Raw-Zlib
[  277s] cycle: perl -> perl-Config-Perl-V
[  277s]   breaking dependency perl -> perl-Config-Perl-V
[  277s] cycle: perl -> perl-DB_File
[  277s]   breaking dependency perl -> perl-DB_File
[  277s] cycle: perl -> perl-Data-Dumper
[  277s]   breaking dependency perl -> perl-Data-Dumper
[  277s] cycle: perl -> perl-Devel-PPPort
[  277s]   breaking dependency perl -> perl-Devel-PPPort
[  277s] cycle: perl -> perl-Digest -> perl-MIME-Base64
[  277s]   breaking dependency perl -> perl-Digest
[  277s] cycle: perl -> perl-Digest-MD5 -> perl-Digest -> perl-MIME-Base64
[  277s]   breaking dependency perl -> perl-Digest-MD5
[  277s] cycle: perl -> perl-Digest-SHA
[  277s]   breaking dependency perl -> perl-Digest-SHA
[  277s] cycle: perl -> perl-Encode
[  277s]   breaking dependency perl -> perl-Encode
[  277s] cycle: perl -> perl-Env
[  277s]   breaking dependency perl -> perl-Env
[  277s] cycle: perl -> perl-ExtUtils-Command
[  277s]   breaking dependency perl -> perl-ExtUtils-Command
[  277s] cycle: perl -> perl-ExtUtils-Install
[  277s]   breaking dependency perl -> perl-ExtUtils-Install
[  277s] cycle: perl -> perl-ExtUtils-Manifest
[  277s]   breaking dependency perl -> perl-ExtUtils-Manifest
[  277s] cycle: perl -> perl-ExtUtils-ParseXS
[  277s]   breaking dependency perl -> perl-ExtUtils-ParseXS
[  277s] cycle: perl -> perl-File-Fetch -> perl-PathTools
[  277s]   breaking dependency perl -> perl-File-Fetch
[  277s] cycle: perl -> perl-File-Temp -> perl-PathTools
[  277s]   breaking dependency perl -> perl-File-Temp
[  277s] cycle: perl -> perl-Filter
[  277s]   breaking dependency perl -> perl-Filter
[  277s] cycle: perl -> perl-Filter-Simple -> perl-Filter
[  277s]   breaking dependency perl -> perl-Filter-Simple
[  277s] cycle: perl -> perl-HTTP-Tiny
[  277s]   breaking dependency perl -> perl-HTTP-Tiny
[  277s] cycle: perl -> perl-IO-Compress
[  277s]   breaking dependency perl -> perl-IO-Compress
[  277s] cycle: perl -> perl-IO-Socket-IP
[  277s]   breaking dependency perl -> perl-IO-Socket-IP
[  277s] cycle: perl -> perl-IPC-Cmd -> perl-ExtUtils-MakeMaker
[  277s]   breaking dependency perl -> perl-IPC-Cmd
[  277s] cycle: perl -> perl-IPC-SysV
[  277s]   breaking dependency perl -> perl-IPC-SysV
[  277s] cycle: perl -> perl-JSON-PP
[  277s]   breaking dependency perl -> perl-JSON-PP
[  277s] cycle: perl -> perl-Locale-Codes -> perl-constant
[  277s]   breaking dependency perl -> perl-Locale-Codes
[  277s] cycle: perl -> perl-MIME-Base64
[  277s]   breaking dependency perl -> perl-MIME-Base64
[  277s] cycle: perl -> perl-Math-BigInt
[  277s]   breaking dependency perl -> perl-Math-BigInt
[  277s] cycle: perl -> perl-Math-BigInt-FastCalc -> perl-Math-BigInt
[  277s]   breaking dependency perl -> perl-Math-BigInt-FastCalc
[  277s] cycle: perl -> perl-Math-BigRat -> perl-Math-BigInt
[  277s]   breaking dependency perl -> perl-Math-BigRat
[  277s] cycle: perl -> perl-Module-CoreList
[  277s]   breaking dependency perl -> perl-Module-CoreList
[  277s] cycle: perl -> perl-Module-Load -> perl-PathTools
[  277s]   breaking dependency perl -> perl-Module-Load
[  277s] cycle: perl -> perl-Module-Load-Conditional
[  277s]   breaking dependency perl -> perl-Module-Load-Conditional
[  277s] cycle: perl -> perl-Module-Metadata
[  277s]   breaking dependency perl -> perl-Module-Metadata
[  277s] cycle: perl -> perl-Params-Check
[  277s]   breaking dependency perl -> perl-Params-Check
[  277s] cycle: perl -> perl-PerlIO-via-QuotedPrint -> perl-MIME-Base64
[  277s]   breaking dependency perl -> perl-PerlIO-via-QuotedPrint
[  277s] cycle: perl -> perl-Pod-Checker
[  277s]   breaking dependency perl -> perl-Pod-Checker
[  277s] cycle: perl -> perl-Pod-Escapes
[  277s]   breaking dependency perl -> perl-Pod-Escapes
[  277s] cycle: perl -> perl-Pod-Parser
[  277s]   breaking dependency perl -> perl-Pod-Parser
[  277s] cycle: perl -> perl-Pod-Perldoc
[  277s]   breaking dependency perl -> perl-Pod-Perldoc
[  277s] cycle: perl -> perl-Pod-Usage
[  277s]   breaking dependency perl -> perl-Pod-Usage
[  277s] cycle: perl -> perl-Sys-Syslog
[  277s]   breaking dependency perl -> perl-Sys-Syslog
[  277s] cycle: perl -> perl-Term-Cap
[  277s]   breaking dependency perl -> perl-Term-Cap
[  277s] cycle: perl -> perl-Test-Harness
[  277s]   breaking dependency perl -> perl-Test-Harness
[  277s] cycle: perl -> perl-Test-Simple
[  277s]   breaking dependency perl -> perl-Test-Simple
[  277s] cycle: perl -> perl-Text-Balanced
[  277s]   breaking dependency perl -> perl-Text-Balanced
[  277s] cycle: perl -> perl-Thread-Queue -> perl-threads-shared
[  277s]   breaking dependency perl -> perl-Thread-Queue
[  277s] cycle: perl -> perl-Unicode-Collate -> perl-PathTools
[  277s]   breaking dependency perl -> perl-Unicode-Collate
[  277s] cycle: perl -> perl-autodie
[  277s]   breaking dependency perl -> perl-autodie
[  277s] cycle: perl -> perl-bignum -> perl-Math-BigInt
[  277s]   breaking dependency perl -> perl-bignum
[  277s] cycle: perl -> perl-devel
[  277s]   breaking dependency perl -> perl-devel
[  277s] cycle: perl -> perl-Encode-devel
[  277s]   breaking dependency perl -> perl-Encode-devel
[  277s] cycle: perl -> perl-experimental
[  277s]   breaking dependency perl -> perl-experimental
[  277s] cycle: perl -> perl-libnet -> perl-Digest-MD5 -> perl-Digest -> perl-MIME-Base64
[  277s]   breaking dependency perl -> perl-libnet
[  277s] cycle: perl -> perl-podlators
[  277s]   breaking dependency perl -> perl-podlators
[  277s] cycle: perl -> perl-version
[  277s]   breaking dependency perl -> perl-version
[  277s] cycle: perl-Getopt-Long -> perl-Pod-Usage
[  277s]   breaking dependency perl-Pod-Usage -> perl-Getopt-Long
[  277s] cycle: perl-Getopt-Long -> perl-Pod-Usage -> perl-podlators -> perl-Encode
[  277s]   breaking dependency perl-podlators -> perl-Encode
[  277s] cycle: perl-Getopt-Long -> perl-Pod-Usage -> perl-podlators
[  277s]   breaking dependency perl-podlators -> perl-Getopt-Long
[  277s] cycle: perl-Getopt-Long -> perl-Pod-Usage -> perl-podlators -> perl-Pod-Simple -> perl-Encode
[  277s]   breaking dependency perl-Encode -> perl-Getopt-Long
[  277s] cycle: perl-Getopt-Long -> perl-Pod-Usage -> perl-podlators -> perl-Pod-Simple
[  277s]   breaking dependency perl-podlators -> perl-Pod-Simple
[  277s] cycle: perl-Pod-Usage -> perl-podlators
[  277s]   breaking dependency perl-podlators -> perl-Pod-Usage
[  277s] cycle: groff -> perl-Getopt-Long -> perl-Pod-Usage -> perl-Pod-Perldoc
[  277s]   breaking dependency groff -> perl-Getopt-Long
[  277s] cycle: nss -> nss-util
[  277s]   breaking dependency nss -> nss-util
[  277s] cycle: nss -> nss-softokn -> nss-util
[  277s]   breaking dependency nss -> nss-softokn
[  277s] cycle: libxcrypt-devel -> glibc-devel
[  277s]   breaking dependency glibc-devel -> libxcrypt-devel
[  277s] cycle: cmake-data -> cmake
[  277s]   breaking dependency cmake -> cmake-data
[  277s] cycle: perl-Getopt-Long -> perl-Pod-Usage -> perl-Pod-Perldoc -> perl-Pod-Simple
[  277s]   breaking dependency perl-Pod-Perldoc -> perl-Pod-Simple
[  277s] cycle: openssh -> openssh-server
[  277s]   breaking dependency openssh-server -> openssh
[  277s] cycle: perl-Git -> git
[  277s]   breaking dependency git -> perl-Git
[  277s] cycle: xalan-j2 -> xerces-j2
[  277s]   breaking dependency xerces-j2 -> xalan-j2
[  277s] cycle: perl-ExtUtils-Install -> perl-ExtUtils-MakeMaker
[  277s]   breaking dependency perl-ExtUtils-MakeMaker -> perl-ExtUtils-Install
[  278s] done
[  278s] querying package ids...
[  322s] [1/417] installing cmake-filesystem-3.22.0-1.oe1
[  323s] [2/417] installing fonts-filesystem-2.0.5-2.oe1
[  324s] [3/417] installing fuse-common-3.9.2-5.oe1
[  325s] [4/417] installing javapackages-filesystem-5.3.0-3.oe1
[  326s] [5/417] installing kernel-headers-5.10-3.oe1
[  336s] [6/417] installing libreport-filesystem-2.13.1-5.oe1
[  337s] [7/417] installing ncurses-base-6.2-1.oe1
[  339s] [8/417] installing openEuler-gpg-keys-1.0-3.0.oe1
[  340s] [9/417] installing python-setuptools-wheel-41.6.0-1.fc32
[  343s] [10/417] installing qt5-srpm-macros-5.15.2-1.oe1
[  345s] [11/417] installing tzdata-2021a-2.oe1
[  360s] [12/417] installing tzdata-java-2021a-2.oe1
[  363s] [13/417] installing dnf-data-4.10.0-1.oe1
[  364s] [14/417] installing openEuler-repos-1.0-3.0.oe1
[  365s] [15/417] installing wqy-zenhei-fonts-0.9.46-21.oe1
[  377s] [16/417] installing openEuler-release-22.03LTS-52.oe1
[  381s] [17/417] installing filesystem-3.14-2.oe1
[  392s] warning: group mail does not exist - using root
[  392s] [18/417] installing emacs-filesystem-1:27.1-5.oe1
[  394s] [19/417] installing libgcc-10.3.1-20220105.6.oe1
[  397s] [20/417] installing setup-2.13.9.1-1.oe1
[  399s] [21/417] installing glibc-2.34-64.oe1
[  409s] [22/417] installing brotli-1.0.9-2.oe1
[  412s] [23/417] installing chrpath-0.16-12.oe1
[  413s] [24/417] installing cpio-2.13-4.oe1
[  419s] [25/417] installing diffutils-3.7-4.oe1
[  422s] [26/417] installing expat-2.2.10-1.oe1
[  423s] [27/417] installing giflib-5.2.1-2.oe1
[  424s] [28/417] installing json-c-0.15-2.oe1
[  425s] [29/417] installing keyutils-libs-1.6.3-3.oe1
[  427s] [30/417] installing libICE-1.0.10-2.oe1
[  428s] [31/417] installing libXau-1.0.9-2.oe1
[  429s] [32/417] installing libaio-0.3.112-1.oe1
[  430s] [33/417] installing libargon2-20190702-1.oe1
[  432s] [34/417] installing libatomic-10.3.1-20220105.6.oe1
[  434s] [35/417] installing libcap-ng-0.7.11-1.oe1
[  436s] [36/417] installing libev-4.33-2.oe1
[  438s] [37/417] installing libffi-3.3-31.oe1
[  440s] [38/417] installing libgomp-10.3.1-20220105.6.oe1
[  445s] [39/417] installing libgpg-error-1.41-1.oe1
[  450s] [40/417] installing libjpeg-turbo-2.0.6-1.oe1
[  454s] [41/417] installing libnghttp2-1.42.0-1.oe1
[  456s] [42/417] installing libpcap-14:1.9.1-7.oe1
[  457s] [43/417] installing libpipeline-1.5.3-1.oe1
[  458s] [44/417] installing libsigsegv-2.12-1.oe1
[  461s] [45/417] installing libsmartcols-2.36.1-3.oe1
[  465s] [46/417] installing libtasn1-4.16.0-2.oe1
[  468s] [47/417] installing libtool-ltdl-2.4.6-34.oe1
[  469s] [48/417] installing libunistring-0.9.10-8.oe1
[  474s] [49/417] installing libuuid-2.36.1-3.oe1
[  476s] [50/417] installing libuv-1:1.40.0-1.oe1
[  477s] [51/417] installing libxcrypt-4.4.17-1.oe1
[  479s] [52/417] installing libyaml-0.2.5-1.oe1
[  481s] [53/417] installing lz4-1.9.3-1.oe1
[  483s] [54/417] installing m4-1.4.18-14.oe1
[  484s] [55/417] installing nspr-4.32.0-1.oe1
[  485s] [56/417] installing pkgconf-1.7.3-1.oe1
[  486s] [57/417] installing rhash-1.3.5-5.oe1
[  490s] [58/417] installing which-2.21-14.oe1
[  491s] [59/417] installing xz-libs-5.2.5-1.oe1
[  492s] [60/417] installing zlib-1.2.11-18.oe1
[  494s] [61/417] installing attr-2.4.48-12.oe1
[  495s] [62/417] installing basesystem-12-2.oe1
[  496s] [63/417] installing libstdc++-10.3.1-20220105.6.oe1
[  500s] [64/417] installing ncurses-libs-6.2-1.oe1
[  504s] [65/417] installing libsepol-3.1-4.oe1
[  508s] [66/417] installing libstdc++-devel-10.3.1-20220105.6.oe1
[  520s] [67/417] installing audit-libs-1:3.0-2.oe1
[  521s] [68/417] installing elfutils-libelf-0.185-3.oe1
[  523s] [69/417] installing file-libs-5.39-6.oe1
[  528s] [70/417] installing gmp-1:6.2.1-3.oe1
[  532s] [71/417] installing iptables-libs-1.8.5-1.oe1
[  535s] [72/417] installing less-563-2.oe1
[  536s] [73/417] installing libacl-2.3.1-2.oe1
[  537s] [74/417] installing libassuan-2.5.4-1.oe1
[  539s] [75/417] installing libedit-3.1-27.oe1
[  541s] [76/417] installing libffi-devel-3.3-31.oe1
[  543s] [77/417] installing libfontenc-1.1.4-2.oe1
[  547s] [78/417] installing libgcrypt-1.8.7-1.oe1
[  550s] [79/417] installing libmetalink-0.1.3-8.oe1
[  552s] [80/417] installing libpng-2:1.6.37-1.oe1
[  553s] [81/417] installing libxcb-1.14-1.oe1
[  555s] [82/417] installing readline-8.1-1.oe1
[  556s] [83/417] installing fuse-2.9.9-6.oe1
[  560s] [84/417] installing gc-8.0.4-3.oe1
[  561s] [85/417] installing libSM-1.2.3-2.oe1
[  563s] [86/417] installing libdb-5.3.28-37.oe1
[  570s] [87/417] installing libselinux-3.1-3.oe1
[  573s] [88/417] installing libxml2-2.9.10-15.oe1
[  578s] [89/417] installing bash-5.1.8-1.oe1
[  583s] [90/417] installing perl-libs-4:5.28.0-435.oe1
[  590s] [91/417] installing zstd-1.4.8-2.oe1
[  594s] [92/417] installing ncurses-6.2-1.oe1
[  607s] [93/417] installing thin-provisioning-tools-0.9.0-2.oe1
[  610s] [94/417] installing perl-parent-1:0.238-1.oe1
[  610s] [95/417] installing perl-perlfaq-5.20200523-1.oe1
[  612s] [96/417] installing libX11-1.7.0-2.oe1
[  619s] [97/417] installing mpfr-4.1.0-1.oe1
[  622s] [98/417] installing nettle-3.6-6.oe1
[  627s] [99/417] installing pcre2-10.39-1.oe1
[  630s] [100/417] installing perl-Exporter-5.74-1.oe1
[  632s] [101/417] installing file-5.39-6.oe1
[  634s] [102/417] installing gdbm-1:1.18.1-1.oe1
[  636s] [103/417] installing patch-2.7.6-12.oe1
[  638s] [104/417] installing qrencode-4.1.1-2.oe1
[  640s] [105/417] installing sed-4.8-2.oe1
[  643s] [106/417] installing acl-2.3.1-2.oe1
[  645s] [107/417] installing libcomps-0.1.15-1.oe1
[  647s] [108/417] installing pcre-8.45-1.oe1
[  648s] [109/417] installing glibc-common-2.34-64.oe1
[  662s] [110/417] installing coreutils-8.31-4.oe1
[  670s] [111/417] installing alsa-lib-1.2.4-1.oe1
[  673s] [112/417] installing crontabs-1.11-22.oe1
[  675s] [113/417] installing elfutils-default-yama-scope-0.185-3.oe1
[  676s] /usr/lib/systemd/systemd-sysctl: error while loading shared libraries: libkmod.so.2: cannot open shared object file: No such file or directory
[  676s] [114/417] installing libXcomposite-0.4.5-1.oe1
[  681s] [115/417] installing libXext-1.3.4-2.oe1
[  683s] [116/417] installing libXpm-3.5.13-1.oe1
[  685s] [117/417] installing libXrender-0.9.10-10.oe1
[  687s] [118/417] installing perl-Carp-1.50-418.oe1
[  688s] [119/417] installing perl-Perl-OSType-1.010-421.oe1
[  691s] [120/417] installing perl-Term-ANSIColor-5.01-1.oe1
[  693s] [121/417] installing publicsuffix-list-20200718-1.oe1
[  695s] [122/417] installing uname-build-checks-1.0-0.5.oe1
[  697s] [123/417] installing bzip2-1.0.8-3.oe1
[  700s] [124/417] installing gzip-1.11-1.oe1
[  702s] [125/417] installing hostname-3.21-2.oe1
[  703s] [126/417] installing libcap-2.32-2.oe1
[  705s] [127/417] installing libmpc-1.2.0-2.oe1
[  707s] [128/417] installing libseccomp-2.5.3-1.oe1
[  710s] [129/417] installing lksctp-tools-1.0.18-2.oe1
[  712s] [130/417] installing npth-1.6-2.oe1
[  713s] [131/417] installing popt-1.18-1.oe1
[  719s] [132/417] installing grep-3.6-1.oe1
[  724s] [133/417] installing libXt-1.2.0-0.oe1
[  726s] [134/417] installing libblkid-2.36.1-3.oe1
[  728s] [135/417] installing libidn2-2.3.0-1.oe1
[  731s] [136/417] installing libksba-1.5.0-1.oe1
[  736s] [137/417] installing tar-2:1.32-3.oe1
[  742s] [138/417] installing tcl-1:8.6.10-3.oe1
[  751s] [139/417] installing info-6.7-2.oe1
[  754s] [140/417] installing jsoncpp-1.9.4-1.oe1
[  758s] [141/417] installing libgpg-error-devel-1.41-1.oe1
[  762s] [142/417] installing lua-5.3.5-6.oe1
[  768s] [143/417] installing slang-2.3.2-8.oe1
[  777s] [144/417] installing gawk-5.1.0-1.oe1
[  781s] [145/417] installing libxslt-1.1.34-6.oe1
[  788s] [146/417] installing gettext-0.21-4.oe1
[  796s] [147/417] installing guile-5:2.0.14-15.oe1
[  806s] [148/417] installing zip-3.0-29.oe1
[  809s] [149/417] installing libXi-1.7.10-1.oe1
[  813s] [150/417] installing libfdisk-2.36.1-3.oe1
[  816s] [151/417] installing lua-posix-35.0-1.oe1
[  820s] [152/417] installing newt-0.52.21-4.oe1
[  826s] [153/417] installing perl-Text-ParseWords-3.30-419.oe1
[  829s] [154/417] installing elfutils-libs-0.185-3.oe1
[  831s] [155/417] installing libXmu-1.1.3-1.oe1
[  834s] [156/417] installing libmount-2.36.1-3.oe1
[  839s] [157/417] installing unzip-6.0-47.oe1
[  841s] [158/417] installing cracklib-2.9.7-6.oe1
[  849s] [159/417] installing crypto-policies-20200619-1.git781bbd4.oe1
[  852s] [160/417] installing e2fsprogs-1.45.6-3.oe1
[  857s] [161/417] installing findutils-2:4.7.0-7.oe1
[  862s] [162/417] installing libsemanage-3.1-4.oe1
[  866s] [163/417] installing make-1:4.3-3.oe1
[  869s] [164/417] installing sqlite-3.36.0-2.oe1
[  874s] [165/417] installing xz-5.2.5-1.oe1
[  878s] [166/417] installing freetype-2.11.0-2.oe1
[  882s] [167/417] installing logrotate-3.17.0-1.oe1
[  885s] [168/417] installing perl-Scalar-List-Utils-4:1.60-1.oe1
[  887s] [169/417] installing perl-Time-HiRes-1:1.9764-1.oe1
[  890s] [170/417] installing perl-Unicode-Normalize-1.26-419.oe1
[  892s] [171/417] installing glibc-devel-2.34-64.oe1
[  910s] [172/417] installing libgcrypt-devel-1.8.7-1.oe1
[  916s] [173/417] installing cpp-10.3.1-20220105.6.oe1
[  932s] [174/417] installing gnupg2-2.2.27-2.oe1
[  938s] [175/417] installing systemd-libs-249-11.oe1
[  946s] [176/417] installing dbus-libs-1:1.12.20-3.oe1
[  950s] [177/417] installing libxcrypt-devel-4.4.17-1.oe1
[  953s] [178/417] installing p11-kit-0.23.22-1.oe1
[  960s] [179/417] installing procps-ng-3.3.16-15.oe1
[  964s] [180/417] installing copy-jdk-configs-4.0-1.oe1
[  967s] [181/417] installing gpgme-1.15.1-1.oe1
[  969s] [182/417] installing libXtst-1.2.3-10.oe1
[  972s] [183/417] installing openssl-libs-1:1.1.1l-2.oe1
[  976s] [184/417] installing chkconfig-1.14-2.oe1
[  979s] [185/417] installing elfutils-0.185-3.oe1
[  983s] [186/417] installing libXaw-1.0.13-13.oe1
[  986s] [187/417] installing xorg-x11-font-utils-1:7.5-43.oe1
[  988s] [188/417] installing fontconfig-2.13.92-1.oe1
[  998s] [189/417] installing glib2-2.66.8-1.oe1
[ 1006s] [190/417] installing dbus-tools-1:1.12.20-3.oe1
[ 1007s] [191/417] installing ima-evm-utils-libs-1.2.1-8.oe1
[ 1011s] [192/417] installing libevent-2.1.12-4
[ 1014s] [193/417] installing libcroco-0.6.13-3.oe1
[ 1017s] [194/417] installing fipscheck-1.5.0-8.oe1
[ 1019s] [195/417] installing gamin-0.1.10-39.oe1
[ 1025s] [196/417] installing kmod-libs-27-4.oe1
[ 1027s] [197/417] installing libsecret-0.20.4-1.oe1
[ 1031s] [198/417] installing obs-env-1.0-7.oe1
[ 1038s] /etc/profile.d/system-info.sh: line 27: bc: command not found
[ 1038s] [199/417] installing xorg-x11-fonts-others-7.5-24.oe1
[ 1056s] [200/417] installing kmod-27-4.oe1
[ 1059s] [201/417] installing binutils-2.37-6.oe1
[ 1070s] [202/417] installing p11-kit-trust-0.23.22-1.oe1
[ 1076s] [203/417] installing babeltrace-1.5.8-1.oe1
[ 1081s] [204/417] installing libarchive-3.5.2-1.oe1
[ 1084s] [205/417] installing nodejs-libs-1:16.10.0-1.oe1
[ 1129s] [206/417] installing libverto-0.3.1-2.oe1
[ 1131s] [207/417] installing ca-certificates-2020.2.46-2.oe1
[ 1141s] [208/417] installing gcc-10.3.1-20220105.6.oe1
[ 1181s] [209/417] installing systemd-249-11.oe1
[ 1200s] /var/tmp/rpm-tmp.xsAFB3: line 8: groupadd: command not found
[ 1200s] /var/tmp/rpm-tmp.xsAFB3: line 10: groupadd: command not found
[ 1200s] [210/417] installing dbus-common-1:1.12.20-3.oe1
[ 1202s] [211/417] installing python-pip-wheel-19.2.3-2.fc32
[ 1203s] [212/417] installing gcc-c++-10.3.1-20220105.6.oe1
[ 1215s] [213/417] installing krb5-libs-1.18.2-3.oe1
[ 1218s] [214/417] installing libtirpc-1.3.1-1.oe1
[ 1221s] [215/417] installing cyrus-sasl-lib-2.1.27-10.oe1
[ 1222s] [216/417] installing libssh-0.9.5-1.oe1
[ 1225s] [217/417] installing audit-1:3.0-2.oe1
[ 1229s] [218/417] installing python3-3.8.5-13.oe1
[ 1265s] [219/417] installing python3-pyparsing-2.4.7-3.oe1
[ 1268s] [220/417] installing python3-setuptools-59.4.0-3.oe1
[ 1275s] [221/417] installing python3-six-1.15.0-3.oe1
[ 1277s] [222/417] installing openldap-2.6.0-2.oe1
[ 1279s] [223/417] installing python3-gpgme-1.15.1-1.oe1
[ 1282s] [224/417] installing libnsl2-1.3.0-2.oe1
[ 1284s] [225/417] installing python3-lxml-4.6.2-2.oe1
[ 1295s] [226/417] installing python3-libcomps-0.1.15-1.oe1
[ 1298s] [227/417] installing libpsl-0.21.1-1.oe1
[ 1301s] [228/417] installing gdb-headless-9.2-5.oe1
[ 1309s] [229/417] installing python3-setuptools_scm-4.1.2-1.oe1
[ 1311s] [230/417] installing systemtap-sdt-devel-4.4-1.oe1
[ 1313s] [231/417] installing gdb-9.2-5.oe1
[ 1315s] [232/417] installing python3-javapackages-5.3.0-3.oe1
[ 1318s] [233/417] installing python3-pip-19.2.3-2.fc32
[ 1327s] [234/417] installing libcurl-7.79.1-1.oe1
[ 1330s] [235/417] installing pam-1.5.1-1.oe1
[ 1336s] [236/417] installing libpwquality-1.4.4-1.oe1
[ 1338s] [237/417] installing curl-7.79.1-1.oe1
[ 1340s] [238/417] installing librepo-1.14.2-2.oe1
[ 1342s] [239/417] installing shadow-2:4.8.1-5.oe1
[ 1345s] [240/417] installing libutempter-1.2.1-2.oe1
[ 1347s] [241/417] installing unbound-libs-1.10.1-4.oe1
[ 1352s] [242/417] installing dbus-daemon-1:1.12.20-3.oe1
[ 1358s] [243/417] installing openssh-server-8.2p1-10.oe1
[ 1362s] Created symlink /etc/systemd/system/multi-user.target.wants/sshd.service -> /usr/lib/systemd/system/sshd.service.
[ 1362s] [244/417] installing rpm-4.15.1-30.oe1
[ 1366s] [245/417] installing dbus-1:1.12.20-3.oe1
[ 1367s] [246/417] installing efi-srpm-macros-4-3.oe1
[ 1369s] [247/417] installing cmake-rpm-macros-3.22.0-1.oe1
[ 1372s] [248/417] installing rpm-libs-4.15.1-30.oe1
[ 1374s] [249/417] installing util-linux-2.36.1-3.oe1
[ 1383s] [250/417] installing libmodulemd-2.13.0-2.oe1
[ 1385s] [251/417] installing libsolv-0.7.20-1.oe1
[ 1389s] [252/417] installing device-mapper-8:1.02.172-1.oe1
[ 1393s] [253/417] installing openEuler-rpm-config-30-21.oe1
[ 1396s] [254/417] installing openssh-8.2p1-10.oe1
[ 1399s] [255/417] installing cmake-3.22.0-1.oe1
[ 1414s] [256/417] installing python3-rpm-4.15.1-30.oe1
[ 1420s] [257/417] installing cmake-data-3.22.0-1.oe1
[ 1452s] [258/417] installing cryptsetup-2.3.3-3.oe1
[ 1460s] [259/417] installing device-mapper-event-8:1.02.172-1.oe1
[ 1463s] Created symlink /etc/systemd/system/sockets.target.wants/dm-event.socket -> /usr/lib/systemd/system/dm-event.socket.
[ 1463s] [260/417] installing openssh-clients-8.2p1-10.oe1
[ 1466s] [261/417] installing libdnf-0.65.0-2.oe1
[ 1469s] [262/417] installing rpm-build-4.15.1-30.oe1
[ 1471s] [263/417] installing perl-4:5.28.0-435.oe1
[ 1480s] [264/417] installing perl-B-Debug-1.26-4.oe1
[ 1481s] [265/417] installing perl-Env-1.04-397.oe1
[ 1484s] [266/417] installing perl-Devel-PPPort-3.62-1.oe1
[ 1488s] [267/417] installing perl-Pod-Escapes-1:1.07-419.oe1
[ 1489s] [268/417] installing perl-Text-Tabs+Wrap-2013.0523-419.oe1
[ 1490s] [269/417] installing perl-Algorithm-Diff-1.1903-14.oe1
[ 1491s] [270/417] installing perl-Params-Check-1:0.38-418.oe1
[ 1492s] [271/417] installing perl-Term-Cap-1.17-510.oe1
[ 1494s] [272/417] installing perl-TermReadKey-2.38-2.oe1
[ 1496s] [273/417] installing perl-Text-Balanced-2.04-1.oe1
[ 1498s] [274/417] installing perl-threads-2:2.21-2.oe1
[ 1500s] [275/417] installing openssl-1:1.1.1l-2.oe1
[ 1502s] [276/417] installing perl-Config-Perl-V-0.33-1.oe1
[ 1504s] [277/417] installing perl-Error-1:0.17029-1.oe1
[ 1506s] [278/417] installing perl-Filter-2:1.60-2.oe1
[ 1509s] [279/417] installing perl-IPC-SysV-2.09-1.oe1
[ 1511s] [280/417] installing perl-Locale-Maketext-1:1.29-1.oe1
[ 1519s] [281/417] installing perl-constant-1.33-421.oe1
[ 1522s] [282/417] installing perl-MIME-Base64-3.15-419.oe1
[ 1525s] [283/417] installing perl-CPAN-Meta-YAML-0.018-420.oe1
[ 1527s] [284/417] installing perl-Socket-4:2.031-1.oe1
[ 1529s] [285/417] installing perl-Storable-1:3.15-2.oe1
[ 1531s] [286/417] installing gcc_secure-1.0-0.10.oe1
[ 1533s] [287/417] installing lvm2-8:2.03.11-1.oe1
[ 1538s] Created symlink /etc/systemd/system/sysinit.target.wants/lvm2-lvmpolld.socket -> /usr/lib/systemd/system/lvm2-lvmpolld.socket.
[ 1538s] [288/417] installing python3-libdnf-0.65.0-2.oe1
[ 1542s] [289/417] installing perl-PerlIO-via-QuotedPrint-0.09-1.oe1
[ 1545s] [290/417] installing perl-Digest-1.17-419.oe1
[ 1546s] [291/417] installing perl-Filter-Simple-1:0.94-1.oe1
[ 1547s] [292/417] installing perl-IO-Socket-IP-0.41-2.oe1
[ 1549s] [293/417] installing perl-Text-Diff-1.45-7.oe1
[ 1551s] [294/417] installing perl-Time-Local-2:1.300-1.oe1
[ 1552s] [295/417] installing perl-version-8:0.99.28-1.oe1
[ 1554s] [296/417] installing perl-IPC-System-Simple-1.30-2.oe1
[ 1556s] [297/417] installing perl-threads-shared-1.59-4.oe1
[ 1558s] [298/417] installing perl-Compress-Raw-Bzip2-2.100-1.oe1
[ 1560s] [299/417] installing perl-Compress-Raw-Zlib-1:2.100-1.oe1
[ 1561s] [300/417] installing perl-Locale-Codes-3.66-1.oe1
[ 1564s] [301/417] installing perl-Math-BigInt-1:1.9998.18-1.oe1
[ 1566s] [302/417] installing perl-PathTools-3.75-5.oe1
[ 1575s] [303/417] installing perl-Data-Dumper-2.173-1.oe1
[ 1576s] [304/417] installing perl-Sys-Syslog-0.36-1.oe1
[ 1579s] [305/417] installing perl-Encode-1:3.08-1.oe1
[ 1583s] [306/417] installing autogen-5.18.16-1.oe1
[ 1586s] [307/417] installing nodejs-1:16.10.0-1.oe1
[ 1589s] [308/417] installing python3-hawkey-0.65.0-2.oe1
[ 1604s] [309/417] installing nodejs-source-map-0.5.6-1.oe1
[ 1614s] [310/417] installing perl-Module-Load-1:0.36-1.oe1
[ 1615s] [311/417] installing nodejs-packaging-20-1.oe1
[ 1620s] [312/417] installing perl-Digest-MD5-2.58-1.oe1
[ 1622s] [313/417] installing perl-File-Which-1.23-1.oe1
[ 1623s] [314/417] installing perl-Thread-Queue-3.13-3.oe1
[ 1624s] [315/417] installing perl-experimental-0.022-1.oe1
[ 1626s] [316/417] installing perl-File-Path-2.17-1.oe1
[ 1627s] [317/417] installing perl-Math-BigInt-FastCalc-0.500.700-4.oe1
[ 1629s] [318/417] installing perl-Module-Metadata-1.000037-1.oe1
[ 1630s] [319/417] installing perl-CPAN-Meta-Requirements-2.140-419.oe1
[ 1637s] [320/417] installing perl-Encode-devel-1:3.08-1.oe1
[ 1640s] [321/417] installing perl-HTTP-Tiny-0.076-3.oe1
[ 1642s] [322/417] installing perl-Math-BigRat-0.2614-2.oe1
[ 1644s] [323/417] installing perl-DB_File-1.855-1.oe1
[ 1646s] [324/417] installing perl-autodie-2.34-1.oe1
[ 1648s] [325/417] installing python3-dnf-4.10.0-1.oe1
[ 1652s] [326/417] installing perl-Unicode-Collate-1.29-1.oe1
[ 1656s] [327/417] installing perl-podlators-1:4.14-1.oe1
[ 1658s] [328/417] installing gnutls-3.7.2-1.oe1
[ 1661s] [329/417] installing dnf-4.10.0-1.oe1
[ 1664s] Failed to preset unit, unit dnf-automatic.timer does not exist.
[ 1664s] Failed to preset unit, unit dnf-automatic-notifyonly.timer does not exist.
[ 1664s] Failed to preset unit, unit dnf-automatic-download.timer does not exist.
[ 1664s] Failed to preset unit, unit dnf-automatic-install.timer does not exist.
[ 1664s] [330/417] installing perl-ExtUtils-Command-1:7.60-1.oe1
[ 1666s] [331/417] installing perl-ExtUtils-Manifest-1:1.72-1.oe1
[ 1668s] [332/417] installing perl-bignum-0.51-1.oe1
[ 1669s] [333/417] installing perl-File-Temp-1:0.2311-1.oe1
[ 1671s] [334/417] installing perl-libnet-3.13-1.oe1
[ 1673s] [335/417] installing perl-File-HomeDir-1.006-1.oe1
[ 1674s] [336/417] installing perl-Test-Simple-2:1.302175-2.oe1
[ 1676s] [337/417] installing groff-1.22.4-4.oe1
[ 1686s] [338/417] installing man-db-2.9.3-2.oe1
[ 1691s] [339/417] installing perl-Pod-Perldoc-1:3.28-3.oe1
[ 1693s] [340/417] installing nss-help-3.54.0-9.oe1
[ 1695s] [341/417] installing perl-Pod-Usage-4:2.01-2.oe1
[ 1697s] [342/417] installing perl-Getopt-Long-1:2.52-1.oe1
[ 1700s] [343/417] installing nss-3.54.0-9.oe1
[ 1707s] [344/417] installing nss-util-3.54.0-9.oe1
[ 1710s] [345/417] installing perl-ExtUtils-ParseXS-2:3.35-1.oe1
[ 1712s] [346/417] installing perl-Module-CoreList-1:5.20201220-1.oe1
[ 1713s] [347/417] installing perl-Digest-SHA-1:6.02-7.oe1
[ 1715s] [348/417] installing perl-Pod-Parser-1.63-397.oe1
[ 1717s] [349/417] installing perl-Pod-Simple-1:3.42-1.oe1
[ 1718s] [350/417] installing perl-Test-Harness-1:3.43_02-1.oe1
[ 1720s] [351/417] installing perl-IO-Compress-2.100-1.oe1
[ 1723s] [352/417] installing perl-JSON-PP-1:4.05-1.oe1
[ 1725s] [353/417] installing autoconf-2.69-30.oe1
[ 1728s] [354/417] installing git-2.33.0-1.oe1
[ 1740s] [355/417] installing nss-softokn-3.54.0-9.oe1
[ 1744s] [356/417] installing perl-Git-2.33.0-1.oe1
[ 1745s] [357/417] installing perl-Pod-Checker-4:1.74-1.oe1
[ 1747s] [358/417] installing perl-CPAN-Meta-2.150010-419.oe1
[ 1749s] [359/417] installing perl-Module-Load-Conditional-0.74-1.oe1
[ 1751s] [360/417] installing perl-Archive-Tar-2.38-1.oe1
[ 1753s] [361/417] installing automake-1.16.2-2.oe1
[ 1757s] [362/417] installing perl-ExtUtils-MakeMaker-1:7.60-1.oe1
[ 1759s] [363/417] installing perl-ExtUtils-Install-2.20-1.oe1
[ 1761s] [364/417] installing perl-IPC-Cmd-2:1.04-4.oe1
[ 1762s] [365/417] installing java-1.8.0-openjdk-headless-1:1.8.0.181.b15-1.1.riscv64.fc29
[ 1806s] [366/417] installing ant-lib-1.10.12-1.oe1
[ 1810s] [367/417] installing apache-commons-compress-1.21-1.oe1
[ 1812s] [368/417] installing beust-jcommander-1.71-7.oe1
[ 1813s] [369/417] installing glassfish-servlet-api-3.1.0-16.oe1
[ 1815s] [370/417] installing hawtjni-runtime-1.16-4.oe1
[ 1817s] [371/417] installing icu4j-1:63.2-1.oe1
[ 1825s] [372/417] installing jffi-1.2.13-1.oe1
[ 1827s] [373/417] installing jnr-constants-0.9.12-1.oe1
[ 1829s] [374/417] installing jnr-x86asm-1.0.2-1.oe1
[ 1831s] [375/417] installing jsr-305-0-0.25.oe1
[ 1833s] [376/417] installing objenesis-2.6-4.oe1
[ 1836s] [377/417] installing qdox-2.0-5.M9.oe1
[ 1838s] [378/417] installing slf4j-1.7.25-8.oe1
[ 1840s] [379/417] installing stax2-api-4.0.0-6.oe1
[ 1841s] [380/417] installing xml-commons-apis-1.4.01-29.oe1
[ 1850s] [381/417] installing xmvn-api-3.0.0-25.oe1
[ 1852s] [382/417] installing xmvn-core-3.0.0-25.oe1
[ 1853s] [383/417] installing antlr-tool-2.7.7-60.oe1
[ 1855s] [384/417] installing javapackages-tools-5.3.0-3.oe1
[ 1857s] [385/417] installing perl-File-Fetch-1.00-1.oe1
[ 1859s] [386/417] installing perl-devel-4:5.28.0-435.oe1
[ 1872s] [387/417] installing java-1.8.0-openjdk-1:1.8.0.181.b15-1.1.riscv64.fc29
[ 1875s] [388/417] installing jctools-2.0.2-4.fc29
[ 1877s] [389/417] installing aalto-xml-1.0.0-7.oe1
[ 1880s] [390/417] installing guava-25.0-5.oe1
[ 1886s] [391/417] installing jansi-native-1.7-7.oe1
[ 1890s] [392/417] installing stringtemplate-3.2.1-1.oe1
[ 1891s] [393/417] installing ant-1.10.12-1.oe1
[ 1894s] [394/417] installing objectweb-asm-7.0-1.oe1
[ 1897s] [395/417] installing xml-commons-resolver-1.2-27.oe1
[ 1900s] [396/417] installing bouncycastle-1.61-4.oe1
[ 2029s] [397/417] installing jffi-native-1.2.13-1.oe1
[ 2033s] [398/417] installing xmvn-resolve-3.0.0-25.oe1
[ 2034s] [399/417] installing xmvn-subst-3.0.0-25.oe1
[ 2036s] [400/417] installing java-1.8.0-openjdk-devel-1:1.8.0.181.b15-1.1.riscv64.fc29
[ 2057s] [401/417] installing antlr32-java-3.2-1.oe1
[ 2059s] [402/417] installing cglib-3.2.9-1.oe1
[ 2061s] [403/417] installing jansi-1.17.1-2.oe1
[ 2064s] [404/417] installing netty-4.1.13-6.fc29
[ 2070s] [405/417] installing jnr-ffi-2.1.8-1.oe1
[ 2072s] [406/417] installing xerces-j2-2.11.0-37.oe1
[ 2075s] [407/417] installing xmvn-install-3.0.0-25.oe1
[ 2078s] [408/417] installing antlr32-tool-3.2-1.oe1
[ 2080s] [409/417] installing jline-2.14.6-4.oe1
[ 2088s] [410/417] installing jnr-netdb-1.1.6-4.fc29
[ 2090s] [411/417] installing jnr-posix-3.0.47-1.oe1
[ 2091s] [412/417] installing easymock-3.5-4.fc29
[ 2093s] [413/417] installing javapackages-local-5.3.0-3.oe1
[ 2095s] [414/417] installing xalan-j2-2.7.1-39.oe1
[ 2177s] [415/417] installing hamcrest-1.3-25.oe1
[ 2178s] [416/417] installing junit-1:4.12-14.oe1
[ 2180s] [417/417] installing ant-junit-1.10.12-1.oe1
[ 2183s] removing nis flags from /var/cache/obs/worker/root_1/etc/nsswitch.conf...
[ 2184s] now finalizing build dir...
[ 2195s] /etc/profile.d/system-info.sh: line 27: bc: command not found
[ 2202s] Running build time source services...
[ 2220s] -----------------------------------------------------------------
[ 2220s] ----- building jython.spec (user abuild)
[ 2220s] -----------------------------------------------------------------
[ 2220s] -----------------------------------------------------------------
[ 2228s] /etc/profile.d/system-info.sh: line 27: bc: command not found
[ 2230s] + exec rpmbuild -ba --define '_srcdefattr (-,root,root)' --nosignature --define 'disturl obs://private/openEuler:Mainline:RISC-V/advanced_riscv64/1f11e3a038eeb93329a6fe60cf03c039-jython' /home/abuild/rpmbuild/SOURCES/jython.spec
[ 2231s] Executing(%prep): /bin/sh -e /var/tmp/rpm-tmp.X9KjuB
[ 2231s] + umask 022
[ 2231s] + cd /home/abuild/rpmbuild/BUILD
[ 2231s] + cd /home/abuild/rpmbuild/BUILD
[ 2231s] + rm -rf jython-2.7.1
[ 2232s] + /usr/bin/tar -xof -
[ 2232s] + /usr/bin/gzip -dc /home/abuild/rpmbuild/SOURCES/v2.7.1.tar.gz
[ 2245s] + STATUS=0
[ 2245s] + '[' 0 -ne 0 ']'
[ 2245s] + cd jython-2.7.1
[ 2245s] + /usr/bin/chmod -Rf a+rX,u+w,g-w,o-w .
[ 2247s] + echo 'Patch #2 (jython-no-carrotsearch-sizeof.patch):'
[ 2247s] Patch #2 (jython-no-carrotsearch-sizeof.patch):
[ 2247s] + /usr/bin/patch --no-backup-if-mismatch -p1 --fuzz=0 -R
[ 2247s] patching file ACKNOWLEDGMENTS
[ 2247s] patching file Lib/test/test_support.py
[ 2247s] Hunk #1 succeeded at 1050 (offset 29 lines).
[ 2247s] patching file Lib/test/test_sys.py
[ 2247s] patching file build.xml
[ 2247s] patching file src/org/python/core/PySystemState.java
[ 2247s] Hunk #2 succeeded at 459 (offset 25 lines).
[ 2247s] patching file src/org/python/modules/gc.java
[ 2247s] + echo 'Patch #0 (jython-cachedir.patch):'
[ 2247s] Patch #0 (jython-cachedir.patch):
[ 2247s] + /usr/bin/patch --no-backup-if-mismatch -p0 --fuzz=0
[ 2247s] patching file src/org/python/core/PySystemState.java
[ 2247s] Hunk #1 succeeded at 1162 (offset 202 lines).
[ 2247s] + echo 'Patch #1 (jython-dont-validate-pom.patch):'
[ 2247s] Patch #1 (jython-dont-validate-pom.patch):
[ 2247s] + /usr/bin/patch --no-backup-if-mismatch -p0 --fuzz=0
[ 2247s] patching file build.xml
[ 2247s] patching file maven/build.xml
[ 2247s] + echo 'Patch #4 (jython-fix-multiprocessing.patch):'
[ 2247s] Patch #4 (jython-fix-multiprocessing.patch):
[ 2247s] + /usr/bin/patch --no-backup-if-mismatch -p1 --fuzz=0
[ 2248s] patching file Lib/subprocess.py
[ 2248s] + echo 'Patch #5 (jython-fix-tty-detection.patch):'
[ 2248s] Patch #5 (jython-fix-tty-detection.patch):
[ 2248s] + /usr/bin/patch --no-backup-if-mismatch -p0 --fuzz=0
[ 2248s] patching file src/shell/jython
[ 2248s] Hunk #1 succeeded at 243 (offset 1 line).
[ 2248s] + find . -type f -a -name '*.jar' -delete
[ 2249s] + find . -type f -a -name '*.exe' -delete
[ 2249s] + find . -type f -a -name '*.dll' -delete
[ 2250s] + echo 'Patch #189 (jython-use-rpm-wheels.patch):'
[ 2250s] Patch #189 (jython-use-rpm-wheels.patch):
[ 2250s] + /usr/bin/patch --no-backup-if-mismatch -p1 --fuzz=0
[ 2250s] patching file Lib/ensurepip/__init__.py
[ 2250s] + rm Lib/ensurepip/_bundled/pip-9.0.1-py2.py3-none-any.whl Lib/ensurepip/_bundled/setuptools-28.8.0-py2.py3-none-any.whl
[ 2250s] + rmdir Lib/ensurepip/_bundled
[ 2250s] + rm -rf extlibs/cpptasks extlibs/mockrunner-0.4.1 extlibs/profile.properties
[ 2250s] + sed -i -e '/<javadoc/a additionalparam="-Xdoclint:none"' build.xml
[ 2250s] + sed -i -e 's/CharMatcher\.ascii()/CharMatcher.ASCII/' src/org/python/core/PyUnicode.java src/org/python/core/PyBaseCode.java src/org/python/core/Py.java
[ 2251s] + RPM_EC=0
[ 2251s] ++ jobs -p
[ 2251s] + exit 0
[ 2251s] Executing(%build): /bin/sh -e /var/tmp/rpm-tmp.PUEWpv
[ 2251s] + umask 022
[ 2251s] + cd /home/abuild/rpmbuild/BUILD
[ 2251s] + cd jython-2.7.1
[ 2251s] + build-jar-repository -p -s extlibs antlr32/antlr antlr32/antlr-runtime stringtemplate antlr jffi jffi-native jnr-constants jnr-ffi jnr-netdb jnr-posix jline/jline jansi/jansi icu4j/icu4j glassfish-servlet-api guava objectweb-asm/asm objectweb-asm/asm-commons objectweb-asm/asm-util commons-compress junit hamcrest/core
[ 2264s] + ant -Djython.dev.jar=jython.jar -Dhas.repositories.connection=false javatest javadoc
[ 2276s] Buildfile: /home/abuild/rpmbuild/BUILD/jython-2.7.1/build.xml
[ 2280s] 
[ 2280s] init:
[ 2294s] 
[ 2294s] needed-check:
[ 2294s] 
[ 2294s] clean-if-antlr-needed:
[ 2297s] 
[ 2297s] init:
[ 2299s] 
[ 2299s] clean-checkout-dir:
[ 2299s] 
[ 2299s] clean:
[ 2299s] 
[ 2299s] prepare-output:
[ 2300s]     [mkdir] Created dir: /home/abuild/rpmbuild/BUILD/jython-2.7.1/build/classes
[ 2300s]     [mkdir] Created dir: /home/abuild/rpmbuild/BUILD/jython-2.7.1/build/gensrc/org/python/antlr
[ 2300s]     [mkdir] Created dir: /home/abuild/rpmbuild/BUILD/jython-2.7.1/build/exposed
[ 2300s]     [mkdir] Created dir: /home/abuild/rpmbuild/BUILD/jython-2.7.1/dist
[ 2300s] 
[ 2300s] antlr_gen:
[ 2342s]      [java] warning(105): /home/abuild/rpmbuild/BUILD/jython-2.7.1/grammar/Python.g:1278:10: no lexer rule corresponding to token: DEDENT
[ 2342s]      [java] warning(105): /home/abuild/rpmbuild/BUILD/jython-2.7.1/grammar/Python.g:1271:15: no lexer rule corresponding to token: INDENT
[ 2390s]      [java] warning(205): /home/abuild/rpmbuild/BUILD/jython-2.7.1/grammar/Python.g:643:7: ANTLR could not analyze this decision in rule expr_stmt; often this is because of recursive rule references visible from the left edge of alternatives.  ANTLR will re-analyze the decision with a fixed lookahead of k=1.  Consider using "options {k=1;}" for that decision and possibly adding a syntactic predicate.
[ 2390s]      [java] error(10):  internal error: org.antlr.tool.Grammar.createLookaheadDFA(Grammar.java:1279): could not even do k=1 for decision 35; reason: timed out (>2000ms)
[ 2390s]      [java]  
[ 2390s]      [java] 
[ 2393s]      [java] warning(205): /home/abuild/rpmbuild/BUILD/jython-2.7.1/grammar/Python.g:762:5: ANTLR could not analyze this decision in rule printlist; often this is because of recursive rule references visible from the left edge of alternatives.  ANTLR will re-analyze the decision with a fixed lookahead of k=1.  Consider using "options {k=1;}" for that decision and possibly adding a syntactic predicate.
[ 2393s]      [java] error(10):  internal error: org.antlr.tool.Grammar.createLookaheadDFA(Grammar.java:1279): could not even do k=1 for decision 40; reason: timed out (>2000ms)
[ 2393s]      [java]  
[ 2393s]      [java] 
[ 2396s]      [java] warning(205): /home/abuild/rpmbuild/BUILD/jython-2.7.1/grammar/Python.g:783:5: ANTLR could not analyze this decision in rule printlist2; often this is because of recursive rule references visible from the left edge of alternatives.  ANTLR will re-analyze the decision with a fixed lookahead of k=1.  Consider using "options {k=1;}" for that decision and possibly adding a syntactic predicate.
[ 2396s]      [java] error(10):  internal error: org.antlr.tool.Grammar.createLookaheadDFA(Grammar.java:1279): could not even do k=1 for decision 43; reason: timed out (>2000ms)
[ 2396s]      [java]  
[ 2396s]      [java] 
[ 2408s]      [java] warning(205): /home/abuild/rpmbuild/BUILD/jython-2.7.1/grammar/Python.g:1912:5: ANTLR could not analyze this decision in rule subscript; often this is because of recursive rule references visible from the left edge of alternatives.  ANTLR will re-analyze the decision with a fixed lookahead of k=1.  Consider using "options {k=1;}" for that decision and possibly adding a syntactic predicate.
[ 2408s]      [java] error(10):  internal error: org.antlr.tool.Grammar.createLookaheadDFA(Grammar.java:1279): could not even do k=1 for decision 129; reason: timed out (>2000ms)
[ 2408s]      [java]  
[ 2408s]      [java] 
[ 2413s]      [java] warning(200): /home/abuild/rpmbuild/BUILD/jython-2.7.1/grammar/Python.g:1986:59: Decision can match input such as "COMMA BACKQUOTE" using multiple alternatives: 1, 2
[ 2413s]      [java] As a result, alternative(s) 2 were disabled for that input
[ 2414s]      [java] warning(200): /home/abuild/rpmbuild/BUILD/jython-2.7.1/grammar/Python.g:1986:62: Decision can match input such as "COMMA" using multiple alternatives: 1, 2
[ 2414s]      [java] As a result, alternative(s) 2 were disabled for that input
[ 2416s]      [java] warning(205): /home/abuild/rpmbuild/BUILD/jython-2.7.1/grammar/Python.g:1985:5: ANTLR could not analyze this decision in rule testlist; often this is because of recursive rule references visible from the left edge of alternatives.  ANTLR will re-analyze the decision with a fixed lookahead of k=1.  Consider using "options {k=1;}" for that decision and possibly adding a syntactic predicate.
[ 2416s]      [java] error(10):  internal error: org.antlr.tool.Grammar.createLookaheadDFA(Grammar.java:1279): could not even do k=1 for decision 138; reason: timed out (>2000ms)
[ 2416s]      [java]  
[ 2416s]      [java] 
[ 2552s]      [java] warning(200): /home/abuild/rpmbuild/BUILD/jython-2.7.1/grammar/Python.g:2389:7: Decision can match input such as "'"'" using multiple alternatives: 1, 2
[ 2552s]      [java] As a result, alternative(s) 2 were disabled for that input
[ 2552s]      [java] warning(200): /home/abuild/rpmbuild/BUILD/jython-2.7.1/grammar/Python.g:2395:7: Decision can match input such as "'\''" using multiple alternatives: 1, 2
[ 2552s]      [java] As a result, alternative(s) 2 were disabled for that input
[ 2552s]      [java] warning(200): /home/abuild/rpmbuild/BUILD/jython-2.7.1/grammar/Python.g:2408:37: Decision can match input such as "{'\t', ' '}" using multiple alternatives: 1, 2
[ 2552s]      [java] As a result, alternative(s) 2 were disabled for that input
[ 2552s]      [java] Semantic predicates were present but were hidden by actions.
[ 2556s]      [java] warning(209): /home/abuild/rpmbuild/BUILD/jython-2.7.1/grammar/Python.g:2365:1: Multiple token rules can match input such as "'e'": ELIF, EXCEPT, EXEC, ORELSE, NAME
[ 2556s]      [java] 
[ 2556s]      [java] As a result, token(s) EXCEPT,EXEC,ORELSE,NAME were disabled for that input
[ 2556s]      [java] warning(209): /home/abuild/rpmbuild/BUILD/jython-2.7.1/grammar/Python.g:2365:1: Multiple token rules can match input such as "'f'": FINALLY, FROM, FOR, NAME
[ 2556s]      [java] 
[ 2556s]      [java] As a result, token(s) FROM,FOR,NAME were disabled for that input
[ 2556s]      [java] warning(209): /home/abuild/rpmbuild/BUILD/jython-2.7.1/grammar/Python.g:2365:1: Multiple token rules can match input such as "'w'": WHILE, WITH, NAME
[ 2556s]      [java] 
[ 2556s]      [java] As a result, token(s) WITH,NAME were disabled for that input
[ 2556s]      [java] warning(209): /home/abuild/rpmbuild/BUILD/jython-2.7.1/grammar/Python.g:2313:1: Multiple token rules can match input such as "'<'": LESS, ALT_NOTEQUAL, LESSEQUAL, LEFTSHIFT, LEFTSHIFTEQUAL
[ 2556s]      [java] 
[ 2556s]      [java] As a result, token(s) ALT_NOTEQUAL,LESSEQUAL,LEFTSHIFT,LEFTSHIFTEQUAL were disabled for that input
[ 2556s]      [java] warning(209): /home/abuild/rpmbuild/BUILD/jython-2.7.1/grammar/Python.g:2372:1: Multiple token rules can match input such as "'u'": NAME, STRING
[ 2556s]      [java] 
[ 2556s]      [java] As a result, token(s) STRING were disabled for that input
[ 2556s]      [java] warning(209): /home/abuild/rpmbuild/BUILD/jython-2.7.1/grammar/Python.g:2319:1: Multiple token rules can match input such as "'/'": SLASH, DOUBLESLASH, SLASHEQUAL, DOUBLESLASHEQUAL
[ 2556s]      [java] 
[ 2556s]      [java] As a result, token(s) DOUBLESLASH,SLASHEQUAL,DOUBLESLASHEQUAL were disabled for that input
[ 2556s]      [java] warning(209): /home/abuild/rpmbuild/BUILD/jython-2.7.1/grammar/Python.g:2279:1: Multiple token rules can match input such as "'='": ASSIGN, EQUAL
[ 2556s]      [java] 
[ 2556s]      [java] As a result, token(s) EQUAL were disabled for that input
[ 2556s]      [java] warning(209): /home/abuild/rpmbuild/BUILD/jython-2.7.1/grammar/Python.g:2293:1: Multiple token rules can match input such as "'+'": PLUS, PLUSEQUAL
[ 2556s]      [java] 
[ 2556s]      [java] As a result, token(s) PLUSEQUAL were disabled for that input
[ 2556s]      [java] warning(209): /home/abuild/rpmbuild/BUILD/jython-2.7.1/grammar/Python.g:2365:1: Multiple token rules can match input such as "'l'": LAMBDA, NAME
[ 2556s]      [java] 
[ 2556s]      [java] As a result, token(s) NAME were disabled for that input
[ 2556s]      [java] warning(209): /home/abuild/rpmbuild/BUILD/jython-2.7.1/grammar/Python.g:2357:1: Multiple token rules can match input such as "'0'": FLOAT, LONGINT, INT, COMPLEX
[ 2556s]      [java] 
[ 2556s]      [java] As a result, token(s) LONGINT,INT,COMPLEX were disabled for that input
[ 2556s]      [java] warning(209): /home/abuild/rpmbuild/BUILD/jython-2.7.1/grammar/Python.g:2365:1: Multiple token rules can match input such as "'y'": YIELD, NAME
[ 2556s]      [java] 
[ 2556s]      [java] As a result, token(s) NAME were disabled for that input
[ 2556s]      [java] warning(209): /home/abuild/rpmbuild/BUILD/jython-2.7.1/grammar/Python.g:2365:1: Multiple token rules can match input such as "'i'": IF, IMPORT, IN, IS, NAME
[ 2556s]      [java] 
[ 2556s]      [java] As a result, token(s) IMPORT,IN,IS,NAME were disabled for that input
[ 2556s]      [java] warning(209): /home/abuild/rpmbuild/BUILD/jython-2.7.1/grammar/Python.g:2357:1: Multiple token rules can match input such as "'.'": DOT, FLOAT, COMPLEX
[ 2557s]      [java] 
[ 2557s]      [java] As a result, token(s) FLOAT,COMPLEX were disabled for that input
[ 2557s]      [java] warning(209): /home/abuild/rpmbuild/BUILD/jython-2.7.1/grammar/Python.g:2311:1: Multiple token rules can match input such as "'^'": CIRCUMFLEX, CIRCUMFLEXEQUAL
[ 2557s]      [java] 
[ 2557s]      [java] As a result, token(s) CIRCUMFLEXEQUAL were disabled for that input
[ 2557s]      [java] warning(209): /home/abuild/rpmbuild/BUILD/jython-2.7.1/grammar/Python.g:2305:1: Multiple token rules can match input such as "'|'": VBAR, VBAREQUAL
[ 2557s]      [java] 
[ 2557s]      [java] As a result, token(s) VBAREQUAL were disabled for that input
[ 2557s]      [java] warning(209): /home/abuild/rpmbuild/BUILD/jython-2.7.1/grammar/Python.g:2307:1: Multiple token rules can match input such as "'%'": PERCENT, PERCENTEQUAL
[ 2557s]      [java] 
[ 2557s]      [java] As a result, token(s) PERCENTEQUAL were disabled for that input
[ 2557s]      [java] warning(209): /home/abuild/rpmbuild/BUILD/jython-2.7.1/grammar/Python.g:2295:1: Multiple token rules can match input such as "'-'": MINUS, MINUSEQUAL
[ 2557s]      [java] 
[ 2557s]      [java] As a result, token(s) MINUSEQUAL were disabled for that input
[ 2557s]      [java] warning(209): /home/abuild/rpmbuild/BUILD/jython-2.7.1/grammar/Python.g:2372:1: Multiple token rules can match input such as "'b'": BREAK, NAME, STRING
[ 2557s]      [java] 
[ 2557s]      [java] As a result, token(s) NAME,STRING were disabled for that input
[ 2557s]      [java] warning(209): /home/abuild/rpmbuild/BUILD/jython-2.7.1/grammar/Python.g:2365:1: Multiple token rules can match input such as "'d'": DEF, DELETE, NAME
[ 2557s]      [java] 
[ 2557s]      [java] As a result, token(s) DELETE,NAME were disabled for that input
[ 2557s]      [java] warning(209): /home/abuild/rpmbuild/BUILD/jython-2.7.1/grammar/Python.g:2372:1: Multiple token rules can match input such as "'U'": NAME, STRING
[ 2557s]      [java] 
[ 2557s]      [java] As a result, token(s) STRING were disabled for that input
[ 2557s]      [java] warning(209): /home/abuild/rpmbuild/BUILD/jython-2.7.1/grammar/Python.g:2317:1: Multiple token rules can match input such as "'*'": STAR, DOUBLESTAR, STAREQUAL, DOUBLESTAREQUAL
[ 2557s]      [java] 
[ 2557s]      [java] As a result, token(s) DOUBLESTAR,STAREQUAL,DOUBLESTAREQUAL were disabled for that input
[ 2557s]      [java] warning(209): /home/abuild/rpmbuild/BUILD/jython-2.7.1/grammar/Python.g:2372:1: Multiple token rules can match input such as "'B'": NAME, STRING
[ 2557s]      [java] 
[ 2557s]      [java] As a result, token(s) STRING were disabled for that input
[ 2557s]      [java] warning(209): /home/abuild/rpmbuild/BUILD/jython-2.7.1/grammar/Python.g:2372:1: Multiple token rules can match input such as "'r'": RAISE, RETURN, NAME, STRING
[ 2557s]      [java] 
[ 2557s]      [java] As a result, token(s) RETURN,NAME,STRING were disabled for that input
[ 2557s]      [java] warning(209): /home/abuild/rpmbuild/BUILD/jython-2.7.1/grammar/Python.g:2365:1: Multiple token rules can match input such as "'g'": GLOBAL, NAME
[ 2557s]      [java] 
[ 2557s]      [java] As a result, token(s) NAME were disabled for that input
[ 2557s]      [java] warning(209): /home/abuild/rpmbuild/BUILD/jython-2.7.1/grammar/Python.g:2309:1: Multiple token rules can match input such as "'&'": AMPER, AMPEREQUAL
[ 2557s]      [java] 
[ 2557s]      [java] As a result, token(s) AMPEREQUAL were disabled for that input
[ 2557s]      [java] warning(209): /home/abuild/rpmbuild/BUILD/jython-2.7.1/grammar/Python.g:2315:1: Multiple token rules can match input such as "'>'": GREATER, GREATEREQUAL, RIGHTSHIFT, RIGHTSHIFTEQUAL
[ 2557s]      [java] 
[ 2557s]      [java] As a result, token(s) GREATEREQUAL,RIGHTSHIFT,RIGHTSHIFTEQUAL were disabled for that input
[ 2557s]      [java] warning(209): /home/abuild/rpmbuild/BUILD/jython-2.7.1/grammar/Python.g:2372:1: Multiple token rules can match input such as "'R'": NAME, STRING
[ 2557s]      [java] 
[ 2557s]      [java] As a result, token(s) STRING were disabled for that input
[ 2557s]      [java] warning(209): /home/abuild/rpmbuild/BUILD/jython-2.7.1/grammar/Python.g:2365:1: Multiple token rules can match input such as "'a'": AS, ASSERT, AND, NAME
[ 2557s]      [java] 
[ 2557s]      [java] As a result, token(s) ASSERT,AND,NAME were disabled for that input
[ 2557s]      [java] warning(209): /home/abuild/rpmbuild/BUILD/jython-2.7.1/grammar/Python.g:2357:1: Multiple token rules can match input such as "'1'..'9'": FLOAT, LONGINT, INT, COMPLEX
[ 2557s]      [java] 
[ 2557s]      [java] As a result, token(s) LONGINT,INT,COMPLEX were disabled for that input
[ 2557s]      [java] warning(209): /home/abuild/rpmbuild/BUILD/jython-2.7.1/grammar/Python.g:2365:1: Multiple token rules can match input such as "'p'": PASS, PRINT, NAME
[ 2557s]      [java] 
[ 2557s]      [java] As a result, token(s) PRINT,NAME were disabled for that input
[ 2557s]      [java] warning(209): /home/abuild/rpmbuild/BUILD/jython-2.7.1/grammar/Python.g:2365:1: Multiple token rules can match input such as "'c'": CLASS, CONTINUE, NAME
[ 2557s]      [java] 
[ 2557s]      [java] As a result, token(s) CONTINUE,NAME were disabled for that input
[ 2557s]      [java] warning(209): /home/abuild/rpmbuild/BUILD/jython-2.7.1/grammar/Python.g:2365:1: Multiple token rules can match input such as "'o'": OR, NAME
[ 2557s]      [java] 
[ 2557s]      [java] As a result, token(s) NAME were disabled for that input
[ 2557s]      [java] warning(209): /home/abuild/rpmbuild/BUILD/jython-2.7.1/grammar/Python.g:2365:1: Multiple token rules can match input such as "'t'": TRY, NAME
[ 2557s]      [java] 
[ 2557s]      [java] As a result, token(s) NAME were disabled for that input
[ 2557s]      [java] warning(209): /home/abuild/rpmbuild/BUILD/jython-2.7.1/grammar/Python.g:2365:1: Multiple token rules can match input such as "'n'": NOT, NAME
[ 2557s]      [java] 
[ 2557s]      [java] As a result, token(s) NAME were disabled for that input
[ 2557s]      [java] error(208): /home/abuild/rpmbuild/BUILD/jython-2.7.1/grammar/Python.g:2357:1: The following token definitions can never be matched because prior tokens match the same input: ASSERT,CONTINUE,DELETE,EXCEPT,EXEC,FROM,FOR,IMPORT,IN,IS,ORELSE,PRINT,RETURN,WITH,EQUAL,ALT_NOTEQUAL,LESSEQUAL,LEFTSHIFT,GREATEREQUAL,RIGHTSHIFT,PLUSEQUAL,MINUSEQUAL,DOUBLESTAR,STAREQUAL,DOUBLESLASH,SLASHEQUAL,VBAREQUAL,PERCENTEQUAL,AMPEREQUAL,CIRCUMFLEXEQUAL,LEFTSHIFTEQUAL,RIGHTSHIFTEQUAL,DOUBLESTAREQUAL,DOUBLESLASHEQUAL,AND,LONGINT,INT,COMPLEX
[ 2601s]      [java] warning(105): /home/abuild/rpmbuild/BUILD/jython-2.7.1/grammar/PythonPartial.g:561:18: no lexer rule corresponding to token: DEDENT
[ 2601s]      [java] warning(105): /home/abuild/rpmbuild/BUILD/jython-2.7.1/grammar/PythonPartial.g:562:17: no lexer rule corresponding to token: INDENT
[ 2601s]      [java] warning(105): /home/abuild/rpmbuild/BUILD/jython-2.7.1/grammar/PythonPartial.g:702:7: no lexer rule corresponding to token: TRAILBACKSLASH
[ 2601s]      [java] warning(105): /home/abuild/rpmbuild/BUILD/jython-2.7.1/grammar/PythonPartial.g:740:19: no lexer rule corresponding to token: TRAILBACKSLASH
[ 2601s]      [java] warning(105): /home/abuild/rpmbuild/BUILD/jython-2.7.1/grammar/PythonPartial.g:562:33: no lexer rule corresponding to token: DEDENT
[ 2628s]      [java] warning(200): /home/abuild/rpmbuild/BUILD/jython-2.7.1/grammar/PythonPartial.g:175:27: Decision can match input such as "NEWLINE" using multiple alternatives: 1, 2
[ 2628s]      [java] As a result, alternative(s) 2 were disabled for that input
[ 2628s]      [java] warning(200): /home/abuild/rpmbuild/BUILD/jython-2.7.1/grammar/PythonPartial.g:250:7: Decision can match input such as "AT" using multiple alternatives: 1, 2
[ 2628s]      [java] As a result, alternative(s) 2 were disabled for that input
[ 2633s]      [java] warning(205): /home/abuild/rpmbuild/BUILD/jython-2.7.1/grammar/PythonPartial.g:326:7: ANTLR could not analyze this decision in rule expr_stmt; often this is because of recursive rule references visible from the left edge of alternatives.  ANTLR will re-analyze the decision with a fixed lookahead of k=1.  Consider using "options {k=1;}" for that decision and possibly adding a syntactic predicate.
[ 2633s]      [java] error(10):  internal error: org.antlr.tool.Grammar.createLookaheadDFA(Grammar.java:1279): could not even do k=1 for decision 32; reason: timed out (>2000ms)
[ 2633s]      [java]  
[ 2633s]      [java] 
[ 2636s]      [java] warning(205): /home/abuild/rpmbuild/BUILD/jython-2.7.1/grammar/PythonPartial.g:372:5: ANTLR could not analyze this decision in rule printlist; often this is because of recursive rule references visible from the left edge of alternatives.  ANTLR will re-analyze the decision with a fixed lookahead of k=1.  Consider using "options {k=1;}" for that decision and possibly adding a syntactic predicate.
[ 2636s]      [java] error(10):  internal error: org.antlr.tool.Grammar.createLookaheadDFA(Grammar.java:1279): could not even do k=1 for decision 36; reason: timed out (>2000ms)
[ 2636s]      [java]  
[ 2636s]      [java] 
[ 2647s]      [java] warning(205): /home/abuild/rpmbuild/BUILD/jython-2.7.1/grammar/PythonPartial.g:784:5: ANTLR could not analyze this decision in rule subscript; often this is because of recursive rule references visible from the left edge of alternatives.  ANTLR will re-analyze the decision with a fixed lookahead of k=1.  Consider using "options {k=1;}" for that decision and possibly adding a syntactic predicate.
[ 2647s]      [java] error(10):  internal error: org.antlr.tool.Grammar.createLookaheadDFA(Grammar.java:1279): could not even do k=1 for decision 121; reason: timed out (>2000ms)
[ 2647s]      [java]  
[ 2647s]      [java] 
[ 2651s]      [java] warning(200): /home/abuild/rpmbuild/BUILD/jython-2.7.1/grammar/PythonPartial.g:815:39: Decision can match input such as "COMMA BACKQUOTE" using multiple alternatives: 1, 2
[ 2651s]      [java] As a result, alternative(s) 2 were disabled for that input
[ 2652s]      [java] warning(200): /home/abuild/rpmbuild/BUILD/jython-2.7.1/grammar/PythonPartial.g:815:42: Decision can match input such as "COMMA" using multiple alternatives: 1, 2
[ 2652s]      [java] As a result, alternative(s) 2 were disabled for that input
[ 2654s]      [java] warning(205): /home/abuild/rpmbuild/BUILD/jython-2.7.1/grammar/PythonPartial.g:814:5: ANTLR could not analyze this decision in rule testlist; often this is because of recursive rule references visible from the left edge of alternatives.  ANTLR will re-analyze the decision with a fixed lookahead of k=1.  Consider using "options {k=1;}" for that decision and possibly adding a syntactic predicate.
[ 2654s]      [java] error(10):  internal error: org.antlr.tool.Grammar.createLookaheadDFA(Grammar.java:1279): could not even do k=1 for decision 130; reason: timed out (>2000ms)
[ 2654s]      [java]  
[ 2654s]      [java] 
[ 2744s]      [java] warning(200): /home/abuild/rpmbuild/BUILD/jython-2.7.1/grammar/PythonPartial.g:1085:38: Decision can match input such as "'\\''\n'{'\t', ' '}'#''\\''\n'" using multiple alternatives: 1, 3
[ 2744s]      [java] As a result, alternative(s) 3 were disabled for that input
[ 2744s]      [java] warning(200): /home/abuild/rpmbuild/BUILD/jython-2.7.1/grammar/PythonPartial.g:1085:38: Decision can match input such as "'\\''\n'{'\t', ' '}'#''\\''\r''\n'" using multiple alternatives: 1, 3
[ 2744s]      [java] As a result, alternative(s) 3 were disabled for that input
[ 2745s]      [java] warning(200): /home/abuild/rpmbuild/BUILD/jython-2.7.1/grammar/PythonPartial.g:1086:40: Decision can match input such as "'\\''\n'{'\t', ' '}'#''\\''\n'" using multiple alternatives: 1, 3
[ 2745s]      [java] As a result, alternative(s) 3 were disabled for that input
[ 2745s]      [java] warning(200): /home/abuild/rpmbuild/BUILD/jython-2.7.1/grammar/PythonPartial.g:1086:40: Decision can match input such as "'\\''\n'{'\t', ' '}'#''\\''\r''\n'" using multiple alternatives: 1, 3
[ 2745s]      [java] As a result, alternative(s) 3 were disabled for that input
[ 2745s]      [java] warning(200): /home/abuild/rpmbuild/BUILD/jython-2.7.1/grammar/PythonPartial.g:1094:7: Decision can match input such as "'"'" using multiple alternatives: 1, 2
[ 2745s]      [java] As a result, alternative(s) 2 were disabled for that input
[ 2745s]      [java] warning(200): /home/abuild/rpmbuild/BUILD/jython-2.7.1/grammar/PythonPartial.g:1100:7: Decision can match input such as "'\''" using multiple alternatives: 1, 2
[ 2745s]      [java] As a result, alternative(s) 2 were disabled for that input
[ 2745s]      [java] warning(200): /home/abuild/rpmbuild/BUILD/jython-2.7.1/grammar/PythonPartial.g:1116:37: Decision can match input such as "{'\t', ' '}" using multiple alternatives: 1, 2
[ 2745s]      [java] As a result, alternative(s) 2 were disabled for that input
[ 2745s]      [java] Semantic predicates were present but were hidden by actions.
[ 2749s]      [java] warning(209): /home/abuild/rpmbuild/BUILD/jython-2.7.1/grammar/PythonPartial.g:1055:1: Multiple token rules can match input such as "'c'": CLASS, CONTINUE, NAME
[ 2749s]      [java] 
[ 2749s]      [java] As a result, token(s) CONTINUE,NAME were disabled for that input
[ 2749s]      [java] warning(209): /home/abuild/rpmbuild/BUILD/jython-2.7.1/grammar/PythonPartial.g:1055:1: Multiple token rules can match input such as "'t'": TRY, NAME
[ 2749s]      [java] 
[ 2749s]      [java] As a result, token(s) NAME were disabled for that input
[ 2749s]      [java] warning(209): /home/abuild/rpmbuild/BUILD/jython-2.7.1/grammar/PythonPartial.g:1013:1: Multiple token rules can match input such as "'/'": SLASH, DOUBLESLASH, SLASHEQUAL, DOUBLESLASHEQUAL
[ 2749s]      [java] 
[ 2749s]      [java] As a result, token(s) DOUBLESLASH,SLASHEQUAL,DOUBLESLASHEQUAL were disabled for that input
[ 2749s]      [java] warning(209): /home/abuild/rpmbuild/BUILD/jython-2.7.1/grammar/PythonPartial.g:1055:1: Multiple token rules can match input such as "'n'": NOT, NAME
[ 2749s]      [java] 
[ 2749s]      [java] As a result, token(s) NAME were disabled for that input
[ 2749s]      [java] warning(209): /home/abuild/rpmbuild/BUILD/jython-2.7.1/grammar/PythonPartial.g:1007:1: Multiple token rules can match input such as "'<'": LESS, ALT_NOTEQUAL, LESSEQUAL, LEFTSHIFT, LEFTSHIFTEQUAL
[ 2749s]      [java] 
[ 2749s]      [java] As a result, token(s) ALT_NOTEQUAL,LESSEQUAL,LEFTSHIFT,LEFTSHIFTEQUAL were disabled for that input
[ 2749s]      [java] warning(209): /home/abuild/rpmbuild/BUILD/jython-2.7.1/grammar/PythonPartial.g:1055:1: Multiple token rules can match input such as "'w'": WHILE, WITH, NAME
[ 2749s]      [java] 
[ 2749s]      [java] As a result, token(s) WITH,NAME were disabled for that input
[ 2749s]      [java] warning(209): /home/abuild/rpmbuild/BUILD/jython-2.7.1/grammar/PythonPartial.g:1005:1: Multiple token rules can match input such as "'^'": CIRCUMFLEX, CIRCUMFLEXEQUAL
[ 2749s]      [java] 
[ 2749s]      [java] As a result, token(s) CIRCUMFLEXEQUAL were disabled for that input
[ 2749s]      [java] warning(209): /home/abuild/rpmbuild/BUILD/jython-2.7.1/grammar/PythonPartial.g:999:1: Multiple token rules can match input such as "'|'": VBAR, VBAREQUAL
[ 2749s]      [java] 
[ 2749s]      [java] As a result, token(s) VBAREQUAL were disabled for that input
[ 2749s]      [java] warning(209): /home/abuild/rpmbuild/BUILD/jython-2.7.1/grammar/PythonPartial.g:1055:1: Multiple token rules can match input such as "'f'": FINALLY, FROM, FOR, NAME
[ 2749s]      [java] 
[ 2749s]      [java] As a result, token(s) FROM,FOR,NAME were disabled for that input
[ 2749s]      [java] warning(209): /home/abuild/rpmbuild/BUILD/jython-2.7.1/grammar/PythonPartial.g:1001:1: Multiple token rules can match input such as "'%'": PERCENT, PERCENTEQUAL
[ 2749s]      [java] 
[ 2749s]      [java] As a result, token(s) PERCENTEQUAL were disabled for that input
[ 2749s]      [java] warning(209): /home/abuild/rpmbuild/BUILD/jython-2.7.1/grammar/PythonPartial.g:989:1: Multiple token rules can match input such as "'-'": MINUS, MINUSEQUAL
[ 2749s]      [java] 
[ 2749s]      [java] As a result, token(s) MINUSEQUAL were disabled for that input
[ 2749s]      [java] warning(209): /home/abuild/rpmbuild/BUILD/jython-2.7.1/grammar/PythonPartial.g:1047:1: Multiple token rules can match input such as "'0'": FLOAT, LONGINT, INT, COMPLEX
[ 2749s]      [java] 
[ 2749s]      [java] As a result, token(s) LONGINT,INT,COMPLEX were disabled for that input
[ 2749s]      [java] warning(209): /home/abuild/rpmbuild/BUILD/jython-2.7.1/grammar/PythonPartial.g:1055:1: Multiple token rules can match input such as "'e'": ELIF, EXCEPT, EXEC, ORELSE, NAME
[ 2749s]      [java] 
[ 2749s]      [java] As a result, token(s) EXCEPT,EXEC,ORELSE,NAME were disabled for that input
[ 2749s]      [java] warning(209): /home/abuild/rpmbuild/BUILD/jython-2.7.1/grammar/PythonPartial.g:1055:1: Multiple token rules can match input such as "'l'": LAMBDA, NAME
[ 2749s]      [java] 
[ 2749s]      [java] As a result, token(s) NAME were disabled for that input
[ 2749s]      [java] warning(209): /home/abuild/rpmbuild/BUILD/jython-2.7.1/grammar/PythonPartial.g:1083:1: Multiple token rules can match input such as "'U'": NAME, STRING, TRISTRINGPART, STRINGPART
[ 2749s]      [java] 
[ 2749s]      [java] As a result, token(s) STRING,TRISTRINGPART,STRINGPART were disabled for that input
[ 2749s]      [java] warning(209): /home/abuild/rpmbuild/BUILD/jython-2.7.1/grammar/PythonPartial.g:1083:1: Multiple token rules can match input such as "'r'": RAISE, RETURN, NAME, STRING, TRISTRINGPART, STRINGPART
[ 2749s]      [java] 
[ 2749s]      [java] As a result, token(s) RETURN,NAME,STRING,TRISTRINGPART,STRINGPART were disabled for that input
[ 2749s]      [java] warning(209): /home/abuild/rpmbuild/BUILD/jython-2.7.1/grammar/PythonPartial.g:1055:1: Multiple token rules can match input such as "'y'": YIELD, NAME
[ 2749s]      [java] 
[ 2749s]      [java] As a result, token(s) NAME were disabled for that input
[ 2749s]      [java] warning(209): /home/abuild/rpmbuild/BUILD/jython-2.7.1/grammar/PythonPartial.g:1055:1: Multiple token rules can match input such as "'b'": BREAK, NAME
[ 2749s]      [java] 
[ 2749s]      [java] As a result, token(s) NAME were disabled for that input
[ 2749s]      [java] warning(209): /home/abuild/rpmbuild/BUILD/jython-2.7.1/grammar/PythonPartial.g:1011:1: Multiple token rules can match input such as "'*'": STAR, DOUBLESTAR, STAREQUAL, DOUBLESTAREQUAL
[ 2749s]      [java] 
[ 2749s]      [java] As a result, token(s) DOUBLESTAR,STAREQUAL,DOUBLESTAREQUAL were disabled for that input
[ 2749s]      [java] warning(209): /home/abuild/rpmbuild/BUILD/jython-2.7.1/grammar/PythonPartial.g:1047:1: Multiple token rules can match input such as "'1'..'9'": FLOAT, LONGINT, INT, COMPLEX
[ 2749s]      [java] 
[ 2749s]      [java] As a result, token(s) LONGINT,INT,COMPLEX were disabled for that input
[ 2749s]      [java] warning(209): /home/abuild/rpmbuild/BUILD/jython-2.7.1/grammar/PythonPartial.g:1083:1: Multiple token rules can match input such as "'R'": NAME, STRING, TRISTRINGPART, STRINGPART
[ 2749s]      [java] 
[ 2749s]      [java] As a result, token(s) STRING,TRISTRINGPART,STRINGPART were disabled for that input
[ 2749s]      [java] warning(209): /home/abuild/rpmbuild/BUILD/jython-2.7.1/grammar/PythonPartial.g:1083:1: Multiple token rules can match input such as "'u'": NAME, STRING, TRISTRINGPART, STRINGPART
[ 2749s]      [java] 
[ 2749s]      [java] As a result, token(s) STRING,TRISTRINGPART,STRINGPART were disabled for that input
[ 2749s]      [java] warning(209): /home/abuild/rpmbuild/BUILD/jython-2.7.1/grammar/PythonPartial.g:1003:1: Multiple token rules can match input such as "'&'": AMPER, AMPEREQUAL
[ 2749s]      [java] 
[ 2749s]      [java] As a result, token(s) AMPEREQUAL were disabled for that input
[ 2749s]      [java] warning(209): /home/abuild/rpmbuild/BUILD/jython-2.7.1/grammar/PythonPartial.g:1083:1: Multiple token rules can match input such as "'\''": STRING, TRISTRINGPART, STRINGPART
[ 2749s]      [java] 
[ 2749s]      [java] As a result, token(s) TRISTRINGPART,STRINGPART were disabled for that input
[ 2749s]      [java] warning(209): /home/abuild/rpmbuild/BUILD/jython-2.7.1/grammar/PythonPartial.g:1055:1: Multiple token rules can match input such as "'i'": IF, IMPORT, IN, IS, NAME
[ 2749s]      [java] 
[ 2749s]      [java] As a result, token(s) IMPORT,IN,IS,NAME were disabled for that input
[ 2749s]      [java] warning(209): /home/abuild/rpmbuild/BUILD/jython-2.7.1/grammar/PythonPartial.g:1055:1: Multiple token rules can match input such as "'d'": DEF, DELETE, NAME
[ 2749s]      [java] 
[ 2749s]      [java] As a result, token(s) DELETE,NAME were disabled for that input
[ 2749s]      [java] warning(209): /home/abuild/rpmbuild/BUILD/jython-2.7.1/grammar/PythonPartial.g:1009:1: Multiple token rules can match input such as "'>'": GREATER, GREATEREQUAL, RIGHTSHIFT, RIGHTSHIFTEQUAL
[ 2749s]      [java] 
[ 2749s]      [java] As a result, token(s) GREATEREQUAL,RIGHTSHIFT,RIGHTSHIFTEQUAL were disabled for that input
[ 2749s]      [java] warning(209): /home/abuild/rpmbuild/BUILD/jython-2.7.1/grammar/PythonPartial.g:1055:1: Multiple token rules can match input such as "'g'": GLOBAL, NAME
[ 2749s]      [java] 
[ 2749s]      [java] As a result, token(s) NAME were disabled for that input
[ 2749s]      [java] warning(209): /home/abuild/rpmbuild/BUILD/jython-2.7.1/grammar/PythonPartial.g:973:1: Multiple token rules can match input such as "'='": ASSIGN, EQUAL
[ 2749s]      [java] 
[ 2749s]      [java] As a result, token(s) EQUAL were disabled for that input
[ 2749s]      [java] warning(209): /home/abuild/rpmbuild/BUILD/jython-2.7.1/grammar/PythonPartial.g:1083:1: Multiple token rules can match input such as "'"'": STRING, TRISTRINGPART, STRINGPART
[ 2749s]      [java] 
[ 2749s]      [java] As a result, token(s) TRISTRINGPART,STRINGPART were disabled for that input
[ 2749s]      [java] warning(209): /home/abuild/rpmbuild/BUILD/jython-2.7.1/grammar/PythonPartial.g:1055:1: Multiple token rules can match input such as "'a'": AS, ASSERT, AND, NAME
[ 2749s]      [java] 
[ 2749s]      [java] As a result, token(s) ASSERT,AND,NAME were disabled for that input
[ 2749s]      [java] warning(209): /home/abuild/rpmbuild/BUILD/jython-2.7.1/grammar/PythonPartial.g:1055:1: Multiple token rules can match input such as "'p'": PASS, PRINT, NAME
[ 2749s]      [java] 
[ 2750s]      [java] As a result, token(s) PRINT,NAME were disabled for that input
[ 2750s]      [java] warning(209): /home/abuild/rpmbuild/BUILD/jython-2.7.1/grammar/PythonPartial.g:1047:1: Multiple token rules can match input such as "'.'": DOT, FLOAT, COMPLEX
[ 2750s]      [java] 
[ 2750s]      [java] As a result, token(s) FLOAT,COMPLEX were disabled for that input
[ 2750s]      [java] warning(209): /home/abuild/rpmbuild/BUILD/jython-2.7.1/grammar/PythonPartial.g:987:1: Multiple token rules can match input such as "'+'": PLUS, PLUSEQUAL
[ 2750s]      [java] 
[ 2750s]      [java] As a result, token(s) PLUSEQUAL were disabled for that input
[ 2750s]      [java] warning(209): /home/abuild/rpmbuild/BUILD/jython-2.7.1/grammar/PythonPartial.g:1055:1: Multiple token rules can match input such as "'o'": OR, NAME
[ 2750s]      [java] 
[ 2750s]      [java] As a result, token(s) NAME were disabled for that input
[ 2750s]      [java] error(208): /home/abuild/rpmbuild/BUILD/jython-2.7.1/grammar/PythonPartial.g:1083:1: The following token definitions can never be matched because prior tokens match the same input: ASSERT,CONTINUE,DELETE,EXCEPT,EXEC,FROM,FOR,IMPORT,IN,IS,ORELSE,PRINT,RETURN,WITH,EQUAL,ALT_NOTEQUAL,LESSEQUAL,LEFTSHIFT,GREATEREQUAL,RIGHTSHIFT,PLUSEQUAL,MINUSEQUAL,DOUBLESTAR,STAREQUAL,DOUBLESLASH,SLASHEQUAL,VBAREQUAL,PERCENTEQUAL,AMPEREQUAL,CIRCUMFLEXEQUAL,LEFTSHIFTEQUAL,RIGHTSHIFTEQUAL,DOUBLESTAREQUAL,DOUBLESLASHEQUAL,AND,LONGINT,INT,COMPLEX,TRISTRINGPART,STRINGPART
[ 2921s]      [java] Java Result: 1
[ 2921s] 
[ 2921s] check-hg:
[ 2921s] 
[ 2921s] hg-branch:
[ 2921s] 
[ 2921s] hg-tag:
[ 2921s] 
[ 2921s] hg-version:
[ 2921s] 
[ 2921s] hg-id:
[ 2921s] 
[ 2921s] brand-version:
[ 2921s]     [mkdir] Created dir: /home/abuild/rpmbuild/BUILD/jython-2.7.1/build/classes/org/python
[ 2922s] 
[ 2922s] compile:
[ 2922s]     [javac] /home/abuild/rpmbuild/BUILD/jython-2.7.1/build.xml:471: warning: 'includeantruntime' was not set, defaulting to build.sysclasspath=last; set to false for repeatable builds
[ 2954s]     [javac] Compiling 882 source files to /home/abuild/rpmbuild/BUILD/jython-2.7.1/build/classes
[ 4004s]     [javac] /home/abuild/rpmbuild/BUILD/jython-2.7.1/src/org/python/core/PyUnicode.java:586: warning: [deprecation] ASCII in CharMatcher has been deprecated
[ 4004s]     [javac]         if (s == null || CharMatcher.ASCII.matchesAllOf(s)) {
[ 4004s]     [javac]                                     ^
[ 4089s]     [javac] /home/abuild/rpmbuild/BUILD/jython-2.7.1/src/org/python/core/PyBaseCode.java:259: warning: [deprecation] ASCII in CharMatcher has been deprecated
[ 4089s]     [javac]                     if (CharMatcher.ASCII.matchesAllOf(keyword)) {
[ 4089s]     [javac]                                    ^
[ 6690s]     [javac] /home/abuild/rpmbuild/BUILD/jython-2.7.1/src/org/python/core/Py.java:674: warning: [deprecation] ASCII in CharMatcher has been deprecated
[ 6690s]     [javac]         if (!(precedent instanceof PyUnicode) && CharMatcher.ASCII.matchesAllOf(s)) {
[ 6690s]     [javac]                                                             ^
[ 6690s]     [javac] /home/abuild/rpmbuild/BUILD/jython-2.7.1/src/org/python/core/Py.java:682: warning: [deprecation] ASCII in CharMatcher has been deprecated
[ 6690s]     [javac]         if (CharMatcher.ASCII.matchesAllOf(s)) {
[ 6690s]     [javac]                        ^
[ 6690s]     [javac] /home/abuild/rpmbuild/BUILD/jython-2.7.1/src/org/python/core/Py.java:704: warning: [deprecation] ASCII in CharMatcher has been deprecated
[ 6690s]     [javac]         if (filename instanceof PyUnicode || CharMatcher.ASCII.matchesAllOf(s)) {
[ 6690s]     [javac]                                                         ^
[ 6690s]     [javac] /home/abuild/rpmbuild/BUILD/jython-2.7.1/src/org/python/core/Py.java:748: warning: [deprecation] ASCII in CharMatcher has been deprecated
[ 6690s]     [javac]         if (CharMatcher.ASCII.matchesAllOf(filename)) {
[ 6690s]     [javac]                        ^
[ 7430s]     [javac] /home/abuild/rpmbuild/BUILD/jython-2.7.1/src/org/python/expose/generate/NewExposer.java:53: warning: [deprecation] visitMethodInsn(int,String,String,String) in MethodVisitor has been deprecated
[ 7430s]     [javac]         mv.visitMethodInsn(INVOKESTATIC, onType.getInternalName(), name, NEW_DESCRIPTOR);
[ 7430s]     [javac]           ^
[ 8454s]     [javac] /home/abuild/rpmbuild/BUILD/jython-2.7.1/src/org/python/modules/jffi/SkinnyMethodAdapter.java:156: warning: [deprecation] visitMethodInsn(int,String,String,String) in MethodVisitor has been deprecated
[ 8454s]     [javac]         getMethodVisitor().visitMethodInsn(INVOKESTATIC, arg1, arg2, arg3);
[ 8454s]     [javac]                           ^
[ 8454s]     [javac] /home/abuild/rpmbuild/BUILD/jython-2.7.1/src/org/python/modules/jffi/SkinnyMethodAdapter.java:160: warning: [deprecation] visitMethodInsn(int,String,String,String) in MethodVisitor has been deprecated
[ 8454s]     [javac]         getMethodVisitor().visitMethodInsn(INVOKESPECIAL, arg1, arg2, arg3);
[ 8454s]     [javac]                           ^
[ 8454s]     [javac] /home/abuild/rpmbuild/BUILD/jython-2.7.1/src/org/python/modules/jffi/SkinnyMethodAdapter.java:164: warning: [deprecation] visitMethodInsn(int,String,String,String) in MethodVisitor has been deprecated
[ 8454s]     [javac]         getMethodVisitor().visitMethodInsn(INVOKEVIRTUAL, arg1, arg2, arg3);
[ 8454s]     [javac]                           ^
[ 8454s]     [javac] /home/abuild/rpmbuild/BUILD/jython-2.7.1/src/org/python/modules/jffi/SkinnyMethodAdapter.java:168: warning: [deprecation] visitMethodInsn(int,String,String,String) in MethodVisitor has been deprecated
[ 8454s]     [javac]         getMethodVisitor().visitMethodInsn(INVOKEINTERFACE, arg1, arg2, arg3);
[ 8454s]     [javac]                           ^
[ 8457s]     [javac] /home/abuild/rpmbuild/BUILD/jython-2.7.1/src/org/python/modules/jffi/SkinnyMethodAdapter.java:843: warning: [deprecation] visitMethodInsn(int,String,String,String) in MethodVisitor has been deprecated
[ 8457s]     [javac]     public void visitMethodInsn(int arg0, String arg1, String arg2, String arg3) {
[ 8457s]     [javac]                 ^
[ 8457s]     [javac] /home/abuild/rpmbuild/BUILD/jython-2.7.1/src/org/python/modules/jffi/SkinnyMethodAdapter.java:844: warning: [deprecation] visitMethodInsn(int,String,String,String) in MethodVisitor has been deprecated
[ 8457s]     [javac]         getMethodVisitor().visitMethodInsn(arg0, arg1, arg2, arg3);
[ 8457s]     [javac]                           ^
[ 8522s]     [javac] /home/abuild/rpmbuild/BUILD/jython-2.7.1/src/org/python/modules/jffi/StructLayout.java:144: warning: [deprecation] Struct(Type...) in Struct has been deprecated
[ 8522s]     [javac]                     : new com.kenai.jffi.Struct(fieldTypes);
[ 8522s]     [javac]                       ^
[ 8833s]     [javac] Note: Some input files use unchecked or unsafe operations.
[ 8833s]     [javac] Note: Recompile with -Xlint:unchecked for details.
[ 8833s]     [javac] 14 warnings
[ 8833s]     [javac] /home/abuild/rpmbuild/BUILD/jython-2.7.1/build.xml:487: warning: 'includeantruntime' was not set, defaulting to build.sysclasspath=last; set to false for repeatable builds
[ 8833s]     [javac] /home/abuild/rpmbuild/BUILD/jython-2.7.1/build.xml:499: warning: 'includeantruntime' was not set, defaulting to build.sysclasspath=last; set to false for repeatable builds
[ 8840s]     [javac] Compiling 128 source files to /home/abuild/rpmbuild/BUILD/jython-2.7.1/build/classes
[ 9158s]     [javac] /home/abuild/rpmbuild/BUILD/jython-2.7.1/tests/java/org/python/modules/_io/_ioTest.java:85: warning: [deprecation] containsString(String) in JUnitMatchers has been deprecated
[ 9158s]     [javac]         assertThat(m, both(containsString("UnsupportedOperation")).and(containsString("fileno")));
[ 9158s]     [javac]                                                                        ^
[ 9158s]     [javac] /home/abuild/rpmbuild/BUILD/jython-2.7.1/tests/java/org/python/modules/_io/_ioTest.java:85: warning: [deprecation] containsString(String) in JUnitMatchers has been deprecated
[ 9158s]     [javac]         assertThat(m, both(containsString("UnsupportedOperation")).and(containsString("fileno")));
[ 9158s]     [javac]                            ^
[ 9158s]     [javac] /home/abuild/rpmbuild/BUILD/jython-2.7.1/tests/java/org/python/modules/_io/_ioTest.java:85: warning: [deprecation] <T>both(Matcher<? super T>) in JUnitMatchers has been deprecated
[ 9158s]     [javac]         assertThat(m, both(containsString("UnsupportedOperation")).and(containsString("fileno")));
[ 9158s]     [javac]                       ^
[ 9158s]     [javac]   where T is a type-variable:
[ 9158s]     [javac]     T extends Object declared in method <T>both(Matcher<? super T>)
[ 9186s]     [javac] Note: /home/abuild/rpmbuild/BUILD/jython-2.7.1/tests/java/javatests/DiamondIterableMapMRO.java uses unchecked or unsafe operations.
[ 9186s]     [javac] Note: Recompile with -Xlint:unchecked for details.
[ 9186s]     [javac] 3 warnings
[ 9186s]      [copy] Copying 1 file to /home/abuild/rpmbuild/BUILD/jython-2.7.1/build/classes/org/python/modules
[ 9190s]      [copy] Copying 1 file to /home/abuild/rpmbuild/BUILD/jython-2.7.1/build/classes
[ 9190s]      [copy] Copying 1 file to /home/abuild/rpmbuild/BUILD/jython-2.7.1/build/classes/META-INF/services
[ 9190s] 
[ 9190s] expose:
[ 9211s]    [expose] Exposing 227 classes
[ 9331s] 
[ 9331s] jar:
[ 9333s]       [jar] Building jar: /home/abuild/rpmbuild/BUILD/jython-2.7.1/dist/callbacker_test.jar
[ 9426s]       [jar] Building jar: /home/abuild/rpmbuild/BUILD/jython-2.7.1/dist/jython.jar
[ 9529s] 
[ 9529s] copy-javalib:
[ 9530s]      [copy] Copying 23 files to /home/abuild/rpmbuild/BUILD/jython-2.7.1/dist/javalib
[ 9532s] 
[ 9532s] copy-cpythonlib:
[ 9583s]      [copy] Copying 1125 files to /home/abuild/rpmbuild/BUILD/jython-2.7.1/dist/Lib
[ 9614s] 
[ 9614s] copy-lib:
[ 9633s]      [copy] Copying 525 files to /home/abuild/rpmbuild/BUILD/jython-2.7.1/dist/Lib
[ 9648s]      [copy] Copied 17 empty directories to 1 empty directory under /home/abuild/rpmbuild/BUILD/jython-2.7.1/dist/Lib
[ 9649s]      [copy] Copying 3 files to /home/abuild/rpmbuild/BUILD/jython-2.7.1/dist/bin
[ 9650s]      [copy] Copying 1 file to /home/abuild/rpmbuild/BUILD/jython-2.7.1/dist
[ 9650s] 
[ 9650s] pycompile:
[ 9701s] [jycompile] Compiling 643 files
[ 9732s] [jycompile]   File "/home/abuild/rpmbuild/BUILD/jython-2.7.1/dist/Lib/encodings/gb18030.py", line 7
[ 9732s] [jycompile]     import _codecs_cn, codecs
[ 9732s] [jycompile]           ^
[ 9732s] [jycompile] SyntaxError: mismatched input ' ' expecting EOF
[ 9732s] [jycompile] Could not compile /home/abuild/rpmbuild/BUILD/jython-2.7.1/dist/Lib/encodings/gb18030.py
[ 9732s] 
[ 9732s] BUILD FAILED
[ 9732s] /home/abuild/rpmbuild/BUILD/jython-2.7.1/build.xml:801: Compile failed; see the compiler error output for details.
[ 9732s] 
[ 9732s] Total time: 124 minutes 15 seconds
[ 9732s] error: Bad exit status from /var/tmp/rpm-tmp.PUEWpv (%build)
[ 9732s] 
[ 9732s] 
[ 9732s] RPM build errors:
[ 9732s]     Bad exit status from /var/tmp/rpm-tmp.PUEWpv (%build)
[ 9732s] 
[ 9733s] oe-RISCV-worker23 failed "build jython.spec" at Tue Mar 29 18:43:05 UTC 2022.
[ 9733s] 
