[    0s] Memory limit set to 10955196KB
[    0s] Using BUILD_ROOT=/var/cache/obs/worker/root_3
[    0s] Using BUILD_ARCH=riscv64
[    0s] 
[    4s] 
[    4s] oe-RISCV-worker26 started "build _service:extract_file:libgusb.spec" at Sat Apr 23 09:16:46 UTC 2022.
[    4s] 
[    4s] Building libgusb for project 'openEuler:Mainline:RISC-V' repository 'advanced_riscv64' arch 'riscv64' srcmd5 'fcfa9582813587ec8af24006623ec31d'
[    4s] 
[    4s] processing recipe /var/cache/obs/worker/root_3/.build-srcdir/_service:extract_file:libgusb.spec ...
[    8s] running changelog2spec --target rpm --file /var/cache/obs/worker/root_3/.build-srcdir/_service:extract_file:libgusb.spec
[    9s] init_buildsystem --configdir /var/run/obs/worker/3/build/configs --cachedir /var/cache/build --clean --rpmlist /var/cache/obs/worker/root_3/.build.rpmlist /var/cache/obs/worker/root_3/.build-srcdir/_service:extract_file:libgusb.spec build ...
[   87s] cycle: coreutils -> bash
[   87s]   breaking dependency coreutils -> bash
[   87s] cycle: coreutils -> info
[   87s]   breaking dependency coreutils -> info
[   87s] cycle: glibc -> filesystem -> coreutils
[   87s]   breaking dependency coreutils -> glibc
[   87s] cycle: glibc -> filesystem -> coreutils -> libacl
[   87s]   breaking dependency coreutils -> libacl
[   87s] cycle: glibc -> filesystem -> coreutils -> attr
[   87s]   breaking dependency coreutils -> attr
[   87s] cycle: coreutils -> libcap
[   87s]   breaking dependency coreutils -> libcap
[   87s] cycle: glibc -> filesystem -> coreutils -> openssl-libs
[   87s]   breaking dependency coreutils -> openssl-libs
[   87s] cycle: glibc -> filesystem -> coreutils -> libselinux
[   87s]   breaking dependency libselinux -> glibc
[   87s] cycle: glibc -> filesystem -> coreutils -> libselinux -> pcre2
[   87s]   breaking dependency pcre2 -> glibc
[   87s] cycle: glibc -> filesystem -> coreutils -> libselinux -> pcre2 -> readline
[   87s]   breaking dependency readline -> glibc
[   87s] cycle: glibc -> filesystem -> coreutils -> libselinux -> pcre2 -> readline -> ncurses-libs
[   87s]   breaking dependency filesystem -> coreutils
[   87s] cycle: glibc -> filesystem -> bash -> coreutils -> libselinux -> pcre2 -> readline -> ncurses-libs
[   87s]   breaking dependency filesystem -> bash
[   87s] cycle: perl-Carp -> perl-libs
[   87s]   breaking dependency perl-libs -> perl-Carp
[   87s] cycle: perl-libs -> perl-Exporter
[   87s]   breaking dependency perl-libs -> perl-Exporter
[   87s] cycle: perl-Carp -> perl-Exporter
[   87s]   breaking dependency perl-Exporter -> perl-Carp
[   87s] cycle: nss-util -> nss
[   87s]   breaking dependency nss -> nss-util
[   87s] cycle: nss-softokn -> nss-util -> nss
[   87s]   breaking dependency nss -> nss-softokn
[   87s] cycle: systemd -> cryptsetup -> device-mapper
[   87s]   breaking dependency systemd -> cryptsetup
[   87s] cycle: audit -> systemd -> pam
[   87s]   breaking dependency systemd -> pam
[   87s] [1/84] preinstalling dbus...
[   88s] [2/84] preinstalling libffi-devel...
[   89s] [3/84] preinstalling nodejs-source-map...
[   91s] [4/84] preinstalling python3-pip...
[   95s] [5/84] preinstalling python3-setuptools_scm...
[   95s] [6/84] preinstalling filesystem...
[   98s] [7/84] preinstalling glibc...
[  102s] [8/84] preinstalling libgcc...
[  103s] [9/84] preinstalling diffutils...
[  104s] [10/84] preinstalling libcap-ng...
[  105s] [11/84] preinstalling libgpg-error...
[  106s] [12/84] preinstalling libpcap...
[  107s] [13/84] preinstalling libsmartcols...
[  108s] [14/84] preinstalling libuuid...
[  109s] [15/84] preinstalling libxcrypt...
[  110s] [16/84] preinstalling lz4...
[  111s] [17/84] preinstalling m4...
[  112s] [18/84] preinstalling ncurses-libs...
[  113s] [19/84] preinstalling nspr...
[  115s] [20/84] preinstalling xz-libs...
[  116s] [21/84] preinstalling zlib...
[  117s] [22/84] preinstalling attr...
[  118s] [23/84] preinstalling libdb...
[  121s] [24/84] preinstalling zstd...
[  124s] [25/84] preinstalling audit-libs...
[  124s] [26/84] preinstalling file...
[  125s] [27/84] preinstalling iptables-libs...
[  126s] [28/84] preinstalling libacl...
[  127s] [29/84] preinstalling libgcrypt...
[  129s] [30/84] preinstalling openssl-libs...
[  131s] [31/84] preinstalling readline...
[  132s] [32/84] preinstalling ncurses...
[  139s] [33/84] preinstalling cmake...
[  151s] [34/84] preinstalling perl-libs...
[  155s] [35/84] preinstalling pcre2...
[  156s] [36/84] preinstalling perl-Exporter...
[  157s] [37/84] preinstalling pcre...
[  158s] [38/84] preinstalling acl...
[  159s] [39/84] preinstalling sqlite...
[  161s] [40/84] preinstalling libselinux...
[  163s] [41/84] preinstalling perl-Carp...
[  164s] [42/84] preinstalling perl-Digest-MD5...
[  164s] [43/84] preinstalling sed...
[  165s] [44/84] preinstalling coreutils...
[  170s] [45/84] preinstalling bash...
[  172s] [46/84] preinstalling openssl...
[  173s] [47/84] preinstalling dnf...
[  174s] [48/84] preinstalling bzip2...
[  175s] [49/84] preinstalling hostname...
[  176s] [50/84] preinstalling libcap...
[  177s] [51/84] preinstalling popt...
[  178s] [52/84] preinstalling elfutils...
[  180s] [53/84] preinstalling grep...
[  181s] [54/84] preinstalling libblkid...
[  182s] [55/84] preinstalling perl-constant...
[  184s] [56/84] preinstalling tar...
[  186s] [57/84] preinstalling info...
[  187s] [58/84] preinstalling libgcrypt-devel...
[  188s] [59/84] preinstalling lua...
[  189s] [60/84] preinstalling nss...
[  190s] [61/84] preinstalling chkconfig...
[  191s] [62/84] preinstalling copy-jdk-configs...
[  192s] [63/84] preinstalling libfdisk...
[  193s] [64/84] preinstalling libmount...
[  194s] [65/84] preinstalling libsemanage...
[  195s] [66/84] preinstalling nss-util...
[  196s] [67/84] preinstalling findutils...
[  198s] [68/84] preinstalling perl-Getopt-Long...
[  198s] [69/84] preinstalling xz...
[  199s] [70/84] preinstalling perl-Data-Dumper...
[  201s] [71/84] preinstalling systemd-libs...
[  202s] [72/84] preinstalling rpm-libs...
[  203s] [73/84] preinstalling dbus-libs...
[  204s] [74/84] preinstalling nss-softokn...
[  206s] [75/84] preinstalling glib2...
[  211s] [76/84] preinstalling systemd...
[  216s] [77/84] preinstalling audit...
[  217s] [78/84] preinstalling rpm...
[  218s] [79/84] preinstalling openEuler-rpm-config...
[  219s] [80/84] preinstalling pam...
[  221s] [81/84] preinstalling util-linux...
[  225s] [82/84] preinstalling device-mapper...
[  226s] [83/84] preinstalling cryptsetup...
[  227s] [84/84] preinstalling lvm2...
[  230s] 
[  234s] initializing rpm db...
[  247s] reordering...cycle: adobe-mappings-cmap -> adobe-mappings-cmap-lang
[  247s]   breaking dependency adobe-mappings-cmap-lang -> adobe-mappings-cmap
[  247s] cycle: coreutils -> bash
[  247s]   breaking dependency coreutils -> bash
[  247s] cycle: coreutils -> info
[  247s]   breaking dependency coreutils -> info
[  247s] cycle: glibc -> basesystem -> filesystem -> coreutils -> gmp
[  247s]   breaking dependency coreutils -> gmp
[  247s] cycle: glibc -> basesystem -> filesystem -> coreutils
[  247s]   breaking dependency coreutils -> glibc
[  247s] cycle: glibc -> basesystem -> filesystem -> coreutils -> libacl
[  247s]   breaking dependency coreutils -> libacl
[  247s] cycle: glibc -> basesystem -> filesystem -> coreutils -> attr
[  247s]   breaking dependency coreutils -> attr
[  247s] cycle: coreutils -> libcap
[  247s]   breaking dependency coreutils -> libcap
[  247s] cycle: glibc -> basesystem -> filesystem -> coreutils -> openssl-libs
[  247s]   breaking dependency openssl-libs -> glibc
[  247s] cycle: coreutils -> openssl-libs -> ca-certificates
[  247s]   breaking dependency ca-certificates -> coreutils
[  247s] cycle: coreutils -> openssl-libs -> ca-certificates -> bash
[  247s]   breaking dependency ca-certificates -> bash
[  247s] cycle: coreutils -> openssl-libs -> ca-certificates -> grep
[  247s]   breaking dependency grep -> coreutils
[  247s] cycle: coreutils -> openssl-libs -> ca-certificates -> grep -> bash
[  247s]   breaking dependency ca-certificates -> grep
[  247s] cycle: glibc -> basesystem -> filesystem -> coreutils -> openssl-libs -> ca-certificates -> p11-kit
[  247s]   breaking dependency p11-kit -> glibc
[  247s] cycle: glibc -> basesystem -> filesystem -> coreutils -> openssl-libs -> ca-certificates -> p11-kit -> libffi
[  247s]   breaking dependency openssl-libs -> ca-certificates
[  247s] cycle: coreutils -> openssl-libs -> crypto-policies -> bash
[  247s]   breaking dependency crypto-policies -> bash
[  247s] cycle: coreutils -> openssl-libs -> crypto-policies
[  247s]   breaking dependency crypto-policies -> coreutils
[  247s] cycle: coreutils -> openssl-libs -> crypto-policies -> grep -> bash
[  247s]   breaking dependency bash -> coreutils
[  247s] cycle: filesystem -> coreutils -> openssl-libs -> crypto-policies -> grep -> bash
[  247s]   breaking dependency grep -> bash
[  247s] cycle: glibc -> basesystem -> filesystem -> coreutils -> openssl-libs -> crypto-policies -> grep
[  247s]   breaking dependency glibc -> basesystem
[  247s] cycle: glibc -> glibc-common -> bash -> filesystem -> coreutils -> openssl-libs -> crypto-policies -> grep
[  247s]   breaking dependency glibc-common -> bash
[  247s] cycle: glibc -> glibc-common -> coreutils -> openssl-libs -> crypto-policies -> grep
[  247s]   breaking dependency glibc-common -> coreutils
[  247s] cycle: glibc -> glibc-common
[  247s]   breaking dependency glibc-common -> glibc
[  247s] cycle: glibc -> glibc-common -> libselinux
[  247s]   breaking dependency libselinux -> glibc
[  247s] cycle: glibc -> glibc-common -> libselinux -> pcre2
[  247s]   breaking dependency pcre2 -> glibc
[  247s] cycle: glibc -> glibc-common -> libselinux -> pcre2 -> readline
[  247s]   breaking dependency readline -> glibc
[  247s] cycle: glibc -> glibc-common -> libselinux -> pcre2 -> readline -> ncurses-libs
[  247s]   breaking dependency libselinux -> pcre2
[  247s] cycle: glibc -> glibc-common -> libselinux -> libsepol -> coreutils -> openssl-libs -> crypto-policies -> grep
[  247s]   breaking dependency libsepol -> coreutils
[  247s] cycle: glibc -> glibc-common -> libselinux -> libsepol -> bash -> filesystem -> coreutils -> openssl-libs -> crypto-policies -> grep
[  247s]   breaking dependency filesystem -> coreutils
[  247s] cycle: bash -> filesystem
[  247s]   breaking dependency filesystem -> bash
[  247s] cycle: filesystem -> setup
[  247s]   breaking dependency filesystem -> setup
[  247s] cycle: glibc -> glibc-common -> libselinux -> libsepol -> bash
[  247s]   breaking dependency bash -> glibc
[  247s] cycle: glibc -> glibc-common -> libselinux -> libsepol -> bash -> ncurses-libs
[  247s]   breaking dependency libsepol -> bash
[  247s] cycle: glibc -> glibc-common -> libselinux -> libsepol
[  247s]   breaking dependency glibc -> glibc-common
[  247s] cycle: systemd -> cryptsetup -> device-mapper
[  247s]   breaking dependency systemd -> cryptsetup
[  247s] cycle: perl-libs -> perl-Carp
[  247s]   breaking dependency perl-libs -> perl-Carp
[  247s] cycle: perl-libs -> perl-Exporter
[  247s]   breaking dependency perl-libs -> perl-Exporter
[  247s] cycle: perl-Carp -> perl-Exporter
[  247s]   breaking dependency perl-Exporter -> perl-Carp
[  247s] cycle: perl -> perl-PathTools
[  247s]   breaking dependency perl -> perl-PathTools
[  247s] cycle: perl -> perl-ExtUtils-MakeMaker
[  247s]   breaking dependency perl -> perl-ExtUtils-MakeMaker
[  247s] cycle: perl -> perl-File-Path -> perl-PathTools
[  247s]   breaking dependency perl -> perl-File-Path
[  247s] cycle: perl -> perl-Getopt-Long -> perl-Pod-Usage
[  247s]   breaking dependency perl -> perl-Getopt-Long
[  247s] cycle: perl -> perl-Locale-Maketext
[  247s]   breaking dependency perl -> perl-Locale-Maketext
[  247s] cycle: perl -> perl-Pod-Simple
[  247s]   breaking dependency perl -> perl-Pod-Simple
[  247s] cycle: perl -> perl-Socket
[  247s]   breaking dependency perl -> perl-Socket
[  247s] cycle: perl -> perl-Storable
[  247s]   breaking dependency perl -> perl-Storable
[  247s] cycle: perl -> perl-Text-Tabs+Wrap
[  247s]   breaking dependency perl -> perl-Text-Tabs+Wrap
[  247s] cycle: perl -> perl-Time-Local -> perl-constant
[  247s]   breaking dependency perl -> perl-Time-Local
[  247s] cycle: perl -> perl-constant
[  247s]   breaking dependency perl -> perl-constant
[  247s] cycle: perl -> perl-threads
[  247s]   breaking dependency perl -> perl-threads
[  247s] cycle: perl -> perl-threads-shared
[  247s]   breaking dependency perl -> perl-threads-shared
[  247s] cycle: perl -> perl-Archive-Tar
[  247s]   breaking dependency perl -> perl-Archive-Tar
[  247s] cycle: perl -> perl-B-Debug
[  247s]   breaking dependency perl -> perl-B-Debug
[  247s] cycle: perl -> perl-CPAN-Meta -> perl-CPAN-Meta-Requirements
[  247s]   breaking dependency perl -> perl-CPAN-Meta
[  247s] cycle: perl -> perl-CPAN-Meta-Requirements
[  247s]   breaking dependency perl -> perl-CPAN-Meta-Requirements
[  247s] cycle: perl -> perl-CPAN-Meta-YAML
[  247s]   breaking dependency perl -> perl-CPAN-Meta-YAML
[  247s] cycle: perl -> perl-Compress-Raw-Bzip2
[  247s]   breaking dependency perl -> perl-Compress-Raw-Bzip2
[  247s] cycle: perl -> perl-Compress-Raw-Zlib
[  247s]   breaking dependency perl -> perl-Compress-Raw-Zlib
[  247s] cycle: perl -> perl-Config-Perl-V
[  247s]   breaking dependency perl -> perl-Config-Perl-V
[  247s] cycle: perl -> perl-DB_File
[  247s]   breaking dependency perl -> perl-DB_File
[  247s] cycle: perl -> perl-Data-Dumper
[  247s]   breaking dependency perl -> perl-Data-Dumper
[  247s] cycle: perl -> perl-Devel-PPPort
[  247s]   breaking dependency perl -> perl-Devel-PPPort
[  247s] cycle: perl -> perl-Digest -> perl-MIME-Base64
[  247s]   breaking dependency perl -> perl-Digest
[  247s] cycle: perl -> perl-Digest-MD5 -> perl-Digest -> perl-MIME-Base64
[  247s]   breaking dependency perl -> perl-Digest-MD5
[  247s] cycle: perl -> perl-Digest-SHA
[  247s]   breaking dependency perl -> perl-Digest-SHA
[  247s] cycle: perl -> perl-Encode
[  247s]   breaking dependency perl -> perl-Encode
[  247s] cycle: perl -> perl-Env
[  247s]   breaking dependency perl -> perl-Env
[  247s] cycle: perl -> perl-ExtUtils-Command
[  247s]   breaking dependency perl -> perl-ExtUtils-Command
[  247s] cycle: perl -> perl-ExtUtils-Install
[  247s]   breaking dependency perl -> perl-ExtUtils-Install
[  247s] cycle: perl -> perl-ExtUtils-Manifest
[  247s]   breaking dependency perl -> perl-ExtUtils-Manifest
[  247s] cycle: perl -> perl-ExtUtils-ParseXS
[  247s]   breaking dependency perl -> perl-ExtUtils-ParseXS
[  247s] cycle: perl -> perl-File-Fetch -> perl-PathTools
[  247s]   breaking dependency perl -> perl-File-Fetch
[  247s] cycle: perl -> perl-File-Temp -> perl-PathTools
[  247s]   breaking dependency perl -> perl-File-Temp
[  247s] cycle: perl -> perl-Filter
[  247s]   breaking dependency perl -> perl-Filter
[  247s] cycle: perl -> perl-Filter-Simple -> perl-Filter
[  247s]   breaking dependency perl -> perl-Filter-Simple
[  247s] cycle: perl -> perl-HTTP-Tiny
[  247s]   breaking dependency perl -> perl-HTTP-Tiny
[  247s] cycle: perl -> perl-IO-Compress
[  247s]   breaking dependency perl -> perl-IO-Compress
[  247s] cycle: perl -> perl-IO-Socket-IP
[  247s]   breaking dependency perl -> perl-IO-Socket-IP
[  247s] cycle: perl -> perl-IPC-Cmd -> perl-ExtUtils-MakeMaker
[  247s]   breaking dependency perl -> perl-IPC-Cmd
[  247s] cycle: perl -> perl-IPC-SysV
[  247s]   breaking dependency perl -> perl-IPC-SysV
[  247s] cycle: perl -> perl-JSON-PP
[  247s]   breaking dependency perl -> perl-JSON-PP
[  247s] cycle: perl -> perl-Locale-Codes -> perl-constant
[  247s]   breaking dependency perl -> perl-Locale-Codes
[  247s] cycle: perl -> perl-MIME-Base64
[  247s]   breaking dependency perl -> perl-MIME-Base64
[  247s] cycle: perl -> perl-Math-BigInt
[  247s]   breaking dependency perl -> perl-Math-BigInt
[  247s] cycle: perl -> perl-Math-BigInt-FastCalc -> perl-Math-BigInt
[  247s]   breaking dependency perl -> perl-Math-BigInt-FastCalc
[  247s] cycle: perl -> perl-Math-BigRat -> perl-Math-BigInt
[  247s]   breaking dependency perl -> perl-Math-BigRat
[  247s] cycle: perl -> perl-Module-CoreList
[  247s]   breaking dependency perl -> perl-Module-CoreList
[  247s] cycle: perl -> perl-Module-Load -> perl-PathTools
[  247s]   breaking dependency perl -> perl-Module-Load
[  247s] cycle: perl -> perl-Module-Load-Conditional
[  247s]   breaking dependency perl -> perl-Module-Load-Conditional
[  247s] cycle: perl -> perl-Module-Metadata
[  247s]   breaking dependency perl -> perl-Module-Metadata
[  247s] cycle: perl -> perl-Params-Check
[  247s]   breaking dependency perl -> perl-Params-Check
[  247s] cycle: perl -> perl-PerlIO-via-QuotedPrint -> perl-MIME-Base64
[  247s]   breaking dependency perl -> perl-PerlIO-via-QuotedPrint
[  247s] cycle: perl -> perl-Pod-Checker
[  247s]   breaking dependency perl -> perl-Pod-Checker
[  247s] cycle: perl -> perl-Pod-Escapes
[  247s]   breaking dependency perl -> perl-Pod-Escapes
[  247s] cycle: perl -> perl-Pod-Parser
[  247s]   breaking dependency perl -> perl-Pod-Parser
[  247s] cycle: perl -> perl-Pod-Perldoc
[  247s]   breaking dependency perl -> perl-Pod-Perldoc
[  247s] cycle: perl -> perl-Pod-Usage
[  247s]   breaking dependency perl -> perl-Pod-Usage
[  247s] cycle: perl -> perl-Sys-Syslog
[  247s]   breaking dependency perl -> perl-Sys-Syslog
[  247s] cycle: perl -> perl-Term-Cap
[  247s]   breaking dependency perl -> perl-Term-Cap
[  247s] cycle: perl -> perl-Test-Harness
[  247s]   breaking dependency perl -> perl-Test-Harness
[  247s] cycle: perl -> perl-Test-Simple
[  247s]   breaking dependency perl -> perl-Test-Simple
[  247s] cycle: perl -> perl-Text-Balanced
[  247s]   breaking dependency perl -> perl-Text-Balanced
[  247s] cycle: perl -> perl-Thread-Queue -> perl-threads-shared
[  247s]   breaking dependency perl -> perl-Thread-Queue
[  247s] cycle: perl -> perl-Unicode-Collate -> perl-PathTools
[  247s]   breaking dependency perl -> perl-Unicode-Collate
[  247s] cycle: perl -> perl-autodie
[  247s]   breaking dependency perl -> perl-autodie
[  247s] cycle: perl -> perl-bignum -> perl-Math-BigInt
[  247s]   breaking dependency perl -> perl-bignum
[  247s] cycle: perl -> perl-devel
[  247s]   breaking dependency perl -> perl-devel
[  247s] cycle: perl -> perl-Encode-devel
[  247s]   breaking dependency perl -> perl-Encode-devel
[  247s] cycle: perl -> perl-experimental
[  247s]   breaking dependency perl -> perl-experimental
[  247s] cycle: perl -> perl-libnet -> perl-Digest-MD5 -> perl-Digest -> perl-MIME-Base64
[  247s]   breaking dependency perl -> perl-libnet
[  247s] cycle: perl -> perl-podlators
[  247s]   breaking dependency perl -> perl-podlators
[  247s] cycle: perl -> perl-version
[  247s]   breaking dependency perl -> perl-version
[  247s] cycle: glib2 -> gamin
[  247s]   breaking dependency glib2 -> gamin
[  247s] cycle: systemd -> gnutls -> unbound-libs -> shadow -> pam -> audit
[  247s]   breaking dependency systemd -> gnutls
[  247s] cycle: systemd -> pam -> audit
[  247s]   breaking dependency systemd -> pam
[  247s] cycle: systemd -> shadow -> pam -> audit
[  247s]   breaking dependency systemd -> shadow
[  247s] cycle: pam -> libpwquality
[  247s]   breaking dependency pam -> libpwquality
[  247s] cycle: perl-Getopt-Long -> perl-Pod-Usage
[  247s]   breaking dependency perl-Pod-Usage -> perl-Getopt-Long
[  247s] cycle: perl-Getopt-Long -> perl-Pod-Usage -> perl-podlators -> perl-Encode
[  247s]   breaking dependency perl-podlators -> perl-Encode
[  247s] cycle: perl-Getopt-Long -> perl-Pod-Usage -> perl-podlators
[  247s]   breaking dependency perl-podlators -> perl-Getopt-Long
[  247s] cycle: perl-Getopt-Long -> perl-Pod-Usage -> perl-podlators -> perl-Pod-Simple -> perl-Encode
[  247s]   breaking dependency perl-Encode -> perl-Getopt-Long
[  247s] cycle: perl-Getopt-Long -> perl-Pod-Usage -> perl-podlators -> perl-Pod-Simple
[  247s]   breaking dependency perl-podlators -> perl-Pod-Simple
[  247s] cycle: perl-Pod-Usage -> perl-podlators
[  247s]   breaking dependency perl-podlators -> perl-Pod-Usage
[  247s] cycle: groff -> perl-Getopt-Long -> perl-Pod-Usage -> perl-Pod-Perldoc
[  247s]   breaking dependency groff -> perl-Getopt-Long
[  247s] cycle: fontconfig -> urw-base35-nimbus-mono-ps-fonts
[  247s]   breaking dependency fontconfig -> urw-base35-nimbus-mono-ps-fonts
[  247s] cycle: fontconfig -> urw-base35-c059-fonts
[  247s]   breaking dependency fontconfig -> urw-base35-c059-fonts
[  247s] cycle: fontconfig -> urw-base35-nimbus-roman-fonts
[  247s]   breaking dependency fontconfig -> urw-base35-nimbus-roman-fonts
[  247s] cycle: fontconfig -> urw-base35-gothic-fonts
[  247s]   breaking dependency fontconfig -> urw-base35-gothic-fonts
[  247s] cycle: fontconfig -> urw-base35-z003-fonts
[  247s]   breaking dependency fontconfig -> urw-base35-z003-fonts
[  247s] cycle: fontconfig -> urw-base35-d050000l-fonts
[  247s]   breaking dependency fontconfig -> urw-base35-d050000l-fonts
[  247s] cycle: fontconfig -> urw-base35-bookman-fonts
[  247s]   breaking dependency fontconfig -> urw-base35-bookman-fonts
[  247s] cycle: fontconfig -> urw-base35-p052-fonts
[  247s]   breaking dependency fontconfig -> urw-base35-p052-fonts
[  247s] cycle: fontconfig -> urw-base35-nimbus-sans-fonts
[  247s]   breaking dependency fontconfig -> urw-base35-nimbus-sans-fonts
[  247s] cycle: libxcrypt-devel -> glibc-devel
[  247s]   breaking dependency glibc-devel -> libxcrypt-devel
[  247s] cycle: cmake-data -> cmake
[  247s]   breaking dependency cmake -> cmake-data
[  247s] cycle: nss-util -> nss
[  247s]   breaking dependency nss -> nss-util
[  247s] cycle: nss-softokn -> nss-util -> nss
[  247s]   breaking dependency nss -> nss-softokn
[  247s] cycle: perl-Getopt-Long -> perl-Pod-Usage -> perl-Pod-Perldoc -> perl-Pod-Simple
[  247s]   breaking dependency perl-Pod-Perldoc -> perl-Pod-Simple
[  247s] cycle: openssh -> openssh-server
[  247s]   breaking dependency openssh-server -> openssh
[  247s] cycle: git -> perl-Git
[  247s]   breaking dependency git -> perl-Git
[  247s] cycle: perl-ExtUtils-Install -> perl-ExtUtils-MakeMaker
[  247s]   breaking dependency perl-ExtUtils-MakeMaker -> perl-ExtUtils-Install
[  248s] done
[  248s] querying package ids...
[  289s] [1/456] installing adobe-mappings-pdf-20190401-2.oe1
[  292s] [2/456] installing cmake-filesystem-3.22.0-1.oe1
[  293s] [3/456] installing fonts-filesystem-2.0.2-2.oe1
[  293s] [4/456] installing fuse-common-3.9.2-5.oe1
[  295s] [5/456] installing kernel-headers-5.10-3.oe1
[  302s] [6/456] installing libreport-filesystem-2.13.1-5.oe1
[  303s] [7/456] installing ncurses-base-6.1-14.oe1
[  306s] [8/456] installing openEuler-gpg-keys-1.0-2.5.oe1
[  308s] [9/456] installing python-setuptools-59.4.0-3.oe1
[  309s] [10/456] installing qt5-srpm-macros-5.15.2-1.oe1
[  310s] [11/456] installing tzdata-2021a-2.oe1
[  320s] [12/456] installing xkeyboard-config-2.30-1.oe1
[  324s] [13/456] installing dnf-data-4.10.0-1.oe1
[  325s] [14/456] installing google-droid-sans-fonts-20120715-15.oe1
[  330s] [15/456] installing openEuler-repos-1.0-2.5.oe1
[  330s] [16/456] installing openEuler-release-20.03LTS-40.oe1
[  332s] [17/456] installing adobe-mappings-cmap-lang-20190730-3.oe1
[  339s] [18/456] installing filesystem-3.9-3.oe1
[  351s] warning: group mail does not exist - using root
[  351s] [19/456] installing adobe-mappings-cmap-20190730-3.oe1
[  352s] [20/456] installing emacs-filesystem-1:27.1-5.oe1
[  353s] [21/456] installing libgcc-10.3.1-10.oe1
[  356s] [22/456] installing vim-filesystem-2:8.2-4.oe1
[  357s] [23/456] installing setup-2.13.3-4.oe1
[  358s] [24/456] installing urw-base35-fonts-common-20170801-11
[  363s] [25/456] installing glibc-2.34-74.oe1
[  370s] [26/456] installing brotli-1.0.9-2.oe1
[  372s] [27/456] installing chrpath-0.16-12.oe1
[  373s] [28/456] installing cpio-2.13-4.oe1
[  374s] [29/456] installing diffutils-3.7-4.oe1
[  377s] [30/456] installing expat-2.2.10-1.oe1
[  378s] [31/456] installing fribidi-1.0.10-1.oe1
[  379s] [32/456] installing gpm-libs-1.20.7-21.oe1
[  380s] [33/456] installing jbig2dec-0.19-2.oe1
[  381s] [34/456] installing jbigkit-libs-2.1-17.oe1
[  382s] [35/456] installing json-c-0.15-1.oe1
[  383s] [36/456] installing keyutils-libs-1.6.3-3.oe1
[  385s] [37/456] installing lcms2-2.11-2.oe1
[  386s] [38/456] installing libICE-1.0.10-2.oe1
[  387s] [39/456] installing libXau-1.0.9-2.oe1
[  388s] [40/456] installing libaio-0.3.112-1.oe1
[  389s] [41/456] installing libargon2-20190702-1.oe1
[  391s] [42/456] installing libatomic-10.3.1-10.oe1
[  392s] [43/456] installing libcap-ng-0.7.11-1.oe1
[  393s] [44/456] installing libdatrie-0.2.12-1.oe1
[  395s] [45/456] installing libepoxy-1.5.3-2
[  397s] [46/456] installing libev-4.24-11.oe1
[  398s] [47/456] installing libffi-3.3-31.oe1
[  399s] [48/456] installing libgomp-10.3.1-10.oe1
[  400s] [49/456] installing libgpg-error-1.41-1.oe1
[  402s] [50/456] installing libijs-0.35-9.oe1
[  403s] [51/456] installing libjpeg-turbo-2.0.6-1.oe1
[  405s] [52/456] installing libnghttp2-1.42.0-1.oe1
[  406s] [53/456] installing libpcap-14:1.9.1-7.oe1
[  407s] [54/456] installing libpipeline-1.5.3-1.oe1
[  408s] [55/456] installing libsigsegv-2.11-10.oe1
[  410s] [56/456] installing libsmartcols-2.36.1-3.oe1
[  413s] [57/456] installing libtasn1-4.16.0-2.oe1
[  415s] [58/456] installing libtool-ltdl-2.4.6-34.oe1
[  417s] [59/456] installing libunistring-0.9.10-8.oe1
[  419s] [60/456] installing libuuid-2.36.1-3.oe1
[  420s] [61/456] installing libuv-1:1.40.0-1.oe1
[  421s] [62/456] installing libwebp-1.1.0-3.oe1
[  422s] [63/456] installing libxcrypt-4.4.8-4.oe1
[  425s] [64/456] installing libyaml-0.2.5-1.oe1
[  426s] [65/456] installing lz4-1.9.3-1.oe1
[  428s] [66/456] installing m4-1.4.18-14.oe1
[  429s] [67/456] installing mcpp-2.7.2-25.oe1
[  430s] [68/456] installing nspr-4.32.0-1.oe1
[  431s] [69/456] installing openjpeg2-2.3.1-6.oe1
[  432s] [70/456] installing pixman-0.38.0-1.oe1
[  434s] [71/456] installing pkgconf-1.7.3-1.oe1
[  437s] [72/456] installing rhash-1.3.5-5.oe1
[  438s] [73/456] installing which-2.21-14.oe1
[  439s] [74/456] installing xz-libs-5.2.5-1.oe1
[  440s] [75/456] installing zlib-1.2.11-18.oe1
[  441s] [76/456] installing attr-2.4.48-12.oe1
[  443s] [77/456] installing basesystem-12-2.oe1
[  444s] [78/456] installing libidn-1.36-1.oe1
[  446s] [79/456] installing libstdc++-10.3.1-10.oe1
[  448s] [80/456] installing ncurses-libs-6.1-14.oe1
[  450s] [81/456] installing libsepol-3.1-4.oe1
[  452s] [82/456] installing libstdc++-devel-10.3.1-10.oe1
[  464s] [83/456] installing audit-libs-1:3.0-2.oe1
[  465s] [84/456] installing file-libs-5.39-6.oe1
[  468s] [85/456] installing gmp-1:6.2.1-1.oe1
[  470s] [86/456] installing iptables-libs-1.8.1-4.oe1
[  472s] [87/456] installing less-563-2.oe1
[  473s] [88/456] installing libacl-2.2.53-7.oe1
[  474s] [89/456] installing libassuan-2.5.4-1.oe1
[  475s] [90/456] installing libedit-3.1-27.oe1
[  478s] [91/456] installing libffi-devel-3.3-31.oe1
[  479s] [92/456] installing libfontenc-1.1.4-2.oe1
[  480s] [93/456] installing libgcrypt-1.8.7-1.oe1
[  482s] [94/456] installing libpng-2:1.6.37-1.oe1
[  483s] [95/456] installing libsepol-devel-3.1-4.oe1
[  486s] [96/456] installing libthai-0.1.28-4.oe1
[  487s] [97/456] installing libxcb-1.14-1.oe1
[  489s] [98/456] installing readline-8.0-2.oe1
[  490s] [99/456] installing wayland-1.18.0-1.oe1
[  491s] [100/456] installing zlib-devel-1.2.11-18.oe1
[  493s] [101/456] installing fuse-2.9.9-6.oe1
[  496s] [102/456] installing gc-8.0.4-2.oe1
[  498s] [103/456] installing libSM-1.2.3-2.oe1
[  499s] [104/456] installing libdb-5.3.28-35.oe1
[  504s] [105/456] installing libicu-62.1-5.oe1
[  517s] [106/456] installing libselinux-3.1-3.oe1
[  518s] [107/456] installing libxml2-2.9.12-5.oe1
[  520s] [108/456] installing bash-5.1-1.oe1
[  525s] [109/456] installing perl-libs-4:5.28.0-435.oe1
[  531s] [110/456] installing zstd-1.4.8-2.oe1
[  534s] [111/456] installing ncurses-6.1-14.oe1
[  547s] [112/456] installing ninja-build-1.8.2-9.oe1
[  549s] [113/456] installing thin-provisioning-tools-0.8.5-1.oe1
[  551s] [114/456] installing libtiff-4.2.0-1.oe1
[  553s] [115/456] installing perl-parent-1:0.237-4.oe1
[  555s] [116/456] installing perl-perlfaq-5.20180915-5.oe1
[  557s] [117/456] installing libX11-1.6.9-2.oe1
[  560s] [118/456] installing mpfr-4.1.0-2.oe1
[  563s] [119/456] installing nettle-3.6-6.oe1
[  566s] [120/456] installing pcre2-10.36-1.oe1
[  570s] [121/456] installing perl-Exporter-5.74-1.oe1
[  571s] [122/456] installing file-5.39-6.oe1
[  572s] [123/456] installing gdbm-1:1.18.1-1.oe1
[  574s] [124/456] installing libxkbcommon-1.0.3-1.oe1
[  575s] [125/456] installing patch-2.7.6-12.oe1
[  577s] [126/456] installing qrencode-4.1.1-1
[  578s] [127/456] installing sed-4.8-2.oe1
[  581s] [128/456] installing acl-2.2.53-7.oe1
[  582s] [129/456] installing libcomps-0.1.15-1.oe1
[  583s] [130/456] installing pcre-8.44-1.oe1
[  585s] [131/456] installing glibc-common-2.34-74.oe1
[  597s] [132/456] installing crontabs-1.11-21.oe1
[  600s] [133/456] installing libXcomposite-0.4.5-1.oe1
[  604s] [134/456] installing libXext-1.3.4-2.oe1
[  606s] [135/456] installing libXfixes-5.0.3-11.oe1
[  608s] [136/456] installing libXpm-3.5.12-11.oe1
[  610s] [137/456] installing libXrender-0.9.10-10.oe1
[  611s] [138/456] installing perl-Carp-1.50-418.oe1
[  612s] [139/456] installing perl-Perl-OSType-1.010-421.oe1
[  614s] [140/456] installing perl-Term-ANSIColor-4.06-511.oe1
[  615s] [141/456] installing libmpc-1.2.0-2.oe1
[  616s] [142/456] installing grep-3.6-1.oe1
[  619s] [143/456] installing libXt-1.2.0-0.oe1
[  622s] [144/456] installing gawk-5.1.0-1.oe1
[  627s] [145/456] installing libXdamage-1.1.5-1.oe1
[  628s] [146/456] installing libXi-1.7.10-1.oe1
[  631s] [147/456] installing libXinerama-1.1.4-5.oe1
[  632s] [148/456] installing libXxf86misc-1.0.4-4.oe1
[  634s] [149/456] installing libXxf86vm-1.1.4-13.oe1
[  636s] [150/456] installing perl-Text-ParseWords-3.30-419.oe1
[  637s] [151/456] installing crypto-policies-20180925-3.git71ca85f.oe1
[  644s] [152/456] installing libXcursor-1.2.0-1.oe1
[  645s] [153/456] installing libXmu-1.1.3-1.oe1
[  647s] [154/456] installing libXrandr-1.5.2-1.oe1
[  649s] [155/456] installing cpp-10.3.1-10.oe1
[  659s] [156/456] installing libXtst-1.2.3-10.oe1
[  661s] [157/456] installing openssl-libs-1:1.1.1f-2.oe1
[  665s] [158/456] installing libXaw-1.0.13-13.oe1
[  667s] [159/456] installing xorg-x11-server-utils-7.7-28
[  668s] [160/456] installing ima-evm-utils-libs-1.2.1-8.oe1
[  670s] [161/456] installing libevent-2.1.12-4
[  672s] [162/456] installing kmod-libs-27-4.oe1
[  674s] [163/456] installing kmod-27-4.oe1
[  676s] [164/456] installing nodejs-libs-1:16.10.0-1.oe1
[  725s] [165/456] installing coreutils-8.31-4.oe1
[  734s] [166/456] installing adwaita-icon-theme-3.38.0-1.oe1
[  776s] [167/456] installing hicolor-icon-theme-0.17-4.oe1
[  785s] [168/456] installing publicsuffix-list-20200718-1.oe1
[  788s] [169/456] installing uname-build-checks-1.0-0.4.oe1
[  790s] [170/456] installing bzip2-1.0.8-3.oe1
[  792s] [171/456] installing gzip-1.10-1.oe1
[  793s] [172/456] installing hostname-3.21-2.oe1
[  795s] [173/456] installing libcap-2.32-2.oe1
[  797s] [174/456] installing libpaper-1.1.24-25.oe1
[  798s] [175/456] installing libseccomp-2.4.3-2.oe1
[  800s] [176/456] installing npth-1.5-7.oe1
[  802s] [177/456] installing popt-1.18-1.oe1
[  804s] [178/456] installing sgml-common-0.6.3-51.oe1
[  806s] [179/456] installing fipscheck-1.5.0-7.oe1
[  808s] [180/456] installing libblkid-2.36.1-3.oe1
[  810s] [181/456] installing libidn2-2.3.0-1.oe1
[  814s] [182/456] installing libksba-1.3.5-12.oe1
[  816s] [183/456] installing pcre-devel-8.44-1.oe1
[  820s] [184/456] installing pcre2-devel-10.36-1.oe1
[  823s] [185/456] installing tar-2:1.32-3.oe1
[  826s] [186/456] installing tcl-1:8.6.10-3.oe1
[  831s] [187/456] installing elfutils-0.185-5.oe1
[  835s] Couldn't write '0' to 'kernel/yama/ptrace_scope', ignoring: No such file or directory
[  835s] [188/456] installing graphite2-1.3.13-2.oe1
[  838s] [189/456] installing info-6.7-2.oe1
[  839s] [190/456] installing jsoncpp-1.9.4-1.oe1
[  841s] [191/456] installing libgpg-error-devel-1.41-1.oe1
[  843s] [192/456] installing lua-5.3.5-6.oe1
[  845s] [193/456] installing slang-2.3.2-8.oe1
[  850s] [194/456] installing xz-5.2.5-1.oe1
[  852s] [195/456] installing glibc-devel-2.34-74.oe1
[  862s] [196/456] installing libxslt-1.1.32-7.oe1
[  865s] [197/456] installing perl-Scalar-List-Utils-3:1.52-2.oe1
[  866s] [198/456] installing perl-Time-HiRes-1.9760-2.oe1
[  870s] [199/456] installing perl-Unicode-Normalize-1.26-419.oe1
[  872s] [200/456] installing systemd-libs-243-22.oe1
[  876s] [201/456] installing guile-5:2.0.14-15.oe1
[  885s] [202/456] installing dbus-libs-1:1.12.20-3.oe1
[  888s] [203/456] installing libusbx-1.0.23-3.oe1
[  890s] [204/456] installing zip-3.0-29.oe1
[  891s] [205/456] installing libfdisk-2.36.1-3.oe1
[  896s] [206/456] installing libxcrypt-devel-4.4.8-4.oe1
[  898s] [207/456] installing newt-0.52.21-4.oe1
[  902s] [208/456] installing p11-kit-0.23.22-1.oe1
[  906s] [209/456] installing procps-ng-3.3.16-15.oe1
[  908s] [210/456] installing libmount-2.36.1-3.oe1
[  911s] [211/456] installing libselinux-devel-3.1-3.oe1
[  914s] [212/456] installing lua-posix-33.3.1-12.oe1
[  917s] [213/456] installing unzip-6.0-47.oe1
[  919s] [214/456] installing cracklib-2.9.7-6.oe1
[  925s] [215/456] installing docbook-dtds-1.0-78.oe1
[  954s] [216/456] installing e2fsprogs-1.45.6-3.oe1
[  958s] [217/456] installing findutils-2:4.7.0-7.oe1
[  960s] [218/456] installing libsemanage-3.1-4.oe1
[  963s] [219/456] installing make-1:4.2.1-15.oe1
[  965s] [220/456] installing sqlite-3.24.0-9.oe1
[  968s] [221/456] installing logrotate-3.15.1-2.oe1
[  972s] [222/456] installing opensp-1.5.2-31.oe1
[  977s] [223/456] installing freetype-2.10.2-3.oe1
[  980s] [224/456] installing libgcrypt-devel-1.8.7-1.oe1
[  981s] [225/456] installing gnupg2-2.2.27-2.oe1
[  987s] [226/456] installing libarchive-3.5.1-1.oe1
[  989s] [227/456] installing rpm-libs-4.15.1-25.oe1
[  991s] [228/456] installing dbus-tools-1:1.12.20-3.oe1
[  993s] [229/456] installing libusbx-devel-1.0.23-3.oe1
[  995s] [230/456] installing avahi-libs-0.8-6.oe1
[  997s] [231/456] installing copy-jdk-configs-4.0-1.oe1
[  999s] [232/456] installing gpgme-1.15.1-1.oe1
[ 1001s] [233/456] installing obs-env-1.0-5.oe1
[ 1009s] [234/456] installing chkconfig-1.14-2.oe1
[ 1012s] [235/456] installing docbook-style-xsl-1.79.2-9.oe1
[ 1027s] [236/456] installing openjade-1.3.2-60.oe1
[ 1032s] [237/456] installing xorg-x11-font-utils-1:7.5-43.oe1
[ 1034s] [238/456] installing glib2-2.66.8-1.oe1
[ 1041s] [239/456] installing fontconfig-2.13.92-1.oe1
[ 1047s] [240/456] installing atk-2.36.0-1.oe1
[ 1050s] [241/456] installing libcroco-0.6.12-13.oe1
[ 1052s] [242/456] installing libgusb-0.3.0-5.oe1
[ 1054s] [243/456] installing gamin-0.1.10-38.oe1
[ 1057s] [244/456] installing libsecret-0.18.6-5.oe1
[ 1059s] [245/456] installing libverto-0.3.1-2.oe1
[ 1061s] [246/456] installing xorg-x11-fonts-7.5-24
[ 1085s] [247/456] installing gobject-introspection-1.66.1-1.oe1
[ 1089s] [248/456] installing libXft-2.3.3-1.oe1
[ 1091s] [249/456] installing libmodulemd-2.13.0-1.oe1
[ 1093s] [250/456] installing shared-mime-info-1.10-4.oe1
[ 1108s] [251/456] installing binutils-2.37-6.oe1
[ 1123s] [252/456] installing urw-base35-bookman-fonts-20170801-11
[ 1131s] [253/456] installing urw-base35-c059-fonts-20170801-11
[ 1140s] [254/456] installing urw-base35-d050000l-fonts-20170801-11
[ 1152s] [255/456] installing urw-base35-gothic-fonts-20170801-11
[ 1156s] [256/456] installing urw-base35-nimbus-mono-ps-fonts-20170801-11
[ 1161s] [257/456] installing urw-base35-nimbus-roman-fonts-20170801-11
[ 1166s] [258/456] installing urw-base35-nimbus-sans-fonts-20170801-11
[ 1180s] [259/456] installing urw-base35-p052-fonts-20170801-11
[ 1185s] [260/456] installing urw-base35-standard-symbols-ps-fonts-20170801-11
[ 1189s] [261/456] installing urw-base35-z003-fonts-20170801-11
[ 1193s] [262/456] installing babeltrace-1.5.8-1.oe1
[ 1200s] [263/456] installing harfbuzz-2.7.4-1.oe1
[ 1205s] [264/456] installing p11-kit-trust-0.23.22-1.oe1
[ 1208s] [265/456] installing cairo-1.16.0-6.fc32
[ 1212s] [266/456] installing colord-libs-1.4.3-6.oe1
[ 1215s] [267/456] installing ca-certificates-2020.2.46-2.oe1
[ 1229s] [268/456] installing gdk-pixbuf2-2.42.6-1.oe1
[ 1232s] [269/456] installing gettext-0.20.1-2.oe1
[ 1238s] [270/456] installing krb5-libs-1.18.2-3.oe1
[ 1242s] [271/456] installing pango-1.47.0-1.oe1
[ 1245s] [272/456] installing urw-base35-fonts-20170801-11
[ 1246s] [273/456] installing cairo-gobject-1.16.0-6.fc32
[ 1248s] [274/456] installing gcc-10.3.1-10.oe1
[ 1278s] [275/456] installing python-pip-wheel-19.2.3-2.fc32
[ 1280s] [276/456] installing libtirpc-1.3.1-1.oe1
[ 1282s] [277/456] installing gdk-pixbuf2-modules-2.42.6-1.oe1
[ 1291s] [278/456] installing cyrus-sasl-lib-2.1.27-10.oe1
[ 1293s] [279/456] installing libssh-0.9.5-1.oe1
[ 1298s] [280/456] installing gcc-c++-10.3.1-10.oe1
[ 1311s] [281/456] installing elinks-0.12-1.oe1
[ 1315s] [282/456] installing librsvg2-2.50.5-1.oe1
[ 1321s] [283/456] installing openldap-2.4.46-15.oe1
[ 1324s] [284/456] installing libnsl2-1.3.0-2.oe1
[ 1327s] [285/456] installing python3-3.8.5-13.oe1
[ 1360s] [286/456] installing python3-parameterized-0.6.1-9.fc32
[ 1362s] [287/456] installing python3-pyparsing-2.4.5-1.fc32
[ 1364s] [288/456] installing python3-setuptools-59.4.0-3.oe1
[ 1372s] [289/456] installing python3-setuptools_scm-3.3.3-6.fc32
[ 1375s] [290/456] installing python3-six-1.16.0-2.oe1
[ 1377s] [291/456] installing python3-markupsafe-1.1.1-4.fc32
[ 1380s] [292/456] installing python3-gpgme-1.15.1-1.oe1
[ 1383s] [293/456] installing python3-lxml-4.4.1-3.fc32
[ 1386s] [294/456] installing python3-libcomps-0.1.15-1.oe1
[ 1388s] [295/456] installing libpsl-0.21.1-1.oe1
[ 1392s] [296/456] installing gdb-headless-9.2-5.oe1
[ 1399s] [297/456] installing python3-anytree-2.7.2-2.fc32
[ 1403s] [298/456] installing python3-pygments-2.4.2-6.fc32
[ 1411s] [299/456] installing systemtap-sdt-devel-4.1-3.oe1
[ 1413s] [300/456] installing gdb-9.2-5.oe1
[ 1415s] [301/456] installing meson-0.59.4-1.oe1
[ 1423s] [302/456] installing python3-mako-1.1.0-4.fc32
[ 1426s] [303/456] installing python3-pip-19.2.3-2.fc32
[ 1437s] [304/456] installing libcurl-7.79.1-1.oe1
[ 1440s] [305/456] installing curl-7.79.1-1.oe1
[ 1443s] [306/456] installing librepo-1.14.2-2.oe1
[ 1447s] [307/456] installing rpm-4.15.1-25.oe1
[ 1451s] [308/456] installing efi-srpm-macros-4-3.oe1
[ 1454s] [309/456] installing cmake-rpm-macros-3.22.0-1.oe1
[ 1455s] [310/456] installing libsolv-0.7.20-1.oe1
[ 1458s] [311/456] installing python3-rpm-4.15.1-25.oe1
[ 1461s] [312/456] installing openEuler-rpm-config-30-22.oe1
[ 1464s] [313/456] installing cmake-3.22.0-1.oe1
[ 1484s] [314/456] installing libdnf-0.65.0-2.oe1
[ 1488s] [315/456] installing cmake-data-3.22.0-1.oe1
[ 1508s] [316/456] installing python3-libdnf-0.65.0-2.oe1
[ 1514s] [317/456] installing perl-4:5.28.0-435.oe1
[ 1526s] [318/456] installing perl-B-Debug-1.26-4.oe1
[ 1527s] [319/456] installing perl-Env-1.04-397.oe1
[ 1528s] [320/456] installing perl-Devel-PPPort-3.42-4.oe1
[ 1530s] [321/456] installing perl-Pod-Escapes-1:1.07-419.oe1
[ 1532s] [322/456] installing perl-Text-Tabs+Wrap-2013.0523-419.oe1
[ 1535s] [323/456] installing perl-Algorithm-Diff-1.1903-14.oe1
[ 1536s] [324/456] installing perl-Params-Check-1:0.38-418.oe1
[ 1538s] [325/456] installing perl-Term-Cap-1.17-510.oe1
[ 1539s] [326/456] installing perl-TermReadKey-2.38-2.oe1
[ 1541s] [327/456] installing perl-Text-Balanced-2.03-420.oe1
[ 1542s] [328/456] installing perl-threads-1:2.22-419.oe1
[ 1544s] [329/456] installing openssl-1:1.1.1f-2.oe1
[ 1548s] [330/456] installing perl-Config-Perl-V-0.30-5.oe1
[ 1550s] [331/456] installing perl-Error-1:0.17029-1.oe1
[ 1552s] [332/456] installing perl-Filter-2:1.59-2.oe1
[ 1554s] [333/456] installing perl-IPC-SysV-2.07-5.oe1
[ 1556s] [334/456] installing perl-Locale-Maketext-1:1.28-1.oe1
[ 1558s] [335/456] installing perl-SGMLSpm-1.03ii-45.oe1
[ 1560s] [336/456] installing perl-constant-1.33-421.oe1
[ 1561s] [337/456] installing docbook-style-dsssl-1.79-27.oe1
[ 1571s] [338/456] installing perl-MIME-Base64-3.15-418.oe1
[ 1574s] [339/456] installing perl-CPAN-Meta-YAML-0.018-420.oe1
[ 1575s] [340/456] installing perl-Socket-4:2.029-2.oe1
[ 1579s] [341/456] installing perl-Storable-1:3.15-2.oe1
[ 1581s] [342/456] installing gd-2.2.5-6.oe1
[ 1586s] [343/456] installing python3-hawkey-0.65.0-2.oe1
[ 1588s] [344/456] installing perl-PerlIO-via-QuotedPrint-0.08-397.oe1
[ 1589s] [345/456] installing perl-Digest-1.17-419.oe1
[ 1591s] [346/456] installing perl-Filter-Simple-1:0.94-1.oe1
[ 1593s] [347/456] installing perl-IO-Socket-IP-0.39-420.oe1
[ 1594s] [348/456] installing perl-Text-Diff-1.45-7.oe1
[ 1596s] [349/456] installing perl-Time-Local-2:1.280-6.oe1
[ 1598s] [350/456] installing perl-version-8:0.99.24-3.oe1
[ 1600s] [351/456] installing perl-IPC-System-Simple-1.25-19.oe1
[ 1602s] [352/456] installing perl-threads-shared-1.59-2.oe1
[ 1604s] [353/456] installing perl-Compress-Raw-Bzip2-2.100-1.oe1
[ 1606s] [354/456] installing perl-Compress-Raw-Zlib-1:2.100-1.oe1
[ 1608s] [355/456] installing perl-Locale-Codes-3.58-2.oe1
[ 1611s] [356/456] installing perl-Math-BigInt-1:1.9998.13-5.oe1
[ 1613s] [357/456] installing perl-PathTools-3.75-4.oe1
[ 1616s] [358/456] installing python3-dnf-4.10.0-1.oe1
[ 1621s] [359/456] installing perl-Data-Dumper-2.172-3.oe1
[ 1623s] [360/456] installing perl-Sys-Syslog-0.35-420.oe1
[ 1626s] [361/456] installing perl-Encode-4:2.98-9.oe1
[ 1633s] [362/456] installing autogen-5.18.16-1.oe1
[ 1636s] [363/456] installing nodejs-1:16.10.0-1.oe1
[ 1639s] [364/456] installing systemd-243-22.oe1
[ 1660s] /var/tmp/rpm-tmp.L3ybzb: line 8: groupadd: command not found
[ 1660s] /var/tmp/rpm-tmp.L3ybzb: line 10: groupadd: command not found
[ 1660s] /var/tmp/rpm-tmp.L3ybzb: line 13: groupadd: command not found
[ 1660s] /var/tmp/rpm-tmp.L3ybzb: line 16: groupadd: command not found
[ 1660s] [365/456] installing dbus-common-1:1.12.20-3.oe1
[ 1662s] [366/456] installing nodejs-source-map-0.5.6-1.oe1
[ 1665s] [367/456] installing perl-Module-Load-1:0.32-418.oe1
[ 1666s] [368/456] installing nodejs-packaging-20-1.oe1
[ 1668s] [369/456] installing dnf-4.10.0-1.oe1
[ 1673s] Failed to preset unit, unit dnf-automatic.timer does not exist.
[ 1673s] Failed to preset unit, unit dnf-automatic-notifyonly.timer does not exist.
[ 1673s] Failed to preset unit, unit dnf-automatic-download.timer does not exist.
[ 1673s] Failed to preset unit, unit dnf-automatic-install.timer does not exist.
[ 1673s] [370/456] installing perl-File-Which-1.23-1.oe1
[ 1674s] [371/456] installing perl-Thread-Queue-3.13-3.oe1
[ 1676s] [372/456] installing perl-experimental-0.020-2.oe1
[ 1678s] [373/456] installing perl-Digest-MD5-2.55-419.oe1
[ 1680s] [374/456] installing perl-File-Path-2.16-4.oe1
[ 1682s] [375/456] installing perl-Math-BigInt-FastCalc-0.500.700-4.oe1
[ 1684s] [376/456] installing perl-Module-Metadata-1.000036-3.oe1
[ 1686s] [377/456] installing perl-CPAN-Meta-Requirements-2.140-419.oe1
[ 1688s] [378/456] installing perl-Encode-devel-4:2.98-9.oe1
[ 1689s] [379/456] installing perl-HTTP-Tiny-0.076-3.oe1
[ 1691s] [380/456] installing perl-Math-BigRat-0.2614-2.oe1
[ 1693s] [381/456] installing audit-1:3.0-2.oe1
[ 1697s] [382/456] installing perl-DB_File-1.842-2.oe1
[ 1700s] [383/456] installing perl-autodie-2.29-398.oe1
[ 1701s] [384/456] installing perl-Unicode-Collate-1.25-4.oe1
[ 1707s] [385/456] installing perl-IO-Compress-2.081-6.oe1
[ 1709s] [386/456] installing perl-podlators-1:4.14-1.oe1
[ 1714s] [387/456] installing perl-ExtUtils-Command-1:7.60-1.oe1
[ 1716s] [388/456] installing perl-ExtUtils-Manifest-1:1.71-4.oe1
[ 1717s] [389/456] installing perl-bignum-0.50-4.oe1
[ 1719s] [390/456] installing perl-File-Temp-1:0.230.800-4.oe1
[ 1722s] [391/456] installing perl-libnet-3.11-420.oe1
[ 1723s] [392/456] installing pam-1.5.1-1.oe1
[ 1729s] [393/456] installing libpwquality-1.4.4-1.oe1
[ 1732s] [394/456] installing perl-File-HomeDir-1.004-4.oe1
[ 1733s] [395/456] installing shadow-2:4.8.1-5.oe1
[ 1736s] [396/456] installing perl-Test-Simple-2:1.302175-2.oe1
[ 1739s] [397/456] installing libutempter-1.1.6-16.oe1
[ 1743s] [398/456] installing unbound-libs-1.10.1-4.oe1
[ 1747s] [399/456] installing dbus-daemon-1:1.12.20-3.oe1
[ 1752s] [400/456] installing openssh-server-8.2p1-10.oe1
[ 1755s] Created symlink /etc/systemd/system/multi-user.target.wants/sshd.service -> /usr/lib/systemd/system/sshd.service.
[ 1755s] [401/456] installing groff-1.22.4-4.oe1
[ 1766s] [402/456] installing dbus-1:1.12.20-3.oe1
[ 1768s] [403/456] installing man-db-2.9.3-2.oe1
[ 1774s] [404/456] installing perl-Pod-Perldoc-1:3.28-3.oe1
[ 1776s] [405/456] installing gnutls-3.6.15-3.oe1
[ 1780s] [406/456] installing util-linux-2.36.1-3.oe1
[ 1788s] [407/456] installing nss-help-3.72.0-2.oe1
[ 1790s] [408/456] installing util-linux-devel-2.36.1-3.oe1
[ 1793s] [409/456] installing at-spi2-core-2.39.1-1.oe1
[ 1798s] [410/456] installing cups-libs-1:2.3.3-6.oe1
[ 1800s] [411/456] installing perl-Pod-Usage-4:1.69-418.oe1
[ 1802s] [412/456] installing device-mapper-8:1.02.172-1.oe1
[ 1805s] [413/456] installing openssh-8.2p1-10.oe1
[ 1808s] [414/456] installing at-spi2-atk-2.38.0-1.oe1
[ 1810s] [415/456] installing perl-Getopt-Long-1:2.52-1.oe1
[ 1812s] [416/456] installing cryptsetup-2.3.3-3.oe1
[ 1817s] [417/456] installing device-mapper-event-8:1.02.172-1.oe1
[ 1822s] Created symlink /etc/systemd/system/sockets.target.wants/dm-event.socket -> /usr/lib/systemd/system/dm-event.socket.
[ 1822s] [418/456] installing nss-3.72.0-2.oe1
[ 1832s] [419/456] installing glib2-devel-2.66.8-1.oe1
[ 1859s] [420/456] installing openssh-clients-8.2p1-10.oe1
[ 1861s] [421/456] installing nss-util-3.72.0-2.oe1
[ 1865s] [422/456] installing perl-ExtUtils-ParseXS-2:3.35-1.oe1
[ 1867s] [423/456] installing perl-Module-CoreList-1:5.20180920-2.oe1
[ 1869s] [424/456] installing perl-Digest-SHA-1:6.02-7.oe1
[ 1872s] [425/456] installing perl-Pod-Parser-1.63-397.oe1
[ 1873s] [426/456] installing perl-Pod-Simple-1:3.35-418.oe1
[ 1875s] [427/456] installing perl-Test-Harness-1:3.43_02-1.oe1
[ 1877s] [428/456] installing docbook-utils-0.6.14-47.oe1
[ 1879s] [429/456] installing perl-Archive-Tar-2.30-421.oe1
[ 1881s] [430/456] installing perl-JSON-PP-1:4.04-2.oe1
[ 1884s] [431/456] installing lvm2-8:2.03.11-1.oe1
[ 1891s] Created symlink /etc/systemd/system/sysinit.target.wants/lvm2-lvmpolld.socket -> /usr/lib/systemd/system/lvm2-lvmpolld.socket.
[ 1891s] [432/456] installing autoconf-2.69-30.oe1
[ 1895s] [433/456] installing git-2.23.0-12.oe1
[ 1908s] [434/456] installing gtk3-3.24.30-2.oe1
[ 1919s] [435/456] installing nss-softokn-3.72.0-2.oe1
[ 1922s] [436/456] installing perl-Pod-Checker-4:1.73-398.oe1
[ 1924s] [437/456] installing perl-Git-2.23.0-12.oe1
[ 1925s] [438/456] installing gtk-doc-1.33.2-1.oe1
[ 1930s] [439/456] installing perl-CPAN-Meta-2.150010-419.oe1
[ 1932s] [440/456] installing perl-Module-Load-Conditional-0.68-418.oe1
[ 1934s] [441/456] installing automake-1.16.1-6.oe1
[ 1937s] [442/456] installing perl-ExtUtils-MakeMaker-1:7.60-1.oe1
[ 1939s] [443/456] installing gtk2-2.24.33-2.oe1
[ 1948s] [444/456] installing ghostscript-9.52-5.oe1
[ 1960s] [445/456] installing libtool-2.4.6-34.oe1
[ 1965s] [446/456] installing perl-ExtUtils-Install-2.14-419.oe1
[ 1967s] [447/456] installing perl-IPC-Cmd-2:1.04-4.oe1
[ 1970s] [448/456] installing graphviz-2.44.1-4.oe1
[ 1983s] [449/456] installing rpm-build-4.15.1-25.oe1
[ 1986s] [450/456] installing graphviz-devel-2.44.1-4.oe1
[ 1988s] [451/456] installing gcc_secure-1.0-0.9.oe1
[ 1990s] [452/456] installing gobject-introspection-devel-1.66.1-1.oe1
[ 1997s] [453/456] installing perl-File-Fetch-0.56-4.oe1
[ 1999s] [454/456] installing perl-devel-4:5.28.0-435.oe1
[ 2011s] [455/456] installing vala-devel-0.50.8-3.oe1
[ 2015s] [456/456] installing vala-0.50.8-3.oe1
[ 2025s] removing nis flags from /var/cache/obs/worker/root_3/etc/nsswitch.conf...
[ 2026s] now finalizing build dir...
[ 2037s] Running build time source services...
[ 2054s] -----------------------------------------------------------------
[ 2054s] ----- building libgusb.spec (user abuild)
[ 2054s] -----------------------------------------------------------------
[ 2054s] -----------------------------------------------------------------
[ 2062s] + exec rpmbuild -ba --define '_srcdefattr (-,root,root)' --nosignature --define 'disturl obs://private/openEuler:Mainline:RISC-V/advanced_riscv64/fcfa9582813587ec8af24006623ec31d-libgusb' /home/abuild/rpmbuild/SOURCES/libgusb.spec
[ 2063s] Executing(%prep): /bin/sh -e /var/tmp/rpm-tmp.TXfjQC
[ 2063s] + umask 022
[ 2063s] + cd /home/abuild/rpmbuild/BUILD
[ 2063s] + cd /home/abuild/rpmbuild/BUILD
[ 2063s] + rm -rf libgusb-0.3.8
[ 2063s] + /usr/bin/xz -dc /home/abuild/rpmbuild/SOURCES/libgusb-0.3.8.tar.xz
[ 2063s] + /usr/bin/tar -xof -
[ 2063s] + STATUS=0
[ 2063s] + '[' 0 -ne 0 ']'
[ 2063s] + cd libgusb-0.3.8
[ 2063s] + /usr/bin/chmod -Rf a+rX,u+w,g-w,o-w .
[ 2063s] + RPM_EC=0
[ 2063s] ++ jobs -p
[ 2063s] + exit 0
[ 2063s] Executing(%build): /bin/sh -e /var/tmp/rpm-tmp.5RRisZ
[ 2063s] + umask 022
[ 2063s] + cd /home/abuild/rpmbuild/BUILD
[ 2063s] + cd libgusb-0.3.8
[ 2063s] + CFLAGS='-O2 -g -pipe -Wall -Werror=format-security -Wp,-D_FORTIFY_SOURCE=2 -Wp,-D_GLIBCXX_ASSERTIONS -fstack-protector-strong -grecord-gcc-switches -specs=/usr/lib/rpm/generic-hardened-cc1 -fasynchronous-unwind-tables -fstack-clash-protection'
[ 2063s] + export CFLAGS
[ 2063s] + CXXFLAGS='-O2 -g -pipe -Wall -Werror=format-security -Wp,-D_FORTIFY_SOURCE=2 -Wp,-D_GLIBCXX_ASSERTIONS -fstack-protector-strong -grecord-gcc-switches -specs=/usr/lib/rpm/generic-hardened-cc1 -fasynchronous-unwind-tables -fstack-clash-protection -fexceptions'
[ 2063s] + export CXXFLAGS
[ 2063s] + FFLAGS='-O2 -g -pipe -Wall -Werror=format-security -Wp,-D_FORTIFY_SOURCE=2 -Wp,-D_GLIBCXX_ASSERTIONS -fstack-protector-strong -grecord-gcc-switches -specs=/usr/lib/rpm/generic-hardened-cc1 -fasynchronous-unwind-tables -fstack-clash-protection -fexceptions -I/usr/lib64/gfortran/modules'
[ 2063s] + export FFLAGS
[ 2063s] + FCFLAGS='-O2 -g -pipe -Wall -Werror=format-security -Wp,-D_FORTIFY_SOURCE=2 -Wp,-D_GLIBCXX_ASSERTIONS -fstack-protector-strong -grecord-gcc-switches -specs=/usr/lib/rpm/generic-hardened-cc1 -fasynchronous-unwind-tables -fstack-clash-protection -fexceptions -I/usr/lib64/gfortran/modules'
[ 2063s] + export FCFLAGS
[ 2063s] + LDFLAGS='-Wl,-z,relro   -Wl,-z,now -specs=/usr/lib/rpm/generic-hardened-ld'
[ 2063s] + export LDFLAGS
[ 2063s] + /usr/bin/meson --buildtype=plain --prefix=/usr --libdir=/usr/lib64 --libexecdir=/usr/libexec --bindir=/usr/bin --sbindir=/usr/sbin --includedir=/usr/include --datadir=/usr/share --mandir=/usr/share/man --infodir=/usr/share/info --localedir=/usr/share/locale --sysconfdir=/etc --localstatedir=/var --sharedstatedir=/var/lib --wrap-mode=nodownload --auto-features=enabled . riscv64-openEuler-linux-gnu -Dvapi=true -Dtests=true
[ 2177s] The Meson build system
[ 2177s] Version: 0.59.4
[ 2177s] Source dir: /home/abuild/rpmbuild/BUILD/libgusb-0.3.8
[ 2177s] Build dir: /home/abuild/rpmbuild/BUILD/libgusb-0.3.8/riscv64-openEuler-linux-gnu
[ 2177s] Build type: native build
[ 2177s] Project name: libgusb
[ 2177s] Project version: 0.3.8
[ 2177s] C compiler for the host machine: cc (gcc 10.3.1 "gcc_old (GCC) 10.3.1")
[ 2177s] C linker for the host machine: cc ld.bfd 2.37
[ 2177s] Host machine cpu family: riscv64
[ 2177s] Host machine cpu: riscv64
[ 2177s] Compiler for C supports arguments -Waggregate-return: YES 
[ 2177s] Compiler for C supports arguments -Wunused: YES 
[ 2177s] Compiler for C supports arguments -Warray-bounds: YES 
[ 2177s] Compiler for C supports arguments -Wcast-align: YES 
[ 2177s] Compiler for C supports arguments -Wclobbered: YES 
[ 2177s] Compiler for C supports arguments -Wdeclaration-after-statement: YES 
[ 2177s] Compiler for C supports arguments -Wempty-body: YES 
[ 2177s] Compiler for C supports arguments -Wextra: YES 
[ 2177s] meson.build:71: WARNING: Consider using the built-in warning_level option instead of using "-Wextra".
[ 2177s] Compiler for C supports arguments -Wformat=2: YES 
[ 2177s] Compiler for C supports arguments -Wformat-nonliteral: YES 
[ 2177s] Compiler for C supports arguments -Wformat-security: YES 
[ 2177s] Compiler for C supports arguments -Wformat-signedness: YES 
[ 2177s] Compiler for C supports arguments -Wignored-qualifiers: YES 
[ 2177s] Compiler for C supports arguments -Wimplicit-function-declaration: YES 
[ 2177s] Compiler for C supports arguments -Winit-self: YES 
[ 2177s] Compiler for C supports arguments -Wmissing-declarations: YES 
[ 2177s] Compiler for C supports arguments -Wmissing-format-attribute: YES 
[ 2177s] Compiler for C supports arguments -Wmissing-include-dirs: YES 
[ 2177s] Compiler for C supports arguments -Wmissing-noreturn: YES 
[ 2177s] Compiler for C supports arguments -Wmissing-parameter-type: YES 
[ 2177s] Compiler for C supports arguments -Wmissing-prototypes: YES 
[ 2177s] Compiler for C supports arguments -Wnested-externs: YES 
[ 2177s] Compiler for C supports arguments -Wno-discarded-qualifiers: YES 
[ 2177s] Compiler for C supports arguments -Wno-missing-field-initializers: YES 
[ 2177s] Compiler for C supports arguments -Wno-strict-aliasing: YES 
[ 2177s] Compiler for C supports arguments -Wno-suggest-attribute=format: YES 
[ 2177s] Compiler for C supports arguments -Wno-unused-parameter: YES 
[ 2177s] Compiler for C supports arguments -Wold-style-definition: YES 
[ 2177s] Compiler for C supports arguments -Woverride-init: YES 
[ 2177s] Compiler for C supports arguments -Wpointer-arith: YES 
[ 2177s] Compiler for C supports arguments -Wreturn-type: YES 
[ 2177s] Compiler for C supports arguments -Wshadow: YES 
[ 2177s] Compiler for C supports arguments -Wsign-compare: YES 
[ 2177s] Compiler for C supports arguments -Wstrict-aliasing: YES 
[ 2177s] Compiler for C supports arguments -Wstrict-prototypes: YES 
[ 2177s] Compiler for C supports arguments -Wswitch-default: YES 
[ 2177s] Compiler for C supports arguments -Wswitch-enum: YES 
[ 2177s] Compiler for C supports arguments -Wtype-limits: YES 
[ 2177s] Compiler for C supports arguments -Wundef: YES 
[ 2177s] Compiler for C supports arguments -Wuninitialized: YES 
[ 2177s] Compiler for C supports arguments -Wunused-but-set-variable: YES 
[ 2177s] Compiler for C supports arguments -Wwrite-strings: YES 
[ 2177s] Compiler for C supports link arguments -Wl,-z,relro: YES 
[ 2177s] Compiler for C supports link arguments -Wl,-z,now: YES 
[ 2177s] Found pkg-config: /usr/bin/pkg-config (1.7.3)
[ 2177s] Run-time dependency gio-2.0 found: YES 2.66.8
[ 2177s] Run-time dependency libusb-1.0 found: YES 1.0.23
[ 2177s] Header <libusb.h> has symbol "LIBUSB_CAP_HAS_HOTPLUG" with dependency libusb-1.0: YES 
[ 2177s] Header <libusb.h> has symbol "libusb_has_capability" with dependency libusb-1.0: YES 
[ 2177s] Header <libusb.h> has symbol "libusb_set_option" with dependency libusb-1.0: YES 
[ 2177s] Header <libusb.h> has symbol "libusb_get_parent" with dependency libusb-1.0: YES 
[ 2177s] Header <libusb.h> has symbol "libusb_get_port_number" with dependency libusb-1.0: YES 
[ 2177s] Configuring config.h using configuration
[ 2177s] Configuring gusb-version.h using configuration
[ 2177s] Run-time dependency gobject-introspection-1.0 found: YES 1.66.1
[ 2177s] Dependency gobject-introspection-1.0 found: YES 1.66.1 (cached)
[ 2177s] Program g-ir-scanner found: YES (/usr/bin/g-ir-scanner)
[ 2177s] Dependency gobject-introspection-1.0 found: YES 1.66.1 (cached)
[ 2177s] Program g-ir-compiler found: YES (/usr/bin/g-ir-compiler)
[ 2177s] Program python3 found: YES (/usr/bin/python3)
[ 2177s] Program diff found: YES (/usr/bin/diff)
[ 2177s] Program vapigen found: YES (/usr/bin/vapigen)
[ 2177s] Configuring version.xml using configuration
[ 2177s] Program gtkdoc-scan found: YES (/usr/bin/gtkdoc-scan)
[ 2177s] Program gtkdoc-scangobj found: YES (/usr/bin/gtkdoc-scangobj)
[ 2177s] Program gtkdoc-mkdb found: YES (/usr/bin/gtkdoc-mkdb)
[ 2177s] Program gtkdoc-mkhtml found: YES (/usr/bin/gtkdoc-mkhtml)
[ 2177s] Program gtkdoc-fixxref found: YES (/usr/bin/gtkdoc-fixxref)
[ 2177s] Build targets in project: 9
[ 2177s] 
[ 2177s] Found ninja-1.8.2 at /usr/bin/ninja
[ 2178s] + /usr/bin/meson compile -C riscv64-openEuler-linux-gnu -j 8 --verbose
[ 2186s] ninja: Entering directory `riscv64-openEuler-linux-gnu'
[ 2191s] [1/25] cc -Igusb/libgusb.so.2.0.10.p -Igusb -I../gusb -I. -I.. -I/usr/include/glib-2.0 -I/usr/lib64/glib-2.0/include -I/usr/include/libmount -I/usr/include/blkid -I/usr/include/libusb-1.0 -fdiagnostics-color=always -D_FILE_OFFSET_BITS=64 -Wall -Winvalid-pch -std=c99 -Waggregate-return -Wunused -Warray-bounds -Wcast-align -Wclobbered -Wdeclaration-after-statement -Wempty-body -Wextra -Wformat=2 -Wformat-nonliteral -Wformat-security -Wformat-signedness -Wignored-qualifiers -Wimplicit-function-declaration -Winit-self -Wmissing-declarations -Wmissing-format-attribute -Wmissing-include-dirs -Wmissing-noreturn -Wmissing-parameter-type -Wmissing-prototypes -Wnested-externs -Wno-discarded-qualifiers -Wno-missing-field-initializers -Wno-strict-aliasing -Wno-suggest-attribute=format -Wno-unused-parameter -Wold-style-definition -Woverride-init -Wpointer-arith -Wreturn-type -Wshadow -Wsign-compare -Wstrict-aliasing -Wstrict-prototypes -Wswitch-default -Wswitch-enum -Wtype-limits -Wundef -Wuninitialized -Wunused-but-set-variable -Wwrite-strings -fstack-protector-strong -DGUSB_COMPILATION -O2 -g -pipe -Wall -Werror=format-security -Wp,-D_FORTIFY_SOURCE=2 -Wp,-D_GLIBCXX_ASSERTIONS -fstack-protector-strong -grecord-gcc-switches -specs=/usr/lib/rpm/generic-hardened-cc1 -fasynchronous-unwind-tables -fstack-clash-protection -fPIC -pthread '-DG_LOG_DOMAIN="libgusb"' '-DUSB_IDS="/usr/share/hwdata/usb.ids"' -MD -MQ gusb/libgusb.so.2.0.10.p/gusb-version.c.o -MF gusb/libgusb.so.2.0.10.p/gusb-version.c.o.d -o gusb/libgusb.so.2.0.10.p/gusb-version.c.o -c ../gusb/gusb-version.c
[ 2192s] [2/25] cc -Igusb/libgusb.so.2.0.10.p -Igusb -I../gusb -I. -I.. -I/usr/include/glib-2.0 -I/usr/lib64/glib-2.0/include -I/usr/include/libmount -I/usr/include/blkid -I/usr/include/libusb-1.0 -fdiagnostics-color=always -D_FILE_OFFSET_BITS=64 -Wall -Winvalid-pch -std=c99 -Waggregate-return -Wunused -Warray-bounds -Wcast-align -Wclobbered -Wdeclaration-after-statement -Wempty-body -Wextra -Wformat=2 -Wformat-nonliteral -Wformat-security -Wformat-signedness -Wignored-qualifiers -Wimplicit-function-declaration -Winit-self -Wmissing-declarations -Wmissing-format-attribute -Wmissing-include-dirs -Wmissing-noreturn -Wmissing-parameter-type -Wmissing-prototypes -Wnested-externs -Wno-discarded-qualifiers -Wno-missing-field-initializers -Wno-strict-aliasing -Wno-suggest-attribute=format -Wno-unused-parameter -Wold-style-definition -Woverride-init -Wpointer-arith -Wreturn-type -Wshadow -Wsign-compare -Wstrict-aliasing -Wstrict-prototypes -Wswitch-default -Wswitch-enum -Wtype-limits -Wundef -Wuninitialized -Wunused-but-set-variable -Wwrite-strings -fstack-protector-strong -DGUSB_COMPILATION -O2 -g -pipe -Wall -Werror=format-security -Wp,-D_FORTIFY_SOURCE=2 -Wp,-D_GLIBCXX_ASSERTIONS -fstack-protector-strong -grecord-gcc-switches -specs=/usr/lib/rpm/generic-hardened-cc1 -fasynchronous-unwind-tables -fstack-clash-protection -fPIC -pthread '-DG_LOG_DOMAIN="libgusb"' '-DUSB_IDS="/usr/share/hwdata/usb.ids"' -MD -MQ gusb/libgusb.so.2.0.10.p/gusb-source.c.o -MF gusb/libgusb.so.2.0.10.p/gusb-source.c.o.d -o gusb/libgusb.so.2.0.10.p/gusb-source.c.o -c ../gusb/gusb-source.c
[ 2192s] [3/25] cc -Igusb/libgusb.so.2.0.10.p -Igusb -I../gusb -I. -I.. -I/usr/include/glib-2.0 -I/usr/lib64/glib-2.0/include -I/usr/include/libmount -I/usr/include/blkid -I/usr/include/libusb-1.0 -fdiagnostics-color=always -D_FILE_OFFSET_BITS=64 -Wall -Winvalid-pch -std=c99 -Waggregate-return -Wunused -Warray-bounds -Wcast-align -Wclobbered -Wdeclaration-after-statement -Wempty-body -Wextra -Wformat=2 -Wformat-nonliteral -Wformat-security -Wformat-signedness -Wignored-qualifiers -Wimplicit-function-declaration -Winit-self -Wmissing-declarations -Wmissing-format-attribute -Wmissing-include-dirs -Wmissing-noreturn -Wmissing-parameter-type -Wmissing-prototypes -Wnested-externs -Wno-discarded-qualifiers -Wno-missing-field-initializers -Wno-strict-aliasing -Wno-suggest-attribute=format -Wno-unused-parameter -Wold-style-definition -Woverride-init -Wpointer-arith -Wreturn-type -Wshadow -Wsign-compare -Wstrict-aliasing -Wstrict-prototypes -Wswitch-default -Wswitch-enum -Wtype-limits -Wundef -Wuninitialized -Wunused-but-set-variable -Wwrite-strings -fstack-protector-strong -DGUSB_COMPILATION -O2 -g -pipe -Wall -Werror=format-security -Wp,-D_FORTIFY_SOURCE=2 -Wp,-D_GLIBCXX_ASSERTIONS -fstack-protector-strong -grecord-gcc-switches -specs=/usr/lib/rpm/generic-hardened-cc1 -fasynchronous-unwind-tables -fstack-clash-protection -fPIC -pthread '-DG_LOG_DOMAIN="libgusb"' '-DUSB_IDS="/usr/share/hwdata/usb.ids"' -MD -MQ gusb/libgusb.so.2.0.10.p/gusb-util.c.o -MF gusb/libgusb.so.2.0.10.p/gusb-util.c.o.d -o gusb/libgusb.so.2.0.10.p/gusb-util.c.o -c ../gusb/gusb-util.c
[ 2197s] [4/25] cc -Igusb/libgusb.so.2.0.10.p -Igusb -I../gusb -I. -I.. -I/usr/include/glib-2.0 -I/usr/lib64/glib-2.0/include -I/usr/include/libmount -I/usr/include/blkid -I/usr/include/libusb-1.0 -fdiagnostics-color=always -D_FILE_OFFSET_BITS=64 -Wall -Winvalid-pch -std=c99 -Waggregate-return -Wunused -Warray-bounds -Wcast-align -Wclobbered -Wdeclaration-after-statement -Wempty-body -Wextra -Wformat=2 -Wformat-nonliteral -Wformat-security -Wformat-signedness -Wignored-qualifiers -Wimplicit-function-declaration -Winit-self -Wmissing-declarations -Wmissing-format-attribute -Wmissing-include-dirs -Wmissing-noreturn -Wmissing-parameter-type -Wmissing-prototypes -Wnested-externs -Wno-discarded-qualifiers -Wno-missing-field-initializers -Wno-strict-aliasing -Wno-suggest-attribute=format -Wno-unused-parameter -Wold-style-definition -Woverride-init -Wpointer-arith -Wreturn-type -Wshadow -Wsign-compare -Wstrict-aliasing -Wstrict-prototypes -Wswitch-default -Wswitch-enum -Wtype-limits -Wundef -Wuninitialized -Wunused-but-set-variable -Wwrite-strings -fstack-protector-strong -DGUSB_COMPILATION -O2 -g -pipe -Wall -Werror=format-security -Wp,-D_FORTIFY_SOURCE=2 -Wp,-D_GLIBCXX_ASSERTIONS -fstack-protector-strong -grecord-gcc-switches -specs=/usr/lib/rpm/generic-hardened-cc1 -fasynchronous-unwind-tables -fstack-clash-protection -fPIC -pthread '-DG_LOG_DOMAIN="libgusb"' '-DUSB_IDS="/usr/share/hwdata/usb.ids"' -MD -MQ gusb/libgusb.so.2.0.10.p/gusb-device-list.c.o -MF gusb/libgusb.so.2.0.10.p/gusb-device-list.c.o.d -o gusb/libgusb.so.2.0.10.p/gusb-device-list.c.o -c ../gusb/gusb-device-list.c
[ 2197s] [5/25] cc -Igusb/libgusb.so.2.0.10.p -Igusb -I../gusb -I. -I.. -I/usr/include/glib-2.0 -I/usr/lib64/glib-2.0/include -I/usr/include/libmount -I/usr/include/blkid -I/usr/include/libusb-1.0 -fdiagnostics-color=always -D_FILE_OFFSET_BITS=64 -Wall -Winvalid-pch -std=c99 -Waggregate-return -Wunused -Warray-bounds -Wcast-align -Wclobbered -Wdeclaration-after-statement -Wempty-body -Wextra -Wformat=2 -Wformat-nonliteral -Wformat-security -Wformat-signedness -Wignored-qualifiers -Wimplicit-function-declaration -Winit-self -Wmissing-declarations -Wmissing-format-attribute -Wmissing-include-dirs -Wmissing-noreturn -Wmissing-parameter-type -Wmissing-prototypes -Wnested-externs -Wno-discarded-qualifiers -Wno-missing-field-initializers -Wno-strict-aliasing -Wno-suggest-attribute=format -Wno-unused-parameter -Wold-style-definition -Woverride-init -Wpointer-arith -Wreturn-type -Wshadow -Wsign-compare -Wstrict-aliasing -Wstrict-prototypes -Wswitch-default -Wswitch-enum -Wtype-limits -Wundef -Wuninitialized -Wunused-but-set-variable -Wwrite-strings -fstack-protector-strong -DGUSB_COMPILATION -O2 -g -pipe -Wall -Werror=format-security -Wp,-D_FORTIFY_SOURCE=2 -Wp,-D_GLIBCXX_ASSERTIONS -fstack-protector-strong -grecord-gcc-switches -specs=/usr/lib/rpm/generic-hardened-cc1 -fasynchronous-unwind-tables -fstack-clash-protection -fPIC -pthread '-DG_LOG_DOMAIN="libgusb"' '-DUSB_IDS="/usr/share/hwdata/usb.ids"' -MD -MQ gusb/libgusb.so.2.0.10.p/gusb-endpoint.c.o -MF gusb/libgusb.so.2.0.10.p/gusb-endpoint.c.o.d -o gusb/libgusb.so.2.0.10.p/gusb-endpoint.c.o -c ../gusb/gusb-endpoint.c
[ 2197s] [6/25] cc -Igusb/libgusb.so.2.0.10.p -Igusb -I../gusb -I. -I.. -I/usr/include/glib-2.0 -I/usr/lib64/glib-2.0/include -I/usr/include/libmount -I/usr/include/blkid -I/usr/include/libusb-1.0 -fdiagnostics-color=always -D_FILE_OFFSET_BITS=64 -Wall -Winvalid-pch -std=c99 -Waggregate-return -Wunused -Warray-bounds -Wcast-align -Wclobbered -Wdeclaration-after-statement -Wempty-body -Wextra -Wformat=2 -Wformat-nonliteral -Wformat-security -Wformat-signedness -Wignored-qualifiers -Wimplicit-function-declaration -Winit-self -Wmissing-declarations -Wmissing-format-attribute -Wmissing-include-dirs -Wmissing-noreturn -Wmissing-parameter-type -Wmissing-prototypes -Wnested-externs -Wno-discarded-qualifiers -Wno-missing-field-initializers -Wno-strict-aliasing -Wno-suggest-attribute=format -Wno-unused-parameter -Wold-style-definition -Woverride-init -Wpointer-arith -Wreturn-type -Wshadow -Wsign-compare -Wstrict-aliasing -Wstrict-prototypes -Wswitch-default -Wswitch-enum -Wtype-limits -Wundef -Wuninitialized -Wunused-but-set-variable -Wwrite-strings -fstack-protector-strong -DGUSB_COMPILATION -O2 -g -pipe -Wall -Werror=format-security -Wp,-D_FORTIFY_SOURCE=2 -Wp,-D_GLIBCXX_ASSERTIONS -fstack-protector-strong -grecord-gcc-switches -specs=/usr/lib/rpm/generic-hardened-cc1 -fasynchronous-unwind-tables -fstack-clash-protection -fPIC -pthread '-DG_LOG_DOMAIN="libgusb"' '-DUSB_IDS="/usr/share/hwdata/usb.ids"' -MD -MQ gusb/libgusb.so.2.0.10.p/gusb-interface.c.o -MF gusb/libgusb.so.2.0.10.p/gusb-interface.c.o.d -o gusb/libgusb.so.2.0.10.p/gusb-interface.c.o -c ../gusb/gusb-interface.c
[ 2201s] [7/25] cc -Igusb/gusb-self-test.p -Igusb -I../gusb -I. -I.. -I/usr/include/glib-2.0 -I/usr/lib64/glib-2.0/include -I/usr/include/libmount -I/usr/include/blkid -I/usr/include/libusb-1.0 -fdiagnostics-color=always -D_FILE_OFFSET_BITS=64 -Wall -Winvalid-pch -std=c99 -Waggregate-return -Wunused -Warray-bounds -Wcast-align -Wclobbered -Wdeclaration-after-statement -Wempty-body -Wextra -Wformat=2 -Wformat-nonliteral -Wformat-security -Wformat-signedness -Wignored-qualifiers -Wimplicit-function-declaration -Winit-self -Wmissing-declarations -Wmissing-format-attribute -Wmissing-include-dirs -Wmissing-noreturn -Wmissing-parameter-type -Wmissing-prototypes -Wnested-externs -Wno-discarded-qualifiers -Wno-missing-field-initializers -Wno-strict-aliasing -Wno-suggest-attribute=format -Wno-unused-parameter -Wold-style-definition -Woverride-init -Wpointer-arith -Wreturn-type -Wshadow -Wsign-compare -Wstrict-aliasing -Wstrict-prototypes -Wswitch-default -Wswitch-enum -Wtype-limits -Wundef -Wuninitialized -Wunused-but-set-variable -Wwrite-strings -fstack-protector-strong -DGUSB_COMPILATION -O2 -g -pipe -Wall -Werror=format-security -Wp,-D_FORTIFY_SOURCE=2 -Wp,-D_GLIBCXX_ASSERTIONS -fstack-protector-strong -grecord-gcc-switches -specs=/usr/lib/rpm/generic-hardened-cc1 -fasynchronous-unwind-tables -fstack-clash-protection -pthread '-DG_LOG_DOMAIN="libgusb"' '-DUSB_IDS="/usr/share/hwdata/usb.ids"' -MD -MQ gusb/gusb-self-test.p/gusb-device-list.c.o -MF gusb/gusb-self-test.p/gusb-device-list.c.o.d -o gusb/gusb-self-test.p/gusb-device-list.c.o -c ../gusb/gusb-device-list.c
[ 2201s] [8/25] cc -Igusb/libgusb.so.2.0.10.p -Igusb -I../gusb -I. -I.. -I/usr/include/glib-2.0 -I/usr/lib64/glib-2.0/include -I/usr/include/libmount -I/usr/include/blkid -I/usr/include/libusb-1.0 -fdiagnostics-color=always -D_FILE_OFFSET_BITS=64 -Wall -Winvalid-pch -std=c99 -Waggregate-return -Wunused -Warray-bounds -Wcast-align -Wclobbered -Wdeclaration-after-statement -Wempty-body -Wextra -Wformat=2 -Wformat-nonliteral -Wformat-security -Wformat-signedness -Wignored-qualifiers -Wimplicit-function-declaration -Winit-self -Wmissing-declarations -Wmissing-format-attribute -Wmissing-include-dirs -Wmissing-noreturn -Wmissing-parameter-type -Wmissing-prototypes -Wnested-externs -Wno-discarded-qualifiers -Wno-missing-field-initializers -Wno-strict-aliasing -Wno-suggest-attribute=format -Wno-unused-parameter -Wold-style-definition -Woverride-init -Wpointer-arith -Wreturn-type -Wshadow -Wsign-compare -Wstrict-aliasing -Wstrict-prototypes -Wswitch-default -Wswitch-enum -Wtype-limits -Wundef -Wuninitialized -Wunused-but-set-variable -Wwrite-strings -fstack-protector-strong -DGUSB_COMPILATION -O2 -g -pipe -Wall -Werror=format-security -Wp,-D_FORTIFY_SOURCE=2 -Wp,-D_GLIBCXX_ASSERTIONS -fstack-protector-strong -grecord-gcc-switches -specs=/usr/lib/rpm/generic-hardened-cc1 -fasynchronous-unwind-tables -fstack-clash-protection -fPIC -pthread '-DG_LOG_DOMAIN="libgusb"' '-DUSB_IDS="/usr/share/hwdata/usb.ids"' -MD -MQ gusb/libgusb.so.2.0.10.p/gusb-context.c.o -MF gusb/libgusb.so.2.0.10.p/gusb-context.c.o.d -o gusb/libgusb.so.2.0.10.p/gusb-context.c.o -c ../gusb/gusb-context.c
[ 2204s] [9/25] cc -Igusb/gusb-self-test.p -Igusb -I../gusb -I. -I.. -I/usr/include/glib-2.0 -I/usr/lib64/glib-2.0/include -I/usr/include/libmount -I/usr/include/blkid -I/usr/include/libusb-1.0 -fdiagnostics-color=always -D_FILE_OFFSET_BITS=64 -Wall -Winvalid-pch -std=c99 -Waggregate-return -Wunused -Warray-bounds -Wcast-align -Wclobbered -Wdeclaration-after-statement -Wempty-body -Wextra -Wformat=2 -Wformat-nonliteral -Wformat-security -Wformat-signedness -Wignored-qualifiers -Wimplicit-function-declaration -Winit-self -Wmissing-declarations -Wmissing-format-attribute -Wmissing-include-dirs -Wmissing-noreturn -Wmissing-parameter-type -Wmissing-prototypes -Wnested-externs -Wno-discarded-qualifiers -Wno-missing-field-initializers -Wno-strict-aliasing -Wno-suggest-attribute=format -Wno-unused-parameter -Wold-style-definition -Woverride-init -Wpointer-arith -Wreturn-type -Wshadow -Wsign-compare -Wstrict-aliasing -Wstrict-prototypes -Wswitch-default -Wswitch-enum -Wtype-limits -Wundef -Wuninitialized -Wunused-but-set-variable -Wwrite-strings -fstack-protector-strong -DGUSB_COMPILATION -O2 -g -pipe -Wall -Werror=format-security -Wp,-D_FORTIFY_SOURCE=2 -Wp,-D_GLIBCXX_ASSERTIONS -fstack-protector-strong -grecord-gcc-switches -specs=/usr/lib/rpm/generic-hardened-cc1 -fasynchronous-unwind-tables -fstack-clash-protection -pthread '-DG_LOG_DOMAIN="libgusb"' '-DUSB_IDS="/usr/share/hwdata/usb.ids"' -MD -MQ gusb/gusb-self-test.p/gusb-util.c.o -MF gusb/gusb-self-test.p/gusb-util.c.o.d -o gusb/gusb-self-test.p/gusb-util.c.o -c ../gusb/gusb-util.c
[ 2205s] [10/25] cc -Igusb/gusb-self-test.p -Igusb -I../gusb -I. -I.. -I/usr/include/glib-2.0 -I/usr/lib64/glib-2.0/include -I/usr/include/libmount -I/usr/include/blkid -I/usr/include/libusb-1.0 -fdiagnostics-color=always -D_FILE_OFFSET_BITS=64 -Wall -Winvalid-pch -std=c99 -Waggregate-return -Wunused -Warray-bounds -Wcast-align -Wclobbered -Wdeclaration-after-statement -Wempty-body -Wextra -Wformat=2 -Wformat-nonliteral -Wformat-security -Wformat-signedness -Wignored-qualifiers -Wimplicit-function-declaration -Winit-self -Wmissing-declarations -Wmissing-format-attribute -Wmissing-include-dirs -Wmissing-noreturn -Wmissing-parameter-type -Wmissing-prototypes -Wnested-externs -Wno-discarded-qualifiers -Wno-missing-field-initializers -Wno-strict-aliasing -Wno-suggest-attribute=format -Wno-unused-parameter -Wold-style-definition -Woverride-init -Wpointer-arith -Wreturn-type -Wshadow -Wsign-compare -Wstrict-aliasing -Wstrict-prototypes -Wswitch-default -Wswitch-enum -Wtype-limits -Wundef -Wuninitialized -Wunused-but-set-variable -Wwrite-strings -fstack-protector-strong -DGUSB_COMPILATION -O2 -g -pipe -Wall -Werror=format-security -Wp,-D_FORTIFY_SOURCE=2 -Wp,-D_GLIBCXX_ASSERTIONS -fstack-protector-strong -grecord-gcc-switches -specs=/usr/lib/rpm/generic-hardened-cc1 -fasynchronous-unwind-tables -fstack-clash-protection -pthread '-DG_LOG_DOMAIN="libgusb"' '-DUSB_IDS="/usr/share/hwdata/usb.ids"' -MD -MQ gusb/gusb-self-test.p/gusb-source.c.o -MF gusb/gusb-self-test.p/gusb-source.c.o.d -o gusb/gusb-self-test.p/gusb-source.c.o -c ../gusb/gusb-source.c
[ 2205s] [11/25] cc -Igusb/gusb-self-test.p -Igusb -I../gusb -I. -I.. -I/usr/include/glib-2.0 -I/usr/lib64/glib-2.0/include -I/usr/include/libmount -I/usr/include/blkid -I/usr/include/libusb-1.0 -fdiagnostics-color=always -D_FILE_OFFSET_BITS=64 -Wall -Winvalid-pch -std=c99 -Waggregate-return -Wunused -Warray-bounds -Wcast-align -Wclobbered -Wdeclaration-after-statement -Wempty-body -Wextra -Wformat=2 -Wformat-nonliteral -Wformat-security -Wformat-signedness -Wignored-qualifiers -Wimplicit-function-declaration -Winit-self -Wmissing-declarations -Wmissing-format-attribute -Wmissing-include-dirs -Wmissing-noreturn -Wmissing-parameter-type -Wmissing-prototypes -Wnested-externs -Wno-discarded-qualifiers -Wno-missing-field-initializers -Wno-strict-aliasing -Wno-suggest-attribute=format -Wno-unused-parameter -Wold-style-definition -Woverride-init -Wpointer-arith -Wreturn-type -Wshadow -Wsign-compare -Wstrict-aliasing -Wstrict-prototypes -Wswitch-default -Wswitch-enum -Wtype-limits -Wundef -Wuninitialized -Wunused-but-set-variable -Wwrite-strings -fstack-protector-strong -DGUSB_COMPILATION -O2 -g -pipe -Wall -Werror=format-security -Wp,-D_FORTIFY_SOURCE=2 -Wp,-D_GLIBCXX_ASSERTIONS -fstack-protector-strong -grecord-gcc-switches -specs=/usr/lib/rpm/generic-hardened-cc1 -fasynchronous-unwind-tables -fstack-clash-protection -pthread '-DG_LOG_DOMAIN="libgusb"' '-DUSB_IDS="/usr/share/hwdata/usb.ids"' -MD -MQ gusb/gusb-self-test.p/gusb-context.c.o -MF gusb/gusb-self-test.p/gusb-context.c.o.d -o gusb/gusb-self-test.p/gusb-context.c.o -c ../gusb/gusb-context.c
[ 2206s] [12/25] cc -Igusb/gusb-self-test.p -Igusb -I../gusb -I. -I.. -I/usr/include/glib-2.0 -I/usr/lib64/glib-2.0/include -I/usr/include/libmount -I/usr/include/blkid -I/usr/include/libusb-1.0 -fdiagnostics-color=always -D_FILE_OFFSET_BITS=64 -Wall -Winvalid-pch -std=c99 -Waggregate-return -Wunused -Warray-bounds -Wcast-align -Wclobbered -Wdeclaration-after-statement -Wempty-body -Wextra -Wformat=2 -Wformat-nonliteral -Wformat-security -Wformat-signedness -Wignored-qualifiers -Wimplicit-function-declaration -Winit-self -Wmissing-declarations -Wmissing-format-attribute -Wmissing-include-dirs -Wmissing-noreturn -Wmissing-parameter-type -Wmissing-prototypes -Wnested-externs -Wno-discarded-qualifiers -Wno-missing-field-initializers -Wno-strict-aliasing -Wno-suggest-attribute=format -Wno-unused-parameter -Wold-style-definition -Woverride-init -Wpointer-arith -Wreturn-type -Wshadow -Wsign-compare -Wstrict-aliasing -Wstrict-prototypes -Wswitch-default -Wswitch-enum -Wtype-limits -Wundef -Wuninitialized -Wunused-but-set-variable -Wwrite-strings -fstack-protector-strong -DGUSB_COMPILATION -O2 -g -pipe -Wall -Werror=format-security -Wp,-D_FORTIFY_SOURCE=2 -Wp,-D_GLIBCXX_ASSERTIONS -fstack-protector-strong -grecord-gcc-switches -specs=/usr/lib/rpm/generic-hardened-cc1 -fasynchronous-unwind-tables -fstack-clash-protection -pthread '-DG_LOG_DOMAIN="libgusb"' '-DUSB_IDS="/usr/share/hwdata/usb.ids"' -MD -MQ gusb/gusb-self-test.p/gusb-endpoint.c.o -MF gusb/gusb-self-test.p/gusb-endpoint.c.o.d -o gusb/gusb-self-test.p/gusb-endpoint.c.o -c ../gusb/gusb-endpoint.c
[ 2206s] [13/25] cc -Igusb/gusb-self-test.p -Igusb -I../gusb -I. -I.. -I/usr/include/glib-2.0 -I/usr/lib64/glib-2.0/include -I/usr/include/libmount -I/usr/include/blkid -I/usr/include/libusb-1.0 -fdiagnostics-color=always -D_FILE_OFFSET_BITS=64 -Wall -Winvalid-pch -std=c99 -Waggregate-return -Wunused -Warray-bounds -Wcast-align -Wclobbered -Wdeclaration-after-statement -Wempty-body -Wextra -Wformat=2 -Wformat-nonliteral -Wformat-security -Wformat-signedness -Wignored-qualifiers -Wimplicit-function-declaration -Winit-self -Wmissing-declarations -Wmissing-format-attribute -Wmissing-include-dirs -Wmissing-noreturn -Wmissing-parameter-type -Wmissing-prototypes -Wnested-externs -Wno-discarded-qualifiers -Wno-missing-field-initializers -Wno-strict-aliasing -Wno-suggest-attribute=format -Wno-unused-parameter -Wold-style-definition -Woverride-init -Wpointer-arith -Wreturn-type -Wshadow -Wsign-compare -Wstrict-aliasing -Wstrict-prototypes -Wswitch-default -Wswitch-enum -Wtype-limits -Wundef -Wuninitialized -Wunused-but-set-variable -Wwrite-strings -fstack-protector-strong -DGUSB_COMPILATION -O2 -g -pipe -Wall -Werror=format-security -Wp,-D_FORTIFY_SOURCE=2 -Wp,-D_GLIBCXX_ASSERTIONS -fstack-protector-strong -grecord-gcc-switches -specs=/usr/lib/rpm/generic-hardened-cc1 -fasynchronous-unwind-tables -fstack-clash-protection -pthread '-DG_LOG_DOMAIN="libgusb"' '-DUSB_IDS="/usr/share/hwdata/usb.ids"' -MD -MQ gusb/gusb-self-test.p/gusb-interface.c.o -MF gusb/gusb-self-test.p/gusb-interface.c.o.d -o gusb/gusb-self-test.p/gusb-interface.c.o -c ../gusb/gusb-interface.c
[ 2206s] [14/25] cc -Igusb/libgusb.so.2.0.10.p -Igusb -I../gusb -I. -I.. -I/usr/include/glib-2.0 -I/usr/lib64/glib-2.0/include -I/usr/include/libmount -I/usr/include/blkid -I/usr/include/libusb-1.0 -fdiagnostics-color=always -D_FILE_OFFSET_BITS=64 -Wall -Winvalid-pch -std=c99 -Waggregate-return -Wunused -Warray-bounds -Wcast-align -Wclobbered -Wdeclaration-after-statement -Wempty-body -Wextra -Wformat=2 -Wformat-nonliteral -Wformat-security -Wformat-signedness -Wignored-qualifiers -Wimplicit-function-declaration -Winit-self -Wmissing-declarations -Wmissing-format-attribute -Wmissing-include-dirs -Wmissing-noreturn -Wmissing-parameter-type -Wmissing-prototypes -Wnested-externs -Wno-discarded-qualifiers -Wno-missing-field-initializers -Wno-strict-aliasing -Wno-suggest-attribute=format -Wno-unused-parameter -Wold-style-definition -Woverride-init -Wpointer-arith -Wreturn-type -Wshadow -Wsign-compare -Wstrict-aliasing -Wstrict-prototypes -Wswitch-default -Wswitch-enum -Wtype-limits -Wundef -Wuninitialized -Wunused-but-set-variable -Wwrite-strings -fstack-protector-strong -DGUSB_COMPILATION -O2 -g -pipe -Wall -Werror=format-security -Wp,-D_FORTIFY_SOURCE=2 -Wp,-D_GLIBCXX_ASSERTIONS -fstack-protector-strong -grecord-gcc-switches -specs=/usr/lib/rpm/generic-hardened-cc1 -fasynchronous-unwind-tables -fstack-clash-protection -fPIC -pthread '-DG_LOG_DOMAIN="libgusb"' '-DUSB_IDS="/usr/share/hwdata/usb.ids"' -MD -MQ gusb/libgusb.so.2.0.10.p/gusb-device.c.o -MF gusb/libgusb.so.2.0.10.p/gusb-device.c.o.d -o gusb/libgusb.so.2.0.10.p/gusb-device.c.o -c ../gusb/gusb-device.c
[ 2208s] [15/25] cc -Igusb/gusb-self-test.p -Igusb -I../gusb -I. -I.. -I/usr/include/glib-2.0 -I/usr/lib64/glib-2.0/include -I/usr/include/libmount -I/usr/include/blkid -I/usr/include/libusb-1.0 -fdiagnostics-color=always -D_FILE_OFFSET_BITS=64 -Wall -Winvalid-pch -std=c99 -Waggregate-return -Wunused -Warray-bounds -Wcast-align -Wclobbered -Wdeclaration-after-statement -Wempty-body -Wextra -Wformat=2 -Wformat-nonliteral -Wformat-security -Wformat-signedness -Wignored-qualifiers -Wimplicit-function-declaration -Winit-self -Wmissing-declarations -Wmissing-format-attribute -Wmissing-include-dirs -Wmissing-noreturn -Wmissing-parameter-type -Wmissing-prototypes -Wnested-externs -Wno-discarded-qualifiers -Wno-missing-field-initializers -Wno-strict-aliasing -Wno-suggest-attribute=format -Wno-unused-parameter -Wold-style-definition -Woverride-init -Wpointer-arith -Wreturn-type -Wshadow -Wsign-compare -Wstrict-aliasing -Wstrict-prototypes -Wswitch-default -Wswitch-enum -Wtype-limits -Wundef -Wuninitialized -Wunused-but-set-variable -Wwrite-strings -fstack-protector-strong -DGUSB_COMPILATION -O2 -g -pipe -Wall -Werror=format-security -Wp,-D_FORTIFY_SOURCE=2 -Wp,-D_GLIBCXX_ASSERTIONS -fstack-protector-strong -grecord-gcc-switches -specs=/usr/lib/rpm/generic-hardened-cc1 -fasynchronous-unwind-tables -fstack-clash-protection -pthread '-DG_LOG_DOMAIN="libgusb"' '-DUSB_IDS="/usr/share/hwdata/usb.ids"' -MD -MQ gusb/gusb-self-test.p/gusb-self-test.c.o -MF gusb/gusb-self-test.p/gusb-self-test.c.o.d -o gusb/gusb-self-test.p/gusb-self-test.c.o -c ../gusb/gusb-self-test.c
[ 2208s] [16/25] cc  -o gusb/libgusb.so.2.0.10 gusb/libgusb.so.2.0.10.p/gusb-context.c.o gusb/libgusb.so.2.0.10.p/gusb-device.c.o gusb/libgusb.so.2.0.10.p/gusb-device-list.c.o gusb/libgusb.so.2.0.10.p/gusb-interface.c.o gusb/libgusb.so.2.0.10.p/gusb-endpoint.c.o gusb/libgusb.so.2.0.10.p/gusb-source.c.o gusb/libgusb.so.2.0.10.p/gusb-util.c.o gusb/libgusb.so.2.0.10.p/gusb-version.c.o -Wl,--as-needed -Wl,--no-undefined -shared -fPIC -Wl,--start-group -Wl,-soname,libgusb.so.2 -Wl,-z,relro -Wl,-z,now -Wl,-z,relro -Wl,-z,now -specs=/usr/lib/rpm/generic-hardened-ld -O2 -g -pipe -Wall -Werror=format-security -Wp,-D_FORTIFY_SOURCE=2 -Wp,-D_GLIBCXX_ASSERTIONS -fstack-protector-strong -grecord-gcc-switches -specs=/usr/lib/rpm/generic-hardened-cc1 -fasynchronous-unwind-tables -fstack-clash-protection -Wl,--version-script,/home/abuild/rpmbuild/BUILD/libgusb-0.3.8/gusb/libgusb.ver /usr/lib64/libgio-2.0.so /usr/lib64/libgobject-2.0.so /usr/lib64/libglib-2.0.so /usr/lib64/libusb-1.0.so -Wl,--end-group
[ 2210s] [17/25] cc -Igusb/gusb-self-test.p -Igusb -I../gusb -I. -I.. -I/usr/include/glib-2.0 -I/usr/lib64/glib-2.0/include -I/usr/include/libmount -I/usr/include/blkid -I/usr/include/libusb-1.0 -fdiagnostics-color=always -D_FILE_OFFSET_BITS=64 -Wall -Winvalid-pch -std=c99 -Waggregate-return -Wunused -Warray-bounds -Wcast-align -Wclobbered -Wdeclaration-after-statement -Wempty-body -Wextra -Wformat=2 -Wformat-nonliteral -Wformat-security -Wformat-signedness -Wignored-qualifiers -Wimplicit-function-declaration -Winit-self -Wmissing-declarations -Wmissing-format-attribute -Wmissing-include-dirs -Wmissing-noreturn -Wmissing-parameter-type -Wmissing-prototypes -Wnested-externs -Wno-discarded-qualifiers -Wno-missing-field-initializers -Wno-strict-aliasing -Wno-suggest-attribute=format -Wno-unused-parameter -Wold-style-definition -Woverride-init -Wpointer-arith -Wreturn-type -Wshadow -Wsign-compare -Wstrict-aliasing -Wstrict-prototypes -Wswitch-default -Wswitch-enum -Wtype-limits -Wundef -Wuninitialized -Wunused-but-set-variable -Wwrite-strings -fstack-protector-strong -DGUSB_COMPILATION -O2 -g -pipe -Wall -Werror=format-security -Wp,-D_FORTIFY_SOURCE=2 -Wp,-D_GLIBCXX_ASSERTIONS -fstack-protector-strong -grecord-gcc-switches -specs=/usr/lib/rpm/generic-hardened-cc1 -fasynchronous-unwind-tables -fstack-clash-protection -pthread '-DG_LOG_DOMAIN="libgusb"' '-DUSB_IDS="/usr/share/hwdata/usb.ids"' -MD -MQ gusb/gusb-self-test.p/gusb-device.c.o -MF gusb/gusb-self-test.p/gusb-device.c.o.d -o gusb/gusb-self-test.p/gusb-device.c.o -c ../gusb/gusb-device.c
[ 2211s] [18/25] /usr/bin/g-ir-scanner --no-libtool --namespace=GUsb --nsversion=1.0 --warn-all --output gusb/GUsb-1.0.gir --c-include=gusb.h -DGUSB_COMPILATION -I/home/abuild/rpmbuild/BUILD/libgusb-0.3.8/gusb -I/home/abuild/rpmbuild/BUILD/libgusb-0.3.8/riscv64-openEuler-linux-gnu/gusb -I/home/abuild/rpmbuild/BUILD/libgusb-0.3.8/riscv64-openEuler-linux-gnu/. -I/home/abuild/rpmbuild/BUILD/libgusb-0.3.8/. -I/home/abuild/rpmbuild/BUILD/libgusb-0.3.8/riscv64-openEuler-linux-gnu/gusb/. -I/home/abuild/rpmbuild/BUILD/libgusb-0.3.8/gusb/. --filelist=/home/abuild/rpmbuild/BUILD/libgusb-0.3.8/riscv64-openEuler-linux-gnu/gusb/libgusb.so.2.0.10.p/GUsb_1.0_gir_filelist -L/home/abuild/rpmbuild/BUILD/libgusb-0.3.8/riscv64-openEuler-linux-gnu/gusb -lgusb --include=Gio-2.0 --include=GObject-2.0 --symbol-prefix=g_usb --identifier-prefix=GUsb --pkg-export=gusb --cflags-begin -Waggregate-return -Wunused -Warray-bounds -Wcast-align -Wclobbered -Wdeclaration-after-statement -Wempty-body -Wextra -Wformat=2 -Wformat-nonliteral -Wformat-security -Wformat-signedness -Wignored-qualifiers -Wimplicit-function-declaration -Winit-self -Wmissing-declarations -Wmissing-format-attribute -Wmissing-include-dirs -Wmissing-noreturn -Wmissing-parameter-type -Wmissing-prototypes -Wnested-externs -Wno-discarded-qualifiers -Wno-missing-field-initializers -Wno-strict-aliasing -Wno-suggest-attribute=format -Wno-unused-parameter -Wold-style-definition -Woverride-init -Wpointer-arith -Wreturn-type -Wshadow -Wsign-compare -Wstrict-aliasing -Wstrict-prototypes -Wswitch-default -Wswitch-enum -Wtype-limits -Wundef -Wuninitialized -Wunused-but-set-variable -Wwrite-strings -fstack-protector-strong -DGUSB_COMPILATION -I/home/abuild/rpmbuild/BUILD/libgusb-0.3.8/riscv64-openEuler-linux-gnu/. -I/home/abuild/rpmbuild/BUILD/libgusb-0.3.8/. -I/home/abuild/rpmbuild/BUILD/libgusb-0.3.8/riscv64-openEuler-linux-gnu/gusb/. -I/home/abuild/rpmbuild/BUILD/libgusb-0.3.8/gusb/. -I/usr/include/glib-2.0 -I/usr/lib64/glib-2.0/include -I/usr/include/libmount -I/usr/include/blkid -I/usr/include/libusb-1.0 -I/usr/include/gobject-introspection-1.0 --cflags-end --add-include-path=/usr/share/gir-1.0 -L/home/abuild/rpmbuild/BUILD/libgusb-0.3.8/riscv64-openEuler-linux-gnu/gusb --library gusb -lgio-2.0 -lgobject-2.0 -lglib-2.0 -lusb-1.0 -lgirepository-1.0
[ 2211s] FAILED: gusb/GUsb-1.0.gir 
[ 2211s] /usr/bin/g-ir-scanner --no-libtool --namespace=GUsb --nsversion=1.0 --warn-all --output gusb/GUsb-1.0.gir --c-include=gusb.h -DGUSB_COMPILATION -I/home/abuild/rpmbuild/BUILD/libgusb-0.3.8/gusb -I/home/abuild/rpmbuild/BUILD/libgusb-0.3.8/riscv64-openEuler-linux-gnu/gusb -I/home/abuild/rpmbuild/BUILD/libgusb-0.3.8/riscv64-openEuler-linux-gnu/. -I/home/abuild/rpmbuild/BUILD/libgusb-0.3.8/. -I/home/abuild/rpmbuild/BUILD/libgusb-0.3.8/riscv64-openEuler-linux-gnu/gusb/. -I/home/abuild/rpmbuild/BUILD/libgusb-0.3.8/gusb/. --filelist=/home/abuild/rpmbuild/BUILD/libgusb-0.3.8/riscv64-openEuler-linux-gnu/gusb/libgusb.so.2.0.10.p/GUsb_1.0_gir_filelist -L/home/abuild/rpmbuild/BUILD/libgusb-0.3.8/riscv64-openEuler-linux-gnu/gusb -lgusb --include=Gio-2.0 --include=GObject-2.0 --symbol-prefix=g_usb --identifier-prefix=GUsb --pkg-export=gusb --cflags-begin -Waggregate-return -Wunused -Warray-bounds -Wcast-align -Wclobbered -Wdeclaration-after-statement -Wempty-body -Wextra -Wformat=2 -Wformat-nonliteral -Wformat-security -Wformat-signedness -Wignored-qualifiers -Wimplicit-function-declaration -Winit-self -Wmissing-declarations -Wmissing-format-attribute -Wmissing-include-dirs -Wmissing-noreturn -Wmissing-parameter-type -Wmissing-prototypes -Wnested-externs -Wno-discarded-qualifiers -Wno-missing-field-initializers -Wno-strict-aliasing -Wno-suggest-attribute=format -Wno-unused-parameter -Wold-style-definition -Woverride-init -Wpointer-arith -Wreturn-type -Wshadow -Wsign-compare -Wstrict-aliasing -Wstrict-prototypes -Wswitch-default -Wswitch-enum -Wtype-limits -Wundef -Wuninitialized -Wunused-but-set-variable -Wwrite-strings -fstack-protector-strong -DGUSB_COMPILATION -I/home/abuild/rpmbuild/BUILD/libgusb-0.3.8/riscv64-openEuler-linux-gnu/. -I/home/abuild/rpmbuild/BUILD/libgusb-0.3.8/. -I/home/abuild/rpmbuild/BUILD/libgusb-0.3.8/riscv64-openEuler-linux-gnu/gusb/. -I/home/abuild/rpmbuild/BUILD/libgusb-0.3.8/gusb/. -I/usr/include/glib-2.0 -I/usr/lib64/glib-2.0/include -I/usr/include/libmount -I/usr/include/blkid -I/usr/include/libusb-1.0 -I/usr/include/gobject-introspection-1.0 --cflags-end --add-include-path=/usr/share/gir-1.0 -L/home/abuild/rpmbuild/BUILD/libgusb-0.3.8/riscv64-openEuler-linux-gnu/gusb --library gusb -lgio-2.0 -lgobject-2.0 -lglib-2.0 -lusb-1.0 -lgirepository-1.0
[ 2211s] Traceback (most recent call last):
[ 2211s]   File "/usr/bin/g-ir-scanner", line 98, in <module>
[ 2211s]     from giscanner.scannermain import scanner_main
[ 2211s]   File "/usr/lib64/gobject-introspection/giscanner/scannermain.py", line 35, in <module>
[ 2211s]     from giscanner.ast import Include, Namespace
[ 2211s]   File "/usr/lib64/gobject-introspection/giscanner/ast.py", line 29, in <module>
[ 2211s]     from .sourcescanner import CTYPE_TYPEDEF, CSYMBOL_TYPE_TYPEDEF
[ 2211s]   File "/usr/lib64/gobject-introspection/giscanner/sourcescanner.py", line 35, in <module>
[ 2211s]     from giscanner._giscanner import SourceScanner as CSourceScanner
[ 2211s] ModuleNotFoundError: No module named 'giscanner._giscanner'
[ 2212s] [19/25] cc  -o gusb/gusb-self-test gusb/gusb-self-test.p/gusb-context.c.o gusb/gusb-self-test.p/gusb-device.c.o gusb/gusb-self-test.p/gusb-device-list.c.o gusb/gusb-self-test.p/gusb-interface.c.o gusb/gusb-self-test.p/gusb-endpoint.c.o gusb/gusb-self-test.p/gusb-self-test.c.o gusb/gusb-self-test.p/gusb-source.c.o gusb/gusb-self-test.p/gusb-util.c.o -Wl,--as-needed -Wl,--no-undefined -Wl,-z,relro -Wl,-z,now -Wl,-z,relro -Wl,-z,now -specs=/usr/lib/rpm/generic-hardened-ld -O2 -g -pipe -Wall -Werror=format-security -Wp,-D_FORTIFY_SOURCE=2 -Wp,-D_GLIBCXX_ASSERTIONS -fstack-protector-strong -grecord-gcc-switches -specs=/usr/lib/rpm/generic-hardened-cc1 -fasynchronous-unwind-tables -fstack-clash-protection -Wl,--start-group /usr/lib64/libgio-2.0.so /usr/lib64/libgobject-2.0.so /usr/lib64/libglib-2.0.so /usr/lib64/libusb-1.0.so -Wl,--end-group
[ 2213s] [20/25] cc -Itools/gusbcmd.p -Itools -I../tools -Igusb -I../gusb -I. -I.. -I/usr/include/glib-2.0 -I/usr/lib64/glib-2.0/include -I/usr/include/libmount -I/usr/include/blkid -I/usr/include/libusb-1.0 -fdiagnostics-color=always -D_FILE_OFFSET_BITS=64 -Wall -Winvalid-pch -std=c99 -Waggregate-return -Wunused -Warray-bounds -Wcast-align -Wclobbered -Wdeclaration-after-statement -Wempty-body -Wextra -Wformat=2 -Wformat-nonliteral -Wformat-security -Wformat-signedness -Wignored-qualifiers -Wimplicit-function-declaration -Winit-self -Wmissing-declarations -Wmissing-format-attribute -Wmissing-include-dirs -Wmissing-noreturn -Wmissing-parameter-type -Wmissing-prototypes -Wnested-externs -Wno-discarded-qualifiers -Wno-missing-field-initializers -Wno-strict-aliasing -Wno-suggest-attribute=format -Wno-unused-parameter -Wold-style-definition -Woverride-init -Wpointer-arith -Wreturn-type -Wshadow -Wsign-compare -Wstrict-aliasing -Wstrict-prototypes -Wswitch-default -Wswitch-enum -Wtype-limits -Wundef -Wuninitialized -Wunused-but-set-variable -Wwrite-strings -fstack-protector-strong -DGUSB_COMPILATION -O2 -g -pipe -Wall -Werror=format-security -Wp,-D_FORTIFY_SOURCE=2 -Wp,-D_GLIBCXX_ASSERTIONS -fstack-protector-strong -grecord-gcc-switches -specs=/usr/lib/rpm/generic-hardened-cc1 -fasynchronous-unwind-tables -fstack-clash-protection -pthread '-DG_LOG_DOMAIN="GUsb"' -MD -MQ tools/gusbcmd.p/gusb-main.c.o -MF tools/gusbcmd.p/gusb-main.c.o.d -o tools/gusbcmd.p/gusb-main.c.o -c ../tools/gusb-main.c
[ 2216s] [21/25] /usr/bin/meson --internal symbolextractor /home/abuild/rpmbuild/BUILD/libgusb-0.3.8/riscv64-openEuler-linux-gnu gusb/libgusb.so.2.0.10 gusb/libgusb.so.2.0.10 gusb/libgusb.so.2.0.10.p/libgusb.so.2.0.10.symbols 
[ 2216s] ninja: build stopped: subcommand failed.
[ 2218s] error: Bad exit status from /var/tmp/rpm-tmp.5RRisZ (%build)
[ 2218s] 
[ 2218s] 
[ 2218s] RPM build errors:
[ 2218s]     Bad exit status from /var/tmp/rpm-tmp.5RRisZ (%build)
[ 2218s] 
[ 2218s] oe-RISCV-worker26 failed "build libgusb.spec" at Sat Apr 23 09:53:40 UTC 2022.
[ 2218s] 
