[    1s] Memory limit set to 10955196KB
[    1s] Using BUILD_ROOT=/var/cache/obs/worker/root_3
[    1s] Using BUILD_ARCH=riscv64
[    1s] 
[    5s] 
[    5s] oe-RISCV-worker29 started "build _service:extract_file:libnotify.spec" at Sat Apr 23 10:05:58 UTC 2022.
[    5s] 
[    5s] Building libnotify for project 'openEuler:Mainline:RISC-V' repository 'advanced_riscv64' arch 'riscv64' srcmd5 'ab383c78fa785100f09ca863a8b8de97'
[    5s] 
[    5s] processing recipe /var/cache/obs/worker/root_3/.build-srcdir/_service:extract_file:libnotify.spec ...
[    9s] running changelog2spec --target rpm --file /var/cache/obs/worker/root_3/.build-srcdir/_service:extract_file:libnotify.spec
[   10s] init_buildsystem --configdir /var/run/obs/worker/3/build/configs --cachedir /var/cache/build --clean --rpmlist /var/cache/obs/worker/root_3/.build.rpmlist /var/cache/obs/worker/root_3/.build-srcdir/_service:extract_file:libnotify.spec build ...
[  109s] cycle: coreutils -> bash
[  109s]   breaking dependency coreutils -> bash
[  109s] cycle: coreutils -> info
[  109s]   breaking dependency coreutils -> info
[  109s] cycle: glibc -> filesystem -> coreutils
[  109s]   breaking dependency coreutils -> glibc
[  109s] cycle: glibc -> filesystem -> coreutils -> libacl
[  109s]   breaking dependency coreutils -> libacl
[  109s] cycle: glibc -> filesystem -> coreutils -> attr
[  109s]   breaking dependency coreutils -> attr
[  109s] cycle: coreutils -> libcap
[  109s]   breaking dependency coreutils -> libcap
[  109s] cycle: glibc -> filesystem -> coreutils -> openssl-libs
[  109s]   breaking dependency coreutils -> openssl-libs
[  109s] cycle: glibc -> filesystem -> coreutils -> libselinux
[  109s]   breaking dependency libselinux -> glibc
[  109s] cycle: glibc -> filesystem -> coreutils -> libselinux -> pcre2
[  109s]   breaking dependency pcre2 -> glibc
[  109s] cycle: glibc -> filesystem -> coreutils -> libselinux -> pcre2 -> readline
[  109s]   breaking dependency readline -> glibc
[  109s] cycle: glibc -> filesystem -> coreutils -> libselinux -> pcre2 -> readline -> ncurses-libs
[  109s]   breaking dependency filesystem -> coreutils
[  109s] cycle: glibc -> filesystem -> bash -> coreutils -> libselinux -> pcre2 -> readline -> ncurses-libs
[  109s]   breaking dependency filesystem -> bash
[  109s] cycle: perl-Carp -> perl-libs
[  109s]   breaking dependency perl-libs -> perl-Carp
[  109s] cycle: perl-libs -> perl-Exporter
[  109s]   breaking dependency perl-libs -> perl-Exporter
[  109s] cycle: perl-Carp -> perl-Exporter
[  109s]   breaking dependency perl-Exporter -> perl-Carp
[  109s] cycle: nss-util -> nss
[  109s]   breaking dependency nss -> nss-util
[  109s] cycle: nss-softokn -> nss-util -> nss
[  109s]   breaking dependency nss -> nss-softokn
[  109s] cycle: systemd -> cryptsetup -> device-mapper
[  109s]   breaking dependency systemd -> cryptsetup
[  109s] cycle: audit -> systemd -> pam
[  109s]   breaking dependency systemd -> pam
[  109s] [1/84] preinstalling dbus...
[  110s] [2/84] preinstalling libffi-devel...
[  111s] [3/84] preinstalling nodejs-source-map...
[  111s] [4/84] preinstalling python3-pip...
[  115s] [5/84] preinstalling python3-setuptools_scm...
[  115s] [6/84] preinstalling filesystem...
[  118s] [7/84] preinstalling glibc...
[  122s] [8/84] preinstalling libgcc...
[  123s] [9/84] preinstalling diffutils...
[  124s] [10/84] preinstalling libcap-ng...
[  125s] [11/84] preinstalling libgpg-error...
[  126s] [12/84] preinstalling libpcap...
[  127s] [13/84] preinstalling libsmartcols...
[  128s] [14/84] preinstalling libuuid...
[  128s] [15/84] preinstalling libxcrypt...
[  129s] [16/84] preinstalling lz4...
[  130s] [17/84] preinstalling m4...
[  131s] [18/84] preinstalling ncurses-libs...
[  132s] [19/84] preinstalling nspr...
[  133s] [20/84] preinstalling xz-libs...
[  134s] [21/84] preinstalling zlib...
[  135s] [22/84] preinstalling attr...
[  136s] [23/84] preinstalling libdb...
[  141s] [24/84] preinstalling zstd...
[  143s] [25/84] preinstalling audit-libs...
[  144s] [26/84] preinstalling file...
[  145s] [27/84] preinstalling iptables-libs...
[  146s] [28/84] preinstalling libacl...
[  146s] [29/84] preinstalling libgcrypt...
[  148s] [30/84] preinstalling openssl-libs...
[  149s] [31/84] preinstalling readline...
[  151s] [32/84] preinstalling ncurses...
[  157s] [33/84] preinstalling cmake...
[  170s] [34/84] preinstalling perl-libs...
[  174s] [35/84] preinstalling pcre2...
[  175s] [36/84] preinstalling perl-Exporter...
[  176s] [37/84] preinstalling pcre...
[  177s] [38/84] preinstalling acl...
[  178s] [39/84] preinstalling sqlite...
[  180s] [40/84] preinstalling libselinux...
[  181s] [41/84] preinstalling perl-Carp...
[  183s] [42/84] preinstalling perl-Digest-MD5...
[  184s] [43/84] preinstalling sed...
[  185s] [44/84] preinstalling coreutils...
[  189s] [45/84] preinstalling bash...
[  192s] [46/84] preinstalling openssl...
[  193s] [47/84] preinstalling dnf...
[  194s] [48/84] preinstalling bzip2...
[  196s] [49/84] preinstalling hostname...
[  196s] [50/84] preinstalling libcap...
[  197s] [51/84] preinstalling popt...
[  199s] [52/84] preinstalling elfutils...
[  201s] [53/84] preinstalling grep...
[  202s] [54/84] preinstalling libblkid...
[  203s] [55/84] preinstalling perl-constant...
[  203s] [56/84] preinstalling tar...
[  205s] [57/84] preinstalling info...
[  206s] [58/84] preinstalling libgcrypt-devel...
[  207s] [59/84] preinstalling lua...
[  208s] [60/84] preinstalling nss...
[  210s] [61/84] preinstalling chkconfig...
[  211s] [62/84] preinstalling copy-jdk-configs...
[  212s] [63/84] preinstalling libfdisk...
[  214s] [64/84] preinstalling libmount...
[  215s] [65/84] preinstalling libsemanage...
[  216s] [66/84] preinstalling nss-util...
[  217s] [67/84] preinstalling findutils...
[  219s] [68/84] preinstalling perl-Getopt-Long...
[  220s] [69/84] preinstalling xz...
[  221s] [70/84] preinstalling perl-Data-Dumper...
[  222s] [71/84] preinstalling systemd-libs...
[  224s] [72/84] preinstalling rpm-libs...
[  225s] [73/84] preinstalling dbus-libs...
[  226s] [74/84] preinstalling nss-softokn...
[  228s] [75/84] preinstalling glib2...
[  233s] [76/84] preinstalling systemd...
[  237s] [77/84] preinstalling audit...
[  239s] [78/84] preinstalling rpm...
[  240s] [79/84] preinstalling openEuler-rpm-config...
[  242s] [80/84] preinstalling pam...
[  243s] [81/84] preinstalling util-linux...
[  248s] [82/84] preinstalling device-mapper...
[  249s] [83/84] preinstalling cryptsetup...
[  251s] [84/84] preinstalling lvm2...
[  255s] 
[  257s] initializing rpm db...
[  271s] reordering...cycle: bash -> coreutils
[  271s]   breaking dependency coreutils -> bash
[  271s] cycle: bash -> coreutils -> info
[  271s]   breaking dependency coreutils -> info
[  271s] cycle: glibc -> basesystem -> filesystem -> bash -> coreutils -> gmp
[  271s]   breaking dependency filesystem -> bash
[  271s] cycle: glibc -> basesystem -> filesystem -> coreutils -> gmp
[  271s]   breaking dependency coreutils -> gmp
[  271s] cycle: glibc -> basesystem -> filesystem -> coreutils
[  271s]   breaking dependency coreutils -> glibc
[  271s] cycle: glibc -> basesystem -> filesystem -> coreutils -> libacl
[  271s]   breaking dependency coreutils -> libacl
[  271s] cycle: glibc -> basesystem -> filesystem -> coreutils -> attr
[  271s]   breaking dependency coreutils -> attr
[  271s] cycle: coreutils -> libcap -> bash
[  271s]   breaking dependency coreutils -> libcap
[  271s] cycle: glibc -> basesystem -> filesystem -> coreutils -> openssl-libs
[  271s]   breaking dependency openssl-libs -> glibc
[  271s] cycle: coreutils -> openssl-libs -> ca-certificates -> bash
[  271s]   breaking dependency ca-certificates -> bash
[  271s] cycle: coreutils -> openssl-libs -> ca-certificates
[  271s]   breaking dependency ca-certificates -> coreutils
[  271s] cycle: coreutils -> openssl-libs -> ca-certificates -> grep -> bash
[  271s]   breaking dependency grep -> bash
[  271s] cycle: coreutils -> openssl-libs -> ca-certificates -> grep
[  271s]   breaking dependency ca-certificates -> grep
[  271s] cycle: glibc -> basesystem -> filesystem -> coreutils -> openssl-libs -> ca-certificates -> p11-kit
[  271s]   breaking dependency p11-kit -> glibc
[  271s] cycle: glibc -> basesystem -> filesystem -> coreutils -> openssl-libs -> ca-certificates -> p11-kit -> libffi
[  271s]   breaking dependency openssl-libs -> ca-certificates
[  271s] cycle: coreutils -> openssl-libs -> crypto-policies -> bash
[  271s]   breaking dependency crypto-policies -> bash
[  271s] cycle: coreutils -> openssl-libs -> crypto-policies
[  271s]   breaking dependency crypto-policies -> coreutils
[  271s] cycle: coreutils -> openssl-libs -> crypto-policies -> grep
[  271s]   breaking dependency grep -> coreutils
[  271s] cycle: glibc -> basesystem -> filesystem -> coreutils -> openssl-libs -> crypto-policies -> grep
[  271s]   breaking dependency glibc -> basesystem
[  271s] cycle: glibc -> glibc-common -> bash -> coreutils -> openssl-libs -> crypto-policies -> grep
[  271s]   breaking dependency glibc-common -> bash
[  271s] cycle: glibc -> glibc-common -> coreutils -> openssl-libs -> crypto-policies -> grep
[  271s]   breaking dependency glibc-common -> coreutils
[  271s] cycle: glibc -> glibc-common
[  271s]   breaking dependency glibc-common -> glibc
[  271s] cycle: glibc -> glibc-common -> libselinux
[  271s]   breaking dependency libselinux -> glibc
[  271s] cycle: glibc -> glibc-common -> libselinux -> pcre2
[  271s]   breaking dependency pcre2 -> glibc
[  271s] cycle: glibc -> glibc-common -> libselinux -> pcre2 -> readline
[  271s]   breaking dependency readline -> glibc
[  271s] cycle: glibc -> glibc-common -> libselinux -> pcre2 -> readline -> ncurses-libs
[  271s]   breaking dependency libselinux -> pcre2
[  271s] cycle: glibc -> glibc-common -> libselinux -> libsepol -> bash -> coreutils -> openssl-libs -> crypto-policies -> grep
[  271s]   breaking dependency bash -> coreutils
[  271s] cycle: glibc -> glibc-common -> libselinux -> libsepol -> bash -> filesystem -> coreutils -> openssl-libs -> crypto-policies -> grep
[  271s]   breaking dependency libsepol -> bash
[  271s] cycle: glibc -> glibc-common -> libselinux -> libsepol -> coreutils -> openssl-libs -> crypto-policies -> grep
[  271s]   breaking dependency coreutils -> openssl-libs
[  271s] cycle: libselinux -> libsepol -> coreutils
[  271s]   breaking dependency libsepol -> coreutils
[  271s] cycle: glibc -> glibc-common -> libselinux -> libsepol
[  271s]   breaking dependency glibc -> glibc-common
[  271s] cycle: glibc -> filesystem -> coreutils -> libselinux -> libsepol
[  271s]   breaking dependency filesystem -> coreutils
[  271s] cycle: filesystem -> setup
[  271s]   breaking dependency filesystem -> setup
[  271s] cycle: systemd -> cryptsetup -> device-mapper
[  271s]   breaking dependency systemd -> cryptsetup
[  271s] cycle: perl-libs -> perl-Carp
[  271s]   breaking dependency perl-libs -> perl-Carp
[  271s] cycle: perl-libs -> perl-Exporter
[  271s]   breaking dependency perl-libs -> perl-Exporter
[  271s] cycle: perl-Carp -> perl-Exporter
[  271s]   breaking dependency perl-Exporter -> perl-Carp
[  271s] cycle: perl -> perl-PathTools
[  271s]   breaking dependency perl -> perl-PathTools
[  271s] cycle: perl -> perl-ExtUtils-MakeMaker
[  271s]   breaking dependency perl -> perl-ExtUtils-MakeMaker
[  271s] cycle: perl -> perl-File-Path -> perl-PathTools
[  271s]   breaking dependency perl -> perl-File-Path
[  271s] cycle: perl -> perl-Getopt-Long -> perl-Pod-Usage
[  271s]   breaking dependency perl -> perl-Getopt-Long
[  271s] cycle: perl -> perl-Locale-Maketext
[  271s]   breaking dependency perl -> perl-Locale-Maketext
[  271s] cycle: perl -> perl-Pod-Simple
[  271s]   breaking dependency perl -> perl-Pod-Simple
[  271s] cycle: perl -> perl-Socket
[  271s]   breaking dependency perl -> perl-Socket
[  271s] cycle: perl -> perl-Storable
[  271s]   breaking dependency perl -> perl-Storable
[  271s] cycle: perl -> perl-Text-Tabs+Wrap
[  271s]   breaking dependency perl -> perl-Text-Tabs+Wrap
[  271s] cycle: perl -> perl-Time-Local -> perl-constant
[  271s]   breaking dependency perl -> perl-Time-Local
[  271s] cycle: perl -> perl-constant
[  271s]   breaking dependency perl -> perl-constant
[  271s] cycle: perl -> perl-threads
[  271s]   breaking dependency perl -> perl-threads
[  271s] cycle: perl -> perl-threads-shared
[  271s]   breaking dependency perl -> perl-threads-shared
[  271s] cycle: perl -> perl-Archive-Tar
[  271s]   breaking dependency perl -> perl-Archive-Tar
[  271s] cycle: perl -> perl-B-Debug
[  271s]   breaking dependency perl -> perl-B-Debug
[  271s] cycle: perl -> perl-CPAN-Meta -> perl-CPAN-Meta-Requirements
[  271s]   breaking dependency perl -> perl-CPAN-Meta
[  271s] cycle: perl -> perl-CPAN-Meta-Requirements
[  271s]   breaking dependency perl -> perl-CPAN-Meta-Requirements
[  271s] cycle: perl -> perl-CPAN-Meta-YAML
[  271s]   breaking dependency perl -> perl-CPAN-Meta-YAML
[  271s] cycle: perl -> perl-Compress-Raw-Bzip2
[  271s]   breaking dependency perl -> perl-Compress-Raw-Bzip2
[  271s] cycle: perl -> perl-Compress-Raw-Zlib
[  271s]   breaking dependency perl -> perl-Compress-Raw-Zlib
[  271s] cycle: perl -> perl-Config-Perl-V
[  271s]   breaking dependency perl -> perl-Config-Perl-V
[  271s] cycle: perl -> perl-DB_File
[  271s]   breaking dependency perl -> perl-DB_File
[  271s] cycle: perl -> perl-Data-Dumper
[  271s]   breaking dependency perl -> perl-Data-Dumper
[  271s] cycle: perl -> perl-Devel-PPPort
[  271s]   breaking dependency perl -> perl-Devel-PPPort
[  271s] cycle: perl -> perl-Digest -> perl-MIME-Base64
[  271s]   breaking dependency perl -> perl-Digest
[  271s] cycle: perl -> perl-Digest-MD5 -> perl-Digest -> perl-MIME-Base64
[  271s]   breaking dependency perl -> perl-Digest-MD5
[  271s] cycle: perl -> perl-Digest-SHA
[  271s]   breaking dependency perl -> perl-Digest-SHA
[  271s] cycle: perl -> perl-Encode
[  271s]   breaking dependency perl -> perl-Encode
[  271s] cycle: perl -> perl-Env
[  271s]   breaking dependency perl -> perl-Env
[  271s] cycle: perl -> perl-ExtUtils-Command
[  271s]   breaking dependency perl -> perl-ExtUtils-Command
[  271s] cycle: perl -> perl-ExtUtils-Install
[  271s]   breaking dependency perl -> perl-ExtUtils-Install
[  271s] cycle: perl -> perl-ExtUtils-Manifest
[  271s]   breaking dependency perl -> perl-ExtUtils-Manifest
[  271s] cycle: perl -> perl-ExtUtils-ParseXS
[  271s]   breaking dependency perl -> perl-ExtUtils-ParseXS
[  271s] cycle: perl -> perl-File-Fetch -> perl-PathTools
[  271s]   breaking dependency perl -> perl-File-Fetch
[  271s] cycle: perl -> perl-File-Temp -> perl-PathTools
[  271s]   breaking dependency perl -> perl-File-Temp
[  271s] cycle: perl -> perl-Filter
[  271s]   breaking dependency perl -> perl-Filter
[  271s] cycle: perl -> perl-Filter-Simple -> perl-Filter
[  271s]   breaking dependency perl -> perl-Filter-Simple
[  271s] cycle: perl -> perl-HTTP-Tiny
[  271s]   breaking dependency perl -> perl-HTTP-Tiny
[  271s] cycle: perl -> perl-IO-Compress
[  271s]   breaking dependency perl -> perl-IO-Compress
[  271s] cycle: perl -> perl-IO-Socket-IP
[  271s]   breaking dependency perl -> perl-IO-Socket-IP
[  271s] cycle: perl -> perl-IPC-Cmd -> perl-ExtUtils-MakeMaker
[  271s]   breaking dependency perl -> perl-IPC-Cmd
[  271s] cycle: perl -> perl-IPC-SysV
[  271s]   breaking dependency perl -> perl-IPC-SysV
[  271s] cycle: perl -> perl-JSON-PP
[  271s]   breaking dependency perl -> perl-JSON-PP
[  271s] cycle: perl -> perl-Locale-Codes -> perl-constant
[  271s]   breaking dependency perl -> perl-Locale-Codes
[  271s] cycle: perl -> perl-MIME-Base64
[  271s]   breaking dependency perl -> perl-MIME-Base64
[  271s] cycle: perl -> perl-Math-BigInt
[  271s]   breaking dependency perl -> perl-Math-BigInt
[  271s] cycle: perl -> perl-Math-BigInt-FastCalc -> perl-Math-BigInt
[  271s]   breaking dependency perl -> perl-Math-BigInt-FastCalc
[  271s] cycle: perl -> perl-Math-BigRat -> perl-Math-BigInt
[  271s]   breaking dependency perl -> perl-Math-BigRat
[  271s] cycle: perl -> perl-Module-CoreList
[  271s]   breaking dependency perl -> perl-Module-CoreList
[  271s] cycle: perl -> perl-Module-Load -> perl-PathTools
[  271s]   breaking dependency perl -> perl-Module-Load
[  271s] cycle: perl -> perl-Module-Load-Conditional
[  271s]   breaking dependency perl -> perl-Module-Load-Conditional
[  271s] cycle: perl -> perl-Module-Metadata
[  271s]   breaking dependency perl -> perl-Module-Metadata
[  271s] cycle: perl -> perl-Params-Check
[  271s]   breaking dependency perl -> perl-Params-Check
[  271s] cycle: perl -> perl-PerlIO-via-QuotedPrint -> perl-MIME-Base64
[  271s]   breaking dependency perl -> perl-PerlIO-via-QuotedPrint
[  271s] cycle: perl -> perl-Pod-Checker
[  271s]   breaking dependency perl -> perl-Pod-Checker
[  271s] cycle: perl -> perl-Pod-Escapes
[  271s]   breaking dependency perl -> perl-Pod-Escapes
[  271s] cycle: perl -> perl-Pod-Parser
[  271s]   breaking dependency perl -> perl-Pod-Parser
[  271s] cycle: perl -> perl-Pod-Perldoc
[  271s]   breaking dependency perl -> perl-Pod-Perldoc
[  271s] cycle: perl -> perl-Pod-Usage
[  271s]   breaking dependency perl -> perl-Pod-Usage
[  271s] cycle: perl -> perl-Sys-Syslog
[  271s]   breaking dependency perl -> perl-Sys-Syslog
[  271s] cycle: perl -> perl-Term-Cap
[  271s]   breaking dependency perl -> perl-Term-Cap
[  271s] cycle: perl -> perl-Test-Harness
[  271s]   breaking dependency perl -> perl-Test-Harness
[  271s] cycle: perl -> perl-Test-Simple
[  271s]   breaking dependency perl -> perl-Test-Simple
[  271s] cycle: perl -> perl-Text-Balanced
[  271s]   breaking dependency perl -> perl-Text-Balanced
[  271s] cycle: perl -> perl-Thread-Queue -> perl-threads-shared
[  271s]   breaking dependency perl -> perl-Thread-Queue
[  271s] cycle: perl -> perl-Unicode-Collate -> perl-PathTools
[  271s]   breaking dependency perl -> perl-Unicode-Collate
[  271s] cycle: perl -> perl-autodie
[  271s]   breaking dependency perl -> perl-autodie
[  271s] cycle: perl -> perl-bignum -> perl-Math-BigInt
[  271s]   breaking dependency perl -> perl-bignum
[  271s] cycle: perl -> perl-devel
[  271s]   breaking dependency perl -> perl-devel
[  271s] cycle: perl -> perl-Encode-devel
[  271s]   breaking dependency perl -> perl-Encode-devel
[  271s] cycle: perl -> perl-experimental
[  271s]   breaking dependency perl -> perl-experimental
[  271s] cycle: perl -> perl-libnet -> perl-Digest-MD5 -> perl-Digest -> perl-MIME-Base64
[  271s]   breaking dependency perl -> perl-libnet
[  271s] cycle: perl -> perl-podlators
[  271s]   breaking dependency perl -> perl-podlators
[  271s] cycle: perl -> perl-version
[  271s]   breaking dependency perl -> perl-version
[  271s] cycle: glib2 -> gamin
[  271s]   breaking dependency glib2 -> gamin
[  271s] cycle: systemd -> gnutls -> unbound-libs -> shadow -> pam -> audit
[  271s]   breaking dependency systemd -> gnutls
[  271s] cycle: systemd -> pam -> audit
[  271s]   breaking dependency systemd -> pam
[  271s] cycle: systemd -> shadow -> pam -> audit
[  271s]   breaking dependency systemd -> shadow
[  271s] cycle: pam -> libpwquality
[  271s]   breaking dependency pam -> libpwquality
[  271s] cycle: perl-Getopt-Long -> perl-Pod-Usage
[  271s]   breaking dependency perl-Pod-Usage -> perl-Getopt-Long
[  271s] cycle: perl-Getopt-Long -> perl-Pod-Usage -> perl-podlators -> perl-Encode
[  271s]   breaking dependency perl-podlators -> perl-Encode
[  271s] cycle: perl-Getopt-Long -> perl-Pod-Usage -> perl-podlators
[  271s]   breaking dependency perl-podlators -> perl-Getopt-Long
[  271s] cycle: perl-Getopt-Long -> perl-Pod-Usage -> perl-podlators -> perl-Pod-Simple -> perl-Encode
[  271s]   breaking dependency perl-Encode -> perl-Getopt-Long
[  271s] cycle: perl-Getopt-Long -> perl-Pod-Usage -> perl-podlators -> perl-Pod-Simple
[  271s]   breaking dependency perl-podlators -> perl-Pod-Simple
[  271s] cycle: perl-Pod-Usage -> perl-podlators
[  271s]   breaking dependency perl-podlators -> perl-Pod-Usage
[  271s] cycle: groff -> perl-Getopt-Long -> perl-Pod-Usage -> perl-Pod-Perldoc
[  271s]   breaking dependency groff -> perl-Getopt-Long
[  271s] cycle: libglvnd-egl -> mesa-libEGL
[  271s]   breaking dependency mesa-libEGL -> libglvnd-egl
[  271s] cycle: libglvnd-glx -> mesa-libGL
[  271s]   breaking dependency mesa-libGL -> libglvnd-glx
[  271s] cycle: libxcrypt-devel -> glibc-devel
[  271s]   breaking dependency glibc-devel -> libxcrypt-devel
[  271s] cycle: cmake-data -> cmake
[  271s]   breaking dependency cmake -> cmake-data
[  271s] cycle: nss-util -> nss
[  271s]   breaking dependency nss -> nss-util
[  271s] cycle: nss-softokn -> nss-util -> nss
[  271s]   breaking dependency nss -> nss-softokn
[  271s] cycle: perl-Getopt-Long -> perl-Pod-Usage -> perl-Pod-Perldoc -> perl-Pod-Simple
[  271s]   breaking dependency perl-Pod-Perldoc -> perl-Pod-Simple
[  271s] cycle: openssh -> openssh-server
[  271s]   breaking dependency openssh-server -> openssh
[  271s] cycle: git -> perl-Git
[  271s]   breaking dependency git -> perl-Git
[  271s] cycle: perl-ExtUtils-Install -> perl-ExtUtils-MakeMaker
[  271s]   breaking dependency perl-ExtUtils-MakeMaker -> perl-ExtUtils-Install
[  272s] done
[  272s] querying package ids...
[  316s] [1/481] installing cmake-filesystem-3.22.0-1.oe1
[  317s] [2/481] installing fonts-filesystem-2.0.2-2.oe1
[  319s] [3/481] installing fuse-common-3.9.2-5.oe1
[  320s] [4/481] installing kernel-headers-5.10-3.oe1
[  326s] [5/481] installing libreport-filesystem-2.13.1-5.oe1
[  327s] [6/481] installing ncurses-base-6.1-14.oe1
[  329s] [7/481] installing openEuler-gpg-keys-1.0-2.5.oe1
[  333s] [8/481] installing python-setuptools-59.4.0-3.oe1
[  334s] [9/481] installing qt5-srpm-macros-5.15.2-1.oe1
[  335s] [10/481] installing tzdata-2021a-2.oe1
[  345s] [11/481] installing xkeyboard-config-2.30-1.oe1
[  350s] [12/481] installing dnf-data-4.10.0-1.oe1
[  351s] [13/481] installing openEuler-repos-1.0-2.5.oe1
[  353s] [14/481] installing wqy-zenhei-fonts-0.9.46-21.oe1
[  362s] [15/481] installing openEuler-release-20.03LTS-40.oe1
[  364s] [16/481] installing filesystem-3.9-3.oe1
[  376s] warning: group mail does not exist - using root
[  376s] [17/481] installing emacs-filesystem-1:27.1-5.oe1
[  377s] [18/481] installing libgcc-10.3.1-10.oe1
[  378s] [19/481] installing vim-filesystem-2:8.2-4.oe1
[  379s] [20/481] installing setup-2.13.3-4.oe1
[  381s] [21/481] installing glibc-2.34-74.oe1
[  388s] [22/481] installing brotli-1.0.9-2.oe1
[  390s] [23/481] installing chrpath-0.16-12.oe1
[  392s] [24/481] installing cpio-2.13-4.oe1
[  394s] [25/481] installing diffutils-3.7-4.oe1
[  396s] [26/481] installing expat-2.2.10-1.oe1
[  397s] [27/481] installing fribidi-1.0.10-1.oe1
[  398s] [28/481] installing gpm-libs-1.20.7-21.oe1
[  399s] [29/481] installing jbigkit-libs-2.1-17.oe1
[  400s] [30/481] installing json-c-0.15-1.oe1
[  401s] [31/481] installing keyutils-libs-1.6.3-3.oe1
[  403s] [32/481] installing lcms2-2.11-2.oe1
[  404s] [33/481] installing libICE-1.0.10-2.oe1
[  406s] [34/481] installing libXau-1.0.9-2.oe1
[  407s] [35/481] installing libaio-0.3.112-1.oe1
[  408s] [36/481] installing libargon2-20190702-1.oe1
[  409s] [37/481] installing libatomic-10.3.1-10.oe1
[  410s] [38/481] installing libcap-ng-0.7.11-1.oe1
[  412s] [39/481] installing libdatrie-0.2.12-1.oe1
[  417s] [40/481] installing libdrm-2.4.109-3.oe1
[  419s] [41/481] installing libepoxy-1.5.3-2
[  421s] [42/481] installing libev-4.24-11.oe1
[  422s] [43/481] installing libffi-3.3-31.oe1
[  423s] [44/481] installing libglvnd-1:1.3.4-2.oe1
[  425s] [45/481] installing libgomp-10.3.1-10.oe1
[  426s] [46/481] installing libgpg-error-1.41-1.oe1
[  428s] [47/481] installing libjpeg-turbo-2.0.6-1.oe1
[  430s] [48/481] installing libnghttp2-1.42.0-1.oe1
[  431s] [49/481] installing libpcap-14:1.9.1-7.oe1
[  432s] [50/481] installing libpipeline-1.5.3-1.oe1
[  434s] [51/481] installing libsigsegv-2.11-10.oe1
[  436s] [52/481] installing libsmartcols-2.36.1-3.oe1
[  437s] [53/481] installing libtasn1-4.16.0-2.oe1
[  438s] [54/481] installing libtool-ltdl-2.4.6-34.oe1
[  439s] [55/481] installing libunistring-0.9.10-8.oe1
[  441s] [56/481] installing libuuid-2.36.1-3.oe1
[  443s] [57/481] installing libuv-1:1.40.0-1.oe1
[  444s] [58/481] installing libwayland-egl-1.18.0-1.fc33
[  445s] [59/481] installing libxcrypt-4.4.8-4.oe1
[  447s] [60/481] installing libxshmfence-1.3-6.oe1
[  448s] [61/481] installing libyaml-0.2.5-1.oe1
[  449s] [62/481] installing lz4-1.9.3-1.oe1
[  451s] [63/481] installing m4-1.4.18-14.oe1
[  452s] [64/481] installing nspr-4.32.0-1.oe1
[  454s] [65/481] installing pixman-0.38.0-1.oe1
[  455s] [66/481] installing pkgconf-1.7.3-1.oe1
[  456s] [67/481] installing rhash-1.3.5-5.oe1
[  458s] [68/481] installing which-2.21-14.oe1
[  460s] [69/481] installing xz-libs-5.2.5-1.oe1
[  461s] [70/481] installing zlib-1.2.11-18.oe1
[  462s] [71/481] installing attr-2.4.48-12.oe1
[  463s] [72/481] installing basesystem-12-2.oe1
[  464s] [73/481] installing libstdc++-10.3.1-10.oe1
[  466s] [74/481] installing ncurses-libs-6.1-14.oe1
[  468s] [75/481] installing libsepol-3.1-4.oe1
[  471s] [76/481] installing libglvnd-core-devel-1:1.3.4-2.oe1
[  472s] [77/481] installing libstdc++-devel-10.3.1-10.oe1
[  483s] [78/481] installing wayland-protocols-devel-1.20-1.oe1
[  485s] [79/481] installing xorg-x11-proto-devel-2019.1-1.oe1
[  489s] [80/481] installing audit-libs-1:3.0-2.oe1
[  490s] [81/481] installing file-libs-5.39-6.oe1
[  495s] [82/481] installing fribidi-devel-1.0.10-1.oe1
[  496s] [83/481] installing gmp-1:6.2.1-1.oe1
[  499s] [84/481] installing iptables-libs-1.8.1-4.oe1
[  500s] [85/481] installing less-563-2.oe1
[  502s] [86/481] installing libacl-2.2.53-7.oe1
[  503s] [87/481] installing libassuan-2.5.4-1.oe1
[  505s] [88/481] installing libedit-3.1-27.oe1
[  506s] [89/481] installing libffi-devel-3.3-31.oe1
[  508s] [90/481] installing libgcrypt-1.8.7-1.oe1
[  509s] [91/481] installing libglvnd-opengl-1:1.3.4-2.oe1
[  511s] [92/481] installing libpng-2:1.6.37-1.oe1
[  512s] [93/481] installing libsepol-devel-3.1-4.oe1
[  518s] [94/481] installing libthai-0.1.28-4.oe1
[  520s] [95/481] installing libwayland-client-1.18.0-1.fc33
[  522s] [96/481] installing libwayland-server-1.18.0-1.fc33
[  523s] [97/481] installing libxcb-1.14-1.oe1
[  525s] [98/481] installing pixman-devel-0.38.0-1.oe1
[  526s] [99/481] installing readline-8.0-2.oe1
[  527s] [100/481] installing zlib-devel-1.2.11-18.oe1
[  536s] [101/481] installing fuse-2.9.9-6.oe1
[  538s] [102/481] installing gc-8.0.4-2.oe1
[  540s] [103/481] installing libSM-1.2.3-2.oe1
[  541s] [104/481] installing libdatrie-devel-0.2.12-1.oe1
[  542s] [105/481] installing libdb-5.3.28-35.oe1
[  549s] [106/481] installing libicu-62.1-5.oe1
[  565s] [107/481] installing libselinux-3.1-3.oe1
[  568s] [108/481] installing libxml2-2.9.12-5.oe1
[  573s] [109/481] installing bash-5.1-1.oe1
[  577s] [110/481] installing perl-libs-4:5.28.0-435.oe1
[  585s] [111/481] installing zstd-1.4.8-2.oe1
[  588s] [112/481] installing ncurses-6.1-14.oe1
[  602s] [113/481] installing ninja-build-1.8.2-9.oe1
[  603s] [114/481] installing thin-provisioning-tools-0.8.5-1.oe1
[  605s] [115/481] installing libtiff-4.2.0-1.oe1
[  608s] [116/481] installing perl-parent-1:0.237-4.oe1
[  609s] [117/481] installing perl-perlfaq-5.20180915-5.oe1
[  611s] [118/481] installing libX11-1.6.9-2.oe1
[  616s] [119/481] installing libtiff-devel-4.2.0-1.oe1
[  618s] [120/481] installing mesa-libglapi-21.3.1-1.oe1
[  619s] [121/481] installing mpfr-4.1.0-2.oe1
[  621s] [122/481] installing nettle-3.6-6.oe1
[  623s] [123/481] installing pcre2-10.36-1.oe1
[  627s] [124/481] installing perl-Exporter-5.74-1.oe1
[  628s] [125/481] installing file-5.39-6.oe1
[  630s] [126/481] installing gdbm-1:1.18.1-1.oe1
[  631s] [127/481] installing libXau-devel-1.0.9-2.oe1
[  632s] [128/481] installing libthai-devel-0.1.28-4.oe1
[  634s] [129/481] installing libwayland-cursor-1.18.0-1.fc33
[  637s] [130/481] installing libxkbcommon-1.0.3-1.oe1
[  638s] [131/481] installing patch-2.7.6-12.oe1
[  640s] [132/481] installing qrencode-4.1.1-1
[  643s] [133/481] installing sed-4.8-2.oe1
[  645s] [134/481] installing acl-2.2.53-7.oe1
[  648s] [135/481] installing libcomps-0.1.15-1.oe1
[  650s] [136/481] installing pcre-8.44-1.oe1
[  651s] [137/481] installing glibc-common-2.34-74.oe1
[  663s] [138/481] installing mesa-libgbm-21.3.1-1.oe1
[  665s] [139/481] installing coreutils-8.31-4.oe1
[  673s] [140/481] installing adwaita-icon-theme-3.38.0-1.oe1
[  716s] [141/481] installing crontabs-1.11-21.oe1
[  717s] [142/481] installing hicolor-icon-theme-0.17-4.oe1
[  720s] [143/481] installing libXcomposite-0.4.5-1.oe1
[  722s] [144/481] installing libXext-1.3.4-2.oe1
[  723s] [145/481] installing libXfixes-5.0.3-11.oe1
[  727s] [146/481] installing libXpm-3.5.12-11.oe1
[  729s] [147/481] installing libXrender-0.9.10-10.oe1
[  733s] [148/481] installing perl-Carp-1.50-418.oe1
[  734s] [149/481] installing perl-Perl-OSType-1.010-421.oe1
[  736s] [150/481] installing perl-Term-ANSIColor-4.06-511.oe1
[  738s] [151/481] installing publicsuffix-list-20200718-1.oe1
[  739s] [152/481] installing uname-build-checks-1.0-0.4.oe1
[  741s] [153/481] installing bzip2-1.0.8-3.oe1
[  744s] [154/481] installing gzip-1.10-1.oe1
[  745s] [155/481] installing hostname-3.21-2.oe1
[  747s] [156/481] installing libcap-2.32-2.oe1
[  749s] [157/481] installing libmpc-1.2.0-2.oe1
[  750s] [158/481] installing libseccomp-2.4.3-2.oe1
[  752s] [159/481] installing libxcb-devel-1.14-1.oe1
[  756s] [160/481] installing npth-1.5-7.oe1
[  759s] [161/481] installing popt-1.18-1.oe1
[  762s] [162/481] installing sgml-common-0.6.3-51.oe1
[  764s] [163/481] installing grep-3.6-1.oe1
[  767s] [164/481] installing libXt-1.2.0-0.oe1
[  771s] [165/481] installing libblkid-2.36.1-3.oe1
[  774s] [166/481] installing libidn2-2.3.0-1.oe1
[  776s] [167/481] installing libksba-1.3.5-12.oe1
[  781s] [168/481] installing pcre-devel-8.44-1.oe1
[  785s] [169/481] installing pcre2-devel-10.36-1.oe1
[  789s] [170/481] installing tar-2:1.32-3.oe1
[  792s] [171/481] installing tcl-1:8.6.10-3.oe1
[  797s] [172/481] installing elfutils-0.185-5.oe1
[  802s] /usr/lib/systemd/systemd-sysctl: error while loading shared libraries: libkmod.so.2: cannot open shared object file: No such file or directory
[  803s] [173/481] installing graphite2-1.3.13-2.oe1
[  805s] [174/481] installing info-6.7-2.oe1
[  807s] [175/481] installing jsoncpp-1.9.4-1.oe1
[  809s] [176/481] installing libgpg-error-devel-1.41-1.oe1
[  813s] [177/481] installing lua-5.3.5-6.oe1
[  815s] [178/481] installing slang-2.3.2-8.oe1
[  819s] [179/481] installing gawk-5.1.0-1.oe1
[  822s] [180/481] installing glibc-devel-2.34-74.oe1
[  834s] [181/481] installing libxslt-1.1.32-7.oe1
[  837s] [182/481] installing libicu-devel-62.1-5.oe1
[  843s] [183/481] installing libpng-devel-2:1.6.37-1.oe1
[  845s] [184/481] installing wayland-devel-1.18.0-1.fc33
[  848s] [185/481] installing guile-5:2.0.14-15.oe1
[  862s] [186/481] installing mesa-libEGL-21.3.1-1.oe1
[  865s] [187/481] installing bzip2-devel-1.0.8-3.oe1
[  868s] [188/481] installing graphite2-devel-1.3.13-2.oe1
[  871s] [189/481] installing zip-3.0-29.oe1
[  874s] [190/481] installing libXdamage-1.1.5-1.oe1
[  876s] [191/481] installing libXi-1.7.10-1.oe1
[  880s] [192/481] installing libXinerama-1.1.4-5.oe1
[  882s] [193/481] installing libXxf86vm-1.1.4-13.oe1
[  885s] [194/481] installing libfdisk-2.36.1-3.oe1
[  887s] [195/481] installing libglvnd-egl-1:1.3.4-2.oe1
[  889s] [196/481] installing libglvnd-gles-1:1.3.4-2.oe1
[  891s] [197/481] installing libxcrypt-devel-4.4.8-4.oe1
[  893s] [198/481] installing newt-0.52.21-4.oe1
[  897s] [199/481] installing perl-Text-ParseWords-3.30-419.oe1
[  898s] [200/481] installing crypto-policies-20180925-3.git71ca85f.oe1
[  905s] [201/481] installing libX11-devel-1.6.9-2.oe1
[  909s] [202/481] installing libXcursor-1.2.0-1.oe1
[  912s] [203/481] installing libXmu-1.1.3-1.oe1
[  914s] [204/481] installing libXrandr-1.5.2-1.oe1
[  917s] [205/481] installing libmount-2.36.1-3.oe1
[  920s] [206/481] installing libselinux-devel-3.1-3.oe1
[  923s] [207/481] installing lua-posix-33.3.1-12.oe1
[  926s] [208/481] installing unzip-6.0-47.oe1
[  927s] [209/481] installing cracklib-2.9.7-6.oe1
[  934s] [210/481] installing docbook-dtds-1.0-78.oe1
[  962s] [211/481] installing e2fsprogs-1.45.6-3.oe1
[  969s] [212/481] installing findutils-2:4.7.0-7.oe1
[  973s] [213/481] installing flex-2.6.4-3.oe1
[  976s] [214/481] installing libsemanage-3.1-4.oe1
[  979s] [215/481] installing make-1:4.2.1-15.oe1
[  981s] [216/481] installing sqlite-3.24.0-9.oe1
[  984s] [217/481] installing xz-5.2.5-1.oe1
[  986s] [218/481] installing logrotate-3.15.1-2.oe1
[  989s] [219/481] installing opensp-1.5.2-31.oe1
[  993s] [220/481] installing perl-Scalar-List-Utils-3:1.52-2.oe1
[  997s] [221/481] installing perl-Time-HiRes-1.9760-2.oe1
[  999s] [222/481] installing perl-Unicode-Normalize-1.26-419.oe1
[ 1002s] [223/481] installing freetype-2.10.2-3.oe1
[ 1005s] [224/481] installing libgcrypt-devel-1.8.7-1.oe1
[ 1007s] [225/481] installing cpp-10.3.1-10.oe1
[ 1021s] [226/481] installing gnupg2-2.2.27-2.oe1
[ 1027s] [227/481] installing systemd-libs-243-22.oe1
[ 1031s] [228/481] installing dbus-libs-1:1.12.20-3.oe1
[ 1034s] [229/481] installing libusbx-1.0.23-3.oe1
[ 1036s] [230/481] installing xz-devel-5.2.5-1.oe1
[ 1038s] [231/481] installing p11-kit-0.23.22-1.oe1
[ 1041s] [232/481] installing procps-ng-3.3.16-15.oe1
[ 1045s] [233/481] installing copy-jdk-configs-4.0-1.oe1
[ 1047s] [234/481] installing gpgme-1.15.1-1.oe1
[ 1056s] [235/481] installing libXext-devel-1.3.4-2.oe1
[ 1058s] [236/481] installing libXfixes-devel-5.0.3-11.oe1
[ 1060s] [237/481] installing libXrender-devel-0.9.10-10.oe1
[ 1062s] [238/481] installing libXtst-1.2.3-10.oe1
[ 1065s] [239/481] installing openssl-libs-1:1.1.1f-2.oe1
[ 1068s] [240/481] installing chkconfig-1.14-2.oe1
[ 1071s] [241/481] installing docbook-style-xsl-1.79.2-9.oe1
[ 1087s] [242/481] installing libXaw-1.0.13-13.oe1
[ 1091s] [243/481] installing freetype-devel-2.10.2-3.oe1
[ 1093s] [244/481] installing openjade-1.3.2-60.oe1
[ 1099s] [245/481] installing fontconfig-2.13.92-1.oe1
[ 1106s] [246/481] installing glib2-2.66.8-1.oe1
[ 1115s] [247/481] installing mesa-libGL-21.3.1-1.oe1
[ 1118s] [248/481] installing atk-2.36.0-1.oe1
[ 1121s] [249/481] installing dbus-tools-1:1.12.20-3.oe1
[ 1122s] [250/481] installing ima-evm-utils-libs-1.2.1-8.oe1
[ 1125s] [251/481] installing libevent-2.1.12-4
[ 1127s] [252/481] installing libcroco-0.6.12-13.oe1
[ 1130s] [253/481] installing libgusb-0.3.0-5.oe1
[ 1132s] [254/481] installing fipscheck-1.5.0-7.oe1
[ 1135s] [255/481] installing gamin-0.1.10-38.oe1
[ 1138s] [256/481] installing kmod-libs-27-4.oe1
[ 1140s] [257/481] installing libsecret-0.18.6-5.oe1
[ 1142s] [258/481] installing obs-env-1.0-5.oe1
[ 1152s] [259/481] installing dbus-devel-1:1.12.20-3.oe1
[ 1154s] [260/481] installing gobject-introspection-1.66.1-1.oe1
[ 1157s] [261/481] installing kmod-27-4.oe1
[ 1160s] [262/481] installing libXcomposite-devel-0.4.5-1.oe1
[ 1162s] [263/481] installing libXdamage-devel-1.1.5-1.oe1
[ 1164s] [264/481] installing libXft-2.3.3-1.oe1
[ 1166s] [265/481] installing libXinerama-devel-1.1.4-5.oe1
[ 1169s] [266/481] installing libglvnd-glx-1:1.3.4-2.oe1
[ 1171s] [267/481] installing shared-mime-info-1.10-4.oe1
[ 1192s] [268/481] installing binutils-2.37-6.oe1
[ 1204s] [269/481] installing libXcursor-devel-1.2.0-1.oe1
[ 1206s] [270/481] installing libXi-devel-1.7.10-1.oe1
[ 1208s] [271/481] installing libXrandr-devel-1.5.2-1.oe1
[ 1212s] [272/481] installing babeltrace-1.5.8-1.oe1
[ 1216s] [273/481] installing harfbuzz-2.7.4-1.oe1
[ 1221s] [274/481] installing libxml2-devel-2.9.12-5.oe1
[ 1235s] [275/481] installing p11-kit-trust-0.23.22-1.oe1
[ 1238s] [276/481] installing libarchive-3.5.1-1.oe1
[ 1245s] [277/481] installing nodejs-libs-1:16.10.0-1.oe1
[ 1306s] [278/481] installing cairo-1.16.0-6.fc32
[ 1310s] [279/481] installing avahi-libs-0.8-6.oe1
[ 1326s] [280/481] installing libxkbcommon-devel-1.0.3-1.oe1
[ 1330s] [281/481] installing libverto-0.3.1-2.oe1
[ 1334s] [282/481] installing colord-libs-1.4.3-6.oe1
[ 1336s] [283/481] installing ca-certificates-2020.2.46-2.oe1
[ 1349s] [284/481] installing libXtst-devel-1.2.3-10.oe1
[ 1352s] [285/481] installing gdk-pixbuf2-2.42.6-1.oe1
[ 1357s] [286/481] installing libglvnd-devel-1:1.3.4-2.oe1
[ 1361s] [287/481] installing gettext-0.20.1-2.oe1
[ 1367s] [288/481] installing pango-1.47.0-1.oe1
[ 1373s] [289/481] installing cairo-gobject-1.16.0-6.fc32
[ 1375s] [290/481] installing gcc-10.3.1-10.oe1
[ 1411s] [291/481] installing rpm-libs-4.15.1-25.oe1
[ 1414s] [292/481] installing python-pip-wheel-19.2.3-2.fc32
[ 1416s] [293/481] installing libepoxy-devel-1.5.3-2
[ 1419s] [294/481] installing gdk-pixbuf2-modules-2.42.6-1.oe1
[ 1423s] [295/481] installing fontconfig-devel-2.13.92-1.oe1
[ 1425s] [296/481] installing libmodulemd-2.13.0-1.oe1
[ 1428s] [297/481] installing gcc-c++-10.3.1-10.oe1
[ 1445s] [298/481] installing krb5-libs-1.18.2-3.oe1
[ 1450s] [299/481] installing libtirpc-1.3.1-1.oe1
[ 1456s] [300/481] installing cyrus-sasl-lib-2.1.27-10.oe1
[ 1459s] [301/481] installing libssh-0.9.5-1.oe1
[ 1463s] [302/481] installing libXft-devel-2.3.3-1.oe1
[ 1467s] [303/481] installing elinks-0.12-1.oe1
[ 1471s] [304/481] installing openldap-2.4.46-15.oe1
[ 1474s] [305/481] installing libnsl2-1.3.0-2.oe1
[ 1478s] [306/481] installing python3-3.8.5-13.oe1
[ 1513s] [307/481] installing python3-parameterized-0.6.1-9.fc32
[ 1515s] [308/481] installing python3-pyparsing-2.4.5-1.fc32
[ 1519s] [309/481] installing python3-setuptools-59.4.0-3.oe1
[ 1525s] [310/481] installing python3-setuptools_scm-3.3.3-6.fc32
[ 1529s] [311/481] installing python3-six-1.16.0-2.oe1
[ 1535s] [312/481] installing python3-markupsafe-1.1.1-4.fc32
[ 1540s] [313/481] installing python3-gpgme-1.15.1-1.oe1
[ 1544s] [314/481] installing python3-lxml-4.4.1-3.fc32
[ 1550s] [315/481] installing python3-libcomps-0.1.15-1.oe1
[ 1553s] [316/481] installing libpsl-0.21.1-1.oe1
[ 1557s] [317/481] installing gdb-headless-9.2-5.oe1
[ 1569s] [318/481] installing python3-anytree-2.7.2-2.fc32
[ 1572s] [319/481] installing python3-pygments-2.4.2-6.fc32
[ 1582s] [320/481] installing systemtap-sdt-devel-4.1-3.oe1
[ 1585s] [321/481] installing gdb-9.2-5.oe1
[ 1587s] [322/481] installing meson-0.59.4-1.oe1
[ 1597s] [323/481] installing python3-mako-1.1.0-4.fc32
[ 1600s] [324/481] installing python3-pip-19.2.3-2.fc32
[ 1613s] [325/481] installing libcurl-7.79.1-1.oe1
[ 1616s] [326/481] installing curl-7.79.1-1.oe1
[ 1620s] [327/481] installing librepo-1.14.2-2.oe1
[ 1624s] [328/481] installing rpm-4.15.1-25.oe1
[ 1630s] [329/481] installing efi-srpm-macros-4-3.oe1
[ 1634s] [330/481] installing cmake-rpm-macros-3.22.0-1.oe1
[ 1636s] [331/481] installing libsolv-0.7.20-1.oe1
[ 1639s] [332/481] installing python3-rpm-4.15.1-25.oe1
[ 1641s] [333/481] installing openEuler-rpm-config-30-22.oe1
[ 1644s] [334/481] installing cmake-3.22.0-1.oe1
[ 1667s] [335/481] installing libdnf-0.65.0-2.oe1
[ 1673s] [336/481] installing cmake-data-3.22.0-1.oe1
[ 1695s] [337/481] installing python3-libdnf-0.65.0-2.oe1
[ 1700s] [338/481] installing perl-4:5.28.0-435.oe1
[ 1710s] [339/481] installing perl-B-Debug-1.26-4.oe1
[ 1713s] [340/481] installing perl-Env-1.04-397.oe1
[ 1715s] [341/481] installing perl-Devel-PPPort-3.42-4.oe1
[ 1718s] [342/481] installing perl-Pod-Escapes-1:1.07-419.oe1
[ 1720s] [343/481] installing perl-Text-Tabs+Wrap-2013.0523-419.oe1
[ 1722s] [344/481] installing perl-Algorithm-Diff-1.1903-14.oe1
[ 1724s] [345/481] installing perl-Params-Check-1:0.38-418.oe1
[ 1729s] [346/481] installing perl-Term-Cap-1.17-510.oe1
[ 1732s] [347/481] installing perl-TermReadKey-2.38-2.oe1
[ 1734s] [348/481] installing perl-Text-Balanced-2.03-420.oe1
[ 1737s] [349/481] installing perl-threads-1:2.22-419.oe1
[ 1740s] [350/481] installing docbook5-style-xsl-1.79.2-8.oe1
[ 1782s] [351/481] installing openssl-1:1.1.1f-2.oe1
[ 1788s] [352/481] installing perl-Config-Perl-V-0.30-5.oe1
[ 1791s] [353/481] installing perl-Error-1:0.17029-1.oe1
[ 1794s] [354/481] installing perl-Filter-2:1.59-2.oe1
[ 1797s] [355/481] installing perl-IPC-SysV-2.07-5.oe1
[ 1800s] [356/481] installing perl-Locale-Maketext-1:1.28-1.oe1
[ 1803s] [357/481] installing perl-SGMLSpm-1.03ii-45.oe1
[ 1805s] [358/481] installing perl-constant-1.33-421.oe1
[ 1808s] [359/481] installing docbook-style-dsssl-1.79-27.oe1
[ 1819s] [360/481] installing perl-MIME-Base64-3.15-418.oe1
[ 1822s] [361/481] installing perl-CPAN-Meta-YAML-0.018-420.oe1
[ 1826s] [362/481] installing perl-Socket-4:2.029-2.oe1
[ 1828s] [363/481] installing perl-Storable-1:3.15-2.oe1
[ 1831s] [364/481] installing python3-hawkey-0.65.0-2.oe1
[ 1835s] [365/481] installing perl-PerlIO-via-QuotedPrint-0.08-397.oe1
[ 1838s] [366/481] installing perl-Digest-1.17-419.oe1
[ 1840s] [367/481] installing perl-Filter-Simple-1:0.94-1.oe1
[ 1843s] [368/481] installing perl-IO-Socket-IP-0.39-420.oe1
[ 1845s] [369/481] installing perl-Text-Diff-1.45-7.oe1
[ 1847s] [370/481] installing perl-Time-Local-2:1.280-6.oe1
[ 1850s] [371/481] installing perl-version-8:0.99.24-3.oe1
[ 1854s] [372/481] installing perl-IPC-System-Simple-1.25-19.oe1
[ 1856s] [373/481] installing perl-threads-shared-1.59-2.oe1
[ 1858s] [374/481] installing perl-Compress-Raw-Bzip2-2.100-1.oe1
[ 1862s] [375/481] installing perl-Compress-Raw-Zlib-1:2.100-1.oe1
[ 1865s] [376/481] installing perl-Locale-Codes-3.58-2.oe1
[ 1869s] [377/481] installing perl-Math-BigInt-1:1.9998.13-5.oe1
[ 1873s] [378/481] installing perl-PathTools-3.75-4.oe1
[ 1875s] [379/481] installing python3-dnf-4.10.0-1.oe1
[ 1881s] [380/481] installing perl-Data-Dumper-2.172-3.oe1
[ 1884s] [381/481] installing perl-Sys-Syslog-0.35-420.oe1
[ 1887s] [382/481] installing perl-Encode-4:2.98-9.oe1
[ 1896s] [383/481] installing autogen-5.18.16-1.oe1
[ 1899s] [384/481] installing nodejs-1:16.10.0-1.oe1
[ 1903s] [385/481] installing systemd-243-22.oe1
[ 1926s] /var/tmp/rpm-tmp.Pv1MlX: line 8: groupadd: command not found
[ 1926s] /var/tmp/rpm-tmp.Pv1MlX: line 10: groupadd: command not found
[ 1926s] /var/tmp/rpm-tmp.Pv1MlX: line 13: groupadd: command not found
[ 1926s] /var/tmp/rpm-tmp.Pv1MlX: line 16: groupadd: command not found
[ 1926s] [386/481] installing dbus-common-1:1.12.20-3.oe1
[ 1928s] [387/481] installing nodejs-source-map-0.5.6-1.oe1
[ 1931s] [388/481] installing perl-Module-Load-1:0.32-418.oe1
[ 1935s] [389/481] installing nodejs-packaging-20-1.oe1
[ 1937s] [390/481] installing dnf-4.10.0-1.oe1
[ 1941s] Failed to preset unit, unit dnf-automatic.timer does not exist.
[ 1941s] Failed to preset unit, unit dnf-automatic-notifyonly.timer does not exist.
[ 1941s] Failed to preset unit, unit dnf-automatic-download.timer does not exist.
[ 1941s] Failed to preset unit, unit dnf-automatic-install.timer does not exist.
[ 1941s] [391/481] installing perl-File-Which-1.23-1.oe1
[ 1944s] [392/481] installing perl-Thread-Queue-3.13-3.oe1
[ 1947s] [393/481] installing perl-experimental-0.020-2.oe1
[ 1950s] [394/481] installing perl-Digest-MD5-2.55-419.oe1
[ 1953s] [395/481] installing perl-File-Path-2.16-4.oe1
[ 1955s] [396/481] installing perl-Math-BigInt-FastCalc-0.500.700-4.oe1
[ 1963s] [397/481] installing perl-Module-Metadata-1.000036-3.oe1
[ 1966s] [398/481] installing perl-CPAN-Meta-Requirements-2.140-419.oe1
[ 1968s] [399/481] installing perl-Encode-devel-4:2.98-9.oe1
[ 1971s] [400/481] installing perl-HTTP-Tiny-0.076-3.oe1
[ 1974s] [401/481] installing perl-Math-BigRat-0.2614-2.oe1
[ 1980s] [402/481] installing audit-1:3.0-2.oe1
[ 1985s] [403/481] installing perl-DB_File-1.842-2.oe1
[ 1989s] [404/481] installing perl-autodie-2.29-398.oe1
[ 1991s] [405/481] installing perl-Unicode-Collate-1.25-4.oe1
[ 1997s] [406/481] installing perl-IO-Compress-2.081-6.oe1
[ 2000s] [407/481] installing perl-podlators-1:4.14-1.oe1
[ 2004s] [408/481] installing perl-ExtUtils-Command-1:7.60-1.oe1
[ 2005s] [409/481] installing perl-ExtUtils-Manifest-1:1.71-4.oe1
[ 2008s] [410/481] installing perl-bignum-0.50-4.oe1
[ 2010s] [411/481] installing perl-File-Temp-1:0.230.800-4.oe1
[ 2013s] [412/481] installing perl-libnet-3.11-420.oe1
[ 2016s] [413/481] installing pam-1.5.1-1.oe1
[ 2023s] [414/481] installing libpwquality-1.4.4-1.oe1
[ 2028s] [415/481] installing perl-File-HomeDir-1.004-4.oe1
[ 2030s] [416/481] installing shadow-2:4.8.1-5.oe1
[ 2034s] [417/481] installing perl-Test-Simple-2:1.302175-2.oe1
[ 2039s] [418/481] installing libutempter-1.1.6-16.oe1
[ 2046s] [419/481] installing unbound-libs-1.10.1-4.oe1
[ 2053s] [420/481] installing dbus-daemon-1:1.12.20-3.oe1
[ 2059s] [421/481] installing openssh-server-8.2p1-10.oe1
[ 2065s] Created symlink /etc/systemd/system/multi-user.target.wants/sshd.service -> /usr/lib/systemd/system/sshd.service.
[ 2065s] [422/481] installing groff-1.22.4-4.oe1
[ 2075s] [423/481] installing dbus-1:1.12.20-3.oe1
[ 2078s] [424/481] installing man-db-2.9.3-2.oe1
[ 2087s] [425/481] installing perl-Pod-Perldoc-1:3.28-3.oe1
[ 2089s] [426/481] installing gnutls-3.6.15-3.oe1
[ 2095s] [427/481] installing util-linux-2.36.1-3.oe1
[ 2106s] [428/481] installing nss-help-3.72.0-2.oe1
[ 2109s] [429/481] installing util-linux-devel-2.36.1-3.oe1
[ 2112s] [430/481] installing at-spi2-core-2.39.1-1.oe1
[ 2118s] [431/481] installing cups-libs-1:2.3.3-6.oe1
[ 2121s] [432/481] installing perl-Pod-Usage-4:1.69-418.oe1
[ 2123s] [433/481] installing xmlto-0.0.28-15.oe1
[ 2126s] [434/481] installing device-mapper-8:1.02.172-1.oe1
[ 2132s] [435/481] installing openssh-8.2p1-10.oe1
[ 2135s] [436/481] installing at-spi2-atk-2.38.0-1.oe1
[ 2138s] [437/481] installing perl-Getopt-Long-1:2.52-1.oe1
[ 2142s] [438/481] installing cryptsetup-2.3.3-3.oe1
[ 2148s] [439/481] installing device-mapper-event-8:1.02.172-1.oe1
[ 2153s] Created symlink /etc/systemd/system/sockets.target.wants/dm-event.socket -> /usr/lib/systemd/system/dm-event.socket.
[ 2153s] [440/481] installing nss-3.72.0-2.oe1
[ 2165s] [441/481] installing glib2-devel-2.66.8-1.oe1
[ 2196s] [442/481] installing openssh-clients-8.2p1-10.oe1
[ 2200s] [443/481] installing atk-devel-2.36.0-1.oe1
[ 2204s] [444/481] installing nss-util-3.72.0-2.oe1
[ 2209s] [445/481] installing perl-ExtUtils-ParseXS-2:3.35-1.oe1
[ 2212s] [446/481] installing perl-Module-CoreList-1:5.20180920-2.oe1
[ 2214s] [447/481] installing at-spi2-core-devel-2.39.1-1.oe1
[ 2217s] [448/481] installing perl-Digest-SHA-1:6.02-7.oe1
[ 2220s] [449/481] installing perl-Pod-Parser-1.63-397.oe1
[ 2223s] [450/481] installing gdk-pixbuf2-devel-2.42.6-1.oe1
[ 2226s] [451/481] installing perl-Pod-Simple-1:3.35-418.oe1
[ 2239s] [452/481] installing perl-Test-Harness-1:3.43_02-1.oe1
[ 2241s] [453/481] installing cairo-devel-1.16.0-6.fc32
[ 2246s] [454/481] installing docbook-utils-0.6.14-47.oe1
[ 2251s] [455/481] installing harfbuzz-devel-2.7.4-1.oe1
[ 2253s] [456/481] installing perl-Archive-Tar-2.30-421.oe1
[ 2255s] [457/481] installing perl-JSON-PP-1:4.04-2.oe1
[ 2259s] [458/481] installing lvm2-8:2.03.11-1.oe1
[ 2268s] Created symlink /etc/systemd/system/sysinit.target.wants/lvm2-lvmpolld.socket -> /usr/lib/systemd/system/lvm2-lvmpolld.socket.
[ 2268s] [459/481] installing autoconf-2.69-30.oe1
[ 2272s] [460/481] installing git-2.23.0-12.oe1
[ 2291s] [461/481] installing gtk3-3.24.30-2.oe1
[ 2305s] [462/481] installing cairo-gobject-devel-1.16.0-6.fc32
[ 2309s] [463/481] installing nss-softokn-3.72.0-2.oe1
[ 2313s] [464/481] installing at-spi2-atk-devel-2.38.0-1.oe1
[ 2315s] [465/481] installing perl-Pod-Checker-4:1.73-398.oe1
[ 2318s] [466/481] installing perl-Git-2.23.0-12.oe1
[ 2320s] [467/481] installing gtk-doc-1.33.2-1.oe1
[ 2326s] [468/481] installing perl-CPAN-Meta-2.150010-419.oe1
[ 2329s] [469/481] installing perl-Module-Load-Conditional-0.68-418.oe1
[ 2331s] [470/481] installing automake-1.16.1-6.oe1
[ 2335s] [471/481] installing pango-devel-1.47.0-1.oe1
[ 2339s] [472/481] installing perl-ExtUtils-MakeMaker-1:7.60-1.oe1
[ 2346s] [473/481] installing libtool-2.4.6-34.oe1
[ 2356s] [474/481] installing perl-ExtUtils-Install-2.14-419.oe1
[ 2360s] [475/481] installing perl-IPC-Cmd-2:1.04-4.oe1
[ 2365s] [476/481] installing rpm-build-4.15.1-25.oe1
[ 2370s] [477/481] installing gtk3-devel-3.24.30-2.oe1
[ 2423s] [478/481] installing gcc_secure-1.0-0.9.oe1
[ 2427s] [479/481] installing gobject-introspection-devel-1.66.1-1.oe1
[ 2436s] [480/481] installing perl-File-Fetch-0.56-4.oe1
[ 2438s] [481/481] installing perl-devel-4:5.28.0-435.oe1
[ 2456s] removing nis flags from /var/cache/obs/worker/root_3/etc/nsswitch.conf...
[ 2457s] now finalizing build dir...
[ 2477s] Running build time source services...
[ 2503s] -----------------------------------------------------------------
[ 2503s] I have the following modifications for libnotify.spec:
[ 2504s] 11c11
[ 2504s] < BuildRequires:  /usr/bin/xsltproc
[ 2504s] ---
[ 2504s] > BuildRequires:  libxslt
[ 2504s] -----------------------------------------------------------------
[ 2504s] ----- building libnotify.spec (user abuild)
[ 2504s] -----------------------------------------------------------------
[ 2504s] -----------------------------------------------------------------
[ 2517s] + exec rpmbuild -ba --define '_srcdefattr (-,root,root)' --nosignature --define 'disturl obs://private/openEuler:Mainline:RISC-V/advanced_riscv64/ab383c78fa785100f09ca863a8b8de97-libnotify' /home/abuild/rpmbuild/SOURCES/libnotify.spec
[ 2518s] Executing(%prep): /bin/sh -e /var/tmp/rpm-tmp.Y5ohWi
[ 2519s] + umask 022
[ 2519s] + cd /home/abuild/rpmbuild/BUILD
[ 2519s] + cd /home/abuild/rpmbuild/BUILD
[ 2519s] + rm -rf libnotify-0.7.9
[ 2519s] + /usr/bin/xz -dc /home/abuild/rpmbuild/SOURCES/libnotify-0.7.9.tar.xz
[ 2519s] + /usr/bin/tar -xof -
[ 2519s] + STATUS=0
[ 2519s] + '[' 0 -ne 0 ']'
[ 2519s] + cd libnotify-0.7.9
[ 2519s] + /usr/bin/chmod -Rf a+rX,u+w,g-w,o-w .
[ 2519s] + RPM_EC=0
[ 2520s] ++ jobs -p
[ 2520s] + exit 0
[ 2520s] Executing(%build): /bin/sh -e /var/tmp/rpm-tmp.XLud7A
[ 2520s] + umask 022
[ 2520s] + cd /home/abuild/rpmbuild/BUILD
[ 2520s] + cd libnotify-0.7.9
[ 2520s] + CFLAGS='-O2 -g -pipe -Wall -Werror=format-security -Wp,-D_FORTIFY_SOURCE=2 -Wp,-D_GLIBCXX_ASSERTIONS -fstack-protector-strong -grecord-gcc-switches -specs=/usr/lib/rpm/generic-hardened-cc1 -fasynchronous-unwind-tables -fstack-clash-protection'
[ 2520s] + export CFLAGS
[ 2520s] + CXXFLAGS='-O2 -g -pipe -Wall -Werror=format-security -Wp,-D_FORTIFY_SOURCE=2 -Wp,-D_GLIBCXX_ASSERTIONS -fstack-protector-strong -grecord-gcc-switches -specs=/usr/lib/rpm/generic-hardened-cc1 -fasynchronous-unwind-tables -fstack-clash-protection -fexceptions'
[ 2520s] + export CXXFLAGS
[ 2520s] + FFLAGS='-O2 -g -pipe -Wall -Werror=format-security -Wp,-D_FORTIFY_SOURCE=2 -Wp,-D_GLIBCXX_ASSERTIONS -fstack-protector-strong -grecord-gcc-switches -specs=/usr/lib/rpm/generic-hardened-cc1 -fasynchronous-unwind-tables -fstack-clash-protection -fexceptions -I/usr/lib64/gfortran/modules'
[ 2520s] + export FFLAGS
[ 2520s] + FCFLAGS='-O2 -g -pipe -Wall -Werror=format-security -Wp,-D_FORTIFY_SOURCE=2 -Wp,-D_GLIBCXX_ASSERTIONS -fstack-protector-strong -grecord-gcc-switches -specs=/usr/lib/rpm/generic-hardened-cc1 -fasynchronous-unwind-tables -fstack-clash-protection -fexceptions -I/usr/lib64/gfortran/modules'
[ 2520s] + export FCFLAGS
[ 2520s] + LDFLAGS='-Wl,-z,relro   -Wl,-z,now -specs=/usr/lib/rpm/generic-hardened-ld'
[ 2520s] + export LDFLAGS
[ 2520s] + /usr/bin/meson --buildtype=plain --prefix=/usr --libdir=/usr/lib64 --libexecdir=/usr/libexec --bindir=/usr/bin --sbindir=/usr/sbin --includedir=/usr/include --datadir=/usr/share --mandir=/usr/share/man --infodir=/usr/share/info --localedir=/usr/share/locale --sysconfdir=/etc --localstatedir=/var --sharedstatedir=/var/lib --wrap-mode=nodownload --auto-features=enabled . riscv64-openEuler-linux-gnu
[ 2598s] The Meson build system
[ 2598s] Version: 0.59.4
[ 2598s] Source dir: /home/abuild/rpmbuild/BUILD/libnotify-0.7.9
[ 2598s] Build dir: /home/abuild/rpmbuild/BUILD/libnotify-0.7.9/riscv64-openEuler-linux-gnu
[ 2598s] Build type: native build
[ 2598s] Project name: libnotify
[ 2598s] Project version: 0.7.9
[ 2598s] C compiler for the host machine: cc (gcc 10.3.1 "gcc_old (GCC) 10.3.1")
[ 2598s] C linker for the host machine: cc ld.bfd 2.37
[ 2598s] Host machine cpu family: riscv64
[ 2598s] Host machine cpu: riscv64
[ 2598s] Found pkg-config: /usr/bin/pkg-config (1.7.3)
[ 2598s] Run-time dependency gdk-pixbuf-2.0 found: YES 2.42.6
[ 2598s] Run-time dependency glib-2.0 found: YES 2.66.8
[ 2598s] Run-time dependency gio-2.0 found: YES 2.66.8
[ 2598s] Run-time dependency gtk+-3.0 found: YES 3.24.30
[ 2598s] Configuring config.h using configuration
[ 2598s] Program xsltproc found: YES (/usr/bin/xsltproc)
[ 2598s] Configuring notify-features.h using configuration
[ 2598s] Program glib-mkenums found: YES (/usr/bin/glib-mkenums)
[ 2598s] Program glib-mkenums found: YES (/usr/bin/glib-mkenums)
[ 2598s] Found pkg-config: /usr/bin/pkg-config (1.7.3)
[ 2598s] Program glib-genmarshal found: YES (/usr/bin/glib-genmarshal)
[ 2598s] Compiler for C supports link arguments -Wl,--version-script,/home/abuild/rpmbuild/BUILD/libnotify-0.7.9/libnotify/libnotify.map: YES 
[ 2598s] Program g-ir-scanner found: YES (/usr/bin/g-ir-scanner)
[ 2598s] Run-time dependency gobject-introspection-1.0 found: YES 1.66.1
[ 2598s] Dependency gobject-introspection-1.0 found: YES 1.66.1 (cached)
[ 2598s] Program g-ir-scanner found: YES (/usr/bin/g-ir-scanner)
[ 2598s] Dependency gobject-introspection-1.0 found: YES 1.66.1 (cached)
[ 2598s] Program g-ir-compiler found: YES (/usr/bin/g-ir-compiler)
[ 2598s] Program xmlto found: YES (/usr/bin/xmlto)
[ 2598s] Program gtkdoc-scan found: YES (/usr/bin/gtkdoc-scan)
[ 2598s] Program gtkdoc-scangobj found: YES (/usr/bin/gtkdoc-scangobj)
[ 2598s] Program gtkdoc-mkdb found: YES (/usr/bin/gtkdoc-mkdb)
[ 2598s] Program gtkdoc-mkhtml found: YES (/usr/bin/gtkdoc-mkhtml)
[ 2598s] Program gtkdoc-fixxref found: YES (/usr/bin/gtkdoc-fixxref)
[ 2598s] Build targets in project: 32
[ 2598s] 
[ 2598s] Found ninja-1.8.2 at /usr/bin/ninja
[ 2600s] + /usr/bin/meson compile -C riscv64-openEuler-linux-gnu -j 8 --verbose
[ 2611s] ninja: Entering directory `riscv64-openEuler-linux-gnu'
[ 2615s] [1/56] /usr/bin/glib-genmarshal --prefix notify_marshal --output libnotify/notify-marshal.c --body ../libnotify/notify-marshal.list --include-header notify-marshal.h
[ 2615s] INFO: Reading ../libnotify/notify-marshal.list...
[ 2617s] [2/56] /usr/bin/glib-genmarshal --prefix notify_marshal --output libnotify/notify-marshal.h --pragma-once --header ../libnotify/notify-marshal.list
[ 2617s] INFO: Reading ../libnotify/notify-marshal.list...
[ 2625s] [3/56] /usr/bin/xsltproc --nonet --stringparam man.output.quietly 1 --stringparam funcsynopsis.style ansi --stringparam man.th.extra1.suppress 1 -o docs/notify-send.1 http://docbook.sourceforge.net/release/xsl-ns/current/manpages/docbook.xsl ../docs/notify-send.xml
[ 2641s] [4/56] /usr/bin/xmlto xhtml-nochunks -m /home/abuild/rpmbuild/BUILD/libnotify-0.7.9/docs/config.xsl -o docs ../docs/notification-spec.xml
[ 2642s] [5/56] /usr/bin/meson --internal exe --unpickle /home/abuild/rpmbuild/BUILD/libnotify-0.7.9/riscv64-openEuler-linux-gnu/meson-private/meson_exe_glib-mkenums_2e95f2220290cff80fd735dfda880a37b39686d1.dat
[ 2643s] [6/56] /usr/bin/meson --internal exe --unpickle /home/abuild/rpmbuild/BUILD/libnotify-0.7.9/riscv64-openEuler-linux-gnu/meson-private/meson_exe_glib-mkenums_20904da6924bcd85896830177bdf77784ecdf108.dat
[ 2665s] [7/56] cc -Ilibnotify/libnotify.so.4.0.0.p -Ilibnotify -I../libnotify -I. -I.. -I/usr/include/gdk-pixbuf-2.0 -I/usr/include/glib-2.0 -I/usr/lib64/glib-2.0/include -I/usr/include/libpng16 -I/usr/include/libmount -I/usr/include/blkid -fdiagnostics-color=always -D_FILE_OFFSET_BITS=64 -Wall -Winvalid-pch -O2 -g -pipe -Wall -Werror=format-security -Wp,-D_FORTIFY_SOURCE=2 -Wp,-D_GLIBCXX_ASSERTIONS -fstack-protector-strong -grecord-gcc-switches -specs=/usr/lib/rpm/generic-hardened-cc1 -fasynchronous-unwind-tables -fstack-clash-protection -fPIC -pthread '-DG_LOG_DOMAIN="libnotify"' -MD -MQ libnotify/libnotify.so.4.0.0.p/meson-generated_.._notify-marshal.c.o -MF libnotify/libnotify.so.4.0.0.p/meson-generated_.._notify-marshal.c.o.d -o libnotify/libnotify.so.4.0.0.p/meson-generated_.._notify-marshal.c.o -c libnotify/notify-marshal.c
[ 2668s] [8/56] cc -Ilibnotify/libnotify.so.4.0.0.p -Ilibnotify -I../libnotify -I. -I.. -I/usr/include/gdk-pixbuf-2.0 -I/usr/include/glib-2.0 -I/usr/lib64/glib-2.0/include -I/usr/include/libpng16 -I/usr/include/libmount -I/usr/include/blkid -fdiagnostics-color=always -D_FILE_OFFSET_BITS=64 -Wall -Winvalid-pch -O2 -g -pipe -Wall -Werror=format-security -Wp,-D_FORTIFY_SOURCE=2 -Wp,-D_GLIBCXX_ASSERTIONS -fstack-protector-strong -grecord-gcc-switches -specs=/usr/lib/rpm/generic-hardened-cc1 -fasynchronous-unwind-tables -fstack-clash-protection -fPIC -pthread '-DG_LOG_DOMAIN="libnotify"' -MD -MQ libnotify/libnotify.so.4.0.0.p/meson-generated_.._notify-enum-types.c.o -MF libnotify/libnotify.so.4.0.0.p/meson-generated_.._notify-enum-types.c.o.d -o libnotify/libnotify.so.4.0.0.p/meson-generated_.._notify-enum-types.c.o -c libnotify/notify-enum-types.c
[ 2672s] [9/56] cc -Itests/test-server-info.p -Itests -I../tests -I. -I.. -Ilibnotify -I/usr/include/gdk-pixbuf-2.0 -I/usr/include/glib-2.0 -I/usr/lib64/glib-2.0/include -I/usr/include/libpng16 -I/usr/include/libmount -I/usr/include/blkid -I/usr/include/gtk-3.0 -I/usr/include/pango-1.0 -I/usr/include/harfbuzz -I/usr/include/freetype2 -I/usr/include/fribidi -I/usr/include/libxml2 -I/usr/include/cairo -I/usr/include/pixman-1 -I/usr/include/gio-unix-2.0 -I/usr/include/atk-1.0 -I/usr/include/at-spi2-atk/2.0 -I/usr/include/dbus-1.0 -I/usr/lib64/dbus-1.0/include -I/usr/include/at-spi-2.0 -fdiagnostics-color=always -D_FILE_OFFSET_BITS=64 -Wall -Winvalid-pch -O2 -g -pipe -Wall -Werror=format-security -Wp,-D_FORTIFY_SOURCE=2 -Wp,-D_GLIBCXX_ASSERTIONS -fstack-protector-strong -grecord-gcc-switches -specs=/usr/lib/rpm/generic-hardened-cc1 -fasynchronous-unwind-tables -fstack-clash-protection -pthread '-DG_LOG_DOMAIN="libnotify"' -MD -MQ tests/test-server-info.p/test-server-info.c.o -MF tests/test-server-info.p/test-server-info.c.o.d -o tests/test-server-info.p/test-server-info.c.o -c ../tests/test-server-info.c
[ 2673s] [10/56] cc -Itests/test-replace.p -Itests -I../tests -I. -I.. -Ilibnotify -I/usr/include/gdk-pixbuf-2.0 -I/usr/include/glib-2.0 -I/usr/lib64/glib-2.0/include -I/usr/include/libpng16 -I/usr/include/libmount -I/usr/include/blkid -I/usr/include/gtk-3.0 -I/usr/include/pango-1.0 -I/usr/include/harfbuzz -I/usr/include/freetype2 -I/usr/include/fribidi -I/usr/include/libxml2 -I/usr/include/cairo -I/usr/include/pixman-1 -I/usr/include/gio-unix-2.0 -I/usr/include/atk-1.0 -I/usr/include/at-spi2-atk/2.0 -I/usr/include/dbus-1.0 -I/usr/lib64/dbus-1.0/include -I/usr/include/at-spi-2.0 -fdiagnostics-color=always -D_FILE_OFFSET_BITS=64 -Wall -Winvalid-pch -O2 -g -pipe -Wall -Werror=format-security -Wp,-D_FORTIFY_SOURCE=2 -Wp,-D_GLIBCXX_ASSERTIONS -fstack-protector-strong -grecord-gcc-switches -specs=/usr/lib/rpm/generic-hardened-cc1 -fasynchronous-unwind-tables -fstack-clash-protection -pthread '-DG_LOG_DOMAIN="libnotify"' -MD -MQ tests/test-replace.p/test-replace.c.o -MF tests/test-replace.p/test-replace.c.o.d -o tests/test-replace.p/test-replace.c.o -c ../tests/test-replace.c
[ 2675s] [11/56] cc -Itools/notify-send.p -Itools -I../tools -I. -I.. -Ilibnotify -I/usr/include/gdk-pixbuf-2.0 -I/usr/include/glib-2.0 -I/usr/lib64/glib-2.0/include -I/usr/include/libpng16 -I/usr/include/libmount -I/usr/include/blkid -fdiagnostics-color=always -D_FILE_OFFSET_BITS=64 -Wall -Winvalid-pch -O2 -g -pipe -Wall -Werror=format-security -Wp,-D_FORTIFY_SOURCE=2 -Wp,-D_GLIBCXX_ASSERTIONS -fstack-protector-strong -grecord-gcc-switches -specs=/usr/lib/rpm/generic-hardened-cc1 -fasynchronous-unwind-tables -fstack-clash-protection -pthread '-DG_LOG_DOMAIN="libnotify"' -MD -MQ tools/notify-send.p/notify-send.c.o -MF tools/notify-send.p/notify-send.c.o.d -o tools/notify-send.p/notify-send.c.o -c ../tools/notify-send.c
[ 2678s] [12/56] cc -Ilibnotify/libnotify.so.4.0.0.p -Ilibnotify -I../libnotify -I. -I.. -I/usr/include/gdk-pixbuf-2.0 -I/usr/include/glib-2.0 -I/usr/lib64/glib-2.0/include -I/usr/include/libpng16 -I/usr/include/libmount -I/usr/include/blkid -fdiagnostics-color=always -D_FILE_OFFSET_BITS=64 -Wall -Winvalid-pch -O2 -g -pipe -Wall -Werror=format-security -Wp,-D_FORTIFY_SOURCE=2 -Wp,-D_GLIBCXX_ASSERTIONS -fstack-protector-strong -grecord-gcc-switches -specs=/usr/lib/rpm/generic-hardened-cc1 -fasynchronous-unwind-tables -fstack-clash-protection -fPIC -pthread '-DG_LOG_DOMAIN="libnotify"' -MD -MQ libnotify/libnotify.so.4.0.0.p/notify.c.o -MF libnotify/libnotify.so.4.0.0.p/notify.c.o.d -o libnotify/libnotify.so.4.0.0.p/notify.c.o -c ../libnotify/notify.c
[ 2691s] [13/56] cc -Itests/test-default-action.p -Itests -I../tests -I. -I.. -Ilibnotify -I/usr/include/gdk-pixbuf-2.0 -I/usr/include/glib-2.0 -I/usr/lib64/glib-2.0/include -I/usr/include/libpng16 -I/usr/include/libmount -I/usr/include/blkid -I/usr/include/gtk-3.0 -I/usr/include/pango-1.0 -I/usr/include/harfbuzz -I/usr/include/freetype2 -I/usr/include/fribidi -I/usr/include/libxml2 -I/usr/include/cairo -I/usr/include/pixman-1 -I/usr/include/gio-unix-2.0 -I/usr/include/atk-1.0 -I/usr/include/at-spi2-atk/2.0 -I/usr/include/dbus-1.0 -I/usr/lib64/dbus-1.0/include -I/usr/include/at-spi-2.0 -fdiagnostics-color=always -D_FILE_OFFSET_BITS=64 -Wall -Winvalid-pch -O2 -g -pipe -Wall -Werror=format-security -Wp,-D_FORTIFY_SOURCE=2 -Wp,-D_GLIBCXX_ASSERTIONS -fstack-protector-strong -grecord-gcc-switches -specs=/usr/lib/rpm/generic-hardened-cc1 -fasynchronous-unwind-tables -fstack-clash-protection -pthread '-DG_LOG_DOMAIN="libnotify"' -MD -MQ tests/test-default-action.p/test-default-action.c.o -MF tests/test-default-action.p/test-default-action.c.o.d -o tests/test-default-action.p/test-default-action.c.o -c ../tests/test-default-action.c
[ 2691s] [14/56] cc -Ilibnotify/libnotify.so.4.0.0.p -Ilibnotify -I../libnotify -I. -I.. -I/usr/include/gdk-pixbuf-2.0 -I/usr/include/glib-2.0 -I/usr/lib64/glib-2.0/include -I/usr/include/libpng16 -I/usr/include/libmount -I/usr/include/blkid -fdiagnostics-color=always -D_FILE_OFFSET_BITS=64 -Wall -Winvalid-pch -O2 -g -pipe -Wall -Werror=format-security -Wp,-D_FORTIFY_SOURCE=2 -Wp,-D_GLIBCXX_ASSERTIONS -fstack-protector-strong -grecord-gcc-switches -specs=/usr/lib/rpm/generic-hardened-cc1 -fasynchronous-unwind-tables -fstack-clash-protection -fPIC -pthread '-DG_LOG_DOMAIN="libnotify"' -MD -MQ libnotify/libnotify.so.4.0.0.p/notification.c.o -MF libnotify/libnotify.so.4.0.0.p/notification.c.o.d -o libnotify/libnotify.so.4.0.0.p/notification.c.o -c ../libnotify/notification.c
[ 2695s] [15/56] cc -Itests/test-markup.p -Itests -I../tests -I. -I.. -Ilibnotify -I/usr/include/gdk-pixbuf-2.0 -I/usr/include/glib-2.0 -I/usr/lib64/glib-2.0/include -I/usr/include/libpng16 -I/usr/include/libmount -I/usr/include/blkid -I/usr/include/gtk-3.0 -I/usr/include/pango-1.0 -I/usr/include/harfbuzz -I/usr/include/freetype2 -I/usr/include/fribidi -I/usr/include/libxml2 -I/usr/include/cairo -I/usr/include/pixman-1 -I/usr/include/gio-unix-2.0 -I/usr/include/atk-1.0 -I/usr/include/at-spi2-atk/2.0 -I/usr/include/dbus-1.0 -I/usr/lib64/dbus-1.0/include -I/usr/include/at-spi-2.0 -fdiagnostics-color=always -D_FILE_OFFSET_BITS=64 -Wall -Winvalid-pch -O2 -g -pipe -Wall -Werror=format-security -Wp,-D_FORTIFY_SOURCE=2 -Wp,-D_GLIBCXX_ASSERTIONS -fstack-protector-strong -grecord-gcc-switches -specs=/usr/lib/rpm/generic-hardened-cc1 -fasynchronous-unwind-tables -fstack-clash-protection -pthread '-DG_LOG_DOMAIN="libnotify"' -MD -MQ tests/test-markup.p/test-markup.c.o -MF tests/test-markup.p/test-markup.c.o.d -o tests/test-markup.p/test-markup.c.o -c ../tests/test-markup.c
[ 2696s] [16/56] cc -Itests/test-replace-widget.p -Itests -I../tests -I. -I.. -Ilibnotify -I/usr/include/gdk-pixbuf-2.0 -I/usr/include/glib-2.0 -I/usr/lib64/glib-2.0/include -I/usr/include/libpng16 -I/usr/include/libmount -I/usr/include/blkid -I/usr/include/gtk-3.0 -I/usr/include/pango-1.0 -I/usr/include/harfbuzz -I/usr/include/freetype2 -I/usr/include/fribidi -I/usr/include/libxml2 -I/usr/include/cairo -I/usr/include/pixman-1 -I/usr/include/gio-unix-2.0 -I/usr/include/atk-1.0 -I/usr/include/at-spi2-atk/2.0 -I/usr/include/dbus-1.0 -I/usr/lib64/dbus-1.0/include -I/usr/include/at-spi-2.0 -fdiagnostics-color=always -D_FILE_OFFSET_BITS=64 -Wall -Winvalid-pch -O2 -g -pipe -Wall -Werror=format-security -Wp,-D_FORTIFY_SOURCE=2 -Wp,-D_GLIBCXX_ASSERTIONS -fstack-protector-strong -grecord-gcc-switches -specs=/usr/lib/rpm/generic-hardened-cc1 -fasynchronous-unwind-tables -fstack-clash-protection -pthread '-DG_LOG_DOMAIN="libnotify"' -MD -MQ tests/test-replace-widget.p/test-replace-widget.c.o -MF tests/test-replace-widget.p/test-replace-widget.c.o.d -o tests/test-replace-widget.p/test-replace-widget.c.o -c ../tests/test-replace-widget.c
[ 2696s] [17/56] cc -Itests/test-multi-actions.p -Itests -I../tests -I. -I.. -Ilibnotify -I/usr/include/gdk-pixbuf-2.0 -I/usr/include/glib-2.0 -I/usr/lib64/glib-2.0/include -I/usr/include/libpng16 -I/usr/include/libmount -I/usr/include/blkid -I/usr/include/gtk-3.0 -I/usr/include/pango-1.0 -I/usr/include/harfbuzz -I/usr/include/freetype2 -I/usr/include/fribidi -I/usr/include/libxml2 -I/usr/include/cairo -I/usr/include/pixman-1 -I/usr/include/gio-unix-2.0 -I/usr/include/atk-1.0 -I/usr/include/at-spi2-atk/2.0 -I/usr/include/dbus-1.0 -I/usr/lib64/dbus-1.0/include -I/usr/include/at-spi-2.0 -fdiagnostics-color=always -D_FILE_OFFSET_BITS=64 -Wall -Winvalid-pch -O2 -g -pipe -Wall -Werror=format-security -Wp,-D_FORTIFY_SOURCE=2 -Wp,-D_GLIBCXX_ASSERTIONS -fstack-protector-strong -grecord-gcc-switches -specs=/usr/lib/rpm/generic-hardened-cc1 -fasynchronous-unwind-tables -fstack-clash-protection -pthread '-DG_LOG_DOMAIN="libnotify"' -MD -MQ tests/test-multi-actions.p/test-multi-actions.c.o -MF tests/test-multi-actions.p/test-multi-actions.c.o.d -o tests/test-multi-actions.p/test-multi-actions.c.o -c ../tests/test-multi-actions.c
[ 2697s] [18/56] cc  -o libnotify/libnotify.so.4.0.0 libnotify/libnotify.so.4.0.0.p/meson-generated_.._notify-enum-types.c.o libnotify/libnotify.so.4.0.0.p/meson-generated_.._notify-marshal.c.o libnotify/libnotify.so.4.0.0.p/notify.c.o libnotify/libnotify.so.4.0.0.p/notification.c.o -Wl,--as-needed -Wl,--no-undefined -shared -fPIC -Wl,--start-group -Wl,-soname,libnotify.so.4 -Wl,-z,relro -Wl,-z,now -specs=/usr/lib/rpm/generic-hardened-ld -O2 -g -pipe -Wall -Werror=format-security -Wp,-D_FORTIFY_SOURCE=2 -Wp,-D_GLIBCXX_ASSERTIONS -fstack-protector-strong -grecord-gcc-switches -specs=/usr/lib/rpm/generic-hardened-cc1 -fasynchronous-unwind-tables -fstack-clash-protection -Wl,--version-script,/home/abuild/rpmbuild/BUILD/libnotify-0.7.9/libnotify/libnotify.map /usr/lib64/libgdk_pixbuf-2.0.so /usr/lib64/libgobject-2.0.so /usr/lib64/libglib-2.0.so /usr/lib64/libgio-2.0.so -Wl,--end-group
[ 2700s] [19/56] cc -Itests/test-action-icons.p -Itests -I../tests -I. -I.. -Ilibnotify -I/usr/include/gdk-pixbuf-2.0 -I/usr/include/glib-2.0 -I/usr/lib64/glib-2.0/include -I/usr/include/libpng16 -I/usr/include/libmount -I/usr/include/blkid -I/usr/include/gtk-3.0 -I/usr/include/pango-1.0 -I/usr/include/harfbuzz -I/usr/include/freetype2 -I/usr/include/fribidi -I/usr/include/libxml2 -I/usr/include/cairo -I/usr/include/pixman-1 -I/usr/include/gio-unix-2.0 -I/usr/include/atk-1.0 -I/usr/include/at-spi2-atk/2.0 -I/usr/include/dbus-1.0 -I/usr/lib64/dbus-1.0/include -I/usr/include/at-spi-2.0 -fdiagnostics-color=always -D_FILE_OFFSET_BITS=64 -Wall -Winvalid-pch -O2 -g -pipe -Wall -Werror=format-security -Wp,-D_FORTIFY_SOURCE=2 -Wp,-D_GLIBCXX_ASSERTIONS -fstack-protector-strong -grecord-gcc-switches -specs=/usr/lib/rpm/generic-hardened-cc1 -fasynchronous-unwind-tables -fstack-clash-protection -pthread '-DG_LOG_DOMAIN="libnotify"' -MD -MQ tests/test-action-icons.p/test-action-icons.c.o -MF tests/test-action-icons.p/test-action-icons.c.o.d -o tests/test-action-icons.p/test-action-icons.c.o -c ../tests/test-action-icons.c
[ 2701s] [20/56] cc -Itests/test-basic.p -Itests -I../tests -I. -I.. -Ilibnotify -I/usr/include/gdk-pixbuf-2.0 -I/usr/include/glib-2.0 -I/usr/lib64/glib-2.0/include -I/usr/include/libpng16 -I/usr/include/libmount -I/usr/include/blkid -I/usr/include/gtk-3.0 -I/usr/include/pango-1.0 -I/usr/include/harfbuzz -I/usr/include/freetype2 -I/usr/include/fribidi -I/usr/include/libxml2 -I/usr/include/cairo -I/usr/include/pixman-1 -I/usr/include/gio-unix-2.0 -I/usr/include/atk-1.0 -I/usr/include/at-spi2-atk/2.0 -I/usr/include/dbus-1.0 -I/usr/lib64/dbus-1.0/include -I/usr/include/at-spi-2.0 -fdiagnostics-color=always -D_FILE_OFFSET_BITS=64 -Wall -Winvalid-pch -O2 -g -pipe -Wall -Werror=format-security -Wp,-D_FORTIFY_SOURCE=2 -Wp,-D_GLIBCXX_ASSERTIONS -fstack-protector-strong -grecord-gcc-switches -specs=/usr/lib/rpm/generic-hardened-cc1 -fasynchronous-unwind-tables -fstack-clash-protection -pthread '-DG_LOG_DOMAIN="libnotify"' -MD -MQ tests/test-basic.p/test-basic.c.o -MF tests/test-basic.p/test-basic.c.o.d -o tests/test-basic.p/test-basic.c.o -c ../tests/test-basic.c
[ 2716s] [21/56] /usr/bin/g-ir-scanner --no-libtool --namespace=Notify --nsversion=0.7 --warn-all --output libnotify/Notify-0.7.gir --c-include=libnotify/notify.h -I/home/abuild/rpmbuild/BUILD/libnotify-0.7.9/libnotify -I/home/abuild/rpmbuild/BUILD/libnotify-0.7.9/riscv64-openEuler-linux-gnu/libnotify -I/home/abuild/rpmbuild/BUILD/libnotify-0.7.9/riscv64-openEuler-linux-gnu/. -I/home/abuild/rpmbuild/BUILD/libnotify-0.7.9/. --filelist=/home/abuild/rpmbuild/BUILD/libnotify-0.7.9/riscv64-openEuler-linux-gnu/libnotify/libnotify.so.4.0.0.p/Notify_0.7_gir_filelist --include=GLib-2.0 --include=GdkPixbuf-2.0 --pkg-export=libnotify --cflags-begin -I/home/abuild/rpmbuild/BUILD/libnotify-0.7.9/riscv64-openEuler-linux-gnu/. -I/home/abuild/rpmbuild/BUILD/libnotify-0.7.9/. '-DG_LOG_DOMAIN="libnotify"' -I/usr/include/gdk-pixbuf-2.0 -I/usr/include/glib-2.0 -I/usr/lib64/glib-2.0/include -I/usr/include/libpng16 -I/usr/include/libmount -I/usr/include/blkid -I/usr/include/gobject-introspection-1.0 --cflags-end --add-include-path=/usr/share/gir-1.0 -L/home/abuild/rpmbuild/BUILD/libnotify-0.7.9/riscv64-openEuler-linux-gnu/libnotify --library notify -lgdk_pixbuf-2.0 -lgobject-2.0 -lglib-2.0 -lgio-2.0 -lgirepository-1.0
[ 2716s] FAILED: libnotify/Notify-0.7.gir 
[ 2716s] /usr/bin/g-ir-scanner --no-libtool --namespace=Notify --nsversion=0.7 --warn-all --output libnotify/Notify-0.7.gir --c-include=libnotify/notify.h -I/home/abuild/rpmbuild/BUILD/libnotify-0.7.9/libnotify -I/home/abuild/rpmbuild/BUILD/libnotify-0.7.9/riscv64-openEuler-linux-gnu/libnotify -I/home/abuild/rpmbuild/BUILD/libnotify-0.7.9/riscv64-openEuler-linux-gnu/. -I/home/abuild/rpmbuild/BUILD/libnotify-0.7.9/. --filelist=/home/abuild/rpmbuild/BUILD/libnotify-0.7.9/riscv64-openEuler-linux-gnu/libnotify/libnotify.so.4.0.0.p/Notify_0.7_gir_filelist --include=GLib-2.0 --include=GdkPixbuf-2.0 --pkg-export=libnotify --cflags-begin -I/home/abuild/rpmbuild/BUILD/libnotify-0.7.9/riscv64-openEuler-linux-gnu/. -I/home/abuild/rpmbuild/BUILD/libnotify-0.7.9/. '-DG_LOG_DOMAIN="libnotify"' -I/usr/include/gdk-pixbuf-2.0 -I/usr/include/glib-2.0 -I/usr/lib64/glib-2.0/include -I/usr/include/libpng16 -I/usr/include/libmount -I/usr/include/blkid -I/usr/include/gobject-introspection-1.0 --cflags-end --add-include-path=/usr/share/gir-1.0 -L/home/abuild/rpmbuild/BUILD/libnotify-0.7.9/riscv64-openEuler-linux-gnu/libnotify --library notify -lgdk_pixbuf-2.0 -lgobject-2.0 -lglib-2.0 -lgio-2.0 -lgirepository-1.0
[ 2716s] Traceback (most recent call last):
[ 2716s]   File "/usr/bin/g-ir-scanner", line 98, in <module>
[ 2716s]     from giscanner.scannermain import scanner_main
[ 2716s]   File "/usr/lib64/gobject-introspection/giscanner/scannermain.py", line 35, in <module>
[ 2716s]     from giscanner.ast import Include, Namespace
[ 2716s]   File "/usr/lib64/gobject-introspection/giscanner/ast.py", line 29, in <module>
[ 2716s]     from .sourcescanner import CTYPE_TYPEDEF, CSYMBOL_TYPE_TYPEDEF
[ 2716s]   File "/usr/lib64/gobject-introspection/giscanner/sourcescanner.py", line 35, in <module>
[ 2716s]     from giscanner._giscanner import SourceScanner as CSourceScanner
[ 2716s] ModuleNotFoundError: No module named 'giscanner._giscanner'
[ 2719s] [22/56] cc -Itests/test-error.p -Itests -I../tests -I. -I.. -Ilibnotify -I/usr/include/gdk-pixbuf-2.0 -I/usr/include/glib-2.0 -I/usr/lib64/glib-2.0/include -I/usr/include/libpng16 -I/usr/include/libmount -I/usr/include/blkid -I/usr/include/gtk-3.0 -I/usr/include/pango-1.0 -I/usr/include/harfbuzz -I/usr/include/freetype2 -I/usr/include/fribidi -I/usr/include/libxml2 -I/usr/include/cairo -I/usr/include/pixman-1 -I/usr/include/gio-unix-2.0 -I/usr/include/atk-1.0 -I/usr/include/at-spi2-atk/2.0 -I/usr/include/dbus-1.0 -I/usr/lib64/dbus-1.0/include -I/usr/include/at-spi-2.0 -fdiagnostics-color=always -D_FILE_OFFSET_BITS=64 -Wall -Winvalid-pch -O2 -g -pipe -Wall -Werror=format-security -Wp,-D_FORTIFY_SOURCE=2 -Wp,-D_GLIBCXX_ASSERTIONS -fstack-protector-strong -grecord-gcc-switches -specs=/usr/lib/rpm/generic-hardened-cc1 -fasynchronous-unwind-tables -fstack-clash-protection -pthread '-DG_LOG_DOMAIN="libnotify"' -MD -MQ tests/test-error.p/test-error.c.o -MF tests/test-error.p/test-error.c.o.d -o tests/test-error.p/test-error.c.o -c ../tests/test-error.c
[ 2720s] [23/56] cc -Itests/test-image.p -Itests -I../tests -I. -I.. -Ilibnotify -I/usr/include/gdk-pixbuf-2.0 -I/usr/include/glib-2.0 -I/usr/lib64/glib-2.0/include -I/usr/include/libpng16 -I/usr/include/libmount -I/usr/include/blkid -I/usr/include/gtk-3.0 -I/usr/include/pango-1.0 -I/usr/include/harfbuzz -I/usr/include/freetype2 -I/usr/include/fribidi -I/usr/include/libxml2 -I/usr/include/cairo -I/usr/include/pixman-1 -I/usr/include/gio-unix-2.0 -I/usr/include/atk-1.0 -I/usr/include/at-spi2-atk/2.0 -I/usr/include/dbus-1.0 -I/usr/lib64/dbus-1.0/include -I/usr/include/at-spi-2.0 -fdiagnostics-color=always -D_FILE_OFFSET_BITS=64 -Wall -Winvalid-pch -O2 -g -pipe -Wall -Werror=format-security -Wp,-D_FORTIFY_SOURCE=2 -Wp,-D_GLIBCXX_ASSERTIONS -fstack-protector-strong -grecord-gcc-switches -specs=/usr/lib/rpm/generic-hardened-cc1 -fasynchronous-unwind-tables -fstack-clash-protection -pthread '-DG_LOG_DOMAIN="libnotify"' -MD -MQ tests/test-image.p/test-image.c.o -MF tests/test-image.p/test-image.c.o.d -o tests/test-image.p/test-image.c.o -c ../tests/test-image.c
[ 2720s] [24/56] cc -Itests/test-resident.p -Itests -I../tests -I. -I.. -Ilibnotify -I/usr/include/gdk-pixbuf-2.0 -I/usr/include/glib-2.0 -I/usr/lib64/glib-2.0/include -I/usr/include/libpng16 -I/usr/include/libmount -I/usr/include/blkid -I/usr/include/gtk-3.0 -I/usr/include/pango-1.0 -I/usr/include/harfbuzz -I/usr/include/freetype2 -I/usr/include/fribidi -I/usr/include/libxml2 -I/usr/include/cairo -I/usr/include/pixman-1 -I/usr/include/gio-unix-2.0 -I/usr/include/atk-1.0 -I/usr/include/at-spi2-atk/2.0 -I/usr/include/dbus-1.0 -I/usr/lib64/dbus-1.0/include -I/usr/include/at-spi-2.0 -fdiagnostics-color=always -D_FILE_OFFSET_BITS=64 -Wall -Winvalid-pch -O2 -g -pipe -Wall -Werror=format-security -Wp,-D_FORTIFY_SOURCE=2 -Wp,-D_GLIBCXX_ASSERTIONS -fstack-protector-strong -grecord-gcc-switches -specs=/usr/lib/rpm/generic-hardened-cc1 -fasynchronous-unwind-tables -fstack-clash-protection -pthread '-DG_LOG_DOMAIN="libnotify"' -MD -MQ tests/test-resident.p/test-resident.c.o -MF tests/test-resident.p/test-resident.c.o.d -o tests/test-resident.p/test-resident.c.o -c ../tests/test-resident.c
[ 2725s] [25/56] cc -Itests/test-rtl.p -Itests -I../tests -I. -I.. -Ilibnotify -I/usr/include/gdk-pixbuf-2.0 -I/usr/include/glib-2.0 -I/usr/lib64/glib-2.0/include -I/usr/include/libpng16 -I/usr/include/libmount -I/usr/include/blkid -I/usr/include/gtk-3.0 -I/usr/include/pango-1.0 -I/usr/include/harfbuzz -I/usr/include/freetype2 -I/usr/include/fribidi -I/usr/include/libxml2 -I/usr/include/cairo -I/usr/include/pixman-1 -I/usr/include/gio-unix-2.0 -I/usr/include/atk-1.0 -I/usr/include/at-spi2-atk/2.0 -I/usr/include/dbus-1.0 -I/usr/lib64/dbus-1.0/include -I/usr/include/at-spi-2.0 -fdiagnostics-color=always -D_FILE_OFFSET_BITS=64 -Wall -Winvalid-pch -O2 -g -pipe -Wall -Werror=format-security -Wp,-D_FORTIFY_SOURCE=2 -Wp,-D_GLIBCXX_ASSERTIONS -fstack-protector-strong -grecord-gcc-switches -specs=/usr/lib/rpm/generic-hardened-cc1 -fasynchronous-unwind-tables -fstack-clash-protection -pthread '-DG_LOG_DOMAIN="libnotify"' -MD -MQ tests/test-rtl.p/test-rtl.c.o -MF tests/test-rtl.p/test-rtl.c.o.d -o tests/test-rtl.p/test-rtl.c.o -c ../tests/test-rtl.c
[ 2725s] [26/56] /usr/bin/meson --internal symbolextractor /home/abuild/rpmbuild/BUILD/libnotify-0.7.9/riscv64-openEuler-linux-gnu libnotify/libnotify.so.4.0.0 libnotify/libnotify.so.4.0.0 libnotify/libnotify.so.4.0.0.p/libnotify.so.4.0.0.symbols 
[ 2731s] [27/56] cc -Itests/test-removal.p -Itests -I../tests -I. -I.. -Ilibnotify -I/usr/include/gdk-pixbuf-2.0 -I/usr/include/glib-2.0 -I/usr/lib64/glib-2.0/include -I/usr/include/libpng16 -I/usr/include/libmount -I/usr/include/blkid -I/usr/include/gtk-3.0 -I/usr/include/pango-1.0 -I/usr/include/harfbuzz -I/usr/include/freetype2 -I/usr/include/fribidi -I/usr/include/libxml2 -I/usr/include/cairo -I/usr/include/pixman-1 -I/usr/include/gio-unix-2.0 -I/usr/include/atk-1.0 -I/usr/include/at-spi2-atk/2.0 -I/usr/include/dbus-1.0 -I/usr/lib64/dbus-1.0/include -I/usr/include/at-spi-2.0 -fdiagnostics-color=always -D_FILE_OFFSET_BITS=64 -Wall -Winvalid-pch -O2 -g -pipe -Wall -Werror=format-security -Wp,-D_FORTIFY_SOURCE=2 -Wp,-D_GLIBCXX_ASSERTIONS -fstack-protector-strong -grecord-gcc-switches -specs=/usr/lib/rpm/generic-hardened-cc1 -fasynchronous-unwind-tables -fstack-clash-protection -pthread '-DG_LOG_DOMAIN="libnotify"' -MD -MQ tests/test-removal.p/test-removal.c.o -MF tests/test-removal.p/test-removal.c.o.d -o tests/test-removal.p/test-removal.c.o -c ../tests/test-removal.c
[ 2732s] [28/56] cc -Itests/test-persistence.p -Itests -I../tests -I. -I.. -Ilibnotify -I/usr/include/gdk-pixbuf-2.0 -I/usr/include/glib-2.0 -I/usr/lib64/glib-2.0/include -I/usr/include/libpng16 -I/usr/include/libmount -I/usr/include/blkid -I/usr/include/gtk-3.0 -I/usr/include/pango-1.0 -I/usr/include/harfbuzz -I/usr/include/freetype2 -I/usr/include/fribidi -I/usr/include/libxml2 -I/usr/include/cairo -I/usr/include/pixman-1 -I/usr/include/gio-unix-2.0 -I/usr/include/atk-1.0 -I/usr/include/at-spi2-atk/2.0 -I/usr/include/dbus-1.0 -I/usr/lib64/dbus-1.0/include -I/usr/include/at-spi-2.0 -fdiagnostics-color=always -D_FILE_OFFSET_BITS=64 -Wall -Winvalid-pch -O2 -g -pipe -Wall -Werror=format-security -Wp,-D_FORTIFY_SOURCE=2 -Wp,-D_GLIBCXX_ASSERTIONS -fstack-protector-strong -grecord-gcc-switches -specs=/usr/lib/rpm/generic-hardened-cc1 -fasynchronous-unwind-tables -fstack-clash-protection -pthread '-DG_LOG_DOMAIN="libnotify"' -MD -MQ tests/test-persistence.p/test-persistence.c.o -MF tests/test-persistence.p/test-persistence.c.o.d -o tests/test-persistence.p/test-persistence.c.o -c ../tests/test-persistence.c
[ 2732s] ../tests/test-persistence.c: In function main:
[ 2732s] ../tests/test-persistence.c:84:17: warning: gtk_status_icon_new_from_icon_name is deprecated [-Wdeprecated-declarations]
[ 2732s]    84 |                 icon = gtk_status_icon_new_from_icon_name ("software-update-available-symbolic");
[ 2732s]       |                 ^~~~
[ 2732s] In file included from /usr/include/gtk-3.0/gtk/gtk.h:275,
[ 2732s]                  from ../tests/test-persistence.c:24:
[ 2732s] /usr/include/gtk-3.0/gtk/deprecated/gtkstatusicon.h:92:23: note: declared here
[ 2732s]    92 | GtkStatusIcon        *gtk_status_icon_new_from_icon_name (const gchar        *icon_name);
[ 2732s]       |                       ^~~~~~~~~~~~~~~~~~~~~~~~~~~~~~~~~~
[ 2732s] ../tests/test-persistence.c:85:17: warning: gtk_status_icon_set_tooltip_markup is deprecated [-Wdeprecated-declarations]
[ 2732s]    85 |                 gtk_status_icon_set_tooltip_markup (icon, "<b>Software Updates Available</b>\nImportant updates for your apps are now available.");
[ 2732s]       |                 ^~~~~~~~~~~~~~~~~~~~~~~~~~~~~~~~~~
[ 2732s] In file included from /usr/include/gtk-3.0/gtk/gtk.h:275,
[ 2732s]                  from ../tests/test-persistence.c:24:
[ 2732s] /usr/include/gtk-3.0/gtk/deprecated/gtkstatusicon.h:140:23: note: declared here
[ 2732s]   140 | void                  gtk_status_icon_set_tooltip_markup (GtkStatusIcon      *status_icon,
[ 2732s]       |                       ^~~~~~~~~~~~~~~~~~~~~~~~~~~~~~~~~~
[ 2732s] ../tests/test-persistence.c:86:17: warning: gtk_status_icon_set_visible is deprecated [-Wdeprecated-declarations]
[ 2732s]    86 |                 gtk_status_icon_set_visible (icon, TRUE);
[ 2732s]       |                 ^~~~~~~~~~~~~~~~~~~~~~~~~~~
[ 2732s] In file included from /usr/include/gtk-3.0/gtk/gtk.h:275,
[ 2732s]                  from ../tests/test-persistence.c:24:
[ 2732s] /usr/include/gtk-3.0/gtk/deprecated/gtkstatusicon.h:151:23: note: declared here
[ 2732s]   151 | void                  gtk_status_icon_set_visible        (GtkStatusIcon      *status_icon,
[ 2732s]       |                       ^~~~~~~~~~~~~~~~~~~~~~~~~~~
[ 2732s] ninja: build stopped: subcommand failed.
[ 2733s] error: Bad exit status from /var/tmp/rpm-tmp.XLud7A (%build)
[ 2733s] 
[ 2733s] 
[ 2733s] RPM build errors:
[ 2733s]     Bad exit status from /var/tmp/rpm-tmp.XLud7A (%build)
[ 2734s] 
[ 2734s] oe-RISCV-worker29 failed "build libnotify.spec" at Sat Apr 23 10:51:27 UTC 2022.
[ 2734s] 
