[    1s] Memory limit set to 10955196KB
[    1s] Using BUILD_ROOT=/var/cache/obs/worker/root_2
[    1s] Using BUILD_ARCH=riscv64
[    1s] 
[    7s] 
[    7s] oe-RISCV-worker29 started "build _service:extract_file:liboauth.spec" at Fri Apr 15 01:53:38 UTC 2022.
[    7s] 
[    7s] Building liboauth for project 'openEuler:Mainline:RISC-V' repository 'advanced_riscv64' arch 'riscv64' srcmd5 '0f61a38c78a171206e54853fe41be9e6'
[    7s] 
[    7s] processing recipe /var/cache/obs/worker/root_2/.build-srcdir/_service:extract_file:liboauth.spec ...
[   14s] running changelog2spec --target rpm --file /var/cache/obs/worker/root_2/.build-srcdir/_service:extract_file:liboauth.spec
[   16s] init_buildsystem --configdir /var/run/obs/worker/2/build/configs --cachedir /var/cache/build --clean --rpmlist /var/cache/obs/worker/root_2/.build.rpmlist /var/cache/obs/worker/root_2/.build-srcdir/_service:extract_file:liboauth.spec build ...
[  122s] cycle: coreutils -> bash
[  122s]   breaking dependency coreutils -> bash
[  122s] cycle: coreutils -> info
[  122s]   breaking dependency coreutils -> info
[  122s] cycle: glibc -> filesystem -> coreutils
[  122s]   breaking dependency coreutils -> glibc
[  122s] cycle: glibc -> filesystem -> coreutils -> libacl
[  122s]   breaking dependency coreutils -> libacl
[  122s] cycle: glibc -> filesystem -> coreutils -> attr
[  122s]   breaking dependency coreutils -> attr
[  122s] cycle: coreutils -> libcap
[  122s]   breaking dependency coreutils -> libcap
[  122s] cycle: glibc -> filesystem -> coreutils -> openssl-libs
[  122s]   breaking dependency coreutils -> openssl-libs
[  122s] cycle: glibc -> filesystem -> coreutils -> libselinux
[  122s]   breaking dependency libselinux -> glibc
[  122s] cycle: glibc -> filesystem -> coreutils -> libselinux -> pcre2
[  122s]   breaking dependency pcre2 -> glibc
[  122s] cycle: glibc -> filesystem -> coreutils -> libselinux -> pcre2 -> readline
[  122s]   breaking dependency readline -> glibc
[  122s] cycle: glibc -> filesystem -> coreutils -> libselinux -> pcre2 -> readline -> ncurses-libs
[  122s]   breaking dependency filesystem -> coreutils
[  122s] cycle: glibc -> filesystem -> bash -> coreutils -> libselinux -> pcre2 -> readline -> ncurses-libs
[  122s]   breaking dependency filesystem -> bash
[  122s] cycle: perl-Carp -> perl-libs
[  122s]   breaking dependency perl-libs -> perl-Carp
[  122s] cycle: perl-libs -> perl-Exporter
[  122s]   breaking dependency perl-libs -> perl-Exporter
[  122s] cycle: perl-Carp -> perl-Exporter
[  122s]   breaking dependency perl-Exporter -> perl-Carp
[  122s] cycle: nss-util -> nss
[  122s]   breaking dependency nss -> nss-util
[  122s] cycle: nss-softokn -> nss-util -> nss
[  122s]   breaking dependency nss -> nss-softokn
[  122s] cycle: systemd -> cryptsetup -> device-mapper
[  122s]   breaking dependency systemd -> cryptsetup
[  122s] cycle: audit -> systemd -> pam
[  122s]   breaking dependency systemd -> pam
[  123s] [1/84] preinstalling dbus...
[  125s] [2/84] preinstalling libffi-devel...
[  126s] [3/84] preinstalling nodejs-source-map...
[  127s] [4/84] preinstalling python3-pip...
[  131s] [5/84] preinstalling python3-setuptools_scm...
[  133s] [6/84] preinstalling filesystem...
[  136s] [7/84] preinstalling glibc...
[  143s] [8/84] preinstalling libgcc...
[  144s] [9/84] preinstalling diffutils...
[  146s] [10/84] preinstalling libcap-ng...
[  147s] [11/84] preinstalling libgpg-error...
[  150s] [12/84] preinstalling libpcap...
[  150s] [13/84] preinstalling libsmartcols...
[  152s] [14/84] preinstalling libuuid...
[  153s] [15/84] preinstalling libxcrypt...
[  154s] [16/84] preinstalling lz4...
[  156s] [17/84] preinstalling m4...
[  158s] [18/84] preinstalling ncurses-libs...
[  160s] [19/84] preinstalling nspr...
[  161s] [20/84] preinstalling xz-libs...
[  162s] [21/84] preinstalling zlib...
[  164s] [22/84] preinstalling attr...
[  166s] [23/84] preinstalling libdb...
[  173s] [24/84] preinstalling zstd...
[  176s] [25/84] preinstalling audit-libs...
[  177s] [26/84] preinstalling file...
[  179s] [27/84] preinstalling iptables-libs...
[  180s] [28/84] preinstalling libacl...
[  181s] [29/84] preinstalling libgcrypt...
[  184s] [30/84] preinstalling openssl-libs...
[  187s] [31/84] preinstalling readline...
[  188s] [32/84] preinstalling ncurses...
[  198s] [33/84] preinstalling cmake...
[  219s] [34/84] preinstalling perl-libs...
[  223s] [35/84] preinstalling pcre2...
[  225s] [36/84] preinstalling perl-Exporter...
[  227s] [37/84] preinstalling pcre...
[  229s] [38/84] preinstalling acl...
[  231s] [39/84] preinstalling sqlite...
[  234s] [40/84] preinstalling libselinux...
[  236s] [41/84] preinstalling perl-Carp...
[  238s] [42/84] preinstalling perl-Digest-MD5...
[  239s] [43/84] preinstalling sed...
[  240s] [44/84] preinstalling coreutils...
[  248s] [45/84] preinstalling bash...
[  252s] [46/84] preinstalling openssl...
[  254s] [47/84] preinstalling dnf...
[  256s] [48/84] preinstalling bzip2...
[  257s] [49/84] preinstalling elfutils...
[  260s] [50/84] preinstalling hostname...
[  261s] [51/84] preinstalling libcap...
[  263s] [52/84] preinstalling popt...
[  265s] [53/84] preinstalling grep...
[  266s] [54/84] preinstalling libblkid...
[  268s] [55/84] preinstalling perl-constant...
[  269s] [56/84] preinstalling tar...
[  273s] [57/84] preinstalling info...
[  274s] [58/84] preinstalling libgcrypt-devel...
[  276s] [59/84] preinstalling lua...
[  277s] [60/84] preinstalling nss...
[  281s] [61/84] preinstalling chkconfig...
[  283s] [62/84] preinstalling copy-jdk-configs...
[  284s] [63/84] preinstalling libfdisk...
[  286s] [64/84] preinstalling libmount...
[  288s] [65/84] preinstalling libsemanage...
[  290s] [66/84] preinstalling nss-util...
[  293s] [67/84] preinstalling findutils...
[  295s] [68/84] preinstalling perl-Getopt-Long...
[  297s] [69/84] preinstalling xz...
[  299s] [70/84] preinstalling perl-Data-Dumper...
[  300s] [71/84] preinstalling systemd-libs...
[  302s] [72/84] preinstalling rpm-libs...
[  304s] [73/84] preinstalling dbus-libs...
[  306s] [74/84] preinstalling nss-softokn...
[  309s] [75/84] preinstalling glib2...
[  317s] [76/84] preinstalling systemd...
[  324s] [77/84] preinstalling audit...
[  327s] [78/84] preinstalling rpm...
[  330s] [79/84] preinstalling openEuler-rpm-config...
[  331s] [80/84] preinstalling pam...
[  335s] [81/84] preinstalling util-linux...
[  342s] [82/84] preinstalling device-mapper...
[  344s] [83/84] preinstalling cryptsetup...
[  347s] [84/84] preinstalling lvm2...
[  352s] 
[  356s] initializing rpm db...
[  378s] reordering...cycle: bash -> coreutils
[  378s]   breaking dependency coreutils -> bash
[  378s] cycle: bash -> coreutils -> info
[  378s]   breaking dependency coreutils -> info
[  378s] cycle: glibc -> basesystem -> filesystem -> bash -> coreutils -> gmp
[  378s]   breaking dependency filesystem -> bash
[  378s] cycle: glibc -> basesystem -> filesystem -> coreutils -> gmp
[  378s]   breaking dependency coreutils -> gmp
[  378s] cycle: glibc -> basesystem -> filesystem -> coreutils
[  378s]   breaking dependency coreutils -> glibc
[  378s] cycle: glibc -> basesystem -> filesystem -> coreutils -> libacl
[  378s]   breaking dependency coreutils -> libacl
[  378s] cycle: glibc -> basesystem -> filesystem -> coreutils -> attr
[  378s]   breaking dependency coreutils -> attr
[  378s] cycle: coreutils -> libcap -> bash
[  378s]   breaking dependency coreutils -> libcap
[  378s] cycle: glibc -> basesystem -> filesystem -> coreutils -> openssl-libs
[  378s]   breaking dependency openssl-libs -> glibc
[  378s] cycle: coreutils -> openssl-libs -> ca-certificates -> bash
[  378s]   breaking dependency ca-certificates -> bash
[  378s] cycle: coreutils -> openssl-libs -> ca-certificates
[  378s]   breaking dependency ca-certificates -> coreutils
[  378s] cycle: coreutils -> openssl-libs -> ca-certificates -> grep -> bash
[  378s]   breaking dependency grep -> bash
[  378s] cycle: coreutils -> openssl-libs -> ca-certificates -> grep
[  378s]   breaking dependency ca-certificates -> grep
[  378s] cycle: glibc -> basesystem -> filesystem -> coreutils -> openssl-libs -> ca-certificates -> p11-kit
[  378s]   breaking dependency p11-kit -> glibc
[  378s] cycle: glibc -> basesystem -> filesystem -> coreutils -> openssl-libs -> ca-certificates -> p11-kit -> libffi
[  378s]   breaking dependency openssl-libs -> ca-certificates
[  378s] cycle: coreutils -> openssl-libs -> crypto-policies -> bash
[  378s]   breaking dependency crypto-policies -> bash
[  378s] cycle: coreutils -> openssl-libs -> crypto-policies
[  378s]   breaking dependency crypto-policies -> coreutils
[  378s] cycle: coreutils -> openssl-libs -> crypto-policies -> grep
[  378s]   breaking dependency grep -> coreutils
[  378s] cycle: glibc -> basesystem -> filesystem -> coreutils -> openssl-libs -> crypto-policies -> grep
[  378s]   breaking dependency glibc -> basesystem
[  378s] cycle: glibc -> glibc-common -> bash -> coreutils -> openssl-libs -> crypto-policies -> grep
[  378s]   breaking dependency glibc-common -> bash
[  378s] cycle: glibc -> glibc-common -> coreutils -> openssl-libs -> crypto-policies -> grep
[  378s]   breaking dependency glibc-common -> coreutils
[  378s] cycle: glibc -> glibc-common
[  378s]   breaking dependency glibc-common -> glibc
[  378s] cycle: glibc -> glibc-common -> libselinux
[  378s]   breaking dependency libselinux -> glibc
[  378s] cycle: glibc -> glibc-common -> libselinux -> pcre2
[  378s]   breaking dependency pcre2 -> glibc
[  378s] cycle: glibc -> glibc-common -> libselinux -> pcre2 -> readline
[  378s]   breaking dependency readline -> glibc
[  378s] cycle: glibc -> glibc-common -> libselinux -> pcre2 -> readline -> ncurses-libs
[  378s]   breaking dependency libselinux -> pcre2
[  378s] cycle: glibc -> glibc-common -> libselinux -> libsepol -> bash -> coreutils -> openssl-libs -> crypto-policies -> grep
[  378s]   breaking dependency bash -> coreutils
[  378s] cycle: glibc -> glibc-common -> libselinux -> libsepol -> bash -> filesystem -> coreutils -> openssl-libs -> crypto-policies -> grep
[  378s]   breaking dependency libsepol -> bash
[  378s] cycle: glibc -> glibc-common -> libselinux -> libsepol -> coreutils -> openssl-libs -> crypto-policies -> grep
[  378s]   breaking dependency coreutils -> openssl-libs
[  378s] cycle: libselinux -> libsepol -> coreutils
[  378s]   breaking dependency libsepol -> coreutils
[  378s] cycle: glibc -> glibc-common -> libselinux -> libsepol
[  378s]   breaking dependency glibc -> glibc-common
[  378s] cycle: glibc -> filesystem -> coreutils -> libselinux -> libsepol
[  378s]   breaking dependency filesystem -> coreutils
[  378s] cycle: filesystem -> setup
[  378s]   breaking dependency filesystem -> setup
[  378s] cycle: systemd -> cryptsetup -> device-mapper
[  378s]   breaking dependency systemd -> cryptsetup
[  378s] cycle: perl-libs -> perl-Carp
[  378s]   breaking dependency perl-libs -> perl-Carp
[  378s] cycle: perl-libs -> perl-Exporter
[  378s]   breaking dependency perl-libs -> perl-Exporter
[  378s] cycle: perl-Carp -> perl-Exporter
[  378s]   breaking dependency perl-Exporter -> perl-Carp
[  378s] cycle: perl -> perl-PathTools
[  378s]   breaking dependency perl -> perl-PathTools
[  378s] cycle: perl -> perl-ExtUtils-MakeMaker
[  378s]   breaking dependency perl -> perl-ExtUtils-MakeMaker
[  378s] cycle: perl -> perl-File-Path -> perl-PathTools
[  378s]   breaking dependency perl -> perl-File-Path
[  378s] cycle: perl -> perl-Getopt-Long -> perl-Pod-Usage
[  378s]   breaking dependency perl -> perl-Getopt-Long
[  378s] cycle: perl -> perl-Locale-Maketext
[  378s]   breaking dependency perl -> perl-Locale-Maketext
[  378s] cycle: perl -> perl-Pod-Simple
[  378s]   breaking dependency perl -> perl-Pod-Simple
[  378s] cycle: perl -> perl-Socket
[  378s]   breaking dependency perl -> perl-Socket
[  378s] cycle: perl -> perl-Storable
[  378s]   breaking dependency perl -> perl-Storable
[  378s] cycle: perl -> perl-Text-Tabs+Wrap
[  378s]   breaking dependency perl -> perl-Text-Tabs+Wrap
[  378s] cycle: perl -> perl-Time-Local -> perl-constant
[  378s]   breaking dependency perl -> perl-Time-Local
[  378s] cycle: perl -> perl-constant
[  378s]   breaking dependency perl -> perl-constant
[  378s] cycle: perl -> perl-threads
[  378s]   breaking dependency perl -> perl-threads
[  378s] cycle: perl -> perl-threads-shared
[  378s]   breaking dependency perl -> perl-threads-shared
[  378s] cycle: perl -> perl-Archive-Tar
[  378s]   breaking dependency perl -> perl-Archive-Tar
[  378s] cycle: perl -> perl-B-Debug
[  378s]   breaking dependency perl -> perl-B-Debug
[  378s] cycle: perl -> perl-CPAN-Meta -> perl-CPAN-Meta-Requirements
[  378s]   breaking dependency perl -> perl-CPAN-Meta
[  378s] cycle: perl -> perl-CPAN-Meta-Requirements
[  378s]   breaking dependency perl -> perl-CPAN-Meta-Requirements
[  378s] cycle: perl -> perl-CPAN-Meta-YAML
[  378s]   breaking dependency perl -> perl-CPAN-Meta-YAML
[  378s] cycle: perl -> perl-Compress-Raw-Bzip2
[  378s]   breaking dependency perl -> perl-Compress-Raw-Bzip2
[  378s] cycle: perl -> perl-Compress-Raw-Zlib
[  378s]   breaking dependency perl -> perl-Compress-Raw-Zlib
[  378s] cycle: perl -> perl-Config-Perl-V
[  378s]   breaking dependency perl -> perl-Config-Perl-V
[  378s] cycle: perl -> perl-DB_File
[  378s]   breaking dependency perl -> perl-DB_File
[  378s] cycle: perl -> perl-Data-Dumper
[  378s]   breaking dependency perl -> perl-Data-Dumper
[  378s] cycle: perl -> perl-Devel-PPPort
[  378s]   breaking dependency perl -> perl-Devel-PPPort
[  378s] cycle: perl -> perl-Digest -> perl-MIME-Base64
[  378s]   breaking dependency perl -> perl-Digest
[  378s] cycle: perl -> perl-Digest-MD5 -> perl-Digest -> perl-MIME-Base64
[  378s]   breaking dependency perl -> perl-Digest-MD5
[  378s] cycle: perl -> perl-Digest-SHA
[  378s]   breaking dependency perl -> perl-Digest-SHA
[  378s] cycle: perl -> perl-Encode
[  378s]   breaking dependency perl -> perl-Encode
[  378s] cycle: perl -> perl-Env
[  378s]   breaking dependency perl -> perl-Env
[  378s] cycle: perl -> perl-ExtUtils-Command
[  378s]   breaking dependency perl -> perl-ExtUtils-Command
[  378s] cycle: perl -> perl-ExtUtils-Install
[  378s]   breaking dependency perl -> perl-ExtUtils-Install
[  378s] cycle: perl -> perl-ExtUtils-Manifest
[  378s]   breaking dependency perl -> perl-ExtUtils-Manifest
[  378s] cycle: perl -> perl-ExtUtils-ParseXS
[  378s]   breaking dependency perl -> perl-ExtUtils-ParseXS
[  378s] cycle: perl -> perl-File-Fetch -> perl-PathTools
[  378s]   breaking dependency perl -> perl-File-Fetch
[  378s] cycle: perl -> perl-File-Temp -> perl-PathTools
[  378s]   breaking dependency perl -> perl-File-Temp
[  378s] cycle: perl -> perl-Filter
[  378s]   breaking dependency perl -> perl-Filter
[  378s] cycle: perl -> perl-Filter-Simple -> perl-Filter
[  378s]   breaking dependency perl -> perl-Filter-Simple
[  378s] cycle: perl -> perl-HTTP-Tiny
[  378s]   breaking dependency perl -> perl-HTTP-Tiny
[  378s] cycle: perl -> perl-IO-Compress
[  378s]   breaking dependency perl -> perl-IO-Compress
[  378s] cycle: perl -> perl-IO-Socket-IP
[  378s]   breaking dependency perl -> perl-IO-Socket-IP
[  378s] cycle: perl -> perl-IPC-Cmd -> perl-ExtUtils-MakeMaker
[  378s]   breaking dependency perl -> perl-IPC-Cmd
[  378s] cycle: perl -> perl-IPC-SysV
[  378s]   breaking dependency perl -> perl-IPC-SysV
[  378s] cycle: perl -> perl-JSON-PP
[  378s]   breaking dependency perl -> perl-JSON-PP
[  378s] cycle: perl -> perl-Locale-Codes -> perl-constant
[  378s]   breaking dependency perl -> perl-Locale-Codes
[  378s] cycle: perl -> perl-MIME-Base64
[  378s]   breaking dependency perl -> perl-MIME-Base64
[  378s] cycle: perl -> perl-Math-BigInt
[  378s]   breaking dependency perl -> perl-Math-BigInt
[  378s] cycle: perl -> perl-Math-BigInt-FastCalc -> perl-Math-BigInt
[  378s]   breaking dependency perl -> perl-Math-BigInt-FastCalc
[  378s] cycle: perl -> perl-Math-BigRat -> perl-Math-BigInt
[  378s]   breaking dependency perl -> perl-Math-BigRat
[  378s] cycle: perl -> perl-Module-CoreList
[  378s]   breaking dependency perl -> perl-Module-CoreList
[  378s] cycle: perl -> perl-Module-Load -> perl-PathTools
[  378s]   breaking dependency perl -> perl-Module-Load
[  378s] cycle: perl -> perl-Module-Load-Conditional
[  378s]   breaking dependency perl -> perl-Module-Load-Conditional
[  378s] cycle: perl -> perl-Module-Metadata
[  378s]   breaking dependency perl -> perl-Module-Metadata
[  378s] cycle: perl -> perl-Params-Check
[  378s]   breaking dependency perl -> perl-Params-Check
[  378s] cycle: perl -> perl-PerlIO-via-QuotedPrint -> perl-MIME-Base64
[  378s]   breaking dependency perl -> perl-PerlIO-via-QuotedPrint
[  378s] cycle: perl -> perl-Pod-Checker
[  378s]   breaking dependency perl -> perl-Pod-Checker
[  378s] cycle: perl -> perl-Pod-Escapes
[  378s]   breaking dependency perl -> perl-Pod-Escapes
[  378s] cycle: perl -> perl-Pod-Parser
[  378s]   breaking dependency perl -> perl-Pod-Parser
[  378s] cycle: perl -> perl-Pod-Perldoc
[  378s]   breaking dependency perl -> perl-Pod-Perldoc
[  378s] cycle: perl -> perl-Pod-Usage
[  378s]   breaking dependency perl -> perl-Pod-Usage
[  378s] cycle: perl -> perl-Sys-Syslog
[  378s]   breaking dependency perl -> perl-Sys-Syslog
[  378s] cycle: perl -> perl-Term-Cap
[  378s]   breaking dependency perl -> perl-Term-Cap
[  378s] cycle: perl -> perl-Test-Harness
[  378s]   breaking dependency perl -> perl-Test-Harness
[  378s] cycle: perl -> perl-Test-Simple
[  378s]   breaking dependency perl -> perl-Test-Simple
[  378s] cycle: perl -> perl-Text-Balanced
[  378s]   breaking dependency perl -> perl-Text-Balanced
[  378s] cycle: perl -> perl-Thread-Queue -> perl-threads-shared
[  378s]   breaking dependency perl -> perl-Thread-Queue
[  378s] cycle: perl -> perl-Unicode-Collate -> perl-PathTools
[  378s]   breaking dependency perl -> perl-Unicode-Collate
[  378s] cycle: perl -> perl-autodie
[  378s]   breaking dependency perl -> perl-autodie
[  378s] cycle: perl -> perl-bignum -> perl-Math-BigInt
[  378s]   breaking dependency perl -> perl-bignum
[  378s] cycle: perl -> perl-devel
[  378s]   breaking dependency perl -> perl-devel
[  378s] cycle: perl -> perl-Encode-devel
[  378s]   breaking dependency perl -> perl-Encode-devel
[  378s] cycle: perl -> perl-experimental
[  378s]   breaking dependency perl -> perl-experimental
[  378s] cycle: perl -> perl-libnet -> perl-Digest-MD5 -> perl-Digest -> perl-MIME-Base64
[  378s]   breaking dependency perl -> perl-libnet
[  378s] cycle: perl -> perl-podlators
[  378s]   breaking dependency perl -> perl-podlators
[  378s] cycle: perl -> perl-version
[  378s]   breaking dependency perl -> perl-version
[  378s] cycle: glib2 -> gamin
[  378s]   breaking dependency glib2 -> gamin
[  378s] cycle: systemd -> gnutls -> unbound-libs -> shadow -> pam -> audit
[  378s]   breaking dependency systemd -> gnutls
[  378s] cycle: systemd -> pam -> audit
[  378s]   breaking dependency systemd -> pam
[  378s] cycle: systemd -> shadow -> pam -> audit
[  378s]   breaking dependency systemd -> shadow
[  378s] cycle: pam -> libpwquality
[  378s]   breaking dependency pam -> libpwquality
[  378s] cycle: perl-Getopt-Long -> perl-Pod-Usage
[  378s]   breaking dependency perl-Pod-Usage -> perl-Getopt-Long
[  378s] cycle: perl-Getopt-Long -> perl-Pod-Usage -> perl-podlators -> perl-Encode
[  378s]   breaking dependency perl-podlators -> perl-Encode
[  378s] cycle: perl-Getopt-Long -> perl-Pod-Usage -> perl-podlators
[  378s]   breaking dependency perl-podlators -> perl-Getopt-Long
[  378s] cycle: perl-Getopt-Long -> perl-Pod-Usage -> perl-podlators -> perl-Pod-Simple -> perl-Encode
[  378s]   breaking dependency perl-Encode -> perl-Getopt-Long
[  378s] cycle: perl-Getopt-Long -> perl-Pod-Usage -> perl-podlators -> perl-Pod-Simple
[  378s]   breaking dependency perl-podlators -> perl-Pod-Simple
[  378s] cycle: perl-Pod-Usage -> perl-podlators
[  378s]   breaking dependency perl-podlators -> perl-Pod-Usage
[  378s] cycle: groff -> perl-Getopt-Long -> perl-Pod-Usage -> perl-Pod-Perldoc
[  378s]   breaking dependency groff -> perl-Getopt-Long
[  378s] cycle: libxcrypt-devel -> glibc-devel
[  378s]   breaking dependency glibc-devel -> libxcrypt-devel
[  378s] cycle: cmake-data -> cmake
[  378s]   breaking dependency cmake -> cmake-data
[  378s] cycle: nss-util -> nss
[  378s]   breaking dependency nss -> nss-util
[  378s] cycle: nss-softokn -> nss-util -> nss
[  378s]   breaking dependency nss -> nss-softokn
[  378s] cycle: perl-Getopt-Long -> perl-Pod-Usage -> perl-Pod-Perldoc -> perl-Pod-Simple
[  378s]   breaking dependency perl-Pod-Perldoc -> perl-Pod-Simple
[  378s] cycle: openssh -> openssh-server
[  378s]   breaking dependency openssh-server -> openssh
[  378s] cycle: git -> perl-Git
[  378s]   breaking dependency git -> perl-Git
[  378s] cycle: perl-ExtUtils-Install -> perl-ExtUtils-MakeMaker
[  378s]   breaking dependency perl-ExtUtils-MakeMaker -> perl-ExtUtils-Install
[  379s] done
[  379s] querying package ids...
[  439s] [1/349] installing cmake-filesystem-3.22.0-1.oe1
[  441s] [2/349] installing fuse-common-3.9.2-5.oe1
[  443s] [3/349] installing kernel-headers-5.10-3.oe1
[  454s] [4/349] installing libreport-filesystem-2.13.1-5.oe1
[  456s] [5/349] installing ncurses-base-6.1-14.oe1
[  459s] [6/349] installing openEuler-gpg-keys-1.0-2.5.oe1
[  460s] [7/349] installing python-setuptools-59.4.0-3.oe1
[  462s] [8/349] installing qt5-srpm-macros-5.15.2-1.oe1
[  464s] [9/349] installing tzdata-2021a-2.oe1
[  476s] [10/349] installing dnf-data-4.10.0-1.oe1
[  478s] [11/349] installing openEuler-repos-1.0-2.5.oe1
[  479s] [12/349] installing openEuler-release-20.03LTS-40.oe1
[  482s] [13/349] installing filesystem-3.9-3.oe1
[  499s] warning: group mail does not exist - using root
[  500s] [14/349] installing emacs-filesystem-1:27.1-5.oe1
[  501s] [15/349] installing libgcc-10.3.1-20220105.6.oe1
[  505s] [16/349] installing setup-2.13.3-4.oe1
[  508s] [17/349] installing glibc-2.34-64.oe1
[  517s] [18/349] installing brotli-1.0.9-2.oe1
[  519s] [19/349] installing chrpath-0.16-12.oe1
[  521s] [20/349] installing cpio-2.13-4.oe1
[  524s] [21/349] installing diffutils-3.7-4.oe1
[  527s] [22/349] installing expat-2.2.10-1.oe1
[  528s] [23/349] installing json-c-0.15-1.oe1
[  530s] [24/349] installing keyutils-libs-1.6.3-3.oe1
[  532s] [25/349] installing libICE-1.0.10-2.oe1
[  533s] [26/349] installing libXau-1.0.9-2.oe1
[  535s] [27/349] installing libaio-0.3.112-1.oe1
[  536s] [28/349] installing libargon2-20190702-1.oe1
[  539s] [29/349] installing libatomic-10.3.1-20220105.6.oe1
[  540s] [30/349] installing libcap-ng-0.7.11-1.oe1
[  544s] [31/349] installing libev-4.24-11.oe1
[  546s] [32/349] installing libffi-3.3-31.oe1
[  548s] [33/349] installing libgomp-10.3.1-20220105.6.oe1
[  550s] [34/349] installing libgpg-error-1.41-1.oe1
[  552s] [35/349] installing libnghttp2-1.42.0-1.oe1
[  554s] [36/349] installing libpcap-14:1.9.1-7.oe1
[  556s] [37/349] installing libpipeline-1.5.3-1.oe1
[  558s] [38/349] installing libsigsegv-2.11-10.oe1
[  560s] [39/349] installing libsmartcols-2.36.1-3.oe1
[  562s] [40/349] installing libtasn1-4.16.0-2.oe1
[  564s] [41/349] installing libtool-ltdl-2.4.6-34.oe1
[  565s] [42/349] installing libunistring-0.9.10-8.oe1
[  568s] [43/349] installing libuuid-2.36.1-3.oe1
[  570s] [44/349] installing libuv-1:1.40.0-1.oe1
[  572s] [45/349] installing libxcrypt-4.4.8-4.oe1
[  574s] [46/349] installing libyaml-0.2.5-1.oe1
[  575s] [47/349] installing lz4-1.9.3-1.oe1
[  578s] [48/349] installing m4-1.4.18-14.oe1
[  580s] [49/349] installing nspr-4.32.0-1.oe1
[  582s] [50/349] installing pkgconf-1.7.3-1.oe1
[  584s] [51/349] installing rhash-1.3.5-5.oe1
[  585s] [52/349] installing which-2.21-14.oe1
[  587s] [53/349] installing xz-libs-5.2.5-1.oe1
[  589s] [54/349] installing zlib-1.2.11-18.oe1
[  591s] [55/349] installing attr-2.4.48-12.oe1
[  593s] [56/349] installing basesystem-12-2.oe1
[  598s] [57/349] installing libstdc++-10.3.1-20220105.6.oe1
[  600s] [58/349] installing ncurses-libs-6.1-14.oe1
[  602s] [59/349] installing libsepol-3.1-4.oe1
[  606s] [60/349] installing libstdc++-devel-10.3.1-20220105.6.oe1
[  617s] [61/349] installing audit-libs-1:3.0-2.oe1
[  619s] [62/349] installing elfutils-libelf-0.185-3.oe1
[  621s] [63/349] installing file-libs-5.39-6.oe1
[  626s] [64/349] installing gmp-1:6.2.1-3.oe1
[  630s] [65/349] installing iptables-libs-1.8.1-4.oe1
[  631s] [66/349] installing less-563-2.oe1
[  633s] [67/349] installing libacl-2.2.53-7.oe1
[  636s] [68/349] installing libassuan-2.5.4-1.oe1
[  638s] [69/349] installing libedit-3.1-27.oe1
[  639s] [70/349] installing libffi-devel-3.3-31.oe1
[  641s] [71/349] installing libgcrypt-1.8.7-1.oe1
[  644s] [72/349] installing libpng-2:1.6.37-1.oe1
[  646s] [73/349] installing libxcb-1.14-1.oe1
[  648s] [74/349] installing readline-8.0-2.oe1
[  651s] [75/349] installing fuse-2.9.9-6.oe1
[  654s] [76/349] installing gc-8.0.4-2.oe1
[  657s] [77/349] installing libSM-1.2.3-2.oe1
[  658s] [78/349] installing libdb-5.3.28-35.oe1
[  666s] [79/349] installing libselinux-3.1-3.oe1
[  668s] [80/349] installing libxml2-2.9.12-5.oe1
[  672s] [81/349] installing bash-5.1-1.oe1
[  677s] [82/349] installing perl-libs-4:5.28.0-435.oe1
[  686s] [83/349] installing zstd-1.4.8-2.oe1
[  691s] [84/349] installing ncurses-6.1-14.oe1
[  707s] [85/349] installing thin-provisioning-tools-0.8.5-1.oe1
[  711s] [86/349] installing perl-parent-1:0.237-4.oe1
[  712s] [87/349] installing perl-perlfaq-5.20180915-5.oe1
[  714s] [88/349] installing libX11-1.6.9-2.oe1
[  719s] [89/349] installing mpfr-4.1.0-1.oe1
[  722s] [90/349] installing nettle-3.6-6.oe1
[  724s] [91/349] installing pcre2-10.36-1.oe1
[  728s] [92/349] installing perl-Exporter-5.74-1.oe1
[  730s] [93/349] installing file-5.39-6.oe1
[  732s] [94/349] installing gdbm-1:1.18.1-1.oe1
[  736s] [95/349] installing patch-2.7.6-12.oe1
[  739s] [96/349] installing qrencode-4.1.1-1
[  741s] [97/349] installing sed-4.8-2.oe1
[  743s] [98/349] installing acl-2.2.53-7.oe1
[  746s] [99/349] installing libcomps-0.1.15-1.oe1
[  748s] [100/349] installing pcre-8.44-1.oe1
[  751s] [101/349] installing glibc-common-2.34-64.oe1
[  771s] [102/349] installing coreutils-8.31-4.oe1
[  783s] [103/349] installing crontabs-1.11-21.oe1
[  786s] [104/349] installing elfutils-default-yama-scope-0.185-3.oe1
[  789s] /usr/lib/systemd/systemd-sysctl: error while loading shared libraries: libkmod.so.2: cannot open shared object file: No such file or directory
[  789s] [105/349] installing libXext-1.3.4-2.oe1
[  791s] [106/349] installing libXpm-3.5.12-11.oe1
[  793s] [107/349] installing perl-Carp-1.50-418.oe1
[  796s] [108/349] installing perl-Perl-OSType-1.010-421.oe1
[  798s] [109/349] installing perl-Term-ANSIColor-4.06-511.oe1
[  800s] [110/349] installing publicsuffix-list-20200718-1.oe1
[  802s] [111/349] installing uname-build-checks-1.0-0.4.oe1
[  805s] [112/349] installing bzip2-1.0.8-3.oe1
[  808s] [113/349] installing gzip-1.10-1.oe1
[  811s] [114/349] installing hostname-3.21-2.oe1
[  814s] [115/349] installing libcap-2.32-2.oe1
[  817s] [116/349] installing libmpc-1.2.0-2.oe1
[  820s] [117/349] installing libseccomp-2.4.3-2.oe1
[  824s] [118/349] installing npth-1.5-7.oe1
[  826s] [119/349] installing popt-1.18-1.oe1
[  829s] [120/349] installing grep-3.6-1.oe1
[  835s] [121/349] installing libXt-1.2.0-0.oe1
[  838s] [122/349] installing libblkid-2.36.1-3.oe1
[  842s] [123/349] installing libidn2-2.3.0-1.oe1
[  845s] [124/349] installing libksba-1.3.5-12.oe1
[  850s] [125/349] installing nspr-devel-4.32.0-1.oe1
[  853s] [126/349] installing tar-2:1.32-3.oe1
[  857s] [127/349] installing tcl-1:8.6.10-3.oe1
[  865s] [128/349] installing info-6.7-2.oe1
[  868s] [129/349] installing jsoncpp-1.9.4-1.oe1
[  871s] [130/349] installing libgpg-error-devel-1.41-1.oe1
[  873s] [131/349] installing lua-5.3.5-6.oe1
[  877s] [132/349] installing slang-2.3.2-8.oe1
[  881s] [133/349] installing gawk-5.0.1-2.oe1
[  884s] [134/349] installing guile-5:2.0.14-15.oe1
[  898s] [135/349] installing zip-3.0-29.oe1
[  900s] [136/349] installing libfdisk-2.36.1-3.oe1
[  902s] [137/349] installing newt-0.52.21-4.oe1
[  908s] [138/349] installing perl-Text-ParseWords-3.30-419.oe1
[  909s] [139/349] installing crypto-policies-20180925-3.git71ca85f.oe1
[  918s] [140/349] installing elfutils-libs-0.185-3.oe1
[  921s] [141/349] installing libXmu-1.1.3-1.oe1
[  925s] [142/349] installing libmount-2.36.1-3.oe1
[  928s] [143/349] installing lua-posix-33.3.1-12.oe1
[  932s] [144/349] installing unzip-6.0-47.oe1
[  935s] [145/349] installing cracklib-2.9.7-6.oe1
[  946s] [146/349] installing e2fsprogs-1.45.6-3.oe1
[  952s] [147/349] installing findutils-2:4.7.0-7.oe1
[  956s] [148/349] installing libsemanage-3.1-4.oe1
[  958s] [149/349] installing make-1:4.2.1-15.oe1
[  961s] [150/349] installing sqlite-3.24.0-9.oe1
[  967s] [151/349] installing xz-5.2.5-1.oe1
[  969s] [152/349] installing logrotate-3.15.1-2.oe1
[  972s] [153/349] installing perl-Scalar-List-Utils-3:1.52-2.oe1
[  976s] [154/349] installing perl-Time-HiRes-1.9760-2.oe1
[  978s] [155/349] installing perl-Unicode-Normalize-1.26-419.oe1
[  982s] [156/349] installing glibc-devel-2.34-64.oe1
[ 1000s] [157/349] installing libgcrypt-devel-1.8.7-1.oe1
[ 1003s] [158/349] installing cpp-10.3.1-20220105.6.oe1
[ 1020s] [159/349] installing gnupg2-2.2.27-2.oe1
[ 1029s] [160/349] installing systemd-libs-243-22.oe1
[ 1034s] [161/349] installing dbus-libs-1:1.12.20-3.oe1
[ 1038s] [162/349] installing libxcrypt-devel-4.4.8-4.oe1
[ 1042s] [163/349] installing p11-kit-0.23.22-1.oe1
[ 1046s] [164/349] installing procps-ng-3.3.16-15.oe1
[ 1049s] [165/349] installing copy-jdk-configs-4.0-1.oe1
[ 1053s] [166/349] installing gpgme-1.15.1-1.oe1
[ 1057s] [167/349] installing openssl-libs-1:1.1.1f-2.oe1
[ 1064s] [168/349] installing chkconfig-1.14-2.oe1
[ 1067s] [169/349] installing elfutils-0.185-3.oe1
[ 1071s] [170/349] installing libXaw-1.0.13-13.oe1
[ 1075s] [171/349] installing glib2-2.66.8-1.oe1
[ 1087s] [172/349] installing dbus-tools-1:1.12.20-3.oe1
[ 1089s] [173/349] installing ima-evm-utils-libs-1.2.1-8.oe1
[ 1093s] [174/349] installing libevent-2.1.12-4
[ 1097s] [175/349] installing libcroco-0.6.12-13.oe1
[ 1102s] [176/349] installing fipscheck-1.5.0-7.oe1
[ 1105s] [177/349] installing gamin-0.1.10-38.oe1
[ 1112s] [178/349] installing kmod-libs-27-4.oe1
[ 1118s] [179/349] installing libsecret-0.18.6-5.oe1
[ 1122s] [180/349] installing obs-env-1.0-5.oe1
[ 1134s] [181/349] installing kmod-27-4.oe1
[ 1137s] [182/349] installing binutils-2.37-6.oe1
[ 1154s] [183/349] installing p11-kit-trust-0.23.22-1.oe1
[ 1159s] [184/349] installing babeltrace-1.5.8-1.oe1
[ 1162s] [185/349] installing libarchive-3.5.1-1.oe1
[ 1166s] [186/349] installing nodejs-libs-1:16.10.0-1.oe1
[ 1236s] [187/349] installing libverto-0.3.1-2.oe1
[ 1240s] [188/349] installing ca-certificates-2020.2.46-2.oe1
[ 1254s] [189/349] installing gettext-0.20.1-2.oe1
[ 1262s] [190/349] installing gcc-10.3.1-20220105.6.oe1
[ 1303s] [191/349] installing rpm-libs-4.15.1-25.oe1
[ 1308s] [192/349] installing python-pip-wheel-19.2.3-2.fc32
[ 1309s] [193/349] installing libmodulemd-2.13.0-1.oe1
[ 1314s] [194/349] installing gcc-c++-10.3.1-20220105.6.oe1
[ 1333s] [195/349] installing krb5-libs-1.18.2-3.oe1
[ 1339s] [196/349] installing libtirpc-1.3.1-1.oe1
[ 1342s] [197/349] installing cyrus-sasl-lib-2.1.27-10.oe1
[ 1346s] [198/349] installing libssh-0.9.5-1.oe1
[ 1349s] [199/349] installing openldap-2.4.46-15.oe1
[ 1352s] [200/349] installing libnsl2-1.3.0-2.oe1
[ 1356s] [201/349] installing python3-3.8.5-13.oe1
[ 1394s] [202/349] installing python3-pyparsing-2.4.5-1.fc32
[ 1397s] [203/349] installing python3-setuptools-59.4.0-3.oe1
[ 1405s] [204/349] installing python3-setuptools_scm-3.3.3-6.fc32
[ 1410s] [205/349] installing python3-gpgme-1.15.1-1.oe1
[ 1415s] [206/349] installing python3-libcomps-0.1.15-1.oe1
[ 1420s] [207/349] installing libpsl-0.21.1-1.oe1
[ 1423s] [208/349] installing gdb-headless-9.2-5.oe1
[ 1433s] [209/349] installing systemtap-sdt-devel-4.1-3.oe1
[ 1437s] [210/349] installing gdb-9.2-5.oe1
[ 1443s] [211/349] installing python3-pip-19.2.3-2.fc32
[ 1457s] [212/349] installing libcurl-7.79.1-1.oe1
[ 1461s] [213/349] installing curl-7.79.1-1.oe1
[ 1463s] [214/349] installing libcurl-devel-7.79.1-1.oe1
[ 1468s] [215/349] installing librepo-1.14.2-2.oe1
[ 1471s] [216/349] installing rpm-4.15.1-25.oe1
[ 1477s] [217/349] installing efi-srpm-macros-4-3.oe1
[ 1480s] [218/349] installing cmake-rpm-macros-3.22.0-1.oe1
[ 1482s] [219/349] installing libsolv-0.7.20-1.oe1
[ 1486s] [220/349] installing python3-rpm-4.15.1-25.oe1
[ 1489s] [221/349] installing openEuler-rpm-config-30-22.oe1
[ 1491s] [222/349] installing cmake-3.22.0-1.oe1
[ 1514s] [223/349] installing libdnf-0.65.0-2.oe1
[ 1519s] [224/349] installing cmake-data-3.22.0-1.oe1
[ 1546s] [225/349] installing python3-libdnf-0.65.0-2.oe1
[ 1551s] [226/349] installing perl-4:5.28.0-435.oe1
[ 1565s] [227/349] installing perl-B-Debug-1.26-4.oe1
[ 1567s] [228/349] installing perl-Env-1.04-397.oe1
[ 1570s] [229/349] installing perl-Devel-PPPort-3.42-4.oe1
[ 1573s] [230/349] installing perl-Pod-Escapes-1:1.07-419.oe1
[ 1574s] [231/349] installing perl-Text-Tabs+Wrap-2013.0523-419.oe1
[ 1576s] [232/349] installing perl-Algorithm-Diff-1.1903-14.oe1
[ 1579s] [233/349] installing perl-Params-Check-1:0.38-418.oe1
[ 1582s] [234/349] installing perl-Term-Cap-1.17-510.oe1
[ 1584s] [235/349] installing perl-TermReadKey-2.38-2.oe1
[ 1588s] [236/349] installing perl-Text-Balanced-2.03-420.oe1
[ 1590s] [237/349] installing perl-threads-1:2.22-419.oe1
[ 1592s] [238/349] installing openssl-1:1.1.1f-2.oe1
[ 1596s] [239/349] installing perl-Config-Perl-V-0.30-5.oe1
[ 1599s] [240/349] installing perl-Error-1:0.17029-1.oe1
[ 1601s] [241/349] installing perl-Filter-2:1.59-2.oe1
[ 1605s] [242/349] installing perl-IPC-SysV-2.07-5.oe1
[ 1608s] [243/349] installing perl-Locale-Maketext-1:1.28-1.oe1
[ 1611s] [244/349] installing perl-constant-1.33-421.oe1
[ 1614s] [245/349] installing perl-MIME-Base64-3.15-418.oe1
[ 1617s] [246/349] installing perl-CPAN-Meta-YAML-0.018-420.oe1
[ 1619s] [247/349] installing perl-Socket-4:2.029-2.oe1
[ 1624s] [248/349] installing perl-Storable-1:3.15-2.oe1
[ 1627s] [249/349] installing python3-hawkey-0.65.0-2.oe1
[ 1630s] [250/349] installing perl-PerlIO-via-QuotedPrint-0.08-397.oe1
[ 1633s] [251/349] installing perl-Digest-1.17-419.oe1
[ 1635s] [252/349] installing perl-Filter-Simple-1:0.94-1.oe1
[ 1637s] [253/349] installing perl-IO-Socket-IP-0.39-420.oe1
[ 1639s] [254/349] installing perl-Text-Diff-1.45-7.oe1
[ 1642s] [255/349] installing perl-Time-Local-2:1.280-6.oe1
[ 1644s] [256/349] installing perl-version-8:0.99.24-3.oe1
[ 1647s] [257/349] installing perl-IPC-System-Simple-1.25-19.oe1
[ 1650s] [258/349] installing perl-threads-shared-1.59-2.oe1
[ 1654s] [259/349] installing perl-Compress-Raw-Bzip2-2.100-1.oe1
[ 1657s] [260/349] installing perl-Compress-Raw-Zlib-1:2.100-1.oe1
[ 1661s] [261/349] installing perl-Locale-Codes-3.58-2.oe1
[ 1665s] [262/349] installing perl-Math-BigInt-1:1.9998.13-5.oe1
[ 1668s] [263/349] installing perl-PathTools-3.75-4.oe1
[ 1671s] [264/349] installing python3-dnf-4.10.0-1.oe1
[ 1676s] [265/349] installing perl-Data-Dumper-2.172-3.oe1
[ 1680s] [266/349] installing perl-Sys-Syslog-0.35-420.oe1
[ 1683s] [267/349] installing perl-Encode-4:2.98-9.oe1
[ 1691s] [268/349] installing autogen-5.18.16-1.oe1
[ 1696s] [269/349] installing nodejs-1:16.10.0-1.oe1
[ 1700s] [270/349] installing systemd-243-22.oe1
[ 1730s] /var/tmp/rpm-tmp.pMTjOK: line 8: groupadd: command not found
[ 1730s] /var/tmp/rpm-tmp.pMTjOK: line 10: groupadd: command not found
[ 1730s] /var/tmp/rpm-tmp.pMTjOK: line 13: groupadd: command not found
[ 1730s] /var/tmp/rpm-tmp.pMTjOK: line 16: groupadd: command not found
[ 1730s] [271/349] installing dbus-common-1:1.12.20-3.oe1
[ 1734s] [272/349] installing nodejs-source-map-0.5.6-1.oe1
[ 1738s] [273/349] installing perl-Module-Load-1:0.32-418.oe1
[ 1743s] [274/349] installing nodejs-packaging-20-1.oe1
[ 1747s] [275/349] installing dnf-4.10.0-1.oe1
[ 1754s] Failed to preset unit, unit dnf-automatic.timer does not exist.
[ 1754s] Failed to preset unit, unit dnf-automatic-notifyonly.timer does not exist.
[ 1754s] Failed to preset unit, unit dnf-automatic-download.timer does not exist.
[ 1754s] Failed to preset unit, unit dnf-automatic-install.timer does not exist.
[ 1754s] [276/349] installing perl-File-Which-1.23-1.oe1
[ 1758s] [277/349] installing perl-Thread-Queue-3.13-3.oe1
[ 1762s] [278/349] installing perl-experimental-0.020-2.oe1
[ 1768s] [279/349] installing perl-Digest-MD5-2.55-419.oe1
[ 1773s] [280/349] installing perl-File-Path-2.16-4.oe1
[ 1778s] [281/349] installing perl-Math-BigInt-FastCalc-0.500.700-4.oe1
[ 1782s] [282/349] installing perl-Module-Metadata-1.000036-3.oe1
[ 1788s] [283/349] installing perl-CPAN-Meta-Requirements-2.140-419.oe1
[ 1792s] [284/349] installing perl-Encode-devel-4:2.98-9.oe1
[ 1796s] [285/349] installing perl-HTTP-Tiny-0.076-3.oe1
[ 1802s] [286/349] installing perl-Math-BigRat-0.2614-2.oe1
[ 1806s] [287/349] installing audit-1:3.0-2.oe1
[ 1814s] [288/349] installing perl-DB_File-1.842-2.oe1
[ 1819s] [289/349] installing perl-autodie-2.29-398.oe1
[ 1824s] [290/349] installing perl-Unicode-Collate-1.25-4.oe1
[ 1833s] [291/349] installing perl-IO-Compress-2.081-6.oe1
[ 1837s] [292/349] installing perl-podlators-1:4.14-1.oe1
[ 1840s] [293/349] installing perl-ExtUtils-Command-1:7.60-1.oe1
[ 1842s] [294/349] installing perl-ExtUtils-Manifest-1:1.71-4.oe1
[ 1845s] [295/349] installing perl-bignum-0.50-4.oe1
[ 1848s] [296/349] installing perl-File-Temp-1:0.230.800-4.oe1
[ 1850s] [297/349] installing perl-libnet-3.11-420.oe1
[ 1852s] [298/349] installing pam-1.5.1-1.oe1
[ 1860s] [299/349] installing libpwquality-1.4.4-1.oe1
[ 1866s] [300/349] installing perl-File-HomeDir-1.004-4.oe1
[ 1868s] [301/349] installing shadow-2:4.8.1-5.oe1
[ 1872s] [302/349] installing perl-Test-Simple-2:1.302175-2.oe1
[ 1876s] [303/349] installing libutempter-1.1.6-16.oe1
[ 1879s] [304/349] installing unbound-libs-1.10.1-4.oe1
[ 1885s] [305/349] installing dbus-daemon-1:1.12.20-3.oe1
[ 1892s] [306/349] installing openssh-server-8.2p1-10.oe1
[ 1898s] Created symlink /etc/systemd/system/multi-user.target.wants/sshd.service -> /usr/lib/systemd/system/sshd.service.
[ 1898s] [307/349] installing groff-1.22.4-4.oe1
[ 1911s] [308/349] installing dbus-1:1.12.20-3.oe1
[ 1913s] [309/349] installing man-db-2.9.3-2.oe1
[ 1922s] [310/349] installing perl-Pod-Perldoc-1:3.28-3.oe1
[ 1925s] [311/349] installing gnutls-3.6.15-3.oe1
[ 1931s] [312/349] installing util-linux-2.36.1-3.oe1
[ 1945s] [313/349] installing nss-help-3.72.0-2.oe1
[ 1949s] [314/349] installing perl-Pod-Usage-4:1.69-418.oe1
[ 1952s] [315/349] installing device-mapper-8:1.02.172-1.oe1
[ 1956s] [316/349] installing openssh-8.2p1-10.oe1
[ 1960s] [317/349] installing perl-Getopt-Long-1:2.52-1.oe1
[ 1967s] [318/349] installing cryptsetup-2.3.3-3.oe1
[ 1974s] [319/349] installing device-mapper-event-8:1.02.172-1.oe1
[ 1978s] Created symlink /etc/systemd/system/sockets.target.wants/dm-event.socket -> /usr/lib/systemd/system/dm-event.socket.
[ 1978s] [320/349] installing nss-3.72.0-2.oe1
[ 1992s] [321/349] installing openssh-clients-8.2p1-10.oe1
[ 1996s] [322/349] installing nss-util-3.72.0-2.oe1
[ 2001s] [323/349] installing perl-ExtUtils-ParseXS-2:3.35-1.oe1
[ 2003s] [324/349] installing perl-Module-CoreList-1:5.20180920-2.oe1
[ 2006s] [325/349] installing perl-Digest-SHA-1:6.02-7.oe1
[ 2010s] [326/349] installing perl-Pod-Parser-1.63-397.oe1
[ 2013s] [327/349] installing perl-Pod-Simple-1:3.35-418.oe1
[ 2016s] [328/349] installing perl-Test-Harness-1:3.43_02-1.oe1
[ 2020s] [329/349] installing perl-Archive-Tar-2.30-421.oe1
[ 2022s] [330/349] installing perl-JSON-PP-1:4.04-2.oe1
[ 2024s] [331/349] installing lvm2-8:2.03.11-1.oe1
[ 2034s] Created symlink /etc/systemd/system/sysinit.target.wants/lvm2-lvmpolld.socket -> /usr/lib/systemd/system/lvm2-lvmpolld.socket.
[ 2034s] [332/349] installing autoconf-2.69-30.oe1
[ 2040s] [333/349] installing git-2.23.0-12.oe1
[ 2058s] [334/349] installing nss-softokn-3.72.0-2.oe1
[ 2062s] [335/349] installing nss-util-devel-3.72.0-2.oe1
[ 2065s] [336/349] installing perl-Pod-Checker-4:1.73-398.oe1
[ 2067s] [337/349] installing perl-Git-2.23.0-12.oe1
[ 2069s] [338/349] installing perl-CPAN-Meta-2.150010-419.oe1
[ 2073s] [339/349] installing perl-Module-Load-Conditional-0.68-418.oe1
[ 2075s] [340/349] installing automake-1.16.1-6.oe1
[ 2080s] [341/349] installing perl-ExtUtils-MakeMaker-1:7.60-1.oe1
[ 2082s] [342/349] installing nss-softokn-devel-3.72.0-2.oe1
[ 2085s] [343/349] installing perl-ExtUtils-Install-2.14-419.oe1
[ 2088s] [344/349] installing perl-IPC-Cmd-2:1.04-4.oe1
[ 2090s] [345/349] installing rpm-build-4.15.1-25.oe1
[ 2093s] [346/349] installing nss-devel-3.72.0-2.oe1
[ 2098s] [347/349] installing gcc_secure-1.0-0.9.oe1
[ 2100s] [348/349] installing perl-File-Fetch-0.56-4.oe1
[ 2103s] [349/349] installing perl-devel-4:5.28.0-435.oe1
[ 2122s] removing nis flags from /var/cache/obs/worker/root_2/etc/nsswitch.conf...
[ 2123s] now finalizing build dir...
[ 2143s] Running build time source services...
[ 2175s] -----------------------------------------------------------------
[ 2175s] ----- building liboauth.spec (user abuild)
[ 2175s] -----------------------------------------------------------------
[ 2175s] -----------------------------------------------------------------
[ 2190s] + exec rpmbuild -ba --define '_srcdefattr (-,root,root)' --nosignature --define 'disturl obs://private/openEuler:Mainline:RISC-V/advanced_riscv64/0f61a38c78a171206e54853fe41be9e6-liboauth' /home/abuild/rpmbuild/SOURCES/liboauth.spec
[ 2191s] Executing(%prep): /bin/sh -e /var/tmp/rpm-tmp.Ze6zvs
[ 2191s] + umask 022
[ 2191s] + cd /home/abuild/rpmbuild/BUILD
[ 2191s] + cd /home/abuild/rpmbuild/BUILD
[ 2191s] + rm -rf liboauth-1.0.3
[ 2191s] + /usr/bin/tar -xof -
[ 2191s] + /usr/bin/gzip -dc /home/abuild/rpmbuild/SOURCES/liboauth-1.0.3.tar.gz
[ 2192s] + STATUS=0
[ 2192s] + '[' 0 -ne 0 ']'
[ 2192s] + cd liboauth-1.0.3
[ 2192s] + /usr/bin/chmod -Rf a+rX,u+w,g-w,o-w .
[ 2192s] + RPM_EC=0
[ 2192s] ++ jobs -p
[ 2192s] + exit 0
[ 2192s] Executing(%build): /bin/sh -e /var/tmp/rpm-tmp.Fw8Ox7
[ 2192s] + umask 022
[ 2192s] + cd /home/abuild/rpmbuild/BUILD
[ 2192s] + cd liboauth-1.0.3
[ 2192s] + CFLAGS='-O2 -g -pipe -Wall -Werror=format-security -Wp,-D_FORTIFY_SOURCE=2 -Wp,-D_GLIBCXX_ASSERTIONS -fstack-protector-strong -grecord-gcc-switches -specs=/usr/lib/rpm/generic-hardened-cc1 -fasynchronous-unwind-tables -fstack-clash-protection'
[ 2192s] + export CFLAGS
[ 2192s] + CXXFLAGS='-O2 -g -pipe -Wall -Werror=format-security -Wp,-D_FORTIFY_SOURCE=2 -Wp,-D_GLIBCXX_ASSERTIONS -fstack-protector-strong -grecord-gcc-switches -specs=/usr/lib/rpm/generic-hardened-cc1 -fasynchronous-unwind-tables -fstack-clash-protection -fexceptions'
[ 2192s] + export CXXFLAGS
[ 2192s] + FFLAGS='-O2 -g -pipe -Wall -Werror=format-security -Wp,-D_FORTIFY_SOURCE=2 -Wp,-D_GLIBCXX_ASSERTIONS -fstack-protector-strong -grecord-gcc-switches -specs=/usr/lib/rpm/generic-hardened-cc1 -fasynchronous-unwind-tables -fstack-clash-protection -fexceptions -I/usr/lib64/gfortran/modules'
[ 2192s] + export FFLAGS
[ 2192s] + FCFLAGS='-O2 -g -pipe -Wall -Werror=format-security -Wp,-D_FORTIFY_SOURCE=2 -Wp,-D_GLIBCXX_ASSERTIONS -fstack-protector-strong -grecord-gcc-switches -specs=/usr/lib/rpm/generic-hardened-cc1 -fasynchronous-unwind-tables -fstack-clash-protection -fexceptions -I/usr/lib64/gfortran/modules'
[ 2192s] + export FCFLAGS
[ 2192s] + LDFLAGS='-Wl,-z,relro   -Wl,-z,now -specs=/usr/lib/rpm/generic-hardened-ld'
[ 2192s] + export LDFLAGS
[ 2192s] + '[' 1 = 1 ']'
[ 2193s] +++ dirname ./configure
[ 2193s] ++ find . -name config.guess -o -name config.sub
[ 2193s] + for i in $(find $(dirname ./configure) -name config.guess -o -name config.sub)
[ 2193s] ++ basename ./config.guess
[ 2194s] + '[' -f /usr/lib/rpm/openEuler/config.guess ']'
[ 2194s] + /usr/bin/rm -f ./config.guess
[ 2194s] ++ basename ./config.guess
[ 2194s] + /usr/bin/cp -fv /usr/lib/rpm/openEuler/config.guess ./config.guess
[ 2194s] '/usr/lib/rpm/openEuler/config.guess' -> './config.guess'
[ 2194s] + for i in $(find $(dirname ./configure) -name config.guess -o -name config.sub)
[ 2194s] ++ basename ./config.sub
[ 2194s] + '[' -f /usr/lib/rpm/openEuler/config.sub ']'
[ 2194s] + /usr/bin/rm -f ./config.sub
[ 2194s] ++ basename ./config.sub
[ 2194s] + /usr/bin/cp -fv /usr/lib/rpm/openEuler/config.sub ./config.sub
[ 2195s] '/usr/lib/rpm/openEuler/config.sub' -> './config.sub'
[ 2195s] + '[' 1 = 1 ']'
[ 2195s] + '[' x '!=' 'x-Wl,-z,now -specs=/usr/lib/rpm/generic-hardened-ld' ']'
[ 2195s] ++ find . -name ltmain.sh
[ 2195s] + for i in $(find . -name ltmain.sh)
[ 2195s] + /usr/bin/sed -i.backup -e 's~compiler_flags=$~compiler_flags="-Wl,-z,now -specs=/usr/lib/rpm/generic-hardened-ld"~' ./ltmain.sh
[ 2195s] + ./configure --build=riscv64-openEuler-linux-gnu --host=riscv64-openEuler-linux-gnu --program-prefix= --disable-dependency-tracking --prefix=/usr --exec-prefix=/usr --bindir=/usr/bin --sbindir=/usr/sbin --sysconfdir=/etc --datadir=/usr/share --includedir=/usr/include --libdir=/usr/lib64 --libexecdir=/usr/libexec --localstatedir=/var --sharedstatedir=/var/lib --mandir=/usr/share/man --infodir=/usr/share/info --disable-static --enable-nss
[ 2209s] checking for sed... /usr/bin/sed
[ 2210s] checking liboauth version... 1.0.3
[ 2212s] checking build system type... riscv64-openEuler-linux-gnu
[ 2213s] checking host system type... riscv64-openEuler-linux-gnu
[ 2213s] checking target system type... riscv64-openEuler-linux-gnu
[ 2214s] checking for a BSD-compatible install... /usr/bin/install -c
[ 2215s] checking whether build environment is sane... yes
[ 2216s] checking for a thread-safe mkdir -p... /usr/bin/mkdir -p
[ 2216s] checking for gawk... gawk
[ 2217s] checking whether make sets $(MAKE)... yes
[ 2218s] checking for riscv64-openEuler-linux-gnu-gcc... no
[ 2218s] checking for gcc... gcc
[ 2231s] checking whether the C compiler works... yes
[ 2231s] checking for C compiler default output file name... a.out
[ 2235s] checking for suffix of executables... 
[ 2241s] checking whether we are cross compiling... no
[ 2244s] checking for suffix of object files... o
[ 2246s] checking whether we are using the GNU C compiler... yes
[ 2249s] checking whether gcc accepts -g... yes
[ 2254s] checking for gcc option to accept ISO C89... none needed
[ 2255s] checking for style of include used by make... GNU
[ 2255s] checking dependency style of gcc... none
[ 2255s] checking whether make sets $(MAKE)... (cached) yes
[ 2255s] checking whether ln -s works... yes
[ 2255s] checking how to print strings... printf
[ 2255s] checking for a sed that does not truncate output... (cached) /usr/bin/sed
[ 2256s] checking for grep that handles long lines and -e... /usr/bin/grep
[ 2256s] checking for egrep... /usr/bin/grep -E
[ 2256s] checking for fgrep... /usr/bin/grep -F
[ 2257s] checking for ld used by gcc... /usr/bin/ld
[ 2258s] checking if the linker (/usr/bin/ld) is GNU ld... yes
[ 2258s] checking for BSD- or MS-compatible name lister (nm)... /usr/bin/nm -B
[ 2261s] checking the name lister (/usr/bin/nm -B) interface... BSD nm
[ 2261s] checking the maximum length of command line arguments... 1572864
[ 2261s] checking whether the shell understands some XSI constructs... yes
[ 2261s] checking whether the shell understands "+="... yes
[ 2262s] checking how to convert riscv64-openEuler-linux-gnu file names to riscv64-openEuler-linux-gnu format... func_convert_file_noop
[ 2262s] checking how to convert riscv64-openEuler-linux-gnu file names to toolchain format... func_convert_file_noop
[ 2262s] checking for /usr/bin/ld option to reload object files... -r
[ 2262s] checking for riscv64-openEuler-linux-gnu-objdump... no
[ 2262s] checking for objdump... objdump
[ 2262s] checking how to recognize dependent libraries... pass_all
[ 2262s] checking for riscv64-openEuler-linux-gnu-dlltool... no
[ 2262s] checking for dlltool... no
[ 2262s] checking how to associate runtime and link libraries... printf %s\n
[ 2262s] checking for riscv64-openEuler-linux-gnu-ar... no
[ 2262s] checking for ar... ar
[ 2267s] checking for archiver @FILE support... @
[ 2267s] checking for riscv64-openEuler-linux-gnu-strip... no
[ 2267s] checking for strip... strip
[ 2267s] checking for riscv64-openEuler-linux-gnu-ranlib... no
[ 2267s] checking for ranlib... ranlib
[ 2277s] checking command to parse /usr/bin/nm -B output from gcc object... ok
[ 2277s] checking for sysroot... no
[ 2277s] checking for riscv64-openEuler-linux-gnu-mt... no
[ 2277s] checking for mt... no
[ 2278s] checking if : is a manifest tool... no
[ 2283s] checking how to run the C preprocessor... gcc -E
[ 2302s] checking for ANSI C header files... yes
[ 2307s] checking for sys/types.h... yes
[ 2310s] checking for sys/stat.h... yes
[ 2315s] checking for stdlib.h... yes
[ 2319s] checking for string.h... yes
[ 2325s] checking for memory.h... yes
[ 2328s] checking for strings.h... yes
[ 2333s] checking for inttypes.h... yes
[ 2337s] checking for stdint.h... yes
[ 2340s] checking for unistd.h... yes
[ 2345s] checking for dlfcn.h... yes
[ 2345s] checking for objdir... .libs
[ 2355s] checking if gcc supports -fno-rtti -fno-exceptions... no
[ 2355s] checking for gcc option to produce PIC... -fPIC -DPIC
[ 2358s] checking if gcc PIC flag -fPIC -DPIC works... yes
[ 2365s] checking if gcc static flag -static works... yes
[ 2369s] checking if gcc supports -c -o file.o... yes
[ 2369s] checking if gcc supports -c -o file.o... (cached) yes
[ 2370s] checking whether the gcc linker (/usr/bin/ld) supports shared libraries... yes
[ 2375s] checking whether -lc should be explicitly linked in... no
[ 2384s] checking dynamic linker characteristics... GNU/Linux ld.so
[ 2384s] checking how to hardcode library paths into programs... immediate
[ 2385s] checking whether stripping libraries is possible... yes
[ 2385s] checking if libtool supports shared libraries... yes
[ 2385s] checking whether to build shared libraries... yes
[ 2385s] checking whether to build static libraries... no
[ 2397s] checking whether gcc and cc understand -c and -o together... yes
[ 2397s] checking for ANSI C header files... (cached) yes
[ 2398s] checking for unistd.h... (cached) yes
[ 2402s] checking time.h usability... yes
[ 2404s] checking time.h presence... yes
[ 2404s] checking for time.h... yes
[ 2405s] checking for string.h... (cached) yes
[ 2410s] checking alloca.h usability... yes
[ 2412s] checking alloca.h presence... yes
[ 2412s] checking for alloca.h... yes
[ 2416s] checking stdio.h usability... yes
[ 2418s] checking stdio.h presence... yes
[ 2418s] checking for stdio.h... yes
[ 2422s] checking stdarg.h usability... yes
[ 2424s] checking stdarg.h presence... yes
[ 2424s] checking for stdarg.h... yes
[ 2429s] checking math.h usability... yes
[ 2432s] checking math.h presence... yes
[ 2432s] checking for math.h... yes
[ 2437s] checking whether sys/types.h defines makedev... no
[ 2442s] checking sys/mkdev.h usability... no
[ 2444s] checking sys/mkdev.h presence... no
[ 2444s] checking for sys/mkdev.h... no
[ 2447s] checking sys/sysmacros.h usability... yes
[ 2450s] checking sys/sysmacros.h presence... yes
[ 2450s] checking for sys/sysmacros.h... yes
[ 2457s] checking for size_t... yes
[ 2462s] checking for working alloca.h... yes
[ 2465s] checking for alloca... yes
[ 2469s] checking whether struct tm is in sys/time.h or time.h... time.h
[ 2473s] checking for struct stat.st_blocks... yes
[ 2477s] checking for dirent.h that defines DIR... yes
[ 2482s] checking for library containing opendir... none required
[ 2488s] checking whether closedir returns void... no
[ 2491s] checking if -Wl,--as-needed works... yes
[ 2492s] checking for curl... /usr/bin/curl
[ 2492s] checking for riscv64-openEuler-linux-gnu-pkg-config... /usr/bin/riscv64-openEuler-linux-gnu-pkg-config
[ 2492s] checking pkg-config is at least version 0.9.0... yes
[ 2493s] checking for CURL... yes
[ 2494s] checking for NSS... yes
[ 2494s] checking for doxygen... no
[ 2494s] checking for dot... no
[ 2494s] checking for perl... /usr/bin/perl
[ 2497s] configure: creating ./config.status
[ 2540s] config.status: creating Makefile
[ 2541s] config.status: creating src/Makefile
[ 2543s] config.status: creating doc/Makefile
[ 2544s] config.status: creating tests/Makefile
[ 2545s] config.status: creating liboauth.lsm
[ 2546s] config.status: creating oauth.pc
[ 2547s] config.status: creating Doxyfile
[ 2549s] config.status: creating doc/mainpage.dox
[ 2550s] config.status: creating src/config.h
[ 2552s] config.status: executing tests/atconfig commands
[ 2552s] config.status: executing depfiles commands
[ 2552s] config.status: executing libtool commands
[ 2557s] configure:
[ 2557s] 
[ 2557s]  liboauth configured:
[ 2557s]  -----------------------
[ 2557s] 
[ 2557s]   version:                1.0.3
[ 2557s]   interface revision:     8:7:8
[ 2557s]   hash/signature:         NSS
[ 2557s]   http integration:       libcurl
[ 2557s]   libcurl-timeout:        -
[ 2557s]   generate documentation: no
[ 2557s]   installation prefix:    /usr
[ 2557s]   CFLAGS:                 -Wall -O2 -g -pipe -Wall -Werror=format-security -Wp,-D_FORTIFY_SOURCE=2 -Wp,-D_GLIBCXX_ASSERTIONS -fstack-protector-strong -grecord-gcc-switches -specs=/usr/lib/rpm/generic-hardened-cc1 -fasynchronous-unwind-tables -fstack-clash-protection
[ 2557s]   LDFLAGS:                -Wall -export-symbols-regex '^oauth_.*' -Wl,--as-needed -Wl,-z,relro   -Wl,-z,now -specs=/usr/lib/rpm/generic-hardened-ld
[ 2557s] 
[ 2557s]  type "make" followed my "make install" as root.
[ 2557s]  
[ 2557s] 
[ 2559s] + make
[ 2560s] Making all in src
[ 2560s] make[1]: Entering directory '/home/abuild/rpmbuild/BUILD/liboauth-1.0.3/src'
[ 2560s] make  all-am
[ 2560s] make[2]: Entering directory '/home/abuild/rpmbuild/BUILD/liboauth-1.0.3/src'
[ 2560s] /bin/sh ../libtool  --tag=CC   --mode=compile gcc -DHAVE_CONFIG_H -I.    -Wall -I/usr/include/nss3 -I/usr/include/nspr4   -O2 -g -pipe -Wall -Werror=format-security -Wp,-D_FORTIFY_SOURCE=2 -Wp,-D_GLIBCXX_ASSERTIONS -fstack-protector-strong -grecord-gcc-switches -specs=/usr/lib/rpm/generic-hardened-cc1 -fasynchronous-unwind-tables -fstack-clash-protection -c -o liboauth_la-oauth.lo `test -f 'oauth.c' || echo './'`oauth.c
[ 2561s] libtool: compile:  gcc -DHAVE_CONFIG_H -I. -Wall -I/usr/include/nss3 -I/usr/include/nspr4 -O2 -g -pipe -Wall -Werror=format-security -Wp,-D_FORTIFY_SOURCE=2 -Wp,-D_GLIBCXX_ASSERTIONS -fstack-protector-strong -grecord-gcc-switches -specs=/usr/lib/rpm/generic-hardened-cc1 -fasynchronous-unwind-tables -fstack-clash-protection -c oauth.c  -fPIC -DPIC -o .libs/liboauth_la-oauth.o
[ 2582s] /bin/sh ../libtool  --tag=CC   --mode=compile gcc -DHAVE_CONFIG_H -I.    -Wall -I/usr/include/nss3 -I/usr/include/nspr4   -O2 -g -pipe -Wall -Werror=format-security -Wp,-D_FORTIFY_SOURCE=2 -Wp,-D_GLIBCXX_ASSERTIONS -fstack-protector-strong -grecord-gcc-switches -specs=/usr/lib/rpm/generic-hardened-cc1 -fasynchronous-unwind-tables -fstack-clash-protection -c -o liboauth_la-hash.lo `test -f 'hash.c' || echo './'`hash.c
[ 2583s] libtool: compile:  gcc -DHAVE_CONFIG_H -I. -Wall -I/usr/include/nss3 -I/usr/include/nspr4 -O2 -g -pipe -Wall -Werror=format-security -Wp,-D_FORTIFY_SOURCE=2 -Wp,-D_GLIBCXX_ASSERTIONS -fstack-protector-strong -grecord-gcc-switches -specs=/usr/lib/rpm/generic-hardened-cc1 -fasynchronous-unwind-tables -fstack-clash-protection -c hash.c  -fPIC -DPIC -o .libs/liboauth_la-hash.o
[ 2593s] /bin/sh ../libtool  --tag=CC   --mode=compile gcc -DHAVE_CONFIG_H -I.    -Wall -I/usr/include/nss3 -I/usr/include/nspr4   -O2 -g -pipe -Wall -Werror=format-security -Wp,-D_FORTIFY_SOURCE=2 -Wp,-D_GLIBCXX_ASSERTIONS -fstack-protector-strong -grecord-gcc-switches -specs=/usr/lib/rpm/generic-hardened-cc1 -fasynchronous-unwind-tables -fstack-clash-protection -c -o liboauth_la-xmalloc.lo `test -f 'xmalloc.c' || echo './'`xmalloc.c
[ 2593s] libtool: compile:  gcc -DHAVE_CONFIG_H -I. -Wall -I/usr/include/nss3 -I/usr/include/nspr4 -O2 -g -pipe -Wall -Werror=format-security -Wp,-D_FORTIFY_SOURCE=2 -Wp,-D_GLIBCXX_ASSERTIONS -fstack-protector-strong -grecord-gcc-switches -specs=/usr/lib/rpm/generic-hardened-cc1 -fasynchronous-unwind-tables -fstack-clash-protection -c xmalloc.c  -fPIC -DPIC -o .libs/liboauth_la-xmalloc.o
[ 2598s] /bin/sh ../libtool  --tag=CC   --mode=compile gcc -DHAVE_CONFIG_H -I.    -Wall -I/usr/include/nss3 -I/usr/include/nspr4   -O2 -g -pipe -Wall -Werror=format-security -Wp,-D_FORTIFY_SOURCE=2 -Wp,-D_GLIBCXX_ASSERTIONS -fstack-protector-strong -grecord-gcc-switches -specs=/usr/lib/rpm/generic-hardened-cc1 -fasynchronous-unwind-tables -fstack-clash-protection -c -o liboauth_la-oauth_http.lo `test -f 'oauth_http.c' || echo './'`oauth_http.c
[ 2600s] libtool: compile:  gcc -DHAVE_CONFIG_H -I. -Wall -I/usr/include/nss3 -I/usr/include/nspr4 -O2 -g -pipe -Wall -Werror=format-security -Wp,-D_FORTIFY_SOURCE=2 -Wp,-D_GLIBCXX_ASSERTIONS -fstack-protector-strong -grecord-gcc-switches -specs=/usr/lib/rpm/generic-hardened-cc1 -fasynchronous-unwind-tables -fstack-clash-protection -c oauth_http.c  -fPIC -DPIC -o .libs/liboauth_la-oauth_http.o
[ 2620s] /bin/sh ../libtool --tag=CC   --mode=link gcc -Wall -I/usr/include/nss3 -I/usr/include/nspr4   -O2 -g -pipe -Wall -Werror=format-security -Wp,-D_FORTIFY_SOURCE=2 -Wp,-D_GLIBCXX_ASSERTIONS -fstack-protector-strong -grecord-gcc-switches -specs=/usr/lib/rpm/generic-hardened-cc1 -fasynchronous-unwind-tables -fstack-clash-protection -Wall -export-symbols-regex '^oauth_.*' -Wl,--as-needed -version-info 8:7:8 -Wl,-z,relro   -Wl,-z,now -specs=/usr/lib/rpm/generic-hardened-ld -o liboauth.la -rpath /usr/lib64 liboauth_la-oauth.lo liboauth_la-hash.lo liboauth_la-xmalloc.lo liboauth_la-oauth_http.lo -lssl3 -lsmime3 -lnss3 -lnssutil3 -lplds4 -lplc4 -lnspr4  -lcurl  
[ 2623s] libtool: link: /usr/bin/nm -B  .libs/liboauth_la-oauth.o .libs/liboauth_la-hash.o .libs/liboauth_la-xmalloc.o .libs/liboauth_la-oauth_http.o   | sed -n -e 's/^.*[	 ]\([ABCDGIRSTW][ABCDGIRSTW]*\)[	 ][	 ]*\([_A-Za-z][_A-Za-z0-9]*\)$/\1 \2 \2/p' | sed '/ __gnu_lto/d' | /usr/bin/sed 's/.* //' | sort | uniq > .libs/liboauth.exp
[ 2623s] libtool: link: /usr/bin/grep -E -e "^oauth_.*" ".libs/liboauth.exp" > ".libs/liboauth.expT"
[ 2624s] libtool: link: mv -f ".libs/liboauth.expT" ".libs/liboauth.exp"
[ 2624s] libtool: link: echo "{ global:" > .libs/liboauth.ver
[ 2624s] libtool: link:  cat .libs/liboauth.exp | sed -e "s/\(.*\)/\1;/" >> .libs/liboauth.ver
[ 2626s] libtool: link:  echo "local: *; };" >> .libs/liboauth.ver
[ 2626s] libtool: link:  gcc -shared  -fPIC -DPIC  .libs/liboauth_la-oauth.o .libs/liboauth_la-hash.o .libs/liboauth_la-xmalloc.o .libs/liboauth_la-oauth_http.o   -lssl3 -lsmime3 -lnss3 -lnssutil3 -lplds4 -lplc4 -lnspr4 -lcurl -Wl,-z,now -specs=/usr/lib/rpm/generic-hardened-ld -O2 -Wl,--as-needed -Wl,-z -Wl,relro -Wl,-z -Wl,now   -Wl,-soname -Wl,liboauth.so.0 -Wl,-version-script -Wl,.libs/liboauth.ver -o .libs/liboauth.so.0.8.7
[ 2628s] libtool: link: (cd ".libs" && rm -f "liboauth.so.0" && ln -s "liboauth.so.0.8.7" "liboauth.so.0")
[ 2629s] libtool: link: (cd ".libs" && rm -f "liboauth.so" && ln -s "liboauth.so.0.8.7" "liboauth.so")
[ 2630s] libtool: link: ( cd ".libs" && rm -f "liboauth.la" && ln -s "../liboauth.la" "liboauth.la" )
[ 2630s] make[2]: Leaving directory '/home/abuild/rpmbuild/BUILD/liboauth-1.0.3/src'
[ 2630s] make[1]: Leaving directory '/home/abuild/rpmbuild/BUILD/liboauth-1.0.3/src'
[ 2630s] Making all in doc
[ 2631s] make[1]: Entering directory '/home/abuild/rpmbuild/BUILD/liboauth-1.0.3/doc'
[ 2631s] make[1]: Nothing to be done for 'all'.
[ 2631s] make[1]: Leaving directory '/home/abuild/rpmbuild/BUILD/liboauth-1.0.3/doc'
[ 2631s] Making all in tests
[ 2631s] make[1]: Entering directory '/home/abuild/rpmbuild/BUILD/liboauth-1.0.3/tests'
[ 2631s] make[1]: Nothing to be done for 'all'.
[ 2631s] make[1]: Leaving directory '/home/abuild/rpmbuild/BUILD/liboauth-1.0.3/tests'
[ 2631s] make[1]: Entering directory '/home/abuild/rpmbuild/BUILD/liboauth-1.0.3'
[ 2631s] make[1]: Nothing to be done for 'all-am'.
[ 2631s] make[1]: Leaving directory '/home/abuild/rpmbuild/BUILD/liboauth-1.0.3'
[ 2631s] + RPM_EC=0
[ 2631s] ++ jobs -p
[ 2631s] + exit 0
[ 2632s] Executing(%install): /bin/sh -e /var/tmp/rpm-tmp.XbEw65
[ 2632s] + umask 022
[ 2632s] + cd /home/abuild/rpmbuild/BUILD
[ 2632s] + '[' /home/abuild/rpmbuild/BUILDROOT/liboauth-1.0.3-13.oe1.riscv64 '!=' / ']'
[ 2632s] + rm -rf /home/abuild/rpmbuild/BUILDROOT/liboauth-1.0.3-13.oe1.riscv64
[ 2632s] ++ dirname /home/abuild/rpmbuild/BUILDROOT/liboauth-1.0.3-13.oe1.riscv64
[ 2632s] + mkdir -p /home/abuild/rpmbuild/BUILDROOT
[ 2632s] + mkdir /home/abuild/rpmbuild/BUILDROOT/liboauth-1.0.3-13.oe1.riscv64
[ 2632s] + cd liboauth-1.0.3
[ 2632s] + /usr/bin/make install DESTDIR=/home/abuild/rpmbuild/BUILDROOT/liboauth-1.0.3-13.oe1.riscv64 'INSTALL=/usr/bin/install -p'
[ 2633s] Making install in src
[ 2634s] make[1]: Entering directory '/home/abuild/rpmbuild/BUILD/liboauth-1.0.3/src'
[ 2634s] make[2]: Entering directory '/home/abuild/rpmbuild/BUILD/liboauth-1.0.3/src'
[ 2634s] test -z "/usr/lib64" || /usr/bin/mkdir -p "/home/abuild/rpmbuild/BUILDROOT/liboauth-1.0.3-13.oe1.riscv64/usr/lib64"
[ 2634s]  /bin/sh ../libtool   --mode=install /usr/bin/install -p   liboauth.la '/home/abuild/rpmbuild/BUILDROOT/liboauth-1.0.3-13.oe1.riscv64/usr/lib64'
[ 2635s] libtool: install: /usr/bin/install -p .libs/liboauth.so.0.8.7 /home/abuild/rpmbuild/BUILDROOT/liboauth-1.0.3-13.oe1.riscv64/usr/lib64/liboauth.so.0.8.7
[ 2635s] libtool: install: (cd /home/abuild/rpmbuild/BUILDROOT/liboauth-1.0.3-13.oe1.riscv64/usr/lib64 && { ln -s -f liboauth.so.0.8.7 liboauth.so.0 || { rm -f liboauth.so.0 && ln -s liboauth.so.0.8.7 liboauth.so.0; }; })
[ 2635s] libtool: install: (cd /home/abuild/rpmbuild/BUILDROOT/liboauth-1.0.3-13.oe1.riscv64/usr/lib64 && { ln -s -f liboauth.so.0.8.7 liboauth.so || { rm -f liboauth.so && ln -s liboauth.so.0.8.7 liboauth.so; }; })
[ 2635s] libtool: install: /usr/bin/install -p .libs/liboauth.lai /home/abuild/rpmbuild/BUILDROOT/liboauth-1.0.3-13.oe1.riscv64/usr/lib64/liboauth.la
[ 2635s] libtool: install: warning: remember to run `libtool --finish /usr/lib64'
[ 2635s] test -z "/usr/include" || /usr/bin/mkdir -p "/home/abuild/rpmbuild/BUILDROOT/liboauth-1.0.3-13.oe1.riscv64/usr/include"
[ 2636s]  /usr/bin/install -p -m 644 oauth.h '/home/abuild/rpmbuild/BUILDROOT/liboauth-1.0.3-13.oe1.riscv64/usr/include'
[ 2636s] make[2]: Leaving directory '/home/abuild/rpmbuild/BUILD/liboauth-1.0.3/src'
[ 2636s] make[1]: Leaving directory '/home/abuild/rpmbuild/BUILD/liboauth-1.0.3/src'
[ 2636s] Making install in doc
[ 2636s] make[1]: Entering directory '/home/abuild/rpmbuild/BUILD/liboauth-1.0.3/doc'
[ 2636s] make[2]: Entering directory '/home/abuild/rpmbuild/BUILD/liboauth-1.0.3/doc'
[ 2636s] make[2]: Nothing to be done for 'install-exec-am'.
[ 2636s] test -z "/usr/share/man/man3" || /usr/bin/mkdir -p "/home/abuild/rpmbuild/BUILDROOT/liboauth-1.0.3-13.oe1.riscv64/usr/share/man/man3"
[ 2637s]  /usr/bin/install -p -m 644 oauth.3 '/home/abuild/rpmbuild/BUILDROOT/liboauth-1.0.3-13.oe1.riscv64/usr/share/man/man3'
[ 2637s] make[2]: Leaving directory '/home/abuild/rpmbuild/BUILD/liboauth-1.0.3/doc'
[ 2637s] make[1]: Leaving directory '/home/abuild/rpmbuild/BUILD/liboauth-1.0.3/doc'
[ 2637s] Making install in tests
[ 2638s] make[1]: Entering directory '/home/abuild/rpmbuild/BUILD/liboauth-1.0.3/tests'
[ 2638s] make[2]: Entering directory '/home/abuild/rpmbuild/BUILD/liboauth-1.0.3/tests'
[ 2638s] make[2]: Nothing to be done for 'install-exec-am'.
[ 2638s] make[2]: Nothing to be done for 'install-data-am'.
[ 2638s] make[2]: Leaving directory '/home/abuild/rpmbuild/BUILD/liboauth-1.0.3/tests'
[ 2638s] make[1]: Leaving directory '/home/abuild/rpmbuild/BUILD/liboauth-1.0.3/tests'
[ 2638s] make[1]: Entering directory '/home/abuild/rpmbuild/BUILD/liboauth-1.0.3'
[ 2638s] make[2]: Entering directory '/home/abuild/rpmbuild/BUILD/liboauth-1.0.3'
[ 2638s] make[2]: Nothing to be done for 'install-exec-am'.
[ 2638s] test -z "/usr/lib64/pkgconfig" || /usr/bin/mkdir -p "/home/abuild/rpmbuild/BUILDROOT/liboauth-1.0.3-13.oe1.riscv64/usr/lib64/pkgconfig"
[ 2639s]  /usr/bin/install -p -m 644 oauth.pc '/home/abuild/rpmbuild/BUILDROOT/liboauth-1.0.3-13.oe1.riscv64/usr/lib64/pkgconfig'
[ 2639s] make[2]: Leaving directory '/home/abuild/rpmbuild/BUILD/liboauth-1.0.3'
[ 2639s] make[1]: Leaving directory '/home/abuild/rpmbuild/BUILD/liboauth-1.0.3'
[ 2639s] + find /home/abuild/rpmbuild/BUILDROOT/liboauth-1.0.3-13.oe1.riscv64 -name '*.la' -exec rm -f '{}' ';'
[ 2639s] + /usr/lib/rpm/find-debuginfo.sh -j8 --strict-build-id -i --build-id-seed 1.0.3-13.oe1 --unique-debug-suffix -1.0.3-13.oe1.riscv64 --unique-debug-src-base liboauth-1.0.3-13.oe1.riscv64 -S debugsourcefiles.list /home/abuild/rpmbuild/BUILD/liboauth-1.0.3
[ 2641s] explicitly decompress any DWARF compressed ELF sections in /home/abuild/rpmbuild/BUILDROOT/liboauth-1.0.3-13.oe1.riscv64/usr/lib64/liboauth.so.0.8.7
[ 2641s] extracting debug info from /home/abuild/rpmbuild/BUILDROOT/liboauth-1.0.3-13.oe1.riscv64/usr/lib64/liboauth.so.0.8.7
[ 2642s] Could not find platform independent libraries <prefix>
[ 2642s] Could not find platform dependent libraries <exec_prefix>
[ 2642s] Consider setting $PYTHONHOME to <prefix>[:<exec_prefix>]
[ 2643s] Fatal Python error: initfsencoding: unable to load the file system codec
[ 2643s] ModuleNotFoundError: No module named 'encodings'
[ 2643s] 
[ 2643s] Current thread 0x0000003fd99a0020 (most recent call first):
[ 2645s] /usr/bin/gdb-add-index: line 106: 3749203 Aborted                 (core dumped) $GDB --batch -nx -iex 'set auto-load no' -ex "file $file" -ex "save gdb-index $dwarf5 $dir"
[ 2645s] gdb-add-index: gdb error generating index for /home/abuild/rpmbuild/BUILDROOT/liboauth-1.0.3-13.oe1.riscv64/usr/lib64/liboauth.so.0.8.7
[ 2646s] 189 blocks
[ 2647s] + /usr/lib/rpm/check-buildroot
[ 2648s] + /usr/lib/rpm/brp-ldconfig
[ 2648s] + /usr/lib/rpm/brp-compress
[ 2649s] + /usr/lib/rpm/brp-strip-static-archive /usr/bin/strip
[ 2650s] + /usr/lib/rpm/brp-python-bytecompile /usr/bin/python 1 1
[ 2651s] + /usr/lib/rpm/brp-python-hardlink
[ 2652s] Executing(%check): /bin/sh -e /var/tmp/rpm-tmp.BykXXG
[ 2652s] + umask 022
[ 2652s] + cd /home/abuild/rpmbuild/BUILD
[ 2652s] + cd liboauth-1.0.3
[ 2652s] + make check
[ 2652s] Making check in src
[ 2653s] make[1]: Entering directory '/home/abuild/rpmbuild/BUILD/liboauth-1.0.3/src'
[ 2653s] make[1]: Leaving directory '/home/abuild/rpmbuild/BUILD/liboauth-1.0.3/src'
[ 2653s] Making check in doc
[ 2653s] make[1]: Entering directory '/home/abuild/rpmbuild/BUILD/liboauth-1.0.3/doc'
[ 2653s] make[1]: Nothing to be done for 'check'.
[ 2653s] make[1]: Leaving directory '/home/abuild/rpmbuild/BUILD/liboauth-1.0.3/doc'
[ 2653s] Making check in tests
[ 2653s] make[1]: Entering directory '/home/abuild/rpmbuild/BUILD/liboauth-1.0.3/tests'
[ 2653s] make  oauthexample oauthdatapost tcwiki tceran tcother oauthtest oauthtest2 oauthsign oauthbodyhash
[ 2653s] make[2]: Entering directory '/home/abuild/rpmbuild/BUILD/liboauth-1.0.3/tests'
[ 2653s] gcc -DHAVE_CONFIG_H -I. -I../src -I./../src   -Wall -I/usr/include/nss3 -I/usr/include/nspr4    -O2 -g -pipe -Wall -Werror=format-security -Wp,-D_FORTIFY_SOURCE=2 -Wp,-D_GLIBCXX_ASSERTIONS -fstack-protector-strong -grecord-gcc-switches -specs=/usr/lib/rpm/generic-hardened-cc1 -fasynchronous-unwind-tables -fstack-clash-protection -c -o oauthexample-oauthexample.o `test -f 'oauthexample.c' || echo './'`oauthexample.c
[ 2657s] oauthexample.c: In function 'oauth_consumer_example':
[ 2657s] oauthexample.c:77:5: warning: 'oauth_http_post' is deprecated [-Wdeprecated-declarations]
[ 2657s]    77 |     reply = oauth_http_post(req_url,postarg);
[ 2657s]       |     ^~~~~
[ 2657s] In file included from oauthexample.c:30:
[ 2657s] ../src/oauth.h:629:7: note: declared here
[ 2657s]   629 | char *oauth_http_post (const char *u, const char *p) attribute_deprecated;
[ 2657s]       |       ^~~~~~~~~~~~~~~
[ 2657s] oauthexample.c:80:5: warning: 'oauth_http_get' is deprecated [-Wdeprecated-declarations]
[ 2657s]    80 |     reply = oauth_http_get(req_url,postarg);
[ 2657s]       |     ^~~~~
[ 2657s] In file included from oauthexample.c:30:
[ 2657s] ../src/oauth.h:572:7: note: declared here
[ 2657s]   572 | char *oauth_http_get (const char *u, const char *q) attribute_deprecated;
[ 2657s]       |       ^~~~~~~~~~~~~~
[ 2657s] oauthexample.c:95:5: warning: 'oauth_http_post' is deprecated [-Wdeprecated-declarations]
[ 2657s]    95 |     reply = oauth_http_post(req_url,postarg);
[ 2657s]       |     ^~~~~
[ 2657s] In file included from oauthexample.c:30:
[ 2657s] ../src/oauth.h:629:7: note: declared here
[ 2657s]   629 | char *oauth_http_post (const char *u, const char *p) attribute_deprecated;
[ 2657s]       |       ^~~~~~~~~~~~~~~
[ 2657s] oauthexample.c:98:5: warning: 'oauth_http_get' is deprecated [-Wdeprecated-declarations]
[ 2657s]    98 |     reply = oauth_http_get(req_url,postarg);
[ 2657s]       |     ^~~~~
[ 2657s] In file included from oauthexample.c:30:
[ 2657s] ../src/oauth.h:572:7: note: declared here
[ 2657s]   572 | char *oauth_http_get (const char *u, const char *q) attribute_deprecated;
[ 2657s]       |       ^~~~~~~~~~~~~~
[ 2657s] oauthexample.c:112:5: warning: 'oauth_http_post' is deprecated [-Wdeprecated-declarations]
[ 2657s]   112 |     reply = oauth_http_post(req_url,postarg);
[ 2657s]       |     ^~~~~
[ 2657s] In file included from oauthexample.c:30:
[ 2657s] ../src/oauth.h:629:7: note: declared here
[ 2657s]   629 | char *oauth_http_post (const char *u, const char *p) attribute_deprecated;
[ 2657s]       |       ^~~~~~~~~~~~~~~
[ 2657s] oauthexample.c:115:5: warning: 'oauth_http_get' is deprecated [-Wdeprecated-declarations]
[ 2657s]   115 |     reply = oauth_http_get(req_url,postarg);
[ 2657s]       |     ^~~~~
[ 2657s] In file included from oauthexample.c:30:
[ 2657s] ../src/oauth.h:572:7: note: declared here
[ 2657s]   572 | char *oauth_http_get (const char *u, const char *q) attribute_deprecated;
[ 2657s]       |       ^~~~~~~~~~~~~~
[ 2660s] /bin/sh ../libtool --tag=CC   --mode=link gcc -Wall -I/usr/include/nss3 -I/usr/include/nspr4    -O2 -g -pipe -Wall -Werror=format-security -Wp,-D_FORTIFY_SOURCE=2 -Wp,-D_GLIBCXX_ASSERTIONS -fstack-protector-strong -grecord-gcc-switches -specs=/usr/lib/rpm/generic-hardened-cc1 -fasynchronous-unwind-tables -fstack-clash-protection  -Wl,-z,relro   -Wl,-z,now -specs=/usr/lib/rpm/generic-hardened-ld -o oauthexample oauthexample-oauthexample.o ../src/liboauth.la -lm -lssl3 -lsmime3 -lnss3 -lnssutil3 -lplds4 -lplc4 -lnspr4  -lcurl  
[ 2664s] libtool: link: gcc -Wall -I/usr/include/nss3 -I/usr/include/nspr4 -O2 -g -pipe -Wall -Werror=format-security -Wp,-D_FORTIFY_SOURCE=2 -Wp,-D_GLIBCXX_ASSERTIONS -fstack-protector-strong -grecord-gcc-switches -specs=/usr/lib/rpm/generic-hardened-cc1 -fasynchronous-unwind-tables -fstack-clash-protection -Wl,-z -Wl,relro -Wl,-z -Wl,now -specs=/usr/lib/rpm/generic-hardened-ld -o .libs/oauthexample oauthexample-oauthexample.o  ../src/.libs/liboauth.so -lm -lssl3 -lsmime3 -lnss3 -lnssutil3 -lplds4 -lplc4 -lnspr4 -lcurl
[ 2668s] gcc -DHAVE_CONFIG_H -I. -I../src -I./../src   -Wall -I/usr/include/nss3 -I/usr/include/nspr4    -O2 -g -pipe -Wall -Werror=format-security -Wp,-D_FORTIFY_SOURCE=2 -Wp,-D_GLIBCXX_ASSERTIONS -fstack-protector-strong -grecord-gcc-switches -specs=/usr/lib/rpm/generic-hardened-cc1 -fasynchronous-unwind-tables -fstack-clash-protection -c -o oauthdatapost-oauthdatapost.o `test -f 'oauthdatapost.c' || echo './'`oauthdatapost.c
[ 2672s] In file included from /usr/include/stdio.h:888,
[ 2672s]                  from oauthdatapost.c:28:
[ 2672s] In function 'printf',
[ 2672s]     inlined from 'oauth_image_post' at oauthdatapost.c:100:3:
[ 2672s] /usr/include/bits/stdio2.h:112:10: warning: '%s' directive argument is null [-Wformat-overflow=]
[ 2672s]   112 |   return __printf_chk (__USE_FORTIFY_LEVEL - 1, __fmt, __va_arg_pack ());
[ 2672s]       |          ^~~~~~~~~~~~~~~~~~~~~~~~~~~~~~~~~~~~~~~~~~~~~~~~~~~~~~~~~~~~~~~
[ 2676s] /bin/sh ../libtool --tag=CC   --mode=link gcc -Wall -I/usr/include/nss3 -I/usr/include/nspr4    -O2 -g -pipe -Wall -Werror=format-security -Wp,-D_FORTIFY_SOURCE=2 -Wp,-D_GLIBCXX_ASSERTIONS -fstack-protector-strong -grecord-gcc-switches -specs=/usr/lib/rpm/generic-hardened-cc1 -fasynchronous-unwind-tables -fstack-clash-protection  -Wl,-z,relro   -Wl,-z,now -specs=/usr/lib/rpm/generic-hardened-ld -o oauthdatapost oauthdatapost-oauthdatapost.o ../src/liboauth.la -lm -lssl3 -lsmime3 -lnss3 -lnssutil3 -lplds4 -lplc4 -lnspr4  -lcurl  
[ 2680s] libtool: link: gcc -Wall -I/usr/include/nss3 -I/usr/include/nspr4 -O2 -g -pipe -Wall -Werror=format-security -Wp,-D_FORTIFY_SOURCE=2 -Wp,-D_GLIBCXX_ASSERTIONS -fstack-protector-strong -grecord-gcc-switches -specs=/usr/lib/rpm/generic-hardened-cc1 -fasynchronous-unwind-tables -fstack-clash-protection -Wl,-z -Wl,relro -Wl,-z -Wl,now -specs=/usr/lib/rpm/generic-hardened-ld -o .libs/oauthdatapost oauthdatapost-oauthdatapost.o  ../src/.libs/liboauth.so -lm -lssl3 -lsmime3 -lnss3 -lnssutil3 -lplds4 -lplc4 -lnspr4 -lcurl
[ 2685s] gcc -DHAVE_CONFIG_H -I. -I../src -I./../src   -Wall -I/usr/include/nss3 -I/usr/include/nspr4    -DTEST_UNICODE -O2 -g -pipe -Wall -Werror=format-security -Wp,-D_FORTIFY_SOURCE=2 -Wp,-D_GLIBCXX_ASSERTIONS -fstack-protector-strong -grecord-gcc-switches -specs=/usr/lib/rpm/generic-hardened-cc1 -fasynchronous-unwind-tables -fstack-clash-protection -c -o tcwiki-selftest_wiki.o `test -f 'selftest_wiki.c' || echo './'`selftest_wiki.c
[ 2689s] gcc -DHAVE_CONFIG_H -I. -I../src -I./../src   -Wall -I/usr/include/nss3 -I/usr/include/nspr4    -DTEST_UNICODE -O2 -g -pipe -Wall -Werror=format-security -Wp,-D_FORTIFY_SOURCE=2 -Wp,-D_GLIBCXX_ASSERTIONS -fstack-protector-strong -grecord-gcc-switches -specs=/usr/lib/rpm/generic-hardened-cc1 -fasynchronous-unwind-tables -fstack-clash-protection -c -o tcwiki-commontest.o `test -f 'commontest.c' || echo './'`commontest.c
[ 2696s] /bin/sh ../libtool --tag=CC   --mode=link gcc -Wall -I/usr/include/nss3 -I/usr/include/nspr4    -DTEST_UNICODE -O2 -g -pipe -Wall -Werror=format-security -Wp,-D_FORTIFY_SOURCE=2 -Wp,-D_GLIBCXX_ASSERTIONS -fstack-protector-strong -grecord-gcc-switches -specs=/usr/lib/rpm/generic-hardened-cc1 -fasynchronous-unwind-tables -fstack-clash-protection  -Wl,-z,relro   -Wl,-z,now -specs=/usr/lib/rpm/generic-hardened-ld -o tcwiki tcwiki-selftest_wiki.o tcwiki-commontest.o ../src/liboauth.la -lm -lssl3 -lsmime3 -lnss3 -lnssutil3 -lplds4 -lplc4 -lnspr4  -lcurl  
[ 2699s] libtool: link: gcc -Wall -I/usr/include/nss3 -I/usr/include/nspr4 -DTEST_UNICODE -O2 -g -pipe -Wall -Werror=format-security -Wp,-D_FORTIFY_SOURCE=2 -Wp,-D_GLIBCXX_ASSERTIONS -fstack-protector-strong -grecord-gcc-switches -specs=/usr/lib/rpm/generic-hardened-cc1 -fasynchronous-unwind-tables -fstack-clash-protection -Wl,-z -Wl,relro -Wl,-z -Wl,now -specs=/usr/lib/rpm/generic-hardened-ld -o .libs/tcwiki tcwiki-selftest_wiki.o tcwiki-commontest.o  ../src/.libs/liboauth.so -lm -lssl3 -lsmime3 -lnss3 -lnssutil3 -lplds4 -lplc4 -lnspr4 -lcurl
[ 2704s] gcc -DHAVE_CONFIG_H -I. -I../src -I./../src   -Wall -I/usr/include/nss3 -I/usr/include/nspr4    -DTEST_UNICODE -O2 -g -pipe -Wall -Werror=format-security -Wp,-D_FORTIFY_SOURCE=2 -Wp,-D_GLIBCXX_ASSERTIONS -fstack-protector-strong -grecord-gcc-switches -specs=/usr/lib/rpm/generic-hardened-cc1 -fasynchronous-unwind-tables -fstack-clash-protection -c -o tceran-selftest_eran.o `test -f 'selftest_eran.c' || echo './'`selftest_eran.c
[ 2710s] gcc -DHAVE_CONFIG_H -I. -I../src -I./../src   -Wall -I/usr/include/nss3 -I/usr/include/nspr4    -DTEST_UNICODE -O2 -g -pipe -Wall -Werror=format-security -Wp,-D_FORTIFY_SOURCE=2 -Wp,-D_GLIBCXX_ASSERTIONS -fstack-protector-strong -grecord-gcc-switches -specs=/usr/lib/rpm/generic-hardened-cc1 -fasynchronous-unwind-tables -fstack-clash-protection -c -o tceran-commontest.o `test -f 'commontest.c' || echo './'`commontest.c
[ 2716s] /bin/sh ../libtool --tag=CC   --mode=link gcc -Wall -I/usr/include/nss3 -I/usr/include/nspr4    -DTEST_UNICODE -O2 -g -pipe -Wall -Werror=format-security -Wp,-D_FORTIFY_SOURCE=2 -Wp,-D_GLIBCXX_ASSERTIONS -fstack-protector-strong -grecord-gcc-switches -specs=/usr/lib/rpm/generic-hardened-cc1 -fasynchronous-unwind-tables -fstack-clash-protection  -Wl,-z,relro   -Wl,-z,now -specs=/usr/lib/rpm/generic-hardened-ld -o tceran tceran-selftest_eran.o tceran-commontest.o ../src/liboauth.la -lm -lssl3 -lsmime3 -lnss3 -lnssutil3 -lplds4 -lplc4 -lnspr4  -lcurl  
[ 2720s] libtool: link: gcc -Wall -I/usr/include/nss3 -I/usr/include/nspr4 -DTEST_UNICODE -O2 -g -pipe -Wall -Werror=format-security -Wp,-D_FORTIFY_SOURCE=2 -Wp,-D_GLIBCXX_ASSERTIONS -fstack-protector-strong -grecord-gcc-switches -specs=/usr/lib/rpm/generic-hardened-cc1 -fasynchronous-unwind-tables -fstack-clash-protection -Wl,-z -Wl,relro -Wl,-z -Wl,now -specs=/usr/lib/rpm/generic-hardened-ld -o .libs/tceran tceran-selftest_eran.o tceran-commontest.o  ../src/.libs/liboauth.so -lm -lssl3 -lsmime3 -lnss3 -lnssutil3 -lplds4 -lplc4 -lnspr4 -lcurl
[ 2724s] gcc -DHAVE_CONFIG_H -I. -I../src -I./../src   -Wall -I/usr/include/nss3 -I/usr/include/nspr4    -O2 -g -pipe -Wall -Werror=format-security -Wp,-D_FORTIFY_SOURCE=2 -Wp,-D_GLIBCXX_ASSERTIONS -fstack-protector-strong -grecord-gcc-switches -specs=/usr/lib/rpm/generic-hardened-cc1 -fasynchronous-unwind-tables -fstack-clash-protection -c -o tcother-selftest_other.o `test -f 'selftest_other.c' || echo './'`selftest_other.c
[ 2730s] gcc -DHAVE_CONFIG_H -I. -I../src -I./../src   -Wall -I/usr/include/nss3 -I/usr/include/nspr4    -O2 -g -pipe -Wall -Werror=format-security -Wp,-D_FORTIFY_SOURCE=2 -Wp,-D_GLIBCXX_ASSERTIONS -fstack-protector-strong -grecord-gcc-switches -specs=/usr/lib/rpm/generic-hardened-cc1 -fasynchronous-unwind-tables -fstack-clash-protection -c -o tcother-commontest.o `test -f 'commontest.c' || echo './'`commontest.c
[ 2734s] /bin/sh ../libtool --tag=CC   --mode=link gcc -Wall -I/usr/include/nss3 -I/usr/include/nspr4    -O2 -g -pipe -Wall -Werror=format-security -Wp,-D_FORTIFY_SOURCE=2 -Wp,-D_GLIBCXX_ASSERTIONS -fstack-protector-strong -grecord-gcc-switches -specs=/usr/lib/rpm/generic-hardened-cc1 -fasynchronous-unwind-tables -fstack-clash-protection  -Wl,-z,relro   -Wl,-z,now -specs=/usr/lib/rpm/generic-hardened-ld -o tcother tcother-selftest_other.o tcother-commontest.o ../src/liboauth.la -lm -lssl3 -lsmime3 -lnss3 -lnssutil3 -lplds4 -lplc4 -lnspr4  -lcurl  
[ 2739s] libtool: link: gcc -Wall -I/usr/include/nss3 -I/usr/include/nspr4 -O2 -g -pipe -Wall -Werror=format-security -Wp,-D_FORTIFY_SOURCE=2 -Wp,-D_GLIBCXX_ASSERTIONS -fstack-protector-strong -grecord-gcc-switches -specs=/usr/lib/rpm/generic-hardened-cc1 -fasynchronous-unwind-tables -fstack-clash-protection -Wl,-z -Wl,relro -Wl,-z -Wl,now -specs=/usr/lib/rpm/generic-hardened-ld -o .libs/tcother tcother-selftest_other.o tcother-commontest.o  ../src/.libs/liboauth.so -lm -lssl3 -lsmime3 -lnss3 -lnssutil3 -lplds4 -lplc4 -lnspr4 -lcurl
[ 2742s] gcc -DHAVE_CONFIG_H -I. -I../src -I./../src   -Wall -I/usr/include/nss3 -I/usr/include/nspr4    -O2 -g -pipe -Wall -Werror=format-security -Wp,-D_FORTIFY_SOURCE=2 -Wp,-D_GLIBCXX_ASSERTIONS -fstack-protector-strong -grecord-gcc-switches -specs=/usr/lib/rpm/generic-hardened-cc1 -fasynchronous-unwind-tables -fstack-clash-protection -c -o oauthtest-oauthtest.o `test -f 'oauthtest.c' || echo './'`oauthtest.c
[ 2746s] oauthtest.c: In function 'request_token_example_get':
[ 2746s] oauthtest.c:56:3: warning: 'oauth_http_get' is deprecated [-Wdeprecated-declarations]
[ 2746s]    56 |   reply = oauth_http_get(req_url,NULL);
[ 2746s]       |   ^~~~~
[ 2746s] In file included from oauthtest.c:30:
[ 2746s] ../src/oauth.h:572:7: note: declared here
[ 2746s]   572 | char *oauth_http_get (const char *u, const char *q) attribute_deprecated;
[ 2746s]       |       ^~~~~~~~~~~~~~
[ 2746s] oauthtest.c: In function 'request_token_example_post':
[ 2746s] oauthtest.c:108:3: warning: 'oauth_http_post' is deprecated [-Wdeprecated-declarations]
[ 2746s]   108 |   reply = oauth_http_post(req_url,postarg);
[ 2746s]       |   ^~~~~
[ 2746s] In file included from oauthtest.c:30:
[ 2746s] ../src/oauth.h:629:7: note: declared here
[ 2746s]   629 | char *oauth_http_post (const char *u, const char *p) attribute_deprecated;
[ 2746s]       |       ^~~~~~~~~~~~~~~
[ 2749s] /bin/sh ../libtool --tag=CC   --mode=link gcc -Wall -I/usr/include/nss3 -I/usr/include/nspr4    -O2 -g -pipe -Wall -Werror=format-security -Wp,-D_FORTIFY_SOURCE=2 -Wp,-D_GLIBCXX_ASSERTIONS -fstack-protector-strong -grecord-gcc-switches -specs=/usr/lib/rpm/generic-hardened-cc1 -fasynchronous-unwind-tables -fstack-clash-protection  -Wl,-z,relro   -Wl,-z,now -specs=/usr/lib/rpm/generic-hardened-ld -o oauthtest oauthtest-oauthtest.o ../src/liboauth.la -lm -lssl3 -lsmime3 -lnss3 -lnssutil3 -lplds4 -lplc4 -lnspr4  -lcurl  
[ 2753s] libtool: link: gcc -Wall -I/usr/include/nss3 -I/usr/include/nspr4 -O2 -g -pipe -Wall -Werror=format-security -Wp,-D_FORTIFY_SOURCE=2 -Wp,-D_GLIBCXX_ASSERTIONS -fstack-protector-strong -grecord-gcc-switches -specs=/usr/lib/rpm/generic-hardened-cc1 -fasynchronous-unwind-tables -fstack-clash-protection -Wl,-z -Wl,relro -Wl,-z -Wl,now -specs=/usr/lib/rpm/generic-hardened-ld -o .libs/oauthtest oauthtest-oauthtest.o  ../src/.libs/liboauth.so -lm -lssl3 -lsmime3 -lnss3 -lnssutil3 -lplds4 -lplc4 -lnspr4 -lcurl
[ 2757s] gcc -DHAVE_CONFIG_H -I. -I../src -I./../src   -Wall -I/usr/include/nss3 -I/usr/include/nspr4    -O2 -g -pipe -Wall -Werror=format-security -Wp,-D_FORTIFY_SOURCE=2 -Wp,-D_GLIBCXX_ASSERTIONS -fstack-protector-strong -grecord-gcc-switches -specs=/usr/lib/rpm/generic-hardened-cc1 -fasynchronous-unwind-tables -fstack-clash-protection -c -o oauthtest2-oauthtest2.o `test -f 'oauthtest2.c' || echo './'`oauthtest2.c
[ 2759s] oauthtest2.c: In function 'request_token_example_get':
[ 2759s] oauthtest2.c:97:3: warning: 'oauth_http_get2' is deprecated [-Wdeprecated-declarations]
[ 2759s]    97 |   reply = oauth_http_get2(req_url,NULL, http_hdr);
[ 2759s]       |   ^~~~~
[ 2759s] In file included from oauthtest2.c:31:
[ 2759s] ../src/oauth.h:595:7: note: declared here
[ 2759s]   595 | char *oauth_http_get2 (const char *u, const char *q, const char *customheader) attribute_deprecated;
[ 2759s]       |       ^~~~~~~~~~~~~~~
[ 2763s] /bin/sh ../libtool --tag=CC   --mode=link gcc -Wall -I/usr/include/nss3 -I/usr/include/nspr4    -O2 -g -pipe -Wall -Werror=format-security -Wp,-D_FORTIFY_SOURCE=2 -Wp,-D_GLIBCXX_ASSERTIONS -fstack-protector-strong -grecord-gcc-switches -specs=/usr/lib/rpm/generic-hardened-cc1 -fasynchronous-unwind-tables -fstack-clash-protection  -Wl,-z,relro   -Wl,-z,now -specs=/usr/lib/rpm/generic-hardened-ld -o oauthtest2 oauthtest2-oauthtest2.o ../src/liboauth.la -lm -lssl3 -lsmime3 -lnss3 -lnssutil3 -lplds4 -lplc4 -lnspr4  -lcurl  
[ 2767s] libtool: link: gcc -Wall -I/usr/include/nss3 -I/usr/include/nspr4 -O2 -g -pipe -Wall -Werror=format-security -Wp,-D_FORTIFY_SOURCE=2 -Wp,-D_GLIBCXX_ASSERTIONS -fstack-protector-strong -grecord-gcc-switches -specs=/usr/lib/rpm/generic-hardened-cc1 -fasynchronous-unwind-tables -fstack-clash-protection -Wl,-z -Wl,relro -Wl,-z -Wl,now -specs=/usr/lib/rpm/generic-hardened-ld -o .libs/oauthtest2 oauthtest2-oauthtest2.o  ../src/.libs/liboauth.so -lm -lssl3 -lsmime3 -lnss3 -lnssutil3 -lplds4 -lplc4 -lnspr4 -lcurl
[ 2772s] gcc -DHAVE_CONFIG_H -I. -I../src -I./../src   -Wall -I/usr/include/nss3 -I/usr/include/nspr4    -O2 -g -pipe -Wall -Werror=format-security -Wp,-D_FORTIFY_SOURCE=2 -Wp,-D_GLIBCXX_ASSERTIONS -fstack-protector-strong -grecord-gcc-switches -specs=/usr/lib/rpm/generic-hardened-cc1 -fasynchronous-unwind-tables -fstack-clash-protection -c -o oauthsign-oauthsign.o `test -f 'oauthsign.c' || echo './'`oauthsign.c
[ 2775s] oauthsign.c: In function 'main':
[ 2775s] oauthsign.c:63:7: warning: 'oauth_http_post' is deprecated [-Wdeprecated-declarations]
[ 2775s]    63 |       char *reply = oauth_http_post(post,postargs);
[ 2775s]       |       ^~~~
[ 2775s] In file included from oauthsign.c:3:
[ 2775s] ../src/oauth.h:629:7: note: declared here
[ 2775s]   629 | char *oauth_http_post (const char *u, const char *p) attribute_deprecated;
[ 2775s]       |       ^~~~~~~~~~~~~~~
[ 2778s] /bin/sh ../libtool --tag=CC   --mode=link gcc -Wall -I/usr/include/nss3 -I/usr/include/nspr4    -O2 -g -pipe -Wall -Werror=format-security -Wp,-D_FORTIFY_SOURCE=2 -Wp,-D_GLIBCXX_ASSERTIONS -fstack-protector-strong -grecord-gcc-switches -specs=/usr/lib/rpm/generic-hardened-cc1 -fasynchronous-unwind-tables -fstack-clash-protection  -Wl,-z,relro   -Wl,-z,now -specs=/usr/lib/rpm/generic-hardened-ld -o oauthsign oauthsign-oauthsign.o ../src/liboauth.la -lm -lssl3 -lsmime3 -lnss3 -lnssutil3 -lplds4 -lplc4 -lnspr4  -lcurl  
[ 2781s] libtool: link: gcc -Wall -I/usr/include/nss3 -I/usr/include/nspr4 -O2 -g -pipe -Wall -Werror=format-security -Wp,-D_FORTIFY_SOURCE=2 -Wp,-D_GLIBCXX_ASSERTIONS -fstack-protector-strong -grecord-gcc-switches -specs=/usr/lib/rpm/generic-hardened-cc1 -fasynchronous-unwind-tables -fstack-clash-protection -Wl,-z -Wl,relro -Wl,-z -Wl,now -specs=/usr/lib/rpm/generic-hardened-ld -o .libs/oauthsign oauthsign-oauthsign.o  ../src/.libs/liboauth.so -lm -lssl3 -lsmime3 -lnss3 -lnssutil3 -lplds4 -lplc4 -lnspr4 -lcurl
[ 2786s] gcc -DHAVE_CONFIG_H -I. -I../src -I./../src   -Wall -I/usr/include/nss3 -I/usr/include/nspr4    -O2 -g -pipe -Wall -Werror=format-security -Wp,-D_FORTIFY_SOURCE=2 -Wp,-D_GLIBCXX_ASSERTIONS -fstack-protector-strong -grecord-gcc-switches -specs=/usr/lib/rpm/generic-hardened-cc1 -fasynchronous-unwind-tables -fstack-clash-protection -c -o oauthbodyhash-oauthbodyhash.o `test -f 'oauthbodyhash.c' || echo './'`oauthbodyhash.c
[ 2789s] oauthbodyhash.c: In function 'my_data_post':
[ 2789s] oauthbodyhash.c:60:3: warning: 'oauth_post_data' is deprecated [-Wdeprecated-declarations]
[ 2789s]    60 |   reply = oauth_post_data(sig_url, data, strlen(data), "Content-Type: application/json");
[ 2789s]       |   ^~~~~
[ 2789s] In file included from oauthbodyhash.c:30:
[ 2789s] ../src/oauth.h:688:7: note: declared here
[ 2789s]   688 | char *oauth_post_data (const char *u, const char *data, size_t len, const char *customheader) attribute_deprecated;
[ 2789s]       |       ^~~~~~~~~~~~~~~
[ 2792s] /bin/sh ../libtool --tag=CC   --mode=link gcc -Wall -I/usr/include/nss3 -I/usr/include/nspr4    -O2 -g -pipe -Wall -Werror=format-security -Wp,-D_FORTIFY_SOURCE=2 -Wp,-D_GLIBCXX_ASSERTIONS -fstack-protector-strong -grecord-gcc-switches -specs=/usr/lib/rpm/generic-hardened-cc1 -fasynchronous-unwind-tables -fstack-clash-protection  -Wl,-z,relro   -Wl,-z,now -specs=/usr/lib/rpm/generic-hardened-ld -o oauthbodyhash oauthbodyhash-oauthbodyhash.o ../src/liboauth.la -lm -lssl3 -lsmime3 -lnss3 -lnssutil3 -lplds4 -lplc4 -lnspr4  -lcurl  
[ 2797s] libtool: link: gcc -Wall -I/usr/include/nss3 -I/usr/include/nspr4 -O2 -g -pipe -Wall -Werror=format-security -Wp,-D_FORTIFY_SOURCE=2 -Wp,-D_GLIBCXX_ASSERTIONS -fstack-protector-strong -grecord-gcc-switches -specs=/usr/lib/rpm/generic-hardened-cc1 -fasynchronous-unwind-tables -fstack-clash-protection -Wl,-z -Wl,relro -Wl,-z -Wl,now -specs=/usr/lib/rpm/generic-hardened-ld -o .libs/oauthbodyhash oauthbodyhash-oauthbodyhash.o  ../src/.libs/liboauth.so -lm -lssl3 -lsmime3 -lnss3 -lnssutil3 -lplds4 -lplc4 -lnspr4 -lcurl
[ 2800s] make[2]: Leaving directory '/home/abuild/rpmbuild/BUILD/liboauth-1.0.3/tests'
[ 2800s] make[1]: Leaving directory '/home/abuild/rpmbuild/BUILD/liboauth-1.0.3/tests'
[ 2801s] make[1]: Entering directory '/home/abuild/rpmbuild/BUILD/liboauth-1.0.3'
[ 2801s] make  check-TESTS
[ 2801s] make[2]: Entering directory '/home/abuild/rpmbuild/BUILD/liboauth-1.0.3'
[ 2810s] FAIL: tests/tcwiki
[ 2817s] 
[ 2817s]  *** testing liboauth against Eran's Test cases ***
[ 2817s]  http://groups.google.com/group/oauth/browse_frm/thread/243f4da439fd1f51?hl=en
[ 2817s] parameter encoding ok. ('1234%3Dasdf%3D4567')
[ 2817s] parameter encoding ok. ('asdf-4354%3Dasew-5698')
[ 2817s] parameter encoding ok. ('erks823%2A43%3Dasd%26123ls%2523')
[ 2817s] parameter encoding ok. ('dis9%24%23%24Js009%25%3D%3D')
[ 2817s] parameter encoding ok. ('3jd834jd9')
[ 2817s] parameter encoding ok. ('12303202302')
[ 2817s] parameter encoding ok. ('taken%20with%20a%2030%25%20orange%20filter')
[ 2817s] parameter encoding ok. ('mountain%20%26%20water%20view')
[ 2817s] request concatenation ok.
[ 2817s] request signature ok.
[ 2817s]  *** Eran's Test-Cases verified sucessfully.
[ 2817s] PASS: tests/tceran
[ 2824s] 
[ 2824s]  *** Testing query parameter array encoding.
[ 2824s] request concatenation ok.
[ 2824s] 
[ 2824s]  *** Testing http://tools.ietf.org/html/rfc5849 example.
[ 2824s] request concatenation ok.
[ 2824s] 
[ 2824s]  *** Testing body hash calculation.
[ 2824s] 
[ 2824s]  *** Testing PLAINTEXT signature.
[ 2824s] GET: URL:http://host.net/resource?name=value&name=value&oauth_consumer_key=abcd&oauth_nonce=fake&oauth_signature_method=PLAINTEXT&oauth_timestamp=1&oauth_token=1234&oauth_version=1.0&oauth_signature=%2526%26%2526
[ 2824s] PLAINTEXT signature ok.
[ 2824s]  *** Test cases verified sucessfully.
[ 2824s] PASS: tests/tcother
[ 2825s] ========================================
[ 2825s] 1 of 3 tests failed
[ 2825s] Please report to robin AT gareus DOT org
[ 2825s] ========================================
[ 2825s] make[2]: *** [Makefile:519: check-TESTS] Error 1
[ 2825s] make[2]: Leaving directory '/home/abuild/rpmbuild/BUILD/liboauth-1.0.3'
[ 2825s] make[1]: *** [Makefile:802: check-am] Error 2
[ 2825s] make[1]: Leaving directory '/home/abuild/rpmbuild/BUILD/liboauth-1.0.3'
[ 2825s] make: *** [Makefile:390: check-recursive] Error 1
[ 2825s] error: Bad exit status from /var/tmp/rpm-tmp.BykXXG (%check)
[ 2825s] 
[ 2825s] 
[ 2825s] RPM build errors:
[ 2825s]     Bad exit status from /var/tmp/rpm-tmp.BykXXG (%check)
[ 2825s] 
[ 2826s] oe-RISCV-worker29 failed "build liboauth.spec" at Fri Apr 15 02:40:37 UTC 2022.
[ 2826s] 
