[    1s] Memory limit set to 10955196KB
[    1s] Using BUILD_ROOT=/var/cache/obs/worker/root_1
[    1s] Using BUILD_ARCH=riscv64
[    1s] 
[    4s] 
[    5s] oe-RISCV-worker29 started "build _service:extract_file:libraqm.spec" at Thu Apr 21 16:57:54 UTC 2022.
[    5s] 
[    5s] Building libraqm for project 'openEuler:Mainline:RISC-V' repository 'advanced_riscv64' arch 'riscv64' srcmd5 '31060de9b58ffb34fa4a7b5d36cf7de1'
[    5s] 
[    5s] processing recipe /var/cache/obs/worker/root_1/.build-srcdir/_service:extract_file:libraqm.spec ...
[    9s] running changelog2spec --target rpm --file /var/cache/obs/worker/root_1/.build-srcdir/_service:extract_file:libraqm.spec
[   10s] init_buildsystem --configdir /var/run/obs/worker/1/build/configs --cachedir /var/cache/build --clean --rpmlist /var/cache/obs/worker/root_1/.build.rpmlist /var/cache/obs/worker/root_1/.build-srcdir/_service:extract_file:libraqm.spec build ...
[  100s] cycle: bash -> coreutils
[  100s]   breaking dependency coreutils -> bash
[  100s] cycle: bash -> coreutils -> info
[  100s]   breaking dependency coreutils -> info
[  100s] cycle: glibc -> filesystem -> bash -> coreutils
[  100s]   breaking dependency filesystem -> bash
[  100s] cycle: glibc -> filesystem -> coreutils
[  100s]   breaking dependency coreutils -> glibc
[  100s] cycle: glibc -> filesystem -> coreutils -> libacl
[  100s]   breaking dependency coreutils -> libacl
[  100s] cycle: glibc -> filesystem -> coreutils -> attr
[  100s]   breaking dependency coreutils -> attr
[  100s] cycle: coreutils -> libcap -> bash
[  100s]   breaking dependency coreutils -> libcap
[  100s] cycle: glibc -> filesystem -> coreutils -> openssl-libs
[  100s]   breaking dependency coreutils -> openssl-libs
[  100s] cycle: glibc -> filesystem -> coreutils -> libselinux
[  100s]   breaking dependency libselinux -> glibc
[  100s] cycle: glibc -> filesystem -> coreutils -> libselinux -> pcre2
[  100s]   breaking dependency pcre2 -> glibc
[  100s] cycle: glibc -> filesystem -> coreutils -> libselinux -> pcre2 -> readline
[  100s]   breaking dependency readline -> glibc
[  100s] cycle: glibc -> filesystem -> coreutils -> libselinux -> pcre2 -> readline -> ncurses-libs
[  100s]   breaking dependency coreutils -> libselinux
[  100s] cycle: glibc -> filesystem -> coreutils -> ncurses
[  100s]   breaking dependency ncurses -> glibc
[  100s] cycle: glibc -> filesystem -> coreutils -> ncurses -> ncurses-libs
[  100s]   breaking dependency ncurses -> ncurses-libs
[  100s] cycle: filesystem -> coreutils -> ncurses -> libgcc
[  100s]   breaking dependency ncurses -> libgcc
[  100s] cycle: perl-Carp -> perl-libs
[  100s]   breaking dependency perl-libs -> perl-Carp
[  100s] cycle: perl-libs -> perl-Exporter
[  100s]   breaking dependency perl-libs -> perl-Exporter
[  100s] cycle: perl-Carp -> perl-Exporter
[  100s]   breaking dependency perl-Exporter -> perl-Carp
[  100s] cycle: nss-util -> nss
[  100s]   breaking dependency nss -> nss-util
[  100s] cycle: nss-softokn -> nss-util -> nss
[  100s]   breaking dependency nss -> nss-softokn
[  100s] cycle: systemd -> cryptsetup -> device-mapper
[  100s]   breaking dependency systemd -> cryptsetup
[  100s] cycle: audit -> systemd -> pam
[  100s]   breaking dependency systemd -> pam
[  100s] [1/84] preinstalling dbus...
[  101s] [2/84] preinstalling libffi-devel...
[  102s] [3/84] preinstalling nodejs-source-map...
[  103s] [4/84] preinstalling python3-pip...
[  106s] [5/84] preinstalling python3-setuptools_scm...
[  107s] [6/84] preinstalling ncurses...
[  112s] [7/84] preinstalling coreutils...
[  117s] [8/84] preinstalling filesystem...
[  120s] [9/84] preinstalling glibc...
[  124s] [10/84] preinstalling libgcc...
[  125s] [11/84] preinstalling diffutils...
[  126s] [12/84] preinstalling libcap-ng...
[  127s] [13/84] preinstalling libgpg-error...
[  128s] [14/84] preinstalling libpcap...
[  129s] [15/84] preinstalling libsmartcols...
[  130s] [16/84] preinstalling libuuid...
[  132s] [17/84] preinstalling libxcrypt...
[  133s] [18/84] preinstalling lz4...
[  134s] [19/84] preinstalling m4...
[  135s] [20/84] preinstalling ncurses-libs...
[  136s] [21/84] preinstalling nspr...
[  137s] [22/84] preinstalling xz-libs...
[  137s] [23/84] preinstalling zlib...
[  138s] [24/84] preinstalling attr...
[  139s] [25/84] preinstalling libdb...
[  143s] [26/84] preinstalling zstd...
[  145s] [27/84] preinstalling audit-libs...
[  146s] [28/84] preinstalling file...
[  147s] [29/84] preinstalling iptables-libs...
[  148s] [30/84] preinstalling libacl...
[  149s] [31/84] preinstalling libgcrypt...
[  150s] [32/84] preinstalling openssl-libs...
[  152s] [33/84] preinstalling readline...
[  153s] [34/84] preinstalling bash...
[  156s] [35/84] preinstalling cmake...
[  168s] [36/84] preinstalling perl-libs...
[  172s] [37/84] preinstalling dnf...
[  172s] [38/84] preinstalling pcre2...
[  174s] [39/84] preinstalling perl-Exporter...
[  175s] [40/84] preinstalling bzip2...
[  176s] [41/84] preinstalling elfutils...
[  177s] [42/84] preinstalling hostname...
[  178s] [43/84] preinstalling libcap...
[  179s] [44/84] preinstalling pcre...
[  181s] [45/84] preinstalling popt...
[  182s] [46/84] preinstalling acl...
[  183s] [47/84] preinstalling libblkid...
[  184s] [48/84] preinstalling openssl...
[  185s] [49/84] preinstalling sqlite...
[  187s] [50/84] preinstalling tar...
[  189s] [51/84] preinstalling info...
[  190s] [52/84] preinstalling libgcrypt-devel...
[  191s] [53/84] preinstalling lua...
[  192s] [54/84] preinstalling libselinux...
[  193s] [55/84] preinstalling perl-Carp...
[  194s] [56/84] preinstalling copy-jdk-configs...
[  194s] [57/84] preinstalling libfdisk...
[  196s] [58/84] preinstalling perl-Digest-MD5...
[  196s] [59/84] preinstalling grep...
[  198s] [60/84] preinstalling rpm-libs...
[  199s] [61/84] preinstalling chkconfig...
[  200s] [62/84] preinstalling sed...
[  201s] [63/84] preinstalling libmount...
[  202s] [64/84] preinstalling libsemanage...
[  203s] [65/84] preinstalling perl-constant...
[  204s] [66/84] preinstalling findutils...
[  205s] [67/84] preinstalling xz...
[  206s] [68/84] preinstalling perl-Getopt-Long...
[  207s] [69/84] preinstalling glib2...
[  211s] [70/84] preinstalling nss...
[  213s] [71/84] preinstalling perl-Data-Dumper...
[  214s] [72/84] preinstalling systemd-libs...
[  215s] [73/84] preinstalling systemd...
[  219s] [74/84] preinstalling dbus-libs...
[  220s] [75/84] preinstalling nss-util...
[  222s] [76/84] preinstalling audit...
[  224s] [77/84] preinstalling nss-softokn...
[  225s] [78/84] preinstalling pam...
[  227s] [79/84] preinstalling rpm...
[  228s] [80/84] preinstalling openEuler-rpm-config...
[  229s] [81/84] preinstalling util-linux...
[  233s] [82/84] preinstalling device-mapper...
[  235s] [83/84] preinstalling cryptsetup...
[  236s] [84/84] preinstalling lvm2...
[  239s] 
[  241s] initializing rpm db...
[  254s] reordering...cycle: coreutils -> bash
[  254s]   breaking dependency coreutils -> bash
[  254s] cycle: coreutils -> info
[  254s]   breaking dependency coreutils -> info
[  254s] cycle: glibc -> basesystem -> filesystem -> coreutils -> gmp
[  254s]   breaking dependency coreutils -> gmp
[  254s] cycle: glibc -> basesystem -> filesystem -> coreutils
[  254s]   breaking dependency coreutils -> glibc
[  254s] cycle: glibc -> basesystem -> filesystem -> coreutils -> libacl
[  254s]   breaking dependency coreutils -> libacl
[  254s] cycle: glibc -> basesystem -> filesystem -> coreutils -> attr
[  254s]   breaking dependency coreutils -> attr
[  254s] cycle: coreutils -> libcap
[  254s]   breaking dependency coreutils -> libcap
[  254s] cycle: glibc -> basesystem -> filesystem -> coreutils -> openssl-libs
[  254s]   breaking dependency openssl-libs -> glibc
[  254s] cycle: coreutils -> openssl-libs -> ca-certificates
[  254s]   breaking dependency ca-certificates -> coreutils
[  254s] cycle: coreutils -> openssl-libs -> ca-certificates -> bash
[  254s]   breaking dependency ca-certificates -> bash
[  254s] cycle: coreutils -> openssl-libs -> ca-certificates -> grep
[  254s]   breaking dependency grep -> coreutils
[  254s] cycle: coreutils -> openssl-libs -> ca-certificates -> grep -> bash
[  254s]   breaking dependency ca-certificates -> grep
[  254s] cycle: glibc -> basesystem -> filesystem -> coreutils -> openssl-libs -> ca-certificates -> p11-kit
[  254s]   breaking dependency p11-kit -> glibc
[  254s] cycle: glibc -> basesystem -> filesystem -> coreutils -> openssl-libs -> ca-certificates -> p11-kit -> libffi
[  254s]   breaking dependency openssl-libs -> ca-certificates
[  254s] cycle: coreutils -> openssl-libs -> crypto-policies -> bash
[  254s]   breaking dependency crypto-policies -> bash
[  254s] cycle: coreutils -> openssl-libs -> crypto-policies
[  254s]   breaking dependency crypto-policies -> coreutils
[  254s] cycle: coreutils -> openssl-libs -> crypto-policies -> grep -> bash
[  254s]   breaking dependency bash -> coreutils
[  254s] cycle: filesystem -> coreutils -> openssl-libs -> crypto-policies -> grep -> bash
[  254s]   breaking dependency grep -> bash
[  254s] cycle: glibc -> basesystem -> filesystem -> coreutils -> openssl-libs -> crypto-policies -> grep
[  254s]   breaking dependency glibc -> basesystem
[  254s] cycle: glibc -> glibc-common -> bash -> filesystem -> coreutils -> openssl-libs -> crypto-policies -> grep
[  254s]   breaking dependency glibc-common -> bash
[  254s] cycle: glibc -> glibc-common -> coreutils -> openssl-libs -> crypto-policies -> grep
[  254s]   breaking dependency glibc-common -> coreutils
[  254s] cycle: glibc -> glibc-common
[  254s]   breaking dependency glibc-common -> glibc
[  254s] cycle: glibc -> glibc-common -> libselinux
[  254s]   breaking dependency libselinux -> glibc
[  254s] cycle: glibc -> glibc-common -> libselinux -> pcre2
[  254s]   breaking dependency pcre2 -> glibc
[  254s] cycle: glibc -> glibc-common -> libselinux -> pcre2 -> readline
[  254s]   breaking dependency readline -> glibc
[  254s] cycle: glibc -> glibc-common -> libselinux -> pcre2 -> readline -> ncurses-libs
[  254s]   breaking dependency libselinux -> pcre2
[  254s] cycle: glibc -> glibc-common -> libselinux -> libsepol -> coreutils -> openssl-libs -> crypto-policies -> grep
[  254s]   breaking dependency libsepol -> coreutils
[  254s] cycle: glibc -> glibc-common -> libselinux -> libsepol -> bash -> filesystem -> coreutils -> openssl-libs -> crypto-policies -> grep
[  254s]   breaking dependency filesystem -> coreutils
[  254s] cycle: bash -> filesystem
[  254s]   breaking dependency filesystem -> bash
[  254s] cycle: filesystem -> setup
[  254s]   breaking dependency filesystem -> setup
[  254s] cycle: glibc -> glibc-common -> libselinux -> libsepol -> bash
[  254s]   breaking dependency bash -> glibc
[  254s] cycle: glibc -> glibc-common -> libselinux -> libsepol -> bash -> ncurses-libs
[  254s]   breaking dependency libsepol -> bash
[  254s] cycle: glibc -> glibc-common -> libselinux -> libsepol
[  254s]   breaking dependency glibc -> glibc-common
[  254s] cycle: systemd -> cryptsetup -> device-mapper
[  254s]   breaking dependency systemd -> cryptsetup
[  254s] cycle: perl-libs -> perl-Carp
[  254s]   breaking dependency perl-libs -> perl-Carp
[  254s] cycle: perl-libs -> perl-Exporter
[  254s]   breaking dependency perl-libs -> perl-Exporter
[  254s] cycle: perl-Carp -> perl-Exporter
[  254s]   breaking dependency perl-Exporter -> perl-Carp
[  254s] cycle: perl -> perl-PathTools
[  254s]   breaking dependency perl -> perl-PathTools
[  254s] cycle: perl -> perl-ExtUtils-MakeMaker
[  254s]   breaking dependency perl -> perl-ExtUtils-MakeMaker
[  254s] cycle: perl -> perl-File-Path -> perl-PathTools
[  254s]   breaking dependency perl -> perl-File-Path
[  254s] cycle: perl -> perl-Getopt-Long -> perl-Pod-Usage
[  254s]   breaking dependency perl -> perl-Getopt-Long
[  254s] cycle: perl -> perl-Locale-Maketext
[  254s]   breaking dependency perl -> perl-Locale-Maketext
[  254s] cycle: perl -> perl-Pod-Simple
[  254s]   breaking dependency perl -> perl-Pod-Simple
[  254s] cycle: perl -> perl-Socket
[  254s]   breaking dependency perl -> perl-Socket
[  254s] cycle: perl -> perl-Storable
[  254s]   breaking dependency perl -> perl-Storable
[  254s] cycle: perl -> perl-Text-Tabs+Wrap
[  254s]   breaking dependency perl -> perl-Text-Tabs+Wrap
[  254s] cycle: perl -> perl-Time-Local -> perl-constant
[  254s]   breaking dependency perl -> perl-Time-Local
[  254s] cycle: perl -> perl-constant
[  254s]   breaking dependency perl -> perl-constant
[  254s] cycle: perl -> perl-threads
[  254s]   breaking dependency perl -> perl-threads
[  254s] cycle: perl -> perl-threads-shared
[  254s]   breaking dependency perl -> perl-threads-shared
[  254s] cycle: perl -> perl-Archive-Tar
[  254s]   breaking dependency perl -> perl-Archive-Tar
[  254s] cycle: perl -> perl-B-Debug
[  254s]   breaking dependency perl -> perl-B-Debug
[  254s] cycle: perl -> perl-CPAN-Meta -> perl-CPAN-Meta-Requirements
[  254s]   breaking dependency perl -> perl-CPAN-Meta
[  254s] cycle: perl -> perl-CPAN-Meta-Requirements
[  254s]   breaking dependency perl -> perl-CPAN-Meta-Requirements
[  254s] cycle: perl -> perl-CPAN-Meta-YAML
[  254s]   breaking dependency perl -> perl-CPAN-Meta-YAML
[  254s] cycle: perl -> perl-Compress-Raw-Bzip2
[  254s]   breaking dependency perl -> perl-Compress-Raw-Bzip2
[  254s] cycle: perl -> perl-Compress-Raw-Zlib
[  254s]   breaking dependency perl -> perl-Compress-Raw-Zlib
[  254s] cycle: perl -> perl-Config-Perl-V
[  254s]   breaking dependency perl -> perl-Config-Perl-V
[  254s] cycle: perl -> perl-DB_File
[  254s]   breaking dependency perl -> perl-DB_File
[  254s] cycle: perl -> perl-Data-Dumper
[  254s]   breaking dependency perl -> perl-Data-Dumper
[  254s] cycle: perl -> perl-Devel-PPPort
[  254s]   breaking dependency perl -> perl-Devel-PPPort
[  254s] cycle: perl -> perl-Digest -> perl-MIME-Base64
[  254s]   breaking dependency perl -> perl-Digest
[  254s] cycle: perl -> perl-Digest-MD5 -> perl-Digest -> perl-MIME-Base64
[  254s]   breaking dependency perl -> perl-Digest-MD5
[  254s] cycle: perl -> perl-Digest-SHA
[  254s]   breaking dependency perl -> perl-Digest-SHA
[  254s] cycle: perl -> perl-Encode
[  254s]   breaking dependency perl -> perl-Encode
[  254s] cycle: perl -> perl-Env
[  254s]   breaking dependency perl -> perl-Env
[  254s] cycle: perl -> perl-ExtUtils-Command
[  254s]   breaking dependency perl -> perl-ExtUtils-Command
[  254s] cycle: perl -> perl-ExtUtils-Install
[  254s]   breaking dependency perl -> perl-ExtUtils-Install
[  254s] cycle: perl -> perl-ExtUtils-Manifest
[  254s]   breaking dependency perl -> perl-ExtUtils-Manifest
[  254s] cycle: perl -> perl-ExtUtils-ParseXS
[  254s]   breaking dependency perl -> perl-ExtUtils-ParseXS
[  254s] cycle: perl -> perl-File-Fetch -> perl-PathTools
[  254s]   breaking dependency perl -> perl-File-Fetch
[  254s] cycle: perl -> perl-File-Temp -> perl-PathTools
[  254s]   breaking dependency perl -> perl-File-Temp
[  254s] cycle: perl -> perl-Filter
[  254s]   breaking dependency perl -> perl-Filter
[  254s] cycle: perl -> perl-Filter-Simple -> perl-Filter
[  254s]   breaking dependency perl -> perl-Filter-Simple
[  254s] cycle: perl -> perl-HTTP-Tiny
[  254s]   breaking dependency perl -> perl-HTTP-Tiny
[  254s] cycle: perl -> perl-IO-Compress
[  254s]   breaking dependency perl -> perl-IO-Compress
[  254s] cycle: perl -> perl-IO-Socket-IP
[  254s]   breaking dependency perl -> perl-IO-Socket-IP
[  254s] cycle: perl -> perl-IPC-Cmd -> perl-ExtUtils-MakeMaker
[  254s]   breaking dependency perl -> perl-IPC-Cmd
[  254s] cycle: perl -> perl-IPC-SysV
[  254s]   breaking dependency perl -> perl-IPC-SysV
[  254s] cycle: perl -> perl-JSON-PP
[  254s]   breaking dependency perl -> perl-JSON-PP
[  254s] cycle: perl -> perl-Locale-Codes -> perl-constant
[  254s]   breaking dependency perl -> perl-Locale-Codes
[  254s] cycle: perl -> perl-MIME-Base64
[  254s]   breaking dependency perl -> perl-MIME-Base64
[  254s] cycle: perl -> perl-Math-BigInt
[  254s]   breaking dependency perl -> perl-Math-BigInt
[  254s] cycle: perl -> perl-Math-BigInt-FastCalc -> perl-Math-BigInt
[  254s]   breaking dependency perl -> perl-Math-BigInt-FastCalc
[  254s] cycle: perl -> perl-Math-BigRat -> perl-Math-BigInt
[  254s]   breaking dependency perl -> perl-Math-BigRat
[  254s] cycle: perl -> perl-Module-CoreList
[  254s]   breaking dependency perl -> perl-Module-CoreList
[  254s] cycle: perl -> perl-Module-Load -> perl-PathTools
[  254s]   breaking dependency perl -> perl-Module-Load
[  254s] cycle: perl -> perl-Module-Load-Conditional
[  254s]   breaking dependency perl -> perl-Module-Load-Conditional
[  254s] cycle: perl -> perl-Module-Metadata
[  254s]   breaking dependency perl -> perl-Module-Metadata
[  254s] cycle: perl -> perl-Params-Check
[  254s]   breaking dependency perl -> perl-Params-Check
[  254s] cycle: perl -> perl-PerlIO-via-QuotedPrint -> perl-MIME-Base64
[  254s]   breaking dependency perl -> perl-PerlIO-via-QuotedPrint
[  254s] cycle: perl -> perl-Pod-Checker
[  254s]   breaking dependency perl -> perl-Pod-Checker
[  254s] cycle: perl -> perl-Pod-Escapes
[  254s]   breaking dependency perl -> perl-Pod-Escapes
[  254s] cycle: perl -> perl-Pod-Parser
[  254s]   breaking dependency perl -> perl-Pod-Parser
[  254s] cycle: perl -> perl-Pod-Perldoc
[  254s]   breaking dependency perl -> perl-Pod-Perldoc
[  254s] cycle: perl -> perl-Pod-Usage
[  254s]   breaking dependency perl -> perl-Pod-Usage
[  254s] cycle: perl -> perl-Sys-Syslog
[  254s]   breaking dependency perl -> perl-Sys-Syslog
[  254s] cycle: perl -> perl-Term-Cap
[  254s]   breaking dependency perl -> perl-Term-Cap
[  254s] cycle: perl -> perl-Test-Harness
[  254s]   breaking dependency perl -> perl-Test-Harness
[  254s] cycle: perl -> perl-Test-Simple
[  254s]   breaking dependency perl -> perl-Test-Simple
[  254s] cycle: perl -> perl-Text-Balanced
[  254s]   breaking dependency perl -> perl-Text-Balanced
[  254s] cycle: perl -> perl-Thread-Queue -> perl-threads-shared
[  254s]   breaking dependency perl -> perl-Thread-Queue
[  254s] cycle: perl -> perl-Unicode-Collate -> perl-PathTools
[  254s]   breaking dependency perl -> perl-Unicode-Collate
[  254s] cycle: perl -> perl-autodie
[  254s]   breaking dependency perl -> perl-autodie
[  254s] cycle: perl -> perl-bignum -> perl-Math-BigInt
[  254s]   breaking dependency perl -> perl-bignum
[  254s] cycle: perl -> perl-devel
[  254s]   breaking dependency perl -> perl-devel
[  254s] cycle: perl -> perl-Encode-devel
[  254s]   breaking dependency perl -> perl-Encode-devel
[  254s] cycle: perl -> perl-experimental
[  254s]   breaking dependency perl -> perl-experimental
[  254s] cycle: perl -> perl-libnet -> perl-Digest-MD5 -> perl-Digest -> perl-MIME-Base64
[  254s]   breaking dependency perl -> perl-libnet
[  254s] cycle: perl -> perl-podlators
[  254s]   breaking dependency perl -> perl-podlators
[  254s] cycle: perl -> perl-version
[  254s]   breaking dependency perl -> perl-version
[  254s] cycle: glib2 -> gamin
[  254s]   breaking dependency glib2 -> gamin
[  254s] cycle: systemd -> gnutls -> unbound-libs -> shadow -> pam -> audit
[  254s]   breaking dependency systemd -> gnutls
[  254s] cycle: systemd -> pam -> audit
[  254s]   breaking dependency systemd -> pam
[  254s] cycle: systemd -> shadow -> pam -> audit
[  254s]   breaking dependency systemd -> shadow
[  254s] cycle: pam -> libpwquality
[  254s]   breaking dependency pam -> libpwquality
[  254s] cycle: perl-Getopt-Long -> perl-Pod-Usage
[  254s]   breaking dependency perl-Pod-Usage -> perl-Getopt-Long
[  254s] cycle: perl-Getopt-Long -> perl-Pod-Usage -> perl-podlators -> perl-Encode
[  254s]   breaking dependency perl-podlators -> perl-Encode
[  254s] cycle: perl-Getopt-Long -> perl-Pod-Usage -> perl-podlators
[  254s]   breaking dependency perl-podlators -> perl-Getopt-Long
[  254s] cycle: perl-Getopt-Long -> perl-Pod-Usage -> perl-podlators -> perl-Pod-Simple -> perl-Encode
[  254s]   breaking dependency perl-Encode -> perl-Getopt-Long
[  254s] cycle: perl-Getopt-Long -> perl-Pod-Usage -> perl-podlators -> perl-Pod-Simple
[  254s]   breaking dependency perl-podlators -> perl-Pod-Simple
[  254s] cycle: perl-Pod-Usage -> perl-podlators
[  254s]   breaking dependency perl-podlators -> perl-Pod-Usage
[  254s] cycle: groff -> perl-Getopt-Long -> perl-Pod-Usage -> perl-Pod-Perldoc
[  254s]   breaking dependency groff -> perl-Getopt-Long
[  254s] cycle: libxcrypt-devel -> glibc-devel
[  254s]   breaking dependency glibc-devel -> libxcrypt-devel
[  254s] cycle: cmake-data -> cmake
[  254s]   breaking dependency cmake -> cmake-data
[  254s] cycle: nss-util -> nss
[  254s]   breaking dependency nss -> nss-util
[  254s] cycle: nss-softokn -> nss-util -> nss
[  254s]   breaking dependency nss -> nss-softokn
[  254s] cycle: perl-Getopt-Long -> perl-Pod-Usage -> perl-Pod-Perldoc -> perl-Pod-Simple
[  254s]   breaking dependency perl-Pod-Perldoc -> perl-Pod-Simple
[  254s] cycle: openssh -> openssh-server
[  254s]   breaking dependency openssh-server -> openssh
[  254s] cycle: git -> perl-Git
[  254s]   breaking dependency git -> perl-Git
[  254s] cycle: perl-ExtUtils-Install -> perl-ExtUtils-MakeMaker
[  254s]   breaking dependency perl-ExtUtils-MakeMaker -> perl-ExtUtils-Install
[  254s] done
[  254s] querying package ids...
[  291s] [1/386] installing cmake-filesystem-3.22.0-1.oe1
[  292s] [2/386] installing fonts-filesystem-2.0.2-2.oe1
[  293s] [3/386] installing fuse-common-3.9.2-5.oe1
[  294s] [4/386] installing kernel-headers-5.10-3.oe1
[  306s] [5/386] installing libreport-filesystem-2.13.1-5.oe1
[  308s] [6/386] installing ncurses-base-6.1-14.oe1
[  309s] [7/386] installing openEuler-gpg-keys-1.0-2.5.oe1
[  310s] [8/386] installing python-setuptools-59.4.0-3.oe1
[  311s] [9/386] installing qt5-srpm-macros-5.15.2-1.oe1
[  312s] [10/386] installing tzdata-2021a-2.oe1
[  329s] [11/386] installing dnf-data-4.10.0-1.oe1
[  330s] [12/386] installing openEuler-repos-1.0-2.5.oe1
[  332s] [13/386] installing wqy-zenhei-fonts-0.9.46-21.oe1
[  341s] [14/386] installing openEuler-release-20.03LTS-40.oe1
[  342s] [15/386] installing filesystem-3.9-3.oe1
[  354s] warning: group mail does not exist - using root
[  354s] [16/386] installing emacs-filesystem-1:27.1-5.oe1
[  355s] [17/386] installing libgcc-10.3.1-20220105.6.oe1
[  356s] [18/386] installing setup-2.13.3-4.oe1
[  358s] [19/386] installing glibc-2.34-64.oe1
[  365s] [20/386] installing brotli-1.0.9-2.oe1
[  367s] [21/386] installing chrpath-0.16-12.oe1
[  368s] [22/386] installing cpio-2.13-4.oe1
[  369s] [23/386] installing diffutils-3.7-4.oe1
[  373s] [24/386] installing expat-2.2.10-1.oe1
[  374s] [25/386] installing fribidi-1.0.10-1.oe1
[  376s] [26/386] installing gpm-libs-1.20.7-21.oe1
[  377s] [27/386] installing json-c-0.15-1.oe1
[  378s] [28/386] installing keyutils-libs-1.6.3-3.oe1
[  382s] [29/386] installing libICE-1.0.10-2.oe1
[  383s] [30/386] installing libXau-1.0.9-2.oe1
[  384s] [31/386] installing libaio-0.3.112-1.oe1
[  385s] [32/386] installing libargon2-20190702-1.oe1
[  386s] [33/386] installing libatomic-10.3.1-20220105.6.oe1
[  387s] [34/386] installing libcap-ng-0.7.11-1.oe1
[  388s] [35/386] installing libev-4.24-11.oe1
[  389s] [36/386] installing libffi-3.3-31.oe1
[  390s] [37/386] installing libgomp-10.3.1-20220105.6.oe1
[  391s] [38/386] installing libgpg-error-1.41-1.oe1
[  393s] [39/386] installing libnghttp2-1.42.0-1.oe1
[  394s] [40/386] installing libpcap-14:1.9.1-7.oe1
[  395s] [41/386] installing libpipeline-1.5.3-1.oe1
[  396s] [42/386] installing libsigsegv-2.11-10.oe1
[  397s] [43/386] installing libsmartcols-2.36.1-3.oe1
[  399s] [44/386] installing libtasn1-4.16.0-2.oe1
[  400s] [45/386] installing libtool-ltdl-2.4.6-34.oe1
[  401s] [46/386] installing libunistring-0.9.10-8.oe1
[  405s] [47/386] installing libuuid-2.36.1-3.oe1
[  406s] [48/386] installing libuv-1:1.40.0-1.oe1
[  407s] [49/386] installing libxcrypt-4.4.8-4.oe1
[  409s] [50/386] installing libyaml-0.2.5-1.oe1
[  410s] [51/386] installing lz4-1.9.3-1.oe1
[  411s] [52/386] installing m4-1.4.18-14.oe1
[  413s] [53/386] installing nspr-4.32.0-1.oe1
[  414s] [54/386] installing pixman-0.38.0-1.oe1
[  419s] [55/386] installing pkgconf-1.7.3-1.oe1
[  420s] [56/386] installing rhash-1.3.5-5.oe1
[  423s] [57/386] installing which-2.21-14.oe1
[  424s] [58/386] installing xz-libs-5.2.5-1.oe1
[  425s] [59/386] installing zlib-1.2.11-18.oe1
[  427s] [60/386] installing attr-2.4.48-12.oe1
[  428s] [61/386] installing basesystem-12-2.oe1
[  429s] [62/386] installing libstdc++-10.3.1-20220105.6.oe1
[  431s] [63/386] installing ncurses-libs-6.1-14.oe1
[  432s] [64/386] installing libsepol-3.1-4.oe1
[  434s] [65/386] installing libstdc++-devel-10.3.1-20220105.6.oe1
[  444s] [66/386] installing audit-libs-1:3.0-2.oe1
[  446s] [67/386] installing elfutils-libelf-0.185-3.oe1
[  447s] [68/386] installing file-libs-5.39-6.oe1
[  450s] [69/386] installing fribidi-devel-1.0.10-1.oe1
[  451s] [70/386] installing gmp-1:6.2.1-3.oe1
[  453s] [71/386] installing iptables-libs-1.8.1-4.oe1
[  454s] [72/386] installing less-563-2.oe1
[  456s] [73/386] installing libacl-2.2.53-7.oe1
[  457s] [74/386] installing libassuan-2.5.4-1.oe1
[  459s] [75/386] installing libedit-3.1-27.oe1
[  460s] [76/386] installing libffi-devel-3.3-31.oe1
[  461s] [77/386] installing libgcrypt-1.8.7-1.oe1
[  462s] [78/386] installing libpng-2:1.6.37-1.oe1
[  464s] [79/386] installing libsepol-devel-3.1-4.oe1
[  468s] [80/386] installing libxcb-1.14-1.oe1
[  469s] [81/386] installing readline-8.0-2.oe1
[  471s] [82/386] installing zlib-devel-1.2.11-18.oe1
[  472s] [83/386] installing fuse-2.9.9-6.oe1
[  474s] [84/386] installing gc-8.0.4-2.oe1
[  475s] [85/386] installing libSM-1.2.3-2.oe1
[  476s] [86/386] installing libdb-5.3.28-35.oe1
[  482s] [87/386] installing libicu-62.1-5.oe1
[  495s] [88/386] installing libselinux-3.1-3.oe1
[  496s] [89/386] installing libxml2-2.9.12-5.oe1
[  498s] [90/386] installing bash-5.1-1.oe1
[  502s] [91/386] installing perl-libs-4:5.28.0-435.oe1
[  508s] [92/386] installing zstd-1.4.8-2.oe1
[  511s] [93/386] installing ncurses-6.1-14.oe1
[  522s] [94/386] installing thin-provisioning-tools-0.8.5-1.oe1
[  524s] [95/386] installing perl-parent-1:0.237-4.oe1
[  526s] [96/386] installing perl-perlfaq-5.20180915-5.oe1
[  532s] [97/386] installing libX11-1.6.9-2.oe1
[  536s] [98/386] installing mpfr-4.1.0-1.oe1
[  538s] [99/386] installing nettle-3.6-6.oe1
[  540s] [100/386] installing pcre2-10.36-1.oe1
[  542s] [101/386] installing perl-Exporter-5.74-1.oe1
[  543s] [102/386] installing file-5.39-6.oe1
[  544s] [103/386] installing gdbm-1:1.18.1-1.oe1
[  546s] [104/386] installing patch-2.7.6-12.oe1
[  548s] [105/386] installing qrencode-4.1.1-1
[  549s] [106/386] installing sed-4.8-2.oe1
[  552s] [107/386] installing acl-2.2.53-7.oe1
[  554s] [108/386] installing libcomps-0.1.15-1.oe1
[  556s] [109/386] installing pcre-8.44-1.oe1
[  557s] [110/386] installing glibc-common-2.34-64.oe1
[  570s] [111/386] installing crontabs-1.11-21.oe1
[  572s] [112/386] installing libXext-1.3.4-2.oe1
[  576s] [113/386] installing libXpm-3.5.12-11.oe1
[  577s] [114/386] installing libXrender-0.9.10-10.oe1
[  579s] [115/386] installing perl-Carp-1.50-418.oe1
[  580s] [116/386] installing perl-Perl-OSType-1.010-421.oe1
[  581s] [117/386] installing perl-Term-ANSIColor-4.06-511.oe1
[  582s] [118/386] installing libmpc-1.2.0-2.oe1
[  584s] [119/386] installing grep-3.6-1.oe1
[  587s] [120/386] installing libXt-1.2.0-0.oe1
[  590s] [121/386] installing gawk-5.0.1-2.oe1
[  594s] [122/386] installing perl-Text-ParseWords-3.30-419.oe1
[  595s] [123/386] installing crypto-policies-20180925-3.git71ca85f.oe1
[  603s] [124/386] installing libXmu-1.1.3-1.oe1
[  604s] [125/386] installing cpp-10.3.1-20220105.6.oe1
[  614s] [126/386] installing openssl-libs-1:1.1.1f-2.oe1
[  618s] [127/386] installing libXaw-1.0.13-13.oe1
[  620s] [128/386] installing ima-evm-utils-libs-1.2.1-8.oe1
[  622s] [129/386] installing libevent-2.1.12-4
[  624s] [130/386] installing kmod-libs-27-4.oe1
[  626s] [131/386] installing kmod-27-4.oe1
[  628s] [132/386] installing nodejs-libs-1:16.10.0-1.oe1
[  670s] [133/386] installing coreutils-8.31-4.oe1
[  678s] [134/386] installing elfutils-default-yama-scope-0.185-3.oe1
[  680s] /usr/lib/systemd/systemd-sysctl: error while loading shared libraries: libseccomp.so.2: cannot open shared object file: No such file or directory
[  680s] [135/386] installing publicsuffix-list-20200718-1.oe1
[  682s] [136/386] installing uname-build-checks-1.0-0.4.oe1
[  683s] [137/386] installing bzip2-1.0.8-3.oe1
[  689s] [138/386] installing gzip-1.10-1.oe1
[  690s] [139/386] installing hostname-3.21-2.oe1
[  692s] [140/386] installing libcap-2.32-2.oe1
[  695s] [141/386] installing libseccomp-2.4.3-2.oe1
[  698s] [142/386] installing npth-1.5-7.oe1
[  700s] [143/386] installing popt-1.18-1.oe1
[  702s] [144/386] installing sgml-common-0.6.3-51.oe1
[  705s] [145/386] installing fipscheck-1.5.0-7.oe1
[  707s] [146/386] installing libblkid-2.36.1-3.oe1
[  710s] [147/386] installing libidn2-2.3.0-1.oe1
[  712s] [148/386] installing libksba-1.3.5-12.oe1
[  715s] [149/386] installing pcre-devel-8.44-1.oe1
[  718s] [150/386] installing pcre2-devel-10.36-1.oe1
[  722s] [151/386] installing tar-2:1.32-3.oe1
[  725s] [152/386] installing tcl-1:8.6.10-3.oe1
[  731s] [153/386] installing graphite2-1.3.13-2.oe1
[  734s] [154/386] installing info-6.7-2.oe1
[  735s] [155/386] installing jsoncpp-1.9.4-1.oe1
[  738s] [156/386] installing libgpg-error-devel-1.41-1.oe1
[  740s] [157/386] installing lua-5.3.5-6.oe1
[  742s] [158/386] installing slang-2.3.2-8.oe1
[  744s] [159/386] installing xz-5.2.5-1.oe1
[  749s] [160/386] installing libxslt-1.1.32-7.oe1
[  751s] [161/386] installing perl-Scalar-List-Utils-3:1.52-2.oe1
[  754s] [162/386] installing perl-Time-HiRes-1.9760-2.oe1
[  756s] [163/386] installing perl-Unicode-Normalize-1.26-419.oe1
[  758s] [164/386] installing libicu-devel-62.1-5.oe1
[  764s] [165/386] installing libpng-devel-2:1.6.37-1.oe1
[  766s] [166/386] installing systemd-libs-243-22.oe1
[  769s] [167/386] installing guile-5:2.0.14-15.oe1
[  780s] [168/386] installing bzip2-devel-1.0.8-3.oe1
[  781s] [169/386] installing dbus-libs-1:1.12.20-3.oe1
[  783s] [170/386] installing graphite2-devel-1.3.13-2.oe1
[  789s] [171/386] installing zip-3.0-29.oe1
[  794s] [172/386] installing libfdisk-2.36.1-3.oe1
[  797s] [173/386] installing newt-0.52.21-4.oe1
[  800s] [174/386] installing p11-kit-0.23.22-1.oe1
[  803s] [175/386] installing procps-ng-3.3.16-15.oe1
[  807s] [176/386] installing elfutils-libs-0.185-3.oe1
[  811s] [177/386] installing libmount-2.36.1-3.oe1
[  813s] [178/386] installing libselinux-devel-3.1-3.oe1
[  822s] [179/386] installing lua-posix-33.3.1-12.oe1
[  825s] [180/386] installing unzip-6.0-47.oe1
[  826s] [181/386] installing cracklib-2.9.7-6.oe1
[  832s] [182/386] installing docbook-dtds-1.0-78.oe1
[  857s] [183/386] installing e2fsprogs-1.45.6-3.oe1
[  861s] [184/386] installing findutils-2:4.7.0-7.oe1
[  864s] [185/386] installing libsemanage-3.1-4.oe1
[  867s] [186/386] installing make-1:4.2.1-15.oe1
[  870s] [187/386] installing sqlite-3.24.0-9.oe1
[  873s] [188/386] installing logrotate-3.15.1-2.oe1
[  874s] [189/386] installing opensp-1.5.2-31.oe1
[  878s] [190/386] installing freetype-2.10.2-3.oe1
[  881s] [191/386] installing glibc-devel-2.34-64.oe1
[  897s] [192/386] installing libgcrypt-devel-1.8.7-1.oe1
[  898s] [193/386] installing gnupg2-2.2.27-2.oe1
[  905s] [194/386] installing libarchive-3.5.1-1.oe1
[  908s] [195/386] installing dbus-tools-1:1.12.20-3.oe1
[  909s] [196/386] installing libxcrypt-devel-4.4.8-4.oe1
[  912s] [197/386] installing copy-jdk-configs-4.0-1.oe1
[  914s] [198/386] installing gpgme-1.15.1-1.oe1
[  918s] [199/386] installing obs-env-1.0-5.oe1
[  926s] [200/386] installing chkconfig-1.14-2.oe1
[  929s] [201/386] installing docbook-style-xsl-1.79.2-9.oe1
[  945s] [202/386] installing elfutils-0.185-3.oe1
[  947s] [203/386] installing freetype-devel-2.10.2-3.oe1
[  949s] [204/386] installing openjade-1.3.2-60.oe1
[  957s] [205/386] installing fontconfig-2.13.92-1.oe1
[  963s] [206/386] installing glib2-2.66.8-1.oe1
[  971s] [207/386] installing rpm-libs-4.15.1-25.oe1
[  973s] [208/386] installing libcroco-0.6.12-13.oe1
[  975s] [209/386] installing gamin-0.1.10-38.oe1
[  978s] [210/386] installing libsecret-0.18.6-5.oe1
[  981s] [211/386] installing libverto-0.3.1-2.oe1
[  983s] [212/386] installing libmodulemd-2.13.0-1.oe1
[  985s] [213/386] installing binutils-2.37-6.oe1
[  995s] [214/386] installing harfbuzz-2.7.4-1.oe1
[  998s] [215/386] installing p11-kit-trust-0.23.22-1.oe1
[ 1000s] [216/386] installing babeltrace-1.5.8-1.oe1
[ 1003s] [217/386] installing cairo-1.16.0-6.fc32
[ 1006s] [218/386] installing ca-certificates-2020.2.46-2.oe1
[ 1017s] [219/386] installing gettext-0.20.1-2.oe1
[ 1022s] [220/386] installing krb5-libs-1.18.2-3.oe1
[ 1025s] [221/386] installing gcc-10.3.1-20220105.6.oe1
[ 1054s] [222/386] installing python-pip-wheel-19.2.3-2.fc32
[ 1056s] [223/386] installing libtirpc-1.3.1-1.oe1
[ 1058s] [224/386] installing cyrus-sasl-lib-2.1.27-10.oe1
[ 1060s] [225/386] installing libssh-0.9.5-1.oe1
[ 1063s] [226/386] installing gcc-c++-10.3.1-20220105.6.oe1
[ 1075s] [227/386] installing elinks-0.12-1.oe1
[ 1078s] [228/386] installing openldap-2.4.46-15.oe1
[ 1080s] [229/386] installing libnsl2-1.3.0-2.oe1
[ 1083s] [230/386] installing python3-3.8.5-13.oe1
[ 1110s] [231/386] installing python3-parameterized-0.6.1-9.fc32
[ 1112s] [232/386] installing python3-pyparsing-2.4.5-1.fc32
[ 1114s] [233/386] installing python3-setuptools-59.4.0-3.oe1
[ 1122s] [234/386] installing python3-setuptools_scm-3.3.3-6.fc32
[ 1124s] [235/386] installing python3-six-1.15.0-3.oe1
[ 1128s] [236/386] installing python3-gpgme-1.15.1-1.oe1
[ 1131s] [237/386] installing python3-lxml-4.4.1-3.fc32
[ 1135s] [238/386] installing python3-libcomps-0.1.15-1.oe1
[ 1137s] [239/386] installing libpsl-0.21.1-1.oe1
[ 1139s] [240/386] installing gdb-headless-9.2-5.oe1
[ 1146s] [241/386] installing python3-anytree-2.7.2-2.fc32
[ 1148s] [242/386] installing python3-pygments-2.4.2-6.fc32
[ 1156s] [243/386] installing systemtap-sdt-devel-4.1-3.oe1
[ 1157s] [244/386] installing gdb-9.2-5.oe1
[ 1159s] [245/386] installing python3-pip-19.2.3-2.fc32
[ 1170s] [246/386] installing libcurl-7.79.1-1.oe1
[ 1172s] [247/386] installing curl-7.79.1-1.oe1
[ 1174s] [248/386] installing librepo-1.14.2-2.oe1
[ 1176s] [249/386] installing rpm-4.15.1-25.oe1
[ 1180s] [250/386] installing efi-srpm-macros-4-3.oe1
[ 1182s] [251/386] installing cmake-rpm-macros-3.22.0-1.oe1
[ 1184s] [252/386] installing libsolv-0.7.20-1.oe1
[ 1186s] [253/386] installing python3-rpm-4.15.1-25.oe1
[ 1188s] [254/386] installing openEuler-rpm-config-30-22.oe1
[ 1190s] [255/386] installing cmake-3.22.0-1.oe1
[ 1208s] [256/386] installing libdnf-0.65.0-2.oe1
[ 1211s] [257/386] installing cmake-data-3.22.0-1.oe1
[ 1235s] [258/386] installing python3-libdnf-0.65.0-2.oe1
[ 1239s] [259/386] installing perl-4:5.28.0-435.oe1
[ 1249s] [260/386] installing perl-B-Debug-1.26-4.oe1
[ 1251s] [261/386] installing perl-Env-1.04-397.oe1
[ 1252s] [262/386] installing perl-Devel-PPPort-3.42-4.oe1
[ 1254s] [263/386] installing perl-Pod-Escapes-1:1.07-419.oe1
[ 1255s] [264/386] installing perl-Text-Tabs+Wrap-2013.0523-419.oe1
[ 1256s] [265/386] installing perl-Algorithm-Diff-1.1903-14.oe1
[ 1258s] [266/386] installing perl-Params-Check-1:0.38-418.oe1
[ 1259s] [267/386] installing perl-Term-Cap-1.17-510.oe1
[ 1261s] [268/386] installing perl-TermReadKey-2.38-2.oe1
[ 1263s] [269/386] installing perl-Text-Balanced-2.03-420.oe1
[ 1265s] [270/386] installing perl-threads-1:2.22-419.oe1
[ 1267s] [271/386] installing openssl-1:1.1.1f-2.oe1
[ 1271s] [272/386] installing perl-Config-Perl-V-0.30-5.oe1
[ 1272s] [273/386] installing perl-Error-1:0.17029-1.oe1
[ 1274s] [274/386] installing perl-Filter-2:1.59-2.oe1
[ 1276s] [275/386] installing perl-IPC-SysV-2.07-5.oe1
[ 1278s] [276/386] installing perl-Locale-Maketext-1:1.28-1.oe1
[ 1281s] [277/386] installing perl-SGMLSpm-1.03ii-45.oe1
[ 1282s] [278/386] installing perl-constant-1.33-421.oe1
[ 1284s] [279/386] installing docbook-style-dsssl-1.79-27.oe1
[ 1298s] [280/386] installing perl-MIME-Base64-3.15-418.oe1
[ 1300s] [281/386] installing perl-CPAN-Meta-YAML-0.018-420.oe1
[ 1302s] [282/386] installing perl-Socket-4:2.029-2.oe1
[ 1305s] [283/386] installing perl-Storable-1:3.15-2.oe1
[ 1307s] [284/386] installing python3-hawkey-0.65.0-2.oe1
[ 1309s] [285/386] installing perl-PerlIO-via-QuotedPrint-0.08-397.oe1
[ 1311s] [286/386] installing perl-Digest-1.17-419.oe1
[ 1313s] [287/386] installing perl-Filter-Simple-1:0.94-1.oe1
[ 1314s] [288/386] installing perl-IO-Socket-IP-0.39-420.oe1
[ 1316s] [289/386] installing perl-Text-Diff-1.45-7.oe1
[ 1317s] [290/386] installing perl-Time-Local-2:1.280-6.oe1
[ 1319s] [291/386] installing perl-version-8:0.99.24-3.oe1
[ 1321s] [292/386] installing perl-IPC-System-Simple-1.25-19.oe1
[ 1323s] [293/386] installing perl-threads-shared-1.59-2.oe1
[ 1326s] [294/386] installing perl-Compress-Raw-Bzip2-2.100-1.oe1
[ 1327s] [295/386] installing perl-Compress-Raw-Zlib-1:2.100-1.oe1
[ 1332s] [296/386] installing perl-Locale-Codes-3.58-2.oe1
[ 1335s] [297/386] installing perl-Math-BigInt-1:1.9998.13-5.oe1
[ 1337s] [298/386] installing perl-PathTools-3.75-4.oe1
[ 1339s] [299/386] installing python3-dnf-4.10.0-1.oe1
[ 1343s] [300/386] installing perl-Data-Dumper-2.172-3.oe1
[ 1345s] [301/386] installing perl-Sys-Syslog-0.35-420.oe1
[ 1348s] [302/386] installing perl-Encode-4:2.98-9.oe1
[ 1355s] [303/386] installing autogen-5.18.16-1.oe1
[ 1358s] [304/386] installing nodejs-1:16.10.0-1.oe1
[ 1362s] [305/386] installing systemd-243-22.oe1
[ 1381s] /var/tmp/rpm-tmp.VUeCNd: line 8: groupadd: command not found
[ 1381s] /var/tmp/rpm-tmp.VUeCNd: line 10: groupadd: command not found
[ 1381s] /var/tmp/rpm-tmp.VUeCNd: line 13: groupadd: command not found
[ 1381s] /var/tmp/rpm-tmp.VUeCNd: line 16: groupadd: command not found
[ 1381s] [306/386] installing dbus-common-1:1.12.20-3.oe1
[ 1383s] [307/386] installing nodejs-source-map-0.5.6-1.oe1
[ 1386s] [308/386] installing perl-Module-Load-1:0.32-418.oe1
[ 1388s] [309/386] installing nodejs-packaging-20-1.oe1
[ 1390s] [310/386] installing dnf-4.10.0-1.oe1
[ 1394s] Failed to preset unit, unit dnf-automatic.timer does not exist.
[ 1394s] Failed to preset unit, unit dnf-automatic-notifyonly.timer does not exist.
[ 1394s] Failed to preset unit, unit dnf-automatic-download.timer does not exist.
[ 1394s] Failed to preset unit, unit dnf-automatic-install.timer does not exist.
[ 1394s] [311/386] installing perl-File-Which-1.23-1.oe1
[ 1395s] [312/386] installing perl-Thread-Queue-3.13-3.oe1
[ 1397s] [313/386] installing perl-experimental-0.020-2.oe1
[ 1399s] [314/386] installing perl-Digest-MD5-2.55-419.oe1
[ 1402s] [315/386] installing perl-File-Path-2.16-4.oe1
[ 1403s] [316/386] installing perl-Math-BigInt-FastCalc-0.500.700-4.oe1
[ 1406s] [317/386] installing perl-Module-Metadata-1.000036-3.oe1
[ 1407s] [318/386] installing perl-CPAN-Meta-Requirements-2.140-419.oe1
[ 1409s] [319/386] installing perl-Encode-devel-4:2.98-9.oe1
[ 1411s] [320/386] installing perl-HTTP-Tiny-0.076-3.oe1
[ 1412s] [321/386] installing perl-Math-BigRat-0.2614-2.oe1
[ 1414s] [322/386] installing audit-1:3.0-2.oe1
[ 1418s] [323/386] installing perl-DB_File-1.842-2.oe1
[ 1420s] [324/386] installing perl-autodie-2.29-398.oe1
[ 1422s] [325/386] installing perl-Unicode-Collate-1.25-4.oe1
[ 1426s] [326/386] installing perl-IO-Compress-2.081-6.oe1
[ 1428s] [327/386] installing perl-podlators-1:4.14-1.oe1
[ 1430s] [328/386] installing perl-ExtUtils-Command-1:7.60-1.oe1
[ 1431s] [329/386] installing perl-ExtUtils-Manifest-1:1.71-4.oe1
[ 1433s] [330/386] installing perl-bignum-0.50-4.oe1
[ 1435s] [331/386] installing perl-File-Temp-1:0.230.800-4.oe1
[ 1438s] [332/386] installing perl-libnet-3.11-420.oe1
[ 1440s] [333/386] installing pam-1.5.1-1.oe1
[ 1444s] [334/386] installing libpwquality-1.4.4-1.oe1
[ 1447s] [335/386] installing perl-File-HomeDir-1.004-4.oe1
[ 1448s] [336/386] installing shadow-2:4.8.1-5.oe1
[ 1451s] [337/386] installing perl-Test-Simple-2:1.302175-2.oe1
[ 1454s] [338/386] installing libutempter-1.1.6-16.oe1
[ 1459s] [339/386] installing unbound-libs-1.10.1-4.oe1
[ 1464s] [340/386] installing dbus-daemon-1:1.12.20-3.oe1
[ 1469s] [341/386] installing openssh-server-8.2p1-10.oe1
[ 1473s] Created symlink /etc/systemd/system/multi-user.target.wants/sshd.service -> /usr/lib/systemd/system/sshd.service.
[ 1473s] [342/386] installing groff-1.22.4-4.oe1
[ 1483s] [343/386] installing dbus-1:1.12.20-3.oe1
[ 1485s] [344/386] installing man-db-2.9.3-2.oe1
[ 1491s] [345/386] installing perl-Pod-Perldoc-1:3.28-3.oe1
[ 1492s] [346/386] installing gnutls-3.6.15-3.oe1
[ 1496s] [347/386] installing util-linux-2.36.1-3.oe1
[ 1503s] [348/386] installing nss-help-3.72.0-2.oe1
[ 1505s] [349/386] installing util-linux-devel-2.36.1-3.oe1
[ 1508s] [350/386] installing perl-Pod-Usage-4:1.69-418.oe1
[ 1509s] [351/386] installing device-mapper-8:1.02.172-1.oe1
[ 1512s] [352/386] installing openssh-8.2p1-10.oe1
[ 1515s] [353/386] installing perl-Getopt-Long-1:2.52-1.oe1
[ 1516s] [354/386] installing cryptsetup-2.3.3-3.oe1
[ 1520s] [355/386] installing device-mapper-event-8:1.02.172-1.oe1
[ 1523s] Created symlink /etc/systemd/system/sockets.target.wants/dm-event.socket -> /usr/lib/systemd/system/dm-event.socket.
[ 1523s] [356/386] installing nss-3.72.0-2.oe1
[ 1534s] [357/386] installing glib2-devel-2.66.8-1.oe1
[ 1556s] [358/386] installing openssh-clients-8.2p1-10.oe1
[ 1559s] [359/386] installing nss-util-3.72.0-2.oe1
[ 1563s] [360/386] installing perl-ExtUtils-ParseXS-2:3.35-1.oe1
[ 1565s] [361/386] installing perl-Module-CoreList-1:5.20180920-2.oe1
[ 1567s] [362/386] installing perl-Digest-SHA-1:6.02-7.oe1
[ 1569s] [363/386] installing perl-Pod-Parser-1.63-397.oe1
[ 1571s] [364/386] installing perl-Pod-Simple-1:3.35-418.oe1
[ 1573s] [365/386] installing perl-Test-Harness-1:3.43_02-1.oe1
[ 1575s] [366/386] installing docbook-utils-0.6.14-47.oe1
[ 1577s] [367/386] installing harfbuzz-devel-2.7.4-1.oe1
[ 1579s] [368/386] installing perl-Archive-Tar-2.30-421.oe1
[ 1580s] [369/386] installing perl-JSON-PP-1:4.04-2.oe1
[ 1582s] [370/386] installing lvm2-8:2.03.11-1.oe1
[ 1589s] Created symlink /etc/systemd/system/sysinit.target.wants/lvm2-lvmpolld.socket -> /usr/lib/systemd/system/lvm2-lvmpolld.socket.
[ 1589s] [371/386] installing autoconf-2.69-30.oe1
[ 1593s] [372/386] installing git-2.23.0-12.oe1
[ 1605s] [373/386] installing nss-softokn-3.72.0-2.oe1
[ 1608s] [374/386] installing perl-Pod-Checker-4:1.73-398.oe1
[ 1610s] [375/386] installing perl-Git-2.23.0-12.oe1
[ 1611s] [376/386] installing gtk-doc-1.33.2-1.oe1
[ 1615s] [377/386] installing perl-CPAN-Meta-2.150010-419.oe1
[ 1618s] [378/386] installing perl-Module-Load-Conditional-0.68-418.oe1
[ 1620s] [379/386] installing automake-1.16.1-6.oe1
[ 1623s] [380/386] installing perl-ExtUtils-MakeMaker-1:7.60-1.oe1
[ 1625s] [381/386] installing perl-ExtUtils-Install-2.14-419.oe1
[ 1627s] [382/386] installing perl-IPC-Cmd-2:1.04-4.oe1
[ 1629s] [383/386] installing rpm-build-4.15.1-25.oe1
[ 1631s] [384/386] installing gcc_secure-1.0-0.9.oe1
[ 1634s] [385/386] installing perl-File-Fetch-0.56-4.oe1
[ 1636s] [386/386] installing perl-devel-4:5.28.0-435.oe1
[ 1647s] removing nis flags from /var/cache/obs/worker/root_1/etc/nsswitch.conf...
[ 1648s] now finalizing build dir...
[ 1662s] Running build time source services...
[ 1681s] -----------------------------------------------------------------
[ 1681s] ----- building libraqm.spec (user abuild)
[ 1681s] -----------------------------------------------------------------
[ 1681s] -----------------------------------------------------------------
[ 1689s] + exec rpmbuild -ba --define '_srcdefattr (-,root,root)' --nosignature --define 'disturl obs://private/openEuler:Mainline:RISC-V/advanced_riscv64/31060de9b58ffb34fa4a7b5d36cf7de1-libraqm' /home/abuild/rpmbuild/SOURCES/libraqm.spec
[ 1690s] Executing(%prep): /bin/sh -e /var/tmp/rpm-tmp.tUonO9
[ 1690s] + umask 022
[ 1690s] + cd /home/abuild/rpmbuild/BUILD
[ 1690s] + cd /home/abuild/rpmbuild/BUILD
[ 1690s] + rm -rf raqm-0.7.0
[ 1691s] + /usr/bin/tar -xof -
[ 1691s] + /usr/bin/gzip -dc /home/abuild/rpmbuild/SOURCES/raqm-0.7.0.tar.gz
[ 1691s] + STATUS=0
[ 1691s] + '[' 0 -ne 0 ']'
[ 1691s] + cd raqm-0.7.0
[ 1691s] + /usr/bin/chmod -Rf a+rX,u+w,g-w,o-w .
[ 1691s] + /usr/bin/cat /home/abuild/rpmbuild/SOURCES/Update-text-expectation.patch
[ 1691s] + /usr/bin/patch -p1 -s --fuzz=0 --no-backup-if-mismatch
[ 1691s] + sed s:python:/usr/bin/python3:g -i tests/Makefile.in
[ 1691s] + CFLAGS='-O2 -g -pipe -Wall -Werror=format-security -Wp,-D_FORTIFY_SOURCE=2 -Wp,-D_GLIBCXX_ASSERTIONS -fstack-protector-strong -grecord-gcc-switches -specs=/usr/lib/rpm/generic-hardened-cc1 -fasynchronous-unwind-tables -fstack-clash-protection'
[ 1691s] + export CFLAGS
[ 1691s] + CXXFLAGS='-O2 -g -pipe -Wall -Werror=format-security -Wp,-D_FORTIFY_SOURCE=2 -Wp,-D_GLIBCXX_ASSERTIONS -fstack-protector-strong -grecord-gcc-switches -specs=/usr/lib/rpm/generic-hardened-cc1 -fasynchronous-unwind-tables -fstack-clash-protection -fexceptions'
[ 1691s] + export CXXFLAGS
[ 1691s] + FFLAGS='-O2 -g -pipe -Wall -Werror=format-security -Wp,-D_FORTIFY_SOURCE=2 -Wp,-D_GLIBCXX_ASSERTIONS -fstack-protector-strong -grecord-gcc-switches -specs=/usr/lib/rpm/generic-hardened-cc1 -fasynchronous-unwind-tables -fstack-clash-protection -fexceptions -I/usr/lib64/gfortran/modules'
[ 1691s] + export FFLAGS
[ 1691s] + FCFLAGS='-O2 -g -pipe -Wall -Werror=format-security -Wp,-D_FORTIFY_SOURCE=2 -Wp,-D_GLIBCXX_ASSERTIONS -fstack-protector-strong -grecord-gcc-switches -specs=/usr/lib/rpm/generic-hardened-cc1 -fasynchronous-unwind-tables -fstack-clash-protection -fexceptions -I/usr/lib64/gfortran/modules'
[ 1691s] + export FCFLAGS
[ 1691s] + LDFLAGS='-Wl,-z,relro   -Wl,-z,now -specs=/usr/lib/rpm/generic-hardened-ld'
[ 1691s] + export LDFLAGS
[ 1691s] + '[' 1 = 1 ']'
[ 1691s] +++ dirname ./configure
[ 1691s] ++ find . -name config.guess -o -name config.sub
[ 1692s] + for i in $(find $(dirname ./configure) -name config.guess -o -name config.sub)
[ 1692s] ++ basename ./config.guess
[ 1692s] + '[' -f /usr/lib/rpm/openEuler/config.guess ']'
[ 1692s] + /usr/bin/rm -f ./config.guess
[ 1692s] ++ basename ./config.guess
[ 1692s] + /usr/bin/cp -fv /usr/lib/rpm/openEuler/config.guess ./config.guess
[ 1692s] '/usr/lib/rpm/openEuler/config.guess' -> './config.guess'
[ 1692s] + for i in $(find $(dirname ./configure) -name config.guess -o -name config.sub)
[ 1692s] ++ basename ./config.sub
[ 1692s] + '[' -f /usr/lib/rpm/openEuler/config.sub ']'
[ 1692s] + /usr/bin/rm -f ./config.sub
[ 1692s] ++ basename ./config.sub
[ 1692s] + /usr/bin/cp -fv /usr/lib/rpm/openEuler/config.sub ./config.sub
[ 1692s] '/usr/lib/rpm/openEuler/config.sub' -> './config.sub'
[ 1692s] + '[' 1 = 1 ']'
[ 1692s] + '[' x '!=' 'x-Wl,-z,now -specs=/usr/lib/rpm/generic-hardened-ld' ']'
[ 1692s] ++ find . -name ltmain.sh
[ 1692s] + for i in $(find . -name ltmain.sh)
[ 1692s] + /usr/bin/sed -i.backup -e 's~compiler_flags=$~compiler_flags="-Wl,-z,now -specs=/usr/lib/rpm/generic-hardened-ld"~' ./ltmain.sh
[ 1692s] + ./configure --build=riscv64-openEuler-linux-gnu --host=riscv64-openEuler-linux-gnu --program-prefix= --disable-dependency-tracking --prefix=/usr --exec-prefix=/usr --bindir=/usr/bin --sbindir=/usr/sbin --sysconfdir=/etc --datadir=/usr/share --includedir=/usr/include --libdir=/usr/lib64 --libexecdir=/usr/libexec --localstatedir=/var --sharedstatedir=/var/lib --mandir=/usr/share/man --infodir=/usr/share/info --enable-gtk-doc
[ 1701s] checking for a BSD-compatible install... /usr/bin/install -c
[ 1701s] checking whether build environment is sane... yes
[ 1702s] checking for a thread-safe mkdir -p... /usr/bin/mkdir -p
[ 1702s] checking for gawk... gawk
[ 1703s] checking whether make sets $(MAKE)... yes
[ 1703s] checking whether make supports nested variables... yes
[ 1703s] checking whether make supports nested variables... (cached) yes
[ 1703s] checking for riscv64-openEuler-linux-gnu-gcc... no
[ 1703s] checking for gcc... gcc
[ 1711s] checking whether the C compiler works... yes
[ 1711s] checking for C compiler default output file name... a.out
[ 1713s] checking for suffix of executables... 
[ 1717s] checking whether we are cross compiling... no
[ 1719s] checking for suffix of object files... o
[ 1721s] checking whether we are using the GNU C compiler... yes
[ 1722s] checking whether gcc accepts -g... yes
[ 1725s] checking for gcc option to accept ISO C89... none needed
[ 1727s] checking whether gcc understands -c and -o together... yes
[ 1728s] checking whether make supports the include directive... yes (GNU style)
[ 1728s] checking dependency style of gcc... none
[ 1731s] checking for gcc option to accept ISO C99... none needed
[ 1731s] checking for a sed that does not truncate output... /usr/bin/sed
[ 1733s] checking whether C compiler accepts -Werror=unknown-warning-option... no
[ 1734s] checking whether C compiler accepts -fno-strict-aliasing... yes
[ 1736s] checking whether C compiler accepts -Wall... yes
[ 1738s] checking whether C compiler accepts -Wextra... yes
[ 1739s] checking whether C compiler accepts -Wnested-externs... yes
[ 1741s] checking whether C compiler accepts -Wwrite-strings... yes
[ 1742s] checking whether C compiler accepts -Wpointer-arith... yes
[ 1744s] checking whether C compiler accepts -Wmissing-declarations... yes
[ 1746s] checking whether C compiler accepts -Wmissing-prototypes... yes
[ 1747s] checking whether C compiler accepts -Wstrict-prototypes... yes
[ 1748s] checking whether C compiler accepts -Wredundant-decls... yes
[ 1750s] checking whether C compiler accepts -Wno-unused-parameter... yes
[ 1752s] checking whether C compiler accepts -Wno-missing-field-initializers... yes
[ 1755s] checking whether C compiler accepts -Wdeclaration-after-statement... yes
[ 1756s] checking whether C compiler accepts -Wformat=2... yes
[ 1758s] checking whether C compiler accepts -Wold-style-definition... yes
[ 1760s] checking whether C compiler accepts -Wcast-align... yes
[ 1761s] checking whether C compiler accepts -Wformat-nonliteral... yes
[ 1763s] checking whether C compiler accepts -Wformat-security... yes
[ 1765s] checking whether C compiler accepts -Wsign-compare... yes
[ 1767s] checking whether C compiler accepts -Wstrict-aliasing... yes
[ 1768s] checking whether C compiler accepts -Wshadow... yes
[ 1770s] checking whether C compiler accepts -Winline... yes
[ 1771s] checking whether C compiler accepts -Wpacked... yes
[ 1773s] checking whether C compiler accepts -Wmissing-format-attribute... yes
[ 1774s] checking whether C compiler accepts -Wmissing-noreturn... yes
[ 1776s] checking whether C compiler accepts -Winit-self... yes
[ 1776s] checking whether C compiler accepts -Wredundant-decls... (cached) yes
[ 1777s] checking whether C compiler accepts -Wmissing-include-dirs... yes
[ 1779s] checking whether C compiler accepts -Wunused-but-set-variable... yes
[ 1780s] checking whether C compiler accepts -Warray-bounds... yes
[ 1782s] checking whether C compiler accepts -Wimplicit-function-declaration... yes
[ 1783s] checking whether C compiler accepts -Wreturn-type... yes
[ 1785s] checking whether C compiler accepts -Wswitch-enum... yes
[ 1786s] checking whether C compiler accepts -Wswitch-default... yes
[ 1788s] checking whether C compiler accepts -Wno-suggest-attribute=format... yes
[ 1790s] checking whether C compiler accepts -Wno-error=unused-parameter... yes
[ 1791s] checking whether C compiler accepts -Wno-error=missing-field-initializers... yes
[ 1791s] checking whether C compiler accepts -Werror=unknown-warning-option... (cached) no
[ 1794s] checking whether the linker accepts -Wl,--no-as-needed... yes
[ 1797s] checking whether the linker accepts -Wl,--fatal-warnings... yes
[ 1798s] checking build system type... riscv64-openEuler-linux-gnu
[ 1799s] checking host system type... riscv64-openEuler-linux-gnu
[ 1799s] checking how to print strings... printf
[ 1799s] checking for a sed that does not truncate output... (cached) /usr/bin/sed
[ 1799s] checking for grep that handles long lines and -e... /usr/bin/grep
[ 1799s] checking for egrep... /usr/bin/grep -E
[ 1799s] checking for fgrep... /usr/bin/grep -F
[ 1800s] checking for ld used by gcc... /usr/bin/ld
[ 1800s] checking if the linker (/usr/bin/ld) is GNU ld... yes
[ 1801s] checking for BSD- or MS-compatible name lister (nm)... /usr/bin/nm -B
[ 1803s] checking the name lister (/usr/bin/nm -B) interface... BSD nm
[ 1803s] checking whether ln -s works... yes
[ 1803s] checking the maximum length of command line arguments... 1572864
[ 1803s] checking how to convert riscv64-openEuler-linux-gnu file names to riscv64-openEuler-linux-gnu format... func_convert_file_noop
[ 1803s] checking how to convert riscv64-openEuler-linux-gnu file names to toolchain format... func_convert_file_noop
[ 1803s] checking for /usr/bin/ld option to reload object files... -r
[ 1803s] checking for riscv64-openEuler-linux-gnu-objdump... no
[ 1803s] checking for objdump... objdump
[ 1803s] checking how to recognize dependent libraries... pass_all
[ 1803s] checking for riscv64-openEuler-linux-gnu-dlltool... no
[ 1803s] checking for dlltool... no
[ 1803s] checking how to associate runtime and link libraries... printf %s\n
[ 1803s] checking for riscv64-openEuler-linux-gnu-ar... no
[ 1803s] checking for ar... ar
[ 1806s] checking for archiver @FILE support... @
[ 1806s] checking for riscv64-openEuler-linux-gnu-strip... no
[ 1806s] checking for strip... strip
[ 1806s] checking for riscv64-openEuler-linux-gnu-ranlib... no
[ 1806s] checking for ranlib... ranlib
[ 1810s] checking command to parse /usr/bin/nm -B output from gcc object... ok
[ 1810s] checking for sysroot... no
[ 1810s] checking for a working dd... /usr/bin/dd
[ 1811s] checking how to truncate binary pipes... /usr/bin/dd bs=4096 count=1
[ 1811s] checking for riscv64-openEuler-linux-gnu-mt... no
[ 1811s] checking for mt... no
[ 1811s] checking if : is a manifest tool... no
[ 1814s] checking how to run the C preprocessor... gcc -E
[ 1825s] checking for ANSI C header files... yes
[ 1828s] checking for sys/types.h... yes
[ 1830s] checking for sys/stat.h... yes
[ 1832s] checking for stdlib.h... yes
[ 1835s] checking for string.h... yes
[ 1837s] checking for memory.h... yes
[ 1839s] checking for strings.h... yes
[ 1843s] checking for inttypes.h... yes
[ 1845s] checking for stdint.h... yes
[ 1848s] checking for unistd.h... yes
[ 1850s] checking for dlfcn.h... yes
[ 1850s] checking for objdir... .libs
[ 1856s] checking if gcc supports -fno-rtti -fno-exceptions... no
[ 1856s] checking for gcc option to produce PIC... -fPIC -DPIC
[ 1858s] checking if gcc PIC flag -fPIC -DPIC works... yes
[ 1862s] checking if gcc static flag -static works... yes
[ 1864s] checking if gcc supports -c -o file.o... yes
[ 1864s] checking if gcc supports -c -o file.o... (cached) yes
[ 1865s] checking whether the gcc linker (/usr/bin/ld) supports shared libraries... yes
[ 1867s] checking whether -lc should be explicitly linked in... no
[ 1872s] checking dynamic linker characteristics... GNU/Linux ld.so
[ 1872s] checking how to hardcode library paths into programs... immediate
[ 1872s] checking whether stripping libraries is possible... yes
[ 1872s] checking if libtool supports shared libraries... yes
[ 1872s] checking whether to build shared libraries... yes
[ 1872s] checking whether to build static libraries... yes
[ 1872s] checking for riscv64-openEuler-linux-gnu-pkg-config... /usr/bin/riscv64-openEuler-linux-gnu-pkg-config
[ 1873s] checking pkg-config is at least version 0.20... yes
[ 1874s] checking for FREETYPE... yes
[ 1874s] checking for HARFBUZZ... yes
[ 1875s] checking for FRIBIDI... yes
[ 1878s] checking for hb_ft_font_create_referenced... yes
[ 1881s] checking for hb_ft_font_set_load_flags... yes
[ 1885s] checking for hb_buffer_set_invisible_glyph... yes
[ 1887s] checking whether HB_BUFFER_FLAG_REMOVE_DEFAULT_IGNORABLES is declared... yes
[ 1888s] checking for gtk-doc... yes
[ 1888s] checking for gtkdoc-check... gtkdoc-check.test
[ 1888s] checking for gtkdoc-check... /usr/bin/gtkdoc-check
[ 1888s] checking for gtkdoc-rebase... /usr/bin/gtkdoc-rebase
[ 1888s] checking for gtkdoc-mkpdf... /usr/bin/gtkdoc-mkpdf
[ 1888s] checking whether to build gtk-doc documentation... yes
[ 1888s] checking for GTKDOC_DEPS... yes
[ 1890s] checking that generated files are newer than configure... done
[ 1890s] configure: creating ./config.status
[ 1916s] config.status: creating Makefile
[ 1917s] config.status: creating raqm.pc
[ 1918s] config.status: creating src/Makefile
[ 1920s] config.status: creating src/raqm-version.h
[ 1921s] config.status: creating tests/Makefile
[ 1922s] config.status: creating docs/Makefile
[ 1923s] config.status: creating docs/version.xml
[ 1924s] config.status: creating config.h
[ 1924s] config.status: executing depfiles commands
[ 1924s] config.status: executing libtool commands
[ 1927s] + RPM_EC=0
[ 1927s] ++ jobs -p
[ 1927s] + exit 0
[ 1927s] Executing(%build): /bin/sh -e /var/tmp/rpm-tmp.R2QRLA
[ 1927s] + umask 022
[ 1927s] + cd /home/abuild/rpmbuild/BUILD
[ 1927s] + cd raqm-0.7.0
[ 1927s] + /usr/bin/make -O -j8 V=1 VERBOSE=1
[ 1927s] /usr/bin/make  all-recursive
[ 1928s] Making all in src
[ 1952s] make[2]: Entering directory '/home/abuild/rpmbuild/BUILD/raqm-0.7.0/src'
[ 1952s] /bin/sh ../libtool  --tag=CC   --mode=compile gcc -DHAVE_CONFIG_H -I. -I..  -I/usr/include/freetype2 -I/usr/include/libpng16  -I/usr/include/harfbuzz -I/usr/include/glib-2.0 -I/usr/lib64/glib-2.0/include -I/usr/include/freetype2 -I/usr/include/libpng16  -I/usr/include/fribidi  -fno-strict-aliasing -Wall -Wextra -Wnested-externs -Wwrite-strings -Wpointer-arith -Wmissing-declarations -Wmissing-prototypes -Wstrict-prototypes -Wredundant-decls -Wno-unused-parameter -Wno-missing-field-initializers -Wdeclaration-after-statement -Wformat=2 -Wold-style-definition -Wcast-align -Wformat-nonliteral -Wformat-security -Wsign-compare -Wstrict-aliasing -Wshadow -Winline -Wpacked -Wmissing-format-attribute -Wmissing-noreturn -Winit-self -Wmissing-include-dirs -Wunused-but-set-variable -Warray-bounds -Wimplicit-function-declaration -Wreturn-type -Wswitch-enum -Wswitch-default -Werror -Wno-suggest-attribute=format -Wno-error=unused-parameter -Wno-error=missing-field-initializers    -O2 -g -pipe -Wall -Werror=format-security -Wp,-D_FORTIFY_SOURCE=2 -Wp,-D_GLIBCXX_ASSERTIONS -fstack-protector-strong -grecord-gcc-switches -specs=/usr/lib/rpm/generic-hardened-cc1 -fasynchronous-unwind-tables -fstack-clash-protection -c -o libraqm_la-raqm.lo `test -f 'raqm.c' || echo './'`raqm.c
[ 1952s] libtool: compile:  gcc -DHAVE_CONFIG_H -I. -I.. -I/usr/include/freetype2 -I/usr/include/libpng16 -I/usr/include/harfbuzz -I/usr/include/glib-2.0 -I/usr/lib64/glib-2.0/include -I/usr/include/freetype2 -I/usr/include/libpng16 -I/usr/include/fribidi -fno-strict-aliasing -Wall -Wextra -Wnested-externs -Wwrite-strings -Wpointer-arith -Wmissing-declarations -Wmissing-prototypes -Wstrict-prototypes -Wredundant-decls -Wno-unused-parameter -Wno-missing-field-initializers -Wdeclaration-after-statement -Wformat=2 -Wold-style-definition -Wcast-align -Wformat-nonliteral -Wformat-security -Wsign-compare -Wstrict-aliasing -Wshadow -Winline -Wpacked -Wmissing-format-attribute -Wmissing-noreturn -Winit-self -Wmissing-include-dirs -Wunused-but-set-variable -Warray-bounds -Wimplicit-function-declaration -Wreturn-type -Wswitch-enum -Wswitch-default -Werror -Wno-suggest-attribute=format -Wno-error=unused-parameter -Wno-error=missing-field-initializers -O2 -g -pipe -Wall -Werror=format-security -Wp,-D_FORTIFY_SOURCE=2 -Wp,-D_GLIBCXX_ASSERTIONS -fstack-protector-strong -grecord-gcc-switches -specs=/usr/lib/rpm/generic-hardened-cc1 -fasynchronous-unwind-tables -fstack-clash-protection -c raqm.c  -fPIC -DPIC -o .libs/libraqm_la-raqm.o
[ 1952s] libtool: compile:  gcc -DHAVE_CONFIG_H -I. -I.. -I/usr/include/freetype2 -I/usr/include/libpng16 -I/usr/include/harfbuzz -I/usr/include/glib-2.0 -I/usr/lib64/glib-2.0/include -I/usr/include/freetype2 -I/usr/include/libpng16 -I/usr/include/fribidi -fno-strict-aliasing -Wall -Wextra -Wnested-externs -Wwrite-strings -Wpointer-arith -Wmissing-declarations -Wmissing-prototypes -Wstrict-prototypes -Wredundant-decls -Wno-unused-parameter -Wno-missing-field-initializers -Wdeclaration-after-statement -Wformat=2 -Wold-style-definition -Wcast-align -Wformat-nonliteral -Wformat-security -Wsign-compare -Wstrict-aliasing -Wshadow -Winline -Wpacked -Wmissing-format-attribute -Wmissing-noreturn -Winit-self -Wmissing-include-dirs -Wunused-but-set-variable -Warray-bounds -Wimplicit-function-declaration -Wreturn-type -Wswitch-enum -Wswitch-default -Werror -Wno-suggest-attribute=format -Wno-error=unused-parameter -Wno-error=missing-field-initializers -O2 -g -pipe -Wall -Werror=format-security -Wp,-D_FORTIFY_SOURCE=2 -Wp,-D_GLIBCXX_ASSERTIONS -fstack-protector-strong -grecord-gcc-switches -specs=/usr/lib/rpm/generic-hardened-cc1 -fasynchronous-unwind-tables -fstack-clash-protection -c raqm.c -o libraqm_la-raqm.o >/dev/null 2>&1
[ 1952s] make[2]: Leaving directory '/home/abuild/rpmbuild/BUILD/raqm-0.7.0/src'
[ 1959s] make[2]: Entering directory '/home/abuild/rpmbuild/BUILD/raqm-0.7.0/src'
[ 1959s] /bin/sh ../libtool  --tag=CC   --mode=link gcc  -O2 -g -pipe -Wall -Werror=format-security -Wp,-D_FORTIFY_SOURCE=2 -Wp,-D_GLIBCXX_ASSERTIONS -fstack-protector-strong -grecord-gcc-switches -specs=/usr/lib/rpm/generic-hardened-cc1 -fasynchronous-unwind-tables -fstack-clash-protection -version-info 700:0:700  -Wl,-z,relro   -Wl,-z,now -specs=/usr/lib/rpm/generic-hardened-ld -o libraqm.la -rpath /usr/lib64 libraqm_la-raqm.lo  -lfreetype  -lharfbuzz  -lfribidi    
[ 1959s] libtool: link: gcc -shared  -fPIC -DPIC  .libs/libraqm_la-raqm.o   -lfreetype -lharfbuzz -lfribidi -Wl,-z,now -specs=/usr/lib/rpm/generic-hardened-ld -O2 -g -fstack-protector-strong -grecord-gcc-switches -specs=/usr/lib/rpm/generic-hardened-cc1 -Wl,-z -Wl,relro -Wl,-z -Wl,now -specs=/usr/lib/rpm/generic-hardened-ld   -Wl,-soname -Wl,libraqm.so.0 -o .libs/libraqm.so.0.700.0
[ 1959s] libtool: link: (cd ".libs" && rm -f "libraqm.so.0" && ln -s "libraqm.so.0.700.0" "libraqm.so.0")
[ 1959s] libtool: link: (cd ".libs" && rm -f "libraqm.so" && ln -s "libraqm.so.0.700.0" "libraqm.so")
[ 1959s] libtool: link: ar cr .libs/libraqm.a  libraqm_la-raqm.o
[ 1959s] libtool: link: ranlib .libs/libraqm.a
[ 1959s] libtool: link: ( cd ".libs" && rm -f "libraqm.la" && ln -s "../libraqm.la" "libraqm.la" )
[ 1959s] make[2]: Leaving directory '/home/abuild/rpmbuild/BUILD/raqm-0.7.0/src'
[ 1959s] Making all in docs
[ 1959s] make[2]: Entering directory '/home/abuild/rpmbuild/BUILD/raqm-0.7.0/docs'
[ 1959s] /usr/bin/mkdir -p xml && ( \
[ 1959s] 	echo "<!ENTITY package \"raqm\">"; \
[ 1959s] 	echo "<!ENTITY package_bugreport \"https://github.com/HOST-Oman/libraqm/issues\">"; \
[ 1959s] 	echo "<!ENTITY package_name \"Raqm\">"; \
[ 1959s] 	echo "<!ENTITY package_string \"Raqm 0.7.0\">"; \
[ 1959s] 	echo "<!ENTITY package_tarname \"raqm\">"; \
[ 1959s] 	echo "<!ENTITY package_url \"https://github.com/HOST-Oman/libraqm/\">"; \
[ 1959s] 	echo "<!ENTITY package_version \"0.7.0\">"; \
[ 1959s] ) > xml/gtkdocentities.ent
[ 1959s] make[2]: Leaving directory '/home/abuild/rpmbuild/BUILD/raqm-0.7.0/docs'
[ 1959s] make[2]: Entering directory '/home/abuild/rpmbuild/BUILD/raqm-0.7.0/docs'
[ 1959s] if test "/home/abuild/rpmbuild/BUILD/raqm-0.7.0/docs" != "/home/abuild/rpmbuild/BUILD/raqm-0.7.0/docs" ; then \
[ 1959s]   files=`echo version.xml  raqm-docs.xml raqm-sections.txt raqm-overrides.txt raqm.types`; \
[ 1959s]   if test "x$files" != "x" ; then \
[ 1959s]     for file in $files ; do \
[ 1959s]       destdir=`dirname /home/abuild/rpmbuild/BUILD/raqm-0.7.0/docs/$file`; \
[ 1959s]       test -d "$destdir" || mkdir -p "$destdir"; \
[ 1959s]       test -f /home/abuild/rpmbuild/BUILD/raqm-0.7.0/docs/$file && \
[ 1959s]         cp -pf /home/abuild/rpmbuild/BUILD/raqm-0.7.0/docs/$file /home/abuild/rpmbuild/BUILD/raqm-0.7.0/docs/$file || true; \
[ 1959s]     done; \
[ 1959s]   fi; \
[ 1959s] fi
[ 1959s] touch setup-build.stamp
[ 1959s] make[2]: Leaving directory '/home/abuild/rpmbuild/BUILD/raqm-0.7.0/docs'
[ 1963s] make[2]: Entering directory '/home/abuild/rpmbuild/BUILD/raqm-0.7.0/docs'
[ 1963s] _source_dir='' ; \
[ 1963s] for i in ../src ; do \
[ 1963s]   _source_dir="${_source_dir} --source-dir=$i" ; \
[ 1963s] done ; \
[ 1963s] gtkdoc-scan --module=raqm --ignore-headers="" ${_source_dir} --rebuild-types ../src/raqm-version.h
[ 1963s] if grep -l '^..*$' raqm.types > /dev/null 2>&1 ; then \
[ 1963s]   scanobj_options=""; \
[ 1963s]   gtkdoc-scangobj 2>&1 --help | grep  >/dev/null "\-\-verbose"; \
[ 1963s]   if test "$?" = "0"; then \
[ 1963s]     if test "x1" = "x1"; then \
[ 1963s]       scanobj_options="--verbose"; \
[ 1963s]     fi; \
[ 1963s]   fi; \
[ 1963s]   CC="/bin/sh ../libtool --tag=CC --mode=compile gcc  -I/usr/include/glib-2.0 -I/usr/lib64/glib-2.0/include     -O2 -g -pipe -Wall -Werror=format-security -Wp,-D_FORTIFY_SOURCE=2 -Wp,-D_GLIBCXX_ASSERTIONS -fstack-protector-strong -grecord-gcc-switches -specs=/usr/lib/rpm/generic-hardened-cc1 -fasynchronous-unwind-tables -fstack-clash-protection" LD="/bin/sh ../libtool --tag=CC --mode=link gcc -lgobject-2.0 -lglib-2.0   -O2 -g -pipe -Wall -Werror=format-security -Wp,-D_FORTIFY_SOURCE=2 -Wp,-D_GLIBCXX_ASSERTIONS -fstack-protector-strong -grecord-gcc-switches -specs=/usr/lib/rpm/generic-hardened-cc1 -fasynchronous-unwind-tables -fstack-clash-protection  -Wl,-z,relro   -Wl,-z,now -specs=/usr/lib/rpm/generic-hardened-ld" RUN="/bin/sh ../libtool --mode=execute" CFLAGS=" -O2 -g -pipe -Wall -Werror=format-security -Wp,-D_FORTIFY_SOURCE=2 -Wp,-D_GLIBCXX_ASSERTIONS -fstack-protector-strong -grecord-gcc-switches -specs=/usr/lib/rpm/generic-hardened-cc1 -fasynchronous-unwind-tables -fstack-clash-protection" LDFLAGS=" -Wl,-z,relro   -Wl,-z,now -specs=/usr/lib/rpm/generic-hardened-ld" \
[ 1963s]   gtkdoc-scangobj  $scanobj_options --module=raqm; \
[ 1963s] else \
[ 1963s]   for i in raqm.args raqm.hierarchy raqm.interfaces raqm.prerequisites raqm.signals ; do \
[ 1963s]     test -f $i || touch $i ; \
[ 1963s]   done \
[ 1963s] fi
[ 1963s] touch scan-build.stamp
[ 1963s] make[2]: Leaving directory '/home/abuild/rpmbuild/BUILD/raqm-0.7.0/docs'
[ 1968s] make[2]: Entering directory '/home/abuild/rpmbuild/BUILD/raqm-0.7.0/docs'
[ 1968s] _source_dir='' ; \
[ 1968s] for i in ../src ; do \
[ 1968s]   _source_dir="${_source_dir} --source-dir=$i" ; \
[ 1968s] done ; \
[ 1968s] gtkdoc-mkdb --module=raqm --output-format=xml --expand-content-files="" --main-sgml-file=raqm-docs.xml ${_source_dir} --xml-mode --output-format=xml --ignore-files=""
[ 1968s] touch sgml-build.stamp
[ 1968s] make[2]: Leaving directory '/home/abuild/rpmbuild/BUILD/raqm-0.7.0/docs'
[ 1994s] make[2]: Entering directory '/home/abuild/rpmbuild/BUILD/raqm-0.7.0/docs'
[ 1994s] rm -rf html && mkdir html && \
[ 1994s] mkhtml_options=""; \
[ 1994s] gtkdoc-mkhtml 2>&1 --help | grep  >/dev/null "\-\-verbose"; \
[ 1994s] if test "$?" = "0"; then \
[ 1994s]   if test "x1" = "x1"; then \
[ 1994s]     mkhtml_options="$mkhtml_options --verbose"; \
[ 1994s]   fi; \
[ 1994s] fi; \
[ 1994s] gtkdoc-mkhtml 2>&1 --help | grep  >/dev/null "\-\-path"; \
[ 1994s] if test "$?" = "0"; then \
[ 1994s]   mkhtml_options="$mkhtml_options --path=\"/home/abuild/rpmbuild/BUILD/raqm-0.7.0/docs\""; \
[ 1994s] fi; \
[ 1994s] cd html && gtkdoc-mkhtml $mkhtml_options  raqm ../raqm-docs.xml
[ 1994s] Computing chunks...
[ 1994s] Writing raqm-Raqm.html for refentry(raqm-Raqm)
[ 1994s] Writing ch01.html for chapter
[ 1994s] Writing api-index-full.html for index(api-index-full)
[ 1994s] Writing annotation-glossary.html for glossary(annotation-glossary)
[ 1994s] Writing index.html for book(index)
[ 1994s] Writing raqm.devhelp2 for book(index)
[ 1994s] gtkdoc-fixxref --module=raqm --module-dir=html --html-dir=/usr/share/gtk-doc/html 
[ 1994s] html/raqm-Raqm.html:444: warning: no link for: "NULL:CAPS" -> (<code class="literal">NULL</code>).
[ 1994s] html/raqm-Raqm.html:487: warning: no link for: "cairo-reference" -> (<code class="function">cairo_reference()</code>).
[ 1994s] html/raqm-Raqm.html:548: warning: no link for: "true" -> (<code class="literal">true</code>).
[ 1994s] html/raqm-Raqm.html:548: warning: no link for: "false" -> (<code class="literal">false</code>).
[ 1994s] html/raqm-Raqm.html:723: warning: no link for: "FT-Face" -> (<span class="type">FT_Face</span>).
[ 1994s] html/raqm-Raqm.html:822: warning: no link for: "hb-ft-font-set-load-flags" -> (<code class="function">hb_ft_font_set_load_flags()</code>).
[ 1994s] html/raqm-Raqm.html:870: warning: no link for: "hb-buffer-set-invisible-glyph" -> (<code class="function">hb_buffer_set_invisible_glyph()</code>).
[ 1994s] html/raqm-Raqm.html:913: warning: no link for: "hb-feature-from-string" -> (<code class="function">hb_feature_from_string()</code>).
[ 1994s] touch html-build.stamp
[ 1994s] make[2]: Leaving directory '/home/abuild/rpmbuild/BUILD/raqm-0.7.0/docs'
[ 1994s] Making all in tests
[ 1994s] make[2]: Nothing to be done for 'all'.
[ 1994s] + RPM_EC=0
[ 1994s] ++ jobs -p
[ 1994s] + exit 0
[ 1995s] Executing(%install): /bin/sh -e /var/tmp/rpm-tmp.Lx1SGW
[ 1995s] + umask 022
[ 1995s] + cd /home/abuild/rpmbuild/BUILD
[ 1995s] + '[' /home/abuild/rpmbuild/BUILDROOT/libraqm-0.7.0-3.oe1.riscv64 '!=' / ']'
[ 1995s] + rm -rf /home/abuild/rpmbuild/BUILDROOT/libraqm-0.7.0-3.oe1.riscv64
[ 1995s] ++ dirname /home/abuild/rpmbuild/BUILDROOT/libraqm-0.7.0-3.oe1.riscv64
[ 1995s] + mkdir -p /home/abuild/rpmbuild/BUILDROOT
[ 1995s] + mkdir /home/abuild/rpmbuild/BUILDROOT/libraqm-0.7.0-3.oe1.riscv64
[ 1995s] + cd raqm-0.7.0
[ 1995s] + /usr/bin/make install DESTDIR=/home/abuild/rpmbuild/BUILDROOT/libraqm-0.7.0-3.oe1.riscv64 'INSTALL=/usr/bin/install -p'
[ 1996s] Making install in src
[ 1996s] make[1]: Entering directory '/home/abuild/rpmbuild/BUILD/raqm-0.7.0/src'
[ 1996s] make[2]: Entering directory '/home/abuild/rpmbuild/BUILD/raqm-0.7.0/src'
[ 1996s]  /usr/bin/mkdir -p '/home/abuild/rpmbuild/BUILDROOT/libraqm-0.7.0-3.oe1.riscv64/usr/lib64'
[ 1996s]  /bin/sh ../libtool   --mode=install /usr/bin/install -p   libraqm.la '/home/abuild/rpmbuild/BUILDROOT/libraqm-0.7.0-3.oe1.riscv64/usr/lib64'
[ 1997s] libtool: install: /usr/bin/install -p .libs/libraqm.so.0.700.0 /home/abuild/rpmbuild/BUILDROOT/libraqm-0.7.0-3.oe1.riscv64/usr/lib64/libraqm.so.0.700.0
[ 1998s] libtool: install: (cd /home/abuild/rpmbuild/BUILDROOT/libraqm-0.7.0-3.oe1.riscv64/usr/lib64 && { ln -s -f libraqm.so.0.700.0 libraqm.so.0 || { rm -f libraqm.so.0 && ln -s libraqm.so.0.700.0 libraqm.so.0; }; })
[ 1998s] libtool: install: (cd /home/abuild/rpmbuild/BUILDROOT/libraqm-0.7.0-3.oe1.riscv64/usr/lib64 && { ln -s -f libraqm.so.0.700.0 libraqm.so || { rm -f libraqm.so && ln -s libraqm.so.0.700.0 libraqm.so; }; })
[ 1998s] libtool: install: /usr/bin/install -p .libs/libraqm.lai /home/abuild/rpmbuild/BUILDROOT/libraqm-0.7.0-3.oe1.riscv64/usr/lib64/libraqm.la
[ 1998s] libtool: install: /usr/bin/install -p .libs/libraqm.a /home/abuild/rpmbuild/BUILDROOT/libraqm-0.7.0-3.oe1.riscv64/usr/lib64/libraqm.a
[ 1998s] libtool: install: chmod 644 /home/abuild/rpmbuild/BUILDROOT/libraqm-0.7.0-3.oe1.riscv64/usr/lib64/libraqm.a
[ 1999s] libtool: install: ranlib /home/abuild/rpmbuild/BUILDROOT/libraqm-0.7.0-3.oe1.riscv64/usr/lib64/libraqm.a
[ 1999s] libtool: warning: remember to run 'libtool --finish /usr/lib64'
[ 1999s]  /usr/bin/mkdir -p '/home/abuild/rpmbuild/BUILDROOT/libraqm-0.7.0-3.oe1.riscv64/usr/include'
[ 1999s]  /usr/bin/install -p -m 644 raqm.h raqm-version.h '/home/abuild/rpmbuild/BUILDROOT/libraqm-0.7.0-3.oe1.riscv64/usr/include'
[ 1999s] make[2]: Leaving directory '/home/abuild/rpmbuild/BUILD/raqm-0.7.0/src'
[ 1999s] make[1]: Leaving directory '/home/abuild/rpmbuild/BUILD/raqm-0.7.0/src'
[ 1999s] Making install in docs
[ 1999s] make[1]: Entering directory '/home/abuild/rpmbuild/BUILD/raqm-0.7.0/docs'
[ 2000s] make[2]: Entering directory '/home/abuild/rpmbuild/BUILD/raqm-0.7.0/docs'
[ 2000s] make[2]: Nothing to be done for 'install-exec-am'.
[ 2001s]  /usr/bin/install -p -m 644 ./html/annotation-glossary.html
[ 2001s]  /usr/bin/install -p -m 644 ./html/api-index-full.html
[ 2001s]  /usr/bin/install -p -m 644 ./html/ch01.html
[ 2001s]  /usr/bin/install -p -m 644 ./html/home.png
[ 2001s]  /usr/bin/install -p -m 644 ./html/index.html
[ 2001s]  /usr/bin/install -p -m 644 ./html/left-insensitive.png
[ 2002s]  /usr/bin/install -p -m 644 ./html/left.png
[ 2002s]  /usr/bin/install -p -m 644 ./html/raqm-Raqm.html
[ 2002s]  /usr/bin/install -p -m 644 ./html/raqm.devhelp2
[ 2002s]  /usr/bin/install -p -m 644 ./html/right-insensitive.png
[ 2002s]  /usr/bin/install -p -m 644 ./html/right.png
[ 2002s]  /usr/bin/install -p -m 644 ./html/style.css
[ 2002s]  /usr/bin/install -p -m 644 ./html/up-insensitive.png
[ 2002s]  /usr/bin/install -p -m 644 ./html/up.png
[ 2004s] make[2]: Leaving directory '/home/abuild/rpmbuild/BUILD/raqm-0.7.0/docs'
[ 2004s] make[1]: Leaving directory '/home/abuild/rpmbuild/BUILD/raqm-0.7.0/docs'
[ 2004s] Making install in tests
[ 2005s] make[1]: Entering directory '/home/abuild/rpmbuild/BUILD/raqm-0.7.0/tests'
[ 2005s] make[2]: Entering directory '/home/abuild/rpmbuild/BUILD/raqm-0.7.0/tests'
[ 2005s] make[2]: Nothing to be done for 'install-exec-am'.
[ 2005s] make[2]: Nothing to be done for 'install-data-am'.
[ 2005s] make[2]: Leaving directory '/home/abuild/rpmbuild/BUILD/raqm-0.7.0/tests'
[ 2005s] make[1]: Leaving directory '/home/abuild/rpmbuild/BUILD/raqm-0.7.0/tests'
[ 2005s] make[1]: Entering directory '/home/abuild/rpmbuild/BUILD/raqm-0.7.0'
[ 2005s] make[2]: Entering directory '/home/abuild/rpmbuild/BUILD/raqm-0.7.0'
[ 2005s] make[2]: Nothing to be done for 'install-exec-am'.
[ 2006s]  /usr/bin/mkdir -p '/home/abuild/rpmbuild/BUILDROOT/libraqm-0.7.0-3.oe1.riscv64/usr/lib64/pkgconfig'
[ 2006s]  /usr/bin/install -p -m 644 raqm.pc '/home/abuild/rpmbuild/BUILDROOT/libraqm-0.7.0-3.oe1.riscv64/usr/lib64/pkgconfig'
[ 2006s] make[2]: Leaving directory '/home/abuild/rpmbuild/BUILD/raqm-0.7.0'
[ 2006s] make[1]: Leaving directory '/home/abuild/rpmbuild/BUILD/raqm-0.7.0'
[ 2006s] + rm -f /home/abuild/rpmbuild/BUILDROOT/libraqm-0.7.0-3.oe1.riscv64/usr/lib64/libraqm.la /home/abuild/rpmbuild/BUILDROOT/libraqm-0.7.0-3.oe1.riscv64/usr/lib64/libraqm.a
[ 2006s] + /usr/lib/rpm/find-debuginfo.sh -j8 --strict-build-id -i --build-id-seed 0.7.0-3.oe1 --unique-debug-suffix -0.7.0-3.oe1.riscv64 --unique-debug-src-base libraqm-0.7.0-3.oe1.riscv64 -S debugsourcefiles.list /home/abuild/rpmbuild/BUILD/raqm-0.7.0
[ 2007s] explicitly decompress any DWARF compressed ELF sections in /home/abuild/rpmbuild/BUILDROOT/libraqm-0.7.0-3.oe1.riscv64/usr/lib64/libraqm.so.0.700.0
[ 2007s] extracting debug info from /home/abuild/rpmbuild/BUILDROOT/libraqm-0.7.0-3.oe1.riscv64/usr/lib64/libraqm.so.0.700.0
[ 2008s] Could not find platform independent libraries <prefix>
[ 2008s] Could not find platform dependent libraries <exec_prefix>
[ 2008s] Consider setting $PYTHONHOME to <prefix>[:<exec_prefix>]
[ 2008s] Fatal Python error: initfsencoding: unable to load the file system codec
[ 2008s] ModuleNotFoundError: No module named 'encodings'
[ 2008s] 
[ 2008s] Current thread 0x0000003fb79ec020 (most recent call first):
[ 2010s] /usr/bin/gdb-add-index: line 106: 2516381 Aborted                 (core dumped) $GDB --batch -nx -iex 'set auto-load no' -ex "file $file" -ex "save gdb-index $dwarf5 $dir"
[ 2010s] gdb-add-index: gdb error generating index for /home/abuild/rpmbuild/BUILDROOT/libraqm-0.7.0-3.oe1.riscv64/usr/lib64/libraqm.so.0.700.0
[ 2011s] 111 blocks
[ 2012s] + /usr/lib/rpm/check-buildroot
[ 2012s] + /usr/lib/rpm/brp-ldconfig
[ 2013s] + /usr/lib/rpm/brp-compress
[ 2013s] + /usr/lib/rpm/brp-strip-static-archive /usr/bin/strip
[ 2014s] + /usr/lib/rpm/brp-python-bytecompile /usr/bin/python 1 1
[ 2015s] + /usr/lib/rpm/brp-python-hardlink
[ 2015s] Executing(%check): /bin/sh -e /var/tmp/rpm-tmp.5tNXtj
[ 2015s] + umask 022
[ 2015s] + cd /home/abuild/rpmbuild/BUILD
[ 2015s] + cd raqm-0.7.0
[ 2015s] + export LC_ALL=C.utf8
[ 2015s] + LC_ALL=C.utf8
[ 2015s] + make check
[ 2016s] Making check in src
[ 2016s] make[1]: Entering directory '/home/abuild/rpmbuild/BUILD/raqm-0.7.0/src'
[ 2016s] make  libraqm-test.la
[ 2016s] make[2]: Entering directory '/home/abuild/rpmbuild/BUILD/raqm-0.7.0/src'
[ 2016s]   CC       libraqm_test_la-raqm.lo
[ 2044s]   CCLD     libraqm-test.la
[ 2049s] make[2]: Leaving directory '/home/abuild/rpmbuild/BUILD/raqm-0.7.0/src'
[ 2049s] make[1]: Leaving directory '/home/abuild/rpmbuild/BUILD/raqm-0.7.0/src'
[ 2049s] Making check in docs
[ 2049s] make[1]: Entering directory '/home/abuild/rpmbuild/BUILD/raqm-0.7.0/docs'
[ 2050s] make  check-TESTS
[ 2050s] make[2]: Entering directory '/home/abuild/rpmbuild/BUILD/raqm-0.7.0/docs'
[ 2051s] make[3]: Entering directory '/home/abuild/rpmbuild/BUILD/raqm-0.7.0/docs'
[ 2051s]   GEN      gtkdoc-check.test
[ 2054s] PASS: gtkdoc-check.test
[ 2056s] ============================================================================
[ 2056s] Testsuite summary for Raqm 0.7.0
[ 2056s] ============================================================================
[ 2056s] # TOTAL: 1
[ 2056s] # PASS:  1
[ 2056s] # SKIP:  0
[ 2056s] # XFAIL: 0
[ 2056s] # FAIL:  0
[ 2056s] # XPASS: 0
[ 2056s] # ERROR: 0
[ 2056s] ============================================================================
[ 2056s] make[3]: Leaving directory '/home/abuild/rpmbuild/BUILD/raqm-0.7.0/docs'
[ 2056s] make[2]: Leaving directory '/home/abuild/rpmbuild/BUILD/raqm-0.7.0/docs'
[ 2056s] make[1]: Leaving directory '/home/abuild/rpmbuild/BUILD/raqm-0.7.0/docs'
[ 2056s] Making check in tests
[ 2056s] make[1]: Entering directory '/home/abuild/rpmbuild/BUILD/raqm-0.7.0/tests'
[ 2056s] make  raqm-test
[ 2056s] make[2]: Entering directory '/home/abuild/rpmbuild/BUILD/raqm-0.7.0/tests'
[ 2056s]   CC       raqm_test-raqm-test.o
[ 2062s]   CCLD     raqm-test
[ 2068s] make[2]: Leaving directory '/home/abuild/rpmbuild/BUILD/raqm-0.7.0/tests'
[ 2068s] make  check-TESTS
[ 2068s] make[2]: Entering directory '/home/abuild/rpmbuild/BUILD/raqm-0.7.0/tests'
[ 2069s] make[3]: Entering directory '/home/abuild/rpmbuild/BUILD/raqm-0.7.0/tests'
[ 2072s] PASS: buffer-flags-1.test
[ 2074s] PASS: direction-ltr-1.test
[ 2076s] PASS: direction-ltr-2.test
[ 2078s] PASS: direction-ltr-3.test
[ 2081s] PASS: direction-ltr-4.test
[ 2083s] PASS: direction-ltr-5.test
[ 2086s] PASS: direction-rtl-1.test
[ 2088s] PASS: direction-rtl-2.test
[ 2090s] PASS: direction-rtl-3.test
[ 2092s] PASS: direction-rtl-4.test
[ 2095s] PASS: direction-rtl-5.test
[ 2097s] PASS: direction-ttb-1.test
[ 2099s] PASS: empty-text.test
[ 2102s] PASS: features-arabic.test
[ 2104s] PASS: features-kerning.test
[ 2107s] PASS: features-ligature.test
[ 2109s] PASS: scripts-backward.test
[ 2111s] PASS: scripts-backward-ltr.test
[ 2114s] PASS: scripts-backward-rtl.test
[ 2116s] PASS: scripts-common.test
[ 2118s] PASS: scripts-forward.test
[ 2121s] PASS: scripts-forward-ltr.test
[ 2123s] PASS: scripts-forward-rtl.test
[ 2125s] PASS: languages-sr.test
[ 2127s] PASS: languages-sr-ru.test
[ 2129s] PASS: multi-fonts.test
[ 2131s] PASS: multi-fonts2.test
[ 2134s] PASS: xyoffset.test
[ 2136s] PASS: test1.test
[ 2138s] PASS: test2.test
[ 2140s] PASS: test3.test
[ 2143s] PASS: test4.test
[ 2145s] PASS: test5.test
[ 2148s] PASS: cursor_position1.test
[ 2150s] PASS: cursor_position2.test
[ 2152s] PASS: cursor_position3.test
[ 2154s] PASS: cursor_position4.test
[ 2157s] PASS: cursor_position_GB3.test
[ 2159s] PASS: cursor_position_GB4.test
[ 2161s] PASS: cursor_position_GB5.test
[ 2164s] FAIL: cursor_position_GB8a.test
[ 2166s] PASS: cursor_position_GB9.test
[ 2169s] PASS: cursor_position_GB9a.test
[ 2171s] PASS: invisible_glyph_hidden.test
[ 2173s] PASS: invisible_glyph_space.test
[ 2177s] PASS: invisible_glyph_explicit.test
[ 2179s] ============================================================================
[ 2179s] Testsuite summary for Raqm 0.7.0
[ 2179s] ============================================================================
[ 2179s] # TOTAL: 46
[ 2179s] # PASS:  45
[ 2179s] # SKIP:  0
[ 2179s] # XFAIL: 0
[ 2179s] # FAIL:  1
[ 2179s] # XPASS: 0
[ 2179s] # ERROR: 0
[ 2179s] ============================================================================
[ 2179s] See tests/test-suite.log
[ 2179s] Please report to https://github.com/HOST-Oman/libraqm/issues
[ 2179s] ============================================================================
[ 2179s] make[3]: *** [Makefile:792: test-suite.log] Error 1
[ 2179s] make[3]: Leaving directory '/home/abuild/rpmbuild/BUILD/raqm-0.7.0/tests'
[ 2179s] make[2]: *** [Makefile:900: check-TESTS] Error 2
[ 2179s] make[2]: Leaving directory '/home/abuild/rpmbuild/BUILD/raqm-0.7.0/tests'
[ 2179s] make[1]: *** [Makefile:967: check-am] Error 2
[ 2179s] make[1]: Leaving directory '/home/abuild/rpmbuild/BUILD/raqm-0.7.0/tests'
[ 2179s] make: *** [Makefile:496: check-recursive] Error 1
[ 2179s] error: Bad exit status from /var/tmp/rpm-tmp.5tNXtj (%check)
[ 2179s] 
[ 2179s] 
[ 2179s] RPM build errors:
[ 2179s]     Bad exit status from /var/tmp/rpm-tmp.5tNXtj (%check)
[ 2180s] 
[ 2180s] oe-RISCV-worker29 failed "build libraqm.spec" at Thu Apr 21 17:34:10 UTC 2022.
[ 2180s] 
