[    0s] Memory limit set to 10955196KB
[    0s] Using BUILD_ROOT=/var/cache/obs/worker/root_1
[    0s] Using BUILD_ARCH=riscv64
[    0s] 
[    3s] 
[    3s] oe-RISCV-worker21 started "build _service:extract_file:libsoup.spec" at Sat Apr 23 09:27:47 UTC 2022.
[    3s] 
[    3s] Building libsoup for project 'openEuler:Mainline:RISC-V' repository 'advanced_riscv64' arch 'riscv64' srcmd5 '8553163f2d2cde54f18abe73ae4c3bc1'
[    3s] 
[    3s] processing recipe /var/cache/obs/worker/root_1/.build-srcdir/_service:extract_file:libsoup.spec ...
[    7s] running changelog2spec --target rpm --file /var/cache/obs/worker/root_1/.build-srcdir/_service:extract_file:libsoup.spec
[    8s] init_buildsystem --configdir /var/run/obs/worker/1/build/configs --cachedir /var/cache/build --clean --rpmlist /var/cache/obs/worker/root_1/.build.rpmlist /var/cache/obs/worker/root_1/.build-srcdir/_service:extract_file:libsoup.spec build ...
[  105s] cycle: coreutils -> bash
[  105s]   breaking dependency coreutils -> bash
[  105s] cycle: coreutils -> info
[  105s]   breaking dependency coreutils -> info
[  105s] cycle: glibc -> filesystem -> coreutils
[  105s]   breaking dependency coreutils -> glibc
[  105s] cycle: glibc -> filesystem -> coreutils -> libacl
[  105s]   breaking dependency coreutils -> libacl
[  105s] cycle: glibc -> filesystem -> coreutils -> attr
[  105s]   breaking dependency coreutils -> attr
[  105s] cycle: coreutils -> libcap
[  105s]   breaking dependency coreutils -> libcap
[  105s] cycle: glibc -> filesystem -> coreutils -> openssl-libs
[  105s]   breaking dependency coreutils -> openssl-libs
[  105s] cycle: glibc -> filesystem -> coreutils -> libselinux
[  105s]   breaking dependency libselinux -> glibc
[  105s] cycle: glibc -> filesystem -> coreutils -> libselinux -> pcre2
[  105s]   breaking dependency pcre2 -> glibc
[  105s] cycle: glibc -> filesystem -> coreutils -> libselinux -> pcre2 -> readline
[  105s]   breaking dependency readline -> glibc
[  105s] cycle: glibc -> filesystem -> coreutils -> libselinux -> pcre2 -> readline -> ncurses-libs
[  105s]   breaking dependency filesystem -> coreutils
[  105s] cycle: glibc -> filesystem -> bash -> coreutils -> libselinux -> pcre2 -> readline -> ncurses-libs
[  105s]   breaking dependency filesystem -> bash
[  105s] cycle: perl-Carp -> perl-libs
[  105s]   breaking dependency perl-libs -> perl-Carp
[  105s] cycle: perl-libs -> perl-Exporter
[  105s]   breaking dependency perl-libs -> perl-Exporter
[  105s] cycle: perl-Carp -> perl-Exporter
[  105s]   breaking dependency perl-Exporter -> perl-Carp
[  105s] cycle: nss-util -> nss
[  105s]   breaking dependency nss -> nss-util
[  105s] cycle: nss-softokn -> nss-util -> nss
[  105s]   breaking dependency nss -> nss-softokn
[  105s] cycle: systemd -> cryptsetup -> device-mapper
[  105s]   breaking dependency systemd -> cryptsetup
[  105s] cycle: audit -> systemd -> pam
[  105s]   breaking dependency systemd -> pam
[  106s] [1/84] preinstalling dbus...
[  107s] [2/84] preinstalling libffi-devel...
[  108s] [3/84] preinstalling nodejs-source-map...
[  110s] [4/84] preinstalling python3-pip...
[  115s] [5/84] preinstalling python3-setuptools_scm...
[  115s] [6/84] preinstalling filesystem...
[  118s] [7/84] preinstalling glibc...
[  123s] [8/84] preinstalling libgcc...
[  124s] [9/84] preinstalling diffutils...
[  125s] [10/84] preinstalling libcap-ng...
[  126s] [11/84] preinstalling libgpg-error...
[  127s] [12/84] preinstalling libpcap...
[  128s] [13/84] preinstalling libsmartcols...
[  128s] [14/84] preinstalling libuuid...
[  129s] [15/84] preinstalling libxcrypt...
[  130s] [16/84] preinstalling lz4...
[  131s] [17/84] preinstalling m4...
[  132s] [18/84] preinstalling ncurses-libs...
[  133s] [19/84] preinstalling nspr...
[  133s] [20/84] preinstalling xz-libs...
[  134s] [21/84] preinstalling zlib...
[  135s] [22/84] preinstalling attr...
[  136s] [23/84] preinstalling libdb...
[  139s] [24/84] preinstalling zstd...
[  142s] [25/84] preinstalling audit-libs...
[  142s] [26/84] preinstalling file...
[  143s] [27/84] preinstalling iptables-libs...
[  144s] [28/84] preinstalling libacl...
[  145s] [29/84] preinstalling libgcrypt...
[  146s] [30/84] preinstalling openssl-libs...
[  147s] [31/84] preinstalling readline...
[  148s] [32/84] preinstalling ncurses...
[  154s] [33/84] preinstalling cmake...
[  166s] [34/84] preinstalling perl-libs...
[  170s] [35/84] preinstalling pcre2...
[  171s] [36/84] preinstalling perl-Exporter...
[  172s] [37/84] preinstalling pcre...
[  173s] [38/84] preinstalling acl...
[  173s] [39/84] preinstalling sqlite...
[  175s] [40/84] preinstalling libselinux...
[  176s] [41/84] preinstalling perl-Carp...
[  177s] [42/84] preinstalling perl-Digest-MD5...
[  178s] [43/84] preinstalling sed...
[  178s] [44/84] preinstalling coreutils...
[  183s] [45/84] preinstalling bash...
[  185s] [46/84] preinstalling openssl...
[  186s] [47/84] preinstalling dnf...
[  187s] [48/84] preinstalling bzip2...
[  188s] [49/84] preinstalling hostname...
[  189s] [50/84] preinstalling libcap...
[  190s] [51/84] preinstalling popt...
[  191s] [52/84] preinstalling elfutils...
[  193s] [53/84] preinstalling grep...
[  194s] [54/84] preinstalling libblkid...
[  195s] [55/84] preinstalling perl-constant...
[  195s] [56/84] preinstalling tar...
[  197s] [57/84] preinstalling info...
[  198s] [58/84] preinstalling libgcrypt-devel...
[  199s] [59/84] preinstalling lua...
[  200s] [60/84] preinstalling nss...
[  201s] [61/84] preinstalling chkconfig...
[  202s] [62/84] preinstalling copy-jdk-configs...
[  203s] [63/84] preinstalling libfdisk...
[  203s] [64/84] preinstalling libmount...
[  204s] [65/84] preinstalling libsemanage...
[  205s] [66/84] preinstalling nss-util...
[  207s] [67/84] preinstalling findutils...
[  209s] [68/84] preinstalling perl-Getopt-Long...
[  209s] [69/84] preinstalling xz...
[  210s] [70/84] preinstalling perl-Data-Dumper...
[  211s] [71/84] preinstalling systemd-libs...
[  212s] [72/84] preinstalling rpm-libs...
[  214s] [73/84] preinstalling dbus-libs...
[  215s] [74/84] preinstalling nss-softokn...
[  216s] [75/84] preinstalling glib2...
[  221s] [76/84] preinstalling systemd...
[  226s] [77/84] preinstalling audit...
[  227s] [78/84] preinstalling rpm...
[  228s] [79/84] preinstalling openEuler-rpm-config...
[  230s] [80/84] preinstalling pam...
[  232s] [81/84] preinstalling util-linux...
[  235s] [82/84] preinstalling device-mapper...
[  237s] [83/84] preinstalling cryptsetup...
[  238s] [84/84] preinstalling lvm2...
[  241s] 
[  243s] initializing rpm db...
[  258s] reordering...cycle: adobe-mappings-cmap -> adobe-mappings-cmap-lang
[  258s]   breaking dependency adobe-mappings-cmap-lang -> adobe-mappings-cmap
[  258s] cycle: bash -> coreutils
[  258s]   breaking dependency coreutils -> bash
[  258s] cycle: bash -> coreutils -> info
[  258s]   breaking dependency coreutils -> info
[  258s] cycle: glibc -> basesystem -> filesystem -> bash -> coreutils -> gmp
[  258s]   breaking dependency filesystem -> bash
[  258s] cycle: glibc -> basesystem -> filesystem -> coreutils -> gmp
[  258s]   breaking dependency coreutils -> gmp
[  258s] cycle: glibc -> basesystem -> filesystem -> coreutils
[  258s]   breaking dependency coreutils -> glibc
[  258s] cycle: glibc -> basesystem -> filesystem -> coreutils -> libacl
[  258s]   breaking dependency coreutils -> libacl
[  258s] cycle: glibc -> basesystem -> filesystem -> coreutils -> attr
[  258s]   breaking dependency coreutils -> attr
[  258s] cycle: coreutils -> libcap -> bash
[  258s]   breaking dependency coreutils -> libcap
[  258s] cycle: glibc -> basesystem -> filesystem -> coreutils -> openssl-libs
[  258s]   breaking dependency openssl-libs -> glibc
[  258s] cycle: coreutils -> openssl-libs -> ca-certificates -> bash
[  258s]   breaking dependency ca-certificates -> bash
[  258s] cycle: coreutils -> openssl-libs -> ca-certificates
[  258s]   breaking dependency ca-certificates -> coreutils
[  258s] cycle: coreutils -> openssl-libs -> ca-certificates -> grep -> bash
[  258s]   breaking dependency grep -> bash
[  258s] cycle: coreutils -> openssl-libs -> ca-certificates -> grep
[  258s]   breaking dependency ca-certificates -> grep
[  258s] cycle: glibc -> basesystem -> filesystem -> coreutils -> openssl-libs -> ca-certificates -> p11-kit
[  258s]   breaking dependency p11-kit -> glibc
[  258s] cycle: glibc -> basesystem -> filesystem -> coreutils -> openssl-libs -> ca-certificates -> p11-kit -> libffi
[  258s]   breaking dependency openssl-libs -> ca-certificates
[  258s] cycle: coreutils -> openssl-libs -> crypto-policies -> bash
[  258s]   breaking dependency crypto-policies -> bash
[  258s] cycle: coreutils -> openssl-libs -> crypto-policies
[  258s]   breaking dependency crypto-policies -> coreutils
[  258s] cycle: coreutils -> openssl-libs -> crypto-policies -> grep
[  258s]   breaking dependency grep -> coreutils
[  258s] cycle: glibc -> basesystem -> filesystem -> coreutils -> openssl-libs -> crypto-policies -> grep
[  258s]   breaking dependency glibc -> basesystem
[  258s] cycle: glibc -> glibc-common -> bash -> coreutils -> openssl-libs -> crypto-policies -> grep
[  258s]   breaking dependency glibc-common -> bash
[  258s] cycle: glibc -> glibc-common -> coreutils -> openssl-libs -> crypto-policies -> grep
[  258s]   breaking dependency glibc-common -> coreutils
[  258s] cycle: glibc -> glibc-common
[  258s]   breaking dependency glibc-common -> glibc
[  258s] cycle: glibc -> glibc-common -> libselinux
[  258s]   breaking dependency libselinux -> glibc
[  258s] cycle: glibc -> glibc-common -> libselinux -> pcre2
[  258s]   breaking dependency pcre2 -> glibc
[  258s] cycle: glibc -> glibc-common -> libselinux -> pcre2 -> readline
[  258s]   breaking dependency readline -> glibc
[  258s] cycle: glibc -> glibc-common -> libselinux -> pcre2 -> readline -> ncurses-libs
[  258s]   breaking dependency libselinux -> pcre2
[  258s] cycle: glibc -> glibc-common -> libselinux -> libsepol -> bash -> coreutils -> openssl-libs -> crypto-policies -> grep
[  258s]   breaking dependency bash -> coreutils
[  258s] cycle: glibc -> glibc-common -> libselinux -> libsepol -> bash -> filesystem -> coreutils -> openssl-libs -> crypto-policies -> grep
[  258s]   breaking dependency libsepol -> bash
[  258s] cycle: glibc -> glibc-common -> libselinux -> libsepol -> coreutils -> openssl-libs -> crypto-policies -> grep
[  258s]   breaking dependency coreutils -> openssl-libs
[  258s] cycle: libselinux -> libsepol -> coreutils
[  258s]   breaking dependency libsepol -> coreutils
[  258s] cycle: glibc -> glibc-common -> libselinux -> libsepol
[  258s]   breaking dependency glibc -> glibc-common
[  258s] cycle: glibc -> filesystem -> coreutils -> libselinux -> libsepol
[  258s]   breaking dependency filesystem -> coreutils
[  258s] cycle: filesystem -> setup
[  258s]   breaking dependency filesystem -> setup
[  258s] cycle: systemd -> cryptsetup -> device-mapper
[  258s]   breaking dependency systemd -> cryptsetup
[  258s] cycle: perl-libs -> perl-Carp
[  258s]   breaking dependency perl-libs -> perl-Carp
[  258s] cycle: perl-libs -> perl-Exporter
[  258s]   breaking dependency perl-libs -> perl-Exporter
[  258s] cycle: perl-Carp -> perl-Exporter
[  258s]   breaking dependency perl-Exporter -> perl-Carp
[  258s] cycle: perl -> perl-PathTools
[  258s]   breaking dependency perl -> perl-PathTools
[  258s] cycle: perl -> perl-ExtUtils-MakeMaker
[  258s]   breaking dependency perl -> perl-ExtUtils-MakeMaker
[  258s] cycle: perl -> perl-File-Path -> perl-PathTools
[  258s]   breaking dependency perl -> perl-File-Path
[  258s] cycle: perl -> perl-Getopt-Long -> perl-Pod-Usage
[  258s]   breaking dependency perl -> perl-Getopt-Long
[  258s] cycle: perl -> perl-Locale-Maketext
[  258s]   breaking dependency perl -> perl-Locale-Maketext
[  258s] cycle: perl -> perl-Pod-Simple
[  258s]   breaking dependency perl -> perl-Pod-Simple
[  258s] cycle: perl -> perl-Socket
[  258s]   breaking dependency perl -> perl-Socket
[  258s] cycle: perl -> perl-Storable
[  258s]   breaking dependency perl -> perl-Storable
[  258s] cycle: perl -> perl-Text-Tabs+Wrap
[  258s]   breaking dependency perl -> perl-Text-Tabs+Wrap
[  258s] cycle: perl -> perl-Time-Local -> perl-constant
[  258s]   breaking dependency perl -> perl-Time-Local
[  258s] cycle: perl -> perl-constant
[  258s]   breaking dependency perl -> perl-constant
[  258s] cycle: perl -> perl-threads
[  258s]   breaking dependency perl -> perl-threads
[  258s] cycle: perl -> perl-threads-shared
[  258s]   breaking dependency perl -> perl-threads-shared
[  258s] cycle: perl -> perl-Archive-Tar
[  258s]   breaking dependency perl -> perl-Archive-Tar
[  258s] cycle: perl -> perl-B-Debug
[  258s]   breaking dependency perl -> perl-B-Debug
[  258s] cycle: perl -> perl-CPAN-Meta -> perl-CPAN-Meta-Requirements
[  258s]   breaking dependency perl -> perl-CPAN-Meta
[  258s] cycle: perl -> perl-CPAN-Meta-Requirements
[  258s]   breaking dependency perl -> perl-CPAN-Meta-Requirements
[  258s] cycle: perl -> perl-CPAN-Meta-YAML
[  258s]   breaking dependency perl -> perl-CPAN-Meta-YAML
[  258s] cycle: perl -> perl-Compress-Raw-Bzip2
[  258s]   breaking dependency perl -> perl-Compress-Raw-Bzip2
[  258s] cycle: perl -> perl-Compress-Raw-Zlib
[  258s]   breaking dependency perl -> perl-Compress-Raw-Zlib
[  258s] cycle: perl -> perl-Config-Perl-V
[  258s]   breaking dependency perl -> perl-Config-Perl-V
[  258s] cycle: perl -> perl-DB_File
[  258s]   breaking dependency perl -> perl-DB_File
[  258s] cycle: perl -> perl-Data-Dumper
[  258s]   breaking dependency perl -> perl-Data-Dumper
[  258s] cycle: perl -> perl-Devel-PPPort
[  258s]   breaking dependency perl -> perl-Devel-PPPort
[  258s] cycle: perl -> perl-Digest -> perl-MIME-Base64
[  258s]   breaking dependency perl -> perl-Digest
[  258s] cycle: perl -> perl-Digest-MD5 -> perl-Digest -> perl-MIME-Base64
[  258s]   breaking dependency perl -> perl-Digest-MD5
[  258s] cycle: perl -> perl-Digest-SHA
[  258s]   breaking dependency perl -> perl-Digest-SHA
[  258s] cycle: perl -> perl-Encode
[  258s]   breaking dependency perl -> perl-Encode
[  258s] cycle: perl -> perl-Env
[  258s]   breaking dependency perl -> perl-Env
[  258s] cycle: perl -> perl-ExtUtils-Command
[  258s]   breaking dependency perl -> perl-ExtUtils-Command
[  258s] cycle: perl -> perl-ExtUtils-Install
[  258s]   breaking dependency perl -> perl-ExtUtils-Install
[  258s] cycle: perl -> perl-ExtUtils-Manifest
[  258s]   breaking dependency perl -> perl-ExtUtils-Manifest
[  258s] cycle: perl -> perl-ExtUtils-ParseXS
[  258s]   breaking dependency perl -> perl-ExtUtils-ParseXS
[  258s] cycle: perl -> perl-File-Fetch -> perl-PathTools
[  258s]   breaking dependency perl -> perl-File-Fetch
[  258s] cycle: perl -> perl-File-Temp -> perl-PathTools
[  258s]   breaking dependency perl -> perl-File-Temp
[  258s] cycle: perl -> perl-Filter
[  258s]   breaking dependency perl -> perl-Filter
[  258s] cycle: perl -> perl-Filter-Simple -> perl-Filter
[  258s]   breaking dependency perl -> perl-Filter-Simple
[  258s] cycle: perl -> perl-HTTP-Tiny
[  258s]   breaking dependency perl -> perl-HTTP-Tiny
[  258s] cycle: perl -> perl-IO-Compress
[  258s]   breaking dependency perl -> perl-IO-Compress
[  258s] cycle: perl -> perl-IO-Socket-IP
[  258s]   breaking dependency perl -> perl-IO-Socket-IP
[  258s] cycle: perl -> perl-IPC-Cmd -> perl-ExtUtils-MakeMaker
[  258s]   breaking dependency perl -> perl-IPC-Cmd
[  258s] cycle: perl -> perl-IPC-SysV
[  258s]   breaking dependency perl -> perl-IPC-SysV
[  258s] cycle: perl -> perl-JSON-PP
[  258s]   breaking dependency perl -> perl-JSON-PP
[  258s] cycle: perl -> perl-Locale-Codes -> perl-constant
[  258s]   breaking dependency perl -> perl-Locale-Codes
[  258s] cycle: perl -> perl-MIME-Base64
[  258s]   breaking dependency perl -> perl-MIME-Base64
[  258s] cycle: perl -> perl-Math-BigInt
[  258s]   breaking dependency perl -> perl-Math-BigInt
[  258s] cycle: perl -> perl-Math-BigInt-FastCalc -> perl-Math-BigInt
[  258s]   breaking dependency perl -> perl-Math-BigInt-FastCalc
[  258s] cycle: perl -> perl-Math-BigRat -> perl-Math-BigInt
[  258s]   breaking dependency perl -> perl-Math-BigRat
[  258s] cycle: perl -> perl-Module-CoreList
[  258s]   breaking dependency perl -> perl-Module-CoreList
[  258s] cycle: perl -> perl-Module-Load -> perl-PathTools
[  258s]   breaking dependency perl -> perl-Module-Load
[  258s] cycle: perl -> perl-Module-Load-Conditional
[  258s]   breaking dependency perl -> perl-Module-Load-Conditional
[  258s] cycle: perl -> perl-Module-Metadata
[  258s]   breaking dependency perl -> perl-Module-Metadata
[  258s] cycle: perl -> perl-Params-Check
[  258s]   breaking dependency perl -> perl-Params-Check
[  258s] cycle: perl -> perl-PerlIO-via-QuotedPrint -> perl-MIME-Base64
[  258s]   breaking dependency perl -> perl-PerlIO-via-QuotedPrint
[  258s] cycle: perl -> perl-Pod-Checker
[  258s]   breaking dependency perl -> perl-Pod-Checker
[  258s] cycle: perl -> perl-Pod-Escapes
[  258s]   breaking dependency perl -> perl-Pod-Escapes
[  258s] cycle: perl -> perl-Pod-Parser
[  258s]   breaking dependency perl -> perl-Pod-Parser
[  258s] cycle: perl -> perl-Pod-Perldoc
[  258s]   breaking dependency perl -> perl-Pod-Perldoc
[  258s] cycle: perl -> perl-Pod-Usage
[  258s]   breaking dependency perl -> perl-Pod-Usage
[  258s] cycle: perl -> perl-Sys-Syslog
[  258s]   breaking dependency perl -> perl-Sys-Syslog
[  258s] cycle: perl -> perl-Term-Cap
[  258s]   breaking dependency perl -> perl-Term-Cap
[  258s] cycle: perl -> perl-Test-Harness
[  258s]   breaking dependency perl -> perl-Test-Harness
[  258s] cycle: perl -> perl-Test-Simple
[  258s]   breaking dependency perl -> perl-Test-Simple
[  258s] cycle: perl -> perl-Text-Balanced
[  258s]   breaking dependency perl -> perl-Text-Balanced
[  258s] cycle: perl -> perl-Thread-Queue -> perl-threads-shared
[  258s]   breaking dependency perl -> perl-Thread-Queue
[  258s] cycle: perl -> perl-Unicode-Collate -> perl-PathTools
[  258s]   breaking dependency perl -> perl-Unicode-Collate
[  258s] cycle: perl -> perl-autodie
[  258s]   breaking dependency perl -> perl-autodie
[  258s] cycle: perl -> perl-bignum -> perl-Math-BigInt
[  258s]   breaking dependency perl -> perl-bignum
[  258s] cycle: perl -> perl-devel
[  258s]   breaking dependency perl -> perl-devel
[  258s] cycle: perl -> perl-Encode-devel
[  258s]   breaking dependency perl -> perl-Encode-devel
[  258s] cycle: perl -> perl-experimental
[  258s]   breaking dependency perl -> perl-experimental
[  258s] cycle: perl -> perl-libnet -> perl-Digest-MD5 -> perl-Digest -> perl-MIME-Base64
[  258s]   breaking dependency perl -> perl-libnet
[  258s] cycle: perl -> perl-podlators
[  258s]   breaking dependency perl -> perl-podlators
[  258s] cycle: perl -> perl-version
[  258s]   breaking dependency perl -> perl-version
[  258s] cycle: glib2 -> gamin
[  258s]   breaking dependency glib2 -> gamin
[  258s] cycle: systemd -> gnutls -> unbound-libs -> shadow -> pam -> audit
[  258s]   breaking dependency systemd -> gnutls
[  258s] cycle: systemd -> pam -> audit
[  258s]   breaking dependency systemd -> pam
[  258s] cycle: systemd -> shadow -> pam -> audit
[  258s]   breaking dependency systemd -> shadow
[  258s] cycle: pam -> libpwquality
[  258s]   breaking dependency pam -> libpwquality
[  258s] cycle: perl-Getopt-Long -> perl-Pod-Usage
[  258s]   breaking dependency perl-Pod-Usage -> perl-Getopt-Long
[  258s] cycle: perl-Getopt-Long -> perl-Pod-Usage -> perl-podlators -> perl-Encode
[  258s]   breaking dependency perl-podlators -> perl-Encode
[  258s] cycle: perl-Getopt-Long -> perl-Pod-Usage -> perl-podlators
[  258s]   breaking dependency perl-podlators -> perl-Getopt-Long
[  258s] cycle: perl-Getopt-Long -> perl-Pod-Usage -> perl-podlators -> perl-Pod-Simple -> perl-Encode
[  258s]   breaking dependency perl-Encode -> perl-Getopt-Long
[  258s] cycle: perl-Getopt-Long -> perl-Pod-Usage -> perl-podlators -> perl-Pod-Simple
[  258s]   breaking dependency perl-podlators -> perl-Pod-Simple
[  258s] cycle: perl-Pod-Usage -> perl-podlators
[  258s]   breaking dependency perl-podlators -> perl-Pod-Usage
[  258s] cycle: groff -> perl-Getopt-Long -> perl-Pod-Usage -> perl-Pod-Perldoc
[  258s]   breaking dependency groff -> perl-Getopt-Long
[  258s] cycle: fontconfig -> urw-base35-bookman-fonts
[  258s]   breaking dependency fontconfig -> urw-base35-bookman-fonts
[  258s] cycle: fontconfig -> urw-base35-gothic-fonts
[  258s]   breaking dependency fontconfig -> urw-base35-gothic-fonts
[  258s] cycle: fontconfig -> urw-base35-d050000l-fonts
[  258s]   breaking dependency fontconfig -> urw-base35-d050000l-fonts
[  258s] cycle: fontconfig -> urw-base35-nimbus-roman-fonts
[  258s]   breaking dependency fontconfig -> urw-base35-nimbus-roman-fonts
[  258s] cycle: fontconfig -> urw-base35-nimbus-mono-ps-fonts
[  258s]   breaking dependency fontconfig -> urw-base35-nimbus-mono-ps-fonts
[  258s] cycle: fontconfig -> urw-base35-p052-fonts
[  258s]   breaking dependency fontconfig -> urw-base35-p052-fonts
[  258s] cycle: fontconfig -> urw-base35-nimbus-sans-fonts
[  258s]   breaking dependency fontconfig -> urw-base35-nimbus-sans-fonts
[  258s] cycle: fontconfig -> urw-base35-z003-fonts
[  258s]   breaking dependency fontconfig -> urw-base35-z003-fonts
[  258s] cycle: fontconfig -> urw-base35-c059-fonts
[  258s]   breaking dependency fontconfig -> urw-base35-c059-fonts
[  258s] cycle: libglvnd-egl -> mesa-libEGL
[  258s]   breaking dependency mesa-libEGL -> libglvnd-egl
[  258s] cycle: libglvnd-glx -> mesa-libGL
[  258s]   breaking dependency mesa-libGL -> libglvnd-glx
[  258s] cycle: libxcrypt-devel -> glibc-devel
[  258s]   breaking dependency glibc-devel -> libxcrypt-devel
[  258s] cycle: cmake-data -> cmake
[  258s]   breaking dependency cmake -> cmake-data
[  258s] cycle: samba-client -> samba-common
[  258s]   breaking dependency samba-client -> samba-common
[  258s] cycle: samba-client -> libsmbclient
[  258s]   breaking dependency samba-client -> libsmbclient
[  258s] cycle: libwbclient -> samba-client
[  258s]   breaking dependency samba-client -> libwbclient
[  258s] cycle: nss-util -> nss
[  258s]   breaking dependency nss -> nss-util
[  258s] cycle: nss-softokn -> nss-util -> nss
[  258s]   breaking dependency nss -> nss-softokn
[  258s] cycle: perl-Getopt-Long -> perl-Pod-Usage -> perl-Pod-Perldoc -> perl-Pod-Simple
[  258s]   breaking dependency perl-Pod-Perldoc -> perl-Pod-Simple
[  258s] cycle: openssh -> openssh-server
[  258s]   breaking dependency openssh-server -> openssh
[  258s] cycle: git -> perl-Git
[  258s]   breaking dependency git -> perl-Git
[  258s] cycle: perl-ExtUtils-Install -> perl-ExtUtils-MakeMaker
[  258s]   breaking dependency perl-ExtUtils-MakeMaker -> perl-ExtUtils-Install
[  259s] done
[  259s] querying package ids...
[  306s] [1/553] installing adobe-mappings-pdf-20190401-2.oe1
[  311s] [2/553] installing cmake-filesystem-3.22.0-1.oe1
[  313s] [3/553] installing fonts-filesystem-2.0.2-2.oe1
[  314s] [4/553] installing fuse-common-3.9.2-5.oe1
[  315s] [5/553] installing hwdata-0.316-3.oe1
[  319s] [6/553] installing kernel-headers-5.10-3.oe1
[  328s] [7/553] installing libreport-filesystem-2.13.1-5.oe1
[  329s] [8/553] installing ncurses-base-6.1-14.oe1
[  331s] [9/553] installing openEuler-gpg-keys-1.0-2.5.oe1
[  332s] [10/553] installing python-setuptools-59.4.0-3.oe1
[  333s] [11/553] installing qt5-srpm-macros-5.15.2-1.oe1
[  335s] [12/553] installing tzdata-2021a-2.oe1
[  348s] [13/553] installing xkeyboard-config-2.30-1.oe1
[  355s] [14/553] installing dnf-data-4.10.0-1.oe1
[  356s] [15/553] installing google-droid-sans-fonts-20120715-15.oe1
[  361s] [16/553] installing openEuler-repos-1.0-2.5.oe1
[  363s] [17/553] installing openEuler-release-20.03LTS-40.oe1
[  365s] [18/553] installing adobe-mappings-cmap-lang-20190730-3.oe1
[  374s] [19/553] installing filesystem-3.9-3.oe1
[  387s] warning: group mail does not exist - using root
[  387s] [20/553] installing adobe-mappings-cmap-20190730-3.oe1
[  389s] [21/553] installing emacs-filesystem-1:27.1-5.oe1
[  390s] [22/553] installing libgcc-10.3.1-10.oe1
[  392s] [23/553] installing vim-filesystem-2:8.2-4.oe1
[  394s] [24/553] installing setup-2.13.3-4.oe1
[  396s] [25/553] installing urw-base35-fonts-common-20170801-11
[  398s] [26/553] installing glibc-2.34-74.oe1
[  406s] [27/553] installing brotli-1.0.9-2.oe1
[  408s] [28/553] installing chrpath-0.16-12.oe1
[  409s] [29/553] installing cpio-2.13-4.oe1
[  410s] [30/553] installing diffutils-3.7-4.oe1
[  412s] [31/553] installing expat-2.2.10-1.oe1
[  413s] [32/553] installing fribidi-1.0.10-1.oe1
[  415s] [33/553] installing gpm-libs-1.20.7-21.oe1
[  416s] [34/553] installing jansson-2.11-4.oe1
[  418s] [35/553] installing jbig2dec-0.19-2.oe1
[  419s] [36/553] installing jbigkit-libs-2.1-17.oe1
[  420s] [37/553] installing json-c-0.15-1.oe1
[  421s] [38/553] installing keyutils-libs-1.6.3-3.oe1
[  422s] [39/553] installing lcms2-2.11-2.oe1
[  424s] [40/553] installing libICE-1.0.10-2.oe1
[  425s] [41/553] installing libXau-1.0.9-2.oe1
[  426s] [42/553] installing libaio-0.3.112-1.oe1
[  428s] [43/553] installing libargon2-20190702-1.oe1
[  429s] [44/553] installing libatomic-10.3.1-10.oe1
[  430s] [45/553] installing libcap-ng-0.7.11-1.oe1
[  431s] [46/553] installing libdatrie-0.2.12-1.oe1
[  432s] [47/553] installing libdrm-2.4.109-3.oe1
[  433s] [48/553] installing libepoxy-1.5.3-2
[  435s] [49/553] installing libev-4.24-11.oe1
[  436s] [50/553] installing libffi-3.3-31.oe1
[  437s] [51/553] installing libglvnd-1:1.3.4-2.oe1
[  439s] [52/553] installing libgomp-10.3.1-10.oe1
[  440s] [53/553] installing libgpg-error-1.41-1.oe1
[  442s] [54/553] installing libijs-0.35-9.oe1
[  443s] [55/553] installing libjpeg-turbo-2.0.6-1.oe1
[  444s] [56/553] installing libnghttp2-1.42.0-1.oe1
[  445s] [57/553] installing libpcap-14:1.9.1-7.oe1
[  446s] [58/553] installing libpipeline-1.5.3-1.oe1
[  447s] [59/553] installing libsigsegv-2.11-10.oe1
[  449s] [60/553] installing libsmartcols-2.36.1-3.oe1
[  451s] [61/553] installing libtalloc-2.3.1-1.oe1
[  453s] [62/553] installing libtasn1-4.16.0-2.oe1
[  455s] [63/553] installing libtdb-1.4.3-1.oe1
[  456s] [64/553] installing libtool-ltdl-2.4.6-34.oe1
[  461s] [65/553] installing libunistring-0.9.10-8.oe1
[  464s] [66/553] installing libuuid-2.36.1-3.oe1
[  469s] [67/553] installing libuv-1:1.40.0-1.oe1
[  472s] [68/553] installing libwayland-egl-1.18.0-1.fc33
[  479s] [69/553] installing libwebp-1.1.0-3.oe1
[  489s] [70/553] installing libxcrypt-4.4.8-4.oe1
[  494s] [71/553] installing libxshmfence-1.3-6.oe1
[  495s] [72/553] installing libyaml-0.2.5-1.oe1
[  497s] [73/553] installing lmdb-0.9.27-1.oe1
[  498s] [74/553] installing lz4-1.9.3-1.oe1
[  500s] [75/553] installing m4-1.4.18-14.oe1
[  502s] [76/553] installing mcpp-2.7.2-25.oe1
[  505s] [77/553] installing nspr-4.32.0-1.oe1
[  515s] [78/553] installing openjpeg2-2.3.1-6.oe1
[  517s] [79/553] installing pixman-0.38.0-1.oe1
[  518s] [80/553] installing pkgconf-1.7.3-1.oe1
[  521s] [81/553] installing rhash-1.3.5-5.oe1
[  523s] [82/553] installing which-2.21-14.oe1
[  524s] [83/553] installing xz-libs-5.2.5-1.oe1
[  526s] [84/553] installing zlib-1.2.11-18.oe1
[  527s] [85/553] installing attr-2.4.48-12.oe1
[  528s] [86/553] installing basesystem-12-2.oe1
[  530s] [87/553] installing libidn-1.36-1.oe1
[  535s] [88/553] installing libstdc++-10.3.1-10.oe1
[  538s] [89/553] installing ncurses-libs-6.1-14.oe1
[  539s] [90/553] installing libsepol-3.1-4.oe1
[  542s] [91/553] installing libglvnd-core-devel-1:1.3.4-2.oe1
[  543s] [92/553] installing libstdc++-devel-10.3.1-10.oe1
[  561s] [93/553] installing wayland-protocols-devel-1.20-1.oe1
[  563s] [94/553] installing xorg-x11-proto-devel-2019.1-1.oe1
[  569s] [95/553] installing audit-libs-1:3.0-2.oe1
[  571s] [96/553] installing brotli-devel-1.0.9-2.oe1
[  573s] [97/553] installing file-libs-5.39-6.oe1
[  578s] [98/553] installing fribidi-devel-1.0.10-1.oe1
[  580s] [99/553] installing gmp-1:6.2.1-1.oe1
[  583s] [100/553] installing iptables-libs-1.8.1-4.oe1
[  584s] [101/553] installing keyutils-libs-devel-1.6.3-3.oe1
[  586s] [102/553] installing less-563-2.oe1
[  588s] [103/553] installing libacl-2.2.53-7.oe1
[  592s] [104/553] installing libassuan-2.5.4-1.oe1
[  594s] [105/553] installing libedit-3.1-27.oe1
[  595s] [106/553] installing libffi-devel-3.3-31.oe1
[  597s] [107/553] installing libfontenc-1.1.4-2.oe1
[  599s] [108/553] installing libgcrypt-1.8.7-1.oe1
[  601s] [109/553] installing libglvnd-opengl-1:1.3.4-2.oe1
[  603s] [110/553] installing libpng-2:1.6.37-1.oe1
[  608s] [111/553] installing libsepol-devel-3.1-4.oe1
[  614s] [112/553] installing libtevent-0.10.2-1.oe1
[  616s] [113/553] installing libthai-0.1.28-4.oe1
[  619s] [114/553] installing libwayland-client-1.18.0-1.fc33
[  628s] [115/553] installing libwayland-server-1.18.0-1.fc33
[  630s] [116/553] installing libxcb-1.14-1.oe1
[  635s] [117/553] installing pixman-devel-0.38.0-1.oe1
[  638s] [118/553] installing readline-8.0-2.oe1
[  641s] [119/553] installing zlib-devel-1.2.11-18.oe1
[  642s] [120/553] installing fuse-2.9.9-6.oe1
[  647s] [121/553] installing gc-8.0.4-2.oe1
[  650s] [122/553] installing libSM-1.2.3-2.oe1
[  652s] [123/553] installing libdatrie-devel-0.2.12-1.oe1
[  654s] [124/553] installing libdb-5.3.28-35.oe1
[  662s] [125/553] installing libicu-62.1-5.oe1
[  684s] [126/553] installing libselinux-3.1-3.oe1
[  686s] [127/553] installing libxml2-2.9.12-5.oe1
[  690s] [128/553] installing bash-5.1-1.oe1
[  696s] [129/553] installing perl-libs-4:5.28.0-435.oe1
[  708s] [130/553] installing zstd-1.4.8-2.oe1
[  713s] [131/553] installing mozjs52-52.9.0-1.0.riscv64
[  728s] [132/553] installing ncurses-6.1-14.oe1
[  747s] [133/553] installing ninja-build-1.8.2-9.oe1
[  750s] [134/553] installing thin-provisioning-tools-0.8.5-1.oe1
[  753s] [135/553] installing libtiff-4.2.0-1.oe1
[  756s] [136/553] installing perl-parent-1:0.237-4.oe1
[  758s] [137/553] installing perl-perlfaq-5.20180915-5.oe1
[  760s] [138/553] installing libX11-1.6.9-2.oe1
[  766s] [139/553] installing libtiff-devel-4.2.0-1.oe1
[  769s] [140/553] installing mesa-libglapi-21.3.1-1.oe1
[  772s] [141/553] installing mpfr-4.1.0-2.oe1
[  775s] [142/553] installing nettle-3.6-6.oe1
[  779s] [143/553] installing pcre2-10.36-1.oe1
[  782s] [144/553] installing perl-Exporter-5.74-1.oe1
[  784s] [145/553] installing file-5.39-6.oe1
[  787s] [146/553] installing gdbm-1:1.18.1-1.oe1
[  789s] [147/553] installing libXau-devel-1.0.9-2.oe1
[  791s] [148/553] installing libthai-devel-0.1.28-4.oe1
[  794s] [149/553] installing libwayland-cursor-1.18.0-1.fc33
[  795s] [150/553] installing libxkbcommon-1.0.3-1.oe1
[  800s] [151/553] installing patch-2.7.6-12.oe1
[  802s] [152/553] installing qrencode-4.1.1-1
[  805s] [153/553] installing sed-4.8-2.oe1
[  807s] [154/553] installing acl-2.2.53-7.oe1
[  809s] [155/553] installing libcomps-0.1.15-1.oe1
[  812s] [156/553] installing pcre-8.44-1.oe1
[  815s] [157/553] installing glibc-common-2.34-74.oe1
[  835s] [158/553] installing mesa-libgbm-21.3.1-1.oe1
[  838s] [159/553] installing coreutils-8.31-4.oe1
[  851s] [160/553] installing adwaita-icon-theme-3.38.0-1.oe1
[  907s] [161/553] installing crontabs-1.11-21.oe1
[  912s] [162/553] installing hicolor-icon-theme-0.17-4.oe1
[  916s] [163/553] installing libXcomposite-0.4.5-1.oe1
[  919s] [164/553] installing libXext-1.3.4-2.oe1
[  922s] [165/553] installing libXfixes-5.0.3-11.oe1
[  925s] [166/553] installing libXpm-3.5.12-11.oe1
[  927s] [167/553] installing libXrender-0.9.10-10.oe1
[  928s] [168/553] installing perl-Carp-1.50-418.oe1
[  930s] [169/553] installing perl-Perl-OSType-1.010-421.oe1
[  932s] [170/553] installing perl-Term-ANSIColor-4.06-511.oe1
[  933s] [171/553] installing publicsuffix-list-20200718-1.oe1
[  935s] [172/553] installing uname-build-checks-1.0-0.4.oe1
[  937s] [173/553] installing bzip2-1.0.8-3.oe1
[  940s] [174/553] installing gzip-1.10-1.oe1
[  941s] [175/553] installing hostname-3.21-2.oe1
[  944s] [176/553] installing libcap-2.32-2.oe1
[  946s] [177/553] installing libmpc-1.2.0-2.oe1
[  948s] [178/553] installing libpaper-1.1.24-25.oe1
[  950s] [179/553] installing libseccomp-2.4.3-2.oe1
[  953s] [180/553] installing libxcb-devel-1.14-1.oe1
[  958s] [181/553] installing npth-1.5-7.oe1
[  960s] [182/553] installing popt-1.18-1.oe1
[  962s] [183/553] installing sgml-common-0.6.3-51.oe1
[  964s] [184/553] installing grep-3.6-1.oe1
[  967s] [185/553] installing libXt-1.2.0-0.oe1
[  972s] [186/553] installing libblkid-2.36.1-3.oe1
[  974s] [187/553] installing libidn2-2.3.0-1.oe1
[  977s] [188/553] installing libksba-1.3.5-12.oe1
[  981s] [189/553] installing pcre-devel-8.44-1.oe1
[  985s] [190/553] installing pcre2-devel-10.36-1.oe1
[  989s] [191/553] installing tar-2:1.32-3.oe1
[  992s] [192/553] installing tcl-1:8.6.10-3.oe1
[  997s] [193/553] installing elfutils-0.185-5.oe1
[ 1001s] /usr/lib/systemd/systemd-sysctl: error while loading shared libraries: libkmod.so.2: cannot open shared object file: No such file or directory
[ 1001s] [194/553] installing graphite2-1.3.13-2.oe1
[ 1004s] [195/553] installing info-6.7-2.oe1
[ 1006s] [196/553] installing jsoncpp-1.9.4-1.oe1
[ 1008s] [197/553] installing libgpg-error-devel-1.41-1.oe1
[ 1011s] [198/553] installing libmodman-2.0.1-19.oe1
[ 1014s] [199/553] installing lua-5.3.5-6.oe1
[ 1017s] [200/553] installing slang-2.3.2-8.oe1
[ 1020s] [201/553] installing gawk-5.1.0-1.oe1
[ 1023s] [202/553] installing glibc-devel-2.34-74.oe1
[ 1035s] [203/553] installing libxslt-1.1.32-7.oe1
[ 1039s] [204/553] installing libicu-devel-62.1-5.oe1
[ 1046s] [205/553] installing libpng-devel-2:1.6.37-1.oe1
[ 1052s] [206/553] installing wayland-devel-1.18.0-1.fc33
[ 1054s] [207/553] installing guile-5:2.0.14-15.oe1
[ 1066s] [208/553] installing mesa-libEGL-21.3.1-1.oe1
[ 1068s] [209/553] installing bzip2-devel-1.0.8-3.oe1
[ 1071s] [210/553] installing graphite2-devel-1.3.13-2.oe1
[ 1073s] [211/553] installing zip-3.0-29.oe1
[ 1075s] [212/553] installing libXdamage-1.1.5-1.oe1
[ 1077s] [213/553] installing libXi-1.7.10-1.oe1
[ 1079s] [214/553] installing libXinerama-1.1.4-5.oe1
[ 1081s] [215/553] installing libXxf86misc-1.0.4-4.oe1
[ 1083s] [216/553] installing libXxf86vm-1.1.4-13.oe1
[ 1085s] [217/553] installing libfdisk-2.36.1-3.oe1
[ 1088s] [218/553] installing libglvnd-egl-1:1.3.4-2.oe1
[ 1090s] [219/553] installing libglvnd-gles-1:1.3.4-2.oe1
[ 1092s] [220/553] installing libxcrypt-devel-4.4.8-4.oe1
[ 1094s] [221/553] installing newt-0.52.21-4.oe1
[ 1098s] [222/553] installing perl-Text-ParseWords-3.30-419.oe1
[ 1100s] [223/553] installing crypto-policies-20180925-3.git71ca85f.oe1
[ 1109s] [224/553] installing libX11-devel-1.6.9-2.oe1
[ 1113s] [225/553] installing libXcursor-1.2.0-1.oe1
[ 1116s] [226/553] installing libXmu-1.1.3-1.oe1
[ 1118s] [227/553] installing libXrandr-1.5.2-1.oe1
[ 1121s] [228/553] installing libmount-2.36.1-3.oe1
[ 1123s] [229/553] installing libselinux-devel-3.1-3.oe1
[ 1127s] [230/553] installing lua-posix-33.3.1-12.oe1
[ 1130s] [231/553] installing unzip-6.0-47.oe1
[ 1132s] [232/553] installing cracklib-2.9.7-6.oe1
[ 1138s] [233/553] installing docbook-dtds-1.0-78.oe1
[ 1166s] [234/553] installing e2fsprogs-1.45.6-3.oe1
[ 1171s] [235/553] installing findutils-2:4.7.0-7.oe1
[ 1174s] [236/553] installing libsemanage-3.1-4.oe1
[ 1176s] [237/553] installing make-1:4.2.1-15.oe1
[ 1179s] [238/553] installing sqlite-3.24.0-9.oe1
[ 1182s] [239/553] installing xz-5.2.5-1.oe1
[ 1185s] [240/553] installing logrotate-3.15.1-2.oe1
[ 1188s] [241/553] installing opensp-1.5.2-31.oe1
[ 1194s] [242/553] installing perl-Scalar-List-Utils-3:1.52-2.oe1
[ 1197s] [243/553] installing perl-Time-HiRes-1.9760-2.oe1
[ 1200s] [244/553] installing perl-Unicode-Normalize-1.26-419.oe1
[ 1203s] [245/553] installing freetype-2.10.2-3.oe1
[ 1207s] [246/553] installing libgcrypt-devel-1.8.7-1.oe1
[ 1209s] [247/553] installing cpp-10.3.1-10.oe1
[ 1220s] [248/553] installing gnupg2-2.2.27-2.oe1
[ 1226s] [249/553] installing systemd-libs-243-22.oe1
[ 1230s] [250/553] installing dbus-libs-1:1.12.20-3.oe1
[ 1233s] [251/553] installing libusbx-1.0.23-3.oe1
[ 1236s] [252/553] installing sqlite-devel-3.24.0-9.oe1
[ 1238s] [253/553] installing xz-devel-5.2.5-1.oe1
[ 1241s] [254/553] installing p11-kit-0.23.22-1.oe1
[ 1245s] [255/553] installing procps-ng-3.3.16-15.oe1
[ 1247s] [256/553] installing copy-jdk-configs-4.0-1.oe1
[ 1250s] [257/553] installing gpgme-1.15.1-1.oe1
[ 1253s] [258/553] installing libXext-devel-1.3.4-2.oe1
[ 1255s] [259/553] installing libXfixes-devel-5.0.3-11.oe1
[ 1256s] [260/553] installing libXrender-devel-0.9.10-10.oe1
[ 1258s] [261/553] installing libXtst-1.2.3-10.oe1
[ 1261s] [262/553] installing openssl-libs-1:1.1.1f-2.oe1
[ 1265s] [263/553] installing chkconfig-1.14-2.oe1
[ 1269s] [264/553] installing docbook-style-xsl-1.79.2-9.oe1
[ 1285s] [265/553] installing e2fsprogs-devel-1.45.6-3.oe1
[ 1289s] [266/553] installing libXaw-1.0.13-13.oe1
[ 1292s] [267/553] installing freetype-devel-2.10.2-3.oe1
[ 1295s] [268/553] installing openjade-1.3.2-60.oe1
[ 1302s] [269/553] installing xorg-x11-font-utils-1:7.5-43.oe1
[ 1305s] [270/553] installing glib2-2.66.8-1.oe1
[ 1313s] [271/553] installing mesa-libGL-21.3.1-1.oe1
[ 1315s] [272/553] installing xorg-x11-server-utils-7.7-28
[ 1317s] [273/553] installing fontconfig-2.13.92-1.oe1
[ 1324s] [274/553] installing gsettings-desktop-schemas-3.38.0-1.oe1
[ 1329s] [275/553] installing atk-2.36.0-1.oe1
[ 1332s] [276/553] installing dbus-tools-1:1.12.20-3.oe1
[ 1333s] [277/553] installing ima-evm-utils-libs-1.2.1-8.oe1
[ 1335s] [278/553] installing libevent-2.1.12-4
[ 1338s] [279/553] installing libcroco-0.6.12-13.oe1
[ 1342s] [280/553] installing libgusb-0.3.0-5.oe1
[ 1344s] [281/553] installing fipscheck-1.5.0-7.oe1
[ 1347s] [282/553] installing gamin-0.1.10-38.oe1
[ 1350s] [283/553] installing kmod-libs-27-4.oe1
[ 1352s] [284/553] installing libsecret-0.18.6-5.oe1
[ 1355s] [285/553] installing obs-env-1.0-5.oe1
[ 1367s] [286/553] installing polkit-libs-0.116-4.oe1
[ 1371s] [287/553] installing xorg-x11-fonts-7.5-24
[ 1399s] [288/553] installing dbus-devel-1:1.12.20-3.oe1
[ 1404s] [289/553] installing gobject-introspection-1.66.1-1.oe1
[ 1410s] [290/553] installing kmod-27-4.oe1
[ 1416s] [291/553] installing libXcomposite-devel-0.4.5-1.oe1
[ 1417s] [292/553] installing libXdamage-devel-1.1.5-1.oe1
[ 1419s] [293/553] installing libXft-2.3.3-1.oe1
[ 1421s] [294/553] installing libXinerama-devel-1.1.4-5.oe1
[ 1423s] [295/553] installing libglvnd-glx-1:1.3.4-2.oe1
[ 1425s] [296/553] installing shared-mime-info-1.10-4.oe1
[ 1445s] [297/553] installing binutils-2.37-6.oe1
[ 1460s] [298/553] installing libXcursor-devel-1.2.0-1.oe1
[ 1465s] [299/553] installing libXi-devel-1.7.10-1.oe1
[ 1469s] [300/553] installing libXrandr-devel-1.5.2-1.oe1
[ 1475s] [301/553] installing urw-base35-bookman-fonts-20170801-11
[ 1479s] [302/553] installing urw-base35-c059-fonts-20170801-11
[ 1483s] [303/553] installing urw-base35-d050000l-fonts-20170801-11
[ 1486s] [304/553] installing urw-base35-gothic-fonts-20170801-11
[ 1489s] [305/553] installing urw-base35-nimbus-mono-ps-fonts-20170801-11
[ 1492s] [306/553] installing urw-base35-nimbus-roman-fonts-20170801-11
[ 1496s] [307/553] installing urw-base35-nimbus-sans-fonts-20170801-11
[ 1501s] [308/553] installing urw-base35-p052-fonts-20170801-11
[ 1505s] [309/553] installing urw-base35-standard-symbols-ps-fonts-20170801-11
[ 1511s] [310/553] installing urw-base35-z003-fonts-20170801-11
[ 1516s] [311/553] installing babeltrace-1.5.8-1.oe1
[ 1519s] [312/553] installing harfbuzz-2.7.4-1.oe1
[ 1524s] [313/553] installing libxml2-devel-2.9.12-5.oe1
[ 1534s] [314/553] installing p11-kit-trust-0.23.22-1.oe1
[ 1536s] [315/553] installing libarchive-3.5.1-1.oe1
[ 1539s] [316/553] installing nodejs-libs-1:16.10.0-1.oe1
[ 1583s] [317/553] installing cairo-1.16.0-6.fc32
[ 1588s] [318/553] installing avahi-libs-0.8-6.oe1
[ 1590s] [319/553] installing libxkbcommon-devel-1.0.3-1.oe1
[ 1595s] [320/553] installing libverto-0.3.1-2.oe1
[ 1597s] [321/553] installing colord-libs-1.4.3-6.oe1
[ 1600s] [322/553] installing pciutils-3.7.0-1.oe1
[ 1603s] [323/553] installing ca-certificates-2020.2.46-2.oe1
[ 1612s] [324/553] installing libXtst-devel-1.2.3-10.oe1
[ 1615s] [325/553] installing gdk-pixbuf2-2.42.6-1.oe1
[ 1618s] [326/553] installing libglvnd-devel-1:1.3.4-2.oe1
[ 1621s] [327/553] installing gettext-0.20.1-2.oe1
[ 1631s] [328/553] installing pango-1.47.0-1.oe1
[ 1634s] [329/553] installing urw-base35-fonts-20170801-11
[ 1636s] [330/553] installing cairo-gobject-1.16.0-6.fc32
[ 1637s] [331/553] installing gcc-10.3.1-10.oe1
[ 1662s] [332/553] installing rpm-libs-4.15.1-25.oe1
[ 1665s] [333/553] installing python-pip-wheel-19.2.3-2.fc32
[ 1666s] [334/553] installing libverto-devel-0.3.1-2.oe1
[ 1668s] [335/553] installing libepoxy-devel-1.5.3-2
[ 1671s] [336/553] installing gdk-pixbuf2-modules-2.42.6-1.oe1
[ 1673s] [337/553] installing fontconfig-devel-2.13.92-1.oe1
[ 1675s] [338/553] installing kernel-tools-5.10-3.oe1
[ 1680s] [339/553] installing libmodulemd-2.13.0-1.oe1
[ 1682s] [340/553] installing gcc-c++-10.3.1-10.oe1
[ 1695s] [341/553] installing krb5-libs-1.18.2-3.oe1
[ 1698s] [342/553] installing librsvg2-2.50.5-1.oe1
[ 1705s] [343/553] installing libtirpc-1.3.1-1.oe1
[ 1706s] [344/553] installing cyrus-sasl-lib-2.1.27-10.oe1
[ 1708s] [345/553] installing libssh-0.9.5-1.oe1
[ 1711s] [346/553] installing libXft-devel-2.3.3-1.oe1
[ 1713s] [347/553] installing sysprof-cli-3.38.1-2.oe1
[ 1717s] [348/553] installing elinks-0.12-1.oe1
[ 1723s] [349/553] installing krb5-devel-1.18.2-3.oe1
[ 1728s] [350/553] installing openldap-2.4.46-15.oe1
[ 1731s] [351/553] installing libnsl2-1.3.0-2.oe1
[ 1737s] [352/553] installing libldb-2.1.4-2.oe1
[ 1739s] [353/553] installing python3-3.8.5-13.oe1
[ 1768s] [354/553] installing python3-parameterized-0.6.1-9.fc32
[ 1770s] [355/553] installing python3-pyparsing-2.4.5-1.fc32
[ 1772s] [356/553] installing python3-setuptools-59.4.0-3.oe1
[ 1778s] [357/553] installing python3-setuptools_scm-3.3.3-6.fc32
[ 1781s] [358/553] installing python3-six-1.16.0-2.oe1
[ 1783s] [359/553] installing python3-markupsafe-1.1.1-4.fc32
[ 1785s] [360/553] installing python3-gpgme-1.15.1-1.oe1
[ 1788s] [361/553] installing python3-lxml-4.4.1-3.fc32
[ 1793s] [362/553] installing python3-libcomps-0.1.15-1.oe1
[ 1794s] [363/553] installing libpsl-0.21.1-1.oe1
[ 1798s] [364/553] installing gdb-headless-9.2-5.oe1
[ 1805s] [365/553] installing python3-anytree-2.7.2-2.fc32
[ 1807s] [366/553] installing python3-pygments-2.4.2-6.fc32
[ 1816s] [367/553] installing systemtap-sdt-devel-4.1-3.oe1
[ 1818s] [368/553] installing gdb-9.2-5.oe1
[ 1820s] [369/553] installing libpsl-devel-0.21.1-1.oe1
[ 1822s] [370/553] installing meson-0.59.4-1.oe1
[ 1831s] [371/553] installing python3-mako-1.1.0-4.fc32
[ 1834s] [372/553] installing python3-pip-19.2.3-2.fc32
[ 1846s] [373/553] installing libcurl-7.79.1-1.oe1
[ 1848s] [374/553] installing curl-7.79.1-1.oe1
[ 1850s] [375/553] installing librepo-1.14.2-2.oe1
[ 1852s] [376/553] installing rpm-4.15.1-25.oe1
[ 1858s] [377/553] installing efi-srpm-macros-4-3.oe1
[ 1860s] [378/553] installing cmake-rpm-macros-3.22.0-1.oe1
[ 1861s] [379/553] installing libsolv-0.7.20-1.oe1
[ 1865s] [380/553] installing python3-rpm-4.15.1-25.oe1
[ 1867s] [381/553] installing openEuler-rpm-config-30-22.oe1
[ 1870s] [382/553] installing cmake-3.22.0-1.oe1
[ 1885s] [383/553] installing libdnf-0.65.0-2.oe1
[ 1888s] [384/553] installing cmake-data-3.22.0-1.oe1
[ 1910s] [385/553] installing python3-libdnf-0.65.0-2.oe1
[ 1915s] [386/553] installing perl-4:5.28.0-435.oe1
[ 1924s] [387/553] installing perl-B-Debug-1.26-4.oe1
[ 1925s] [388/553] installing perl-Env-1.04-397.oe1
[ 1927s] [389/553] installing perl-Devel-PPPort-3.42-4.oe1
[ 1928s] [390/553] installing perl-Pod-Escapes-1:1.07-419.oe1
[ 1930s] [391/553] installing perl-Text-Tabs+Wrap-2013.0523-419.oe1
[ 1931s] [392/553] installing perl-Algorithm-Diff-1.1903-14.oe1
[ 1932s] [393/553] installing perl-Params-Check-1:0.38-418.oe1
[ 1934s] [394/553] installing perl-Term-Cap-1.17-510.oe1
[ 1936s] [395/553] installing perl-TermReadKey-2.38-2.oe1
[ 1939s] [396/553] installing perl-Text-Balanced-2.03-420.oe1
[ 1941s] [397/553] installing perl-threads-1:2.22-419.oe1
[ 1943s] [398/553] installing openssl-1:1.1.1f-2.oe1
[ 1946s] [399/553] installing perl-Config-Perl-V-0.30-5.oe1
[ 1948s] [400/553] installing perl-Error-1:0.17029-1.oe1
[ 1950s] [401/553] installing perl-Filter-2:1.59-2.oe1
[ 1953s] [402/553] installing perl-IPC-SysV-2.07-5.oe1
[ 1955s] [403/553] installing perl-Locale-Maketext-1:1.28-1.oe1
[ 1957s] [404/553] installing perl-SGMLSpm-1.03ii-45.oe1
[ 1959s] [405/553] installing perl-constant-1.33-421.oe1
[ 1961s] [406/553] installing docbook-style-dsssl-1.79-27.oe1
[ 1971s] [407/553] installing perl-MIME-Base64-3.15-418.oe1
[ 1973s] [408/553] installing perl-CPAN-Meta-YAML-0.018-420.oe1
[ 1975s] [409/553] installing perl-Socket-4:2.029-2.oe1
[ 1978s] [410/553] installing perl-Storable-1:3.15-2.oe1
[ 1981s] [411/553] installing gd-2.2.5-6.oe1
[ 1984s] [412/553] installing python3-hawkey-0.65.0-2.oe1
[ 1986s] [413/553] installing perl-PerlIO-via-QuotedPrint-0.08-397.oe1
[ 1988s] [414/553] installing perl-Digest-1.17-419.oe1
[ 1990s] [415/553] installing perl-Filter-Simple-1:0.94-1.oe1
[ 1991s] [416/553] installing perl-IO-Socket-IP-0.39-420.oe1
[ 1992s] [417/553] installing perl-Text-Diff-1.45-7.oe1
[ 1996s] [418/553] installing perl-Time-Local-2:1.280-6.oe1
[ 1997s] [419/553] installing perl-version-8:0.99.24-3.oe1
[ 1999s] [420/553] installing perl-IPC-System-Simple-1.25-19.oe1
[ 2002s] [421/553] installing perl-threads-shared-1.59-2.oe1
[ 2005s] [422/553] installing perl-Compress-Raw-Bzip2-2.100-1.oe1
[ 2007s] [423/553] installing perl-Compress-Raw-Zlib-1:2.100-1.oe1
[ 2011s] [424/553] installing perl-Locale-Codes-3.58-2.oe1
[ 2016s] [425/553] installing perl-Math-BigInt-1:1.9998.13-5.oe1
[ 2019s] [426/553] installing perl-PathTools-3.75-4.oe1
[ 2021s] [427/553] installing python3-dnf-4.10.0-1.oe1
[ 2025s] [428/553] installing perl-Data-Dumper-2.172-3.oe1
[ 2027s] [429/553] installing perl-Sys-Syslog-0.35-420.oe1
[ 2029s] [430/553] installing perl-Encode-4:2.98-9.oe1
[ 2034s] [431/553] installing autogen-5.18.16-1.oe1
[ 2038s] [432/553] installing nodejs-1:16.10.0-1.oe1
[ 2043s] [433/553] installing systemd-243-22.oe1
[ 2064s] /var/tmp/rpm-tmp.HX8Mfe: line 8: groupadd: command not found
[ 2064s] /var/tmp/rpm-tmp.HX8Mfe: line 10: groupadd: command not found
[ 2064s] /var/tmp/rpm-tmp.HX8Mfe: line 13: groupadd: command not found
[ 2064s] /var/tmp/rpm-tmp.HX8Mfe: line 16: groupadd: command not found
[ 2064s] [434/553] installing dbus-common-1:1.12.20-3.oe1
[ 2067s] [435/553] installing nodejs-source-map-0.5.6-1.oe1
[ 2069s] [436/553] installing perl-Module-Load-1:0.32-418.oe1
[ 2070s] [437/553] installing nodejs-packaging-20-1.oe1
[ 2072s] [438/553] installing dnf-4.10.0-1.oe1
[ 2077s] Failed to preset unit, unit dnf-automatic.timer does not exist.
[ 2077s] Failed to preset unit, unit dnf-automatic-notifyonly.timer does not exist.
[ 2077s] Failed to preset unit, unit dnf-automatic-download.timer does not exist.
[ 2077s] Failed to preset unit, unit dnf-automatic-install.timer does not exist.
[ 2077s] [439/553] installing perl-File-Which-1.23-1.oe1
[ 2079s] [440/553] installing perl-Thread-Queue-3.13-3.oe1
[ 2081s] [441/553] installing perl-experimental-0.020-2.oe1
[ 2083s] [442/553] installing perl-Digest-MD5-2.55-419.oe1
[ 2085s] [443/553] installing perl-File-Path-2.16-4.oe1
[ 2087s] [444/553] installing perl-Math-BigInt-FastCalc-0.500.700-4.oe1
[ 2090s] [445/553] installing perl-Module-Metadata-1.000036-3.oe1
[ 2091s] [446/553] installing perl-CPAN-Meta-Requirements-2.140-419.oe1
[ 2093s] [447/553] installing perl-Encode-devel-4:2.98-9.oe1
[ 2096s] [448/553] installing perl-HTTP-Tiny-0.076-3.oe1
[ 2097s] [449/553] installing perl-Math-BigRat-0.2614-2.oe1
[ 2099s] [450/553] installing audit-1:3.0-2.oe1
[ 2103s] [451/553] installing perl-DB_File-1.842-2.oe1
[ 2105s] [452/553] installing perl-autodie-2.29-398.oe1
[ 2107s] [453/553] installing perl-Unicode-Collate-1.25-4.oe1
[ 2113s] [454/553] installing perl-IO-Compress-2.081-6.oe1
[ 2114s] [455/553] installing perl-podlators-1:4.14-1.oe1
[ 2117s] [456/553] installing perl-ExtUtils-Command-1:7.60-1.oe1
[ 2120s] [457/553] installing perl-ExtUtils-Manifest-1:1.71-4.oe1
[ 2122s] [458/553] installing perl-bignum-0.50-4.oe1
[ 2124s] [459/553] installing perl-File-Temp-1:0.230.800-4.oe1
[ 2126s] [460/553] installing perl-libnet-3.11-420.oe1
[ 2128s] [461/553] installing pam-1.5.1-1.oe1
[ 2134s] [462/553] installing libpwquality-1.4.4-1.oe1
[ 2137s] [463/553] installing perl-File-HomeDir-1.004-4.oe1
[ 2139s] [464/553] installing shadow-2:4.8.1-5.oe1
[ 2143s] [465/553] installing perl-Test-Simple-2:1.302175-2.oe1
[ 2145s] [466/553] installing libutempter-1.1.6-16.oe1
[ 2148s] [467/553] installing unbound-libs-1.10.1-4.oe1
[ 2153s] [468/553] installing dbus-daemon-1:1.12.20-3.oe1
[ 2158s] [469/553] installing openssh-server-8.2p1-10.oe1
[ 2162s] Created symlink /etc/systemd/system/multi-user.target.wants/sshd.service -> /usr/lib/systemd/system/sshd.service.
[ 2162s] [470/553] installing groff-1.22.4-4.oe1
[ 2170s] [471/553] installing dbus-1:1.12.20-3.oe1
[ 2172s] [472/553] installing man-db-2.9.3-2.oe1
[ 2178s] [473/553] installing perl-Pod-Perldoc-1:3.28-3.oe1
[ 2179s] [474/553] installing gnutls-3.6.15-3.oe1
[ 2184s] [475/553] installing util-linux-2.36.1-3.oe1
[ 2192s] [476/553] installing nss-help-3.72.0-2.oe1
[ 2195s] [477/553] installing polkit-help-0.116-4.oe1
[ 2196s] [478/553] installing util-linux-devel-2.36.1-3.oe1
[ 2199s] [479/553] installing NetworkManager-libnm-1:1.26.0-5
[ 2204s] [480/553] installing at-spi2-core-2.39.1-1.oe1
[ 2207s] [481/553] installing cups-libs-1:2.3.3-6.oe1
[ 2211s] [482/553] installing perl-Pod-Usage-4:1.69-418.oe1
[ 2212s] [483/553] installing device-mapper-8:1.02.172-1.oe1
[ 2217s] [484/553] installing openssh-8.2p1-10.oe1
[ 2220s] [485/553] installing at-spi2-atk-2.38.0-1.oe1
[ 2222s] [486/553] installing libproxy-0.4.15-13.oe1
[ 2225s] [487/553] installing perl-Getopt-Long-1:2.52-1.oe1
[ 2227s] [488/553] installing cryptsetup-2.3.3-3.oe1
[ 2232s] [489/553] installing device-mapper-event-8:1.02.172-1.oe1
[ 2235s] Created symlink /etc/systemd/system/sockets.target.wants/dm-event.socket -> /usr/lib/systemd/system/dm-event.socket.
[ 2235s] [490/553] installing nss-3.72.0-2.oe1
[ 2245s] [491/553] installing glib2-devel-2.66.8-1.oe1
[ 2267s] [492/553] installing openssh-clients-8.2p1-10.oe1
[ 2269s] [493/553] installing samba-client-4.12.5-6.oe1
[ 2286s] [494/553] installing atk-devel-2.36.0-1.oe1
[ 2289s] [495/553] installing libwbclient-4.12.5-6.oe1
[ 2293s] [496/553] installing polkit-devel-0.116-4.oe1
[ 2297s] [497/553] installing nss-util-3.72.0-2.oe1
[ 2301s] [498/553] installing perl-ExtUtils-ParseXS-2:3.35-1.oe1
[ 2303s] [499/553] installing glib-networking-2.58.0-7.oe1
[ 2306s] [500/553] installing perl-Module-CoreList-1:5.20180920-2.oe1
[ 2308s] [501/553] installing at-spi2-core-devel-2.39.1-1.oe1
[ 2311s] [502/553] installing perl-Digest-SHA-1:6.02-7.oe1
[ 2313s] [503/553] installing perl-Pod-Parser-1.63-397.oe1
[ 2316s] [504/553] installing gdk-pixbuf2-devel-2.42.6-1.oe1
[ 2318s] [505/553] installing perl-Pod-Simple-1:3.35-418.oe1
[ 2320s] [506/553] installing perl-Test-Harness-1:3.43_02-1.oe1
[ 2323s] [507/553] installing cairo-devel-1.16.0-6.fc32
[ 2326s] [508/553] installing docbook-utils-0.6.14-47.oe1
[ 2328s] [509/553] installing harfbuzz-devel-2.7.4-1.oe1
[ 2331s] [510/553] installing perl-Archive-Tar-2.30-421.oe1
[ 2332s] [511/553] installing perl-JSON-PP-1:4.04-2.oe1
[ 2334s] [512/553] installing lvm2-8:2.03.11-1.oe1
[ 2342s] Created symlink /etc/systemd/system/sysinit.target.wants/lvm2-lvmpolld.socket -> /usr/lib/systemd/system/lvm2-lvmpolld.socket.
[ 2342s] [513/553] installing autoconf-2.69-30.oe1
[ 2345s] [514/553] installing git-2.23.0-12.oe1
[ 2360s] [515/553] installing gtk3-3.24.30-2.oe1
[ 2378s] [516/553] installing cairo-gobject-devel-1.16.0-6.fc32
[ 2383s] [517/553] installing nss-softokn-3.72.0-2.oe1
[ 2387s] [518/553] installing at-spi2-atk-devel-2.38.0-1.oe1
[ 2389s] [519/553] installing libdazzle-3.38.0-1.oe1
[ 2392s] [520/553] installing perl-Pod-Checker-4:1.73-398.oe1
[ 2393s] [521/553] installing perl-Git-2.23.0-12.oe1
[ 2394s] [522/553] installing samba-common-4.12.5-6.oe1
[ 2397s] [523/553] installing gtk-doc-1.33.2-1.oe1
[ 2403s] [524/553] installing perl-CPAN-Meta-2.150010-419.oe1
[ 2405s] [525/553] installing perl-Module-Load-Conditional-0.68-418.oe1
[ 2407s] [526/553] installing automake-1.16.1-6.oe1
[ 2410s] [527/553] installing pango-devel-1.47.0-1.oe1
[ 2415s] [528/553] installing perl-ExtUtils-MakeMaker-1:7.60-1.oe1
[ 2417s] [529/553] installing gtk2-2.24.33-2.oe1
[ 2426s] [530/553] installing ghostscript-9.52-5.oe1
[ 2439s] [531/553] installing libsmbclient-4.12.5-6.oe1
[ 2441s] [532/553] installing libsysprof-ui-3.38.1-2.oe1
[ 2444s] [533/553] installing libtool-2.4.6-34.oe1
[ 2447s] [534/553] installing perl-ExtUtils-Install-2.14-419.oe1
[ 2449s] [535/553] installing samba-libs-4.12.5-6.oe1
[ 2452s] [536/553] installing perl-IPC-Cmd-2:1.04-4.oe1
[ 2454s] [537/553] installing graphviz-2.44.1-4.oe1
[ 2467s] [538/553] installing rpm-build-4.15.1-25.oe1
[ 2470s] [539/553] installing gtk3-devel-3.24.30-2.oe1
[ 2497s] [540/553] installing graphviz-devel-2.44.1-4.oe1
[ 2500s] [541/553] installing libdazzle-devel-3.38.0-1.oe1
[ 2505s] [542/553] installing samba-winbind-modules-4.12.5-6.oe1
[ 2507s] [543/553] installing gcc_secure-1.0-0.9.oe1
[ 2509s] [544/553] installing sysprof-3.38.1-2.oe1
[ 2536s] [545/553] installing gobject-introspection-devel-1.66.1-1.oe1
[ 2543s] [546/553] installing perl-File-Fetch-0.56-4.oe1
[ 2545s] [547/553] installing perl-devel-4:5.28.0-435.oe1
[ 2557s] [548/553] installing samba-common-tools-4.12.5-6.oe1
[ 2559s] [549/553] installing vala-devel-0.50.8-3.oe1
[ 2564s] [550/553] installing sysprof-devel-3.38.1-2.oe1
[ 2567s] [551/553] installing samba-winbind-4.12.5-6.oe1
[ 2572s] [552/553] installing vala-0.50.8-3.oe1
[ 2579s] [553/553] installing samba-winbind-clients-4.12.5-6.oe1
[ 2581s] removing nis flags from /var/cache/obs/worker/root_1/etc/nsswitch.conf...
[ 2582s] now finalizing build dir...
[ 2595s] Running build time source services...
[ 2611s] -----------------------------------------------------------------
[ 2611s] ----- building libsoup.spec (user abuild)
[ 2611s] -----------------------------------------------------------------
[ 2611s] -----------------------------------------------------------------
[ 2619s] + exec rpmbuild -ba --define '_srcdefattr (-,root,root)' --nosignature --define 'disturl obs://private/openEuler:Mainline:RISC-V/advanced_riscv64/8553163f2d2cde54f18abe73ae4c3bc1-libsoup' /home/abuild/rpmbuild/SOURCES/libsoup.spec
[ 2620s] Executing(%prep): /bin/sh -e /var/tmp/rpm-tmp.NIg8iy
[ 2621s] + umask 022
[ 2621s] + cd /home/abuild/rpmbuild/BUILD
[ 2621s] + cd /home/abuild/rpmbuild/BUILD
[ 2621s] + rm -rf libsoup-2.74.2
[ 2621s] + /usr/bin/xz -dc /home/abuild/rpmbuild/SOURCES/libsoup-2.74.2.tar.xz
[ 2621s] + /usr/bin/tar -xof -
[ 2623s] + STATUS=0
[ 2623s] + '[' 0 -ne 0 ']'
[ 2623s] + cd libsoup-2.74.2
[ 2623s] + /usr/bin/chmod -Rf a+rX,u+w,g-w,o-w .
[ 2623s] + /usr/bin/patch -p1 -s --fuzz=0 --no-backup-if-mismatch
[ 2623s] + /usr/bin/cat /home/abuild/rpmbuild/SOURCES/backport-skip-tls_interaction-test.patch
[ 2624s] + RPM_EC=0
[ 2624s] ++ jobs -p
[ 2624s] + exit 0
[ 2624s] Executing(%build): /bin/sh -e /var/tmp/rpm-tmp.lSWN9M
[ 2624s] + umask 022
[ 2624s] + cd /home/abuild/rpmbuild/BUILD
[ 2624s] + cd libsoup-2.74.2
[ 2624s] + CFLAGS='-O2 -g -pipe -Wall -Werror=format-security -Wp,-D_FORTIFY_SOURCE=2 -Wp,-D_GLIBCXX_ASSERTIONS -fstack-protector-strong -grecord-gcc-switches -specs=/usr/lib/rpm/generic-hardened-cc1 -fasynchronous-unwind-tables -fstack-clash-protection'
[ 2624s] + export CFLAGS
[ 2624s] + CXXFLAGS='-O2 -g -pipe -Wall -Werror=format-security -Wp,-D_FORTIFY_SOURCE=2 -Wp,-D_GLIBCXX_ASSERTIONS -fstack-protector-strong -grecord-gcc-switches -specs=/usr/lib/rpm/generic-hardened-cc1 -fasynchronous-unwind-tables -fstack-clash-protection -fexceptions'
[ 2624s] + export CXXFLAGS
[ 2624s] + FFLAGS='-O2 -g -pipe -Wall -Werror=format-security -Wp,-D_FORTIFY_SOURCE=2 -Wp,-D_GLIBCXX_ASSERTIONS -fstack-protector-strong -grecord-gcc-switches -specs=/usr/lib/rpm/generic-hardened-cc1 -fasynchronous-unwind-tables -fstack-clash-protection -fexceptions -I/usr/lib64/gfortran/modules'
[ 2624s] + export FFLAGS
[ 2624s] + FCFLAGS='-O2 -g -pipe -Wall -Werror=format-security -Wp,-D_FORTIFY_SOURCE=2 -Wp,-D_GLIBCXX_ASSERTIONS -fstack-protector-strong -grecord-gcc-switches -specs=/usr/lib/rpm/generic-hardened-cc1 -fasynchronous-unwind-tables -fstack-clash-protection -fexceptions -I/usr/lib64/gfortran/modules'
[ 2624s] + export FCFLAGS
[ 2624s] + LDFLAGS='-Wl,-z,relro   -Wl,-z,now -specs=/usr/lib/rpm/generic-hardened-ld'
[ 2624s] + export LDFLAGS
[ 2624s] + /usr/bin/meson --buildtype=plain --prefix=/usr --libdir=/usr/lib64 --libexecdir=/usr/libexec --bindir=/usr/bin --sbindir=/usr/sbin --includedir=/usr/include --datadir=/usr/share --mandir=/usr/share/man --infodir=/usr/share/info --localedir=/usr/share/locale --sysconfdir=/etc --localstatedir=/var --sharedstatedir=/var/lib --wrap-mode=nodownload --auto-features=enabled . riscv64-openEuler-linux-gnu -Dgtk_doc=true
[ 2712s] The Meson build system
[ 2712s] Version: 0.59.4
[ 2712s] Source dir: /home/abuild/rpmbuild/BUILD/libsoup-2.74.2
[ 2712s] Build dir: /home/abuild/rpmbuild/BUILD/libsoup-2.74.2/riscv64-openEuler-linux-gnu
[ 2712s] Build type: native build
[ 2712s] Project name: libsoup
[ 2712s] Project version: 2.74.2
[ 2712s] C compiler for the host machine: cc (gcc 10.3.1 "gcc_old (GCC) 10.3.1")
[ 2712s] C linker for the host machine: cc ld.bfd 2.37
[ 2712s] Host machine cpu family: riscv64
[ 2712s] Host machine cpu: riscv64
[ 2712s] Compiler for C supports arguments -Wall: YES 
[ 2712s] Compiler for C supports arguments -Wmissing-include-dirs: YES 
[ 2712s] Compiler for C supports arguments -Wpointer-arith: YES 
[ 2712s] Compiler for C supports arguments -Winit-self: YES 
[ 2713s] Compiler for C supports arguments -Wdeclaration-after-statement: YES 
[ 2713s] Compiler for C supports arguments -Werror=missing-prototypes: YES 
[ 2713s] Compiler for C supports arguments -Werror=implicit-function-declaration: YES 
[ 2713s] Compiler for C supports arguments -Werror=aggregate-return: YES 
[ 2713s] Compiler for C supports arguments -Werror=format=2: YES 
[ 2713s] Compiler for C supports arguments -Wstrict-prototypes: YES 
[ 2713s] Compiler for C supports arguments -Wno-format-zero-length: YES 
[ 2713s] meson.build:81: WARNING: Consider using the built-in warning_level option instead of using "-Wall".
[ 2713s] Found pkg-config: /usr/bin/pkg-config (1.7.3)
[ 2713s] Run-time dependency glib-2.0 found: YES 2.66.8
[ 2713s] Run-time dependency gmodule-2.0 found: YES 2.66.8
[ 2713s] Run-time dependency gobject-2.0 found: YES 2.66.8
[ 2713s] Run-time dependency gio-2.0 found: YES 2.66.8
[ 2713s] Run-time dependency sqlite3 found: YES 3.24.0
[ 2713s] Run-time dependency libxml-2.0 found: YES 2.9.12
[ 2713s] Run-time dependency libbrotlidec found: YES 1.0.9
[ 2713s] Run-time dependency libpsl found: YES 0.21.1
[ 2713s] Checking for function "gmtime_r" : YES 
[ 2713s] Run-time dependency sysprof-capture-4 found: YES 3.38.1
[ 2713s] Checking if "GIO has real TLS support" with dependencies glib-2.0, gmodule-2.0, gobject-2.0, gio-2.0 runs: YES
[ 2713s] Run-time dependency zlib found: YES 1.2.11
[ 2713s] Program apachectl /sbin/apachectl /usr/sbin/apachectl found: NO
[ 2713s] Program httpd2 httpd apache2 apache /sbin/httpd2 /sbin/httpd /sbin/apache2 /sbin/apache /usr/sbin/httpd2 /usr/sbin/httpd /usr/sbin/apache2 /usr/sbin/apache found: NO
[ 2713s] meson.build:301: WARNING: Some regression tests will not be compiled due to missing libraries or modules. Please check the logs for more details.
[ 2713s] Program krb5-config found: YES (/usr/bin/krb5-config)
[ 2713s] Program ntlm_auth found: YES (/usr/bin/ntlm_auth)
[ 2713s] Program g-ir-scanner found: YES (/usr/bin/g-ir-scanner)
[ 2713s] Vala compiler for the host machine: valac (valac 0.50.8)
[ 2713s] Configuring config.h using configuration
[ 2713s] Found pkg-config: /usr/bin/pkg-config (1.7.3)
[ 2713s] Program glib-compile-resources found: YES (/usr/bin/glib-compile-resources)
[ 2713s] Configuring soup-version.h using configuration
[ 2713s] Program glib-mkenums found: YES (/usr/bin/glib-mkenums)
[ 2713s] Run-time dependency gobject-introspection-1.0 found: YES 1.66.1
[ 2713s] Dependency gobject-introspection-1.0 found: YES 1.66.1 (cached)
[ 2713s] Program g-ir-scanner found: YES (/usr/bin/g-ir-scanner)
[ 2713s] Dependency gobject-introspection-1.0 found: YES 1.66.1 (cached)
[ 2713s] Program g-ir-compiler found: YES (/usr/bin/g-ir-compiler)
[ 2713s] Program vapigen found: YES (/usr/bin/vapigen)
[ 2713s] Program xgettext found: YES (/usr/bin/xgettext)
[ 2713s] Program glib-compile-resources found: YES (/usr/bin/glib-compile-resources)
[ 2713s] Program gtkdoc-scan found: YES (/usr/bin/gtkdoc-scan)
[ 2713s] Program gtkdoc-scangobj found: YES (/usr/bin/gtkdoc-scangobj)
[ 2713s] Program gtkdoc-mkdb found: YES (/usr/bin/gtkdoc-mkdb)
[ 2713s] Program gtkdoc-mkhtml found: YES (/usr/bin/gtkdoc-mkhtml)
[ 2713s] Program gtkdoc-fixxref found: YES (/usr/bin/gtkdoc-fixxref)
[ 2713s] Build targets in project: 54
[ 2713s] 
[ 2713s] Found ninja-1.8.2 at /usr/bin/ninja
[ 2714s] + /usr/bin/meson compile -C riscv64-openEuler-linux-gnu -j 8 --verbose
[ 2721s] ninja: Entering directory `riscv64-openEuler-linux-gnu'
[ 2722s] [1/174] /usr/bin/glib-compile-resources ../libsoup/soup.gresource.xml --sourcedir ../libsoup/. --sourcedir ../libsoup --c-name soup --internal --generate --target libsoup/soup-resources.h
[ 2722s] [2/174] /usr/bin/glib-compile-resources ../libsoup/soup.gresource.xml --sourcedir ../libsoup/. --sourcedir ../libsoup --c-name soup --internal --generate --target libsoup/soup-resources.c --dependency-file libsoup/soup-resources.c.d
[ 2722s] [3/174] /usr/bin/glib-compile-resources ../tests/soup-tests.gresource.xml --sourcedir ../tests --internal --generate --target tests/soup-tests.gresource --dependency-file tests/soup-tests.gresource.d
[ 2733s] [4/174] /usr/bin/meson --internal exe --capture libsoup/soup-enum-types.h -- /usr/bin/glib-mkenums --template /home/abuild/rpmbuild/BUILD/libsoup-2.74.2/riscv64-openEuler-linux-gnu/../libsoup/soup-enum-types.h.template /home/abuild/rpmbuild/BUILD/libsoup-2.74.2/riscv64-openEuler-linux-gnu/../libsoup/soup-address.h /home/abuild/rpmbuild/BUILD/libsoup-2.74.2/riscv64-openEuler-linux-gnu/../libsoup/soup-auth.h /home/abuild/rpmbuild/BUILD/libsoup-2.74.2/riscv64-openEuler-linux-gnu/../libsoup/soup-auth-domain.h /home/abuild/rpmbuild/BUILD/libsoup-2.74.2/riscv64-openEuler-linux-gnu/../libsoup/soup-auth-domain-basic.h /home/abuild/rpmbuild/BUILD/libsoup-2.74.2/riscv64-openEuler-linux-gnu/../libsoup/soup-auth-domain-digest.h /home/abuild/rpmbuild/BUILD/libsoup-2.74.2/riscv64-openEuler-linux-gnu/../libsoup/soup-auth-manager.h /home/abuild/rpmbuild/BUILD/libsoup-2.74.2/riscv64-openEuler-linux-gnu/../libsoup/soup-autocleanups.h /home/abuild/rpmbuild/BUILD/libsoup-2.74.2/riscv64-openEuler-linux-gnu/../libsoup/soup-cache.h /home/abuild/rpmbuild/BUILD/libsoup-2.74.2/riscv64-openEuler-linux-gnu/../libsoup/soup-content-decoder.h /home/abuild/rpmbuild/BUILD/libsoup-2.74.2/riscv64-openEuler-linux-gnu/../libsoup/soup-content-sniffer.h /home/abuild/rpmbuild/BUILD/libsoup-2.74.2/riscv64-openEuler-linux-gnu/../libsoup/soup-cookie.h /home/abuild/rpmbuild/BUILD/libsoup-2.74.2/riscv64-openEuler-linux-gnu/../libsoup/soup-cookie-jar.h /home/abuild/rpmbuild/BUILD/libsoup-2.74.2/riscv64-openEuler-linux-gnu/../libsoup/soup-cookie-jar-db.h /home/abuild/rpmbuild/BUILD/libsoup-2.74.2/riscv64-openEuler-linux-gnu/../libsoup/soup-cookie-jar-text.h /home/abuild/rpmbuild/BUILD/libsoup-2.74.2/riscv64-openEuler-linux-gnu/../libsoup/soup-date.h /home/abuild/rpmbuild/BUILD/libsoup-2.74.2/riscv64-openEuler-linux-gnu/../libsoup/soup-form.h /home/abuild/rpmbuild/BUILD/libsoup-2.74.2/riscv64-openEuler-linux-gnu/../libsoup/soup-headers.h /home/abuild/rpmbuild/BUILD/libsoup-2.74.2/riscv64-openEuler-linux-gnu/../libsoup/soup-hsts-enforcer.h /home/abuild/rpmbuild/BUILD/libsoup-2.74.2/riscv64-openEuler-linux-gnu/../libsoup/soup-hsts-enforcer-db.h /home/abuild/rpmbuild/BUILD/libsoup-2.74.2/riscv64-openEuler-linux-gnu/../libsoup/soup-hsts-policy.h /home/abuild/rpmbuild/BUILD/libsoup-2.74.2/riscv64-openEuler-linux-gnu/../libsoup/soup-logger.h /home/abuild/rpmbuild/BUILD/libsoup-2.74.2/riscv64-openEuler-linux-gnu/../libsoup/soup-message.h /home/abuild/rpmbuild/BUILD/libsoup-2.74.2/riscv64-openEuler-linux-gnu/../libsoup/soup-message-body.h /home/abuild/rpmbuild/BUILD/libsoup-2.74.2/riscv64-openEuler-linux-gnu/../libsoup/soup-message-headers.h /home/abuild/rpmbuild/BUILD/libsoup-2.74.2/riscv64-openEuler-linux-gnu/../libsoup/soup-method.h /home/abuild/rpmbuild/BUILD/libsoup-2.74.2/riscv64-openEuler-linux-gnu/../libsoup/soup-misc.h /home/abuild/rpmbuild/BUILD/libsoup-2.74.2/riscv64-openEuler-linux-gnu/../libsoup/soup-multipart.h /home/abuild/rpmbuild/BUILD/libsoup-2.74.2/riscv64-openEuler-linux-gnu/../libsoup/soup-multipart-input-stream.h /home/abuild/rpmbuild/BUILD/libsoup-2.74.2/riscv64-openEuler-linux-gnu/../libsoup/soup-password-manager.h /home/abuild/rpmbuild/BUILD/libsoup-2.74.2/riscv64-openEuler-linux-gnu/../libsoup/soup-portability.h /home/abuild/rpmbuild/BUILD/libsoup-2.74.2/riscv64-openEuler-linux-gnu/../libsoup/soup-proxy-resolver.h /home/abuild/rpmbuild/BUILD/libsoup-2.74.2/riscv64-openEuler-linux-gnu/../libsoup/soup-proxy-resolver-default.h /home/abuild/rpmbuild/BUILD/libsoup-2.74.2/riscv64-openEuler-linux-gnu/../libsoup/soup-proxy-uri-resolver.h /home/abuild/rpmbuild/BUILD/libsoup-2.74.2/riscv64-openEuler-linux-gnu/../libsoup/soup-request.h /home/abuild/rpmbuild/BUILD/libsoup-2.74.2/riscv64-openEuler-linux-gnu/../libsoup/soup-request-data.h /home/abuild/rpmbuild/BUILD/libsoup-2.74.2/riscv64-openEuler-linux-gnu/../libsoup/soup-request-file.h /home/abuild/rpmbuild/BUILD/libsoup-2.74.2/riscv64-openEuler-linux-gnu/../libsoup/soup-request-http.h /home/abuild/rpmbuild/BUILD/libsoup-2.74.2/riscv64-openEuler-linux-gnu/../libsoup/soup-requester.h /home/abuild/rpmbuild/BUILD/libsoup-2.74.2/riscv64-openEuler-linux-gnu/../libsoup/soup-server.h /home/abuild/rpmbuild/BUILD/libsoup-2.74.2/riscv64-openEuler-linux-gnu/../libsoup/soup-session.h /home/abuild/rpmbuild/BUILD/libsoup-2.74.2/riscv64-openEuler-linux-gnu/../libsoup/soup-session-async.h /home/abuild/rpmbuild/BUILD/libsoup-2.74.2/riscv64-openEuler-linux-gnu/../libsoup/soup-session-feature.h /home/abuild/rpmbuild/BUILD/libsoup-2.74.2/riscv64-openEuler-linux-gnu/../libsoup/soup-session-sync.h /home/abuild/rpmbuild/BUILD/libsoup-2.74.2/riscv64-openEuler-linux-gnu/../libsoup/soup-socket.h /home/abuild/rpmbuild/BUILD/libsoup-2.74.2/riscv64-openEuler-linux-gnu/../libsoup/soup-status.h /home/abuild/rpmbuild/BUILD/libsoup-2.74.2/riscv64-openEuler-linux-gnu/../libsoup/soup-tld.h /home/abuild/rpmbuild/BUILD/libsoup-2.74.2/riscv64-openEuler-linux-gnu/../libsoup/soup-types.h /home/abuild/rpmbuild/BUILD/libsoup-2.74.2/riscv64-openEuler-linux-gnu/../libsoup/soup-uri.h /home/abuild/rpmbuild/BUILD/libsoup-2.74.2/riscv64-openEuler-linux-gnu/../libsoup/soup-value-utils.h /home/abuild/rpmbuild/BUILD/libsoup-2.74.2/riscv64-openEuler-linux-gnu/../libsoup/soup-websocket.h /home/abuild/rpmbuild/BUILD/libsoup-2.74.2/riscv64-openEuler-linux-gnu/../libsoup/soup-websocket-connection.h /home/abuild/rpmbuild/BUILD/libsoup-2.74.2/riscv64-openEuler-linux-gnu/../libsoup/soup-websocket-extension.h /home/abuild/rpmbuild/BUILD/libsoup-2.74.2/riscv64-openEuler-linux-gnu/../libsoup/soup-websocket-extension-deflate.h /home/abuild/rpmbuild/BUILD/libsoup-2.74.2/riscv64-openEuler-linux-gnu/../libsoup/soup-websocket-extension-manager.h /home/abuild/rpmbuild/BUILD/libsoup-2.74.2/riscv64-openEuler-linux-gnu/../libsoup/soup-xmlrpc.h /home/abuild/rpmbuild/BUILD/libsoup-2.74.2/riscv64-openEuler-linux-gnu/../libsoup/soup-xmlrpc-old.h /home/abuild/rpmbuild/BUILD/libsoup-2.74.2/riscv64-openEuler-linux-gnu/../libsoup/soup.h /home/abuild/rpmbuild/BUILD/libsoup-2.74.2/riscv64-openEuler-linux-gnu/../libsoup/soup-cookie-jar-sqlite.h /home/abuild/rpmbuild/BUILD/libsoup-2.74.2/riscv64-openEuler-linux-gnu/../libsoup/soup-gnome-features.h /home/abuild/rpmbuild/BUILD/libsoup-2.74.2/riscv64-openEuler-linux-gnu/../libsoup/soup-gnome.h
[ 2743s] [5/174] cc -Ilibsoup/libsoup-2.4.so.1.11.2.p -Ilibsoup -I../libsoup -I. -I.. -I/usr/include/sysprof-4 -I/usr/include/glib-2.0 -I/usr/lib64/glib-2.0/include -I/usr/include/libmount -I/usr/include/blkid -I/usr/include/libxml2 -fdiagnostics-color=always -D_FILE_OFFSET_BITS=64 -Wall -Winvalid-pch -std=c99 -D_DEFAULT_SOURCE -DHAVE_CONFIG_H -Wall -Wmissing-include-dirs -Wpointer-arith -Winit-self -Wdeclaration-after-statement -Werror=missing-prototypes -Werror=implicit-function-declaration -Werror=aggregate-return -Werror=format=2 -Wstrict-prototypes -Wno-format-zero-length -DLIBSOUP_HAVE_GSSAPI=1 -DUSE_NTLM_AUTH=1 '-DNTLM_AUTH="/usr/bin/ntlm_auth"' -O2 -g -pipe -Wall -Werror=format-security -Wp,-D_FORTIFY_SOURCE=2 -Wp,-D_GLIBCXX_ASSERTIONS -fstack-protector-strong -grecord-gcc-switches -specs=/usr/lib/rpm/generic-hardened-cc1 -fasynchronous-unwind-tables -fstack-clash-protection -fPIC -pthread '-DG_LOG_DOMAIN="libsoup"' -DLIBSOUP_COMPILATION -fvisibility=hidden -MD -MQ libsoup/libsoup-2.4.so.1.11.2.p/meson-generated_.._soup-resources.c.o -MF libsoup/libsoup-2.4.so.1.11.2.p/meson-generated_.._soup-resources.c.o.d -o libsoup/libsoup-2.4.so.1.11.2.p/meson-generated_.._soup-resources.c.o -c libsoup/soup-resources.c
[ 2745s] [6/174] cc -Ilibsoup/libsoup-2.4.so.1.11.2.p -Ilibsoup -I../libsoup -I. -I.. -I/usr/include/sysprof-4 -I/usr/include/glib-2.0 -I/usr/lib64/glib-2.0/include -I/usr/include/libmount -I/usr/include/blkid -I/usr/include/libxml2 -fdiagnostics-color=always -D_FILE_OFFSET_BITS=64 -Wall -Winvalid-pch -std=c99 -D_DEFAULT_SOURCE -DHAVE_CONFIG_H -Wall -Wmissing-include-dirs -Wpointer-arith -Winit-self -Wdeclaration-after-statement -Werror=missing-prototypes -Werror=implicit-function-declaration -Werror=aggregate-return -Werror=format=2 -Wstrict-prototypes -Wno-format-zero-length -DLIBSOUP_HAVE_GSSAPI=1 -DUSE_NTLM_AUTH=1 '-DNTLM_AUTH="/usr/bin/ntlm_auth"' -O2 -g -pipe -Wall -Werror=format-security -Wp,-D_FORTIFY_SOURCE=2 -Wp,-D_GLIBCXX_ASSERTIONS -fstack-protector-strong -grecord-gcc-switches -specs=/usr/lib/rpm/generic-hardened-cc1 -fasynchronous-unwind-tables -fstack-clash-protection -fPIC -pthread '-DG_LOG_DOMAIN="libsoup"' -DLIBSOUP_COMPILATION -fvisibility=hidden -MD -MQ libsoup/libsoup-2.4.so.1.11.2.p/soup-auth-basic.c.o -MF libsoup/libsoup-2.4.so.1.11.2.p/soup-auth-basic.c.o.d -o libsoup/libsoup-2.4.so.1.11.2.p/soup-auth-basic.c.o -c ../libsoup/soup-auth-basic.c
[ 2747s] [7/174] cc -Ilibsoup/libsoup-2.4.so.1.11.2.p -Ilibsoup -I../libsoup -I. -I.. -I/usr/include/sysprof-4 -I/usr/include/glib-2.0 -I/usr/lib64/glib-2.0/include -I/usr/include/libmount -I/usr/include/blkid -I/usr/include/libxml2 -fdiagnostics-color=always -D_FILE_OFFSET_BITS=64 -Wall -Winvalid-pch -std=c99 -D_DEFAULT_SOURCE -DHAVE_CONFIG_H -Wall -Wmissing-include-dirs -Wpointer-arith -Winit-self -Wdeclaration-after-statement -Werror=missing-prototypes -Werror=implicit-function-declaration -Werror=aggregate-return -Werror=format=2 -Wstrict-prototypes -Wno-format-zero-length -DLIBSOUP_HAVE_GSSAPI=1 -DUSE_NTLM_AUTH=1 '-DNTLM_AUTH="/usr/bin/ntlm_auth"' -O2 -g -pipe -Wall -Werror=format-security -Wp,-D_FORTIFY_SOURCE=2 -Wp,-D_GLIBCXX_ASSERTIONS -fstack-protector-strong -grecord-gcc-switches -specs=/usr/lib/rpm/generic-hardened-cc1 -fasynchronous-unwind-tables -fstack-clash-protection -fPIC -pthread '-DG_LOG_DOMAIN="libsoup"' -DLIBSOUP_COMPILATION -fvisibility=hidden -MD -MQ libsoup/libsoup-2.4.so.1.11.2.p/soup-auth.c.o -MF libsoup/libsoup-2.4.so.1.11.2.p/soup-auth.c.o.d -o libsoup/libsoup-2.4.so.1.11.2.p/soup-auth.c.o -c ../libsoup/soup-auth.c
[ 2748s] [8/174] cc -Ilibsoup/libsoup-2.4.so.1.11.2.p -Ilibsoup -I../libsoup -I. -I.. -I/usr/include/sysprof-4 -I/usr/include/glib-2.0 -I/usr/lib64/glib-2.0/include -I/usr/include/libmount -I/usr/include/blkid -I/usr/include/libxml2 -fdiagnostics-color=always -D_FILE_OFFSET_BITS=64 -Wall -Winvalid-pch -std=c99 -D_DEFAULT_SOURCE -DHAVE_CONFIG_H -Wall -Wmissing-include-dirs -Wpointer-arith -Winit-self -Wdeclaration-after-statement -Werror=missing-prototypes -Werror=implicit-function-declaration -Werror=aggregate-return -Werror=format=2 -Wstrict-prototypes -Wno-format-zero-length -DLIBSOUP_HAVE_GSSAPI=1 -DUSE_NTLM_AUTH=1 '-DNTLM_AUTH="/usr/bin/ntlm_auth"' -O2 -g -pipe -Wall -Werror=format-security -Wp,-D_FORTIFY_SOURCE=2 -Wp,-D_GLIBCXX_ASSERTIONS -fstack-protector-strong -grecord-gcc-switches -specs=/usr/lib/rpm/generic-hardened-cc1 -fasynchronous-unwind-tables -fstack-clash-protection -fPIC -pthread '-DG_LOG_DOMAIN="libsoup"' -DLIBSOUP_COMPILATION -fvisibility=hidden -MD -MQ libsoup/libsoup-2.4.so.1.11.2.p/soup-auth-digest.c.o -MF libsoup/libsoup-2.4.so.1.11.2.p/soup-auth-digest.c.o.d -o libsoup/libsoup-2.4.so.1.11.2.p/soup-auth-digest.c.o -c ../libsoup/soup-auth-digest.c
[ 2748s] [9/174] cc -Ilibsoup/libsoup-2.4.so.1.11.2.p -Ilibsoup -I../libsoup -I. -I.. -I/usr/include/sysprof-4 -I/usr/include/glib-2.0 -I/usr/lib64/glib-2.0/include -I/usr/include/libmount -I/usr/include/blkid -I/usr/include/libxml2 -fdiagnostics-color=always -D_FILE_OFFSET_BITS=64 -Wall -Winvalid-pch -std=c99 -D_DEFAULT_SOURCE -DHAVE_CONFIG_H -Wall -Wmissing-include-dirs -Wpointer-arith -Winit-self -Wdeclaration-after-statement -Werror=missing-prototypes -Werror=implicit-function-declaration -Werror=aggregate-return -Werror=format=2 -Wstrict-prototypes -Wno-format-zero-length -DLIBSOUP_HAVE_GSSAPI=1 -DUSE_NTLM_AUTH=1 '-DNTLM_AUTH="/usr/bin/ntlm_auth"' -O2 -g -pipe -Wall -Werror=format-security -Wp,-D_FORTIFY_SOURCE=2 -Wp,-D_GLIBCXX_ASSERTIONS -fstack-protector-strong -grecord-gcc-switches -specs=/usr/lib/rpm/generic-hardened-cc1 -fasynchronous-unwind-tables -fstack-clash-protection -fPIC -pthread '-DG_LOG_DOMAIN="libsoup"' -DLIBSOUP_COMPILATION -fvisibility=hidden -MD -MQ libsoup/libsoup-2.4.so.1.11.2.p/soup-auth-negotiate.c.o -MF libsoup/libsoup-2.4.so.1.11.2.p/soup-auth-negotiate.c.o.d -o libsoup/libsoup-2.4.so.1.11.2.p/soup-auth-negotiate.c.o -c ../libsoup/soup-auth-negotiate.c
[ 2750s] [10/174] /usr/bin/meson --internal exe --capture libsoup/soup-enum-types.c -- /usr/bin/glib-mkenums --template /home/abuild/rpmbuild/BUILD/libsoup-2.74.2/riscv64-openEuler-linux-gnu/../libsoup/soup-enum-types.c.template /home/abuild/rpmbuild/BUILD/libsoup-2.74.2/riscv64-openEuler-linux-gnu/../libsoup/soup-address.h /home/abuild/rpmbuild/BUILD/libsoup-2.74.2/riscv64-openEuler-linux-gnu/../libsoup/soup-auth.h /home/abuild/rpmbuild/BUILD/libsoup-2.74.2/riscv64-openEuler-linux-gnu/../libsoup/soup-auth-domain.h /home/abuild/rpmbuild/BUILD/libsoup-2.74.2/riscv64-openEuler-linux-gnu/../libsoup/soup-auth-domain-basic.h /home/abuild/rpmbuild/BUILD/libsoup-2.74.2/riscv64-openEuler-linux-gnu/../libsoup/soup-auth-domain-digest.h /home/abuild/rpmbuild/BUILD/libsoup-2.74.2/riscv64-openEuler-linux-gnu/../libsoup/soup-auth-manager.h /home/abuild/rpmbuild/BUILD/libsoup-2.74.2/riscv64-openEuler-linux-gnu/../libsoup/soup-autocleanups.h /home/abuild/rpmbuild/BUILD/libsoup-2.74.2/riscv64-openEuler-linux-gnu/../libsoup/soup-cache.h /home/abuild/rpmbuild/BUILD/libsoup-2.74.2/riscv64-openEuler-linux-gnu/../libsoup/soup-content-decoder.h /home/abuild/rpmbuild/BUILD/libsoup-2.74.2/riscv64-openEuler-linux-gnu/../libsoup/soup-content-sniffer.h /home/abuild/rpmbuild/BUILD/libsoup-2.74.2/riscv64-openEuler-linux-gnu/../libsoup/soup-cookie.h /home/abuild/rpmbuild/BUILD/libsoup-2.74.2/riscv64-openEuler-linux-gnu/../libsoup/soup-cookie-jar.h /home/abuild/rpmbuild/BUILD/libsoup-2.74.2/riscv64-openEuler-linux-gnu/../libsoup/soup-cookie-jar-db.h /home/abuild/rpmbuild/BUILD/libsoup-2.74.2/riscv64-openEuler-linux-gnu/../libsoup/soup-cookie-jar-text.h /home/abuild/rpmbuild/BUILD/libsoup-2.74.2/riscv64-openEuler-linux-gnu/../libsoup/soup-date.h /home/abuild/rpmbuild/BUILD/libsoup-2.74.2/riscv64-openEuler-linux-gnu/../libsoup/soup-form.h /home/abuild/rpmbuild/BUILD/libsoup-2.74.2/riscv64-openEuler-linux-gnu/../libsoup/soup-headers.h /home/abuild/rpmbuild/BUILD/libsoup-2.74.2/riscv64-openEuler-linux-gnu/../libsoup/soup-hsts-enforcer.h /home/abuild/rpmbuild/BUILD/libsoup-2.74.2/riscv64-openEuler-linux-gnu/../libsoup/soup-hsts-enforcer-db.h /home/abuild/rpmbuild/BUILD/libsoup-2.74.2/riscv64-openEuler-linux-gnu/../libsoup/soup-hsts-policy.h /home/abuild/rpmbuild/BUILD/libsoup-2.74.2/riscv64-openEuler-linux-gnu/../libsoup/soup-logger.h /home/abuild/rpmbuild/BUILD/libsoup-2.74.2/riscv64-openEuler-linux-gnu/../libsoup/soup-message.h /home/abuild/rpmbuild/BUILD/libsoup-2.74.2/riscv64-openEuler-linux-gnu/../libsoup/soup-message-body.h /home/abuild/rpmbuild/BUILD/libsoup-2.74.2/riscv64-openEuler-linux-gnu/../libsoup/soup-message-headers.h /home/abuild/rpmbuild/BUILD/libsoup-2.74.2/riscv64-openEuler-linux-gnu/../libsoup/soup-method.h /home/abuild/rpmbuild/BUILD/libsoup-2.74.2/riscv64-openEuler-linux-gnu/../libsoup/soup-misc.h /home/abuild/rpmbuild/BUILD/libsoup-2.74.2/riscv64-openEuler-linux-gnu/../libsoup/soup-multipart.h /home/abuild/rpmbuild/BUILD/libsoup-2.74.2/riscv64-openEuler-linux-gnu/../libsoup/soup-multipart-input-stream.h /home/abuild/rpmbuild/BUILD/libsoup-2.74.2/riscv64-openEuler-linux-gnu/../libsoup/soup-password-manager.h /home/abuild/rpmbuild/BUILD/libsoup-2.74.2/riscv64-openEuler-linux-gnu/../libsoup/soup-portability.h /home/abuild/rpmbuild/BUILD/libsoup-2.74.2/riscv64-openEuler-linux-gnu/../libsoup/soup-proxy-resolver.h /home/abuild/rpmbuild/BUILD/libsoup-2.74.2/riscv64-openEuler-linux-gnu/../libsoup/soup-proxy-resolver-default.h /home/abuild/rpmbuild/BUILD/libsoup-2.74.2/riscv64-openEuler-linux-gnu/../libsoup/soup-proxy-uri-resolver.h /home/abuild/rpmbuild/BUILD/libsoup-2.74.2/riscv64-openEuler-linux-gnu/../libsoup/soup-request.h /home/abuild/rpmbuild/BUILD/libsoup-2.74.2/riscv64-openEuler-linux-gnu/../libsoup/soup-request-data.h /home/abuild/rpmbuild/BUILD/libsoup-2.74.2/riscv64-openEuler-linux-gnu/../libsoup/soup-request-file.h /home/abuild/rpmbuild/BUILD/libsoup-2.74.2/riscv64-openEuler-linux-gnu/../libsoup/soup-request-http.h /home/abuild/rpmbuild/BUILD/libsoup-2.74.2/riscv64-openEuler-linux-gnu/../libsoup/soup-requester.h /home/abuild/rpmbuild/BUILD/libsoup-2.74.2/riscv64-openEuler-linux-gnu/../libsoup/soup-server.h /home/abuild/rpmbuild/BUILD/libsoup-2.74.2/riscv64-openEuler-linux-gnu/../libsoup/soup-session.h /home/abuild/rpmbuild/BUILD/libsoup-2.74.2/riscv64-openEuler-linux-gnu/../libsoup/soup-session-async.h /home/abuild/rpmbuild/BUILD/libsoup-2.74.2/riscv64-openEuler-linux-gnu/../libsoup/soup-session-feature.h /home/abuild/rpmbuild/BUILD/libsoup-2.74.2/riscv64-openEuler-linux-gnu/../libsoup/soup-session-sync.h /home/abuild/rpmbuild/BUILD/libsoup-2.74.2/riscv64-openEuler-linux-gnu/../libsoup/soup-socket.h /home/abuild/rpmbuild/BUILD/libsoup-2.74.2/riscv64-openEuler-linux-gnu/../libsoup/soup-status.h /home/abuild/rpmbuild/BUILD/libsoup-2.74.2/riscv64-openEuler-linux-gnu/../libsoup/soup-tld.h /home/abuild/rpmbuild/BUILD/libsoup-2.74.2/riscv64-openEuler-linux-gnu/../libsoup/soup-types.h /home/abuild/rpmbuild/BUILD/libsoup-2.74.2/riscv64-openEuler-linux-gnu/../libsoup/soup-uri.h /home/abuild/rpmbuild/BUILD/libsoup-2.74.2/riscv64-openEuler-linux-gnu/../libsoup/soup-value-utils.h /home/abuild/rpmbuild/BUILD/libsoup-2.74.2/riscv64-openEuler-linux-gnu/../libsoup/soup-websocket.h /home/abuild/rpmbuild/BUILD/libsoup-2.74.2/riscv64-openEuler-linux-gnu/../libsoup/soup-websocket-connection.h /home/abuild/rpmbuild/BUILD/libsoup-2.74.2/riscv64-openEuler-linux-gnu/../libsoup/soup-websocket-extension.h /home/abuild/rpmbuild/BUILD/libsoup-2.74.2/riscv64-openEuler-linux-gnu/../libsoup/soup-websocket-extension-deflate.h /home/abuild/rpmbuild/BUILD/libsoup-2.74.2/riscv64-openEuler-linux-gnu/../libsoup/soup-websocket-extension-manager.h /home/abuild/rpmbuild/BUILD/libsoup-2.74.2/riscv64-openEuler-linux-gnu/../libsoup/soup-xmlrpc.h /home/abuild/rpmbuild/BUILD/libsoup-2.74.2/riscv64-openEuler-linux-gnu/../libsoup/soup-xmlrpc-old.h /home/abuild/rpmbuild/BUILD/libsoup-2.74.2/riscv64-openEuler-linux-gnu/../libsoup/soup.h /home/abuild/rpmbuild/BUILD/libsoup-2.74.2/riscv64-openEuler-linux-gnu/../libsoup/soup-cookie-jar-sqlite.h /home/abuild/rpmbuild/BUILD/libsoup-2.74.2/riscv64-openEuler-linux-gnu/../libsoup/soup-gnome-features.h /home/abuild/rpmbuild/BUILD/libsoup-2.74.2/riscv64-openEuler-linux-gnu/../libsoup/soup-gnome.h
[ 2753s] [11/174] cc -Ilibsoup/libsoup-2.4.so.1.11.2.p -Ilibsoup -I../libsoup -I. -I.. -I/usr/include/sysprof-4 -I/usr/include/glib-2.0 -I/usr/lib64/glib-2.0/include -I/usr/include/libmount -I/usr/include/blkid -I/usr/include/libxml2 -fdiagnostics-color=always -D_FILE_OFFSET_BITS=64 -Wall -Winvalid-pch -std=c99 -D_DEFAULT_SOURCE -DHAVE_CONFIG_H -Wall -Wmissing-include-dirs -Wpointer-arith -Winit-self -Wdeclaration-after-statement -Werror=missing-prototypes -Werror=implicit-function-declaration -Werror=aggregate-return -Werror=format=2 -Wstrict-prototypes -Wno-format-zero-length -DLIBSOUP_HAVE_GSSAPI=1 -DUSE_NTLM_AUTH=1 '-DNTLM_AUTH="/usr/bin/ntlm_auth"' -O2 -g -pipe -Wall -Werror=format-security -Wp,-D_FORTIFY_SOURCE=2 -Wp,-D_GLIBCXX_ASSERTIONS -fstack-protector-strong -grecord-gcc-switches -specs=/usr/lib/rpm/generic-hardened-cc1 -fasynchronous-unwind-tables -fstack-clash-protection -fPIC -pthread '-DG_LOG_DOMAIN="libsoup"' -DLIBSOUP_COMPILATION -fvisibility=hidden -MD -MQ libsoup/libsoup-2.4.so.1.11.2.p/soup-address.c.o -MF libsoup/libsoup-2.4.so.1.11.2.p/soup-address.c.o.d -o libsoup/libsoup-2.4.so.1.11.2.p/soup-address.c.o -c ../libsoup/soup-address.c
[ 2756s] [12/174] cc -Ilibsoup/libsoup-2.4.so.1.11.2.p -Ilibsoup -I../libsoup -I. -I.. -I/usr/include/sysprof-4 -I/usr/include/glib-2.0 -I/usr/lib64/glib-2.0/include -I/usr/include/libmount -I/usr/include/blkid -I/usr/include/libxml2 -fdiagnostics-color=always -D_FILE_OFFSET_BITS=64 -Wall -Winvalid-pch -std=c99 -D_DEFAULT_SOURCE -DHAVE_CONFIG_H -Wall -Wmissing-include-dirs -Wpointer-arith -Winit-self -Wdeclaration-after-statement -Werror=missing-prototypes -Werror=implicit-function-declaration -Werror=aggregate-return -Werror=format=2 -Wstrict-prototypes -Wno-format-zero-length -DLIBSOUP_HAVE_GSSAPI=1 -DUSE_NTLM_AUTH=1 '-DNTLM_AUTH="/usr/bin/ntlm_auth"' -O2 -g -pipe -Wall -Werror=format-security -Wp,-D_FORTIFY_SOURCE=2 -Wp,-D_GLIBCXX_ASSERTIONS -fstack-protector-strong -grecord-gcc-switches -specs=/usr/lib/rpm/generic-hardened-cc1 -fasynchronous-unwind-tables -fstack-clash-protection -fPIC -pthread '-DG_LOG_DOMAIN="libsoup"' -DLIBSOUP_COMPILATION -fvisibility=hidden -MD -MQ libsoup/libsoup-2.4.so.1.11.2.p/soup-auth-domain.c.o -MF libsoup/libsoup-2.4.so.1.11.2.p/soup-auth-domain.c.o.d -o libsoup/libsoup-2.4.so.1.11.2.p/soup-auth-domain.c.o -c ../libsoup/soup-auth-domain.c
[ 2757s] [13/174] cc -Ilibsoup/libsoup-2.4.so.1.11.2.p -Ilibsoup -I../libsoup -I. -I.. -I/usr/include/sysprof-4 -I/usr/include/glib-2.0 -I/usr/lib64/glib-2.0/include -I/usr/include/libmount -I/usr/include/blkid -I/usr/include/libxml2 -fdiagnostics-color=always -D_FILE_OFFSET_BITS=64 -Wall -Winvalid-pch -std=c99 -D_DEFAULT_SOURCE -DHAVE_CONFIG_H -Wall -Wmissing-include-dirs -Wpointer-arith -Winit-self -Wdeclaration-after-statement -Werror=missing-prototypes -Werror=implicit-function-declaration -Werror=aggregate-return -Werror=format=2 -Wstrict-prototypes -Wno-format-zero-length -DLIBSOUP_HAVE_GSSAPI=1 -DUSE_NTLM_AUTH=1 '-DNTLM_AUTH="/usr/bin/ntlm_auth"' -O2 -g -pipe -Wall -Werror=format-security -Wp,-D_FORTIFY_SOURCE=2 -Wp,-D_GLIBCXX_ASSERTIONS -fstack-protector-strong -grecord-gcc-switches -specs=/usr/lib/rpm/generic-hardened-cc1 -fasynchronous-unwind-tables -fstack-clash-protection -fPIC -pthread '-DG_LOG_DOMAIN="libsoup"' -DLIBSOUP_COMPILATION -fvisibility=hidden -MD -MQ libsoup/libsoup-2.4.so.1.11.2.p/soup-auth-domain-basic.c.o -MF libsoup/libsoup-2.4.so.1.11.2.p/soup-auth-domain-basic.c.o.d -o libsoup/libsoup-2.4.so.1.11.2.p/soup-auth-domain-basic.c.o -c ../libsoup/soup-auth-domain-basic.c
[ 2761s] [14/174] cc -Ilibsoup/libsoup-2.4.so.1.11.2.p -Ilibsoup -I../libsoup -I. -I.. -I/usr/include/sysprof-4 -I/usr/include/glib-2.0 -I/usr/lib64/glib-2.0/include -I/usr/include/libmount -I/usr/include/blkid -I/usr/include/libxml2 -fdiagnostics-color=always -D_FILE_OFFSET_BITS=64 -Wall -Winvalid-pch -std=c99 -D_DEFAULT_SOURCE -DHAVE_CONFIG_H -Wall -Wmissing-include-dirs -Wpointer-arith -Winit-self -Wdeclaration-after-statement -Werror=missing-prototypes -Werror=implicit-function-declaration -Werror=aggregate-return -Werror=format=2 -Wstrict-prototypes -Wno-format-zero-length -DLIBSOUP_HAVE_GSSAPI=1 -DUSE_NTLM_AUTH=1 '-DNTLM_AUTH="/usr/bin/ntlm_auth"' -O2 -g -pipe -Wall -Werror=format-security -Wp,-D_FORTIFY_SOURCE=2 -Wp,-D_GLIBCXX_ASSERTIONS -fstack-protector-strong -grecord-gcc-switches -specs=/usr/lib/rpm/generic-hardened-cc1 -fasynchronous-unwind-tables -fstack-clash-protection -fPIC -pthread '-DG_LOG_DOMAIN="libsoup"' -DLIBSOUP_COMPILATION -fvisibility=hidden -MD -MQ libsoup/libsoup-2.4.so.1.11.2.p/soup-auth-domain-digest.c.o -MF libsoup/libsoup-2.4.so.1.11.2.p/soup-auth-domain-digest.c.o.d -o libsoup/libsoup-2.4.so.1.11.2.p/soup-auth-domain-digest.c.o -c ../libsoup/soup-auth-domain-digest.c
[ 2762s] [15/174] cc -Ilibsoup/libsoup-2.4.so.1.11.2.p -Ilibsoup -I../libsoup -I. -I.. -I/usr/include/sysprof-4 -I/usr/include/glib-2.0 -I/usr/lib64/glib-2.0/include -I/usr/include/libmount -I/usr/include/blkid -I/usr/include/libxml2 -fdiagnostics-color=always -D_FILE_OFFSET_BITS=64 -Wall -Winvalid-pch -std=c99 -D_DEFAULT_SOURCE -DHAVE_CONFIG_H -Wall -Wmissing-include-dirs -Wpointer-arith -Winit-self -Wdeclaration-after-statement -Werror=missing-prototypes -Werror=implicit-function-declaration -Werror=aggregate-return -Werror=format=2 -Wstrict-prototypes -Wno-format-zero-length -DLIBSOUP_HAVE_GSSAPI=1 -DUSE_NTLM_AUTH=1 '-DNTLM_AUTH="/usr/bin/ntlm_auth"' -O2 -g -pipe -Wall -Werror=format-security -Wp,-D_FORTIFY_SOURCE=2 -Wp,-D_GLIBCXX_ASSERTIONS -fstack-protector-strong -grecord-gcc-switches -specs=/usr/lib/rpm/generic-hardened-cc1 -fasynchronous-unwind-tables -fstack-clash-protection -fPIC -pthread '-DG_LOG_DOMAIN="libsoup"' -DLIBSOUP_COMPILATION -fvisibility=hidden -MD -MQ libsoup/libsoup-2.4.so.1.11.2.p/soup-body-output-stream.c.o -MF libsoup/libsoup-2.4.so.1.11.2.p/soup-body-output-stream.c.o.d -o libsoup/libsoup-2.4.so.1.11.2.p/soup-body-output-stream.c.o -c ../libsoup/soup-body-output-stream.c
[ 2762s] [16/174] cc -Ilibsoup/libsoup-2.4.so.1.11.2.p -Ilibsoup -I../libsoup -I. -I.. -I/usr/include/sysprof-4 -I/usr/include/glib-2.0 -I/usr/lib64/glib-2.0/include -I/usr/include/libmount -I/usr/include/blkid -I/usr/include/libxml2 -fdiagnostics-color=always -D_FILE_OFFSET_BITS=64 -Wall -Winvalid-pch -std=c99 -D_DEFAULT_SOURCE -DHAVE_CONFIG_H -Wall -Wmissing-include-dirs -Wpointer-arith -Winit-self -Wdeclaration-after-statement -Werror=missing-prototypes -Werror=implicit-function-declaration -Werror=aggregate-return -Werror=format=2 -Wstrict-prototypes -Wno-format-zero-length -DLIBSOUP_HAVE_GSSAPI=1 -DUSE_NTLM_AUTH=1 '-DNTLM_AUTH="/usr/bin/ntlm_auth"' -O2 -g -pipe -Wall -Werror=format-security -Wp,-D_FORTIFY_SOURCE=2 -Wp,-D_GLIBCXX_ASSERTIONS -fstack-protector-strong -grecord-gcc-switches -specs=/usr/lib/rpm/generic-hardened-cc1 -fasynchronous-unwind-tables -fstack-clash-protection -fPIC -pthread '-DG_LOG_DOMAIN="libsoup"' -DLIBSOUP_COMPILATION -fvisibility=hidden -MD -MQ libsoup/libsoup-2.4.so.1.11.2.p/soup-auth-ntlm.c.o -MF libsoup/libsoup-2.4.so.1.11.2.p/soup-auth-ntlm.c.o.d -o libsoup/libsoup-2.4.so.1.11.2.p/soup-auth-ntlm.c.o -c ../libsoup/soup-auth-ntlm.c
[ 2764s] [17/174] cc -Ilibsoup/libsoup-2.4.so.1.11.2.p -Ilibsoup -I../libsoup -I. -I.. -I/usr/include/sysprof-4 -I/usr/include/glib-2.0 -I/usr/lib64/glib-2.0/include -I/usr/include/libmount -I/usr/include/blkid -I/usr/include/libxml2 -fdiagnostics-color=always -D_FILE_OFFSET_BITS=64 -Wall -Winvalid-pch -std=c99 -D_DEFAULT_SOURCE -DHAVE_CONFIG_H -Wall -Wmissing-include-dirs -Wpointer-arith -Winit-self -Wdeclaration-after-statement -Werror=missing-prototypes -Werror=implicit-function-declaration -Werror=aggregate-return -Werror=format=2 -Wstrict-prototypes -Wno-format-zero-length -DLIBSOUP_HAVE_GSSAPI=1 -DUSE_NTLM_AUTH=1 '-DNTLM_AUTH="/usr/bin/ntlm_auth"' -O2 -g -pipe -Wall -Werror=format-security -Wp,-D_FORTIFY_SOURCE=2 -Wp,-D_GLIBCXX_ASSERTIONS -fstack-protector-strong -grecord-gcc-switches -specs=/usr/lib/rpm/generic-hardened-cc1 -fasynchronous-unwind-tables -fstack-clash-protection -fPIC -pthread '-DG_LOG_DOMAIN="libsoup"' -DLIBSOUP_COMPILATION -fvisibility=hidden -MD -MQ libsoup/libsoup-2.4.so.1.11.2.p/soup-auth-manager.c.o -MF libsoup/libsoup-2.4.so.1.11.2.p/soup-auth-manager.c.o.d -o libsoup/libsoup-2.4.so.1.11.2.p/soup-auth-manager.c.o -c ../libsoup/soup-auth-manager.c
[ 2764s] [18/174] cc -Ilibsoup/libsoup-2.4.so.1.11.2.p -Ilibsoup -I../libsoup -I. -I.. -I/usr/include/sysprof-4 -I/usr/include/glib-2.0 -I/usr/lib64/glib-2.0/include -I/usr/include/libmount -I/usr/include/blkid -I/usr/include/libxml2 -fdiagnostics-color=always -D_FILE_OFFSET_BITS=64 -Wall -Winvalid-pch -std=c99 -D_DEFAULT_SOURCE -DHAVE_CONFIG_H -Wall -Wmissing-include-dirs -Wpointer-arith -Winit-self -Wdeclaration-after-statement -Werror=missing-prototypes -Werror=implicit-function-declaration -Werror=aggregate-return -Werror=format=2 -Wstrict-prototypes -Wno-format-zero-length -DLIBSOUP_HAVE_GSSAPI=1 -DUSE_NTLM_AUTH=1 '-DNTLM_AUTH="/usr/bin/ntlm_auth"' -O2 -g -pipe -Wall -Werror=format-security -Wp,-D_FORTIFY_SOURCE=2 -Wp,-D_GLIBCXX_ASSERTIONS -fstack-protector-strong -grecord-gcc-switches -specs=/usr/lib/rpm/generic-hardened-cc1 -fasynchronous-unwind-tables -fstack-clash-protection -fPIC -pthread '-DG_LOG_DOMAIN="libsoup"' -DLIBSOUP_COMPILATION -fvisibility=hidden -MD -MQ libsoup/libsoup-2.4.so.1.11.2.p/meson-generated_.._soup-enum-types.c.o -MF libsoup/libsoup-2.4.so.1.11.2.p/meson-generated_.._soup-enum-types.c.o.d -o libsoup/libsoup-2.4.so.1.11.2.p/meson-generated_.._soup-enum-types.c.o -c libsoup/soup-enum-types.c
[ 2767s] [19/174] cc -Ilibsoup/libsoup-2.4.so.1.11.2.p -Ilibsoup -I../libsoup -I. -I.. -I/usr/include/sysprof-4 -I/usr/include/glib-2.0 -I/usr/lib64/glib-2.0/include -I/usr/include/libmount -I/usr/include/blkid -I/usr/include/libxml2 -fdiagnostics-color=always -D_FILE_OFFSET_BITS=64 -Wall -Winvalid-pch -std=c99 -D_DEFAULT_SOURCE -DHAVE_CONFIG_H -Wall -Wmissing-include-dirs -Wpointer-arith -Winit-self -Wdeclaration-after-statement -Werror=missing-prototypes -Werror=implicit-function-declaration -Werror=aggregate-return -Werror=format=2 -Wstrict-prototypes -Wno-format-zero-length -DLIBSOUP_HAVE_GSSAPI=1 -DUSE_NTLM_AUTH=1 '-DNTLM_AUTH="/usr/bin/ntlm_auth"' -O2 -g -pipe -Wall -Werror=format-security -Wp,-D_FORTIFY_SOURCE=2 -Wp,-D_GLIBCXX_ASSERTIONS -fstack-protector-strong -grecord-gcc-switches -specs=/usr/lib/rpm/generic-hardened-cc1 -fasynchronous-unwind-tables -fstack-clash-protection -fPIC -pthread '-DG_LOG_DOMAIN="libsoup"' -DLIBSOUP_COMPILATION -fvisibility=hidden -MD -MQ libsoup/libsoup-2.4.so.1.11.2.p/soup-body-input-stream.c.o -MF libsoup/libsoup-2.4.so.1.11.2.p/soup-body-input-stream.c.o.d -o libsoup/libsoup-2.4.so.1.11.2.p/soup-body-input-stream.c.o -c ../libsoup/soup-body-input-stream.c
[ 2768s] [20/174] cc -Ilibsoup/libsoup-2.4.so.1.11.2.p -Ilibsoup -I../libsoup -I. -I.. -I/usr/include/sysprof-4 -I/usr/include/glib-2.0 -I/usr/lib64/glib-2.0/include -I/usr/include/libmount -I/usr/include/blkid -I/usr/include/libxml2 -fdiagnostics-color=always -D_FILE_OFFSET_BITS=64 -Wall -Winvalid-pch -std=c99 -D_DEFAULT_SOURCE -DHAVE_CONFIG_H -Wall -Wmissing-include-dirs -Wpointer-arith -Winit-self -Wdeclaration-after-statement -Werror=missing-prototypes -Werror=implicit-function-declaration -Werror=aggregate-return -Werror=format=2 -Wstrict-prototypes -Wno-format-zero-length -DLIBSOUP_HAVE_GSSAPI=1 -DUSE_NTLM_AUTH=1 '-DNTLM_AUTH="/usr/bin/ntlm_auth"' -O2 -g -pipe -Wall -Werror=format-security -Wp,-D_FORTIFY_SOURCE=2 -Wp,-D_GLIBCXX_ASSERTIONS -fstack-protector-strong -grecord-gcc-switches -specs=/usr/lib/rpm/generic-hardened-cc1 -fasynchronous-unwind-tables -fstack-clash-protection -fPIC -pthread '-DG_LOG_DOMAIN="libsoup"' -DLIBSOUP_COMPILATION -fvisibility=hidden -MD -MQ libsoup/libsoup-2.4.so.1.11.2.p/soup-cache-client-input-stream.c.o -MF libsoup/libsoup-2.4.so.1.11.2.p/soup-cache-client-input-stream.c.o.d -o libsoup/libsoup-2.4.so.1.11.2.p/soup-cache-client-input-stream.c.o -c ../libsoup/soup-cache-client-input-stream.c
[ 2773s] [21/174] cc -Ilibsoup/libsoup-2.4.so.1.11.2.p -Ilibsoup -I../libsoup -I. -I.. -I/usr/include/sysprof-4 -I/usr/include/glib-2.0 -I/usr/lib64/glib-2.0/include -I/usr/include/libmount -I/usr/include/blkid -I/usr/include/libxml2 -fdiagnostics-color=always -D_FILE_OFFSET_BITS=64 -Wall -Winvalid-pch -std=c99 -D_DEFAULT_SOURCE -DHAVE_CONFIG_H -Wall -Wmissing-include-dirs -Wpointer-arith -Winit-self -Wdeclaration-after-statement -Werror=missing-prototypes -Werror=implicit-function-declaration -Werror=aggregate-return -Werror=format=2 -Wstrict-prototypes -Wno-format-zero-length -DLIBSOUP_HAVE_GSSAPI=1 -DUSE_NTLM_AUTH=1 '-DNTLM_AUTH="/usr/bin/ntlm_auth"' -O2 -g -pipe -Wall -Werror=format-security -Wp,-D_FORTIFY_SOURCE=2 -Wp,-D_GLIBCXX_ASSERTIONS -fstack-protector-strong -grecord-gcc-switches -specs=/usr/lib/rpm/generic-hardened-cc1 -fasynchronous-unwind-tables -fstack-clash-protection -fPIC -pthread '-DG_LOG_DOMAIN="libsoup"' -DLIBSOUP_COMPILATION -fvisibility=hidden -MD -MQ libsoup/libsoup-2.4.so.1.11.2.p/soup-cache-input-stream.c.o -MF libsoup/libsoup-2.4.so.1.11.2.p/soup-cache-input-stream.c.o.d -o libsoup/libsoup-2.4.so.1.11.2.p/soup-cache-input-stream.c.o -c ../libsoup/soup-cache-input-stream.c
[ 2774s] [22/174] cc -Ilibsoup/libsoup-2.4.so.1.11.2.p -Ilibsoup -I../libsoup -I. -I.. -I/usr/include/sysprof-4 -I/usr/include/glib-2.0 -I/usr/lib64/glib-2.0/include -I/usr/include/libmount -I/usr/include/blkid -I/usr/include/libxml2 -fdiagnostics-color=always -D_FILE_OFFSET_BITS=64 -Wall -Winvalid-pch -std=c99 -D_DEFAULT_SOURCE -DHAVE_CONFIG_H -Wall -Wmissing-include-dirs -Wpointer-arith -Winit-self -Wdeclaration-after-statement -Werror=missing-prototypes -Werror=implicit-function-declaration -Werror=aggregate-return -Werror=format=2 -Wstrict-prototypes -Wno-format-zero-length -DLIBSOUP_HAVE_GSSAPI=1 -DUSE_NTLM_AUTH=1 '-DNTLM_AUTH="/usr/bin/ntlm_auth"' -O2 -g -pipe -Wall -Werror=format-security -Wp,-D_FORTIFY_SOURCE=2 -Wp,-D_GLIBCXX_ASSERTIONS -fstack-protector-strong -grecord-gcc-switches -specs=/usr/lib/rpm/generic-hardened-cc1 -fasynchronous-unwind-tables -fstack-clash-protection -fPIC -pthread '-DG_LOG_DOMAIN="libsoup"' -DLIBSOUP_COMPILATION -fvisibility=hidden -MD -MQ libsoup/libsoup-2.4.so.1.11.2.p/soup-client-input-stream.c.o -MF libsoup/libsoup-2.4.so.1.11.2.p/soup-client-input-stream.c.o.d -o libsoup/libsoup-2.4.so.1.11.2.p/soup-client-input-stream.c.o -c ../libsoup/soup-client-input-stream.c
[ 2777s] [23/174] cc -Ilibsoup/libsoup-2.4.so.1.11.2.p -Ilibsoup -I../libsoup -I. -I.. -I/usr/include/sysprof-4 -I/usr/include/glib-2.0 -I/usr/lib64/glib-2.0/include -I/usr/include/libmount -I/usr/include/blkid -I/usr/include/libxml2 -fdiagnostics-color=always -D_FILE_OFFSET_BITS=64 -Wall -Winvalid-pch -std=c99 -D_DEFAULT_SOURCE -DHAVE_CONFIG_H -Wall -Wmissing-include-dirs -Wpointer-arith -Winit-self -Wdeclaration-after-statement -Werror=missing-prototypes -Werror=implicit-function-declaration -Werror=aggregate-return -Werror=format=2 -Wstrict-prototypes -Wno-format-zero-length -DLIBSOUP_HAVE_GSSAPI=1 -DUSE_NTLM_AUTH=1 '-DNTLM_AUTH="/usr/bin/ntlm_auth"' -O2 -g -pipe -Wall -Werror=format-security -Wp,-D_FORTIFY_SOURCE=2 -Wp,-D_GLIBCXX_ASSERTIONS -fstack-protector-strong -grecord-gcc-switches -specs=/usr/lib/rpm/generic-hardened-cc1 -fasynchronous-unwind-tables -fstack-clash-protection -fPIC -pthread '-DG_LOG_DOMAIN="libsoup"' -DLIBSOUP_COMPILATION -fvisibility=hidden -MD -MQ libsoup/libsoup-2.4.so.1.11.2.p/soup-connection-auth.c.o -MF libsoup/libsoup-2.4.so.1.11.2.p/soup-connection-auth.c.o.d -o libsoup/libsoup-2.4.so.1.11.2.p/soup-connection-auth.c.o -c ../libsoup/soup-connection-auth.c
[ 2778s] [24/174] cc -Ilibsoup/libsoup-2.4.so.1.11.2.p -Ilibsoup -I../libsoup -I. -I.. -I/usr/include/sysprof-4 -I/usr/include/glib-2.0 -I/usr/lib64/glib-2.0/include -I/usr/include/libmount -I/usr/include/blkid -I/usr/include/libxml2 -fdiagnostics-color=always -D_FILE_OFFSET_BITS=64 -Wall -Winvalid-pch -std=c99 -D_DEFAULT_SOURCE -DHAVE_CONFIG_H -Wall -Wmissing-include-dirs -Wpointer-arith -Winit-self -Wdeclaration-after-statement -Werror=missing-prototypes -Werror=implicit-function-declaration -Werror=aggregate-return -Werror=format=2 -Wstrict-prototypes -Wno-format-zero-length -DLIBSOUP_HAVE_GSSAPI=1 -DUSE_NTLM_AUTH=1 '-DNTLM_AUTH="/usr/bin/ntlm_auth"' -O2 -g -pipe -Wall -Werror=format-security -Wp,-D_FORTIFY_SOURCE=2 -Wp,-D_GLIBCXX_ASSERTIONS -fstack-protector-strong -grecord-gcc-switches -specs=/usr/lib/rpm/generic-hardened-cc1 -fasynchronous-unwind-tables -fstack-clash-protection -fPIC -pthread '-DG_LOG_DOMAIN="libsoup"' -DLIBSOUP_COMPILATION -fvisibility=hidden -MD -MQ libsoup/libsoup-2.4.so.1.11.2.p/soup-content-decoder.c.o -MF libsoup/libsoup-2.4.so.1.11.2.p/soup-content-decoder.c.o.d -o libsoup/libsoup-2.4.so.1.11.2.p/soup-content-decoder.c.o -c ../libsoup/soup-content-decoder.c
[ 2778s] [25/174] cc -Ilibsoup/libsoup-2.4.so.1.11.2.p -Ilibsoup -I../libsoup -I. -I.. -I/usr/include/sysprof-4 -I/usr/include/glib-2.0 -I/usr/lib64/glib-2.0/include -I/usr/include/libmount -I/usr/include/blkid -I/usr/include/libxml2 -fdiagnostics-color=always -D_FILE_OFFSET_BITS=64 -Wall -Winvalid-pch -std=c99 -D_DEFAULT_SOURCE -DHAVE_CONFIG_H -Wall -Wmissing-include-dirs -Wpointer-arith -Winit-self -Wdeclaration-after-statement -Werror=missing-prototypes -Werror=implicit-function-declaration -Werror=aggregate-return -Werror=format=2 -Wstrict-prototypes -Wno-format-zero-length -DLIBSOUP_HAVE_GSSAPI=1 -DUSE_NTLM_AUTH=1 '-DNTLM_AUTH="/usr/bin/ntlm_auth"' -O2 -g -pipe -Wall -Werror=format-security -Wp,-D_FORTIFY_SOURCE=2 -Wp,-D_GLIBCXX_ASSERTIONS -fstack-protector-strong -grecord-gcc-switches -specs=/usr/lib/rpm/generic-hardened-cc1 -fasynchronous-unwind-tables -fstack-clash-protection -fPIC -pthread '-DG_LOG_DOMAIN="libsoup"' -DLIBSOUP_COMPILATION -fvisibility=hidden -MD -MQ libsoup/libsoup-2.4.so.1.11.2.p/soup-content-processor.c.o -MF libsoup/libsoup-2.4.so.1.11.2.p/soup-content-processor.c.o.d -o libsoup/libsoup-2.4.so.1.11.2.p/soup-content-processor.c.o -c ../libsoup/soup-content-processor.c
[ 2780s] [26/174] cc -Ilibsoup/libsoup-2.4.so.1.11.2.p -Ilibsoup -I../libsoup -I. -I.. -I/usr/include/sysprof-4 -I/usr/include/glib-2.0 -I/usr/lib64/glib-2.0/include -I/usr/include/libmount -I/usr/include/blkid -I/usr/include/libxml2 -fdiagnostics-color=always -D_FILE_OFFSET_BITS=64 -Wall -Winvalid-pch -std=c99 -D_DEFAULT_SOURCE -DHAVE_CONFIG_H -Wall -Wmissing-include-dirs -Wpointer-arith -Winit-self -Wdeclaration-after-statement -Werror=missing-prototypes -Werror=implicit-function-declaration -Werror=aggregate-return -Werror=format=2 -Wstrict-prototypes -Wno-format-zero-length -DLIBSOUP_HAVE_GSSAPI=1 -DUSE_NTLM_AUTH=1 '-DNTLM_AUTH="/usr/bin/ntlm_auth"' -O2 -g -pipe -Wall -Werror=format-security -Wp,-D_FORTIFY_SOURCE=2 -Wp,-D_GLIBCXX_ASSERTIONS -fstack-protector-strong -grecord-gcc-switches -specs=/usr/lib/rpm/generic-hardened-cc1 -fasynchronous-unwind-tables -fstack-clash-protection -fPIC -pthread '-DG_LOG_DOMAIN="libsoup"' -DLIBSOUP_COMPILATION -fvisibility=hidden -MD -MQ libsoup/libsoup-2.4.so.1.11.2.p/soup-connection.c.o -MF libsoup/libsoup-2.4.so.1.11.2.p/soup-connection.c.o.d -o libsoup/libsoup-2.4.so.1.11.2.p/soup-connection.c.o -c ../libsoup/soup-connection.c
[ 2781s] [27/174] cc -Ilibsoup/libsoup-2.4.so.1.11.2.p -Ilibsoup -I../libsoup -I. -I.. -I/usr/include/sysprof-4 -I/usr/include/glib-2.0 -I/usr/lib64/glib-2.0/include -I/usr/include/libmount -I/usr/include/blkid -I/usr/include/libxml2 -fdiagnostics-color=always -D_FILE_OFFSET_BITS=64 -Wall -Winvalid-pch -std=c99 -D_DEFAULT_SOURCE -DHAVE_CONFIG_H -Wall -Wmissing-include-dirs -Wpointer-arith -Winit-self -Wdeclaration-after-statement -Werror=missing-prototypes -Werror=implicit-function-declaration -Werror=aggregate-return -Werror=format=2 -Wstrict-prototypes -Wno-format-zero-length -DLIBSOUP_HAVE_GSSAPI=1 -DUSE_NTLM_AUTH=1 '-DNTLM_AUTH="/usr/bin/ntlm_auth"' -O2 -g -pipe -Wall -Werror=format-security -Wp,-D_FORTIFY_SOURCE=2 -Wp,-D_GLIBCXX_ASSERTIONS -fstack-protector-strong -grecord-gcc-switches -specs=/usr/lib/rpm/generic-hardened-cc1 -fasynchronous-unwind-tables -fstack-clash-protection -fPIC -pthread '-DG_LOG_DOMAIN="libsoup"' -DLIBSOUP_COMPILATION -fvisibility=hidden -MD -MQ libsoup/libsoup-2.4.so.1.11.2.p/soup-cache.c.o -MF libsoup/libsoup-2.4.so.1.11.2.p/soup-cache.c.o.d -o libsoup/libsoup-2.4.so.1.11.2.p/soup-cache.c.o -c ../libsoup/soup-cache.c
[ 2785s] [28/174] cc -Ilibsoup/libsoup-2.4.so.1.11.2.p -Ilibsoup -I../libsoup -I. -I.. -I/usr/include/sysprof-4 -I/usr/include/glib-2.0 -I/usr/lib64/glib-2.0/include -I/usr/include/libmount -I/usr/include/blkid -I/usr/include/libxml2 -fdiagnostics-color=always -D_FILE_OFFSET_BITS=64 -Wall -Winvalid-pch -std=c99 -D_DEFAULT_SOURCE -DHAVE_CONFIG_H -Wall -Wmissing-include-dirs -Wpointer-arith -Winit-self -Wdeclaration-after-statement -Werror=missing-prototypes -Werror=implicit-function-declaration -Werror=aggregate-return -Werror=format=2 -Wstrict-prototypes -Wno-format-zero-length -DLIBSOUP_HAVE_GSSAPI=1 -DUSE_NTLM_AUTH=1 '-DNTLM_AUTH="/usr/bin/ntlm_auth"' -O2 -g -pipe -Wall -Werror=format-security -Wp,-D_FORTIFY_SOURCE=2 -Wp,-D_GLIBCXX_ASSERTIONS -fstack-protector-strong -grecord-gcc-switches -specs=/usr/lib/rpm/generic-hardened-cc1 -fasynchronous-unwind-tables -fstack-clash-protection -fPIC -pthread '-DG_LOG_DOMAIN="libsoup"' -DLIBSOUP_COMPILATION -fvisibility=hidden -MD -MQ libsoup/libsoup-2.4.so.1.11.2.p/soup-content-sniffer.c.o -MF libsoup/libsoup-2.4.so.1.11.2.p/soup-content-sniffer.c.o.d -o libsoup/libsoup-2.4.so.1.11.2.p/soup-content-sniffer.c.o -c ../libsoup/soup-content-sniffer.c
[ 2787s] [29/174] cc -Ilibsoup/libsoup-2.4.so.1.11.2.p -Ilibsoup -I../libsoup -I. -I.. -I/usr/include/sysprof-4 -I/usr/include/glib-2.0 -I/usr/lib64/glib-2.0/include -I/usr/include/libmount -I/usr/include/blkid -I/usr/include/libxml2 -fdiagnostics-color=always -D_FILE_OFFSET_BITS=64 -Wall -Winvalid-pch -std=c99 -D_DEFAULT_SOURCE -DHAVE_CONFIG_H -Wall -Wmissing-include-dirs -Wpointer-arith -Winit-self -Wdeclaration-after-statement -Werror=missing-prototypes -Werror=implicit-function-declaration -Werror=aggregate-return -Werror=format=2 -Wstrict-prototypes -Wno-format-zero-length -DLIBSOUP_HAVE_GSSAPI=1 -DUSE_NTLM_AUTH=1 '-DNTLM_AUTH="/usr/bin/ntlm_auth"' -O2 -g -pipe -Wall -Werror=format-security -Wp,-D_FORTIFY_SOURCE=2 -Wp,-D_GLIBCXX_ASSERTIONS -fstack-protector-strong -grecord-gcc-switches -specs=/usr/lib/rpm/generic-hardened-cc1 -fasynchronous-unwind-tables -fstack-clash-protection -fPIC -pthread '-DG_LOG_DOMAIN="libsoup"' -DLIBSOUP_COMPILATION -fvisibility=hidden -MD -MQ libsoup/libsoup-2.4.so.1.11.2.p/soup-converter-wrapper.c.o -MF libsoup/libsoup-2.4.so.1.11.2.p/soup-converter-wrapper.c.o.d -o libsoup/libsoup-2.4.so.1.11.2.p/soup-converter-wrapper.c.o -c ../libsoup/soup-converter-wrapper.c
[ 2787s] [30/174] cc -Ilibsoup/libsoup-2.4.so.1.11.2.p -Ilibsoup -I../libsoup -I. -I.. -I/usr/include/sysprof-4 -I/usr/include/glib-2.0 -I/usr/lib64/glib-2.0/include -I/usr/include/libmount -I/usr/include/blkid -I/usr/include/libxml2 -fdiagnostics-color=always -D_FILE_OFFSET_BITS=64 -Wall -Winvalid-pch -std=c99 -D_DEFAULT_SOURCE -DHAVE_CONFIG_H -Wall -Wmissing-include-dirs -Wpointer-arith -Winit-self -Wdeclaration-after-statement -Werror=missing-prototypes -Werror=implicit-function-declaration -Werror=aggregate-return -Werror=format=2 -Wstrict-prototypes -Wno-format-zero-length -DLIBSOUP_HAVE_GSSAPI=1 -DUSE_NTLM_AUTH=1 '-DNTLM_AUTH="/usr/bin/ntlm_auth"' -O2 -g -pipe -Wall -Werror=format-security -Wp,-D_FORTIFY_SOURCE=2 -Wp,-D_GLIBCXX_ASSERTIONS -fstack-protector-strong -grecord-gcc-switches -specs=/usr/lib/rpm/generic-hardened-cc1 -fasynchronous-unwind-tables -fstack-clash-protection -fPIC -pthread '-DG_LOG_DOMAIN="libsoup"' -DLIBSOUP_COMPILATION -fvisibility=hidden -MD -MQ libsoup/libsoup-2.4.so.1.11.2.p/soup-content-sniffer-stream.c.o -MF libsoup/libsoup-2.4.so.1.11.2.p/soup-content-sniffer-stream.c.o.d -o libsoup/libsoup-2.4.so.1.11.2.p/soup-content-sniffer-stream.c.o -c ../libsoup/soup-content-sniffer-stream.c
[ 2790s] [31/174] cc -Ilibsoup/libsoup-2.4.so.1.11.2.p -Ilibsoup -I../libsoup -I. -I.. -I/usr/include/sysprof-4 -I/usr/include/glib-2.0 -I/usr/lib64/glib-2.0/include -I/usr/include/libmount -I/usr/include/blkid -I/usr/include/libxml2 -fdiagnostics-color=always -D_FILE_OFFSET_BITS=64 -Wall -Winvalid-pch -std=c99 -D_DEFAULT_SOURCE -DHAVE_CONFIG_H -Wall -Wmissing-include-dirs -Wpointer-arith -Winit-self -Wdeclaration-after-statement -Werror=missing-prototypes -Werror=implicit-function-declaration -Werror=aggregate-return -Werror=format=2 -Wstrict-prototypes -Wno-format-zero-length -DLIBSOUP_HAVE_GSSAPI=1 -DUSE_NTLM_AUTH=1 '-DNTLM_AUTH="/usr/bin/ntlm_auth"' -O2 -g -pipe -Wall -Werror=format-security -Wp,-D_FORTIFY_SOURCE=2 -Wp,-D_GLIBCXX_ASSERTIONS -fstack-protector-strong -grecord-gcc-switches -specs=/usr/lib/rpm/generic-hardened-cc1 -fasynchronous-unwind-tables -fstack-clash-protection -fPIC -pthread '-DG_LOG_DOMAIN="libsoup"' -DLIBSOUP_COMPILATION -fvisibility=hidden -MD -MQ libsoup/libsoup-2.4.so.1.11.2.p/soup-cookie-jar-db.c.o -MF libsoup/libsoup-2.4.so.1.11.2.p/soup-cookie-jar-db.c.o.d -o libsoup/libsoup-2.4.so.1.11.2.p/soup-cookie-jar-db.c.o -c ../libsoup/soup-cookie-jar-db.c
[ 2791s] [32/174] cc -Ilibsoup/libsoup-2.4.so.1.11.2.p -Ilibsoup -I../libsoup -I. -I.. -I/usr/include/sysprof-4 -I/usr/include/glib-2.0 -I/usr/lib64/glib-2.0/include -I/usr/include/libmount -I/usr/include/blkid -I/usr/include/libxml2 -fdiagnostics-color=always -D_FILE_OFFSET_BITS=64 -Wall -Winvalid-pch -std=c99 -D_DEFAULT_SOURCE -DHAVE_CONFIG_H -Wall -Wmissing-include-dirs -Wpointer-arith -Winit-self -Wdeclaration-after-statement -Werror=missing-prototypes -Werror=implicit-function-declaration -Werror=aggregate-return -Werror=format=2 -Wstrict-prototypes -Wno-format-zero-length -DLIBSOUP_HAVE_GSSAPI=1 -DUSE_NTLM_AUTH=1 '-DNTLM_AUTH="/usr/bin/ntlm_auth"' -O2 -g -pipe -Wall -Werror=format-security -Wp,-D_FORTIFY_SOURCE=2 -Wp,-D_GLIBCXX_ASSERTIONS -fstack-protector-strong -grecord-gcc-switches -specs=/usr/lib/rpm/generic-hardened-cc1 -fasynchronous-unwind-tables -fstack-clash-protection -fPIC -pthread '-DG_LOG_DOMAIN="libsoup"' -DLIBSOUP_COMPILATION -fvisibility=hidden -MD -MQ libsoup/libsoup-2.4.so.1.11.2.p/soup-cookie-jar-text.c.o -MF libsoup/libsoup-2.4.so.1.11.2.p/soup-cookie-jar-text.c.o.d -o libsoup/libsoup-2.4.so.1.11.2.p/soup-cookie-jar-text.c.o -c ../libsoup/soup-cookie-jar-text.c
[ 2793s] [33/174] cc -Ilibsoup/libsoup-2.4.so.1.11.2.p -Ilibsoup -I../libsoup -I. -I.. -I/usr/include/sysprof-4 -I/usr/include/glib-2.0 -I/usr/lib64/glib-2.0/include -I/usr/include/libmount -I/usr/include/blkid -I/usr/include/libxml2 -fdiagnostics-color=always -D_FILE_OFFSET_BITS=64 -Wall -Winvalid-pch -std=c99 -D_DEFAULT_SOURCE -DHAVE_CONFIG_H -Wall -Wmissing-include-dirs -Wpointer-arith -Winit-self -Wdeclaration-after-statement -Werror=missing-prototypes -Werror=implicit-function-declaration -Werror=aggregate-return -Werror=format=2 -Wstrict-prototypes -Wno-format-zero-length -DLIBSOUP_HAVE_GSSAPI=1 -DUSE_NTLM_AUTH=1 '-DNTLM_AUTH="/usr/bin/ntlm_auth"' -O2 -g -pipe -Wall -Werror=format-security -Wp,-D_FORTIFY_SOURCE=2 -Wp,-D_GLIBCXX_ASSERTIONS -fstack-protector-strong -grecord-gcc-switches -specs=/usr/lib/rpm/generic-hardened-cc1 -fasynchronous-unwind-tables -fstack-clash-protection -fPIC -pthread '-DG_LOG_DOMAIN="libsoup"' -DLIBSOUP_COMPILATION -fvisibility=hidden -MD -MQ libsoup/libsoup-2.4.so.1.11.2.p/soup-cookie-jar.c.o -MF libsoup/libsoup-2.4.so.1.11.2.p/soup-cookie-jar.c.o.d -o libsoup/libsoup-2.4.so.1.11.2.p/soup-cookie-jar.c.o -c ../libsoup/soup-cookie-jar.c
[ 2794s] [34/174] cc -Ilibsoup/libsoup-2.4.so.1.11.2.p -Ilibsoup -I../libsoup -I. -I.. -I/usr/include/sysprof-4 -I/usr/include/glib-2.0 -I/usr/lib64/glib-2.0/include -I/usr/include/libmount -I/usr/include/blkid -I/usr/include/libxml2 -fdiagnostics-color=always -D_FILE_OFFSET_BITS=64 -Wall -Winvalid-pch -std=c99 -D_DEFAULT_SOURCE -DHAVE_CONFIG_H -Wall -Wmissing-include-dirs -Wpointer-arith -Winit-self -Wdeclaration-after-statement -Werror=missing-prototypes -Werror=implicit-function-declaration -Werror=aggregate-return -Werror=format=2 -Wstrict-prototypes -Wno-format-zero-length -DLIBSOUP_HAVE_GSSAPI=1 -DUSE_NTLM_AUTH=1 '-DNTLM_AUTH="/usr/bin/ntlm_auth"' -O2 -g -pipe -Wall -Werror=format-security -Wp,-D_FORTIFY_SOURCE=2 -Wp,-D_GLIBCXX_ASSERTIONS -fstack-protector-strong -grecord-gcc-switches -specs=/usr/lib/rpm/generic-hardened-cc1 -fasynchronous-unwind-tables -fstack-clash-protection -fPIC -pthread '-DG_LOG_DOMAIN="libsoup"' -DLIBSOUP_COMPILATION -fvisibility=hidden -MD -MQ libsoup/libsoup-2.4.so.1.11.2.p/soup-cookie.c.o -MF libsoup/libsoup-2.4.so.1.11.2.p/soup-cookie.c.o.d -o libsoup/libsoup-2.4.so.1.11.2.p/soup-cookie.c.o -c ../libsoup/soup-cookie.c
[ 2796s] [35/174] cc -Ilibsoup/libsoup-2.4.so.1.11.2.p -Ilibsoup -I../libsoup -I. -I.. -I/usr/include/sysprof-4 -I/usr/include/glib-2.0 -I/usr/lib64/glib-2.0/include -I/usr/include/libmount -I/usr/include/blkid -I/usr/include/libxml2 -fdiagnostics-color=always -D_FILE_OFFSET_BITS=64 -Wall -Winvalid-pch -std=c99 -D_DEFAULT_SOURCE -DHAVE_CONFIG_H -Wall -Wmissing-include-dirs -Wpointer-arith -Winit-self -Wdeclaration-after-statement -Werror=missing-prototypes -Werror=implicit-function-declaration -Werror=aggregate-return -Werror=format=2 -Wstrict-prototypes -Wno-format-zero-length -DLIBSOUP_HAVE_GSSAPI=1 -DUSE_NTLM_AUTH=1 '-DNTLM_AUTH="/usr/bin/ntlm_auth"' -O2 -g -pipe -Wall -Werror=format-security -Wp,-D_FORTIFY_SOURCE=2 -Wp,-D_GLIBCXX_ASSERTIONS -fstack-protector-strong -grecord-gcc-switches -specs=/usr/lib/rpm/generic-hardened-cc1 -fasynchronous-unwind-tables -fstack-clash-protection -fPIC -pthread '-DG_LOG_DOMAIN="libsoup"' -DLIBSOUP_COMPILATION -fvisibility=hidden -MD -MQ libsoup/libsoup-2.4.so.1.11.2.p/soup-directory-input-stream.c.o -MF libsoup/libsoup-2.4.so.1.11.2.p/soup-directory-input-stream.c.o.d -o libsoup/libsoup-2.4.so.1.11.2.p/soup-directory-input-stream.c.o -c ../libsoup/soup-directory-input-stream.c
[ 2796s] [36/174] cc -Ilibsoup/libsoup-2.4.so.1.11.2.p -Ilibsoup -I../libsoup -I. -I.. -I/usr/include/sysprof-4 -I/usr/include/glib-2.0 -I/usr/lib64/glib-2.0/include -I/usr/include/libmount -I/usr/include/blkid -I/usr/include/libxml2 -fdiagnostics-color=always -D_FILE_OFFSET_BITS=64 -Wall -Winvalid-pch -std=c99 -D_DEFAULT_SOURCE -DHAVE_CONFIG_H -Wall -Wmissing-include-dirs -Wpointer-arith -Winit-self -Wdeclaration-after-statement -Werror=missing-prototypes -Werror=implicit-function-declaration -Werror=aggregate-return -Werror=format=2 -Wstrict-prototypes -Wno-format-zero-length -DLIBSOUP_HAVE_GSSAPI=1 -DUSE_NTLM_AUTH=1 '-DNTLM_AUTH="/usr/bin/ntlm_auth"' -O2 -g -pipe -Wall -Werror=format-security -Wp,-D_FORTIFY_SOURCE=2 -Wp,-D_GLIBCXX_ASSERTIONS -fstack-protector-strong -grecord-gcc-switches -specs=/usr/lib/rpm/generic-hardened-cc1 -fasynchronous-unwind-tables -fstack-clash-protection -fPIC -pthread '-DG_LOG_DOMAIN="libsoup"' -DLIBSOUP_COMPILATION -fvisibility=hidden -MD -MQ libsoup/libsoup-2.4.so.1.11.2.p/soup-date.c.o -MF libsoup/libsoup-2.4.so.1.11.2.p/soup-date.c.o.d -o libsoup/libsoup-2.4.so.1.11.2.p/soup-date.c.o -c ../libsoup/soup-date.c
[ 2799s] [37/174] cc -Ilibsoup/libsoup-2.4.so.1.11.2.p -Ilibsoup -I../libsoup -I. -I.. -I/usr/include/sysprof-4 -I/usr/include/glib-2.0 -I/usr/lib64/glib-2.0/include -I/usr/include/libmount -I/usr/include/blkid -I/usr/include/libxml2 -fdiagnostics-color=always -D_FILE_OFFSET_BITS=64 -Wall -Winvalid-pch -std=c99 -D_DEFAULT_SOURCE -DHAVE_CONFIG_H -Wall -Wmissing-include-dirs -Wpointer-arith -Winit-self -Wdeclaration-after-statement -Werror=missing-prototypes -Werror=implicit-function-declaration -Werror=aggregate-return -Werror=format=2 -Wstrict-prototypes -Wno-format-zero-length -DLIBSOUP_HAVE_GSSAPI=1 -DUSE_NTLM_AUTH=1 '-DNTLM_AUTH="/usr/bin/ntlm_auth"' -O2 -g -pipe -Wall -Werror=format-security -Wp,-D_FORTIFY_SOURCE=2 -Wp,-D_GLIBCXX_ASSERTIONS -fstack-protector-strong -grecord-gcc-switches -specs=/usr/lib/rpm/generic-hardened-cc1 -fasynchronous-unwind-tables -fstack-clash-protection -fPIC -pthread '-DG_LOG_DOMAIN="libsoup"' -DLIBSOUP_COMPILATION -fvisibility=hidden -MD -MQ libsoup/libsoup-2.4.so.1.11.2.p/soup-filter-input-stream.c.o -MF libsoup/libsoup-2.4.so.1.11.2.p/soup-filter-input-stream.c.o.d -o libsoup/libsoup-2.4.so.1.11.2.p/soup-filter-input-stream.c.o -c ../libsoup/soup-filter-input-stream.c
[ 2800s] [38/174] cc -Ilibsoup/libsoup-2.4.so.1.11.2.p -Ilibsoup -I../libsoup -I. -I.. -I/usr/include/sysprof-4 -I/usr/include/glib-2.0 -I/usr/lib64/glib-2.0/include -I/usr/include/libmount -I/usr/include/blkid -I/usr/include/libxml2 -fdiagnostics-color=always -D_FILE_OFFSET_BITS=64 -Wall -Winvalid-pch -std=c99 -D_DEFAULT_SOURCE -DHAVE_CONFIG_H -Wall -Wmissing-include-dirs -Wpointer-arith -Winit-self -Wdeclaration-after-statement -Werror=missing-prototypes -Werror=implicit-function-declaration -Werror=aggregate-return -Werror=format=2 -Wstrict-prototypes -Wno-format-zero-length -DLIBSOUP_HAVE_GSSAPI=1 -DUSE_NTLM_AUTH=1 '-DNTLM_AUTH="/usr/bin/ntlm_auth"' -O2 -g -pipe -Wall -Werror=format-security -Wp,-D_FORTIFY_SOURCE=2 -Wp,-D_GLIBCXX_ASSERTIONS -fstack-protector-strong -grecord-gcc-switches -specs=/usr/lib/rpm/generic-hardened-cc1 -fasynchronous-unwind-tables -fstack-clash-protection -fPIC -pthread '-DG_LOG_DOMAIN="libsoup"' -DLIBSOUP_COMPILATION -fvisibility=hidden -MD -MQ libsoup/libsoup-2.4.so.1.11.2.p/soup-form.c.o -MF libsoup/libsoup-2.4.so.1.11.2.p/soup-form.c.o.d -o libsoup/libsoup-2.4.so.1.11.2.p/soup-form.c.o -c ../libsoup/soup-form.c
[ 2801s] [39/174] cc -Ilibsoup/libsoup-2.4.so.1.11.2.p -Ilibsoup -I../libsoup -I. -I.. -I/usr/include/sysprof-4 -I/usr/include/glib-2.0 -I/usr/lib64/glib-2.0/include -I/usr/include/libmount -I/usr/include/blkid -I/usr/include/libxml2 -fdiagnostics-color=always -D_FILE_OFFSET_BITS=64 -Wall -Winvalid-pch -std=c99 -D_DEFAULT_SOURCE -DHAVE_CONFIG_H -Wall -Wmissing-include-dirs -Wpointer-arith -Winit-self -Wdeclaration-after-statement -Werror=missing-prototypes -Werror=implicit-function-declaration -Werror=aggregate-return -Werror=format=2 -Wstrict-prototypes -Wno-format-zero-length -DLIBSOUP_HAVE_GSSAPI=1 -DUSE_NTLM_AUTH=1 '-DNTLM_AUTH="/usr/bin/ntlm_auth"' -O2 -g -pipe -Wall -Werror=format-security -Wp,-D_FORTIFY_SOURCE=2 -Wp,-D_GLIBCXX_ASSERTIONS -fstack-protector-strong -grecord-gcc-switches -specs=/usr/lib/rpm/generic-hardened-cc1 -fasynchronous-unwind-tables -fstack-clash-protection -fPIC -pthread '-DG_LOG_DOMAIN="libsoup"' -DLIBSOUP_COMPILATION -fvisibility=hidden -MD -MQ libsoup/libsoup-2.4.so.1.11.2.p/soup-init.c.o -MF libsoup/libsoup-2.4.so.1.11.2.p/soup-init.c.o.d -o libsoup/libsoup-2.4.so.1.11.2.p/soup-init.c.o -c ../libsoup/soup-init.c
[ 2806s] [40/174] cc -Ilibsoup/libsoup-2.4.so.1.11.2.p -Ilibsoup -I../libsoup -I. -I.. -I/usr/include/sysprof-4 -I/usr/include/glib-2.0 -I/usr/lib64/glib-2.0/include -I/usr/include/libmount -I/usr/include/blkid -I/usr/include/libxml2 -fdiagnostics-color=always -D_FILE_OFFSET_BITS=64 -Wall -Winvalid-pch -std=c99 -D_DEFAULT_SOURCE -DHAVE_CONFIG_H -Wall -Wmissing-include-dirs -Wpointer-arith -Winit-self -Wdeclaration-after-statement -Werror=missing-prototypes -Werror=implicit-function-declaration -Werror=aggregate-return -Werror=format=2 -Wstrict-prototypes -Wno-format-zero-length -DLIBSOUP_HAVE_GSSAPI=1 -DUSE_NTLM_AUTH=1 '-DNTLM_AUTH="/usr/bin/ntlm_auth"' -O2 -g -pipe -Wall -Werror=format-security -Wp,-D_FORTIFY_SOURCE=2 -Wp,-D_GLIBCXX_ASSERTIONS -fstack-protector-strong -grecord-gcc-switches -specs=/usr/lib/rpm/generic-hardened-cc1 -fasynchronous-unwind-tables -fstack-clash-protection -fPIC -pthread '-DG_LOG_DOMAIN="libsoup"' -DLIBSOUP_COMPILATION -fvisibility=hidden -MD -MQ libsoup/libsoup-2.4.so.1.11.2.p/soup-hsts-enforcer-db.c.o -MF libsoup/libsoup-2.4.so.1.11.2.p/soup-hsts-enforcer-db.c.o.d -o libsoup/libsoup-2.4.so.1.11.2.p/soup-hsts-enforcer-db.c.o -c ../libsoup/soup-hsts-enforcer-db.c
[ 2807s] [41/174] cc -Ilibsoup/libsoup-2.4.so.1.11.2.p -Ilibsoup -I../libsoup -I. -I.. -I/usr/include/sysprof-4 -I/usr/include/glib-2.0 -I/usr/lib64/glib-2.0/include -I/usr/include/libmount -I/usr/include/blkid -I/usr/include/libxml2 -fdiagnostics-color=always -D_FILE_OFFSET_BITS=64 -Wall -Winvalid-pch -std=c99 -D_DEFAULT_SOURCE -DHAVE_CONFIG_H -Wall -Wmissing-include-dirs -Wpointer-arith -Winit-self -Wdeclaration-after-statement -Werror=missing-prototypes -Werror=implicit-function-declaration -Werror=aggregate-return -Werror=format=2 -Wstrict-prototypes -Wno-format-zero-length -DLIBSOUP_HAVE_GSSAPI=1 -DUSE_NTLM_AUTH=1 '-DNTLM_AUTH="/usr/bin/ntlm_auth"' -O2 -g -pipe -Wall -Werror=format-security -Wp,-D_FORTIFY_SOURCE=2 -Wp,-D_GLIBCXX_ASSERTIONS -fstack-protector-strong -grecord-gcc-switches -specs=/usr/lib/rpm/generic-hardened-cc1 -fasynchronous-unwind-tables -fstack-clash-protection -fPIC -pthread '-DG_LOG_DOMAIN="libsoup"' -DLIBSOUP_COMPILATION -fvisibility=hidden -MD -MQ libsoup/libsoup-2.4.so.1.11.2.p/soup-hsts-policy.c.o -MF libsoup/libsoup-2.4.so.1.11.2.p/soup-hsts-policy.c.o.d -o libsoup/libsoup-2.4.so.1.11.2.p/soup-hsts-policy.c.o -c ../libsoup/soup-hsts-policy.c
[ 2807s] [42/174] cc -Ilibsoup/libsoup-2.4.so.1.11.2.p -Ilibsoup -I../libsoup -I. -I.. -I/usr/include/sysprof-4 -I/usr/include/glib-2.0 -I/usr/lib64/glib-2.0/include -I/usr/include/libmount -I/usr/include/blkid -I/usr/include/libxml2 -fdiagnostics-color=always -D_FILE_OFFSET_BITS=64 -Wall -Winvalid-pch -std=c99 -D_DEFAULT_SOURCE -DHAVE_CONFIG_H -Wall -Wmissing-include-dirs -Wpointer-arith -Winit-self -Wdeclaration-after-statement -Werror=missing-prototypes -Werror=implicit-function-declaration -Werror=aggregate-return -Werror=format=2 -Wstrict-prototypes -Wno-format-zero-length -DLIBSOUP_HAVE_GSSAPI=1 -DUSE_NTLM_AUTH=1 '-DNTLM_AUTH="/usr/bin/ntlm_auth"' -O2 -g -pipe -Wall -Werror=format-security -Wp,-D_FORTIFY_SOURCE=2 -Wp,-D_GLIBCXX_ASSERTIONS -fstack-protector-strong -grecord-gcc-switches -specs=/usr/lib/rpm/generic-hardened-cc1 -fasynchronous-unwind-tables -fstack-clash-protection -fPIC -pthread '-DG_LOG_DOMAIN="libsoup"' -DLIBSOUP_COMPILATION -fvisibility=hidden -MD -MQ libsoup/libsoup-2.4.so.1.11.2.p/soup-hsts-enforcer.c.o -MF libsoup/libsoup-2.4.so.1.11.2.p/soup-hsts-enforcer.c.o.d -o libsoup/libsoup-2.4.so.1.11.2.p/soup-hsts-enforcer.c.o -c ../libsoup/soup-hsts-enforcer.c
[ 2810s] [43/174] cc -Ilibsoup/libsoup-2.4.so.1.11.2.p -Ilibsoup -I../libsoup -I. -I.. -I/usr/include/sysprof-4 -I/usr/include/glib-2.0 -I/usr/lib64/glib-2.0/include -I/usr/include/libmount -I/usr/include/blkid -I/usr/include/libxml2 -fdiagnostics-color=always -D_FILE_OFFSET_BITS=64 -Wall -Winvalid-pch -std=c99 -D_DEFAULT_SOURCE -DHAVE_CONFIG_H -Wall -Wmissing-include-dirs -Wpointer-arith -Winit-self -Wdeclaration-after-statement -Werror=missing-prototypes -Werror=implicit-function-declaration -Werror=aggregate-return -Werror=format=2 -Wstrict-prototypes -Wno-format-zero-length -DLIBSOUP_HAVE_GSSAPI=1 -DUSE_NTLM_AUTH=1 '-DNTLM_AUTH="/usr/bin/ntlm_auth"' -O2 -g -pipe -Wall -Werror=format-security -Wp,-D_FORTIFY_SOURCE=2 -Wp,-D_GLIBCXX_ASSERTIONS -fstack-protector-strong -grecord-gcc-switches -specs=/usr/lib/rpm/generic-hardened-cc1 -fasynchronous-unwind-tables -fstack-clash-protection -fPIC -pthread '-DG_LOG_DOMAIN="libsoup"' -DLIBSOUP_COMPILATION -fvisibility=hidden -MD -MQ libsoup/libsoup-2.4.so.1.11.2.p/soup-io-stream.c.o -MF libsoup/libsoup-2.4.so.1.11.2.p/soup-io-stream.c.o.d -o libsoup/libsoup-2.4.so.1.11.2.p/soup-io-stream.c.o -c ../libsoup/soup-io-stream.c
[ 2814s] [44/174] cc -Ilibsoup/libsoup-2.4.so.1.11.2.p -Ilibsoup -I../libsoup -I. -I.. -I/usr/include/sysprof-4 -I/usr/include/glib-2.0 -I/usr/lib64/glib-2.0/include -I/usr/include/libmount -I/usr/include/blkid -I/usr/include/libxml2 -fdiagnostics-color=always -D_FILE_OFFSET_BITS=64 -Wall -Winvalid-pch -std=c99 -D_DEFAULT_SOURCE -DHAVE_CONFIG_H -Wall -Wmissing-include-dirs -Wpointer-arith -Winit-self -Wdeclaration-after-statement -Werror=missing-prototypes -Werror=implicit-function-declaration -Werror=aggregate-return -Werror=format=2 -Wstrict-prototypes -Wno-format-zero-length -DLIBSOUP_HAVE_GSSAPI=1 -DUSE_NTLM_AUTH=1 '-DNTLM_AUTH="/usr/bin/ntlm_auth"' -O2 -g -pipe -Wall -Werror=format-security -Wp,-D_FORTIFY_SOURCE=2 -Wp,-D_GLIBCXX_ASSERTIONS -fstack-protector-strong -grecord-gcc-switches -specs=/usr/lib/rpm/generic-hardened-cc1 -fasynchronous-unwind-tables -fstack-clash-protection -fPIC -pthread '-DG_LOG_DOMAIN="libsoup"' -DLIBSOUP_COMPILATION -fvisibility=hidden -MD -MQ libsoup/libsoup-2.4.so.1.11.2.p/soup-headers.c.o -MF libsoup/libsoup-2.4.so.1.11.2.p/soup-headers.c.o.d -o libsoup/libsoup-2.4.so.1.11.2.p/soup-headers.c.o -c ../libsoup/soup-headers.c
[ 2816s] [45/174] cc -Ilibsoup/libsoup-2.4.so.1.11.2.p -Ilibsoup -I../libsoup -I. -I.. -I/usr/include/sysprof-4 -I/usr/include/glib-2.0 -I/usr/lib64/glib-2.0/include -I/usr/include/libmount -I/usr/include/blkid -I/usr/include/libxml2 -fdiagnostics-color=always -D_FILE_OFFSET_BITS=64 -Wall -Winvalid-pch -std=c99 -D_DEFAULT_SOURCE -DHAVE_CONFIG_H -Wall -Wmissing-include-dirs -Wpointer-arith -Winit-self -Wdeclaration-after-statement -Werror=missing-prototypes -Werror=implicit-function-declaration -Werror=aggregate-return -Werror=format=2 -Wstrict-prototypes -Wno-format-zero-length -DLIBSOUP_HAVE_GSSAPI=1 -DUSE_NTLM_AUTH=1 '-DNTLM_AUTH="/usr/bin/ntlm_auth"' -O2 -g -pipe -Wall -Werror=format-security -Wp,-D_FORTIFY_SOURCE=2 -Wp,-D_GLIBCXX_ASSERTIONS -fstack-protector-strong -grecord-gcc-switches -specs=/usr/lib/rpm/generic-hardened-cc1 -fasynchronous-unwind-tables -fstack-clash-protection -fPIC -pthread '-DG_LOG_DOMAIN="libsoup"' -DLIBSOUP_COMPILATION -fvisibility=hidden -MD -MQ libsoup/libsoup-2.4.so.1.11.2.p/soup-message-body.c.o -MF libsoup/libsoup-2.4.so.1.11.2.p/soup-message-body.c.o.d -o libsoup/libsoup-2.4.so.1.11.2.p/soup-message-body.c.o -c ../libsoup/soup-message-body.c
[ 2816s] [46/174] cc -Ilibsoup/libsoup-2.4.so.1.11.2.p -Ilibsoup -I../libsoup -I. -I.. -I/usr/include/sysprof-4 -I/usr/include/glib-2.0 -I/usr/lib64/glib-2.0/include -I/usr/include/libmount -I/usr/include/blkid -I/usr/include/libxml2 -fdiagnostics-color=always -D_FILE_OFFSET_BITS=64 -Wall -Winvalid-pch -std=c99 -D_DEFAULT_SOURCE -DHAVE_CONFIG_H -Wall -Wmissing-include-dirs -Wpointer-arith -Winit-self -Wdeclaration-after-statement -Werror=missing-prototypes -Werror=implicit-function-declaration -Werror=aggregate-return -Werror=format=2 -Wstrict-prototypes -Wno-format-zero-length -DLIBSOUP_HAVE_GSSAPI=1 -DUSE_NTLM_AUTH=1 '-DNTLM_AUTH="/usr/bin/ntlm_auth"' -O2 -g -pipe -Wall -Werror=format-security -Wp,-D_FORTIFY_SOURCE=2 -Wp,-D_GLIBCXX_ASSERTIONS -fstack-protector-strong -grecord-gcc-switches -specs=/usr/lib/rpm/generic-hardened-cc1 -fasynchronous-unwind-tables -fstack-clash-protection -fPIC -pthread '-DG_LOG_DOMAIN="libsoup"' -DLIBSOUP_COMPILATION -fvisibility=hidden -MD -MQ libsoup/libsoup-2.4.so.1.11.2.p/soup-logger.c.o -MF libsoup/libsoup-2.4.so.1.11.2.p/soup-logger.c.o.d -o libsoup/libsoup-2.4.so.1.11.2.p/soup-logger.c.o -c ../libsoup/soup-logger.c
[ 2817s] [47/174] cc -Ilibsoup/libsoup-2.4.so.1.11.2.p -Ilibsoup -I../libsoup -I. -I.. -I/usr/include/sysprof-4 -I/usr/include/glib-2.0 -I/usr/lib64/glib-2.0/include -I/usr/include/libmount -I/usr/include/blkid -I/usr/include/libxml2 -fdiagnostics-color=always -D_FILE_OFFSET_BITS=64 -Wall -Winvalid-pch -std=c99 -D_DEFAULT_SOURCE -DHAVE_CONFIG_H -Wall -Wmissing-include-dirs -Wpointer-arith -Winit-self -Wdeclaration-after-statement -Werror=missing-prototypes -Werror=implicit-function-declaration -Werror=aggregate-return -Werror=format=2 -Wstrict-prototypes -Wno-format-zero-length -DLIBSOUP_HAVE_GSSAPI=1 -DUSE_NTLM_AUTH=1 '-DNTLM_AUTH="/usr/bin/ntlm_auth"' -O2 -g -pipe -Wall -Werror=format-security -Wp,-D_FORTIFY_SOURCE=2 -Wp,-D_GLIBCXX_ASSERTIONS -fstack-protector-strong -grecord-gcc-switches -specs=/usr/lib/rpm/generic-hardened-cc1 -fasynchronous-unwind-tables -fstack-clash-protection -fPIC -pthread '-DG_LOG_DOMAIN="libsoup"' -DLIBSOUP_COMPILATION -fvisibility=hidden -MD -MQ libsoup/libsoup-2.4.so.1.11.2.p/soup-message-client-io.c.o -MF libsoup/libsoup-2.4.so.1.11.2.p/soup-message-client-io.c.o.d -o libsoup/libsoup-2.4.so.1.11.2.p/soup-message-client-io.c.o -c ../libsoup/soup-message-client-io.c
[ 2821s] [48/174] cc -Ilibsoup/libsoup-2.4.so.1.11.2.p -Ilibsoup -I../libsoup -I. -I.. -I/usr/include/sysprof-4 -I/usr/include/glib-2.0 -I/usr/lib64/glib-2.0/include -I/usr/include/libmount -I/usr/include/blkid -I/usr/include/libxml2 -fdiagnostics-color=always -D_FILE_OFFSET_BITS=64 -Wall -Winvalid-pch -std=c99 -D_DEFAULT_SOURCE -DHAVE_CONFIG_H -Wall -Wmissing-include-dirs -Wpointer-arith -Winit-self -Wdeclaration-after-statement -Werror=missing-prototypes -Werror=implicit-function-declaration -Werror=aggregate-return -Werror=format=2 -Wstrict-prototypes -Wno-format-zero-length -DLIBSOUP_HAVE_GSSAPI=1 -DUSE_NTLM_AUTH=1 '-DNTLM_AUTH="/usr/bin/ntlm_auth"' -O2 -g -pipe -Wall -Werror=format-security -Wp,-D_FORTIFY_SOURCE=2 -Wp,-D_GLIBCXX_ASSERTIONS -fstack-protector-strong -grecord-gcc-switches -specs=/usr/lib/rpm/generic-hardened-cc1 -fasynchronous-unwind-tables -fstack-clash-protection -fPIC -pthread '-DG_LOG_DOMAIN="libsoup"' -DLIBSOUP_COMPILATION -fvisibility=hidden -MD -MQ libsoup/libsoup-2.4.so.1.11.2.p/soup-message-queue.c.o -MF libsoup/libsoup-2.4.so.1.11.2.p/soup-message-queue.c.o.d -o libsoup/libsoup-2.4.so.1.11.2.p/soup-message-queue.c.o -c ../libsoup/soup-message-queue.c
[ 2822s] [49/174] cc -Ilibsoup/libsoup-2.4.so.1.11.2.p -Ilibsoup -I../libsoup -I. -I.. -I/usr/include/sysprof-4 -I/usr/include/glib-2.0 -I/usr/lib64/glib-2.0/include -I/usr/include/libmount -I/usr/include/blkid -I/usr/include/libxml2 -fdiagnostics-color=always -D_FILE_OFFSET_BITS=64 -Wall -Winvalid-pch -std=c99 -D_DEFAULT_SOURCE -DHAVE_CONFIG_H -Wall -Wmissing-include-dirs -Wpointer-arith -Winit-self -Wdeclaration-after-statement -Werror=missing-prototypes -Werror=implicit-function-declaration -Werror=aggregate-return -Werror=format=2 -Wstrict-prototypes -Wno-format-zero-length -DLIBSOUP_HAVE_GSSAPI=1 -DUSE_NTLM_AUTH=1 '-DNTLM_AUTH="/usr/bin/ntlm_auth"' -O2 -g -pipe -Wall -Werror=format-security -Wp,-D_FORTIFY_SOURCE=2 -Wp,-D_GLIBCXX_ASSERTIONS -fstack-protector-strong -grecord-gcc-switches -specs=/usr/lib/rpm/generic-hardened-cc1 -fasynchronous-unwind-tables -fstack-clash-protection -fPIC -pthread '-DG_LOG_DOMAIN="libsoup"' -DLIBSOUP_COMPILATION -fvisibility=hidden -MD -MQ libsoup/libsoup-2.4.so.1.11.2.p/soup-message.c.o -MF libsoup/libsoup-2.4.so.1.11.2.p/soup-message.c.o.d -o libsoup/libsoup-2.4.so.1.11.2.p/soup-message.c.o -c ../libsoup/soup-message.c
[ 2823s] [50/174] cc -Ilibsoup/libsoup-2.4.so.1.11.2.p -Ilibsoup -I../libsoup -I. -I.. -I/usr/include/sysprof-4 -I/usr/include/glib-2.0 -I/usr/lib64/glib-2.0/include -I/usr/include/libmount -I/usr/include/blkid -I/usr/include/libxml2 -fdiagnostics-color=always -D_FILE_OFFSET_BITS=64 -Wall -Winvalid-pch -std=c99 -D_DEFAULT_SOURCE -DHAVE_CONFIG_H -Wall -Wmissing-include-dirs -Wpointer-arith -Winit-self -Wdeclaration-after-statement -Werror=missing-prototypes -Werror=implicit-function-declaration -Werror=aggregate-return -Werror=format=2 -Wstrict-prototypes -Wno-format-zero-length -DLIBSOUP_HAVE_GSSAPI=1 -DUSE_NTLM_AUTH=1 '-DNTLM_AUTH="/usr/bin/ntlm_auth"' -O2 -g -pipe -Wall -Werror=format-security -Wp,-D_FORTIFY_SOURCE=2 -Wp,-D_GLIBCXX_ASSERTIONS -fstack-protector-strong -grecord-gcc-switches -specs=/usr/lib/rpm/generic-hardened-cc1 -fasynchronous-unwind-tables -fstack-clash-protection -fPIC -pthread '-DG_LOG_DOMAIN="libsoup"' -DLIBSOUP_COMPILATION -fvisibility=hidden -MD -MQ libsoup/libsoup-2.4.so.1.11.2.p/soup-method.c.o -MF libsoup/libsoup-2.4.so.1.11.2.p/soup-method.c.o.d -o libsoup/libsoup-2.4.so.1.11.2.p/soup-method.c.o -c ../libsoup/soup-method.c
[ 2824s] [51/174] cc -Ilibsoup/libsoup-2.4.so.1.11.2.p -Ilibsoup -I../libsoup -I. -I.. -I/usr/include/sysprof-4 -I/usr/include/glib-2.0 -I/usr/lib64/glib-2.0/include -I/usr/include/libmount -I/usr/include/blkid -I/usr/include/libxml2 -fdiagnostics-color=always -D_FILE_OFFSET_BITS=64 -Wall -Winvalid-pch -std=c99 -D_DEFAULT_SOURCE -DHAVE_CONFIG_H -Wall -Wmissing-include-dirs -Wpointer-arith -Winit-self -Wdeclaration-after-statement -Werror=missing-prototypes -Werror=implicit-function-declaration -Werror=aggregate-return -Werror=format=2 -Wstrict-prototypes -Wno-format-zero-length -DLIBSOUP_HAVE_GSSAPI=1 -DUSE_NTLM_AUTH=1 '-DNTLM_AUTH="/usr/bin/ntlm_auth"' -O2 -g -pipe -Wall -Werror=format-security -Wp,-D_FORTIFY_SOURCE=2 -Wp,-D_GLIBCXX_ASSERTIONS -fstack-protector-strong -grecord-gcc-switches -specs=/usr/lib/rpm/generic-hardened-cc1 -fasynchronous-unwind-tables -fstack-clash-protection -fPIC -pthread '-DG_LOG_DOMAIN="libsoup"' -DLIBSOUP_COMPILATION -fvisibility=hidden -MD -MQ libsoup/libsoup-2.4.so.1.11.2.p/soup-message-headers.c.o -MF libsoup/libsoup-2.4.so.1.11.2.p/soup-message-headers.c.o.d -o libsoup/libsoup-2.4.so.1.11.2.p/soup-message-headers.c.o -c ../libsoup/soup-message-headers.c
[ 2825s] [52/174] cc -Ilibsoup/libsoup-2.4.so.1.11.2.p -Ilibsoup -I../libsoup -I. -I.. -I/usr/include/sysprof-4 -I/usr/include/glib-2.0 -I/usr/lib64/glib-2.0/include -I/usr/include/libmount -I/usr/include/blkid -I/usr/include/libxml2 -fdiagnostics-color=always -D_FILE_OFFSET_BITS=64 -Wall -Winvalid-pch -std=c99 -D_DEFAULT_SOURCE -DHAVE_CONFIG_H -Wall -Wmissing-include-dirs -Wpointer-arith -Winit-self -Wdeclaration-after-statement -Werror=missing-prototypes -Werror=implicit-function-declaration -Werror=aggregate-return -Werror=format=2 -Wstrict-prototypes -Wno-format-zero-length -DLIBSOUP_HAVE_GSSAPI=1 -DUSE_NTLM_AUTH=1 '-DNTLM_AUTH="/usr/bin/ntlm_auth"' -O2 -g -pipe -Wall -Werror=format-security -Wp,-D_FORTIFY_SOURCE=2 -Wp,-D_GLIBCXX_ASSERTIONS -fstack-protector-strong -grecord-gcc-switches -specs=/usr/lib/rpm/generic-hardened-cc1 -fasynchronous-unwind-tables -fstack-clash-protection -fPIC -pthread '-DG_LOG_DOMAIN="libsoup"' -DLIBSOUP_COMPILATION -fvisibility=hidden -MD -MQ libsoup/libsoup-2.4.so.1.11.2.p/soup-message-io.c.o -MF libsoup/libsoup-2.4.so.1.11.2.p/soup-message-io.c.o.d -o libsoup/libsoup-2.4.so.1.11.2.p/soup-message-io.c.o -c ../libsoup/soup-message-io.c
[ 2825s] [53/174] cc -Ilibsoup/libsoup-2.4.so.1.11.2.p -Ilibsoup -I../libsoup -I. -I.. -I/usr/include/sysprof-4 -I/usr/include/glib-2.0 -I/usr/lib64/glib-2.0/include -I/usr/include/libmount -I/usr/include/blkid -I/usr/include/libxml2 -fdiagnostics-color=always -D_FILE_OFFSET_BITS=64 -Wall -Winvalid-pch -std=c99 -D_DEFAULT_SOURCE -DHAVE_CONFIG_H -Wall -Wmissing-include-dirs -Wpointer-arith -Winit-self -Wdeclaration-after-statement -Werror=missing-prototypes -Werror=implicit-function-declaration -Werror=aggregate-return -Werror=format=2 -Wstrict-prototypes -Wno-format-zero-length -DLIBSOUP_HAVE_GSSAPI=1 -DUSE_NTLM_AUTH=1 '-DNTLM_AUTH="/usr/bin/ntlm_auth"' -O2 -g -pipe -Wall -Werror=format-security -Wp,-D_FORTIFY_SOURCE=2 -Wp,-D_GLIBCXX_ASSERTIONS -fstack-protector-strong -grecord-gcc-switches -specs=/usr/lib/rpm/generic-hardened-cc1 -fasynchronous-unwind-tables -fstack-clash-protection -fPIC -pthread '-DG_LOG_DOMAIN="libsoup"' -DLIBSOUP_COMPILATION -fvisibility=hidden -MD -MQ libsoup/libsoup-2.4.so.1.11.2.p/soup-message-server-io.c.o -MF libsoup/libsoup-2.4.so.1.11.2.p/soup-message-server-io.c.o.d -o libsoup/libsoup-2.4.so.1.11.2.p/soup-message-server-io.c.o -c ../libsoup/soup-message-server-io.c
[ 2827s] [54/174] cc -Ilibsoup/libsoup-2.4.so.1.11.2.p -Ilibsoup -I../libsoup -I. -I.. -I/usr/include/sysprof-4 -I/usr/include/glib-2.0 -I/usr/lib64/glib-2.0/include -I/usr/include/libmount -I/usr/include/blkid -I/usr/include/libxml2 -fdiagnostics-color=always -D_FILE_OFFSET_BITS=64 -Wall -Winvalid-pch -std=c99 -D_DEFAULT_SOURCE -DHAVE_CONFIG_H -Wall -Wmissing-include-dirs -Wpointer-arith -Winit-self -Wdeclaration-after-statement -Werror=missing-prototypes -Werror=implicit-function-declaration -Werror=aggregate-return -Werror=format=2 -Wstrict-prototypes -Wno-format-zero-length -DLIBSOUP_HAVE_GSSAPI=1 -DUSE_NTLM_AUTH=1 '-DNTLM_AUTH="/usr/bin/ntlm_auth"' -O2 -g -pipe -Wall -Werror=format-security -Wp,-D_FORTIFY_SOURCE=2 -Wp,-D_GLIBCXX_ASSERTIONS -fstack-protector-strong -grecord-gcc-switches -specs=/usr/lib/rpm/generic-hardened-cc1 -fasynchronous-unwind-tables -fstack-clash-protection -fPIC -pthread '-DG_LOG_DOMAIN="libsoup"' -DLIBSOUP_COMPILATION -fvisibility=hidden -MD -MQ libsoup/libsoup-2.4.so.1.11.2.p/soup-misc.c.o -MF libsoup/libsoup-2.4.so.1.11.2.p/soup-misc.c.o.d -o libsoup/libsoup-2.4.so.1.11.2.p/soup-misc.c.o -c ../libsoup/soup-misc.c
[ 2832s] [55/174] cc -Ilibsoup/libsoup-2.4.so.1.11.2.p -Ilibsoup -I../libsoup -I. -I.. -I/usr/include/sysprof-4 -I/usr/include/glib-2.0 -I/usr/lib64/glib-2.0/include -I/usr/include/libmount -I/usr/include/blkid -I/usr/include/libxml2 -fdiagnostics-color=always -D_FILE_OFFSET_BITS=64 -Wall -Winvalid-pch -std=c99 -D_DEFAULT_SOURCE -DHAVE_CONFIG_H -Wall -Wmissing-include-dirs -Wpointer-arith -Winit-self -Wdeclaration-after-statement -Werror=missing-prototypes -Werror=implicit-function-declaration -Werror=aggregate-return -Werror=format=2 -Wstrict-prototypes -Wno-format-zero-length -DLIBSOUP_HAVE_GSSAPI=1 -DUSE_NTLM_AUTH=1 '-DNTLM_AUTH="/usr/bin/ntlm_auth"' -O2 -g -pipe -Wall -Werror=format-security -Wp,-D_FORTIFY_SOURCE=2 -Wp,-D_GLIBCXX_ASSERTIONS -fstack-protector-strong -grecord-gcc-switches -specs=/usr/lib/rpm/generic-hardened-cc1 -fasynchronous-unwind-tables -fstack-clash-protection -fPIC -pthread '-DG_LOG_DOMAIN="libsoup"' -DLIBSOUP_COMPILATION -fvisibility=hidden -MD -MQ libsoup/libsoup-2.4.so.1.11.2.p/soup-multipart.c.o -MF libsoup/libsoup-2.4.so.1.11.2.p/soup-multipart.c.o.d -o libsoup/libsoup-2.4.so.1.11.2.p/soup-multipart.c.o -c ../libsoup/soup-multipart.c
[ 2832s] [56/174] cc -Ilibsoup/libsoup-2.4.so.1.11.2.p -Ilibsoup -I../libsoup -I. -I.. -I/usr/include/sysprof-4 -I/usr/include/glib-2.0 -I/usr/lib64/glib-2.0/include -I/usr/include/libmount -I/usr/include/blkid -I/usr/include/libxml2 -fdiagnostics-color=always -D_FILE_OFFSET_BITS=64 -Wall -Winvalid-pch -std=c99 -D_DEFAULT_SOURCE -DHAVE_CONFIG_H -Wall -Wmissing-include-dirs -Wpointer-arith -Winit-self -Wdeclaration-after-statement -Werror=missing-prototypes -Werror=implicit-function-declaration -Werror=aggregate-return -Werror=format=2 -Wstrict-prototypes -Wno-format-zero-length -DLIBSOUP_HAVE_GSSAPI=1 -DUSE_NTLM_AUTH=1 '-DNTLM_AUTH="/usr/bin/ntlm_auth"' -O2 -g -pipe -Wall -Werror=format-security -Wp,-D_FORTIFY_SOURCE=2 -Wp,-D_GLIBCXX_ASSERTIONS -fstack-protector-strong -grecord-gcc-switches -specs=/usr/lib/rpm/generic-hardened-cc1 -fasynchronous-unwind-tables -fstack-clash-protection -fPIC -pthread '-DG_LOG_DOMAIN="libsoup"' -DLIBSOUP_COMPILATION -fvisibility=hidden -MD -MQ libsoup/libsoup-2.4.so.1.11.2.p/soup-password-manager.c.o -MF libsoup/libsoup-2.4.so.1.11.2.p/soup-password-manager.c.o.d -o libsoup/libsoup-2.4.so.1.11.2.p/soup-password-manager.c.o -c ../libsoup/soup-password-manager.c
[ 2834s] [57/174] cc -Ilibsoup/libsoup-2.4.so.1.11.2.p -Ilibsoup -I../libsoup -I. -I.. -I/usr/include/sysprof-4 -I/usr/include/glib-2.0 -I/usr/lib64/glib-2.0/include -I/usr/include/libmount -I/usr/include/blkid -I/usr/include/libxml2 -fdiagnostics-color=always -D_FILE_OFFSET_BITS=64 -Wall -Winvalid-pch -std=c99 -D_DEFAULT_SOURCE -DHAVE_CONFIG_H -Wall -Wmissing-include-dirs -Wpointer-arith -Winit-self -Wdeclaration-after-statement -Werror=missing-prototypes -Werror=implicit-function-declaration -Werror=aggregate-return -Werror=format=2 -Wstrict-prototypes -Wno-format-zero-length -DLIBSOUP_HAVE_GSSAPI=1 -DUSE_NTLM_AUTH=1 '-DNTLM_AUTH="/usr/bin/ntlm_auth"' -O2 -g -pipe -Wall -Werror=format-security -Wp,-D_FORTIFY_SOURCE=2 -Wp,-D_GLIBCXX_ASSERTIONS -fstack-protector-strong -grecord-gcc-switches -specs=/usr/lib/rpm/generic-hardened-cc1 -fasynchronous-unwind-tables -fstack-clash-protection -fPIC -pthread '-DG_LOG_DOMAIN="libsoup"' -DLIBSOUP_COMPILATION -fvisibility=hidden -MD -MQ libsoup/libsoup-2.4.so.1.11.2.p/soup-path-map.c.o -MF libsoup/libsoup-2.4.so.1.11.2.p/soup-path-map.c.o.d -o libsoup/libsoup-2.4.so.1.11.2.p/soup-path-map.c.o -c ../libsoup/soup-path-map.c
[ 2835s] [58/174] cc -Ilibsoup/libsoup-2.4.so.1.11.2.p -Ilibsoup -I../libsoup -I. -I.. -I/usr/include/sysprof-4 -I/usr/include/glib-2.0 -I/usr/lib64/glib-2.0/include -I/usr/include/libmount -I/usr/include/blkid -I/usr/include/libxml2 -fdiagnostics-color=always -D_FILE_OFFSET_BITS=64 -Wall -Winvalid-pch -std=c99 -D_DEFAULT_SOURCE -DHAVE_CONFIG_H -Wall -Wmissing-include-dirs -Wpointer-arith -Winit-self -Wdeclaration-after-statement -Werror=missing-prototypes -Werror=implicit-function-declaration -Werror=aggregate-return -Werror=format=2 -Wstrict-prototypes -Wno-format-zero-length -DLIBSOUP_HAVE_GSSAPI=1 -DUSE_NTLM_AUTH=1 '-DNTLM_AUTH="/usr/bin/ntlm_auth"' -O2 -g -pipe -Wall -Werror=format-security -Wp,-D_FORTIFY_SOURCE=2 -Wp,-D_GLIBCXX_ASSERTIONS -fstack-protector-strong -grecord-gcc-switches -specs=/usr/lib/rpm/generic-hardened-cc1 -fasynchronous-unwind-tables -fstack-clash-protection -fPIC -pthread '-DG_LOG_DOMAIN="libsoup"' -DLIBSOUP_COMPILATION -fvisibility=hidden -MD -MQ libsoup/libsoup-2.4.so.1.11.2.p/soup-proxy-resolver.c.o -MF libsoup/libsoup-2.4.so.1.11.2.p/soup-proxy-resolver.c.o.d -o libsoup/libsoup-2.4.so.1.11.2.p/soup-proxy-resolver.c.o -c ../libsoup/soup-proxy-resolver.c
[ 2835s] [59/174] cc -Ilibsoup/libsoup-2.4.so.1.11.2.p -Ilibsoup -I../libsoup -I. -I.. -I/usr/include/sysprof-4 -I/usr/include/glib-2.0 -I/usr/lib64/glib-2.0/include -I/usr/include/libmount -I/usr/include/blkid -I/usr/include/libxml2 -fdiagnostics-color=always -D_FILE_OFFSET_BITS=64 -Wall -Winvalid-pch -std=c99 -D_DEFAULT_SOURCE -DHAVE_CONFIG_H -Wall -Wmissing-include-dirs -Wpointer-arith -Winit-self -Wdeclaration-after-statement -Werror=missing-prototypes -Werror=implicit-function-declaration -Werror=aggregate-return -Werror=format=2 -Wstrict-prototypes -Wno-format-zero-length -DLIBSOUP_HAVE_GSSAPI=1 -DUSE_NTLM_AUTH=1 '-DNTLM_AUTH="/usr/bin/ntlm_auth"' -O2 -g -pipe -Wall -Werror=format-security -Wp,-D_FORTIFY_SOURCE=2 -Wp,-D_GLIBCXX_ASSERTIONS -fstack-protector-strong -grecord-gcc-switches -specs=/usr/lib/rpm/generic-hardened-cc1 -fasynchronous-unwind-tables -fstack-clash-protection -fPIC -pthread '-DG_LOG_DOMAIN="libsoup"' -DLIBSOUP_COMPILATION -fvisibility=hidden -MD -MQ libsoup/libsoup-2.4.so.1.11.2.p/soup-multipart-input-stream.c.o -MF libsoup/libsoup-2.4.so.1.11.2.p/soup-multipart-input-stream.c.o.d -o libsoup/libsoup-2.4.so.1.11.2.p/soup-multipart-input-stream.c.o -c ../libsoup/soup-multipart-input-stream.c
[ 2836s] [60/174] cc -Ilibsoup/libsoup-2.4.so.1.11.2.p -Ilibsoup -I../libsoup -I. -I.. -I/usr/include/sysprof-4 -I/usr/include/glib-2.0 -I/usr/lib64/glib-2.0/include -I/usr/include/libmount -I/usr/include/blkid -I/usr/include/libxml2 -fdiagnostics-color=always -D_FILE_OFFSET_BITS=64 -Wall -Winvalid-pch -std=c99 -D_DEFAULT_SOURCE -DHAVE_CONFIG_H -Wall -Wmissing-include-dirs -Wpointer-arith -Winit-self -Wdeclaration-after-statement -Werror=missing-prototypes -Werror=implicit-function-declaration -Werror=aggregate-return -Werror=format=2 -Wstrict-prototypes -Wno-format-zero-length -DLIBSOUP_HAVE_GSSAPI=1 -DUSE_NTLM_AUTH=1 '-DNTLM_AUTH="/usr/bin/ntlm_auth"' -O2 -g -pipe -Wall -Werror=format-security -Wp,-D_FORTIFY_SOURCE=2 -Wp,-D_GLIBCXX_ASSERTIONS -fstack-protector-strong -grecord-gcc-switches -specs=/usr/lib/rpm/generic-hardened-cc1 -fasynchronous-unwind-tables -fstack-clash-protection -fPIC -pthread '-DG_LOG_DOMAIN="libsoup"' -DLIBSOUP_COMPILATION -fvisibility=hidden -MD -MQ libsoup/libsoup-2.4.so.1.11.2.p/soup-proxy-uri-resolver.c.o -MF libsoup/libsoup-2.4.so.1.11.2.p/soup-proxy-uri-resolver.c.o.d -o libsoup/libsoup-2.4.so.1.11.2.p/soup-proxy-uri-resolver.c.o -c ../libsoup/soup-proxy-uri-resolver.c
[ 2837s] [61/174] cc -Ilibsoup/libsoup-2.4.so.1.11.2.p -Ilibsoup -I../libsoup -I. -I.. -I/usr/include/sysprof-4 -I/usr/include/glib-2.0 -I/usr/lib64/glib-2.0/include -I/usr/include/libmount -I/usr/include/blkid -I/usr/include/libxml2 -fdiagnostics-color=always -D_FILE_OFFSET_BITS=64 -Wall -Winvalid-pch -std=c99 -D_DEFAULT_SOURCE -DHAVE_CONFIG_H -Wall -Wmissing-include-dirs -Wpointer-arith -Winit-self -Wdeclaration-after-statement -Werror=missing-prototypes -Werror=implicit-function-declaration -Werror=aggregate-return -Werror=format=2 -Wstrict-prototypes -Wno-format-zero-length -DLIBSOUP_HAVE_GSSAPI=1 -DUSE_NTLM_AUTH=1 '-DNTLM_AUTH="/usr/bin/ntlm_auth"' -O2 -g -pipe -Wall -Werror=format-security -Wp,-D_FORTIFY_SOURCE=2 -Wp,-D_GLIBCXX_ASSERTIONS -fstack-protector-strong -grecord-gcc-switches -specs=/usr/lib/rpm/generic-hardened-cc1 -fasynchronous-unwind-tables -fstack-clash-protection -fPIC -pthread '-DG_LOG_DOMAIN="libsoup"' -DLIBSOUP_COMPILATION -fvisibility=hidden -MD -MQ libsoup/libsoup-2.4.so.1.11.2.p/soup-proxy-resolver-default.c.o -MF libsoup/libsoup-2.4.so.1.11.2.p/soup-proxy-resolver-default.c.o.d -o libsoup/libsoup-2.4.so.1.11.2.p/soup-proxy-resolver-default.c.o -c ../libsoup/soup-proxy-resolver-default.c
[ 2837s] [62/174] cc -Ilibsoup/libsoup-2.4.so.1.11.2.p -Ilibsoup -I../libsoup -I. -I.. -I/usr/include/sysprof-4 -I/usr/include/glib-2.0 -I/usr/lib64/glib-2.0/include -I/usr/include/libmount -I/usr/include/blkid -I/usr/include/libxml2 -fdiagnostics-color=always -D_FILE_OFFSET_BITS=64 -Wall -Winvalid-pch -std=c99 -D_DEFAULT_SOURCE -DHAVE_CONFIG_H -Wall -Wmissing-include-dirs -Wpointer-arith -Winit-self -Wdeclaration-after-statement -Werror=missing-prototypes -Werror=implicit-function-declaration -Werror=aggregate-return -Werror=format=2 -Wstrict-prototypes -Wno-format-zero-length -DLIBSOUP_HAVE_GSSAPI=1 -DUSE_NTLM_AUTH=1 '-DNTLM_AUTH="/usr/bin/ntlm_auth"' -O2 -g -pipe -Wall -Werror=format-security -Wp,-D_FORTIFY_SOURCE=2 -Wp,-D_GLIBCXX_ASSERTIONS -fstack-protector-strong -grecord-gcc-switches -specs=/usr/lib/rpm/generic-hardened-cc1 -fasynchronous-unwind-tables -fstack-clash-protection -fPIC -pthread '-DG_LOG_DOMAIN="libsoup"' -DLIBSOUP_COMPILATION -fvisibility=hidden -MD -MQ libsoup/libsoup-2.4.so.1.11.2.p/soup-proxy-resolver-wrapper.c.o -MF libsoup/libsoup-2.4.so.1.11.2.p/soup-proxy-resolver-wrapper.c.o.d -o libsoup/libsoup-2.4.so.1.11.2.p/soup-proxy-resolver-wrapper.c.o -c ../libsoup/soup-proxy-resolver-wrapper.c
[ 2842s] [63/174] cc -Ilibsoup/libsoup-2.4.so.1.11.2.p -Ilibsoup -I../libsoup -I. -I.. -I/usr/include/sysprof-4 -I/usr/include/glib-2.0 -I/usr/lib64/glib-2.0/include -I/usr/include/libmount -I/usr/include/blkid -I/usr/include/libxml2 -fdiagnostics-color=always -D_FILE_OFFSET_BITS=64 -Wall -Winvalid-pch -std=c99 -D_DEFAULT_SOURCE -DHAVE_CONFIG_H -Wall -Wmissing-include-dirs -Wpointer-arith -Winit-self -Wdeclaration-after-statement -Werror=missing-prototypes -Werror=implicit-function-declaration -Werror=aggregate-return -Werror=format=2 -Wstrict-prototypes -Wno-format-zero-length -DLIBSOUP_HAVE_GSSAPI=1 -DUSE_NTLM_AUTH=1 '-DNTLM_AUTH="/usr/bin/ntlm_auth"' -O2 -g -pipe -Wall -Werror=format-security -Wp,-D_FORTIFY_SOURCE=2 -Wp,-D_GLIBCXX_ASSERTIONS -fstack-protector-strong -grecord-gcc-switches -specs=/usr/lib/rpm/generic-hardened-cc1 -fasynchronous-unwind-tables -fstack-clash-protection -fPIC -pthread '-DG_LOG_DOMAIN="libsoup"' -DLIBSOUP_COMPILATION -fvisibility=hidden -MD -MQ libsoup/libsoup-2.4.so.1.11.2.p/soup-request.c.o -MF libsoup/libsoup-2.4.so.1.11.2.p/soup-request.c.o.d -o libsoup/libsoup-2.4.so.1.11.2.p/soup-request.c.o -c ../libsoup/soup-request.c
[ 2843s] [64/174] cc -Ilibsoup/libsoup-2.4.so.1.11.2.p -Ilibsoup -I../libsoup -I. -I.. -I/usr/include/sysprof-4 -I/usr/include/glib-2.0 -I/usr/lib64/glib-2.0/include -I/usr/include/libmount -I/usr/include/blkid -I/usr/include/libxml2 -fdiagnostics-color=always -D_FILE_OFFSET_BITS=64 -Wall -Winvalid-pch -std=c99 -D_DEFAULT_SOURCE -DHAVE_CONFIG_H -Wall -Wmissing-include-dirs -Wpointer-arith -Winit-self -Wdeclaration-after-statement -Werror=missing-prototypes -Werror=implicit-function-declaration -Werror=aggregate-return -Werror=format=2 -Wstrict-prototypes -Wno-format-zero-length -DLIBSOUP_HAVE_GSSAPI=1 -DUSE_NTLM_AUTH=1 '-DNTLM_AUTH="/usr/bin/ntlm_auth"' -O2 -g -pipe -Wall -Werror=format-security -Wp,-D_FORTIFY_SOURCE=2 -Wp,-D_GLIBCXX_ASSERTIONS -fstack-protector-strong -grecord-gcc-switches -specs=/usr/lib/rpm/generic-hardened-cc1 -fasynchronous-unwind-tables -fstack-clash-protection -fPIC -pthread '-DG_LOG_DOMAIN="libsoup"' -DLIBSOUP_COMPILATION -fvisibility=hidden -MD -MQ libsoup/libsoup-2.4.so.1.11.2.p/soup-request-data.c.o -MF libsoup/libsoup-2.4.so.1.11.2.p/soup-request-data.c.o.d -o libsoup/libsoup-2.4.so.1.11.2.p/soup-request-data.c.o -c ../libsoup/soup-request-data.c
[ 2846s] [65/174] cc -Ilibsoup/libsoup-2.4.so.1.11.2.p -Ilibsoup -I../libsoup -I. -I.. -I/usr/include/sysprof-4 -I/usr/include/glib-2.0 -I/usr/lib64/glib-2.0/include -I/usr/include/libmount -I/usr/include/blkid -I/usr/include/libxml2 -fdiagnostics-color=always -D_FILE_OFFSET_BITS=64 -Wall -Winvalid-pch -std=c99 -D_DEFAULT_SOURCE -DHAVE_CONFIG_H -Wall -Wmissing-include-dirs -Wpointer-arith -Winit-self -Wdeclaration-after-statement -Werror=missing-prototypes -Werror=implicit-function-declaration -Werror=aggregate-return -Werror=format=2 -Wstrict-prototypes -Wno-format-zero-length -DLIBSOUP_HAVE_GSSAPI=1 -DUSE_NTLM_AUTH=1 '-DNTLM_AUTH="/usr/bin/ntlm_auth"' -O2 -g -pipe -Wall -Werror=format-security -Wp,-D_FORTIFY_SOURCE=2 -Wp,-D_GLIBCXX_ASSERTIONS -fstack-protector-strong -grecord-gcc-switches -specs=/usr/lib/rpm/generic-hardened-cc1 -fasynchronous-unwind-tables -fstack-clash-protection -fPIC -pthread '-DG_LOG_DOMAIN="libsoup"' -DLIBSOUP_COMPILATION -fvisibility=hidden -MD -MQ libsoup/libsoup-2.4.so.1.11.2.p/soup-request-file.c.o -MF libsoup/libsoup-2.4.so.1.11.2.p/soup-request-file.c.o.d -o libsoup/libsoup-2.4.so.1.11.2.p/soup-request-file.c.o -c ../libsoup/soup-request-file.c
[ 2846s] [66/174] cc -Ilibsoup/libsoup-2.4.so.1.11.2.p -Ilibsoup -I../libsoup -I. -I.. -I/usr/include/sysprof-4 -I/usr/include/glib-2.0 -I/usr/lib64/glib-2.0/include -I/usr/include/libmount -I/usr/include/blkid -I/usr/include/libxml2 -fdiagnostics-color=always -D_FILE_OFFSET_BITS=64 -Wall -Winvalid-pch -std=c99 -D_DEFAULT_SOURCE -DHAVE_CONFIG_H -Wall -Wmissing-include-dirs -Wpointer-arith -Winit-self -Wdeclaration-after-statement -Werror=missing-prototypes -Werror=implicit-function-declaration -Werror=aggregate-return -Werror=format=2 -Wstrict-prototypes -Wno-format-zero-length -DLIBSOUP_HAVE_GSSAPI=1 -DUSE_NTLM_AUTH=1 '-DNTLM_AUTH="/usr/bin/ntlm_auth"' -O2 -g -pipe -Wall -Werror=format-security -Wp,-D_FORTIFY_SOURCE=2 -Wp,-D_GLIBCXX_ASSERTIONS -fstack-protector-strong -grecord-gcc-switches -specs=/usr/lib/rpm/generic-hardened-cc1 -fasynchronous-unwind-tables -fstack-clash-protection -fPIC -pthread '-DG_LOG_DOMAIN="libsoup"' -DLIBSOUP_COMPILATION -fvisibility=hidden -MD -MQ libsoup/libsoup-2.4.so.1.11.2.p/soup-requester.c.o -MF libsoup/libsoup-2.4.so.1.11.2.p/soup-requester.c.o.d -o libsoup/libsoup-2.4.so.1.11.2.p/soup-requester.c.o -c ../libsoup/soup-requester.c
[ 2846s] [67/174] cc -Ilibsoup/libsoup-2.4.so.1.11.2.p -Ilibsoup -I../libsoup -I. -I.. -I/usr/include/sysprof-4 -I/usr/include/glib-2.0 -I/usr/lib64/glib-2.0/include -I/usr/include/libmount -I/usr/include/blkid -I/usr/include/libxml2 -fdiagnostics-color=always -D_FILE_OFFSET_BITS=64 -Wall -Winvalid-pch -std=c99 -D_DEFAULT_SOURCE -DHAVE_CONFIG_H -Wall -Wmissing-include-dirs -Wpointer-arith -Winit-self -Wdeclaration-after-statement -Werror=missing-prototypes -Werror=implicit-function-declaration -Werror=aggregate-return -Werror=format=2 -Wstrict-prototypes -Wno-format-zero-length -DLIBSOUP_HAVE_GSSAPI=1 -DUSE_NTLM_AUTH=1 '-DNTLM_AUTH="/usr/bin/ntlm_auth"' -O2 -g -pipe -Wall -Werror=format-security -Wp,-D_FORTIFY_SOURCE=2 -Wp,-D_GLIBCXX_ASSERTIONS -fstack-protector-strong -grecord-gcc-switches -specs=/usr/lib/rpm/generic-hardened-cc1 -fasynchronous-unwind-tables -fstack-clash-protection -fPIC -pthread '-DG_LOG_DOMAIN="libsoup"' -DLIBSOUP_COMPILATION -fvisibility=hidden -MD -MQ libsoup/libsoup-2.4.so.1.11.2.p/soup-request-http.c.o -MF libsoup/libsoup-2.4.so.1.11.2.p/soup-request-http.c.o.d -o libsoup/libsoup-2.4.so.1.11.2.p/soup-request-http.c.o -c ../libsoup/soup-request-http.c
[ 2848s] [68/174] cc -Ilibsoup/libsoup-2.4.so.1.11.2.p -Ilibsoup -I../libsoup -I. -I.. -I/usr/include/sysprof-4 -I/usr/include/glib-2.0 -I/usr/lib64/glib-2.0/include -I/usr/include/libmount -I/usr/include/blkid -I/usr/include/libxml2 -fdiagnostics-color=always -D_FILE_OFFSET_BITS=64 -Wall -Winvalid-pch -std=c99 -D_DEFAULT_SOURCE -DHAVE_CONFIG_H -Wall -Wmissing-include-dirs -Wpointer-arith -Winit-self -Wdeclaration-after-statement -Werror=missing-prototypes -Werror=implicit-function-declaration -Werror=aggregate-return -Werror=format=2 -Wstrict-prototypes -Wno-format-zero-length -DLIBSOUP_HAVE_GSSAPI=1 -DUSE_NTLM_AUTH=1 '-DNTLM_AUTH="/usr/bin/ntlm_auth"' -O2 -g -pipe -Wall -Werror=format-security -Wp,-D_FORTIFY_SOURCE=2 -Wp,-D_GLIBCXX_ASSERTIONS -fstack-protector-strong -grecord-gcc-switches -specs=/usr/lib/rpm/generic-hardened-cc1 -fasynchronous-unwind-tables -fstack-clash-protection -fPIC -pthread '-DG_LOG_DOMAIN="libsoup"' -DLIBSOUP_COMPILATION -fvisibility=hidden -MD -MQ libsoup/libsoup-2.4.so.1.11.2.p/soup-session-async.c.o -MF libsoup/libsoup-2.4.so.1.11.2.p/soup-session-async.c.o.d -o libsoup/libsoup-2.4.so.1.11.2.p/soup-session-async.c.o -c ../libsoup/soup-session-async.c
[ 2853s] [69/174] cc -Ilibsoup/libsoup-2.4.so.1.11.2.p -Ilibsoup -I../libsoup -I. -I.. -I/usr/include/sysprof-4 -I/usr/include/glib-2.0 -I/usr/lib64/glib-2.0/include -I/usr/include/libmount -I/usr/include/blkid -I/usr/include/libxml2 -fdiagnostics-color=always -D_FILE_OFFSET_BITS=64 -Wall -Winvalid-pch -std=c99 -D_DEFAULT_SOURCE -DHAVE_CONFIG_H -Wall -Wmissing-include-dirs -Wpointer-arith -Winit-self -Wdeclaration-after-statement -Werror=missing-prototypes -Werror=implicit-function-declaration -Werror=aggregate-return -Werror=format=2 -Wstrict-prototypes -Wno-format-zero-length -DLIBSOUP_HAVE_GSSAPI=1 -DUSE_NTLM_AUTH=1 '-DNTLM_AUTH="/usr/bin/ntlm_auth"' -O2 -g -pipe -Wall -Werror=format-security -Wp,-D_FORTIFY_SOURCE=2 -Wp,-D_GLIBCXX_ASSERTIONS -fstack-protector-strong -grecord-gcc-switches -specs=/usr/lib/rpm/generic-hardened-cc1 -fasynchronous-unwind-tables -fstack-clash-protection -fPIC -pthread '-DG_LOG_DOMAIN="libsoup"' -DLIBSOUP_COMPILATION -fvisibility=hidden -MD -MQ libsoup/libsoup-2.4.so.1.11.2.p/soup-session-feature.c.o -MF libsoup/libsoup-2.4.so.1.11.2.p/soup-session-feature.c.o.d -o libsoup/libsoup-2.4.so.1.11.2.p/soup-session-feature.c.o -c ../libsoup/soup-session-feature.c
[ 2854s] [70/174] cc -Ilibsoup/libsoup-2.4.so.1.11.2.p -Ilibsoup -I../libsoup -I. -I.. -I/usr/include/sysprof-4 -I/usr/include/glib-2.0 -I/usr/lib64/glib-2.0/include -I/usr/include/libmount -I/usr/include/blkid -I/usr/include/libxml2 -fdiagnostics-color=always -D_FILE_OFFSET_BITS=64 -Wall -Winvalid-pch -std=c99 -D_DEFAULT_SOURCE -DHAVE_CONFIG_H -Wall -Wmissing-include-dirs -Wpointer-arith -Winit-self -Wdeclaration-after-statement -Werror=missing-prototypes -Werror=implicit-function-declaration -Werror=aggregate-return -Werror=format=2 -Wstrict-prototypes -Wno-format-zero-length -DLIBSOUP_HAVE_GSSAPI=1 -DUSE_NTLM_AUTH=1 '-DNTLM_AUTH="/usr/bin/ntlm_auth"' -O2 -g -pipe -Wall -Werror=format-security -Wp,-D_FORTIFY_SOURCE=2 -Wp,-D_GLIBCXX_ASSERTIONS -fstack-protector-strong -grecord-gcc-switches -specs=/usr/lib/rpm/generic-hardened-cc1 -fasynchronous-unwind-tables -fstack-clash-protection -fPIC -pthread '-DG_LOG_DOMAIN="libsoup"' -DLIBSOUP_COMPILATION -fvisibility=hidden -MD -MQ libsoup/libsoup-2.4.so.1.11.2.p/soup-session-sync.c.o -MF libsoup/libsoup-2.4.so.1.11.2.p/soup-session-sync.c.o.d -o libsoup/libsoup-2.4.so.1.11.2.p/soup-session-sync.c.o -c ../libsoup/soup-session-sync.c
[ 2856s] [71/174] cc -Ilibsoup/libsoup-2.4.so.1.11.2.p -Ilibsoup -I../libsoup -I. -I.. -I/usr/include/sysprof-4 -I/usr/include/glib-2.0 -I/usr/lib64/glib-2.0/include -I/usr/include/libmount -I/usr/include/blkid -I/usr/include/libxml2 -fdiagnostics-color=always -D_FILE_OFFSET_BITS=64 -Wall -Winvalid-pch -std=c99 -D_DEFAULT_SOURCE -DHAVE_CONFIG_H -Wall -Wmissing-include-dirs -Wpointer-arith -Winit-self -Wdeclaration-after-statement -Werror=missing-prototypes -Werror=implicit-function-declaration -Werror=aggregate-return -Werror=format=2 -Wstrict-prototypes -Wno-format-zero-length -DLIBSOUP_HAVE_GSSAPI=1 -DUSE_NTLM_AUTH=1 '-DNTLM_AUTH="/usr/bin/ntlm_auth"' -O2 -g -pipe -Wall -Werror=format-security -Wp,-D_FORTIFY_SOURCE=2 -Wp,-D_GLIBCXX_ASSERTIONS -fstack-protector-strong -grecord-gcc-switches -specs=/usr/lib/rpm/generic-hardened-cc1 -fasynchronous-unwind-tables -fstack-clash-protection -fPIC -pthread '-DG_LOG_DOMAIN="libsoup"' -DLIBSOUP_COMPILATION -fvisibility=hidden -MD -MQ libsoup/libsoup-2.4.so.1.11.2.p/soup-socket-properties.c.o -MF libsoup/libsoup-2.4.so.1.11.2.p/soup-socket-properties.c.o.d -o libsoup/libsoup-2.4.so.1.11.2.p/soup-socket-properties.c.o -c ../libsoup/soup-socket-properties.c
[ 2857s] [72/174] cc -Ilibsoup/libsoup-2.4.so.1.11.2.p -Ilibsoup -I../libsoup -I. -I.. -I/usr/include/sysprof-4 -I/usr/include/glib-2.0 -I/usr/lib64/glib-2.0/include -I/usr/include/libmount -I/usr/include/blkid -I/usr/include/libxml2 -fdiagnostics-color=always -D_FILE_OFFSET_BITS=64 -Wall -Winvalid-pch -std=c99 -D_DEFAULT_SOURCE -DHAVE_CONFIG_H -Wall -Wmissing-include-dirs -Wpointer-arith -Winit-self -Wdeclaration-after-statement -Werror=missing-prototypes -Werror=implicit-function-declaration -Werror=aggregate-return -Werror=format=2 -Wstrict-prototypes -Wno-format-zero-length -DLIBSOUP_HAVE_GSSAPI=1 -DUSE_NTLM_AUTH=1 '-DNTLM_AUTH="/usr/bin/ntlm_auth"' -O2 -g -pipe -Wall -Werror=format-security -Wp,-D_FORTIFY_SOURCE=2 -Wp,-D_GLIBCXX_ASSERTIONS -fstack-protector-strong -grecord-gcc-switches -specs=/usr/lib/rpm/generic-hardened-cc1 -fasynchronous-unwind-tables -fstack-clash-protection -fPIC -pthread '-DG_LOG_DOMAIN="libsoup"' -DLIBSOUP_COMPILATION -fvisibility=hidden -MD -MQ libsoup/libsoup-2.4.so.1.11.2.p/soup-status.c.o -MF libsoup/libsoup-2.4.so.1.11.2.p/soup-status.c.o.d -o libsoup/libsoup-2.4.so.1.11.2.p/soup-status.c.o -c ../libsoup/soup-status.c
[ 2858s] [73/174] cc -Ilibsoup/libsoup-2.4.so.1.11.2.p -Ilibsoup -I../libsoup -I. -I.. -I/usr/include/sysprof-4 -I/usr/include/glib-2.0 -I/usr/lib64/glib-2.0/include -I/usr/include/libmount -I/usr/include/blkid -I/usr/include/libxml2 -fdiagnostics-color=always -D_FILE_OFFSET_BITS=64 -Wall -Winvalid-pch -std=c99 -D_DEFAULT_SOURCE -DHAVE_CONFIG_H -Wall -Wmissing-include-dirs -Wpointer-arith -Winit-self -Wdeclaration-after-statement -Werror=missing-prototypes -Werror=implicit-function-declaration -Werror=aggregate-return -Werror=format=2 -Wstrict-prototypes -Wno-format-zero-length -DLIBSOUP_HAVE_GSSAPI=1 -DUSE_NTLM_AUTH=1 '-DNTLM_AUTH="/usr/bin/ntlm_auth"' -O2 -g -pipe -Wall -Werror=format-security -Wp,-D_FORTIFY_SOURCE=2 -Wp,-D_GLIBCXX_ASSERTIONS -fstack-protector-strong -grecord-gcc-switches -specs=/usr/lib/rpm/generic-hardened-cc1 -fasynchronous-unwind-tables -fstack-clash-protection -fPIC -pthread '-DG_LOG_DOMAIN="libsoup"' -DLIBSOUP_COMPILATION -fvisibility=hidden -MD -MQ libsoup/libsoup-2.4.so.1.11.2.p/soup-tld.c.o -MF libsoup/libsoup-2.4.so.1.11.2.p/soup-tld.c.o.d -o libsoup/libsoup-2.4.so.1.11.2.p/soup-tld.c.o -c ../libsoup/soup-tld.c
[ 2860s] [74/174] cc -Ilibsoup/libsoup-2.4.so.1.11.2.p -Ilibsoup -I../libsoup -I. -I.. -I/usr/include/sysprof-4 -I/usr/include/glib-2.0 -I/usr/lib64/glib-2.0/include -I/usr/include/libmount -I/usr/include/blkid -I/usr/include/libxml2 -fdiagnostics-color=always -D_FILE_OFFSET_BITS=64 -Wall -Winvalid-pch -std=c99 -D_DEFAULT_SOURCE -DHAVE_CONFIG_H -Wall -Wmissing-include-dirs -Wpointer-arith -Winit-self -Wdeclaration-after-statement -Werror=missing-prototypes -Werror=implicit-function-declaration -Werror=aggregate-return -Werror=format=2 -Wstrict-prototypes -Wno-format-zero-length -DLIBSOUP_HAVE_GSSAPI=1 -DUSE_NTLM_AUTH=1 '-DNTLM_AUTH="/usr/bin/ntlm_auth"' -O2 -g -pipe -Wall -Werror=format-security -Wp,-D_FORTIFY_SOURCE=2 -Wp,-D_GLIBCXX_ASSERTIONS -fstack-protector-strong -grecord-gcc-switches -specs=/usr/lib/rpm/generic-hardened-cc1 -fasynchronous-unwind-tables -fstack-clash-protection -fPIC -pthread '-DG_LOG_DOMAIN="libsoup"' -DLIBSOUP_COMPILATION -fvisibility=hidden -MD -MQ libsoup/libsoup-2.4.so.1.11.2.p/soup-version.c.o -MF libsoup/libsoup-2.4.so.1.11.2.p/soup-version.c.o.d -o libsoup/libsoup-2.4.so.1.11.2.p/soup-version.c.o -c ../libsoup/soup-version.c
[ 2863s] [75/174] cc -Ilibsoup/libsoup-2.4.so.1.11.2.p -Ilibsoup -I../libsoup -I. -I.. -I/usr/include/sysprof-4 -I/usr/include/glib-2.0 -I/usr/lib64/glib-2.0/include -I/usr/include/libmount -I/usr/include/blkid -I/usr/include/libxml2 -fdiagnostics-color=always -D_FILE_OFFSET_BITS=64 -Wall -Winvalid-pch -std=c99 -D_DEFAULT_SOURCE -DHAVE_CONFIG_H -Wall -Wmissing-include-dirs -Wpointer-arith -Winit-self -Wdeclaration-after-statement -Werror=missing-prototypes -Werror=implicit-function-declaration -Werror=aggregate-return -Werror=format=2 -Wstrict-prototypes -Wno-format-zero-length -DLIBSOUP_HAVE_GSSAPI=1 -DUSE_NTLM_AUTH=1 '-DNTLM_AUTH="/usr/bin/ntlm_auth"' -O2 -g -pipe -Wall -Werror=format-security -Wp,-D_FORTIFY_SOURCE=2 -Wp,-D_GLIBCXX_ASSERTIONS -fstack-protector-strong -grecord-gcc-switches -specs=/usr/lib/rpm/generic-hardened-cc1 -fasynchronous-unwind-tables -fstack-clash-protection -fPIC -pthread '-DG_LOG_DOMAIN="libsoup"' -DLIBSOUP_COMPILATION -fvisibility=hidden -MD -MQ libsoup/libsoup-2.4.so.1.11.2.p/soup-server.c.o -MF libsoup/libsoup-2.4.so.1.11.2.p/soup-server.c.o.d -o libsoup/libsoup-2.4.so.1.11.2.p/soup-server.c.o -c ../libsoup/soup-server.c
[ 2868s] [76/174] cc -Ilibsoup/libsoup-2.4.so.1.11.2.p -Ilibsoup -I../libsoup -I. -I.. -I/usr/include/sysprof-4 -I/usr/include/glib-2.0 -I/usr/lib64/glib-2.0/include -I/usr/include/libmount -I/usr/include/blkid -I/usr/include/libxml2 -fdiagnostics-color=always -D_FILE_OFFSET_BITS=64 -Wall -Winvalid-pch -std=c99 -D_DEFAULT_SOURCE -DHAVE_CONFIG_H -Wall -Wmissing-include-dirs -Wpointer-arith -Winit-self -Wdeclaration-after-statement -Werror=missing-prototypes -Werror=implicit-function-declaration -Werror=aggregate-return -Werror=format=2 -Wstrict-prototypes -Wno-format-zero-length -DLIBSOUP_HAVE_GSSAPI=1 -DUSE_NTLM_AUTH=1 '-DNTLM_AUTH="/usr/bin/ntlm_auth"' -O2 -g -pipe -Wall -Werror=format-security -Wp,-D_FORTIFY_SOURCE=2 -Wp,-D_GLIBCXX_ASSERTIONS -fstack-protector-strong -grecord-gcc-switches -specs=/usr/lib/rpm/generic-hardened-cc1 -fasynchronous-unwind-tables -fstack-clash-protection -fPIC -pthread '-DG_LOG_DOMAIN="libsoup"' -DLIBSOUP_COMPILATION -fvisibility=hidden -MD -MQ libsoup/libsoup-2.4.so.1.11.2.p/soup-value-utils.c.o -MF libsoup/libsoup-2.4.so.1.11.2.p/soup-value-utils.c.o.d -o libsoup/libsoup-2.4.so.1.11.2.p/soup-value-utils.c.o -c ../libsoup/soup-value-utils.c
[ 2868s] [77/174] cc -Ilibsoup/libsoup-2.4.so.1.11.2.p -Ilibsoup -I../libsoup -I. -I.. -I/usr/include/sysprof-4 -I/usr/include/glib-2.0 -I/usr/lib64/glib-2.0/include -I/usr/include/libmount -I/usr/include/blkid -I/usr/include/libxml2 -fdiagnostics-color=always -D_FILE_OFFSET_BITS=64 -Wall -Winvalid-pch -std=c99 -D_DEFAULT_SOURCE -DHAVE_CONFIG_H -Wall -Wmissing-include-dirs -Wpointer-arith -Winit-self -Wdeclaration-after-statement -Werror=missing-prototypes -Werror=implicit-function-declaration -Werror=aggregate-return -Werror=format=2 -Wstrict-prototypes -Wno-format-zero-length -DLIBSOUP_HAVE_GSSAPI=1 -DUSE_NTLM_AUTH=1 '-DNTLM_AUTH="/usr/bin/ntlm_auth"' -O2 -g -pipe -Wall -Werror=format-security -Wp,-D_FORTIFY_SOURCE=2 -Wp,-D_GLIBCXX_ASSERTIONS -fstack-protector-strong -grecord-gcc-switches -specs=/usr/lib/rpm/generic-hardened-cc1 -fasynchronous-unwind-tables -fstack-clash-protection -fPIC -pthread '-DG_LOG_DOMAIN="libsoup"' -DLIBSOUP_COMPILATION -fvisibility=hidden -MD -MQ libsoup/libsoup-2.4.so.1.11.2.p/soup-websocket.c.o -MF libsoup/libsoup-2.4.so.1.11.2.p/soup-websocket.c.o.d -o libsoup/libsoup-2.4.so.1.11.2.p/soup-websocket.c.o -c ../libsoup/soup-websocket.c
[ 2870s] [78/174] cc -Ilibsoup/libsoup-2.4.so.1.11.2.p -Ilibsoup -I../libsoup -I. -I.. -I/usr/include/sysprof-4 -I/usr/include/glib-2.0 -I/usr/lib64/glib-2.0/include -I/usr/include/libmount -I/usr/include/blkid -I/usr/include/libxml2 -fdiagnostics-color=always -D_FILE_OFFSET_BITS=64 -Wall -Winvalid-pch -std=c99 -D_DEFAULT_SOURCE -DHAVE_CONFIG_H -Wall -Wmissing-include-dirs -Wpointer-arith -Winit-self -Wdeclaration-after-statement -Werror=missing-prototypes -Werror=implicit-function-declaration -Werror=aggregate-return -Werror=format=2 -Wstrict-prototypes -Wno-format-zero-length -DLIBSOUP_HAVE_GSSAPI=1 -DUSE_NTLM_AUTH=1 '-DNTLM_AUTH="/usr/bin/ntlm_auth"' -O2 -g -pipe -Wall -Werror=format-security -Wp,-D_FORTIFY_SOURCE=2 -Wp,-D_GLIBCXX_ASSERTIONS -fstack-protector-strong -grecord-gcc-switches -specs=/usr/lib/rpm/generic-hardened-cc1 -fasynchronous-unwind-tables -fstack-clash-protection -fPIC -pthread '-DG_LOG_DOMAIN="libsoup"' -DLIBSOUP_COMPILATION -fvisibility=hidden -MD -MQ libsoup/libsoup-2.4.so.1.11.2.p/soup-socket.c.o -MF libsoup/libsoup-2.4.so.1.11.2.p/soup-socket.c.o.d -o libsoup/libsoup-2.4.so.1.11.2.p/soup-socket.c.o -c ../libsoup/soup-socket.c
[ 2870s] [79/174] cc -Ilibsoup/libsoup-2.4.so.1.11.2.p -Ilibsoup -I../libsoup -I. -I.. -I/usr/include/sysprof-4 -I/usr/include/glib-2.0 -I/usr/lib64/glib-2.0/include -I/usr/include/libmount -I/usr/include/blkid -I/usr/include/libxml2 -fdiagnostics-color=always -D_FILE_OFFSET_BITS=64 -Wall -Winvalid-pch -std=c99 -D_DEFAULT_SOURCE -DHAVE_CONFIG_H -Wall -Wmissing-include-dirs -Wpointer-arith -Winit-self -Wdeclaration-after-statement -Werror=missing-prototypes -Werror=implicit-function-declaration -Werror=aggregate-return -Werror=format=2 -Wstrict-prototypes -Wno-format-zero-length -DLIBSOUP_HAVE_GSSAPI=1 -DUSE_NTLM_AUTH=1 '-DNTLM_AUTH="/usr/bin/ntlm_auth"' -O2 -g -pipe -Wall -Werror=format-security -Wp,-D_FORTIFY_SOURCE=2 -Wp,-D_GLIBCXX_ASSERTIONS -fstack-protector-strong -grecord-gcc-switches -specs=/usr/lib/rpm/generic-hardened-cc1 -fasynchronous-unwind-tables -fstack-clash-protection -fPIC -pthread '-DG_LOG_DOMAIN="libsoup"' -DLIBSOUP_COMPILATION -fvisibility=hidden -MD -MQ libsoup/libsoup-2.4.so.1.11.2.p/soup-websocket-extension.c.o -MF libsoup/libsoup-2.4.so.1.11.2.p/soup-websocket-extension.c.o.d -o libsoup/libsoup-2.4.so.1.11.2.p/soup-websocket-extension.c.o -c ../libsoup/soup-websocket-extension.c
[ 2876s] [80/174] cc -Ilibsoup/libsoup-2.4.so.1.11.2.p -Ilibsoup -I../libsoup -I. -I.. -I/usr/include/sysprof-4 -I/usr/include/glib-2.0 -I/usr/lib64/glib-2.0/include -I/usr/include/libmount -I/usr/include/blkid -I/usr/include/libxml2 -fdiagnostics-color=always -D_FILE_OFFSET_BITS=64 -Wall -Winvalid-pch -std=c99 -D_DEFAULT_SOURCE -DHAVE_CONFIG_H -Wall -Wmissing-include-dirs -Wpointer-arith -Winit-self -Wdeclaration-after-statement -Werror=missing-prototypes -Werror=implicit-function-declaration -Werror=aggregate-return -Werror=format=2 -Wstrict-prototypes -Wno-format-zero-length -DLIBSOUP_HAVE_GSSAPI=1 -DUSE_NTLM_AUTH=1 '-DNTLM_AUTH="/usr/bin/ntlm_auth"' -O2 -g -pipe -Wall -Werror=format-security -Wp,-D_FORTIFY_SOURCE=2 -Wp,-D_GLIBCXX_ASSERTIONS -fstack-protector-strong -grecord-gcc-switches -specs=/usr/lib/rpm/generic-hardened-cc1 -fasynchronous-unwind-tables -fstack-clash-protection -fPIC -pthread '-DG_LOG_DOMAIN="libsoup"' -DLIBSOUP_COMPILATION -fvisibility=hidden -MD -MQ libsoup/libsoup-2.4.so.1.11.2.p/soup-websocket-extension-deflate.c.o -MF libsoup/libsoup-2.4.so.1.11.2.p/soup-websocket-extension-deflate.c.o.d -o libsoup/libsoup-2.4.so.1.11.2.p/soup-websocket-extension-deflate.c.o -c ../libsoup/soup-websocket-extension-deflate.c
[ 2877s] [81/174] cc -Ilibsoup/libsoup-2.4.so.1.11.2.p -Ilibsoup -I../libsoup -I. -I.. -I/usr/include/sysprof-4 -I/usr/include/glib-2.0 -I/usr/lib64/glib-2.0/include -I/usr/include/libmount -I/usr/include/blkid -I/usr/include/libxml2 -fdiagnostics-color=always -D_FILE_OFFSET_BITS=64 -Wall -Winvalid-pch -std=c99 -D_DEFAULT_SOURCE -DHAVE_CONFIG_H -Wall -Wmissing-include-dirs -Wpointer-arith -Winit-self -Wdeclaration-after-statement -Werror=missing-prototypes -Werror=implicit-function-declaration -Werror=aggregate-return -Werror=format=2 -Wstrict-prototypes -Wno-format-zero-length -DLIBSOUP_HAVE_GSSAPI=1 -DUSE_NTLM_AUTH=1 '-DNTLM_AUTH="/usr/bin/ntlm_auth"' -O2 -g -pipe -Wall -Werror=format-security -Wp,-D_FORTIFY_SOURCE=2 -Wp,-D_GLIBCXX_ASSERTIONS -fstack-protector-strong -grecord-gcc-switches -specs=/usr/lib/rpm/generic-hardened-cc1 -fasynchronous-unwind-tables -fstack-clash-protection -fPIC -pthread '-DG_LOG_DOMAIN="libsoup"' -DLIBSOUP_COMPILATION -fvisibility=hidden -MD -MQ libsoup/libsoup-2.4.so.1.11.2.p/soup-uri.c.o -MF libsoup/libsoup-2.4.so.1.11.2.p/soup-uri.c.o.d -o libsoup/libsoup-2.4.so.1.11.2.p/soup-uri.c.o -c ../libsoup/soup-uri.c
[ 2877s] [82/174] cc -Ilibsoup/libsoup-2.4.so.1.11.2.p -Ilibsoup -I../libsoup -I. -I.. -I/usr/include/sysprof-4 -I/usr/include/glib-2.0 -I/usr/lib64/glib-2.0/include -I/usr/include/libmount -I/usr/include/blkid -I/usr/include/libxml2 -fdiagnostics-color=always -D_FILE_OFFSET_BITS=64 -Wall -Winvalid-pch -std=c99 -D_DEFAULT_SOURCE -DHAVE_CONFIG_H -Wall -Wmissing-include-dirs -Wpointer-arith -Winit-self -Wdeclaration-after-statement -Werror=missing-prototypes -Werror=implicit-function-declaration -Werror=aggregate-return -Werror=format=2 -Wstrict-prototypes -Wno-format-zero-length -DLIBSOUP_HAVE_GSSAPI=1 -DUSE_NTLM_AUTH=1 '-DNTLM_AUTH="/usr/bin/ntlm_auth"' -O2 -g -pipe -Wall -Werror=format-security -Wp,-D_FORTIFY_SOURCE=2 -Wp,-D_GLIBCXX_ASSERTIONS -fstack-protector-strong -grecord-gcc-switches -specs=/usr/lib/rpm/generic-hardened-cc1 -fasynchronous-unwind-tables -fstack-clash-protection -fPIC -pthread '-DG_LOG_DOMAIN="libsoup"' -DLIBSOUP_COMPILATION -fvisibility=hidden -MD -MQ libsoup/libsoup-2.4.so.1.11.2.p/soup-session.c.o -MF libsoup/libsoup-2.4.so.1.11.2.p/soup-session.c.o.d -o libsoup/libsoup-2.4.so.1.11.2.p/soup-session.c.o -c ../libsoup/soup-session.c
[ 2877s] [83/174] cc -Ilibsoup/libsoup-2.4.so.1.11.2.p -Ilibsoup -I../libsoup -I. -I.. -I/usr/include/sysprof-4 -I/usr/include/glib-2.0 -I/usr/lib64/glib-2.0/include -I/usr/include/libmount -I/usr/include/blkid -I/usr/include/libxml2 -fdiagnostics-color=always -D_FILE_OFFSET_BITS=64 -Wall -Winvalid-pch -std=c99 -D_DEFAULT_SOURCE -DHAVE_CONFIG_H -Wall -Wmissing-include-dirs -Wpointer-arith -Winit-self -Wdeclaration-after-statement -Werror=missing-prototypes -Werror=implicit-function-declaration -Werror=aggregate-return -Werror=format=2 -Wstrict-prototypes -Wno-format-zero-length -DLIBSOUP_HAVE_GSSAPI=1 -DUSE_NTLM_AUTH=1 '-DNTLM_AUTH="/usr/bin/ntlm_auth"' -O2 -g -pipe -Wall -Werror=format-security -Wp,-D_FORTIFY_SOURCE=2 -Wp,-D_GLIBCXX_ASSERTIONS -fstack-protector-strong -grecord-gcc-switches -specs=/usr/lib/rpm/generic-hardened-cc1 -fasynchronous-unwind-tables -fstack-clash-protection -fPIC -pthread '-DG_LOG_DOMAIN="libsoup"' -DLIBSOUP_COMPILATION -fvisibility=hidden -MD -MQ libsoup/libsoup-2.4.so.1.11.2.p/soup-websocket-extension-manager.c.o -MF libsoup/libsoup-2.4.so.1.11.2.p/soup-websocket-extension-manager.c.o.d -o libsoup/libsoup-2.4.so.1.11.2.p/soup-websocket-extension-manager.c.o -c ../libsoup/soup-websocket-extension-manager.c
[ 2881s] [84/174] cc -Ilibsoup/libsoup-2.4.so.1.11.2.p -Ilibsoup -I../libsoup -I. -I.. -I/usr/include/sysprof-4 -I/usr/include/glib-2.0 -I/usr/lib64/glib-2.0/include -I/usr/include/libmount -I/usr/include/blkid -I/usr/include/libxml2 -fdiagnostics-color=always -D_FILE_OFFSET_BITS=64 -Wall -Winvalid-pch -std=c99 -D_DEFAULT_SOURCE -DHAVE_CONFIG_H -Wall -Wmissing-include-dirs -Wpointer-arith -Winit-self -Wdeclaration-after-statement -Werror=missing-prototypes -Werror=implicit-function-declaration -Werror=aggregate-return -Werror=format=2 -Wstrict-prototypes -Wno-format-zero-length -DLIBSOUP_HAVE_GSSAPI=1 -DUSE_NTLM_AUTH=1 '-DNTLM_AUTH="/usr/bin/ntlm_auth"' -O2 -g -pipe -Wall -Werror=format-security -Wp,-D_FORTIFY_SOURCE=2 -Wp,-D_GLIBCXX_ASSERTIONS -fstack-protector-strong -grecord-gcc-switches -specs=/usr/lib/rpm/generic-hardened-cc1 -fasynchronous-unwind-tables -fstack-clash-protection -fPIC -pthread '-DG_LOG_DOMAIN="libsoup"' -DLIBSOUP_COMPILATION -fvisibility=hidden -MD -MQ libsoup/libsoup-2.4.so.1.11.2.p/soup-brotli-decompressor.c.o -MF libsoup/libsoup-2.4.so.1.11.2.p/soup-brotli-decompressor.c.o.d -o libsoup/libsoup-2.4.so.1.11.2.p/soup-brotli-decompressor.c.o -c ../libsoup/soup-brotli-decompressor.c
[ 2882s] [85/174] cc -Ilibsoup/libsoup-2.4.so.1.11.2.p -Ilibsoup -I../libsoup -I. -I.. -I/usr/include/sysprof-4 -I/usr/include/glib-2.0 -I/usr/lib64/glib-2.0/include -I/usr/include/libmount -I/usr/include/blkid -I/usr/include/libxml2 -fdiagnostics-color=always -D_FILE_OFFSET_BITS=64 -Wall -Winvalid-pch -std=c99 -D_DEFAULT_SOURCE -DHAVE_CONFIG_H -Wall -Wmissing-include-dirs -Wpointer-arith -Winit-self -Wdeclaration-after-statement -Werror=missing-prototypes -Werror=implicit-function-declaration -Werror=aggregate-return -Werror=format=2 -Wstrict-prototypes -Wno-format-zero-length -DLIBSOUP_HAVE_GSSAPI=1 -DUSE_NTLM_AUTH=1 '-DNTLM_AUTH="/usr/bin/ntlm_auth"' -O2 -g -pipe -Wall -Werror=format-security -Wp,-D_FORTIFY_SOURCE=2 -Wp,-D_GLIBCXX_ASSERTIONS -fstack-protector-strong -grecord-gcc-switches -specs=/usr/lib/rpm/generic-hardened-cc1 -fasynchronous-unwind-tables -fstack-clash-protection -fPIC -pthread '-DG_LOG_DOMAIN="libsoup"' -DLIBSOUP_COMPILATION -fvisibility=hidden -MD -MQ libsoup/libsoup-2.4.so.1.11.2.p/soup-websocket-connection.c.o -MF libsoup/libsoup-2.4.so.1.11.2.p/soup-websocket-connection.c.o.d -o libsoup/libsoup-2.4.so.1.11.2.p/soup-websocket-connection.c.o -c ../libsoup/soup-websocket-connection.c
[ 2882s] ../libsoup/soup-websocket-connection.c: In function send_message:
[ 2882s] ../libsoup/soup-websocket-connection.c:556:3: warning: mask_offset may be used uninitialized in this function [-Wmaybe-uninitialized]
[ 2882s]   556 |   xor_with_mask (bytes->data + mask_offset, bytes->data + mask_offset + MASK_LENGTH, length);
[ 2882s]       |   ^~~~~~~~~~~~~~~~~~~~~~~~~~~~~~~~~~~~~~~~~~~~~~~~~~~~~~~~~~~~~~~~~~~~~~~~~~~~~~~~~~~~~~~~~~
[ 2885s] [86/174] cc -Ilibsoup/libsoup-gnome-2.4.so.1.11.2.p -Ilibsoup -I../libsoup -I. -I.. -I/usr/include/sysprof-4 -I/usr/include/glib-2.0 -I/usr/lib64/glib-2.0/include -I/usr/include/libmount -I/usr/include/blkid -I/usr/include/libxml2 -fdiagnostics-color=always -D_FILE_OFFSET_BITS=64 -Wall -Winvalid-pch -std=c99 -D_DEFAULT_SOURCE -DHAVE_CONFIG_H -Wall -Wmissing-include-dirs -Wpointer-arith -Winit-self -Wdeclaration-after-statement -Werror=missing-prototypes -Werror=implicit-function-declaration -Werror=aggregate-return -Werror=format=2 -Wstrict-prototypes -Wno-format-zero-length -DLIBSOUP_HAVE_GSSAPI=1 -DUSE_NTLM_AUTH=1 '-DNTLM_AUTH="/usr/bin/ntlm_auth"' -O2 -g -pipe -Wall -Werror=format-security -Wp,-D_FORTIFY_SOURCE=2 -Wp,-D_GLIBCXX_ASSERTIONS -fstack-protector-strong -grecord-gcc-switches -specs=/usr/lib/rpm/generic-hardened-cc1 -fasynchronous-unwind-tables -fstack-clash-protection -fPIC -pthread '-DG_LOG_DOMAIN="libsoup"' -DLIBSOUP_COMPILATION -fvisibility=hidden -MD -MQ libsoup/libsoup-gnome-2.4.so.1.11.2.p/soup-gnome-features.c.o -MF libsoup/libsoup-gnome-2.4.so.1.11.2.p/soup-gnome-features.c.o.d -o libsoup/libsoup-gnome-2.4.so.1.11.2.p/soup-gnome-features.c.o -c ../libsoup/soup-gnome-features.c
[ 2886s] [87/174] cc -Ilibsoup/libsoup-gnome-2.4.so.1.11.2.p -Ilibsoup -I../libsoup -I. -I.. -I/usr/include/sysprof-4 -I/usr/include/glib-2.0 -I/usr/lib64/glib-2.0/include -I/usr/include/libmount -I/usr/include/blkid -I/usr/include/libxml2 -fdiagnostics-color=always -D_FILE_OFFSET_BITS=64 -Wall -Winvalid-pch -std=c99 -D_DEFAULT_SOURCE -DHAVE_CONFIG_H -Wall -Wmissing-include-dirs -Wpointer-arith -Winit-self -Wdeclaration-after-statement -Werror=missing-prototypes -Werror=implicit-function-declaration -Werror=aggregate-return -Werror=format=2 -Wstrict-prototypes -Wno-format-zero-length -DLIBSOUP_HAVE_GSSAPI=1 -DUSE_NTLM_AUTH=1 '-DNTLM_AUTH="/usr/bin/ntlm_auth"' -O2 -g -pipe -Wall -Werror=format-security -Wp,-D_FORTIFY_SOURCE=2 -Wp,-D_GLIBCXX_ASSERTIONS -fstack-protector-strong -grecord-gcc-switches -specs=/usr/lib/rpm/generic-hardened-cc1 -fasynchronous-unwind-tables -fstack-clash-protection -fPIC -pthread '-DG_LOG_DOMAIN="libsoup"' -DLIBSOUP_COMPILATION -fvisibility=hidden -MD -MQ libsoup/libsoup-gnome-2.4.so.1.11.2.p/soup-cookie-jar-sqlite.c.o -MF libsoup/libsoup-gnome-2.4.so.1.11.2.p/soup-cookie-jar-sqlite.c.o.d -o libsoup/libsoup-gnome-2.4.so.1.11.2.p/soup-cookie-jar-sqlite.c.o -c ../libsoup/soup-cookie-jar-sqlite.c
[ 2886s] [88/174] cc -Ilibsoup/libsoup-2.4.so.1.11.2.p -Ilibsoup -I../libsoup -I. -I.. -I/usr/include/sysprof-4 -I/usr/include/glib-2.0 -I/usr/lib64/glib-2.0/include -I/usr/include/libmount -I/usr/include/blkid -I/usr/include/libxml2 -fdiagnostics-color=always -D_FILE_OFFSET_BITS=64 -Wall -Winvalid-pch -std=c99 -D_DEFAULT_SOURCE -DHAVE_CONFIG_H -Wall -Wmissing-include-dirs -Wpointer-arith -Winit-self -Wdeclaration-after-statement -Werror=missing-prototypes -Werror=implicit-function-declaration -Werror=aggregate-return -Werror=format=2 -Wstrict-prototypes -Wno-format-zero-length -DLIBSOUP_HAVE_GSSAPI=1 -DUSE_NTLM_AUTH=1 '-DNTLM_AUTH="/usr/bin/ntlm_auth"' -O2 -g -pipe -Wall -Werror=format-security -Wp,-D_FORTIFY_SOURCE=2 -Wp,-D_GLIBCXX_ASSERTIONS -fstack-protector-strong -grecord-gcc-switches -specs=/usr/lib/rpm/generic-hardened-cc1 -fasynchronous-unwind-tables -fstack-clash-protection -fPIC -pthread '-DG_LOG_DOMAIN="libsoup"' -DLIBSOUP_COMPILATION -fvisibility=hidden -MD -MQ libsoup/libsoup-2.4.so.1.11.2.p/soup-xmlrpc-old.c.o -MF libsoup/libsoup-2.4.so.1.11.2.p/soup-xmlrpc-old.c.o.d -o libsoup/libsoup-2.4.so.1.11.2.p/soup-xmlrpc-old.c.o -c ../libsoup/soup-xmlrpc-old.c
[ 2886s] ../libsoup/soup-xmlrpc-old.c: In function insert_value:
[ 2886s] ../libsoup/soup-xmlrpc-old.c:102:13: warning: Deprecated pre-processor symbol, replace with 
[ 2886s]   102 |  } else if (type == G_TYPE_VALUE_ARRAY) {
[ 2886s]       |             ^~~~~~~~~~~~~~~~~~~~~~~~~~~~~                   
[ 2886s] ../libsoup/soup-xmlrpc-old.c: In function parse_value:
[ 2886s] ../libsoup/soup-xmlrpc-old.c:478:13: warning: Deprecated pre-processor symbol, replace with 
[ 2886s]   478 |   g_value_init (value, G_TYPE_VALUE_ARRAY);
[ 2886s]       |             ^~~~~~~~~~~~~~~~~~~~~~~~~~~~~~~                 
[ 2886s] [89/174] cc -Ilibsoup/libsoup-2.4.so.1.11.2.p -Ilibsoup -I../libsoup -I. -I.. -I/usr/include/sysprof-4 -I/usr/include/glib-2.0 -I/usr/lib64/glib-2.0/include -I/usr/include/libmount -I/usr/include/blkid -I/usr/include/libxml2 -fdiagnostics-color=always -D_FILE_OFFSET_BITS=64 -Wall -Winvalid-pch -std=c99 -D_DEFAULT_SOURCE -DHAVE_CONFIG_H -Wall -Wmissing-include-dirs -Wpointer-arith -Winit-self -Wdeclaration-after-statement -Werror=missing-prototypes -Werror=implicit-function-declaration -Werror=aggregate-return -Werror=format=2 -Wstrict-prototypes -Wno-format-zero-length -DLIBSOUP_HAVE_GSSAPI=1 -DUSE_NTLM_AUTH=1 '-DNTLM_AUTH="/usr/bin/ntlm_auth"' -O2 -g -pipe -Wall -Werror=format-security -Wp,-D_FORTIFY_SOURCE=2 -Wp,-D_GLIBCXX_ASSERTIONS -fstack-protector-strong -grecord-gcc-switches -specs=/usr/lib/rpm/generic-hardened-cc1 -fasynchronous-unwind-tables -fstack-clash-protection -fPIC -pthread '-DG_LOG_DOMAIN="libsoup"' -DLIBSOUP_COMPILATION -fvisibility=hidden -MD -MQ libsoup/libsoup-2.4.so.1.11.2.p/soup-xmlrpc.c.o -MF libsoup/libsoup-2.4.so.1.11.2.p/soup-xmlrpc.c.o.d -o libsoup/libsoup-2.4.so.1.11.2.p/soup-xmlrpc.c.o -c ../libsoup/soup-xmlrpc.c
[ 2887s] [90/174] cc -Ilibsoup/libsoup-gnome-2.4.so.1.11.2.p -Ilibsoup -I../libsoup -I. -I.. -I/usr/include/sysprof-4 -I/usr/include/glib-2.0 -I/usr/lib64/glib-2.0/include -I/usr/include/libmount -I/usr/include/blkid -I/usr/include/libxml2 -fdiagnostics-color=always -D_FILE_OFFSET_BITS=64 -Wall -Winvalid-pch -std=c99 -D_DEFAULT_SOURCE -DHAVE_CONFIG_H -Wall -Wmissing-include-dirs -Wpointer-arith -Winit-self -Wdeclaration-after-statement -Werror=missing-prototypes -Werror=implicit-function-declaration -Werror=aggregate-return -Werror=format=2 -Wstrict-prototypes -Wno-format-zero-length -DLIBSOUP_HAVE_GSSAPI=1 -DUSE_NTLM_AUTH=1 '-DNTLM_AUTH="/usr/bin/ntlm_auth"' -O2 -g -pipe -Wall -Werror=format-security -Wp,-D_FORTIFY_SOURCE=2 -Wp,-D_GLIBCXX_ASSERTIONS -fstack-protector-strong -grecord-gcc-switches -specs=/usr/lib/rpm/generic-hardened-cc1 -fasynchronous-unwind-tables -fstack-clash-protection -fPIC -pthread '-DG_LOG_DOMAIN="libsoup"' -DLIBSOUP_COMPILATION -fvisibility=hidden -MD -MQ libsoup/libsoup-gnome-2.4.so.1.11.2.p/soup-proxy-resolver-gnome.c.o -MF libsoup/libsoup-gnome-2.4.so.1.11.2.p/soup-proxy-resolver-gnome.c.o.d -o libsoup/libsoup-gnome-2.4.so.1.11.2.p/soup-proxy-resolver-gnome.c.o -c ../libsoup/soup-proxy-resolver-gnome.c
[ 2887s] [91/174] cc -Ilibsoup/libsoup-gnome-2.4.so.1.11.2.p -Ilibsoup -I../libsoup -I. -I.. -I/usr/include/sysprof-4 -I/usr/include/glib-2.0 -I/usr/lib64/glib-2.0/include -I/usr/include/libmount -I/usr/include/blkid -I/usr/include/libxml2 -fdiagnostics-color=always -D_FILE_OFFSET_BITS=64 -Wall -Winvalid-pch -std=c99 -D_DEFAULT_SOURCE -DHAVE_CONFIG_H -Wall -Wmissing-include-dirs -Wpointer-arith -Winit-self -Wdeclaration-after-statement -Werror=missing-prototypes -Werror=implicit-function-declaration -Werror=aggregate-return -Werror=format=2 -Wstrict-prototypes -Wno-format-zero-length -DLIBSOUP_HAVE_GSSAPI=1 -DUSE_NTLM_AUTH=1 '-DNTLM_AUTH="/usr/bin/ntlm_auth"' -O2 -g -pipe -Wall -Werror=format-security -Wp,-D_FORTIFY_SOURCE=2 -Wp,-D_GLIBCXX_ASSERTIONS -fstack-protector-strong -grecord-gcc-switches -specs=/usr/lib/rpm/generic-hardened-cc1 -fasynchronous-unwind-tables -fstack-clash-protection -fPIC -pthread '-DG_LOG_DOMAIN="libsoup"' -DLIBSOUP_COMPILATION -fvisibility=hidden -MD -MQ libsoup/libsoup-gnome-2.4.so.1.11.2.p/soup-password-manager-gnome.c.o -MF libsoup/libsoup-gnome-2.4.so.1.11.2.p/soup-password-manager-gnome.c.o.d -o libsoup/libsoup-gnome-2.4.so.1.11.2.p/soup-password-manager-gnome.c.o -c ../libsoup/soup-password-manager-gnome.c
[ 2893s] [92/174] cc -Iexamples/get.p -Iexamples -I../examples -I. -I.. -Ilibsoup -I/usr/include/glib-2.0 -I/usr/lib64/glib-2.0/include -I/usr/include/libmount -I/usr/include/blkid -fdiagnostics-color=always -D_FILE_OFFSET_BITS=64 -Wall -Winvalid-pch -std=c99 -D_DEFAULT_SOURCE -DHAVE_CONFIG_H -Wall -Wmissing-include-dirs -Wpointer-arith -Winit-self -Wdeclaration-after-statement -Werror=missing-prototypes -Werror=implicit-function-declaration -Werror=aggregate-return -Werror=format=2 -Wstrict-prototypes -Wno-format-zero-length -DLIBSOUP_HAVE_GSSAPI=1 -DUSE_NTLM_AUTH=1 '-DNTLM_AUTH="/usr/bin/ntlm_auth"' -O2 -g -pipe -Wall -Werror=format-security -Wp,-D_FORTIFY_SOURCE=2 -Wp,-D_GLIBCXX_ASSERTIONS -fstack-protector-strong -grecord-gcc-switches -specs=/usr/lib/rpm/generic-hardened-cc1 -fasynchronous-unwind-tables -fstack-clash-protection -pthread -MD -MQ examples/get.p/get.c.o -MF examples/get.p/get.c.o.d -o examples/get.p/get.c.o -c ../examples/get.c
[ 2894s] [93/174] cc -Iexamples/simple-httpd.p -Iexamples -I../examples -I. -I.. -Ilibsoup -I/usr/include/glib-2.0 -I/usr/lib64/glib-2.0/include -I/usr/include/libmount -I/usr/include/blkid -fdiagnostics-color=always -D_FILE_OFFSET_BITS=64 -Wall -Winvalid-pch -std=c99 -D_DEFAULT_SOURCE -DHAVE_CONFIG_H -Wall -Wmissing-include-dirs -Wpointer-arith -Winit-self -Wdeclaration-after-statement -Werror=missing-prototypes -Werror=implicit-function-declaration -Werror=aggregate-return -Werror=format=2 -Wstrict-prototypes -Wno-format-zero-length -DLIBSOUP_HAVE_GSSAPI=1 -DUSE_NTLM_AUTH=1 '-DNTLM_AUTH="/usr/bin/ntlm_auth"' -O2 -g -pipe -Wall -Werror=format-security -Wp,-D_FORTIFY_SOURCE=2 -Wp,-D_GLIBCXX_ASSERTIONS -fstack-protector-strong -grecord-gcc-switches -specs=/usr/lib/rpm/generic-hardened-cc1 -fasynchronous-unwind-tables -fstack-clash-protection -pthread -MD -MQ examples/simple-httpd.p/simple-httpd.c.o -MF examples/simple-httpd.p/simple-httpd.c.o.d -o examples/simple-httpd.p/simple-httpd.c.o -c ../examples/simple-httpd.c
[ 2896s] [94/174] cc  -o libsoup/libsoup-2.4.so.1.11.2 libsoup/libsoup-2.4.so.1.11.2.p/meson-generated_.._soup-resources.c.o libsoup/libsoup-2.4.so.1.11.2.p/meson-generated_.._soup-enum-types.c.o libsoup/libsoup-2.4.so.1.11.2.p/soup-address.c.o libsoup/libsoup-2.4.so.1.11.2.p/soup-auth.c.o libsoup/libsoup-2.4.so.1.11.2.p/soup-auth-basic.c.o libsoup/libsoup-2.4.so.1.11.2.p/soup-auth-digest.c.o libsoup/libsoup-2.4.so.1.11.2.p/soup-auth-ntlm.c.o libsoup/libsoup-2.4.so.1.11.2.p/soup-auth-negotiate.c.o libsoup/libsoup-2.4.so.1.11.2.p/soup-auth-domain.c.o libsoup/libsoup-2.4.so.1.11.2.p/soup-auth-domain-basic.c.o libsoup/libsoup-2.4.so.1.11.2.p/soup-auth-domain-digest.c.o libsoup/libsoup-2.4.so.1.11.2.p/soup-auth-manager.c.o libsoup/libsoup-2.4.so.1.11.2.p/soup-body-input-stream.c.o libsoup/libsoup-2.4.so.1.11.2.p/soup-body-output-stream.c.o libsoup/libsoup-2.4.so.1.11.2.p/soup-cache.c.o libsoup/libsoup-2.4.so.1.11.2.p/soup-cache-client-input-stream.c.o libsoup/libsoup-2.4.so.1.11.2.p/soup-cache-input-stream.c.o libsoup/libsoup-2.4.so.1.11.2.p/soup-client-input-stream.c.o libsoup/libsoup-2.4.so.1.11.2.p/soup-connection.c.o libsoup/libsoup-2.4.so.1.11.2.p/soup-connection-auth.c.o libsoup/libsoup-2.4.so.1.11.2.p/soup-content-decoder.c.o libsoup/libsoup-2.4.so.1.11.2.p/soup-content-processor.c.o libsoup/libsoup-2.4.so.1.11.2.p/soup-content-sniffer.c.o libsoup/libsoup-2.4.so.1.11.2.p/soup-content-sniffer-stream.c.o libsoup/libsoup-2.4.so.1.11.2.p/soup-converter-wrapper.c.o libsoup/libsoup-2.4.so.1.11.2.p/soup-cookie.c.o libsoup/libsoup-2.4.so.1.11.2.p/soup-cookie-jar.c.o libsoup/libsoup-2.4.so.1.11.2.p/soup-cookie-jar-db.c.o libsoup/libsoup-2.4.so.1.11.2.p/soup-cookie-jar-text.c.o libsoup/libsoup-2.4.so.1.11.2.p/soup-date.c.o libsoup/libsoup-2.4.so.1.11.2.p/soup-directory-input-stream.c.o libsoup/libsoup-2.4.so.1.11.2.p/soup-filter-input-stream.c.o libsoup/libsoup-2.4.so.1.11.2.p/soup-form.c.o libsoup/libsoup-2.4.so.1.11.2.p/soup-hsts-enforcer.c.o libsoup/libsoup-2.4.so.1.11.2.p/soup-hsts-enforcer-db.c.o libsoup/libsoup-2.4.so.1.11.2.p/soup-hsts-policy.c.o libsoup/libsoup-2.4.so.1.11.2.p/soup-headers.c.o libsoup/libsoup-2.4.so.1.11.2.p/soup-init.c.o libsoup/libsoup-2.4.so.1.11.2.p/soup-io-stream.c.o libsoup/libsoup-2.4.so.1.11.2.p/soup-logger.c.o libsoup/libsoup-2.4.so.1.11.2.p/soup-message.c.o libsoup/libsoup-2.4.so.1.11.2.p/soup-message-body.c.o libsoup/libsoup-2.4.so.1.11.2.p/soup-message-client-io.c.o libsoup/libsoup-2.4.so.1.11.2.p/soup-message-headers.c.o libsoup/libsoup-2.4.so.1.11.2.p/soup-message-io.c.o libsoup/libsoup-2.4.so.1.11.2.p/soup-message-queue.c.o libsoup/libsoup-2.4.so.1.11.2.p/soup-message-server-io.c.o libsoup/libsoup-2.4.so.1.11.2.p/soup-method.c.o libsoup/libsoup-2.4.so.1.11.2.p/soup-misc.c.o libsoup/libsoup-2.4.so.1.11.2.p/soup-multipart.c.o libsoup/libsoup-2.4.so.1.11.2.p/soup-multipart-input-stream.c.o libsoup/libsoup-2.4.so.1.11.2.p/soup-password-manager.c.o libsoup/libsoup-2.4.so.1.11.2.p/soup-path-map.c.o libsoup/libsoup-2.4.so.1.11.2.p/soup-proxy-resolver.c.o libsoup/libsoup-2.4.so.1.11.2.p/soup-proxy-resolver-default.c.o libsoup/libsoup-2.4.so.1.11.2.p/soup-proxy-resolver-wrapper.c.o libsoup/libsoup-2.4.so.1.11.2.p/soup-proxy-uri-resolver.c.o libsoup/libsoup-2.4.so.1.11.2.p/soup-request.c.o libsoup/libsoup-2.4.so.1.11.2.p/soup-request-data.c.o libsoup/libsoup-2.4.so.1.11.2.p/soup-request-file.c.o libsoup/libsoup-2.4.so.1.11.2.p/soup-request-http.c.o libsoup/libsoup-2.4.so.1.11.2.p/soup-requester.c.o libsoup/libsoup-2.4.so.1.11.2.p/soup-server.c.o libsoup/libsoup-2.4.so.1.11.2.p/soup-session.c.o libsoup/libsoup-2.4.so.1.11.2.p/soup-session-async.c.o libsoup/libsoup-2.4.so.1.11.2.p/soup-session-feature.c.o libsoup/libsoup-2.4.so.1.11.2.p/soup-session-sync.c.o libsoup/libsoup-2.4.so.1.11.2.p/soup-socket.c.o libsoup/libsoup-2.4.so.1.11.2.p/soup-socket-properties.c.o libsoup/libsoup-2.4.so.1.11.2.p/soup-status.c.o libsoup/libsoup-2.4.so.1.11.2.p/soup-tld.c.o libsoup/libsoup-2.4.so.1.11.2.p/soup-uri.c.o libsoup/libsoup-2.4.so.1.11.2.p/soup-value-utils.c.o libsoup/libsoup-2.4.so.1.11.2.p/soup-version.c.o libsoup/libsoup-2.4.so.1.11.2.p/soup-websocket.c.o libsoup/libsoup-2.4.so.1.11.2.p/soup-websocket-connection.c.o libsoup/libsoup-2.4.so.1.11.2.p/soup-websocket-extension.c.o libsoup/libsoup-2.4.so.1.11.2.p/soup-websocket-extension-deflate.c.o libsoup/libsoup-2.4.so.1.11.2.p/soup-websocket-extension-manager.c.o libsoup/libsoup-2.4.so.1.11.2.p/soup-xmlrpc.c.o libsoup/libsoup-2.4.so.1.11.2.p/soup-xmlrpc-old.c.o libsoup/libsoup-2.4.so.1.11.2.p/soup-brotli-decompressor.c.o -Wl,--as-needed -Wl,--no-undefined -shared -fPIC -Wl,--start-group -Wl,-soname,libsoup-2.4.so.1 -Wl,-z,relro -Wl,-z,now -specs=/usr/lib/rpm/generic-hardened-ld -O2 -g -pipe -Wall -Werror=format-security -Wp,-D_FORTIFY_SOURCE=2 -Wp,-D_GLIBCXX_ASSERTIONS -fstack-protector-strong -grecord-gcc-switches -specs=/usr/lib/rpm/generic-hardened-cc1 -fasynchronous-unwind-tables -fstack-clash-protection /usr/lib64/libsysprof-capture-4.a -pthread /usr/lib64/libglib-2.0.so -Wl,--export-dynamic /usr/lib64/libgmodule-2.0.so /usr/lib64/libgobject-2.0.so /usr/lib64/libgio-2.0.so /usr/lib64/libxml2.so /usr/lib64/libsqlite3.so /usr/lib64/libpsl.so /usr/lib64/libbrotlidec.so -lgssapi_krb5 -lkrb5 -lk5crypto -lcom_err /usr/lib64/libz.so -Wl,--end-group
[ 2898s] [95/174] cc -Iexamples/simple-proxy.p -Iexamples -I../examples -I. -I.. -Ilibsoup -I/usr/include/glib-2.0 -I/usr/lib64/glib-2.0/include -I/usr/include/libmount -I/usr/include/blkid -fdiagnostics-color=always -D_FILE_OFFSET_BITS=64 -Wall -Winvalid-pch -std=c99 -D_DEFAULT_SOURCE -DHAVE_CONFIG_H -Wall -Wmissing-include-dirs -Wpointer-arith -Winit-self -Wdeclaration-after-statement -Werror=missing-prototypes -Werror=implicit-function-declaration -Werror=aggregate-return -Werror=format=2 -Wstrict-prototypes -Wno-format-zero-length -DLIBSOUP_HAVE_GSSAPI=1 -DUSE_NTLM_AUTH=1 '-DNTLM_AUTH="/usr/bin/ntlm_auth"' -O2 -g -pipe -Wall -Werror=format-security -Wp,-D_FORTIFY_SOURCE=2 -Wp,-D_GLIBCXX_ASSERTIONS -fstack-protector-strong -grecord-gcc-switches -specs=/usr/lib/rpm/generic-hardened-cc1 -fasynchronous-unwind-tables -fstack-clash-protection -pthread -MD -MQ examples/simple-proxy.p/simple-proxy.c.o -MF examples/simple-proxy.p/simple-proxy.c.o.d -o examples/simple-proxy.p/simple-proxy.c.o -c ../examples/simple-proxy.c
[ 2899s] [96/174] cc -Itests/chunk-test.p -Itests -I../tests -I. -I.. -Ilibsoup -I/usr/include/glib-2.0 -I/usr/lib64/glib-2.0/include -I/usr/include/libmount -I/usr/include/blkid -fdiagnostics-color=always -D_FILE_OFFSET_BITS=64 -Wall -Winvalid-pch -std=c99 -D_DEFAULT_SOURCE -DHAVE_CONFIG_H -Wall -Wmissing-include-dirs -Wpointer-arith -Winit-self -Wdeclaration-after-statement -Werror=missing-prototypes -Werror=implicit-function-declaration -Werror=aggregate-return -Werror=format=2 -Wstrict-prototypes -Wno-format-zero-length -DLIBSOUP_HAVE_GSSAPI=1 -DUSE_NTLM_AUTH=1 '-DNTLM_AUTH="/usr/bin/ntlm_auth"' -O2 -g -pipe -Wall -Werror=format-security -Wp,-D_FORTIFY_SOURCE=2 -Wp,-D_GLIBCXX_ASSERTIONS -fstack-protector-strong -grecord-gcc-switches -specs=/usr/lib/rpm/generic-hardened-cc1 -fasynchronous-unwind-tables -fstack-clash-protection -pthread -MD -MQ tests/chunk-test.p/chunk-test.c.o -MF tests/chunk-test.p/chunk-test.c.o.d -o tests/chunk-test.p/chunk-test.c.o -c ../tests/chunk-test.c
[ 2900s] [97/174] /usr/bin/g-ir-scanner --no-libtool --namespace=Soup --nsversion=2.4 --warn-all --output libsoup/Soup-2.4.gir --c-include=libsoup/soup.h '-DG_LOG_DOMAIN="libsoup"' -DLIBSOUP_COMPILATION -DLIBSOUP_USE_UNSTABLE_REQUEST_API -I/home/abuild/rpmbuild/BUILD/libsoup-2.74.2/libsoup -I/home/abuild/rpmbuild/BUILD/libsoup-2.74.2/riscv64-openEuler-linux-gnu/libsoup -I/home/abuild/rpmbuild/BUILD/libsoup-2.74.2/riscv64-openEuler-linux-gnu/. -I/home/abuild/rpmbuild/BUILD/libsoup-2.74.2/. --filelist=/home/abuild/rpmbuild/BUILD/libsoup-2.74.2/riscv64-openEuler-linux-gnu/libsoup/libsoup-2.4.so.1.11.2.p/Soup_2.4_gir_filelist --include=Gio-2.0 --symbol-prefix=soup --identifier-prefix=Soup --pkg-export=libsoup-2.4 --cflags-begin -D_DEFAULT_SOURCE -DHAVE_CONFIG_H -Wall -Wmissing-include-dirs -Wpointer-arith -Winit-self -Wdeclaration-after-statement -Werror=missing-prototypes -Werror=implicit-function-declaration -Werror=aggregate-return -Werror=format=2 -Wstrict-prototypes -Wno-format-zero-length -DLIBSOUP_HAVE_GSSAPI=1 -DUSE_NTLM_AUTH=1 '-DNTLM_AUTH="/usr/bin/ntlm_auth"' -I/home/abuild/rpmbuild/BUILD/libsoup-2.74.2/riscv64-openEuler-linux-gnu/. -I/home/abuild/rpmbuild/BUILD/libsoup-2.74.2/. -I/usr/include/sysprof-4 -I/usr/include/glib-2.0 -I/usr/lib64/glib-2.0/include -I/usr/include/libmount -I/usr/include/blkid -I/usr/include/libxml2 -I/usr/include/gobject-introspection-1.0 --cflags-end --add-include-path=/usr/share/gir-1.0 -L/home/abuild/rpmbuild/BUILD/libsoup-2.74.2/riscv64-openEuler-linux-gnu/libsoup -lsoup-2.4 -L/home/abuild/rpmbuild/BUILD/libsoup-2.74.2/riscv64-openEuler-linux-gnu/libsoup --library soup-2.4 -lsysprof-capture-4 -lglib-2.0 -lgmodule-2.0 -lgobject-2.0 -lgio-2.0 -lxml2 -lsqlite3 -lpsl -lbrotlidec -lz -lgirepository-1.0
[ 2900s] FAILED: libsoup/Soup-2.4.gir 
[ 2900s] /usr/bin/g-ir-scanner --no-libtool --namespace=Soup --nsversion=2.4 --warn-all --output libsoup/Soup-2.4.gir --c-include=libsoup/soup.h '-DG_LOG_DOMAIN="libsoup"' -DLIBSOUP_COMPILATION -DLIBSOUP_USE_UNSTABLE_REQUEST_API -I/home/abuild/rpmbuild/BUILD/libsoup-2.74.2/libsoup -I/home/abuild/rpmbuild/BUILD/libsoup-2.74.2/riscv64-openEuler-linux-gnu/libsoup -I/home/abuild/rpmbuild/BUILD/libsoup-2.74.2/riscv64-openEuler-linux-gnu/. -I/home/abuild/rpmbuild/BUILD/libsoup-2.74.2/. --filelist=/home/abuild/rpmbuild/BUILD/libsoup-2.74.2/riscv64-openEuler-linux-gnu/libsoup/libsoup-2.4.so.1.11.2.p/Soup_2.4_gir_filelist --include=Gio-2.0 --symbol-prefix=soup --identifier-prefix=Soup --pkg-export=libsoup-2.4 --cflags-begin -D_DEFAULT_SOURCE -DHAVE_CONFIG_H -Wall -Wmissing-include-dirs -Wpointer-arith -Winit-self -Wdeclaration-after-statement -Werror=missing-prototypes -Werror=implicit-function-declaration -Werror=aggregate-return -Werror=format=2 -Wstrict-prototypes -Wno-format-zero-length -DLIBSOUP_HAVE_GSSAPI=1 -DUSE_NTLM_AUTH=1 '-DNTLM_AUTH="/usr/bin/ntlm_auth"' -I/home/abuild/rpmbuild/BUILD/libsoup-2.74.2/riscv64-openEuler-linux-gnu/. -I/home/abuild/rpmbuild/BUILD/libsoup-2.74.2/. -I/usr/include/sysprof-4 -I/usr/include/glib-2.0 -I/usr/lib64/glib-2.0/include -I/usr/include/libmount -I/usr/include/blkid -I/usr/include/libxml2 -I/usr/include/gobject-introspection-1.0 --cflags-end --add-include-path=/usr/share/gir-1.0 -L/home/abuild/rpmbuild/BUILD/libsoup-2.74.2/riscv64-openEuler-linux-gnu/libsoup -lsoup-2.4 -L/home/abuild/rpmbuild/BUILD/libsoup-2.74.2/riscv64-openEuler-linux-gnu/libsoup --library soup-2.4 -lsysprof-capture-4 -lglib-2.0 -lgmodule-2.0 -lgobject-2.0 -lgio-2.0 -lxml2 -lsqlite3 -lpsl -lbrotlidec -lz -lgirepository-1.0
[ 2900s] Traceback (most recent call last):
[ 2900s]   File "/usr/bin/g-ir-scanner", line 98, in <module>
[ 2900s]     from giscanner.scannermain import scanner_main
[ 2900s]   File "/usr/lib64/gobject-introspection/giscanner/scannermain.py", line 35, in <module>
[ 2900s]     from giscanner.ast import Include, Namespace
[ 2900s]   File "/usr/lib64/gobject-introspection/giscanner/ast.py", line 29, in <module>
[ 2900s]     from .sourcescanner import CTYPE_TYPEDEF, CSYMBOL_TYPE_TYPEDEF
[ 2900s]   File "/usr/lib64/gobject-introspection/giscanner/sourcescanner.py", line 35, in <module>
[ 2900s]     from giscanner._giscanner import SourceScanner as CSourceScanner
[ 2900s] ModuleNotFoundError: No module named 'giscanner._giscanner'
[ 2901s] [98/174] cc -Itests/cache-test.p -Itests -I../tests -I. -I.. -Ilibsoup -I/usr/include/glib-2.0 -I/usr/lib64/glib-2.0/include -I/usr/include/libmount -I/usr/include/blkid -fdiagnostics-color=always -D_FILE_OFFSET_BITS=64 -Wall -Winvalid-pch -std=c99 -D_DEFAULT_SOURCE -DHAVE_CONFIG_H -Wall -Wmissing-include-dirs -Wpointer-arith -Winit-self -Wdeclaration-after-statement -Werror=missing-prototypes -Werror=implicit-function-declaration -Werror=aggregate-return -Werror=format=2 -Wstrict-prototypes -Wno-format-zero-length -DLIBSOUP_HAVE_GSSAPI=1 -DUSE_NTLM_AUTH=1 '-DNTLM_AUTH="/usr/bin/ntlm_auth"' -O2 -g -pipe -Wall -Werror=format-security -Wp,-D_FORTIFY_SOURCE=2 -Wp,-D_GLIBCXX_ASSERTIONS -fstack-protector-strong -grecord-gcc-switches -specs=/usr/lib/rpm/generic-hardened-cc1 -fasynchronous-unwind-tables -fstack-clash-protection -pthread -MD -MQ tests/cache-test.p/cache-test.c.o -MF tests/cache-test.p/cache-test.c.o.d -o tests/cache-test.p/cache-test.c.o -c ../tests/cache-test.c
[ 2901s] [99/174] cc -Itests/libtest-utils.so.p -Itests -I../tests -I. -I.. -Ilibsoup -I/usr/include/glib-2.0 -I/usr/lib64/glib-2.0/include -I/usr/include/libmount -I/usr/include/blkid -fdiagnostics-color=always -D_FILE_OFFSET_BITS=64 -Wall -Winvalid-pch -std=c99 -D_DEFAULT_SOURCE -DHAVE_CONFIG_H -Wall -Wmissing-include-dirs -Wpointer-arith -Winit-self -Wdeclaration-after-statement -Werror=missing-prototypes -Werror=implicit-function-declaration -Werror=aggregate-return -Werror=format=2 -Wstrict-prototypes -Wno-format-zero-length -DLIBSOUP_HAVE_GSSAPI=1 -DUSE_NTLM_AUTH=1 '-DNTLM_AUTH="/usr/bin/ntlm_auth"' -O2 -g -pipe -Wall -Werror=format-security -Wp,-D_FORTIFY_SOURCE=2 -Wp,-D_GLIBCXX_ASSERTIONS -fstack-protector-strong -grecord-gcc-switches -specs=/usr/lib/rpm/generic-hardened-cc1 -fasynchronous-unwind-tables -fstack-clash-protection -fPIC -pthread -MD -MQ tests/libtest-utils.so.p/test-utils.c.o -MF tests/libtest-utils.so.p/test-utils.c.o.d -o tests/libtest-utils.so.p/test-utils.c.o -c ../tests/test-utils.c
[ 2901s] [100/174] cc -Itests/chunk-io-test.p -Itests -I../tests -I. -I.. -Ilibsoup -I/usr/include/glib-2.0 -I/usr/lib64/glib-2.0/include -I/usr/include/libmount -I/usr/include/blkid -fdiagnostics-color=always -D_FILE_OFFSET_BITS=64 -Wall -Winvalid-pch -std=c99 -D_DEFAULT_SOURCE -DHAVE_CONFIG_H -Wall -Wmissing-include-dirs -Wpointer-arith -Winit-self -Wdeclaration-after-statement -Werror=missing-prototypes -Werror=implicit-function-declaration -Werror=aggregate-return -Werror=format=2 -Wstrict-prototypes -Wno-format-zero-length -DLIBSOUP_HAVE_GSSAPI=1 -DUSE_NTLM_AUTH=1 '-DNTLM_AUTH="/usr/bin/ntlm_auth"' -O2 -g -pipe -Wall -Werror=format-security -Wp,-D_FORTIFY_SOURCE=2 -Wp,-D_GLIBCXX_ASSERTIONS -fstack-protector-strong -grecord-gcc-switches -specs=/usr/lib/rpm/generic-hardened-cc1 -fasynchronous-unwind-tables -fstack-clash-protection -pthread -MD -MQ tests/chunk-io-test.p/chunk-io-test.c.o -MF tests/chunk-io-test.p/chunk-io-test.c.o.d -o tests/chunk-io-test.p/chunk-io-test.c.o -c ../tests/chunk-io-test.c
[ 2904s] [101/174] cc -Itests/context-test.p -Itests -I../tests -I. -I.. -Ilibsoup -I/usr/include/glib-2.0 -I/usr/lib64/glib-2.0/include -I/usr/include/libmount -I/usr/include/blkid -fdiagnostics-color=always -D_FILE_OFFSET_BITS=64 -Wall -Winvalid-pch -std=c99 -D_DEFAULT_SOURCE -DHAVE_CONFIG_H -Wall -Wmissing-include-dirs -Wpointer-arith -Winit-self -Wdeclaration-after-statement -Werror=missing-prototypes -Werror=implicit-function-declaration -Werror=aggregate-return -Werror=format=2 -Wstrict-prototypes -Wno-format-zero-length -DLIBSOUP_HAVE_GSSAPI=1 -DUSE_NTLM_AUTH=1 '-DNTLM_AUTH="/usr/bin/ntlm_auth"' -O2 -g -pipe -Wall -Werror=format-security -Wp,-D_FORTIFY_SOURCE=2 -Wp,-D_GLIBCXX_ASSERTIONS -fstack-protector-strong -grecord-gcc-switches -specs=/usr/lib/rpm/generic-hardened-cc1 -fasynchronous-unwind-tables -fstack-clash-protection -pthread -MD -MQ tests/context-test.p/context-test.c.o -MF tests/context-test.p/context-test.c.o.d -o tests/context-test.p/context-test.c.o -c ../tests/context-test.c
[ 2904s] [102/174] cc -Itests/coding-test.p -Itests -I../tests -I. -I.. -Ilibsoup -I/usr/include/glib-2.0 -I/usr/lib64/glib-2.0/include -I/usr/include/libmount -I/usr/include/blkid -fdiagnostics-color=always -D_FILE_OFFSET_BITS=64 -Wall -Winvalid-pch -std=c99 -D_DEFAULT_SOURCE -DHAVE_CONFIG_H -Wall -Wmissing-include-dirs -Wpointer-arith -Winit-self -Wdeclaration-after-statement -Werror=missing-prototypes -Werror=implicit-function-declaration -Werror=aggregate-return -Werror=format=2 -Wstrict-prototypes -Wno-format-zero-length -DLIBSOUP_HAVE_GSSAPI=1 -DUSE_NTLM_AUTH=1 '-DNTLM_AUTH="/usr/bin/ntlm_auth"' -O2 -g -pipe -Wall -Werror=format-security -Wp,-D_FORTIFY_SOURCE=2 -Wp,-D_GLIBCXX_ASSERTIONS -fstack-protector-strong -grecord-gcc-switches -specs=/usr/lib/rpm/generic-hardened-cc1 -fasynchronous-unwind-tables -fstack-clash-protection -pthread -MD -MQ tests/coding-test.p/coding-test.c.o -MF tests/coding-test.p/coding-test.c.o.d -o tests/coding-test.p/coding-test.c.o -c ../tests/coding-test.c
[ 2907s] [103/174] /usr/bin/meson --internal symbolextractor /home/abuild/rpmbuild/BUILD/libsoup-2.74.2/riscv64-openEuler-linux-gnu libsoup/libsoup-2.4.so.1.11.2 libsoup/libsoup-2.4.so.1.11.2 libsoup/libsoup-2.4.so.1.11.2.p/libsoup-2.4.so.1.11.2.symbols 
[ 2909s] [104/174] cc -Itests/continue-test.p -Itests -I../tests -I. -I.. -Ilibsoup -I/usr/include/glib-2.0 -I/usr/lib64/glib-2.0/include -I/usr/include/libmount -I/usr/include/blkid -fdiagnostics-color=always -D_FILE_OFFSET_BITS=64 -Wall -Winvalid-pch -std=c99 -D_DEFAULT_SOURCE -DHAVE_CONFIG_H -Wall -Wmissing-include-dirs -Wpointer-arith -Winit-self -Wdeclaration-after-statement -Werror=missing-prototypes -Werror=implicit-function-declaration -Werror=aggregate-return -Werror=format=2 -Wstrict-prototypes -Wno-format-zero-length -DLIBSOUP_HAVE_GSSAPI=1 -DUSE_NTLM_AUTH=1 '-DNTLM_AUTH="/usr/bin/ntlm_auth"' -O2 -g -pipe -Wall -Werror=format-security -Wp,-D_FORTIFY_SOURCE=2 -Wp,-D_GLIBCXX_ASSERTIONS -fstack-protector-strong -grecord-gcc-switches -specs=/usr/lib/rpm/generic-hardened-cc1 -fasynchronous-unwind-tables -fstack-clash-protection -pthread -MD -MQ tests/continue-test.p/continue-test.c.o -MF tests/continue-test.p/continue-test.c.o.d -o tests/continue-test.p/continue-test.c.o -c ../tests/continue-test.c
[ 2909s] ninja: build stopped: subcommand failed.
[ 2909s] error: Bad exit status from /var/tmp/rpm-tmp.lSWN9M (%build)
[ 2909s] 
[ 2909s] 
[ 2909s] RPM build errors:
[ 2909s]     Bad exit status from /var/tmp/rpm-tmp.lSWN9M (%build)
[ 2910s] 
[ 2910s] oe-RISCV-worker21 failed "build libsoup.spec" at Sat Apr 23 10:16:14 UTC 2022.
[ 2910s] 
