[    1s] Memory limit set to 10955196KB
[    1s] Using BUILD_ROOT=/var/cache/obs/worker/root_3
[    1s] Using BUILD_ARCH=riscv64
[    1s] 
[    5s] 
[    5s] oe-RISCV-worker21 started "build _service:extract_file:native-platform.spec" at Mon Mar 28 18:53:48 UTC 2022.
[    5s] 
[    5s] Building native-platform for project 'openEuler:Mainline:RISC-V' repository 'advanced_riscv64' arch 'riscv64' srcmd5 '0a3a1fdfc8df75208d200b4185ecf0c9'
[    5s] 
[    5s] processing recipe /var/cache/obs/worker/root_3/.build-srcdir/_service:extract_file:native-platform.spec ...
[   10s] running changelog2spec --target rpm --file /var/cache/obs/worker/root_3/.build-srcdir/_service:extract_file:native-platform.spec
[   12s] init_buildsystem --configdir /var/run/obs/worker/3/build/configs --cachedir /var/cache/build --clean --rpmlist /var/cache/obs/worker/root_3/.build.rpmlist /var/cache/obs/worker/root_3/.build-srcdir/_service:extract_file:native-platform.spec build ...
[  103s] cycle: coreutils -> bash
[  103s]   breaking dependency coreutils -> bash
[  103s] cycle: coreutils -> info
[  103s]   breaking dependency coreutils -> info
[  103s] cycle: glibc -> filesystem -> coreutils
[  103s]   breaking dependency coreutils -> glibc
[  103s] cycle: glibc -> filesystem -> coreutils -> libacl
[  103s]   breaking dependency coreutils -> libacl
[  103s] cycle: glibc -> filesystem -> coreutils -> attr
[  103s]   breaking dependency coreutils -> attr
[  103s] cycle: coreutils -> libcap
[  103s]   breaking dependency coreutils -> libcap
[  103s] cycle: glibc -> filesystem -> coreutils -> openssl-libs
[  103s]   breaking dependency coreutils -> openssl-libs
[  103s] cycle: glibc -> filesystem -> coreutils -> libselinux
[  103s]   breaking dependency libselinux -> glibc
[  103s] cycle: glibc -> filesystem -> coreutils -> libselinux -> pcre2
[  103s]   breaking dependency pcre2 -> glibc
[  103s] cycle: glibc -> filesystem -> coreutils -> libselinux -> pcre2 -> readline
[  103s]   breaking dependency readline -> glibc
[  103s] cycle: glibc -> filesystem -> coreutils -> libselinux -> pcre2 -> readline -> ncurses-libs
[  103s]   breaking dependency filesystem -> coreutils
[  103s] cycle: glibc -> filesystem -> bash -> coreutils -> libselinux -> pcre2 -> readline -> ncurses-libs
[  103s]   breaking dependency filesystem -> bash
[  103s] cycle: perl-Carp -> perl-libs
[  103s]   breaking dependency perl-libs -> perl-Carp
[  103s] cycle: perl-libs -> perl-Exporter
[  103s]   breaking dependency perl-libs -> perl-Exporter
[  103s] cycle: perl-Carp -> perl-Exporter
[  103s]   breaking dependency perl-Exporter -> perl-Carp
[  103s] cycle: nss-util -> nss
[  103s]   breaking dependency nss -> nss-util
[  103s] cycle: nss-softokn -> nss-util -> nss
[  103s]   breaking dependency nss -> nss-softokn
[  103s] cycle: systemd -> cryptsetup -> device-mapper
[  103s]   breaking dependency systemd -> cryptsetup
[  103s] cycle: audit -> systemd -> pam
[  103s]   breaking dependency systemd -> pam
[  103s] [1/84] preinstalling dbus...
[  104s] [2/84] preinstalling libffi-devel...
[  105s] [3/84] preinstalling nodejs-source-map...
[  106s] [4/84] preinstalling python3-pip...
[  111s] [5/84] preinstalling python3-setuptools_scm...
[  111s] [6/84] preinstalling filesystem...
[  115s] [7/84] preinstalling glibc...
[  118s] [8/84] preinstalling libgcc...
[  119s] [9/84] preinstalling diffutils...
[  121s] [10/84] preinstalling libcap-ng...
[  122s] [11/84] preinstalling libgpg-error...
[  124s] [12/84] preinstalling libpcap...
[  125s] [13/84] preinstalling libsmartcols...
[  126s] [14/84] preinstalling libuuid...
[  127s] [15/84] preinstalling libxcrypt...
[  128s] [16/84] preinstalling lz4...
[  130s] [17/84] preinstalling m4...
[  130s] [18/84] preinstalling ncurses-libs...
[  132s] [19/84] preinstalling nspr...
[  133s] [20/84] preinstalling xz-libs...
[  134s] [21/84] preinstalling zlib...
[  135s] [22/84] preinstalling attr...
[  136s] [23/84] preinstalling libdb...
[  140s] [24/84] preinstalling zstd...
[  142s] [25/84] preinstalling audit-libs...
[  143s] [26/84] preinstalling file...
[  144s] [27/84] preinstalling iptables-libs...
[  146s] [28/84] preinstalling libacl...
[  147s] [29/84] preinstalling libgcrypt...
[  148s] [30/84] preinstalling openssl-libs...
[  151s] [31/84] preinstalling readline...
[  152s] [32/84] preinstalling ncurses...
[  159s] [33/84] preinstalling cmake...
[  176s] [34/84] preinstalling perl-libs...
[  180s] [35/84] preinstalling pcre2...
[  181s] [36/84] preinstalling perl-Exporter...
[  182s] [37/84] preinstalling pcre...
[  183s] [38/84] preinstalling acl...
[  185s] [39/84] preinstalling sqlite...
[  187s] [40/84] preinstalling libselinux...
[  189s] [41/84] preinstalling perl-Carp...
[  190s] [42/84] preinstalling perl-Digest-MD5...
[  191s] [43/84] preinstalling sed...
[  192s] [44/84] preinstalling coreutils...
[  197s] [45/84] preinstalling bash...
[  199s] [46/84] preinstalling openssl...
[  201s] [47/84] preinstalling dnf...
[  202s] [48/84] preinstalling bzip2...
[  203s] [49/84] preinstalling elfutils...
[  205s] [50/84] preinstalling hostname...
[  206s] [51/84] preinstalling libcap...
[  207s] [52/84] preinstalling popt...
[  208s] [53/84] preinstalling grep...
[  209s] [54/84] preinstalling libblkid...
[  210s] [55/84] preinstalling perl-constant...
[  212s] [56/84] preinstalling tar...
[  214s] [57/84] preinstalling info...
[  215s] [58/84] preinstalling libgcrypt-devel...
[  216s] [59/84] preinstalling lua...
[  217s] [60/84] preinstalling nss...
[  219s] [61/84] preinstalling chkconfig...
[  220s] [62/84] preinstalling copy-jdk-configs...
[  221s] [63/84] preinstalling libfdisk...
[  222s] [64/84] preinstalling libmount...
[  223s] [65/84] preinstalling libsemanage...
[  224s] [66/84] preinstalling nss-util...
[  225s] [67/84] preinstalling findutils...
[  227s] [68/84] preinstalling perl-Getopt-Long...
[  228s] [69/84] preinstalling xz...
[  229s] [70/84] preinstalling perl-Data-Dumper...
[  230s] [71/84] preinstalling systemd-libs...
[  232s] [72/84] preinstalling rpm-libs...
[  233s] [73/84] preinstalling dbus-libs...
[  235s] [74/84] preinstalling nss-softokn...
[  237s] [75/84] preinstalling glib2...
[  242s] [76/84] preinstalling systemd...
[  246s] [77/84] preinstalling audit...
[  247s] [78/84] preinstalling rpm...
[  249s] [79/84] preinstalling openEuler-rpm-config...
[  250s] [80/84] preinstalling pam...
[  252s] [81/84] preinstalling util-linux...
[  257s] [82/84] preinstalling device-mapper...
[  258s] [83/84] preinstalling cryptsetup...
[  260s] [84/84] preinstalling lvm2...
[  263s] 
[  265s] initializing rpm db...
[  280s] reordering...cycle: coreutils -> bash
[  280s]   breaking dependency coreutils -> bash
[  280s] cycle: coreutils -> info
[  280s]   breaking dependency coreutils -> info
[  280s] cycle: glibc -> basesystem -> filesystem -> coreutils -> gmp
[  280s]   breaking dependency coreutils -> gmp
[  280s] cycle: glibc -> basesystem -> filesystem -> coreutils
[  280s]   breaking dependency coreutils -> glibc
[  280s] cycle: glibc -> basesystem -> filesystem -> coreutils -> libacl
[  280s]   breaking dependency coreutils -> libacl
[  280s] cycle: glibc -> basesystem -> filesystem -> coreutils -> attr
[  280s]   breaking dependency coreutils -> attr
[  280s] cycle: coreutils -> libcap
[  280s]   breaking dependency coreutils -> libcap
[  280s] cycle: glibc -> basesystem -> filesystem -> coreutils -> openssl-libs
[  280s]   breaking dependency openssl-libs -> glibc
[  280s] cycle: coreutils -> openssl-libs -> ca-certificates
[  280s]   breaking dependency ca-certificates -> coreutils
[  280s] cycle: coreutils -> openssl-libs -> ca-certificates -> bash
[  280s]   breaking dependency ca-certificates -> bash
[  280s] cycle: coreutils -> openssl-libs -> ca-certificates -> grep
[  280s]   breaking dependency grep -> coreutils
[  280s] cycle: coreutils -> openssl-libs -> ca-certificates -> grep -> bash
[  280s]   breaking dependency ca-certificates -> grep
[  280s] cycle: glibc -> basesystem -> filesystem -> coreutils -> openssl-libs -> ca-certificates -> p11-kit
[  280s]   breaking dependency p11-kit -> glibc
[  280s] cycle: glibc -> basesystem -> filesystem -> coreutils -> openssl-libs -> ca-certificates -> p11-kit -> libffi
[  280s]   breaking dependency openssl-libs -> ca-certificates
[  280s] cycle: coreutils -> openssl-libs -> crypto-policies -> bash
[  280s]   breaking dependency crypto-policies -> bash
[  280s] cycle: coreutils -> openssl-libs -> crypto-policies
[  280s]   breaking dependency crypto-policies -> coreutils
[  280s] cycle: coreutils -> openssl-libs -> crypto-policies -> grep -> bash
[  280s]   breaking dependency bash -> coreutils
[  280s] cycle: filesystem -> coreutils -> openssl-libs -> crypto-policies -> grep -> bash
[  280s]   breaking dependency grep -> bash
[  280s] cycle: glibc -> basesystem -> filesystem -> coreutils -> openssl-libs -> crypto-policies -> grep
[  280s]   breaking dependency glibc -> basesystem
[  280s] cycle: glibc -> glibc-common -> bash -> filesystem -> coreutils -> openssl-libs -> crypto-policies -> grep
[  280s]   breaking dependency glibc-common -> bash
[  280s] cycle: glibc -> glibc-common -> coreutils -> openssl-libs -> crypto-policies -> grep
[  280s]   breaking dependency glibc-common -> coreutils
[  280s] cycle: glibc -> glibc-common
[  280s]   breaking dependency glibc-common -> glibc
[  280s] cycle: glibc -> glibc-common -> libselinux
[  280s]   breaking dependency libselinux -> glibc
[  280s] cycle: glibc -> glibc-common -> libselinux -> pcre2
[  280s]   breaking dependency pcre2 -> glibc
[  280s] cycle: glibc -> glibc-common -> libselinux -> pcre2 -> readline
[  280s]   breaking dependency readline -> glibc
[  280s] cycle: glibc -> glibc-common -> libselinux -> pcre2 -> readline -> ncurses-libs
[  280s]   breaking dependency libselinux -> pcre2
[  280s] cycle: glibc -> glibc-common -> libselinux -> libsepol -> coreutils -> openssl-libs -> crypto-policies -> grep
[  280s]   breaking dependency libsepol -> coreutils
[  280s] cycle: glibc -> glibc-common -> libselinux -> libsepol -> bash -> filesystem -> coreutils -> openssl-libs -> crypto-policies -> grep
[  280s]   breaking dependency filesystem -> coreutils
[  280s] cycle: bash -> filesystem
[  280s]   breaking dependency filesystem -> bash
[  280s] cycle: filesystem -> setup
[  280s]   breaking dependency filesystem -> setup
[  280s] cycle: glibc -> glibc-common -> libselinux -> libsepol -> bash
[  280s]   breaking dependency bash -> glibc
[  280s] cycle: glibc -> glibc-common -> libselinux -> libsepol -> bash -> ncurses-libs
[  280s]   breaking dependency libsepol -> bash
[  280s] cycle: glibc -> glibc-common -> libselinux -> libsepol
[  280s]   breaking dependency glibc -> glibc-common
[  280s] cycle: systemd -> cryptsetup -> device-mapper
[  280s]   breaking dependency systemd -> cryptsetup
[  280s] cycle: perl-libs -> perl-Carp
[  280s]   breaking dependency perl-libs -> perl-Carp
[  280s] cycle: perl-libs -> perl-Exporter
[  280s]   breaking dependency perl-libs -> perl-Exporter
[  280s] cycle: perl-Carp -> perl-Exporter
[  280s]   breaking dependency perl-Exporter -> perl-Carp
[  280s] cycle: perl -> perl-PathTools
[  280s]   breaking dependency perl -> perl-PathTools
[  280s] cycle: perl -> perl-ExtUtils-MakeMaker
[  280s]   breaking dependency perl -> perl-ExtUtils-MakeMaker
[  280s] cycle: perl -> perl-File-Path -> perl-PathTools
[  280s]   breaking dependency perl -> perl-File-Path
[  280s] cycle: perl -> perl-Getopt-Long -> perl-Pod-Usage
[  280s]   breaking dependency perl -> perl-Getopt-Long
[  280s] cycle: perl -> perl-Locale-Maketext
[  280s]   breaking dependency perl -> perl-Locale-Maketext
[  280s] cycle: perl -> perl-Pod-Simple
[  280s]   breaking dependency perl -> perl-Pod-Simple
[  280s] cycle: perl -> perl-Socket
[  280s]   breaking dependency perl -> perl-Socket
[  280s] cycle: perl -> perl-Storable
[  280s]   breaking dependency perl -> perl-Storable
[  280s] cycle: perl -> perl-Text-Tabs+Wrap
[  280s]   breaking dependency perl -> perl-Text-Tabs+Wrap
[  280s] cycle: perl -> perl-Time-Local -> perl-constant
[  280s]   breaking dependency perl -> perl-Time-Local
[  280s] cycle: perl -> perl-constant
[  280s]   breaking dependency perl -> perl-constant
[  280s] cycle: perl -> perl-threads
[  280s]   breaking dependency perl -> perl-threads
[  280s] cycle: perl -> perl-threads-shared
[  280s]   breaking dependency perl -> perl-threads-shared
[  280s] cycle: perl -> perl-Archive-Tar
[  280s]   breaking dependency perl -> perl-Archive-Tar
[  280s] cycle: perl -> perl-B-Debug
[  280s]   breaking dependency perl -> perl-B-Debug
[  280s] cycle: perl -> perl-CPAN-Meta -> perl-CPAN-Meta-Requirements
[  280s]   breaking dependency perl -> perl-CPAN-Meta
[  280s] cycle: perl -> perl-CPAN-Meta-Requirements
[  280s]   breaking dependency perl -> perl-CPAN-Meta-Requirements
[  280s] cycle: perl -> perl-CPAN-Meta-YAML
[  280s]   breaking dependency perl -> perl-CPAN-Meta-YAML
[  280s] cycle: perl -> perl-Compress-Raw-Bzip2
[  280s]   breaking dependency perl -> perl-Compress-Raw-Bzip2
[  280s] cycle: perl -> perl-Compress-Raw-Zlib
[  280s]   breaking dependency perl -> perl-Compress-Raw-Zlib
[  280s] cycle: perl -> perl-Config-Perl-V
[  280s]   breaking dependency perl -> perl-Config-Perl-V
[  280s] cycle: perl -> perl-DB_File
[  280s]   breaking dependency perl -> perl-DB_File
[  280s] cycle: perl -> perl-Data-Dumper
[  280s]   breaking dependency perl -> perl-Data-Dumper
[  280s] cycle: perl -> perl-Devel-PPPort
[  280s]   breaking dependency perl -> perl-Devel-PPPort
[  280s] cycle: perl -> perl-Digest -> perl-MIME-Base64
[  280s]   breaking dependency perl -> perl-Digest
[  280s] cycle: perl -> perl-Digest-MD5 -> perl-Digest -> perl-MIME-Base64
[  280s]   breaking dependency perl -> perl-Digest-MD5
[  280s] cycle: perl -> perl-Digest-SHA
[  280s]   breaking dependency perl -> perl-Digest-SHA
[  280s] cycle: perl -> perl-Encode
[  280s]   breaking dependency perl -> perl-Encode
[  280s] cycle: perl -> perl-Env
[  280s]   breaking dependency perl -> perl-Env
[  280s] cycle: perl -> perl-ExtUtils-Command
[  280s]   breaking dependency perl -> perl-ExtUtils-Command
[  280s] cycle: perl -> perl-ExtUtils-Install
[  280s]   breaking dependency perl -> perl-ExtUtils-Install
[  280s] cycle: perl -> perl-ExtUtils-Manifest
[  280s]   breaking dependency perl -> perl-ExtUtils-Manifest
[  280s] cycle: perl -> perl-ExtUtils-ParseXS
[  280s]   breaking dependency perl -> perl-ExtUtils-ParseXS
[  280s] cycle: perl -> perl-File-Fetch -> perl-PathTools
[  280s]   breaking dependency perl -> perl-File-Fetch
[  280s] cycle: perl -> perl-File-Temp -> perl-PathTools
[  280s]   breaking dependency perl -> perl-File-Temp
[  280s] cycle: perl -> perl-Filter
[  280s]   breaking dependency perl -> perl-Filter
[  280s] cycle: perl -> perl-Filter-Simple -> perl-Filter
[  280s]   breaking dependency perl -> perl-Filter-Simple
[  280s] cycle: perl -> perl-HTTP-Tiny
[  280s]   breaking dependency perl -> perl-HTTP-Tiny
[  280s] cycle: perl -> perl-IO-Compress
[  280s]   breaking dependency perl -> perl-IO-Compress
[  280s] cycle: perl -> perl-IO-Socket-IP
[  280s]   breaking dependency perl -> perl-IO-Socket-IP
[  280s] cycle: perl -> perl-IPC-Cmd -> perl-ExtUtils-MakeMaker
[  280s]   breaking dependency perl -> perl-IPC-Cmd
[  280s] cycle: perl -> perl-IPC-SysV
[  280s]   breaking dependency perl -> perl-IPC-SysV
[  280s] cycle: perl -> perl-JSON-PP
[  280s]   breaking dependency perl -> perl-JSON-PP
[  280s] cycle: perl -> perl-Locale-Codes -> perl-constant
[  280s]   breaking dependency perl -> perl-Locale-Codes
[  280s] cycle: perl -> perl-MIME-Base64
[  280s]   breaking dependency perl -> perl-MIME-Base64
[  280s] cycle: perl -> perl-Math-BigInt
[  280s]   breaking dependency perl -> perl-Math-BigInt
[  280s] cycle: perl -> perl-Math-BigInt-FastCalc -> perl-Math-BigInt
[  280s]   breaking dependency perl -> perl-Math-BigInt-FastCalc
[  280s] cycle: perl -> perl-Math-BigRat -> perl-Math-BigInt
[  280s]   breaking dependency perl -> perl-Math-BigRat
[  280s] cycle: perl -> perl-Module-CoreList
[  280s]   breaking dependency perl -> perl-Module-CoreList
[  280s] cycle: perl -> perl-Module-Load -> perl-PathTools
[  280s]   breaking dependency perl -> perl-Module-Load
[  280s] cycle: perl -> perl-Module-Load-Conditional
[  280s]   breaking dependency perl -> perl-Module-Load-Conditional
[  280s] cycle: perl -> perl-Module-Metadata
[  280s]   breaking dependency perl -> perl-Module-Metadata
[  280s] cycle: perl -> perl-Params-Check
[  280s]   breaking dependency perl -> perl-Params-Check
[  280s] cycle: perl -> perl-PerlIO-via-QuotedPrint -> perl-MIME-Base64
[  280s]   breaking dependency perl -> perl-PerlIO-via-QuotedPrint
[  280s] cycle: perl -> perl-Pod-Checker
[  280s]   breaking dependency perl -> perl-Pod-Checker
[  280s] cycle: perl -> perl-Pod-Escapes
[  280s]   breaking dependency perl -> perl-Pod-Escapes
[  280s] cycle: perl -> perl-Pod-Parser
[  280s]   breaking dependency perl -> perl-Pod-Parser
[  280s] cycle: perl -> perl-Pod-Perldoc
[  280s]   breaking dependency perl -> perl-Pod-Perldoc
[  280s] cycle: perl -> perl-Pod-Usage
[  280s]   breaking dependency perl -> perl-Pod-Usage
[  280s] cycle: perl -> perl-Sys-Syslog
[  280s]   breaking dependency perl -> perl-Sys-Syslog
[  280s] cycle: perl -> perl-Term-Cap
[  280s]   breaking dependency perl -> perl-Term-Cap
[  280s] cycle: perl -> perl-Test-Harness
[  280s]   breaking dependency perl -> perl-Test-Harness
[  280s] cycle: perl -> perl-Test-Simple
[  280s]   breaking dependency perl -> perl-Test-Simple
[  280s] cycle: perl -> perl-Text-Balanced
[  280s]   breaking dependency perl -> perl-Text-Balanced
[  280s] cycle: perl -> perl-Thread-Queue -> perl-threads-shared
[  280s]   breaking dependency perl -> perl-Thread-Queue
[  280s] cycle: perl -> perl-Unicode-Collate -> perl-PathTools
[  280s]   breaking dependency perl -> perl-Unicode-Collate
[  280s] cycle: perl -> perl-autodie
[  280s]   breaking dependency perl -> perl-autodie
[  280s] cycle: perl -> perl-bignum -> perl-Math-BigInt
[  280s]   breaking dependency perl -> perl-bignum
[  280s] cycle: perl -> perl-devel
[  280s]   breaking dependency perl -> perl-devel
[  280s] cycle: perl -> perl-Encode-devel
[  280s]   breaking dependency perl -> perl-Encode-devel
[  280s] cycle: perl -> perl-experimental
[  280s]   breaking dependency perl -> perl-experimental
[  280s] cycle: perl -> perl-libnet -> perl-Digest-MD5 -> perl-Digest -> perl-MIME-Base64
[  280s]   breaking dependency perl -> perl-libnet
[  280s] cycle: perl -> perl-podlators
[  280s]   breaking dependency perl -> perl-podlators
[  280s] cycle: perl -> perl-version
[  280s]   breaking dependency perl -> perl-version
[  280s] cycle: glib2 -> gamin
[  280s]   breaking dependency glib2 -> gamin
[  280s] cycle: systemd -> gnutls -> unbound-libs -> shadow -> pam -> audit
[  280s]   breaking dependency systemd -> gnutls
[  280s] cycle: systemd -> pam -> audit
[  280s]   breaking dependency systemd -> pam
[  280s] cycle: systemd -> shadow -> pam -> audit
[  280s]   breaking dependency systemd -> shadow
[  280s] cycle: pam -> libpwquality
[  280s]   breaking dependency pam -> libpwquality
[  280s] cycle: perl-Getopt-Long -> perl-Pod-Usage
[  280s]   breaking dependency perl-Pod-Usage -> perl-Getopt-Long
[  280s] cycle: perl-Getopt-Long -> perl-Pod-Usage -> perl-podlators -> perl-Encode
[  280s]   breaking dependency perl-podlators -> perl-Encode
[  280s] cycle: perl-Getopt-Long -> perl-Pod-Usage -> perl-podlators
[  280s]   breaking dependency perl-podlators -> perl-Getopt-Long
[  280s] cycle: perl-Getopt-Long -> perl-Pod-Usage -> perl-podlators -> perl-Pod-Simple -> perl-Encode
[  280s]   breaking dependency perl-Encode -> perl-Getopt-Long
[  280s] cycle: perl-Getopt-Long -> perl-Pod-Usage -> perl-podlators -> perl-Pod-Simple
[  280s]   breaking dependency perl-podlators -> perl-Pod-Simple
[  280s] cycle: perl-Pod-Usage -> perl-podlators
[  280s]   breaking dependency perl-podlators -> perl-Pod-Usage
[  280s] cycle: groff -> perl-Getopt-Long -> perl-Pod-Usage -> perl-Pod-Perldoc
[  280s]   breaking dependency groff -> perl-Getopt-Long
[  280s] cycle: nss -> nss-util
[  280s]   breaking dependency nss -> nss-util
[  280s] cycle: nss -> nss-softokn -> nss-util
[  280s]   breaking dependency nss -> nss-softokn
[  280s] cycle: libxcrypt-devel -> glibc-devel
[  280s]   breaking dependency glibc-devel -> libxcrypt-devel
[  280s] cycle: cmake-data -> cmake
[  280s]   breaking dependency cmake -> cmake-data
[  280s] cycle: perl-Getopt-Long -> perl-Pod-Usage -> perl-Pod-Perldoc -> perl-Pod-Simple
[  280s]   breaking dependency perl-Pod-Perldoc -> perl-Pod-Simple
[  280s] cycle: openssh -> openssh-server
[  280s]   breaking dependency openssh-server -> openssh
[  280s] cycle: git -> perl-Git
[  280s]   breaking dependency git -> perl-Git
[  280s] cycle: perl-ExtUtils-Install -> perl-ExtUtils-MakeMaker
[  280s]   breaking dependency perl-ExtUtils-MakeMaker -> perl-ExtUtils-Install
[  281s] done
[  281s] querying package ids...
[  318s] [1/382] installing cmake-filesystem-3.22.0-1.oe1
[  320s] [2/382] installing fonts-filesystem-2.0.2-2.oe1
[  321s] [3/382] installing fuse-common-3.9.2-5.oe1
[  322s] [4/382] installing javapackages-filesystem-5.3.0-3.oe1
[  325s] [5/382] installing kernel-headers-5.10-3.oe1
[  333s] [6/382] installing libreport-filesystem-2.13.1-5.oe1
[  335s] [7/382] installing ncurses-base-6.1-14.oe1
[  337s] [8/382] installing openEuler-gpg-keys-1.0-2.5.oe1
[  338s] [9/382] installing python-setuptools-59.4.0-3.oe1
[  340s] [10/382] installing qt5-srpm-macros-5.15.2-1.oe1
[  341s] [11/382] installing tzdata-2021a-2.oe1
[  349s] [12/382] installing tzdata-java-2021a-2.oe1
[  353s] [13/382] installing dnf-data-4.10.0-1.oe1
[  355s] [14/382] installing openEuler-repos-1.0-2.5.oe1
[  356s] [15/382] installing wqy-zenhei-fonts-0.9.46-21.oe1
[  366s] [16/382] installing openEuler-release-20.03LTS-40.oe1
[  368s] [17/382] installing filesystem-3.9-3.oe1
[  380s] warning: group mail does not exist - using root
[  380s] [18/382] installing emacs-filesystem-1:27.1-5.oe1
[  381s] [19/382] installing libgcc-10.3.1-20220105.6.oe1
[  384s] [20/382] installing setup-2.13.3-4.oe1
[  385s] [21/382] installing glibc-2.34-64.oe1
[  394s] [22/382] installing brotli-1.0.9-2.oe1
[  396s] [23/382] installing chrpath-0.16-12.oe1
[  397s] [24/382] installing cpio-2.13-4.oe1
[  399s] [25/382] installing diffutils-3.7-4.oe1
[  401s] [26/382] installing expat-2.2.10-1.oe1
[  402s] [27/382] installing giflib-5.2.1-2.oe1
[  403s] [28/382] installing json-c-0.15-1.oe1
[  404s] [29/382] installing keyutils-libs-1.6.3-3.oe1
[  406s] [30/382] installing libICE-1.0.10-2.oe1
[  407s] [31/382] installing libXau-1.0.9-2.oe1
[  408s] [32/382] installing libaio-0.3.112-1.oe1
[  411s] [33/382] installing libargon2-20190702-1.oe1
[  412s] [34/382] installing libatomic-10.3.1-20220105.6.oe1
[  414s] [35/382] installing libcap-ng-0.7.11-1.oe1
[  415s] [36/382] installing libev-4.24-11.oe1
[  416s] [37/382] installing libffi-3.3-31.oe1
[  417s] [38/382] installing libgomp-10.3.1-20220105.6.oe1
[  422s] [39/382] installing libgpg-error-1.41-1.oe1
[  424s] [40/382] installing libjpeg-turbo-2.0.6-1.oe1
[  426s] [41/382] installing libnghttp2-1.42.0-1.oe1
[  427s] [42/382] installing libpcap-14:1.9.1-7.oe1
[  428s] [43/382] installing libpipeline-1.5.3-1.oe1
[  430s] [44/382] installing libsigsegv-2.11-10.oe1
[  432s] [45/382] installing libsmartcols-2.36.1-3.oe1
[  434s] [46/382] installing libtasn1-4.16.0-2.oe1
[  436s] [47/382] installing libtool-ltdl-2.4.6-34.oe1
[  437s] [48/382] installing libunistring-0.9.10-8.oe1
[  439s] [49/382] installing libuuid-2.36.1-3.oe1
[  440s] [50/382] installing libuv-1:1.40.0-1.oe1
[  442s] [51/382] installing libxcrypt-4.4.8-4.oe1
[  443s] [52/382] installing libyaml-0.2.5-1.oe1
[  445s] [53/382] installing lz4-1.9.3-1.oe1
[  446s] [54/382] installing m4-1.4.18-14.oe1
[  448s] [55/382] installing nspr-4.32.0-1.oe1
[  451s] [56/382] installing pkgconf-1.7.3-1.oe1
[  452s] [57/382] installing rhash-1.3.5-5.oe1
[  454s] [58/382] installing which-2.21-14.oe1
[  455s] [59/382] installing xz-libs-5.2.5-1.oe1
[  456s] [60/382] installing zlib-1.2.11-18.oe1
[  458s] [61/382] installing attr-2.4.48-12.oe1
[  460s] [62/382] installing basesystem-12-2.oe1
[  461s] [63/382] installing libstdc++-10.3.1-20220105.6.oe1
[  463s] [64/382] installing ncurses-libs-6.1-14.oe1
[  465s] [65/382] installing libsepol-3.1-4.oe1
[  467s] [66/382] installing libstdc++-devel-10.3.1-20220105.6.oe1
[  477s] [67/382] installing audit-libs-1:3.0-2.oe1
[  479s] [68/382] installing elfutils-libelf-0.185-3.oe1
[  482s] [69/382] installing file-libs-5.39-6.oe1
[  484s] [70/382] installing gmp-1:6.2.1-3.oe1
[  486s] [71/382] installing iptables-libs-1.8.1-4.oe1
[  488s] [72/382] installing less-563-2.oe1
[  494s] [73/382] installing libacl-2.2.53-7.oe1
[  496s] [74/382] installing libassuan-2.5.4-1.oe1
[  499s] [75/382] installing libedit-3.1-27.oe1
[  500s] [76/382] installing libffi-devel-3.3-31.oe1
[  501s] [77/382] installing libfontenc-1.1.4-2.oe1
[  502s] [78/382] installing libgcrypt-1.8.7-1.oe1
[  504s] [79/382] installing libmetalink-0.1.3-8.oe1
[  505s] [80/382] installing libpng-2:1.6.37-1.oe1
[  507s] [81/382] installing libxcb-1.14-1.oe1
[  509s] [82/382] installing readline-8.0-2.oe1
[  511s] [83/382] installing fuse-2.9.9-6.oe1
[  513s] [84/382] installing gc-8.0.4-2.oe1
[  515s] [85/382] installing libSM-1.2.3-2.oe1
[  516s] [86/382] installing libdb-5.3.28-35.oe1
[  521s] [87/382] installing libselinux-3.1-3.oe1
[  523s] [88/382] installing libxml2-2.9.10-15.oe1
[  525s] [89/382] installing bash-5.1-1.oe1
[  529s] [90/382] installing perl-libs-4:5.28.0-435.oe1
[  536s] [91/382] installing zstd-1.4.8-2.oe1
[  539s] [92/382] installing ncurses-6.1-14.oe1
[  550s] [93/382] installing thin-provisioning-tools-0.8.5-1.oe1
[  553s] [94/382] installing perl-parent-1:0.237-4.oe1
[  554s] [95/382] installing perl-perlfaq-5.20180915-5.oe1
[  556s] [96/382] installing libX11-1.6.9-2.oe1
[  559s] [97/382] installing mpfr-4.1.0-1.oe1
[  561s] [98/382] installing nettle-3.6-6.oe1
[  563s] [99/382] installing pcre2-10.36-1.oe1
[  565s] [100/382] installing perl-Exporter-5.74-1.oe1
[  567s] [101/382] installing file-5.39-6.oe1
[  568s] [102/382] installing gdbm-1:1.18.1-1.oe1
[  571s] [103/382] installing patch-2.7.6-12.oe1
[  572s] [104/382] installing qrencode-4.1.1-1
[  573s] [105/382] installing sed-4.8-2.oe1
[  575s] [106/382] installing acl-2.2.53-7.oe1
[  576s] [107/382] installing libcomps-0.1.15-1.oe1
[  578s] [108/382] installing pcre-8.44-1.oe1
[  580s] [109/382] installing glibc-common-2.34-64.oe1
[  593s] [110/382] installing crontabs-1.11-21.oe1
[  594s] [111/382] installing libXcomposite-0.4.5-1.oe1
[  597s] [112/382] installing libXext-1.3.4-2.oe1
[  599s] [113/382] installing libXpm-3.5.12-11.oe1
[  601s] [114/382] installing libXrender-0.9.10-10.oe1
[  602s] [115/382] installing perl-Carp-1.50-418.oe1
[  603s] [116/382] installing perl-Perl-OSType-1.010-421.oe1
[  605s] [117/382] installing perl-Term-ANSIColor-4.06-511.oe1
[  606s] [118/382] installing libmpc-1.2.0-2.oe1
[  608s] [119/382] installing grep-3.6-1.oe1
[  611s] [120/382] installing libXt-1.2.0-0.oe1
[  613s] [121/382] installing gawk-5.0.1-2.oe1
[  615s] [122/382] installing libXi-1.7.10-1.oe1
[  617s] [123/382] installing perl-Text-ParseWords-3.30-419.oe1
[  619s] [124/382] installing crypto-policies-20180925-3.git71ca85f.oe1
[  627s] [125/382] installing libXmu-1.1.3-1.oe1
[  629s] [126/382] installing cpp-10.3.1-20220105.6.oe1
[  640s] [127/382] installing libXtst-1.2.3-10.oe1
[  642s] [128/382] installing openssl-libs-1:1.1.1f-2.oe1
[  646s] [129/382] installing libXaw-1.0.13-13.oe1
[  649s] [130/382] installing ima-evm-utils-libs-1.2.1-8.oe1
[  651s] [131/382] installing libevent-2.1.12-4
[  654s] [132/382] installing kmod-libs-27-4.oe1
[  656s] [133/382] installing kmod-27-4.oe1
[  658s] [134/382] installing nodejs-libs-1:16.10.0-1.oe1
[  700s] [135/382] installing coreutils-8.31-4.oe1
[  708s] [136/382] installing alsa-lib-1.2.4-1.oe1
[  712s] [137/382] installing elfutils-default-yama-scope-0.185-3.oe1
[  714s] /usr/lib/systemd/systemd-sysctl: error while loading shared libraries: libseccomp.so.2: cannot open shared object file: No such file or directory
[  714s] [138/382] installing publicsuffix-list-20200718-1.oe1
[  716s] [139/382] installing uname-build-checks-1.0-0.4.oe1
[  717s] [140/382] installing bzip2-1.0.8-3.oe1
[  719s] [141/382] installing gzip-1.10-1.oe1
[  721s] [142/382] installing hostname-3.21-2.oe1
[  723s] [143/382] installing libcap-2.32-2.oe1
[  726s] [144/382] installing libseccomp-2.4.3-2.oe1
[  733s] [145/382] installing lksctp-tools-1.0.16-11.oe1
[  736s] [146/382] installing npth-1.5-7.oe1
[  738s] [147/382] installing popt-1.18-1.oe1
[  741s] [148/382] installing fipscheck-1.5.0-7.oe1
[  745s] [149/382] installing libblkid-2.36.1-3.oe1
[  748s] [150/382] installing libidn2-2.3.0-1.oe1
[  751s] [151/382] installing libksba-1.3.5-12.oe1
[  753s] [152/382] installing tar-2:1.32-3.oe1
[  756s] [153/382] installing tcl-1:8.6.10-3.oe1
[  761s] [154/382] installing info-6.7-2.oe1
[  762s] [155/382] installing jsoncpp-1.9.4-1.oe1
[  765s] [156/382] installing libgpg-error-devel-1.41-1.oe1
[  768s] [157/382] installing lua-5.3.5-6.oe1
[  770s] [158/382] installing ncurses-devel-6.1-14.oe1
[  777s] [159/382] installing slang-2.3.2-8.oe1
[  780s] [160/382] installing xz-5.2.5-1.oe1
[  782s] [161/382] installing libxslt-1.1.32-7.oe1
[  784s] [162/382] installing perl-Scalar-List-Utils-3:1.52-2.oe1
[  786s] [163/382] installing perl-Time-HiRes-1.9760-2.oe1
[  788s] [164/382] installing perl-Unicode-Normalize-1.26-419.oe1
[  791s] [165/382] installing systemd-libs-243-22.oe1
[  794s] [166/382] installing guile-5:2.0.14-15.oe1
[  803s] [167/382] installing dbus-libs-1:1.12.20-3.oe1
[  805s] [168/382] installing zip-3.0-29.oe1
[  807s] [169/382] installing libfdisk-2.36.1-3.oe1
[  809s] [170/382] installing newt-0.52.21-4.oe1
[  812s] [171/382] installing p11-kit-0.23.22-1.oe1
[  815s] [172/382] installing procps-ng-3.3.16-15.oe1
[  818s] [173/382] installing elfutils-libs-0.185-3.oe1
[  820s] [174/382] installing libmount-2.36.1-3.oe1
[  823s] [175/382] installing lua-posix-33.3.1-12.oe1
[  828s] [176/382] installing unzip-6.0-47.oe1
[  829s] [177/382] installing cracklib-2.9.7-6.oe1
[  836s] [178/382] installing e2fsprogs-1.45.6-3.oe1
[  839s] [179/382] installing findutils-2:4.7.0-7.oe1
[  843s] [180/382] installing libsemanage-3.1-4.oe1
[  845s] [181/382] installing make-1:4.2.1-15.oe1
[  848s] [182/382] installing sqlite-3.24.0-9.oe1
[  852s] [183/382] installing logrotate-3.15.1-2.oe1
[  854s] [184/382] installing freetype-2.10.2-3.oe1
[  857s] [185/382] installing glibc-devel-2.34-64.oe1
[  872s] [186/382] installing libgcrypt-devel-1.8.7-1.oe1
[  874s] [187/382] installing gnupg2-2.2.27-2.oe1
[  885s] [188/382] installing libarchive-3.5.1-1.oe1
[  889s] [189/382] installing dbus-tools-1:1.12.20-3.oe1
[  891s] [190/382] installing libxcrypt-devel-4.4.8-4.oe1
[  893s] [191/382] installing copy-jdk-configs-4.0-1.oe1
[  895s] [192/382] installing gpgme-1.15.1-1.oe1
[  898s] [193/382] installing obs-env-1.0-5.oe1
[  906s] [194/382] installing chkconfig-1.14-2.oe1
[  909s] [195/382] installing elfutils-0.185-3.oe1
[  911s] [196/382] installing xorg-x11-font-utils-1:7.5-43.oe1
[  914s] [197/382] installing fontconfig-2.13.92-1.oe1
[  920s] [198/382] installing glib2-2.66.8-1.oe1
[  927s] [199/382] installing rpm-libs-4.15.1-25.oe1
[  929s] [200/382] installing libcroco-0.6.12-13.oe1
[  931s] [201/382] installing gamin-0.1.10-38.oe1
[  934s] [202/382] installing libsecret-0.18.6-5.oe1
[  937s] [203/382] installing libverto-0.3.1-2.oe1
[  939s] [204/382] installing xorg-x11-fonts-others-7.5-24
[  959s] [205/382] installing libmodulemd-2.13.0-1.oe1
[  961s] [206/382] installing binutils-2.37-6.oe1
[  972s] [207/382] installing p11-kit-trust-0.23.22-1.oe1
[  974s] [208/382] installing babeltrace-1.5.8-1.oe1
[  976s] [209/382] installing ca-certificates-2020.2.46-2.oe1
[  986s] [210/382] installing gettext-0.20.1-2.oe1
[  995s] [211/382] installing krb5-libs-1.18.2-3.oe1
[  998s] [212/382] installing gcc-10.3.1-20220105.6.oe1
[ 1028s] [213/382] installing python-pip-wheel-19.2.3-2.fc32
[ 1030s] [214/382] installing libtirpc-1.3.1-1.oe1
[ 1032s] [215/382] installing cyrus-sasl-lib-2.1.27-10.oe1
[ 1034s] [216/382] installing libssh-0.9.5-1.oe1
[ 1036s] [217/382] installing gcc-c++-10.3.1-20220105.6.oe1
[ 1050s] [218/382] installing openldap-2.4.46-15.oe1
[ 1053s] [219/382] installing libnsl2-1.3.0-2.oe1
[ 1055s] [220/382] installing python3-3.8.5-13.oe1
[ 1095s] [221/382] installing python3-pyparsing-2.4.5-1.fc32
[ 1097s] [222/382] installing python3-setuptools-59.4.0-3.oe1
[ 1103s] [223/382] installing python3-setuptools_scm-3.3.3-6.fc32
[ 1105s] [224/382] installing python3-six-1.12.0-7.fc32
[ 1107s] [225/382] installing python3-gpgme-1.15.1-1.oe1
[ 1111s] [226/382] installing python3-lxml-4.4.1-3.fc32
[ 1115s] [227/382] installing python3-libcomps-0.1.15-1.oe1
[ 1117s] [228/382] installing libpsl-0.21.1-1.oe1
[ 1119s] [229/382] installing gdb-headless-9.2-5.oe1
[ 1126s] [230/382] installing systemtap-sdt-devel-4.1-3.oe1
[ 1128s] [231/382] installing gdb-9.2-5.oe1
[ 1131s] [232/382] installing python3-javapackages-5.3.0-3.oe1
[ 1134s] [233/382] installing python3-pip-19.2.3-2.fc32
[ 1142s] [234/382] installing libcurl-7.66.0-3.oe1
[ 1144s] [235/382] installing curl-7.66.0-3.oe1
[ 1145s] [236/382] installing librepo-1.14.2-2.oe1
[ 1149s] [237/382] installing rpm-4.15.1-25.oe1
[ 1153s] [238/382] installing efi-srpm-macros-4-3.oe1
[ 1155s] [239/382] installing cmake-rpm-macros-3.22.0-1.oe1
[ 1157s] [240/382] installing libsolv-0.7.20-1.oe1
[ 1159s] [241/382] installing python3-rpm-4.15.1-25.oe1
[ 1162s] [242/382] installing openEuler-rpm-config-30-22.oe1
[ 1164s] [243/382] installing cmake-3.22.0-1.oe1
[ 1179s] [244/382] installing libdnf-0.65.0-2.oe1
[ 1182s] [245/382] installing cmake-data-3.22.0-1.oe1
[ 1200s] [246/382] installing python3-libdnf-0.65.0-2.oe1
[ 1203s] [247/382] installing perl-4:5.28.0-435.oe1
[ 1212s] [248/382] installing perl-B-Debug-1.26-4.oe1
[ 1213s] [249/382] installing perl-Env-1.04-397.oe1
[ 1215s] [250/382] installing perl-Devel-PPPort-3.42-4.oe1
[ 1218s] [251/382] installing perl-Pod-Escapes-1:1.07-419.oe1
[ 1219s] [252/382] installing perl-Text-Tabs+Wrap-2013.0523-419.oe1
[ 1220s] [253/382] installing perl-Algorithm-Diff-1.1903-14.oe1
[ 1222s] [254/382] installing perl-Params-Check-1:0.38-418.oe1
[ 1223s] [255/382] installing perl-Term-Cap-1.17-510.oe1
[ 1224s] [256/382] installing perl-TermReadKey-2.38-2.oe1
[ 1227s] [257/382] installing perl-Text-Balanced-2.03-420.oe1
[ 1228s] [258/382] installing perl-threads-1:2.22-419.oe1
[ 1230s] [259/382] installing openssl-1:1.1.1f-2.oe1
[ 1232s] [260/382] installing perl-Config-Perl-V-0.30-5.oe1
[ 1234s] [261/382] installing perl-Error-1:0.17029-1.oe1
[ 1235s] [262/382] installing perl-Filter-2:1.59-2.oe1
[ 1237s] [263/382] installing perl-IPC-SysV-2.07-5.oe1
[ 1239s] [264/382] installing perl-Locale-Maketext-1:1.28-1.oe1
[ 1241s] [265/382] installing perl-constant-1.33-421.oe1
[ 1242s] [266/382] installing perl-MIME-Base64-3.15-418.oe1
[ 1245s] [267/382] installing perl-CPAN-Meta-YAML-0.018-420.oe1
[ 1247s] [268/382] installing perl-Socket-4:2.029-2.oe1
[ 1249s] [269/382] installing perl-Storable-1:3.15-2.oe1
[ 1251s] [270/382] installing python3-hawkey-0.65.0-2.oe1
[ 1254s] [271/382] installing perl-PerlIO-via-QuotedPrint-0.08-397.oe1
[ 1256s] [272/382] installing perl-Digest-1.17-419.oe1
[ 1258s] [273/382] installing perl-Filter-Simple-1:0.94-1.oe1
[ 1259s] [274/382] installing perl-IO-Socket-IP-0.39-420.oe1
[ 1261s] [275/382] installing perl-Text-Diff-1.45-7.oe1
[ 1262s] [276/382] installing perl-Time-Local-2:1.280-6.oe1
[ 1264s] [277/382] installing perl-version-8:0.99.24-3.oe1
[ 1273s] [278/382] installing perl-IPC-System-Simple-1.25-19.oe1
[ 1279s] [279/382] installing perl-threads-shared-1.59-2.oe1
[ 1282s] [280/382] installing perl-Compress-Raw-Bzip2-2.100-1.oe1
[ 1284s] [281/382] installing perl-Compress-Raw-Zlib-1:2.100-1.oe1
[ 1286s] [282/382] installing perl-Locale-Codes-3.58-2.oe1
[ 1289s] [283/382] installing perl-Math-BigInt-1:1.9998.13-5.oe1
[ 1292s] [284/382] installing perl-PathTools-3.75-4.oe1
[ 1294s] [285/382] installing python3-dnf-4.10.0-1.oe1
[ 1299s] [286/382] installing perl-Data-Dumper-2.172-3.oe1
[ 1301s] [287/382] installing perl-Sys-Syslog-0.35-420.oe1
[ 1305s] [288/382] installing perl-Encode-4:2.98-9.oe1
[ 1311s] [289/382] installing autogen-5.18.16-1.oe1
[ 1314s] [290/382] installing nodejs-1:16.10.0-1.oe1
[ 1319s] [291/382] installing systemd-243-22.oe1
[ 1340s] /var/tmp/rpm-tmp.BuoX0i: line 8: groupadd: command not found
[ 1340s] /var/tmp/rpm-tmp.BuoX0i: line 10: groupadd: command not found
[ 1340s] /var/tmp/rpm-tmp.BuoX0i: line 13: groupadd: command not found
[ 1340s] /var/tmp/rpm-tmp.BuoX0i: line 16: groupadd: command not found
[ 1340s] [292/382] installing dbus-common-1:1.12.20-3.oe1
[ 1342s] [293/382] installing nodejs-source-map-0.5.6-1.oe1
[ 1344s] [294/382] installing perl-Module-Load-1:0.32-418.oe1
[ 1347s] [295/382] installing nodejs-packaging-20-1.oe1
[ 1349s] [296/382] installing dnf-4.10.0-1.oe1
[ 1353s] Failed to preset unit, unit dnf-automatic.timer does not exist.
[ 1353s] Failed to preset unit, unit dnf-automatic-notifyonly.timer does not exist.
[ 1353s] Failed to preset unit, unit dnf-automatic-download.timer does not exist.
[ 1353s] Failed to preset unit, unit dnf-automatic-install.timer does not exist.
[ 1353s] [297/382] installing perl-File-Which-1.23-1.oe1
[ 1355s] [298/382] installing perl-Thread-Queue-3.13-3.oe1
[ 1357s] [299/382] installing perl-experimental-0.020-2.oe1
[ 1359s] [300/382] installing perl-Digest-MD5-2.55-419.oe1
[ 1361s] [301/382] installing perl-File-Path-2.16-4.oe1
[ 1364s] [302/382] installing perl-Math-BigInt-FastCalc-0.500.700-4.oe1
[ 1367s] [303/382] installing perl-Module-Metadata-1.000036-3.oe1
[ 1368s] [304/382] installing perl-CPAN-Meta-Requirements-2.140-419.oe1
[ 1371s] [305/382] installing perl-Encode-devel-4:2.98-9.oe1
[ 1373s] [306/382] installing perl-HTTP-Tiny-0.076-3.oe1
[ 1375s] [307/382] installing perl-Math-BigRat-0.2614-2.oe1
[ 1376s] [308/382] installing audit-1:3.0-2.oe1
[ 1380s] [309/382] installing perl-DB_File-1.842-2.oe1
[ 1383s] [310/382] installing perl-autodie-2.29-398.oe1
[ 1385s] [311/382] installing perl-Unicode-Collate-1.25-4.oe1
[ 1391s] [312/382] installing perl-IO-Compress-2.081-6.oe1
[ 1393s] [313/382] installing perl-podlators-1:4.14-1.oe1
[ 1395s] [314/382] installing perl-ExtUtils-Command-1:7.60-1.oe1
[ 1397s] [315/382] installing perl-ExtUtils-Manifest-1:1.71-4.oe1
[ 1398s] [316/382] installing perl-bignum-0.50-4.oe1
[ 1400s] [317/382] installing perl-File-Temp-1:0.230.800-4.oe1
[ 1402s] [318/382] installing perl-libnet-3.11-420.oe1
[ 1404s] [319/382] installing pam-1.5.1-1.oe1
[ 1410s] [320/382] installing libpwquality-1.4.4-1.oe1
[ 1412s] [321/382] installing perl-File-HomeDir-1.004-4.oe1
[ 1414s] [322/382] installing shadow-2:4.8.1-5.oe1
[ 1418s] [323/382] installing perl-Test-Simple-2:1.302175-2.oe1
[ 1421s] [324/382] installing libutempter-1.1.6-16.oe1
[ 1428s] [325/382] installing unbound-libs-1.10.1-4.oe1
[ 1433s] [326/382] installing dbus-daemon-1:1.12.20-3.oe1
[ 1438s] [327/382] installing openssh-server-8.2p1-10.oe1
[ 1442s] Created symlink /etc/systemd/system/multi-user.target.wants/sshd.service -> /usr/lib/systemd/system/sshd.service.
[ 1442s] [328/382] installing groff-1.22.4-4.oe1
[ 1451s] [329/382] installing dbus-1:1.12.20-3.oe1
[ 1453s] [330/382] installing man-db-2.9.3-2.oe1
[ 1461s] [331/382] installing perl-Pod-Perldoc-1:3.28-3.oe1
[ 1463s] [332/382] installing gnutls-3.6.15-3.oe1
[ 1467s] [333/382] installing util-linux-2.36.1-3.oe1
[ 1477s] [334/382] installing nss-help-3.54.0-9.oe1
[ 1480s] [335/382] installing perl-Pod-Usage-4:1.69-418.oe1
[ 1485s] [336/382] installing device-mapper-8:1.02.172-1.oe1
[ 1488s] [337/382] installing openssh-8.2p1-10.oe1
[ 1492s] [338/382] installing perl-Getopt-Long-1:2.52-1.oe1
[ 1494s] [339/382] installing cryptsetup-2.3.3-3.oe1
[ 1498s] [340/382] installing device-mapper-event-8:1.02.172-1.oe1
[ 1502s] Created symlink /etc/systemd/system/sockets.target.wants/dm-event.socket -> /usr/lib/systemd/system/dm-event.socket.
[ 1502s] [341/382] installing nss-3.54.0-9.oe1
[ 1513s] [342/382] installing openssh-clients-8.2p1-10.oe1
[ 1516s] [343/382] installing nss-util-3.54.0-9.oe1
[ 1519s] [344/382] installing perl-ExtUtils-ParseXS-2:3.35-1.oe1
[ 1521s] [345/382] installing perl-Module-CoreList-1:5.20180920-2.oe1
[ 1524s] [346/382] installing perl-Digest-SHA-1:6.02-7.oe1
[ 1526s] [347/382] installing perl-Pod-Parser-1.63-397.oe1
[ 1528s] [348/382] installing perl-Pod-Simple-1:3.35-418.oe1
[ 1530s] [349/382] installing perl-Test-Harness-1:3.43_02-1.oe1
[ 1533s] [350/382] installing perl-Archive-Tar-2.30-421.oe1
[ 1534s] [351/382] installing perl-JSON-PP-1:4.04-2.oe1
[ 1536s] [352/382] installing lvm2-8:2.03.11-1.oe1
[ 1544s] Created symlink /etc/systemd/system/sysinit.target.wants/lvm2-lvmpolld.socket -> /usr/lib/systemd/system/lvm2-lvmpolld.socket.
[ 1545s] [353/382] installing autoconf-2.69-30.oe1
[ 1548s] [354/382] installing git-2.23.0-12.oe1
[ 1562s] [355/382] installing nss-softokn-3.54.0-9.oe1
[ 1566s] [356/382] installing perl-Pod-Checker-4:1.73-398.oe1
[ 1568s] [357/382] installing perl-Git-2.23.0-12.oe1
[ 1569s] [358/382] installing perl-CPAN-Meta-2.150010-419.oe1
[ 1573s] [359/382] installing perl-Module-Load-Conditional-0.68-418.oe1
[ 1575s] [360/382] installing automake-1.16.1-6.oe1
[ 1578s] [361/382] installing perl-ExtUtils-MakeMaker-1:7.60-1.oe1
[ 1580s] [362/382] installing perl-ExtUtils-Install-2.14-419.oe1
[ 1582s] [363/382] installing perl-IPC-Cmd-2:1.04-4.oe1
[ 1584s] [364/382] installing java-1.8.0-openjdk-headless-1:1.8.0.181.b15-1.1.riscv64.fc29
[ 1633s] [365/382] installing rpm-build-4.15.1-25.oe1
[ 1636s] [366/382] installing apache-commons-compress-1.17-6.oe1
[ 1638s] [367/382] installing beust-jcommander-1.71-7.oe1
[ 1639s] [368/382] installing jopt-simple-5.0.4-1.oe1
[ 1641s] [369/382] installing slf4j-1.7.25-8.oe1
[ 1643s] [370/382] installing xmvn-api-3.0.0-25.oe1
[ 1645s] [371/382] installing xmvn-core-3.0.0-25.oe1
[ 1647s] [372/382] installing javapackages-tools-5.3.0-3.oe1
[ 1650s] [373/382] installing gcc_secure-1.0-0.9.oe1
[ 1652s] [374/382] installing perl-File-Fetch-0.56-4.oe1
[ 1654s] [375/382] installing perl-devel-4:5.28.0-435.oe1
[ 1672s] [376/382] installing java-1.8.0-openjdk-1:1.8.0.181.b15-1.1.riscv64.fc29
[ 1675s] [377/382] installing objectweb-asm-7.0-1.oe1
[ 1677s] [378/382] installing xmvn-resolve-3.0.0-25.oe1
[ 1680s] [379/382] installing xmvn-subst-3.0.0-25.oe1
[ 1681s] [380/382] installing java-1.8.0-openjdk-devel-1:1.8.0.181.b15-1.1.riscv64.fc29
[ 1698s] [381/382] installing xmvn-install-3.0.0-25.oe1
[ 1700s] [382/382] installing javapackages-local-5.3.0-3.oe1
[ 1703s] removing nis flags from /var/cache/obs/worker/root_3/etc/nsswitch.conf...
[ 1703s] now finalizing build dir...
[ 1716s] Running build time source services...
[ 1734s] -----------------------------------------------------------------
[ 1734s] ----- building native-platform.spec (user abuild)
[ 1734s] -----------------------------------------------------------------
[ 1734s] -----------------------------------------------------------------
[ 1743s] + exec rpmbuild -ba --define '_srcdefattr (-,root,root)' --nosignature --define 'disturl obs://private/openEuler:Mainline:RISC-V/advanced_riscv64/0a3a1fdfc8df75208d200b4185ecf0c9-native-platform' /home/abuild/rpmbuild/SOURCES/native-platform.spec
[ 1743s] warning: bogus date in %changelog: Thu Dec 7 2019 openEuler Buildteam <buildteam@openeuler.org> - 0.14-15
[ 1744s] Executing(%prep): /bin/sh -e /var/tmp/rpm-tmp.4huvw6
[ 1744s] + umask 022
[ 1744s] + cd /home/abuild/rpmbuild/BUILD
[ 1744s] + cd /home/abuild/rpmbuild/BUILD
[ 1744s] + rm -rf native-platform-0.14
[ 1744s] + /usr/bin/gzip -dc /home/abuild/rpmbuild/SOURCES/native-platform-0.14.tar.gz
[ 1744s] + /usr/bin/tar -xof -
[ 1744s] + STATUS=0
[ 1744s] + '[' 0 -ne 0 ']'
[ 1744s] + cd native-platform-0.14
[ 1744s] + /usr/bin/chmod -Rf a+rX,u+w,g-w,o-w .
[ 1745s] + /usr/bin/cat /home/abuild/rpmbuild/SOURCES/0001-Load-lib-from-system.patch
[ 1745s] + /usr/bin/patch -p1 -s --fuzz=0 --no-backup-if-mismatch
[ 1745s] + /usr/bin/patch -p1 -s --fuzz=0 --no-backup-if-mismatch
[ 1745s] + /usr/bin/cat /home/abuild/rpmbuild/SOURCES/0002-Use-library-name-without-arch.patch
[ 1745s] + find . -name '*.jar' -delete
[ 1745s] + find . -name '*.class' -delete
[ 1745s] + cp -p /home/abuild/rpmbuild/SOURCES/native-platform-0.7-Makefile Makefile
[ 1745s] + chmod 644 readme.md
[ 1745s] + mv src/curses/cpp/curses.cpp src/main/cpp
[ 1745s] + mv src/shared/cpp/generic.cpp src/shared/cpp/generic_posix.cpp src/shared/cpp/osx.cpp src/shared/cpp/unix_strings.cpp src/main/cpp
[ 1745s] + RPM_EC=0
[ 1745s] ++ jobs -p
[ 1745s] + exit 0
[ 1745s] Executing(%build): /bin/sh -e /var/tmp/rpm-tmp.ej8sNv
[ 1745s] + umask 022
[ 1745s] + cd /home/abuild/rpmbuild/BUILD
[ 1745s] + cd native-platform-0.14
[ 1745s] + CFLAGS='-O2 -g -pipe -Wall -Werror=format-security -Wp,-D_FORTIFY_SOURCE=2 -Wp,-D_GLIBCXX_ASSERTIONS -fstack-protector-strong -grecord-gcc-switches -specs=/usr/lib/rpm/generic-hardened-cc1 -fasynchronous-unwind-tables -fstack-clash-protection'
[ 1745s] + export CFLAGS
[ 1745s] + CPPFLAGS='-O2 -g -pipe -Wall -Werror=format-security -Wp,-D_FORTIFY_SOURCE=2 -Wp,-D_GLIBCXX_ASSERTIONS -fstack-protector-strong -grecord-gcc-switches -specs=/usr/lib/rpm/generic-hardened-cc1 -fasynchronous-unwind-tables -fstack-clash-protection'
[ 1745s] + export CPPFLAGS
[ 1745s] + CXXFLAGS='-O2 -g -pipe -Wall -Werror=format-security -Wp,-D_FORTIFY_SOURCE=2 -Wp,-D_GLIBCXX_ASSERTIONS -fstack-protector-strong -grecord-gcc-switches -specs=/usr/lib/rpm/generic-hardened-cc1 -fasynchronous-unwind-tables -fstack-clash-protection'
[ 1745s] + export CXXFLAGS
[ 1745s] + LDFLAGS='-Wl,-z,relro   -Wl,-z,now -specs=/usr/lib/rpm/generic-hardened-ld'
[ 1745s] + export LDFLAGS
[ 1745s] + /usr/bin/make -O -j8 V=1 VERBOSE=1 JAVA_HOME=/usr/lib/jvm/java
[ 1746s] echo src/main/java/net/rubygrapefruit/platform/DirEntry.java src/main/java/net/rubygrapefruit/platform/FileEvents.java src/main/java/net/rubygrapefruit/platform/FileInfo.java src/main/java/net/rubygrapefruit/platform/FilePermissionException.java src/main/java/net/rubygrapefruit/platform/FileSystemInfo.java src/main/java/net/rubygrapefruit/platform/FileSystems.java src/main/java/net/rubygrapefruit/platform/FileWatch.java src/main/java/net/rubygrapefruit/platform/Files.java src/main/java/net/rubygrapefruit/platform/Memory.java src/main/java/net/rubygrapefruit/platform/MemoryInfo.java src/main/java/net/rubygrapefruit/platform/MissingRegistryEntryException.java src/main/java/net/rubygrapefruit/platform/Native.java src/main/java/net/rubygrapefruit/platform/NativeException.java src/main/java/net/rubygrapefruit/platform/NativeIntegration.java src/main/java/net/rubygrapefruit/platform/NativeIntegrationLinkageException.java src/main/java/net/rubygrapefruit/platform/NativeIntegrationUnavailableException.java src/main/java/net/rubygrapefruit/platform/NoSuchFileException.java src/main/java/net/rubygrapefruit/platform/NotADirectoryException.java src/main/java/net/rubygrapefruit/platform/OsxMemory.java src/main/java/net/rubygrapefruit/platform/OsxMemoryInfo.java src/main/java/net/rubygrapefruit/platform/PosixFileInfo.java src/main/java/net/rubygrapefruit/platform/PosixFiles.java src/main/java/net/rubygrapefruit/platform/Process.java src/main/java/net/rubygrapefruit/platform/ProcessLauncher.java src/main/java/net/rubygrapefruit/platform/ResourceClosedException.java src/main/java/net/rubygrapefruit/platform/SystemInfo.java src/main/java/net/rubygrapefruit/platform/Terminal.java src/main/java/net/rubygrapefruit/platform/TerminalSize.java src/main/java/net/rubygrapefruit/platform/Terminals.java src/main/java/net/rubygrapefruit/platform/ThreadSafe.java src/main/java/net/rubygrapefruit/platform/WindowsFileInfo.java src/main/java/net/rubygrapefruit/platform/WindowsFiles.java src/main/java/net/rubygrapefruit/platform/WindowsRegistry.java src/main/java/net/rubygrapefruit/platform/internal/AbstractFiles.java src/main/java/net/rubygrapefruit/platform/internal/AbstractTerminal.java src/main/java/net/rubygrapefruit/platform/internal/AbstractTerminals.java src/main/java/net/rubygrapefruit/platform/internal/AnsiTerminal.java src/main/java/net/rubygrapefruit/platform/internal/DefaultFileEvents.java src/main/java/net/rubygrapefruit/platform/internal/DefaultFileSystemInfo.java src/main/java/net/rubygrapefruit/platform/internal/DefaultMemory.java src/main/java/net/rubygrapefruit/platform/internal/DefaultMemoryInfo.java src/main/java/net/rubygrapefruit/platform/internal/DefaultOsxMemory.java src/main/java/net/rubygrapefruit/platform/internal/DefaultOsxMemoryInfo.java src/main/java/net/rubygrapefruit/platform/internal/DefaultPosixFiles.java src/main/java/net/rubygrapefruit/platform/internal/DefaultProcess.java src/main/java/net/rubygrapefruit/platform/internal/DefaultProcessLauncher.java src/main/java/net/rubygrapefruit/platform/internal/DefaultSystemInfo.java src/main/java/net/rubygrapefruit/platform/internal/DefaultWindowsFiles.java src/main/java/net/rubygrapefruit/platform/internal/DefaultWindowsRegistry.java src/main/java/net/rubygrapefruit/platform/internal/DirList.java src/main/java/net/rubygrapefruit/platform/internal/FileStat.java src/main/java/net/rubygrapefruit/platform/internal/FileSystemList.java src/main/java/net/rubygrapefruit/platform/internal/FunctionResult.java src/main/java/net/rubygrapefruit/platform/internal/LibraryDef.java src/main/java/net/rubygrapefruit/platform/internal/MutableSystemInfo.java src/main/java/net/rubygrapefruit/platform/internal/MutableTerminalSize.java src/main/java/net/rubygrapefruit/platform/internal/MutableTypeInfo.java src/main/java/net/rubygrapefruit/platform/internal/NativeLibraryLoader.java src/main/java/net/rubygrapefruit/platform/internal/NativeLibraryLocator.java src/main/java/net/rubygrapefruit/platform/internal/Platform.java src/main/java/net/rubygrapefruit/platform/internal/PosixFileSystems.java src/main/java/net/rubygrapefruit/platform/internal/TerminalCapabilities.java src/main/java/net/rubygrapefruit/platform/internal/TerminfoTerminal.java src/main/java/net/rubygrapefruit/platform/internal/TerminfoTerminals.java src/main/java/net/rubygrapefruit/platform/internal/WindowsDirList.java src/main/java/net/rubygrapefruit/platform/internal/WindowsFileStat.java src/main/java/net/rubygrapefruit/platform/internal/WindowsFileTime.java src/main/java/net/rubygrapefruit/platform/internal/WindowsProcessLauncher.java src/main/java/net/rubygrapefruit/platform/internal/WindowsTerminal.java src/main/java/net/rubygrapefruit/platform/internal/WindowsTerminals.java src/main/java/net/rubygrapefruit/platform/internal/WrapperProcess.java src/main/java/net/rubygrapefruit/platform/internal/WrapperProcessLauncher.java src/main/java/net/rubygrapefruit/platform/internal/WrapperTerminal.java src/main/java/net/rubygrapefruit/platform/internal/jni/FileEventFunctions.java src/main/java/net/rubygrapefruit/platform/internal/jni/MemoryFunctions.java src/main/java/net/rubygrapefruit/platform/internal/jni/NativeLibraryFunctions.java src/main/java/net/rubygrapefruit/platform/internal/jni/OsxMemoryFunctions.java src/main/java/net/rubygrapefruit/platform/internal/jni/PosixFileFunctions.java src/main/java/net/rubygrapefruit/platform/internal/jni/PosixFileSystemFunctions.java src/main/java/net/rubygrapefruit/platform/internal/jni/PosixProcessFunctions.java src/main/java/net/rubygrapefruit/platform/internal/jni/PosixTerminalFunctions.java src/main/java/net/rubygrapefruit/platform/internal/jni/PosixTypeFunctions.java src/main/java/net/rubygrapefruit/platform/internal/jni/TerminfoFunctions.java src/main/java/net/rubygrapefruit/platform/internal/jni/WindowsConsoleFunctions.java src/main/java/net/rubygrapefruit/platform/internal/jni/WindowsFileFunctions.java src/main/java/net/rubygrapefruit/platform/internal/jni/WindowsHandleFunctions.java src/main/java/net/rubygrapefruit/platform/internal/jni/WindowsRegistryFunctions.java src/main/java/net/rubygrapefruit/platform/package-info.java > javafiles-list
[ 1829s] mkdir -p build/classes
[ 1829s] /usr/lib/jvm/java/bin/javac -source 1.5 -target 1.5 -d build/classes -classpath /usr/share/java/jopt-simple/jopt-simple.jar @javafiles-list
[ 1829s] warning: [options] bootstrap class path not set in conjunction with -source 1.5
[ 1829s] warning: [options] source value 1.5 is obsolete and will be removed in a future release
[ 1829s] warning: [options] target value 1.5 is obsolete and will be removed in a future release
[ 1829s] warning: [options] To suppress warnings about obsolete options, use -Xlint:-options.
[ 1829s] Note: src/main/java/net/rubygrapefruit/platform/internal/WrapperProcess.java uses unchecked or unsafe operations.
[ 1829s] Note: Recompile with -Xlint:unchecked for details.
[ 1829s] 4 warnings
[ 1834s] mkdir -p build/docs/javadoc
[ 1834s] (cd build/classes ; /usr/lib/jvm/java/bin/jar cf ../../build/native-platform.jar .)
[ 1866s] mkdir -p build/headers
[ 1866s] /usr/lib/jvm/java/bin/javah -o build/headers/native.h -classpath build/classes \
[ 1866s] net.rubygrapefruit.platform.internal.jni.NativeLibraryFunctions \
[ 1866s] net.rubygrapefruit.platform.internal.jni.PosixFileFunctions \
[ 1866s] net.rubygrapefruit.platform.internal.jni.PosixFileSystemFunctions \
[ 1866s] net.rubygrapefruit.platform.internal.jni.PosixProcessFunctions \
[ 1866s] net.rubygrapefruit.platform.internal.jni.PosixTerminalFunctions \
[ 1866s] net.rubygrapefruit.platform.internal.jni.TerminfoFunctions \
[ 1866s] net.rubygrapefruit.platform.internal.jni.WindowsConsoleFunctions \
[ 1866s] net.rubygrapefruit.platform.internal.jni.WindowsHandleFunctions \
[ 1866s] net.rubygrapefruit.platform.internal.jni.WindowsRegistryFunctions
[ 1869s] mkdir -p build/binaries
[ 1869s] g++ -O2 -g -pipe -Wall -Werror=format-security -Wp,-D_FORTIFY_SOURCE=2 -Wp,-D_GLIBCXX_ASSERTIONS -fstack-protector-strong -grecord-gcc-switches -specs=/usr/lib/rpm/generic-hardened-cc1 -fasynchronous-unwind-tables -fstack-clash-protection -O2 -g -pipe -Wall -Werror=format-security -Wp,-D_FORTIFY_SOURCE=2 -Wp,-D_GLIBCXX_ASSERTIONS -fstack-protector-strong -grecord-gcc-switches -specs=/usr/lib/rpm/generic-hardened-cc1 -fasynchronous-unwind-tables -fstack-clash-protection -O2 -g -pipe -Wall -Werror=format-security -Wp,-D_FORTIFY_SOURCE=2 -Wp,-D_GLIBCXX_ASSERTIONS -fstack-protector-strong -grecord-gcc-switches -specs=/usr/lib/rpm/generic-hardened-cc1 -fasynchronous-unwind-tables -fstack-clash-protection -Wl,-z,relro   -Wl,-z,now -specs=/usr/lib/rpm/generic-hardened-ld -Isrc/shared/headers -Ibuild/headers -I/usr/include -I/usr/lib/jvm/java/include -I/usr/lib/jvm/java/include/linux -fPIC -c -o build/binaries/osx.o src/main/cpp/osx.cpp
[ 1869s] mkdir -p build/binaries
[ 1869s] g++ -O2 -g -pipe -Wall -Werror=format-security -Wp,-D_FORTIFY_SOURCE=2 -Wp,-D_GLIBCXX_ASSERTIONS -fstack-protector-strong -grecord-gcc-switches -specs=/usr/lib/rpm/generic-hardened-cc1 -fasynchronous-unwind-tables -fstack-clash-protection -O2 -g -pipe -Wall -Werror=format-security -Wp,-D_FORTIFY_SOURCE=2 -Wp,-D_GLIBCXX_ASSERTIONS -fstack-protector-strong -grecord-gcc-switches -specs=/usr/lib/rpm/generic-hardened-cc1 -fasynchronous-unwind-tables -fstack-clash-protection -O2 -g -pipe -Wall -Werror=format-security -Wp,-D_FORTIFY_SOURCE=2 -Wp,-D_GLIBCXX_ASSERTIONS -fstack-protector-strong -grecord-gcc-switches -specs=/usr/lib/rpm/generic-hardened-cc1 -fasynchronous-unwind-tables -fstack-clash-protection -Wl,-z,relro   -Wl,-z,now -specs=/usr/lib/rpm/generic-hardened-ld -Isrc/shared/headers -Ibuild/headers -I/usr/include -I/usr/lib/jvm/java/include -I/usr/lib/jvm/java/include/linux -fPIC -c -o build/binaries/win.o src/main/cpp/win.cpp
[ 1872s] mkdir -p build/binaries
[ 1872s] g++ -O2 -g -pipe -Wall -Werror=format-security -Wp,-D_FORTIFY_SOURCE=2 -Wp,-D_GLIBCXX_ASSERTIONS -fstack-protector-strong -grecord-gcc-switches -specs=/usr/lib/rpm/generic-hardened-cc1 -fasynchronous-unwind-tables -fstack-clash-protection -O2 -g -pipe -Wall -Werror=format-security -Wp,-D_FORTIFY_SOURCE=2 -Wp,-D_GLIBCXX_ASSERTIONS -fstack-protector-strong -grecord-gcc-switches -specs=/usr/lib/rpm/generic-hardened-cc1 -fasynchronous-unwind-tables -fstack-clash-protection -O2 -g -pipe -Wall -Werror=format-security -Wp,-D_FORTIFY_SOURCE=2 -Wp,-D_GLIBCXX_ASSERTIONS -fstack-protector-strong -grecord-gcc-switches -specs=/usr/lib/rpm/generic-hardened-cc1 -fasynchronous-unwind-tables -fstack-clash-protection -Wl,-z,relro   -Wl,-z,now -specs=/usr/lib/rpm/generic-hardened-ld -Isrc/shared/headers -Ibuild/headers -I/usr/include -I/usr/lib/jvm/java/include -I/usr/lib/jvm/java/include/linux -fPIC -c -o build/binaries/generic_posix.o src/main/cpp/generic_posix.cpp
[ 1873s] mkdir -p build/binaries
[ 1873s] g++ -O2 -g -pipe -Wall -Werror=format-security -Wp,-D_FORTIFY_SOURCE=2 -Wp,-D_GLIBCXX_ASSERTIONS -fstack-protector-strong -grecord-gcc-switches -specs=/usr/lib/rpm/generic-hardened-cc1 -fasynchronous-unwind-tables -fstack-clash-protection -O2 -g -pipe -Wall -Werror=format-security -Wp,-D_FORTIFY_SOURCE=2 -Wp,-D_GLIBCXX_ASSERTIONS -fstack-protector-strong -grecord-gcc-switches -specs=/usr/lib/rpm/generic-hardened-cc1 -fasynchronous-unwind-tables -fstack-clash-protection -O2 -g -pipe -Wall -Werror=format-security -Wp,-D_FORTIFY_SOURCE=2 -Wp,-D_GLIBCXX_ASSERTIONS -fstack-protector-strong -grecord-gcc-switches -specs=/usr/lib/rpm/generic-hardened-cc1 -fasynchronous-unwind-tables -fstack-clash-protection -Wl,-z,relro   -Wl,-z,now -specs=/usr/lib/rpm/generic-hardened-ld -Isrc/shared/headers -Ibuild/headers -I/usr/include -I/usr/lib/jvm/java/include -I/usr/lib/jvm/java/include/linux -fPIC -c -o build/binaries/generic.o src/main/cpp/generic.cpp
[ 1873s] mkdir -p build/binaries
[ 1873s] g++ -O2 -g -pipe -Wall -Werror=format-security -Wp,-D_FORTIFY_SOURCE=2 -Wp,-D_GLIBCXX_ASSERTIONS -fstack-protector-strong -grecord-gcc-switches -specs=/usr/lib/rpm/generic-hardened-cc1 -fasynchronous-unwind-tables -fstack-clash-protection -O2 -g -pipe -Wall -Werror=format-security -Wp,-D_FORTIFY_SOURCE=2 -Wp,-D_GLIBCXX_ASSERTIONS -fstack-protector-strong -grecord-gcc-switches -specs=/usr/lib/rpm/generic-hardened-cc1 -fasynchronous-unwind-tables -fstack-clash-protection -O2 -g -pipe -Wall -Werror=format-security -Wp,-D_FORTIFY_SOURCE=2 -Wp,-D_GLIBCXX_ASSERTIONS -fstack-protector-strong -grecord-gcc-switches -specs=/usr/lib/rpm/generic-hardened-cc1 -fasynchronous-unwind-tables -fstack-clash-protection -Wl,-z,relro   -Wl,-z,now -specs=/usr/lib/rpm/generic-hardened-ld -Isrc/shared/headers -Ibuild/headers -I/usr/include -I/usr/lib/jvm/java/include -I/usr/lib/jvm/java/include/linux -fPIC -c -o build/binaries/linux.o src/main/cpp/linux.cpp
[ 1873s] src/main/cpp/linux.cpp: In function 'jboolean Java_net_rubygrapefruit_platform_internal_jni_FileEventFunctions_waitForNextEvent(JNIEnv*, jclass, jobject, jobject)':
[ 1873s] src/main/cpp/linux.cpp:95:20: warning: comparison of integer expressions of different signedness: 'size_t' {aka 'long unsigned int'} and 'int' [-Wsign-compare]
[ 1873s]    95 |     if (read_count == -1) {
[ 1873s]       |         ~~~~~~~~~~~^~~~~
[ 1873s] mkdir -p build/binaries
[ 1873s] g++ -O2 -g -pipe -Wall -Werror=format-security -Wp,-D_FORTIFY_SOURCE=2 -Wp,-D_GLIBCXX_ASSERTIONS -fstack-protector-strong -grecord-gcc-switches -specs=/usr/lib/rpm/generic-hardened-cc1 -fasynchronous-unwind-tables -fstack-clash-protection -O2 -g -pipe -Wall -Werror=format-security -Wp,-D_FORTIFY_SOURCE=2 -Wp,-D_GLIBCXX_ASSERTIONS -fstack-protector-strong -grecord-gcc-switches -specs=/usr/lib/rpm/generic-hardened-cc1 -fasynchronous-unwind-tables -fstack-clash-protection -O2 -g -pipe -Wall -Werror=format-security -Wp,-D_FORTIFY_SOURCE=2 -Wp,-D_GLIBCXX_ASSERTIONS -fstack-protector-strong -grecord-gcc-switches -specs=/usr/lib/rpm/generic-hardened-cc1 -fasynchronous-unwind-tables -fstack-clash-protection -Wl,-z,relro   -Wl,-z,now -specs=/usr/lib/rpm/generic-hardened-ld -Isrc/shared/headers -Ibuild/headers -I/usr/include -I/usr/lib/jvm/java/include -I/usr/lib/jvm/java/include/linux -fPIC -c -o build/binaries/unix_strings.o src/main/cpp/unix_strings.cpp
[ 1873s] src/main/cpp/unix_strings.cpp: In function '_jstring* char_to_java(JNIEnv*, const char*, jobject)':
[ 1873s] src/main/cpp/unix_strings.cpp:62:22: warning: comparison of integer expressions of different signedness: 'int' and 'size_t' {aka 'long unsigned int'} [-Wsign-compare]
[ 1873s]    62 |     for (int i =0; i < stringLen; i++) {
[ 1873s]       |                    ~~^~~~~~~~~~~
[ 1875s] mkdir -p build/binaries
[ 1875s] g++ -O2 -g -pipe -Wall -Werror=format-security -Wp,-D_FORTIFY_SOURCE=2 -Wp,-D_GLIBCXX_ASSERTIONS -fstack-protector-strong -grecord-gcc-switches -specs=/usr/lib/rpm/generic-hardened-cc1 -fasynchronous-unwind-tables -fstack-clash-protection -O2 -g -pipe -Wall -Werror=format-security -Wp,-D_FORTIFY_SOURCE=2 -Wp,-D_GLIBCXX_ASSERTIONS -fstack-protector-strong -grecord-gcc-switches -specs=/usr/lib/rpm/generic-hardened-cc1 -fasynchronous-unwind-tables -fstack-clash-protection -O2 -g -pipe -Wall -Werror=format-security -Wp,-D_FORTIFY_SOURCE=2 -Wp,-D_GLIBCXX_ASSERTIONS -fstack-protector-strong -grecord-gcc-switches -specs=/usr/lib/rpm/generic-hardened-cc1 -fasynchronous-unwind-tables -fstack-clash-protection -Wl,-z,relro   -Wl,-z,now -specs=/usr/lib/rpm/generic-hardened-ld -Isrc/shared/headers -Ibuild/headers -I/usr/include -I/usr/lib/jvm/java/include -I/usr/lib/jvm/java/include/linux -fPIC -c -o build/binaries/posix.o src/main/cpp/posix.cpp
[ 1875s] src/main/cpp/posix.cpp: In function 'void Java_net_rubygrapefruit_platform_internal_jni_PosixFileFunctions_readdir(JNIEnv*, jclass, jstring, jboolean, jobject, jobject)':
[ 1875s] src/main/cpp/posix.cpp:177:41: warning: 'int readdir_r(DIR*, dirent*, dirent**)' is deprecated [-Wdeprecated-declarations]
[ 1875s]   177 |         if (readdir_r(dir, &entry, &next) != 0) {
[ 1875s]       |                                         ^
[ 1875s] In file included from src/main/cpp/posix.cpp:31:
[ 1875s] /usr/include/dirent.h:183:12: note: declared here
[ 1875s]   183 | extern int readdir_r (DIR *__restrict __dirp,
[ 1875s]       |            ^~~~~~~~~
[ 1875s] src/main/cpp/posix.cpp: In function 'jboolean Java_net_rubygrapefruit_platform_internal_jni_PosixTerminalFunctions_isatty(JNIEnv*, jclass, jint)':
[ 1875s] src/main/cpp/posix.cpp:350:17: warning: unused variable 'fileInfo' [-Wunused-variable]
[ 1875s]   350 |     struct stat fileInfo;
[ 1875s]       |                 ^~~~~~~~
[ 1875s] src/main/cpp/posix.cpp:351:9: warning: unused variable 'result' [-Wunused-variable]
[ 1875s]   351 |     int result;
[ 1875s]       |         ^~~~~~
[ 1875s] In file included from /usr/include/string.h:519,
[ 1875s]                  from src/main/cpp/posix.cpp:32:
[ 1875s] In function 'char* strncpy(char*, const char*, size_t)',
[ 1875s]     inlined from 'void Java_net_rubygrapefruit_platform_internal_jni_PosixFileFunctions_readdir(JNIEnv*, jclass, jstring, jboolean, jobject, jobject)' at src/main/cpp/posix.cpp:190:16:
[ 1875s] /usr/include/bits/string_fortified.h:95:34: warning: 'char* __builtin_strncpy(char*, const char*, long unsigned int)' output truncated before terminating nul copying as many bytes from a string as its length [-Wstringop-truncation]
[ 1875s]    95 |   return __builtin___strncpy_chk (__dest, __src, __len,
[ 1875s]       |          ~~~~~~~~~~~~~~~~~~~~~~~~^~~~~~~~~~~~~~~~~~~~~~
[ 1875s]    96 |       __glibc_objsize (__dest));
[ 1875s]       |       ~~~~~~~~~~~~~~~~~~~~~~~~~   
[ 1875s] src/main/cpp/posix.cpp: In function 'void Java_net_rubygrapefruit_platform_internal_jni_PosixFileFunctions_readdir(JNIEnv*, jclass, jstring, jboolean, jobject, jobject)':
[ 1875s] src/main/cpp/posix.cpp:167:26: note: length computed here
[ 1875s]   167 |     long pathLen = strlen(pathStr);
[ 1875s]       |                    ~~~~~~^~~~~~~~~
[ 1876s] mkdir -p build/binaries
[ 1876s] g++ -O2 -g -pipe -Wall -Werror=format-security -Wp,-D_FORTIFY_SOURCE=2 -Wp,-D_GLIBCXX_ASSERTIONS -fstack-protector-strong -grecord-gcc-switches -specs=/usr/lib/rpm/generic-hardened-cc1 -fasynchronous-unwind-tables -fstack-clash-protection -O2 -g -pipe -Wall -Werror=format-security -Wp,-D_FORTIFY_SOURCE=2 -Wp,-D_GLIBCXX_ASSERTIONS -fstack-protector-strong -grecord-gcc-switches -specs=/usr/lib/rpm/generic-hardened-cc1 -fasynchronous-unwind-tables -fstack-clash-protection -O2 -g -pipe -Wall -Werror=format-security -Wp,-D_FORTIFY_SOURCE=2 -Wp,-D_GLIBCXX_ASSERTIONS -fstack-protector-strong -grecord-gcc-switches -specs=/usr/lib/rpm/generic-hardened-cc1 -fasynchronous-unwind-tables -fstack-clash-protection -Wl,-z,relro   -Wl,-z,now -specs=/usr/lib/rpm/generic-hardened-ld -Isrc/shared/headers -Ibuild/headers -I/usr/include -I/usr/lib/jvm/java/include -I/usr/lib/jvm/java/include/linux -fPIC -c -o build/binaries/curses.o src/main/cpp/curses.cpp
[ 1876s] src/main/cpp/curses.cpp: In function 'int write_to_terminal(int)':
[ 1876s] src/main/cpp/curses.cpp:49:10: warning: ignoring return value of 'ssize_t write(int, const void*, size_t)' declared with attribute 'warn_unused_result' [-Wunused-result]
[ 1876s]    49 |     write(current_terminal, &ch, 1);
[ 1876s]       |     ~~~~~^~~~~~~~~~~~~~~~~~~~~~~~~~
[ 1878s] g++ -shared -fPIC -O2 -g -pipe -Wall -Werror=format-security -Wp,-D_FORTIFY_SOURCE=2 -Wp,-D_GLIBCXX_ASSERTIONS -fstack-protector-strong -grecord-gcc-switches -specs=/usr/lib/rpm/generic-hardened-cc1 -fasynchronous-unwind-tables -fstack-clash-protection -O2 -g -pipe -Wall -Werror=format-security -Wp,-D_FORTIFY_SOURCE=2 -Wp,-D_GLIBCXX_ASSERTIONS -fstack-protector-strong -grecord-gcc-switches -specs=/usr/lib/rpm/generic-hardened-cc1 -fasynchronous-unwind-tables -fstack-clash-protection -O2 -g -pipe -Wall -Werror=format-security -Wp,-D_FORTIFY_SOURCE=2 -Wp,-D_GLIBCXX_ASSERTIONS -fstack-protector-strong -grecord-gcc-switches -specs=/usr/lib/rpm/generic-hardened-cc1 -fasynchronous-unwind-tables -fstack-clash-protection -Wl,-z,relro   -Wl,-z,now -specs=/usr/lib/rpm/generic-hardened-ld -o build/binaries/libnative-platform.so build/binaries/generic.o build/binaries/generic_posix.o build/binaries/linux.o build/binaries/osx.o build/binaries/posix.o build/binaries/win.o build/binaries/unix_strings.o
[ 1878s] strip build/binaries/libnative-platform.so
[ 1878s] g++ -O2 -g -pipe -Wall -Werror=format-security -Wp,-D_FORTIFY_SOURCE=2 -Wp,-D_GLIBCXX_ASSERTIONS -fstack-protector-strong -grecord-gcc-switches -specs=/usr/lib/rpm/generic-hardened-cc1 -fasynchronous-unwind-tables -fstack-clash-protection -O2 -g -pipe -Wall -Werror=format-security -Wp,-D_FORTIFY_SOURCE=2 -Wp,-D_GLIBCXX_ASSERTIONS -fstack-protector-strong -grecord-gcc-switches -specs=/usr/lib/rpm/generic-hardened-cc1 -fasynchronous-unwind-tables -fstack-clash-protection -O2 -g -pipe -Wall -Werror=format-security -Wp,-D_FORTIFY_SOURCE=2 -Wp,-D_GLIBCXX_ASSERTIONS -fstack-protector-strong -grecord-gcc-switches -specs=/usr/lib/rpm/generic-hardened-cc1 -fasynchronous-unwind-tables -fstack-clash-protection -Wl,-z,relro   -Wl,-z,now -specs=/usr/lib/rpm/generic-hardened-ld -lcurses -shared -fPIC -o build/binaries/libnative-platform-curses.so build/binaries/generic.o build/binaries/generic_posix.o build/binaries/curses.o build/binaries/unix_strings.o
[ 1878s] strip build/binaries/libnative-platform-curses.so
[ 1881s] (cd build/binaries ; /usr/lib/jvm/java/bin/jar cf ../../build/native-platform-linux.jar *.so)
[ 1997s] mkdir -p build/docs/javadoc
[ 1997s] /usr/lib/jvm/java/bin/javadoc -d build/docs/javadoc -classpath /usr/share/java/jopt-simple/jopt-simple.jar @javafiles-list
[ 1997s] Loading source file src/main/java/net/rubygrapefruit/platform/DirEntry.java...
[ 1997s] Loading source file src/main/java/net/rubygrapefruit/platform/FileEvents.java...
[ 1997s] Loading source file src/main/java/net/rubygrapefruit/platform/FileInfo.java...
[ 1997s] Loading source file src/main/java/net/rubygrapefruit/platform/FilePermissionException.java...
[ 1997s] Loading source file src/main/java/net/rubygrapefruit/platform/FileSystemInfo.java...
[ 1997s] Loading source file src/main/java/net/rubygrapefruit/platform/FileSystems.java...
[ 1997s] Loading source file src/main/java/net/rubygrapefruit/platform/FileWatch.java...
[ 1997s] Loading source file src/main/java/net/rubygrapefruit/platform/Files.java...
[ 1997s] Loading source file src/main/java/net/rubygrapefruit/platform/Memory.java...
[ 1997s] Loading source file src/main/java/net/rubygrapefruit/platform/MemoryInfo.java...
[ 1997s] Loading source file src/main/java/net/rubygrapefruit/platform/MissingRegistryEntryException.java...
[ 1997s] Loading source file src/main/java/net/rubygrapefruit/platform/Native.java...
[ 1997s] Loading source file src/main/java/net/rubygrapefruit/platform/NativeException.java...
[ 1997s] Loading source file src/main/java/net/rubygrapefruit/platform/NativeIntegration.java...
[ 1997s] Loading source file src/main/java/net/rubygrapefruit/platform/NativeIntegrationLinkageException.java...
[ 1997s] Loading source file src/main/java/net/rubygrapefruit/platform/NativeIntegrationUnavailableException.java...
[ 1997s] Loading source file src/main/java/net/rubygrapefruit/platform/NoSuchFileException.java...
[ 1997s] Loading source file src/main/java/net/rubygrapefruit/platform/NotADirectoryException.java...
[ 1997s] Loading source file src/main/java/net/rubygrapefruit/platform/OsxMemory.java...
[ 1997s] Loading source file src/main/java/net/rubygrapefruit/platform/OsxMemoryInfo.java...
[ 1997s] Loading source file src/main/java/net/rubygrapefruit/platform/PosixFileInfo.java...
[ 1997s] Loading source file src/main/java/net/rubygrapefruit/platform/PosixFiles.java...
[ 1997s] Loading source file src/main/java/net/rubygrapefruit/platform/Process.java...
[ 1997s] Loading source file src/main/java/net/rubygrapefruit/platform/ProcessLauncher.java...
[ 1997s] Loading source file src/main/java/net/rubygrapefruit/platform/ResourceClosedException.java...
[ 1997s] Loading source file src/main/java/net/rubygrapefruit/platform/SystemInfo.java...
[ 1997s] Loading source file src/main/java/net/rubygrapefruit/platform/Terminal.java...
[ 1997s] Loading source file src/main/java/net/rubygrapefruit/platform/TerminalSize.java...
[ 1997s] Loading source file src/main/java/net/rubygrapefruit/platform/Terminals.java...
[ 1997s] Loading source file src/main/java/net/rubygrapefruit/platform/ThreadSafe.java...
[ 1997s] Loading source file src/main/java/net/rubygrapefruit/platform/WindowsFileInfo.java...
[ 1997s] Loading source file src/main/java/net/rubygrapefruit/platform/WindowsFiles.java...
[ 1997s] Loading source file src/main/java/net/rubygrapefruit/platform/WindowsRegistry.java...
[ 1997s] Loading source file src/main/java/net/rubygrapefruit/platform/internal/AbstractFiles.java...
[ 1997s] Loading source file src/main/java/net/rubygrapefruit/platform/internal/AbstractTerminal.java...
[ 1997s] Loading source file src/main/java/net/rubygrapefruit/platform/internal/AbstractTerminals.java...
[ 1997s] Loading source file src/main/java/net/rubygrapefruit/platform/internal/AnsiTerminal.java...
[ 1997s] Loading source file src/main/java/net/rubygrapefruit/platform/internal/DefaultFileEvents.java...
[ 1997s] Loading source file src/main/java/net/rubygrapefruit/platform/internal/DefaultFileSystemInfo.java...
[ 1997s] Loading source file src/main/java/net/rubygrapefruit/platform/internal/DefaultMemory.java...
[ 1997s] Loading source file src/main/java/net/rubygrapefruit/platform/internal/DefaultMemoryInfo.java...
[ 1997s] Loading source file src/main/java/net/rubygrapefruit/platform/internal/DefaultOsxMemory.java...
[ 1997s] Loading source file src/main/java/net/rubygrapefruit/platform/internal/DefaultOsxMemoryInfo.java...
[ 1997s] Loading source file src/main/java/net/rubygrapefruit/platform/internal/DefaultPosixFiles.java...
[ 1997s] Loading source file src/main/java/net/rubygrapefruit/platform/internal/DefaultProcess.java...
[ 1997s] Loading source file src/main/java/net/rubygrapefruit/platform/internal/DefaultProcessLauncher.java...
[ 1997s] Loading source file src/main/java/net/rubygrapefruit/platform/internal/DefaultSystemInfo.java...
[ 1997s] Loading source file src/main/java/net/rubygrapefruit/platform/internal/DefaultWindowsFiles.java...
[ 1997s] Loading source file src/main/java/net/rubygrapefruit/platform/internal/DefaultWindowsRegistry.java...
[ 1997s] Loading source file src/main/java/net/rubygrapefruit/platform/internal/DirList.java...
[ 1997s] Loading source file src/main/java/net/rubygrapefruit/platform/internal/FileStat.java...
[ 1997s] Loading source file src/main/java/net/rubygrapefruit/platform/internal/FileSystemList.java...
[ 1997s] Loading source file src/main/java/net/rubygrapefruit/platform/internal/FunctionResult.java...
[ 1997s] Loading source file src/main/java/net/rubygrapefruit/platform/internal/LibraryDef.java...
[ 1997s] Loading source file src/main/java/net/rubygrapefruit/platform/internal/MutableSystemInfo.java...
[ 1997s] Loading source file src/main/java/net/rubygrapefruit/platform/internal/MutableTerminalSize.java...
[ 1997s] Loading source file src/main/java/net/rubygrapefruit/platform/internal/MutableTypeInfo.java...
[ 1997s] Loading source file src/main/java/net/rubygrapefruit/platform/internal/NativeLibraryLoader.java...
[ 1997s] Loading source file src/main/java/net/rubygrapefruit/platform/internal/NativeLibraryLocator.java...
[ 1997s] Loading source file src/main/java/net/rubygrapefruit/platform/internal/Platform.java...
[ 1997s] Loading source file src/main/java/net/rubygrapefruit/platform/internal/PosixFileSystems.java...
[ 1997s] Loading source file src/main/java/net/rubygrapefruit/platform/internal/TerminalCapabilities.java...
[ 1997s] Loading source file src/main/java/net/rubygrapefruit/platform/internal/TerminfoTerminal.java...
[ 1997s] Loading source file src/main/java/net/rubygrapefruit/platform/internal/TerminfoTerminals.java...
[ 1997s] Loading source file src/main/java/net/rubygrapefruit/platform/internal/WindowsDirList.java...
[ 1997s] Loading source file src/main/java/net/rubygrapefruit/platform/internal/WindowsFileStat.java...
[ 1997s] Loading source file src/main/java/net/rubygrapefruit/platform/internal/WindowsFileTime.java...
[ 1997s] Loading source file src/main/java/net/rubygrapefruit/platform/internal/WindowsProcessLauncher.java...
[ 1997s] Loading source file src/main/java/net/rubygrapefruit/platform/internal/WindowsTerminal.java...
[ 1997s] Loading source file src/main/java/net/rubygrapefruit/platform/internal/WindowsTerminals.java...
[ 1997s] Loading source file src/main/java/net/rubygrapefruit/platform/internal/WrapperProcess.java...
[ 1997s] Loading source file src/main/java/net/rubygrapefruit/platform/internal/WrapperProcessLauncher.java...
[ 1997s] Loading source file src/main/java/net/rubygrapefruit/platform/internal/WrapperTerminal.java...
[ 1997s] Loading source file src/main/java/net/rubygrapefruit/platform/internal/jni/FileEventFunctions.java...
[ 1997s] Loading source file src/main/java/net/rubygrapefruit/platform/internal/jni/MemoryFunctions.java...
[ 1997s] Loading source file src/main/java/net/rubygrapefruit/platform/internal/jni/NativeLibraryFunctions.java...
[ 1997s] Loading source file src/main/java/net/rubygrapefruit/platform/internal/jni/OsxMemoryFunctions.java...
[ 1997s] Loading source file src/main/java/net/rubygrapefruit/platform/internal/jni/PosixFileFunctions.java...
[ 1997s] Loading source file src/main/java/net/rubygrapefruit/platform/internal/jni/PosixFileSystemFunctions.java...
[ 1997s] Loading source file src/main/java/net/rubygrapefruit/platform/internal/jni/PosixProcessFunctions.java...
[ 1997s] Loading source file src/main/java/net/rubygrapefruit/platform/internal/jni/PosixTerminalFunctions.java...
[ 1997s] Loading source file src/main/java/net/rubygrapefruit/platform/internal/jni/PosixTypeFunctions.java...
[ 1997s] Loading source file src/main/java/net/rubygrapefruit/platform/internal/jni/TerminfoFunctions.java...
[ 1997s] Loading source file src/main/java/net/rubygrapefruit/platform/internal/jni/WindowsConsoleFunctions.java...
[ 1997s] Loading source file src/main/java/net/rubygrapefruit/platform/internal/jni/WindowsFileFunctions.java...
[ 1997s] Loading source file src/main/java/net/rubygrapefruit/platform/internal/jni/WindowsHandleFunctions.java...
[ 1997s] Loading source file src/main/java/net/rubygrapefruit/platform/internal/jni/WindowsRegistryFunctions.java...
[ 1997s] Loading source file src/main/java/net/rubygrapefruit/platform/package-info.java...
[ 1997s] Constructing Javadoc information...
[ 1997s] Standard Doclet version 1.8.0_181
[ 1997s] Building tree for all the packages and classes...
[ 1997s] Generating build/docs/javadoc/net/rubygrapefruit/platform/internal/jni/FileEventFunctions.html...
[ 1997s] Generating build/docs/javadoc/net/rubygrapefruit/platform/internal/jni/MemoryFunctions.html...
[ 1997s] Generating build/docs/javadoc/net/rubygrapefruit/platform/internal/jni/NativeLibraryFunctions.html...
[ 1997s] Generating build/docs/javadoc/net/rubygrapefruit/platform/internal/jni/OsxMemoryFunctions.html...
[ 1997s] Generating build/docs/javadoc/net/rubygrapefruit/platform/internal/jni/PosixFileFunctions.html...
[ 1997s] Generating build/docs/javadoc/net/rubygrapefruit/platform/internal/jni/PosixFileSystemFunctions.html...
[ 1997s] Generating build/docs/javadoc/net/rubygrapefruit/platform/internal/jni/PosixProcessFunctions.html...
[ 1997s] Generating build/docs/javadoc/net/rubygrapefruit/platform/internal/jni/PosixTerminalFunctions.html...
[ 1997s] Generating build/docs/javadoc/net/rubygrapefruit/platform/internal/jni/PosixTypeFunctions.html...
[ 1997s] Generating build/docs/javadoc/net/rubygrapefruit/platform/internal/jni/TerminfoFunctions.html...
[ 1997s] src/main/java/net/rubygrapefruit/platform/internal/jni/TerminfoFunctions.java:28: warning: no @param for filedes
[ 1997s]     public static native void initTerminal(int filedes, TerminalCapabilities terminalCapabilities, FunctionResult result);
[ 1997s]                               ^
[ 1997s] src/main/java/net/rubygrapefruit/platform/internal/jni/TerminfoFunctions.java:28: warning: no @param for terminalCapabilities
[ 1997s]     public static native void initTerminal(int filedes, TerminalCapabilities terminalCapabilities, FunctionResult result);
[ 1997s]                               ^
[ 1997s] src/main/java/net/rubygrapefruit/platform/internal/jni/TerminfoFunctions.java:28: warning: no @param for result
[ 1997s]     public static native void initTerminal(int filedes, TerminalCapabilities terminalCapabilities, FunctionResult result);
[ 1997s]                               ^
[ 1997s] Generating build/docs/javadoc/net/rubygrapefruit/platform/internal/jni/WindowsConsoleFunctions.html...
[ 1997s] Generating build/docs/javadoc/net/rubygrapefruit/platform/internal/jni/WindowsFileFunctions.html...
[ 1997s] Generating build/docs/javadoc/net/rubygrapefruit/platform/internal/jni/WindowsHandleFunctions.html...
[ 1997s] Generating build/docs/javadoc/net/rubygrapefruit/platform/internal/jni/WindowsRegistryFunctions.html...
[ 1997s] Generating build/docs/javadoc/net/rubygrapefruit/platform/DirEntry.html...
[ 1997s] src/main/java/net/rubygrapefruit/platform/DirEntry.java:27: warning: no @return
[ 1997s]     String getName();
[ 1997s]            ^
[ 1997s] src/main/java/net/rubygrapefruit/platform/FileInfo.java:34: warning: no @return
[ 1997s]     Type getType();
[ 1997s]          ^
[ 1997s] src/main/java/net/rubygrapefruit/platform/FileInfo.java:39: warning: no @return
[ 1997s]     long getSize();
[ 1997s]          ^
[ 1997s] src/main/java/net/rubygrapefruit/platform/FileInfo.java:44: warning: no @return
[ 1997s]     long getLastModifiedTime();
[ 1997s]          ^
[ 1997s] Generating build/docs/javadoc/net/rubygrapefruit/platform/FileEvents.html...
[ 1997s] src/main/java/net/rubygrapefruit/platform/FileEvents.java:35: warning: no @param for target
[ 1997s]     FileWatch startWatch(File target) throws NativeException;
[ 1997s]               ^
[ 1997s] src/main/java/net/rubygrapefruit/platform/FileEvents.java:35: warning: no @return
[ 1997s]     FileWatch startWatch(File target) throws NativeException;
[ 1997s]               ^
[ 1997s] Generating build/docs/javadoc/net/rubygrapefruit/platform/FileInfo.html...
[ 1997s] Generating build/docs/javadoc/net/rubygrapefruit/platform/FileInfo.Type.html...
[ 1997s] Generating build/docs/javadoc/net/rubygrapefruit/platform/FilePermissionException.html...
[ 1997s] Generating build/docs/javadoc/net/rubygrapefruit/platform/Files.html...
[ 1997s] src/main/java/net/rubygrapefruit/platform/Files.java:68: warning: no @return
[ 1997s]     List<? extends DirEntry> listDir(File dir) throws NativeException;
[ 1997s]                              ^
[ 1997s] src/main/java/net/rubygrapefruit/platform/Files.java:81: warning: no @return
[ 1997s]     List<? extends DirEntry> listDir(File dir, boolean linkTarget) throws NativeException;
[ 1997s]                              ^
[ 1997s] Generating build/docs/javadoc/net/rubygrapefruit/platform/FileSystemInfo.html...
[ 1997s] src/main/java/net/rubygrapefruit/platform/FileSystemInfo.java:30: warning: no @return
[ 1997s]     File getMountPoint();
[ 1997s]          ^
[ 1997s] src/main/java/net/rubygrapefruit/platform/FileSystemInfo.java:36: warning: no @return
[ 1997s]     String getFileSystemType();
[ 1997s]            ^
[ 1997s] src/main/java/net/rubygrapefruit/platform/FileSystemInfo.java:42: warning: no @return
[ 1997s]     boolean isRemote();
[ 1997s]             ^
[ 1997s] src/main/java/net/rubygrapefruit/platform/FileSystemInfo.java:48: warning: no @return
[ 1997s]     boolean isCaseSensitive();
[ 1997s]             ^
[ 1997s] src/main/java/net/rubygrapefruit/platform/FileSystemInfo.java:54: warning: no @return
[ 1997s]     boolean isCasePreserving();
[ 1997s]             ^
[ 1997s] src/main/java/net/rubygrapefruit/platform/FileSystemInfo.java:60: warning: no @return
[ 1997s]     String getDeviceName();
[ 1997s]            ^
[ 1997s] Generating build/docs/javadoc/net/rubygrapefruit/platform/FileSystems.html...
[ 1997s] Generating build/docs/javadoc/net/rubygrapefruit/platform/FileWatch.html...
[ 1997s] Generating build/docs/javadoc/net/rubygrapefruit/platform/Memory.html...
[ 1997s] src/main/java/net/rubygrapefruit/platform/Memory.java:27: warning: no @return
[ 1997s]     MemoryInfo getMemoryInfo() throws NativeException;
[ 1997s]                ^
[ 1997s] Generating build/docs/javadoc/net/rubygrapefruit/platform/MemoryInfo.html...
[ 1997s] src/main/java/net/rubygrapefruit/platform/MemoryInfo.java:27: warning: no @return
[ 1997s]     long getTotalPhysicalMemory();
[ 1997s]          ^
[ 1997s] src/main/java/net/rubygrapefruit/platform/MemoryInfo.java:32: warning: no @return
[ 1997s]     long getAvailablePhysicalMemory();
[ 1997s]          ^
[ 1997s] Generating build/docs/javadoc/net/rubygrapefruit/platform/MissingRegistryEntryException.html...
[ 1997s] Generating build/docs/javadoc/net/rubygrapefruit/platform/Native.html...
[ 1997s] src/main/java/net/rubygrapefruit/platform/Native.java:78: warning: no @param for <T>
[ 1997s]     public static <T extends NativeIntegration> T get(Class<T> type)
[ 1997s]                                                   ^
[ 1997s] src/main/java/net/rubygrapefruit/platform/Native.java:78: warning: no @param for type
[ 1997s]     public static <T extends NativeIntegration> T get(Class<T> type)
[ 1997s]                                                   ^
[ 1997s] Generating build/docs/javadoc/net/rubygrapefruit/platform/NativeException.html...
[ 1997s] Generating build/docs/javadoc/net/rubygrapefruit/platform/NativeIntegration.html...
[ 1997s] Generating build/docs/javadoc/net/rubygrapefruit/platform/NativeIntegrationLinkageException.html...
[ 1997s] Generating build/docs/javadoc/net/rubygrapefruit/platform/NativeIntegrationUnavailableException.html...
[ 1997s] Generating build/docs/javadoc/net/rubygrapefruit/platform/NoSuchFileException.html...
[ 1997s] Generating build/docs/javadoc/net/rubygrapefruit/platform/NotADirectoryException.html...
[ 1997s] Generating build/docs/javadoc/net/rubygrapefruit/platform/OsxMemory.html...
[ 1997s] Generating build/docs/javadoc/net/rubygrapefruit/platform/OsxMemoryInfo.html...
[ 1997s] Generating build/docs/javadoc/net/rubygrapefruit/platform/PosixFileInfo.html...
[ 1997s] src/main/java/net/rubygrapefruit/platform/PosixFileInfo.java:30: warning: no @return
[ 1997s]     int getMode();
[ 1997s]         ^
[ 1997s] src/main/java/net/rubygrapefruit/platform/PosixFileInfo.java:35: warning: no @return
[ 1997s]     int getUid();
[ 1997s]         ^
[ 1997s] src/main/java/net/rubygrapefruit/platform/PosixFileInfo.java:40: warning: no @return
[ 1997s]     int getGid();
[ 1997s]         ^
[ 1997s] src/main/java/net/rubygrapefruit/platform/PosixFileInfo.java:45: warning: no @return
[ 1997s]     long getBlockSize();
[ 1997s]          ^
[ 1997s] Generating build/docs/javadoc/net/rubygrapefruit/platform/PosixFiles.html...
[ 1997s] src/main/java/net/rubygrapefruit/platform/PosixFiles.java:32: warning: no @param for path
[ 1997s]     void setMode(File path, int perms) throws NativeException;
[ 1997s]          ^
[ 1997s] src/main/java/net/rubygrapefruit/platform/PosixFiles.java:32: warning: no @param for perms
[ 1997s]     void setMode(File path, int perms) throws NativeException;
[ 1997s]          ^
[ 1997s] src/main/java/net/rubygrapefruit/platform/PosixFiles.java:40: warning: no @param for path
[ 1997s]     int getMode(File path) throws NativeException;
[ 1997s]         ^
[ 1997s] src/main/java/net/rubygrapefruit/platform/PosixFiles.java:40: warning: no @return
[ 1997s]     int getMode(File path) throws NativeException;
[ 1997s]         ^
[ 1997s] src/main/java/net/rubygrapefruit/platform/PosixFiles.java:48: warning: no @param for link
[ 1997s]     void symlink(File link, String contents) throws NativeException;
[ 1997s]          ^
[ 1997s] src/main/java/net/rubygrapefruit/platform/PosixFiles.java:48: warning: no @param for contents
[ 1997s]     void symlink(File link, String contents) throws NativeException;
[ 1997s]          ^
[ 1997s] src/main/java/net/rubygrapefruit/platform/PosixFiles.java:56: warning: no @param for link
[ 1997s]     String readLink(File link) throws NativeException;
[ 1997s]            ^
[ 1997s] src/main/java/net/rubygrapefruit/platform/PosixFiles.java:56: warning: no @return
[ 1997s]     String readLink(File link) throws NativeException;
[ 1997s]            ^
[ 1997s] Generating build/docs/javadoc/net/rubygrapefruit/platform/Process.html...
[ 1997s] src/main/java/net/rubygrapefruit/platform/Process.java:32: warning: no @return
[ 1997s]     int getProcessId() throws NativeException;
[ 1997s]         ^
[ 1997s] src/main/java/net/rubygrapefruit/platform/Process.java:48: warning: no @return
[ 1997s]     File getWorkingDirectory() throws NativeException;
[ 1997s]          ^
[ 1997s] src/main/java/net/rubygrapefruit/platform/Process.java:56: warning: no @param for directory
[ 1997s]     void setWorkingDirectory(File directory) throws NativeException;
[ 1997s]          ^
[ 1997s] src/main/java/net/rubygrapefruit/platform/Process.java:66: warning: no @param for name
[ 1997s]     String getEnvironmentVariable(String name) throws NativeException;
[ 1997s]            ^
[ 1997s] src/main/java/net/rubygrapefruit/platform/Process.java:77: warning: no @param for name
[ 1997s]     void setEnvironmentVariable(String name, String value) throws NativeException;
[ 1997s]          ^
[ 1997s] Generating build/docs/javadoc/net/rubygrapefruit/platform/ProcessLauncher.html...
[ 1997s] Generating build/docs/javadoc/net/rubygrapefruit/platform/ResourceClosedException.html...
[ 1997s] Generating build/docs/javadoc/net/rubygrapefruit/platform/SystemInfo.html...
[ 1997s] src/main/java/net/rubygrapefruit/platform/SystemInfo.java:30: warning: no @return
[ 1997s]     String getKernelName();
[ 1997s]            ^
[ 1997s] src/main/java/net/rubygrapefruit/platform/SystemInfo.java:36: warning: no @return
[ 1997s]     String getKernelVersion();
[ 1997s]            ^
[ 1997s] src/main/java/net/rubygrapefruit/platform/SystemInfo.java:42: warning: no @return
[ 1997s]     String getArchitectureName();
[ 1997s]            ^
[ 1997s] src/main/java/net/rubygrapefruit/platform/SystemInfo.java:48: warning: no @return
[ 1997s]     Architecture getArchitecture();
[ 1997s]                  ^
[ 1997s] Generating build/docs/javadoc/net/rubygrapefruit/platform/SystemInfo.Architecture.html...
[ 1997s] Generating build/docs/javadoc/net/rubygrapefruit/platform/Terminal.html...
[ 1997s] src/main/java/net/rubygrapefruit/platform/Terminal.java:40: warning: no @return
[ 1997s]     boolean supportsTextAttributes();
[ 1997s]             ^
[ 1997s] src/main/java/net/rubygrapefruit/platform/Terminal.java:46: warning: no @return
[ 1997s]     boolean supportsColor();
[ 1997s]             ^
[ 1997s] src/main/java/net/rubygrapefruit/platform/Terminal.java:52: warning: no @return
[ 1997s]     boolean supportsCursorMotion();
[ 1997s]             ^
[ 1997s] src/main/java/net/rubygrapefruit/platform/Terminal.java:70: warning: no @param for color
[ 1997s]     Terminal foreground(Color color) throws NativeException;
[ 1997s]              ^
[ 1997s] src/main/java/net/rubygrapefruit/platform/Terminal.java:70: warning: no @return
[ 1997s]     Terminal foreground(Color color) throws NativeException;
[ 1997s]              ^
[ 1997s] src/main/java/net/rubygrapefruit/platform/Terminal.java:78: warning: no @return
[ 1997s]     Terminal bold() throws NativeException;
[ 1997s]              ^
[ 1997s] src/main/java/net/rubygrapefruit/platform/Terminal.java:86: warning: no @return
[ 1997s]     Terminal normal() throws NativeException;
[ 1997s]              ^
[ 1997s] src/main/java/net/rubygrapefruit/platform/Terminal.java:94: warning: no @return
[ 1997s]     Terminal reset() throws NativeException;
[ 1997s]              ^
[ 1997s] src/main/java/net/rubygrapefruit/platform/Terminal.java:102: warning: no @param for count
[ 1997s]     Terminal cursorLeft(int count) throws NativeException;
[ 1997s]              ^
[ 1997s] src/main/java/net/rubygrapefruit/platform/Terminal.java:102: warning: no @return
[ 1997s]     Terminal cursorLeft(int count) throws NativeException;
[ 1998s]              ^
[ 1998s] src/main/java/net/rubygrapefruit/platform/Terminal.java:110: warning: no @param for count
[ 1998s]     Terminal cursorRight(int count) throws NativeException;
[ 1998s]              ^
[ 1998s] src/main/java/net/rubygrapefruit/platform/Terminal.java:110: warning: no @return
[ 1998s]     Terminal cursorRight(int count) throws NativeException;
[ 1998s]              ^
[ 1998s] src/main/java/net/rubygrapefruit/platform/Terminal.java:118: warning: no @param for count
[ 1998s]     Terminal cursorUp(int count) throws NativeException;
[ 1998s]              ^
[ 1998s] src/main/java/net/rubygrapefruit/platform/Terminal.java:118: warning: no @return
[ 1998s]     Terminal cursorUp(int count) throws NativeException;
[ 1998s]              ^
[ 1998s] src/main/java/net/rubygrapefruit/platform/Terminal.java:126: warning: no @param for count
[ 1998s]     Terminal cursorDown(int count) throws NativeException;
[ 1998s]              ^
[ 1998s] src/main/java/net/rubygrapefruit/platform/Terminal.java:126: warning: no @return
[ 1998s]     Terminal cursorDown(int count) throws NativeException;
[ 1998s]              ^
[ 1998s] src/main/java/net/rubygrapefruit/platform/Terminal.java:134: warning: no @return
[ 1998s]     Terminal cursorStartOfLine() throws NativeException;
[ 1998s]              ^
[ 1998s] src/main/java/net/rubygrapefruit/platform/Terminal.java:142: warning: no @return
[ 1998s]     Terminal clearToEndOfLine() throws NativeException;
[ 1998s]              ^
[ 1998s] Generating build/docs/javadoc/net/rubygrapefruit/platform/Terminal.Color.html...
[ 1998s] Generating build/docs/javadoc/net/rubygrapefruit/platform/Terminals.html...
[ 1998s] src/main/java/net/rubygrapefruit/platform/Terminals.java:39: warning: no @param for output
[ 1998s]     boolean isTerminal(Output output) throws NativeException;
[ 1998s]             ^
[ 1998s] src/main/java/net/rubygrapefruit/platform/Terminals.java:39: warning: no @return
[ 1998s]     boolean isTerminal(Output output) throws NativeException;
[ 1998s]             ^
[ 1998s] src/main/java/net/rubygrapefruit/platform/Terminals.java:48: warning: no @param for output
[ 1998s]     Terminal getTerminal(Output output) throws NativeException;
[ 1998s]              ^
[ 1998s] Generating build/docs/javadoc/net/rubygrapefruit/platform/Terminals.Output.html...
[ 1998s] Generating build/docs/javadoc/net/rubygrapefruit/platform/TerminalSize.html...
[ 1998s] src/main/java/net/rubygrapefruit/platform/TerminalSize.java:28: warning: no @return
[ 1998s]     public int getCols();
[ 1998s]                ^
[ 1998s] src/main/java/net/rubygrapefruit/platform/TerminalSize.java:34: warning: no @return
[ 1998s]     public int getRows();
[ 1998s]                ^
[ 1998s] Generating build/docs/javadoc/net/rubygrapefruit/platform/ThreadSafe.html...
[ 1998s] Generating build/docs/javadoc/net/rubygrapefruit/platform/WindowsFileInfo.html...
[ 1998s] Generating build/docs/javadoc/net/rubygrapefruit/platform/WindowsFiles.html...
[ 1998s] Generating build/docs/javadoc/net/rubygrapefruit/platform/WindowsRegistry.html...
[ 1998s] src/main/java/net/rubygrapefruit/platform/WindowsRegistry.java:17: warning: no @param for key
[ 1998s]     String getStringValue(Key key, String subkey, String value) throws NativeException;
[ 1998s]            ^
[ 1998s] src/main/java/net/rubygrapefruit/platform/WindowsRegistry.java:17: warning: no @param for subkey
[ 1998s]     String getStringValue(Key key, String subkey, String value) throws NativeException;
[ 1998s]            ^
[ 1998s] src/main/java/net/rubygrapefruit/platform/WindowsRegistry.java:17: warning: no @param for value
[ 1998s]     String getStringValue(Key key, String subkey, String value) throws NativeException;
[ 1998s]            ^
[ 1998s] src/main/java/net/rubygrapefruit/platform/WindowsRegistry.java:17: warning: no @return
[ 1998s]     String getStringValue(Key key, String subkey, String value) throws NativeException;
[ 1998s]            ^
[ 1998s] src/main/java/net/rubygrapefruit/platform/WindowsRegistry.java:25: warning: no @param for key
[ 1998s]     List<String> getSubkeys(Key key, String subkey) throws NativeException;
[ 1998s]                  ^
[ 1998s] src/main/java/net/rubygrapefruit/platform/WindowsRegistry.java:25: warning: no @param for subkey
[ 1998s]     List<String> getSubkeys(Key key, String subkey) throws NativeException;
[ 1998s]                  ^
[ 1998s] src/main/java/net/rubygrapefruit/platform/WindowsRegistry.java:25: warning: no @return
[ 1998s]     List<String> getSubkeys(Key key, String subkey) throws NativeException;
[ 1998s]                  ^
[ 1998s] src/main/java/net/rubygrapefruit/platform/WindowsRegistry.java:33: warning: no @param for key
[ 1998s]     List<String> getValueNames(Key key, String subkey) throws NativeException;
[ 1998s]                  ^
[ 1998s] src/main/java/net/rubygrapefruit/platform/WindowsRegistry.java:33: warning: no @param for subkey
[ 1998s]     List<String> getValueNames(Key key, String subkey) throws NativeException;
[ 1998s]                  ^
[ 1998s] src/main/java/net/rubygrapefruit/platform/WindowsRegistry.java:33: warning: no @return
[ 1998s]     List<String> getValueNames(Key key, String subkey) throws NativeException;
[ 1998s]                  ^
[ 1998s] Generating build/docs/javadoc/net/rubygrapefruit/platform/WindowsRegistry.Key.html...
[ 1998s] Generating build/docs/javadoc/net/rubygrapefruit/platform/internal/AbstractFiles.html...
[ 1998s] Generating build/docs/javadoc/net/rubygrapefruit/platform/internal/AbstractTerminal.html...
[ 1998s] Generating build/docs/javadoc/net/rubygrapefruit/platform/internal/AbstractTerminals.html...
[ 1998s] Generating build/docs/javadoc/net/rubygrapefruit/platform/internal/AnsiTerminal.html...
[ 1998s] Generating build/docs/javadoc/net/rubygrapefruit/platform/internal/DefaultFileEvents.html...
[ 1998s] Generating build/docs/javadoc/net/rubygrapefruit/platform/internal/DefaultFileSystemInfo.html...
[ 1998s] Generating build/docs/javadoc/net/rubygrapefruit/platform/internal/DefaultMemory.html...
[ 1998s] Generating build/docs/javadoc/net/rubygrapefruit/platform/internal/DefaultMemoryInfo.html...
[ 1998s] Generating build/docs/javadoc/net/rubygrapefruit/platform/internal/DefaultOsxMemory.html...
[ 1998s] Generating build/docs/javadoc/net/rubygrapefruit/platform/internal/DefaultOsxMemoryInfo.html...
[ 1998s] Generating build/docs/javadoc/net/rubygrapefruit/platform/internal/DefaultPosixFiles.html...
[ 1998s] Generating build/docs/javadoc/net/rubygrapefruit/platform/internal/DefaultProcess.html...
[ 1998s] Generating build/docs/javadoc/net/rubygrapefruit/platform/internal/DefaultProcessLauncher.html...
[ 1998s] Generating build/docs/javadoc/net/rubygrapefruit/platform/internal/DefaultSystemInfo.html...
[ 1998s] Generating build/docs/javadoc/net/rubygrapefruit/platform/internal/DefaultWindowsFiles.html...
[ 1998s] Generating build/docs/javadoc/net/rubygrapefruit/platform/internal/DefaultWindowsRegistry.html...
[ 1998s] Generating build/docs/javadoc/net/rubygrapefruit/platform/internal/DirList.html...
[ 1998s] Generating build/docs/javadoc/net/rubygrapefruit/platform/internal/FileStat.html...
[ 1998s] Generating build/docs/javadoc/net/rubygrapefruit/platform/internal/FileSystemList.html...
[ 1998s] Generating build/docs/javadoc/net/rubygrapefruit/platform/internal/FunctionResult.html...
[ 1998s] Generating build/docs/javadoc/net/rubygrapefruit/platform/internal/FunctionResult.Failure.html...
[ 1998s] Generating build/docs/javadoc/net/rubygrapefruit/platform/internal/LibraryDef.html...
[ 1998s] Generating build/docs/javadoc/net/rubygrapefruit/platform/internal/MutableSystemInfo.html...
[ 1998s] Generating build/docs/javadoc/net/rubygrapefruit/platform/internal/MutableTerminalSize.html...
[ 1998s] Generating build/docs/javadoc/net/rubygrapefruit/platform/internal/MutableTypeInfo.html...
[ 1998s] Generating build/docs/javadoc/net/rubygrapefruit/platform/internal/NativeLibraryLoader.html...
[ 1998s] Generating build/docs/javadoc/net/rubygrapefruit/platform/internal/NativeLibraryLocator.html...
[ 1998s] Generating build/docs/javadoc/net/rubygrapefruit/platform/internal/Platform.html...
[ 1998s] Generating build/docs/javadoc/net/rubygrapefruit/platform/internal/PosixFileSystems.html...
[ 1998s] Generating build/docs/javadoc/net/rubygrapefruit/platform/internal/TerminalCapabilities.html...
[ 1998s] Generating build/docs/javadoc/net/rubygrapefruit/platform/internal/TerminfoTerminal.html...
[ 1998s] Generating build/docs/javadoc/net/rubygrapefruit/platform/internal/TerminfoTerminals.html...
[ 1998s] Generating build/docs/javadoc/net/rubygrapefruit/platform/internal/WindowsDirList.html...
[ 1998s] Generating build/docs/javadoc/net/rubygrapefruit/platform/internal/WindowsFileStat.html...
[ 1998s] Generating build/docs/javadoc/net/rubygrapefruit/platform/internal/WindowsFileTime.html...
[ 1998s] Generating build/docs/javadoc/net/rubygrapefruit/platform/internal/WindowsProcessLauncher.html...
[ 1998s] Generating build/docs/javadoc/net/rubygrapefruit/platform/internal/WindowsTerminal.html...
[ 1998s] Generating build/docs/javadoc/net/rubygrapefruit/platform/internal/WindowsTerminals.html...
[ 1998s] Generating build/docs/javadoc/net/rubygrapefruit/platform/internal/WrapperProcess.html...
[ 1998s] Generating build/docs/javadoc/net/rubygrapefruit/platform/internal/WrapperProcessLauncher.html...
[ 1998s] Generating build/docs/javadoc/net/rubygrapefruit/platform/internal/WrapperTerminal.html...
[ 1998s] Generating build/docs/javadoc/overview-frame.html...
[ 1998s] Generating build/docs/javadoc/net/rubygrapefruit/platform/package-frame.html...
[ 1998s] Generating build/docs/javadoc/net/rubygrapefruit/platform/package-summary.html...
[ 1998s] Generating build/docs/javadoc/net/rubygrapefruit/platform/package-tree.html...
[ 1998s] Generating build/docs/javadoc/net/rubygrapefruit/platform/internal/package-frame.html...
[ 1998s] Generating build/docs/javadoc/net/rubygrapefruit/platform/internal/package-summary.html...
[ 1998s] Generating build/docs/javadoc/net/rubygrapefruit/platform/internal/package-tree.html...
[ 1998s] Generating build/docs/javadoc/net/rubygrapefruit/platform/internal/jni/package-frame.html...
[ 1998s] Generating build/docs/javadoc/net/rubygrapefruit/platform/internal/jni/package-summary.html...
[ 1998s] Generating build/docs/javadoc/net/rubygrapefruit/platform/internal/jni/package-tree.html...
[ 1998s] Generating build/docs/javadoc/constant-values.html...
[ 1998s] Generating build/docs/javadoc/serialized-form.html...
[ 1998s] Building index for all the packages and classes...
[ 1998s] Generating build/docs/javadoc/overview-tree.html...
[ 1998s] Generating build/docs/javadoc/index-all.html...
[ 1998s] Generating build/docs/javadoc/deprecated-list.html...
[ 1998s] Building index for all classes...
[ 1998s] Generating build/docs/javadoc/allclasses-frame.html...
[ 1998s] Generating build/docs/javadoc/allclasses-noframe.html...
[ 1998s] Generating build/docs/javadoc/index.html...
[ 1998s] Generating build/docs/javadoc/overview-summary.html...
[ 1998s] Generating build/docs/javadoc/help-doc.html...
[ 1998s] 76 warnings
[ 1998s] + /usr/bin/python3 /usr/share/java-utils/mvn_artifact.py net.rubygrapefruit:native-platform:0.14 build/native-platform.jar
[ 1998s] Traceback (most recent call last):
[ 1998s]   File "/usr/share/java-utils/mvn_artifact.py", line 35, in <module>
[ 1998s]     from javapackages.metadata.metadata import Metadata
[ 1998s] ModuleNotFoundError: No module named 'javapackages'
[ 1998s] error: Bad exit status from /var/tmp/rpm-tmp.ej8sNv (%build)
[ 1998s] 
[ 1998s] 
[ 1998s] RPM build errors:
[ 1998s]     bogus date in %changelog: Thu Dec 7 2019 openEuler Buildteam <buildteam@openeuler.org> - 0.14-15
[ 1998s]     Bad exit status from /var/tmp/rpm-tmp.ej8sNv (%build)
[ 1999s] 
[ 1999s] oe-RISCV-worker21 failed "build native-platform.spec" at Mon Mar 28 19:27:02 UTC 2022.
[ 1999s] 
