[    0s] Using BUILD_ROOT=/var/cache/obs/worker/root_8/.mount
[    0s] Using BUILD_ARCH=riscv64
[    0s] Doing kvm build in /var/cache/obs/worker/root_8/root
[    0s] 
[    0s] 
[    0s] sheep88 started "build openafs.spec" at Wed Jan  4 20:56:25 UTC 2023.
[    0s] 
[    0s] Building openafs for project 'openSUSE:Factory:RISCV' repository 'standard' arch 'riscv64' srcmd5 'ef84e74cc19a8d4084ad3b622e5511bf'
[    0s] 
[    0s] processing recipe /var/cache/obs/worker/root_8/.build-srcdir/openafs.spec ...
[    0s] running changelog2spec --target rpm --file /var/cache/obs/worker/root_8/.build-srcdir/openafs.spec
[    0s] init_buildsystem --configdir /var/run/obs/worker/8/build/configs --cachedir /var/cache/build --prepare --clean --rpmlist /var/cache/obs/worker/root_8/.build.rpmlist /var/cache/obs/worker/root_8/.build-srcdir/openafs.spec build ...
[    0s] unpacking preinstall image openSUSE:Factory:RISCV/standard/preinstallimage-base [689f926fb2ddb1e75eb7936da684a254]
[    2s] 
[    2s] copying packages...
[    2s] reordering...cycle: libfipscheck1 -> fipscheck
[    2s]   breaking dependency libfipscheck1 -> fipscheck
[    2s] cycle: libpython3_10-1_0 -> python310-base
[    2s]   breaking dependency python310-base -> libpython3_10-1_0
[    2s] cycle: mozilla-nss -> libsoftokn3
[    2s]   breaking dependency mozilla-nss -> libsoftokn3
[    2s] done
[    3s] Detected virtio-serial support
[    3s] booting kvm...
[    3s] ### VM INTERACTION START ###
[    3s] Using virtio-serial support
[    3s] /usr/bin/qemu-kvm -nodefaults -no-reboot -nographic -vga none -cpu host -M pc,accel=kvm,usb=off,dump-guest-core=off,vmport=off -sandbox on -bios /usr/share/qemu/qboot.rom -object rng-random,filename=/dev/hwrng,id=rng0 -device virtio-rng-pci,rng=rng0 -object iothread,id=io0 -runas qemu -net none -kernel /var/cache/obs/worker/root_8/.mount/boot/kernel -initrd /var/cache/obs/worker/root_8/.mount/boot/initrd -append root=/dev/disk/by-id/virtio-0 rootfstype=ext4 rootflags=noatime kvmclock mitigations=off elevator=noop nmi_watchdog=0 rw rd.driver.pre=binfmt_misc oops=panic panic=1 quiet console=hvc0 init=/.build/initvm.x86_64 -m 8192 -drive file=/var/cache/obs/worker/root_8/root,format=raw,if=none,id=disk,cache=unsafe,aio=io_uring -device virtio-blk-pci,iothread=io0,drive=disk,serial=0 -drive file=/var/cache/obs/worker/root_8/swap,format=raw,if=none,id=swap,cache=unsafe,aio=io_uring -device virtio-blk-pci,iothread=io0,drive=swap,serial=1 -device virtio-serial,max_ports=2 -device virtconsole,chardev=virtiocon0 -chardev stdio,id=virtiocon0 -chardev socket,id=monitor,server=on,wait=off,path=/var/cache/obs/worker/root_8/root.qemu/monitor -mon chardev=monitor,mode=readline -smp 6
[    7s] ### VM INTERACTION END ###
[    7s] 2nd stage started in virtual machine
[    7s] machine type: riscv64
[    7s] Linux version: 6.1.2-1-default #1 SMP PREEMPT_DYNAMIC Sun Jan 1 10:46:51 UTC 2023 (7fea150)
[    7s] Increasing log level from now on...
[    7s] [    3.606084][  T393] sysrq: Changing Loglevel
[    7s] [    3.606246][  T393] sysrq: Loglevel set to 4
[    7s] Enable sysrq operations
[    8s] Setting up swapspace version 1, size = 2 GiB (2147479552 bytes)
[    8s] no label, UUID=4d7d7704-d50c-458d-a808-7d62f9977248
[    8s] swapon: /dev/vdb: found signature [pagesize=4096, signature=swap]
[    8s] swapon: /dev/vdb: pagesize=4096, swapsize=2147483648, devsize=2147483648
[    8s] swapon /dev/vdb
[    8s] WARNING: udev not running, creating extra device nodes
[    8s] logging output to //.build.log...
[    9s] processing recipe /.build-srcdir/openafs.spec ...
[    9s] init_buildsystem --configdir /.build/configs --cachedir /var/cache/build /.build-srcdir/openafs.spec build ...
[    9s] initializing rpm db...
[    9s] querying package ids...
[   28s] [1/216] preinstalled aaa_base-84.87+git20220822.6b9f7a3-1.1
[   28s] [2/216] preinstalled aaa_base-malloccheck-84.87+git20220822.6b9f7a3-1.1
[   28s] [3/216] preinstalled attr-2.5.1-1.1
[   28s] [4/216] cumulate autoconf-archive-2022.09.03-1.1
[   28s] [5/216] preinstalled bash-5.2.15-7.3
[   28s] [6/216] preinstalled bash-sh-5.2.15-7.3
[   28s] [7/216] preinstalled binutils-2.39-1.1
[   28s] [8/216] preinstalled brp-check-suse-84.87+git20221115.2f7add6-1.1
[   28s] [9/216] preinstalled build-compare-20221206T204012.bb70754-1.2
[   28s] [10/216] preinstalled build-mkbaselibs-20221118-1.1
[   28s] [11/216] preinstalled bzip2-1.0.8-4.1
[   28s] [12/216] preinstalled chkstat-1599_20221220-1.1
[   28s] [13/216] preinstalled compat-usrmerge-build-84.87-5.1
[   28s] [14/216] preinstalled compat-usrmerge-tools-84.87-5.1
[   28s] [15/216] preinstalled coreutils-9.1-5.1
[   28s] [16/216] preinstalled cpio-2.13-4.1
[   28s] [17/216] preinstalled cpp-12-2.1
[   28s] [18/216] preinstalled cpp12-12.2.1+git537-1.2
[   28s] [19/216] cumulate crypto-policies-20210917.c9d86d1-1.1
[   28s] [20/216] preinstalled debugedit-5.0-5.1
[   28s] [21/216] preinstalled diffutils-3.8-3.1
[   28s] [22/216] preinstalled dwz-0.15-2.1
[   28s] [23/216] preinstalled elfutils-0.188-3.2
[   28s] [24/216] cumulate fdupes-2.2.1-1.1
[   28s] [25/216] preinstalled file-5.43-2.2
[   28s] [26/216] preinstalled file-magic-5.43-2.2
[   28s] [27/216] preinstalled filesystem-84.87-10.1
[   28s] [28/216] preinstalled fillup-1.42-278.1
[   28s] [29/216] preinstalled findutils-4.9.0-1.1
[   28s] [30/216] cumulate firewall-macros-1.2.2-1.1
[   28s] [31/216] cumulate fuse-2.9.9-5.1
[   28s] [32/216] cumulate fuse-doc-2.9.9-5.1
[   28s] [33/216] preinstalled gawk-5.2.1-1.1
[   28s] [34/216] preinstalled gcc-12-2.1
[   28s] [35/216] preinstalled gcc-PIE-12-2.1
[   28s] [36/216] preinstalled gcc12-12.2.1+git537-1.2
[   28s] [37/216] preinstalled gcc12-PIE-12.2.1+git537-1.2
[   28s] [38/216] preinstalled gettext-runtime-mini-0.21.1-1.1
[   28s] [39/216] preinstalled gettext-tools-mini-0.21.1-1.1
[   28s] [40/216] preinstalled glibc-2.36-9.1
[   28s] [41/216] preinstalled glibc-devel-2.36-9.1
[   28s] [42/216] preinstalled glibc-locale-base-2.36-9.1
[   28s] [43/216] preinstalled grep-3.8-2.1
[   28s] [44/216] preinstalled gzip-1.12-2.1
[   28s] [45/216] cumulate kernel-macros-6.1.2-1.1
[   28s] [46/216] preinstalled kernel-obs-build-6.1.2-1.1
[   28s] [47/216] cumulate less-608-1.1
[   28s] [48/216] preinstalled libacl1-2.3.1-2.1
[   28s] [49/216] preinstalled libasan8-13.0.0+git197351-5.1
[   28s] [50/216] preinstalled libasm1-0.188-3.2
[   28s] [51/216] preinstalled libatomic1-13.0.0+git197351-5.1
[   28s] [52/216] preinstalled libattr1-2.5.1-1.1
[   28s] [53/216] preinstalled libaudit1-3.0.6-4.1
[   28s] [54/216] preinstalled libblkid1-2.38.1-1.2
[   28s] [55/216] cumulate libbrotlicommon1-1.0.9-1.1
[   28s] [56/216] preinstalled libbz2-1-1.0.8-4.1
[   28s] [57/216] preinstalled libcap-ng0-0.8.3-1.1
[   28s] [58/216] preinstalled libcap2-2.66-1.1
[   28s] [59/216] cumulate libcbor0_9-0.9.0-2.1
[   28s] [60/216] cumulate libcom_err2-1.46.5-3.1
[   28s] [61/216] preinstalled libcrypt1-4.4.33-1.1
[   28s] [62/216] preinstalled libctf-nobfd0-2.39-1.1
[   28s] [63/216] preinstalled libctf0-2.39-1.1
[   28s] [64/216] preinstalled libdb-4_8-4.8.30-39.1
[   28s] [65/216] preinstalled libdw1-0.188-3.2
[   28s] [66/216] cumulate libdwarves1-1.24-1.1
[   28s] [67/216] preinstalled libeconf0-0.5.0-1.1
[   28s] [68/216] cumulate libedit0-20210910.3.1-1.1
[   28s] [69/216] cumulate libefivar1-37-6.1
[   28s] [70/216] preinstalled libelf1-0.188-3.2
[   28s] [71/216] cumulate libexpat1-2.5.0-2.1
[   28s] [72/216] preinstalled libfdisk1-2.38.1-1.2
[   28s] [73/216] cumulate libffi8-3.4.4-1.1
[   28s] [74/216] cumulate libfl2-2.6.4-6.1
[   28s] [75/216] cumulate libfreebl3-3.85-1.1
[   28s] [76/216] cumulate libfuse2-2.9.9-5.1
[   28s] [77/216] preinstalled libgcc_s1-13.0.0+git197351-5.1
[   28s] [78/216] preinstalled libgcrypt20-1.10.1-1.1
[   28s] [79/216] preinstalled libgdbm6-1.23-1.1
[   28s] [80/216] preinstalled libgdbm_compat4-1.23-1.1
[   28s] [81/216] preinstalled libgmp10-6.2.1-4.1
[   28s] [82/216] preinstalled libgomp1-13.0.0+git197351-5.1
[   28s] [83/216] preinstalled libgpg-error0-1.46-1.1
[   28s] [84/216] preinstalled libisl23-0.25-1.1
[   28s] [85/216] cumulate libkeyutils1-1.6.3-4.1
[   28s] [86/216] cumulate libltdl7-2.4.7-3.2
[   28s] [87/216] preinstalled liblua5_4-5-5.4.4-7.1
[   28s] [88/216] preinstalled liblzma5-5.4.0-1.1
[   28s] [89/216] preinstalled libmagic1-5.43-2.2
[   28s] [90/216] preinstalled libmount1-2.38.1-1.2
[   28s] [91/216] preinstalled libmpc3-1.3.1-1.2
[   28s] [92/216] cumulate libmpdec3-2.5.1-2.1
[   28s] [93/216] preinstalled libmpfr6-4.1.1-3.1
[   28s] [94/216] preinstalled libncurses6-6.3.20221126-31.1
[   28s] [95/216] cumulate libnghttp2-14-1.51.0-7.1
[   28s] [96/216] preinstalled libpcre2-8-0-10.42-3.1
[   28s] [97/216] preinstalled libpkgconf3-1.8.0-1.1
[   28s] [98/216] preinstalled libpopt0-1.19-1.1
[   28s] [99/216] preinstalled libreadline8-8.2-2.1
[   28s] [100/216] preinstalled librpmbuild9-4.18.0-2.2
[   28s] [101/216] cumulate libsasl2-3-2.1.28-2.1
[   28s] [102/216] preinstalled libseccomp2-2.5.4-2.1
[   28s] [103/216] preinstalled libselinux1-3.4-2.1
[   28s] [104/216] preinstalled libsemanage-conf-3.4-1.1
[   28s] [105/216] preinstalled libsemanage2-3.4-1.1
[   28s] [106/216] preinstalled libsepol2-3.4-1.1
[   28s] [107/216] cumulate libsha1detectcoll1-1.0.3-4.3
[   28s] [108/216] preinstalled libsmartcols1-2.38.1-1.2
[   28s] [109/216] cumulate libsqlite3-0-3.40.0-2.1
[   28s] [110/216] cumulate libssh-config-0.10.4-1.1
[   28s] [111/216] preinstalled libstdc++6-13.0.0+git197351-5.1
[   28s] [112/216] preinstalled libsubid4-4.13-2.2
[   28s] [113/216] cumulate libtirpc-netconfig-1.3.3-1.1
[   28s] [114/216] preinstalled libubsan1-13.0.0+git197351-5.1
[   28s] [115/216] cumulate libudev-mini1-252.3-2.1
[   28s] [116/216] cumulate libulockmgr1-2.9.9-5.1
[   28s] [117/216] cumulate libunistring5-1.1-1.1
[   28s] [118/216] preinstalled libutempter0-1.2.0-3.2
[   28s] [119/216] preinstalled libuuid1-2.38.1-1.2
[   28s] [120/216] cumulate libverto1-0.3.2-1.1
[   28s] [121/216] preinstalled libxcrypt-devel-4.4.33-1.1
[   28s] [122/216] preinstalled libz1-1.2.12-3.2
[   28s] [123/216] preinstalled libzstd1-1.5.2-1.1
[   28s] [124/216] preinstalled linux-glibc-devel-6.1-1.1
[   28s] [125/216] preinstalled login_defs-4.13-2.2
[   28s] [126/216] preinstalled lua54-5.4.4-7.1
[   28s] [127/216] cumulate m4-1.4.18-7.1
[   28s] [128/216] preinstalled make-4.4-2.1
[   28s] [129/216] cumulate mozilla-nspr-4.35-1.1
[   28s] [130/216] cumulate ncurses-devel-6.3.20221126-31.1
[   28s] [131/216] preinstalled ncurses-utils-6.3.20221126-31.1
[   28s] [132/216] preinstalled pam-1.5.2-11.2
[   28s] [133/216] preinstalled patch-2.7.6-6.1
[   28s] [134/216] preinstalled perl-5.36.0-3.1
[   28s] [135/216] cumulate perl-Error-0.17029-1.6
[   28s] [136/216] preinstalled perl-base-5.36.0-3.1
[   28s] [137/216] preinstalled permissions-1599_20221220-1.1
[   28s] [138/216] preinstalled permissions-config-1599_20221220-1.1
[   28s] [139/216] preinstalled pkgconf-1.8.0-1.1
[   28s] [140/216] preinstalled pkgconf-m4-1.8.0-1.1
[   28s] [141/216] preinstalled pkgconf-pkg-config-1.8.0-1.1
[   28s] [142/216] preinstalled polkit-default-privs-1550+20221102.9f111fa-1.1
[   28s] [143/216] preinstalled post-build-checks-84.87+git20221125.a8b2d0e-1.1
[   28s] [144/216] cumulate python-rpm-macros-20221117.8687578-1.1
[   28s] [145/216] preinstalled qemu-linux-user-7.1.0-45.1
[   28s] [146/216] preinstalled rpm-4.18.0-2.2
[   28s] [147/216] preinstalled rpm-build-4.18.0-2.2
[   28s] [148/216] preinstalled rpm-build-perl-4.18.0-2.2
[   28s] [149/216] preinstalled rpm-config-SUSE-20220926-1.1
[   28s] [150/216] preinstalled rpmlint-mini-2.4.0+git20221220.12af927-8.43
[   28s] [151/216] preinstalled rpmlint-strict-2.4.0+git20221220.12af927-1.1
[   28s] [152/216] preinstalled sed-4.9-1.1
[   28s] [153/216] preinstalled shadow-4.13-2.2
[   28s] [154/216] cumulate suse-module-tools-16.0.28-1.1
[   28s] [155/216] cumulate swig-4.1.1-1.1
[   28s] [156/216] preinstalled system-group-hardware-20170617-24.1
[   28s] [157/216] preinstalled system-user-root-20190513-2.1
[   28s] [158/216] preinstalled systemd-rpm-macros-18-1.1
[   28s] [159/216] preinstalled sysuser-shadow-3.1-5.1
[   28s] [160/216] preinstalled tar-1.34-8.1
[   28s] [161/216] preinstalled terminfo-base-6.3.20221126-31.1
[   28s] [162/216] preinstalled update-alternatives-1.21.8-1.1
[   28s] [163/216] preinstalled util-linux-2.38.1-1.2
[   28s] [164/216] preinstalled which-2.21-5.1
[   28s] [165/216] preinstalled xz-5.4.0-1.1
[   28s] [166/216] cumulate zlib-devel-1.2.12-3.2
[   28s] [167/216] cumulate autoconf-2.71-2.1
[   28s] [168/216] cumulate bison-3.8.2-3.1
[   28s] [169/216] cumulate kernel-devel-6.1.2-1.1
[   28s] [170/216] cumulate keyutils-devel-1.6.3-4.1
[   28s] [171/216] cumulate libbrotlidec1-1.0.9-1.1
[   28s] [172/216] cumulate libcom_err-devel-1.46.5-3.1
[   28s] [173/216] cumulate libelf-devel-0.188-3.2
[   28s] [174/216] cumulate libfl-devel-2.6.4-6.1
[   28s] [175/216] cumulate libhidapi-hidraw0-0.12.0-1.1
[   28s] [176/216] cumulate libidn2-0-2.3.4-1.1
[   28s] [177/216] cumulate libopenssl1_1-1.1.1s-2.1
[   28s] [178/216] cumulate libopenssl3-3.0.7-2.1
[   28s] [179/216] cumulate libverto-devel-0.3.2-1.1
[   28s] [180/216] cumulate mozilla-nss-certs-3.85-1.1
[   28s] [181/216] cumulate perl-Git-2.39.0-2.1
[   28s] [182/216] cumulate suse-module-tools-scriptlets-16.0.28-1.1
[   28s] [183/216] cumulate fuse-devel-2.9.9-5.1
[   28s] [184/216] cumulate automake-1.16.5-3.1
[   28s] [185/216] cumulate openssh-common-8.9p1-7.1
[   28s] [186/216] cumulate flex-2.6.4-6.1
[   28s] [187/216] cumulate kmod-30-1.1
[   28s] [188/216] cumulate libldap2-2.6.3-3.1
[   28s] [189/216] cumulate libpsl5-0.21.2-1.1
[   28s] [190/216] cumulate openssl-1_1-1.1.1s-2.1
[   28s] [191/216] cumulate krb5-1.20.1-2.2
[   28s] [192/216] cumulate libfido2-1-1.12.0-1.1
[   28s] [193/216] cumulate openssl-1.1.1s-1.1
[   28s] [194/216] cumulate libtirpc3-1.3.3-1.1
[   28s] [195/216] cumulate libssh4-0.10.4-1.1
[   28s] [196/216] cumulate libtool-2.4.7-3.2
[   28s] [197/216] cumulate krb5-devel-1.20.1-2.2
[   28s] [198/216] cumulate openssh-clients-8.9p1-7.1
[   28s] [199/216] cumulate libtirpc-devel-1.3.3-1.1
[   28s] [200/216] cumulate libcurl4-7.87.0-1.2
[   28s] [201/216] cumulate git-core-2.39.0-2.1
[   28s] [202/216] cumulate git-2.39.0-2.1
[   28s] [203/216] cumulate libfipscheck1-1.7.0-1.1
[   28s] [204/216] cumulate mozilla-nss-3.85-1.1
[   28s] [205/216] cumulate python310-base-3.10.9-1.2
[   28s] [206/216] cumulate libpython3_10-1_0-3.10.9-1.2
[   28s] [207/216] cumulate python310-packaging-22.0-1.1
[   28s] [208/216] cumulate dwarves-1.24-1.1
[   28s] [209/216] cumulate fipscheck-1.7.0-1.1
[   28s] [210/216] cumulate mozilla-nss-tools-3.85-1.1
[   28s] [211/216] cumulate pesign-113-10.1
[   28s] [212/216] cumulate libsoftokn3-3.85-1.1
[   28s] [213/216] cumulate python-rpm-packaging-20210526+a18ca48-1.1
[   28s] [214/216] cumulate kernel-default-devel-6.1.2-1.1
[   28s] [215/216] cumulate pesign-obs-integration-10.2+git20220504.8690743-4.1
[   28s] [216/216] cumulate kernel-syms-6.1.2-1.1
[   28s] now installing cumulated packages
[   29s] Preparing...                          ########################################
[   29s] Updating / installing...
[   29s] mozilla-nspr-4.35-1.1                 ########################################
[   30s] m4-1.4.18-7.1                         ########################################
[   30s] crypto-policies-20210917.c9d86d1-1.1  ########################################
[   30s] libopenssl1_1-1.1.1s-2.1              ########################################
[   30s] libfipscheck1-1.7.0-1.1               ########################################
[   30s] fipscheck-1.7.0-1.1                   ########################################
[   30s] libverto1-0.3.2-1.1                   ########################################
[   31s] libunistring5-1.1-1.1                 ########################################
[   31s] libidn2-0-2.3.4-1.1                   ########################################
[   31s] libudev-mini1-252.3-2.1               ########################################
[   31s] libkeyutils1-1.6.3-4.1                ########################################
[   31s] libfreebl3-3.85-1.1                   ########################################
[   31s] libexpat1-2.5.0-2.1                   ########################################
[   31s] libcom_err2-1.46.5-3.1                ########################################
[   31s] krb5-1.20.1-2.2                       ########################################
[   31s] libcom_err-devel-1.46.5-3.1           ########################################
[   31s] keyutils-devel-1.6.3-4.1              ########################################
[   31s] libhidapi-hidraw0-0.12.0-1.1          ########################################
[   31s] libpsl5-0.21.2-1.1                    ########################################
[   31s] libverto-devel-0.3.2-1.1              ########################################
[   32s] openssh-common-8.9p1-7.1              ########################################
[   32s] suse-module-tools-16.0.28-1.1         ########################################
[   32s] kmod-30-1.1                           ########################################
[   32s] openssl-1_1-1.1.1s-2.1                ########################################
[   32s] openssl-1.1.1s-1.1                    ########################################
[   33s] libopenssl3-3.0.7-2.1                 ########################################
[   33s] autoconf-2.71-2.1                     ########################################
[   33s] automake-1.16.5-3.1                   ########################################
[   34s] mozilla-nss-certs-3.85-1.1            ########################################
[   34s] zlib-devel-1.2.12-3.2                 ########################################
[   34s] libelf-devel-0.188-3.2                ########################################
[   34s] python-rpm-macros-20221117.8687578-1.1########################################
[   34s] perl-Error-0.17029-1.6                ########################################
[   34s] perl-Git-2.39.0-2.1                   ########################################
[   34s] libulockmgr1-2.9.9-5.1                ########################################
[   34s] libtirpc-netconfig-1.3.3-1.1          ########################################
[   34s] libtirpc3-1.3.3-1.1                   ########################################
[   34s] libssh-config-0.10.4-1.1              ########################################
[   34s] libssh4-0.10.4-1.1                    ########################################
[   35s] libsqlite3-0-3.40.0-2.1               ########################################
[   35s] mozilla-nss-3.85-1.1                  ########################################
[   35s] libsoftokn3-3.85-1.1                  ########################################
[   35s] mozilla-nss-tools-3.85-1.1            ########################################
[   35s] libsha1detectcoll1-1.0.3-4.3          ########################################
[   35s] libsasl2-3-2.1.28-2.1                 ########################################
[   35s] libldap2-2.6.3-3.1                    ########################################
[   35s] libnghttp2-14-1.51.0-7.1              ########################################
[   35s] libmpdec3-2.5.1-2.1                   ########################################
[   35s] libltdl7-2.4.7-3.2                    ########################################
[   36s] libfuse2-2.9.9-5.1                    ########################################
[   36s] libfl2-2.6.4-6.1                      ########################################
[   36s] libfl-devel-2.6.4-6.1                 ########################################
[   36s] libffi8-3.4.4-1.1                     ########################################
[   36s] libpython3_10-1_0-3.10.9-1.2          ########################################
[   40s] python310-base-3.10.9-1.2             ########################################
[   40s] python310-packaging-22.0-1.1          ########################################
[   40s] libefivar1-37-6.1                     ########################################
[   41s] /usr/sbin/useradd -r -c PE-COFF signing daemon -d /var/lib/pesign -U pesign -s /usr/sbin/nologin
[   41s] pesign-113-10.1                       ########################################
[   41s] /var/tmp/rpm-tmp.hnxsMw: line 13: systemd-tmpfiles: command not found
[   41s] pesign-obs-integration-10.2+git2022050########################################
[   41s] libedit0-20210910.3.1-1.1             ########################################
[   41s] libdwarves1-1.24-1.1                  ########################################
[   41s] dwarves-1.24-1.1                      ########################################
[   41s] libcbor0_9-0.9.0-2.1                  ########################################
[   41s] libfido2-1-1.12.0-1.1                 ########################################
[   42s] openssh-clients-8.9p1-7.1             ########################################
[   42s] libbrotlicommon1-1.0.9-1.1            ########################################
[   42s] libbrotlidec1-1.0.9-1.1               ########################################
[   42s] libcurl4-7.87.0-1.2                   ########################################
[   42s] less-608-1.1                          ########################################
[   44s] git-core-2.39.0-2.1                   ########################################
[   44s] kernel-macros-6.1.2-1.1               ########################################
[   61s] kernel-devel-6.1.2-1.1                ########################################
[   65s] kernel-default-devel-6.1.2-1.1        ########################################
[   68s] fuse-doc-2.9.9-5.1                    ########################################
[   68s] fuse-2.9.9-5.1                        ########################################
[   68s] fuse-devel-2.9.9-5.1                  ########################################
[   68s] kernel-syms-6.1.2-1.1                 ########################################
[   68s] git-2.39.0-2.1                        ########################################
[   68s] python-rpm-packaging-20210526+a18ca48-########################################
[   68s] flex-2.6.4-6.1                        ########################################
[   69s] libtool-2.4.7-3.2                     ########################################
[   69s] libtirpc-devel-1.3.3-1.1              ########################################
[   69s] suse-module-tools-scriptlets-16.0.28-1########################################
[   69s] krb5-devel-1.20.1-2.2                 ########################################
[   69s] bison-3.8.2-3.1                       ########################################
[   70s] swig-4.1.1-1.1                        ########################################
[   70s] ncurses-devel-6.3.20221126-31.1       ########################################
[   70s] firewall-macros-1.2.2-1.1             ########################################
[   70s] fdupes-2.2.1-1.1                      ########################################
[   70s] autoconf-archive-2022.09.03-1.1       ########################################
[   71s] regenerate-initrd-posttrans: dracut is not installed, not rebuilding the initrd
[   75s] now finalizing build dir...
[   75s] ... running 01-add_abuild_user_to_trusted_group
[   75s] ... running 02-set_timezone_to_utc
[   75s] ... running 03-set-permissions-secure
[   75s] ... running 11-hack_uname_version_to_kernel_version
[   81s] -----------------------------------------------------------------
[   81s] I have the following modifications for openafs.spec:
[   81s] 65c65
[   81s] < Release:        0
[   81s] ---
[   81s] > Release:        1.1
[   81s] 127c127
[   81s] < BuildRequires:  pkg-config
[   81s] ---
[   81s] > BuildRequires:  pkgconf-pkg-config
[   86s] build target is riscv64-suse-linux
[   86s] -----------------------------------------------------------------
[   86s] ----- building openafs.spec (user abuild)
[   86s] -----------------------------------------------------------------
[   86s] -----------------------------------------------------------------
[   88s] + exec rpmbuild -ba --define '_srcdefattr (-,root,root)' --nosignature --target=riscv64-suse-linux --define '_build_create_debug 1' --define 'disturl obs://build.opensuse.org/openSUSE:Factory:RISCV/standard/ef84e74cc19a8d4084ad3b622e5511bf-openafs' /home/abuild/rpmbuild/SOURCES/openafs.spec
[   96s] warning: line 240: It's not recommended to have unversioned Obsoletes: Obsoletes: openafs-kmp-trace
[   98s] Building target platforms: riscv64-suse-linux
[   98s] Building for target riscv64-suse-linux
[   98s] setting SOURCE_DATE_EPOCH=1672790400
[   99s] Executing(%prep): /usr/bin/bash -e /var/tmp/rpm-tmp.hGcyPh
[   99s] + umask 022
[   99s] + cd /home/abuild/rpmbuild/BUILD
[   99s] + : @@@@@@@@@@@@@@@@@@@@@@@@@@@@@@@@@@@@@@@@@@@@@@@@@@@@@@@@@@@@@
[   99s] + : @@@
[   99s] + : @@@ package-name: openafs
[   99s] + : @@@ file-layout: fsh
[   99s] + : @@@ lib dir: /usr/lib64
[   99s] + : @@@ libexec dir: '%{libexecdir}'
[   99s] + : @@@ bin dir: /usr/bin
[   99s] + : @@@ sbin dir: /usr/sbin
[   99s] + : @@@ include dir: '%{includedir}'
[   99s] + : @@@ sysconf dir: /etc
[   99s] + : @@@ man dir: /usr/share/man
[   99s] + : @@@ build modules: 1
[   99s] + : @@@ architecture: riscv64
[   99s] + : @@@ target cpu: riscv64
[   99s] + : @@@
[   99s] + : @@@@@@@@@@@@@@@@@@@@@@@@@@@@@@@@@@@@@@@@@@@@@@@@@@@@@@@@@@@@@
[   99s] + for src_file in /home/abuild/rpmbuild/SOURCES/openafs-1.8.9-src.tar.bz2 /home/abuild/rpmbuild/SOURCES/openafs-1.8.9-doc.tar.bz2
[   99s] ++ md5sum /home/abuild/rpmbuild/SOURCES/openafs-1.8.9-src.tar.bz2
[   99s] ++ awk '{print $1}'
[   99s] ++ awk '{print $1}'
[   99s] ++ cat /home/abuild/rpmbuild/SOURCES/openafs-1.8.9-src.tar.bz2.md5
[   99s] + '[' b48ac2fdeffc2005b78e255c67ac43ba '!=' b48ac2fdeffc2005b78e255c67ac43ba ']'
[   99s] ++ awk '{print $1}'
[   99s] ++ sha256sum /home/abuild/rpmbuild/SOURCES/openafs-1.8.9-src.tar.bz2
[   99s] ++ awk '{print $1}'
[   99s] ++ cat /home/abuild/rpmbuild/SOURCES/openafs-1.8.9-src.tar.bz2.sha256
[  100s] + '[' d126178be1f42cca18cb7c0c2691ac354518e3790170150a76bbd25f4d151f06 '!=' d126178be1f42cca18cb7c0c2691ac354518e3790170150a76bbd25f4d151f06 ']'
[  100s] + for src_file in /home/abuild/rpmbuild/SOURCES/openafs-1.8.9-src.tar.bz2 /home/abuild/rpmbuild/SOURCES/openafs-1.8.9-doc.tar.bz2
[  100s] ++ awk '{print $1}'
[  100s] ++ md5sum /home/abuild/rpmbuild/SOURCES/openafs-1.8.9-doc.tar.bz2
[  100s] ++ cat /home/abuild/rpmbuild/SOURCES/openafs-1.8.9-doc.tar.bz2.md5
[  100s] ++ awk '{print $1}'
[  100s] + '[' 1f59a2942007bac5c7a8b83360852e29 '!=' 1f59a2942007bac5c7a8b83360852e29 ']'
[  100s] ++ awk '{print $1}'
[  100s] ++ sha256sum /home/abuild/rpmbuild/SOURCES/openafs-1.8.9-doc.tar.bz2
[  100s] ++ awk '{print $1}'
[  100s] ++ cat /home/abuild/rpmbuild/SOURCES/openafs-1.8.9-doc.tar.bz2.sha256
[  100s] + '[' ef91e854eab4aa74268525954a41c2a2ad0a2eaf530eaa22bb9e4bf453b15939 '!=' ef91e854eab4aa74268525954a41c2a2ad0a2eaf530eaa22bb9e4bf453b15939 ']'
[  100s] + cd /home/abuild/rpmbuild/BUILD
[  100s] + rm -rf openafs-1.8.9
[  100s] + /usr/lib/rpm/rpmuncompress -x /home/abuild/rpmbuild/SOURCES/openafs-1.8.9-src.tar.bz2
[  112s] + STATUS=0
[  112s] + '[' 0 -ne 0 ']'
[  112s] + /usr/lib/rpm/rpmuncompress -x /home/abuild/rpmbuild/SOURCES/openafs-1.8.9-doc.tar.bz2
[  115s] + STATUS=0
[  115s] + '[' 0 -ne 0 ']'
[  115s] + cd openafs-1.8.9
[  115s] + /usr/bin/chmod -Rf a+rX,u+w,g-w,o-w .
[  115s] + echo 'Patch #4 (4cf7a9a.diff):'
[  115s] Patch #4 (4cf7a9a.diff):
[  115s] + /usr/bin/patch --no-backup-if-mismatch -f -p1 --fuzz=0
[  115s] patching file src/cf/curses.m4
[  115s] + ./regen.sh
[  115s] Updating configuration...
[  115s] Running libtoolize
[  119s] libtoolize: putting auxiliary files in AC_CONFIG_AUX_DIR, 'build-tools'.
[  119s] libtoolize: copying file 'build-tools/config.guess'
[  119s] libtoolize: copying file 'build-tools/config.sub'
[  120s] libtoolize: copying file 'build-tools/install-sh'
[  120s] libtoolize: copying file 'build-tools/ltmain.sh'
[  121s] libtoolize: putting macros in AC_CONFIG_MACRO_DIRS, 'src/cf'.
[  121s] libtoolize: copying file 'src/cf/libtool.m4'
[  125s] libtoolize: copying file 'src/cf/ltoptions.m4'
[  131s] libtoolize: copying file 'src/cf/ltsugar.m4'
[  136s] libtoolize: copying file 'src/cf/ltversion.m4'
[  141s] libtoolize: copying file 'src/cf/lt~obsolete.m4'
[  146s] libtoolize: Remember to add 'LT_INIT' to configure.ac.
[  146s] libtoolize: Consider adding '-I src/cf' to ACLOCAL_AMFLAGS in Makefile.am.
[  146s] Running aclocal
[  194s] Running autoconf
[  218s] Running autoconf for configure-libafs
[  234s] Running autoheader
[  251s] Deleting autom4te.cache directory
[  251s] Building man pages
[  632s] + RPM_EC=0
[  632s] ++ jobs -p
[  632s] + exit 0
[  632s] Executing(%build): /usr/bin/bash -e /var/tmp/rpm-tmp.FhwEBl
[  632s] + umask 022
[  632s] + cd /home/abuild/rpmbuild/BUILD
[  632s] + /usr/bin/rm -rf /home/abuild/rpmbuild/BUILDROOT/openafs-1.8.9-1.1.riscv64
[  632s] ++ dirname /home/abuild/rpmbuild/BUILDROOT/openafs-1.8.9-1.1.riscv64
[  632s] + /usr/bin/mkdir -p /home/abuild/rpmbuild/BUILDROOT
[  632s] + /usr/bin/mkdir /home/abuild/rpmbuild/BUILDROOT/openafs-1.8.9-1.1.riscv64
[  632s] + cd openafs-1.8.9
[  632s] + ref=/usr/lib/rpm
[  632s] + mints=0
[  632s] + case $(uname -m) in
[  632s] ++ uname -m
[  632s] + mints=20160911
[  632s] + for s in guess sub
[  632s] ++ find -maxdepth 8 -name config.guess
[  633s] + for c in $(find -maxdepth 8 -name "config.$s")
[  633s] + grep -q config-patches@ ./build-tools/config.guess
[  633s] ++ sed -n '/^timestamp=/{s///;s/[-'\''"]//g;p;q;}' ./build-tools/config.guess
[  633s] + timestamp=20220109
[  633s] + test -n 20220109
[  633s] + test 20220109 -ge 20160911
[  633s] + for s in guess sub
[  633s] ++ find -maxdepth 8 -name config.sub
[  633s] + for c in $(find -maxdepth 8 -name "config.$s")
[  633s] + grep -q config-patches@ ./build-tools/config.sub
[  633s] ++ sed -n '/^timestamp=/{s///;s/[-'\''"]//g;p;q;}' ./build-tools/config.sub
[  633s] + timestamp=20211225
[  633s] + test -n 20211225
[  633s] + test 20211225 -ge 20160911
[  633s] + sysbase=riscv64
[  633s] + afs_sysname=riscv64_linux26
[  633s] ++ sed s/-D_FORTIFY_SOURCE=2//
[  633s] ++ echo -O2 -Wall -U_FORTIFY_SOURCE -D_FORTIFY_SOURCE=3 -fstack-protector-strong -funwind-tables -fasynchronous-unwind-tables -fstack-clash-protection -Werror=return-type -g
[  633s] + RPM_OPT_FLAGS='-O2 -Wall -U_FORTIFY_SOURCE -D_FORTIFY_SOURCE=3 -fstack-protector-strong -funwind-tables -fasynchronous-unwind-tables -fstack-clash-protection -Werror=return-type -g'
[  633s] + export 'CFLAGS=-O2 -Wall -U_FORTIFY_SOURCE -D_FORTIFY_SOURCE=3 -fstack-protector-strong -funwind-tables -fasynchronous-unwind-tables -fstack-clash-protection -Werror=return-type -g -fno-strict-aliasing -fPIC -fcommon'
[  633s] + CFLAGS='-O2 -Wall -U_FORTIFY_SOURCE -D_FORTIFY_SOURCE=3 -fstack-protector-strong -funwind-tables -fasynchronous-unwind-tables -fstack-clash-protection -Werror=return-type -g -fno-strict-aliasing -fPIC -fcommon'
[  633s] + export 'KRB5LIBS=-lcom_err -lkrb5'
[  633s] + KRB5LIBS='-lcom_err -lkrb5'
[  633s] + export 'PATH_KRB5_CONFIG=%{krb5_config}'
[  633s] + PATH_KRB5_CONFIG='%{krb5_config}'
[  633s] + export afsdbdir=/var/lib/openafs/db
[  633s] + afsdbdir=/var/lib/openafs/db
[  633s] + export afslocaldir=/var/lib/openafs
[  633s] + afslocaldir=/var/lib/openafs
[  633s] + export afslogsdir=/var/log/openafs
[  633s] + afslogsdir=/var/log/openafs
[  633s] + export afsdbdir=/var/lib/openafs/db
[  633s] + afsdbdir=/var/lib/openafs/db
[  633s] + CONFIG_SHELL=/usr/bin/bash
[  633s] + export CONFIG_SHELL
[  633s] + CFLAGS='-O2 -Wall -U_FORTIFY_SOURCE -D_FORTIFY_SOURCE=3 -fstack-protector-strong -funwind-tables -fasynchronous-unwind-tables -fstack-clash-protection -Werror=return-type -g -fno-strict-aliasing -fPIC -fcommon'
[  633s] + export CFLAGS
[  633s] + CXXFLAGS='-O2 -Wall -U_FORTIFY_SOURCE -D_FORTIFY_SOURCE=3 -fstack-protector-strong -funwind-tables -fasynchronous-unwind-tables -fstack-clash-protection -Werror=return-type  -g'
[  633s] + export CXXFLAGS
[  633s] + FFLAGS='-O2 -Wall -U_FORTIFY_SOURCE -D_FORTIFY_SOURCE=3 -fstack-protector-strong -funwind-tables -fasynchronous-unwind-tables -fstack-clash-protection -Werror=return-type  -g '
[  633s] + export FFLAGS
[  633s] + FCFLAGS='-O2 -Wall -U_FORTIFY_SOURCE -D_FORTIFY_SOURCE=3 -fstack-protector-strong -funwind-tables -fasynchronous-unwind-tables -fstack-clash-protection -Werror=return-type  -g '
[  633s] + export FCFLAGS
[  633s] + LDFLAGS=
[  633s] + export LDFLAGS
[  633s] + ./configure --host=riscv64-suse-linux-gnu --build=riscv64-suse-linux-gnu --program-prefix= --disable-dependency-tracking --prefix=/usr --exec-prefix=/usr --bindir=/usr/bin --sbindir=/usr/sbin --sysconfdir=/etc --datadir=/usr/share --includedir=/usr/include --libdir=/usr/lib64 --libexecdir=/usr/libexec --localstatedir=/var --sharedstatedir=/var/lib --mandir=/usr/share/man --infodir=/usr/share/info --disable-transarc-paths --disable-pam --disable-strip-binaries --includedir=/usr/include/openafs --sysconfdir=/etc --mandir=/usr/share/man --with-afs-sysname=riscv64_linux26 --disable-kernel-module --with-swig
[  637s] configure: WARNING: unrecognized options: --disable-dependency-tracking, --disable-pam
[  640s] checking for riscv64-suse-linux-gnu-gcc... no
[  640s] checking for gcc... gcc
[  643s] checking whether the C compiler works... yes
[  643s] checking for C compiler default output file name... a.out
[  644s] checking for suffix of executables... 
[  646s] checking whether we are cross compiling... no
[  647s] checking for suffix of object files... o
[  648s] checking whether the compiler supports GNU C... yes
[  649s] checking whether gcc accepts -g... yes
[  651s] checking for gcc option to enable C11 features... none needed
[  652s] checking for stdio.h... yes
[  653s] checking for stdlib.h... yes
[  654s] checking for string.h... yes
[  655s] checking for inttypes.h... yes
[  656s] checking for stdint.h... yes
[  656s] checking for strings.h... yes
[  657s] checking for sys/stat.h... yes
[  658s] checking for sys/types.h... yes
[  659s] checking for unistd.h... yes
[  660s] checking for wchar.h... yes
[  662s] checking for minix/config.h... no
[  663s] checking whether it is safe to define __EXTENSIONS__... yes
[  664s] checking whether _XOPEN_SOURCE should be defined... no
[  664s] checking build system type... riscv64-suse-linux-gnu
[  665s] checking host system type... riscv64-suse-linux-gnu
[  665s] checking how to print strings... printf
[  665s] checking for a sed that does not truncate output... /usr/bin/sed
[  665s] checking for grep that handles long lines and -e... /usr/bin/grep
[  665s] checking for egrep... /usr/bin/grep -E
[  665s] checking for fgrep... /usr/bin/grep -F
[  665s] checking for ld used by gcc... /usr/riscv64-suse-linux/bin/ld
[  666s] checking if the linker (/usr/riscv64-suse-linux/bin/ld) is GNU ld... yes
[  666s] checking for BSD- or MS-compatible name lister (nm)... /usr/bin/nm -B
[  666s] checking the name lister (/usr/bin/nm -B) interface... BSD nm
[  666s] checking whether ln -s works... yes
[  667s] checking the maximum length of command line arguments... 1572864
[  667s] checking how to convert riscv64-suse-linux-gnu file names to riscv64-suse-linux-gnu format... func_convert_file_noop
[  667s] checking how to convert riscv64-suse-linux-gnu file names to toolchain format... func_convert_file_noop
[  667s] checking for /usr/riscv64-suse-linux/bin/ld option to reload object files... -r
[  667s] checking for riscv64-suse-linux-gnu-file... no
[  667s] checking for file... file
[  667s] checking for riscv64-suse-linux-gnu-objdump... no
[  667s] checking for objdump... objdump
[  667s] checking how to recognize dependent libraries... pass_all
[  667s] checking for riscv64-suse-linux-gnu-dlltool... no
[  667s] checking for dlltool... no
[  667s] checking how to associate runtime and link libraries... printf %s\n
[  667s] checking for riscv64-suse-linux-gnu-ar... no
[  667s] checking for ar... ar
[  668s] checking for archiver @FILE support... @
[  668s] checking for riscv64-suse-linux-gnu-strip... no
[  668s] checking for strip... strip
[  668s] checking for riscv64-suse-linux-gnu-ranlib... no
[  668s] checking for ranlib... ranlib
[  668s] checking for gawk... gawk
[  671s] checking command to parse /usr/bin/nm -B output from gcc object... ok
[  671s] checking for sysroot... no
[  671s] checking for a working dd... /usr/bin/dd
[  671s] checking how to truncate binary pipes... /usr/bin/dd bs=4096 count=1
[  671s] checking for riscv64-suse-linux-gnu-mt... no
[  671s] checking for mt... no
[  671s] checking if : is a manifest tool... no
[  672s] checking for dlfcn.h... yes
[  672s] checking for objdir... .libs
[  675s] checking if gcc supports -fno-rtti -fno-exceptions... no
[  675s] checking for gcc option to produce PIC... -fPIC -DPIC
[  676s] checking if gcc PIC flag -fPIC -DPIC works... yes
[  677s] checking if gcc static flag -static works... no
[  678s] checking if gcc supports -c -o file.o... yes
[  678s] checking if gcc supports -c -o file.o... (cached) yes
[  679s] checking whether the gcc linker (/usr/riscv64-suse-linux/bin/ld) supports shared libraries... yes
[  680s] checking whether -lc should be explicitly linked in... no
[  682s] checking dynamic linker characteristics... GNU/Linux ld.so
[  682s] checking how to hardcode library paths into programs... immediate
[  682s] checking whether stripping libraries is possible... yes
[  682s] checking if libtool supports shared libraries... yes
[  682s] checking whether to build shared libraries... yes
[  682s] checking whether to build static libraries... yes
[  682s] checking for riscv64-suse-linux-gnu-gcc... gcc
[  683s] checking whether the compiler supports GNU C... (cached) yes
[  683s] checking whether gcc accepts -g... (cached) yes
[  683s] checking for gcc option to enable C11 features... (cached) none needed
[  683s] checking for cpp... /usr/bin/cpp
[  683s] checking for a BSD-compatible install... /usr/bin/install -c
[  685s] checking for gcc options needed to detect all undeclared functions... none needed
[  686s] checking how to run the C preprocessor... gcc -E
[  687s] checking for riscv64-suse-linux-gnu-pkg-config... /usr/bin/riscv64-suse-linux-gnu-pkg-config
[  687s] checking pkg-config is at least version 0.9.0... yes
[  687s] checking for libxslt... no
[  687s] checking for saxon... no
[  687s] checking for xalan-j... no
[  687s] checking for xsltproc... no
[  687s] checking for fop... no
[  687s] checking for dblatex... no
[  687s] checking for docbook2pdf... no
[  687s] configure: WARNING: Docbook stylesheets not found; some documentation can't be built
[  687s] checking for kindlegen... no
[  687s] checking for doxygen... no
[  687s] checking for dot... no
[  689s] checking for library containing strerror... none required
[  692s] checking for pid_t... yes
[  695s] checking for size_t... yes
[  695s] checking whether ln -s works... yes
[  695s] checking for riscv64-suse-linux-gnu-ranlib... ranlib
[  695s] checking for bison... bison -y
[  695s] checking for flex... flex
[  695s] checking for lex output file root... lex.yy
[  701s] checking for lex library... none needed
[  707s] checking whether yytext is a pointer... yes
[  707s] checking if lex is flex... yes
[  709s] checking whether byte order is known at compile time... yes
[  710s] checking whether byte ordering is bigendian... no
[  712s] checking whether printf understands the %z length modifier... yes
[  712s] checking your OS... linux
[  712s] checking for riscv64-suse-linux-gnu-ranlib... (cached) ranlib
[  712s] checking for as... as
[  712s] checking for mv... mv -f
[  712s] checking for rm... rm -f
[  712s] checking for ld... /usr/riscv64-suse-linux/bin/ld
[  712s] checking for cp... cp -f
[  712s] checking for gencat... gencat
[  714s] checking if compiler has __sync_add_and_fetch... yes
[  715s] checking if struct sockaddr has sa_len field... no
[  716s] checking for library containing socket... none required
[  718s] checking for library containing connect... none required
[  719s] checking for library containing gethostbyname... none required
[  721s] checking for the useability of arpa/nameser_compat.h... yes
[  724s] checking for res_search... yes
[  726s] checking for retransmit support in res_state... yes
[  727s] checking for setsockopt(, SOL_IP, IP_RECVERR)... yes
[  729s] checking for pthread_attr_init in -lpthread... yes
[  729s] checking for tivoli tsm butc support... no
[  731s] checking for sys/wait.h that is POSIX.1 compatible... yes
[  732s] checking for dirent.h that defines DIR... yes
[  734s] checking for library containing opendir... none required
[  735s] checking for arpa/inet.h... yes
[  736s] checking for arpa/nameser.h... yes
[  737s] checking for curses.h... yes
[  738s] checking for direct.h... no
[  739s] checking for errno.h... yes
[  740s] checking for fcntl.h... yes
[  742s] checking for grp.h... yes
[  743s] checking for math.h... yes
[  744s] checking for mntent.h... yes
[  745s] checking for ncurses.h... yes
[  747s] checking for ncurses/ncurses.h... yes
[  748s] checking for netdb.h... yes
[  749s] checking for netinet/in.h... yes
[  750s] checking for pthread_np.h... no
[  751s] checking for pwd.h... yes
[  752s] checking for regex.h... yes
[  754s] checking for security/pam_appl.h... no
[  755s] checking for signal.h... yes
[  755s] checking for stdint.h... (cached) yes
[  756s] checking for stdio_ext.h... yes
[  756s] checking for stdlib.h... (cached) yes
[  756s] checking for string.h... (cached) yes
[  756s] checking for strings.h... (cached) yes
[  757s] checking for sys/bitypes.h... yes
[  758s] checking for sys/bswap.h... no
[  759s] checking for sys/dk.h... no
[  760s] checking for sys/fcntl.h... yes
[  762s] checking for sys/file.h... yes
[  763s] checking for sys/fs_types.h... no
[  764s] checking for sys/fstyp.h... no
[  765s] checking for sys/ioctl.h... yes
[  766s] checking for sys/ipc.h... yes
[  767s] checking for sys/lockf.h... no
[  768s] checking for sys/map.h... no
[  770s] checking for sys/mount.h... yes
[  771s] checking for sys/mntent.h... no
[  772s] checking for sys/mnttab.h... no
[  773s] checking for sys/pag.h... no
[  774s] checking for sys/param.h... yes
[  775s] checking for sys/resource.h... yes
[  776s] checking for sys/select.h... yes
[  778s] checking for sys/statfs.h... yes
[  779s] checking for sys/statvfs.h... yes
[  780s] checking for sys/socket.h... yes
[  781s] checking for sys/sysctl.h... no
[  782s] checking for sys/time.h... yes
[  782s] checking for sys/types.h... (cached) yes
[  783s] checking for sys/uio.h... yes
[  784s] checking for sys/un.h... yes
[  786s] checking for sys/vfs.h... yes
[  787s] checking for syslog.h... yes
[  788s] checking for termios.h... yes
[  789s] checking for time.h... yes
[  790s] checking for ucontext.h... yes
[  790s] checking for unistd.h... (cached) yes
[  792s] checking for windows.h... no
[  794s] checking for resolv.h... yes
[  795s] checking for net/if.h... yes
[  797s] checking for netinet/if_ether.h... yes
[  798s] checking for security/pam_modules.h... no
[  798s] checking for linux/errqueue.h... yes
[  800s] checking for fsblkcnt_t... yes
[  803s] checking for struct stat.st_ctimespec... no
[  805s] checking for struct stat.st_ctimensec... no
[  805s] checking for libintl... no
[  807s] checking for arc4random... yes
[  808s] checking for closelog... yes
[  810s] checking for fcntl... yes
[  811s] checking for fseeko64... yes
[  813s] checking for ftello64... yes
[  814s] checking for getcwd... yes
[  816s] checking for getegid... yes
[  817s] checking for geteuid... yes
[  819s] checking for getgid... yes
[  821s] checking for getuid... yes
[  822s] checking for getrlimit... yes
[  824s] checking for issetugid... no
[  826s] checking for mkstemp... yes
[  827s] checking for openlog... yes
[  829s] checking for poll... yes
[  831s] checking for pread... yes
[  832s] checking for preadv... yes
[  834s] checking for preadv64... yes
[  835s] checking for pwrite... yes
[  837s] checking for pwritev... yes
[  838s] checking for pwritev64... yes
[  840s] checking for regcomp... yes
[  841s] checking for regerror... yes
[  843s] checking for regexec... yes
[  844s] checking for setitimer... yes
[  846s] checking for setvbuf... yes
[  847s] checking for sigaction... yes
[  848s] checking for strcasestr... yes
[  850s] checking for strerror... yes
[  851s] checking for sysconf... yes
[  853s] checking for sysctl... no
[  854s] checking for syslog... yes
[  856s] checking for tdestroy... yes
[  857s] checking for timegm... yes
[  858s] checking for usable system libroken... no
[  859s] checking for usable system libhcrypto... no
[  860s] checking for initscr in -lncurses... yes
[  862s] checking for LINES in -lncurses... no
[  864s] checking for LINES in -ltinfo... no
[  865s] checking for _nc_LINES in -lncurses... yes
[  865s] configure: checking for curses library... -lncurses
[  865s] (cached) configure: checking for curses library... -lncurses
[  867s] checking getmaxyx macro... yes
[  868s] checking for __attribute__((always_inline))... yes
[  870s] checking for __attribute__((fallthrough))... yes
[  871s] checking for __attribute__((format))... yes
[  872s] checking for __attribute__((nonnull))... yes
[  874s] checking for __attribute__((noreturn))... yes
[  875s] checking for __attribute__((unused))... yes
[  876s] checking for _Pragma... yes
[  877s] checking for _Pragma recognition of -Wtautological-pointer-compare... yes
[  879s] checking for chown... yes
[  881s] checking for fchown... yes
[  882s] checking for gethostname... yes
[  884s] checking for lstat... yes
[  886s] checking for inet_aton... yes
[  887s] checking for putenv... yes
[  889s] checking for readv... yes
[  891s] checking for setenv... yes
[  893s] checking for strdup... yes
[  894s] checking for strftime... yes
[  896s] checking for strndup... yes
[  897s] checking for strsep... yes
[  899s] checking for unsetenv... yes
[  900s] checking for asprintf... yes
[  902s] checking for asnprintf... no
[  904s] checking for vasprintf... yes
[  906s] checking for vasnprintf... no
[  907s] checking for vsnprintf... yes
[  909s] checking for snprintf... yes
[  910s] checking for daemon... yes
[  912s] checking for ecalloc... no
[  914s] checking for emalloc... no
[  915s] checking for erealloc... no
[  917s] checking for err... yes
[  918s] checking for errx... yes
[  919s] checking for flock... yes
[  921s] checking for freeaddrinfo... yes
[  923s] checking for gai_strerror... yes
[  924s] checking for getaddrinfo... yes
[  925s] checking for getdtablesize... yes
[  927s] checking for getnameinfo... yes
[  928s] checking for getopt... yes
[  930s] checking for getprogname... no
[  932s] checking for gettimeofday... yes
[  933s] checking for inet_ntop... yes
[  934s] checking for inet_pton... yes
[  936s] checking for localtime_r... yes
[  936s] checking for mkstemp... (cached) yes
[  936s] checking for setenv... (cached) yes
[  938s] checking for setprogname... no
[  939s] checking for strcasecmp... yes
[  941s] checking for strlcat... no
[  943s] checking for strnlen... yes
[  944s] checking for strlcpy... no
[  944s] checking for strsep... (cached) yes
[  946s] checking for tdelete... yes
[  947s] checking for tfind... yes
[  949s] checking for tsearch... yes
[  950s] checking for twalk... yes
[  950s] checking for unsetenv... (cached) yes
[  952s] checking for verr... yes
[  953s] checking for verrx... yes
[  955s] checking for vsyslog... yes
[  956s] checking for vwarn... yes
[  958s] checking for vwarnx... yes
[  959s] checking for warn... yes
[  961s] checking for warnx... yes
[  962s] checking for err.h... yes
[  963s] checking for search.h... yes
[  964s] checking whether h_errno is declared... yes
[  966s] checking for bswap16... no
[  968s] checking for bswap32... no
[  968s] checking for positional I/O... yes
[  968s] checking for vectored positional I/O... yes
[  968s] checking for POSIX regex library... yes
[  970s] checking for pthread_set_name_np... no
[  971s] checking for pthread_setname_np... yes
[  973s] checking for signature of pthread_setname_np... two arguments
[  975s] checking size of void *... 8
[  978s] checking size of unsigned long long... 8
[  980s] checking size of unsigned long... 8
[  982s] checking size of unsigned int... 4
[  985s] checking for intptr_t... yes
[  987s] checking for uintptr_t... yes
[  989s] checking for ssize_t... yes
[  992s] checking for sig_atomic_t... yes
[  993s] checking for socklen_t... yes
[  996s] checking for off64_t... yes
[  996s] checking for ssize_t... (cached) yes
[  998s] checking for struct winsize... yes
[  999s] checking for sa_family_t... yes
[  999s] checking for socklen_t... (cached) yes
[ 1001s] checking for struct sockaddr... yes
[ 1003s] checking for struct sockaddr_storage... yes
[ 1003s] checking for sa_family_t... (cached) yes
[ 1005s] checking for struct addrinfo... yes
[ 1008s] checking for long long... yes
[ 1010s] checking size of long... 8
[ 1010s] checking whether PAM prefers const... no
[ 1011s] checking for FUSE... yes
[ 1011s] checking for swig... swig
[ 1013s] checking for crypt in -lcrypt... yes
[ 1014s] checking for label support in structs... yes
[ 1015s] checking checking for dirfd... yes
[ 1016s] checking for dd_fd in DIR... no
[ 1018s] checking for ru_idrss in struct rusage... yes
[ 1019s] checking for uuid/uuid.h... no
[ 1020s] checking for uuid_generate in -luuid... no
[ 1022s] checking for uuid_generate... no
[ 1022s] checking for ctfconvert... no
[ 1022s] checking for ctfmerge... no
[ 1022s] checking size of long... (cached) 8
[ 1022s] checking for krb5-config... /usr/bin/krb5-config
[ 1022s] checking for krb5 support in krb5-config... yes
[ 1022s] checking for --deps support in krb5-config... no
[ 1025s] checking for krb5_init_context... yes
[ 1026s] checking for krb5.h... yes
[ 1027s] checking for krb5/krb5.h... yes
[ 1028s] checking for krb5_get_error_message... yes
[ 1030s] checking for krb5_free_error_message... yes
[ 1032s] checking for add_error_table... yes
[ 1033s] checking for add_to_error_table... yes
[ 1035s] checking for encode_krb5_enc_tkt_part... yes
[ 1036s] checking for encode_krb5_ticket... yes
[ 1038s] checking for krb5_524_conv_principal... yes
[ 1040s] checking for krb5_allow_weak_crypto... yes
[ 1041s] checking for krb5_c_encrypt... yes
[ 1043s] checking for krb5_decode_ticket... yes
[ 1044s] checking for krb5_enctype_enable... no
[ 1046s] checking for krb5_free_keytab_entry_contents... yes
[ 1048s] checking for krb5_free_unparsed_name... yes
[ 1049s] checking for krb5_get_init_creds_opt_alloc... yes
[ 1051s] checking for krb5_get_prompt_types... yes
[ 1053s] checking for krb5_princ_size... no
[ 1054s] checking for krb5_principal_get_comp_string... no
[ 1056s] checking for krb5_524_convert_creds... yes
[ 1057s] checking for kerberosIV/krb.h... no
[ 1058s] checking for kerberosV/heim_err.h... no
[ 1059s] checking for com_err.h... yes
[ 1060s] checking for et/com_err.h... yes
[ 1061s] checking for krb5/com_err.h... no
[ 1064s] checking for krb5_creds.keyblock... yes
[ 1065s] checking for krb5_creds.keyblock.enctype... yes
[ 1067s] checking for krb5_creds.session... no
[ 1069s] checking for krb5_prompt.type... no
[ 1071s] checking for krb5_keytab_entry.key... yes
[ 1073s] checking for krb5_keytab_entry.keyblock... no
[ 1074s] checking whether namei fileserver is enabled... yes
[ 1076s] configure: creating ./config.status
[ 1090s] config.status: creating Makefile
[ 1090s] config.status: creating doc/man-pages/Makefile
[ 1091s] config.status: creating doc/man-pages/install-man
[ 1091s] config.status: creating doc/xml/AdminGuide/Makefile
[ 1092s] config.status: creating doc/xml/QuickStartUnix/Makefile
[ 1093s] config.status: creating doc/xml/UserGuide/Makefile
[ 1093s] config.status: creating doc/xml/AdminRef/Makefile
[ 1094s] config.status: creating doc/xml/mobi-fixup.xsl
[ 1094s] config.status: creating doc/doxygen/Doxyfile
[ 1095s] config.status: creating src/afs/Makefile
[ 1096s] config.status: creating src/afsd/Makefile
[ 1096s] config.status: creating src/afsmonitor/Makefile
[ 1097s] config.status: creating src/afsweb/Makefile
[ 1097s] config.status: creating src/aklog/Makefile
[ 1098s] config.status: creating src/audit/Makefile
[ 1099s] config.status: creating src/auth/Makefile
[ 1099s] config.status: creating src/auth/test/Makefile
[ 1100s] config.status: creating src/bozo/Makefile
[ 1101s] config.status: creating src/bozo/test/Makefile
[ 1101s] config.status: creating src/bu_utils/Makefile
[ 1102s] config.status: creating src/bubasics/Makefile
[ 1103s] config.status: creating src/bucoord/Makefile
[ 1103s] config.status: creating src/budb/Makefile
[ 1104s] config.status: creating src/tbudb/Makefile
[ 1105s] config.status: creating src/butc/Makefile
[ 1105s] config.status: creating src/butm/Makefile
[ 1106s] config.status: creating src/cmd/Makefile
[ 1107s] config.status: creating src/cmd/test/Makefile
[ 1107s] config.status: creating src/comerr/Makefile
[ 1108s] config.status: creating src/comerr/test/Makefile
[ 1108s] config.status: creating src/config/Makefile
[ 1109s] config.status: creating src/config/Makefile.config
[ 1110s] config.status: creating src/config/Makefile.libtool
[ 1110s] config.status: creating src/config/Makefile.lwp
[ 1111s] config.status: creating src/config/Makefile.lwptool
[ 1112s] config.status: creating src/config/Makefile.pthread
[ 1112s] config.status: creating src/config/Makefile.version-CML
[ 1113s] config.status: creating src/config/Makefile.version-NOCML
[ 1113s] config.status: creating src/config/cc-wrapper
[ 1114s] config.status: creating src/config/shlib-build
[ 1114s] config.status: creating src/config/shlib-install
[ 1115s] config.status: creating src/crypto/hcrypto/Makefile
[ 1116s] config.status: creating src/crypto/rfc3961/Makefile
[ 1117s] config.status: creating src/dir/Makefile
[ 1117s] config.status: creating src/dir/test/Makefile
[ 1118s] config.status: creating src/dviced/Makefile
[ 1118s] config.status: creating src/dvolser/Makefile
[ 1119s] config.status: creating src/export/Makefile
[ 1119s] config.status: creating src/finale/Makefile
[ 1120s] config.status: creating src/fsint/Makefile
[ 1121s] config.status: creating src/fsprobe/Makefile
[ 1121s] config.status: creating src/gtx/Makefile
[ 1122s] config.status: creating src/JAVA/libjafs/Makefile
[ 1122s] config.status: creating src/kauth/Makefile
[ 1123s] config.status: creating src/kauth/test/Makefile
[ 1124s] config.status: creating src/kopenafs/Makefile
[ 1124s] config.status: creating src/libacl/Makefile
[ 1125s] config.status: creating src/libacl/test/Makefile
[ 1125s] config.status: creating src/libadmin/Makefile
[ 1126s] config.status: creating src/libadmin/adminutil/Makefile
[ 1127s] config.status: creating src/libadmin/bos/Makefile
[ 1127s] config.status: creating src/libadmin/cfg/Makefile
[ 1128s] config.status: creating src/libadmin/cfg/test/Makefile
[ 1128s] config.status: creating src/libadmin/client/Makefile
[ 1129s] config.status: creating src/libadmin/kas/Makefile
[ 1129s] config.status: creating src/libadmin/pts/Makefile
[ 1130s] config.status: creating src/libadmin/samples/Makefile
[ 1130s] config.status: creating src/libadmin/test/Makefile
[ 1131s] config.status: creating src/libadmin/vos/Makefile
[ 1132s] config.status: creating src/libafs/Makefile.common
[ 1132s] config.status: creating src/libafs/MakefileProto.LINUX
[ 1133s] config.status: creating src/libafsauthent/Makefile
[ 1133s] config.status: creating src/libafsrpc/Makefile
[ 1134s] config.status: creating src/libuafs/Makefile.common
[ 1135s] config.status: creating src/libuafs/MakefileProto.LINUX
[ 1135s] config.status: creating src/log/Makefile
[ 1136s] config.status: creating src/log/test/Makefile
[ 1136s] config.status: creating src/lwp/Makefile
[ 1137s] config.status: creating src/lwp/test/Makefile
[ 1137s] config.status: creating src/opr/Makefile
[ 1138s] config.status: creating src/packaging/MacOS/OpenAFS-debug.Description.plist
[ 1139s] config.status: creating src/packaging/MacOS/OpenAFS-debug.Info.plist
[ 1139s] config.status: creating src/packaging/MacOS/OpenAFS.Description.plist
[ 1140s] config.status: creating src/packaging/MacOS/OpenAFS.Info.plist
[ 1140s] config.status: creating src/packaging/MacOS/OpenAFS.info
[ 1141s] config.status: creating src/packaging/MacOS/buildpkg.sh
[ 1141s] config.status: creating src/packaging/MacOS/pkgbuild.sh
[ 1142s] config.status: creating src/pam/Makefile
[ 1142s] config.status: creating src/platform/Makefile
[ 1143s] config.status: creating src/platform/LINUX/Makefile
[ 1144s] config.status: creating src/platform/DARWIN/growlagent/Makefile
[ 1144s] config.status: creating src/procmgmt/Makefile
[ 1145s] config.status: creating src/procmgmt/test/Makefile
[ 1145s] config.status: creating src/ptserver/Makefile
[ 1146s] config.status: creating src/tptserver/Makefile
[ 1146s] config.status: creating src/roken/Makefile
[ 1147s] config.status: creating src/rx/Makefile
[ 1147s] config.status: creating src/rx/bulk.example/Makefile
[ 1148s] config.status: creating src/rx/bulktest/Makefile
[ 1149s] config.status: creating src/rx/multi.example/Makefile
[ 1149s] config.status: creating src/rx/simple.example/Makefile
[ 1150s] config.status: creating src/rx/test/Makefile
[ 1150s] config.status: creating src/rxdebug/Makefile
[ 1151s] config.status: creating src/rxgen/Makefile
[ 1151s] config.status: creating src/rxkad/Makefile
[ 1152s] config.status: creating src/rxkad/test/Makefile
[ 1153s] config.status: creating src/rxosd/Makefile
[ 1153s] config.status: creating src/rxstat/Makefile
[ 1154s] config.status: creating src/scout/Makefile
[ 1154s] config.status: creating src/sys/Makefile
[ 1155s] config.status: creating src/tbutc/Makefile
[ 1156s] config.status: creating src/tests/Makefile
[ 1156s] config.status: creating src/tests/run-tests
[ 1157s] config.status: creating src/tools/Makefile
[ 1158s] config.status: creating src/tools/dumpscan/Makefile
[ 1158s] config.status: creating src/tools/rxperf/Makefile
[ 1159s] config.status: creating src/tsalvaged/Makefile
[ 1159s] config.status: creating src/tsm41/Makefile
[ 1160s] config.status: creating src/tvolser/Makefile
[ 1160s] config.status: creating src/ubik/Makefile
[ 1161s] config.status: creating src/tubik/Makefile
[ 1162s] config.status: creating src/update/Makefile
[ 1162s] config.status: creating src/usd/Makefile
[ 1163s] config.status: creating src/usd/test/Makefile
[ 1163s] config.status: creating src/uss/Makefile
[ 1164s] config.status: creating src/util/Makefile
[ 1165s] config.status: creating src/util/test/Makefile
[ 1165s] config.status: creating src/libafscp/Makefile
[ 1166s] config.status: creating src/venus/Makefile
[ 1166s] config.status: creating src/venus/test/Makefile
[ 1167s] config.status: creating src/vfsck/Makefile
[ 1168s] config.status: creating src/viced/Makefile
[ 1168s] config.status: creating src/vlserver/Makefile
[ 1169s] config.status: creating src/tvlserver/Makefile
[ 1169s] config.status: creating src/vol/Makefile
[ 1170s] config.status: creating src/vol/test/Makefile
[ 1171s] config.status: creating src/volser/Makefile
[ 1171s] config.status: creating src/xstat/Makefile
[ 1172s] config.status: creating src/helper-splint.sh
[ 1172s] config.status: creating tests/Makefile
[ 1173s] config.status: creating tests/auth/Makefile
[ 1174s] config.status: creating tests/cmd/Makefile
[ 1174s] config.status: creating tests/common/Makefile
[ 1175s] config.status: creating tests/opr/Makefile
[ 1176s] config.status: creating tests/rpctestlib/Makefile
[ 1176s] config.status: creating tests/rx/Makefile
[ 1177s] config.status: creating tests/tap/Makefile
[ 1177s] config.status: creating tests/util/Makefile
[ 1178s] config.status: creating tests/volser/Makefile
[ 1179s] config.status: creating src/config/afsconfig.h
[ 1179s] config.status: executing libtool commands
[ 1179s] config.status: executing default commands
[ 1180s] configure: WARNING: unrecognized options: --disable-dependency-tracking, --disable-pam
[ 1180s] ***************************************************************
[ 1180s] OpenAFS configure summary
[ 1180s] 
[ 1180s]   version : 1.8.9
[ 1180s]   sysname : riscv64_linux26
[ 1180s] 
[ 1180s] debug:
[ 1180s]   userspace              : no
[ 1180s]   kernel                 : no
[ 1180s]   ctf-tools              : no
[ 1180s] options:
[ 1180s]   transarc paths         : no
[ 1180s]   namei fileserver       : yes
[ 1180s]   use unix sockets       : yes
[ 1180s]   ptserver supergroups   : no
[ 1180s]   pthreaded ubik         : yes
[ 1180s]   install kauth          : no
[ 1180s]   ubik read while write  : no
[ 1180s] build:
[ 1180s]   kernel module          : no
[ 1180s]   scout/afsmonitor       : yes
[ 1180s]   pam                    : no
[ 1180s]   login                  : no
[ 1180s] doc generation:
[ 1180s]   docbook stylesheets    : no
[ 1180s]   doxygen                : no
[ 1180s]   doxygen graphs         : no
[ 1180s] libraries:
[ 1180s]   krb5    : -lkrb5 -lk5crypto -lcom_err
[ 1180s]   curses  : -lncurses
[ 1180s]   afsdb   : 
[ 1180s]   crypt   : -lcrypt
[ 1180s]   hcrypto : -lafshcrypto
[ 1180s]   intl    : 
[ 1180s] ***************************************************************
[ 1180s] + make 'CCFLAGS=-O2 -Wall -U_FORTIFY_SOURCE -D_FORTIFY_SOURCE=3 -fstack-protector-strong -funwind-tables -fasynchronous-unwind-tables -fstack-clash-protection -Werror=return-type -g -fno-strict-aliasing -fPIC -fcommon' 'XCFLAGS=-O2 -Wall -U_FORTIFY_SOURCE -D_FORTIFY_SOURCE=3 -fstack-protector-strong -funwind-tables -fasynchronous-unwind-tables -fstack-clash-protection -Werror=return-type -g -fno-strict-aliasing -fPIC -fcommon' 'PAM_CFLAGS=-O2 -Wall -U_FORTIFY_SOURCE -D_FORTIFY_SOURCE=3 -fstack-protector-strong -funwind-tables -fasynchronous-unwind-tables -fstack-clash-protection -Werror=return-type -g -fno-strict-aliasing -fPIC -fcommon' 'KOPTS=-O2 -Wall -U_FORTIFY_SOURCE -D_FORTIFY_SOURCE=3 -fstack-protector-strong -funwind-tables -fasynchronous-unwind-tables -fstack-clash-protection -Werror=return-type -g -fno-strict-aliasing -fPIC -fcommon' all_nolibafs
[ 1180s] make build TARGET=finale_nolibafs
[ 1181s] make[1]: Entering directory '/home/abuild/rpmbuild/BUILD/openafs-1.8.9'
[ 1181s] make finale_nolibafs DEST=/home/abuild/rpmbuild/BUILD/openafs-1.8.9/riscv64_linux26/dest COMPILE_PART2B=all DESTDIR=
[ 1181s] make[2]: Entering directory '/home/abuild/rpmbuild/BUILD/openafs-1.8.9'
[ 1181s] mkdir -p /home/abuild/rpmbuild/BUILD/openafs-1.8.9/include/afs
[ 1181s] mkdir -p /home/abuild/rpmbuild/BUILD/openafs-1.8.9/include/rx
[ 1181s] mkdir -p /home/abuild/rpmbuild/BUILD/openafs-1.8.9/include/hcrypto
[ 1181s] mkdir -p /home/abuild/rpmbuild/BUILD/openafs-1.8.9/include/opr
[ 1181s] mkdir -p /home/abuild/rpmbuild/BUILD/openafs-1.8.9/lib
[ 1181s] cd src && cd config && make all
[ 1181s] make[3]: Entering directory '/home/abuild/rpmbuild/BUILD/openafs-1.8.9/src/config'
[ 1181s] rm -f -f Makefile.version
[ 1181s] if	[ -r /home/abuild/rpmbuild/BUILD/openafs-1.8.9/src/CML/state ] ; \
[ 1181s] then	cp -f Makefile.version-CML Makefile.version ; \
[ 1181s] else	cp -f Makefile.version-NOCML Makefile.version ; \
[ 1181s] fi
[ 1181s] make -f Makefile.version AFS_component_version_number.c
[ 1182s] make[4]: Entering directory '/home/abuild/rpmbuild/BUILD/openafs-1.8.9/src/config'
[ 1182s] ( VERSION=`/home/abuild/rpmbuild/BUILD/openafs-1.8.9/build-tools/git-version /home/abuild/rpmbuild/BUILD/openafs-1.8.9 "1.8.9"` && \
[ 1182s] if [ "$SOURCE_DATE_EPOCH" ]; then \
[ 1182s]      echo 'char cml_version_number[]="@(#)OpenAFS '$VERSION `date -u -d "@$SOURCE_DATE_EPOCH" +"%Y-%m-%d" 2>/dev/null || date -u -r "$SOURCE_DATE_EPOCH" +"%Y-%m-%d"`'";'; \
[ 1182s] else \
[ 1182s]      echo 'char cml_version_number[]="@(#)OpenAFS '$VERSION `date +"%Y-%m-%d"` $USER@`hostname`'";'; \
[ 1182s] fi >AFS_component_version_number.c.NEW && \
[ 1182s] echo 'char* AFSVersion = "openafs '$VERSION'";' >>AFS_component_version_number.c.NEW && \
[ 1182s] if cmp AFS_component_version_number.c.NEW AFS_component_version_number.c > /dev/null 2>&1 ; then : ; else \
[ 1182s] mv AFS_component_version_number.c.NEW AFS_component_version_number.c ; fi )
[ 1182s] rm -f AFS_component_version_number.c.NEW
[ 1182s] make[4]: Leaving directory '/home/abuild/rpmbuild/BUILD/openafs-1.8.9/src/config'
[ 1182s] gcc   -O2 -Wall -U_FORTIFY_SOURCE -D_FORTIFY_SOURCE=3 -fstack-protector-strong -funwind-tables -fasynchronous-unwind-tables -fstack-clash-protection -Werror=return-type -g -fno-strict-aliasing -fPIC -fcommon  -O -O2 -Wall -U_FORTIFY_SOURCE -D_FORTIFY_SOURCE=3 -fstack-protector-strong -funwind-tables -fasynchronous-unwind-tables -fstack-clash-protection -Werror=return-type -g -fno-strict-aliasing -fPIC -fcommon  -I/home/abuild/rpmbuild/BUILD/openafs-1.8.9/src/config -I/home/abuild/rpmbuild/BUILD/openafs-1.8.9/include -I. -I.      -o config.o -c config.c
[ 1184s] gcc   -O2 -Wall -U_FORTIFY_SOURCE -D_FORTIFY_SOURCE=3 -fstack-protector-strong -funwind-tables -fasynchronous-unwind-tables -fstack-clash-protection -Werror=return-type -g -fno-strict-aliasing -fPIC -fcommon  -O -O2 -Wall -U_FORTIFY_SOURCE -D_FORTIFY_SOURCE=3 -fstack-protector-strong -funwind-tables -fasynchronous-unwind-tables -fstack-clash-protection -Werror=return-type -g -fno-strict-aliasing -fPIC -fcommon  -I/home/abuild/rpmbuild/BUILD/openafs-1.8.9/src/config -I/home/abuild/rpmbuild/BUILD/openafs-1.8.9/include -I. -I.      -o mc.o -c mc.c
[ 1187s] gcc   -L/home/abuild/rpmbuild/BUILD/openafs-1.8.9/lib -L/home/abuild/rpmbuild/BUILD/openafs-1.8.9/lib  -O    -O2 -Wall -U_FORTIFY_SOURCE -D_FORTIFY_SOURCE=3 -fstack-protector-strong -funwind-tables -fasynchronous-unwind-tables -fstack-clash-protection -Werror=return-type -g -fno-strict-aliasing -fPIC -fcommon  -O -O2 -Wall -U_FORTIFY_SOURCE -D_FORTIFY_SOURCE=3 -fstack-protector-strong -funwind-tables -fasynchronous-unwind-tables -fstack-clash-protection -Werror=return-type -g -fno-strict-aliasing -fPIC -fcommon  -I/home/abuild/rpmbuild/BUILD/openafs-1.8.9/src/config -I/home/abuild/rpmbuild/BUILD/openafs-1.8.9/include -I. -I.      -o config config.o mc.o
[ 1187s] gcc   -O2 -Wall -U_FORTIFY_SOURCE -D_FORTIFY_SOURCE=3 -fstack-protector-strong -funwind-tables -fasynchronous-unwind-tables -fstack-clash-protection -Werror=return-type -g -fno-strict-aliasing -fPIC -fcommon  -O -O2 -Wall -U_FORTIFY_SOURCE -D_FORTIFY_SOURCE=3 -fstack-protector-strong -funwind-tables -fasynchronous-unwind-tables -fstack-clash-protection -Werror=return-type -g -fno-strict-aliasing -fPIC -fcommon  -I/home/abuild/rpmbuild/BUILD/openafs-1.8.9/src/config -I/home/abuild/rpmbuild/BUILD/openafs-1.8.9/include -I. -I.       -L/home/abuild/rpmbuild/BUILD/openafs-1.8.9/lib -L/home/abuild/rpmbuild/BUILD/openafs-1.8.9/lib  -O   \
[ 1187s] 	-o mkvers ./mkvers.c
[ 1190s] make[3]: *** No rule to make target 'param.riscv64_linux26.h', needed by 'param.h.new'.  Stop.
[ 1190s] make[3]: Leaving directory '/home/abuild/rpmbuild/BUILD/openafs-1.8.9/src/config'
[ 1190s] make[2]: *** [Makefile:146: config] Error 2
[ 1190s] make[2]: Leaving directory '/home/abuild/rpmbuild/BUILD/openafs-1.8.9'
[ 1190s] make[1]: *** [Makefile:650: build] Error 2
[ 1190s] make[1]: Leaving directory '/home/abuild/rpmbuild/BUILD/openafs-1.8.9'
[ 1190s] make: *** [Makefile:35: all_nolibafs] Error 2
[ 1190s] error: Bad exit status from /var/tmp/rpm-tmp.FhwEBl (%build)
[ 1190s] 
[ 1190s] RPM build warnings:
[ 1190s]     line 240: It's not recommended to have unversioned Obsoletes: Obsoletes: openafs-kmp-trace
[ 1190s] 
[ 1190s] RPM build errors:
[ 1190s]     Bad exit status from /var/tmp/rpm-tmp.FhwEBl (%build)
[ 1191s] ### VM INTERACTION START ###
[ 1191s] [ 1187.129293][    T1] sysrq: Power Off
[ 1191s] [ 1187.131260][    T7] reboot: Power down
[ 1191s] ### VM INTERACTION END ###
[ 1191s] 
[ 1191s] sheep88 failed "build openafs.spec" at Wed Jan  4 21:16:16 UTC 2023.
[ 1191s] 
