[    0s] Using BUILD_ROOT=/var/cache/obs/worker/root_7/.mount
[    0s] Using BUILD_ARCH=riscv64
[    0s] Doing kvm build in /var/cache/obs/worker/root_7/root
[    0s] 
[    0s] 
[    0s] beatles started "build pam_p11.spec" at Thu Feb 16 15:58:47 UTC 2023.
[    0s] 
[    0s] Building pam_p11 for project 'openSUSE:Factory:RISCV' repository 'standard' arch 'riscv64' srcmd5 'a35eedc51ee446c1bb589193b4739ea4'
[    0s] 
[    0s] processing recipe /var/cache/obs/worker/root_7/.build-srcdir/pam_p11.spec ...
[    0s] running changelog2spec --target rpm --file /var/cache/obs/worker/root_7/.build-srcdir/pam_p11.spec
[    0s] init_buildsystem --configdir /var/run/obs/worker/7/build/configs --cachedir /var/cache/build --prepare --clean --rpmlist /var/cache/obs/worker/root_7/.build.rpmlist /var/cache/obs/worker/root_7/.build-srcdir/pam_p11.spec build ...
[    0s] unpacking preinstall image openSUSE:Factory:RISCV/standard/preinstallimage-base [433d1defba36f443955526df0c379230]
[    1s] 
[    1s] copying packages...
[    1s] reordering...cycle: openssl -> openssl-3
[    1s]   breaking dependency openssl-3 -> openssl
[    1s] cycle: libopenssl-devel -> libopenssl-3-devel
[    1s]   breaking dependency libopenssl-devel -> libopenssl-3-devel
[    1s] done
[    1s] Detected virtio-serial support
[    2s] booting kvm...
[    2s] ### VM INTERACTION START ###
[    2s] Using virtio-serial support
[    2s] /usr/bin/qemu-kvm -nodefaults -no-reboot -nographic -vga none -cpu host -M pc,accel=kvm,usb=off,dump-guest-core=off,vmport=off -sandbox on -bios /usr/share/qemu/qboot.rom -object rng-random,filename=/dev/random,id=rng0 -device virtio-rng-pci,rng=rng0 -object iothread,id=io0 -runas qemu -net none -kernel /var/cache/obs/worker/root_7/.mount/boot/kernel -initrd /var/cache/obs/worker/root_7/.mount/boot/initrd -append root=/dev/disk/by-id/virtio-0 rootfstype=ext4 rootflags=noatime kvmclock mitigations=off elevator=noop nmi_watchdog=0 rw rd.driver.pre=binfmt_misc oops=panic panic=1 quiet console=hvc0 init=/.build/initvm.x86_64 -m 25600 -drive file=/var/cache/obs/worker/root_7/root,format=raw,if=none,id=disk,cache=unsafe,aio=io_uring -device virtio-blk-pci,iothread=io0,drive=disk,serial=0 -drive file=/var/cache/obs/worker/root_7/swap,format=raw,if=none,id=swap,cache=unsafe,aio=io_uring -device virtio-blk-pci,iothread=io0,drive=swap,serial=1 -device virtio-serial,max_ports=2 -device virtconsole,chardev=virtiocon0 -chardev stdio,id=virtiocon0 -chardev socket,id=monitor,server=on,wait=off,path=/var/cache/obs/worker/root_7/root.qemu/monitor -mon chardev=monitor,mode=readline -smp 8
[    5s] ### VM INTERACTION END ###
[    5s] 2nd stage started in virtual machine
[    5s] machine type: riscv64
[    5s] Linux version: 6.1.10-1-default #1 SMP PREEMPT_DYNAMIC Mon Feb 6 07:27:26 UTC 2023 (2a0570b)
[    5s] Increasing log level from now on...
[    5s] [    2.617872][  T413] sysrq: Changing Loglevel
[    5s] [    2.617943][  T413] sysrq: Loglevel set to 4
[    5s] Enable sysrq operations
[    5s] Setting up swapspace version 1, size = 4 GiB (4294963200 bytes)
[    5s] no label, UUID=75861600-34ab-4807-b970-6746e6381655
[    5s] swapon: /dev/vdb: found signature [pagesize=4096, signature=swap]
[    5s] swapon: /dev/vdb: pagesize=4096, swapsize=4294967296, devsize=4294967296
[    5s] swapon /dev/vdb
[    5s] WARNING: udev not running, creating extra device nodes
[    6s] logging output to //.build.log...
[    6s] processing recipe /.build-srcdir/pam_p11.spec ...
[    6s] init_buildsystem --configdir /.build/configs --cachedir /var/cache/build /.build-srcdir/pam_p11.spec build ...
[    6s] initializing rpm db...
[    6s] querying package ids...
[   17s] [1/136] preinstalled aaa_base-84.87+git20220822.6b9f7a3-1.1
[   17s] [2/136] preinstalled aaa_base-malloccheck-84.87+git20220822.6b9f7a3-1.1
[   17s] [3/136] preinstalled attr-2.5.1-1.1
[   17s] [4/136] preinstalled bash-5.2.15-8.1
[   17s] [5/136] preinstalled bash-sh-5.2.15-8.1
[   17s] [6/136] preinstalled binutils-2.39-3.1
[   17s] [7/136] preinstalled brp-check-suse-84.87+git20221115.2f7add6-1.1
[   17s] [8/136] preinstalled build-compare-20221206T204012.bb70754-1.2
[   17s] [9/136] preinstalled build-mkbaselibs-20230208-1.1
[   17s] [10/136] preinstalled bzip2-1.0.8-4.1
[   17s] [11/136] preinstalled chkstat-1599_20221220-1.2
[   17s] [12/136] preinstalled compat-usrmerge-build-84.87-5.1
[   17s] [13/136] preinstalled compat-usrmerge-tools-84.87-5.1
[   17s] [14/136] preinstalled coreutils-9.1-5.1
[   17s] [15/136] preinstalled cpio-2.13-5.1
[   17s] [16/136] preinstalled cpp-12-2.1
[   17s] [17/136] preinstalled cpp12-12.2.1+git749-4.1
[   17s] [18/136] cumulate crypto-policies-20210917.c9d86d1-1.1
[   17s] [19/136] preinstalled debugedit-5.0-5.1
[   17s] [20/136] preinstalled diffutils-3.9-1.1
[   17s] [21/136] preinstalled dwz-0.15-2.1
[   17s] [22/136] preinstalled elfutils-0.188-3.2
[   17s] [23/136] preinstalled file-5.44-1.1
[   17s] [24/136] preinstalled file-magic-5.44-1.1
[   17s] [25/136] preinstalled filesystem-84.87-12.1
[   17s] [26/136] preinstalled fillup-1.42-279.1
[   17s] [27/136] preinstalled findutils-4.9.0-2.1
[   17s] [28/136] preinstalled gawk-5.2.1-2.1
[   17s] [29/136] preinstalled gcc-12-2.1
[   17s] [30/136] preinstalled gcc-PIE-12-2.1
[   17s] [31/136] preinstalled gcc12-12.2.1+git749-4.1
[   17s] [32/136] preinstalled gcc12-PIE-12.2.1+git749-4.1
[   17s] [33/136] preinstalled gettext-runtime-mini-0.21.1-1.1
[   17s] [34/136] preinstalled gettext-tools-mini-0.21.1-1.1
[   17s] [35/136] preinstalled glibc-2.37-1.1
[   17s] [36/136] preinstalled glibc-devel-2.37-1.1
[   17s] [37/136] preinstalled glibc-locale-base-2.37-1.1
[   17s] [38/136] preinstalled grep-3.8-3.1
[   17s] [39/136] preinstalled gzip-1.12-3.1
[   17s] [40/136] preinstalled kernel-obs-build-6.1.10-1.1
[   17s] [41/136] preinstalled libacl1-2.3.1-2.1
[   17s] [42/136] preinstalled libasan8-13.0.1+git5428-6.1
[   17s] [43/136] preinstalled libasm1-0.188-3.2
[   17s] [44/136] preinstalled libatomic1-13.0.1+git5428-6.1
[   17s] [45/136] preinstalled libattr1-2.5.1-1.1
[   17s] [46/136] preinstalled libaudit1-3.0.6-4.1
[   17s] [47/136] preinstalled libblkid1-2.38.1-6.1
[   17s] [48/136] preinstalled libbz2-1-1.0.8-4.1
[   17s] [49/136] preinstalled libcap-ng0-0.8.3-1.1
[   17s] [50/136] preinstalled libcap2-2.67-1.1
[   17s] [51/136] preinstalled libcrypt1-4.4.33-1.1
[   17s] [52/136] preinstalled libctf-nobfd0-2.39-3.1
[   17s] [53/136] preinstalled libctf0-2.39-3.1
[   17s] [54/136] preinstalled libdb-4_8-4.8.30-39.1
[   17s] [55/136] preinstalled libdw1-0.188-3.2
[   17s] [56/136] preinstalled libeconf0-0.5.1-1.1
[   17s] [57/136] preinstalled libelf1-0.188-3.2
[   17s] [58/136] preinstalled libfdisk1-2.38.1-6.1
[   17s] [59/136] preinstalled libgcc_s1-13.0.1+git5428-6.1
[   17s] [60/136] preinstalled libgcrypt20-1.10.1-1.1
[   17s] [61/136] preinstalled libgdbm6-1.23-1.1
[   17s] [62/136] preinstalled libgdbm_compat4-1.23-1.1
[   17s] [63/136] preinstalled libgmp10-6.2.1-4.1
[   17s] [64/136] preinstalled libgomp1-13.0.1+git5428-6.1
[   17s] [65/136] preinstalled libgpg-error0-1.46-1.1
[   17s] [66/136] preinstalled libisl23-0.25-1.1
[   17s] [67/136] preinstalled liblua5_4-5-5.4.4-8.1
[   17s] [68/136] preinstalled liblzma5-5.4.1-1.1
[   17s] [69/136] preinstalled libmagic1-5.44-1.1
[   17s] [70/136] preinstalled libmount1-2.38.1-6.1
[   17s] [71/136] preinstalled libmpc3-1.3.1-1.2
[   17s] [72/136] preinstalled libmpfr6-4.2.0-1.1
[   17s] [73/136] preinstalled libncurses6-6.4.20230128-5.1
[   17s] [74/136] preinstalled libpcre2-8-0-10.42-3.2
[   17s] [75/136] preinstalled libpkgconf3-1.8.0-2.1
[   17s] [76/136] preinstalled libpopt0-1.19-1.1
[   17s] [77/136] preinstalled libreadline8-8.2-2.1
[   17s] [78/136] preinstalled librpmbuild9-4.18.0-3.1
[   17s] [79/136] preinstalled libseccomp2-2.5.4-2.1
[   17s] [80/136] preinstalled libselinux1-3.4-2.1
[   17s] [81/136] preinstalled libsemanage-conf-3.4-1.1
[   17s] [82/136] preinstalled libsemanage2-3.4-1.1
[   17s] [83/136] preinstalled libsepol2-3.4-1.1
[   17s] [84/136] preinstalled libsmartcols1-2.38.1-6.1
[   17s] [85/136] preinstalled libstdc++6-13.0.1+git5428-6.1
[   17s] [86/136] preinstalled libsubid4-4.13-3.1
[   17s] [87/136] preinstalled libubsan1-13.0.1+git5428-6.1
[   17s] [88/136] preinstalled libutempter0-1.2.0-3.2
[   17s] [89/136] preinstalled libuuid1-2.38.1-6.1
[   17s] [90/136] preinstalled libxcrypt-devel-4.4.33-1.1
[   17s] [91/136] preinstalled libz1-1.2.13-2.1
[   17s] [92/136] preinstalled libzstd1-1.5.2-2.1
[   17s] [93/136] preinstalled linux-glibc-devel-6.1-1.1
[   17s] [94/136] preinstalled login_defs-4.13-3.1
[   17s] [95/136] preinstalled lua54-5.4.4-8.1
[   17s] [96/136] preinstalled make-4.4-2.1
[   17s] [97/136] preinstalled ncurses-utils-6.4.20230128-5.1
[   17s] [98/136] preinstalled pam-1.5.2-12.1
[   17s] [99/136] cumulate pam-devel-1.5.2-12.1
[   17s] [100/136] preinstalled patch-2.7.6-6.1
[   17s] [101/136] preinstalled perl-5.36.0-4.1
[   17s] [102/136] preinstalled perl-base-5.36.0-4.1
[   17s] [103/136] preinstalled permissions-1599_20221220-1.2
[   17s] [104/136] preinstalled permissions-config-1599_20221220-1.2
[   17s] [105/136] preinstalled pkgconf-1.8.0-2.1
[   17s] [106/136] preinstalled pkgconf-m4-1.8.0-2.1
[   17s] [107/136] preinstalled pkgconf-pkg-config-1.8.0-2.1
[   17s] [108/136] preinstalled polkit-default-privs-1550+20221102.9f111fa-1.1
[   17s] [109/136] preinstalled post-build-checks-84.87+git20230106.3a359c5-1.1
[   17s] [110/136] preinstalled qemu-linux-user-7.1.0-50.1
[   17s] [111/136] preinstalled rpm-4.18.0-3.1
[   17s] [112/136] preinstalled rpm-build-4.18.0-3.1
[   17s] [113/136] preinstalled rpm-build-perl-4.18.0-3.1
[   17s] [114/136] preinstalled rpm-config-SUSE-20220926-1.1
[   17s] [115/136] preinstalled rpmlint-mini-2.4.0+git20230214.1bab129-9.4
[   17s] [116/136] preinstalled rpmlint-strict-2.4.0+git20230214.1bab129-1.1
[   17s] [117/136] preinstalled sed-4.9-2.1
[   17s] [118/136] preinstalled shadow-4.13-3.1
[   17s] [119/136] preinstalled system-group-hardware-20170617-24.1
[   17s] [120/136] preinstalled system-user-root-20190513-2.1
[   17s] [121/136] preinstalled systemd-rpm-macros-19-1.1
[   17s] [122/136] preinstalled sysuser-shadow-3.1-5.1
[   17s] [123/136] preinstalled tar-1.34-9.1
[   17s] [124/136] preinstalled terminfo-base-6.4.20230128-5.1
[   17s] [125/136] preinstalled update-alternatives-1.21.8-1.1
[   17s] [126/136] preinstalled util-linux-2.38.1-6.1
[   17s] [127/136] preinstalled which-2.21-5.1
[   17s] [128/136] preinstalled xz-5.4.1-1.1
[   17s] [129/136] cumulate zlib-devel-1.2.13-2.1
[   17s] [130/136] cumulate libopenssl3-3.0.7-3.1
[   17s] [131/136] cumulate libp11-3-0.4.12-2.1
[   17s] [132/136] cumulate openssl-3-3.0.7-3.1
[   17s] [133/136] cumulate openssl-3.0.7-1.1
[   17s] [134/136] cumulate libopenssl-devel-3.0.7-1.1
[   17s] [135/136] cumulate libp11-devel-0.4.12-2.1
[   17s] [136/136] cumulate libopenssl-3-devel-3.0.7-3.1
[   17s] now installing cumulated packages
[   17s] Preparing...                          ########################################
[   17s] Updating / installing...
[   17s] crypto-policies-20210917.c9d86d1-1.1  ########################################
[   18s] libopenssl3-3.0.7-3.1                 ########################################
[   18s] openssl-3.0.7-1.1                     ########################################
[   18s] openssl-3-3.0.7-3.1                   ########################################
[   18s] libp11-3-0.4.12-2.1                   ########################################
[   18s] zlib-devel-1.2.13-2.1                 ########################################
[   19s] libopenssl-3-devel-3.0.7-3.1          ########################################
[   20s] libopenssl-devel-3.0.7-1.1            ########################################
[   20s] libp11-devel-0.4.12-2.1               ########################################
[   20s] pam-devel-1.5.2-12.1                  ########################################
[   21s] now finalizing build dir...
[   21s] ... running 01-add_abuild_user_to_trusted_group
[   21s] ... running 02-set_timezone_to_utc
[   21s] ... running 03-set-permissions-secure
[   21s] ... running 11-hack_uname_version_to_kernel_version
[   25s] -----------------------------------------------------------------
[   25s] I have the following modifications for pam_p11.spec:
[   25s] 21c21
[   25s] < Release:        0
[   25s] ---
[   25s] > Release:        3.1
[   28s] build target is riscv64-suse-linux
[   28s] -----------------------------------------------------------------
[   28s] ----- building pam_p11.spec (user abuild)
[   28s] -----------------------------------------------------------------
[   28s] -----------------------------------------------------------------
[   30s] + exec rpmbuild -ba --define '_srcdefattr (-,root,root)' --nosignature --target=riscv64-suse-linux --define '_build_create_debug 1' --define 'disturl obs://build.opensuse.org/openSUSE:Factory:RISCV/standard/a35eedc51ee446c1bb589193b4739ea4-pam_p11' /home/abuild/rpmbuild/SOURCES/pam_p11.spec
[   30s] Building target platforms: riscv64-suse-linux
[   30s] Building for target riscv64-suse-linux
[   30s] setting SOURCE_DATE_EPOCH=1676419200
[   30s] Executing(%prep): /usr/bin/bash -e /var/tmp/rpm-tmp.wpQybz
[   30s] + umask 022
[   30s] + cd /home/abuild/rpmbuild/BUILD
[   30s] + cd /home/abuild/rpmbuild/BUILD
[   30s] + rm -rf pam_p11-0.3.1
[   30s] + /usr/lib/rpm/rpmuncompress -x /home/abuild/rpmbuild/SOURCES/pam_p11-0.3.1.tar.gz
[   30s] + STATUS=0
[   31s] + '[' 0 -ne 0 ']'
[   31s] + cd pam_p11-0.3.1
[   31s] + /usr/bin/chmod -Rf a+rX,u+w,g-w,o-w .
[   31s] + RPM_EC=0
[   31s] ++ jobs -p
[   31s] + exit 0
[   31s] Executing(%build): /usr/bin/bash -e /var/tmp/rpm-tmp.4ACKNV
[   31s] + umask 022
[   31s] + cd /home/abuild/rpmbuild/BUILD
[   31s] + /usr/bin/rm -rf /home/abuild/rpmbuild/BUILDROOT/pam_p11-0.3.1-3.1.riscv64
[   31s] ++ dirname /home/abuild/rpmbuild/BUILDROOT/pam_p11-0.3.1-3.1.riscv64
[   31s] + /usr/bin/mkdir -p /home/abuild/rpmbuild/BUILDROOT
[   31s] + /usr/bin/mkdir /home/abuild/rpmbuild/BUILDROOT/pam_p11-0.3.1-3.1.riscv64
[   31s] + cd pam_p11-0.3.1
[   31s] + ref=/usr/lib/rpm
[   31s] + mints=0
[   31s] + case $(uname -m) in
[   31s] ++ uname -m
[   31s] + mints=20160911
[   31s] + for s in guess sub
[   31s] ++ find -maxdepth 8 -name config.guess
[   31s] + for c in $(find -maxdepth 8 -name "config.$s")
[   31s] + grep -q config-patches@ ./config.guess
[   31s] ++ sed -n '/^timestamp=/{s///;s/[-'\''"]//g;p;q;}' ./config.guess
[   31s] + timestamp=20161002
[   31s] + test -n 20161002
[   31s] + test 20161002 -ge 20160911
[   31s] + for s in guess sub
[   31s] ++ find -maxdepth 8 -name config.sub
[   31s] + for c in $(find -maxdepth 8 -name "config.$s")
[   31s] + grep -q config-patches@ ./config.sub
[   31s] ++ sed -n '/^timestamp=/{s///;s/[-'\''"]//g;p;q;}' ./config.sub
[   31s] + timestamp=20161104
[   31s] + test -n 20161104
[   31s] + test 20161104 -ge 20160911
[   31s] + CFLAGS='-O2 -Wall -U_FORTIFY_SOURCE -D_FORTIFY_SOURCE=3 -fstack-protector-strong -funwind-tables -fasynchronous-unwind-tables -fstack-clash-protection -Werror=return-type -flto=auto -g -Wno-error=deprecated-declarations'
[   31s] + CONFIG_SHELL=/usr/bin/bash
[   31s] + export CONFIG_SHELL
[   31s] + CFLAGS='-O2 -Wall -U_FORTIFY_SOURCE -D_FORTIFY_SOURCE=3 -fstack-protector-strong -funwind-tables -fasynchronous-unwind-tables -fstack-clash-protection -Werror=return-type -flto=auto -g -Wno-error=deprecated-declarations'
[   31s] + export CFLAGS
[   31s] + CXXFLAGS='-O2 -Wall -U_FORTIFY_SOURCE -D_FORTIFY_SOURCE=3 -fstack-protector-strong -funwind-tables -fasynchronous-unwind-tables -fstack-clash-protection -Werror=return-type -flto=auto -g'
[   31s] + export CXXFLAGS
[   31s] + FFLAGS='-O2 -Wall -U_FORTIFY_SOURCE -D_FORTIFY_SOURCE=3 -fstack-protector-strong -funwind-tables -fasynchronous-unwind-tables -fstack-clash-protection -Werror=return-type -flto=auto -g '
[   31s] + export FFLAGS
[   31s] + FCFLAGS='-O2 -Wall -U_FORTIFY_SOURCE -D_FORTIFY_SOURCE=3 -fstack-protector-strong -funwind-tables -fasynchronous-unwind-tables -fstack-clash-protection -Werror=return-type -flto=auto -g '
[   31s] + export FCFLAGS
[   31s] + LDFLAGS=-flto=auto
[   31s] + export LDFLAGS
[   31s] + ./configure --host=riscv64-suse-linux-gnu --build=riscv64-suse-linux-gnu --program-prefix= --disable-dependency-tracking --prefix=/usr --exec-prefix=/usr --bindir=/usr/bin --sbindir=/usr/sbin --sysconfdir=/etc --datadir=/usr/share --includedir=/usr/include --libdir=/usr/lib64 --libexecdir=/usr/libexec --localstatedir=/var --sharedstatedir=/var/lib --mandir=/usr/share/man --infodir=/usr/share/info --with-pamdir=//usr/lib64/security --disable-static --docdir=/usr/share/doc/packages/pam_p11
[   35s] checking for a BSD-compatible install... /usr/bin/install -c
[   35s] checking whether build environment is sane... yes
[   35s] checking for a thread-safe mkdir -p... /usr/bin/mkdir -p
[   35s] checking for gawk... gawk
[   36s] checking whether make sets $(MAKE)... yes
[   36s] checking whether make supports nested variables... yes
[   36s] checking build system type... riscv64-suse-linux-gnu
[   37s] checking host system type... riscv64-suse-linux-gnu
[   37s] checking for riscv64-suse-linux-gnu-gcc... no
[   37s] checking for gcc... gcc
[   39s] checking whether the C compiler works... yes
[   39s] checking for C compiler default output file name... a.out
[   41s] checking for suffix of executables... 
[   43s] checking whether we are cross compiling... no
[   43s] checking for suffix of object files... o
[   44s] checking whether we are using the GNU C compiler... yes
[   44s] checking whether gcc accepts -g... yes
[   45s] checking for gcc option to accept ISO C89... none needed
[   46s] checking whether gcc understands -c and -o together... yes
[   46s] checking for style of include used by make... GNU
[   46s] checking dependency style of gcc... none
[   46s] checking for riscv64-suse-linux-gnu-pkg-config... /usr/bin/riscv64-suse-linux-gnu-pkg-config
[   46s] checking pkg-config is at least version 0.9.0... yes
[   47s] checking how to run the C preprocessor... gcc -E
[   48s] checking for grep that handles long lines and -e... /usr/bin/grep
[   48s] checking for egrep... /usr/bin/grep -E
[   52s] checking for ANSI C header files... yes
[   52s] checking for sys/types.h... yes
[   53s] checking for sys/stat.h... yes
[   54s] checking for stdlib.h... yes
[   54s] checking for string.h... yes
[   55s] checking for memory.h... yes
[   56s] checking for strings.h... yes
[   57s] checking for inttypes.h... yes
[   57s] checking for stdint.h... yes
[   58s] checking for unistd.h... yes
[   60s] checking whether byte ordering is bigendian... no
[   60s] checking for a sed that does not truncate output... /usr/bin/sed
[   60s] checking whether NLS is requested... yes
[   60s] checking for msgfmt... /usr/bin/msgfmt
[   60s] checking for gmsgfmt... /usr/bin/msgfmt
[   61s] checking for xgettext... /usr/bin/xgettext
[   61s] checking for msgmerge... /usr/bin/msgmerge
[   61s] checking for ld used by gcc... /usr/riscv64-suse-linux/bin/ld
[   61s] checking if the linker (/usr/riscv64-suse-linux/bin/ld) is GNU ld... yes
[   62s] checking for shared library run path origin... done
[   63s] checking for CFPreferencesCopyAppValue... no
[   63s] checking for CFLocaleCopyCurrent... no
[   65s] checking for GNU gettext in libc... yes
[   65s] checking whether to use NLS... yes
[   65s] checking where the gettext function comes from... libc
[   65s] checking how to run the C preprocessor... gcc -E
[   66s] checking whether ln -s works... yes
[   66s] checking for a sed that does not truncate output... (cached) /usr/bin/sed
[   66s] checking whether make sets $(MAKE)... (cached) yes
[   66s] checking how to print strings... printf
[   66s] checking for a sed that does not truncate output... (cached) /usr/bin/sed
[   66s] checking for fgrep... /usr/bin/grep -F
[   66s] checking for ld used by gcc... /usr/riscv64-suse-linux/bin/ld
[   66s] checking if the linker (/usr/riscv64-suse-linux/bin/ld) is GNU ld... yes
[   66s] checking for BSD- or MS-compatible name lister (nm)... /usr/bin/nm -B
[   67s] checking the name lister (/usr/bin/nm -B) interface... BSD nm
[   67s] checking the maximum length of command line arguments... 1572864
[   67s] checking how to convert riscv64-suse-linux-gnu file names to riscv64-suse-linux-gnu format... func_convert_file_noop
[   67s] checking how to convert riscv64-suse-linux-gnu file names to toolchain format... func_convert_file_noop
[   67s] checking for /usr/riscv64-suse-linux/bin/ld option to reload object files... -r
[   67s] checking for riscv64-suse-linux-gnu-objdump... no
[   67s] checking for objdump... objdump
[   67s] checking how to recognize dependent libraries... pass_all
[   67s] checking for riscv64-suse-linux-gnu-dlltool... no
[   67s] checking for dlltool... no
[   67s] checking how to associate runtime and link libraries... printf %s\n
[   67s] checking for riscv64-suse-linux-gnu-ar... no
[   67s] checking for ar... ar
[   68s] checking for archiver @FILE support... @
[   68s] checking for riscv64-suse-linux-gnu-strip... no
[   68s] checking for strip... strip
[   68s] checking for riscv64-suse-linux-gnu-ranlib... no
[   68s] checking for ranlib... ranlib
[   70s] checking command to parse /usr/bin/nm -B output from gcc object... ok
[   70s] checking for sysroot... no
[   71s] checking for a working dd... /usr/bin/dd
[   71s] checking how to truncate binary pipes... /usr/bin/dd bs=4096 count=1
[   71s] checking for riscv64-suse-linux-gnu-mt... no
[   71s] checking for mt... no
[   71s] checking if : is a manifest tool... no
[   71s] checking for dlfcn.h... yes
[   72s] checking for objdir... .libs
[   74s] checking if gcc supports -fno-rtti -fno-exceptions... no
[   74s] checking for gcc option to produce PIC... -fPIC -DPIC
[   75s] checking if gcc PIC flag -fPIC -DPIC works... yes
[   75s] checking if gcc static flag -static works... no
[   76s] checking if gcc supports -c -o file.o... yes
[   76s] checking if gcc supports -c -o file.o... (cached) yes
[   76s] checking whether the gcc linker (/usr/riscv64-suse-linux/bin/ld) supports shared libraries... yes
[   78s] checking whether -lc should be explicitly linked in... no
[   80s] checking dynamic linker characteristics... GNU/Linux ld.so
[   80s] checking how to hardcode library paths into programs... immediate
[   80s] checking whether stripping libraries is possible... yes
[   80s] checking if libtool supports shared libraries... yes
[   80s] checking whether to build shared libraries... yes
[   80s] checking whether to build static libraries... no
[   81s] checking for LIBP11... yes
[   81s] checking for OPENSSL... yes
[   83s] checking for EVP_MD_CTX_new... yes
[   85s] checking for EVP_MD_CTX_free... yes
[   87s] checking for EVP_MD_CTX_reset... yes
[   89s] checking for pam_authenticate in -lpam... yes
[   89s] checking for ANSI C header files... (cached) yes
[   90s] checking for sys/wait.h that is POSIX.1 compatible... yes
[   90s] checking for string.h... (cached) yes
[   91s] checking syslog.h usability... yes
[   91s] checking syslog.h presence... yes
[   91s] checking for syslog.h... yes
[   92s] checking fcntl.h usability... yes
[   92s] checking fcntl.h presence... yes
[   92s] checking for fcntl.h... yes
[   92s] checking for unistd.h... (cached) yes
[   93s] checking security/pam_ext.h usability... yes
[   93s] checking security/pam_ext.h presence... yes
[   93s] checking for security/pam_ext.h... yes
[   94s] checking security/pam_misc.h usability... yes
[   95s] checking security/pam_misc.h presence... yes
[   95s] checking for security/pam_misc.h... yes
[   96s] checking for size_t... yes
[   96s] checking for stdlib.h... (cached) yes
[   98s] checking for GNU libc compatible malloc... yes
[   98s] checking for stdlib.h... (cached) yes
[  100s] checking for GNU libc compatible realloc... yes
[  103s] checking whether lstat correctly handles trailing slash... yes
[  105s] checking whether stat accepts an empty string... no
[  107s] checking for vprintf... yes
[  109s] checking for _doprnt... no
[  112s] checking for memset... yes
[  114s] checking for strdup... yes
[  116s] checking for strerror... yes
[  118s] checking for PKCS11_enumerate_public_keys... yes
[  120s] checking for PKCS11_is_logged_in... yes
[  122s] checking for pam_vprompt... yes
[  125s] checking for openpam_ttyconv... no
[  127s] checking for misc_conv in -lpam_misc... yes
[  127s] checking that generated files are newer than configure... done
[  127s] configure: creating ./config.status
[  137s] config.status: creating Makefile
[  137s] config.status: creating src/Makefile
[  137s] config.status: creating po/Makefile.in
[  138s] config.status: creating config.h
[  138s] config.status: executing depfiles commands
[  138s] config.status: executing po-directories commands
[  138s] config.status: creating po/POTFILES
[  138s] config.status: creating po/Makefile
[  138s] config.status: executing libtool commands
[  139s] 
[  139s] pam_p11 has been configured with the following options:
[  139s] 
[  139s] 
[  139s] Version:                 0.3.1
[  139s] Libraries:               /usr/lib64
[  139s] 
[  139s] Host:                    riscv64-suse-linux-gnu
[  139s] Compiler:                gcc
[  139s] Preprocessor flags:      
[  139s] Compiler flags:          -O2 -Wall -U_FORTIFY_SOURCE -D_FORTIFY_SOURCE=3 -fstack-protector-strong -funwind-tables -fasynchronous-unwind-tables -fstack-clash-protection -Werror=return-type -flto=auto -g -Wno-error=deprecated-declarations -Wall -Wextra -Wno-unused-parameter -Werror
[  139s] Linker flags:            -flto=auto
[  139s] Libraries:               
[  139s] 
[  139s] pamdir                   //usr/lib64/security
[  139s] 
[  139s] PAM_CFLAGS:              
[  139s] PAM_LIBS:                -lpam
[  139s] LIBP11_CFLAGS:           
[  139s] LIBP11_LIBS:             -lp11 
[  139s] OPENSSL_CFLAGS:          -DOPENSSL_LOAD_CONF 
[  139s] OPENSSL_LIBS:            -lcrypto 
[  139s] 
[  139s] + make -j8
[  139s] make  all-recursive
[  139s] make[1]: Entering directory '/home/abuild/rpmbuild/BUILD/pam_p11-0.3.1'
[  139s] Making all in po
[  139s] make[2]: Entering directory '/home/abuild/rpmbuild/BUILD/pam_p11-0.3.1/po'
[  139s] make[2]: Nothing to be done for 'all'.
[  139s] make[2]: Leaving directory '/home/abuild/rpmbuild/BUILD/pam_p11-0.3.1/po'
[  139s] Making all in src
[  139s] make[2]: Entering directory '/home/abuild/rpmbuild/BUILD/pam_p11-0.3.1/src'
[  139s] /usr/bin/bash ../libtool  --tag=CC   --mode=compile gcc -DHAVE_CONFIG_H -I. -I..    -DOPENSSL_LOAD_CONF    -DLOCALEDIR=\"/usr/share/locale\" -O2 -Wall -U_FORTIFY_SOURCE -D_FORTIFY_SOURCE=3 -fstack-protector-strong -funwind-tables -fasynchronous-unwind-tables -fstack-clash-protection -Werror=return-type -flto=auto -g -Wno-error=deprecated-declarations -Wall -Wextra -Wno-unused-parameter -Werror -c -o pam_p11.lo pam_p11.c
[  139s] /usr/bin/bash ../libtool  --tag=CC   --mode=compile gcc -DHAVE_CONFIG_H -I. -I..    -DOPENSSL_LOAD_CONF    -DLOCALEDIR=\"/usr/share/locale\" -O2 -Wall -U_FORTIFY_SOURCE -D_FORTIFY_SOURCE=3 -fstack-protector-strong -funwind-tables -fasynchronous-unwind-tables -fstack-clash-protection -Werror=return-type -flto=auto -g -Wno-error=deprecated-declarations -Wall -Wextra -Wno-unused-parameter -Werror -c -o base64.lo base64.c
[  139s] /usr/bin/bash ../libtool  --tag=CC   --mode=compile gcc -DHAVE_CONFIG_H -I. -I..    -DOPENSSL_LOAD_CONF    -DLOCALEDIR=\"/usr/share/locale\" -O2 -Wall -U_FORTIFY_SOURCE -D_FORTIFY_SOURCE=3 -fstack-protector-strong -funwind-tables -fasynchronous-unwind-tables -fstack-clash-protection -Werror=return-type -flto=auto -g -Wno-error=deprecated-declarations -Wall -Wextra -Wno-unused-parameter -Werror -c -o match_openssh.lo match_openssh.c
[  139s] /usr/bin/bash ../libtool  --tag=CC   --mode=compile gcc -DHAVE_CONFIG_H -I. -I..    -DOPENSSL_LOAD_CONF    -DLOCALEDIR=\"/usr/share/locale\" -O2 -Wall -U_FORTIFY_SOURCE -D_FORTIFY_SOURCE=3 -fstack-protector-strong -funwind-tables -fasynchronous-unwind-tables -fstack-clash-protection -Werror=return-type -flto=auto -g -Wno-error=deprecated-declarations -Wall -Wextra -Wno-unused-parameter -Werror -c -o match_opensc.lo match_opensc.c
[  139s] gcc -DHAVE_CONFIG_H -I. -I..    -DOPENSSL_LOAD_CONF    -DLOCALEDIR=\"/usr/share/locale\" -DLIBDIR=\"/usr/lib64\" -DTEST -O2 -Wall -U_FORTIFY_SOURCE -D_FORTIFY_SOURCE=3 -fstack-protector-strong -funwind-tables -fasynchronous-unwind-tables -fstack-clash-protection -Werror=return-type -flto=auto -g -Wno-error=deprecated-declarations -Wall -Wextra -Wno-unused-parameter -Werror -c -o test_login-test.o `test -f 'test.c' || echo './'`test.c
[  139s] gcc -DHAVE_CONFIG_H -I. -I..    -DOPENSSL_LOAD_CONF    -DLOCALEDIR=\"/usr/share/locale\" -DLIBDIR=\"/usr/lib64\" -DTEST -O2 -Wall -U_FORTIFY_SOURCE -D_FORTIFY_SOURCE=3 -fstack-protector-strong -funwind-tables -fasynchronous-unwind-tables -fstack-clash-protection -Werror=return-type -flto=auto -g -Wno-error=deprecated-declarations -Wall -Wextra -Wno-unused-parameter -Werror -c -o test_login-login.o `test -f 'login.c' || echo './'`login.c
[  139s] gcc -DHAVE_CONFIG_H -I. -I..    -DOPENSSL_LOAD_CONF    -DLOCALEDIR=\"/usr/share/locale\" -DLIBDIR=\"/usr/lib64\" -DTEST -O2 -Wall -U_FORTIFY_SOURCE -D_FORTIFY_SOURCE=3 -fstack-protector-strong -funwind-tables -fasynchronous-unwind-tables -fstack-clash-protection -Werror=return-type -flto=auto -g -Wno-error=deprecated-declarations -Wall -Wextra -Wno-unused-parameter -Werror -c -o test_login-pam_p11.o `test -f 'pam_p11.c' || echo './'`pam_p11.c
[  139s] gcc -DHAVE_CONFIG_H -I. -I..    -DOPENSSL_LOAD_CONF    -DLOCALEDIR=\"/usr/share/locale\" -DLIBDIR=\"/usr/lib64\" -DTEST -O2 -Wall -U_FORTIFY_SOURCE -D_FORTIFY_SOURCE=3 -fstack-protector-strong -funwind-tables -fasynchronous-unwind-tables -fstack-clash-protection -Werror=return-type -flto=auto -g -Wno-error=deprecated-declarations -Wall -Wextra -Wno-unused-parameter -Werror -c -o test_login-base64.o `test -f 'base64.c' || echo './'`base64.c
[  140s] gcc -DHAVE_CONFIG_H -I. -I..    -DOPENSSL_LOAD_CONF    -DLOCALEDIR=\"/usr/share/locale\" -DLIBDIR=\"/usr/lib64\" -DTEST -O2 -Wall -U_FORTIFY_SOURCE -D_FORTIFY_SOURCE=3 -fstack-protector-strong -funwind-tables -fasynchronous-unwind-tables -fstack-clash-protection -Werror=return-type -flto=auto -g -Wno-error=deprecated-declarations -Wall -Wextra -Wno-unused-parameter -Werror -c -o test_login-match_openssh.o `test -f 'match_openssh.c' || echo './'`match_openssh.c
[  140s] gcc -DHAVE_CONFIG_H -I. -I..    -DOPENSSL_LOAD_CONF    -DLOCALEDIR=\"/usr/share/locale\" -DLIBDIR=\"/usr/lib64\" -DTEST -O2 -Wall -U_FORTIFY_SOURCE -D_FORTIFY_SOURCE=3 -fstack-protector-strong -funwind-tables -fasynchronous-unwind-tables -fstack-clash-protection -Werror=return-type -flto=auto -g -Wno-error=deprecated-declarations -Wall -Wextra -Wno-unused-parameter -Werror -c -o test_login-match_opensc.o `test -f 'match_opensc.c' || echo './'`match_opensc.c
[  141s] gcc -DHAVE_CONFIG_H -I. -I..    -DOPENSSL_LOAD_CONF    -DLOCALEDIR=\"/usr/share/locale\" -DLIBDIR=\"/usr/lib64\" -DTEST -O2 -Wall -U_FORTIFY_SOURCE -D_FORTIFY_SOURCE=3 -fstack-protector-strong -funwind-tables -fasynchronous-unwind-tables -fstack-clash-protection -Werror=return-type -flto=auto -g -Wno-error=deprecated-declarations -Wall -Wextra -Wno-unused-parameter -Werror -c -o test_passwd-test.o `test -f 'test.c' || echo './'`test.c
[  141s] libtool: compile:  gcc -DHAVE_CONFIG_H -I. -I.. -DOPENSSL_LOAD_CONF -DLOCALEDIR=\"/usr/share/locale\" -O2 -Wall -U_FORTIFY_SOURCE -D_FORTIFY_SOURCE=3 -fstack-protector-strong -funwind-tables -fasynchronous-unwind-tables -fstack-clash-protection -Werror=return-type -flto=auto -g -Wno-error=deprecated-declarations -Wall -Wextra -Wno-unused-parameter -Werror -c match_openssh.c  -fPIC -DPIC -o .libs/match_openssh.o
[  141s] libtool: compile:  gcc -DHAVE_CONFIG_H -I. -I.. -DOPENSSL_LOAD_CONF -DLOCALEDIR=\"/usr/share/locale\" -O2 -Wall -U_FORTIFY_SOURCE -D_FORTIFY_SOURCE=3 -fstack-protector-strong -funwind-tables -fasynchronous-unwind-tables -fstack-clash-protection -Werror=return-type -flto=auto -g -Wno-error=deprecated-declarations -Wall -Wextra -Wno-unused-parameter -Werror -c base64.c  -fPIC -DPIC -o .libs/base64.o
[  141s] libtool: compile:  gcc -DHAVE_CONFIG_H -I. -I.. -DOPENSSL_LOAD_CONF -DLOCALEDIR=\"/usr/share/locale\" -O2 -Wall -U_FORTIFY_SOURCE -D_FORTIFY_SOURCE=3 -fstack-protector-strong -funwind-tables -fasynchronous-unwind-tables -fstack-clash-protection -Werror=return-type -flto=auto -g -Wno-error=deprecated-declarations -Wall -Wextra -Wno-unused-parameter -Werror -c match_opensc.c  -fPIC -DPIC -o .libs/match_opensc.o
[  141s] libtool: compile:  gcc -DHAVE_CONFIG_H -I. -I.. -DOPENSSL_LOAD_CONF -DLOCALEDIR=\"/usr/share/locale\" -O2 -Wall -U_FORTIFY_SOURCE -D_FORTIFY_SOURCE=3 -fstack-protector-strong -funwind-tables -fasynchronous-unwind-tables -fstack-clash-protection -Werror=return-type -flto=auto -g -Wno-error=deprecated-declarations -Wall -Wextra -Wno-unused-parameter -Werror -c pam_p11.c  -fPIC -DPIC -o .libs/pam_p11.o
[  141s] match_openssh.c: In function 'ssh1_line_to_key':
[  141s] match_openssh.c:71:9: warning: 'RSA_new' is deprecated: Since OpenSSL 3.0 [-Wdeprecated-declarations]
[  141s]    71 |         rsa = RSA_new();
[  141s]       |         ^~~
[  141s] In file included from /usr/include/openssl/x509.h:36,
[  141s]                  from match_openssh.c:11:
[  141s] /usr/include/openssl/rsa.h:201:28: note: declared here
[  141s]   201 | OSSL_DEPRECATEDIN_3_0 RSA *RSA_new(void);
[  141s]       |                            ^~~~~~~
[  141s] match_openssh.c:142:9: warning: 'RSA_set0_key' is deprecated: Since OpenSSL 3.0 [-Wdeprecated-declarations]
[  141s]   142 |         if (!RSA_set0_key(rsa, rsa_n, rsa_e, NULL))
[  141s]       |         ^~
[  141s] /usr/include/openssl/rsa.h:207:27: note: declared here
[  141s]   207 | OSSL_DEPRECATEDIN_3_0 int RSA_set0_key(RSA *r, BIGNUM *n, BIGNUM *e, BIGNUM *d);
[  141s]       |                           ^~~~~~~~~~~~
[  141s] match_openssh.c:145:9: warning: 'EVP_PKEY_assign' is deprecated: Since OpenSSL 3.0 [-Wdeprecated-declarations]
[  141s]   145 |         EVP_PKEY_assign_RSA(key, rsa);
[  141s]       |         ^~~~~~~~~~~~~~~~~~~
[  141s] In file included from match_openssh.c:9:
[  141s] /usr/include/openssl/evp.h:1328:5: note: declared here
[  141s]  1328 | int EVP_PKEY_assign(EVP_PKEY *pkey, int type, void *key);
[  141s]       |     ^~~~~~~~~~~~~~~
[  141s] match_openssh.c: In function 'ssh2_line_to_key':
[  141s] match_openssh.c:232:9: warning: 'RSA_new' is deprecated: Since OpenSSL 3.0 [-Wdeprecated-declarations]
[  141s]   232 |         rsa = RSA_new();
[  141s]       |         ^~~
[  141s] /usr/include/openssl/rsa.h:201:28: note: declared here
[  141s]   201 | OSSL_DEPRECATEDIN_3_0 RSA *RSA_new(void);
[  141s]       |                            ^~~~~~~
[  141s] match_openssh.c:235:9: warning: 'RSA_set0_key' is deprecated: Since OpenSSL 3.0 [-Wdeprecated-declarations]
[  141s]   235 |         if (!RSA_set0_key(rsa, rsa_n, rsa_e, NULL)) {
[  141s]       |         ^~
[  141s] /usr/include/openssl/rsa.h:207:27: note: declared here
[  141s]   207 | OSSL_DEPRECATEDIN_3_0 int RSA_set0_key(RSA *r, BIGNUM *n, BIGNUM *e, BIGNUM *d);
[  141s]       |                           ^~~~~~~~~~~~
[  141s] match_openssh.c:237:17: warning: 'RSA_free' is deprecated: Since OpenSSL 3.0 [-Wdeprecated-declarations]
[  141s]   237 |                 RSA_free(rsa);
[  141s]       |                 ^~~~~~~~
[  141s] /usr/include/openssl/rsa.h:293:28: note: declared here
[  141s]   293 | OSSL_DEPRECATEDIN_3_0 void RSA_free(RSA *r);
[  141s]       |                            ^~~~~~~~
[  141s] match_openssh.c:241:9: warning: 'EVP_PKEY_assign' is deprecated: Since OpenSSL 3.0 [-Wdeprecated-declarations]
[  141s]   241 |         EVP_PKEY_assign_RSA(key, rsa);
[  141s]       |         ^~~~~~~~~~~~~~~~~~~
[  141s] /usr/include/openssl/evp.h:1328:5: note: declared here
[  141s]  1328 | int EVP_PKEY_assign(EVP_PKEY *pkey, int type, void *key);
[  141s]       |     ^~~~~~~~~~~~~~~
[  141s] match_openssh.c: In function 'ssh_nistp_line_to_key':
[  141s] match_openssh.c:338:9: warning: 'EC_KEY_new_by_curve_name' is deprecated: Since OpenSSL 3.0 [-Wdeprecated-declarations]
[  141s]   338 |         ec_key = EC_KEY_new_by_curve_name(nid);
[  141s]       |         ^~~~~~
[  141s] In file included from /usr/include/openssl/x509.h:33:
[  141s] /usr/include/openssl/ec.h:998:31: note: declared here
[  141s]   998 | OSSL_DEPRECATEDIN_3_0 EC_KEY *EC_KEY_new_by_curve_name(int nid);
[  141s]       |                               ^~~~~~~~~~~~~~~~~~~~~~~~
[  141s] match_openssh.c:346:9: warning: 'EC_KEY_set_public_key_affine_coordinates' is deprecated: Since OpenSSL 3.0 [-Wdeprecated-declarations]
[  141s]   346 |         if (!EC_KEY_set_public_key_affine_coordinates(ec_key, x, y)) {
[  141s]       |         ^~
[  141s] /usr/include/openssl/ec.h:1122:27: note: declared here
[  141s]  1122 | OSSL_DEPRECATEDIN_3_0 int EC_KEY_set_public_key_affine_coordinates(EC_KEY *key,
[  141s]       |                           ^~~~~~~~~~~~~~~~~~~~~~~~~~~~~~~~~~~~~~~~
[  141s] match_openssh.c:347:17: warning: 'EC_KEY_free' is deprecated: Since OpenSSL 3.0 [-Wdeprecated-declarations]
[  141s]   347 |                 EC_KEY_free(ec_key);
[  141s]       |                 ^~~~~~~~~~~
[  141s] /usr/include/openssl/ec.h:1003:28: note: declared here
[  141s]  1003 | OSSL_DEPRECATEDIN_3_0 void EC_KEY_free(EC_KEY *key);
[  141s]       |                            ^~~~~~~~~~~
[  141s] match_openssh.c:354:9: warning: 'EVP_PKEY_assign' is deprecated: Since OpenSSL 3.0 [-Wdeprecated-declarations]
[  141s]   354 |         EVP_PKEY_assign_EC_KEY(key, ec_key);
[  141s]       |         ^~~~~~~~~~~~~~~~~~~~~~
[  141s] /usr/include/openssl/evp.h:1328:5: note: declared here
[  141s]  1328 | int EVP_PKEY_assign(EVP_PKEY *pkey, int type, void *key);
[  141s]       |     ^~~~~~~~~~~~~~~
[  141s] match_openssh.c: In function 'match_user_openssh':
[  141s] match_openssh.c:403:17: warning: 'EVP_PKEY_cmp' is deprecated: Since OpenSSL 3.0 [-Wdeprecated-declarations]
[  141s]   403 |                 if (1 == EVP_PKEY_cmp(authkey, key)) {
[  141s]       |                 ^~
[  141s] /usr/include/openssl/evp.h:1418:5: note: declared here
[  141s]  1418 | int EVP_PKEY_cmp(const EVP_PKEY *a, const EVP_PKEY *b);
[  141s]       |     ^~~~~~~~~~~~
[  141s] match_opensc.c: In function 'match_user_opensc':
[  141s] match_opensc.c:51:17: warning: 'EVP_PKEY_cmp' is deprecated: Since OpenSSL 3.0 [-Wdeprecated-declarations]
[  141s]    51 |                 if (1 == EVP_PKEY_cmp(authkey, key)) {
[  141s]       |                 ^~
[  141s] In file included from /usr/include/openssl/pem.h:22,
[  141s]                  from match_opensc.c:11:
[  141s] /usr/include/openssl/evp.h:1418:5: note: declared here
[  141s]  1418 | int EVP_PKEY_cmp(const EVP_PKEY *a, const EVP_PKEY *b);
[  141s]       |     ^~~~~~~~~~~~
[  141s] gcc -DHAVE_CONFIG_H -I. -I..    -DOPENSSL_LOAD_CONF    -DLOCALEDIR=\"/usr/share/locale\" -DLIBDIR=\"/usr/lib64\" -DTEST -O2 -Wall -U_FORTIFY_SOURCE -D_FORTIFY_SOURCE=3 -fstack-protector-strong -funwind-tables -fasynchronous-unwind-tables -fstack-clash-protection -Werror=return-type -flto=auto -g -Wno-error=deprecated-declarations -Wall -Wextra -Wno-unused-parameter -Werror -c -o test_passwd-passwd.o `test -f 'passwd.c' || echo './'`passwd.c
[  141s] gcc -DHAVE_CONFIG_H -I. -I..    -DOPENSSL_LOAD_CONF    -DLOCALEDIR=\"/usr/share/locale\" -DLIBDIR=\"/usr/lib64\" -DTEST -O2 -Wall -U_FORTIFY_SOURCE -D_FORTIFY_SOURCE=3 -fstack-protector-strong -funwind-tables -fasynchronous-unwind-tables -fstack-clash-protection -Werror=return-type -flto=auto -g -Wno-error=deprecated-declarations -Wall -Wextra -Wno-unused-parameter -Werror -c -o test_passwd-pam_p11.o `test -f 'pam_p11.c' || echo './'`pam_p11.c
[  142s] gcc -DHAVE_CONFIG_H -I. -I..    -DOPENSSL_LOAD_CONF    -DLOCALEDIR=\"/usr/share/locale\" -DLIBDIR=\"/usr/lib64\" -DTEST -O2 -Wall -U_FORTIFY_SOURCE -D_FORTIFY_SOURCE=3 -fstack-protector-strong -funwind-tables -fasynchronous-unwind-tables -fstack-clash-protection -Werror=return-type -flto=auto -g -Wno-error=deprecated-declarations -Wall -Wextra -Wno-unused-parameter -Werror -c -o test_passwd-base64.o `test -f 'base64.c' || echo './'`base64.c
[  142s] gcc -DHAVE_CONFIG_H -I. -I..    -DOPENSSL_LOAD_CONF    -DLOCALEDIR=\"/usr/share/locale\" -DLIBDIR=\"/usr/lib64\" -DTEST -O2 -Wall -U_FORTIFY_SOURCE -D_FORTIFY_SOURCE=3 -fstack-protector-strong -funwind-tables -fasynchronous-unwind-tables -fstack-clash-protection -Werror=return-type -flto=auto -g -Wno-error=deprecated-declarations -Wall -Wextra -Wno-unused-parameter -Werror -c -o test_passwd-match_openssh.o `test -f 'match_openssh.c' || echo './'`match_openssh.c
[  142s] gcc -DHAVE_CONFIG_H -I. -I..    -DOPENSSL_LOAD_CONF    -DLOCALEDIR=\"/usr/share/locale\" -DLIBDIR=\"/usr/lib64\" -DTEST -O2 -Wall -U_FORTIFY_SOURCE -D_FORTIFY_SOURCE=3 -fstack-protector-strong -funwind-tables -fasynchronous-unwind-tables -fstack-clash-protection -Werror=return-type -flto=auto -g -Wno-error=deprecated-declarations -Wall -Wextra -Wno-unused-parameter -Werror -c -o test_passwd-match_opensc.o `test -f 'match_opensc.c' || echo './'`match_opensc.c
[  142s] match_openssh.c: In function 'ssh1_line_to_key':
[  142s] match_openssh.c:71:9: warning: 'RSA_new' is deprecated: Since OpenSSL 3.0 [-Wdeprecated-declarations]
[  142s]    71 |         rsa = RSA_new();
[  142s]       |         ^~~
[  142s] In file included from /usr/include/openssl/x509.h:36,
[  142s]                  from match_openssh.c:11:
[  142s] /usr/include/openssl/rsa.h:201:28: note: declared here
[  142s]   201 | OSSL_DEPRECATEDIN_3_0 RSA *RSA_new(void);
[  142s]       |                            ^~~~~~~
[  142s] match_openssh.c:142:9: warning: 'RSA_set0_key' is deprecated: Since OpenSSL 3.0 [-Wdeprecated-declarations]
[  142s]   142 |         if (!RSA_set0_key(rsa, rsa_n, rsa_e, NULL))
[  142s]       |         ^~
[  142s] /usr/include/openssl/rsa.h:207:27: note: declared here
[  142s]   207 | OSSL_DEPRECATEDIN_3_0 int RSA_set0_key(RSA *r, BIGNUM *n, BIGNUM *e, BIGNUM *d);
[  142s]       |                           ^~~~~~~~~~~~
[  142s] match_openssh.c:145:9: warning: 'EVP_PKEY_assign' is deprecated: Since OpenSSL 3.0 [-Wdeprecated-declarations]
[  142s]   145 |         EVP_PKEY_assign_RSA(key, rsa);
[  142s]       |         ^~~~~~~~~~~~~~~~~~~
[  142s] In file included from match_openssh.c:9:
[  142s] /usr/include/openssl/evp.h:1328:5: note: declared here
[  142s]  1328 | int EVP_PKEY_assign(EVP_PKEY *pkey, int type, void *key);
[  142s]       |     ^~~~~~~~~~~~~~~
[  142s] match_openssh.c: In function 'ssh2_line_to_key':
[  142s] match_openssh.c:232:9: warning: 'RSA_new' is deprecated: Since OpenSSL 3.0 [-Wdeprecated-declarations]
[  142s]   232 |         rsa = RSA_new();
[  142s]       |         ^~~
[  142s] /usr/include/openssl/rsa.h:201:28: note: declared here
[  142s]   201 | OSSL_DEPRECATEDIN_3_0 RSA *RSA_new(void);
[  142s]       |                            ^~~~~~~
[  142s] match_openssh.c:235:9: warning: 'RSA_set0_key' is deprecated: Since OpenSSL 3.0 [-Wdeprecated-declarations]
[  142s]   235 |         if (!RSA_set0_key(rsa, rsa_n, rsa_e, NULL)) {
[  142s]       |         ^~
[  142s] /usr/include/openssl/rsa.h:207:27: note: declared here
[  142s]   207 | OSSL_DEPRECATEDIN_3_0 int RSA_set0_key(RSA *r, BIGNUM *n, BIGNUM *e, BIGNUM *d);
[  142s]       |                           ^~~~~~~~~~~~
[  142s] match_openssh.c:237:17: warning: 'RSA_free' is deprecated: Since OpenSSL 3.0 [-Wdeprecated-declarations]
[  142s]   237 |                 RSA_free(rsa);
[  142s]       |                 ^~~~~~~~
[  142s] /usr/include/openssl/rsa.h:293:28: note: declared here
[  142s]   293 | OSSL_DEPRECATEDIN_3_0 void RSA_free(RSA *r);
[  142s]       |                            ^~~~~~~~
[  142s] match_openssh.c:241:9: warning: 'EVP_PKEY_assign' is deprecated: Since OpenSSL 3.0 [-Wdeprecated-declarations]
[  142s]   241 |         EVP_PKEY_assign_RSA(key, rsa);
[  142s]       |         ^~~~~~~~~~~~~~~~~~~
[  142s] /usr/include/openssl/evp.h:1328:5: note: declared here
[  142s]  1328 | int EVP_PKEY_assign(EVP_PKEY *pkey, int type, void *key);
[  142s]       |     ^~~~~~~~~~~~~~~
[  142s] match_openssh.c: In function 'ssh_nistp_line_to_key':
[  142s] match_openssh.c:338:9: warning: 'EC_KEY_new_by_curve_name' is deprecated: Since OpenSSL 3.0 [-Wdeprecated-declarations]
[  142s]   338 |         ec_key = EC_KEY_new_by_curve_name(nid);
[  142s]       |         ^~~~~~
[  142s] In file included from /usr/include/openssl/x509.h:33:
[  142s] /usr/include/openssl/ec.h:998:31: note: declared here
[  142s]   998 | OSSL_DEPRECATEDIN_3_0 EC_KEY *EC_KEY_new_by_curve_name(int nid);
[  142s]       |                               ^~~~~~~~~~~~~~~~~~~~~~~~
[  142s] match_openssh.c:346:9: warning: 'EC_KEY_set_public_key_affine_coordinates' is deprecated: Since OpenSSL 3.0 [-Wdeprecated-declarations]
[  142s]   346 |         if (!EC_KEY_set_public_key_affine_coordinates(ec_key, x, y)) {
[  142s]       |         ^~
[  142s] /usr/include/openssl/ec.h:1122:27: note: declared here
[  142s]  1122 | OSSL_DEPRECATEDIN_3_0 int EC_KEY_set_public_key_affine_coordinates(EC_KEY *key,
[  142s]       |                           ^~~~~~~~~~~~~~~~~~~~~~~~~~~~~~~~~~~~~~~~
[  142s] match_openssh.c:347:17: warning: 'EC_KEY_free' is deprecated: Since OpenSSL 3.0 [-Wdeprecated-declarations]
[  142s]   347 |                 EC_KEY_free(ec_key);
[  142s]       |                 ^~~~~~~~~~~
[  142s] /usr/include/openssl/ec.h:1003:28: note: declared here
[  142s]  1003 | OSSL_DEPRECATEDIN_3_0 void EC_KEY_free(EC_KEY *key);
[  142s]       |                            ^~~~~~~~~~~
[  142s] match_openssh.c:354:9: warning: 'EVP_PKEY_assign' is deprecated: Since OpenSSL 3.0 [-Wdeprecated-declarations]
[  142s]   354 |         EVP_PKEY_assign_EC_KEY(key, ec_key);
[  142s]       |         ^~~~~~~~~~~~~~~~~~~~~~
[  142s] /usr/include/openssl/evp.h:1328:5: note: declared here
[  142s]  1328 | int EVP_PKEY_assign(EVP_PKEY *pkey, int type, void *key);
[  142s]       |     ^~~~~~~~~~~~~~~
[  142s] match_openssh.c: In function 'match_user_openssh':
[  142s] match_openssh.c:403:17: warning: 'EVP_PKEY_cmp' is deprecated: Since OpenSSL 3.0 [-Wdeprecated-declarations]
[  142s]   403 |                 if (1 == EVP_PKEY_cmp(authkey, key)) {
[  142s]       |                 ^~
[  142s] /usr/include/openssl/evp.h:1418:5: note: declared here
[  142s]  1418 | int EVP_PKEY_cmp(const EVP_PKEY *a, const EVP_PKEY *b);
[  142s]       |     ^~~~~~~~~~~~
[  142s] match_opensc.c: In function 'match_user_opensc':
[  142s] match_opensc.c:51:17: warning: 'EVP_PKEY_cmp' is deprecated: Since OpenSSL 3.0 [-Wdeprecated-declarations]
[  142s]    51 |                 if (1 == EVP_PKEY_cmp(authkey, key)) {
[  142s]       |                 ^~
[  142s] In file included from /usr/include/openssl/pem.h:22,
[  142s]                  from match_opensc.c:11:
[  142s] /usr/include/openssl/evp.h:1418:5: note: declared here
[  142s]  1418 | int EVP_PKEY_cmp(const EVP_PKEY *a, const EVP_PKEY *b);
[  142s]       |     ^~~~~~~~~~~~
[  142s] /usr/bin/bash ../libtool  --tag=CC   --mode=link gcc -DOPENSSL_LOAD_CONF    -DLOCALEDIR=\"/usr/share/locale\" -DLIBDIR=\"/usr/lib64\" -DTEST -O2 -Wall -U_FORTIFY_SOURCE -D_FORTIFY_SOURCE=3 -fstack-protector-strong -funwind-tables -fasynchronous-unwind-tables -fstack-clash-protection -Werror=return-type -flto=auto -g -Wno-error=deprecated-declarations -Wall -Wextra -Wno-unused-parameter -Werror -module -avoid-version -shared -no-undefined -export-symbols "./pam_p11.exports" -flto=auto -o test-login test_login-test.o test_login-login.o test_login-pam_p11.o test_login-base64.o test_login-match_openssh.o test_login-match_opensc.o -lpam_misc -lcrypto  -lp11  -lpam
[  143s] match_openssh.c: In function 'ssh1_line_to_key':
[  143s] match_openssh.c:71:9: warning: 'RSA_new' is deprecated: Since OpenSSL 3.0 [-Wdeprecated-declarations]
[  143s]    71 |         rsa = RSA_new();
[  143s]       |         ^~~
[  143s] In file included from /usr/include/openssl/x509.h:36,
[  143s]                  from match_openssh.c:11:
[  143s] /usr/include/openssl/rsa.h:201:28: note: declared here
[  143s]   201 | OSSL_DEPRECATEDIN_3_0 RSA *RSA_new(void);
[  143s]       |                            ^~~~~~~
[  143s] match_openssh.c:142:9: warning: 'RSA_set0_key' is deprecated: Since OpenSSL 3.0 [-Wdeprecated-declarations]
[  143s]   142 |         if (!RSA_set0_key(rsa, rsa_n, rsa_e, NULL))
[  143s]       |         ^~
[  143s] /usr/include/openssl/rsa.h:207:27: note: declared here
[  143s]   207 | OSSL_DEPRECATEDIN_3_0 int RSA_set0_key(RSA *r, BIGNUM *n, BIGNUM *e, BIGNUM *d);
[  143s]       |                           ^~~~~~~~~~~~
[  143s] match_openssh.c:145:9: warning: 'EVP_PKEY_assign' is deprecated: Since OpenSSL 3.0 [-Wdeprecated-declarations]
[  143s]   145 |         EVP_PKEY_assign_RSA(key, rsa);
[  143s]       |         ^~~~~~~~~~~~~~~~~~~
[  143s] In file included from match_openssh.c:9:
[  143s] /usr/include/openssl/evp.h:1328:5: note: declared here
[  143s]  1328 | int EVP_PKEY_assign(EVP_PKEY *pkey, int type, void *key);
[  143s]       |     ^~~~~~~~~~~~~~~
[  143s] match_openssh.c: In function 'ssh2_line_to_key':
[  143s] match_openssh.c:232:9: warning: 'RSA_new' is deprecated: Since OpenSSL 3.0 [-Wdeprecated-declarations]
[  143s]   232 |         rsa = RSA_new();
[  143s]       |         ^~~
[  143s] /usr/include/openssl/rsa.h:201:28: note: declared here
[  143s]   201 | OSSL_DEPRECATEDIN_3_0 RSA *RSA_new(void);
[  143s]       |                            ^~~~~~~
[  143s] match_openssh.c:235:9: warning: 'RSA_set0_key' is deprecated: Since OpenSSL 3.0 [-Wdeprecated-declarations]
[  143s]   235 |         if (!RSA_set0_key(rsa, rsa_n, rsa_e, NULL)) {
[  143s]       |         ^~
[  143s] /usr/include/openssl/rsa.h:207:27: note: declared here
[  143s]   207 | OSSL_DEPRECATEDIN_3_0 int RSA_set0_key(RSA *r, BIGNUM *n, BIGNUM *e, BIGNUM *d);
[  143s]       |                           ^~~~~~~~~~~~
[  143s] match_openssh.c:237:17: warning: 'RSA_free' is deprecated: Since OpenSSL 3.0 [-Wdeprecated-declarations]
[  143s]   237 |                 RSA_free(rsa);
[  143s]       |                 ^~~~~~~~
[  143s] /usr/include/openssl/rsa.h:293:28: note: declared here
[  143s]   293 | OSSL_DEPRECATEDIN_3_0 void RSA_free(RSA *r);
[  143s]       |                            ^~~~~~~~
[  143s] match_openssh.c:241:9: warning: 'EVP_PKEY_assign' is deprecated: Since OpenSSL 3.0 [-Wdeprecated-declarations]
[  143s]   241 |         EVP_PKEY_assign_RSA(key, rsa);
[  143s]       |         ^~~~~~~~~~~~~~~~~~~
[  143s] /usr/include/openssl/evp.h:1328:5: note: declared here
[  143s]  1328 | int EVP_PKEY_assign(EVP_PKEY *pkey, int type, void *key);
[  143s]       |     ^~~~~~~~~~~~~~~
[  143s] match_openssh.c: In function 'ssh_nistp_line_to_key':
[  143s] match_openssh.c:338:9: warning: 'EC_KEY_new_by_curve_name' is deprecated: Since OpenSSL 3.0 [-Wdeprecated-declarations]
[  143s]   338 |         ec_key = EC_KEY_new_by_curve_name(nid);
[  143s]       |         ^~~~~~
[  143s] In file included from /usr/include/openssl/x509.h:33:
[  143s] /usr/include/openssl/ec.h:998:31: note: declared here
[  143s]   998 | OSSL_DEPRECATEDIN_3_0 EC_KEY *EC_KEY_new_by_curve_name(int nid);
[  143s]       |                               ^~~~~~~~~~~~~~~~~~~~~~~~
[  143s] match_openssh.c:346:9: warning: 'EC_KEY_set_public_key_affine_coordinates' is deprecated: Since OpenSSL 3.0 [-Wdeprecated-declarations]
[  143s]   346 |         if (!EC_KEY_set_public_key_affine_coordinates(ec_key, x, y)) {
[  143s]       |         ^~
[  143s] /usr/include/openssl/ec.h:1122:27: note: declared here
[  143s]  1122 | OSSL_DEPRECATEDIN_3_0 int EC_KEY_set_public_key_affine_coordinates(EC_KEY *key,
[  143s]       |                           ^~~~~~~~~~~~~~~~~~~~~~~~~~~~~~~~~~~~~~~~
[  143s] match_openssh.c:347:17: warning: 'EC_KEY_free' is deprecated: Since OpenSSL 3.0 [-Wdeprecated-declarations]
[  143s]   347 |                 EC_KEY_free(ec_key);
[  143s]       |                 ^~~~~~~~~~~
[  143s] /usr/include/openssl/ec.h:1003:28: note: declared here
[  143s]  1003 | OSSL_DEPRECATEDIN_3_0 void EC_KEY_free(EC_KEY *key);
[  143s]       |                            ^~~~~~~~~~~
[  143s] match_openssh.c:354:9: warning: 'EVP_PKEY_assign' is deprecated: Since OpenSSL 3.0 [-Wdeprecated-declarations]
[  143s]   354 |         EVP_PKEY_assign_EC_KEY(key, ec_key);
[  143s]       |         ^~~~~~~~~~~~~~~~~~~~~~
[  143s] /usr/include/openssl/evp.h:1328:5: note: declared here
[  143s]  1328 | int EVP_PKEY_assign(EVP_PKEY *pkey, int type, void *key);
[  143s]       |     ^~~~~~~~~~~~~~~
[  143s] match_openssh.c: In function 'match_user_openssh':
[  143s] match_openssh.c:403:17: warning: 'EVP_PKEY_cmp' is deprecated: Since OpenSSL 3.0 [-Wdeprecated-declarations]
[  143s]   403 |                 if (1 == EVP_PKEY_cmp(authkey, key)) {
[  143s]       |                 ^~
[  143s] /usr/include/openssl/evp.h:1418:5: note: declared here
[  143s]  1418 | int EVP_PKEY_cmp(const EVP_PKEY *a, const EVP_PKEY *b);
[  143s]       |     ^~~~~~~~~~~~
[  143s] /usr/bin/bash ../libtool  --tag=CC   --mode=link gcc -DOPENSSL_LOAD_CONF    -DLOCALEDIR=\"/usr/share/locale\" -O2 -Wall -U_FORTIFY_SOURCE -D_FORTIFY_SOURCE=3 -fstack-protector-strong -funwind-tables -fasynchronous-unwind-tables -fstack-clash-protection -Werror=return-type -flto=auto -g -Wno-error=deprecated-declarations -Wall -Wextra -Wno-unused-parameter -Werror -module -avoid-version -shared -no-undefined -export-symbols "./pam_p11.exports" -flto=auto -o pam_p11.la -rpath //usr/lib64/security pam_p11.lo base64.lo match_openssh.lo match_opensc.lo  -lcrypto  -lp11  -lpam
[  143s] match_opensc.c: In function 'match_user_opensc':
[  143s] match_opensc.c:51:17: warning: 'EVP_PKEY_cmp' is deprecated: Since OpenSSL 3.0 [-Wdeprecated-declarations]
[  143s]    51 |                 if (1 == EVP_PKEY_cmp(authkey, key)) {
[  143s]       |                 ^~
[  143s] In file included from /usr/include/openssl/pem.h:22,
[  143s]                  from match_opensc.c:11:
[  143s] /usr/include/openssl/evp.h:1418:5: note: declared here
[  143s]  1418 | int EVP_PKEY_cmp(const EVP_PKEY *a, const EVP_PKEY *b);
[  143s]       |     ^~~~~~~~~~~~
[  143s] /usr/bin/bash ../libtool  --tag=CC   --mode=link gcc -DOPENSSL_LOAD_CONF    -DLOCALEDIR=\"/usr/share/locale\" -DLIBDIR=\"/usr/lib64\" -DTEST -O2 -Wall -U_FORTIFY_SOURCE -D_FORTIFY_SOURCE=3 -fstack-protector-strong -funwind-tables -fasynchronous-unwind-tables -fstack-clash-protection -Werror=return-type -flto=auto -g -Wno-error=deprecated-declarations -Wall -Wextra -Wno-unused-parameter -Werror -module -avoid-version -shared -no-undefined -export-symbols "./pam_p11.exports" -flto=auto -o test-passwd test_passwd-test.o test_passwd-passwd.o test_passwd-pam_p11.o test_passwd-base64.o test_passwd-match_openssh.o test_passwd-match_opensc.o -lpam_misc -lcrypto  -lp11  -lpam
[  144s] libtool: link: gcc -DOPENSSL_LOAD_CONF -DLOCALEDIR=\"/usr/share/locale\" -DLIBDIR=\"/usr/lib64\" -DTEST -O2 -Wall -U_FORTIFY_SOURCE -D_FORTIFY_SOURCE=3 -fstack-protector-strong -funwind-tables -fasynchronous-unwind-tables -fstack-clash-protection -Werror=return-type -flto=auto -g -Wno-error=deprecated-declarations -Wall -Wextra -Wno-unused-parameter -Werror -flto=auto -o test-login test_login-test.o test_login-login.o test_login-pam_p11.o test_login-base64.o test_login-match_openssh.o test_login-match_opensc.o  -lpam_misc -lcrypto -lp11 -lpam
[  145s] libtool: link: echo "{ global:" > .libs/pam_p11.ver
[  145s] libtool: link:  cat ./pam_p11.exports | sed -e "s/\(.*\)/\1;/" >> .libs/pam_p11.ver
[  145s] libtool: link:  echo "local: *; };" >> .libs/pam_p11.ver
[  145s] libtool: link:  gcc -shared  -fPIC -DPIC  .libs/pam_p11.o .libs/base64.o .libs/match_openssh.o .libs/match_opensc.o   -lcrypto -lp11 -lpam  -O2 -fstack-protector-strong -flto=auto -g -flto=auto   -Wl,-soname -Wl,pam_p11.so -Wl,-version-script -Wl,.libs/pam_p11.ver -o .libs/pam_p11.so
[  146s] base64.c: In function 'sc_base64_decode.constprop':
[  146s] base64.c:89:36: error: 'i' may be used uninitialized [-Werror=maybe-uninitialized]
[  146s]    89 |                         *out++ = i >> s;
[  146s]       |                                    ^
[  146s] base64.c:79:22: note: 'i' was declared here
[  146s]    79 |         unsigned int i;
[  146s]       |                      ^
[  146s] base64.c:94:20: error: 'skip' may be used uninitialized [-Werror=maybe-uninitialized]
[  146s]    94 |                 in += skip;
[  146s]       |                    ^
[  146s] base64.c:78:25: note: 'skip' was declared here
[  146s]    78 |         int len = 0, r, skip;
[  146s]       |                         ^
[  146s] libtool: link: gcc -DOPENSSL_LOAD_CONF -DLOCALEDIR=\"/usr/share/locale\" -DLIBDIR=\"/usr/lib64\" -DTEST -O2 -Wall -U_FORTIFY_SOURCE -D_FORTIFY_SOURCE=3 -fstack-protector-strong -funwind-tables -fasynchronous-unwind-tables -fstack-clash-protection -Werror=return-type -flto=auto -g -Wno-error=deprecated-declarations -Wall -Wextra -Wno-unused-parameter -Werror -flto=auto -o test-passwd test_passwd-test.o test_passwd-passwd.o test_passwd-pam_p11.o test_passwd-base64.o test_passwd-match_openssh.o test_passwd-match_opensc.o  -lpam_misc -lcrypto -lp11 -lpam
[  147s] base64.c: In function 'sc_base64_decode.constprop':
[  147s] base64.c:89:36: error: 'i' may be used uninitialized [-Werror=maybe-uninitialized]
[  147s]    89 |                         *out++ = i >> s;
[  147s]       |                                    ^
[  147s] base64.c:79:22: note: 'i' was declared here
[  147s]    79 |         unsigned int i;
[  147s]       |                      ^
[  147s] base64.c:94:20: error: 'skip' may be used uninitialized [-Werror=maybe-uninitialized]
[  147s]    94 |                 in += skip;
[  147s]       |                    ^
[  147s] base64.c:78:25: note: 'skip' was declared here
[  147s]    78 |         int len = 0, r, skip;
[  147s]       |                         ^
[  148s] lto1: all warnings being treated as errors
[  148s] make[3]: *** [/tmp/ccYwzKAe.mk:2: /tmp/ccAIAcHY.ltrans0.ltrans.o] Error 1
[  148s] lto-wrapper: fatal error: make returned 2 exit status
[  148s] compilation terminated.
[  148s] /usr/lib64/gcc/riscv64-suse-linux/12/../../../../riscv64-suse-linux/bin/ld: error: lto-wrapper failed
[  148s] collect2: error: ld returned 1 exit status
[  148s] make[2]: *** [Makefile:475: test-login] Error 1
[  148s] make[2]: *** Waiting for unfinished jobs....
[  149s] libtool: link: ( cd ".libs" && rm -f "pam_p11.la" && ln -s "../pam_p11.la" "pam_p11.la" )
[  149s] lto1: all warnings being treated as errors
[  149s] make[3]: *** [/tmp/ccPSiKIk.mk:2: /tmp/cckTicwx.ltrans0.ltrans.o] Error 1
[  149s] lto-wrapper: fatal error: make returned 2 exit status
[  149s] compilation terminated.
[  149s] /usr/lib64/gcc/riscv64-suse-linux/12/../../../../riscv64-suse-linux/bin/ld: error: lto-wrapper failed
[  149s] collect2: error: ld returned 1 exit status
[  149s] make[2]: *** [Makefile:479: test-passwd] Error 1
[  149s] make[2]: Leaving directory '/home/abuild/rpmbuild/BUILD/pam_p11-0.3.1/src'
[  149s] make[1]: *** [Makefile:496: all-recursive] Error 1
[  149s] make[1]: Leaving directory '/home/abuild/rpmbuild/BUILD/pam_p11-0.3.1'
[  149s] make: *** [Makefile:407: all] Error 2
[  149s] error: Bad exit status from /var/tmp/rpm-tmp.4ACKNV (%build)
[  149s] 
[  149s] RPM build errors:
[  149s]     Bad exit status from /var/tmp/rpm-tmp.4ACKNV (%build)
[  150s] ### VM INTERACTION START ###
[  150s] [  147.547763][    T1] sysrq: Power Off
[  150s] [  147.549717][   T98] reboot: Power down
[  150s] ### VM INTERACTION END ###
[  150s] 
[  150s] beatles failed "build pam_p11.spec" at Thu Feb 16 16:01:17 UTC 2023.
[  150s] 
