[    1s] Memory limit set to 21970664KB
[    1s] Using BUILD_ROOT=/var/cache/obs/worker/root_2
[    1s] Using BUILD_ARCH=riscv64
[    1s] 
[    4s] 
[    4s] oe-RISCV-worker23 started "build _service:extract_file:perl-PathTools.spec" at Sat Apr 23 07:43:07 UTC 2022.
[    4s] 
[    4s] Building perl-PathTools for project 'openEuler:Mainline:RISC-V' repository 'advanced_riscv64' arch 'riscv64' srcmd5 '1cd64aa87b5d52bfcf88120a35aa8abd'
[    4s] 
[    4s] processing recipe /var/cache/obs/worker/root_2/.build-srcdir/_service:extract_file:perl-PathTools.spec ...
[    7s] running changelog2spec --target rpm --file /var/cache/obs/worker/root_2/.build-srcdir/_service:extract_file:perl-PathTools.spec
[    8s] init_buildsystem --configdir /var/run/obs/worker/2/build/configs --cachedir /var/cache/build --clean --rpmlist /var/cache/obs/worker/root_2/.build.rpmlist /var/cache/obs/worker/root_2/.build-srcdir/_service:extract_file:perl-PathTools.spec build ...
[   76s] cycle: coreutils -> bash
[   76s]   breaking dependency coreutils -> bash
[   76s] cycle: coreutils -> info
[   76s]   breaking dependency coreutils -> info
[   76s] cycle: glibc -> filesystem -> coreutils
[   76s]   breaking dependency coreutils -> glibc
[   76s] cycle: glibc -> filesystem -> coreutils -> libacl
[   76s]   breaking dependency coreutils -> libacl
[   76s] cycle: glibc -> filesystem -> coreutils -> attr
[   76s]   breaking dependency coreutils -> attr
[   76s] cycle: coreutils -> libcap
[   76s]   breaking dependency coreutils -> libcap
[   76s] cycle: glibc -> filesystem -> coreutils -> openssl-libs
[   76s]   breaking dependency coreutils -> openssl-libs
[   76s] cycle: glibc -> filesystem -> coreutils -> libselinux
[   76s]   breaking dependency libselinux -> glibc
[   76s] cycle: glibc -> filesystem -> coreutils -> libselinux -> pcre2
[   76s]   breaking dependency pcre2 -> glibc
[   76s] cycle: glibc -> filesystem -> coreutils -> libselinux -> pcre2 -> readline
[   76s]   breaking dependency readline -> glibc
[   76s] cycle: glibc -> filesystem -> coreutils -> libselinux -> pcre2 -> readline -> ncurses-libs
[   76s]   breaking dependency filesystem -> coreutils
[   76s] cycle: glibc -> filesystem -> bash -> coreutils -> libselinux -> pcre2 -> readline -> ncurses-libs
[   76s]   breaking dependency filesystem -> bash
[   76s] cycle: perl-Carp -> perl-libs
[   76s]   breaking dependency perl-libs -> perl-Carp
[   76s] cycle: perl-libs -> perl-Exporter
[   76s]   breaking dependency perl-libs -> perl-Exporter
[   76s] cycle: perl-Carp -> perl-Exporter
[   76s]   breaking dependency perl-Exporter -> perl-Carp
[   76s] cycle: nss-util -> nss
[   76s]   breaking dependency nss -> nss-util
[   76s] cycle: nss-softokn -> nss-util -> nss
[   76s]   breaking dependency nss -> nss-softokn
[   76s] cycle: systemd -> cryptsetup -> device-mapper
[   76s]   breaking dependency systemd -> cryptsetup
[   76s] cycle: audit -> systemd -> pam
[   76s]   breaking dependency systemd -> pam
[   76s] [1/84] preinstalling dbus...
[   77s] [2/84] preinstalling libffi-devel...
[   78s] [3/84] preinstalling nodejs-source-map...
[   79s] [4/84] preinstalling python3-pip...
[   83s] [5/84] preinstalling python3-setuptools_scm...
[   83s] [6/84] preinstalling filesystem...
[   86s] [7/84] preinstalling glibc...
[   90s] [8/84] preinstalling libgcc...
[   91s] [9/84] preinstalling diffutils...
[   92s] [10/84] preinstalling libcap-ng...
[   93s] [11/84] preinstalling libgpg-error...
[   94s] [12/84] preinstalling libpcap...
[   95s] [13/84] preinstalling libsmartcols...
[   95s] [14/84] preinstalling libuuid...
[   96s] [15/84] preinstalling libxcrypt...
[   97s] [16/84] preinstalling lz4...
[   98s] [17/84] preinstalling m4...
[   99s] [18/84] preinstalling ncurses-libs...
[  100s] [19/84] preinstalling nspr...
[  101s] [20/84] preinstalling xz-libs...
[  102s] [21/84] preinstalling zlib...
[  103s] [22/84] preinstalling attr...
[  104s] [23/84] preinstalling libdb...
[  107s] [24/84] preinstalling zstd...
[  110s] [25/84] preinstalling audit-libs...
[  111s] [26/84] preinstalling file...
[  111s] [27/84] preinstalling iptables-libs...
[  112s] [28/84] preinstalling libacl...
[  113s] [29/84] preinstalling libgcrypt...
[  114s] [30/84] preinstalling openssl-libs...
[  116s] [31/84] preinstalling readline...
[  117s] [32/84] preinstalling ncurses...
[  126s] [33/84] preinstalling cmake...
[  139s] [34/84] preinstalling perl-libs...
[  142s] [35/84] preinstalling pcre2...
[  143s] [36/84] preinstalling perl-Exporter...
[  144s] [37/84] preinstalling pcre...
[  145s] [38/84] preinstalling acl...
[  146s] [39/84] preinstalling sqlite...
[  148s] [40/84] preinstalling libselinux...
[  149s] [41/84] preinstalling perl-Carp...
[  149s] [42/84] preinstalling perl-Digest-MD5...
[  150s] [43/84] preinstalling sed...
[  151s] [44/84] preinstalling coreutils...
[  155s] [45/84] preinstalling bash...
[  158s] [46/84] preinstalling openssl...
[  159s] [47/84] preinstalling dnf...
[  160s] [48/84] preinstalling bzip2...
[  161s] [49/84] preinstalling hostname...
[  161s] [50/84] preinstalling libcap...
[  162s] [51/84] preinstalling popt...
[  163s] [52/84] preinstalling elfutils...
[  165s] [53/84] preinstalling grep...
[  166s] [54/84] preinstalling libblkid...
[  167s] [55/84] preinstalling perl-constant...
[  167s] [56/84] preinstalling tar...
[  169s] [57/84] preinstalling info...
[  170s] [58/84] preinstalling libgcrypt-devel...
[  171s] [59/84] preinstalling lua...
[  172s] [60/84] preinstalling nss...
[  174s] [61/84] preinstalling chkconfig...
[  175s] [62/84] preinstalling copy-jdk-configs...
[  176s] [63/84] preinstalling libfdisk...
[  177s] [64/84] preinstalling libmount...
[  178s] [65/84] preinstalling libsemanage...
[  179s] [66/84] preinstalling nss-util...
[  180s] [67/84] preinstalling findutils...
[  182s] [68/84] preinstalling perl-Getopt-Long...
[  182s] [69/84] preinstalling xz...
[  183s] [70/84] preinstalling perl-Data-Dumper...
[  184s] [71/84] preinstalling systemd-libs...
[  185s] [72/84] preinstalling rpm-libs...
[  186s] [73/84] preinstalling dbus-libs...
[  187s] [74/84] preinstalling nss-softokn...
[  189s] [75/84] preinstalling glib2...
[  193s] [76/84] preinstalling systemd...
[  198s] [77/84] preinstalling audit...
[  199s] [78/84] preinstalling rpm...
[  201s] [79/84] preinstalling openEuler-rpm-config...
[  202s] [80/84] preinstalling pam...
[  203s] [81/84] preinstalling util-linux...
[  207s] [82/84] preinstalling device-mapper...
[  208s] [83/84] preinstalling cryptsetup...
[  210s] [84/84] preinstalling lvm2...
[  213s] 
[  215s] initializing rpm db...
[  228s] reordering...cycle: bash -> coreutils
[  228s]   breaking dependency coreutils -> bash
[  228s] cycle: bash -> coreutils -> info
[  228s]   breaking dependency coreutils -> info
[  228s] cycle: glibc -> basesystem -> filesystem -> bash -> coreutils -> gmp
[  228s]   breaking dependency filesystem -> bash
[  228s] cycle: glibc -> basesystem -> filesystem -> coreutils -> gmp
[  228s]   breaking dependency coreutils -> gmp
[  228s] cycle: glibc -> basesystem -> filesystem -> coreutils
[  228s]   breaking dependency coreutils -> glibc
[  228s] cycle: glibc -> basesystem -> filesystem -> coreutils -> libacl
[  228s]   breaking dependency coreutils -> libacl
[  228s] cycle: glibc -> basesystem -> filesystem -> coreutils -> attr
[  228s]   breaking dependency coreutils -> attr
[  228s] cycle: coreutils -> libcap -> bash
[  228s]   breaking dependency coreutils -> libcap
[  228s] cycle: glibc -> basesystem -> filesystem -> coreutils -> openssl-libs
[  228s]   breaking dependency openssl-libs -> glibc
[  228s] cycle: coreutils -> openssl-libs -> ca-certificates -> bash
[  228s]   breaking dependency ca-certificates -> bash
[  228s] cycle: coreutils -> openssl-libs -> ca-certificates
[  228s]   breaking dependency ca-certificates -> coreutils
[  228s] cycle: coreutils -> openssl-libs -> ca-certificates -> grep -> bash
[  228s]   breaking dependency grep -> bash
[  228s] cycle: coreutils -> openssl-libs -> ca-certificates -> grep
[  228s]   breaking dependency ca-certificates -> grep
[  228s] cycle: glibc -> basesystem -> filesystem -> coreutils -> openssl-libs -> ca-certificates -> p11-kit
[  228s]   breaking dependency p11-kit -> glibc
[  228s] cycle: glibc -> basesystem -> filesystem -> coreutils -> openssl-libs -> ca-certificates -> p11-kit -> libffi
[  228s]   breaking dependency openssl-libs -> ca-certificates
[  228s] cycle: coreutils -> openssl-libs -> crypto-policies -> bash
[  228s]   breaking dependency crypto-policies -> bash
[  228s] cycle: coreutils -> openssl-libs -> crypto-policies
[  228s]   breaking dependency crypto-policies -> coreutils
[  228s] cycle: coreutils -> openssl-libs -> crypto-policies -> grep
[  228s]   breaking dependency grep -> coreutils
[  228s] cycle: glibc -> basesystem -> filesystem -> coreutils -> openssl-libs -> crypto-policies -> grep
[  228s]   breaking dependency glibc -> basesystem
[  228s] cycle: glibc -> glibc-common -> bash -> coreutils -> openssl-libs -> crypto-policies -> grep
[  228s]   breaking dependency glibc-common -> bash
[  228s] cycle: glibc -> glibc-common -> coreutils -> openssl-libs -> crypto-policies -> grep
[  228s]   breaking dependency glibc-common -> coreutils
[  228s] cycle: glibc -> glibc-common
[  228s]   breaking dependency glibc-common -> glibc
[  228s] cycle: glibc -> glibc-common -> libselinux
[  228s]   breaking dependency libselinux -> glibc
[  228s] cycle: glibc -> glibc-common -> libselinux -> pcre2
[  228s]   breaking dependency pcre2 -> glibc
[  228s] cycle: glibc -> glibc-common -> libselinux -> pcre2 -> readline
[  228s]   breaking dependency readline -> glibc
[  228s] cycle: glibc -> glibc-common -> libselinux -> pcre2 -> readline -> ncurses-libs
[  228s]   breaking dependency libselinux -> pcre2
[  228s] cycle: glibc -> glibc-common -> libselinux -> libsepol -> bash -> coreutils -> openssl-libs -> crypto-policies -> grep
[  228s]   breaking dependency bash -> coreutils
[  228s] cycle: glibc -> glibc-common -> libselinux -> libsepol -> bash -> filesystem -> coreutils -> openssl-libs -> crypto-policies -> grep
[  228s]   breaking dependency libsepol -> bash
[  228s] cycle: glibc -> glibc-common -> libselinux -> libsepol -> coreutils -> openssl-libs -> crypto-policies -> grep
[  228s]   breaking dependency coreutils -> openssl-libs
[  228s] cycle: libselinux -> libsepol -> coreutils
[  228s]   breaking dependency libsepol -> coreutils
[  228s] cycle: glibc -> glibc-common -> libselinux -> libsepol
[  228s]   breaking dependency glibc -> glibc-common
[  228s] cycle: glibc -> filesystem -> coreutils -> libselinux -> libsepol
[  228s]   breaking dependency filesystem -> coreutils
[  228s] cycle: filesystem -> setup
[  228s]   breaking dependency filesystem -> setup
[  228s] cycle: systemd -> cryptsetup -> device-mapper
[  228s]   breaking dependency systemd -> cryptsetup
[  228s] cycle: perl-libs -> perl-Carp
[  228s]   breaking dependency perl-libs -> perl-Carp
[  228s] cycle: perl-libs -> perl-Exporter
[  228s]   breaking dependency perl-libs -> perl-Exporter
[  228s] cycle: perl-Carp -> perl-Exporter
[  228s]   breaking dependency perl-Exporter -> perl-Carp
[  228s] cycle: perl -> perl-PathTools
[  228s]   breaking dependency perl -> perl-PathTools
[  228s] cycle: perl -> perl-ExtUtils-MakeMaker
[  228s]   breaking dependency perl -> perl-ExtUtils-MakeMaker
[  228s] cycle: perl -> perl-File-Path -> perl-PathTools
[  228s]   breaking dependency perl -> perl-File-Path
[  228s] cycle: perl -> perl-Getopt-Long -> perl-Pod-Usage
[  228s]   breaking dependency perl -> perl-Getopt-Long
[  228s] cycle: perl -> perl-Locale-Maketext
[  228s]   breaking dependency perl -> perl-Locale-Maketext
[  228s] cycle: perl -> perl-Pod-Simple
[  228s]   breaking dependency perl -> perl-Pod-Simple
[  228s] cycle: perl -> perl-Socket
[  228s]   breaking dependency perl -> perl-Socket
[  228s] cycle: perl -> perl-Storable
[  228s]   breaking dependency perl -> perl-Storable
[  228s] cycle: perl -> perl-Text-Tabs+Wrap
[  228s]   breaking dependency perl -> perl-Text-Tabs+Wrap
[  228s] cycle: perl -> perl-Time-Local -> perl-constant
[  228s]   breaking dependency perl -> perl-Time-Local
[  228s] cycle: perl -> perl-constant
[  228s]   breaking dependency perl -> perl-constant
[  228s] cycle: perl -> perl-threads
[  228s]   breaking dependency perl -> perl-threads
[  228s] cycle: perl -> perl-threads-shared
[  228s]   breaking dependency perl -> perl-threads-shared
[  228s] cycle: perl -> perl-Archive-Tar
[  228s]   breaking dependency perl -> perl-Archive-Tar
[  228s] cycle: perl -> perl-B-Debug
[  228s]   breaking dependency perl -> perl-B-Debug
[  228s] cycle: perl -> perl-CPAN-Meta -> perl-CPAN-Meta-Requirements
[  228s]   breaking dependency perl -> perl-CPAN-Meta
[  228s] cycle: perl -> perl-CPAN-Meta-Requirements
[  228s]   breaking dependency perl -> perl-CPAN-Meta-Requirements
[  228s] cycle: perl -> perl-CPAN-Meta-YAML
[  228s]   breaking dependency perl -> perl-CPAN-Meta-YAML
[  228s] cycle: perl -> perl-Compress-Raw-Bzip2
[  228s]   breaking dependency perl -> perl-Compress-Raw-Bzip2
[  228s] cycle: perl -> perl-Compress-Raw-Zlib
[  228s]   breaking dependency perl -> perl-Compress-Raw-Zlib
[  228s] cycle: perl -> perl-Config-Perl-V
[  228s]   breaking dependency perl -> perl-Config-Perl-V
[  228s] cycle: perl -> perl-DB_File
[  228s]   breaking dependency perl -> perl-DB_File
[  228s] cycle: perl -> perl-Data-Dumper
[  228s]   breaking dependency perl -> perl-Data-Dumper
[  228s] cycle: perl -> perl-Devel-PPPort
[  228s]   breaking dependency perl -> perl-Devel-PPPort
[  228s] cycle: perl -> perl-Digest -> perl-MIME-Base64
[  228s]   breaking dependency perl -> perl-Digest
[  228s] cycle: perl -> perl-Digest-MD5 -> perl-Digest -> perl-MIME-Base64
[  228s]   breaking dependency perl -> perl-Digest-MD5
[  228s] cycle: perl -> perl-Digest-SHA
[  228s]   breaking dependency perl -> perl-Digest-SHA
[  228s] cycle: perl -> perl-Encode
[  228s]   breaking dependency perl -> perl-Encode
[  228s] cycle: perl -> perl-Env
[  228s]   breaking dependency perl -> perl-Env
[  228s] cycle: perl -> perl-ExtUtils-Command
[  228s]   breaking dependency perl -> perl-ExtUtils-Command
[  228s] cycle: perl -> perl-ExtUtils-Install
[  228s]   breaking dependency perl -> perl-ExtUtils-Install
[  228s] cycle: perl -> perl-ExtUtils-Manifest
[  228s]   breaking dependency perl -> perl-ExtUtils-Manifest
[  228s] cycle: perl -> perl-ExtUtils-ParseXS
[  228s]   breaking dependency perl -> perl-ExtUtils-ParseXS
[  228s] cycle: perl -> perl-File-Fetch -> perl-PathTools
[  228s]   breaking dependency perl -> perl-File-Fetch
[  228s] cycle: perl -> perl-File-Temp -> perl-PathTools
[  228s]   breaking dependency perl -> perl-File-Temp
[  228s] cycle: perl -> perl-Filter
[  228s]   breaking dependency perl -> perl-Filter
[  228s] cycle: perl -> perl-Filter-Simple -> perl-Filter
[  228s]   breaking dependency perl -> perl-Filter-Simple
[  228s] cycle: perl -> perl-HTTP-Tiny
[  228s]   breaking dependency perl -> perl-HTTP-Tiny
[  228s] cycle: perl -> perl-IO-Compress
[  228s]   breaking dependency perl -> perl-IO-Compress
[  228s] cycle: perl -> perl-IO-Socket-IP
[  228s]   breaking dependency perl -> perl-IO-Socket-IP
[  228s] cycle: perl -> perl-IPC-Cmd -> perl-ExtUtils-MakeMaker
[  228s]   breaking dependency perl -> perl-IPC-Cmd
[  228s] cycle: perl -> perl-IPC-SysV
[  228s]   breaking dependency perl -> perl-IPC-SysV
[  228s] cycle: perl -> perl-JSON-PP
[  228s]   breaking dependency perl -> perl-JSON-PP
[  228s] cycle: perl -> perl-Locale-Codes -> perl-constant
[  228s]   breaking dependency perl -> perl-Locale-Codes
[  228s] cycle: perl -> perl-MIME-Base64
[  228s]   breaking dependency perl -> perl-MIME-Base64
[  228s] cycle: perl -> perl-Math-BigInt
[  228s]   breaking dependency perl -> perl-Math-BigInt
[  228s] cycle: perl -> perl-Math-BigInt-FastCalc -> perl-Math-BigInt
[  228s]   breaking dependency perl -> perl-Math-BigInt-FastCalc
[  228s] cycle: perl -> perl-Math-BigRat -> perl-Math-BigInt
[  228s]   breaking dependency perl -> perl-Math-BigRat
[  228s] cycle: perl -> perl-Module-CoreList
[  228s]   breaking dependency perl -> perl-Module-CoreList
[  228s] cycle: perl -> perl-Module-Load -> perl-PathTools
[  228s]   breaking dependency perl -> perl-Module-Load
[  228s] cycle: perl -> perl-Module-Load-Conditional
[  228s]   breaking dependency perl -> perl-Module-Load-Conditional
[  228s] cycle: perl -> perl-Module-Metadata
[  228s]   breaking dependency perl -> perl-Module-Metadata
[  228s] cycle: perl -> perl-Params-Check
[  228s]   breaking dependency perl -> perl-Params-Check
[  228s] cycle: perl -> perl-PerlIO-via-QuotedPrint -> perl-MIME-Base64
[  228s]   breaking dependency perl -> perl-PerlIO-via-QuotedPrint
[  228s] cycle: perl -> perl-Pod-Checker
[  228s]   breaking dependency perl -> perl-Pod-Checker
[  228s] cycle: perl -> perl-Pod-Escapes
[  228s]   breaking dependency perl -> perl-Pod-Escapes
[  228s] cycle: perl -> perl-Pod-Parser
[  228s]   breaking dependency perl -> perl-Pod-Parser
[  228s] cycle: perl -> perl-Pod-Perldoc
[  228s]   breaking dependency perl -> perl-Pod-Perldoc
[  228s] cycle: perl -> perl-Pod-Usage
[  228s]   breaking dependency perl -> perl-Pod-Usage
[  228s] cycle: perl -> perl-Sys-Syslog
[  228s]   breaking dependency perl -> perl-Sys-Syslog
[  228s] cycle: perl -> perl-Term-Cap
[  228s]   breaking dependency perl -> perl-Term-Cap
[  228s] cycle: perl -> perl-Test-Harness
[  228s]   breaking dependency perl -> perl-Test-Harness
[  228s] cycle: perl -> perl-Test-Simple
[  228s]   breaking dependency perl -> perl-Test-Simple
[  228s] cycle: perl -> perl-Text-Balanced
[  228s]   breaking dependency perl -> perl-Text-Balanced
[  228s] cycle: perl -> perl-Thread-Queue -> perl-threads-shared
[  228s]   breaking dependency perl -> perl-Thread-Queue
[  228s] cycle: perl -> perl-Unicode-Collate -> perl-PathTools
[  228s]   breaking dependency perl -> perl-Unicode-Collate
[  228s] cycle: perl -> perl-autodie
[  228s]   breaking dependency perl -> perl-autodie
[  228s] cycle: perl -> perl-bignum -> perl-Math-BigInt
[  228s]   breaking dependency perl -> perl-bignum
[  228s] cycle: perl -> perl-devel
[  228s]   breaking dependency perl -> perl-devel
[  228s] cycle: perl -> perl-Encode-devel
[  228s]   breaking dependency perl -> perl-Encode-devel
[  228s] cycle: perl -> perl-experimental
[  228s]   breaking dependency perl -> perl-experimental
[  228s] cycle: perl -> perl-libnet -> perl-Digest-MD5 -> perl-Digest -> perl-MIME-Base64
[  228s]   breaking dependency perl -> perl-libnet
[  228s] cycle: perl -> perl-podlators
[  228s]   breaking dependency perl -> perl-podlators
[  228s] cycle: perl -> perl-version
[  228s]   breaking dependency perl -> perl-version
[  228s] cycle: glib2 -> gamin
[  228s]   breaking dependency glib2 -> gamin
[  228s] cycle: systemd -> gnutls -> unbound-libs -> shadow -> pam -> audit
[  228s]   breaking dependency systemd -> gnutls
[  228s] cycle: systemd -> pam -> audit
[  228s]   breaking dependency systemd -> pam
[  228s] cycle: systemd -> shadow -> pam -> audit
[  228s]   breaking dependency systemd -> shadow
[  228s] cycle: pam -> libpwquality
[  228s]   breaking dependency pam -> libpwquality
[  228s] cycle: perl-Getopt-Long -> perl-Pod-Usage
[  228s]   breaking dependency perl-Pod-Usage -> perl-Getopt-Long
[  228s] cycle: perl-Getopt-Long -> perl-Pod-Usage -> perl-podlators -> perl-Encode
[  228s]   breaking dependency perl-podlators -> perl-Encode
[  228s] cycle: perl-Getopt-Long -> perl-Pod-Usage -> perl-podlators
[  228s]   breaking dependency perl-podlators -> perl-Getopt-Long
[  228s] cycle: perl-Getopt-Long -> perl-Pod-Usage -> perl-podlators -> perl-Pod-Simple -> perl-Encode
[  228s]   breaking dependency perl-Encode -> perl-Getopt-Long
[  228s] cycle: perl-Getopt-Long -> perl-Pod-Usage -> perl-podlators -> perl-Pod-Simple
[  228s]   breaking dependency perl-podlators -> perl-Pod-Simple
[  228s] cycle: perl-Pod-Usage -> perl-podlators
[  228s]   breaking dependency perl-podlators -> perl-Pod-Usage
[  228s] cycle: groff -> perl-Getopt-Long -> perl-Pod-Usage -> perl-Pod-Perldoc
[  228s]   breaking dependency groff -> perl-Getopt-Long
[  228s] cycle: libxcrypt-devel -> glibc-devel
[  228s]   breaking dependency glibc-devel -> libxcrypt-devel
[  228s] cycle: cmake-data -> cmake
[  228s]   breaking dependency cmake -> cmake-data
[  228s] cycle: nss-util -> nss
[  228s]   breaking dependency nss -> nss-util
[  228s] cycle: nss-softokn -> nss-util -> nss
[  228s]   breaking dependency nss -> nss-softokn
[  228s] cycle: perl-Getopt-Long -> perl-Pod-Usage -> perl-Pod-Perldoc -> perl-Pod-Simple
[  228s]   breaking dependency perl-Pod-Perldoc -> perl-Pod-Simple
[  228s] cycle: openssh -> openssh-server
[  228s]   breaking dependency openssh-server -> openssh
[  228s] cycle: git -> perl-Git
[  228s]   breaking dependency git -> perl-Git
[  228s] cycle: perl-ExtUtils-Install -> perl-ExtUtils-MakeMaker
[  228s]   breaking dependency perl-ExtUtils-MakeMaker -> perl-ExtUtils-Install
[  229s] done
[  229s] querying package ids...
[  263s] [1/343] installing cmake-filesystem-3.22.0-1.oe1
[  265s] [2/343] installing fuse-common-3.9.2-5.oe1
[  266s] [3/343] installing kernel-headers-5.10-3.oe1
[  273s] [4/343] installing libreport-filesystem-2.13.1-5.oe1
[  274s] [5/343] installing ncurses-base-6.1-14.oe1
[  276s] [6/343] installing openEuler-gpg-keys-1.0-2.5.oe1
[  276s] [7/343] installing python-setuptools-59.4.0-3.oe1
[  278s] [8/343] installing qt5-srpm-macros-5.15.2-1.oe1
[  279s] [9/343] installing tzdata-2021a-2.oe1
[  289s] [10/343] installing dnf-data-4.10.0-1.oe1
[  290s] [11/343] installing openEuler-repos-1.0-2.5.oe1
[  291s] [12/343] installing openEuler-release-20.03LTS-40.oe1
[  293s] [13/343] installing filesystem-3.9-3.oe1
[  303s] warning: group mail does not exist - using root
[  303s] [14/343] installing emacs-filesystem-1:27.1-5.oe1
[  304s] [15/343] installing libgcc-10.3.1-10.oe1
[  305s] [16/343] installing setup-2.13.3-4.oe1
[  306s] [17/343] installing glibc-2.34-74.oe1
[  314s] [18/343] installing brotli-1.0.9-2.oe1
[  315s] [19/343] installing chrpath-0.16-12.oe1
[  316s] [20/343] installing cpio-2.13-4.oe1
[  317s] [21/343] installing diffutils-3.7-4.oe1
[  319s] [22/343] installing expat-2.2.10-1.oe1
[  320s] [23/343] installing json-c-0.15-1.oe1
[  321s] [24/343] installing keyutils-libs-1.6.3-3.oe1
[  323s] [25/343] installing libICE-1.0.10-2.oe1
[  324s] [26/343] installing libXau-1.0.9-2.oe1
[  325s] [27/343] installing libaio-0.3.112-1.oe1
[  326s] [28/343] installing libargon2-20190702-1.oe1
[  331s] [29/343] installing libatomic-10.3.1-10.oe1
[  333s] [30/343] installing libcap-ng-0.7.11-1.oe1
[  334s] [31/343] installing libev-4.24-11.oe1
[  335s] [32/343] installing libffi-3.3-31.oe1
[  336s] [33/343] installing libgomp-10.3.1-10.oe1
[  337s] [34/343] installing libgpg-error-1.41-1.oe1
[  339s] [35/343] installing libnghttp2-1.42.0-1.oe1
[  340s] [36/343] installing libpcap-14:1.9.1-7.oe1
[  341s] [37/343] installing libpipeline-1.5.3-1.oe1
[  342s] [38/343] installing libsigsegv-2.11-10.oe1
[  343s] [39/343] installing libsmartcols-2.36.1-3.oe1
[  345s] [40/343] installing libtasn1-4.16.0-2.oe1
[  346s] [41/343] installing libtool-ltdl-2.4.6-34.oe1
[  347s] [42/343] installing libunistring-0.9.10-8.oe1
[  349s] [43/343] installing libuuid-2.36.1-3.oe1
[  351s] [44/343] installing libuv-1:1.40.0-1.oe1
[  352s] [45/343] installing libxcrypt-4.4.8-4.oe1
[  353s] [46/343] installing libyaml-0.2.5-1.oe1
[  354s] [47/343] installing lz4-1.9.3-1.oe1
[  355s] [48/343] installing m4-1.4.18-14.oe1
[  357s] [49/343] installing nspr-4.32.0-1.oe1
[  358s] [50/343] installing pkgconf-1.7.3-1.oe1
[  359s] [51/343] installing rhash-1.3.5-5.oe1
[  360s] [52/343] installing which-2.21-14.oe1
[  361s] [53/343] installing xz-libs-5.2.5-1.oe1
[  362s] [54/343] installing zlib-1.2.11-18.oe1
[  363s] [55/343] installing attr-2.4.48-12.oe1
[  365s] [56/343] installing basesystem-12-2.oe1
[  366s] [57/343] installing libstdc++-10.3.1-10.oe1
[  368s] [58/343] installing ncurses-libs-6.1-14.oe1
[  369s] [59/343] installing libsepol-3.1-4.oe1
[  371s] [60/343] installing libstdc++-devel-10.3.1-10.oe1
[  381s] [61/343] installing audit-libs-1:3.0-2.oe1
[  382s] [62/343] installing file-libs-5.39-6.oe1
[  385s] [63/343] installing gmp-1:6.2.1-1.oe1
[  386s] [64/343] installing iptables-libs-1.8.1-4.oe1
[  387s] [65/343] installing less-563-2.oe1
[  389s] [66/343] installing libacl-2.2.53-7.oe1
[  391s] [67/343] installing libassuan-2.5.4-1.oe1
[  392s] [68/343] installing libedit-3.1-27.oe1
[  394s] [69/343] installing libffi-devel-3.3-31.oe1
[  395s] [70/343] installing libgcrypt-1.8.7-1.oe1
[  397s] [71/343] installing libpng-2:1.6.37-1.oe1
[  398s] [72/343] installing libxcb-1.14-1.oe1
[  400s] [73/343] installing readline-8.0-2.oe1
[  401s] [74/343] installing fuse-2.9.9-6.oe1
[  402s] [75/343] installing gc-8.0.4-2.oe1
[  404s] [76/343] installing libSM-1.2.3-2.oe1
[  405s] [77/343] installing libdb-5.3.28-35.oe1
[  409s] [78/343] installing libselinux-3.1-3.oe1
[  411s] [79/343] installing libxml2-2.9.12-5.oe1
[  414s] [80/343] installing bash-5.1-1.oe1
[  417s] [81/343] installing perl-libs-4:5.28.0-435.oe1
[  422s] [82/343] installing zstd-1.4.8-2.oe1
[  425s] [83/343] installing ncurses-6.1-14.oe1
[  437s] [84/343] installing thin-provisioning-tools-0.8.5-1.oe1
[  439s] [85/343] installing perl-Fedora-VSP-0.001-10.oe1
[  440s] [86/343] installing perl-parent-1:0.237-4.oe1
[  443s] [87/343] installing perl-perlfaq-5.20180915-5.oe1
[  445s] [88/343] installing libX11-1.6.9-2.oe1
[  448s] [89/343] installing mpfr-4.1.0-1.oe1
[  450s] [90/343] installing nettle-3.6-6.oe1
[  452s] [91/343] installing pcre2-10.36-1.oe1
[  454s] [92/343] installing perl-Exporter-5.74-1.oe1
[  455s] [93/343] installing file-5.39-6.oe1
[  456s] [94/343] installing gdbm-1:1.18.1-1.oe1
[  458s] [95/343] installing patch-2.7.6-12.oe1
[  459s] [96/343] installing qrencode-4.1.1-1
[  460s] [97/343] installing sed-4.8-2.oe1
[  462s] [98/343] installing acl-2.2.53-7.oe1
[  463s] [99/343] installing libcomps-0.1.15-1.oe1
[  465s] [100/343] installing pcre-8.44-1.oe1
[  466s] [101/343] installing glibc-common-2.34-74.oe1
[  478s] [102/343] installing coreutils-8.31-4.oe1
[  484s] [103/343] installing crontabs-1.11-21.oe1
[  486s] [104/343] installing libXext-1.3.4-2.oe1
[  487s] [105/343] installing libXpm-3.5.12-11.oe1
[  489s] [106/343] installing perl-Carp-1.50-418.oe1
[  490s] [107/343] installing perl-Perl-OSType-1.010-421.oe1
[  492s] [108/343] installing perl-Term-ANSIColor-4.06-511.oe1
[  493s] [109/343] installing publicsuffix-list-20200718-1.oe1
[  494s] [110/343] installing uname-build-checks-1.0-0.4.oe1
[  495s] [111/343] installing bzip2-1.0.8-3.oe1
[  497s] [112/343] installing gzip-1.10-1.oe1
[  498s] [113/343] installing hostname-3.21-2.oe1
[  500s] [114/343] installing libcap-2.32-2.oe1
[  501s] [115/343] installing libmpc-1.2.0-2.oe1
[  503s] [116/343] installing libseccomp-2.4.3-2.oe1
[  506s] [117/343] installing npth-1.5-7.oe1
[  508s] [118/343] installing popt-1.18-1.oe1
[  510s] [119/343] installing grep-3.6-1.oe1
[  513s] [120/343] installing libXt-1.2.0-0.oe1
[  514s] [121/343] installing libblkid-2.36.1-3.oe1
[  517s] [122/343] installing libidn2-2.3.0-1.oe1
[  518s] [123/343] installing libksba-1.3.5-12.oe1
[  520s] [124/343] installing tar-2:1.32-3.oe1
[  523s] [125/343] installing tcl-1:8.6.10-3.oe1
[  528s] [126/343] installing elfutils-0.185-5.oe1
[  532s] /usr/lib/systemd/systemd-sysctl: error while loading shared libraries: libkmod.so.2: cannot open shared object file: No such file or directory
[  532s] [127/343] installing info-6.7-2.oe1
[  533s] [128/343] installing jsoncpp-1.9.4-1.oe1
[  536s] [129/343] installing libgpg-error-devel-1.41-1.oe1
[  538s] [130/343] installing lua-5.3.5-6.oe1
[  540s] [131/343] installing slang-2.3.2-8.oe1
[  543s] [132/343] installing gawk-5.1.0-1.oe1
[  545s] [133/343] installing glibc-devel-2.34-74.oe1
[  554s] [134/343] installing guile-5:2.0.14-15.oe1
[  562s] [135/343] installing zip-3.0-29.oe1
[  564s] [136/343] installing libfdisk-2.36.1-3.oe1
[  566s] [137/343] installing libxcrypt-devel-4.4.8-4.oe1
[  568s] [138/343] installing newt-0.52.21-4.oe1
[  571s] [139/343] installing perl-Text-ParseWords-3.30-419.oe1
[  572s] [140/343] installing crypto-policies-20180925-3.git71ca85f.oe1
[  578s] [141/343] installing libXmu-1.1.3-1.oe1
[  580s] [142/343] installing libmount-2.36.1-3.oe1
[  582s] [143/343] installing lua-posix-33.3.1-12.oe1
[  584s] [144/343] installing unzip-6.0-47.oe1
[  586s] [145/343] installing cracklib-2.9.7-6.oe1
[  593s] [146/343] installing e2fsprogs-1.45.6-3.oe1
[  600s] [147/343] installing findutils-2:4.7.0-7.oe1
[  603s] [148/343] installing libsemanage-3.1-4.oe1
[  605s] [149/343] installing make-1:4.2.1-15.oe1
[  607s] [150/343] installing sqlite-3.24.0-9.oe1
[  610s] [151/343] installing xz-5.2.5-1.oe1
[  612s] [152/343] installing logrotate-3.15.1-2.oe1
[  613s] [153/343] installing perl-Scalar-List-Utils-3:1.52-2.oe1
[  615s] [154/343] installing perl-Time-HiRes-1.9760-2.oe1
[  617s] [155/343] installing perl-Unicode-Normalize-1.26-419.oe1
[  619s] [156/343] installing libgcrypt-devel-1.8.7-1.oe1
[  620s] [157/343] installing cpp-10.3.1-10.oe1
[  631s] [158/343] installing gnupg2-2.2.27-2.oe1
[  637s] [159/343] installing systemd-libs-243-22.oe1
[  641s] [160/343] installing dbus-libs-1:1.12.20-3.oe1
[  644s] [161/343] installing p11-kit-0.23.22-1.oe1
[  648s] [162/343] installing procps-ng-3.3.16-15.oe1
[  650s] [163/343] installing copy-jdk-configs-4.0-1.oe1
[  653s] [164/343] installing gpgme-1.15.1-1.oe1
[  655s] [165/343] installing openssl-libs-1:1.1.1f-2.oe1
[  661s] [166/343] installing chkconfig-1.14-2.oe1
[  664s] [167/343] installing libXaw-1.0.13-13.oe1
[  666s] [168/343] installing glib2-2.66.8-1.oe1
[  675s] [169/343] installing dbus-tools-1:1.12.20-3.oe1
[  677s] [170/343] installing ima-evm-utils-libs-1.2.1-8.oe1
[  678s] [171/343] installing libevent-2.1.12-4
[  681s] [172/343] installing libcroco-0.6.12-13.oe1
[  684s] [173/343] installing fipscheck-1.5.0-7.oe1
[  689s] [174/343] installing gamin-0.1.10-38.oe1
[  692s] [175/343] installing kmod-libs-27-4.oe1
[  698s] [176/343] installing libsecret-0.18.6-5.oe1
[  701s] [177/343] installing obs-env-1.0-5.oe1
[  709s] [178/343] installing kmod-27-4.oe1
[  712s] [179/343] installing binutils-2.37-6.oe1
[  724s] [180/343] installing babeltrace-1.5.8-1.oe1
[  727s] [181/343] installing p11-kit-trust-0.23.22-1.oe1
[  730s] [182/343] installing libarchive-3.5.1-1.oe1
[  734s] [183/343] installing nodejs-libs-1:16.10.0-1.oe1
[  787s] [184/343] installing libverto-0.3.1-2.oe1
[  789s] [185/343] installing ca-certificates-2020.2.46-2.oe1
[  800s] [186/343] installing gettext-0.20.1-2.oe1
[  805s] [187/343] installing gcc-10.3.1-10.oe1
[  843s] [188/343] installing rpm-libs-4.15.1-25.oe1
[  847s] [189/343] installing python-pip-wheel-19.2.3-2.fc32
[  849s] [190/343] installing libmodulemd-2.13.0-1.oe1
[  852s] [191/343] installing gcc-c++-10.3.1-10.oe1
[  868s] [192/343] installing krb5-libs-1.18.2-3.oe1
[  871s] [193/343] installing libtirpc-1.3.1-1.oe1
[  874s] [194/343] installing cyrus-sasl-lib-2.1.27-10.oe1
[  876s] [195/343] installing libssh-0.9.5-1.oe1
[  880s] [196/343] installing openldap-2.4.46-15.oe1
[  883s] [197/343] installing libnsl2-1.3.0-2.oe1
[  887s] [198/343] installing python3-3.8.5-13.oe1
[  920s] [199/343] installing python3-pyparsing-2.4.5-1.fc32
[  922s] [200/343] installing python3-setuptools-59.4.0-3.oe1
[  930s] [201/343] installing python3-setuptools_scm-3.3.3-6.fc32
[  933s] [202/343] installing python3-gpgme-1.15.1-1.oe1
[  937s] [203/343] installing python3-libcomps-0.1.15-1.oe1
[  939s] [204/343] installing libpsl-0.21.1-1.oe1
[  943s] [205/343] installing gdb-headless-9.2-5.oe1
[  953s] [206/343] installing systemtap-sdt-devel-4.1-3.oe1
[  955s] [207/343] installing gdb-9.2-5.oe1
[  957s] [208/343] installing python3-pip-19.2.3-2.fc32
[  972s] [209/343] installing libcurl-7.79.1-1.oe1
[  974s] [210/343] installing curl-7.79.1-1.oe1
[  976s] [211/343] installing librepo-1.14.2-2.oe1
[  979s] [212/343] installing rpm-4.15.1-25.oe1
[  984s] [213/343] installing efi-srpm-macros-4-3.oe1
[  986s] [214/343] installing cmake-rpm-macros-3.22.0-1.oe1
[  988s] [215/343] installing libsolv-0.7.20-1.oe1
[  991s] [216/343] installing python3-rpm-4.15.1-25.oe1
[  994s] [217/343] installing openEuler-rpm-config-30-22.oe1
[  996s] [218/343] installing cmake-3.22.0-1.oe1
[ 1015s] [219/343] installing libdnf-0.65.0-2.oe1
[ 1020s] [220/343] installing cmake-data-3.22.0-1.oe1
[ 1042s] [221/343] installing python3-libdnf-0.65.0-2.oe1
[ 1047s] [222/343] installing perl-4:5.28.0-435.oe1
[ 1059s] [223/343] installing perl-B-Debug-1.26-4.oe1
[ 1061s] [224/343] installing perl-Env-1.04-397.oe1
[ 1062s] [225/343] installing perl-Devel-PPPort-3.42-4.oe1
[ 1065s] [226/343] installing perl-Pod-Escapes-1:1.07-419.oe1
[ 1066s] [227/343] installing perl-Text-Tabs+Wrap-2013.0523-419.oe1
[ 1068s] [228/343] installing perl-Algorithm-Diff-1.1903-14.oe1
[ 1070s] [229/343] installing perl-Params-Check-1:0.38-418.oe1
[ 1072s] [230/343] installing perl-Term-Cap-1.17-510.oe1
[ 1074s] [231/343] installing perl-TermReadKey-2.38-2.oe1
[ 1076s] [232/343] installing perl-Text-Balanced-2.03-420.oe1
[ 1078s] [233/343] installing perl-generators-1.10-11.oe1
[ 1081s] [234/343] installing perl-threads-1:2.22-419.oe1
[ 1083s] [235/343] installing openssl-1:1.1.1f-2.oe1
[ 1086s] [236/343] installing perl-Config-Perl-V-0.30-5.oe1
[ 1088s] [237/343] installing perl-Error-1:0.17029-1.oe1
[ 1091s] [238/343] installing perl-Filter-2:1.59-2.oe1
[ 1094s] [239/343] installing perl-IPC-SysV-2.07-5.oe1
[ 1100s] [240/343] installing perl-Locale-Maketext-1:1.28-1.oe1
[ 1103s] [241/343] installing perl-constant-1.33-421.oe1
[ 1105s] [242/343] installing perl-MIME-Base64-3.15-418.oe1
[ 1109s] [243/343] installing perl-CPAN-Meta-YAML-0.018-420.oe1
[ 1111s] [244/343] installing perl-Socket-4:2.029-2.oe1
[ 1114s] [245/343] installing perl-Storable-1:3.15-2.oe1
[ 1117s] [246/343] installing python3-hawkey-0.65.0-2.oe1
[ 1120s] [247/343] installing perl-PerlIO-via-QuotedPrint-0.08-397.oe1
[ 1122s] [248/343] installing perl-Digest-1.17-419.oe1
[ 1124s] [249/343] installing perl-Filter-Simple-1:0.94-1.oe1
[ 1125s] [250/343] installing perl-IO-Socket-IP-0.39-420.oe1
[ 1127s] [251/343] installing perl-Text-Diff-1.45-7.oe1
[ 1131s] [252/343] installing perl-Time-Local-2:1.280-6.oe1
[ 1133s] [253/343] installing perl-version-8:0.99.24-3.oe1
[ 1137s] [254/343] installing perl-IPC-System-Simple-1.25-19.oe1
[ 1138s] [255/343] installing perl-threads-shared-1.59-2.oe1
[ 1141s] [256/343] installing perl-Compress-Raw-Bzip2-2.100-1.oe1
[ 1143s] [257/343] installing perl-Compress-Raw-Zlib-1:2.100-1.oe1
[ 1146s] [258/343] installing perl-Locale-Codes-3.58-2.oe1
[ 1151s] [259/343] installing perl-Math-BigInt-1:1.9998.13-5.oe1
[ 1153s] [260/343] installing perl-PathTools-3.75-4.oe1
[ 1155s] [261/343] installing python3-dnf-4.10.0-1.oe1
[ 1162s] [262/343] installing perl-Data-Dumper-2.172-3.oe1
[ 1164s] [263/343] installing perl-Sys-Syslog-0.35-420.oe1
[ 1166s] [264/343] installing perl-Encode-4:2.98-9.oe1
[ 1172s] [265/343] installing autogen-5.18.16-1.oe1
[ 1175s] [266/343] installing nodejs-1:16.10.0-1.oe1
[ 1179s] [267/343] installing systemd-243-22.oe1
[ 1202s] /var/tmp/rpm-tmp.1D1JFV: line 8: groupadd: command not found
[ 1202s] /var/tmp/rpm-tmp.1D1JFV: line 10: groupadd: command not found
[ 1202s] /var/tmp/rpm-tmp.1D1JFV: line 13: groupadd: command not found
[ 1202s] /var/tmp/rpm-tmp.1D1JFV: line 16: groupadd: command not found
[ 1202s] [268/343] installing dbus-common-1:1.12.20-3.oe1
[ 1204s] [269/343] installing nodejs-source-map-0.5.6-1.oe1
[ 1207s] [270/343] installing perl-Module-Load-1:0.32-418.oe1
[ 1208s] [271/343] installing nodejs-packaging-20-1.oe1
[ 1211s] [272/343] installing dnf-4.10.0-1.oe1
[ 1215s] Failed to preset unit, unit dnf-automatic.timer does not exist.
[ 1215s] Failed to preset unit, unit dnf-automatic-notifyonly.timer does not exist.
[ 1215s] Failed to preset unit, unit dnf-automatic-download.timer does not exist.
[ 1215s] Failed to preset unit, unit dnf-automatic-install.timer does not exist.
[ 1215s] [273/343] installing perl-File-Which-1.23-1.oe1
[ 1218s] [274/343] installing perl-Thread-Queue-3.13-3.oe1
[ 1220s] [275/343] installing perl-experimental-0.020-2.oe1
[ 1223s] [276/343] installing perl-Digest-MD5-2.55-419.oe1
[ 1226s] [277/343] installing perl-File-Path-2.16-4.oe1
[ 1228s] [278/343] installing perl-Math-BigInt-FastCalc-0.500.700-4.oe1
[ 1231s] [279/343] installing perl-Module-Metadata-1.000036-3.oe1
[ 1233s] [280/343] installing perl-CPAN-Meta-Requirements-2.140-419.oe1
[ 1236s] [281/343] installing perl-Encode-devel-4:2.98-9.oe1
[ 1238s] [282/343] installing perl-HTTP-Tiny-0.076-3.oe1
[ 1240s] [283/343] installing perl-Math-BigRat-0.2614-2.oe1
[ 1243s] [284/343] installing audit-1:3.0-2.oe1
[ 1248s] [285/343] installing perl-DB_File-1.842-2.oe1
[ 1250s] [286/343] installing perl-autodie-2.29-398.oe1
[ 1251s] [287/343] installing perl-Unicode-Collate-1.25-4.oe1
[ 1257s] [288/343] installing perl-IO-Compress-2.081-6.oe1
[ 1258s] [289/343] installing perl-podlators-1:4.14-1.oe1
[ 1260s] [290/343] installing perl-ExtUtils-Command-1:7.60-1.oe1
[ 1261s] [291/343] installing perl-ExtUtils-Manifest-1:1.71-4.oe1
[ 1263s] [292/343] installing perl-bignum-0.50-4.oe1
[ 1265s] [293/343] installing perl-File-Temp-1:0.230.800-4.oe1
[ 1266s] [294/343] installing perl-libnet-3.11-420.oe1
[ 1268s] [295/343] installing pam-1.5.1-1.oe1
[ 1273s] [296/343] installing libpwquality-1.4.4-1.oe1
[ 1275s] [297/343] installing perl-File-HomeDir-1.004-4.oe1
[ 1276s] [298/343] installing shadow-2:4.8.1-5.oe1
[ 1280s] [299/343] installing perl-Test-Simple-2:1.302175-2.oe1
[ 1282s] [300/343] installing libutempter-1.1.6-16.oe1
[ 1284s] [301/343] installing unbound-libs-1.10.1-4.oe1
[ 1291s] [302/343] installing dbus-daemon-1:1.12.20-3.oe1
[ 1295s] [303/343] installing openssh-server-8.2p1-10.oe1
[ 1299s] Created symlink /etc/systemd/system/multi-user.target.wants/sshd.service -> /usr/lib/systemd/system/sshd.service.
[ 1299s] [304/343] installing groff-1.22.4-4.oe1
[ 1306s] [305/343] installing dbus-1:1.12.20-3.oe1
[ 1308s] [306/343] installing man-db-2.9.3-2.oe1
[ 1313s] [307/343] installing perl-Pod-Perldoc-1:3.28-3.oe1
[ 1314s] [308/343] installing gnutls-3.6.15-3.oe1
[ 1318s] [309/343] installing util-linux-2.36.1-3.oe1
[ 1326s] [310/343] installing nss-help-3.72.0-2.oe1
[ 1329s] [311/343] installing perl-Pod-Usage-4:1.69-418.oe1
[ 1331s] [312/343] installing device-mapper-8:1.02.172-1.oe1
[ 1333s] [313/343] installing openssh-8.2p1-10.oe1
[ 1336s] [314/343] installing perl-Getopt-Long-1:2.52-1.oe1
[ 1338s] [315/343] installing cryptsetup-2.3.3-3.oe1
[ 1342s] [316/343] installing device-mapper-event-8:1.02.172-1.oe1
[ 1345s] Created symlink /etc/systemd/system/sockets.target.wants/dm-event.socket -> /usr/lib/systemd/system/dm-event.socket.
[ 1345s] [317/343] installing nss-3.72.0-2.oe1
[ 1355s] [318/343] installing openssh-clients-8.2p1-10.oe1
[ 1359s] [319/343] installing nss-util-3.72.0-2.oe1
[ 1362s] [320/343] installing perl-ExtUtils-ParseXS-2:3.35-1.oe1
[ 1363s] [321/343] installing perl-Module-CoreList-1:5.20180920-2.oe1
[ 1365s] [322/343] installing perl-Digest-SHA-1:6.02-7.oe1
[ 1367s] [323/343] installing perl-Pod-Parser-1.63-397.oe1
[ 1369s] [324/343] installing perl-Pod-Simple-1:3.35-418.oe1
[ 1370s] [325/343] installing perl-Test-Harness-1:3.43_02-1.oe1
[ 1373s] [326/343] installing perl-Archive-Tar-2.30-421.oe1
[ 1374s] [327/343] installing perl-JSON-PP-1:4.04-2.oe1
[ 1376s] [328/343] installing lvm2-8:2.03.11-1.oe1
[ 1384s] Created symlink /etc/systemd/system/sysinit.target.wants/lvm2-lvmpolld.socket -> /usr/lib/systemd/system/lvm2-lvmpolld.socket.
[ 1384s] [329/343] installing autoconf-2.69-30.oe1
[ 1386s] [330/343] installing git-2.23.0-12.oe1
[ 1397s] [331/343] installing nss-softokn-3.72.0-2.oe1
[ 1401s] [332/343] installing perl-Pod-Checker-4:1.73-398.oe1
[ 1402s] [333/343] installing perl-Git-2.23.0-12.oe1
[ 1404s] [334/343] installing perl-CPAN-Meta-2.150010-419.oe1
[ 1406s] [335/343] installing perl-Module-Load-Conditional-0.68-418.oe1
[ 1407s] [336/343] installing automake-1.16.1-6.oe1
[ 1410s] [337/343] installing perl-ExtUtils-MakeMaker-1:7.60-1.oe1
[ 1412s] [338/343] installing perl-ExtUtils-Install-2.14-419.oe1
[ 1413s] [339/343] installing perl-IPC-Cmd-2:1.04-4.oe1
[ 1415s] [340/343] installing rpm-build-4.15.1-25.oe1
[ 1417s] [341/343] installing gcc_secure-1.0-0.9.oe1
[ 1420s] [342/343] installing perl-File-Fetch-0.56-4.oe1
[ 1421s] [343/343] installing perl-devel-4:5.28.0-435.oe1
[ 1431s] removing nis flags from /var/cache/obs/worker/root_2/etc/nsswitch.conf...
[ 1432s] now finalizing build dir...
[ 1442s] Running build time source services...
[ 1448s] Warning: spec file parser line 15: can't expand %(...)
[ 1459s] -----------------------------------------------------------------
[ 1459s] ----- building perl-PathTools.spec (user abuild)
[ 1459s] -----------------------------------------------------------------
[ 1459s] -----------------------------------------------------------------
[ 1467s] + exec rpmbuild -ba --define '_srcdefattr (-,root,root)' --nosignature --define 'disturl obs://private/openEuler:Mainline:RISC-V/advanced_riscv64/1cd64aa87b5d52bfcf88120a35aa8abd-perl-PathTools' /home/abuild/rpmbuild/SOURCES/perl-PathTools.spec
[ 1470s] Executing(%prep): /bin/sh -e /var/tmp/rpm-tmp.qlXRes
[ 1470s] + umask 022
[ 1470s] + cd /home/abuild/rpmbuild/BUILD
[ 1470s] + cd /home/abuild/rpmbuild/BUILD
[ 1470s] + rm -rf PathTools-3.75
[ 1470s] + /usr/bin/gzip -dc /home/abuild/rpmbuild/SOURCES/PathTools-3.75.tar.gz
[ 1470s] + /usr/bin/tar -xof -
[ 1471s] + STATUS=0
[ 1471s] + '[' 0 -ne 0 ']'
[ 1471s] + cd PathTools-3.75
[ 1471s] + /usr/bin/chmod -Rf a+rX,u+w,g-w,o-w .
[ 1471s] + /usr/bin/cat /home/abuild/rpmbuild/SOURCES/backport-PathTools-3.75-Upgrade-to-3.78.patch
[ 1471s] + /usr/bin/patch -p1 -s --fuzz=0 --no-backup-if-mismatch
[ 1471s] + /usr/bin/patch -p1 -s --fuzz=0 --no-backup-if-mismatch
[ 1471s] + /usr/bin/cat /home/abuild/rpmbuild/SOURCES/backport-PathTools-3.78-Upgrade-to-3.80.patch
[ 1472s] + RPM_EC=0
[ 1472s] ++ jobs -p
[ 1472s] + exit 0
[ 1472s] Executing(%build): /bin/sh -e /var/tmp/rpm-tmp.smEDmd
[ 1472s] + umask 022
[ 1472s] + cd /home/abuild/rpmbuild/BUILD
[ 1472s] + cd PathTools-3.75
[ 1472s] + perl Makefile.PL INSTALLDIRS=vendor
[ 1475s] Checking if your kit is complete...
[ 1475s] Looks good
[ 1476s] Generating a Unix-style Makefile
[ 1476s] Writing Makefile for Cwd
[ 1476s] Writing MYMETA.yml and MYMETA.json
[ 1476s] + /usr/bin/make -O -j8 V=1 VERBOSE=1
[ 1479s] Running Mkbootstrap for Cwd ()
[ 1479s] chmod 644 "Cwd.bs"
[ 1479s] "/usr/bin/perl" -MExtUtils::Command::MM -e 'cp_nonempty' -- Cwd.bs blib/arch/auto/Cwd/Cwd.bs 644
[ 1479s] cp lib/File/Spec/AmigaOS.pm blib/lib/File/Spec/AmigaOS.pm
[ 1479s] cp lib/File/Spec.pm blib/lib/File/Spec.pm
[ 1479s] cp Cwd.pm blib/lib/Cwd.pm
[ 1479s] cp lib/File/Spec/Unix.pm blib/lib/File/Spec/Unix.pm
[ 1479s] cp lib/File/Spec/Epoc.pm blib/lib/File/Spec/Epoc.pm
[ 1479s] cp lib/File/Spec/Win32.pm blib/lib/File/Spec/Win32.pm
[ 1479s] cp lib/File/Spec/Functions.pm blib/lib/File/Spec/Functions.pm
[ 1479s] cp lib/File/Spec/Mac.pm blib/lib/File/Spec/Mac.pm
[ 1479s] cp lib/File/Spec/OS2.pm blib/lib/File/Spec/OS2.pm
[ 1479s] cp lib/File/Spec/Cygwin.pm blib/lib/File/Spec/Cygwin.pm
[ 1479s] cp lib/File/Spec/VMS.pm blib/lib/File/Spec/VMS.pm
[ 1480s] "/usr/bin/perl" "/usr/share/perl5/vendor_perl/ExtUtils/xsubpp"  -typemap '/usr/share/perl5/ExtUtils/typemap'  Cwd.xs > Cwd.xsc
[ 1480s] mv Cwd.xsc Cwd.c
[ 1496s] gcc -c   -D_REENTRANT -D_GNU_SOURCE -O2 -g -pipe -Wall -Werror=format-security -Wp,-D_FORTIFY_SOURCE=2 -Wp,-D_GLIBCXX_ASSERTIONS -fstack-protector-strong -grecord-gcc-switches -specs=/usr/lib/rpm/generic-hardened-cc1 -fasynchronous-unwind-tables -fstack-clash-protection -fwrapv -fno-strict-aliasing -I/usr/local/include -D_LARGEFILE_SOURCE -D_FILE_OFFSET_BITS=64 -g   -DVERSION=\"3.80\" -DXS_VERSION=\"3.80\" -fPIC "-I/usr/lib64/perl5/CORE"  -DDOUBLE_SLASHES_SPECIAL=0 Cwd.c
[ 1496s] Cwd.xs: In function 'bsd_realpath':
[ 1496s] Cwd.xs:197:28: warning: implicit declaration of function 'PerlLIO_readlink'; did you mean 'Perl_do_readline'? [-Wimplicit-function-declaration]
[ 1496s]   197 |                     slen = PerlLIO_readlink(resolved, symlink, sizeof(symlink) - 1);
[ 1496s]       |                            ^~~~~~~~~~~~~~~~
[ 1496s]       |                            Perl_do_readline
[ 1497s] rm -f blib/arch/auto/Cwd/Cwd.so
[ 1497s] gcc  -shared -Wl,-z,relro -Wl,-z,now -specs=/usr/lib/rpm/generic-hardened-ld -L/usr/local/lib -fstack-protector-strong  Cwd.o  -o blib/arch/auto/Cwd/Cwd.so  \
[ 1497s]     -lperl   \
[ 1497s]   
[ 1497s] chmod 755 blib/arch/auto/Cwd/Cwd.so
[ 1501s] Manifying 11 pod documents
[ 1501s] + RPM_EC=0
[ 1501s] ++ jobs -p
[ 1501s] + exit 0
[ 1501s] Executing(%install): /bin/sh -e /var/tmp/rpm-tmp.OhisOb
[ 1501s] + umask 022
[ 1501s] + cd /home/abuild/rpmbuild/BUILD
[ 1501s] + '[' /home/abuild/rpmbuild/BUILDROOT/perl-PathTools-3.80-1.oe1.riscv64 '!=' / ']'
[ 1501s] + rm -rf /home/abuild/rpmbuild/BUILDROOT/perl-PathTools-3.80-1.oe1.riscv64
[ 1501s] ++ dirname /home/abuild/rpmbuild/BUILDROOT/perl-PathTools-3.80-1.oe1.riscv64
[ 1501s] + mkdir -p /home/abuild/rpmbuild/BUILDROOT
[ 1502s] + mkdir /home/abuild/rpmbuild/BUILDROOT/perl-PathTools-3.80-1.oe1.riscv64
[ 1502s] + cd PathTools-3.75
[ 1502s] + rm -rf /home/abuild/rpmbuild/BUILDROOT/perl-PathTools-3.80-1.oe1.riscv64
[ 1502s] + make pure_install DESTDIR=/home/abuild/rpmbuild/BUILDROOT/perl-PathTools-3.80-1.oe1.riscv64
[ 1502s] "/usr/bin/perl" -MExtUtils::Command::MM -e 'cp_nonempty' -- Cwd.bs blib/arch/auto/Cwd/Cwd.bs 644
[ 1505s] Manifying 11 pod documents
[ 1506s] Files found in blib/arch: installing files in blib/lib into architecture dependent library tree
[ 1508s] Installing /home/abuild/rpmbuild/BUILDROOT/perl-PathTools-3.80-1.oe1.riscv64/usr/lib64/perl5/vendor_perl/auto/Cwd/Cwd.so
[ 1508s] Installing /home/abuild/rpmbuild/BUILDROOT/perl-PathTools-3.80-1.oe1.riscv64/usr/lib64/perl5/vendor_perl/Cwd.pm
[ 1508s] Installing /home/abuild/rpmbuild/BUILDROOT/perl-PathTools-3.80-1.oe1.riscv64/usr/lib64/perl5/vendor_perl/File/Spec.pm
[ 1508s] Installing /home/abuild/rpmbuild/BUILDROOT/perl-PathTools-3.80-1.oe1.riscv64/usr/lib64/perl5/vendor_perl/File/Spec/AmigaOS.pm
[ 1508s] Installing /home/abuild/rpmbuild/BUILDROOT/perl-PathTools-3.80-1.oe1.riscv64/usr/lib64/perl5/vendor_perl/File/Spec/Unix.pm
[ 1508s] Installing /home/abuild/rpmbuild/BUILDROOT/perl-PathTools-3.80-1.oe1.riscv64/usr/lib64/perl5/vendor_perl/File/Spec/Epoc.pm
[ 1508s] Installing /home/abuild/rpmbuild/BUILDROOT/perl-PathTools-3.80-1.oe1.riscv64/usr/lib64/perl5/vendor_perl/File/Spec/Win32.pm
[ 1508s] Installing /home/abuild/rpmbuild/BUILDROOT/perl-PathTools-3.80-1.oe1.riscv64/usr/lib64/perl5/vendor_perl/File/Spec/Functions.pm
[ 1508s] Installing /home/abuild/rpmbuild/BUILDROOT/perl-PathTools-3.80-1.oe1.riscv64/usr/lib64/perl5/vendor_perl/File/Spec/Mac.pm
[ 1508s] Installing /home/abuild/rpmbuild/BUILDROOT/perl-PathTools-3.80-1.oe1.riscv64/usr/lib64/perl5/vendor_perl/File/Spec/OS2.pm
[ 1508s] Installing /home/abuild/rpmbuild/BUILDROOT/perl-PathTools-3.80-1.oe1.riscv64/usr/lib64/perl5/vendor_perl/File/Spec/Cygwin.pm
[ 1508s] Installing /home/abuild/rpmbuild/BUILDROOT/perl-PathTools-3.80-1.oe1.riscv64/usr/lib64/perl5/vendor_perl/File/Spec/VMS.pm
[ 1508s] Installing /home/abuild/rpmbuild/BUILDROOT/perl-PathTools-3.80-1.oe1.riscv64/usr/share/man/man3/Cwd.3pm
[ 1508s] Installing /home/abuild/rpmbuild/BUILDROOT/perl-PathTools-3.80-1.oe1.riscv64/usr/share/man/man3/File::Spec.3pm
[ 1508s] Installing /home/abuild/rpmbuild/BUILDROOT/perl-PathTools-3.80-1.oe1.riscv64/usr/share/man/man3/File::Spec::AmigaOS.3pm
[ 1508s] Installing /home/abuild/rpmbuild/BUILDROOT/perl-PathTools-3.80-1.oe1.riscv64/usr/share/man/man3/File::Spec::Cygwin.3pm
[ 1508s] Installing /home/abuild/rpmbuild/BUILDROOT/perl-PathTools-3.80-1.oe1.riscv64/usr/share/man/man3/File::Spec::Epoc.3pm
[ 1508s] Installing /home/abuild/rpmbuild/BUILDROOT/perl-PathTools-3.80-1.oe1.riscv64/usr/share/man/man3/File::Spec::Functions.3pm
[ 1508s] Installing /home/abuild/rpmbuild/BUILDROOT/perl-PathTools-3.80-1.oe1.riscv64/usr/share/man/man3/File::Spec::Mac.3pm
[ 1508s] Installing /home/abuild/rpmbuild/BUILDROOT/perl-PathTools-3.80-1.oe1.riscv64/usr/share/man/man3/File::Spec::OS2.3pm
[ 1508s] Installing /home/abuild/rpmbuild/BUILDROOT/perl-PathTools-3.80-1.oe1.riscv64/usr/share/man/man3/File::Spec::Unix.3pm
[ 1508s] Installing /home/abuild/rpmbuild/BUILDROOT/perl-PathTools-3.80-1.oe1.riscv64/usr/share/man/man3/File::Spec::VMS.3pm
[ 1508s] Installing /home/abuild/rpmbuild/BUILDROOT/perl-PathTools-3.80-1.oe1.riscv64/usr/share/man/man3/File::Spec::Win32.3pm
[ 1508s] + find /home/abuild/rpmbuild/BUILDROOT/perl-PathTools-3.80-1.oe1.riscv64 -type f -name .packlist -delete
[ 1508s] + /usr/bin/chmod -Rf a+rX,u+w,g-w,o-w -c /home/abuild/rpmbuild/BUILDROOT/perl-PathTools-3.80-1.oe1.riscv64
[ 1508s] mode of '/home/abuild/rpmbuild/BUILDROOT/perl-PathTools-3.80-1.oe1.riscv64/usr/lib64/perl5/vendor_perl/File/Spec/AmigaOS.pm' changed from 0444 (r--r--r--) to 0644 (rw-r--r--)
[ 1508s] mode of '/home/abuild/rpmbuild/BUILDROOT/perl-PathTools-3.80-1.oe1.riscv64/usr/lib64/perl5/vendor_perl/File/Spec/Unix.pm' changed from 0444 (r--r--r--) to 0644 (rw-r--r--)
[ 1508s] mode of '/home/abuild/rpmbuild/BUILDROOT/perl-PathTools-3.80-1.oe1.riscv64/usr/lib64/perl5/vendor_perl/File/Spec/Epoc.pm' changed from 0444 (r--r--r--) to 0644 (rw-r--r--)
[ 1508s] mode of '/home/abuild/rpmbuild/BUILDROOT/perl-PathTools-3.80-1.oe1.riscv64/usr/lib64/perl5/vendor_perl/File/Spec/Win32.pm' changed from 0444 (r--r--r--) to 0644 (rw-r--r--)
[ 1508s] mode of '/home/abuild/rpmbuild/BUILDROOT/perl-PathTools-3.80-1.oe1.riscv64/usr/lib64/perl5/vendor_perl/File/Spec/Functions.pm' changed from 0444 (r--r--r--) to 0644 (rw-r--r--)
[ 1508s] mode of '/home/abuild/rpmbuild/BUILDROOT/perl-PathTools-3.80-1.oe1.riscv64/usr/lib64/perl5/vendor_perl/File/Spec/Mac.pm' changed from 0444 (r--r--r--) to 0644 (rw-r--r--)
[ 1508s] mode of '/home/abuild/rpmbuild/BUILDROOT/perl-PathTools-3.80-1.oe1.riscv64/usr/lib64/perl5/vendor_perl/File/Spec/OS2.pm' changed from 0444 (r--r--r--) to 0644 (rw-r--r--)
[ 1508s] mode of '/home/abuild/rpmbuild/BUILDROOT/perl-PathTools-3.80-1.oe1.riscv64/usr/lib64/perl5/vendor_perl/File/Spec/Cygwin.pm' changed from 0444 (r--r--r--) to 0644 (rw-r--r--)
[ 1508s] mode of '/home/abuild/rpmbuild/BUILDROOT/perl-PathTools-3.80-1.oe1.riscv64/usr/lib64/perl5/vendor_perl/File/Spec/VMS.pm' changed from 0444 (r--r--r--) to 0644 (rw-r--r--)
[ 1508s] mode of '/home/abuild/rpmbuild/BUILDROOT/perl-PathTools-3.80-1.oe1.riscv64/usr/lib64/perl5/vendor_perl/File/Spec.pm' changed from 0444 (r--r--r--) to 0644 (rw-r--r--)
[ 1508s] mode of '/home/abuild/rpmbuild/BUILDROOT/perl-PathTools-3.80-1.oe1.riscv64/usr/lib64/perl5/vendor_perl/auto/Cwd/Cwd.so' changed from 0555 (r-xr-xr-x) to 0755 (rwxr-xr-x)
[ 1508s] mode of '/home/abuild/rpmbuild/BUILDROOT/perl-PathTools-3.80-1.oe1.riscv64/usr/lib64/perl5/vendor_perl/Cwd.pm' changed from 0444 (r--r--r--) to 0644 (rw-r--r--)
[ 1508s] mode of '/home/abuild/rpmbuild/BUILDROOT/perl-PathTools-3.80-1.oe1.riscv64/usr/share/man/man3/Cwd.3pm' changed from 0444 (r--r--r--) to 0644 (rw-r--r--)
[ 1508s] mode of '/home/abuild/rpmbuild/BUILDROOT/perl-PathTools-3.80-1.oe1.riscv64/usr/share/man/man3/File::Spec.3pm' changed from 0444 (r--r--r--) to 0644 (rw-r--r--)
[ 1508s] mode of '/home/abuild/rpmbuild/BUILDROOT/perl-PathTools-3.80-1.oe1.riscv64/usr/share/man/man3/File::Spec::AmigaOS.3pm' changed from 0444 (r--r--r--) to 0644 (rw-r--r--)
[ 1508s] mode of '/home/abuild/rpmbuild/BUILDROOT/perl-PathTools-3.80-1.oe1.riscv64/usr/share/man/man3/File::Spec::Cygwin.3pm' changed from 0444 (r--r--r--) to 0644 (rw-r--r--)
[ 1508s] mode of '/home/abuild/rpmbuild/BUILDROOT/perl-PathTools-3.80-1.oe1.riscv64/usr/share/man/man3/File::Spec::Epoc.3pm' changed from 0444 (r--r--r--) to 0644 (rw-r--r--)
[ 1508s] mode of '/home/abuild/rpmbuild/BUILDROOT/perl-PathTools-3.80-1.oe1.riscv64/usr/share/man/man3/File::Spec::Functions.3pm' changed from 0444 (r--r--r--) to 0644 (rw-r--r--)
[ 1508s] mode of '/home/abuild/rpmbuild/BUILDROOT/perl-PathTools-3.80-1.oe1.riscv64/usr/share/man/man3/File::Spec::Mac.3pm' changed from 0444 (r--r--r--) to 0644 (rw-r--r--)
[ 1508s] mode of '/home/abuild/rpmbuild/BUILDROOT/perl-PathTools-3.80-1.oe1.riscv64/usr/share/man/man3/File::Spec::OS2.3pm' changed from 0444 (r--r--r--) to 0644 (rw-r--r--)
[ 1508s] mode of '/home/abuild/rpmbuild/BUILDROOT/perl-PathTools-3.80-1.oe1.riscv64/usr/share/man/man3/File::Spec::Unix.3pm' changed from 0444 (r--r--r--) to 0644 (rw-r--r--)
[ 1508s] mode of '/home/abuild/rpmbuild/BUILDROOT/perl-PathTools-3.80-1.oe1.riscv64/usr/share/man/man3/File::Spec::VMS.3pm' changed from 0444 (r--r--r--) to 0644 (rw-r--r--)
[ 1508s] mode of '/home/abuild/rpmbuild/BUILDROOT/perl-PathTools-3.80-1.oe1.riscv64/usr/share/man/man3/File::Spec::Win32.3pm' changed from 0444 (r--r--r--) to 0644 (rw-r--r--)
[ 1508s] + /usr/lib/rpm/find-debuginfo.sh -j8 --strict-build-id -i --build-id-seed 3.80-1.oe1 --unique-debug-suffix -3.80-1.oe1.riscv64 --unique-debug-src-base perl-PathTools-3.80-1.oe1.riscv64 -S debugsourcefiles.list /home/abuild/rpmbuild/BUILD/PathTools-3.75
[ 1509s] explicitly decompress any DWARF compressed ELF sections in /home/abuild/rpmbuild/BUILDROOT/perl-PathTools-3.80-1.oe1.riscv64/usr/lib64/perl5/vendor_perl/auto/Cwd/Cwd.so
[ 1509s] extracting debug info from /home/abuild/rpmbuild/BUILDROOT/perl-PathTools-3.80-1.oe1.riscv64/usr/lib64/perl5/vendor_perl/auto/Cwd/Cwd.so
[ 1511s] Could not find platform independent libraries <prefix>
[ 1511s] Could not find platform dependent libraries <exec_prefix>
[ 1511s] Consider setting $PYTHONHOME to <prefix>[:<exec_prefix>]
[ 1512s] Fatal Python error: initfsencoding: unable to load the file system codec
[ 1512s] ModuleNotFoundError: No module named 'encodings'
[ 1512s] 
[ 1512s] Current thread 0x0000003fc1e47020 (most recent call first):
[ 1514s] /usr/bin/gdb-add-index: line 106: 3455892 Aborted                 (core dumped) $GDB --batch -nx -iex 'set auto-load no' -ex "file $file" -ex "save gdb-index $dwarf5 $dir"
[ 1514s] gdb-add-index: gdb error generating index for /home/abuild/rpmbuild/BUILDROOT/perl-PathTools-3.80-1.oe1.riscv64/usr/lib64/perl5/vendor_perl/auto/Cwd/Cwd.so
[ 1515s] 98 blocks
[ 1515s] + /usr/lib/rpm/check-buildroot
[ 1516s] + /usr/lib/rpm/brp-ldconfig
[ 1516s] + /usr/lib/rpm/brp-compress
[ 1517s] + /usr/lib/rpm/brp-strip-static-archive /usr/bin/strip
[ 1518s] + /usr/lib/rpm/brp-python-bytecompile /usr/bin/python 1 1
[ 1519s] + /usr/lib/rpm/brp-python-hardlink
[ 1519s] Executing(%check): /bin/sh -e /var/tmp/rpm-tmp.q9qH7a
[ 1519s] + umask 022
[ 1519s] + cd /home/abuild/rpmbuild/BUILD
[ 1519s] + cd PathTools-3.75
[ 1519s] + make test
[ 1519s] "/usr/bin/perl" -MExtUtils::Command::MM -e 'cp_nonempty' -- Cwd.bs blib/arch/auto/Cwd/Cwd.bs 644
[ 1520s] PERL_DL_NONLAZY=1 "/usr/bin/perl" "-MExtUtils::Command::MM" "-MTest::Harness" "-e" "undef *Test::Harness::Switches; test_harness(0, 'blib/lib', 'blib/arch')" t/*.t
[ 1524s] Can't load '/home/abuild/rpmbuild/BUILD/PathTools-3.75/blib/arch/auto/Cwd/Cwd.so' for module Cwd: /home/abuild/rpmbuild/BUILD/PathTools-3.75/blib/arch/auto/Cwd/Cwd.so: undefined symbol: PerlLIO_readlink at /usr/lib64/perl5/DynaLoader.pm line 193.
[ 1524s]   at t/abs2rel.t line 6.
[ 1524s] Compilation failed in require at t/abs2rel.t line 6.
[ 1524s] BEGIN failed--compilation aborted at t/abs2rel.t line 6.
[ 1524s] t/abs2rel.t ........ 
[ 1524s] Dubious, test returned 2 (wstat 512, 0x200)
[ 1524s] No subtests run 
[ 1525s] Can't load '/home/abuild/rpmbuild/BUILD/PathTools-3.75/blib/arch/auto/Cwd/Cwd.so' for module Cwd: /home/abuild/rpmbuild/BUILD/PathTools-3.75/blib/arch/auto/Cwd/Cwd.so: undefined symbol: PerlLIO_readlink at /usr/lib64/perl5/DynaLoader.pm line 193.
[ 1525s]   at /home/abuild/rpmbuild/BUILD/PathTools-3.75/blib/lib/File/Spec/Unix.pm line 4.
[ 1525s] Compilation failed in require at /home/abuild/rpmbuild/BUILD/PathTools-3.75/blib/lib/File/Spec/Unix.pm line 4.
[ 1525s] BEGIN failed--compilation aborted at /home/abuild/rpmbuild/BUILD/PathTools-3.75/blib/lib/File/Spec/Unix.pm line 4.
[ 1525s] Compilation failed in require at /home/abuild/rpmbuild/BUILD/PathTools-3.75/blib/lib/File/Spec.pm line 21.
[ 1525s] Compilation failed in require at t/crossplatform.t line 4.
[ 1525s] BEGIN failed--compilation aborted at t/crossplatform.t line 4.
[ 1525s] t/crossplatform.t .. 
[ 1525s] Dubious, test returned 255 (wstat 65280, 0xff00)
[ 1525s] No subtests run 
[ 1526s] Can't load '/home/abuild/rpmbuild/BUILD/PathTools-3.75/blib/arch/auto/Cwd/Cwd.so' for module Cwd: /home/abuild/rpmbuild/BUILD/PathTools-3.75/blib/arch/auto/Cwd/Cwd.so: undefined symbol: PerlLIO_readlink at /usr/lib64/perl5/DynaLoader.pm line 193.
[ 1526s]   at t/cwd.t line 5.
[ 1526s] Compilation failed in require at t/cwd.t line 5.
[ 1526s] BEGIN failed--compilation aborted at t/cwd.t line 5.
[ 1526s] t/cwd.t ............ 
[ 1526s] Dubious, test returned 255 (wstat 65280, 0xff00)
[ 1526s] No subtests run 
[ 1526s] Can't load '/home/abuild/rpmbuild/BUILD/PathTools-3.75/blib/arch/auto/Cwd/Cwd.so' for module Cwd: /home/abuild/rpmbuild/BUILD/PathTools-3.75/blib/arch/auto/Cwd/Cwd.so: undefined symbol: PerlLIO_readlink at /usr/lib64/perl5/DynaLoader.pm line 193.
[ 1526s]   at /home/abuild/rpmbuild/BUILD/PathTools-3.75/blib/lib/File/Spec/Unix.pm line 4.
[ 1526s] Compilation failed in require at /home/abuild/rpmbuild/BUILD/PathTools-3.75/blib/lib/File/Spec/Unix.pm line 4.
[ 1526s] BEGIN failed--compilation aborted at /home/abuild/rpmbuild/BUILD/PathTools-3.75/blib/lib/File/Spec/Unix.pm line 4.
[ 1526s] Compilation failed in require at /home/abuild/rpmbuild/BUILD/PathTools-3.75/blib/lib/File/Spec.pm line 21.
[ 1526s] Compilation failed in require at /usr/share/perl5/vendor_perl/File/Temp.pm line 147.
[ 1526s] BEGIN failed--compilation aborted at /usr/share/perl5/vendor_perl/File/Temp.pm line 147.
[ 1526s] Compilation failed in require at t/cwd_enoent.t line 6.
[ 1526s] BEGIN failed--compilation aborted at t/cwd_enoent.t line 6.
[ 1526s] t/cwd_enoent.t ..... 
[ 1526s] Dubious, test returned 2 (wstat 512, 0x200)
[ 1526s] No subtests run 
[ 1529s] 
[ 1529s] #   Failed test 'use File::Spec::Functions;'
[ 1529s] #   at t/Functions.t line 4.
[ 1529s] #     Tried to use 'File::Spec::Functions'.
[ 1529s] #     Error:  Can't load '/home/abuild/rpmbuild/BUILD/PathTools-3.75/blib/arch/auto/Cwd/Cwd.so' for module Cwd: /home/abuild/rpmbuild/BUILD/PathTools-3.75/blib/arch/auto/Cwd/Cwd.so: undefined symbol: PerlLIO_readlink at /usr/lib64/perl5/DynaLoader.pm line 193.
[ 1529s] #   at /home/abuild/rpmbuild/BUILD/PathTools-3.75/blib/lib/File/Spec/Unix.pm line 4.
[ 1529s] # Compilation failed in require at /home/abuild/rpmbuild/BUILD/PathTools-3.75/blib/lib/File/Spec/Unix.pm line 4.
[ 1529s] # BEGIN failed--compilation aborted at /home/abuild/rpmbuild/BUILD/PathTools-3.75/blib/lib/File/Spec/Unix.pm line 4.
[ 1529s] # Compilation failed in require at /home/abuild/rpmbuild/BUILD/PathTools-3.75/blib/lib/File/Spec.pm line 21.
[ 1529s] # Compilation failed in require at /home/abuild/rpmbuild/BUILD/PathTools-3.75/blib/lib/File/Spec/Functions.pm line 3.
[ 1529s] # BEGIN failed--compilation aborted at /home/abuild/rpmbuild/BUILD/PathTools-3.75/blib/lib/File/Spec/Functions.pm line 3.
[ 1529s] # Compilation failed in require at t/Functions.t line 4.
[ 1529s] # BEGIN failed--compilation aborted at t/Functions.t line 4.
[ 1529s] Undefined subroutine &main::canonpath called at t/Functions.t line 6.
[ 1529s] # Looks like your test exited with 255 just after 1.
[ 1529s] t/Functions.t ...... 
[ 1529s] Dubious, test returned 255 (wstat 65280, 0xff00)
[ 1529s] Failed 15/15 subtests 
[ 1530s] Can't load '/home/abuild/rpmbuild/BUILD/PathTools-3.75/blib/arch/auto/Cwd/Cwd.so' for module Cwd: /home/abuild/rpmbuild/BUILD/PathTools-3.75/blib/arch/auto/Cwd/Cwd.so: undefined symbol: PerlLIO_readlink at /usr/lib64/perl5/DynaLoader.pm line 193.
[ 1530s]   at /home/abuild/rpmbuild/BUILD/PathTools-3.75/blib/lib/File/Spec/Unix.pm line 4.
[ 1530s] Compilation failed in require at /home/abuild/rpmbuild/BUILD/PathTools-3.75/blib/lib/File/Spec/Unix.pm line 4.
[ 1530s] BEGIN failed--compilation aborted at /home/abuild/rpmbuild/BUILD/PathTools-3.75/blib/lib/File/Spec/Unix.pm line 4.
[ 1530s] Compilation failed in require at /home/abuild/rpmbuild/BUILD/PathTools-3.75/blib/lib/File/Spec.pm line 21.
[ 1530s] Compilation failed in require at t/rel2abs2rel.t line 6.
[ 1530s] BEGIN failed--compilation aborted at t/rel2abs2rel.t line 6.
[ 1530s] t/rel2abs2rel.t .... 
[ 1530s] Dubious, test returned 255 (wstat 65280, 0xff00)
[ 1530s] No subtests run 
[ 1531s] Can't load '/home/abuild/rpmbuild/BUILD/PathTools-3.75/blib/arch/auto/Cwd/Cwd.so' for module Cwd: /home/abuild/rpmbuild/BUILD/PathTools-3.75/blib/arch/auto/Cwd/Cwd.so: undefined symbol: PerlLIO_readlink at /usr/lib64/perl5/DynaLoader.pm line 193.
[ 1531s]   at /home/abuild/rpmbuild/BUILD/PathTools-3.75/blib/lib/File/Spec/Unix.pm line 4.
[ 1531s] Compilation failed in require at /home/abuild/rpmbuild/BUILD/PathTools-3.75/blib/lib/File/Spec/Unix.pm line 4.
[ 1531s] BEGIN failed--compilation aborted at /home/abuild/rpmbuild/BUILD/PathTools-3.75/blib/lib/File/Spec/Unix.pm line 4.
[ 1531s] Compilation failed in require at /home/abuild/rpmbuild/BUILD/PathTools-3.75/blib/lib/File/Spec.pm line 21.
[ 1531s] Compilation failed in require at t/Spec-taint.t line 8.
[ 1531s] BEGIN failed--compilation aborted at t/Spec-taint.t line 8.
[ 1531s] t/Spec-taint.t ..... 
[ 1531s] Dubious, test returned 255 (wstat 65280, 0xff00)
[ 1531s] No subtests run 
[ 1533s] 
[ 1533s] #   Failed test 'require File::Spec;'
[ 1533s] #   at t/Spec.t line 6.
[ 1533s] #     Tried to require 'File::Spec'.
[ 1533s] #     Error:  Can't load '/home/abuild/rpmbuild/BUILD/PathTools-3.75/blib/arch/auto/Cwd/Cwd.so' for module Cwd: /home/abuild/rpmbuild/BUILD/PathTools-3.75/blib/arch/auto/Cwd/Cwd.so: undefined symbol: PerlLIO_readlink at /usr/lib64/perl5/DynaLoader.pm line 193.
[ 1533s] #   at /home/abuild/rpmbuild/BUILD/PathTools-3.75/blib/lib/File/Spec/Unix.pm line 4.
[ 1533s] # Compilation failed in require at /home/abuild/rpmbuild/BUILD/PathTools-3.75/blib/lib/File/Spec/Unix.pm line 4.
[ 1533s] # BEGIN failed--compilation aborted at /home/abuild/rpmbuild/BUILD/PathTools-3.75/blib/lib/File/Spec/Unix.pm line 4.
[ 1533s] # Compilation failed in require at /home/abuild/rpmbuild/BUILD/PathTools-3.75/blib/lib/File/Spec.pm line 21.
[ 1533s] # Compilation failed in require at (eval 8) line 2.
[ 1533s] Attempt to reload Cwd.pm aborted.
[ 1533s] Compilation failed in require at t/Spec.t line 8.
[ 1533s] # Tests were run but no plan was declared and done_testing() was not seen.
[ 1533s] # Looks like your test exited with 255 just after 1.
[ 1533s] t/Spec.t ........... 
[ 1533s] Dubious, test returned 255 (wstat 65280, 0xff00)
[ 1533s] Failed 1/1 subtests 
[ 1534s] Can't load '/home/abuild/rpmbuild/BUILD/PathTools-3.75/blib/arch/auto/Cwd/Cwd.so' for module Cwd: /home/abuild/rpmbuild/BUILD/PathTools-3.75/blib/arch/auto/Cwd/Cwd.so: undefined symbol: PerlLIO_readlink at /usr/lib64/perl5/DynaLoader.pm line 193.
[ 1534s]   at t/taint.t line 6.
[ 1534s] Compilation failed in require at t/taint.t line 6.
[ 1534s] BEGIN failed--compilation aborted at t/taint.t line 6.
[ 1534s] t/taint.t .......... 
[ 1534s] Dubious, test returned 255 (wstat 65280, 0xff00)
[ 1534s] No subtests run 
[ 1536s] Can't load '/home/abuild/rpmbuild/BUILD/PathTools-3.75/blib/arch/auto/Cwd/Cwd.so' for module Cwd: /home/abuild/rpmbuild/BUILD/PathTools-3.75/blib/arch/auto/Cwd/Cwd.so: undefined symbol: PerlLIO_readlink at /usr/lib64/perl5/DynaLoader.pm line 193.
[ 1536s]   at /home/abuild/rpmbuild/BUILD/PathTools-3.75/blib/lib/File/Spec/Unix.pm line 4.
[ 1536s] Compilation failed in require at /home/abuild/rpmbuild/BUILD/PathTools-3.75/blib/lib/File/Spec/Unix.pm line 4.
[ 1536s] BEGIN failed--compilation aborted at /home/abuild/rpmbuild/BUILD/PathTools-3.75/blib/lib/File/Spec/Unix.pm line 4.
[ 1536s] Compilation failed in require at /home/abuild/rpmbuild/BUILD/PathTools-3.75/blib/lib/File/Spec.pm line 21.
[ 1536s] Compilation failed in require at t/tmpdir.t line 5.
[ 1536s] BEGIN failed--compilation aborted at t/tmpdir.t line 5.
[ 1536s] # Looks like your test exited with 2 before it could output anything.
[ 1536s] t/tmpdir.t ......... 
[ 1536s] Dubious, test returned 2 (wstat 512, 0x200)
[ 1536s] Failed 8/8 subtests 
[ 1536s] Can't load '/home/abuild/rpmbuild/BUILD/PathTools-3.75/blib/arch/auto/Cwd/Cwd.so' for module Cwd: /home/abuild/rpmbuild/BUILD/PathTools-3.75/blib/arch/auto/Cwd/Cwd.so: undefined symbol: PerlLIO_readlink at /usr/lib64/perl5/DynaLoader.pm line 193.
[ 1536s]   at /home/abuild/rpmbuild/BUILD/PathTools-3.75/blib/lib/File/Spec/Unix.pm line 4.
[ 1536s] Compilation failed in require at /home/abuild/rpmbuild/BUILD/PathTools-3.75/blib/lib/File/Spec/Unix.pm line 4.
[ 1536s] BEGIN failed--compilation aborted at /home/abuild/rpmbuild/BUILD/PathTools-3.75/blib/lib/File/Spec/Unix.pm line 4.
[ 1536s] Compilation failed in require at /home/abuild/rpmbuild/BUILD/PathTools-3.75/blib/lib/File/Spec.pm line 21.
[ 1536s] Compilation failed in require at t/win32.t line 3.
[ 1536s] BEGIN failed--compilation aborted at t/win32.t line 3.
[ 1536s] t/win32.t .......... 
[ 1536s] Dubious, test returned 255 (wstat 65280, 0xff00)
[ 1536s] No subtests run 
[ 1536s] 
[ 1536s] Test Summary Report
[ 1536s] -------------------
[ 1536s] t/abs2rel.t      (Wstat: 512 Tests: 0 Failed: 0)
[ 1536s]   Non-zero exit status: 2
[ 1536s]   Parse errors: No plan found in TAP output
[ 1536s] t/crossplatform.t (Wstat: 65280 Tests: 0 Failed: 0)
[ 1536s]   Non-zero exit status: 255
[ 1536s]   Parse errors: No plan found in TAP output
[ 1536s] t/cwd.t          (Wstat: 65280 Tests: 0 Failed: 0)
[ 1536s]   Non-zero exit status: 255
[ 1536s]   Parse errors: No plan found in TAP output
[ 1536s] t/cwd_enoent.t   (Wstat: 512 Tests: 0 Failed: 0)
[ 1536s]   Non-zero exit status: 2
[ 1536s]   Parse errors: No plan found in TAP output
[ 1536s] t/Functions.t    (Wstat: 65280 Tests: 1 Failed: 1)
[ 1536s]   Failed test:  1
[ 1536s]   Non-zero exit status: 255
[ 1536s]   Parse errors: Bad plan.  You planned 15 tests but ran 1.
[ 1536s] t/rel2abs2rel.t  (Wstat: 65280 Tests: 0 Failed: 0)
[ 1536s]   Non-zero exit status: 255
[ 1536s]   Parse errors: No plan found in TAP output
[ 1536s] t/Spec-taint.t   (Wstat: 65280 Tests: 0 Failed: 0)
[ 1536s]   Non-zero exit status: 255
[ 1536s]   Parse errors: No plan found in TAP output
[ 1536s] t/Spec.t         (Wstat: 65280 Tests: 1 Failed: 1)
[ 1536s]   Failed test:  1
[ 1536s]   Non-zero exit status: 255
[ 1536s]   Parse errors: No plan found in TAP output
[ 1536s] t/taint.t        (Wstat: 65280 Tests: 0 Failed: 0)
[ 1536s]   Non-zero exit status: 255
[ 1536s]   Parse errors: No plan found in TAP output
[ 1536s] t/tmpdir.t       (Wstat: 512 Tests: 0 Failed: 0)
[ 1536s]   Non-zero exit status: 2
[ 1536s]   Parse errors: Bad plan.  You planned 8 tests but ran 0.
[ 1536s] t/win32.t        (Wstat: 65280 Tests: 0 Failed: 0)
[ 1536s]   Non-zero exit status: 255
[ 1536s]   Parse errors: No plan found in TAP output
[ 1536s] Files=11, Tests=2, 14 wallclock secs ( 1.00 usr  0.36 sys + 11.43 cusr  2.09 csys = 14.88 CPU)
[ 1536s] Result: FAIL
[ 1536s] Failed 11/11 test programs. 2/2 subtests failed.
[ 1536s] make: *** [Makefile:1090: test_dynamic] Error 255
[ 1536s] error: Bad exit status from /var/tmp/rpm-tmp.q9qH7a (%check)
[ 1536s] 
[ 1536s] 
[ 1536s] RPM build errors:
[ 1536s]     Bad exit status from /var/tmp/rpm-tmp.q9qH7a (%check)
[ 1537s] 
[ 1537s] oe-RISCV-worker23 failed "build perl-PathTools.spec" at Sat Apr 23 08:08:40 UTC 2022.
[ 1537s] 
