[    0s] Memory limit set to 10955196KB
[    0s] Using BUILD_ROOT=/var/cache/obs/worker/root_1
[    0s] Using BUILD_ARCH=riscv64
[    0s] 
[    3s] 
[    4s] oe-RISCV-worker21 started "build _service:extract_file:perl-bignum.spec" at Sat Apr 23 08:29:59 UTC 2022.
[    4s] 
[    4s] Building perl-bignum for project 'openEuler:Mainline:RISC-V' repository 'advanced_riscv64' arch 'riscv64' srcmd5 '0a0137cbf6b31698b773a3dc1336b5c4'
[    4s] 
[    4s] processing recipe /var/cache/obs/worker/root_1/.build-srcdir/_service:extract_file:perl-bignum.spec ...
[    7s] running changelog2spec --target rpm --file /var/cache/obs/worker/root_1/.build-srcdir/_service:extract_file:perl-bignum.spec
[    8s] init_buildsystem --configdir /var/run/obs/worker/1/build/configs --cachedir /var/cache/build --clean --rpmlist /var/cache/obs/worker/root_1/.build.rpmlist /var/cache/obs/worker/root_1/.build-srcdir/_service:extract_file:perl-bignum.spec build ...
[   74s] cycle: coreutils -> bash
[   74s]   breaking dependency coreutils -> bash
[   74s] cycle: coreutils -> info
[   74s]   breaking dependency coreutils -> info
[   74s] cycle: glibc -> filesystem -> coreutils
[   74s]   breaking dependency coreutils -> glibc
[   74s] cycle: glibc -> filesystem -> coreutils -> libacl
[   74s]   breaking dependency coreutils -> libacl
[   74s] cycle: glibc -> filesystem -> coreutils -> attr
[   74s]   breaking dependency coreutils -> attr
[   74s] cycle: coreutils -> libcap
[   74s]   breaking dependency coreutils -> libcap
[   74s] cycle: glibc -> filesystem -> coreutils -> openssl-libs
[   74s]   breaking dependency coreutils -> openssl-libs
[   74s] cycle: glibc -> filesystem -> coreutils -> libselinux
[   74s]   breaking dependency libselinux -> glibc
[   74s] cycle: glibc -> filesystem -> coreutils -> libselinux -> pcre2
[   74s]   breaking dependency pcre2 -> glibc
[   74s] cycle: glibc -> filesystem -> coreutils -> libselinux -> pcre2 -> readline
[   74s]   breaking dependency readline -> glibc
[   74s] cycle: glibc -> filesystem -> coreutils -> libselinux -> pcre2 -> readline -> ncurses-libs
[   74s]   breaking dependency filesystem -> coreutils
[   74s] cycle: glibc -> filesystem -> bash -> coreutils -> libselinux -> pcre2 -> readline -> ncurses-libs
[   74s]   breaking dependency filesystem -> bash
[   74s] cycle: perl-Carp -> perl-libs
[   74s]   breaking dependency perl-libs -> perl-Carp
[   74s] cycle: perl-libs -> perl-Exporter
[   74s]   breaking dependency perl-libs -> perl-Exporter
[   74s] cycle: perl-Carp -> perl-Exporter
[   74s]   breaking dependency perl-Exporter -> perl-Carp
[   74s] cycle: nss-util -> nss
[   74s]   breaking dependency nss -> nss-util
[   74s] cycle: nss-softokn -> nss-util -> nss
[   74s]   breaking dependency nss -> nss-softokn
[   74s] cycle: systemd -> cryptsetup -> device-mapper
[   74s]   breaking dependency systemd -> cryptsetup
[   74s] cycle: audit -> systemd -> pam
[   74s]   breaking dependency systemd -> pam
[   74s] [1/84] preinstalling dbus...
[   75s] [2/84] preinstalling libffi-devel...
[   76s] [3/84] preinstalling nodejs-source-map...
[   76s] [4/84] preinstalling python3-pip...
[   79s] [5/84] preinstalling python3-setuptools_scm...
[   80s] [6/84] preinstalling filesystem...
[   82s] [7/84] preinstalling glibc...
[   85s] [8/84] preinstalling libgcc...
[   86s] [9/84] preinstalling diffutils...
[   87s] [10/84] preinstalling libcap-ng...
[   88s] [11/84] preinstalling libgpg-error...
[   89s] [12/84] preinstalling libpcap...
[   90s] [13/84] preinstalling libsmartcols...
[   91s] [14/84] preinstalling libuuid...
[   91s] [15/84] preinstalling libxcrypt...
[   92s] [16/84] preinstalling lz4...
[   93s] [17/84] preinstalling m4...
[   94s] [18/84] preinstalling ncurses-libs...
[   95s] [19/84] preinstalling nspr...
[   95s] [20/84] preinstalling xz-libs...
[   96s] [21/84] preinstalling zlib...
[   97s] [22/84] preinstalling attr...
[   98s] [23/84] preinstalling libdb...
[  101s] [24/84] preinstalling zstd...
[  102s] [25/84] preinstalling audit-libs...
[  103s] [26/84] preinstalling file...
[  104s] [27/84] preinstalling iptables-libs...
[  105s] [28/84] preinstalling libacl...
[  106s] [29/84] preinstalling libgcrypt...
[  107s] [30/84] preinstalling openssl-libs...
[  108s] [31/84] preinstalling readline...
[  109s] [32/84] preinstalling ncurses...
[  114s] [33/84] preinstalling cmake...
[  124s] [34/84] preinstalling perl-libs...
[  127s] [35/84] preinstalling pcre2...
[  128s] [36/84] preinstalling perl-Exporter...
[  129s] [37/84] preinstalling pcre...
[  130s] [38/84] preinstalling acl...
[  130s] [39/84] preinstalling sqlite...
[  132s] [40/84] preinstalling libselinux...
[  133s] [41/84] preinstalling perl-Carp...
[  133s] [42/84] preinstalling perl-Digest-MD5...
[  134s] [43/84] preinstalling sed...
[  135s] [44/84] preinstalling coreutils...
[  138s] [45/84] preinstalling bash...
[  140s] [46/84] preinstalling openssl...
[  141s] [47/84] preinstalling dnf...
[  142s] [48/84] preinstalling bzip2...
[  143s] [49/84] preinstalling hostname...
[  143s] [50/84] preinstalling libcap...
[  144s] [51/84] preinstalling popt...
[  145s] [52/84] preinstalling elfutils...
[  146s] [53/84] preinstalling grep...
[  147s] [54/84] preinstalling libblkid...
[  148s] [55/84] preinstalling perl-constant...
[  149s] [56/84] preinstalling tar...
[  150s] [57/84] preinstalling info...
[  151s] [58/84] preinstalling libgcrypt-devel...
[  152s] [59/84] preinstalling lua...
[  153s] [60/84] preinstalling nss...
[  154s] [61/84] preinstalling chkconfig...
[  155s] [62/84] preinstalling copy-jdk-configs...
[  156s] [63/84] preinstalling libfdisk...
[  157s] [64/84] preinstalling libmount...
[  158s] [65/84] preinstalling libsemanage...
[  159s] [66/84] preinstalling nss-util...
[  160s] [67/84] preinstalling findutils...
[  161s] [68/84] preinstalling perl-Getopt-Long...
[  162s] [69/84] preinstalling xz...
[  163s] [70/84] preinstalling perl-Data-Dumper...
[  163s] [71/84] preinstalling systemd-libs...
[  164s] [72/84] preinstalling rpm-libs...
[  165s] [73/84] preinstalling dbus-libs...
[  166s] [74/84] preinstalling nss-softokn...
[  168s] [75/84] preinstalling glib2...
[  172s] [76/84] preinstalling systemd...
[  176s] [77/84] preinstalling audit...
[  177s] [78/84] preinstalling rpm...
[  179s] [79/84] preinstalling openEuler-rpm-config...
[  180s] [80/84] preinstalling pam...
[  181s] [81/84] preinstalling util-linux...
[  184s] [82/84] preinstalling device-mapper...
[  185s] [83/84] preinstalling cryptsetup...
[  187s] [84/84] preinstalling lvm2...
[  189s] 
[  191s] initializing rpm db...
[  202s] reordering...cycle: bash -> coreutils
[  202s]   breaking dependency coreutils -> bash
[  202s] cycle: bash -> coreutils -> info
[  202s]   breaking dependency coreutils -> info
[  202s] cycle: glibc -> basesystem -> filesystem -> bash -> coreutils -> gmp
[  202s]   breaking dependency filesystem -> bash
[  202s] cycle: glibc -> basesystem -> filesystem -> coreutils -> gmp
[  202s]   breaking dependency coreutils -> gmp
[  202s] cycle: glibc -> basesystem -> filesystem -> coreutils
[  202s]   breaking dependency coreutils -> glibc
[  202s] cycle: glibc -> basesystem -> filesystem -> coreutils -> libacl
[  202s]   breaking dependency coreutils -> libacl
[  202s] cycle: glibc -> basesystem -> filesystem -> coreutils -> attr
[  202s]   breaking dependency coreutils -> attr
[  202s] cycle: coreutils -> libcap -> bash
[  202s]   breaking dependency coreutils -> libcap
[  202s] cycle: glibc -> basesystem -> filesystem -> coreutils -> openssl-libs
[  202s]   breaking dependency openssl-libs -> glibc
[  202s] cycle: coreutils -> openssl-libs -> ca-certificates -> bash
[  202s]   breaking dependency ca-certificates -> bash
[  202s] cycle: coreutils -> openssl-libs -> ca-certificates
[  202s]   breaking dependency ca-certificates -> coreutils
[  202s] cycle: coreutils -> openssl-libs -> ca-certificates -> grep -> bash
[  202s]   breaking dependency grep -> bash
[  202s] cycle: coreutils -> openssl-libs -> ca-certificates -> grep
[  202s]   breaking dependency ca-certificates -> grep
[  202s] cycle: glibc -> basesystem -> filesystem -> coreutils -> openssl-libs -> ca-certificates -> p11-kit
[  202s]   breaking dependency p11-kit -> glibc
[  202s] cycle: glibc -> basesystem -> filesystem -> coreutils -> openssl-libs -> ca-certificates -> p11-kit -> libffi
[  202s]   breaking dependency openssl-libs -> ca-certificates
[  202s] cycle: coreutils -> openssl-libs -> crypto-policies -> bash
[  202s]   breaking dependency crypto-policies -> bash
[  202s] cycle: coreutils -> openssl-libs -> crypto-policies
[  202s]   breaking dependency crypto-policies -> coreutils
[  202s] cycle: coreutils -> openssl-libs -> crypto-policies -> grep
[  202s]   breaking dependency grep -> coreutils
[  202s] cycle: glibc -> basesystem -> filesystem -> coreutils -> openssl-libs -> crypto-policies -> grep
[  202s]   breaking dependency glibc -> basesystem
[  202s] cycle: glibc -> glibc-common -> bash -> coreutils -> openssl-libs -> crypto-policies -> grep
[  202s]   breaking dependency glibc-common -> bash
[  202s] cycle: glibc -> glibc-common -> coreutils -> openssl-libs -> crypto-policies -> grep
[  202s]   breaking dependency glibc-common -> coreutils
[  202s] cycle: glibc -> glibc-common
[  202s]   breaking dependency glibc-common -> glibc
[  202s] cycle: glibc -> glibc-common -> libselinux
[  202s]   breaking dependency libselinux -> glibc
[  202s] cycle: glibc -> glibc-common -> libselinux -> pcre2
[  202s]   breaking dependency pcre2 -> glibc
[  202s] cycle: glibc -> glibc-common -> libselinux -> pcre2 -> readline
[  202s]   breaking dependency readline -> glibc
[  202s] cycle: glibc -> glibc-common -> libselinux -> pcre2 -> readline -> ncurses-libs
[  202s]   breaking dependency libselinux -> pcre2
[  202s] cycle: glibc -> glibc-common -> libselinux -> libsepol -> bash -> coreutils -> openssl-libs -> crypto-policies -> grep
[  202s]   breaking dependency bash -> coreutils
[  202s] cycle: glibc -> glibc-common -> libselinux -> libsepol -> bash -> filesystem -> coreutils -> openssl-libs -> crypto-policies -> grep
[  202s]   breaking dependency libsepol -> bash
[  202s] cycle: glibc -> glibc-common -> libselinux -> libsepol -> coreutils -> openssl-libs -> crypto-policies -> grep
[  202s]   breaking dependency coreutils -> openssl-libs
[  202s] cycle: libselinux -> libsepol -> coreutils
[  202s]   breaking dependency libsepol -> coreutils
[  202s] cycle: glibc -> glibc-common -> libselinux -> libsepol
[  202s]   breaking dependency glibc -> glibc-common
[  202s] cycle: glibc -> filesystem -> coreutils -> libselinux -> libsepol
[  202s]   breaking dependency filesystem -> coreutils
[  202s] cycle: filesystem -> setup
[  202s]   breaking dependency filesystem -> setup
[  202s] cycle: systemd -> cryptsetup -> device-mapper
[  202s]   breaking dependency systemd -> cryptsetup
[  202s] cycle: perl-libs -> perl-Carp
[  202s]   breaking dependency perl-libs -> perl-Carp
[  202s] cycle: perl-libs -> perl-Exporter
[  202s]   breaking dependency perl-libs -> perl-Exporter
[  202s] cycle: perl-Carp -> perl-Exporter
[  202s]   breaking dependency perl-Exporter -> perl-Carp
[  202s] cycle: perl -> perl-PathTools
[  202s]   breaking dependency perl -> perl-PathTools
[  202s] cycle: perl -> perl-ExtUtils-MakeMaker
[  202s]   breaking dependency perl -> perl-ExtUtils-MakeMaker
[  202s] cycle: perl -> perl-File-Path -> perl-PathTools
[  202s]   breaking dependency perl -> perl-File-Path
[  202s] cycle: perl -> perl-Getopt-Long -> perl-Pod-Usage
[  202s]   breaking dependency perl -> perl-Getopt-Long
[  202s] cycle: perl -> perl-Locale-Maketext
[  202s]   breaking dependency perl -> perl-Locale-Maketext
[  202s] cycle: perl -> perl-Pod-Simple
[  202s]   breaking dependency perl -> perl-Pod-Simple
[  202s] cycle: perl -> perl-Socket
[  202s]   breaking dependency perl -> perl-Socket
[  202s] cycle: perl -> perl-Storable
[  202s]   breaking dependency perl -> perl-Storable
[  202s] cycle: perl -> perl-Text-Tabs+Wrap
[  202s]   breaking dependency perl -> perl-Text-Tabs+Wrap
[  202s] cycle: perl -> perl-Time-Local -> perl-constant
[  202s]   breaking dependency perl -> perl-Time-Local
[  202s] cycle: perl -> perl-constant
[  202s]   breaking dependency perl -> perl-constant
[  202s] cycle: perl -> perl-threads
[  202s]   breaking dependency perl -> perl-threads
[  202s] cycle: perl -> perl-threads-shared
[  202s]   breaking dependency perl -> perl-threads-shared
[  202s] cycle: perl -> perl-Archive-Tar
[  202s]   breaking dependency perl -> perl-Archive-Tar
[  202s] cycle: perl -> perl-B-Debug
[  202s]   breaking dependency perl -> perl-B-Debug
[  202s] cycle: perl -> perl-CPAN-Meta -> perl-CPAN-Meta-Requirements
[  202s]   breaking dependency perl -> perl-CPAN-Meta
[  202s] cycle: perl -> perl-CPAN-Meta-Requirements
[  202s]   breaking dependency perl -> perl-CPAN-Meta-Requirements
[  202s] cycle: perl -> perl-CPAN-Meta-YAML
[  202s]   breaking dependency perl -> perl-CPAN-Meta-YAML
[  202s] cycle: perl -> perl-Compress-Raw-Bzip2
[  202s]   breaking dependency perl -> perl-Compress-Raw-Bzip2
[  202s] cycle: perl -> perl-Compress-Raw-Zlib
[  202s]   breaking dependency perl -> perl-Compress-Raw-Zlib
[  202s] cycle: perl -> perl-Config-Perl-V
[  202s]   breaking dependency perl -> perl-Config-Perl-V
[  202s] cycle: perl -> perl-DB_File
[  202s]   breaking dependency perl -> perl-DB_File
[  202s] cycle: perl -> perl-Data-Dumper
[  202s]   breaking dependency perl -> perl-Data-Dumper
[  202s] cycle: perl -> perl-Devel-PPPort
[  202s]   breaking dependency perl -> perl-Devel-PPPort
[  202s] cycle: perl -> perl-Digest -> perl-MIME-Base64
[  202s]   breaking dependency perl -> perl-Digest
[  202s] cycle: perl -> perl-Digest-MD5 -> perl-Digest -> perl-MIME-Base64
[  202s]   breaking dependency perl -> perl-Digest-MD5
[  202s] cycle: perl -> perl-Digest-SHA
[  202s]   breaking dependency perl -> perl-Digest-SHA
[  202s] cycle: perl -> perl-Encode
[  202s]   breaking dependency perl -> perl-Encode
[  202s] cycle: perl -> perl-Env
[  202s]   breaking dependency perl -> perl-Env
[  202s] cycle: perl -> perl-ExtUtils-Command
[  202s]   breaking dependency perl -> perl-ExtUtils-Command
[  202s] cycle: perl -> perl-ExtUtils-Install
[  202s]   breaking dependency perl -> perl-ExtUtils-Install
[  202s] cycle: perl -> perl-ExtUtils-Manifest
[  202s]   breaking dependency perl -> perl-ExtUtils-Manifest
[  202s] cycle: perl -> perl-ExtUtils-ParseXS
[  202s]   breaking dependency perl -> perl-ExtUtils-ParseXS
[  202s] cycle: perl -> perl-File-Fetch -> perl-PathTools
[  202s]   breaking dependency perl -> perl-File-Fetch
[  202s] cycle: perl -> perl-File-Temp -> perl-PathTools
[  202s]   breaking dependency perl -> perl-File-Temp
[  202s] cycle: perl -> perl-Filter
[  202s]   breaking dependency perl -> perl-Filter
[  202s] cycle: perl -> perl-Filter-Simple -> perl-Filter
[  202s]   breaking dependency perl -> perl-Filter-Simple
[  202s] cycle: perl -> perl-HTTP-Tiny
[  202s]   breaking dependency perl -> perl-HTTP-Tiny
[  202s] cycle: perl -> perl-IO-Compress
[  202s]   breaking dependency perl -> perl-IO-Compress
[  202s] cycle: perl -> perl-IO-Socket-IP
[  202s]   breaking dependency perl -> perl-IO-Socket-IP
[  202s] cycle: perl -> perl-IPC-Cmd -> perl-ExtUtils-MakeMaker
[  202s]   breaking dependency perl -> perl-IPC-Cmd
[  202s] cycle: perl -> perl-IPC-SysV
[  202s]   breaking dependency perl -> perl-IPC-SysV
[  202s] cycle: perl -> perl-JSON-PP
[  202s]   breaking dependency perl -> perl-JSON-PP
[  202s] cycle: perl -> perl-Locale-Codes -> perl-constant
[  202s]   breaking dependency perl -> perl-Locale-Codes
[  202s] cycle: perl -> perl-MIME-Base64
[  202s]   breaking dependency perl -> perl-MIME-Base64
[  202s] cycle: perl -> perl-Math-BigInt
[  202s]   breaking dependency perl -> perl-Math-BigInt
[  202s] cycle: perl -> perl-Math-BigInt-FastCalc -> perl-Math-BigInt
[  202s]   breaking dependency perl -> perl-Math-BigInt-FastCalc
[  202s] cycle: perl -> perl-Math-BigRat -> perl-Math-BigInt
[  202s]   breaking dependency perl -> perl-Math-BigRat
[  202s] cycle: perl -> perl-Module-CoreList
[  202s]   breaking dependency perl -> perl-Module-CoreList
[  202s] cycle: perl -> perl-Module-Load -> perl-PathTools
[  202s]   breaking dependency perl -> perl-Module-Load
[  202s] cycle: perl -> perl-Module-Load-Conditional
[  202s]   breaking dependency perl -> perl-Module-Load-Conditional
[  202s] cycle: perl -> perl-Module-Metadata
[  202s]   breaking dependency perl -> perl-Module-Metadata
[  202s] cycle: perl -> perl-Params-Check
[  202s]   breaking dependency perl -> perl-Params-Check
[  202s] cycle: perl -> perl-PerlIO-via-QuotedPrint -> perl-MIME-Base64
[  202s]   breaking dependency perl -> perl-PerlIO-via-QuotedPrint
[  202s] cycle: perl -> perl-Pod-Checker
[  202s]   breaking dependency perl -> perl-Pod-Checker
[  202s] cycle: perl -> perl-Pod-Escapes
[  202s]   breaking dependency perl -> perl-Pod-Escapes
[  202s] cycle: perl -> perl-Pod-Parser
[  202s]   breaking dependency perl -> perl-Pod-Parser
[  202s] cycle: perl -> perl-Pod-Perldoc
[  202s]   breaking dependency perl -> perl-Pod-Perldoc
[  202s] cycle: perl -> perl-Pod-Usage
[  202s]   breaking dependency perl -> perl-Pod-Usage
[  202s] cycle: perl -> perl-Sys-Syslog
[  202s]   breaking dependency perl -> perl-Sys-Syslog
[  202s] cycle: perl -> perl-Term-Cap
[  202s]   breaking dependency perl -> perl-Term-Cap
[  202s] cycle: perl -> perl-Test-Harness
[  202s]   breaking dependency perl -> perl-Test-Harness
[  202s] cycle: perl -> perl-Test-Simple
[  202s]   breaking dependency perl -> perl-Test-Simple
[  202s] cycle: perl -> perl-Text-Balanced
[  202s]   breaking dependency perl -> perl-Text-Balanced
[  202s] cycle: perl -> perl-Thread-Queue -> perl-threads-shared
[  202s]   breaking dependency perl -> perl-Thread-Queue
[  202s] cycle: perl -> perl-Unicode-Collate -> perl-PathTools
[  202s]   breaking dependency perl -> perl-Unicode-Collate
[  202s] cycle: perl -> perl-autodie
[  202s]   breaking dependency perl -> perl-autodie
[  202s] cycle: perl -> perl-bignum -> perl-Math-BigInt
[  202s]   breaking dependency perl -> perl-bignum
[  202s] cycle: perl -> perl-devel
[  202s]   breaking dependency perl -> perl-devel
[  202s] cycle: perl -> perl-Encode-devel
[  202s]   breaking dependency perl -> perl-Encode-devel
[  202s] cycle: perl -> perl-experimental
[  202s]   breaking dependency perl -> perl-experimental
[  202s] cycle: perl -> perl-libnet -> perl-Digest-MD5 -> perl-Digest -> perl-MIME-Base64
[  202s]   breaking dependency perl -> perl-libnet
[  202s] cycle: perl -> perl-podlators
[  202s]   breaking dependency perl -> perl-podlators
[  202s] cycle: perl -> perl-version
[  202s]   breaking dependency perl -> perl-version
[  202s] cycle: glib2 -> gamin
[  202s]   breaking dependency glib2 -> gamin
[  202s] cycle: systemd -> gnutls -> unbound-libs -> shadow -> pam -> audit
[  202s]   breaking dependency systemd -> gnutls
[  202s] cycle: systemd -> pam -> audit
[  202s]   breaking dependency systemd -> pam
[  202s] cycle: systemd -> shadow -> pam -> audit
[  202s]   breaking dependency systemd -> shadow
[  202s] cycle: pam -> libpwquality
[  202s]   breaking dependency pam -> libpwquality
[  202s] cycle: perl-Getopt-Long -> perl-Pod-Usage
[  202s]   breaking dependency perl-Pod-Usage -> perl-Getopt-Long
[  202s] cycle: perl-Getopt-Long -> perl-Pod-Usage -> perl-podlators -> perl-Encode
[  202s]   breaking dependency perl-podlators -> perl-Encode
[  202s] cycle: perl-Getopt-Long -> perl-Pod-Usage -> perl-podlators
[  202s]   breaking dependency perl-podlators -> perl-Getopt-Long
[  202s] cycle: perl-Getopt-Long -> perl-Pod-Usage -> perl-podlators -> perl-Pod-Simple -> perl-Encode
[  202s]   breaking dependency perl-Encode -> perl-Getopt-Long
[  202s] cycle: perl-Getopt-Long -> perl-Pod-Usage -> perl-podlators -> perl-Pod-Simple
[  202s]   breaking dependency perl-podlators -> perl-Pod-Simple
[  202s] cycle: perl-Pod-Usage -> perl-podlators
[  202s]   breaking dependency perl-podlators -> perl-Pod-Usage
[  202s] cycle: groff -> perl-Getopt-Long -> perl-Pod-Usage -> perl-Pod-Perldoc
[  202s]   breaking dependency groff -> perl-Getopt-Long
[  202s] cycle: libxcrypt-devel -> glibc-devel
[  202s]   breaking dependency glibc-devel -> libxcrypt-devel
[  202s] cycle: cmake-data -> cmake
[  202s]   breaking dependency cmake -> cmake-data
[  202s] cycle: nss-util -> nss
[  202s]   breaking dependency nss -> nss-util
[  202s] cycle: nss-softokn -> nss-util -> nss
[  202s]   breaking dependency nss -> nss-softokn
[  202s] cycle: perl-Getopt-Long -> perl-Pod-Usage -> perl-Pod-Perldoc -> perl-Pod-Simple
[  202s]   breaking dependency perl-Pod-Perldoc -> perl-Pod-Simple
[  202s] cycle: openssh -> openssh-server
[  202s]   breaking dependency openssh-server -> openssh
[  202s] cycle: git -> perl-Git
[  202s]   breaking dependency git -> perl-Git
[  202s] cycle: perl-ExtUtils-Install -> perl-ExtUtils-MakeMaker
[  202s]   breaking dependency perl-ExtUtils-MakeMaker -> perl-ExtUtils-Install
[  203s] done
[  203s] querying package ids...
[  233s] [1/343] installing cmake-filesystem-3.22.0-1.oe1
[  234s] [2/343] installing fuse-common-3.9.2-5.oe1
[  237s] [3/343] installing kernel-headers-5.10-3.oe1
[  248s] [4/343] installing libreport-filesystem-2.13.1-5.oe1
[  249s] [5/343] installing ncurses-base-6.1-14.oe1
[  250s] [6/343] installing openEuler-gpg-keys-1.0-2.5.oe1
[  252s] [7/343] installing python-setuptools-59.4.0-3.oe1
[  254s] [8/343] installing qt5-srpm-macros-5.15.2-1.oe1
[  254s] [9/343] installing tzdata-2021a-2.oe1
[  262s] [10/343] installing dnf-data-4.10.0-1.oe1
[  263s] [11/343] installing openEuler-repos-1.0-2.5.oe1
[  264s] [12/343] installing openEuler-release-20.03LTS-40.oe1
[  268s] [13/343] installing filesystem-3.9-3.oe1
[  277s] warning: group mail does not exist - using root
[  277s] [14/343] installing emacs-filesystem-1:27.1-5.oe1
[  278s] [15/343] installing libgcc-10.3.1-10.oe1
[  280s] [16/343] installing setup-2.13.3-4.oe1
[  281s] [17/343] installing glibc-2.34-74.oe1
[  291s] [18/343] installing brotli-1.0.9-2.oe1
[  293s] [19/343] installing chrpath-0.16-12.oe1
[  297s] [20/343] installing cpio-2.13-4.oe1
[  300s] [21/343] installing diffutils-3.7-4.oe1
[  301s] [22/343] installing expat-2.2.10-1.oe1
[  304s] [23/343] installing json-c-0.15-1.oe1
[  305s] [24/343] installing keyutils-libs-1.6.3-3.oe1
[  307s] [25/343] installing libICE-1.0.10-2.oe1
[  308s] [26/343] installing libXau-1.0.9-2.oe1
[  309s] [27/343] installing libaio-0.3.112-1.oe1
[  310s] [28/343] installing libargon2-20190702-1.oe1
[  311s] [29/343] installing libatomic-10.3.1-10.oe1
[  313s] [30/343] installing libcap-ng-0.7.11-1.oe1
[  314s] [31/343] installing libev-4.24-11.oe1
[  315s] [32/343] installing libffi-3.3-31.oe1
[  316s] [33/343] installing libgomp-10.3.1-10.oe1
[  318s] [34/343] installing libgpg-error-1.41-1.oe1
[  320s] [35/343] installing libnghttp2-1.42.0-1.oe1
[  321s] [36/343] installing libpcap-14:1.9.1-7.oe1
[  322s] [37/343] installing libpipeline-1.5.3-1.oe1
[  323s] [38/343] installing libsigsegv-2.11-10.oe1
[  326s] [39/343] installing libsmartcols-2.36.1-3.oe1
[  328s] [40/343] installing libtasn1-4.16.0-2.oe1
[  330s] [41/343] installing libtool-ltdl-2.4.6-34.oe1
[  335s] [42/343] installing libunistring-0.9.10-8.oe1
[  342s] [43/343] installing libuuid-2.36.1-3.oe1
[  347s] [44/343] installing libuv-1:1.40.0-1.oe1
[  348s] [45/343] installing libxcrypt-4.4.8-4.oe1
[  351s] [46/343] installing libyaml-0.2.5-1.oe1
[  352s] [47/343] installing lz4-1.9.3-1.oe1
[  353s] [48/343] installing m4-1.4.18-14.oe1
[  355s] [49/343] installing nspr-4.32.0-1.oe1
[  358s] [50/343] installing pkgconf-1.7.3-1.oe1
[  359s] [51/343] installing rhash-1.3.5-5.oe1
[  362s] [52/343] installing which-2.21-14.oe1
[  363s] [53/343] installing xz-libs-5.2.5-1.oe1
[  365s] [54/343] installing zlib-1.2.11-18.oe1
[  367s] [55/343] installing attr-2.4.48-12.oe1
[  371s] [56/343] installing basesystem-12-2.oe1
[  372s] [57/343] installing libstdc++-10.3.1-10.oe1
[  374s] [58/343] installing ncurses-libs-6.1-14.oe1
[  376s] [59/343] installing libsepol-3.1-4.oe1
[  378s] [60/343] installing libstdc++-devel-10.3.1-10.oe1
[  387s] [61/343] installing audit-libs-1:3.0-2.oe1
[  388s] [62/343] installing file-libs-5.39-6.oe1
[  392s] [63/343] installing gmp-1:6.2.1-1.oe1
[  394s] [64/343] installing iptables-libs-1.8.1-4.oe1
[  395s] [65/343] installing less-563-2.oe1
[  396s] [66/343] installing libacl-2.2.53-7.oe1
[  397s] [67/343] installing libassuan-2.5.4-1.oe1
[  399s] [68/343] installing libedit-3.1-27.oe1
[  401s] [69/343] installing libffi-devel-3.3-31.oe1
[  403s] [70/343] installing libgcrypt-1.8.7-1.oe1
[  405s] [71/343] installing libpng-2:1.6.37-1.oe1
[  406s] [72/343] installing libxcb-1.14-1.oe1
[  409s] [73/343] installing readline-8.0-2.oe1
[  411s] [74/343] installing fuse-2.9.9-6.oe1
[  412s] [75/343] installing gc-8.0.4-2.oe1
[  413s] [76/343] installing libSM-1.2.3-2.oe1
[  414s] [77/343] installing libdb-5.3.28-35.oe1
[  419s] [78/343] installing libselinux-3.1-3.oe1
[  421s] [79/343] installing libxml2-2.9.12-5.oe1
[  423s] [80/343] installing bash-5.1-1.oe1
[  426s] [81/343] installing perl-libs-4:5.28.0-435.oe1
[  431s] [82/343] installing zstd-1.4.8-2.oe1
[  434s] [83/343] installing ncurses-6.1-14.oe1
[  443s] [84/343] installing thin-provisioning-tools-0.8.5-1.oe1
[  446s] [85/343] installing perl-Fedora-VSP-0.001-10.oe1
[  448s] [86/343] installing perl-parent-1:0.237-4.oe1
[  449s] [87/343] installing perl-perlfaq-5.20180915-5.oe1
[  450s] [88/343] installing libX11-1.6.9-2.oe1
[  453s] [89/343] installing mpfr-4.1.0-2.oe1
[  455s] [90/343] installing nettle-3.6-6.oe1
[  457s] [91/343] installing pcre2-10.36-1.oe1
[  461s] [92/343] installing perl-Exporter-5.74-1.oe1
[  463s] [93/343] installing file-5.39-6.oe1
[  464s] [94/343] installing gdbm-1:1.18.1-1.oe1
[  466s] [95/343] installing patch-2.7.6-12.oe1
[  467s] [96/343] installing qrencode-4.1.1-1
[  468s] [97/343] installing sed-4.8-2.oe1
[  470s] [98/343] installing acl-2.2.53-7.oe1
[  471s] [99/343] installing libcomps-0.1.15-1.oe1
[  472s] [100/343] installing pcre-8.44-1.oe1
[  474s] [101/343] installing glibc-common-2.34-74.oe1
[  485s] [102/343] installing coreutils-8.31-4.oe1
[  494s] [103/343] installing crontabs-1.11-21.oe1
[  496s] [104/343] installing libXext-1.3.4-2.oe1
[  498s] [105/343] installing libXpm-3.5.12-11.oe1
[  500s] [106/343] installing perl-Carp-1.50-418.oe1
[  501s] [107/343] installing perl-Perl-OSType-1.010-421.oe1
[  503s] [108/343] installing perl-Term-ANSIColor-4.06-511.oe1
[  504s] [109/343] installing publicsuffix-list-20200718-1.oe1
[  506s] [110/343] installing uname-build-checks-1.0-0.4.oe1
[  508s] [111/343] installing bzip2-1.0.8-3.oe1
[  510s] [112/343] installing gzip-1.10-1.oe1
[  511s] [113/343] installing hostname-3.21-2.oe1
[  512s] [114/343] installing libcap-2.32-2.oe1
[  514s] [115/343] installing libmpc-1.2.0-2.oe1
[  516s] [116/343] installing libseccomp-2.4.3-2.oe1
[  518s] [117/343] installing npth-1.5-7.oe1
[  519s] [118/343] installing popt-1.18-1.oe1
[  522s] [119/343] installing grep-3.6-1.oe1
[  526s] [120/343] installing libXt-1.2.0-0.oe1
[  529s] [121/343] installing libblkid-2.36.1-3.oe1
[  532s] [122/343] installing libidn2-2.3.0-1.oe1
[  533s] [123/343] installing libksba-1.3.5-12.oe1
[  536s] [124/343] installing tar-2:1.32-3.oe1
[  539s] [125/343] installing tcl-1:8.6.10-3.oe1
[  545s] [126/343] installing elfutils-0.185-5.oe1
[  548s] /usr/lib/systemd/systemd-sysctl: error while loading shared libraries: libkmod.so.2: cannot open shared object file: No such file or directory
[  548s] [127/343] installing info-6.7-2.oe1
[  549s] [128/343] installing jsoncpp-1.9.4-1.oe1
[  552s] [129/343] installing libgpg-error-devel-1.41-1.oe1
[  554s] [130/343] installing lua-5.3.5-6.oe1
[  556s] [131/343] installing slang-2.3.2-8.oe1
[  562s] [132/343] installing gawk-5.1.0-1.oe1
[  564s] [133/343] installing glibc-devel-2.34-74.oe1
[  575s] [134/343] installing guile-5:2.0.14-15.oe1
[  583s] [135/343] installing zip-3.0-29.oe1
[  585s] [136/343] installing libfdisk-2.36.1-3.oe1
[  589s] [137/343] installing libxcrypt-devel-4.4.8-4.oe1
[  592s] [138/343] installing newt-0.52.21-4.oe1
[  595s] [139/343] installing perl-Text-ParseWords-3.30-419.oe1
[  596s] [140/343] installing crypto-policies-20180925-3.git71ca85f.oe1
[  604s] [141/343] installing libXmu-1.1.3-1.oe1
[  608s] [142/343] installing libmount-2.36.1-3.oe1
[  610s] [143/343] installing lua-posix-33.3.1-12.oe1
[  613s] [144/343] installing unzip-6.0-47.oe1
[  614s] [145/343] installing cracklib-2.9.7-6.oe1
[  622s] [146/343] installing e2fsprogs-1.45.6-3.oe1
[  628s] [147/343] installing findutils-2:4.7.0-7.oe1
[  631s] [148/343] installing libsemanage-3.1-4.oe1
[  633s] [149/343] installing make-1:4.2.1-15.oe1
[  636s] [150/343] installing sqlite-3.24.0-9.oe1
[  638s] [151/343] installing xz-5.2.5-1.oe1
[  642s] [152/343] installing logrotate-3.15.1-2.oe1
[  644s] [153/343] installing perl-Scalar-List-Utils-3:1.52-2.oe1
[  646s] [154/343] installing perl-Time-HiRes-1.9760-2.oe1
[  647s] [155/343] installing perl-Unicode-Normalize-1.26-419.oe1
[  650s] [156/343] installing libgcrypt-devel-1.8.7-1.oe1
[  652s] [157/343] installing cpp-10.3.1-10.oe1
[  661s] [158/343] installing gnupg2-2.2.27-2.oe1
[  666s] [159/343] installing systemd-libs-243-22.oe1
[  669s] [160/343] installing dbus-libs-1:1.12.20-3.oe1
[  672s] [161/343] installing p11-kit-0.23.22-1.oe1
[  675s] [162/343] installing procps-ng-3.3.16-15.oe1
[  677s] [163/343] installing copy-jdk-configs-4.0-1.oe1
[  678s] [164/343] installing gpgme-1.15.1-1.oe1
[  680s] [165/343] installing openssl-libs-1:1.1.1f-2.oe1
[  683s] [166/343] installing chkconfig-1.14-2.oe1
[  685s] [167/343] installing libXaw-1.0.13-13.oe1
[  687s] [168/343] installing glib2-2.66.8-1.oe1
[  694s] [169/343] installing dbus-tools-1:1.12.20-3.oe1
[  695s] [170/343] installing ima-evm-utils-libs-1.2.1-8.oe1
[  697s] [171/343] installing libevent-2.1.12-4
[  699s] [172/343] installing libcroco-0.6.12-13.oe1
[  704s] [173/343] installing fipscheck-1.5.0-7.oe1
[  707s] [174/343] installing gamin-0.1.10-38.oe1
[  710s] [175/343] installing kmod-libs-27-4.oe1
[  713s] [176/343] installing libsecret-0.18.6-5.oe1
[  715s] [177/343] installing obs-env-1.0-5.oe1
[  723s] [178/343] installing kmod-27-4.oe1
[  726s] [179/343] installing binutils-2.37-6.oe1
[  740s] [180/343] installing babeltrace-1.5.8-1.oe1
[  744s] [181/343] installing p11-kit-trust-0.23.22-1.oe1
[  746s] [182/343] installing libarchive-3.5.1-1.oe1
[  748s] [183/343] installing nodejs-libs-1:16.10.0-1.oe1
[  786s] [184/343] installing libverto-0.3.1-2.oe1
[  788s] [185/343] installing ca-certificates-2020.2.46-2.oe1
[  797s] [186/343] installing gettext-0.20.1-2.oe1
[  802s] [187/343] installing gcc-10.3.1-10.oe1
[  824s] [188/343] installing rpm-libs-4.15.1-25.oe1
[  827s] [189/343] installing python-pip-wheel-19.2.3-2.fc32
[  828s] [190/343] installing libmodulemd-2.13.0-1.oe1
[  832s] [191/343] installing gcc-c++-10.3.1-10.oe1
[  844s] [192/343] installing krb5-libs-1.18.2-3.oe1
[  851s] [193/343] installing libtirpc-1.3.1-1.oe1
[  853s] [194/343] installing cyrus-sasl-lib-2.1.27-10.oe1
[  854s] [195/343] installing libssh-0.9.5-1.oe1
[  857s] [196/343] installing openldap-2.4.46-15.oe1
[  859s] [197/343] installing libnsl2-1.3.0-2.oe1
[  862s] [198/343] installing python3-3.8.5-13.oe1
[  895s] [199/343] installing python3-pyparsing-2.4.5-1.fc32
[  899s] [200/343] installing python3-setuptools-59.4.0-3.oe1
[  906s] [201/343] installing python3-setuptools_scm-3.3.3-6.fc32
[  911s] [202/343] installing python3-gpgme-1.15.1-1.oe1
[  918s] [203/343] installing python3-libcomps-0.1.15-1.oe1
[  920s] [204/343] installing libpsl-0.21.1-1.oe1
[  923s] [205/343] installing gdb-headless-9.2-5.oe1
[  930s] [206/343] installing systemtap-sdt-devel-4.1-3.oe1
[  932s] [207/343] installing gdb-9.2-5.oe1
[  934s] [208/343] installing python3-pip-19.2.3-2.fc32
[  947s] [209/343] installing libcurl-7.79.1-1.oe1
[  950s] [210/343] installing curl-7.79.1-1.oe1
[  954s] [211/343] installing librepo-1.14.2-2.oe1
[  957s] [212/343] installing rpm-4.15.1-25.oe1
[  966s] [213/343] installing efi-srpm-macros-4-3.oe1
[  968s] [214/343] installing cmake-rpm-macros-3.22.0-1.oe1
[  970s] [215/343] installing libsolv-0.7.20-1.oe1
[  974s] [216/343] installing python3-rpm-4.15.1-25.oe1
[  977s] [217/343] installing openEuler-rpm-config-30-22.oe1
[  979s] [218/343] installing cmake-3.22.0-1.oe1
[  994s] [219/343] installing libdnf-0.65.0-2.oe1
[  998s] [220/343] installing cmake-data-3.22.0-1.oe1
[ 1017s] [221/343] installing python3-libdnf-0.65.0-2.oe1
[ 1021s] [222/343] installing perl-4:5.28.0-435.oe1
[ 1030s] [223/343] installing perl-B-Debug-1.26-4.oe1
[ 1031s] [224/343] installing perl-Env-1.04-397.oe1
[ 1033s] [225/343] installing perl-Devel-PPPort-3.42-4.oe1
[ 1035s] [226/343] installing perl-Pod-Escapes-1:1.07-419.oe1
[ 1036s] [227/343] installing perl-Text-Tabs+Wrap-2013.0523-419.oe1
[ 1038s] [228/343] installing perl-Algorithm-Diff-1.1903-14.oe1
[ 1039s] [229/343] installing perl-Params-Check-1:0.38-418.oe1
[ 1040s] [230/343] installing perl-Term-Cap-1.17-510.oe1
[ 1041s] [231/343] installing perl-TermReadKey-2.38-2.oe1
[ 1043s] [232/343] installing perl-Text-Balanced-2.03-420.oe1
[ 1044s] [233/343] installing perl-generators-1.10-11.oe1
[ 1046s] [234/343] installing perl-threads-1:2.22-419.oe1
[ 1048s] [235/343] installing openssl-1:1.1.1f-2.oe1
[ 1050s] [236/343] installing perl-Config-Perl-V-0.30-5.oe1
[ 1052s] [237/343] installing perl-Error-1:0.17029-1.oe1
[ 1054s] [238/343] installing perl-Filter-2:1.59-2.oe1
[ 1056s] [239/343] installing perl-IPC-SysV-2.07-5.oe1
[ 1059s] [240/343] installing perl-Locale-Maketext-1:1.28-1.oe1
[ 1060s] [241/343] installing perl-constant-1.33-421.oe1
[ 1062s] [242/343] installing perl-MIME-Base64-3.15-418.oe1
[ 1064s] [243/343] installing perl-CPAN-Meta-YAML-0.018-420.oe1
[ 1065s] [244/343] installing perl-Socket-4:2.029-2.oe1
[ 1067s] [245/343] installing perl-Storable-1:3.15-2.oe1
[ 1069s] [246/343] installing python3-hawkey-0.65.0-2.oe1
[ 1071s] [247/343] installing perl-PerlIO-via-QuotedPrint-0.08-397.oe1
[ 1072s] [248/343] installing perl-Digest-1.17-419.oe1
[ 1074s] [249/343] installing perl-Filter-Simple-1:0.94-1.oe1
[ 1075s] [250/343] installing perl-IO-Socket-IP-0.39-420.oe1
[ 1076s] [251/343] installing perl-Text-Diff-1.45-7.oe1
[ 1081s] [252/343] installing perl-Time-Local-2:1.280-6.oe1
[ 1084s] [253/343] installing perl-version-8:0.99.24-3.oe1
[ 1092s] [254/343] installing perl-IPC-System-Simple-1.25-19.oe1
[ 1094s] [255/343] installing perl-threads-shared-1.59-2.oe1
[ 1103s] [256/343] installing perl-Compress-Raw-Bzip2-2.100-1.oe1
[ 1119s] [257/343] installing perl-Compress-Raw-Zlib-1:2.100-1.oe1
[ 1131s] [258/343] installing perl-Locale-Codes-3.58-2.oe1
[ 1140s] [259/343] installing perl-Math-BigInt-1:1.9998.13-5.oe1
[ 1146s] [260/343] installing perl-PathTools-3.75-4.oe1
[ 1148s] [261/343] installing python3-dnf-4.10.0-1.oe1
[ 1155s] [262/343] installing perl-Data-Dumper-2.172-3.oe1
[ 1158s] [263/343] installing perl-Sys-Syslog-0.35-420.oe1
[ 1161s] [264/343] installing perl-Encode-4:2.98-9.oe1
[ 1173s] [265/343] installing autogen-5.18.16-1.oe1
[ 1187s] [266/343] installing nodejs-1:16.10.0-1.oe1
[ 1193s] [267/343] installing systemd-243-22.oe1
[ 1221s] /var/tmp/rpm-tmp.hYDTyV: line 8: groupadd: command not found
[ 1221s] /var/tmp/rpm-tmp.hYDTyV: line 10: groupadd: command not found
[ 1221s] /var/tmp/rpm-tmp.hYDTyV: line 13: groupadd: command not found
[ 1221s] /var/tmp/rpm-tmp.hYDTyV: line 16: groupadd: command not found
[ 1221s] [268/343] installing dbus-common-1:1.12.20-3.oe1
[ 1225s] [269/343] installing nodejs-source-map-0.5.6-1.oe1
[ 1227s] [270/343] installing perl-Module-Load-1:0.32-418.oe1
[ 1228s] [271/343] installing nodejs-packaging-20-1.oe1
[ 1230s] [272/343] installing dnf-4.10.0-1.oe1
[ 1234s] Failed to preset unit, unit dnf-automatic.timer does not exist.
[ 1234s] Failed to preset unit, unit dnf-automatic-notifyonly.timer does not exist.
[ 1234s] Failed to preset unit, unit dnf-automatic-download.timer does not exist.
[ 1234s] Failed to preset unit, unit dnf-automatic-install.timer does not exist.
[ 1234s] [273/343] installing perl-File-Which-1.23-1.oe1
[ 1235s] [274/343] installing perl-Thread-Queue-3.13-3.oe1
[ 1237s] [275/343] installing perl-experimental-0.020-2.oe1
[ 1239s] [276/343] installing perl-Digest-MD5-2.55-419.oe1
[ 1241s] [277/343] installing perl-File-Path-2.16-4.oe1
[ 1242s] [278/343] installing perl-Math-BigInt-FastCalc-0.500.700-4.oe1
[ 1247s] [279/343] installing perl-Module-Metadata-1.000036-3.oe1
[ 1249s] [280/343] installing perl-CPAN-Meta-Requirements-2.140-419.oe1
[ 1251s] [281/343] installing perl-Encode-devel-4:2.98-9.oe1
[ 1252s] [282/343] installing perl-HTTP-Tiny-0.076-3.oe1
[ 1253s] [283/343] installing perl-Math-BigRat-0.2614-2.oe1
[ 1255s] [284/343] installing audit-1:3.0-2.oe1
[ 1259s] [285/343] installing perl-DB_File-1.842-2.oe1
[ 1261s] [286/343] installing perl-autodie-2.29-398.oe1
[ 1262s] [287/343] installing perl-Unicode-Collate-1.25-4.oe1
[ 1267s] [288/343] installing perl-IO-Compress-2.081-6.oe1
[ 1269s] [289/343] installing perl-podlators-1:4.14-1.oe1
[ 1272s] [290/343] installing perl-ExtUtils-Command-1:7.60-1.oe1
[ 1273s] [291/343] installing perl-ExtUtils-Manifest-1:1.71-4.oe1
[ 1275s] [292/343] installing perl-bignum-0.50-4.oe1
[ 1280s] [293/343] installing perl-File-Temp-1:0.230.800-4.oe1
[ 1282s] [294/343] installing perl-libnet-3.11-420.oe1
[ 1284s] [295/343] installing pam-1.5.1-1.oe1
[ 1293s] [296/343] installing libpwquality-1.4.4-1.oe1
[ 1303s] [297/343] installing perl-File-HomeDir-1.004-4.oe1
[ 1306s] [298/343] installing shadow-2:4.8.1-5.oe1
[ 1309s] [299/343] installing perl-Test-Simple-2:1.302175-2.oe1
[ 1312s] [300/343] installing libutempter-1.1.6-16.oe1
[ 1317s] [301/343] installing unbound-libs-1.10.1-4.oe1
[ 1322s] [302/343] installing dbus-daemon-1:1.12.20-3.oe1
[ 1329s] [303/343] installing openssh-server-8.2p1-10.oe1
[ 1334s] Created symlink /etc/systemd/system/multi-user.target.wants/sshd.service -> /usr/lib/systemd/system/sshd.service.
[ 1334s] [304/343] installing groff-1.22.4-4.oe1
[ 1346s] [305/343] installing dbus-1:1.12.20-3.oe1
[ 1348s] [306/343] installing man-db-2.9.3-2.oe1
[ 1355s] [307/343] installing perl-Pod-Perldoc-1:3.28-3.oe1
[ 1356s] [308/343] installing gnutls-3.6.15-3.oe1
[ 1360s] [309/343] installing util-linux-2.36.1-3.oe1
[ 1368s] [310/343] installing nss-help-3.72.0-2.oe1
[ 1372s] [311/343] installing perl-Pod-Usage-4:1.69-418.oe1
[ 1373s] [312/343] installing device-mapper-8:1.02.172-1.oe1
[ 1378s] [313/343] installing openssh-8.2p1-10.oe1
[ 1381s] [314/343] installing perl-Getopt-Long-1:2.52-1.oe1
[ 1383s] [315/343] installing cryptsetup-2.3.3-3.oe1
[ 1387s] [316/343] installing device-mapper-event-8:1.02.172-1.oe1
[ 1390s] Created symlink /etc/systemd/system/sockets.target.wants/dm-event.socket -> /usr/lib/systemd/system/dm-event.socket.
[ 1391s] [317/343] installing nss-3.72.0-2.oe1
[ 1400s] [318/343] installing openssh-clients-8.2p1-10.oe1
[ 1403s] [319/343] installing nss-util-3.72.0-2.oe1
[ 1405s] [320/343] installing perl-ExtUtils-ParseXS-2:3.35-1.oe1
[ 1407s] [321/343] installing perl-Module-CoreList-1:5.20180920-2.oe1
[ 1408s] [322/343] installing perl-Digest-SHA-1:6.02-7.oe1
[ 1410s] [323/343] installing perl-Pod-Parser-1.63-397.oe1
[ 1412s] [324/343] installing perl-Pod-Simple-1:3.35-418.oe1
[ 1414s] [325/343] installing perl-Test-Harness-1:3.43_02-1.oe1
[ 1415s] [326/343] installing perl-Archive-Tar-2.30-421.oe1
[ 1417s] [327/343] installing perl-JSON-PP-1:4.04-2.oe1
[ 1419s] [328/343] installing lvm2-8:2.03.11-1.oe1
[ 1426s] Created symlink /etc/systemd/system/sysinit.target.wants/lvm2-lvmpolld.socket -> /usr/lib/systemd/system/lvm2-lvmpolld.socket.
[ 1426s] [329/343] installing autoconf-2.69-30.oe1
[ 1430s] [330/343] installing git-2.23.0-12.oe1
[ 1443s] [331/343] installing nss-softokn-3.72.0-2.oe1
[ 1448s] [332/343] installing perl-Pod-Checker-4:1.73-398.oe1
[ 1450s] [333/343] installing perl-Git-2.23.0-12.oe1
[ 1451s] [334/343] installing perl-CPAN-Meta-2.150010-419.oe1
[ 1456s] [335/343] installing perl-Module-Load-Conditional-0.68-418.oe1
[ 1459s] [336/343] installing automake-1.16.1-6.oe1
[ 1463s] [337/343] installing perl-ExtUtils-MakeMaker-1:7.60-1.oe1
[ 1465s] [338/343] installing perl-ExtUtils-Install-2.14-419.oe1
[ 1467s] [339/343] installing perl-IPC-Cmd-2:1.04-4.oe1
[ 1468s] [340/343] installing rpm-build-4.15.1-25.oe1
[ 1471s] [341/343] installing gcc_secure-1.0-0.9.oe1
[ 1473s] [342/343] installing perl-File-Fetch-0.56-4.oe1
[ 1475s] [343/343] installing perl-devel-4:5.28.0-435.oe1
[ 1486s] removing nis flags from /var/cache/obs/worker/root_1/etc/nsswitch.conf...
[ 1487s] now finalizing build dir...
[ 1498s] Running build time source services...
[ 1502s] Warning: spec file parser line 15: can't expand %(...)
[ 1512s] -----------------------------------------------------------------
[ 1512s] ----- building perl-bignum.spec (user abuild)
[ 1512s] -----------------------------------------------------------------
[ 1512s] -----------------------------------------------------------------
[ 1519s] + exec rpmbuild -ba --define '_srcdefattr (-,root,root)' --nosignature --define 'disturl obs://private/openEuler:Mainline:RISC-V/advanced_riscv64/0a0137cbf6b31698b773a3dc1336b5c4-perl-bignum' /home/abuild/rpmbuild/SOURCES/perl-bignum.spec
[ 1520s] Executing(%prep): /bin/sh -e /var/tmp/rpm-tmp.YSWnt8
[ 1520s] + umask 022
[ 1520s] + cd /home/abuild/rpmbuild/BUILD
[ 1520s] + cd /home/abuild/rpmbuild/BUILD
[ 1520s] + rm -rf bignum-0.63
[ 1520s] + /usr/bin/gzip -dc /home/abuild/rpmbuild/SOURCES/bignum-0.63.tar.gz
[ 1520s] + /usr/bin/tar -xof -
[ 1521s] + STATUS=0
[ 1521s] + '[' 0 -ne 0 ']'
[ 1521s] + cd bignum-0.63
[ 1521s] + /usr/bin/chmod -Rf a+rX,u+w,g-w,o-w .
[ 1521s] + RPM_EC=0
[ 1521s] ++ jobs -p
[ 1521s] + exit 0
[ 1521s] Executing(%build): /bin/sh -e /var/tmp/rpm-tmp.wMAYTE
[ 1521s] + umask 022
[ 1521s] + cd /home/abuild/rpmbuild/BUILD
[ 1521s] + cd bignum-0.63
[ 1521s] + perl Makefile.PL INSTALLDIRS=vendor NO_PACKLIST=1
[ 1524s] Warning: prerequisite Math::BigInt 1.999825 not found. We have 1.999813.
[ 1524s] Warning: prerequisite Math::BigRat 0.2618 not found. We have 0.2614.
[ 1524s] Checking if your kit is complete...
[ 1524s] Looks good
[ 1525s] Generating a Unix-style Makefile
[ 1525s] Writing Makefile for bignum
[ 1525s] Writing MYMETA.yml and MYMETA.json
[ 1525s] + /usr/bin/make -O -j8 V=1 VERBOSE=1
[ 1527s] cp lib/bigrat.pm blib/lib/bigrat.pm
[ 1527s] cp lib/Math/BigFloat/Trace.pm blib/lib/Math/BigFloat/Trace.pm
[ 1527s] cp lib/bignum.pm blib/lib/bignum.pm
[ 1527s] cp lib/Math/BigRat/Trace.pm blib/lib/Math/BigRat/Trace.pm
[ 1527s] cp lib/bigint.pm blib/lib/bigint.pm
[ 1527s] cp lib/Math/BigInt/Trace.pm blib/lib/Math/BigInt/Trace.pm
[ 1530s] Manifying 3 pod documents
[ 1530s] + RPM_EC=0
[ 1530s] ++ jobs -p
[ 1530s] + exit 0
[ 1530s] Executing(%install): /bin/sh -e /var/tmp/rpm-tmp.qJqHgK
[ 1530s] + umask 022
[ 1530s] + cd /home/abuild/rpmbuild/BUILD
[ 1530s] + '[' /home/abuild/rpmbuild/BUILDROOT/perl-bignum-0.63-1.oe1.riscv64 '!=' / ']'
[ 1530s] + rm -rf /home/abuild/rpmbuild/BUILDROOT/perl-bignum-0.63-1.oe1.riscv64
[ 1530s] ++ dirname /home/abuild/rpmbuild/BUILDROOT/perl-bignum-0.63-1.oe1.riscv64
[ 1530s] + mkdir -p /home/abuild/rpmbuild/BUILDROOT
[ 1530s] + mkdir /home/abuild/rpmbuild/BUILDROOT/perl-bignum-0.63-1.oe1.riscv64
[ 1531s] + cd bignum-0.63
[ 1531s] + make pure_install DESTDIR=/home/abuild/rpmbuild/BUILDROOT/perl-bignum-0.63-1.oe1.riscv64
[ 1533s] Manifying 3 pod documents
[ 1534s] Installing /home/abuild/rpmbuild/BUILDROOT/perl-bignum-0.63-1.oe1.riscv64/usr/share/perl5/vendor_perl/bigrat.pm
[ 1534s] Installing /home/abuild/rpmbuild/BUILDROOT/perl-bignum-0.63-1.oe1.riscv64/usr/share/perl5/vendor_perl/bignum.pm
[ 1534s] Installing /home/abuild/rpmbuild/BUILDROOT/perl-bignum-0.63-1.oe1.riscv64/usr/share/perl5/vendor_perl/bigint.pm
[ 1534s] Installing /home/abuild/rpmbuild/BUILDROOT/perl-bignum-0.63-1.oe1.riscv64/usr/share/perl5/vendor_perl/Math/BigFloat/Trace.pm
[ 1534s] Installing /home/abuild/rpmbuild/BUILDROOT/perl-bignum-0.63-1.oe1.riscv64/usr/share/perl5/vendor_perl/Math/BigRat/Trace.pm
[ 1534s] Installing /home/abuild/rpmbuild/BUILDROOT/perl-bignum-0.63-1.oe1.riscv64/usr/share/perl5/vendor_perl/Math/BigInt/Trace.pm
[ 1534s] Installing /home/abuild/rpmbuild/BUILDROOT/perl-bignum-0.63-1.oe1.riscv64/usr/share/man/man3/bigint.3pm
[ 1534s] Installing /home/abuild/rpmbuild/BUILDROOT/perl-bignum-0.63-1.oe1.riscv64/usr/share/man/man3/bignum.3pm
[ 1534s] Installing /home/abuild/rpmbuild/BUILDROOT/perl-bignum-0.63-1.oe1.riscv64/usr/share/man/man3/bigrat.3pm
[ 1535s] + /usr/bin/chmod -Rf a+rX,u+w,g-w,o-w /home/abuild/rpmbuild/BUILDROOT/perl-bignum-0.63-1.oe1.riscv64/usr
[ 1535s] + /usr/lib/rpm/find-debuginfo.sh -j8 --strict-build-id -i --build-id-seed 0.63-1.oe1 --unique-debug-suffix -0.63-1.oe1.riscv64 --unique-debug-src-base perl-bignum-0.63-1.oe1.riscv64 -S debugsourcefiles.list /home/abuild/rpmbuild/BUILD/bignum-0.63
[ 1535s] + /usr/lib/rpm/check-buildroot
[ 1536s] + /usr/lib/rpm/brp-ldconfig
[ 1536s] + /usr/lib/rpm/brp-compress
[ 1536s] + /usr/lib/rpm/brp-strip-static-archive /usr/bin/strip
[ 1537s] + /usr/lib/rpm/brp-python-bytecompile /usr/bin/python 1 1
[ 1537s] + /usr/lib/rpm/brp-python-hardlink
[ 1538s] Executing(%check): /bin/sh -e /var/tmp/rpm-tmp.WXS7yV
[ 1538s] + umask 022
[ 1538s] + cd /home/abuild/rpmbuild/BUILD
[ 1538s] + cd bignum-0.63
[ 1538s] + make test TEST_VERBOSE=1
[ 1538s] PERL_DL_NONLAZY=1 "/usr/bin/perl" "-MExtUtils::Command::MM" "-MTest::Harness" "-e" "undef *Test::Harness::Switches; test_harness(1, 'blib/lib', 'blib/arch')" t/*.t
[ 1542s] t/00sig.t ................. skipped: Set the environment variable TEST_SIGNATURE to enable this test.
[ 1545s] # 
[ 1545s] # Testing with Perl 5.028000, /usr/bin/perl
[ 1545s] # 
[ 1545s] #      Version Module
[ 1545s] #      ------- ------
[ 1545s] #         0.63 bignum
[ 1545s] #         0.63 bigint
[ 1545s] #         0.63 bigrat
[ 1545s] #     1.999813 Math::BigInt
[ 1545s] #       0.2614 Math::BigRat
[ 1545s] #            - Math::BigInt::Lite
[ 1545s] # 
[ 1545s] t/01load.t ................ 
[ 1545s] 1..3
[ 1545s] ok 1 - use bignum;
[ 1545s] ok 2 - use bigint;
[ 1545s] ok 3 - use bigrat;
[ 1545s] ok
[ 1548s] t/bigexp.t ................ 
[ 1548s] 1..4
[ 1548s] ok 1 - ($ev) is approx. 1
[ 1548s] ok 2 - (1-$ev) is approx. 0
[ 1548s] ok 3 - (1-"$ev") is approx. 0
[ 1548s] ok 4 - $ev should not equal 0
[ 1548s] ok
[ 1551s] Can't locate object method "dec_str_to_dec_flt_str" via package "Math::BigInt" at /home/abuild/rpmbuild/BUILD/bignum-0.63/blib/lib/bigint.pm line 71.
[ 1551s] Propagated at t/bigint.t line 27, at end of line
[ 1551s] Can't locate object method "dec_str_to_dec_flt_str" via package "Math::BigInt" at /home/abuild/rpmbuild/BUILD/bignum-0.63/blib/lib/bigint.pm line 71.
[ 1551s] Propagated at t/bigint.t line 27, at end of line
[ 1551s] Can't locate object method "dec_str_to_dec_flt_str" via package "Math::BigInt" at /home/abuild/rpmbuild/BUILD/bignum-0.63/blib/lib/bigint.pm line 71.
[ 1551s] Propagated at t/bigint.t line 28, at end of line
[ 1551s] Can't locate object method "dec_str_to_dec_flt_str" via package "Math::BigInt" at /home/abuild/rpmbuild/BUILD/bignum-0.63/blib/lib/bigint.pm line 71.
[ 1551s] Propagated at t/bigint.t line 28, at end of line
[ 1551s] Execution of t/bigint.t aborted due to compilation errors.
[ 1551s] # Looks like your test exited with 255 before it could output anything.
[ 1551s] t/bigint.t ................ 
[ 1551s] 1..15
[ 1551s] Dubious, test returned 255 (wstat 65280, 0xff00)
[ 1551s] Failed 15/15 subtests 
[ 1553s] Can't locate object method "dec_str_to_dec_flt_str" via package "Math::BigInt" at /home/abuild/rpmbuild/BUILD/bignum-0.63/blib/lib/bignum.pm line 67.
[ 1553s] Propagated at t/bignum.t line 18, at end of line
[ 1553s] Can't locate object method "dec_str_to_dec_flt_str" via package "Math::BigInt" at /home/abuild/rpmbuild/BUILD/bignum-0.63/blib/lib/bignum.pm line 67.
[ 1553s] Propagated at t/bignum.t line 18, at end of line
[ 1553s] Can't locate object method "dec_str_to_dec_flt_str" via package "Math::BigInt" at /home/abuild/rpmbuild/BUILD/bignum-0.63/blib/lib/bignum.pm line 67.
[ 1553s] Propagated at t/bignum.t line 19, at end of line
[ 1553s] Can't locate object method "dec_str_to_dec_flt_str" via package "Math::BigInt" at /home/abuild/rpmbuild/BUILD/bignum-0.63/blib/lib/bignum.pm line 67.
[ 1553s] Propagated at t/bignum.t line 22, at end of line
[ 1553s] Can't locate object method "dec_str_to_dec_flt_str" via package "Math::BigInt" at /home/abuild/rpmbuild/BUILD/bignum-0.63/blib/lib/bignum.pm line 67.
[ 1553s] Propagated at t/bignum.t line 22, at end of line
[ 1553s] Can't locate object method "dec_str_to_dec_flt_str" via package "Math::BigInt" at /home/abuild/rpmbuild/BUILD/bignum-0.63/blib/lib/bignum.pm line 67.
[ 1553s] Propagated at t/bignum.t line 23, at end of line
[ 1553s] Execution of t/bignum.t aborted due to compilation errors.
[ 1553s] # Looks like your test exited with 255 before it could output anything.
[ 1553s] t/bignum.t ................ 
[ 1553s] 1..19
[ 1553s] Dubious, test returned 255 (wstat 65280, 0xff00)
[ 1553s] Failed 19/19 subtests 
[ 1556s] Can't locate object method "dec_str_to_dec_flt_str" via package "Math::BigInt" at /home/abuild/rpmbuild/BUILD/bignum-0.63/blib/lib/bigrat.pm line 67.
[ 1556s] Propagated at t/bigrat.t line 18, at end of line
[ 1556s] Can't locate object method "dec_str_to_dec_flt_str" via package "Math::BigInt" at /home/abuild/rpmbuild/BUILD/bignum-0.63/blib/lib/bigrat.pm line 67.
[ 1556s] Propagated at t/bigrat.t line 18, at end of line
[ 1556s] Can't locate object method "dec_str_to_dec_flt_str" via package "Math::BigInt" at /home/abuild/rpmbuild/BUILD/bignum-0.63/blib/lib/bigrat.pm line 67.
[ 1556s] Propagated at t/bigrat.t line 19, at end of line
[ 1556s] Can't locate object method "dec_str_to_dec_flt_str" via package "Math::BigInt" at /home/abuild/rpmbuild/BUILD/bignum-0.63/blib/lib/bigrat.pm line 67.
[ 1556s] Propagated at t/bigrat.t line 22, at end of line
[ 1556s] Can't locate object method "dec_str_to_dec_flt_str" via package "Math::BigInt" at /home/abuild/rpmbuild/BUILD/bignum-0.63/blib/lib/bigrat.pm line 67.
[ 1556s] Propagated at t/bigrat.t line 22, at end of line
[ 1556s] Can't locate object method "dec_str_to_dec_flt_str" via package "Math::BigInt" at /home/abuild/rpmbuild/BUILD/bignum-0.63/blib/lib/bigrat.pm line 67.
[ 1556s] Propagated at t/bigrat.t line 23, at end of line
[ 1556s] Can't locate object method "dec_str_to_dec_flt_str" via package "Math::BigInt" at /home/abuild/rpmbuild/BUILD/bignum-0.63/blib/lib/bigrat.pm line 67.
[ 1556s] Propagated at t/bigrat.t line 34, at end of line
[ 1556s] Can't locate object method "dec_str_to_dec_flt_str" via package "Math::BigInt" at /home/abuild/rpmbuild/BUILD/bignum-0.63/blib/lib/bigrat.pm line 67.
[ 1556s] Propagated at t/bigrat.t line 38, at end of line
[ 1556s] Can't locate object method "dec_str_to_dec_flt_str" via package "Math::BigInt" at /home/abuild/rpmbuild/BUILD/bignum-0.63/blib/lib/bigrat.pm line 67.
[ 1556s] Propagated at t/bigrat.t line 44, at end of line
[ 1556s] Can't locate object method "dec_str_to_dec_flt_str" via package "Math::BigInt" at /home/abuild/rpmbuild/BUILD/bignum-0.63/blib/lib/bigrat.pm line 67.
[ 1556s] Propagated at t/bigrat.t line 48, at end of line
[ 1556s] t/bigrat.t has too many errors.
[ 1556s] # Looks like your test exited with 255 before it could output anything.
[ 1556s] t/bigrat.t ................ 
[ 1556s] 1..29
[ 1556s] Dubious, test returned 255 (wstat 65280, 0xff00)
[ 1556s] Failed 29/29 subtests 
[ 1559s] Can't locate object method "dec_str_to_dec_flt_str" via package "Math::BigInt" at /home/abuild/rpmbuild/BUILD/bignum-0.63/blib/lib/bigint.pm line 71.
[ 1559s] Propagated at t/const-bigint.t line 83, at end of line
[ 1559s] Can't locate object method "dec_str_to_dec_flt_str" via package "Math::BigInt" at /home/abuild/rpmbuild/BUILD/bignum-0.63/blib/lib/bigint.pm line 71.
[ 1559s] Propagated at t/const-bigint.t line 89, at end of line
[ 1559s] BEGIN not safe after errors--compilation aborted at t/const-bigint.t line 214.
[ 1559s] # Looks like your test exited with 255 before it could output anything.
[ 1559s] t/const-bigint.t .......... 
[ 1559s] 1..118
[ 1559s] Dubious, test returned 255 (wstat 65280, 0xff00)
[ 1559s] Failed 118/118 subtests 
[ 1562s] Can't locate object method "dec_str_to_dec_flt_str" via package "Math::BigInt" at /home/abuild/rpmbuild/BUILD/bignum-0.63/blib/lib/bignum.pm line 67.
[ 1562s] Propagated at t/const-bignum.t line 87, at end of line
[ 1562s] Can't locate object method "dec_str_to_dec_flt_str" via package "Math::BigInt" at /home/abuild/rpmbuild/BUILD/bignum-0.63/blib/lib/bignum.pm line 67.
[ 1562s] Propagated at t/const-bignum.t line 94, at end of line
[ 1562s] BEGIN not safe after errors--compilation aborted at t/const-bignum.t line 229.
[ 1562s] # Looks like your test exited with 255 before it could output anything.
[ 1562s] t/const-bignum.t .......... 
[ 1562s] 1..171
[ 1562s] Dubious, test returned 255 (wstat 65280, 0xff00)
[ 1562s] Failed 171/171 subtests 
[ 1565s] Can't locate object method "dec_str_to_dec_flt_str" via package "Math::BigInt" at /home/abuild/rpmbuild/BUILD/bignum-0.63/blib/lib/bigrat.pm line 67.
[ 1565s] Propagated at t/const-bigrat.t line 83, at end of line
[ 1565s] Can't locate object method "dec_str_to_dec_flt_str" via package "Math::BigInt" at /home/abuild/rpmbuild/BUILD/bignum-0.63/blib/lib/bigrat.pm line 67.
[ 1565s] Propagated at t/const-bigrat.t line 89, at end of line
[ 1565s] BEGIN not safe after errors--compilation aborted at t/const-bigrat.t line 212.
[ 1565s] # Looks like your test exited with 255 before it could output anything.
[ 1565s] t/const-bigrat.t .......... 
[ 1565s] 1..170
[ 1565s] Dubious, test returned 255 (wstat 65280, 0xff00)
[ 1565s] Failed 170/170 subtests 
[ 1568s] t/e_pi-bigint.t ........... 
[ 1568s] 1..5
[ 1568s] ok 1 - e
[ 1568s] ok 2 - PI
[ 1568s] ok 3 - e
[ 1568s] ok 4 - e
[ 1568s] ok 5 - PI
[ 1568s] ok
[ 1571s] t/e_pi-bignum.t ........... 
[ 1571s] 1..4
[ 1571s] ok 1 - e
[ 1571s] ok 2 - PI
[ 1571s] ok 3 - bexp(1, 10)
[ 1571s] ok 4 - bpi(10)
[ 1571s] ok
[ 1575s] 
[ 1575s] #   Failed test 'bexp(1, 10)'
[ 1575s] #   at t/e_pi-bigrat.t line 21.
[ 1575s] #          got: '90933395208605785401971970164779391644753259799242/33452526613163807108170062053440751665152000000000'
[ 1575s] #     expected: '679570457/250000000'
[ 1575s] # Looks like you failed 1 test of 4.
[ 1575s] t/e_pi-bigrat.t ........... 
[ 1575s] 1..4
[ 1575s] ok 1 - e
[ 1575s] ok 2 - PI
[ 1575s] not ok 3 - bexp(1, 10)
[ 1575s] ok 4 - bpi(10)
[ 1575s] Dubious, test returned 1 (wstat 256, 0x100)
[ 1575s] Failed 1/4 subtests 
[ 1578s] 
[ 1578s] #   Failed test 'no warnings'
[ 1578s] #   at t/import-bigint.t line 25.
[ 1578s] #          got: 'Math::BigInt: couldn't load specified math lib(s), fallback to Math::BigInt::Calc at /home/abuild/rpmbuild/BUILD/bignum-0.63/blib/lib/bigint.pm line 366.
[ 1578s] # '
[ 1578s] #     expected: ''
[ 1578s] 
[ 1578s] #   Failed test 'no warnings'
[ 1578s] #   at t/import-bigint.t line 31.
[ 1578s] #          got: 'Math::BigInt: couldn't load specified math lib(s), fallback to Math::BigInt::Calc at /home/abuild/rpmbuild/BUILD/bignum-0.63/blib/lib/bigint.pm line 366.
[ 1578s] # '
[ 1578s] #     expected: ''
[ 1578s] 
[ 1578s] #   Failed test 'eval { bigint -> import("only" => "bar") }'
[ 1578s] #   at t/import-bigint.t line 53.
[ 1578s] #          got: 'Couldn't load specified math lib(s) and fallback disallowed at /home/abuild/rpmbuild/BUILD/bignum-0.63/blib/lib/bigint.pm line 366.
[ 1578s] # '
[ 1578s] #     expected: ''
[ 1578s] # Looks like you failed 3 tests of 21.
[ 1578s] t/import-bigint.t ......... 
[ 1578s] 1..21
[ 1578s] ok 1 - eval { bigint -> import("l" => "foo") }
[ 1578s] not ok 2 - no warnings
[ 1578s] ok 3 - eval { bigint -> import("lib" => "foo") }
[ 1578s] not ok 4 - no warnings
[ 1578s] ok 5 - eval { bigint -> import("try" => "foo") }
[ 1578s] ok 6 - no warnings
[ 1578s] ok 7 - eval { bigint -> import("try" => "foo") }
[ 1578s] ok 8 - no warnings
[ 1578s] ok 9 - eval { bigint -> import("foo" => "bar") }
[ 1578s] ok 10 - no warnings
[ 1578s] not ok 11 - eval { bigint -> import("only" => "bar") }
[ 1578s] ok 12 - no warnings
[ 1578s] ok 13 - eval { bigint -> import(L => "bar") }
[ 1578s] ok 14 - eval { bigint -> import(LIB => "bar") }
[ 1578s] ok 15 - eval { bigint -> import(Lib => "bar") }
[ 1578s] ok 16 - eval { bigint -> import(T => "bar") }
[ 1578s] ok 17 - eval { bigint -> import(Trace => "bar") }
[ 1578s] ok 18 - eval { bigint -> import(TRACE => "bar") }
[ 1578s] ok 19 - eval { bigint -> import(V => "bar") }
[ 1578s] ok 20 - eval { bigint -> import(Version => "bar") }
[ 1578s] ok 21 - eval { bigint -> import(VERSION => "bar") }
[ 1578s] Dubious, test returned 3 (wstat 768, 0x300)
[ 1578s] Failed 3/21 subtests 
[ 1581s] t/import-bignum.t ......... 
[ 1581s] 1..21
[ 1581s] ok 1 - eval { bignum -> import("l" => "foo") }
[ 1581s] ok 2 - no warnings
[ 1581s] ok 3 - eval { bignum -> import("lib" => "foo") }
[ 1581s] ok 4 - no warnings
[ 1581s] ok 5 - eval { bignum -> import("try" => "foo") }
[ 1581s] ok 6 - no warnings
[ 1581s] ok 7 - eval { bignum -> import("try" => "foo") }
[ 1581s] ok 8 - no warnings
[ 1581s] ok 9 - eval { bignum -> import("foo" => "bar") }
[ 1581s] ok 10 - no warnings
[ 1581s] ok 11 - eval { bignum -> import("only" => "bar") }
[ 1581s] ok 12 - no warnings
[ 1581s] ok 13 - eval { bignum -> import(L => "bar") }
[ 1581s] ok 14 - eval { bignum -> import(LIB => "bar") }
[ 1581s] ok 15 - eval { bignum -> import(Lib => "bar") }
[ 1581s] ok 16 - eval { bignum -> import(T => "bar") }
[ 1581s] ok 17 - eval { bignum -> import(Trace => "bar") }
[ 1581s] ok 18 - eval { bignum -> import(TRACE => "bar") }
[ 1581s] ok 19 - eval { bignum -> import(V => "bar") }
[ 1581s] ok 20 - eval { bignum -> import(Version => "bar") }
[ 1581s] ok 21 - eval { bignum -> import(VERSION => "bar") }
[ 1581s] ok
[ 1584s] 
[ 1584s] #   Failed test 'no warnings'
[ 1584s] #   at t/import-bigrat.t line 25.
[ 1584s] #          got: 'Math::BigInt: couldn't load specified math lib(s), fallback to Math::BigInt::Calc at /home/abuild/rpmbuild/BUILD/bignum-0.63/blib/lib/bigrat.pm line 342.
[ 1584s] # '
[ 1584s] #     expected: ''
[ 1584s] 
[ 1584s] #   Failed test 'no warnings'
[ 1584s] #   at t/import-bigrat.t line 31.
[ 1584s] #          got: 'Math::BigInt: couldn't load specified math lib(s), fallback to Math::BigInt::Calc at /home/abuild/rpmbuild/BUILD/bignum-0.63/blib/lib/bigrat.pm line 342.
[ 1584s] # '
[ 1584s] #     expected: ''
[ 1584s] 
[ 1584s] #   Failed test 'eval { bigrat -> import("only" => "bar") }'
[ 1584s] #   at t/import-bigrat.t line 53.
[ 1584s] #          got: 'Couldn't load specified math lib(s) and fallback disallowed at /home/abuild/rpmbuild/BUILD/bignum-0.63/blib/lib/bigrat.pm line 342.
[ 1584s] # '
[ 1584s] #     expected: ''
[ 1584s] # Looks like you failed 3 tests of 21.
[ 1585s] t/import-bigrat.t ......... 
[ 1585s] 1..21
[ 1585s] ok 1 - eval { bigrat -> import("l" => "foo") }
[ 1585s] not ok 2 - no warnings
[ 1585s] ok 3 - eval { bigrat -> import("lib" => "foo") }
[ 1585s] not ok 4 - no warnings
[ 1585s] ok 5 - eval { bigrat -> import("try" => "foo") }
[ 1585s] ok 6 - no warnings
[ 1585s] ok 7 - eval { bigrat -> import("try" => "foo") }
[ 1585s] ok 8 - no warnings
[ 1585s] ok 9 - eval { bigrat -> import("foo" => "bar") }
[ 1585s] ok 10 - no warnings
[ 1585s] not ok 11 - eval { bigrat -> import("only" => "bar") }
[ 1585s] ok 12 - no warnings
[ 1585s] ok 13 - eval { bigrat -> import(L => "bar") }
[ 1585s] ok 14 - eval { bigrat -> import(LIB => "bar") }
[ 1585s] ok 15 - eval { bigrat -> import(Lib => "bar") }
[ 1585s] ok 16 - eval { bigrat -> import(T => "bar") }
[ 1585s] ok 17 - eval { bigrat -> import(Trace => "bar") }
[ 1585s] ok 18 - eval { bigrat -> import(TRACE => "bar") }
[ 1585s] ok 19 - eval { bigrat -> import(V => "bar") }
[ 1585s] ok 20 - eval { bigrat -> import(Version => "bar") }
[ 1585s] ok 21 - eval { bigrat -> import(VERSION => "bar") }
[ 1585s] Dubious, test returned 3 (wstat 768, 0x300)
[ 1585s] Failed 3/21 subtests 
[ 1588s] t/in_effect.t ............. 
[ 1588s] 1..21
[ 1588s] ok 1 - bigint->can('in_effect')
[ 1588s] ok 2 - bigint in effect
[ 1588s] ok 3 - bignum not in effect
[ 1588s] ok 4 - bigint not in effect
[ 1588s] ok 5 - bigint not in effect
[ 1588s] ok 6 - bignum not in effect
[ 1588s] ok 7 - bigrat not in effect
[ 1588s] ok 8 - bignum->can('in_effect')
[ 1588s] ok 9 - bigint not in effect
[ 1588s] ok 10 - bignum in effect
[ 1588s] ok 11 - bigint not in effect
[ 1588s] ok 12 - bigint not in effect
[ 1588s] ok 13 - bignum not in effect
[ 1588s] ok 14 - bigrat not in effect
[ 1588s] ok 15 - bigrat->can('in_effect')
[ 1588s] ok 16 - bigint not in effect
[ 1588s] ok 17 - bignum not in effect
[ 1588s] ok 18 - bigint in effect
[ 1588s] ok 19 - bigint not in effect
[ 1588s] ok 20 - bignum not in effect
[ 1588s] ok 21 - bigrat not in effect
[ 1588s] ok
[ 1591s] t/infnan-bigint.t ......... 
[ 1591s] 1..66
[ 1591s] # inf tests
[ 1591s] # 
[ 1591s] # 
[ 1591s] # inf
[ 1591s] # 
[ 1591s] ok 1 - $x = 1 + inf makes a Math::BigInt
[ 1591s] ok 2 - $x = 1 + inf; $x->bstr() = "inf"
[ 1591s] ok 3 - $x = 1 * inf makes a Math::BigInt
[ 1591s] ok 4 - $x = 1 * inf; $x->bstr() = "inf"
[ 1591s] ok 5 - $x = inf makes a Math::BigInt
[ 1591s] ok 6 - $x = inf; $x->bstr() = "inf"
[ 1591s] ok 7 - $x = inf + inf makes a Math::BigInt
[ 1591s] ok 8 - $x = inf + inf; $x->bstr() = "inf"
[ 1591s] ok 9 - $x = inf * inf makes a Math::BigInt
[ 1591s] ok 10 - $x = inf * inf; $x->bstr() = "inf"
[ 1591s] # NaN tests
[ 1591s] ok 11 - $x = 1 + NaN makes a Math::BigInt
[ 1591s] ok 12 - $x = 1 + NaN; $x->bstr() = "NaN"
[ 1591s] ok 13 - $x = 1 * NaN makes a Math::BigInt
[ 1591s] ok 14 - $x = 1 * NaN; $x->bstr() = "NaN"
[ 1591s] ok 15 - $x = NaN makes a Math::BigInt
[ 1591s] ok 16 - $x = NaN; $x->bstr() = "NaN"
[ 1591s] ok 17 - $x = NaN + NaN makes a Math::BigInt
[ 1591s] ok 18 - $x = NaN + NaN; $x->bstr() = "NaN"
[ 1591s] ok 19 - $x = NaN * NaN makes a Math::BigInt
[ 1591s] ok 20 - $x = NaN * NaN; $x->bstr() = "NaN"
[ 1591s] # mixed tests
[ 1591s] ok 21 - $x = NaN + inf makes a Math::BigInt
[ 1591s] ok 22 - $x = NaN + inf; $x->bstr() = "NaN"
[ 1591s] ok 23 - $x = NaN * inf makes a Math::BigInt
[ 1591s] ok 24 - $x = NaN * inf; $x->bstr() = "NaN"
[ 1591s] ok 25 - $x = inf * NaN makes a Math::BigInt
[ 1591s] ok 26 - $x = inf * NaN; $x->bstr() = "NaN"
[ 1591s] ok 27 - $x = 1 + "nan"
[ 1591s] ok 28 - $x is a Math::BigInt
[ 1591s] ok 29 - $x = 1 + "naN"
[ 1591s] ok 30 - $x is a Math::BigInt
[ 1591s] ok 31 - $x = 1 + "nAn"
[ 1591s] ok 32 - $x is a Math::BigInt
[ 1591s] ok 33 - $x = 1 + "nAN"
[ 1591s] ok 34 - $x is a Math::BigInt
[ 1591s] ok 35 - $x = 1 + "Nan"
[ 1591s] ok 36 - $x is a Math::BigInt
[ 1591s] ok 37 - $x = 1 + "NaN"
[ 1591s] ok 38 - $x is a Math::BigInt
[ 1591s] ok 39 - $x = 1 + "NAn"
[ 1591s] ok 40 - $x is a Math::BigInt
[ 1591s] ok 41 - $x = 1 + "NAN"
[ 1591s] ok 42 - $x is a Math::BigInt
[ 1591s] ok 43 - $x = 1 + "inf"
[ 1591s] ok 44 - $x is a Math::BigInt
[ 1591s] ok 45 - $x = 1 + "inF"
[ 1591s] ok 46 - $x is a Math::BigInt
[ 1591s] ok 47 - $x = 1 + "iNf"
[ 1591s] ok 48 - $x is a Math::BigInt
[ 1591s] ok 49 - $x = 1 + "iNF"
[ 1591s] ok 50 - $x is a Math::BigInt
[ 1591s] ok 51 - $x = 1 + "Inf"
[ 1591s] ok 52 - $x is a Math::BigInt
[ 1591s] ok 53 - $x = 1 + "InF"
[ 1591s] ok 54 - $x is a Math::BigInt
[ 1591s] ok 55 - $x = 1 + "INf"
[ 1591s] ok 56 - $x is a Math::BigInt
[ 1591s] ok 57 - $x = 1 + "INF"
[ 1591s] ok 58 - $x is a Math::BigInt
[ 1591s] ok 59 - $x = 1 + "infinity"
[ 1591s] ok 60 - $x is a Math::BigInt
[ 1591s] ok 61 - $x = 1 + "Infinity"
[ 1591s] ok 62 - $x is a Math::BigInt
[ 1591s] ok 63 - $x = 1 + "InFiNiTy"
[ 1591s] ok 64 - $x is a Math::BigInt
[ 1591s] ok 65 - $x = 1 + "iNfInItY"
[ 1591s] ok 66 - $x is a Math::BigInt
[ 1591s] ok
[ 1594s] t/infnan-bignum.t ......... 
[ 1594s] 1..66
[ 1594s] # inf tests
[ 1594s] # 
[ 1594s] # 
[ 1594s] # inf
[ 1594s] # 
[ 1594s] ok 1 - $x = 1 + inf makes a Math::BigFloat
[ 1594s] ok 2 - $x = 1 + inf; $x->bstr() = "inf"
[ 1594s] ok 3 - $x = 1 * inf makes a Math::BigFloat
[ 1594s] ok 4 - $x = 1 * inf; $x->bstr() = "inf"
[ 1594s] ok 5 - $x = inf makes a Math::BigFloat
[ 1594s] ok 6 - $x = inf; $x->bstr() = "inf"
[ 1594s] ok 7 - $x = inf + inf makes a Math::BigFloat
[ 1594s] ok 8 - $x = inf + inf; $x->bstr() = "inf"
[ 1594s] ok 9 - $x = inf * inf makes a Math::BigFloat
[ 1594s] ok 10 - $x = inf * inf; $x->bstr() = "inf"
[ 1594s] # NaN tests
[ 1594s] ok 11 - $x = 1 + NaN makes a Math::BigFloat
[ 1594s] ok 12 - $x = 1 + NaN; $x->bstr() = "NaN"
[ 1594s] ok 13 - $x = 1 * NaN makes a Math::BigFloat
[ 1594s] ok 14 - $x = 1 * NaN; $x->bstr() = "NaN"
[ 1594s] ok 15 - $x = NaN makes a Math::BigFloat
[ 1594s] ok 16 - $x = NaN; $x->bstr() = "NaN"
[ 1594s] ok 17 - $x = NaN + NaN makes a Math::BigFloat
[ 1594s] ok 18 - $x = NaN + NaN; $x->bstr() = "NaN"
[ 1594s] ok 19 - $x = NaN * NaN makes a Math::BigFloat
[ 1594s] ok 20 - $x = NaN * NaN; $x->bstr() = "NaN"
[ 1594s] # mixed tests
[ 1594s] ok 21 - $x = NaN + inf makes a Math::BigFloat
[ 1594s] ok 22 - $x = NaN + inf; $x->bstr() = "NaN"
[ 1594s] ok 23 - $x = NaN * inf makes a Math::BigFloat
[ 1594s] ok 24 - $x = NaN * inf; $x->bstr() = "NaN"
[ 1594s] ok 25 - $x = inf * NaN makes a Math::BigFloat
[ 1594s] ok 26 - $x = inf * NaN; $x->bstr() = "NaN"
[ 1594s] ok 27 - $x = 1 + "nan"
[ 1594s] ok 28 - $x is a Math::BigFloat
[ 1594s] ok 29 - $x = 1 + "naN"
[ 1594s] ok 30 - $x is a Math::BigFloat
[ 1594s] ok 31 - $x = 1 + "nAn"
[ 1594s] ok 32 - $x is a Math::BigFloat
[ 1595s] ok 33 - $x = 1 + "nAN"
[ 1595s] ok 34 - $x is a Math::BigFloat
[ 1595s] ok 35 - $x = 1 + "Nan"
[ 1595s] ok 36 - $x is a Math::BigFloat
[ 1595s] ok 37 - $x = 1 + "NaN"
[ 1595s] ok 38 - $x is a Math::BigFloat
[ 1595s] ok 39 - $x = 1 + "NAn"
[ 1595s] ok 40 - $x is a Math::BigFloat
[ 1595s] ok 41 - $x = 1 + "NAN"
[ 1595s] ok 42 - $x is a Math::BigFloat
[ 1595s] ok 43 - $x = 1 + "inf"
[ 1595s] ok 44 - $x is a Math::BigFloat
[ 1595s] ok 45 - $x = 1 + "inF"
[ 1595s] ok 46 - $x is a Math::BigFloat
[ 1595s] ok 47 - $x = 1 + "iNf"
[ 1595s] ok 48 - $x is a Math::BigFloat
[ 1595s] ok 49 - $x = 1 + "iNF"
[ 1595s] ok 50 - $x is a Math::BigFloat
[ 1595s] ok 51 - $x = 1 + "Inf"
[ 1595s] ok 52 - $x is a Math::BigFloat
[ 1595s] ok 53 - $x = 1 + "InF"
[ 1595s] ok 54 - $x is a Math::BigFloat
[ 1595s] ok 55 - $x = 1 + "INf"
[ 1595s] ok 56 - $x is a Math::BigFloat
[ 1595s] ok 57 - $x = 1 + "INF"
[ 1595s] ok 58 - $x is a Math::BigFloat
[ 1595s] ok 59 - $x = 1 + "infinity"
[ 1595s] ok 60 - $x is a Math::BigFloat
[ 1595s] ok 61 - $x = 1 + "Infinity"
[ 1595s] ok 62 - $x is a Math::BigFloat
[ 1595s] ok 63 - $x = 1 + "InFiNiTy"
[ 1595s] ok 64 - $x is a Math::BigFloat
[ 1595s] ok 65 - $x = 1 + "iNfInItY"
[ 1595s] ok 66 - $x is a Math::BigFloat
[ 1595s] ok
[ 1598s] 
[ 1598s] #   Failed test '$x = 1 + inf; $x->bstr() = "inf"'
[ 1598s] #   at t/infnan-bigrat.t line 22.
[ 1598s] #          got: 'NaN'
[ 1598s] #     expected: 'inf'
[ 1598s] 
[ 1598s] #   Failed test '$x = 1 + "inf"'
[ 1598s] #   at t/infnan-bigrat.t line 98.
[ 1598s] #          got: 'NaN'
[ 1598s] #     expected: 'inf'
[ 1598s] 
[ 1598s] #   Failed test '$x = 1 + "inF"'
[ 1598s] #   at t/infnan-bigrat.t line 98.
[ 1598s] #          got: 'NaN'
[ 1598s] #     expected: 'inf'
[ 1598s] 
[ 1598s] #   Failed test '$x = 1 + "iNf"'
[ 1598s] #   at t/infnan-bigrat.t line 98.
[ 1598s] #          got: 'NaN'
[ 1598s] #     expected: 'inf'
[ 1598s] 
[ 1598s] #   Failed test '$x = 1 + "iNF"'
[ 1598s] #   at t/infnan-bigrat.t line 98.
[ 1598s] #          got: 'NaN'
[ 1598s] #     expected: 'inf'
[ 1598s] 
[ 1598s] #   Failed test '$x = 1 + "Inf"'
[ 1598s] #   at t/infnan-bigrat.t line 98.
[ 1598s] #          got: 'NaN'
[ 1598s] #     expected: 'inf'
[ 1598s] 
[ 1598s] #   Failed test '$x = 1 + "InF"'
[ 1598s] #   at t/infnan-bigrat.t line 98.
[ 1598s] #          got: 'NaN'
[ 1598s] #     expected: 'inf'
[ 1598s] 
[ 1598s] #   Failed test '$x = 1 + "INf"'
[ 1598s] #   at t/infnan-bigrat.t line 98.
[ 1598s] #          got: 'NaN'
[ 1598s] #     expected: 'inf'
[ 1598s] 
[ 1598s] #   Failed test '$x = 1 + "INF"'
[ 1598s] #   at t/infnan-bigrat.t line 98.
[ 1598s] #          got: 'NaN'
[ 1598s] #     expected: 'inf'
[ 1598s] 
[ 1598s] #   Failed test '$x = 1 + "infinity"'
[ 1598s] #   at t/infnan-bigrat.t line 98.
[ 1598s] #          got: 'NaN'
[ 1598s] #     expected: 'inf'
[ 1598s] 
[ 1598s] #   Failed test '$x = 1 + "Infinity"'
[ 1598s] #   at t/infnan-bigrat.t line 98.
[ 1598s] #          got: 'NaN'
[ 1598s] #     expected: 'inf'
[ 1598s] 
[ 1598s] #   Failed test '$x = 1 + "InFiNiTy"'
[ 1598s] #   at t/infnan-bigrat.t line 98.
[ 1598s] #          got: 'NaN'
[ 1598s] #     expected: 'inf'
[ 1598s] 
[ 1598s] #   Failed test '$x = 1 + "iNfInItY"'
[ 1598s] #   at t/infnan-bigrat.t line 98.
[ 1598s] #          got: 'NaN'
[ 1598s] #     expected: 'inf'
[ 1598s] # Looks like you failed 13 tests of 66.
[ 1598s] t/infnan-bigrat.t ......... 
[ 1598s] 1..66
[ 1598s] # inf tests
[ 1598s] # 
[ 1598s] # 
[ 1598s] # NaN
[ 1598s] # 
[ 1598s] ok 1 - $x = 1 + inf makes a Math::BigRat
[ 1598s] not ok 2 - $x = 1 + inf; $x->bstr() = "inf"
[ 1598s] ok 3 - $x = 1 * inf makes a Math::BigRat
[ 1598s] ok 4 - $x = 1 * inf; $x->bstr() = "inf"
[ 1598s] ok 5 - $x = inf makes a Math::BigRat
[ 1598s] ok 6 - $x = inf; $x->bstr() = "inf"
[ 1598s] ok 7 - $x = inf + inf makes a Math::BigRat
[ 1598s] ok 8 - $x = inf + inf; $x->bstr() = "inf"
[ 1598s] ok 9 - $x = inf * inf makes a Math::BigRat
[ 1598s] ok 10 - $x = inf * inf; $x->bstr() = "inf"
[ 1598s] # NaN tests
[ 1598s] ok 11 - $x = 1 + NaN makes a Math::BigRat
[ 1598s] ok 12 - $x = 1 + NaN; $x->bstr() = "NaN"
[ 1598s] ok 13 - $x = 1 * NaN makes a Math::BigRat
[ 1598s] ok 14 - $x = 1 * NaN; $x->bstr() = "NaN"
[ 1598s] ok 15 - $x = NaN makes a Math::BigRat
[ 1598s] ok 16 - $x = NaN; $x->bstr() = "NaN"
[ 1598s] ok 17 - $x = NaN + NaN makes a Math::BigRat
[ 1598s] ok 18 - $x = NaN + NaN; $x->bstr() = "NaN"
[ 1598s] ok 19 - $x = NaN * NaN makes a Math::BigRat
[ 1598s] ok 20 - $x = NaN * NaN; $x->bstr() = "NaN"
[ 1598s] # mixed tests
[ 1598s] ok 21 - $x = NaN + inf makes a Math::BigRat
[ 1598s] ok 22 - $x = NaN + inf; $x->bstr() = "NaN"
[ 1598s] ok 23 - $x = NaN * inf makes a Math::BigRat
[ 1598s] ok 24 - $x = NaN * inf; $x->bstr() = "NaN"
[ 1598s] ok 25 - $x = inf * NaN makes a Math::BigRat
[ 1598s] ok 26 - $x = inf * NaN; $x->bstr() = "NaN"
[ 1598s] ok 27 - $x = 1 + "nan"
[ 1598s] ok 28 - $x is a Math::BigRat
[ 1598s] ok 29 - $x = 1 + "naN"
[ 1598s] ok 30 - $x is a Math::BigRat
[ 1598s] ok 31 - $x = 1 + "nAn"
[ 1598s] ok 32 - $x is a Math::BigRat
[ 1598s] ok 33 - $x = 1 + "nAN"
[ 1598s] ok 34 - $x is a Math::BigRat
[ 1598s] ok 35 - $x = 1 + "Nan"
[ 1598s] ok 36 - $x is a Math::BigRat
[ 1598s] ok 37 - $x = 1 + "NaN"
[ 1598s] ok 38 - $x is a Math::BigRat
[ 1598s] ok 39 - $x = 1 + "NAn"
[ 1598s] ok 40 - $x is a Math::BigRat
[ 1598s] ok 41 - $x = 1 + "NAN"
[ 1598s] ok 42 - $x is a Math::BigRat
[ 1598s] not ok 43 - $x = 1 + "inf"
[ 1598s] ok 44 - $x is a Math::BigRat
[ 1598s] not ok 45 - $x = 1 + "inF"
[ 1598s] ok 46 - $x is a Math::BigRat
[ 1598s] not ok 47 - $x = 1 + "iNf"
[ 1598s] ok 48 - $x is a Math::BigRat
[ 1598s] not ok 49 - $x = 1 + "iNF"
[ 1598s] ok 50 - $x is a Math::BigRat
[ 1598s] not ok 51 - $x = 1 + "Inf"
[ 1598s] ok 52 - $x is a Math::BigRat
[ 1598s] not ok 53 - $x = 1 + "InF"
[ 1598s] ok 54 - $x is a Math::BigRat
[ 1598s] not ok 55 - $x = 1 + "INf"
[ 1598s] ok 56 - $x is a Math::BigRat
[ 1598s] not ok 57 - $x = 1 + "INF"
[ 1598s] ok 58 - $x is a Math::BigRat
[ 1598s] not ok 59 - $x = 1 + "infinity"
[ 1598s] ok 60 - $x is a Math::BigRat
[ 1598s] not ok 61 - $x = 1 + "Infinity"
[ 1598s] ok 62 - $x is a Math::BigRat
[ 1598s] not ok 63 - $x = 1 + "InFiNiTy"
[ 1598s] ok 64 - $x is a Math::BigRat
[ 1598s] not ok 65 - $x = 1 + "iNfInItY"
[ 1598s] ok 66 - $x is a Math::BigRat
[ 1598s] Dubious, test returned 13 (wstat 3328, 0xd00)
[ 1598s] Failed 13/66 subtests 
[ 1602s] t/option_a.t .............. 
[ 1602s] 1..6
[ 1602s] ok 1 - Math::BigInt accuracy = 12
[ 1602s] ok 2 - Math::BigInt accuracy = 23
[ 1602s] ok 3 - Math::BigFloat accuracy = 12
[ 1602s] ok 4 - Math::BigFloat accuracy = 23
[ 1602s] ok 5 - Math::BigRat accuracy = 12
[ 1602s] ok 6 - Math::BigRat accuracy = 23
[ 1602s] ok
[ 1606s] t/option_l.t .............. 
[ 1606s] 1..14
[ 1606s] # Subtest: eval { bignum->import("l" => "foo") }
[ 1606s]     1..2
[ 1606s]     ok 1 - didn't die
[ 1606s]     ok 2 - didn't get a warning
[ 1606s] ok 1 - eval { bignum->import("l" => "foo") }
[ 1606s] # Subtest: eval { bignum->import("lib" => "foo") }
[ 1606s]     1..2
[ 1606s]     ok 1 - didn't die
[ 1606s]     ok 2 - didn't get a warning
[ 1606s] ok 2 - eval { bignum->import("lib" => "foo") }
[ 1606s] # Subtest: eval { bignum->import("try" => "foo") }
[ 1606s]     1..2
[ 1606s]     ok 1 - didn't die
[ 1606s]     ok 2 - didn't get a warning
[ 1606s] ok 3 - eval { bignum->import("try" => "foo") }
[ 1606s] # Subtest: eval { bignum->import("only" => "foo") }
[ 1606s]     1..2
[ 1606s]     ok 1 - didn't die
[ 1606s]     ok 2 - didn't get a warning
[ 1606s] ok 4 - eval { bignum->import("only" => "foo") }
[ 1606s] # Subtest: eval { bignum->import("foo" => "bar") }
[ 1606s]     1..2
[ 1606s]     ok 1 - didn't die
[ 1606s]     ok 2 - didn't get a warning
[ 1606s] ok 5 - eval { bignum->import("foo" => "bar") }
[ 1606s] ok 6 - eval { bignum->import(L => "bar") }
[ 1606s] ok 7 - eval { bignum->import(LIB => "bar") }
[ 1606s] ok 8 - eval { bignum->import(Lib => "bar") }
[ 1606s] ok 9 - eval { bignum->import(T => "bar") }
[ 1606s] ok 10 - eval { bignum->import(Trace => "bar") }
[ 1606s] ok 11 - eval { bignum->import(TRACE => "bar") }
[ 1606s] ok 12 - eval { bignum->import(V => "bar") }
[ 1606s] ok 13 - eval { bignum->import(Version => "bar") }
[ 1606s] ok 14 - eval { bignum->import(VERSION => "bar") }
[ 1606s] ok
[ 1609s] t/option_p.t .............. 
[ 1609s] 1..6
[ 1609s] ok 1 - Math::BigInt precision = 12
[ 1609s] ok 2 - Math::BigInt precision = 23
[ 1609s] ok 3 - Math::BigFloat precision = 12
[ 1609s] ok 4 - Math::BigFloat precision = 23
[ 1609s] ok 5 - Math::BigRat precision = 12
[ 1609s] ok 6 - Math::BigRat precision = 23
[ 1609s] ok
[ 1612s] 
[ 1612s] #   Failed test 'bigrat hex override without arguments infers $_'
[ 1612s] #   at t/overrides.t line 65.
[ 1612s] #          got: '20'
[ 1612s] #     expected: '32'
[ 1612s] 
[ 1612s] #   Failed test 'bigrat hex override provides scalar context'
[ 1612s] #   at t/overrides.t line 68.
[ 1612s] #          got: '20'
[ 1612s] #     expected: '32'
[ 1612s] # Looks like you failed 2 tests of 31.
[ 1612s] t/overrides.t ............. 
[ 1612s] 1..31
[ 1612s] ok 1 - bigint hex override without arguments infers $_
[ 1612s] ok 2 - bigint oct override without arguments infers $_
[ 1612s] ok 3 - bigint hex override provides scalar context
[ 1612s] ok 4 - bigint oct override provides scalar context
[ 1612s] ok 5 - bigint hex() works when bignum and bigrat are loaded
[ 1612s] ok 6 - bigint oct() works when bignum and bigrat are loaded
[ 1612s] ok 7 - bignum hex override without arguments infers $_
[ 1612s] ok 8 - bignum oct override without arguments infers $_
[ 1612s] ok 9 - bignum hex override provides scalar context
[ 1612s] ok 10 - bignum oct override provides scalar context
[ 1612s] ok 11 - bignum hex() works when bigint and bigrat are loaded
[ 1612s] ok 12 - bignum oct() works when bigint and bigrat are loaded
[ 1612s] not ok 13 - bigrat hex override without arguments infers $_
[ 1612s] ok 14 - bigrat oct override without arguments infers $_
[ 1612s] not ok 15 - bigrat hex override provides scalar context
[ 1612s] ok 16 - bigrat oct override provides scalar context
[ 1612s] ok 17 - bigrat hex() works when bignum and bigint are loaded
[ 1612s] ok 18 - bigrat oct() works when bignum and bigint are loaded
[ 1612s] ok 19 - existing hex overrides are called
[ 1612s] ok 20 - existing oct overrides are called
[ 1612s] ok 21 - exported hex function
[ 1612s] ok 22 - exported oct function
[ 1612s] ok 23 - exported hex function returns ref outside pragma scope
[ 1612s] ok 24 - exported oct function returns ref outside pragma scope
[ 1612s] ok 25 - exported oct function works with "decimal"
[ 1612s] ok 26 - bignum exports hex
[ 1612s] ok 27 - bignum exports oct
[ 1612s] ok 28 - bigrat exports hex
[ 1612s] ok 29 - bigrat exports oct
[ 1612s] ok 30 - hex export is not global
[ 1612s] ok 31 - oct export is not global
[ 1612s] Dubious, test returned 2 (wstat 512, 0x200)
[ 1612s] Failed 2/31 subtests 
[ 1615s] t/ratopt_a.t .............. 
[ 1615s] 1..3
[ 1615s] ok 1 - Math::BigRat accuracy = 2
[ 1615s] ok 2 - no error
[ 1615s] ok 3 - Math::BigRat accuracy = 42
[ 1615s] ok
[ 1617s] Can't locate object method "dec_str_to_dec_flt_str" via package "Math::BigInt" at /home/abuild/rpmbuild/BUILD/bignum-0.63/blib/lib/bigint.pm line 71.
[ 1617s] Propagated at t/scope-bigint.t line 15, at end of line
[ 1617s] BEGIN not safe after errors--compilation aborted at t/scope-bigint.t line 27.
[ 1617s] # Looks like your test exited with 255 before it could output anything.
[ 1617s] t/scope-bigint.t .......... 
[ 1617s] 1..10
[ 1617s] Dubious, test returned 255 (wstat 65280, 0xff00)
[ 1617s] Failed 10/10 subtests 
[ 1620s] Can't locate object method "dec_str_to_dec_flt_str" via package "Math::BigInt" at /home/abuild/rpmbuild/BUILD/bignum-0.63/blib/lib/bignum.pm line 67.
[ 1620s] Propagated at t/scope-bignum.t line 15, at end of line
[ 1620s] BEGIN not safe after errors--compilation aborted at t/scope-bignum.t line 27.
[ 1620s] # Looks like your test exited with 255 before it could output anything.
[ 1620s] t/scope-bignum.t .......... 
[ 1620s] 1..10
[ 1620s] Dubious, test returned 255 (wstat 65280, 0xff00)
[ 1620s] Failed 10/10 subtests 
[ 1623s] Can't locate object method "dec_str_to_dec_flt_str" via package "Math::BigInt" at /home/abuild/rpmbuild/BUILD/bignum-0.63/blib/lib/bigrat.pm line 67.
[ 1623s] Propagated at t/scope-bigrat.t line 15, at end of line
[ 1623s] BEGIN not safe after errors--compilation aborted at t/scope-bigrat.t line 27.
[ 1623s] # Looks like your test exited with 255 before it could output anything.
[ 1623s] t/scope-bigrat.t .......... 
[ 1623s] 1..10
[ 1623s] Dubious, test returned 255 (wstat 65280, 0xff00)
[ 1623s] Failed 10/10 subtests 
[ 1627s] t/scope-nested-const.t .... 
[ 1627s] 1..48
[ 1627s] # 
[ 1627s] # bigint -> bignum -> bigrat
[ 1627s] # 
[ 1627s] # use bigint;
[ 1627s] ok 1
[ 1627s] # use bignum;
[ 1627s] ok 2
[ 1627s] # use bigrat;
[ 1627s] ok 3
[ 1627s] # no bigrat;
[ 1627s] ok 4
[ 1627s] ok 5
[ 1627s] # no bignum;
[ 1627s] ok 6
[ 1627s] ok 7
[ 1627s] # no bigint;
[ 1627s] ok 8
[ 1627s] # 
[ 1627s] # bigint -> bigrat -> bignum
[ 1627s] # 
[ 1627s] # use bigint;
[ 1627s] ok 9
[ 1627s] # use bigrat;
[ 1627s] ok 10
[ 1627s] # use bignum;
[ 1627s] ok 11
[ 1627s] # no bignum;
[ 1627s] ok 12
[ 1627s] ok 13
[ 1627s] # no bigrat;
[ 1627s] ok 14
[ 1627s] ok 15
[ 1627s] # no bigint;
[ 1627s] ok 16
[ 1627s] # 
[ 1627s] # bignum -> bigint -> bigrat
[ 1627s] # 
[ 1627s] # use bignum;
[ 1627s] ok 17
[ 1627s] # use bigint;
[ 1627s] ok 18
[ 1627s] # use bigrat;
[ 1627s] ok 19
[ 1627s] # no bigrat;
[ 1627s] ok 20
[ 1627s] ok 21
[ 1627s] # no bigint;
[ 1627s] ok 22
[ 1627s] ok 23
[ 1627s] # no bignum;
[ 1627s] ok 24
[ 1627s] # 
[ 1627s] # bignum -> bigrat -> bigint
[ 1627s] # 
[ 1627s] # use bignum;
[ 1627s] ok 25
[ 1627s] # use bigrat;
[ 1627s] ok 26
[ 1627s] # use bigint;
[ 1627s] ok 27
[ 1627s] # no bigint;
[ 1627s] ok 28
[ 1627s] ok 29
[ 1627s] # no bigrat;
[ 1627s] ok 30
[ 1627s] ok 31
[ 1627s] # no bignum;
[ 1627s] ok 32
[ 1627s] # 
[ 1627s] # bigrat -> bigint -> bignum
[ 1627s] # 
[ 1627s] # use bigrat;
[ 1627s] ok 33
[ 1627s] # use bigint;
[ 1627s] ok 34
[ 1627s] # use bignum;
[ 1627s] ok 35
[ 1627s] # no bignum;
[ 1627s] ok 36
[ 1627s] ok 37
[ 1627s] # no bigint;
[ 1627s] ok 38
[ 1627s] ok 39
[ 1627s] # no bigrat;
[ 1627s] ok 40
[ 1627s] # 
[ 1627s] # bigrat -> bignum -> bigint
[ 1627s] # 
[ 1627s] # use bigrat;
[ 1627s] ok 41
[ 1627s] # use bignum;
[ 1627s] ok 42
[ 1627s] # use bigint;
[ 1627s] ok 43
[ 1627s] # no bigint;
[ 1627s] ok 44
[ 1627s] ok 45
[ 1627s] # no bignum;
[ 1627s] ok 46
[ 1627s] ok 47
[ 1627s] # no bigrat;
[ 1627s] ok 48
[ 1627s] ok
[ 1631s] t/scope-nested-hex-oct.t .. 
[ 1631s] 1..96
[ 1631s] # 
[ 1631s] # bigint -> bignum -> bigrat
[ 1631s] # 
[ 1631s] # use bigint;
[ 1631s] ok 1 - ref(hex("1"))
[ 1631s] ok 2 - ref(oct("1"))
[ 1631s] # use bignum;
[ 1631s] ok 3 - ref(hex("1"))
[ 1631s] ok 4 - ref(oct("1"))
[ 1631s] # use bigrat;
[ 1631s] ok 5 - ref(hex("1"))
[ 1631s] ok 6 - ref(oct("1"))
[ 1631s] # no bigrat;
[ 1631s] ok 7 - ref(hex("1"))
[ 1631s] ok 8 - ref(oct("1"))
[ 1631s] ok 9 - ref(hex("1"))
[ 1631s] ok 10 - ref(oct("1"))
[ 1631s] # no bignum;
[ 1631s] ok 11 - ref(hex("1"))
[ 1631s] ok 12 - ref(oct("1"))
[ 1631s] ok 13 - ref(hex("1"))
[ 1631s] ok 14 - ref(oct("1"))
[ 1631s] # no bigint;
[ 1631s] ok 15 - ref(hex("1"))
[ 1631s] ok 16 - ref(oct("1"))
[ 1631s] # 
[ 1631s] # bigint -> bigrat -> bignum
[ 1631s] # 
[ 1631s] # use bigint;
[ 1631s] ok 17 - ref(hex("1"))
[ 1631s] ok 18 - ref(oct("1"))
[ 1631s] # use bigrat;
[ 1631s] ok 19 - ref(hex("1"))
[ 1631s] ok 20 - ref(oct("1"))
[ 1631s] # use bignum;
[ 1631s] ok 21 - ref(hex("1"))
[ 1631s] ok 22 - ref(oct("1"))
[ 1631s] # no bignum;
[ 1631s] ok 23 - ref(hex("1"))
[ 1631s] ok 24 - ref(oct("1"))
[ 1631s] ok 25 - ref(hex("1"))
[ 1631s] ok 26 - ref(oct("1"))
[ 1631s] # no bigrat;
[ 1631s] ok 27 - ref(hex("1"))
[ 1631s] ok 28 - ref(oct("1"))
[ 1631s] ok 29 - ref(hex("1"))
[ 1631s] ok 30 - ref(oct("1"))
[ 1631s] # no bigint;
[ 1631s] ok 31 - ref(hex("1"))
[ 1631s] ok 32 - ref(oct("1"))
[ 1631s] # 
[ 1631s] # bignum -> bigint -> bigrat
[ 1631s] # 
[ 1631s] # use bignum;
[ 1631s] ok 33 - ref(hex("1"))
[ 1631s] ok 34 - ref(oct("1"))
[ 1631s] # use bigint;
[ 1631s] ok 35 - ref(hex("1"))
[ 1631s] ok 36 - ref(oct("1"))
[ 1631s] # use bigrat;
[ 1631s] ok 37 - ref(hex("1"))
[ 1631s] ok 38 - ref(oct("1"))
[ 1631s] # no bigrat;
[ 1631s] ok 39 - ref(hex("1"))
[ 1631s] ok 40 - ref(oct("1"))
[ 1631s] ok 41 - ref(hex("1"))
[ 1631s] ok 42 - ref(oct("1"))
[ 1631s] # no bigint;
[ 1631s] ok 43 - ref(hex("1"))
[ 1631s] ok 44 - ref(oct("1"))
[ 1631s] ok 45 - ref(hex("1"))
[ 1631s] ok 46 - ref(oct("1"))
[ 1631s] # no bignum;
[ 1631s] ok 47 - ref(hex("1"))
[ 1631s] ok 48 - ref(oct("1"))
[ 1631s] # 
[ 1631s] # bignum -> bigrat -> bigint
[ 1631s] # 
[ 1631s] # use bignum;
[ 1631s] ok 49 - ref(hex("1"))
[ 1631s] ok 50 - ref(oct("1"))
[ 1631s] # use bigrat;
[ 1631s] ok 51 - ref(hex("1"))
[ 1631s] ok 52 - ref(oct("1"))
[ 1631s] # use bigint;
[ 1631s] ok 53 - ref(hex("1"))
[ 1631s] ok 54 - ref(oct("1"))
[ 1631s] # no bigint;
[ 1631s] ok 55 - ref(hex("1"))
[ 1631s] ok 56 - ref(oct("1"))
[ 1631s] ok 57 - ref(hex("1"))
[ 1631s] ok 58 - ref(oct("1"))
[ 1631s] # no bigrat;
[ 1631s] ok 59 - ref(hex("1"))
[ 1631s] ok 60 - ref(oct("1"))
[ 1631s] ok 61 - ref(hex("1"))
[ 1631s] ok 62 - ref(oct("1"))
[ 1631s] # no bignum;
[ 1631s] ok 63 - ref(hex("1"))
[ 1631s] ok 64 - ref(oct("1"))
[ 1631s] # 
[ 1631s] # bigrat -> bigint -> bignum
[ 1631s] # 
[ 1631s] # use bigrat;
[ 1631s] ok 65 - ref(hex("1"))
[ 1631s] ok 66 - ref(oct("1"))
[ 1631s] # use bigint;
[ 1631s] ok 67 - ref(hex("1"))
[ 1631s] ok 68 - ref(oct("1"))
[ 1631s] # use bignum;
[ 1631s] ok 69 - ref(hex("1"))
[ 1631s] ok 70 - ref(oct("1"))
[ 1631s] # no bignum;
[ 1631s] ok 71 - ref(hex("1"))
[ 1631s] ok 72 - ref(oct("1"))
[ 1631s] ok 73 - ref(hex("1"))
[ 1631s] ok 74 - ref(oct("1"))
[ 1631s] # no bigint;
[ 1631s] ok 75 - ref(hex("1"))
[ 1631s] ok 76 - ref(oct("1"))
[ 1631s] ok 77 - ref(hex("1"))
[ 1631s] ok 78 - ref(oct("1"))
[ 1631s] # no bigrat;
[ 1631s] ok 79 - ref(hex("1"))
[ 1631s] ok 80 - ref(oct("1"))
[ 1631s] # 
[ 1631s] # bigrat -> bignum -> bigint
[ 1631s] # 
[ 1631s] # use bigrat;
[ 1631s] ok 81 - ref(hex("1"))
[ 1631s] ok 82 - ref(oct("1"))
[ 1631s] # use bignum;
[ 1631s] ok 83 - ref(hex("1"))
[ 1631s] ok 84 - ref(oct("1"))
[ 1631s] # use bigint;
[ 1631s] ok 85 - ref(hex("1"))
[ 1631s] ok 86 - ref(oct("1"))
[ 1631s] # no bigint;
[ 1631s] ok 87 - ref(hex("1"))
[ 1631s] ok 88 - ref(oct("1"))
[ 1631s] ok 89 - ref(hex("1"))
[ 1631s] ok 90 - ref(oct("1"))
[ 1631s] # no bignum;
[ 1631s] ok 91 - ref(hex("1"))
[ 1631s] ok 92 - ref(oct("1"))
[ 1631s] ok 93 - ref(hex("1"))
[ 1631s] ok 94 - ref(oct("1"))
[ 1631s] # no bigrat;
[ 1631s] ok 95 - ref(hex("1"))
[ 1631s] ok 96 - ref(oct("1"))
[ 1631s] ok
[ 1631s] 
[ 1631s] Test Summary Report
[ 1631s] -------------------
[ 1631s] t/bigint.t              (Wstat: 65280 Tests: 0 Failed: 0)
[ 1631s]   Non-zero exit status: 255
[ 1631s]   Parse errors: Bad plan.  You planned 15 tests but ran 0.
[ 1631s] t/bignum.t              (Wstat: 65280 Tests: 0 Failed: 0)
[ 1631s]   Non-zero exit status: 255
[ 1631s]   Parse errors: Bad plan.  You planned 19 tests but ran 0.
[ 1631s] t/bigrat.t              (Wstat: 65280 Tests: 0 Failed: 0)
[ 1631s]   Non-zero exit status: 255
[ 1631s]   Parse errors: Bad plan.  You planned 29 tests but ran 0.
[ 1631s] t/const-bigint.t        (Wstat: 65280 Tests: 0 Failed: 0)
[ 1631s]   Non-zero exit status: 255
[ 1631s]   Parse errors: Bad plan.  You planned 118 tests but ran 0.
[ 1631s] t/const-bignum.t        (Wstat: 65280 Tests: 0 Failed: 0)
[ 1631s]   Non-zero exit status: 255
[ 1631s]   Parse errors: Bad plan.  You planned 171 tests but ran 0.
[ 1631s] t/const-bigrat.t        (Wstat: 65280 Tests: 0 Failed: 0)
[ 1631s]   Non-zero exit status: 255
[ 1631s]   Parse errors: Bad plan.  You planned 170 tests but ran 0.
[ 1631s] t/e_pi-bigrat.t         (Wstat: 256 Tests: 4 Failed: 1)
[ 1631s]   Failed test:  3
[ 1631s]   Non-zero exit status: 1
[ 1631s] t/import-bigint.t       (Wstat: 768 Tests: 21 Failed: 3)
[ 1631s]   Failed tests:  2, 4, 11
[ 1631s]   Non-zero exit status: 3
[ 1631s] t/import-bigrat.t       (Wstat: 768 Tests: 21 Failed: 3)
[ 1631s]   Failed tests:  2, 4, 11
[ 1631s]   Non-zero exit status: 3
[ 1631s] t/infnan-bigrat.t       (Wstat: 3328 Tests: 66 Failed: 13)
[ 1631s]   Failed tests:  2, 43, 45, 47, 49, 51, 53, 55, 57, 59, 61
[ 1631s]                 63, 65
[ 1631s]   Non-zero exit status: 13
[ 1631s] t/overrides.t           (Wstat: 512 Tests: 31 Failed: 2)
[ 1631s]   Failed tests:  13, 15
[ 1631s]   Non-zero exit status: 2
[ 1631s] t/scope-bigint.t        (Wstat: 65280 Tests: 0 Failed: 0)
[ 1631s]   Non-zero exit status: 255
[ 1631s]   Parse errors: Bad plan.  You planned 10 tests but ran 0.
[ 1631s] t/scope-bignum.t        (Wstat: 65280 Tests: 0 Failed: 0)
[ 1631s]   Non-zero exit status: 255
[ 1631s]   Parse errors: Bad plan.  You planned 10 tests but ran 0.
[ 1631s] t/scope-bigrat.t        (Wstat: 65280 Tests: 0 Failed: 0)
[ 1631s]   Non-zero exit status: 255
[ 1631s]   Parse errors: Bad plan.  You planned 10 tests but ran 0.
[ 1631s] Files=29, Tests=506, 91 wallclock secs ( 3.61 usr  1.05 sys + 77.35 cusr 11.93 csys = 93.94 CPU)
[ 1631s] Result: FAIL
[ 1631s] Failed 14/29 test programs. 22/506 subtests failed.
[ 1631s] make: *** [Makefile:871: test_dynamic] Error 255
[ 1631s] error: Bad exit status from /var/tmp/rpm-tmp.WXS7yV (%check)
[ 1631s] 
[ 1631s] 
[ 1631s] RPM build errors:
[ 1631s]     Bad exit status from /var/tmp/rpm-tmp.WXS7yV (%check)
[ 1631s] 
[ 1632s] oe-RISCV-worker21 failed "build perl-bignum.spec" at Sat Apr 23 08:57:07 UTC 2022.
[ 1632s] 
