[    0s] Memory limit set to 10955196KB
[    0s] Using BUILD_ROOT=/var/cache/obs/worker/root_2
[    0s] Using BUILD_ARCH=riscv64
[    0s] 
[    7s] 
[    7s] oe-RISCV-worker25 started "build _service:extract_file:pkgship.spec" at Sun Apr 17 12:09:09 UTC 2022.
[    7s] 
[    7s] Building pkgship for project 'openEuler:Mainline:RISC-V' repository 'advanced_riscv64' arch 'riscv64' srcmd5 'bfcf36a1137e26713fe07659fb1580f7'
[    7s] 
[    8s] processing recipe /var/cache/obs/worker/root_2/.build-srcdir/_service:extract_file:pkgship.spec ...
[   16s] running changelog2spec --target rpm --file /var/cache/obs/worker/root_2/.build-srcdir/_service:extract_file:pkgship.spec
[   20s] init_buildsystem --configdir /var/run/obs/worker/2/build/configs --cachedir /var/cache/build --clean --rpmlist /var/cache/obs/worker/root_2/.build.rpmlist /var/cache/obs/worker/root_2/.build-srcdir/_service:extract_file:pkgship.spec build ...
[  115s] cycle: coreutils -> bash
[  115s]   breaking dependency coreutils -> bash
[  115s] cycle: coreutils -> info
[  115s]   breaking dependency coreutils -> info
[  115s] cycle: glibc -> filesystem -> coreutils
[  115s]   breaking dependency coreutils -> glibc
[  115s] cycle: glibc -> filesystem -> coreutils -> libacl
[  115s]   breaking dependency coreutils -> libacl
[  115s] cycle: glibc -> filesystem -> coreutils -> attr
[  115s]   breaking dependency coreutils -> attr
[  115s] cycle: coreutils -> libcap
[  115s]   breaking dependency coreutils -> libcap
[  115s] cycle: glibc -> filesystem -> coreutils -> openssl-libs
[  115s]   breaking dependency coreutils -> openssl-libs
[  115s] cycle: glibc -> filesystem -> coreutils -> libselinux
[  115s]   breaking dependency libselinux -> glibc
[  115s] cycle: glibc -> filesystem -> coreutils -> libselinux -> pcre2
[  115s]   breaking dependency pcre2 -> glibc
[  115s] cycle: glibc -> filesystem -> coreutils -> libselinux -> pcre2 -> readline
[  115s]   breaking dependency readline -> glibc
[  115s] cycle: glibc -> filesystem -> coreutils -> libselinux -> pcre2 -> readline -> ncurses-libs
[  115s]   breaking dependency filesystem -> coreutils
[  115s] cycle: glibc -> filesystem -> bash -> coreutils -> libselinux -> pcre2 -> readline -> ncurses-libs
[  115s]   breaking dependency filesystem -> bash
[  115s] cycle: perl-Carp -> perl-libs
[  115s]   breaking dependency perl-libs -> perl-Carp
[  115s] cycle: perl-libs -> perl-Exporter
[  115s]   breaking dependency perl-libs -> perl-Exporter
[  115s] cycle: perl-Carp -> perl-Exporter
[  115s]   breaking dependency perl-Exporter -> perl-Carp
[  115s] cycle: nss-util -> nss
[  115s]   breaking dependency nss -> nss-util
[  115s] cycle: nss-softokn -> nss-util -> nss
[  115s]   breaking dependency nss -> nss-softokn
[  115s] cycle: systemd -> cryptsetup -> device-mapper
[  115s]   breaking dependency systemd -> cryptsetup
[  115s] cycle: audit -> systemd -> pam
[  115s]   breaking dependency systemd -> pam
[  115s] [1/84] preinstalling dbus...
[  116s] [2/84] preinstalling libffi-devel...
[  117s] [3/84] preinstalling nodejs-source-map...
[  118s] [4/84] preinstalling python3-pip...
[  125s] [5/84] preinstalling python3-setuptools_scm...
[  126s] [6/84] preinstalling filesystem...
[  130s] [7/84] preinstalling glibc...
[  137s] [8/84] preinstalling libgcc...
[  138s] [9/84] preinstalling diffutils...
[  141s] [10/84] preinstalling libcap-ng...
[  142s] [11/84] preinstalling libgpg-error...
[  144s] [12/84] preinstalling libpcap...
[  145s] [13/84] preinstalling libsmartcols...
[  147s] [14/84] preinstalling libuuid...
[  148s] [15/84] preinstalling libxcrypt...
[  149s] [16/84] preinstalling lz4...
[  150s] [17/84] preinstalling m4...
[  151s] [18/84] preinstalling ncurses-libs...
[  152s] [19/84] preinstalling nspr...
[  153s] [20/84] preinstalling xz-libs...
[  154s] [21/84] preinstalling zlib...
[  155s] [22/84] preinstalling attr...
[  157s] [23/84] preinstalling libdb...
[  163s] [24/84] preinstalling zstd...
[  165s] [25/84] preinstalling audit-libs...
[  166s] [26/84] preinstalling file...
[  167s] [27/84] preinstalling iptables-libs...
[  168s] [28/84] preinstalling libacl...
[  169s] [29/84] preinstalling libgcrypt...
[  171s] [30/84] preinstalling openssl-libs...
[  174s] [31/84] preinstalling readline...
[  175s] [32/84] preinstalling ncurses...
[  183s] [33/84] preinstalling cmake...
[  199s] [34/84] preinstalling perl-libs...
[  204s] [35/84] preinstalling pcre2...
[  206s] [36/84] preinstalling perl-Exporter...
[  207s] [37/84] preinstalling pcre...
[  209s] [38/84] preinstalling acl...
[  211s] [39/84] preinstalling sqlite...
[  213s] [40/84] preinstalling libselinux...
[  215s] [41/84] preinstalling perl-Carp...
[  216s] [42/84] preinstalling perl-Digest-MD5...
[  218s] [43/84] preinstalling sed...
[  221s] [44/84] preinstalling coreutils...
[  227s] [45/84] preinstalling bash...
[  231s] [46/84] preinstalling openssl...
[  233s] [47/84] preinstalling dnf...
[  235s] [48/84] preinstalling bzip2...
[  238s] [49/84] preinstalling elfutils...
[  240s] [50/84] preinstalling hostname...
[  241s] [51/84] preinstalling libcap...
[  242s] [52/84] preinstalling popt...
[  243s] [53/84] preinstalling grep...
[  244s] [54/84] preinstalling libblkid...
[  245s] [55/84] preinstalling perl-constant...
[  246s] [56/84] preinstalling tar...
[  248s] [57/84] preinstalling info...
[  249s] [58/84] preinstalling libgcrypt-devel...
[  250s] [59/84] preinstalling lua...
[  251s] [60/84] preinstalling nss...
[  253s] [61/84] preinstalling chkconfig...
[  255s] [62/84] preinstalling copy-jdk-configs...
[  256s] [63/84] preinstalling libfdisk...
[  257s] [64/84] preinstalling libmount...
[  258s] [65/84] preinstalling libsemanage...
[  260s] [66/84] preinstalling nss-util...
[  262s] [67/84] preinstalling findutils...
[  263s] [68/84] preinstalling perl-Getopt-Long...
[  264s] [69/84] preinstalling xz...
[  265s] [70/84] preinstalling perl-Data-Dumper...
[  266s] [71/84] preinstalling systemd-libs...
[  268s] [72/84] preinstalling rpm-libs...
[  269s] [73/84] preinstalling dbus-libs...
[  270s] [74/84] preinstalling nss-softokn...
[  272s] [75/84] preinstalling glib2...
[  277s] [76/84] preinstalling systemd...
[  281s] [77/84] preinstalling audit...
[  282s] [78/84] preinstalling rpm...
[  284s] [79/84] preinstalling openEuler-rpm-config...
[  286s] [80/84] preinstalling pam...
[  288s] [81/84] preinstalling util-linux...
[  292s] [82/84] preinstalling device-mapper...
[  293s] [83/84] preinstalling cryptsetup...
[  295s] [84/84] preinstalling lvm2...
[  299s] 
[  302s] initializing rpm db...
[  317s] reordering...cycle: bash -> coreutils
[  317s]   breaking dependency coreutils -> bash
[  317s] cycle: bash -> coreutils -> info
[  317s]   breaking dependency coreutils -> info
[  317s] cycle: glibc -> basesystem -> filesystem -> bash -> coreutils -> gmp
[  317s]   breaking dependency filesystem -> bash
[  317s] cycle: glibc -> basesystem -> filesystem -> coreutils -> gmp
[  317s]   breaking dependency coreutils -> gmp
[  317s] cycle: glibc -> basesystem -> filesystem -> coreutils
[  317s]   breaking dependency coreutils -> glibc
[  317s] cycle: glibc -> basesystem -> filesystem -> coreutils -> libacl
[  317s]   breaking dependency coreutils -> libacl
[  317s] cycle: glibc -> basesystem -> filesystem -> coreutils -> attr
[  317s]   breaking dependency coreutils -> attr
[  317s] cycle: coreutils -> libcap -> bash
[  317s]   breaking dependency coreutils -> libcap
[  317s] cycle: glibc -> basesystem -> filesystem -> coreutils -> openssl-libs
[  317s]   breaking dependency openssl-libs -> glibc
[  317s] cycle: coreutils -> openssl-libs -> ca-certificates -> bash
[  317s]   breaking dependency ca-certificates -> bash
[  317s] cycle: coreutils -> openssl-libs -> ca-certificates
[  317s]   breaking dependency ca-certificates -> coreutils
[  317s] cycle: coreutils -> openssl-libs -> ca-certificates -> grep -> bash
[  317s]   breaking dependency grep -> bash
[  317s] cycle: coreutils -> openssl-libs -> ca-certificates -> grep
[  317s]   breaking dependency ca-certificates -> grep
[  317s] cycle: glibc -> basesystem -> filesystem -> coreutils -> openssl-libs -> ca-certificates -> p11-kit
[  317s]   breaking dependency p11-kit -> glibc
[  317s] cycle: glibc -> basesystem -> filesystem -> coreutils -> openssl-libs -> ca-certificates -> p11-kit -> libffi
[  317s]   breaking dependency openssl-libs -> ca-certificates
[  317s] cycle: coreutils -> openssl-libs -> crypto-policies -> bash
[  317s]   breaking dependency crypto-policies -> bash
[  317s] cycle: coreutils -> openssl-libs -> crypto-policies
[  317s]   breaking dependency crypto-policies -> coreutils
[  317s] cycle: coreutils -> openssl-libs -> crypto-policies -> grep
[  317s]   breaking dependency grep -> coreutils
[  317s] cycle: glibc -> basesystem -> filesystem -> coreutils -> openssl-libs -> crypto-policies -> grep
[  317s]   breaking dependency glibc -> basesystem
[  317s] cycle: glibc -> glibc-common -> bash -> coreutils -> openssl-libs -> crypto-policies -> grep
[  317s]   breaking dependency glibc-common -> bash
[  317s] cycle: glibc -> glibc-common -> coreutils -> openssl-libs -> crypto-policies -> grep
[  317s]   breaking dependency glibc-common -> coreutils
[  317s] cycle: glibc -> glibc-common
[  317s]   breaking dependency glibc-common -> glibc
[  317s] cycle: glibc -> glibc-common -> libselinux
[  317s]   breaking dependency libselinux -> glibc
[  317s] cycle: glibc -> glibc-common -> libselinux -> pcre2
[  317s]   breaking dependency pcre2 -> glibc
[  317s] cycle: glibc -> glibc-common -> libselinux -> pcre2 -> readline
[  317s]   breaking dependency readline -> glibc
[  317s] cycle: glibc -> glibc-common -> libselinux -> pcre2 -> readline -> ncurses-libs
[  317s]   breaking dependency libselinux -> pcre2
[  317s] cycle: glibc -> glibc-common -> libselinux -> libsepol -> bash -> coreutils -> openssl-libs -> crypto-policies -> grep
[  317s]   breaking dependency bash -> coreutils
[  317s] cycle: glibc -> glibc-common -> libselinux -> libsepol -> bash -> filesystem -> coreutils -> openssl-libs -> crypto-policies -> grep
[  317s]   breaking dependency libsepol -> bash
[  317s] cycle: glibc -> glibc-common -> libselinux -> libsepol -> coreutils -> openssl-libs -> crypto-policies -> grep
[  317s]   breaking dependency coreutils -> openssl-libs
[  317s] cycle: libselinux -> libsepol -> coreutils
[  317s]   breaking dependency libsepol -> coreutils
[  317s] cycle: glibc -> glibc-common -> libselinux -> libsepol
[  317s]   breaking dependency glibc -> glibc-common
[  317s] cycle: glibc -> filesystem -> coreutils -> libselinux -> libsepol
[  317s]   breaking dependency filesystem -> coreutils
[  317s] cycle: filesystem -> setup
[  317s]   breaking dependency filesystem -> setup
[  317s] cycle: systemd -> cryptsetup -> device-mapper
[  317s]   breaking dependency systemd -> cryptsetup
[  317s] cycle: perl-libs -> perl-Carp
[  317s]   breaking dependency perl-libs -> perl-Carp
[  317s] cycle: perl-libs -> perl-Exporter
[  317s]   breaking dependency perl-libs -> perl-Exporter
[  317s] cycle: perl-Carp -> perl-Exporter
[  317s]   breaking dependency perl-Exporter -> perl-Carp
[  317s] cycle: perl -> perl-PathTools
[  317s]   breaking dependency perl -> perl-PathTools
[  317s] cycle: perl -> perl-ExtUtils-MakeMaker
[  317s]   breaking dependency perl -> perl-ExtUtils-MakeMaker
[  317s] cycle: perl -> perl-File-Path -> perl-PathTools
[  317s]   breaking dependency perl -> perl-File-Path
[  317s] cycle: perl -> perl-Getopt-Long -> perl-Pod-Usage
[  317s]   breaking dependency perl -> perl-Getopt-Long
[  317s] cycle: perl -> perl-Locale-Maketext
[  317s]   breaking dependency perl -> perl-Locale-Maketext
[  317s] cycle: perl -> perl-Pod-Simple
[  317s]   breaking dependency perl -> perl-Pod-Simple
[  317s] cycle: perl -> perl-Socket
[  317s]   breaking dependency perl -> perl-Socket
[  317s] cycle: perl -> perl-Storable
[  317s]   breaking dependency perl -> perl-Storable
[  317s] cycle: perl -> perl-Text-Tabs+Wrap
[  317s]   breaking dependency perl -> perl-Text-Tabs+Wrap
[  317s] cycle: perl -> perl-Time-Local -> perl-constant
[  317s]   breaking dependency perl -> perl-Time-Local
[  317s] cycle: perl -> perl-constant
[  317s]   breaking dependency perl -> perl-constant
[  317s] cycle: perl -> perl-threads
[  317s]   breaking dependency perl -> perl-threads
[  317s] cycle: perl -> perl-threads-shared
[  317s]   breaking dependency perl -> perl-threads-shared
[  317s] cycle: perl -> perl-Archive-Tar
[  317s]   breaking dependency perl -> perl-Archive-Tar
[  317s] cycle: perl -> perl-B-Debug
[  317s]   breaking dependency perl -> perl-B-Debug
[  317s] cycle: perl -> perl-CPAN-Meta -> perl-CPAN-Meta-Requirements
[  317s]   breaking dependency perl -> perl-CPAN-Meta
[  317s] cycle: perl -> perl-CPAN-Meta-Requirements
[  317s]   breaking dependency perl -> perl-CPAN-Meta-Requirements
[  317s] cycle: perl -> perl-CPAN-Meta-YAML
[  317s]   breaking dependency perl -> perl-CPAN-Meta-YAML
[  317s] cycle: perl -> perl-Compress-Raw-Bzip2
[  317s]   breaking dependency perl -> perl-Compress-Raw-Bzip2
[  317s] cycle: perl -> perl-Compress-Raw-Zlib
[  317s]   breaking dependency perl -> perl-Compress-Raw-Zlib
[  317s] cycle: perl -> perl-Config-Perl-V
[  317s]   breaking dependency perl -> perl-Config-Perl-V
[  317s] cycle: perl -> perl-DB_File
[  317s]   breaking dependency perl -> perl-DB_File
[  317s] cycle: perl -> perl-Data-Dumper
[  317s]   breaking dependency perl -> perl-Data-Dumper
[  317s] cycle: perl -> perl-Devel-PPPort
[  317s]   breaking dependency perl -> perl-Devel-PPPort
[  317s] cycle: perl -> perl-Digest -> perl-MIME-Base64
[  317s]   breaking dependency perl -> perl-Digest
[  317s] cycle: perl -> perl-Digest-MD5 -> perl-Digest -> perl-MIME-Base64
[  317s]   breaking dependency perl -> perl-Digest-MD5
[  317s] cycle: perl -> perl-Digest-SHA
[  317s]   breaking dependency perl -> perl-Digest-SHA
[  317s] cycle: perl -> perl-Encode
[  317s]   breaking dependency perl -> perl-Encode
[  317s] cycle: perl -> perl-Env
[  317s]   breaking dependency perl -> perl-Env
[  317s] cycle: perl -> perl-ExtUtils-Command
[  317s]   breaking dependency perl -> perl-ExtUtils-Command
[  317s] cycle: perl -> perl-ExtUtils-Install
[  317s]   breaking dependency perl -> perl-ExtUtils-Install
[  317s] cycle: perl -> perl-ExtUtils-Manifest
[  317s]   breaking dependency perl -> perl-ExtUtils-Manifest
[  317s] cycle: perl -> perl-ExtUtils-ParseXS
[  317s]   breaking dependency perl -> perl-ExtUtils-ParseXS
[  317s] cycle: perl -> perl-File-Fetch -> perl-PathTools
[  317s]   breaking dependency perl -> perl-File-Fetch
[  317s] cycle: perl -> perl-File-Temp -> perl-PathTools
[  317s]   breaking dependency perl -> perl-File-Temp
[  317s] cycle: perl -> perl-Filter
[  317s]   breaking dependency perl -> perl-Filter
[  317s] cycle: perl -> perl-Filter-Simple -> perl-Filter
[  317s]   breaking dependency perl -> perl-Filter-Simple
[  317s] cycle: perl -> perl-HTTP-Tiny
[  317s]   breaking dependency perl -> perl-HTTP-Tiny
[  317s] cycle: perl -> perl-IO-Compress
[  317s]   breaking dependency perl -> perl-IO-Compress
[  317s] cycle: perl -> perl-IO-Socket-IP
[  317s]   breaking dependency perl -> perl-IO-Socket-IP
[  317s] cycle: perl -> perl-IPC-Cmd -> perl-ExtUtils-MakeMaker
[  317s]   breaking dependency perl -> perl-IPC-Cmd
[  317s] cycle: perl -> perl-IPC-SysV
[  317s]   breaking dependency perl -> perl-IPC-SysV
[  317s] cycle: perl -> perl-JSON-PP
[  317s]   breaking dependency perl -> perl-JSON-PP
[  317s] cycle: perl -> perl-Locale-Codes -> perl-constant
[  317s]   breaking dependency perl -> perl-Locale-Codes
[  317s] cycle: perl -> perl-MIME-Base64
[  317s]   breaking dependency perl -> perl-MIME-Base64
[  317s] cycle: perl -> perl-Math-BigInt
[  317s]   breaking dependency perl -> perl-Math-BigInt
[  317s] cycle: perl -> perl-Math-BigInt-FastCalc -> perl-Math-BigInt
[  317s]   breaking dependency perl -> perl-Math-BigInt-FastCalc
[  317s] cycle: perl -> perl-Math-BigRat -> perl-Math-BigInt
[  317s]   breaking dependency perl -> perl-Math-BigRat
[  317s] cycle: perl -> perl-Module-CoreList
[  317s]   breaking dependency perl -> perl-Module-CoreList
[  317s] cycle: perl -> perl-Module-Load -> perl-PathTools
[  317s]   breaking dependency perl -> perl-Module-Load
[  317s] cycle: perl -> perl-Module-Load-Conditional
[  317s]   breaking dependency perl -> perl-Module-Load-Conditional
[  317s] cycle: perl -> perl-Module-Metadata
[  317s]   breaking dependency perl -> perl-Module-Metadata
[  317s] cycle: perl -> perl-Params-Check
[  317s]   breaking dependency perl -> perl-Params-Check
[  317s] cycle: perl -> perl-PerlIO-via-QuotedPrint -> perl-MIME-Base64
[  317s]   breaking dependency perl -> perl-PerlIO-via-QuotedPrint
[  317s] cycle: perl -> perl-Pod-Checker
[  317s]   breaking dependency perl -> perl-Pod-Checker
[  317s] cycle: perl -> perl-Pod-Escapes
[  317s]   breaking dependency perl -> perl-Pod-Escapes
[  317s] cycle: perl -> perl-Pod-Parser
[  317s]   breaking dependency perl -> perl-Pod-Parser
[  317s] cycle: perl -> perl-Pod-Perldoc
[  317s]   breaking dependency perl -> perl-Pod-Perldoc
[  317s] cycle: perl -> perl-Pod-Usage
[  317s]   breaking dependency perl -> perl-Pod-Usage
[  317s] cycle: perl -> perl-Sys-Syslog
[  317s]   breaking dependency perl -> perl-Sys-Syslog
[  317s] cycle: perl -> perl-Term-Cap
[  317s]   breaking dependency perl -> perl-Term-Cap
[  317s] cycle: perl -> perl-Test-Harness
[  317s]   breaking dependency perl -> perl-Test-Harness
[  317s] cycle: perl -> perl-Test-Simple
[  317s]   breaking dependency perl -> perl-Test-Simple
[  317s] cycle: perl -> perl-Text-Balanced
[  317s]   breaking dependency perl -> perl-Text-Balanced
[  317s] cycle: perl -> perl-Thread-Queue -> perl-threads-shared
[  317s]   breaking dependency perl -> perl-Thread-Queue
[  317s] cycle: perl -> perl-Unicode-Collate -> perl-PathTools
[  317s]   breaking dependency perl -> perl-Unicode-Collate
[  317s] cycle: perl -> perl-autodie
[  317s]   breaking dependency perl -> perl-autodie
[  317s] cycle: perl -> perl-bignum -> perl-Math-BigInt
[  317s]   breaking dependency perl -> perl-bignum
[  317s] cycle: perl -> perl-devel
[  317s]   breaking dependency perl -> perl-devel
[  317s] cycle: perl -> perl-Encode-devel
[  317s]   breaking dependency perl -> perl-Encode-devel
[  317s] cycle: perl -> perl-experimental
[  317s]   breaking dependency perl -> perl-experimental
[  317s] cycle: perl -> perl-libnet -> perl-Digest-MD5 -> perl-Digest -> perl-MIME-Base64
[  317s]   breaking dependency perl -> perl-libnet
[  317s] cycle: perl -> perl-podlators
[  317s]   breaking dependency perl -> perl-podlators
[  317s] cycle: perl -> perl-version
[  317s]   breaking dependency perl -> perl-version
[  317s] cycle: glib2 -> gamin
[  317s]   breaking dependency glib2 -> gamin
[  317s] cycle: systemd -> gnutls -> unbound-libs -> shadow -> pam -> audit
[  317s]   breaking dependency systemd -> gnutls
[  317s] cycle: systemd -> pam -> audit
[  317s]   breaking dependency systemd -> pam
[  317s] cycle: systemd -> shadow -> pam -> audit
[  317s]   breaking dependency systemd -> shadow
[  317s] cycle: pam -> libpwquality
[  317s]   breaking dependency pam -> libpwquality
[  317s] cycle: perl-Getopt-Long -> perl-Pod-Usage
[  317s]   breaking dependency perl-Pod-Usage -> perl-Getopt-Long
[  317s] cycle: perl-Getopt-Long -> perl-Pod-Usage -> perl-podlators -> perl-Encode
[  317s]   breaking dependency perl-podlators -> perl-Encode
[  317s] cycle: perl-Getopt-Long -> perl-Pod-Usage -> perl-podlators
[  317s]   breaking dependency perl-podlators -> perl-Getopt-Long
[  317s] cycle: perl-Getopt-Long -> perl-Pod-Usage -> perl-podlators -> perl-Pod-Simple -> perl-Encode
[  317s]   breaking dependency perl-Encode -> perl-Getopt-Long
[  317s] cycle: perl-Getopt-Long -> perl-Pod-Usage -> perl-podlators -> perl-Pod-Simple
[  317s]   breaking dependency perl-podlators -> perl-Pod-Simple
[  317s] cycle: perl-Pod-Usage -> perl-podlators
[  317s]   breaking dependency perl-podlators -> perl-Pod-Usage
[  317s] cycle: groff -> perl-Getopt-Long -> perl-Pod-Usage -> perl-Pod-Perldoc
[  317s]   breaking dependency groff -> perl-Getopt-Long
[  317s] cycle: libxcrypt-devel -> glibc-devel
[  317s]   breaking dependency glibc-devel -> libxcrypt-devel
[  317s] cycle: cmake-data -> cmake
[  317s]   breaking dependency cmake -> cmake-data
[  317s] cycle: nss-util -> nss
[  317s]   breaking dependency nss -> nss-util
[  317s] cycle: nss-softokn -> nss-util -> nss
[  317s]   breaking dependency nss -> nss-softokn
[  317s] cycle: perl-Getopt-Long -> perl-Pod-Usage -> perl-Pod-Perldoc -> perl-Pod-Simple
[  317s]   breaking dependency perl-Pod-Perldoc -> perl-Pod-Simple
[  317s] cycle: openssh -> openssh-server
[  317s]   breaking dependency openssh-server -> openssh
[  317s] cycle: git -> perl-Git
[  317s]   breaking dependency git -> perl-Git
[  317s] cycle: perl-ExtUtils-Install -> perl-ExtUtils-MakeMaker
[  317s]   breaking dependency perl-ExtUtils-MakeMaker -> perl-ExtUtils-Install
[  318s] done
[  318s] querying package ids...
[  360s] [1/379] installing cmake-filesystem-3.22.0-1.oe1
[  361s] [2/379] installing fuse-common-3.9.2-5.oe1
[  362s] [3/379] installing kernel-headers-5.10-3.oe1
[  370s] [4/379] installing libreport-filesystem-2.13.1-5.oe1
[  371s] [5/379] installing ncurses-base-6.1-14.oe1
[  373s] [6/379] installing openEuler-gpg-keys-1.0-2.5.oe1
[  374s] [7/379] installing python-setuptools-59.4.0-3.oe1
[  375s] [8/379] installing qt5-srpm-macros-5.15.2-1.oe1
[  376s] [9/379] installing tzdata-2021a-2.oe1
[  387s] [10/379] installing dnf-data-4.10.0-1.oe1
[  388s] [11/379] installing openEuler-repos-1.0-2.5.oe1
[  389s] [12/379] installing openEuler-release-20.03LTS-40.oe1
[  391s] [13/379] installing filesystem-3.9-3.oe1
[  406s] warning: group mail does not exist - using root
[  406s] [14/379] installing emacs-filesystem-1:27.1-5.oe1
[  408s] [15/379] installing libgcc-10.3.1-20220105.6.oe1
[  410s] [16/379] installing setup-2.13.3-4.oe1
[  412s] [17/379] installing glibc-2.34-64.oe1
[  422s] [18/379] installing brotli-1.0.9-2.oe1
[  424s] [19/379] installing c-ares-1.17.1-1.oe1
[  425s] [20/379] installing chrpath-0.16-12.oe1
[  427s] [21/379] installing cpio-2.13-4.oe1
[  428s] [22/379] installing diffutils-3.7-4.oe1
[  432s] [23/379] installing expat-2.2.10-1.oe1
[  433s] [24/379] installing json-c-0.15-1.oe1
[  434s] [25/379] installing keyutils-libs-1.6.3-3.oe1
[  436s] [26/379] installing libICE-1.0.10-2.oe1
[  438s] [27/379] installing libXau-1.0.9-2.oe1
[  439s] [28/379] installing libaio-0.3.112-1.oe1
[  441s] [29/379] installing libargon2-20190702-1.oe1
[  442s] [30/379] installing libatomic-10.3.1-20220105.6.oe1
[  443s] [31/379] installing libcap-ng-0.7.11-1.oe1
[  444s] [32/379] installing libev-4.24-11.oe1
[  446s] [33/379] installing libffi-3.3-31.oe1
[  447s] [34/379] installing libgomp-10.3.1-20220105.6.oe1
[  448s] [35/379] installing libgpg-error-1.41-1.oe1
[  452s] [36/379] installing libnghttp2-1.42.0-1.oe1
[  453s] [37/379] installing libpcap-14:1.9.1-7.oe1
[  454s] [38/379] installing libpipeline-1.5.3-1.oe1
[  455s] [39/379] installing libsigsegv-2.11-10.oe1
[  457s] [40/379] installing libsmartcols-2.36.1-3.oe1
[  458s] [41/379] installing libtasn1-4.16.0-2.oe1
[  461s] [42/379] installing libtool-ltdl-2.4.6-34.oe1
[  462s] [43/379] installing libunistring-0.9.10-8.oe1
[  464s] [44/379] installing libuuid-2.36.1-3.oe1
[  465s] [45/379] installing libuv-1:1.40.0-1.oe1
[  467s] [46/379] installing libxcrypt-4.4.8-4.oe1
[  468s] [47/379] installing libyaml-0.2.5-1.oe1
[  470s] [48/379] installing lz4-1.9.3-1.oe1
[  472s] [49/379] installing m4-1.4.18-14.oe1
[  473s] [50/379] installing nspr-4.32.0-1.oe1
[  474s] [51/379] installing pkgconf-1.7.3-1.oe1
[  478s] [52/379] installing rhash-1.3.5-5.oe1
[  479s] [53/379] installing which-2.21-14.oe1
[  482s] [54/379] installing xz-libs-5.2.5-1.oe1
[  484s] [55/379] installing zlib-1.2.11-18.oe1
[  486s] [56/379] installing attr-2.4.48-12.oe1
[  488s] [57/379] installing basesystem-12-2.oe1
[  489s] [58/379] installing libstdc++-10.3.1-20220105.6.oe1
[  491s] [59/379] installing ncurses-libs-6.1-14.oe1
[  494s] [60/379] installing libsepol-3.1-4.oe1
[  496s] [61/379] installing libstdc++-devel-10.3.1-20220105.6.oe1
[  506s] [62/379] installing audit-libs-1:3.0-2.oe1
[  507s] [63/379] installing elfutils-libelf-0.185-3.oe1
[  508s] [64/379] installing file-libs-5.39-6.oe1
[  513s] [65/379] installing gmp-1:6.2.1-3.oe1
[  517s] [66/379] installing iptables-libs-1.8.1-4.oe1
[  519s] [67/379] installing less-563-2.oe1
[  520s] [68/379] installing libacl-2.2.53-7.oe1
[  522s] [69/379] installing libassuan-2.5.4-1.oe1
[  523s] [70/379] installing libedit-3.1-27.oe1
[  524s] [71/379] installing libffi-devel-3.3-31.oe1
[  525s] [72/379] installing libgcrypt-1.8.7-1.oe1
[  527s] [73/379] installing libpng-2:1.6.37-1.oe1
[  528s] [74/379] installing libxcb-1.14-1.oe1
[  530s] [75/379] installing readline-8.0-2.oe1
[  533s] [76/379] installing fuse-2.9.9-6.oe1
[  534s] [77/379] installing gc-8.0.4-2.oe1
[  536s] [78/379] installing libSM-1.2.3-2.oe1
[  538s] [79/379] installing libdb-5.3.28-35.oe1
[  543s] [80/379] installing libselinux-3.1-3.oe1
[  545s] [81/379] installing libxml2-2.9.12-5.oe1
[  548s] [82/379] installing bash-5.1-1.oe1
[  552s] [83/379] installing perl-libs-4:5.28.0-435.oe1
[  559s] [84/379] installing zstd-1.4.8-2.oe1
[  562s] [85/379] installing ncurses-6.1-14.oe1
[  577s] [86/379] installing thin-provisioning-tools-0.8.5-1.oe1
[  582s] [87/379] installing perl-parent-1:0.237-4.oe1
[  584s] [88/379] installing perl-perlfaq-5.20180915-5.oe1
[  586s] [89/379] installing libX11-1.6.9-2.oe1
[  590s] [90/379] installing mpfr-4.1.0-1.oe1
[  592s] [91/379] installing nettle-3.6-6.oe1
[  595s] [92/379] installing pcre2-10.36-1.oe1
[  599s] [93/379] installing perl-Exporter-5.74-1.oe1
[  602s] [94/379] installing file-5.39-6.oe1
[  606s] [95/379] installing gdbm-1:1.18.1-1.oe1
[  608s] [96/379] installing patch-2.7.6-12.oe1
[  609s] [97/379] installing qrencode-4.1.1-1
[  610s] [98/379] installing sed-4.8-2.oe1
[  612s] [99/379] installing acl-2.2.53-7.oe1
[  613s] [100/379] installing libcomps-0.1.15-1.oe1
[  616s] [101/379] installing pcre-8.44-1.oe1
[  617s] [102/379] installing glibc-common-2.34-64.oe1
[  638s] [103/379] installing coreutils-8.31-4.oe1
[  649s] [104/379] installing crontabs-1.11-21.oe1
[  651s] [105/379] installing elfutils-default-yama-scope-0.185-3.oe1
[  654s] /usr/lib/systemd/systemd-sysctl: error while loading shared libraries: libkmod.so.2: cannot open shared object file: No such file or directory
[  654s] [106/379] installing libXext-1.3.4-2.oe1
[  656s] [107/379] installing libXpm-3.5.12-11.oe1
[  658s] [108/379] installing perl-Carp-1.50-418.oe1
[  660s] [109/379] installing perl-Perl-OSType-1.010-421.oe1
[  661s] [110/379] installing perl-Term-ANSIColor-4.06-511.oe1
[  662s] [111/379] installing publicsuffix-list-20200718-1.oe1
[  664s] [112/379] installing uname-build-checks-1.0-0.4.oe1
[  666s] [113/379] installing bzip2-1.0.8-3.oe1
[  668s] [114/379] installing gzip-1.10-1.oe1
[  670s] [115/379] installing hostname-3.21-2.oe1
[  672s] [116/379] installing libcap-2.32-2.oe1
[  674s] [117/379] installing libmpc-1.2.0-2.oe1
[  676s] [118/379] installing libseccomp-2.4.3-2.oe1
[  680s] [119/379] installing npth-1.5-7.oe1
[  682s] [120/379] installing popt-1.18-1.oe1
[  686s] [121/379] installing grep-3.6-1.oe1
[  689s] [122/379] installing libXt-1.2.0-0.oe1
[  693s] [123/379] installing libblkid-2.36.1-3.oe1
[  696s] [124/379] installing libidn2-2.3.0-1.oe1
[  698s] [125/379] installing libksba-1.3.5-12.oe1
[  701s] [126/379] installing tar-2:1.32-3.oe1
[  705s] [127/379] installing tcl-1:8.6.10-3.oe1
[  710s] [128/379] installing info-6.7-2.oe1
[  712s] [129/379] installing jsoncpp-1.9.4-1.oe1
[  715s] [130/379] installing libgpg-error-devel-1.41-1.oe1
[  718s] [131/379] installing lua-5.3.5-6.oe1
[  721s] [132/379] installing slang-2.3.2-8.oe1
[  726s] [133/379] installing gawk-5.0.1-2.oe1
[  728s] [134/379] installing guile-5:2.0.14-15.oe1
[  740s] [135/379] installing zip-3.0-29.oe1
[  744s] [136/379] installing libfdisk-2.36.1-3.oe1
[  747s] [137/379] installing newt-0.52.21-4.oe1
[  751s] [138/379] installing perl-Text-ParseWords-3.30-419.oe1
[  753s] [139/379] installing crypto-policies-20180925-3.git71ca85f.oe1
[  763s] [140/379] installing elfutils-libs-0.185-3.oe1
[  768s] [141/379] installing libXmu-1.1.3-1.oe1
[  771s] [142/379] installing libmount-2.36.1-3.oe1
[  774s] [143/379] installing lua-posix-33.3.1-12.oe1
[  778s] [144/379] installing unzip-6.0-47.oe1
[  779s] [145/379] installing cracklib-2.9.7-6.oe1
[  788s] [146/379] installing e2fsprogs-1.45.6-3.oe1
[  793s] [147/379] installing findutils-2:4.7.0-7.oe1
[  797s] [148/379] installing libsemanage-3.1-4.oe1
[  799s] [149/379] installing make-1:4.2.1-15.oe1
[  801s] [150/379] installing sqlite-3.24.0-9.oe1
[  805s] [151/379] installing xz-5.2.5-1.oe1
[  808s] [152/379] installing logrotate-3.15.1-2.oe1
[  810s] [153/379] installing perl-Scalar-List-Utils-3:1.52-2.oe1
[  812s] [154/379] installing perl-Time-HiRes-1.9760-2.oe1
[  814s] [155/379] installing perl-Unicode-Normalize-1.26-419.oe1
[  819s] [156/379] installing glibc-devel-2.34-64.oe1
[  831s] [157/379] installing libgcrypt-devel-1.8.7-1.oe1
[  835s] [158/379] installing cpp-10.3.1-20220105.6.oe1
[  848s] [159/379] installing gnupg2-2.2.27-2.oe1
[  854s] [160/379] installing systemd-libs-243-22.oe1
[  858s] [161/379] installing dbus-libs-1:1.12.20-3.oe1
[  860s] [162/379] installing libxcrypt-devel-4.4.8-4.oe1
[  863s] [163/379] installing p11-kit-0.23.22-1.oe1
[  866s] [164/379] installing procps-ng-3.3.16-15.oe1
[  869s] [165/379] installing copy-jdk-configs-4.0-1.oe1
[  871s] [166/379] installing gpgme-1.15.1-1.oe1
[  874s] [167/379] installing openssl-libs-1:1.1.1f-2.oe1
[  878s] [168/379] installing chkconfig-1.14-2.oe1
[  881s] [169/379] installing elfutils-0.185-3.oe1
[  884s] [170/379] installing libXaw-1.0.13-13.oe1
[  888s] [171/379] installing glib2-2.66.8-1.oe1
[  897s] [172/379] installing dbus-tools-1:1.12.20-3.oe1
[  898s] [173/379] installing ima-evm-utils-libs-1.2.1-8.oe1
[  901s] [174/379] installing libevent-2.1.12-4
[  910s] [175/379] installing libcroco-0.6.12-13.oe1
[  913s] [176/379] installing fipscheck-1.5.0-7.oe1
[  916s] [177/379] installing gamin-0.1.10-38.oe1
[  918s] [178/379] installing kmod-libs-27-4.oe1
[  920s] [179/379] installing libsecret-0.18.6-5.oe1
[  923s] [180/379] installing obs-env-1.0-5.oe1
[  932s] [181/379] installing kmod-27-4.oe1
[  936s] [182/379] installing binutils-2.37-6.oe1
[  956s] [183/379] installing p11-kit-trust-0.23.22-1.oe1
[  959s] [184/379] installing babeltrace-1.5.8-1.oe1
[  964s] [185/379] installing libarchive-3.5.1-1.oe1
[  968s] [186/379] installing nodejs-libs-1:16.10.0-1.oe1
[ 1025s] [187/379] installing libverto-0.3.1-2.oe1
[ 1029s] [188/379] installing ca-certificates-2020.2.46-2.oe1
[ 1041s] [189/379] installing gettext-0.20.1-2.oe1
[ 1048s] [190/379] installing gcc-10.3.1-20220105.6.oe1
[ 1080s] [191/379] installing rpm-libs-4.15.1-25.oe1
[ 1083s] [192/379] installing python-pip-wheel-19.2.3-2.fc32
[ 1085s] [193/379] installing libmodulemd-2.13.0-1.oe1
[ 1088s] [194/379] installing gcc-c++-10.3.1-20220105.6.oe1
[ 1101s] [195/379] installing krb5-libs-1.18.2-3.oe1
[ 1105s] [196/379] installing libtirpc-1.3.1-1.oe1
[ 1109s] [197/379] installing cyrus-sasl-lib-2.1.27-10.oe1
[ 1112s] [198/379] installing libssh-0.9.5-1.oe1
[ 1116s] [199/379] installing openldap-2.4.46-15.oe1
[ 1121s] [200/379] installing libnsl2-1.3.0-2.oe1
[ 1126s] [201/379] installing python3-3.8.5-13.oe1
[ 1161s] [202/379] installing python3-click-7.0-6.fc32
[ 1163s] [203/379] installing python3-concurrent-log-handler-0.9.16-1.oe1
[ 1165s] [204/379] installing python3-elasticsearch-7.10.1-1.oe1
[ 1170s] [205/379] installing python3-idna-2.8-5.fc32
[ 1173s] [206/379] installing python3-itsdangerous-0.24-19.fc32
[ 1175s] [207/379] installing python3-limits-1.5.1-1.oe1
[ 1178s] [208/379] installing python3-ordered-set-3.1-4.fc32
[ 1179s] [209/379] installing python3-portalocker-1.5.0-3.fc32
[ 1189s] [210/379] installing python3-prettytable-0.7.2-21.fc32
[ 1195s] [211/379] installing python3-pyparsing-2.4.5-1.fc32
[ 1199s] [212/379] installing python3-pysocks-1.7.1-3.fc32
[ 1202s] [213/379] installing python3-redis-3.3.8-1.fc32
[ 1205s] [214/379] installing python3-setuptools-59.4.0-3.oe1
[ 1215s] [215/379] installing python3-setuptools_scm-3.3.3-6.fc32
[ 1219s] [216/379] installing python3-six-1.15.0-3.oe1
[ 1221s] [217/379] installing python3-werkzeug-0.14.1-12.fc32
[ 1225s] [218/379] installing python3-certifi-2018.10.15-8.fc32
[ 1227s] [219/379] installing python3-greenlet-0.4.14-1.0.riscv64.fc29
[ 1229s] [220/379] installing python3-markupsafe-1.1.1-4.fc32
[ 1231s] [221/379] installing python3-pytz-2019.2-2
[ 1234s] [222/379] installing python3-gpgme-1.15.1-1.oe1
[ 1236s] [223/379] installing python3-pyyaml-5.3.1-4.oe1
[ 1241s] [224/379] installing python3-uWSGI-2.0.19.1-1.oe1
[ 1245s] [225/379] installing python3-libcomps-0.1.15-1.oe1
[ 1249s] [226/379] installing libpsl-0.21.1-1.oe1
[ 1254s] [227/379] installing gdb-headless-9.2-5.oe1
[ 1261s] [228/379] installing python3-Flask-Limiter-1.4-1.oe1
[ 1263s] [229/379] installing python3-chardet-3.0.4-14.fc32
[ 1266s] [230/379] installing python3-marshmallow-3.1.1-1.fc32
[ 1268s] [231/379] installing python3-mock-3.0.5-7.fc32
[ 1271s] [232/379] installing python3-retrying-1.2.3-21.fc32
[ 1274s] [233/379] installing systemtap-sdt-devel-4.1-3.oe1
[ 1277s] [234/379] installing gdb-9.2-5.oe1
[ 1279s] [235/379] installing python3-babel-2.8.0-2.fc32
[ 1290s] [236/379] installing python3-coverage-4.5.4-5.fc32
[ 1293s] [237/379] installing python3-dateutil-1:2.8.0-7.fc32
[ 1296s] [238/379] installing python3-pip-19.2.3-2.fc32
[ 1306s] [239/379] installing python3-gevent-1.3.6-5.fc31
[ 1312s] [240/379] installing python3-urllib3-1.25.7-2.fc32
[ 1315s] [241/379] installing libcurl-7.79.1-1.oe1
[ 1317s] [242/379] installing python3-aniso8601-8.0.0-1.fc32
[ 1320s] [243/379] installing curl-7.79.1-1.oe1
[ 1322s] [244/379] installing python3-jinja2-2.10.3-2.fc32
[ 1326s] [245/379] installing python3-requests-2.22.0-7.fc32
[ 1329s] [246/379] installing librepo-1.14.2-2.oe1
[ 1331s] [247/379] installing python3-flask-1:1.0.2-9.fc32
[ 1334s] [248/379] installing rpm-4.15.1-25.oe1
[ 1339s] [249/379] installing efi-srpm-macros-4-3.oe1
[ 1342s] [250/379] installing cmake-rpm-macros-3.22.0-1.oe1
[ 1345s] [251/379] installing python3-flask-restful-0.3.7-5.fc32
[ 1350s] [252/379] installing libsolv-0.7.20-1.oe1
[ 1353s] [253/379] installing python3-rpm-4.15.1-25.oe1
[ 1355s] [254/379] installing openEuler-rpm-config-30-22.oe1
[ 1357s] [255/379] installing cmake-3.22.0-1.oe1
[ 1373s] [256/379] installing libdnf-0.65.0-2.oe1
[ 1380s] [257/379] installing cmake-data-3.22.0-1.oe1
[ 1403s] [258/379] installing python3-libdnf-0.65.0-2.oe1
[ 1413s] [259/379] installing perl-4:5.28.0-435.oe1
[ 1425s] [260/379] installing perl-B-Debug-1.26-4.oe1
[ 1426s] [261/379] installing perl-Env-1.04-397.oe1
[ 1428s] [262/379] installing perl-Devel-PPPort-3.42-4.oe1
[ 1430s] [263/379] installing perl-Pod-Escapes-1:1.07-419.oe1
[ 1433s] [264/379] installing perl-Text-Tabs+Wrap-2013.0523-419.oe1
[ 1435s] [265/379] installing perl-Algorithm-Diff-1.1903-14.oe1
[ 1436s] [266/379] installing perl-Params-Check-1:0.38-418.oe1
[ 1438s] [267/379] installing perl-Term-Cap-1.17-510.oe1
[ 1442s] [268/379] installing perl-TermReadKey-2.38-2.oe1
[ 1445s] [269/379] installing perl-Text-Balanced-2.03-420.oe1
[ 1448s] [270/379] installing perl-threads-1:2.22-419.oe1
[ 1450s] [271/379] installing openssl-1:1.1.1f-2.oe1
[ 1452s] [272/379] installing perl-Config-Perl-V-0.30-5.oe1
[ 1454s] [273/379] installing perl-Error-1:0.17029-1.oe1
[ 1457s] [274/379] installing perl-Filter-2:1.59-2.oe1
[ 1460s] [275/379] installing perl-IPC-SysV-2.07-5.oe1
[ 1463s] [276/379] installing perl-Locale-Maketext-1:1.28-1.oe1
[ 1466s] [277/379] installing perl-constant-1.33-421.oe1
[ 1469s] [278/379] installing perl-MIME-Base64-3.15-418.oe1
[ 1472s] [279/379] installing perl-CPAN-Meta-YAML-0.018-420.oe1
[ 1478s] [280/379] installing perl-Socket-4:2.029-2.oe1
[ 1481s] [281/379] installing perl-Storable-1:3.15-2.oe1
[ 1484s] [282/379] installing python3-hawkey-0.65.0-2.oe1
[ 1487s] [283/379] installing perl-PerlIO-via-QuotedPrint-0.08-397.oe1
[ 1490s] [284/379] installing perl-Digest-1.17-419.oe1
[ 1494s] [285/379] installing perl-Filter-Simple-1:0.94-1.oe1
[ 1497s] [286/379] installing perl-IO-Socket-IP-0.39-420.oe1
[ 1500s] [287/379] installing perl-Text-Diff-1.45-7.oe1
[ 1503s] [288/379] installing perl-Time-Local-2:1.280-6.oe1
[ 1505s] [289/379] installing perl-version-8:0.99.24-3.oe1
[ 1508s] [290/379] installing perl-IPC-System-Simple-1.25-19.oe1
[ 1511s] [291/379] installing perl-threads-shared-1.59-2.oe1
[ 1514s] [292/379] installing perl-Compress-Raw-Bzip2-2.100-1.oe1
[ 1517s] [293/379] installing perl-Compress-Raw-Zlib-1:2.100-1.oe1
[ 1519s] [294/379] installing perl-Locale-Codes-3.58-2.oe1
[ 1522s] [295/379] installing perl-Math-BigInt-1:1.9998.13-5.oe1
[ 1525s] [296/379] installing perl-PathTools-3.75-4.oe1
[ 1527s] [297/379] installing python3-dnf-4.10.0-1.oe1
[ 1531s] [298/379] installing perl-Data-Dumper-2.172-3.oe1
[ 1534s] [299/379] installing perl-Sys-Syslog-0.35-420.oe1
[ 1536s] [300/379] installing perl-Encode-4:2.98-9.oe1
[ 1541s] [301/379] installing autogen-5.18.16-1.oe1
[ 1544s] [302/379] installing nodejs-1:16.10.0-1.oe1
[ 1547s] [303/379] installing systemd-243-22.oe1
[ 1568s] /var/tmp/rpm-tmp.ftKVZ9: line 8: groupadd: command not found
[ 1568s] /var/tmp/rpm-tmp.ftKVZ9: line 10: groupadd: command not found
[ 1568s] /var/tmp/rpm-tmp.ftKVZ9: line 13: groupadd: command not found
[ 1568s] /var/tmp/rpm-tmp.ftKVZ9: line 16: groupadd: command not found
[ 1569s] [304/379] installing dbus-common-1:1.12.20-3.oe1
[ 1571s] [305/379] installing nodejs-source-map-0.5.6-1.oe1
[ 1573s] [306/379] installing perl-Module-Load-1:0.32-418.oe1
[ 1575s] [307/379] installing nodejs-packaging-20-1.oe1
[ 1577s] [308/379] installing dnf-4.10.0-1.oe1
[ 1581s] Failed to preset unit, unit dnf-automatic.timer does not exist.
[ 1581s] Failed to preset unit, unit dnf-automatic-notifyonly.timer does not exist.
[ 1581s] Failed to preset unit, unit dnf-automatic-download.timer does not exist.
[ 1581s] Failed to preset unit, unit dnf-automatic-install.timer does not exist.
[ 1581s] [309/379] installing perl-File-Which-1.23-1.oe1
[ 1583s] [310/379] installing perl-Thread-Queue-3.13-3.oe1
[ 1584s] [311/379] installing perl-experimental-0.020-2.oe1
[ 1587s] [312/379] installing perl-Digest-MD5-2.55-419.oe1
[ 1590s] [313/379] installing perl-File-Path-2.16-4.oe1
[ 1591s] [314/379] installing perl-Math-BigInt-FastCalc-0.500.700-4.oe1
[ 1593s] [315/379] installing perl-Module-Metadata-1.000036-3.oe1
[ 1595s] [316/379] installing perl-CPAN-Meta-Requirements-2.140-419.oe1
[ 1598s] [317/379] installing perl-Encode-devel-4:2.98-9.oe1
[ 1601s] [318/379] installing perl-HTTP-Tiny-0.076-3.oe1
[ 1602s] [319/379] installing perl-Math-BigRat-0.2614-2.oe1
[ 1604s] [320/379] installing audit-1:3.0-2.oe1
[ 1608s] [321/379] installing perl-DB_File-1.842-2.oe1
[ 1611s] [322/379] installing perl-autodie-2.29-398.oe1
[ 1613s] [323/379] installing perl-Unicode-Collate-1.25-4.oe1
[ 1619s] [324/379] installing perl-IO-Compress-2.081-6.oe1
[ 1621s] [325/379] installing perl-podlators-1:4.14-1.oe1
[ 1623s] [326/379] installing perl-ExtUtils-Command-1:7.60-1.oe1
[ 1624s] [327/379] installing perl-ExtUtils-Manifest-1:1.71-4.oe1
[ 1626s] [328/379] installing perl-bignum-0.50-4.oe1
[ 1628s] [329/379] installing perl-File-Temp-1:0.230.800-4.oe1
[ 1632s] [330/379] installing perl-libnet-3.11-420.oe1
[ 1633s] [331/379] installing pam-1.5.1-1.oe1
[ 1639s] [332/379] installing libpwquality-1.4.4-1.oe1
[ 1642s] [333/379] installing perl-File-HomeDir-1.004-4.oe1
[ 1644s] [334/379] installing shadow-2:4.8.1-5.oe1
[ 1647s] [335/379] installing perl-Test-Simple-2:1.302175-2.oe1
[ 1650s] [336/379] installing libutempter-1.1.6-16.oe1
[ 1653s] [337/379] installing unbound-libs-1.10.1-4.oe1
[ 1659s] [338/379] installing dbus-daemon-1:1.12.20-3.oe1
[ 1665s] [339/379] installing openssh-server-8.2p1-10.oe1
[ 1672s] Created symlink /etc/systemd/system/multi-user.target.wants/sshd.service -> /usr/lib/systemd/system/sshd.service.
[ 1673s] [340/379] installing groff-1.22.4-4.oe1
[ 1683s] [341/379] installing dbus-1:1.12.20-3.oe1
[ 1687s] [342/379] installing man-db-2.9.3-2.oe1
[ 1695s] [343/379] installing perl-Pod-Perldoc-1:3.28-3.oe1
[ 1698s] [344/379] installing gnutls-3.6.15-3.oe1
[ 1703s] [345/379] installing util-linux-2.36.1-3.oe1
[ 1712s] [346/379] installing nss-help-3.72.0-2.oe1
[ 1715s] [347/379] installing perl-Pod-Usage-4:1.69-418.oe1
[ 1716s] [348/379] installing device-mapper-8:1.02.172-1.oe1
[ 1719s] [349/379] installing openssh-8.2p1-10.oe1
[ 1724s] [350/379] installing perl-Getopt-Long-1:2.52-1.oe1
[ 1727s] [351/379] installing cryptsetup-2.3.3-3.oe1
[ 1732s] [352/379] installing device-mapper-event-8:1.02.172-1.oe1
[ 1735s] Created symlink /etc/systemd/system/sockets.target.wants/dm-event.socket -> /usr/lib/systemd/system/dm-event.socket.
[ 1735s] [353/379] installing nss-3.72.0-2.oe1
[ 1746s] [354/379] installing openssh-clients-8.2p1-10.oe1
[ 1749s] [355/379] installing nss-util-3.72.0-2.oe1
[ 1752s] [356/379] installing perl-ExtUtils-ParseXS-2:3.35-1.oe1
[ 1754s] [357/379] installing perl-Module-CoreList-1:5.20180920-2.oe1
[ 1756s] [358/379] installing perl-Digest-SHA-1:6.02-7.oe1
[ 1759s] [359/379] installing perl-Pod-Parser-1.63-397.oe1
[ 1761s] [360/379] installing perl-Pod-Simple-1:3.35-418.oe1
[ 1763s] [361/379] installing perl-Test-Harness-1:3.43_02-1.oe1
[ 1766s] [362/379] installing perl-Archive-Tar-2.30-421.oe1
[ 1768s] [363/379] installing perl-JSON-PP-1:4.04-2.oe1
[ 1769s] [364/379] installing lvm2-8:2.03.11-1.oe1
[ 1777s] Created symlink /etc/systemd/system/sysinit.target.wants/lvm2-lvmpolld.socket -> /usr/lib/systemd/system/lvm2-lvmpolld.socket.
[ 1777s] [365/379] installing autoconf-2.69-30.oe1
[ 1781s] [366/379] installing git-2.23.0-12.oe1
[ 1798s] [367/379] installing nss-softokn-3.72.0-2.oe1
[ 1801s] [368/379] installing perl-Pod-Checker-4:1.73-398.oe1
[ 1807s] [369/379] installing perl-Git-2.23.0-12.oe1
[ 1808s] [370/379] installing perl-CPAN-Meta-2.150010-419.oe1
[ 1812s] [371/379] installing perl-Module-Load-Conditional-0.68-418.oe1
[ 1814s] [372/379] installing automake-1.16.1-6.oe1
[ 1817s] [373/379] installing perl-ExtUtils-MakeMaker-1:7.60-1.oe1
[ 1819s] [374/379] installing perl-ExtUtils-Install-2.14-419.oe1
[ 1821s] [375/379] installing perl-IPC-Cmd-2:1.04-4.oe1
[ 1824s] [376/379] installing rpm-build-4.15.1-25.oe1
[ 1826s] [377/379] installing gcc_secure-1.0-0.9.oe1
[ 1831s] [378/379] installing perl-File-Fetch-0.56-4.oe1
[ 1833s] [379/379] installing perl-devel-4:5.28.0-435.oe1
[ 1847s] removing nis flags from /var/cache/obs/worker/root_2/etc/nsswitch.conf...
[ 1847s] now finalizing build dir...
[ 1864s] Running build time source services...
[ 1884s] -----------------------------------------------------------------
[ 1884s] I have the following modifications for pkgship.spec:
[ 1885s] -----------------------------------------------------------------
[ 1885s] ----- building pkgship.spec (user abuild)
[ 1885s] -----------------------------------------------------------------
[ 1885s] -----------------------------------------------------------------
[ 1896s] + exec rpmbuild -ba --define '_srcdefattr (-,root,root)' --nosignature --define 'disturl obs://private/openEuler:Mainline:RISC-V/advanced_riscv64/bfcf36a1137e26713fe07659fb1580f7-pkgship' /home/abuild/rpmbuild/SOURCES/pkgship.spec
[ 1899s] Executing(%prep): /bin/sh -e /var/tmp/rpm-tmp.RmpnNI
[ 1899s] + umask 022
[ 1899s] + cd /home/abuild/rpmbuild/BUILD
[ 1899s] + cd /home/abuild/rpmbuild/BUILD
[ 1899s] + rm -rf pkgship-2.2.0
[ 1899s] + /usr/bin/gzip -dc /home/abuild/rpmbuild/SOURCES/pkgship-2.2.0.tar.gz
[ 1899s] + /usr/bin/tar -xof -
[ 1911s] + STATUS=0
[ 1911s] + '[' 0 -ne 0 ']'
[ 1911s] + cd pkgship-2.2.0
[ 1911s] + /usr/bin/chmod -Rf a+rX,u+w,g-w,o-w .
[ 1911s] + /usr/bin/cat /home/abuild/rpmbuild/SOURCES/0001-bugfix-pkginfo.patch
[ 1911s] + /usr/bin/patch -p1 -s --fuzz=0 --no-backup-if-mismatch
[ 1911s] + /usr/bin/cat /home/abuild/rpmbuild/SOURCES/0002-fix-install-and-start-script-info.patch
[ 1911s] + /usr/bin/patch -p1 -s --fuzz=0 --no-backup-if-mismatch
[ 1911s] + /usr/bin/cat /home/abuild/rpmbuild/SOURCES/0003-bugfix-binary-name-mapping-source.patch
[ 1911s] + /usr/bin/patch -p1 -s --fuzz=0 --no-backup-if-mismatch
[ 1911s] + /usr/bin/cat /home/abuild/rpmbuild/SOURCES/0004-fix-depend-query.patch
[ 1911s] + /usr/bin/patch -p1 -s --fuzz=0 --no-backup-if-mismatch
[ 1912s] + /usr/bin/cat /home/abuild/rpmbuild/SOURCES/0005-update-validate-encoding-format.patch
[ 1912s] + /usr/bin/patch -p1 -s --fuzz=0 --no-backup-if-mismatch
[ 1912s] + /usr/bin/patch -p1 -s --fuzz=0 --no-backup-if-mismatch
[ 1912s] + /usr/bin/cat /home/abuild/rpmbuild/SOURCES/0006-update-copyright.patch
[ 1913s] + /usr/bin/patch -p1 -s --fuzz=0 --no-backup-if-mismatch
[ 1913s] + /usr/bin/cat /home/abuild/rpmbuild/SOURCES/0007-update-readme-about-docker.patch
[ 1913s] + /usr/bin/cat /home/abuild/rpmbuild/SOURCES/0008-fix-simplejson-question.patch
[ 1913s] + /usr/bin/patch -p1 -s --fuzz=0 --no-backup-if-mismatch
[ 1913s] + /usr/bin/cat /home/abuild/rpmbuild/SOURCES/0009-delete-terminal-fix-build-failed.patch
[ 1913s] + /usr/bin/patch -p1 -s --fuzz=0 --no-backup-if-mismatch
[ 1914s] + RPM_EC=0
[ 1914s] ++ jobs -p
[ 1914s] + exit 0
[ 1914s] Executing(%build): /bin/sh -e /var/tmp/rpm-tmp.hUhHQa
[ 1914s] + umask 022
[ 1914s] + cd /home/abuild/rpmbuild/BUILD
[ 1914s] + cd pkgship-2.2.0
[ 1914s] + CFLAGS='-O2 -g -pipe -Wall -Werror=format-security -Wp,-D_FORTIFY_SOURCE=2 -Wp,-D_GLIBCXX_ASSERTIONS -fstack-protector-strong -grecord-gcc-switches -specs=/usr/lib/rpm/generic-hardened-cc1 -fasynchronous-unwind-tables -fstack-clash-protection'
[ 1914s] + LDFLAGS='-Wl,-z,relro   -Wl,-z,now -specs=/usr/lib/rpm/generic-hardened-ld'
[ 1914s] + /usr/bin/python3 setup.py build '--executable=/usr/bin/python3 -s'
[ 1923s] running build
[ 1923s] running build_py
[ 1923s] creating build
[ 1923s] creating build/lib
[ 1923s] creating build/lib/packageship
[ 1923s] copying packageship/selfpkg.py -> build/lib/packageship
[ 1923s] copying packageship/__init__.py -> build/lib/packageship
[ 1923s] creating build/lib/test
[ 1923s] copying test/coverage_count.py -> build/lib/test
[ 1923s] copying test/__init__.py -> build/lib/test
[ 1923s] creating build/lib/packageship/libs
[ 1923s] copying packageship/libs/__init__.py -> build/lib/packageship/libs
[ 1923s] copying packageship/libs/log.py -> build/lib/packageship/libs
[ 1923s] creating build/lib/packageship/application
[ 1923s] copying packageship/application/appglobal.py -> build/lib/packageship/application
[ 1923s] copying packageship/application/settings.py -> build/lib/packageship/application
[ 1923s] copying packageship/application/__init__.py -> build/lib/packageship/application
[ 1923s] creating build/lib/packageship/libs/conf
[ 1923s] copying packageship/libs/conf/global_config.py -> build/lib/packageship/libs/conf
[ 1923s] copying packageship/libs/conf/__init__.py -> build/lib/packageship/libs/conf
[ 1923s] creating build/lib/packageship/application/database
[ 1923s] copying packageship/application/database/cache.py -> build/lib/packageship/application/database
[ 1923s] copying packageship/application/database/session.py -> build/lib/packageship/application/database
[ 1923s] copying packageship/application/database/__init__.py -> build/lib/packageship/application/database
[ 1923s] copying packageship/application/database/engine.py -> build/lib/packageship/application/database
[ 1923s] creating build/lib/packageship/application/apps
[ 1923s] copying packageship/application/apps/__init__.py -> build/lib/packageship/application/apps
[ 1923s] creating build/lib/packageship/application/common
[ 1923s] copying packageship/application/common/compress.py -> build/lib/packageship/application/common
[ 1923s] copying packageship/application/common/exc.py -> build/lib/packageship/application/common
[ 1923s] copying packageship/application/common/constant.py -> build/lib/packageship/application/common
[ 1923s] copying packageship/application/common/export.py -> build/lib/packageship/application/common
[ 1923s] copying packageship/application/common/singleton.py -> build/lib/packageship/application/common
[ 1923s] copying packageship/application/common/__init__.py -> build/lib/packageship/application/common
[ 1923s] copying packageship/application/common/remote.py -> build/lib/packageship/application/common
[ 1923s] creating build/lib/packageship/application/serialize
[ 1923s] copying packageship/application/serialize/package.py -> build/lib/packageship/application/serialize
[ 1923s] copying packageship/application/serialize/dependinfo.py -> build/lib/packageship/application/serialize
[ 1924s] copying packageship/application/serialize/validate.py -> build/lib/packageship/application/serialize
[ 1924s] copying packageship/application/serialize/__init__.py -> build/lib/packageship/application/serialize
[ 1924s] creating build/lib/packageship/application/core
[ 1924s] copying packageship/application/core/db_info.py -> build/lib/packageship/application/core
[ 1924s] copying packageship/application/core/__init__.py -> build/lib/packageship/application/core
[ 1924s] creating build/lib/packageship/application/initialize
[ 1924s] copying packageship/application/initialize/repo.py -> build/lib/packageship/application/initialize
[ 1924s] copying packageship/application/initialize/integration.py -> build/lib/packageship/application/initialize
[ 1924s] copying packageship/application/initialize/__init__.py -> build/lib/packageship/application/initialize
[ 1924s] creating build/lib/packageship/application/query
[ 1924s] copying packageship/application/query/database.py -> build/lib/packageship/application/query
[ 1924s] copying packageship/application/query/query_body.py -> build/lib/packageship/application/query
[ 1924s] copying packageship/application/query/pkg.py -> build/lib/packageship/application/query
[ 1924s] copying packageship/application/query/depend.py -> build/lib/packageship/application/query
[ 1924s] copying packageship/application/query/__init__.py -> build/lib/packageship/application/query
[ 1924s] creating build/lib/packageship/application/cli
[ 1924s] copying packageship/application/cli/base.py -> build/lib/packageship/application/cli
[ 1924s] copying packageship/application/cli/__init__.py -> build/lib/packageship/application/cli
[ 1924s] copying packageship/application/cli/cmd.py -> build/lib/packageship/application/cli
[ 1924s] creating build/lib/packageship/application/database/engines
[ 1924s] copying packageship/application/database/engines/__init__.py -> build/lib/packageship/application/database/engines
[ 1924s] creating build/lib/packageship/application/database/engines/elastic
[ 1924s] copying packageship/application/database/engines/elastic/__init__.py -> build/lib/packageship/application/database/engines/elastic
[ 1924s] copying packageship/application/database/engines/elastic/elasticdb.py -> build/lib/packageship/application/database/engines/elastic
[ 1924s] creating build/lib/packageship/application/apps/package
[ 1924s] copying packageship/application/apps/package/url.py -> build/lib/packageship/application/apps/package
[ 1924s] copying packageship/application/apps/package/view.py -> build/lib/packageship/application/apps/package
[ 1924s] copying packageship/application/apps/package/__init__.py -> build/lib/packageship/application/apps/package
[ 1924s] creating build/lib/packageship/application/apps/dependinfo
[ 1924s] copying packageship/application/apps/dependinfo/url.py -> build/lib/packageship/application/apps/dependinfo
[ 1924s] copying packageship/application/apps/dependinfo/view.py -> build/lib/packageship/application/apps/dependinfo
[ 1924s] copying packageship/application/apps/dependinfo/__init__.py -> build/lib/packageship/application/apps/dependinfo
[ 1924s] creating build/lib/packageship/application/common/rsp
[ 1924s] copying packageship/application/common/rsp/content.py -> build/lib/packageship/application/common/rsp
[ 1924s] copying packageship/application/common/rsp/xmlmap.py -> build/lib/packageship/application/common/rsp
[ 1924s] copying packageship/application/common/rsp/__init__.py -> build/lib/packageship/application/common/rsp
[ 1924s] creating build/lib/packageship/application/core/compare
[ 1924s] copying packageship/application/core/compare/compare_repo.py -> build/lib/packageship/application/core/compare
[ 1924s] copying packageship/application/core/compare/validate.py -> build/lib/packageship/application/core/compare
[ 1924s] copying packageship/application/core/compare/__init__.py -> build/lib/packageship/application/core/compare
[ 1924s] copying packageship/application/core/compare/query_depend.py -> build/lib/packageship/application/core/compare
[ 1924s] creating build/lib/packageship/application/core/baseinfo
[ 1924s] copying packageship/application/core/baseinfo/pkg_version.py -> build/lib/packageship/application/core/baseinfo
[ 1924s] copying packageship/application/core/baseinfo/__init__.py -> build/lib/packageship/application/core/baseinfo
[ 1924s] creating build/lib/packageship/application/core/pkginfo
[ 1924s] copying packageship/application/core/pkginfo/pkg.py -> build/lib/packageship/application/core/pkginfo
[ 1924s] copying packageship/application/core/pkginfo/__init__.py -> build/lib/packageship/application/core/pkginfo
[ 1924s] creating build/lib/packageship/application/core/depend
[ 1924s] copying packageship/application/core/depend/down_load.py -> build/lib/packageship/application/core/depend
[ 1924s] copying packageship/application/core/depend/be_depend.py -> build/lib/packageship/application/core/depend
[ 1924s] copying packageship/application/core/depend/build_depend.py -> build/lib/packageship/application/core/depend
[ 1924s] copying packageship/application/core/depend/self_depend.py -> build/lib/packageship/application/core/depend
[ 1924s] copying packageship/application/core/depend/graph.py -> build/lib/packageship/application/core/depend
[ 1924s] copying packageship/application/core/depend/__init__.py -> build/lib/packageship/application/core/depend
[ 1924s] copying packageship/application/core/depend/basedepend.py -> build/lib/packageship/application/core/depend
[ 1924s] copying packageship/application/core/depend/install_depend.py -> build/lib/packageship/application/core/depend
[ 1924s] creating build/lib/packageship/application/cli/commands
[ 1924s] copying packageship/application/cli/commands/db.py -> build/lib/packageship/application/cli/commands
[ 1924s] copying packageship/application/cli/commands/comparedep.py -> build/lib/packageship/application/cli/commands
[ 1924s] copying packageship/application/cli/commands/allpkg.py -> build/lib/packageship/application/cli/commands
[ 1924s] copying packageship/application/cli/commands/bedepend.py -> build/lib/packageship/application/cli/commands
[ 1924s] copying packageship/application/cli/commands/builddep.py -> build/lib/packageship/application/cli/commands
[ 1924s] copying packageship/application/cli/commands/installdep.py -> build/lib/packageship/application/cli/commands
[ 1924s] copying packageship/application/cli/commands/singlepkg.py -> build/lib/packageship/application/cli/commands
[ 1924s] copying packageship/application/cli/commands/version.py -> build/lib/packageship/application/cli/commands
[ 1924s] copying packageship/application/cli/commands/__init__.py -> build/lib/packageship/application/cli/commands
[ 1924s] copying packageship/application/cli/commands/selfdepend.py -> build/lib/packageship/application/cli/commands
[ 1924s] copying packageship/application/cli/commands/initialize.py -> build/lib/packageship/application/cli/commands
[ 1924s] creating build/lib/test/graph
[ 1924s] copying test/graph/test_graph.py -> build/lib/test/graph
[ 1924s] copying test/graph/__init__.py -> build/lib/test/graph
[ 1924s] creating build/lib/test/test_module
[ 1924s] copying test/test_module/__init__.py -> build/lib/test/test_module
[ 1924s] creating build/lib/test/base_code
[ 1924s] copying test/base_code/init_config_path.py -> build/lib/test/base_code
[ 1924s] copying test/base_code/common_test_code.py -> build/lib/test/base_code
[ 1924s] copying test/base_code/read_mock_data.py -> build/lib/test/base_code
[ 1925s] copying test/base_code/read_data_base.py -> build/lib/test/base_code
[ 1925s] copying test/base_code/basetest.py -> build/lib/test/base_code
[ 1925s] copying test/base_code/__init__.py -> build/lib/test/base_code
[ 1925s] creating build/lib/test/unpack
[ 1925s] copying test/unpack/test_unpack.py -> build/lib/test/unpack
[ 1925s] copying test/unpack/__init__.py -> build/lib/test/unpack
[ 1925s] creating build/lib/test/cli
[ 1925s] copying test/cli/__init__.py -> build/lib/test/cli
[ 1925s] creating build/lib/test/test_module/test_schema
[ 1925s] copying test/test_module/test_schema/test_packaeges_schema.py -> build/lib/test/test_module/test_schema
[ 1925s] copying test/test_module/test_schema/test_depend_schema.py -> build/lib/test/test_module/test_schema
[ 1925s] copying test/test_module/test_schema/__init__.py -> build/lib/test/test_module/test_schema
[ 1925s] creating build/lib/test/test_module/test_database
[ 1925s] copying test/test_module/test_database/test_db_connect.py -> build/lib/test/test_module/test_database
[ 1925s] copying test/test_module/test_database/test_es_query.py -> build/lib/test/test_module/test_database
[ 1925s] copying test/test_module/test_database/__init__.py -> build/lib/test/test_module/test_database
[ 1925s] creating build/lib/test/test_module/test_api
[ 1925s] copying test/test_module/test_api/test_download_files.py -> build/lib/test/test_module/test_api
[ 1925s] copying test/test_module/test_api/test_tablecol.py -> build/lib/test/test_module/test_api
[ 1925s] copying test/test_module/test_api/test_dependinfo_depend_list.py -> build/lib/test/test_module/test_api
[ 1925s] copying test/test_module/test_api/test_dependinfo_depend_graph.py -> build/lib/test/test_module/test_api
[ 1925s] copying test/test_module/test_api/__init__.py -> build/lib/test/test_module/test_api
[ 1925s] creating build/lib/test/test_module/test_database_query
[ 1925s] copying test/test_module/test_database_query/__init__.py -> build/lib/test/test_module/test_database_query
[ 1925s] creating build/lib/test/test_module/test_database/data
[ 1925s] copying test/test_module/test_database/data/__init__.py -> build/lib/test/test_module/test_database/data
[ 1925s] creating build/lib/test/test_module/test_database_query/test_database_query_package
[ 1925s] copying test/test_module/test_database_query/test_database_query_package/test_query_src_name.py -> build/lib/test/test_module/test_database_query/test_database_query_package
[ 1925s] copying test/test_module/test_database_query/test_database_query_package/test_query_bin_info.py -> build/lib/test/test_module/test_database_query/test_database_query_package
[ 1925s] copying test/test_module/test_database_query/test_database_query_package/test_query_src_info.py -> build/lib/test/test_module/test_database_query/test_database_query_package
[ 1925s] copying test/test_module/test_database_query/test_database_query_package/get_mock_data.py -> build/lib/test/test_module/test_database_query/test_database_query_package
[ 1925s] copying test/test_module/test_database_query/test_database_query_package/test_query_bin_name.py -> build/lib/test/test_module/test_database_query/test_database_query_package
[ 1925s] copying test/test_module/test_database_query/test_database_query_package/__init__.py -> build/lib/test/test_module/test_database_query/test_database_query_package
[ 1925s] creating build/lib/test/test_module/test_database_query/test_database_query_bedepend
[ 1925s] copying test/test_module/test_database_query/test_database_query_bedepend/test_database_query_bedepend.py -> build/lib/test/test_module/test_database_query/test_database_query_bedepend
[ 1925s] copying test/test_module/test_database_query/test_database_query_bedepend/__init__.py -> build/lib/test/test_module/test_database_query/test_database_query_bedepend
[ 1925s] creating build/lib/test/test_module/test_database_query/test_database_query_install
[ 1925s] copying test/test_module/test_database_query/test_database_query_install/test_database_query_install.py -> build/lib/test/test_module/test_database_query/test_database_query_install
[ 1925s] copying test/test_module/test_database_query/test_database_query_install/__init__.py -> build/lib/test/test_module/test_database_query/test_database_query_install
[ 1925s] creating build/lib/test/test_module/test_database_query/test_database_query_build
[ 1925s] copying test/test_module/test_database_query/test_database_query_build/__init__.py -> build/lib/test/test_module/test_database_query/test_database_query_build
[ 1925s] copying test/test_module/test_database_query/test_database_query_build/test_database_query_build.py -> build/lib/test/test_module/test_database_query/test_database_query_build
[ 1925s] creating build/lib/test/test_module/test_database_query/test_database_query_package/data
[ 1925s] copying test/test_module/test_database_query/test_database_query_package/data/__init__.py -> build/lib/test/test_module/test_database_query/test_database_query_package/data
[ 1925s] creating build/lib/test/test_module/test_database_query/test_database_query_bedepend/data
[ 1925s] copying test/test_module/test_database_query/test_database_query_bedepend/data/__init__.py -> build/lib/test/test_module/test_database_query/test_database_query_bedepend/data
[ 1925s] creating build/lib/test/test_module/test_database_query/test_database_query_install/data
[ 1925s] copying test/test_module/test_database_query/test_database_query_install/data/__init__.py -> build/lib/test/test_module/test_database_query/test_database_query_install/data
[ 1925s] creating build/lib/test/test_module/test_database_query/test_database_query_build/data
[ 1925s] copying test/test_module/test_database_query/test_database_query_build/data/__init__.py -> build/lib/test/test_module/test_database_query/test_database_query_build/data
[ 1925s] creating build/lib/test/cli/download_csv
[ 1925s] copying test/cli/download_csv/test_bedepend_download.py -> build/lib/test/cli/download_csv
[ 1925s] copying test/cli/download_csv/test_selfdep_download.py -> build/lib/test/cli/download_csv
[ 1925s] copying test/cli/download_csv/test_installdep_download.py -> build/lib/test/cli/download_csv
[ 1925s] copying test/cli/download_csv/test_builddep_download.py -> build/lib/test/cli/download_csv
[ 1925s] copying test/cli/download_csv/test_package_download.py -> build/lib/test/cli/download_csv
[ 1925s] copying test/cli/download_csv/__init__.py -> build/lib/test/cli/download_csv
[ 1925s] creating build/lib/test/cli/dbs_command
[ 1925s] copying test/cli/dbs_command/test_db_cmd.py -> build/lib/test/cli/dbs_command
[ 1925s] copying test/cli/dbs_command/__init__.py -> build/lib/test/cli/dbs_command
[ 1925s] creating build/lib/test/cli/init_command
[ 1925s] copying test/cli/init_command/__init__.py -> build/lib/test/cli/init_command
[ 1925s] creating build/lib/test/cli/depend_commands
[ 1925s] copying test/cli/depend_commands/__init__.py -> build/lib/test/cli/depend_commands
[ 1925s] creating build/lib/test/cli/version_command
[ 1925s] copying test/cli/version_command/test_version_cmd.py -> build/lib/test/cli/version_command
[ 1925s] copying test/cli/version_command/__init__.py -> build/lib/test/cli/version_command
[ 1925s] creating build/lib/test/cli/compare_command
[ 1925s] copying test/cli/compare_command/test_compare_cmd.py -> build/lib/test/cli/compare_command
[ 1926s] copying test/cli/compare_command/__init__.py -> build/lib/test/cli/compare_command
[ 1926s] creating build/lib/test/cli/package_command
[ 1926s] copying test/cli/package_command/__init__.py -> build/lib/test/cli/package_command
[ 1926s] creating build/lib/test/cli/init_command/config_file_exception
[ 1926s] copying test/cli/init_command/config_file_exception/test_file_exception.py -> build/lib/test/cli/init_command/config_file_exception
[ 1926s] copying test/cli/init_command/config_file_exception/__init__.py -> build/lib/test/cli/init_command/config_file_exception
[ 1926s] creating build/lib/test/cli/init_command/config_dbname_exception
[ 1926s] copying test/cli/init_command/config_dbname_exception/test_dbname_exception.py -> build/lib/test/cli/init_command/config_dbname_exception
[ 1926s] copying test/cli/init_command/config_dbname_exception/__init__.py -> build/lib/test/cli/init_command/config_dbname_exception
[ 1926s] creating build/lib/test/cli/init_command/comparison_relation_case
[ 1926s] copying test/cli/init_command/comparison_relation_case/test_relationship.py -> build/lib/test/cli/init_command/comparison_relation_case
[ 1926s] copying test/cli/init_command/comparison_relation_case/__init__.py -> build/lib/test/cli/init_command/comparison_relation_case
[ 1926s] creating build/lib/test/cli/init_command/import_relation_case
[ 1926s] copying test/cli/init_command/import_relation_case/test_import_relation.py -> build/lib/test/cli/init_command/import_relation_case
[ 1926s] copying test/cli/init_command/import_relation_case/__init__.py -> build/lib/test/cli/init_command/import_relation_case
[ 1926s] creating build/lib/test/cli/init_command/config_priority_exception
[ 1926s] copying test/cli/init_command/config_priority_exception/test_priority_exception.py -> build/lib/test/cli/init_command/config_priority_exception
[ 1926s] copying test/cli/init_command/config_priority_exception/__init__.py -> build/lib/test/cli/init_command/config_priority_exception
[ 1926s] creating build/lib/test/cli/init_command/remote_files_case
[ 1926s] copying test/cli/init_command/remote_files_case/test_remote_files.py -> build/lib/test/cli/init_command/remote_files_case
[ 1926s] copying test/cli/init_command/remote_files_case/__init__.py -> build/lib/test/cli/init_command/remote_files_case
[ 1926s] creating build/lib/test/cli/init_command/location_files_case
[ 1926s] copying test/cli/init_command/location_files_case/test_location_files.py -> build/lib/test/cli/init_command/location_files_case
[ 1926s] copying test/cli/init_command/location_files_case/__init__.py -> build/lib/test/cli/init_command/location_files_case
[ 1926s] creating build/lib/test/cli/depend_commands/installdep_command
[ 1926s] copying test/cli/depend_commands/installdep_command/test_install_func.py -> build/lib/test/cli/depend_commands/installdep_command
[ 1926s] copying test/cli/depend_commands/installdep_command/__init__.py -> build/lib/test/cli/depend_commands/installdep_command
[ 1926s] creating build/lib/test/cli/depend_commands/bedepend_command
[ 1926s] copying test/cli/depend_commands/bedepend_command/__init__.py -> build/lib/test/cli/depend_commands/bedepend_command
[ 1926s] copying test/cli/depend_commands/bedepend_command/test_bedep_func.py -> build/lib/test/cli/depend_commands/bedepend_command
[ 1926s] creating build/lib/test/cli/depend_commands/builddep_command
[ 1926s] copying test/cli/depend_commands/builddep_command/test_build_func.py -> build/lib/test/cli/depend_commands/builddep_command
[ 1926s] copying test/cli/depend_commands/builddep_command/__init__.py -> build/lib/test/cli/depend_commands/builddep_command
[ 1926s] creating build/lib/test/cli/depend_commands/selfdepend_command
[ 1926s] copying test/cli/depend_commands/selfdepend_command/test_selfdepend_func.py -> build/lib/test/cli/depend_commands/selfdepend_command
[ 1926s] copying test/cli/depend_commands/selfdepend_command/__init__.py -> build/lib/test/cli/depend_commands/selfdepend_command
[ 1926s] creating build/lib/test/cli/package_command/pkg_info
[ 1926s] copying test/cli/package_command/pkg_info/test_pkg_info.py -> build/lib/test/cli/package_command/pkg_info
[ 1926s] copying test/cli/package_command/pkg_info/test_pkg_info_s.py -> build/lib/test/cli/package_command/pkg_info
[ 1926s] copying test/cli/package_command/pkg_info/__init__.py -> build/lib/test/cli/package_command/pkg_info
[ 1926s] creating build/lib/test/cli/package_command/pkg_list
[ 1926s] copying test/cli/package_command/pkg_list/test_pkg_list.py -> build/lib/test/cli/package_command/pkg_list
[ 1926s] copying test/cli/package_command/pkg_list/test_pkg_list_s.py -> build/lib/test/cli/package_command/pkg_list
[ 1926s] copying test/cli/package_command/pkg_list/__init__.py -> build/lib/test/cli/package_command/pkg_list
[ 1927s] + sleep 1
[ 1928s] ++ pwd
[ 1928s] + current_path=/home/abuild/rpmbuild/BUILD/pkgship-2.2.0
[ 1928s] + cd /home/abuild/rpmbuild/BUILD/pkgship-2.2.0/packageship
[ 1928s] + version_=2.2.0
[ 1928s] + release_=9.oe1
[ 1928s] + version_file=version.yaml
[ 1928s] + '[' -f version.yaml ']'
[ 1928s] + touch version.yaml
[ 1928s] + echo 'create version.yaml successfully.'
[ 1928s] create version.yaml successfully.
[ 1928s] + echo 'Version: 2.2.0'
[ 1928s] + echo 'Release: 9.oe1'
[ 1928s] + RPM_EC=0
[ 1928s] ++ jobs -p
[ 1928s] + exit 0
[ 1929s] Executing(%install): /bin/sh -e /var/tmp/rpm-tmp.1xDCic
[ 1929s] + umask 022
[ 1929s] + cd /home/abuild/rpmbuild/BUILD
[ 1929s] + '[' /home/abuild/rpmbuild/BUILDROOT/pkgship-2.2.0-9.oe1.riscv64 '!=' / ']'
[ 1929s] + rm -rf /home/abuild/rpmbuild/BUILDROOT/pkgship-2.2.0-9.oe1.riscv64
[ 1929s] ++ dirname /home/abuild/rpmbuild/BUILDROOT/pkgship-2.2.0-9.oe1.riscv64
[ 1929s] + mkdir -p /home/abuild/rpmbuild/BUILDROOT
[ 1929s] + mkdir /home/abuild/rpmbuild/BUILDROOT/pkgship-2.2.0-9.oe1.riscv64
[ 1929s] + cd pkgship-2.2.0
[ 1929s] + CFLAGS='-O2 -g -pipe -Wall -Werror=format-security -Wp,-D_FORTIFY_SOURCE=2 -Wp,-D_GLIBCXX_ASSERTIONS -fstack-protector-strong -grecord-gcc-switches -specs=/usr/lib/rpm/generic-hardened-cc1 -fasynchronous-unwind-tables -fstack-clash-protection'
[ 1929s] + LDFLAGS='-Wl,-z,relro   -Wl,-z,now -specs=/usr/lib/rpm/generic-hardened-ld'
[ 1929s] + /usr/bin/python3 setup.py install -O1 --skip-build --root /home/abuild/rpmbuild/BUILDROOT/pkgship-2.2.0-9.oe1.riscv64
[ 1939s] running install
[ 1939s] running install_lib
[ 1939s] creating /home/abuild/rpmbuild/BUILDROOT/pkgship-2.2.0-9.oe1.riscv64/usr
[ 1939s] creating /home/abuild/rpmbuild/BUILDROOT/pkgship-2.2.0-9.oe1.riscv64/usr/lib
[ 1939s] creating /home/abuild/rpmbuild/BUILDROOT/pkgship-2.2.0-9.oe1.riscv64/usr/lib/python3.8
[ 1939s] creating /home/abuild/rpmbuild/BUILDROOT/pkgship-2.2.0-9.oe1.riscv64/usr/lib/python3.8/site-packages
[ 1939s] creating /home/abuild/rpmbuild/BUILDROOT/pkgship-2.2.0-9.oe1.riscv64/usr/lib/python3.8/site-packages/packageship
[ 1939s] copying build/lib/packageship/selfpkg.py -> /home/abuild/rpmbuild/BUILDROOT/pkgship-2.2.0-9.oe1.riscv64/usr/lib/python3.8/site-packages/packageship
[ 1939s] copying build/lib/packageship/__init__.py -> /home/abuild/rpmbuild/BUILDROOT/pkgship-2.2.0-9.oe1.riscv64/usr/lib/python3.8/site-packages/packageship
[ 1939s] creating /home/abuild/rpmbuild/BUILDROOT/pkgship-2.2.0-9.oe1.riscv64/usr/lib/python3.8/site-packages/packageship/libs
[ 1939s] copying build/lib/packageship/libs/__init__.py -> /home/abuild/rpmbuild/BUILDROOT/pkgship-2.2.0-9.oe1.riscv64/usr/lib/python3.8/site-packages/packageship/libs
[ 1939s] copying build/lib/packageship/libs/log.py -> /home/abuild/rpmbuild/BUILDROOT/pkgship-2.2.0-9.oe1.riscv64/usr/lib/python3.8/site-packages/packageship/libs
[ 1939s] creating /home/abuild/rpmbuild/BUILDROOT/pkgship-2.2.0-9.oe1.riscv64/usr/lib/python3.8/site-packages/packageship/libs/conf
[ 1939s] copying build/lib/packageship/libs/conf/global_config.py -> /home/abuild/rpmbuild/BUILDROOT/pkgship-2.2.0-9.oe1.riscv64/usr/lib/python3.8/site-packages/packageship/libs/conf
[ 1939s] copying build/lib/packageship/libs/conf/__init__.py -> /home/abuild/rpmbuild/BUILDROOT/pkgship-2.2.0-9.oe1.riscv64/usr/lib/python3.8/site-packages/packageship/libs/conf
[ 1939s] creating /home/abuild/rpmbuild/BUILDROOT/pkgship-2.2.0-9.oe1.riscv64/usr/lib/python3.8/site-packages/packageship/application
[ 1939s] copying build/lib/packageship/application/appglobal.py -> /home/abuild/rpmbuild/BUILDROOT/pkgship-2.2.0-9.oe1.riscv64/usr/lib/python3.8/site-packages/packageship/application
[ 1939s] copying build/lib/packageship/application/settings.py -> /home/abuild/rpmbuild/BUILDROOT/pkgship-2.2.0-9.oe1.riscv64/usr/lib/python3.8/site-packages/packageship/application
[ 1939s] copying build/lib/packageship/application/__init__.py -> /home/abuild/rpmbuild/BUILDROOT/pkgship-2.2.0-9.oe1.riscv64/usr/lib/python3.8/site-packages/packageship/application
[ 1939s] creating /home/abuild/rpmbuild/BUILDROOT/pkgship-2.2.0-9.oe1.riscv64/usr/lib/python3.8/site-packages/packageship/application/database
[ 1939s] copying build/lib/packageship/application/database/cache.py -> /home/abuild/rpmbuild/BUILDROOT/pkgship-2.2.0-9.oe1.riscv64/usr/lib/python3.8/site-packages/packageship/application/database
[ 1939s] copying build/lib/packageship/application/database/session.py -> /home/abuild/rpmbuild/BUILDROOT/pkgship-2.2.0-9.oe1.riscv64/usr/lib/python3.8/site-packages/packageship/application/database
[ 1939s] copying build/lib/packageship/application/database/__init__.py -> /home/abuild/rpmbuild/BUILDROOT/pkgship-2.2.0-9.oe1.riscv64/usr/lib/python3.8/site-packages/packageship/application/database
[ 1939s] copying build/lib/packageship/application/database/engine.py -> /home/abuild/rpmbuild/BUILDROOT/pkgship-2.2.0-9.oe1.riscv64/usr/lib/python3.8/site-packages/packageship/application/database
[ 1939s] creating /home/abuild/rpmbuild/BUILDROOT/pkgship-2.2.0-9.oe1.riscv64/usr/lib/python3.8/site-packages/packageship/application/database/engines
[ 1939s] copying build/lib/packageship/application/database/engines/__init__.py -> /home/abuild/rpmbuild/BUILDROOT/pkgship-2.2.0-9.oe1.riscv64/usr/lib/python3.8/site-packages/packageship/application/database/engines
[ 1940s] creating /home/abuild/rpmbuild/BUILDROOT/pkgship-2.2.0-9.oe1.riscv64/usr/lib/python3.8/site-packages/packageship/application/database/engines/elastic
[ 1940s] copying build/lib/packageship/application/database/engines/elastic/__init__.py -> /home/abuild/rpmbuild/BUILDROOT/pkgship-2.2.0-9.oe1.riscv64/usr/lib/python3.8/site-packages/packageship/application/database/engines/elastic
[ 1940s] copying build/lib/packageship/application/database/engines/elastic/elasticdb.py -> /home/abuild/rpmbuild/BUILDROOT/pkgship-2.2.0-9.oe1.riscv64/usr/lib/python3.8/site-packages/packageship/application/database/engines/elastic
[ 1940s] creating /home/abuild/rpmbuild/BUILDROOT/pkgship-2.2.0-9.oe1.riscv64/usr/lib/python3.8/site-packages/packageship/application/apps
[ 1940s] copying build/lib/packageship/application/apps/__init__.py -> /home/abuild/rpmbuild/BUILDROOT/pkgship-2.2.0-9.oe1.riscv64/usr/lib/python3.8/site-packages/packageship/application/apps
[ 1940s] creating /home/abuild/rpmbuild/BUILDROOT/pkgship-2.2.0-9.oe1.riscv64/usr/lib/python3.8/site-packages/packageship/application/apps/package
[ 1940s] copying build/lib/packageship/application/apps/package/url.py -> /home/abuild/rpmbuild/BUILDROOT/pkgship-2.2.0-9.oe1.riscv64/usr/lib/python3.8/site-packages/packageship/application/apps/package
[ 1940s] copying build/lib/packageship/application/apps/package/view.py -> /home/abuild/rpmbuild/BUILDROOT/pkgship-2.2.0-9.oe1.riscv64/usr/lib/python3.8/site-packages/packageship/application/apps/package
[ 1940s] copying build/lib/packageship/application/apps/package/__init__.py -> /home/abuild/rpmbuild/BUILDROOT/pkgship-2.2.0-9.oe1.riscv64/usr/lib/python3.8/site-packages/packageship/application/apps/package
[ 1940s] creating /home/abuild/rpmbuild/BUILDROOT/pkgship-2.2.0-9.oe1.riscv64/usr/lib/python3.8/site-packages/packageship/application/apps/dependinfo
[ 1940s] copying build/lib/packageship/application/apps/dependinfo/url.py -> /home/abuild/rpmbuild/BUILDROOT/pkgship-2.2.0-9.oe1.riscv64/usr/lib/python3.8/site-packages/packageship/application/apps/dependinfo
[ 1940s] copying build/lib/packageship/application/apps/dependinfo/view.py -> /home/abuild/rpmbuild/BUILDROOT/pkgship-2.2.0-9.oe1.riscv64/usr/lib/python3.8/site-packages/packageship/application/apps/dependinfo
[ 1940s] copying build/lib/packageship/application/apps/dependinfo/__init__.py -> /home/abuild/rpmbuild/BUILDROOT/pkgship-2.2.0-9.oe1.riscv64/usr/lib/python3.8/site-packages/packageship/application/apps/dependinfo
[ 1940s] creating /home/abuild/rpmbuild/BUILDROOT/pkgship-2.2.0-9.oe1.riscv64/usr/lib/python3.8/site-packages/packageship/application/common
[ 1940s] copying build/lib/packageship/application/common/compress.py -> /home/abuild/rpmbuild/BUILDROOT/pkgship-2.2.0-9.oe1.riscv64/usr/lib/python3.8/site-packages/packageship/application/common
[ 1940s] copying build/lib/packageship/application/common/exc.py -> /home/abuild/rpmbuild/BUILDROOT/pkgship-2.2.0-9.oe1.riscv64/usr/lib/python3.8/site-packages/packageship/application/common
[ 1940s] copying build/lib/packageship/application/common/constant.py -> /home/abuild/rpmbuild/BUILDROOT/pkgship-2.2.0-9.oe1.riscv64/usr/lib/python3.8/site-packages/packageship/application/common
[ 1940s] copying build/lib/packageship/application/common/export.py -> /home/abuild/rpmbuild/BUILDROOT/pkgship-2.2.0-9.oe1.riscv64/usr/lib/python3.8/site-packages/packageship/application/common
[ 1940s] copying build/lib/packageship/application/common/singleton.py -> /home/abuild/rpmbuild/BUILDROOT/pkgship-2.2.0-9.oe1.riscv64/usr/lib/python3.8/site-packages/packageship/application/common
[ 1940s] copying build/lib/packageship/application/common/__init__.py -> /home/abuild/rpmbuild/BUILDROOT/pkgship-2.2.0-9.oe1.riscv64/usr/lib/python3.8/site-packages/packageship/application/common
[ 1940s] copying build/lib/packageship/application/common/remote.py -> /home/abuild/rpmbuild/BUILDROOT/pkgship-2.2.0-9.oe1.riscv64/usr/lib/python3.8/site-packages/packageship/application/common
[ 1940s] creating /home/abuild/rpmbuild/BUILDROOT/pkgship-2.2.0-9.oe1.riscv64/usr/lib/python3.8/site-packages/packageship/application/common/rsp
[ 1940s] copying build/lib/packageship/application/common/rsp/content.py -> /home/abuild/rpmbuild/BUILDROOT/pkgship-2.2.0-9.oe1.riscv64/usr/lib/python3.8/site-packages/packageship/application/common/rsp
[ 1940s] copying build/lib/packageship/application/common/rsp/xmlmap.py -> /home/abuild/rpmbuild/BUILDROOT/pkgship-2.2.0-9.oe1.riscv64/usr/lib/python3.8/site-packages/packageship/application/common/rsp
[ 1940s] copying build/lib/packageship/application/common/rsp/__init__.py -> /home/abuild/rpmbuild/BUILDROOT/pkgship-2.2.0-9.oe1.riscv64/usr/lib/python3.8/site-packages/packageship/application/common/rsp
[ 1940s] creating /home/abuild/rpmbuild/BUILDROOT/pkgship-2.2.0-9.oe1.riscv64/usr/lib/python3.8/site-packages/packageship/application/serialize
[ 1940s] copying build/lib/packageship/application/serialize/package.py -> /home/abuild/rpmbuild/BUILDROOT/pkgship-2.2.0-9.oe1.riscv64/usr/lib/python3.8/site-packages/packageship/application/serialize
[ 1940s] copying build/lib/packageship/application/serialize/dependinfo.py -> /home/abuild/rpmbuild/BUILDROOT/pkgship-2.2.0-9.oe1.riscv64/usr/lib/python3.8/site-packages/packageship/application/serialize
[ 1940s] copying build/lib/packageship/application/serialize/validate.py -> /home/abuild/rpmbuild/BUILDROOT/pkgship-2.2.0-9.oe1.riscv64/usr/lib/python3.8/site-packages/packageship/application/serialize
[ 1940s] copying build/lib/packageship/application/serialize/__init__.py -> /home/abuild/rpmbuild/BUILDROOT/pkgship-2.2.0-9.oe1.riscv64/usr/lib/python3.8/site-packages/packageship/application/serialize
[ 1940s] creating /home/abuild/rpmbuild/BUILDROOT/pkgship-2.2.0-9.oe1.riscv64/usr/lib/python3.8/site-packages/packageship/application/core
[ 1940s] copying build/lib/packageship/application/core/db_info.py -> /home/abuild/rpmbuild/BUILDROOT/pkgship-2.2.0-9.oe1.riscv64/usr/lib/python3.8/site-packages/packageship/application/core
[ 1940s] copying build/lib/packageship/application/core/__init__.py -> /home/abuild/rpmbuild/BUILDROOT/pkgship-2.2.0-9.oe1.riscv64/usr/lib/python3.8/site-packages/packageship/application/core
[ 1940s] creating /home/abuild/rpmbuild/BUILDROOT/pkgship-2.2.0-9.oe1.riscv64/usr/lib/python3.8/site-packages/packageship/application/core/compare
[ 1940s] copying build/lib/packageship/application/core/compare/compare_repo.py -> /home/abuild/rpmbuild/BUILDROOT/pkgship-2.2.0-9.oe1.riscv64/usr/lib/python3.8/site-packages/packageship/application/core/compare
[ 1940s] copying build/lib/packageship/application/core/compare/validate.py -> /home/abuild/rpmbuild/BUILDROOT/pkgship-2.2.0-9.oe1.riscv64/usr/lib/python3.8/site-packages/packageship/application/core/compare
[ 1940s] copying build/lib/packageship/application/core/compare/__init__.py -> /home/abuild/rpmbuild/BUILDROOT/pkgship-2.2.0-9.oe1.riscv64/usr/lib/python3.8/site-packages/packageship/application/core/compare
[ 1940s] copying build/lib/packageship/application/core/compare/query_depend.py -> /home/abuild/rpmbuild/BUILDROOT/pkgship-2.2.0-9.oe1.riscv64/usr/lib/python3.8/site-packages/packageship/application/core/compare
[ 1940s] creating /home/abuild/rpmbuild/BUILDROOT/pkgship-2.2.0-9.oe1.riscv64/usr/lib/python3.8/site-packages/packageship/application/core/baseinfo
[ 1940s] copying build/lib/packageship/application/core/baseinfo/pkg_version.py -> /home/abuild/rpmbuild/BUILDROOT/pkgship-2.2.0-9.oe1.riscv64/usr/lib/python3.8/site-packages/packageship/application/core/baseinfo
[ 1940s] copying build/lib/packageship/application/core/baseinfo/__init__.py -> /home/abuild/rpmbuild/BUILDROOT/pkgship-2.2.0-9.oe1.riscv64/usr/lib/python3.8/site-packages/packageship/application/core/baseinfo
[ 1940s] creating /home/abuild/rpmbuild/BUILDROOT/pkgship-2.2.0-9.oe1.riscv64/usr/lib/python3.8/site-packages/packageship/application/core/pkginfo
[ 1940s] copying build/lib/packageship/application/core/pkginfo/pkg.py -> /home/abuild/rpmbuild/BUILDROOT/pkgship-2.2.0-9.oe1.riscv64/usr/lib/python3.8/site-packages/packageship/application/core/pkginfo
[ 1940s] copying build/lib/packageship/application/core/pkginfo/__init__.py -> /home/abuild/rpmbuild/BUILDROOT/pkgship-2.2.0-9.oe1.riscv64/usr/lib/python3.8/site-packages/packageship/application/core/pkginfo
[ 1940s] creating /home/abuild/rpmbuild/BUILDROOT/pkgship-2.2.0-9.oe1.riscv64/usr/lib/python3.8/site-packages/packageship/application/core/depend
[ 1940s] copying build/lib/packageship/application/core/depend/down_load.py -> /home/abuild/rpmbuild/BUILDROOT/pkgship-2.2.0-9.oe1.riscv64/usr/lib/python3.8/site-packages/packageship/application/core/depend
[ 1940s] copying build/lib/packageship/application/core/depend/be_depend.py -> /home/abuild/rpmbuild/BUILDROOT/pkgship-2.2.0-9.oe1.riscv64/usr/lib/python3.8/site-packages/packageship/application/core/depend
[ 1940s] copying build/lib/packageship/application/core/depend/build_depend.py -> /home/abuild/rpmbuild/BUILDROOT/pkgship-2.2.0-9.oe1.riscv64/usr/lib/python3.8/site-packages/packageship/application/core/depend
[ 1940s] copying build/lib/packageship/application/core/depend/self_depend.py -> /home/abuild/rpmbuild/BUILDROOT/pkgship-2.2.0-9.oe1.riscv64/usr/lib/python3.8/site-packages/packageship/application/core/depend
[ 1940s] copying build/lib/packageship/application/core/depend/graph.py -> /home/abuild/rpmbuild/BUILDROOT/pkgship-2.2.0-9.oe1.riscv64/usr/lib/python3.8/site-packages/packageship/application/core/depend
[ 1940s] copying build/lib/packageship/application/core/depend/__init__.py -> /home/abuild/rpmbuild/BUILDROOT/pkgship-2.2.0-9.oe1.riscv64/usr/lib/python3.8/site-packages/packageship/application/core/depend
[ 1940s] copying build/lib/packageship/application/core/depend/basedepend.py -> /home/abuild/rpmbuild/BUILDROOT/pkgship-2.2.0-9.oe1.riscv64/usr/lib/python3.8/site-packages/packageship/application/core/depend
[ 1940s] copying build/lib/packageship/application/core/depend/install_depend.py -> /home/abuild/rpmbuild/BUILDROOT/pkgship-2.2.0-9.oe1.riscv64/usr/lib/python3.8/site-packages/packageship/application/core/depend
[ 1940s] creating /home/abuild/rpmbuild/BUILDROOT/pkgship-2.2.0-9.oe1.riscv64/usr/lib/python3.8/site-packages/packageship/application/initialize
[ 1940s] copying build/lib/packageship/application/initialize/repo.py -> /home/abuild/rpmbuild/BUILDROOT/pkgship-2.2.0-9.oe1.riscv64/usr/lib/python3.8/site-packages/packageship/application/initialize
[ 1940s] copying build/lib/packageship/application/initialize/integration.py -> /home/abuild/rpmbuild/BUILDROOT/pkgship-2.2.0-9.oe1.riscv64/usr/lib/python3.8/site-packages/packageship/application/initialize
[ 1940s] copying build/lib/packageship/application/initialize/__init__.py -> /home/abuild/rpmbuild/BUILDROOT/pkgship-2.2.0-9.oe1.riscv64/usr/lib/python3.8/site-packages/packageship/application/initialize
[ 1940s] creating /home/abuild/rpmbuild/BUILDROOT/pkgship-2.2.0-9.oe1.riscv64/usr/lib/python3.8/site-packages/packageship/application/query
[ 1940s] copying build/lib/packageship/application/query/database.py -> /home/abuild/rpmbuild/BUILDROOT/pkgship-2.2.0-9.oe1.riscv64/usr/lib/python3.8/site-packages/packageship/application/query
[ 1940s] copying build/lib/packageship/application/query/query_body.py -> /home/abuild/rpmbuild/BUILDROOT/pkgship-2.2.0-9.oe1.riscv64/usr/lib/python3.8/site-packages/packageship/application/query
[ 1940s] copying build/lib/packageship/application/query/pkg.py -> /home/abuild/rpmbuild/BUILDROOT/pkgship-2.2.0-9.oe1.riscv64/usr/lib/python3.8/site-packages/packageship/application/query
[ 1940s] copying build/lib/packageship/application/query/depend.py -> /home/abuild/rpmbuild/BUILDROOT/pkgship-2.2.0-9.oe1.riscv64/usr/lib/python3.8/site-packages/packageship/application/query
[ 1940s] copying build/lib/packageship/application/query/__init__.py -> /home/abuild/rpmbuild/BUILDROOT/pkgship-2.2.0-9.oe1.riscv64/usr/lib/python3.8/site-packages/packageship/application/query
[ 1940s] creating /home/abuild/rpmbuild/BUILDROOT/pkgship-2.2.0-9.oe1.riscv64/usr/lib/python3.8/site-packages/packageship/application/cli
[ 1940s] copying build/lib/packageship/application/cli/base.py -> /home/abuild/rpmbuild/BUILDROOT/pkgship-2.2.0-9.oe1.riscv64/usr/lib/python3.8/site-packages/packageship/application/cli
[ 1940s] copying build/lib/packageship/application/cli/__init__.py -> /home/abuild/rpmbuild/BUILDROOT/pkgship-2.2.0-9.oe1.riscv64/usr/lib/python3.8/site-packages/packageship/application/cli
[ 1940s] copying build/lib/packageship/application/cli/cmd.py -> /home/abuild/rpmbuild/BUILDROOT/pkgship-2.2.0-9.oe1.riscv64/usr/lib/python3.8/site-packages/packageship/application/cli
[ 1940s] creating /home/abuild/rpmbuild/BUILDROOT/pkgship-2.2.0-9.oe1.riscv64/usr/lib/python3.8/site-packages/packageship/application/cli/commands
[ 1940s] copying build/lib/packageship/application/cli/commands/db.py -> /home/abuild/rpmbuild/BUILDROOT/pkgship-2.2.0-9.oe1.riscv64/usr/lib/python3.8/site-packages/packageship/application/cli/commands
[ 1940s] copying build/lib/packageship/application/cli/commands/comparedep.py -> /home/abuild/rpmbuild/BUILDROOT/pkgship-2.2.0-9.oe1.riscv64/usr/lib/python3.8/site-packages/packageship/application/cli/commands
[ 1940s] copying build/lib/packageship/application/cli/commands/allpkg.py -> /home/abuild/rpmbuild/BUILDROOT/pkgship-2.2.0-9.oe1.riscv64/usr/lib/python3.8/site-packages/packageship/application/cli/commands
[ 1940s] copying build/lib/packageship/application/cli/commands/bedepend.py -> /home/abuild/rpmbuild/BUILDROOT/pkgship-2.2.0-9.oe1.riscv64/usr/lib/python3.8/site-packages/packageship/application/cli/commands
[ 1940s] copying build/lib/packageship/application/cli/commands/builddep.py -> /home/abuild/rpmbuild/BUILDROOT/pkgship-2.2.0-9.oe1.riscv64/usr/lib/python3.8/site-packages/packageship/application/cli/commands
[ 1940s] copying build/lib/packageship/application/cli/commands/installdep.py -> /home/abuild/rpmbuild/BUILDROOT/pkgship-2.2.0-9.oe1.riscv64/usr/lib/python3.8/site-packages/packageship/application/cli/commands
[ 1940s] copying build/lib/packageship/application/cli/commands/singlepkg.py -> /home/abuild/rpmbuild/BUILDROOT/pkgship-2.2.0-9.oe1.riscv64/usr/lib/python3.8/site-packages/packageship/application/cli/commands
[ 1940s] copying build/lib/packageship/application/cli/commands/version.py -> /home/abuild/rpmbuild/BUILDROOT/pkgship-2.2.0-9.oe1.riscv64/usr/lib/python3.8/site-packages/packageship/application/cli/commands
[ 1940s] copying build/lib/packageship/application/cli/commands/__init__.py -> /home/abuild/rpmbuild/BUILDROOT/pkgship-2.2.0-9.oe1.riscv64/usr/lib/python3.8/site-packages/packageship/application/cli/commands
[ 1940s] copying build/lib/packageship/application/cli/commands/selfdepend.py -> /home/abuild/rpmbuild/BUILDROOT/pkgship-2.2.0-9.oe1.riscv64/usr/lib/python3.8/site-packages/packageship/application/cli/commands
[ 1940s] copying build/lib/packageship/application/cli/commands/initialize.py -> /home/abuild/rpmbuild/BUILDROOT/pkgship-2.2.0-9.oe1.riscv64/usr/lib/python3.8/site-packages/packageship/application/cli/commands
[ 1940s] creating /home/abuild/rpmbuild/BUILDROOT/pkgship-2.2.0-9.oe1.riscv64/usr/lib/python3.8/site-packages/test
[ 1940s] copying build/lib/test/coverage_count.py -> /home/abuild/rpmbuild/BUILDROOT/pkgship-2.2.0-9.oe1.riscv64/usr/lib/python3.8/site-packages/test
[ 1940s] copying build/lib/test/__init__.py -> /home/abuild/rpmbuild/BUILDROOT/pkgship-2.2.0-9.oe1.riscv64/usr/lib/python3.8/site-packages/test
[ 1940s] creating /home/abuild/rpmbuild/BUILDROOT/pkgship-2.2.0-9.oe1.riscv64/usr/lib/python3.8/site-packages/test/graph
[ 1940s] copying build/lib/test/graph/test_graph.py -> /home/abuild/rpmbuild/BUILDROOT/pkgship-2.2.0-9.oe1.riscv64/usr/lib/python3.8/site-packages/test/graph
[ 1940s] copying build/lib/test/graph/__init__.py -> /home/abuild/rpmbuild/BUILDROOT/pkgship-2.2.0-9.oe1.riscv64/usr/lib/python3.8/site-packages/test/graph
[ 1940s] creating /home/abuild/rpmbuild/BUILDROOT/pkgship-2.2.0-9.oe1.riscv64/usr/lib/python3.8/site-packages/test/test_module
[ 1940s] copying build/lib/test/test_module/__init__.py -> /home/abuild/rpmbuild/BUILDROOT/pkgship-2.2.0-9.oe1.riscv64/usr/lib/python3.8/site-packages/test/test_module
[ 1940s] creating /home/abuild/rpmbuild/BUILDROOT/pkgship-2.2.0-9.oe1.riscv64/usr/lib/python3.8/site-packages/test/test_module/test_schema
[ 1940s] copying build/lib/test/test_module/test_schema/test_packaeges_schema.py -> /home/abuild/rpmbuild/BUILDROOT/pkgship-2.2.0-9.oe1.riscv64/usr/lib/python3.8/site-packages/test/test_module/test_schema
[ 1940s] copying build/lib/test/test_module/test_schema/test_depend_schema.py -> /home/abuild/rpmbuild/BUILDROOT/pkgship-2.2.0-9.oe1.riscv64/usr/lib/python3.8/site-packages/test/test_module/test_schema
[ 1940s] copying build/lib/test/test_module/test_schema/__init__.py -> /home/abuild/rpmbuild/BUILDROOT/pkgship-2.2.0-9.oe1.riscv64/usr/lib/python3.8/site-packages/test/test_module/test_schema
[ 1940s] creating /home/abuild/rpmbuild/BUILDROOT/pkgship-2.2.0-9.oe1.riscv64/usr/lib/python3.8/site-packages/test/test_module/test_database
[ 1940s] copying build/lib/test/test_module/test_database/test_db_connect.py -> /home/abuild/rpmbuild/BUILDROOT/pkgship-2.2.0-9.oe1.riscv64/usr/lib/python3.8/site-packages/test/test_module/test_database
[ 1940s] copying build/lib/test/test_module/test_database/test_es_query.py -> /home/abuild/rpmbuild/BUILDROOT/pkgship-2.2.0-9.oe1.riscv64/usr/lib/python3.8/site-packages/test/test_module/test_database
[ 1940s] copying build/lib/test/test_module/test_database/__init__.py -> /home/abuild/rpmbuild/BUILDROOT/pkgship-2.2.0-9.oe1.riscv64/usr/lib/python3.8/site-packages/test/test_module/test_database
[ 1940s] creating /home/abuild/rpmbuild/BUILDROOT/pkgship-2.2.0-9.oe1.riscv64/usr/lib/python3.8/site-packages/test/test_module/test_database/data
[ 1940s] copying build/lib/test/test_module/test_database/data/__init__.py -> /home/abuild/rpmbuild/BUILDROOT/pkgship-2.2.0-9.oe1.riscv64/usr/lib/python3.8/site-packages/test/test_module/test_database/data
[ 1940s] creating /home/abuild/rpmbuild/BUILDROOT/pkgship-2.2.0-9.oe1.riscv64/usr/lib/python3.8/site-packages/test/test_module/test_api
[ 1940s] copying build/lib/test/test_module/test_api/test_download_files.py -> /home/abuild/rpmbuild/BUILDROOT/pkgship-2.2.0-9.oe1.riscv64/usr/lib/python3.8/site-packages/test/test_module/test_api
[ 1940s] copying build/lib/test/test_module/test_api/test_tablecol.py -> /home/abuild/rpmbuild/BUILDROOT/pkgship-2.2.0-9.oe1.riscv64/usr/lib/python3.8/site-packages/test/test_module/test_api
[ 1940s] copying build/lib/test/test_module/test_api/test_dependinfo_depend_list.py -> /home/abuild/rpmbuild/BUILDROOT/pkgship-2.2.0-9.oe1.riscv64/usr/lib/python3.8/site-packages/test/test_module/test_api
[ 1940s] copying build/lib/test/test_module/test_api/test_dependinfo_depend_graph.py -> /home/abuild/rpmbuild/BUILDROOT/pkgship-2.2.0-9.oe1.riscv64/usr/lib/python3.8/site-packages/test/test_module/test_api
[ 1940s] copying build/lib/test/test_module/test_api/__init__.py -> /home/abuild/rpmbuild/BUILDROOT/pkgship-2.2.0-9.oe1.riscv64/usr/lib/python3.8/site-packages/test/test_module/test_api
[ 1940s] creating /home/abuild/rpmbuild/BUILDROOT/pkgship-2.2.0-9.oe1.riscv64/usr/lib/python3.8/site-packages/test/test_module/test_database_query
[ 1940s] copying build/lib/test/test_module/test_database_query/__init__.py -> /home/abuild/rpmbuild/BUILDROOT/pkgship-2.2.0-9.oe1.riscv64/usr/lib/python3.8/site-packages/test/test_module/test_database_query
[ 1941s] creating /home/abuild/rpmbuild/BUILDROOT/pkgship-2.2.0-9.oe1.riscv64/usr/lib/python3.8/site-packages/test/test_module/test_database_query/test_database_query_package
[ 1941s] copying build/lib/test/test_module/test_database_query/test_database_query_package/test_query_src_name.py -> /home/abuild/rpmbuild/BUILDROOT/pkgship-2.2.0-9.oe1.riscv64/usr/lib/python3.8/site-packages/test/test_module/test_database_query/test_database_query_package
[ 1941s] copying build/lib/test/test_module/test_database_query/test_database_query_package/test_query_bin_info.py -> /home/abuild/rpmbuild/BUILDROOT/pkgship-2.2.0-9.oe1.riscv64/usr/lib/python3.8/site-packages/test/test_module/test_database_query/test_database_query_package
[ 1941s] copying build/lib/test/test_module/test_database_query/test_database_query_package/test_query_src_info.py -> /home/abuild/rpmbuild/BUILDROOT/pkgship-2.2.0-9.oe1.riscv64/usr/lib/python3.8/site-packages/test/test_module/test_database_query/test_database_query_package
[ 1941s] copying build/lib/test/test_module/test_database_query/test_database_query_package/get_mock_data.py -> /home/abuild/rpmbuild/BUILDROOT/pkgship-2.2.0-9.oe1.riscv64/usr/lib/python3.8/site-packages/test/test_module/test_database_query/test_database_query_package
[ 1941s] copying build/lib/test/test_module/test_database_query/test_database_query_package/test_query_bin_name.py -> /home/abuild/rpmbuild/BUILDROOT/pkgship-2.2.0-9.oe1.riscv64/usr/lib/python3.8/site-packages/test/test_module/test_database_query/test_database_query_package
[ 1941s] copying build/lib/test/test_module/test_database_query/test_database_query_package/__init__.py -> /home/abuild/rpmbuild/BUILDROOT/pkgship-2.2.0-9.oe1.riscv64/usr/lib/python3.8/site-packages/test/test_module/test_database_query/test_database_query_package
[ 1941s] creating /home/abuild/rpmbuild/BUILDROOT/pkgship-2.2.0-9.oe1.riscv64/usr/lib/python3.8/site-packages/test/test_module/test_database_query/test_database_query_package/data
[ 1941s] copying build/lib/test/test_module/test_database_query/test_database_query_package/data/__init__.py -> /home/abuild/rpmbuild/BUILDROOT/pkgship-2.2.0-9.oe1.riscv64/usr/lib/python3.8/site-packages/test/test_module/test_database_query/test_database_query_package/data
[ 1941s] creating /home/abuild/rpmbuild/BUILDROOT/pkgship-2.2.0-9.oe1.riscv64/usr/lib/python3.8/site-packages/test/test_module/test_database_query/test_database_query_bedepend
[ 1941s] copying build/lib/test/test_module/test_database_query/test_database_query_bedepend/test_database_query_bedepend.py -> /home/abuild/rpmbuild/BUILDROOT/pkgship-2.2.0-9.oe1.riscv64/usr/lib/python3.8/site-packages/test/test_module/test_database_query/test_database_query_bedepend
[ 1941s] copying build/lib/test/test_module/test_database_query/test_database_query_bedepend/__init__.py -> /home/abuild/rpmbuild/BUILDROOT/pkgship-2.2.0-9.oe1.riscv64/usr/lib/python3.8/site-packages/test/test_module/test_database_query/test_database_query_bedepend
[ 1941s] creating /home/abuild/rpmbuild/BUILDROOT/pkgship-2.2.0-9.oe1.riscv64/usr/lib/python3.8/site-packages/test/test_module/test_database_query/test_database_query_bedepend/data
[ 1941s] copying build/lib/test/test_module/test_database_query/test_database_query_bedepend/data/__init__.py -> /home/abuild/rpmbuild/BUILDROOT/pkgship-2.2.0-9.oe1.riscv64/usr/lib/python3.8/site-packages/test/test_module/test_database_query/test_database_query_bedepend/data
[ 1941s] creating /home/abuild/rpmbuild/BUILDROOT/pkgship-2.2.0-9.oe1.riscv64/usr/lib/python3.8/site-packages/test/test_module/test_database_query/test_database_query_install
[ 1941s] copying build/lib/test/test_module/test_database_query/test_database_query_install/test_database_query_install.py -> /home/abuild/rpmbuild/BUILDROOT/pkgship-2.2.0-9.oe1.riscv64/usr/lib/python3.8/site-packages/test/test_module/test_database_query/test_database_query_install
[ 1941s] copying build/lib/test/test_module/test_database_query/test_database_query_install/__init__.py -> /home/abuild/rpmbuild/BUILDROOT/pkgship-2.2.0-9.oe1.riscv64/usr/lib/python3.8/site-packages/test/test_module/test_database_query/test_database_query_install
[ 1941s] creating /home/abuild/rpmbuild/BUILDROOT/pkgship-2.2.0-9.oe1.riscv64/usr/lib/python3.8/site-packages/test/test_module/test_database_query/test_database_query_install/data
[ 1941s] copying build/lib/test/test_module/test_database_query/test_database_query_install/data/__init__.py -> /home/abuild/rpmbuild/BUILDROOT/pkgship-2.2.0-9.oe1.riscv64/usr/lib/python3.8/site-packages/test/test_module/test_database_query/test_database_query_install/data
[ 1941s] creating /home/abuild/rpmbuild/BUILDROOT/pkgship-2.2.0-9.oe1.riscv64/usr/lib/python3.8/site-packages/test/test_module/test_database_query/test_database_query_build
[ 1941s] copying build/lib/test/test_module/test_database_query/test_database_query_build/__init__.py -> /home/abuild/rpmbuild/BUILDROOT/pkgship-2.2.0-9.oe1.riscv64/usr/lib/python3.8/site-packages/test/test_module/test_database_query/test_database_query_build
[ 1941s] copying build/lib/test/test_module/test_database_query/test_database_query_build/test_database_query_build.py -> /home/abuild/rpmbuild/BUILDROOT/pkgship-2.2.0-9.oe1.riscv64/usr/lib/python3.8/site-packages/test/test_module/test_database_query/test_database_query_build
[ 1941s] creating /home/abuild/rpmbuild/BUILDROOT/pkgship-2.2.0-9.oe1.riscv64/usr/lib/python3.8/site-packages/test/test_module/test_database_query/test_database_query_build/data
[ 1941s] copying build/lib/test/test_module/test_database_query/test_database_query_build/data/__init__.py -> /home/abuild/rpmbuild/BUILDROOT/pkgship-2.2.0-9.oe1.riscv64/usr/lib/python3.8/site-packages/test/test_module/test_database_query/test_database_query_build/data
[ 1941s] creating /home/abuild/rpmbuild/BUILDROOT/pkgship-2.2.0-9.oe1.riscv64/usr/lib/python3.8/site-packages/test/base_code
[ 1941s] copying build/lib/test/base_code/init_config_path.py -> /home/abuild/rpmbuild/BUILDROOT/pkgship-2.2.0-9.oe1.riscv64/usr/lib/python3.8/site-packages/test/base_code
[ 1941s] copying build/lib/test/base_code/common_test_code.py -> /home/abuild/rpmbuild/BUILDROOT/pkgship-2.2.0-9.oe1.riscv64/usr/lib/python3.8/site-packages/test/base_code
[ 1941s] copying build/lib/test/base_code/read_mock_data.py -> /home/abuild/rpmbuild/BUILDROOT/pkgship-2.2.0-9.oe1.riscv64/usr/lib/python3.8/site-packages/test/base_code
[ 1941s] copying build/lib/test/base_code/read_data_base.py -> /home/abuild/rpmbuild/BUILDROOT/pkgship-2.2.0-9.oe1.riscv64/usr/lib/python3.8/site-packages/test/base_code
[ 1941s] copying build/lib/test/base_code/basetest.py -> /home/abuild/rpmbuild/BUILDROOT/pkgship-2.2.0-9.oe1.riscv64/usr/lib/python3.8/site-packages/test/base_code
[ 1941s] copying build/lib/test/base_code/__init__.py -> /home/abuild/rpmbuild/BUILDROOT/pkgship-2.2.0-9.oe1.riscv64/usr/lib/python3.8/site-packages/test/base_code
[ 1941s] creating /home/abuild/rpmbuild/BUILDROOT/pkgship-2.2.0-9.oe1.riscv64/usr/lib/python3.8/site-packages/test/unpack
[ 1941s] copying build/lib/test/unpack/test_unpack.py -> /home/abuild/rpmbuild/BUILDROOT/pkgship-2.2.0-9.oe1.riscv64/usr/lib/python3.8/site-packages/test/unpack
[ 1941s] copying build/lib/test/unpack/__init__.py -> /home/abuild/rpmbuild/BUILDROOT/pkgship-2.2.0-9.oe1.riscv64/usr/lib/python3.8/site-packages/test/unpack
[ 1941s] creating /home/abuild/rpmbuild/BUILDROOT/pkgship-2.2.0-9.oe1.riscv64/usr/lib/python3.8/site-packages/test/cli
[ 1941s] copying build/lib/test/cli/__init__.py -> /home/abuild/rpmbuild/BUILDROOT/pkgship-2.2.0-9.oe1.riscv64/usr/lib/python3.8/site-packages/test/cli
[ 1941s] creating /home/abuild/rpmbuild/BUILDROOT/pkgship-2.2.0-9.oe1.riscv64/usr/lib/python3.8/site-packages/test/cli/download_csv
[ 1941s] copying build/lib/test/cli/download_csv/test_bedepend_download.py -> /home/abuild/rpmbuild/BUILDROOT/pkgship-2.2.0-9.oe1.riscv64/usr/lib/python3.8/site-packages/test/cli/download_csv
[ 1941s] copying build/lib/test/cli/download_csv/test_selfdep_download.py -> /home/abuild/rpmbuild/BUILDROOT/pkgship-2.2.0-9.oe1.riscv64/usr/lib/python3.8/site-packages/test/cli/download_csv
[ 1941s] copying build/lib/test/cli/download_csv/test_installdep_download.py -> /home/abuild/rpmbuild/BUILDROOT/pkgship-2.2.0-9.oe1.riscv64/usr/lib/python3.8/site-packages/test/cli/download_csv
[ 1941s] copying build/lib/test/cli/download_csv/test_builddep_download.py -> /home/abuild/rpmbuild/BUILDROOT/pkgship-2.2.0-9.oe1.riscv64/usr/lib/python3.8/site-packages/test/cli/download_csv
[ 1941s] copying build/lib/test/cli/download_csv/test_package_download.py -> /home/abuild/rpmbuild/BUILDROOT/pkgship-2.2.0-9.oe1.riscv64/usr/lib/python3.8/site-packages/test/cli/download_csv
[ 1941s] copying build/lib/test/cli/download_csv/__init__.py -> /home/abuild/rpmbuild/BUILDROOT/pkgship-2.2.0-9.oe1.riscv64/usr/lib/python3.8/site-packages/test/cli/download_csv
[ 1941s] creating /home/abuild/rpmbuild/BUILDROOT/pkgship-2.2.0-9.oe1.riscv64/usr/lib/python3.8/site-packages/test/cli/dbs_command
[ 1941s] copying build/lib/test/cli/dbs_command/test_db_cmd.py -> /home/abuild/rpmbuild/BUILDROOT/pkgship-2.2.0-9.oe1.riscv64/usr/lib/python3.8/site-packages/test/cli/dbs_command
[ 1941s] copying build/lib/test/cli/dbs_command/__init__.py -> /home/abuild/rpmbuild/BUILDROOT/pkgship-2.2.0-9.oe1.riscv64/usr/lib/python3.8/site-packages/test/cli/dbs_command
[ 1941s] creating /home/abuild/rpmbuild/BUILDROOT/pkgship-2.2.0-9.oe1.riscv64/usr/lib/python3.8/site-packages/test/cli/init_command
[ 1941s] copying build/lib/test/cli/init_command/__init__.py -> /home/abuild/rpmbuild/BUILDROOT/pkgship-2.2.0-9.oe1.riscv64/usr/lib/python3.8/site-packages/test/cli/init_command
[ 1941s] creating /home/abuild/rpmbuild/BUILDROOT/pkgship-2.2.0-9.oe1.riscv64/usr/lib/python3.8/site-packages/test/cli/init_command/config_file_exception
[ 1941s] copying build/lib/test/cli/init_command/config_file_exception/test_file_exception.py -> /home/abuild/rpmbuild/BUILDROOT/pkgship-2.2.0-9.oe1.riscv64/usr/lib/python3.8/site-packages/test/cli/init_command/config_file_exception
[ 1941s] copying build/lib/test/cli/init_command/config_file_exception/__init__.py -> /home/abuild/rpmbuild/BUILDROOT/pkgship-2.2.0-9.oe1.riscv64/usr/lib/python3.8/site-packages/test/cli/init_command/config_file_exception
[ 1941s] creating /home/abuild/rpmbuild/BUILDROOT/pkgship-2.2.0-9.oe1.riscv64/usr/lib/python3.8/site-packages/test/cli/init_command/config_dbname_exception
[ 1941s] copying build/lib/test/cli/init_command/config_dbname_exception/test_dbname_exception.py -> /home/abuild/rpmbuild/BUILDROOT/pkgship-2.2.0-9.oe1.riscv64/usr/lib/python3.8/site-packages/test/cli/init_command/config_dbname_exception
[ 1941s] copying build/lib/test/cli/init_command/config_dbname_exception/__init__.py -> /home/abuild/rpmbuild/BUILDROOT/pkgship-2.2.0-9.oe1.riscv64/usr/lib/python3.8/site-packages/test/cli/init_command/config_dbname_exception
[ 1941s] creating /home/abuild/rpmbuild/BUILDROOT/pkgship-2.2.0-9.oe1.riscv64/usr/lib/python3.8/site-packages/test/cli/init_command/comparison_relation_case
[ 1941s] copying build/lib/test/cli/init_command/comparison_relation_case/test_relationship.py -> /home/abuild/rpmbuild/BUILDROOT/pkgship-2.2.0-9.oe1.riscv64/usr/lib/python3.8/site-packages/test/cli/init_command/comparison_relation_case
[ 1941s] copying build/lib/test/cli/init_command/comparison_relation_case/__init__.py -> /home/abuild/rpmbuild/BUILDROOT/pkgship-2.2.0-9.oe1.riscv64/usr/lib/python3.8/site-packages/test/cli/init_command/comparison_relation_case
[ 1941s] creating /home/abuild/rpmbuild/BUILDROOT/pkgship-2.2.0-9.oe1.riscv64/usr/lib/python3.8/site-packages/test/cli/init_command/import_relation_case
[ 1941s] copying build/lib/test/cli/init_command/import_relation_case/test_import_relation.py -> /home/abuild/rpmbuild/BUILDROOT/pkgship-2.2.0-9.oe1.riscv64/usr/lib/python3.8/site-packages/test/cli/init_command/import_relation_case
[ 1941s] copying build/lib/test/cli/init_command/import_relation_case/__init__.py -> /home/abuild/rpmbuild/BUILDROOT/pkgship-2.2.0-9.oe1.riscv64/usr/lib/python3.8/site-packages/test/cli/init_command/import_relation_case
[ 1941s] creating /home/abuild/rpmbuild/BUILDROOT/pkgship-2.2.0-9.oe1.riscv64/usr/lib/python3.8/site-packages/test/cli/init_command/config_priority_exception
[ 1941s] copying build/lib/test/cli/init_command/config_priority_exception/test_priority_exception.py -> /home/abuild/rpmbuild/BUILDROOT/pkgship-2.2.0-9.oe1.riscv64/usr/lib/python3.8/site-packages/test/cli/init_command/config_priority_exception
[ 1941s] copying build/lib/test/cli/init_command/config_priority_exception/__init__.py -> /home/abuild/rpmbuild/BUILDROOT/pkgship-2.2.0-9.oe1.riscv64/usr/lib/python3.8/site-packages/test/cli/init_command/config_priority_exception
[ 1941s] creating /home/abuild/rpmbuild/BUILDROOT/pkgship-2.2.0-9.oe1.riscv64/usr/lib/python3.8/site-packages/test/cli/init_command/remote_files_case
[ 1941s] copying build/lib/test/cli/init_command/remote_files_case/test_remote_files.py -> /home/abuild/rpmbuild/BUILDROOT/pkgship-2.2.0-9.oe1.riscv64/usr/lib/python3.8/site-packages/test/cli/init_command/remote_files_case
[ 1941s] copying build/lib/test/cli/init_command/remote_files_case/__init__.py -> /home/abuild/rpmbuild/BUILDROOT/pkgship-2.2.0-9.oe1.riscv64/usr/lib/python3.8/site-packages/test/cli/init_command/remote_files_case
[ 1941s] creating /home/abuild/rpmbuild/BUILDROOT/pkgship-2.2.0-9.oe1.riscv64/usr/lib/python3.8/site-packages/test/cli/init_command/location_files_case
[ 1941s] copying build/lib/test/cli/init_command/location_files_case/test_location_files.py -> /home/abuild/rpmbuild/BUILDROOT/pkgship-2.2.0-9.oe1.riscv64/usr/lib/python3.8/site-packages/test/cli/init_command/location_files_case
[ 1941s] copying build/lib/test/cli/init_command/location_files_case/__init__.py -> /home/abuild/rpmbuild/BUILDROOT/pkgship-2.2.0-9.oe1.riscv64/usr/lib/python3.8/site-packages/test/cli/init_command/location_files_case
[ 1941s] creating /home/abuild/rpmbuild/BUILDROOT/pkgship-2.2.0-9.oe1.riscv64/usr/lib/python3.8/site-packages/test/cli/depend_commands
[ 1941s] copying build/lib/test/cli/depend_commands/__init__.py -> /home/abuild/rpmbuild/BUILDROOT/pkgship-2.2.0-9.oe1.riscv64/usr/lib/python3.8/site-packages/test/cli/depend_commands
[ 1941s] creating /home/abuild/rpmbuild/BUILDROOT/pkgship-2.2.0-9.oe1.riscv64/usr/lib/python3.8/site-packages/test/cli/depend_commands/installdep_command
[ 1941s] copying build/lib/test/cli/depend_commands/installdep_command/test_install_func.py -> /home/abuild/rpmbuild/BUILDROOT/pkgship-2.2.0-9.oe1.riscv64/usr/lib/python3.8/site-packages/test/cli/depend_commands/installdep_command
[ 1941s] copying build/lib/test/cli/depend_commands/installdep_command/__init__.py -> /home/abuild/rpmbuild/BUILDROOT/pkgship-2.2.0-9.oe1.riscv64/usr/lib/python3.8/site-packages/test/cli/depend_commands/installdep_command
[ 1941s] creating /home/abuild/rpmbuild/BUILDROOT/pkgship-2.2.0-9.oe1.riscv64/usr/lib/python3.8/site-packages/test/cli/depend_commands/bedepend_command
[ 1941s] copying build/lib/test/cli/depend_commands/bedepend_command/__init__.py -> /home/abuild/rpmbuild/BUILDROOT/pkgship-2.2.0-9.oe1.riscv64/usr/lib/python3.8/site-packages/test/cli/depend_commands/bedepend_command
[ 1941s] copying build/lib/test/cli/depend_commands/bedepend_command/test_bedep_func.py -> /home/abuild/rpmbuild/BUILDROOT/pkgship-2.2.0-9.oe1.riscv64/usr/lib/python3.8/site-packages/test/cli/depend_commands/bedepend_command
[ 1941s] creating /home/abuild/rpmbuild/BUILDROOT/pkgship-2.2.0-9.oe1.riscv64/usr/lib/python3.8/site-packages/test/cli/depend_commands/builddep_command
[ 1941s] copying build/lib/test/cli/depend_commands/builddep_command/test_build_func.py -> /home/abuild/rpmbuild/BUILDROOT/pkgship-2.2.0-9.oe1.riscv64/usr/lib/python3.8/site-packages/test/cli/depend_commands/builddep_command
[ 1941s] copying build/lib/test/cli/depend_commands/builddep_command/__init__.py -> /home/abuild/rpmbuild/BUILDROOT/pkgship-2.2.0-9.oe1.riscv64/usr/lib/python3.8/site-packages/test/cli/depend_commands/builddep_command
[ 1941s] creating /home/abuild/rpmbuild/BUILDROOT/pkgship-2.2.0-9.oe1.riscv64/usr/lib/python3.8/site-packages/test/cli/depend_commands/selfdepend_command
[ 1941s] copying build/lib/test/cli/depend_commands/selfdepend_command/test_selfdepend_func.py -> /home/abuild/rpmbuild/BUILDROOT/pkgship-2.2.0-9.oe1.riscv64/usr/lib/python3.8/site-packages/test/cli/depend_commands/selfdepend_command
[ 1941s] copying build/lib/test/cli/depend_commands/selfdepend_command/__init__.py -> /home/abuild/rpmbuild/BUILDROOT/pkgship-2.2.0-9.oe1.riscv64/usr/lib/python3.8/site-packages/test/cli/depend_commands/selfdepend_command
[ 1941s] creating /home/abuild/rpmbuild/BUILDROOT/pkgship-2.2.0-9.oe1.riscv64/usr/lib/python3.8/site-packages/test/cli/version_command
[ 1941s] copying build/lib/test/cli/version_command/test_version_cmd.py -> /home/abuild/rpmbuild/BUILDROOT/pkgship-2.2.0-9.oe1.riscv64/usr/lib/python3.8/site-packages/test/cli/version_command
[ 1941s] copying build/lib/test/cli/version_command/__init__.py -> /home/abuild/rpmbuild/BUILDROOT/pkgship-2.2.0-9.oe1.riscv64/usr/lib/python3.8/site-packages/test/cli/version_command
[ 1941s] creating /home/abuild/rpmbuild/BUILDROOT/pkgship-2.2.0-9.oe1.riscv64/usr/lib/python3.8/site-packages/test/cli/compare_command
[ 1941s] copying build/lib/test/cli/compare_command/test_compare_cmd.py -> /home/abuild/rpmbuild/BUILDROOT/pkgship-2.2.0-9.oe1.riscv64/usr/lib/python3.8/site-packages/test/cli/compare_command
[ 1941s] copying build/lib/test/cli/compare_command/__init__.py -> /home/abuild/rpmbuild/BUILDROOT/pkgship-2.2.0-9.oe1.riscv64/usr/lib/python3.8/site-packages/test/cli/compare_command
[ 1941s] creating /home/abuild/rpmbuild/BUILDROOT/pkgship-2.2.0-9.oe1.riscv64/usr/lib/python3.8/site-packages/test/cli/package_command
[ 1941s] copying build/lib/test/cli/package_command/__init__.py -> /home/abuild/rpmbuild/BUILDROOT/pkgship-2.2.0-9.oe1.riscv64/usr/lib/python3.8/site-packages/test/cli/package_command
[ 1941s] creating /home/abuild/rpmbuild/BUILDROOT/pkgship-2.2.0-9.oe1.riscv64/usr/lib/python3.8/site-packages/test/cli/package_command/pkg_info
[ 1941s] copying build/lib/test/cli/package_command/pkg_info/test_pkg_info.py -> /home/abuild/rpmbuild/BUILDROOT/pkgship-2.2.0-9.oe1.riscv64/usr/lib/python3.8/site-packages/test/cli/package_command/pkg_info
[ 1941s] copying build/lib/test/cli/package_command/pkg_info/test_pkg_info_s.py -> /home/abuild/rpmbuild/BUILDROOT/pkgship-2.2.0-9.oe1.riscv64/usr/lib/python3.8/site-packages/test/cli/package_command/pkg_info
[ 1941s] copying build/lib/test/cli/package_command/pkg_info/__init__.py -> /home/abuild/rpmbuild/BUILDROOT/pkgship-2.2.0-9.oe1.riscv64/usr/lib/python3.8/site-packages/test/cli/package_command/pkg_info
[ 1941s] creating /home/abuild/rpmbuild/BUILDROOT/pkgship-2.2.0-9.oe1.riscv64/usr/lib/python3.8/site-packages/test/cli/package_command/pkg_list
[ 1941s] copying build/lib/test/cli/package_command/pkg_list/test_pkg_list.py -> /home/abuild/rpmbuild/BUILDROOT/pkgship-2.2.0-9.oe1.riscv64/usr/lib/python3.8/site-packages/test/cli/package_command/pkg_list
[ 1941s] copying build/lib/test/cli/package_command/pkg_list/test_pkg_list_s.py -> /home/abuild/rpmbuild/BUILDROOT/pkgship-2.2.0-9.oe1.riscv64/usr/lib/python3.8/site-packages/test/cli/package_command/pkg_list
[ 1941s] copying build/lib/test/cli/package_command/pkg_list/__init__.py -> /home/abuild/rpmbuild/BUILDROOT/pkgship-2.2.0-9.oe1.riscv64/usr/lib/python3.8/site-packages/test/cli/package_command/pkg_list
[ 1941s] byte-compiling /home/abuild/rpmbuild/BUILDROOT/pkgship-2.2.0-9.oe1.riscv64/usr/lib/python3.8/site-packages/packageship/selfpkg.py to selfpkg.cpython-38.pyc
[ 1941s] byte-compiling /home/abuild/rpmbuild/BUILDROOT/pkgship-2.2.0-9.oe1.riscv64/usr/lib/python3.8/site-packages/packageship/__init__.py to __init__.cpython-38.pyc
[ 1942s] byte-compiling /home/abuild/rpmbuild/BUILDROOT/pkgship-2.2.0-9.oe1.riscv64/usr/lib/python3.8/site-packages/packageship/libs/__init__.py to __init__.cpython-38.pyc
[ 1942s] byte-compiling /home/abuild/rpmbuild/BUILDROOT/pkgship-2.2.0-9.oe1.riscv64/usr/lib/python3.8/site-packages/packageship/libs/log.py to log.cpython-38.pyc
[ 1942s] byte-compiling /home/abuild/rpmbuild/BUILDROOT/pkgship-2.2.0-9.oe1.riscv64/usr/lib/python3.8/site-packages/packageship/libs/conf/global_config.py to global_config.cpython-38.pyc
[ 1942s] byte-compiling /home/abuild/rpmbuild/BUILDROOT/pkgship-2.2.0-9.oe1.riscv64/usr/lib/python3.8/site-packages/packageship/libs/conf/__init__.py to __init__.cpython-38.pyc
[ 1942s] byte-compiling /home/abuild/rpmbuild/BUILDROOT/pkgship-2.2.0-9.oe1.riscv64/usr/lib/python3.8/site-packages/packageship/application/appglobal.py to appglobal.cpython-38.pyc
[ 1942s] byte-compiling /home/abuild/rpmbuild/BUILDROOT/pkgship-2.2.0-9.oe1.riscv64/usr/lib/python3.8/site-packages/packageship/application/settings.py to settings.cpython-38.pyc
[ 1942s] byte-compiling /home/abuild/rpmbuild/BUILDROOT/pkgship-2.2.0-9.oe1.riscv64/usr/lib/python3.8/site-packages/packageship/application/__init__.py to __init__.cpython-38.pyc
[ 1942s] byte-compiling /home/abuild/rpmbuild/BUILDROOT/pkgship-2.2.0-9.oe1.riscv64/usr/lib/python3.8/site-packages/packageship/application/database/cache.py to cache.cpython-38.pyc
[ 1942s] byte-compiling /home/abuild/rpmbuild/BUILDROOT/pkgship-2.2.0-9.oe1.riscv64/usr/lib/python3.8/site-packages/packageship/application/database/session.py to session.cpython-38.pyc
[ 1942s] byte-compiling /home/abuild/rpmbuild/BUILDROOT/pkgship-2.2.0-9.oe1.riscv64/usr/lib/python3.8/site-packages/packageship/application/database/__init__.py to __init__.cpython-38.pyc
[ 1942s] byte-compiling /home/abuild/rpmbuild/BUILDROOT/pkgship-2.2.0-9.oe1.riscv64/usr/lib/python3.8/site-packages/packageship/application/database/engine.py to engine.cpython-38.pyc
[ 1942s] byte-compiling /home/abuild/rpmbuild/BUILDROOT/pkgship-2.2.0-9.oe1.riscv64/usr/lib/python3.8/site-packages/packageship/application/database/engines/__init__.py to __init__.cpython-38.pyc
[ 1942s] byte-compiling /home/abuild/rpmbuild/BUILDROOT/pkgship-2.2.0-9.oe1.riscv64/usr/lib/python3.8/site-packages/packageship/application/database/engines/elastic/__init__.py to __init__.cpython-38.pyc
[ 1942s] byte-compiling /home/abuild/rpmbuild/BUILDROOT/pkgship-2.2.0-9.oe1.riscv64/usr/lib/python3.8/site-packages/packageship/application/database/engines/elastic/elasticdb.py to elasticdb.cpython-38.pyc
[ 1942s] byte-compiling /home/abuild/rpmbuild/BUILDROOT/pkgship-2.2.0-9.oe1.riscv64/usr/lib/python3.8/site-packages/packageship/application/apps/__init__.py to __init__.cpython-38.pyc
[ 1942s] byte-compiling /home/abuild/rpmbuild/BUILDROOT/pkgship-2.2.0-9.oe1.riscv64/usr/lib/python3.8/site-packages/packageship/application/apps/package/url.py to url.cpython-38.pyc
[ 1942s] byte-compiling /home/abuild/rpmbuild/BUILDROOT/pkgship-2.2.0-9.oe1.riscv64/usr/lib/python3.8/site-packages/packageship/application/apps/package/view.py to view.cpython-38.pyc
[ 1942s] byte-compiling /home/abuild/rpmbuild/BUILDROOT/pkgship-2.2.0-9.oe1.riscv64/usr/lib/python3.8/site-packages/packageship/application/apps/package/__init__.py to __init__.cpython-38.pyc
[ 1942s] byte-compiling /home/abuild/rpmbuild/BUILDROOT/pkgship-2.2.0-9.oe1.riscv64/usr/lib/python3.8/site-packages/packageship/application/apps/dependinfo/url.py to url.cpython-38.pyc
[ 1942s] byte-compiling /home/abuild/rpmbuild/BUILDROOT/pkgship-2.2.0-9.oe1.riscv64/usr/lib/python3.8/site-packages/packageship/application/apps/dependinfo/view.py to view.cpython-38.pyc
[ 1942s] byte-compiling /home/abuild/rpmbuild/BUILDROOT/pkgship-2.2.0-9.oe1.riscv64/usr/lib/python3.8/site-packages/packageship/application/apps/dependinfo/__init__.py to __init__.cpython-38.pyc
[ 1942s] byte-compiling /home/abuild/rpmbuild/BUILDROOT/pkgship-2.2.0-9.oe1.riscv64/usr/lib/python3.8/site-packages/packageship/application/common/compress.py to compress.cpython-38.pyc
[ 1942s] byte-compiling /home/abuild/rpmbuild/BUILDROOT/pkgship-2.2.0-9.oe1.riscv64/usr/lib/python3.8/site-packages/packageship/application/common/exc.py to exc.cpython-38.pyc
[ 1942s] byte-compiling /home/abuild/rpmbuild/BUILDROOT/pkgship-2.2.0-9.oe1.riscv64/usr/lib/python3.8/site-packages/packageship/application/common/constant.py to constant.cpython-38.pyc
[ 1942s] byte-compiling /home/abuild/rpmbuild/BUILDROOT/pkgship-2.2.0-9.oe1.riscv64/usr/lib/python3.8/site-packages/packageship/application/common/export.py to export.cpython-38.pyc
[ 1942s] byte-compiling /home/abuild/rpmbuild/BUILDROOT/pkgship-2.2.0-9.oe1.riscv64/usr/lib/python3.8/site-packages/packageship/application/common/singleton.py to singleton.cpython-38.pyc
[ 1942s] byte-compiling /home/abuild/rpmbuild/BUILDROOT/pkgship-2.2.0-9.oe1.riscv64/usr/lib/python3.8/site-packages/packageship/application/common/__init__.py to __init__.cpython-38.pyc
[ 1942s] byte-compiling /home/abuild/rpmbuild/BUILDROOT/pkgship-2.2.0-9.oe1.riscv64/usr/lib/python3.8/site-packages/packageship/application/common/remote.py to remote.cpython-38.pyc
[ 1942s] byte-compiling /home/abuild/rpmbuild/BUILDROOT/pkgship-2.2.0-9.oe1.riscv64/usr/lib/python3.8/site-packages/packageship/application/common/rsp/content.py to content.cpython-38.pyc
[ 1942s] byte-compiling /home/abuild/rpmbuild/BUILDROOT/pkgship-2.2.0-9.oe1.riscv64/usr/lib/python3.8/site-packages/packageship/application/common/rsp/xmlmap.py to xmlmap.cpython-38.pyc
[ 1942s] byte-compiling /home/abuild/rpmbuild/BUILDROOT/pkgship-2.2.0-9.oe1.riscv64/usr/lib/python3.8/site-packages/packageship/application/common/rsp/__init__.py to __init__.cpython-38.pyc
[ 1942s] byte-compiling /home/abuild/rpmbuild/BUILDROOT/pkgship-2.2.0-9.oe1.riscv64/usr/lib/python3.8/site-packages/packageship/application/serialize/package.py to package.cpython-38.pyc
[ 1942s] byte-compiling /home/abuild/rpmbuild/BUILDROOT/pkgship-2.2.0-9.oe1.riscv64/usr/lib/python3.8/site-packages/packageship/application/serialize/dependinfo.py to dependinfo.cpython-38.pyc
[ 1942s] byte-compiling /home/abuild/rpmbuild/BUILDROOT/pkgship-2.2.0-9.oe1.riscv64/usr/lib/python3.8/site-packages/packageship/application/serialize/validate.py to validate.cpython-38.pyc
[ 1942s] byte-compiling /home/abuild/rpmbuild/BUILDROOT/pkgship-2.2.0-9.oe1.riscv64/usr/lib/python3.8/site-packages/packageship/application/serialize/__init__.py to __init__.cpython-38.pyc
[ 1942s] byte-compiling /home/abuild/rpmbuild/BUILDROOT/pkgship-2.2.0-9.oe1.riscv64/usr/lib/python3.8/site-packages/packageship/application/core/db_info.py to db_info.cpython-38.pyc
[ 1943s] byte-compiling /home/abuild/rpmbuild/BUILDROOT/pkgship-2.2.0-9.oe1.riscv64/usr/lib/python3.8/site-packages/packageship/application/core/__init__.py to __init__.cpython-38.pyc
[ 1943s] byte-compiling /home/abuild/rpmbuild/BUILDROOT/pkgship-2.2.0-9.oe1.riscv64/usr/lib/python3.8/site-packages/packageship/application/core/compare/compare_repo.py to compare_repo.cpython-38.pyc
[ 1943s] byte-compiling /home/abuild/rpmbuild/BUILDROOT/pkgship-2.2.0-9.oe1.riscv64/usr/lib/python3.8/site-packages/packageship/application/core/compare/validate.py to validate.cpython-38.pyc
[ 1943s] byte-compiling /home/abuild/rpmbuild/BUILDROOT/pkgship-2.2.0-9.oe1.riscv64/usr/lib/python3.8/site-packages/packageship/application/core/compare/__init__.py to __init__.cpython-38.pyc
[ 1943s] byte-compiling /home/abuild/rpmbuild/BUILDROOT/pkgship-2.2.0-9.oe1.riscv64/usr/lib/python3.8/site-packages/packageship/application/core/compare/query_depend.py to query_depend.cpython-38.pyc
[ 1943s] byte-compiling /home/abuild/rpmbuild/BUILDROOT/pkgship-2.2.0-9.oe1.riscv64/usr/lib/python3.8/site-packages/packageship/application/core/baseinfo/pkg_version.py to pkg_version.cpython-38.pyc
[ 1943s] byte-compiling /home/abuild/rpmbuild/BUILDROOT/pkgship-2.2.0-9.oe1.riscv64/usr/lib/python3.8/site-packages/packageship/application/core/baseinfo/__init__.py to __init__.cpython-38.pyc
[ 1943s] byte-compiling /home/abuild/rpmbuild/BUILDROOT/pkgship-2.2.0-9.oe1.riscv64/usr/lib/python3.8/site-packages/packageship/application/core/pkginfo/pkg.py to pkg.cpython-38.pyc
[ 1943s] byte-compiling /home/abuild/rpmbuild/BUILDROOT/pkgship-2.2.0-9.oe1.riscv64/usr/lib/python3.8/site-packages/packageship/application/core/pkginfo/__init__.py to __init__.cpython-38.pyc
[ 1943s] byte-compiling /home/abuild/rpmbuild/BUILDROOT/pkgship-2.2.0-9.oe1.riscv64/usr/lib/python3.8/site-packages/packageship/application/core/depend/down_load.py to down_load.cpython-38.pyc
[ 1943s] byte-compiling /home/abuild/rpmbuild/BUILDROOT/pkgship-2.2.0-9.oe1.riscv64/usr/lib/python3.8/site-packages/packageship/application/core/depend/be_depend.py to be_depend.cpython-38.pyc
[ 1943s] byte-compiling /home/abuild/rpmbuild/BUILDROOT/pkgship-2.2.0-9.oe1.riscv64/usr/lib/python3.8/site-packages/packageship/application/core/depend/build_depend.py to build_depend.cpython-38.pyc
[ 1943s] byte-compiling /home/abuild/rpmbuild/BUILDROOT/pkgship-2.2.0-9.oe1.riscv64/usr/lib/python3.8/site-packages/packageship/application/core/depend/self_depend.py to self_depend.cpython-38.pyc
[ 1943s] byte-compiling /home/abuild/rpmbuild/BUILDROOT/pkgship-2.2.0-9.oe1.riscv64/usr/lib/python3.8/site-packages/packageship/application/core/depend/graph.py to graph.cpython-38.pyc
[ 1943s] byte-compiling /home/abuild/rpmbuild/BUILDROOT/pkgship-2.2.0-9.oe1.riscv64/usr/lib/python3.8/site-packages/packageship/application/core/depend/__init__.py to __init__.cpython-38.pyc
[ 1943s] byte-compiling /home/abuild/rpmbuild/BUILDROOT/pkgship-2.2.0-9.oe1.riscv64/usr/lib/python3.8/site-packages/packageship/application/core/depend/basedepend.py to basedepend.cpython-38.pyc
[ 1943s] byte-compiling /home/abuild/rpmbuild/BUILDROOT/pkgship-2.2.0-9.oe1.riscv64/usr/lib/python3.8/site-packages/packageship/application/core/depend/install_depend.py to install_depend.cpython-38.pyc
[ 1943s] byte-compiling /home/abuild/rpmbuild/BUILDROOT/pkgship-2.2.0-9.oe1.riscv64/usr/lib/python3.8/site-packages/packageship/application/initialize/repo.py to repo.cpython-38.pyc
[ 1943s] byte-compiling /home/abuild/rpmbuild/BUILDROOT/pkgship-2.2.0-9.oe1.riscv64/usr/lib/python3.8/site-packages/packageship/application/initialize/integration.py to integration.cpython-38.pyc
[ 1943s] byte-compiling /home/abuild/rpmbuild/BUILDROOT/pkgship-2.2.0-9.oe1.riscv64/usr/lib/python3.8/site-packages/packageship/application/initialize/__init__.py to __init__.cpython-38.pyc
[ 1943s] byte-compiling /home/abuild/rpmbuild/BUILDROOT/pkgship-2.2.0-9.oe1.riscv64/usr/lib/python3.8/site-packages/packageship/application/query/database.py to database.cpython-38.pyc
[ 1943s] byte-compiling /home/abuild/rpmbuild/BUILDROOT/pkgship-2.2.0-9.oe1.riscv64/usr/lib/python3.8/site-packages/packageship/application/query/query_body.py to query_body.cpython-38.pyc
[ 1943s] byte-compiling /home/abuild/rpmbuild/BUILDROOT/pkgship-2.2.0-9.oe1.riscv64/usr/lib/python3.8/site-packages/packageship/application/query/pkg.py to pkg.cpython-38.pyc
[ 1943s] byte-compiling /home/abuild/rpmbuild/BUILDROOT/pkgship-2.2.0-9.oe1.riscv64/usr/lib/python3.8/site-packages/packageship/application/query/depend.py to depend.cpython-38.pyc
[ 1944s] byte-compiling /home/abuild/rpmbuild/BUILDROOT/pkgship-2.2.0-9.oe1.riscv64/usr/lib/python3.8/site-packages/packageship/application/query/__init__.py to __init__.cpython-38.pyc
[ 1944s] byte-compiling /home/abuild/rpmbuild/BUILDROOT/pkgship-2.2.0-9.oe1.riscv64/usr/lib/python3.8/site-packages/packageship/application/cli/base.py to base.cpython-38.pyc
[ 1944s] byte-compiling /home/abuild/rpmbuild/BUILDROOT/pkgship-2.2.0-9.oe1.riscv64/usr/lib/python3.8/site-packages/packageship/application/cli/__init__.py to __init__.cpython-38.pyc
[ 1944s] byte-compiling /home/abuild/rpmbuild/BUILDROOT/pkgship-2.2.0-9.oe1.riscv64/usr/lib/python3.8/site-packages/packageship/application/cli/cmd.py to cmd.cpython-38.pyc
[ 1944s] byte-compiling /home/abuild/rpmbuild/BUILDROOT/pkgship-2.2.0-9.oe1.riscv64/usr/lib/python3.8/site-packages/packageship/application/cli/commands/db.py to db.cpython-38.pyc
[ 1944s] byte-compiling /home/abuild/rpmbuild/BUILDROOT/pkgship-2.2.0-9.oe1.riscv64/usr/lib/python3.8/site-packages/packageship/application/cli/commands/comparedep.py to comparedep.cpython-38.pyc
[ 1944s] byte-compiling /home/abuild/rpmbuild/BUILDROOT/pkgship-2.2.0-9.oe1.riscv64/usr/lib/python3.8/site-packages/packageship/application/cli/commands/allpkg.py to allpkg.cpython-38.pyc
[ 1944s] byte-compiling /home/abuild/rpmbuild/BUILDROOT/pkgship-2.2.0-9.oe1.riscv64/usr/lib/python3.8/site-packages/packageship/application/cli/commands/bedepend.py to bedepend.cpython-38.pyc
[ 1944s] byte-compiling /home/abuild/rpmbuild/BUILDROOT/pkgship-2.2.0-9.oe1.riscv64/usr/lib/python3.8/site-packages/packageship/application/cli/commands/builddep.py to builddep.cpython-38.pyc
[ 1944s] byte-compiling /home/abuild/rpmbuild/BUILDROOT/pkgship-2.2.0-9.oe1.riscv64/usr/lib/python3.8/site-packages/packageship/application/cli/commands/installdep.py to installdep.cpython-38.pyc
[ 1944s] byte-compiling /home/abuild/rpmbuild/BUILDROOT/pkgship-2.2.0-9.oe1.riscv64/usr/lib/python3.8/site-packages/packageship/application/cli/commands/singlepkg.py to singlepkg.cpython-38.pyc
[ 1944s] byte-compiling /home/abuild/rpmbuild/BUILDROOT/pkgship-2.2.0-9.oe1.riscv64/usr/lib/python3.8/site-packages/packageship/application/cli/commands/version.py to version.cpython-38.pyc
[ 1944s] byte-compiling /home/abuild/rpmbuild/BUILDROOT/pkgship-2.2.0-9.oe1.riscv64/usr/lib/python3.8/site-packages/packageship/application/cli/commands/__init__.py to __init__.cpython-38.pyc
[ 1944s] byte-compiling /home/abuild/rpmbuild/BUILDROOT/pkgship-2.2.0-9.oe1.riscv64/usr/lib/python3.8/site-packages/packageship/application/cli/commands/selfdepend.py to selfdepend.cpython-38.pyc
[ 1944s] byte-compiling /home/abuild/rpmbuild/BUILDROOT/pkgship-2.2.0-9.oe1.riscv64/usr/lib/python3.8/site-packages/packageship/application/cli/commands/initialize.py to initialize.cpython-38.pyc
[ 1947s] byte-compiling /home/abuild/rpmbuild/BUILDROOT/pkgship-2.2.0-9.oe1.riscv64/usr/lib/python3.8/site-packages/test/coverage_count.py to coverage_count.cpython-38.pyc
[ 1947s] byte-compiling /home/abuild/rpmbuild/BUILDROOT/pkgship-2.2.0-9.oe1.riscv64/usr/lib/python3.8/site-packages/test/__init__.py to __init__.cpython-38.pyc
[ 1947s] byte-compiling /home/abuild/rpmbuild/BUILDROOT/pkgship-2.2.0-9.oe1.riscv64/usr/lib/python3.8/site-packages/test/graph/test_graph.py to test_graph.cpython-38.pyc
[ 1948s] byte-compiling /home/abuild/rpmbuild/BUILDROOT/pkgship-2.2.0-9.oe1.riscv64/usr/lib/python3.8/site-packages/test/graph/__init__.py to __init__.cpython-38.pyc
[ 1948s] byte-compiling /home/abuild/rpmbuild/BUILDROOT/pkgship-2.2.0-9.oe1.riscv64/usr/lib/python3.8/site-packages/test/test_module/__init__.py to __init__.cpython-38.pyc
[ 1948s] byte-compiling /home/abuild/rpmbuild/BUILDROOT/pkgship-2.2.0-9.oe1.riscv64/usr/lib/python3.8/site-packages/test/test_module/test_schema/test_packaeges_schema.py to test_packaeges_schema.cpython-38.pyc
[ 1948s] byte-compiling /home/abuild/rpmbuild/BUILDROOT/pkgship-2.2.0-9.oe1.riscv64/usr/lib/python3.8/site-packages/test/test_module/test_schema/test_depend_schema.py to test_depend_schema.cpython-38.pyc
[ 1948s] byte-compiling /home/abuild/rpmbuild/BUILDROOT/pkgship-2.2.0-9.oe1.riscv64/usr/lib/python3.8/site-packages/test/test_module/test_schema/__init__.py to __init__.cpython-38.pyc
[ 1948s] byte-compiling /home/abuild/rpmbuild/BUILDROOT/pkgship-2.2.0-9.oe1.riscv64/usr/lib/python3.8/site-packages/test/test_module/test_database/test_db_connect.py to test_db_connect.cpython-38.pyc
[ 1948s] byte-compiling /home/abuild/rpmbuild/BUILDROOT/pkgship-2.2.0-9.oe1.riscv64/usr/lib/python3.8/site-packages/test/test_module/test_database/test_es_query.py to test_es_query.cpython-38.pyc
[ 1948s] byte-compiling /home/abuild/rpmbuild/BUILDROOT/pkgship-2.2.0-9.oe1.riscv64/usr/lib/python3.8/site-packages/test/test_module/test_database/__init__.py to __init__.cpython-38.pyc
[ 1948s] byte-compiling /home/abuild/rpmbuild/BUILDROOT/pkgship-2.2.0-9.oe1.riscv64/usr/lib/python3.8/site-packages/test/test_module/test_database/data/__init__.py to __init__.cpython-38.pyc
[ 1948s] byte-compiling /home/abuild/rpmbuild/BUILDROOT/pkgship-2.2.0-9.oe1.riscv64/usr/lib/python3.8/site-packages/test/test_module/test_api/test_download_files.py to test_download_files.cpython-38.pyc
[ 1948s] byte-compiling /home/abuild/rpmbuild/BUILDROOT/pkgship-2.2.0-9.oe1.riscv64/usr/lib/python3.8/site-packages/test/test_module/test_api/test_tablecol.py to test_tablecol.cpython-38.pyc
[ 1948s] byte-compiling /home/abuild/rpmbuild/BUILDROOT/pkgship-2.2.0-9.oe1.riscv64/usr/lib/python3.8/site-packages/test/test_module/test_api/test_dependinfo_depend_list.py to test_dependinfo_depend_list.cpython-38.pyc
[ 1948s] byte-compiling /home/abuild/rpmbuild/BUILDROOT/pkgship-2.2.0-9.oe1.riscv64/usr/lib/python3.8/site-packages/test/test_module/test_api/test_dependinfo_depend_graph.py to test_dependinfo_depend_graph.cpython-38.pyc
[ 1948s] byte-compiling /home/abuild/rpmbuild/BUILDROOT/pkgship-2.2.0-9.oe1.riscv64/usr/lib/python3.8/site-packages/test/test_module/test_api/__init__.py to __init__.cpython-38.pyc
[ 1948s] byte-compiling /home/abuild/rpmbuild/BUILDROOT/pkgship-2.2.0-9.oe1.riscv64/usr/lib/python3.8/site-packages/test/test_module/test_database_query/__init__.py to __init__.cpython-38.pyc
[ 1948s] byte-compiling /home/abuild/rpmbuild/BUILDROOT/pkgship-2.2.0-9.oe1.riscv64/usr/lib/python3.8/site-packages/test/test_module/test_database_query/test_database_query_package/test_query_src_name.py to test_query_src_name.cpython-38.pyc
[ 1948s] byte-compiling /home/abuild/rpmbuild/BUILDROOT/pkgship-2.2.0-9.oe1.riscv64/usr/lib/python3.8/site-packages/test/test_module/test_database_query/test_database_query_package/test_query_bin_info.py to test_query_bin_info.cpython-38.pyc
[ 1948s] byte-compiling /home/abuild/rpmbuild/BUILDROOT/pkgship-2.2.0-9.oe1.riscv64/usr/lib/python3.8/site-packages/test/test_module/test_database_query/test_database_query_package/test_query_src_info.py to test_query_src_info.cpython-38.pyc
[ 1948s] byte-compiling /home/abuild/rpmbuild/BUILDROOT/pkgship-2.2.0-9.oe1.riscv64/usr/lib/python3.8/site-packages/test/test_module/test_database_query/test_database_query_package/get_mock_data.py to get_mock_data.cpython-38.pyc
[ 1948s] byte-compiling /home/abuild/rpmbuild/BUILDROOT/pkgship-2.2.0-9.oe1.riscv64/usr/lib/python3.8/site-packages/test/test_module/test_database_query/test_database_query_package/test_query_bin_name.py to test_query_bin_name.cpython-38.pyc
[ 1948s] byte-compiling /home/abuild/rpmbuild/BUILDROOT/pkgship-2.2.0-9.oe1.riscv64/usr/lib/python3.8/site-packages/test/test_module/test_database_query/test_database_query_package/__init__.py to __init__.cpython-38.pyc
[ 1948s] byte-compiling /home/abuild/rpmbuild/BUILDROOT/pkgship-2.2.0-9.oe1.riscv64/usr/lib/python3.8/site-packages/test/test_module/test_database_query/test_database_query_package/data/__init__.py to __init__.cpython-38.pyc
[ 1948s] byte-compiling /home/abuild/rpmbuild/BUILDROOT/pkgship-2.2.0-9.oe1.riscv64/usr/lib/python3.8/site-packages/test/test_module/test_database_query/test_database_query_bedepend/test_database_query_bedepend.py to test_database_query_bedepend.cpython-38.pyc
[ 1948s] byte-compiling /home/abuild/rpmbuild/BUILDROOT/pkgship-2.2.0-9.oe1.riscv64/usr/lib/python3.8/site-packages/test/test_module/test_database_query/test_database_query_bedepend/__init__.py to __init__.cpython-38.pyc
[ 1948s] byte-compiling /home/abuild/rpmbuild/BUILDROOT/pkgship-2.2.0-9.oe1.riscv64/usr/lib/python3.8/site-packages/test/test_module/test_database_query/test_database_query_bedepend/data/__init__.py to __init__.cpython-38.pyc
[ 1948s] byte-compiling /home/abuild/rpmbuild/BUILDROOT/pkgship-2.2.0-9.oe1.riscv64/usr/lib/python3.8/site-packages/test/test_module/test_database_query/test_database_query_install/test_database_query_install.py to test_database_query_install.cpython-38.pyc
[ 1948s] byte-compiling /home/abuild/rpmbuild/BUILDROOT/pkgship-2.2.0-9.oe1.riscv64/usr/lib/python3.8/site-packages/test/test_module/test_database_query/test_database_query_install/__init__.py to __init__.cpython-38.pyc
[ 1948s] byte-compiling /home/abuild/rpmbuild/BUILDROOT/pkgship-2.2.0-9.oe1.riscv64/usr/lib/python3.8/site-packages/test/test_module/test_database_query/test_database_query_install/data/__init__.py to __init__.cpython-38.pyc
[ 1948s] byte-compiling /home/abuild/rpmbuild/BUILDROOT/pkgship-2.2.0-9.oe1.riscv64/usr/lib/python3.8/site-packages/test/test_module/test_database_query/test_database_query_build/__init__.py to __init__.cpython-38.pyc
[ 1948s] byte-compiling /home/abuild/rpmbuild/BUILDROOT/pkgship-2.2.0-9.oe1.riscv64/usr/lib/python3.8/site-packages/test/test_module/test_database_query/test_database_query_build/test_database_query_build.py to test_database_query_build.cpython-38.pyc
[ 1948s] byte-compiling /home/abuild/rpmbuild/BUILDROOT/pkgship-2.2.0-9.oe1.riscv64/usr/lib/python3.8/site-packages/test/test_module/test_database_query/test_database_query_build/data/__init__.py to __init__.cpython-38.pyc
[ 1948s] byte-compiling /home/abuild/rpmbuild/BUILDROOT/pkgship-2.2.0-9.oe1.riscv64/usr/lib/python3.8/site-packages/test/base_code/init_config_path.py to init_config_path.cpython-38.pyc
[ 1948s] byte-compiling /home/abuild/rpmbuild/BUILDROOT/pkgship-2.2.0-9.oe1.riscv64/usr/lib/python3.8/site-packages/test/base_code/common_test_code.py to common_test_code.cpython-38.pyc
[ 1948s] byte-compiling /home/abuild/rpmbuild/BUILDROOT/pkgship-2.2.0-9.oe1.riscv64/usr/lib/python3.8/site-packages/test/base_code/read_mock_data.py to read_mock_data.cpython-38.pyc
[ 1949s] byte-compiling /home/abuild/rpmbuild/BUILDROOT/pkgship-2.2.0-9.oe1.riscv64/usr/lib/python3.8/site-packages/test/base_code/read_data_base.py to read_data_base.cpython-38.pyc
[ 1949s] byte-compiling /home/abuild/rpmbuild/BUILDROOT/pkgship-2.2.0-9.oe1.riscv64/usr/lib/python3.8/site-packages/test/base_code/basetest.py to basetest.cpython-38.pyc
[ 1949s] byte-compiling /home/abuild/rpmbuild/BUILDROOT/pkgship-2.2.0-9.oe1.riscv64/usr/lib/python3.8/site-packages/test/base_code/__init__.py to __init__.cpython-38.pyc
[ 1949s] byte-compiling /home/abuild/rpmbuild/BUILDROOT/pkgship-2.2.0-9.oe1.riscv64/usr/lib/python3.8/site-packages/test/unpack/test_unpack.py to test_unpack.cpython-38.pyc
[ 1949s] byte-compiling /home/abuild/rpmbuild/BUILDROOT/pkgship-2.2.0-9.oe1.riscv64/usr/lib/python3.8/site-packages/test/unpack/__init__.py to __init__.cpython-38.pyc
[ 1949s] byte-compiling /home/abuild/rpmbuild/BUILDROOT/pkgship-2.2.0-9.oe1.riscv64/usr/lib/python3.8/site-packages/test/cli/__init__.py to __init__.cpython-38.pyc
[ 1949s] byte-compiling /home/abuild/rpmbuild/BUILDROOT/pkgship-2.2.0-9.oe1.riscv64/usr/lib/python3.8/site-packages/test/cli/download_csv/test_bedepend_download.py to test_bedepend_download.cpython-38.pyc
[ 1949s] byte-compiling /home/abuild/rpmbuild/BUILDROOT/pkgship-2.2.0-9.oe1.riscv64/usr/lib/python3.8/site-packages/test/cli/download_csv/test_selfdep_download.py to test_selfdep_download.cpython-38.pyc
[ 1949s] byte-compiling /home/abuild/rpmbuild/BUILDROOT/pkgship-2.2.0-9.oe1.riscv64/usr/lib/python3.8/site-packages/test/cli/download_csv/test_installdep_download.py to test_installdep_download.cpython-38.pyc
[ 1949s] byte-compiling /home/abuild/rpmbuild/BUILDROOT/pkgship-2.2.0-9.oe1.riscv64/usr/lib/python3.8/site-packages/test/cli/download_csv/test_builddep_download.py to test_builddep_download.cpython-38.pyc
[ 1949s] byte-compiling /home/abuild/rpmbuild/BUILDROOT/pkgship-2.2.0-9.oe1.riscv64/usr/lib/python3.8/site-packages/test/cli/download_csv/test_package_download.py to test_package_download.cpython-38.pyc
[ 1949s] byte-compiling /home/abuild/rpmbuild/BUILDROOT/pkgship-2.2.0-9.oe1.riscv64/usr/lib/python3.8/site-packages/test/cli/download_csv/__init__.py to __init__.cpython-38.pyc
[ 1949s] byte-compiling /home/abuild/rpmbuild/BUILDROOT/pkgship-2.2.0-9.oe1.riscv64/usr/lib/python3.8/site-packages/test/cli/dbs_command/test_db_cmd.py to test_db_cmd.cpython-38.pyc
[ 1949s] byte-compiling /home/abuild/rpmbuild/BUILDROOT/pkgship-2.2.0-9.oe1.riscv64/usr/lib/python3.8/site-packages/test/cli/dbs_command/__init__.py to __init__.cpython-38.pyc
[ 1949s] byte-compiling /home/abuild/rpmbuild/BUILDROOT/pkgship-2.2.0-9.oe1.riscv64/usr/lib/python3.8/site-packages/test/cli/init_command/__init__.py to __init__.cpython-38.pyc
[ 1949s] byte-compiling /home/abuild/rpmbuild/BUILDROOT/pkgship-2.2.0-9.oe1.riscv64/usr/lib/python3.8/site-packages/test/cli/init_command/config_file_exception/test_file_exception.py to test_file_exception.cpython-38.pyc
[ 1949s] byte-compiling /home/abuild/rpmbuild/BUILDROOT/pkgship-2.2.0-9.oe1.riscv64/usr/lib/python3.8/site-packages/test/cli/init_command/config_file_exception/__init__.py to __init__.cpython-38.pyc
[ 1949s] byte-compiling /home/abuild/rpmbuild/BUILDROOT/pkgship-2.2.0-9.oe1.riscv64/usr/lib/python3.8/site-packages/test/cli/init_command/config_dbname_exception/test_dbname_exception.py to test_dbname_exception.cpython-38.pyc
[ 1949s] byte-compiling /home/abuild/rpmbuild/BUILDROOT/pkgship-2.2.0-9.oe1.riscv64/usr/lib/python3.8/site-packages/test/cli/init_command/config_dbname_exception/__init__.py to __init__.cpython-38.pyc
[ 1949s] byte-compiling /home/abuild/rpmbuild/BUILDROOT/pkgship-2.2.0-9.oe1.riscv64/usr/lib/python3.8/site-packages/test/cli/init_command/comparison_relation_case/test_relationship.py to test_relationship.cpython-38.pyc
[ 1949s] byte-compiling /home/abuild/rpmbuild/BUILDROOT/pkgship-2.2.0-9.oe1.riscv64/usr/lib/python3.8/site-packages/test/cli/init_command/comparison_relation_case/__init__.py to __init__.cpython-38.pyc
[ 1949s] byte-compiling /home/abuild/rpmbuild/BUILDROOT/pkgship-2.2.0-9.oe1.riscv64/usr/lib/python3.8/site-packages/test/cli/init_command/import_relation_case/test_import_relation.py to test_import_relation.cpython-38.pyc
[ 1949s] byte-compiling /home/abuild/rpmbuild/BUILDROOT/pkgship-2.2.0-9.oe1.riscv64/usr/lib/python3.8/site-packages/test/cli/init_command/import_relation_case/__init__.py to __init__.cpython-38.pyc
[ 1949s] byte-compiling /home/abuild/rpmbuild/BUILDROOT/pkgship-2.2.0-9.oe1.riscv64/usr/lib/python3.8/site-packages/test/cli/init_command/config_priority_exception/test_priority_exception.py to test_priority_exception.cpython-38.pyc
[ 1949s] byte-compiling /home/abuild/rpmbuild/BUILDROOT/pkgship-2.2.0-9.oe1.riscv64/usr/lib/python3.8/site-packages/test/cli/init_command/config_priority_exception/__init__.py to __init__.cpython-38.pyc
[ 1949s] byte-compiling /home/abuild/rpmbuild/BUILDROOT/pkgship-2.2.0-9.oe1.riscv64/usr/lib/python3.8/site-packages/test/cli/init_command/remote_files_case/test_remote_files.py to test_remote_files.cpython-38.pyc
[ 1949s] byte-compiling /home/abuild/rpmbuild/BUILDROOT/pkgship-2.2.0-9.oe1.riscv64/usr/lib/python3.8/site-packages/test/cli/init_command/remote_files_case/__init__.py to __init__.cpython-38.pyc
[ 1949s] byte-compiling /home/abuild/rpmbuild/BUILDROOT/pkgship-2.2.0-9.oe1.riscv64/usr/lib/python3.8/site-packages/test/cli/init_command/location_files_case/test_location_files.py to test_location_files.cpython-38.pyc
[ 1949s] byte-compiling /home/abuild/rpmbuild/BUILDROOT/pkgship-2.2.0-9.oe1.riscv64/usr/lib/python3.8/site-packages/test/cli/init_command/location_files_case/__init__.py to __init__.cpython-38.pyc
[ 1949s] byte-compiling /home/abuild/rpmbuild/BUILDROOT/pkgship-2.2.0-9.oe1.riscv64/usr/lib/python3.8/site-packages/test/cli/depend_commands/__init__.py to __init__.cpython-38.pyc
[ 1949s] byte-compiling /home/abuild/rpmbuild/BUILDROOT/pkgship-2.2.0-9.oe1.riscv64/usr/lib/python3.8/site-packages/test/cli/depend_commands/installdep_command/test_install_func.py to test_install_func.cpython-38.pyc
[ 1949s] byte-compiling /home/abuild/rpmbuild/BUILDROOT/pkgship-2.2.0-9.oe1.riscv64/usr/lib/python3.8/site-packages/test/cli/depend_commands/installdep_command/__init__.py to __init__.cpython-38.pyc
[ 1950s] byte-compiling /home/abuild/rpmbuild/BUILDROOT/pkgship-2.2.0-9.oe1.riscv64/usr/lib/python3.8/site-packages/test/cli/depend_commands/bedepend_command/__init__.py to __init__.cpython-38.pyc
[ 1950s] byte-compiling /home/abuild/rpmbuild/BUILDROOT/pkgship-2.2.0-9.oe1.riscv64/usr/lib/python3.8/site-packages/test/cli/depend_commands/bedepend_command/test_bedep_func.py to test_bedep_func.cpython-38.pyc
[ 1950s] byte-compiling /home/abuild/rpmbuild/BUILDROOT/pkgship-2.2.0-9.oe1.riscv64/usr/lib/python3.8/site-packages/test/cli/depend_commands/builddep_command/test_build_func.py to test_build_func.cpython-38.pyc
[ 1950s] byte-compiling /home/abuild/rpmbuild/BUILDROOT/pkgship-2.2.0-9.oe1.riscv64/usr/lib/python3.8/site-packages/test/cli/depend_commands/builddep_command/__init__.py to __init__.cpython-38.pyc
[ 1950s] byte-compiling /home/abuild/rpmbuild/BUILDROOT/pkgship-2.2.0-9.oe1.riscv64/usr/lib/python3.8/site-packages/test/cli/depend_commands/selfdepend_command/test_selfdepend_func.py to test_selfdepend_func.cpython-38.pyc
[ 1950s] byte-compiling /home/abuild/rpmbuild/BUILDROOT/pkgship-2.2.0-9.oe1.riscv64/usr/lib/python3.8/site-packages/test/cli/depend_commands/selfdepend_command/__init__.py to __init__.cpython-38.pyc
[ 1950s] byte-compiling /home/abuild/rpmbuild/BUILDROOT/pkgship-2.2.0-9.oe1.riscv64/usr/lib/python3.8/site-packages/test/cli/version_command/test_version_cmd.py to test_version_cmd.cpython-38.pyc
[ 1950s] byte-compiling /home/abuild/rpmbuild/BUILDROOT/pkgship-2.2.0-9.oe1.riscv64/usr/lib/python3.8/site-packages/test/cli/version_command/__init__.py to __init__.cpython-38.pyc
[ 1950s] byte-compiling /home/abuild/rpmbuild/BUILDROOT/pkgship-2.2.0-9.oe1.riscv64/usr/lib/python3.8/site-packages/test/cli/compare_command/test_compare_cmd.py to test_compare_cmd.cpython-38.pyc
[ 1950s] byte-compiling /home/abuild/rpmbuild/BUILDROOT/pkgship-2.2.0-9.oe1.riscv64/usr/lib/python3.8/site-packages/test/cli/compare_command/__init__.py to __init__.cpython-38.pyc
[ 1950s] byte-compiling /home/abuild/rpmbuild/BUILDROOT/pkgship-2.2.0-9.oe1.riscv64/usr/lib/python3.8/site-packages/test/cli/package_command/__init__.py to __init__.cpython-38.pyc
[ 1950s] byte-compiling /home/abuild/rpmbuild/BUILDROOT/pkgship-2.2.0-9.oe1.riscv64/usr/lib/python3.8/site-packages/test/cli/package_command/pkg_info/test_pkg_info.py to test_pkg_info.cpython-38.pyc
[ 1950s] byte-compiling /home/abuild/rpmbuild/BUILDROOT/pkgship-2.2.0-9.oe1.riscv64/usr/lib/python3.8/site-packages/test/cli/package_command/pkg_info/test_pkg_info_s.py to test_pkg_info_s.cpython-38.pyc
[ 1950s] byte-compiling /home/abuild/rpmbuild/BUILDROOT/pkgship-2.2.0-9.oe1.riscv64/usr/lib/python3.8/site-packages/test/cli/package_command/pkg_info/__init__.py to __init__.cpython-38.pyc
[ 1950s] byte-compiling /home/abuild/rpmbuild/BUILDROOT/pkgship-2.2.0-9.oe1.riscv64/usr/lib/python3.8/site-packages/test/cli/package_command/pkg_list/test_pkg_list.py to test_pkg_list.cpython-38.pyc
[ 1950s] byte-compiling /home/abuild/rpmbuild/BUILDROOT/pkgship-2.2.0-9.oe1.riscv64/usr/lib/python3.8/site-packages/test/cli/package_command/pkg_list/test_pkg_list_s.py to test_pkg_list_s.cpython-38.pyc
[ 1950s] byte-compiling /home/abuild/rpmbuild/BUILDROOT/pkgship-2.2.0-9.oe1.riscv64/usr/lib/python3.8/site-packages/test/cli/package_command/pkg_list/__init__.py to __init__.cpython-38.pyc
[ 1950s] writing byte-compilation script '/tmp/tmpj3k5lv_p.py'
[ 1950s] /usr/bin/python3 /tmp/tmpj3k5lv_p.py
[ 1956s] removing /tmp/tmpj3k5lv_p.py
[ 1956s] running install_data
[ 1956s] creating /home/abuild/rpmbuild/BUILDROOT/pkgship-2.2.0-9.oe1.riscv64/etc
[ 1956s] creating /home/abuild/rpmbuild/BUILDROOT/pkgship-2.2.0-9.oe1.riscv64/etc/pkgship
[ 1956s] copying packageship/package.ini -> /home/abuild/rpmbuild/BUILDROOT/pkgship-2.2.0-9.oe1.riscv64/etc/pkgship/
[ 1956s] copying conf.yaml -> /home/abuild/rpmbuild/BUILDROOT/pkgship-2.2.0-9.oe1.riscv64/etc/pkgship/
[ 1956s] copying packageship/auto_install_pkgship_requires.sh -> /home/abuild/rpmbuild/BUILDROOT/pkgship-2.2.0-9.oe1.riscv64/etc/pkgship/
[ 1956s] copying packageship/uwsgi_logrotate.sh -> /home/abuild/rpmbuild/BUILDROOT/pkgship-2.2.0-9.oe1.riscv64/etc/pkgship/
[ 1956s] creating /home/abuild/rpmbuild/BUILDROOT/pkgship-2.2.0-9.oe1.riscv64/usr/bin
[ 1956s] copying packageship/pkgshipd -> /home/abuild/rpmbuild/BUILDROOT/pkgship-2.2.0-9.oe1.riscv64/usr/bin
[ 1956s] copying packageship/pkgship -> /home/abuild/rpmbuild/BUILDROOT/pkgship-2.2.0-9.oe1.riscv64/usr/bin
[ 1956s] creating /home/abuild/rpmbuild/BUILDROOT/pkgship-2.2.0-9.oe1.riscv64/lib
[ 1956s] creating /home/abuild/rpmbuild/BUILDROOT/pkgship-2.2.0-9.oe1.riscv64/lib/systemd
[ 1956s] creating /home/abuild/rpmbuild/BUILDROOT/pkgship-2.2.0-9.oe1.riscv64/lib/systemd/system
[ 1956s] copying packageship/pkgship.service -> /home/abuild/rpmbuild/BUILDROOT/pkgship-2.2.0-9.oe1.riscv64/lib/systemd/system/
[ 1956s] copying packageship/application/common/rsp/mapping.xml -> /home/abuild/rpmbuild/BUILDROOT/pkgship-2.2.0-9.oe1.riscv64/usr/lib/python3.8/site-packages/packageship/application/common/rsp
[ 1956s] copying packageship/version.yaml -> /home/abuild/rpmbuild/BUILDROOT/pkgship-2.2.0-9.oe1.riscv64/usr/lib/python3.8/site-packages/packageship
[ 1956s] copying packageship/application/initialize/bedepend.json -> /home/abuild/rpmbuild/BUILDROOT/pkgship-2.2.0-9.oe1.riscv64/usr/lib/python3.8/site-packages/packageship/application/initialize
[ 1956s] copying packageship/application/initialize/binary.json -> /home/abuild/rpmbuild/BUILDROOT/pkgship-2.2.0-9.oe1.riscv64/usr/lib/python3.8/site-packages/packageship/application/initialize
[ 1956s] copying packageship/application/initialize/source.json -> /home/abuild/rpmbuild/BUILDROOT/pkgship-2.2.0-9.oe1.riscv64/usr/lib/python3.8/site-packages/packageship/application/initialize
[ 1956s] running install_egg_info
[ 1957s] running egg_info
[ 1957s] creating packageship.egg-info
[ 1957s] writing packageship.egg-info/PKG-INFO
[ 1957s] writing dependency_links to packageship.egg-info/dependency_links.txt
[ 1957s] writing top-level names to packageship.egg-info/top_level.txt
[ 1957s] writing manifest file 'packageship.egg-info/SOURCES.txt'
[ 1958s] reading manifest file 'packageship.egg-info/SOURCES.txt'
[ 1958s] adding license file 'LICENSE'
[ 1958s] writing manifest file 'packageship.egg-info/SOURCES.txt'
[ 1958s] Copying packageship.egg-info to /home/abuild/rpmbuild/BUILDROOT/pkgship-2.2.0-9.oe1.riscv64/usr/lib/python3.8/site-packages/packageship-2.1.0-py3.8.egg-info
[ 1958s] running install_scripts
[ 1959s] /usr/lib/python3.8/site-packages/setuptools/command/install.py:34: SetuptoolsDeprecationWarning: setup.py install is deprecated. Use build and pip and other standards-based tools.
[ 1959s]   warnings.warn(
[ 1959s] + /usr/lib/rpm/find-debuginfo.sh -j8 --strict-build-id -i --build-id-seed 2.2.0-9.oe1 --unique-debug-suffix -2.2.0-9.oe1.riscv64 --unique-debug-src-base pkgship-2.2.0-9.oe1.riscv64 -S debugsourcefiles.list /home/abuild/rpmbuild/BUILD/pkgship-2.2.0
[ 1961s] find: 'debug': No such file or directory
[ 1961s] + /usr/lib/rpm/check-buildroot
[ 1962s] + /usr/lib/rpm/brp-ldconfig
[ 1962s] + /usr/lib/rpm/brp-compress
[ 1962s] + /usr/lib/rpm/brp-strip-static-archive /usr/bin/strip
[ 1966s] + /usr/lib/rpm/brp-python-bytecompile /usr/bin/python 1 1
[ 1978s] Bytecompiling .py files below /home/abuild/rpmbuild/BUILDROOT/pkgship-2.2.0-9.oe1.riscv64/usr/lib/python3.8 using /usr/bin/python3.8
[ 1995s] + /usr/lib/rpm/brp-python-hardlink
[ 2062s] Executing(%check): /bin/sh -e /var/tmp/rpm-tmp.1tpSp4
[ 2062s] + umask 022
[ 2062s] + cd /home/abuild/rpmbuild/BUILD
[ 2062s] + cd pkgship-2.2.0
[ 2062s] ++ pwd
[ 2062s] + current_path=/home/abuild/rpmbuild/BUILD/pkgship-2.2.0
[ 2062s] + log_path=/home/abuild/rpmbuild/BUILD/pkgship-2.2.0/packageship/tmp/
[ 2062s] + sed -i '/^LOG_PATH/d' ./packageship/libs/conf/global_config.py
[ 2062s] + echo 'LOG_PATH=r"/home/abuild/rpmbuild/BUILD/pkgship-2.2.0/packageship/tmp/"'
[ 2062s] + /usr/bin/python3 test/coverage_count.py
[ 2077s] EEEEEEE
[ 2077s] ======================================================================
[ 2077s] ERROR: compare_command (unittest.loader._FailedTest)
[ 2077s] ----------------------------------------------------------------------
[ 2077s] ImportError: Failed to import test module: compare_command
[ 2077s] Traceback (most recent call last):
[ 2077s]   File "/usr/lib64/python3.8/unittest/loader.py", line 470, in _find_test_path
[ 2077s]     package = self._get_module_from_name(name)
[ 2077s]   File "/usr/lib64/python3.8/unittest/loader.py", line 377, in _get_module_from_name
[ 2077s]     __import__(name)
[ 2077s]   File "/home/abuild/rpmbuild/BUILD/pkgship-2.2.0/test/cli/compare_command/__init__.py", line 22, in <module>
[ 2077s]     from test.cli import ClientTest
[ 2077s]   File "/home/abuild/rpmbuild/BUILD/pkgship-2.2.0/test/cli/__init__.py", line 28, in <module>
[ 2077s]     from packageship.application.cli.base import BaseCommand
[ 2077s]   File "/home/abuild/rpmbuild/BUILD/pkgship-2.2.0/packageship/application/__init__.py", line 18, in <module>
[ 2077s]     from flask_limiter import Limiter
[ 2077s] ModuleNotFoundError: No module named 'flask_limiter'
[ 2077s] 
[ 2077s] 
[ 2077s] ======================================================================
[ 2077s] ERROR: dbs_command (unittest.loader._FailedTest)
[ 2077s] ----------------------------------------------------------------------
[ 2077s] ImportError: Failed to import test module: dbs_command
[ 2077s] Traceback (most recent call last):
[ 2077s]   File "/usr/lib64/python3.8/unittest/loader.py", line 470, in _find_test_path
[ 2077s]     package = self._get_module_from_name(name)
[ 2077s]   File "/usr/lib64/python3.8/unittest/loader.py", line 377, in _get_module_from_name
[ 2077s]     __import__(name)
[ 2077s]   File "/home/abuild/rpmbuild/BUILD/pkgship-2.2.0/test/cli/dbs_command/__init__.py", line 14, in <module>
[ 2077s]     from test.cli import ClientTest
[ 2077s]   File "/home/abuild/rpmbuild/BUILD/pkgship-2.2.0/test/cli/__init__.py", line 28, in <module>
[ 2077s]     from packageship.application.cli.base import BaseCommand
[ 2077s]   File "/home/abuild/rpmbuild/BUILD/pkgship-2.2.0/packageship/application/__init__.py", line 18, in <module>
[ 2077s]     from flask_limiter import Limiter
[ 2077s] ModuleNotFoundError: No module named 'flask_limiter'
[ 2077s] 
[ 2077s] 
[ 2077s] ======================================================================
[ 2077s] ERROR: depend_commands (unittest.loader._FailedTest)
[ 2077s] ----------------------------------------------------------------------
[ 2077s] ImportError: Failed to import test module: depend_commands
[ 2077s] Traceback (most recent call last):
[ 2077s]   File "/usr/lib64/python3.8/unittest/loader.py", line 470, in _find_test_path
[ 2077s]     package = self._get_module_from_name(name)
[ 2077s]   File "/usr/lib64/python3.8/unittest/loader.py", line 377, in _get_module_from_name
[ 2077s]     __import__(name)
[ 2077s]   File "/home/abuild/rpmbuild/BUILD/pkgship-2.2.0/test/cli/depend_commands/__init__.py", line 18, in <module>
[ 2077s]     from test.cli import ClientTest, DATA_BASE_INFO
[ 2077s]   File "/home/abuild/rpmbuild/BUILD/pkgship-2.2.0/test/cli/__init__.py", line 28, in <module>
[ 2077s]     from packageship.application.cli.base import BaseCommand
[ 2077s]   File "/home/abuild/rpmbuild/BUILD/pkgship-2.2.0/packageship/application/__init__.py", line 18, in <module>
[ 2077s]     from flask_limiter import Limiter
[ 2077s] ModuleNotFoundError: No module named 'flask_limiter'
[ 2077s] 
[ 2077s] 
[ 2077s] ======================================================================
[ 2077s] ERROR: download_csv (unittest.loader._FailedTest)
[ 2077s] ----------------------------------------------------------------------
[ 2077s] ImportError: Failed to import test module: download_csv
[ 2077s] Traceback (most recent call last):
[ 2077s]   File "/usr/lib64/python3.8/unittest/loader.py", line 470, in _find_test_path
[ 2077s]     package = self._get_module_from_name(name)
[ 2077s]   File "/usr/lib64/python3.8/unittest/loader.py", line 377, in _get_module_from_name
[ 2077s]     __import__(name)
[ 2077s]   File "/home/abuild/rpmbuild/BUILD/pkgship-2.2.0/test/cli/download_csv/__init__.py", line 21, in <module>
[ 2077s]     from packageship.application.serialize import validate
[ 2077s]   File "/home/abuild/rpmbuild/BUILD/pkgship-2.2.0/packageship/application/__init__.py", line 18, in <module>
[ 2077s]     from flask_limiter import Limiter
[ 2077s] ModuleNotFoundError: No module named 'flask_limiter'
[ 2077s] 
[ 2077s] 
[ 2077s] ======================================================================
[ 2077s] ERROR: init_command (unittest.loader._FailedTest)
[ 2077s] ----------------------------------------------------------------------
[ 2077s] ImportError: Failed to import test module: init_command
[ 2077s] Traceback (most recent call last):
[ 2077s]   File "/usr/lib64/python3.8/unittest/loader.py", line 470, in _find_test_path
[ 2077s]     package = self._get_module_from_name(name)
[ 2077s]   File "/usr/lib64/python3.8/unittest/loader.py", line 377, in _get_module_from_name
[ 2077s]     __import__(name)
[ 2077s]   File "/home/abuild/rpmbuild/BUILD/pkgship-2.2.0/test/cli/init_command/__init__.py", line 20, in <module>
[ 2077s]     from test.cli import BaseTest
[ 2077s]   File "/home/abuild/rpmbuild/BUILD/pkgship-2.2.0/test/cli/__init__.py", line 28, in <module>
[ 2077s]     from packageship.application.cli.base import BaseCommand
[ 2077s]   File "/home/abuild/rpmbuild/BUILD/pkgship-2.2.0/packageship/application/__init__.py", line 18, in <module>
[ 2077s]     from flask_limiter import Limiter
[ 2077s] ModuleNotFoundError: No module named 'flask_limiter'
[ 2077s] 
[ 2077s] 
[ 2077s] ======================================================================
[ 2077s] ERROR: package_command (unittest.loader._FailedTest)
[ 2077s] ----------------------------------------------------------------------
[ 2077s] ImportError: Failed to import test module: package_command
[ 2077s] Traceback (most recent call last):
[ 2077s]   File "/usr/lib64/python3.8/unittest/loader.py", line 470, in _find_test_path
[ 2077s]     package = self._get_module_from_name(name)
[ 2077s]   File "/usr/lib64/python3.8/unittest/loader.py", line 377, in _get_module_from_name
[ 2077s]     __import__(name)
[ 2077s]   File "/home/abuild/rpmbuild/BUILD/pkgship-2.2.0/test/cli/package_command/__init__.py", line 15, in <module>
[ 2077s]     from test.cli import ClientTest,ES_COUNT_DATA
[ 2077s]   File "/home/abuild/rpmbuild/BUILD/pkgship-2.2.0/test/cli/__init__.py", line 28, in <module>
[ 2077s]     from packageship.application.cli.base import BaseCommand
[ 2077s]   File "/home/abuild/rpmbuild/BUILD/pkgship-2.2.0/packageship/application/__init__.py", line 18, in <module>
[ 2077s]     from flask_limiter import Limiter
[ 2077s] ModuleNotFoundError: No module named 'flask_limiter'
[ 2077s] 
[ 2077s] 
[ 2077s] ======================================================================
[ 2077s] ERROR: version_command (unittest.loader._FailedTest)
[ 2077s] ----------------------------------------------------------------------
[ 2077s] ImportError: Failed to import test module: version_command
[ 2077s] Traceback (most recent call last):
[ 2077s]   File "/usr/lib64/python3.8/unittest/loader.py", line 470, in _find_test_path
[ 2077s]     package = self._get_module_from_name(name)
[ 2077s]   File "/usr/lib64/python3.8/unittest/loader.py", line 377, in _get_module_from_name
[ 2077s]     __import__(name)
[ 2077s]   File "/home/abuild/rpmbuild/BUILD/pkgship-2.2.0/test/cli/version_command/__init__.py", line 14, in <module>
[ 2077s]     from packageship.application.cli.commands.version import VersionCommand
[ 2077s]   File "/home/abuild/rpmbuild/BUILD/pkgship-2.2.0/packageship/application/__init__.py", line 18, in <module>
[ 2077s]     from flask_limiter import Limiter
[ 2077s] ModuleNotFoundError: No module named 'flask_limiter'
[ 2077s] 
[ 2077s] 
[ 2077s] ----------------------------------------------------------------------
[ 2077s] Ran 7 tests in 0.028s
[ 2077s] 
[ 2077s] FAILED (errors=7)
[ 2077s] E
[ 2077s] ======================================================================
[ 2077s] ERROR: test_graph (unittest.loader._FailedTest)
[ 2077s] ----------------------------------------------------------------------
[ 2077s] ImportError: Failed to import test module: test_graph
[ 2077s] Traceback (most recent call last):
[ 2077s]   File "/usr/lib64/python3.8/unittest/loader.py", line 436, in _find_test_path
[ 2077s]     module = self._get_module_from_name(name)
[ 2077s]   File "/usr/lib64/python3.8/unittest/loader.py", line 377, in _get_module_from_name
[ 2077s]     __import__(name)
[ 2077s]   File "/home/abuild/rpmbuild/BUILD/pkgship-2.2.0/test/graph/test_graph.py", line 17, in <module>
[ 2077s]     from test.cli.depend_commands import DependTestBase
[ 2077s]   File "/home/abuild/rpmbuild/BUILD/pkgship-2.2.0/test/cli/__init__.py", line 28, in <module>
[ 2077s]     from packageship.application.cli.base import BaseCommand
[ 2077s]   File "/home/abuild/rpmbuild/BUILD/pkgship-2.2.0/packageship/application/__init__.py", line 18, in <module>
[ 2077s]     from flask_limiter import Limiter
[ 2077s] ModuleNotFoundError: No module named 'flask_limiter'
[ 2077s] 
[ 2077s] 
[ 2077s] ----------------------------------------------------------------------
[ 2077s] Ran 1 test in 0.005s
[ 2077s] 
[ 2077s] FAILED (errors=1)
[ 2077s] E
[ 2077s] ======================================================================
[ 2077s] ERROR: test_unpack (unittest.loader._FailedTest)
[ 2077s] ----------------------------------------------------------------------
[ 2077s] ImportError: Failed to import test module: test_unpack
[ 2077s] Traceback (most recent call last):
[ 2077s]   File "/usr/lib64/python3.8/unittest/loader.py", line 436, in _find_test_path
[ 2077s]     module = self._get_module_from_name(name)
[ 2077s]   File "/usr/lib64/python3.8/unittest/loader.py", line 377, in _get_module_from_name
[ 2077s]     __import__(name)
[ 2077s]   File "/home/abuild/rpmbuild/BUILD/pkgship-2.2.0/test/unpack/test_unpack.py", line 16, in <module>
[ 2077s]     from packageship.application.common.compress import Unpack
[ 2077s]   File "/home/abuild/rpmbuild/BUILD/pkgship-2.2.0/packageship/application/__init__.py", line 18, in <module>
[ 2077s]     from flask_limiter import Limiter
[ 2077s] ModuleNotFoundError: No module named 'flask_limiter'
[ 2077s] 
[ 2077s] 
[ 2077s] ----------------------------------------------------------------------
[ 2077s] Ran 1 test in 0.005s
[ 2077s] 
[ 2077s] FAILED (errors=1)
[ 2077s] error: Bad exit status from /var/tmp/rpm-tmp.1tpSp4 (%check)
[ 2077s] 
[ 2077s] 
[ 2077s] RPM build errors:
[ 2077s]     Bad exit status from /var/tmp/rpm-tmp.1tpSp4 (%check)
[ 2078s] 
[ 2078s] oe-RISCV-worker25 failed "build pkgship.spec" at Sun Apr 17 12:43:40 UTC 2022.
[ 2078s] 
