[    0s] Using BUILD_ROOT=/var/cache/obs/worker/root_8/.mount
[    0s] Using BUILD_ARCH=riscv64
[    0s] Doing kvm build in /var/cache/obs/worker/root_8/root
[    0s] 
[    1s] 
[    1s] lamb60 started "build python-python-crfsuite.spec" at Sat Feb 18 21:25:32 UTC 2023.
[    1s] 
[    1s] Building python-python-crfsuite for project 'openSUSE:Factory:RISCV' repository 'standard' arch 'riscv64' srcmd5 'f148767e538b12b8c40902e3c86fb164'
[    1s] 
[    1s] processing recipe /var/cache/obs/worker/root_8/.build-srcdir/python-python-crfsuite.spec ...
[    1s] running changelog2spec --target rpm --file /var/cache/obs/worker/root_8/.build-srcdir/python-python-crfsuite.spec
[    1s] init_buildsystem --configdir /var/run/obs/worker/8/build/configs --cachedir /var/cache/build --prepare --clean --rpmlist /var/cache/obs/worker/root_8/.build.rpmlist /var/cache/obs/worker/root_8/.build-srcdir/python-python-crfsuite.spec build ...
[    2s] unpacking preinstall image openSUSE:Factory:RISCV/standard/preinstallimage-python [83160fede3a282f635470653fe6cebf8]
[    7s] 
[    7s] copying packages...
[    7s] reordering...done
[    7s] Detected virtio-serial support
[   10s] booting kvm...
[   10s] ### VM INTERACTION START ###
[   10s] Using virtio-serial support
[   10s] /usr/bin/qemu-kvm -nodefaults -no-reboot -nographic -vga none -cpu host -M pc,accel=kvm,usb=off,dump-guest-core=off,vmport=off -sandbox on -bios /usr/share/qemu/qboot.rom -object rng-random,filename=/dev/random,id=rng0 -device virtio-rng-pci,rng=rng0 -object iothread,id=io0 -runas qemu -net none -kernel /var/cache/obs/worker/root_8/.mount/boot/kernel -initrd /var/cache/obs/worker/root_8/.mount/boot/initrd -append root=/dev/disk/by-id/virtio-0 rootfstype=ext4 rootflags=noatime kvmclock mitigations=off elevator=noop nmi_watchdog=0 rw rd.driver.pre=binfmt_misc oops=panic panic=1 quiet console=hvc0 init=/.build/initvm.x86_64 -m 8192 -drive file=/var/cache/obs/worker/root_8/root,format=raw,if=none,id=disk,cache=unsafe,aio=io_uring -device virtio-blk-pci,iothread=io0,drive=disk,serial=0 -drive file=/var/cache/obs/worker/root_8/swap,format=raw,if=none,id=swap,cache=unsafe,aio=io_uring -device virtio-blk-pci,iothread=io0,drive=swap,serial=1 -device virtio-serial,max_ports=2 -device virtconsole,chardev=virtiocon0 -chardev stdio,id=virtiocon0 -chardev socket,id=monitor,server=on,wait=off,path=/var/cache/obs/worker/root_8/root.qemu/monitor -mon chardev=monitor,mode=readline -smp 8
[   20s] ### VM INTERACTION END ###
[   20s] 2nd stage started in virtual machine
[   21s] machine type: riscv64
[   21s] Linux version: 6.1.12-1-default #1 SMP PREEMPT_DYNAMIC Wed Feb 15 05:31:41 UTC 2023 (373f017)
[   21s] Increasing log level from now on...
[   21s] [   10.646679][  T413] sysrq: Changing Loglevel
[   21s] [   10.646903][  T413] sysrq: Loglevel set to 4
[   21s] Enable sysrq operations
[   22s] Setting up swapspace version 1, size = 2 GiB (2097147904 bytes)
[   22s] no label, UUID=1a774bca-664d-4c59-bfb8-1afb58641c3c
[   22s] swapon: /dev/vdb: found signature [pagesize=4096, signature=swap]
[   22s] swapon: /dev/vdb: pagesize=4096, swapsize=2097152000, devsize=2097152000
[   22s] swapon /dev/vdb
[   23s] WARNING: udev not running, creating extra device nodes
[   23s] logging output to //.build.log...
[   24s] processing recipe /.build-srcdir/python-python-crfsuite.spec ...
[   24s] init_buildsystem --configdir /.build/configs --cachedir /var/cache/build /.build-srcdir/python-python-crfsuite.spec build ...
[   25s] initializing rpm db...
[   25s] querying package ids...
[   69s] [1/191] preinstalled aaa_base-84.87+git20220822.6b9f7a3-1.1
[   69s] [2/191] preinstalled aaa_base-malloccheck-84.87+git20220822.6b9f7a3-1.1
[   69s] [3/191] preinstalled attr-2.5.1-1.1
[   69s] [4/191] preinstalled bash-5.2.15-8.1
[   69s] [5/191] preinstalled bash-sh-5.2.15-8.1
[   69s] [6/191] preinstalled binutils-2.39-3.1
[   69s] [7/191] preinstalled brp-check-suse-84.87+git20221115.2f7add6-1.1
[   69s] [8/191] preinstalled build-compare-20221206T204012.bb70754-1.2
[   69s] [9/191] preinstalled build-mkbaselibs-20230215-1.1
[   69s] [10/191] preinstalled bzip2-1.0.8-4.1
[   69s] [11/191] preinstalled chkstat-1599_20221220-1.2
[   69s] [12/191] preinstalled compat-usrmerge-build-84.87-5.1
[   69s] [13/191] preinstalled compat-usrmerge-tools-84.87-5.1
[   69s] [14/191] preinstalled coreutils-9.1-5.1
[   69s] [15/191] preinstalled cpio-2.13-5.1
[   69s] [16/191] preinstalled cpp-12-2.1
[   69s] [17/191] preinstalled cpp12-12.2.1+git749-4.1
[   69s] [18/191] preinstalled crypto-policies-20210917.c9d86d1-1.1
[   69s] [19/191] preinstalled debugedit-5.0-5.1
[   69s] [20/191] preinstalled diffutils-3.9-1.1
[   69s] [21/191] preinstalled dwz-0.15-2.1
[   69s] [22/191] preinstalled elfutils-0.188-3.2
[   69s] [23/191] cumulate fdupes-2.2.1-1.1
[   69s] [24/191] preinstalled file-5.44-1.2
[   69s] [25/191] preinstalled file-magic-5.44-1.2
[   69s] [26/191] preinstalled filesystem-84.87-12.1
[   69s] [27/191] preinstalled fillup-1.42-279.1
[   69s] [28/191] preinstalled findutils-4.9.0-2.1
[   69s] [29/191] preinstalled gawk-5.2.1-2.1
[   69s] [30/191] preinstalled gcc-12-2.1
[   69s] [31/191] preinstalled gcc-PIE-12-2.1
[   69s] [32/191] preinstalled gcc12-12.2.1+git749-4.1
[   69s] [33/191] preinstalled gcc12-PIE-12.2.1+git749-4.1
[   69s] [34/191] preinstalled gettext-runtime-mini-0.21.1-1.1
[   69s] [35/191] preinstalled gettext-tools-mini-0.21.1-1.1
[   69s] [36/191] preinstalled glibc-2.37-1.1
[   69s] [37/191] preinstalled glibc-devel-2.37-1.1
[   69s] [38/191] preinstalled glibc-locale-base-2.37-1.1
[   69s] [39/191] preinstalled grep-3.8-3.1
[   69s] [40/191] preinstalled gzip-1.12-3.1
[   69s] [41/191] preinstalled kernel-obs-build-6.1.12-1.1
[   69s] [42/191] preinstalled libacl1-2.3.1-2.1
[   69s] [43/191] cumulate libalternatives1-1.2+3.b848aad-3.1
[   69s] [44/191] preinstalled libasan8-13.0.1+git5428-6.1
[   69s] [45/191] preinstalled libasm1-0.188-3.2
[   69s] [46/191] preinstalled libatomic1-13.0.1+git5428-6.1
[   69s] [47/191] preinstalled libattr1-2.5.1-1.1
[   69s] [48/191] preinstalled libaudit1-3.0.6-4.1
[   69s] [49/191] preinstalled libblkid1-2.38.1-7.1
[   69s] [50/191] preinstalled libbz2-1-1.0.8-4.1
[   69s] [51/191] preinstalled libcap-ng0-0.8.3-1.1
[   69s] [52/191] preinstalled libcap2-2.67-1.1
[   69s] [53/191] preinstalled libcrypt1-4.4.33-1.1
[   69s] [54/191] preinstalled libctf-nobfd0-2.39-3.1
[   69s] [55/191] preinstalled libctf0-2.39-3.1
[   69s] [56/191] preinstalled libdb-4_8-4.8.30-39.1
[   69s] [57/191] preinstalled libdw1-0.188-3.2
[   69s] [58/191] preinstalled libeconf0-0.5.1-1.1
[   69s] [59/191] preinstalled libelf1-0.188-3.2
[   69s] [60/191] preinstalled libexpat1-2.5.0-2.1
[   69s] [61/191] preinstalled libfdisk1-2.38.1-7.1
[   69s] [62/191] preinstalled libffi8-3.4.4-1.1
[   69s] [63/191] preinstalled libgcc_s1-13.0.1+git5428-6.1
[   69s] [64/191] preinstalled libgcrypt20-1.10.1-1.1
[   69s] [65/191] preinstalled libgdbm6-1.23-1.1
[   69s] [66/191] preinstalled libgdbm_compat4-1.23-1.1
[   69s] [67/191] preinstalled libgmp10-6.2.1-4.1
[   69s] [68/191] preinstalled libgomp1-13.0.1+git5428-6.1
[   69s] [69/191] preinstalled libgpg-error0-1.46-1.1
[   69s] [70/191] preinstalled libisl23-0.25-1.1
[   69s] [71/191] preinstalled liblua5_4-5-5.4.4-8.1
[   69s] [72/191] preinstalled liblzma5-5.4.1-1.1
[   69s] [73/191] preinstalled libmagic1-5.44-1.2
[   69s] [74/191] preinstalled libmount1-2.38.1-7.1
[   69s] [75/191] preinstalled libmpc3-1.3.1-1.2
[   69s] [76/191] preinstalled libmpdec3-2.5.1-2.1
[   69s] [77/191] preinstalled libmpfr6-4.2.0-1.1
[   69s] [78/191] preinstalled libncurses6-6.4.20230128-5.1
[   69s] [79/191] preinstalled libopenssl3-3.0.7-3.1
[   69s] [80/191] preinstalled libpcre2-8-0-10.42-3.2
[   69s] [81/191] preinstalled libpkgconf3-1.8.0-2.1
[   69s] [82/191] preinstalled libpopt0-1.19-1.1
[   69s] [83/191] preinstalled libpython3_10-1_0-3.10.9-2.2
[   69s] [84/191] preinstalled libpython3_11-1_0-3.11.1-4.2
[   69s] [85/191] preinstalled libpython3_8-1_0-3.8.16-3.2
[   69s] [86/191] preinstalled libpython3_9-1_0-3.9.16-3.2
[   69s] [87/191] preinstalled libreadline8-8.2-2.1
[   69s] [88/191] preinstalled librpmbuild9-4.18.0-3.2
[   69s] [89/191] preinstalled libseccomp2-2.5.4-2.1
[   69s] [90/191] preinstalled libselinux1-3.4-2.1
[   69s] [91/191] preinstalled libsemanage-conf-3.4-1.1
[   69s] [92/191] preinstalled libsemanage2-3.4-1.1
[   69s] [93/191] preinstalled libsepol2-3.4-1.1
[   69s] [94/191] preinstalled libsmartcols1-2.38.1-7.1
[   69s] [95/191] preinstalled libstdc++6-13.0.1+git5428-6.1
[   69s] [96/191] cumulate libstdc++6-devel-gcc12-12.2.1+git749-4.1
[   69s] [97/191] preinstalled libsubid4-4.13-3.1
[   69s] [98/191] preinstalled libubsan1-13.0.1+git5428-6.1
[   69s] [99/191] preinstalled libutempter0-1.2.0-3.2
[   69s] [100/191] preinstalled libuuid1-2.38.1-7.1
[   69s] [101/191] preinstalled libxcrypt-devel-4.4.33-1.1
[   69s] [102/191] preinstalled libz1-1.2.13-2.1
[   69s] [103/191] preinstalled libzstd1-1.5.2-2.1
[   69s] [104/191] preinstalled linux-glibc-devel-6.1-1.1
[   69s] [105/191] preinstalled login_defs-4.13-3.1
[   69s] [106/191] preinstalled lua54-5.4.4-8.1
[   69s] [107/191] preinstalled make-4.4-2.1
[   69s] [108/191] preinstalled ncurses-utils-6.4.20230128-5.1
[   69s] [109/191] preinstalled pam-1.5.2-12.1
[   69s] [110/191] preinstalled patch-2.7.6-6.1
[   69s] [111/191] preinstalled perl-5.36.0-4.1
[   69s] [112/191] preinstalled perl-base-5.36.0-4.1
[   69s] [113/191] preinstalled permissions-1599_20221220-1.2
[   69s] [114/191] preinstalled permissions-config-1599_20221220-1.2
[   69s] [115/191] preinstalled pkgconf-1.8.0-2.1
[   69s] [116/191] preinstalled pkgconf-m4-1.8.0-2.1
[   69s] [117/191] preinstalled pkgconf-pkg-config-1.8.0-2.1
[   69s] [118/191] preinstalled polkit-default-privs-1550+20221102.9f111fa-1.1
[   69s] [119/191] preinstalled post-build-checks-84.87+git20230106.3a359c5-1.1
[   69s] [120/191] preinstalled python-rpm-macros-20230128.e704796-1.2
[   69s] [121/191] preinstalled python-rpm-packaging-20210526+a18ca48-1.2
[   69s] [122/191] cumulate python310-attrs-22.2.0-1.2
[   69s] [123/191] preinstalled python310-base-3.10.9-2.2
[   69s] [124/191] cumulate python310-devel-3.10.9-2.2
[   69s] [125/191] cumulate python310-exceptiongroup-1.1.0-1.2
[   69s] [126/191] cumulate python310-iniconfig-1.1.1-3.2
[   69s] [127/191] preinstalled python310-packaging-23.0-1.1
[   69s] [128/191] cumulate python310-pluggy-1.0.0-1.5
[   69s] [129/191] preinstalled python310-setuptools-65.6.3-1.2
[   69s] [130/191] cumulate python310-tomli-2.0.1-1.3
[   69s] [131/191] cumulate python310-zipp-3.8.1-1.2
[   69s] [132/191] cumulate python311-attrs-22.2.0-1.2
[   69s] [133/191] preinstalled python311-base-3.11.1-4.2
[   69s] [134/191] cumulate python311-devel-3.11.1-4.2
[   69s] [135/191] cumulate python311-exceptiongroup-1.1.0-1.2
[   69s] [136/191] cumulate python311-iniconfig-1.1.1-3.2
[   69s] [137/191] cumulate python311-packaging-23.0-1.2
[   69s] [138/191] cumulate python311-pluggy-1.0.0-1.5
[   69s] [139/191] preinstalled python311-setuptools-65.6.3-1.2
[   69s] [140/191] cumulate python311-tomli-2.0.1-1.3
[   69s] [141/191] cumulate python311-zipp-3.8.1-1.2
[   69s] [142/191] cumulate python38-attrs-22.2.0-1.2
[   69s] [143/191] preinstalled python38-base-3.8.16-3.2
[   69s] [144/191] cumulate python38-devel-3.8.16-3.2
[   69s] [145/191] cumulate python38-exceptiongroup-1.1.0-1.2
[   69s] [146/191] cumulate python38-iniconfig-1.1.1-3.2
[   69s] [147/191] cumulate python38-packaging-23.0-1.2
[   69s] [148/191] cumulate python38-pluggy-1.0.0-1.5
[   69s] [149/191] preinstalled python38-setuptools-65.6.3-1.2
[   69s] [150/191] cumulate python38-tomli-2.0.1-1.3
[   69s] [151/191] cumulate python38-zipp-3.8.1-1.2
[   69s] [152/191] cumulate python39-attrs-22.2.0-1.2
[   69s] [153/191] preinstalled python39-base-3.9.16-3.2
[   69s] [154/191] cumulate python39-devel-3.9.16-3.2
[   69s] [155/191] cumulate python39-exceptiongroup-1.1.0-1.2
[   69s] [156/191] cumulate python39-iniconfig-1.1.1-3.2
[   69s] [157/191] cumulate python39-packaging-23.0-1.2
[   69s] [158/191] cumulate python39-pluggy-1.0.0-1.5
[   69s] [159/191] preinstalled python39-setuptools-65.6.3-1.2
[   69s] [160/191] cumulate python39-tomli-2.0.1-1.3
[   69s] [161/191] cumulate python39-zipp-3.8.1-1.2
[   69s] [162/191] preinstalled qemu-linux-user-7.1.0-50.1
[   69s] [163/191] preinstalled rpm-4.18.0-3.2
[   69s] [164/191] preinstalled rpm-build-4.18.0-3.2
[   69s] [165/191] preinstalled rpm-build-perl-4.18.0-3.2
[   69s] [166/191] preinstalled rpm-config-SUSE-20220926-1.1
[   69s] [167/191] preinstalled rpmlint-mini-2.4.0+git20230214.1bab129-9.4
[   69s] [168/191] preinstalled rpmlint-strict-2.4.0+git20230214.1bab129-1.1
[   69s] [169/191] preinstalled sed-4.9-2.1
[   69s] [170/191] preinstalled shadow-4.13-3.1
[   69s] [171/191] preinstalled system-group-hardware-20170617-24.1
[   69s] [172/191] preinstalled system-user-root-20190513-2.1
[   69s] [173/191] preinstalled systemd-rpm-macros-19-1.1
[   69s] [174/191] preinstalled sysuser-shadow-3.1-5.1
[   69s] [175/191] preinstalled tar-1.34-9.1
[   69s] [176/191] preinstalled terminfo-base-6.4.20230128-5.1
[   69s] [177/191] preinstalled update-alternatives-1.21.8-1.1
[   69s] [178/191] preinstalled util-linux-2.38.1-7.1
[   69s] [179/191] preinstalled which-2.21-5.1
[   69s] [180/191] preinstalled xz-5.4.1-1.1
[   69s] [181/191] cumulate alts-1.2+3.b848aad-3.1
[   69s] [182/191] cumulate gcc12-c++-12.2.1+git749-4.1
[   69s] [183/191] cumulate python310-importlib-metadata-6.0.0-1.2
[   69s] [184/191] cumulate python311-importlib-metadata-6.0.0-1.2
[   69s] [185/191] cumulate python38-importlib-metadata-6.0.0-1.2
[   69s] [186/191] cumulate python39-importlib-metadata-6.0.0-1.2
[   69s] [187/191] cumulate gcc-c++-12-2.1
[   69s] [188/191] cumulate python310-pytest-7.2.0-2.2
[   69s] [189/191] cumulate python311-pytest-7.2.0-2.2
[   69s] [190/191] cumulate python38-pytest-7.2.0-2.2
[   69s] [191/191] cumulate python39-pytest-7.2.0-2.2
[   69s] now installing cumulated packages
[   70s] Preparing...                          ########################################
[   70s] Updating / installing...
[   70s] python39-zipp-3.8.1-1.2               ########################################
[   70s] python39-importlib-metadata-6.0.0-1.2 ########################################
[   71s] python39-tomli-2.0.1-1.3              ########################################
[   71s] python39-pluggy-1.0.0-1.5             ########################################
[   71s] python39-packaging-23.0-1.2           ########################################
[   71s] python39-iniconfig-1.1.1-3.2          ########################################
[   71s] python39-exceptiongroup-1.1.0-1.2     ########################################
[   71s] python39-attrs-22.2.0-1.2             ########################################
[   71s] python38-zipp-3.8.1-1.2               ########################################
[   71s] python38-importlib-metadata-6.0.0-1.2 ########################################
[   71s] python38-tomli-2.0.1-1.3              ########################################
[   71s] python38-pluggy-1.0.0-1.5             ########################################
[   71s] python38-packaging-23.0-1.2           ########################################
[   71s] python38-iniconfig-1.1.1-3.2          ########################################
[   71s] python38-exceptiongroup-1.1.0-1.2     ########################################
[   71s] python38-attrs-22.2.0-1.2             ########################################
[   71s] python311-zipp-3.8.1-1.2              ########################################
[   71s] python311-importlib-metadata-6.0.0-1.2########################################
[   71s] python311-tomli-2.0.1-1.3             ########################################
[   72s] python311-pluggy-1.0.0-1.5            ########################################
[   72s] python311-packaging-23.0-1.2          ########################################
[   72s] python311-iniconfig-1.1.1-3.2         ########################################
[   72s] python311-exceptiongroup-1.1.0-1.2    ########################################
[   72s] python311-attrs-22.2.0-1.2            ########################################
[   72s] python310-zipp-3.8.1-1.2              ########################################
[   72s] python310-importlib-metadata-6.0.0-1.2########################################
[   72s] python310-tomli-2.0.1-1.3             ########################################
[   72s] python310-pluggy-1.0.0-1.5            ########################################
[   72s] python310-iniconfig-1.1.1-3.2         ########################################
[   72s] python310-exceptiongroup-1.1.0-1.2    ########################################
[   72s] python310-attrs-22.2.0-1.2            ########################################
[   89s] libstdc++6-devel-gcc12-12.2.1+git749-4########################################
[   94s] gcc12-c++-12.2.1+git749-4.1           ########################################
[   94s] libalternatives1-1.2+3.b848aad-3.1    ########################################
[   94s] alts-1.2+3.b848aad-3.1                ########################################
[   95s] python310-pytest-7.2.0-2.2            ########################################
[   96s] python311-pytest-7.2.0-2.2            ########################################
[   97s] python38-pytest-7.2.0-2.2             ########################################
[   99s] python39-pytest-7.2.0-2.2             ########################################
[   99s] gcc-c++-12-2.1                        ########################################
[   99s] python39-devel-3.9.16-3.2             ########################################
[   99s] python38-devel-3.8.16-3.2             ########################################
[  100s] python311-devel-3.11.1-4.2            ########################################
[  100s] python310-devel-3.10.9-2.2            ########################################
[  100s] fdupes-2.2.1-1.1                      ########################################
[  105s] now finalizing build dir...
[  105s] ... running 01-add_abuild_user_to_trusted_group
[  106s] ... running 02-set_timezone_to_utc
[  106s] ... running 03-set-permissions-secure
[  106s] ... running 11-hack_uname_version_to_kernel_version
[  119s] -----------------------------------------------------------------
[  119s] I have the following modifications for python-python-crfsuite.spec:
[  120s] 22c22
[  120s] < Release:        0
[  120s] ---
[  120s] > Release:        2.3
[  130s] build target is riscv64-suse-linux
[  130s] -----------------------------------------------------------------
[  130s] ----- building python-python-crfsuite.spec (user abuild)
[  130s] -----------------------------------------------------------------
[  130s] -----------------------------------------------------------------
[  136s] + exec rpmbuild -ba --define '_srcdefattr (-,root,root)' --nosignature --target=riscv64-suse-linux --define '_build_create_debug 1' --define 'disturl obs://build.opensuse.org/openSUSE:Factory:RISCV/standard/f148767e538b12b8c40902e3c86fb164-python-python-crfsuite' /home/abuild/rpmbuild/SOURCES/python-python-crfsuite.spec
[  187s] Building target platforms: riscv64-suse-linux
[  187s] Building for target riscv64-suse-linux
[  187s] setting SOURCE_DATE_EPOCH=1645401600
[  187s] Executing(%prep): /usr/bin/bash -e /var/tmp/rpm-tmp.IgBYiV
[  188s] + umask 022
[  188s] + cd /home/abuild/rpmbuild/BUILD
[  188s] + cd /home/abuild/rpmbuild/BUILD
[  188s] + rm -rf python-crfsuite-0.9.7
[  188s] + /usr/lib/rpm/rpmuncompress -x /home/abuild/rpmbuild/SOURCES/python-crfsuite-0.9.7.tar.gz
[  189s] + STATUS=0
[  189s] + '[' 0 -ne 0 ']'
[  189s] + cd python-crfsuite-0.9.7
[  189s] + /usr/bin/chmod -Rf a+rX,u+w,g-w,o-w .
[  189s] + /usr/lib/rpm/rpmuncompress /home/abuild/rpmbuild/SOURCES/rebuild-extension.patch
[  189s] + /usr/bin/patch -p1 -s --fuzz=0 --no-backup-if-mismatch -f
[  189s] + RPM_EC=0
[  189s] ++ jobs -p
[  189s] + exit 0
[  189s] Executing(%build): /usr/bin/bash -e /var/tmp/rpm-tmp.OlLEBL
[  190s] + umask 022
[  190s] + cd /home/abuild/rpmbuild/BUILD
[  190s] + /usr/bin/rm -rf /home/abuild/rpmbuild/BUILDROOT/python-python-crfsuite-0.9.7-2.3.riscv64
[  190s] ++ dirname /home/abuild/rpmbuild/BUILDROOT/python-python-crfsuite-0.9.7-2.3.riscv64
[  190s] + /usr/bin/mkdir -p /home/abuild/rpmbuild/BUILDROOT
[  190s] + /usr/bin/mkdir /home/abuild/rpmbuild/BUILDROOT/python-python-crfsuite-0.9.7-2.3.riscv64
[  190s] + cd python-crfsuite-0.9.7
[  190s] + ref=/usr/lib/rpm
[  190s] + mints=0
[  190s] + case $(uname -m) in
[  190s] ++ uname -m
[  190s] + mints=20160911
[  190s] + for s in guess sub
[  190s] ++ find -maxdepth 8 -name config.guess
[  191s] + for s in guess sub
[  191s] ++ find -maxdepth 8 -name config.sub
[  191s] + export 'CFLAGS=-O2 -Wall -U_FORTIFY_SOURCE -D_FORTIFY_SOURCE=3 -fstack-protector-strong -funwind-tables -fasynchronous-unwind-tables -fstack-clash-protection -Werror=return-type -flto=auto -g'
[  191s] + CFLAGS='-O2 -Wall -U_FORTIFY_SOURCE -D_FORTIFY_SOURCE=3 -fstack-protector-strong -funwind-tables -fasynchronous-unwind-tables -fstack-clash-protection -Werror=return-type -flto=auto -g'
[  191s] ++ '[' -f _current_flavor ']'
[  191s] ++ true
[  191s] + last_flavor=
[  191s] + '[' -z '' ']'
[  191s] + last_flavor=tmp
[  191s] + '[' tmp '!=' python38 ']'
[  191s] + '[' -d build ']'
[  191s] + '[' -d _build.python38 ']'
[  191s] + echo python38
[  191s] + python_flavor=python38
[  191s] + /usr/bin/python3.8 setup.py build '--executable=/usr/bin/python3.8 -s'
[  197s] running build
[  197s] running build_py
[  197s] creating build
[  197s] creating build/lib.linux-riscv64-cpython-38
[  197s] creating build/lib.linux-riscv64-cpython-38/pycrfsuite
[  197s] copying pycrfsuite/__init__.py -> build/lib.linux-riscv64-cpython-38/pycrfsuite
[  197s] copying pycrfsuite/_dumpparser.py -> build/lib.linux-riscv64-cpython-38/pycrfsuite
[  197s] copying pycrfsuite/_logparser.py -> build/lib.linux-riscv64-cpython-38/pycrfsuite
[  197s] running build_ext
[  198s] building 'pycrfsuite._pycrfsuite' extension
[  198s] creating build/temp.linux-riscv64-cpython-38
[  198s] creating build/temp.linux-riscv64-cpython-38/crfsuite
[  198s] creating build/temp.linux-riscv64-cpython-38/crfsuite/lib
[  198s] creating build/temp.linux-riscv64-cpython-38/crfsuite/lib/cqdb
[  198s] creating build/temp.linux-riscv64-cpython-38/crfsuite/lib/cqdb/src
[  198s] creating build/temp.linux-riscv64-cpython-38/crfsuite/lib/crf
[  198s] creating build/temp.linux-riscv64-cpython-38/crfsuite/lib/crf/src
[  198s] creating build/temp.linux-riscv64-cpython-38/crfsuite/swig
[  198s] creating build/temp.linux-riscv64-cpython-38/liblbfgs
[  198s] creating build/temp.linux-riscv64-cpython-38/liblbfgs/lib
[  198s] creating build/temp.linux-riscv64-cpython-38/pycrfsuite
[  198s] gcc -Wno-unused-result -Wsign-compare -DNDEBUG -O2 -Wall -U_FORTIFY_SOURCE -D_FORTIFY_SOURCE=3 -fstack-protector-strong -funwind-tables -fasynchronous-unwind-tables -fstack-clash-protection -Werror=return-type -g -DOPENSSL_LOAD_CONF -fwrapv -fno-semantic-interposition -O2 -Wall -U_FORTIFY_SOURCE -D_FORTIFY_SOURCE=3 -fstack-protector-strong -funwind-tables -fasynchronous-unwind-tables -fstack-clash-protection -Werror=return-type -g -O2 -Wall -U_FORTIFY_SOURCE -D_FORTIFY_SOURCE=3 -fstack-protector-strong -funwind-tables -fasynchronous-unwind-tables -fstack-clash-protection -Werror=return-type -g -O2 -Wall -U_FORTIFY_SOURCE -D_FORTIFY_SOURCE=3 -fstack-protector-strong -funwind-tables -fasynchronous-unwind-tables -fstack-clash-protection -Werror=return-type -flto=auto -g -fPIC -Icrfsuite/include/ -Icrfsuite/lib/cqdb/include -Iliblbfgs/include -Ipycrfsuite -I/usr/include/python3.8 -c -std=c99 crfsuite/lib/cqdb/src/cqdb.c -o build/temp.linux-riscv64-cpython-38/crfsuite/lib/cqdb/src/cqdb.o
[  199s] crfsuite/lib/cqdb/src/cqdb.c: In function ‘cqdb_to_id’:
[  199s] crfsuite/lib/cqdb/src/cqdb.c:552:26: warning: variable ‘ksize’ set but not used [-Wunused-but-set-variable]
[  199s]   552 |                 uint32_t ksize;
[  199s]       |                          ^~~~~
[  200s] crfsuite/lib/cqdb/src/cqdb.c: In function ‘cqdb_writer_close’:
[  200s] crfsuite/lib/cqdb/src/cqdb.c:270:5: warning: ‘strncpy’ output truncated before terminating nul copying 4 bytes from a string of the same length [-Wstringop-truncation]
[  200s]   270 |     strncpy((char*)header.chunkid, CHUNKID, 4);
[  200s]       |     ^
[  201s] gcc -Wno-unused-result -Wsign-compare -DNDEBUG -O2 -Wall -U_FORTIFY_SOURCE -D_FORTIFY_SOURCE=3 -fstack-protector-strong -funwind-tables -fasynchronous-unwind-tables -fstack-clash-protection -Werror=return-type -g -DOPENSSL_LOAD_CONF -fwrapv -fno-semantic-interposition -O2 -Wall -U_FORTIFY_SOURCE -D_FORTIFY_SOURCE=3 -fstack-protector-strong -funwind-tables -fasynchronous-unwind-tables -fstack-clash-protection -Werror=return-type -g -O2 -Wall -U_FORTIFY_SOURCE -D_FORTIFY_SOURCE=3 -fstack-protector-strong -funwind-tables -fasynchronous-unwind-tables -fstack-clash-protection -Werror=return-type -g -O2 -Wall -U_FORTIFY_SOURCE -D_FORTIFY_SOURCE=3 -fstack-protector-strong -funwind-tables -fasynchronous-unwind-tables -fstack-clash-protection -Werror=return-type -flto=auto -g -fPIC -Icrfsuite/include/ -Icrfsuite/lib/cqdb/include -Iliblbfgs/include -Ipycrfsuite -I/usr/include/python3.8 -c -std=c99 crfsuite/lib/cqdb/src/lookup3.c -o build/temp.linux-riscv64-cpython-38/crfsuite/lib/cqdb/src/lookup3.o
[  204s] gcc -Wno-unused-result -Wsign-compare -DNDEBUG -O2 -Wall -U_FORTIFY_SOURCE -D_FORTIFY_SOURCE=3 -fstack-protector-strong -funwind-tables -fasynchronous-unwind-tables -fstack-clash-protection -Werror=return-type -g -DOPENSSL_LOAD_CONF -fwrapv -fno-semantic-interposition -O2 -Wall -U_FORTIFY_SOURCE -D_FORTIFY_SOURCE=3 -fstack-protector-strong -funwind-tables -fasynchronous-unwind-tables -fstack-clash-protection -Werror=return-type -g -O2 -Wall -U_FORTIFY_SOURCE -D_FORTIFY_SOURCE=3 -fstack-protector-strong -funwind-tables -fasynchronous-unwind-tables -fstack-clash-protection -Werror=return-type -g -O2 -Wall -U_FORTIFY_SOURCE -D_FORTIFY_SOURCE=3 -fstack-protector-strong -funwind-tables -fasynchronous-unwind-tables -fstack-clash-protection -Werror=return-type -flto=auto -g -fPIC -Icrfsuite/include/ -Icrfsuite/lib/cqdb/include -Iliblbfgs/include -Ipycrfsuite -I/usr/include/python3.8 -c -std=c99 crfsuite/lib/crf/src/crf1d_context.c -o build/temp.linux-riscv64-cpython-38/crfsuite/lib/crf/src/crf1d_context.o
[  207s] In file included from crfsuite/lib/crf/src/crf1d_context.c:47:
[  207s] crfsuite/lib/crf/src/vecmath.h: In function ‘_aligned_malloc’:
[  207s] crfsuite/lib/crf/src/vecmath.h:50:15: warning: implicit declaration of function ‘posix_memalign’ [-Wimplicit-function-declaration]
[  207s]    50 |     int ret = posix_memalign(&p, alignment, size);
[  207s]       |               ^~~~~~~~~~~~~~
[  207s] crfsuite/lib/crf/src/crf1d_context.c: In function ‘crf1dc_new’:
[  207s] crfsuite/lib/crf/src/crf1d_context.c:71:13: warning: suggest parentheses around assignment used as truth value [-Wparentheses]
[  207s]    71 |         if (ret = crf1dc_set_num_items(ctx, T)) {
[  207s]       |             ^~~
[  207s] crfsuite/lib/crf/src/crf1d_context.c: In function ‘crf1dc_score’:
[  207s] crfsuite/lib/crf/src/crf1d_context.c:440:15: warning: unused variable ‘L’ [-Wunused-variable]
[  207s]   440 |     const int L = ctx->num_labels;
[  207s]       |               ^
[  207s] crfsuite/lib/crf/src/crf1d_context.c:438:38: warning: unused variable ‘cur’ [-Wunused-variable]
[  207s]   438 |     const floatval_t *state = NULL, *cur = NULL, *trans = NULL;
[  207s]       |                                      ^~~
[  210s] gcc -Wno-unused-result -Wsign-compare -DNDEBUG -O2 -Wall -U_FORTIFY_SOURCE -D_FORTIFY_SOURCE=3 -fstack-protector-strong -funwind-tables -fasynchronous-unwind-tables -fstack-clash-protection -Werror=return-type -g -DOPENSSL_LOAD_CONF -fwrapv -fno-semantic-interposition -O2 -Wall -U_FORTIFY_SOURCE -D_FORTIFY_SOURCE=3 -fstack-protector-strong -funwind-tables -fasynchronous-unwind-tables -fstack-clash-protection -Werror=return-type -g -O2 -Wall -U_FORTIFY_SOURCE -D_FORTIFY_SOURCE=3 -fstack-protector-strong -funwind-tables -fasynchronous-unwind-tables -fstack-clash-protection -Werror=return-type -g -O2 -Wall -U_FORTIFY_SOURCE -D_FORTIFY_SOURCE=3 -fstack-protector-strong -funwind-tables -fasynchronous-unwind-tables -fstack-clash-protection -Werror=return-type -flto=auto -g -fPIC -Icrfsuite/include/ -Icrfsuite/lib/cqdb/include -Iliblbfgs/include -Ipycrfsuite -I/usr/include/python3.8 -c -std=c99 crfsuite/lib/crf/src/crf1d_encode.c -o build/temp.linux-riscv64-cpython-38/crfsuite/lib/crf/src/crf1d_encode.o
[  211s] crfsuite/lib/crf/src/crf1d_encode.c: In function ‘crf1de_state_score’:
[  211s] crfsuite/lib/crf/src/crf1d_encode.c:136:15: warning: unused variable ‘L’ [-Wunused-variable]
[  211s]   136 |     const int L = crf1de->num_labels;
[  211s]       |               ^
[  211s] crfsuite/lib/crf/src/crf1d_encode.c: In function ‘crf1de_state_score_scaled’:
[  211s] crfsuite/lib/crf/src/crf1d_encode.c:172:15: warning: unused variable ‘L’ [-Wunused-variable]
[  211s]   172 |     const int L = crf1de->num_labels;
[  211s]       |               ^
[  211s] crfsuite/lib/crf/src/crf1d_encode.c: In function ‘crf1de_features_on_path’:
[  211s] crfsuite/lib/crf/src/crf1d_encode.c:268:15: warning: unused variable ‘L’ [-Wunused-variable]
[  211s]   268 |     const int L = crf1de->num_labels;
[  211s]       |               ^
[  211s] crfsuite/lib/crf/src/crf1d_encode.c:266:22: warning: unused variable ‘ctx’ [-Wunused-variable]
[  211s]   266 |     crf1d_context_t* ctx = crf1de->ctx;
[  211s]       |                      ^~~
[  211s] crfsuite/lib/crf/src/crf1d_encode.c: In function ‘crf1de_observation_expectation’:
[  211s] crfsuite/lib/crf/src/crf1d_encode.c:321:15: warning: unused variable ‘L’ [-Wunused-variable]
[  211s]   321 |     const int L = crf1de->num_labels;
[  211s]       |               ^
[  211s] crfsuite/lib/crf/src/crf1d_encode.c:319:22: warning: unused variable ‘ctx’ [-Wunused-variable]
[  211s]   319 |     crf1d_context_t* ctx = crf1de->ctx;
[  211s]       |                      ^~~
[  211s] crfsuite/lib/crf/src/crf1d_encode.c: In function ‘crf1de_model_expectation’:
[  211s] crfsuite/lib/crf/src/crf1d_encode.c:372:41: warning: unused variable ‘trans’ [-Wunused-variable]
[  211s]   372 |     const feature_refs_t *attr = NULL, *trans = NULL;
[  211s]       |                                         ^~~~~
[  211s] crfsuite/lib/crf/src/crf1d_encode.c: In function ‘crf1de_save_model’:
[  211s] crfsuite/lib/crf/src/crf1d_encode.c:551:9: warning: suggest parentheses around assignment used as truth value [-Wparentheses]
[  211s]   551 |     if (ret = crf1dmw_open_features(writer)) {
[  211s]       |         ^~~
[  211s] crfsuite/lib/crf/src/crf1d_encode.c:585:17: warning: suggest parentheses around assignment used as truth value [-Wparentheses]
[  211s]   585 |             if (ret = crf1dmw_put_feature(writer, fmap[k], &feat)) {
[  211s]       |                 ^~~
[  211s] crfsuite/lib/crf/src/crf1d_encode.c:592:9: warning: suggest parentheses around assignment used as truth value [-Wparentheses]
[  211s]   592 |     if (ret = crf1dmw_close_features(writer)) {
[  211s]       |         ^~~
[  211s] crfsuite/lib/crf/src/crf1d_encode.c:602:9: warning: suggest parentheses around assignment used as truth value [-Wparentheses]
[  211s]   602 |     if (ret = crf1dmw_open_labels(writer, L)) {
[  211s]       |         ^~~
[  211s] crfsuite/lib/crf/src/crf1d_encode.c:609:17: warning: suggest parentheses around assignment used as truth value [-Wparentheses]
[  211s]   609 |             if (ret = crf1dmw_put_label(writer, l, str)) {
[  211s]       |                 ^~~
[  211s] crfsuite/lib/crf/src/crf1d_encode.c:615:9: warning: suggest parentheses around assignment used as truth value [-Wparentheses]
[  211s]   615 |     if (ret = crf1dmw_close_labels(writer)) {
[  211s]       |         ^~~
[  211s] crfsuite/lib/crf/src/crf1d_encode.c:621:9: warning: suggest parentheses around assignment used as truth value [-Wparentheses]
[  211s]   621 |     if (ret = crf1dmw_open_attrs(writer, B)) {
[  211s]       |         ^~~
[  211s] crfsuite/lib/crf/src/crf1d_encode.c:629:21: warning: suggest parentheses around assignment used as truth value [-Wparentheses]
[  211s]   629 |                 if (ret = crf1dmw_put_attr(writer, amap[a], str)) {
[  211s]       |                     ^~~
[  212s] crfsuite/lib/crf/src/crf1d_encode.c:636:9: warning: suggest parentheses around assignment used as truth value [-Wparentheses]
[  212s]   636 |     if (ret = crf1dmw_close_attrs(writer)) {
[  212s]       |         ^~~
[  212s] crfsuite/lib/crf/src/crf1d_encode.c:642:9: warning: suggest parentheses around assignment used as truth value [-Wparentheses]
[  212s]   642 |     if (ret = crf1dmw_open_labelrefs(writer, L+2)) {
[  212s]       |         ^~~
[  212s] crfsuite/lib/crf/src/crf1d_encode.c:647:13: warning: suggest parentheses around assignment used as truth value [-Wparentheses]
[  212s]   647 |         if (ret = crf1dmw_put_labelref(writer, l, edge, fmap)) {
[  212s]       |             ^~~
[  212s] crfsuite/lib/crf/src/crf1d_encode.c:651:9: warning: suggest parentheses around assignment used as truth value [-Wparentheses]
[  212s]   651 |     if (ret = crf1dmw_close_labelrefs(writer)) {
[  212s]       |         ^~~
[  212s] crfsuite/lib/crf/src/crf1d_encode.c:657:9: warning: suggest parentheses around assignment used as truth value [-Wparentheses]
[  212s]   657 |     if (ret = crf1dmw_open_attrrefs(writer, B)) {
[  212s]       |         ^~~
[  212s] crfsuite/lib/crf/src/crf1d_encode.c:663:17: warning: suggest parentheses around assignment used as truth value [-Wparentheses]
[  212s]   663 |             if (ret = crf1dmw_put_attrref(writer, amap[a], attr, fmap)) {
[  212s]       |                 ^~~
[  212s] crfsuite/lib/crf/src/crf1d_encode.c:668:9: warning: suggest parentheses around assignment used as truth value [-Wparentheses]
[  212s]   668 |     if (ret = crf1dmw_close_attrrefs(writer)) {
[  212s]       |         ^~~
[  212s] crfsuite/lib/crf/src/crf1d_encode.c:508:22: warning: unused variable ‘threshold’ [-Wunused-variable]
[  212s]   508 |     const floatval_t threshold = 0.01;
[  212s]       |                      ^~~~~~~~~
[  212s] In file included from crfsuite/lib/crf/src/crf1d_encode.c:47:
[  212s] crfsuite/lib/crf/src/crf1d_encode.c: In function ‘crf1de_exchange_options’:
[  212s] crfsuite/lib/crf/src/params.h:49:13: warning: variable ‘__ret’ set but not used [-Wunused-but-set-variable]
[  212s]    49 |         int __ret = 0; \
[  212s]       |             ^~~~~
[  212s] crfsuite/lib/crf/src/crf1d_encode.c:696:5: note: in expansion of macro ‘BEGIN_PARAM_MAP’
[  212s]   696 |     BEGIN_PARAM_MAP(params, mode)
[  212s]       |     ^~~~~~~~~~~~~~~
[  212s] crfsuite/lib/crf/src/crf1d_encode.c: In function ‘encoder_viterbi’:
[  212s] crfsuite/lib/crf/src/crf1d_encode.c:897:9: warning: unused variable ‘i’ [-Wunused-variable]
[  212s]   897 |     int i;
[  212s]       |         ^
[  214s] gcc -Wno-unused-result -Wsign-compare -DNDEBUG -O2 -Wall -U_FORTIFY_SOURCE -D_FORTIFY_SOURCE=3 -fstack-protector-strong -funwind-tables -fasynchronous-unwind-tables -fstack-clash-protection -Werror=return-type -g -DOPENSSL_LOAD_CONF -fwrapv -fno-semantic-interposition -O2 -Wall -U_FORTIFY_SOURCE -D_FORTIFY_SOURCE=3 -fstack-protector-strong -funwind-tables -fasynchronous-unwind-tables -fstack-clash-protection -Werror=return-type -g -O2 -Wall -U_FORTIFY_SOURCE -D_FORTIFY_SOURCE=3 -fstack-protector-strong -funwind-tables -fasynchronous-unwind-tables -fstack-clash-protection -Werror=return-type -g -O2 -Wall -U_FORTIFY_SOURCE -D_FORTIFY_SOURCE=3 -fstack-protector-strong -funwind-tables -fasynchronous-unwind-tables -fstack-clash-protection -Werror=return-type -flto=auto -g -fPIC -Icrfsuite/include/ -Icrfsuite/lib/cqdb/include -Iliblbfgs/include -Ipycrfsuite -I/usr/include/python3.8 -c -std=c99 crfsuite/lib/crf/src/crf1d_feature.c -o build/temp.linux-riscv64-cpython-38/crfsuite/lib/crf/src/crf1d_feature.o
[  217s] gcc -Wno-unused-result -Wsign-compare -DNDEBUG -O2 -Wall -U_FORTIFY_SOURCE -D_FORTIFY_SOURCE=3 -fstack-protector-strong -funwind-tables -fasynchronous-unwind-tables -fstack-clash-protection -Werror=return-type -g -DOPENSSL_LOAD_CONF -fwrapv -fno-semantic-interposition -O2 -Wall -U_FORTIFY_SOURCE -D_FORTIFY_SOURCE=3 -fstack-protector-strong -funwind-tables -fasynchronous-unwind-tables -fstack-clash-protection -Werror=return-type -g -O2 -Wall -U_FORTIFY_SOURCE -D_FORTIFY_SOURCE=3 -fstack-protector-strong -funwind-tables -fasynchronous-unwind-tables -fstack-clash-protection -Werror=return-type -g -O2 -Wall -U_FORTIFY_SOURCE -D_FORTIFY_SOURCE=3 -fstack-protector-strong -funwind-tables -fasynchronous-unwind-tables -fstack-clash-protection -Werror=return-type -flto=auto -g -fPIC -Icrfsuite/include/ -Icrfsuite/lib/cqdb/include -Iliblbfgs/include -Ipycrfsuite -I/usr/include/python3.8 -c -std=c99 crfsuite/lib/crf/src/crf1d_model.c -o build/temp.linux-riscv64-cpython-38/crfsuite/lib/crf/src/crf1d_model.o
[  219s] crfsuite/lib/crf/src/crf1d_model.c: In function ‘crf1dmw_put_labelref’:
[  219s] crfsuite/lib/crf/src/crf1d_model.c:487:21: warning: unused variable ‘offset’ [-Wunused-variable]
[  219s]   487 |     uint32_t n = 0, offset = 0;
[  219s]       |                     ^~~~~~
[  219s] crfsuite/lib/crf/src/crf1d_model.c: In function ‘crf1dmw_put_attrref’:
[  219s] crfsuite/lib/crf/src/crf1d_model.c:594:21: warning: unused variable ‘offset’ [-Wunused-variable]
[  219s]   594 |     uint32_t n = 0, offset = 0;
[  219s]       |                     ^~~~~~
[  219s] crfsuite/lib/crf/src/crf1d_model.c: In function ‘crf1dmw_put_feature’:
[  219s] crfsuite/lib/crf/src/crf1d_model.c:691:13: warning: comparison of integer expressions of different signedness: ‘int’ and ‘uint32_t’ {aka ‘unsigned int’} [-Wsign-compare]
[  219s]   691 |     if (fid != hfeat->num) {
[  219s]       |             ^~
[  221s] gcc -Wno-unused-result -Wsign-compare -DNDEBUG -O2 -Wall -U_FORTIFY_SOURCE -D_FORTIFY_SOURCE=3 -fstack-protector-strong -funwind-tables -fasynchronous-unwind-tables -fstack-clash-protection -Werror=return-type -g -DOPENSSL_LOAD_CONF -fwrapv -fno-semantic-interposition -O2 -Wall -U_FORTIFY_SOURCE -D_FORTIFY_SOURCE=3 -fstack-protector-strong -funwind-tables -fasynchronous-unwind-tables -fstack-clash-protection -Werror=return-type -g -O2 -Wall -U_FORTIFY_SOURCE -D_FORTIFY_SOURCE=3 -fstack-protector-strong -funwind-tables -fasynchronous-unwind-tables -fstack-clash-protection -Werror=return-type -g -O2 -Wall -U_FORTIFY_SOURCE -D_FORTIFY_SOURCE=3 -fstack-protector-strong -funwind-tables -fasynchronous-unwind-tables -fstack-clash-protection -Werror=return-type -flto=auto -g -fPIC -Icrfsuite/include/ -Icrfsuite/lib/cqdb/include -Iliblbfgs/include -Ipycrfsuite -I/usr/include/python3.8 -c -std=c99 crfsuite/lib/crf/src/crf1d_tag.c -o build/temp.linux-riscv64-cpython-38/crfsuite/lib/crf/src/crf1d_tag.o
[  223s] crfsuite/lib/crf/src/crf1d_tag.c: In function ‘crf1dt_state_score’:
[  223s] crfsuite/lib/crf/src/crf1d_tag.c:72:15: warning: unused variable ‘L’ [-Wunused-variable]
[  223s]    72 |     const int L = crf1dt->num_labels;
[  223s]       |               ^
[  225s] gcc -Wno-unused-result -Wsign-compare -DNDEBUG -O2 -Wall -U_FORTIFY_SOURCE -D_FORTIFY_SOURCE=3 -fstack-protector-strong -funwind-tables -fasynchronous-unwind-tables -fstack-clash-protection -Werror=return-type -g -DOPENSSL_LOAD_CONF -fwrapv -fno-semantic-interposition -O2 -Wall -U_FORTIFY_SOURCE -D_FORTIFY_SOURCE=3 -fstack-protector-strong -funwind-tables -fasynchronous-unwind-tables -fstack-clash-protection -Werror=return-type -g -O2 -Wall -U_FORTIFY_SOURCE -D_FORTIFY_SOURCE=3 -fstack-protector-strong -funwind-tables -fasynchronous-unwind-tables -fstack-clash-protection -Werror=return-type -g -O2 -Wall -U_FORTIFY_SOURCE -D_FORTIFY_SOURCE=3 -fstack-protector-strong -funwind-tables -fasynchronous-unwind-tables -fstack-clash-protection -Werror=return-type -flto=auto -g -fPIC -Icrfsuite/include/ -Icrfsuite/lib/cqdb/include -Iliblbfgs/include -Ipycrfsuite -I/usr/include/python3.8 -c -std=c99 crfsuite/lib/crf/src/crfsuite.c -o build/temp.linux-riscv64-cpython-38/crfsuite/lib/crf/src/crfsuite.o
[  226s] crfsuite/lib/crf/src/crfsuite.c:322:14: warning: ‘safe_strncpy’ defined but not used [-Wunused-function]
[  226s]   322 | static char *safe_strncpy(char *dst, const char *src, size_t n)
[  226s]       |              ^~~~~~~~~~~~
[  228s] gcc -Wno-unused-result -Wsign-compare -DNDEBUG -O2 -Wall -U_FORTIFY_SOURCE -D_FORTIFY_SOURCE=3 -fstack-protector-strong -funwind-tables -fasynchronous-unwind-tables -fstack-clash-protection -Werror=return-type -g -DOPENSSL_LOAD_CONF -fwrapv -fno-semantic-interposition -O2 -Wall -U_FORTIFY_SOURCE -D_FORTIFY_SOURCE=3 -fstack-protector-strong -funwind-tables -fasynchronous-unwind-tables -fstack-clash-protection -Werror=return-type -g -O2 -Wall -U_FORTIFY_SOURCE -D_FORTIFY_SOURCE=3 -fstack-protector-strong -funwind-tables -fasynchronous-unwind-tables -fstack-clash-protection -Werror=return-type -g -O2 -Wall -U_FORTIFY_SOURCE -D_FORTIFY_SOURCE=3 -fstack-protector-strong -funwind-tables -fasynchronous-unwind-tables -fstack-clash-protection -Werror=return-type -flto=auto -g -fPIC -Icrfsuite/include/ -Icrfsuite/lib/cqdb/include -Iliblbfgs/include -Ipycrfsuite -I/usr/include/python3.8 -c -std=c99 crfsuite/lib/crf/src/crfsuite_train.c -o build/temp.linux-riscv64-cpython-38/crfsuite/lib/crf/src/crfsuite_train.o
[  230s] crfsuite/lib/crf/src/crfsuite_train.c: In function ‘crfsuite_train_train’:
[  230s] crfsuite/lib/crf/src/crfsuite_train.c:135:11: warning: unused variable ‘algorithm’ [-Wunused-variable]
[  230s]   135 |     char *algorithm = NULL;
[  230s]       |           ^~~~~~~~~
[  231s] gcc -Wno-unused-result -Wsign-compare -DNDEBUG -O2 -Wall -U_FORTIFY_SOURCE -D_FORTIFY_SOURCE=3 -fstack-protector-strong -funwind-tables -fasynchronous-unwind-tables -fstack-clash-protection -Werror=return-type -g -DOPENSSL_LOAD_CONF -fwrapv -fno-semantic-interposition -O2 -Wall -U_FORTIFY_SOURCE -D_FORTIFY_SOURCE=3 -fstack-protector-strong -funwind-tables -fasynchronous-unwind-tables -fstack-clash-protection -Werror=return-type -g -O2 -Wall -U_FORTIFY_SOURCE -D_FORTIFY_SOURCE=3 -fstack-protector-strong -funwind-tables -fasynchronous-unwind-tables -fstack-clash-protection -Werror=return-type -g -O2 -Wall -U_FORTIFY_SOURCE -D_FORTIFY_SOURCE=3 -fstack-protector-strong -funwind-tables -fasynchronous-unwind-tables -fstack-clash-protection -Werror=return-type -flto=auto -g -fPIC -Icrfsuite/include/ -Icrfsuite/lib/cqdb/include -Iliblbfgs/include -Ipycrfsuite -I/usr/include/python3.8 -c -std=c99 crfsuite/lib/crf/src/dataset.c -o build/temp.linux-riscv64-cpython-38/crfsuite/lib/crf/src/dataset.o
[  233s] gcc -Wno-unused-result -Wsign-compare -DNDEBUG -O2 -Wall -U_FORTIFY_SOURCE -D_FORTIFY_SOURCE=3 -fstack-protector-strong -funwind-tables -fasynchronous-unwind-tables -fstack-clash-protection -Werror=return-type -g -DOPENSSL_LOAD_CONF -fwrapv -fno-semantic-interposition -O2 -Wall -U_FORTIFY_SOURCE -D_FORTIFY_SOURCE=3 -fstack-protector-strong -funwind-tables -fasynchronous-unwind-tables -fstack-clash-protection -Werror=return-type -g -O2 -Wall -U_FORTIFY_SOURCE -D_FORTIFY_SOURCE=3 -fstack-protector-strong -funwind-tables -fasynchronous-unwind-tables -fstack-clash-protection -Werror=return-type -g -O2 -Wall -U_FORTIFY_SOURCE -D_FORTIFY_SOURCE=3 -fstack-protector-strong -funwind-tables -fasynchronous-unwind-tables -fstack-clash-protection -Werror=return-type -flto=auto -g -fPIC -Icrfsuite/include/ -Icrfsuite/lib/cqdb/include -Iliblbfgs/include -Ipycrfsuite -I/usr/include/python3.8 -c -std=c99 crfsuite/lib/crf/src/dictionary.c -o build/temp.linux-riscv64-cpython-38/crfsuite/lib/crf/src/dictionary.o
[  236s] gcc -Wno-unused-result -Wsign-compare -DNDEBUG -O2 -Wall -U_FORTIFY_SOURCE -D_FORTIFY_SOURCE=3 -fstack-protector-strong -funwind-tables -fasynchronous-unwind-tables -fstack-clash-protection -Werror=return-type -g -DOPENSSL_LOAD_CONF -fwrapv -fno-semantic-interposition -O2 -Wall -U_FORTIFY_SOURCE -D_FORTIFY_SOURCE=3 -fstack-protector-strong -funwind-tables -fasynchronous-unwind-tables -fstack-clash-protection -Werror=return-type -g -O2 -Wall -U_FORTIFY_SOURCE -D_FORTIFY_SOURCE=3 -fstack-protector-strong -funwind-tables -fasynchronous-unwind-tables -fstack-clash-protection -Werror=return-type -g -O2 -Wall -U_FORTIFY_SOURCE -D_FORTIFY_SOURCE=3 -fstack-protector-strong -funwind-tables -fasynchronous-unwind-tables -fstack-clash-protection -Werror=return-type -flto=auto -g -fPIC -Icrfsuite/include/ -Icrfsuite/lib/cqdb/include -Iliblbfgs/include -Ipycrfsuite -I/usr/include/python3.8 -c -std=c99 crfsuite/lib/crf/src/holdout.c -o build/temp.linux-riscv64-cpython-38/crfsuite/lib/crf/src/holdout.o
[  238s] gcc -Wno-unused-result -Wsign-compare -DNDEBUG -O2 -Wall -U_FORTIFY_SOURCE -D_FORTIFY_SOURCE=3 -fstack-protector-strong -funwind-tables -fasynchronous-unwind-tables -fstack-clash-protection -Werror=return-type -g -DOPENSSL_LOAD_CONF -fwrapv -fno-semantic-interposition -O2 -Wall -U_FORTIFY_SOURCE -D_FORTIFY_SOURCE=3 -fstack-protector-strong -funwind-tables -fasynchronous-unwind-tables -fstack-clash-protection -Werror=return-type -g -O2 -Wall -U_FORTIFY_SOURCE -D_FORTIFY_SOURCE=3 -fstack-protector-strong -funwind-tables -fasynchronous-unwind-tables -fstack-clash-protection -Werror=return-type -g -O2 -Wall -U_FORTIFY_SOURCE -D_FORTIFY_SOURCE=3 -fstack-protector-strong -funwind-tables -fasynchronous-unwind-tables -fstack-clash-protection -Werror=return-type -flto=auto -g -fPIC -Icrfsuite/include/ -Icrfsuite/lib/cqdb/include -Iliblbfgs/include -Ipycrfsuite -I/usr/include/python3.8 -c -std=c99 crfsuite/lib/crf/src/logging.c -o build/temp.linux-riscv64-cpython-38/crfsuite/lib/crf/src/logging.o
[  241s] gcc -Wno-unused-result -Wsign-compare -DNDEBUG -O2 -Wall -U_FORTIFY_SOURCE -D_FORTIFY_SOURCE=3 -fstack-protector-strong -funwind-tables -fasynchronous-unwind-tables -fstack-clash-protection -Werror=return-type -g -DOPENSSL_LOAD_CONF -fwrapv -fno-semantic-interposition -O2 -Wall -U_FORTIFY_SOURCE -D_FORTIFY_SOURCE=3 -fstack-protector-strong -funwind-tables -fasynchronous-unwind-tables -fstack-clash-protection -Werror=return-type -g -O2 -Wall -U_FORTIFY_SOURCE -D_FORTIFY_SOURCE=3 -fstack-protector-strong -funwind-tables -fasynchronous-unwind-tables -fstack-clash-protection -Werror=return-type -g -O2 -Wall -U_FORTIFY_SOURCE -D_FORTIFY_SOURCE=3 -fstack-protector-strong -funwind-tables -fasynchronous-unwind-tables -fstack-clash-protection -Werror=return-type -flto=auto -g -fPIC -Icrfsuite/include/ -Icrfsuite/lib/cqdb/include -Iliblbfgs/include -Ipycrfsuite -I/usr/include/python3.8 -c -std=c99 crfsuite/lib/crf/src/params.c -o build/temp.linux-riscv64-cpython-38/crfsuite/lib/crf/src/params.o
[  244s] gcc -Wno-unused-result -Wsign-compare -DNDEBUG -O2 -Wall -U_FORTIFY_SOURCE -D_FORTIFY_SOURCE=3 -fstack-protector-strong -funwind-tables -fasynchronous-unwind-tables -fstack-clash-protection -Werror=return-type -g -DOPENSSL_LOAD_CONF -fwrapv -fno-semantic-interposition -O2 -Wall -U_FORTIFY_SOURCE -D_FORTIFY_SOURCE=3 -fstack-protector-strong -funwind-tables -fasynchronous-unwind-tables -fstack-clash-protection -Werror=return-type -g -O2 -Wall -U_FORTIFY_SOURCE -D_FORTIFY_SOURCE=3 -fstack-protector-strong -funwind-tables -fasynchronous-unwind-tables -fstack-clash-protection -Werror=return-type -g -O2 -Wall -U_FORTIFY_SOURCE -D_FORTIFY_SOURCE=3 -fstack-protector-strong -funwind-tables -fasynchronous-unwind-tables -fstack-clash-protection -Werror=return-type -flto=auto -g -fPIC -Icrfsuite/include/ -Icrfsuite/lib/cqdb/include -Iliblbfgs/include -Ipycrfsuite -I/usr/include/python3.8 -c -std=c99 crfsuite/lib/crf/src/quark.c -o build/temp.linux-riscv64-cpython-38/crfsuite/lib/crf/src/quark.o
[  246s] gcc -Wno-unused-result -Wsign-compare -DNDEBUG -O2 -Wall -U_FORTIFY_SOURCE -D_FORTIFY_SOURCE=3 -fstack-protector-strong -funwind-tables -fasynchronous-unwind-tables -fstack-clash-protection -Werror=return-type -g -DOPENSSL_LOAD_CONF -fwrapv -fno-semantic-interposition -O2 -Wall -U_FORTIFY_SOURCE -D_FORTIFY_SOURCE=3 -fstack-protector-strong -funwind-tables -fasynchronous-unwind-tables -fstack-clash-protection -Werror=return-type -g -O2 -Wall -U_FORTIFY_SOURCE -D_FORTIFY_SOURCE=3 -fstack-protector-strong -funwind-tables -fasynchronous-unwind-tables -fstack-clash-protection -Werror=return-type -g -O2 -Wall -U_FORTIFY_SOURCE -D_FORTIFY_SOURCE=3 -fstack-protector-strong -funwind-tables -fasynchronous-unwind-tables -fstack-clash-protection -Werror=return-type -flto=auto -g -fPIC -Icrfsuite/include/ -Icrfsuite/lib/cqdb/include -Iliblbfgs/include -Ipycrfsuite -I/usr/include/python3.8 -c -std=c99 crfsuite/lib/crf/src/rumavl.c -o build/temp.linux-riscv64-cpython-38/crfsuite/lib/crf/src/rumavl.o
[  249s] gcc -Wno-unused-result -Wsign-compare -DNDEBUG -O2 -Wall -U_FORTIFY_SOURCE -D_FORTIFY_SOURCE=3 -fstack-protector-strong -funwind-tables -fasynchronous-unwind-tables -fstack-clash-protection -Werror=return-type -g -DOPENSSL_LOAD_CONF -fwrapv -fno-semantic-interposition -O2 -Wall -U_FORTIFY_SOURCE -D_FORTIFY_SOURCE=3 -fstack-protector-strong -funwind-tables -fasynchronous-unwind-tables -fstack-clash-protection -Werror=return-type -g -O2 -Wall -U_FORTIFY_SOURCE -D_FORTIFY_SOURCE=3 -fstack-protector-strong -funwind-tables -fasynchronous-unwind-tables -fstack-clash-protection -Werror=return-type -g -O2 -Wall -U_FORTIFY_SOURCE -D_FORTIFY_SOURCE=3 -fstack-protector-strong -funwind-tables -fasynchronous-unwind-tables -fstack-clash-protection -Werror=return-type -flto=auto -g -fPIC -Icrfsuite/include/ -Icrfsuite/lib/cqdb/include -Iliblbfgs/include -Ipycrfsuite -I/usr/include/python3.8 -c -std=c99 crfsuite/lib/crf/src/train_arow.c -o build/temp.linux-riscv64-cpython-38/crfsuite/lib/crf/src/train_arow.o
[  251s] In file included from crfsuite/lib/crf/src/train_arow.c:47:
[  251s] crfsuite/lib/crf/src/vecmath.h: In function ‘_aligned_malloc’:
[  251s] crfsuite/lib/crf/src/vecmath.h:50:15: warning: implicit declaration of function ‘posix_memalign’ [-Wimplicit-function-declaration]
[  251s]    50 |     int ret = posix_memalign(&p, alignment, size);
[  251s]       |               ^~~~~~~~~~~~~~
[  251s] In file included from crfsuite/lib/crf/src/train_arow.c:46:
[  251s] crfsuite/lib/crf/src/train_arow.c: In function ‘exchange_options’:
[  251s] crfsuite/lib/crf/src/params.h:49:13: warning: variable ‘__ret’ set but not used [-Wunused-but-set-variable]
[  251s]    49 |         int __ret = 0; \
[  251s]       |             ^~~~~
[  251s] crfsuite/lib/crf/src/train_arow.c:207:5: note: in expansion of macro ‘BEGIN_PARAM_MAP’
[  251s]   207 |     BEGIN_PARAM_MAP(params, mode)
[  251s]       |     ^~~~~~~~~~~~~~~
[  251s] crfsuite/lib/crf/src/train_arow.c: In function ‘crfsuite_train_arow’:
[  251s] crfsuite/lib/crf/src/train_arow.c:288:20: warning: unused variable ‘norm’ [-Wunused-variable]
[  251s]   288 |         floatval_t norm = 0., sum_loss = 0.;
[  251s]       |                    ^~~~
[  251s] crfsuite/lib/crf/src/train_arow.c:245:16: warning: variable ‘beta’ set but not used [-Wunused-but-set-variable]
[  251s]   245 |     floatval_t beta;
[  251s]       |                ^~~~
[  252s] crfsuite/lib/crf/src/train_arow.c: At top level:
[  252s] crfsuite/lib/crf/src/train_arow.c:200:19: warning: ‘tau2’ defined but not used [-Wunused-function]
[  252s]   200 | static floatval_t tau2(floatval_t cost, floatval_t norm, floatval_t c)
[  252s]       |                   ^~~~
[  252s] crfsuite/lib/crf/src/train_arow.c:195:19: warning: ‘tau1’ defined but not used [-Wunused-function]
[  252s]   195 | static floatval_t tau1(floatval_t cost, floatval_t norm, floatval_t c)
[  252s]       |                   ^~~~
[  252s] crfsuite/lib/crf/src/train_arow.c:190:19: warning: ‘tau0’ defined but not used [-Wunused-function]
[  252s]   190 | static floatval_t tau0(floatval_t cost, floatval_t norm, floatval_t c)
[  252s]       |                   ^~~~
[  252s] crfsuite/lib/crf/src/train_arow.c:185:19: warning: ‘cost_sensitive’ defined but not used [-Wunused-function]
[  252s]   185 | static floatval_t cost_sensitive(floatval_t err, floatval_t d)
[  252s]       |                   ^~~~~~~~~~~~~~
[  252s] crfsuite/lib/crf/src/train_arow.c:180:19: warning: ‘cost_insensitive’ defined but not used [-Wunused-function]
[  252s]   180 | static floatval_t cost_insensitive(floatval_t err, floatval_t d)
[  252s]       |                   ^~~~~~~~~~~~~~~~
[  252s] crfsuite/lib/crf/src/train_arow.c:157:13: warning: ‘delta_add’ defined but not used [-Wunused-function]
[  252s]   157 | static void delta_add(delta_t *dc, floatval_t *w, floatval_t *ws, const floatval_t tau, const floatval_t u)
[  252s]       |             ^~~~~~~~~
[  252s] crfsuite/lib/crf/src/train_arow.c:145:19: warning: ‘delta_norm2’ defined but not used [-Wunused-function]
[  252s]   145 | static floatval_t delta_norm2(delta_t *dc)
[  252s]       |                   ^~~~~~~~~~~
[  254s] gcc -Wno-unused-result -Wsign-compare -DNDEBUG -O2 -Wall -U_FORTIFY_SOURCE -D_FORTIFY_SOURCE=3 -fstack-protector-strong -funwind-tables -fasynchronous-unwind-tables -fstack-clash-protection -Werror=return-type -g -DOPENSSL_LOAD_CONF -fwrapv -fno-semantic-interposition -O2 -Wall -U_FORTIFY_SOURCE -D_FORTIFY_SOURCE=3 -fstack-protector-strong -funwind-tables -fasynchronous-unwind-tables -fstack-clash-protection -Werror=return-type -g -O2 -Wall -U_FORTIFY_SOURCE -D_FORTIFY_SOURCE=3 -fstack-protector-strong -funwind-tables -fasynchronous-unwind-tables -fstack-clash-protection -Werror=return-type -g -O2 -Wall -U_FORTIFY_SOURCE -D_FORTIFY_SOURCE=3 -fstack-protector-strong -funwind-tables -fasynchronous-unwind-tables -fstack-clash-protection -Werror=return-type -flto=auto -g -fPIC -Icrfsuite/include/ -Icrfsuite/lib/cqdb/include -Iliblbfgs/include -Ipycrfsuite -I/usr/include/python3.8 -c -std=c99 crfsuite/lib/crf/src/train_averaged_perceptron.c -o build/temp.linux-riscv64-cpython-38/crfsuite/lib/crf/src/train_averaged_perceptron.o
[  256s] In file included from crfsuite/lib/crf/src/train_averaged_perceptron.c:47:
[  256s] crfsuite/lib/crf/src/vecmath.h: In function ‘_aligned_malloc’:
[  256s] crfsuite/lib/crf/src/vecmath.h:50:15: warning: implicit declaration of function ‘posix_memalign’ [-Wimplicit-function-declaration]
[  256s]    50 |     int ret = posix_memalign(&p, alignment, size);
[  256s]       |               ^~~~~~~~~~~~~~
[  256s] In file included from crfsuite/lib/crf/src/train_averaged_perceptron.c:46:
[  256s] crfsuite/lib/crf/src/train_averaged_perceptron.c: In function ‘exchange_options’:
[  256s] crfsuite/lib/crf/src/params.h:49:13: warning: variable ‘__ret’ set but not used [-Wunused-but-set-variable]
[  256s]    49 |         int __ret = 0; \
[  256s]       |             ^~~~~
[  256s] crfsuite/lib/crf/src/train_averaged_perceptron.c:87:5: note: in expansion of macro ‘BEGIN_PARAM_MAP’
[  256s]    87 |     BEGIN_PARAM_MAP(params, mode)
[  256s]       |     ^~~~~~~~~~~~~~~
[  256s] crfsuite/lib/crf/src/train_averaged_perceptron.c: In function ‘crfsuite_train_averaged_perceptron’:
[  256s] crfsuite/lib/crf/src/train_averaged_perceptron.c:155:20: warning: unused variable ‘norm’ [-Wunused-variable]
[  256s]   155 |         floatval_t norm = 0., loss = 0.;
[  256s]       |                    ^~~~
[  259s] gcc -Wno-unused-result -Wsign-compare -DNDEBUG -O2 -Wall -U_FORTIFY_SOURCE -D_FORTIFY_SOURCE=3 -fstack-protector-strong -funwind-tables -fasynchronous-unwind-tables -fstack-clash-protection -Werror=return-type -g -DOPENSSL_LOAD_CONF -fwrapv -fno-semantic-interposition -O2 -Wall -U_FORTIFY_SOURCE -D_FORTIFY_SOURCE=3 -fstack-protector-strong -funwind-tables -fasynchronous-unwind-tables -fstack-clash-protection -Werror=return-type -g -O2 -Wall -U_FORTIFY_SOURCE -D_FORTIFY_SOURCE=3 -fstack-protector-strong -funwind-tables -fasynchronous-unwind-tables -fstack-clash-protection -Werror=return-type -g -O2 -Wall -U_FORTIFY_SOURCE -D_FORTIFY_SOURCE=3 -fstack-protector-strong -funwind-tables -fasynchronous-unwind-tables -fstack-clash-protection -Werror=return-type -flto=auto -g -fPIC -Icrfsuite/include/ -Icrfsuite/lib/cqdb/include -Iliblbfgs/include -Ipycrfsuite -I/usr/include/python3.8 -c -std=c99 crfsuite/lib/crf/src/train_l2sgd.c -o build/temp.linux-riscv64-cpython-38/crfsuite/lib/crf/src/train_l2sgd.o
[  261s] In file included from crfsuite/lib/crf/src/train_l2sgd.c:109:
[  261s] crfsuite/lib/crf/src/vecmath.h: In function ‘_aligned_malloc’:
[  261s] crfsuite/lib/crf/src/vecmath.h:50:15: warning: implicit declaration of function ‘posix_memalign’ [-Wimplicit-function-declaration]
[  261s]    50 |     int ret = posix_memalign(&p, alignment, size);
[  261s]       |               ^~~~~~~~~~~~~~
[  261s] crfsuite/lib/crf/src/train_l2sgd.c: In function ‘l2sgd’:
[  261s] crfsuite/lib/crf/src/train_l2sgd.c:152:23: warning: unused variable ‘clk_begin’ [-Wunused-variable]
[  261s]   152 |     clock_t clk_prev, clk_begin = clock();
[  261s]       |                       ^~~~~~~~~
[  261s] In file included from crfsuite/lib/crf/src/train_l2sgd.c:107:
[  261s] crfsuite/lib/crf/src/train_l2sgd.c: In function ‘exchange_options’:
[  261s] crfsuite/lib/crf/src/params.h:49:13: warning: variable ‘__ret’ set but not used [-Wunused-but-set-variable]
[  261s]    49 |         int __ret = 0; \
[  261s]       |             ^~~~~
[  261s] crfsuite/lib/crf/src/train_l2sgd.c:390:5: note: in expansion of macro ‘BEGIN_PARAM_MAP’
[  261s]   390 |     BEGIN_PARAM_MAP(params, mode)
[  261s]       |     ^~~~~~~~~~~~~~~
[  261s] crfsuite/lib/crf/src/train_l2sgd.c: In function ‘crfsuite_train_l2sgd’:
[  261s] crfsuite/lib/crf/src/train_l2sgd.c:454:15: warning: unused variable ‘T’ [-Wunused-variable]
[  261s]   454 |     const int T = gm->cap_items;
[  261s]       |               ^
[  264s] gcc -Wno-unused-result -Wsign-compare -DNDEBUG -O2 -Wall -U_FORTIFY_SOURCE -D_FORTIFY_SOURCE=3 -fstack-protector-strong -funwind-tables -fasynchronous-unwind-tables -fstack-clash-protection -Werror=return-type -g -DOPENSSL_LOAD_CONF -fwrapv -fno-semantic-interposition -O2 -Wall -U_FORTIFY_SOURCE -D_FORTIFY_SOURCE=3 -fstack-protector-strong -funwind-tables -fasynchronous-unwind-tables -fstack-clash-protection -Werror=return-type -g -O2 -Wall -U_FORTIFY_SOURCE -D_FORTIFY_SOURCE=3 -fstack-protector-strong -funwind-tables -fasynchronous-unwind-tables -fstack-clash-protection -Werror=return-type -g -O2 -Wall -U_FORTIFY_SOURCE -D_FORTIFY_SOURCE=3 -fstack-protector-strong -funwind-tables -fasynchronous-unwind-tables -fstack-clash-protection -Werror=return-type -flto=auto -g -fPIC -Icrfsuite/include/ -Icrfsuite/lib/cqdb/include -Iliblbfgs/include -Ipycrfsuite -I/usr/include/python3.8 -c -std=c99 crfsuite/lib/crf/src/train_lbfgs.c -o build/temp.linux-riscv64-cpython-38/crfsuite/lib/crf/src/train_lbfgs.o
[  266s] In file included from crfsuite/lib/crf/src/train_lbfgs.c:50:
[  266s] crfsuite/lib/crf/src/vecmath.h: In function ‘_aligned_malloc’:
[  266s] crfsuite/lib/crf/src/vecmath.h:50:15: warning: implicit declaration of function ‘posix_memalign’ [-Wimplicit-function-declaration]
[  266s]    50 |     int ret = posix_memalign(&p, alignment, size);
[  266s]       |               ^~~~~~~~~~~~~~
[  266s] In file included from crfsuite/lib/crf/src/train_lbfgs.c:49:
[  266s] crfsuite/lib/crf/src/train_lbfgs.c: In function ‘exchange_options’:
[  266s] crfsuite/lib/crf/src/params.h:49:13: warning: variable ‘__ret’ set but not used [-Wunused-but-set-variable]
[  266s]    49 |         int __ret = 0; \
[  266s]       |             ^~~~~
[  266s] crfsuite/lib/crf/src/train_lbfgs.c:163:5: note: in expansion of macro ‘BEGIN_PARAM_MAP’
[  266s]   163 |     BEGIN_PARAM_MAP(params, mode)
[  266s]       |     ^~~~~~~~~~~~~~~
[  266s] crfsuite/lib/crf/src/train_lbfgs.c: In function ‘crfsuite_train_lbfgs’:
[  266s] crfsuite/lib/crf/src/train_lbfgs.c:231:15: warning: unused variable ‘A’ [-Wunused-variable]
[  266s]   231 |     const int A =  trainset->data->attrs->num(trainset->data->attrs);
[  266s]       |               ^
[  266s] crfsuite/lib/crf/src/train_lbfgs.c:230:15: warning: unused variable ‘L’ [-Wunused-variable]
[  266s]   230 |     const int L = trainset->data->labels->num(trainset->data->labels);
[  266s]       |               ^
[  266s] crfsuite/lib/crf/src/train_lbfgs.c:229:15: warning: unused variable ‘N’ [-Wunused-variable]
[  266s]   229 |     const int N = trainset->num_instances;
[  266s]       |               ^
[  268s] gcc -Wno-unused-result -Wsign-compare -DNDEBUG -O2 -Wall -U_FORTIFY_SOURCE -D_FORTIFY_SOURCE=3 -fstack-protector-strong -funwind-tables -fasynchronous-unwind-tables -fstack-clash-protection -Werror=return-type -g -DOPENSSL_LOAD_CONF -fwrapv -fno-semantic-interposition -O2 -Wall -U_FORTIFY_SOURCE -D_FORTIFY_SOURCE=3 -fstack-protector-strong -funwind-tables -fasynchronous-unwind-tables -fstack-clash-protection -Werror=return-type -g -O2 -Wall -U_FORTIFY_SOURCE -D_FORTIFY_SOURCE=3 -fstack-protector-strong -funwind-tables -fasynchronous-unwind-tables -fstack-clash-protection -Werror=return-type -g -O2 -Wall -U_FORTIFY_SOURCE -D_FORTIFY_SOURCE=3 -fstack-protector-strong -funwind-tables -fasynchronous-unwind-tables -fstack-clash-protection -Werror=return-type -flto=auto -g -fPIC -Icrfsuite/include/ -Icrfsuite/lib/cqdb/include -Iliblbfgs/include -Ipycrfsuite -I/usr/include/python3.8 -c -std=c99 crfsuite/lib/crf/src/train_passive_aggressive.c -o build/temp.linux-riscv64-cpython-38/crfsuite/lib/crf/src/train_passive_aggressive.o
[  270s] In file included from crfsuite/lib/crf/src/train_passive_aggressive.c:47:
[  270s] crfsuite/lib/crf/src/vecmath.h: In function ‘_aligned_malloc’:
[  270s] crfsuite/lib/crf/src/vecmath.h:50:15: warning: implicit declaration of function ‘posix_memalign’ [-Wimplicit-function-declaration]
[  270s]    50 |     int ret = posix_memalign(&p, alignment, size);
[  270s]       |               ^~~~~~~~~~~~~~
[  270s] In file included from crfsuite/lib/crf/src/train_passive_aggressive.c:46:
[  270s] crfsuite/lib/crf/src/train_passive_aggressive.c: In function ‘exchange_options’:
[  270s] crfsuite/lib/crf/src/params.h:49:13: warning: variable ‘__ret’ set but not used [-Wunused-but-set-variable]
[  270s]    49 |         int __ret = 0; \
[  270s]       |             ^~~~~
[  270s] crfsuite/lib/crf/src/train_passive_aggressive.c:209:5: note: in expansion of macro ‘BEGIN_PARAM_MAP’
[  270s]   209 |     BEGIN_PARAM_MAP(params, mode)
[  270s]       |     ^~~~~~~~~~~~~~~
[  270s] crfsuite/lib/crf/src/train_passive_aggressive.c: In function ‘crfsuite_train_passive_aggressive’:
[  270s] crfsuite/lib/crf/src/train_passive_aggressive.c:318:20: warning: unused variable ‘norm’ [-Wunused-variable]
[  270s]   318 |         floatval_t norm = 0., sum_loss = 0.;
[  270s]       |                    ^~~~
[  272s] gcc -Wno-unused-result -Wsign-compare -DNDEBUG -O2 -Wall -U_FORTIFY_SOURCE -D_FORTIFY_SOURCE=3 -fstack-protector-strong -funwind-tables -fasynchronous-unwind-tables -fstack-clash-protection -Werror=return-type -g -DOPENSSL_LOAD_CONF -fwrapv -fno-semantic-interposition -O2 -Wall -U_FORTIFY_SOURCE -D_FORTIFY_SOURCE=3 -fstack-protector-strong -funwind-tables -fasynchronous-unwind-tables -fstack-clash-protection -Werror=return-type -g -O2 -Wall -U_FORTIFY_SOURCE -D_FORTIFY_SOURCE=3 -fstack-protector-strong -funwind-tables -fasynchronous-unwind-tables -fstack-clash-protection -Werror=return-type -g -O2 -Wall -U_FORTIFY_SOURCE -D_FORTIFY_SOURCE=3 -fstack-protector-strong -funwind-tables -fasynchronous-unwind-tables -fstack-clash-protection -Werror=return-type -flto=auto -g -fPIC -Icrfsuite/include/ -Icrfsuite/lib/cqdb/include -Iliblbfgs/include -Ipycrfsuite -I/usr/include/python3.8 -c crfsuite/swig/crfsuite.cpp -o build/temp.linux-riscv64-cpython-38/crfsuite/swig/crfsuite.o
[  297s] gcc -Wno-unused-result -Wsign-compare -DNDEBUG -O2 -Wall -U_FORTIFY_SOURCE -D_FORTIFY_SOURCE=3 -fstack-protector-strong -funwind-tables -fasynchronous-unwind-tables -fstack-clash-protection -Werror=return-type -g -DOPENSSL_LOAD_CONF -fwrapv -fno-semantic-interposition -O2 -Wall -U_FORTIFY_SOURCE -D_FORTIFY_SOURCE=3 -fstack-protector-strong -funwind-tables -fasynchronous-unwind-tables -fstack-clash-protection -Werror=return-type -g -O2 -Wall -U_FORTIFY_SOURCE -D_FORTIFY_SOURCE=3 -fstack-protector-strong -funwind-tables -fasynchronous-unwind-tables -fstack-clash-protection -Werror=return-type -g -O2 -Wall -U_FORTIFY_SOURCE -D_FORTIFY_SOURCE=3 -fstack-protector-strong -funwind-tables -fasynchronous-unwind-tables -fstack-clash-protection -Werror=return-type -flto=auto -g -fPIC -Icrfsuite/include/ -Icrfsuite/lib/cqdb/include -Iliblbfgs/include -Ipycrfsuite -I/usr/include/python3.8 -c -std=c99 liblbfgs/lib/lbfgs.c -o build/temp.linux-riscv64-cpython-38/liblbfgs/lib/lbfgs.o
[  302s] gcc -Wno-unused-result -Wsign-compare -DNDEBUG -O2 -Wall -U_FORTIFY_SOURCE -D_FORTIFY_SOURCE=3 -fstack-protector-strong -funwind-tables -fasynchronous-unwind-tables -fstack-clash-protection -Werror=return-type -g -DOPENSSL_LOAD_CONF -fwrapv -fno-semantic-interposition -O2 -Wall -U_FORTIFY_SOURCE -D_FORTIFY_SOURCE=3 -fstack-protector-strong -funwind-tables -fasynchronous-unwind-tables -fstack-clash-protection -Werror=return-type -g -O2 -Wall -U_FORTIFY_SOURCE -D_FORTIFY_SOURCE=3 -fstack-protector-strong -funwind-tables -fasynchronous-unwind-tables -fstack-clash-protection -Werror=return-type -g -O2 -Wall -U_FORTIFY_SOURCE -D_FORTIFY_SOURCE=3 -fstack-protector-strong -funwind-tables -fasynchronous-unwind-tables -fstack-clash-protection -Werror=return-type -flto=auto -g -fPIC -Icrfsuite/include/ -Icrfsuite/lib/cqdb/include -Iliblbfgs/include -Ipycrfsuite -I/usr/include/python3.8 -c pycrfsuite/_pycrfsuite.cpp -o build/temp.linux-riscv64-cpython-38/pycrfsuite/_pycrfsuite.o
[  352s] gcc -Wno-unused-result -Wsign-compare -DNDEBUG -O2 -Wall -U_FORTIFY_SOURCE -D_FORTIFY_SOURCE=3 -fstack-protector-strong -funwind-tables -fasynchronous-unwind-tables -fstack-clash-protection -Werror=return-type -g -DOPENSSL_LOAD_CONF -fwrapv -fno-semantic-interposition -O2 -Wall -U_FORTIFY_SOURCE -D_FORTIFY_SOURCE=3 -fstack-protector-strong -funwind-tables -fasynchronous-unwind-tables -fstack-clash-protection -Werror=return-type -g -O2 -Wall -U_FORTIFY_SOURCE -D_FORTIFY_SOURCE=3 -fstack-protector-strong -funwind-tables -fasynchronous-unwind-tables -fstack-clash-protection -Werror=return-type -g -O2 -Wall -U_FORTIFY_SOURCE -D_FORTIFY_SOURCE=3 -fstack-protector-strong -funwind-tables -fasynchronous-unwind-tables -fstack-clash-protection -Werror=return-type -flto=auto -g -fPIC -Icrfsuite/include/ -Icrfsuite/lib/cqdb/include -Iliblbfgs/include -Ipycrfsuite -I/usr/include/python3.8 -c pycrfsuite/trainer_wrapper.cpp -o build/temp.linux-riscv64-cpython-38/pycrfsuite/trainer_wrapper.o
[  375s] g++ -shared -O2 -Wall -U_FORTIFY_SOURCE -D_FORTIFY_SOURCE=3 -fstack-protector-strong -funwind-tables -fasynchronous-unwind-tables -fstack-clash-protection -Werror=return-type -flto=auto -g build/temp.linux-riscv64-cpython-38/crfsuite/lib/cqdb/src/cqdb.o build/temp.linux-riscv64-cpython-38/crfsuite/lib/cqdb/src/lookup3.o build/temp.linux-riscv64-cpython-38/crfsuite/lib/crf/src/crf1d_context.o build/temp.linux-riscv64-cpython-38/crfsuite/lib/crf/src/crf1d_encode.o build/temp.linux-riscv64-cpython-38/crfsuite/lib/crf/src/crf1d_feature.o build/temp.linux-riscv64-cpython-38/crfsuite/lib/crf/src/crf1d_model.o build/temp.linux-riscv64-cpython-38/crfsuite/lib/crf/src/crf1d_tag.o build/temp.linux-riscv64-cpython-38/crfsuite/lib/crf/src/crfsuite.o build/temp.linux-riscv64-cpython-38/crfsuite/lib/crf/src/crfsuite_train.o build/temp.linux-riscv64-cpython-38/crfsuite/lib/crf/src/dataset.o build/temp.linux-riscv64-cpython-38/crfsuite/lib/crf/src/dictionary.o build/temp.linux-riscv64-cpython-38/crfsuite/lib/crf/src/holdout.o build/temp.linux-riscv64-cpython-38/crfsuite/lib/crf/src/logging.o build/temp.linux-riscv64-cpython-38/crfsuite/lib/crf/src/params.o build/temp.linux-riscv64-cpython-38/crfsuite/lib/crf/src/quark.o build/temp.linux-riscv64-cpython-38/crfsuite/lib/crf/src/rumavl.o build/temp.linux-riscv64-cpython-38/crfsuite/lib/crf/src/train_arow.o build/temp.linux-riscv64-cpython-38/crfsuite/lib/crf/src/train_averaged_perceptron.o build/temp.linux-riscv64-cpython-38/crfsuite/lib/crf/src/train_l2sgd.o build/temp.linux-riscv64-cpython-38/crfsuite/lib/crf/src/train_lbfgs.o build/temp.linux-riscv64-cpython-38/crfsuite/lib/crf/src/train_passive_aggressive.o build/temp.linux-riscv64-cpython-38/crfsuite/swig/crfsuite.o build/temp.linux-riscv64-cpython-38/liblbfgs/lib/lbfgs.o build/temp.linux-riscv64-cpython-38/pycrfsuite/_pycrfsuite.o build/temp.linux-riscv64-cpython-38/pycrfsuite/trainer_wrapper.o -L/usr/lib64 -o build/lib.linux-riscv64-cpython-38/pycrfsuite/_pycrfsuite.cpython-38-riscv64-linux-gnu.so
[  377s] crfsuite/include/crfsuite_api.hpp:184:7: warning: type ‘struct Trainer’ violates the C++ One Definition Rule [-Wodr]
[  377s]   184 | class Trainer {
[  377s]       |       ^
[  377s] crfsuite/include/crfsuite_api.hpp:184:7: note: a different type is defined in another translation unit
[  377s]   184 | class Trainer {
[  377s]       |       ^
[  377s] crfsuite/include/crfsuite_api.hpp:186:22: note: the first difference of corresponding definitions is field ‘data’
[  377s]   186 |     crfsuite_data_t *data;
[  377s]       |                      ^
[  377s] crfsuite/include/crfsuite_api.hpp:186:22: note: a field of same name but different type is defined in another translation unit
[  377s]   186 |     crfsuite_data_t *data;
[  377s]       |                      ^
[  377s] crfsuite/include/crfsuite.h:187:3: note: type name ‘crfsuite_data_t’ should match type name ‘tag_crfsuite_data’
[  377s]   187 | } crfsuite_data_t;
[  377s]       |   ^
[  377s] pycrfsuite/trainer_wrapper.hpp:19:7: warning: type ‘struct Trainer’ violates the C++ One Definition Rule [-Wodr]
[  377s]    19 | class Trainer : public CRFSuite::Trainer
[  377s]       |       ^
[  377s] pycrfsuite/trainer_wrapper.hpp:19:7: note: a type with different bases is defined in another translation unit
[  377s]    19 | class Trainer : public CRFSuite::Trainer
[  377s]       |       ^
[  443s] ++ '[' -f _current_flavor ']'
[  443s] ++ cat _current_flavor
[  443s] + last_flavor=python38
[  443s] + '[' -z python38 ']'
[  443s] + '[' python38 '!=' python39 ']'
[  443s] + '[' -d build ']'
[  443s] + mv build _build.python38
[  443s] + '[' -d _build.python39 ']'
[  443s] + echo python39
[  443s] + python_flavor=python39
[  443s] + /usr/bin/python3.9 setup.py build '--executable=/usr/bin/python3.9 -s'
[  448s] running build
[  448s] running build_py
[  448s] creating build
[  448s] creating build/lib.linux-riscv64-cpython-39
[  448s] creating build/lib.linux-riscv64-cpython-39/pycrfsuite
[  448s] copying pycrfsuite/__init__.py -> build/lib.linux-riscv64-cpython-39/pycrfsuite
[  448s] copying pycrfsuite/_dumpparser.py -> build/lib.linux-riscv64-cpython-39/pycrfsuite
[  448s] copying pycrfsuite/_logparser.py -> build/lib.linux-riscv64-cpython-39/pycrfsuite
[  448s] running build_ext
[  448s] building 'pycrfsuite._pycrfsuite' extension
[  448s] creating build/temp.linux-riscv64-cpython-39
[  448s] creating build/temp.linux-riscv64-cpython-39/crfsuite
[  448s] creating build/temp.linux-riscv64-cpython-39/crfsuite/lib
[  448s] creating build/temp.linux-riscv64-cpython-39/crfsuite/lib/cqdb
[  448s] creating build/temp.linux-riscv64-cpython-39/crfsuite/lib/cqdb/src
[  448s] creating build/temp.linux-riscv64-cpython-39/crfsuite/lib/crf
[  448s] creating build/temp.linux-riscv64-cpython-39/crfsuite/lib/crf/src
[  448s] creating build/temp.linux-riscv64-cpython-39/crfsuite/swig
[  448s] creating build/temp.linux-riscv64-cpython-39/liblbfgs
[  448s] creating build/temp.linux-riscv64-cpython-39/liblbfgs/lib
[  448s] creating build/temp.linux-riscv64-cpython-39/pycrfsuite
[  448s] gcc -Wno-unused-result -Wsign-compare -DNDEBUG -O2 -Wall -U_FORTIFY_SOURCE -D_FORTIFY_SOURCE=3 -fstack-protector-strong -funwind-tables -fasynchronous-unwind-tables -fstack-clash-protection -Werror=return-type -g -DOPENSSL_LOAD_CONF -fwrapv -fno-semantic-interposition -O2 -Wall -U_FORTIFY_SOURCE -D_FORTIFY_SOURCE=3 -fstack-protector-strong -funwind-tables -fasynchronous-unwind-tables -fstack-clash-protection -Werror=return-type -g -IVendor/ -O2 -Wall -U_FORTIFY_SOURCE -D_FORTIFY_SOURCE=3 -fstack-protector-strong -funwind-tables -fasynchronous-unwind-tables -fstack-clash-protection -Werror=return-type -g -IVendor/ -O2 -Wall -U_FORTIFY_SOURCE -D_FORTIFY_SOURCE=3 -fstack-protector-strong -funwind-tables -fasynchronous-unwind-tables -fstack-clash-protection -Werror=return-type -flto=auto -g -fPIC -Icrfsuite/include/ -Icrfsuite/lib/cqdb/include -Iliblbfgs/include -Ipycrfsuite -I/usr/include/python3.9 -c -std=c99 crfsuite/lib/cqdb/src/cqdb.c -o build/temp.linux-riscv64-cpython-39/crfsuite/lib/cqdb/src/cqdb.o
[  449s] crfsuite/lib/cqdb/src/cqdb.c: In function ‘cqdb_to_id’:
[  449s] crfsuite/lib/cqdb/src/cqdb.c:552:26: warning: variable ‘ksize’ set but not used [-Wunused-but-set-variable]
[  449s]   552 |                 uint32_t ksize;
[  449s]       |                          ^~~~~
[  450s] crfsuite/lib/cqdb/src/cqdb.c: In function ‘cqdb_writer_close’:
[  450s] crfsuite/lib/cqdb/src/cqdb.c:270:5: warning: ‘strncpy’ output truncated before terminating nul copying 4 bytes from a string of the same length [-Wstringop-truncation]
[  450s]   270 |     strncpy((char*)header.chunkid, CHUNKID, 4);
[  450s]       |     ^
[  451s] gcc -Wno-unused-result -Wsign-compare -DNDEBUG -O2 -Wall -U_FORTIFY_SOURCE -D_FORTIFY_SOURCE=3 -fstack-protector-strong -funwind-tables -fasynchronous-unwind-tables -fstack-clash-protection -Werror=return-type -g -DOPENSSL_LOAD_CONF -fwrapv -fno-semantic-interposition -O2 -Wall -U_FORTIFY_SOURCE -D_FORTIFY_SOURCE=3 -fstack-protector-strong -funwind-tables -fasynchronous-unwind-tables -fstack-clash-protection -Werror=return-type -g -IVendor/ -O2 -Wall -U_FORTIFY_SOURCE -D_FORTIFY_SOURCE=3 -fstack-protector-strong -funwind-tables -fasynchronous-unwind-tables -fstack-clash-protection -Werror=return-type -g -IVendor/ -O2 -Wall -U_FORTIFY_SOURCE -D_FORTIFY_SOURCE=3 -fstack-protector-strong -funwind-tables -fasynchronous-unwind-tables -fstack-clash-protection -Werror=return-type -flto=auto -g -fPIC -Icrfsuite/include/ -Icrfsuite/lib/cqdb/include -Iliblbfgs/include -Ipycrfsuite -I/usr/include/python3.9 -c -std=c99 crfsuite/lib/cqdb/src/lookup3.c -o build/temp.linux-riscv64-cpython-39/crfsuite/lib/cqdb/src/lookup3.o
[  453s] gcc -Wno-unused-result -Wsign-compare -DNDEBUG -O2 -Wall -U_FORTIFY_SOURCE -D_FORTIFY_SOURCE=3 -fstack-protector-strong -funwind-tables -fasynchronous-unwind-tables -fstack-clash-protection -Werror=return-type -g -DOPENSSL_LOAD_CONF -fwrapv -fno-semantic-interposition -O2 -Wall -U_FORTIFY_SOURCE -D_FORTIFY_SOURCE=3 -fstack-protector-strong -funwind-tables -fasynchronous-unwind-tables -fstack-clash-protection -Werror=return-type -g -IVendor/ -O2 -Wall -U_FORTIFY_SOURCE -D_FORTIFY_SOURCE=3 -fstack-protector-strong -funwind-tables -fasynchronous-unwind-tables -fstack-clash-protection -Werror=return-type -g -IVendor/ -O2 -Wall -U_FORTIFY_SOURCE -D_FORTIFY_SOURCE=3 -fstack-protector-strong -funwind-tables -fasynchronous-unwind-tables -fstack-clash-protection -Werror=return-type -flto=auto -g -fPIC -Icrfsuite/include/ -Icrfsuite/lib/cqdb/include -Iliblbfgs/include -Ipycrfsuite -I/usr/include/python3.9 -c -std=c99 crfsuite/lib/crf/src/crf1d_context.c -o build/temp.linux-riscv64-cpython-39/crfsuite/lib/crf/src/crf1d_context.o
[  455s] In file included from crfsuite/lib/crf/src/crf1d_context.c:47:
[  455s] crfsuite/lib/crf/src/vecmath.h: In function ‘_aligned_malloc’:
[  455s] crfsuite/lib/crf/src/vecmath.h:50:15: warning: implicit declaration of function ‘posix_memalign’ [-Wimplicit-function-declaration]
[  455s]    50 |     int ret = posix_memalign(&p, alignment, size);
[  455s]       |               ^~~~~~~~~~~~~~
[  455s] crfsuite/lib/crf/src/crf1d_context.c: In function ‘crf1dc_new’:
[  455s] crfsuite/lib/crf/src/crf1d_context.c:71:13: warning: suggest parentheses around assignment used as truth value [-Wparentheses]
[  455s]    71 |         if (ret = crf1dc_set_num_items(ctx, T)) {
[  455s]       |             ^~~
[  455s] crfsuite/lib/crf/src/crf1d_context.c: In function ‘crf1dc_score’:
[  455s] crfsuite/lib/crf/src/crf1d_context.c:440:15: warning: unused variable ‘L’ [-Wunused-variable]
[  455s]   440 |     const int L = ctx->num_labels;
[  455s]       |               ^
[  455s] crfsuite/lib/crf/src/crf1d_context.c:438:38: warning: unused variable ‘cur’ [-Wunused-variable]
[  455s]   438 |     const floatval_t *state = NULL, *cur = NULL, *trans = NULL;
[  455s]       |                                      ^~~
[  457s] gcc -Wno-unused-result -Wsign-compare -DNDEBUG -O2 -Wall -U_FORTIFY_SOURCE -D_FORTIFY_SOURCE=3 -fstack-protector-strong -funwind-tables -fasynchronous-unwind-tables -fstack-clash-protection -Werror=return-type -g -DOPENSSL_LOAD_CONF -fwrapv -fno-semantic-interposition -O2 -Wall -U_FORTIFY_SOURCE -D_FORTIFY_SOURCE=3 -fstack-protector-strong -funwind-tables -fasynchronous-unwind-tables -fstack-clash-protection -Werror=return-type -g -IVendor/ -O2 -Wall -U_FORTIFY_SOURCE -D_FORTIFY_SOURCE=3 -fstack-protector-strong -funwind-tables -fasynchronous-unwind-tables -fstack-clash-protection -Werror=return-type -g -IVendor/ -O2 -Wall -U_FORTIFY_SOURCE -D_FORTIFY_SOURCE=3 -fstack-protector-strong -funwind-tables -fasynchronous-unwind-tables -fstack-clash-protection -Werror=return-type -flto=auto -g -fPIC -Icrfsuite/include/ -Icrfsuite/lib/cqdb/include -Iliblbfgs/include -Ipycrfsuite -I/usr/include/python3.9 -c -std=c99 crfsuite/lib/crf/src/crf1d_encode.c -o build/temp.linux-riscv64-cpython-39/crfsuite/lib/crf/src/crf1d_encode.o
[  458s] crfsuite/lib/crf/src/crf1d_encode.c: In function ‘crf1de_state_score’:
[  458s] crfsuite/lib/crf/src/crf1d_encode.c:136:15: warning: unused variable ‘L’ [-Wunused-variable]
[  458s]   136 |     const int L = crf1de->num_labels;
[  458s]       |               ^
[  458s] crfsuite/lib/crf/src/crf1d_encode.c: In function ‘crf1de_state_score_scaled’:
[  458s] crfsuite/lib/crf/src/crf1d_encode.c:172:15: warning: unused variable ‘L’ [-Wunused-variable]
[  458s]   172 |     const int L = crf1de->num_labels;
[  458s]       |               ^
[  458s] crfsuite/lib/crf/src/crf1d_encode.c: In function ‘crf1de_features_on_path’:
[  458s] crfsuite/lib/crf/src/crf1d_encode.c:268:15: warning: unused variable ‘L’ [-Wunused-variable]
[  458s]   268 |     const int L = crf1de->num_labels;
[  458s]       |               ^
[  458s] crfsuite/lib/crf/src/crf1d_encode.c:266:22: warning: unused variable ‘ctx’ [-Wunused-variable]
[  458s]   266 |     crf1d_context_t* ctx = crf1de->ctx;
[  458s]       |                      ^~~
[  458s] crfsuite/lib/crf/src/crf1d_encode.c: In function ‘crf1de_observation_expectation’:
[  458s] crfsuite/lib/crf/src/crf1d_encode.c:321:15: warning: unused variable ‘L’ [-Wunused-variable]
[  458s]   321 |     const int L = crf1de->num_labels;
[  458s]       |               ^
[  458s] crfsuite/lib/crf/src/crf1d_encode.c:319:22: warning: unused variable ‘ctx’ [-Wunused-variable]
[  458s]   319 |     crf1d_context_t* ctx = crf1de->ctx;
[  458s]       |                      ^~~
[  458s] crfsuite/lib/crf/src/crf1d_encode.c: In function ‘crf1de_model_expectation’:
[  458s] crfsuite/lib/crf/src/crf1d_encode.c:372:41: warning: unused variable ‘trans’ [-Wunused-variable]
[  458s]   372 |     const feature_refs_t *attr = NULL, *trans = NULL;
[  458s]       |                                         ^~~~~
[  458s] crfsuite/lib/crf/src/crf1d_encode.c: In function ‘crf1de_save_model’:
[  458s] crfsuite/lib/crf/src/crf1d_encode.c:551:9: warning: suggest parentheses around assignment used as truth value [-Wparentheses]
[  458s]   551 |     if (ret = crf1dmw_open_features(writer)) {
[  458s]       |         ^~~
[  458s] crfsuite/lib/crf/src/crf1d_encode.c:585:17: warning: suggest parentheses around assignment used as truth value [-Wparentheses]
[  458s]   585 |             if (ret = crf1dmw_put_feature(writer, fmap[k], &feat)) {
[  458s]       |                 ^~~
[  458s] crfsuite/lib/crf/src/crf1d_encode.c:592:9: warning: suggest parentheses around assignment used as truth value [-Wparentheses]
[  458s]   592 |     if (ret = crf1dmw_close_features(writer)) {
[  458s]       |         ^~~
[  458s] crfsuite/lib/crf/src/crf1d_encode.c:602:9: warning: suggest parentheses around assignment used as truth value [-Wparentheses]
[  458s]   602 |     if (ret = crf1dmw_open_labels(writer, L)) {
[  458s]       |         ^~~
[  458s] crfsuite/lib/crf/src/crf1d_encode.c:609:17: warning: suggest parentheses around assignment used as truth value [-Wparentheses]
[  458s]   609 |             if (ret = crf1dmw_put_label(writer, l, str)) {
[  458s]       |                 ^~~
[  458s] crfsuite/lib/crf/src/crf1d_encode.c:615:9: warning: suggest parentheses around assignment used as truth value [-Wparentheses]
[  458s]   615 |     if (ret = crf1dmw_close_labels(writer)) {
[  458s]       |         ^~~
[  458s] crfsuite/lib/crf/src/crf1d_encode.c:621:9: warning: suggest parentheses around assignment used as truth value [-Wparentheses]
[  458s]   621 |     if (ret = crf1dmw_open_attrs(writer, B)) {
[  458s]       |         ^~~
[  458s] crfsuite/lib/crf/src/crf1d_encode.c:629:21: warning: suggest parentheses around assignment used as truth value [-Wparentheses]
[  458s]   629 |                 if (ret = crf1dmw_put_attr(writer, amap[a], str)) {
[  458s]       |                     ^~~
[  458s] crfsuite/lib/crf/src/crf1d_encode.c:636:9: warning: suggest parentheses around assignment used as truth value [-Wparentheses]
[  458s]   636 |     if (ret = crf1dmw_close_attrs(writer)) {
[  458s]       |         ^~~
[  458s] crfsuite/lib/crf/src/crf1d_encode.c:642:9: warning: suggest parentheses around assignment used as truth value [-Wparentheses]
[  458s]   642 |     if (ret = crf1dmw_open_labelrefs(writer, L+2)) {
[  458s]       |         ^~~
[  458s] crfsuite/lib/crf/src/crf1d_encode.c:647:13: warning: suggest parentheses around assignment used as truth value [-Wparentheses]
[  458s]   647 |         if (ret = crf1dmw_put_labelref(writer, l, edge, fmap)) {
[  458s]       |             ^~~
[  458s] crfsuite/lib/crf/src/crf1d_encode.c:651:9: warning: suggest parentheses around assignment used as truth value [-Wparentheses]
[  458s]   651 |     if (ret = crf1dmw_close_labelrefs(writer)) {
[  458s]       |         ^~~
[  458s] crfsuite/lib/crf/src/crf1d_encode.c:657:9: warning: suggest parentheses around assignment used as truth value [-Wparentheses]
[  458s]   657 |     if (ret = crf1dmw_open_attrrefs(writer, B)) {
[  458s]       |         ^~~
[  458s] crfsuite/lib/crf/src/crf1d_encode.c:663:17: warning: suggest parentheses around assignment used as truth value [-Wparentheses]
[  458s]   663 |             if (ret = crf1dmw_put_attrref(writer, amap[a], attr, fmap)) {
[  458s]       |                 ^~~
[  458s] crfsuite/lib/crf/src/crf1d_encode.c:668:9: warning: suggest parentheses around assignment used as truth value [-Wparentheses]
[  458s]   668 |     if (ret = crf1dmw_close_attrrefs(writer)) {
[  458s]       |         ^~~
[  458s] crfsuite/lib/crf/src/crf1d_encode.c:508:22: warning: unused variable ‘threshold’ [-Wunused-variable]
[  458s]   508 |     const floatval_t threshold = 0.01;
[  458s]       |                      ^~~~~~~~~
[  458s] In file included from crfsuite/lib/crf/src/crf1d_encode.c:47:
[  458s] crfsuite/lib/crf/src/crf1d_encode.c: In function ‘crf1de_exchange_options’:
[  458s] crfsuite/lib/crf/src/params.h:49:13: warning: variable ‘__ret’ set but not used [-Wunused-but-set-variable]
[  458s]    49 |         int __ret = 0; \
[  458s]       |             ^~~~~
[  458s] crfsuite/lib/crf/src/crf1d_encode.c:696:5: note: in expansion of macro ‘BEGIN_PARAM_MAP’
[  458s]   696 |     BEGIN_PARAM_MAP(params, mode)
[  458s]       |     ^~~~~~~~~~~~~~~
[  458s] crfsuite/lib/crf/src/crf1d_encode.c: In function ‘encoder_viterbi’:
[  458s] crfsuite/lib/crf/src/crf1d_encode.c:897:9: warning: unused variable ‘i’ [-Wunused-variable]
[  458s]   897 |     int i;
[  458s]       |         ^
[  460s] gcc -Wno-unused-result -Wsign-compare -DNDEBUG -O2 -Wall -U_FORTIFY_SOURCE -D_FORTIFY_SOURCE=3 -fstack-protector-strong -funwind-tables -fasynchronous-unwind-tables -fstack-clash-protection -Werror=return-type -g -DOPENSSL_LOAD_CONF -fwrapv -fno-semantic-interposition -O2 -Wall -U_FORTIFY_SOURCE -D_FORTIFY_SOURCE=3 -fstack-protector-strong -funwind-tables -fasynchronous-unwind-tables -fstack-clash-protection -Werror=return-type -g -IVendor/ -O2 -Wall -U_FORTIFY_SOURCE -D_FORTIFY_SOURCE=3 -fstack-protector-strong -funwind-tables -fasynchronous-unwind-tables -fstack-clash-protection -Werror=return-type -g -IVendor/ -O2 -Wall -U_FORTIFY_SOURCE -D_FORTIFY_SOURCE=3 -fstack-protector-strong -funwind-tables -fasynchronous-unwind-tables -fstack-clash-protection -Werror=return-type -flto=auto -g -fPIC -Icrfsuite/include/ -Icrfsuite/lib/cqdb/include -Iliblbfgs/include -Ipycrfsuite -I/usr/include/python3.9 -c -std=c99 crfsuite/lib/crf/src/crf1d_feature.c -o build/temp.linux-riscv64-cpython-39/crfsuite/lib/crf/src/crf1d_feature.o
[  463s] gcc -Wno-unused-result -Wsign-compare -DNDEBUG -O2 -Wall -U_FORTIFY_SOURCE -D_FORTIFY_SOURCE=3 -fstack-protector-strong -funwind-tables -fasynchronous-unwind-tables -fstack-clash-protection -Werror=return-type -g -DOPENSSL_LOAD_CONF -fwrapv -fno-semantic-interposition -O2 -Wall -U_FORTIFY_SOURCE -D_FORTIFY_SOURCE=3 -fstack-protector-strong -funwind-tables -fasynchronous-unwind-tables -fstack-clash-protection -Werror=return-type -g -IVendor/ -O2 -Wall -U_FORTIFY_SOURCE -D_FORTIFY_SOURCE=3 -fstack-protector-strong -funwind-tables -fasynchronous-unwind-tables -fstack-clash-protection -Werror=return-type -g -IVendor/ -O2 -Wall -U_FORTIFY_SOURCE -D_FORTIFY_SOURCE=3 -fstack-protector-strong -funwind-tables -fasynchronous-unwind-tables -fstack-clash-protection -Werror=return-type -flto=auto -g -fPIC -Icrfsuite/include/ -Icrfsuite/lib/cqdb/include -Iliblbfgs/include -Ipycrfsuite -I/usr/include/python3.9 -c -std=c99 crfsuite/lib/crf/src/crf1d_model.c -o build/temp.linux-riscv64-cpython-39/crfsuite/lib/crf/src/crf1d_model.o
[  464s] crfsuite/lib/crf/src/crf1d_model.c: In function ‘crf1dmw_put_labelref’:
[  464s] crfsuite/lib/crf/src/crf1d_model.c:487:21: warning: unused variable ‘offset’ [-Wunused-variable]
[  464s]   487 |     uint32_t n = 0, offset = 0;
[  464s]       |                     ^~~~~~
[  464s] crfsuite/lib/crf/src/crf1d_model.c: In function ‘crf1dmw_put_attrref’:
[  464s] crfsuite/lib/crf/src/crf1d_model.c:594:21: warning: unused variable ‘offset’ [-Wunused-variable]
[  464s]   594 |     uint32_t n = 0, offset = 0;
[  464s]       |                     ^~~~~~
[  464s] crfsuite/lib/crf/src/crf1d_model.c: In function ‘crf1dmw_put_feature’:
[  464s] crfsuite/lib/crf/src/crf1d_model.c:691:13: warning: comparison of integer expressions of different signedness: ‘int’ and ‘uint32_t’ {aka ‘unsigned int’} [-Wsign-compare]
[  464s]   691 |     if (fid != hfeat->num) {
[  464s]       |             ^~
[  466s] gcc -Wno-unused-result -Wsign-compare -DNDEBUG -O2 -Wall -U_FORTIFY_SOURCE -D_FORTIFY_SOURCE=3 -fstack-protector-strong -funwind-tables -fasynchronous-unwind-tables -fstack-clash-protection -Werror=return-type -g -DOPENSSL_LOAD_CONF -fwrapv -fno-semantic-interposition -O2 -Wall -U_FORTIFY_SOURCE -D_FORTIFY_SOURCE=3 -fstack-protector-strong -funwind-tables -fasynchronous-unwind-tables -fstack-clash-protection -Werror=return-type -g -IVendor/ -O2 -Wall -U_FORTIFY_SOURCE -D_FORTIFY_SOURCE=3 -fstack-protector-strong -funwind-tables -fasynchronous-unwind-tables -fstack-clash-protection -Werror=return-type -g -IVendor/ -O2 -Wall -U_FORTIFY_SOURCE -D_FORTIFY_SOURCE=3 -fstack-protector-strong -funwind-tables -fasynchronous-unwind-tables -fstack-clash-protection -Werror=return-type -flto=auto -g -fPIC -Icrfsuite/include/ -Icrfsuite/lib/cqdb/include -Iliblbfgs/include -Ipycrfsuite -I/usr/include/python3.9 -c -std=c99 crfsuite/lib/crf/src/crf1d_tag.c -o build/temp.linux-riscv64-cpython-39/crfsuite/lib/crf/src/crf1d_tag.o
[  468s] crfsuite/lib/crf/src/crf1d_tag.c: In function ‘crf1dt_state_score’:
[  468s] crfsuite/lib/crf/src/crf1d_tag.c:72:15: warning: unused variable ‘L’ [-Wunused-variable]
[  468s]    72 |     const int L = crf1dt->num_labels;
[  468s]       |               ^
[  469s] gcc -Wno-unused-result -Wsign-compare -DNDEBUG -O2 -Wall -U_FORTIFY_SOURCE -D_FORTIFY_SOURCE=3 -fstack-protector-strong -funwind-tables -fasynchronous-unwind-tables -fstack-clash-protection -Werror=return-type -g -DOPENSSL_LOAD_CONF -fwrapv -fno-semantic-interposition -O2 -Wall -U_FORTIFY_SOURCE -D_FORTIFY_SOURCE=3 -fstack-protector-strong -funwind-tables -fasynchronous-unwind-tables -fstack-clash-protection -Werror=return-type -g -IVendor/ -O2 -Wall -U_FORTIFY_SOURCE -D_FORTIFY_SOURCE=3 -fstack-protector-strong -funwind-tables -fasynchronous-unwind-tables -fstack-clash-protection -Werror=return-type -g -IVendor/ -O2 -Wall -U_FORTIFY_SOURCE -D_FORTIFY_SOURCE=3 -fstack-protector-strong -funwind-tables -fasynchronous-unwind-tables -fstack-clash-protection -Werror=return-type -flto=auto -g -fPIC -Icrfsuite/include/ -Icrfsuite/lib/cqdb/include -Iliblbfgs/include -Ipycrfsuite -I/usr/include/python3.9 -c -std=c99 crfsuite/lib/crf/src/crfsuite.c -o build/temp.linux-riscv64-cpython-39/crfsuite/lib/crf/src/crfsuite.o
[  470s] crfsuite/lib/crf/src/crfsuite.c:322:14: warning: ‘safe_strncpy’ defined but not used [-Wunused-function]
[  470s]   322 | static char *safe_strncpy(char *dst, const char *src, size_t n)
[  470s]       |              ^~~~~~~~~~~~
[  472s] gcc -Wno-unused-result -Wsign-compare -DNDEBUG -O2 -Wall -U_FORTIFY_SOURCE -D_FORTIFY_SOURCE=3 -fstack-protector-strong -funwind-tables -fasynchronous-unwind-tables -fstack-clash-protection -Werror=return-type -g -DOPENSSL_LOAD_CONF -fwrapv -fno-semantic-interposition -O2 -Wall -U_FORTIFY_SOURCE -D_FORTIFY_SOURCE=3 -fstack-protector-strong -funwind-tables -fasynchronous-unwind-tables -fstack-clash-protection -Werror=return-type -g -IVendor/ -O2 -Wall -U_FORTIFY_SOURCE -D_FORTIFY_SOURCE=3 -fstack-protector-strong -funwind-tables -fasynchronous-unwind-tables -fstack-clash-protection -Werror=return-type -g -IVendor/ -O2 -Wall -U_FORTIFY_SOURCE -D_FORTIFY_SOURCE=3 -fstack-protector-strong -funwind-tables -fasynchronous-unwind-tables -fstack-clash-protection -Werror=return-type -flto=auto -g -fPIC -Icrfsuite/include/ -Icrfsuite/lib/cqdb/include -Iliblbfgs/include -Ipycrfsuite -I/usr/include/python3.9 -c -std=c99 crfsuite/lib/crf/src/crfsuite_train.c -o build/temp.linux-riscv64-cpython-39/crfsuite/lib/crf/src/crfsuite_train.o
[  473s] crfsuite/lib/crf/src/crfsuite_train.c: In function ‘crfsuite_train_train’:
[  473s] crfsuite/lib/crf/src/crfsuite_train.c:135:11: warning: unused variable ‘algorithm’ [-Wunused-variable]
[  473s]   135 |     char *algorithm = NULL;
[  473s]       |           ^~~~~~~~~
[  474s] gcc -Wno-unused-result -Wsign-compare -DNDEBUG -O2 -Wall -U_FORTIFY_SOURCE -D_FORTIFY_SOURCE=3 -fstack-protector-strong -funwind-tables -fasynchronous-unwind-tables -fstack-clash-protection -Werror=return-type -g -DOPENSSL_LOAD_CONF -fwrapv -fno-semantic-interposition -O2 -Wall -U_FORTIFY_SOURCE -D_FORTIFY_SOURCE=3 -fstack-protector-strong -funwind-tables -fasynchronous-unwind-tables -fstack-clash-protection -Werror=return-type -g -IVendor/ -O2 -Wall -U_FORTIFY_SOURCE -D_FORTIFY_SOURCE=3 -fstack-protector-strong -funwind-tables -fasynchronous-unwind-tables -fstack-clash-protection -Werror=return-type -g -IVendor/ -O2 -Wall -U_FORTIFY_SOURCE -D_FORTIFY_SOURCE=3 -fstack-protector-strong -funwind-tables -fasynchronous-unwind-tables -fstack-clash-protection -Werror=return-type -flto=auto -g -fPIC -Icrfsuite/include/ -Icrfsuite/lib/cqdb/include -Iliblbfgs/include -Ipycrfsuite -I/usr/include/python3.9 -c -std=c99 crfsuite/lib/crf/src/dataset.c -o build/temp.linux-riscv64-cpython-39/crfsuite/lib/crf/src/dataset.o
[  476s] gcc -Wno-unused-result -Wsign-compare -DNDEBUG -O2 -Wall -U_FORTIFY_SOURCE -D_FORTIFY_SOURCE=3 -fstack-protector-strong -funwind-tables -fasynchronous-unwind-tables -fstack-clash-protection -Werror=return-type -g -DOPENSSL_LOAD_CONF -fwrapv -fno-semantic-interposition -O2 -Wall -U_FORTIFY_SOURCE -D_FORTIFY_SOURCE=3 -fstack-protector-strong -funwind-tables -fasynchronous-unwind-tables -fstack-clash-protection -Werror=return-type -g -IVendor/ -O2 -Wall -U_FORTIFY_SOURCE -D_FORTIFY_SOURCE=3 -fstack-protector-strong -funwind-tables -fasynchronous-unwind-tables -fstack-clash-protection -Werror=return-type -g -IVendor/ -O2 -Wall -U_FORTIFY_SOURCE -D_FORTIFY_SOURCE=3 -fstack-protector-strong -funwind-tables -fasynchronous-unwind-tables -fstack-clash-protection -Werror=return-type -flto=auto -g -fPIC -Icrfsuite/include/ -Icrfsuite/lib/cqdb/include -Iliblbfgs/include -Ipycrfsuite -I/usr/include/python3.9 -c -std=c99 crfsuite/lib/crf/src/dictionary.c -o build/temp.linux-riscv64-cpython-39/crfsuite/lib/crf/src/dictionary.o
[  478s] gcc -Wno-unused-result -Wsign-compare -DNDEBUG -O2 -Wall -U_FORTIFY_SOURCE -D_FORTIFY_SOURCE=3 -fstack-protector-strong -funwind-tables -fasynchronous-unwind-tables -fstack-clash-protection -Werror=return-type -g -DOPENSSL_LOAD_CONF -fwrapv -fno-semantic-interposition -O2 -Wall -U_FORTIFY_SOURCE -D_FORTIFY_SOURCE=3 -fstack-protector-strong -funwind-tables -fasynchronous-unwind-tables -fstack-clash-protection -Werror=return-type -g -IVendor/ -O2 -Wall -U_FORTIFY_SOURCE -D_FORTIFY_SOURCE=3 -fstack-protector-strong -funwind-tables -fasynchronous-unwind-tables -fstack-clash-protection -Werror=return-type -g -IVendor/ -O2 -Wall -U_FORTIFY_SOURCE -D_FORTIFY_SOURCE=3 -fstack-protector-strong -funwind-tables -fasynchronous-unwind-tables -fstack-clash-protection -Werror=return-type -flto=auto -g -fPIC -Icrfsuite/include/ -Icrfsuite/lib/cqdb/include -Iliblbfgs/include -Ipycrfsuite -I/usr/include/python3.9 -c -std=c99 crfsuite/lib/crf/src/holdout.c -o build/temp.linux-riscv64-cpython-39/crfsuite/lib/crf/src/holdout.o
[  480s] gcc -Wno-unused-result -Wsign-compare -DNDEBUG -O2 -Wall -U_FORTIFY_SOURCE -D_FORTIFY_SOURCE=3 -fstack-protector-strong -funwind-tables -fasynchronous-unwind-tables -fstack-clash-protection -Werror=return-type -g -DOPENSSL_LOAD_CONF -fwrapv -fno-semantic-interposition -O2 -Wall -U_FORTIFY_SOURCE -D_FORTIFY_SOURCE=3 -fstack-protector-strong -funwind-tables -fasynchronous-unwind-tables -fstack-clash-protection -Werror=return-type -g -IVendor/ -O2 -Wall -U_FORTIFY_SOURCE -D_FORTIFY_SOURCE=3 -fstack-protector-strong -funwind-tables -fasynchronous-unwind-tables -fstack-clash-protection -Werror=return-type -g -IVendor/ -O2 -Wall -U_FORTIFY_SOURCE -D_FORTIFY_SOURCE=3 -fstack-protector-strong -funwind-tables -fasynchronous-unwind-tables -fstack-clash-protection -Werror=return-type -flto=auto -g -fPIC -Icrfsuite/include/ -Icrfsuite/lib/cqdb/include -Iliblbfgs/include -Ipycrfsuite -I/usr/include/python3.9 -c -std=c99 crfsuite/lib/crf/src/logging.c -o build/temp.linux-riscv64-cpython-39/crfsuite/lib/crf/src/logging.o
[  483s] gcc -Wno-unused-result -Wsign-compare -DNDEBUG -O2 -Wall -U_FORTIFY_SOURCE -D_FORTIFY_SOURCE=3 -fstack-protector-strong -funwind-tables -fasynchronous-unwind-tables -fstack-clash-protection -Werror=return-type -g -DOPENSSL_LOAD_CONF -fwrapv -fno-semantic-interposition -O2 -Wall -U_FORTIFY_SOURCE -D_FORTIFY_SOURCE=3 -fstack-protector-strong -funwind-tables -fasynchronous-unwind-tables -fstack-clash-protection -Werror=return-type -g -IVendor/ -O2 -Wall -U_FORTIFY_SOURCE -D_FORTIFY_SOURCE=3 -fstack-protector-strong -funwind-tables -fasynchronous-unwind-tables -fstack-clash-protection -Werror=return-type -g -IVendor/ -O2 -Wall -U_FORTIFY_SOURCE -D_FORTIFY_SOURCE=3 -fstack-protector-strong -funwind-tables -fasynchronous-unwind-tables -fstack-clash-protection -Werror=return-type -flto=auto -g -fPIC -Icrfsuite/include/ -Icrfsuite/lib/cqdb/include -Iliblbfgs/include -Ipycrfsuite -I/usr/include/python3.9 -c -std=c99 crfsuite/lib/crf/src/params.c -o build/temp.linux-riscv64-cpython-39/crfsuite/lib/crf/src/params.o
[  485s] gcc -Wno-unused-result -Wsign-compare -DNDEBUG -O2 -Wall -U_FORTIFY_SOURCE -D_FORTIFY_SOURCE=3 -fstack-protector-strong -funwind-tables -fasynchronous-unwind-tables -fstack-clash-protection -Werror=return-type -g -DOPENSSL_LOAD_CONF -fwrapv -fno-semantic-interposition -O2 -Wall -U_FORTIFY_SOURCE -D_FORTIFY_SOURCE=3 -fstack-protector-strong -funwind-tables -fasynchronous-unwind-tables -fstack-clash-protection -Werror=return-type -g -IVendor/ -O2 -Wall -U_FORTIFY_SOURCE -D_FORTIFY_SOURCE=3 -fstack-protector-strong -funwind-tables -fasynchronous-unwind-tables -fstack-clash-protection -Werror=return-type -g -IVendor/ -O2 -Wall -U_FORTIFY_SOURCE -D_FORTIFY_SOURCE=3 -fstack-protector-strong -funwind-tables -fasynchronous-unwind-tables -fstack-clash-protection -Werror=return-type -flto=auto -g -fPIC -Icrfsuite/include/ -Icrfsuite/lib/cqdb/include -Iliblbfgs/include -Ipycrfsuite -I/usr/include/python3.9 -c -std=c99 crfsuite/lib/crf/src/quark.c -o build/temp.linux-riscv64-cpython-39/crfsuite/lib/crf/src/quark.o
[  487s] gcc -Wno-unused-result -Wsign-compare -DNDEBUG -O2 -Wall -U_FORTIFY_SOURCE -D_FORTIFY_SOURCE=3 -fstack-protector-strong -funwind-tables -fasynchronous-unwind-tables -fstack-clash-protection -Werror=return-type -g -DOPENSSL_LOAD_CONF -fwrapv -fno-semantic-interposition -O2 -Wall -U_FORTIFY_SOURCE -D_FORTIFY_SOURCE=3 -fstack-protector-strong -funwind-tables -fasynchronous-unwind-tables -fstack-clash-protection -Werror=return-type -g -IVendor/ -O2 -Wall -U_FORTIFY_SOURCE -D_FORTIFY_SOURCE=3 -fstack-protector-strong -funwind-tables -fasynchronous-unwind-tables -fstack-clash-protection -Werror=return-type -g -IVendor/ -O2 -Wall -U_FORTIFY_SOURCE -D_FORTIFY_SOURCE=3 -fstack-protector-strong -funwind-tables -fasynchronous-unwind-tables -fstack-clash-protection -Werror=return-type -flto=auto -g -fPIC -Icrfsuite/include/ -Icrfsuite/lib/cqdb/include -Iliblbfgs/include -Ipycrfsuite -I/usr/include/python3.9 -c -std=c99 crfsuite/lib/crf/src/rumavl.c -o build/temp.linux-riscv64-cpython-39/crfsuite/lib/crf/src/rumavl.o
[  490s] gcc -Wno-unused-result -Wsign-compare -DNDEBUG -O2 -Wall -U_FORTIFY_SOURCE -D_FORTIFY_SOURCE=3 -fstack-protector-strong -funwind-tables -fasynchronous-unwind-tables -fstack-clash-protection -Werror=return-type -g -DOPENSSL_LOAD_CONF -fwrapv -fno-semantic-interposition -O2 -Wall -U_FORTIFY_SOURCE -D_FORTIFY_SOURCE=3 -fstack-protector-strong -funwind-tables -fasynchronous-unwind-tables -fstack-clash-protection -Werror=return-type -g -IVendor/ -O2 -Wall -U_FORTIFY_SOURCE -D_FORTIFY_SOURCE=3 -fstack-protector-strong -funwind-tables -fasynchronous-unwind-tables -fstack-clash-protection -Werror=return-type -g -IVendor/ -O2 -Wall -U_FORTIFY_SOURCE -D_FORTIFY_SOURCE=3 -fstack-protector-strong -funwind-tables -fasynchronous-unwind-tables -fstack-clash-protection -Werror=return-type -flto=auto -g -fPIC -Icrfsuite/include/ -Icrfsuite/lib/cqdb/include -Iliblbfgs/include -Ipycrfsuite -I/usr/include/python3.9 -c -std=c99 crfsuite/lib/crf/src/train_arow.c -o build/temp.linux-riscv64-cpython-39/crfsuite/lib/crf/src/train_arow.o
[  492s] In file included from crfsuite/lib/crf/src/train_arow.c:47:
[  492s] crfsuite/lib/crf/src/vecmath.h: In function ‘_aligned_malloc’:
[  492s] crfsuite/lib/crf/src/vecmath.h:50:15: warning: implicit declaration of function ‘posix_memalign’ [-Wimplicit-function-declaration]
[  492s]    50 |     int ret = posix_memalign(&p, alignment, size);
[  492s]       |               ^~~~~~~~~~~~~~
[  492s] In file included from crfsuite/lib/crf/src/train_arow.c:46:
[  492s] crfsuite/lib/crf/src/train_arow.c: In function ‘exchange_options’:
[  492s] crfsuite/lib/crf/src/params.h:49:13: warning: variable ‘__ret’ set but not used [-Wunused-but-set-variable]
[  492s]    49 |         int __ret = 0; \
[  492s]       |             ^~~~~
[  492s] crfsuite/lib/crf/src/train_arow.c:207:5: note: in expansion of macro ‘BEGIN_PARAM_MAP’
[  492s]   207 |     BEGIN_PARAM_MAP(params, mode)
[  492s]       |     ^~~~~~~~~~~~~~~
[  492s] crfsuite/lib/crf/src/train_arow.c: In function ‘crfsuite_train_arow’:
[  492s] crfsuite/lib/crf/src/train_arow.c:288:20: warning: unused variable ‘norm’ [-Wunused-variable]
[  492s]   288 |         floatval_t norm = 0., sum_loss = 0.;
[  492s]       |                    ^~~~
[  492s] crfsuite/lib/crf/src/train_arow.c:245:16: warning: variable ‘beta’ set but not used [-Wunused-but-set-variable]
[  492s]   245 |     floatval_t beta;
[  492s]       |                ^~~~
[  492s] crfsuite/lib/crf/src/train_arow.c: At top level:
[  492s] crfsuite/lib/crf/src/train_arow.c:200:19: warning: ‘tau2’ defined but not used [-Wunused-function]
[  492s]   200 | static floatval_t tau2(floatval_t cost, floatval_t norm, floatval_t c)
[  492s]       |                   ^~~~
[  492s] crfsuite/lib/crf/src/train_arow.c:195:19: warning: ‘tau1’ defined but not used [-Wunused-function]
[  492s]   195 | static floatval_t tau1(floatval_t cost, floatval_t norm, floatval_t c)
[  492s]       |                   ^~~~
[  492s] crfsuite/lib/crf/src/train_arow.c:190:19: warning: ‘tau0’ defined but not used [-Wunused-function]
[  492s]   190 | static floatval_t tau0(floatval_t cost, floatval_t norm, floatval_t c)
[  492s]       |                   ^~~~
[  492s] crfsuite/lib/crf/src/train_arow.c:185:19: warning: ‘cost_sensitive’ defined but not used [-Wunused-function]
[  492s]   185 | static floatval_t cost_sensitive(floatval_t err, floatval_t d)
[  492s]       |                   ^~~~~~~~~~~~~~
[  492s] crfsuite/lib/crf/src/train_arow.c:180:19: warning: ‘cost_insensitive’ defined but not used [-Wunused-function]
[  492s]   180 | static floatval_t cost_insensitive(floatval_t err, floatval_t d)
[  492s]       |                   ^~~~~~~~~~~~~~~~
[  492s] crfsuite/lib/crf/src/train_arow.c:157:13: warning: ‘delta_add’ defined but not used [-Wunused-function]
[  492s]   157 | static void delta_add(delta_t *dc, floatval_t *w, floatval_t *ws, const floatval_t tau, const floatval_t u)
[  492s]       |             ^~~~~~~~~
[  492s] crfsuite/lib/crf/src/train_arow.c:145:19: warning: ‘delta_norm2’ defined but not used [-Wunused-function]
[  492s]   145 | static floatval_t delta_norm2(delta_t *dc)
[  492s]       |                   ^~~~~~~~~~~
[  494s] gcc -Wno-unused-result -Wsign-compare -DNDEBUG -O2 -Wall -U_FORTIFY_SOURCE -D_FORTIFY_SOURCE=3 -fstack-protector-strong -funwind-tables -fasynchronous-unwind-tables -fstack-clash-protection -Werror=return-type -g -DOPENSSL_LOAD_CONF -fwrapv -fno-semantic-interposition -O2 -Wall -U_FORTIFY_SOURCE -D_FORTIFY_SOURCE=3 -fstack-protector-strong -funwind-tables -fasynchronous-unwind-tables -fstack-clash-protection -Werror=return-type -g -IVendor/ -O2 -Wall -U_FORTIFY_SOURCE -D_FORTIFY_SOURCE=3 -fstack-protector-strong -funwind-tables -fasynchronous-unwind-tables -fstack-clash-protection -Werror=return-type -g -IVendor/ -O2 -Wall -U_FORTIFY_SOURCE -D_FORTIFY_SOURCE=3 -fstack-protector-strong -funwind-tables -fasynchronous-unwind-tables -fstack-clash-protection -Werror=return-type -flto=auto -g -fPIC -Icrfsuite/include/ -Icrfsuite/lib/cqdb/include -Iliblbfgs/include -Ipycrfsuite -I/usr/include/python3.9 -c -std=c99 crfsuite/lib/crf/src/train_averaged_perceptron.c -o build/temp.linux-riscv64-cpython-39/crfsuite/lib/crf/src/train_averaged_perceptron.o
[  495s] In file included from crfsuite/lib/crf/src/train_averaged_perceptron.c:47:
[  495s] crfsuite/lib/crf/src/vecmath.h: In function ‘_aligned_malloc’:
[  495s] crfsuite/lib/crf/src/vecmath.h:50:15: warning: implicit declaration of function ‘posix_memalign’ [-Wimplicit-function-declaration]
[  495s]    50 |     int ret = posix_memalign(&p, alignment, size);
[  495s]       |               ^~~~~~~~~~~~~~
[  495s] In file included from crfsuite/lib/crf/src/train_averaged_perceptron.c:46:
[  495s] crfsuite/lib/crf/src/train_averaged_perceptron.c: In function ‘exchange_options’:
[  495s] crfsuite/lib/crf/src/params.h:49:13: warning: variable ‘__ret’ set but not used [-Wunused-but-set-variable]
[  495s]    49 |         int __ret = 0; \
[  495s]       |             ^~~~~
[  495s] crfsuite/lib/crf/src/train_averaged_perceptron.c:87:5: note: in expansion of macro ‘BEGIN_PARAM_MAP’
[  495s]    87 |     BEGIN_PARAM_MAP(params, mode)
[  495s]       |     ^~~~~~~~~~~~~~~
[  495s] crfsuite/lib/crf/src/train_averaged_perceptron.c: In function ‘crfsuite_train_averaged_perceptron’:
[  495s] crfsuite/lib/crf/src/train_averaged_perceptron.c:155:20: warning: unused variable ‘norm’ [-Wunused-variable]
[  495s]   155 |         floatval_t norm = 0., loss = 0.;
[  495s]       |                    ^~~~
[  497s] gcc -Wno-unused-result -Wsign-compare -DNDEBUG -O2 -Wall -U_FORTIFY_SOURCE -D_FORTIFY_SOURCE=3 -fstack-protector-strong -funwind-tables -fasynchronous-unwind-tables -fstack-clash-protection -Werror=return-type -g -DOPENSSL_LOAD_CONF -fwrapv -fno-semantic-interposition -O2 -Wall -U_FORTIFY_SOURCE -D_FORTIFY_SOURCE=3 -fstack-protector-strong -funwind-tables -fasynchronous-unwind-tables -fstack-clash-protection -Werror=return-type -g -IVendor/ -O2 -Wall -U_FORTIFY_SOURCE -D_FORTIFY_SOURCE=3 -fstack-protector-strong -funwind-tables -fasynchronous-unwind-tables -fstack-clash-protection -Werror=return-type -g -IVendor/ -O2 -Wall -U_FORTIFY_SOURCE -D_FORTIFY_SOURCE=3 -fstack-protector-strong -funwind-tables -fasynchronous-unwind-tables -fstack-clash-protection -Werror=return-type -flto=auto -g -fPIC -Icrfsuite/include/ -Icrfsuite/lib/cqdb/include -Iliblbfgs/include -Ipycrfsuite -I/usr/include/python3.9 -c -std=c99 crfsuite/lib/crf/src/train_l2sgd.c -o build/temp.linux-riscv64-cpython-39/crfsuite/lib/crf/src/train_l2sgd.o
[  498s] In file included from crfsuite/lib/crf/src/train_l2sgd.c:109:
[  498s] crfsuite/lib/crf/src/vecmath.h: In function ‘_aligned_malloc’:
[  498s] crfsuite/lib/crf/src/vecmath.h:50:15: warning: implicit declaration of function ‘posix_memalign’ [-Wimplicit-function-declaration]
[  498s]    50 |     int ret = posix_memalign(&p, alignment, size);
[  498s]       |               ^~~~~~~~~~~~~~
[  498s] crfsuite/lib/crf/src/train_l2sgd.c: In function ‘l2sgd’:
[  498s] crfsuite/lib/crf/src/train_l2sgd.c:152:23: warning: unused variable ‘clk_begin’ [-Wunused-variable]
[  498s]   152 |     clock_t clk_prev, clk_begin = clock();
[  498s]       |                       ^~~~~~~~~
[  498s] In file included from crfsuite/lib/crf/src/train_l2sgd.c:107:
[  498s] crfsuite/lib/crf/src/train_l2sgd.c: In function ‘exchange_options’:
[  498s] crfsuite/lib/crf/src/params.h:49:13: warning: variable ‘__ret’ set but not used [-Wunused-but-set-variable]
[  498s]    49 |         int __ret = 0; \
[  498s]       |             ^~~~~
[  498s] crfsuite/lib/crf/src/train_l2sgd.c:390:5: note: in expansion of macro ‘BEGIN_PARAM_MAP’
[  498s]   390 |     BEGIN_PARAM_MAP(params, mode)
[  498s]       |     ^~~~~~~~~~~~~~~
[  498s] crfsuite/lib/crf/src/train_l2sgd.c: In function ‘crfsuite_train_l2sgd’:
[  498s] crfsuite/lib/crf/src/train_l2sgd.c:454:15: warning: unused variable ‘T’ [-Wunused-variable]
[  498s]   454 |     const int T = gm->cap_items;
[  498s]       |               ^
[  500s] gcc -Wno-unused-result -Wsign-compare -DNDEBUG -O2 -Wall -U_FORTIFY_SOURCE -D_FORTIFY_SOURCE=3 -fstack-protector-strong -funwind-tables -fasynchronous-unwind-tables -fstack-clash-protection -Werror=return-type -g -DOPENSSL_LOAD_CONF -fwrapv -fno-semantic-interposition -O2 -Wall -U_FORTIFY_SOURCE -D_FORTIFY_SOURCE=3 -fstack-protector-strong -funwind-tables -fasynchronous-unwind-tables -fstack-clash-protection -Werror=return-type -g -IVendor/ -O2 -Wall -U_FORTIFY_SOURCE -D_FORTIFY_SOURCE=3 -fstack-protector-strong -funwind-tables -fasynchronous-unwind-tables -fstack-clash-protection -Werror=return-type -g -IVendor/ -O2 -Wall -U_FORTIFY_SOURCE -D_FORTIFY_SOURCE=3 -fstack-protector-strong -funwind-tables -fasynchronous-unwind-tables -fstack-clash-protection -Werror=return-type -flto=auto -g -fPIC -Icrfsuite/include/ -Icrfsuite/lib/cqdb/include -Iliblbfgs/include -Ipycrfsuite -I/usr/include/python3.9 -c -std=c99 crfsuite/lib/crf/src/train_lbfgs.c -o build/temp.linux-riscv64-cpython-39/crfsuite/lib/crf/src/train_lbfgs.o
[  501s] In file included from crfsuite/lib/crf/src/train_lbfgs.c:50:
[  501s] crfsuite/lib/crf/src/vecmath.h: In function ‘_aligned_malloc’:
[  501s] crfsuite/lib/crf/src/vecmath.h:50:15: warning: implicit declaration of function ‘posix_memalign’ [-Wimplicit-function-declaration]
[  501s]    50 |     int ret = posix_memalign(&p, alignment, size);
[  501s]       |               ^~~~~~~~~~~~~~
[  501s] In file included from crfsuite/lib/crf/src/train_lbfgs.c:49:
[  501s] crfsuite/lib/crf/src/train_lbfgs.c: In function ‘exchange_options’:
[  501s] crfsuite/lib/crf/src/params.h:49:13: warning: variable ‘__ret’ set but not used [-Wunused-but-set-variable]
[  501s]    49 |         int __ret = 0; \
[  501s]       |             ^~~~~
[  501s] crfsuite/lib/crf/src/train_lbfgs.c:163:5: note: in expansion of macro ‘BEGIN_PARAM_MAP’
[  501s]   163 |     BEGIN_PARAM_MAP(params, mode)
[  501s]       |     ^~~~~~~~~~~~~~~
[  501s] crfsuite/lib/crf/src/train_lbfgs.c: In function ‘crfsuite_train_lbfgs’:
[  501s] crfsuite/lib/crf/src/train_lbfgs.c:231:15: warning: unused variable ‘A’ [-Wunused-variable]
[  501s]   231 |     const int A =  trainset->data->attrs->num(trainset->data->attrs);
[  501s]       |               ^
[  501s] crfsuite/lib/crf/src/train_lbfgs.c:230:15: warning: unused variable ‘L’ [-Wunused-variable]
[  501s]   230 |     const int L = trainset->data->labels->num(trainset->data->labels);
[  501s]       |               ^
[  501s] crfsuite/lib/crf/src/train_lbfgs.c:229:15: warning: unused variable ‘N’ [-Wunused-variable]
[  501s]   229 |     const int N = trainset->num_instances;
[  501s]       |               ^
[  503s] gcc -Wno-unused-result -Wsign-compare -DNDEBUG -O2 -Wall -U_FORTIFY_SOURCE -D_FORTIFY_SOURCE=3 -fstack-protector-strong -funwind-tables -fasynchronous-unwind-tables -fstack-clash-protection -Werror=return-type -g -DOPENSSL_LOAD_CONF -fwrapv -fno-semantic-interposition -O2 -Wall -U_FORTIFY_SOURCE -D_FORTIFY_SOURCE=3 -fstack-protector-strong -funwind-tables -fasynchronous-unwind-tables -fstack-clash-protection -Werror=return-type -g -IVendor/ -O2 -Wall -U_FORTIFY_SOURCE -D_FORTIFY_SOURCE=3 -fstack-protector-strong -funwind-tables -fasynchronous-unwind-tables -fstack-clash-protection -Werror=return-type -g -IVendor/ -O2 -Wall -U_FORTIFY_SOURCE -D_FORTIFY_SOURCE=3 -fstack-protector-strong -funwind-tables -fasynchronous-unwind-tables -fstack-clash-protection -Werror=return-type -flto=auto -g -fPIC -Icrfsuite/include/ -Icrfsuite/lib/cqdb/include -Iliblbfgs/include -Ipycrfsuite -I/usr/include/python3.9 -c -std=c99 crfsuite/lib/crf/src/train_passive_aggressive.c -o build/temp.linux-riscv64-cpython-39/crfsuite/lib/crf/src/train_passive_aggressive.o
[  504s] In file included from crfsuite/lib/crf/src/train_passive_aggressive.c:47:
[  504s] crfsuite/lib/crf/src/vecmath.h: In function ‘_aligned_malloc’:
[  504s] crfsuite/lib/crf/src/vecmath.h:50:15: warning: implicit declaration of function ‘posix_memalign’ [-Wimplicit-function-declaration]
[  504s]    50 |     int ret = posix_memalign(&p, alignment, size);
[  504s]       |               ^~~~~~~~~~~~~~
[  504s] In file included from crfsuite/lib/crf/src/train_passive_aggressive.c:46:
[  504s] crfsuite/lib/crf/src/train_passive_aggressive.c: In function ‘exchange_options’:
[  504s] crfsuite/lib/crf/src/params.h:49:13: warning: variable ‘__ret’ set but not used [-Wunused-but-set-variable]
[  504s]    49 |         int __ret = 0; \
[  504s]       |             ^~~~~
[  504s] crfsuite/lib/crf/src/train_passive_aggressive.c:209:5: note: in expansion of macro ‘BEGIN_PARAM_MAP’
[  504s]   209 |     BEGIN_PARAM_MAP(params, mode)
[  504s]       |     ^~~~~~~~~~~~~~~
[  504s] crfsuite/lib/crf/src/train_passive_aggressive.c: In function ‘crfsuite_train_passive_aggressive’:
[  504s] crfsuite/lib/crf/src/train_passive_aggressive.c:318:20: warning: unused variable ‘norm’ [-Wunused-variable]
[  504s]   318 |         floatval_t norm = 0., sum_loss = 0.;
[  504s]       |                    ^~~~
[  506s] gcc -Wno-unused-result -Wsign-compare -DNDEBUG -O2 -Wall -U_FORTIFY_SOURCE -D_FORTIFY_SOURCE=3 -fstack-protector-strong -funwind-tables -fasynchronous-unwind-tables -fstack-clash-protection -Werror=return-type -g -DOPENSSL_LOAD_CONF -fwrapv -fno-semantic-interposition -O2 -Wall -U_FORTIFY_SOURCE -D_FORTIFY_SOURCE=3 -fstack-protector-strong -funwind-tables -fasynchronous-unwind-tables -fstack-clash-protection -Werror=return-type -g -IVendor/ -O2 -Wall -U_FORTIFY_SOURCE -D_FORTIFY_SOURCE=3 -fstack-protector-strong -funwind-tables -fasynchronous-unwind-tables -fstack-clash-protection -Werror=return-type -g -IVendor/ -O2 -Wall -U_FORTIFY_SOURCE -D_FORTIFY_SOURCE=3 -fstack-protector-strong -funwind-tables -fasynchronous-unwind-tables -fstack-clash-protection -Werror=return-type -flto=auto -g -fPIC -Icrfsuite/include/ -Icrfsuite/lib/cqdb/include -Iliblbfgs/include -Ipycrfsuite -I/usr/include/python3.9 -c crfsuite/swig/crfsuite.cpp -o build/temp.linux-riscv64-cpython-39/crfsuite/swig/crfsuite.o
[  525s] gcc -Wno-unused-result -Wsign-compare -DNDEBUG -O2 -Wall -U_FORTIFY_SOURCE -D_FORTIFY_SOURCE=3 -fstack-protector-strong -funwind-tables -fasynchronous-unwind-tables -fstack-clash-protection -Werror=return-type -g -DOPENSSL_LOAD_CONF -fwrapv -fno-semantic-interposition -O2 -Wall -U_FORTIFY_SOURCE -D_FORTIFY_SOURCE=3 -fstack-protector-strong -funwind-tables -fasynchronous-unwind-tables -fstack-clash-protection -Werror=return-type -g -IVendor/ -O2 -Wall -U_FORTIFY_SOURCE -D_FORTIFY_SOURCE=3 -fstack-protector-strong -funwind-tables -fasynchronous-unwind-tables -fstack-clash-protection -Werror=return-type -g -IVendor/ -O2 -Wall -U_FORTIFY_SOURCE -D_FORTIFY_SOURCE=3 -fstack-protector-strong -funwind-tables -fasynchronous-unwind-tables -fstack-clash-protection -Werror=return-type -flto=auto -g -fPIC -Icrfsuite/include/ -Icrfsuite/lib/cqdb/include -Iliblbfgs/include -Ipycrfsuite -I/usr/include/python3.9 -c -std=c99 liblbfgs/lib/lbfgs.c -o build/temp.linux-riscv64-cpython-39/liblbfgs/lib/lbfgs.o
[  528s] gcc -Wno-unused-result -Wsign-compare -DNDEBUG -O2 -Wall -U_FORTIFY_SOURCE -D_FORTIFY_SOURCE=3 -fstack-protector-strong -funwind-tables -fasynchronous-unwind-tables -fstack-clash-protection -Werror=return-type -g -DOPENSSL_LOAD_CONF -fwrapv -fno-semantic-interposition -O2 -Wall -U_FORTIFY_SOURCE -D_FORTIFY_SOURCE=3 -fstack-protector-strong -funwind-tables -fasynchronous-unwind-tables -fstack-clash-protection -Werror=return-type -g -IVendor/ -O2 -Wall -U_FORTIFY_SOURCE -D_FORTIFY_SOURCE=3 -fstack-protector-strong -funwind-tables -fasynchronous-unwind-tables -fstack-clash-protection -Werror=return-type -g -IVendor/ -O2 -Wall -U_FORTIFY_SOURCE -D_FORTIFY_SOURCE=3 -fstack-protector-strong -funwind-tables -fasynchronous-unwind-tables -fstack-clash-protection -Werror=return-type -flto=auto -g -fPIC -Icrfsuite/include/ -Icrfsuite/lib/cqdb/include -Iliblbfgs/include -Ipycrfsuite -I/usr/include/python3.9 -c pycrfsuite/_pycrfsuite.cpp -o build/temp.linux-riscv64-cpython-39/pycrfsuite/_pycrfsuite.o
[  572s] gcc -Wno-unused-result -Wsign-compare -DNDEBUG -O2 -Wall -U_FORTIFY_SOURCE -D_FORTIFY_SOURCE=3 -fstack-protector-strong -funwind-tables -fasynchronous-unwind-tables -fstack-clash-protection -Werror=return-type -g -DOPENSSL_LOAD_CONF -fwrapv -fno-semantic-interposition -O2 -Wall -U_FORTIFY_SOURCE -D_FORTIFY_SOURCE=3 -fstack-protector-strong -funwind-tables -fasynchronous-unwind-tables -fstack-clash-protection -Werror=return-type -g -IVendor/ -O2 -Wall -U_FORTIFY_SOURCE -D_FORTIFY_SOURCE=3 -fstack-protector-strong -funwind-tables -fasynchronous-unwind-tables -fstack-clash-protection -Werror=return-type -g -IVendor/ -O2 -Wall -U_FORTIFY_SOURCE -D_FORTIFY_SOURCE=3 -fstack-protector-strong -funwind-tables -fasynchronous-unwind-tables -fstack-clash-protection -Werror=return-type -flto=auto -g -fPIC -Icrfsuite/include/ -Icrfsuite/lib/cqdb/include -Iliblbfgs/include -Ipycrfsuite -I/usr/include/python3.9 -c pycrfsuite/trainer_wrapper.cpp -o build/temp.linux-riscv64-cpython-39/pycrfsuite/trainer_wrapper.o
[  591s] g++ -shared -O2 -Wall -U_FORTIFY_SOURCE -D_FORTIFY_SOURCE=3 -fstack-protector-strong -funwind-tables -fasynchronous-unwind-tables -fstack-clash-protection -Werror=return-type -flto=auto -g build/temp.linux-riscv64-cpython-39/crfsuite/lib/cqdb/src/cqdb.o build/temp.linux-riscv64-cpython-39/crfsuite/lib/cqdb/src/lookup3.o build/temp.linux-riscv64-cpython-39/crfsuite/lib/crf/src/crf1d_context.o build/temp.linux-riscv64-cpython-39/crfsuite/lib/crf/src/crf1d_encode.o build/temp.linux-riscv64-cpython-39/crfsuite/lib/crf/src/crf1d_feature.o build/temp.linux-riscv64-cpython-39/crfsuite/lib/crf/src/crf1d_model.o build/temp.linux-riscv64-cpython-39/crfsuite/lib/crf/src/crf1d_tag.o build/temp.linux-riscv64-cpython-39/crfsuite/lib/crf/src/crfsuite.o build/temp.linux-riscv64-cpython-39/crfsuite/lib/crf/src/crfsuite_train.o build/temp.linux-riscv64-cpython-39/crfsuite/lib/crf/src/dataset.o build/temp.linux-riscv64-cpython-39/crfsuite/lib/crf/src/dictionary.o build/temp.linux-riscv64-cpython-39/crfsuite/lib/crf/src/holdout.o build/temp.linux-riscv64-cpython-39/crfsuite/lib/crf/src/logging.o build/temp.linux-riscv64-cpython-39/crfsuite/lib/crf/src/params.o build/temp.linux-riscv64-cpython-39/crfsuite/lib/crf/src/quark.o build/temp.linux-riscv64-cpython-39/crfsuite/lib/crf/src/rumavl.o build/temp.linux-riscv64-cpython-39/crfsuite/lib/crf/src/train_arow.o build/temp.linux-riscv64-cpython-39/crfsuite/lib/crf/src/train_averaged_perceptron.o build/temp.linux-riscv64-cpython-39/crfsuite/lib/crf/src/train_l2sgd.o build/temp.linux-riscv64-cpython-39/crfsuite/lib/crf/src/train_lbfgs.o build/temp.linux-riscv64-cpython-39/crfsuite/lib/crf/src/train_passive_aggressive.o build/temp.linux-riscv64-cpython-39/crfsuite/swig/crfsuite.o build/temp.linux-riscv64-cpython-39/liblbfgs/lib/lbfgs.o build/temp.linux-riscv64-cpython-39/pycrfsuite/_pycrfsuite.o build/temp.linux-riscv64-cpython-39/pycrfsuite/trainer_wrapper.o -L/usr/lib64 -o build/lib.linux-riscv64-cpython-39/pycrfsuite/_pycrfsuite.cpython-39-riscv64-linux-gnu.so
[  593s] crfsuite/include/crfsuite_api.hpp:184:7: warning: type ‘struct Trainer’ violates the C++ One Definition Rule [-Wodr]
[  593s]   184 | class Trainer {
[  593s]       |       ^
[  593s] crfsuite/include/crfsuite_api.hpp:184:7: note: a different type is defined in another translation unit
[  593s]   184 | class Trainer {
[  593s]       |       ^
[  593s] crfsuite/include/crfsuite_api.hpp:186:22: note: the first difference of corresponding definitions is field ‘data’
[  593s]   186 |     crfsuite_data_t *data;
[  593s]       |                      ^
[  593s] crfsuite/include/crfsuite_api.hpp:186:22: note: a field of same name but different type is defined in another translation unit
[  593s]   186 |     crfsuite_data_t *data;
[  593s]       |                      ^
[  593s] crfsuite/include/crfsuite.h:187:3: note: type name ‘crfsuite_data_t’ should match type name ‘tag_crfsuite_data’
[  593s]   187 | } crfsuite_data_t;
[  593s]       |   ^
[  593s] pycrfsuite/trainer_wrapper.hpp:19:7: warning: type ‘struct Trainer’ violates the C++ One Definition Rule [-Wodr]
[  593s]    19 | class Trainer : public CRFSuite::Trainer
[  593s]       |       ^
[  593s] pycrfsuite/trainer_wrapper.hpp:19:7: note: a type with different bases is defined in another translation unit
[  593s]    19 | class Trainer : public CRFSuite::Trainer
[  593s]       |       ^
[  651s] ++ '[' -f _current_flavor ']'
[  651s] ++ cat _current_flavor
[  651s] + last_flavor=python39
[  651s] + '[' -z python39 ']'
[  651s] + '[' python39 '!=' python311 ']'
[  651s] + '[' -d build ']'
[  651s] + mv build _build.python39
[  651s] + '[' -d _build.python311 ']'
[  651s] + echo python311
[  651s] + python_flavor=python311
[  651s] + /usr/bin/python3.11 setup.py build '--executable=/usr/bin/python3.11 -s'
[  655s] running build
[  655s] running build_py
[  655s] creating build
[  655s] creating build/lib.linux-riscv64-cpython-311
[  655s] creating build/lib.linux-riscv64-cpython-311/pycrfsuite
[  655s] copying pycrfsuite/__init__.py -> build/lib.linux-riscv64-cpython-311/pycrfsuite
[  655s] copying pycrfsuite/_dumpparser.py -> build/lib.linux-riscv64-cpython-311/pycrfsuite
[  655s] copying pycrfsuite/_logparser.py -> build/lib.linux-riscv64-cpython-311/pycrfsuite
[  655s] running build_ext
[  655s] building 'pycrfsuite._pycrfsuite' extension
[  655s] creating build/temp.linux-riscv64-cpython-311
[  655s] creating build/temp.linux-riscv64-cpython-311/crfsuite
[  655s] creating build/temp.linux-riscv64-cpython-311/crfsuite/lib
[  655s] creating build/temp.linux-riscv64-cpython-311/crfsuite/lib/cqdb
[  655s] creating build/temp.linux-riscv64-cpython-311/crfsuite/lib/cqdb/src
[  655s] creating build/temp.linux-riscv64-cpython-311/crfsuite/lib/crf
[  655s] creating build/temp.linux-riscv64-cpython-311/crfsuite/lib/crf/src
[  655s] creating build/temp.linux-riscv64-cpython-311/crfsuite/swig
[  655s] creating build/temp.linux-riscv64-cpython-311/liblbfgs
[  655s] creating build/temp.linux-riscv64-cpython-311/liblbfgs/lib
[  655s] creating build/temp.linux-riscv64-cpython-311/pycrfsuite
[  655s] gcc -Wsign-compare -DNDEBUG -O2 -Wall -U_FORTIFY_SOURCE -D_FORTIFY_SOURCE=3 -fstack-protector-strong -funwind-tables -fasynchronous-unwind-tables -fstack-clash-protection -Werror=return-type -g -DOPENSSL_LOAD_CONF -fwrapv -fno-semantic-interposition -O2 -Wall -U_FORTIFY_SOURCE -D_FORTIFY_SOURCE=3 -fstack-protector-strong -funwind-tables -fasynchronous-unwind-tables -fstack-clash-protection -Werror=return-type -g -IVendor/ -O2 -Wall -U_FORTIFY_SOURCE -D_FORTIFY_SOURCE=3 -fstack-protector-strong -funwind-tables -fasynchronous-unwind-tables -fstack-clash-protection -Werror=return-type -g -IVendor/ -O2 -Wall -U_FORTIFY_SOURCE -D_FORTIFY_SOURCE=3 -fstack-protector-strong -funwind-tables -fasynchronous-unwind-tables -fstack-clash-protection -Werror=return-type -flto=auto -g -fPIC -Icrfsuite/include/ -Icrfsuite/lib/cqdb/include -Iliblbfgs/include -Ipycrfsuite -I/usr/include/python3.11 -c -std=c99 crfsuite/lib/cqdb/src/cqdb.c -o build/temp.linux-riscv64-cpython-311/crfsuite/lib/cqdb/src/cqdb.o
[  657s] crfsuite/lib/cqdb/src/cqdb.c: In function ‘cqdb_to_id’:
[  657s] crfsuite/lib/cqdb/src/cqdb.c:552:26: warning: variable ‘ksize’ set but not used [-Wunused-but-set-variable]
[  657s]   552 |                 uint32_t ksize;
[  657s]       |                          ^~~~~
[  658s] crfsuite/lib/cqdb/src/cqdb.c: In function ‘cqdb_writer_close’:
[  658s] crfsuite/lib/cqdb/src/cqdb.c:270:5: warning: ‘strncpy’ output truncated before terminating nul copying 4 bytes from a string of the same length [-Wstringop-truncation]
[  658s]   270 |     strncpy((char*)header.chunkid, CHUNKID, 4);
[  658s]       |     ^
[  659s] gcc -Wsign-compare -DNDEBUG -O2 -Wall -U_FORTIFY_SOURCE -D_FORTIFY_SOURCE=3 -fstack-protector-strong -funwind-tables -fasynchronous-unwind-tables -fstack-clash-protection -Werror=return-type -g -DOPENSSL_LOAD_CONF -fwrapv -fno-semantic-interposition -O2 -Wall -U_FORTIFY_SOURCE -D_FORTIFY_SOURCE=3 -fstack-protector-strong -funwind-tables -fasynchronous-unwind-tables -fstack-clash-protection -Werror=return-type -g -IVendor/ -O2 -Wall -U_FORTIFY_SOURCE -D_FORTIFY_SOURCE=3 -fstack-protector-strong -funwind-tables -fasynchronous-unwind-tables -fstack-clash-protection -Werror=return-type -g -IVendor/ -O2 -Wall -U_FORTIFY_SOURCE -D_FORTIFY_SOURCE=3 -fstack-protector-strong -funwind-tables -fasynchronous-unwind-tables -fstack-clash-protection -Werror=return-type -flto=auto -g -fPIC -Icrfsuite/include/ -Icrfsuite/lib/cqdb/include -Iliblbfgs/include -Ipycrfsuite -I/usr/include/python3.11 -c -std=c99 crfsuite/lib/cqdb/src/lookup3.c -o build/temp.linux-riscv64-cpython-311/crfsuite/lib/cqdb/src/lookup3.o
[  661s] gcc -Wsign-compare -DNDEBUG -O2 -Wall -U_FORTIFY_SOURCE -D_FORTIFY_SOURCE=3 -fstack-protector-strong -funwind-tables -fasynchronous-unwind-tables -fstack-clash-protection -Werror=return-type -g -DOPENSSL_LOAD_CONF -fwrapv -fno-semantic-interposition -O2 -Wall -U_FORTIFY_SOURCE -D_FORTIFY_SOURCE=3 -fstack-protector-strong -funwind-tables -fasynchronous-unwind-tables -fstack-clash-protection -Werror=return-type -g -IVendor/ -O2 -Wall -U_FORTIFY_SOURCE -D_FORTIFY_SOURCE=3 -fstack-protector-strong -funwind-tables -fasynchronous-unwind-tables -fstack-clash-protection -Werror=return-type -g -IVendor/ -O2 -Wall -U_FORTIFY_SOURCE -D_FORTIFY_SOURCE=3 -fstack-protector-strong -funwind-tables -fasynchronous-unwind-tables -fstack-clash-protection -Werror=return-type -flto=auto -g -fPIC -Icrfsuite/include/ -Icrfsuite/lib/cqdb/include -Iliblbfgs/include -Ipycrfsuite -I/usr/include/python3.11 -c -std=c99 crfsuite/lib/crf/src/crf1d_context.c -o build/temp.linux-riscv64-cpython-311/crfsuite/lib/crf/src/crf1d_context.o
[  662s] In file included from crfsuite/lib/crf/src/crf1d_context.c:47:
[  662s] crfsuite/lib/crf/src/vecmath.h: In function ‘_aligned_malloc’:
[  662s] crfsuite/lib/crf/src/vecmath.h:50:15: warning: implicit declaration of function ‘posix_memalign’ [-Wimplicit-function-declaration]
[  662s]    50 |     int ret = posix_memalign(&p, alignment, size);
[  662s]       |               ^~~~~~~~~~~~~~
[  662s] crfsuite/lib/crf/src/crf1d_context.c: In function ‘crf1dc_new’:
[  662s] crfsuite/lib/crf/src/crf1d_context.c:71:13: warning: suggest parentheses around assignment used as truth value [-Wparentheses]
[  662s]    71 |         if (ret = crf1dc_set_num_items(ctx, T)) {
[  662s]       |             ^~~
[  662s] crfsuite/lib/crf/src/crf1d_context.c: In function ‘crf1dc_score’:
[  662s] crfsuite/lib/crf/src/crf1d_context.c:440:15: warning: unused variable ‘L’ [-Wunused-variable]
[  662s]   440 |     const int L = ctx->num_labels;
[  662s]       |               ^
[  662s] crfsuite/lib/crf/src/crf1d_context.c:438:38: warning: unused variable ‘cur’ [-Wunused-variable]
[  662s]   438 |     const floatval_t *state = NULL, *cur = NULL, *trans = NULL;
[  662s]       |                                      ^~~
[  665s] gcc -Wsign-compare -DNDEBUG -O2 -Wall -U_FORTIFY_SOURCE -D_FORTIFY_SOURCE=3 -fstack-protector-strong -funwind-tables -fasynchronous-unwind-tables -fstack-clash-protection -Werror=return-type -g -DOPENSSL_LOAD_CONF -fwrapv -fno-semantic-interposition -O2 -Wall -U_FORTIFY_SOURCE -D_FORTIFY_SOURCE=3 -fstack-protector-strong -funwind-tables -fasynchronous-unwind-tables -fstack-clash-protection -Werror=return-type -g -IVendor/ -O2 -Wall -U_FORTIFY_SOURCE -D_FORTIFY_SOURCE=3 -fstack-protector-strong -funwind-tables -fasynchronous-unwind-tables -fstack-clash-protection -Werror=return-type -g -IVendor/ -O2 -Wall -U_FORTIFY_SOURCE -D_FORTIFY_SOURCE=3 -fstack-protector-strong -funwind-tables -fasynchronous-unwind-tables -fstack-clash-protection -Werror=return-type -flto=auto -g -fPIC -Icrfsuite/include/ -Icrfsuite/lib/cqdb/include -Iliblbfgs/include -Ipycrfsuite -I/usr/include/python3.11 -c -std=c99 crfsuite/lib/crf/src/crf1d_encode.c -o build/temp.linux-riscv64-cpython-311/crfsuite/lib/crf/src/crf1d_encode.o
[  666s] crfsuite/lib/crf/src/crf1d_encode.c: In function ‘crf1de_state_score’:
[  666s] crfsuite/lib/crf/src/crf1d_encode.c:136:15: warning: unused variable ‘L’ [-Wunused-variable]
[  666s]   136 |     const int L = crf1de->num_labels;
[  666s]       |               ^
[  666s] crfsuite/lib/crf/src/crf1d_encode.c: In function ‘crf1de_state_score_scaled’:
[  666s] crfsuite/lib/crf/src/crf1d_encode.c:172:15: warning: unused variable ‘L’ [-Wunused-variable]
[  666s]   172 |     const int L = crf1de->num_labels;
[  666s]       |               ^
[  666s] crfsuite/lib/crf/src/crf1d_encode.c: In function ‘crf1de_features_on_path’:
[  666s] crfsuite/lib/crf/src/crf1d_encode.c:268:15: warning: unused variable ‘L’ [-Wunused-variable]
[  666s]   268 |     const int L = crf1de->num_labels;
[  666s]       |               ^
[  666s] crfsuite/lib/crf/src/crf1d_encode.c:266:22: warning: unused variable ‘ctx’ [-Wunused-variable]
[  666s]   266 |     crf1d_context_t* ctx = crf1de->ctx;
[  666s]       |                      ^~~
[  666s] crfsuite/lib/crf/src/crf1d_encode.c: In function ‘crf1de_observation_expectation’:
[  666s] crfsuite/lib/crf/src/crf1d_encode.c:321:15: warning: unused variable ‘L’ [-Wunused-variable]
[  666s]   321 |     const int L = crf1de->num_labels;
[  666s]       |               ^
[  666s] crfsuite/lib/crf/src/crf1d_encode.c:319:22: warning: unused variable ‘ctx’ [-Wunused-variable]
[  666s]   319 |     crf1d_context_t* ctx = crf1de->ctx;
[  666s]       |                      ^~~
[  666s] crfsuite/lib/crf/src/crf1d_encode.c: In function ‘crf1de_model_expectation’:
[  666s] crfsuite/lib/crf/src/crf1d_encode.c:372:41: warning: unused variable ‘trans’ [-Wunused-variable]
[  666s]   372 |     const feature_refs_t *attr = NULL, *trans = NULL;
[  666s]       |                                         ^~~~~
[  666s] crfsuite/lib/crf/src/crf1d_encode.c: In function ‘crf1de_save_model’:
[  666s] crfsuite/lib/crf/src/crf1d_encode.c:551:9: warning: suggest parentheses around assignment used as truth value [-Wparentheses]
[  666s]   551 |     if (ret = crf1dmw_open_features(writer)) {
[  666s]       |         ^~~
[  666s] crfsuite/lib/crf/src/crf1d_encode.c:585:17: warning: suggest parentheses around assignment used as truth value [-Wparentheses]
[  666s]   585 |             if (ret = crf1dmw_put_feature(writer, fmap[k], &feat)) {
[  666s]       |                 ^~~
[  666s] crfsuite/lib/crf/src/crf1d_encode.c:592:9: warning: suggest parentheses around assignment used as truth value [-Wparentheses]
[  666s]   592 |     if (ret = crf1dmw_close_features(writer)) {
[  666s]       |         ^~~
[  666s] crfsuite/lib/crf/src/crf1d_encode.c:602:9: warning: suggest parentheses around assignment used as truth value [-Wparentheses]
[  666s]   602 |     if (ret = crf1dmw_open_labels(writer, L)) {
[  666s]       |         ^~~
[  666s] crfsuite/lib/crf/src/crf1d_encode.c:609:17: warning: suggest parentheses around assignment used as truth value [-Wparentheses]
[  666s]   609 |             if (ret = crf1dmw_put_label(writer, l, str)) {
[  666s]       |                 ^~~
[  666s] crfsuite/lib/crf/src/crf1d_encode.c:615:9: warning: suggest parentheses around assignment used as truth value [-Wparentheses]
[  666s]   615 |     if (ret = crf1dmw_close_labels(writer)) {
[  666s]       |         ^~~
[  666s] crfsuite/lib/crf/src/crf1d_encode.c:621:9: warning: suggest parentheses around assignment used as truth value [-Wparentheses]
[  666s]   621 |     if (ret = crf1dmw_open_attrs(writer, B)) {
[  666s]       |         ^~~
[  666s] crfsuite/lib/crf/src/crf1d_encode.c:629:21: warning: suggest parentheses around assignment used as truth value [-Wparentheses]
[  666s]   629 |                 if (ret = crf1dmw_put_attr(writer, amap[a], str)) {
[  666s]       |                     ^~~
[  666s] crfsuite/lib/crf/src/crf1d_encode.c:636:9: warning: suggest parentheses around assignment used as truth value [-Wparentheses]
[  666s]   636 |     if (ret = crf1dmw_close_attrs(writer)) {
[  666s]       |         ^~~
[  666s] crfsuite/lib/crf/src/crf1d_encode.c:642:9: warning: suggest parentheses around assignment used as truth value [-Wparentheses]
[  666s]   642 |     if (ret = crf1dmw_open_labelrefs(writer, L+2)) {
[  666s]       |         ^~~
[  666s] crfsuite/lib/crf/src/crf1d_encode.c:647:13: warning: suggest parentheses around assignment used as truth value [-Wparentheses]
[  666s]   647 |         if (ret = crf1dmw_put_labelref(writer, l, edge, fmap)) {
[  666s]       |             ^~~
[  666s] crfsuite/lib/crf/src/crf1d_encode.c:651:9: warning: suggest parentheses around assignment used as truth value [-Wparentheses]
[  666s]   651 |     if (ret = crf1dmw_close_labelrefs(writer)) {
[  666s]       |         ^~~
[  666s] crfsuite/lib/crf/src/crf1d_encode.c:657:9: warning: suggest parentheses around assignment used as truth value [-Wparentheses]
[  666s]   657 |     if (ret = crf1dmw_open_attrrefs(writer, B)) {
[  666s]       |         ^~~
[  666s] crfsuite/lib/crf/src/crf1d_encode.c:663:17: warning: suggest parentheses around assignment used as truth value [-Wparentheses]
[  666s]   663 |             if (ret = crf1dmw_put_attrref(writer, amap[a], attr, fmap)) {
[  666s]       |                 ^~~
[  666s] crfsuite/lib/crf/src/crf1d_encode.c:668:9: warning: suggest parentheses around assignment used as truth value [-Wparentheses]
[  666s]   668 |     if (ret = crf1dmw_close_attrrefs(writer)) {
[  666s]       |         ^~~
[  666s] crfsuite/lib/crf/src/crf1d_encode.c:508:22: warning: unused variable ‘threshold’ [-Wunused-variable]
[  666s]   508 |     const floatval_t threshold = 0.01;
[  666s]       |                      ^~~~~~~~~
[  666s] In file included from crfsuite/lib/crf/src/crf1d_encode.c:47:
[  666s] crfsuite/lib/crf/src/crf1d_encode.c: In function ‘crf1de_exchange_options’:
[  666s] crfsuite/lib/crf/src/params.h:49:13: warning: variable ‘__ret’ set but not used [-Wunused-but-set-variable]
[  666s]    49 |         int __ret = 0; \
[  666s]       |             ^~~~~
[  666s] crfsuite/lib/crf/src/crf1d_encode.c:696:5: note: in expansion of macro ‘BEGIN_PARAM_MAP’
[  666s]   696 |     BEGIN_PARAM_MAP(params, mode)
[  666s]       |     ^~~~~~~~~~~~~~~
[  666s] crfsuite/lib/crf/src/crf1d_encode.c: In function ‘encoder_viterbi’:
[  666s] crfsuite/lib/crf/src/crf1d_encode.c:897:9: warning: unused variable ‘i’ [-Wunused-variable]
[  666s]   897 |     int i;
[  666s]       |         ^
[  668s] gcc -Wsign-compare -DNDEBUG -O2 -Wall -U_FORTIFY_SOURCE -D_FORTIFY_SOURCE=3 -fstack-protector-strong -funwind-tables -fasynchronous-unwind-tables -fstack-clash-protection -Werror=return-type -g -DOPENSSL_LOAD_CONF -fwrapv -fno-semantic-interposition -O2 -Wall -U_FORTIFY_SOURCE -D_FORTIFY_SOURCE=3 -fstack-protector-strong -funwind-tables -fasynchronous-unwind-tables -fstack-clash-protection -Werror=return-type -g -IVendor/ -O2 -Wall -U_FORTIFY_SOURCE -D_FORTIFY_SOURCE=3 -fstack-protector-strong -funwind-tables -fasynchronous-unwind-tables -fstack-clash-protection -Werror=return-type -g -IVendor/ -O2 -Wall -U_FORTIFY_SOURCE -D_FORTIFY_SOURCE=3 -fstack-protector-strong -funwind-tables -fasynchronous-unwind-tables -fstack-clash-protection -Werror=return-type -flto=auto -g -fPIC -Icrfsuite/include/ -Icrfsuite/lib/cqdb/include -Iliblbfgs/include -Ipycrfsuite -I/usr/include/python3.11 -c -std=c99 crfsuite/lib/crf/src/crf1d_feature.c -o build/temp.linux-riscv64-cpython-311/crfsuite/lib/crf/src/crf1d_feature.o
[  671s] gcc -Wsign-compare -DNDEBUG -O2 -Wall -U_FORTIFY_SOURCE -D_FORTIFY_SOURCE=3 -fstack-protector-strong -funwind-tables -fasynchronous-unwind-tables -fstack-clash-protection -Werror=return-type -g -DOPENSSL_LOAD_CONF -fwrapv -fno-semantic-interposition -O2 -Wall -U_FORTIFY_SOURCE -D_FORTIFY_SOURCE=3 -fstack-protector-strong -funwind-tables -fasynchronous-unwind-tables -fstack-clash-protection -Werror=return-type -g -IVendor/ -O2 -Wall -U_FORTIFY_SOURCE -D_FORTIFY_SOURCE=3 -fstack-protector-strong -funwind-tables -fasynchronous-unwind-tables -fstack-clash-protection -Werror=return-type -g -IVendor/ -O2 -Wall -U_FORTIFY_SOURCE -D_FORTIFY_SOURCE=3 -fstack-protector-strong -funwind-tables -fasynchronous-unwind-tables -fstack-clash-protection -Werror=return-type -flto=auto -g -fPIC -Icrfsuite/include/ -Icrfsuite/lib/cqdb/include -Iliblbfgs/include -Ipycrfsuite -I/usr/include/python3.11 -c -std=c99 crfsuite/lib/crf/src/crf1d_model.c -o build/temp.linux-riscv64-cpython-311/crfsuite/lib/crf/src/crf1d_model.o
[  672s] crfsuite/lib/crf/src/crf1d_model.c: In function ‘crf1dmw_put_labelref’:
[  672s] crfsuite/lib/crf/src/crf1d_model.c:487:21: warning: unused variable ‘offset’ [-Wunused-variable]
[  672s]   487 |     uint32_t n = 0, offset = 0;
[  672s]       |                     ^~~~~~
[  672s] crfsuite/lib/crf/src/crf1d_model.c: In function ‘crf1dmw_put_attrref’:
[  672s] crfsuite/lib/crf/src/crf1d_model.c:594:21: warning: unused variable ‘offset’ [-Wunused-variable]
[  672s]   594 |     uint32_t n = 0, offset = 0;
[  672s]       |                     ^~~~~~
[  672s] crfsuite/lib/crf/src/crf1d_model.c: In function ‘crf1dmw_put_feature’:
[  672s] crfsuite/lib/crf/src/crf1d_model.c:691:13: warning: comparison of integer expressions of different signedness: ‘int’ and ‘uint32_t’ {aka ‘unsigned int’} [-Wsign-compare]
[  672s]   691 |     if (fid != hfeat->num) {
[  672s]       |             ^~
[  674s] gcc -Wsign-compare -DNDEBUG -O2 -Wall -U_FORTIFY_SOURCE -D_FORTIFY_SOURCE=3 -fstack-protector-strong -funwind-tables -fasynchronous-unwind-tables -fstack-clash-protection -Werror=return-type -g -DOPENSSL_LOAD_CONF -fwrapv -fno-semantic-interposition -O2 -Wall -U_FORTIFY_SOURCE -D_FORTIFY_SOURCE=3 -fstack-protector-strong -funwind-tables -fasynchronous-unwind-tables -fstack-clash-protection -Werror=return-type -g -IVendor/ -O2 -Wall -U_FORTIFY_SOURCE -D_FORTIFY_SOURCE=3 -fstack-protector-strong -funwind-tables -fasynchronous-unwind-tables -fstack-clash-protection -Werror=return-type -g -IVendor/ -O2 -Wall -U_FORTIFY_SOURCE -D_FORTIFY_SOURCE=3 -fstack-protector-strong -funwind-tables -fasynchronous-unwind-tables -fstack-clash-protection -Werror=return-type -flto=auto -g -fPIC -Icrfsuite/include/ -Icrfsuite/lib/cqdb/include -Iliblbfgs/include -Ipycrfsuite -I/usr/include/python3.11 -c -std=c99 crfsuite/lib/crf/src/crf1d_tag.c -o build/temp.linux-riscv64-cpython-311/crfsuite/lib/crf/src/crf1d_tag.o
[  676s] crfsuite/lib/crf/src/crf1d_tag.c: In function ‘crf1dt_state_score’:
[  676s] crfsuite/lib/crf/src/crf1d_tag.c:72:15: warning: unused variable ‘L’ [-Wunused-variable]
[  676s]    72 |     const int L = crf1dt->num_labels;
[  676s]       |               ^
[  677s] gcc -Wsign-compare -DNDEBUG -O2 -Wall -U_FORTIFY_SOURCE -D_FORTIFY_SOURCE=3 -fstack-protector-strong -funwind-tables -fasynchronous-unwind-tables -fstack-clash-protection -Werror=return-type -g -DOPENSSL_LOAD_CONF -fwrapv -fno-semantic-interposition -O2 -Wall -U_FORTIFY_SOURCE -D_FORTIFY_SOURCE=3 -fstack-protector-strong -funwind-tables -fasynchronous-unwind-tables -fstack-clash-protection -Werror=return-type -g -IVendor/ -O2 -Wall -U_FORTIFY_SOURCE -D_FORTIFY_SOURCE=3 -fstack-protector-strong -funwind-tables -fasynchronous-unwind-tables -fstack-clash-protection -Werror=return-type -g -IVendor/ -O2 -Wall -U_FORTIFY_SOURCE -D_FORTIFY_SOURCE=3 -fstack-protector-strong -funwind-tables -fasynchronous-unwind-tables -fstack-clash-protection -Werror=return-type -flto=auto -g -fPIC -Icrfsuite/include/ -Icrfsuite/lib/cqdb/include -Iliblbfgs/include -Ipycrfsuite -I/usr/include/python3.11 -c -std=c99 crfsuite/lib/crf/src/crfsuite.c -o build/temp.linux-riscv64-cpython-311/crfsuite/lib/crf/src/crfsuite.o
[  679s] crfsuite/lib/crf/src/crfsuite.c:322:14: warning: ‘safe_strncpy’ defined but not used [-Wunused-function]
[  679s]   322 | static char *safe_strncpy(char *dst, const char *src, size_t n)
[  679s]       |              ^~~~~~~~~~~~
[  680s] gcc -Wsign-compare -DNDEBUG -O2 -Wall -U_FORTIFY_SOURCE -D_FORTIFY_SOURCE=3 -fstack-protector-strong -funwind-tables -fasynchronous-unwind-tables -fstack-clash-protection -Werror=return-type -g -DOPENSSL_LOAD_CONF -fwrapv -fno-semantic-interposition -O2 -Wall -U_FORTIFY_SOURCE -D_FORTIFY_SOURCE=3 -fstack-protector-strong -funwind-tables -fasynchronous-unwind-tables -fstack-clash-protection -Werror=return-type -g -IVendor/ -O2 -Wall -U_FORTIFY_SOURCE -D_FORTIFY_SOURCE=3 -fstack-protector-strong -funwind-tables -fasynchronous-unwind-tables -fstack-clash-protection -Werror=return-type -g -IVendor/ -O2 -Wall -U_FORTIFY_SOURCE -D_FORTIFY_SOURCE=3 -fstack-protector-strong -funwind-tables -fasynchronous-unwind-tables -fstack-clash-protection -Werror=return-type -flto=auto -g -fPIC -Icrfsuite/include/ -Icrfsuite/lib/cqdb/include -Iliblbfgs/include -Ipycrfsuite -I/usr/include/python3.11 -c -std=c99 crfsuite/lib/crf/src/crfsuite_train.c -o build/temp.linux-riscv64-cpython-311/crfsuite/lib/crf/src/crfsuite_train.o
[  681s] crfsuite/lib/crf/src/crfsuite_train.c: In function ‘crfsuite_train_train’:
[  681s] crfsuite/lib/crf/src/crfsuite_train.c:135:11: warning: unused variable ‘algorithm’ [-Wunused-variable]
[  681s]   135 |     char *algorithm = NULL;
[  681s]       |           ^~~~~~~~~
[  683s] gcc -Wsign-compare -DNDEBUG -O2 -Wall -U_FORTIFY_SOURCE -D_FORTIFY_SOURCE=3 -fstack-protector-strong -funwind-tables -fasynchronous-unwind-tables -fstack-clash-protection -Werror=return-type -g -DOPENSSL_LOAD_CONF -fwrapv -fno-semantic-interposition -O2 -Wall -U_FORTIFY_SOURCE -D_FORTIFY_SOURCE=3 -fstack-protector-strong -funwind-tables -fasynchronous-unwind-tables -fstack-clash-protection -Werror=return-type -g -IVendor/ -O2 -Wall -U_FORTIFY_SOURCE -D_FORTIFY_SOURCE=3 -fstack-protector-strong -funwind-tables -fasynchronous-unwind-tables -fstack-clash-protection -Werror=return-type -g -IVendor/ -O2 -Wall -U_FORTIFY_SOURCE -D_FORTIFY_SOURCE=3 -fstack-protector-strong -funwind-tables -fasynchronous-unwind-tables -fstack-clash-protection -Werror=return-type -flto=auto -g -fPIC -Icrfsuite/include/ -Icrfsuite/lib/cqdb/include -Iliblbfgs/include -Ipycrfsuite -I/usr/include/python3.11 -c -std=c99 crfsuite/lib/crf/src/dataset.c -o build/temp.linux-riscv64-cpython-311/crfsuite/lib/crf/src/dataset.o
[  685s] gcc -Wsign-compare -DNDEBUG -O2 -Wall -U_FORTIFY_SOURCE -D_FORTIFY_SOURCE=3 -fstack-protector-strong -funwind-tables -fasynchronous-unwind-tables -fstack-clash-protection -Werror=return-type -g -DOPENSSL_LOAD_CONF -fwrapv -fno-semantic-interposition -O2 -Wall -U_FORTIFY_SOURCE -D_FORTIFY_SOURCE=3 -fstack-protector-strong -funwind-tables -fasynchronous-unwind-tables -fstack-clash-protection -Werror=return-type -g -IVendor/ -O2 -Wall -U_FORTIFY_SOURCE -D_FORTIFY_SOURCE=3 -fstack-protector-strong -funwind-tables -fasynchronous-unwind-tables -fstack-clash-protection -Werror=return-type -g -IVendor/ -O2 -Wall -U_FORTIFY_SOURCE -D_FORTIFY_SOURCE=3 -fstack-protector-strong -funwind-tables -fasynchronous-unwind-tables -fstack-clash-protection -Werror=return-type -flto=auto -g -fPIC -Icrfsuite/include/ -Icrfsuite/lib/cqdb/include -Iliblbfgs/include -Ipycrfsuite -I/usr/include/python3.11 -c -std=c99 crfsuite/lib/crf/src/dictionary.c -o build/temp.linux-riscv64-cpython-311/crfsuite/lib/crf/src/dictionary.o
[  687s] gcc -Wsign-compare -DNDEBUG -O2 -Wall -U_FORTIFY_SOURCE -D_FORTIFY_SOURCE=3 -fstack-protector-strong -funwind-tables -fasynchronous-unwind-tables -fstack-clash-protection -Werror=return-type -g -DOPENSSL_LOAD_CONF -fwrapv -fno-semantic-interposition -O2 -Wall -U_FORTIFY_SOURCE -D_FORTIFY_SOURCE=3 -fstack-protector-strong -funwind-tables -fasynchronous-unwind-tables -fstack-clash-protection -Werror=return-type -g -IVendor/ -O2 -Wall -U_FORTIFY_SOURCE -D_FORTIFY_SOURCE=3 -fstack-protector-strong -funwind-tables -fasynchronous-unwind-tables -fstack-clash-protection -Werror=return-type -g -IVendor/ -O2 -Wall -U_FORTIFY_SOURCE -D_FORTIFY_SOURCE=3 -fstack-protector-strong -funwind-tables -fasynchronous-unwind-tables -fstack-clash-protection -Werror=return-type -flto=auto -g -fPIC -Icrfsuite/include/ -Icrfsuite/lib/cqdb/include -Iliblbfgs/include -Ipycrfsuite -I/usr/include/python3.11 -c -std=c99 crfsuite/lib/crf/src/holdout.c -o build/temp.linux-riscv64-cpython-311/crfsuite/lib/crf/src/holdout.o
[  689s] gcc -Wsign-compare -DNDEBUG -O2 -Wall -U_FORTIFY_SOURCE -D_FORTIFY_SOURCE=3 -fstack-protector-strong -funwind-tables -fasynchronous-unwind-tables -fstack-clash-protection -Werror=return-type -g -DOPENSSL_LOAD_CONF -fwrapv -fno-semantic-interposition -O2 -Wall -U_FORTIFY_SOURCE -D_FORTIFY_SOURCE=3 -fstack-protector-strong -funwind-tables -fasynchronous-unwind-tables -fstack-clash-protection -Werror=return-type -g -IVendor/ -O2 -Wall -U_FORTIFY_SOURCE -D_FORTIFY_SOURCE=3 -fstack-protector-strong -funwind-tables -fasynchronous-unwind-tables -fstack-clash-protection -Werror=return-type -g -IVendor/ -O2 -Wall -U_FORTIFY_SOURCE -D_FORTIFY_SOURCE=3 -fstack-protector-strong -funwind-tables -fasynchronous-unwind-tables -fstack-clash-protection -Werror=return-type -flto=auto -g -fPIC -Icrfsuite/include/ -Icrfsuite/lib/cqdb/include -Iliblbfgs/include -Ipycrfsuite -I/usr/include/python3.11 -c -std=c99 crfsuite/lib/crf/src/logging.c -o build/temp.linux-riscv64-cpython-311/crfsuite/lib/crf/src/logging.o
[  691s] gcc -Wsign-compare -DNDEBUG -O2 -Wall -U_FORTIFY_SOURCE -D_FORTIFY_SOURCE=3 -fstack-protector-strong -funwind-tables -fasynchronous-unwind-tables -fstack-clash-protection -Werror=return-type -g -DOPENSSL_LOAD_CONF -fwrapv -fno-semantic-interposition -O2 -Wall -U_FORTIFY_SOURCE -D_FORTIFY_SOURCE=3 -fstack-protector-strong -funwind-tables -fasynchronous-unwind-tables -fstack-clash-protection -Werror=return-type -g -IVendor/ -O2 -Wall -U_FORTIFY_SOURCE -D_FORTIFY_SOURCE=3 -fstack-protector-strong -funwind-tables -fasynchronous-unwind-tables -fstack-clash-protection -Werror=return-type -g -IVendor/ -O2 -Wall -U_FORTIFY_SOURCE -D_FORTIFY_SOURCE=3 -fstack-protector-strong -funwind-tables -fasynchronous-unwind-tables -fstack-clash-protection -Werror=return-type -flto=auto -g -fPIC -Icrfsuite/include/ -Icrfsuite/lib/cqdb/include -Iliblbfgs/include -Ipycrfsuite -I/usr/include/python3.11 -c -std=c99 crfsuite/lib/crf/src/params.c -o build/temp.linux-riscv64-cpython-311/crfsuite/lib/crf/src/params.o
[  694s] gcc -Wsign-compare -DNDEBUG -O2 -Wall -U_FORTIFY_SOURCE -D_FORTIFY_SOURCE=3 -fstack-protector-strong -funwind-tables -fasynchronous-unwind-tables -fstack-clash-protection -Werror=return-type -g -DOPENSSL_LOAD_CONF -fwrapv -fno-semantic-interposition -O2 -Wall -U_FORTIFY_SOURCE -D_FORTIFY_SOURCE=3 -fstack-protector-strong -funwind-tables -fasynchronous-unwind-tables -fstack-clash-protection -Werror=return-type -g -IVendor/ -O2 -Wall -U_FORTIFY_SOURCE -D_FORTIFY_SOURCE=3 -fstack-protector-strong -funwind-tables -fasynchronous-unwind-tables -fstack-clash-protection -Werror=return-type -g -IVendor/ -O2 -Wall -U_FORTIFY_SOURCE -D_FORTIFY_SOURCE=3 -fstack-protector-strong -funwind-tables -fasynchronous-unwind-tables -fstack-clash-protection -Werror=return-type -flto=auto -g -fPIC -Icrfsuite/include/ -Icrfsuite/lib/cqdb/include -Iliblbfgs/include -Ipycrfsuite -I/usr/include/python3.11 -c -std=c99 crfsuite/lib/crf/src/quark.c -o build/temp.linux-riscv64-cpython-311/crfsuite/lib/crf/src/quark.o
[  696s] gcc -Wsign-compare -DNDEBUG -O2 -Wall -U_FORTIFY_SOURCE -D_FORTIFY_SOURCE=3 -fstack-protector-strong -funwind-tables -fasynchronous-unwind-tables -fstack-clash-protection -Werror=return-type -g -DOPENSSL_LOAD_CONF -fwrapv -fno-semantic-interposition -O2 -Wall -U_FORTIFY_SOURCE -D_FORTIFY_SOURCE=3 -fstack-protector-strong -funwind-tables -fasynchronous-unwind-tables -fstack-clash-protection -Werror=return-type -g -IVendor/ -O2 -Wall -U_FORTIFY_SOURCE -D_FORTIFY_SOURCE=3 -fstack-protector-strong -funwind-tables -fasynchronous-unwind-tables -fstack-clash-protection -Werror=return-type -g -IVendor/ -O2 -Wall -U_FORTIFY_SOURCE -D_FORTIFY_SOURCE=3 -fstack-protector-strong -funwind-tables -fasynchronous-unwind-tables -fstack-clash-protection -Werror=return-type -flto=auto -g -fPIC -Icrfsuite/include/ -Icrfsuite/lib/cqdb/include -Iliblbfgs/include -Ipycrfsuite -I/usr/include/python3.11 -c -std=c99 crfsuite/lib/crf/src/rumavl.c -o build/temp.linux-riscv64-cpython-311/crfsuite/lib/crf/src/rumavl.o
[  699s] gcc -Wsign-compare -DNDEBUG -O2 -Wall -U_FORTIFY_SOURCE -D_FORTIFY_SOURCE=3 -fstack-protector-strong -funwind-tables -fasynchronous-unwind-tables -fstack-clash-protection -Werror=return-type -g -DOPENSSL_LOAD_CONF -fwrapv -fno-semantic-interposition -O2 -Wall -U_FORTIFY_SOURCE -D_FORTIFY_SOURCE=3 -fstack-protector-strong -funwind-tables -fasynchronous-unwind-tables -fstack-clash-protection -Werror=return-type -g -IVendor/ -O2 -Wall -U_FORTIFY_SOURCE -D_FORTIFY_SOURCE=3 -fstack-protector-strong -funwind-tables -fasynchronous-unwind-tables -fstack-clash-protection -Werror=return-type -g -IVendor/ -O2 -Wall -U_FORTIFY_SOURCE -D_FORTIFY_SOURCE=3 -fstack-protector-strong -funwind-tables -fasynchronous-unwind-tables -fstack-clash-protection -Werror=return-type -flto=auto -g -fPIC -Icrfsuite/include/ -Icrfsuite/lib/cqdb/include -Iliblbfgs/include -Ipycrfsuite -I/usr/include/python3.11 -c -std=c99 crfsuite/lib/crf/src/train_arow.c -o build/temp.linux-riscv64-cpython-311/crfsuite/lib/crf/src/train_arow.o
[  701s] In file included from crfsuite/lib/crf/src/train_arow.c:47:
[  701s] crfsuite/lib/crf/src/vecmath.h: In function ‘_aligned_malloc’:
[  701s] crfsuite/lib/crf/src/vecmath.h:50:15: warning: implicit declaration of function ‘posix_memalign’ [-Wimplicit-function-declaration]
[  701s]    50 |     int ret = posix_memalign(&p, alignment, size);
[  701s]       |               ^~~~~~~~~~~~~~
[  701s] In file included from crfsuite/lib/crf/src/train_arow.c:46:
[  701s] crfsuite/lib/crf/src/train_arow.c: In function ‘exchange_options’:
[  701s] crfsuite/lib/crf/src/params.h:49:13: warning: variable ‘__ret’ set but not used [-Wunused-but-set-variable]
[  701s]    49 |         int __ret = 0; \
[  701s]       |             ^~~~~
[  701s] crfsuite/lib/crf/src/train_arow.c:207:5: note: in expansion of macro ‘BEGIN_PARAM_MAP’
[  701s]   207 |     BEGIN_PARAM_MAP(params, mode)
[  701s]       |     ^~~~~~~~~~~~~~~
[  701s] crfsuite/lib/crf/src/train_arow.c: In function ‘crfsuite_train_arow’:
[  701s] crfsuite/lib/crf/src/train_arow.c:288:20: warning: unused variable ‘norm’ [-Wunused-variable]
[  701s]   288 |         floatval_t norm = 0., sum_loss = 0.;
[  701s]       |                    ^~~~
[  701s] crfsuite/lib/crf/src/train_arow.c:245:16: warning: variable ‘beta’ set but not used [-Wunused-but-set-variable]
[  701s]   245 |     floatval_t beta;
[  701s]       |                ^~~~
[  701s] crfsuite/lib/crf/src/train_arow.c: At top level:
[  701s] crfsuite/lib/crf/src/train_arow.c:200:19: warning: ‘tau2’ defined but not used [-Wunused-function]
[  701s]   200 | static floatval_t tau2(floatval_t cost, floatval_t norm, floatval_t c)
[  701s]       |                   ^~~~
[  701s] crfsuite/lib/crf/src/train_arow.c:195:19: warning: ‘tau1’ defined but not used [-Wunused-function]
[  701s]   195 | static floatval_t tau1(floatval_t cost, floatval_t norm, floatval_t c)
[  701s]       |                   ^~~~
[  701s] crfsuite/lib/crf/src/train_arow.c:190:19: warning: ‘tau0’ defined but not used [-Wunused-function]
[  701s]   190 | static floatval_t tau0(floatval_t cost, floatval_t norm, floatval_t c)
[  701s]       |                   ^~~~
[  701s] crfsuite/lib/crf/src/train_arow.c:185:19: warning: ‘cost_sensitive’ defined but not used [-Wunused-function]
[  701s]   185 | static floatval_t cost_sensitive(floatval_t err, floatval_t d)
[  701s]       |                   ^~~~~~~~~~~~~~
[  701s] crfsuite/lib/crf/src/train_arow.c:180:19: warning: ‘cost_insensitive’ defined but not used [-Wunused-function]
[  701s]   180 | static floatval_t cost_insensitive(floatval_t err, floatval_t d)
[  701s]       |                   ^~~~~~~~~~~~~~~~
[  701s] crfsuite/lib/crf/src/train_arow.c:157:13: warning: ‘delta_add’ defined but not used [-Wunused-function]
[  701s]   157 | static void delta_add(delta_t *dc, floatval_t *w, floatval_t *ws, const floatval_t tau, const floatval_t u)
[  701s]       |             ^~~~~~~~~
[  701s] crfsuite/lib/crf/src/train_arow.c:145:19: warning: ‘delta_norm2’ defined but not used [-Wunused-function]
[  701s]   145 | static floatval_t delta_norm2(delta_t *dc)
[  701s]       |                   ^~~~~~~~~~~
[  702s] gcc -Wsign-compare -DNDEBUG -O2 -Wall -U_FORTIFY_SOURCE -D_FORTIFY_SOURCE=3 -fstack-protector-strong -funwind-tables -fasynchronous-unwind-tables -fstack-clash-protection -Werror=return-type -g -DOPENSSL_LOAD_CONF -fwrapv -fno-semantic-interposition -O2 -Wall -U_FORTIFY_SOURCE -D_FORTIFY_SOURCE=3 -fstack-protector-strong -funwind-tables -fasynchronous-unwind-tables -fstack-clash-protection -Werror=return-type -g -IVendor/ -O2 -Wall -U_FORTIFY_SOURCE -D_FORTIFY_SOURCE=3 -fstack-protector-strong -funwind-tables -fasynchronous-unwind-tables -fstack-clash-protection -Werror=return-type -g -IVendor/ -O2 -Wall -U_FORTIFY_SOURCE -D_FORTIFY_SOURCE=3 -fstack-protector-strong -funwind-tables -fasynchronous-unwind-tables -fstack-clash-protection -Werror=return-type -flto=auto -g -fPIC -Icrfsuite/include/ -Icrfsuite/lib/cqdb/include -Iliblbfgs/include -Ipycrfsuite -I/usr/include/python3.11 -c -std=c99 crfsuite/lib/crf/src/train_averaged_perceptron.c -o build/temp.linux-riscv64-cpython-311/crfsuite/lib/crf/src/train_averaged_perceptron.o
[  704s] In file included from crfsuite/lib/crf/src/train_averaged_perceptron.c:47:
[  704s] crfsuite/lib/crf/src/vecmath.h: In function ‘_aligned_malloc’:
[  704s] crfsuite/lib/crf/src/vecmath.h:50:15: warning: implicit declaration of function ‘posix_memalign’ [-Wimplicit-function-declaration]
[  704s]    50 |     int ret = posix_memalign(&p, alignment, size);
[  704s]       |               ^~~~~~~~~~~~~~
[  704s] In file included from crfsuite/lib/crf/src/train_averaged_perceptron.c:46:
[  704s] crfsuite/lib/crf/src/train_averaged_perceptron.c: In function ‘exchange_options’:
[  704s] crfsuite/lib/crf/src/params.h:49:13: warning: variable ‘__ret’ set but not used [-Wunused-but-set-variable]
[  704s]    49 |         int __ret = 0; \
[  704s]       |             ^~~~~
[  704s] crfsuite/lib/crf/src/train_averaged_perceptron.c:87:5: note: in expansion of macro ‘BEGIN_PARAM_MAP’
[  704s]    87 |     BEGIN_PARAM_MAP(params, mode)
[  704s]       |     ^~~~~~~~~~~~~~~
[  704s] crfsuite/lib/crf/src/train_averaged_perceptron.c: In function ‘crfsuite_train_averaged_perceptron’:
[  704s] crfsuite/lib/crf/src/train_averaged_perceptron.c:155:20: warning: unused variable ‘norm’ [-Wunused-variable]
[  704s]   155 |         floatval_t norm = 0., loss = 0.;
[  704s]       |                    ^~~~
[  705s] gcc -Wsign-compare -DNDEBUG -O2 -Wall -U_FORTIFY_SOURCE -D_FORTIFY_SOURCE=3 -fstack-protector-strong -funwind-tables -fasynchronous-unwind-tables -fstack-clash-protection -Werror=return-type -g -DOPENSSL_LOAD_CONF -fwrapv -fno-semantic-interposition -O2 -Wall -U_FORTIFY_SOURCE -D_FORTIFY_SOURCE=3 -fstack-protector-strong -funwind-tables -fasynchronous-unwind-tables -fstack-clash-protection -Werror=return-type -g -IVendor/ -O2 -Wall -U_FORTIFY_SOURCE -D_FORTIFY_SOURCE=3 -fstack-protector-strong -funwind-tables -fasynchronous-unwind-tables -fstack-clash-protection -Werror=return-type -g -IVendor/ -O2 -Wall -U_FORTIFY_SOURCE -D_FORTIFY_SOURCE=3 -fstack-protector-strong -funwind-tables -fasynchronous-unwind-tables -fstack-clash-protection -Werror=return-type -flto=auto -g -fPIC -Icrfsuite/include/ -Icrfsuite/lib/cqdb/include -Iliblbfgs/include -Ipycrfsuite -I/usr/include/python3.11 -c -std=c99 crfsuite/lib/crf/src/train_l2sgd.c -o build/temp.linux-riscv64-cpython-311/crfsuite/lib/crf/src/train_l2sgd.o
[  706s] In file included from crfsuite/lib/crf/src/train_l2sgd.c:109:
[  706s] crfsuite/lib/crf/src/vecmath.h: In function ‘_aligned_malloc’:
[  706s] crfsuite/lib/crf/src/vecmath.h:50:15: warning: implicit declaration of function ‘posix_memalign’ [-Wimplicit-function-declaration]
[  706s]    50 |     int ret = posix_memalign(&p, alignment, size);
[  706s]       |               ^~~~~~~~~~~~~~
[  706s] crfsuite/lib/crf/src/train_l2sgd.c: In function ‘l2sgd’:
[  706s] crfsuite/lib/crf/src/train_l2sgd.c:152:23: warning: unused variable ‘clk_begin’ [-Wunused-variable]
[  706s]   152 |     clock_t clk_prev, clk_begin = clock();
[  706s]       |                       ^~~~~~~~~
[  706s] In file included from crfsuite/lib/crf/src/train_l2sgd.c:107:
[  706s] crfsuite/lib/crf/src/train_l2sgd.c: In function ‘exchange_options’:
[  706s] crfsuite/lib/crf/src/params.h:49:13: warning: variable ‘__ret’ set but not used [-Wunused-but-set-variable]
[  706s]    49 |         int __ret = 0; \
[  706s]       |             ^~~~~
[  706s] crfsuite/lib/crf/src/train_l2sgd.c:390:5: note: in expansion of macro ‘BEGIN_PARAM_MAP’
[  706s]   390 |     BEGIN_PARAM_MAP(params, mode)
[  706s]       |     ^~~~~~~~~~~~~~~
[  706s] crfsuite/lib/crf/src/train_l2sgd.c: In function ‘crfsuite_train_l2sgd’:
[  706s] crfsuite/lib/crf/src/train_l2sgd.c:454:15: warning: unused variable ‘T’ [-Wunused-variable]
[  706s]   454 |     const int T = gm->cap_items;
[  706s]       |               ^
[  708s] gcc -Wsign-compare -DNDEBUG -O2 -Wall -U_FORTIFY_SOURCE -D_FORTIFY_SOURCE=3 -fstack-protector-strong -funwind-tables -fasynchronous-unwind-tables -fstack-clash-protection -Werror=return-type -g -DOPENSSL_LOAD_CONF -fwrapv -fno-semantic-interposition -O2 -Wall -U_FORTIFY_SOURCE -D_FORTIFY_SOURCE=3 -fstack-protector-strong -funwind-tables -fasynchronous-unwind-tables -fstack-clash-protection -Werror=return-type -g -IVendor/ -O2 -Wall -U_FORTIFY_SOURCE -D_FORTIFY_SOURCE=3 -fstack-protector-strong -funwind-tables -fasynchronous-unwind-tables -fstack-clash-protection -Werror=return-type -g -IVendor/ -O2 -Wall -U_FORTIFY_SOURCE -D_FORTIFY_SOURCE=3 -fstack-protector-strong -funwind-tables -fasynchronous-unwind-tables -fstack-clash-protection -Werror=return-type -flto=auto -g -fPIC -Icrfsuite/include/ -Icrfsuite/lib/cqdb/include -Iliblbfgs/include -Ipycrfsuite -I/usr/include/python3.11 -c -std=c99 crfsuite/lib/crf/src/train_lbfgs.c -o build/temp.linux-riscv64-cpython-311/crfsuite/lib/crf/src/train_lbfgs.o
[  709s] In file included from crfsuite/lib/crf/src/train_lbfgs.c:50:
[  709s] crfsuite/lib/crf/src/vecmath.h: In function ‘_aligned_malloc’:
[  709s] crfsuite/lib/crf/src/vecmath.h:50:15: warning: implicit declaration of function ‘posix_memalign’ [-Wimplicit-function-declaration]
[  709s]    50 |     int ret = posix_memalign(&p, alignment, size);
[  709s]       |               ^~~~~~~~~~~~~~
[  709s] In file included from crfsuite/lib/crf/src/train_lbfgs.c:49:
[  709s] crfsuite/lib/crf/src/train_lbfgs.c: In function ‘exchange_options’:
[  709s] crfsuite/lib/crf/src/params.h:49:13: warning: variable ‘__ret’ set but not used [-Wunused-but-set-variable]
[  709s]    49 |         int __ret = 0; \
[  709s]       |             ^~~~~
[  709s] crfsuite/lib/crf/src/train_lbfgs.c:163:5: note: in expansion of macro ‘BEGIN_PARAM_MAP’
[  709s]   163 |     BEGIN_PARAM_MAP(params, mode)
[  709s]       |     ^~~~~~~~~~~~~~~
[  709s] crfsuite/lib/crf/src/train_lbfgs.c: In function ‘crfsuite_train_lbfgs’:
[  709s] crfsuite/lib/crf/src/train_lbfgs.c:231:15: warning: unused variable ‘A’ [-Wunused-variable]
[  709s]   231 |     const int A =  trainset->data->attrs->num(trainset->data->attrs);
[  709s]       |               ^
[  709s] crfsuite/lib/crf/src/train_lbfgs.c:230:15: warning: unused variable ‘L’ [-Wunused-variable]
[  709s]   230 |     const int L = trainset->data->labels->num(trainset->data->labels);
[  709s]       |               ^
[  709s] crfsuite/lib/crf/src/train_lbfgs.c:229:15: warning: unused variable ‘N’ [-Wunused-variable]
[  709s]   229 |     const int N = trainset->num_instances;
[  709s]       |               ^
[  710s] gcc -Wsign-compare -DNDEBUG -O2 -Wall -U_FORTIFY_SOURCE -D_FORTIFY_SOURCE=3 -fstack-protector-strong -funwind-tables -fasynchronous-unwind-tables -fstack-clash-protection -Werror=return-type -g -DOPENSSL_LOAD_CONF -fwrapv -fno-semantic-interposition -O2 -Wall -U_FORTIFY_SOURCE -D_FORTIFY_SOURCE=3 -fstack-protector-strong -funwind-tables -fasynchronous-unwind-tables -fstack-clash-protection -Werror=return-type -g -IVendor/ -O2 -Wall -U_FORTIFY_SOURCE -D_FORTIFY_SOURCE=3 -fstack-protector-strong -funwind-tables -fasynchronous-unwind-tables -fstack-clash-protection -Werror=return-type -g -IVendor/ -O2 -Wall -U_FORTIFY_SOURCE -D_FORTIFY_SOURCE=3 -fstack-protector-strong -funwind-tables -fasynchronous-unwind-tables -fstack-clash-protection -Werror=return-type -flto=auto -g -fPIC -Icrfsuite/include/ -Icrfsuite/lib/cqdb/include -Iliblbfgs/include -Ipycrfsuite -I/usr/include/python3.11 -c -std=c99 crfsuite/lib/crf/src/train_passive_aggressive.c -o build/temp.linux-riscv64-cpython-311/crfsuite/lib/crf/src/train_passive_aggressive.o
[  712s] In file included from crfsuite/lib/crf/src/train_passive_aggressive.c:47:
[  712s] crfsuite/lib/crf/src/vecmath.h: In function ‘_aligned_malloc’:
[  712s] crfsuite/lib/crf/src/vecmath.h:50:15: warning: implicit declaration of function ‘posix_memalign’ [-Wimplicit-function-declaration]
[  712s]    50 |     int ret = posix_memalign(&p, alignment, size);
[  712s]       |               ^~~~~~~~~~~~~~
[  712s] In file included from crfsuite/lib/crf/src/train_passive_aggressive.c:46:
[  712s] crfsuite/lib/crf/src/train_passive_aggressive.c: In function ‘exchange_options’:
[  712s] crfsuite/lib/crf/src/params.h:49:13: warning: variable ‘__ret’ set but not used [-Wunused-but-set-variable]
[  712s]    49 |         int __ret = 0; \
[  712s]       |             ^~~~~
[  712s] crfsuite/lib/crf/src/train_passive_aggressive.c:209:5: note: in expansion of macro ‘BEGIN_PARAM_MAP’
[  712s]   209 |     BEGIN_PARAM_MAP(params, mode)
[  712s]       |     ^~~~~~~~~~~~~~~
[  712s] crfsuite/lib/crf/src/train_passive_aggressive.c: In function ‘crfsuite_train_passive_aggressive’:
[  712s] crfsuite/lib/crf/src/train_passive_aggressive.c:318:20: warning: unused variable ‘norm’ [-Wunused-variable]
[  712s]   318 |         floatval_t norm = 0., sum_loss = 0.;
[  712s]       |                    ^~~~
[  714s] gcc -Wsign-compare -DNDEBUG -O2 -Wall -U_FORTIFY_SOURCE -D_FORTIFY_SOURCE=3 -fstack-protector-strong -funwind-tables -fasynchronous-unwind-tables -fstack-clash-protection -Werror=return-type -g -DOPENSSL_LOAD_CONF -fwrapv -fno-semantic-interposition -O2 -Wall -U_FORTIFY_SOURCE -D_FORTIFY_SOURCE=3 -fstack-protector-strong -funwind-tables -fasynchronous-unwind-tables -fstack-clash-protection -Werror=return-type -g -IVendor/ -O2 -Wall -U_FORTIFY_SOURCE -D_FORTIFY_SOURCE=3 -fstack-protector-strong -funwind-tables -fasynchronous-unwind-tables -fstack-clash-protection -Werror=return-type -g -IVendor/ -O2 -Wall -U_FORTIFY_SOURCE -D_FORTIFY_SOURCE=3 -fstack-protector-strong -funwind-tables -fasynchronous-unwind-tables -fstack-clash-protection -Werror=return-type -flto=auto -g -fPIC -Icrfsuite/include/ -Icrfsuite/lib/cqdb/include -Iliblbfgs/include -Ipycrfsuite -I/usr/include/python3.11 -c crfsuite/swig/crfsuite.cpp -o build/temp.linux-riscv64-cpython-311/crfsuite/swig/crfsuite.o
[  736s] gcc -Wsign-compare -DNDEBUG -O2 -Wall -U_FORTIFY_SOURCE -D_FORTIFY_SOURCE=3 -fstack-protector-strong -funwind-tables -fasynchronous-unwind-tables -fstack-clash-protection -Werror=return-type -g -DOPENSSL_LOAD_CONF -fwrapv -fno-semantic-interposition -O2 -Wall -U_FORTIFY_SOURCE -D_FORTIFY_SOURCE=3 -fstack-protector-strong -funwind-tables -fasynchronous-unwind-tables -fstack-clash-protection -Werror=return-type -g -IVendor/ -O2 -Wall -U_FORTIFY_SOURCE -D_FORTIFY_SOURCE=3 -fstack-protector-strong -funwind-tables -fasynchronous-unwind-tables -fstack-clash-protection -Werror=return-type -g -IVendor/ -O2 -Wall -U_FORTIFY_SOURCE -D_FORTIFY_SOURCE=3 -fstack-protector-strong -funwind-tables -fasynchronous-unwind-tables -fstack-clash-protection -Werror=return-type -flto=auto -g -fPIC -Icrfsuite/include/ -Icrfsuite/lib/cqdb/include -Iliblbfgs/include -Ipycrfsuite -I/usr/include/python3.11 -c -std=c99 liblbfgs/lib/lbfgs.c -o build/temp.linux-riscv64-cpython-311/liblbfgs/lib/lbfgs.o
[  741s] gcc -Wsign-compare -DNDEBUG -O2 -Wall -U_FORTIFY_SOURCE -D_FORTIFY_SOURCE=3 -fstack-protector-strong -funwind-tables -fasynchronous-unwind-tables -fstack-clash-protection -Werror=return-type -g -DOPENSSL_LOAD_CONF -fwrapv -fno-semantic-interposition -O2 -Wall -U_FORTIFY_SOURCE -D_FORTIFY_SOURCE=3 -fstack-protector-strong -funwind-tables -fasynchronous-unwind-tables -fstack-clash-protection -Werror=return-type -g -IVendor/ -O2 -Wall -U_FORTIFY_SOURCE -D_FORTIFY_SOURCE=3 -fstack-protector-strong -funwind-tables -fasynchronous-unwind-tables -fstack-clash-protection -Werror=return-type -g -IVendor/ -O2 -Wall -U_FORTIFY_SOURCE -D_FORTIFY_SOURCE=3 -fstack-protector-strong -funwind-tables -fasynchronous-unwind-tables -fstack-clash-protection -Werror=return-type -flto=auto -g -fPIC -Icrfsuite/include/ -Icrfsuite/lib/cqdb/include -Iliblbfgs/include -Ipycrfsuite -I/usr/include/python3.11 -c pycrfsuite/_pycrfsuite.cpp -o build/temp.linux-riscv64-cpython-311/pycrfsuite/_pycrfsuite.o
[  762s] pycrfsuite/_pycrfsuite.cpp: In function ‘int __Pyx_PyBytes_Equals(PyObject*, PyObject*, int)’:
[  762s] pycrfsuite/_pycrfsuite.cpp:14818:43: warning: ‘PyBytesObject::ob_shash’ is deprecated [-Wdeprecated-declarations]
[  762s] 14818 |             hash1 = ((PyBytesObject*)s1)->ob_shash;
[  762s]       |                                           ^~~~~~~~
[  762s] In file included from /usr/include/python3.11/bytesobject.h:62,
[  762s]                  from /usr/include/python3.11/Python.h:50,
[  762s]                  from pycrfsuite/_pycrfsuite.cpp:6:
[  762s] /usr/include/python3.11/cpython/bytesobject.h:7:35: note: declared here
[  762s]     7 |     Py_DEPRECATED(3.11) Py_hash_t ob_shash;
[  762s]       |                                   ^~~~~~~~
[  762s] pycrfsuite/_pycrfsuite.cpp:14818:43: warning: ‘PyBytesObject::ob_shash’ is deprecated [-Wdeprecated-declarations]
[  762s] 14818 |             hash1 = ((PyBytesObject*)s1)->ob_shash;
[  762s]       |                                           ^~~~~~~~
[  762s] /usr/include/python3.11/cpython/bytesobject.h:7:35: note: declared here
[  762s]     7 |     Py_DEPRECATED(3.11) Py_hash_t ob_shash;
[  762s]       |                                   ^~~~~~~~
[  762s] pycrfsuite/_pycrfsuite.cpp:14818:43: warning: ‘PyBytesObject::ob_shash’ is deprecated [-Wdeprecated-declarations]
[  762s] 14818 |             hash1 = ((PyBytesObject*)s1)->ob_shash;
[  762s]       |                                           ^~~~~~~~
[  762s] /usr/include/python3.11/cpython/bytesobject.h:7:35: note: declared here
[  762s]     7 |     Py_DEPRECATED(3.11) Py_hash_t ob_shash;
[  762s]       |                                   ^~~~~~~~
[  762s] pycrfsuite/_pycrfsuite.cpp:14819:43: warning: ‘PyBytesObject::ob_shash’ is deprecated [-Wdeprecated-declarations]
[  762s] 14819 |             hash2 = ((PyBytesObject*)s2)->ob_shash;
[  762s]       |                                           ^~~~~~~~
[  762s] /usr/include/python3.11/cpython/bytesobject.h:7:35: note: declared here
[  762s]     7 |     Py_DEPRECATED(3.11) Py_hash_t ob_shash;
[  762s]       |                                   ^~~~~~~~
[  762s] pycrfsuite/_pycrfsuite.cpp:14819:43: warning: ‘PyBytesObject::ob_shash’ is deprecated [-Wdeprecated-declarations]
[  762s] 14819 |             hash2 = ((PyBytesObject*)s2)->ob_shash;
[  762s]       |                                           ^~~~~~~~
[  762s] /usr/include/python3.11/cpython/bytesobject.h:7:35: note: declared here
[  762s]     7 |     Py_DEPRECATED(3.11) Py_hash_t ob_shash;
[  762s]       |                                   ^~~~~~~~
[  762s] pycrfsuite/_pycrfsuite.cpp:14819:43: warning: ‘PyBytesObject::ob_shash’ is deprecated [-Wdeprecated-declarations]
[  762s] 14819 |             hash2 = ((PyBytesObject*)s2)->ob_shash;
[  762s]       |                                           ^~~~~~~~
[  762s] /usr/include/python3.11/cpython/bytesobject.h:7:35: note: declared here
[  762s]     7 |     Py_DEPRECATED(3.11) Py_hash_t ob_shash;
[  762s]       |                                   ^~~~~~~~
[  762s] pycrfsuite/_pycrfsuite.cpp: In function ‘_PyErr_StackItem* __Pyx_PyErr_GetTopmostException(PyThreadState*)’:
[  762s] pycrfsuite/_pycrfsuite.cpp:14972:23: error: ‘_PyErr_StackItem’ {aka ‘struct _err_stackitem’} has no member named ‘exc_type’
[  762s] 14972 |     while ((exc_info->exc_type == NULL || exc_info->exc_type == Py_None) &&
[  762s]       |                       ^~~~~~~~
[  762s] pycrfsuite/_pycrfsuite.cpp:14972:53: error: ‘_PyErr_StackItem’ {aka ‘struct _err_stackitem’} has no member named ‘exc_type’
[  762s] 14972 |     while ((exc_info->exc_type == NULL || exc_info->exc_type == Py_None) &&
[  762s]       |                                                     ^~~~~~~~
[  762s] pycrfsuite/_pycrfsuite.cpp: In function ‘void __Pyx__ExceptionSave(PyThreadState*, PyObject**, PyObject**, PyObject**)’:
[  762s] pycrfsuite/_pycrfsuite.cpp:14986:23: error: ‘_PyErr_StackItem’ {aka ‘struct _err_stackitem’} has no member named ‘exc_type’
[  762s] 14986 |     *type = exc_info->exc_type;
[  762s]       |                       ^~~~~~~~
[  762s] pycrfsuite/_pycrfsuite.cpp:14988:21: error: ‘_PyErr_StackItem’ {aka ‘struct _err_stackitem’} has no member named ‘exc_traceback’
[  762s] 14988 |     *tb = exc_info->exc_traceback;
[  762s]       |                     ^~~~~~~~~~~~~
[  762s] pycrfsuite/_pycrfsuite.cpp: In function ‘void __Pyx__ExceptionReset(PyThreadState*, PyObject*, PyObject*, PyObject*)’:
[  762s] pycrfsuite/_pycrfsuite.cpp:15002:26: error: ‘_PyErr_StackItem’ {aka ‘struct _err_stackitem’} has no member named ‘exc_type’
[  762s] 15002 |     tmp_type = exc_info->exc_type;
[  762s]       |                          ^~~~~~~~
[  762s] pycrfsuite/_pycrfsuite.cpp:15004:24: error: ‘_PyErr_StackItem’ {aka ‘struct _err_stackitem’} has no member named ‘exc_traceback’
[  762s] 15004 |     tmp_tb = exc_info->exc_traceback;
[  762s]       |                        ^~~~~~~~~~~~~
[  762s] pycrfsuite/_pycrfsuite.cpp:15005:15: error: ‘_PyErr_StackItem’ {aka ‘struct _err_stackitem’} has no member named ‘exc_type’
[  762s] 15005 |     exc_info->exc_type = type;
[  762s]       |               ^~~~~~~~
[  762s] pycrfsuite/_pycrfsuite.cpp:15007:15: error: ‘_PyErr_StackItem’ {aka ‘struct _err_stackitem’} has no member named ‘exc_traceback’
[  762s] 15007 |     exc_info->exc_traceback = tb;
[  762s]       |               ^~~~~~~~~~~~~
[  762s] pycrfsuite/_pycrfsuite.cpp: In function ‘int __Pyx__GetException(PyThreadState*, PyObject**, PyObject**, PyObject**)’:
[  762s] pycrfsuite/_pycrfsuite.cpp:15089:30: error: ‘_PyErr_StackItem’ {aka ‘struct _err_stackitem’} has no member named ‘exc_type’
[  762s] 15089 |         tmp_type = exc_info->exc_type;
[  762s]       |                              ^~~~~~~~
[  762s] pycrfsuite/_pycrfsuite.cpp:15091:28: error: ‘_PyErr_StackItem’ {aka ‘struct _err_stackitem’} has no member named ‘exc_traceback’
[  762s] 15091 |         tmp_tb = exc_info->exc_traceback;
[  762s]       |                            ^~~~~~~~~~~~~
[  762s] pycrfsuite/_pycrfsuite.cpp:15092:19: error: ‘_PyErr_StackItem’ {aka ‘struct _err_stackitem’} has no member named ‘exc_type’
[  762s] 15092 |         exc_info->exc_type = local_type;
[  762s]       |                   ^~~~~~~~
[  762s] pycrfsuite/_pycrfsuite.cpp:15094:19: error: ‘_PyErr_StackItem’ {aka ‘struct _err_stackitem’} has no member named ‘exc_traceback’
[  762s] 15094 |         exc_info->exc_traceback = local_tb;
[  762s]       |                   ^~~~~~~~~~~~~
[  762s] pycrfsuite/_pycrfsuite.cpp: In function ‘void __Pyx__ExceptionSwap(PyThreadState*, PyObject**, PyObject**, PyObject**)’:
[  762s] pycrfsuite/_pycrfsuite.cpp:15127:26: error: ‘_PyErr_StackItem’ {aka ‘struct _err_stackitem’} has no member named ‘exc_type’
[  762s] 15127 |     tmp_type = exc_info->exc_type;
[  762s]       |                          ^~~~~~~~
[  762s] pycrfsuite/_pycrfsuite.cpp:15129:24: error: ‘_PyErr_StackItem’ {aka ‘struct _err_stackitem’} has no member named ‘exc_traceback’
[  762s] 15129 |     tmp_tb = exc_info->exc_traceback;
[  762s]       |                        ^~~~~~~~~~~~~
[  762s] pycrfsuite/_pycrfsuite.cpp:15130:15: error: ‘_PyErr_StackItem’ {aka ‘struct _err_stackitem’} has no member named ‘exc_type’
[  762s] 15130 |     exc_info->exc_type = *type;
[  762s]       |               ^~~~~~~~
[  762s] pycrfsuite/_pycrfsuite.cpp:15132:15: error: ‘_PyErr_StackItem’ {aka ‘struct _err_stackitem’} has no member named ‘exc_traceback’
[  762s] 15132 |     exc_info->exc_traceback = *tb;
[  762s]       |               ^~~~~~~~~~~~~
[  762s] pycrfsuite/_pycrfsuite.cpp: In function ‘void __Pyx_AddTraceback(const char*, int, int, const char*)’:
[  762s] pycrfsuite/_pycrfsuite.cpp:446:62: error: invalid use of incomplete type ‘PyFrameObject’ {aka ‘struct _frame’}
[  762s]   446 |   #define __Pyx_PyFrame_SetLineNumber(frame, lineno)  (frame)->f_lineno = (lineno)
[  762s]       |                                                              ^~
[  762s] pycrfsuite/_pycrfsuite.cpp:16381:5: note: in expansion of macro ‘__Pyx_PyFrame_SetLineNumber’
[  762s] 16381 |     __Pyx_PyFrame_SetLineNumber(py_frame, py_line);
[  762s]       |     ^~~~~~~~~~~~~~~~~~~~~~~~~~~
[  762s] In file included from /usr/include/python3.11/Python.h:42:
[  762s] /usr/include/python3.11/pytypedefs.h:22:16: note: forward declaration of ‘PyFrameObject’ {aka ‘struct _frame’}
[  762s]    22 | typedef struct _frame PyFrameObject;
[  762s]       |                ^~~~~~
[  763s] pycrfsuite/_pycrfsuite.cpp: In function ‘void __Pyx_Coroutine_ExceptionClear(_PyErr_StackItem*)’:
[  763s] pycrfsuite/_pycrfsuite.cpp:17374:20: error: ‘_PyErr_StackItem’ {aka ‘struct _err_stackitem’} has no member named ‘exc_type’
[  763s] 17374 |     t = exc_state->exc_type;
[  763s]       |                    ^~~~~~~~
[  763s] pycrfsuite/_pycrfsuite.cpp:17376:21: error: ‘_PyErr_StackItem’ {aka ‘struct _err_stackitem’} has no member named ‘exc_traceback’
[  763s] 17376 |     tb = exc_state->exc_traceback;
[  763s]       |                     ^~~~~~~~~~~~~
[  763s] pycrfsuite/_pycrfsuite.cpp:17377:16: error: ‘_PyErr_StackItem’ {aka ‘struct _err_stackitem’} has no member named ‘exc_type’
[  763s] 17377 |     exc_state->exc_type = NULL;
[  763s]       |                ^~~~~~~~
[  763s] pycrfsuite/_pycrfsuite.cpp:17379:16: error: ‘_PyErr_StackItem’ {aka ‘struct _err_stackitem’} has no member named ‘exc_traceback’
[  763s] 17379 |     exc_state->exc_traceback = NULL;
[  763s]       |                ^~~~~~~~~~~~~
[  763s] pycrfsuite/_pycrfsuite.cpp: In function ‘PyObject* __Pyx_Coroutine_SendEx(__pyx_CoroutineObject*, PyObject*, int)’:
[  763s] pycrfsuite/_pycrfsuite.cpp:17456:20: error: ‘_PyErr_StackItem’ {aka ‘struct _err_stackitem’} has no member named ‘exc_type’
[  763s] 17456 |     if (exc_state->exc_type) {
[  763s]       |                    ^~~~~~~~
[  763s] pycrfsuite/_pycrfsuite.cpp:17459:24: error: ‘_PyErr_StackItem’ {aka ‘struct _err_stackitem’} has no member named ‘exc_traceback’
[  763s] 17459 |         if (exc_state->exc_traceback) {
[  763s]       |                        ^~~~~~~~~~~~~
[  763s] pycrfsuite/_pycrfsuite.cpp:17460:70: error: ‘_PyErr_StackItem’ {aka ‘struct _err_stackitem’} has no member named ‘exc_traceback’
[  763s] 17460 |             PyTracebackObject *tb = (PyTracebackObject *) exc_state->exc_traceback;
[  763s]       |                                                                      ^~~~~~~~~~~~~
[  763s] pycrfsuite/_pycrfsuite.cpp:17464:14: error: invalid use of incomplete type ‘PyFrameObject’ {aka ‘struct _frame’}
[  763s] 17464 |             f->f_back = PyThreadState_GetFrame(tstate);
[  763s]       |              ^~
[  763s] /usr/include/python3.11/pytypedefs.h:22:16: note: forward declaration of ‘PyFrameObject’ {aka ‘struct _frame’}
[  763s]    22 | typedef struct _frame PyFrameObject;
[  763s]       |                ^~~~~~
[  763s] pycrfsuite/_pycrfsuite.cpp: In function ‘void __Pyx_Coroutine_ResetFrameBackpointer(_PyErr_StackItem*)’:
[  763s] pycrfsuite/_pycrfsuite.cpp:17495:35: error: ‘_PyErr_StackItem’ {aka ‘struct _err_stackitem’} has no member named ‘exc_traceback’
[  763s] 17495 |     PyObject *exc_tb = exc_state->exc_traceback;
[  763s]       |                                   ^~~~~~~~~~~~~
[  763s] In file included from /usr/include/python3.11/Python.h:38:
[  763s] pycrfsuite/_pycrfsuite.cpp:17501:19: error: invalid use of incomplete type ‘PyFrameObject’ {aka ‘struct _frame’}
[  763s] 17501 |         Py_CLEAR(f->f_back);
[  763s]       |                   ^~
[  763s] /usr/include/python3.11/pyport.h:24:38: note: in definition of macro ‘_Py_CAST’
[  763s]    24 | #define _Py_CAST(type, expr) ((type)(expr))
[  763s]       |                                      ^~~~
[  763s] /usr/include/python3.11/object.h:581:29: note: in expansion of macro ‘_PyObject_CAST’
[  763s]   581 |         PyObject *_py_tmp = _PyObject_CAST(op); \
[  763s]       |                             ^~~~~~~~~~~~~~
[  763s] pycrfsuite/_pycrfsuite.cpp:17501:9: note: in expansion of macro ‘Py_CLEAR’
[  763s] 17501 |         Py_CLEAR(f->f_back);
[  763s]       |         ^~~~~~~~
[  763s] /usr/include/python3.11/pytypedefs.h:22:16: note: forward declaration of ‘PyFrameObject’ {aka ‘struct _frame’}
[  763s]    22 | typedef struct _frame PyFrameObject;
[  763s]       |                ^~~~~~
[  763s] In file included from /usr/include/python3.11/Python.h:44:
[  763s] pycrfsuite/_pycrfsuite.cpp:17501:19: error: invalid use of incomplete type ‘PyFrameObject’ {aka ‘struct _frame’}
[  763s] 17501 |         Py_CLEAR(f->f_back);
[  763s]       |                   ^~
[  763s] /usr/include/python3.11/object.h:583:14: note: in definition of macro ‘Py_CLEAR’
[  763s]   583 |             (op) = NULL;                        \
[  763s]       |              ^~
[  763s] /usr/include/python3.11/pytypedefs.h:22:16: note: forward declaration of ‘PyFrameObject’ {aka ‘struct _frame’}
[  763s]    22 | typedef struct _frame PyFrameObject;
[  763s]       |                ^~~~~~
[  763s] In file included from /usr/include/python3.11/Python.h:45:
[  763s] pycrfsuite/_pycrfsuite.cpp: In function ‘int __Pyx_Coroutine_traverse_excstate(_PyErr_StackItem*, visitproc, void*)’:
[  763s] pycrfsuite/_pycrfsuite.cpp:17807:25: error: ‘_PyErr_StackItem’ {aka ‘struct _err_stackitem’} has no member named ‘exc_type’
[  763s] 17807 |     Py_VISIT(exc_state->exc_type);
[  763s]       |                         ^~~~~~~~
[  763s] /usr/include/python3.11/objimpl.h:199:13: note: in definition of macro ‘Py_VISIT’
[  763s]   199 |         if (op) {                                                       \
[  763s]       |             ^~
[  763s] pycrfsuite/_pycrfsuite.cpp:17807:25: error: ‘_PyErr_StackItem’ {aka ‘struct _err_stackitem’} has no member named ‘exc_type’
[  763s] 17807 |     Py_VISIT(exc_state->exc_type);
[  763s]       |                         ^~~~~~~~
[  763s] /usr/include/python3.11/pyport.h:24:38: note: in definition of macro ‘_Py_CAST’
[  763s]    24 | #define _Py_CAST(type, expr) ((type)(expr))
[  763s]       |                                      ^~~~
[  763s] /usr/include/python3.11/objimpl.h:200:30: note: in expansion of macro ‘_PyObject_CAST’
[  763s]   200 |             int vret = visit(_PyObject_CAST(op), arg);                  \
[  763s]       |                              ^~~~~~~~~~~~~~
[  763s] pycrfsuite/_pycrfsuite.cpp:17807:5: note: in expansion of macro ‘Py_VISIT’
[  763s] 17807 |     Py_VISIT(exc_state->exc_type);
[  763s]       |     ^~~~~~~~
[  763s] pycrfsuite/_pycrfsuite.cpp:17809:25: error: ‘_PyErr_StackItem’ {aka ‘struct _err_stackitem’} has no member named ‘exc_traceback’
[  763s] 17809 |     Py_VISIT(exc_state->exc_traceback);
[  763s]       |                         ^~~~~~~~~~~~~
[  763s] /usr/include/python3.11/objimpl.h:199:13: note: in definition of macro ‘Py_VISIT’
[  763s]   199 |         if (op) {                                                       \
[  763s]       |             ^~
[  763s] pycrfsuite/_pycrfsuite.cpp:17809:25: error: ‘_PyErr_StackItem’ {aka ‘struct _err_stackitem’} has no member named ‘exc_traceback’
[  763s] 17809 |     Py_VISIT(exc_state->exc_traceback);
[  763s]       |                         ^~~~~~~~~~~~~
[  763s] /usr/include/python3.11/pyport.h:24:38: note: in definition of macro ‘_Py_CAST’
[  763s]    24 | #define _Py_CAST(type, expr) ((type)(expr))
[  763s]       |                                      ^~~~
[  763s] /usr/include/python3.11/objimpl.h:200:30: note: in expansion of macro ‘_PyObject_CAST’
[  763s]   200 |             int vret = visit(_PyObject_CAST(op), arg);                  \
[  763s]       |                              ^~~~~~~~~~~~~~
[  763s] pycrfsuite/_pycrfsuite.cpp:17809:5: note: in expansion of macro ‘Py_VISIT’
[  763s] 17809 |     Py_VISIT(exc_state->exc_traceback);
[  763s]       |     ^~~~~~~~
[  763s] pycrfsuite/_pycrfsuite.cpp: In function ‘__pyx_CoroutineObject* __Pyx__Coroutine_NewInit(__pyx_CoroutineObject*, __pyx_coroutine_body_t, PyObject*, PyObject*, PyObject*, PyObject*, PyObject*)’:
[  763s] pycrfsuite/_pycrfsuite.cpp:18056:23: error: ‘_PyErr_StackItem’ {aka ‘struct _err_stackitem’} has no member named ‘exc_type’
[  763s] 18056 |     gen->gi_exc_state.exc_type = NULL;
[  763s]       |                       ^~~~~~~~
[  763s] pycrfsuite/_pycrfsuite.cpp:18058:23: error: ‘_PyErr_StackItem’ {aka ‘struct _err_stackitem’} has no member named ‘exc_traceback’
[  763s] 18058 |     gen->gi_exc_state.exc_traceback = NULL;
[  763s]       |                       ^~~~~~~~~~~~~
[  770s] error: command '/usr/bin/gcc' failed with exit code 1
[  770s] error: Bad exit status from /var/tmp/rpm-tmp.OlLEBL (%build)
[  770s] 
[  770s] RPM build errors:
[  770s]     Bad exit status from /var/tmp/rpm-tmp.OlLEBL (%build)
[  771s] ### VM INTERACTION START ###
[  771s] [  760.513873][    T1] sysrq: Power Off
[  771s] [  760.534345][   T18] reboot: Power down
[  771s] ### VM INTERACTION END ###
[  771s] 
[  771s] lamb60 failed "build python-python-crfsuite.spec" at Sat Feb 18 21:38:22 UTC 2023.
[  771s] 
