[    0s] Using BUILD_ROOT=/var/cache/obs/worker/root_8/.mount
[    0s] Using BUILD_ARCH=riscv64
[    0s] Doing kvm build in /var/cache/obs/worker/root_8/root
[    0s] 
[    0s] 
[    0s] sheep88 started "build python-mechanize.spec" at Sun Feb 19 07:30:48 UTC 2023.
[    0s] 
[    0s] Building python-mechanize for project 'openSUSE:Factory:RISCV' repository 'standard' arch 'riscv64' srcmd5 '7d2063d9b816b7a91c5f41b6b4156186'
[    0s] 
[    0s] processing recipe /var/cache/obs/worker/root_8/.build-srcdir/python-mechanize.spec ...
[    1s] running changelog2spec --target rpm --file /var/cache/obs/worker/root_8/.build-srcdir/python-mechanize.spec
[    1s] init_buildsystem --configdir /var/run/obs/worker/8/build/configs --cachedir /var/cache/build --prepare --clean --rpmlist /var/cache/obs/worker/root_8/.build.rpmlist /var/cache/obs/worker/root_8/.build-srcdir/python-mechanize.spec build ...
[    1s] unpacking preinstall image openSUSE:Factory:RISCV/standard/preinstallimage-python [83160fede3a282f635470653fe6cebf8]
[    3s] 
[    3s] copying packages...
[    3s] reordering...cycle: python310-Twisted-tls -> python310-Twisted
[    3s]   breaking dependency python310-Twisted-tls -> python310-Twisted
[    3s] cycle: python311-Twisted-tls -> python311-Twisted
[    3s]   breaking dependency python311-Twisted-tls -> python311-Twisted
[    3s] cycle: python38-Twisted-tls -> python38-Twisted
[    3s]   breaking dependency python38-Twisted-tls -> python38-Twisted
[    3s] cycle: python39-Twisted-tls -> python39-Twisted
[    3s]   breaking dependency python39-Twisted-tls -> python39-Twisted
[    3s] done
[    3s] Detected virtio-serial support
[    4s] booting kvm...
[    4s] ### VM INTERACTION START ###
[    4s] Using virtio-serial support
[    4s] /usr/bin/qemu-kvm -nodefaults -no-reboot -nographic -vga none -cpu host -M pc,accel=kvm,usb=off,dump-guest-core=off,vmport=off -sandbox on -bios /usr/share/qemu/qboot.rom -object rng-random,filename=/dev/hwrng,id=rng0 -device virtio-rng-pci,rng=rng0 -object iothread,id=io0 -runas qemu -net none -kernel /var/cache/obs/worker/root_8/.mount/boot/kernel -initrd /var/cache/obs/worker/root_8/.mount/boot/initrd -append root=/dev/disk/by-id/virtio-0 rootfstype=ext4 rootflags=noatime kvmclock mitigations=off elevator=noop nmi_watchdog=0 rw rd.driver.pre=binfmt_misc oops=panic panic=1 quiet console=hvc0 init=/.build/initvm.x86_64 -m 8192 -drive file=/var/cache/obs/worker/root_8/root,format=raw,if=none,id=disk,cache=unsafe,aio=io_uring -device virtio-blk-pci,iothread=io0,drive=disk,serial=0 -drive file=/var/cache/obs/worker/root_8/swap,format=raw,if=none,id=swap,cache=unsafe,aio=io_uring -device virtio-blk-pci,iothread=io0,drive=swap,serial=1 -device virtio-serial,max_ports=2 -device virtconsole,chardev=virtiocon0 -chardev stdio,id=virtiocon0 -chardev socket,id=monitor,server=on,wait=off,path=/var/cache/obs/worker/root_8/root.qemu/monitor -mon chardev=monitor,mode=readline -smp 6
[    8s] ### VM INTERACTION END ###
[    8s] 2nd stage started in virtual machine
[    8s] machine type: riscv64
[    8s] Linux version: 6.1.12-1-default #1 SMP PREEMPT_DYNAMIC Wed Feb 15 05:31:41 UTC 2023 (373f017)
[    8s] Increasing log level from now on...
[    8s] [    3.285307][  T391] sysrq: Changing Loglevel
[    8s] [    3.285488][  T391] sysrq: Loglevel set to 4
[    8s] Enable sysrq operations
[    8s] Setting up swapspace version 1, size = 2 GiB (2147479552 bytes)
[    8s] no label, UUID=382924d8-317f-476d-b98d-de802b98ef5e
[    8s] swapon: /dev/vdb: found signature [pagesize=4096, signature=swap]
[    8s] swapon: /dev/vdb: pagesize=4096, swapsize=2147483648, devsize=2147483648
[    8s] swapon /dev/vdb
[    8s] WARNING: udev not running, creating extra device nodes
[    9s] logging output to //.build.log...
[    9s] processing recipe /.build-srcdir/python-mechanize.spec ...
[    9s] init_buildsystem --configdir /.build/configs --cachedir /var/cache/build /.build-srcdir/python-mechanize.spec build ...
[    9s] initializing rpm db...
[   10s] querying package ids...
[   28s] [1/232] preinstalled aaa_base-84.87+git20220822.6b9f7a3-1.1
[   28s] [2/232] preinstalled aaa_base-malloccheck-84.87+git20220822.6b9f7a3-1.1
[   28s] [3/232] preinstalled attr-2.5.1-1.1
[   28s] [4/232] preinstalled bash-5.2.15-8.1
[   28s] [5/232] preinstalled bash-sh-5.2.15-8.1
[   28s] [6/232] preinstalled binutils-2.39-3.1
[   28s] [7/232] preinstalled brp-check-suse-84.87+git20221115.2f7add6-1.1
[   28s] [8/232] preinstalled build-compare-20221206T204012.bb70754-1.2
[   28s] [9/232] preinstalled build-mkbaselibs-20230215-1.1
[   28s] [10/232] preinstalled bzip2-1.0.8-4.1
[   28s] [11/232] preinstalled chkstat-1599_20221220-1.2
[   28s] [12/232] preinstalled compat-usrmerge-build-84.87-5.1
[   28s] [13/232] preinstalled compat-usrmerge-tools-84.87-5.1
[   28s] [14/232] preinstalled coreutils-9.1-5.1
[   28s] [15/232] preinstalled cpio-2.13-5.1
[   28s] [16/232] preinstalled cpp-12-2.1
[   28s] [17/232] preinstalled cpp12-12.2.1+git749-4.1
[   28s] [18/232] preinstalled crypto-policies-20210917.c9d86d1-1.1
[   28s] [19/232] preinstalled debugedit-5.0-5.1
[   28s] [20/232] preinstalled diffutils-3.9-1.1
[   28s] [21/232] preinstalled dwz-0.15-2.1
[   28s] [22/232] preinstalled elfutils-0.188-3.2
[   28s] [23/232] cumulate fdupes-2.2.1-1.1
[   28s] [24/232] preinstalled file-5.44-1.2
[   28s] [25/232] preinstalled file-magic-5.44-1.2
[   28s] [26/232] preinstalled filesystem-84.87-12.1
[   28s] [27/232] preinstalled fillup-1.42-279.1
[   28s] [28/232] preinstalled findutils-4.9.0-2.1
[   28s] [29/232] preinstalled gawk-5.2.1-2.1
[   28s] [30/232] preinstalled gcc-12-2.1
[   28s] [31/232] preinstalled gcc-PIE-12-2.1
[   28s] [32/232] preinstalled gcc12-12.2.1+git749-4.1
[   28s] [33/232] preinstalled gcc12-PIE-12.2.1+git749-4.1
[   28s] [34/232] preinstalled gettext-runtime-mini-0.21.1-1.1
[   28s] [35/232] preinstalled gettext-tools-mini-0.21.1-1.1
[   28s] [36/232] preinstalled glibc-2.37-1.1
[   28s] [37/232] preinstalled glibc-devel-2.37-1.1
[   28s] [38/232] preinstalled glibc-locale-base-2.37-1.1
[   28s] [39/232] preinstalled grep-3.8-3.1
[   28s] [40/232] preinstalled gzip-1.12-3.1
[   28s] [41/232] preinstalled kernel-obs-build-6.1.12-1.1
[   28s] [42/232] preinstalled libacl1-2.3.1-2.1
[   28s] [43/232] preinstalled libasan8-13.0.1+git5428-6.1
[   28s] [44/232] preinstalled libasm1-0.188-3.2
[   28s] [45/232] preinstalled libatomic1-13.0.1+git5428-6.1
[   28s] [46/232] preinstalled libattr1-2.5.1-1.1
[   28s] [47/232] preinstalled libaudit1-3.0.6-4.1
[   28s] [48/232] preinstalled libblkid1-2.38.1-7.1
[   28s] [49/232] preinstalled libbz2-1-1.0.8-4.1
[   28s] [50/232] preinstalled libcap-ng0-0.8.3-1.1
[   28s] [51/232] preinstalled libcap2-2.67-1.1
[   28s] [52/232] preinstalled libcrypt1-4.4.33-1.1
[   28s] [53/232] preinstalled libctf-nobfd0-2.39-3.1
[   28s] [54/232] preinstalled libctf0-2.39-3.1
[   28s] [55/232] preinstalled libdb-4_8-4.8.30-39.1
[   28s] [56/232] preinstalled libdw1-0.188-3.2
[   28s] [57/232] preinstalled libeconf0-0.5.1-1.1
[   28s] [58/232] preinstalled libelf1-0.188-3.2
[   28s] [59/232] preinstalled libexpat1-2.5.0-2.1
[   28s] [60/232] preinstalled libfdisk1-2.38.1-7.1
[   28s] [61/232] preinstalled libffi8-3.4.4-1.1
[   28s] [62/232] preinstalled libgcc_s1-13.0.1+git5428-6.1
[   28s] [63/232] preinstalled libgcrypt20-1.10.1-1.1
[   28s] [64/232] preinstalled libgdbm6-1.23-1.1
[   28s] [65/232] preinstalled libgdbm_compat4-1.23-1.1
[   28s] [66/232] preinstalled libgmp10-6.2.1-4.1
[   28s] [67/232] preinstalled libgomp1-13.0.1+git5428-6.1
[   28s] [68/232] preinstalled libgpg-error0-1.46-1.1
[   28s] [69/232] preinstalled libisl23-0.25-1.1
[   28s] [70/232] preinstalled liblua5_4-5-5.4.4-8.1
[   28s] [71/232] preinstalled liblzma5-5.4.1-1.1
[   28s] [72/232] preinstalled libmagic1-5.44-1.2
[   28s] [73/232] preinstalled libmount1-2.38.1-7.1
[   28s] [74/232] preinstalled libmpc3-1.3.1-1.2
[   28s] [75/232] preinstalled libmpdec3-2.5.1-2.1
[   28s] [76/232] preinstalled libmpfr6-4.2.0-1.1
[   28s] [77/232] preinstalled libncurses6-6.4.20230128-5.1
[   28s] [78/232] preinstalled libopenssl3-3.0.7-3.1
[   28s] [79/232] preinstalled libpcre2-8-0-10.42-3.2
[   28s] [80/232] preinstalled libpkgconf3-1.8.0-2.1
[   28s] [81/232] preinstalled libpopt0-1.19-1.1
[   28s] [82/232] preinstalled libpython3_10-1_0-3.10.9-2.2
[   28s] [83/232] preinstalled libpython3_11-1_0-3.11.1-4.2
[   28s] [84/232] preinstalled libpython3_8-1_0-3.8.16-3.2
[   28s] [85/232] preinstalled libpython3_9-1_0-3.9.16-3.2
[   28s] [86/232] preinstalled libreadline8-8.2-2.1
[   28s] [87/232] preinstalled librpmbuild9-4.18.0-3.2
[   28s] [88/232] preinstalled libseccomp2-2.5.4-2.1
[   28s] [89/232] preinstalled libselinux1-3.4-2.1
[   28s] [90/232] preinstalled libsemanage-conf-3.4-1.1
[   28s] [91/232] preinstalled libsemanage2-3.4-1.1
[   28s] [92/232] preinstalled libsepol2-3.4-1.1
[   28s] [93/232] preinstalled libsmartcols1-2.38.1-7.1
[   28s] [94/232] cumulate libsqlite3-0-3.40.1-1.1
[   28s] [95/232] preinstalled libstdc++6-13.0.1+git5428-6.1
[   28s] [96/232] preinstalled libsubid4-4.13-3.1
[   28s] [97/232] preinstalled libubsan1-13.0.1+git5428-6.1
[   28s] [98/232] preinstalled libutempter0-1.2.0-3.2
[   28s] [99/232] preinstalled libuuid1-2.38.1-7.1
[   28s] [100/232] preinstalled libxcrypt-devel-4.4.33-1.1
[   28s] [101/232] preinstalled libz1-1.2.13-2.1
[   28s] [102/232] preinstalled libzstd1-1.5.2-2.1
[   28s] [103/232] preinstalled linux-glibc-devel-6.1-1.1
[   28s] [104/232] preinstalled login_defs-4.13-3.1
[   28s] [105/232] preinstalled lua54-5.4.4-8.1
[   28s] [106/232] preinstalled make-4.4-2.1
[   28s] [107/232] preinstalled ncurses-utils-6.4.20230128-5.1
[   28s] [108/232] preinstalled pam-1.5.2-12.1
[   28s] [109/232] preinstalled patch-2.7.6-6.1
[   28s] [110/232] preinstalled perl-5.36.0-4.1
[   28s] [111/232] preinstalled perl-base-5.36.0-4.1
[   28s] [112/232] preinstalled permissions-1599_20221220-1.2
[   28s] [113/232] preinstalled permissions-config-1599_20221220-1.2
[   28s] [114/232] preinstalled pkgconf-1.8.0-2.1
[   28s] [115/232] preinstalled pkgconf-m4-1.8.0-2.1
[   28s] [116/232] preinstalled pkgconf-pkg-config-1.8.0-2.1
[   28s] [117/232] preinstalled polkit-default-privs-1550+20221102.9f111fa-1.1
[   28s] [118/232] preinstalled post-build-checks-84.87+git20230106.3a359c5-1.1
[   28s] [119/232] preinstalled python-rpm-macros-20230128.e704796-1.2
[   28s] [120/232] preinstalled python-rpm-packaging-20210526+a18ca48-1.2
[   28s] [121/232] cumulate python310-attrs-22.2.0-1.2
[   28s] [122/232] preinstalled python310-base-3.10.9-2.2
[   28s] [123/232] cumulate python310-constantly-15.1.0-2.11
[   28s] [124/232] cumulate python310-idna-3.4-1.2
[   28s] [125/232] cumulate python310-incremental-22.10.0-1.2
[   28s] [126/232] preinstalled python310-packaging-23.0-1.1
[   28s] [127/232] cumulate python310-pyasn1-0.4.8-2.5
[   28s] [128/232] cumulate python310-pycparser-2.21-1.5
[   28s] [129/232] preinstalled python310-setuptools-65.6.3-1.2
[   28s] [130/232] cumulate python310-six-1.16.0-2.5
[   28s] [131/232] cumulate python310-typing_extensions-4.4.0-2.2
[   28s] [132/232] cumulate python310-webencodings-0.5.1-4.9
[   28s] [133/232] cumulate python310-zope.interface-5.5.2-1.2
[   28s] [134/232] cumulate python311-attrs-22.2.0-1.2
[   28s] [135/232] preinstalled python311-base-3.11.1-4.2
[   28s] [136/232] cumulate python311-constantly-15.1.0-2.11
[   28s] [137/232] cumulate python311-idna-3.4-1.2
[   28s] [138/232] cumulate python311-incremental-22.10.0-1.2
[   28s] [139/232] cumulate python311-pyasn1-0.4.8-2.5
[   28s] [140/232] cumulate python311-pycparser-2.21-1.5
[   28s] [141/232] preinstalled python311-setuptools-65.6.3-1.2
[   28s] [142/232] cumulate python311-six-1.16.0-2.5
[   28s] [143/232] cumulate python311-typing_extensions-4.4.0-2.2
[   28s] [144/232] cumulate python311-webencodings-0.5.1-4.9
[   28s] [145/232] cumulate python311-zope.interface-5.5.2-1.2
[   28s] [146/232] cumulate python38-attrs-22.2.0-1.2
[   28s] [147/232] preinstalled python38-base-3.8.16-3.2
[   28s] [148/232] cumulate python38-constantly-15.1.0-2.11
[   28s] [149/232] cumulate python38-idna-3.4-1.2
[   28s] [150/232] cumulate python38-incremental-22.10.0-1.2
[   28s] [151/232] cumulate python38-pyasn1-0.4.8-2.5
[   28s] [152/232] cumulate python38-pycparser-2.21-1.5
[   28s] [153/232] preinstalled python38-setuptools-65.6.3-1.2
[   28s] [154/232] cumulate python38-six-1.16.0-2.5
[   28s] [155/232] cumulate python38-typing_extensions-4.4.0-2.2
[   28s] [156/232] cumulate python38-webencodings-0.5.1-4.9
[   28s] [157/232] cumulate python38-zope.interface-5.5.2-1.2
[   28s] [158/232] cumulate python39-attrs-22.2.0-1.2
[   28s] [159/232] preinstalled python39-base-3.9.16-3.2
[   28s] [160/232] cumulate python39-constantly-15.1.0-2.11
[   28s] [161/232] cumulate python39-idna-3.4-1.2
[   28s] [162/232] cumulate python39-incremental-22.10.0-1.2
[   28s] [163/232] cumulate python39-pyasn1-0.4.8-2.5
[   28s] [164/232] cumulate python39-pycparser-2.21-1.5
[   28s] [165/232] preinstalled python39-setuptools-65.6.3-1.2
[   28s] [166/232] cumulate python39-six-1.16.0-2.5
[   28s] [167/232] cumulate python39-typing_extensions-4.4.0-2.2
[   28s] [168/232] cumulate python39-webencodings-0.5.1-4.9
[   28s] [169/232] cumulate python39-zope.interface-5.5.2-1.2
[   28s] [170/232] preinstalled qemu-linux-user-7.1.0-50.1
[   28s] [171/232] preinstalled rpm-4.18.0-3.2
[   28s] [172/232] preinstalled rpm-build-4.18.0-3.2
[   28s] [173/232] preinstalled rpm-build-perl-4.18.0-3.2
[   28s] [174/232] preinstalled rpm-config-SUSE-20220926-1.1
[   28s] [175/232] preinstalled rpmlint-mini-2.4.0+git20230214.1bab129-9.4
[   28s] [176/232] preinstalled rpmlint-strict-2.4.0+git20230214.1bab129-1.1
[   28s] [177/232] preinstalled sed-4.9-2.1
[   28s] [178/232] preinstalled shadow-4.13-3.1
[   28s] [179/232] preinstalled system-group-hardware-20170617-24.1
[   28s] [180/232] preinstalled system-user-root-20190513-2.1
[   28s] [181/232] preinstalled systemd-rpm-macros-19-1.1
[   28s] [182/232] preinstalled sysuser-shadow-3.1-5.1
[   28s] [183/232] preinstalled tar-1.34-9.1
[   28s] [184/232] preinstalled terminfo-base-6.4.20230128-5.1
[   28s] [185/232] preinstalled update-alternatives-1.21.8-1.1
[   28s] [186/232] preinstalled util-linux-2.38.1-7.1
[   28s] [187/232] preinstalled which-2.21-5.1
[   28s] [188/232] preinstalled xz-5.4.1-1.1
[   28s] [189/232] cumulate python310-3.10.9-2.1
[   28s] [190/232] cumulate python310-Automat-22.10.0-1.2
[   28s] [191/232] cumulate python310-cffi-1.15.1-3.2
[   28s] [192/232] cumulate python310-hyperlink-21.0.0-1.6
[   28s] [193/232] cumulate python310-pyasn1-modules-0.2.8-1.10
[   28s] [194/232] cumulate python311-3.11.1-4.1
[   28s] [195/232] cumulate python311-Automat-22.10.0-1.2
[   28s] [196/232] cumulate python311-cffi-1.15.1-3.2
[   28s] [197/232] cumulate python311-hyperlink-21.0.0-1.6
[   28s] [198/232] cumulate python311-pyasn1-modules-0.2.8-1.10
[   28s] [199/232] cumulate python38-3.8.16-3.1
[   28s] [200/232] cumulate python38-Automat-22.10.0-1.2
[   28s] [201/232] cumulate python38-cffi-1.15.1-3.2
[   28s] [202/232] cumulate python38-hyperlink-21.0.0-1.6
[   28s] [203/232] cumulate python38-pyasn1-modules-0.2.8-1.10
[   28s] [204/232] cumulate python39-3.9.16-3.1
[   28s] [205/232] cumulate python39-Automat-22.10.0-1.2
[   28s] [206/232] cumulate python39-cffi-1.15.1-3.2
[   28s] [207/232] cumulate python39-hyperlink-21.0.0-1.6
[   28s] [208/232] cumulate python39-pyasn1-modules-0.2.8-1.10
[   28s] [209/232] cumulate python310-html5lib-1.1-3.2
[   28s] [210/232] cumulate python311-html5lib-1.1-3.2
[   28s] [211/232] cumulate python38-html5lib-1.1-3.2
[   28s] [212/232] cumulate python39-html5lib-1.1-3.2
[   28s] [213/232] cumulate python310-pyOpenSSL-23.0.0-1.2
[   28s] [214/232] cumulate python311-pyOpenSSL-23.0.0-1.2
[   28s] [215/232] cumulate python38-pyOpenSSL-23.0.0-1.2
[   28s] [216/232] cumulate python39-pyOpenSSL-23.0.0-1.2
[   28s] [217/232] cumulate python310-cryptography-39.0.1-1.2
[   28s] [218/232] cumulate python311-cryptography-39.0.1-1.2
[   28s] [219/232] cumulate python38-cryptography-39.0.1-1.2
[   28s] [220/232] cumulate python39-cryptography-39.0.1-1.2
[   28s] [221/232] cumulate python310-service_identity-21.1.0-1.3
[   28s] [222/232] cumulate python311-service_identity-21.1.0-1.3
[   28s] [223/232] cumulate python38-service_identity-21.1.0-1.3
[   28s] [224/232] cumulate python39-service_identity-21.1.0-1.3
[   28s] [225/232] cumulate python310-Twisted-tls-22.10.0-4.2
[   28s] [226/232] cumulate python311-Twisted-tls-22.10.0-4.2
[   28s] [227/232] cumulate python38-Twisted-tls-22.10.0-4.2
[   28s] [228/232] cumulate python39-Twisted-tls-22.10.0-4.2
[   28s] [229/232] cumulate python310-Twisted-22.10.0-4.2
[   28s] [230/232] cumulate python311-Twisted-22.10.0-4.2
[   28s] [231/232] cumulate python38-Twisted-22.10.0-4.2
[   28s] [232/232] cumulate python39-Twisted-22.10.0-4.2
[   28s] now installing cumulated packages
[   29s] Preparing...                          ########################################
[   29s] Updating / installing...
[   29s] libsqlite3-0-3.40.1-1.1               ########################################
[   29s] python39-idna-3.4-1.2                 ########################################
[   29s] python39-attrs-22.2.0-1.2             ########################################
[   30s] python38-idna-3.4-1.2                 ########################################
[   30s] python38-attrs-22.2.0-1.2             ########################################
[   30s] python311-idna-3.4-1.2                ########################################
[   30s] python311-attrs-22.2.0-1.2            ########################################
[   30s] python310-idna-3.4-1.2                ########################################
[   30s] python310-attrs-22.2.0-1.2            ########################################
[   30s] python39-six-1.16.0-2.5               ########################################
[   30s] python39-pyasn1-0.4.8-2.5             ########################################
[   30s] python38-six-1.16.0-2.5               ########################################
[   30s] python38-pyasn1-0.4.8-2.5             ########################################
[   30s] python311-six-1.16.0-2.5              ########################################
[   30s] python311-pyasn1-0.4.8-2.5            ########################################
[   31s] python310-six-1.16.0-2.5              ########################################
[   31s] python310-pyasn1-0.4.8-2.5            ########################################
[   31s] python310-pyasn1-modules-0.2.8-1.10   ########################################
[   31s] python311-pyasn1-modules-0.2.8-1.10   ########################################
[   31s] python38-pyasn1-modules-0.2.8-1.10    ########################################
[   31s] python39-pyasn1-modules-0.2.8-1.10    ########################################
[   31s] python310-hyperlink-21.0.0-1.6        ########################################
[   32s] python311-hyperlink-21.0.0-1.6        ########################################
[   32s] python38-hyperlink-21.0.0-1.6         ########################################
[   32s] python39-hyperlink-21.0.0-1.6         ########################################
[   32s] python310-3.10.9-2.1                  ########################################
[   32s] python311-3.11.1-4.1                  ########################################
[   32s] python38-3.8.16-3.1                   ########################################
[   32s] python39-3.9.16-3.1                   ########################################
[   32s] python39-zope.interface-5.5.2-1.2     ########################################
[   32s] python39-webencodings-0.5.1-4.9       ########################################
[   32s] python39-typing_extensions-4.4.0-2.2  ########################################
[   32s] python39-pycparser-2.21-1.5           ########################################
[   32s] python39-cffi-1.15.1-3.2              ########################################
[   33s] python39-cryptography-39.0.1-1.2      ########################################
[   33s] python39-pyOpenSSL-23.0.0-1.2         ########################################
[   33s] python39-service_identity-21.1.0-1.3  ########################################
[   33s] python39-constantly-15.1.0-2.11       ########################################
[   33s] python39-incremental-22.10.0-1.2      ########################################
[   33s] python39-Automat-22.10.0-1.2          ########################################
[   36s] python39-Twisted-22.10.0-4.2          ########################################
[   36s] update-alternatives: error: no alternatives for cftp
[   36s] update-alternatives: error: no alternatives for ckeygen
[   36s] update-alternatives: error: no alternatives for conch
[   36s] update-alternatives: error: no alternatives for pyhtmlizer
[   36s] update-alternatives: error: no alternatives for tkconch
[   36s] update-alternatives: error: no alternatives for trial
[   36s] update-alternatives: error: no alternatives for twist
[   36s] python39-Twisted-tls-22.10.0-4.2      ########################################
[   37s] python38-zope.interface-5.5.2-1.2     ########################################
[   37s] python38-webencodings-0.5.1-4.9       ########################################
[   37s] python38-typing_extensions-4.4.0-2.2  ########################################
[   37s] python38-pycparser-2.21-1.5           ########################################
[   37s] python38-cffi-1.15.1-3.2              ########################################
[   37s] python38-cryptography-39.0.1-1.2      ########################################
[   37s] python38-pyOpenSSL-23.0.0-1.2         ########################################
[   37s] python38-service_identity-21.1.0-1.3  ########################################
[   37s] python38-constantly-15.1.0-2.11       ########################################
[   37s] python38-incremental-22.10.0-1.2      ########################################
[   37s] python38-Automat-22.10.0-1.2          ########################################
[   40s] python38-Twisted-22.10.0-4.2          ########################################
[   41s] update-alternatives: error: no alternatives for cftp
[   41s] update-alternatives: error: no alternatives for ckeygen
[   41s] update-alternatives: error: no alternatives for conch
[   41s] update-alternatives: error: no alternatives for pyhtmlizer
[   41s] update-alternatives: error: no alternatives for tkconch
[   41s] update-alternatives: error: no alternatives for trial
[   41s] update-alternatives: error: no alternatives for twist
[   41s] python38-Twisted-tls-22.10.0-4.2      ########################################
[   41s] python311-zope.interface-5.5.2-1.2    ########################################
[   41s] python311-webencodings-0.5.1-4.9      ########################################
[   41s] python311-typing_extensions-4.4.0-2.2 ########################################
[   41s] python311-pycparser-2.21-1.5          ########################################
[   41s] python311-cffi-1.15.1-3.2             ########################################
[   42s] python311-cryptography-39.0.1-1.2     ########################################
[   42s] python311-pyOpenSSL-23.0.0-1.2        ########################################
[   42s] python311-service_identity-21.1.0-1.3 ########################################
[   42s] python311-constantly-15.1.0-2.11      ########################################
[   42s] python311-incremental-22.10.0-1.2     ########################################
[   42s] python311-Automat-22.10.0-1.2         ########################################
[   45s] python311-Twisted-22.10.0-4.2         ########################################
[   45s] update-alternatives: error: no alternatives for cftp
[   46s] update-alternatives: error: no alternatives for ckeygen
[   46s] update-alternatives: error: no alternatives for conch
[   46s] update-alternatives: error: no alternatives for pyhtmlizer
[   46s] update-alternatives: error: no alternatives for tkconch
[   46s] update-alternatives: error: no alternatives for trial
[   46s] update-alternatives: error: no alternatives for twist
[   46s] python311-Twisted-tls-22.10.0-4.2     ########################################
[   46s] python310-zope.interface-5.5.2-1.2    ########################################
[   46s] python310-webencodings-0.5.1-4.9      ########################################
[   46s] python310-typing_extensions-4.4.0-2.2 ########################################
[   46s] python310-pycparser-2.21-1.5          ########################################
[   46s] python310-cffi-1.15.1-3.2             ########################################
[   47s] python310-cryptography-39.0.1-1.2     ########################################
[   47s] python310-pyOpenSSL-23.0.0-1.2        ########################################
[   47s] python310-service_identity-21.1.0-1.3 ########################################
[   47s] python310-constantly-15.1.0-2.11      ########################################
[   47s] python310-incremental-22.10.0-1.2     ########################################
[   47s] python310-Automat-22.10.0-1.2         ########################################
[   50s] python310-Twisted-22.10.0-4.2         ########################################
[   50s] update-alternatives: error: no alternatives for cftp
[   50s] update-alternatives: error: no alternatives for ckeygen
[   50s] update-alternatives: error: no alternatives for conch
[   50s] update-alternatives: error: no alternatives for pyhtmlizer
[   50s] update-alternatives: error: no alternatives for tkconch
[   50s] update-alternatives: error: no alternatives for trial
[   50s] update-alternatives: error: no alternatives for twist
[   50s] python310-Twisted-tls-22.10.0-4.2     ########################################
[   50s] python310-html5lib-1.1-3.2            ########################################
[   51s] python311-html5lib-1.1-3.2            ########################################
[   51s] python38-html5lib-1.1-3.2             ########################################
[   51s] python39-html5lib-1.1-3.2             ########################################
[   51s] fdupes-2.2.1-1.1                      ########################################
[   54s] now finalizing build dir...
[   54s] ... running 01-add_abuild_user_to_trusted_group
[   54s] ... running 02-set_timezone_to_utc
[   55s] ... running 03-set-permissions-secure
[   55s] ... running 11-hack_uname_version_to_kernel_version
[   60s] -----------------------------------------------------------------
[   60s] I have the following modifications for python-mechanize.spec:
[   60s] 23c23
[   60s] < Release:        0
[   60s] ---
[   60s] > Release:        4.2
[   64s] build target is riscv64-suse-linux
[   64s] -----------------------------------------------------------------
[   64s] ----- building python-mechanize.spec (user abuild)
[   64s] -----------------------------------------------------------------
[   64s] -----------------------------------------------------------------
[   67s] + exec rpmbuild -ba --define '_srcdefattr (-,root,root)' --nosignature --target=riscv64-suse-linux --define '_build_create_debug 1' --define 'disturl obs://build.opensuse.org/openSUSE:Factory:RISCV/standard/7d2063d9b816b7a91c5f41b6b4156186-python-mechanize' /home/abuild/rpmbuild/SOURCES/python-mechanize.spec
[   74s] Building target platforms: riscv64-suse-linux
[   74s] Building for target riscv64-suse-linux
[   74s] setting SOURCE_DATE_EPOCH=1665446400
[   74s] Executing(%prep): /usr/bin/bash -e /var/tmp/rpm-tmp.qXLkAc
[   74s] + umask 022
[   74s] + cd /home/abuild/rpmbuild/BUILD
[   74s] + cd /home/abuild/rpmbuild/BUILD
[   74s] + rm -rf mechanize-0.4.8
[   74s] + /usr/lib/rpm/rpmuncompress -x /home/abuild/rpmbuild/SOURCES/mechanize-0.4.8.tar.gz
[   74s] + STATUS=0
[   74s] + '[' 0 -ne 0 ']'
[   74s] + cd mechanize-0.4.8
[   74s] + /usr/bin/chmod -Rf a+rX,u+w,g-w,o-w .
[   74s] + echo 'Patch #1 (python-mechanize-setup.cfg.patch):'
[   74s] Patch #1 (python-mechanize-setup.cfg.patch):
[   74s] + /usr/bin/patch --no-backup-if-mismatch -f -p1 --fuzz=0
[   74s] patching file setup.cfg
[   74s] + sed -i -e '1{/^#!\/usr\/bin\/env python/d}' mechanize/_entities.py mechanize/_equiv.py mechanize/_form_controls.py mechanize/polyglot.py
[   74s] + sed -i -e '1{/^#!/d}' examples/forms/echo.cgi examples/forms/example.py examples/forms/simple.py
[   74s] + chmod -x examples/forms/echo.cgi examples/forms/example.py examples/forms/simple.py
[   74s] + RPM_EC=0
[   74s] ++ jobs -p
[   75s] + exit 0
[   75s] Executing(%build): /usr/bin/bash -e /var/tmp/rpm-tmp.f3DXr4
[   75s] + umask 022
[   75s] + cd /home/abuild/rpmbuild/BUILD
[   75s] + /usr/bin/rm -rf /home/abuild/rpmbuild/BUILDROOT/python-mechanize-0.4.8-4.2.riscv64
[   75s] ++ dirname /home/abuild/rpmbuild/BUILDROOT/python-mechanize-0.4.8-4.2.riscv64
[   75s] + /usr/bin/mkdir -p /home/abuild/rpmbuild/BUILDROOT
[   75s] + /usr/bin/mkdir /home/abuild/rpmbuild/BUILDROOT/python-mechanize-0.4.8-4.2.riscv64
[   75s] + cd mechanize-0.4.8
[   75s] + ref=/usr/lib/rpm
[   75s] + mints=0
[   75s] + case $(uname -m) in
[   75s] ++ uname -m
[   75s] + mints=20160911
[   75s] + for s in guess sub
[   75s] ++ find -maxdepth 8 -name config.guess
[   75s] + for s in guess sub
[   75s] ++ find -maxdepth 8 -name config.sub
[   75s] ++ '[' -f _current_flavor ']'
[   75s] ++ true
[   75s] + last_flavor=
[   75s] + '[' -z '' ']'
[   75s] + last_flavor=tmp
[   75s] + '[' tmp '!=' python38 ']'
[   75s] + '[' -d build ']'
[   75s] + '[' -d _build.python38 ']'
[   75s] + echo python38
[   75s] + python_flavor=python38
[   75s] + /usr/bin/python3.8 setup.py build '--executable=/usr/bin/python3.8 -s'
[   78s] running build
[   78s] running build_py
[   78s] creating build
[   78s] creating build/lib
[   78s] creating build/lib/mechanize
[   78s] copying mechanize/__init__.py -> build/lib/mechanize
[   78s] copying mechanize/_auth.py -> build/lib/mechanize
[   78s] copying mechanize/_clientcookie.py -> build/lib/mechanize
[   78s] copying mechanize/_debug.py -> build/lib/mechanize
[   78s] copying mechanize/_entities.py -> build/lib/mechanize
[   78s] copying mechanize/_equiv.py -> build/lib/mechanize
[   78s] copying mechanize/_form.py -> build/lib/mechanize
[   78s] copying mechanize/_form_controls.py -> build/lib/mechanize
[   78s] copying mechanize/_gzip.py -> build/lib/mechanize
[   78s] copying mechanize/_headersutil.py -> build/lib/mechanize
[   78s] copying mechanize/_html.py -> build/lib/mechanize
[   78s] copying mechanize/_http.py -> build/lib/mechanize
[   78s] copying mechanize/_mechanize.py -> build/lib/mechanize
[   78s] copying mechanize/_opener.py -> build/lib/mechanize
[   78s] copying mechanize/_request.py -> build/lib/mechanize
[   78s] copying mechanize/_response.py -> build/lib/mechanize
[   78s] copying mechanize/_rfc3986.py -> build/lib/mechanize
[   78s] copying mechanize/_sockettimeout.py -> build/lib/mechanize
[   78s] copying mechanize/_testcase.py -> build/lib/mechanize
[   78s] copying mechanize/_urllib2.py -> build/lib/mechanize
[   78s] copying mechanize/_urllib2_fork.py -> build/lib/mechanize
[   78s] copying mechanize/_useragent.py -> build/lib/mechanize
[   78s] copying mechanize/_util.py -> build/lib/mechanize
[   78s] copying mechanize/_version.py -> build/lib/mechanize
[   78s] copying mechanize/polyglot.py -> build/lib/mechanize
[   78s] ++ '[' -f _current_flavor ']'
[   78s] ++ cat _current_flavor
[   78s] + last_flavor=python38
[   78s] + '[' -z python38 ']'
[   78s] + '[' python38 '!=' python39 ']'
[   78s] + '[' -d build ']'
[   78s] + mv build _build.python38
[   78s] + '[' -d _build.python39 ']'
[   78s] + echo python39
[   78s] + python_flavor=python39
[   78s] + /usr/bin/python3.9 setup.py build '--executable=/usr/bin/python3.9 -s'
[   81s] running build
[   81s] running build_py
[   81s] creating build
[   81s] creating build/lib
[   81s] creating build/lib/mechanize
[   81s] copying mechanize/__init__.py -> build/lib/mechanize
[   81s] copying mechanize/_auth.py -> build/lib/mechanize
[   81s] copying mechanize/_clientcookie.py -> build/lib/mechanize
[   81s] copying mechanize/_debug.py -> build/lib/mechanize
[   81s] copying mechanize/_entities.py -> build/lib/mechanize
[   81s] copying mechanize/_equiv.py -> build/lib/mechanize
[   81s] copying mechanize/_form.py -> build/lib/mechanize
[   81s] copying mechanize/_form_controls.py -> build/lib/mechanize
[   81s] copying mechanize/_gzip.py -> build/lib/mechanize
[   81s] copying mechanize/_headersutil.py -> build/lib/mechanize
[   81s] copying mechanize/_html.py -> build/lib/mechanize
[   81s] copying mechanize/_http.py -> build/lib/mechanize
[   81s] copying mechanize/_mechanize.py -> build/lib/mechanize
[   81s] copying mechanize/_opener.py -> build/lib/mechanize
[   81s] copying mechanize/_request.py -> build/lib/mechanize
[   81s] copying mechanize/_response.py -> build/lib/mechanize
[   81s] copying mechanize/_rfc3986.py -> build/lib/mechanize
[   81s] copying mechanize/_sockettimeout.py -> build/lib/mechanize
[   81s] copying mechanize/_testcase.py -> build/lib/mechanize
[   81s] copying mechanize/_urllib2.py -> build/lib/mechanize
[   81s] copying mechanize/_urllib2_fork.py -> build/lib/mechanize
[   81s] copying mechanize/_useragent.py -> build/lib/mechanize
[   81s] copying mechanize/_util.py -> build/lib/mechanize
[   81s] copying mechanize/_version.py -> build/lib/mechanize
[   81s] copying mechanize/polyglot.py -> build/lib/mechanize
[   81s] ++ '[' -f _current_flavor ']'
[   81s] ++ cat _current_flavor
[   81s] + last_flavor=python39
[   81s] + '[' -z python39 ']'
[   81s] + '[' python39 '!=' python311 ']'
[   81s] + '[' -d build ']'
[   81s] + mv build _build.python39
[   81s] + '[' -d _build.python311 ']'
[   81s] + echo python311
[   81s] + python_flavor=python311
[   81s] + /usr/bin/python3.11 setup.py build '--executable=/usr/bin/python3.11 -s'
[   83s] running build
[   83s] running build_py
[   83s] creating build
[   83s] creating build/lib
[   83s] creating build/lib/mechanize
[   83s] copying mechanize/__init__.py -> build/lib/mechanize
[   83s] copying mechanize/_auth.py -> build/lib/mechanize
[   83s] copying mechanize/_clientcookie.py -> build/lib/mechanize
[   83s] copying mechanize/_debug.py -> build/lib/mechanize
[   83s] copying mechanize/_entities.py -> build/lib/mechanize
[   83s] copying mechanize/_equiv.py -> build/lib/mechanize
[   83s] copying mechanize/_form.py -> build/lib/mechanize
[   83s] copying mechanize/_form_controls.py -> build/lib/mechanize
[   83s] copying mechanize/_gzip.py -> build/lib/mechanize
[   83s] copying mechanize/_headersutil.py -> build/lib/mechanize
[   83s] copying mechanize/_html.py -> build/lib/mechanize
[   83s] copying mechanize/_http.py -> build/lib/mechanize
[   83s] copying mechanize/_mechanize.py -> build/lib/mechanize
[   83s] copying mechanize/_opener.py -> build/lib/mechanize
[   83s] copying mechanize/_request.py -> build/lib/mechanize
[   83s] copying mechanize/_response.py -> build/lib/mechanize
[   83s] copying mechanize/_rfc3986.py -> build/lib/mechanize
[   83s] copying mechanize/_sockettimeout.py -> build/lib/mechanize
[   83s] copying mechanize/_testcase.py -> build/lib/mechanize
[   83s] copying mechanize/_urllib2.py -> build/lib/mechanize
[   83s] copying mechanize/_urllib2_fork.py -> build/lib/mechanize
[   83s] copying mechanize/_useragent.py -> build/lib/mechanize
[   83s] copying mechanize/_util.py -> build/lib/mechanize
[   83s] copying mechanize/_version.py -> build/lib/mechanize
[   83s] copying mechanize/polyglot.py -> build/lib/mechanize
[   83s] ++ '[' -f _current_flavor ']'
[   83s] ++ cat _current_flavor
[   83s] + last_flavor=python311
[   83s] + '[' -z python311 ']'
[   83s] + '[' python311 '!=' python310 ']'
[   83s] + '[' -d build ']'
[   83s] + mv build _build.python311
[   84s] + '[' -d _build.python310 ']'
[   84s] + echo python310
[   84s] + python_flavor=python310
[   84s] + /usr/bin/python3.10 setup.py build '--executable=/usr/bin/python3.10 -s'
[   86s] running build
[   86s] running build_py
[   86s] creating build
[   86s] creating build/lib
[   86s] creating build/lib/mechanize
[   86s] copying mechanize/__init__.py -> build/lib/mechanize
[   86s] copying mechanize/_auth.py -> build/lib/mechanize
[   86s] copying mechanize/_clientcookie.py -> build/lib/mechanize
[   86s] copying mechanize/_debug.py -> build/lib/mechanize
[   86s] copying mechanize/_entities.py -> build/lib/mechanize
[   86s] copying mechanize/_equiv.py -> build/lib/mechanize
[   86s] copying mechanize/_form.py -> build/lib/mechanize
[   86s] copying mechanize/_form_controls.py -> build/lib/mechanize
[   86s] copying mechanize/_gzip.py -> build/lib/mechanize
[   86s] copying mechanize/_headersutil.py -> build/lib/mechanize
[   86s] copying mechanize/_html.py -> build/lib/mechanize
[   86s] copying mechanize/_http.py -> build/lib/mechanize
[   86s] copying mechanize/_mechanize.py -> build/lib/mechanize
[   86s] copying mechanize/_opener.py -> build/lib/mechanize
[   86s] copying mechanize/_request.py -> build/lib/mechanize
[   86s] copying mechanize/_response.py -> build/lib/mechanize
[   86s] copying mechanize/_rfc3986.py -> build/lib/mechanize
[   86s] copying mechanize/_sockettimeout.py -> build/lib/mechanize
[   86s] copying mechanize/_testcase.py -> build/lib/mechanize
[   86s] copying mechanize/_urllib2.py -> build/lib/mechanize
[   86s] copying mechanize/_urllib2_fork.py -> build/lib/mechanize
[   86s] copying mechanize/_useragent.py -> build/lib/mechanize
[   86s] copying mechanize/_util.py -> build/lib/mechanize
[   86s] copying mechanize/_version.py -> build/lib/mechanize
[   86s] copying mechanize/polyglot.py -> build/lib/mechanize
[   86s] + RPM_EC=0
[   86s] ++ jobs -p
[   86s] + exit 0
[   86s] Executing(%install): /usr/bin/bash -e /var/tmp/rpm-tmp.zpGsMh
[   87s] + umask 022
[   87s] + cd /home/abuild/rpmbuild/BUILD
[   87s] + /usr/bin/rm -rf /home/abuild/rpmbuild/BUILDROOT/python-mechanize-0.4.8-4.2.riscv64
[   87s] + /usr/bin/mkdir -p /home/abuild/rpmbuild/BUILDROOT
[   87s] + /usr/bin/mkdir /home/abuild/rpmbuild/BUILDROOT/python-mechanize-0.4.8-4.2.riscv64
[   87s] + cd mechanize-0.4.8
[   87s] ++ '[' -f _current_flavor ']'
[   87s] ++ cat _current_flavor
[   87s] + last_flavor=python310
[   87s] + '[' -z python310 ']'
[   87s] + '[' python310 '!=' python38 ']'
[   87s] + '[' -d build ']'
[   87s] + mv build _build.python310
[   87s] + '[' -d _build.python38 ']'
[   87s] + mv _build.python38 build
[   87s] + echo python38
[   87s] + python_flavor=python38
[   87s] + /usr/bin/python3.8 setup.py install -O1 --skip-build --force --root /home/abuild/rpmbuild/BUILDROOT/python-mechanize-0.4.8-4.2.riscv64 --prefix /usr
[   89s] running install
[   90s] running install_lib
[   90s] creating /home/abuild/rpmbuild/BUILDROOT/python-mechanize-0.4.8-4.2.riscv64/usr
[   90s] creating /home/abuild/rpmbuild/BUILDROOT/python-mechanize-0.4.8-4.2.riscv64/usr/lib
[   90s] creating /home/abuild/rpmbuild/BUILDROOT/python-mechanize-0.4.8-4.2.riscv64/usr/lib/python3.8
[   90s] creating /home/abuild/rpmbuild/BUILDROOT/python-mechanize-0.4.8-4.2.riscv64/usr/lib/python3.8/site-packages
[   90s] creating /home/abuild/rpmbuild/BUILDROOT/python-mechanize-0.4.8-4.2.riscv64/usr/lib/python3.8/site-packages/mechanize
[   90s] copying build/lib/mechanize/__init__.py -> /home/abuild/rpmbuild/BUILDROOT/python-mechanize-0.4.8-4.2.riscv64/usr/lib/python3.8/site-packages/mechanize
[   90s] copying build/lib/mechanize/_auth.py -> /home/abuild/rpmbuild/BUILDROOT/python-mechanize-0.4.8-4.2.riscv64/usr/lib/python3.8/site-packages/mechanize
[   90s] copying build/lib/mechanize/_clientcookie.py -> /home/abuild/rpmbuild/BUILDROOT/python-mechanize-0.4.8-4.2.riscv64/usr/lib/python3.8/site-packages/mechanize
[   90s] copying build/lib/mechanize/_debug.py -> /home/abuild/rpmbuild/BUILDROOT/python-mechanize-0.4.8-4.2.riscv64/usr/lib/python3.8/site-packages/mechanize
[   90s] copying build/lib/mechanize/_entities.py -> /home/abuild/rpmbuild/BUILDROOT/python-mechanize-0.4.8-4.2.riscv64/usr/lib/python3.8/site-packages/mechanize
[   90s] copying build/lib/mechanize/_equiv.py -> /home/abuild/rpmbuild/BUILDROOT/python-mechanize-0.4.8-4.2.riscv64/usr/lib/python3.8/site-packages/mechanize
[   90s] copying build/lib/mechanize/_form.py -> /home/abuild/rpmbuild/BUILDROOT/python-mechanize-0.4.8-4.2.riscv64/usr/lib/python3.8/site-packages/mechanize
[   90s] copying build/lib/mechanize/_form_controls.py -> /home/abuild/rpmbuild/BUILDROOT/python-mechanize-0.4.8-4.2.riscv64/usr/lib/python3.8/site-packages/mechanize
[   90s] copying build/lib/mechanize/_gzip.py -> /home/abuild/rpmbuild/BUILDROOT/python-mechanize-0.4.8-4.2.riscv64/usr/lib/python3.8/site-packages/mechanize
[   90s] copying build/lib/mechanize/_headersutil.py -> /home/abuild/rpmbuild/BUILDROOT/python-mechanize-0.4.8-4.2.riscv64/usr/lib/python3.8/site-packages/mechanize
[   90s] copying build/lib/mechanize/_html.py -> /home/abuild/rpmbuild/BUILDROOT/python-mechanize-0.4.8-4.2.riscv64/usr/lib/python3.8/site-packages/mechanize
[   90s] copying build/lib/mechanize/_http.py -> /home/abuild/rpmbuild/BUILDROOT/python-mechanize-0.4.8-4.2.riscv64/usr/lib/python3.8/site-packages/mechanize
[   90s] copying build/lib/mechanize/_mechanize.py -> /home/abuild/rpmbuild/BUILDROOT/python-mechanize-0.4.8-4.2.riscv64/usr/lib/python3.8/site-packages/mechanize
[   90s] copying build/lib/mechanize/_opener.py -> /home/abuild/rpmbuild/BUILDROOT/python-mechanize-0.4.8-4.2.riscv64/usr/lib/python3.8/site-packages/mechanize
[   90s] copying build/lib/mechanize/_request.py -> /home/abuild/rpmbuild/BUILDROOT/python-mechanize-0.4.8-4.2.riscv64/usr/lib/python3.8/site-packages/mechanize
[   90s] copying build/lib/mechanize/_response.py -> /home/abuild/rpmbuild/BUILDROOT/python-mechanize-0.4.8-4.2.riscv64/usr/lib/python3.8/site-packages/mechanize
[   90s] copying build/lib/mechanize/_rfc3986.py -> /home/abuild/rpmbuild/BUILDROOT/python-mechanize-0.4.8-4.2.riscv64/usr/lib/python3.8/site-packages/mechanize
[   90s] copying build/lib/mechanize/_sockettimeout.py -> /home/abuild/rpmbuild/BUILDROOT/python-mechanize-0.4.8-4.2.riscv64/usr/lib/python3.8/site-packages/mechanize
[   90s] copying build/lib/mechanize/_testcase.py -> /home/abuild/rpmbuild/BUILDROOT/python-mechanize-0.4.8-4.2.riscv64/usr/lib/python3.8/site-packages/mechanize
[   90s] copying build/lib/mechanize/_urllib2.py -> /home/abuild/rpmbuild/BUILDROOT/python-mechanize-0.4.8-4.2.riscv64/usr/lib/python3.8/site-packages/mechanize
[   90s] copying build/lib/mechanize/_urllib2_fork.py -> /home/abuild/rpmbuild/BUILDROOT/python-mechanize-0.4.8-4.2.riscv64/usr/lib/python3.8/site-packages/mechanize
[   90s] copying build/lib/mechanize/_useragent.py -> /home/abuild/rpmbuild/BUILDROOT/python-mechanize-0.4.8-4.2.riscv64/usr/lib/python3.8/site-packages/mechanize
[   90s] copying build/lib/mechanize/_util.py -> /home/abuild/rpmbuild/BUILDROOT/python-mechanize-0.4.8-4.2.riscv64/usr/lib/python3.8/site-packages/mechanize
[   90s] copying build/lib/mechanize/_version.py -> /home/abuild/rpmbuild/BUILDROOT/python-mechanize-0.4.8-4.2.riscv64/usr/lib/python3.8/site-packages/mechanize
[   90s] copying build/lib/mechanize/polyglot.py -> /home/abuild/rpmbuild/BUILDROOT/python-mechanize-0.4.8-4.2.riscv64/usr/lib/python3.8/site-packages/mechanize
[   90s] byte-compiling /home/abuild/rpmbuild/BUILDROOT/python-mechanize-0.4.8-4.2.riscv64/usr/lib/python3.8/site-packages/mechanize/__init__.py to __init__.cpython-38.pyc
[   90s] byte-compiling /home/abuild/rpmbuild/BUILDROOT/python-mechanize-0.4.8-4.2.riscv64/usr/lib/python3.8/site-packages/mechanize/_auth.py to _auth.cpython-38.pyc
[   90s] byte-compiling /home/abuild/rpmbuild/BUILDROOT/python-mechanize-0.4.8-4.2.riscv64/usr/lib/python3.8/site-packages/mechanize/_clientcookie.py to _clientcookie.cpython-38.pyc
[   90s] byte-compiling /home/abuild/rpmbuild/BUILDROOT/python-mechanize-0.4.8-4.2.riscv64/usr/lib/python3.8/site-packages/mechanize/_debug.py to _debug.cpython-38.pyc
[   90s] byte-compiling /home/abuild/rpmbuild/BUILDROOT/python-mechanize-0.4.8-4.2.riscv64/usr/lib/python3.8/site-packages/mechanize/_entities.py to _entities.cpython-38.pyc
[   90s] byte-compiling /home/abuild/rpmbuild/BUILDROOT/python-mechanize-0.4.8-4.2.riscv64/usr/lib/python3.8/site-packages/mechanize/_equiv.py to _equiv.cpython-38.pyc
[   90s] byte-compiling /home/abuild/rpmbuild/BUILDROOT/python-mechanize-0.4.8-4.2.riscv64/usr/lib/python3.8/site-packages/mechanize/_form.py to _form.cpython-38.pyc
[   90s] byte-compiling /home/abuild/rpmbuild/BUILDROOT/python-mechanize-0.4.8-4.2.riscv64/usr/lib/python3.8/site-packages/mechanize/_form_controls.py to _form_controls.cpython-38.pyc
[   90s] byte-compiling /home/abuild/rpmbuild/BUILDROOT/python-mechanize-0.4.8-4.2.riscv64/usr/lib/python3.8/site-packages/mechanize/_gzip.py to _gzip.cpython-38.pyc
[   90s] byte-compiling /home/abuild/rpmbuild/BUILDROOT/python-mechanize-0.4.8-4.2.riscv64/usr/lib/python3.8/site-packages/mechanize/_headersutil.py to _headersutil.cpython-38.pyc
[   90s] byte-compiling /home/abuild/rpmbuild/BUILDROOT/python-mechanize-0.4.8-4.2.riscv64/usr/lib/python3.8/site-packages/mechanize/_html.py to _html.cpython-38.pyc
[   90s] byte-compiling /home/abuild/rpmbuild/BUILDROOT/python-mechanize-0.4.8-4.2.riscv64/usr/lib/python3.8/site-packages/mechanize/_http.py to _http.cpython-38.pyc
[   90s] byte-compiling /home/abuild/rpmbuild/BUILDROOT/python-mechanize-0.4.8-4.2.riscv64/usr/lib/python3.8/site-packages/mechanize/_mechanize.py to _mechanize.cpython-38.pyc
[   90s] byte-compiling /home/abuild/rpmbuild/BUILDROOT/python-mechanize-0.4.8-4.2.riscv64/usr/lib/python3.8/site-packages/mechanize/_opener.py to _opener.cpython-38.pyc
[   90s] byte-compiling /home/abuild/rpmbuild/BUILDROOT/python-mechanize-0.4.8-4.2.riscv64/usr/lib/python3.8/site-packages/mechanize/_request.py to _request.cpython-38.pyc
[   90s] byte-compiling /home/abuild/rpmbuild/BUILDROOT/python-mechanize-0.4.8-4.2.riscv64/usr/lib/python3.8/site-packages/mechanize/_response.py to _response.cpython-38.pyc
[   90s] byte-compiling /home/abuild/rpmbuild/BUILDROOT/python-mechanize-0.4.8-4.2.riscv64/usr/lib/python3.8/site-packages/mechanize/_rfc3986.py to _rfc3986.cpython-38.pyc
[   90s] byte-compiling /home/abuild/rpmbuild/BUILDROOT/python-mechanize-0.4.8-4.2.riscv64/usr/lib/python3.8/site-packages/mechanize/_sockettimeout.py to _sockettimeout.cpython-38.pyc
[   90s] byte-compiling /home/abuild/rpmbuild/BUILDROOT/python-mechanize-0.4.8-4.2.riscv64/usr/lib/python3.8/site-packages/mechanize/_testcase.py to _testcase.cpython-38.pyc
[   90s] byte-compiling /home/abuild/rpmbuild/BUILDROOT/python-mechanize-0.4.8-4.2.riscv64/usr/lib/python3.8/site-packages/mechanize/_urllib2.py to _urllib2.cpython-38.pyc
[   90s] byte-compiling /home/abuild/rpmbuild/BUILDROOT/python-mechanize-0.4.8-4.2.riscv64/usr/lib/python3.8/site-packages/mechanize/_urllib2_fork.py to _urllib2_fork.cpython-38.pyc
[   90s] byte-compiling /home/abuild/rpmbuild/BUILDROOT/python-mechanize-0.4.8-4.2.riscv64/usr/lib/python3.8/site-packages/mechanize/_useragent.py to _useragent.cpython-38.pyc
[   90s] byte-compiling /home/abuild/rpmbuild/BUILDROOT/python-mechanize-0.4.8-4.2.riscv64/usr/lib/python3.8/site-packages/mechanize/_util.py to _util.cpython-38.pyc
[   90s] byte-compiling /home/abuild/rpmbuild/BUILDROOT/python-mechanize-0.4.8-4.2.riscv64/usr/lib/python3.8/site-packages/mechanize/_version.py to _version.cpython-38.pyc
[   90s] byte-compiling /home/abuild/rpmbuild/BUILDROOT/python-mechanize-0.4.8-4.2.riscv64/usr/lib/python3.8/site-packages/mechanize/polyglot.py to polyglot.cpython-38.pyc
[   90s] writing byte-compilation script '/tmp/tmpce8t2ztv.py'
[   90s] /usr/bin/python3.8 /tmp/tmpce8t2ztv.py
[   93s] removing /tmp/tmpce8t2ztv.py
[   93s] running install_egg_info
[   93s] running egg_info
[   93s] writing mechanize.egg-info/PKG-INFO
[   93s] writing dependency_links to mechanize.egg-info/dependency_links.txt
[   93s] writing requirements to mechanize.egg-info/requires.txt
[   93s] writing top-level names to mechanize.egg-info/top_level.txt
[   93s] reading manifest file 'mechanize.egg-info/SOURCES.txt'
[   93s] reading manifest template 'MANIFEST.in'
[   93s] /usr/lib/python3.8/site-packages/setuptools/command/install.py:34: SetuptoolsDeprecationWarning: setup.py install is deprecated. Use build and pip and other standards-based tools.
[   93s]   warnings.warn(
[   93s] warning: no files found matching '*.cgi' under directory 'test-tools'
[   93s] adding license file 'LICENSE'
[   93s] writing manifest file 'mechanize.egg-info/SOURCES.txt'
[   93s] Copying mechanize.egg-info to /home/abuild/rpmbuild/BUILDROOT/python-mechanize-0.4.8-4.2.riscv64/usr/lib/python3.8/site-packages/mechanize-0.4.8-py3.8.egg-info
[   93s] running install_scripts
[   94s] ++ '[' -f _current_flavor ']'
[   94s] ++ cat _current_flavor
[   94s] + last_flavor=python38
[   94s] + '[' -z python38 ']'
[   94s] + '[' python38 '!=' python39 ']'
[   94s] + '[' -d build ']'
[   94s] + mv build _build.python38
[   94s] + '[' -d _build.python39 ']'
[   94s] + mv _build.python39 build
[   94s] + echo python39
[   94s] + python_flavor=python39
[   94s] + /usr/bin/python3.9 setup.py install -O1 --skip-build --force --root /home/abuild/rpmbuild/BUILDROOT/python-mechanize-0.4.8-4.2.riscv64 --prefix /usr
[   96s] running install
[   96s] /usr/lib/python3.9/site-packages/setuptools/command/install.py:34: SetuptoolsDeprecationWarning: setup.py install is deprecated. Use build and pip and other standards-based tools.
[   96s]   warnings.warn(
[   96s] running install_lib
[   96s] creating /home/abuild/rpmbuild/BUILDROOT/python-mechanize-0.4.8-4.2.riscv64/usr/lib/python3.9
[   96s] creating /home/abuild/rpmbuild/BUILDROOT/python-mechanize-0.4.8-4.2.riscv64/usr/lib/python3.9/site-packages
[   96s] creating /home/abuild/rpmbuild/BUILDROOT/python-mechanize-0.4.8-4.2.riscv64/usr/lib/python3.9/site-packages/mechanize
[   96s] copying build/lib/mechanize/__init__.py -> /home/abuild/rpmbuild/BUILDROOT/python-mechanize-0.4.8-4.2.riscv64/usr/lib/python3.9/site-packages/mechanize
[   96s] copying build/lib/mechanize/_auth.py -> /home/abuild/rpmbuild/BUILDROOT/python-mechanize-0.4.8-4.2.riscv64/usr/lib/python3.9/site-packages/mechanize
[   96s] copying build/lib/mechanize/_clientcookie.py -> /home/abuild/rpmbuild/BUILDROOT/python-mechanize-0.4.8-4.2.riscv64/usr/lib/python3.9/site-packages/mechanize
[   96s] copying build/lib/mechanize/_debug.py -> /home/abuild/rpmbuild/BUILDROOT/python-mechanize-0.4.8-4.2.riscv64/usr/lib/python3.9/site-packages/mechanize
[   96s] copying build/lib/mechanize/_entities.py -> /home/abuild/rpmbuild/BUILDROOT/python-mechanize-0.4.8-4.2.riscv64/usr/lib/python3.9/site-packages/mechanize
[   96s] copying build/lib/mechanize/_equiv.py -> /home/abuild/rpmbuild/BUILDROOT/python-mechanize-0.4.8-4.2.riscv64/usr/lib/python3.9/site-packages/mechanize
[   96s] copying build/lib/mechanize/_form.py -> /home/abuild/rpmbuild/BUILDROOT/python-mechanize-0.4.8-4.2.riscv64/usr/lib/python3.9/site-packages/mechanize
[   96s] copying build/lib/mechanize/_form_controls.py -> /home/abuild/rpmbuild/BUILDROOT/python-mechanize-0.4.8-4.2.riscv64/usr/lib/python3.9/site-packages/mechanize
[   96s] copying build/lib/mechanize/_gzip.py -> /home/abuild/rpmbuild/BUILDROOT/python-mechanize-0.4.8-4.2.riscv64/usr/lib/python3.9/site-packages/mechanize
[   96s] copying build/lib/mechanize/_headersutil.py -> /home/abuild/rpmbuild/BUILDROOT/python-mechanize-0.4.8-4.2.riscv64/usr/lib/python3.9/site-packages/mechanize
[   96s] copying build/lib/mechanize/_html.py -> /home/abuild/rpmbuild/BUILDROOT/python-mechanize-0.4.8-4.2.riscv64/usr/lib/python3.9/site-packages/mechanize
[   96s] copying build/lib/mechanize/_http.py -> /home/abuild/rpmbuild/BUILDROOT/python-mechanize-0.4.8-4.2.riscv64/usr/lib/python3.9/site-packages/mechanize
[   96s] copying build/lib/mechanize/_mechanize.py -> /home/abuild/rpmbuild/BUILDROOT/python-mechanize-0.4.8-4.2.riscv64/usr/lib/python3.9/site-packages/mechanize
[   96s] copying build/lib/mechanize/_opener.py -> /home/abuild/rpmbuild/BUILDROOT/python-mechanize-0.4.8-4.2.riscv64/usr/lib/python3.9/site-packages/mechanize
[   96s] copying build/lib/mechanize/_request.py -> /home/abuild/rpmbuild/BUILDROOT/python-mechanize-0.4.8-4.2.riscv64/usr/lib/python3.9/site-packages/mechanize
[   96s] copying build/lib/mechanize/_response.py -> /home/abuild/rpmbuild/BUILDROOT/python-mechanize-0.4.8-4.2.riscv64/usr/lib/python3.9/site-packages/mechanize
[   96s] copying build/lib/mechanize/_rfc3986.py -> /home/abuild/rpmbuild/BUILDROOT/python-mechanize-0.4.8-4.2.riscv64/usr/lib/python3.9/site-packages/mechanize
[   96s] copying build/lib/mechanize/_sockettimeout.py -> /home/abuild/rpmbuild/BUILDROOT/python-mechanize-0.4.8-4.2.riscv64/usr/lib/python3.9/site-packages/mechanize
[   96s] copying build/lib/mechanize/_testcase.py -> /home/abuild/rpmbuild/BUILDROOT/python-mechanize-0.4.8-4.2.riscv64/usr/lib/python3.9/site-packages/mechanize
[   96s] copying build/lib/mechanize/_urllib2.py -> /home/abuild/rpmbuild/BUILDROOT/python-mechanize-0.4.8-4.2.riscv64/usr/lib/python3.9/site-packages/mechanize
[   96s] copying build/lib/mechanize/_urllib2_fork.py -> /home/abuild/rpmbuild/BUILDROOT/python-mechanize-0.4.8-4.2.riscv64/usr/lib/python3.9/site-packages/mechanize
[   96s] copying build/lib/mechanize/_useragent.py -> /home/abuild/rpmbuild/BUILDROOT/python-mechanize-0.4.8-4.2.riscv64/usr/lib/python3.9/site-packages/mechanize
[   96s] copying build/lib/mechanize/_util.py -> /home/abuild/rpmbuild/BUILDROOT/python-mechanize-0.4.8-4.2.riscv64/usr/lib/python3.9/site-packages/mechanize
[   96s] copying build/lib/mechanize/_version.py -> /home/abuild/rpmbuild/BUILDROOT/python-mechanize-0.4.8-4.2.riscv64/usr/lib/python3.9/site-packages/mechanize
[   96s] copying build/lib/mechanize/polyglot.py -> /home/abuild/rpmbuild/BUILDROOT/python-mechanize-0.4.8-4.2.riscv64/usr/lib/python3.9/site-packages/mechanize
[   96s] byte-compiling /home/abuild/rpmbuild/BUILDROOT/python-mechanize-0.4.8-4.2.riscv64/usr/lib/python3.9/site-packages/mechanize/__init__.py to __init__.cpython-39.pyc
[   96s] byte-compiling /home/abuild/rpmbuild/BUILDROOT/python-mechanize-0.4.8-4.2.riscv64/usr/lib/python3.9/site-packages/mechanize/_auth.py to _auth.cpython-39.pyc
[   96s] byte-compiling /home/abuild/rpmbuild/BUILDROOT/python-mechanize-0.4.8-4.2.riscv64/usr/lib/python3.9/site-packages/mechanize/_clientcookie.py to _clientcookie.cpython-39.pyc
[   96s] byte-compiling /home/abuild/rpmbuild/BUILDROOT/python-mechanize-0.4.8-4.2.riscv64/usr/lib/python3.9/site-packages/mechanize/_debug.py to _debug.cpython-39.pyc
[   96s] byte-compiling /home/abuild/rpmbuild/BUILDROOT/python-mechanize-0.4.8-4.2.riscv64/usr/lib/python3.9/site-packages/mechanize/_entities.py to _entities.cpython-39.pyc
[   96s] byte-compiling /home/abuild/rpmbuild/BUILDROOT/python-mechanize-0.4.8-4.2.riscv64/usr/lib/python3.9/site-packages/mechanize/_equiv.py to _equiv.cpython-39.pyc
[   96s] byte-compiling /home/abuild/rpmbuild/BUILDROOT/python-mechanize-0.4.8-4.2.riscv64/usr/lib/python3.9/site-packages/mechanize/_form.py to _form.cpython-39.pyc
[   96s] byte-compiling /home/abuild/rpmbuild/BUILDROOT/python-mechanize-0.4.8-4.2.riscv64/usr/lib/python3.9/site-packages/mechanize/_form_controls.py to _form_controls.cpython-39.pyc
[   97s] byte-compiling /home/abuild/rpmbuild/BUILDROOT/python-mechanize-0.4.8-4.2.riscv64/usr/lib/python3.9/site-packages/mechanize/_gzip.py to _gzip.cpython-39.pyc
[   97s] byte-compiling /home/abuild/rpmbuild/BUILDROOT/python-mechanize-0.4.8-4.2.riscv64/usr/lib/python3.9/site-packages/mechanize/_headersutil.py to _headersutil.cpython-39.pyc
[   97s] byte-compiling /home/abuild/rpmbuild/BUILDROOT/python-mechanize-0.4.8-4.2.riscv64/usr/lib/python3.9/site-packages/mechanize/_html.py to _html.cpython-39.pyc
[   97s] byte-compiling /home/abuild/rpmbuild/BUILDROOT/python-mechanize-0.4.8-4.2.riscv64/usr/lib/python3.9/site-packages/mechanize/_http.py to _http.cpython-39.pyc
[   97s] byte-compiling /home/abuild/rpmbuild/BUILDROOT/python-mechanize-0.4.8-4.2.riscv64/usr/lib/python3.9/site-packages/mechanize/_mechanize.py to _mechanize.cpython-39.pyc
[   97s] byte-compiling /home/abuild/rpmbuild/BUILDROOT/python-mechanize-0.4.8-4.2.riscv64/usr/lib/python3.9/site-packages/mechanize/_opener.py to _opener.cpython-39.pyc
[   97s] byte-compiling /home/abuild/rpmbuild/BUILDROOT/python-mechanize-0.4.8-4.2.riscv64/usr/lib/python3.9/site-packages/mechanize/_request.py to _request.cpython-39.pyc
[   97s] byte-compiling /home/abuild/rpmbuild/BUILDROOT/python-mechanize-0.4.8-4.2.riscv64/usr/lib/python3.9/site-packages/mechanize/_response.py to _response.cpython-39.pyc
[   97s] byte-compiling /home/abuild/rpmbuild/BUILDROOT/python-mechanize-0.4.8-4.2.riscv64/usr/lib/python3.9/site-packages/mechanize/_rfc3986.py to _rfc3986.cpython-39.pyc
[   97s] byte-compiling /home/abuild/rpmbuild/BUILDROOT/python-mechanize-0.4.8-4.2.riscv64/usr/lib/python3.9/site-packages/mechanize/_sockettimeout.py to _sockettimeout.cpython-39.pyc
[   97s] byte-compiling /home/abuild/rpmbuild/BUILDROOT/python-mechanize-0.4.8-4.2.riscv64/usr/lib/python3.9/site-packages/mechanize/_testcase.py to _testcase.cpython-39.pyc
[   97s] byte-compiling /home/abuild/rpmbuild/BUILDROOT/python-mechanize-0.4.8-4.2.riscv64/usr/lib/python3.9/site-packages/mechanize/_urllib2.py to _urllib2.cpython-39.pyc
[   97s] byte-compiling /home/abuild/rpmbuild/BUILDROOT/python-mechanize-0.4.8-4.2.riscv64/usr/lib/python3.9/site-packages/mechanize/_urllib2_fork.py to _urllib2_fork.cpython-39.pyc
[   97s] byte-compiling /home/abuild/rpmbuild/BUILDROOT/python-mechanize-0.4.8-4.2.riscv64/usr/lib/python3.9/site-packages/mechanize/_useragent.py to _useragent.cpython-39.pyc
[   97s] byte-compiling /home/abuild/rpmbuild/BUILDROOT/python-mechanize-0.4.8-4.2.riscv64/usr/lib/python3.9/site-packages/mechanize/_util.py to _util.cpython-39.pyc
[   97s] byte-compiling /home/abuild/rpmbuild/BUILDROOT/python-mechanize-0.4.8-4.2.riscv64/usr/lib/python3.9/site-packages/mechanize/_version.py to _version.cpython-39.pyc
[   97s] byte-compiling /home/abuild/rpmbuild/BUILDROOT/python-mechanize-0.4.8-4.2.riscv64/usr/lib/python3.9/site-packages/mechanize/polyglot.py to polyglot.cpython-39.pyc
[   97s] writing byte-compilation script '/tmp/tmpskek_n_7.py'
[   97s] /usr/bin/python3.9 /tmp/tmpskek_n_7.py
[  100s] removing /tmp/tmpskek_n_7.py
[  100s] running install_egg_info
[  100s] running egg_info
[  100s] writing mechanize.egg-info/PKG-INFO
[  100s] writing dependency_links to mechanize.egg-info/dependency_links.txt
[  100s] writing requirements to mechanize.egg-info/requires.txt
[  100s] writing top-level names to mechanize.egg-info/top_level.txt
[  100s] reading manifest file 'mechanize.egg-info/SOURCES.txt'
[  100s] reading manifest template 'MANIFEST.in'
[  100s] warning: no files found matching '*.cgi' under directory 'test-tools'
[  100s] adding license file 'LICENSE'
[  100s] writing manifest file 'mechanize.egg-info/SOURCES.txt'
[  100s] Copying mechanize.egg-info to /home/abuild/rpmbuild/BUILDROOT/python-mechanize-0.4.8-4.2.riscv64/usr/lib/python3.9/site-packages/mechanize-0.4.8-py3.9.egg-info
[  100s] running install_scripts
[  100s] ++ '[' -f _current_flavor ']'
[  100s] ++ cat _current_flavor
[  100s] + last_flavor=python39
[  100s] + '[' -z python39 ']'
[  100s] + '[' python39 '!=' python311 ']'
[  100s] + '[' -d build ']'
[  100s] + mv build _build.python39
[  100s] + '[' -d _build.python311 ']'
[  100s] + mv _build.python311 build
[  100s] + echo python311
[  100s] + python_flavor=python311
[  100s] + /usr/bin/python3.11 setup.py install -O1 --skip-build --force --root /home/abuild/rpmbuild/BUILDROOT/python-mechanize-0.4.8-4.2.riscv64 --prefix /usr
[  103s] running install
[  103s] /usr/lib/python3.11/site-packages/setuptools/command/install.py:34: SetuptoolsDeprecationWarning: setup.py install is deprecated. Use build and pip and other standards-based tools.
[  103s]   warnings.warn(
[  103s] running install_lib
[  103s] creating /home/abuild/rpmbuild/BUILDROOT/python-mechanize-0.4.8-4.2.riscv64/usr/lib/python3.11
[  103s] creating /home/abuild/rpmbuild/BUILDROOT/python-mechanize-0.4.8-4.2.riscv64/usr/lib/python3.11/site-packages
[  103s] creating /home/abuild/rpmbuild/BUILDROOT/python-mechanize-0.4.8-4.2.riscv64/usr/lib/python3.11/site-packages/mechanize
[  103s] copying build/lib/mechanize/__init__.py -> /home/abuild/rpmbuild/BUILDROOT/python-mechanize-0.4.8-4.2.riscv64/usr/lib/python3.11/site-packages/mechanize
[  103s] copying build/lib/mechanize/_auth.py -> /home/abuild/rpmbuild/BUILDROOT/python-mechanize-0.4.8-4.2.riscv64/usr/lib/python3.11/site-packages/mechanize
[  103s] copying build/lib/mechanize/_clientcookie.py -> /home/abuild/rpmbuild/BUILDROOT/python-mechanize-0.4.8-4.2.riscv64/usr/lib/python3.11/site-packages/mechanize
[  103s] copying build/lib/mechanize/_debug.py -> /home/abuild/rpmbuild/BUILDROOT/python-mechanize-0.4.8-4.2.riscv64/usr/lib/python3.11/site-packages/mechanize
[  103s] copying build/lib/mechanize/_entities.py -> /home/abuild/rpmbuild/BUILDROOT/python-mechanize-0.4.8-4.2.riscv64/usr/lib/python3.11/site-packages/mechanize
[  103s] copying build/lib/mechanize/_equiv.py -> /home/abuild/rpmbuild/BUILDROOT/python-mechanize-0.4.8-4.2.riscv64/usr/lib/python3.11/site-packages/mechanize
[  103s] copying build/lib/mechanize/_form.py -> /home/abuild/rpmbuild/BUILDROOT/python-mechanize-0.4.8-4.2.riscv64/usr/lib/python3.11/site-packages/mechanize
[  103s] copying build/lib/mechanize/_form_controls.py -> /home/abuild/rpmbuild/BUILDROOT/python-mechanize-0.4.8-4.2.riscv64/usr/lib/python3.11/site-packages/mechanize
[  103s] copying build/lib/mechanize/_gzip.py -> /home/abuild/rpmbuild/BUILDROOT/python-mechanize-0.4.8-4.2.riscv64/usr/lib/python3.11/site-packages/mechanize
[  103s] copying build/lib/mechanize/_headersutil.py -> /home/abuild/rpmbuild/BUILDROOT/python-mechanize-0.4.8-4.2.riscv64/usr/lib/python3.11/site-packages/mechanize
[  103s] copying build/lib/mechanize/_html.py -> /home/abuild/rpmbuild/BUILDROOT/python-mechanize-0.4.8-4.2.riscv64/usr/lib/python3.11/site-packages/mechanize
[  103s] copying build/lib/mechanize/_http.py -> /home/abuild/rpmbuild/BUILDROOT/python-mechanize-0.4.8-4.2.riscv64/usr/lib/python3.11/site-packages/mechanize
[  103s] copying build/lib/mechanize/_mechanize.py -> /home/abuild/rpmbuild/BUILDROOT/python-mechanize-0.4.8-4.2.riscv64/usr/lib/python3.11/site-packages/mechanize
[  103s] copying build/lib/mechanize/_opener.py -> /home/abuild/rpmbuild/BUILDROOT/python-mechanize-0.4.8-4.2.riscv64/usr/lib/python3.11/site-packages/mechanize
[  103s] copying build/lib/mechanize/_request.py -> /home/abuild/rpmbuild/BUILDROOT/python-mechanize-0.4.8-4.2.riscv64/usr/lib/python3.11/site-packages/mechanize
[  103s] copying build/lib/mechanize/_response.py -> /home/abuild/rpmbuild/BUILDROOT/python-mechanize-0.4.8-4.2.riscv64/usr/lib/python3.11/site-packages/mechanize
[  103s] copying build/lib/mechanize/_rfc3986.py -> /home/abuild/rpmbuild/BUILDROOT/python-mechanize-0.4.8-4.2.riscv64/usr/lib/python3.11/site-packages/mechanize
[  103s] copying build/lib/mechanize/_sockettimeout.py -> /home/abuild/rpmbuild/BUILDROOT/python-mechanize-0.4.8-4.2.riscv64/usr/lib/python3.11/site-packages/mechanize
[  103s] copying build/lib/mechanize/_testcase.py -> /home/abuild/rpmbuild/BUILDROOT/python-mechanize-0.4.8-4.2.riscv64/usr/lib/python3.11/site-packages/mechanize
[  103s] copying build/lib/mechanize/_urllib2.py -> /home/abuild/rpmbuild/BUILDROOT/python-mechanize-0.4.8-4.2.riscv64/usr/lib/python3.11/site-packages/mechanize
[  103s] copying build/lib/mechanize/_urllib2_fork.py -> /home/abuild/rpmbuild/BUILDROOT/python-mechanize-0.4.8-4.2.riscv64/usr/lib/python3.11/site-packages/mechanize
[  103s] copying build/lib/mechanize/_useragent.py -> /home/abuild/rpmbuild/BUILDROOT/python-mechanize-0.4.8-4.2.riscv64/usr/lib/python3.11/site-packages/mechanize
[  103s] copying build/lib/mechanize/_util.py -> /home/abuild/rpmbuild/BUILDROOT/python-mechanize-0.4.8-4.2.riscv64/usr/lib/python3.11/site-packages/mechanize
[  103s] copying build/lib/mechanize/_version.py -> /home/abuild/rpmbuild/BUILDROOT/python-mechanize-0.4.8-4.2.riscv64/usr/lib/python3.11/site-packages/mechanize
[  103s] copying build/lib/mechanize/polyglot.py -> /home/abuild/rpmbuild/BUILDROOT/python-mechanize-0.4.8-4.2.riscv64/usr/lib/python3.11/site-packages/mechanize
[  103s] byte-compiling /home/abuild/rpmbuild/BUILDROOT/python-mechanize-0.4.8-4.2.riscv64/usr/lib/python3.11/site-packages/mechanize/__init__.py to __init__.cpython-311.pyc
[  103s] byte-compiling /home/abuild/rpmbuild/BUILDROOT/python-mechanize-0.4.8-4.2.riscv64/usr/lib/python3.11/site-packages/mechanize/_auth.py to _auth.cpython-311.pyc
[  103s] byte-compiling /home/abuild/rpmbuild/BUILDROOT/python-mechanize-0.4.8-4.2.riscv64/usr/lib/python3.11/site-packages/mechanize/_clientcookie.py to _clientcookie.cpython-311.pyc
[  103s] byte-compiling /home/abuild/rpmbuild/BUILDROOT/python-mechanize-0.4.8-4.2.riscv64/usr/lib/python3.11/site-packages/mechanize/_debug.py to _debug.cpython-311.pyc
[  103s] byte-compiling /home/abuild/rpmbuild/BUILDROOT/python-mechanize-0.4.8-4.2.riscv64/usr/lib/python3.11/site-packages/mechanize/_entities.py to _entities.cpython-311.pyc
[  103s] byte-compiling /home/abuild/rpmbuild/BUILDROOT/python-mechanize-0.4.8-4.2.riscv64/usr/lib/python3.11/site-packages/mechanize/_equiv.py to _equiv.cpython-311.pyc
[  103s] byte-compiling /home/abuild/rpmbuild/BUILDROOT/python-mechanize-0.4.8-4.2.riscv64/usr/lib/python3.11/site-packages/mechanize/_form.py to _form.cpython-311.pyc
[  103s] byte-compiling /home/abuild/rpmbuild/BUILDROOT/python-mechanize-0.4.8-4.2.riscv64/usr/lib/python3.11/site-packages/mechanize/_form_controls.py to _form_controls.cpython-311.pyc
[  103s] byte-compiling /home/abuild/rpmbuild/BUILDROOT/python-mechanize-0.4.8-4.2.riscv64/usr/lib/python3.11/site-packages/mechanize/_gzip.py to _gzip.cpython-311.pyc
[  103s] byte-compiling /home/abuild/rpmbuild/BUILDROOT/python-mechanize-0.4.8-4.2.riscv64/usr/lib/python3.11/site-packages/mechanize/_headersutil.py to _headersutil.cpython-311.pyc
[  103s] byte-compiling /home/abuild/rpmbuild/BUILDROOT/python-mechanize-0.4.8-4.2.riscv64/usr/lib/python3.11/site-packages/mechanize/_html.py to _html.cpython-311.pyc
[  103s] byte-compiling /home/abuild/rpmbuild/BUILDROOT/python-mechanize-0.4.8-4.2.riscv64/usr/lib/python3.11/site-packages/mechanize/_http.py to _http.cpython-311.pyc
[  103s] byte-compiling /home/abuild/rpmbuild/BUILDROOT/python-mechanize-0.4.8-4.2.riscv64/usr/lib/python3.11/site-packages/mechanize/_mechanize.py to _mechanize.cpython-311.pyc
[  103s] byte-compiling /home/abuild/rpmbuild/BUILDROOT/python-mechanize-0.4.8-4.2.riscv64/usr/lib/python3.11/site-packages/mechanize/_opener.py to _opener.cpython-311.pyc
[  103s] byte-compiling /home/abuild/rpmbuild/BUILDROOT/python-mechanize-0.4.8-4.2.riscv64/usr/lib/python3.11/site-packages/mechanize/_request.py to _request.cpython-311.pyc
[  103s] byte-compiling /home/abuild/rpmbuild/BUILDROOT/python-mechanize-0.4.8-4.2.riscv64/usr/lib/python3.11/site-packages/mechanize/_response.py to _response.cpython-311.pyc
[  103s] byte-compiling /home/abuild/rpmbuild/BUILDROOT/python-mechanize-0.4.8-4.2.riscv64/usr/lib/python3.11/site-packages/mechanize/_rfc3986.py to _rfc3986.cpython-311.pyc
[  103s] byte-compiling /home/abuild/rpmbuild/BUILDROOT/python-mechanize-0.4.8-4.2.riscv64/usr/lib/python3.11/site-packages/mechanize/_sockettimeout.py to _sockettimeout.cpython-311.pyc
[  103s] byte-compiling /home/abuild/rpmbuild/BUILDROOT/python-mechanize-0.4.8-4.2.riscv64/usr/lib/python3.11/site-packages/mechanize/_testcase.py to _testcase.cpython-311.pyc
[  103s] byte-compiling /home/abuild/rpmbuild/BUILDROOT/python-mechanize-0.4.8-4.2.riscv64/usr/lib/python3.11/site-packages/mechanize/_urllib2.py to _urllib2.cpython-311.pyc
[  103s] byte-compiling /home/abuild/rpmbuild/BUILDROOT/python-mechanize-0.4.8-4.2.riscv64/usr/lib/python3.11/site-packages/mechanize/_urllib2_fork.py to _urllib2_fork.cpython-311.pyc
[  104s] byte-compiling /home/abuild/rpmbuild/BUILDROOT/python-mechanize-0.4.8-4.2.riscv64/usr/lib/python3.11/site-packages/mechanize/_useragent.py to _useragent.cpython-311.pyc
[  104s] byte-compiling /home/abuild/rpmbuild/BUILDROOT/python-mechanize-0.4.8-4.2.riscv64/usr/lib/python3.11/site-packages/mechanize/_util.py to _util.cpython-311.pyc
[  104s] byte-compiling /home/abuild/rpmbuild/BUILDROOT/python-mechanize-0.4.8-4.2.riscv64/usr/lib/python3.11/site-packages/mechanize/_version.py to _version.cpython-311.pyc
[  104s] byte-compiling /home/abuild/rpmbuild/BUILDROOT/python-mechanize-0.4.8-4.2.riscv64/usr/lib/python3.11/site-packages/mechanize/polyglot.py to polyglot.cpython-311.pyc
[  104s] writing byte-compilation script '/tmp/tmpanwv07wc.py'
[  104s] /usr/bin/python3.11 /tmp/tmpanwv07wc.py
[  106s] removing /tmp/tmpanwv07wc.py
[  106s] running install_egg_info
[  107s] running egg_info
[  107s] writing mechanize.egg-info/PKG-INFO
[  107s] writing dependency_links to mechanize.egg-info/dependency_links.txt
[  107s] writing requirements to mechanize.egg-info/requires.txt
[  107s] writing top-level names to mechanize.egg-info/top_level.txt
[  107s] reading manifest file 'mechanize.egg-info/SOURCES.txt'
[  107s] reading manifest template 'MANIFEST.in'
[  107s] warning: no files found matching '*.cgi' under directory 'test-tools'
[  107s] adding license file 'LICENSE'
[  107s] writing manifest file 'mechanize.egg-info/SOURCES.txt'
[  107s] Copying mechanize.egg-info to /home/abuild/rpmbuild/BUILDROOT/python-mechanize-0.4.8-4.2.riscv64/usr/lib/python3.11/site-packages/mechanize-0.4.8-py3.11.egg-info
[  107s] running install_scripts
[  107s] ++ '[' -f _current_flavor ']'
[  107s] ++ cat _current_flavor
[  107s] + last_flavor=python311
[  107s] + '[' -z python311 ']'
[  107s] + '[' python311 '!=' python310 ']'
[  107s] + '[' -d build ']'
[  107s] + mv build _build.python311
[  107s] + '[' -d _build.python310 ']'
[  107s] + mv _build.python310 build
[  107s] + echo python310
[  107s] + python_flavor=python310
[  107s] + /usr/bin/python3.10 setup.py install -O1 --skip-build --force --root /home/abuild/rpmbuild/BUILDROOT/python-mechanize-0.4.8-4.2.riscv64 --prefix /usr
[  110s] running install
[  110s] /usr/lib/python3.10/site-packages/setuptools/command/install.py:34: SetuptoolsDeprecationWarning: setup.py install is deprecated. Use build and pip and other standards-based tools.
[  110s]   warnings.warn(
[  110s] running install_lib
[  110s] creating /home/abuild/rpmbuild/BUILDROOT/python-mechanize-0.4.8-4.2.riscv64/usr/lib/python3.10
[  110s] creating /home/abuild/rpmbuild/BUILDROOT/python-mechanize-0.4.8-4.2.riscv64/usr/lib/python3.10/site-packages
[  110s] creating /home/abuild/rpmbuild/BUILDROOT/python-mechanize-0.4.8-4.2.riscv64/usr/lib/python3.10/site-packages/mechanize
[  110s] copying build/lib/mechanize/__init__.py -> /home/abuild/rpmbuild/BUILDROOT/python-mechanize-0.4.8-4.2.riscv64/usr/lib/python3.10/site-packages/mechanize
[  110s] copying build/lib/mechanize/_auth.py -> /home/abuild/rpmbuild/BUILDROOT/python-mechanize-0.4.8-4.2.riscv64/usr/lib/python3.10/site-packages/mechanize
[  110s] copying build/lib/mechanize/_clientcookie.py -> /home/abuild/rpmbuild/BUILDROOT/python-mechanize-0.4.8-4.2.riscv64/usr/lib/python3.10/site-packages/mechanize
[  110s] copying build/lib/mechanize/_debug.py -> /home/abuild/rpmbuild/BUILDROOT/python-mechanize-0.4.8-4.2.riscv64/usr/lib/python3.10/site-packages/mechanize
[  110s] copying build/lib/mechanize/_entities.py -> /home/abuild/rpmbuild/BUILDROOT/python-mechanize-0.4.8-4.2.riscv64/usr/lib/python3.10/site-packages/mechanize
[  110s] copying build/lib/mechanize/_equiv.py -> /home/abuild/rpmbuild/BUILDROOT/python-mechanize-0.4.8-4.2.riscv64/usr/lib/python3.10/site-packages/mechanize
[  110s] copying build/lib/mechanize/_form.py -> /home/abuild/rpmbuild/BUILDROOT/python-mechanize-0.4.8-4.2.riscv64/usr/lib/python3.10/site-packages/mechanize
[  110s] copying build/lib/mechanize/_form_controls.py -> /home/abuild/rpmbuild/BUILDROOT/python-mechanize-0.4.8-4.2.riscv64/usr/lib/python3.10/site-packages/mechanize
[  110s] copying build/lib/mechanize/_gzip.py -> /home/abuild/rpmbuild/BUILDROOT/python-mechanize-0.4.8-4.2.riscv64/usr/lib/python3.10/site-packages/mechanize
[  110s] copying build/lib/mechanize/_headersutil.py -> /home/abuild/rpmbuild/BUILDROOT/python-mechanize-0.4.8-4.2.riscv64/usr/lib/python3.10/site-packages/mechanize
[  110s] copying build/lib/mechanize/_html.py -> /home/abuild/rpmbuild/BUILDROOT/python-mechanize-0.4.8-4.2.riscv64/usr/lib/python3.10/site-packages/mechanize
[  110s] copying build/lib/mechanize/_http.py -> /home/abuild/rpmbuild/BUILDROOT/python-mechanize-0.4.8-4.2.riscv64/usr/lib/python3.10/site-packages/mechanize
[  110s] copying build/lib/mechanize/_mechanize.py -> /home/abuild/rpmbuild/BUILDROOT/python-mechanize-0.4.8-4.2.riscv64/usr/lib/python3.10/site-packages/mechanize
[  110s] copying build/lib/mechanize/_opener.py -> /home/abuild/rpmbuild/BUILDROOT/python-mechanize-0.4.8-4.2.riscv64/usr/lib/python3.10/site-packages/mechanize
[  110s] copying build/lib/mechanize/_request.py -> /home/abuild/rpmbuild/BUILDROOT/python-mechanize-0.4.8-4.2.riscv64/usr/lib/python3.10/site-packages/mechanize
[  110s] copying build/lib/mechanize/_response.py -> /home/abuild/rpmbuild/BUILDROOT/python-mechanize-0.4.8-4.2.riscv64/usr/lib/python3.10/site-packages/mechanize
[  110s] copying build/lib/mechanize/_rfc3986.py -> /home/abuild/rpmbuild/BUILDROOT/python-mechanize-0.4.8-4.2.riscv64/usr/lib/python3.10/site-packages/mechanize
[  110s] copying build/lib/mechanize/_sockettimeout.py -> /home/abuild/rpmbuild/BUILDROOT/python-mechanize-0.4.8-4.2.riscv64/usr/lib/python3.10/site-packages/mechanize
[  110s] copying build/lib/mechanize/_testcase.py -> /home/abuild/rpmbuild/BUILDROOT/python-mechanize-0.4.8-4.2.riscv64/usr/lib/python3.10/site-packages/mechanize
[  110s] copying build/lib/mechanize/_urllib2.py -> /home/abuild/rpmbuild/BUILDROOT/python-mechanize-0.4.8-4.2.riscv64/usr/lib/python3.10/site-packages/mechanize
[  110s] copying build/lib/mechanize/_urllib2_fork.py -> /home/abuild/rpmbuild/BUILDROOT/python-mechanize-0.4.8-4.2.riscv64/usr/lib/python3.10/site-packages/mechanize
[  110s] copying build/lib/mechanize/_useragent.py -> /home/abuild/rpmbuild/BUILDROOT/python-mechanize-0.4.8-4.2.riscv64/usr/lib/python3.10/site-packages/mechanize
[  110s] copying build/lib/mechanize/_util.py -> /home/abuild/rpmbuild/BUILDROOT/python-mechanize-0.4.8-4.2.riscv64/usr/lib/python3.10/site-packages/mechanize
[  110s] copying build/lib/mechanize/_version.py -> /home/abuild/rpmbuild/BUILDROOT/python-mechanize-0.4.8-4.2.riscv64/usr/lib/python3.10/site-packages/mechanize
[  110s] copying build/lib/mechanize/polyglot.py -> /home/abuild/rpmbuild/BUILDROOT/python-mechanize-0.4.8-4.2.riscv64/usr/lib/python3.10/site-packages/mechanize
[  110s] byte-compiling /home/abuild/rpmbuild/BUILDROOT/python-mechanize-0.4.8-4.2.riscv64/usr/lib/python3.10/site-packages/mechanize/__init__.py to __init__.cpython-310.pyc
[  110s] byte-compiling /home/abuild/rpmbuild/BUILDROOT/python-mechanize-0.4.8-4.2.riscv64/usr/lib/python3.10/site-packages/mechanize/_auth.py to _auth.cpython-310.pyc
[  110s] byte-compiling /home/abuild/rpmbuild/BUILDROOT/python-mechanize-0.4.8-4.2.riscv64/usr/lib/python3.10/site-packages/mechanize/_clientcookie.py to _clientcookie.cpython-310.pyc
[  110s] byte-compiling /home/abuild/rpmbuild/BUILDROOT/python-mechanize-0.4.8-4.2.riscv64/usr/lib/python3.10/site-packages/mechanize/_debug.py to _debug.cpython-310.pyc
[  110s] byte-compiling /home/abuild/rpmbuild/BUILDROOT/python-mechanize-0.4.8-4.2.riscv64/usr/lib/python3.10/site-packages/mechanize/_entities.py to _entities.cpython-310.pyc
[  110s] byte-compiling /home/abuild/rpmbuild/BUILDROOT/python-mechanize-0.4.8-4.2.riscv64/usr/lib/python3.10/site-packages/mechanize/_equiv.py to _equiv.cpython-310.pyc
[  110s] byte-compiling /home/abuild/rpmbuild/BUILDROOT/python-mechanize-0.4.8-4.2.riscv64/usr/lib/python3.10/site-packages/mechanize/_form.py to _form.cpython-310.pyc
[  110s] byte-compiling /home/abuild/rpmbuild/BUILDROOT/python-mechanize-0.4.8-4.2.riscv64/usr/lib/python3.10/site-packages/mechanize/_form_controls.py to _form_controls.cpython-310.pyc
[  110s] byte-compiling /home/abuild/rpmbuild/BUILDROOT/python-mechanize-0.4.8-4.2.riscv64/usr/lib/python3.10/site-packages/mechanize/_gzip.py to _gzip.cpython-310.pyc
[  110s] byte-compiling /home/abuild/rpmbuild/BUILDROOT/python-mechanize-0.4.8-4.2.riscv64/usr/lib/python3.10/site-packages/mechanize/_headersutil.py to _headersutil.cpython-310.pyc
[  110s] byte-compiling /home/abuild/rpmbuild/BUILDROOT/python-mechanize-0.4.8-4.2.riscv64/usr/lib/python3.10/site-packages/mechanize/_html.py to _html.cpython-310.pyc
[  110s] byte-compiling /home/abuild/rpmbuild/BUILDROOT/python-mechanize-0.4.8-4.2.riscv64/usr/lib/python3.10/site-packages/mechanize/_http.py to _http.cpython-310.pyc
[  110s] byte-compiling /home/abuild/rpmbuild/BUILDROOT/python-mechanize-0.4.8-4.2.riscv64/usr/lib/python3.10/site-packages/mechanize/_mechanize.py to _mechanize.cpython-310.pyc
[  110s] byte-compiling /home/abuild/rpmbuild/BUILDROOT/python-mechanize-0.4.8-4.2.riscv64/usr/lib/python3.10/site-packages/mechanize/_opener.py to _opener.cpython-310.pyc
[  110s] byte-compiling /home/abuild/rpmbuild/BUILDROOT/python-mechanize-0.4.8-4.2.riscv64/usr/lib/python3.10/site-packages/mechanize/_request.py to _request.cpython-310.pyc
[  110s] byte-compiling /home/abuild/rpmbuild/BUILDROOT/python-mechanize-0.4.8-4.2.riscv64/usr/lib/python3.10/site-packages/mechanize/_response.py to _response.cpython-310.pyc
[  110s] byte-compiling /home/abuild/rpmbuild/BUILDROOT/python-mechanize-0.4.8-4.2.riscv64/usr/lib/python3.10/site-packages/mechanize/_rfc3986.py to _rfc3986.cpython-310.pyc
[  110s] byte-compiling /home/abuild/rpmbuild/BUILDROOT/python-mechanize-0.4.8-4.2.riscv64/usr/lib/python3.10/site-packages/mechanize/_sockettimeout.py to _sockettimeout.cpython-310.pyc
[  110s] byte-compiling /home/abuild/rpmbuild/BUILDROOT/python-mechanize-0.4.8-4.2.riscv64/usr/lib/python3.10/site-packages/mechanize/_testcase.py to _testcase.cpython-310.pyc
[  110s] byte-compiling /home/abuild/rpmbuild/BUILDROOT/python-mechanize-0.4.8-4.2.riscv64/usr/lib/python3.10/site-packages/mechanize/_urllib2.py to _urllib2.cpython-310.pyc
[  110s] byte-compiling /home/abuild/rpmbuild/BUILDROOT/python-mechanize-0.4.8-4.2.riscv64/usr/lib/python3.10/site-packages/mechanize/_urllib2_fork.py to _urllib2_fork.cpython-310.pyc
[  110s] byte-compiling /home/abuild/rpmbuild/BUILDROOT/python-mechanize-0.4.8-4.2.riscv64/usr/lib/python3.10/site-packages/mechanize/_useragent.py to _useragent.cpython-310.pyc
[  110s] byte-compiling /home/abuild/rpmbuild/BUILDROOT/python-mechanize-0.4.8-4.2.riscv64/usr/lib/python3.10/site-packages/mechanize/_util.py to _util.cpython-310.pyc
[  110s] byte-compiling /home/abuild/rpmbuild/BUILDROOT/python-mechanize-0.4.8-4.2.riscv64/usr/lib/python3.10/site-packages/mechanize/_version.py to _version.cpython-310.pyc
[  110s] byte-compiling /home/abuild/rpmbuild/BUILDROOT/python-mechanize-0.4.8-4.2.riscv64/usr/lib/python3.10/site-packages/mechanize/polyglot.py to polyglot.cpython-310.pyc
[  110s] writing byte-compilation script '/tmp/tmp9vuoxwd5.py'
[  110s] /usr/bin/python3.10 /tmp/tmp9vuoxwd5.py
[  113s] removing /tmp/tmp9vuoxwd5.py
[  113s] running install_egg_info
[  113s] running egg_info
[  113s] writing mechanize.egg-info/PKG-INFO
[  113s] writing dependency_links to mechanize.egg-info/dependency_links.txt
[  113s] writing requirements to mechanize.egg-info/requires.txt
[  113s] writing top-level names to mechanize.egg-info/top_level.txt
[  113s] reading manifest file 'mechanize.egg-info/SOURCES.txt'
[  113s] reading manifest template 'MANIFEST.in'
[  113s] warning: no files found matching '*.cgi' under directory 'test-tools'
[  113s] adding license file 'LICENSE'
[  113s] writing manifest file 'mechanize.egg-info/SOURCES.txt'
[  113s] Copying mechanize.egg-info to /home/abuild/rpmbuild/BUILDROOT/python-mechanize-0.4.8-4.2.riscv64/usr/lib/python3.10/site-packages/mechanize-0.4.8-py3.10.egg-info
[  113s] running install_scripts
[  114s] ++ '[' -f _current_flavor ']'
[  114s] ++ cat _current_flavor
[  114s] + last_flavor=python310
[  114s] + '[' -z python310 ']'
[  114s] + '[' python310 '!=' python38 ']'
[  114s] + '[' -d build ']'
[  114s] + mv build _build.python310
[  114s] + '[' -d _build.python38 ']'
[  114s] + mv _build.python38 build
[  114s] + echo python38
[  114s] + python_flavor=python38
[  114s] + /usr/lib/rpm/fdupes_wrapper /home/abuild/rpmbuild/BUILDROOT/python-mechanize-0.4.8-4.2.riscv64/usr/lib/python3.8/site-packages
[  114s] Linking /home/abuild/rpmbuild/BUILDROOT/python-mechanize-0.4.8-4.2.riscv64/usr/lib/python3.8/site-packages/mechanize-0.4.8-py3.8.egg-info/dependency_links.txt -> /home/abuild/rpmbuild/BUILDROOT/python-mechanize-0.4.8-4.2.riscv64/usr/lib/python3.8/site-packages/mechanize-0.4.8-py3.8.egg-info/zip-safe
[  114s] Linking /home/abuild/rpmbuild/BUILDROOT/python-mechanize-0.4.8-4.2.riscv64/usr/lib/python3.8/site-packages/mechanize/__pycache__/polyglot.cpython-38.opt-1.pyc -> /home/abuild/rpmbuild/BUILDROOT/python-mechanize-0.4.8-4.2.riscv64/usr/lib/python3.8/site-packages/mechanize/__pycache__/polyglot.cpython-38.pyc
[  114s] Linking /home/abuild/rpmbuild/BUILDROOT/python-mechanize-0.4.8-4.2.riscv64/usr/lib/python3.8/site-packages/mechanize/__pycache__/_version.cpython-38.opt-1.pyc -> /home/abuild/rpmbuild/BUILDROOT/python-mechanize-0.4.8-4.2.riscv64/usr/lib/python3.8/site-packages/mechanize/__pycache__/_version.cpython-38.pyc
[  114s] Linking /home/abuild/rpmbuild/BUILDROOT/python-mechanize-0.4.8-4.2.riscv64/usr/lib/python3.8/site-packages/mechanize/__pycache__/_util.cpython-38.opt-1.pyc -> /home/abuild/rpmbuild/BUILDROOT/python-mechanize-0.4.8-4.2.riscv64/usr/lib/python3.8/site-packages/mechanize/__pycache__/_util.cpython-38.pyc
[  114s] Linking /home/abuild/rpmbuild/BUILDROOT/python-mechanize-0.4.8-4.2.riscv64/usr/lib/python3.8/site-packages/mechanize/__pycache__/_urllib2.cpython-38.opt-1.pyc -> /home/abuild/rpmbuild/BUILDROOT/python-mechanize-0.4.8-4.2.riscv64/usr/lib/python3.8/site-packages/mechanize/__pycache__/_urllib2.cpython-38.pyc
[  114s] Linking /home/abuild/rpmbuild/BUILDROOT/python-mechanize-0.4.8-4.2.riscv64/usr/lib/python3.8/site-packages/mechanize/__pycache__/_testcase.cpython-38.opt-1.pyc -> /home/abuild/rpmbuild/BUILDROOT/python-mechanize-0.4.8-4.2.riscv64/usr/lib/python3.8/site-packages/mechanize/__pycache__/_testcase.cpython-38.pyc
[  114s] Linking /home/abuild/rpmbuild/BUILDROOT/python-mechanize-0.4.8-4.2.riscv64/usr/lib/python3.8/site-packages/mechanize/__pycache__/_urllib2_fork.cpython-38.opt-1.pyc -> /home/abuild/rpmbuild/BUILDROOT/python-mechanize-0.4.8-4.2.riscv64/usr/lib/python3.8/site-packages/mechanize/__pycache__/_urllib2_fork.cpython-38.pyc
[  114s] Linking /home/abuild/rpmbuild/BUILDROOT/python-mechanize-0.4.8-4.2.riscv64/usr/lib/python3.8/site-packages/mechanize/__pycache__/_rfc3986.cpython-38.opt-1.pyc -> /home/abuild/rpmbuild/BUILDROOT/python-mechanize-0.4.8-4.2.riscv64/usr/lib/python3.8/site-packages/mechanize/__pycache__/_rfc3986.cpython-38.pyc
[  114s] Linking /home/abuild/rpmbuild/BUILDROOT/python-mechanize-0.4.8-4.2.riscv64/usr/lib/python3.8/site-packages/mechanize/__pycache__/_sockettimeout.cpython-38.opt-1.pyc -> /home/abuild/rpmbuild/BUILDROOT/python-mechanize-0.4.8-4.2.riscv64/usr/lib/python3.8/site-packages/mechanize/__pycache__/_sockettimeout.cpython-38.pyc
[  114s] Linking /home/abuild/rpmbuild/BUILDROOT/python-mechanize-0.4.8-4.2.riscv64/usr/lib/python3.8/site-packages/mechanize/__pycache__/_request.cpython-38.opt-1.pyc -> /home/abuild/rpmbuild/BUILDROOT/python-mechanize-0.4.8-4.2.riscv64/usr/lib/python3.8/site-packages/mechanize/__pycache__/_request.cpython-38.pyc
[  114s] Linking /home/abuild/rpmbuild/BUILDROOT/python-mechanize-0.4.8-4.2.riscv64/usr/lib/python3.8/site-packages/mechanize/__pycache__/_opener.cpython-38.opt-1.pyc -> /home/abuild/rpmbuild/BUILDROOT/python-mechanize-0.4.8-4.2.riscv64/usr/lib/python3.8/site-packages/mechanize/__pycache__/_opener.cpython-38.pyc
[  114s] Linking /home/abuild/rpmbuild/BUILDROOT/python-mechanize-0.4.8-4.2.riscv64/usr/lib/python3.8/site-packages/mechanize/__pycache__/_response.cpython-38.opt-1.pyc -> /home/abuild/rpmbuild/BUILDROOT/python-mechanize-0.4.8-4.2.riscv64/usr/lib/python3.8/site-packages/mechanize/__pycache__/_response.cpython-38.pyc
[  114s] Linking /home/abuild/rpmbuild/BUILDROOT/python-mechanize-0.4.8-4.2.riscv64/usr/lib/python3.8/site-packages/mechanize/__pycache__/_http.cpython-38.opt-1.pyc -> /home/abuild/rpmbuild/BUILDROOT/python-mechanize-0.4.8-4.2.riscv64/usr/lib/python3.8/site-packages/mechanize/__pycache__/_http.cpython-38.pyc
[  114s] Linking /home/abuild/rpmbuild/BUILDROOT/python-mechanize-0.4.8-4.2.riscv64/usr/lib/python3.8/site-packages/mechanize/__pycache__/_html.cpython-38.opt-1.pyc -> /home/abuild/rpmbuild/BUILDROOT/python-mechanize-0.4.8-4.2.riscv64/usr/lib/python3.8/site-packages/mechanize/__pycache__/_html.cpython-38.pyc
[  114s] Linking /home/abuild/rpmbuild/BUILDROOT/python-mechanize-0.4.8-4.2.riscv64/usr/lib/python3.8/site-packages/mechanize/__pycache__/_mechanize.cpython-38.opt-1.pyc -> /home/abuild/rpmbuild/BUILDROOT/python-mechanize-0.4.8-4.2.riscv64/usr/lib/python3.8/site-packages/mechanize/__pycache__/_mechanize.cpython-38.pyc
[  114s] Linking /home/abuild/rpmbuild/BUILDROOT/python-mechanize-0.4.8-4.2.riscv64/usr/lib/python3.8/site-packages/mechanize/__pycache__/_gzip.cpython-38.opt-1.pyc -> /home/abuild/rpmbuild/BUILDROOT/python-mechanize-0.4.8-4.2.riscv64/usr/lib/python3.8/site-packages/mechanize/__pycache__/_gzip.cpython-38.pyc
[  114s] Linking /home/abuild/rpmbuild/BUILDROOT/python-mechanize-0.4.8-4.2.riscv64/usr/lib/python3.8/site-packages/mechanize/__pycache__/_headersutil.cpython-38.opt-1.pyc -> /home/abuild/rpmbuild/BUILDROOT/python-mechanize-0.4.8-4.2.riscv64/usr/lib/python3.8/site-packages/mechanize/__pycache__/_headersutil.cpython-38.pyc
[  114s] Linking /home/abuild/rpmbuild/BUILDROOT/python-mechanize-0.4.8-4.2.riscv64/usr/lib/python3.8/site-packages/mechanize/__pycache__/_form.cpython-38.opt-1.pyc -> /home/abuild/rpmbuild/BUILDROOT/python-mechanize-0.4.8-4.2.riscv64/usr/lib/python3.8/site-packages/mechanize/__pycache__/_form.cpython-38.pyc
[  114s] Linking /home/abuild/rpmbuild/BUILDROOT/python-mechanize-0.4.8-4.2.riscv64/usr/lib/python3.8/site-packages/mechanize/__pycache__/_equiv.cpython-38.opt-1.pyc -> /home/abuild/rpmbuild/BUILDROOT/python-mechanize-0.4.8-4.2.riscv64/usr/lib/python3.8/site-packages/mechanize/__pycache__/_equiv.cpython-38.pyc
[  114s] Linking /home/abuild/rpmbuild/BUILDROOT/python-mechanize-0.4.8-4.2.riscv64/usr/lib/python3.8/site-packages/mechanize/__pycache__/_debug.cpython-38.opt-1.pyc -> /home/abuild/rpmbuild/BUILDROOT/python-mechanize-0.4.8-4.2.riscv64/usr/lib/python3.8/site-packages/mechanize/__pycache__/_debug.cpython-38.pyc
[  114s] Linking /home/abuild/rpmbuild/BUILDROOT/python-mechanize-0.4.8-4.2.riscv64/usr/lib/python3.8/site-packages/mechanize/__pycache__/_auth.cpython-38.opt-1.pyc -> /home/abuild/rpmbuild/BUILDROOT/python-mechanize-0.4.8-4.2.riscv64/usr/lib/python3.8/site-packages/mechanize/__pycache__/_auth.cpython-38.pyc
[  114s] Linking /home/abuild/rpmbuild/BUILDROOT/python-mechanize-0.4.8-4.2.riscv64/usr/lib/python3.8/site-packages/mechanize/__pycache__/__init__.cpython-38.opt-1.pyc -> /home/abuild/rpmbuild/BUILDROOT/python-mechanize-0.4.8-4.2.riscv64/usr/lib/python3.8/site-packages/mechanize/__pycache__/__init__.cpython-38.pyc
[  114s] Linking /home/abuild/rpmbuild/BUILDROOT/python-mechanize-0.4.8-4.2.riscv64/usr/lib/python3.8/site-packages/mechanize/__pycache__/_clientcookie.cpython-38.opt-1.pyc -> /home/abuild/rpmbuild/BUILDROOT/python-mechanize-0.4.8-4.2.riscv64/usr/lib/python3.8/site-packages/mechanize/__pycache__/_clientcookie.cpython-38.pyc
[  114s] ++ '[' -f _current_flavor ']'
[  114s] ++ cat _current_flavor
[  114s] + last_flavor=python38
[  114s] + '[' -z python38 ']'
[  114s] + '[' python38 '!=' python39 ']'
[  114s] + '[' -d build ']'
[  114s] + mv build _build.python38
[  114s] + '[' -d _build.python39 ']'
[  114s] + mv _build.python39 build
[  114s] + echo python39
[  114s] + python_flavor=python39
[  114s] + /usr/lib/rpm/fdupes_wrapper /home/abuild/rpmbuild/BUILDROOT/python-mechanize-0.4.8-4.2.riscv64/usr/lib/python3.9/site-packages
[  114s] Linking /home/abuild/rpmbuild/BUILDROOT/python-mechanize-0.4.8-4.2.riscv64/usr/lib/python3.9/site-packages/mechanize-0.4.8-py3.9.egg-info/dependency_links.txt -> /home/abuild/rpmbuild/BUILDROOT/python-mechanize-0.4.8-4.2.riscv64/usr/lib/python3.9/site-packages/mechanize-0.4.8-py3.9.egg-info/zip-safe
[  114s] Linking /home/abuild/rpmbuild/BUILDROOT/python-mechanize-0.4.8-4.2.riscv64/usr/lib/python3.9/site-packages/mechanize/__pycache__/polyglot.cpython-39.opt-1.pyc -> /home/abuild/rpmbuild/BUILDROOT/python-mechanize-0.4.8-4.2.riscv64/usr/lib/python3.9/site-packages/mechanize/__pycache__/polyglot.cpython-39.pyc
[  114s] Linking /home/abuild/rpmbuild/BUILDROOT/python-mechanize-0.4.8-4.2.riscv64/usr/lib/python3.9/site-packages/mechanize/__pycache__/_version.cpython-39.opt-1.pyc -> /home/abuild/rpmbuild/BUILDROOT/python-mechanize-0.4.8-4.2.riscv64/usr/lib/python3.9/site-packages/mechanize/__pycache__/_version.cpython-39.pyc
[  114s] Linking /home/abuild/rpmbuild/BUILDROOT/python-mechanize-0.4.8-4.2.riscv64/usr/lib/python3.9/site-packages/mechanize/__pycache__/_util.cpython-39.opt-1.pyc -> /home/abuild/rpmbuild/BUILDROOT/python-mechanize-0.4.8-4.2.riscv64/usr/lib/python3.9/site-packages/mechanize/__pycache__/_util.cpython-39.pyc
[  114s] Linking /home/abuild/rpmbuild/BUILDROOT/python-mechanize-0.4.8-4.2.riscv64/usr/lib/python3.9/site-packages/mechanize/__pycache__/_urllib2.cpython-39.opt-1.pyc -> /home/abuild/rpmbuild/BUILDROOT/python-mechanize-0.4.8-4.2.riscv64/usr/lib/python3.9/site-packages/mechanize/__pycache__/_urllib2.cpython-39.pyc
[  114s] Linking /home/abuild/rpmbuild/BUILDROOT/python-mechanize-0.4.8-4.2.riscv64/usr/lib/python3.9/site-packages/mechanize/__pycache__/_testcase.cpython-39.opt-1.pyc -> /home/abuild/rpmbuild/BUILDROOT/python-mechanize-0.4.8-4.2.riscv64/usr/lib/python3.9/site-packages/mechanize/__pycache__/_testcase.cpython-39.pyc
[  114s] Linking /home/abuild/rpmbuild/BUILDROOT/python-mechanize-0.4.8-4.2.riscv64/usr/lib/python3.9/site-packages/mechanize/__pycache__/_urllib2_fork.cpython-39.opt-1.pyc -> /home/abuild/rpmbuild/BUILDROOT/python-mechanize-0.4.8-4.2.riscv64/usr/lib/python3.9/site-packages/mechanize/__pycache__/_urllib2_fork.cpython-39.pyc
[  114s] Linking /home/abuild/rpmbuild/BUILDROOT/python-mechanize-0.4.8-4.2.riscv64/usr/lib/python3.9/site-packages/mechanize/__pycache__/_rfc3986.cpython-39.opt-1.pyc -> /home/abuild/rpmbuild/BUILDROOT/python-mechanize-0.4.8-4.2.riscv64/usr/lib/python3.9/site-packages/mechanize/__pycache__/_rfc3986.cpython-39.pyc
[  114s] Linking /home/abuild/rpmbuild/BUILDROOT/python-mechanize-0.4.8-4.2.riscv64/usr/lib/python3.9/site-packages/mechanize/__pycache__/_sockettimeout.cpython-39.opt-1.pyc -> /home/abuild/rpmbuild/BUILDROOT/python-mechanize-0.4.8-4.2.riscv64/usr/lib/python3.9/site-packages/mechanize/__pycache__/_sockettimeout.cpython-39.pyc
[  114s] Linking /home/abuild/rpmbuild/BUILDROOT/python-mechanize-0.4.8-4.2.riscv64/usr/lib/python3.9/site-packages/mechanize/__pycache__/_request.cpython-39.opt-1.pyc -> /home/abuild/rpmbuild/BUILDROOT/python-mechanize-0.4.8-4.2.riscv64/usr/lib/python3.9/site-packages/mechanize/__pycache__/_request.cpython-39.pyc
[  114s] Linking /home/abuild/rpmbuild/BUILDROOT/python-mechanize-0.4.8-4.2.riscv64/usr/lib/python3.9/site-packages/mechanize/__pycache__/_opener.cpython-39.opt-1.pyc -> /home/abuild/rpmbuild/BUILDROOT/python-mechanize-0.4.8-4.2.riscv64/usr/lib/python3.9/site-packages/mechanize/__pycache__/_opener.cpython-39.pyc
[  114s] Linking /home/abuild/rpmbuild/BUILDROOT/python-mechanize-0.4.8-4.2.riscv64/usr/lib/python3.9/site-packages/mechanize/__pycache__/_response.cpython-39.opt-1.pyc -> /home/abuild/rpmbuild/BUILDROOT/python-mechanize-0.4.8-4.2.riscv64/usr/lib/python3.9/site-packages/mechanize/__pycache__/_response.cpython-39.pyc
[  114s] Linking /home/abuild/rpmbuild/BUILDROOT/python-mechanize-0.4.8-4.2.riscv64/usr/lib/python3.9/site-packages/mechanize/__pycache__/_http.cpython-39.opt-1.pyc -> /home/abuild/rpmbuild/BUILDROOT/python-mechanize-0.4.8-4.2.riscv64/usr/lib/python3.9/site-packages/mechanize/__pycache__/_http.cpython-39.pyc
[  114s] Linking /home/abuild/rpmbuild/BUILDROOT/python-mechanize-0.4.8-4.2.riscv64/usr/lib/python3.9/site-packages/mechanize/__pycache__/_html.cpython-39.opt-1.pyc -> /home/abuild/rpmbuild/BUILDROOT/python-mechanize-0.4.8-4.2.riscv64/usr/lib/python3.9/site-packages/mechanize/__pycache__/_html.cpython-39.pyc
[  114s] Linking /home/abuild/rpmbuild/BUILDROOT/python-mechanize-0.4.8-4.2.riscv64/usr/lib/python3.9/site-packages/mechanize/__pycache__/_mechanize.cpython-39.opt-1.pyc -> /home/abuild/rpmbuild/BUILDROOT/python-mechanize-0.4.8-4.2.riscv64/usr/lib/python3.9/site-packages/mechanize/__pycache__/_mechanize.cpython-39.pyc
[  114s] Linking /home/abuild/rpmbuild/BUILDROOT/python-mechanize-0.4.8-4.2.riscv64/usr/lib/python3.9/site-packages/mechanize/__pycache__/_gzip.cpython-39.opt-1.pyc -> /home/abuild/rpmbuild/BUILDROOT/python-mechanize-0.4.8-4.2.riscv64/usr/lib/python3.9/site-packages/mechanize/__pycache__/_gzip.cpython-39.pyc
[  114s] Linking /home/abuild/rpmbuild/BUILDROOT/python-mechanize-0.4.8-4.2.riscv64/usr/lib/python3.9/site-packages/mechanize/__pycache__/_headersutil.cpython-39.opt-1.pyc -> /home/abuild/rpmbuild/BUILDROOT/python-mechanize-0.4.8-4.2.riscv64/usr/lib/python3.9/site-packages/mechanize/__pycache__/_headersutil.cpython-39.pyc
[  114s] Linking /home/abuild/rpmbuild/BUILDROOT/python-mechanize-0.4.8-4.2.riscv64/usr/lib/python3.9/site-packages/mechanize/__pycache__/_form.cpython-39.opt-1.pyc -> /home/abuild/rpmbuild/BUILDROOT/python-mechanize-0.4.8-4.2.riscv64/usr/lib/python3.9/site-packages/mechanize/__pycache__/_form.cpython-39.pyc
[  114s] Linking /home/abuild/rpmbuild/BUILDROOT/python-mechanize-0.4.8-4.2.riscv64/usr/lib/python3.9/site-packages/mechanize/__pycache__/_equiv.cpython-39.opt-1.pyc -> /home/abuild/rpmbuild/BUILDROOT/python-mechanize-0.4.8-4.2.riscv64/usr/lib/python3.9/site-packages/mechanize/__pycache__/_equiv.cpython-39.pyc
[  114s] Linking /home/abuild/rpmbuild/BUILDROOT/python-mechanize-0.4.8-4.2.riscv64/usr/lib/python3.9/site-packages/mechanize/__pycache__/_debug.cpython-39.opt-1.pyc -> /home/abuild/rpmbuild/BUILDROOT/python-mechanize-0.4.8-4.2.riscv64/usr/lib/python3.9/site-packages/mechanize/__pycache__/_debug.cpython-39.pyc
[  114s] Linking /home/abuild/rpmbuild/BUILDROOT/python-mechanize-0.4.8-4.2.riscv64/usr/lib/python3.9/site-packages/mechanize/__pycache__/_auth.cpython-39.opt-1.pyc -> /home/abuild/rpmbuild/BUILDROOT/python-mechanize-0.4.8-4.2.riscv64/usr/lib/python3.9/site-packages/mechanize/__pycache__/_auth.cpython-39.pyc
[  114s] Linking /home/abuild/rpmbuild/BUILDROOT/python-mechanize-0.4.8-4.2.riscv64/usr/lib/python3.9/site-packages/mechanize/__pycache__/__init__.cpython-39.opt-1.pyc -> /home/abuild/rpmbuild/BUILDROOT/python-mechanize-0.4.8-4.2.riscv64/usr/lib/python3.9/site-packages/mechanize/__pycache__/__init__.cpython-39.pyc
[  114s] Linking /home/abuild/rpmbuild/BUILDROOT/python-mechanize-0.4.8-4.2.riscv64/usr/lib/python3.9/site-packages/mechanize/__pycache__/_clientcookie.cpython-39.opt-1.pyc -> /home/abuild/rpmbuild/BUILDROOT/python-mechanize-0.4.8-4.2.riscv64/usr/lib/python3.9/site-packages/mechanize/__pycache__/_clientcookie.cpython-39.pyc
[  114s] ++ '[' -f _current_flavor ']'
[  114s] ++ cat _current_flavor
[  114s] + last_flavor=python39
[  114s] + '[' -z python39 ']'
[  114s] + '[' python39 '!=' python311 ']'
[  114s] + '[' -d build ']'
[  114s] + mv build _build.python39
[  114s] + '[' -d _build.python311 ']'
[  114s] + mv _build.python311 build
[  114s] + echo python311
[  114s] + python_flavor=python311
[  114s] + /usr/lib/rpm/fdupes_wrapper /home/abuild/rpmbuild/BUILDROOT/python-mechanize-0.4.8-4.2.riscv64/usr/lib/python3.11/site-packages
[  115s] Linking /home/abuild/rpmbuild/BUILDROOT/python-mechanize-0.4.8-4.2.riscv64/usr/lib/python3.11/site-packages/mechanize-0.4.8-py3.11.egg-info/dependency_links.txt -> /home/abuild/rpmbuild/BUILDROOT/python-mechanize-0.4.8-4.2.riscv64/usr/lib/python3.11/site-packages/mechanize-0.4.8-py3.11.egg-info/zip-safe
[  115s] Linking /home/abuild/rpmbuild/BUILDROOT/python-mechanize-0.4.8-4.2.riscv64/usr/lib/python3.11/site-packages/mechanize/__pycache__/polyglot.cpython-311.opt-1.pyc -> /home/abuild/rpmbuild/BUILDROOT/python-mechanize-0.4.8-4.2.riscv64/usr/lib/python3.11/site-packages/mechanize/__pycache__/polyglot.cpython-311.pyc
[  115s] Linking /home/abuild/rpmbuild/BUILDROOT/python-mechanize-0.4.8-4.2.riscv64/usr/lib/python3.11/site-packages/mechanize/__pycache__/_version.cpython-311.opt-1.pyc -> /home/abuild/rpmbuild/BUILDROOT/python-mechanize-0.4.8-4.2.riscv64/usr/lib/python3.11/site-packages/mechanize/__pycache__/_version.cpython-311.pyc
[  115s] Linking /home/abuild/rpmbuild/BUILDROOT/python-mechanize-0.4.8-4.2.riscv64/usr/lib/python3.11/site-packages/mechanize/__pycache__/_util.cpython-311.opt-1.pyc -> /home/abuild/rpmbuild/BUILDROOT/python-mechanize-0.4.8-4.2.riscv64/usr/lib/python3.11/site-packages/mechanize/__pycache__/_util.cpython-311.pyc
[  115s] Linking /home/abuild/rpmbuild/BUILDROOT/python-mechanize-0.4.8-4.2.riscv64/usr/lib/python3.11/site-packages/mechanize/__pycache__/_useragent.cpython-311.opt-1.pyc -> /home/abuild/rpmbuild/BUILDROOT/python-mechanize-0.4.8-4.2.riscv64/usr/lib/python3.11/site-packages/mechanize/__pycache__/_useragent.cpython-311.pyc
[  115s] Linking /home/abuild/rpmbuild/BUILDROOT/python-mechanize-0.4.8-4.2.riscv64/usr/lib/python3.11/site-packages/mechanize/__pycache__/_urllib2.cpython-311.opt-1.pyc -> /home/abuild/rpmbuild/BUILDROOT/python-mechanize-0.4.8-4.2.riscv64/usr/lib/python3.11/site-packages/mechanize/__pycache__/_urllib2.cpython-311.pyc
[  115s] Linking /home/abuild/rpmbuild/BUILDROOT/python-mechanize-0.4.8-4.2.riscv64/usr/lib/python3.11/site-packages/mechanize/__pycache__/_testcase.cpython-311.opt-1.pyc -> /home/abuild/rpmbuild/BUILDROOT/python-mechanize-0.4.8-4.2.riscv64/usr/lib/python3.11/site-packages/mechanize/__pycache__/_testcase.cpython-311.pyc
[  115s] Linking /home/abuild/rpmbuild/BUILDROOT/python-mechanize-0.4.8-4.2.riscv64/usr/lib/python3.11/site-packages/mechanize/__pycache__/_urllib2_fork.cpython-311.opt-1.pyc -> /home/abuild/rpmbuild/BUILDROOT/python-mechanize-0.4.8-4.2.riscv64/usr/lib/python3.11/site-packages/mechanize/__pycache__/_urllib2_fork.cpython-311.pyc
[  115s] Linking /home/abuild/rpmbuild/BUILDROOT/python-mechanize-0.4.8-4.2.riscv64/usr/lib/python3.11/site-packages/mechanize/__pycache__/_rfc3986.cpython-311.opt-1.pyc -> /home/abuild/rpmbuild/BUILDROOT/python-mechanize-0.4.8-4.2.riscv64/usr/lib/python3.11/site-packages/mechanize/__pycache__/_rfc3986.cpython-311.pyc
[  115s] Linking /home/abuild/rpmbuild/BUILDROOT/python-mechanize-0.4.8-4.2.riscv64/usr/lib/python3.11/site-packages/mechanize/__pycache__/_response.cpython-311.opt-1.pyc -> /home/abuild/rpmbuild/BUILDROOT/python-mechanize-0.4.8-4.2.riscv64/usr/lib/python3.11/site-packages/mechanize/__pycache__/_response.cpython-311.pyc
[  115s] Linking /home/abuild/rpmbuild/BUILDROOT/python-mechanize-0.4.8-4.2.riscv64/usr/lib/python3.11/site-packages/mechanize/__pycache__/_sockettimeout.cpython-311.opt-1.pyc -> /home/abuild/rpmbuild/BUILDROOT/python-mechanize-0.4.8-4.2.riscv64/usr/lib/python3.11/site-packages/mechanize/__pycache__/_sockettimeout.cpython-311.pyc
[  115s] Linking /home/abuild/rpmbuild/BUILDROOT/python-mechanize-0.4.8-4.2.riscv64/usr/lib/python3.11/site-packages/mechanize/__pycache__/_opener.cpython-311.opt-1.pyc -> /home/abuild/rpmbuild/BUILDROOT/python-mechanize-0.4.8-4.2.riscv64/usr/lib/python3.11/site-packages/mechanize/__pycache__/_opener.cpython-311.pyc
[  115s] Linking /home/abuild/rpmbuild/BUILDROOT/python-mechanize-0.4.8-4.2.riscv64/usr/lib/python3.11/site-packages/mechanize/__pycache__/_request.cpython-311.opt-1.pyc -> /home/abuild/rpmbuild/BUILDROOT/python-mechanize-0.4.8-4.2.riscv64/usr/lib/python3.11/site-packages/mechanize/__pycache__/_request.cpython-311.pyc
[  115s] Linking /home/abuild/rpmbuild/BUILDROOT/python-mechanize-0.4.8-4.2.riscv64/usr/lib/python3.11/site-packages/mechanize/__pycache__/_http.cpython-311.opt-1.pyc -> /home/abuild/rpmbuild/BUILDROOT/python-mechanize-0.4.8-4.2.riscv64/usr/lib/python3.11/site-packages/mechanize/__pycache__/_http.cpython-311.pyc
[  115s] Linking /home/abuild/rpmbuild/BUILDROOT/python-mechanize-0.4.8-4.2.riscv64/usr/lib/python3.11/site-packages/mechanize/__pycache__/_html.cpython-311.opt-1.pyc -> /home/abuild/rpmbuild/BUILDROOT/python-mechanize-0.4.8-4.2.riscv64/usr/lib/python3.11/site-packages/mechanize/__pycache__/_html.cpython-311.pyc
[  115s] Linking /home/abuild/rpmbuild/BUILDROOT/python-mechanize-0.4.8-4.2.riscv64/usr/lib/python3.11/site-packages/mechanize/__pycache__/_mechanize.cpython-311.opt-1.pyc -> /home/abuild/rpmbuild/BUILDROOT/python-mechanize-0.4.8-4.2.riscv64/usr/lib/python3.11/site-packages/mechanize/__pycache__/_mechanize.cpython-311.pyc
[  115s] Linking /home/abuild/rpmbuild/BUILDROOT/python-mechanize-0.4.8-4.2.riscv64/usr/lib/python3.11/site-packages/mechanize/__pycache__/_gzip.cpython-311.opt-1.pyc -> /home/abuild/rpmbuild/BUILDROOT/python-mechanize-0.4.8-4.2.riscv64/usr/lib/python3.11/site-packages/mechanize/__pycache__/_gzip.cpython-311.pyc
[  115s] Linking /home/abuild/rpmbuild/BUILDROOT/python-mechanize-0.4.8-4.2.riscv64/usr/lib/python3.11/site-packages/mechanize/__pycache__/_headersutil.cpython-311.opt-1.pyc -> /home/abuild/rpmbuild/BUILDROOT/python-mechanize-0.4.8-4.2.riscv64/usr/lib/python3.11/site-packages/mechanize/__pycache__/_headersutil.cpython-311.pyc
[  115s] Linking /home/abuild/rpmbuild/BUILDROOT/python-mechanize-0.4.8-4.2.riscv64/usr/lib/python3.11/site-packages/mechanize/__pycache__/_form.cpython-311.opt-1.pyc -> /home/abuild/rpmbuild/BUILDROOT/python-mechanize-0.4.8-4.2.riscv64/usr/lib/python3.11/site-packages/mechanize/__pycache__/_form.cpython-311.pyc
[  115s] Linking /home/abuild/rpmbuild/BUILDROOT/python-mechanize-0.4.8-4.2.riscv64/usr/lib/python3.11/site-packages/mechanize/__pycache__/_equiv.cpython-311.opt-1.pyc -> /home/abuild/rpmbuild/BUILDROOT/python-mechanize-0.4.8-4.2.riscv64/usr/lib/python3.11/site-packages/mechanize/__pycache__/_equiv.cpython-311.pyc
[  115s] Linking /home/abuild/rpmbuild/BUILDROOT/python-mechanize-0.4.8-4.2.riscv64/usr/lib/python3.11/site-packages/mechanize/__pycache__/_form_controls.cpython-311.opt-1.pyc -> /home/abuild/rpmbuild/BUILDROOT/python-mechanize-0.4.8-4.2.riscv64/usr/lib/python3.11/site-packages/mechanize/__pycache__/_form_controls.cpython-311.pyc
[  115s] Linking /home/abuild/rpmbuild/BUILDROOT/python-mechanize-0.4.8-4.2.riscv64/usr/lib/python3.11/site-packages/mechanize/__pycache__/_debug.cpython-311.opt-1.pyc -> /home/abuild/rpmbuild/BUILDROOT/python-mechanize-0.4.8-4.2.riscv64/usr/lib/python3.11/site-packages/mechanize/__pycache__/_debug.cpython-311.pyc
[  115s] Linking /home/abuild/rpmbuild/BUILDROOT/python-mechanize-0.4.8-4.2.riscv64/usr/lib/python3.11/site-packages/mechanize/__pycache__/_entities.cpython-311.opt-1.pyc -> /home/abuild/rpmbuild/BUILDROOT/python-mechanize-0.4.8-4.2.riscv64/usr/lib/python3.11/site-packages/mechanize/__pycache__/_entities.cpython-311.pyc
[  115s] Linking /home/abuild/rpmbuild/BUILDROOT/python-mechanize-0.4.8-4.2.riscv64/usr/lib/python3.11/site-packages/mechanize/__pycache__/_auth.cpython-311.opt-1.pyc -> /home/abuild/rpmbuild/BUILDROOT/python-mechanize-0.4.8-4.2.riscv64/usr/lib/python3.11/site-packages/mechanize/__pycache__/_auth.cpython-311.pyc
[  115s] Linking /home/abuild/rpmbuild/BUILDROOT/python-mechanize-0.4.8-4.2.riscv64/usr/lib/python3.11/site-packages/mechanize/__pycache__/__init__.cpython-311.opt-1.pyc -> /home/abuild/rpmbuild/BUILDROOT/python-mechanize-0.4.8-4.2.riscv64/usr/lib/python3.11/site-packages/mechanize/__pycache__/__init__.cpython-311.pyc
[  115s] Linking /home/abuild/rpmbuild/BUILDROOT/python-mechanize-0.4.8-4.2.riscv64/usr/lib/python3.11/site-packages/mechanize/__pycache__/_clientcookie.cpython-311.opt-1.pyc -> /home/abuild/rpmbuild/BUILDROOT/python-mechanize-0.4.8-4.2.riscv64/usr/lib/python3.11/site-packages/mechanize/__pycache__/_clientcookie.cpython-311.pyc
[  115s] ++ '[' -f _current_flavor ']'
[  115s] ++ cat _current_flavor
[  115s] + last_flavor=python311
[  115s] + '[' -z python311 ']'
[  115s] + '[' python311 '!=' python310 ']'
[  115s] + '[' -d build ']'
[  115s] + mv build _build.python311
[  115s] + '[' -d _build.python310 ']'
[  115s] + mv _build.python310 build
[  115s] + echo python310
[  115s] + python_flavor=python310
[  115s] + /usr/lib/rpm/fdupes_wrapper /home/abuild/rpmbuild/BUILDROOT/python-mechanize-0.4.8-4.2.riscv64/usr/lib/python3.10/site-packages
[  115s] Linking /home/abuild/rpmbuild/BUILDROOT/python-mechanize-0.4.8-4.2.riscv64/usr/lib/python3.10/site-packages/mechanize-0.4.8-py3.10.egg-info/dependency_links.txt -> /home/abuild/rpmbuild/BUILDROOT/python-mechanize-0.4.8-4.2.riscv64/usr/lib/python3.10/site-packages/mechanize-0.4.8-py3.10.egg-info/zip-safe
[  115s] Linking /home/abuild/rpmbuild/BUILDROOT/python-mechanize-0.4.8-4.2.riscv64/usr/lib/python3.10/site-packages/mechanize/__pycache__/polyglot.cpython-310.opt-1.pyc -> /home/abuild/rpmbuild/BUILDROOT/python-mechanize-0.4.8-4.2.riscv64/usr/lib/python3.10/site-packages/mechanize/__pycache__/polyglot.cpython-310.pyc
[  115s] Linking /home/abuild/rpmbuild/BUILDROOT/python-mechanize-0.4.8-4.2.riscv64/usr/lib/python3.10/site-packages/mechanize/__pycache__/_version.cpython-310.opt-1.pyc -> /home/abuild/rpmbuild/BUILDROOT/python-mechanize-0.4.8-4.2.riscv64/usr/lib/python3.10/site-packages/mechanize/__pycache__/_version.cpython-310.pyc
[  115s] Linking /home/abuild/rpmbuild/BUILDROOT/python-mechanize-0.4.8-4.2.riscv64/usr/lib/python3.10/site-packages/mechanize/__pycache__/_util.cpython-310.opt-1.pyc -> /home/abuild/rpmbuild/BUILDROOT/python-mechanize-0.4.8-4.2.riscv64/usr/lib/python3.10/site-packages/mechanize/__pycache__/_util.cpython-310.pyc
[  115s] Linking /home/abuild/rpmbuild/BUILDROOT/python-mechanize-0.4.8-4.2.riscv64/usr/lib/python3.10/site-packages/mechanize/__pycache__/_urllib2.cpython-310.opt-1.pyc -> /home/abuild/rpmbuild/BUILDROOT/python-mechanize-0.4.8-4.2.riscv64/usr/lib/python3.10/site-packages/mechanize/__pycache__/_urllib2.cpython-310.pyc
[  115s] Linking /home/abuild/rpmbuild/BUILDROOT/python-mechanize-0.4.8-4.2.riscv64/usr/lib/python3.10/site-packages/mechanize/__pycache__/_testcase.cpython-310.opt-1.pyc -> /home/abuild/rpmbuild/BUILDROOT/python-mechanize-0.4.8-4.2.riscv64/usr/lib/python3.10/site-packages/mechanize/__pycache__/_testcase.cpython-310.pyc
[  115s] Linking /home/abuild/rpmbuild/BUILDROOT/python-mechanize-0.4.8-4.2.riscv64/usr/lib/python3.10/site-packages/mechanize/__pycache__/_urllib2_fork.cpython-310.opt-1.pyc -> /home/abuild/rpmbuild/BUILDROOT/python-mechanize-0.4.8-4.2.riscv64/usr/lib/python3.10/site-packages/mechanize/__pycache__/_urllib2_fork.cpython-310.pyc
[  115s] Linking /home/abuild/rpmbuild/BUILDROOT/python-mechanize-0.4.8-4.2.riscv64/usr/lib/python3.10/site-packages/mechanize/__pycache__/_rfc3986.cpython-310.opt-1.pyc -> /home/abuild/rpmbuild/BUILDROOT/python-mechanize-0.4.8-4.2.riscv64/usr/lib/python3.10/site-packages/mechanize/__pycache__/_rfc3986.cpython-310.pyc
[  115s] Linking /home/abuild/rpmbuild/BUILDROOT/python-mechanize-0.4.8-4.2.riscv64/usr/lib/python3.10/site-packages/mechanize/__pycache__/_response.cpython-310.opt-1.pyc -> /home/abuild/rpmbuild/BUILDROOT/python-mechanize-0.4.8-4.2.riscv64/usr/lib/python3.10/site-packages/mechanize/__pycache__/_response.cpython-310.pyc
[  115s] Linking /home/abuild/rpmbuild/BUILDROOT/python-mechanize-0.4.8-4.2.riscv64/usr/lib/python3.10/site-packages/mechanize/__pycache__/_sockettimeout.cpython-310.opt-1.pyc -> /home/abuild/rpmbuild/BUILDROOT/python-mechanize-0.4.8-4.2.riscv64/usr/lib/python3.10/site-packages/mechanize/__pycache__/_sockettimeout.cpython-310.pyc
[  115s] Linking /home/abuild/rpmbuild/BUILDROOT/python-mechanize-0.4.8-4.2.riscv64/usr/lib/python3.10/site-packages/mechanize/__pycache__/_opener.cpython-310.opt-1.pyc -> /home/abuild/rpmbuild/BUILDROOT/python-mechanize-0.4.8-4.2.riscv64/usr/lib/python3.10/site-packages/mechanize/__pycache__/_opener.cpython-310.pyc
[  115s] Linking /home/abuild/rpmbuild/BUILDROOT/python-mechanize-0.4.8-4.2.riscv64/usr/lib/python3.10/site-packages/mechanize/__pycache__/_request.cpython-310.opt-1.pyc -> /home/abuild/rpmbuild/BUILDROOT/python-mechanize-0.4.8-4.2.riscv64/usr/lib/python3.10/site-packages/mechanize/__pycache__/_request.cpython-310.pyc
[  115s] Linking /home/abuild/rpmbuild/BUILDROOT/python-mechanize-0.4.8-4.2.riscv64/usr/lib/python3.10/site-packages/mechanize/__pycache__/_http.cpython-310.opt-1.pyc -> /home/abuild/rpmbuild/BUILDROOT/python-mechanize-0.4.8-4.2.riscv64/usr/lib/python3.10/site-packages/mechanize/__pycache__/_http.cpython-310.pyc
[  115s] Linking /home/abuild/rpmbuild/BUILDROOT/python-mechanize-0.4.8-4.2.riscv64/usr/lib/python3.10/site-packages/mechanize/__pycache__/_html.cpython-310.opt-1.pyc -> /home/abuild/rpmbuild/BUILDROOT/python-mechanize-0.4.8-4.2.riscv64/usr/lib/python3.10/site-packages/mechanize/__pycache__/_html.cpython-310.pyc
[  115s] Linking /home/abuild/rpmbuild/BUILDROOT/python-mechanize-0.4.8-4.2.riscv64/usr/lib/python3.10/site-packages/mechanize/__pycache__/_mechanize.cpython-310.opt-1.pyc -> /home/abuild/rpmbuild/BUILDROOT/python-mechanize-0.4.8-4.2.riscv64/usr/lib/python3.10/site-packages/mechanize/__pycache__/_mechanize.cpython-310.pyc
[  115s] Linking /home/abuild/rpmbuild/BUILDROOT/python-mechanize-0.4.8-4.2.riscv64/usr/lib/python3.10/site-packages/mechanize/__pycache__/_gzip.cpython-310.opt-1.pyc -> /home/abuild/rpmbuild/BUILDROOT/python-mechanize-0.4.8-4.2.riscv64/usr/lib/python3.10/site-packages/mechanize/__pycache__/_gzip.cpython-310.pyc
[  115s] Linking /home/abuild/rpmbuild/BUILDROOT/python-mechanize-0.4.8-4.2.riscv64/usr/lib/python3.10/site-packages/mechanize/__pycache__/_headersutil.cpython-310.opt-1.pyc -> /home/abuild/rpmbuild/BUILDROOT/python-mechanize-0.4.8-4.2.riscv64/usr/lib/python3.10/site-packages/mechanize/__pycache__/_headersutil.cpython-310.pyc
[  115s] Linking /home/abuild/rpmbuild/BUILDROOT/python-mechanize-0.4.8-4.2.riscv64/usr/lib/python3.10/site-packages/mechanize/__pycache__/_form.cpython-310.opt-1.pyc -> /home/abuild/rpmbuild/BUILDROOT/python-mechanize-0.4.8-4.2.riscv64/usr/lib/python3.10/site-packages/mechanize/__pycache__/_form.cpython-310.pyc
[  115s] Linking /home/abuild/rpmbuild/BUILDROOT/python-mechanize-0.4.8-4.2.riscv64/usr/lib/python3.10/site-packages/mechanize/__pycache__/_equiv.cpython-310.opt-1.pyc -> /home/abuild/rpmbuild/BUILDROOT/python-mechanize-0.4.8-4.2.riscv64/usr/lib/python3.10/site-packages/mechanize/__pycache__/_equiv.cpython-310.pyc
[  115s] Linking /home/abuild/rpmbuild/BUILDROOT/python-mechanize-0.4.8-4.2.riscv64/usr/lib/python3.10/site-packages/mechanize/__pycache__/_debug.cpython-310.opt-1.pyc -> /home/abuild/rpmbuild/BUILDROOT/python-mechanize-0.4.8-4.2.riscv64/usr/lib/python3.10/site-packages/mechanize/__pycache__/_debug.cpython-310.pyc
[  115s] Linking /home/abuild/rpmbuild/BUILDROOT/python-mechanize-0.4.8-4.2.riscv64/usr/lib/python3.10/site-packages/mechanize/__pycache__/_auth.cpython-310.opt-1.pyc -> /home/abuild/rpmbuild/BUILDROOT/python-mechanize-0.4.8-4.2.riscv64/usr/lib/python3.10/site-packages/mechanize/__pycache__/_auth.cpython-310.pyc
[  115s] Linking /home/abuild/rpmbuild/BUILDROOT/python-mechanize-0.4.8-4.2.riscv64/usr/lib/python3.10/site-packages/mechanize/__pycache__/__init__.cpython-310.opt-1.pyc -> /home/abuild/rpmbuild/BUILDROOT/python-mechanize-0.4.8-4.2.riscv64/usr/lib/python3.10/site-packages/mechanize/__pycache__/__init__.cpython-310.pyc
[  115s] Linking /home/abuild/rpmbuild/BUILDROOT/python-mechanize-0.4.8-4.2.riscv64/usr/lib/python3.10/site-packages/mechanize/__pycache__/_clientcookie.cpython-310.opt-1.pyc -> /home/abuild/rpmbuild/BUILDROOT/python-mechanize-0.4.8-4.2.riscv64/usr/lib/python3.10/site-packages/mechanize/__pycache__/_clientcookie.cpython-310.pyc
[  115s] + /usr/lib/rpm/find-debuginfo -j6 -n --run-dwz --dwz-low-mem-die-limit 10000000 --dwz-max-die-limit 50000000 -S debugsourcefiles.list /home/abuild/rpmbuild/BUILD/mechanize-0.4.8
[  115s] + /usr/lib/rpm/brp-compress
[  115s] + /usr/lib/rpm/brp-suse
[  116s] calling /usr/lib/rpm/brp-suse.d/brp-05-permissions
[  116s] calling /usr/lib/rpm/brp-suse.d/brp-15-strip-debug
[  116s] calling /usr/lib/rpm/brp-suse.d/brp-25-symlink
[  116s] calling /usr/lib/rpm/brp-suse.d/brp-50-generate-fips-hmac
[  116s] calling /usr/lib/rpm/brp-suse.d/brp-75-ar
[  116s] Executing(%check): /usr/bin/bash -e /var/tmp/rpm-tmp.6MtZ5f
[  116s] + umask 022
[  116s] + cd /home/abuild/rpmbuild/BUILD
[  116s] + cd mechanize-0.4.8
[  116s] ++ '[' -f _current_flavor ']'
[  116s] ++ cat _current_flavor
[  116s] + last_flavor=python310
[  116s] + '[' -z python310 ']'
[  116s] + '[' python310 '!=' python38 ']'
[  116s] + '[' -d build ']'
[  116s] + mv build _build.python310
[  116s] + '[' -d _build.python38 ']'
[  116s] + mv _build.python38 build
[  116s] + echo python38
[  116s] + python_flavor=python38
[  116s] + python3.8 ./run_tests.py -v
[  123s] test_import_all (test.test_api.ImportTests) ... ok
[  123s] test_base_uri (test.test_browser.BrowserTests) ... ok
[  123s] test_clone_browser (test.test_browser.BrowserTests) ... ok
[  123s] test_empty (test.test_browser.BrowserTests) ... ok
[  123s] test_encoding (test.test_browser.BrowserTests) ... ok
[  123s] test_forms (test.test_browser.BrowserTests) ... ok
[  124s] test_gzip (test.test_browser.BrowserTests) ... ok
[  124s] test_history (test.test_browser.BrowserTests) ... ok
[  124s] test_link_encoding (test.test_browser.BrowserTests) ... ok
[  124s] test_link_whitespace (test.test_browser.BrowserTests) ... ok
[  124s] test_links (test.test_browser.BrowserTests) ... ok
[  124s] test_referer (test.test_browser.BrowserTests) ... ok
[  124s] test_reload_read_incomplete (test.test_browser.BrowserTests) ... ok
[  124s] test_set_cookie (test.test_browser.BrowserTests) ... ok
[  124s] test_viewing_html (test.test_browser.BrowserTests) ... ok
[  124s] test_add_host_header (test.test_browser.HttplibTests) ... ok
[  124s] test_misc_browser_tests (test.test_browser.HttplibTests) ... ok
[  124s] test_select_form (test.test_browser.ResponseTests) ... ok
[  124s] test_set_response (test.test_browser.ResponseTests) ... ok
[  124s] test_str (test.test_browser.ResponseTests) ... ok
[  124s] test_all_state_included (test.test_cookie.Test) ... ok
[  124s] test_equality (test.test_cookie.Test) ... ok
[  124s] test_inequality (test.test_cookie.Test) ... ok
[  124s] test_add_cookie_header (test.test_cookies.CookieJarInterfaceTests) ... ok
[  124s] test_extract_cookies (test.test_cookies.CookieJarInterfaceTests) ... ok
[  124s] test_unverifiable (test.test_cookies.CookieJarInterfaceTests) ... ok
[  124s] test_firefox3_cookiejar_add_cookie_header (test.test_cookies.CookieJarPersistenceTests) ... ok
[  124s] test_firefox3_cookiejar_clear (test.test_cookies.CookieJarPersistenceTests) ... ok
[  124s] test_firefox3_cookiejar_iteration (test.test_cookies.CookieJarPersistenceTests) ... ok
[  124s] test_firefox3_cookiejar_restore (test.test_cookies.CookieJarPersistenceTests) ... ok
[  124s] test_mozilla_cookiejar (test.test_cookies.CookieJarPersistenceTests) ... ok
[  124s] test_mozilla_cookiejar_embedded_tab (test.test_cookies.CookieJarPersistenceTests) ... ok
[  124s] test_mozilla_cookiejar_initial_dot_violation (test.test_cookies.CookieJarPersistenceTests) ... ok
[  124s] test_Cookie_iterator (test.test_cookies.CookieTests) ... ok
[  124s] test_bad_cookie_header (test.test_cookies.CookieTests) ... ok
[  124s] test_cookies_for_request (test.test_cookies.CookieTests) ... ok
[  124s] test_default_path (test.test_cookies.CookieTests) ... ok
[  124s] test_default_path_with_query (test.test_cookies.CookieTests) ... ok
[  124s] test_domain_allow (test.test_cookies.CookieTests) ... ok
[  124s] test_domain_block (test.test_cookies.CookieTests) ... ok
[  124s] test_domain_match (test.test_cookies.CookieTests) ... ok
[  124s] test_domain_mirror (test.test_cookies.CookieTests) ... ok
[  124s] test_domain_return_ok (test.test_cookies.CookieTests) ... ok
[  124s] test_effective_request_host (test.test_cookies.CookieTests) ... ok
[  124s] test_escape_path (test.test_cookies.CookieTests) ... ok
[  124s] test_expires (test.test_cookies.CookieTests) ... ok
[  124s] test_is_HDN (test.test_cookies.CookieTests) ... ok
[  124s] test_missing_final_slash (test.test_cookies.CookieTests) ... ok
[  124s] test_missing_name (test.test_cookies.CookieTests) ... ok
[  124s] test_no_return_comment (test.test_cookies.CookieTests) ... ok
[  124s] test_ns_parser (test.test_cookies.CookieTests) ... ok
[  124s] test_ns_parser_special_names (test.test_cookies.CookieTests) ... ok
[  124s] test_parse_ns_headers (test.test_cookies.CookieTests) ... ok
[  124s] test_path_mirror (test.test_cookies.CookieTests) ... ok
[  124s] test_policy (test.test_cookies.CookieTests) ... ok
[  124s] test_port_mirror (test.test_cookies.CookieTests) ... ok
[  124s] test_quote_cookie_value (test.test_cookies.CookieTests) ... ok
[  124s] test_reach (test.test_cookies.CookieTests) ... ok
[  124s] test_request_host_lc (test.test_cookies.CookieTests) ... ok
[  124s] test_request_path (test.test_cookies.CookieTests) ... ok
[  124s] test_request_port (test.test_cookies.CookieTests) ... ok
[  124s] test_rfc2109_handling (test.test_cookies.CookieTests) ... ok
[  124s] test_secure (test.test_cookies.CookieTests) ... ok
[  124s] test_strict_domain (test.test_cookies.CookieTests) ... ok
[  124s] test_two_component_domain_ns (test.test_cookies.CookieTests) ... ok
[  124s] test_two_component_domain_rfc2965 (test.test_cookies.CookieTests) ... ok
[  124s] test_wrong_domain (test.test_cookies.CookieTests)
[  124s] Cookies whose ERH does not domain-match the domain are rejected. ... ok
[  124s] test_empty_path (test.test_cookies.LWPCookieTests) ... ok
[  124s] test_ietf_example_1 (test.test_cookies.LWPCookieTests) ... ok
[  124s] test_ietf_example_2 (test.test_cookies.LWPCookieTests) ... ok
[  124s] test_intranet_domains_2965 (test.test_cookies.LWPCookieTests) ... ok
[  124s] test_intranet_domains_ns (test.test_cookies.LWPCookieTests) ... ok
[  124s] test_netscape_example_1 (test.test_cookies.LWPCookieTests) ... ok
[  124s] test_netscape_example_2 (test.test_cookies.LWPCookieTests) ... ok
[  124s] test_netscape_misc (test.test_cookies.LWPCookieTests) ... ok
[  124s] test_rejection (test.test_cookies.LWPCookieTests) ... ok
[  124s] test_session_cookies (test.test_cookies.LWPCookieTests) ... ok
[  124s] test_url_encoding (test.test_cookies.LWPCookieTests) ... ok
[  124s] test_http2time_formats (test.test_date.DateTimeTests) ... ok
[  124s] test_http2time_garbage (test.test_date.DateTimeTests) ... ok
[  124s] test_parse_date (test.test_date.DateTimeTests) ... ok
[  124s] test_time2isoz (test.test_date.DateTimeTests) ... ok
[  124s] test_content_type (test.test_form.ContentTypeTests) ... ok
[  124s] testCheckboxControl (test.test_form.ControlTests) ... ok
[  124s] testFileControl (test.test_form.ControlTests) ... ok
[  124s] testIgnoreControl (test.test_form.ControlTests) ... ok
[  124s] testImageControl (test.test_form.ControlTests) ... ok
[  125s] testRadioControl (test.test_form.ControlTests) ... ok
[  125s] testSelectControlMultiple (test.test_form.ControlTests) ... ok
[  125s] testSelectControlMultiple_label (test.test_form.ControlTests) ... ok
[  125s] testSelectControlSingle (test.test_form.ControlTests) ... ok
[  125s] testSelectControlSingle_label (test.test_form.ControlTests) ... ok
[  125s] testSubmitControl (test.test_form.ControlTests) ... ok
[  125s] testTextControl (test.test_form.ControlTests) ... ok
[  125s] testDisabledCheckbox (test.test_form.DisabledTests) ... ok
[  125s] testDisabledRadio (test.test_form.DisabledTests) ... ok
[  125s] testDisabledSelect (test.test_form.DisabledTests) ... ok
[  125s] testOptgroup (test.test_form.DisabledTests) ... ok
[  125s] testFillFormEncoding (test.test_form.EncodingTests) ... ok
[  125s] testAuth (test.test_form.FormTests) ... ok
[  125s] testClearValue (test.test_form.FormTests) ... ok
[  125s] testFullSearch (test.test_form.FormTests) ... ok
[  125s] testGeneralSearch (test.test_form.FormTests) ... ok
[  125s] testMarkedRecords (test.test_form.FormTests) ... ok
[  125s] testMarkedResults (test.test_form.FormTests) ... ok
[  126s] testResults (test.test_form.FormTests) ... ok
[  126s] testSearchByLabel (test.test_form.FormTests) ... ok
[  126s] testSearchType (test.test_form.FormTests) ... ok
[  126s] testSetValueByLabelIgnoringAmbiguity (test.test_form.FormTests) ... ok
[  126s] test_click (test.test_form.FormTests) ... ok
[  126s] test_deselect_disabled (test.test_form.FormTests) ... ok
[  126s] test_find_control (test.test_form.FormTests) ... ok
[  126s] test_find_nameless_control (test.test_form.FormTests) ... ok
[  126s] test_normalize_line_endings (test.test_form.FunctionTests) ... ok
[  126s] testEmptyParse (test.test_form.LWPFormTests) ... ok
[  126s] testFillForm (test.test_form.LWPFormTests) ... ok
[  126s] testParse (test.test_form.LWPFormTests) ... ok
[  126s] test_action_with_fragment (test.test_form.MoreFormTests) ... ok
[  126s] test_attrs (test.test_form.MoreFormTests) ... ok
[  126s] test_clear (test.test_form.MoreFormTests) ... ok
[  126s] test_clear_all (test.test_form.MoreFormTests) ... ok
[  126s] test_click_empty_form_by_label (test.test_form.MoreFormTests) ... ok
[  126s] test_id (test.test_form.MoreFormTests) ... ok
[  126s] test_interspersed_controls (test.test_form.MoreFormTests) ... ok
[  126s] test_label_whitespace (test.test_form.MoreFormTests) ... ok
[  126s] test_nameless_list_control (test.test_form.MoreFormTests) ... ok
[  126s] test_possible_items (test.test_form.MoreFormTests) ... ok
[  126s] test_select_control_nr_and_label (test.test_form.MoreFormTests) ... ok
[  126s] test_set_all_readonly (test.test_form.MoreFormTests) ... ok
[  126s] test_single (test.test_form.MoreFormTests) ... ok
[  126s] test_value (test.test_form.MoreFormTests) ... ok
[  126s] test_add_textfield (test.test_form.MutationTests) ... ok
[  126s] test_new_control (test.test_form.MutationTests) ... ok
[  126s] testButton (test.test_form.ParseTests) ... ok
[  126s] testEmptySelect (test.test_form.ParseTests) ... ok
[  126s] testNamelessListItems (test.test_form.ParseTests) ... ok
[  126s] testSelect (test.test_form.ParseTests) ... ok
[  126s] testSelectDefault (test.test_form.ParseTests) ... ok
[  126s] testSingleSelectFixup (test.test_form.ParseTests) ... ok
[  126s] testTextarea (test.test_form.ParseTests) ... ok
[  126s] testUnnamedControl (test.test_form.ParseTests) ... ok
[  126s] test_ParseFileEx (test.test_form.ParseTests) ... ok
[  126s] test_base_uri (test.test_form.ParseTests) ... ok
[  126s] test_close_base_tag (test.test_form.ParseTests) ... ok
[  126s] test_double_select (test.test_form.ParseTests) ... ok
[  126s] test_embedded_newlines (test.test_form.ParseTests) ... ok
[  126s] test_empty_document (test.test_form.ParseTests) ... ok
[  126s] test_form_attribute (test.test_form.ParseTests) ... ok
[  127s] test_global_select (test.test_form.ParseTests) ... ok
[  127s] test_missing_closing_body_tag (test.test_form.ParseTests) ... ok
[  127s] test_unknown_control (test.test_form.ParseTests) ... ok
[  127s] test_unescape_parsing (test.test_form.UnescapeTests) ... ok
[  127s] test_unescape_parsing_data (test.test_form.UnescapeTests) ... ok
[  127s] test_unescape_parsing_select (test.test_form.UnescapeTests) ... ok
[  127s] test_choose_boundary (test.test_form.UploadTests) ... ok
[  127s] test_empty_upload (test.test_form.UploadTests) ... ok
[  127s] test_file_request (test.test_form.UploadTests) ... ok
[  127s] test_file_request_with_filename (test.test_form.UploadTests) ... ok
[  127s] test_multipart_file_request (test.test_form.UploadTests) ... ok
[  127s] test_no_files (test.test_form.UploadTests) ... ok
[  127s] test_upload_data (test.test_form.UploadTests) ... ok
[  130s] test_mozilla_cookiejar (test.test_functional.CookieJarTests) ... ok
[  134s] test_ftp (test.test_functional.FtpTestCase) ... ok
[  134s] test_404 (test.test_functional.FunctionalTests) ... ok
[  134s] test_cookies (test.test_functional.FunctionalTests) ... ok
[  134s] test_referer (test.test_functional.FunctionalTests) ... /home/abuild/rpmbuild/BUILD/mechanize-0.4.8/mechanize/_opener.py:85: ResourceWarning: unclosed <socket.socket fd=6, family=AddressFamily.AF_INET, type=SocketKind.SOCK_STREAM, proto=6, laddr=('127.0.0.1', 55018), raddr=('127.0.0.1', 2121)>
[  134s]   for meth in dir(handler):
[  134s] ResourceWarning: Enable tracemalloc to get the object allocation traceback
[  134s] /home/abuild/rpmbuild/BUILD/mechanize-0.4.8/mechanize/_opener.py:85: ResourceWarning: unclosed <socket.socket [closed] fd=7, family=AddressFamily.AF_INET, type=SocketKind.SOCK_STREAM, proto=6>
[  134s]   for meth in dir(handler):
[  134s] ResourceWarning: Enable tracemalloc to get the object allocation traceback
[  134s] ok
[  135s] test_reload_read_incomplete (test.test_functional.FunctionalTests) ... ok
[  135s] test_retrieve (test.test_functional.FunctionalTests) ... ok
[  135s] test_retrieve_to_named_file (test.test_functional.FunctionalTests) ... ok
[  135s] test_robots (test.test_functional.FunctionalTests) ... ok
[  135s] test_urlretrieve (test.test_functional.FunctionalTests) ... ok
[  135s] test_consistent_seek (test.test_functional.ResponseTests) ... /home/abuild/rpmbuild/BUILD/mechanize-0.4.8/mechanize/_opener.py:85: ResourceWarning: unclosed <socket.socket [closed] fd=6, family=AddressFamily.AF_INET, type=SocketKind.SOCK_STREAM, proto=6>
[  135s]   for meth in dir(handler):
[  135s] ResourceWarning: Enable tracemalloc to get the object allocation traceback
[  135s] ok
[  135s] test_new_response (test.test_functional.ResponseTests) ... ok
[  135s] test_no_seek (test.test_functional.ResponseTests) ... ok
[  135s] test_seek (test.test_functional.ResponseTests) ... /usr/lib64/python3.8/email/feedparser.py:123: ResourceWarning: unclosed <socket.socket [closed] fd=6, family=AddressFamily.AF_INET, type=SocketKind.SOCK_STREAM, proto=6>
[  135s]   self._lines.extend(lines)
[  135s] ResourceWarning: Enable tracemalloc to get the object allocation traceback
[  135s] /usr/lib64/python3.8/email/feedparser.py:123: ResourceWarning: unclosed <socket.socket [closed] fd=7, family=AddressFamily.AF_INET, type=SocketKind.SOCK_STREAM, proto=6>
[  135s]   self._lines.extend(lines)
[  135s] ResourceWarning: Enable tracemalloc to get the object allocation traceback
[  135s] /usr/lib64/python3.8/email/feedparser.py:123: ResourceWarning: unclosed <socket.socket [closed] fd=8, family=AddressFamily.AF_INET, type=SocketKind.SOCK_STREAM, proto=6>
[  135s]   self._lines.extend(lines)
[  135s] ResourceWarning: Enable tracemalloc to get the object allocation traceback
[  135s] /usr/lib64/python3.8/email/feedparser.py:123: ResourceWarning: unclosed <socket.socket [closed] fd=9, family=AddressFamily.AF_INET, type=SocketKind.SOCK_STREAM, proto=6>
[  135s]   self._lines.extend(lines)
[  135s] ResourceWarning: Enable tracemalloc to get the object allocation traceback
[  135s] ok
[  135s] test_seek_wrapper_class_name (test.test_functional.ResponseTests) ... ok
[  135s] test_seekable_response_opener (test.test_functional.ResponseTests) ... ok
[  135s] test_set_response (test.test_functional.ResponseTests) ... ok
[  135s] test_302_and_404 (test.test_functional.SimpleTests) ... ok
[  135s] test_basic_auth (test.test_functional.SimpleTests) ... ok
[  135s] test_digest_auth (test.test_functional.SimpleTests) ... ok
[  135s] test_error_recovery (test.test_functional.SimpleTests) ... ok
[  135s] test_file_url (test.test_functional.SimpleTests) ... ok
[  135s] test_gzip (test.test_functional.SimpleTests) ... ok
[  136s] test_non_seekable (test.test_functional.SimpleTests) ... ok
[  136s] test_open_local_file (test.test_functional.SimpleTests) ... ok
[  136s] test_open_novisit (test.test_functional.SimpleTests) ... ok
[  136s] test_open_with_default_timeout (test.test_functional.SimpleTests) ... ok
[  136s] test_open_with_timeout (test.test_functional.SimpleTests) ... ok
[  136s] test_redirect (test.test_functional.SimpleTests) ... ok
[  136s] test_redirect_with_timeout (test.test_functional.SimpleTests) ... ok
[  136s] test_refresh (test.test_functional.SimpleTests) ... ok
[  136s] test_reread (test.test_functional.SimpleTests) ... ok
[  136s] test_simple (test.test_functional.SimpleTests) ... ok
[  136s] test_urlopen_with_default_timeout (test.test_functional.SimpleTests) ... ok
[  136s] test_urlopen_with_timeout (test.test_functional.SimpleTests) ... ok
[  136s] test_join_header_words (test.test_headers.HeaderTests) ... ok
[  136s] test_parse_ns_headers_expires (test.test_headers.HeaderTests) ... ok
[  136s] test_parse_ns_headers_special_names (test.test_headers.HeaderTests) ... ok
[  136s] test_parse_ns_headers_version (test.test_headers.HeaderTests) ... ok
[  136s] test_roundtrip (test.test_headers.HeaderTests) ... ok
[  136s] test_split_header_words (test.test_headers.HeaderTests) ... ok
[  136s] test_is_html (test.test_headers.IsHtmlTests) ... ok
[  136s] test_fallback (test.test_html.EncodingFinderTests) ... ok
[  136s] test_known_encoding (test.test_html.EncodingFinderTests) ... ok
[  136s] test_precedence (test.test_html.EncodingFinderTests) ... ok
[  136s] test_unknown_encoding (test.test_html.EncodingFinderTests) ... ok
[  136s] test_link_parsing (test.test_html.MiscTests) ... ok
[  136s] test_title_parsing (test.test_html.MiscTests) ... ok
[  136s] test_util_func (test.test_html.MiscTests) ... ok
[  136s] test_bad_base_tag (test.test_html.RegressionTests) ... ok
[  136s] test_close_base_tag (test.test_html.RegressionTests) ... ok
[  136s] test_title_parsing (test.test_html.TitleTests) ... ok
[  136s] test_set_opener (test.test_http.TestRobotFileParser) ... ok
[  136s] test_import_all (test.test_import.ImportTests) ... ok
[  136s] test_retrieve (test.test_opener.OpenerTests) ... ok
[  136s] test_retrieve_closes_on_failure (test.test_opener.OpenerTests) ... ok
[  136s] test_retrieve_closes_on_read_failure (test.test_opener.OpenerTests) ... ok
[  136s] test_retrieve_closes_on_success (test.test_opener.OpenerTests) ... ok
[  138s] test_retrieve_local_file (test.test_performance.PerformanceTests) ... ok
[  138s] test_pickle_cookie (test.test_pickle.PickleTest) ... ok
[  138s] test_pickle_cookiejar (test.test_pickle.PickleTest) ... ok
[  138s] test_read_complete (test.test_response.DocTests) ... ok
[  138s] test_upgrade_response (test.test_response.DocTests) ... ok
[  138s] testGetResponseData (test.test_response.SeekableTests) ... ok
[  138s] testResponseSeekWrapper (test.test_response.SeekableTests) ... ok
[  138s] testSeekable (test.test_response.SeekableTests) ... ok
[  138s] testSetResponseData (test.test_response.SeekableTests) ... ok
[  138s] test_build_opener (test.test_urllib2.FunctionTests) ... ok
[  138s] test_basic_and_digest_auth_handlers (test.test_urllib2.HandlerTests) ... ok
[  138s] test_basic_auth (test.test_urllib2.HandlerTests) ... ok
[  138s] test_basic_auth_with_single_quoted_realm (test.test_urllib2.HandlerTests) ... ok
[  138s] test_cookie_redirect (test.test_urllib2.HandlerTests) ... ok
[  138s] test_cookies (test.test_urllib2.HandlerTests) ... ok
[  138s] test_errors (test.test_urllib2.HandlerTests) ... ok
[  138s] test_file (test.test_urllib2.HandlerTests) ... ok
[  138s] test_ftp (test.test_urllib2.HandlerTests) ... ok
[  138s] test_http (test.test_urllib2.HandlerTests) ... ok
[  138s] test_http_double_slash (test.test_urllib2.HandlerTests) ... ok
[  138s] test_http_equiv (test.test_urllib2.HandlerTests) ... ok
[  138s] test_proxy (test.test_urllib2.HandlerTests) ... ok
[  138s] test_proxy_basic_auth (test.test_urllib2.HandlerTests) ... ok
[  138s] test_proxy_custom_proxy_bypass (test.test_urllib2.HandlerTests) ... ok
[  138s] test_proxy_https (test.test_urllib2.HandlerTests) ... ok
[  138s] test_proxy_https_proxy_authorization (test.test_urllib2.HandlerTests) ... ok
[  138s] test_proxy_no_proxy (test.test_urllib2.HandlerTests) ... ok
[  138s] test_raise_http_errors (test.test_urllib2.HandlerTests) ... ok
[  138s] test_redirect (test.test_urllib2.HandlerTests) ... ok
[  138s] test_redirect_bad_uri (test.test_urllib2.HandlerTests) ... ok
[  138s] test_redirected_robots_txt (test.test_urllib2.HandlerTests) ... ok
[  138s] test_referer (test.test_urllib2.HandlerTests) ... ok
[  138s] test_refresh (test.test_urllib2.HandlerTests) ... ok
[  138s] test_refresh_bad_uri (test.test_urllib2.HandlerTests) ... ok
[  138s] test_refresh_honor_time (test.test_urllib2.HandlerTests) ... ok
[  138s] test_robots (test.test_urllib2.HandlerTests) ... ok
[  138s] test (test.test_urllib2.HeadParserTests) ... ok
[  138s] test_add_non_handler (test.test_urllib2.OpenerDirectorTests) ... ok
[  138s] test_any (test.test_urllib2.OpenerDirectorTests) ... ok
[  138s] test_badly_named_methods (test.test_urllib2.OpenerDirectorTests) ... ok
[  138s] test_handled (test.test_urllib2.OpenerDirectorTests) ... ok
[  138s] test_handler_order (test.test_urllib2.OpenerDirectorTests) ... ok
[  138s] test_http_error (test.test_urllib2.OpenerDirectorTests) ... ok
[  138s] test_http_error_raised (test.test_urllib2.OpenerDirectorTests) ... ok
[  138s] test_processors (test.test_urllib2.OpenerDirectorTests) ... ok
[  138s] test_raise (test.test_urllib2.OpenerDirectorTests) ... ok
[  138s] test_reindex_handlers (test.test_urllib2.OpenerDirectorTests) ... ok
[  138s] test_add_data (test.test_urllib2.RequestTests) ... ok
[  138s] test_data (test.test_urllib2.RequestTests) ... ok
[  138s] test_get_full_url (test.test_urllib2.RequestTests) ... ok
[  138s] test_get_host (test.test_urllib2.RequestTests) ... ok
[  138s] test_get_host_unquote (test.test_urllib2.RequestTests) ... ok
[  138s] test_get_type (test.test_urllib2.RequestTests) ... ok
[  138s] test_method (test.test_urllib2.RequestTests) ... ok
[  138s] test_normalize_url (test.test_urllib2.RequestTests) ... ok
[  138s] test_proxy (test.test_urllib2.RequestTests) ... ok
[  138s] test_selector (test.test_urllib2.RequestTests) ... ok
[  138s] test_parse_authreq (test.test_urllib2.TrivialTests) ... ok
[  138s] test_parse_http_list (test.test_urllib2.TrivialTests) ... ok
[  138s] test_trivial (test.test_urllib2.TrivialTests) ... ok
[  139s] test_proxy_qop_auth_int_works_or_throws_urlerror (test.test_urllib2_localnet.ProxyAuthTests) ... ok
[  139s] test_proxy_qop_auth_works (test.test_urllib2_localnet.ProxyAuthTests) ... ok
[  139s] test_proxy_with_bad_password_raises_httperror (test.test_urllib2_localnet.ProxyAuthTests) ... ok
[  140s] test_proxy_with_no_password_raises_httperror (test.test_urllib2_localnet.ProxyAuthTests) ... ok
[  140s] test_200 (test.test_urllib2_localnet.TestUrlopen) ... ok
[  140s] test_200_with_parameters (test.test_urllib2_localnet.TestUrlopen) ... ok
[  140s] test_404 (test.test_urllib2_localnet.TestUrlopen) ... ok
[  140s] test_bad_address (test.test_urllib2_localnet.TestUrlopen) ... ok
[  140s] test_basic (test.test_urllib2_localnet.TestUrlopen) ... ok
[  140s] test_geturl (test.test_urllib2_localnet.TestUrlopen) ... ok
[  140s] test_info (test.test_urllib2_localnet.TestUrlopen) ... ok
[  140s] test_redirection (test.test_urllib2_localnet.TestUrlopen) ... ok
[  140s] test_sending_headers (test.test_urllib2_localnet.TestUrlopen) ... ok
[  140s] test_set_handled_schemes (test.test_useragent.UserAgentTests) ... ok
[  140s] test_set_proxies (test.test_useragent.UserAgentTests) ... ok
[  140s] join_header_words (mechanize._headersutil)
[  140s] Doctest: mechanize._headersutil.join_header_words ... ok
[  140s] split_header_words (mechanize._headersutil)
[  140s] Doctest: mechanize._headersutil.split_header_words ... ok
[  140s] parse_refresh_header (mechanize._http)
[  140s] Doctest: mechanize._http.parse_refresh_header ... ok
[  140s] is_clean_uri (mechanize._rfc3986)
[  140s] Doctest: mechanize._rfc3986.is_clean_uri ... ok
[  140s] _parse_proxy (mechanize._urllib2_fork)
[  140s] Doctest: mechanize._urllib2_fork._parse_proxy ... ok
[  140s] UserAgentBase (mechanize._useragent)
[  140s] Doctest: mechanize._useragent.UserAgentBase ... ok
[  140s] set_proxies (mechanize._useragent.UserAgentBase)
[  140s] Doctest: mechanize._useragent.UserAgentBase.set_proxies ... /usr/lib64/python3.8/doctest.py:1336: ResourceWarning: unclosed <socket.socket [closed] fd=8, family=AddressFamily.AF_INET, type=SocketKind.SOCK_STREAM, proto=6>
[  140s]   exec(compile(example.source, filename, "single",
[  140s] ResourceWarning: Enable tracemalloc to get the object allocation traceback
[  140s] /usr/lib64/python3.8/doctest.py:1336: ResourceWarning: unclosed <socket.socket [closed] fd=9, family=AddressFamily.AF_INET, type=SocketKind.SOCK_STREAM, proto=6>
[  140s]   exec(compile(example.source, filename, "single",
[  140s] ResourceWarning: Enable tracemalloc to get the object allocation traceback
[  140s] /usr/lib64/python3.8/doctest.py:1336: ResourceWarning: unclosed <socket.socket [closed] fd=10, family=AddressFamily.AF_INET, type=SocketKind.SOCK_STREAM, proto=6>
[  140s]   exec(compile(example.source, filename, "single",
[  140s] ResourceWarning: Enable tracemalloc to get the object allocation traceback
[  140s] /usr/lib64/python3.8/doctest.py:1336: ResourceWarning: unclosed <socket.socket [closed] fd=11, family=AddressFamily.AF_INET, type=SocketKind.SOCK_STREAM, proto=6>
[  140s]   exec(compile(example.source, filename, "single",
[  140s] ResourceWarning: Enable tracemalloc to get the object allocation traceback
[  140s] /usr/lib64/python3.8/doctest.py:1336: ResourceWarning: unclosed <socket.socket [closed] fd=13, family=AddressFamily.AF_INET, type=SocketKind.SOCK_STREAM, proto=6>
[  140s]   exec(compile(example.source, filename, "single",
[  140s] ResourceWarning: Enable tracemalloc to get the object allocation traceback
[  140s] /usr/lib64/python3.8/doctest.py:1336: ResourceWarning: unclosed <socket.socket [closed] fd=14, family=AddressFamily.AF_INET, type=SocketKind.SOCK_STREAM, proto=6>
[  140s]   exec(compile(example.source, filename, "single",
[  140s] ResourceWarning: Enable tracemalloc to get the object allocation traceback
[  140s] /usr/lib64/python3.8/doctest.py:1336: ResourceWarning: unclosed <socket.socket [closed] fd=12, family=AddressFamily.AF_INET, type=SocketKind.SOCK_STREAM, proto=6>
[  140s]   exec(compile(example.source, filename, "single",
[  140s] ResourceWarning: Enable tracemalloc to get the object allocation traceback
[  140s] /usr/lib64/python3.8/doctest.py:1336: ResourceWarning: unclosed <socket.socket [closed] fd=15, family=AddressFamily.AF_INET, type=SocketKind.SOCK_STREAM, proto=6>
[  140s]   exec(compile(example.source, filename, "single",
[  140s] ResourceWarning: Enable tracemalloc to get the object allocation traceback
[  140s] /usr/lib64/python3.8/doctest.py:1336: ResourceWarning: unclosed <socket.socket [closed] fd=16, family=AddressFamily.AF_INET, type=SocketKind.SOCK_STREAM, proto=6>
[  140s]   exec(compile(example.source, filename, "single",
[  140s] ResourceWarning: Enable tracemalloc to get the object allocation traceback
[  140s] /usr/lib64/python3.8/doctest.py:1336: ResourceWarning: unclosed <socket.socket [closed] fd=17, family=AddressFamily.AF_INET, type=SocketKind.SOCK_STREAM, proto=6>
[  140s]   exec(compile(example.source, filename, "single",
[  140s] ResourceWarning: Enable tracemalloc to get the object allocation traceback
[  140s] /usr/lib64/python3.8/doctest.py:1336: ResourceWarning: unclosed <socket.socket [closed] fd=18, family=AddressFamily.AF_INET, type=SocketKind.SOCK_STREAM, proto=6>
[  140s]   exec(compile(example.source, filename, "single",
[  140s] ResourceWarning: Enable tracemalloc to get the object allocation traceback
[  140s] /usr/lib64/python3.8/doctest.py:1336: ResourceWarning: unclosed <socket.socket [closed] fd=20, family=AddressFamily.AF_INET, type=SocketKind.SOCK_STREAM, proto=6>
[  140s]   exec(compile(example.source, filename, "single",
[  140s] ResourceWarning: Enable tracemalloc to get the object allocation traceback
[  140s] /usr/lib64/python3.8/doctest.py:1336: ResourceWarning: unclosed <socket.socket [closed] fd=21, family=AddressFamily.AF_INET, type=SocketKind.SOCK_STREAM, proto=6>
[  140s]   exec(compile(example.source, filename, "single",
[  140s] ResourceWarning: Enable tracemalloc to get the object allocation traceback
[  140s] ok
[  140s] test/test_forms.doctest
[  140s] Doctest: test_forms.doctest ... ok
[  140s] test/test_history.doctest
[  140s] Doctest: test_history.doctest ... ok
[  140s] test/test_opener.doctest
[  140s] Doctest: test_opener.doctest ... ok
[  140s] test/test_request.doctest
[  140s] Doctest: test_request.doctest ... ok
[  140s] test/test_rfc3986.doctest
[  142s] Doctest: test_rfc3986.doctest ... ok
[  142s] 
[  142s] ----------------------------------------------------------------------
[  142s] Ran 306 tests in 18.941s
[  142s] 
[  142s] OK
[  142s] ++ '[' -f _current_flavor ']'
[  142s] ++ cat _current_flavor
[  142s] + last_flavor=python38
[  142s] + '[' -z python38 ']'
[  142s] + '[' python38 '!=' python39 ']'
[  142s] + '[' -d build ']'
[  142s] + mv build _build.python38
[  142s] + '[' -d _build.python39 ']'
[  142s] + mv _build.python39 build
[  142s] + echo python39
[  142s] + python_flavor=python39
[  142s] + python3.9 ./run_tests.py -v
[  149s] test_import_all (test.test_api.ImportTests) ... ok
[  149s] test_base_uri (test.test_browser.BrowserTests) ... ok
[  149s] test_clone_browser (test.test_browser.BrowserTests) ... ok
[  149s] test_empty (test.test_browser.BrowserTests) ... ok
[  149s] test_encoding (test.test_browser.BrowserTests) ... ok
[  149s] test_forms (test.test_browser.BrowserTests) ... ok
[  150s] test_gzip (test.test_browser.BrowserTests) ... ok
[  150s] test_history (test.test_browser.BrowserTests) ... ok
[  150s] test_link_encoding (test.test_browser.BrowserTests) ... ok
[  150s] test_link_whitespace (test.test_browser.BrowserTests) ... ok
[  150s] test_links (test.test_browser.BrowserTests) ... ok
[  150s] test_referer (test.test_browser.BrowserTests) ... ok
[  150s] test_reload_read_incomplete (test.test_browser.BrowserTests) ... ok
[  150s] test_set_cookie (test.test_browser.BrowserTests) ... ok
[  150s] test_viewing_html (test.test_browser.BrowserTests) ... ok
[  150s] test_add_host_header (test.test_browser.HttplibTests) ... ok
[  150s] test_misc_browser_tests (test.test_browser.HttplibTests) ... ok
[  150s] test_select_form (test.test_browser.ResponseTests) ... ok
[  150s] test_set_response (test.test_browser.ResponseTests) ... ok
[  150s] test_str (test.test_browser.ResponseTests) ... ok
[  150s] test_all_state_included (test.test_cookie.Test) ... ok
[  150s] test_equality (test.test_cookie.Test) ... ok
[  150s] test_inequality (test.test_cookie.Test) ... ok
[  150s] test_add_cookie_header (test.test_cookies.CookieJarInterfaceTests) ... ok
[  150s] test_extract_cookies (test.test_cookies.CookieJarInterfaceTests) ... ok
[  150s] test_unverifiable (test.test_cookies.CookieJarInterfaceTests) ... ok
[  150s] test_firefox3_cookiejar_add_cookie_header (test.test_cookies.CookieJarPersistenceTests) ... ok
[  150s] test_firefox3_cookiejar_clear (test.test_cookies.CookieJarPersistenceTests) ... ok
[  150s] test_firefox3_cookiejar_iteration (test.test_cookies.CookieJarPersistenceTests) ... ok
[  150s] test_firefox3_cookiejar_restore (test.test_cookies.CookieJarPersistenceTests) ... ok
[  150s] test_mozilla_cookiejar (test.test_cookies.CookieJarPersistenceTests) ... ok
[  150s] test_mozilla_cookiejar_embedded_tab (test.test_cookies.CookieJarPersistenceTests) ... ok
[  150s] test_mozilla_cookiejar_initial_dot_violation (test.test_cookies.CookieJarPersistenceTests) ... ok
[  150s] test_Cookie_iterator (test.test_cookies.CookieTests) ... ok
[  150s] test_bad_cookie_header (test.test_cookies.CookieTests) ... ok
[  150s] test_cookies_for_request (test.test_cookies.CookieTests) ... ok
[  150s] test_default_path (test.test_cookies.CookieTests) ... ok
[  150s] test_default_path_with_query (test.test_cookies.CookieTests) ... ok
[  150s] test_domain_allow (test.test_cookies.CookieTests) ... ok
[  150s] test_domain_block (test.test_cookies.CookieTests) ... ok
[  150s] test_domain_match (test.test_cookies.CookieTests) ... ok
[  150s] test_domain_mirror (test.test_cookies.CookieTests) ... ok
[  150s] test_domain_return_ok (test.test_cookies.CookieTests) ... ok
[  150s] test_effective_request_host (test.test_cookies.CookieTests) ... ok
[  150s] test_escape_path (test.test_cookies.CookieTests) ... ok
[  150s] test_expires (test.test_cookies.CookieTests) ... ok
[  150s] test_is_HDN (test.test_cookies.CookieTests) ... ok
[  150s] test_missing_final_slash (test.test_cookies.CookieTests) ... ok
[  150s] test_missing_name (test.test_cookies.CookieTests) ... ok
[  150s] test_no_return_comment (test.test_cookies.CookieTests) ... ok
[  150s] test_ns_parser (test.test_cookies.CookieTests) ... ok
[  150s] test_ns_parser_special_names (test.test_cookies.CookieTests) ... ok
[  150s] test_parse_ns_headers (test.test_cookies.CookieTests) ... ok
[  150s] test_path_mirror (test.test_cookies.CookieTests) ... ok
[  150s] test_policy (test.test_cookies.CookieTests) ... ok
[  150s] test_port_mirror (test.test_cookies.CookieTests) ... ok
[  150s] test_quote_cookie_value (test.test_cookies.CookieTests) ... ok
[  150s] test_reach (test.test_cookies.CookieTests) ... ok
[  150s] test_request_host_lc (test.test_cookies.CookieTests) ... ok
[  150s] test_request_path (test.test_cookies.CookieTests) ... ok
[  150s] test_request_port (test.test_cookies.CookieTests) ... ok
[  150s] test_rfc2109_handling (test.test_cookies.CookieTests) ... ok
[  150s] test_secure (test.test_cookies.CookieTests) ... ok
[  150s] test_strict_domain (test.test_cookies.CookieTests) ... ok
[  150s] test_two_component_domain_ns (test.test_cookies.CookieTests) ... ok
[  150s] test_two_component_domain_rfc2965 (test.test_cookies.CookieTests) ... ok
[  150s] test_wrong_domain (test.test_cookies.CookieTests)
[  150s] Cookies whose ERH does not domain-match the domain are rejected. ... ok
[  150s] test_empty_path (test.test_cookies.LWPCookieTests) ... ok
[  150s] test_ietf_example_1 (test.test_cookies.LWPCookieTests) ... ok
[  150s] test_ietf_example_2 (test.test_cookies.LWPCookieTests) ... ok
[  150s] test_intranet_domains_2965 (test.test_cookies.LWPCookieTests) ... ok
[  150s] test_intranet_domains_ns (test.test_cookies.LWPCookieTests) ... ok
[  150s] test_netscape_example_1 (test.test_cookies.LWPCookieTests) ... ok
[  150s] test_netscape_example_2 (test.test_cookies.LWPCookieTests) ... ok
[  150s] test_netscape_misc (test.test_cookies.LWPCookieTests) ... ok
[  150s] test_rejection (test.test_cookies.LWPCookieTests) ... ok
[  150s] test_session_cookies (test.test_cookies.LWPCookieTests) ... ok
[  150s] test_url_encoding (test.test_cookies.LWPCookieTests) ... ok
[  150s] test_http2time_formats (test.test_date.DateTimeTests) ... ok
[  150s] test_http2time_garbage (test.test_date.DateTimeTests) ... ok
[  150s] test_parse_date (test.test_date.DateTimeTests) ... ok
[  150s] test_time2isoz (test.test_date.DateTimeTests) ... ok
[  150s] test_content_type (test.test_form.ContentTypeTests) ... ok
[  150s] testCheckboxControl (test.test_form.ControlTests) ... ok
[  150s] testFileControl (test.test_form.ControlTests) ... ok
[  150s] testIgnoreControl (test.test_form.ControlTests) ... ok
[  150s] testImageControl (test.test_form.ControlTests) ... ok
[  150s] testRadioControl (test.test_form.ControlTests) ... ok
[  150s] testSelectControlMultiple (test.test_form.ControlTests) ... ok
[  150s] testSelectControlMultiple_label (test.test_form.ControlTests) ... ok
[  150s] testSelectControlSingle (test.test_form.ControlTests) ... ok
[  150s] testSelectControlSingle_label (test.test_form.ControlTests) ... ok
[  150s] testSubmitControl (test.test_form.ControlTests) ... ok
[  150s] testTextControl (test.test_form.ControlTests) ... ok
[  151s] testDisabledCheckbox (test.test_form.DisabledTests) ... ok
[  151s] testDisabledRadio (test.test_form.DisabledTests) ... ok
[  151s] testDisabledSelect (test.test_form.DisabledTests) ... ok
[  151s] testOptgroup (test.test_form.DisabledTests) ... ok
[  151s] testFillFormEncoding (test.test_form.EncodingTests) ... ok
[  151s] testAuth (test.test_form.FormTests) ... ok
[  151s] testClearValue (test.test_form.FormTests) ... ok
[  151s] testFullSearch (test.test_form.FormTests) ... ok
[  151s] testGeneralSearch (test.test_form.FormTests) ... ok
[  151s] testMarkedRecords (test.test_form.FormTests) ... ok
[  151s] testMarkedResults (test.test_form.FormTests) ... ok
[  151s] testResults (test.test_form.FormTests) ... ok
[  152s] testSearchByLabel (test.test_form.FormTests) ... ok
[  152s] testSearchType (test.test_form.FormTests) ... ok
[  152s] testSetValueByLabelIgnoringAmbiguity (test.test_form.FormTests) ... ok
[  152s] test_click (test.test_form.FormTests) ... ok
[  152s] test_deselect_disabled (test.test_form.FormTests) ... ok
[  152s] test_find_control (test.test_form.FormTests) ... ok
[  152s] test_find_nameless_control (test.test_form.FormTests) ... ok
[  152s] test_normalize_line_endings (test.test_form.FunctionTests) ... ok
[  152s] testEmptyParse (test.test_form.LWPFormTests) ... ok
[  152s] testFillForm (test.test_form.LWPFormTests) ... ok
[  152s] testParse (test.test_form.LWPFormTests) ... ok
[  152s] test_action_with_fragment (test.test_form.MoreFormTests) ... ok
[  152s] test_attrs (test.test_form.MoreFormTests) ... ok
[  152s] test_clear (test.test_form.MoreFormTests) ... ok
[  152s] test_clear_all (test.test_form.MoreFormTests) ... ok
[  152s] test_click_empty_form_by_label (test.test_form.MoreFormTests) ... ok
[  152s] test_id (test.test_form.MoreFormTests) ... ok
[  152s] test_interspersed_controls (test.test_form.MoreFormTests) ... ok
[  152s] test_label_whitespace (test.test_form.MoreFormTests) ... ok
[  152s] test_nameless_list_control (test.test_form.MoreFormTests) ... ok
[  152s] test_possible_items (test.test_form.MoreFormTests) ... ok
[  152s] test_select_control_nr_and_label (test.test_form.MoreFormTests) ... ok
[  152s] test_set_all_readonly (test.test_form.MoreFormTests) ... ok
[  152s] test_single (test.test_form.MoreFormTests) ... ok
[  152s] test_value (test.test_form.MoreFormTests) ... ok
[  152s] test_add_textfield (test.test_form.MutationTests) ... ok
[  152s] test_new_control (test.test_form.MutationTests) ... ok
[  152s] testButton (test.test_form.ParseTests) ... ok
[  152s] testEmptySelect (test.test_form.ParseTests) ... ok
[  152s] testNamelessListItems (test.test_form.ParseTests) ... ok
[  152s] testSelect (test.test_form.ParseTests) ... ok
[  152s] testSelectDefault (test.test_form.ParseTests) ... ok
[  152s] testSingleSelectFixup (test.test_form.ParseTests) ... ok
[  152s] testTextarea (test.test_form.ParseTests) ... ok
[  152s] testUnnamedControl (test.test_form.ParseTests) ... ok
[  152s] test_ParseFileEx (test.test_form.ParseTests) ... ok
[  152s] test_base_uri (test.test_form.ParseTests) ... ok
[  152s] test_close_base_tag (test.test_form.ParseTests) ... ok
[  152s] test_double_select (test.test_form.ParseTests) ... ok
[  152s] test_embedded_newlines (test.test_form.ParseTests) ... ok
[  152s] test_empty_document (test.test_form.ParseTests) ... ok
[  152s] test_form_attribute (test.test_form.ParseTests) ... ok
[  152s] test_global_select (test.test_form.ParseTests) ... ok
[  152s] test_missing_closing_body_tag (test.test_form.ParseTests) ... ok
[  152s] test_unknown_control (test.test_form.ParseTests) ... ok
[  152s] test_unescape_parsing (test.test_form.UnescapeTests) ... ok
[  152s] test_unescape_parsing_data (test.test_form.UnescapeTests) ... ok
[  152s] test_unescape_parsing_select (test.test_form.UnescapeTests) ... ok
[  152s] test_choose_boundary (test.test_form.UploadTests) ... ok
[  152s] test_empty_upload (test.test_form.UploadTests) ... ok
[  152s] test_file_request (test.test_form.UploadTests) ... ok
[  152s] test_file_request_with_filename (test.test_form.UploadTests) ... ok
[  152s] test_multipart_file_request (test.test_form.UploadTests) ... ok
[  152s] test_no_files (test.test_form.UploadTests) ... ok
[  152s] test_upload_data (test.test_form.UploadTests) ... ok
[  156s] test_mozilla_cookiejar (test.test_functional.CookieJarTests) ... ok
[  160s] test_ftp (test.test_functional.FtpTestCase) ... ok
[  160s] test_404 (test.test_functional.FunctionalTests) ... ok
[  160s] test_cookies (test.test_functional.FunctionalTests) ... ok
[  160s] test_referer (test.test_functional.FunctionalTests) ... ok
[  160s] test_reload_read_incomplete (test.test_functional.FunctionalTests) ... ok
[  160s] test_retrieve (test.test_functional.FunctionalTests) ... ok
[  160s] test_retrieve_to_named_file (test.test_functional.FunctionalTests) ... ok
[  160s] test_robots (test.test_functional.FunctionalTests) ... ok
[  160s] test_urlretrieve (test.test_functional.FunctionalTests) ... ok
[  161s] test_consistent_seek (test.test_functional.ResponseTests) ... /usr/lib64/python3.9/functools.py:52: ResourceWarning: unclosed <socket.socket [closed] fd=8, family=AddressFamily.AF_INET, type=SocketKind.SOCK_STREAM, proto=6>
[  161s]   value = getattr(wrapped, attr)
[  161s] ResourceWarning: Enable tracemalloc to get the object allocation traceback
[  161s] /usr/lib64/python3.9/functools.py:52: ResourceWarning: unclosed <socket.socket [closed] fd=9, family=AddressFamily.AF_INET, type=SocketKind.SOCK_STREAM, proto=6>
[  161s]   value = getattr(wrapped, attr)
[  161s] ResourceWarning: Enable tracemalloc to get the object allocation traceback
[  161s] ok
[  161s] test_new_response (test.test_functional.ResponseTests) ... ok
[  161s] test_no_seek (test.test_functional.ResponseTests) ... ok
[  161s] test_seek (test.test_functional.ResponseTests) ... ok
[  161s] test_seek_wrapper_class_name (test.test_functional.ResponseTests) ... /home/abuild/rpmbuild/BUILD/mechanize-0.4.8/mechanize/_opener.py:85: ResourceWarning: unclosed <socket.socket fd=6, family=AddressFamily.AF_INET, type=SocketKind.SOCK_STREAM, proto=6, laddr=('127.0.0.1', 33560), raddr=('127.0.0.1', 2121)>
[  161s]   for meth in dir(handler):
[  161s] ResourceWarning: Enable tracemalloc to get the object allocation traceback
[  161s] /home/abuild/rpmbuild/BUILD/mechanize-0.4.8/mechanize/_opener.py:85: ResourceWarning: unclosed <socket.socket [closed] fd=8, family=AddressFamily.AF_INET, type=SocketKind.SOCK_STREAM, proto=6>
[  161s]   for meth in dir(handler):
[  161s] ResourceWarning: Enable tracemalloc to get the object allocation traceback
[  161s] /home/abuild/rpmbuild/BUILD/mechanize-0.4.8/mechanize/_opener.py:85: ResourceWarning: unclosed <socket.socket [closed] fd=9, family=AddressFamily.AF_INET, type=SocketKind.SOCK_STREAM, proto=6>
[  161s]   for meth in dir(handler):
[  161s] ResourceWarning: Enable tracemalloc to get the object allocation traceback
[  161s] /home/abuild/rpmbuild/BUILD/mechanize-0.4.8/mechanize/_opener.py:85: ResourceWarning: unclosed <socket.socket [closed] fd=10, family=AddressFamily.AF_INET, type=SocketKind.SOCK_STREAM, proto=6>
[  161s]   for meth in dir(handler):
[  161s] ResourceWarning: Enable tracemalloc to get the object allocation traceback
[  161s] /home/abuild/rpmbuild/BUILD/mechanize-0.4.8/mechanize/_opener.py:85: ResourceWarning: unclosed <socket.socket [closed] fd=11, family=AddressFamily.AF_INET, type=SocketKind.SOCK_STREAM, proto=6>
[  161s]   for meth in dir(handler):
[  161s] ResourceWarning: Enable tracemalloc to get the object allocation traceback
[  161s] ok
[  161s] test_seekable_response_opener (test.test_functional.ResponseTests) ... ok
[  161s] test_set_response (test.test_functional.ResponseTests) ... ok
[  161s] test_302_and_404 (test.test_functional.SimpleTests) ... ok
[  161s] test_basic_auth (test.test_functional.SimpleTests) ... ok
[  161s] test_digest_auth (test.test_functional.SimpleTests) ... ok
[  161s] test_error_recovery (test.test_functional.SimpleTests) ... ok
[  161s] test_file_url (test.test_functional.SimpleTests) ... ok
[  161s] test_gzip (test.test_functional.SimpleTests) ... ok
[  161s] test_non_seekable (test.test_functional.SimpleTests) ... ok
[  161s] test_open_local_file (test.test_functional.SimpleTests) ... ok
[  161s] test_open_novisit (test.test_functional.SimpleTests) ... ok
[  161s] test_open_with_default_timeout (test.test_functional.SimpleTests) ... ok
[  162s] test_open_with_timeout (test.test_functional.SimpleTests) ... ok
[  162s] test_redirect (test.test_functional.SimpleTests) ... ok
[  162s] test_redirect_with_timeout (test.test_functional.SimpleTests) ... ok
[  162s] test_refresh (test.test_functional.SimpleTests) ... ok
[  162s] test_reread (test.test_functional.SimpleTests) ... ok
[  162s] test_simple (test.test_functional.SimpleTests) ... ok
[  162s] test_urlopen_with_default_timeout (test.test_functional.SimpleTests) ... ok
[  162s] test_urlopen_with_timeout (test.test_functional.SimpleTests) ... ok
[  162s] test_join_header_words (test.test_headers.HeaderTests) ... ok
[  162s] test_parse_ns_headers_expires (test.test_headers.HeaderTests) ... ok
[  162s] test_parse_ns_headers_special_names (test.test_headers.HeaderTests) ... ok
[  162s] test_parse_ns_headers_version (test.test_headers.HeaderTests) ... ok
[  162s] test_roundtrip (test.test_headers.HeaderTests) ... ok
[  162s] test_split_header_words (test.test_headers.HeaderTests) ... ok
[  162s] test_is_html (test.test_headers.IsHtmlTests) ... ok
[  162s] test_fallback (test.test_html.EncodingFinderTests) ... ok
[  162s] test_known_encoding (test.test_html.EncodingFinderTests) ... ok
[  162s] test_precedence (test.test_html.EncodingFinderTests) ... ok
[  162s] test_unknown_encoding (test.test_html.EncodingFinderTests) ... ok
[  162s] test_link_parsing (test.test_html.MiscTests) ... ok
[  162s] test_title_parsing (test.test_html.MiscTests) ... ok
[  162s] test_util_func (test.test_html.MiscTests) ... ok
[  162s] test_bad_base_tag (test.test_html.RegressionTests) ... ok
[  162s] test_close_base_tag (test.test_html.RegressionTests) ... ok
[  162s] test_title_parsing (test.test_html.TitleTests) ... ok
[  162s] test_set_opener (test.test_http.TestRobotFileParser) ... ok
[  162s] test_import_all (test.test_import.ImportTests) ... ok
[  162s] test_retrieve (test.test_opener.OpenerTests) ... ok
[  162s] test_retrieve_closes_on_failure (test.test_opener.OpenerTests) ... ok
[  162s] test_retrieve_closes_on_read_failure (test.test_opener.OpenerTests) ... ok
[  162s] test_retrieve_closes_on_success (test.test_opener.OpenerTests) ... ok
[  164s] test_retrieve_local_file (test.test_performance.PerformanceTests) ... ok
[  164s] test_pickle_cookie (test.test_pickle.PickleTest) ... ok
[  164s] test_pickle_cookiejar (test.test_pickle.PickleTest) ... ok
[  164s] test_read_complete (test.test_response.DocTests) ... ok
[  164s] test_upgrade_response (test.test_response.DocTests) ... ok
[  164s] testGetResponseData (test.test_response.SeekableTests) ... ok
[  164s] testResponseSeekWrapper (test.test_response.SeekableTests) ... ok
[  164s] testSeekable (test.test_response.SeekableTests) ... ok
[  164s] testSetResponseData (test.test_response.SeekableTests) ... ok
[  164s] test_build_opener (test.test_urllib2.FunctionTests) ... ok
[  164s] test_basic_and_digest_auth_handlers (test.test_urllib2.HandlerTests) ... ok
[  164s] test_basic_auth (test.test_urllib2.HandlerTests) ... ok
[  164s] test_basic_auth_with_single_quoted_realm (test.test_urllib2.HandlerTests) ... ok
[  164s] test_cookie_redirect (test.test_urllib2.HandlerTests) ... ok
[  164s] test_cookies (test.test_urllib2.HandlerTests) ... ok
[  164s] test_errors (test.test_urllib2.HandlerTests) ... ok
[  164s] test_file (test.test_urllib2.HandlerTests) ... ok
[  164s] test_ftp (test.test_urllib2.HandlerTests) ... ok
[  164s] test_http (test.test_urllib2.HandlerTests) ... ok
[  164s] test_http_double_slash (test.test_urllib2.HandlerTests) ... ok
[  164s] test_http_equiv (test.test_urllib2.HandlerTests) ... ok
[  164s] test_proxy (test.test_urllib2.HandlerTests) ... ok
[  164s] test_proxy_basic_auth (test.test_urllib2.HandlerTests) ... ok
[  164s] test_proxy_custom_proxy_bypass (test.test_urllib2.HandlerTests) ... ok
[  164s] test_proxy_https (test.test_urllib2.HandlerTests) ... ok
[  164s] test_proxy_https_proxy_authorization (test.test_urllib2.HandlerTests) ... ok
[  164s] test_proxy_no_proxy (test.test_urllib2.HandlerTests) ... ok
[  164s] test_raise_http_errors (test.test_urllib2.HandlerTests) ... ok
[  164s] test_redirect (test.test_urllib2.HandlerTests) ... ok
[  164s] test_redirect_bad_uri (test.test_urllib2.HandlerTests) ... ok
[  164s] test_redirected_robots_txt (test.test_urllib2.HandlerTests) ... ok
[  164s] test_referer (test.test_urllib2.HandlerTests) ... ok
[  164s] test_refresh (test.test_urllib2.HandlerTests) ... ok
[  164s] test_refresh_bad_uri (test.test_urllib2.HandlerTests) ... ok
[  164s] test_refresh_honor_time (test.test_urllib2.HandlerTests) ... ok
[  164s] test_robots (test.test_urllib2.HandlerTests) ... ok
[  164s] test (test.test_urllib2.HeadParserTests) ... ok
[  164s] test_add_non_handler (test.test_urllib2.OpenerDirectorTests) ... ok
[  164s] test_any (test.test_urllib2.OpenerDirectorTests) ... ok
[  164s] test_badly_named_methods (test.test_urllib2.OpenerDirectorTests) ... ok
[  164s] test_handled (test.test_urllib2.OpenerDirectorTests) ... ok
[  164s] test_handler_order (test.test_urllib2.OpenerDirectorTests) ... ok
[  164s] test_http_error (test.test_urllib2.OpenerDirectorTests) ... ok
[  164s] test_http_error_raised (test.test_urllib2.OpenerDirectorTests) ... ok
[  164s] test_processors (test.test_urllib2.OpenerDirectorTests) ... ok
[  164s] test_raise (test.test_urllib2.OpenerDirectorTests) ... ok
[  164s] test_reindex_handlers (test.test_urllib2.OpenerDirectorTests) ... ok
[  164s] test_add_data (test.test_urllib2.RequestTests) ... ok
[  164s] test_data (test.test_urllib2.RequestTests) ... ok
[  164s] test_get_full_url (test.test_urllib2.RequestTests) ... ok
[  164s] test_get_host (test.test_urllib2.RequestTests) ... ok
[  164s] test_get_host_unquote (test.test_urllib2.RequestTests) ... ok
[  164s] test_get_type (test.test_urllib2.RequestTests) ... ok
[  164s] test_method (test.test_urllib2.RequestTests) ... ok
[  164s] test_normalize_url (test.test_urllib2.RequestTests) ... ok
[  164s] test_proxy (test.test_urllib2.RequestTests) ... ok
[  164s] test_selector (test.test_urllib2.RequestTests) ... ok
[  164s] test_parse_authreq (test.test_urllib2.TrivialTests) ... ok
[  164s] test_parse_http_list (test.test_urllib2.TrivialTests) ... ok
[  164s] test_trivial (test.test_urllib2.TrivialTests) ... ok
[  165s] test_proxy_qop_auth_int_works_or_throws_urlerror (test.test_urllib2_localnet.ProxyAuthTests) ... ok
[  165s] test_proxy_qop_auth_works (test.test_urllib2_localnet.ProxyAuthTests) ... ok
[  165s] test_proxy_with_bad_password_raises_httperror (test.test_urllib2_localnet.ProxyAuthTests) ... /home/abuild/rpmbuild/BUILD/mechanize-0.4.8/mechanize/_opener.py:107: ResourceWarning: unclosed <socket.socket [closed] fd=8, family=AddressFamily.AF_INET, type=SocketKind.SOCK_STREAM, proto=6>
[  165s]   kind = int(kind)
[  165s] ResourceWarning: Enable tracemalloc to get the object allocation traceback
[  165s] /home/abuild/rpmbuild/BUILD/mechanize-0.4.8/mechanize/_opener.py:107: ResourceWarning: unclosed <socket.socket [closed] fd=9, family=AddressFamily.AF_INET, type=SocketKind.SOCK_STREAM, proto=6>
[  165s]   kind = int(kind)
[  165s] ResourceWarning: Enable tracemalloc to get the object allocation traceback
[  165s] ok
[  165s] test_proxy_with_no_password_raises_httperror (test.test_urllib2_localnet.ProxyAuthTests) ... ok
[  165s] test_200 (test.test_urllib2_localnet.TestUrlopen) ... ok
[  165s] test_200_with_parameters (test.test_urllib2_localnet.TestUrlopen) ... ok
[  165s] test_404 (test.test_urllib2_localnet.TestUrlopen) ... ok
[  165s] test_bad_address (test.test_urllib2_localnet.TestUrlopen) ... ok
[  165s] test_basic (test.test_urllib2_localnet.TestUrlopen) ... ok
[  165s] test_geturl (test.test_urllib2_localnet.TestUrlopen) ... ok
[  165s] test_info (test.test_urllib2_localnet.TestUrlopen) ... ok
[  165s] test_redirection (test.test_urllib2_localnet.TestUrlopen) ... ok
[  165s] test_sending_headers (test.test_urllib2_localnet.TestUrlopen) ... ok
[  165s] test_set_handled_schemes (test.test_useragent.UserAgentTests) ... ok
[  165s] test_set_proxies (test.test_useragent.UserAgentTests) ... ok
[  165s] join_header_words (mechanize._headersutil)
[  165s] Doctest: mechanize._headersutil.join_header_words ... ok
[  165s] split_header_words (mechanize._headersutil)
[  165s] Doctest: mechanize._headersutil.split_header_words ... ok
[  165s] parse_refresh_header (mechanize._http)
[  165s] Doctest: mechanize._http.parse_refresh_header ... ok
[  165s] is_clean_uri (mechanize._rfc3986)
[  165s] Doctest: mechanize._rfc3986.is_clean_uri ... ok
[  165s] _parse_proxy (mechanize._urllib2_fork)
[  165s] Doctest: mechanize._urllib2_fork._parse_proxy ... ok
[  165s] UserAgentBase (mechanize._useragent)
[  165s] Doctest: mechanize._useragent.UserAgentBase ... ok
[  165s] set_proxies (mechanize._useragent.UserAgentBase)
[  165s] Doctest: mechanize._useragent.UserAgentBase.set_proxies ... ok
[  165s] test/test_forms.doctest
[  165s] Doctest: test_forms.doctest ... /home/abuild/rpmbuild/BUILD/mechanize-0.4.8/mechanize/_opener.py:60: ResourceWarning: unclosed <socket.socket [closed] fd=8, family=AddressFamily.AF_INET, type=SocketKind.SOCK_STREAM, proto=6>
[  165s]   if not hasattr(handler, "add_parent"):
[  165s] ResourceWarning: Enable tracemalloc to get the object allocation traceback
[  165s] /home/abuild/rpmbuild/BUILD/mechanize-0.4.8/mechanize/_opener.py:60: ResourceWarning: unclosed <socket.socket [closed] fd=9, family=AddressFamily.AF_INET, type=SocketKind.SOCK_STREAM, proto=6>
[  165s]   if not hasattr(handler, "add_parent"):
[  165s] ResourceWarning: Enable tracemalloc to get the object allocation traceback
[  165s] /home/abuild/rpmbuild/BUILD/mechanize-0.4.8/mechanize/_opener.py:60: ResourceWarning: unclosed <socket.socket [closed] fd=11, family=AddressFamily.AF_INET, type=SocketKind.SOCK_STREAM, proto=6>
[  165s]   if not hasattr(handler, "add_parent"):
[  165s] ResourceWarning: Enable tracemalloc to get the object allocation traceback
[  165s] /home/abuild/rpmbuild/BUILD/mechanize-0.4.8/mechanize/_opener.py:60: ResourceWarning: unclosed <socket.socket [closed] fd=14, family=AddressFamily.AF_INET, type=SocketKind.SOCK_STREAM, proto=6>
[  165s]   if not hasattr(handler, "add_parent"):
[  165s] ResourceWarning: Enable tracemalloc to get the object allocation traceback
[  165s] /home/abuild/rpmbuild/BUILD/mechanize-0.4.8/mechanize/_opener.py:60: ResourceWarning: unclosed <socket.socket [closed] fd=15, family=AddressFamily.AF_INET, type=SocketKind.SOCK_STREAM, proto=6>
[  165s]   if not hasattr(handler, "add_parent"):
[  165s] ResourceWarning: Enable tracemalloc to get the object allocation traceback
[  165s] /home/abuild/rpmbuild/BUILD/mechanize-0.4.8/mechanize/_opener.py:60: ResourceWarning: unclosed <socket.socket [closed] fd=16, family=AddressFamily.AF_INET, type=SocketKind.SOCK_STREAM, proto=6>
[  165s]   if not hasattr(handler, "add_parent"):
[  165s] ResourceWarning: Enable tracemalloc to get the object allocation traceback
[  165s] /home/abuild/rpmbuild/BUILD/mechanize-0.4.8/mechanize/_opener.py:60: ResourceWarning: unclosed <socket.socket [closed] fd=18, family=AddressFamily.AF_INET, type=SocketKind.SOCK_STREAM, proto=6>
[  165s]   if not hasattr(handler, "add_parent"):
[  165s] ResourceWarning: Enable tracemalloc to get the object allocation traceback
[  165s] /home/abuild/rpmbuild/BUILD/mechanize-0.4.8/mechanize/_opener.py:60: ResourceWarning: unclosed <socket.socket [closed] fd=19, family=AddressFamily.AF_INET, type=SocketKind.SOCK_STREAM, proto=6>
[  165s]   if not hasattr(handler, "add_parent"):
[  165s] ResourceWarning: Enable tracemalloc to get the object allocation traceback
[  165s] ok
[  165s] test/test_history.doctest
[  165s] Doctest: test_history.doctest ... ok
[  165s] test/test_opener.doctest
[  165s] Doctest: test_opener.doctest ... ok
[  165s] test/test_request.doctest
[  165s] Doctest: test_request.doctest ... ok
[  165s] test/test_rfc3986.doctest
[  165s] Doctest: test_rfc3986.doctest ... ok
[  168s] 
[  168s] ----------------------------------------------------------------------
[  168s] Ran 306 tests in 18.556s
[  168s] 
[  168s] OK
[  168s] sys:1: ResourceWarning: unclosed <socket.socket fd=6, family=AddressFamily.AF_INET, type=SocketKind.SOCK_STREAM, proto=0, laddr=('127.0.0.1', 36605)>
[  168s] sys:1: ResourceWarning: unclosed <socket.socket fd=17, family=AddressFamily.AF_INET, type=SocketKind.SOCK_STREAM, proto=0, laddr=('127.0.0.1', 40367)>
[  168s] sys:1: ResourceWarning: unclosed <socket.socket fd=7, family=AddressFamily.AF_INET, type=SocketKind.SOCK_STREAM, proto=0, laddr=('127.0.0.1', 45329)>
[  168s] ++ '[' -f _current_flavor ']'
[  168s] ++ cat _current_flavor
[  168s] + last_flavor=python39
[  168s] + '[' -z python39 ']'
[  168s] + '[' python39 '!=' python311 ']'
[  168s] + '[' -d build ']'
[  168s] + mv build _build.python39
[  168s] + '[' -d _build.python311 ']'
[  168s] + mv _build.python311 build
[  168s] + echo python311
[  168s] + python_flavor=python311
[  168s] + python3.11 ./run_tests.py -v
[  174s] test_import_all (test.test_api.ImportTests.test_import_all) ... ok
[  174s] test_base_uri (test.test_browser.BrowserTests.test_base_uri) ... ok
[  174s] test_clone_browser (test.test_browser.BrowserTests.test_clone_browser) ... ok
[  174s] test_empty (test.test_browser.BrowserTests.test_empty) ... ok
[  174s] test_encoding (test.test_browser.BrowserTests.test_encoding) ... ok
[  174s] test_forms (test.test_browser.BrowserTests.test_forms) ... ok
[  174s] test_gzip (test.test_browser.BrowserTests.test_gzip) ... ok
[  174s] test_history (test.test_browser.BrowserTests.test_history) ... ok
[  174s] test_link_encoding (test.test_browser.BrowserTests.test_link_encoding) ... ok
[  174s] test_link_whitespace (test.test_browser.BrowserTests.test_link_whitespace) ... ok
[  175s] test_links (test.test_browser.BrowserTests.test_links) ... ok
[  175s] test_referer (test.test_browser.BrowserTests.test_referer) ... ok
[  175s] test_reload_read_incomplete (test.test_browser.BrowserTests.test_reload_read_incomplete) ... ok
[  175s] test_set_cookie (test.test_browser.BrowserTests.test_set_cookie) ... ok
[  175s] test_viewing_html (test.test_browser.BrowserTests.test_viewing_html) ... ok
[  175s] test_add_host_header (test.test_browser.HttplibTests.test_add_host_header) ... ok
[  175s] test_misc_browser_tests (test.test_browser.HttplibTests.test_misc_browser_tests) ... ok
[  175s] test_select_form (test.test_browser.ResponseTests.test_select_form) ... ok
[  175s] test_set_response (test.test_browser.ResponseTests.test_set_response) ... ok
[  175s] test_str (test.test_browser.ResponseTests.test_str) ... ok
[  175s] test_all_state_included (test.test_cookie.Test.test_all_state_included) ... ok
[  175s] test_equality (test.test_cookie.Test.test_equality) ... ok
[  175s] test_inequality (test.test_cookie.Test.test_inequality) ... ok
[  175s] test_add_cookie_header (test.test_cookies.CookieJarInterfaceTests.test_add_cookie_header) ... ok
[  175s] test_extract_cookies (test.test_cookies.CookieJarInterfaceTests.test_extract_cookies) ... ok
[  175s] test_unverifiable (test.test_cookies.CookieJarInterfaceTests.test_unverifiable) ... ok
[  175s] test_firefox3_cookiejar_add_cookie_header (test.test_cookies.CookieJarPersistenceTests.test_firefox3_cookiejar_add_cookie_header) ... ok
[  175s] test_firefox3_cookiejar_clear (test.test_cookies.CookieJarPersistenceTests.test_firefox3_cookiejar_clear) ... ok
[  175s] test_firefox3_cookiejar_iteration (test.test_cookies.CookieJarPersistenceTests.test_firefox3_cookiejar_iteration) ... ok
[  175s] test_firefox3_cookiejar_restore (test.test_cookies.CookieJarPersistenceTests.test_firefox3_cookiejar_restore) ... ok
[  175s] test_mozilla_cookiejar (test.test_cookies.CookieJarPersistenceTests.test_mozilla_cookiejar) ... ok
[  175s] test_mozilla_cookiejar_embedded_tab (test.test_cookies.CookieJarPersistenceTests.test_mozilla_cookiejar_embedded_tab) ... ok
[  175s] test_mozilla_cookiejar_initial_dot_violation (test.test_cookies.CookieJarPersistenceTests.test_mozilla_cookiejar_initial_dot_violation) ... ok
[  175s] test_Cookie_iterator (test.test_cookies.CookieTests.test_Cookie_iterator) ... FAIL
[  175s] test_bad_cookie_header (test.test_cookies.CookieTests.test_bad_cookie_header) ... ok
[  175s] test_cookies_for_request (test.test_cookies.CookieTests.test_cookies_for_request) ... ok
[  175s] test_default_path (test.test_cookies.CookieTests.test_default_path) ... ok
[  175s] test_default_path_with_query (test.test_cookies.CookieTests.test_default_path_with_query) ... ok
[  175s] test_domain_allow (test.test_cookies.CookieTests.test_domain_allow) ... ok
[  175s] test_domain_block (test.test_cookies.CookieTests.test_domain_block) ... ok
[  175s] test_domain_match (test.test_cookies.CookieTests.test_domain_match) ... ok
[  175s] test_domain_mirror (test.test_cookies.CookieTests.test_domain_mirror) ... ok
[  175s] test_domain_return_ok (test.test_cookies.CookieTests.test_domain_return_ok) ... ok
[  175s] test_effective_request_host (test.test_cookies.CookieTests.test_effective_request_host) ... ok
[  175s] test_escape_path (test.test_cookies.CookieTests.test_escape_path) ... ok
[  175s] test_expires (test.test_cookies.CookieTests.test_expires) ... ok
[  175s] test_is_HDN (test.test_cookies.CookieTests.test_is_HDN) ... ok
[  175s] test_missing_final_slash (test.test_cookies.CookieTests.test_missing_final_slash) ... ok
[  175s] test_missing_name (test.test_cookies.CookieTests.test_missing_name) ... ok
[  175s] test_no_return_comment (test.test_cookies.CookieTests.test_no_return_comment) ... ok
[  175s] test_ns_parser (test.test_cookies.CookieTests.test_ns_parser) ... ok
[  175s] test_ns_parser_special_names (test.test_cookies.CookieTests.test_ns_parser_special_names) ... ok
[  175s] test_parse_ns_headers (test.test_cookies.CookieTests.test_parse_ns_headers) ... ok
[  175s] test_path_mirror (test.test_cookies.CookieTests.test_path_mirror) ... ok
[  175s] test_policy (test.test_cookies.CookieTests.test_policy) ... ok
[  175s] test_port_mirror (test.test_cookies.CookieTests.test_port_mirror) ... ok
[  175s] test_quote_cookie_value (test.test_cookies.CookieTests.test_quote_cookie_value) ... ok
[  175s] test_reach (test.test_cookies.CookieTests.test_reach) ... ok
[  175s] test_request_host_lc (test.test_cookies.CookieTests.test_request_host_lc) ... ok
[  175s] test_request_path (test.test_cookies.CookieTests.test_request_path) ... ok
[  175s] test_request_port (test.test_cookies.CookieTests.test_request_port) ... ok
[  175s] test_rfc2109_handling (test.test_cookies.CookieTests.test_rfc2109_handling) ... ok
[  175s] test_secure (test.test_cookies.CookieTests.test_secure) ... ok
[  175s] test_strict_domain (test.test_cookies.CookieTests.test_strict_domain) ... ok
[  175s] test_two_component_domain_ns (test.test_cookies.CookieTests.test_two_component_domain_ns) ... ok
[  175s] test_two_component_domain_rfc2965 (test.test_cookies.CookieTests.test_two_component_domain_rfc2965) ... ok
[  175s] test_wrong_domain (test.test_cookies.CookieTests.test_wrong_domain)
[  175s] Cookies whose ERH does not domain-match the domain are rejected. ... ok
[  175s] test_empty_path (test.test_cookies.LWPCookieTests.test_empty_path) ... ok
[  175s] test_ietf_example_1 (test.test_cookies.LWPCookieTests.test_ietf_example_1) ... ok
[  175s] test_ietf_example_2 (test.test_cookies.LWPCookieTests.test_ietf_example_2) ... ok
[  175s] test_intranet_domains_2965 (test.test_cookies.LWPCookieTests.test_intranet_domains_2965) ... ok
[  175s] test_intranet_domains_ns (test.test_cookies.LWPCookieTests.test_intranet_domains_ns) ... ok
[  175s] test_netscape_example_1 (test.test_cookies.LWPCookieTests.test_netscape_example_1) ... ok
[  175s] test_netscape_example_2 (test.test_cookies.LWPCookieTests.test_netscape_example_2) ... ok
[  175s] test_netscape_misc (test.test_cookies.LWPCookieTests.test_netscape_misc) ... ok
[  175s] test_rejection (test.test_cookies.LWPCookieTests.test_rejection) ... ok
[  175s] test_session_cookies (test.test_cookies.LWPCookieTests.test_session_cookies) ... ok
[  175s] test_url_encoding (test.test_cookies.LWPCookieTests.test_url_encoding) ... ok
[  175s] test_http2time_formats (test.test_date.DateTimeTests.test_http2time_formats) ... ok
[  175s] test_http2time_garbage (test.test_date.DateTimeTests.test_http2time_garbage) ... ok
[  175s] test_parse_date (test.test_date.DateTimeTests.test_parse_date) ... ok
[  175s] test_time2isoz (test.test_date.DateTimeTests.test_time2isoz) ... ok
[  175s] test_content_type (test.test_form.ContentTypeTests.test_content_type) ... ok
[  175s] testCheckboxControl (test.test_form.ControlTests.testCheckboxControl) ... ok
[  175s] testFileControl (test.test_form.ControlTests.testFileControl) ... ok
[  175s] testIgnoreControl (test.test_form.ControlTests.testIgnoreControl) ... ok
[  175s] testImageControl (test.test_form.ControlTests.testImageControl) ... ok
[  175s] testRadioControl (test.test_form.ControlTests.testRadioControl) ... ok
[  175s] testSelectControlMultiple (test.test_form.ControlTests.testSelectControlMultiple) ... ok
[  175s] testSelectControlMultiple_label (test.test_form.ControlTests.testSelectControlMultiple_label) ... ok
[  175s] testSelectControlSingle (test.test_form.ControlTests.testSelectControlSingle) ... ok
[  175s] testSelectControlSingle_label (test.test_form.ControlTests.testSelectControlSingle_label) ... ok
[  175s] testSubmitControl (test.test_form.ControlTests.testSubmitControl) ... ok
[  175s] testTextControl (test.test_form.ControlTests.testTextControl) ... ok
[  175s] testDisabledCheckbox (test.test_form.DisabledTests.testDisabledCheckbox) ... ok
[  175s] testDisabledRadio (test.test_form.DisabledTests.testDisabledRadio) ... ok
[  175s] testDisabledSelect (test.test_form.DisabledTests.testDisabledSelect) ... ok
[  176s] testOptgroup (test.test_form.DisabledTests.testOptgroup) ... ok
[  176s] testFillFormEncoding (test.test_form.EncodingTests.testFillFormEncoding) ... ok
[  176s] testAuth (test.test_form.FormTests.testAuth) ... ok
[  176s] testClearValue (test.test_form.FormTests.testClearValue) ... ok
[  176s] testFullSearch (test.test_form.FormTests.testFullSearch) ... ok
[  176s] testGeneralSearch (test.test_form.FormTests.testGeneralSearch) ... ok
[  176s] testMarkedRecords (test.test_form.FormTests.testMarkedRecords) ... ok
[  176s] testMarkedResults (test.test_form.FormTests.testMarkedResults) ... ok
[  176s] testResults (test.test_form.FormTests.testResults) ... ok
[  176s] testSearchByLabel (test.test_form.FormTests.testSearchByLabel) ... ok
[  176s] testSearchType (test.test_form.FormTests.testSearchType) ... ok
[  176s] testSetValueByLabelIgnoringAmbiguity (test.test_form.FormTests.testSetValueByLabelIgnoringAmbiguity) ... ok
[  176s] test_click (test.test_form.FormTests.test_click) ... ok
[  176s] test_deselect_disabled (test.test_form.FormTests.test_deselect_disabled) ... ok
[  176s] test_find_control (test.test_form.FormTests.test_find_control) ... ok
[  176s] test_find_nameless_control (test.test_form.FormTests.test_find_nameless_control) ... ok
[  176s] test_normalize_line_endings (test.test_form.FunctionTests.test_normalize_line_endings) ... ok
[  176s] testEmptyParse (test.test_form.LWPFormTests.testEmptyParse) ... ok
[  176s] testFillForm (test.test_form.LWPFormTests.testFillForm) ... ok
[  176s] testParse (test.test_form.LWPFormTests.testParse) ... ok
[  176s] test_action_with_fragment (test.test_form.MoreFormTests.test_action_with_fragment) ... ok
[  176s] test_attrs (test.test_form.MoreFormTests.test_attrs) ... ok
[  176s] test_clear (test.test_form.MoreFormTests.test_clear) ... ok
[  176s] test_clear_all (test.test_form.MoreFormTests.test_clear_all) ... ok
[  176s] test_click_empty_form_by_label (test.test_form.MoreFormTests.test_click_empty_form_by_label) ... ok
[  176s] test_id (test.test_form.MoreFormTests.test_id) ... ok
[  176s] test_interspersed_controls (test.test_form.MoreFormTests.test_interspersed_controls) ... ok
[  176s] test_label_whitespace (test.test_form.MoreFormTests.test_label_whitespace) ... ok
[  176s] test_nameless_list_control (test.test_form.MoreFormTests.test_nameless_list_control) ... ok
[  176s] test_possible_items (test.test_form.MoreFormTests.test_possible_items) ... ok
[  176s] test_select_control_nr_and_label (test.test_form.MoreFormTests.test_select_control_nr_and_label) ... ok
[  176s] test_set_all_readonly (test.test_form.MoreFormTests.test_set_all_readonly) ... ok
[  176s] test_single (test.test_form.MoreFormTests.test_single) ... ok
[  176s] test_value (test.test_form.MoreFormTests.test_value) ... ok
[  176s] test_add_textfield (test.test_form.MutationTests.test_add_textfield) ... ok
[  176s] test_new_control (test.test_form.MutationTests.test_new_control) ... ok
[  176s] testButton (test.test_form.ParseTests.testButton) ... ok
[  176s] testEmptySelect (test.test_form.ParseTests.testEmptySelect) ... ok
[  176s] testNamelessListItems (test.test_form.ParseTests.testNamelessListItems) ... ok
[  176s] testSelect (test.test_form.ParseTests.testSelect) ... ok
[  176s] testSelectDefault (test.test_form.ParseTests.testSelectDefault) ... ok
[  177s] testSingleSelectFixup (test.test_form.ParseTests.testSingleSelectFixup) ... ok
[  177s] testTextarea (test.test_form.ParseTests.testTextarea) ... ok
[  177s] testUnnamedControl (test.test_form.ParseTests.testUnnamedControl) ... ok
[  177s] test_ParseFileEx (test.test_form.ParseTests.test_ParseFileEx) ... ok
[  177s] test_base_uri (test.test_form.ParseTests.test_base_uri) ... ok
[  177s] test_close_base_tag (test.test_form.ParseTests.test_close_base_tag) ... ok
[  177s] test_double_select (test.test_form.ParseTests.test_double_select) ... ok
[  177s] test_embedded_newlines (test.test_form.ParseTests.test_embedded_newlines) ... ok
[  177s] test_empty_document (test.test_form.ParseTests.test_empty_document) ... ok
[  177s] test_form_attribute (test.test_form.ParseTests.test_form_attribute) ... ok
[  177s] test_global_select (test.test_form.ParseTests.test_global_select) ... ok
[  177s] test_missing_closing_body_tag (test.test_form.ParseTests.test_missing_closing_body_tag) ... ok
[  177s] test_unknown_control (test.test_form.ParseTests.test_unknown_control) ... ok
[  177s] test_unescape_parsing (test.test_form.UnescapeTests.test_unescape_parsing) ... ok
[  177s] test_unescape_parsing_data (test.test_form.UnescapeTests.test_unescape_parsing_data) ... ok
[  177s] test_unescape_parsing_select (test.test_form.UnescapeTests.test_unescape_parsing_select) ... ok
[  177s] test_choose_boundary (test.test_form.UploadTests.test_choose_boundary) ... ok
[  177s] test_empty_upload (test.test_form.UploadTests.test_empty_upload) ... ok
[  177s] test_file_request (test.test_form.UploadTests.test_file_request) ... ok
[  177s] test_file_request_with_filename (test.test_form.UploadTests.test_file_request_with_filename) ... ok
[  177s] test_multipart_file_request (test.test_form.UploadTests.test_multipart_file_request) ... ok
[  177s] test_no_files (test.test_form.UploadTests.test_no_files) ... ok
[  177s] test_upload_data (test.test_form.UploadTests.test_upload_data) ... ok
[  180s] test_mozilla_cookiejar (test.test_functional.CookieJarTests.test_mozilla_cookiejar) ... ok
[  184s] test_ftp (test.test_functional.FtpTestCase.test_ftp) ... ok
[  184s] test_404 (test.test_functional.FunctionalTests.test_404) ... ok
[  184s] test_cookies (test.test_functional.FunctionalTests.test_cookies) ... ok
[  184s] test_referer (test.test_functional.FunctionalTests.test_referer) ... ok
[  184s] test_reload_read_incomplete (test.test_functional.FunctionalTests.test_reload_read_incomplete) ... ok
[  185s] test_retrieve (test.test_functional.FunctionalTests.test_retrieve) ... ok
[  185s] test_retrieve_to_named_file (test.test_functional.FunctionalTests.test_retrieve_to_named_file) ... ok
[  185s] test_robots (test.test_functional.FunctionalTests.test_robots) ... /home/abuild/rpmbuild/BUILD/mechanize-0.4.8/mechanize/_opener.py:85: ResourceWarning: unclosed <socket.socket [closed] fd=8, family=2, type=1, proto=6>
[  185s]   for meth in dir(handler):
[  185s] ResourceWarning: Enable tracemalloc to get the object allocation traceback
[  185s] /home/abuild/rpmbuild/BUILD/mechanize-0.4.8/mechanize/_opener.py:85: ResourceWarning: unclosed <socket.socket [closed] fd=9, family=2, type=1, proto=6>
[  185s]   for meth in dir(handler):
[  185s] ResourceWarning: Enable tracemalloc to get the object allocation traceback
[  185s] ok
[  185s] test_urlretrieve (test.test_functional.FunctionalTests.test_urlretrieve) ... ok
[  185s] test_consistent_seek (test.test_functional.ResponseTests.test_consistent_seek) ... ok
[  185s] test_new_response (test.test_functional.ResponseTests.test_new_response) ... ok
[  185s] test_no_seek (test.test_functional.ResponseTests.test_no_seek) ... /usr/lib64/python3.11/email/feedparser.py:89: ResourceWarning: unclosed <socket.socket [closed] fd=8, family=2, type=1, proto=6>
[  185s]   for ateof in reversed(self._eofstack):
[  185s] ResourceWarning: Enable tracemalloc to get the object allocation traceback
[  185s] /usr/lib64/python3.11/email/feedparser.py:89: ResourceWarning: unclosed <socket.socket [closed] fd=9, family=2, type=1, proto=6>
[  185s]   for ateof in reversed(self._eofstack):
[  185s] ResourceWarning: Enable tracemalloc to get the object allocation traceback
[  185s] ok
[  185s] test_seek (test.test_functional.ResponseTests.test_seek) ... ok
[  185s] test_seek_wrapper_class_name (test.test_functional.ResponseTests.test_seek_wrapper_class_name) ... ok
[  185s] test_seekable_response_opener (test.test_functional.ResponseTests.test_seekable_response_opener) ... ok
[  185s] test_set_response (test.test_functional.ResponseTests.test_set_response) ... /usr/lib/python3.11/site-packages/html5lib/html5parser.py:121: ResourceWarning: unclosed <socket.socket [closed] fd=8, family=2, type=1, proto=6>
[  185s]   self.phases = {name: cls(self, self.tree) for name, cls in
[  185s] ResourceWarning: Enable tracemalloc to get the object allocation traceback
[  185s] ok
[  185s] test_302_and_404 (test.test_functional.SimpleTests.test_302_and_404) ... ok
[  185s] test_basic_auth (test.test_functional.SimpleTests.test_basic_auth) ... ok
[  185s] test_digest_auth (test.test_functional.SimpleTests.test_digest_auth) ... /home/abuild/rpmbuild/BUILD/mechanize-0.4.8/mechanize/_opener.py:85: ResourceWarning: unclosed <socket.socket fd=6, family=2, type=1, proto=6, laddr=('127.0.0.1', 55946), raddr=('127.0.0.1', 2121)>
[  185s]   for meth in dir(handler):
[  185s] ResourceWarning: Enable tracemalloc to get the object allocation traceback
[  185s] /home/abuild/rpmbuild/BUILD/mechanize-0.4.8/mechanize/_opener.py:85: ResourceWarning: unclosed <socket.socket [closed] fd=10, family=2, type=1, proto=6>
[  185s]   for meth in dir(handler):
[  185s] ResourceWarning: Enable tracemalloc to get the object allocation traceback
[  185s] ok
[  185s] test_error_recovery (test.test_functional.SimpleTests.test_error_recovery) ... ok
[  185s] test_file_url (test.test_functional.SimpleTests.test_file_url) ... ok
[  185s] test_gzip (test.test_functional.SimpleTests.test_gzip) ... ok
[  185s] test_non_seekable (test.test_functional.SimpleTests.test_non_seekable) ... ok
[  185s] test_open_local_file (test.test_functional.SimpleTests.test_open_local_file) ... ok
[  185s] test_open_novisit (test.test_functional.SimpleTests.test_open_novisit) ... ok
[  185s] test_open_with_default_timeout (test.test_functional.SimpleTests.test_open_with_default_timeout) ... ok
[  185s] test_open_with_timeout (test.test_functional.SimpleTests.test_open_with_timeout) ... ok
[  186s] test_redirect (test.test_functional.SimpleTests.test_redirect) ... ok
[  186s] test_redirect_with_timeout (test.test_functional.SimpleTests.test_redirect_with_timeout) ... ok
[  186s] test_refresh (test.test_functional.SimpleTests.test_refresh) ... ok
[  186s] test_reread (test.test_functional.SimpleTests.test_reread) ... ok
[  186s] test_simple (test.test_functional.SimpleTests.test_simple) ... ok
[  186s] test_urlopen_with_default_timeout (test.test_functional.SimpleTests.test_urlopen_with_default_timeout) ... ok
[  186s] test_urlopen_with_timeout (test.test_functional.SimpleTests.test_urlopen_with_timeout) ... ok
[  186s] test_join_header_words (test.test_headers.HeaderTests.test_join_header_words) ... ok
[  186s] test_parse_ns_headers_expires (test.test_headers.HeaderTests.test_parse_ns_headers_expires) ... ok
[  186s] test_parse_ns_headers_special_names (test.test_headers.HeaderTests.test_parse_ns_headers_special_names) ... ok
[  186s] test_parse_ns_headers_version (test.test_headers.HeaderTests.test_parse_ns_headers_version) ... ok
[  186s] test_roundtrip (test.test_headers.HeaderTests.test_roundtrip) ... ok
[  186s] test_split_header_words (test.test_headers.HeaderTests.test_split_header_words) ... ok
[  186s] test_is_html (test.test_headers.IsHtmlTests.test_is_html) ... ok
[  186s] test_fallback (test.test_html.EncodingFinderTests.test_fallback) ... ok
[  186s] test_known_encoding (test.test_html.EncodingFinderTests.test_known_encoding) ... ok
[  186s] test_precedence (test.test_html.EncodingFinderTests.test_precedence) ... ok
[  186s] test_unknown_encoding (test.test_html.EncodingFinderTests.test_unknown_encoding) ... ok
[  186s] test_link_parsing (test.test_html.MiscTests.test_link_parsing) ... ok
[  186s] test_title_parsing (test.test_html.MiscTests.test_title_parsing) ... ok
[  186s] test_util_func (test.test_html.MiscTests.test_util_func) ... ok
[  186s] test_bad_base_tag (test.test_html.RegressionTests.test_bad_base_tag) ... ok
[  186s] test_close_base_tag (test.test_html.RegressionTests.test_close_base_tag) ... ok
[  186s] test_title_parsing (test.test_html.TitleTests.test_title_parsing) ... ok
[  186s] test_set_opener (test.test_http.TestRobotFileParser.test_set_opener) ... ok
[  186s] test_import_all (test.test_import.ImportTests.test_import_all) ... ok
[  186s] test_retrieve (test.test_opener.OpenerTests.test_retrieve) ... ok
[  186s] test_retrieve_closes_on_failure (test.test_opener.OpenerTests.test_retrieve_closes_on_failure) ... ok
[  186s] test_retrieve_closes_on_read_failure (test.test_opener.OpenerTests.test_retrieve_closes_on_read_failure) ... ok
[  186s] test_retrieve_closes_on_success (test.test_opener.OpenerTests.test_retrieve_closes_on_success) ... ok
[  187s] test_retrieve_local_file (test.test_performance.PerformanceTests.test_retrieve_local_file) ... ok
[  187s] test_pickle_cookie (test.test_pickle.PickleTest.test_pickle_cookie) ... ok
[  187s] test_pickle_cookiejar (test.test_pickle.PickleTest.test_pickle_cookiejar) ... ok
[  187s] test_read_complete (test.test_response.DocTests.test_read_complete) ... ok
[  187s] test_upgrade_response (test.test_response.DocTests.test_upgrade_response) ... ok
[  187s] testGetResponseData (test.test_response.SeekableTests.testGetResponseData) ... ok
[  187s] testResponseSeekWrapper (test.test_response.SeekableTests.testResponseSeekWrapper) ... ok
[  187s] testSeekable (test.test_response.SeekableTests.testSeekable) ... ok
[  187s] testSetResponseData (test.test_response.SeekableTests.testSetResponseData) ... ok
[  187s] test_build_opener (test.test_urllib2.FunctionTests.test_build_opener) ... ok
[  187s] test_basic_and_digest_auth_handlers (test.test_urllib2.HandlerTests.test_basic_and_digest_auth_handlers) ... ok
[  187s] test_basic_auth (test.test_urllib2.HandlerTests.test_basic_auth) ... ok
[  187s] test_basic_auth_with_single_quoted_realm (test.test_urllib2.HandlerTests.test_basic_auth_with_single_quoted_realm) ... ok
[  187s] test_cookie_redirect (test.test_urllib2.HandlerTests.test_cookie_redirect) ... ok
[  187s] test_cookies (test.test_urllib2.HandlerTests.test_cookies) ... ok
[  187s] test_errors (test.test_urllib2.HandlerTests.test_errors) ... ok
[  187s] test_file (test.test_urllib2.HandlerTests.test_file) ... ok
[  187s] test_ftp (test.test_urllib2.HandlerTests.test_ftp) ... ok
[  187s] test_http (test.test_urllib2.HandlerTests.test_http) ... ok
[  187s] test_http_double_slash (test.test_urllib2.HandlerTests.test_http_double_slash) ... ok
[  187s] test_http_equiv (test.test_urllib2.HandlerTests.test_http_equiv) ... ok
[  188s] test_proxy (test.test_urllib2.HandlerTests.test_proxy) ... ok
[  188s] test_proxy_basic_auth (test.test_urllib2.HandlerTests.test_proxy_basic_auth) ... ok
[  188s] test_proxy_custom_proxy_bypass (test.test_urllib2.HandlerTests.test_proxy_custom_proxy_bypass) ... ok
[  188s] test_proxy_https (test.test_urllib2.HandlerTests.test_proxy_https) ... ok
[  188s] test_proxy_https_proxy_authorization (test.test_urllib2.HandlerTests.test_proxy_https_proxy_authorization) ... ok
[  188s] test_proxy_no_proxy (test.test_urllib2.HandlerTests.test_proxy_no_proxy) ... ok
[  188s] test_raise_http_errors (test.test_urllib2.HandlerTests.test_raise_http_errors) ... ok
[  188s] test_redirect (test.test_urllib2.HandlerTests.test_redirect) ... ok
[  188s] test_redirect_bad_uri (test.test_urllib2.HandlerTests.test_redirect_bad_uri) ... ok
[  188s] test_redirected_robots_txt (test.test_urllib2.HandlerTests.test_redirected_robots_txt) ... ok
[  188s] test_referer (test.test_urllib2.HandlerTests.test_referer) ... ok
[  188s] test_refresh (test.test_urllib2.HandlerTests.test_refresh) ... ok
[  188s] test_refresh_bad_uri (test.test_urllib2.HandlerTests.test_refresh_bad_uri) ... ok
[  188s] test_refresh_honor_time (test.test_urllib2.HandlerTests.test_refresh_honor_time) ... ok
[  188s] test_robots (test.test_urllib2.HandlerTests.test_robots) ... ok
[  188s] test (test.test_urllib2.HeadParserTests.test) ... ok
[  188s] test_add_non_handler (test.test_urllib2.OpenerDirectorTests.test_add_non_handler) ... ok
[  188s] test_any (test.test_urllib2.OpenerDirectorTests.test_any) ... ok
[  188s] test_badly_named_methods (test.test_urllib2.OpenerDirectorTests.test_badly_named_methods) ... ok
[  188s] test_handled (test.test_urllib2.OpenerDirectorTests.test_handled) ... ok
[  188s] test_handler_order (test.test_urllib2.OpenerDirectorTests.test_handler_order) ... ok
[  188s] test_http_error (test.test_urllib2.OpenerDirectorTests.test_http_error) ... ok
[  188s] test_http_error_raised (test.test_urllib2.OpenerDirectorTests.test_http_error_raised) ... ok
[  188s] test_processors (test.test_urllib2.OpenerDirectorTests.test_processors) ... ok
[  188s] test_raise (test.test_urllib2.OpenerDirectorTests.test_raise) ... ok
[  188s] test_reindex_handlers (test.test_urllib2.OpenerDirectorTests.test_reindex_handlers) ... ok
[  188s] test_add_data (test.test_urllib2.RequestTests.test_add_data) ... ok
[  188s] test_data (test.test_urllib2.RequestTests.test_data) ... ok
[  188s] test_get_full_url (test.test_urllib2.RequestTests.test_get_full_url) ... ok
[  188s] test_get_host (test.test_urllib2.RequestTests.test_get_host) ... ok
[  188s] test_get_host_unquote (test.test_urllib2.RequestTests.test_get_host_unquote) ... ok
[  188s] test_get_type (test.test_urllib2.RequestTests.test_get_type) ... ok
[  188s] test_method (test.test_urllib2.RequestTests.test_method) ... ok
[  188s] test_normalize_url (test.test_urllib2.RequestTests.test_normalize_url) ... ok
[  188s] test_proxy (test.test_urllib2.RequestTests.test_proxy) ... ok
[  188s] test_selector (test.test_urllib2.RequestTests.test_selector) ... ok
[  188s] test_parse_authreq (test.test_urllib2.TrivialTests.test_parse_authreq) ... ok
[  188s] test_parse_http_list (test.test_urllib2.TrivialTests.test_parse_http_list) ... ok
[  188s] test_trivial (test.test_urllib2.TrivialTests.test_trivial) ... ok
[  189s] test_proxy_qop_auth_int_works_or_throws_urlerror (test.test_urllib2_localnet.ProxyAuthTests.test_proxy_qop_auth_int_works_or_throws_urlerror) ... ok
[  189s] test_proxy_qop_auth_works (test.test_urllib2_localnet.ProxyAuthTests.test_proxy_qop_auth_works) ... ok
[  189s] test_proxy_with_bad_password_raises_httperror (test.test_urllib2_localnet.ProxyAuthTests.test_proxy_with_bad_password_raises_httperror) ... /home/abuild/rpmbuild/BUILD/mechanize-0.4.8/mechanize/_opener.py:107: ResourceWarning: unclosed <socket.socket [closed] fd=8, family=2, type=1, proto=6>
[  189s]   kind = int(kind)
[  189s] ResourceWarning: Enable tracemalloc to get the object allocation traceback
[  189s] /home/abuild/rpmbuild/BUILD/mechanize-0.4.8/mechanize/_opener.py:107: ResourceWarning: unclosed <socket.socket [closed] fd=9, family=2, type=1, proto=6>
[  189s]   kind = int(kind)
[  189s] ResourceWarning: Enable tracemalloc to get the object allocation traceback
[  189s] ok
[  189s] test_proxy_with_no_password_raises_httperror (test.test_urllib2_localnet.ProxyAuthTests.test_proxy_with_no_password_raises_httperror) ... ok
[  189s] test_200 (test.test_urllib2_localnet.TestUrlopen.test_200) ... ok
[  189s] test_200_with_parameters (test.test_urllib2_localnet.TestUrlopen.test_200_with_parameters) ... ok
[  189s] test_404 (test.test_urllib2_localnet.TestUrlopen.test_404) ... ok
[  189s] test_bad_address (test.test_urllib2_localnet.TestUrlopen.test_bad_address) ... ok
[  189s] test_basic (test.test_urllib2_localnet.TestUrlopen.test_basic) ... ok
[  189s] test_geturl (test.test_urllib2_localnet.TestUrlopen.test_geturl) ... ok
[  189s] test_info (test.test_urllib2_localnet.TestUrlopen.test_info) ... ok
[  189s] test_redirection (test.test_urllib2_localnet.TestUrlopen.test_redirection) ... ok
[  189s] test_sending_headers (test.test_urllib2_localnet.TestUrlopen.test_sending_headers) ... ok
[  189s] test_set_handled_schemes (test.test_useragent.UserAgentTests.test_set_handled_schemes) ... ok
[  189s] test_set_proxies (test.test_useragent.UserAgentTests.test_set_proxies) ... ok
[  189s] join_header_words (mechanize._headersutil)
[  189s] Doctest: mechanize._headersutil.join_header_words ... ok
[  189s] split_header_words (mechanize._headersutil)
[  189s] Doctest: mechanize._headersutil.split_header_words ... ok
[  189s] parse_refresh_header (mechanize._http)
[  189s] Doctest: mechanize._http.parse_refresh_header ... ok
[  189s] is_clean_uri (mechanize._rfc3986)
[  189s] Doctest: mechanize._rfc3986.is_clean_uri ... ok
[  189s] _parse_proxy (mechanize._urllib2_fork)
[  189s] Doctest: mechanize._urllib2_fork._parse_proxy ... ok
[  189s] UserAgentBase (mechanize._useragent)
[  189s] Doctest: mechanize._useragent.UserAgentBase ... ok
[  189s] set_proxies (mechanize._useragent.UserAgentBase)
[  189s] Doctest: mechanize._useragent.UserAgentBase.set_proxies ... ok
[  189s] test/test_forms.doctest
[  189s] Doctest: test_forms.doctest ... <frozen importlib._bootstrap>:188: ResourceWarning: unclosed <socket.socket [closed] fd=8, family=2, type=1, proto=6>
[  189s] ResourceWarning: Enable tracemalloc to get the object allocation traceback
[  189s] <frozen importlib._bootstrap>:188: ResourceWarning: unclosed <socket.socket [closed] fd=14, family=2, type=1, proto=6>
[  189s] ResourceWarning: Enable tracemalloc to get the object allocation traceback
[  189s] <frozen importlib._bootstrap>:188: ResourceWarning: unclosed <socket.socket [closed] fd=9, family=2, type=1, proto=6>
[  189s] ResourceWarning: Enable tracemalloc to get the object allocation traceback
[  189s] <frozen importlib._bootstrap>:188: ResourceWarning: unclosed <socket.socket [closed] fd=16, family=2, type=1, proto=6>
[  189s] ResourceWarning: Enable tracemalloc to get the object allocation traceback
[  189s] <frozen importlib._bootstrap>:188: ResourceWarning: unclosed <socket.socket [closed] fd=18, family=2, type=1, proto=6>
[  189s] ResourceWarning: Enable tracemalloc to get the object allocation traceback
[  189s] <frozen importlib._bootstrap>:188: ResourceWarning: unclosed <socket.socket [closed] fd=19, family=2, type=1, proto=6>
[  189s] ResourceWarning: Enable tracemalloc to get the object allocation traceback
[  189s] ok
[  189s] test/test_history.doctest
[  189s] Doctest: test_history.doctest ... ok
[  189s] test/test_opener.doctest
[  189s] Doctest: test_opener.doctest ... ok
[  189s] test/test_request.doctest
[  189s] Doctest: test_request.doctest ... ok
[  189s] test/test_rfc3986.doctest
[  189s] Doctest: test_rfc3986.doctest ... ok
[  191s] 
[  191s] ======================================================================
[  191s] FAIL: test_Cookie_iterator (test.test_cookies.CookieTests.test_Cookie_iterator)
[  191s] ----------------------------------------------------------------------
[  191s] Traceback (most recent call last):
[  191s]   File "/home/abuild/rpmbuild/BUILD/mechanize-0.4.8/test/test_cookies.py", line 1032, in test_Cookie_iterator
[  191s]     assert c.name == names[i]
[  191s]            ^^^^^^^^^^^^^^^^^^
[  191s] AssertionError
[  191s] 
[  191s] ----------------------------------------------------------------------
[  191s] Ran 306 tests in 17.487s
[  191s] 
[  191s] FAILED (failures=1)
[  191s] sys:1: ResourceWarning: unclosed <socket.socket fd=6, family=2, type=1, proto=0, laddr=('127.0.0.1', 43299)>
[  191s] sys:1: ResourceWarning: unclosed <socket.socket fd=17, family=2, type=1, proto=0, laddr=('127.0.0.1', 35551)>
[  191s] sys:1: ResourceWarning: unclosed <socket.socket fd=7, family=2, type=1, proto=0, laddr=('127.0.0.1', 36731)>
[  192s] error: Bad exit status from /var/tmp/rpm-tmp.6MtZ5f (%check)
[  192s] 
[  192s] RPM build errors:
[  192s]     Bad exit status from /var/tmp/rpm-tmp.6MtZ5f (%check)
[  192s] ### VM INTERACTION START ###
[  192s] [  187.458580][    T1] sysrq: Power Off
[  192s] [  187.460929][   T18] reboot: Power down
[  192s] ### VM INTERACTION END ###
[  192s] 
[  192s] sheep88 failed "build python-mechanize.spec" at Sun Feb 19 07:34:00 UTC 2023.
[  192s] 
