[    0s] Using BUILD_ROOT=/var/cache/obs/worker/root_1/.mount
[    0s] Using BUILD_ARCH=riscv64
[    0s] Doing kvm build in /var/cache/obs/worker/root_1/root
[    0s] 
[    0s] 
[    0s] goat19 started "build python-django-tagging.spec" at Sun Feb 19 12:08:50 UTC 2023.
[    0s] 
[    0s] Building python-django-tagging for project 'openSUSE:Factory:RISCV' repository 'standard' arch 'riscv64' srcmd5 '8fda522d61e08ec3d23e2a6621818f68'
[    0s] 
[    0s] processing recipe /var/cache/obs/worker/root_1/.build-srcdir/python-django-tagging.spec ...
[    0s] running changelog2spec --target rpm --file /var/cache/obs/worker/root_1/.build-srcdir/python-django-tagging.spec
[    0s] init_buildsystem --configdir /var/run/obs/worker/1/build/configs --cachedir /var/cache/build --prepare --clean --rpmlist /var/cache/obs/worker/root_1/.build.rpmlist /var/cache/obs/worker/root_1/.build-srcdir/python-django-tagging.spec build ...
[    0s] unpacking preinstall image openSUSE:Factory:RISCV/standard/preinstallimage-python [718d7b37bce08b907ee81939a96ff181]
[    2s] 
[    2s] copying packages...
[    2s] reordering...done
[    2s] Detected virtio-serial support
[    3s] booting kvm...
[    3s] ### VM INTERACTION START ###
[    3s] Using virtio-serial support
[    3s] /usr/bin/qemu-kvm -nodefaults -no-reboot -nographic -vga none -cpu host -M pc,accel=kvm,usb=off,dump-guest-core=off,vmport=off -sandbox on -bios /usr/share/qemu/qboot.rom -object rng-random,filename=/dev/random,id=rng0 -device virtio-rng-pci,rng=rng0 -object iothread,id=io0 -runas qemu -net none -kernel /var/cache/obs/worker/root_1/.mount/boot/kernel -initrd /var/cache/obs/worker/root_1/.mount/boot/initrd -append root=/dev/disk/by-id/virtio-0 rootfstype=ext4 rootflags=noatime kvmclock mitigations=off elevator=noop nmi_watchdog=0 rw rd.driver.pre=binfmt_misc oops=panic panic=1 quiet console=hvc0 init=/.build/initvm.x86_64 -m 25600 -drive file=/var/cache/obs/worker/root_1/root,format=raw,if=none,id=disk,cache=unsafe,aio=io_uring -device virtio-blk-pci,iothread=io0,drive=disk,serial=0 -drive file=/var/cache/obs/worker/root_1/swap,format=raw,if=none,id=swap,cache=unsafe,aio=io_uring -device virtio-blk-pci,iothread=io0,drive=swap,serial=1 -device virtio-serial,max_ports=2 -device virtconsole,chardev=virtiocon0 -chardev stdio,id=virtiocon0 -chardev socket,id=monitor,server=on,wait=off,path=/var/cache/obs/worker/root_1/root.qemu/monitor -mon chardev=monitor,mode=readline -smp 16
[    6s] ### VM INTERACTION END ###
[    6s] 2nd stage started in virtual machine
[    6s] machine type: riscv64
[    6s] Linux version: 6.1.12-1-default #1 SMP PREEMPT_DYNAMIC Wed Feb 15 05:31:41 UTC 2023 (373f017)
[    6s] Increasing log level from now on...
[    6s] [    2.827744][  T492] sysrq: Changing Loglevel
[    6s] [    2.827828][  T492] sysrq: Loglevel set to 4
[    6s] Enable sysrq operations
[    6s] Setting up swapspace version 1, size = 4 GiB (4294963200 bytes)
[    6s] no label, UUID=8849d79c-7098-4a80-9894-6d74595212e2
[    6s] swapon: /dev/vdb: found signature [pagesize=4096, signature=swap]
[    6s] swapon: /dev/vdb: pagesize=4096, swapsize=4294967296, devsize=4294967296
[    6s] swapon /dev/vdb
[    6s] WARNING: udev not running, creating extra device nodes
[    7s] logging output to //.build.log...
[    7s] processing recipe /.build-srcdir/python-django-tagging.spec ...
[    7s] init_buildsystem --configdir /.build/configs --cachedir /var/cache/build /.build-srcdir/python-django-tagging.spec build ...
[    7s] initializing rpm db...
[    8s] querying package ids...
[   21s] [1/218] preinstalled aaa_base-84.87+git20220822.6b9f7a3-1.1
[   21s] [2/218] preinstalled aaa_base-malloccheck-84.87+git20220822.6b9f7a3-1.1
[   21s] [3/218] preinstalled attr-2.5.1-1.1
[   21s] [4/218] preinstalled bash-5.2.15-8.1
[   21s] [5/218] preinstalled bash-sh-5.2.15-8.1
[   21s] [6/218] preinstalled binutils-2.39-3.1
[   21s] [7/218] preinstalled brp-check-suse-84.87+git20221115.2f7add6-1.1
[   21s] [8/218] preinstalled build-compare-20221206T204012.bb70754-1.2
[   21s] [9/218] preinstalled build-mkbaselibs-20230215-1.1
[   21s] [10/218] preinstalled bzip2-1.0.8-4.1
[   21s] [11/218] preinstalled chkstat-1599_20221220-1.2
[   21s] [12/218] preinstalled compat-usrmerge-build-84.87-5.1
[   21s] [13/218] preinstalled compat-usrmerge-tools-84.87-5.1
[   21s] [14/218] preinstalled coreutils-9.1-5.1
[   21s] [15/218] preinstalled cpio-2.13-5.1
[   21s] [16/218] preinstalled cpp-12-2.1
[   21s] [17/218] preinstalled cpp12-12.2.1+git749-4.1
[   21s] [18/218] preinstalled crypto-policies-20210917.c9d86d1-1.1
[   21s] [19/218] preinstalled debugedit-5.0-5.1
[   21s] [20/218] preinstalled diffutils-3.9-1.1
[   21s] [21/218] preinstalled dwz-0.15-2.1
[   21s] [22/218] preinstalled elfutils-0.188-3.2
[   21s] [23/218] cumulate fdupes-2.2.1-1.1
[   21s] [24/218] preinstalled file-5.44-1.2
[   21s] [25/218] preinstalled file-magic-5.44-1.2
[   21s] [26/218] preinstalled filesystem-84.87-12.1
[   21s] [27/218] preinstalled fillup-1.42-279.1
[   21s] [28/218] preinstalled findutils-4.9.0-2.1
[   21s] [29/218] preinstalled gawk-5.2.1-2.1
[   21s] [30/218] preinstalled gcc-12-2.1
[   21s] [31/218] preinstalled gcc-PIE-12-2.1
[   21s] [32/218] preinstalled gcc12-12.2.1+git749-4.1
[   21s] [33/218] preinstalled gcc12-PIE-12.2.1+git749-4.1
[   21s] [34/218] preinstalled gettext-runtime-mini-0.21.1-1.1
[   21s] [35/218] preinstalled gettext-tools-mini-0.21.1-1.1
[   21s] [36/218] preinstalled glibc-2.37-1.1
[   21s] [37/218] preinstalled glibc-devel-2.37-1.1
[   21s] [38/218] preinstalled glibc-locale-base-2.37-1.1
[   21s] [39/218] preinstalled grep-3.8-3.1
[   21s] [40/218] preinstalled gzip-1.12-3.1
[   21s] [41/218] preinstalled kernel-obs-build-6.1.12-1.1
[   21s] [42/218] cumulate libXau6-1.0.11-1.1
[   21s] [43/218] preinstalled libacl1-2.3.1-2.1
[   21s] [44/218] cumulate libargon2-1-20190702-2.1
[   21s] [45/218] preinstalled libasan8-13.0.1+git5428-6.1
[   21s] [46/218] preinstalled libasm1-0.188-3.2
[   21s] [47/218] preinstalled libatomic1-13.0.1+git5428-6.1
[   21s] [48/218] preinstalled libattr1-2.5.1-1.1
[   21s] [49/218] preinstalled libaudit1-3.0.6-4.1
[   21s] [50/218] preinstalled libblkid1-2.38.1-7.1
[   21s] [51/218] cumulate libbrotlicommon1-1.0.9-1.1
[   21s] [52/218] preinstalled libbz2-1-1.0.8-4.1
[   21s] [53/218] preinstalled libcap-ng0-0.8.3-1.1
[   21s] [54/218] preinstalled libcap2-2.67-1.1
[   21s] [55/218] preinstalled libcrypt1-4.4.33-1.1
[   21s] [56/218] preinstalled libctf-nobfd0-2.39-3.1
[   21s] [57/218] preinstalled libctf0-2.39-3.1
[   21s] [58/218] preinstalled libdb-4_8-4.8.30-39.1
[   21s] [59/218] preinstalled libdw1-0.188-3.2
[   21s] [60/218] preinstalled libeconf0-0.5.1-1.1
[   21s] [61/218] preinstalled libelf1-0.188-3.2
[   21s] [62/218] preinstalled libexpat1-2.5.0-2.1
[   21s] [63/218] preinstalled libfdisk1-2.38.1-7.1
[   21s] [64/218] preinstalled libffi8-3.4.4-1.1
[   21s] [65/218] preinstalled libgcc_s1-13.0.1+git5428-6.1
[   21s] [66/218] preinstalled libgcrypt20-1.10.1-1.1
[   21s] [67/218] preinstalled libgdbm6-1.23-1.1
[   21s] [68/218] preinstalled libgdbm_compat4-1.23-1.1
[   21s] [69/218] preinstalled libgmp10-6.2.1-4.1
[   21s] [70/218] preinstalled libgomp1-13.0.1+git5428-6.1
[   21s] [71/218] preinstalled libgpg-error0-1.46-1.1
[   21s] [72/218] cumulate libimagequant0-2.18.0-1.1
[   21s] [73/218] preinstalled libisl23-0.25-1.1
[   21s] [74/218] cumulate libjbig2-2.1-4.1
[   21s] [75/218] cumulate libjpeg8-8.2.2-72.1
[   21s] [76/218] cumulate liblcms2-2-2.14-3.3
[   21s] [77/218] preinstalled liblua5_4-5-5.4.4-8.1
[   21s] [78/218] preinstalled liblzma5-5.4.1-1.1
[   21s] [79/218] preinstalled libmagic1-5.44-1.2
[   21s] [80/218] preinstalled libmount1-2.38.1-7.1
[   21s] [81/218] preinstalled libmpc3-1.3.1-1.2
[   21s] [82/218] preinstalled libmpdec3-2.5.1-2.1
[   21s] [83/218] preinstalled libmpfr6-4.2.0-1.1
[   21s] [84/218] preinstalled libncurses6-6.4.20230128-5.1
[   21s] [85/218] cumulate libopenjp2-7-2.5.0-2.2
[   21s] [86/218] preinstalled libopenssl3-3.0.7-3.1
[   21s] [87/218] preinstalled libpcre2-8-0-10.42-3.2
[   21s] [88/218] preinstalled libpkgconf3-1.8.0-2.1
[   21s] [89/218] cumulate libpng16-16-1.6.39-2.1
[   21s] [90/218] preinstalled libpopt0-1.19-1.1
[   21s] [91/218] preinstalled libpython3_10-1_0-3.10.9-2.2
[   21s] [92/218] preinstalled libpython3_11-1_0-3.11.1-4.2
[   21s] [93/218] preinstalled libpython3_8-1_0-3.8.16-3.2
[   21s] [94/218] preinstalled libpython3_9-1_0-3.9.16-3.2
[   21s] [95/218] preinstalled libreadline8-8.2-2.1
[   21s] [96/218] preinstalled librpmbuild9-4.18.0-3.2
[   21s] [97/218] preinstalled libseccomp2-2.5.4-2.1
[   21s] [98/218] preinstalled libselinux1-3.4-2.1
[   21s] [99/218] preinstalled libsemanage-conf-3.4-1.1
[   21s] [100/218] preinstalled libsemanage2-3.4-1.1
[   21s] [101/218] preinstalled libsepol2-3.4-1.1
[   21s] [102/218] preinstalled libsmartcols1-2.38.1-7.1
[   21s] [103/218] cumulate libsqlite3-0-3.40.1-1.1
[   21s] [104/218] preinstalled libstdc++6-13.0.1+git5428-6.1
[   21s] [105/218] preinstalled libsubid4-4.13-3.1
[   21s] [106/218] preinstalled libubsan1-13.0.1+git5428-6.1
[   21s] [107/218] preinstalled libutempter0-1.2.0-3.2
[   21s] [108/218] preinstalled libuuid1-2.38.1-7.1
[   21s] [109/218] cumulate libwebp7-1.2.4-1.2
[   21s] [110/218] preinstalled libxcrypt-devel-4.4.33-1.1
[   21s] [111/218] preinstalled libz1-1.2.13-2.1
[   21s] [112/218] preinstalled libzstd1-1.5.2-2.1
[   21s] [113/218] preinstalled linux-glibc-devel-6.1-1.1
[   21s] [114/218] preinstalled login_defs-4.13-3.1
[   21s] [115/218] preinstalled lua54-5.4.4-8.1
[   21s] [116/218] preinstalled make-4.4-2.1
[   21s] [117/218] preinstalled ncurses-utils-6.4.20230128-5.1
[   21s] [118/218] preinstalled pam-1.5.2-12.1
[   21s] [119/218] preinstalled patch-2.7.6-6.1
[   21s] [120/218] preinstalled perl-5.36.0-4.1
[   21s] [121/218] preinstalled perl-base-5.36.0-4.1
[   21s] [122/218] preinstalled permissions-1599_20221220-1.2
[   21s] [123/218] preinstalled permissions-config-1599_20221220-1.2
[   21s] [124/218] preinstalled pkgconf-1.8.0-2.1
[   21s] [125/218] preinstalled pkgconf-m4-1.8.0-2.1
[   21s] [126/218] preinstalled pkgconf-pkg-config-1.8.0-2.1
[   21s] [127/218] preinstalled polkit-default-privs-1550+20221102.9f111fa-1.1
[   21s] [128/218] preinstalled post-build-checks-84.87+git20230106.3a359c5-1.1
[   21s] [129/218] preinstalled python-rpm-macros-20230128.e704796-1.2
[   21s] [130/218] preinstalled python-rpm-packaging-20210526+a18ca48-1.2
[   21s] [131/218] cumulate python310-asgiref-3.6.0-1.2
[   21s] [132/218] preinstalled python310-base-3.10.9-2.2
[   21s] [133/218] cumulate python310-bcrypt-4.0.1-1.2
[   21s] [134/218] cumulate python310-olefile-0.46-3.5
[   21s] [135/218] preinstalled python310-packaging-23.0-1.1
[   21s] [136/218] cumulate python310-pycparser-2.21-1.5
[   21s] [137/218] preinstalled python310-setuptools-65.6.3-1.2
[   21s] [138/218] cumulate python310-six-1.16.0-2.5
[   21s] [139/218] cumulate python310-sqlparse-0.4.3-1.2
[   21s] [140/218] cumulate python311-asgiref-3.6.0-1.2
[   21s] [141/218] preinstalled python311-base-3.11.1-4.2
[   21s] [142/218] cumulate python311-bcrypt-4.0.1-1.2
[   21s] [143/218] cumulate python311-olefile-0.46-3.5
[   21s] [144/218] cumulate python311-pycparser-2.21-1.5
[   21s] [145/218] preinstalled python311-setuptools-65.6.3-1.2
[   21s] [146/218] cumulate python311-six-1.16.0-2.5
[   21s] [147/218] cumulate python311-sqlparse-0.4.3-1.2
[   21s] [148/218] cumulate python38-asgiref-3.6.0-1.2
[   21s] [149/218] cumulate python38-backports.zoneinfo-0.2.1-5.1
[   21s] [150/218] preinstalled python38-base-3.8.16-3.2
[   21s] [151/218] cumulate python38-bcrypt-4.0.1-1.2
[   21s] [152/218] cumulate python38-olefile-0.46-3.5
[   21s] [153/218] cumulate python38-pycparser-2.21-1.5
[   21s] [154/218] preinstalled python38-setuptools-65.6.3-1.2
[   21s] [155/218] cumulate python38-six-1.16.0-2.5
[   21s] [156/218] cumulate python38-sqlparse-0.4.3-1.2
[   21s] [157/218] cumulate python39-asgiref-3.6.0-1.2
[   21s] [158/218] preinstalled python39-base-3.9.16-3.2
[   21s] [159/218] cumulate python39-bcrypt-4.0.1-1.2
[   21s] [160/218] cumulate python39-olefile-0.46-3.5
[   21s] [161/218] cumulate python39-pycparser-2.21-1.5
[   21s] [162/218] preinstalled python39-setuptools-65.6.3-1.2
[   21s] [163/218] cumulate python39-six-1.16.0-2.5
[   21s] [164/218] cumulate python39-sqlparse-0.4.3-1.2
[   21s] [165/218] preinstalled qemu-linux-user-7.1.0-50.1
[   21s] [166/218] preinstalled rpm-4.18.0-3.2
[   21s] [167/218] preinstalled rpm-build-4.18.0-3.2
[   21s] [168/218] preinstalled rpm-build-perl-4.18.0-3.2
[   21s] [169/218] preinstalled rpm-config-SUSE-20220926-1.1
[   21s] [170/218] preinstalled rpmlint-mini-2.4.0+git20230214.1bab129-9.5
[   21s] [171/218] preinstalled rpmlint-strict-2.4.0+git20230214.1bab129-1.1
[   21s] [172/218] preinstalled sed-4.9-2.1
[   21s] [173/218] preinstalled shadow-4.13-3.1
[   21s] [174/218] preinstalled system-group-hardware-20170617-24.1
[   21s] [175/218] preinstalled system-user-root-20190513-2.1
[   21s] [176/218] preinstalled systemd-rpm-macros-19-1.1
[   21s] [177/218] preinstalled sysuser-shadow-3.1-5.1
[   21s] [178/218] preinstalled tar-1.34-9.1
[   21s] [179/218] preinstalled terminfo-base-6.4.20230128-5.1
[   21s] [180/218] cumulate timezone-2022g-2.1
[   21s] [181/218] preinstalled update-alternatives-1.21.8-1.1
[   21s] [182/218] preinstalled util-linux-2.38.1-7.1
[   21s] [183/218] preinstalled which-2.21-5.1
[   21s] [184/218] preinstalled xz-5.4.1-1.1
[   21s] [185/218] cumulate libbrotlidec1-1.0.9-1.1
[   21s] [186/218] cumulate libwebpdemux2-1.2.4-1.2
[   21s] [187/218] cumulate libwebpmux3-1.2.4-1.2
[   21s] [188/218] cumulate libxcb1-1.15-2.1
[   21s] [189/218] cumulate python310-3.10.9-2.1
[   21s] [190/218] cumulate python310-cffi-1.15.1-3.2
[   21s] [191/218] cumulate python310-pytz-2022.7-1.2
[   21s] [192/218] cumulate python311-3.11.1-4.1
[   21s] [193/218] cumulate python311-cffi-1.15.1-3.2
[   21s] [194/218] cumulate python311-pytz-2022.7-1.2
[   21s] [195/218] cumulate python38-3.8.16-3.1
[   21s] [196/218] cumulate python38-cffi-1.15.1-3.2
[   21s] [197/218] cumulate python38-pytz-2022.7-1.2
[   21s] [198/218] cumulate python39-3.9.16-3.1
[   21s] [199/218] cumulate python39-cffi-1.15.1-3.2
[   21s] [200/218] cumulate python39-pytz-2022.7-1.2
[   21s] [201/218] cumulate libtiff6-4.5.0-2.1
[   21s] [202/218] cumulate libfreetype6-2.12.1-4.1
[   21s] [203/218] cumulate python310-argon2-cffi-bindings-21.2.0-2.2
[   21s] [204/218] cumulate python311-argon2-cffi-bindings-21.2.0-2.2
[   21s] [205/218] cumulate python38-argon2-cffi-bindings-21.2.0-2.2
[   21s] [206/218] cumulate python39-argon2-cffi-bindings-21.2.0-2.2
[   21s] [207/218] cumulate python310-argon2-cffi-21.3.0-1.3
[   21s] [208/218] cumulate python311-argon2-cffi-21.3.0-1.3
[   21s] [209/218] cumulate python38-argon2-cffi-21.3.0-1.3
[   21s] [210/218] cumulate python39-argon2-cffi-21.3.0-1.3
[   21s] [211/218] cumulate python310-Pillow-9.4.0-1.3
[   21s] [212/218] cumulate python311-Pillow-9.4.0-1.3
[   21s] [213/218] cumulate python38-Pillow-9.4.0-1.3
[   21s] [214/218] cumulate python39-Pillow-9.4.0-1.3
[   21s] [215/218] cumulate python310-Django-4.1.7-1.2
[   21s] [216/218] cumulate python311-Django-4.1.7-1.2
[   21s] [217/218] cumulate python39-Django-4.1.7-1.2
[   21s] [218/218] cumulate python38-Django-4.1.7-1.2
[   21s] now installing cumulated packages
[   22s] Preparing...                          ########################################
[   22s] Updating / installing...
[   22s] libwebp7-1.2.4-1.2                    ########################################
[   22s] libjpeg8-8.2.2-72.1                   ########################################
[   22s] libwebpdemux2-1.2.4-1.2               ########################################
[   22s] libwebpmux3-1.2.4-1.2                 ########################################
[   23s] timezone-2022g-2.1                    ########################################
[   23s] libsqlite3-0-3.40.1-1.1               ########################################
[   23s] libopenjp2-7-2.5.0-2.2                ########################################
[   23s] liblcms2-2-2.14-3.3                   ########################################
[   23s] libimagequant0-2.18.0-1.1             ########################################
[   23s] libargon2-1-20190702-2.1              ########################################
[   23s] python310-3.10.9-2.1                  ########################################
[   23s] python311-3.11.1-4.1                  ########################################
[   23s] python38-3.8.16-3.1                   ########################################
[   23s] python39-3.9.16-3.1                   ########################################
[   23s] python310-pytz-2022.7-1.2             ########################################
[   23s] python311-pytz-2022.7-1.2             ########################################
[   23s] python38-pytz-2022.7-1.2              ########################################
[   24s] python39-pytz-2022.7-1.2              ########################################
[   24s] python39-sqlparse-0.4.3-1.2           ########################################
[   24s] python39-six-1.16.0-2.5               ########################################
[   24s] python39-pycparser-2.21-1.5           ########################################
[   24s] python39-cffi-1.15.1-3.2              ########################################
[   24s] python39-argon2-cffi-bindings-21.2.0-2########################################
[   24s] python39-argon2-cffi-21.3.0-1.3       ########################################
[   24s] python39-olefile-0.46-3.5             ########################################
[   24s] python39-bcrypt-4.0.1-1.2             ########################################
[   24s] python39-asgiref-3.6.0-1.2            ########################################
[   24s] python38-sqlparse-0.4.3-1.2           ########################################
[   24s] python38-six-1.16.0-2.5               ########################################
[   24s] python38-pycparser-2.21-1.5           ########################################
[   25s] python38-cffi-1.15.1-3.2              ########################################
[   25s] python38-argon2-cffi-bindings-21.2.0-2########################################
[   25s] python38-argon2-cffi-21.3.0-1.3       ########################################
[   25s] python38-olefile-0.46-3.5             ########################################
[   25s] python38-bcrypt-4.0.1-1.2             ########################################
[   25s] python38-backports.zoneinfo-0.2.1-5.1 ########################################
[   25s] python38-asgiref-3.6.0-1.2            ########################################
[   25s] python311-sqlparse-0.4.3-1.2          ########################################
[   25s] python311-six-1.16.0-2.5              ########################################
[   25s] python311-pycparser-2.21-1.5          ########################################
[   25s] python311-cffi-1.15.1-3.2             ########################################
[   25s] python311-argon2-cffi-bindings-21.2.0-########################################
[   25s] python311-argon2-cffi-21.3.0-1.3      ########################################
[   25s] python311-olefile-0.46-3.5            ########################################
[   25s] python311-bcrypt-4.0.1-1.2            ########################################
[   25s] python311-asgiref-3.6.0-1.2           ########################################
[   25s] python310-sqlparse-0.4.3-1.2          ########################################
[   26s] python310-six-1.16.0-2.5              ########################################
[   26s] python310-pycparser-2.21-1.5          ########################################
[   26s] python310-cffi-1.15.1-3.2             ########################################
[   26s] python310-argon2-cffi-bindings-21.2.0-########################################
[   26s] python310-argon2-cffi-21.3.0-1.3      ########################################
[   26s] python310-olefile-0.46-3.5            ########################################
[   26s] python310-bcrypt-4.0.1-1.2            ########################################
[   26s] python310-asgiref-3.6.0-1.2           ########################################
[   26s] libpng16-16-1.6.39-2.1                ########################################
[   26s] libjbig2-2.1-4.1                      ########################################
[   26s] libtiff6-4.5.0-2.1                    ########################################
[   26s] libbrotlicommon1-1.0.9-1.1            ########################################
[   26s] libbrotlidec1-1.0.9-1.1               ########################################
[   26s] libfreetype6-2.12.1-4.1               ########################################
[   26s] libXau6-1.0.11-1.1                    ########################################
[   26s] libxcb1-1.15-2.1                      ########################################
[   27s] python310-Pillow-9.4.0-1.3            ########################################
[   27s] python311-Pillow-9.4.0-1.3            ########################################
[   27s] python38-Pillow-9.4.0-1.3             ########################################
[   27s] python39-Pillow-9.4.0-1.3             ########################################
[   30s] python39-Django-4.1.7-1.2             ########################################
[   33s] python38-Django-4.1.7-1.2             ########################################
[   36s] python311-Django-4.1.7-1.2            ########################################
[   39s] python310-Django-4.1.7-1.2            ########################################
[   39s] fdupes-2.2.1-1.1                      ########################################
[   41s] now finalizing build dir...
[   42s] ... running 01-add_abuild_user_to_trusted_group
[   42s] ... running 02-set_timezone_to_utc
[   42s] ... running 03-set-permissions-secure
[   42s] ... running 11-hack_uname_version_to_kernel_version
[   46s] -----------------------------------------------------------------
[   46s] I have the following modifications for python-django-tagging.spec:
[   46s] 23c23
[   46s] < Release:        0
[   46s] ---
[   46s] > Release:        2.3
[   49s] build target is riscv64-suse-linux
[   49s] -----------------------------------------------------------------
[   49s] ----- building python-django-tagging.spec (user abuild)
[   49s] -----------------------------------------------------------------
[   49s] -----------------------------------------------------------------
[   51s] + exec rpmbuild -ba --define '_srcdefattr (-,root,root)' --nosignature --target=riscv64-suse-linux --define '_build_create_debug 1' --define 'disturl obs://build.opensuse.org/openSUSE:Factory:RISCV/standard/8fda522d61e08ec3d23e2a6621818f68-python-django-tagging' /home/abuild/rpmbuild/SOURCES/python-django-tagging.spec
[   55s] Building target platforms: riscv64-suse-linux
[   55s] Building for target riscv64-suse-linux
[   55s] setting SOURCE_DATE_EPOCH=1645747200
[   56s] Executing(%prep): /usr/bin/bash -e /var/tmp/rpm-tmp.n1WO1D
[   56s] + umask 022
[   56s] + cd /home/abuild/rpmbuild/BUILD
[   56s] + cd /home/abuild/rpmbuild/BUILD
[   56s] + rm -rf django-tagging-0.5.0
[   56s] + /usr/lib/rpm/rpmuncompress -x /home/abuild/rpmbuild/SOURCES/django-tagging-0.5.0.tar.gz
[   56s] + STATUS=0
[   56s] + '[' 0 -ne 0 ']'
[   56s] + cd django-tagging-0.5.0
[   56s] + /usr/bin/chmod -Rf a+rX,u+w,g-w,o-w .
[   56s] + /usr/bin/patch -p1 -s --fuzz=0 --no-backup-if-mismatch -f
[   56s] + /usr/lib/rpm/rpmuncompress /home/abuild/rpmbuild/SOURCES/django4.patch
[   56s] + RPM_EC=0
[   56s] ++ jobs -p
[   56s] + exit 0
[   56s] Executing(%build): /usr/bin/bash -e /var/tmp/rpm-tmp.BQZNLT
[   56s] + umask 022
[   56s] + cd /home/abuild/rpmbuild/BUILD
[   56s] + /usr/bin/rm -rf /home/abuild/rpmbuild/BUILDROOT/python-django-tagging-0.5.0-2.3.riscv64
[   56s] ++ dirname /home/abuild/rpmbuild/BUILDROOT/python-django-tagging-0.5.0-2.3.riscv64
[   56s] + /usr/bin/mkdir -p /home/abuild/rpmbuild/BUILDROOT
[   56s] + /usr/bin/mkdir /home/abuild/rpmbuild/BUILDROOT/python-django-tagging-0.5.0-2.3.riscv64
[   56s] + cd django-tagging-0.5.0
[   56s] + ref=/usr/lib/rpm
[   56s] + mints=0
[   56s] + case $(uname -m) in
[   56s] ++ uname -m
[   57s] + mints=20160911
[   57s] + for s in guess sub
[   57s] ++ find -maxdepth 8 -name config.guess
[   57s] + for s in guess sub
[   57s] ++ find -maxdepth 8 -name config.sub
[   57s] ++ '[' -f _current_flavor ']'
[   57s] ++ true
[   57s] + last_flavor=
[   57s] + '[' -z '' ']'
[   57s] + last_flavor=tmp
[   57s] + '[' tmp '!=' python38 ']'
[   57s] + '[' -d build ']'
[   57s] + '[' -d _build.python38 ']'
[   57s] + echo python38
[   57s] + python_flavor=python38
[   57s] + /usr/bin/python3.8 setup.py build '--executable=/usr/bin/python3.8 -s'
[   58s] running build
[   58s] running build_py
[   58s] creating build
[   58s] creating build/lib
[   58s] creating build/lib/tagging
[   58s] copying tagging/__init__.py -> build/lib/tagging
[   58s] copying tagging/admin.py -> build/lib/tagging
[   58s] copying tagging/apps.py -> build/lib/tagging
[   58s] copying tagging/fields.py -> build/lib/tagging
[   58s] copying tagging/forms.py -> build/lib/tagging
[   58s] copying tagging/generic.py -> build/lib/tagging
[   58s] copying tagging/managers.py -> build/lib/tagging
[   58s] copying tagging/models.py -> build/lib/tagging
[   58s] copying tagging/registry.py -> build/lib/tagging
[   58s] copying tagging/settings.py -> build/lib/tagging
[   58s] copying tagging/utils.py -> build/lib/tagging
[   58s] copying tagging/views.py -> build/lib/tagging
[   58s] creating build/lib/tagging/migrations
[   58s] copying tagging/migrations/0001_initial.py -> build/lib/tagging/migrations
[   58s] copying tagging/migrations/0002_on_delete.py -> build/lib/tagging/migrations
[   58s] copying tagging/migrations/0003_adapt_max_tag_length.py -> build/lib/tagging/migrations
[   58s] copying tagging/migrations/__init__.py -> build/lib/tagging/migrations
[   58s] creating build/lib/tagging/templatetags
[   58s] copying tagging/templatetags/__init__.py -> build/lib/tagging/templatetags
[   58s] copying tagging/templatetags/tagging_tags.py -> build/lib/tagging/templatetags
[   59s] creating build/lib/tagging/tests
[   59s] copying tagging/tests/__init__.py -> build/lib/tagging/tests
[   59s] copying tagging/tests/models.py -> build/lib/tagging/tests
[   59s] copying tagging/tests/settings.py -> build/lib/tagging/tests
[   59s] copying tagging/tests/tests.py -> build/lib/tagging/tests
[   59s] copying tagging/tests/urls.py -> build/lib/tagging/tests
[   59s] copying tagging/tests/utils.py -> build/lib/tagging/tests
[   59s] running egg_info
[   59s] writing django_tagging.egg-info/PKG-INFO
[   59s] writing dependency_links to django_tagging.egg-info/dependency_links.txt
[   59s] writing top-level names to django_tagging.egg-info/top_level.txt
[   59s] reading manifest file 'django_tagging.egg-info/SOURCES.txt'
[   59s] reading manifest template 'MANIFEST.in'
[   59s] no previously-included directories found matching 'docs/_build'
[   59s] adding license file 'LICENSE.txt'
[   59s] writing manifest file 'django_tagging.egg-info/SOURCES.txt'
[   59s] copying tagging/tests/tags.txt -> build/lib/tagging/tests
[   59s] ++ '[' -f _current_flavor ']'
[   59s] ++ cat _current_flavor
[   59s] + last_flavor=python38
[   59s] + '[' -z python38 ']'
[   59s] + '[' python38 '!=' python39 ']'
[   59s] + '[' -d build ']'
[   59s] + mv build _build.python38
[   59s] + '[' -d _build.python39 ']'
[   59s] + echo python39
[   59s] + python_flavor=python39
[   59s] + /usr/bin/python3.9 setup.py build '--executable=/usr/bin/python3.9 -s'
[   60s] running build
[   60s] running build_py
[   60s] creating build
[   60s] creating build/lib
[   60s] creating build/lib/tagging
[   60s] copying tagging/__init__.py -> build/lib/tagging
[   60s] copying tagging/admin.py -> build/lib/tagging
[   60s] copying tagging/apps.py -> build/lib/tagging
[   60s] copying tagging/fields.py -> build/lib/tagging
[   60s] copying tagging/forms.py -> build/lib/tagging
[   60s] copying tagging/generic.py -> build/lib/tagging
[   60s] copying tagging/managers.py -> build/lib/tagging
[   60s] copying tagging/models.py -> build/lib/tagging
[   60s] copying tagging/registry.py -> build/lib/tagging
[   60s] copying tagging/settings.py -> build/lib/tagging
[   60s] copying tagging/utils.py -> build/lib/tagging
[   60s] copying tagging/views.py -> build/lib/tagging
[   60s] creating build/lib/tagging/migrations
[   60s] copying tagging/migrations/0001_initial.py -> build/lib/tagging/migrations
[   60s] copying tagging/migrations/0002_on_delete.py -> build/lib/tagging/migrations
[   60s] copying tagging/migrations/0003_adapt_max_tag_length.py -> build/lib/tagging/migrations
[   60s] copying tagging/migrations/__init__.py -> build/lib/tagging/migrations
[   60s] creating build/lib/tagging/templatetags
[   60s] copying tagging/templatetags/__init__.py -> build/lib/tagging/templatetags
[   60s] copying tagging/templatetags/tagging_tags.py -> build/lib/tagging/templatetags
[   60s] creating build/lib/tagging/tests
[   60s] copying tagging/tests/__init__.py -> build/lib/tagging/tests
[   60s] copying tagging/tests/models.py -> build/lib/tagging/tests
[   60s] copying tagging/tests/settings.py -> build/lib/tagging/tests
[   60s] copying tagging/tests/tests.py -> build/lib/tagging/tests
[   60s] copying tagging/tests/urls.py -> build/lib/tagging/tests
[   60s] copying tagging/tests/utils.py -> build/lib/tagging/tests
[   60s] running egg_info
[   60s] writing django_tagging.egg-info/PKG-INFO
[   60s] writing dependency_links to django_tagging.egg-info/dependency_links.txt
[   60s] writing top-level names to django_tagging.egg-info/top_level.txt
[   60s] reading manifest file 'django_tagging.egg-info/SOURCES.txt'
[   60s] reading manifest template 'MANIFEST.in'
[   60s] no previously-included directories found matching 'docs/_build'
[   60s] adding license file 'LICENSE.txt'
[   60s] writing manifest file 'django_tagging.egg-info/SOURCES.txt'
[   60s] copying tagging/tests/tags.txt -> build/lib/tagging/tests
[   61s] ++ '[' -f _current_flavor ']'
[   61s] ++ cat _current_flavor
[   61s] + last_flavor=python39
[   61s] + '[' -z python39 ']'
[   61s] + '[' python39 '!=' python311 ']'
[   61s] + '[' -d build ']'
[   61s] + mv build _build.python39
[   61s] + '[' -d _build.python311 ']'
[   61s] + echo python311
[   61s] + python_flavor=python311
[   61s] + /usr/bin/python3.11 setup.py build '--executable=/usr/bin/python3.11 -s'
[   62s] running build
[   62s] running build_py
[   62s] creating build
[   62s] creating build/lib
[   62s] creating build/lib/tagging
[   62s] copying tagging/__init__.py -> build/lib/tagging
[   62s] copying tagging/admin.py -> build/lib/tagging
[   62s] copying tagging/apps.py -> build/lib/tagging
[   62s] copying tagging/fields.py -> build/lib/tagging
[   62s] copying tagging/forms.py -> build/lib/tagging
[   62s] copying tagging/generic.py -> build/lib/tagging
[   62s] copying tagging/managers.py -> build/lib/tagging
[   62s] copying tagging/models.py -> build/lib/tagging
[   62s] copying tagging/registry.py -> build/lib/tagging
[   62s] copying tagging/settings.py -> build/lib/tagging
[   62s] copying tagging/utils.py -> build/lib/tagging
[   62s] copying tagging/views.py -> build/lib/tagging
[   62s] creating build/lib/tagging/migrations
[   62s] copying tagging/migrations/0001_initial.py -> build/lib/tagging/migrations
[   62s] copying tagging/migrations/0002_on_delete.py -> build/lib/tagging/migrations
[   62s] copying tagging/migrations/0003_adapt_max_tag_length.py -> build/lib/tagging/migrations
[   62s] copying tagging/migrations/__init__.py -> build/lib/tagging/migrations
[   62s] creating build/lib/tagging/templatetags
[   62s] copying tagging/templatetags/__init__.py -> build/lib/tagging/templatetags
[   62s] copying tagging/templatetags/tagging_tags.py -> build/lib/tagging/templatetags
[   62s] creating build/lib/tagging/tests
[   62s] copying tagging/tests/__init__.py -> build/lib/tagging/tests
[   62s] copying tagging/tests/models.py -> build/lib/tagging/tests
[   62s] copying tagging/tests/settings.py -> build/lib/tagging/tests
[   62s] copying tagging/tests/tests.py -> build/lib/tagging/tests
[   62s] copying tagging/tests/urls.py -> build/lib/tagging/tests
[   62s] copying tagging/tests/utils.py -> build/lib/tagging/tests
[   62s] running egg_info
[   62s] writing django_tagging.egg-info/PKG-INFO
[   62s] writing dependency_links to django_tagging.egg-info/dependency_links.txt
[   62s] writing top-level names to django_tagging.egg-info/top_level.txt
[   62s] reading manifest file 'django_tagging.egg-info/SOURCES.txt'
[   62s] reading manifest template 'MANIFEST.in'
[   62s] no previously-included directories found matching 'docs/_build'
[   62s] adding license file 'LICENSE.txt'
[   62s] writing manifest file 'django_tagging.egg-info/SOURCES.txt'
[   62s] copying tagging/tests/tags.txt -> build/lib/tagging/tests
[   62s] ++ '[' -f _current_flavor ']'
[   62s] ++ cat _current_flavor
[   62s] + last_flavor=python311
[   62s] + '[' -z python311 ']'
[   62s] + '[' python311 '!=' python310 ']'
[   62s] + '[' -d build ']'
[   62s] + mv build _build.python311
[   62s] + '[' -d _build.python310 ']'
[   62s] + echo python310
[   62s] + python_flavor=python310
[   62s] + /usr/bin/python3.10 setup.py build '--executable=/usr/bin/python3.10 -s'
[   64s] running build
[   64s] running build_py
[   64s] creating build
[   64s] creating build/lib
[   64s] creating build/lib/tagging
[   64s] copying tagging/__init__.py -> build/lib/tagging
[   64s] copying tagging/admin.py -> build/lib/tagging
[   64s] copying tagging/apps.py -> build/lib/tagging
[   64s] copying tagging/fields.py -> build/lib/tagging
[   64s] copying tagging/forms.py -> build/lib/tagging
[   64s] copying tagging/generic.py -> build/lib/tagging
[   64s] copying tagging/managers.py -> build/lib/tagging
[   64s] copying tagging/models.py -> build/lib/tagging
[   64s] copying tagging/registry.py -> build/lib/tagging
[   64s] copying tagging/settings.py -> build/lib/tagging
[   64s] copying tagging/utils.py -> build/lib/tagging
[   64s] copying tagging/views.py -> build/lib/tagging
[   64s] creating build/lib/tagging/migrations
[   64s] copying tagging/migrations/0001_initial.py -> build/lib/tagging/migrations
[   64s] copying tagging/migrations/0002_on_delete.py -> build/lib/tagging/migrations
[   64s] copying tagging/migrations/0003_adapt_max_tag_length.py -> build/lib/tagging/migrations
[   64s] copying tagging/migrations/__init__.py -> build/lib/tagging/migrations
[   64s] creating build/lib/tagging/templatetags
[   64s] copying tagging/templatetags/__init__.py -> build/lib/tagging/templatetags
[   64s] copying tagging/templatetags/tagging_tags.py -> build/lib/tagging/templatetags
[   64s] creating build/lib/tagging/tests
[   64s] copying tagging/tests/__init__.py -> build/lib/tagging/tests
[   64s] copying tagging/tests/models.py -> build/lib/tagging/tests
[   64s] copying tagging/tests/settings.py -> build/lib/tagging/tests
[   64s] copying tagging/tests/tests.py -> build/lib/tagging/tests
[   64s] copying tagging/tests/urls.py -> build/lib/tagging/tests
[   64s] copying tagging/tests/utils.py -> build/lib/tagging/tests
[   64s] running egg_info
[   64s] writing django_tagging.egg-info/PKG-INFO
[   64s] writing dependency_links to django_tagging.egg-info/dependency_links.txt
[   64s] writing top-level names to django_tagging.egg-info/top_level.txt
[   64s] reading manifest file 'django_tagging.egg-info/SOURCES.txt'
[   64s] reading manifest template 'MANIFEST.in'
[   64s] no previously-included directories found matching 'docs/_build'
[   64s] adding license file 'LICENSE.txt'
[   64s] writing manifest file 'django_tagging.egg-info/SOURCES.txt'
[   64s] copying tagging/tests/tags.txt -> build/lib/tagging/tests
[   64s] + RPM_EC=0
[   64s] ++ jobs -p
[   64s] + exit 0
[   64s] Executing(%install): /usr/bin/bash -e /var/tmp/rpm-tmp.lLOLDn
[   65s] + umask 022
[   65s] + cd /home/abuild/rpmbuild/BUILD
[   65s] + /usr/bin/rm -rf /home/abuild/rpmbuild/BUILDROOT/python-django-tagging-0.5.0-2.3.riscv64
[   65s] + /usr/bin/mkdir -p /home/abuild/rpmbuild/BUILDROOT
[   65s] + /usr/bin/mkdir /home/abuild/rpmbuild/BUILDROOT/python-django-tagging-0.5.0-2.3.riscv64
[   65s] + cd django-tagging-0.5.0
[   65s] ++ '[' -f _current_flavor ']'
[   65s] ++ cat _current_flavor
[   65s] + last_flavor=python310
[   65s] + '[' -z python310 ']'
[   65s] + '[' python310 '!=' python38 ']'
[   65s] + '[' -d build ']'
[   65s] + mv build _build.python310
[   65s] + '[' -d _build.python38 ']'
[   65s] + mv _build.python38 build
[   65s] + echo python38
[   65s] + python_flavor=python38
[   65s] + /usr/bin/python3.8 setup.py install -O1 --skip-build --force --root /home/abuild/rpmbuild/BUILDROOT/python-django-tagging-0.5.0-2.3.riscv64 --prefix /usr
[   66s] running install
[   67s] running install_lib
[   67s] creating /home/abuild/rpmbuild/BUILDROOT/python-django-tagging-0.5.0-2.3.riscv64/usr
[   67s] creating /home/abuild/rpmbuild/BUILDROOT/python-django-tagging-0.5.0-2.3.riscv64/usr/lib
[   67s] creating /home/abuild/rpmbuild/BUILDROOT/python-django-tagging-0.5.0-2.3.riscv64/usr/lib/python3.8
[   67s] creating /home/abuild/rpmbuild/BUILDROOT/python-django-tagging-0.5.0-2.3.riscv64/usr/lib/python3.8/site-packages
[   67s] creating /home/abuild/rpmbuild/BUILDROOT/python-django-tagging-0.5.0-2.3.riscv64/usr/lib/python3.8/site-packages/tagging
[   67s] copying build/lib/tagging/__init__.py -> /home/abuild/rpmbuild/BUILDROOT/python-django-tagging-0.5.0-2.3.riscv64/usr/lib/python3.8/site-packages/tagging
[   67s] copying build/lib/tagging/admin.py -> /home/abuild/rpmbuild/BUILDROOT/python-django-tagging-0.5.0-2.3.riscv64/usr/lib/python3.8/site-packages/tagging
[   67s] copying build/lib/tagging/apps.py -> /home/abuild/rpmbuild/BUILDROOT/python-django-tagging-0.5.0-2.3.riscv64/usr/lib/python3.8/site-packages/tagging
[   67s] copying build/lib/tagging/fields.py -> /home/abuild/rpmbuild/BUILDROOT/python-django-tagging-0.5.0-2.3.riscv64/usr/lib/python3.8/site-packages/tagging
[   67s] copying build/lib/tagging/forms.py -> /home/abuild/rpmbuild/BUILDROOT/python-django-tagging-0.5.0-2.3.riscv64/usr/lib/python3.8/site-packages/tagging
[   67s] copying build/lib/tagging/generic.py -> /home/abuild/rpmbuild/BUILDROOT/python-django-tagging-0.5.0-2.3.riscv64/usr/lib/python3.8/site-packages/tagging
[   67s] copying build/lib/tagging/managers.py -> /home/abuild/rpmbuild/BUILDROOT/python-django-tagging-0.5.0-2.3.riscv64/usr/lib/python3.8/site-packages/tagging
[   67s] copying build/lib/tagging/models.py -> /home/abuild/rpmbuild/BUILDROOT/python-django-tagging-0.5.0-2.3.riscv64/usr/lib/python3.8/site-packages/tagging
[   67s] copying build/lib/tagging/registry.py -> /home/abuild/rpmbuild/BUILDROOT/python-django-tagging-0.5.0-2.3.riscv64/usr/lib/python3.8/site-packages/tagging
[   67s] copying build/lib/tagging/settings.py -> /home/abuild/rpmbuild/BUILDROOT/python-django-tagging-0.5.0-2.3.riscv64/usr/lib/python3.8/site-packages/tagging
[   67s] copying build/lib/tagging/utils.py -> /home/abuild/rpmbuild/BUILDROOT/python-django-tagging-0.5.0-2.3.riscv64/usr/lib/python3.8/site-packages/tagging
[   67s] copying build/lib/tagging/views.py -> /home/abuild/rpmbuild/BUILDROOT/python-django-tagging-0.5.0-2.3.riscv64/usr/lib/python3.8/site-packages/tagging
[   67s] creating /home/abuild/rpmbuild/BUILDROOT/python-django-tagging-0.5.0-2.3.riscv64/usr/lib/python3.8/site-packages/tagging/migrations
[   67s] copying build/lib/tagging/migrations/0001_initial.py -> /home/abuild/rpmbuild/BUILDROOT/python-django-tagging-0.5.0-2.3.riscv64/usr/lib/python3.8/site-packages/tagging/migrations
[   67s] copying build/lib/tagging/migrations/0002_on_delete.py -> /home/abuild/rpmbuild/BUILDROOT/python-django-tagging-0.5.0-2.3.riscv64/usr/lib/python3.8/site-packages/tagging/migrations
[   67s] copying build/lib/tagging/migrations/0003_adapt_max_tag_length.py -> /home/abuild/rpmbuild/BUILDROOT/python-django-tagging-0.5.0-2.3.riscv64/usr/lib/python3.8/site-packages/tagging/migrations
[   67s] copying build/lib/tagging/migrations/__init__.py -> /home/abuild/rpmbuild/BUILDROOT/python-django-tagging-0.5.0-2.3.riscv64/usr/lib/python3.8/site-packages/tagging/migrations
[   67s] creating /home/abuild/rpmbuild/BUILDROOT/python-django-tagging-0.5.0-2.3.riscv64/usr/lib/python3.8/site-packages/tagging/templatetags
[   67s] copying build/lib/tagging/templatetags/__init__.py -> /home/abuild/rpmbuild/BUILDROOT/python-django-tagging-0.5.0-2.3.riscv64/usr/lib/python3.8/site-packages/tagging/templatetags
[   67s] copying build/lib/tagging/templatetags/tagging_tags.py -> /home/abuild/rpmbuild/BUILDROOT/python-django-tagging-0.5.0-2.3.riscv64/usr/lib/python3.8/site-packages/tagging/templatetags
[   67s] creating /home/abuild/rpmbuild/BUILDROOT/python-django-tagging-0.5.0-2.3.riscv64/usr/lib/python3.8/site-packages/tagging/tests
[   67s] copying build/lib/tagging/tests/__init__.py -> /home/abuild/rpmbuild/BUILDROOT/python-django-tagging-0.5.0-2.3.riscv64/usr/lib/python3.8/site-packages/tagging/tests
[   67s] copying build/lib/tagging/tests/models.py -> /home/abuild/rpmbuild/BUILDROOT/python-django-tagging-0.5.0-2.3.riscv64/usr/lib/python3.8/site-packages/tagging/tests
[   67s] copying build/lib/tagging/tests/settings.py -> /home/abuild/rpmbuild/BUILDROOT/python-django-tagging-0.5.0-2.3.riscv64/usr/lib/python3.8/site-packages/tagging/tests
[   67s] copying build/lib/tagging/tests/tests.py -> /home/abuild/rpmbuild/BUILDROOT/python-django-tagging-0.5.0-2.3.riscv64/usr/lib/python3.8/site-packages/tagging/tests
[   67s] copying build/lib/tagging/tests/urls.py -> /home/abuild/rpmbuild/BUILDROOT/python-django-tagging-0.5.0-2.3.riscv64/usr/lib/python3.8/site-packages/tagging/tests
[   67s] copying build/lib/tagging/tests/utils.py -> /home/abuild/rpmbuild/BUILDROOT/python-django-tagging-0.5.0-2.3.riscv64/usr/lib/python3.8/site-packages/tagging/tests
[   67s] copying build/lib/tagging/tests/tags.txt -> /home/abuild/rpmbuild/BUILDROOT/python-django-tagging-0.5.0-2.3.riscv64/usr/lib/python3.8/site-packages/tagging/tests
[   67s] byte-compiling /home/abuild/rpmbuild/BUILDROOT/python-django-tagging-0.5.0-2.3.riscv64/usr/lib/python3.8/site-packages/tagging/__init__.py to __init__.cpython-38.pyc
[   67s] byte-compiling /home/abuild/rpmbuild/BUILDROOT/python-django-tagging-0.5.0-2.3.riscv64/usr/lib/python3.8/site-packages/tagging/admin.py to admin.cpython-38.pyc
[   67s] byte-compiling /home/abuild/rpmbuild/BUILDROOT/python-django-tagging-0.5.0-2.3.riscv64/usr/lib/python3.8/site-packages/tagging/apps.py to apps.cpython-38.pyc
[   67s] byte-compiling /home/abuild/rpmbuild/BUILDROOT/python-django-tagging-0.5.0-2.3.riscv64/usr/lib/python3.8/site-packages/tagging/fields.py to fields.cpython-38.pyc
[   67s] byte-compiling /home/abuild/rpmbuild/BUILDROOT/python-django-tagging-0.5.0-2.3.riscv64/usr/lib/python3.8/site-packages/tagging/forms.py to forms.cpython-38.pyc
[   67s] byte-compiling /home/abuild/rpmbuild/BUILDROOT/python-django-tagging-0.5.0-2.3.riscv64/usr/lib/python3.8/site-packages/tagging/generic.py to generic.cpython-38.pyc
[   67s] byte-compiling /home/abuild/rpmbuild/BUILDROOT/python-django-tagging-0.5.0-2.3.riscv64/usr/lib/python3.8/site-packages/tagging/managers.py to managers.cpython-38.pyc
[   67s] byte-compiling /home/abuild/rpmbuild/BUILDROOT/python-django-tagging-0.5.0-2.3.riscv64/usr/lib/python3.8/site-packages/tagging/models.py to models.cpython-38.pyc
[   67s] byte-compiling /home/abuild/rpmbuild/BUILDROOT/python-django-tagging-0.5.0-2.3.riscv64/usr/lib/python3.8/site-packages/tagging/registry.py to registry.cpython-38.pyc
[   67s] byte-compiling /home/abuild/rpmbuild/BUILDROOT/python-django-tagging-0.5.0-2.3.riscv64/usr/lib/python3.8/site-packages/tagging/settings.py to settings.cpython-38.pyc
[   67s] byte-compiling /home/abuild/rpmbuild/BUILDROOT/python-django-tagging-0.5.0-2.3.riscv64/usr/lib/python3.8/site-packages/tagging/utils.py to utils.cpython-38.pyc
[   67s] byte-compiling /home/abuild/rpmbuild/BUILDROOT/python-django-tagging-0.5.0-2.3.riscv64/usr/lib/python3.8/site-packages/tagging/views.py to views.cpython-38.pyc
[   67s] byte-compiling /home/abuild/rpmbuild/BUILDROOT/python-django-tagging-0.5.0-2.3.riscv64/usr/lib/python3.8/site-packages/tagging/migrations/0001_initial.py to 0001_initial.cpython-38.pyc
[   67s] byte-compiling /home/abuild/rpmbuild/BUILDROOT/python-django-tagging-0.5.0-2.3.riscv64/usr/lib/python3.8/site-packages/tagging/migrations/0002_on_delete.py to 0002_on_delete.cpython-38.pyc
[   67s] byte-compiling /home/abuild/rpmbuild/BUILDROOT/python-django-tagging-0.5.0-2.3.riscv64/usr/lib/python3.8/site-packages/tagging/migrations/0003_adapt_max_tag_length.py to 0003_adapt_max_tag_length.cpython-38.pyc
[   67s] byte-compiling /home/abuild/rpmbuild/BUILDROOT/python-django-tagging-0.5.0-2.3.riscv64/usr/lib/python3.8/site-packages/tagging/migrations/__init__.py to __init__.cpython-38.pyc
[   67s] byte-compiling /home/abuild/rpmbuild/BUILDROOT/python-django-tagging-0.5.0-2.3.riscv64/usr/lib/python3.8/site-packages/tagging/templatetags/__init__.py to __init__.cpython-38.pyc
[   67s] byte-compiling /home/abuild/rpmbuild/BUILDROOT/python-django-tagging-0.5.0-2.3.riscv64/usr/lib/python3.8/site-packages/tagging/templatetags/tagging_tags.py to tagging_tags.cpython-38.pyc
[   67s] byte-compiling /home/abuild/rpmbuild/BUILDROOT/python-django-tagging-0.5.0-2.3.riscv64/usr/lib/python3.8/site-packages/tagging/tests/__init__.py to __init__.cpython-38.pyc
[   67s] byte-compiling /home/abuild/rpmbuild/BUILDROOT/python-django-tagging-0.5.0-2.3.riscv64/usr/lib/python3.8/site-packages/tagging/tests/models.py to models.cpython-38.pyc
[   67s] byte-compiling /home/abuild/rpmbuild/BUILDROOT/python-django-tagging-0.5.0-2.3.riscv64/usr/lib/python3.8/site-packages/tagging/tests/settings.py to settings.cpython-38.pyc
[   67s] byte-compiling /home/abuild/rpmbuild/BUILDROOT/python-django-tagging-0.5.0-2.3.riscv64/usr/lib/python3.8/site-packages/tagging/tests/tests.py to tests.cpython-38.pyc
[   67s] byte-compiling /home/abuild/rpmbuild/BUILDROOT/python-django-tagging-0.5.0-2.3.riscv64/usr/lib/python3.8/site-packages/tagging/tests/urls.py to urls.cpython-38.pyc
[   67s] byte-compiling /home/abuild/rpmbuild/BUILDROOT/python-django-tagging-0.5.0-2.3.riscv64/usr/lib/python3.8/site-packages/tagging/tests/utils.py to utils.cpython-38.pyc
[   67s] writing byte-compilation script '/tmp/tmpb2cwo36g.py'
[   67s] /usr/bin/python3.8 /tmp/tmpb2cwo36g.py
[   69s] removing /tmp/tmpb2cwo36g.py
[   69s] running install_egg_info
[   69s] running egg_info
[   69s] writing django_tagging.egg-info/PKG-INFO
[   69s] writing dependency_links to django_tagging.egg-info/dependency_links.txt
[   69s] writing top-level names to django_tagging.egg-info/top_level.txt
[   69s] reading manifest file 'django_tagging.egg-info/SOURCES.txt'
[   69s] reading manifest template 'MANIFEST.in'
[   69s] /usr/lib/python3.8/site-packages/setuptools/command/install.py:34: SetuptoolsDeprecationWarning: setup.py install is deprecated. Use build and pip and other standards-based tools.
[   69s]   warnings.warn(
[   69s] no previously-included directories found matching 'docs/_build'
[   69s] adding license file 'LICENSE.txt'
[   69s] writing manifest file 'django_tagging.egg-info/SOURCES.txt'
[   69s] Copying django_tagging.egg-info to /home/abuild/rpmbuild/BUILDROOT/python-django-tagging-0.5.0-2.3.riscv64/usr/lib/python3.8/site-packages/django_tagging-0.5.0-py3.8.egg-info
[   69s] running install_scripts
[   69s] ++ '[' -f _current_flavor ']'
[   69s] ++ cat _current_flavor
[   69s] + last_flavor=python38
[   69s] + '[' -z python38 ']'
[   69s] + '[' python38 '!=' python39 ']'
[   69s] + '[' -d build ']'
[   69s] + mv build _build.python38
[   69s] + '[' -d _build.python39 ']'
[   69s] + mv _build.python39 build
[   69s] + echo python39
[   69s] + python_flavor=python39
[   69s] + /usr/bin/python3.9 setup.py install -O1 --skip-build --force --root /home/abuild/rpmbuild/BUILDROOT/python-django-tagging-0.5.0-2.3.riscv64 --prefix /usr
[   71s] running install
[   71s] /usr/lib/python3.9/site-packages/setuptools/command/install.py:34: SetuptoolsDeprecationWarning: setup.py install is deprecated. Use build and pip and other standards-based tools.
[   71s]   warnings.warn(
[   71s] running install_lib
[   71s] creating /home/abuild/rpmbuild/BUILDROOT/python-django-tagging-0.5.0-2.3.riscv64/usr/lib/python3.9
[   71s] creating /home/abuild/rpmbuild/BUILDROOT/python-django-tagging-0.5.0-2.3.riscv64/usr/lib/python3.9/site-packages
[   71s] creating /home/abuild/rpmbuild/BUILDROOT/python-django-tagging-0.5.0-2.3.riscv64/usr/lib/python3.9/site-packages/tagging
[   71s] copying build/lib/tagging/__init__.py -> /home/abuild/rpmbuild/BUILDROOT/python-django-tagging-0.5.0-2.3.riscv64/usr/lib/python3.9/site-packages/tagging
[   71s] copying build/lib/tagging/admin.py -> /home/abuild/rpmbuild/BUILDROOT/python-django-tagging-0.5.0-2.3.riscv64/usr/lib/python3.9/site-packages/tagging
[   71s] copying build/lib/tagging/apps.py -> /home/abuild/rpmbuild/BUILDROOT/python-django-tagging-0.5.0-2.3.riscv64/usr/lib/python3.9/site-packages/tagging
[   71s] copying build/lib/tagging/fields.py -> /home/abuild/rpmbuild/BUILDROOT/python-django-tagging-0.5.0-2.3.riscv64/usr/lib/python3.9/site-packages/tagging
[   71s] copying build/lib/tagging/forms.py -> /home/abuild/rpmbuild/BUILDROOT/python-django-tagging-0.5.0-2.3.riscv64/usr/lib/python3.9/site-packages/tagging
[   71s] copying build/lib/tagging/generic.py -> /home/abuild/rpmbuild/BUILDROOT/python-django-tagging-0.5.0-2.3.riscv64/usr/lib/python3.9/site-packages/tagging
[   71s] copying build/lib/tagging/managers.py -> /home/abuild/rpmbuild/BUILDROOT/python-django-tagging-0.5.0-2.3.riscv64/usr/lib/python3.9/site-packages/tagging
[   71s] copying build/lib/tagging/models.py -> /home/abuild/rpmbuild/BUILDROOT/python-django-tagging-0.5.0-2.3.riscv64/usr/lib/python3.9/site-packages/tagging
[   71s] copying build/lib/tagging/registry.py -> /home/abuild/rpmbuild/BUILDROOT/python-django-tagging-0.5.0-2.3.riscv64/usr/lib/python3.9/site-packages/tagging
[   71s] copying build/lib/tagging/settings.py -> /home/abuild/rpmbuild/BUILDROOT/python-django-tagging-0.5.0-2.3.riscv64/usr/lib/python3.9/site-packages/tagging
[   71s] copying build/lib/tagging/utils.py -> /home/abuild/rpmbuild/BUILDROOT/python-django-tagging-0.5.0-2.3.riscv64/usr/lib/python3.9/site-packages/tagging
[   71s] copying build/lib/tagging/views.py -> /home/abuild/rpmbuild/BUILDROOT/python-django-tagging-0.5.0-2.3.riscv64/usr/lib/python3.9/site-packages/tagging
[   71s] creating /home/abuild/rpmbuild/BUILDROOT/python-django-tagging-0.5.0-2.3.riscv64/usr/lib/python3.9/site-packages/tagging/migrations
[   71s] copying build/lib/tagging/migrations/0001_initial.py -> /home/abuild/rpmbuild/BUILDROOT/python-django-tagging-0.5.0-2.3.riscv64/usr/lib/python3.9/site-packages/tagging/migrations
[   71s] copying build/lib/tagging/migrations/0002_on_delete.py -> /home/abuild/rpmbuild/BUILDROOT/python-django-tagging-0.5.0-2.3.riscv64/usr/lib/python3.9/site-packages/tagging/migrations
[   71s] copying build/lib/tagging/migrations/0003_adapt_max_tag_length.py -> /home/abuild/rpmbuild/BUILDROOT/python-django-tagging-0.5.0-2.3.riscv64/usr/lib/python3.9/site-packages/tagging/migrations
[   71s] copying build/lib/tagging/migrations/__init__.py -> /home/abuild/rpmbuild/BUILDROOT/python-django-tagging-0.5.0-2.3.riscv64/usr/lib/python3.9/site-packages/tagging/migrations
[   71s] creating /home/abuild/rpmbuild/BUILDROOT/python-django-tagging-0.5.0-2.3.riscv64/usr/lib/python3.9/site-packages/tagging/templatetags
[   71s] copying build/lib/tagging/templatetags/__init__.py -> /home/abuild/rpmbuild/BUILDROOT/python-django-tagging-0.5.0-2.3.riscv64/usr/lib/python3.9/site-packages/tagging/templatetags
[   71s] copying build/lib/tagging/templatetags/tagging_tags.py -> /home/abuild/rpmbuild/BUILDROOT/python-django-tagging-0.5.0-2.3.riscv64/usr/lib/python3.9/site-packages/tagging/templatetags
[   71s] creating /home/abuild/rpmbuild/BUILDROOT/python-django-tagging-0.5.0-2.3.riscv64/usr/lib/python3.9/site-packages/tagging/tests
[   71s] copying build/lib/tagging/tests/__init__.py -> /home/abuild/rpmbuild/BUILDROOT/python-django-tagging-0.5.0-2.3.riscv64/usr/lib/python3.9/site-packages/tagging/tests
[   71s] copying build/lib/tagging/tests/models.py -> /home/abuild/rpmbuild/BUILDROOT/python-django-tagging-0.5.0-2.3.riscv64/usr/lib/python3.9/site-packages/tagging/tests
[   71s] copying build/lib/tagging/tests/settings.py -> /home/abuild/rpmbuild/BUILDROOT/python-django-tagging-0.5.0-2.3.riscv64/usr/lib/python3.9/site-packages/tagging/tests
[   71s] copying build/lib/tagging/tests/tests.py -> /home/abuild/rpmbuild/BUILDROOT/python-django-tagging-0.5.0-2.3.riscv64/usr/lib/python3.9/site-packages/tagging/tests
[   71s] copying build/lib/tagging/tests/urls.py -> /home/abuild/rpmbuild/BUILDROOT/python-django-tagging-0.5.0-2.3.riscv64/usr/lib/python3.9/site-packages/tagging/tests
[   71s] copying build/lib/tagging/tests/utils.py -> /home/abuild/rpmbuild/BUILDROOT/python-django-tagging-0.5.0-2.3.riscv64/usr/lib/python3.9/site-packages/tagging/tests
[   71s] copying build/lib/tagging/tests/tags.txt -> /home/abuild/rpmbuild/BUILDROOT/python-django-tagging-0.5.0-2.3.riscv64/usr/lib/python3.9/site-packages/tagging/tests
[   71s] byte-compiling /home/abuild/rpmbuild/BUILDROOT/python-django-tagging-0.5.0-2.3.riscv64/usr/lib/python3.9/site-packages/tagging/__init__.py to __init__.cpython-39.pyc
[   71s] byte-compiling /home/abuild/rpmbuild/BUILDROOT/python-django-tagging-0.5.0-2.3.riscv64/usr/lib/python3.9/site-packages/tagging/admin.py to admin.cpython-39.pyc
[   71s] byte-compiling /home/abuild/rpmbuild/BUILDROOT/python-django-tagging-0.5.0-2.3.riscv64/usr/lib/python3.9/site-packages/tagging/apps.py to apps.cpython-39.pyc
[   71s] byte-compiling /home/abuild/rpmbuild/BUILDROOT/python-django-tagging-0.5.0-2.3.riscv64/usr/lib/python3.9/site-packages/tagging/fields.py to fields.cpython-39.pyc
[   71s] byte-compiling /home/abuild/rpmbuild/BUILDROOT/python-django-tagging-0.5.0-2.3.riscv64/usr/lib/python3.9/site-packages/tagging/forms.py to forms.cpython-39.pyc
[   71s] byte-compiling /home/abuild/rpmbuild/BUILDROOT/python-django-tagging-0.5.0-2.3.riscv64/usr/lib/python3.9/site-packages/tagging/generic.py to generic.cpython-39.pyc
[   71s] byte-compiling /home/abuild/rpmbuild/BUILDROOT/python-django-tagging-0.5.0-2.3.riscv64/usr/lib/python3.9/site-packages/tagging/managers.py to managers.cpython-39.pyc
[   71s] byte-compiling /home/abuild/rpmbuild/BUILDROOT/python-django-tagging-0.5.0-2.3.riscv64/usr/lib/python3.9/site-packages/tagging/models.py to models.cpython-39.pyc
[   71s] byte-compiling /home/abuild/rpmbuild/BUILDROOT/python-django-tagging-0.5.0-2.3.riscv64/usr/lib/python3.9/site-packages/tagging/registry.py to registry.cpython-39.pyc
[   71s] byte-compiling /home/abuild/rpmbuild/BUILDROOT/python-django-tagging-0.5.0-2.3.riscv64/usr/lib/python3.9/site-packages/tagging/settings.py to settings.cpython-39.pyc
[   71s] byte-compiling /home/abuild/rpmbuild/BUILDROOT/python-django-tagging-0.5.0-2.3.riscv64/usr/lib/python3.9/site-packages/tagging/utils.py to utils.cpython-39.pyc
[   71s] byte-compiling /home/abuild/rpmbuild/BUILDROOT/python-django-tagging-0.5.0-2.3.riscv64/usr/lib/python3.9/site-packages/tagging/views.py to views.cpython-39.pyc
[   71s] byte-compiling /home/abuild/rpmbuild/BUILDROOT/python-django-tagging-0.5.0-2.3.riscv64/usr/lib/python3.9/site-packages/tagging/migrations/0001_initial.py to 0001_initial.cpython-39.pyc
[   71s] byte-compiling /home/abuild/rpmbuild/BUILDROOT/python-django-tagging-0.5.0-2.3.riscv64/usr/lib/python3.9/site-packages/tagging/migrations/0002_on_delete.py to 0002_on_delete.cpython-39.pyc
[   71s] byte-compiling /home/abuild/rpmbuild/BUILDROOT/python-django-tagging-0.5.0-2.3.riscv64/usr/lib/python3.9/site-packages/tagging/migrations/0003_adapt_max_tag_length.py to 0003_adapt_max_tag_length.cpython-39.pyc
[   71s] byte-compiling /home/abuild/rpmbuild/BUILDROOT/python-django-tagging-0.5.0-2.3.riscv64/usr/lib/python3.9/site-packages/tagging/migrations/__init__.py to __init__.cpython-39.pyc
[   71s] byte-compiling /home/abuild/rpmbuild/BUILDROOT/python-django-tagging-0.5.0-2.3.riscv64/usr/lib/python3.9/site-packages/tagging/templatetags/__init__.py to __init__.cpython-39.pyc
[   71s] byte-compiling /home/abuild/rpmbuild/BUILDROOT/python-django-tagging-0.5.0-2.3.riscv64/usr/lib/python3.9/site-packages/tagging/templatetags/tagging_tags.py to tagging_tags.cpython-39.pyc
[   71s] byte-compiling /home/abuild/rpmbuild/BUILDROOT/python-django-tagging-0.5.0-2.3.riscv64/usr/lib/python3.9/site-packages/tagging/tests/__init__.py to __init__.cpython-39.pyc
[   71s] byte-compiling /home/abuild/rpmbuild/BUILDROOT/python-django-tagging-0.5.0-2.3.riscv64/usr/lib/python3.9/site-packages/tagging/tests/models.py to models.cpython-39.pyc
[   71s] byte-compiling /home/abuild/rpmbuild/BUILDROOT/python-django-tagging-0.5.0-2.3.riscv64/usr/lib/python3.9/site-packages/tagging/tests/settings.py to settings.cpython-39.pyc
[   71s] byte-compiling /home/abuild/rpmbuild/BUILDROOT/python-django-tagging-0.5.0-2.3.riscv64/usr/lib/python3.9/site-packages/tagging/tests/tests.py to tests.cpython-39.pyc
[   71s] byte-compiling /home/abuild/rpmbuild/BUILDROOT/python-django-tagging-0.5.0-2.3.riscv64/usr/lib/python3.9/site-packages/tagging/tests/urls.py to urls.cpython-39.pyc
[   71s] byte-compiling /home/abuild/rpmbuild/BUILDROOT/python-django-tagging-0.5.0-2.3.riscv64/usr/lib/python3.9/site-packages/tagging/tests/utils.py to utils.cpython-39.pyc
[   71s] writing byte-compilation script '/tmp/tmp7u_n7bb1.py'
[   71s] /usr/bin/python3.9 /tmp/tmp7u_n7bb1.py
[   73s] removing /tmp/tmp7u_n7bb1.py
[   73s] running install_egg_info
[   73s] running egg_info
[   73s] writing django_tagging.egg-info/PKG-INFO
[   73s] writing dependency_links to django_tagging.egg-info/dependency_links.txt
[   73s] writing top-level names to django_tagging.egg-info/top_level.txt
[   73s] reading manifest file 'django_tagging.egg-info/SOURCES.txt'
[   73s] reading manifest template 'MANIFEST.in'
[   73s] no previously-included directories found matching 'docs/_build'
[   73s] adding license file 'LICENSE.txt'
[   73s] writing manifest file 'django_tagging.egg-info/SOURCES.txt'
[   73s] Copying django_tagging.egg-info to /home/abuild/rpmbuild/BUILDROOT/python-django-tagging-0.5.0-2.3.riscv64/usr/lib/python3.9/site-packages/django_tagging-0.5.0-py3.9.egg-info
[   73s] running install_scripts
[   73s] ++ '[' -f _current_flavor ']'
[   73s] ++ cat _current_flavor
[   73s] + last_flavor=python39
[   73s] + '[' -z python39 ']'
[   73s] + '[' python39 '!=' python311 ']'
[   73s] + '[' -d build ']'
[   73s] + mv build _build.python39
[   73s] + '[' -d _build.python311 ']'
[   73s] + mv _build.python311 build
[   73s] + echo python311
[   73s] + python_flavor=python311
[   73s] + /usr/bin/python3.11 setup.py install -O1 --skip-build --force --root /home/abuild/rpmbuild/BUILDROOT/python-django-tagging-0.5.0-2.3.riscv64 --prefix /usr
[   75s] running install
[   75s] /usr/lib/python3.11/site-packages/setuptools/command/install.py:34: SetuptoolsDeprecationWarning: setup.py install is deprecated. Use build and pip and other standards-based tools.
[   75s]   warnings.warn(
[   75s] running install_lib
[   75s] creating /home/abuild/rpmbuild/BUILDROOT/python-django-tagging-0.5.0-2.3.riscv64/usr/lib/python3.11
[   75s] creating /home/abuild/rpmbuild/BUILDROOT/python-django-tagging-0.5.0-2.3.riscv64/usr/lib/python3.11/site-packages
[   75s] creating /home/abuild/rpmbuild/BUILDROOT/python-django-tagging-0.5.0-2.3.riscv64/usr/lib/python3.11/site-packages/tagging
[   75s] copying build/lib/tagging/__init__.py -> /home/abuild/rpmbuild/BUILDROOT/python-django-tagging-0.5.0-2.3.riscv64/usr/lib/python3.11/site-packages/tagging
[   75s] copying build/lib/tagging/admin.py -> /home/abuild/rpmbuild/BUILDROOT/python-django-tagging-0.5.0-2.3.riscv64/usr/lib/python3.11/site-packages/tagging
[   75s] copying build/lib/tagging/apps.py -> /home/abuild/rpmbuild/BUILDROOT/python-django-tagging-0.5.0-2.3.riscv64/usr/lib/python3.11/site-packages/tagging
[   75s] copying build/lib/tagging/fields.py -> /home/abuild/rpmbuild/BUILDROOT/python-django-tagging-0.5.0-2.3.riscv64/usr/lib/python3.11/site-packages/tagging
[   75s] copying build/lib/tagging/forms.py -> /home/abuild/rpmbuild/BUILDROOT/python-django-tagging-0.5.0-2.3.riscv64/usr/lib/python3.11/site-packages/tagging
[   75s] copying build/lib/tagging/generic.py -> /home/abuild/rpmbuild/BUILDROOT/python-django-tagging-0.5.0-2.3.riscv64/usr/lib/python3.11/site-packages/tagging
[   75s] copying build/lib/tagging/managers.py -> /home/abuild/rpmbuild/BUILDROOT/python-django-tagging-0.5.0-2.3.riscv64/usr/lib/python3.11/site-packages/tagging
[   75s] copying build/lib/tagging/models.py -> /home/abuild/rpmbuild/BUILDROOT/python-django-tagging-0.5.0-2.3.riscv64/usr/lib/python3.11/site-packages/tagging
[   75s] copying build/lib/tagging/registry.py -> /home/abuild/rpmbuild/BUILDROOT/python-django-tagging-0.5.0-2.3.riscv64/usr/lib/python3.11/site-packages/tagging
[   75s] copying build/lib/tagging/settings.py -> /home/abuild/rpmbuild/BUILDROOT/python-django-tagging-0.5.0-2.3.riscv64/usr/lib/python3.11/site-packages/tagging
[   75s] copying build/lib/tagging/utils.py -> /home/abuild/rpmbuild/BUILDROOT/python-django-tagging-0.5.0-2.3.riscv64/usr/lib/python3.11/site-packages/tagging
[   75s] copying build/lib/tagging/views.py -> /home/abuild/rpmbuild/BUILDROOT/python-django-tagging-0.5.0-2.3.riscv64/usr/lib/python3.11/site-packages/tagging
[   75s] creating /home/abuild/rpmbuild/BUILDROOT/python-django-tagging-0.5.0-2.3.riscv64/usr/lib/python3.11/site-packages/tagging/migrations
[   75s] copying build/lib/tagging/migrations/0001_initial.py -> /home/abuild/rpmbuild/BUILDROOT/python-django-tagging-0.5.0-2.3.riscv64/usr/lib/python3.11/site-packages/tagging/migrations
[   75s] copying build/lib/tagging/migrations/0002_on_delete.py -> /home/abuild/rpmbuild/BUILDROOT/python-django-tagging-0.5.0-2.3.riscv64/usr/lib/python3.11/site-packages/tagging/migrations
[   75s] copying build/lib/tagging/migrations/0003_adapt_max_tag_length.py -> /home/abuild/rpmbuild/BUILDROOT/python-django-tagging-0.5.0-2.3.riscv64/usr/lib/python3.11/site-packages/tagging/migrations
[   75s] copying build/lib/tagging/migrations/__init__.py -> /home/abuild/rpmbuild/BUILDROOT/python-django-tagging-0.5.0-2.3.riscv64/usr/lib/python3.11/site-packages/tagging/migrations
[   75s] creating /home/abuild/rpmbuild/BUILDROOT/python-django-tagging-0.5.0-2.3.riscv64/usr/lib/python3.11/site-packages/tagging/templatetags
[   75s] copying build/lib/tagging/templatetags/__init__.py -> /home/abuild/rpmbuild/BUILDROOT/python-django-tagging-0.5.0-2.3.riscv64/usr/lib/python3.11/site-packages/tagging/templatetags
[   75s] copying build/lib/tagging/templatetags/tagging_tags.py -> /home/abuild/rpmbuild/BUILDROOT/python-django-tagging-0.5.0-2.3.riscv64/usr/lib/python3.11/site-packages/tagging/templatetags
[   75s] creating /home/abuild/rpmbuild/BUILDROOT/python-django-tagging-0.5.0-2.3.riscv64/usr/lib/python3.11/site-packages/tagging/tests
[   75s] copying build/lib/tagging/tests/__init__.py -> /home/abuild/rpmbuild/BUILDROOT/python-django-tagging-0.5.0-2.3.riscv64/usr/lib/python3.11/site-packages/tagging/tests
[   75s] copying build/lib/tagging/tests/models.py -> /home/abuild/rpmbuild/BUILDROOT/python-django-tagging-0.5.0-2.3.riscv64/usr/lib/python3.11/site-packages/tagging/tests
[   75s] copying build/lib/tagging/tests/settings.py -> /home/abuild/rpmbuild/BUILDROOT/python-django-tagging-0.5.0-2.3.riscv64/usr/lib/python3.11/site-packages/tagging/tests
[   75s] copying build/lib/tagging/tests/tests.py -> /home/abuild/rpmbuild/BUILDROOT/python-django-tagging-0.5.0-2.3.riscv64/usr/lib/python3.11/site-packages/tagging/tests
[   75s] copying build/lib/tagging/tests/urls.py -> /home/abuild/rpmbuild/BUILDROOT/python-django-tagging-0.5.0-2.3.riscv64/usr/lib/python3.11/site-packages/tagging/tests
[   75s] copying build/lib/tagging/tests/utils.py -> /home/abuild/rpmbuild/BUILDROOT/python-django-tagging-0.5.0-2.3.riscv64/usr/lib/python3.11/site-packages/tagging/tests
[   75s] copying build/lib/tagging/tests/tags.txt -> /home/abuild/rpmbuild/BUILDROOT/python-django-tagging-0.5.0-2.3.riscv64/usr/lib/python3.11/site-packages/tagging/tests
[   75s] byte-compiling /home/abuild/rpmbuild/BUILDROOT/python-django-tagging-0.5.0-2.3.riscv64/usr/lib/python3.11/site-packages/tagging/__init__.py to __init__.cpython-311.pyc
[   75s] byte-compiling /home/abuild/rpmbuild/BUILDROOT/python-django-tagging-0.5.0-2.3.riscv64/usr/lib/python3.11/site-packages/tagging/admin.py to admin.cpython-311.pyc
[   75s] byte-compiling /home/abuild/rpmbuild/BUILDROOT/python-django-tagging-0.5.0-2.3.riscv64/usr/lib/python3.11/site-packages/tagging/apps.py to apps.cpython-311.pyc
[   75s] byte-compiling /home/abuild/rpmbuild/BUILDROOT/python-django-tagging-0.5.0-2.3.riscv64/usr/lib/python3.11/site-packages/tagging/fields.py to fields.cpython-311.pyc
[   75s] byte-compiling /home/abuild/rpmbuild/BUILDROOT/python-django-tagging-0.5.0-2.3.riscv64/usr/lib/python3.11/site-packages/tagging/forms.py to forms.cpython-311.pyc
[   75s] byte-compiling /home/abuild/rpmbuild/BUILDROOT/python-django-tagging-0.5.0-2.3.riscv64/usr/lib/python3.11/site-packages/tagging/generic.py to generic.cpython-311.pyc
[   75s] byte-compiling /home/abuild/rpmbuild/BUILDROOT/python-django-tagging-0.5.0-2.3.riscv64/usr/lib/python3.11/site-packages/tagging/managers.py to managers.cpython-311.pyc
[   75s] byte-compiling /home/abuild/rpmbuild/BUILDROOT/python-django-tagging-0.5.0-2.3.riscv64/usr/lib/python3.11/site-packages/tagging/models.py to models.cpython-311.pyc
[   75s] byte-compiling /home/abuild/rpmbuild/BUILDROOT/python-django-tagging-0.5.0-2.3.riscv64/usr/lib/python3.11/site-packages/tagging/registry.py to registry.cpython-311.pyc
[   75s] byte-compiling /home/abuild/rpmbuild/BUILDROOT/python-django-tagging-0.5.0-2.3.riscv64/usr/lib/python3.11/site-packages/tagging/settings.py to settings.cpython-311.pyc
[   75s] byte-compiling /home/abuild/rpmbuild/BUILDROOT/python-django-tagging-0.5.0-2.3.riscv64/usr/lib/python3.11/site-packages/tagging/utils.py to utils.cpython-311.pyc
[   75s] byte-compiling /home/abuild/rpmbuild/BUILDROOT/python-django-tagging-0.5.0-2.3.riscv64/usr/lib/python3.11/site-packages/tagging/views.py to views.cpython-311.pyc
[   75s] byte-compiling /home/abuild/rpmbuild/BUILDROOT/python-django-tagging-0.5.0-2.3.riscv64/usr/lib/python3.11/site-packages/tagging/migrations/0001_initial.py to 0001_initial.cpython-311.pyc
[   75s] byte-compiling /home/abuild/rpmbuild/BUILDROOT/python-django-tagging-0.5.0-2.3.riscv64/usr/lib/python3.11/site-packages/tagging/migrations/0002_on_delete.py to 0002_on_delete.cpython-311.pyc
[   75s] byte-compiling /home/abuild/rpmbuild/BUILDROOT/python-django-tagging-0.5.0-2.3.riscv64/usr/lib/python3.11/site-packages/tagging/migrations/0003_adapt_max_tag_length.py to 0003_adapt_max_tag_length.cpython-311.pyc
[   75s] byte-compiling /home/abuild/rpmbuild/BUILDROOT/python-django-tagging-0.5.0-2.3.riscv64/usr/lib/python3.11/site-packages/tagging/migrations/__init__.py to __init__.cpython-311.pyc
[   75s] byte-compiling /home/abuild/rpmbuild/BUILDROOT/python-django-tagging-0.5.0-2.3.riscv64/usr/lib/python3.11/site-packages/tagging/templatetags/__init__.py to __init__.cpython-311.pyc
[   75s] byte-compiling /home/abuild/rpmbuild/BUILDROOT/python-django-tagging-0.5.0-2.3.riscv64/usr/lib/python3.11/site-packages/tagging/templatetags/tagging_tags.py to tagging_tags.cpython-311.pyc
[   75s] byte-compiling /home/abuild/rpmbuild/BUILDROOT/python-django-tagging-0.5.0-2.3.riscv64/usr/lib/python3.11/site-packages/tagging/tests/__init__.py to __init__.cpython-311.pyc
[   75s] byte-compiling /home/abuild/rpmbuild/BUILDROOT/python-django-tagging-0.5.0-2.3.riscv64/usr/lib/python3.11/site-packages/tagging/tests/models.py to models.cpython-311.pyc
[   75s] byte-compiling /home/abuild/rpmbuild/BUILDROOT/python-django-tagging-0.5.0-2.3.riscv64/usr/lib/python3.11/site-packages/tagging/tests/settings.py to settings.cpython-311.pyc
[   75s] byte-compiling /home/abuild/rpmbuild/BUILDROOT/python-django-tagging-0.5.0-2.3.riscv64/usr/lib/python3.11/site-packages/tagging/tests/tests.py to tests.cpython-311.pyc
[   75s] byte-compiling /home/abuild/rpmbuild/BUILDROOT/python-django-tagging-0.5.0-2.3.riscv64/usr/lib/python3.11/site-packages/tagging/tests/urls.py to urls.cpython-311.pyc
[   75s] byte-compiling /home/abuild/rpmbuild/BUILDROOT/python-django-tagging-0.5.0-2.3.riscv64/usr/lib/python3.11/site-packages/tagging/tests/utils.py to utils.cpython-311.pyc
[   75s] writing byte-compilation script '/tmp/tmp3e0dbt1s.py'
[   75s] /usr/bin/python3.11 /tmp/tmp3e0dbt1s.py
[   77s] removing /tmp/tmp3e0dbt1s.py
[   77s] running install_egg_info
[   77s] running egg_info
[   77s] writing django_tagging.egg-info/PKG-INFO
[   77s] writing dependency_links to django_tagging.egg-info/dependency_links.txt
[   77s] writing top-level names to django_tagging.egg-info/top_level.txt
[   77s] reading manifest file 'django_tagging.egg-info/SOURCES.txt'
[   77s] reading manifest template 'MANIFEST.in'
[   77s] no previously-included directories found matching 'docs/_build'
[   77s] adding license file 'LICENSE.txt'
[   77s] writing manifest file 'django_tagging.egg-info/SOURCES.txt'
[   77s] Copying django_tagging.egg-info to /home/abuild/rpmbuild/BUILDROOT/python-django-tagging-0.5.0-2.3.riscv64/usr/lib/python3.11/site-packages/django_tagging-0.5.0-py3.11.egg-info
[   77s] running install_scripts
[   77s] ++ '[' -f _current_flavor ']'
[   77s] ++ cat _current_flavor
[   77s] + last_flavor=python311
[   77s] + '[' -z python311 ']'
[   77s] + '[' python311 '!=' python310 ']'
[   77s] + '[' -d build ']'
[   77s] + mv build _build.python311
[   77s] + '[' -d _build.python310 ']'
[   77s] + mv _build.python310 build
[   77s] + echo python310
[   77s] + python_flavor=python310
[   77s] + /usr/bin/python3.10 setup.py install -O1 --skip-build --force --root /home/abuild/rpmbuild/BUILDROOT/python-django-tagging-0.5.0-2.3.riscv64 --prefix /usr
[   79s] running install
[   79s] /usr/lib/python3.10/site-packages/setuptools/command/install.py:34: SetuptoolsDeprecationWarning: setup.py install is deprecated. Use build and pip and other standards-based tools.
[   79s]   warnings.warn(
[   79s] running install_lib
[   79s] creating /home/abuild/rpmbuild/BUILDROOT/python-django-tagging-0.5.0-2.3.riscv64/usr/lib/python3.10
[   79s] creating /home/abuild/rpmbuild/BUILDROOT/python-django-tagging-0.5.0-2.3.riscv64/usr/lib/python3.10/site-packages
[   79s] creating /home/abuild/rpmbuild/BUILDROOT/python-django-tagging-0.5.0-2.3.riscv64/usr/lib/python3.10/site-packages/tagging
[   79s] copying build/lib/tagging/__init__.py -> /home/abuild/rpmbuild/BUILDROOT/python-django-tagging-0.5.0-2.3.riscv64/usr/lib/python3.10/site-packages/tagging
[   79s] copying build/lib/tagging/admin.py -> /home/abuild/rpmbuild/BUILDROOT/python-django-tagging-0.5.0-2.3.riscv64/usr/lib/python3.10/site-packages/tagging
[   79s] copying build/lib/tagging/apps.py -> /home/abuild/rpmbuild/BUILDROOT/python-django-tagging-0.5.0-2.3.riscv64/usr/lib/python3.10/site-packages/tagging
[   79s] copying build/lib/tagging/fields.py -> /home/abuild/rpmbuild/BUILDROOT/python-django-tagging-0.5.0-2.3.riscv64/usr/lib/python3.10/site-packages/tagging
[   79s] copying build/lib/tagging/forms.py -> /home/abuild/rpmbuild/BUILDROOT/python-django-tagging-0.5.0-2.3.riscv64/usr/lib/python3.10/site-packages/tagging
[   79s] copying build/lib/tagging/generic.py -> /home/abuild/rpmbuild/BUILDROOT/python-django-tagging-0.5.0-2.3.riscv64/usr/lib/python3.10/site-packages/tagging
[   79s] copying build/lib/tagging/managers.py -> /home/abuild/rpmbuild/BUILDROOT/python-django-tagging-0.5.0-2.3.riscv64/usr/lib/python3.10/site-packages/tagging
[   79s] copying build/lib/tagging/models.py -> /home/abuild/rpmbuild/BUILDROOT/python-django-tagging-0.5.0-2.3.riscv64/usr/lib/python3.10/site-packages/tagging
[   79s] copying build/lib/tagging/registry.py -> /home/abuild/rpmbuild/BUILDROOT/python-django-tagging-0.5.0-2.3.riscv64/usr/lib/python3.10/site-packages/tagging
[   79s] copying build/lib/tagging/settings.py -> /home/abuild/rpmbuild/BUILDROOT/python-django-tagging-0.5.0-2.3.riscv64/usr/lib/python3.10/site-packages/tagging
[   79s] copying build/lib/tagging/utils.py -> /home/abuild/rpmbuild/BUILDROOT/python-django-tagging-0.5.0-2.3.riscv64/usr/lib/python3.10/site-packages/tagging
[   79s] copying build/lib/tagging/views.py -> /home/abuild/rpmbuild/BUILDROOT/python-django-tagging-0.5.0-2.3.riscv64/usr/lib/python3.10/site-packages/tagging
[   79s] creating /home/abuild/rpmbuild/BUILDROOT/python-django-tagging-0.5.0-2.3.riscv64/usr/lib/python3.10/site-packages/tagging/migrations
[   79s] copying build/lib/tagging/migrations/0001_initial.py -> /home/abuild/rpmbuild/BUILDROOT/python-django-tagging-0.5.0-2.3.riscv64/usr/lib/python3.10/site-packages/tagging/migrations
[   79s] copying build/lib/tagging/migrations/0002_on_delete.py -> /home/abuild/rpmbuild/BUILDROOT/python-django-tagging-0.5.0-2.3.riscv64/usr/lib/python3.10/site-packages/tagging/migrations
[   79s] copying build/lib/tagging/migrations/0003_adapt_max_tag_length.py -> /home/abuild/rpmbuild/BUILDROOT/python-django-tagging-0.5.0-2.3.riscv64/usr/lib/python3.10/site-packages/tagging/migrations
[   79s] copying build/lib/tagging/migrations/__init__.py -> /home/abuild/rpmbuild/BUILDROOT/python-django-tagging-0.5.0-2.3.riscv64/usr/lib/python3.10/site-packages/tagging/migrations
[   79s] creating /home/abuild/rpmbuild/BUILDROOT/python-django-tagging-0.5.0-2.3.riscv64/usr/lib/python3.10/site-packages/tagging/templatetags
[   79s] copying build/lib/tagging/templatetags/__init__.py -> /home/abuild/rpmbuild/BUILDROOT/python-django-tagging-0.5.0-2.3.riscv64/usr/lib/python3.10/site-packages/tagging/templatetags
[   79s] copying build/lib/tagging/templatetags/tagging_tags.py -> /home/abuild/rpmbuild/BUILDROOT/python-django-tagging-0.5.0-2.3.riscv64/usr/lib/python3.10/site-packages/tagging/templatetags
[   79s] creating /home/abuild/rpmbuild/BUILDROOT/python-django-tagging-0.5.0-2.3.riscv64/usr/lib/python3.10/site-packages/tagging/tests
[   79s] copying build/lib/tagging/tests/__init__.py -> /home/abuild/rpmbuild/BUILDROOT/python-django-tagging-0.5.0-2.3.riscv64/usr/lib/python3.10/site-packages/tagging/tests
[   79s] copying build/lib/tagging/tests/models.py -> /home/abuild/rpmbuild/BUILDROOT/python-django-tagging-0.5.0-2.3.riscv64/usr/lib/python3.10/site-packages/tagging/tests
[   79s] copying build/lib/tagging/tests/settings.py -> /home/abuild/rpmbuild/BUILDROOT/python-django-tagging-0.5.0-2.3.riscv64/usr/lib/python3.10/site-packages/tagging/tests
[   79s] copying build/lib/tagging/tests/tests.py -> /home/abuild/rpmbuild/BUILDROOT/python-django-tagging-0.5.0-2.3.riscv64/usr/lib/python3.10/site-packages/tagging/tests
[   79s] copying build/lib/tagging/tests/urls.py -> /home/abuild/rpmbuild/BUILDROOT/python-django-tagging-0.5.0-2.3.riscv64/usr/lib/python3.10/site-packages/tagging/tests
[   79s] copying build/lib/tagging/tests/utils.py -> /home/abuild/rpmbuild/BUILDROOT/python-django-tagging-0.5.0-2.3.riscv64/usr/lib/python3.10/site-packages/tagging/tests
[   79s] copying build/lib/tagging/tests/tags.txt -> /home/abuild/rpmbuild/BUILDROOT/python-django-tagging-0.5.0-2.3.riscv64/usr/lib/python3.10/site-packages/tagging/tests
[   79s] byte-compiling /home/abuild/rpmbuild/BUILDROOT/python-django-tagging-0.5.0-2.3.riscv64/usr/lib/python3.10/site-packages/tagging/__init__.py to __init__.cpython-310.pyc
[   79s] byte-compiling /home/abuild/rpmbuild/BUILDROOT/python-django-tagging-0.5.0-2.3.riscv64/usr/lib/python3.10/site-packages/tagging/admin.py to admin.cpython-310.pyc
[   79s] byte-compiling /home/abuild/rpmbuild/BUILDROOT/python-django-tagging-0.5.0-2.3.riscv64/usr/lib/python3.10/site-packages/tagging/apps.py to apps.cpython-310.pyc
[   79s] byte-compiling /home/abuild/rpmbuild/BUILDROOT/python-django-tagging-0.5.0-2.3.riscv64/usr/lib/python3.10/site-packages/tagging/fields.py to fields.cpython-310.pyc
[   79s] byte-compiling /home/abuild/rpmbuild/BUILDROOT/python-django-tagging-0.5.0-2.3.riscv64/usr/lib/python3.10/site-packages/tagging/forms.py to forms.cpython-310.pyc
[   79s] byte-compiling /home/abuild/rpmbuild/BUILDROOT/python-django-tagging-0.5.0-2.3.riscv64/usr/lib/python3.10/site-packages/tagging/generic.py to generic.cpython-310.pyc
[   79s] byte-compiling /home/abuild/rpmbuild/BUILDROOT/python-django-tagging-0.5.0-2.3.riscv64/usr/lib/python3.10/site-packages/tagging/managers.py to managers.cpython-310.pyc
[   79s] byte-compiling /home/abuild/rpmbuild/BUILDROOT/python-django-tagging-0.5.0-2.3.riscv64/usr/lib/python3.10/site-packages/tagging/models.py to models.cpython-310.pyc
[   79s] byte-compiling /home/abuild/rpmbuild/BUILDROOT/python-django-tagging-0.5.0-2.3.riscv64/usr/lib/python3.10/site-packages/tagging/registry.py to registry.cpython-310.pyc
[   79s] byte-compiling /home/abuild/rpmbuild/BUILDROOT/python-django-tagging-0.5.0-2.3.riscv64/usr/lib/python3.10/site-packages/tagging/settings.py to settings.cpython-310.pyc
[   79s] byte-compiling /home/abuild/rpmbuild/BUILDROOT/python-django-tagging-0.5.0-2.3.riscv64/usr/lib/python3.10/site-packages/tagging/utils.py to utils.cpython-310.pyc
[   79s] byte-compiling /home/abuild/rpmbuild/BUILDROOT/python-django-tagging-0.5.0-2.3.riscv64/usr/lib/python3.10/site-packages/tagging/views.py to views.cpython-310.pyc
[   79s] byte-compiling /home/abuild/rpmbuild/BUILDROOT/python-django-tagging-0.5.0-2.3.riscv64/usr/lib/python3.10/site-packages/tagging/migrations/0001_initial.py to 0001_initial.cpython-310.pyc
[   79s] byte-compiling /home/abuild/rpmbuild/BUILDROOT/python-django-tagging-0.5.0-2.3.riscv64/usr/lib/python3.10/site-packages/tagging/migrations/0002_on_delete.py to 0002_on_delete.cpython-310.pyc
[   79s] byte-compiling /home/abuild/rpmbuild/BUILDROOT/python-django-tagging-0.5.0-2.3.riscv64/usr/lib/python3.10/site-packages/tagging/migrations/0003_adapt_max_tag_length.py to 0003_adapt_max_tag_length.cpython-310.pyc
[   79s] byte-compiling /home/abuild/rpmbuild/BUILDROOT/python-django-tagging-0.5.0-2.3.riscv64/usr/lib/python3.10/site-packages/tagging/migrations/__init__.py to __init__.cpython-310.pyc
[   79s] byte-compiling /home/abuild/rpmbuild/BUILDROOT/python-django-tagging-0.5.0-2.3.riscv64/usr/lib/python3.10/site-packages/tagging/templatetags/__init__.py to __init__.cpython-310.pyc
[   79s] byte-compiling /home/abuild/rpmbuild/BUILDROOT/python-django-tagging-0.5.0-2.3.riscv64/usr/lib/python3.10/site-packages/tagging/templatetags/tagging_tags.py to tagging_tags.cpython-310.pyc
[   79s] byte-compiling /home/abuild/rpmbuild/BUILDROOT/python-django-tagging-0.5.0-2.3.riscv64/usr/lib/python3.10/site-packages/tagging/tests/__init__.py to __init__.cpython-310.pyc
[   79s] byte-compiling /home/abuild/rpmbuild/BUILDROOT/python-django-tagging-0.5.0-2.3.riscv64/usr/lib/python3.10/site-packages/tagging/tests/models.py to models.cpython-310.pyc
[   79s] byte-compiling /home/abuild/rpmbuild/BUILDROOT/python-django-tagging-0.5.0-2.3.riscv64/usr/lib/python3.10/site-packages/tagging/tests/settings.py to settings.cpython-310.pyc
[   79s] byte-compiling /home/abuild/rpmbuild/BUILDROOT/python-django-tagging-0.5.0-2.3.riscv64/usr/lib/python3.10/site-packages/tagging/tests/tests.py to tests.cpython-310.pyc
[   79s] byte-compiling /home/abuild/rpmbuild/BUILDROOT/python-django-tagging-0.5.0-2.3.riscv64/usr/lib/python3.10/site-packages/tagging/tests/urls.py to urls.cpython-310.pyc
[   79s] byte-compiling /home/abuild/rpmbuild/BUILDROOT/python-django-tagging-0.5.0-2.3.riscv64/usr/lib/python3.10/site-packages/tagging/tests/utils.py to utils.cpython-310.pyc
[   79s] writing byte-compilation script '/tmp/tmp2nuwrh4t.py'
[   79s] /usr/bin/python3.10 /tmp/tmp2nuwrh4t.py
[   81s] removing /tmp/tmp2nuwrh4t.py
[   81s] running install_egg_info
[   81s] running egg_info
[   81s] writing django_tagging.egg-info/PKG-INFO
[   81s] writing dependency_links to django_tagging.egg-info/dependency_links.txt
[   81s] writing top-level names to django_tagging.egg-info/top_level.txt
[   81s] reading manifest file 'django_tagging.egg-info/SOURCES.txt'
[   81s] reading manifest template 'MANIFEST.in'
[   81s] no previously-included directories found matching 'docs/_build'
[   81s] adding license file 'LICENSE.txt'
[   81s] writing manifest file 'django_tagging.egg-info/SOURCES.txt'
[   81s] Copying django_tagging.egg-info to /home/abuild/rpmbuild/BUILDROOT/python-django-tagging-0.5.0-2.3.riscv64/usr/lib/python3.10/site-packages/django_tagging-0.5.0-py3.10.egg-info
[   81s] running install_scripts
[   81s] ++ '[' -f _current_flavor ']'
[   81s] ++ cat _current_flavor
[   81s] + last_flavor=python310
[   81s] + '[' -z python310 ']'
[   81s] + '[' python310 '!=' python38 ']'
[   81s] + '[' -d build ']'
[   81s] + mv build _build.python310
[   81s] + '[' -d _build.python38 ']'
[   81s] + mv _build.python38 build
[   81s] + echo python38
[   81s] + python_flavor=python38
[   81s] + /usr/lib/rpm/fdupes_wrapper /home/abuild/rpmbuild/BUILDROOT/python-django-tagging-0.5.0-2.3.riscv64/usr/lib/python3.8/site-packages
[   81s] Linking /home/abuild/rpmbuild/BUILDROOT/python-django-tagging-0.5.0-2.3.riscv64/usr/lib/python3.8/site-packages/django_tagging-0.5.0-py3.8.egg-info/dependency_links.txt -> /home/abuild/rpmbuild/BUILDROOT/python-django-tagging-0.5.0-2.3.riscv64/usr/lib/python3.8/site-packages/django_tagging-0.5.0-py3.8.egg-info/not-zip-safe
[   81s] Linking /home/abuild/rpmbuild/BUILDROOT/python-django-tagging-0.5.0-2.3.riscv64/usr/lib/python3.8/site-packages/tagging/__pycache__/views.cpython-38.opt-1.pyc -> /home/abuild/rpmbuild/BUILDROOT/python-django-tagging-0.5.0-2.3.riscv64/usr/lib/python3.8/site-packages/tagging/__pycache__/views.cpython-38.pyc
[   81s] Linking /home/abuild/rpmbuild/BUILDROOT/python-django-tagging-0.5.0-2.3.riscv64/usr/lib/python3.8/site-packages/tagging/__pycache__/utils.cpython-38.opt-1.pyc -> /home/abuild/rpmbuild/BUILDROOT/python-django-tagging-0.5.0-2.3.riscv64/usr/lib/python3.8/site-packages/tagging/__pycache__/utils.cpython-38.pyc
[   81s] Linking /home/abuild/rpmbuild/BUILDROOT/python-django-tagging-0.5.0-2.3.riscv64/usr/lib/python3.8/site-packages/tagging/__pycache__/settings.cpython-38.opt-1.pyc -> /home/abuild/rpmbuild/BUILDROOT/python-django-tagging-0.5.0-2.3.riscv64/usr/lib/python3.8/site-packages/tagging/__pycache__/settings.cpython-38.pyc
[   81s] Linking /home/abuild/rpmbuild/BUILDROOT/python-django-tagging-0.5.0-2.3.riscv64/usr/lib/python3.8/site-packages/tagging/__pycache__/registry.cpython-38.opt-1.pyc -> /home/abuild/rpmbuild/BUILDROOT/python-django-tagging-0.5.0-2.3.riscv64/usr/lib/python3.8/site-packages/tagging/__pycache__/registry.cpython-38.pyc
[   81s] Linking /home/abuild/rpmbuild/BUILDROOT/python-django-tagging-0.5.0-2.3.riscv64/usr/lib/python3.8/site-packages/tagging/__pycache__/managers.cpython-38.opt-1.pyc -> /home/abuild/rpmbuild/BUILDROOT/python-django-tagging-0.5.0-2.3.riscv64/usr/lib/python3.8/site-packages/tagging/__pycache__/managers.cpython-38.pyc
[   81s] Linking /home/abuild/rpmbuild/BUILDROOT/python-django-tagging-0.5.0-2.3.riscv64/usr/lib/python3.8/site-packages/tagging/__pycache__/generic.cpython-38.opt-1.pyc -> /home/abuild/rpmbuild/BUILDROOT/python-django-tagging-0.5.0-2.3.riscv64/usr/lib/python3.8/site-packages/tagging/__pycache__/generic.cpython-38.pyc
[   81s] Linking /home/abuild/rpmbuild/BUILDROOT/python-django-tagging-0.5.0-2.3.riscv64/usr/lib/python3.8/site-packages/tagging/__pycache__/admin.cpython-38.opt-1.pyc -> /home/abuild/rpmbuild/BUILDROOT/python-django-tagging-0.5.0-2.3.riscv64/usr/lib/python3.8/site-packages/tagging/__pycache__/admin.cpython-38.pyc
[   81s] Linking /home/abuild/rpmbuild/BUILDROOT/python-django-tagging-0.5.0-2.3.riscv64/usr/lib/python3.8/site-packages/tagging/tests/__pycache__/utils.cpython-38.opt-1.pyc -> /home/abuild/rpmbuild/BUILDROOT/python-django-tagging-0.5.0-2.3.riscv64/usr/lib/python3.8/site-packages/tagging/tests/__pycache__/utils.cpython-38.pyc
[   81s] Linking /home/abuild/rpmbuild/BUILDROOT/python-django-tagging-0.5.0-2.3.riscv64/usr/lib/python3.8/site-packages/tagging/tests/__pycache__/urls.cpython-38.opt-1.pyc -> /home/abuild/rpmbuild/BUILDROOT/python-django-tagging-0.5.0-2.3.riscv64/usr/lib/python3.8/site-packages/tagging/tests/__pycache__/urls.cpython-38.pyc
[   81s] Linking /home/abuild/rpmbuild/BUILDROOT/python-django-tagging-0.5.0-2.3.riscv64/usr/lib/python3.8/site-packages/tagging/tests/__pycache__/models.cpython-38.opt-1.pyc -> /home/abuild/rpmbuild/BUILDROOT/python-django-tagging-0.5.0-2.3.riscv64/usr/lib/python3.8/site-packages/tagging/tests/__pycache__/models.cpython-38.pyc
[   81s] Linking /home/abuild/rpmbuild/BUILDROOT/python-django-tagging-0.5.0-2.3.riscv64/usr/lib/python3.8/site-packages/tagging/tests/__pycache__/__init__.cpython-38.opt-1.pyc -> /home/abuild/rpmbuild/BUILDROOT/python-django-tagging-0.5.0-2.3.riscv64/usr/lib/python3.8/site-packages/tagging/tests/__pycache__/__init__.cpython-38.pyc
[   81s] Linking /home/abuild/rpmbuild/BUILDROOT/python-django-tagging-0.5.0-2.3.riscv64/usr/lib/python3.8/site-packages/tagging/templatetags/__pycache__/__init__.cpython-38.opt-1.pyc -> /home/abuild/rpmbuild/BUILDROOT/python-django-tagging-0.5.0-2.3.riscv64/usr/lib/python3.8/site-packages/tagging/templatetags/__pycache__/__init__.cpython-38.pyc
[   81s] Linking /home/abuild/rpmbuild/BUILDROOT/python-django-tagging-0.5.0-2.3.riscv64/usr/lib/python3.8/site-packages/tagging/templatetags/__pycache__/tagging_tags.cpython-38.opt-1.pyc -> /home/abuild/rpmbuild/BUILDROOT/python-django-tagging-0.5.0-2.3.riscv64/usr/lib/python3.8/site-packages/tagging/templatetags/__pycache__/tagging_tags.cpython-38.pyc
[   81s] Linking /home/abuild/rpmbuild/BUILDROOT/python-django-tagging-0.5.0-2.3.riscv64/usr/lib/python3.8/site-packages/tagging/migrations/__pycache__/__init__.cpython-38.opt-1.pyc -> /home/abuild/rpmbuild/BUILDROOT/python-django-tagging-0.5.0-2.3.riscv64/usr/lib/python3.8/site-packages/tagging/migrations/__pycache__/__init__.cpython-38.pyc
[   81s] Linking /home/abuild/rpmbuild/BUILDROOT/python-django-tagging-0.5.0-2.3.riscv64/usr/lib/python3.8/site-packages/tagging/migrations/__pycache__/0001_initial.cpython-38.opt-1.pyc -> /home/abuild/rpmbuild/BUILDROOT/python-django-tagging-0.5.0-2.3.riscv64/usr/lib/python3.8/site-packages/tagging/migrations/__pycache__/0001_initial.cpython-38.pyc
[   81s] ++ '[' -f _current_flavor ']'
[   81s] ++ cat _current_flavor
[   81s] + last_flavor=python38
[   81s] + '[' -z python38 ']'
[   81s] + '[' python38 '!=' python39 ']'
[   81s] + '[' -d build ']'
[   81s] + mv build _build.python38
[   82s] + '[' -d _build.python39 ']'
[   82s] + mv _build.python39 build
[   82s] + echo python39
[   82s] + python_flavor=python39
[   82s] + /usr/lib/rpm/fdupes_wrapper /home/abuild/rpmbuild/BUILDROOT/python-django-tagging-0.5.0-2.3.riscv64/usr/lib/python3.9/site-packages
[   82s] Linking /home/abuild/rpmbuild/BUILDROOT/python-django-tagging-0.5.0-2.3.riscv64/usr/lib/python3.9/site-packages/django_tagging-0.5.0-py3.9.egg-info/dependency_links.txt -> /home/abuild/rpmbuild/BUILDROOT/python-django-tagging-0.5.0-2.3.riscv64/usr/lib/python3.9/site-packages/django_tagging-0.5.0-py3.9.egg-info/not-zip-safe
[   82s] Linking /home/abuild/rpmbuild/BUILDROOT/python-django-tagging-0.5.0-2.3.riscv64/usr/lib/python3.9/site-packages/tagging/__pycache__/views.cpython-39.opt-1.pyc -> /home/abuild/rpmbuild/BUILDROOT/python-django-tagging-0.5.0-2.3.riscv64/usr/lib/python3.9/site-packages/tagging/__pycache__/views.cpython-39.pyc
[   82s] Linking /home/abuild/rpmbuild/BUILDROOT/python-django-tagging-0.5.0-2.3.riscv64/usr/lib/python3.9/site-packages/tagging/__pycache__/utils.cpython-39.opt-1.pyc -> /home/abuild/rpmbuild/BUILDROOT/python-django-tagging-0.5.0-2.3.riscv64/usr/lib/python3.9/site-packages/tagging/__pycache__/utils.cpython-39.pyc
[   82s] Linking /home/abuild/rpmbuild/BUILDROOT/python-django-tagging-0.5.0-2.3.riscv64/usr/lib/python3.9/site-packages/tagging/__pycache__/settings.cpython-39.opt-1.pyc -> /home/abuild/rpmbuild/BUILDROOT/python-django-tagging-0.5.0-2.3.riscv64/usr/lib/python3.9/site-packages/tagging/__pycache__/settings.cpython-39.pyc
[   82s] Linking /home/abuild/rpmbuild/BUILDROOT/python-django-tagging-0.5.0-2.3.riscv64/usr/lib/python3.9/site-packages/tagging/__pycache__/registry.cpython-39.opt-1.pyc -> /home/abuild/rpmbuild/BUILDROOT/python-django-tagging-0.5.0-2.3.riscv64/usr/lib/python3.9/site-packages/tagging/__pycache__/registry.cpython-39.pyc
[   82s] Linking /home/abuild/rpmbuild/BUILDROOT/python-django-tagging-0.5.0-2.3.riscv64/usr/lib/python3.9/site-packages/tagging/__pycache__/managers.cpython-39.opt-1.pyc -> /home/abuild/rpmbuild/BUILDROOT/python-django-tagging-0.5.0-2.3.riscv64/usr/lib/python3.9/site-packages/tagging/__pycache__/managers.cpython-39.pyc
[   82s] Linking /home/abuild/rpmbuild/BUILDROOT/python-django-tagging-0.5.0-2.3.riscv64/usr/lib/python3.9/site-packages/tagging/__pycache__/generic.cpython-39.opt-1.pyc -> /home/abuild/rpmbuild/BUILDROOT/python-django-tagging-0.5.0-2.3.riscv64/usr/lib/python3.9/site-packages/tagging/__pycache__/generic.cpython-39.pyc
[   82s] Linking /home/abuild/rpmbuild/BUILDROOT/python-django-tagging-0.5.0-2.3.riscv64/usr/lib/python3.9/site-packages/tagging/__pycache__/admin.cpython-39.opt-1.pyc -> /home/abuild/rpmbuild/BUILDROOT/python-django-tagging-0.5.0-2.3.riscv64/usr/lib/python3.9/site-packages/tagging/__pycache__/admin.cpython-39.pyc
[   82s] Linking /home/abuild/rpmbuild/BUILDROOT/python-django-tagging-0.5.0-2.3.riscv64/usr/lib/python3.9/site-packages/tagging/tests/__pycache__/utils.cpython-39.opt-1.pyc -> /home/abuild/rpmbuild/BUILDROOT/python-django-tagging-0.5.0-2.3.riscv64/usr/lib/python3.9/site-packages/tagging/tests/__pycache__/utils.cpython-39.pyc
[   82s] Linking /home/abuild/rpmbuild/BUILDROOT/python-django-tagging-0.5.0-2.3.riscv64/usr/lib/python3.9/site-packages/tagging/tests/__pycache__/urls.cpython-39.opt-1.pyc -> /home/abuild/rpmbuild/BUILDROOT/python-django-tagging-0.5.0-2.3.riscv64/usr/lib/python3.9/site-packages/tagging/tests/__pycache__/urls.cpython-39.pyc
[   82s] Linking /home/abuild/rpmbuild/BUILDROOT/python-django-tagging-0.5.0-2.3.riscv64/usr/lib/python3.9/site-packages/tagging/tests/__pycache__/settings.cpython-39.opt-1.pyc -> /home/abuild/rpmbuild/BUILDROOT/python-django-tagging-0.5.0-2.3.riscv64/usr/lib/python3.9/site-packages/tagging/tests/__pycache__/settings.cpython-39.pyc
[   82s] Linking /home/abuild/rpmbuild/BUILDROOT/python-django-tagging-0.5.0-2.3.riscv64/usr/lib/python3.9/site-packages/tagging/tests/__pycache__/models.cpython-39.opt-1.pyc -> /home/abuild/rpmbuild/BUILDROOT/python-django-tagging-0.5.0-2.3.riscv64/usr/lib/python3.9/site-packages/tagging/tests/__pycache__/models.cpython-39.pyc
[   82s] Linking /home/abuild/rpmbuild/BUILDROOT/python-django-tagging-0.5.0-2.3.riscv64/usr/lib/python3.9/site-packages/tagging/tests/__pycache__/__init__.cpython-39.opt-1.pyc -> /home/abuild/rpmbuild/BUILDROOT/python-django-tagging-0.5.0-2.3.riscv64/usr/lib/python3.9/site-packages/tagging/tests/__pycache__/__init__.cpython-39.pyc
[   82s] Linking /home/abuild/rpmbuild/BUILDROOT/python-django-tagging-0.5.0-2.3.riscv64/usr/lib/python3.9/site-packages/tagging/templatetags/__pycache__/__init__.cpython-39.opt-1.pyc -> /home/abuild/rpmbuild/BUILDROOT/python-django-tagging-0.5.0-2.3.riscv64/usr/lib/python3.9/site-packages/tagging/templatetags/__pycache__/__init__.cpython-39.pyc
[   82s] Linking /home/abuild/rpmbuild/BUILDROOT/python-django-tagging-0.5.0-2.3.riscv64/usr/lib/python3.9/site-packages/tagging/templatetags/__pycache__/tagging_tags.cpython-39.opt-1.pyc -> /home/abuild/rpmbuild/BUILDROOT/python-django-tagging-0.5.0-2.3.riscv64/usr/lib/python3.9/site-packages/tagging/templatetags/__pycache__/tagging_tags.cpython-39.pyc
[   82s] Linking /home/abuild/rpmbuild/BUILDROOT/python-django-tagging-0.5.0-2.3.riscv64/usr/lib/python3.9/site-packages/tagging/migrations/__pycache__/__init__.cpython-39.opt-1.pyc -> /home/abuild/rpmbuild/BUILDROOT/python-django-tagging-0.5.0-2.3.riscv64/usr/lib/python3.9/site-packages/tagging/migrations/__pycache__/__init__.cpython-39.pyc
[   82s] Linking /home/abuild/rpmbuild/BUILDROOT/python-django-tagging-0.5.0-2.3.riscv64/usr/lib/python3.9/site-packages/tagging/migrations/__pycache__/0001_initial.cpython-39.opt-1.pyc -> /home/abuild/rpmbuild/BUILDROOT/python-django-tagging-0.5.0-2.3.riscv64/usr/lib/python3.9/site-packages/tagging/migrations/__pycache__/0001_initial.cpython-39.pyc
[   82s] ++ '[' -f _current_flavor ']'
[   82s] ++ cat _current_flavor
[   82s] + last_flavor=python39
[   82s] + '[' -z python39 ']'
[   82s] + '[' python39 '!=' python311 ']'
[   82s] + '[' -d build ']'
[   82s] + mv build _build.python39
[   82s] + '[' -d _build.python311 ']'
[   82s] + mv _build.python311 build
[   82s] + echo python311
[   82s] + python_flavor=python311
[   82s] + /usr/lib/rpm/fdupes_wrapper /home/abuild/rpmbuild/BUILDROOT/python-django-tagging-0.5.0-2.3.riscv64/usr/lib/python3.11/site-packages
[   82s] Linking /home/abuild/rpmbuild/BUILDROOT/python-django-tagging-0.5.0-2.3.riscv64/usr/lib/python3.11/site-packages/django_tagging-0.5.0-py3.11.egg-info/dependency_links.txt -> /home/abuild/rpmbuild/BUILDROOT/python-django-tagging-0.5.0-2.3.riscv64/usr/lib/python3.11/site-packages/django_tagging-0.5.0-py3.11.egg-info/not-zip-safe
[   82s] Linking /home/abuild/rpmbuild/BUILDROOT/python-django-tagging-0.5.0-2.3.riscv64/usr/lib/python3.11/site-packages/tagging/__pycache__/views.cpython-311.opt-1.pyc -> /home/abuild/rpmbuild/BUILDROOT/python-django-tagging-0.5.0-2.3.riscv64/usr/lib/python3.11/site-packages/tagging/__pycache__/views.cpython-311.pyc
[   82s] Linking /home/abuild/rpmbuild/BUILDROOT/python-django-tagging-0.5.0-2.3.riscv64/usr/lib/python3.11/site-packages/tagging/__pycache__/utils.cpython-311.opt-1.pyc -> /home/abuild/rpmbuild/BUILDROOT/python-django-tagging-0.5.0-2.3.riscv64/usr/lib/python3.11/site-packages/tagging/__pycache__/utils.cpython-311.pyc
[   82s] Linking /home/abuild/rpmbuild/BUILDROOT/python-django-tagging-0.5.0-2.3.riscv64/usr/lib/python3.11/site-packages/tagging/__pycache__/settings.cpython-311.opt-1.pyc -> /home/abuild/rpmbuild/BUILDROOT/python-django-tagging-0.5.0-2.3.riscv64/usr/lib/python3.11/site-packages/tagging/__pycache__/settings.cpython-311.pyc
[   82s] Linking /home/abuild/rpmbuild/BUILDROOT/python-django-tagging-0.5.0-2.3.riscv64/usr/lib/python3.11/site-packages/tagging/__pycache__/registry.cpython-311.opt-1.pyc -> /home/abuild/rpmbuild/BUILDROOT/python-django-tagging-0.5.0-2.3.riscv64/usr/lib/python3.11/site-packages/tagging/__pycache__/registry.cpython-311.pyc
[   82s] Linking /home/abuild/rpmbuild/BUILDROOT/python-django-tagging-0.5.0-2.3.riscv64/usr/lib/python3.11/site-packages/tagging/__pycache__/models.cpython-311.opt-1.pyc -> /home/abuild/rpmbuild/BUILDROOT/python-django-tagging-0.5.0-2.3.riscv64/usr/lib/python3.11/site-packages/tagging/__pycache__/models.cpython-311.pyc
[   82s] Linking /home/abuild/rpmbuild/BUILDROOT/python-django-tagging-0.5.0-2.3.riscv64/usr/lib/python3.11/site-packages/tagging/__pycache__/managers.cpython-311.opt-1.pyc -> /home/abuild/rpmbuild/BUILDROOT/python-django-tagging-0.5.0-2.3.riscv64/usr/lib/python3.11/site-packages/tagging/__pycache__/managers.cpython-311.pyc
[   82s] Linking /home/abuild/rpmbuild/BUILDROOT/python-django-tagging-0.5.0-2.3.riscv64/usr/lib/python3.11/site-packages/tagging/__pycache__/generic.cpython-311.opt-1.pyc -> /home/abuild/rpmbuild/BUILDROOT/python-django-tagging-0.5.0-2.3.riscv64/usr/lib/python3.11/site-packages/tagging/__pycache__/generic.cpython-311.pyc
[   82s] Linking /home/abuild/rpmbuild/BUILDROOT/python-django-tagging-0.5.0-2.3.riscv64/usr/lib/python3.11/site-packages/tagging/__pycache__/forms.cpython-311.opt-1.pyc -> /home/abuild/rpmbuild/BUILDROOT/python-django-tagging-0.5.0-2.3.riscv64/usr/lib/python3.11/site-packages/tagging/__pycache__/forms.cpython-311.pyc
[   82s] Linking /home/abuild/rpmbuild/BUILDROOT/python-django-tagging-0.5.0-2.3.riscv64/usr/lib/python3.11/site-packages/tagging/__pycache__/fields.cpython-311.opt-1.pyc -> /home/abuild/rpmbuild/BUILDROOT/python-django-tagging-0.5.0-2.3.riscv64/usr/lib/python3.11/site-packages/tagging/__pycache__/fields.cpython-311.pyc
[   82s] Linking /home/abuild/rpmbuild/BUILDROOT/python-django-tagging-0.5.0-2.3.riscv64/usr/lib/python3.11/site-packages/tagging/__pycache__/apps.cpython-311.opt-1.pyc -> /home/abuild/rpmbuild/BUILDROOT/python-django-tagging-0.5.0-2.3.riscv64/usr/lib/python3.11/site-packages/tagging/__pycache__/apps.cpython-311.pyc
[   82s] Linking /home/abuild/rpmbuild/BUILDROOT/python-django-tagging-0.5.0-2.3.riscv64/usr/lib/python3.11/site-packages/tagging/__pycache__/admin.cpython-311.opt-1.pyc -> /home/abuild/rpmbuild/BUILDROOT/python-django-tagging-0.5.0-2.3.riscv64/usr/lib/python3.11/site-packages/tagging/__pycache__/admin.cpython-311.pyc
[   82s] Linking /home/abuild/rpmbuild/BUILDROOT/python-django-tagging-0.5.0-2.3.riscv64/usr/lib/python3.11/site-packages/tagging/__pycache__/__init__.cpython-311.opt-1.pyc -> /home/abuild/rpmbuild/BUILDROOT/python-django-tagging-0.5.0-2.3.riscv64/usr/lib/python3.11/site-packages/tagging/__pycache__/__init__.cpython-311.pyc
[   82s] Linking /home/abuild/rpmbuild/BUILDROOT/python-django-tagging-0.5.0-2.3.riscv64/usr/lib/python3.11/site-packages/tagging/tests/__pycache__/utils.cpython-311.opt-1.pyc -> /home/abuild/rpmbuild/BUILDROOT/python-django-tagging-0.5.0-2.3.riscv64/usr/lib/python3.11/site-packages/tagging/tests/__pycache__/utils.cpython-311.pyc
[   82s] Linking /home/abuild/rpmbuild/BUILDROOT/python-django-tagging-0.5.0-2.3.riscv64/usr/lib/python3.11/site-packages/tagging/tests/__pycache__/urls.cpython-311.opt-1.pyc -> /home/abuild/rpmbuild/BUILDROOT/python-django-tagging-0.5.0-2.3.riscv64/usr/lib/python3.11/site-packages/tagging/tests/__pycache__/urls.cpython-311.pyc
[   82s] Linking /home/abuild/rpmbuild/BUILDROOT/python-django-tagging-0.5.0-2.3.riscv64/usr/lib/python3.11/site-packages/tagging/tests/__pycache__/tests.cpython-311.opt-1.pyc -> /home/abuild/rpmbuild/BUILDROOT/python-django-tagging-0.5.0-2.3.riscv64/usr/lib/python3.11/site-packages/tagging/tests/__pycache__/tests.cpython-311.pyc
[   82s] Linking /home/abuild/rpmbuild/BUILDROOT/python-django-tagging-0.5.0-2.3.riscv64/usr/lib/python3.11/site-packages/tagging/tests/__pycache__/settings.cpython-311.opt-1.pyc -> /home/abuild/rpmbuild/BUILDROOT/python-django-tagging-0.5.0-2.3.riscv64/usr/lib/python3.11/site-packages/tagging/tests/__pycache__/settings.cpython-311.pyc
[   82s] Linking /home/abuild/rpmbuild/BUILDROOT/python-django-tagging-0.5.0-2.3.riscv64/usr/lib/python3.11/site-packages/tagging/tests/__pycache__/models.cpython-311.opt-1.pyc -> /home/abuild/rpmbuild/BUILDROOT/python-django-tagging-0.5.0-2.3.riscv64/usr/lib/python3.11/site-packages/tagging/tests/__pycache__/models.cpython-311.pyc
[   82s] Linking /home/abuild/rpmbuild/BUILDROOT/python-django-tagging-0.5.0-2.3.riscv64/usr/lib/python3.11/site-packages/tagging/tests/__pycache__/__init__.cpython-311.opt-1.pyc -> /home/abuild/rpmbuild/BUILDROOT/python-django-tagging-0.5.0-2.3.riscv64/usr/lib/python3.11/site-packages/tagging/tests/__pycache__/__init__.cpython-311.pyc
[   82s] Linking /home/abuild/rpmbuild/BUILDROOT/python-django-tagging-0.5.0-2.3.riscv64/usr/lib/python3.11/site-packages/tagging/templatetags/__pycache__/__init__.cpython-311.opt-1.pyc -> /home/abuild/rpmbuild/BUILDROOT/python-django-tagging-0.5.0-2.3.riscv64/usr/lib/python3.11/site-packages/tagging/templatetags/__pycache__/__init__.cpython-311.pyc
[   82s] Linking /home/abuild/rpmbuild/BUILDROOT/python-django-tagging-0.5.0-2.3.riscv64/usr/lib/python3.11/site-packages/tagging/templatetags/__pycache__/tagging_tags.cpython-311.opt-1.pyc -> /home/abuild/rpmbuild/BUILDROOT/python-django-tagging-0.5.0-2.3.riscv64/usr/lib/python3.11/site-packages/tagging/templatetags/__pycache__/tagging_tags.cpython-311.pyc
[   82s] Linking /home/abuild/rpmbuild/BUILDROOT/python-django-tagging-0.5.0-2.3.riscv64/usr/lib/python3.11/site-packages/tagging/migrations/__pycache__/__init__.cpython-311.opt-1.pyc -> /home/abuild/rpmbuild/BUILDROOT/python-django-tagging-0.5.0-2.3.riscv64/usr/lib/python3.11/site-packages/tagging/migrations/__pycache__/__init__.cpython-311.pyc
[   82s] Linking /home/abuild/rpmbuild/BUILDROOT/python-django-tagging-0.5.0-2.3.riscv64/usr/lib/python3.11/site-packages/tagging/migrations/__pycache__/0002_on_delete.cpython-311.opt-1.pyc -> /home/abuild/rpmbuild/BUILDROOT/python-django-tagging-0.5.0-2.3.riscv64/usr/lib/python3.11/site-packages/tagging/migrations/__pycache__/0002_on_delete.cpython-311.pyc
[   82s] Linking /home/abuild/rpmbuild/BUILDROOT/python-django-tagging-0.5.0-2.3.riscv64/usr/lib/python3.11/site-packages/tagging/migrations/__pycache__/0001_initial.cpython-311.opt-1.pyc -> /home/abuild/rpmbuild/BUILDROOT/python-django-tagging-0.5.0-2.3.riscv64/usr/lib/python3.11/site-packages/tagging/migrations/__pycache__/0001_initial.cpython-311.pyc
[   82s] Linking /home/abuild/rpmbuild/BUILDROOT/python-django-tagging-0.5.0-2.3.riscv64/usr/lib/python3.11/site-packages/tagging/migrations/__pycache__/0003_adapt_max_tag_length.cpython-311.opt-1.pyc -> /home/abuild/rpmbuild/BUILDROOT/python-django-tagging-0.5.0-2.3.riscv64/usr/lib/python3.11/site-packages/tagging/migrations/__pycache__/0003_adapt_max_tag_length.cpython-311.pyc
[   82s] ++ '[' -f _current_flavor ']'
[   82s] ++ cat _current_flavor
[   82s] + last_flavor=python311
[   82s] + '[' -z python311 ']'
[   82s] + '[' python311 '!=' python310 ']'
[   82s] + '[' -d build ']'
[   82s] + mv build _build.python311
[   82s] + '[' -d _build.python310 ']'
[   82s] + mv _build.python310 build
[   82s] + echo python310
[   82s] + python_flavor=python310
[   82s] + /usr/lib/rpm/fdupes_wrapper /home/abuild/rpmbuild/BUILDROOT/python-django-tagging-0.5.0-2.3.riscv64/usr/lib/python3.10/site-packages
[   82s] Linking /home/abuild/rpmbuild/BUILDROOT/python-django-tagging-0.5.0-2.3.riscv64/usr/lib/python3.10/site-packages/django_tagging-0.5.0-py3.10.egg-info/dependency_links.txt -> /home/abuild/rpmbuild/BUILDROOT/python-django-tagging-0.5.0-2.3.riscv64/usr/lib/python3.10/site-packages/django_tagging-0.5.0-py3.10.egg-info/not-zip-safe
[   82s] Linking /home/abuild/rpmbuild/BUILDROOT/python-django-tagging-0.5.0-2.3.riscv64/usr/lib/python3.10/site-packages/tagging/__pycache__/views.cpython-310.opt-1.pyc -> /home/abuild/rpmbuild/BUILDROOT/python-django-tagging-0.5.0-2.3.riscv64/usr/lib/python3.10/site-packages/tagging/__pycache__/views.cpython-310.pyc
[   82s] Linking /home/abuild/rpmbuild/BUILDROOT/python-django-tagging-0.5.0-2.3.riscv64/usr/lib/python3.10/site-packages/tagging/__pycache__/utils.cpython-310.opt-1.pyc -> /home/abuild/rpmbuild/BUILDROOT/python-django-tagging-0.5.0-2.3.riscv64/usr/lib/python3.10/site-packages/tagging/__pycache__/utils.cpython-310.pyc
[   82s] Linking /home/abuild/rpmbuild/BUILDROOT/python-django-tagging-0.5.0-2.3.riscv64/usr/lib/python3.10/site-packages/tagging/__pycache__/settings.cpython-310.opt-1.pyc -> /home/abuild/rpmbuild/BUILDROOT/python-django-tagging-0.5.0-2.3.riscv64/usr/lib/python3.10/site-packages/tagging/__pycache__/settings.cpython-310.pyc
[   82s] Linking /home/abuild/rpmbuild/BUILDROOT/python-django-tagging-0.5.0-2.3.riscv64/usr/lib/python3.10/site-packages/tagging/__pycache__/registry.cpython-310.opt-1.pyc -> /home/abuild/rpmbuild/BUILDROOT/python-django-tagging-0.5.0-2.3.riscv64/usr/lib/python3.10/site-packages/tagging/__pycache__/registry.cpython-310.pyc
[   82s] Linking /home/abuild/rpmbuild/BUILDROOT/python-django-tagging-0.5.0-2.3.riscv64/usr/lib/python3.10/site-packages/tagging/__pycache__/managers.cpython-310.opt-1.pyc -> /home/abuild/rpmbuild/BUILDROOT/python-django-tagging-0.5.0-2.3.riscv64/usr/lib/python3.10/site-packages/tagging/__pycache__/managers.cpython-310.pyc
[   82s] Linking /home/abuild/rpmbuild/BUILDROOT/python-django-tagging-0.5.0-2.3.riscv64/usr/lib/python3.10/site-packages/tagging/__pycache__/generic.cpython-310.opt-1.pyc -> /home/abuild/rpmbuild/BUILDROOT/python-django-tagging-0.5.0-2.3.riscv64/usr/lib/python3.10/site-packages/tagging/__pycache__/generic.cpython-310.pyc
[   82s] Linking /home/abuild/rpmbuild/BUILDROOT/python-django-tagging-0.5.0-2.3.riscv64/usr/lib/python3.10/site-packages/tagging/__pycache__/admin.cpython-310.opt-1.pyc -> /home/abuild/rpmbuild/BUILDROOT/python-django-tagging-0.5.0-2.3.riscv64/usr/lib/python3.10/site-packages/tagging/__pycache__/admin.cpython-310.pyc
[   82s] Linking /home/abuild/rpmbuild/BUILDROOT/python-django-tagging-0.5.0-2.3.riscv64/usr/lib/python3.10/site-packages/tagging/tests/__pycache__/utils.cpython-310.opt-1.pyc -> /home/abuild/rpmbuild/BUILDROOT/python-django-tagging-0.5.0-2.3.riscv64/usr/lib/python3.10/site-packages/tagging/tests/__pycache__/utils.cpython-310.pyc
[   82s] Linking /home/abuild/rpmbuild/BUILDROOT/python-django-tagging-0.5.0-2.3.riscv64/usr/lib/python3.10/site-packages/tagging/tests/__pycache__/urls.cpython-310.opt-1.pyc -> /home/abuild/rpmbuild/BUILDROOT/python-django-tagging-0.5.0-2.3.riscv64/usr/lib/python3.10/site-packages/tagging/tests/__pycache__/urls.cpython-310.pyc
[   82s] Linking /home/abuild/rpmbuild/BUILDROOT/python-django-tagging-0.5.0-2.3.riscv64/usr/lib/python3.10/site-packages/tagging/tests/__pycache__/settings.cpython-310.opt-1.pyc -> /home/abuild/rpmbuild/BUILDROOT/python-django-tagging-0.5.0-2.3.riscv64/usr/lib/python3.10/site-packages/tagging/tests/__pycache__/settings.cpython-310.pyc
[   82s] Linking /home/abuild/rpmbuild/BUILDROOT/python-django-tagging-0.5.0-2.3.riscv64/usr/lib/python3.10/site-packages/tagging/tests/__pycache__/models.cpython-310.opt-1.pyc -> /home/abuild/rpmbuild/BUILDROOT/python-django-tagging-0.5.0-2.3.riscv64/usr/lib/python3.10/site-packages/tagging/tests/__pycache__/models.cpython-310.pyc
[   82s] Linking /home/abuild/rpmbuild/BUILDROOT/python-django-tagging-0.5.0-2.3.riscv64/usr/lib/python3.10/site-packages/tagging/tests/__pycache__/__init__.cpython-310.opt-1.pyc -> /home/abuild/rpmbuild/BUILDROOT/python-django-tagging-0.5.0-2.3.riscv64/usr/lib/python3.10/site-packages/tagging/tests/__pycache__/__init__.cpython-310.pyc
[   82s] Linking /home/abuild/rpmbuild/BUILDROOT/python-django-tagging-0.5.0-2.3.riscv64/usr/lib/python3.10/site-packages/tagging/templatetags/__pycache__/__init__.cpython-310.opt-1.pyc -> /home/abuild/rpmbuild/BUILDROOT/python-django-tagging-0.5.0-2.3.riscv64/usr/lib/python3.10/site-packages/tagging/templatetags/__pycache__/__init__.cpython-310.pyc
[   82s] Linking /home/abuild/rpmbuild/BUILDROOT/python-django-tagging-0.5.0-2.3.riscv64/usr/lib/python3.10/site-packages/tagging/templatetags/__pycache__/tagging_tags.cpython-310.opt-1.pyc -> /home/abuild/rpmbuild/BUILDROOT/python-django-tagging-0.5.0-2.3.riscv64/usr/lib/python3.10/site-packages/tagging/templatetags/__pycache__/tagging_tags.cpython-310.pyc
[   82s] Linking /home/abuild/rpmbuild/BUILDROOT/python-django-tagging-0.5.0-2.3.riscv64/usr/lib/python3.10/site-packages/tagging/migrations/__pycache__/__init__.cpython-310.opt-1.pyc -> /home/abuild/rpmbuild/BUILDROOT/python-django-tagging-0.5.0-2.3.riscv64/usr/lib/python3.10/site-packages/tagging/migrations/__pycache__/__init__.cpython-310.pyc
[   82s] Linking /home/abuild/rpmbuild/BUILDROOT/python-django-tagging-0.5.0-2.3.riscv64/usr/lib/python3.10/site-packages/tagging/migrations/__pycache__/0001_initial.cpython-310.opt-1.pyc -> /home/abuild/rpmbuild/BUILDROOT/python-django-tagging-0.5.0-2.3.riscv64/usr/lib/python3.10/site-packages/tagging/migrations/__pycache__/0001_initial.cpython-310.pyc
[   82s] + /usr/lib/rpm/find-debuginfo -j16 -n --run-dwz --dwz-low-mem-die-limit 10000000 --dwz-max-die-limit 50000000 -S debugsourcefiles.list /home/abuild/rpmbuild/BUILD/django-tagging-0.5.0
[   82s] + /usr/lib/rpm/brp-compress
[   82s] + /usr/lib/rpm/brp-suse
[   83s] calling /usr/lib/rpm/brp-suse.d/brp-05-permissions
[   83s] calling /usr/lib/rpm/brp-suse.d/brp-15-strip-debug
[   83s] calling /usr/lib/rpm/brp-suse.d/brp-25-symlink
[   83s] calling /usr/lib/rpm/brp-suse.d/brp-50-generate-fips-hmac
[   83s] calling /usr/lib/rpm/brp-suse.d/brp-75-ar
[   83s] Executing(%check): /usr/bin/bash -e /var/tmp/rpm-tmp.7zHmnl
[   83s] + umask 022
[   83s] + cd /home/abuild/rpmbuild/BUILD
[   83s] + cd django-tagging-0.5.0
[   83s] ++ '[' -f _current_flavor ']'
[   83s] ++ cat _current_flavor
[   83s] + last_flavor=python310
[   83s] + '[' -z python310 ']'
[   83s] + '[' python310 '!=' python38 ']'
[   83s] + '[' -d build ']'
[   83s] + mv build _build.python310
[   83s] + '[' -d _build.python38 ']'
[   83s] + mv _build.python38 build
[   83s] + echo python38
[   83s] + python_flavor=python38
[   83s] ++ pwd
[   83s] + /usr/bin/django-admin-3.8 test --settings=tagging.tests.settings --pythonpath=/home/abuild/rpmbuild/BUILD/django-tagging-0.5.0
[   87s] Found 75 test(s).
[   87s] Creating test database for alias 'default'...
[   87s] System check identified some issues:
[   87s] 
[   87s] WARNINGS:
[   87s] tagging.Tag: (models.W042) Auto-created primary key used when not defining a primary key type, by default 'django.db.models.AutoField'.
[   87s] 	HINT: Configure the DEFAULT_AUTO_FIELD setting or the TaggingConfig.default_auto_field attribute to point to a subclass of AutoField, e.g. 'django.db.models.BigAutoField'.
[   87s] tagging.TaggedItem: (models.W042) Auto-created primary key used when not defining a primary key type, by default 'django.db.models.AutoField'.
[   87s] 	HINT: Configure the DEFAULT_AUTO_FIELD setting or the TaggingConfig.default_auto_field attribute to point to a subclass of AutoField, e.g. 'django.db.models.BigAutoField'.
[   87s] tests.Article: (models.W042) Auto-created primary key used when not defining a primary key type, by default 'django.db.models.AutoField'.
[   87s] 	HINT: Configure the DEFAULT_AUTO_FIELD setting or the AppConfig.default_auto_field attribute to point to a subclass of AutoField, e.g. 'django.db.models.BigAutoField'.
[   87s] tests.FormMultipleFieldTest: (models.W042) Auto-created primary key used when not defining a primary key type, by default 'django.db.models.AutoField'.
[   87s] 	HINT: Configure the DEFAULT_AUTO_FIELD setting or the AppConfig.default_auto_field attribute to point to a subclass of AutoField, e.g. 'django.db.models.BigAutoField'.
[   87s] tests.FormTest: (models.W042) Auto-created primary key used when not defining a primary key type, by default 'django.db.models.AutoField'.
[   87s] 	HINT: Configure the DEFAULT_AUTO_FIELD setting or the AppConfig.default_auto_field attribute to point to a subclass of AutoField, e.g. 'django.db.models.BigAutoField'.
[   87s] tests.FormTestNull: (models.W042) Auto-created primary key used when not defining a primary key type, by default 'django.db.models.AutoField'.
[   87s] 	HINT: Configure the DEFAULT_AUTO_FIELD setting or the AppConfig.default_auto_field attribute to point to a subclass of AutoField, e.g. 'django.db.models.BigAutoField'.
[   87s] tests.Link: (models.W042) Auto-created primary key used when not defining a primary key type, by default 'django.db.models.AutoField'.
[   87s] 	HINT: Configure the DEFAULT_AUTO_FIELD setting or the AppConfig.default_auto_field attribute to point to a subclass of AutoField, e.g. 'django.db.models.BigAutoField'.
[   87s] tests.Parrot: (models.W042) Auto-created primary key used when not defining a primary key type, by default 'django.db.models.AutoField'.
[   87s] 	HINT: Configure the DEFAULT_AUTO_FIELD setting or the AppConfig.default_auto_field attribute to point to a subclass of AutoField, e.g. 'django.db.models.BigAutoField'.
[   87s] tests.Perch: (models.W042) Auto-created primary key used when not defining a primary key type, by default 'django.db.models.AutoField'.
[   87s] 	HINT: Configure the DEFAULT_AUTO_FIELD setting or the AppConfig.default_auto_field attribute to point to a subclass of AutoField, e.g. 'django.db.models.BigAutoField'.
[   87s] 
[   87s] System check identified 9 issues (0 silenced).
[   91s] ...........................................................................
[   91s] ----------------------------------------------------------------------
[   91s] Ran 75 tests in 4.299s
[   91s] 
[   91s] OK
[   91s] Destroying test database for alias 'default'...
[   91s] ++ '[' -f _current_flavor ']'
[   91s] ++ cat _current_flavor
[   91s] + last_flavor=python38
[   91s] + '[' -z python38 ']'
[   91s] + '[' python38 '!=' python39 ']'
[   91s] + '[' -d build ']'
[   91s] + mv build _build.python38
[   91s] + '[' -d _build.python39 ']'
[   91s] + mv _build.python39 build
[   91s] + echo python39
[   91s] + python_flavor=python39
[   91s] ++ pwd
[   91s] + /usr/bin/django-admin-3.9 test --settings=tagging.tests.settings --pythonpath=/home/abuild/rpmbuild/BUILD/django-tagging-0.5.0
[   93s] Creating test database for alias 'default'...
[   95s] Found 75 test(s).
[   95s] System check identified some issues:
[   95s] 
[   95s] WARNINGS:
[   95s] tagging.Tag: (models.W042) Auto-created primary key used when not defining a primary key type, by default 'django.db.models.AutoField'.
[   95s] 	HINT: Configure the DEFAULT_AUTO_FIELD setting or the TaggingConfig.default_auto_field attribute to point to a subclass of AutoField, e.g. 'django.db.models.BigAutoField'.
[   95s] tagging.TaggedItem: (models.W042) Auto-created primary key used when not defining a primary key type, by default 'django.db.models.AutoField'.
[   95s] 	HINT: Configure the DEFAULT_AUTO_FIELD setting or the TaggingConfig.default_auto_field attribute to point to a subclass of AutoField, e.g. 'django.db.models.BigAutoField'.
[   95s] tests.Article: (models.W042) Auto-created primary key used when not defining a primary key type, by default 'django.db.models.AutoField'.
[   95s] 	HINT: Configure the DEFAULT_AUTO_FIELD setting or the AppConfig.default_auto_field attribute to point to a subclass of AutoField, e.g. 'django.db.models.BigAutoField'.
[   95s] tests.FormMultipleFieldTest: (models.W042) Auto-created primary key used when not defining a primary key type, by default 'django.db.models.AutoField'.
[   95s] 	HINT: Configure the DEFAULT_AUTO_FIELD setting or the AppConfig.default_auto_field attribute to point to a subclass of AutoField, e.g. 'django.db.models.BigAutoField'.
[   95s] tests.FormTest: (models.W042) Auto-created primary key used when not defining a primary key type, by default 'django.db.models.AutoField'.
[   95s] 	HINT: Configure the DEFAULT_AUTO_FIELD setting or the AppConfig.default_auto_field attribute to point to a subclass of AutoField, e.g. 'django.db.models.BigAutoField'.
[   95s] tests.FormTestNull: (models.W042) Auto-created primary key used when not defining a primary key type, by default 'django.db.models.AutoField'.
[   95s] 	HINT: Configure the DEFAULT_AUTO_FIELD setting or the AppConfig.default_auto_field attribute to point to a subclass of AutoField, e.g. 'django.db.models.BigAutoField'.
[   95s] tests.Link: (models.W042) Auto-created primary key used when not defining a primary key type, by default 'django.db.models.AutoField'.
[   95s] 	HINT: Configure the DEFAULT_AUTO_FIELD setting or the AppConfig.default_auto_field attribute to point to a subclass of AutoField, e.g. 'django.db.models.BigAutoField'.
[   95s] tests.Parrot: (models.W042) Auto-created primary key used when not defining a primary key type, by default 'django.db.models.AutoField'.
[   95s] 	HINT: Configure the DEFAULT_AUTO_FIELD setting or the AppConfig.default_auto_field attribute to point to a subclass of AutoField, e.g. 'django.db.models.BigAutoField'.
[   95s] tests.Perch: (models.W042) Auto-created primary key used when not defining a primary key type, by default 'django.db.models.AutoField'.
[   95s] 	HINT: Configure the DEFAULT_AUTO_FIELD setting or the AppConfig.default_auto_field attribute to point to a subclass of AutoField, e.g. 'django.db.models.BigAutoField'.
[   95s] 
[   95s] System check identified 9 issues (0 silenced).
[   99s] ...........................................................................
[   99s] ----------------------------------------------------------------------
[   99s] Ran 75 tests in 4.230s
[   99s] 
[   99s] OK
[   99s] Destroying test database for alias 'default'...
[   99s] ++ '[' -f _current_flavor ']'
[   99s] ++ cat _current_flavor
[   99s] + last_flavor=python39
[   99s] + '[' -z python39 ']'
[   99s] + '[' python39 '!=' python311 ']'
[   99s] + '[' -d build ']'
[   99s] + mv build _build.python39
[   99s] + '[' -d _build.python311 ']'
[   99s] + mv _build.python311 build
[   99s] + echo python311
[   99s] + python_flavor=python311
[   99s] ++ pwd
[   99s] + /usr/bin/django-admin-3.11 test --settings=tagging.tests.settings --pythonpath=/home/abuild/rpmbuild/BUILD/django-tagging-0.5.0
[  101s] Creating test database for alias 'default'...
[  102s] Found 75 test(s).
[  103s] System check identified some issues:
[  103s] 
[  103s] WARNINGS:
[  103s] tagging.Tag: (models.W042) Auto-created primary key used when not defining a primary key type, by default 'django.db.models.AutoField'.
[  103s] 	HINT: Configure the DEFAULT_AUTO_FIELD setting or the TaggingConfig.default_auto_field attribute to point to a subclass of AutoField, e.g. 'django.db.models.BigAutoField'.
[  103s] tagging.TaggedItem: (models.W042) Auto-created primary key used when not defining a primary key type, by default 'django.db.models.AutoField'.
[  103s] 	HINT: Configure the DEFAULT_AUTO_FIELD setting or the TaggingConfig.default_auto_field attribute to point to a subclass of AutoField, e.g. 'django.db.models.BigAutoField'.
[  103s] tests.Article: (models.W042) Auto-created primary key used when not defining a primary key type, by default 'django.db.models.AutoField'.
[  103s] 	HINT: Configure the DEFAULT_AUTO_FIELD setting or the AppConfig.default_auto_field attribute to point to a subclass of AutoField, e.g. 'django.db.models.BigAutoField'.
[  103s] tests.FormMultipleFieldTest: (models.W042) Auto-created primary key used when not defining a primary key type, by default 'django.db.models.AutoField'.
[  103s] 	HINT: Configure the DEFAULT_AUTO_FIELD setting or the AppConfig.default_auto_field attribute to point to a subclass of AutoField, e.g. 'django.db.models.BigAutoField'.
[  103s] tests.FormTest: (models.W042) Auto-created primary key used when not defining a primary key type, by default 'django.db.models.AutoField'.
[  103s] 	HINT: Configure the DEFAULT_AUTO_FIELD setting or the AppConfig.default_auto_field attribute to point to a subclass of AutoField, e.g. 'django.db.models.BigAutoField'.
[  103s] tests.FormTestNull: (models.W042) Auto-created primary key used when not defining a primary key type, by default 'django.db.models.AutoField'.
[  103s] 	HINT: Configure the DEFAULT_AUTO_FIELD setting or the AppConfig.default_auto_field attribute to point to a subclass of AutoField, e.g. 'django.db.models.BigAutoField'.
[  103s] tests.Link: (models.W042) Auto-created primary key used when not defining a primary key type, by default 'django.db.models.AutoField'.
[  103s] 	HINT: Configure the DEFAULT_AUTO_FIELD setting or the AppConfig.default_auto_field attribute to point to a subclass of AutoField, e.g. 'django.db.models.BigAutoField'.
[  103s] tests.Parrot: (models.W042) Auto-created primary key used when not defining a primary key type, by default 'django.db.models.AutoField'.
[  103s] 	HINT: Configure the DEFAULT_AUTO_FIELD setting or the AppConfig.default_auto_field attribute to point to a subclass of AutoField, e.g. 'django.db.models.BigAutoField'.
[  103s] tests.Perch: (models.W042) Auto-created primary key used when not defining a primary key type, by default 'django.db.models.AutoField'.
[  103s] 	HINT: Configure the DEFAULT_AUTO_FIELD setting or the AppConfig.default_auto_field attribute to point to a subclass of AutoField, e.g. 'django.db.models.BigAutoField'.
[  103s] 
[  103s] System check identified 9 issues (0 silenced).
[  107s] ...................................................................EE......
[  107s] ======================================================================
[  107s] ERROR: test_view_404 (tagging.tests.tests.TestTaggedObjectList.test_view_404)
[  107s] ----------------------------------------------------------------------
[  107s] Traceback (most recent call last):
[  107s]   File "/usr/lib/python3.11/site-packages/django/urls/resolvers.py", line 235, in _compile
[  107s]     return re.compile(regex)
[  107s]            ^^^^^^^^^^^^^^^^^
[  107s]   File "/usr/lib64/python3.11/re/__init__.py", line 227, in compile
[  107s]     return _compile(pattern, flags)
[  107s]            ^^^^^^^^^^^^^^^^^^^^^^^^
[  107s]   File "/usr/lib64/python3.11/re/__init__.py", line 294, in _compile
[  107s]     p = _compiler.compile(pattern, flags)
[  107s]         ^^^^^^^^^^^^^^^^^^^^^^^^^^^^^^^^^
[  107s]   File "/usr/lib64/python3.11/re/_compiler.py", line 743, in compile
[  107s]     p = _parser.parse(p, flags)
[  107s]         ^^^^^^^^^^^^^^^^^^^^^^^
[  107s]   File "/usr/lib64/python3.11/re/_parser.py", line 980, in parse
[  107s]     p = _parse_sub(source, state, flags & SRE_FLAG_VERBOSE, 0)
[  107s]         ^^^^^^^^^^^^^^^^^^^^^^^^^^^^^^^^^^^^^^^^^^^^^^^^^^^^^^
[  107s]   File "/usr/lib64/python3.11/re/_parser.py", line 455, in _parse_sub
[  107s]     itemsappend(_parse(source, state, verbose, nested + 1,
[  107s]                 ^^^^^^^^^^^^^^^^^^^^^^^^^^^^^^^^^^^^^^^^^^
[  107s]   File "/usr/lib64/python3.11/re/_parser.py", line 863, in _parse
[  107s]     p = _parse_sub(source, state, sub_verbose, nested + 1)
[  107s]         ^^^^^^^^^^^^^^^^^^^^^^^^^^^^^^^^^^^^^^^^^^^^^^^^^^
[  107s]   File "/usr/lib64/python3.11/re/_parser.py", line 455, in _parse_sub
[  107s]     itemsappend(_parse(source, state, verbose, nested + 1,
[  107s]                 ^^^^^^^^^^^^^^^^^^^^^^^^^^^^^^^^^^^^^^^^^^
[  107s]   File "/usr/lib64/python3.11/re/_parser.py", line 841, in _parse
[  107s]     raise source.error('global flags not at the start '
[  107s] re.error: global flags not at the start of the expression at position 14
[  107s] 
[  107s] The above exception was the direct cause of the following exception:
[  107s] 
[  107s] Traceback (most recent call last):
[  107s]   File "/usr/lib/python3.11/site-packages/django/core/handlers/exception.py", line 56, in inner
[  107s]     response = get_response(request)
[  107s]                ^^^^^^^^^^^^^^^^^^^^^
[  107s]   File "/usr/lib/python3.11/site-packages/django/core/handlers/base.py", line 181, in _get_response
[  107s]     callback, callback_args, callback_kwargs = self.resolve_request(request)
[  107s]                                                ^^^^^^^^^^^^^^^^^^^^^^^^^^^^^
[  107s]   File "/usr/lib/python3.11/site-packages/django/core/handlers/base.py", line 313, in resolve_request
[  107s]     resolver_match = resolver.resolve(request.path_info)
[  107s]                      ^^^^^^^^^^^^^^^^^^^^^^^^^^^^^^^^^^^
[  107s]   File "/usr/lib/python3.11/site-packages/django/urls/resolvers.py", line 665, in resolve
[  107s]     sub_match = pattern.resolve(new_path)
[  107s]                 ^^^^^^^^^^^^^^^^^^^^^^^^^
[  107s]   File "/usr/lib/python3.11/site-packages/django/urls/resolvers.py", line 425, in resolve
[  107s]     match = self.pattern.match(path)
[  107s]             ^^^^^^^^^^^^^^^^^^^^^^^^
[  107s]   File "/usr/lib/python3.11/site-packages/django/urls/resolvers.py", line 198, in match
[  107s]     if self._is_endpoint and self.regex.pattern.endswith("$")
[  107s]                              ^^^^^^^^^^
[  107s]   File "/usr/lib/python3.11/site-packages/django/urls/resolvers.py", line 142, in __get__
[  107s]     instance.__dict__["regex"] = instance._compile(pattern)
[  107s]                                  ^^^^^^^^^^^^^^^^^^^^^^^^^^
[  107s]   File "/usr/lib/python3.11/site-packages/django/urls/resolvers.py", line 237, in _compile
[  107s]     raise ImproperlyConfigured(
[  107s] django.core.exceptions.ImproperlyConfigured: "^(?P<tag>[^/]+(?u))/$" is not a valid regular expression: global flags not at the start of the expression at position 14
[  107s] 
[  107s] During handling of the above exception, another exception occurred:
[  107s] 
[  107s] Traceback (most recent call last):
[  107s]   File "/usr/lib/python3.11/site-packages/django/urls/resolvers.py", line 235, in _compile
[  107s]     return re.compile(regex)
[  107s]            ^^^^^^^^^^^^^^^^^
[  107s]   File "/usr/lib64/python3.11/re/__init__.py", line 227, in compile
[  107s]     return _compile(pattern, flags)
[  107s]            ^^^^^^^^^^^^^^^^^^^^^^^^
[  107s]   File "/usr/lib64/python3.11/re/__init__.py", line 294, in _compile
[  107s]     p = _compiler.compile(pattern, flags)
[  107s]         ^^^^^^^^^^^^^^^^^^^^^^^^^^^^^^^^^
[  107s]   File "/usr/lib64/python3.11/re/_compiler.py", line 743, in compile
[  107s]     p = _parser.parse(p, flags)
[  107s]         ^^^^^^^^^^^^^^^^^^^^^^^
[  107s]   File "/usr/lib64/python3.11/re/_parser.py", line 980, in parse
[  107s]     p = _parse_sub(source, state, flags & SRE_FLAG_VERBOSE, 0)
[  107s]         ^^^^^^^^^^^^^^^^^^^^^^^^^^^^^^^^^^^^^^^^^^^^^^^^^^^^^^
[  107s]   File "/usr/lib64/python3.11/re/_parser.py", line 455, in _parse_sub
[  107s]     itemsappend(_parse(source, state, verbose, nested + 1,
[  107s]                 ^^^^^^^^^^^^^^^^^^^^^^^^^^^^^^^^^^^^^^^^^^
[  107s]   File "/usr/lib64/python3.11/re/_parser.py", line 863, in _parse
[  107s]     p = _parse_sub(source, state, sub_verbose, nested + 1)
[  107s]         ^^^^^^^^^^^^^^^^^^^^^^^^^^^^^^^^^^^^^^^^^^^^^^^^^^
[  107s]   File "/usr/lib64/python3.11/re/_parser.py", line 455, in _parse_sub
[  107s]     itemsappend(_parse(source, state, verbose, nested + 1,
[  107s]                 ^^^^^^^^^^^^^^^^^^^^^^^^^^^^^^^^^^^^^^^^^^
[  107s]   File "/usr/lib64/python3.11/re/_parser.py", line 841, in _parse
[  107s]     raise source.error('global flags not at the start '
[  107s] re.error: global flags not at the start of the expression at position 14
[  107s] 
[  107s] The above exception was the direct cause of the following exception:
[  107s] 
[  107s] Traceback (most recent call last):
[  107s]   File "/home/abuild/rpmbuild/BUILD/django-tagging-0.5.0/tagging/tests/tests.py", line 1227, in test_view_404
[  107s]     self.get_view('/unavailable/', code=404)
[  107s]   File "/home/abuild/rpmbuild/BUILD/django-tagging-0.5.0/tagging/tests/tests.py", line 1196, in get_view
[  107s]     response = self.client.get(url)
[  107s]                ^^^^^^^^^^^^^^^^^^^^
[  107s]   File "/usr/lib/python3.11/site-packages/django/test/client.py", line 836, in get
[  107s]     response = super().get(path, data=data, secure=secure, **extra)
[  107s]                ^^^^^^^^^^^^^^^^^^^^^^^^^^^^^^^^^^^^^^^^^^^^^^^^^^^^
[  107s]   File "/usr/lib/python3.11/site-packages/django/test/client.py", line 424, in get
[  107s]     return self.generic(
[  107s]            ^^^^^^^^^^^^^
[  107s]   File "/usr/lib/python3.11/site-packages/django/test/client.py", line 541, in generic
[  107s]     return self.request(**r)
[  107s]            ^^^^^^^^^^^^^^^^^
[  107s]   File "/usr/lib/python3.11/site-packages/django/test/client.py", line 805, in request
[  107s]     response = self.handler(environ)
[  107s]                ^^^^^^^^^^^^^^^^^^^^^
[  107s]   File "/usr/lib/python3.11/site-packages/django/test/client.py", line 153, in __call__
[  107s]     response = self.get_response(request)
[  107s]                ^^^^^^^^^^^^^^^^^^^^^^^^^^
[  107s]   File "/usr/lib/python3.11/site-packages/django/core/handlers/base.py", line 140, in get_response
[  107s]     response = self._middleware_chain(request)
[  107s]                ^^^^^^^^^^^^^^^^^^^^^^^^^^^^^^^
[  107s]   File "/usr/lib/python3.11/site-packages/django/core/handlers/exception.py", line 58, in inner
[  107s]     response = response_for_exception(request, exc)
[  107s]                ^^^^^^^^^^^^^^^^^^^^^^^^^^^^^^^^^^^^
[  107s]   File "/usr/lib/python3.11/site-packages/django/core/handlers/exception.py", line 144, in response_for_exception
[  107s]     log_response(
[  107s]   File "/usr/lib/python3.11/site-packages/django/utils/log.py", line 241, in log_response
[  107s]     getattr(logger, level)(
[  107s]   File "/usr/lib64/python3.11/logging/__init__.py", line 1518, in error
[  107s]     self._log(ERROR, msg, args, **kwargs)
[  107s]   File "/usr/lib64/python3.11/logging/__init__.py", line 1634, in _log
[  107s]     self.handle(record)
[  107s]   File "/usr/lib64/python3.11/logging/__init__.py", line 1644, in handle
[  107s]     self.callHandlers(record)
[  107s]   File "/usr/lib64/python3.11/logging/__init__.py", line 1706, in callHandlers
[  107s]     hdlr.handle(record)
[  107s]   File "/usr/lib64/python3.11/logging/__init__.py", line 978, in handle
[  107s]     self.emit(record)
[  107s]   File "/usr/lib/python3.11/site-packages/django/utils/log.py", line 125, in emit
[  107s]     reporter.get_traceback_text(),
[  107s]     ^^^^^^^^^^^^^^^^^^^^^^^^^^^^^
[  107s]   File "/usr/lib/python3.11/site-packages/django/views/debug.py", line 403, in get_traceback_text
[  107s]     c = Context(self.get_traceback_data(), autoescape=False, use_l10n=False)
[  107s]                 ^^^^^^^^^^^^^^^^^^^^^^^^^
[  107s]   File "/usr/lib/python3.11/site-packages/django/views/debug.py", line 381, in get_traceback_data
[  107s]     c["raising_view_name"] = get_caller(self.request)
[  107s]                              ^^^^^^^^^^^^^^^^^^^^^^^^
[  107s]   File "/usr/lib/python3.11/site-packages/django/views/debug.py", line 99, in get_caller
[  107s]     resolver_match = resolve(request.path)
[  107s]                      ^^^^^^^^^^^^^^^^^^^^^
[  107s]   File "/usr/lib/python3.11/site-packages/django/urls/base.py", line 24, in resolve
[  107s]     return get_resolver(urlconf).resolve(path)
[  107s]            ^^^^^^^^^^^^^^^^^^^^^^^^^^^^^^^^^^^
[  107s]   File "/usr/lib/python3.11/site-packages/django/urls/resolvers.py", line 665, in resolve
[  107s]     sub_match = pattern.resolve(new_path)
[  107s]                 ^^^^^^^^^^^^^^^^^^^^^^^^^
[  107s]   File "/usr/lib/python3.11/site-packages/django/urls/resolvers.py", line 425, in resolve
[  107s]     match = self.pattern.match(path)
[  107s]             ^^^^^^^^^^^^^^^^^^^^^^^^
[  107s]   File "/usr/lib/python3.11/site-packages/django/urls/resolvers.py", line 198, in match
[  107s]     if self._is_endpoint and self.regex.pattern.endswith("$")
[  107s]                              ^^^^^^^^^^
[  107s]   File "/usr/lib/python3.11/site-packages/django/urls/resolvers.py", line 142, in __get__
[  107s]     instance.__dict__["regex"] = instance._compile(pattern)
[  107s]                                  ^^^^^^^^^^^^^^^^^^^^^^^^^^
[  107s]   File "/usr/lib/python3.11/site-packages/django/urls/resolvers.py", line 237, in _compile
[  107s]     raise ImproperlyConfigured(
[  107s] django.core.exceptions.ImproperlyConfigured: "^(?P<tag>[^/]+(?u))/$" is not a valid regular expression: global flags not at the start of the expression at position 14
[  107s] 
[  107s] ======================================================================
[  107s] ERROR: test_view_dynamic (tagging.tests.tests.TestTaggedObjectList.test_view_dynamic)
[  107s] ----------------------------------------------------------------------
[  107s] Traceback (most recent call last):
[  107s]   File "/usr/lib/python3.11/site-packages/django/urls/resolvers.py", line 235, in _compile
[  107s]     return re.compile(regex)
[  107s]            ^^^^^^^^^^^^^^^^^
[  107s]   File "/usr/lib64/python3.11/re/__init__.py", line 227, in compile
[  107s]     return _compile(pattern, flags)
[  107s]            ^^^^^^^^^^^^^^^^^^^^^^^^
[  107s]   File "/usr/lib64/python3.11/re/__init__.py", line 294, in _compile
[  107s]     p = _compiler.compile(pattern, flags)
[  107s]         ^^^^^^^^^^^^^^^^^^^^^^^^^^^^^^^^^
[  107s]   File "/usr/lib64/python3.11/re/_compiler.py", line 743, in compile
[  107s]     p = _parser.parse(p, flags)
[  107s]         ^^^^^^^^^^^^^^^^^^^^^^^
[  107s]   File "/usr/lib64/python3.11/re/_parser.py", line 980, in parse
[  107s]     p = _parse_sub(source, state, flags & SRE_FLAG_VERBOSE, 0)
[  107s]         ^^^^^^^^^^^^^^^^^^^^^^^^^^^^^^^^^^^^^^^^^^^^^^^^^^^^^^
[  107s]   File "/usr/lib64/python3.11/re/_parser.py", line 455, in _parse_sub
[  107s]     itemsappend(_parse(source, state, verbose, nested + 1,
[  107s]                 ^^^^^^^^^^^^^^^^^^^^^^^^^^^^^^^^^^^^^^^^^^
[  107s]   File "/usr/lib64/python3.11/re/_parser.py", line 863, in _parse
[  107s]     p = _parse_sub(source, state, sub_verbose, nested + 1)
[  107s]         ^^^^^^^^^^^^^^^^^^^^^^^^^^^^^^^^^^^^^^^^^^^^^^^^^^
[  107s]   File "/usr/lib64/python3.11/re/_parser.py", line 455, in _parse_sub
[  107s]     itemsappend(_parse(source, state, verbose, nested + 1,
[  107s]                 ^^^^^^^^^^^^^^^^^^^^^^^^^^^^^^^^^^^^^^^^^^
[  107s]   File "/usr/lib64/python3.11/re/_parser.py", line 841, in _parse
[  107s]     raise source.error('global flags not at the start '
[  107s] re.error: global flags not at the start of the expression at position 14
[  107s] 
[  107s] The above exception was the direct cause of the following exception:
[  107s] 
[  107s] Traceback (most recent call last):
[  107s]   File "/usr/lib/python3.11/site-packages/django/core/handlers/exception.py", line 56, in inner
[  107s]     response = get_response(request)
[  107s]                ^^^^^^^^^^^^^^^^^^^^^
[  107s]   File "/usr/lib/python3.11/site-packages/django/core/handlers/base.py", line 181, in _get_response
[  107s]     callback, callback_args, callback_kwargs = self.resolve_request(request)
[  107s]                                                ^^^^^^^^^^^^^^^^^^^^^^^^^^^^^
[  107s]   File "/usr/lib/python3.11/site-packages/django/core/handlers/base.py", line 313, in resolve_request
[  107s]     resolver_match = resolver.resolve(request.path_info)
[  107s]                      ^^^^^^^^^^^^^^^^^^^^^^^^^^^^^^^^^^^
[  107s]   File "/usr/lib/python3.11/site-packages/django/urls/resolvers.py", line 665, in resolve
[  107s]     sub_match = pattern.resolve(new_path)
[  107s]                 ^^^^^^^^^^^^^^^^^^^^^^^^^
[  107s]   File "/usr/lib/python3.11/site-packages/django/urls/resolvers.py", line 425, in resolve
[  107s]     match = self.pattern.match(path)
[  107s]             ^^^^^^^^^^^^^^^^^^^^^^^^
[  107s]   File "/usr/lib/python3.11/site-packages/django/urls/resolvers.py", line 198, in match
[  107s]     if self._is_endpoint and self.regex.pattern.endswith("$")
[  107s]                              ^^^^^^^^^^
[  107s]   File "/usr/lib/python3.11/site-packages/django/urls/resolvers.py", line 142, in __get__
[  107s]     instance.__dict__["regex"] = instance._compile(pattern)
[  107s]                                  ^^^^^^^^^^^^^^^^^^^^^^^^^^
[  107s]   File "/usr/lib/python3.11/site-packages/django/urls/resolvers.py", line 237, in _compile
[  107s]     raise ImproperlyConfigured(
[  107s] django.core.exceptions.ImproperlyConfigured: "^(?P<tag>[^/]+(?u))/$" is not a valid regular expression: global flags not at the start of the expression at position 14
[  107s] 
[  107s] During handling of the above exception, another exception occurred:
[  107s] 
[  107s] Traceback (most recent call last):
[  107s]   File "/usr/lib/python3.11/site-packages/django/urls/resolvers.py", line 235, in _compile
[  107s]     return re.compile(regex)
[  107s]            ^^^^^^^^^^^^^^^^^
[  107s]   File "/usr/lib64/python3.11/re/__init__.py", line 227, in compile
[  107s]     return _compile(pattern, flags)
[  107s]            ^^^^^^^^^^^^^^^^^^^^^^^^
[  107s]   File "/usr/lib64/python3.11/re/__init__.py", line 294, in _compile
[  107s]     p = _compiler.compile(pattern, flags)
[  107s]         ^^^^^^^^^^^^^^^^^^^^^^^^^^^^^^^^^
[  107s]   File "/usr/lib64/python3.11/re/_compiler.py", line 743, in compile
[  107s]     p = _parser.parse(p, flags)
[  107s]         ^^^^^^^^^^^^^^^^^^^^^^^
[  107s]   File "/usr/lib64/python3.11/re/_parser.py", line 980, in parse
[  107s]     p = _parse_sub(source, state, flags & SRE_FLAG_VERBOSE, 0)
[  107s]         ^^^^^^^^^^^^^^^^^^^^^^^^^^^^^^^^^^^^^^^^^^^^^^^^^^^^^^
[  107s]   File "/usr/lib64/python3.11/re/_parser.py", line 455, in _parse_sub
[  107s]     itemsappend(_parse(source, state, verbose, nested + 1,
[  107s]                 ^^^^^^^^^^^^^^^^^^^^^^^^^^^^^^^^^^^^^^^^^^
[  107s]   File "/usr/lib64/python3.11/re/_parser.py", line 863, in _parse
[  107s]     p = _parse_sub(source, state, sub_verbose, nested + 1)
[  107s]         ^^^^^^^^^^^^^^^^^^^^^^^^^^^^^^^^^^^^^^^^^^^^^^^^^^
[  107s]   File "/usr/lib64/python3.11/re/_parser.py", line 455, in _parse_sub
[  107s]     itemsappend(_parse(source, state, verbose, nested + 1,
[  107s]                 ^^^^^^^^^^^^^^^^^^^^^^^^^^^^^^^^^^^^^^^^^^
[  107s]   File "/usr/lib64/python3.11/re/_parser.py", line 841, in _parse
[  107s]     raise source.error('global flags not at the start '
[  107s] re.error: global flags not at the start of the expression at position 14
[  107s] 
[  107s] The above exception was the direct cause of the following exception:
[  107s] 
[  107s] Traceback (most recent call last):
[  107s]   File "/home/abuild/rpmbuild/BUILD/django-tagging-0.5.0/tagging/tests/tests.py", line 1212, in test_view_dynamic
[  107s]     self.get_view('/tag/', expected_items=1)
[  107s]   File "/home/abuild/rpmbuild/BUILD/django-tagging-0.5.0/tagging/tests/tests.py", line 1196, in get_view
[  107s]     response = self.client.get(url)
[  107s]                ^^^^^^^^^^^^^^^^^^^^
[  107s]   File "/usr/lib/python3.11/site-packages/django/test/client.py", line 836, in get
[  107s]     response = super().get(path, data=data, secure=secure, **extra)
[  107s]                ^^^^^^^^^^^^^^^^^^^^^^^^^^^^^^^^^^^^^^^^^^^^^^^^^^^^
[  107s]   File "/usr/lib/python3.11/site-packages/django/test/client.py", line 424, in get
[  107s]     return self.generic(
[  107s]            ^^^^^^^^^^^^^
[  107s]   File "/usr/lib/python3.11/site-packages/django/test/client.py", line 541, in generic
[  107s]     return self.request(**r)
[  107s]            ^^^^^^^^^^^^^^^^^
[  107s]   File "/usr/lib/python3.11/site-packages/django/test/client.py", line 805, in request
[  107s]     response = self.handler(environ)
[  107s]                ^^^^^^^^^^^^^^^^^^^^^
[  107s]   File "/usr/lib/python3.11/site-packages/django/test/client.py", line 153, in __call__
[  107s]     response = self.get_response(request)
[  107s]                ^^^^^^^^^^^^^^^^^^^^^^^^^^
[  107s]   File "/usr/lib/python3.11/site-packages/django/core/handlers/base.py", line 140, in get_response
[  107s]     response = self._middleware_chain(request)
[  107s]                ^^^^^^^^^^^^^^^^^^^^^^^^^^^^^^^
[  107s]   File "/usr/lib/python3.11/site-packages/django/core/handlers/exception.py", line 58, in inner
[  107s]     response = response_for_exception(request, exc)
[  107s]                ^^^^^^^^^^^^^^^^^^^^^^^^^^^^^^^^^^^^
[  107s]   File "/usr/lib/python3.11/site-packages/django/core/handlers/exception.py", line 144, in response_for_exception
[  107s]     log_response(
[  107s]   File "/usr/lib/python3.11/site-packages/django/utils/log.py", line 241, in log_response
[  107s]     getattr(logger, level)(
[  107s]   File "/usr/lib64/python3.11/logging/__init__.py", line 1518, in error
[  107s]     self._log(ERROR, msg, args, **kwargs)
[  107s]   File "/usr/lib64/python3.11/logging/__init__.py", line 1634, in _log
[  107s]     self.handle(record)
[  107s]   File "/usr/lib64/python3.11/logging/__init__.py", line 1644, in handle
[  107s]     self.callHandlers(record)
[  107s]   File "/usr/lib64/python3.11/logging/__init__.py", line 1706, in callHandlers
[  107s]     hdlr.handle(record)
[  107s]   File "/usr/lib64/python3.11/logging/__init__.py", line 978, in handle
[  107s]     self.emit(record)
[  107s]   File "/usr/lib/python3.11/site-packages/django/utils/log.py", line 125, in emit
[  107s]     reporter.get_traceback_text(),
[  107s]     ^^^^^^^^^^^^^^^^^^^^^^^^^^^^^
[  107s]   File "/usr/lib/python3.11/site-packages/django/views/debug.py", line 403, in get_traceback_text
[  107s]     c = Context(self.get_traceback_data(), autoescape=False, use_l10n=False)
[  107s]                 ^^^^^^^^^^^^^^^^^^^^^^^^^
[  107s]   File "/usr/lib/python3.11/site-packages/django/views/debug.py", line 381, in get_traceback_data
[  107s]     c["raising_view_name"] = get_caller(self.request)
[  107s]                              ^^^^^^^^^^^^^^^^^^^^^^^^
[  107s]   File "/usr/lib/python3.11/site-packages/django/views/debug.py", line 99, in get_caller
[  107s]     resolver_match = resolve(request.path)
[  107s]                      ^^^^^^^^^^^^^^^^^^^^^
[  107s]   File "/usr/lib/python3.11/site-packages/django/urls/base.py", line 24, in resolve
[  107s]     return get_resolver(urlconf).resolve(path)
[  107s]            ^^^^^^^^^^^^^^^^^^^^^^^^^^^^^^^^^^^
[  107s]   File "/usr/lib/python3.11/site-packages/django/urls/resolvers.py", line 665, in resolve
[  107s]     sub_match = pattern.resolve(new_path)
[  107s]                 ^^^^^^^^^^^^^^^^^^^^^^^^^
[  107s]   File "/usr/lib/python3.11/site-packages/django/urls/resolvers.py", line 425, in resolve
[  107s]     match = self.pattern.match(path)
[  107s]             ^^^^^^^^^^^^^^^^^^^^^^^^
[  107s]   File "/usr/lib/python3.11/site-packages/django/urls/resolvers.py", line 198, in match
[  107s]     if self._is_endpoint and self.regex.pattern.endswith("$")
[  107s]                              ^^^^^^^^^^
[  107s]   File "/usr/lib/python3.11/site-packages/django/urls/resolvers.py", line 142, in __get__
[  107s]     instance.__dict__["regex"] = instance._compile(pattern)
[  107s]                                  ^^^^^^^^^^^^^^^^^^^^^^^^^^
[  107s]   File "/usr/lib/python3.11/site-packages/django/urls/resolvers.py", line 237, in _compile
[  107s]     raise ImproperlyConfigured(
[  107s] django.core.exceptions.ImproperlyConfigured: "^(?P<tag>[^/]+(?u))/$" is not a valid regular expression: global flags not at the start of the expression at position 14
[  107s] 
[  107s] ----------------------------------------------------------------------
[  107s] Ran 75 tests in 4.066s
[  107s] 
[  107s] FAILED (errors=2)
[  107s] Destroying test database for alias 'default'...
[  107s] error: Bad exit status from /var/tmp/rpm-tmp.7zHmnl (%check)
[  107s] 
[  107s] RPM build errors:
[  107s]     Bad exit status from /var/tmp/rpm-tmp.7zHmnl (%check)
[  107s] ### VM INTERACTION START ###
[  107s] [  104.014556][    T1] sysrq: Power Off
[  107s] [  104.017511][  T433] reboot: Power down
[  108s] ### VM INTERACTION END ###
[  108s] 
[  108s] goat19 failed "build python-django-tagging.spec" at Sun Feb 19 12:10:38 UTC 2023.
[  108s] 
