[    0s] Using BUILD_ROOT=/var/cache/obs/worker/root_3/.mount
[    0s] Using BUILD_ARCH=riscv64
[    0s] Doing kvm build in /var/cache/obs/worker/root_3/root
[    0s] 
[    0s] 
[    0s] lamb18 started "build python-cpplint.spec" at Sun Feb 19 13:06:13 UTC 2023.
[    0s] 
[    0s] Building python-cpplint for project 'openSUSE:Factory:RISCV' repository 'standard' arch 'riscv64' srcmd5 'c2a56d1997e894d3b3dc8f133a4ccf11'
[    0s] 
[    0s] processing recipe /var/cache/obs/worker/root_3/.build-srcdir/python-cpplint.spec ...
[    1s] running changelog2spec --target rpm --file /var/cache/obs/worker/root_3/.build-srcdir/python-cpplint.spec
[    1s] init_buildsystem --configdir /var/run/obs/worker/3/build/configs --cachedir /var/cache/build --prepare --clean --rpmlist /var/cache/obs/worker/root_3/.build.rpmlist /var/cache/obs/worker/root_3/.build-srcdir/python-cpplint.spec build ...
[    1s] unpacking preinstall image openSUSE:Factory:RISCV/standard/preinstallimage-python [718d7b37bce08b907ee81939a96ff181]
[    4s] 
[    4s] copying packages...
[    4s] reordering...done
[    4s] Detected virtio-serial support
[    6s] booting kvm...
[    6s] ### VM INTERACTION START ###
[    6s] Using virtio-serial support
[    6s] /usr/bin/qemu-kvm -nodefaults -no-reboot -nographic -vga none -cpu host -M pc,accel=kvm,usb=off,dump-guest-core=off,vmport=off -sandbox on -bios /usr/share/qemu/qboot.rom -object rng-random,filename=/dev/random,id=rng0 -device virtio-rng-pci,rng=rng0 -object iothread,id=io0 -runas qemu -net none -kernel /var/cache/obs/worker/root_3/.mount/boot/kernel -initrd /var/cache/obs/worker/root_3/.mount/boot/initrd -append root=/dev/disk/by-id/virtio-0 rootfstype=ext4 rootflags=noatime kvmclock mitigations=off elevator=noop nmi_watchdog=0 rw rd.driver.pre=binfmt_misc oops=panic panic=1 quiet console=hvc0 init=/.build/initvm.x86_64 -m 8192 -drive file=/var/cache/obs/worker/root_3/root,format=raw,if=none,id=disk,cache=unsafe,aio=io_uring -device virtio-blk-pci,iothread=io0,drive=disk,serial=0 -drive file=/var/cache/obs/worker/root_3/swap,format=raw,if=none,id=swap,cache=unsafe,aio=io_uring -device virtio-blk-pci,iothread=io0,drive=swap,serial=1 -device virtio-serial,max_ports=2 -device virtconsole,chardev=virtiocon0 -chardev stdio,id=virtiocon0 -chardev socket,id=monitor,server=on,wait=off,path=/var/cache/obs/worker/root_3/root.qemu/monitor -mon chardev=monitor,mode=readline -smp 8
[   10s] ### VM INTERACTION END ###
[   10s] 2nd stage started in virtual machine
[   11s] machine type: riscv64
[   11s] Linux version: 6.1.12-1-default #1 SMP PREEMPT_DYNAMIC Wed Feb 15 05:31:41 UTC 2023 (373f017)
[   11s] Increasing log level from now on...
[   11s] [    4.629838][  T410] sysrq: Changing Loglevel
[   11s] [    4.630084][  T410] sysrq: Loglevel set to 4
[   11s] Enable sysrq operations
[   11s] Setting up swapspace version 1, size = 2 GiB (2097147904 bytes)
[   11s] no label, UUID=9fa4350f-eef5-497e-a672-47ceeba7e836
[   11s] swapon: /dev/vdb: found signature [pagesize=4096, signature=swap]
[   11s] swapon: /dev/vdb: pagesize=4096, swapsize=2097152000, devsize=2097152000
[   11s] swapon /dev/vdb
[   11s] WARNING: udev not running, creating extra device nodes
[   12s] logging output to //.build.log...
[   12s] processing recipe /.build-srcdir/python-cpplint.spec ...
[   12s] init_buildsystem --configdir /.build/configs --cachedir /var/cache/build /.build-srcdir/python-cpplint.spec build ...
[   13s] initializing rpm db...
[   13s] querying package ids...
[   37s] [1/188] preinstalled aaa_base-84.87+git20220822.6b9f7a3-1.1
[   37s] [2/188] preinstalled aaa_base-malloccheck-84.87+git20220822.6b9f7a3-1.1
[   37s] [3/188] preinstalled attr-2.5.1-1.1
[   37s] [4/188] preinstalled bash-5.2.15-8.1
[   37s] [5/188] preinstalled bash-sh-5.2.15-8.1
[   37s] [6/188] preinstalled binutils-2.39-3.1
[   37s] [7/188] preinstalled brp-check-suse-84.87+git20221115.2f7add6-1.1
[   37s] [8/188] preinstalled build-compare-20221206T204012.bb70754-1.2
[   37s] [9/188] preinstalled build-mkbaselibs-20230215-1.1
[   37s] [10/188] preinstalled bzip2-1.0.8-4.1
[   37s] [11/188] preinstalled chkstat-1599_20221220-1.2
[   37s] [12/188] preinstalled compat-usrmerge-build-84.87-5.1
[   37s] [13/188] preinstalled compat-usrmerge-tools-84.87-5.1
[   37s] [14/188] preinstalled coreutils-9.1-5.1
[   37s] [15/188] preinstalled cpio-2.13-5.1
[   37s] [16/188] preinstalled cpp-12-2.1
[   37s] [17/188] preinstalled cpp12-12.2.1+git749-4.1
[   37s] [18/188] preinstalled crypto-policies-20210917.c9d86d1-1.1
[   37s] [19/188] preinstalled debugedit-5.0-5.1
[   37s] [20/188] preinstalled diffutils-3.9-1.1
[   37s] [21/188] preinstalled dwz-0.15-2.1
[   37s] [22/188] preinstalled elfutils-0.188-3.2
[   37s] [23/188] cumulate fdupes-2.2.1-1.1
[   37s] [24/188] preinstalled file-5.44-1.2
[   37s] [25/188] preinstalled file-magic-5.44-1.2
[   37s] [26/188] preinstalled filesystem-84.87-12.1
[   37s] [27/188] preinstalled fillup-1.42-279.1
[   37s] [28/188] preinstalled findutils-4.9.0-2.1
[   37s] [29/188] preinstalled gawk-5.2.1-2.1
[   37s] [30/188] preinstalled gcc-12-2.1
[   37s] [31/188] preinstalled gcc-PIE-12-2.1
[   37s] [32/188] preinstalled gcc12-12.2.1+git749-4.1
[   37s] [33/188] preinstalled gcc12-PIE-12.2.1+git749-4.1
[   37s] [34/188] preinstalled gettext-runtime-mini-0.21.1-1.1
[   37s] [35/188] preinstalled gettext-tools-mini-0.21.1-1.1
[   37s] [36/188] preinstalled glibc-2.37-1.1
[   37s] [37/188] preinstalled glibc-devel-2.37-1.1
[   37s] [38/188] preinstalled glibc-locale-base-2.37-1.1
[   37s] [39/188] preinstalled grep-3.8-3.1
[   37s] [40/188] preinstalled gzip-1.12-3.1
[   37s] [41/188] preinstalled kernel-obs-build-6.1.12-1.1
[   37s] [42/188] preinstalled libacl1-2.3.1-2.1
[   37s] [43/188] cumulate libalternatives1-1.2+3.b848aad-3.1
[   37s] [44/188] preinstalled libasan8-13.0.1+git5428-6.1
[   37s] [45/188] preinstalled libasm1-0.188-3.2
[   37s] [46/188] preinstalled libatomic1-13.0.1+git5428-6.1
[   37s] [47/188] preinstalled libattr1-2.5.1-1.1
[   37s] [48/188] preinstalled libaudit1-3.0.6-4.1
[   37s] [49/188] preinstalled libblkid1-2.38.1-7.1
[   37s] [50/188] preinstalled libbz2-1-1.0.8-4.1
[   37s] [51/188] preinstalled libcap-ng0-0.8.3-1.1
[   37s] [52/188] preinstalled libcap2-2.67-1.1
[   37s] [53/188] preinstalled libcrypt1-4.4.33-1.1
[   37s] [54/188] preinstalled libctf-nobfd0-2.39-3.1
[   37s] [55/188] preinstalled libctf0-2.39-3.1
[   37s] [56/188] preinstalled libdb-4_8-4.8.30-39.1
[   37s] [57/188] preinstalled libdw1-0.188-3.2
[   37s] [58/188] preinstalled libeconf0-0.5.1-1.1
[   37s] [59/188] preinstalled libelf1-0.188-3.2
[   37s] [60/188] preinstalled libexpat1-2.5.0-2.1
[   37s] [61/188] preinstalled libfdisk1-2.38.1-7.1
[   37s] [62/188] preinstalled libffi8-3.4.4-1.1
[   37s] [63/188] preinstalled libgcc_s1-13.0.1+git5428-6.1
[   37s] [64/188] preinstalled libgcrypt20-1.10.1-1.1
[   37s] [65/188] preinstalled libgdbm6-1.23-1.1
[   37s] [66/188] preinstalled libgdbm_compat4-1.23-1.1
[   37s] [67/188] preinstalled libgmp10-6.2.1-4.1
[   37s] [68/188] preinstalled libgomp1-13.0.1+git5428-6.1
[   37s] [69/188] preinstalled libgpg-error0-1.46-1.1
[   37s] [70/188] preinstalled libisl23-0.25-1.1
[   37s] [71/188] preinstalled liblua5_4-5-5.4.4-8.1
[   37s] [72/188] preinstalled liblzma5-5.4.1-1.1
[   37s] [73/188] preinstalled libmagic1-5.44-1.2
[   37s] [74/188] preinstalled libmount1-2.38.1-7.1
[   37s] [75/188] preinstalled libmpc3-1.3.1-1.2
[   37s] [76/188] preinstalled libmpdec3-2.5.1-2.1
[   37s] [77/188] preinstalled libmpfr6-4.2.0-1.1
[   37s] [78/188] preinstalled libncurses6-6.4.20230128-5.1
[   37s] [79/188] preinstalled libopenssl3-3.0.7-3.1
[   37s] [80/188] preinstalled libpcre2-8-0-10.42-3.2
[   37s] [81/188] preinstalled libpkgconf3-1.8.0-2.1
[   37s] [82/188] preinstalled libpopt0-1.19-1.1
[   37s] [83/188] preinstalled libpython3_10-1_0-3.10.9-2.2
[   37s] [84/188] preinstalled libpython3_11-1_0-3.11.1-4.2
[   37s] [85/188] preinstalled libpython3_8-1_0-3.8.16-3.2
[   37s] [86/188] preinstalled libpython3_9-1_0-3.9.16-3.2
[   37s] [87/188] preinstalled libreadline8-8.2-2.1
[   37s] [88/188] preinstalled librpmbuild9-4.18.0-3.2
[   37s] [89/188] preinstalled libseccomp2-2.5.4-2.1
[   37s] [90/188] preinstalled libselinux1-3.4-2.1
[   37s] [91/188] preinstalled libsemanage-conf-3.4-1.1
[   37s] [92/188] preinstalled libsemanage2-3.4-1.1
[   37s] [93/188] preinstalled libsepol2-3.4-1.1
[   37s] [94/188] preinstalled libsmartcols1-2.38.1-7.1
[   37s] [95/188] preinstalled libstdc++6-13.0.1+git5428-6.1
[   37s] [96/188] preinstalled libsubid4-4.13-3.1
[   37s] [97/188] preinstalled libubsan1-13.0.1+git5428-6.1
[   37s] [98/188] preinstalled libutempter0-1.2.0-3.2
[   37s] [99/188] preinstalled libuuid1-2.38.1-7.1
[   37s] [100/188] preinstalled libxcrypt-devel-4.4.33-1.1
[   37s] [101/188] preinstalled libz1-1.2.13-2.1
[   37s] [102/188] preinstalled libzstd1-1.5.2-2.1
[   37s] [103/188] preinstalled linux-glibc-devel-6.1-1.1
[   37s] [104/188] preinstalled login_defs-4.13-3.1
[   37s] [105/188] preinstalled lua54-5.4.4-8.1
[   37s] [106/188] preinstalled make-4.4-2.1
[   37s] [107/188] preinstalled ncurses-utils-6.4.20230128-5.1
[   37s] [108/188] preinstalled pam-1.5.2-12.1
[   37s] [109/188] preinstalled patch-2.7.6-6.1
[   37s] [110/188] preinstalled perl-5.36.0-4.1
[   37s] [111/188] preinstalled perl-base-5.36.0-4.1
[   37s] [112/188] preinstalled permissions-1599_20221220-1.2
[   37s] [113/188] preinstalled permissions-config-1599_20221220-1.2
[   37s] [114/188] preinstalled pkgconf-1.8.0-2.1
[   37s] [115/188] preinstalled pkgconf-m4-1.8.0-2.1
[   37s] [116/188] preinstalled pkgconf-pkg-config-1.8.0-2.1
[   37s] [117/188] preinstalled polkit-default-privs-1550+20221102.9f111fa-1.1
[   37s] [118/188] preinstalled post-build-checks-84.87+git20230106.3a359c5-1.1
[   37s] [119/188] preinstalled python-rpm-macros-20230128.e704796-1.2
[   37s] [120/188] preinstalled python-rpm-packaging-20210526+a18ca48-1.2
[   37s] [121/188] cumulate python310-attrs-22.2.0-1.2
[   37s] [122/188] preinstalled python310-base-3.10.9-2.2
[   37s] [123/188] cumulate python310-exceptiongroup-1.1.0-1.2
[   37s] [124/188] cumulate python310-iniconfig-1.1.1-3.2
[   37s] [125/188] preinstalled python310-packaging-23.0-1.1
[   37s] [126/188] cumulate python310-pluggy-1.0.0-1.5
[   37s] [127/188] preinstalled python310-setuptools-65.6.3-1.2
[   37s] [128/188] cumulate python310-testfixtures-7.0.4-1.3
[   37s] [129/188] cumulate python310-tomli-2.0.1-1.3
[   37s] [130/188] cumulate python310-zipp-3.8.1-1.2
[   37s] [131/188] cumulate python311-attrs-22.2.0-1.2
[   37s] [132/188] preinstalled python311-base-3.11.1-4.2
[   37s] [133/188] cumulate python311-exceptiongroup-1.1.0-1.2
[   37s] [134/188] cumulate python311-iniconfig-1.1.1-3.2
[   37s] [135/188] cumulate python311-packaging-23.0-1.2
[   37s] [136/188] cumulate python311-pluggy-1.0.0-1.5
[   37s] [137/188] preinstalled python311-setuptools-65.6.3-1.2
[   37s] [138/188] cumulate python311-testfixtures-7.0.4-1.3
[   37s] [139/188] cumulate python311-tomli-2.0.1-1.3
[   37s] [140/188] cumulate python311-zipp-3.8.1-1.2
[   37s] [141/188] cumulate python38-attrs-22.2.0-1.2
[   37s] [142/188] preinstalled python38-base-3.8.16-3.2
[   37s] [143/188] cumulate python38-exceptiongroup-1.1.0-1.2
[   37s] [144/188] cumulate python38-iniconfig-1.1.1-3.2
[   37s] [145/188] cumulate python38-packaging-23.0-1.2
[   37s] [146/188] cumulate python38-pluggy-1.0.0-1.5
[   37s] [147/188] preinstalled python38-setuptools-65.6.3-1.2
[   37s] [148/188] cumulate python38-testfixtures-7.0.4-1.3
[   37s] [149/188] cumulate python38-tomli-2.0.1-1.3
[   37s] [150/188] cumulate python38-zipp-3.8.1-1.2
[   37s] [151/188] cumulate python39-attrs-22.2.0-1.2
[   37s] [152/188] preinstalled python39-base-3.9.16-3.2
[   37s] [153/188] cumulate python39-exceptiongroup-1.1.0-1.2
[   37s] [154/188] cumulate python39-iniconfig-1.1.1-3.2
[   37s] [155/188] cumulate python39-packaging-23.0-1.2
[   37s] [156/188] cumulate python39-pluggy-1.0.0-1.5
[   37s] [157/188] preinstalled python39-setuptools-65.6.3-1.2
[   37s] [158/188] cumulate python39-testfixtures-7.0.4-1.3
[   37s] [159/188] cumulate python39-tomli-2.0.1-1.3
[   37s] [160/188] cumulate python39-zipp-3.8.1-1.2
[   37s] [161/188] preinstalled qemu-linux-user-7.1.0-50.1
[   37s] [162/188] preinstalled rpm-4.18.0-3.2
[   37s] [163/188] preinstalled rpm-build-4.18.0-3.2
[   37s] [164/188] preinstalled rpm-build-perl-4.18.0-3.2
[   37s] [165/188] preinstalled rpm-config-SUSE-20220926-1.1
[   37s] [166/188] preinstalled rpmlint-mini-2.4.0+git20230214.1bab129-9.5
[   37s] [167/188] preinstalled rpmlint-strict-2.4.0+git20230214.1bab129-1.1
[   37s] [168/188] preinstalled sed-4.9-2.1
[   37s] [169/188] preinstalled shadow-4.13-3.1
[   37s] [170/188] preinstalled system-group-hardware-20170617-24.1
[   37s] [171/188] preinstalled system-user-root-20190513-2.1
[   37s] [172/188] preinstalled systemd-rpm-macros-19-1.1
[   37s] [173/188] preinstalled sysuser-shadow-3.1-5.1
[   37s] [174/188] preinstalled tar-1.34-9.1
[   37s] [175/188] preinstalled terminfo-base-6.4.20230128-5.1
[   37s] [176/188] preinstalled update-alternatives-1.21.8-1.1
[   37s] [177/188] preinstalled util-linux-2.38.1-7.1
[   37s] [178/188] preinstalled which-2.21-5.1
[   37s] [179/188] preinstalled xz-5.4.1-1.1
[   37s] [180/188] cumulate alts-1.2+3.b848aad-3.1
[   37s] [181/188] cumulate python310-importlib-metadata-6.0.0-1.2
[   37s] [182/188] cumulate python311-importlib-metadata-6.0.0-1.2
[   37s] [183/188] cumulate python38-importlib-metadata-6.0.0-1.2
[   37s] [184/188] cumulate python39-importlib-metadata-6.0.0-1.2
[   37s] [185/188] cumulate python310-pytest-7.2.0-2.2
[   37s] [186/188] cumulate python311-pytest-7.2.0-2.2
[   37s] [187/188] cumulate python38-pytest-7.2.0-2.2
[   37s] [188/188] cumulate python39-pytest-7.2.0-2.2
[   37s] now installing cumulated packages
[   37s] Preparing...                          ########################################
[   37s] Updating / installing...
[   37s] python39-zipp-3.8.1-1.2               ########################################
[   37s] python39-importlib-metadata-6.0.0-1.2 ########################################
[   37s] python39-tomli-2.0.1-1.3              ########################################
[   37s] python39-pluggy-1.0.0-1.5             ########################################
[   37s] python39-packaging-23.0-1.2           ########################################
[   37s] python39-iniconfig-1.1.1-3.2          ########################################
[   37s] python39-exceptiongroup-1.1.0-1.2     ########################################
[   38s] python39-attrs-22.2.0-1.2             ########################################
[   38s] python38-zipp-3.8.1-1.2               ########################################
[   38s] python38-importlib-metadata-6.0.0-1.2 ########################################
[   38s] python38-tomli-2.0.1-1.3              ########################################
[   38s] python38-pluggy-1.0.0-1.5             ########################################
[   38s] python38-packaging-23.0-1.2           ########################################
[   38s] python38-iniconfig-1.1.1-3.2          ########################################
[   38s] python38-exceptiongroup-1.1.0-1.2     ########################################
[   38s] python38-attrs-22.2.0-1.2             ########################################
[   38s] python311-zipp-3.8.1-1.2              ########################################
[   38s] python311-importlib-metadata-6.0.0-1.2########################################
[   38s] python311-tomli-2.0.1-1.3             ########################################
[   38s] python311-pluggy-1.0.0-1.5            ########################################
[   38s] python311-packaging-23.0-1.2          ########################################
[   38s] python311-iniconfig-1.1.1-3.2         ########################################
[   38s] python311-exceptiongroup-1.1.0-1.2    ########################################
[   38s] python311-attrs-22.2.0-1.2            ########################################
[   38s] python310-zipp-3.8.1-1.2              ########################################
[   38s] python310-importlib-metadata-6.0.0-1.2########################################
[   38s] python310-tomli-2.0.1-1.3             ########################################
[   38s] python310-pluggy-1.0.0-1.5            ########################################
[   38s] python310-iniconfig-1.1.1-3.2         ########################################
[   38s] python310-exceptiongroup-1.1.0-1.2    ########################################
[   38s] python310-attrs-22.2.0-1.2            ########################################
[   38s] libalternatives1-1.2+3.b848aad-3.1    ########################################
[   38s] alts-1.2+3.b848aad-3.1                ########################################
[   39s] python310-pytest-7.2.0-2.2            ########################################
[   39s] python311-pytest-7.2.0-2.2            ########################################
[   40s] python38-pytest-7.2.0-2.2             ########################################
[   41s] python39-pytest-7.2.0-2.2             ########################################
[   41s] python39-testfixtures-7.0.4-1.3       ########################################
[   41s] python38-testfixtures-7.0.4-1.3       ########################################
[   41s] python311-testfixtures-7.0.4-1.3      ########################################
[   41s] python310-testfixtures-7.0.4-1.3      ########################################
[   41s] fdupes-2.2.1-1.1                      ########################################
[   43s] now finalizing build dir...
[   43s] ... running 01-add_abuild_user_to_trusted_group
[   44s] ... running 02-set_timezone_to_utc
[   44s] ... running 03-set-permissions-secure
[   44s] ... running 11-hack_uname_version_to_kernel_version
[   51s] -----------------------------------------------------------------
[   51s] I have the following modifications for python-cpplint.spec:
[   51s] 22c22
[   51s] < Release:        0
[   51s] ---
[   51s] > Release:        1.6
[   57s] build target is riscv64-suse-linux
[   57s] -----------------------------------------------------------------
[   57s] ----- building python-cpplint.spec (user abuild)
[   57s] -----------------------------------------------------------------
[   57s] -----------------------------------------------------------------
[   61s] + exec rpmbuild -ba --define '_srcdefattr (-,root,root)' --nosignature --target=riscv64-suse-linux --define '_build_create_debug 1' --define 'disturl obs://build.opensuse.org/openSUSE:Factory:RISCV/standard/c2a56d1997e894d3b3dc8f133a4ccf11-python-cpplint' /home/abuild/rpmbuild/SOURCES/python-cpplint.spec
[  105s] Building target platforms: riscv64-suse-linux
[  105s] Building for target riscv64-suse-linux
[  105s] setting SOURCE_DATE_EPOCH=1598832000
[  105s] Executing(%prep): /usr/bin/bash -e /var/tmp/rpm-tmp.RByZdY
[  105s] + umask 022
[  105s] + cd /home/abuild/rpmbuild/BUILD
[  105s] + cd /home/abuild/rpmbuild/BUILD
[  105s] + rm -rf cpplint-1.5.4
[  105s] + /usr/lib/rpm/rpmuncompress -x /home/abuild/rpmbuild/SOURCES/cpplint-1.5.4.tar.gz
[  106s] + STATUS=0
[  106s] + '[' 0 -ne 0 ']'
[  106s] + cd cpplint-1.5.4
[  106s] + /usr/bin/chmod -Rf a+rX,u+w,g-w,o-w .
[  106s] + sed -i -e '/^#!\//, 1d' cpplint.py
[  106s] + sed -i s/pytest-runner// setup.py
[  106s] + sed -i s/pytest-cov// test-requirements
[  106s] + sed -i 's/--cov-fail-under=75 --cov=cpplint//' setup.cfg
[  106s] + RPM_EC=0
[  106s] ++ jobs -p
[  106s] + exit 0
[  106s] Executing(%build): /usr/bin/bash -e /var/tmp/rpm-tmp.azHCSs
[  106s] + umask 022
[  106s] + cd /home/abuild/rpmbuild/BUILD
[  106s] + /usr/bin/rm -rf /home/abuild/rpmbuild/BUILDROOT/python-cpplint-1.5.4-1.6.riscv64
[  106s] ++ dirname /home/abuild/rpmbuild/BUILDROOT/python-cpplint-1.5.4-1.6.riscv64
[  106s] + /usr/bin/mkdir -p /home/abuild/rpmbuild/BUILDROOT
[  106s] + /usr/bin/mkdir /home/abuild/rpmbuild/BUILDROOT/python-cpplint-1.5.4-1.6.riscv64
[  106s] + cd cpplint-1.5.4
[  106s] + ref=/usr/lib/rpm
[  106s] + mints=0
[  106s] + case $(uname -m) in
[  106s] ++ uname -m
[  107s] + mints=20160911
[  107s] + for s in guess sub
[  107s] ++ find -maxdepth 8 -name config.guess
[  107s] + for s in guess sub
[  107s] ++ find -maxdepth 8 -name config.sub
[  107s] ++ '[' -f _current_flavor ']'
[  107s] ++ true
[  107s] + last_flavor=
[  107s] + '[' -z '' ']'
[  107s] + last_flavor=tmp
[  107s] + '[' tmp '!=' python38 ']'
[  107s] + '[' -d build ']'
[  107s] + '[' -d _build.python38 ']'
[  107s] + echo python38
[  107s] + python_flavor=python38
[  107s] + /usr/bin/python3.8 setup.py build '--executable=/usr/bin/python3.8 -s'
[  111s] running build
[  111s] running build_py
[  111s] creating build
[  111s] creating build/lib
[  111s] copying cpplint.py -> build/lib
[  112s] ++ '[' -f _current_flavor ']'
[  112s] ++ cat _current_flavor
[  112s] + last_flavor=python38
[  112s] + '[' -z python38 ']'
[  112s] + '[' python38 '!=' python39 ']'
[  112s] + '[' -d build ']'
[  112s] + mv build _build.python38
[  112s] + '[' -d _build.python39 ']'
[  112s] + echo python39
[  112s] + python_flavor=python39
[  112s] + /usr/bin/python3.9 setup.py build '--executable=/usr/bin/python3.9 -s'
[  116s] running build
[  116s] running build_py
[  116s] creating build
[  116s] creating build/lib
[  116s] copying cpplint.py -> build/lib
[  116s] ++ '[' -f _current_flavor ']'
[  116s] ++ cat _current_flavor
[  116s] + last_flavor=python39
[  116s] + '[' -z python39 ']'
[  116s] + '[' python39 '!=' python311 ']'
[  116s] + '[' -d build ']'
[  116s] + mv build _build.python39
[  116s] + '[' -d _build.python311 ']'
[  116s] + echo python311
[  116s] + python_flavor=python311
[  116s] + /usr/bin/python3.11 setup.py build '--executable=/usr/bin/python3.11 -s'
[  120s] running build
[  120s] running build_py
[  120s] creating build
[  120s] creating build/lib
[  120s] copying cpplint.py -> build/lib
[  120s] ++ '[' -f _current_flavor ']'
[  120s] ++ cat _current_flavor
[  121s] + last_flavor=python311
[  121s] + '[' -z python311 ']'
[  121s] + '[' python311 '!=' python310 ']'
[  121s] + '[' -d build ']'
[  121s] + mv build _build.python311
[  121s] + '[' -d _build.python310 ']'
[  121s] + echo python310
[  121s] + python_flavor=python310
[  121s] + /usr/bin/python3.10 setup.py build '--executable=/usr/bin/python3.10 -s'
[  125s] running build
[  125s] running build_py
[  125s] creating build
[  125s] creating build/lib
[  125s] copying cpplint.py -> build/lib
[  125s] + RPM_EC=0
[  125s] ++ jobs -p
[  125s] + exit 0
[  125s] Executing(%install): /usr/bin/bash -e /var/tmp/rpm-tmp.zbHYSV
[  125s] + umask 022
[  125s] + cd /home/abuild/rpmbuild/BUILD
[  125s] + /usr/bin/rm -rf /home/abuild/rpmbuild/BUILDROOT/python-cpplint-1.5.4-1.6.riscv64
[  125s] + /usr/bin/mkdir -p /home/abuild/rpmbuild/BUILDROOT
[  126s] + /usr/bin/mkdir /home/abuild/rpmbuild/BUILDROOT/python-cpplint-1.5.4-1.6.riscv64
[  126s] + cd cpplint-1.5.4
[  126s] ++ '[' -f _current_flavor ']'
[  126s] ++ cat _current_flavor
[  126s] + last_flavor=python310
[  126s] + '[' -z python310 ']'
[  126s] + '[' python310 '!=' python38 ']'
[  126s] + '[' -d build ']'
[  126s] + mv build _build.python310
[  126s] + '[' -d _build.python38 ']'
[  126s] + mv _build.python38 build
[  126s] + echo python38
[  126s] + python_flavor=python38
[  126s] + /usr/bin/python3.8 setup.py install -O1 --skip-build --force --root /home/abuild/rpmbuild/BUILDROOT/python-cpplint-1.5.4-1.6.riscv64 --prefix /usr
[  130s] running install
[  130s] running install_lib
[  130s] creating /home/abuild/rpmbuild/BUILDROOT/python-cpplint-1.5.4-1.6.riscv64/usr
[  130s] creating /home/abuild/rpmbuild/BUILDROOT/python-cpplint-1.5.4-1.6.riscv64/usr/lib
[  130s] creating /home/abuild/rpmbuild/BUILDROOT/python-cpplint-1.5.4-1.6.riscv64/usr/lib/python3.8
[  130s] creating /home/abuild/rpmbuild/BUILDROOT/python-cpplint-1.5.4-1.6.riscv64/usr/lib/python3.8/site-packages
[  130s] copying build/lib/cpplint.py -> /home/abuild/rpmbuild/BUILDROOT/python-cpplint-1.5.4-1.6.riscv64/usr/lib/python3.8/site-packages
[  130s] byte-compiling /home/abuild/rpmbuild/BUILDROOT/python-cpplint-1.5.4-1.6.riscv64/usr/lib/python3.8/site-packages/cpplint.py to cpplint.cpython-38.pyc
[  130s] writing byte-compilation script '/tmp/tmp0d4mu15f.py'
[  130s] /usr/bin/python3.8 /tmp/tmp0d4mu15f.py
[  134s] removing /tmp/tmp0d4mu15f.py
[  134s] running install_egg_info
[  134s] running egg_info
[  134s] writing cpplint.egg-info/PKG-INFO
[  134s] writing dependency_links to cpplint.egg-info/dependency_links.txt
[  134s] writing entry points to cpplint.egg-info/entry_points.txt
[  134s] writing requirements to cpplint.egg-info/requires.txt
[  134s] writing top-level names to cpplint.egg-info/top_level.txt
[  134s] reading manifest file 'cpplint.egg-info/SOURCES.txt'
[  134s] reading manifest template 'MANIFEST.in'
[  134s] /usr/lib/python3.8/site-packages/setuptools/command/install.py:34: SetuptoolsDeprecationWarning: setup.py install is deprecated. Use build and pip and other standards-based tools.
[  134s]   warnings.warn(
[  134s] warning: no previously-included files matching '.tox' found anywhere in distribution
[  134s] warning: no previously-included files matching '*~' found anywhere in distribution
[  134s] warning: no previously-included files matching '__pycache__' found anywhere in distribution
[  134s] warning: no previously-included files matching '.coverage' found anywhere in distribution
[  134s] warning: no previously-included files matching '*.py[co]' found anywhere in distribution
[  134s] warning: no previously-included files matching '*.db' found anywhere in distribution
[  134s] warning: no previously-included files matching '.git*' found anywhere in distribution
[  134s] warning: no previously-included files matching '*.orig' found anywhere in distribution
[  134s] adding license file 'LICENSE'
[  134s] writing manifest file 'cpplint.egg-info/SOURCES.txt'
[  134s] Copying cpplint.egg-info to /home/abuild/rpmbuild/BUILDROOT/python-cpplint-1.5.4-1.6.riscv64/usr/lib/python3.8/site-packages/cpplint-1.5.4-py3.8.egg-info
[  134s] running install_scripts
[  135s] Installing cpplint script to /home/abuild/rpmbuild/BUILDROOT/python-cpplint-1.5.4-1.6.riscv64/usr/bin
[  135s] ++ '[' -f _current_flavor ']'
[  135s] ++ cat _current_flavor
[  135s] + last_flavor=python38
[  135s] + '[' -z python38 ']'
[  135s] + '[' python38 '!=' python39 ']'
[  135s] + '[' -d build ']'
[  135s] + mv build _build.python38
[  135s] + '[' -d _build.python39 ']'
[  135s] + mv _build.python39 build
[  135s] + echo python39
[  135s] + python_flavor=python39
[  135s] + /usr/bin/python3.9 setup.py install -O1 --skip-build --force --root /home/abuild/rpmbuild/BUILDROOT/python-cpplint-1.5.4-1.6.riscv64 --prefix /usr
[  139s] running install
[  139s] /usr/lib/python3.9/site-packages/setuptools/command/install.py:34: SetuptoolsDeprecationWarning: setup.py install is deprecated. Use build and pip and other standards-based tools.
[  139s]   warnings.warn(
[  139s] running install_lib
[  139s] creating /home/abuild/rpmbuild/BUILDROOT/python-cpplint-1.5.4-1.6.riscv64/usr/lib/python3.9
[  139s] creating /home/abuild/rpmbuild/BUILDROOT/python-cpplint-1.5.4-1.6.riscv64/usr/lib/python3.9/site-packages
[  139s] copying build/lib/cpplint.py -> /home/abuild/rpmbuild/BUILDROOT/python-cpplint-1.5.4-1.6.riscv64/usr/lib/python3.9/site-packages
[  139s] byte-compiling /home/abuild/rpmbuild/BUILDROOT/python-cpplint-1.5.4-1.6.riscv64/usr/lib/python3.9/site-packages/cpplint.py to cpplint.cpython-39.pyc
[  139s] writing byte-compilation script '/tmp/tmpqzvua17f.py'
[  139s] /usr/bin/python3.9 /tmp/tmpqzvua17f.py
[  143s] removing /tmp/tmpqzvua17f.py
[  143s] running install_egg_info
[  143s] running egg_info
[  143s] writing cpplint.egg-info/PKG-INFO
[  143s] writing dependency_links to cpplint.egg-info/dependency_links.txt
[  143s] writing entry points to cpplint.egg-info/entry_points.txt
[  143s] writing requirements to cpplint.egg-info/requires.txt
[  143s] writing top-level names to cpplint.egg-info/top_level.txt
[  143s] reading manifest file 'cpplint.egg-info/SOURCES.txt'
[  143s] reading manifest template 'MANIFEST.in'
[  143s] warning: no previously-included files matching '.tox' found anywhere in distribution
[  143s] warning: no previously-included files matching '*~' found anywhere in distribution
[  143s] warning: no previously-included files matching '__pycache__' found anywhere in distribution
[  143s] warning: no previously-included files matching '.coverage' found anywhere in distribution
[  143s] warning: no previously-included files matching '*.py[co]' found anywhere in distribution
[  143s] warning: no previously-included files matching '*.db' found anywhere in distribution
[  143s] warning: no previously-included files matching '.git*' found anywhere in distribution
[  143s] warning: no previously-included files matching '*.orig' found anywhere in distribution
[  143s] adding license file 'LICENSE'
[  143s] writing manifest file 'cpplint.egg-info/SOURCES.txt'
[  143s] Copying cpplint.egg-info to /home/abuild/rpmbuild/BUILDROOT/python-cpplint-1.5.4-1.6.riscv64/usr/lib/python3.9/site-packages/cpplint-1.5.4-py3.9.egg-info
[  143s] running install_scripts
[  143s] Installing cpplint script to /home/abuild/rpmbuild/BUILDROOT/python-cpplint-1.5.4-1.6.riscv64/usr/bin
[  144s] ++ '[' -f _current_flavor ']'
[  144s] ++ cat _current_flavor
[  144s] + last_flavor=python39
[  144s] + '[' -z python39 ']'
[  144s] + '[' python39 '!=' python311 ']'
[  144s] + '[' -d build ']'
[  144s] + mv build _build.python39
[  144s] + '[' -d _build.python311 ']'
[  144s] + mv _build.python311 build
[  144s] + echo python311
[  144s] + python_flavor=python311
[  144s] + /usr/bin/python3.11 setup.py install -O1 --skip-build --force --root /home/abuild/rpmbuild/BUILDROOT/python-cpplint-1.5.4-1.6.riscv64 --prefix /usr
[  147s] running install
[  147s] /usr/lib/python3.11/site-packages/setuptools/command/install.py:34: SetuptoolsDeprecationWarning: setup.py install is deprecated. Use build and pip and other standards-based tools.
[  147s]   warnings.warn(
[  147s] running install_lib
[  147s] creating /home/abuild/rpmbuild/BUILDROOT/python-cpplint-1.5.4-1.6.riscv64/usr/lib/python3.11
[  147s] creating /home/abuild/rpmbuild/BUILDROOT/python-cpplint-1.5.4-1.6.riscv64/usr/lib/python3.11/site-packages
[  147s] copying build/lib/cpplint.py -> /home/abuild/rpmbuild/BUILDROOT/python-cpplint-1.5.4-1.6.riscv64/usr/lib/python3.11/site-packages
[  147s] byte-compiling /home/abuild/rpmbuild/BUILDROOT/python-cpplint-1.5.4-1.6.riscv64/usr/lib/python3.11/site-packages/cpplint.py to cpplint.cpython-311.pyc
[  148s] writing byte-compilation script '/tmp/tmps_2u0n4w.py'
[  148s] /usr/bin/python3.11 /tmp/tmps_2u0n4w.py
[  151s] removing /tmp/tmps_2u0n4w.py
[  151s] running install_egg_info
[  151s] running egg_info
[  151s] writing cpplint.egg-info/PKG-INFO
[  151s] writing dependency_links to cpplint.egg-info/dependency_links.txt
[  151s] writing entry points to cpplint.egg-info/entry_points.txt
[  151s] writing requirements to cpplint.egg-info/requires.txt
[  152s] writing top-level names to cpplint.egg-info/top_level.txt
[  152s] reading manifest file 'cpplint.egg-info/SOURCES.txt'
[  152s] reading manifest template 'MANIFEST.in'
[  152s] warning: no previously-included files matching '.tox' found anywhere in distribution
[  152s] warning: no previously-included files matching '*~' found anywhere in distribution
[  152s] warning: no previously-included files matching '__pycache__' found anywhere in distribution
[  152s] warning: no previously-included files matching '.coverage' found anywhere in distribution
[  152s] warning: no previously-included files matching '*.py[co]' found anywhere in distribution
[  152s] warning: no previously-included files matching '*.db' found anywhere in distribution
[  152s] warning: no previously-included files matching '.git*' found anywhere in distribution
[  152s] warning: no previously-included files matching '*.orig' found anywhere in distribution
[  152s] adding license file 'LICENSE'
[  152s] writing manifest file 'cpplint.egg-info/SOURCES.txt'
[  152s] Copying cpplint.egg-info to /home/abuild/rpmbuild/BUILDROOT/python-cpplint-1.5.4-1.6.riscv64/usr/lib/python3.11/site-packages/cpplint-1.5.4-py3.11.egg-info
[  152s] running install_scripts
[  152s] Installing cpplint script to /home/abuild/rpmbuild/BUILDROOT/python-cpplint-1.5.4-1.6.riscv64/usr/bin
[  152s] ++ '[' -f _current_flavor ']'
[  152s] ++ cat _current_flavor
[  152s] + last_flavor=python311
[  152s] + '[' -z python311 ']'
[  152s] + '[' python311 '!=' python310 ']'
[  152s] + '[' -d build ']'
[  152s] + mv build _build.python311
[  152s] + '[' -d _build.python310 ']'
[  152s] + mv _build.python310 build
[  152s] + echo python310
[  152s] + python_flavor=python310
[  152s] + /usr/bin/python3.10 setup.py install -O1 --skip-build --force --root /home/abuild/rpmbuild/BUILDROOT/python-cpplint-1.5.4-1.6.riscv64 --prefix /usr
[  156s] running install
[  156s] /usr/lib/python3.10/site-packages/setuptools/command/install.py:34: SetuptoolsDeprecationWarning: setup.py install is deprecated. Use build and pip and other standards-based tools.
[  156s]   warnings.warn(
[  156s] running install_lib
[  156s] creating /home/abuild/rpmbuild/BUILDROOT/python-cpplint-1.5.4-1.6.riscv64/usr/lib/python3.10
[  156s] creating /home/abuild/rpmbuild/BUILDROOT/python-cpplint-1.5.4-1.6.riscv64/usr/lib/python3.10/site-packages
[  156s] copying build/lib/cpplint.py -> /home/abuild/rpmbuild/BUILDROOT/python-cpplint-1.5.4-1.6.riscv64/usr/lib/python3.10/site-packages
[  156s] byte-compiling /home/abuild/rpmbuild/BUILDROOT/python-cpplint-1.5.4-1.6.riscv64/usr/lib/python3.10/site-packages/cpplint.py to cpplint.cpython-310.pyc
[  157s] writing byte-compilation script '/tmp/tmp_gkol63p.py'
[  157s] /usr/bin/python3.10 /tmp/tmp_gkol63p.py
[  160s] removing /tmp/tmp_gkol63p.py
[  160s] running install_egg_info
[  160s] running egg_info
[  161s] writing cpplint.egg-info/PKG-INFO
[  161s] writing dependency_links to cpplint.egg-info/dependency_links.txt
[  161s] writing entry points to cpplint.egg-info/entry_points.txt
[  161s] writing requirements to cpplint.egg-info/requires.txt
[  161s] writing top-level names to cpplint.egg-info/top_level.txt
[  161s] reading manifest file 'cpplint.egg-info/SOURCES.txt'
[  161s] reading manifest template 'MANIFEST.in'
[  161s] warning: no previously-included files matching '.tox' found anywhere in distribution
[  161s] warning: no previously-included files matching '*~' found anywhere in distribution
[  161s] warning: no previously-included files matching '__pycache__' found anywhere in distribution
[  161s] warning: no previously-included files matching '.coverage' found anywhere in distribution
[  161s] warning: no previously-included files matching '*.py[co]' found anywhere in distribution
[  161s] warning: no previously-included files matching '*.db' found anywhere in distribution
[  161s] warning: no previously-included files matching '.git*' found anywhere in distribution
[  161s] warning: no previously-included files matching '*.orig' found anywhere in distribution
[  161s] adding license file 'LICENSE'
[  161s] writing manifest file 'cpplint.egg-info/SOURCES.txt'
[  161s] Copying cpplint.egg-info to /home/abuild/rpmbuild/BUILDROOT/python-cpplint-1.5.4-1.6.riscv64/usr/lib/python3.10/site-packages/cpplint-1.5.4-py3.10.egg-info
[  161s] running install_scripts
[  161s] Installing cpplint script to /home/abuild/rpmbuild/BUILDROOT/python-cpplint-1.5.4-1.6.riscv64/usr/bin
[  161s] + cp /home/abuild/rpmbuild/BUILDROOT/python-cpplint-1.5.4-1.6.riscv64/usr/bin/cpplint /home/abuild/rpmbuild/BUILDROOT/python-cpplint-1.5.4-1.6.riscv64/usr/bin/cpplint-3.8
[  161s] + sed -ri '1s@#!.*python.*@#!/usr/bin/python3.8@' /home/abuild/rpmbuild/BUILDROOT/python-cpplint-1.5.4-1.6.riscv64/usr/bin/cpplint-3.8
[  161s] + cp /home/abuild/rpmbuild/BUILDROOT/python-cpplint-1.5.4-1.6.riscv64/usr/bin/cpplint /home/abuild/rpmbuild/BUILDROOT/python-cpplint-1.5.4-1.6.riscv64/usr/bin/cpplint-3.9
[  161s] + sed -ri '1s@#!.*python.*@#!/usr/bin/python3.9@' /home/abuild/rpmbuild/BUILDROOT/python-cpplint-1.5.4-1.6.riscv64/usr/bin/cpplint-3.9
[  161s] + cp /home/abuild/rpmbuild/BUILDROOT/python-cpplint-1.5.4-1.6.riscv64/usr/bin/cpplint /home/abuild/rpmbuild/BUILDROOT/python-cpplint-1.5.4-1.6.riscv64/usr/bin/cpplint-3.11
[  162s] + sed -ri '1s@#!.*python.*@#!/usr/bin/python3.11@' /home/abuild/rpmbuild/BUILDROOT/python-cpplint-1.5.4-1.6.riscv64/usr/bin/cpplint-3.11
[  162s] + cp /home/abuild/rpmbuild/BUILDROOT/python-cpplint-1.5.4-1.6.riscv64/usr/bin/cpplint /home/abuild/rpmbuild/BUILDROOT/python-cpplint-1.5.4-1.6.riscv64/usr/bin/cpplint-3.10
[  162s] + sed -ri '1s@#!.*python.*@#!/usr/bin/python3.10@' /home/abuild/rpmbuild/BUILDROOT/python-cpplint-1.5.4-1.6.riscv64/usr/bin/cpplint-3.10
[  162s] + rm -f /home/abuild/rpmbuild/BUILDROOT/python-cpplint-1.5.4-1.6.riscv64/usr/bin/cpplint
[  162s] + alternative_target=/usr/bin/cpplint
[  162s] + [[ /usr/bin/cpplint == /usr/share/man* ]]
[  162s] + '[' 0 -eq 1 ']'
[  162s] + mkdir -p /home/abuild/rpmbuild/BUILDROOT/python-cpplint-1.5.4-1.6.riscv64/etc/alternatives
[  162s] + touch /home/abuild/rpmbuild/BUILDROOT/python-cpplint-1.5.4-1.6.riscv64/etc/alternatives/cpplint
[  162s] + ln -sf /etc/alternatives/cpplint /home/abuild/rpmbuild/BUILDROOT/python-cpplint-1.5.4-1.6.riscv64/usr/bin/cpplint
[  162s] ++ '[' -f _current_flavor ']'
[  162s] ++ cat _current_flavor
[  162s] + last_flavor=python310
[  162s] + '[' -z python310 ']'
[  162s] + '[' python310 '!=' python38 ']'
[  162s] + '[' -d build ']'
[  162s] + mv build _build.python310
[  162s] + '[' -d _build.python38 ']'
[  162s] + mv _build.python38 build
[  162s] + echo python38
[  162s] + python_flavor=python38
[  162s] + /usr/lib/rpm/fdupes_wrapper /home/abuild/rpmbuild/BUILDROOT/python-cpplint-1.5.4-1.6.riscv64/usr/lib/python3.8/site-packages
[  162s] ++ '[' -f _current_flavor ']'
[  162s] ++ cat _current_flavor
[  162s] + last_flavor=python38
[  162s] + '[' -z python38 ']'
[  162s] + '[' python38 '!=' python39 ']'
[  162s] + '[' -d build ']'
[  162s] + mv build _build.python38
[  162s] + '[' -d _build.python39 ']'
[  162s] + mv _build.python39 build
[  162s] + echo python39
[  162s] + python_flavor=python39
[  162s] + /usr/lib/rpm/fdupes_wrapper /home/abuild/rpmbuild/BUILDROOT/python-cpplint-1.5.4-1.6.riscv64/usr/lib/python3.9/site-packages
[  163s] ++ '[' -f _current_flavor ']'
[  163s] ++ cat _current_flavor
[  163s] + last_flavor=python39
[  163s] + '[' -z python39 ']'
[  163s] + '[' python39 '!=' python311 ']'
[  163s] + '[' -d build ']'
[  163s] + mv build _build.python39
[  163s] + '[' -d _build.python311 ']'
[  163s] + mv _build.python311 build
[  163s] + echo python311
[  163s] + python_flavor=python311
[  163s] + /usr/lib/rpm/fdupes_wrapper /home/abuild/rpmbuild/BUILDROOT/python-cpplint-1.5.4-1.6.riscv64/usr/lib/python3.11/site-packages
[  163s] Linking /home/abuild/rpmbuild/BUILDROOT/python-cpplint-1.5.4-1.6.riscv64/usr/lib/python3.11/site-packages/__pycache__/cpplint.cpython-311.opt-1.pyc -> /home/abuild/rpmbuild/BUILDROOT/python-cpplint-1.5.4-1.6.riscv64/usr/lib/python3.11/site-packages/__pycache__/cpplint.cpython-311.pyc
[  163s] ++ '[' -f _current_flavor ']'
[  163s] ++ cat _current_flavor
[  163s] + last_flavor=python311
[  163s] + '[' -z python311 ']'
[  163s] + '[' python311 '!=' python310 ']'
[  163s] + '[' -d build ']'
[  163s] + mv build _build.python311
[  163s] + '[' -d _build.python310 ']'
[  163s] + mv _build.python310 build
[  163s] + echo python310
[  163s] + python_flavor=python310
[  163s] + /usr/lib/rpm/fdupes_wrapper /home/abuild/rpmbuild/BUILDROOT/python-cpplint-1.5.4-1.6.riscv64/usr/lib/python3.10/site-packages
[  163s] + /usr/lib/rpm/find-debuginfo -j8 -n --run-dwz --dwz-low-mem-die-limit 10000000 --dwz-max-die-limit 50000000 -S debugsourcefiles.list /home/abuild/rpmbuild/BUILD/cpplint-1.5.4
[  164s] + /usr/lib/rpm/brp-compress
[  164s] + /usr/lib/rpm/brp-suse
[  164s] calling /usr/lib/rpm/brp-suse.d/brp-05-permissions
[  164s] calling /usr/lib/rpm/brp-suse.d/brp-15-strip-debug
[  165s] calling /usr/lib/rpm/brp-suse.d/brp-25-symlink
[  165s] calling /usr/lib/rpm/brp-suse.d/brp-50-generate-fips-hmac
[  165s] calling /usr/lib/rpm/brp-suse.d/brp-75-ar
[  165s] Executing(%check): /usr/bin/bash -e /var/tmp/rpm-tmp.6t8MLi
[  166s] + umask 022
[  166s] + cd /home/abuild/rpmbuild/BUILD
[  166s] + cd cpplint-1.5.4
[  166s] + set +x
[  166s] Using libalternatives variant 38 for py.test in XDG_CONFIG_HOME during Python 3.8 expansions.
[  166s] Using libalternatives variant 38 for pytest in XDG_CONFIG_HOME during Python 3.8 expansions.
[  166s] Using alternative cpplint-3.8 for cpplint in ./build/flavorbin during Python 3.8 expansions.
[  167s] Using libalternatives variant 39 for py.test in XDG_CONFIG_HOME during Python 3.9 expansions.
[  167s] Using libalternatives variant 39 for pytest in XDG_CONFIG_HOME during Python 3.9 expansions.
[  167s] Using alternative cpplint-3.9 for cpplint in ./build/flavorbin during Python 3.9 expansions.
[  168s] Using libalternatives variant 311 for py.test in XDG_CONFIG_HOME during Python 3.11 expansions.
[  168s] Using libalternatives variant 311 for pytest in XDG_CONFIG_HOME during Python 3.11 expansions.
[  168s] Using alternative cpplint-3.11 for cpplint in ./build/flavorbin during Python 3.11 expansions.
[  169s] Using alternative cpplint-3.10 for cpplint in ./build/flavorbin during Python 3.10 expansions.
[  169s] + export PATH=/home/abuild/rpmbuild/BUILD/cpplint-1.5.4/build/flavorbin:/usr/local/bin:/usr/bin:/bin
[  169s] + PATH=/home/abuild/rpmbuild/BUILD/cpplint-1.5.4/build/flavorbin:/usr/local/bin:/usr/bin:/bin
[  169s] ++ '[' -f _current_flavor ']'
[  169s] ++ cat _current_flavor
[  169s] + last_flavor=python310
[  169s] + '[' -z python310 ']'
[  169s] + '[' python310 '!=' python38 ']'
[  169s] + '[' -d build ']'
[  169s] + mv build _build.python310
[  169s] + '[' -d _build.python38 ']'
[  169s] + mv _build.python38 build
[  169s] + echo python38
[  169s] + python_flavor=python38
[  169s] + PYTHONPATH=/home/abuild/rpmbuild/BUILDROOT/python-cpplint-1.5.4-1.6.riscv64/usr/lib/python3.8/site-packages
[  169s] + PYTHONDONTWRITEBYTECODE=1
[  169s] + pytest-3.8 --ignore=_build.python38 --ignore=_build.python39 --ignore=_build.python311 --ignore=_build.python310 -v
[  172s] ============================= test session starts ==============================
[  172s] platform linux -- Python 3.8.16, pytest-7.2.0, pluggy-1.0.0 -- /usr/bin/python3.8
[  172s] cachedir: .pytest_cache
[  172s] rootdir: /home/abuild/rpmbuild/BUILD/cpplint-1.5.4, configfile: setup.cfg, testpaths: .
[  175s] collecting ... collected 207 items
[  175s] 
[  176s] cpplint_clitest.py::UsageTest::testHelp PASSED                           [  0%]
[  220s] cpplint_clitest.py::NoRepoSignatureTests::testBoostSample PASSED         [  0%]
[  241s] cpplint_clitest.py::NoRepoSignatureTests::testChromiumSample PASSED      [  1%]
[  246s] cpplint_clitest.py::NoRepoSignatureTests::testCodeliteSample PASSED      [  1%]
[  372s] cpplint_clitest.py::NoRepoSignatureTests::testProtobufSample PASSED      [  2%]
[  382s] cpplint_clitest.py::NoRepoSignatureTests::testSillySample PASSED         [  2%]
[  391s] cpplint_clitest.py::NoRepoSignatureTests::testV8Sample PASSED            [  3%]
[  397s] cpplint_clitest.py::NoRepoSignatureTests::testVlcSample PASSED           [  3%]
[  402s] cpplint_clitest.py::GitRepoSignatureTests::testCodeliteSample PASSED     [  4%]
[  407s] cpplint_clitest.py::MercurialRepoSignatureTests::testCodeliteSample PASSED [  4%]
[  412s] cpplint_clitest.py::SvnRepoSignatureTests::testCodeliteSample PASSED     [  5%]
[  412s] cpplint_unittest.py::CpplintTest::testAllowBlankLineAfterExtern PASSED   [  5%]
[  412s] cpplint_unittest.py::CpplintTest::testAllowBlankLineBeforeClosingNamespace PASSED [  6%]
[  412s] cpplint_unittest.py::CpplintTest::testAllowBlankLineBeforeIfElseChain PASSED [  6%]
[  413s] cpplint_unittest.py::CpplintTest::testAllowBlankLinesInRawStrings PASSED [  7%]
[  413s] cpplint_unittest.py::CpplintTest::testBadCharacters PASSED               [  7%]
[  413s] cpplint_unittest.py::CpplintTest::testBlankLineBeforeSectionKeyword PASSED [  8%]
[  414s] cpplint_unittest.py::CpplintTest::testBlankLinesCheck PASSED             [  8%]
[  414s] cpplint_unittest.py::CpplintTest::testBraceAtBeginOfLine PASSED          [  9%]
[  414s] cpplint_unittest.py::CpplintTest::testBraceInitializerList PASSED        [  9%]
[  414s] cpplint_unittest.py::CpplintTest::testBraces PASSED                      [ 10%]
[  414s] cpplint_unittest.py::CpplintTest::testBuildClass PASSED                  [ 10%]
[  414s] cpplint_unittest.py::CpplintTest::testBuildEndComment PASSED             [ 11%]
[  414s] cpplint_unittest.py::CpplintTest::testBuildForwardDecl PASSED            [ 11%]
[  415s] cpplint_unittest.py::CpplintTest::testBuildHeaderGuard PASSED            [ 12%]
[  415s] cpplint_unittest.py::CpplintTest::testBuildHeaderGuardWithRepository PASSED [ 12%]
[  415s] cpplint_unittest.py::CpplintTest::testBuildHeaderGuardWithRoot PASSED    [ 13%]
[  415s] cpplint_unittest.py::CpplintTest::testBuildInclude PASSED                [ 13%]
[  415s] cpplint_unittest.py::CpplintTest::testBuildPrintfFormat PASSED           [ 14%]
[  415s] cpplint_unittest.py::CpplintTest::testBuildStorageClass PASSED           [ 14%]
[  415s] cpplint_unittest.py::CpplintTest::testCStyleCast PASSED                  [ 14%]
[  415s] cpplint_unittest.py::CpplintTest::testCheckAltTokens PASSED              [ 15%]
[  415s] cpplint_unittest.py::CpplintTest::testCheckCheck PASSED                  [ 15%]
[  415s] cpplint_unittest.py::CpplintTest::testCheckCheckFalsePositives PASSED    [ 16%]
[  415s] cpplint_unittest.py::CpplintTest::testCheckDeprecated PASSED             [ 16%]
[  415s] cpplint_unittest.py::CpplintTest::testCheckForUnnamedParams PASSED       [ 17%]
[  416s] cpplint_unittest.py::CpplintTest::testCheckPosixThreading PASSED         [ 17%]
[  416s] cpplint_unittest.py::CpplintTest::testCleanseLine PASSED                 [ 18%]
[  416s] cpplint_unittest.py::CpplintTest::testComma PASSED                       [ 18%]
[  416s] cpplint_unittest.py::CpplintTest::testConditionals PASSED                [ 19%]
[  416s] cpplint_unittest.py::CpplintTest::testConstStringReferenceMembers PASSED [ 19%]
[  416s] cpplint_unittest.py::CpplintTest::testDefaultFilter PASSED               [ 20%]
[  416s] cpplint_unittest.py::CpplintTest::testDeprecatedCast PASSED              [ 20%]
[  416s] cpplint_unittest.py::CpplintTest::testDisallowMacrosAtEnd PASSED         [ 21%]
[  417s] cpplint_unittest.py::CpplintTest::testDuplicateHeader PASSED             [ 21%]
[  417s] cpplint_unittest.py::CpplintTest::testElseClauseNotOnSameLineAsElse PASSED [ 22%]
[  417s] cpplint_unittest.py::CpplintTest::testElseOnSameLineAsClosingBraces PASSED [ 22%]
[  417s] cpplint_unittest.py::CpplintTest::testEmptyBlockBody PASSED              [ 23%]
[  417s] cpplint_unittest.py::CpplintTest::testEndOfNamespaceComments PASSED      [ 23%]
[  417s] cpplint_unittest.py::CpplintTest::testEqualsOperatorSpacing PASSED       [ 24%]
[  418s] cpplint_unittest.py::CpplintTest::testErrorSuppression PASSED            [ 24%]
[  418s] cpplint_unittest.py::CpplintTest::testExplicitSingleArgumentConstructors PASSED [ 25%]
[  418s] cpplint_unittest.py::CpplintTest::testFalsePositivesNoError PASSED       [ 25%]
[  418s] cpplint_unittest.py::CpplintTest::testFilesBelongToSameModule PASSED     [ 26%]
[  418s] cpplint_unittest.py::CpplintTest::testFilter PASSED                      [ 26%]
[  418s] cpplint_unittest.py::CpplintTest::testFindNextMultiLineCommentEnd PASSED [ 27%]
[  418s] cpplint_unittest.py::CpplintTest::testFindNextMultiLineCommentStart PASSED [ 27%]
[  418s] cpplint_unittest.py::CpplintTest::testFormatStrings PASSED               [ 28%]
[  418s] cpplint_unittest.py::CpplintTest::testForwardDeclarationNameSpaceIndentation PASSED [ 28%]
[  418s] cpplint_unittest.py::CpplintTest::testGetLineWidth PASSED                [ 28%]
[  418s] cpplint_unittest.py::CpplintTest::testGetTextInside PASSED               [ 29%]
[  418s] cpplint_unittest.py::CpplintTest::testHppInclude PASSED                  [ 29%]
[  418s] cpplint_unittest.py::CpplintTest::testIllegalOperatorOverloading PASSED  [ 30%]
[  419s] cpplint_unittest.py::CpplintTest::testIncludeFilenameFalseError PASSED   [ 30%]
[  419s] cpplint_unittest.py::CpplintTest::testIncludeItsHeader PASSED            [ 31%]
[  419s] cpplint_unittest.py::CpplintTest::testIncludeWhatYouUse PASSED           [ 31%]
[  419s] cpplint_unittest.py::CpplintTest::testIncludeWhatYouUseNoImplementationFiles PASSED [ 32%]
[  419s] cpplint_unittest.py::CpplintTest::testIndent PASSED                      [ 32%]
[  419s] cpplint_unittest.py::CpplintTest::testInvalidIncrement PASSED            [ 33%]
[  419s] cpplint_unittest.py::CpplintTest::testInvalidUtf8 PASSED                 [ 33%]
[  419s] cpplint_unittest.py::CpplintTest::testIsBlankLine PASSED                 [ 34%]
[  419s] cpplint_unittest.py::CpplintTest::testJUnitXML PASSED                    [ 34%]
[  419s] cpplint_unittest.py::CpplintTest::testLambda PASSED                      [ 35%]
[  419s] cpplint_unittest.py::CpplintTest::testLambdasOnSameLine PASSED           [ 35%]
[  419s] cpplint_unittest.py::CpplintTest::testLegalCopyright PASSED              [ 36%]
[  419s] cpplint_unittest.py::CpplintTest::testLineLength PASSED                  [ 36%]
[  419s] cpplint_unittest.py::CpplintTest::testLineLengthCheck PASSED             [ 37%]
[  420s] cpplint_unittest.py::CpplintTest::testLinePrecededByEmptyOrCommentLines PASSED [ 37%]
[  420s] cpplint_unittest.py::CpplintTest::testMismatchingSpacesInParens PASSED   [ 38%]
[  420s] cpplint_unittest.py::CpplintTest::testMockCallback PASSED                [ 38%]
[  420s] cpplint_unittest.py::CpplintTest::testMockMethod PASSED                  [ 39%]
[  420s] cpplint_unittest.py::CpplintTest::testMultiLineComments PASSED           [ 39%]
[  420s] cpplint_unittest.py::CpplintTest::testMultilineStrings PASSED            [ 40%]
[  420s] cpplint_unittest.py::CpplintTest::testMultipleStatementsOnSameLine PASSED [ 40%]
[  420s] cpplint_unittest.py::CpplintTest::testNameSpaceIndentationForClass PASSED [ 41%]
[  420s] cpplint_unittest.py::CpplintTest::testNameSpaceIndentationNoError PASSED [ 41%]
[  420s] cpplint_unittest.py::CpplintTest::testNewlineAtEOF PASSED                [ 42%]
[  420s] cpplint_unittest.py::CpplintTest::testNoBlankLineAfterSectionKeyword PASSED [ 42%]
[  420s] cpplint_unittest.py::CpplintTest::testNoSpacesInFunctionCalls PASSED     [ 42%]
[  420s] cpplint_unittest.py::CpplintTest::testNonConstReference PASSED           [ 43%]
[  420s] cpplint_unittest.py::CpplintTest::testParseArguments PASSED              [ 43%]
[  420s] cpplint_unittest.py::CpplintTest::testPathSplitToList PASSED             [ 44%]
[  421s] cpplint_unittest.py::CpplintTest::testPragmaOnce PASSED                  [ 44%]
[  421s] cpplint_unittest.py::CpplintTest::testQuiet PASSED                       [ 45%]
[  421s] cpplint_unittest.py::CpplintTest::testRawStrings PASSED                  [ 45%]
[  421s] cpplint_unittest.py::CpplintTest::testRecursiveArgument PASSED           [ 46%]
[  421s] cpplint_unittest.py::CpplintTest::testRecursiveExclude PASSED            [ 46%]
[  421s] cpplint_unittest.py::CpplintTest::testRecursiveExcludeInvalidFileExtension PASSED [ 47%]
[  421s] cpplint_unittest.py::CpplintTest::testRedundantVirtual PASSED            [ 47%]
[  421s] cpplint_unittest.py::CpplintTest::testRemoveMultiLineCommentsFromRange PASSED [ 48%]
[  421s] cpplint_unittest.py::CpplintTest::testRuntimeCasting PASSED              [ 48%]
[  421s] cpplint_unittest.py::CpplintTest::testRuntimePrintfFormat PASSED         [ 49%]
[  421s] cpplint_unittest.py::CpplintTest::testRuntimeSelfinit PASSED             [ 49%]
[  421s] cpplint_unittest.py::CpplintTest::testSectionIndent PASSED               [ 50%]
[  421s] cpplint_unittest.py::CpplintTest::testSemiColonAfterBraces PASSED        [ 50%]
[  421s] cpplint_unittest.py::CpplintTest::testShiftOperatorSpacing PASSED        [ 51%]
[  421s] cpplint_unittest.py::CpplintTest::testSlashStarCommentOnSingleLine PASSED [ 51%]
[  421s] cpplint_unittest.py::CpplintTest::testSnprintfSize PASSED                [ 52%]
[  421s] cpplint_unittest.py::CpplintTest::testSpaceAfterCommentMarker PASSED     [ 52%]
[  421s] cpplint_unittest.py::CpplintTest::testSpacesAtEndOfLine PASSED           [ 53%]
[  421s] cpplint_unittest.py::CpplintTest::testSpacingAroundElse PASSED           [ 53%]
[  422s] cpplint_unittest.py::CpplintTest::testSpacingBeforeBraces PASSED         [ 54%]
[  422s] cpplint_unittest.py::CpplintTest::testSpacingBeforeBrackets PASSED       [ 54%]
[  422s] cpplint_unittest.py::CpplintTest::testSpacingBeforeLastSemicolon PASSED  [ 55%]
[  422s] cpplint_unittest.py::CpplintTest::testSpacingForBinaryOps PASSED         [ 55%]
[  422s] cpplint_unittest.py::CpplintTest::testSpacingForFncall PASSED            [ 56%]
[  422s] cpplint_unittest.py::CpplintTest::testSpacingForRangeBasedFor PASSED     [ 56%]
[  422s] cpplint_unittest.py::CpplintTest::testSpacingWithInitializerLists PASSED [ 57%]
[  422s] cpplint_unittest.py::CpplintTest::testStaticOrGlobalSTLStrings PASSED    [ 57%]
[  422s] cpplint_unittest.py::CpplintTest::testSuspiciousUsageOfIf PASSED         [ 57%]
[  422s] cpplint_unittest.py::CpplintTest::testSuspiciousUsageOfMemset PASSED     [ 58%]
[  422s] cpplint_unittest.py::CpplintTest::testTab PASSED                         [ 58%]
[  422s] cpplint_unittest.py::CpplintTest::testToDoComments PASSED                [ 59%]
[  422s] cpplint_unittest.py::CpplintTest::testTwoSpacesBetweenCodeAndComments PASSED [ 59%]
[  422s] cpplint_unittest.py::CpplintTest::testTypedefForPointerToFunction PASSED [ 60%]
[  422s] cpplint_unittest.py::CpplintTest::testUnnamedNamespacesInHeaders PASSED  [ 60%]
[  422s] cpplint_unittest.py::CpplintTest::testUnnamedNamespacesInNonHeaders PASSED [ 61%]
[  422s] cpplint_unittest.py::CpplintTest::testUsingLiteralsNamespaces PASSED     [ 61%]
[  422s] cpplint_unittest.py::CpplintTest::testVariableDeclarations PASSED        [ 62%]
[  422s] cpplint_unittest.py::CpplintTest::testVariableLengthArrayDetection PASSED [ 62%]
[  423s] cpplint_unittest.py::CpplintTest::testVlogMisuse PASSED                  [ 63%]
[  423s] cpplint_unittest.py::CpplintTest::testWhitespaceBeforeNamespace PASSED   [ 63%]
[  423s] cpplint_unittest.py::Cxx11Test::testBlockedClasses PASSED                [ 64%]
[  423s] cpplint_unittest.py::Cxx11Test::testBlockedFunctions PASSED              [ 64%]
[  423s] cpplint_unittest.py::Cxx11Test::testBlockedHeaders PASSED                [ 65%]
[  423s] cpplint_unittest.py::Cxx11Test::testExplicitMakePair PASSED              [ 65%]
[  423s] cpplint_unittest.py::Cxx14Test::testBlockedHeaders PASSED                [ 66%]
[  423s] cpplint_unittest.py::CleansedLinesTest::testCollapseStrings PASSED       [ 66%]
[  423s] cpplint_unittest.py::CleansedLinesTest::testInit PASSED                  [ 67%]
[  423s] cpplint_unittest.py::CleansedLinesTest::testInitEmpty PASSED             [ 67%]
[  423s] cpplint_unittest.py::OrderOfIncludesTest::testCheckNextIncludeOrder_CppThenC PASSED [ 68%]
[  423s] cpplint_unittest.py::OrderOfIncludesTest::testCheckNextIncludeOrder_CppThenLikely PASSED [ 68%]
[  423s] cpplint_unittest.py::OrderOfIncludesTest::testCheckNextIncludeOrder_CppThenOtherSys PASSED [ 69%]
[  423s] cpplint_unittest.py::OrderOfIncludesTest::testCheckNextIncludeOrder_CppThenPossible PASSED [ 69%]
[  423s] cpplint_unittest.py::OrderOfIncludesTest::testCheckNextIncludeOrder_LikelyThenCpp PASSED [ 70%]
[  423s] cpplint_unittest.py::OrderOfIncludesTest::testCheckNextIncludeOrder_OtherSysThenC PASSED [ 70%]
[  423s] cpplint_unittest.py::OrderOfIncludesTest::testCheckNextIncludeOrder_OtherSysThenCpp PASSED [ 71%]
[  423s] cpplint_unittest.py::OrderOfIncludesTest::testCheckNextIncludeOrder_OtherSysThenPossible PASSED [ 71%]
[  423s] cpplint_unittest.py::OrderOfIncludesTest::testCheckNextIncludeOrder_OtherThenCpp PASSED [ 71%]
[  423s] cpplint_unittest.py::OrderOfIncludesTest::testCheckNextIncludeOrder_PossibleThenCpp PASSED [ 72%]
[  423s] cpplint_unittest.py::OrderOfIncludesTest::testClassifyInclude PASSED     [ 72%]
[  423s] cpplint_unittest.py::OrderOfIncludesTest::testRegression PASSED          [ 73%]
[  423s] cpplint_unittest.py::OrderOfIncludesTest::testTryDropCommonSuffixes PASSED [ 73%]
[  423s] cpplint_unittest.py::CheckForFunctionLengthsTest::testFunctionLengthCheckClassDefinition PASSED [ 74%]
[  423s] cpplint_unittest.py::CheckForFunctionLengthsTest::testFunctionLengthCheckComplexDefinitionSeverity1 PASSED [ 74%]
[  423s] cpplint_unittest.py::CheckForFunctionLengthsTest::testFunctionLengthCheckDeclaration PASSED [ 75%]
[  423s] cpplint_unittest.py::CheckForFunctionLengthsTest::testFunctionLengthCheckDeclarationWithBlockFollowing PASSED [ 75%]
[  423s] cpplint_unittest.py::CheckForFunctionLengthsTest::testFunctionLengthCheckDefinitionAboveSeverity0 PASSED [ 76%]
[  423s] cpplint_unittest.py::CheckForFunctionLengthsTest::testFunctionLengthCheckDefinitionAboveSeverity1 PASSED [ 76%]
[  423s] cpplint_unittest.py::CheckForFunctionLengthsTest::testFunctionLengthCheckDefinitionAboveSeverity2 PASSED [ 77%]
[  423s] cpplint_unittest.py::CheckForFunctionLengthsTest::testFunctionLengthCheckDefinitionAboveSeverity3 PASSED [ 77%]
[  423s] cpplint_unittest.py::CheckForFunctionLengthsTest::testFunctionLengthCheckDefinitionAboveSeverity4 PASSED [ 78%]
[  423s] cpplint_unittest.py::CheckForFunctionLengthsTest::testFunctionLengthCheckDefinitionAboveSeverity5 PASSED [ 78%]
[  423s] cpplint_unittest.py::CheckForFunctionLengthsTest::testFunctionLengthCheckDefinitionAtSeverity0 PASSED [ 79%]
[  423s] cpplint_unittest.py::CheckForFunctionLengthsTest::testFunctionLengthCheckDefinitionAtSeverity1 PASSED [ 79%]
[  423s] cpplint_unittest.py::CheckForFunctionLengthsTest::testFunctionLengthCheckDefinitionAtSeverity1v0 PASSED [ 80%]
[  423s] cpplint_unittest.py::CheckForFunctionLengthsTest::testFunctionLengthCheckDefinitionAtSeverity5 PASSED [ 80%]
[  424s] cpplint_unittest.py::CheckForFunctionLengthsTest::testFunctionLengthCheckDefinitionBelowSeverity0 PASSED [ 81%]
[  424s] cpplint_unittest.py::CheckForFunctionLengthsTest::testFunctionLengthCheckDefinitionBelowSeverity1 PASSED [ 81%]
[  424s] cpplint_unittest.py::CheckForFunctionLengthsTest::testFunctionLengthCheckDefinitionBelowSeverity1v0 PASSED [ 82%]
[  424s] cpplint_unittest.py::CheckForFunctionLengthsTest::testFunctionLengthCheckDefinitionBelowSeverity2 PASSED [ 82%]
[  424s] cpplint_unittest.py::CheckForFunctionLengthsTest::testFunctionLengthCheckDefinitionBelowSeverity3 PASSED [ 83%]
[  424s] cpplint_unittest.py::CheckForFunctionLengthsTest::testFunctionLengthCheckDefinitionBelowSeverity4 PASSED [ 83%]
[  424s] cpplint_unittest.py::CheckForFunctionLengthsTest::testFunctionLengthCheckDefinitionBelowSeverity5 PASSED [ 84%]
[  426s] cpplint_unittest.py::CheckForFunctionLengthsTest::testFunctionLengthCheckDefinitionHugeLines PASSED [ 84%]
[  426s] cpplint_unittest.py::CheckForFunctionLengthsTest::testFunctionLengthCheckDefinitionSeverity1ForBadTestDoesntBreak PASSED [ 85%]
[  426s] cpplint_unittest.py::CheckForFunctionLengthsTest::testFunctionLengthCheckDefinitionSeverity1ForSplitLineTest PASSED [ 85%]
[  426s] cpplint_unittest.py::CheckForFunctionLengthsTest::testFunctionLengthCheckDefinitionSeverity1ForTest PASSED [ 85%]
[  426s] cpplint_unittest.py::CheckForFunctionLengthsTest::testFunctionLengthCheckDefinitionSeverity1PlusBlanks PASSED [ 86%]
[  426s] cpplint_unittest.py::CheckForFunctionLengthsTest::testFunctionLengthCheckDefinitionSeverity1WithEmbeddedNoLints PASSED [ 86%]
[  426s] cpplint_unittest.py::CheckForFunctionLengthsTest::testFunctionLengthCheckDefinitionSeverity1WithNoLint PASSED [ 87%]
[  426s] cpplint_unittest.py::CheckForFunctionLengthsTest::testFunctionLengthCheckDefinitionSeverity2 PASSED [ 87%]
[  426s] cpplint_unittest.py::CheckForFunctionLengthsTest::testFunctionLengthCheckDefinitionSeverity3 PASSED [ 88%]
[  426s] cpplint_unittest.py::CheckForFunctionLengthsTest::testFunctionLengthCheckDefinitionSeverity4 PASSED [ 88%]
[  426s] cpplint_unittest.py::CheckForFunctionLengthsTest::testFunctionLengthCheckEmpty PASSED [ 89%]
[  426s] cpplint_unittest.py::CheckForFunctionLengthsTest::testFunctionLengthCheckTrivial PASSED [ 89%]
[  427s] cpplint_unittest.py::CheckForFunctionLengthsTest::testFunctionLengthCheckWithNamespace PASSED [ 90%]
[  427s] cpplint_unittest.py::CheckForFunctionLengthsTest::testFunctionLengthNotDeterminable PASSED [ 90%]
[  427s] cpplint_unittest.py::CloseExpressionTest::testCloseExpression PASSED     [ 91%]
[  427s] cpplint_unittest.py::CloseExpressionTest::testReverseCloseExpression PASSED [ 91%]
[  427s] cpplint_unittest.py::NestingStateTest::testArguments PASSED              [ 92%]
[  427s] cpplint_unittest.py::NestingStateTest::testClass PASSED                  [ 92%]
[  427s] cpplint_unittest.py::NestingStateTest::testClassAccess PASSED            [ 93%]
[  427s] cpplint_unittest.py::NestingStateTest::testDecoratedClass PASSED         [ 93%]
[  427s] cpplint_unittest.py::NestingStateTest::testEmpty PASSED                  [ 94%]
[  427s] cpplint_unittest.py::NestingStateTest::testInlineAssembly PASSED         [ 94%]
[  427s] cpplint_unittest.py::NestingStateTest::testInnerClass PASSED             [ 95%]
[  427s] cpplint_unittest.py::NestingStateTest::testNamespace PASSED              [ 95%]
[  427s] cpplint_unittest.py::NestingStateTest::testPreprocessor PASSED           [ 96%]
[  427s] cpplint_unittest.py::NestingStateTest::testStruct PASSED                 [ 96%]
[  427s] cpplint_unittest.py::NestingStateTest::testTemplate PASSED               [ 97%]
[  427s] cpplint_unittest.py::NestingStateTest::testTemplateDefaultArg PASSED     [ 97%]
[  427s] cpplint_unittest.py::NestingStateTest::testTemplateInnerClass PASSED     [ 98%]
[  428s] cpplint_unittest.py::QuietTest::testNonQuietWithErrors PASSED            [ 98%]
[  430s] cpplint_unittest.py::QuietTest::testNonQuietWithoutErrors PASSED         [ 99%]
[  431s] cpplint_unittest.py::QuietTest::testQuietWithErrors PASSED               [ 99%]
[  433s] cpplint_unittest.py::QuietTest::testQuietWithoutErrors PASSED            [100%]
[  433s] 
[  433s] ======================= 207 passed in 260.18s (0:04:20) ========================
[  433s] ++ '[' -f _current_flavor ']'
[  433s] ++ cat _current_flavor
[  433s] + last_flavor=python38
[  433s] + '[' -z python38 ']'
[  433s] + '[' python38 '!=' python39 ']'
[  433s] + '[' -d build ']'
[  433s] + mv build _build.python38
[  433s] + '[' -d _build.python39 ']'
[  433s] + mv _build.python39 build
[  433s] + echo python39
[  433s] + python_flavor=python39
[  433s] + PYTHONPATH=/home/abuild/rpmbuild/BUILDROOT/python-cpplint-1.5.4-1.6.riscv64/usr/lib/python3.9/site-packages
[  433s] + PYTHONDONTWRITEBYTECODE=1
[  433s] + pytest-3.9 --ignore=_build.python38 --ignore=_build.python39 --ignore=_build.python311 --ignore=_build.python310 -v
[  436s] ============================= test session starts ==============================
[  436s] platform linux -- Python 3.9.16, pytest-7.2.0, pluggy-1.0.0 -- /usr/bin/python3.9
[  436s] cachedir: .pytest_cache
[  436s] rootdir: /home/abuild/rpmbuild/BUILD/cpplint-1.5.4, configfile: setup.cfg, testpaths: .
[  438s] collecting ... collected 207 items
[  438s] 
[  440s] cpplint_clitest.py::UsageTest::testHelp PASSED                           [  0%]
[  483s] cpplint_clitest.py::NoRepoSignatureTests::testBoostSample PASSED         [  0%]
[  503s] cpplint_clitest.py::NoRepoSignatureTests::testChromiumSample PASSED      [  1%]
[  508s] cpplint_clitest.py::NoRepoSignatureTests::testCodeliteSample PASSED      [  1%]
[  625s] cpplint_clitest.py::NoRepoSignatureTests::testProtobufSample PASSED      [  2%]
[  635s] cpplint_clitest.py::NoRepoSignatureTests::testSillySample PASSED         [  2%]
[  644s] cpplint_clitest.py::NoRepoSignatureTests::testV8Sample PASSED            [  3%]
[  650s] cpplint_clitest.py::NoRepoSignatureTests::testVlcSample PASSED           [  3%]
[  655s] cpplint_clitest.py::GitRepoSignatureTests::testCodeliteSample PASSED     [  4%]
[  659s] cpplint_clitest.py::MercurialRepoSignatureTests::testCodeliteSample PASSED [  4%]
[  664s] cpplint_clitest.py::SvnRepoSignatureTests::testCodeliteSample PASSED     [  5%]
[  665s] cpplint_unittest.py::CpplintTest::testAllowBlankLineAfterExtern PASSED   [  5%]
[  665s] cpplint_unittest.py::CpplintTest::testAllowBlankLineBeforeClosingNamespace PASSED [  6%]
[  665s] cpplint_unittest.py::CpplintTest::testAllowBlankLineBeforeIfElseChain PASSED [  6%]
[  665s] cpplint_unittest.py::CpplintTest::testAllowBlankLinesInRawStrings PASSED [  7%]
[  665s] cpplint_unittest.py::CpplintTest::testBadCharacters PASSED               [  7%]
[  665s] cpplint_unittest.py::CpplintTest::testBlankLineBeforeSectionKeyword PASSED [  8%]
[  666s] cpplint_unittest.py::CpplintTest::testBlankLinesCheck PASSED             [  8%]
[  666s] cpplint_unittest.py::CpplintTest::testBraceAtBeginOfLine PASSED          [  9%]
[  666s] cpplint_unittest.py::CpplintTest::testBraceInitializerList PASSED        [  9%]
[  666s] cpplint_unittest.py::CpplintTest::testBraces PASSED                      [ 10%]
[  666s] cpplint_unittest.py::CpplintTest::testBuildClass PASSED                  [ 10%]
[  666s] cpplint_unittest.py::CpplintTest::testBuildEndComment PASSED             [ 11%]
[  666s] cpplint_unittest.py::CpplintTest::testBuildForwardDecl PASSED            [ 11%]
[  667s] cpplint_unittest.py::CpplintTest::testBuildHeaderGuard PASSED            [ 12%]
[  667s] cpplint_unittest.py::CpplintTest::testBuildHeaderGuardWithRepository PASSED [ 12%]
[  667s] cpplint_unittest.py::CpplintTest::testBuildHeaderGuardWithRoot PASSED    [ 13%]
[  667s] cpplint_unittest.py::CpplintTest::testBuildInclude PASSED                [ 13%]
[  667s] cpplint_unittest.py::CpplintTest::testBuildPrintfFormat PASSED           [ 14%]
[  667s] cpplint_unittest.py::CpplintTest::testBuildStorageClass PASSED           [ 14%]
[  667s] cpplint_unittest.py::CpplintTest::testCStyleCast PASSED                  [ 14%]
[  667s] cpplint_unittest.py::CpplintTest::testCheckAltTokens PASSED              [ 15%]
[  667s] cpplint_unittest.py::CpplintTest::testCheckCheck PASSED                  [ 15%]
[  667s] cpplint_unittest.py::CpplintTest::testCheckCheckFalsePositives PASSED    [ 16%]
[  667s] cpplint_unittest.py::CpplintTest::testCheckDeprecated PASSED             [ 16%]
[  667s] cpplint_unittest.py::CpplintTest::testCheckForUnnamedParams PASSED       [ 17%]
[  668s] cpplint_unittest.py::CpplintTest::testCheckPosixThreading PASSED         [ 17%]
[  668s] cpplint_unittest.py::CpplintTest::testCleanseLine PASSED                 [ 18%]
[  668s] cpplint_unittest.py::CpplintTest::testComma PASSED                       [ 18%]
[  668s] cpplint_unittest.py::CpplintTest::testConditionals PASSED                [ 19%]
[  668s] cpplint_unittest.py::CpplintTest::testConstStringReferenceMembers PASSED [ 19%]
[  668s] cpplint_unittest.py::CpplintTest::testDefaultFilter PASSED               [ 20%]
[  668s] cpplint_unittest.py::CpplintTest::testDeprecatedCast PASSED              [ 20%]
[  668s] cpplint_unittest.py::CpplintTest::testDisallowMacrosAtEnd PASSED         [ 21%]
[  668s] cpplint_unittest.py::CpplintTest::testDuplicateHeader PASSED             [ 21%]
[  668s] cpplint_unittest.py::CpplintTest::testElseClauseNotOnSameLineAsElse PASSED [ 22%]
[  669s] cpplint_unittest.py::CpplintTest::testElseOnSameLineAsClosingBraces PASSED [ 22%]
[  669s] cpplint_unittest.py::CpplintTest::testEmptyBlockBody PASSED              [ 23%]
[  669s] cpplint_unittest.py::CpplintTest::testEndOfNamespaceComments PASSED      [ 23%]
[  669s] cpplint_unittest.py::CpplintTest::testEqualsOperatorSpacing PASSED       [ 24%]
[  670s] cpplint_unittest.py::CpplintTest::testErrorSuppression PASSED            [ 24%]
[  670s] cpplint_unittest.py::CpplintTest::testExplicitSingleArgumentConstructors PASSED [ 25%]
[  670s] cpplint_unittest.py::CpplintTest::testFalsePositivesNoError PASSED       [ 25%]
[  670s] cpplint_unittest.py::CpplintTest::testFilesBelongToSameModule PASSED     [ 26%]
[  670s] cpplint_unittest.py::CpplintTest::testFilter PASSED                      [ 26%]
[  670s] cpplint_unittest.py::CpplintTest::testFindNextMultiLineCommentEnd PASSED [ 27%]
[  670s] cpplint_unittest.py::CpplintTest::testFindNextMultiLineCommentStart PASSED [ 27%]
[  670s] cpplint_unittest.py::CpplintTest::testFormatStrings PASSED               [ 28%]
[  670s] cpplint_unittest.py::CpplintTest::testForwardDeclarationNameSpaceIndentation PASSED [ 28%]
[  670s] cpplint_unittest.py::CpplintTest::testGetLineWidth PASSED                [ 28%]
[  670s] cpplint_unittest.py::CpplintTest::testGetTextInside PASSED               [ 29%]
[  670s] cpplint_unittest.py::CpplintTest::testHppInclude PASSED                  [ 29%]
[  670s] cpplint_unittest.py::CpplintTest::testIllegalOperatorOverloading PASSED  [ 30%]
[  670s] cpplint_unittest.py::CpplintTest::testIncludeFilenameFalseError PASSED   [ 30%]
[  670s] cpplint_unittest.py::CpplintTest::testIncludeItsHeader PASSED            [ 31%]
[  671s] cpplint_unittest.py::CpplintTest::testIncludeWhatYouUse PASSED           [ 31%]
[  671s] cpplint_unittest.py::CpplintTest::testIncludeWhatYouUseNoImplementationFiles PASSED [ 32%]
[  671s] cpplint_unittest.py::CpplintTest::testIndent PASSED                      [ 32%]
[  671s] cpplint_unittest.py::CpplintTest::testInvalidIncrement PASSED            [ 33%]
[  671s] cpplint_unittest.py::CpplintTest::testInvalidUtf8 PASSED                 [ 33%]
[  671s] cpplint_unittest.py::CpplintTest::testIsBlankLine PASSED                 [ 34%]
[  671s] cpplint_unittest.py::CpplintTest::testJUnitXML PASSED                    [ 34%]
[  671s] cpplint_unittest.py::CpplintTest::testLambda PASSED                      [ 35%]
[  671s] cpplint_unittest.py::CpplintTest::testLambdasOnSameLine PASSED           [ 35%]
[  671s] cpplint_unittest.py::CpplintTest::testLegalCopyright PASSED              [ 36%]
[  671s] cpplint_unittest.py::CpplintTest::testLineLength PASSED                  [ 36%]
[  671s] cpplint_unittest.py::CpplintTest::testLineLengthCheck PASSED             [ 37%]
[  671s] cpplint_unittest.py::CpplintTest::testLinePrecededByEmptyOrCommentLines PASSED [ 37%]
[  671s] cpplint_unittest.py::CpplintTest::testMismatchingSpacesInParens PASSED   [ 38%]
[  671s] cpplint_unittest.py::CpplintTest::testMockCallback PASSED                [ 38%]
[  671s] cpplint_unittest.py::CpplintTest::testMockMethod PASSED                  [ 39%]
[  671s] cpplint_unittest.py::CpplintTest::testMultiLineComments PASSED           [ 39%]
[  672s] cpplint_unittest.py::CpplintTest::testMultilineStrings PASSED            [ 40%]
[  672s] cpplint_unittest.py::CpplintTest::testMultipleStatementsOnSameLine PASSED [ 40%]
[  672s] cpplint_unittest.py::CpplintTest::testNameSpaceIndentationForClass PASSED [ 41%]
[  672s] cpplint_unittest.py::CpplintTest::testNameSpaceIndentationNoError PASSED [ 41%]
[  672s] cpplint_unittest.py::CpplintTest::testNewlineAtEOF PASSED                [ 42%]
[  672s] cpplint_unittest.py::CpplintTest::testNoBlankLineAfterSectionKeyword PASSED [ 42%]
[  672s] cpplint_unittest.py::CpplintTest::testNoSpacesInFunctionCalls PASSED     [ 42%]
[  672s] cpplint_unittest.py::CpplintTest::testNonConstReference PASSED           [ 43%]
[  672s] cpplint_unittest.py::CpplintTest::testParseArguments PASSED              [ 43%]
[  672s] cpplint_unittest.py::CpplintTest::testPathSplitToList PASSED             [ 44%]
[  672s] cpplint_unittest.py::CpplintTest::testPragmaOnce PASSED                  [ 44%]
[  672s] cpplint_unittest.py::CpplintTest::testQuiet PASSED                       [ 45%]
[  672s] cpplint_unittest.py::CpplintTest::testRawStrings PASSED                  [ 45%]
[  672s] cpplint_unittest.py::CpplintTest::testRecursiveArgument PASSED           [ 46%]
[  672s] cpplint_unittest.py::CpplintTest::testRecursiveExclude PASSED            [ 46%]
[  672s] cpplint_unittest.py::CpplintTest::testRecursiveExcludeInvalidFileExtension PASSED [ 47%]
[  673s] cpplint_unittest.py::CpplintTest::testRedundantVirtual PASSED            [ 47%]
[  673s] cpplint_unittest.py::CpplintTest::testRemoveMultiLineCommentsFromRange PASSED [ 48%]
[  673s] cpplint_unittest.py::CpplintTest::testRuntimeCasting PASSED              [ 48%]
[  673s] cpplint_unittest.py::CpplintTest::testRuntimePrintfFormat PASSED         [ 49%]
[  673s] cpplint_unittest.py::CpplintTest::testRuntimeSelfinit PASSED             [ 49%]
[  673s] cpplint_unittest.py::CpplintTest::testSectionIndent PASSED               [ 50%]
[  673s] cpplint_unittest.py::CpplintTest::testSemiColonAfterBraces PASSED        [ 50%]
[  673s] cpplint_unittest.py::CpplintTest::testShiftOperatorSpacing PASSED        [ 51%]
[  673s] cpplint_unittest.py::CpplintTest::testSlashStarCommentOnSingleLine PASSED [ 51%]
[  673s] cpplint_unittest.py::CpplintTest::testSnprintfSize PASSED                [ 52%]
[  673s] cpplint_unittest.py::CpplintTest::testSpaceAfterCommentMarker PASSED     [ 52%]
[  673s] cpplint_unittest.py::CpplintTest::testSpacesAtEndOfLine PASSED           [ 53%]
[  673s] cpplint_unittest.py::CpplintTest::testSpacingAroundElse PASSED           [ 53%]
[  673s] cpplint_unittest.py::CpplintTest::testSpacingBeforeBraces PASSED         [ 54%]
[  673s] cpplint_unittest.py::CpplintTest::testSpacingBeforeBrackets PASSED       [ 54%]
[  673s] cpplint_unittest.py::CpplintTest::testSpacingBeforeLastSemicolon PASSED  [ 55%]
[  673s] cpplint_unittest.py::CpplintTest::testSpacingForBinaryOps PASSED         [ 55%]
[  673s] cpplint_unittest.py::CpplintTest::testSpacingForFncall PASSED            [ 56%]
[  673s] cpplint_unittest.py::CpplintTest::testSpacingForRangeBasedFor PASSED     [ 56%]
[  674s] cpplint_unittest.py::CpplintTest::testSpacingWithInitializerLists PASSED [ 57%]
[  674s] cpplint_unittest.py::CpplintTest::testStaticOrGlobalSTLStrings PASSED    [ 57%]
[  674s] cpplint_unittest.py::CpplintTest::testSuspiciousUsageOfIf PASSED         [ 57%]
[  674s] cpplint_unittest.py::CpplintTest::testSuspiciousUsageOfMemset PASSED     [ 58%]
[  674s] cpplint_unittest.py::CpplintTest::testTab PASSED                         [ 58%]
[  674s] cpplint_unittest.py::CpplintTest::testToDoComments PASSED                [ 59%]
[  674s] cpplint_unittest.py::CpplintTest::testTwoSpacesBetweenCodeAndComments PASSED [ 59%]
[  674s] cpplint_unittest.py::CpplintTest::testTypedefForPointerToFunction PASSED [ 60%]
[  674s] cpplint_unittest.py::CpplintTest::testUnnamedNamespacesInHeaders PASSED  [ 60%]
[  674s] cpplint_unittest.py::CpplintTest::testUnnamedNamespacesInNonHeaders PASSED [ 61%]
[  674s] cpplint_unittest.py::CpplintTest::testUsingLiteralsNamespaces PASSED     [ 61%]
[  674s] cpplint_unittest.py::CpplintTest::testVariableDeclarations PASSED        [ 62%]
[  674s] cpplint_unittest.py::CpplintTest::testVariableLengthArrayDetection PASSED [ 62%]
[  674s] cpplint_unittest.py::CpplintTest::testVlogMisuse PASSED                  [ 63%]
[  674s] cpplint_unittest.py::CpplintTest::testWhitespaceBeforeNamespace PASSED   [ 63%]
[  674s] cpplint_unittest.py::Cxx11Test::testBlockedClasses PASSED                [ 64%]
[  674s] cpplint_unittest.py::Cxx11Test::testBlockedFunctions PASSED              [ 64%]
[  674s] cpplint_unittest.py::Cxx11Test::testBlockedHeaders PASSED                [ 65%]
[  674s] cpplint_unittest.py::Cxx11Test::testExplicitMakePair PASSED              [ 65%]
[  674s] cpplint_unittest.py::Cxx14Test::testBlockedHeaders PASSED                [ 66%]
[  674s] cpplint_unittest.py::CleansedLinesTest::testCollapseStrings PASSED       [ 66%]
[  674s] cpplint_unittest.py::CleansedLinesTest::testInit PASSED                  [ 67%]
[  674s] cpplint_unittest.py::CleansedLinesTest::testInitEmpty PASSED             [ 67%]
[  674s] cpplint_unittest.py::OrderOfIncludesTest::testCheckNextIncludeOrder_CppThenC PASSED [ 68%]
[  674s] cpplint_unittest.py::OrderOfIncludesTest::testCheckNextIncludeOrder_CppThenLikely PASSED [ 68%]
[  674s] cpplint_unittest.py::OrderOfIncludesTest::testCheckNextIncludeOrder_CppThenOtherSys PASSED [ 69%]
[  674s] cpplint_unittest.py::OrderOfIncludesTest::testCheckNextIncludeOrder_CppThenPossible PASSED [ 69%]
[  674s] cpplint_unittest.py::OrderOfIncludesTest::testCheckNextIncludeOrder_LikelyThenCpp PASSED [ 70%]
[  674s] cpplint_unittest.py::OrderOfIncludesTest::testCheckNextIncludeOrder_OtherSysThenC PASSED [ 70%]
[  674s] cpplint_unittest.py::OrderOfIncludesTest::testCheckNextIncludeOrder_OtherSysThenCpp PASSED [ 71%]
[  674s] cpplint_unittest.py::OrderOfIncludesTest::testCheckNextIncludeOrder_OtherSysThenPossible PASSED [ 71%]
[  674s] cpplint_unittest.py::OrderOfIncludesTest::testCheckNextIncludeOrder_OtherThenCpp PASSED [ 71%]
[  674s] cpplint_unittest.py::OrderOfIncludesTest::testCheckNextIncludeOrder_PossibleThenCpp PASSED [ 72%]
[  674s] cpplint_unittest.py::OrderOfIncludesTest::testClassifyInclude PASSED     [ 72%]
[  675s] cpplint_unittest.py::OrderOfIncludesTest::testRegression PASSED          [ 73%]
[  675s] cpplint_unittest.py::OrderOfIncludesTest::testTryDropCommonSuffixes PASSED [ 73%]
[  675s] cpplint_unittest.py::CheckForFunctionLengthsTest::testFunctionLengthCheckClassDefinition PASSED [ 74%]
[  675s] cpplint_unittest.py::CheckForFunctionLengthsTest::testFunctionLengthCheckComplexDefinitionSeverity1 PASSED [ 74%]
[  675s] cpplint_unittest.py::CheckForFunctionLengthsTest::testFunctionLengthCheckDeclaration PASSED [ 75%]
[  675s] cpplint_unittest.py::CheckForFunctionLengthsTest::testFunctionLengthCheckDeclarationWithBlockFollowing PASSED [ 75%]
[  675s] cpplint_unittest.py::CheckForFunctionLengthsTest::testFunctionLengthCheckDefinitionAboveSeverity0 PASSED [ 76%]
[  675s] cpplint_unittest.py::CheckForFunctionLengthsTest::testFunctionLengthCheckDefinitionAboveSeverity1 PASSED [ 76%]
[  675s] cpplint_unittest.py::CheckForFunctionLengthsTest::testFunctionLengthCheckDefinitionAboveSeverity2 PASSED [ 77%]
[  675s] cpplint_unittest.py::CheckForFunctionLengthsTest::testFunctionLengthCheckDefinitionAboveSeverity3 PASSED [ 77%]
[  675s] cpplint_unittest.py::CheckForFunctionLengthsTest::testFunctionLengthCheckDefinitionAboveSeverity4 PASSED [ 78%]
[  675s] cpplint_unittest.py::CheckForFunctionLengthsTest::testFunctionLengthCheckDefinitionAboveSeverity5 PASSED [ 78%]
[  675s] cpplint_unittest.py::CheckForFunctionLengthsTest::testFunctionLengthCheckDefinitionAtSeverity0 PASSED [ 79%]
[  675s] cpplint_unittest.py::CheckForFunctionLengthsTest::testFunctionLengthCheckDefinitionAtSeverity1 PASSED [ 79%]
[  675s] cpplint_unittest.py::CheckForFunctionLengthsTest::testFunctionLengthCheckDefinitionAtSeverity1v0 PASSED [ 80%]
[  675s] cpplint_unittest.py::CheckForFunctionLengthsTest::testFunctionLengthCheckDefinitionAtSeverity5 PASSED [ 80%]
[  675s] cpplint_unittest.py::CheckForFunctionLengthsTest::testFunctionLengthCheckDefinitionBelowSeverity0 PASSED [ 81%]
[  675s] cpplint_unittest.py::CheckForFunctionLengthsTest::testFunctionLengthCheckDefinitionBelowSeverity1 PASSED [ 81%]
[  675s] cpplint_unittest.py::CheckForFunctionLengthsTest::testFunctionLengthCheckDefinitionBelowSeverity1v0 PASSED [ 82%]
[  675s] cpplint_unittest.py::CheckForFunctionLengthsTest::testFunctionLengthCheckDefinitionBelowSeverity2 PASSED [ 82%]
[  675s] cpplint_unittest.py::CheckForFunctionLengthsTest::testFunctionLengthCheckDefinitionBelowSeverity3 PASSED [ 83%]
[  675s] cpplint_unittest.py::CheckForFunctionLengthsTest::testFunctionLengthCheckDefinitionBelowSeverity4 PASSED [ 83%]
[  675s] cpplint_unittest.py::CheckForFunctionLengthsTest::testFunctionLengthCheckDefinitionBelowSeverity5 PASSED [ 84%]
[  677s] cpplint_unittest.py::CheckForFunctionLengthsTest::testFunctionLengthCheckDefinitionHugeLines PASSED [ 84%]
[  677s] cpplint_unittest.py::CheckForFunctionLengthsTest::testFunctionLengthCheckDefinitionSeverity1ForBadTestDoesntBreak PASSED [ 85%]
[  677s] cpplint_unittest.py::CheckForFunctionLengthsTest::testFunctionLengthCheckDefinitionSeverity1ForSplitLineTest PASSED [ 85%]
[  677s] cpplint_unittest.py::CheckForFunctionLengthsTest::testFunctionLengthCheckDefinitionSeverity1ForTest PASSED [ 85%]
[  677s] cpplint_unittest.py::CheckForFunctionLengthsTest::testFunctionLengthCheckDefinitionSeverity1PlusBlanks PASSED [ 86%]
[  677s] cpplint_unittest.py::CheckForFunctionLengthsTest::testFunctionLengthCheckDefinitionSeverity1WithEmbeddedNoLints PASSED [ 86%]
[  677s] cpplint_unittest.py::CheckForFunctionLengthsTest::testFunctionLengthCheckDefinitionSeverity1WithNoLint PASSED [ 87%]
[  677s] cpplint_unittest.py::CheckForFunctionLengthsTest::testFunctionLengthCheckDefinitionSeverity2 PASSED [ 87%]
[  678s] cpplint_unittest.py::CheckForFunctionLengthsTest::testFunctionLengthCheckDefinitionSeverity3 PASSED [ 88%]
[  678s] cpplint_unittest.py::CheckForFunctionLengthsTest::testFunctionLengthCheckDefinitionSeverity4 PASSED [ 88%]
[  678s] cpplint_unittest.py::CheckForFunctionLengthsTest::testFunctionLengthCheckEmpty PASSED [ 89%]
[  678s] cpplint_unittest.py::CheckForFunctionLengthsTest::testFunctionLengthCheckTrivial PASSED [ 89%]
[  678s] cpplint_unittest.py::CheckForFunctionLengthsTest::testFunctionLengthCheckWithNamespace PASSED [ 90%]
[  678s] cpplint_unittest.py::CheckForFunctionLengthsTest::testFunctionLengthNotDeterminable PASSED [ 90%]
[  678s] cpplint_unittest.py::CloseExpressionTest::testCloseExpression PASSED     [ 91%]
[  678s] cpplint_unittest.py::CloseExpressionTest::testReverseCloseExpression PASSED [ 91%]
[  678s] cpplint_unittest.py::NestingStateTest::testArguments PASSED              [ 92%]
[  678s] cpplint_unittest.py::NestingStateTest::testClass PASSED                  [ 92%]
[  678s] cpplint_unittest.py::NestingStateTest::testClassAccess PASSED            [ 93%]
[  678s] cpplint_unittest.py::NestingStateTest::testDecoratedClass PASSED         [ 93%]
[  678s] cpplint_unittest.py::NestingStateTest::testEmpty PASSED                  [ 94%]
[  678s] cpplint_unittest.py::NestingStateTest::testInlineAssembly PASSED         [ 94%]
[  678s] cpplint_unittest.py::NestingStateTest::testInnerClass PASSED             [ 95%]
[  678s] cpplint_unittest.py::NestingStateTest::testNamespace PASSED              [ 95%]
[  678s] cpplint_unittest.py::NestingStateTest::testPreprocessor PASSED           [ 96%]
[  678s] cpplint_unittest.py::NestingStateTest::testStruct PASSED                 [ 96%]
[  678s] cpplint_unittest.py::NestingStateTest::testTemplate PASSED               [ 97%]
[  678s] cpplint_unittest.py::NestingStateTest::testTemplateDefaultArg PASSED     [ 97%]
[  678s] cpplint_unittest.py::NestingStateTest::testTemplateInnerClass PASSED     [ 98%]
[  680s] cpplint_unittest.py::QuietTest::testNonQuietWithErrors PASSED            [ 98%]
[  681s] cpplint_unittest.py::QuietTest::testNonQuietWithoutErrors PASSED         [ 99%]
[  683s] cpplint_unittest.py::QuietTest::testQuietWithErrors PASSED               [ 99%]
[  684s] cpplint_unittest.py::QuietTest::testQuietWithoutErrors PASSED            [100%]
[  684s] 
[  684s] ======================= 207 passed in 248.62s (0:04:08) ========================
[  685s] ++ '[' -f _current_flavor ']'
[  685s] ++ cat _current_flavor
[  685s] + last_flavor=python39
[  685s] + '[' -z python39 ']'
[  685s] + '[' python39 '!=' python311 ']'
[  685s] + '[' -d build ']'
[  685s] + mv build _build.python39
[  685s] + '[' -d _build.python311 ']'
[  685s] + mv _build.python311 build
[  685s] + echo python311
[  685s] + python_flavor=python311
[  685s] + PYTHONPATH=/home/abuild/rpmbuild/BUILDROOT/python-cpplint-1.5.4-1.6.riscv64/usr/lib/python3.11/site-packages
[  685s] + PYTHONDONTWRITEBYTECODE=1
[  685s] + pytest-3.11 --ignore=_build.python38 --ignore=_build.python39 --ignore=_build.python311 --ignore=_build.python310 -v
[  688s] ============================= test session starts ==============================
[  688s] platform linux -- Python 3.11.1, pytest-7.2.0, pluggy-1.0.0 -- /usr/bin/python3.11
[  688s] cachedir: .pytest_cache
[  688s] rootdir: /home/abuild/rpmbuild/BUILD/cpplint-1.5.4, configfile: setup.cfg, testpaths: .
[  690s] collecting ... collected 207 items
[  690s] 
[  692s] cpplint_clitest.py::UsageTest::testHelp FAILED                           [  0%]
[  720s] cpplint_clitest.py::NoRepoSignatureTests::testBoostSample FAILED         [  0%]
[  737s] cpplint_clitest.py::NoRepoSignatureTests::testChromiumSample FAILED      [  1%]
[  741s] cpplint_clitest.py::NoRepoSignatureTests::testCodeliteSample FAILED      [  1%]
[  839s] cpplint_clitest.py::NoRepoSignatureTests::testProtobufSample FAILED      [  2%]
[  841s] cpplint_clitest.py::NoRepoSignatureTests::testSillySample FAILED         [  2%]
[  848s] cpplint_clitest.py::NoRepoSignatureTests::testV8Sample FAILED            [  3%]
[  853s] cpplint_clitest.py::NoRepoSignatureTests::testVlcSample FAILED           [  3%]
[  858s] cpplint_clitest.py::GitRepoSignatureTests::testCodeliteSample FAILED     [  4%]
[  862s] cpplint_clitest.py::MercurialRepoSignatureTests::testCodeliteSample FAILED [  4%]
[  866s] cpplint_clitest.py::SvnRepoSignatureTests::testCodeliteSample FAILED     [  5%]
[  867s] cpplint_unittest.py::CpplintTest::testAllowBlankLineAfterExtern PASSED   [  5%]
[  867s] cpplint_unittest.py::CpplintTest::testAllowBlankLineBeforeClosingNamespace PASSED [  6%]
[  867s] cpplint_unittest.py::CpplintTest::testAllowBlankLineBeforeIfElseChain PASSED [  6%]
[  867s] cpplint_unittest.py::CpplintTest::testAllowBlankLinesInRawStrings PASSED [  7%]
[  867s] cpplint_unittest.py::CpplintTest::testBadCharacters PASSED               [  7%]
[  867s] cpplint_unittest.py::CpplintTest::testBlankLineBeforeSectionKeyword PASSED [  8%]
[  868s] cpplint_unittest.py::CpplintTest::testBlankLinesCheck PASSED             [  8%]
[  868s] cpplint_unittest.py::CpplintTest::testBraceAtBeginOfLine PASSED          [  9%]
[  868s] cpplint_unittest.py::CpplintTest::testBraceInitializerList PASSED        [  9%]
[  868s] cpplint_unittest.py::CpplintTest::testBraces PASSED                      [ 10%]
[  868s] cpplint_unittest.py::CpplintTest::testBuildClass PASSED                  [ 10%]
[  868s] cpplint_unittest.py::CpplintTest::testBuildEndComment PASSED             [ 11%]
[  868s] cpplint_unittest.py::CpplintTest::testBuildForwardDecl PASSED            [ 11%]
[  868s] cpplint_unittest.py::CpplintTest::testBuildHeaderGuard PASSED            [ 12%]
[  868s] cpplint_unittest.py::CpplintTest::testBuildHeaderGuardWithRepository PASSED [ 12%]
[  868s] cpplint_unittest.py::CpplintTest::testBuildHeaderGuardWithRoot PASSED    [ 13%]
[  868s] cpplint_unittest.py::CpplintTest::testBuildInclude PASSED                [ 13%]
[  868s] cpplint_unittest.py::CpplintTest::testBuildPrintfFormat PASSED           [ 14%]
[  868s] cpplint_unittest.py::CpplintTest::testBuildStorageClass PASSED           [ 14%]
[  869s] cpplint_unittest.py::CpplintTest::testCStyleCast PASSED                  [ 14%]
[  869s] cpplint_unittest.py::CpplintTest::testCheckAltTokens PASSED              [ 15%]
[  869s] cpplint_unittest.py::CpplintTest::testCheckCheck PASSED                  [ 15%]
[  869s] cpplint_unittest.py::CpplintTest::testCheckCheckFalsePositives PASSED    [ 16%]
[  869s] cpplint_unittest.py::CpplintTest::testCheckDeprecated PASSED             [ 16%]
[  869s] cpplint_unittest.py::CpplintTest::testCheckForUnnamedParams PASSED       [ 17%]
[  869s] cpplint_unittest.py::CpplintTest::testCheckPosixThreading PASSED         [ 17%]
[  869s] cpplint_unittest.py::CpplintTest::testCleanseLine PASSED                 [ 18%]
[  869s] cpplint_unittest.py::CpplintTest::testComma PASSED                       [ 18%]
[  869s] cpplint_unittest.py::CpplintTest::testConditionals PASSED                [ 19%]
[  869s] cpplint_unittest.py::CpplintTest::testConstStringReferenceMembers PASSED [ 19%]
[  869s] cpplint_unittest.py::CpplintTest::testDefaultFilter PASSED               [ 20%]
[  869s] cpplint_unittest.py::CpplintTest::testDeprecatedCast PASSED              [ 20%]
[  870s] cpplint_unittest.py::CpplintTest::testDisallowMacrosAtEnd PASSED         [ 21%]
[  870s] cpplint_unittest.py::CpplintTest::testDuplicateHeader PASSED             [ 21%]
[  870s] cpplint_unittest.py::CpplintTest::testElseClauseNotOnSameLineAsElse PASSED [ 22%]
[  870s] cpplint_unittest.py::CpplintTest::testElseOnSameLineAsClosingBraces PASSED [ 22%]
[  870s] cpplint_unittest.py::CpplintTest::testEmptyBlockBody PASSED              [ 23%]
[  870s] cpplint_unittest.py::CpplintTest::testEndOfNamespaceComments PASSED      [ 23%]
[  870s] cpplint_unittest.py::CpplintTest::testEqualsOperatorSpacing PASSED       [ 24%]
[  870s] cpplint_unittest.py::CpplintTest::testErrorSuppression PASSED            [ 24%]
[  871s] cpplint_unittest.py::CpplintTest::testExplicitSingleArgumentConstructors PASSED [ 25%]
[  871s] cpplint_unittest.py::CpplintTest::testFalsePositivesNoError PASSED       [ 25%]
[  871s] cpplint_unittest.py::CpplintTest::testFilesBelongToSameModule PASSED     [ 26%]
[  871s] cpplint_unittest.py::CpplintTest::testFilter PASSED                      [ 26%]
[  871s] cpplint_unittest.py::CpplintTest::testFindNextMultiLineCommentEnd PASSED [ 27%]
[  871s] cpplint_unittest.py::CpplintTest::testFindNextMultiLineCommentStart PASSED [ 27%]
[  871s] cpplint_unittest.py::CpplintTest::testFormatStrings PASSED               [ 28%]
[  871s] cpplint_unittest.py::CpplintTest::testForwardDeclarationNameSpaceIndentation PASSED [ 28%]
[  871s] cpplint_unittest.py::CpplintTest::testGetLineWidth PASSED                [ 28%]
[  871s] cpplint_unittest.py::CpplintTest::testGetTextInside PASSED               [ 29%]
[  871s] cpplint_unittest.py::CpplintTest::testHppInclude PASSED                  [ 29%]
[  871s] cpplint_unittest.py::CpplintTest::testIllegalOperatorOverloading PASSED  [ 30%]
[  871s] cpplint_unittest.py::CpplintTest::testIncludeFilenameFalseError PASSED   [ 30%]
[  871s] cpplint_unittest.py::CpplintTest::testIncludeItsHeader PASSED            [ 31%]
[  871s] cpplint_unittest.py::CpplintTest::testIncludeWhatYouUse PASSED           [ 31%]
[  871s] cpplint_unittest.py::CpplintTest::testIncludeWhatYouUseNoImplementationFiles PASSED [ 32%]
[  872s] cpplint_unittest.py::CpplintTest::testIndent PASSED                      [ 32%]
[  872s] cpplint_unittest.py::CpplintTest::testInvalidIncrement PASSED            [ 33%]
[  872s] cpplint_unittest.py::CpplintTest::testInvalidUtf8 PASSED                 [ 33%]
[  872s] cpplint_unittest.py::CpplintTest::testIsBlankLine PASSED                 [ 34%]
[  872s] cpplint_unittest.py::CpplintTest::testJUnitXML PASSED                    [ 34%]
[  872s] cpplint_unittest.py::CpplintTest::testLambda PASSED                      [ 35%]
[  872s] cpplint_unittest.py::CpplintTest::testLambdasOnSameLine PASSED           [ 35%]
[  872s] cpplint_unittest.py::CpplintTest::testLegalCopyright PASSED              [ 36%]
[  872s] cpplint_unittest.py::CpplintTest::testLineLength PASSED                  [ 36%]
[  872s] cpplint_unittest.py::CpplintTest::testLineLengthCheck PASSED             [ 37%]
[  872s] cpplint_unittest.py::CpplintTest::testLinePrecededByEmptyOrCommentLines PASSED [ 37%]
[  872s] cpplint_unittest.py::CpplintTest::testMismatchingSpacesInParens PASSED   [ 38%]
[  872s] cpplint_unittest.py::CpplintTest::testMockCallback PASSED                [ 38%]
[  872s] cpplint_unittest.py::CpplintTest::testMockMethod PASSED                  [ 39%]
[  872s] cpplint_unittest.py::CpplintTest::testMultiLineComments PASSED           [ 39%]
[  872s] cpplint_unittest.py::CpplintTest::testMultilineStrings PASSED            [ 40%]
[  872s] cpplint_unittest.py::CpplintTest::testMultipleStatementsOnSameLine PASSED [ 40%]
[  872s] cpplint_unittest.py::CpplintTest::testNameSpaceIndentationForClass PASSED [ 41%]
[  872s] cpplint_unittest.py::CpplintTest::testNameSpaceIndentationNoError PASSED [ 41%]
[  872s] cpplint_unittest.py::CpplintTest::testNewlineAtEOF PASSED                [ 42%]
[  872s] cpplint_unittest.py::CpplintTest::testNoBlankLineAfterSectionKeyword PASSED [ 42%]
[  872s] cpplint_unittest.py::CpplintTest::testNoSpacesInFunctionCalls PASSED     [ 42%]
[  873s] cpplint_unittest.py::CpplintTest::testNonConstReference PASSED           [ 43%]
[  873s] cpplint_unittest.py::CpplintTest::testParseArguments PASSED              [ 43%]
[  873s] cpplint_unittest.py::CpplintTest::testPathSplitToList PASSED             [ 44%]
[  873s] cpplint_unittest.py::CpplintTest::testPragmaOnce PASSED                  [ 44%]
[  873s] cpplint_unittest.py::CpplintTest::testQuiet PASSED                       [ 45%]
[  873s] cpplint_unittest.py::CpplintTest::testRawStrings PASSED                  [ 45%]
[  873s] cpplint_unittest.py::CpplintTest::testRecursiveArgument PASSED           [ 46%]
[  873s] cpplint_unittest.py::CpplintTest::testRecursiveExclude PASSED            [ 46%]
[  873s] cpplint_unittest.py::CpplintTest::testRecursiveExcludeInvalidFileExtension PASSED [ 47%]
[  873s] cpplint_unittest.py::CpplintTest::testRedundantVirtual PASSED            [ 47%]
[  873s] cpplint_unittest.py::CpplintTest::testRemoveMultiLineCommentsFromRange PASSED [ 48%]
[  873s] cpplint_unittest.py::CpplintTest::testRuntimeCasting PASSED              [ 48%]
[  873s] cpplint_unittest.py::CpplintTest::testRuntimePrintfFormat PASSED         [ 49%]
[  873s] cpplint_unittest.py::CpplintTest::testRuntimeSelfinit PASSED             [ 49%]
[  873s] cpplint_unittest.py::CpplintTest::testSectionIndent PASSED               [ 50%]
[  873s] cpplint_unittest.py::CpplintTest::testSemiColonAfterBraces PASSED        [ 50%]
[  873s] cpplint_unittest.py::CpplintTest::testShiftOperatorSpacing PASSED        [ 51%]
[  873s] cpplint_unittest.py::CpplintTest::testSlashStarCommentOnSingleLine PASSED [ 51%]
[  873s] cpplint_unittest.py::CpplintTest::testSnprintfSize PASSED                [ 52%]
[  873s] cpplint_unittest.py::CpplintTest::testSpaceAfterCommentMarker PASSED     [ 52%]
[  873s] cpplint_unittest.py::CpplintTest::testSpacesAtEndOfLine PASSED           [ 53%]
[  873s] cpplint_unittest.py::CpplintTest::testSpacingAroundElse PASSED           [ 53%]
[  873s] cpplint_unittest.py::CpplintTest::testSpacingBeforeBraces PASSED         [ 54%]
[  873s] cpplint_unittest.py::CpplintTest::testSpacingBeforeBrackets PASSED       [ 54%]
[  873s] cpplint_unittest.py::CpplintTest::testSpacingBeforeLastSemicolon PASSED  [ 55%]
[  874s] cpplint_unittest.py::CpplintTest::testSpacingForBinaryOps PASSED         [ 55%]
[  874s] cpplint_unittest.py::CpplintTest::testSpacingForFncall PASSED            [ 56%]
[  874s] cpplint_unittest.py::CpplintTest::testSpacingForRangeBasedFor PASSED     [ 56%]
[  874s] cpplint_unittest.py::CpplintTest::testSpacingWithInitializerLists PASSED [ 57%]
[  874s] cpplint_unittest.py::CpplintTest::testStaticOrGlobalSTLStrings PASSED    [ 57%]
[  874s] cpplint_unittest.py::CpplintTest::testSuspiciousUsageOfIf PASSED         [ 57%]
[  874s] cpplint_unittest.py::CpplintTest::testSuspiciousUsageOfMemset PASSED     [ 58%]
[  874s] cpplint_unittest.py::CpplintTest::testTab PASSED                         [ 58%]
[  874s] cpplint_unittest.py::CpplintTest::testToDoComments PASSED                [ 59%]
[  874s] cpplint_unittest.py::CpplintTest::testTwoSpacesBetweenCodeAndComments PASSED [ 59%]
[  874s] cpplint_unittest.py::CpplintTest::testTypedefForPointerToFunction PASSED [ 60%]
[  874s] cpplint_unittest.py::CpplintTest::testUnnamedNamespacesInHeaders PASSED  [ 60%]
[  874s] cpplint_unittest.py::CpplintTest::testUnnamedNamespacesInNonHeaders PASSED [ 61%]
[  874s] cpplint_unittest.py::CpplintTest::testUsingLiteralsNamespaces PASSED     [ 61%]
[  874s] cpplint_unittest.py::CpplintTest::testVariableDeclarations PASSED        [ 62%]
[  874s] cpplint_unittest.py::CpplintTest::testVariableLengthArrayDetection PASSED [ 62%]
[  874s] cpplint_unittest.py::CpplintTest::testVlogMisuse PASSED                  [ 63%]
[  874s] cpplint_unittest.py::CpplintTest::testWhitespaceBeforeNamespace PASSED   [ 63%]
[  874s] cpplint_unittest.py::Cxx11Test::testBlockedClasses PASSED                [ 64%]
[  874s] cpplint_unittest.py::Cxx11Test::testBlockedFunctions PASSED              [ 64%]
[  874s] cpplint_unittest.py::Cxx11Test::testBlockedHeaders PASSED                [ 65%]
[  874s] cpplint_unittest.py::Cxx11Test::testExplicitMakePair PASSED              [ 65%]
[  874s] cpplint_unittest.py::Cxx14Test::testBlockedHeaders PASSED                [ 66%]
[  874s] cpplint_unittest.py::CleansedLinesTest::testCollapseStrings PASSED       [ 66%]
[  874s] cpplint_unittest.py::CleansedLinesTest::testInit PASSED                  [ 67%]
[  874s] cpplint_unittest.py::CleansedLinesTest::testInitEmpty PASSED             [ 67%]
[  874s] cpplint_unittest.py::OrderOfIncludesTest::testCheckNextIncludeOrder_CppThenC PASSED [ 68%]
[  874s] cpplint_unittest.py::OrderOfIncludesTest::testCheckNextIncludeOrder_CppThenLikely PASSED [ 68%]
[  874s] cpplint_unittest.py::OrderOfIncludesTest::testCheckNextIncludeOrder_CppThenOtherSys PASSED [ 69%]
[  874s] cpplint_unittest.py::OrderOfIncludesTest::testCheckNextIncludeOrder_CppThenPossible PASSED [ 69%]
[  874s] cpplint_unittest.py::OrderOfIncludesTest::testCheckNextIncludeOrder_LikelyThenCpp PASSED [ 70%]
[  874s] cpplint_unittest.py::OrderOfIncludesTest::testCheckNextIncludeOrder_OtherSysThenC PASSED [ 70%]
[  874s] cpplint_unittest.py::OrderOfIncludesTest::testCheckNextIncludeOrder_OtherSysThenCpp PASSED [ 71%]
[  874s] cpplint_unittest.py::OrderOfIncludesTest::testCheckNextIncludeOrder_OtherSysThenPossible PASSED [ 71%]
[  874s] cpplint_unittest.py::OrderOfIncludesTest::testCheckNextIncludeOrder_OtherThenCpp PASSED [ 71%]
[  874s] cpplint_unittest.py::OrderOfIncludesTest::testCheckNextIncludeOrder_PossibleThenCpp PASSED [ 72%]
[  874s] cpplint_unittest.py::OrderOfIncludesTest::testClassifyInclude PASSED     [ 72%]
[  875s] cpplint_unittest.py::OrderOfIncludesTest::testRegression PASSED          [ 73%]
[  875s] cpplint_unittest.py::OrderOfIncludesTest::testTryDropCommonSuffixes PASSED [ 73%]
[  875s] cpplint_unittest.py::CheckForFunctionLengthsTest::testFunctionLengthCheckClassDefinition PASSED [ 74%]
[  875s] cpplint_unittest.py::CheckForFunctionLengthsTest::testFunctionLengthCheckComplexDefinitionSeverity1 PASSED [ 74%]
[  875s] cpplint_unittest.py::CheckForFunctionLengthsTest::testFunctionLengthCheckDeclaration PASSED [ 75%]
[  875s] cpplint_unittest.py::CheckForFunctionLengthsTest::testFunctionLengthCheckDeclarationWithBlockFollowing PASSED [ 75%]
[  875s] cpplint_unittest.py::CheckForFunctionLengthsTest::testFunctionLengthCheckDefinitionAboveSeverity0 PASSED [ 76%]
[  875s] cpplint_unittest.py::CheckForFunctionLengthsTest::testFunctionLengthCheckDefinitionAboveSeverity1 PASSED [ 76%]
[  875s] cpplint_unittest.py::CheckForFunctionLengthsTest::testFunctionLengthCheckDefinitionAboveSeverity2 PASSED [ 77%]
[  875s] cpplint_unittest.py::CheckForFunctionLengthsTest::testFunctionLengthCheckDefinitionAboveSeverity3 PASSED [ 77%]
[  875s] cpplint_unittest.py::CheckForFunctionLengthsTest::testFunctionLengthCheckDefinitionAboveSeverity4 PASSED [ 78%]
[  875s] cpplint_unittest.py::CheckForFunctionLengthsTest::testFunctionLengthCheckDefinitionAboveSeverity5 PASSED [ 78%]
[  875s] cpplint_unittest.py::CheckForFunctionLengthsTest::testFunctionLengthCheckDefinitionAtSeverity0 PASSED [ 79%]
[  875s] cpplint_unittest.py::CheckForFunctionLengthsTest::testFunctionLengthCheckDefinitionAtSeverity1 PASSED [ 79%]
[  875s] cpplint_unittest.py::CheckForFunctionLengthsTest::testFunctionLengthCheckDefinitionAtSeverity1v0 PASSED [ 80%]
[  875s] cpplint_unittest.py::CheckForFunctionLengthsTest::testFunctionLengthCheckDefinitionAtSeverity5 PASSED [ 80%]
[  875s] cpplint_unittest.py::CheckForFunctionLengthsTest::testFunctionLengthCheckDefinitionBelowSeverity0 PASSED [ 81%]
[  875s] cpplint_unittest.py::CheckForFunctionLengthsTest::testFunctionLengthCheckDefinitionBelowSeverity1 PASSED [ 81%]
[  875s] cpplint_unittest.py::CheckForFunctionLengthsTest::testFunctionLengthCheckDefinitionBelowSeverity1v0 PASSED [ 82%]
[  875s] cpplint_unittest.py::CheckForFunctionLengthsTest::testFunctionLengthCheckDefinitionBelowSeverity2 PASSED [ 82%]
[  875s] cpplint_unittest.py::CheckForFunctionLengthsTest::testFunctionLengthCheckDefinitionBelowSeverity3 PASSED [ 83%]
[  875s] cpplint_unittest.py::CheckForFunctionLengthsTest::testFunctionLengthCheckDefinitionBelowSeverity4 PASSED [ 83%]
[  875s] cpplint_unittest.py::CheckForFunctionLengthsTest::testFunctionLengthCheckDefinitionBelowSeverity5 PASSED [ 84%]
[  877s] cpplint_unittest.py::CheckForFunctionLengthsTest::testFunctionLengthCheckDefinitionHugeLines PASSED [ 84%]
[  877s] cpplint_unittest.py::CheckForFunctionLengthsTest::testFunctionLengthCheckDefinitionSeverity1ForBadTestDoesntBreak PASSED [ 85%]
[  877s] cpplint_unittest.py::CheckForFunctionLengthsTest::testFunctionLengthCheckDefinitionSeverity1ForSplitLineTest PASSED [ 85%]
[  877s] cpplint_unittest.py::CheckForFunctionLengthsTest::testFunctionLengthCheckDefinitionSeverity1ForTest PASSED [ 85%]
[  877s] cpplint_unittest.py::CheckForFunctionLengthsTest::testFunctionLengthCheckDefinitionSeverity1PlusBlanks PASSED [ 86%]
[  877s] cpplint_unittest.py::CheckForFunctionLengthsTest::testFunctionLengthCheckDefinitionSeverity1WithEmbeddedNoLints PASSED [ 86%]
[  877s] cpplint_unittest.py::CheckForFunctionLengthsTest::testFunctionLengthCheckDefinitionSeverity1WithNoLint PASSED [ 87%]
[  877s] cpplint_unittest.py::CheckForFunctionLengthsTest::testFunctionLengthCheckDefinitionSeverity2 PASSED [ 87%]
[  877s] cpplint_unittest.py::CheckForFunctionLengthsTest::testFunctionLengthCheckDefinitionSeverity3 PASSED [ 88%]
[  877s] cpplint_unittest.py::CheckForFunctionLengthsTest::testFunctionLengthCheckDefinitionSeverity4 PASSED [ 88%]
[  877s] cpplint_unittest.py::CheckForFunctionLengthsTest::testFunctionLengthCheckEmpty PASSED [ 89%]
[  877s] cpplint_unittest.py::CheckForFunctionLengthsTest::testFunctionLengthCheckTrivial PASSED [ 89%]
[  878s] cpplint_unittest.py::CheckForFunctionLengthsTest::testFunctionLengthCheckWithNamespace PASSED [ 90%]
[  878s] cpplint_unittest.py::CheckForFunctionLengthsTest::testFunctionLengthNotDeterminable PASSED [ 90%]
[  878s] cpplint_unittest.py::CloseExpressionTest::testCloseExpression PASSED     [ 91%]
[  878s] cpplint_unittest.py::CloseExpressionTest::testReverseCloseExpression PASSED [ 91%]
[  878s] cpplint_unittest.py::NestingStateTest::testArguments PASSED              [ 92%]
[  878s] cpplint_unittest.py::NestingStateTest::testClass PASSED                  [ 92%]
[  878s] cpplint_unittest.py::NestingStateTest::testClassAccess PASSED            [ 93%]
[  878s] cpplint_unittest.py::NestingStateTest::testDecoratedClass PASSED         [ 93%]
[  878s] cpplint_unittest.py::NestingStateTest::testEmpty PASSED                  [ 94%]
[  878s] cpplint_unittest.py::NestingStateTest::testInlineAssembly PASSED         [ 94%]
[  878s] cpplint_unittest.py::NestingStateTest::testInnerClass PASSED             [ 95%]
[  878s] cpplint_unittest.py::NestingStateTest::testNamespace PASSED              [ 95%]
[  878s] cpplint_unittest.py::NestingStateTest::testPreprocessor PASSED           [ 96%]
[  878s] cpplint_unittest.py::NestingStateTest::testStruct PASSED                 [ 96%]
[  878s] cpplint_unittest.py::NestingStateTest::testTemplate PASSED               [ 97%]
[  878s] cpplint_unittest.py::NestingStateTest::testTemplateDefaultArg PASSED     [ 97%]
[  878s] cpplint_unittest.py::NestingStateTest::testTemplateInnerClass PASSED     [ 98%]
[  879s] cpplint_unittest.py::QuietTest::testNonQuietWithErrors PASSED            [ 98%]
[  881s] cpplint_unittest.py::QuietTest::testNonQuietWithoutErrors PASSED         [ 99%]
[  882s] cpplint_unittest.py::QuietTest::testQuietWithErrors PASSED               [ 99%]
[  885s] cpplint_unittest.py::QuietTest::testQuietWithoutErrors FAILED            [100%]
[  885s] 
[  885s] =================================== FAILURES ===================================
[  885s] ______________________________ UsageTest.testHelp ______________________________
[  885s] 
[  885s] self = <cpplint_clitest.UsageTest testMethod=testHelp>
[  885s] 
[  885s]     def testHelp(self):
[  885s]         (status, out, err) = RunShellCommand(BASE_CMD + ' --help')
[  885s]         self.assertEqual(0, status)
[  885s]         self.assertEqual(b'', out)
[  885s] >       self.assertTrue(err.startswith(b'\nSyntax: cpplint'))
[  885s] E       AssertionError: False is not true
[  885s] 
[  885s] cpplint_clitest.py:70: AssertionError
[  885s] _____________________ NoRepoSignatureTests.testBoostSample _____________________
[  885s] 
[  885s] self = <cpplint_clitest.NoRepoSignatureTests testMethod=testBoostSample>
[  885s] 
[  885s]     def testBoostSample(self):
[  885s] >       self.checkAllInFolder('./samples/boost-sample', 4)
[  885s] 
[  885s] cpplint_clitest.py:170: 
[  885s] _ _ _ _ _ _ _ _ _ _ _ _ _ _ _ _ _ _ _ _ _ _ _ _ _ _ _ _ _ _ _ _ _ _ _ _ _ _ _ _ 
[  885s] cpplint_clitest.py:119: in checkAllInFolder
[  885s]     self._checkDef(os.path.join(dirpath, f))
[  885s] cpplint_clitest.py:128: in _checkDef
[  885s]     self._runAndCheck(path,
[  885s] _ _ _ _ _ _ _ _ _ _ _ _ _ _ _ _ _ _ _ _ _ _ _ _ _ _ _ _ _ _ _ _ _ _ _ _ _ _ _ _ 
[  885s] 
[  885s] self = <cpplint_clitest.NoRepoSignatureTests testMethod=testBoostSample>
[  885s] definition_file = './samples/boost-sample/simple.def'
[  885s] args = 'include/boost/math/*', expected_status = 1
[  885s] expected_out = ['Done processing include/boost/math/octonion.hpp', 'Total errors found: 2572', '']
[  885s] expected_err = ['include/boost/math/octonion.hpp:11:  #ifndef header guard has wrong style, please use: SAMPLES_BOOST_SAMPLE_INCLUDE_.../octonion.hpp:21:  Line ends in whitespace.  Consider deleting these extra spaces.  [whitespace/end_of_line] [4]', ...]
[  885s] 
[  885s]     def _runAndCheck(
[  885s]             self,
[  885s]             definition_file,
[  885s]             args,
[  885s]             expected_status,
[  885s]             expected_out,
[  885s]             expected_err
[  885s]     ):
[  885s]         rel_cwd = os.path.dirname(definition_file)
[  885s]         cmd = BASE_CMD + self.get_extra_command_args(rel_cwd) + args
[  885s]         cwd = os.path.join(self._root, rel_cwd)
[  885s]         # command to reproduce, do not forget first two lines have special meaning
[  885s]         print("\ncd " + cwd + " && " + cmd + " 2> <filename>")
[  885s]         (status, out, err) = RunShellCommand(cmd, cwd)
[  885s]         self.assertEqual(expected_status, status, 'bad command status %s' % status)
[  885s]         prefix = 'Failed check in %s comparing to %s for command: %s' % (cwd, definition_file, cmd)
[  885s] >       compare('\n'.join(expected_err), err.decode('utf8'), prefix=prefix, show_whitespace=True)
[  885s] E       AssertionError: Failed check in /tmp/tmpp1i07ptr/./samples/boost-sample comparing to ./samples/boost-sample/simple.def for command: /usr/bin/python3.11 /home/abuild/rpmbuild/BUILD/cpplint-1.5.4/cpplint.py  --repository /tmp/tmpp1i07ptr include/boost/math/*: 
[  885s] E       --- first
[  885s] E       +++ second
[  885s] E       @@ -1,3 +1,5 @@
[  885s] E       +"/home/abuild/rpmbuild/BUILD/cpplint-1.5.4/cpplint.py:51: DeprecationWarning: module 'sre_compile' is deprecated\n"
[  885s] E       +'  import sre_compile\n'
[  885s] E        'include/boost/math/octonion.hpp:11:  #ifndef header guard has wrong style, please use: SAMPLES_BOOST_SAMPLE_INCLUDE_BOOST_MATH_OCTONION_HPP_  [build/header_guard] [5]\n'
[  885s] E        'include/boost/math/octonion.hpp:4250:  #endif line should be "#endif  // SAMPLES_BOOST_SAMPLE_INCLUDE_BOOST_MATH_OCTONION_HPP_"  [build/header_guard] [5]\n'
[  885s] E        'include/boost/math/octonion.hpp:18:  { should almost always be at the end of the previous line  [whitespace/braces] [4]\n'
[  885s] 
[  885s] cpplint_clitest.py:150: AssertionError
[  885s] ----------------------------- Captured stdout call -----------------------------
[  885s] 
[  885s] cd /tmp/tmpp1i07ptr/./samples/boost-sample && /usr/bin/python3.11 /home/abuild/rpmbuild/BUILD/cpplint-1.5.4/cpplint.py  --repository /tmp/tmpp1i07ptr include/boost/math/* 2> <filename>
[  885s] ___________________ NoRepoSignatureTests.testChromiumSample ____________________
[  885s] 
[  885s] self = <cpplint_clitest.NoRepoSignatureTests testMethod=testChromiumSample>
[  885s] 
[  885s]     def testChromiumSample(self):
[  885s] >       self.checkAllInFolder('./samples/chromium-sample', 1)
[  885s] 
[  885s] cpplint_clitest.py:161: 
[  885s] _ _ _ _ _ _ _ _ _ _ _ _ _ _ _ _ _ _ _ _ _ _ _ _ _ _ _ _ _ _ _ _ _ _ _ _ _ _ _ _ 
[  885s] cpplint_clitest.py:119: in checkAllInFolder
[  885s]     self._checkDef(os.path.join(dirpath, f))
[  885s] cpplint_clitest.py:128: in _checkDef
[  885s]     self._runAndCheck(path,
[  885s] _ _ _ _ _ _ _ _ _ _ _ _ _ _ _ _ _ _ _ _ _ _ _ _ _ _ _ _ _ _ _ _ _ _ _ _ _ _ _ _ 
[  885s] 
[  885s] self = <cpplint_clitest.NoRepoSignatureTests testMethod=testChromiumSample>
[  885s] definition_file = './samples/chromium-sample/simple.def', args = 'src/*'
[  885s] expected_status = 1
[  885s] expected_out = ['Done processing src/chrome_content_renderer_client.cc', 'Done processing src/chrome_content_renderer_client.h', 'Done processing src/io_thread.cc', 'Done processing src/io_thread.h', 'Total errors found: 13', '']
[  885s] expected_err = ['src/chrome_content_renderer_client.cc:113:  Include the directory when naming .h files  [build/include_subdir] [4]',...e should be "#endif  // SAMPLES_CHROMIUM_SAMPLE_SRC_CHROME_CONTENT_RENDERER_CLIENT_H_"  [build/header_guard] [5]', ...]
[  885s] 
[  885s]     def _runAndCheck(
[  885s]             self,
[  885s]             definition_file,
[  885s]             args,
[  885s]             expected_status,
[  885s]             expected_out,
[  885s]             expected_err
[  885s]     ):
[  885s]         rel_cwd = os.path.dirname(definition_file)
[  885s]         cmd = BASE_CMD + self.get_extra_command_args(rel_cwd) + args
[  885s]         cwd = os.path.join(self._root, rel_cwd)
[  885s]         # command to reproduce, do not forget first two lines have special meaning
[  885s]         print("\ncd " + cwd + " && " + cmd + " 2> <filename>")
[  885s]         (status, out, err) = RunShellCommand(cmd, cwd)
[  885s]         self.assertEqual(expected_status, status, 'bad command status %s' % status)
[  885s]         prefix = 'Failed check in %s comparing to %s for command: %s' % (cwd, definition_file, cmd)
[  885s] >       compare('\n'.join(expected_err), err.decode('utf8'), prefix=prefix, show_whitespace=True)
[  885s] E       AssertionError: Failed check in /tmp/tmpp1i07ptr/./samples/chromium-sample comparing to ./samples/chromium-sample/simple.def for command: /usr/bin/python3.11 /home/abuild/rpmbuild/BUILD/cpplint-1.5.4/cpplint.py  --repository /tmp/tmpp1i07ptr src/*: 
[  885s] E       --- first
[  885s] E       +++ second
[  885s] E       @@ -1,3 +1,5 @@
[  885s] E       +"/home/abuild/rpmbuild/BUILD/cpplint-1.5.4/cpplint.py:51: DeprecationWarning: module 'sre_compile' is deprecated\n"
[  885s] E       +'  import sre_compile\n'
[  885s] E        'src/chrome_content_renderer_client.cc:113:  Include the directory when naming .h files  [build/include_subdir] [4]\n'
[  885s] E        'src/chrome_content_renderer_client.cc:1156:  Use int16/int64/etc, rather than the C type long  [runtime/int] [4]\n'
[  885s] E        'src/chrome_content_renderer_client.cc:1161:  Use int16/int64/etc, rather than the C type long  [runtime/int] [4]\n'
[  885s] 
[  885s] cpplint_clitest.py:150: AssertionError
[  885s] ----------------------------- Captured stdout call -----------------------------
[  885s] 
[  885s] cd /tmp/tmpp1i07ptr/./samples/chromium-sample && /usr/bin/python3.11 /home/abuild/rpmbuild/BUILD/cpplint-1.5.4/cpplint.py  --repository /tmp/tmpp1i07ptr src/* 2> <filename>
[  885s] ___________________ NoRepoSignatureTests.testCodeliteSample ____________________
[  885s] 
[  885s] self = <cpplint_clitest.NoRepoSignatureTests testMethod=testCodeliteSample>
[  885s] 
[  885s]     def testCodeliteSample(self):
[  885s] >       self.checkAllInFolder('./samples/codelite-sample', 1)
[  885s] 
[  885s] cpplint_clitest.py:176: 
[  885s] _ _ _ _ _ _ _ _ _ _ _ _ _ _ _ _ _ _ _ _ _ _ _ _ _ _ _ _ _ _ _ _ _ _ _ _ _ _ _ _ 
[  885s] cpplint_clitest.py:119: in checkAllInFolder
[  885s]     self._checkDef(os.path.join(dirpath, f))
[  885s] cpplint_clitest.py:128: in _checkDef
[  885s]     self._runAndCheck(path,
[  885s] _ _ _ _ _ _ _ _ _ _ _ _ _ _ _ _ _ _ _ _ _ _ _ _ _ _ _ _ _ _ _ _ _ _ _ _ _ _ _ _ 
[  885s] 
[  885s] self = <cpplint_clitest.NoRepoSignatureTests testMethod=testCodeliteSample>
[  885s] definition_file = './samples/codelite-sample/simple.def', args = 'src/*'
[  885s] expected_status = 1
[  885s] expected_out = ['Done processing src/pptable.cpp', 'Done processing src/pptable.h', 'Total errors found: 680', '']
[  885s] expected_err = ['src/pptable.cpp:0:  No copyright message found.  You should have a line: "Copyright [year] <Copyright Owner>"  [lega... [whitespace/tab] [1]', 'src/pptable.cpp:8:  Lines should be <= 80 characters long  [whitespace/line_length] [2]', ...]
[  885s] 
[  885s]     def _runAndCheck(
[  885s]             self,
[  885s]             definition_file,
[  885s]             args,
[  885s]             expected_status,
[  885s]             expected_out,
[  885s]             expected_err
[  885s]     ):
[  885s]         rel_cwd = os.path.dirname(definition_file)
[  885s]         cmd = BASE_CMD + self.get_extra_command_args(rel_cwd) + args
[  885s]         cwd = os.path.join(self._root, rel_cwd)
[  885s]         # command to reproduce, do not forget first two lines have special meaning
[  885s]         print("\ncd " + cwd + " && " + cmd + " 2> <filename>")
[  885s]         (status, out, err) = RunShellCommand(cmd, cwd)
[  885s]         self.assertEqual(expected_status, status, 'bad command status %s' % status)
[  885s]         prefix = 'Failed check in %s comparing to %s for command: %s' % (cwd, definition_file, cmd)
[  885s] >       compare('\n'.join(expected_err), err.decode('utf8'), prefix=prefix, show_whitespace=True)
[  885s] E       AssertionError: Failed check in /tmp/tmpp1i07ptr/./samples/codelite-sample comparing to ./samples/codelite-sample/simple.def for command: /usr/bin/python3.11 /home/abuild/rpmbuild/BUILD/cpplint-1.5.4/cpplint.py  --repository /tmp/tmpp1i07ptr src/*: 
[  885s] E       --- first
[  885s] E       +++ second
[  885s] E       @@ -1,3 +1,5 @@
[  885s] E       +"/home/abuild/rpmbuild/BUILD/cpplint-1.5.4/cpplint.py:51: DeprecationWarning: module 'sre_compile' is deprecated\n"
[  885s] E       +'  import sre_compile\n'
[  885s] E        'src/pptable.cpp:0:  No copyright message found.  You should have a line: "Copyright [year] <Copyright Owner>"  [legal/copyright] [5]\n'
[  885s] E        'src/pptable.cpp:1:  Include the directory when naming .h files  [build/include_subdir] [4]\n'
[  885s] E        'src/pptable.cpp:6:  { should almost always be at the end of the previous line  [whitespace/braces] [4]\n'
[  885s] 
[  885s] cpplint_clitest.py:150: AssertionError
[  885s] ----------------------------- Captured stdout call -----------------------------
[  885s] 
[  885s] cd /tmp/tmpp1i07ptr/./samples/codelite-sample && /usr/bin/python3.11 /home/abuild/rpmbuild/BUILD/cpplint-1.5.4/cpplint.py  --repository /tmp/tmpp1i07ptr src/* 2> <filename>
[  885s] ___________________ NoRepoSignatureTests.testProtobufSample ____________________
[  885s] 
[  885s] self = <cpplint_clitest.NoRepoSignatureTests testMethod=testProtobufSample>
[  885s] 
[  885s]     def testProtobufSample(self):
[  885s] >       self.checkAllInFolder('./samples/protobuf-sample', 1)
[  885s] 
[  885s] cpplint_clitest.py:173: 
[  885s] _ _ _ _ _ _ _ _ _ _ _ _ _ _ _ _ _ _ _ _ _ _ _ _ _ _ _ _ _ _ _ _ _ _ _ _ _ _ _ _ 
[  885s] cpplint_clitest.py:119: in checkAllInFolder
[  885s]     self._checkDef(os.path.join(dirpath, f))
[  885s] cpplint_clitest.py:128: in _checkDef
[  885s]     self._runAndCheck(path,
[  885s] _ _ _ _ _ _ _ _ _ _ _ _ _ _ _ _ _ _ _ _ _ _ _ _ _ _ _ _ _ _ _ _ _ _ _ _ _ _ _ _ 
[  885s] 
[  885s] self = <cpplint_clitest.NoRepoSignatureTests testMethod=testProtobufSample>
[  885s] definition_file = './samples/protobuf-sample/simple.def', args = 'src/*'
[  885s] expected_status = 1
[  885s] expected_out = ['Done processing src/descriptor.pb.cc', 'Done processing src/descriptor.pb.h', 'Done processing src/descriptor_unittest.cc', 'Total errors found: 2643', '']
[  885s] expected_err = ['src/descriptor.pb.cc:0:  No copyright message found.  You should have a line: "Copyright [year] <Copyright Owner>"  ...der after C++ system header. Should be: descriptor.pb.h, c system, c++ system, other.  [build/include_order] [4]', ...]
[  885s] 
[  885s]     def _runAndCheck(
[  885s]             self,
[  885s]             definition_file,
[  885s]             args,
[  885s]             expected_status,
[  885s]             expected_out,
[  885s]             expected_err
[  885s]     ):
[  885s]         rel_cwd = os.path.dirname(definition_file)
[  885s]         cmd = BASE_CMD + self.get_extra_command_args(rel_cwd) + args
[  885s]         cwd = os.path.join(self._root, rel_cwd)
[  885s]         # command to reproduce, do not forget first two lines have special meaning
[  885s]         print("\ncd " + cwd + " && " + cmd + " 2> <filename>")
[  885s]         (status, out, err) = RunShellCommand(cmd, cwd)
[  885s]         self.assertEqual(expected_status, status, 'bad command status %s' % status)
[  885s]         prefix = 'Failed check in %s comparing to %s for command: %s' % (cwd, definition_file, cmd)
[  885s] >       compare('\n'.join(expected_err), err.decode('utf8'), prefix=prefix, show_whitespace=True)
[  885s] E       AssertionError: Failed check in /tmp/tmpp1i07ptr/./samples/protobuf-sample comparing to ./samples/protobuf-sample/simple.def for command: /usr/bin/python3.11 /home/abuild/rpmbuild/BUILD/cpplint-1.5.4/cpplint.py  --repository /tmp/tmpp1i07ptr src/*: 
[  885s] E       --- first
[  885s] E       +++ second
[  885s] E       @@ -1,3 +1,5 @@
[  885s] E       +"/home/abuild/rpmbuild/BUILD/cpplint-1.5.4/cpplint.py:51: DeprecationWarning: module 'sre_compile' is deprecated\n"
[  885s] E       +'  import sre_compile\n'
[  885s] E        'src/descriptor.pb.cc:0:  No copyright message found.  You should have a line: "Copyright [year] <Copyright Owner>"  [legal/copyright] [5]\n'
[  885s] E        'src/descriptor.pb.cc:9:  Found C system header after C++ system header. Should be: descriptor.pb.h, c system, c++ system, other.  [build/include_order] [4]\n'
[  885s] E        'src/descriptor.pb.cc:10:  Found C system header after C++ system header. Should be: descriptor.pb.h, c system, c++ system, other.  [build/include_order] [4]\n'
[  885s] 
[  885s] cpplint_clitest.py:150: AssertionError
[  885s] ----------------------------- Captured stdout call -----------------------------
[  885s] 
[  885s] cd /tmp/tmpp1i07ptr/./samples/protobuf-sample && /usr/bin/python3.11 /home/abuild/rpmbuild/BUILD/cpplint-1.5.4/cpplint.py  --repository /tmp/tmpp1i07ptr src/* 2> <filename>
[  885s] _____________________ NoRepoSignatureTests.testSillySample _____________________
[  885s] 
[  885s] self = <cpplint_clitest.NoRepoSignatureTests testMethod=testSillySample>
[  885s] 
[  885s]     def testSillySample(self):
[  885s] >       self.checkAllInFolder('./samples/silly-sample', 4)
[  885s] 
[  885s] cpplint_clitest.py:167: 
[  885s] _ _ _ _ _ _ _ _ _ _ _ _ _ _ _ _ _ _ _ _ _ _ _ _ _ _ _ _ _ _ _ _ _ _ _ _ _ _ _ _ 
[  885s] cpplint_clitest.py:119: in checkAllInFolder
[  885s]     self._checkDef(os.path.join(dirpath, f))
[  885s] cpplint_clitest.py:128: in _checkDef
[  885s]     self._runAndCheck(path,
[  885s] _ _ _ _ _ _ _ _ _ _ _ _ _ _ _ _ _ _ _ _ _ _ _ _ _ _ _ _ _ _ _ _ _ _ _ _ _ _ _ _ 
[  885s] 
[  885s] self = <cpplint_clitest.NoRepoSignatureTests testMethod=testSillySample>
[  885s] definition_file = './samples/silly-sample/simple.def', args = 'src/*.cpp'
[  885s] expected_status = 1
[  885s] expected_out = ['Done processing src/sillycode.cpp', 'Total errors found: 107', '']
[  885s] expected_err = ['src/sillycode.cpp:0:  No copyright message found.  You should have a line: "Copyright [year] <Copyright Owner>"  [le...[4]', 'src/sillycode.cpp:39:  { should almost always be at the end of the previous line  [whitespace/braces] [4]', ...]
[  885s] 
[  885s]     def _runAndCheck(
[  885s]             self,
[  885s]             definition_file,
[  885s]             args,
[  885s]             expected_status,
[  885s]             expected_out,
[  885s]             expected_err
[  885s]     ):
[  885s]         rel_cwd = os.path.dirname(definition_file)
[  885s]         cmd = BASE_CMD + self.get_extra_command_args(rel_cwd) + args
[  885s]         cwd = os.path.join(self._root, rel_cwd)
[  885s]         # command to reproduce, do not forget first two lines have special meaning
[  885s]         print("\ncd " + cwd + " && " + cmd + " 2> <filename>")
[  885s]         (status, out, err) = RunShellCommand(cmd, cwd)
[  885s]         self.assertEqual(expected_status, status, 'bad command status %s' % status)
[  885s]         prefix = 'Failed check in %s comparing to %s for command: %s' % (cwd, definition_file, cmd)
[  885s] >       compare('\n'.join(expected_err), err.decode('utf8'), prefix=prefix, show_whitespace=True)
[  885s] E       AssertionError: Failed check in /tmp/tmpp1i07ptr/./samples/silly-sample comparing to ./samples/silly-sample/simple.def for command: /usr/bin/python3.11 /home/abuild/rpmbuild/BUILD/cpplint-1.5.4/cpplint.py  --repository /tmp/tmpp1i07ptr src/*.cpp: 
[  885s] E       --- first
[  885s] E       +++ second
[  885s] E       @@ -1,3 +1,5 @@
[  885s] E       +"/home/abuild/rpmbuild/BUILD/cpplint-1.5.4/cpplint.py:51: DeprecationWarning: module 'sre_compile' is deprecated\n"
[  885s] E       +'  import sre_compile\n'
[  885s] E        'src/sillycode.cpp:0:  No copyright message found.  You should have a line: "Copyright [year] <Copyright Owner>"  [legal/copyright] [5]\n'
[  885s] E        'src/sillycode.cpp:3:  Found C system header after C++ system header. Should be: sillycode.h, c system, c++ system, other.  [build/include_order] [4]\n'
[  885s] E        'src/sillycode.cpp:8:  public: should be indented +1 space inside class Date  [whitespace/indent] [3]\n'
[  885s] 
[  885s] cpplint_clitest.py:150: AssertionError
[  885s] ----------------------------- Captured stdout call -----------------------------
[  885s] 
[  885s] cd /tmp/tmpp1i07ptr/./samples/silly-sample && /usr/bin/python3.11 /home/abuild/rpmbuild/BUILD/cpplint-1.5.4/cpplint.py  --repository /tmp/tmpp1i07ptr src/*.cpp 2> <filename>
[  885s] ______________________ NoRepoSignatureTests.testV8Sample _______________________
[  885s] 
[  885s] self = <cpplint_clitest.NoRepoSignatureTests testMethod=testV8Sample>
[  885s] 
[  885s]     def testV8Sample(self):
[  885s] >       self.checkAllInFolder('./samples/v8-sample', 1)
[  885s] 
[  885s] cpplint_clitest.py:179: 
[  885s] _ _ _ _ _ _ _ _ _ _ _ _ _ _ _ _ _ _ _ _ _ _ _ _ _ _ _ _ _ _ _ _ _ _ _ _ _ _ _ _ 
[  885s] cpplint_clitest.py:119: in checkAllInFolder
[  885s]     self._checkDef(os.path.join(dirpath, f))
[  885s] cpplint_clitest.py:128: in _checkDef
[  885s]     self._runAndCheck(path,
[  885s] _ _ _ _ _ _ _ _ _ _ _ _ _ _ _ _ _ _ _ _ _ _ _ _ _ _ _ _ _ _ _ _ _ _ _ _ _ _ _ _ 
[  885s] 
[  885s] self = <cpplint_clitest.NoRepoSignatureTests testMethod=testV8Sample>
[  885s] definition_file = './samples/v8-sample/simple.def', args = 'src/*'
[  885s] expected_status = 1
[  885s] expected_out = ['Done processing src/interface-descriptors.h', 'Total errors found: 2', '']
[  885s] expected_err = ['src/interface-descriptors.h:5:  #ifndef header guard has wrong style, please use: SAMPLES_V8_SAMPLE_SRC_INTERFACE_DE...255:  #endif line should be "#endif  // SAMPLES_V8_SAMPLE_SRC_INTERFACE_DESCRIPTORS_H_"  [build/header_guard] [5]', '']
[  885s] 
[  885s]     def _runAndCheck(
[  885s]             self,
[  885s]             definition_file,
[  885s]             args,
[  885s]             expected_status,
[  885s]             expected_out,
[  885s]             expected_err
[  885s]     ):
[  885s]         rel_cwd = os.path.dirname(definition_file)
[  885s]         cmd = BASE_CMD + self.get_extra_command_args(rel_cwd) + args
[  885s]         cwd = os.path.join(self._root, rel_cwd)
[  885s]         # command to reproduce, do not forget first two lines have special meaning
[  885s]         print("\ncd " + cwd + " && " + cmd + " 2> <filename>")
[  885s]         (status, out, err) = RunShellCommand(cmd, cwd)
[  885s]         self.assertEqual(expected_status, status, 'bad command status %s' % status)
[  885s]         prefix = 'Failed check in %s comparing to %s for command: %s' % (cwd, definition_file, cmd)
[  885s] >       compare('\n'.join(expected_err), err.decode('utf8'), prefix=prefix, show_whitespace=True)
[  885s] E       AssertionError: Failed check in /tmp/tmpp1i07ptr/./samples/v8-sample comparing to ./samples/v8-sample/simple.def for command: /usr/bin/python3.11 /home/abuild/rpmbuild/BUILD/cpplint-1.5.4/cpplint.py  --repository /tmp/tmpp1i07ptr src/*: 
[  885s] E       --- first
[  885s] E       +++ second
[  885s] E       @@ -1,3 +1,5 @@
[  885s] E       +"/home/abuild/rpmbuild/BUILD/cpplint-1.5.4/cpplint.py:51: DeprecationWarning: module 'sre_compile' is deprecated\n"
[  885s] E       +'  import sre_compile\n'
[  885s] E        'src/interface-descriptors.h:5:  #ifndef header guard has wrong style, please use: SAMPLES_V8_SAMPLE_SRC_INTERFACE_DESCRIPTORS_H_  [build/header_guard] [5]\n'
[  885s] E        'src/interface-descriptors.h:1255:  #endif line should be "#endif  // SAMPLES_V8_SAMPLE_SRC_INTERFACE_DESCRIPTORS_H_"  [build/header_guard] [5]\n'
[  885s] E        ''
[  885s] 
[  885s] cpplint_clitest.py:150: AssertionError
[  885s] ----------------------------- Captured stdout call -----------------------------
[  885s] 
[  885s] cd /tmp/tmpp1i07ptr/./samples/v8-sample && /usr/bin/python3.11 /home/abuild/rpmbuild/BUILD/cpplint-1.5.4/cpplint.py  --repository /tmp/tmpp1i07ptr src/* 2> <filename>
[  885s] ______________________ NoRepoSignatureTests.testVlcSample ______________________
[  885s] 
[  885s] self = <cpplint_clitest.NoRepoSignatureTests testMethod=testVlcSample>
[  885s] 
[  885s]     def testVlcSample(self):
[  885s] >       self.checkAllInFolder('./samples/vlc-sample', 1)
[  885s] 
[  885s] cpplint_clitest.py:164: 
[  885s] _ _ _ _ _ _ _ _ _ _ _ _ _ _ _ _ _ _ _ _ _ _ _ _ _ _ _ _ _ _ _ _ _ _ _ _ _ _ _ _ 
[  885s] cpplint_clitest.py:119: in checkAllInFolder
[  885s]     self._checkDef(os.path.join(dirpath, f))
[  885s] cpplint_clitest.py:128: in _checkDef
[  885s]     self._runAndCheck(path,
[  885s] _ _ _ _ _ _ _ _ _ _ _ _ _ _ _ _ _ _ _ _ _ _ _ _ _ _ _ _ _ _ _ _ _ _ _ _ _ _ _ _ 
[  885s] 
[  885s] self = <cpplint_clitest.NoRepoSignatureTests testMethod=testVlcSample>
[  885s] definition_file = './samples/vlc-sample/simple.def', args = 'src/*'
[  885s] expected_status = 1
[  885s] expected_out = ['Done processing src/libvlc.c', 'Done processing src/libvlc.h', 'Done processing src/missing.c', 'Total errors found: 601', '']
[  885s] expected_err = ['src/libvlc.c:41:  Found C system header after other header. Should be: libvlc.h, c system, c++ system, other.  [buil...d/include_order] [4]', 'src/libvlc.c:71:  Include the directory when naming .h files  [build/include_subdir] [4]', ...]
[  885s] 
[  885s]     def _runAndCheck(
[  885s]             self,
[  885s]             definition_file,
[  885s]             args,
[  885s]             expected_status,
[  885s]             expected_out,
[  885s]             expected_err
[  885s]     ):
[  885s]         rel_cwd = os.path.dirname(definition_file)
[  885s]         cmd = BASE_CMD + self.get_extra_command_args(rel_cwd) + args
[  885s]         cwd = os.path.join(self._root, rel_cwd)
[  885s]         # command to reproduce, do not forget first two lines have special meaning
[  885s]         print("\ncd " + cwd + " && " + cmd + " 2> <filename>")
[  885s]         (status, out, err) = RunShellCommand(cmd, cwd)
[  885s]         self.assertEqual(expected_status, status, 'bad command status %s' % status)
[  885s]         prefix = 'Failed check in %s comparing to %s for command: %s' % (cwd, definition_file, cmd)
[  885s] >       compare('\n'.join(expected_err), err.decode('utf8'), prefix=prefix, show_whitespace=True)
[  885s] E       AssertionError: Failed check in /tmp/tmpp1i07ptr/./samples/vlc-sample comparing to ./samples/vlc-sample/simple.def for command: /usr/bin/python3.11 /home/abuild/rpmbuild/BUILD/cpplint-1.5.4/cpplint.py  --repository /tmp/tmpp1i07ptr src/*: 
[  885s] E       --- first
[  885s] E       +++ second
[  885s] E       @@ -1,3 +1,5 @@
[  885s] E       +"/home/abuild/rpmbuild/BUILD/cpplint-1.5.4/cpplint.py:51: DeprecationWarning: module 'sre_compile' is deprecated\n"
[  885s] E       +'  import sre_compile\n'
[  885s] E        'src/libvlc.c:41:  Found C system header after other header. Should be: libvlc.h, c system, c++ system, other.  [build/include_order] [4]\n'
[  885s] E        'src/libvlc.c:47:  Found C system header after other header. Should be: libvlc.h, c system, c++ system, other.  [build/include_order] [4]\n'
[  885s] E        'src/libvlc.c:48:  Found C system header after other header. Should be: libvlc.h, c system, c++ system, other.  [build/include_order] [4]\n'
[  885s] 
[  885s] cpplint_clitest.py:150: AssertionError
[  885s] ----------------------------- Captured stdout call -----------------------------
[  885s] 
[  885s] cd /tmp/tmpp1i07ptr/./samples/vlc-sample && /usr/bin/python3.11 /home/abuild/rpmbuild/BUILD/cpplint-1.5.4/cpplint.py  --repository /tmp/tmpp1i07ptr src/* 2> <filename>
[  885s] ___________________ GitRepoSignatureTests.testCodeliteSample ___________________
[  885s] 
[  885s] self = <cpplint_clitest.GitRepoSignatureTests testMethod=testCodeliteSample>
[  885s] 
[  885s]     def testCodeliteSample(self):
[  885s] >       self.checkAllInFolder('./samples/codelite-sample', 1)
[  885s] 
[  885s] cpplint_clitest.py:190: 
[  885s] _ _ _ _ _ _ _ _ _ _ _ _ _ _ _ _ _ _ _ _ _ _ _ _ _ _ _ _ _ _ _ _ _ _ _ _ _ _ _ _ 
[  885s] cpplint_clitest.py:119: in checkAllInFolder
[  885s]     self._checkDef(os.path.join(dirpath, f))
[  885s] cpplint_clitest.py:128: in _checkDef
[  885s]     self._runAndCheck(path,
[  885s] _ _ _ _ _ _ _ _ _ _ _ _ _ _ _ _ _ _ _ _ _ _ _ _ _ _ _ _ _ _ _ _ _ _ _ _ _ _ _ _ 
[  885s] 
[  885s] self = <cpplint_clitest.GitRepoSignatureTests testMethod=testCodeliteSample>
[  885s] definition_file = './samples/codelite-sample/simple.def', args = 'src/*'
[  885s] expected_status = 1
[  885s] expected_out = ['Done processing src/pptable.cpp', 'Done processing src/pptable.h', 'Total errors found: 680', '']
[  885s] expected_err = ['src/pptable.cpp:0:  No copyright message found.  You should have a line: "Copyright [year] <Copyright Owner>"  [lega... [whitespace/tab] [1]', 'src/pptable.cpp:8:  Lines should be <= 80 characters long  [whitespace/line_length] [2]', ...]
[  885s] 
[  885s]     def _runAndCheck(
[  885s]             self,
[  885s]             definition_file,
[  885s]             args,
[  885s]             expected_status,
[  885s]             expected_out,
[  885s]             expected_err
[  885s]     ):
[  885s]         rel_cwd = os.path.dirname(definition_file)
[  885s]         cmd = BASE_CMD + self.get_extra_command_args(rel_cwd) + args
[  885s]         cwd = os.path.join(self._root, rel_cwd)
[  885s]         # command to reproduce, do not forget first two lines have special meaning
[  885s]         print("\ncd " + cwd + " && " + cmd + " 2> <filename>")
[  885s]         (status, out, err) = RunShellCommand(cmd, cwd)
[  885s]         self.assertEqual(expected_status, status, 'bad command status %s' % status)
[  885s]         prefix = 'Failed check in %s comparing to %s for command: %s' % (cwd, definition_file, cmd)
[  885s] >       compare('\n'.join(expected_err), err.decode('utf8'), prefix=prefix, show_whitespace=True)
[  885s] E       AssertionError: Failed check in /tmp/tmpr64y49ds/./samples/codelite-sample comparing to ./samples/codelite-sample/simple.def for command: /usr/bin/python3.11 /home/abuild/rpmbuild/BUILD/cpplint-1.5.4/cpplint.py src/*: 
[  885s] E       --- first
[  885s] E       +++ second
[  885s] E       @@ -1,3 +1,5 @@
[  885s] E       +"/home/abuild/rpmbuild/BUILD/cpplint-1.5.4/cpplint.py:51: DeprecationWarning: module 'sre_compile' is deprecated\n"
[  885s] E       +'  import sre_compile\n'
[  885s] E        'src/pptable.cpp:0:  No copyright message found.  You should have a line: "Copyright [year] <Copyright Owner>"  [legal/copyright] [5]\n'
[  885s] E        'src/pptable.cpp:1:  Include the directory when naming .h files  [build/include_subdir] [4]\n'
[  885s] E        'src/pptable.cpp:6:  { should almost always be at the end of the previous line  [whitespace/braces] [4]\n'
[  885s] 
[  885s] cpplint_clitest.py:150: AssertionError
[  885s] ----------------------------- Captured stdout call -----------------------------
[  885s] 
[  885s] cd /tmp/tmpr64y49ds/./samples/codelite-sample && /usr/bin/python3.11 /home/abuild/rpmbuild/BUILD/cpplint-1.5.4/cpplint.py src/* 2> <filename>
[  885s] ________________ MercurialRepoSignatureTests.testCodeliteSample ________________
[  885s] 
[  885s] self = <cpplint_clitest.MercurialRepoSignatureTests testMethod=testCodeliteSample>
[  885s] 
[  885s]     def testCodeliteSample(self):
[  885s] >       self.checkAllInFolder('./samples/codelite-sample', 1)
[  885s] 
[  885s] cpplint_clitest.py:201: 
[  885s] _ _ _ _ _ _ _ _ _ _ _ _ _ _ _ _ _ _ _ _ _ _ _ _ _ _ _ _ _ _ _ _ _ _ _ _ _ _ _ _ 
[  885s] cpplint_clitest.py:119: in checkAllInFolder
[  885s]     self._checkDef(os.path.join(dirpath, f))
[  885s] cpplint_clitest.py:128: in _checkDef
[  885s]     self._runAndCheck(path,
[  885s] _ _ _ _ _ _ _ _ _ _ _ _ _ _ _ _ _ _ _ _ _ _ _ _ _ _ _ _ _ _ _ _ _ _ _ _ _ _ _ _ 
[  885s] 
[  885s] self = <cpplint_clitest.MercurialRepoSignatureTests testMethod=testCodeliteSample>
[  885s] definition_file = './samples/codelite-sample/simple.def', args = 'src/*'
[  885s] expected_status = 1
[  885s] expected_out = ['Done processing src/pptable.cpp', 'Done processing src/pptable.h', 'Total errors found: 680', '']
[  885s] expected_err = ['src/pptable.cpp:0:  No copyright message found.  You should have a line: "Copyright [year] <Copyright Owner>"  [lega... [whitespace/tab] [1]', 'src/pptable.cpp:8:  Lines should be <= 80 characters long  [whitespace/line_length] [2]', ...]
[  885s] 
[  885s]     def _runAndCheck(
[  885s]             self,
[  885s]             definition_file,
[  885s]             args,
[  885s]             expected_status,
[  885s]             expected_out,
[  885s]             expected_err
[  885s]     ):
[  885s]         rel_cwd = os.path.dirname(definition_file)
[  885s]         cmd = BASE_CMD + self.get_extra_command_args(rel_cwd) + args
[  885s]         cwd = os.path.join(self._root, rel_cwd)
[  885s]         # command to reproduce, do not forget first two lines have special meaning
[  885s]         print("\ncd " + cwd + " && " + cmd + " 2> <filename>")
[  885s]         (status, out, err) = RunShellCommand(cmd, cwd)
[  885s]         self.assertEqual(expected_status, status, 'bad command status %s' % status)
[  885s]         prefix = 'Failed check in %s comparing to %s for command: %s' % (cwd, definition_file, cmd)
[  885s] >       compare('\n'.join(expected_err), err.decode('utf8'), prefix=prefix, show_whitespace=True)
[  885s] E       AssertionError: Failed check in /tmp/tmpv56mv0ea/./samples/codelite-sample comparing to ./samples/codelite-sample/simple.def for command: /usr/bin/python3.11 /home/abuild/rpmbuild/BUILD/cpplint-1.5.4/cpplint.py src/*: 
[  885s] E       --- first
[  885s] E       +++ second
[  885s] E       @@ -1,3 +1,5 @@
[  885s] E       +"/home/abuild/rpmbuild/BUILD/cpplint-1.5.4/cpplint.py:51: DeprecationWarning: module 'sre_compile' is deprecated\n"
[  885s] E       +'  import sre_compile\n'
[  885s] E        'src/pptable.cpp:0:  No copyright message found.  You should have a line: "Copyright [year] <Copyright Owner>"  [legal/copyright] [5]\n'
[  885s] E        'src/pptable.cpp:1:  Include the directory when naming .h files  [build/include_subdir] [4]\n'
[  885s] E        'src/pptable.cpp:6:  { should almost always be at the end of the previous line  [whitespace/braces] [4]\n'
[  885s] 
[  885s] cpplint_clitest.py:150: AssertionError
[  885s] ----------------------------- Captured stdout call -----------------------------
[  885s] 
[  885s] cd /tmp/tmpv56mv0ea/./samples/codelite-sample && /usr/bin/python3.11 /home/abuild/rpmbuild/BUILD/cpplint-1.5.4/cpplint.py src/* 2> <filename>
[  885s] ___________________ SvnRepoSignatureTests.testCodeliteSample ___________________
[  885s] 
[  885s] self = <cpplint_clitest.SvnRepoSignatureTests testMethod=testCodeliteSample>
[  885s] 
[  885s]     def testCodeliteSample(self):
[  885s] >       self.checkAllInFolder('./samples/codelite-sample', 1)
[  885s] 
[  885s] cpplint_clitest.py:212: 
[  885s] _ _ _ _ _ _ _ _ _ _ _ _ _ _ _ _ _ _ _ _ _ _ _ _ _ _ _ _ _ _ _ _ _ _ _ _ _ _ _ _ 
[  885s] cpplint_clitest.py:119: in checkAllInFolder
[  885s]     self._checkDef(os.path.join(dirpath, f))
[  885s] cpplint_clitest.py:128: in _checkDef
[  885s]     self._runAndCheck(path,
[  885s] _ _ _ _ _ _ _ _ _ _ _ _ _ _ _ _ _ _ _ _ _ _ _ _ _ _ _ _ _ _ _ _ _ _ _ _ _ _ _ _ 
[  885s] 
[  885s] self = <cpplint_clitest.SvnRepoSignatureTests testMethod=testCodeliteSample>
[  885s] definition_file = './samples/codelite-sample/simple.def', args = 'src/*'
[  885s] expected_status = 1
[  885s] expected_out = ['Done processing src/pptable.cpp', 'Done processing src/pptable.h', 'Total errors found: 680', '']
[  885s] expected_err = ['src/pptable.cpp:0:  No copyright message found.  You should have a line: "Copyright [year] <Copyright Owner>"  [lega... [whitespace/tab] [1]', 'src/pptable.cpp:8:  Lines should be <= 80 characters long  [whitespace/line_length] [2]', ...]
[  885s] 
[  885s]     def _runAndCheck(
[  885s]             self,
[  885s]             definition_file,
[  885s]             args,
[  885s]             expected_status,
[  885s]             expected_out,
[  885s]             expected_err
[  885s]     ):
[  885s]         rel_cwd = os.path.dirname(definition_file)
[  885s]         cmd = BASE_CMD + self.get_extra_command_args(rel_cwd) + args
[  885s]         cwd = os.path.join(self._root, rel_cwd)
[  885s]         # command to reproduce, do not forget first two lines have special meaning
[  885s]         print("\ncd " + cwd + " && " + cmd + " 2> <filename>")
[  885s]         (status, out, err) = RunShellCommand(cmd, cwd)
[  885s]         self.assertEqual(expected_status, status, 'bad command status %s' % status)
[  885s]         prefix = 'Failed check in %s comparing to %s for command: %s' % (cwd, definition_file, cmd)
[  885s] >       compare('\n'.join(expected_err), err.decode('utf8'), prefix=prefix, show_whitespace=True)
[  885s] E       AssertionError: Failed check in /tmp/tmpt2uaz2sw/./samples/codelite-sample comparing to ./samples/codelite-sample/simple.def for command: /usr/bin/python3.11 /home/abuild/rpmbuild/BUILD/cpplint-1.5.4/cpplint.py src/*: 
[  885s] E       --- first
[  885s] E       +++ second
[  885s] E       @@ -1,3 +1,5 @@
[  885s] E       +"/home/abuild/rpmbuild/BUILD/cpplint-1.5.4/cpplint.py:51: DeprecationWarning: module 'sre_compile' is deprecated\n"
[  885s] E       +'  import sre_compile\n'
[  885s] E        'src/pptable.cpp:0:  No copyright message found.  You should have a line: "Copyright [year] <Copyright Owner>"  [legal/copyright] [5]\n'
[  885s] E        'src/pptable.cpp:1:  Include the directory when naming .h files  [build/include_subdir] [4]\n'
[  885s] E        'src/pptable.cpp:6:  { should almost always be at the end of the previous line  [whitespace/braces] [4]\n'
[  885s] 
[  885s] cpplint_clitest.py:150: AssertionError
[  885s] ----------------------------- Captured stdout call -----------------------------
[  885s] 
[  885s] cd /tmp/tmpt2uaz2sw/./samples/codelite-sample && /usr/bin/python3.11 /home/abuild/rpmbuild/BUILD/cpplint-1.5.4/cpplint.py src/* 2> <filename>
[  885s] _______________________ QuietTest.testQuietWithoutErrors _______________________
[  885s] 
[  885s] self = <cpplint_unittest.QuietTest testMethod=testQuietWithoutErrors>
[  885s] 
[  885s]     def testQuietWithoutErrors(self):
[  885s]       # This will succeed. We filtered out all the known errors for that file.
[  885s]       (return_code, output) = self._runCppLint('--quiet',
[  885s]                                                '--filter=' +
[  885s]                                                    '-legal/copyright,' +
[  885s]                                                    '-build/header_guard')
[  885s]       self.assertEquals(0, return_code, output)
[  885s]       # No cpplint errors are printed since there were no errors.
[  885s]       self.assertNotIn("[legal/copyright]", output)
[  885s]       self.assertNotIn("[build/header_guard]", output)
[  885s]       # --quiet was specified and there were no errors:
[  885s]       # skip the printing of 'Done processing' and 'Total errors..'
[  885s]       self.assertNotIn("Done processing", output)
[  885s]       self.assertNotIn("Total errors found:", output)
[  885s]       # Output with no errors must be completely blank!
[  885s] >     self.assertEquals("", output)
[  885s] E     AssertionError: '' != "/home/abuild/rpmbuild/BUILD/cpplint-1.5.[91 chars]le\n"
[  885s] E     + /home/abuild/rpmbuild/BUILD/cpplint-1.5.4/cpplint.py:51: DeprecationWarning: module 'sre_compile' is deprecated
[  885s] E     +   import sre_compile
[  885s] 
[  885s] cpplint_unittest.py:6501: AssertionError
[  885s] =========================== short test summary info ============================
[  885s] FAILED cpplint_clitest.py::UsageTest::testHelp - AssertionError: False is not...
[  885s] FAILED cpplint_clitest.py::NoRepoSignatureTests::testBoostSample - AssertionE...
[  885s] FAILED cpplint_clitest.py::NoRepoSignatureTests::testChromiumSample - Asserti...
[  885s] FAILED cpplint_clitest.py::NoRepoSignatureTests::testCodeliteSample - Asserti...
[  885s] FAILED cpplint_clitest.py::NoRepoSignatureTests::testProtobufSample - Asserti...
[  885s] FAILED cpplint_clitest.py::NoRepoSignatureTests::testSillySample - AssertionE...
[  885s] FAILED cpplint_clitest.py::NoRepoSignatureTests::testV8Sample - AssertionErro...
[  885s] FAILED cpplint_clitest.py::NoRepoSignatureTests::testVlcSample - AssertionErr...
[  885s] FAILED cpplint_clitest.py::GitRepoSignatureTests::testCodeliteSample - Assert...
[  885s] FAILED cpplint_clitest.py::MercurialRepoSignatureTests::testCodeliteSample - ...
[  885s] FAILED cpplint_clitest.py::SvnRepoSignatureTests::testCodeliteSample - Assert...
[  885s] FAILED cpplint_unittest.py::QuietTest::testQuietWithoutErrors - AssertionErro...
[  885s] ================== 12 failed, 195 passed in 197.59s (0:03:17) ==================
[  885s] error: Bad exit status from /var/tmp/rpm-tmp.6t8MLi (%check)
[  885s] 
[  885s] RPM build errors:
[  885s]     Bad exit status from /var/tmp/rpm-tmp.6t8MLi (%check)
[  886s] ### VM INTERACTION START ###
[  886s] [  880.005997][    T1] sysrq: Power Off
[  886s] [  880.009673][  T362] reboot: Power down
[  886s] ### VM INTERACTION END ###
[  886s] 
[  886s] lamb18 failed "build python-cpplint.spec" at Sun Feb 19 13:20:59 UTC 2023.
[  886s] 
