[    0s] Using BUILD_ROOT=/var/cache/obs/worker/root_3/.mount
[    0s] Using BUILD_ARCH=riscv64
[    0s] Doing kvm build in /var/cache/obs/worker/root_3/root
[    0s] 
[    0s] 
[    0s] cloud128 started "build python-pydata-sphinx-theme.spec" at Sun Feb 19 10:14:31 UTC 2023.
[    0s] 
[    0s] Building python-pydata-sphinx-theme for project 'openSUSE:Factory:RISCV' repository 'standard' arch 'riscv64' srcmd5 'b28ed89c84236615f04234116314ada7'
[    0s] 
[    0s] processing recipe /var/cache/obs/worker/root_3/.build-srcdir/python-pydata-sphinx-theme.spec ...
[    0s] running changelog2spec --target rpm --file /var/cache/obs/worker/root_3/.build-srcdir/python-pydata-sphinx-theme.spec
[    0s] init_buildsystem --configdir /var/run/obs/worker/3/build/configs --cachedir /var/cache/build --prepare --clean --rpmlist /var/cache/obs/worker/root_3/.build.rpmlist /var/cache/obs/worker/root_3/.build-srcdir/python-pydata-sphinx-theme.spec build ...
[    1s] unpacking preinstall image openSUSE:Factory:RISCV/standard/preinstallimage-python [718d7b37bce08b907ee81939a96ff181]
[    5s] 
[    5s] copying packages...
[    6s] reordering...cycle: python310-sphinx_rtd_theme -> python310-Sphinx
[    6s]   breaking dependency python310-Sphinx -> python310-sphinx_rtd_theme
[    6s] cycle: python310-Sphinx -> python310-sphinxcontrib-applehelp
[    6s]   breaking dependency python310-Sphinx -> python310-sphinxcontrib-applehelp
[    6s] cycle: python310-Sphinx -> python310-sphinxcontrib-devhelp
[    6s]   breaking dependency python310-Sphinx -> python310-sphinxcontrib-devhelp
[    6s] cycle: python310-Sphinx -> python310-sphinxcontrib-htmlhelp
[    6s]   breaking dependency python310-Sphinx -> python310-sphinxcontrib-htmlhelp
[    6s] cycle: python310-Sphinx -> python310-sphinxcontrib-jsmath
[    6s]   breaking dependency python310-Sphinx -> python310-sphinxcontrib-jsmath
[    6s] cycle: python310-Sphinx -> python310-sphinxcontrib-qthelp
[    6s]   breaking dependency python310-Sphinx -> python310-sphinxcontrib-qthelp
[    6s] cycle: python310-Sphinx -> python310-sphinxcontrib-serializinghtml
[    6s]   breaking dependency python310-sphinxcontrib-serializinghtml -> python310-Sphinx
[    6s] cycle: python311-sphinx_rtd_theme -> python311-Sphinx
[    6s]   breaking dependency python311-Sphinx -> python311-sphinx_rtd_theme
[    6s] cycle: python311-Sphinx -> python311-sphinxcontrib-applehelp
[    6s]   breaking dependency python311-Sphinx -> python311-sphinxcontrib-applehelp
[    6s] cycle: python311-Sphinx -> python311-sphinxcontrib-devhelp
[    6s]   breaking dependency python311-Sphinx -> python311-sphinxcontrib-devhelp
[    6s] cycle: python311-Sphinx -> python311-sphinxcontrib-htmlhelp
[    6s]   breaking dependency python311-Sphinx -> python311-sphinxcontrib-htmlhelp
[    6s] cycle: python311-Sphinx -> python311-sphinxcontrib-jsmath
[    6s]   breaking dependency python311-Sphinx -> python311-sphinxcontrib-jsmath
[    6s] cycle: python311-Sphinx -> python311-sphinxcontrib-qthelp
[    6s]   breaking dependency python311-Sphinx -> python311-sphinxcontrib-qthelp
[    6s] cycle: python311-Sphinx -> python311-sphinxcontrib-serializinghtml
[    6s]   breaking dependency python311-sphinxcontrib-serializinghtml -> python311-Sphinx
[    6s] cycle: python38-sphinx_rtd_theme -> python38-Sphinx
[    6s]   breaking dependency python38-Sphinx -> python38-sphinx_rtd_theme
[    6s] cycle: python38-Sphinx -> python38-sphinxcontrib-applehelp
[    6s]   breaking dependency python38-Sphinx -> python38-sphinxcontrib-applehelp
[    6s] cycle: python38-Sphinx -> python38-sphinxcontrib-devhelp
[    6s]   breaking dependency python38-Sphinx -> python38-sphinxcontrib-devhelp
[    6s] cycle: python38-Sphinx -> python38-sphinxcontrib-htmlhelp
[    6s]   breaking dependency python38-Sphinx -> python38-sphinxcontrib-htmlhelp
[    6s] cycle: python38-Sphinx -> python38-sphinxcontrib-jsmath
[    6s]   breaking dependency python38-Sphinx -> python38-sphinxcontrib-jsmath
[    6s] cycle: python38-Sphinx -> python38-sphinxcontrib-qthelp
[    6s]   breaking dependency python38-Sphinx -> python38-sphinxcontrib-qthelp
[    6s] cycle: python38-Sphinx -> python38-sphinxcontrib-serializinghtml
[    6s]   breaking dependency python38-sphinxcontrib-serializinghtml -> python38-Sphinx
[    6s] cycle: python39-sphinx_rtd_theme -> python39-Sphinx
[    6s]   breaking dependency python39-Sphinx -> python39-sphinx_rtd_theme
[    6s] cycle: python39-Sphinx -> python39-sphinxcontrib-applehelp
[    6s]   breaking dependency python39-Sphinx -> python39-sphinxcontrib-applehelp
[    6s] cycle: python39-Sphinx -> python39-sphinxcontrib-devhelp
[    6s]   breaking dependency python39-Sphinx -> python39-sphinxcontrib-devhelp
[    6s] cycle: python39-Sphinx -> python39-sphinxcontrib-htmlhelp
[    6s]   breaking dependency python39-Sphinx -> python39-sphinxcontrib-htmlhelp
[    6s] cycle: python39-Sphinx -> python39-sphinxcontrib-jsmath
[    6s]   breaking dependency python39-Sphinx -> python39-sphinxcontrib-jsmath
[    6s] cycle: python39-Sphinx -> python39-sphinxcontrib-qthelp
[    6s]   breaking dependency python39-Sphinx -> python39-sphinxcontrib-qthelp
[    6s] cycle: python39-Sphinx -> python39-sphinxcontrib-serializinghtml
[    6s]   breaking dependency python39-sphinxcontrib-serializinghtml -> python39-Sphinx
[    6s] done
[    6s] Detected virtio-serial support
[   18s] booting kvm...
[   18s] ### VM INTERACTION START ###
[   18s] Using virtio-serial support
[   18s] /usr/bin/qemu-kvm -nodefaults -no-reboot -nographic -vga none -cpu host -M pc,accel=kvm,usb=off,dump-guest-core=off,vmport=off -sandbox on -bios /usr/share/qemu/qboot.rom -object rng-random,filename=/dev/random,id=rng0 -device virtio-rng-pci,rng=rng0 -object iothread,id=io0 -runas qemu -net none -kernel /var/cache/obs/worker/root_3/.mount/boot/kernel -initrd /var/cache/obs/worker/root_3/.mount/boot/initrd -append root=/dev/disk/by-id/virtio-0 rootfstype=ext4 rootflags=noatime kvmclock mitigations=off elevator=noop nmi_watchdog=0 rw rd.driver.pre=binfmt_misc oops=panic panic=1 quiet console=hvc0 init=/.build/initvm.x86_64 -m 3072 -drive file=/var/cache/obs/worker/root_3/root,format=raw,if=none,id=disk,cache=unsafe,aio=io_uring -device virtio-blk-pci,iothread=io0,drive=disk,serial=0 -drive file=/var/cache/obs/worker/root_3/swap,format=raw,if=none,id=swap,cache=unsafe,aio=io_uring -device virtio-blk-pci,iothread=io0,drive=swap,serial=1 -device virtio-serial,max_ports=2 -device virtconsole,chardev=virtiocon0 -chardev stdio,id=virtiocon0 -chardev socket,id=monitor,server=on,wait=off,path=/var/cache/obs/worker/root_3/root.qemu/monitor -mon chardev=monitor,mode=readline -smp 4
[   22s] ### VM INTERACTION END ###
[   22s] 2nd stage started in virtual machine
[   23s] machine type: riscv64
[   23s] Linux version: 6.1.12-1-default #1 SMP PREEMPT_DYNAMIC Wed Feb 15 05:31:41 UTC 2023 (373f017)
[   23s] Increasing log level from now on...
[   23s] [    4.568410][  T368] sysrq: Changing Loglevel
[   23s] [    4.568630][  T368] sysrq: Loglevel set to 4
[   23s] Enable sysrq operations
[   23s] Setting up swapspace version 1, size = 2 GiB (2097147904 bytes)
[   23s] no label, UUID=55d718f9-aa4e-4c4a-ae69-5931fbf555d2
[   23s] swapon: /dev/vdb: found signature [pagesize=4096, signature=swap]
[   23s] swapon: /dev/vdb: pagesize=4096, swapsize=2097152000, devsize=2097152000
[   23s] swapon /dev/vdb
[   24s] WARNING: udev not running, creating extra device nodes
[   24s] logging output to //.build.log...
[   24s] processing recipe /.build-srcdir/python-pydata-sphinx-theme.spec ...
[   24s] init_buildsystem --configdir /.build/configs --cachedir /var/cache/build /.build-srcdir/python-pydata-sphinx-theme.spec build ...
[   25s] initializing rpm db...
[   25s] querying package ids...
[   59s] [1/337] preinstalled aaa_base-84.87+git20220822.6b9f7a3-1.1
[   59s] [2/337] preinstalled aaa_base-malloccheck-84.87+git20220822.6b9f7a3-1.1
[   59s] [3/337] preinstalled attr-2.5.1-1.1
[   59s] [4/337] preinstalled bash-5.2.15-8.1
[   59s] [5/337] preinstalled bash-sh-5.2.15-8.1
[   59s] [6/337] preinstalled binutils-2.39-3.1
[   59s] [7/337] preinstalled brp-check-suse-84.87+git20221115.2f7add6-1.1
[   59s] [8/337] preinstalled build-compare-20221206T204012.bb70754-1.2
[   59s] [9/337] preinstalled build-mkbaselibs-20230215-1.1
[   59s] [10/337] preinstalled bzip2-1.0.8-4.1
[   59s] [11/337] preinstalled chkstat-1599_20221220-1.2
[   59s] [12/337] preinstalled compat-usrmerge-build-84.87-5.1
[   59s] [13/337] preinstalled compat-usrmerge-tools-84.87-5.1
[   59s] [14/337] preinstalled coreutils-9.1-5.1
[   59s] [15/337] preinstalled cpio-2.13-5.1
[   59s] [16/337] preinstalled cpp-12-2.1
[   59s] [17/337] preinstalled cpp12-12.2.1+git749-4.1
[   59s] [18/337] preinstalled crypto-policies-20210917.c9d86d1-1.1
[   59s] [19/337] preinstalled debugedit-5.0-5.1
[   59s] [20/337] preinstalled diffutils-3.9-1.1
[   59s] [21/337] preinstalled dwz-0.15-2.1
[   59s] [22/337] preinstalled elfutils-0.188-3.2
[   59s] [23/337] cumulate fdupes-2.2.1-1.1
[   59s] [24/337] preinstalled file-5.44-1.2
[   59s] [25/337] preinstalled file-magic-5.44-1.2
[   59s] [26/337] preinstalled filesystem-84.87-12.1
[   59s] [27/337] preinstalled fillup-1.42-279.1
[   59s] [28/337] preinstalled findutils-4.9.0-2.1
[   59s] [29/337] preinstalled gawk-5.2.1-2.1
[   59s] [30/337] preinstalled gcc-12-2.1
[   59s] [31/337] preinstalled gcc-PIE-12-2.1
[   59s] [32/337] preinstalled gcc12-12.2.1+git749-4.1
[   59s] [33/337] preinstalled gcc12-PIE-12.2.1+git749-4.1
[   59s] [34/337] preinstalled gettext-runtime-mini-0.21.1-1.1
[   59s] [35/337] preinstalled gettext-tools-mini-0.21.1-1.1
[   59s] [36/337] preinstalled glibc-2.37-1.1
[   59s] [37/337] preinstalled glibc-devel-2.37-1.1
[   59s] [38/337] preinstalled glibc-locale-base-2.37-1.1
[   59s] [39/337] preinstalled grep-3.8-3.1
[   59s] [40/337] preinstalled gzip-1.12-3.1
[   59s] [41/337] preinstalled kernel-obs-build-6.1.12-1.1
[   59s] [42/337] preinstalled libacl1-2.3.1-2.1
[   59s] [43/337] cumulate libalternatives1-1.2+3.b848aad-3.1
[   59s] [44/337] preinstalled libasan8-13.0.1+git5428-6.1
[   59s] [45/337] preinstalled libasm1-0.188-3.2
[   59s] [46/337] preinstalled libatomic1-13.0.1+git5428-6.1
[   59s] [47/337] preinstalled libattr1-2.5.1-1.1
[   59s] [48/337] preinstalled libaudit1-3.0.6-4.1
[   59s] [49/337] preinstalled libblkid1-2.38.1-7.1
[   59s] [50/337] preinstalled libbz2-1-1.0.8-4.1
[   59s] [51/337] preinstalled libcap-ng0-0.8.3-1.1
[   59s] [52/337] preinstalled libcap2-2.67-1.1
[   59s] [53/337] preinstalled libcrypt1-4.4.33-1.1
[   59s] [54/337] preinstalled libctf-nobfd0-2.39-3.1
[   59s] [55/337] preinstalled libctf0-2.39-3.1
[   59s] [56/337] preinstalled libdb-4_8-4.8.30-39.1
[   59s] [57/337] preinstalled libdw1-0.188-3.2
[   59s] [58/337] preinstalled libeconf0-0.5.1-1.1
[   59s] [59/337] preinstalled libelf1-0.188-3.2
[   59s] [60/337] preinstalled libexpat1-2.5.0-2.1
[   59s] [61/337] preinstalled libfdisk1-2.38.1-7.1
[   59s] [62/337] preinstalled libffi8-3.4.4-1.1
[   59s] [63/337] preinstalled libgcc_s1-13.0.1+git5428-6.1
[   59s] [64/337] preinstalled libgcrypt20-1.10.1-1.1
[   59s] [65/337] preinstalled libgdbm6-1.23-1.1
[   59s] [66/337] preinstalled libgdbm_compat4-1.23-1.1
[   59s] [67/337] preinstalled libgmp10-6.2.1-4.1
[   59s] [68/337] preinstalled libgomp1-13.0.1+git5428-6.1
[   59s] [69/337] preinstalled libgpg-error0-1.46-1.1
[   59s] [70/337] preinstalled libisl23-0.25-1.1
[   59s] [71/337] preinstalled liblua5_4-5-5.4.4-8.1
[   59s] [72/337] preinstalled liblzma5-5.4.1-1.1
[   59s] [73/337] preinstalled libmagic1-5.44-1.2
[   59s] [74/337] preinstalled libmount1-2.38.1-7.1
[   59s] [75/337] preinstalled libmpc3-1.3.1-1.2
[   60s] [76/337] preinstalled libmpdec3-2.5.1-2.1
[   60s] [77/337] preinstalled libmpfr6-4.2.0-1.1
[   60s] [78/337] preinstalled libncurses6-6.4.20230128-5.1
[   60s] [79/337] preinstalled libopenssl3-3.0.7-3.1
[   60s] [80/337] cumulate libp11-kit0-0.24.1-2.1
[   60s] [81/337] preinstalled libpcre2-8-0-10.42-3.2
[   60s] [82/337] preinstalled libpkgconf3-1.8.0-2.1
[   60s] [83/337] preinstalled libpopt0-1.19-1.1
[   60s] [84/337] preinstalled libpython3_10-1_0-3.10.9-2.2
[   60s] [85/337] preinstalled libpython3_11-1_0-3.11.1-4.2
[   60s] [86/337] preinstalled libpython3_8-1_0-3.8.16-3.2
[   60s] [87/337] preinstalled libpython3_9-1_0-3.9.16-3.2
[   60s] [88/337] preinstalled libreadline8-8.2-2.1
[   60s] [89/337] preinstalled librpmbuild9-4.18.0-3.2
[   60s] [90/337] preinstalled libseccomp2-2.5.4-2.1
[   60s] [91/337] preinstalled libselinux1-3.4-2.1
[   60s] [92/337] preinstalled libsemanage-conf-3.4-1.1
[   60s] [93/337] preinstalled libsemanage2-3.4-1.1
[   60s] [94/337] preinstalled libsepol2-3.4-1.1
[   60s] [95/337] preinstalled libsmartcols1-2.38.1-7.1
[   60s] [96/337] cumulate libsqlite3-0-3.40.1-1.1
[   60s] [97/337] preinstalled libstdc++6-13.0.1+git5428-6.1
[   60s] [98/337] preinstalled libsubid4-4.13-3.1
[   60s] [99/337] cumulate libtasn1-6-4.19.0-1.1
[   60s] [100/337] preinstalled libubsan1-13.0.1+git5428-6.1
[   60s] [101/337] preinstalled libutempter0-1.2.0-3.2
[   60s] [102/337] preinstalled libuuid1-2.38.1-7.1
[   60s] [103/337] preinstalled libxcrypt-devel-4.4.33-1.1
[   60s] [104/337] cumulate libyaml-0-2-0.2.5-2.1
[   60s] [105/337] preinstalled libz1-1.2.13-2.1
[   60s] [106/337] preinstalled libzstd1-1.5.2-2.1
[   60s] [107/337] preinstalled linux-glibc-devel-6.1-1.1
[   60s] [108/337] preinstalled login_defs-4.13-3.1
[   60s] [109/337] preinstalled lua54-5.4.4-8.1
[   60s] [110/337] preinstalled make-4.4-2.1
[   60s] [111/337] preinstalled ncurses-utils-6.4.20230128-5.1
[   60s] [112/337] preinstalled pam-1.5.2-12.1
[   60s] [113/337] preinstalled patch-2.7.6-6.1
[   60s] [114/337] preinstalled perl-5.36.0-4.1
[   60s] [115/337] preinstalled perl-base-5.36.0-4.1
[   60s] [116/337] preinstalled permissions-1599_20221220-1.2
[   60s] [117/337] preinstalled permissions-config-1599_20221220-1.2
[   60s] [118/337] preinstalled pkgconf-1.8.0-2.1
[   60s] [119/337] preinstalled pkgconf-m4-1.8.0-2.1
[   60s] [120/337] preinstalled pkgconf-pkg-config-1.8.0-2.1
[   60s] [121/337] preinstalled polkit-default-privs-1550+20221102.9f111fa-1.1
[   60s] [122/337] preinstalled post-build-checks-84.87+git20230106.3a359c5-1.1
[   60s] [123/337] preinstalled python-rpm-macros-20230128.e704796-1.2
[   60s] [124/337] preinstalled python-rpm-packaging-20210526+a18ca48-1.2
[   60s] [125/337] cumulate python310-MarkupSafe-2.1.2-1.2
[   60s] [126/337] cumulate python310-alabaster-0.7.13-1.2
[   60s] [127/337] cumulate python310-apipkg-3.0.1-1.2
[   60s] [128/337] cumulate python310-attrs-22.2.0-1.2
[   60s] [129/337] preinstalled python310-base-3.10.9-2.2
[   60s] [130/337] cumulate python310-charset-normalizer-3.0.1-1.2
[   60s] [131/337] cumulate python310-docutils-0.19-3.2
[   60s] [132/337] cumulate python310-exceptiongroup-1.1.0-1.2
[   60s] [133/337] cumulate python310-idna-3.4-1.2
[   60s] [134/337] cumulate python310-imagesize-1.4.1-1.2
[   60s] [135/337] cumulate python310-iniconfig-1.1.1-3.2
[   60s] [136/337] preinstalled python310-packaging-23.0-1.1
[   60s] [137/337] cumulate python310-pluggy-1.0.0-1.5
[   60s] [138/337] cumulate python310-pycparser-2.21-1.5
[   60s] [139/337] preinstalled python310-setuptools-65.6.3-1.2
[   60s] [140/337] cumulate python310-six-1.16.0-2.5
[   60s] [141/337] cumulate python310-snowballstemmer-2.2.0-1.5
[   60s] [142/337] cumulate python310-soupsieve-2.3.2.post1-1.2
[   60s] [143/337] cumulate python310-tomli-2.0.1-1.3
[   60s] [144/337] cumulate python310-zipp-3.8.1-1.2
[   60s] [145/337] cumulate python311-MarkupSafe-2.1.2-1.2
[   60s] [146/337] cumulate python311-alabaster-0.7.13-1.2
[   60s] [147/337] cumulate python311-apipkg-3.0.1-1.2
[   60s] [148/337] cumulate python311-attrs-22.2.0-1.2
[   60s] [149/337] preinstalled python311-base-3.11.1-4.2
[   60s] [150/337] cumulate python311-charset-normalizer-3.0.1-1.2
[   60s] [151/337] cumulate python311-exceptiongroup-1.1.0-1.2
[   60s] [152/337] cumulate python311-idna-3.4-1.2
[   60s] [153/337] cumulate python311-imagesize-1.4.1-1.2
[   60s] [154/337] cumulate python311-iniconfig-1.1.1-3.2
[   60s] [155/337] cumulate python311-packaging-23.0-1.2
[   60s] [156/337] cumulate python311-pluggy-1.0.0-1.5
[   60s] [157/337] cumulate python311-pycparser-2.21-1.5
[   60s] [158/337] preinstalled python311-setuptools-65.6.3-1.2
[   60s] [159/337] cumulate python311-six-1.16.0-2.5
[   60s] [160/337] cumulate python311-snowballstemmer-2.2.0-1.5
[   60s] [161/337] cumulate python311-soupsieve-2.3.2.post1-1.2
[   60s] [162/337] cumulate python311-tomli-2.0.1-1.3
[   60s] [163/337] cumulate python311-zipp-3.8.1-1.2
[   60s] [164/337] cumulate python38-MarkupSafe-2.1.2-1.2
[   60s] [165/337] cumulate python38-alabaster-0.7.13-1.2
[   60s] [166/337] cumulate python38-apipkg-3.0.1-1.2
[   60s] [167/337] cumulate python38-attrs-22.2.0-1.2
[   60s] [168/337] preinstalled python38-base-3.8.16-3.2
[   60s] [169/337] cumulate python38-charset-normalizer-3.0.1-1.2
[   60s] [170/337] cumulate python38-exceptiongroup-1.1.0-1.2
[   60s] [171/337] cumulate python38-idna-3.4-1.2
[   60s] [172/337] cumulate python38-imagesize-1.4.1-1.2
[   60s] [173/337] cumulate python38-iniconfig-1.1.1-3.2
[   60s] [174/337] cumulate python38-packaging-23.0-1.2
[   60s] [175/337] cumulate python38-pluggy-1.0.0-1.5
[   60s] [176/337] cumulate python38-pycparser-2.21-1.5
[   60s] [177/337] preinstalled python38-setuptools-65.6.3-1.2
[   60s] [178/337] cumulate python38-six-1.16.0-2.5
[   60s] [179/337] cumulate python38-snowballstemmer-2.2.0-1.5
[   60s] [180/337] cumulate python38-soupsieve-2.3.2.post1-1.2
[   60s] [181/337] cumulate python38-tomli-2.0.1-1.3
[   60s] [182/337] cumulate python38-zipp-3.8.1-1.2
[   60s] [183/337] cumulate python39-MarkupSafe-2.1.2-1.2
[   60s] [184/337] cumulate python39-alabaster-0.7.13-1.2
[   60s] [185/337] cumulate python39-apipkg-3.0.1-1.2
[   60s] [186/337] cumulate python39-attrs-22.2.0-1.2
[   60s] [187/337] preinstalled python39-base-3.9.16-3.2
[   60s] [188/337] cumulate python39-charset-normalizer-3.0.1-1.2
[   60s] [189/337] cumulate python39-exceptiongroup-1.1.0-1.2
[   60s] [190/337] cumulate python39-idna-3.4-1.2
[   60s] [191/337] cumulate python39-imagesize-1.4.1-1.2
[   60s] [192/337] cumulate python39-iniconfig-1.1.1-3.2
[   60s] [193/337] cumulate python39-packaging-23.0-1.2
[   60s] [194/337] cumulate python39-pluggy-1.0.0-1.5
[   60s] [195/337] cumulate python39-pycparser-2.21-1.5
[   60s] [196/337] preinstalled python39-setuptools-65.6.3-1.2
[   60s] [197/337] cumulate python39-six-1.16.0-2.5
[   60s] [198/337] cumulate python39-snowballstemmer-2.2.0-1.5
[   60s] [199/337] cumulate python39-soupsieve-2.3.2.post1-1.2
[   60s] [200/337] cumulate python39-tomli-2.0.1-1.3
[   60s] [201/337] cumulate python39-zipp-3.8.1-1.2
[   60s] [202/337] preinstalled qemu-linux-user-7.1.0-50.1
[   60s] [203/337] preinstalled rpm-4.18.0-3.2
[   60s] [204/337] preinstalled rpm-build-4.18.0-3.2
[   60s] [205/337] preinstalled rpm-build-perl-4.18.0-3.2
[   60s] [206/337] preinstalled rpm-config-SUSE-20220926-1.1
[   60s] [207/337] preinstalled rpmlint-mini-2.4.0+git20230214.1bab129-9.5
[   60s] [208/337] preinstalled rpmlint-strict-2.4.0+git20230214.1bab129-1.1
[   60s] [209/337] preinstalled sed-4.9-2.1
[   60s] [210/337] preinstalled shadow-4.13-3.1
[   60s] [211/337] preinstalled system-group-hardware-20170617-24.1
[   60s] [212/337] preinstalled system-user-root-20190513-2.1
[   60s] [213/337] preinstalled systemd-rpm-macros-19-1.1
[   60s] [214/337] preinstalled sysuser-shadow-3.1-5.1
[   60s] [215/337] preinstalled tar-1.34-9.1
[   60s] [216/337] preinstalled terminfo-base-6.4.20230128-5.1
[   60s] [217/337] cumulate timezone-2022g-2.1
[   60s] [218/337] preinstalled update-alternatives-1.21.8-1.1
[   60s] [219/337] preinstalled util-linux-2.38.1-7.1
[   60s] [220/337] preinstalled which-2.21-5.1
[   60s] [221/337] preinstalled xz-5.4.1-1.1
[   60s] [222/337] cumulate alts-1.2+3.b848aad-3.1
[   60s] [223/337] cumulate python310-3.10.9-2.1
[   60s] [224/337] cumulate python310-Jinja2-3.1.2-2.2
[   60s] [225/337] cumulate python310-PyYAML-6.0-4.2
[   60s] [226/337] cumulate python310-beautifulsoup4-4.10.0-1.3
[   60s] [227/337] cumulate python310-cffi-1.15.1-3.2
[   60s] [228/337] cumulate python310-importlib-metadata-6.0.0-1.2
[   60s] [229/337] cumulate python310-pytz-2022.7-1.2
[   60s] [230/337] cumulate python311-3.11.1-4.1
[   60s] [231/337] cumulate python311-Jinja2-3.1.2-2.2
[   60s] [232/337] cumulate python311-PyYAML-6.0-4.2
[   60s] [233/337] cumulate python311-beautifulsoup4-4.10.0-1.3
[   60s] [234/337] cumulate python311-cffi-1.15.1-3.2
[   60s] [235/337] cumulate python311-docutils-0.19-3.2
[   60s] [236/337] cumulate python311-importlib-metadata-6.0.0-1.2
[   60s] [237/337] cumulate python311-pytz-2022.7-1.2
[   60s] [238/337] cumulate python38-3.8.16-3.1
[   60s] [239/337] cumulate python38-Jinja2-3.1.2-2.2
[   60s] [240/337] cumulate python38-PyYAML-6.0-4.2
[   60s] [241/337] cumulate python38-beautifulsoup4-4.10.0-1.3
[   60s] [242/337] cumulate python38-cffi-1.15.1-3.2
[   60s] [243/337] cumulate python38-docutils-0.19-3.2
[   60s] [244/337] cumulate python38-importlib-metadata-6.0.0-1.2
[   60s] [245/337] cumulate python38-pytz-2022.7-1.2
[   60s] [246/337] cumulate python39-3.9.16-3.1
[   60s] [247/337] cumulate python39-Jinja2-3.1.2-2.2
[   60s] [248/337] cumulate python39-PyYAML-6.0-4.2
[   60s] [249/337] cumulate python39-beautifulsoup4-4.10.0-1.3
[   60s] [250/337] cumulate python39-cffi-1.15.1-3.2
[   60s] [251/337] cumulate python39-docutils-0.19-3.2
[   60s] [252/337] cumulate python39-importlib-metadata-6.0.0-1.2
[   60s] [253/337] cumulate python39-pytz-2022.7-1.2
[   60s] [254/337] cumulate p11-kit-0.24.1-2.1
[   60s] [255/337] cumulate p11-kit-tools-0.24.1-2.1
[   60s] [256/337] cumulate python310-py-1.11.0-3.2
[   60s] [257/337] cumulate python311-py-1.11.0-3.2
[   60s] [258/337] cumulate python38-py-1.11.0-3.2
[   60s] [259/337] cumulate python39-py-1.11.0-3.2
[   60s] [260/337] cumulate python310-Pygments-2.14.0-1.2
[   60s] [261/337] cumulate python310-pyOpenSSL-23.0.0-1.2
[   60s] [262/337] cumulate python311-Pygments-2.14.0-1.2
[   60s] [263/337] cumulate python311-pyOpenSSL-23.0.0-1.2
[   60s] [264/337] cumulate python38-Pygments-2.14.0-1.2
[   60s] [265/337] cumulate python38-pyOpenSSL-23.0.0-1.2
[   60s] [266/337] cumulate python39-Pygments-2.14.0-1.2
[   60s] [267/337] cumulate python39-pyOpenSSL-23.0.0-1.2
[   60s] [268/337] cumulate ca-certificates-2+git20211004.3efbea9-1.1
[   60s] [269/337] cumulate python310-Babel-2.11.0-1.2
[   60s] [270/337] cumulate python310-cryptography-39.0.1-1.2
[   60s] [271/337] cumulate python311-Babel-2.11.0-1.2
[   60s] [272/337] cumulate python311-cryptography-39.0.1-1.2
[   60s] [273/337] cumulate python38-Babel-2.11.0-1.2
[   60s] [274/337] cumulate python38-cryptography-39.0.1-1.2
[   60s] [275/337] cumulate python39-Babel-2.11.0-1.2
[   60s] [276/337] cumulate python39-cryptography-39.0.1-1.2
[   60s] [277/337] cumulate python310-sphinxcontrib-websupport-1.2.4-1.7
[   60s] [278/337] cumulate python311-sphinxcontrib-websupport-1.2.4-1.7
[   60s] [279/337] cumulate python38-sphinxcontrib-websupport-1.2.4-1.7
[   60s] [280/337] cumulate python39-sphinxcontrib-websupport-1.2.4-1.7
[   60s] [281/337] cumulate python310-pytest-7.2.0-2.2
[   60s] [282/337] cumulate python311-pytest-7.2.0-2.2
[   60s] [283/337] cumulate python38-pytest-7.2.0-2.2
[   60s] [284/337] cumulate python39-pytest-7.2.0-2.2
[   60s] [285/337] cumulate ca-certificates-mozilla-2.60-1.2
[   60s] [286/337] cumulate python310-pytest-datadir-1.3.1-2.5
[   60s] [287/337] cumulate python311-pytest-datadir-1.3.1-2.5
[   60s] [288/337] cumulate python38-pytest-datadir-1.3.1-2.5
[   60s] [289/337] cumulate python39-pytest-datadir-1.3.1-2.5
[   60s] [290/337] cumulate python310-certifi-2022.9.24-1.2
[   60s] [291/337] cumulate python311-certifi-2022.9.24-1.2
[   60s] [292/337] cumulate python38-certifi-2022.9.24-1.2
[   60s] [293/337] cumulate python39-certifi-2022.9.24-1.2
[   60s] [294/337] cumulate python310-pytest-regressions-2.2.0-1.4
[   60s] [295/337] cumulate python311-pytest-regressions-2.2.0-1.4
[   60s] [296/337] cumulate python38-pytest-regressions-2.2.0-1.4
[   60s] [297/337] cumulate python39-pytest-regressions-2.2.0-1.4
[   60s] [298/337] cumulate python310-urllib3-1.26.14-1.2
[   60s] [299/337] cumulate python311-urllib3-1.26.14-1.2
[   60s] [300/337] cumulate python38-urllib3-1.26.14-1.2
[   60s] [301/337] cumulate python39-urllib3-1.26.14-1.2
[   60s] [302/337] cumulate python310-requests-2.28.2-1.2
[   60s] [303/337] cumulate python311-requests-2.28.2-1.2
[   60s] [304/337] cumulate python38-requests-2.28.2-1.2
[   60s] [305/337] cumulate python39-requests-2.28.2-1.2
[   60s] [306/337] cumulate python310-sphinxcontrib-serializinghtml-1.1.5-1.6
[   60s] [307/337] cumulate python311-sphinxcontrib-serializinghtml-1.1.5-1.6
[   60s] [308/337] cumulate python38-sphinxcontrib-serializinghtml-1.1.5-1.6
[   60s] [309/337] cumulate python39-sphinxcontrib-serializinghtml-1.1.5-1.6
[   60s] [310/337] cumulate python310-Sphinx-6.1.3-2.2
[   60s] [311/337] cumulate python311-Sphinx-6.1.3-2.2
[   60s] [312/337] cumulate python38-Sphinx-6.1.3-2.2
[   60s] [313/337] cumulate python39-Sphinx-6.1.3-2.2
[   60s] [314/337] cumulate python310-sphinx_rtd_theme-1.1.1-1.3
[   60s] [315/337] cumulate python310-sphinxcontrib-applehelp-1.0.2-1.9
[   60s] [316/337] cumulate python310-sphinxcontrib-devhelp-1.0.2-1.10
[   60s] [317/337] cumulate python310-sphinxcontrib-htmlhelp-2.0.0-2.4
[   60s] [318/337] cumulate python310-sphinxcontrib-jsmath-1.0.1-3.4
[   60s] [319/337] cumulate python310-sphinxcontrib-qthelp-1.0.3-2.4
[   60s] [320/337] cumulate python311-sphinx_rtd_theme-1.1.1-1.3
[   60s] [321/337] cumulate python311-sphinxcontrib-applehelp-1.0.2-1.9
[   60s] [322/337] cumulate python311-sphinxcontrib-devhelp-1.0.2-1.10
[   60s] [323/337] cumulate python311-sphinxcontrib-htmlhelp-2.0.0-2.4
[   60s] [324/337] cumulate python311-sphinxcontrib-jsmath-1.0.1-3.4
[   60s] [325/337] cumulate python311-sphinxcontrib-qthelp-1.0.3-2.4
[   60s] [326/337] cumulate python38-sphinx_rtd_theme-1.1.1-1.3
[   60s] [327/337] cumulate python38-sphinxcontrib-applehelp-1.0.2-1.9
[   60s] [328/337] cumulate python38-sphinxcontrib-devhelp-1.0.2-1.10
[   60s] [329/337] cumulate python38-sphinxcontrib-htmlhelp-2.0.0-2.4
[   60s] [330/337] cumulate python38-sphinxcontrib-jsmath-1.0.1-3.4
[   60s] [331/337] cumulate python38-sphinxcontrib-qthelp-1.0.3-2.4
[   60s] [332/337] cumulate python39-sphinx_rtd_theme-1.1.1-1.3
[   60s] [333/337] cumulate python39-sphinxcontrib-applehelp-1.0.2-1.9
[   60s] [334/337] cumulate python39-sphinxcontrib-devhelp-1.0.2-1.10
[   60s] [335/337] cumulate python39-sphinxcontrib-htmlhelp-2.0.0-2.4
[   60s] [336/337] cumulate python39-sphinxcontrib-jsmath-1.0.1-3.4
[   60s] [337/337] cumulate python39-sphinxcontrib-qthelp-1.0.3-2.4
[   60s] now installing cumulated packages
[   62s] Preparing...                          ########################################
[   62s] Updating / installing...
[   63s] timezone-2022g-2.1                    ########################################
[   63s] libyaml-0-2-0.2.5-2.1                 ########################################
[   63s] libsqlite3-0-3.40.1-1.1               ########################################
[   63s] python39-packaging-23.0-1.2           ########################################
[   63s] python38-packaging-23.0-1.2           ########################################
[   64s] python311-packaging-23.0-1.2          ########################################
[   64s] python310-3.10.9-2.1                  ########################################
[   64s] python311-3.11.1-4.1                  ########################################
[   64s] python38-3.8.16-3.1                   ########################################
[   64s] python39-3.9.16-3.1                   ########################################
[   64s] python39-six-1.16.0-2.5               ########################################
[   64s] python39-iniconfig-1.1.1-3.2          ########################################
[   64s] python39-idna-3.4-1.2                 ########################################
[   64s] python38-six-1.16.0-2.5               ########################################
[   64s] python38-iniconfig-1.1.1-3.2          ########################################
[   64s] python38-idna-3.4-1.2                 ########################################
[   64s] python311-six-1.16.0-2.5              ########################################
[   64s] python311-iniconfig-1.1.1-3.2         ########################################
[   64s] python311-idna-3.4-1.2                ########################################
[   65s] python310-six-1.16.0-2.5              ########################################
[   65s] python310-iniconfig-1.1.1-3.2         ########################################
[   65s] python310-idna-3.4-1.2                ########################################
[   65s] libtasn1-6-4.19.0-1.1                 ########################################
[   65s] libp11-kit0-0.24.1-2.1                ########################################
[   65s] p11-kit-0.24.1-2.1                    ########################################
[   65s] p11-kit-tools-0.24.1-2.1              ########################################
[   65s] ca-certificates-2+git20211004.3efbea9-########################################
[   68s] ca-certificates-mozilla-2.60-1.2      ########################################
[   73s] python310-certifi-2022.9.24-1.2       ########################################
[   73s] python311-certifi-2022.9.24-1.2       ########################################
[   73s] python38-certifi-2022.9.24-1.2        ########################################
[   73s] python39-certifi-2022.9.24-1.2        ########################################
[   74s] python310-PyYAML-6.0-4.2              ########################################
[   74s] python311-PyYAML-6.0-4.2              ########################################
[   74s] python38-PyYAML-6.0-4.2               ########################################
[   74s] python39-PyYAML-6.0-4.2               ########################################
[   74s] python310-pytz-2022.7-1.2             ########################################
[   74s] python311-pytz-2022.7-1.2             ########################################
[   75s] python38-pytz-2022.7-1.2              ########################################
[   75s] python39-pytz-2022.7-1.2              ########################################
[   75s] python39-zipp-3.8.1-1.2               ########################################
[   75s] python39-importlib-metadata-6.0.0-1.2 ########################################
[   75s] python39-tomli-2.0.1-1.3              ########################################
[   75s] python39-soupsieve-2.3.2.post1-1.2    ########################################
[   75s] python39-snowballstemmer-2.2.0-1.5    ########################################
[   75s] python39-pycparser-2.21-1.5           ########################################
[   76s] python39-cffi-1.15.1-3.2              ########################################
[   76s] python39-cryptography-39.0.1-1.2      ########################################
[   77s] python39-pyOpenSSL-23.0.0-1.2         ########################################
[   77s] python39-urllib3-1.26.14-1.2          ########################################
[   77s] python39-pluggy-1.0.0-1.5             ########################################
[   77s] python39-imagesize-1.4.1-1.2          ########################################
[   77s] python39-exceptiongroup-1.1.0-1.2     ########################################
[   77s] python39-charset-normalizer-3.0.1-1.2 ########################################
[   77s] python39-attrs-22.2.0-1.2             ########################################
[   77s] python39-apipkg-3.0.1-1.2             ########################################
[   77s] python39-py-1.11.0-3.2                ########################################
[   77s] python39-requests-2.28.2-1.2          ########################################
[   77s] python39-alabaster-0.7.13-1.2         ########################################
[   78s] python39-MarkupSafe-2.1.2-1.2         ########################################
[   78s] python38-zipp-3.8.1-1.2               ########################################
[   78s] python38-importlib-metadata-6.0.0-1.2 ########################################
[   78s] python38-tomli-2.0.1-1.3              ########################################
[   78s] python38-soupsieve-2.3.2.post1-1.2    ########################################
[   78s] python38-snowballstemmer-2.2.0-1.5    ########################################
[   78s] python38-pycparser-2.21-1.5           ########################################
[   78s] python38-cffi-1.15.1-3.2              ########################################
[   79s] python38-cryptography-39.0.1-1.2      ########################################
[   79s] python38-pyOpenSSL-23.0.0-1.2         ########################################
[   80s] python38-urllib3-1.26.14-1.2          ########################################
[   80s] python38-pluggy-1.0.0-1.5             ########################################
[   80s] python38-imagesize-1.4.1-1.2          ########################################
[   80s] python38-exceptiongroup-1.1.0-1.2     ########################################
[   80s] python38-charset-normalizer-3.0.1-1.2 ########################################
[   80s] python38-attrs-22.2.0-1.2             ########################################
[   80s] python38-apipkg-3.0.1-1.2             ########################################
[   80s] python38-py-1.11.0-3.2                ########################################
[   80s] python38-requests-2.28.2-1.2          ########################################
[   80s] python38-alabaster-0.7.13-1.2         ########################################
[   80s] python38-MarkupSafe-2.1.2-1.2         ########################################
[   80s] python311-zipp-3.8.1-1.2              ########################################
[   80s] python311-importlib-metadata-6.0.0-1.2########################################
[   80s] python311-tomli-2.0.1-1.3             ########################################
[   80s] python311-soupsieve-2.3.2.post1-1.2   ########################################
[   81s] python311-snowballstemmer-2.2.0-1.5   ########################################
[   81s] python311-pycparser-2.21-1.5          ########################################
[   81s] python311-cffi-1.15.1-3.2             ########################################
[   82s] python311-cryptography-39.0.1-1.2     ########################################
[   82s] python311-pyOpenSSL-23.0.0-1.2        ########################################
[   82s] python311-urllib3-1.26.14-1.2         ########################################
[   83s] python311-pluggy-1.0.0-1.5            ########################################
[   83s] python311-imagesize-1.4.1-1.2         ########################################
[   83s] python311-exceptiongroup-1.1.0-1.2    ########################################
[   83s] python311-charset-normalizer-3.0.1-1.2########################################
[   83s] python311-attrs-22.2.0-1.2            ########################################
[   83s] python311-apipkg-3.0.1-1.2            ########################################
[   83s] python311-py-1.11.0-3.2               ########################################
[   83s] python311-requests-2.28.2-1.2         ########################################
[   83s] python311-alabaster-0.7.13-1.2        ########################################
[   83s] python311-MarkupSafe-2.1.2-1.2        ########################################
[   83s] python310-zipp-3.8.1-1.2              ########################################
[   83s] python310-importlib-metadata-6.0.0-1.2########################################
[   83s] python310-tomli-2.0.1-1.3             ########################################
[   83s] python310-soupsieve-2.3.2.post1-1.2   ########################################
[   84s] python310-snowballstemmer-2.2.0-1.5   ########################################
[   84s] python310-pycparser-2.21-1.5          ########################################
[   84s] python310-cffi-1.15.1-3.2             ########################################
[   85s] python310-cryptography-39.0.1-1.2     ########################################
[   85s] python310-pyOpenSSL-23.0.0-1.2        ########################################
[   85s] python310-urllib3-1.26.14-1.2         ########################################
[   85s] python310-pluggy-1.0.0-1.5            ########################################
[   85s] python310-imagesize-1.4.1-1.2         ########################################
[   85s] python310-exceptiongroup-1.1.0-1.2    ########################################
[   85s] python310-charset-normalizer-3.0.1-1.2########################################
[   86s] python310-attrs-22.2.0-1.2            ########################################
[   86s] python310-apipkg-3.0.1-1.2            ########################################
[   86s] python310-py-1.11.0-3.2               ########################################
[   86s] python310-requests-2.28.2-1.2         ########################################
[   86s] python310-alabaster-0.7.13-1.2        ########################################
[   86s] python310-MarkupSafe-2.1.2-1.2        ########################################
[   86s] libalternatives1-1.2+3.b848aad-3.1    ########################################
[   86s] alts-1.2+3.b848aad-3.1                ########################################
[   88s] python310-Pygments-2.14.0-1.2         ########################################
[   89s] python310-docutils-0.19-3.2           ########################################
[   91s] python311-Pygments-2.14.0-1.2         ########################################
[   93s] python311-docutils-0.19-3.2           ########################################
[   95s] python38-Pygments-2.14.0-1.2          ########################################
[   96s] python38-docutils-0.19-3.2            ########################################
[   98s] python39-Pygments-2.14.0-1.2          ########################################
[   99s] python39-docutils-0.19-3.2            ########################################
[  105s] python310-Babel-2.11.0-1.2            ########################################
[  106s] python310-Jinja2-3.1.2-2.2            ########################################
[  111s] python311-Babel-2.11.0-1.2            ########################################
[  112s] python311-Jinja2-3.1.2-2.2            ########################################
[  118s] python38-Babel-2.11.0-1.2             ########################################
[  118s] python38-Jinja2-3.1.2-2.2             ########################################
[  124s] python39-Babel-2.11.0-1.2             ########################################
[  124s] python39-Jinja2-3.1.2-2.2             ########################################
[  125s] python310-pytest-7.2.0-2.2            ########################################
[  126s] python311-pytest-7.2.0-2.2            ########################################
[  126s] python38-pytest-7.2.0-2.2             ########################################
[  127s] python39-pytest-7.2.0-2.2             ########################################
[  127s] python39-pytest-datadir-1.3.1-2.5     ########################################
[  127s] python38-pytest-datadir-1.3.1-2.5     ########################################
[  127s] python311-pytest-datadir-1.3.1-2.5    ########################################
[  127s] python310-pytest-datadir-1.3.1-2.5    ########################################
[  127s] python39-sphinxcontrib-websupport-1.2.########################################
[  128s] python39-sphinxcontrib-serializinghtml########################################
[  128s] python39-sphinx_rtd_theme-1.1.1-1.3   ########################################
[  128s] python39-sphinxcontrib-applehelp-1.0.2########################################
[  128s] python39-sphinxcontrib-devhelp-1.0.2-1########################################
[  128s] python39-sphinxcontrib-htmlhelp-2.0.0-########################################
[  129s] python39-sphinxcontrib-jsmath-1.0.1-3.########################################
[  129s] python39-sphinxcontrib-qthelp-1.0.3-2.########################################
[  131s] python39-Sphinx-6.1.3-2.2             ########################################
[  131s] python38-sphinxcontrib-websupport-1.2.########################################
[  131s] python38-sphinxcontrib-serializinghtml########################################
[  132s] python38-sphinx_rtd_theme-1.1.1-1.3   ########################################
[  132s] python38-sphinxcontrib-applehelp-1.0.2########################################
[  132s] python38-sphinxcontrib-devhelp-1.0.2-1########################################
[  132s] python38-sphinxcontrib-htmlhelp-2.0.0-########################################
[  132s] python38-sphinxcontrib-jsmath-1.0.1-3.########################################
[  132s] python38-sphinxcontrib-qthelp-1.0.3-2.########################################
[  135s] python38-Sphinx-6.1.3-2.2             ########################################
[  135s] python311-sphinxcontrib-websupport-1.2########################################
[  135s] python311-sphinxcontrib-serializinghtm########################################
[  136s] python311-sphinx_rtd_theme-1.1.1-1.3  ########################################
[  136s] python311-sphinxcontrib-applehelp-1.0.########################################
[  136s] python311-sphinxcontrib-devhelp-1.0.2-########################################
[  136s] python311-sphinxcontrib-htmlhelp-2.0.0########################################
[  136s] python311-sphinxcontrib-jsmath-1.0.1-3########################################
[  136s] python311-sphinxcontrib-qthelp-1.0.3-2########################################
[  139s] python311-Sphinx-6.1.3-2.2            ########################################
[  139s] python310-sphinxcontrib-websupport-1.2########################################
[  139s] python310-sphinxcontrib-serializinghtm########################################
[  140s] python310-sphinx_rtd_theme-1.1.1-1.3  ########################################
[  140s] python310-sphinxcontrib-applehelp-1.0.########################################
[  140s] python310-sphinxcontrib-devhelp-1.0.2-########################################
[  140s] python310-sphinxcontrib-htmlhelp-2.0.0########################################
[  140s] python310-sphinxcontrib-jsmath-1.0.1-3########################################
[  140s] python310-sphinxcontrib-qthelp-1.0.3-2########################################
[  143s] python310-Sphinx-6.1.3-2.2            ########################################
[  143s] python310-pytest-regressions-2.2.0-1.4########################################
[  143s] python311-pytest-regressions-2.2.0-1.4########################################
[  143s] python38-pytest-regressions-2.2.0-1.4 ########################################
[  143s] python39-pytest-regressions-2.2.0-1.4 ########################################
[  143s] python310-beautifulsoup4-4.10.0-1.3   ########################################
[  144s] python311-beautifulsoup4-4.10.0-1.3   ########################################
[  144s] python38-beautifulsoup4-4.10.0-1.3    ########################################
[  144s] python39-beautifulsoup4-4.10.0-1.3    ########################################
[  144s] fdupes-2.2.1-1.1                      ########################################
[  159s] now finalizing build dir...
[  159s] ... running 01-add_abuild_user_to_trusted_group
[  160s] ... running 02-set_timezone_to_utc
[  160s] ... running 03-set-permissions-secure
[  160s] ... running 11-hack_uname_version_to_kernel_version
[  166s] Running build time source services...
[  171s] -----------------------------------------------------------------
[  171s] I have the following modifications for python-pydata-sphinx-theme.spec:
[  171s] 23c23
[  171s] < Release:        0
[  171s] ---
[  171s] > Release:        1.4
[  180s] build target is riscv64-suse-linux
[  180s] -----------------------------------------------------------------
[  180s] ----- building python-pydata-sphinx-theme.spec (user abuild)
[  180s] -----------------------------------------------------------------
[  180s] -----------------------------------------------------------------
[  184s] + exec rpmbuild -ba --define '_srcdefattr (-,root,root)' --nosignature --target=riscv64-suse-linux --define '_build_create_debug 1' --define 'disturl obs://build.opensuse.org/openSUSE:Factory:RISCV/standard/b28ed89c84236615f04234116314ada7-python-pydata-sphinx-theme' /home/abuild/rpmbuild/SOURCES/python-pydata-sphinx-theme.spec
[  226s] Building target platforms: riscv64-suse-linux
[  226s] Building for target riscv64-suse-linux
[  226s] setting SOURCE_DATE_EPOCH=1636329600
[  227s] Executing(%prep): /usr/bin/bash -e /var/tmp/rpm-tmp.btzaAe
[  227s] + umask 022
[  227s] + cd /home/abuild/rpmbuild/BUILD
[  227s] + cd /home/abuild/rpmbuild/BUILD
[  227s] + rm -rf pydata-sphinx-theme-0.7.1
[  227s] + /usr/lib/rpm/rpmuncompress -x /home/abuild/rpmbuild/SOURCES/pydata-sphinx-theme-0.7.1.tar.gz
[  228s] + STATUS=0
[  228s] + '[' 0 -ne 0 ']'
[  228s] + cd pydata-sphinx-theme-0.7.1
[  228s] + /usr/bin/chmod -Rf a+rX,u+w,g-w,o-w .
[  228s] + RPM_EC=0
[  228s] ++ jobs -p
[  228s] + exit 0
[  228s] Executing(%build): /usr/bin/bash -e /var/tmp/rpm-tmp.ysCxSN
[  228s] + umask 022
[  228s] + cd /home/abuild/rpmbuild/BUILD
[  228s] + /usr/bin/rm -rf /home/abuild/rpmbuild/BUILDROOT/python-pydata-sphinx-theme-0.7.1-1.4.riscv64
[  228s] ++ dirname /home/abuild/rpmbuild/BUILDROOT/python-pydata-sphinx-theme-0.7.1-1.4.riscv64
[  228s] + /usr/bin/mkdir -p /home/abuild/rpmbuild/BUILDROOT
[  228s] + /usr/bin/mkdir /home/abuild/rpmbuild/BUILDROOT/python-pydata-sphinx-theme-0.7.1-1.4.riscv64
[  228s] + cd pydata-sphinx-theme-0.7.1
[  228s] + ref=/usr/lib/rpm
[  228s] + mints=0
[  228s] + case $(uname -m) in
[  228s] ++ uname -m
[  228s] + mints=20160911
[  228s] + for s in guess sub
[  228s] ++ find -maxdepth 8 -name config.guess
[  228s] + for s in guess sub
[  229s] ++ find -maxdepth 8 -name config.sub
[  229s] ++ '[' -f _current_flavor ']'
[  229s] ++ true
[  229s] + last_flavor=
[  229s] + '[' -z '' ']'
[  229s] + last_flavor=tmp
[  229s] + '[' tmp '!=' python38 ']'
[  229s] + '[' -d build ']'
[  229s] + '[' -d _build.python38 ']'
[  229s] + echo python38
[  229s] + python_flavor=python38
[  229s] + /usr/bin/python3.8 setup.py build '--executable=/usr/bin/python3.8 -s'
[  235s] running build
[  235s] running build_py
[  235s] creating build
[  235s] creating build/lib
[  235s] creating build/lib/pydata_sphinx_theme
[  235s] copying pydata_sphinx_theme/__init__.py -> build/lib/pydata_sphinx_theme
[  235s] copying pydata_sphinx_theme/bootstrap_html_translator.py -> build/lib/pydata_sphinx_theme
[  235s] running egg_info
[  235s] creating pydata_sphinx_theme.egg-info
[  235s] writing pydata_sphinx_theme.egg-info/PKG-INFO
[  235s] writing dependency_links to pydata_sphinx_theme.egg-info/dependency_links.txt
[  235s] writing entry points to pydata_sphinx_theme.egg-info/entry_points.txt
[  235s] writing requirements to pydata_sphinx_theme.egg-info/requires.txt
[  235s] writing top-level names to pydata_sphinx_theme.egg-info/top_level.txt
[  235s] writing manifest file 'pydata_sphinx_theme.egg-info/SOURCES.txt'
[  236s] reading manifest file 'pydata_sphinx_theme.egg-info/SOURCES.txt'
[  236s] reading manifest template 'MANIFEST.in'
[  236s] warning: no previously-included files matching '*~' found anywhere in distribution
[  236s] warning: no previously-included files matching '*.py[cod]' found anywhere in distribution
[  236s] warning: no previously-included files matching '.git' found anywhere in distribution
[  236s] warning: no previously-included files matching '.ipynb_checkpoints' found anywhere in distribution
[  236s] warning: no previously-included files matching '.DS_Store' found anywhere in distribution
[  236s] adding license file 'LICENSE'
[  236s] writing manifest file 'pydata_sphinx_theme.egg-info/SOURCES.txt'
[  236s] copying pydata_sphinx_theme/docs-navbar.html -> build/lib/pydata_sphinx_theme
[  236s] copying pydata_sphinx_theme/docs-sidebar.html -> build/lib/pydata_sphinx_theme
[  236s] copying pydata_sphinx_theme/footer.html -> build/lib/pydata_sphinx_theme
[  236s] copying pydata_sphinx_theme/icon-links.html -> build/lib/pydata_sphinx_theme
[  236s] copying pydata_sphinx_theme/layout.html -> build/lib/pydata_sphinx_theme
[  236s] copying pydata_sphinx_theme/search-field.html -> build/lib/pydata_sphinx_theme
[  236s] copying pydata_sphinx_theme/theme.conf -> build/lib/pydata_sphinx_theme
[  236s] creating build/lib/pydata_sphinx_theme/_templates
[  236s] copying pydata_sphinx_theme/_templates/copyright.html -> build/lib/pydata_sphinx_theme/_templates
[  236s] copying pydata_sphinx_theme/_templates/edit-this-page.html -> build/lib/pydata_sphinx_theme/_templates
[  236s] copying pydata_sphinx_theme/_templates/last-updated.html -> build/lib/pydata_sphinx_theme/_templates
[  236s] copying pydata_sphinx_theme/_templates/navbar-icon-links.html -> build/lib/pydata_sphinx_theme/_templates
[  236s] copying pydata_sphinx_theme/_templates/navbar-logo.html -> build/lib/pydata_sphinx_theme/_templates
[  236s] copying pydata_sphinx_theme/_templates/navbar-nav.html -> build/lib/pydata_sphinx_theme/_templates
[  236s] copying pydata_sphinx_theme/_templates/page-toc.html -> build/lib/pydata_sphinx_theme/_templates
[  236s] copying pydata_sphinx_theme/_templates/prev-next.html -> build/lib/pydata_sphinx_theme/_templates
[  236s] copying pydata_sphinx_theme/_templates/sidebar-ethical-ads.html -> build/lib/pydata_sphinx_theme/_templates
[  236s] copying pydata_sphinx_theme/_templates/sidebar-nav-bs.html -> build/lib/pydata_sphinx_theme/_templates
[  236s] copying pydata_sphinx_theme/_templates/sphinx-version.html -> build/lib/pydata_sphinx_theme/_templates
[  236s] creating build/lib/pydata_sphinx_theme/static
[  236s] copying pydata_sphinx_theme/static/webpack-macros.html -> build/lib/pydata_sphinx_theme/static
[  236s] creating build/lib/pydata_sphinx_theme/static/css
[  236s] copying pydata_sphinx_theme/static/css/blank.css -> build/lib/pydata_sphinx_theme/static/css
[  236s] copying pydata_sphinx_theme/static/css/index.ff1ffe594081f20da1ef19478df9384b.css -> build/lib/pydata_sphinx_theme/static/css
[  236s] copying pydata_sphinx_theme/static/css/theme.css -> build/lib/pydata_sphinx_theme/static/css
[  236s] creating build/lib/pydata_sphinx_theme/static/js
[  236s] copying pydata_sphinx_theme/static/js/index.be7d3bbb2ef33a8344ce.js -> build/lib/pydata_sphinx_theme/static/js
[  236s] creating build/lib/pydata_sphinx_theme/static/vendor
[  236s] creating build/lib/pydata_sphinx_theme/static/vendor/fontawesome
[  236s] creating build/lib/pydata_sphinx_theme/static/vendor/fontawesome/5.13.0
[  236s] copying pydata_sphinx_theme/static/vendor/fontawesome/5.13.0/LICENSE.txt -> build/lib/pydata_sphinx_theme/static/vendor/fontawesome/5.13.0
[  236s] creating build/lib/pydata_sphinx_theme/static/vendor/fontawesome/5.13.0/css
[  236s] copying pydata_sphinx_theme/static/vendor/fontawesome/5.13.0/css/all.min.css -> build/lib/pydata_sphinx_theme/static/vendor/fontawesome/5.13.0/css
[  236s] creating build/lib/pydata_sphinx_theme/static/vendor/fontawesome/5.13.0/webfonts
[  236s] copying pydata_sphinx_theme/static/vendor/fontawesome/5.13.0/webfonts/fa-brands-400.eot -> build/lib/pydata_sphinx_theme/static/vendor/fontawesome/5.13.0/webfonts
[  236s] copying pydata_sphinx_theme/static/vendor/fontawesome/5.13.0/webfonts/fa-brands-400.svg -> build/lib/pydata_sphinx_theme/static/vendor/fontawesome/5.13.0/webfonts
[  236s] copying pydata_sphinx_theme/static/vendor/fontawesome/5.13.0/webfonts/fa-brands-400.ttf -> build/lib/pydata_sphinx_theme/static/vendor/fontawesome/5.13.0/webfonts
[  236s] copying pydata_sphinx_theme/static/vendor/fontawesome/5.13.0/webfonts/fa-brands-400.woff -> build/lib/pydata_sphinx_theme/static/vendor/fontawesome/5.13.0/webfonts
[  236s] copying pydata_sphinx_theme/static/vendor/fontawesome/5.13.0/webfonts/fa-brands-400.woff2 -> build/lib/pydata_sphinx_theme/static/vendor/fontawesome/5.13.0/webfonts
[  236s] copying pydata_sphinx_theme/static/vendor/fontawesome/5.13.0/webfonts/fa-regular-400.eot -> build/lib/pydata_sphinx_theme/static/vendor/fontawesome/5.13.0/webfonts
[  236s] copying pydata_sphinx_theme/static/vendor/fontawesome/5.13.0/webfonts/fa-regular-400.svg -> build/lib/pydata_sphinx_theme/static/vendor/fontawesome/5.13.0/webfonts
[  236s] copying pydata_sphinx_theme/static/vendor/fontawesome/5.13.0/webfonts/fa-regular-400.ttf -> build/lib/pydata_sphinx_theme/static/vendor/fontawesome/5.13.0/webfonts
[  236s] copying pydata_sphinx_theme/static/vendor/fontawesome/5.13.0/webfonts/fa-regular-400.woff -> build/lib/pydata_sphinx_theme/static/vendor/fontawesome/5.13.0/webfonts
[  236s] copying pydata_sphinx_theme/static/vendor/fontawesome/5.13.0/webfonts/fa-regular-400.woff2 -> build/lib/pydata_sphinx_theme/static/vendor/fontawesome/5.13.0/webfonts
[  236s] copying pydata_sphinx_theme/static/vendor/fontawesome/5.13.0/webfonts/fa-solid-900.eot -> build/lib/pydata_sphinx_theme/static/vendor/fontawesome/5.13.0/webfonts
[  236s] copying pydata_sphinx_theme/static/vendor/fontawesome/5.13.0/webfonts/fa-solid-900.svg -> build/lib/pydata_sphinx_theme/static/vendor/fontawesome/5.13.0/webfonts
[  236s] copying pydata_sphinx_theme/static/vendor/fontawesome/5.13.0/webfonts/fa-solid-900.ttf -> build/lib/pydata_sphinx_theme/static/vendor/fontawesome/5.13.0/webfonts
[  236s] copying pydata_sphinx_theme/static/vendor/fontawesome/5.13.0/webfonts/fa-solid-900.woff -> build/lib/pydata_sphinx_theme/static/vendor/fontawesome/5.13.0/webfonts
[  236s] copying pydata_sphinx_theme/static/vendor/fontawesome/5.13.0/webfonts/fa-solid-900.woff2 -> build/lib/pydata_sphinx_theme/static/vendor/fontawesome/5.13.0/webfonts
[  236s] /usr/lib/python3.8/site-packages/setuptools/command/build_py.py:202: SetuptoolsDeprecationWarning:     Installing 'pydata_sphinx_theme._templates' as data is deprecated, please list it in `packages`.
[  236s]     !!
[  236s] 
[  236s] 
[  236s]     ############################
[  236s]     # Package would be ignored #
[  236s]     ############################
[  236s]     Python recognizes 'pydata_sphinx_theme._templates' as an importable package,
[  236s]     but it is not listed in the `packages` configuration of setuptools.
[  236s] 
[  236s]     'pydata_sphinx_theme._templates' has been automatically added to the distribution only
[  236s]     because it may contain data files, but this behavior is likely to change
[  236s]     in future versions of setuptools (and therefore is considered deprecated).
[  236s] 
[  236s]     Please make sure that 'pydata_sphinx_theme._templates' is included as a package by using
[  236s]     the `packages` configuration field or the proper discovery methods
[  236s]     (for example by using `find_namespace_packages(...)`/`find_namespace:`
[  236s]     instead of `find_packages(...)`/`find:`).
[  236s] 
[  236s]     You can read more about "package discovery" and "data files" on setuptools
[  236s]     documentation page.
[  236s] 
[  236s] 
[  236s] !!
[  236s] 
[  236s]   check.warn(importable)
[  236s] /usr/lib/python3.8/site-packages/setuptools/command/build_py.py:202: SetuptoolsDeprecationWarning:     Installing 'pydata_sphinx_theme.static' as data is deprecated, please list it in `packages`.
[  236s]     !!
[  236s] 
[  236s] 
[  236s]     ############################
[  236s]     # Package would be ignored #
[  236s]     ############################
[  236s]     Python recognizes 'pydata_sphinx_theme.static' as an importable package,
[  236s]     but it is not listed in the `packages` configuration of setuptools.
[  236s] 
[  236s]     'pydata_sphinx_theme.static' has been automatically added to the distribution only
[  236s]     because it may contain data files, but this behavior is likely to change
[  236s]     in future versions of setuptools (and therefore is considered deprecated).
[  236s] 
[  236s]     Please make sure that 'pydata_sphinx_theme.static' is included as a package by using
[  236s]     the `packages` configuration field or the proper discovery methods
[  236s]     (for example by using `find_namespace_packages(...)`/`find_namespace:`
[  236s]     instead of `find_packages(...)`/`find:`).
[  236s] 
[  236s]     You can read more about "package discovery" and "data files" on setuptools
[  236s]     documentation page.
[  236s] 
[  236s] 
[  236s] !!
[  236s] 
[  236s]   check.warn(importable)
[  236s] /usr/lib/python3.8/site-packages/setuptools/command/build_py.py:202: SetuptoolsDeprecationWarning:     Installing 'pydata_sphinx_theme.static.css' as data is deprecated, please list it in `packages`.
[  236s]     !!
[  236s] 
[  236s] 
[  236s]     ############################
[  236s]     # Package would be ignored #
[  236s]     ############################
[  236s]     Python recognizes 'pydata_sphinx_theme.static.css' as an importable package,
[  236s]     but it is not listed in the `packages` configuration of setuptools.
[  236s] 
[  236s]     'pydata_sphinx_theme.static.css' has been automatically added to the distribution only
[  236s]     because it may contain data files, but this behavior is likely to change
[  236s]     in future versions of setuptools (and therefore is considered deprecated).
[  236s] 
[  236s]     Please make sure that 'pydata_sphinx_theme.static.css' is included as a package by using
[  236s]     the `packages` configuration field or the proper discovery methods
[  236s]     (for example by using `find_namespace_packages(...)`/`find_namespace:`
[  236s]     instead of `find_packages(...)`/`find:`).
[  236s] 
[  236s]     You can read more about "package discovery" and "data files" on setuptools
[  236s]     documentation page.
[  236s] 
[  236s] 
[  236s] !!
[  236s] 
[  236s]   check.warn(importable)
[  236s] /usr/lib/python3.8/site-packages/setuptools/command/build_py.py:202: SetuptoolsDeprecationWarning:     Installing 'pydata_sphinx_theme.static.js' as data is deprecated, please list it in `packages`.
[  236s]     !!
[  236s] 
[  236s] 
[  236s]     ############################
[  236s]     # Package would be ignored #
[  236s]     ############################
[  236s]     Python recognizes 'pydata_sphinx_theme.static.js' as an importable package,
[  236s]     but it is not listed in the `packages` configuration of setuptools.
[  236s] 
[  236s]     'pydata_sphinx_theme.static.js' has been automatically added to the distribution only
[  236s]     because it may contain data files, but this behavior is likely to change
[  236s]     in future versions of setuptools (and therefore is considered deprecated).
[  236s] 
[  236s]     Please make sure that 'pydata_sphinx_theme.static.js' is included as a package by using
[  236s]     the `packages` configuration field or the proper discovery methods
[  236s]     (for example by using `find_namespace_packages(...)`/`find_namespace:`
[  236s]     instead of `find_packages(...)`/`find:`).
[  236s] 
[  236s]     You can read more about "package discovery" and "data files" on setuptools
[  236s]     documentation page.
[  236s] 
[  236s] 
[  236s] !!
[  236s] 
[  236s]   check.warn(importable)
[  236s] /usr/lib/python3.8/site-packages/setuptools/command/build_py.py:202: SetuptoolsDeprecationWarning:     Installing 'pydata_sphinx_theme.static.vendor.fontawesome' as data is deprecated, please list it in `packages`.
[  236s]     !!
[  236s] 
[  236s] 
[  236s]     ############################
[  236s]     # Package would be ignored #
[  236s]     ############################
[  236s]     Python recognizes 'pydata_sphinx_theme.static.vendor.fontawesome' as an importable package,
[  236s]     but it is not listed in the `packages` configuration of setuptools.
[  236s] 
[  236s]     'pydata_sphinx_theme.static.vendor.fontawesome' has been automatically added to the distribution only
[  236s]     because it may contain data files, but this behavior is likely to change
[  236s]     in future versions of setuptools (and therefore is considered deprecated).
[  236s] 
[  236s]     Please make sure that 'pydata_sphinx_theme.static.vendor.fontawesome' is included as a package by using
[  236s]     the `packages` configuration field or the proper discovery methods
[  236s]     (for example by using `find_namespace_packages(...)`/`find_namespace:`
[  236s]     instead of `find_packages(...)`/`find:`).
[  236s] 
[  236s]     You can read more about "package discovery" and "data files" on setuptools
[  236s]     documentation page.
[  236s] 
[  236s] 
[  236s] !!
[  236s] 
[  236s]   check.warn(importable)
[  236s] ++ '[' -f _current_flavor ']'
[  236s] ++ cat _current_flavor
[  236s] + last_flavor=python38
[  236s] + '[' -z python38 ']'
[  236s] + '[' python38 '!=' python39 ']'
[  236s] + '[' -d build ']'
[  236s] + mv build _build.python38
[  236s] + '[' -d _build.python39 ']'
[  236s] + echo python39
[  236s] + python_flavor=python39
[  236s] + /usr/bin/python3.9 setup.py build '--executable=/usr/bin/python3.9 -s'
[  242s] running build
[  242s] running build_py
[  243s] creating build
[  243s] creating build/lib
[  243s] creating build/lib/pydata_sphinx_theme
[  243s] copying pydata_sphinx_theme/__init__.py -> build/lib/pydata_sphinx_theme
[  243s] copying pydata_sphinx_theme/bootstrap_html_translator.py -> build/lib/pydata_sphinx_theme
[  243s] running egg_info
[  243s] writing pydata_sphinx_theme.egg-info/PKG-INFO
[  243s] writing dependency_links to pydata_sphinx_theme.egg-info/dependency_links.txt
[  243s] writing entry points to pydata_sphinx_theme.egg-info/entry_points.txt
[  243s] writing requirements to pydata_sphinx_theme.egg-info/requires.txt
[  243s] writing top-level names to pydata_sphinx_theme.egg-info/top_level.txt
[  243s] reading manifest file 'pydata_sphinx_theme.egg-info/SOURCES.txt'
[  243s] reading manifest template 'MANIFEST.in'
[  243s] warning: no previously-included files matching '*~' found anywhere in distribution
[  243s] warning: no previously-included files matching '*.py[cod]' found anywhere in distribution
[  243s] warning: no previously-included files matching '.git' found anywhere in distribution
[  243s] warning: no previously-included files matching '.ipynb_checkpoints' found anywhere in distribution
[  243s] warning: no previously-included files matching '.DS_Store' found anywhere in distribution
[  243s] adding license file 'LICENSE'
[  243s] writing manifest file 'pydata_sphinx_theme.egg-info/SOURCES.txt'
[  243s] /usr/lib/python3.9/site-packages/setuptools/command/build_py.py:202: SetuptoolsDeprecationWarning:     Installing 'pydata_sphinx_theme._templates' as data is deprecated, please list it in `packages`.
[  243s]     !!
[  243s] 
[  243s] 
[  243s]     ############################
[  243s]     # Package would be ignored #
[  243s]     ############################
[  243s]     Python recognizes 'pydata_sphinx_theme._templates' as an importable package,
[  243s]     but it is not listed in the `packages` configuration of setuptools.
[  243s] 
[  243s]     'pydata_sphinx_theme._templates' has been automatically added to the distribution only
[  243s]     because it may contain data files, but this behavior is likely to change
[  243s]     in future versions of setuptools (and therefore is considered deprecated).
[  243s] 
[  243s]     Please make sure that 'pydata_sphinx_theme._templates' is included as a package by using
[  243s]     the `packages` configuration field or the proper discovery methods
[  243s]     (for example by using `find_namespace_packages(...)`/`find_namespace:`
[  243s]     instead of `find_packages(...)`/`find:`).
[  243s] 
[  243s]     You can read more about "package discovery" and "data files" on setuptools
[  243s]     documentation page.
[  243s] 
[  243s] 
[  243s] !!
[  243s] 
[  243s]   check.warn(importable)
[  243s] /usr/lib/python3.9/site-packages/setuptools/command/build_py.py:202: SetuptoolsDeprecationWarning:     Installing 'pydata_sphinx_theme.static' as data is deprecated, please list it in `packages`.
[  243s]     !!
[  243s] 
[  243s] 
[  243s]     ############################
[  243s]     # Package would be ignored #
[  243s]     ############################
[  243s]     Python recognizes 'pydata_sphinx_theme.static' as an importable package,
[  243s]     but it is not listed in the `packages` configuration of setuptools.
[  243s] 
[  243s]     'pydata_sphinx_theme.static' has been automatically added to the distribution only
[  243s]     because it may contain data files, but this behavior is likely to change
[  243s]     in future versions of setuptools (and therefore is considered deprecated).
[  243s] 
[  243s]     Please make sure that 'pydata_sphinx_theme.static' is included as a package by using
[  243s]     the `packages` configuration field or the proper discovery methods
[  243s]     (for example by using `find_namespace_packages(...)`/`find_namespace:`
[  243s]     instead of `find_packages(...)`/`find:`).
[  243s] 
[  243s]     You can read more about "package discovery" and "data files" on setuptools
[  243s]     documentation page.
[  243s] 
[  243s] 
[  243s] !!
[  243s] 
[  243s]   check.warn(importable)
[  243s] /usr/lib/python3.9/site-packages/setuptools/command/build_py.py:202: SetuptoolsDeprecationWarning:     Installing 'pydata_sphinx_theme.static.css' as data is deprecated, please list it in `packages`.
[  243s]     !!
[  243s] 
[  243s] 
[  243s]     ############################
[  243s]     # Package would be ignored #
[  243s]     ############################
[  243s]     Python recognizes 'pydata_sphinx_theme.static.css' as an importable package,
[  243s]     but it is not listed in the `packages` configuration of setuptools.
[  243s] 
[  243s]     'pydata_sphinx_theme.static.css' has been automatically added to the distribution only
[  243s]     because it may contain data files, but this behavior is likely to change
[  243s]     in future versions of setuptools (and therefore is considered deprecated).
[  243s] 
[  243s]     Please make sure that 'pydata_sphinx_theme.static.css' is included as a package by using
[  243s]     the `packages` configuration field or the proper discovery methods
[  243s]     (for example by using `find_namespace_packages(...)`/`find_namespace:`
[  243s]     instead of `find_packages(...)`/`find:`).
[  243s] 
[  243s]     You can read more about "package discovery" and "data files" on setuptools
[  243s]     documentation page.
[  243s] 
[  243s] 
[  243s] !!
[  243s] 
[  243s]   check.warn(importable)
[  243s] /usr/lib/python3.9/site-packages/setuptools/command/build_py.py:202: SetuptoolsDeprecationWarning:     Installing 'pydata_sphinx_theme.static.js' as data is deprecated, please list it in `packages`.
[  243s]     !!
[  243s] 
[  243s] 
[  243s]     ############################
[  243s]     # Package would be ignored #
[  243s]     ############################
[  243s]     Python recognizes 'pydata_sphinx_theme.static.js' as an importable package,
[  243s]     but it is not listed in the `packages` configuration of setuptools.
[  243s] 
[  243s]     'pydata_sphinx_theme.static.js' has been automatically added to the distribution only
[  243s]     because it may contain data files, but this behavior is likely to change
[  243s]     in future versions of setuptools (and therefore is considered deprecated).
[  243s] 
[  243s]     Please make sure that 'pydata_sphinx_theme.static.js' is included as a package by using
[  243s]     the `packages` configuration field or the proper discovery methods
[  243s]     (for example by using `find_namespace_packages(...)`/`find_namespace:`
[  243s]     instead of `find_packages(...)`/`find:`).
[  243s] 
[  243s]     You can read more about "package discovery" and "data files" on setuptools
[  243s]     documentation page.
[  243s] 
[  243s] 
[  243s] !!
[  243s] 
[  243s]   check.warn(importable)
[  243s] /usr/lib/python3.9/site-packages/setuptools/command/build_py.py:202: SetuptoolsDeprecationWarning:     Installing 'pydata_sphinx_theme.static.vendor.fontawesome' as data is deprecated, please list it in `packages`.
[  243s]     !!
[  243s] 
[  243s] 
[  243s]     ############################
[  243s]     # Package would be ignored #
[  243s]     ############################
[  243s]     Python recognizes 'pydata_sphinx_theme.static.vendor.fontawesome' as an importable package,
[  243s]     but it is not listed in the `packages` configuration of setuptools.
[  243s] 
[  243s]     'pydata_sphinx_theme.static.vendor.fontawesome' has been automatically added to the distribution only
[  243s]     because it may contain data files, but this behavior is likely to change
[  243s]     in future versions of setuptools (and therefore is considered deprecated).
[  243s] 
[  243s]     Please make sure that 'pydata_sphinx_theme.static.vendor.fontawesome' is included as a package by using
[  243s]     the `packages` configuration field or the proper discovery methods
[  243s]     (for example by using `find_namespace_packages(...)`/`find_namespace:`
[  243s]     instead of `find_packages(...)`/`find:`).
[  243s] 
[  243s]     You can read more about "package discovery" and "data files" on setuptools
[  243s]     documentation page.
[  243s] 
[  243s] 
[  243s] !!
[  243s] 
[  243s]   check.warn(importable)
[  243s] copying pydata_sphinx_theme/docs-navbar.html -> build/lib/pydata_sphinx_theme
[  243s] copying pydata_sphinx_theme/docs-sidebar.html -> build/lib/pydata_sphinx_theme
[  243s] copying pydata_sphinx_theme/footer.html -> build/lib/pydata_sphinx_theme
[  243s] copying pydata_sphinx_theme/icon-links.html -> build/lib/pydata_sphinx_theme
[  243s] copying pydata_sphinx_theme/layout.html -> build/lib/pydata_sphinx_theme
[  243s] copying pydata_sphinx_theme/search-field.html -> build/lib/pydata_sphinx_theme
[  243s] copying pydata_sphinx_theme/theme.conf -> build/lib/pydata_sphinx_theme
[  243s] creating build/lib/pydata_sphinx_theme/_templates
[  243s] copying pydata_sphinx_theme/_templates/copyright.html -> build/lib/pydata_sphinx_theme/_templates
[  243s] copying pydata_sphinx_theme/_templates/edit-this-page.html -> build/lib/pydata_sphinx_theme/_templates
[  243s] copying pydata_sphinx_theme/_templates/last-updated.html -> build/lib/pydata_sphinx_theme/_templates
[  243s] copying pydata_sphinx_theme/_templates/navbar-icon-links.html -> build/lib/pydata_sphinx_theme/_templates
[  243s] copying pydata_sphinx_theme/_templates/navbar-logo.html -> build/lib/pydata_sphinx_theme/_templates
[  243s] copying pydata_sphinx_theme/_templates/navbar-nav.html -> build/lib/pydata_sphinx_theme/_templates
[  243s] copying pydata_sphinx_theme/_templates/page-toc.html -> build/lib/pydata_sphinx_theme/_templates
[  243s] copying pydata_sphinx_theme/_templates/prev-next.html -> build/lib/pydata_sphinx_theme/_templates
[  243s] copying pydata_sphinx_theme/_templates/sidebar-ethical-ads.html -> build/lib/pydata_sphinx_theme/_templates
[  243s] copying pydata_sphinx_theme/_templates/sidebar-nav-bs.html -> build/lib/pydata_sphinx_theme/_templates
[  243s] copying pydata_sphinx_theme/_templates/sphinx-version.html -> build/lib/pydata_sphinx_theme/_templates
[  243s] creating build/lib/pydata_sphinx_theme/static
[  243s] copying pydata_sphinx_theme/static/webpack-macros.html -> build/lib/pydata_sphinx_theme/static
[  243s] creating build/lib/pydata_sphinx_theme/static/css
[  243s] copying pydata_sphinx_theme/static/css/blank.css -> build/lib/pydata_sphinx_theme/static/css
[  243s] copying pydata_sphinx_theme/static/css/index.ff1ffe594081f20da1ef19478df9384b.css -> build/lib/pydata_sphinx_theme/static/css
[  243s] copying pydata_sphinx_theme/static/css/theme.css -> build/lib/pydata_sphinx_theme/static/css
[  243s] creating build/lib/pydata_sphinx_theme/static/js
[  243s] copying pydata_sphinx_theme/static/js/index.be7d3bbb2ef33a8344ce.js -> build/lib/pydata_sphinx_theme/static/js
[  243s] creating build/lib/pydata_sphinx_theme/static/vendor
[  243s] creating build/lib/pydata_sphinx_theme/static/vendor/fontawesome
[  243s] creating build/lib/pydata_sphinx_theme/static/vendor/fontawesome/5.13.0
[  243s] copying pydata_sphinx_theme/static/vendor/fontawesome/5.13.0/LICENSE.txt -> build/lib/pydata_sphinx_theme/static/vendor/fontawesome/5.13.0
[  243s] creating build/lib/pydata_sphinx_theme/static/vendor/fontawesome/5.13.0/css
[  243s] copying pydata_sphinx_theme/static/vendor/fontawesome/5.13.0/css/all.min.css -> build/lib/pydata_sphinx_theme/static/vendor/fontawesome/5.13.0/css
[  243s] creating build/lib/pydata_sphinx_theme/static/vendor/fontawesome/5.13.0/webfonts
[  243s] copying pydata_sphinx_theme/static/vendor/fontawesome/5.13.0/webfonts/fa-brands-400.eot -> build/lib/pydata_sphinx_theme/static/vendor/fontawesome/5.13.0/webfonts
[  243s] copying pydata_sphinx_theme/static/vendor/fontawesome/5.13.0/webfonts/fa-brands-400.svg -> build/lib/pydata_sphinx_theme/static/vendor/fontawesome/5.13.0/webfonts
[  243s] copying pydata_sphinx_theme/static/vendor/fontawesome/5.13.0/webfonts/fa-brands-400.ttf -> build/lib/pydata_sphinx_theme/static/vendor/fontawesome/5.13.0/webfonts
[  243s] copying pydata_sphinx_theme/static/vendor/fontawesome/5.13.0/webfonts/fa-brands-400.woff -> build/lib/pydata_sphinx_theme/static/vendor/fontawesome/5.13.0/webfonts
[  243s] copying pydata_sphinx_theme/static/vendor/fontawesome/5.13.0/webfonts/fa-brands-400.woff2 -> build/lib/pydata_sphinx_theme/static/vendor/fontawesome/5.13.0/webfonts
[  243s] copying pydata_sphinx_theme/static/vendor/fontawesome/5.13.0/webfonts/fa-regular-400.eot -> build/lib/pydata_sphinx_theme/static/vendor/fontawesome/5.13.0/webfonts
[  243s] copying pydata_sphinx_theme/static/vendor/fontawesome/5.13.0/webfonts/fa-regular-400.svg -> build/lib/pydata_sphinx_theme/static/vendor/fontawesome/5.13.0/webfonts
[  243s] copying pydata_sphinx_theme/static/vendor/fontawesome/5.13.0/webfonts/fa-regular-400.ttf -> build/lib/pydata_sphinx_theme/static/vendor/fontawesome/5.13.0/webfonts
[  243s] copying pydata_sphinx_theme/static/vendor/fontawesome/5.13.0/webfonts/fa-regular-400.woff -> build/lib/pydata_sphinx_theme/static/vendor/fontawesome/5.13.0/webfonts
[  243s] copying pydata_sphinx_theme/static/vendor/fontawesome/5.13.0/webfonts/fa-regular-400.woff2 -> build/lib/pydata_sphinx_theme/static/vendor/fontawesome/5.13.0/webfonts
[  243s] copying pydata_sphinx_theme/static/vendor/fontawesome/5.13.0/webfonts/fa-solid-900.eot -> build/lib/pydata_sphinx_theme/static/vendor/fontawesome/5.13.0/webfonts
[  243s] copying pydata_sphinx_theme/static/vendor/fontawesome/5.13.0/webfonts/fa-solid-900.svg -> build/lib/pydata_sphinx_theme/static/vendor/fontawesome/5.13.0/webfonts
[  243s] copying pydata_sphinx_theme/static/vendor/fontawesome/5.13.0/webfonts/fa-solid-900.ttf -> build/lib/pydata_sphinx_theme/static/vendor/fontawesome/5.13.0/webfonts
[  243s] copying pydata_sphinx_theme/static/vendor/fontawesome/5.13.0/webfonts/fa-solid-900.woff -> build/lib/pydata_sphinx_theme/static/vendor/fontawesome/5.13.0/webfonts
[  243s] copying pydata_sphinx_theme/static/vendor/fontawesome/5.13.0/webfonts/fa-solid-900.woff2 -> build/lib/pydata_sphinx_theme/static/vendor/fontawesome/5.13.0/webfonts
[  244s] ++ '[' -f _current_flavor ']'
[  244s] ++ cat _current_flavor
[  244s] + last_flavor=python39
[  244s] + '[' -z python39 ']'
[  244s] + '[' python39 '!=' python311 ']'
[  244s] + '[' -d build ']'
[  244s] + mv build _build.python39
[  244s] + '[' -d _build.python311 ']'
[  244s] + echo python311
[  244s] + python_flavor=python311
[  244s] + /usr/bin/python3.11 setup.py build '--executable=/usr/bin/python3.11 -s'
[  250s] running build
[  250s] running build_py
[  250s] creating build
[  250s] creating build/lib
[  250s] creating build/lib/pydata_sphinx_theme
[  250s] copying pydata_sphinx_theme/__init__.py -> build/lib/pydata_sphinx_theme
[  250s] copying pydata_sphinx_theme/bootstrap_html_translator.py -> build/lib/pydata_sphinx_theme
[  250s] running egg_info
[  250s] writing pydata_sphinx_theme.egg-info/PKG-INFO
[  250s] writing dependency_links to pydata_sphinx_theme.egg-info/dependency_links.txt
[  250s] writing entry points to pydata_sphinx_theme.egg-info/entry_points.txt
[  250s] writing requirements to pydata_sphinx_theme.egg-info/requires.txt
[  250s] writing top-level names to pydata_sphinx_theme.egg-info/top_level.txt
[  250s] reading manifest file 'pydata_sphinx_theme.egg-info/SOURCES.txt'
[  250s] reading manifest template 'MANIFEST.in'
[  250s] warning: no previously-included files matching '*~' found anywhere in distribution
[  250s] warning: no previously-included files matching '*.py[cod]' found anywhere in distribution
[  250s] warning: no previously-included files matching '.git' found anywhere in distribution
[  250s] warning: no previously-included files matching '.ipynb_checkpoints' found anywhere in distribution
[  250s] warning: no previously-included files matching '.DS_Store' found anywhere in distribution
[  250s] adding license file 'LICENSE'
[  250s] writing manifest file 'pydata_sphinx_theme.egg-info/SOURCES.txt'
[  250s] /usr/lib/python3.11/site-packages/setuptools/command/build_py.py:202: SetuptoolsDeprecationWarning:     Installing 'pydata_sphinx_theme._templates' as data is deprecated, please list it in `packages`.
[  250s]     !!
[  250s] 
[  250s] 
[  250s]     ############################
[  250s]     # Package would be ignored #
[  250s]     ############################
[  250s]     Python recognizes 'pydata_sphinx_theme._templates' as an importable package,
[  250s]     but it is not listed in the `packages` configuration of setuptools.
[  250s] 
[  250s]     'pydata_sphinx_theme._templates' has been automatically added to the distribution only
[  250s]     because it may contain data files, but this behavior is likely to change
[  250s]     in future versions of setuptools (and therefore is considered deprecated).
[  250s] 
[  250s]     Please make sure that 'pydata_sphinx_theme._templates' is included as a package by using
[  250s]     the `packages` configuration field or the proper discovery methods
[  250s]     (for example by using `find_namespace_packages(...)`/`find_namespace:`
[  250s]     instead of `find_packages(...)`/`find:`).
[  250s] 
[  250s]     You can read more about "package discovery" and "data files" on setuptools
[  250s]     documentation page.
[  250s] 
[  250s] 
[  250s] !!
[  250s] 
[  250s]   check.warn(importable)
[  250s] /usr/lib/python3.11/site-packages/setuptools/command/build_py.py:202: SetuptoolsDeprecationWarning:     Installing 'pydata_sphinx_theme.static' as data is deprecated, please list it in `packages`.
[  250s]     !!
[  250s] 
[  250s] 
[  250s]     ############################
[  250s]     # Package would be ignored #
[  250s]     ############################
[  250s]     Python recognizes 'pydata_sphinx_theme.static' as an importable package,
[  250s]     but it is not listed in the `packages` configuration of setuptools.
[  250s] 
[  250s]     'pydata_sphinx_theme.static' has been automatically added to the distribution only
[  250s]     because it may contain data files, but this behavior is likely to change
[  250s]     in future versions of setuptools (and therefore is considered deprecated).
[  250s] 
[  250s]     Please make sure that 'pydata_sphinx_theme.static' is included as a package by using
[  250s]     the `packages` configuration field or the proper discovery methods
[  250s]     (for example by using `find_namespace_packages(...)`/`find_namespace:`
[  250s]     instead of `find_packages(...)`/`find:`).
[  250s] 
[  250s]     You can read more about "package discovery" and "data files" on setuptools
[  250s]     documentation page.
[  250s] 
[  250s] 
[  250s] !!
[  250s] 
[  250s]   check.warn(importable)
[  250s] /usr/lib/python3.11/site-packages/setuptools/command/build_py.py:202: SetuptoolsDeprecationWarning:     Installing 'pydata_sphinx_theme.static.css' as data is deprecated, please list it in `packages`.
[  250s]     !!
[  250s] 
[  250s] 
[  250s]     ############################
[  250s]     # Package would be ignored #
[  250s]     ############################
[  250s]     Python recognizes 'pydata_sphinx_theme.static.css' as an importable package,
[  250s]     but it is not listed in the `packages` configuration of setuptools.
[  250s] 
[  250s]     'pydata_sphinx_theme.static.css' has been automatically added to the distribution only
[  250s]     because it may contain data files, but this behavior is likely to change
[  250s]     in future versions of setuptools (and therefore is considered deprecated).
[  250s] 
[  250s]     Please make sure that 'pydata_sphinx_theme.static.css' is included as a package by using
[  250s]     the `packages` configuration field or the proper discovery methods
[  250s]     (for example by using `find_namespace_packages(...)`/`find_namespace:`
[  250s]     instead of `find_packages(...)`/`find:`).
[  250s] 
[  250s]     You can read more about "package discovery" and "data files" on setuptools
[  250s]     documentation page.
[  250s] 
[  250s] 
[  250s] !!
[  250s] 
[  250s]   check.warn(importable)
[  250s] /usr/lib/python3.11/site-packages/setuptools/command/build_py.py:202: SetuptoolsDeprecationWarning:     Installing 'pydata_sphinx_theme.static.js' as data is deprecated, please list it in `packages`.
[  250s]     !!
[  250s] 
[  250s] 
[  250s]     ############################
[  250s]     # Package would be ignored #
[  250s]     ############################
[  250s]     Python recognizes 'pydata_sphinx_theme.static.js' as an importable package,
[  250s]     but it is not listed in the `packages` configuration of setuptools.
[  250s] 
[  250s]     'pydata_sphinx_theme.static.js' has been automatically added to the distribution only
[  250s]     because it may contain data files, but this behavior is likely to change
[  250s]     in future versions of setuptools (and therefore is considered deprecated).
[  250s] 
[  250s]     Please make sure that 'pydata_sphinx_theme.static.js' is included as a package by using
[  250s]     the `packages` configuration field or the proper discovery methods
[  250s]     (for example by using `find_namespace_packages(...)`/`find_namespace:`
[  250s]     instead of `find_packages(...)`/`find:`).
[  250s] 
[  250s]     You can read more about "package discovery" and "data files" on setuptools
[  250s]     documentation page.
[  250s] 
[  250s] 
[  250s] !!
[  250s] 
[  250s]   check.warn(importable)
[  250s] /usr/lib/python3.11/site-packages/setuptools/command/build_py.py:202: SetuptoolsDeprecationWarning:     Installing 'pydata_sphinx_theme.static.vendor.fontawesome' as data is deprecated, please list it in `packages`.
[  250s]     !!
[  250s] 
[  250s] 
[  250s]     ############################
[  250s]     # Package would be ignored #
[  250s]     ############################
[  250s]     Python recognizes 'pydata_sphinx_theme.static.vendor.fontawesome' as an importable package,
[  250s]     but it is not listed in the `packages` configuration of setuptools.
[  250s] 
[  250s]     'pydata_sphinx_theme.static.vendor.fontawesome' has been automatically added to the distribution only
[  250s]     because it may contain data files, but this behavior is likely to change
[  250s]     in future versions of setuptools (and therefore is considered deprecated).
[  250s] 
[  250s]     Please make sure that 'pydata_sphinx_theme.static.vendor.fontawesome' is included as a package by using
[  250s]     the `packages` configuration field or the proper discovery methods
[  250s]     (for example by using `find_namespace_packages(...)`/`find_namespace:`
[  250s]     instead of `find_packages(...)`/`find:`).
[  250s] 
[  250s]     You can read more about "package discovery" and "data files" on setuptools
[  250s]     documentation page.
[  250s] 
[  250s] 
[  250s] !!
[  250s] 
[  250s]   check.warn(importable)
[  250s] copying pydata_sphinx_theme/docs-navbar.html -> build/lib/pydata_sphinx_theme
[  250s] copying pydata_sphinx_theme/docs-sidebar.html -> build/lib/pydata_sphinx_theme
[  250s] copying pydata_sphinx_theme/footer.html -> build/lib/pydata_sphinx_theme
[  250s] copying pydata_sphinx_theme/icon-links.html -> build/lib/pydata_sphinx_theme
[  250s] copying pydata_sphinx_theme/layout.html -> build/lib/pydata_sphinx_theme
[  250s] copying pydata_sphinx_theme/search-field.html -> build/lib/pydata_sphinx_theme
[  250s] copying pydata_sphinx_theme/theme.conf -> build/lib/pydata_sphinx_theme
[  250s] creating build/lib/pydata_sphinx_theme/_templates
[  250s] copying pydata_sphinx_theme/_templates/copyright.html -> build/lib/pydata_sphinx_theme/_templates
[  250s] copying pydata_sphinx_theme/_templates/edit-this-page.html -> build/lib/pydata_sphinx_theme/_templates
[  250s] copying pydata_sphinx_theme/_templates/last-updated.html -> build/lib/pydata_sphinx_theme/_templates
[  250s] copying pydata_sphinx_theme/_templates/navbar-icon-links.html -> build/lib/pydata_sphinx_theme/_templates
[  250s] copying pydata_sphinx_theme/_templates/navbar-logo.html -> build/lib/pydata_sphinx_theme/_templates
[  250s] copying pydata_sphinx_theme/_templates/navbar-nav.html -> build/lib/pydata_sphinx_theme/_templates
[  250s] copying pydata_sphinx_theme/_templates/page-toc.html -> build/lib/pydata_sphinx_theme/_templates
[  250s] copying pydata_sphinx_theme/_templates/prev-next.html -> build/lib/pydata_sphinx_theme/_templates
[  250s] copying pydata_sphinx_theme/_templates/sidebar-ethical-ads.html -> build/lib/pydata_sphinx_theme/_templates
[  250s] copying pydata_sphinx_theme/_templates/sidebar-nav-bs.html -> build/lib/pydata_sphinx_theme/_templates
[  250s] copying pydata_sphinx_theme/_templates/sphinx-version.html -> build/lib/pydata_sphinx_theme/_templates
[  250s] creating build/lib/pydata_sphinx_theme/static
[  250s] copying pydata_sphinx_theme/static/webpack-macros.html -> build/lib/pydata_sphinx_theme/static
[  250s] creating build/lib/pydata_sphinx_theme/static/css
[  250s] copying pydata_sphinx_theme/static/css/blank.css -> build/lib/pydata_sphinx_theme/static/css
[  250s] copying pydata_sphinx_theme/static/css/index.ff1ffe594081f20da1ef19478df9384b.css -> build/lib/pydata_sphinx_theme/static/css
[  250s] copying pydata_sphinx_theme/static/css/theme.css -> build/lib/pydata_sphinx_theme/static/css
[  250s] creating build/lib/pydata_sphinx_theme/static/js
[  250s] copying pydata_sphinx_theme/static/js/index.be7d3bbb2ef33a8344ce.js -> build/lib/pydata_sphinx_theme/static/js
[  250s] creating build/lib/pydata_sphinx_theme/static/vendor
[  250s] creating build/lib/pydata_sphinx_theme/static/vendor/fontawesome
[  250s] creating build/lib/pydata_sphinx_theme/static/vendor/fontawesome/5.13.0
[  250s] copying pydata_sphinx_theme/static/vendor/fontawesome/5.13.0/LICENSE.txt -> build/lib/pydata_sphinx_theme/static/vendor/fontawesome/5.13.0
[  250s] creating build/lib/pydata_sphinx_theme/static/vendor/fontawesome/5.13.0/css
[  250s] copying pydata_sphinx_theme/static/vendor/fontawesome/5.13.0/css/all.min.css -> build/lib/pydata_sphinx_theme/static/vendor/fontawesome/5.13.0/css
[  250s] creating build/lib/pydata_sphinx_theme/static/vendor/fontawesome/5.13.0/webfonts
[  250s] copying pydata_sphinx_theme/static/vendor/fontawesome/5.13.0/webfonts/fa-brands-400.eot -> build/lib/pydata_sphinx_theme/static/vendor/fontawesome/5.13.0/webfonts
[  250s] copying pydata_sphinx_theme/static/vendor/fontawesome/5.13.0/webfonts/fa-brands-400.svg -> build/lib/pydata_sphinx_theme/static/vendor/fontawesome/5.13.0/webfonts
[  250s] copying pydata_sphinx_theme/static/vendor/fontawesome/5.13.0/webfonts/fa-brands-400.ttf -> build/lib/pydata_sphinx_theme/static/vendor/fontawesome/5.13.0/webfonts
[  250s] copying pydata_sphinx_theme/static/vendor/fontawesome/5.13.0/webfonts/fa-brands-400.woff -> build/lib/pydata_sphinx_theme/static/vendor/fontawesome/5.13.0/webfonts
[  250s] copying pydata_sphinx_theme/static/vendor/fontawesome/5.13.0/webfonts/fa-brands-400.woff2 -> build/lib/pydata_sphinx_theme/static/vendor/fontawesome/5.13.0/webfonts
[  250s] copying pydata_sphinx_theme/static/vendor/fontawesome/5.13.0/webfonts/fa-regular-400.eot -> build/lib/pydata_sphinx_theme/static/vendor/fontawesome/5.13.0/webfonts
[  250s] copying pydata_sphinx_theme/static/vendor/fontawesome/5.13.0/webfonts/fa-regular-400.svg -> build/lib/pydata_sphinx_theme/static/vendor/fontawesome/5.13.0/webfonts
[  250s] copying pydata_sphinx_theme/static/vendor/fontawesome/5.13.0/webfonts/fa-regular-400.ttf -> build/lib/pydata_sphinx_theme/static/vendor/fontawesome/5.13.0/webfonts
[  250s] copying pydata_sphinx_theme/static/vendor/fontawesome/5.13.0/webfonts/fa-regular-400.woff -> build/lib/pydata_sphinx_theme/static/vendor/fontawesome/5.13.0/webfonts
[  250s] copying pydata_sphinx_theme/static/vendor/fontawesome/5.13.0/webfonts/fa-regular-400.woff2 -> build/lib/pydata_sphinx_theme/static/vendor/fontawesome/5.13.0/webfonts
[  250s] copying pydata_sphinx_theme/static/vendor/fontawesome/5.13.0/webfonts/fa-solid-900.eot -> build/lib/pydata_sphinx_theme/static/vendor/fontawesome/5.13.0/webfonts
[  250s] copying pydata_sphinx_theme/static/vendor/fontawesome/5.13.0/webfonts/fa-solid-900.svg -> build/lib/pydata_sphinx_theme/static/vendor/fontawesome/5.13.0/webfonts
[  250s] copying pydata_sphinx_theme/static/vendor/fontawesome/5.13.0/webfonts/fa-solid-900.ttf -> build/lib/pydata_sphinx_theme/static/vendor/fontawesome/5.13.0/webfonts
[  250s] copying pydata_sphinx_theme/static/vendor/fontawesome/5.13.0/webfonts/fa-solid-900.woff -> build/lib/pydata_sphinx_theme/static/vendor/fontawesome/5.13.0/webfonts
[  250s] copying pydata_sphinx_theme/static/vendor/fontawesome/5.13.0/webfonts/fa-solid-900.woff2 -> build/lib/pydata_sphinx_theme/static/vendor/fontawesome/5.13.0/webfonts
[  251s] ++ '[' -f _current_flavor ']'
[  251s] ++ cat _current_flavor
[  251s] + last_flavor=python311
[  251s] + '[' -z python311 ']'
[  251s] + '[' python311 '!=' python310 ']'
[  251s] + '[' -d build ']'
[  251s] + mv build _build.python311
[  251s] + '[' -d _build.python310 ']'
[  251s] + echo python310
[  251s] + python_flavor=python310
[  251s] + /usr/bin/python3.10 setup.py build '--executable=/usr/bin/python3.10 -s'
[  257s] running build
[  257s] running build_py
[  257s] creating build
[  257s] creating build/lib
[  257s] creating build/lib/pydata_sphinx_theme
[  257s] copying pydata_sphinx_theme/__init__.py -> build/lib/pydata_sphinx_theme
[  257s] copying pydata_sphinx_theme/bootstrap_html_translator.py -> build/lib/pydata_sphinx_theme
[  257s] running egg_info
[  257s] writing pydata_sphinx_theme.egg-info/PKG-INFO
[  257s] writing dependency_links to pydata_sphinx_theme.egg-info/dependency_links.txt
[  257s] writing entry points to pydata_sphinx_theme.egg-info/entry_points.txt
[  257s] writing requirements to pydata_sphinx_theme.egg-info/requires.txt
[  257s] writing top-level names to pydata_sphinx_theme.egg-info/top_level.txt
[  257s] reading manifest file 'pydata_sphinx_theme.egg-info/SOURCES.txt'
[  257s] reading manifest template 'MANIFEST.in'
[  257s] warning: no previously-included files matching '*~' found anywhere in distribution
[  257s] warning: no previously-included files matching '*.py[cod]' found anywhere in distribution
[  258s] warning: no previously-included files matching '.git' found anywhere in distribution
[  258s] warning: no previously-included files matching '.ipynb_checkpoints' found anywhere in distribution
[  258s] warning: no previously-included files matching '.DS_Store' found anywhere in distribution
[  258s] adding license file 'LICENSE'
[  258s] writing manifest file 'pydata_sphinx_theme.egg-info/SOURCES.txt'
[  258s] /usr/lib/python3.10/site-packages/setuptools/command/build_py.py:202: SetuptoolsDeprecationWarning:     Installing 'pydata_sphinx_theme._templates' as data is deprecated, please list it in `packages`.
[  258s]     !!
[  258s] 
[  258s] 
[  258s]     ############################
[  258s]     # Package would be ignored #
[  258s]     ############################
[  258s]     Python recognizes 'pydata_sphinx_theme._templates' as an importable package,
[  258s]     but it is not listed in the `packages` configuration of setuptools.
[  258s] 
[  258s]     'pydata_sphinx_theme._templates' has been automatically added to the distribution only
[  258s]     because it may contain data files, but this behavior is likely to change
[  258s]     in future versions of setuptools (and therefore is considered deprecated).
[  258s] 
[  258s]     Please make sure that 'pydata_sphinx_theme._templates' is included as a package by using
[  258s]     the `packages` configuration field or the proper discovery methods
[  258s]     (for example by using `find_namespace_packages(...)`/`find_namespace:`
[  258s]     instead of `find_packages(...)`/`find:`).
[  258s] 
[  258s]     You can read more about "package discovery" and "data files" on setuptools
[  258s]     documentation page.
[  258s] 
[  258s] 
[  258s] !!
[  258s] 
[  258s]   check.warn(importable)
[  258s] /usr/lib/python3.10/site-packages/setuptools/command/build_py.py:202: SetuptoolsDeprecationWarning:     Installing 'pydata_sphinx_theme.static' as data is deprecated, please list it in `packages`.
[  258s]     !!
[  258s] 
[  258s] 
[  258s]     ############################
[  258s]     # Package would be ignored #
[  258s]     ############################
[  258s]     Python recognizes 'pydata_sphinx_theme.static' as an importable package,
[  258s]     but it is not listed in the `packages` configuration of setuptools.
[  258s] 
[  258s]     'pydata_sphinx_theme.static' has been automatically added to the distribution only
[  258s]     because it may contain data files, but this behavior is likely to change
[  258s]     in future versions of setuptools (and therefore is considered deprecated).
[  258s] 
[  258s]     Please make sure that 'pydata_sphinx_theme.static' is included as a package by using
[  258s]     the `packages` configuration field or the proper discovery methods
[  258s]     (for example by using `find_namespace_packages(...)`/`find_namespace:`
[  258s]     instead of `find_packages(...)`/`find:`).
[  258s] 
[  258s]     You can read more about "package discovery" and "data files" on setuptools
[  258s]     documentation page.
[  258s] 
[  258s] 
[  258s] !!
[  258s] 
[  258s]   check.warn(importable)
[  258s] /usr/lib/python3.10/site-packages/setuptools/command/build_py.py:202: SetuptoolsDeprecationWarning:     Installing 'pydata_sphinx_theme.static.css' as data is deprecated, please list it in `packages`.
[  258s]     !!
[  258s] 
[  258s] 
[  258s]     ############################
[  258s]     # Package would be ignored #
[  258s]     ############################
[  258s]     Python recognizes 'pydata_sphinx_theme.static.css' as an importable package,
[  258s]     but it is not listed in the `packages` configuration of setuptools.
[  258s] 
[  258s]     'pydata_sphinx_theme.static.css' has been automatically added to the distribution only
[  258s]     because it may contain data files, but this behavior is likely to change
[  258s]     in future versions of setuptools (and therefore is considered deprecated).
[  258s] 
[  258s]     Please make sure that 'pydata_sphinx_theme.static.css' is included as a package by using
[  258s]     the `packages` configuration field or the proper discovery methods
[  258s]     (for example by using `find_namespace_packages(...)`/`find_namespace:`
[  258s]     instead of `find_packages(...)`/`find:`).
[  258s] 
[  258s]     You can read more about "package discovery" and "data files" on setuptools
[  258s]     documentation page.
[  258s] 
[  258s] 
[  258s] !!
[  258s] 
[  258s]   check.warn(importable)
[  258s] /usr/lib/python3.10/site-packages/setuptools/command/build_py.py:202: SetuptoolsDeprecationWarning:     Installing 'pydata_sphinx_theme.static.js' as data is deprecated, please list it in `packages`.
[  258s]     !!
[  258s] 
[  258s] 
[  258s]     ############################
[  258s]     # Package would be ignored #
[  258s]     ############################
[  258s]     Python recognizes 'pydata_sphinx_theme.static.js' as an importable package,
[  258s]     but it is not listed in the `packages` configuration of setuptools.
[  258s] 
[  258s]     'pydata_sphinx_theme.static.js' has been automatically added to the distribution only
[  258s]     because it may contain data files, but this behavior is likely to change
[  258s]     in future versions of setuptools (and therefore is considered deprecated).
[  258s] 
[  258s]     Please make sure that 'pydata_sphinx_theme.static.js' is included as a package by using
[  258s]     the `packages` configuration field or the proper discovery methods
[  258s]     (for example by using `find_namespace_packages(...)`/`find_namespace:`
[  258s]     instead of `find_packages(...)`/`find:`).
[  258s] 
[  258s]     You can read more about "package discovery" and "data files" on setuptools
[  258s]     documentation page.
[  258s] 
[  258s] 
[  258s] !!
[  258s] 
[  258s]   check.warn(importable)
[  258s] /usr/lib/python3.10/site-packages/setuptools/command/build_py.py:202: SetuptoolsDeprecationWarning:     Installing 'pydata_sphinx_theme.static.vendor.fontawesome' as data is deprecated, please list it in `packages`.
[  258s]     !!
[  258s] 
[  258s] 
[  258s]     ############################
[  258s]     # Package would be ignored #
[  258s]     ############################
[  258s]     Python recognizes 'pydata_sphinx_theme.static.vendor.fontawesome' as an importable package,
[  258s]     but it is not listed in the `packages` configuration of setuptools.
[  258s] 
[  258s]     'pydata_sphinx_theme.static.vendor.fontawesome' has been automatically added to the distribution only
[  258s]     because it may contain data files, but this behavior is likely to change
[  258s]     in future versions of setuptools (and therefore is considered deprecated).
[  258s] 
[  258s]     Please make sure that 'pydata_sphinx_theme.static.vendor.fontawesome' is included as a package by using
[  258s]     the `packages` configuration field or the proper discovery methods
[  258s]     (for example by using `find_namespace_packages(...)`/`find_namespace:`
[  258s]     instead of `find_packages(...)`/`find:`).
[  258s] 
[  258s]     You can read more about "package discovery" and "data files" on setuptools
[  258s]     documentation page.
[  258s] 
[  258s] 
[  258s] !!
[  258s] 
[  258s]   check.warn(importable)
[  258s] copying pydata_sphinx_theme/docs-navbar.html -> build/lib/pydata_sphinx_theme
[  258s] copying pydata_sphinx_theme/docs-sidebar.html -> build/lib/pydata_sphinx_theme
[  258s] copying pydata_sphinx_theme/footer.html -> build/lib/pydata_sphinx_theme
[  258s] copying pydata_sphinx_theme/icon-links.html -> build/lib/pydata_sphinx_theme
[  258s] copying pydata_sphinx_theme/layout.html -> build/lib/pydata_sphinx_theme
[  258s] copying pydata_sphinx_theme/search-field.html -> build/lib/pydata_sphinx_theme
[  258s] copying pydata_sphinx_theme/theme.conf -> build/lib/pydata_sphinx_theme
[  258s] creating build/lib/pydata_sphinx_theme/_templates
[  258s] copying pydata_sphinx_theme/_templates/copyright.html -> build/lib/pydata_sphinx_theme/_templates
[  258s] copying pydata_sphinx_theme/_templates/edit-this-page.html -> build/lib/pydata_sphinx_theme/_templates
[  258s] copying pydata_sphinx_theme/_templates/last-updated.html -> build/lib/pydata_sphinx_theme/_templates
[  258s] copying pydata_sphinx_theme/_templates/navbar-icon-links.html -> build/lib/pydata_sphinx_theme/_templates
[  258s] copying pydata_sphinx_theme/_templates/navbar-logo.html -> build/lib/pydata_sphinx_theme/_templates
[  258s] copying pydata_sphinx_theme/_templates/navbar-nav.html -> build/lib/pydata_sphinx_theme/_templates
[  258s] copying pydata_sphinx_theme/_templates/page-toc.html -> build/lib/pydata_sphinx_theme/_templates
[  258s] copying pydata_sphinx_theme/_templates/prev-next.html -> build/lib/pydata_sphinx_theme/_templates
[  258s] copying pydata_sphinx_theme/_templates/sidebar-ethical-ads.html -> build/lib/pydata_sphinx_theme/_templates
[  258s] copying pydata_sphinx_theme/_templates/sidebar-nav-bs.html -> build/lib/pydata_sphinx_theme/_templates
[  258s] copying pydata_sphinx_theme/_templates/sphinx-version.html -> build/lib/pydata_sphinx_theme/_templates
[  258s] creating build/lib/pydata_sphinx_theme/static
[  258s] copying pydata_sphinx_theme/static/webpack-macros.html -> build/lib/pydata_sphinx_theme/static
[  258s] creating build/lib/pydata_sphinx_theme/static/css
[  258s] copying pydata_sphinx_theme/static/css/blank.css -> build/lib/pydata_sphinx_theme/static/css
[  258s] copying pydata_sphinx_theme/static/css/index.ff1ffe594081f20da1ef19478df9384b.css -> build/lib/pydata_sphinx_theme/static/css
[  258s] copying pydata_sphinx_theme/static/css/theme.css -> build/lib/pydata_sphinx_theme/static/css
[  258s] creating build/lib/pydata_sphinx_theme/static/js
[  258s] copying pydata_sphinx_theme/static/js/index.be7d3bbb2ef33a8344ce.js -> build/lib/pydata_sphinx_theme/static/js
[  258s] creating build/lib/pydata_sphinx_theme/static/vendor
[  258s] creating build/lib/pydata_sphinx_theme/static/vendor/fontawesome
[  258s] creating build/lib/pydata_sphinx_theme/static/vendor/fontawesome/5.13.0
[  258s] copying pydata_sphinx_theme/static/vendor/fontawesome/5.13.0/LICENSE.txt -> build/lib/pydata_sphinx_theme/static/vendor/fontawesome/5.13.0
[  258s] creating build/lib/pydata_sphinx_theme/static/vendor/fontawesome/5.13.0/css
[  258s] copying pydata_sphinx_theme/static/vendor/fontawesome/5.13.0/css/all.min.css -> build/lib/pydata_sphinx_theme/static/vendor/fontawesome/5.13.0/css
[  258s] creating build/lib/pydata_sphinx_theme/static/vendor/fontawesome/5.13.0/webfonts
[  258s] copying pydata_sphinx_theme/static/vendor/fontawesome/5.13.0/webfonts/fa-brands-400.eot -> build/lib/pydata_sphinx_theme/static/vendor/fontawesome/5.13.0/webfonts
[  258s] copying pydata_sphinx_theme/static/vendor/fontawesome/5.13.0/webfonts/fa-brands-400.svg -> build/lib/pydata_sphinx_theme/static/vendor/fontawesome/5.13.0/webfonts
[  258s] copying pydata_sphinx_theme/static/vendor/fontawesome/5.13.0/webfonts/fa-brands-400.ttf -> build/lib/pydata_sphinx_theme/static/vendor/fontawesome/5.13.0/webfonts
[  258s] copying pydata_sphinx_theme/static/vendor/fontawesome/5.13.0/webfonts/fa-brands-400.woff -> build/lib/pydata_sphinx_theme/static/vendor/fontawesome/5.13.0/webfonts
[  258s] copying pydata_sphinx_theme/static/vendor/fontawesome/5.13.0/webfonts/fa-brands-400.woff2 -> build/lib/pydata_sphinx_theme/static/vendor/fontawesome/5.13.0/webfonts
[  258s] copying pydata_sphinx_theme/static/vendor/fontawesome/5.13.0/webfonts/fa-regular-400.eot -> build/lib/pydata_sphinx_theme/static/vendor/fontawesome/5.13.0/webfonts
[  258s] copying pydata_sphinx_theme/static/vendor/fontawesome/5.13.0/webfonts/fa-regular-400.svg -> build/lib/pydata_sphinx_theme/static/vendor/fontawesome/5.13.0/webfonts
[  258s] copying pydata_sphinx_theme/static/vendor/fontawesome/5.13.0/webfonts/fa-regular-400.ttf -> build/lib/pydata_sphinx_theme/static/vendor/fontawesome/5.13.0/webfonts
[  258s] copying pydata_sphinx_theme/static/vendor/fontawesome/5.13.0/webfonts/fa-regular-400.woff -> build/lib/pydata_sphinx_theme/static/vendor/fontawesome/5.13.0/webfonts
[  258s] copying pydata_sphinx_theme/static/vendor/fontawesome/5.13.0/webfonts/fa-regular-400.woff2 -> build/lib/pydata_sphinx_theme/static/vendor/fontawesome/5.13.0/webfonts
[  258s] copying pydata_sphinx_theme/static/vendor/fontawesome/5.13.0/webfonts/fa-solid-900.eot -> build/lib/pydata_sphinx_theme/static/vendor/fontawesome/5.13.0/webfonts
[  258s] copying pydata_sphinx_theme/static/vendor/fontawesome/5.13.0/webfonts/fa-solid-900.svg -> build/lib/pydata_sphinx_theme/static/vendor/fontawesome/5.13.0/webfonts
[  258s] copying pydata_sphinx_theme/static/vendor/fontawesome/5.13.0/webfonts/fa-solid-900.ttf -> build/lib/pydata_sphinx_theme/static/vendor/fontawesome/5.13.0/webfonts
[  258s] copying pydata_sphinx_theme/static/vendor/fontawesome/5.13.0/webfonts/fa-solid-900.woff -> build/lib/pydata_sphinx_theme/static/vendor/fontawesome/5.13.0/webfonts
[  258s] copying pydata_sphinx_theme/static/vendor/fontawesome/5.13.0/webfonts/fa-solid-900.woff2 -> build/lib/pydata_sphinx_theme/static/vendor/fontawesome/5.13.0/webfonts
[  258s] + RPM_EC=0
[  258s] ++ jobs -p
[  258s] + exit 0
[  258s] Executing(%install): /usr/bin/bash -e /var/tmp/rpm-tmp.by12My
[  258s] + umask 022
[  258s] + cd /home/abuild/rpmbuild/BUILD
[  258s] + /usr/bin/rm -rf /home/abuild/rpmbuild/BUILDROOT/python-pydata-sphinx-theme-0.7.1-1.4.riscv64
[  258s] + /usr/bin/mkdir -p /home/abuild/rpmbuild/BUILDROOT
[  259s] + /usr/bin/mkdir /home/abuild/rpmbuild/BUILDROOT/python-pydata-sphinx-theme-0.7.1-1.4.riscv64
[  259s] + cd pydata-sphinx-theme-0.7.1
[  259s] ++ '[' -f _current_flavor ']'
[  259s] ++ cat _current_flavor
[  259s] + last_flavor=python310
[  259s] + '[' -z python310 ']'
[  259s] + '[' python310 '!=' python38 ']'
[  259s] + '[' -d build ']'
[  259s] + mv build _build.python310
[  259s] + '[' -d _build.python38 ']'
[  259s] + mv _build.python38 build
[  259s] + echo python38
[  259s] + python_flavor=python38
[  259s] + /usr/bin/python3.8 setup.py install -O1 --skip-build --force --root /home/abuild/rpmbuild/BUILDROOT/python-pydata-sphinx-theme-0.7.1-1.4.riscv64 --prefix /usr
[  265s] running install
[  266s] running install_lib
[  266s] creating /home/abuild/rpmbuild/BUILDROOT/python-pydata-sphinx-theme-0.7.1-1.4.riscv64/usr
[  266s] creating /home/abuild/rpmbuild/BUILDROOT/python-pydata-sphinx-theme-0.7.1-1.4.riscv64/usr/lib
[  266s] creating /home/abuild/rpmbuild/BUILDROOT/python-pydata-sphinx-theme-0.7.1-1.4.riscv64/usr/lib/python3.8
[  266s] creating /home/abuild/rpmbuild/BUILDROOT/python-pydata-sphinx-theme-0.7.1-1.4.riscv64/usr/lib/python3.8/site-packages
[  266s] creating /home/abuild/rpmbuild/BUILDROOT/python-pydata-sphinx-theme-0.7.1-1.4.riscv64/usr/lib/python3.8/site-packages/pydata_sphinx_theme
[  266s] copying build/lib/pydata_sphinx_theme/__init__.py -> /home/abuild/rpmbuild/BUILDROOT/python-pydata-sphinx-theme-0.7.1-1.4.riscv64/usr/lib/python3.8/site-packages/pydata_sphinx_theme
[  266s] copying build/lib/pydata_sphinx_theme/bootstrap_html_translator.py -> /home/abuild/rpmbuild/BUILDROOT/python-pydata-sphinx-theme-0.7.1-1.4.riscv64/usr/lib/python3.8/site-packages/pydata_sphinx_theme
[  266s] copying build/lib/pydata_sphinx_theme/docs-navbar.html -> /home/abuild/rpmbuild/BUILDROOT/python-pydata-sphinx-theme-0.7.1-1.4.riscv64/usr/lib/python3.8/site-packages/pydata_sphinx_theme
[  266s] copying build/lib/pydata_sphinx_theme/docs-sidebar.html -> /home/abuild/rpmbuild/BUILDROOT/python-pydata-sphinx-theme-0.7.1-1.4.riscv64/usr/lib/python3.8/site-packages/pydata_sphinx_theme
[  266s] copying build/lib/pydata_sphinx_theme/footer.html -> /home/abuild/rpmbuild/BUILDROOT/python-pydata-sphinx-theme-0.7.1-1.4.riscv64/usr/lib/python3.8/site-packages/pydata_sphinx_theme
[  266s] copying build/lib/pydata_sphinx_theme/icon-links.html -> /home/abuild/rpmbuild/BUILDROOT/python-pydata-sphinx-theme-0.7.1-1.4.riscv64/usr/lib/python3.8/site-packages/pydata_sphinx_theme
[  266s] copying build/lib/pydata_sphinx_theme/layout.html -> /home/abuild/rpmbuild/BUILDROOT/python-pydata-sphinx-theme-0.7.1-1.4.riscv64/usr/lib/python3.8/site-packages/pydata_sphinx_theme
[  266s] copying build/lib/pydata_sphinx_theme/search-field.html -> /home/abuild/rpmbuild/BUILDROOT/python-pydata-sphinx-theme-0.7.1-1.4.riscv64/usr/lib/python3.8/site-packages/pydata_sphinx_theme
[  266s] copying build/lib/pydata_sphinx_theme/theme.conf -> /home/abuild/rpmbuild/BUILDROOT/python-pydata-sphinx-theme-0.7.1-1.4.riscv64/usr/lib/python3.8/site-packages/pydata_sphinx_theme
[  266s] creating /home/abuild/rpmbuild/BUILDROOT/python-pydata-sphinx-theme-0.7.1-1.4.riscv64/usr/lib/python3.8/site-packages/pydata_sphinx_theme/_templates
[  266s] copying build/lib/pydata_sphinx_theme/_templates/copyright.html -> /home/abuild/rpmbuild/BUILDROOT/python-pydata-sphinx-theme-0.7.1-1.4.riscv64/usr/lib/python3.8/site-packages/pydata_sphinx_theme/_templates
[  266s] copying build/lib/pydata_sphinx_theme/_templates/edit-this-page.html -> /home/abuild/rpmbuild/BUILDROOT/python-pydata-sphinx-theme-0.7.1-1.4.riscv64/usr/lib/python3.8/site-packages/pydata_sphinx_theme/_templates
[  266s] copying build/lib/pydata_sphinx_theme/_templates/last-updated.html -> /home/abuild/rpmbuild/BUILDROOT/python-pydata-sphinx-theme-0.7.1-1.4.riscv64/usr/lib/python3.8/site-packages/pydata_sphinx_theme/_templates
[  266s] copying build/lib/pydata_sphinx_theme/_templates/navbar-icon-links.html -> /home/abuild/rpmbuild/BUILDROOT/python-pydata-sphinx-theme-0.7.1-1.4.riscv64/usr/lib/python3.8/site-packages/pydata_sphinx_theme/_templates
[  266s] copying build/lib/pydata_sphinx_theme/_templates/navbar-logo.html -> /home/abuild/rpmbuild/BUILDROOT/python-pydata-sphinx-theme-0.7.1-1.4.riscv64/usr/lib/python3.8/site-packages/pydata_sphinx_theme/_templates
[  266s] copying build/lib/pydata_sphinx_theme/_templates/navbar-nav.html -> /home/abuild/rpmbuild/BUILDROOT/python-pydata-sphinx-theme-0.7.1-1.4.riscv64/usr/lib/python3.8/site-packages/pydata_sphinx_theme/_templates
[  266s] copying build/lib/pydata_sphinx_theme/_templates/page-toc.html -> /home/abuild/rpmbuild/BUILDROOT/python-pydata-sphinx-theme-0.7.1-1.4.riscv64/usr/lib/python3.8/site-packages/pydata_sphinx_theme/_templates
[  266s] copying build/lib/pydata_sphinx_theme/_templates/prev-next.html -> /home/abuild/rpmbuild/BUILDROOT/python-pydata-sphinx-theme-0.7.1-1.4.riscv64/usr/lib/python3.8/site-packages/pydata_sphinx_theme/_templates
[  266s] copying build/lib/pydata_sphinx_theme/_templates/sidebar-ethical-ads.html -> /home/abuild/rpmbuild/BUILDROOT/python-pydata-sphinx-theme-0.7.1-1.4.riscv64/usr/lib/python3.8/site-packages/pydata_sphinx_theme/_templates
[  266s] copying build/lib/pydata_sphinx_theme/_templates/sidebar-nav-bs.html -> /home/abuild/rpmbuild/BUILDROOT/python-pydata-sphinx-theme-0.7.1-1.4.riscv64/usr/lib/python3.8/site-packages/pydata_sphinx_theme/_templates
[  266s] copying build/lib/pydata_sphinx_theme/_templates/sphinx-version.html -> /home/abuild/rpmbuild/BUILDROOT/python-pydata-sphinx-theme-0.7.1-1.4.riscv64/usr/lib/python3.8/site-packages/pydata_sphinx_theme/_templates
[  266s] creating /home/abuild/rpmbuild/BUILDROOT/python-pydata-sphinx-theme-0.7.1-1.4.riscv64/usr/lib/python3.8/site-packages/pydata_sphinx_theme/static
[  266s] copying build/lib/pydata_sphinx_theme/static/webpack-macros.html -> /home/abuild/rpmbuild/BUILDROOT/python-pydata-sphinx-theme-0.7.1-1.4.riscv64/usr/lib/python3.8/site-packages/pydata_sphinx_theme/static
[  266s] creating /home/abuild/rpmbuild/BUILDROOT/python-pydata-sphinx-theme-0.7.1-1.4.riscv64/usr/lib/python3.8/site-packages/pydata_sphinx_theme/static/css
[  266s] copying build/lib/pydata_sphinx_theme/static/css/blank.css -> /home/abuild/rpmbuild/BUILDROOT/python-pydata-sphinx-theme-0.7.1-1.4.riscv64/usr/lib/python3.8/site-packages/pydata_sphinx_theme/static/css
[  266s] copying build/lib/pydata_sphinx_theme/static/css/index.ff1ffe594081f20da1ef19478df9384b.css -> /home/abuild/rpmbuild/BUILDROOT/python-pydata-sphinx-theme-0.7.1-1.4.riscv64/usr/lib/python3.8/site-packages/pydata_sphinx_theme/static/css
[  266s] copying build/lib/pydata_sphinx_theme/static/css/theme.css -> /home/abuild/rpmbuild/BUILDROOT/python-pydata-sphinx-theme-0.7.1-1.4.riscv64/usr/lib/python3.8/site-packages/pydata_sphinx_theme/static/css
[  266s] creating /home/abuild/rpmbuild/BUILDROOT/python-pydata-sphinx-theme-0.7.1-1.4.riscv64/usr/lib/python3.8/site-packages/pydata_sphinx_theme/static/js
[  266s] copying build/lib/pydata_sphinx_theme/static/js/index.be7d3bbb2ef33a8344ce.js -> /home/abuild/rpmbuild/BUILDROOT/python-pydata-sphinx-theme-0.7.1-1.4.riscv64/usr/lib/python3.8/site-packages/pydata_sphinx_theme/static/js
[  266s] creating /home/abuild/rpmbuild/BUILDROOT/python-pydata-sphinx-theme-0.7.1-1.4.riscv64/usr/lib/python3.8/site-packages/pydata_sphinx_theme/static/vendor
[  266s] creating /home/abuild/rpmbuild/BUILDROOT/python-pydata-sphinx-theme-0.7.1-1.4.riscv64/usr/lib/python3.8/site-packages/pydata_sphinx_theme/static/vendor/fontawesome
[  266s] creating /home/abuild/rpmbuild/BUILDROOT/python-pydata-sphinx-theme-0.7.1-1.4.riscv64/usr/lib/python3.8/site-packages/pydata_sphinx_theme/static/vendor/fontawesome/5.13.0
[  266s] copying build/lib/pydata_sphinx_theme/static/vendor/fontawesome/5.13.0/LICENSE.txt -> /home/abuild/rpmbuild/BUILDROOT/python-pydata-sphinx-theme-0.7.1-1.4.riscv64/usr/lib/python3.8/site-packages/pydata_sphinx_theme/static/vendor/fontawesome/5.13.0
[  266s] creating /home/abuild/rpmbuild/BUILDROOT/python-pydata-sphinx-theme-0.7.1-1.4.riscv64/usr/lib/python3.8/site-packages/pydata_sphinx_theme/static/vendor/fontawesome/5.13.0/css
[  266s] copying build/lib/pydata_sphinx_theme/static/vendor/fontawesome/5.13.0/css/all.min.css -> /home/abuild/rpmbuild/BUILDROOT/python-pydata-sphinx-theme-0.7.1-1.4.riscv64/usr/lib/python3.8/site-packages/pydata_sphinx_theme/static/vendor/fontawesome/5.13.0/css
[  266s] creating /home/abuild/rpmbuild/BUILDROOT/python-pydata-sphinx-theme-0.7.1-1.4.riscv64/usr/lib/python3.8/site-packages/pydata_sphinx_theme/static/vendor/fontawesome/5.13.0/webfonts
[  266s] copying build/lib/pydata_sphinx_theme/static/vendor/fontawesome/5.13.0/webfonts/fa-brands-400.eot -> /home/abuild/rpmbuild/BUILDROOT/python-pydata-sphinx-theme-0.7.1-1.4.riscv64/usr/lib/python3.8/site-packages/pydata_sphinx_theme/static/vendor/fontawesome/5.13.0/webfonts
[  266s] copying build/lib/pydata_sphinx_theme/static/vendor/fontawesome/5.13.0/webfonts/fa-brands-400.svg -> /home/abuild/rpmbuild/BUILDROOT/python-pydata-sphinx-theme-0.7.1-1.4.riscv64/usr/lib/python3.8/site-packages/pydata_sphinx_theme/static/vendor/fontawesome/5.13.0/webfonts
[  266s] copying build/lib/pydata_sphinx_theme/static/vendor/fontawesome/5.13.0/webfonts/fa-brands-400.ttf -> /home/abuild/rpmbuild/BUILDROOT/python-pydata-sphinx-theme-0.7.1-1.4.riscv64/usr/lib/python3.8/site-packages/pydata_sphinx_theme/static/vendor/fontawesome/5.13.0/webfonts
[  266s] copying build/lib/pydata_sphinx_theme/static/vendor/fontawesome/5.13.0/webfonts/fa-brands-400.woff -> /home/abuild/rpmbuild/BUILDROOT/python-pydata-sphinx-theme-0.7.1-1.4.riscv64/usr/lib/python3.8/site-packages/pydata_sphinx_theme/static/vendor/fontawesome/5.13.0/webfonts
[  266s] copying build/lib/pydata_sphinx_theme/static/vendor/fontawesome/5.13.0/webfonts/fa-brands-400.woff2 -> /home/abuild/rpmbuild/BUILDROOT/python-pydata-sphinx-theme-0.7.1-1.4.riscv64/usr/lib/python3.8/site-packages/pydata_sphinx_theme/static/vendor/fontawesome/5.13.0/webfonts
[  266s] copying build/lib/pydata_sphinx_theme/static/vendor/fontawesome/5.13.0/webfonts/fa-regular-400.eot -> /home/abuild/rpmbuild/BUILDROOT/python-pydata-sphinx-theme-0.7.1-1.4.riscv64/usr/lib/python3.8/site-packages/pydata_sphinx_theme/static/vendor/fontawesome/5.13.0/webfonts
[  266s] copying build/lib/pydata_sphinx_theme/static/vendor/fontawesome/5.13.0/webfonts/fa-regular-400.svg -> /home/abuild/rpmbuild/BUILDROOT/python-pydata-sphinx-theme-0.7.1-1.4.riscv64/usr/lib/python3.8/site-packages/pydata_sphinx_theme/static/vendor/fontawesome/5.13.0/webfonts
[  266s] copying build/lib/pydata_sphinx_theme/static/vendor/fontawesome/5.13.0/webfonts/fa-regular-400.ttf -> /home/abuild/rpmbuild/BUILDROOT/python-pydata-sphinx-theme-0.7.1-1.4.riscv64/usr/lib/python3.8/site-packages/pydata_sphinx_theme/static/vendor/fontawesome/5.13.0/webfonts
[  266s] copying build/lib/pydata_sphinx_theme/static/vendor/fontawesome/5.13.0/webfonts/fa-regular-400.woff -> /home/abuild/rpmbuild/BUILDROOT/python-pydata-sphinx-theme-0.7.1-1.4.riscv64/usr/lib/python3.8/site-packages/pydata_sphinx_theme/static/vendor/fontawesome/5.13.0/webfonts
[  266s] copying build/lib/pydata_sphinx_theme/static/vendor/fontawesome/5.13.0/webfonts/fa-regular-400.woff2 -> /home/abuild/rpmbuild/BUILDROOT/python-pydata-sphinx-theme-0.7.1-1.4.riscv64/usr/lib/python3.8/site-packages/pydata_sphinx_theme/static/vendor/fontawesome/5.13.0/webfonts
[  266s] copying build/lib/pydata_sphinx_theme/static/vendor/fontawesome/5.13.0/webfonts/fa-solid-900.eot -> /home/abuild/rpmbuild/BUILDROOT/python-pydata-sphinx-theme-0.7.1-1.4.riscv64/usr/lib/python3.8/site-packages/pydata_sphinx_theme/static/vendor/fontawesome/5.13.0/webfonts
[  266s] copying build/lib/pydata_sphinx_theme/static/vendor/fontawesome/5.13.0/webfonts/fa-solid-900.svg -> /home/abuild/rpmbuild/BUILDROOT/python-pydata-sphinx-theme-0.7.1-1.4.riscv64/usr/lib/python3.8/site-packages/pydata_sphinx_theme/static/vendor/fontawesome/5.13.0/webfonts
[  266s] copying build/lib/pydata_sphinx_theme/static/vendor/fontawesome/5.13.0/webfonts/fa-solid-900.ttf -> /home/abuild/rpmbuild/BUILDROOT/python-pydata-sphinx-theme-0.7.1-1.4.riscv64/usr/lib/python3.8/site-packages/pydata_sphinx_theme/static/vendor/fontawesome/5.13.0/webfonts
[  266s] copying build/lib/pydata_sphinx_theme/static/vendor/fontawesome/5.13.0/webfonts/fa-solid-900.woff -> /home/abuild/rpmbuild/BUILDROOT/python-pydata-sphinx-theme-0.7.1-1.4.riscv64/usr/lib/python3.8/site-packages/pydata_sphinx_theme/static/vendor/fontawesome/5.13.0/webfonts
[  266s] copying build/lib/pydata_sphinx_theme/static/vendor/fontawesome/5.13.0/webfonts/fa-solid-900.woff2 -> /home/abuild/rpmbuild/BUILDROOT/python-pydata-sphinx-theme-0.7.1-1.4.riscv64/usr/lib/python3.8/site-packages/pydata_sphinx_theme/static/vendor/fontawesome/5.13.0/webfonts
[  266s] byte-compiling /home/abuild/rpmbuild/BUILDROOT/python-pydata-sphinx-theme-0.7.1-1.4.riscv64/usr/lib/python3.8/site-packages/pydata_sphinx_theme/__init__.py to __init__.cpython-38.pyc
[  266s] byte-compiling /home/abuild/rpmbuild/BUILDROOT/python-pydata-sphinx-theme-0.7.1-1.4.riscv64/usr/lib/python3.8/site-packages/pydata_sphinx_theme/bootstrap_html_translator.py to bootstrap_html_translator.cpython-38.pyc
[  266s] writing byte-compilation script '/tmp/tmp9exdlc30.py'
[  266s] /usr/bin/python3.8 /tmp/tmp9exdlc30.py
[  271s] removing /tmp/tmp9exdlc30.py
[  271s] running install_egg_info
[  272s] running egg_info
[  272s] writing pydata_sphinx_theme.egg-info/PKG-INFO
[  272s] writing dependency_links to pydata_sphinx_theme.egg-info/dependency_links.txt
[  272s] writing entry points to pydata_sphinx_theme.egg-info/entry_points.txt
[  272s] writing requirements to pydata_sphinx_theme.egg-info/requires.txt
[  272s] writing top-level names to pydata_sphinx_theme.egg-info/top_level.txt
[  272s] reading manifest file 'pydata_sphinx_theme.egg-info/SOURCES.txt'
[  272s] reading manifest template 'MANIFEST.in'
[  272s] /usr/lib/python3.8/site-packages/setuptools/command/install.py:34: SetuptoolsDeprecationWarning: setup.py install is deprecated. Use build and pip and other standards-based tools.
[  272s]   warnings.warn(
[  272s] warning: no previously-included files matching '*~' found anywhere in distribution
[  272s] warning: no previously-included files matching '*.py[cod]' found anywhere in distribution
[  272s] warning: no previously-included files matching '.git' found anywhere in distribution
[  272s] warning: no previously-included files matching '.ipynb_checkpoints' found anywhere in distribution
[  272s] warning: no previously-included files matching '.DS_Store' found anywhere in distribution
[  272s] adding license file 'LICENSE'
[  272s] writing manifest file 'pydata_sphinx_theme.egg-info/SOURCES.txt'
[  272s] Copying pydata_sphinx_theme.egg-info to /home/abuild/rpmbuild/BUILDROOT/python-pydata-sphinx-theme-0.7.1-1.4.riscv64/usr/lib/python3.8/site-packages/pydata_sphinx_theme-0.7.1-py3.8.egg-info
[  272s] running install_scripts
[  273s] ++ '[' -f _current_flavor ']'
[  273s] ++ cat _current_flavor
[  273s] + last_flavor=python38
[  273s] + '[' -z python38 ']'
[  273s] + '[' python38 '!=' python39 ']'
[  273s] + '[' -d build ']'
[  273s] + mv build _build.python38
[  273s] + '[' -d _build.python39 ']'
[  273s] + mv _build.python39 build
[  273s] + echo python39
[  273s] + python_flavor=python39
[  273s] + /usr/bin/python3.9 setup.py install -O1 --skip-build --force --root /home/abuild/rpmbuild/BUILDROOT/python-pydata-sphinx-theme-0.7.1-1.4.riscv64 --prefix /usr
[  279s] running install
[  279s] /usr/lib/python3.9/site-packages/setuptools/command/install.py:34: SetuptoolsDeprecationWarning: setup.py install is deprecated. Use build and pip and other standards-based tools.
[  279s]   warnings.warn(
[  280s] running install_lib
[  280s] creating /home/abuild/rpmbuild/BUILDROOT/python-pydata-sphinx-theme-0.7.1-1.4.riscv64/usr/lib/python3.9
[  280s] creating /home/abuild/rpmbuild/BUILDROOT/python-pydata-sphinx-theme-0.7.1-1.4.riscv64/usr/lib/python3.9/site-packages
[  280s] creating /home/abuild/rpmbuild/BUILDROOT/python-pydata-sphinx-theme-0.7.1-1.4.riscv64/usr/lib/python3.9/site-packages/pydata_sphinx_theme
[  280s] copying build/lib/pydata_sphinx_theme/__init__.py -> /home/abuild/rpmbuild/BUILDROOT/python-pydata-sphinx-theme-0.7.1-1.4.riscv64/usr/lib/python3.9/site-packages/pydata_sphinx_theme
[  280s] copying build/lib/pydata_sphinx_theme/bootstrap_html_translator.py -> /home/abuild/rpmbuild/BUILDROOT/python-pydata-sphinx-theme-0.7.1-1.4.riscv64/usr/lib/python3.9/site-packages/pydata_sphinx_theme
[  280s] copying build/lib/pydata_sphinx_theme/docs-navbar.html -> /home/abuild/rpmbuild/BUILDROOT/python-pydata-sphinx-theme-0.7.1-1.4.riscv64/usr/lib/python3.9/site-packages/pydata_sphinx_theme
[  280s] copying build/lib/pydata_sphinx_theme/docs-sidebar.html -> /home/abuild/rpmbuild/BUILDROOT/python-pydata-sphinx-theme-0.7.1-1.4.riscv64/usr/lib/python3.9/site-packages/pydata_sphinx_theme
[  280s] copying build/lib/pydata_sphinx_theme/footer.html -> /home/abuild/rpmbuild/BUILDROOT/python-pydata-sphinx-theme-0.7.1-1.4.riscv64/usr/lib/python3.9/site-packages/pydata_sphinx_theme
[  280s] copying build/lib/pydata_sphinx_theme/icon-links.html -> /home/abuild/rpmbuild/BUILDROOT/python-pydata-sphinx-theme-0.7.1-1.4.riscv64/usr/lib/python3.9/site-packages/pydata_sphinx_theme
[  280s] copying build/lib/pydata_sphinx_theme/layout.html -> /home/abuild/rpmbuild/BUILDROOT/python-pydata-sphinx-theme-0.7.1-1.4.riscv64/usr/lib/python3.9/site-packages/pydata_sphinx_theme
[  280s] copying build/lib/pydata_sphinx_theme/search-field.html -> /home/abuild/rpmbuild/BUILDROOT/python-pydata-sphinx-theme-0.7.1-1.4.riscv64/usr/lib/python3.9/site-packages/pydata_sphinx_theme
[  280s] copying build/lib/pydata_sphinx_theme/theme.conf -> /home/abuild/rpmbuild/BUILDROOT/python-pydata-sphinx-theme-0.7.1-1.4.riscv64/usr/lib/python3.9/site-packages/pydata_sphinx_theme
[  280s] creating /home/abuild/rpmbuild/BUILDROOT/python-pydata-sphinx-theme-0.7.1-1.4.riscv64/usr/lib/python3.9/site-packages/pydata_sphinx_theme/_templates
[  280s] copying build/lib/pydata_sphinx_theme/_templates/copyright.html -> /home/abuild/rpmbuild/BUILDROOT/python-pydata-sphinx-theme-0.7.1-1.4.riscv64/usr/lib/python3.9/site-packages/pydata_sphinx_theme/_templates
[  280s] copying build/lib/pydata_sphinx_theme/_templates/edit-this-page.html -> /home/abuild/rpmbuild/BUILDROOT/python-pydata-sphinx-theme-0.7.1-1.4.riscv64/usr/lib/python3.9/site-packages/pydata_sphinx_theme/_templates
[  280s] copying build/lib/pydata_sphinx_theme/_templates/last-updated.html -> /home/abuild/rpmbuild/BUILDROOT/python-pydata-sphinx-theme-0.7.1-1.4.riscv64/usr/lib/python3.9/site-packages/pydata_sphinx_theme/_templates
[  280s] copying build/lib/pydata_sphinx_theme/_templates/navbar-icon-links.html -> /home/abuild/rpmbuild/BUILDROOT/python-pydata-sphinx-theme-0.7.1-1.4.riscv64/usr/lib/python3.9/site-packages/pydata_sphinx_theme/_templates
[  280s] copying build/lib/pydata_sphinx_theme/_templates/navbar-logo.html -> /home/abuild/rpmbuild/BUILDROOT/python-pydata-sphinx-theme-0.7.1-1.4.riscv64/usr/lib/python3.9/site-packages/pydata_sphinx_theme/_templates
[  280s] copying build/lib/pydata_sphinx_theme/_templates/navbar-nav.html -> /home/abuild/rpmbuild/BUILDROOT/python-pydata-sphinx-theme-0.7.1-1.4.riscv64/usr/lib/python3.9/site-packages/pydata_sphinx_theme/_templates
[  280s] copying build/lib/pydata_sphinx_theme/_templates/page-toc.html -> /home/abuild/rpmbuild/BUILDROOT/python-pydata-sphinx-theme-0.7.1-1.4.riscv64/usr/lib/python3.9/site-packages/pydata_sphinx_theme/_templates
[  280s] copying build/lib/pydata_sphinx_theme/_templates/prev-next.html -> /home/abuild/rpmbuild/BUILDROOT/python-pydata-sphinx-theme-0.7.1-1.4.riscv64/usr/lib/python3.9/site-packages/pydata_sphinx_theme/_templates
[  280s] copying build/lib/pydata_sphinx_theme/_templates/sidebar-ethical-ads.html -> /home/abuild/rpmbuild/BUILDROOT/python-pydata-sphinx-theme-0.7.1-1.4.riscv64/usr/lib/python3.9/site-packages/pydata_sphinx_theme/_templates
[  280s] copying build/lib/pydata_sphinx_theme/_templates/sidebar-nav-bs.html -> /home/abuild/rpmbuild/BUILDROOT/python-pydata-sphinx-theme-0.7.1-1.4.riscv64/usr/lib/python3.9/site-packages/pydata_sphinx_theme/_templates
[  280s] copying build/lib/pydata_sphinx_theme/_templates/sphinx-version.html -> /home/abuild/rpmbuild/BUILDROOT/python-pydata-sphinx-theme-0.7.1-1.4.riscv64/usr/lib/python3.9/site-packages/pydata_sphinx_theme/_templates
[  280s] creating /home/abuild/rpmbuild/BUILDROOT/python-pydata-sphinx-theme-0.7.1-1.4.riscv64/usr/lib/python3.9/site-packages/pydata_sphinx_theme/static
[  280s] copying build/lib/pydata_sphinx_theme/static/webpack-macros.html -> /home/abuild/rpmbuild/BUILDROOT/python-pydata-sphinx-theme-0.7.1-1.4.riscv64/usr/lib/python3.9/site-packages/pydata_sphinx_theme/static
[  280s] creating /home/abuild/rpmbuild/BUILDROOT/python-pydata-sphinx-theme-0.7.1-1.4.riscv64/usr/lib/python3.9/site-packages/pydata_sphinx_theme/static/css
[  280s] copying build/lib/pydata_sphinx_theme/static/css/blank.css -> /home/abuild/rpmbuild/BUILDROOT/python-pydata-sphinx-theme-0.7.1-1.4.riscv64/usr/lib/python3.9/site-packages/pydata_sphinx_theme/static/css
[  280s] copying build/lib/pydata_sphinx_theme/static/css/index.ff1ffe594081f20da1ef19478df9384b.css -> /home/abuild/rpmbuild/BUILDROOT/python-pydata-sphinx-theme-0.7.1-1.4.riscv64/usr/lib/python3.9/site-packages/pydata_sphinx_theme/static/css
[  280s] copying build/lib/pydata_sphinx_theme/static/css/theme.css -> /home/abuild/rpmbuild/BUILDROOT/python-pydata-sphinx-theme-0.7.1-1.4.riscv64/usr/lib/python3.9/site-packages/pydata_sphinx_theme/static/css
[  280s] creating /home/abuild/rpmbuild/BUILDROOT/python-pydata-sphinx-theme-0.7.1-1.4.riscv64/usr/lib/python3.9/site-packages/pydata_sphinx_theme/static/js
[  280s] copying build/lib/pydata_sphinx_theme/static/js/index.be7d3bbb2ef33a8344ce.js -> /home/abuild/rpmbuild/BUILDROOT/python-pydata-sphinx-theme-0.7.1-1.4.riscv64/usr/lib/python3.9/site-packages/pydata_sphinx_theme/static/js
[  280s] creating /home/abuild/rpmbuild/BUILDROOT/python-pydata-sphinx-theme-0.7.1-1.4.riscv64/usr/lib/python3.9/site-packages/pydata_sphinx_theme/static/vendor
[  280s] creating /home/abuild/rpmbuild/BUILDROOT/python-pydata-sphinx-theme-0.7.1-1.4.riscv64/usr/lib/python3.9/site-packages/pydata_sphinx_theme/static/vendor/fontawesome
[  280s] creating /home/abuild/rpmbuild/BUILDROOT/python-pydata-sphinx-theme-0.7.1-1.4.riscv64/usr/lib/python3.9/site-packages/pydata_sphinx_theme/static/vendor/fontawesome/5.13.0
[  280s] copying build/lib/pydata_sphinx_theme/static/vendor/fontawesome/5.13.0/LICENSE.txt -> /home/abuild/rpmbuild/BUILDROOT/python-pydata-sphinx-theme-0.7.1-1.4.riscv64/usr/lib/python3.9/site-packages/pydata_sphinx_theme/static/vendor/fontawesome/5.13.0
[  280s] creating /home/abuild/rpmbuild/BUILDROOT/python-pydata-sphinx-theme-0.7.1-1.4.riscv64/usr/lib/python3.9/site-packages/pydata_sphinx_theme/static/vendor/fontawesome/5.13.0/css
[  280s] copying build/lib/pydata_sphinx_theme/static/vendor/fontawesome/5.13.0/css/all.min.css -> /home/abuild/rpmbuild/BUILDROOT/python-pydata-sphinx-theme-0.7.1-1.4.riscv64/usr/lib/python3.9/site-packages/pydata_sphinx_theme/static/vendor/fontawesome/5.13.0/css
[  280s] creating /home/abuild/rpmbuild/BUILDROOT/python-pydata-sphinx-theme-0.7.1-1.4.riscv64/usr/lib/python3.9/site-packages/pydata_sphinx_theme/static/vendor/fontawesome/5.13.0/webfonts
[  280s] copying build/lib/pydata_sphinx_theme/static/vendor/fontawesome/5.13.0/webfonts/fa-brands-400.eot -> /home/abuild/rpmbuild/BUILDROOT/python-pydata-sphinx-theme-0.7.1-1.4.riscv64/usr/lib/python3.9/site-packages/pydata_sphinx_theme/static/vendor/fontawesome/5.13.0/webfonts
[  280s] copying build/lib/pydata_sphinx_theme/static/vendor/fontawesome/5.13.0/webfonts/fa-brands-400.svg -> /home/abuild/rpmbuild/BUILDROOT/python-pydata-sphinx-theme-0.7.1-1.4.riscv64/usr/lib/python3.9/site-packages/pydata_sphinx_theme/static/vendor/fontawesome/5.13.0/webfonts
[  280s] copying build/lib/pydata_sphinx_theme/static/vendor/fontawesome/5.13.0/webfonts/fa-brands-400.ttf -> /home/abuild/rpmbuild/BUILDROOT/python-pydata-sphinx-theme-0.7.1-1.4.riscv64/usr/lib/python3.9/site-packages/pydata_sphinx_theme/static/vendor/fontawesome/5.13.0/webfonts
[  280s] copying build/lib/pydata_sphinx_theme/static/vendor/fontawesome/5.13.0/webfonts/fa-brands-400.woff -> /home/abuild/rpmbuild/BUILDROOT/python-pydata-sphinx-theme-0.7.1-1.4.riscv64/usr/lib/python3.9/site-packages/pydata_sphinx_theme/static/vendor/fontawesome/5.13.0/webfonts
[  280s] copying build/lib/pydata_sphinx_theme/static/vendor/fontawesome/5.13.0/webfonts/fa-brands-400.woff2 -> /home/abuild/rpmbuild/BUILDROOT/python-pydata-sphinx-theme-0.7.1-1.4.riscv64/usr/lib/python3.9/site-packages/pydata_sphinx_theme/static/vendor/fontawesome/5.13.0/webfonts
[  280s] copying build/lib/pydata_sphinx_theme/static/vendor/fontawesome/5.13.0/webfonts/fa-regular-400.eot -> /home/abuild/rpmbuild/BUILDROOT/python-pydata-sphinx-theme-0.7.1-1.4.riscv64/usr/lib/python3.9/site-packages/pydata_sphinx_theme/static/vendor/fontawesome/5.13.0/webfonts
[  280s] copying build/lib/pydata_sphinx_theme/static/vendor/fontawesome/5.13.0/webfonts/fa-regular-400.svg -> /home/abuild/rpmbuild/BUILDROOT/python-pydata-sphinx-theme-0.7.1-1.4.riscv64/usr/lib/python3.9/site-packages/pydata_sphinx_theme/static/vendor/fontawesome/5.13.0/webfonts
[  280s] copying build/lib/pydata_sphinx_theme/static/vendor/fontawesome/5.13.0/webfonts/fa-regular-400.ttf -> /home/abuild/rpmbuild/BUILDROOT/python-pydata-sphinx-theme-0.7.1-1.4.riscv64/usr/lib/python3.9/site-packages/pydata_sphinx_theme/static/vendor/fontawesome/5.13.0/webfonts
[  280s] copying build/lib/pydata_sphinx_theme/static/vendor/fontawesome/5.13.0/webfonts/fa-regular-400.woff -> /home/abuild/rpmbuild/BUILDROOT/python-pydata-sphinx-theme-0.7.1-1.4.riscv64/usr/lib/python3.9/site-packages/pydata_sphinx_theme/static/vendor/fontawesome/5.13.0/webfonts
[  280s] copying build/lib/pydata_sphinx_theme/static/vendor/fontawesome/5.13.0/webfonts/fa-regular-400.woff2 -> /home/abuild/rpmbuild/BUILDROOT/python-pydata-sphinx-theme-0.7.1-1.4.riscv64/usr/lib/python3.9/site-packages/pydata_sphinx_theme/static/vendor/fontawesome/5.13.0/webfonts
[  280s] copying build/lib/pydata_sphinx_theme/static/vendor/fontawesome/5.13.0/webfonts/fa-solid-900.eot -> /home/abuild/rpmbuild/BUILDROOT/python-pydata-sphinx-theme-0.7.1-1.4.riscv64/usr/lib/python3.9/site-packages/pydata_sphinx_theme/static/vendor/fontawesome/5.13.0/webfonts
[  280s] copying build/lib/pydata_sphinx_theme/static/vendor/fontawesome/5.13.0/webfonts/fa-solid-900.svg -> /home/abuild/rpmbuild/BUILDROOT/python-pydata-sphinx-theme-0.7.1-1.4.riscv64/usr/lib/python3.9/site-packages/pydata_sphinx_theme/static/vendor/fontawesome/5.13.0/webfonts
[  280s] copying build/lib/pydata_sphinx_theme/static/vendor/fontawesome/5.13.0/webfonts/fa-solid-900.ttf -> /home/abuild/rpmbuild/BUILDROOT/python-pydata-sphinx-theme-0.7.1-1.4.riscv64/usr/lib/python3.9/site-packages/pydata_sphinx_theme/static/vendor/fontawesome/5.13.0/webfonts
[  280s] copying build/lib/pydata_sphinx_theme/static/vendor/fontawesome/5.13.0/webfonts/fa-solid-900.woff -> /home/abuild/rpmbuild/BUILDROOT/python-pydata-sphinx-theme-0.7.1-1.4.riscv64/usr/lib/python3.9/site-packages/pydata_sphinx_theme/static/vendor/fontawesome/5.13.0/webfonts
[  280s] copying build/lib/pydata_sphinx_theme/static/vendor/fontawesome/5.13.0/webfonts/fa-solid-900.woff2 -> /home/abuild/rpmbuild/BUILDROOT/python-pydata-sphinx-theme-0.7.1-1.4.riscv64/usr/lib/python3.9/site-packages/pydata_sphinx_theme/static/vendor/fontawesome/5.13.0/webfonts
[  280s] byte-compiling /home/abuild/rpmbuild/BUILDROOT/python-pydata-sphinx-theme-0.7.1-1.4.riscv64/usr/lib/python3.9/site-packages/pydata_sphinx_theme/__init__.py to __init__.cpython-39.pyc
[  280s] byte-compiling /home/abuild/rpmbuild/BUILDROOT/python-pydata-sphinx-theme-0.7.1-1.4.riscv64/usr/lib/python3.9/site-packages/pydata_sphinx_theme/bootstrap_html_translator.py to bootstrap_html_translator.cpython-39.pyc
[  280s] writing byte-compilation script '/tmp/tmpho849dx0.py'
[  280s] /usr/bin/python3.9 /tmp/tmpho849dx0.py
[  285s] removing /tmp/tmpho849dx0.py
[  285s] running install_egg_info
[  285s] running egg_info
[  285s] writing pydata_sphinx_theme.egg-info/PKG-INFO
[  285s] writing dependency_links to pydata_sphinx_theme.egg-info/dependency_links.txt
[  285s] writing entry points to pydata_sphinx_theme.egg-info/entry_points.txt
[  285s] writing requirements to pydata_sphinx_theme.egg-info/requires.txt
[  285s] writing top-level names to pydata_sphinx_theme.egg-info/top_level.txt
[  285s] reading manifest file 'pydata_sphinx_theme.egg-info/SOURCES.txt'
[  285s] reading manifest template 'MANIFEST.in'
[  285s] warning: no previously-included files matching '*~' found anywhere in distribution
[  286s] warning: no previously-included files matching '*.py[cod]' found anywhere in distribution
[  286s] warning: no previously-included files matching '.git' found anywhere in distribution
[  286s] warning: no previously-included files matching '.ipynb_checkpoints' found anywhere in distribution
[  286s] warning: no previously-included files matching '.DS_Store' found anywhere in distribution
[  286s] adding license file 'LICENSE'
[  286s] writing manifest file 'pydata_sphinx_theme.egg-info/SOURCES.txt'
[  286s] Copying pydata_sphinx_theme.egg-info to /home/abuild/rpmbuild/BUILDROOT/python-pydata-sphinx-theme-0.7.1-1.4.riscv64/usr/lib/python3.9/site-packages/pydata_sphinx_theme-0.7.1-py3.9.egg-info
[  286s] running install_scripts
[  287s] ++ '[' -f _current_flavor ']'
[  287s] ++ cat _current_flavor
[  287s] + last_flavor=python39
[  287s] + '[' -z python39 ']'
[  287s] + '[' python39 '!=' python311 ']'
[  287s] + '[' -d build ']'
[  287s] + mv build _build.python39
[  287s] + '[' -d _build.python311 ']'
[  287s] + mv _build.python311 build
[  287s] + echo python311
[  287s] + python_flavor=python311
[  287s] + /usr/bin/python3.11 setup.py install -O1 --skip-build --force --root /home/abuild/rpmbuild/BUILDROOT/python-pydata-sphinx-theme-0.7.1-1.4.riscv64 --prefix /usr
[  292s] running install
[  292s] /usr/lib/python3.11/site-packages/setuptools/command/install.py:34: SetuptoolsDeprecationWarning: setup.py install is deprecated. Use build and pip and other standards-based tools.
[  292s]   warnings.warn(
[  293s] running install_lib
[  293s] creating /home/abuild/rpmbuild/BUILDROOT/python-pydata-sphinx-theme-0.7.1-1.4.riscv64/usr/lib/python3.11
[  293s] creating /home/abuild/rpmbuild/BUILDROOT/python-pydata-sphinx-theme-0.7.1-1.4.riscv64/usr/lib/python3.11/site-packages
[  293s] creating /home/abuild/rpmbuild/BUILDROOT/python-pydata-sphinx-theme-0.7.1-1.4.riscv64/usr/lib/python3.11/site-packages/pydata_sphinx_theme
[  293s] copying build/lib/pydata_sphinx_theme/__init__.py -> /home/abuild/rpmbuild/BUILDROOT/python-pydata-sphinx-theme-0.7.1-1.4.riscv64/usr/lib/python3.11/site-packages/pydata_sphinx_theme
[  293s] copying build/lib/pydata_sphinx_theme/bootstrap_html_translator.py -> /home/abuild/rpmbuild/BUILDROOT/python-pydata-sphinx-theme-0.7.1-1.4.riscv64/usr/lib/python3.11/site-packages/pydata_sphinx_theme
[  293s] copying build/lib/pydata_sphinx_theme/docs-navbar.html -> /home/abuild/rpmbuild/BUILDROOT/python-pydata-sphinx-theme-0.7.1-1.4.riscv64/usr/lib/python3.11/site-packages/pydata_sphinx_theme
[  293s] copying build/lib/pydata_sphinx_theme/docs-sidebar.html -> /home/abuild/rpmbuild/BUILDROOT/python-pydata-sphinx-theme-0.7.1-1.4.riscv64/usr/lib/python3.11/site-packages/pydata_sphinx_theme
[  293s] copying build/lib/pydata_sphinx_theme/footer.html -> /home/abuild/rpmbuild/BUILDROOT/python-pydata-sphinx-theme-0.7.1-1.4.riscv64/usr/lib/python3.11/site-packages/pydata_sphinx_theme
[  293s] copying build/lib/pydata_sphinx_theme/icon-links.html -> /home/abuild/rpmbuild/BUILDROOT/python-pydata-sphinx-theme-0.7.1-1.4.riscv64/usr/lib/python3.11/site-packages/pydata_sphinx_theme
[  293s] copying build/lib/pydata_sphinx_theme/layout.html -> /home/abuild/rpmbuild/BUILDROOT/python-pydata-sphinx-theme-0.7.1-1.4.riscv64/usr/lib/python3.11/site-packages/pydata_sphinx_theme
[  293s] copying build/lib/pydata_sphinx_theme/search-field.html -> /home/abuild/rpmbuild/BUILDROOT/python-pydata-sphinx-theme-0.7.1-1.4.riscv64/usr/lib/python3.11/site-packages/pydata_sphinx_theme
[  293s] copying build/lib/pydata_sphinx_theme/theme.conf -> /home/abuild/rpmbuild/BUILDROOT/python-pydata-sphinx-theme-0.7.1-1.4.riscv64/usr/lib/python3.11/site-packages/pydata_sphinx_theme
[  293s] creating /home/abuild/rpmbuild/BUILDROOT/python-pydata-sphinx-theme-0.7.1-1.4.riscv64/usr/lib/python3.11/site-packages/pydata_sphinx_theme/_templates
[  293s] copying build/lib/pydata_sphinx_theme/_templates/copyright.html -> /home/abuild/rpmbuild/BUILDROOT/python-pydata-sphinx-theme-0.7.1-1.4.riscv64/usr/lib/python3.11/site-packages/pydata_sphinx_theme/_templates
[  293s] copying build/lib/pydata_sphinx_theme/_templates/edit-this-page.html -> /home/abuild/rpmbuild/BUILDROOT/python-pydata-sphinx-theme-0.7.1-1.4.riscv64/usr/lib/python3.11/site-packages/pydata_sphinx_theme/_templates
[  293s] copying build/lib/pydata_sphinx_theme/_templates/last-updated.html -> /home/abuild/rpmbuild/BUILDROOT/python-pydata-sphinx-theme-0.7.1-1.4.riscv64/usr/lib/python3.11/site-packages/pydata_sphinx_theme/_templates
[  293s] copying build/lib/pydata_sphinx_theme/_templates/navbar-icon-links.html -> /home/abuild/rpmbuild/BUILDROOT/python-pydata-sphinx-theme-0.7.1-1.4.riscv64/usr/lib/python3.11/site-packages/pydata_sphinx_theme/_templates
[  293s] copying build/lib/pydata_sphinx_theme/_templates/navbar-logo.html -> /home/abuild/rpmbuild/BUILDROOT/python-pydata-sphinx-theme-0.7.1-1.4.riscv64/usr/lib/python3.11/site-packages/pydata_sphinx_theme/_templates
[  293s] copying build/lib/pydata_sphinx_theme/_templates/navbar-nav.html -> /home/abuild/rpmbuild/BUILDROOT/python-pydata-sphinx-theme-0.7.1-1.4.riscv64/usr/lib/python3.11/site-packages/pydata_sphinx_theme/_templates
[  293s] copying build/lib/pydata_sphinx_theme/_templates/page-toc.html -> /home/abuild/rpmbuild/BUILDROOT/python-pydata-sphinx-theme-0.7.1-1.4.riscv64/usr/lib/python3.11/site-packages/pydata_sphinx_theme/_templates
[  293s] copying build/lib/pydata_sphinx_theme/_templates/prev-next.html -> /home/abuild/rpmbuild/BUILDROOT/python-pydata-sphinx-theme-0.7.1-1.4.riscv64/usr/lib/python3.11/site-packages/pydata_sphinx_theme/_templates
[  293s] copying build/lib/pydata_sphinx_theme/_templates/sidebar-ethical-ads.html -> /home/abuild/rpmbuild/BUILDROOT/python-pydata-sphinx-theme-0.7.1-1.4.riscv64/usr/lib/python3.11/site-packages/pydata_sphinx_theme/_templates
[  293s] copying build/lib/pydata_sphinx_theme/_templates/sidebar-nav-bs.html -> /home/abuild/rpmbuild/BUILDROOT/python-pydata-sphinx-theme-0.7.1-1.4.riscv64/usr/lib/python3.11/site-packages/pydata_sphinx_theme/_templates
[  293s] copying build/lib/pydata_sphinx_theme/_templates/sphinx-version.html -> /home/abuild/rpmbuild/BUILDROOT/python-pydata-sphinx-theme-0.7.1-1.4.riscv64/usr/lib/python3.11/site-packages/pydata_sphinx_theme/_templates
[  293s] creating /home/abuild/rpmbuild/BUILDROOT/python-pydata-sphinx-theme-0.7.1-1.4.riscv64/usr/lib/python3.11/site-packages/pydata_sphinx_theme/static
[  293s] copying build/lib/pydata_sphinx_theme/static/webpack-macros.html -> /home/abuild/rpmbuild/BUILDROOT/python-pydata-sphinx-theme-0.7.1-1.4.riscv64/usr/lib/python3.11/site-packages/pydata_sphinx_theme/static
[  293s] creating /home/abuild/rpmbuild/BUILDROOT/python-pydata-sphinx-theme-0.7.1-1.4.riscv64/usr/lib/python3.11/site-packages/pydata_sphinx_theme/static/css
[  293s] copying build/lib/pydata_sphinx_theme/static/css/blank.css -> /home/abuild/rpmbuild/BUILDROOT/python-pydata-sphinx-theme-0.7.1-1.4.riscv64/usr/lib/python3.11/site-packages/pydata_sphinx_theme/static/css
[  293s] copying build/lib/pydata_sphinx_theme/static/css/index.ff1ffe594081f20da1ef19478df9384b.css -> /home/abuild/rpmbuild/BUILDROOT/python-pydata-sphinx-theme-0.7.1-1.4.riscv64/usr/lib/python3.11/site-packages/pydata_sphinx_theme/static/css
[  293s] copying build/lib/pydata_sphinx_theme/static/css/theme.css -> /home/abuild/rpmbuild/BUILDROOT/python-pydata-sphinx-theme-0.7.1-1.4.riscv64/usr/lib/python3.11/site-packages/pydata_sphinx_theme/static/css
[  293s] creating /home/abuild/rpmbuild/BUILDROOT/python-pydata-sphinx-theme-0.7.1-1.4.riscv64/usr/lib/python3.11/site-packages/pydata_sphinx_theme/static/js
[  293s] copying build/lib/pydata_sphinx_theme/static/js/index.be7d3bbb2ef33a8344ce.js -> /home/abuild/rpmbuild/BUILDROOT/python-pydata-sphinx-theme-0.7.1-1.4.riscv64/usr/lib/python3.11/site-packages/pydata_sphinx_theme/static/js
[  293s] creating /home/abuild/rpmbuild/BUILDROOT/python-pydata-sphinx-theme-0.7.1-1.4.riscv64/usr/lib/python3.11/site-packages/pydata_sphinx_theme/static/vendor
[  293s] creating /home/abuild/rpmbuild/BUILDROOT/python-pydata-sphinx-theme-0.7.1-1.4.riscv64/usr/lib/python3.11/site-packages/pydata_sphinx_theme/static/vendor/fontawesome
[  293s] creating /home/abuild/rpmbuild/BUILDROOT/python-pydata-sphinx-theme-0.7.1-1.4.riscv64/usr/lib/python3.11/site-packages/pydata_sphinx_theme/static/vendor/fontawesome/5.13.0
[  293s] copying build/lib/pydata_sphinx_theme/static/vendor/fontawesome/5.13.0/LICENSE.txt -> /home/abuild/rpmbuild/BUILDROOT/python-pydata-sphinx-theme-0.7.1-1.4.riscv64/usr/lib/python3.11/site-packages/pydata_sphinx_theme/static/vendor/fontawesome/5.13.0
[  293s] creating /home/abuild/rpmbuild/BUILDROOT/python-pydata-sphinx-theme-0.7.1-1.4.riscv64/usr/lib/python3.11/site-packages/pydata_sphinx_theme/static/vendor/fontawesome/5.13.0/css
[  293s] copying build/lib/pydata_sphinx_theme/static/vendor/fontawesome/5.13.0/css/all.min.css -> /home/abuild/rpmbuild/BUILDROOT/python-pydata-sphinx-theme-0.7.1-1.4.riscv64/usr/lib/python3.11/site-packages/pydata_sphinx_theme/static/vendor/fontawesome/5.13.0/css
[  293s] creating /home/abuild/rpmbuild/BUILDROOT/python-pydata-sphinx-theme-0.7.1-1.4.riscv64/usr/lib/python3.11/site-packages/pydata_sphinx_theme/static/vendor/fontawesome/5.13.0/webfonts
[  293s] copying build/lib/pydata_sphinx_theme/static/vendor/fontawesome/5.13.0/webfonts/fa-brands-400.eot -> /home/abuild/rpmbuild/BUILDROOT/python-pydata-sphinx-theme-0.7.1-1.4.riscv64/usr/lib/python3.11/site-packages/pydata_sphinx_theme/static/vendor/fontawesome/5.13.0/webfonts
[  293s] copying build/lib/pydata_sphinx_theme/static/vendor/fontawesome/5.13.0/webfonts/fa-brands-400.svg -> /home/abuild/rpmbuild/BUILDROOT/python-pydata-sphinx-theme-0.7.1-1.4.riscv64/usr/lib/python3.11/site-packages/pydata_sphinx_theme/static/vendor/fontawesome/5.13.0/webfonts
[  293s] copying build/lib/pydata_sphinx_theme/static/vendor/fontawesome/5.13.0/webfonts/fa-brands-400.ttf -> /home/abuild/rpmbuild/BUILDROOT/python-pydata-sphinx-theme-0.7.1-1.4.riscv64/usr/lib/python3.11/site-packages/pydata_sphinx_theme/static/vendor/fontawesome/5.13.0/webfonts
[  293s] copying build/lib/pydata_sphinx_theme/static/vendor/fontawesome/5.13.0/webfonts/fa-brands-400.woff -> /home/abuild/rpmbuild/BUILDROOT/python-pydata-sphinx-theme-0.7.1-1.4.riscv64/usr/lib/python3.11/site-packages/pydata_sphinx_theme/static/vendor/fontawesome/5.13.0/webfonts
[  293s] copying build/lib/pydata_sphinx_theme/static/vendor/fontawesome/5.13.0/webfonts/fa-brands-400.woff2 -> /home/abuild/rpmbuild/BUILDROOT/python-pydata-sphinx-theme-0.7.1-1.4.riscv64/usr/lib/python3.11/site-packages/pydata_sphinx_theme/static/vendor/fontawesome/5.13.0/webfonts
[  293s] copying build/lib/pydata_sphinx_theme/static/vendor/fontawesome/5.13.0/webfonts/fa-regular-400.eot -> /home/abuild/rpmbuild/BUILDROOT/python-pydata-sphinx-theme-0.7.1-1.4.riscv64/usr/lib/python3.11/site-packages/pydata_sphinx_theme/static/vendor/fontawesome/5.13.0/webfonts
[  293s] copying build/lib/pydata_sphinx_theme/static/vendor/fontawesome/5.13.0/webfonts/fa-regular-400.svg -> /home/abuild/rpmbuild/BUILDROOT/python-pydata-sphinx-theme-0.7.1-1.4.riscv64/usr/lib/python3.11/site-packages/pydata_sphinx_theme/static/vendor/fontawesome/5.13.0/webfonts
[  293s] copying build/lib/pydata_sphinx_theme/static/vendor/fontawesome/5.13.0/webfonts/fa-regular-400.ttf -> /home/abuild/rpmbuild/BUILDROOT/python-pydata-sphinx-theme-0.7.1-1.4.riscv64/usr/lib/python3.11/site-packages/pydata_sphinx_theme/static/vendor/fontawesome/5.13.0/webfonts
[  293s] copying build/lib/pydata_sphinx_theme/static/vendor/fontawesome/5.13.0/webfonts/fa-regular-400.woff -> /home/abuild/rpmbuild/BUILDROOT/python-pydata-sphinx-theme-0.7.1-1.4.riscv64/usr/lib/python3.11/site-packages/pydata_sphinx_theme/static/vendor/fontawesome/5.13.0/webfonts
[  293s] copying build/lib/pydata_sphinx_theme/static/vendor/fontawesome/5.13.0/webfonts/fa-regular-400.woff2 -> /home/abuild/rpmbuild/BUILDROOT/python-pydata-sphinx-theme-0.7.1-1.4.riscv64/usr/lib/python3.11/site-packages/pydata_sphinx_theme/static/vendor/fontawesome/5.13.0/webfonts
[  293s] copying build/lib/pydata_sphinx_theme/static/vendor/fontawesome/5.13.0/webfonts/fa-solid-900.eot -> /home/abuild/rpmbuild/BUILDROOT/python-pydata-sphinx-theme-0.7.1-1.4.riscv64/usr/lib/python3.11/site-packages/pydata_sphinx_theme/static/vendor/fontawesome/5.13.0/webfonts
[  293s] copying build/lib/pydata_sphinx_theme/static/vendor/fontawesome/5.13.0/webfonts/fa-solid-900.svg -> /home/abuild/rpmbuild/BUILDROOT/python-pydata-sphinx-theme-0.7.1-1.4.riscv64/usr/lib/python3.11/site-packages/pydata_sphinx_theme/static/vendor/fontawesome/5.13.0/webfonts
[  293s] copying build/lib/pydata_sphinx_theme/static/vendor/fontawesome/5.13.0/webfonts/fa-solid-900.ttf -> /home/abuild/rpmbuild/BUILDROOT/python-pydata-sphinx-theme-0.7.1-1.4.riscv64/usr/lib/python3.11/site-packages/pydata_sphinx_theme/static/vendor/fontawesome/5.13.0/webfonts
[  293s] copying build/lib/pydata_sphinx_theme/static/vendor/fontawesome/5.13.0/webfonts/fa-solid-900.woff -> /home/abuild/rpmbuild/BUILDROOT/python-pydata-sphinx-theme-0.7.1-1.4.riscv64/usr/lib/python3.11/site-packages/pydata_sphinx_theme/static/vendor/fontawesome/5.13.0/webfonts
[  293s] copying build/lib/pydata_sphinx_theme/static/vendor/fontawesome/5.13.0/webfonts/fa-solid-900.woff2 -> /home/abuild/rpmbuild/BUILDROOT/python-pydata-sphinx-theme-0.7.1-1.4.riscv64/usr/lib/python3.11/site-packages/pydata_sphinx_theme/static/vendor/fontawesome/5.13.0/webfonts
[  293s] byte-compiling /home/abuild/rpmbuild/BUILDROOT/python-pydata-sphinx-theme-0.7.1-1.4.riscv64/usr/lib/python3.11/site-packages/pydata_sphinx_theme/__init__.py to __init__.cpython-311.pyc
[  293s] byte-compiling /home/abuild/rpmbuild/BUILDROOT/python-pydata-sphinx-theme-0.7.1-1.4.riscv64/usr/lib/python3.11/site-packages/pydata_sphinx_theme/bootstrap_html_translator.py to bootstrap_html_translator.cpython-311.pyc
[  293s] writing byte-compilation script '/tmp/tmpnm6gg0a8.py'
[  293s] /usr/bin/python3.11 /tmp/tmpnm6gg0a8.py
[  298s] removing /tmp/tmpnm6gg0a8.py
[  298s] running install_egg_info
[  298s] running egg_info
[  298s] writing pydata_sphinx_theme.egg-info/PKG-INFO
[  298s] writing dependency_links to pydata_sphinx_theme.egg-info/dependency_links.txt
[  298s] writing entry points to pydata_sphinx_theme.egg-info/entry_points.txt
[  298s] writing requirements to pydata_sphinx_theme.egg-info/requires.txt
[  298s] writing top-level names to pydata_sphinx_theme.egg-info/top_level.txt
[  298s] reading manifest file 'pydata_sphinx_theme.egg-info/SOURCES.txt'
[  298s] reading manifest template 'MANIFEST.in'
[  299s] warning: no previously-included files matching '*~' found anywhere in distribution
[  299s] warning: no previously-included files matching '*.py[cod]' found anywhere in distribution
[  299s] warning: no previously-included files matching '.git' found anywhere in distribution
[  299s] warning: no previously-included files matching '.ipynb_checkpoints' found anywhere in distribution
[  299s] warning: no previously-included files matching '.DS_Store' found anywhere in distribution
[  299s] adding license file 'LICENSE'
[  299s] writing manifest file 'pydata_sphinx_theme.egg-info/SOURCES.txt'
[  299s] Copying pydata_sphinx_theme.egg-info to /home/abuild/rpmbuild/BUILDROOT/python-pydata-sphinx-theme-0.7.1-1.4.riscv64/usr/lib/python3.11/site-packages/pydata_sphinx_theme-0.7.1-py3.11.egg-info
[  299s] running install_scripts
[  300s] ++ '[' -f _current_flavor ']'
[  300s] ++ cat _current_flavor
[  300s] + last_flavor=python311
[  300s] + '[' -z python311 ']'
[  300s] + '[' python311 '!=' python310 ']'
[  300s] + '[' -d build ']'
[  300s] + mv build _build.python311
[  300s] + '[' -d _build.python310 ']'
[  300s] + mv _build.python310 build
[  300s] + echo python310
[  300s] + python_flavor=python310
[  300s] + /usr/bin/python3.10 setup.py install -O1 --skip-build --force --root /home/abuild/rpmbuild/BUILDROOT/python-pydata-sphinx-theme-0.7.1-1.4.riscv64 --prefix /usr
[  306s] running install
[  306s] /usr/lib/python3.10/site-packages/setuptools/command/install.py:34: SetuptoolsDeprecationWarning: setup.py install is deprecated. Use build and pip and other standards-based tools.
[  306s]   warnings.warn(
[  306s] running install_lib
[  306s] creating /home/abuild/rpmbuild/BUILDROOT/python-pydata-sphinx-theme-0.7.1-1.4.riscv64/usr/lib/python3.10
[  306s] creating /home/abuild/rpmbuild/BUILDROOT/python-pydata-sphinx-theme-0.7.1-1.4.riscv64/usr/lib/python3.10/site-packages
[  306s] creating /home/abuild/rpmbuild/BUILDROOT/python-pydata-sphinx-theme-0.7.1-1.4.riscv64/usr/lib/python3.10/site-packages/pydata_sphinx_theme
[  306s] copying build/lib/pydata_sphinx_theme/__init__.py -> /home/abuild/rpmbuild/BUILDROOT/python-pydata-sphinx-theme-0.7.1-1.4.riscv64/usr/lib/python3.10/site-packages/pydata_sphinx_theme
[  306s] copying build/lib/pydata_sphinx_theme/bootstrap_html_translator.py -> /home/abuild/rpmbuild/BUILDROOT/python-pydata-sphinx-theme-0.7.1-1.4.riscv64/usr/lib/python3.10/site-packages/pydata_sphinx_theme
[  306s] copying build/lib/pydata_sphinx_theme/docs-navbar.html -> /home/abuild/rpmbuild/BUILDROOT/python-pydata-sphinx-theme-0.7.1-1.4.riscv64/usr/lib/python3.10/site-packages/pydata_sphinx_theme
[  306s] copying build/lib/pydata_sphinx_theme/docs-sidebar.html -> /home/abuild/rpmbuild/BUILDROOT/python-pydata-sphinx-theme-0.7.1-1.4.riscv64/usr/lib/python3.10/site-packages/pydata_sphinx_theme
[  306s] copying build/lib/pydata_sphinx_theme/footer.html -> /home/abuild/rpmbuild/BUILDROOT/python-pydata-sphinx-theme-0.7.1-1.4.riscv64/usr/lib/python3.10/site-packages/pydata_sphinx_theme
[  306s] copying build/lib/pydata_sphinx_theme/icon-links.html -> /home/abuild/rpmbuild/BUILDROOT/python-pydata-sphinx-theme-0.7.1-1.4.riscv64/usr/lib/python3.10/site-packages/pydata_sphinx_theme
[  306s] copying build/lib/pydata_sphinx_theme/layout.html -> /home/abuild/rpmbuild/BUILDROOT/python-pydata-sphinx-theme-0.7.1-1.4.riscv64/usr/lib/python3.10/site-packages/pydata_sphinx_theme
[  306s] copying build/lib/pydata_sphinx_theme/search-field.html -> /home/abuild/rpmbuild/BUILDROOT/python-pydata-sphinx-theme-0.7.1-1.4.riscv64/usr/lib/python3.10/site-packages/pydata_sphinx_theme
[  306s] copying build/lib/pydata_sphinx_theme/theme.conf -> /home/abuild/rpmbuild/BUILDROOT/python-pydata-sphinx-theme-0.7.1-1.4.riscv64/usr/lib/python3.10/site-packages/pydata_sphinx_theme
[  306s] creating /home/abuild/rpmbuild/BUILDROOT/python-pydata-sphinx-theme-0.7.1-1.4.riscv64/usr/lib/python3.10/site-packages/pydata_sphinx_theme/_templates
[  306s] copying build/lib/pydata_sphinx_theme/_templates/copyright.html -> /home/abuild/rpmbuild/BUILDROOT/python-pydata-sphinx-theme-0.7.1-1.4.riscv64/usr/lib/python3.10/site-packages/pydata_sphinx_theme/_templates
[  306s] copying build/lib/pydata_sphinx_theme/_templates/edit-this-page.html -> /home/abuild/rpmbuild/BUILDROOT/python-pydata-sphinx-theme-0.7.1-1.4.riscv64/usr/lib/python3.10/site-packages/pydata_sphinx_theme/_templates
[  306s] copying build/lib/pydata_sphinx_theme/_templates/last-updated.html -> /home/abuild/rpmbuild/BUILDROOT/python-pydata-sphinx-theme-0.7.1-1.4.riscv64/usr/lib/python3.10/site-packages/pydata_sphinx_theme/_templates
[  306s] copying build/lib/pydata_sphinx_theme/_templates/navbar-icon-links.html -> /home/abuild/rpmbuild/BUILDROOT/python-pydata-sphinx-theme-0.7.1-1.4.riscv64/usr/lib/python3.10/site-packages/pydata_sphinx_theme/_templates
[  306s] copying build/lib/pydata_sphinx_theme/_templates/navbar-logo.html -> /home/abuild/rpmbuild/BUILDROOT/python-pydata-sphinx-theme-0.7.1-1.4.riscv64/usr/lib/python3.10/site-packages/pydata_sphinx_theme/_templates
[  306s] copying build/lib/pydata_sphinx_theme/_templates/navbar-nav.html -> /home/abuild/rpmbuild/BUILDROOT/python-pydata-sphinx-theme-0.7.1-1.4.riscv64/usr/lib/python3.10/site-packages/pydata_sphinx_theme/_templates
[  306s] copying build/lib/pydata_sphinx_theme/_templates/page-toc.html -> /home/abuild/rpmbuild/BUILDROOT/python-pydata-sphinx-theme-0.7.1-1.4.riscv64/usr/lib/python3.10/site-packages/pydata_sphinx_theme/_templates
[  306s] copying build/lib/pydata_sphinx_theme/_templates/prev-next.html -> /home/abuild/rpmbuild/BUILDROOT/python-pydata-sphinx-theme-0.7.1-1.4.riscv64/usr/lib/python3.10/site-packages/pydata_sphinx_theme/_templates
[  306s] copying build/lib/pydata_sphinx_theme/_templates/sidebar-ethical-ads.html -> /home/abuild/rpmbuild/BUILDROOT/python-pydata-sphinx-theme-0.7.1-1.4.riscv64/usr/lib/python3.10/site-packages/pydata_sphinx_theme/_templates
[  306s] copying build/lib/pydata_sphinx_theme/_templates/sidebar-nav-bs.html -> /home/abuild/rpmbuild/BUILDROOT/python-pydata-sphinx-theme-0.7.1-1.4.riscv64/usr/lib/python3.10/site-packages/pydata_sphinx_theme/_templates
[  306s] copying build/lib/pydata_sphinx_theme/_templates/sphinx-version.html -> /home/abuild/rpmbuild/BUILDROOT/python-pydata-sphinx-theme-0.7.1-1.4.riscv64/usr/lib/python3.10/site-packages/pydata_sphinx_theme/_templates
[  306s] creating /home/abuild/rpmbuild/BUILDROOT/python-pydata-sphinx-theme-0.7.1-1.4.riscv64/usr/lib/python3.10/site-packages/pydata_sphinx_theme/static
[  306s] copying build/lib/pydata_sphinx_theme/static/webpack-macros.html -> /home/abuild/rpmbuild/BUILDROOT/python-pydata-sphinx-theme-0.7.1-1.4.riscv64/usr/lib/python3.10/site-packages/pydata_sphinx_theme/static
[  306s] creating /home/abuild/rpmbuild/BUILDROOT/python-pydata-sphinx-theme-0.7.1-1.4.riscv64/usr/lib/python3.10/site-packages/pydata_sphinx_theme/static/css
[  306s] copying build/lib/pydata_sphinx_theme/static/css/blank.css -> /home/abuild/rpmbuild/BUILDROOT/python-pydata-sphinx-theme-0.7.1-1.4.riscv64/usr/lib/python3.10/site-packages/pydata_sphinx_theme/static/css
[  306s] copying build/lib/pydata_sphinx_theme/static/css/index.ff1ffe594081f20da1ef19478df9384b.css -> /home/abuild/rpmbuild/BUILDROOT/python-pydata-sphinx-theme-0.7.1-1.4.riscv64/usr/lib/python3.10/site-packages/pydata_sphinx_theme/static/css
[  306s] copying build/lib/pydata_sphinx_theme/static/css/theme.css -> /home/abuild/rpmbuild/BUILDROOT/python-pydata-sphinx-theme-0.7.1-1.4.riscv64/usr/lib/python3.10/site-packages/pydata_sphinx_theme/static/css
[  306s] creating /home/abuild/rpmbuild/BUILDROOT/python-pydata-sphinx-theme-0.7.1-1.4.riscv64/usr/lib/python3.10/site-packages/pydata_sphinx_theme/static/js
[  306s] copying build/lib/pydata_sphinx_theme/static/js/index.be7d3bbb2ef33a8344ce.js -> /home/abuild/rpmbuild/BUILDROOT/python-pydata-sphinx-theme-0.7.1-1.4.riscv64/usr/lib/python3.10/site-packages/pydata_sphinx_theme/static/js
[  306s] creating /home/abuild/rpmbuild/BUILDROOT/python-pydata-sphinx-theme-0.7.1-1.4.riscv64/usr/lib/python3.10/site-packages/pydata_sphinx_theme/static/vendor
[  306s] creating /home/abuild/rpmbuild/BUILDROOT/python-pydata-sphinx-theme-0.7.1-1.4.riscv64/usr/lib/python3.10/site-packages/pydata_sphinx_theme/static/vendor/fontawesome
[  306s] creating /home/abuild/rpmbuild/BUILDROOT/python-pydata-sphinx-theme-0.7.1-1.4.riscv64/usr/lib/python3.10/site-packages/pydata_sphinx_theme/static/vendor/fontawesome/5.13.0
[  306s] copying build/lib/pydata_sphinx_theme/static/vendor/fontawesome/5.13.0/LICENSE.txt -> /home/abuild/rpmbuild/BUILDROOT/python-pydata-sphinx-theme-0.7.1-1.4.riscv64/usr/lib/python3.10/site-packages/pydata_sphinx_theme/static/vendor/fontawesome/5.13.0
[  306s] creating /home/abuild/rpmbuild/BUILDROOT/python-pydata-sphinx-theme-0.7.1-1.4.riscv64/usr/lib/python3.10/site-packages/pydata_sphinx_theme/static/vendor/fontawesome/5.13.0/css
[  306s] copying build/lib/pydata_sphinx_theme/static/vendor/fontawesome/5.13.0/css/all.min.css -> /home/abuild/rpmbuild/BUILDROOT/python-pydata-sphinx-theme-0.7.1-1.4.riscv64/usr/lib/python3.10/site-packages/pydata_sphinx_theme/static/vendor/fontawesome/5.13.0/css
[  306s] creating /home/abuild/rpmbuild/BUILDROOT/python-pydata-sphinx-theme-0.7.1-1.4.riscv64/usr/lib/python3.10/site-packages/pydata_sphinx_theme/static/vendor/fontawesome/5.13.0/webfonts
[  306s] copying build/lib/pydata_sphinx_theme/static/vendor/fontawesome/5.13.0/webfonts/fa-brands-400.eot -> /home/abuild/rpmbuild/BUILDROOT/python-pydata-sphinx-theme-0.7.1-1.4.riscv64/usr/lib/python3.10/site-packages/pydata_sphinx_theme/static/vendor/fontawesome/5.13.0/webfonts
[  306s] copying build/lib/pydata_sphinx_theme/static/vendor/fontawesome/5.13.0/webfonts/fa-brands-400.svg -> /home/abuild/rpmbuild/BUILDROOT/python-pydata-sphinx-theme-0.7.1-1.4.riscv64/usr/lib/python3.10/site-packages/pydata_sphinx_theme/static/vendor/fontawesome/5.13.0/webfonts
[  306s] copying build/lib/pydata_sphinx_theme/static/vendor/fontawesome/5.13.0/webfonts/fa-brands-400.ttf -> /home/abuild/rpmbuild/BUILDROOT/python-pydata-sphinx-theme-0.7.1-1.4.riscv64/usr/lib/python3.10/site-packages/pydata_sphinx_theme/static/vendor/fontawesome/5.13.0/webfonts
[  306s] copying build/lib/pydata_sphinx_theme/static/vendor/fontawesome/5.13.0/webfonts/fa-brands-400.woff -> /home/abuild/rpmbuild/BUILDROOT/python-pydata-sphinx-theme-0.7.1-1.4.riscv64/usr/lib/python3.10/site-packages/pydata_sphinx_theme/static/vendor/fontawesome/5.13.0/webfonts
[  306s] copying build/lib/pydata_sphinx_theme/static/vendor/fontawesome/5.13.0/webfonts/fa-brands-400.woff2 -> /home/abuild/rpmbuild/BUILDROOT/python-pydata-sphinx-theme-0.7.1-1.4.riscv64/usr/lib/python3.10/site-packages/pydata_sphinx_theme/static/vendor/fontawesome/5.13.0/webfonts
[  306s] copying build/lib/pydata_sphinx_theme/static/vendor/fontawesome/5.13.0/webfonts/fa-regular-400.eot -> /home/abuild/rpmbuild/BUILDROOT/python-pydata-sphinx-theme-0.7.1-1.4.riscv64/usr/lib/python3.10/site-packages/pydata_sphinx_theme/static/vendor/fontawesome/5.13.0/webfonts
[  306s] copying build/lib/pydata_sphinx_theme/static/vendor/fontawesome/5.13.0/webfonts/fa-regular-400.svg -> /home/abuild/rpmbuild/BUILDROOT/python-pydata-sphinx-theme-0.7.1-1.4.riscv64/usr/lib/python3.10/site-packages/pydata_sphinx_theme/static/vendor/fontawesome/5.13.0/webfonts
[  306s] copying build/lib/pydata_sphinx_theme/static/vendor/fontawesome/5.13.0/webfonts/fa-regular-400.ttf -> /home/abuild/rpmbuild/BUILDROOT/python-pydata-sphinx-theme-0.7.1-1.4.riscv64/usr/lib/python3.10/site-packages/pydata_sphinx_theme/static/vendor/fontawesome/5.13.0/webfonts
[  306s] copying build/lib/pydata_sphinx_theme/static/vendor/fontawesome/5.13.0/webfonts/fa-regular-400.woff -> /home/abuild/rpmbuild/BUILDROOT/python-pydata-sphinx-theme-0.7.1-1.4.riscv64/usr/lib/python3.10/site-packages/pydata_sphinx_theme/static/vendor/fontawesome/5.13.0/webfonts
[  306s] copying build/lib/pydata_sphinx_theme/static/vendor/fontawesome/5.13.0/webfonts/fa-regular-400.woff2 -> /home/abuild/rpmbuild/BUILDROOT/python-pydata-sphinx-theme-0.7.1-1.4.riscv64/usr/lib/python3.10/site-packages/pydata_sphinx_theme/static/vendor/fontawesome/5.13.0/webfonts
[  306s] copying build/lib/pydata_sphinx_theme/static/vendor/fontawesome/5.13.0/webfonts/fa-solid-900.eot -> /home/abuild/rpmbuild/BUILDROOT/python-pydata-sphinx-theme-0.7.1-1.4.riscv64/usr/lib/python3.10/site-packages/pydata_sphinx_theme/static/vendor/fontawesome/5.13.0/webfonts
[  306s] copying build/lib/pydata_sphinx_theme/static/vendor/fontawesome/5.13.0/webfonts/fa-solid-900.svg -> /home/abuild/rpmbuild/BUILDROOT/python-pydata-sphinx-theme-0.7.1-1.4.riscv64/usr/lib/python3.10/site-packages/pydata_sphinx_theme/static/vendor/fontawesome/5.13.0/webfonts
[  306s] copying build/lib/pydata_sphinx_theme/static/vendor/fontawesome/5.13.0/webfonts/fa-solid-900.ttf -> /home/abuild/rpmbuild/BUILDROOT/python-pydata-sphinx-theme-0.7.1-1.4.riscv64/usr/lib/python3.10/site-packages/pydata_sphinx_theme/static/vendor/fontawesome/5.13.0/webfonts
[  306s] copying build/lib/pydata_sphinx_theme/static/vendor/fontawesome/5.13.0/webfonts/fa-solid-900.woff -> /home/abuild/rpmbuild/BUILDROOT/python-pydata-sphinx-theme-0.7.1-1.4.riscv64/usr/lib/python3.10/site-packages/pydata_sphinx_theme/static/vendor/fontawesome/5.13.0/webfonts
[  306s] copying build/lib/pydata_sphinx_theme/static/vendor/fontawesome/5.13.0/webfonts/fa-solid-900.woff2 -> /home/abuild/rpmbuild/BUILDROOT/python-pydata-sphinx-theme-0.7.1-1.4.riscv64/usr/lib/python3.10/site-packages/pydata_sphinx_theme/static/vendor/fontawesome/5.13.0/webfonts
[  306s] byte-compiling /home/abuild/rpmbuild/BUILDROOT/python-pydata-sphinx-theme-0.7.1-1.4.riscv64/usr/lib/python3.10/site-packages/pydata_sphinx_theme/__init__.py to __init__.cpython-310.pyc
[  307s] byte-compiling /home/abuild/rpmbuild/BUILDROOT/python-pydata-sphinx-theme-0.7.1-1.4.riscv64/usr/lib/python3.10/site-packages/pydata_sphinx_theme/bootstrap_html_translator.py to bootstrap_html_translator.cpython-310.pyc
[  307s] writing byte-compilation script '/tmp/tmp6f5_to53.py'
[  307s] /usr/bin/python3.10 /tmp/tmp6f5_to53.py
[  312s] removing /tmp/tmp6f5_to53.py
[  312s] running install_egg_info
[  312s] running egg_info
[  312s] writing pydata_sphinx_theme.egg-info/PKG-INFO
[  312s] writing dependency_links to pydata_sphinx_theme.egg-info/dependency_links.txt
[  312s] writing entry points to pydata_sphinx_theme.egg-info/entry_points.txt
[  312s] writing requirements to pydata_sphinx_theme.egg-info/requires.txt
[  312s] writing top-level names to pydata_sphinx_theme.egg-info/top_level.txt
[  312s] reading manifest file 'pydata_sphinx_theme.egg-info/SOURCES.txt'
[  312s] reading manifest template 'MANIFEST.in'
[  312s] warning: no previously-included files matching '*~' found anywhere in distribution
[  312s] warning: no previously-included files matching '*.py[cod]' found anywhere in distribution
[  312s] warning: no previously-included files matching '.git' found anywhere in distribution
[  312s] warning: no previously-included files matching '.ipynb_checkpoints' found anywhere in distribution
[  312s] warning: no previously-included files matching '.DS_Store' found anywhere in distribution
[  312s] adding license file 'LICENSE'
[  312s] writing manifest file 'pydata_sphinx_theme.egg-info/SOURCES.txt'
[  312s] Copying pydata_sphinx_theme.egg-info to /home/abuild/rpmbuild/BUILDROOT/python-pydata-sphinx-theme-0.7.1-1.4.riscv64/usr/lib/python3.10/site-packages/pydata_sphinx_theme-0.7.1-py3.10.egg-info
[  312s] running install_scripts
[  313s] ++ '[' -f _current_flavor ']'
[  313s] ++ cat _current_flavor
[  314s] + last_flavor=python310
[  314s] + '[' -z python310 ']'
[  314s] + '[' python310 '!=' python38 ']'
[  314s] + '[' -d build ']'
[  314s] + mv build _build.python310
[  314s] + '[' -d _build.python38 ']'
[  314s] + mv _build.python38 build
[  314s] + echo python38
[  314s] + python_flavor=python38
[  314s] + /usr/lib/rpm/fdupes_wrapper /home/abuild/rpmbuild/BUILDROOT/python-pydata-sphinx-theme-0.7.1-1.4.riscv64/usr/lib/python3.8/site-packages
[  314s] Linking /home/abuild/rpmbuild/BUILDROOT/python-pydata-sphinx-theme-0.7.1-1.4.riscv64/usr/lib/python3.8/site-packages/pydata_sphinx_theme/__pycache__/bootstrap_html_translator.cpython-38.opt-1.pyc -> /home/abuild/rpmbuild/BUILDROOT/python-pydata-sphinx-theme-0.7.1-1.4.riscv64/usr/lib/python3.8/site-packages/pydata_sphinx_theme/__pycache__/bootstrap_html_translator.cpython-38.pyc
[  314s] ++ '[' -f _current_flavor ']'
[  314s] ++ cat _current_flavor
[  314s] + last_flavor=python38
[  314s] + '[' -z python38 ']'
[  314s] + '[' python38 '!=' python39 ']'
[  314s] + '[' -d build ']'
[  314s] + mv build _build.python38
[  314s] + '[' -d _build.python39 ']'
[  314s] + mv _build.python39 build
[  314s] + echo python39
[  314s] + python_flavor=python39
[  314s] + /usr/lib/rpm/fdupes_wrapper /home/abuild/rpmbuild/BUILDROOT/python-pydata-sphinx-theme-0.7.1-1.4.riscv64/usr/lib/python3.9/site-packages
[  314s] Linking /home/abuild/rpmbuild/BUILDROOT/python-pydata-sphinx-theme-0.7.1-1.4.riscv64/usr/lib/python3.9/site-packages/pydata_sphinx_theme/__pycache__/bootstrap_html_translator.cpython-39.opt-1.pyc -> /home/abuild/rpmbuild/BUILDROOT/python-pydata-sphinx-theme-0.7.1-1.4.riscv64/usr/lib/python3.9/site-packages/pydata_sphinx_theme/__pycache__/bootstrap_html_translator.cpython-39.pyc
[  314s] ++ '[' -f _current_flavor ']'
[  314s] ++ cat _current_flavor
[  314s] + last_flavor=python39
[  314s] + '[' -z python39 ']'
[  314s] + '[' python39 '!=' python311 ']'
[  314s] + '[' -d build ']'
[  314s] + mv build _build.python39
[  314s] + '[' -d _build.python311 ']'
[  314s] + mv _build.python311 build
[  314s] + echo python311
[  314s] + python_flavor=python311
[  314s] + /usr/lib/rpm/fdupes_wrapper /home/abuild/rpmbuild/BUILDROOT/python-pydata-sphinx-theme-0.7.1-1.4.riscv64/usr/lib/python3.11/site-packages
[  314s] Linking /home/abuild/rpmbuild/BUILDROOT/python-pydata-sphinx-theme-0.7.1-1.4.riscv64/usr/lib/python3.11/site-packages/pydata_sphinx_theme/__pycache__/bootstrap_html_translator.cpython-311.opt-1.pyc -> /home/abuild/rpmbuild/BUILDROOT/python-pydata-sphinx-theme-0.7.1-1.4.riscv64/usr/lib/python3.11/site-packages/pydata_sphinx_theme/__pycache__/bootstrap_html_translator.cpython-311.pyc
[  314s] Linking /home/abuild/rpmbuild/BUILDROOT/python-pydata-sphinx-theme-0.7.1-1.4.riscv64/usr/lib/python3.11/site-packages/pydata_sphinx_theme/__pycache__/__init__.cpython-311.opt-1.pyc -> /home/abuild/rpmbuild/BUILDROOT/python-pydata-sphinx-theme-0.7.1-1.4.riscv64/usr/lib/python3.11/site-packages/pydata_sphinx_theme/__pycache__/__init__.cpython-311.pyc
[  314s] ++ '[' -f _current_flavor ']'
[  314s] ++ cat _current_flavor
[  314s] + last_flavor=python311
[  314s] + '[' -z python311 ']'
[  314s] + '[' python311 '!=' python310 ']'
[  314s] + '[' -d build ']'
[  314s] + mv build _build.python311
[  315s] + '[' -d _build.python310 ']'
[  315s] + mv _build.python310 build
[  315s] + echo python310
[  315s] + python_flavor=python310
[  315s] + /usr/lib/rpm/fdupes_wrapper /home/abuild/rpmbuild/BUILDROOT/python-pydata-sphinx-theme-0.7.1-1.4.riscv64/usr/lib/python3.10/site-packages
[  315s] Linking /home/abuild/rpmbuild/BUILDROOT/python-pydata-sphinx-theme-0.7.1-1.4.riscv64/usr/lib/python3.10/site-packages/pydata_sphinx_theme/__pycache__/bootstrap_html_translator.cpython-310.opt-1.pyc -> /home/abuild/rpmbuild/BUILDROOT/python-pydata-sphinx-theme-0.7.1-1.4.riscv64/usr/lib/python3.10/site-packages/pydata_sphinx_theme/__pycache__/bootstrap_html_translator.cpython-310.pyc
[  315s] + /usr/lib/rpm/find-debuginfo -j4 -n --run-dwz --dwz-low-mem-die-limit 10000000 --dwz-max-die-limit 50000000 -S debugsourcefiles.list /home/abuild/rpmbuild/BUILD/pydata-sphinx-theme-0.7.1
[  315s] + /usr/lib/rpm/brp-compress
[  316s] + /usr/lib/rpm/brp-suse
[  316s] calling /usr/lib/rpm/brp-suse.d/brp-05-permissions
[  316s] calling /usr/lib/rpm/brp-suse.d/brp-15-strip-debug
[  316s] calling /usr/lib/rpm/brp-suse.d/brp-25-symlink
[  316s] calling /usr/lib/rpm/brp-suse.d/brp-50-generate-fips-hmac
[  316s] calling /usr/lib/rpm/brp-suse.d/brp-75-ar
[  317s] Executing(%check): /usr/bin/bash -e /var/tmp/rpm-tmp.49tJyj
[  317s] + umask 022
[  317s] + cd /home/abuild/rpmbuild/BUILD
[  317s] + cd pydata-sphinx-theme-0.7.1
[  317s] + set +x
[  317s] Using libalternatives variant 38 for py.test in XDG_CONFIG_HOME during Python 3.8 expansions.
[  317s] Using libalternatives variant 38 for pybabel in XDG_CONFIG_HOME during Python 3.8 expansions.
[  317s] Using libalternatives variant 38 for pygmentize in XDG_CONFIG_HOME during Python 3.8 expansions.
[  317s] Using libalternatives variant 38 for pytest in XDG_CONFIG_HOME during Python 3.8 expansions.
[  317s] Using alternative docutils-3.8 for docutils in ./build/flavorbin during Python 3.8 expansions.
[  318s] Using alternative normalizer-3.8 for normalizer in ./build/flavorbin during Python 3.8 expansions.
[  318s] Using alternative rst2html-3.8 for rst2html in ./build/flavorbin during Python 3.8 expansions.
[  318s] Using alternative rst2html4-3.8 for rst2html4 in ./build/flavorbin during Python 3.8 expansions.
[  318s] Using alternative rst2html5-3.8 for rst2html5 in ./build/flavorbin during Python 3.8 expansions.
[  319s] Using alternative rst2latex-3.8 for rst2latex in ./build/flavorbin during Python 3.8 expansions.
[  319s] Using alternative rst2man-3.8 for rst2man in ./build/flavorbin during Python 3.8 expansions.
[  319s] Using alternative rst2odt-3.8 for rst2odt in ./build/flavorbin during Python 3.8 expansions.
[  319s] Using alternative rst2odt_prepstyles-3.8 for rst2odt_prepstyles in ./build/flavorbin during Python 3.8 expansions.
[  319s] Using alternative rst2pseudoxml-3.8 for rst2pseudoxml in ./build/flavorbin during Python 3.8 expansions.
[  319s] Using alternative rst2s5-3.8 for rst2s5 in ./build/flavorbin during Python 3.8 expansions.
[  320s] Using alternative rst2xetex-3.8 for rst2xetex in ./build/flavorbin during Python 3.8 expansions.
[  320s] Using alternative rst2xml-3.8 for rst2xml in ./build/flavorbin during Python 3.8 expansions.
[  320s] Using alternative rstpep2html-3.8 for rstpep2html in ./build/flavorbin during Python 3.8 expansions.
[  320s] Using alternative sphinx-apidoc-3.8 for sphinx-apidoc in ./build/flavorbin during Python 3.8 expansions.
[  320s] Using alternative sphinx-autogen-3.8 for sphinx-autogen in ./build/flavorbin during Python 3.8 expansions.
[  320s] Using alternative sphinx-build-3.8 for sphinx-build in ./build/flavorbin during Python 3.8 expansions.
[  321s] Using alternative sphinx-quickstart-3.8 for sphinx-quickstart in ./build/flavorbin during Python 3.8 expansions.
[  321s] Using libalternatives variant 39 for py.test in XDG_CONFIG_HOME during Python 3.9 expansions.
[  321s] Using libalternatives variant 39 for pybabel in XDG_CONFIG_HOME during Python 3.9 expansions.
[  321s] Using libalternatives variant 39 for pygmentize in XDG_CONFIG_HOME during Python 3.9 expansions.
[  321s] Using libalternatives variant 39 for pytest in XDG_CONFIG_HOME during Python 3.9 expansions.
[  321s] Using alternative docutils-3.9 for docutils in ./build/flavorbin during Python 3.9 expansions.
[  321s] Using alternative normalizer-3.9 for normalizer in ./build/flavorbin during Python 3.9 expansions.
[  322s] Using alternative rst2html-3.9 for rst2html in ./build/flavorbin during Python 3.9 expansions.
[  322s] Using alternative rst2html4-3.9 for rst2html4 in ./build/flavorbin during Python 3.9 expansions.
[  322s] Using alternative rst2html5-3.9 for rst2html5 in ./build/flavorbin during Python 3.9 expansions.
[  322s] Using alternative rst2latex-3.9 for rst2latex in ./build/flavorbin during Python 3.9 expansions.
[  323s] Using alternative rst2man-3.9 for rst2man in ./build/flavorbin during Python 3.9 expansions.
[  323s] Using alternative rst2odt-3.9 for rst2odt in ./build/flavorbin during Python 3.9 expansions.
[  323s] Using alternative rst2odt_prepstyles-3.9 for rst2odt_prepstyles in ./build/flavorbin during Python 3.9 expansions.
[  323s] Using alternative rst2pseudoxml-3.9 for rst2pseudoxml in ./build/flavorbin during Python 3.9 expansions.
[  323s] Using alternative rst2s5-3.9 for rst2s5 in ./build/flavorbin during Python 3.9 expansions.
[  323s] Using alternative rst2xetex-3.9 for rst2xetex in ./build/flavorbin during Python 3.9 expansions.
[  324s] Using alternative rst2xml-3.9 for rst2xml in ./build/flavorbin during Python 3.9 expansions.
[  324s] Using alternative rstpep2html-3.9 for rstpep2html in ./build/flavorbin during Python 3.9 expansions.
[  324s] Using alternative sphinx-apidoc-3.9 for sphinx-apidoc in ./build/flavorbin during Python 3.9 expansions.
[  324s] Using alternative sphinx-autogen-3.9 for sphinx-autogen in ./build/flavorbin during Python 3.9 expansions.
[  324s] Using alternative sphinx-build-3.9 for sphinx-build in ./build/flavorbin during Python 3.9 expansions.
[  324s] Using alternative sphinx-quickstart-3.9 for sphinx-quickstart in ./build/flavorbin during Python 3.9 expansions.
[  325s] Using libalternatives variant 311 for py.test in XDG_CONFIG_HOME during Python 3.11 expansions.
[  325s] Using libalternatives variant 311 for pybabel in XDG_CONFIG_HOME during Python 3.11 expansions.
[  325s] Using libalternatives variant 311 for pygmentize in XDG_CONFIG_HOME during Python 3.11 expansions.
[  325s] Using libalternatives variant 311 for pytest in XDG_CONFIG_HOME during Python 3.11 expansions.
[  325s] Using alternative docutils-3.11 for docutils in ./build/flavorbin during Python 3.11 expansions.
[  325s] Using alternative normalizer-3.11 for normalizer in ./build/flavorbin during Python 3.11 expansions.
[  326s] Using alternative rst2html-3.11 for rst2html in ./build/flavorbin during Python 3.11 expansions.
[  326s] Using alternative rst2html4-3.11 for rst2html4 in ./build/flavorbin during Python 3.11 expansions.
[  326s] Using alternative rst2html5-3.11 for rst2html5 in ./build/flavorbin during Python 3.11 expansions.
[  326s] Using alternative rst2latex-3.11 for rst2latex in ./build/flavorbin during Python 3.11 expansions.
[  326s] Using alternative rst2man-3.11 for rst2man in ./build/flavorbin during Python 3.11 expansions.
[  327s] Using alternative rst2odt-3.11 for rst2odt in ./build/flavorbin during Python 3.11 expansions.
[  327s] Using alternative rst2odt_prepstyles-3.11 for rst2odt_prepstyles in ./build/flavorbin during Python 3.11 expansions.
[  327s] Using alternative rst2pseudoxml-3.11 for rst2pseudoxml in ./build/flavorbin during Python 3.11 expansions.
[  327s] Using alternative rst2s5-3.11 for rst2s5 in ./build/flavorbin during Python 3.11 expansions.
[  327s] Using alternative rst2xetex-3.11 for rst2xetex in ./build/flavorbin during Python 3.11 expansions.
[  327s] Using alternative rst2xml-3.11 for rst2xml in ./build/flavorbin during Python 3.11 expansions.
[  328s] Using alternative rstpep2html-3.11 for rstpep2html in ./build/flavorbin during Python 3.11 expansions.
[  328s] Using alternative sphinx-apidoc-3.11 for sphinx-apidoc in ./build/flavorbin during Python 3.11 expansions.
[  328s] Using alternative sphinx-autogen-3.11 for sphinx-autogen in ./build/flavorbin during Python 3.11 expansions.
[  328s] Using alternative sphinx-build-3.11 for sphinx-build in ./build/flavorbin during Python 3.11 expansions.
[  328s] Using alternative sphinx-quickstart-3.11 for sphinx-quickstart in ./build/flavorbin during Python 3.11 expansions.
[  329s] Using alternative docutils-3.10 for docutils in ./build/flavorbin during Python 3.10 expansions.
[  329s] Using alternative normalizer-3.10 for normalizer in ./build/flavorbin during Python 3.10 expansions.
[  329s] Using alternative rst2html-3.10 for rst2html in ./build/flavorbin during Python 3.10 expansions.
[  330s] Using alternative rst2html4-3.10 for rst2html4 in ./build/flavorbin during Python 3.10 expansions.
[  330s] Using alternative rst2html5-3.10 for rst2html5 in ./build/flavorbin during Python 3.10 expansions.
[  330s] Using alternative rst2latex-3.10 for rst2latex in ./build/flavorbin during Python 3.10 expansions.
[  330s] Using alternative rst2man-3.10 for rst2man in ./build/flavorbin during Python 3.10 expansions.
[  330s] Using alternative rst2odt-3.10 for rst2odt in ./build/flavorbin during Python 3.10 expansions.
[  330s] Using alternative rst2odt_prepstyles-3.10 for rst2odt_prepstyles in ./build/flavorbin during Python 3.10 expansions.
[  330s] Using alternative rst2pseudoxml-3.10 for rst2pseudoxml in ./build/flavorbin during Python 3.10 expansions.
[  331s] Using alternative rst2s5-3.10 for rst2s5 in ./build/flavorbin during Python 3.10 expansions.
[  331s] Using alternative rst2xetex-3.10 for rst2xetex in ./build/flavorbin during Python 3.10 expansions.
[  331s] Using alternative rst2xml-3.10 for rst2xml in ./build/flavorbin during Python 3.10 expansions.
[  331s] Using alternative rstpep2html-3.10 for rstpep2html in ./build/flavorbin during Python 3.10 expansions.
[  331s] Using alternative sphinx-apidoc-3.10 for sphinx-apidoc in ./build/flavorbin during Python 3.10 expansions.
[  331s] Using alternative sphinx-autogen-3.10 for sphinx-autogen in ./build/flavorbin during Python 3.10 expansions.
[  332s] Using alternative sphinx-build-3.10 for sphinx-build in ./build/flavorbin during Python 3.10 expansions.
[  332s] Using alternative sphinx-quickstart-3.10 for sphinx-quickstart in ./build/flavorbin during Python 3.10 expansions.
[  332s] + export PATH=/home/abuild/rpmbuild/BUILD/pydata-sphinx-theme-0.7.1/build/flavorbin:/usr/local/bin:/usr/bin:/bin
[  332s] + PATH=/home/abuild/rpmbuild/BUILD/pydata-sphinx-theme-0.7.1/build/flavorbin:/usr/local/bin:/usr/bin:/bin
[  332s] ++ '[' -f _current_flavor ']'
[  332s] ++ cat _current_flavor
[  332s] + last_flavor=python310
[  332s] + '[' -z python310 ']'
[  332s] + '[' python310 '!=' python38 ']'
[  332s] + '[' -d build ']'
[  332s] + mv build _build.python310
[  332s] + '[' -d _build.python38 ']'
[  332s] + mv _build.python38 build
[  332s] + echo python38
[  332s] + python_flavor=python38
[  332s] + PYTHONPATH=/home/abuild/rpmbuild/BUILDROOT/python-pydata-sphinx-theme-0.7.1-1.4.riscv64/usr/lib/python3.8/site-packages
[  332s] + PYTHONDONTWRITEBYTECODE=1
[  332s] + pytest-3.8 --ignore=_build.python38 --ignore=_build.python39 --ignore=_build.python311 --ignore=_build.python310 -v
[  341s] ============================= test session starts ==============================
[  341s] platform linux -- Python 3.8.16, pytest-7.2.0, pluggy-1.0.0 -- /usr/bin/python3.8
[  341s] cachedir: .pytest_cache
[  341s] rootdir: /home/abuild/rpmbuild/BUILD/pydata-sphinx-theme-0.7.1
[  341s] plugins: datadir-1.3.1, regressions-2.2.0
[  345s] collecting ... collected 31 items
[  345s] 
[  359s] tests/test_build.py::test_build_html PASSED                              [  3%]
[  365s] tests/test_build.py::test_toc_visibility PASSED                          [  6%]
[  372s] tests/test_build.py::test_logo FAILED                                    [  9%]
[  378s] tests/test_build.py::test_logo_name PASSED                               [ 12%]
[  383s] tests/test_build.py::test_favicons PASSED                                [ 16%]
[  389s] tests/test_build.py::test_sidebar_default PASSED                         [ 19%]
[  394s] tests/test_build.py::test_sidebar_disabled PASSED                        [ 22%]
[  400s] tests/test_build.py::test_navbar_align_default PASSED                    [ 25%]
[  406s] tests/test_build.py::test_navbar_align_right PASSED                      [ 29%]
[  411s] tests/test_build.py::test_navbar_no_in_page_headers PASSED               [ 32%]
[  418s] tests/test_build.py::test_sidebars_captions PASSED                       [ 35%]
[  424s] tests/test_build.py::test_sidebars_nested_page PASSED                    [ 38%]
[  431s] tests/test_build.py::test_sidebars_single PASSED                         [ 41%]
[  438s] tests/test_build.py::test_sidebars_level2 PASSED                         [ 45%]
[  442s] tests/test_build.py::test_included_toc PASSED                            [ 48%]
[  448s] tests/test_build.py::test_edit_page_url[html_context0-https://github.com/foo/bar/edit/HEAD/docs/index.rst] PASSED [ 51%]
[  454s] tests/test_build.py::test_edit_page_url[html_context1-https://gitlab.com/foo/bar/-/edit/HEAD/docs/index.rst] PASSED [ 54%]
[  460s] tests/test_build.py::test_edit_page_url[html_context2-https://bitbucket.org/foo/bar/src/HEAD/docs/index.rst?mode=edit] PASSED [ 58%]
[  466s] tests/test_build.py::test_edit_page_url[html_context3-https://github.com/foo/bar/edit/HEAD/docs/index.rst] PASSED [ 61%]
[  472s] tests/test_build.py::test_edit_page_url[html_context4-https://gitlab.com/foo/bar/-/edit/HEAD/docs/index.rst] PASSED [ 64%]
[  478s] tests/test_build.py::test_edit_page_url[html_context5-https://bitbucket.org/foo/bar/src/HEAD/docs/index.rst?mode=edit] PASSED [ 67%]
[  482s] tests/test_build.py::test_edit_page_url[html_context6-None] PASSED       [ 70%]
[  485s] tests/test_build.py::test_edit_page_url[html_context7-None] PASSED       [ 74%]
[  489s] tests/test_build.py::test_edit_page_url[html_context8-None] PASSED       [ 77%]
[  495s] tests/test_build.py::test_edit_page_url[html_context9-https://dvcs.example.com/foo/bar/edit/HEAD/index.rst] PASSED [ 80%]
[  499s] tests/test_build.py::test_edit_page_url[html_context10-None] PASSED      [ 83%]
[  505s] tests/test_build.py::test_edit_page_url[html_context11-https://github.example.com/foo/bar/edit/HEAD/docs/index.rst] PASSED [ 87%]
[  511s] tests/test_build.py::test_edit_page_url[html_context12-https://gitlab.example.com/foo/bar/-/edit/HEAD/docs/index.rst] PASSED [ 90%]
[  517s] tests/test_build.py::test_edit_page_url[html_context13-https://bitbucket.example.com/foo/bar/src/HEAD/docs/index.rst?mode=edit] PASSED [ 93%]
[  523s] tests/test_build.py::test_new_google_analytics_id PASSED                 [ 96%]
[  529s] tests/test_build.py::test_old_google_analytics_id PASSED                 [100%]
[  529s] 
[  529s] =================================== FAILURES ===================================
[  529s] __________________________________ test_logo ___________________________________
[  529s] 
[  529s] sphinx_build_factory = <function sphinx_build_factory.<locals>._func at 0x40098115e0>
[  529s] 
[  529s]     def test_logo(sphinx_build_factory):
[  529s]         """Test that the logo is shown by default, project title if no logo."""
[  529s]         sphinx_build = sphinx_build_factory("base").build()
[  529s]     
[  529s]         # By default logo is shown
[  529s]         index_html = sphinx_build.html_tree("index.html")
[  529s] >       assert index_html.select(".navbar-brand img")
[  529s] E       assert []
[  529s] E        +  where [] = <bound method Tag.select of \n<!DOCTYPE html>\n\n<html lang="en">\n<head>\n<meta charset="utf-8"/>\n<meta content="width=device-width, initial-scale=1.0" name="viewport"/><meta content="Docutils 0.19: https://docutils.sourceforge.io/" name="generator"/>\n<title>Index with code in title  PyData Tests  documentation</title>\n<link href="_static/css/theme.css" rel="stylesheet"/>\n<link href="_static/css/index.ff1ffe594081f20da1ef19478df9384b.css" rel="stylesheet"/>\n<link href="_static/vendor/fontawesome/5.13.0/css/all.min.css" rel="stylesheet"/>\n<link as="font" crossorigin="" href="_static/vendor/fontawesome/5.13.0/webfonts/fa-solid-900.woff2" rel="preload" type="font/woff2"/>\n<link as="font" crossorigin="" href="_static/vendor/fontawesome/5.13.0/webfonts/fa-brands-400.woff2" rel="preload" type="font/woff2"/>\n<link href="_static/pygments.css" rel="stylesheet" type="text/css">\n<link href="_static/css/blank.css" rel="stylesheet" type="text/css">\n<link as="script" href="_static/js/index.be7d3bbb2ef33a8344ce.js" rel="preload"/>\n<script data-url_root="./" id="documentation_options" src="_static/documentation_options.js"></script>\n<script src="_static/doctools.js"></script>\n<script src="_static/s...tion id="a-header">\n<h2>A header<a class="headerlink" href="#a-header" title="Permalink to this heading"></a></h2>\n<section id="a-sub-header">\n<h3>A sub-header<a class="headerlink" href="#a-sub-header" title="Permalink to this heading"></a></h3>\n<section id="a-sub-sub-header">\n<h4>A sub-sub-header<a class="headerlink" href="#a-sub-sub-header" title="Permalink to this heading"></a></h4>\n</section>\n</section>\n</section>\n</section>\n</div>\n<!-- Previous / next buttons -->\n<div class="prev-next-area">\n<a class="right-next" href="page1.html" id="next-link" title="next page">\n<div class="prev-next-info">\n<p class="prev-next-subtitle">next</p>\n<p class="prev-next-title"><span class="section-number">1. </span>Page 1</p>\n</div>\n<i class="fas fa-angle-right"></i>\n</a>\n</div>\n</main>\n</div>\n</div>\n<script src="_static/js/index.be7d3bbb2ef33a8344ce.js"></script>\n<footer class="footer mt-5 mt-md-0">\n<div class="container">\n<div class="footer-item">\n<p class="copyright">\n     Copyright 2021, Pydata community.<br/>\n</p>\n</div>\n<div class="footer-item">\n<p class="sphinx-version">\nCreated using <a href="http://sphinx-doc.org/">Sphinx</a> 6.1.3.<br/>\n</p>\n</div>\n</div>\n</footer>\n</body>\n</html>>('.navbar-brand img')
[  529s] E        +    where <bound method Tag.select of \n<!DOCTYPE html>\n\n<html lang="en">\n<head>\n<meta charset="utf-8"/>\n<meta content="width=device-width, initial-scale=1.0" name="viewport"/><meta content="Docutils 0.19: https://docutils.sourceforge.io/" name="generator"/>\n<title>Index with code in title  PyData Tests  documentation</title>\n<link href="_static/css/theme.css" rel="stylesheet"/>\n<link href="_static/css/index.ff1ffe594081f20da1ef19478df9384b.css" rel="stylesheet"/>\n<link href="_static/vendor/fontawesome/5.13.0/css/all.min.css" rel="stylesheet"/>\n<link as="font" crossorigin="" href="_static/vendor/fontawesome/5.13.0/webfonts/fa-solid-900.woff2" rel="preload" type="font/woff2"/>\n<link as="font" crossorigin="" href="_static/vendor/fontawesome/5.13.0/webfonts/fa-brands-400.woff2" rel="preload" type="font/woff2"/>\n<link href="_static/pygments.css" rel="stylesheet" type="text/css">\n<link href="_static/css/blank.css" rel="stylesheet" type="text/css">\n<link as="script" href="_static/js/index.be7d3bbb2ef33a8344ce.js" rel="preload"/>\n<script data-url_root="./" id="documentation_options" src="_static/documentation_options.js"></script>\n<script src="_static/doctools.js"></script>\n<script src="_static/s...tion id="a-header">\n<h2>A header<a class="headerlink" href="#a-header" title="Permalink to this heading"></a></h2>\n<section id="a-sub-header">\n<h3>A sub-header<a class="headerlink" href="#a-sub-header" title="Permalink to this heading"></a></h3>\n<section id="a-sub-sub-header">\n<h4>A sub-sub-header<a class="headerlink" href="#a-sub-sub-header" title="Permalink to this heading"></a></h4>\n</section>\n</section>\n</section>\n</section>\n</div>\n<!-- Previous / next buttons -->\n<div class="prev-next-area">\n<a class="right-next" href="page1.html" id="next-link" title="next page">\n<div class="prev-next-info">\n<p class="prev-next-subtitle">next</p>\n<p class="prev-next-title"><span class="section-number">1. </span>Page 1</p>\n</div>\n<i class="fas fa-angle-right"></i>\n</a>\n</div>\n</main>\n</div>\n</div>\n<script src="_static/js/index.be7d3bbb2ef33a8344ce.js"></script>\n<footer class="footer mt-5 mt-md-0">\n<div class="container">\n<div class="footer-item">\n<p class="copyright">\n     Copyright 2021, Pydata community.<br/>\n</p>\n</div>\n<div class="footer-item">\n<p class="sphinx-version">\nCreated using <a href="http://sphinx-doc.org/">Sphinx</a> 6.1.3.<br/>\n</p>\n</div>\n</div>\n</footer>\n</body>\n</html>> = \n<!DOCTYPE html>\n\n<html lang="en">\n<head>\n<meta charset="utf-8"/>\n<meta content="width=device-width, initial-scale=1.0" name="viewport"/><meta content="Docutils 0.19: https://docutils.sourceforge.io/" name="generator"/>\n<title>Index with code in title  PyData Tests  documentation</title>\n<link href="_static/css/theme.css" rel="stylesheet"/>\n<link href="_static/css/index.ff1ffe594081f20da1ef19478df9384b.css" rel="stylesheet"/>\n<link href="_static/vendor/fontawesome/5.13.0/css/all.min.css" rel="stylesheet"/>\n<link as="font" crossorigin="" href="_static/vendor/fontawesome/5.13.0/webfonts/fa-solid-900.woff2" rel="preload" type="font/woff2"/>\n<link as="font" crossorigin="" href="_static/vendor/fontawesome/5.13.0/webfonts/fa-brands-400.woff2" rel="preload" type="font/woff2"/>\n<link href="_static/pygments.css" rel="stylesheet" type="text/css">\n<link href="_static/css/blank.css" rel="stylesheet" type="text/css">\n<link as="script" href="_static/js/index.be7d3bbb2ef33a8344ce.js" rel="preload"/>\n<script data-url_root="./" id="documentation_options" src="_static/documentation_options.js"></script>\n<script src="_static/doctools.js"></script>\n<script src="_static/sphinx_highlight.js"></script...ction id="a-header">\n<h2>A header<a class="headerlink" href="#a-header" title="Permalink to this heading"></a></h2>\n<section id="a-sub-header">\n<h3>A sub-header<a class="headerlink" href="#a-sub-header" title="Permalink to this heading"></a></h3>\n<section id="a-sub-sub-header">\n<h4>A sub-sub-header<a class="headerlink" href="#a-sub-sub-header" title="Permalink to this heading"></a></h4>\n</section>\n</section>\n</section>\n</section>\n</div>\n<!-- Previous / next buttons -->\n<div class="prev-next-area">\n<a class="right-next" href="page1.html" id="next-link" title="next page">\n<div class="prev-next-info">\n<p class="prev-next-subtitle">next</p>\n<p class="prev-next-title"><span class="section-number">1. </span>Page 1</p>\n</div>\n<i class="fas fa-angle-right"></i>\n</a>\n</div>\n</main>\n</div>\n</div>\n<script src="_static/js/index.be7d3bbb2ef33a8344ce.js"></script>\n<footer class="footer mt-5 mt-md-0">\n<div class="container">\n<div class="footer-item">\n<p class="copyright">\n     Copyright 2021, Pydata community.<br/>\n</p>\n</div>\n<div class="footer-item">\n<p class="sphinx-version">\nCreated using <a href="http://sphinx-doc.org/">Sphinx</a> 6.1.3.<br/>\n</p>\n</div>\n</div>\n</footer>\n</body>\n</html>.select
[  529s] 
[  529s] tests/test_build.py:100: AssertionError
[  529s] =============================== warnings summary ===============================
[  529s] tests/test_build.py::test_build_html
[  529s] tests/test_build.py::test_build_html
[  529s]   /usr/lib64/python3.8/importlib/__init__.py:127: RemovedInSphinx80Warning: The alias 'sphinx.util.SkipProgressMessage' is deprecated, use 'sphinx.util.display.SkipProgressMessage' instead. Check CHANGES for Sphinx API modifications.
[  529s]     return _bootstrap._gcd_import(name[level:], package, level)
[  529s] 
[  529s] tests/test_build.py::test_build_html
[  529s] tests/test_build.py::test_build_html
[  529s] tests/test_build.py::test_build_html
[  529s] tests/test_build.py::test_build_html
[  529s]   /usr/lib64/python3.8/importlib/__init__.py:127: RemovedInSphinx80Warning: The alias 'sphinx.util.progress_message' is deprecated, use 'sphinx.util.display.progress_message' instead. Check CHANGES for Sphinx API modifications.
[  529s]     return _bootstrap._gcd_import(name[level:], package, level)
[  529s] 
[  529s] tests/test_build.py: 107 warnings
[  529s]   /home/abuild/rpmbuild/BUILDROOT/python-pydata-sphinx-theme-0.7.1-1.4.riscv64/usr/lib/python3.8/site-packages/pydata_sphinx_theme/__init__.py:370: PendingDeprecationWarning: nodes.Node.traverse() is obsoleted by Node.findall().
[  529s]     for toctreenode in doctree.traverse(addnodes.toctree):
[  529s] 
[  529s] -- Docs: https://docs.pytest.org/en/stable/how-to/capture-warnings.html
[  529s] =========================== short test summary info ============================
[  529s] FAILED tests/test_build.py::test_logo - assert []
[  529s] ============ 1 failed, 30 passed, 113 warnings in 188.03s (0:03:08) ============
[  530s] error: Bad exit status from /var/tmp/rpm-tmp.49tJyj (%check)
[  530s] 
[  530s] RPM build errors:
[  530s]     Bad exit status from /var/tmp/rpm-tmp.49tJyj (%check)
[  530s] ### VM INTERACTION START ###
[  530s] [  512.089361][    T1] sysrq: Power Off
[  530s] [  512.092243][   T18] reboot: Power down
[  531s] ### VM INTERACTION END ###
[  531s] 
[  531s] cloud128 failed "build python-pydata-sphinx-theme.spec" at Sun Feb 19 10:23:22 UTC 2023.
[  531s] 
