[    1s] Memory limit set to 10955196KB
[    1s] Using BUILD_ROOT=/var/cache/obs/worker/root_1
[    1s] Using BUILD_ARCH=riscv64
[    1s] 
[    6s] 
[    6s] oe-RISCV-worker20 started "build _service:extract_file:python-httpretty.spec" at Sat Apr 16 11:17:57 UTC 2022.
[    6s] 
[    6s] Building python-httpretty for project 'openEuler:Mainline:RISC-V' repository 'advanced_riscv64' arch 'riscv64' srcmd5 '26275ebd61bc56b3b228466697678e27'
[    6s] 
[    6s] processing recipe /var/cache/obs/worker/root_1/.build-srcdir/_service:extract_file:python-httpretty.spec ...
[   12s] running changelog2spec --target rpm --file /var/cache/obs/worker/root_1/.build-srcdir/_service:extract_file:python-httpretty.spec
[   13s] init_buildsystem --configdir /var/run/obs/worker/1/build/configs --cachedir /var/cache/build --clean --rpmlist /var/cache/obs/worker/root_1/.build.rpmlist /var/cache/obs/worker/root_1/.build-srcdir/_service:extract_file:python-httpretty.spec build ...
[  105s] cycle: coreutils -> bash
[  105s]   breaking dependency coreutils -> bash
[  105s] cycle: coreutils -> info
[  105s]   breaking dependency coreutils -> info
[  105s] cycle: glibc -> filesystem -> coreutils
[  105s]   breaking dependency coreutils -> glibc
[  105s] cycle: glibc -> filesystem -> coreutils -> libacl
[  105s]   breaking dependency coreutils -> libacl
[  105s] cycle: glibc -> filesystem -> coreutils -> attr
[  105s]   breaking dependency coreutils -> attr
[  105s] cycle: coreutils -> libcap
[  105s]   breaking dependency coreutils -> libcap
[  105s] cycle: glibc -> filesystem -> coreutils -> openssl-libs
[  105s]   breaking dependency coreutils -> openssl-libs
[  105s] cycle: glibc -> filesystem -> coreutils -> libselinux
[  105s]   breaking dependency libselinux -> glibc
[  105s] cycle: glibc -> filesystem -> coreutils -> libselinux -> pcre2
[  105s]   breaking dependency pcre2 -> glibc
[  105s] cycle: glibc -> filesystem -> coreutils -> libselinux -> pcre2 -> readline
[  105s]   breaking dependency readline -> glibc
[  105s] cycle: glibc -> filesystem -> coreutils -> libselinux -> pcre2 -> readline -> ncurses-libs
[  105s]   breaking dependency filesystem -> coreutils
[  105s] cycle: glibc -> filesystem -> bash -> coreutils -> libselinux -> pcre2 -> readline -> ncurses-libs
[  105s]   breaking dependency filesystem -> bash
[  105s] cycle: perl-Carp -> perl-libs
[  105s]   breaking dependency perl-libs -> perl-Carp
[  105s] cycle: perl-libs -> perl-Exporter
[  105s]   breaking dependency perl-libs -> perl-Exporter
[  105s] cycle: perl-Carp -> perl-Exporter
[  105s]   breaking dependency perl-Exporter -> perl-Carp
[  105s] cycle: nss-util -> nss
[  105s]   breaking dependency nss -> nss-util
[  105s] cycle: nss-softokn -> nss-util -> nss
[  105s]   breaking dependency nss -> nss-softokn
[  105s] cycle: systemd -> cryptsetup -> device-mapper
[  105s]   breaking dependency systemd -> cryptsetup
[  105s] cycle: audit -> systemd -> pam
[  105s]   breaking dependency systemd -> pam
[  106s] [1/84] preinstalling dbus...
[  107s] [2/84] preinstalling libffi-devel...
[  108s] [3/84] preinstalling nodejs-source-map...
[  109s] [4/84] preinstalling python3-pip...
[  113s] [5/84] preinstalling python3-setuptools_scm...
[  113s] [6/84] preinstalling filesystem...
[  116s] [7/84] preinstalling glibc...
[  120s] [8/84] preinstalling libgcc...
[  121s] [9/84] preinstalling diffutils...
[  123s] [10/84] preinstalling libcap-ng...
[  124s] [11/84] preinstalling libgpg-error...
[  125s] [12/84] preinstalling libpcap...
[  127s] [13/84] preinstalling libsmartcols...
[  128s] [14/84] preinstalling libuuid...
[  129s] [15/84] preinstalling libxcrypt...
[  130s] [16/84] preinstalling lz4...
[  131s] [17/84] preinstalling m4...
[  132s] [18/84] preinstalling ncurses-libs...
[  133s] [19/84] preinstalling nspr...
[  135s] [20/84] preinstalling xz-libs...
[  136s] [21/84] preinstalling zlib...
[  137s] [22/84] preinstalling attr...
[  138s] [23/84] preinstalling libdb...
[  142s] [24/84] preinstalling zstd...
[  144s] [25/84] preinstalling audit-libs...
[  146s] [26/84] preinstalling file...
[  147s] [27/84] preinstalling iptables-libs...
[  148s] [28/84] preinstalling libacl...
[  149s] [29/84] preinstalling libgcrypt...
[  151s] [30/84] preinstalling openssl-libs...
[  155s] [31/84] preinstalling readline...
[  156s] [32/84] preinstalling ncurses...
[  164s] [33/84] preinstalling cmake...
[  177s] [34/84] preinstalling perl-libs...
[  183s] [35/84] preinstalling pcre2...
[  184s] [36/84] preinstalling perl-Exporter...
[  185s] [37/84] preinstalling pcre...
[  187s] [38/84] preinstalling acl...
[  188s] [39/84] preinstalling sqlite...
[  190s] [40/84] preinstalling libselinux...
[  191s] [41/84] preinstalling perl-Carp...
[  192s] [42/84] preinstalling perl-Digest-MD5...
[  193s] [43/84] preinstalling sed...
[  194s] [44/84] preinstalling coreutils...
[  199s] [45/84] preinstalling bash...
[  202s] [46/84] preinstalling openssl...
[  204s] [47/84] preinstalling dnf...
[  205s] [48/84] preinstalling bzip2...
[  206s] [49/84] preinstalling elfutils...
[  208s] [50/84] preinstalling hostname...
[  209s] [51/84] preinstalling libcap...
[  210s] [52/84] preinstalling popt...
[  211s] [53/84] preinstalling grep...
[  213s] [54/84] preinstalling libblkid...
[  214s] [55/84] preinstalling perl-constant...
[  215s] [56/84] preinstalling tar...
[  216s] [57/84] preinstalling info...
[  218s] [58/84] preinstalling libgcrypt-devel...
[  219s] [59/84] preinstalling lua...
[  220s] [60/84] preinstalling nss...
[  222s] [61/84] preinstalling chkconfig...
[  223s] [62/84] preinstalling copy-jdk-configs...
[  225s] [63/84] preinstalling libfdisk...
[  226s] [64/84] preinstalling libmount...
[  227s] [65/84] preinstalling libsemanage...
[  228s] [66/84] preinstalling nss-util...
[  230s] [67/84] preinstalling findutils...
[  232s] [68/84] preinstalling perl-Getopt-Long...
[  233s] [69/84] preinstalling xz...
[  234s] [70/84] preinstalling perl-Data-Dumper...
[  235s] [71/84] preinstalling systemd-libs...
[  236s] [72/84] preinstalling rpm-libs...
[  238s] [73/84] preinstalling dbus-libs...
[  239s] [74/84] preinstalling nss-softokn...
[  241s] [75/84] preinstalling glib2...
[  246s] [76/84] preinstalling systemd...
[  251s] [77/84] preinstalling audit...
[  253s] [78/84] preinstalling rpm...
[  254s] [79/84] preinstalling openEuler-rpm-config...
[  256s] [80/84] preinstalling pam...
[  257s] [81/84] preinstalling util-linux...
[  262s] [82/84] preinstalling device-mapper...
[  263s] [83/84] preinstalling cryptsetup...
[  265s] [84/84] preinstalling lvm2...
[  270s] 
[  273s] initializing rpm db...
[  287s] reordering...cycle: coreutils -> bash
[  287s]   breaking dependency coreutils -> bash
[  287s] cycle: coreutils -> info
[  287s]   breaking dependency coreutils -> info
[  287s] cycle: glibc -> basesystem -> filesystem -> coreutils -> gmp
[  287s]   breaking dependency coreutils -> gmp
[  287s] cycle: glibc -> basesystem -> filesystem -> coreutils
[  287s]   breaking dependency coreutils -> glibc
[  287s] cycle: glibc -> basesystem -> filesystem -> coreutils -> libacl
[  287s]   breaking dependency coreutils -> libacl
[  287s] cycle: glibc -> basesystem -> filesystem -> coreutils -> attr
[  287s]   breaking dependency coreutils -> attr
[  287s] cycle: coreutils -> libcap
[  287s]   breaking dependency coreutils -> libcap
[  287s] cycle: glibc -> basesystem -> filesystem -> coreutils -> openssl-libs
[  287s]   breaking dependency openssl-libs -> glibc
[  287s] cycle: coreutils -> openssl-libs -> ca-certificates
[  287s]   breaking dependency ca-certificates -> coreutils
[  287s] cycle: coreutils -> openssl-libs -> ca-certificates -> bash
[  287s]   breaking dependency ca-certificates -> bash
[  287s] cycle: coreutils -> openssl-libs -> ca-certificates -> grep
[  287s]   breaking dependency grep -> coreutils
[  287s] cycle: coreutils -> openssl-libs -> ca-certificates -> grep -> bash
[  287s]   breaking dependency ca-certificates -> grep
[  287s] cycle: glibc -> basesystem -> filesystem -> coreutils -> openssl-libs -> ca-certificates -> p11-kit
[  287s]   breaking dependency p11-kit -> glibc
[  287s] cycle: glibc -> basesystem -> filesystem -> coreutils -> openssl-libs -> ca-certificates -> p11-kit -> libffi
[  287s]   breaking dependency openssl-libs -> ca-certificates
[  287s] cycle: coreutils -> openssl-libs -> crypto-policies -> bash
[  287s]   breaking dependency crypto-policies -> bash
[  287s] cycle: coreutils -> openssl-libs -> crypto-policies
[  287s]   breaking dependency crypto-policies -> coreutils
[  287s] cycle: coreutils -> openssl-libs -> crypto-policies -> grep -> bash
[  287s]   breaking dependency bash -> coreutils
[  287s] cycle: filesystem -> coreutils -> openssl-libs -> crypto-policies -> grep -> bash
[  287s]   breaking dependency grep -> bash
[  287s] cycle: glibc -> basesystem -> filesystem -> coreutils -> openssl-libs -> crypto-policies -> grep
[  287s]   breaking dependency glibc -> basesystem
[  287s] cycle: glibc -> glibc-common -> bash -> filesystem -> coreutils -> openssl-libs -> crypto-policies -> grep
[  287s]   breaking dependency glibc-common -> bash
[  287s] cycle: glibc -> glibc-common -> coreutils -> openssl-libs -> crypto-policies -> grep
[  287s]   breaking dependency glibc-common -> coreutils
[  287s] cycle: glibc -> glibc-common
[  287s]   breaking dependency glibc-common -> glibc
[  287s] cycle: glibc -> glibc-common -> libselinux
[  287s]   breaking dependency libselinux -> glibc
[  287s] cycle: glibc -> glibc-common -> libselinux -> pcre2
[  287s]   breaking dependency pcre2 -> glibc
[  287s] cycle: glibc -> glibc-common -> libselinux -> pcre2 -> readline
[  287s]   breaking dependency readline -> glibc
[  287s] cycle: glibc -> glibc-common -> libselinux -> pcre2 -> readline -> ncurses-libs
[  287s]   breaking dependency libselinux -> pcre2
[  287s] cycle: glibc -> glibc-common -> libselinux -> libsepol -> coreutils -> openssl-libs -> crypto-policies -> grep
[  287s]   breaking dependency libsepol -> coreutils
[  287s] cycle: glibc -> glibc-common -> libselinux -> libsepol -> bash -> filesystem -> coreutils -> openssl-libs -> crypto-policies -> grep
[  287s]   breaking dependency filesystem -> coreutils
[  287s] cycle: bash -> filesystem
[  287s]   breaking dependency filesystem -> bash
[  287s] cycle: filesystem -> setup
[  287s]   breaking dependency filesystem -> setup
[  287s] cycle: glibc -> glibc-common -> libselinux -> libsepol -> bash
[  287s]   breaking dependency bash -> glibc
[  287s] cycle: glibc -> glibc-common -> libselinux -> libsepol -> bash -> ncurses-libs
[  287s]   breaking dependency libsepol -> bash
[  287s] cycle: glibc -> glibc-common -> libselinux -> libsepol
[  287s]   breaking dependency glibc -> glibc-common
[  287s] cycle: systemd -> cryptsetup -> device-mapper
[  287s]   breaking dependency systemd -> cryptsetup
[  287s] cycle: perl-libs -> perl-Carp
[  287s]   breaking dependency perl-libs -> perl-Carp
[  287s] cycle: perl-libs -> perl-Exporter
[  287s]   breaking dependency perl-libs -> perl-Exporter
[  287s] cycle: perl-Carp -> perl-Exporter
[  287s]   breaking dependency perl-Exporter -> perl-Carp
[  287s] cycle: perl -> perl-PathTools
[  287s]   breaking dependency perl -> perl-PathTools
[  287s] cycle: perl -> perl-ExtUtils-MakeMaker
[  287s]   breaking dependency perl -> perl-ExtUtils-MakeMaker
[  287s] cycle: perl -> perl-File-Path -> perl-PathTools
[  287s]   breaking dependency perl -> perl-File-Path
[  287s] cycle: perl -> perl-Getopt-Long -> perl-Pod-Usage
[  287s]   breaking dependency perl -> perl-Getopt-Long
[  287s] cycle: perl -> perl-Locale-Maketext
[  287s]   breaking dependency perl -> perl-Locale-Maketext
[  287s] cycle: perl -> perl-Pod-Simple
[  287s]   breaking dependency perl -> perl-Pod-Simple
[  287s] cycle: perl -> perl-Socket
[  287s]   breaking dependency perl -> perl-Socket
[  287s] cycle: perl -> perl-Storable
[  287s]   breaking dependency perl -> perl-Storable
[  287s] cycle: perl -> perl-Text-Tabs+Wrap
[  287s]   breaking dependency perl -> perl-Text-Tabs+Wrap
[  287s] cycle: perl -> perl-Time-Local -> perl-constant
[  287s]   breaking dependency perl -> perl-Time-Local
[  287s] cycle: perl -> perl-constant
[  287s]   breaking dependency perl -> perl-constant
[  287s] cycle: perl -> perl-threads
[  287s]   breaking dependency perl -> perl-threads
[  287s] cycle: perl -> perl-threads-shared
[  287s]   breaking dependency perl -> perl-threads-shared
[  287s] cycle: perl -> perl-Archive-Tar
[  287s]   breaking dependency perl -> perl-Archive-Tar
[  287s] cycle: perl -> perl-B-Debug
[  287s]   breaking dependency perl -> perl-B-Debug
[  287s] cycle: perl -> perl-CPAN-Meta -> perl-CPAN-Meta-Requirements
[  287s]   breaking dependency perl -> perl-CPAN-Meta
[  287s] cycle: perl -> perl-CPAN-Meta-Requirements
[  287s]   breaking dependency perl -> perl-CPAN-Meta-Requirements
[  287s] cycle: perl -> perl-CPAN-Meta-YAML
[  287s]   breaking dependency perl -> perl-CPAN-Meta-YAML
[  287s] cycle: perl -> perl-Compress-Raw-Bzip2
[  287s]   breaking dependency perl -> perl-Compress-Raw-Bzip2
[  287s] cycle: perl -> perl-Compress-Raw-Zlib
[  287s]   breaking dependency perl -> perl-Compress-Raw-Zlib
[  287s] cycle: perl -> perl-Config-Perl-V
[  287s]   breaking dependency perl -> perl-Config-Perl-V
[  287s] cycle: perl -> perl-DB_File
[  287s]   breaking dependency perl -> perl-DB_File
[  287s] cycle: perl -> perl-Data-Dumper
[  287s]   breaking dependency perl -> perl-Data-Dumper
[  287s] cycle: perl -> perl-Devel-PPPort
[  287s]   breaking dependency perl -> perl-Devel-PPPort
[  287s] cycle: perl -> perl-Digest -> perl-MIME-Base64
[  287s]   breaking dependency perl -> perl-Digest
[  287s] cycle: perl -> perl-Digest-MD5 -> perl-Digest -> perl-MIME-Base64
[  287s]   breaking dependency perl -> perl-Digest-MD5
[  287s] cycle: perl -> perl-Digest-SHA
[  287s]   breaking dependency perl -> perl-Digest-SHA
[  287s] cycle: perl -> perl-Encode
[  287s]   breaking dependency perl -> perl-Encode
[  287s] cycle: perl -> perl-Env
[  287s]   breaking dependency perl -> perl-Env
[  287s] cycle: perl -> perl-ExtUtils-Command
[  287s]   breaking dependency perl -> perl-ExtUtils-Command
[  287s] cycle: perl -> perl-ExtUtils-Install
[  287s]   breaking dependency perl -> perl-ExtUtils-Install
[  287s] cycle: perl -> perl-ExtUtils-Manifest
[  287s]   breaking dependency perl -> perl-ExtUtils-Manifest
[  287s] cycle: perl -> perl-ExtUtils-ParseXS
[  287s]   breaking dependency perl -> perl-ExtUtils-ParseXS
[  287s] cycle: perl -> perl-File-Fetch -> perl-PathTools
[  287s]   breaking dependency perl -> perl-File-Fetch
[  287s] cycle: perl -> perl-File-Temp -> perl-PathTools
[  287s]   breaking dependency perl -> perl-File-Temp
[  287s] cycle: perl -> perl-Filter
[  287s]   breaking dependency perl -> perl-Filter
[  287s] cycle: perl -> perl-Filter-Simple -> perl-Filter
[  287s]   breaking dependency perl -> perl-Filter-Simple
[  287s] cycle: perl -> perl-HTTP-Tiny
[  287s]   breaking dependency perl -> perl-HTTP-Tiny
[  287s] cycle: perl -> perl-IO-Compress
[  287s]   breaking dependency perl -> perl-IO-Compress
[  287s] cycle: perl -> perl-IO-Socket-IP
[  287s]   breaking dependency perl -> perl-IO-Socket-IP
[  287s] cycle: perl -> perl-IPC-Cmd -> perl-ExtUtils-MakeMaker
[  287s]   breaking dependency perl -> perl-IPC-Cmd
[  287s] cycle: perl -> perl-IPC-SysV
[  287s]   breaking dependency perl -> perl-IPC-SysV
[  287s] cycle: perl -> perl-JSON-PP
[  287s]   breaking dependency perl -> perl-JSON-PP
[  287s] cycle: perl -> perl-Locale-Codes -> perl-constant
[  287s]   breaking dependency perl -> perl-Locale-Codes
[  287s] cycle: perl -> perl-MIME-Base64
[  287s]   breaking dependency perl -> perl-MIME-Base64
[  287s] cycle: perl -> perl-Math-BigInt
[  287s]   breaking dependency perl -> perl-Math-BigInt
[  287s] cycle: perl -> perl-Math-BigInt-FastCalc -> perl-Math-BigInt
[  287s]   breaking dependency perl -> perl-Math-BigInt-FastCalc
[  287s] cycle: perl -> perl-Math-BigRat -> perl-Math-BigInt
[  287s]   breaking dependency perl -> perl-Math-BigRat
[  287s] cycle: perl -> perl-Module-CoreList
[  287s]   breaking dependency perl -> perl-Module-CoreList
[  287s] cycle: perl -> perl-Module-Load -> perl-PathTools
[  287s]   breaking dependency perl -> perl-Module-Load
[  287s] cycle: perl -> perl-Module-Load-Conditional
[  287s]   breaking dependency perl -> perl-Module-Load-Conditional
[  287s] cycle: perl -> perl-Module-Metadata
[  287s]   breaking dependency perl -> perl-Module-Metadata
[  287s] cycle: perl -> perl-Params-Check
[  287s]   breaking dependency perl -> perl-Params-Check
[  287s] cycle: perl -> perl-PerlIO-via-QuotedPrint -> perl-MIME-Base64
[  287s]   breaking dependency perl -> perl-PerlIO-via-QuotedPrint
[  287s] cycle: perl -> perl-Pod-Checker
[  287s]   breaking dependency perl -> perl-Pod-Checker
[  287s] cycle: perl -> perl-Pod-Escapes
[  287s]   breaking dependency perl -> perl-Pod-Escapes
[  287s] cycle: perl -> perl-Pod-Parser
[  287s]   breaking dependency perl -> perl-Pod-Parser
[  287s] cycle: perl -> perl-Pod-Perldoc
[  287s]   breaking dependency perl -> perl-Pod-Perldoc
[  287s] cycle: perl -> perl-Pod-Usage
[  287s]   breaking dependency perl -> perl-Pod-Usage
[  287s] cycle: perl -> perl-Sys-Syslog
[  287s]   breaking dependency perl -> perl-Sys-Syslog
[  287s] cycle: perl -> perl-Term-Cap
[  287s]   breaking dependency perl -> perl-Term-Cap
[  287s] cycle: perl -> perl-Test-Harness
[  287s]   breaking dependency perl -> perl-Test-Harness
[  287s] cycle: perl -> perl-Test-Simple
[  287s]   breaking dependency perl -> perl-Test-Simple
[  287s] cycle: perl -> perl-Text-Balanced
[  287s]   breaking dependency perl -> perl-Text-Balanced
[  287s] cycle: perl -> perl-Thread-Queue -> perl-threads-shared
[  287s]   breaking dependency perl -> perl-Thread-Queue
[  287s] cycle: perl -> perl-Unicode-Collate -> perl-PathTools
[  287s]   breaking dependency perl -> perl-Unicode-Collate
[  287s] cycle: perl -> perl-autodie
[  287s]   breaking dependency perl -> perl-autodie
[  287s] cycle: perl -> perl-bignum -> perl-Math-BigInt
[  287s]   breaking dependency perl -> perl-bignum
[  287s] cycle: perl -> perl-devel
[  287s]   breaking dependency perl -> perl-devel
[  287s] cycle: perl -> perl-Encode-devel
[  287s]   breaking dependency perl -> perl-Encode-devel
[  287s] cycle: perl -> perl-experimental
[  287s]   breaking dependency perl -> perl-experimental
[  287s] cycle: perl -> perl-libnet -> perl-Digest-MD5 -> perl-Digest -> perl-MIME-Base64
[  287s]   breaking dependency perl -> perl-libnet
[  287s] cycle: perl -> perl-podlators
[  287s]   breaking dependency perl -> perl-podlators
[  287s] cycle: perl -> perl-version
[  287s]   breaking dependency perl -> perl-version
[  287s] cycle: glib2 -> gamin
[  287s]   breaking dependency glib2 -> gamin
[  287s] cycle: systemd -> gnutls -> unbound-libs -> shadow -> pam -> audit
[  287s]   breaking dependency systemd -> gnutls
[  287s] cycle: systemd -> pam -> audit
[  287s]   breaking dependency systemd -> pam
[  287s] cycle: systemd -> shadow -> pam -> audit
[  287s]   breaking dependency systemd -> shadow
[  287s] cycle: pam -> libpwquality
[  287s]   breaking dependency pam -> libpwquality
[  287s] cycle: perl-Getopt-Long -> perl-Pod-Usage
[  287s]   breaking dependency perl-Pod-Usage -> perl-Getopt-Long
[  287s] cycle: perl-Getopt-Long -> perl-Pod-Usage -> perl-podlators -> perl-Encode
[  287s]   breaking dependency perl-podlators -> perl-Encode
[  287s] cycle: perl-Getopt-Long -> perl-Pod-Usage -> perl-podlators
[  287s]   breaking dependency perl-podlators -> perl-Getopt-Long
[  287s] cycle: perl-Getopt-Long -> perl-Pod-Usage -> perl-podlators -> perl-Pod-Simple -> perl-Encode
[  287s]   breaking dependency perl-Encode -> perl-Getopt-Long
[  287s] cycle: perl-Getopt-Long -> perl-Pod-Usage -> perl-podlators -> perl-Pod-Simple
[  287s]   breaking dependency perl-podlators -> perl-Pod-Simple
[  287s] cycle: perl-Pod-Usage -> perl-podlators
[  287s]   breaking dependency perl-podlators -> perl-Pod-Usage
[  287s] cycle: groff -> perl-Getopt-Long -> perl-Pod-Usage -> perl-Pod-Perldoc
[  287s]   breaking dependency groff -> perl-Getopt-Long
[  287s] cycle: libxcrypt-devel -> glibc-devel
[  287s]   breaking dependency glibc-devel -> libxcrypt-devel
[  287s] cycle: cmake-data -> cmake
[  287s]   breaking dependency cmake -> cmake-data
[  287s] cycle: nss-util -> nss
[  287s]   breaking dependency nss -> nss-util
[  287s] cycle: nss-softokn -> nss-util -> nss
[  287s]   breaking dependency nss -> nss-softokn
[  287s] cycle: perl-Getopt-Long -> perl-Pod-Usage -> perl-Pod-Perldoc -> perl-Pod-Simple
[  287s]   breaking dependency perl-Pod-Perldoc -> perl-Pod-Simple
[  287s] cycle: openssh -> openssh-server
[  287s]   breaking dependency openssh-server -> openssh
[  287s] cycle: git -> perl-Git
[  287s]   breaking dependency git -> perl-Git
[  287s] cycle: perl-ExtUtils-Install -> perl-ExtUtils-MakeMaker
[  287s]   breaking dependency perl-ExtUtils-MakeMaker -> perl-ExtUtils-Install
[  288s] done
[  288s] querying package ids...
[  328s] [1/365] installing cmake-filesystem-3.22.0-1.oe1
[  329s] [2/365] installing fonts-filesystem-2.0.2-2.oe1
[  330s] [3/365] installing fuse-common-3.9.2-5.oe1
[  331s] [4/365] installing kernel-headers-5.10-3.oe1
[  340s] [5/365] installing libreport-filesystem-2.13.1-5.oe1
[  341s] [6/365] installing ncurses-base-6.1-14.oe1
[  343s] [7/365] installing openEuler-gpg-keys-1.0-2.5.oe1
[  344s] [8/365] installing python-setuptools-59.4.0-3.oe1
[  346s] [9/365] installing qt5-srpm-macros-5.15.2-1.oe1
[  347s] [10/365] installing tzdata-2021a-2.oe1
[  359s] [11/365] installing dnf-data-4.10.0-1.oe1
[  361s] [12/365] installing openEuler-repos-1.0-2.5.oe1
[  362s] [13/365] installing wqy-zenhei-fonts-0.9.46-21.oe1
[  373s] [14/365] installing openEuler-release-20.03LTS-40.oe1
[  374s] [15/365] installing filesystem-3.9-3.oe1
[  385s] warning: group mail does not exist - using root
[  385s] [16/365] installing emacs-filesystem-1:27.1-5.oe1
[  386s] [17/365] installing libgcc-10.3.1-20220105.6.oe1
[  388s] [18/365] installing setup-2.13.3-4.oe1
[  390s] [19/365] installing glibc-2.34-64.oe1
[  399s] [20/365] installing brotli-1.0.9-2.oe1
[  401s] [21/365] installing chrpath-0.16-12.oe1
[  402s] [22/365] installing cpio-2.13-4.oe1
[  405s] [23/365] installing diffutils-3.7-4.oe1
[  408s] [24/365] installing expat-2.2.10-1.oe1
[  410s] [25/365] installing json-c-0.15-1.oe1
[  412s] [26/365] installing keyutils-libs-1.6.3-3.oe1
[  413s] [27/365] installing libICE-1.0.10-2.oe1
[  414s] [28/365] installing libXau-1.0.9-2.oe1
[  415s] [29/365] installing libaio-0.3.112-1.oe1
[  417s] [30/365] installing libargon2-20190702-1.oe1
[  418s] [31/365] installing libatomic-10.3.1-20220105.6.oe1
[  419s] [32/365] installing libcap-ng-0.7.11-1.oe1
[  421s] [33/365] installing libev-4.24-11.oe1
[  422s] [34/365] installing libffi-3.3-31.oe1
[  424s] [35/365] installing libgomp-10.3.1-20220105.6.oe1
[  425s] [36/365] installing libgpg-error-1.41-1.oe1
[  427s] [37/365] installing libnghttp2-1.42.0-1.oe1
[  428s] [38/365] installing libpcap-14:1.9.1-7.oe1
[  429s] [39/365] installing libpipeline-1.5.3-1.oe1
[  431s] [40/365] installing libsigsegv-2.11-10.oe1
[  432s] [41/365] installing libsmartcols-2.36.1-3.oe1
[  434s] [42/365] installing libtasn1-4.16.0-2.oe1
[  436s] [43/365] installing libtool-ltdl-2.4.6-34.oe1
[  437s] [44/365] installing libunistring-0.9.10-8.oe1
[  439s] [45/365] installing libuuid-2.36.1-3.oe1
[  441s] [46/365] installing libuv-1:1.40.0-1.oe1
[  442s] [47/365] installing libxcrypt-4.4.8-4.oe1
[  444s] [48/365] installing libyaml-0.2.5-1.oe1
[  445s] [49/365] installing lz4-1.9.3-1.oe1
[  447s] [50/365] installing m4-1.4.18-14.oe1
[  449s] [51/365] installing nspr-4.32.0-1.oe1
[  450s] [52/365] installing pkgconf-1.7.3-1.oe1
[  452s] [53/365] installing rhash-1.3.5-5.oe1
[  453s] [54/365] installing which-2.21-14.oe1
[  454s] [55/365] installing xz-libs-5.2.5-1.oe1
[  455s] [56/365] installing zlib-1.2.11-18.oe1
[  458s] [57/365] installing attr-2.4.48-12.oe1
[  459s] [58/365] installing basesystem-12-2.oe1
[  460s] [59/365] installing libstdc++-10.3.1-20220105.6.oe1
[  462s] [60/365] installing ncurses-libs-6.1-14.oe1
[  464s] [61/365] installing libsepol-3.1-4.oe1
[  466s] [62/365] installing libstdc++-devel-10.3.1-20220105.6.oe1
[  477s] [63/365] installing audit-libs-1:3.0-2.oe1
[  482s] [64/365] installing elfutils-libelf-0.185-3.oe1
[  484s] [65/365] installing file-libs-5.39-6.oe1
[  488s] [66/365] installing gmp-1:6.2.1-3.oe1
[  490s] [67/365] installing iptables-libs-1.8.1-4.oe1
[  491s] [68/365] installing less-563-2.oe1
[  492s] [69/365] installing libacl-2.2.53-7.oe1
[  494s] [70/365] installing libassuan-2.5.4-1.oe1
[  495s] [71/365] installing libedit-3.1-27.oe1
[  497s] [72/365] installing libffi-devel-3.3-31.oe1
[  498s] [73/365] installing libgcrypt-1.8.7-1.oe1
[  499s] [74/365] installing libpng-2:1.6.37-1.oe1
[  501s] [75/365] installing libxcb-1.14-1.oe1
[  504s] [76/365] installing readline-8.0-2.oe1
[  506s] [77/365] installing fuse-2.9.9-6.oe1
[  508s] [78/365] installing gc-8.0.4-2.oe1
[  512s] [79/365] installing libSM-1.2.3-2.oe1
[  513s] [80/365] installing libdb-5.3.28-35.oe1
[  518s] [81/365] installing libselinux-3.1-3.oe1
[  520s] [82/365] installing libxml2-2.9.12-5.oe1
[  523s] [83/365] installing bash-5.1-1.oe1
[  527s] [84/365] installing perl-libs-4:5.28.0-435.oe1
[  534s] [85/365] installing zstd-1.4.8-2.oe1
[  537s] [86/365] installing ncurses-6.1-14.oe1
[  552s] [87/365] installing thin-provisioning-tools-0.8.5-1.oe1
[  554s] [88/365] installing perl-parent-1:0.237-4.oe1
[  556s] [89/365] installing perl-perlfaq-5.20180915-5.oe1
[  558s] [90/365] installing libX11-1.6.9-2.oe1
[  563s] [91/365] installing mpfr-4.1.0-1.oe1
[  566s] [92/365] installing nettle-3.6-6.oe1
[  569s] [93/365] installing pcre2-10.36-1.oe1
[  572s] [94/365] installing perl-Exporter-5.74-1.oe1
[  573s] [95/365] installing file-5.39-6.oe1
[  575s] [96/365] installing gdbm-1:1.18.1-1.oe1
[  577s] [97/365] installing patch-2.7.6-12.oe1
[  578s] [98/365] installing qrencode-4.1.1-1
[  580s] [99/365] installing sed-4.8-2.oe1
[  582s] [100/365] installing acl-2.2.53-7.oe1
[  584s] [101/365] installing libcomps-0.1.15-1.oe1
[  586s] [102/365] installing pcre-8.44-1.oe1
[  587s] [103/365] installing glibc-common-2.34-64.oe1
[  603s] [104/365] installing crontabs-1.11-21.oe1
[  604s] [105/365] installing libXext-1.3.4-2.oe1
[  606s] [106/365] installing libXpm-3.5.12-11.oe1
[  608s] [107/365] installing libXrender-0.9.10-10.oe1
[  611s] [108/365] installing perl-Carp-1.50-418.oe1
[  613s] [109/365] installing perl-Perl-OSType-1.010-421.oe1
[  617s] [110/365] installing perl-Term-ANSIColor-4.06-511.oe1
[  618s] [111/365] installing libmpc-1.2.0-2.oe1
[  620s] [112/365] installing grep-3.6-1.oe1
[  624s] [113/365] installing libXt-1.2.0-0.oe1
[  626s] [114/365] installing gawk-5.0.1-2.oe1
[  629s] [115/365] installing perl-Text-ParseWords-3.30-419.oe1
[  630s] [116/365] installing crypto-policies-20180925-3.git71ca85f.oe1
[  639s] [117/365] installing libXmu-1.1.3-1.oe1
[  641s] [118/365] installing cpp-10.3.1-20220105.6.oe1
[  653s] [119/365] installing openssl-libs-1:1.1.1f-2.oe1
[  657s] [120/365] installing libXaw-1.0.13-13.oe1
[  659s] [121/365] installing ima-evm-utils-libs-1.2.1-8.oe1
[  662s] [122/365] installing libevent-2.1.12-4
[  665s] [123/365] installing kmod-libs-27-4.oe1
[  668s] [124/365] installing kmod-27-4.oe1
[  671s] [125/365] installing nodejs-libs-1:16.10.0-1.oe1
[  714s] [126/365] installing coreutils-8.31-4.oe1
[  723s] [127/365] installing elfutils-default-yama-scope-0.185-3.oe1
[  725s] /usr/lib/systemd/systemd-sysctl: error while loading shared libraries: libseccomp.so.2: cannot open shared object file: No such file or directory
[  725s] [128/365] installing publicsuffix-list-20200718-1.oe1
[  727s] [129/365] installing uname-build-checks-1.0-0.4.oe1
[  729s] [130/365] installing bzip2-1.0.8-3.oe1
[  731s] [131/365] installing gzip-1.10-1.oe1
[  732s] [132/365] installing hostname-3.21-2.oe1
[  734s] [133/365] installing libcap-2.32-2.oe1
[  736s] [134/365] installing libseccomp-2.4.3-2.oe1
[  738s] [135/365] installing npth-1.5-7.oe1
[  740s] [136/365] installing popt-1.18-1.oe1
[  743s] [137/365] installing fipscheck-1.5.0-7.oe1
[  746s] [138/365] installing libblkid-2.36.1-3.oe1
[  748s] [139/365] installing libidn2-2.3.0-1.oe1
[  752s] [140/365] installing libksba-1.3.5-12.oe1
[  755s] [141/365] installing tar-2:1.32-3.oe1
[  759s] [142/365] installing tcl-1:8.6.10-3.oe1
[  767s] [143/365] installing info-6.7-2.oe1
[  769s] [144/365] installing jsoncpp-1.9.4-1.oe1
[  771s] [145/365] installing libgpg-error-devel-1.41-1.oe1
[  773s] [146/365] installing lua-5.3.5-6.oe1
[  775s] [147/365] installing slang-2.3.2-8.oe1
[  783s] [148/365] installing xz-5.2.5-1.oe1
[  784s] [149/365] installing perl-Scalar-List-Utils-3:1.52-2.oe1
[  791s] [150/365] installing perl-Time-HiRes-1.9760-2.oe1
[  793s] [151/365] installing perl-Unicode-Normalize-1.26-419.oe1
[  795s] [152/365] installing systemd-libs-243-22.oe1
[  798s] [153/365] installing guile-5:2.0.14-15.oe1
[  809s] [154/365] installing dbus-libs-1:1.12.20-3.oe1
[  811s] [155/365] installing zip-3.0-29.oe1
[  813s] [156/365] installing libfdisk-2.36.1-3.oe1
[  815s] [157/365] installing newt-0.52.21-4.oe1
[  818s] [158/365] installing p11-kit-0.23.22-1.oe1
[  822s] [159/365] installing procps-ng-3.3.16-15.oe1
[  826s] [160/365] installing elfutils-libs-0.185-3.oe1
[  829s] [161/365] installing libmount-2.36.1-3.oe1
[  832s] [162/365] installing lua-posix-33.3.1-12.oe1
[  834s] [163/365] installing unzip-6.0-47.oe1
[  836s] [164/365] installing cracklib-2.9.7-6.oe1
[  843s] [165/365] installing e2fsprogs-1.45.6-3.oe1
[  847s] [166/365] installing findutils-2:4.7.0-7.oe1
[  851s] [167/365] installing libsemanage-3.1-4.oe1
[  855s] [168/365] installing make-1:4.2.1-15.oe1
[  857s] [169/365] installing sqlite-3.24.0-9.oe1
[  860s] [170/365] installing logrotate-3.15.1-2.oe1
[  862s] [171/365] installing freetype-2.10.2-3.oe1
[  865s] [172/365] installing glibc-devel-2.34-64.oe1
[  877s] [173/365] installing libgcrypt-devel-1.8.7-1.oe1
[  879s] [174/365] installing gnupg2-2.2.27-2.oe1
[  886s] [175/365] installing libarchive-3.5.1-1.oe1
[  890s] [176/365] installing dbus-tools-1:1.12.20-3.oe1
[  891s] [177/365] installing libxcrypt-devel-4.4.8-4.oe1
[  893s] [178/365] installing copy-jdk-configs-4.0-1.oe1
[  895s] [179/365] installing gpgme-1.15.1-1.oe1
[  899s] [180/365] installing obs-env-1.0-5.oe1
[  907s] [181/365] installing chkconfig-1.14-2.oe1
[  910s] [182/365] installing elfutils-0.185-3.oe1
[  914s] [183/365] installing fontconfig-2.13.92-1.oe1
[  920s] [184/365] installing glib2-2.66.8-1.oe1
[  928s] [185/365] installing rpm-libs-4.15.1-25.oe1
[  931s] [186/365] installing libcroco-0.6.12-13.oe1
[  934s] [187/365] installing gamin-0.1.10-38.oe1
[  938s] [188/365] installing libsecret-0.18.6-5.oe1
[  940s] [189/365] installing libverto-0.3.1-2.oe1
[  942s] [190/365] installing libXft-2.3.3-1.oe1
[  945s] [191/365] installing libmodulemd-2.13.0-1.oe1
[  947s] [192/365] installing binutils-2.37-6.oe1
[  961s] [193/365] installing p11-kit-trust-0.23.22-1.oe1
[  963s] [194/365] installing babeltrace-1.5.8-1.oe1
[  966s] [195/365] installing ca-certificates-2020.2.46-2.oe1
[  977s] [196/365] installing tk-1:8.6.10-2.oe1
[  992s] [197/365] installing gettext-0.20.1-2.oe1
[  997s] [198/365] installing krb5-libs-1.18.2-3.oe1
[ 1000s] [199/365] installing gcc-10.3.1-20220105.6.oe1
[ 1031s] [200/365] installing python-pip-wheel-19.2.3-2.fc32
[ 1033s] [201/365] installing libtirpc-1.3.1-1.oe1
[ 1035s] [202/365] installing cyrus-sasl-lib-2.1.27-10.oe1
[ 1037s] [203/365] installing libssh-0.9.5-1.oe1
[ 1040s] [204/365] installing gcc-c++-10.3.1-20220105.6.oe1
[ 1052s] [205/365] installing openldap-2.4.46-15.oe1
[ 1056s] [206/365] installing libnsl2-1.3.0-2.oe1
[ 1058s] [207/365] installing python3-3.8.5-13.oe1
[ 1086s] [208/365] installing python3-httplib2-0.14.0-1.fc32
[ 1088s] [209/365] installing python3-idna-2.8-5.fc32
[ 1090s] [210/365] installing python3-pyparsing-2.4.5-1.fc32
[ 1092s] [211/365] installing python3-pysocks-1.7.1-3.fc32
[ 1094s] [212/365] installing python3-setuptools-59.4.0-3.oe1
[ 1101s] [213/365] installing python3-setuptools_scm-3.3.3-6.fc32
[ 1103s] [214/365] installing python3-six-1.15.0-3.oe1
[ 1105s] [215/365] installing python3-gpgme-1.15.1-1.oe1
[ 1108s] [216/365] installing python3-libcomps-0.1.15-1.oe1
[ 1110s] [217/365] installing libpsl-0.21.1-1.oe1
[ 1113s] [218/365] installing gdb-headless-9.2-5.oe1
[ 1119s] [219/365] installing python3-chardet-3.0.4-14.fc32
[ 1121s] [220/365] installing python3-mock-3.0.5-7.fc32
[ 1123s] [221/365] installing python3-nose-1.3.7-28.fc32
[ 1126s] [222/365] installing systemtap-sdt-devel-4.1-3.oe1
[ 1129s] [223/365] installing gdb-9.2-5.oe1
[ 1131s] [224/365] installing python3-pip-19.2.3-2.fc32
[ 1140s] [225/365] installing python3-rpm-generators-10-2.fc32
[ 1142s] [226/365] installing python3-urllib3-1.25.7-2.fc32
[ 1146s] [227/365] installing libcurl-7.79.1-1.oe1
[ 1153s] [228/365] installing python3-sure-1.4.11-8.fc32
[ 1156s] [229/365] installing curl-7.79.1-1.oe1
[ 1157s] [230/365] installing python3-pycurl-7.43.0.4-1.fc32
[ 1161s] [231/365] installing python3-requests-2.22.0-7.fc32
[ 1164s] [232/365] installing librepo-1.14.2-2.oe1
[ 1166s] [233/365] installing python3-tornado-6.0.2-2.fc31
[ 1170s] [234/365] installing rpm-4.15.1-25.oe1
[ 1174s] [235/365] installing efi-srpm-macros-4-3.oe1
[ 1176s] [236/365] installing cmake-rpm-macros-3.22.0-1.oe1
[ 1178s] [237/365] installing libsolv-0.7.20-1.oe1
[ 1181s] [238/365] installing python3-rpm-4.15.1-25.oe1
[ 1183s] [239/365] installing openEuler-rpm-config-30-22.oe1
[ 1186s] [240/365] installing cmake-3.22.0-1.oe1
[ 1202s] [241/365] installing libdnf-0.65.0-2.oe1
[ 1205s] [242/365] installing cmake-data-3.22.0-1.oe1
[ 1228s] [243/365] installing python3-devel-3.8.5-13.oe1
[ 1271s] [244/365] installing python3-libdnf-0.65.0-2.oe1
[ 1276s] [245/365] installing perl-4:5.28.0-435.oe1
[ 1286s] [246/365] installing perl-B-Debug-1.26-4.oe1
[ 1287s] [247/365] installing perl-Env-1.04-397.oe1
[ 1289s] [248/365] installing perl-Devel-PPPort-3.42-4.oe1
[ 1292s] [249/365] installing perl-Pod-Escapes-1:1.07-419.oe1
[ 1293s] [250/365] installing perl-Text-Tabs+Wrap-2013.0523-419.oe1
[ 1294s] [251/365] installing perl-Algorithm-Diff-1.1903-14.oe1
[ 1295s] [252/365] installing perl-Params-Check-1:0.38-418.oe1
[ 1298s] [253/365] installing perl-Term-Cap-1.17-510.oe1
[ 1299s] [254/365] installing perl-TermReadKey-2.38-2.oe1
[ 1301s] [255/365] installing perl-Text-Balanced-2.03-420.oe1
[ 1303s] [256/365] installing perl-threads-1:2.22-419.oe1
[ 1305s] [257/365] installing openssl-1:1.1.1f-2.oe1
[ 1308s] [258/365] installing perl-Config-Perl-V-0.30-5.oe1
[ 1309s] [259/365] installing perl-Error-1:0.17029-1.oe1
[ 1311s] [260/365] installing perl-Filter-2:1.59-2.oe1
[ 1316s] [261/365] installing perl-IPC-SysV-2.07-5.oe1
[ 1318s] [262/365] installing perl-Locale-Maketext-1:1.28-1.oe1
[ 1320s] [263/365] installing perl-constant-1.33-421.oe1
[ 1321s] [264/365] installing perl-MIME-Base64-3.15-418.oe1
[ 1324s] [265/365] installing perl-CPAN-Meta-YAML-0.018-420.oe1
[ 1326s] [266/365] installing perl-Socket-4:2.029-2.oe1
[ 1328s] [267/365] installing perl-Storable-1:3.15-2.oe1
[ 1330s] [268/365] installing python3-hawkey-0.65.0-2.oe1
[ 1332s] [269/365] installing perl-PerlIO-via-QuotedPrint-0.08-397.oe1
[ 1334s] [270/365] installing perl-Digest-1.17-419.oe1
[ 1336s] [271/365] installing perl-Filter-Simple-1:0.94-1.oe1
[ 1337s] [272/365] installing perl-IO-Socket-IP-0.39-420.oe1
[ 1339s] [273/365] installing perl-Text-Diff-1.45-7.oe1
[ 1341s] [274/365] installing perl-Time-Local-2:1.280-6.oe1
[ 1344s] [275/365] installing perl-version-8:0.99.24-3.oe1
[ 1346s] [276/365] installing perl-IPC-System-Simple-1.25-19.oe1
[ 1350s] [277/365] installing perl-threads-shared-1.59-2.oe1
[ 1352s] [278/365] installing perl-Compress-Raw-Bzip2-2.100-1.oe1
[ 1354s] [279/365] installing perl-Compress-Raw-Zlib-1:2.100-1.oe1
[ 1356s] [280/365] installing perl-Locale-Codes-3.58-2.oe1
[ 1359s] [281/365] installing perl-Math-BigInt-1:1.9998.13-5.oe1
[ 1362s] [282/365] installing perl-PathTools-3.75-4.oe1
[ 1364s] [283/365] installing python3-dnf-4.10.0-1.oe1
[ 1368s] [284/365] installing perl-Data-Dumper-2.172-3.oe1
[ 1370s] [285/365] installing perl-Sys-Syslog-0.35-420.oe1
[ 1373s] [286/365] installing perl-Encode-4:2.98-9.oe1
[ 1378s] [287/365] installing autogen-5.18.16-1.oe1
[ 1383s] [288/365] installing nodejs-1:16.10.0-1.oe1
[ 1386s] [289/365] installing systemd-243-22.oe1
[ 1405s] /var/tmp/rpm-tmp.nXOh2c: line 8: groupadd: command not found
[ 1405s] /var/tmp/rpm-tmp.nXOh2c: line 10: groupadd: command not found
[ 1405s] /var/tmp/rpm-tmp.nXOh2c: line 13: groupadd: command not found
[ 1405s] /var/tmp/rpm-tmp.nXOh2c: line 16: groupadd: command not found
[ 1405s] [290/365] installing dbus-common-1:1.12.20-3.oe1
[ 1407s] [291/365] installing nodejs-source-map-0.5.6-1.oe1
[ 1410s] [292/365] installing perl-Module-Load-1:0.32-418.oe1
[ 1412s] [293/365] installing nodejs-packaging-20-1.oe1
[ 1413s] [294/365] installing dnf-4.10.0-1.oe1
[ 1417s] Failed to preset unit, unit dnf-automatic.timer does not exist.
[ 1417s] Failed to preset unit, unit dnf-automatic-notifyonly.timer does not exist.
[ 1417s] Failed to preset unit, unit dnf-automatic-download.timer does not exist.
[ 1417s] Failed to preset unit, unit dnf-automatic-install.timer does not exist.
[ 1417s] [295/365] installing perl-File-Which-1.23-1.oe1
[ 1420s] [296/365] installing perl-Thread-Queue-3.13-3.oe1
[ 1421s] [297/365] installing perl-experimental-0.020-2.oe1
[ 1423s] [298/365] installing perl-Digest-MD5-2.55-419.oe1
[ 1425s] [299/365] installing perl-File-Path-2.16-4.oe1
[ 1427s] [300/365] installing perl-Math-BigInt-FastCalc-0.500.700-4.oe1
[ 1430s] [301/365] installing perl-Module-Metadata-1.000036-3.oe1
[ 1431s] [302/365] installing perl-CPAN-Meta-Requirements-2.140-419.oe1
[ 1433s] [303/365] installing perl-Encode-devel-4:2.98-9.oe1
[ 1435s] [304/365] installing perl-HTTP-Tiny-0.076-3.oe1
[ 1437s] [305/365] installing perl-Math-BigRat-0.2614-2.oe1
[ 1439s] [306/365] installing audit-1:3.0-2.oe1
[ 1443s] [307/365] installing perl-DB_File-1.842-2.oe1
[ 1445s] [308/365] installing perl-autodie-2.29-398.oe1
[ 1447s] [309/365] installing perl-Unicode-Collate-1.25-4.oe1
[ 1452s] [310/365] installing perl-IO-Compress-2.081-6.oe1
[ 1454s] [311/365] installing perl-podlators-1:4.14-1.oe1
[ 1456s] [312/365] installing perl-ExtUtils-Command-1:7.60-1.oe1
[ 1457s] [313/365] installing perl-ExtUtils-Manifest-1:1.71-4.oe1
[ 1459s] [314/365] installing perl-bignum-0.50-4.oe1
[ 1461s] [315/365] installing perl-File-Temp-1:0.230.800-4.oe1
[ 1462s] [316/365] installing perl-libnet-3.11-420.oe1
[ 1464s] [317/365] installing pam-1.5.1-1.oe1
[ 1470s] [318/365] installing libpwquality-1.4.4-1.oe1
[ 1473s] [319/365] installing perl-File-HomeDir-1.004-4.oe1
[ 1474s] [320/365] installing shadow-2:4.8.1-5.oe1
[ 1477s] [321/365] installing perl-Test-Simple-2:1.302175-2.oe1
[ 1480s] [322/365] installing libutempter-1.1.6-16.oe1
[ 1483s] [323/365] installing unbound-libs-1.10.1-4.oe1
[ 1490s] [324/365] installing dbus-daemon-1:1.12.20-3.oe1
[ 1496s] [325/365] installing openssh-server-8.2p1-10.oe1
[ 1501s] Created symlink /etc/systemd/system/multi-user.target.wants/sshd.service -> /usr/lib/systemd/system/sshd.service.
[ 1502s] [326/365] installing groff-1.22.4-4.oe1
[ 1513s] [327/365] installing dbus-1:1.12.20-3.oe1
[ 1515s] [328/365] installing man-db-2.9.3-2.oe1
[ 1522s] [329/365] installing perl-Pod-Perldoc-1:3.28-3.oe1
[ 1524s] [330/365] installing gnutls-3.6.15-3.oe1
[ 1531s] [331/365] installing util-linux-2.36.1-3.oe1
[ 1542s] [332/365] installing nss-help-3.72.0-2.oe1
[ 1545s] [333/365] installing perl-Pod-Usage-4:1.69-418.oe1
[ 1547s] [334/365] installing device-mapper-8:1.02.172-1.oe1
[ 1550s] [335/365] installing openssh-8.2p1-10.oe1
[ 1554s] [336/365] installing perl-Getopt-Long-1:2.52-1.oe1
[ 1557s] [337/365] installing cryptsetup-2.3.3-3.oe1
[ 1569s] [338/365] installing device-mapper-event-8:1.02.172-1.oe1
[ 1573s] Created symlink /etc/systemd/system/sockets.target.wants/dm-event.socket -> /usr/lib/systemd/system/dm-event.socket.
[ 1573s] [339/365] installing nss-3.72.0-2.oe1
[ 1584s] [340/365] installing openssh-clients-8.2p1-10.oe1
[ 1588s] [341/365] installing nss-util-3.72.0-2.oe1
[ 1591s] [342/365] installing perl-ExtUtils-ParseXS-2:3.35-1.oe1
[ 1594s] [343/365] installing perl-Module-CoreList-1:5.20180920-2.oe1
[ 1598s] [344/365] installing perl-Digest-SHA-1:6.02-7.oe1
[ 1602s] [345/365] installing perl-Pod-Parser-1.63-397.oe1
[ 1604s] [346/365] installing perl-Pod-Simple-1:3.35-418.oe1
[ 1607s] [347/365] installing perl-Test-Harness-1:3.43_02-1.oe1
[ 1610s] [348/365] installing perl-Archive-Tar-2.30-421.oe1
[ 1612s] [349/365] installing perl-JSON-PP-1:4.04-2.oe1
[ 1615s] [350/365] installing lvm2-8:2.03.11-1.oe1
[ 1625s] Created symlink /etc/systemd/system/sysinit.target.wants/lvm2-lvmpolld.socket -> /usr/lib/systemd/system/lvm2-lvmpolld.socket.
[ 1625s] [351/365] installing autoconf-2.69-30.oe1
[ 1629s] [352/365] installing git-2.23.0-12.oe1
[ 1644s] [353/365] installing nss-softokn-3.72.0-2.oe1
[ 1647s] [354/365] installing perl-Pod-Checker-4:1.73-398.oe1
[ 1650s] [355/365] installing perl-Git-2.23.0-12.oe1
[ 1651s] [356/365] installing perl-CPAN-Meta-2.150010-419.oe1
[ 1654s] [357/365] installing perl-Module-Load-Conditional-0.68-418.oe1
[ 1656s] [358/365] installing automake-1.16.1-6.oe1
[ 1661s] [359/365] installing perl-ExtUtils-MakeMaker-1:7.60-1.oe1
[ 1664s] [360/365] installing perl-ExtUtils-Install-2.14-419.oe1
[ 1667s] [361/365] installing perl-IPC-Cmd-2:1.04-4.oe1
[ 1668s] [362/365] installing rpm-build-4.15.1-25.oe1
[ 1673s] [363/365] installing gcc_secure-1.0-0.9.oe1
[ 1676s] [364/365] installing perl-File-Fetch-0.56-4.oe1
[ 1678s] [365/365] installing perl-devel-4:5.28.0-435.oe1
[ 1691s] removing nis flags from /var/cache/obs/worker/root_1/etc/nsswitch.conf...
[ 1692s] now finalizing build dir...
[ 1705s] Running build time source services...
[ 1726s] -----------------------------------------------------------------
[ 1726s] ----- building python-httpretty.spec (user abuild)
[ 1726s] -----------------------------------------------------------------
[ 1726s] -----------------------------------------------------------------
[ 1736s] + exec rpmbuild -ba --define '_srcdefattr (-,root,root)' --nosignature --define 'disturl obs://private/openEuler:Mainline:RISC-V/advanced_riscv64/26275ebd61bc56b3b228466697678e27-python-httpretty' /home/abuild/rpmbuild/SOURCES/python-httpretty.spec
[ 1736s] warning: extra tokens at the end of %endif directive in line 16:  %endif riscv
[ 1736s] 
[ 1736s] warning: extra tokens at the end of %endif directive in line 16:  %endif riscv
[ 1736s] 
[ 1740s] warning: bogus date in %changelog: Wed Feb 22 2022 lvxiaoqian <xiaoqian@nj.iscas.ac.cn> - 0.9.5-7
[ 1741s] Executing(%prep): /bin/sh -e /var/tmp/rpm-tmp.m7rPoi
[ 1741s] + umask 022
[ 1741s] + cd /home/abuild/rpmbuild/BUILD
[ 1741s] + cd /home/abuild/rpmbuild/BUILD
[ 1741s] + rm -rf httpretty-0.9.5
[ 1741s] + /usr/bin/gzip -dc /home/abuild/rpmbuild/SOURCES/httpretty-0.9.5.tar.gz
[ 1741s] + /usr/bin/tar -xof -
[ 1743s] + STATUS=0
[ 1743s] + '[' 0 -ne 0 ']'
[ 1743s] + cd httpretty-0.9.5
[ 1743s] + /usr/bin/chmod -Rf a+rX,u+w,g-w,o-w .
[ 1743s] + /usr/bin/cat /home/abuild/rpmbuild/SOURCES/python-httpretty-fakesock_getpeercert_noconnect.patch
[ 1743s] + /usr/bin/patch -p1 -s --fuzz=0 --no-backup-if-mismatch
[ 1743s] + /usr/bin/patch -p1 -s --fuzz=0 --no-backup-if-mismatch
[ 1743s] + /usr/bin/cat /home/abuild/rpmbuild/SOURCES/0001-Handle-bugs-in-older-urllib3-versions-in-one-of-the-.patch
[ 1743s] + /usr/bin/cat /home/abuild/rpmbuild/SOURCES/0001-Call-reset-from-setUp-and-tearDown-in-addition-to-en.patch
[ 1743s] + /usr/bin/patch -p1 -s --fuzz=0 --no-backup-if-mismatch
[ 1743s] + /usr/bin/cat /home/abuild/rpmbuild/SOURCES/skip_test_due_to_build_platform.patch
[ 1743s] + /usr/bin/patch -p1 -s --fuzz=0 --no-backup-if-mismatch
[ 1743s] + /usr/bin/cat /home/abuild/rpmbuild/SOURCES/fix-riscv-time-diff.patch
[ 1743s] + /usr/bin/patch -p1 -s --fuzz=0 --no-backup-if-mismatch
[ 1743s] + sed -i 's/^with-randomly = 1$//' setup.cfg
[ 1744s] + sed -i 's/^rednose = 1$//' setup.cfg
[ 1744s] + RPM_EC=0
[ 1744s] ++ jobs -p
[ 1744s] + exit 0
[ 1744s] Executing(%build): /bin/sh -e /var/tmp/rpm-tmp.WvZ3Fq
[ 1744s] + umask 022
[ 1744s] + cd /home/abuild/rpmbuild/BUILD
[ 1744s] + cd httpretty-0.9.5
[ 1744s] + LANG=en_US.UTF-8
[ 1744s] + CFLAGS='-O2 -g -pipe -Wall -Werror=format-security -Wp,-D_FORTIFY_SOURCE=2 -Wp,-D_GLIBCXX_ASSERTIONS -fstack-protector-strong -grecord-gcc-switches -specs=/usr/lib/rpm/generic-hardened-cc1 -fasynchronous-unwind-tables -fstack-clash-protection'
[ 1744s] + LDFLAGS='-Wl,-z,relro   -Wl,-z,now -specs=/usr/lib/rpm/generic-hardened-ld'
[ 1744s] + /usr/bin/python3 setup.py build '--executable=/usr/bin/python3 -s'
[ 1752s] running build
[ 1752s] running build_py
[ 1752s] creating build
[ 1752s] creating build/lib
[ 1752s] creating build/lib/httpretty
[ 1752s] copying httpretty/version.py -> build/lib/httpretty
[ 1752s] copying httpretty/compat.py -> build/lib/httpretty
[ 1752s] copying httpretty/__init__.py -> build/lib/httpretty
[ 1752s] copying httpretty/core.py -> build/lib/httpretty
[ 1752s] copying httpretty/utils.py -> build/lib/httpretty
[ 1752s] copying httpretty/http.py -> build/lib/httpretty
[ 1752s] copying httpretty/errors.py -> build/lib/httpretty
[ 1753s] + sleep 1
[ 1754s] + RPM_EC=0
[ 1754s] ++ jobs -p
[ 1754s] + exit 0
[ 1754s] Executing(%install): /bin/sh -e /var/tmp/rpm-tmp.eXyPEO
[ 1754s] + umask 022
[ 1754s] + cd /home/abuild/rpmbuild/BUILD
[ 1754s] + '[' /home/abuild/rpmbuild/BUILDROOT/python-httpretty-0.9.5-8.oe1.riscv64 '!=' / ']'
[ 1754s] + rm -rf /home/abuild/rpmbuild/BUILDROOT/python-httpretty-0.9.5-8.oe1.riscv64
[ 1754s] ++ dirname /home/abuild/rpmbuild/BUILDROOT/python-httpretty-0.9.5-8.oe1.riscv64
[ 1754s] + mkdir -p /home/abuild/rpmbuild/BUILDROOT
[ 1754s] + mkdir /home/abuild/rpmbuild/BUILDROOT/python-httpretty-0.9.5-8.oe1.riscv64
[ 1754s] + cd httpretty-0.9.5
[ 1754s] + LANG=en_US.UTF-8
[ 1754s] + CFLAGS='-O2 -g -pipe -Wall -Werror=format-security -Wp,-D_FORTIFY_SOURCE=2 -Wp,-D_GLIBCXX_ASSERTIONS -fstack-protector-strong -grecord-gcc-switches -specs=/usr/lib/rpm/generic-hardened-cc1 -fasynchronous-unwind-tables -fstack-clash-protection'
[ 1754s] + LDFLAGS='-Wl,-z,relro   -Wl,-z,now -specs=/usr/lib/rpm/generic-hardened-ld'
[ 1754s] + /usr/bin/python3 setup.py install -O1 --skip-build --root /home/abuild/rpmbuild/BUILDROOT/python-httpretty-0.9.5-8.oe1.riscv64
[ 1763s] running install
[ 1763s] running install_lib
[ 1763s] creating /home/abuild/rpmbuild/BUILDROOT/python-httpretty-0.9.5-8.oe1.riscv64/usr
[ 1763s] creating /home/abuild/rpmbuild/BUILDROOT/python-httpretty-0.9.5-8.oe1.riscv64/usr/lib
[ 1763s] creating /home/abuild/rpmbuild/BUILDROOT/python-httpretty-0.9.5-8.oe1.riscv64/usr/lib/python3.8
[ 1763s] creating /home/abuild/rpmbuild/BUILDROOT/python-httpretty-0.9.5-8.oe1.riscv64/usr/lib/python3.8/site-packages
[ 1763s] creating /home/abuild/rpmbuild/BUILDROOT/python-httpretty-0.9.5-8.oe1.riscv64/usr/lib/python3.8/site-packages/httpretty
[ 1763s] copying build/lib/httpretty/version.py -> /home/abuild/rpmbuild/BUILDROOT/python-httpretty-0.9.5-8.oe1.riscv64/usr/lib/python3.8/site-packages/httpretty
[ 1763s] copying build/lib/httpretty/compat.py -> /home/abuild/rpmbuild/BUILDROOT/python-httpretty-0.9.5-8.oe1.riscv64/usr/lib/python3.8/site-packages/httpretty
[ 1763s] copying build/lib/httpretty/__init__.py -> /home/abuild/rpmbuild/BUILDROOT/python-httpretty-0.9.5-8.oe1.riscv64/usr/lib/python3.8/site-packages/httpretty
[ 1763s] copying build/lib/httpretty/core.py -> /home/abuild/rpmbuild/BUILDROOT/python-httpretty-0.9.5-8.oe1.riscv64/usr/lib/python3.8/site-packages/httpretty
[ 1763s] copying build/lib/httpretty/utils.py -> /home/abuild/rpmbuild/BUILDROOT/python-httpretty-0.9.5-8.oe1.riscv64/usr/lib/python3.8/site-packages/httpretty
[ 1763s] copying build/lib/httpretty/http.py -> /home/abuild/rpmbuild/BUILDROOT/python-httpretty-0.9.5-8.oe1.riscv64/usr/lib/python3.8/site-packages/httpretty
[ 1763s] copying build/lib/httpretty/errors.py -> /home/abuild/rpmbuild/BUILDROOT/python-httpretty-0.9.5-8.oe1.riscv64/usr/lib/python3.8/site-packages/httpretty
[ 1763s] byte-compiling /home/abuild/rpmbuild/BUILDROOT/python-httpretty-0.9.5-8.oe1.riscv64/usr/lib/python3.8/site-packages/httpretty/version.py to version.cpython-38.pyc
[ 1763s] byte-compiling /home/abuild/rpmbuild/BUILDROOT/python-httpretty-0.9.5-8.oe1.riscv64/usr/lib/python3.8/site-packages/httpretty/compat.py to compat.cpython-38.pyc
[ 1763s] byte-compiling /home/abuild/rpmbuild/BUILDROOT/python-httpretty-0.9.5-8.oe1.riscv64/usr/lib/python3.8/site-packages/httpretty/__init__.py to __init__.cpython-38.pyc
[ 1763s] byte-compiling /home/abuild/rpmbuild/BUILDROOT/python-httpretty-0.9.5-8.oe1.riscv64/usr/lib/python3.8/site-packages/httpretty/core.py to core.cpython-38.pyc
[ 1763s] byte-compiling /home/abuild/rpmbuild/BUILDROOT/python-httpretty-0.9.5-8.oe1.riscv64/usr/lib/python3.8/site-packages/httpretty/utils.py to utils.cpython-38.pyc
[ 1763s] byte-compiling /home/abuild/rpmbuild/BUILDROOT/python-httpretty-0.9.5-8.oe1.riscv64/usr/lib/python3.8/site-packages/httpretty/http.py to http.cpython-38.pyc
[ 1763s] byte-compiling /home/abuild/rpmbuild/BUILDROOT/python-httpretty-0.9.5-8.oe1.riscv64/usr/lib/python3.8/site-packages/httpretty/errors.py to errors.cpython-38.pyc
[ 1763s] writing byte-compilation script '/tmp/tmp90gvpc5u.py'
[ 1763s] /usr/bin/python3 /tmp/tmp90gvpc5u.py
[ 1765s] removing /tmp/tmp90gvpc5u.py
[ 1765s] running install_egg_info
[ 1766s] running egg_info
[ 1766s] writing httpretty.egg-info/PKG-INFO
[ 1766s] writing dependency_links to httpretty.egg-info/dependency_links.txt
[ 1766s] writing requirements to httpretty.egg-info/requires.txt
[ 1766s] writing top-level names to httpretty.egg-info/top_level.txt
[ 1766s] reading manifest file 'httpretty.egg-info/SOURCES.txt'
[ 1766s] reading manifest template 'MANIFEST.in'
[ 1766s] adding license file 'COPYING'
[ 1767s] writing manifest file 'httpretty.egg-info/SOURCES.txt'
[ 1767s] Copying httpretty.egg-info to /home/abuild/rpmbuild/BUILDROOT/python-httpretty-0.9.5-8.oe1.riscv64/usr/lib/python3.8/site-packages/httpretty-0.9.5-py3.8.egg-info
[ 1767s] running install_scripts
[ 1768s] /usr/lib/python3.8/site-packages/setuptools/command/install.py:34: SetuptoolsDeprecationWarning: setup.py install is deprecated. Use build and pip and other standards-based tools.
[ 1768s]   warnings.warn(
[ 1768s] + /usr/lib/rpm/find-debuginfo.sh -j8 --strict-build-id -i --build-id-seed 0.9.5-8.oe1 --unique-debug-suffix -0.9.5-8.oe1.riscv64 --unique-debug-src-base python-httpretty-0.9.5-8.oe1.riscv64 -S debugsourcefiles.list /home/abuild/rpmbuild/BUILD/httpretty-0.9.5
[ 1769s] find: 'debug': No such file or directory
[ 1770s] + /usr/lib/rpm/check-buildroot
[ 1770s] + /usr/lib/rpm/brp-ldconfig
[ 1770s] + /usr/lib/rpm/brp-compress
[ 1770s] + /usr/lib/rpm/brp-strip-static-archive /usr/bin/strip
[ 1772s] + /usr/lib/rpm/brp-python-bytecompile /usr/bin/python 1 1
[ 1773s] Bytecompiling .py files below /home/abuild/rpmbuild/BUILDROOT/python-httpretty-0.9.5-8.oe1.riscv64/usr/lib/python3.8 using /usr/bin/python3.8
[ 1777s] + /usr/lib/rpm/brp-python-hardlink
[ 1780s] Executing(%check): /bin/sh -e /var/tmp/rpm-tmp.KHF1J8
[ 1780s] + umask 022
[ 1780s] + cd /home/abuild/rpmbuild/BUILD
[ 1780s] + cd httpretty-0.9.5
[ 1780s] + LANG=en_US.UTF-8
[ 1780s] + /usr/bin/python3 -m nose -v
[ 1788s] nose.config: INFO: Ignoring files matching ['^\\.', '^_', '^setup\\.py$']
[ 1788s] nose.plugins.cover: ERROR: Coverage not available: unable to import coverage module
[ 1793s] Failure: ModuleNotFoundError (No module named 'tornado') ... ERROR
[ 1793s] 
[ 1793s] ======================================================================
[ 1793s] ERROR: Failure: ModuleNotFoundError (No module named 'tornado')
[ 1793s] ----------------------------------------------------------------------
[ 1793s] Traceback (most recent call last):
[ 1793s]   File "/usr/lib/python3.8/site-packages/nose/failure.py", line 39, in runTest
[ 1793s]     raise self.exc_val.with_traceback(self.tb)
[ 1793s]   File "/usr/lib/python3.8/site-packages/nose/loader.py", line 416, in loadTestsFromName
[ 1793s]     module = self.importer.importFromPath(
[ 1793s]   File "/usr/lib/python3.8/site-packages/nose/importer.py", line 47, in importFromPath
[ 1793s]     return self.importFromDir(dir_path, fqname)
[ 1793s]   File "/usr/lib/python3.8/site-packages/nose/importer.py", line 94, in importFromDir
[ 1793s]     mod = load_module(part_fqname, fh, filename, desc)
[ 1793s]   File "/usr/lib64/python3.8/imp.py", line 234, in load_module
[ 1793s]     return load_source(name, filename, file)
[ 1793s]   File "/usr/lib64/python3.8/imp.py", line 171, in load_source
[ 1793s]     module = _load(spec)
[ 1793s]   File "<frozen importlib._bootstrap>", line 702, in _load
[ 1793s]   File "<frozen importlib._bootstrap>", line 671, in _load_unlocked
[ 1793s]   File "<frozen importlib._bootstrap_external>", line 783, in exec_module
[ 1793s]   File "<frozen importlib._bootstrap>", line 219, in _call_with_frames_removed
[ 1793s]   File "/home/abuild/rpmbuild/BUILD/httpretty-0.9.5/tests/functional/test_bypass.py", line 35, in <module>
[ 1793s]     from .testserver import TornadoServer, TCPServer, TCPClient
[ 1793s]   File "/home/abuild/rpmbuild/BUILD/httpretty-0.9.5/tests/functional/testserver.py", line 33, in <module>
[ 1793s]     from tornado.web import Application
[ 1793s] ModuleNotFoundError: No module named 'tornado'
[ 1793s] 
[ 1793s] ----------------------------------------------------------------------
[ 1793s] Ran 1 test in 4.309s
[ 1793s] 
[ 1793s] FAILED (errors=1)
[ 1793s] error: Bad exit status from /var/tmp/rpm-tmp.KHF1J8 (%check)
[ 1793s] 
[ 1793s] 
[ 1793s] RPM build errors:
[ 1793s]     extra tokens at the end of %endif directive in line 16:  %endif riscv
[ 1793s] 
[ 1793s]     extra tokens at the end of %endif directive in line 16:  %endif riscv
[ 1793s] 
[ 1793s]     bogus date in %changelog: Wed Feb 22 2022 lvxiaoqian <xiaoqian@nj.iscas.ac.cn> - 0.9.5-7
[ 1793s]     Bad exit status from /var/tmp/rpm-tmp.KHF1J8 (%check)
[ 1794s] 
[ 1794s] oe-RISCV-worker20 failed "build python-httpretty.spec" at Sat Apr 16 11:47:45 UTC 2022.
[ 1794s] 
