[    0s] Using BUILD_ROOT=/var/cache/obs/worker/root_8/.mount
[    0s] Using BUILD_ARCH=riscv64
[    0s] Doing kvm build in /var/cache/obs/worker/root_8/root
[    0s] 
[    1s] 
[    1s] lamb15 started "build python-txaio.spec" at Sun Feb 19 07:30:59 UTC 2023.
[    1s] 
[    1s] Building python-txaio for project 'openSUSE:Factory:RISCV' repository 'standard' arch 'riscv64' srcmd5 '2bc73464de9a968b1d3bb523d70bccc7'
[    1s] 
[    1s] processing recipe /var/cache/obs/worker/root_8/.build-srcdir/python-txaio.spec ...
[    1s] running changelog2spec --target rpm --file /var/cache/obs/worker/root_8/.build-srcdir/python-txaio.spec
[    1s] init_buildsystem --configdir /var/run/obs/worker/8/build/configs --cachedir /var/cache/build --prepare --clean --rpmlist /var/cache/obs/worker/root_8/.build.rpmlist /var/cache/obs/worker/root_8/.build-srcdir/python-txaio.spec build ...
[    1s] unpacking preinstall image openSUSE:Factory:RISCV/standard/preinstallimage-python [83160fede3a282f635470653fe6cebf8]
[    5s] 
[    5s] copying packages...
[    5s] reordering...cycle: fontconfig -> libfontconfig1
[    5s]   breaking dependency libfontconfig1 -> fontconfig
[    5s] cycle: python310-Twisted-tls -> python310-Twisted
[    5s]   breaking dependency python310-Twisted-tls -> python310-Twisted
[    5s] cycle: python311-Twisted-tls -> python311-Twisted
[    5s]   breaking dependency python311-Twisted-tls -> python311-Twisted
[    5s] cycle: python38-Twisted-tls -> python38-Twisted
[    5s]   breaking dependency python38-Twisted-tls -> python38-Twisted
[    5s] cycle: python39-Twisted-tls -> python39-Twisted
[    5s]   breaking dependency python39-Twisted-tls -> python39-Twisted
[    5s] done
[    5s] Detected virtio-serial support
[    7s] booting kvm...
[    7s] ### VM INTERACTION START ###
[    7s] Using virtio-serial support
[    7s] /usr/bin/qemu-kvm -nodefaults -no-reboot -nographic -vga none -cpu host -M pc,accel=kvm,usb=off,dump-guest-core=off,vmport=off -sandbox on -bios /usr/share/qemu/qboot.rom -object rng-random,filename=/dev/random,id=rng0 -device virtio-rng-pci,rng=rng0 -object iothread,id=io0 -runas qemu -net none -kernel /var/cache/obs/worker/root_8/.mount/boot/kernel -initrd /var/cache/obs/worker/root_8/.mount/boot/initrd -append root=/dev/disk/by-id/virtio-0 rootfstype=ext4 rootflags=noatime kvmclock mitigations=off elevator=noop nmi_watchdog=0 rw rd.driver.pre=binfmt_misc oops=panic panic=1 quiet console=hvc0 init=/.build/initvm.x86_64 -m 8192 -drive file=/var/cache/obs/worker/root_8/root,format=raw,if=none,id=disk,cache=unsafe,aio=io_uring -device virtio-blk-pci,iothread=io0,drive=disk,serial=0 -drive file=/var/cache/obs/worker/root_8/swap,format=raw,if=none,id=swap,cache=unsafe,aio=io_uring -device virtio-blk-pci,iothread=io0,drive=swap,serial=1 -device virtio-serial,max_ports=2 -device virtconsole,chardev=virtiocon0 -chardev stdio,id=virtiocon0 -chardev socket,id=monitor,server=on,wait=off,path=/var/cache/obs/worker/root_8/root.qemu/monitor -mon chardev=monitor,mode=readline -smp 8
[   11s] ### VM INTERACTION END ###
[   11s] 2nd stage started in virtual machine
[   11s] machine type: riscv64
[   12s] Linux version: 6.1.12-1-default #1 SMP PREEMPT_DYNAMIC Wed Feb 15 05:31:41 UTC 2023 (373f017)
[   12s] Increasing log level from now on...
[   12s] [    4.625316][  T406] sysrq: Changing Loglevel
[   12s] [    4.625570][  T406] sysrq: Loglevel set to 4
[   12s] Enable sysrq operations
[   12s] Setting up swapspace version 1, size = 2 GiB (2097147904 bytes)
[   12s] no label, UUID=f6b89e20-60de-4181-8ebb-4af5cd07b40f
[   12s] swapon: /dev/vdb: found signature [pagesize=4096, signature=swap]
[   12s] swapon: /dev/vdb: pagesize=4096, swapsize=2097152000, devsize=2097152000
[   12s] swapon /dev/vdb
[   12s] WARNING: udev not running, creating extra device nodes
[   13s] logging output to //.build.log...
[   13s] processing recipe /.build-srcdir/python-txaio.spec ...
[   13s] init_buildsystem --configdir /.build/configs --cachedir /var/cache/build /.build-srcdir/python-txaio.spec build ...
[   14s] initializing rpm db...
[   14s] querying package ids...
[   41s] [1/283] preinstalled aaa_base-84.87+git20220822.6b9f7a3-1.1
[   41s] [2/283] preinstalled aaa_base-malloccheck-84.87+git20220822.6b9f7a3-1.1
[   41s] [3/283] preinstalled attr-2.5.1-1.1
[   41s] [4/283] preinstalled bash-5.2.15-8.1
[   41s] [5/283] preinstalled bash-sh-5.2.15-8.1
[   41s] [6/283] preinstalled binutils-2.39-3.1
[   41s] [7/283] preinstalled brp-check-suse-84.87+git20221115.2f7add6-1.1
[   41s] [8/283] preinstalled build-compare-20221206T204012.bb70754-1.2
[   41s] [9/283] preinstalled build-mkbaselibs-20230215-1.1
[   41s] [10/283] preinstalled bzip2-1.0.8-4.1
[   41s] [11/283] preinstalled chkstat-1599_20221220-1.2
[   41s] [12/283] preinstalled compat-usrmerge-build-84.87-5.1
[   41s] [13/283] preinstalled compat-usrmerge-tools-84.87-5.1
[   41s] [14/283] preinstalled coreutils-9.1-5.1
[   41s] [15/283] preinstalled cpio-2.13-5.1
[   41s] [16/283] preinstalled cpp-12-2.1
[   41s] [17/283] preinstalled cpp12-12.2.1+git749-4.1
[   41s] [18/283] preinstalled crypto-policies-20210917.c9d86d1-1.1
[   41s] [19/283] preinstalled debugedit-5.0-5.1
[   41s] [20/283] preinstalled diffutils-3.9-1.1
[   41s] [21/283] preinstalled dwz-0.15-2.1
[   41s] [22/283] preinstalled elfutils-0.188-3.2
[   41s] [23/283] cumulate fdupes-2.2.1-1.1
[   41s] [24/283] preinstalled file-5.44-1.2
[   41s] [25/283] preinstalled file-magic-5.44-1.2
[   41s] [26/283] preinstalled filesystem-84.87-12.1
[   41s] [27/283] preinstalled fillup-1.42-279.1
[   41s] [28/283] preinstalled findutils-4.9.0-2.1
[   41s] [29/283] preinstalled gawk-5.2.1-2.1
[   41s] [30/283] preinstalled gcc-12-2.1
[   41s] [31/283] preinstalled gcc-PIE-12-2.1
[   41s] [32/283] preinstalled gcc12-12.2.1+git749-4.1
[   41s] [33/283] preinstalled gcc12-PIE-12.2.1+git749-4.1
[   41s] [34/283] preinstalled gettext-runtime-mini-0.21.1-1.1
[   41s] [35/283] preinstalled gettext-tools-mini-0.21.1-1.1
[   41s] [36/283] preinstalled glibc-2.37-1.1
[   41s] [37/283] preinstalled glibc-devel-2.37-1.1
[   41s] [38/283] preinstalled glibc-locale-base-2.37-1.1
[   41s] [39/283] preinstalled grep-3.8-3.1
[   41s] [40/283] preinstalled gzip-1.12-3.1
[   41s] [41/283] preinstalled kernel-obs-build-6.1.12-1.1
[   41s] [42/283] cumulate libX11-data-1.8.1-4.1
[   41s] [43/283] cumulate libXau6-1.0.11-1.1
[   41s] [44/283] preinstalled libacl1-2.3.1-2.1
[   41s] [45/283] cumulate libalternatives1-1.2+3.b848aad-3.1
[   41s] [46/283] preinstalled libasan8-13.0.1+git5428-6.1
[   41s] [47/283] preinstalled libasm1-0.188-3.2
[   41s] [48/283] preinstalled libatomic1-13.0.1+git5428-6.1
[   41s] [49/283] preinstalled libattr1-2.5.1-1.1
[   41s] [50/283] preinstalled libaudit1-3.0.6-4.1
[   41s] [51/283] preinstalled libblkid1-2.38.1-7.1
[   41s] [52/283] cumulate libbrotlicommon1-1.0.9-1.1
[   41s] [53/283] preinstalled libbz2-1-1.0.8-4.1
[   41s] [54/283] preinstalled libcap-ng0-0.8.3-1.1
[   41s] [55/283] preinstalled libcap2-2.67-1.1
[   41s] [56/283] preinstalled libcrypt1-4.4.33-1.1
[   41s] [57/283] preinstalled libctf-nobfd0-2.39-3.1
[   41s] [58/283] preinstalled libctf0-2.39-3.1
[   41s] [59/283] preinstalled libdb-4_8-4.8.30-39.1
[   41s] [60/283] preinstalled libdw1-0.188-3.2
[   41s] [61/283] preinstalled libeconf0-0.5.1-1.1
[   41s] [62/283] preinstalled libelf1-0.188-3.2
[   41s] [63/283] preinstalled libexpat1-2.5.0-2.1
[   41s] [64/283] preinstalled libfdisk1-2.38.1-7.1
[   41s] [65/283] preinstalled libffi8-3.4.4-1.1
[   41s] [66/283] preinstalled libgcc_s1-13.0.1+git5428-6.1
[   41s] [67/283] preinstalled libgcrypt20-1.10.1-1.1
[   41s] [68/283] preinstalled libgdbm6-1.23-1.1
[   41s] [69/283] preinstalled libgdbm_compat4-1.23-1.1
[   41s] [70/283] preinstalled libgmp10-6.2.1-4.1
[   41s] [71/283] preinstalled libgomp1-13.0.1+git5428-6.1
[   41s] [72/283] preinstalled libgpg-error0-1.46-1.1
[   41s] [73/283] preinstalled libisl23-0.25-1.1
[   41s] [74/283] preinstalled liblua5_4-5-5.4.4-8.1
[   41s] [75/283] preinstalled liblzma5-5.4.1-1.1
[   41s] [76/283] preinstalled libmagic1-5.44-1.2
[   41s] [77/283] preinstalled libmount1-2.38.1-7.1
[   41s] [78/283] preinstalled libmpc3-1.3.1-1.2
[   41s] [79/283] preinstalled libmpdec3-2.5.1-2.1
[   41s] [80/283] preinstalled libmpfr6-4.2.0-1.1
[   41s] [81/283] preinstalled libncurses6-6.4.20230128-5.1
[   41s] [82/283] preinstalled libopenssl3-3.0.7-3.1
[   41s] [83/283] preinstalled libpcre2-8-0-10.42-3.2
[   41s] [84/283] preinstalled libpkgconf3-1.8.0-2.1
[   41s] [85/283] cumulate libpng16-16-1.6.39-2.1
[   41s] [86/283] preinstalled libpopt0-1.19-1.1
[   41s] [87/283] preinstalled libpython3_10-1_0-3.10.9-2.2
[   41s] [88/283] preinstalled libpython3_11-1_0-3.11.1-4.2
[   41s] [89/283] preinstalled libpython3_8-1_0-3.8.16-3.2
[   41s] [90/283] preinstalled libpython3_9-1_0-3.9.16-3.2
[   41s] [91/283] preinstalled libreadline8-8.2-2.1
[   41s] [92/283] preinstalled librpmbuild9-4.18.0-3.2
[   41s] [93/283] preinstalled libseccomp2-2.5.4-2.1
[   41s] [94/283] preinstalled libselinux1-3.4-2.1
[   41s] [95/283] preinstalled libsemanage-conf-3.4-1.1
[   41s] [96/283] preinstalled libsemanage2-3.4-1.1
[   41s] [97/283] preinstalled libsepol2-3.4-1.1
[   41s] [98/283] preinstalled libsmartcols1-2.38.1-7.1
[   41s] [99/283] cumulate libsqlite3-0-3.40.1-1.1
[   41s] [100/283] preinstalled libstdc++6-13.0.1+git5428-6.1
[   41s] [101/283] preinstalled libsubid4-4.13-3.1
[   41s] [102/283] preinstalled libubsan1-13.0.1+git5428-6.1
[   41s] [103/283] preinstalled libutempter0-1.2.0-3.2
[   41s] [104/283] preinstalled libuuid1-2.38.1-7.1
[   41s] [105/283] preinstalled libxcrypt-devel-4.4.33-1.1
[   41s] [106/283] preinstalled libz1-1.2.13-2.1
[   41s] [107/283] preinstalled libzstd1-1.5.2-2.1
[   41s] [108/283] preinstalled linux-glibc-devel-6.1-1.1
[   41s] [109/283] preinstalled login_defs-4.13-3.1
[   41s] [110/283] preinstalled lua54-5.4.4-8.1
[   42s] [111/283] preinstalled make-4.4-2.1
[   42s] [112/283] preinstalled ncurses-utils-6.4.20230128-5.1
[   42s] [113/283] preinstalled pam-1.5.2-12.1
[   42s] [114/283] preinstalled patch-2.7.6-6.1
[   42s] [115/283] preinstalled perl-5.36.0-4.1
[   42s] [116/283] preinstalled perl-base-5.36.0-4.1
[   42s] [117/283] preinstalled permissions-1599_20221220-1.2
[   42s] [118/283] preinstalled permissions-config-1599_20221220-1.2
[   42s] [119/283] preinstalled pkgconf-1.8.0-2.1
[   42s] [120/283] preinstalled pkgconf-m4-1.8.0-2.1
[   42s] [121/283] preinstalled pkgconf-pkg-config-1.8.0-2.1
[   42s] [122/283] preinstalled polkit-default-privs-1550+20221102.9f111fa-1.1
[   42s] [123/283] preinstalled post-build-checks-84.87+git20230106.3a359c5-1.1
[   42s] [124/283] preinstalled python-rpm-macros-20230128.e704796-1.2
[   42s] [125/283] preinstalled python-rpm-packaging-20210526+a18ca48-1.2
[   42s] [126/283] cumulate python310-attrs-22.2.0-1.2
[   42s] [127/283] preinstalled python310-base-3.10.9-2.2
[   42s] [128/283] cumulate python310-constantly-15.1.0-2.11
[   42s] [129/283] cumulate python310-exceptiongroup-1.1.0-1.2
[   42s] [130/283] cumulate python310-idna-3.4-1.2
[   42s] [131/283] cumulate python310-incremental-22.10.0-1.2
[   42s] [132/283] cumulate python310-iniconfig-1.1.1-3.2
[   42s] [133/283] preinstalled python310-packaging-23.0-1.1
[   42s] [134/283] cumulate python310-pluggy-1.0.0-1.5
[   42s] [135/283] cumulate python310-pyasn1-0.4.8-2.5
[   42s] [136/283] cumulate python310-pycparser-2.21-1.5
[   42s] [137/283] preinstalled python310-setuptools-65.6.3-1.2
[   42s] [138/283] cumulate python310-six-1.16.0-2.5
[   42s] [139/283] cumulate python310-tomli-2.0.1-1.3
[   42s] [140/283] cumulate python310-typing_extensions-4.4.0-2.2
[   42s] [141/283] cumulate python310-zipp-3.8.1-1.2
[   42s] [142/283] cumulate python310-zope.interface-5.5.2-1.2
[   42s] [143/283] cumulate python311-attrs-22.2.0-1.2
[   42s] [144/283] preinstalled python311-base-3.11.1-4.2
[   42s] [145/283] cumulate python311-constantly-15.1.0-2.11
[   42s] [146/283] cumulate python311-exceptiongroup-1.1.0-1.2
[   42s] [147/283] cumulate python311-idna-3.4-1.2
[   42s] [148/283] cumulate python311-incremental-22.10.0-1.2
[   42s] [149/283] cumulate python311-iniconfig-1.1.1-3.2
[   42s] [150/283] cumulate python311-packaging-23.0-1.2
[   42s] [151/283] cumulate python311-pluggy-1.0.0-1.5
[   42s] [152/283] cumulate python311-pyasn1-0.4.8-2.5
[   42s] [153/283] cumulate python311-pycparser-2.21-1.5
[   42s] [154/283] preinstalled python311-setuptools-65.6.3-1.2
[   42s] [155/283] cumulate python311-six-1.16.0-2.5
[   42s] [156/283] cumulate python311-tomli-2.0.1-1.3
[   42s] [157/283] cumulate python311-typing_extensions-4.4.0-2.2
[   42s] [158/283] cumulate python311-zipp-3.8.1-1.2
[   42s] [159/283] cumulate python311-zope.interface-5.5.2-1.2
[   42s] [160/283] cumulate python38-attrs-22.2.0-1.2
[   42s] [161/283] preinstalled python38-base-3.8.16-3.2
[   42s] [162/283] cumulate python38-constantly-15.1.0-2.11
[   42s] [163/283] cumulate python38-exceptiongroup-1.1.0-1.2
[   42s] [164/283] cumulate python38-idna-3.4-1.2
[   42s] [165/283] cumulate python38-incremental-22.10.0-1.2
[   42s] [166/283] cumulate python38-iniconfig-1.1.1-3.2
[   42s] [167/283] cumulate python38-packaging-23.0-1.2
[   42s] [168/283] cumulate python38-pluggy-1.0.0-1.5
[   42s] [169/283] cumulate python38-pyasn1-0.4.8-2.5
[   42s] [170/283] cumulate python38-pycparser-2.21-1.5
[   42s] [171/283] preinstalled python38-setuptools-65.6.3-1.2
[   42s] [172/283] cumulate python38-six-1.16.0-2.5
[   42s] [173/283] cumulate python38-tomli-2.0.1-1.3
[   42s] [174/283] cumulate python38-typing_extensions-4.4.0-2.2
[   42s] [175/283] cumulate python38-zipp-3.8.1-1.2
[   42s] [176/283] cumulate python38-zope.interface-5.5.2-1.2
[   42s] [177/283] cumulate python39-attrs-22.2.0-1.2
[   42s] [178/283] preinstalled python39-base-3.9.16-3.2
[   42s] [179/283] cumulate python39-constantly-15.1.0-2.11
[   42s] [180/283] cumulate python39-exceptiongroup-1.1.0-1.2
[   42s] [181/283] cumulate python39-idna-3.4-1.2
[   42s] [182/283] cumulate python39-incremental-22.10.0-1.2
[   42s] [183/283] cumulate python39-iniconfig-1.1.1-3.2
[   42s] [184/283] cumulate python39-packaging-23.0-1.2
[   42s] [185/283] cumulate python39-pluggy-1.0.0-1.5
[   42s] [186/283] cumulate python39-pyasn1-0.4.8-2.5
[   42s] [187/283] cumulate python39-pycparser-2.21-1.5
[   42s] [188/283] preinstalled python39-setuptools-65.6.3-1.2
[   42s] [189/283] cumulate python39-six-1.16.0-2.5
[   42s] [190/283] cumulate python39-tomli-2.0.1-1.3
[   42s] [191/283] cumulate python39-typing_extensions-4.4.0-2.2
[   42s] [192/283] cumulate python39-zipp-3.8.1-1.2
[   42s] [193/283] cumulate python39-zope.interface-5.5.2-1.2
[   42s] [194/283] preinstalled qemu-linux-user-7.1.0-50.1
[   42s] [195/283] preinstalled rpm-4.18.0-3.2
[   42s] [196/283] preinstalled rpm-build-4.18.0-3.2
[   42s] [197/283] preinstalled rpm-build-perl-4.18.0-3.2
[   42s] [198/283] preinstalled rpm-config-SUSE-20220926-1.1
[   42s] [199/283] preinstalled rpmlint-mini-2.4.0+git20230214.1bab129-9.4
[   42s] [200/283] preinstalled rpmlint-strict-2.4.0+git20230214.1bab129-1.1
[   42s] [201/283] preinstalled sed-4.9-2.1
[   42s] [202/283] preinstalled shadow-4.13-3.1
[   42s] [203/283] preinstalled system-group-hardware-20170617-24.1
[   42s] [204/283] preinstalled system-user-root-20190513-2.1
[   42s] [205/283] preinstalled systemd-rpm-macros-19-1.1
[   42s] [206/283] preinstalled sysuser-shadow-3.1-5.1
[   42s] [207/283] preinstalled tar-1.34-9.1
[   42s] [208/283] cumulate tcl-8.6.13-4.1
[   42s] [209/283] preinstalled terminfo-base-6.4.20230128-5.1
[   42s] [210/283] preinstalled update-alternatives-1.21.8-1.1
[   42s] [211/283] preinstalled util-linux-2.38.1-7.1
[   42s] [212/283] preinstalled which-2.21-5.1
[   42s] [213/283] preinstalled xz-5.4.1-1.1
[   42s] [214/283] cumulate alts-1.2+3.b848aad-3.1
[   42s] [215/283] cumulate libbrotlidec1-1.0.9-1.1
[   42s] [216/283] cumulate libxcb1-1.15-2.1
[   42s] [217/283] cumulate python310-3.10.9-2.1
[   42s] [218/283] cumulate python310-Automat-22.10.0-1.2
[   42s] [219/283] cumulate python310-cffi-1.15.1-3.2
[   42s] [220/283] cumulate python310-hyperlink-21.0.0-1.6
[   42s] [221/283] cumulate python310-importlib-metadata-6.0.0-1.2
[   42s] [222/283] cumulate python310-pyasn1-modules-0.2.8-1.10
[   42s] [223/283] cumulate python311-3.11.1-4.1
[   42s] [224/283] cumulate python311-Automat-22.10.0-1.2
[   42s] [225/283] cumulate python311-cffi-1.15.1-3.2
[   42s] [226/283] cumulate python311-hyperlink-21.0.0-1.6
[   42s] [227/283] cumulate python311-importlib-metadata-6.0.0-1.2
[   42s] [228/283] cumulate python311-pyasn1-modules-0.2.8-1.10
[   42s] [229/283] cumulate python38-3.8.16-3.1
[   42s] [230/283] cumulate python38-Automat-22.10.0-1.2
[   42s] [231/283] cumulate python38-cffi-1.15.1-3.2
[   42s] [232/283] cumulate python38-hyperlink-21.0.0-1.6
[   42s] [233/283] cumulate python38-importlib-metadata-6.0.0-1.2
[   42s] [234/283] cumulate python38-pyasn1-modules-0.2.8-1.10
[   42s] [235/283] cumulate python39-3.9.16-3.1
[   42s] [236/283] cumulate python39-Automat-22.10.0-1.2
[   42s] [237/283] cumulate python39-cffi-1.15.1-3.2
[   42s] [238/283] cumulate python39-hyperlink-21.0.0-1.6
[   42s] [239/283] cumulate python39-importlib-metadata-6.0.0-1.2
[   42s] [240/283] cumulate python39-pyasn1-modules-0.2.8-1.10
[   42s] [241/283] cumulate python310-pyOpenSSL-23.0.0-1.2
[   42s] [242/283] cumulate python311-pyOpenSSL-23.0.0-1.2
[   42s] [243/283] cumulate python38-pyOpenSSL-23.0.0-1.2
[   42s] [244/283] cumulate python39-pyOpenSSL-23.0.0-1.2
[   42s] [245/283] cumulate libX11-6-1.8.1-4.1
[   42s] [246/283] cumulate libfreetype6-2.12.1-4.1
[   42s] [247/283] cumulate python310-cryptography-39.0.1-1.2
[   42s] [248/283] cumulate python311-cryptography-39.0.1-1.2
[   42s] [249/283] cumulate python38-cryptography-39.0.1-1.2
[   42s] [250/283] cumulate python39-cryptography-39.0.1-1.2
[   42s] [251/283] cumulate python310-pytest-7.2.0-2.2
[   42s] [252/283] cumulate python311-pytest-7.2.0-2.2
[   42s] [253/283] cumulate python38-pytest-7.2.0-2.2
[   42s] [254/283] cumulate python39-pytest-7.2.0-2.2
[   42s] [255/283] cumulate libXext6-1.3.5-1.1
[   42s] [256/283] cumulate libXmuu1-1.1.4-1.1
[   42s] [257/283] cumulate libXrender1-0.9.11-1.1
[   42s] [258/283] cumulate python310-service_identity-21.1.0-1.3
[   42s] [259/283] cumulate python311-service_identity-21.1.0-1.3
[   42s] [260/283] cumulate python38-service_identity-21.1.0-1.3
[   42s] [261/283] cumulate python39-service_identity-21.1.0-1.3
[   42s] [262/283] cumulate libXss1-1.2.4-1.1
[   42s] [263/283] cumulate xhost-1.0.9-1.1
[   42s] [264/283] cumulate libfontconfig1-2.14.2-1.1
[   42s] [265/283] cumulate python310-Twisted-tls-22.10.0-4.2
[   42s] [266/283] cumulate python311-Twisted-tls-22.10.0-4.2
[   42s] [267/283] cumulate python38-Twisted-tls-22.10.0-4.2
[   42s] [268/283] cumulate python39-Twisted-tls-22.10.0-4.2
[   42s] [269/283] cumulate fontconfig-2.14.2-1.1
[   42s] [270/283] cumulate libXft2-2.3.7-1.1
[   42s] [271/283] cumulate python310-Twisted-22.10.0-4.2
[   42s] [272/283] cumulate python311-Twisted-22.10.0-4.2
[   42s] [273/283] cumulate python38-Twisted-22.10.0-4.2
[   42s] [274/283] cumulate python39-Twisted-22.10.0-4.2
[   42s] [275/283] cumulate tk-8.6.13-1.1
[   42s] [276/283] cumulate python310-tk-3.10.9-2.1
[   42s] [277/283] cumulate python311-tk-3.11.1-4.1
[   42s] [278/283] cumulate python38-tk-3.8.16-3.1
[   42s] [279/283] cumulate python39-tk-3.9.16-3.1
[   42s] [280/283] cumulate python310-testsuite-3.10.9-2.2
[   42s] [281/283] cumulate python311-testsuite-3.11.1-4.2
[   42s] [282/283] cumulate python38-testsuite-3.8.16-3.2
[   42s] [283/283] cumulate python39-testsuite-3.9.16-3.2
[   42s] now installing cumulated packages
[   43s] Preparing...                          ########################################
[   43s] Updating / installing...
[   44s] tcl-8.6.13-4.1                        ########################################
[   45s] python39-attrs-22.2.0-1.2             ########################################
[   45s] python38-attrs-22.2.0-1.2             ########################################
[   45s] python311-attrs-22.2.0-1.2            ########################################
[   45s] python310-attrs-22.2.0-1.2            ########################################
[   45s] libsqlite3-0-3.40.1-1.1               ########################################
[   45s] python310-3.10.9-2.1                  ########################################
[   45s] python311-3.11.1-4.1                  ########################################
[   45s] python38-3.8.16-3.1                   ########################################
[   45s] python39-3.9.16-3.1                   ########################################
[   45s] python39-idna-3.4-1.2                 ########################################
[   45s] python38-idna-3.4-1.2                 ########################################
[   45s] python311-idna-3.4-1.2                ########################################
[   45s] python310-idna-3.4-1.2                ########################################
[   45s] python39-pyasn1-0.4.8-2.5             ########################################
[   46s] python38-pyasn1-0.4.8-2.5             ########################################
[   46s] python311-pyasn1-0.4.8-2.5            ########################################
[   46s] python310-pyasn1-0.4.8-2.5            ########################################
[   46s] python310-pyasn1-modules-0.2.8-1.10   ########################################
[   46s] python311-pyasn1-modules-0.2.8-1.10   ########################################
[   47s] python38-pyasn1-modules-0.2.8-1.10    ########################################
[   47s] python39-pyasn1-modules-0.2.8-1.10    ########################################
[   47s] python310-hyperlink-21.0.0-1.6        ########################################
[   47s] python311-hyperlink-21.0.0-1.6        ########################################
[   47s] python38-hyperlink-21.0.0-1.6         ########################################
[   47s] python39-hyperlink-21.0.0-1.6         ########################################
[   47s] python39-zope.interface-5.5.2-1.2     ########################################
[   47s] python39-zipp-3.8.1-1.2               ########################################
[   47s] python39-importlib-metadata-6.0.0-1.2 ########################################
[   47s] python39-typing_extensions-4.4.0-2.2  ########################################
[   47s] python39-tomli-2.0.1-1.3              ########################################
[   47s] python39-six-1.16.0-2.5               ########################################
[   48s] python39-pycparser-2.21-1.5           ########################################
[   48s] python39-cffi-1.15.1-3.2              ########################################
[   48s] python39-cryptography-39.0.1-1.2      ########################################
[   48s] python39-pyOpenSSL-23.0.0-1.2         ########################################
[   48s] python39-service_identity-21.1.0-1.3  ########################################
[   48s] python39-pluggy-1.0.0-1.5             ########################################
[   48s] python39-packaging-23.0-1.2           ########################################
[   48s] python39-iniconfig-1.1.1-3.2          ########################################
[   49s] python39-exceptiongroup-1.1.0-1.2     ########################################
[   49s] python39-constantly-15.1.0-2.11       ########################################
[   49s] python39-incremental-22.10.0-1.2      ########################################
[   49s] python39-Automat-22.10.0-1.2          ########################################
[   52s] python39-Twisted-22.10.0-4.2          ########################################
[   52s] update-alternatives: error: no alternatives for cftp
[   52s] update-alternatives: error: no alternatives for ckeygen
[   52s] update-alternatives: error: no alternatives for conch
[   52s] update-alternatives: error: no alternatives for pyhtmlizer
[   52s] update-alternatives: error: no alternatives for tkconch
[   53s] update-alternatives: error: no alternatives for trial
[   53s] update-alternatives: error: no alternatives for twist
[   53s] python39-Twisted-tls-22.10.0-4.2      ########################################
[   53s] python38-zope.interface-5.5.2-1.2     ########################################
[   53s] python38-zipp-3.8.1-1.2               ########################################
[   53s] python38-importlib-metadata-6.0.0-1.2 ########################################
[   53s] python38-typing_extensions-4.4.0-2.2  ########################################
[   53s] python38-tomli-2.0.1-1.3              ########################################
[   53s] python38-six-1.16.0-2.5               ########################################
[   53s] python38-pycparser-2.21-1.5           ########################################
[   53s] python38-cffi-1.15.1-3.2              ########################################
[   54s] python38-cryptography-39.0.1-1.2      ########################################
[   54s] python38-pyOpenSSL-23.0.0-1.2         ########################################
[   54s] python38-service_identity-21.1.0-1.3  ########################################
[   54s] python38-pluggy-1.0.0-1.5             ########################################
[   54s] python38-packaging-23.0-1.2           ########################################
[   54s] python38-iniconfig-1.1.1-3.2          ########################################
[   54s] python38-exceptiongroup-1.1.0-1.2     ########################################
[   54s] python38-constantly-15.1.0-2.11       ########################################
[   54s] python38-incremental-22.10.0-1.2      ########################################
[   54s] python38-Automat-22.10.0-1.2          ########################################
[   58s] python38-Twisted-22.10.0-4.2          ########################################
[   58s] update-alternatives: error: no alternatives for cftp
[   58s] update-alternatives: error: no alternatives for ckeygen
[   58s] update-alternatives: error: no alternatives for conch
[   58s] update-alternatives: error: no alternatives for pyhtmlizer
[   58s] update-alternatives: error: no alternatives for tkconch
[   58s] update-alternatives: error: no alternatives for trial
[   58s] update-alternatives: error: no alternatives for twist
[   58s] python38-Twisted-tls-22.10.0-4.2      ########################################
[   59s] python311-zope.interface-5.5.2-1.2    ########################################
[   59s] python311-zipp-3.8.1-1.2              ########################################
[   59s] python311-importlib-metadata-6.0.0-1.2########################################
[   59s] python311-typing_extensions-4.4.0-2.2 ########################################
[   59s] python311-tomli-2.0.1-1.3             ########################################
[   59s] python311-six-1.16.0-2.5              ########################################
[   59s] python311-pycparser-2.21-1.5          ########################################
[   59s] python311-cffi-1.15.1-3.2             ########################################
[   60s] python311-cryptography-39.0.1-1.2     ########################################
[   60s] python311-pyOpenSSL-23.0.0-1.2        ########################################
[   60s] python311-service_identity-21.1.0-1.3 ########################################
[   60s] python311-pluggy-1.0.0-1.5            ########################################
[   60s] python311-packaging-23.0-1.2          ########################################
[   60s] python311-iniconfig-1.1.1-3.2         ########################################
[   60s] python311-exceptiongroup-1.1.0-1.2    ########################################
[   60s] python311-constantly-15.1.0-2.11      ########################################
[   60s] python311-incremental-22.10.0-1.2     ########################################
[   60s] python311-Automat-22.10.0-1.2         ########################################
[   64s] python311-Twisted-22.10.0-4.2         ########################################
[   64s] update-alternatives: error: no alternatives for cftp
[   64s] update-alternatives: error: no alternatives for ckeygen
[   64s] update-alternatives: error: no alternatives for conch
[   64s] update-alternatives: error: no alternatives for pyhtmlizer
[   64s] update-alternatives: error: no alternatives for tkconch
[   64s] update-alternatives: error: no alternatives for trial
[   65s] update-alternatives: error: no alternatives for twist
[   65s] python311-Twisted-tls-22.10.0-4.2     ########################################
[   65s] python310-zope.interface-5.5.2-1.2    ########################################
[   65s] python310-zipp-3.8.1-1.2              ########################################
[   65s] python310-importlib-metadata-6.0.0-1.2########################################
[   65s] python310-typing_extensions-4.4.0-2.2 ########################################
[   65s] python310-tomli-2.0.1-1.3             ########################################
[   65s] python310-six-1.16.0-2.5              ########################################
[   65s] python310-pycparser-2.21-1.5          ########################################
[   65s] python310-cffi-1.15.1-3.2             ########################################
[   66s] python310-cryptography-39.0.1-1.2     ########################################
[   66s] python310-pyOpenSSL-23.0.0-1.2        ########################################
[   66s] python310-service_identity-21.1.0-1.3 ########################################
[   66s] python310-pluggy-1.0.0-1.5            ########################################
[   66s] python310-iniconfig-1.1.1-3.2         ########################################
[   66s] python310-exceptiongroup-1.1.0-1.2    ########################################
[   66s] python310-constantly-15.1.0-2.11      ########################################
[   66s] python310-incremental-22.10.0-1.2     ########################################
[   66s] python310-Automat-22.10.0-1.2         ########################################
[   70s] python310-Twisted-22.10.0-4.2         ########################################
[   70s] update-alternatives: error: no alternatives for cftp
[   70s] update-alternatives: error: no alternatives for ckeygen
[   70s] update-alternatives: error: no alternatives for conch
[   70s] update-alternatives: error: no alternatives for pyhtmlizer
[   70s] update-alternatives: error: no alternatives for tkconch
[   70s] update-alternatives: error: no alternatives for trial
[   70s] update-alternatives: error: no alternatives for twist
[   70s] python310-Twisted-tls-22.10.0-4.2     ########################################
[   70s] libpng16-16-1.6.39-2.1                ########################################
[   70s] libbrotlicommon1-1.0.9-1.1            ########################################
[   70s] libbrotlidec1-1.0.9-1.1               ########################################
[   71s] libfreetype6-2.12.1-4.1               ########################################
[   71s] libfontconfig1-2.14.2-1.1             ########################################
[   71s] fontconfig-2.14.2-1.1                 ########################################
[   71s] libalternatives1-1.2+3.b848aad-3.1    ########################################
[   71s] alts-1.2+3.b848aad-3.1                ########################################
[   71s] libXau6-1.0.11-1.1                    ########################################
[   71s] libxcb1-1.15-2.1                      ########################################
[   71s] libX11-data-1.8.1-4.1                 ########################################
[   71s] libX11-6-1.8.1-4.1                    ########################################
[   72s] libXext6-1.3.5-1.1                    ########################################
[   72s] libXss1-1.2.4-1.1                     ########################################
[   72s] libXmuu1-1.1.4-1.1                    ########################################
[   72s] xhost-1.0.9-1.1                       ########################################
[   72s] libXrender1-0.9.11-1.1                ########################################
[   72s] libXft2-2.3.7-1.1                     ########################################
[   72s] tk-8.6.13-1.1                         ########################################
[   73s] python310-tk-3.10.9-2.1               ########################################
[   73s] python311-tk-3.11.1-4.1               ########################################
[   73s] python38-tk-3.8.16-3.1                ########################################
[   73s] python39-tk-3.9.16-3.1                ########################################
[   79s] python39-testsuite-3.9.16-3.2         ########################################
[   86s] python38-testsuite-3.8.16-3.2         ########################################
[   95s] python311-testsuite-3.11.1-4.2        ########################################
[  102s] python310-testsuite-3.10.9-2.2        ########################################
[  103s] python310-pytest-7.2.0-2.2            ########################################
[  103s] python311-pytest-7.2.0-2.2            ########################################
[  104s] python38-pytest-7.2.0-2.2             ########################################
[  105s] python39-pytest-7.2.0-2.2             ########################################
[  105s] fdupes-2.2.1-1.1                      ########################################
[  111s] now finalizing build dir...
[  112s] ... running 01-add_abuild_user_to_trusted_group
[  112s] ... running 02-set_timezone_to_utc
[  112s] ... running 03-set-permissions-secure
[  112s] ... running 11-hack_uname_version_to_kernel_version
[  120s] -----------------------------------------------------------------
[  120s] I have the following modifications for python-txaio.spec:
[  120s] 23c23
[  120s] < Release:        0
[  120s] ---
[  120s] > Release:        1.3
[  127s] build target is riscv64-suse-linux
[  127s] -----------------------------------------------------------------
[  127s] ----- building python-txaio.spec (user abuild)
[  127s] -----------------------------------------------------------------
[  127s] -----------------------------------------------------------------
[  130s] + exec rpmbuild -ba --define '_srcdefattr (-,root,root)' --nosignature --target=riscv64-suse-linux --define '_build_create_debug 1' --define 'disturl obs://build.opensuse.org/openSUSE:Factory:RISCV/standard/2bc73464de9a968b1d3bb523d70bccc7-python-txaio' /home/abuild/rpmbuild/SOURCES/python-txaio.spec
[  170s] Building target platforms: riscv64-suse-linux
[  170s] Building for target riscv64-suse-linux
[  170s] setting SOURCE_DATE_EPOCH=1654300800
[  170s] Executing(%prep): /usr/bin/bash -e /var/tmp/rpm-tmp.FZqHrq
[  170s] + umask 022
[  170s] + cd /home/abuild/rpmbuild/BUILD
[  170s] + cd /home/abuild/rpmbuild/BUILD
[  170s] + rm -rf txaio-22.2.1
[  170s] + /usr/lib/rpm/rpmuncompress -x /home/abuild/rpmbuild/SOURCES/txaio-22.2.1.tar.gz
[  171s] + STATUS=0
[  171s] + '[' 0 -ne 0 ']'
[  171s] + cd txaio-22.2.1
[  171s] + /usr/bin/chmod -Rf a+rX,u+w,g-w,o-w .
[  171s] + RPM_EC=0
[  171s] ++ jobs -p
[  171s] + exit 0
[  171s] Executing(%build): /usr/bin/bash -e /var/tmp/rpm-tmp.9sBbuT
[  171s] + umask 022
[  171s] + cd /home/abuild/rpmbuild/BUILD
[  171s] + /usr/bin/rm -rf /home/abuild/rpmbuild/BUILDROOT/python-txaio-22.2.1-1.3.riscv64
[  171s] ++ dirname /home/abuild/rpmbuild/BUILDROOT/python-txaio-22.2.1-1.3.riscv64
[  171s] + /usr/bin/mkdir -p /home/abuild/rpmbuild/BUILDROOT
[  171s] + /usr/bin/mkdir /home/abuild/rpmbuild/BUILDROOT/python-txaio-22.2.1-1.3.riscv64
[  171s] + cd txaio-22.2.1
[  171s] + ref=/usr/lib/rpm
[  171s] + mints=0
[  171s] + case $(uname -m) in
[  171s] ++ uname -m
[  172s] + mints=20160911
[  172s] + for s in guess sub
[  172s] ++ find -maxdepth 8 -name config.guess
[  172s] + for s in guess sub
[  172s] ++ find -maxdepth 8 -name config.sub
[  172s] ++ '[' -f _current_flavor ']'
[  172s] ++ true
[  172s] + last_flavor=
[  172s] + '[' -z '' ']'
[  172s] + last_flavor=tmp
[  172s] + '[' tmp '!=' python38 ']'
[  172s] + '[' -d build ']'
[  172s] + '[' -d _build.python38 ']'
[  172s] + echo python38
[  172s] + python_flavor=python38
[  172s] + /usr/bin/python3.8 setup.py build '--executable=/usr/bin/python3.8 -s'
[  176s] running build
[  176s] running build_py
[  176s] creating build
[  176s] creating build/lib
[  176s] creating build/lib/txaio
[  176s] copying txaio/__init__.py -> build/lib/txaio
[  176s] copying txaio/_common.py -> build/lib/txaio
[  176s] copying txaio/_iotype.py -> build/lib/txaio
[  176s] copying txaio/_unframework.py -> build/lib/txaio
[  176s] copying txaio/_util.py -> build/lib/txaio
[  176s] copying txaio/_version.py -> build/lib/txaio
[  176s] copying txaio/aio.py -> build/lib/txaio
[  176s] copying txaio/interfaces.py -> build/lib/txaio
[  176s] copying txaio/testutil.py -> build/lib/txaio
[  176s] copying txaio/tx.py -> build/lib/txaio
[  176s] copying txaio/with_asyncio.py -> build/lib/txaio
[  176s] copying txaio/with_twisted.py -> build/lib/txaio
[  176s] running egg_info
[  176s] writing txaio.egg-info/PKG-INFO
[  176s] writing dependency_links to txaio.egg-info/dependency_links.txt
[  176s] writing requirements to txaio.egg-info/requires.txt
[  176s] writing top-level names to txaio.egg-info/top_level.txt
[  176s] reading manifest file 'txaio.egg-info/SOURCES.txt'
[  176s] reading manifest template 'MANIFEST.in'
[  176s] adding license file 'LICENSE'
[  176s] writing manifest file 'txaio.egg-info/SOURCES.txt'
[  176s] /usr/lib/python3.8/site-packages/setuptools/config/setupcfg.py:508: SetuptoolsDeprecationWarning: The license_file parameter is deprecated, use license_files instead.
[  176s]   warnings.warn(msg, warning_class)
[  176s] ++ '[' -f _current_flavor ']'
[  176s] ++ cat _current_flavor
[  176s] + last_flavor=python38
[  176s] + '[' -z python38 ']'
[  176s] + '[' python38 '!=' python39 ']'
[  176s] + '[' -d build ']'
[  176s] + mv build _build.python38
[  176s] + '[' -d _build.python39 ']'
[  176s] + echo python39
[  176s] + python_flavor=python39
[  176s] + /usr/bin/python3.9 setup.py build '--executable=/usr/bin/python3.9 -s'
[  180s] /usr/lib/python3.9/site-packages/setuptools/config/setupcfg.py:508: SetuptoolsDeprecationWarning: The license_file parameter is deprecated, use license_files instead.
[  180s]   warnings.warn(msg, warning_class)
[  180s] running build
[  180s] running build_py
[  180s] creating build
[  180s] creating build/lib
[  180s] creating build/lib/txaio
[  180s] copying txaio/__init__.py -> build/lib/txaio
[  180s] copying txaio/_common.py -> build/lib/txaio
[  180s] copying txaio/_iotype.py -> build/lib/txaio
[  180s] copying txaio/_unframework.py -> build/lib/txaio
[  180s] copying txaio/_util.py -> build/lib/txaio
[  180s] copying txaio/_version.py -> build/lib/txaio
[  180s] copying txaio/aio.py -> build/lib/txaio
[  180s] copying txaio/interfaces.py -> build/lib/txaio
[  180s] copying txaio/testutil.py -> build/lib/txaio
[  180s] copying txaio/tx.py -> build/lib/txaio
[  180s] copying txaio/with_asyncio.py -> build/lib/txaio
[  180s] copying txaio/with_twisted.py -> build/lib/txaio
[  180s] running egg_info
[  180s] writing txaio.egg-info/PKG-INFO
[  180s] writing dependency_links to txaio.egg-info/dependency_links.txt
[  180s] writing requirements to txaio.egg-info/requires.txt
[  180s] writing top-level names to txaio.egg-info/top_level.txt
[  180s] reading manifest file 'txaio.egg-info/SOURCES.txt'
[  180s] reading manifest template 'MANIFEST.in'
[  180s] adding license file 'LICENSE'
[  180s] writing manifest file 'txaio.egg-info/SOURCES.txt'
[  181s] ++ '[' -f _current_flavor ']'
[  181s] ++ cat _current_flavor
[  181s] + last_flavor=python39
[  181s] + '[' -z python39 ']'
[  181s] + '[' python39 '!=' python311 ']'
[  181s] + '[' -d build ']'
[  181s] + mv build _build.python39
[  181s] + '[' -d _build.python311 ']'
[  181s] + echo python311
[  181s] + python_flavor=python311
[  181s] + /usr/bin/python3.11 setup.py build '--executable=/usr/bin/python3.11 -s'
[  184s] /usr/lib/python3.11/site-packages/setuptools/config/setupcfg.py:508: SetuptoolsDeprecationWarning: The license_file parameter is deprecated, use license_files instead.
[  184s]   warnings.warn(msg, warning_class)
[  184s] running build
[  184s] running build_py
[  184s] creating build
[  184s] creating build/lib
[  184s] creating build/lib/txaio
[  184s] copying txaio/__init__.py -> build/lib/txaio
[  184s] copying txaio/_common.py -> build/lib/txaio
[  184s] copying txaio/_iotype.py -> build/lib/txaio
[  184s] copying txaio/_unframework.py -> build/lib/txaio
[  184s] copying txaio/_util.py -> build/lib/txaio
[  184s] copying txaio/_version.py -> build/lib/txaio
[  184s] copying txaio/aio.py -> build/lib/txaio
[  184s] copying txaio/interfaces.py -> build/lib/txaio
[  184s] copying txaio/testutil.py -> build/lib/txaio
[  184s] copying txaio/tx.py -> build/lib/txaio
[  184s] copying txaio/with_asyncio.py -> build/lib/txaio
[  184s] copying txaio/with_twisted.py -> build/lib/txaio
[  184s] running egg_info
[  184s] writing txaio.egg-info/PKG-INFO
[  184s] writing dependency_links to txaio.egg-info/dependency_links.txt
[  184s] writing requirements to txaio.egg-info/requires.txt
[  184s] writing top-level names to txaio.egg-info/top_level.txt
[  184s] reading manifest file 'txaio.egg-info/SOURCES.txt'
[  184s] reading manifest template 'MANIFEST.in'
[  184s] adding license file 'LICENSE'
[  184s] writing manifest file 'txaio.egg-info/SOURCES.txt'
[  185s] ++ '[' -f _current_flavor ']'
[  185s] ++ cat _current_flavor
[  185s] + last_flavor=python311
[  185s] + '[' -z python311 ']'
[  185s] + '[' python311 '!=' python310 ']'
[  185s] + '[' -d build ']'
[  185s] + mv build _build.python311
[  185s] + '[' -d _build.python310 ']'
[  185s] + echo python310
[  185s] + python_flavor=python310
[  185s] + /usr/bin/python3.10 setup.py build '--executable=/usr/bin/python3.10 -s'
[  188s] /usr/lib/python3.10/site-packages/setuptools/config/setupcfg.py:508: SetuptoolsDeprecationWarning: The license_file parameter is deprecated, use license_files instead.
[  188s]   warnings.warn(msg, warning_class)
[  189s] running build
[  189s] running build_py
[  189s] creating build
[  189s] creating build/lib
[  189s] creating build/lib/txaio
[  189s] copying txaio/__init__.py -> build/lib/txaio
[  189s] copying txaio/_common.py -> build/lib/txaio
[  189s] copying txaio/_iotype.py -> build/lib/txaio
[  189s] copying txaio/_unframework.py -> build/lib/txaio
[  189s] copying txaio/_util.py -> build/lib/txaio
[  189s] copying txaio/_version.py -> build/lib/txaio
[  189s] copying txaio/aio.py -> build/lib/txaio
[  189s] copying txaio/interfaces.py -> build/lib/txaio
[  189s] copying txaio/testutil.py -> build/lib/txaio
[  189s] copying txaio/tx.py -> build/lib/txaio
[  189s] copying txaio/with_asyncio.py -> build/lib/txaio
[  189s] copying txaio/with_twisted.py -> build/lib/txaio
[  189s] running egg_info
[  189s] writing txaio.egg-info/PKG-INFO
[  189s] writing dependency_links to txaio.egg-info/dependency_links.txt
[  189s] writing requirements to txaio.egg-info/requires.txt
[  189s] writing top-level names to txaio.egg-info/top_level.txt
[  189s] reading manifest file 'txaio.egg-info/SOURCES.txt'
[  189s] reading manifest template 'MANIFEST.in'
[  189s] adding license file 'LICENSE'
[  189s] writing manifest file 'txaio.egg-info/SOURCES.txt'
[  189s] + RPM_EC=0
[  189s] ++ jobs -p
[  189s] + exit 0
[  190s] Executing(%install): /usr/bin/bash -e /var/tmp/rpm-tmp.jcZ9as
[  190s] + umask 022
[  190s] + cd /home/abuild/rpmbuild/BUILD
[  190s] + /usr/bin/rm -rf /home/abuild/rpmbuild/BUILDROOT/python-txaio-22.2.1-1.3.riscv64
[  190s] + /usr/bin/mkdir -p /home/abuild/rpmbuild/BUILDROOT
[  190s] + /usr/bin/mkdir /home/abuild/rpmbuild/BUILDROOT/python-txaio-22.2.1-1.3.riscv64
[  190s] + cd txaio-22.2.1
[  190s] ++ '[' -f _current_flavor ']'
[  190s] ++ cat _current_flavor
[  190s] + last_flavor=python310
[  190s] + '[' -z python310 ']'
[  190s] + '[' python310 '!=' python38 ']'
[  190s] + '[' -d build ']'
[  190s] + mv build _build.python310
[  190s] + '[' -d _build.python38 ']'
[  190s] + mv _build.python38 build
[  190s] + echo python38
[  190s] + python_flavor=python38
[  190s] + /usr/bin/python3.8 setup.py install -O1 --skip-build --force --root /home/abuild/rpmbuild/BUILDROOT/python-txaio-22.2.1-1.3.riscv64 --prefix /usr
[  194s] running install
[  194s] running install_lib
[  194s] creating /home/abuild/rpmbuild/BUILDROOT/python-txaio-22.2.1-1.3.riscv64/usr
[  194s] creating /home/abuild/rpmbuild/BUILDROOT/python-txaio-22.2.1-1.3.riscv64/usr/lib
[  194s] creating /home/abuild/rpmbuild/BUILDROOT/python-txaio-22.2.1-1.3.riscv64/usr/lib/python3.8
[  194s] creating /home/abuild/rpmbuild/BUILDROOT/python-txaio-22.2.1-1.3.riscv64/usr/lib/python3.8/site-packages
[  194s] creating /home/abuild/rpmbuild/BUILDROOT/python-txaio-22.2.1-1.3.riscv64/usr/lib/python3.8/site-packages/txaio
[  194s] copying build/lib/txaio/__init__.py -> /home/abuild/rpmbuild/BUILDROOT/python-txaio-22.2.1-1.3.riscv64/usr/lib/python3.8/site-packages/txaio
[  194s] copying build/lib/txaio/_common.py -> /home/abuild/rpmbuild/BUILDROOT/python-txaio-22.2.1-1.3.riscv64/usr/lib/python3.8/site-packages/txaio
[  194s] copying build/lib/txaio/_iotype.py -> /home/abuild/rpmbuild/BUILDROOT/python-txaio-22.2.1-1.3.riscv64/usr/lib/python3.8/site-packages/txaio
[  194s] copying build/lib/txaio/_unframework.py -> /home/abuild/rpmbuild/BUILDROOT/python-txaio-22.2.1-1.3.riscv64/usr/lib/python3.8/site-packages/txaio
[  194s] copying build/lib/txaio/_util.py -> /home/abuild/rpmbuild/BUILDROOT/python-txaio-22.2.1-1.3.riscv64/usr/lib/python3.8/site-packages/txaio
[  194s] copying build/lib/txaio/_version.py -> /home/abuild/rpmbuild/BUILDROOT/python-txaio-22.2.1-1.3.riscv64/usr/lib/python3.8/site-packages/txaio
[  194s] copying build/lib/txaio/aio.py -> /home/abuild/rpmbuild/BUILDROOT/python-txaio-22.2.1-1.3.riscv64/usr/lib/python3.8/site-packages/txaio
[  194s] copying build/lib/txaio/interfaces.py -> /home/abuild/rpmbuild/BUILDROOT/python-txaio-22.2.1-1.3.riscv64/usr/lib/python3.8/site-packages/txaio
[  194s] copying build/lib/txaio/testutil.py -> /home/abuild/rpmbuild/BUILDROOT/python-txaio-22.2.1-1.3.riscv64/usr/lib/python3.8/site-packages/txaio
[  194s] copying build/lib/txaio/tx.py -> /home/abuild/rpmbuild/BUILDROOT/python-txaio-22.2.1-1.3.riscv64/usr/lib/python3.8/site-packages/txaio
[  194s] copying build/lib/txaio/with_asyncio.py -> /home/abuild/rpmbuild/BUILDROOT/python-txaio-22.2.1-1.3.riscv64/usr/lib/python3.8/site-packages/txaio
[  194s] copying build/lib/txaio/with_twisted.py -> /home/abuild/rpmbuild/BUILDROOT/python-txaio-22.2.1-1.3.riscv64/usr/lib/python3.8/site-packages/txaio
[  194s] byte-compiling /home/abuild/rpmbuild/BUILDROOT/python-txaio-22.2.1-1.3.riscv64/usr/lib/python3.8/site-packages/txaio/__init__.py to __init__.cpython-38.pyc
[  195s] byte-compiling /home/abuild/rpmbuild/BUILDROOT/python-txaio-22.2.1-1.3.riscv64/usr/lib/python3.8/site-packages/txaio/_common.py to _common.cpython-38.pyc
[  195s] byte-compiling /home/abuild/rpmbuild/BUILDROOT/python-txaio-22.2.1-1.3.riscv64/usr/lib/python3.8/site-packages/txaio/_iotype.py to _iotype.cpython-38.pyc
[  195s] byte-compiling /home/abuild/rpmbuild/BUILDROOT/python-txaio-22.2.1-1.3.riscv64/usr/lib/python3.8/site-packages/txaio/_unframework.py to _unframework.cpython-38.pyc
[  195s] byte-compiling /home/abuild/rpmbuild/BUILDROOT/python-txaio-22.2.1-1.3.riscv64/usr/lib/python3.8/site-packages/txaio/_util.py to _util.cpython-38.pyc
[  195s] byte-compiling /home/abuild/rpmbuild/BUILDROOT/python-txaio-22.2.1-1.3.riscv64/usr/lib/python3.8/site-packages/txaio/_version.py to _version.cpython-38.pyc
[  195s] byte-compiling /home/abuild/rpmbuild/BUILDROOT/python-txaio-22.2.1-1.3.riscv64/usr/lib/python3.8/site-packages/txaio/aio.py to aio.cpython-38.pyc
[  195s] byte-compiling /home/abuild/rpmbuild/BUILDROOT/python-txaio-22.2.1-1.3.riscv64/usr/lib/python3.8/site-packages/txaio/interfaces.py to interfaces.cpython-38.pyc
[  195s] byte-compiling /home/abuild/rpmbuild/BUILDROOT/python-txaio-22.2.1-1.3.riscv64/usr/lib/python3.8/site-packages/txaio/testutil.py to testutil.cpython-38.pyc
[  195s] byte-compiling /home/abuild/rpmbuild/BUILDROOT/python-txaio-22.2.1-1.3.riscv64/usr/lib/python3.8/site-packages/txaio/tx.py to tx.cpython-38.pyc
[  195s] byte-compiling /home/abuild/rpmbuild/BUILDROOT/python-txaio-22.2.1-1.3.riscv64/usr/lib/python3.8/site-packages/txaio/with_asyncio.py to with_asyncio.cpython-38.pyc
[  195s] byte-compiling /home/abuild/rpmbuild/BUILDROOT/python-txaio-22.2.1-1.3.riscv64/usr/lib/python3.8/site-packages/txaio/with_twisted.py to with_twisted.cpython-38.pyc
[  195s] writing byte-compilation script '/tmp/tmpk1zek8j7.py'
[  195s] /usr/bin/python3.8 /tmp/tmpk1zek8j7.py
[  199s] removing /tmp/tmpk1zek8j7.py
[  199s] running install_egg_info
[  199s] running egg_info
[  199s] writing txaio.egg-info/PKG-INFO
[  199s] writing dependency_links to txaio.egg-info/dependency_links.txt
[  199s] writing requirements to txaio.egg-info/requires.txt
[  199s] writing top-level names to txaio.egg-info/top_level.txt
[  199s] reading manifest file 'txaio.egg-info/SOURCES.txt'
[  199s] reading manifest template 'MANIFEST.in'
[  199s] adding license file 'LICENSE'
[  199s] writing manifest file 'txaio.egg-info/SOURCES.txt'
[  199s] Copying txaio.egg-info to /home/abuild/rpmbuild/BUILDROOT/python-txaio-22.2.1-1.3.riscv64/usr/lib/python3.8/site-packages/txaio-22.2.1-py3.8.egg-info
[  199s] running install_scripts
[  199s] /usr/lib/python3.8/site-packages/setuptools/config/setupcfg.py:508: SetuptoolsDeprecationWarning: The license_file parameter is deprecated, use license_files instead.
[  199s]   warnings.warn(msg, warning_class)
[  199s] /usr/lib/python3.8/site-packages/setuptools/command/install.py:34: SetuptoolsDeprecationWarning: setup.py install is deprecated. Use build and pip and other standards-based tools.
[  199s]   warnings.warn(
[  200s] ++ '[' -f _current_flavor ']'
[  200s] ++ cat _current_flavor
[  200s] + last_flavor=python38
[  200s] + '[' -z python38 ']'
[  200s] + '[' python38 '!=' python39 ']'
[  200s] + '[' -d build ']'
[  200s] + mv build _build.python38
[  200s] + '[' -d _build.python39 ']'
[  200s] + mv _build.python39 build
[  200s] + echo python39
[  200s] + python_flavor=python39
[  200s] + /usr/bin/python3.9 setup.py install -O1 --skip-build --force --root /home/abuild/rpmbuild/BUILDROOT/python-txaio-22.2.1-1.3.riscv64 --prefix /usr
[  203s] /usr/lib/python3.9/site-packages/setuptools/config/setupcfg.py:508: SetuptoolsDeprecationWarning: The license_file parameter is deprecated, use license_files instead.
[  203s]   warnings.warn(msg, warning_class)
[  203s] running install
[  203s] /usr/lib/python3.9/site-packages/setuptools/command/install.py:34: SetuptoolsDeprecationWarning: setup.py install is deprecated. Use build and pip and other standards-based tools.
[  203s]   warnings.warn(
[  204s] running install_lib
[  204s] creating /home/abuild/rpmbuild/BUILDROOT/python-txaio-22.2.1-1.3.riscv64/usr/lib/python3.9
[  204s] creating /home/abuild/rpmbuild/BUILDROOT/python-txaio-22.2.1-1.3.riscv64/usr/lib/python3.9/site-packages
[  204s] creating /home/abuild/rpmbuild/BUILDROOT/python-txaio-22.2.1-1.3.riscv64/usr/lib/python3.9/site-packages/txaio
[  204s] copying build/lib/txaio/__init__.py -> /home/abuild/rpmbuild/BUILDROOT/python-txaio-22.2.1-1.3.riscv64/usr/lib/python3.9/site-packages/txaio
[  204s] copying build/lib/txaio/_common.py -> /home/abuild/rpmbuild/BUILDROOT/python-txaio-22.2.1-1.3.riscv64/usr/lib/python3.9/site-packages/txaio
[  204s] copying build/lib/txaio/_iotype.py -> /home/abuild/rpmbuild/BUILDROOT/python-txaio-22.2.1-1.3.riscv64/usr/lib/python3.9/site-packages/txaio
[  204s] copying build/lib/txaio/_unframework.py -> /home/abuild/rpmbuild/BUILDROOT/python-txaio-22.2.1-1.3.riscv64/usr/lib/python3.9/site-packages/txaio
[  204s] copying build/lib/txaio/_util.py -> /home/abuild/rpmbuild/BUILDROOT/python-txaio-22.2.1-1.3.riscv64/usr/lib/python3.9/site-packages/txaio
[  204s] copying build/lib/txaio/_version.py -> /home/abuild/rpmbuild/BUILDROOT/python-txaio-22.2.1-1.3.riscv64/usr/lib/python3.9/site-packages/txaio
[  204s] copying build/lib/txaio/aio.py -> /home/abuild/rpmbuild/BUILDROOT/python-txaio-22.2.1-1.3.riscv64/usr/lib/python3.9/site-packages/txaio
[  204s] copying build/lib/txaio/interfaces.py -> /home/abuild/rpmbuild/BUILDROOT/python-txaio-22.2.1-1.3.riscv64/usr/lib/python3.9/site-packages/txaio
[  204s] copying build/lib/txaio/testutil.py -> /home/abuild/rpmbuild/BUILDROOT/python-txaio-22.2.1-1.3.riscv64/usr/lib/python3.9/site-packages/txaio
[  204s] copying build/lib/txaio/tx.py -> /home/abuild/rpmbuild/BUILDROOT/python-txaio-22.2.1-1.3.riscv64/usr/lib/python3.9/site-packages/txaio
[  204s] copying build/lib/txaio/with_asyncio.py -> /home/abuild/rpmbuild/BUILDROOT/python-txaio-22.2.1-1.3.riscv64/usr/lib/python3.9/site-packages/txaio
[  204s] copying build/lib/txaio/with_twisted.py -> /home/abuild/rpmbuild/BUILDROOT/python-txaio-22.2.1-1.3.riscv64/usr/lib/python3.9/site-packages/txaio
[  204s] byte-compiling /home/abuild/rpmbuild/BUILDROOT/python-txaio-22.2.1-1.3.riscv64/usr/lib/python3.9/site-packages/txaio/__init__.py to __init__.cpython-39.pyc
[  204s] byte-compiling /home/abuild/rpmbuild/BUILDROOT/python-txaio-22.2.1-1.3.riscv64/usr/lib/python3.9/site-packages/txaio/_common.py to _common.cpython-39.pyc
[  204s] byte-compiling /home/abuild/rpmbuild/BUILDROOT/python-txaio-22.2.1-1.3.riscv64/usr/lib/python3.9/site-packages/txaio/_iotype.py to _iotype.cpython-39.pyc
[  204s] byte-compiling /home/abuild/rpmbuild/BUILDROOT/python-txaio-22.2.1-1.3.riscv64/usr/lib/python3.9/site-packages/txaio/_unframework.py to _unframework.cpython-39.pyc
[  204s] byte-compiling /home/abuild/rpmbuild/BUILDROOT/python-txaio-22.2.1-1.3.riscv64/usr/lib/python3.9/site-packages/txaio/_util.py to _util.cpython-39.pyc
[  204s] byte-compiling /home/abuild/rpmbuild/BUILDROOT/python-txaio-22.2.1-1.3.riscv64/usr/lib/python3.9/site-packages/txaio/_version.py to _version.cpython-39.pyc
[  204s] byte-compiling /home/abuild/rpmbuild/BUILDROOT/python-txaio-22.2.1-1.3.riscv64/usr/lib/python3.9/site-packages/txaio/aio.py to aio.cpython-39.pyc
[  204s] byte-compiling /home/abuild/rpmbuild/BUILDROOT/python-txaio-22.2.1-1.3.riscv64/usr/lib/python3.9/site-packages/txaio/interfaces.py to interfaces.cpython-39.pyc
[  204s] byte-compiling /home/abuild/rpmbuild/BUILDROOT/python-txaio-22.2.1-1.3.riscv64/usr/lib/python3.9/site-packages/txaio/testutil.py to testutil.cpython-39.pyc
[  204s] byte-compiling /home/abuild/rpmbuild/BUILDROOT/python-txaio-22.2.1-1.3.riscv64/usr/lib/python3.9/site-packages/txaio/tx.py to tx.cpython-39.pyc
[  204s] byte-compiling /home/abuild/rpmbuild/BUILDROOT/python-txaio-22.2.1-1.3.riscv64/usr/lib/python3.9/site-packages/txaio/with_asyncio.py to with_asyncio.cpython-39.pyc
[  204s] byte-compiling /home/abuild/rpmbuild/BUILDROOT/python-txaio-22.2.1-1.3.riscv64/usr/lib/python3.9/site-packages/txaio/with_twisted.py to with_twisted.cpython-39.pyc
[  204s] writing byte-compilation script '/tmp/tmpginmt2e5.py'
[  204s] /usr/bin/python3.9 /tmp/tmpginmt2e5.py
[  207s] removing /tmp/tmpginmt2e5.py
[  207s] running install_egg_info
[  207s] running egg_info
[  207s] writing txaio.egg-info/PKG-INFO
[  207s] writing dependency_links to txaio.egg-info/dependency_links.txt
[  207s] writing requirements to txaio.egg-info/requires.txt
[  207s] writing top-level names to txaio.egg-info/top_level.txt
[  208s] reading manifest file 'txaio.egg-info/SOURCES.txt'
[  208s] reading manifest template 'MANIFEST.in'
[  208s] adding license file 'LICENSE'
[  208s] writing manifest file 'txaio.egg-info/SOURCES.txt'
[  208s] Copying txaio.egg-info to /home/abuild/rpmbuild/BUILDROOT/python-txaio-22.2.1-1.3.riscv64/usr/lib/python3.9/site-packages/txaio-22.2.1-py3.9.egg-info
[  208s] running install_scripts
[  208s] ++ '[' -f _current_flavor ']'
[  208s] ++ cat _current_flavor
[  208s] + last_flavor=python39
[  208s] + '[' -z python39 ']'
[  208s] + '[' python39 '!=' python311 ']'
[  208s] + '[' -d build ']'
[  208s] + mv build _build.python39
[  208s] + '[' -d _build.python311 ']'
[  208s] + mv _build.python311 build
[  208s] + echo python311
[  208s] + python_flavor=python311
[  208s] + /usr/bin/python3.11 setup.py install -O1 --skip-build --force --root /home/abuild/rpmbuild/BUILDROOT/python-txaio-22.2.1-1.3.riscv64 --prefix /usr
[  211s] /usr/lib/python3.11/site-packages/setuptools/config/setupcfg.py:508: SetuptoolsDeprecationWarning: The license_file parameter is deprecated, use license_files instead.
[  211s]   warnings.warn(msg, warning_class)
[  212s] running install
[  212s] /usr/lib/python3.11/site-packages/setuptools/command/install.py:34: SetuptoolsDeprecationWarning: setup.py install is deprecated. Use build and pip and other standards-based tools.
[  212s]   warnings.warn(
[  212s] running install_lib
[  212s] creating /home/abuild/rpmbuild/BUILDROOT/python-txaio-22.2.1-1.3.riscv64/usr/lib/python3.11
[  212s] creating /home/abuild/rpmbuild/BUILDROOT/python-txaio-22.2.1-1.3.riscv64/usr/lib/python3.11/site-packages
[  212s] creating /home/abuild/rpmbuild/BUILDROOT/python-txaio-22.2.1-1.3.riscv64/usr/lib/python3.11/site-packages/txaio
[  212s] copying build/lib/txaio/__init__.py -> /home/abuild/rpmbuild/BUILDROOT/python-txaio-22.2.1-1.3.riscv64/usr/lib/python3.11/site-packages/txaio
[  212s] copying build/lib/txaio/_common.py -> /home/abuild/rpmbuild/BUILDROOT/python-txaio-22.2.1-1.3.riscv64/usr/lib/python3.11/site-packages/txaio
[  212s] copying build/lib/txaio/_iotype.py -> /home/abuild/rpmbuild/BUILDROOT/python-txaio-22.2.1-1.3.riscv64/usr/lib/python3.11/site-packages/txaio
[  212s] copying build/lib/txaio/_unframework.py -> /home/abuild/rpmbuild/BUILDROOT/python-txaio-22.2.1-1.3.riscv64/usr/lib/python3.11/site-packages/txaio
[  212s] copying build/lib/txaio/_util.py -> /home/abuild/rpmbuild/BUILDROOT/python-txaio-22.2.1-1.3.riscv64/usr/lib/python3.11/site-packages/txaio
[  212s] copying build/lib/txaio/_version.py -> /home/abuild/rpmbuild/BUILDROOT/python-txaio-22.2.1-1.3.riscv64/usr/lib/python3.11/site-packages/txaio
[  212s] copying build/lib/txaio/aio.py -> /home/abuild/rpmbuild/BUILDROOT/python-txaio-22.2.1-1.3.riscv64/usr/lib/python3.11/site-packages/txaio
[  212s] copying build/lib/txaio/interfaces.py -> /home/abuild/rpmbuild/BUILDROOT/python-txaio-22.2.1-1.3.riscv64/usr/lib/python3.11/site-packages/txaio
[  212s] copying build/lib/txaio/testutil.py -> /home/abuild/rpmbuild/BUILDROOT/python-txaio-22.2.1-1.3.riscv64/usr/lib/python3.11/site-packages/txaio
[  212s] copying build/lib/txaio/tx.py -> /home/abuild/rpmbuild/BUILDROOT/python-txaio-22.2.1-1.3.riscv64/usr/lib/python3.11/site-packages/txaio
[  212s] copying build/lib/txaio/with_asyncio.py -> /home/abuild/rpmbuild/BUILDROOT/python-txaio-22.2.1-1.3.riscv64/usr/lib/python3.11/site-packages/txaio
[  212s] copying build/lib/txaio/with_twisted.py -> /home/abuild/rpmbuild/BUILDROOT/python-txaio-22.2.1-1.3.riscv64/usr/lib/python3.11/site-packages/txaio
[  212s] byte-compiling /home/abuild/rpmbuild/BUILDROOT/python-txaio-22.2.1-1.3.riscv64/usr/lib/python3.11/site-packages/txaio/__init__.py to __init__.cpython-311.pyc
[  212s] byte-compiling /home/abuild/rpmbuild/BUILDROOT/python-txaio-22.2.1-1.3.riscv64/usr/lib/python3.11/site-packages/txaio/_common.py to _common.cpython-311.pyc
[  212s] byte-compiling /home/abuild/rpmbuild/BUILDROOT/python-txaio-22.2.1-1.3.riscv64/usr/lib/python3.11/site-packages/txaio/_iotype.py to _iotype.cpython-311.pyc
[  212s] byte-compiling /home/abuild/rpmbuild/BUILDROOT/python-txaio-22.2.1-1.3.riscv64/usr/lib/python3.11/site-packages/txaio/_unframework.py to _unframework.cpython-311.pyc
[  212s] byte-compiling /home/abuild/rpmbuild/BUILDROOT/python-txaio-22.2.1-1.3.riscv64/usr/lib/python3.11/site-packages/txaio/_util.py to _util.cpython-311.pyc
[  212s] byte-compiling /home/abuild/rpmbuild/BUILDROOT/python-txaio-22.2.1-1.3.riscv64/usr/lib/python3.11/site-packages/txaio/_version.py to _version.cpython-311.pyc
[  212s] byte-compiling /home/abuild/rpmbuild/BUILDROOT/python-txaio-22.2.1-1.3.riscv64/usr/lib/python3.11/site-packages/txaio/aio.py to aio.cpython-311.pyc
[  212s] byte-compiling /home/abuild/rpmbuild/BUILDROOT/python-txaio-22.2.1-1.3.riscv64/usr/lib/python3.11/site-packages/txaio/interfaces.py to interfaces.cpython-311.pyc
[  212s] byte-compiling /home/abuild/rpmbuild/BUILDROOT/python-txaio-22.2.1-1.3.riscv64/usr/lib/python3.11/site-packages/txaio/testutil.py to testutil.cpython-311.pyc
[  212s] byte-compiling /home/abuild/rpmbuild/BUILDROOT/python-txaio-22.2.1-1.3.riscv64/usr/lib/python3.11/site-packages/txaio/tx.py to tx.cpython-311.pyc
[  212s] byte-compiling /home/abuild/rpmbuild/BUILDROOT/python-txaio-22.2.1-1.3.riscv64/usr/lib/python3.11/site-packages/txaio/with_asyncio.py to with_asyncio.cpython-311.pyc
[  212s] byte-compiling /home/abuild/rpmbuild/BUILDROOT/python-txaio-22.2.1-1.3.riscv64/usr/lib/python3.11/site-packages/txaio/with_twisted.py to with_twisted.cpython-311.pyc
[  212s] writing byte-compilation script '/tmp/tmpkc8rnvp5.py'
[  212s] /usr/bin/python3.11 /tmp/tmpkc8rnvp5.py
[  216s] removing /tmp/tmpkc8rnvp5.py
[  216s] running install_egg_info
[  216s] running egg_info
[  216s] writing txaio.egg-info/PKG-INFO
[  216s] writing dependency_links to txaio.egg-info/dependency_links.txt
[  216s] writing requirements to txaio.egg-info/requires.txt
[  216s] writing top-level names to txaio.egg-info/top_level.txt
[  216s] reading manifest file 'txaio.egg-info/SOURCES.txt'
[  216s] reading manifest template 'MANIFEST.in'
[  216s] adding license file 'LICENSE'
[  216s] writing manifest file 'txaio.egg-info/SOURCES.txt'
[  216s] Copying txaio.egg-info to /home/abuild/rpmbuild/BUILDROOT/python-txaio-22.2.1-1.3.riscv64/usr/lib/python3.11/site-packages/txaio-22.2.1-py3.11.egg-info
[  216s] running install_scripts
[  216s] ++ '[' -f _current_flavor ']'
[  216s] ++ cat _current_flavor
[  217s] + last_flavor=python311
[  217s] + '[' -z python311 ']'
[  217s] + '[' python311 '!=' python310 ']'
[  217s] + '[' -d build ']'
[  217s] + mv build _build.python311
[  217s] + '[' -d _build.python310 ']'
[  217s] + mv _build.python310 build
[  217s] + echo python310
[  217s] + python_flavor=python310
[  217s] + /usr/bin/python3.10 setup.py install -O1 --skip-build --force --root /home/abuild/rpmbuild/BUILDROOT/python-txaio-22.2.1-1.3.riscv64 --prefix /usr
[  220s] /usr/lib/python3.10/site-packages/setuptools/config/setupcfg.py:508: SetuptoolsDeprecationWarning: The license_file parameter is deprecated, use license_files instead.
[  220s]   warnings.warn(msg, warning_class)
[  220s] running install
[  220s] /usr/lib/python3.10/site-packages/setuptools/command/install.py:34: SetuptoolsDeprecationWarning: setup.py install is deprecated. Use build and pip and other standards-based tools.
[  220s]   warnings.warn(
[  221s] running install_lib
[  221s] creating /home/abuild/rpmbuild/BUILDROOT/python-txaio-22.2.1-1.3.riscv64/usr/lib/python3.10
[  221s] creating /home/abuild/rpmbuild/BUILDROOT/python-txaio-22.2.1-1.3.riscv64/usr/lib/python3.10/site-packages
[  221s] creating /home/abuild/rpmbuild/BUILDROOT/python-txaio-22.2.1-1.3.riscv64/usr/lib/python3.10/site-packages/txaio
[  221s] copying build/lib/txaio/__init__.py -> /home/abuild/rpmbuild/BUILDROOT/python-txaio-22.2.1-1.3.riscv64/usr/lib/python3.10/site-packages/txaio
[  221s] copying build/lib/txaio/_common.py -> /home/abuild/rpmbuild/BUILDROOT/python-txaio-22.2.1-1.3.riscv64/usr/lib/python3.10/site-packages/txaio
[  221s] copying build/lib/txaio/_iotype.py -> /home/abuild/rpmbuild/BUILDROOT/python-txaio-22.2.1-1.3.riscv64/usr/lib/python3.10/site-packages/txaio
[  221s] copying build/lib/txaio/_unframework.py -> /home/abuild/rpmbuild/BUILDROOT/python-txaio-22.2.1-1.3.riscv64/usr/lib/python3.10/site-packages/txaio
[  221s] copying build/lib/txaio/_util.py -> /home/abuild/rpmbuild/BUILDROOT/python-txaio-22.2.1-1.3.riscv64/usr/lib/python3.10/site-packages/txaio
[  221s] copying build/lib/txaio/_version.py -> /home/abuild/rpmbuild/BUILDROOT/python-txaio-22.2.1-1.3.riscv64/usr/lib/python3.10/site-packages/txaio
[  221s] copying build/lib/txaio/aio.py -> /home/abuild/rpmbuild/BUILDROOT/python-txaio-22.2.1-1.3.riscv64/usr/lib/python3.10/site-packages/txaio
[  221s] copying build/lib/txaio/interfaces.py -> /home/abuild/rpmbuild/BUILDROOT/python-txaio-22.2.1-1.3.riscv64/usr/lib/python3.10/site-packages/txaio
[  221s] copying build/lib/txaio/testutil.py -> /home/abuild/rpmbuild/BUILDROOT/python-txaio-22.2.1-1.3.riscv64/usr/lib/python3.10/site-packages/txaio
[  221s] copying build/lib/txaio/tx.py -> /home/abuild/rpmbuild/BUILDROOT/python-txaio-22.2.1-1.3.riscv64/usr/lib/python3.10/site-packages/txaio
[  221s] copying build/lib/txaio/with_asyncio.py -> /home/abuild/rpmbuild/BUILDROOT/python-txaio-22.2.1-1.3.riscv64/usr/lib/python3.10/site-packages/txaio
[  221s] copying build/lib/txaio/with_twisted.py -> /home/abuild/rpmbuild/BUILDROOT/python-txaio-22.2.1-1.3.riscv64/usr/lib/python3.10/site-packages/txaio
[  221s] byte-compiling /home/abuild/rpmbuild/BUILDROOT/python-txaio-22.2.1-1.3.riscv64/usr/lib/python3.10/site-packages/txaio/__init__.py to __init__.cpython-310.pyc
[  221s] byte-compiling /home/abuild/rpmbuild/BUILDROOT/python-txaio-22.2.1-1.3.riscv64/usr/lib/python3.10/site-packages/txaio/_common.py to _common.cpython-310.pyc
[  221s] byte-compiling /home/abuild/rpmbuild/BUILDROOT/python-txaio-22.2.1-1.3.riscv64/usr/lib/python3.10/site-packages/txaio/_iotype.py to _iotype.cpython-310.pyc
[  221s] byte-compiling /home/abuild/rpmbuild/BUILDROOT/python-txaio-22.2.1-1.3.riscv64/usr/lib/python3.10/site-packages/txaio/_unframework.py to _unframework.cpython-310.pyc
[  221s] byte-compiling /home/abuild/rpmbuild/BUILDROOT/python-txaio-22.2.1-1.3.riscv64/usr/lib/python3.10/site-packages/txaio/_util.py to _util.cpython-310.pyc
[  221s] byte-compiling /home/abuild/rpmbuild/BUILDROOT/python-txaio-22.2.1-1.3.riscv64/usr/lib/python3.10/site-packages/txaio/_version.py to _version.cpython-310.pyc
[  221s] byte-compiling /home/abuild/rpmbuild/BUILDROOT/python-txaio-22.2.1-1.3.riscv64/usr/lib/python3.10/site-packages/txaio/aio.py to aio.cpython-310.pyc
[  221s] byte-compiling /home/abuild/rpmbuild/BUILDROOT/python-txaio-22.2.1-1.3.riscv64/usr/lib/python3.10/site-packages/txaio/interfaces.py to interfaces.cpython-310.pyc
[  221s] byte-compiling /home/abuild/rpmbuild/BUILDROOT/python-txaio-22.2.1-1.3.riscv64/usr/lib/python3.10/site-packages/txaio/testutil.py to testutil.cpython-310.pyc
[  221s] byte-compiling /home/abuild/rpmbuild/BUILDROOT/python-txaio-22.2.1-1.3.riscv64/usr/lib/python3.10/site-packages/txaio/tx.py to tx.cpython-310.pyc
[  221s] byte-compiling /home/abuild/rpmbuild/BUILDROOT/python-txaio-22.2.1-1.3.riscv64/usr/lib/python3.10/site-packages/txaio/with_asyncio.py to with_asyncio.cpython-310.pyc
[  221s] byte-compiling /home/abuild/rpmbuild/BUILDROOT/python-txaio-22.2.1-1.3.riscv64/usr/lib/python3.10/site-packages/txaio/with_twisted.py to with_twisted.cpython-310.pyc
[  221s] writing byte-compilation script '/tmp/tmpufm740dl.py'
[  221s] /usr/bin/python3.10 /tmp/tmpufm740dl.py
[  224s] removing /tmp/tmpufm740dl.py
[  224s] running install_egg_info
[  224s] running egg_info
[  224s] writing txaio.egg-info/PKG-INFO
[  224s] writing dependency_links to txaio.egg-info/dependency_links.txt
[  224s] writing requirements to txaio.egg-info/requires.txt
[  224s] writing top-level names to txaio.egg-info/top_level.txt
[  224s] reading manifest file 'txaio.egg-info/SOURCES.txt'
[  224s] reading manifest template 'MANIFEST.in'
[  224s] adding license file 'LICENSE'
[  225s] writing manifest file 'txaio.egg-info/SOURCES.txt'
[  225s] Copying txaio.egg-info to /home/abuild/rpmbuild/BUILDROOT/python-txaio-22.2.1-1.3.riscv64/usr/lib/python3.10/site-packages/txaio-22.2.1-py3.10.egg-info
[  225s] running install_scripts
[  225s] ++ '[' -f _current_flavor ']'
[  225s] ++ cat _current_flavor
[  225s] + last_flavor=python310
[  225s] + '[' -z python310 ']'
[  225s] + '[' python310 '!=' python38 ']'
[  225s] + '[' -d build ']'
[  225s] + mv build _build.python310
[  225s] + '[' -d _build.python38 ']'
[  225s] + mv _build.python38 build
[  225s] + echo python38
[  225s] + python_flavor=python38
[  225s] + /usr/lib/rpm/fdupes_wrapper /home/abuild/rpmbuild/BUILDROOT/python-txaio-22.2.1-1.3.riscv64/usr/lib/python3.8/site-packages
[  226s] Linking /home/abuild/rpmbuild/BUILDROOT/python-txaio-22.2.1-1.3.riscv64/usr/lib/python3.8/site-packages/txaio-22.2.1-py3.8.egg-info/dependency_links.txt -> /home/abuild/rpmbuild/BUILDROOT/python-txaio-22.2.1-1.3.riscv64/usr/lib/python3.8/site-packages/txaio-22.2.1-py3.8.egg-info/zip-safe
[  226s] Linking /home/abuild/rpmbuild/BUILDROOT/python-txaio-22.2.1-1.3.riscv64/usr/lib/python3.8/site-packages/txaio/__pycache__/testutil.cpython-38.opt-1.pyc -> /home/abuild/rpmbuild/BUILDROOT/python-txaio-22.2.1-1.3.riscv64/usr/lib/python3.8/site-packages/txaio/__pycache__/testutil.cpython-38.pyc
[  226s] Linking /home/abuild/rpmbuild/BUILDROOT/python-txaio-22.2.1-1.3.riscv64/usr/lib/python3.8/site-packages/txaio/__pycache__/_version.cpython-38.opt-1.pyc -> /home/abuild/rpmbuild/BUILDROOT/python-txaio-22.2.1-1.3.riscv64/usr/lib/python3.8/site-packages/txaio/__pycache__/_version.cpython-38.pyc
[  226s] Linking /home/abuild/rpmbuild/BUILDROOT/python-txaio-22.2.1-1.3.riscv64/usr/lib/python3.8/site-packages/txaio/__pycache__/_util.cpython-38.opt-1.pyc -> /home/abuild/rpmbuild/BUILDROOT/python-txaio-22.2.1-1.3.riscv64/usr/lib/python3.8/site-packages/txaio/__pycache__/_util.cpython-38.pyc
[  226s] Linking /home/abuild/rpmbuild/BUILDROOT/python-txaio-22.2.1-1.3.riscv64/usr/lib/python3.8/site-packages/txaio/__pycache__/interfaces.cpython-38.opt-1.pyc -> /home/abuild/rpmbuild/BUILDROOT/python-txaio-22.2.1-1.3.riscv64/usr/lib/python3.8/site-packages/txaio/__pycache__/interfaces.cpython-38.pyc
[  226s] Linking /home/abuild/rpmbuild/BUILDROOT/python-txaio-22.2.1-1.3.riscv64/usr/lib/python3.8/site-packages/txaio/__pycache__/_iotype.cpython-38.opt-1.pyc -> /home/abuild/rpmbuild/BUILDROOT/python-txaio-22.2.1-1.3.riscv64/usr/lib/python3.8/site-packages/txaio/__pycache__/_iotype.cpython-38.pyc
[  226s] Linking /home/abuild/rpmbuild/BUILDROOT/python-txaio-22.2.1-1.3.riscv64/usr/lib/python3.8/site-packages/txaio/__pycache__/_common.cpython-38.opt-1.pyc -> /home/abuild/rpmbuild/BUILDROOT/python-txaio-22.2.1-1.3.riscv64/usr/lib/python3.8/site-packages/txaio/__pycache__/_common.cpython-38.pyc
[  226s] ++ '[' -f _current_flavor ']'
[  226s] ++ cat _current_flavor
[  226s] + last_flavor=python38
[  226s] + '[' -z python38 ']'
[  226s] + '[' python38 '!=' python39 ']'
[  226s] + '[' -d build ']'
[  226s] + mv build _build.python38
[  226s] + '[' -d _build.python39 ']'
[  226s] + mv _build.python39 build
[  226s] + echo python39
[  226s] + python_flavor=python39
[  226s] + /usr/lib/rpm/fdupes_wrapper /home/abuild/rpmbuild/BUILDROOT/python-txaio-22.2.1-1.3.riscv64/usr/lib/python3.9/site-packages
[  226s] Linking /home/abuild/rpmbuild/BUILDROOT/python-txaio-22.2.1-1.3.riscv64/usr/lib/python3.9/site-packages/txaio-22.2.1-py3.9.egg-info/dependency_links.txt -> /home/abuild/rpmbuild/BUILDROOT/python-txaio-22.2.1-1.3.riscv64/usr/lib/python3.9/site-packages/txaio-22.2.1-py3.9.egg-info/zip-safe
[  226s] Linking /home/abuild/rpmbuild/BUILDROOT/python-txaio-22.2.1-1.3.riscv64/usr/lib/python3.9/site-packages/txaio/__pycache__/testutil.cpython-39.opt-1.pyc -> /home/abuild/rpmbuild/BUILDROOT/python-txaio-22.2.1-1.3.riscv64/usr/lib/python3.9/site-packages/txaio/__pycache__/testutil.cpython-39.pyc
[  226s] Linking /home/abuild/rpmbuild/BUILDROOT/python-txaio-22.2.1-1.3.riscv64/usr/lib/python3.9/site-packages/txaio/__pycache__/_version.cpython-39.opt-1.pyc -> /home/abuild/rpmbuild/BUILDROOT/python-txaio-22.2.1-1.3.riscv64/usr/lib/python3.9/site-packages/txaio/__pycache__/_version.cpython-39.pyc
[  226s] Linking /home/abuild/rpmbuild/BUILDROOT/python-txaio-22.2.1-1.3.riscv64/usr/lib/python3.9/site-packages/txaio/__pycache__/_util.cpython-39.opt-1.pyc -> /home/abuild/rpmbuild/BUILDROOT/python-txaio-22.2.1-1.3.riscv64/usr/lib/python3.9/site-packages/txaio/__pycache__/_util.cpython-39.pyc
[  226s] Linking /home/abuild/rpmbuild/BUILDROOT/python-txaio-22.2.1-1.3.riscv64/usr/lib/python3.9/site-packages/txaio/__pycache__/interfaces.cpython-39.opt-1.pyc -> /home/abuild/rpmbuild/BUILDROOT/python-txaio-22.2.1-1.3.riscv64/usr/lib/python3.9/site-packages/txaio/__pycache__/interfaces.cpython-39.pyc
[  226s] Linking /home/abuild/rpmbuild/BUILDROOT/python-txaio-22.2.1-1.3.riscv64/usr/lib/python3.9/site-packages/txaio/__pycache__/_iotype.cpython-39.opt-1.pyc -> /home/abuild/rpmbuild/BUILDROOT/python-txaio-22.2.1-1.3.riscv64/usr/lib/python3.9/site-packages/txaio/__pycache__/_iotype.cpython-39.pyc
[  226s] Linking /home/abuild/rpmbuild/BUILDROOT/python-txaio-22.2.1-1.3.riscv64/usr/lib/python3.9/site-packages/txaio/__pycache__/_common.cpython-39.opt-1.pyc -> /home/abuild/rpmbuild/BUILDROOT/python-txaio-22.2.1-1.3.riscv64/usr/lib/python3.9/site-packages/txaio/__pycache__/_common.cpython-39.pyc
[  226s] ++ '[' -f _current_flavor ']'
[  226s] ++ cat _current_flavor
[  226s] + last_flavor=python39
[  226s] + '[' -z python39 ']'
[  226s] + '[' python39 '!=' python311 ']'
[  226s] + '[' -d build ']'
[  226s] + mv build _build.python39
[  226s] + '[' -d _build.python311 ']'
[  226s] + mv _build.python311 build
[  226s] + echo python311
[  226s] + python_flavor=python311
[  226s] + /usr/lib/rpm/fdupes_wrapper /home/abuild/rpmbuild/BUILDROOT/python-txaio-22.2.1-1.3.riscv64/usr/lib/python3.11/site-packages
[  226s] Linking /home/abuild/rpmbuild/BUILDROOT/python-txaio-22.2.1-1.3.riscv64/usr/lib/python3.11/site-packages/txaio-22.2.1-py3.11.egg-info/dependency_links.txt -> /home/abuild/rpmbuild/BUILDROOT/python-txaio-22.2.1-1.3.riscv64/usr/lib/python3.11/site-packages/txaio-22.2.1-py3.11.egg-info/zip-safe
[  226s] Linking /home/abuild/rpmbuild/BUILDROOT/python-txaio-22.2.1-1.3.riscv64/usr/lib/python3.11/site-packages/txaio/__pycache__/with_twisted.cpython-311.opt-1.pyc -> /home/abuild/rpmbuild/BUILDROOT/python-txaio-22.2.1-1.3.riscv64/usr/lib/python3.11/site-packages/txaio/__pycache__/with_twisted.cpython-311.pyc
[  226s] Linking /home/abuild/rpmbuild/BUILDROOT/python-txaio-22.2.1-1.3.riscv64/usr/lib/python3.11/site-packages/txaio/__pycache__/tx.cpython-311.opt-1.pyc -> /home/abuild/rpmbuild/BUILDROOT/python-txaio-22.2.1-1.3.riscv64/usr/lib/python3.11/site-packages/txaio/__pycache__/tx.cpython-311.pyc
[  226s] Linking /home/abuild/rpmbuild/BUILDROOT/python-txaio-22.2.1-1.3.riscv64/usr/lib/python3.11/site-packages/txaio/__pycache__/testutil.cpython-311.opt-1.pyc -> /home/abuild/rpmbuild/BUILDROOT/python-txaio-22.2.1-1.3.riscv64/usr/lib/python3.11/site-packages/txaio/__pycache__/testutil.cpython-311.pyc
[  226s] Linking /home/abuild/rpmbuild/BUILDROOT/python-txaio-22.2.1-1.3.riscv64/usr/lib/python3.11/site-packages/txaio/__pycache__/with_asyncio.cpython-311.opt-1.pyc -> /home/abuild/rpmbuild/BUILDROOT/python-txaio-22.2.1-1.3.riscv64/usr/lib/python3.11/site-packages/txaio/__pycache__/with_asyncio.cpython-311.pyc
[  226s] Linking /home/abuild/rpmbuild/BUILDROOT/python-txaio-22.2.1-1.3.riscv64/usr/lib/python3.11/site-packages/txaio/__pycache__/aio.cpython-311.opt-1.pyc -> /home/abuild/rpmbuild/BUILDROOT/python-txaio-22.2.1-1.3.riscv64/usr/lib/python3.11/site-packages/txaio/__pycache__/aio.cpython-311.pyc
[  226s] Linking /home/abuild/rpmbuild/BUILDROOT/python-txaio-22.2.1-1.3.riscv64/usr/lib/python3.11/site-packages/txaio/__pycache__/interfaces.cpython-311.opt-1.pyc -> /home/abuild/rpmbuild/BUILDROOT/python-txaio-22.2.1-1.3.riscv64/usr/lib/python3.11/site-packages/txaio/__pycache__/interfaces.cpython-311.pyc
[  226s] Linking /home/abuild/rpmbuild/BUILDROOT/python-txaio-22.2.1-1.3.riscv64/usr/lib/python3.11/site-packages/txaio/__pycache__/_util.cpython-311.opt-1.pyc -> /home/abuild/rpmbuild/BUILDROOT/python-txaio-22.2.1-1.3.riscv64/usr/lib/python3.11/site-packages/txaio/__pycache__/_util.cpython-311.pyc
[  226s] Linking /home/abuild/rpmbuild/BUILDROOT/python-txaio-22.2.1-1.3.riscv64/usr/lib/python3.11/site-packages/txaio/__pycache__/_version.cpython-311.opt-1.pyc -> /home/abuild/rpmbuild/BUILDROOT/python-txaio-22.2.1-1.3.riscv64/usr/lib/python3.11/site-packages/txaio/__pycache__/_version.cpython-311.pyc
[  226s] Linking /home/abuild/rpmbuild/BUILDROOT/python-txaio-22.2.1-1.3.riscv64/usr/lib/python3.11/site-packages/txaio/__pycache__/_iotype.cpython-311.opt-1.pyc -> /home/abuild/rpmbuild/BUILDROOT/python-txaio-22.2.1-1.3.riscv64/usr/lib/python3.11/site-packages/txaio/__pycache__/_iotype.cpython-311.pyc
[  226s] Linking /home/abuild/rpmbuild/BUILDROOT/python-txaio-22.2.1-1.3.riscv64/usr/lib/python3.11/site-packages/txaio/__pycache__/_common.cpython-311.opt-1.pyc -> /home/abuild/rpmbuild/BUILDROOT/python-txaio-22.2.1-1.3.riscv64/usr/lib/python3.11/site-packages/txaio/__pycache__/_common.cpython-311.pyc
[  226s] Linking /home/abuild/rpmbuild/BUILDROOT/python-txaio-22.2.1-1.3.riscv64/usr/lib/python3.11/site-packages/txaio/__pycache__/__init__.cpython-311.opt-1.pyc -> /home/abuild/rpmbuild/BUILDROOT/python-txaio-22.2.1-1.3.riscv64/usr/lib/python3.11/site-packages/txaio/__pycache__/__init__.cpython-311.pyc
[  226s] Linking /home/abuild/rpmbuild/BUILDROOT/python-txaio-22.2.1-1.3.riscv64/usr/lib/python3.11/site-packages/txaio/__pycache__/_unframework.cpython-311.opt-1.pyc -> /home/abuild/rpmbuild/BUILDROOT/python-txaio-22.2.1-1.3.riscv64/usr/lib/python3.11/site-packages/txaio/__pycache__/_unframework.cpython-311.pyc
[  226s] ++ '[' -f _current_flavor ']'
[  226s] ++ cat _current_flavor
[  226s] + last_flavor=python311
[  226s] + '[' -z python311 ']'
[  226s] + '[' python311 '!=' python310 ']'
[  226s] + '[' -d build ']'
[  226s] + mv build _build.python311
[  226s] + '[' -d _build.python310 ']'
[  226s] + mv _build.python310 build
[  227s] + echo python310
[  227s] + python_flavor=python310
[  227s] + /usr/lib/rpm/fdupes_wrapper /home/abuild/rpmbuild/BUILDROOT/python-txaio-22.2.1-1.3.riscv64/usr/lib/python3.10/site-packages
[  227s] Linking /home/abuild/rpmbuild/BUILDROOT/python-txaio-22.2.1-1.3.riscv64/usr/lib/python3.10/site-packages/txaio-22.2.1-py3.10.egg-info/dependency_links.txt -> /home/abuild/rpmbuild/BUILDROOT/python-txaio-22.2.1-1.3.riscv64/usr/lib/python3.10/site-packages/txaio-22.2.1-py3.10.egg-info/zip-safe
[  227s] Linking /home/abuild/rpmbuild/BUILDROOT/python-txaio-22.2.1-1.3.riscv64/usr/lib/python3.10/site-packages/txaio/__pycache__/testutil.cpython-310.opt-1.pyc -> /home/abuild/rpmbuild/BUILDROOT/python-txaio-22.2.1-1.3.riscv64/usr/lib/python3.10/site-packages/txaio/__pycache__/testutil.cpython-310.pyc
[  227s] Linking /home/abuild/rpmbuild/BUILDROOT/python-txaio-22.2.1-1.3.riscv64/usr/lib/python3.10/site-packages/txaio/__pycache__/interfaces.cpython-310.opt-1.pyc -> /home/abuild/rpmbuild/BUILDROOT/python-txaio-22.2.1-1.3.riscv64/usr/lib/python3.10/site-packages/txaio/__pycache__/interfaces.cpython-310.pyc
[  227s] Linking /home/abuild/rpmbuild/BUILDROOT/python-txaio-22.2.1-1.3.riscv64/usr/lib/python3.10/site-packages/txaio/__pycache__/_util.cpython-310.opt-1.pyc -> /home/abuild/rpmbuild/BUILDROOT/python-txaio-22.2.1-1.3.riscv64/usr/lib/python3.10/site-packages/txaio/__pycache__/_util.cpython-310.pyc
[  227s] Linking /home/abuild/rpmbuild/BUILDROOT/python-txaio-22.2.1-1.3.riscv64/usr/lib/python3.10/site-packages/txaio/__pycache__/_version.cpython-310.opt-1.pyc -> /home/abuild/rpmbuild/BUILDROOT/python-txaio-22.2.1-1.3.riscv64/usr/lib/python3.10/site-packages/txaio/__pycache__/_version.cpython-310.pyc
[  227s] Linking /home/abuild/rpmbuild/BUILDROOT/python-txaio-22.2.1-1.3.riscv64/usr/lib/python3.10/site-packages/txaio/__pycache__/_iotype.cpython-310.opt-1.pyc -> /home/abuild/rpmbuild/BUILDROOT/python-txaio-22.2.1-1.3.riscv64/usr/lib/python3.10/site-packages/txaio/__pycache__/_iotype.cpython-310.pyc
[  227s] Linking /home/abuild/rpmbuild/BUILDROOT/python-txaio-22.2.1-1.3.riscv64/usr/lib/python3.10/site-packages/txaio/__pycache__/_common.cpython-310.opt-1.pyc -> /home/abuild/rpmbuild/BUILDROOT/python-txaio-22.2.1-1.3.riscv64/usr/lib/python3.10/site-packages/txaio/__pycache__/_common.cpython-310.pyc
[  227s] + /usr/lib/rpm/find-debuginfo -j8 -n --run-dwz --dwz-low-mem-die-limit 10000000 --dwz-max-die-limit 50000000 -S debugsourcefiles.list /home/abuild/rpmbuild/BUILD/txaio-22.2.1
[  227s] + /usr/lib/rpm/brp-compress
[  228s] + /usr/lib/rpm/brp-suse
[  228s] calling /usr/lib/rpm/brp-suse.d/brp-05-permissions
[  228s] calling /usr/lib/rpm/brp-suse.d/brp-15-strip-debug
[  228s] calling /usr/lib/rpm/brp-suse.d/brp-25-symlink
[  228s] calling /usr/lib/rpm/brp-suse.d/brp-50-generate-fips-hmac
[  228s] calling /usr/lib/rpm/brp-suse.d/brp-75-ar
[  229s] Executing(%check): /usr/bin/bash -e /var/tmp/rpm-tmp.FayHba
[  229s] + umask 022
[  229s] + cd /home/abuild/rpmbuild/BUILD
[  229s] + cd txaio-22.2.1
[  229s] + set +x
[  229s] Using libalternatives variant 38 for py.test in XDG_CONFIG_HOME during Python 3.8 expansions.
[  229s] Using libalternatives variant 38 for pytest in XDG_CONFIG_HOME during Python 3.8 expansions.
[  229s] Using alternative automat-visualize-3.8 for automat-visualize in ./build/flavorbin during Python 3.8 expansions.
[  230s] Using alternative cftp-3.8 for cftp in ./build/flavorbin during Python 3.8 expansions.
[  230s] Using alternative ckeygen-3.8 for ckeygen in ./build/flavorbin during Python 3.8 expansions.
[  230s] Using alternative conch-3.8 for conch in ./build/flavorbin during Python 3.8 expansions.
[  230s] Using alternative pyhtmlizer-3.8 for pyhtmlizer in ./build/flavorbin during Python 3.8 expansions.
[  231s] Using alternative tkconch-3.8 for tkconch in ./build/flavorbin during Python 3.8 expansions.
[  231s] Using alternative trial-3.8 for trial in ./build/flavorbin during Python 3.8 expansions.
[  231s] Using alternative twist-3.8 for twist in ./build/flavorbin during Python 3.8 expansions.
[  231s] Using alternative twistd-3.8 for twistd in ./build/flavorbin during Python 3.8 expansions.
[  231s] Using libalternatives variant 39 for py.test in XDG_CONFIG_HOME during Python 3.9 expansions.
[  231s] Using libalternatives variant 39 for pytest in XDG_CONFIG_HOME during Python 3.9 expansions.
[  232s] Using alternative automat-visualize-3.9 for automat-visualize in ./build/flavorbin during Python 3.9 expansions.
[  232s] Using alternative cftp-3.9 for cftp in ./build/flavorbin during Python 3.9 expansions.
[  232s] Using alternative ckeygen-3.9 for ckeygen in ./build/flavorbin during Python 3.9 expansions.
[  232s] Using alternative conch-3.9 for conch in ./build/flavorbin during Python 3.9 expansions.
[  233s] Using alternative pyhtmlizer-3.9 for pyhtmlizer in ./build/flavorbin during Python 3.9 expansions.
[  233s] Using alternative tkconch-3.9 for tkconch in ./build/flavorbin during Python 3.9 expansions.
[  233s] Using alternative trial-3.9 for trial in ./build/flavorbin during Python 3.9 expansions.
[  233s] Using alternative twist-3.9 for twist in ./build/flavorbin during Python 3.9 expansions.
[  233s] Using alternative twistd-3.9 for twistd in ./build/flavorbin during Python 3.9 expansions.
[  234s] Using libalternatives variant 311 for py.test in XDG_CONFIG_HOME during Python 3.11 expansions.
[  234s] Using libalternatives variant 311 for pytest in XDG_CONFIG_HOME during Python 3.11 expansions.
[  234s] Using alternative automat-visualize-3.11 for automat-visualize in ./build/flavorbin during Python 3.11 expansions.
[  234s] Using alternative cftp-3.11 for cftp in ./build/flavorbin during Python 3.11 expansions.
[  234s] Using alternative ckeygen-3.11 for ckeygen in ./build/flavorbin during Python 3.11 expansions.
[  234s] Using alternative conch-3.11 for conch in ./build/flavorbin during Python 3.11 expansions.
[  235s] Using alternative pyhtmlizer-3.11 for pyhtmlizer in ./build/flavorbin during Python 3.11 expansions.
[  235s] Using alternative tkconch-3.11 for tkconch in ./build/flavorbin during Python 3.11 expansions.
[  235s] Using alternative trial-3.11 for trial in ./build/flavorbin during Python 3.11 expansions.
[  235s] Using alternative twist-3.11 for twist in ./build/flavorbin during Python 3.11 expansions.
[  236s] Using alternative twistd-3.11 for twistd in ./build/flavorbin during Python 3.11 expansions.
[  236s] Using alternative automat-visualize-3.10 for automat-visualize in ./build/flavorbin during Python 3.10 expansions.
[  236s] Using alternative cftp-3.10 for cftp in ./build/flavorbin during Python 3.10 expansions.
[  236s] Using alternative ckeygen-3.10 for ckeygen in ./build/flavorbin during Python 3.10 expansions.
[  236s] Using alternative conch-3.10 for conch in ./build/flavorbin during Python 3.10 expansions.
[  237s] Using alternative pyhtmlizer-3.10 for pyhtmlizer in ./build/flavorbin during Python 3.10 expansions.
[  237s] Using alternative tkconch-3.10 for tkconch in ./build/flavorbin during Python 3.10 expansions.
[  237s] Using alternative trial-3.10 for trial in ./build/flavorbin during Python 3.10 expansions.
[  237s] Using alternative twist-3.10 for twist in ./build/flavorbin during Python 3.10 expansions.
[  238s] Using alternative twistd-3.10 for twistd in ./build/flavorbin during Python 3.10 expansions.
[  238s] + export PATH=/home/abuild/rpmbuild/BUILD/txaio-22.2.1/build/flavorbin:/usr/local/bin:/usr/bin:/bin
[  238s] + PATH=/home/abuild/rpmbuild/BUILD/txaio-22.2.1/build/flavorbin:/usr/local/bin:/usr/bin:/bin
[  238s] ++ '[' -f _current_flavor ']'
[  238s] ++ cat _current_flavor
[  238s] + last_flavor=python310
[  238s] + '[' -z python310 ']'
[  238s] + '[' python310 '!=' python38 ']'
[  238s] + '[' -d build ']'
[  238s] + mv build _build.python310
[  238s] + '[' -d _build.python38 ']'
[  238s] + mv _build.python38 build
[  238s] + echo python38
[  238s] + python_flavor=python38
[  238s] + PYTHONPATH=/home/abuild/rpmbuild/BUILDROOT/python-txaio-22.2.1-1.3.riscv64/usr/lib/python3.8/site-packages
[  238s] + PYTHONDONTWRITEBYTECODE=1
[  238s] + pytest-3.8 --ignore=_build.python38 --ignore=_build.python39 --ignore=_build.python311 --ignore=_build.python310 -v -k 'not test_sdist'
[  242s] ============================= test session starts ==============================
[  242s] platform linux -- Python 3.8.16, pytest-7.2.0, pluggy-1.0.0 -- /usr/bin/python3.8
[  242s] cachedir: .pytest_cache
[  242s] rootdir: /home/abuild/rpmbuild/BUILD/txaio-22.2.1
[  245s] collecting ... collected 119 items / 1 deselected / 118 selected
[  245s] 
[  246s] test/test_as_future.py::test_as_future_immediate[twisted] PASSED         [  0%]
[  246s] test/test_as_future.py::test_as_future_immediate[asyncio] PASSED         [  1%]
[  246s] test/test_as_future.py::test_as_future_immediate_none[twisted] PASSED    [  2%]
[  246s] test/test_as_future.py::test_as_future_immediate_none[asyncio] PASSED    [  3%]
[  246s] test/test_as_future.py::test_as_future_coroutine[twisted] PASSED         [  4%]
[  246s] test/test_as_future.py::test_as_future_coroutine[asyncio] PASSED         [  5%]
[  246s] test/test_as_future.py::test_as_future_exception[twisted] PASSED         [  5%]
[  246s] test/test_as_future.py::test_as_future_exception[asyncio] PASSED         [  6%]
[  246s] test/test_as_future.py::test_as_future_recursive[twisted] PASSED         [  7%]
[  246s] test/test_as_future.py::test_as_future_recursive[asyncio] PASSED         [  8%]
[  246s] test/test_batched_timers_aio.py::test_batched_successful_call SKIPPED    [  9%]
[  246s] test/test_batched_timers_aio.py::test_batched_successful_call_explicit_loop SKIPPED [ 10%]
[  246s] test/test_batched_timers_aio.py::test_batched_cancel SKIPPED (could ...) [ 11%]
[  246s] test/test_batched_timers_aio.py::test_batched_cancel_too_late SKIPPED    [ 11%]
[  247s] test/test_batched_timers_tx.py::test_batched_successful_call PASSED      [ 12%]
[  247s] test/test_batched_timers_tx.py::test_batched_cancel PASSED               [ 13%]
[  247s] test/test_batched_timers_tx.py::test_batched_cancel_too_late PASSED      [ 14%]
[  247s] test/test_batched_timers_tx.py::test_batched_chunks PASSED               [ 15%]
[  247s] test/test_batched_timers_tx.py::test_batched_chunks_with_errors PASSED   [ 16%]
[  247s] test/test_batched_timers_tx.py::test_batched_close_to_now PASSED         [ 16%]
[  248s] test/test_call_later.py::test_default_reactor PASSED                     [ 17%]
[  248s] test/test_call_later.py::test_explicit_reactor_future[twisted] SKIPPED   [ 18%]
[  248s] test/test_call_later.py::test_explicit_reactor_future[asyncio] PASSED    [ 19%]
[  248s] test/test_call_later.py::test_create_future_explicit_loop[twisted] SKIPPED [ 20%]
[  248s] test/test_call_later.py::test_create_future_explicit_loop[asyncio] PASSED [ 21%]
[  248s] test/test_call_later.py::test_create_future_success_explicit_loop[twisted] SKIPPED [ 22%]
[  248s] test/test_call_later.py::test_create_future_success_explicit_loop[asyncio] PASSED [ 22%]
[  248s] test/test_call_later.py::test_create_future_failure_explicit_loop[twisted] SKIPPED [ 23%]
[  248s] test/test_call_later.py::test_create_future_failure_explicit_loop[asyncio] PASSED [ 24%]
[  249s] test/test_call_later.py::test_explicit_reactor_coroutine[twisted] SKIPPED [ 25%]
[  249s] test/test_call_later.py::test_explicit_reactor_coroutine[asyncio] PASSED [ 26%]
[  249s] test/test_call_later.py::test_call_later_tx PASSED                       [ 27%]
[  249s] test/test_call_later.py::test_call_later_aio SKIPPED (could not impo...) [ 27%]
[  249s] test/test_callback.py::test_default_resolve[twisted] PASSED              [ 28%]
[  249s] test/test_callback.py::test_default_resolve[asyncio] PASSED              [ 29%]
[  249s] test/test_callback.py::test_callback[twisted] PASSED                     [ 30%]
[  249s] test/test_callback.py::test_callback[asyncio] PASSED                     [ 31%]
[  249s] test/test_callback.py::test_immediate_result[twisted] PASSED             [ 32%]
[  249s] test/test_callback.py::test_immediate_result[asyncio] PASSED             [ 33%]
[  249s] test/test_cancel.py::test_cancel[twisted] PASSED                         [ 33%]
[  249s] test/test_cancel.py::test_cancel[asyncio] PASSED                         [ 34%]
[  249s] test/test_create.py::test_illegal_args[twisted] PASSED                   [ 35%]
[  249s] test/test_create.py::test_illegal_args[asyncio] PASSED                   [ 36%]
[  249s] test/test_create.py::test_create_result[twisted] PASSED                  [ 37%]
[  249s] test/test_create.py::test_create_result[asyncio] PASSED                  [ 38%]
[  249s] test/test_create.py::test_create_error[twisted] PASSED                   [ 38%]
[  249s] test/test_create.py::test_create_error[asyncio] PASSED                   [ 39%]
[  249s] test/test_errback.py::test_errback[twisted] PASSED                       [ 40%]
[  249s] test/test_errback.py::test_errback[asyncio] PASSED                       [ 41%]
[  249s] test/test_errback.py::test_errback_without_except[twisted] PASSED        [ 42%]
[  249s] test/test_errback.py::test_errback_without_except[asyncio] PASSED        [ 43%]
[  249s] test/test_errback.py::test_errback_plain_exception[twisted] PASSED       [ 44%]
[  249s] test/test_errback.py::test_errback_plain_exception[asyncio] PASSED       [ 44%]
[  249s] test/test_errback.py::test_errback_cancel_exception[twisted] PASSED      [ 45%]
[  249s] test/test_errback.py::test_errback_cancel_exception[asyncio] PASSED      [ 46%]
[  249s] test/test_errback.py::test_errback_illegal_args[twisted] PASSED          [ 47%]
[  249s] test/test_errback.py::test_errback_illegal_args[asyncio] PASSED          [ 48%]
[  249s] test/test_errback.py::test_errback_reject_no_args[twisted] PASSED        [ 49%]
[  249s] test/test_errback.py::test_errback_reject_no_args[asyncio] PASSED        [ 50%]
[  249s] test/test_errback.py::test_immediate_failure[twisted] PASSED             [ 50%]
[  249s] test/test_errback.py::test_immediate_failure[asyncio] PASSED             [ 51%]
[  249s] test/test_gather.py::test_gather_two[twisted] PASSED                     [ 52%]
[  249s] test/test_gather.py::test_gather_two[asyncio] PASSED                     [ 53%]
[  249s] test/test_gather.py::test_gather_no_consume[twisted] PASSED              [ 54%]
[  249s] test/test_gather.py::test_gather_no_consume[asyncio] PASSED              [ 55%]
[  249s] test/test_imports.py::test_use_twisted PASSED                            [ 55%]
[  249s] test/test_imports.py::test_use_twisted_no_twisted PASSED                 [ 56%]
[  249s] test/test_imports.py::test_use_asyncio PASSED                            [ 57%]
[  249s] test/test_is_future.py::test_is_future_generic[twisted] PASSED           [ 58%]
[  249s] test/test_is_future.py::test_is_future_generic[asyncio] PASSED           [ 59%]
[  249s] test/test_is_future.py::test_is_future_coroutine PASSED                  [ 60%]
[  249s] test/test_is_future.py::test_is_called[twisted] PASSED                   [ 61%]
[  249s] test/test_is_future.py::test_is_called[asyncio] PASSED                   [ 61%]
[  249s] test/test_legacy_logging.py::test_log_stdlib PASSED                      [ 62%]
[  249s] test/test_logging.py::test_categories[twisted] PASSED                    [ 63%]
[  249s] test/test_logging.py::test_categories[asyncio] PASSED                    [ 64%]
[  249s] test/test_logging.py::test_categories_subsequent[twisted] PASSED         [ 65%]
[  249s] test/test_logging.py::test_categories_subsequent[asyncio] PASSED         [ 66%]
[  249s] test/test_logging.py::test_critical[twisted] PASSED                      [ 66%]
[  249s] test/test_logging.py::test_critical[asyncio] PASSED                      [ 67%]
[  249s] test/test_logging.py::test_info[twisted] PASSED                          [ 68%]
[  249s] test/test_logging.py::test_info[asyncio] PASSED                          [ 69%]
[  249s] test/test_logging.py::test_legacy_error_with_traceback[twisted] SKIPPED  [ 70%]
[  249s] test/test_logging.py::test_legacy_error_with_traceback[asyncio] PASSED   [ 71%]
[  249s] test/test_logging.py::test_trace[twisted] PASSED                         [ 72%]
[  249s] test/test_logging.py::test_trace[asyncio] PASSED                         [ 72%]
[  249s] test/test_logging.py::test_emit_noop[twisted] PASSED                     [ 73%]
[  249s] test/test_logging.py::test_emit_noop[asyncio] PASSED                     [ 74%]
[  249s] test/test_logging.py::test_emit_ok[twisted] PASSED                       [ 75%]
[  249s] test/test_logging.py::test_emit_ok[asyncio] PASSED                       [ 76%]
[  250s] test/test_logging.py::test_bad_failures[twisted] PASSED                  [ 77%]
[  250s] test/test_logging.py::test_bad_failures[asyncio] PASSED                  [ 77%]
[  250s] test/test_logging.py::test_debug_with_object[twisted] PASSED             [ 78%]
[  250s] test/test_logging.py::test_debug_with_object[asyncio] PASSED             [ 79%]
[  250s] test/test_logging.py::test_log_noop_trace[twisted] PASSED                [ 80%]
[  250s] test/test_logging.py::test_log_noop_trace[asyncio] PASSED                [ 81%]
[  250s] test/test_logging.py::test_double_start[twisted] PASSED                  [ 82%]
[  250s] test/test_logging.py::test_double_start[asyncio] PASSED                  [ 83%]
[  250s] test/test_logging.py::test_invalid_level[twisted] PASSED                 [ 83%]
[  250s] test/test_logging.py::test_invalid_level[asyncio] PASSED                 [ 84%]
[  250s] test/test_logging.py::test_class_descriptor[twisted] PASSED              [ 85%]
[  250s] test/test_logging.py::test_class_descriptor[asyncio] PASSED              [ 86%]
[  250s] test/test_logging.py::test_class_attribute[twisted] PASSED               [ 87%]
[  250s] test/test_logging.py::test_class_attribute[asyncio] PASSED               [ 88%]
[  250s] test/test_logging.py::test_log_converter[twisted] PASSED                 [ 88%]
[  250s] test/test_logging.py::test_log_converter[asyncio] PASSED                 [ 89%]
[  250s] test/test_logging.py::test_txlog_write_binary[twisted] PASSED            [ 90%]
[  250s] test/test_logging.py::test_txlog_write_binary[asyncio] PASSED            [ 91%]
[  250s] test/test_logging.py::test_txlog_write_text[twisted] PASSED              [ 92%]
[  250s] test/test_logging.py::test_txlog_write_text[asyncio] PASSED              [ 93%]
[  250s] test/test_logging.py::test_aiolog_write_binary[twisted] PASSED           [ 94%]
[  250s] test/test_logging.py::test_aiolog_write_binary[asyncio] PASSED           [ 94%]
[  250s] test/test_logging.py::test_aiolog_write_text[twisted] PASSED             [ 95%]
[  250s] test/test_logging.py::test_aiolog_write_text[asyncio] PASSED             [ 96%]
[  250s] test/test_util.py::test_time_ns[twisted] PASSED                          [ 97%]
[  250s] test/test_util.py::test_time_ns[asyncio] PASSED                          [ 98%]
[  250s] test/test_util.py::test_perf_counter_ns[twisted] PASSED                  [ 99%]
[  250s] test/test_util.py::test_perf_counter_ns[asyncio] PASSED                  [100%]
[  250s] 
[  250s] =============================== warnings summary ===============================
[  250s] test/test_as_future.py::test_as_future_coroutine[asyncio]
[  250s]   /home/abuild/rpmbuild/BUILD/txaio-22.2.1/test/test_as_future.py:108: DeprecationWarning: "@coroutine" decorator is deprecated since Python 3.8, use "async def" instead
[  250s]     def method(*args, **kw):
[  250s] 
[  250s] test/test_call_later.py::test_explicit_reactor_coroutine[asyncio]
[  250s]   /home/abuild/rpmbuild/BUILD/txaio-22.2.1/test/test_call_later.py:177: DeprecationWarning: "@coroutine" decorator is deprecated since Python 3.8, use "async def" instead
[  250s]     def some_coroutine():
[  250s] 
[  250s] test/test_is_future.py::test_is_future_coroutine
[  250s]   /home/abuild/rpmbuild/BUILD/txaio-22.2.1/test/test_is_future.py:48: DeprecationWarning: "@coroutine" decorator is deprecated since Python 3.8, use "async def" instead
[  250s]     def some_coroutine():
[  250s] 
[  250s] -- Docs: https://docs.pytest.org/en/stable/how-to/capture-warnings.html
[  250s] ========== 107 passed, 11 skipped, 1 deselected, 3 warnings in 8.20s ===========
[  250s] ++ '[' -f _current_flavor ']'
[  250s] ++ cat _current_flavor
[  250s] + last_flavor=python38
[  250s] + '[' -z python38 ']'
[  250s] + '[' python38 '!=' python39 ']'
[  250s] + '[' -d build ']'
[  250s] + mv build _build.python38
[  250s] + '[' -d _build.python39 ']'
[  250s] + mv _build.python39 build
[  251s] + echo python39
[  251s] + python_flavor=python39
[  251s] + PYTHONPATH=/home/abuild/rpmbuild/BUILDROOT/python-txaio-22.2.1-1.3.riscv64/usr/lib/python3.9/site-packages
[  251s] + PYTHONDONTWRITEBYTECODE=1
[  251s] + pytest-3.9 --ignore=_build.python38 --ignore=_build.python39 --ignore=_build.python311 --ignore=_build.python310 -v -k 'not test_sdist'
[  254s] ============================= test session starts ==============================
[  254s] platform linux -- Python 3.9.16, pytest-7.2.0, pluggy-1.0.0 -- /usr/bin/python3.9
[  254s] cachedir: .pytest_cache
[  254s] rootdir: /home/abuild/rpmbuild/BUILD/txaio-22.2.1
[  258s] collecting ... collected 119 items / 1 deselected / 118 selected
[  258s] 
[  258s] test/test_as_future.py::test_as_future_immediate[twisted] PASSED         [  0%]
[  259s] test/test_as_future.py::test_as_future_immediate[asyncio] PASSED         [  1%]
[  259s] test/test_as_future.py::test_as_future_immediate_none[twisted] PASSED    [  2%]
[  259s] test/test_as_future.py::test_as_future_immediate_none[asyncio] PASSED    [  3%]
[  259s] test/test_as_future.py::test_as_future_coroutine[twisted] PASSED         [  4%]
[  259s] test/test_as_future.py::test_as_future_coroutine[asyncio] PASSED         [  5%]
[  259s] test/test_as_future.py::test_as_future_exception[twisted] PASSED         [  5%]
[  259s] test/test_as_future.py::test_as_future_exception[asyncio] PASSED         [  6%]
[  259s] test/test_as_future.py::test_as_future_recursive[twisted] PASSED         [  7%]
[  259s] test/test_as_future.py::test_as_future_recursive[asyncio] PASSED         [  8%]
[  259s] test/test_batched_timers_aio.py::test_batched_successful_call SKIPPED    [  9%]
[  259s] test/test_batched_timers_aio.py::test_batched_successful_call_explicit_loop SKIPPED [ 10%]
[  259s] test/test_batched_timers_aio.py::test_batched_cancel SKIPPED (could ...) [ 11%]
[  259s] test/test_batched_timers_aio.py::test_batched_cancel_too_late SKIPPED    [ 11%]
[  259s] test/test_batched_timers_tx.py::test_batched_successful_call PASSED      [ 12%]
[  259s] test/test_batched_timers_tx.py::test_batched_cancel PASSED               [ 13%]
[  259s] test/test_batched_timers_tx.py::test_batched_cancel_too_late PASSED      [ 14%]
[  259s] test/test_batched_timers_tx.py::test_batched_chunks PASSED               [ 15%]
[  259s] test/test_batched_timers_tx.py::test_batched_chunks_with_errors PASSED   [ 16%]
[  259s] test/test_batched_timers_tx.py::test_batched_close_to_now PASSED         [ 16%]
[  261s] test/test_call_later.py::test_default_reactor PASSED                     [ 17%]
[  261s] test/test_call_later.py::test_explicit_reactor_future[twisted] SKIPPED   [ 18%]
[  261s] test/test_call_later.py::test_explicit_reactor_future[asyncio] PASSED    [ 19%]
[  261s] test/test_call_later.py::test_create_future_explicit_loop[twisted] SKIPPED [ 20%]
[  261s] test/test_call_later.py::test_create_future_explicit_loop[asyncio] PASSED [ 21%]
[  261s] test/test_call_later.py::test_create_future_success_explicit_loop[twisted] SKIPPED [ 22%]
[  261s] test/test_call_later.py::test_create_future_success_explicit_loop[asyncio] PASSED [ 22%]
[  261s] test/test_call_later.py::test_create_future_failure_explicit_loop[twisted] SKIPPED [ 23%]
[  261s] test/test_call_later.py::test_create_future_failure_explicit_loop[asyncio] PASSED [ 24%]
[  261s] test/test_call_later.py::test_explicit_reactor_coroutine[twisted] SKIPPED [ 25%]
[  261s] test/test_call_later.py::test_explicit_reactor_coroutine[asyncio] PASSED [ 26%]
[  261s] test/test_call_later.py::test_call_later_tx PASSED                       [ 27%]
[  261s] test/test_call_later.py::test_call_later_aio SKIPPED (could not impo...) [ 27%]
[  261s] test/test_callback.py::test_default_resolve[twisted] PASSED              [ 28%]
[  261s] test/test_callback.py::test_default_resolve[asyncio] PASSED              [ 29%]
[  261s] test/test_callback.py::test_callback[twisted] PASSED                     [ 30%]
[  261s] test/test_callback.py::test_callback[asyncio] PASSED                     [ 31%]
[  261s] test/test_callback.py::test_immediate_result[twisted] PASSED             [ 32%]
[  261s] test/test_callback.py::test_immediate_result[asyncio] PASSED             [ 33%]
[  261s] test/test_cancel.py::test_cancel[twisted] PASSED                         [ 33%]
[  261s] test/test_cancel.py::test_cancel[asyncio] PASSED                         [ 34%]
[  261s] test/test_create.py::test_illegal_args[twisted] PASSED                   [ 35%]
[  261s] test/test_create.py::test_illegal_args[asyncio] PASSED                   [ 36%]
[  261s] test/test_create.py::test_create_result[twisted] PASSED                  [ 37%]
[  261s] test/test_create.py::test_create_result[asyncio] PASSED                  [ 38%]
[  261s] test/test_create.py::test_create_error[twisted] PASSED                   [ 38%]
[  261s] test/test_create.py::test_create_error[asyncio] PASSED                   [ 39%]
[  261s] test/test_errback.py::test_errback[twisted] PASSED                       [ 40%]
[  261s] test/test_errback.py::test_errback[asyncio] PASSED                       [ 41%]
[  261s] test/test_errback.py::test_errback_without_except[twisted] PASSED        [ 42%]
[  261s] test/test_errback.py::test_errback_without_except[asyncio] PASSED        [ 43%]
[  261s] test/test_errback.py::test_errback_plain_exception[twisted] PASSED       [ 44%]
[  261s] test/test_errback.py::test_errback_plain_exception[asyncio] PASSED       [ 44%]
[  261s] test/test_errback.py::test_errback_cancel_exception[twisted] PASSED      [ 45%]
[  261s] test/test_errback.py::test_errback_cancel_exception[asyncio] PASSED      [ 46%]
[  261s] test/test_errback.py::test_errback_illegal_args[twisted] PASSED          [ 47%]
[  261s] test/test_errback.py::test_errback_illegal_args[asyncio] PASSED          [ 48%]
[  261s] test/test_errback.py::test_errback_reject_no_args[twisted] PASSED        [ 49%]
[  261s] test/test_errback.py::test_errback_reject_no_args[asyncio] PASSED        [ 50%]
[  261s] test/test_errback.py::test_immediate_failure[twisted] PASSED             [ 50%]
[  261s] test/test_errback.py::test_immediate_failure[asyncio] PASSED             [ 51%]
[  261s] test/test_gather.py::test_gather_two[twisted] PASSED                     [ 52%]
[  261s] test/test_gather.py::test_gather_two[asyncio] PASSED                     [ 53%]
[  261s] test/test_gather.py::test_gather_no_consume[twisted] PASSED              [ 54%]
[  261s] test/test_gather.py::test_gather_no_consume[asyncio] PASSED              [ 55%]
[  261s] test/test_imports.py::test_use_twisted PASSED                            [ 55%]
[  261s] test/test_imports.py::test_use_twisted_no_twisted PASSED                 [ 56%]
[  261s] test/test_imports.py::test_use_asyncio PASSED                            [ 57%]
[  261s] test/test_is_future.py::test_is_future_generic[twisted] PASSED           [ 58%]
[  261s] test/test_is_future.py::test_is_future_generic[asyncio] PASSED           [ 59%]
[  261s] test/test_is_future.py::test_is_future_coroutine PASSED                  [ 60%]
[  261s] test/test_is_future.py::test_is_called[twisted] PASSED                   [ 61%]
[  261s] test/test_is_future.py::test_is_called[asyncio] PASSED                   [ 61%]
[  261s] test/test_legacy_logging.py::test_log_stdlib PASSED                      [ 62%]
[  261s] test/test_logging.py::test_categories[twisted] PASSED                    [ 63%]
[  261s] test/test_logging.py::test_categories[asyncio] PASSED                    [ 64%]
[  262s] test/test_logging.py::test_categories_subsequent[twisted] PASSED         [ 65%]
[  262s] test/test_logging.py::test_categories_subsequent[asyncio] PASSED         [ 66%]
[  262s] test/test_logging.py::test_critical[twisted] PASSED                      [ 66%]
[  262s] test/test_logging.py::test_critical[asyncio] PASSED                      [ 67%]
[  262s] test/test_logging.py::test_info[twisted] PASSED                          [ 68%]
[  262s] test/test_logging.py::test_info[asyncio] PASSED                          [ 69%]
[  262s] test/test_logging.py::test_legacy_error_with_traceback[twisted] SKIPPED  [ 70%]
[  262s] test/test_logging.py::test_legacy_error_with_traceback[asyncio] PASSED   [ 71%]
[  262s] test/test_logging.py::test_trace[twisted] PASSED                         [ 72%]
[  262s] test/test_logging.py::test_trace[asyncio] PASSED                         [ 72%]
[  262s] test/test_logging.py::test_emit_noop[twisted] PASSED                     [ 73%]
[  262s] test/test_logging.py::test_emit_noop[asyncio] PASSED                     [ 74%]
[  262s] test/test_logging.py::test_emit_ok[twisted] PASSED                       [ 75%]
[  262s] test/test_logging.py::test_emit_ok[asyncio] PASSED                       [ 76%]
[  262s] test/test_logging.py::test_bad_failures[twisted] PASSED                  [ 77%]
[  262s] test/test_logging.py::test_bad_failures[asyncio] PASSED                  [ 77%]
[  262s] test/test_logging.py::test_debug_with_object[twisted] PASSED             [ 78%]
[  262s] test/test_logging.py::test_debug_with_object[asyncio] PASSED             [ 79%]
[  262s] test/test_logging.py::test_log_noop_trace[twisted] PASSED                [ 80%]
[  262s] test/test_logging.py::test_log_noop_trace[asyncio] PASSED                [ 81%]
[  262s] test/test_logging.py::test_double_start[twisted] PASSED                  [ 82%]
[  262s] test/test_logging.py::test_double_start[asyncio] PASSED                  [ 83%]
[  262s] test/test_logging.py::test_invalid_level[twisted] PASSED                 [ 83%]
[  262s] test/test_logging.py::test_invalid_level[asyncio] PASSED                 [ 84%]
[  262s] test/test_logging.py::test_class_descriptor[twisted] PASSED              [ 85%]
[  262s] test/test_logging.py::test_class_descriptor[asyncio] PASSED              [ 86%]
[  262s] test/test_logging.py::test_class_attribute[twisted] PASSED               [ 87%]
[  262s] test/test_logging.py::test_class_attribute[asyncio] PASSED               [ 88%]
[  262s] test/test_logging.py::test_log_converter[twisted] PASSED                 [ 88%]
[  262s] test/test_logging.py::test_log_converter[asyncio] PASSED                 [ 89%]
[  262s] test/test_logging.py::test_txlog_write_binary[twisted] PASSED            [ 90%]
[  262s] test/test_logging.py::test_txlog_write_binary[asyncio] PASSED            [ 91%]
[  262s] test/test_logging.py::test_txlog_write_text[twisted] PASSED              [ 92%]
[  262s] test/test_logging.py::test_txlog_write_text[asyncio] PASSED              [ 93%]
[  262s] test/test_logging.py::test_aiolog_write_binary[twisted] PASSED           [ 94%]
[  262s] test/test_logging.py::test_aiolog_write_binary[asyncio] PASSED           [ 94%]
[  262s] test/test_logging.py::test_aiolog_write_text[twisted] PASSED             [ 95%]
[  262s] test/test_logging.py::test_aiolog_write_text[asyncio] PASSED             [ 96%]
[  262s] test/test_util.py::test_time_ns[twisted] PASSED                          [ 97%]
[  262s] test/test_util.py::test_time_ns[asyncio] PASSED                          [ 98%]
[  262s] test/test_util.py::test_perf_counter_ns[twisted] PASSED                  [ 99%]
[  262s] test/test_util.py::test_perf_counter_ns[asyncio] PASSED                  [100%]
[  262s] 
[  262s] =============================== warnings summary ===============================
[  262s] test/test_as_future.py::test_as_future_coroutine[asyncio]
[  262s]   /home/abuild/rpmbuild/BUILD/txaio-22.2.1/test/test_as_future.py:108: DeprecationWarning: "@coroutine" decorator is deprecated since Python 3.8, use "async def" instead
[  262s]     def method(*args, **kw):
[  262s] 
[  262s] test/test_call_later.py::test_explicit_reactor_coroutine[asyncio]
[  262s]   /home/abuild/rpmbuild/BUILD/txaio-22.2.1/test/test_call_later.py:177: DeprecationWarning: "@coroutine" decorator is deprecated since Python 3.8, use "async def" instead
[  262s]     def some_coroutine():
[  262s] 
[  262s] test/test_is_future.py::test_is_future_coroutine
[  262s]   /home/abuild/rpmbuild/BUILD/txaio-22.2.1/test/test_is_future.py:48: DeprecationWarning: "@coroutine" decorator is deprecated since Python 3.8, use "async def" instead
[  262s]     def some_coroutine():
[  262s] 
[  262s] -- Docs: https://docs.pytest.org/en/stable/how-to/capture-warnings.html
[  262s] ========== 107 passed, 11 skipped, 1 deselected, 3 warnings in 8.03s ===========
[  262s] ++ '[' -f _current_flavor ']'
[  262s] ++ cat _current_flavor
[  263s] + last_flavor=python39
[  263s] + '[' -z python39 ']'
[  263s] + '[' python39 '!=' python311 ']'
[  263s] + '[' -d build ']'
[  263s] + mv build _build.python39
[  263s] + '[' -d _build.python311 ']'
[  263s] + mv _build.python311 build
[  263s] + echo python311
[  263s] + python_flavor=python311
[  263s] + PYTHONPATH=/home/abuild/rpmbuild/BUILDROOT/python-txaio-22.2.1-1.3.riscv64/usr/lib/python3.11/site-packages
[  263s] + PYTHONDONTWRITEBYTECODE=1
[  263s] + pytest-3.11 --ignore=_build.python38 --ignore=_build.python39 --ignore=_build.python311 --ignore=_build.python310 -v -k 'not test_sdist'
[  266s] ============================= test session starts ==============================
[  266s] platform linux -- Python 3.11.1, pytest-7.2.0, pluggy-1.0.0 -- /usr/bin/python3.11
[  266s] cachedir: .pytest_cache
[  266s] rootdir: /home/abuild/rpmbuild/BUILD/txaio-22.2.1
[  268s] collecting ... collected 119 items / 1 deselected / 118 selected
[  268s] 
[  269s] test/test_as_future.py::test_as_future_immediate[twisted] PASSED         [  0%]
[  269s] test/test_as_future.py::test_as_future_immediate[asyncio] PASSED         [  1%]
[  269s] test/test_as_future.py::test_as_future_immediate_none[twisted] PASSED    [  2%]
[  269s] test/test_as_future.py::test_as_future_immediate_none[asyncio] PASSED    [  3%]
[  269s] test/test_as_future.py::test_as_future_coroutine[twisted] PASSED         [  4%]
[  270s] test/test_as_future.py::test_as_future_coroutine[asyncio] FAILED         [  5%]
[  270s] test/test_as_future.py::test_as_future_exception[twisted] PASSED         [  5%]
[  270s] test/test_as_future.py::test_as_future_exception[asyncio] PASSED         [  6%]
[  270s] test/test_as_future.py::test_as_future_recursive[twisted] PASSED         [  7%]
[  270s] test/test_as_future.py::test_as_future_recursive[asyncio] PASSED         [  8%]
[  270s] test/test_batched_timers_aio.py::test_batched_successful_call SKIPPED    [  9%]
[  270s] test/test_batched_timers_aio.py::test_batched_successful_call_explicit_loop SKIPPED [ 10%]
[  270s] test/test_batched_timers_aio.py::test_batched_cancel SKIPPED (could ...) [ 11%]
[  270s] test/test_batched_timers_aio.py::test_batched_cancel_too_late SKIPPED    [ 11%]
[  270s] test/test_batched_timers_tx.py::test_batched_successful_call PASSED      [ 12%]
[  270s] test/test_batched_timers_tx.py::test_batched_cancel PASSED               [ 13%]
[  270s] test/test_batched_timers_tx.py::test_batched_cancel_too_late PASSED      [ 14%]
[  270s] test/test_batched_timers_tx.py::test_batched_chunks PASSED               [ 15%]
[  270s] test/test_batched_timers_tx.py::test_batched_chunks_with_errors PASSED   [ 16%]
[  270s] test/test_batched_timers_tx.py::test_batched_close_to_now PASSED         [ 16%]
[  271s] test/test_call_later.py::test_default_reactor PASSED                     [ 17%]
[  271s] test/test_call_later.py::test_explicit_reactor_future[twisted] SKIPPED   [ 18%]
[  272s] test/test_call_later.py::test_explicit_reactor_future[asyncio] PASSED    [ 19%]
[  272s] test/test_call_later.py::test_create_future_explicit_loop[twisted] SKIPPED [ 20%]
[  272s] test/test_call_later.py::test_create_future_explicit_loop[asyncio] PASSED [ 21%]
[  272s] test/test_call_later.py::test_create_future_success_explicit_loop[twisted] SKIPPED [ 22%]
[  272s] test/test_call_later.py::test_create_future_success_explicit_loop[asyncio] PASSED [ 22%]
[  272s] test/test_call_later.py::test_create_future_failure_explicit_loop[twisted] SKIPPED [ 23%]
[  272s] test/test_call_later.py::test_create_future_failure_explicit_loop[asyncio] PASSED [ 24%]
[  272s] test/test_call_later.py::test_explicit_reactor_coroutine[twisted] SKIPPED [ 25%]
[  272s] test/test_call_later.py::test_explicit_reactor_coroutine[asyncio] FAILED [ 26%]
[  272s] test/test_call_later.py::test_call_later_tx PASSED                       [ 27%]
[  272s] test/test_call_later.py::test_call_later_aio SKIPPED (could not impo...) [ 27%]
[  272s] test/test_callback.py::test_default_resolve[twisted] PASSED              [ 28%]
[  272s] test/test_callback.py::test_default_resolve[asyncio] PASSED              [ 29%]
[  272s] test/test_callback.py::test_callback[twisted] PASSED                     [ 30%]
[  272s] test/test_callback.py::test_callback[asyncio] PASSED                     [ 31%]
[  272s] test/test_callback.py::test_immediate_result[twisted] PASSED             [ 32%]
[  272s] test/test_callback.py::test_immediate_result[asyncio] PASSED             [ 33%]
[  272s] test/test_cancel.py::test_cancel[twisted] PASSED                         [ 33%]
[  272s] test/test_cancel.py::test_cancel[asyncio] PASSED                         [ 34%]
[  272s] test/test_create.py::test_illegal_args[twisted] PASSED                   [ 35%]
[  272s] test/test_create.py::test_illegal_args[asyncio] PASSED                   [ 36%]
[  272s] test/test_create.py::test_create_result[twisted] PASSED                  [ 37%]
[  272s] test/test_create.py::test_create_result[asyncio] PASSED                  [ 38%]
[  272s] test/test_create.py::test_create_error[twisted] PASSED                   [ 38%]
[  272s] test/test_create.py::test_create_error[asyncio] PASSED                   [ 39%]
[  272s] test/test_errback.py::test_errback[twisted] PASSED                       [ 40%]
[  272s] test/test_errback.py::test_errback[asyncio] PASSED                       [ 41%]
[  272s] test/test_errback.py::test_errback_without_except[twisted] PASSED        [ 42%]
[  272s] test/test_errback.py::test_errback_without_except[asyncio] PASSED        [ 43%]
[  272s] test/test_errback.py::test_errback_plain_exception[twisted] PASSED       [ 44%]
[  272s] test/test_errback.py::test_errback_plain_exception[asyncio] PASSED       [ 44%]
[  272s] test/test_errback.py::test_errback_cancel_exception[twisted] PASSED      [ 45%]
[  272s] test/test_errback.py::test_errback_cancel_exception[asyncio] PASSED      [ 46%]
[  272s] test/test_errback.py::test_errback_illegal_args[twisted] PASSED          [ 47%]
[  272s] test/test_errback.py::test_errback_illegal_args[asyncio] PASSED          [ 48%]
[  272s] test/test_errback.py::test_errback_reject_no_args[twisted] PASSED        [ 49%]
[  272s] test/test_errback.py::test_errback_reject_no_args[asyncio] PASSED        [ 50%]
[  272s] test/test_errback.py::test_immediate_failure[twisted] PASSED             [ 50%]
[  272s] test/test_errback.py::test_immediate_failure[asyncio] PASSED             [ 51%]
[  272s] test/test_gather.py::test_gather_two[twisted] PASSED                     [ 52%]
[  272s] test/test_gather.py::test_gather_two[asyncio] PASSED                     [ 53%]
[  272s] test/test_gather.py::test_gather_no_consume[twisted] PASSED              [ 54%]
[  272s] test/test_gather.py::test_gather_no_consume[asyncio] PASSED              [ 55%]
[  272s] test/test_imports.py::test_use_twisted PASSED                            [ 55%]
[  272s] test/test_imports.py::test_use_twisted_no_twisted PASSED                 [ 56%]
[  272s] test/test_imports.py::test_use_asyncio PASSED                            [ 57%]
[  272s] test/test_is_future.py::test_is_future_generic[twisted] PASSED           [ 58%]
[  272s] test/test_is_future.py::test_is_future_generic[asyncio] PASSED           [ 59%]
[  272s] test/test_is_future.py::test_is_future_coroutine FAILED                  [ 60%]
[  272s] test/test_is_future.py::test_is_called[twisted] PASSED                   [ 61%]
[  272s] test/test_is_future.py::test_is_called[asyncio] PASSED                   [ 61%]
[  272s] test/test_legacy_logging.py::test_log_stdlib PASSED                      [ 62%]
[  272s] test/test_logging.py::test_categories[twisted] PASSED                    [ 63%]
[  272s] test/test_logging.py::test_categories[asyncio] PASSED                    [ 64%]
[  272s] test/test_logging.py::test_categories_subsequent[twisted] PASSED         [ 65%]
[  272s] test/test_logging.py::test_categories_subsequent[asyncio] PASSED         [ 66%]
[  272s] test/test_logging.py::test_critical[twisted] PASSED                      [ 66%]
[  272s] test/test_logging.py::test_critical[asyncio] PASSED                      [ 67%]
[  272s] test/test_logging.py::test_info[twisted] PASSED                          [ 68%]
[  272s] test/test_logging.py::test_info[asyncio] PASSED                          [ 69%]
[  272s] test/test_logging.py::test_legacy_error_with_traceback[twisted] SKIPPED  [ 70%]
[  272s] test/test_logging.py::test_legacy_error_with_traceback[asyncio] PASSED   [ 71%]
[  272s] test/test_logging.py::test_trace[twisted] PASSED                         [ 72%]
[  272s] test/test_logging.py::test_trace[asyncio] PASSED                         [ 72%]
[  272s] test/test_logging.py::test_emit_noop[twisted] PASSED                     [ 73%]
[  272s] test/test_logging.py::test_emit_noop[asyncio] PASSED                     [ 74%]
[  272s] test/test_logging.py::test_emit_ok[twisted] PASSED                       [ 75%]
[  272s] test/test_logging.py::test_emit_ok[asyncio] PASSED                       [ 76%]
[  272s] test/test_logging.py::test_bad_failures[twisted] PASSED                  [ 77%]
[  272s] test/test_logging.py::test_bad_failures[asyncio] PASSED                  [ 77%]
[  272s] test/test_logging.py::test_debug_with_object[twisted] PASSED             [ 78%]
[  272s] test/test_logging.py::test_debug_with_object[asyncio] PASSED             [ 79%]
[  272s] test/test_logging.py::test_log_noop_trace[twisted] PASSED                [ 80%]
[  272s] test/test_logging.py::test_log_noop_trace[asyncio] PASSED                [ 81%]
[  272s] test/test_logging.py::test_double_start[twisted] PASSED                  [ 82%]
[  272s] test/test_logging.py::test_double_start[asyncio] PASSED                  [ 83%]
[  272s] test/test_logging.py::test_invalid_level[twisted] PASSED                 [ 83%]
[  273s] test/test_logging.py::test_invalid_level[asyncio] PASSED                 [ 84%]
[  273s] test/test_logging.py::test_class_descriptor[twisted] PASSED              [ 85%]
[  273s] test/test_logging.py::test_class_descriptor[asyncio] PASSED              [ 86%]
[  273s] test/test_logging.py::test_class_attribute[twisted] PASSED               [ 87%]
[  273s] test/test_logging.py::test_class_attribute[asyncio] PASSED               [ 88%]
[  273s] test/test_logging.py::test_log_converter[twisted] PASSED                 [ 88%]
[  273s] test/test_logging.py::test_log_converter[asyncio] PASSED                 [ 89%]
[  273s] test/test_logging.py::test_txlog_write_binary[twisted] PASSED            [ 90%]
[  273s] test/test_logging.py::test_txlog_write_binary[asyncio] PASSED            [ 91%]
[  273s] test/test_logging.py::test_txlog_write_text[twisted] PASSED              [ 92%]
[  273s] test/test_logging.py::test_txlog_write_text[asyncio] PASSED              [ 93%]
[  273s] test/test_logging.py::test_aiolog_write_binary[twisted] PASSED           [ 94%]
[  273s] test/test_logging.py::test_aiolog_write_binary[asyncio] PASSED           [ 94%]
[  273s] test/test_logging.py::test_aiolog_write_text[twisted] PASSED             [ 95%]
[  273s] test/test_logging.py::test_aiolog_write_text[asyncio] PASSED             [ 96%]
[  273s] test/test_util.py::test_time_ns[twisted] PASSED                          [ 97%]
[  273s] test/test_util.py::test_time_ns[asyncio] PASSED                          [ 98%]
[  273s] test/test_util.py::test_perf_counter_ns[twisted] PASSED                  [ 99%]
[  273s] test/test_util.py::test_perf_counter_ns[asyncio] PASSED                  [100%]
[  273s] 
[  273s] =================================== FAILURES ===================================
[  273s] ______________________ test_as_future_coroutine[asyncio] _______________________
[  273s] 
[  273s] framework = <module 'txaio.aio' from '/home/abuild/rpmbuild/BUILDROOT/python-txaio-22.2.1-1.3.riscv64/usr/lib/python3.11/site-packages/txaio/aio.py'>
[  273s] 
[  273s]     def test_as_future_coroutine(framework):
[  273s]         '''
[  273s]         call a coroutine (asyncio)
[  273s]         '''
[  273s]         pytest.importorskip('asyncio')
[  273s]         # can import asyncio on python3.4, but might still be using
[  273s]         # twisted
[  273s]         if not txaio.using_asyncio:
[  273s]             return
[  273s]     
[  273s]         errors = []
[  273s]         results = []
[  273s]         calls = []
[  273s]     
[  273s] >       from asyncio import coroutine
[  273s] E       ImportError: cannot import name 'coroutine' from 'asyncio' (/usr/lib64/python3.11/asyncio/__init__.py)
[  273s] 
[  273s] test/test_as_future.py:105: ImportError
[  273s] ___________________ test_explicit_reactor_coroutine[asyncio] ___________________
[  273s] 
[  273s] framework = <module 'txaio.aio' from '/home/abuild/rpmbuild/BUILDROOT/python-txaio-22.2.1-1.3.riscv64/usr/lib/python3.11/site-packages/txaio/aio.py'>
[  273s] 
[  273s]     def test_explicit_reactor_coroutine(framework):
[  273s]         """
[  273s]         If we set an event-loop, Futures + Tasks should use it.
[  273s]         """
[  273s]         pytest.importorskip('asyncio')
[  273s]         if txaio.using_twisted:
[  273s]             pytest.skip()
[  273s]     
[  273s] >       from asyncio import coroutine
[  273s] E       ImportError: cannot import name 'coroutine' from 'asyncio' (/usr/lib64/python3.11/asyncio/__init__.py)
[  273s] 
[  273s] test/test_call_later.py:174: ImportError
[  273s] ___________________________ test_is_future_coroutine ___________________________
[  273s] 
[  273s] framework_aio = <module 'txaio.aio' from '/home/abuild/rpmbuild/BUILDROOT/python-txaio-22.2.1-1.3.riscv64/usr/lib/python3.11/site-packages/txaio/aio.py'>
[  273s] 
[  273s]     def test_is_future_coroutine(framework_aio):
[  273s]         '''
[  273s]         Returning an immediate value from as_future
[  273s]         '''
[  273s]         pytest.importorskip('asyncio')  # 'aio' might be using trollius
[  273s] >       from asyncio import coroutine
[  273s] E       ImportError: cannot import name 'coroutine' from 'asyncio' (/usr/lib64/python3.11/asyncio/__init__.py)
[  273s] 
[  273s] test/test_is_future.py:45: ImportError
[  273s] =============================== warnings summary ===============================
[  273s] test/test_as_future.py::test_as_future_immediate[asyncio]
[  273s]   /home/abuild/rpmbuild/BUILDROOT/python-txaio-22.2.1-1.3.riscv64/usr/lib/python3.11/site-packages/txaio/aio.py:323: DeprecationWarning: There is no current event loop
[  273s]     return asyncio.get_event_loop()
[  273s] 
[  273s] -- Docs: https://docs.pytest.org/en/stable/how-to/capture-warnings.html
[  273s] =========================== short test summary info ============================
[  273s] FAILED test/test_as_future.py::test_as_future_coroutine[asyncio] - ImportErro...
[  273s] FAILED test/test_call_later.py::test_explicit_reactor_coroutine[asyncio] - Im...
[  273s] FAILED test/test_is_future.py::test_is_future_coroutine - ImportError: cannot...
[  273s] ====== 3 failed, 104 passed, 11 skipped, 1 deselected, 1 warning in 7.12s ======
[  273s] error: Bad exit status from /var/tmp/rpm-tmp.FayHba (%check)
[  273s] 
[  273s] RPM build errors:
[  273s]     Bad exit status from /var/tmp/rpm-tmp.FayHba (%check)
[  273s] ### VM INTERACTION START ###
[  274s] [  266.733687][    T1] sysrq: Power Off
[  274s] [  266.737267][   T18] reboot: Power down
[  274s] ### VM INTERACTION END ###
[  274s] 
[  274s] lamb15 failed "build python-txaio.spec" at Sun Feb 19 07:35:32 UTC 2023.
[  274s] 
