[    0s] Using BUILD_ROOT=/var/cache/obs/worker/root_9/.mount
[    0s] Using BUILD_ARCH=riscv64
[    0s] Doing kvm build in /var/cache/obs/worker/root_9/root
[    0s] 
[    0s] 
[    0s] old-atreju4 started "build python-diff-match-patch.spec" at Sat Feb 18 21:10:09 UTC 2023.
[    0s] 
[    0s] Building python-diff-match-patch for project 'openSUSE:Factory:RISCV' repository 'standard' arch 'riscv64' srcmd5 'd7b7824c73a538afc847c79722c4f6fe'
[    0s] 
[    0s] processing recipe /var/cache/obs/worker/root_9/.build-srcdir/python-diff-match-patch.spec ...
[    0s] running changelog2spec --target rpm --file /var/cache/obs/worker/root_9/.build-srcdir/python-diff-match-patch.spec
[    0s] init_buildsystem --configdir /var/run/obs/worker/9/build/configs --cachedir /var/cache/build --prepare --clean --rpmlist /var/cache/obs/worker/root_9/.build.rpmlist /var/cache/obs/worker/root_9/.build-srcdir/python-diff-match-patch.spec build ...
[    1s] unpacking preinstall image openSUSE:Factory:RISCV/standard/preinstallimage-python [83160fede3a282f635470653fe6cebf8]
[    6s] 
[    6s] copying packages...
[    7s] reordering...done
[    7s] Detected virtio-serial support
[    8s] booting kvm...
[    9s] ### VM INTERACTION START ###
[    9s] Using virtio-serial support
[    9s] /usr/bin/qemu-kvm -nodefaults -no-reboot -nographic -vga none -cpu host -M pc,accel=kvm,usb=off,dump-guest-core=off,vmport=off -sandbox on -bios /usr/share/qemu/qboot.rom -object rng-random,filename=/dev/random,id=rng0 -device virtio-rng-pci,rng=rng0 -object iothread,id=io0 -runas qemu -net none -kernel /var/cache/obs/worker/root_9/.mount/boot/kernel -initrd /var/cache/obs/worker/root_9/.mount/boot/initrd -append root=/dev/disk/by-id/virtio-0 rootfstype=ext4 rootflags=noatime kvmclock mitigations=off elevator=noop nmi_watchdog=0 rw rd.driver.pre=binfmt_misc oops=panic panic=1 quiet console=hvc0 init=/.build/initvm.x86_64 -m 8192 -drive file=/var/cache/obs/worker/root_9/root,format=raw,if=none,id=disk,cache=unsafe,aio=io_uring -device virtio-blk-pci,iothread=io0,drive=disk,serial=0 -drive file=/var/cache/obs/worker/root_9/swap,format=raw,if=none,id=swap,cache=unsafe,aio=io_uring -device virtio-blk-pci,iothread=io0,drive=swap,serial=1 -device virtio-serial,max_ports=2 -device virtconsole,chardev=virtiocon0 -chardev stdio,id=virtiocon0 -chardev socket,id=monitor,server=on,wait=off,path=/var/cache/obs/worker/root_9/root.qemu/monitor -mon chardev=monitor,mode=readline -smp 4
[   18s] ### VM INTERACTION END ###
[   18s] 2nd stage started in virtual machine
[   19s] machine type: riscv64
[   19s] Linux version: 6.1.12-1-default #1 SMP PREEMPT_DYNAMIC Wed Feb 15 05:31:41 UTC 2023 (373f017)
[   19s] Increasing log level from now on...
[   19s] [   10.340511][  T373] sysrq: Changing Loglevel
[   19s] [   10.340735][  T373] sysrq: Loglevel set to 4
[   19s] Enable sysrq operations
[   21s] Setting up swapspace version 1, size = 2 GiB (2147479552 bytes)
[   21s] no label, UUID=ad765fdf-d296-48e1-848f-2230a1e8e608
[   21s] swapon: /dev/vdb: found signature [pagesize=4096, signature=swap]
[   21s] swapon: /dev/vdb: pagesize=4096, swapsize=2147483648, devsize=2147483648
[   21s] swapon /dev/vdb
[   21s] WARNING: udev not running, creating extra device nodes
[   23s] logging output to //.build.log...
[   23s] processing recipe /.build-srcdir/python-diff-match-patch.spec ...
[   23s] init_buildsystem --configdir /.build/configs --cachedir /var/cache/build /.build-srcdir/python-diff-match-patch.spec build ...
[   24s] initializing rpm db...
[   25s] querying package ids...
[   70s] [1/147] preinstalled aaa_base-84.87+git20220822.6b9f7a3-1.1
[   70s] [2/147] preinstalled aaa_base-malloccheck-84.87+git20220822.6b9f7a3-1.1
[   70s] [3/147] preinstalled attr-2.5.1-1.1
[   70s] [4/147] preinstalled bash-5.2.15-8.1
[   70s] [5/147] preinstalled bash-sh-5.2.15-8.1
[   70s] [6/147] preinstalled binutils-2.39-3.1
[   70s] [7/147] preinstalled brp-check-suse-84.87+git20221115.2f7add6-1.1
[   70s] [8/147] preinstalled build-compare-20221206T204012.bb70754-1.2
[   71s] [9/147] preinstalled build-mkbaselibs-20230215-1.1
[   71s] [10/147] preinstalled bzip2-1.0.8-4.1
[   71s] [11/147] preinstalled chkstat-1599_20221220-1.2
[   71s] [12/147] preinstalled compat-usrmerge-build-84.87-5.1
[   71s] [13/147] preinstalled compat-usrmerge-tools-84.87-5.1
[   71s] [14/147] preinstalled coreutils-9.1-5.1
[   71s] [15/147] preinstalled cpio-2.13-5.1
[   71s] [16/147] preinstalled cpp-12-2.1
[   71s] [17/147] preinstalled cpp12-12.2.1+git749-4.1
[   71s] [18/147] preinstalled crypto-policies-20210917.c9d86d1-1.1
[   71s] [19/147] preinstalled debugedit-5.0-5.1
[   71s] [20/147] preinstalled diffutils-3.9-1.1
[   71s] [21/147] preinstalled dwz-0.15-2.1
[   71s] [22/147] preinstalled elfutils-0.188-3.2
[   71s] [23/147] cumulate fdupes-2.2.1-1.1
[   71s] [24/147] preinstalled file-5.44-1.2
[   71s] [25/147] preinstalled file-magic-5.44-1.2
[   71s] [26/147] preinstalled filesystem-84.87-12.1
[   71s] [27/147] preinstalled fillup-1.42-279.1
[   71s] [28/147] preinstalled findutils-4.9.0-2.1
[   71s] [29/147] preinstalled gawk-5.2.1-2.1
[   71s] [30/147] preinstalled gcc-12-2.1
[   71s] [31/147] preinstalled gcc-PIE-12-2.1
[   71s] [32/147] preinstalled gcc12-12.2.1+git749-4.1
[   71s] [33/147] preinstalled gcc12-PIE-12.2.1+git749-4.1
[   71s] [34/147] preinstalled gettext-runtime-mini-0.21.1-1.1
[   71s] [35/147] preinstalled gettext-tools-mini-0.21.1-1.1
[   71s] [36/147] preinstalled glibc-2.37-1.1
[   71s] [37/147] preinstalled glibc-devel-2.37-1.1
[   71s] [38/147] preinstalled glibc-locale-base-2.37-1.1
[   71s] [39/147] preinstalled grep-3.8-3.1
[   71s] [40/147] preinstalled gzip-1.12-3.1
[   71s] [41/147] preinstalled kernel-obs-build-6.1.12-1.1
[   71s] [42/147] preinstalled libacl1-2.3.1-2.1
[   71s] [43/147] preinstalled libasan8-13.0.1+git5428-6.1
[   71s] [44/147] preinstalled libasm1-0.188-3.2
[   71s] [45/147] preinstalled libatomic1-13.0.1+git5428-6.1
[   71s] [46/147] preinstalled libattr1-2.5.1-1.1
[   71s] [47/147] preinstalled libaudit1-3.0.6-4.1
[   71s] [48/147] preinstalled libblkid1-2.38.1-7.1
[   71s] [49/147] preinstalled libbz2-1-1.0.8-4.1
[   71s] [50/147] preinstalled libcap-ng0-0.8.3-1.1
[   71s] [51/147] preinstalled libcap2-2.67-1.1
[   71s] [52/147] preinstalled libcrypt1-4.4.33-1.1
[   71s] [53/147] preinstalled libctf-nobfd0-2.39-3.1
[   71s] [54/147] preinstalled libctf0-2.39-3.1
[   71s] [55/147] preinstalled libdb-4_8-4.8.30-39.1
[   71s] [56/147] preinstalled libdw1-0.188-3.2
[   71s] [57/147] preinstalled libeconf0-0.5.1-1.1
[   71s] [58/147] preinstalled libelf1-0.188-3.2
[   71s] [59/147] preinstalled libexpat1-2.5.0-2.1
[   71s] [60/147] preinstalled libfdisk1-2.38.1-7.1
[   71s] [61/147] preinstalled libffi8-3.4.4-1.1
[   71s] [62/147] preinstalled libgcc_s1-13.0.1+git5428-6.1
[   71s] [63/147] preinstalled libgcrypt20-1.10.1-1.1
[   71s] [64/147] preinstalled libgdbm6-1.23-1.1
[   71s] [65/147] preinstalled libgdbm_compat4-1.23-1.1
[   71s] [66/147] preinstalled libgmp10-6.2.1-4.1
[   71s] [67/147] preinstalled libgomp1-13.0.1+git5428-6.1
[   71s] [68/147] preinstalled libgpg-error0-1.46-1.1
[   71s] [69/147] preinstalled libisl23-0.25-1.1
[   71s] [70/147] preinstalled liblua5_4-5-5.4.4-8.1
[   71s] [71/147] preinstalled liblzma5-5.4.1-1.1
[   71s] [72/147] preinstalled libmagic1-5.44-1.2
[   71s] [73/147] preinstalled libmount1-2.38.1-7.1
[   71s] [74/147] preinstalled libmpc3-1.3.1-1.2
[   71s] [75/147] preinstalled libmpdec3-2.5.1-2.1
[   71s] [76/147] preinstalled libmpfr6-4.2.0-1.1
[   71s] [77/147] preinstalled libncurses6-6.4.20230128-5.1
[   71s] [78/147] preinstalled libopenssl3-3.0.7-3.1
[   71s] [79/147] preinstalled libpcre2-8-0-10.42-3.2
[   71s] [80/147] preinstalled libpkgconf3-1.8.0-2.1
[   71s] [81/147] preinstalled libpopt0-1.19-1.1
[   71s] [82/147] preinstalled libpython3_10-1_0-3.10.9-2.2
[   71s] [83/147] preinstalled libpython3_11-1_0-3.11.1-4.2
[   71s] [84/147] preinstalled libpython3_8-1_0-3.8.16-3.2
[   71s] [85/147] preinstalled libpython3_9-1_0-3.9.16-3.2
[   71s] [86/147] preinstalled libreadline8-8.2-2.1
[   71s] [87/147] preinstalled librpmbuild9-4.18.0-3.2
[   71s] [88/147] preinstalled libseccomp2-2.5.4-2.1
[   71s] [89/147] preinstalled libselinux1-3.4-2.1
[   71s] [90/147] preinstalled libsemanage-conf-3.4-1.1
[   71s] [91/147] preinstalled libsemanage2-3.4-1.1
[   71s] [92/147] preinstalled libsepol2-3.4-1.1
[   71s] [93/147] preinstalled libsmartcols1-2.38.1-7.1
[   71s] [94/147] preinstalled libstdc++6-13.0.1+git5428-6.1
[   71s] [95/147] preinstalled libsubid4-4.13-3.1
[   71s] [96/147] preinstalled libubsan1-13.0.1+git5428-6.1
[   71s] [97/147] preinstalled libutempter0-1.2.0-3.2
[   71s] [98/147] preinstalled libuuid1-2.38.1-7.1
[   71s] [99/147] preinstalled libxcrypt-devel-4.4.33-1.1
[   71s] [100/147] preinstalled libz1-1.2.13-2.1
[   71s] [101/147] preinstalled libzstd1-1.5.2-2.1
[   71s] [102/147] preinstalled linux-glibc-devel-6.1-1.1
[   71s] [103/147] preinstalled login_defs-4.13-3.1
[   71s] [104/147] preinstalled lua54-5.4.4-8.1
[   71s] [105/147] preinstalled make-4.4-2.1
[   71s] [106/147] preinstalled ncurses-utils-6.4.20230128-5.1
[   71s] [107/147] preinstalled pam-1.5.2-12.1
[   71s] [108/147] preinstalled patch-2.7.6-6.1
[   71s] [109/147] preinstalled perl-5.36.0-4.1
[   71s] [110/147] preinstalled perl-base-5.36.0-4.1
[   71s] [111/147] preinstalled permissions-1599_20221220-1.2
[   71s] [112/147] preinstalled permissions-config-1599_20221220-1.2
[   71s] [113/147] preinstalled pkgconf-1.8.0-2.1
[   71s] [114/147] preinstalled pkgconf-m4-1.8.0-2.1
[   71s] [115/147] preinstalled pkgconf-pkg-config-1.8.0-2.1
[   71s] [116/147] preinstalled polkit-default-privs-1550+20221102.9f111fa-1.1
[   71s] [117/147] preinstalled post-build-checks-84.87+git20230106.3a359c5-1.1
[   71s] [118/147] preinstalled python-rpm-macros-20230128.e704796-1.2
[   71s] [119/147] preinstalled python-rpm-packaging-20210526+a18ca48-1.2
[   71s] [120/147] preinstalled python310-base-3.10.9-2.2
[   71s] [121/147] preinstalled python310-packaging-23.0-1.1
[   71s] [122/147] preinstalled python310-setuptools-65.6.3-1.2
[   71s] [123/147] preinstalled python311-base-3.11.1-4.2
[   71s] [124/147] preinstalled python311-setuptools-65.6.3-1.2
[   71s] [125/147] preinstalled python38-base-3.8.16-3.2
[   71s] [126/147] preinstalled python38-setuptools-65.6.3-1.2
[   71s] [127/147] preinstalled python39-base-3.9.16-3.2
[   71s] [128/147] preinstalled python39-setuptools-65.6.3-1.2
[   71s] [129/147] preinstalled qemu-linux-user-7.1.0-50.1
[   71s] [130/147] preinstalled rpm-4.18.0-3.2
[   71s] [131/147] preinstalled rpm-build-4.18.0-3.2
[   71s] [132/147] preinstalled rpm-build-perl-4.18.0-3.2
[   71s] [133/147] preinstalled rpm-config-SUSE-20220926-1.1
[   71s] [134/147] preinstalled rpmlint-mini-2.4.0+git20230214.1bab129-9.4
[   71s] [135/147] preinstalled rpmlint-strict-2.4.0+git20230214.1bab129-1.1
[   71s] [136/147] preinstalled sed-4.9-2.1
[   71s] [137/147] preinstalled shadow-4.13-3.1
[   71s] [138/147] preinstalled system-group-hardware-20170617-24.1
[   71s] [139/147] preinstalled system-user-root-20190513-2.1
[   71s] [140/147] preinstalled systemd-rpm-macros-19-1.1
[   71s] [141/147] preinstalled sysuser-shadow-3.1-5.1
[   71s] [142/147] preinstalled tar-1.34-9.1
[   71s] [143/147] preinstalled terminfo-base-6.4.20230128-5.1
[   71s] [144/147] preinstalled update-alternatives-1.21.8-1.1
[   71s] [145/147] preinstalled util-linux-2.38.1-7.1
[   71s] [146/147] preinstalled which-2.21-5.1
[   71s] [147/147] preinstalled xz-5.4.1-1.1
[   71s] now installing cumulated packages
[   72s] Preparing...                          ########################################
[   72s] Updating / installing...
[   72s] fdupes-2.2.1-1.1                      ########################################
[   73s] now finalizing build dir...
[   73s] ... running 01-add_abuild_user_to_trusted_group
[   74s] ... running 02-set_timezone_to_utc
[   74s] ... running 03-set-permissions-secure
[   74s] ... running 11-hack_uname_version_to_kernel_version
[   93s] -----------------------------------------------------------------
[   93s] I have the following modifications for python-diff-match-patch.spec:
[   94s] 22c22
[   94s] < Release:        0
[   94s] ---
[   94s] > Release:        1.7
[  108s] build target is riscv64-suse-linux
[  108s] -----------------------------------------------------------------
[  108s] ----- building python-diff-match-patch.spec (user abuild)
[  108s] -----------------------------------------------------------------
[  108s] -----------------------------------------------------------------
[  115s] + exec rpmbuild -ba --define '_srcdefattr (-,root,root)' --nosignature --target=riscv64-suse-linux --define '_build_create_debug 1' --define 'disturl obs://build.opensuse.org/openSUSE:Factory:RISCV/standard/d7b7824c73a538afc847c79722c4f6fe-python-diff-match-patch' /home/abuild/rpmbuild/SOURCES/python-diff-match-patch.spec
[  115s] warning: line 34: It's not recommended to have unversioned Obsoletes: Obsoletes:      python-diff_match_patch
[  115s] warning: line 34: It's not recommended to have unversioned Obsoletes: Obsoletes:      python-diff_match_patch
[  123s] warning: line 36: It's not recommended to have unversioned Obsoletes: Obsoletes: python38-diff_match_patch
[  123s] warning: line 36: It's not recommended to have unversioned Obsoletes: Obsoletes: python39-diff_match_patch
[  123s] warning: line 36: It's not recommended to have unversioned Obsoletes: Obsoletes: python311-diff_match_patch
[  123s] warning: line 36: It's not recommended to have unversioned Obsoletes: Obsoletes: python3-diff_match_patch
[  123s] warning: line 36: It's not recommended to have unversioned Obsoletes: Obsoletes: python310-diff_match_patch
[  128s] Building target platforms: riscv64-suse-linux
[  128s] Building for target riscv64-suse-linux
[  128s] setting SOURCE_DATE_EPOCH=1597795200
[  129s] Executing(%prep): /usr/bin/bash -e /var/tmp/rpm-tmp.bRBltr
[  129s] + umask 022
[  129s] + cd /home/abuild/rpmbuild/BUILD
[  129s] + cd /home/abuild/rpmbuild/BUILD
[  129s] + rm -rf diff-match-patch-20200713
[  129s] + /usr/lib/rpm/rpmuncompress -x /home/abuild/rpmbuild/SOURCES/diff-match-patch-20200713.tar.gz
[  129s] + STATUS=0
[  129s] + '[' 0 -ne 0 ']'
[  129s] + cd diff-match-patch-20200713
[  129s] + /usr/bin/chmod -Rf a+rX,u+w,g-w,o-w .
[  129s] + find . -name '*.py' -type f -exec sed -i '1s/^#!.*//' '{}' +
[  130s] + echo 'Patch #0 (make-tests-runable.patch):'
[  130s] Patch #0 (make-tests-runable.patch):
[  130s] + /usr/bin/patch --no-backup-if-mismatch -f -p1 --fuzz=0
[  130s] patching file diff_match_patch/tests/run_all.py
[  130s] + RPM_EC=0
[  130s] ++ jobs -p
[  130s] + exit 0
[  130s] Executing(%build): /usr/bin/bash -e /var/tmp/rpm-tmp.jNOu6g
[  130s] + umask 022
[  130s] + cd /home/abuild/rpmbuild/BUILD
[  130s] + /usr/bin/rm -rf /home/abuild/rpmbuild/BUILDROOT/python-diff-match-patch-20200713-1.7.riscv64
[  130s] ++ dirname /home/abuild/rpmbuild/BUILDROOT/python-diff-match-patch-20200713-1.7.riscv64
[  130s] + /usr/bin/mkdir -p /home/abuild/rpmbuild/BUILDROOT
[  130s] + /usr/bin/mkdir /home/abuild/rpmbuild/BUILDROOT/python-diff-match-patch-20200713-1.7.riscv64
[  130s] + cd diff-match-patch-20200713
[  130s] + ref=/usr/lib/rpm
[  130s] + mints=0
[  130s] + case $(uname -m) in
[  130s] ++ uname -m
[  131s] + mints=20160911
[  131s] + for s in guess sub
[  131s] ++ find -maxdepth 8 -name config.guess
[  131s] + for s in guess sub
[  131s] ++ find -maxdepth 8 -name config.sub
[  131s] ++ '[' -f _current_flavor ']'
[  131s] ++ true
[  131s] + last_flavor=
[  131s] + '[' -z '' ']'
[  131s] + last_flavor=tmp
[  131s] + '[' tmp '!=' python38 ']'
[  131s] + '[' -d build ']'
[  131s] + '[' -d _build.python38 ']'
[  131s] + echo python38
[  131s] + python_flavor=python38
[  131s] + /usr/bin/python3.8 setup.py build '--executable=/usr/bin/python3.8 -s'
[  139s] running build
[  139s] running build_py
[  139s] creating build
[  139s] creating build/lib
[  139s] creating build/lib/diff_match_patch
[  139s] copying diff_match_patch/__init__.py -> build/lib/diff_match_patch
[  139s] copying diff_match_patch/diff_match_patch_py2.py -> build/lib/diff_match_patch
[  139s] copying diff_match_patch/diff_match_patch.py -> build/lib/diff_match_patch
[  139s] creating build/lib/diff_match_patch/tests
[  139s] copying diff_match_patch/tests/diff_match_patch_test_py2.py -> build/lib/diff_match_patch/tests
[  139s] copying diff_match_patch/tests/__init__.py -> build/lib/diff_match_patch/tests
[  139s] copying diff_match_patch/tests/speedtest.py -> build/lib/diff_match_patch/tests
[  139s] copying diff_match_patch/tests/diff_match_patch_test.py -> build/lib/diff_match_patch/tests
[  139s] copying diff_match_patch/tests/run_all.py -> build/lib/diff_match_patch/tests
[  139s] ++ '[' -f _current_flavor ']'
[  139s] ++ cat _current_flavor
[  139s] + last_flavor=python38
[  139s] + '[' -z python38 ']'
[  139s] + '[' python38 '!=' python39 ']'
[  139s] + '[' -d build ']'
[  139s] + mv build _build.python38
[  139s] + '[' -d _build.python39 ']'
[  139s] + echo python39
[  139s] + python_flavor=python39
[  139s] + /usr/bin/python3.9 setup.py build '--executable=/usr/bin/python3.9 -s'
[  146s] running build
[  146s] running build_py
[  146s] creating build
[  146s] creating build/lib
[  146s] creating build/lib/diff_match_patch
[  146s] copying diff_match_patch/__init__.py -> build/lib/diff_match_patch
[  146s] copying diff_match_patch/diff_match_patch_py2.py -> build/lib/diff_match_patch
[  146s] copying diff_match_patch/diff_match_patch.py -> build/lib/diff_match_patch
[  146s] creating build/lib/diff_match_patch/tests
[  146s] copying diff_match_patch/tests/diff_match_patch_test_py2.py -> build/lib/diff_match_patch/tests
[  146s] copying diff_match_patch/tests/__init__.py -> build/lib/diff_match_patch/tests
[  146s] copying diff_match_patch/tests/speedtest.py -> build/lib/diff_match_patch/tests
[  146s] copying diff_match_patch/tests/diff_match_patch_test.py -> build/lib/diff_match_patch/tests
[  146s] copying diff_match_patch/tests/run_all.py -> build/lib/diff_match_patch/tests
[  146s] ++ '[' -f _current_flavor ']'
[  146s] ++ cat _current_flavor
[  146s] + last_flavor=python39
[  146s] + '[' -z python39 ']'
[  146s] + '[' python39 '!=' python311 ']'
[  146s] + '[' -d build ']'
[  146s] + mv build _build.python39
[  146s] + '[' -d _build.python311 ']'
[  146s] + echo python311
[  146s] + python_flavor=python311
[  146s] + /usr/bin/python3.11 setup.py build '--executable=/usr/bin/python3.11 -s'
[  153s] running build
[  153s] running build_py
[  153s] creating build
[  153s] creating build/lib
[  153s] creating build/lib/diff_match_patch
[  153s] copying diff_match_patch/__init__.py -> build/lib/diff_match_patch
[  153s] copying diff_match_patch/diff_match_patch_py2.py -> build/lib/diff_match_patch
[  153s] copying diff_match_patch/diff_match_patch.py -> build/lib/diff_match_patch
[  153s] creating build/lib/diff_match_patch/tests
[  153s] copying diff_match_patch/tests/diff_match_patch_test_py2.py -> build/lib/diff_match_patch/tests
[  153s] copying diff_match_patch/tests/__init__.py -> build/lib/diff_match_patch/tests
[  153s] copying diff_match_patch/tests/speedtest.py -> build/lib/diff_match_patch/tests
[  153s] copying diff_match_patch/tests/diff_match_patch_test.py -> build/lib/diff_match_patch/tests
[  153s] copying diff_match_patch/tests/run_all.py -> build/lib/diff_match_patch/tests
[  153s] ++ '[' -f _current_flavor ']'
[  153s] ++ cat _current_flavor
[  153s] + last_flavor=python311
[  153s] + '[' -z python311 ']'
[  153s] + '[' python311 '!=' python310 ']'
[  153s] + '[' -d build ']'
[  154s] + mv build _build.python311
[  154s] + '[' -d _build.python310 ']'
[  154s] + echo python310
[  154s] + python_flavor=python310
[  154s] + /usr/bin/python3.10 setup.py build '--executable=/usr/bin/python3.10 -s'
[  161s] running build
[  161s] running build_py
[  161s] creating build
[  161s] creating build/lib
[  161s] creating build/lib/diff_match_patch
[  161s] copying diff_match_patch/__init__.py -> build/lib/diff_match_patch
[  161s] copying diff_match_patch/diff_match_patch_py2.py -> build/lib/diff_match_patch
[  161s] copying diff_match_patch/diff_match_patch.py -> build/lib/diff_match_patch
[  161s] creating build/lib/diff_match_patch/tests
[  161s] copying diff_match_patch/tests/diff_match_patch_test_py2.py -> build/lib/diff_match_patch/tests
[  161s] copying diff_match_patch/tests/__init__.py -> build/lib/diff_match_patch/tests
[  161s] copying diff_match_patch/tests/speedtest.py -> build/lib/diff_match_patch/tests
[  161s] copying diff_match_patch/tests/diff_match_patch_test.py -> build/lib/diff_match_patch/tests
[  161s] copying diff_match_patch/tests/run_all.py -> build/lib/diff_match_patch/tests
[  161s] + RPM_EC=0
[  161s] ++ jobs -p
[  161s] + exit 0
[  162s] Executing(%install): /usr/bin/bash -e /var/tmp/rpm-tmp.Lnvb19
[  162s] + umask 022
[  162s] + cd /home/abuild/rpmbuild/BUILD
[  162s] + /usr/bin/rm -rf /home/abuild/rpmbuild/BUILDROOT/python-diff-match-patch-20200713-1.7.riscv64
[  162s] + /usr/bin/mkdir -p /home/abuild/rpmbuild/BUILDROOT
[  162s] + /usr/bin/mkdir /home/abuild/rpmbuild/BUILDROOT/python-diff-match-patch-20200713-1.7.riscv64
[  162s] + cd diff-match-patch-20200713
[  162s] ++ '[' -f _current_flavor ']'
[  162s] ++ cat _current_flavor
[  162s] + last_flavor=python310
[  162s] + '[' -z python310 ']'
[  162s] + '[' python310 '!=' python38 ']'
[  162s] + '[' -d build ']'
[  162s] + mv build _build.python310
[  162s] + '[' -d _build.python38 ']'
[  162s] + mv _build.python38 build
[  162s] + echo python38
[  162s] + python_flavor=python38
[  162s] + /usr/bin/python3.8 setup.py install -O1 --skip-build --force --root /home/abuild/rpmbuild/BUILDROOT/python-diff-match-patch-20200713-1.7.riscv64 --prefix /usr
[  170s] running install
[  170s] running install_lib
[  170s] creating /home/abuild/rpmbuild/BUILDROOT/python-diff-match-patch-20200713-1.7.riscv64/usr
[  170s] creating /home/abuild/rpmbuild/BUILDROOT/python-diff-match-patch-20200713-1.7.riscv64/usr/lib
[  170s] creating /home/abuild/rpmbuild/BUILDROOT/python-diff-match-patch-20200713-1.7.riscv64/usr/lib/python3.8
[  170s] creating /home/abuild/rpmbuild/BUILDROOT/python-diff-match-patch-20200713-1.7.riscv64/usr/lib/python3.8/site-packages
[  170s] creating /home/abuild/rpmbuild/BUILDROOT/python-diff-match-patch-20200713-1.7.riscv64/usr/lib/python3.8/site-packages/diff_match_patch
[  170s] copying build/lib/diff_match_patch/__init__.py -> /home/abuild/rpmbuild/BUILDROOT/python-diff-match-patch-20200713-1.7.riscv64/usr/lib/python3.8/site-packages/diff_match_patch
[  170s] copying build/lib/diff_match_patch/diff_match_patch_py2.py -> /home/abuild/rpmbuild/BUILDROOT/python-diff-match-patch-20200713-1.7.riscv64/usr/lib/python3.8/site-packages/diff_match_patch
[  170s] copying build/lib/diff_match_patch/diff_match_patch.py -> /home/abuild/rpmbuild/BUILDROOT/python-diff-match-patch-20200713-1.7.riscv64/usr/lib/python3.8/site-packages/diff_match_patch
[  170s] creating /home/abuild/rpmbuild/BUILDROOT/python-diff-match-patch-20200713-1.7.riscv64/usr/lib/python3.8/site-packages/diff_match_patch/tests
[  170s] copying build/lib/diff_match_patch/tests/diff_match_patch_test_py2.py -> /home/abuild/rpmbuild/BUILDROOT/python-diff-match-patch-20200713-1.7.riscv64/usr/lib/python3.8/site-packages/diff_match_patch/tests
[  170s] copying build/lib/diff_match_patch/tests/__init__.py -> /home/abuild/rpmbuild/BUILDROOT/python-diff-match-patch-20200713-1.7.riscv64/usr/lib/python3.8/site-packages/diff_match_patch/tests
[  170s] copying build/lib/diff_match_patch/tests/speedtest.py -> /home/abuild/rpmbuild/BUILDROOT/python-diff-match-patch-20200713-1.7.riscv64/usr/lib/python3.8/site-packages/diff_match_patch/tests
[  170s] copying build/lib/diff_match_patch/tests/diff_match_patch_test.py -> /home/abuild/rpmbuild/BUILDROOT/python-diff-match-patch-20200713-1.7.riscv64/usr/lib/python3.8/site-packages/diff_match_patch/tests
[  170s] copying build/lib/diff_match_patch/tests/run_all.py -> /home/abuild/rpmbuild/BUILDROOT/python-diff-match-patch-20200713-1.7.riscv64/usr/lib/python3.8/site-packages/diff_match_patch/tests
[  170s] byte-compiling /home/abuild/rpmbuild/BUILDROOT/python-diff-match-patch-20200713-1.7.riscv64/usr/lib/python3.8/site-packages/diff_match_patch/__init__.py to __init__.cpython-38.pyc
[  170s] byte-compiling /home/abuild/rpmbuild/BUILDROOT/python-diff-match-patch-20200713-1.7.riscv64/usr/lib/python3.8/site-packages/diff_match_patch/diff_match_patch_py2.py to diff_match_patch_py2.cpython-38.pyc
[  170s] byte-compiling /home/abuild/rpmbuild/BUILDROOT/python-diff-match-patch-20200713-1.7.riscv64/usr/lib/python3.8/site-packages/diff_match_patch/diff_match_patch.py to diff_match_patch.cpython-38.pyc
[  171s] byte-compiling /home/abuild/rpmbuild/BUILDROOT/python-diff-match-patch-20200713-1.7.riscv64/usr/lib/python3.8/site-packages/diff_match_patch/tests/diff_match_patch_test_py2.py to diff_match_patch_test_py2.cpython-38.pyc
[  171s] byte-compiling /home/abuild/rpmbuild/BUILDROOT/python-diff-match-patch-20200713-1.7.riscv64/usr/lib/python3.8/site-packages/diff_match_patch/tests/__init__.py to __init__.cpython-38.pyc
[  171s] byte-compiling /home/abuild/rpmbuild/BUILDROOT/python-diff-match-patch-20200713-1.7.riscv64/usr/lib/python3.8/site-packages/diff_match_patch/tests/speedtest.py to speedtest.cpython-38.pyc
[  171s] byte-compiling /home/abuild/rpmbuild/BUILDROOT/python-diff-match-patch-20200713-1.7.riscv64/usr/lib/python3.8/site-packages/diff_match_patch/tests/diff_match_patch_test.py to diff_match_patch_test.cpython-38.pyc
[  171s] byte-compiling /home/abuild/rpmbuild/BUILDROOT/python-diff-match-patch-20200713-1.7.riscv64/usr/lib/python3.8/site-packages/diff_match_patch/tests/run_all.py to run_all.cpython-38.pyc
[  171s] writing byte-compilation script '/tmp/tmpucck44r3.py'
[  171s] /usr/bin/python3.8 /tmp/tmpucck44r3.py
[  179s] removing /tmp/tmpucck44r3.py
[  179s] running install_egg_info
[  180s] running egg_info
[  180s] writing diff_match_patch.egg-info/PKG-INFO
[  180s] writing dependency_links to diff_match_patch.egg-info/dependency_links.txt
[  180s] writing top-level names to diff_match_patch.egg-info/top_level.txt
[  180s] reading manifest file 'diff_match_patch.egg-info/SOURCES.txt'
[  180s] reading manifest template 'MANIFEST.in'
[  180s] adding license file 'LICENSE'
[  180s] writing manifest file 'diff_match_patch.egg-info/SOURCES.txt'
[  180s] Copying diff_match_patch.egg-info to /home/abuild/rpmbuild/BUILDROOT/python-diff-match-patch-20200713-1.7.riscv64/usr/lib/python3.8/site-packages/diff_match_patch-20200713-py3.8.egg-info
[  180s] running install_scripts
[  181s] /usr/lib/python3.8/site-packages/setuptools/command/install.py:34: SetuptoolsDeprecationWarning: setup.py install is deprecated. Use build and pip and other standards-based tools.
[  181s]   warnings.warn(
[  181s] ++ '[' -f _current_flavor ']'
[  181s] ++ cat _current_flavor
[  181s] + last_flavor=python38
[  181s] + '[' -z python38 ']'
[  181s] + '[' python38 '!=' python39 ']'
[  181s] + '[' -d build ']'
[  181s] + mv build _build.python38
[  181s] + '[' -d _build.python39 ']'
[  181s] + mv _build.python39 build
[  181s] + echo python39
[  181s] + python_flavor=python39
[  181s] + /usr/bin/python3.9 setup.py install -O1 --skip-build --force --root /home/abuild/rpmbuild/BUILDROOT/python-diff-match-patch-20200713-1.7.riscv64 --prefix /usr
[  189s] running install
[  189s] /usr/lib/python3.9/site-packages/setuptools/command/install.py:34: SetuptoolsDeprecationWarning: setup.py install is deprecated. Use build and pip and other standards-based tools.
[  189s]   warnings.warn(
[  189s] running install_lib
[  189s] creating /home/abuild/rpmbuild/BUILDROOT/python-diff-match-patch-20200713-1.7.riscv64/usr/lib/python3.9
[  189s] creating /home/abuild/rpmbuild/BUILDROOT/python-diff-match-patch-20200713-1.7.riscv64/usr/lib/python3.9/site-packages
[  189s] creating /home/abuild/rpmbuild/BUILDROOT/python-diff-match-patch-20200713-1.7.riscv64/usr/lib/python3.9/site-packages/diff_match_patch
[  189s] copying build/lib/diff_match_patch/__init__.py -> /home/abuild/rpmbuild/BUILDROOT/python-diff-match-patch-20200713-1.7.riscv64/usr/lib/python3.9/site-packages/diff_match_patch
[  189s] copying build/lib/diff_match_patch/diff_match_patch_py2.py -> /home/abuild/rpmbuild/BUILDROOT/python-diff-match-patch-20200713-1.7.riscv64/usr/lib/python3.9/site-packages/diff_match_patch
[  189s] copying build/lib/diff_match_patch/diff_match_patch.py -> /home/abuild/rpmbuild/BUILDROOT/python-diff-match-patch-20200713-1.7.riscv64/usr/lib/python3.9/site-packages/diff_match_patch
[  189s] creating /home/abuild/rpmbuild/BUILDROOT/python-diff-match-patch-20200713-1.7.riscv64/usr/lib/python3.9/site-packages/diff_match_patch/tests
[  189s] copying build/lib/diff_match_patch/tests/diff_match_patch_test_py2.py -> /home/abuild/rpmbuild/BUILDROOT/python-diff-match-patch-20200713-1.7.riscv64/usr/lib/python3.9/site-packages/diff_match_patch/tests
[  189s] copying build/lib/diff_match_patch/tests/__init__.py -> /home/abuild/rpmbuild/BUILDROOT/python-diff-match-patch-20200713-1.7.riscv64/usr/lib/python3.9/site-packages/diff_match_patch/tests
[  189s] copying build/lib/diff_match_patch/tests/speedtest.py -> /home/abuild/rpmbuild/BUILDROOT/python-diff-match-patch-20200713-1.7.riscv64/usr/lib/python3.9/site-packages/diff_match_patch/tests
[  189s] copying build/lib/diff_match_patch/tests/diff_match_patch_test.py -> /home/abuild/rpmbuild/BUILDROOT/python-diff-match-patch-20200713-1.7.riscv64/usr/lib/python3.9/site-packages/diff_match_patch/tests
[  189s] copying build/lib/diff_match_patch/tests/run_all.py -> /home/abuild/rpmbuild/BUILDROOT/python-diff-match-patch-20200713-1.7.riscv64/usr/lib/python3.9/site-packages/diff_match_patch/tests
[  189s] byte-compiling /home/abuild/rpmbuild/BUILDROOT/python-diff-match-patch-20200713-1.7.riscv64/usr/lib/python3.9/site-packages/diff_match_patch/__init__.py to __init__.cpython-39.pyc
[  189s] byte-compiling /home/abuild/rpmbuild/BUILDROOT/python-diff-match-patch-20200713-1.7.riscv64/usr/lib/python3.9/site-packages/diff_match_patch/diff_match_patch_py2.py to diff_match_patch_py2.cpython-39.pyc
[  190s] byte-compiling /home/abuild/rpmbuild/BUILDROOT/python-diff-match-patch-20200713-1.7.riscv64/usr/lib/python3.9/site-packages/diff_match_patch/diff_match_patch.py to diff_match_patch.cpython-39.pyc
[  190s] byte-compiling /home/abuild/rpmbuild/BUILDROOT/python-diff-match-patch-20200713-1.7.riscv64/usr/lib/python3.9/site-packages/diff_match_patch/tests/diff_match_patch_test_py2.py to diff_match_patch_test_py2.cpython-39.pyc
[  190s] byte-compiling /home/abuild/rpmbuild/BUILDROOT/python-diff-match-patch-20200713-1.7.riscv64/usr/lib/python3.9/site-packages/diff_match_patch/tests/__init__.py to __init__.cpython-39.pyc
[  190s] byte-compiling /home/abuild/rpmbuild/BUILDROOT/python-diff-match-patch-20200713-1.7.riscv64/usr/lib/python3.9/site-packages/diff_match_patch/tests/speedtest.py to speedtest.cpython-39.pyc
[  191s] byte-compiling /home/abuild/rpmbuild/BUILDROOT/python-diff-match-patch-20200713-1.7.riscv64/usr/lib/python3.9/site-packages/diff_match_patch/tests/diff_match_patch_test.py to diff_match_patch_test.cpython-39.pyc
[  191s] byte-compiling /home/abuild/rpmbuild/BUILDROOT/python-diff-match-patch-20200713-1.7.riscv64/usr/lib/python3.9/site-packages/diff_match_patch/tests/run_all.py to run_all.cpython-39.pyc
[  191s] writing byte-compilation script '/tmp/tmpaqhyfnj4.py'
[  191s] /usr/bin/python3.9 /tmp/tmpaqhyfnj4.py
[  198s] removing /tmp/tmpaqhyfnj4.py
[  198s] running install_egg_info
[  198s] running egg_info
[  198s] writing diff_match_patch.egg-info/PKG-INFO
[  198s] writing dependency_links to diff_match_patch.egg-info/dependency_links.txt
[  198s] writing top-level names to diff_match_patch.egg-info/top_level.txt
[  198s] reading manifest file 'diff_match_patch.egg-info/SOURCES.txt'
[  198s] reading manifest template 'MANIFEST.in'
[  198s] adding license file 'LICENSE'
[  198s] writing manifest file 'diff_match_patch.egg-info/SOURCES.txt'
[  198s] Copying diff_match_patch.egg-info to /home/abuild/rpmbuild/BUILDROOT/python-diff-match-patch-20200713-1.7.riscv64/usr/lib/python3.9/site-packages/diff_match_patch-20200713-py3.9.egg-info
[  198s] running install_scripts
[  200s] ++ '[' -f _current_flavor ']'
[  200s] ++ cat _current_flavor
[  200s] + last_flavor=python39
[  200s] + '[' -z python39 ']'
[  200s] + '[' python39 '!=' python311 ']'
[  200s] + '[' -d build ']'
[  200s] + mv build _build.python39
[  200s] + '[' -d _build.python311 ']'
[  200s] + mv _build.python311 build
[  200s] + echo python311
[  200s] + python_flavor=python311
[  200s] + /usr/bin/python3.11 setup.py install -O1 --skip-build --force --root /home/abuild/rpmbuild/BUILDROOT/python-diff-match-patch-20200713-1.7.riscv64 --prefix /usr
[  206s] running install
[  206s] /usr/lib/python3.11/site-packages/setuptools/command/install.py:34: SetuptoolsDeprecationWarning: setup.py install is deprecated. Use build and pip and other standards-based tools.
[  206s]   warnings.warn(
[  207s] running install_lib
[  207s] creating /home/abuild/rpmbuild/BUILDROOT/python-diff-match-patch-20200713-1.7.riscv64/usr/lib/python3.11
[  207s] creating /home/abuild/rpmbuild/BUILDROOT/python-diff-match-patch-20200713-1.7.riscv64/usr/lib/python3.11/site-packages
[  207s] creating /home/abuild/rpmbuild/BUILDROOT/python-diff-match-patch-20200713-1.7.riscv64/usr/lib/python3.11/site-packages/diff_match_patch
[  207s] copying build/lib/diff_match_patch/__init__.py -> /home/abuild/rpmbuild/BUILDROOT/python-diff-match-patch-20200713-1.7.riscv64/usr/lib/python3.11/site-packages/diff_match_patch
[  207s] copying build/lib/diff_match_patch/diff_match_patch_py2.py -> /home/abuild/rpmbuild/BUILDROOT/python-diff-match-patch-20200713-1.7.riscv64/usr/lib/python3.11/site-packages/diff_match_patch
[  207s] copying build/lib/diff_match_patch/diff_match_patch.py -> /home/abuild/rpmbuild/BUILDROOT/python-diff-match-patch-20200713-1.7.riscv64/usr/lib/python3.11/site-packages/diff_match_patch
[  207s] creating /home/abuild/rpmbuild/BUILDROOT/python-diff-match-patch-20200713-1.7.riscv64/usr/lib/python3.11/site-packages/diff_match_patch/tests
[  207s] copying build/lib/diff_match_patch/tests/diff_match_patch_test_py2.py -> /home/abuild/rpmbuild/BUILDROOT/python-diff-match-patch-20200713-1.7.riscv64/usr/lib/python3.11/site-packages/diff_match_patch/tests
[  207s] copying build/lib/diff_match_patch/tests/__init__.py -> /home/abuild/rpmbuild/BUILDROOT/python-diff-match-patch-20200713-1.7.riscv64/usr/lib/python3.11/site-packages/diff_match_patch/tests
[  207s] copying build/lib/diff_match_patch/tests/speedtest.py -> /home/abuild/rpmbuild/BUILDROOT/python-diff-match-patch-20200713-1.7.riscv64/usr/lib/python3.11/site-packages/diff_match_patch/tests
[  207s] copying build/lib/diff_match_patch/tests/diff_match_patch_test.py -> /home/abuild/rpmbuild/BUILDROOT/python-diff-match-patch-20200713-1.7.riscv64/usr/lib/python3.11/site-packages/diff_match_patch/tests
[  207s] copying build/lib/diff_match_patch/tests/run_all.py -> /home/abuild/rpmbuild/BUILDROOT/python-diff-match-patch-20200713-1.7.riscv64/usr/lib/python3.11/site-packages/diff_match_patch/tests
[  207s] byte-compiling /home/abuild/rpmbuild/BUILDROOT/python-diff-match-patch-20200713-1.7.riscv64/usr/lib/python3.11/site-packages/diff_match_patch/__init__.py to __init__.cpython-311.pyc
[  207s] byte-compiling /home/abuild/rpmbuild/BUILDROOT/python-diff-match-patch-20200713-1.7.riscv64/usr/lib/python3.11/site-packages/diff_match_patch/diff_match_patch_py2.py to diff_match_patch_py2.cpython-311.pyc
[  207s] byte-compiling /home/abuild/rpmbuild/BUILDROOT/python-diff-match-patch-20200713-1.7.riscv64/usr/lib/python3.11/site-packages/diff_match_patch/diff_match_patch.py to diff_match_patch.cpython-311.pyc
[  208s] byte-compiling /home/abuild/rpmbuild/BUILDROOT/python-diff-match-patch-20200713-1.7.riscv64/usr/lib/python3.11/site-packages/diff_match_patch/tests/diff_match_patch_test_py2.py to diff_match_patch_test_py2.cpython-311.pyc
[  208s] byte-compiling /home/abuild/rpmbuild/BUILDROOT/python-diff-match-patch-20200713-1.7.riscv64/usr/lib/python3.11/site-packages/diff_match_patch/tests/__init__.py to __init__.cpython-311.pyc
[  208s] byte-compiling /home/abuild/rpmbuild/BUILDROOT/python-diff-match-patch-20200713-1.7.riscv64/usr/lib/python3.11/site-packages/diff_match_patch/tests/speedtest.py to speedtest.cpython-311.pyc
[  208s] byte-compiling /home/abuild/rpmbuild/BUILDROOT/python-diff-match-patch-20200713-1.7.riscv64/usr/lib/python3.11/site-packages/diff_match_patch/tests/diff_match_patch_test.py to diff_match_patch_test.cpython-311.pyc
[  208s] byte-compiling /home/abuild/rpmbuild/BUILDROOT/python-diff-match-patch-20200713-1.7.riscv64/usr/lib/python3.11/site-packages/diff_match_patch/tests/run_all.py to run_all.cpython-311.pyc
[  208s] writing byte-compilation script '/tmp/tmpsdea0alp.py'
[  208s] /usr/bin/python3.11 /tmp/tmpsdea0alp.py
[  215s] removing /tmp/tmpsdea0alp.py
[  215s] running install_egg_info
[  215s] running egg_info
[  215s] writing diff_match_patch.egg-info/PKG-INFO
[  215s] writing dependency_links to diff_match_patch.egg-info/dependency_links.txt
[  215s] writing top-level names to diff_match_patch.egg-info/top_level.txt
[  215s] reading manifest file 'diff_match_patch.egg-info/SOURCES.txt'
[  215s] reading manifest template 'MANIFEST.in'
[  215s] adding license file 'LICENSE'
[  215s] writing manifest file 'diff_match_patch.egg-info/SOURCES.txt'
[  215s] Copying diff_match_patch.egg-info to /home/abuild/rpmbuild/BUILDROOT/python-diff-match-patch-20200713-1.7.riscv64/usr/lib/python3.11/site-packages/diff_match_patch-20200713-py3.11.egg-info
[  215s] running install_scripts
[  216s] ++ '[' -f _current_flavor ']'
[  216s] ++ cat _current_flavor
[  216s] + last_flavor=python311
[  216s] + '[' -z python311 ']'
[  216s] + '[' python311 '!=' python310 ']'
[  216s] + '[' -d build ']'
[  216s] + mv build _build.python311
[  216s] + '[' -d _build.python310 ']'
[  216s] + mv _build.python310 build
[  216s] + echo python310
[  216s] + python_flavor=python310
[  216s] + /usr/bin/python3.10 setup.py install -O1 --skip-build --force --root /home/abuild/rpmbuild/BUILDROOT/python-diff-match-patch-20200713-1.7.riscv64 --prefix /usr
[  224s] running install
[  224s] /usr/lib/python3.10/site-packages/setuptools/command/install.py:34: SetuptoolsDeprecationWarning: setup.py install is deprecated. Use build and pip and other standards-based tools.
[  224s]   warnings.warn(
[  224s] running install_lib
[  224s] creating /home/abuild/rpmbuild/BUILDROOT/python-diff-match-patch-20200713-1.7.riscv64/usr/lib/python3.10
[  224s] creating /home/abuild/rpmbuild/BUILDROOT/python-diff-match-patch-20200713-1.7.riscv64/usr/lib/python3.10/site-packages
[  224s] creating /home/abuild/rpmbuild/BUILDROOT/python-diff-match-patch-20200713-1.7.riscv64/usr/lib/python3.10/site-packages/diff_match_patch
[  224s] copying build/lib/diff_match_patch/__init__.py -> /home/abuild/rpmbuild/BUILDROOT/python-diff-match-patch-20200713-1.7.riscv64/usr/lib/python3.10/site-packages/diff_match_patch
[  224s] copying build/lib/diff_match_patch/diff_match_patch_py2.py -> /home/abuild/rpmbuild/BUILDROOT/python-diff-match-patch-20200713-1.7.riscv64/usr/lib/python3.10/site-packages/diff_match_patch
[  224s] copying build/lib/diff_match_patch/diff_match_patch.py -> /home/abuild/rpmbuild/BUILDROOT/python-diff-match-patch-20200713-1.7.riscv64/usr/lib/python3.10/site-packages/diff_match_patch
[  224s] creating /home/abuild/rpmbuild/BUILDROOT/python-diff-match-patch-20200713-1.7.riscv64/usr/lib/python3.10/site-packages/diff_match_patch/tests
[  224s] copying build/lib/diff_match_patch/tests/diff_match_patch_test_py2.py -> /home/abuild/rpmbuild/BUILDROOT/python-diff-match-patch-20200713-1.7.riscv64/usr/lib/python3.10/site-packages/diff_match_patch/tests
[  224s] copying build/lib/diff_match_patch/tests/__init__.py -> /home/abuild/rpmbuild/BUILDROOT/python-diff-match-patch-20200713-1.7.riscv64/usr/lib/python3.10/site-packages/diff_match_patch/tests
[  224s] copying build/lib/diff_match_patch/tests/speedtest.py -> /home/abuild/rpmbuild/BUILDROOT/python-diff-match-patch-20200713-1.7.riscv64/usr/lib/python3.10/site-packages/diff_match_patch/tests
[  224s] copying build/lib/diff_match_patch/tests/diff_match_patch_test.py -> /home/abuild/rpmbuild/BUILDROOT/python-diff-match-patch-20200713-1.7.riscv64/usr/lib/python3.10/site-packages/diff_match_patch/tests
[  224s] copying build/lib/diff_match_patch/tests/run_all.py -> /home/abuild/rpmbuild/BUILDROOT/python-diff-match-patch-20200713-1.7.riscv64/usr/lib/python3.10/site-packages/diff_match_patch/tests
[  224s] byte-compiling /home/abuild/rpmbuild/BUILDROOT/python-diff-match-patch-20200713-1.7.riscv64/usr/lib/python3.10/site-packages/diff_match_patch/__init__.py to __init__.cpython-310.pyc
[  224s] byte-compiling /home/abuild/rpmbuild/BUILDROOT/python-diff-match-patch-20200713-1.7.riscv64/usr/lib/python3.10/site-packages/diff_match_patch/diff_match_patch_py2.py to diff_match_patch_py2.cpython-310.pyc
[  225s] byte-compiling /home/abuild/rpmbuild/BUILDROOT/python-diff-match-patch-20200713-1.7.riscv64/usr/lib/python3.10/site-packages/diff_match_patch/diff_match_patch.py to diff_match_patch.cpython-310.pyc
[  225s] byte-compiling /home/abuild/rpmbuild/BUILDROOT/python-diff-match-patch-20200713-1.7.riscv64/usr/lib/python3.10/site-packages/diff_match_patch/tests/diff_match_patch_test_py2.py to diff_match_patch_test_py2.cpython-310.pyc
[  225s] byte-compiling /home/abuild/rpmbuild/BUILDROOT/python-diff-match-patch-20200713-1.7.riscv64/usr/lib/python3.10/site-packages/diff_match_patch/tests/__init__.py to __init__.cpython-310.pyc
[  225s] byte-compiling /home/abuild/rpmbuild/BUILDROOT/python-diff-match-patch-20200713-1.7.riscv64/usr/lib/python3.10/site-packages/diff_match_patch/tests/speedtest.py to speedtest.cpython-310.pyc
[  225s] byte-compiling /home/abuild/rpmbuild/BUILDROOT/python-diff-match-patch-20200713-1.7.riscv64/usr/lib/python3.10/site-packages/diff_match_patch/tests/diff_match_patch_test.py to diff_match_patch_test.cpython-310.pyc
[  226s] byte-compiling /home/abuild/rpmbuild/BUILDROOT/python-diff-match-patch-20200713-1.7.riscv64/usr/lib/python3.10/site-packages/diff_match_patch/tests/run_all.py to run_all.cpython-310.pyc
[  226s] writing byte-compilation script '/tmp/tmp6l37hl7w.py'
[  226s] /usr/bin/python3.10 /tmp/tmp6l37hl7w.py
[  233s] removing /tmp/tmp6l37hl7w.py
[  233s] running install_egg_info
[  234s] running egg_info
[  234s] writing diff_match_patch.egg-info/PKG-INFO
[  234s] writing dependency_links to diff_match_patch.egg-info/dependency_links.txt
[  234s] writing top-level names to diff_match_patch.egg-info/top_level.txt
[  234s] reading manifest file 'diff_match_patch.egg-info/SOURCES.txt'
[  234s] reading manifest template 'MANIFEST.in'
[  234s] adding license file 'LICENSE'
[  234s] writing manifest file 'diff_match_patch.egg-info/SOURCES.txt'
[  234s] Copying diff_match_patch.egg-info to /home/abuild/rpmbuild/BUILDROOT/python-diff-match-patch-20200713-1.7.riscv64/usr/lib/python3.10/site-packages/diff_match_patch-20200713-py3.10.egg-info
[  234s] running install_scripts
[  235s] ++ '[' -f _current_flavor ']'
[  235s] ++ cat _current_flavor
[  235s] + last_flavor=python310
[  235s] + '[' -z python310 ']'
[  235s] + '[' python310 '!=' python38 ']'
[  235s] + '[' -d build ']'
[  235s] + mv build _build.python310
[  235s] + '[' -d _build.python38 ']'
[  235s] + mv _build.python38 build
[  235s] + echo python38
[  235s] + python_flavor=python38
[  235s] + /usr/lib/rpm/fdupes_wrapper /home/abuild/rpmbuild/BUILDROOT/python-diff-match-patch-20200713-1.7.riscv64/usr/lib/python3.8/site-packages
[  236s] Linking /home/abuild/rpmbuild/BUILDROOT/python-diff-match-patch-20200713-1.7.riscv64/usr/lib/python3.8/site-packages/diff_match_patch/__pycache__/diff_match_patch.cpython-38.opt-1.pyc -> /home/abuild/rpmbuild/BUILDROOT/python-diff-match-patch-20200713-1.7.riscv64/usr/lib/python3.8/site-packages/diff_match_patch/__pycache__/diff_match_patch.cpython-38.pyc
[  236s] Linking /home/abuild/rpmbuild/BUILDROOT/python-diff-match-patch-20200713-1.7.riscv64/usr/lib/python3.8/site-packages/diff_match_patch/__pycache__/__init__.cpython-38.opt-1.pyc -> /home/abuild/rpmbuild/BUILDROOT/python-diff-match-patch-20200713-1.7.riscv64/usr/lib/python3.8/site-packages/diff_match_patch/__pycache__/__init__.cpython-38.pyc
[  236s] Linking /home/abuild/rpmbuild/BUILDROOT/python-diff-match-patch-20200713-1.7.riscv64/usr/lib/python3.8/site-packages/diff_match_patch/__pycache__/diff_match_patch_py2.cpython-38.opt-1.pyc -> /home/abuild/rpmbuild/BUILDROOT/python-diff-match-patch-20200713-1.7.riscv64/usr/lib/python3.8/site-packages/diff_match_patch/__pycache__/diff_match_patch_py2.cpython-38.pyc
[  236s] Linking /home/abuild/rpmbuild/BUILDROOT/python-diff-match-patch-20200713-1.7.riscv64/usr/lib/python3.8/site-packages/diff_match_patch/tests/__pycache__/run_all.cpython-38.opt-1.pyc -> /home/abuild/rpmbuild/BUILDROOT/python-diff-match-patch-20200713-1.7.riscv64/usr/lib/python3.8/site-packages/diff_match_patch/tests/__pycache__/run_all.cpython-38.pyc
[  236s] Linking /home/abuild/rpmbuild/BUILDROOT/python-diff-match-patch-20200713-1.7.riscv64/usr/lib/python3.8/site-packages/diff_match_patch/tests/__pycache__/diff_match_patch_test.cpython-38.opt-1.pyc -> /home/abuild/rpmbuild/BUILDROOT/python-diff-match-patch-20200713-1.7.riscv64/usr/lib/python3.8/site-packages/diff_match_patch/tests/__pycache__/diff_match_patch_test.cpython-38.pyc
[  236s] Linking /home/abuild/rpmbuild/BUILDROOT/python-diff-match-patch-20200713-1.7.riscv64/usr/lib/python3.8/site-packages/diff_match_patch/tests/__pycache__/speedtest.cpython-38.opt-1.pyc -> /home/abuild/rpmbuild/BUILDROOT/python-diff-match-patch-20200713-1.7.riscv64/usr/lib/python3.8/site-packages/diff_match_patch/tests/__pycache__/speedtest.cpython-38.pyc
[  236s] Linking /home/abuild/rpmbuild/BUILDROOT/python-diff-match-patch-20200713-1.7.riscv64/usr/lib/python3.8/site-packages/diff_match_patch/tests/__pycache__/__init__.cpython-38.opt-1.pyc -> /home/abuild/rpmbuild/BUILDROOT/python-diff-match-patch-20200713-1.7.riscv64/usr/lib/python3.8/site-packages/diff_match_patch/tests/__pycache__/__init__.cpython-38.pyc
[  236s] Linking /home/abuild/rpmbuild/BUILDROOT/python-diff-match-patch-20200713-1.7.riscv64/usr/lib/python3.8/site-packages/diff_match_patch/tests/__pycache__/diff_match_patch_test_py2.cpython-38.opt-1.pyc -> /home/abuild/rpmbuild/BUILDROOT/python-diff-match-patch-20200713-1.7.riscv64/usr/lib/python3.8/site-packages/diff_match_patch/tests/__pycache__/diff_match_patch_test_py2.cpython-38.pyc
[  236s] ++ '[' -f _current_flavor ']'
[  236s] ++ cat _current_flavor
[  236s] + last_flavor=python38
[  236s] + '[' -z python38 ']'
[  236s] + '[' python38 '!=' python39 ']'
[  236s] + '[' -d build ']'
[  236s] + mv build _build.python38
[  236s] + '[' -d _build.python39 ']'
[  236s] + mv _build.python39 build
[  236s] + echo python39
[  236s] + python_flavor=python39
[  236s] + /usr/lib/rpm/fdupes_wrapper /home/abuild/rpmbuild/BUILDROOT/python-diff-match-patch-20200713-1.7.riscv64/usr/lib/python3.9/site-packages
[  236s] Linking /home/abuild/rpmbuild/BUILDROOT/python-diff-match-patch-20200713-1.7.riscv64/usr/lib/python3.9/site-packages/diff_match_patch/__pycache__/diff_match_patch.cpython-39.opt-1.pyc -> /home/abuild/rpmbuild/BUILDROOT/python-diff-match-patch-20200713-1.7.riscv64/usr/lib/python3.9/site-packages/diff_match_patch/__pycache__/diff_match_patch.cpython-39.pyc
[  236s] Linking /home/abuild/rpmbuild/BUILDROOT/python-diff-match-patch-20200713-1.7.riscv64/usr/lib/python3.9/site-packages/diff_match_patch/__pycache__/__init__.cpython-39.opt-1.pyc -> /home/abuild/rpmbuild/BUILDROOT/python-diff-match-patch-20200713-1.7.riscv64/usr/lib/python3.9/site-packages/diff_match_patch/__pycache__/__init__.cpython-39.pyc
[  236s] Linking /home/abuild/rpmbuild/BUILDROOT/python-diff-match-patch-20200713-1.7.riscv64/usr/lib/python3.9/site-packages/diff_match_patch/__pycache__/diff_match_patch_py2.cpython-39.opt-1.pyc -> /home/abuild/rpmbuild/BUILDROOT/python-diff-match-patch-20200713-1.7.riscv64/usr/lib/python3.9/site-packages/diff_match_patch/__pycache__/diff_match_patch_py2.cpython-39.pyc
[  236s] Linking /home/abuild/rpmbuild/BUILDROOT/python-diff-match-patch-20200713-1.7.riscv64/usr/lib/python3.9/site-packages/diff_match_patch/tests/__pycache__/run_all.cpython-39.opt-1.pyc -> /home/abuild/rpmbuild/BUILDROOT/python-diff-match-patch-20200713-1.7.riscv64/usr/lib/python3.9/site-packages/diff_match_patch/tests/__pycache__/run_all.cpython-39.pyc
[  236s] Linking /home/abuild/rpmbuild/BUILDROOT/python-diff-match-patch-20200713-1.7.riscv64/usr/lib/python3.9/site-packages/diff_match_patch/tests/__pycache__/diff_match_patch_test.cpython-39.opt-1.pyc -> /home/abuild/rpmbuild/BUILDROOT/python-diff-match-patch-20200713-1.7.riscv64/usr/lib/python3.9/site-packages/diff_match_patch/tests/__pycache__/diff_match_patch_test.cpython-39.pyc
[  236s] Linking /home/abuild/rpmbuild/BUILDROOT/python-diff-match-patch-20200713-1.7.riscv64/usr/lib/python3.9/site-packages/diff_match_patch/tests/__pycache__/speedtest.cpython-39.opt-1.pyc -> /home/abuild/rpmbuild/BUILDROOT/python-diff-match-patch-20200713-1.7.riscv64/usr/lib/python3.9/site-packages/diff_match_patch/tests/__pycache__/speedtest.cpython-39.pyc
[  236s] Linking /home/abuild/rpmbuild/BUILDROOT/python-diff-match-patch-20200713-1.7.riscv64/usr/lib/python3.9/site-packages/diff_match_patch/tests/__pycache__/__init__.cpython-39.opt-1.pyc -> /home/abuild/rpmbuild/BUILDROOT/python-diff-match-patch-20200713-1.7.riscv64/usr/lib/python3.9/site-packages/diff_match_patch/tests/__pycache__/__init__.cpython-39.pyc
[  236s] Linking /home/abuild/rpmbuild/BUILDROOT/python-diff-match-patch-20200713-1.7.riscv64/usr/lib/python3.9/site-packages/diff_match_patch/tests/__pycache__/diff_match_patch_test_py2.cpython-39.opt-1.pyc -> /home/abuild/rpmbuild/BUILDROOT/python-diff-match-patch-20200713-1.7.riscv64/usr/lib/python3.9/site-packages/diff_match_patch/tests/__pycache__/diff_match_patch_test_py2.cpython-39.pyc
[  236s] ++ '[' -f _current_flavor ']'
[  236s] ++ cat _current_flavor
[  236s] + last_flavor=python39
[  236s] + '[' -z python39 ']'
[  236s] + '[' python39 '!=' python311 ']'
[  236s] + '[' -d build ']'
[  236s] + mv build _build.python39
[  236s] + '[' -d _build.python311 ']'
[  236s] + mv _build.python311 build
[  236s] + echo python311
[  236s] + python_flavor=python311
[  236s] + /usr/lib/rpm/fdupes_wrapper /home/abuild/rpmbuild/BUILDROOT/python-diff-match-patch-20200713-1.7.riscv64/usr/lib/python3.11/site-packages
[  236s] Linking /home/abuild/rpmbuild/BUILDROOT/python-diff-match-patch-20200713-1.7.riscv64/usr/lib/python3.11/site-packages/diff_match_patch/__pycache__/diff_match_patch.cpython-311.opt-1.pyc -> /home/abuild/rpmbuild/BUILDROOT/python-diff-match-patch-20200713-1.7.riscv64/usr/lib/python3.11/site-packages/diff_match_patch/__pycache__/diff_match_patch.cpython-311.pyc
[  236s] Linking /home/abuild/rpmbuild/BUILDROOT/python-diff-match-patch-20200713-1.7.riscv64/usr/lib/python3.11/site-packages/diff_match_patch/__pycache__/__init__.cpython-311.opt-1.pyc -> /home/abuild/rpmbuild/BUILDROOT/python-diff-match-patch-20200713-1.7.riscv64/usr/lib/python3.11/site-packages/diff_match_patch/__pycache__/__init__.cpython-311.pyc
[  236s] Linking /home/abuild/rpmbuild/BUILDROOT/python-diff-match-patch-20200713-1.7.riscv64/usr/lib/python3.11/site-packages/diff_match_patch/__pycache__/diff_match_patch_py2.cpython-311.opt-1.pyc -> /home/abuild/rpmbuild/BUILDROOT/python-diff-match-patch-20200713-1.7.riscv64/usr/lib/python3.11/site-packages/diff_match_patch/__pycache__/diff_match_patch_py2.cpython-311.pyc
[  236s] Linking /home/abuild/rpmbuild/BUILDROOT/python-diff-match-patch-20200713-1.7.riscv64/usr/lib/python3.11/site-packages/diff_match_patch/tests/__pycache__/run_all.cpython-311.opt-1.pyc -> /home/abuild/rpmbuild/BUILDROOT/python-diff-match-patch-20200713-1.7.riscv64/usr/lib/python3.11/site-packages/diff_match_patch/tests/__pycache__/run_all.cpython-311.pyc
[  236s] Linking /home/abuild/rpmbuild/BUILDROOT/python-diff-match-patch-20200713-1.7.riscv64/usr/lib/python3.11/site-packages/diff_match_patch/tests/__pycache__/diff_match_patch_test.cpython-311.opt-1.pyc -> /home/abuild/rpmbuild/BUILDROOT/python-diff-match-patch-20200713-1.7.riscv64/usr/lib/python3.11/site-packages/diff_match_patch/tests/__pycache__/diff_match_patch_test.cpython-311.pyc
[  236s] Linking /home/abuild/rpmbuild/BUILDROOT/python-diff-match-patch-20200713-1.7.riscv64/usr/lib/python3.11/site-packages/diff_match_patch/tests/__pycache__/speedtest.cpython-311.opt-1.pyc -> /home/abuild/rpmbuild/BUILDROOT/python-diff-match-patch-20200713-1.7.riscv64/usr/lib/python3.11/site-packages/diff_match_patch/tests/__pycache__/speedtest.cpython-311.pyc
[  236s] Linking /home/abuild/rpmbuild/BUILDROOT/python-diff-match-patch-20200713-1.7.riscv64/usr/lib/python3.11/site-packages/diff_match_patch/tests/__pycache__/__init__.cpython-311.opt-1.pyc -> /home/abuild/rpmbuild/BUILDROOT/python-diff-match-patch-20200713-1.7.riscv64/usr/lib/python3.11/site-packages/diff_match_patch/tests/__pycache__/__init__.cpython-311.pyc
[  236s] Linking /home/abuild/rpmbuild/BUILDROOT/python-diff-match-patch-20200713-1.7.riscv64/usr/lib/python3.11/site-packages/diff_match_patch/tests/__pycache__/diff_match_patch_test_py2.cpython-311.opt-1.pyc -> /home/abuild/rpmbuild/BUILDROOT/python-diff-match-patch-20200713-1.7.riscv64/usr/lib/python3.11/site-packages/diff_match_patch/tests/__pycache__/diff_match_patch_test_py2.cpython-311.pyc
[  236s] ++ '[' -f _current_flavor ']'
[  236s] ++ cat _current_flavor
[  237s] + last_flavor=python311
[  237s] + '[' -z python311 ']'
[  237s] + '[' python311 '!=' python310 ']'
[  237s] + '[' -d build ']'
[  237s] + mv build _build.python311
[  237s] + '[' -d _build.python310 ']'
[  237s] + mv _build.python310 build
[  237s] + echo python310
[  237s] + python_flavor=python310
[  237s] + /usr/lib/rpm/fdupes_wrapper /home/abuild/rpmbuild/BUILDROOT/python-diff-match-patch-20200713-1.7.riscv64/usr/lib/python3.10/site-packages
[  237s] Linking /home/abuild/rpmbuild/BUILDROOT/python-diff-match-patch-20200713-1.7.riscv64/usr/lib/python3.10/site-packages/diff_match_patch/__pycache__/diff_match_patch.cpython-310.opt-1.pyc -> /home/abuild/rpmbuild/BUILDROOT/python-diff-match-patch-20200713-1.7.riscv64/usr/lib/python3.10/site-packages/diff_match_patch/__pycache__/diff_match_patch.cpython-310.pyc
[  237s] Linking /home/abuild/rpmbuild/BUILDROOT/python-diff-match-patch-20200713-1.7.riscv64/usr/lib/python3.10/site-packages/diff_match_patch/__pycache__/__init__.cpython-310.opt-1.pyc -> /home/abuild/rpmbuild/BUILDROOT/python-diff-match-patch-20200713-1.7.riscv64/usr/lib/python3.10/site-packages/diff_match_patch/__pycache__/__init__.cpython-310.pyc
[  237s] Linking /home/abuild/rpmbuild/BUILDROOT/python-diff-match-patch-20200713-1.7.riscv64/usr/lib/python3.10/site-packages/diff_match_patch/__pycache__/diff_match_patch_py2.cpython-310.opt-1.pyc -> /home/abuild/rpmbuild/BUILDROOT/python-diff-match-patch-20200713-1.7.riscv64/usr/lib/python3.10/site-packages/diff_match_patch/__pycache__/diff_match_patch_py2.cpython-310.pyc
[  237s] Linking /home/abuild/rpmbuild/BUILDROOT/python-diff-match-patch-20200713-1.7.riscv64/usr/lib/python3.10/site-packages/diff_match_patch/tests/__pycache__/run_all.cpython-310.opt-1.pyc -> /home/abuild/rpmbuild/BUILDROOT/python-diff-match-patch-20200713-1.7.riscv64/usr/lib/python3.10/site-packages/diff_match_patch/tests/__pycache__/run_all.cpython-310.pyc
[  237s] Linking /home/abuild/rpmbuild/BUILDROOT/python-diff-match-patch-20200713-1.7.riscv64/usr/lib/python3.10/site-packages/diff_match_patch/tests/__pycache__/diff_match_patch_test.cpython-310.opt-1.pyc -> /home/abuild/rpmbuild/BUILDROOT/python-diff-match-patch-20200713-1.7.riscv64/usr/lib/python3.10/site-packages/diff_match_patch/tests/__pycache__/diff_match_patch_test.cpython-310.pyc
[  237s] Linking /home/abuild/rpmbuild/BUILDROOT/python-diff-match-patch-20200713-1.7.riscv64/usr/lib/python3.10/site-packages/diff_match_patch/tests/__pycache__/speedtest.cpython-310.opt-1.pyc -> /home/abuild/rpmbuild/BUILDROOT/python-diff-match-patch-20200713-1.7.riscv64/usr/lib/python3.10/site-packages/diff_match_patch/tests/__pycache__/speedtest.cpython-310.pyc
[  237s] Linking /home/abuild/rpmbuild/BUILDROOT/python-diff-match-patch-20200713-1.7.riscv64/usr/lib/python3.10/site-packages/diff_match_patch/tests/__pycache__/__init__.cpython-310.opt-1.pyc -> /home/abuild/rpmbuild/BUILDROOT/python-diff-match-patch-20200713-1.7.riscv64/usr/lib/python3.10/site-packages/diff_match_patch/tests/__pycache__/__init__.cpython-310.pyc
[  237s] Linking /home/abuild/rpmbuild/BUILDROOT/python-diff-match-patch-20200713-1.7.riscv64/usr/lib/python3.10/site-packages/diff_match_patch/tests/__pycache__/diff_match_patch_test_py2.cpython-310.opt-1.pyc -> /home/abuild/rpmbuild/BUILDROOT/python-diff-match-patch-20200713-1.7.riscv64/usr/lib/python3.10/site-packages/diff_match_patch/tests/__pycache__/diff_match_patch_test_py2.cpython-310.pyc
[  237s] + /usr/lib/rpm/find-debuginfo -j4 -n --run-dwz --dwz-low-mem-die-limit 10000000 --dwz-max-die-limit 50000000 -S debugsourcefiles.list /home/abuild/rpmbuild/BUILD/diff-match-patch-20200713
[  238s] + /usr/lib/rpm/brp-compress
[  238s] + /usr/lib/rpm/brp-suse
[  238s] calling /usr/lib/rpm/brp-suse.d/brp-05-permissions
[  238s] calling /usr/lib/rpm/brp-suse.d/brp-15-strip-debug
[  238s] calling /usr/lib/rpm/brp-suse.d/brp-25-symlink
[  239s] calling /usr/lib/rpm/brp-suse.d/brp-50-generate-fips-hmac
[  239s] calling /usr/lib/rpm/brp-suse.d/brp-75-ar
[  239s] Executing(%check): /usr/bin/bash -e /var/tmp/rpm-tmp.RHNgmN
[  239s] + umask 022
[  239s] + cd /home/abuild/rpmbuild/BUILD
[  239s] + cd diff-match-patch-20200713
[  239s] ++ '[' -f _current_flavor ']'
[  239s] ++ cat _current_flavor
[  239s] + last_flavor=python310
[  239s] + '[' -z python310 ']'
[  239s] + '[' python310 '!=' python38 ']'
[  239s] + '[' -d build ']'
[  239s] + mv build _build.python310
[  239s] + '[' -d _build.python38 ']'
[  239s] + mv _build.python38 build
[  239s] + echo python38
[  239s] + python_flavor=python38
[  239s] + python3.8 -m unittest diff_match_patch.tests.run_all
[  319s] .............F..............
[  319s] ======================================================================
[  319s] FAIL: testDiffMain (diff_match_patch.tests.diff_match_patch_test.DiffTest)
[  319s] ----------------------------------------------------------------------
[  319s] Traceback (most recent call last):
[  319s]   File "/home/abuild/rpmbuild/BUILD/diff-match-patch-20200713/diff_match_patch/tests/diff_match_patch_test.py", line 1105, in testDiffMain
[  319s]     self.assertTrue(self.dmp.Diff_Timeout * 2 > endTime - startTime)
[  319s] AssertionError: False is not true
[  319s] 
[  319s] ----------------------------------------------------------------------
[  319s] Ran 28 tests in 76.076s
[  319s] 
[  319s] FAILED (failures=1)
[  319s] error: Bad exit status from /var/tmp/rpm-tmp.RHNgmN (%check)
[  319s] 
[  319s] RPM build warnings:
[  319s]     line 34: It's not recommended to have unversioned Obsoletes: Obsoletes:      python-diff_match_patch
[  319s]     line 34: It's not recommended to have unversioned Obsoletes: Obsoletes:      python-diff_match_patch
[  319s]     line 36: It's not recommended to have unversioned Obsoletes: Obsoletes: python38-diff_match_patch
[  319s]     line 36: It's not recommended to have unversioned Obsoletes: Obsoletes: python39-diff_match_patch
[  319s]     line 36: It's not recommended to have unversioned Obsoletes: Obsoletes: python311-diff_match_patch
[  319s]     line 36: It's not recommended to have unversioned Obsoletes: Obsoletes: python3-diff_match_patch
[  319s]     line 36: It's not recommended to have unversioned Obsoletes: Obsoletes: python310-diff_match_patch
[  319s] 
[  319s] RPM build errors:
[  319s]     Bad exit status from /var/tmp/rpm-tmp.RHNgmN (%check)
[  319s] ### VM INTERACTION START ###
[  320s] [  310.832194][    T1] sysrq: Power Off
[  320s] [  310.874268][   T18] reboot: Power down
[  320s] ### VM INTERACTION END ###
[  320s] 
[  320s] old-atreju4 failed "build python-diff-match-patch.spec" at Sat Feb 18 21:15:29 UTC 2023.
[  320s] 
