[    0s] Using BUILD_ROOT=/var/cache/obs/worker/root_8/.mount
[    0s] Using BUILD_ARCH=riscv64
[    0s] Doing kvm build in /var/cache/obs/worker/root_8/root
[    0s] 
[    0s] 
[    0s] lamb27 started "build python-awscrt.spec" at Sat Feb 18 21:54:44 UTC 2023.
[    0s] 
[    0s] Building python-awscrt for project 'openSUSE:Factory:RISCV' repository 'standard' arch 'riscv64' srcmd5 '0c5fa4c1a174691a864c22ea80ad4ffd'
[    0s] 
[    0s] processing recipe /var/cache/obs/worker/root_8/.build-srcdir/python-awscrt.spec ...
[    0s] running changelog2spec --target rpm --file /var/cache/obs/worker/root_8/.build-srcdir/python-awscrt.spec
[    1s] init_buildsystem --configdir /var/run/obs/worker/8/build/configs --cachedir /var/cache/build --prepare --clean --rpmlist /var/cache/obs/worker/root_8/.build.rpmlist /var/cache/obs/worker/root_8/.build-srcdir/python-awscrt.spec build ...
[    1s] unpacking preinstall image openSUSE:Factory:RISCV/standard/preinstallimage-python [83160fede3a282f635470653fe6cebf8]
[    5s] 
[    5s] copying packages...
[    5s] reordering...done
[    5s] Detected virtio-serial support
[    7s] booting kvm...
[    7s] ### VM INTERACTION START ###
[    7s] Using virtio-serial support
[    7s] /usr/bin/qemu-kvm -nodefaults -no-reboot -nographic -vga none -cpu host -M pc,accel=kvm,usb=off,dump-guest-core=off,vmport=off -sandbox on -bios /usr/share/qemu/qboot.rom -object rng-random,filename=/dev/random,id=rng0 -device virtio-rng-pci,rng=rng0 -object iothread,id=io0 -runas qemu -net none -kernel /var/cache/obs/worker/root_8/.mount/boot/kernel -initrd /var/cache/obs/worker/root_8/.mount/boot/initrd -append root=/dev/disk/by-id/virtio-0 rootfstype=ext4 rootflags=noatime kvmclock mitigations=off elevator=noop nmi_watchdog=0 rw rd.driver.pre=binfmt_misc oops=panic panic=1 quiet console=hvc0 init=/.build/initvm.x86_64 -m 8192 -drive file=/var/cache/obs/worker/root_8/root,format=raw,if=none,id=disk,cache=unsafe,aio=io_uring -device virtio-blk-pci,iothread=io0,drive=disk,serial=0 -drive file=/var/cache/obs/worker/root_8/swap,format=raw,if=none,id=swap,cache=unsafe,aio=io_uring -device virtio-blk-pci,iothread=io0,drive=swap,serial=1 -device virtio-serial,max_ports=2 -device virtconsole,chardev=virtiocon0 -chardev stdio,id=virtiocon0 -chardev socket,id=monitor,server=on,wait=off,path=/var/cache/obs/worker/root_8/root.qemu/monitor -mon chardev=monitor,mode=readline -smp 8
[   11s] ### VM INTERACTION END ###
[   11s] 2nd stage started in virtual machine
[   12s] machine type: riscv64
[   12s] Linux version: 6.1.12-1-default #1 SMP PREEMPT_DYNAMIC Wed Feb 15 05:31:41 UTC 2023 (373f017)
[   12s] Increasing log level from now on...
[   12s] [    4.761556][  T402] sysrq: Changing Loglevel
[   12s] [    4.761912][  T402] sysrq: Loglevel set to 4
[   12s] Enable sysrq operations
[   13s] Setting up swapspace version 1, size = 2 GiB (2097147904 bytes)
[   13s] no label, UUID=6355e582-a8b3-4b16-a0b1-f8ffb36eb02f
[   13s] swapon: /dev/vdb: found signature [pagesize=4096, signature=swap]
[   13s] swapon: /dev/vdb: pagesize=4096, swapsize=2097152000, devsize=2097152000
[   13s] swapon /dev/vdb
[   13s] WARNING: udev not running, creating extra device nodes
[   13s] logging output to //.build.log...
[   14s] processing recipe /.build-srcdir/python-awscrt.spec ...
[   14s] init_buildsystem --configdir /.build/configs --cachedir /var/cache/build /.build-srcdir/python-awscrt.spec build ...
[   14s] initializing rpm db...
[   15s] querying package ids...
[   39s] [1/198] preinstalled aaa_base-84.87+git20220822.6b9f7a3-1.1
[   39s] [2/198] preinstalled aaa_base-malloccheck-84.87+git20220822.6b9f7a3-1.1
[   39s] [3/198] preinstalled attr-2.5.1-1.1
[   39s] [4/198] preinstalled bash-5.2.15-8.1
[   39s] [5/198] preinstalled bash-sh-5.2.15-8.1
[   39s] [6/198] preinstalled binutils-2.39-3.1
[   39s] [7/198] preinstalled brp-check-suse-84.87+git20221115.2f7add6-1.1
[   39s] [8/198] preinstalled build-compare-20221206T204012.bb70754-1.2
[   39s] [9/198] preinstalled build-mkbaselibs-20230215-1.1
[   39s] [10/198] preinstalled bzip2-1.0.8-4.1
[   39s] [11/198] preinstalled chkstat-1599_20221220-1.2
[   39s] [12/198] preinstalled compat-usrmerge-build-84.87-5.1
[   39s] [13/198] preinstalled compat-usrmerge-tools-84.87-5.1
[   39s] [14/198] preinstalled coreutils-9.1-5.1
[   39s] [15/198] preinstalled cpio-2.13-5.1
[   39s] [16/198] preinstalled cpp-12-2.1
[   39s] [17/198] preinstalled cpp12-12.2.1+git749-4.1
[   39s] [18/198] preinstalled crypto-policies-20210917.c9d86d1-1.1
[   39s] [19/198] preinstalled debugedit-5.0-5.1
[   39s] [20/198] preinstalled diffutils-3.9-1.1
[   39s] [21/198] preinstalled dwz-0.15-2.1
[   39s] [22/198] preinstalled elfutils-0.188-3.2
[   39s] [23/198] cumulate fdupes-2.2.1-1.1
[   39s] [24/198] preinstalled file-5.44-1.2
[   39s] [25/198] preinstalled file-magic-5.44-1.2
[   39s] [26/198] preinstalled filesystem-84.87-12.1
[   39s] [27/198] preinstalled fillup-1.42-279.1
[   39s] [28/198] preinstalled findutils-4.9.0-2.1
[   39s] [29/198] preinstalled gawk-5.2.1-2.1
[   39s] [30/198] preinstalled gcc-12-2.1
[   39s] [31/198] preinstalled gcc-PIE-12-2.1
[   39s] [32/198] preinstalled gcc12-12.2.1+git749-4.1
[   39s] [33/198] preinstalled gcc12-PIE-12.2.1+git749-4.1
[   39s] [34/198] preinstalled gettext-runtime-mini-0.21.1-1.1
[   39s] [35/198] preinstalled gettext-tools-mini-0.21.1-1.1
[   39s] [36/198] preinstalled glibc-2.37-1.1
[   39s] [37/198] preinstalled glibc-devel-2.37-1.1
[   39s] [38/198] preinstalled glibc-locale-base-2.37-1.1
[   39s] [39/198] preinstalled grep-3.8-3.1
[   39s] [40/198] preinstalled gzip-1.12-3.1
[   39s] [41/198] preinstalled kernel-obs-build-6.1.12-1.1
[   39s] [42/198] preinstalled libacl1-2.3.1-2.1
[   39s] [43/198] cumulate libalternatives1-1.2+3.b848aad-3.1
[   39s] [44/198] preinstalled libasan8-13.0.1+git5428-6.1
[   39s] [45/198] preinstalled libasm1-0.188-3.2
[   39s] [46/198] preinstalled libatomic1-13.0.1+git5428-6.1
[   39s] [47/198] preinstalled libattr1-2.5.1-1.1
[   39s] [48/198] preinstalled libaudit1-3.0.6-4.1
[   39s] [49/198] preinstalled libblkid1-2.38.1-7.1
[   39s] [50/198] preinstalled libbz2-1-1.0.8-4.1
[   39s] [51/198] preinstalled libcap-ng0-0.8.3-1.1
[   39s] [52/198] preinstalled libcap2-2.67-1.1
[   39s] [53/198] preinstalled libcrypt1-4.4.33-1.1
[   39s] [54/198] preinstalled libctf-nobfd0-2.39-3.1
[   39s] [55/198] preinstalled libctf0-2.39-3.1
[   39s] [56/198] preinstalled libdb-4_8-4.8.30-39.1
[   39s] [57/198] preinstalled libdw1-0.188-3.2
[   39s] [58/198] preinstalled libeconf0-0.5.1-1.1
[   39s] [59/198] preinstalled libelf1-0.188-3.2
[   39s] [60/198] preinstalled libexpat1-2.5.0-2.1
[   39s] [61/198] preinstalled libfdisk1-2.38.1-7.1
[   39s] [62/198] preinstalled libffi8-3.4.4-1.1
[   39s] [63/198] preinstalled libgcc_s1-13.0.1+git5428-6.1
[   39s] [64/198] preinstalled libgcrypt20-1.10.1-1.1
[   39s] [65/198] preinstalled libgdbm6-1.23-1.1
[   39s] [66/198] preinstalled libgdbm_compat4-1.23-1.1
[   39s] [67/198] preinstalled libgmp10-6.2.1-4.1
[   39s] [68/198] preinstalled libgomp1-13.0.1+git5428-6.1
[   39s] [69/198] preinstalled libgpg-error0-1.46-1.1
[   39s] [70/198] preinstalled libisl23-0.25-1.1
[   39s] [71/198] preinstalled liblua5_4-5-5.4.4-8.1
[   39s] [72/198] preinstalled liblzma5-5.4.1-1.1
[   39s] [73/198] preinstalled libmagic1-5.44-1.2
[   39s] [74/198] preinstalled libmount1-2.38.1-7.1
[   39s] [75/198] preinstalled libmpc3-1.3.1-1.2
[   39s] [76/198] preinstalled libmpdec3-2.5.1-2.1
[   39s] [77/198] preinstalled libmpfr6-4.2.0-1.1
[   39s] [78/198] preinstalled libncurses6-6.4.20230128-5.1
[   39s] [79/198] preinstalled libopenssl3-3.0.7-3.1
[   39s] [80/198] cumulate libp11-kit0-0.24.1-2.1
[   39s] [81/198] preinstalled libpcre2-8-0-10.42-3.2
[   39s] [82/198] preinstalled libpkgconf3-1.8.0-2.1
[   39s] [83/198] preinstalled libpopt0-1.19-1.1
[   39s] [84/198] preinstalled libpython3_10-1_0-3.10.9-2.2
[   39s] [85/198] preinstalled libpython3_11-1_0-3.11.1-4.2
[   39s] [86/198] preinstalled libpython3_8-1_0-3.8.16-3.2
[   39s] [87/198] preinstalled libpython3_9-1_0-3.9.16-3.2
[   39s] [88/198] preinstalled libreadline8-8.2-2.1
[   39s] [89/198] cumulate librhash0-1.4.3-1.1
[   39s] [90/198] preinstalled librpmbuild9-4.18.0-3.2
[   39s] [91/198] preinstalled libseccomp2-2.5.4-2.1
[   39s] [92/198] preinstalled libselinux1-3.4-2.1
[   39s] [93/198] preinstalled libsemanage-conf-3.4-1.1
[   39s] [94/198] preinstalled libsemanage2-3.4-1.1
[   39s] [95/198] preinstalled libsepol2-3.4-1.1
[   39s] [96/198] preinstalled libsmartcols1-2.38.1-7.1
[   39s] [97/198] preinstalled libstdc++6-13.0.1+git5428-6.1
[   39s] [98/198] preinstalled libsubid4-4.13-3.1
[   39s] [99/198] cumulate libtasn1-6-4.19.0-1.1
[   39s] [100/198] preinstalled libubsan1-13.0.1+git5428-6.1
[   39s] [101/198] preinstalled libutempter0-1.2.0-3.2
[   39s] [102/198] preinstalled libuuid1-2.38.1-7.1
[   39s] [103/198] cumulate libuv1-1.44.2-3.1
[   39s] [104/198] preinstalled libxcrypt-devel-4.4.33-1.1
[   39s] [105/198] preinstalled libz1-1.2.13-2.1
[   39s] [106/198] preinstalled libzstd1-1.5.2-2.1
[   39s] [107/198] preinstalled linux-glibc-devel-6.1-1.1
[   39s] [108/198] preinstalled login_defs-4.13-3.1
[   39s] [109/198] preinstalled lua54-5.4.4-8.1
[   39s] [110/198] preinstalled make-4.4-2.1
[   39s] [111/198] preinstalled ncurses-utils-6.4.20230128-5.1
[   39s] [112/198] preinstalled pam-1.5.2-12.1
[   39s] [113/198] preinstalled patch-2.7.6-6.1
[   39s] [114/198] preinstalled perl-5.36.0-4.1
[   39s] [115/198] preinstalled perl-base-5.36.0-4.1
[   39s] [116/198] preinstalled permissions-1599_20221220-1.2
[   39s] [117/198] preinstalled permissions-config-1599_20221220-1.2
[   39s] [118/198] preinstalled pkgconf-1.8.0-2.1
[   39s] [119/198] preinstalled pkgconf-m4-1.8.0-2.1
[   39s] [120/198] preinstalled pkgconf-pkg-config-1.8.0-2.1
[   39s] [121/198] preinstalled polkit-default-privs-1550+20221102.9f111fa-1.1
[   39s] [122/198] preinstalled post-build-checks-84.87+git20230106.3a359c5-1.1
[   39s] [123/198] preinstalled python-rpm-macros-20230128.e704796-1.2
[   39s] [124/198] preinstalled python-rpm-packaging-20210526+a18ca48-1.2
[   39s] [125/198] cumulate python310-attrs-22.2.0-1.2
[   39s] [126/198] preinstalled python310-base-3.10.9-2.2
[   39s] [127/198] cumulate python310-devel-3.10.9-2.2
[   39s] [128/198] cumulate python310-exceptiongroup-1.1.0-1.2
[   39s] [129/198] cumulate python310-iniconfig-1.1.1-3.2
[   39s] [130/198] preinstalled python310-packaging-23.0-1.1
[   39s] [131/198] cumulate python310-pluggy-1.0.0-1.5
[   39s] [132/198] preinstalled python310-setuptools-65.6.3-1.2
[   39s] [133/198] cumulate python310-tomli-2.0.1-1.3
[   39s] [134/198] cumulate python310-zipp-3.8.1-1.2
[   39s] [135/198] cumulate python311-attrs-22.2.0-1.2
[   39s] [136/198] preinstalled python311-base-3.11.1-4.2
[   39s] [137/198] cumulate python311-devel-3.11.1-4.2
[   39s] [138/198] cumulate python311-exceptiongroup-1.1.0-1.2
[   39s] [139/198] cumulate python311-iniconfig-1.1.1-3.2
[   40s] [140/198] cumulate python311-packaging-23.0-1.2
[   40s] [141/198] cumulate python311-pluggy-1.0.0-1.5
[   40s] [142/198] preinstalled python311-setuptools-65.6.3-1.2
[   40s] [143/198] cumulate python311-tomli-2.0.1-1.3
[   40s] [144/198] cumulate python311-zipp-3.8.1-1.2
[   40s] [145/198] cumulate python38-attrs-22.2.0-1.2
[   40s] [146/198] preinstalled python38-base-3.8.16-3.2
[   40s] [147/198] cumulate python38-devel-3.8.16-3.2
[   40s] [148/198] cumulate python38-exceptiongroup-1.1.0-1.2
[   40s] [149/198] cumulate python38-iniconfig-1.1.1-3.2
[   40s] [150/198] cumulate python38-packaging-23.0-1.2
[   40s] [151/198] cumulate python38-pluggy-1.0.0-1.5
[   40s] [152/198] preinstalled python38-setuptools-65.6.3-1.2
[   40s] [153/198] cumulate python38-tomli-2.0.1-1.3
[   40s] [154/198] cumulate python38-zipp-3.8.1-1.2
[   40s] [155/198] cumulate python39-attrs-22.2.0-1.2
[   40s] [156/198] preinstalled python39-base-3.9.16-3.2
[   40s] [157/198] cumulate python39-devel-3.9.16-3.2
[   40s] [158/198] cumulate python39-exceptiongroup-1.1.0-1.2
[   40s] [159/198] cumulate python39-iniconfig-1.1.1-3.2
[   40s] [160/198] cumulate python39-packaging-23.0-1.2
[   40s] [161/198] cumulate python39-pluggy-1.0.0-1.5
[   40s] [162/198] preinstalled python39-setuptools-65.6.3-1.2
[   40s] [163/198] cumulate python39-tomli-2.0.1-1.3
[   40s] [164/198] cumulate python39-zipp-3.8.1-1.2
[   40s] [165/198] preinstalled qemu-linux-user-7.1.0-50.1
[   40s] [166/198] preinstalled rpm-4.18.0-3.2
[   40s] [167/198] preinstalled rpm-build-4.18.0-3.2
[   40s] [168/198] preinstalled rpm-build-perl-4.18.0-3.2
[   40s] [169/198] preinstalled rpm-config-SUSE-20220926-1.1
[   40s] [170/198] preinstalled rpmlint-mini-2.4.0+git20230214.1bab129-9.4
[   40s] [171/198] preinstalled rpmlint-strict-2.4.0+git20230214.1bab129-1.1
[   40s] [172/198] preinstalled sed-4.9-2.1
[   40s] [173/198] preinstalled shadow-4.13-3.1
[   40s] [174/198] preinstalled system-group-hardware-20170617-24.1
[   40s] [175/198] preinstalled system-user-root-20190513-2.1
[   40s] [176/198] preinstalled systemd-rpm-macros-19-1.1
[   40s] [177/198] preinstalled sysuser-shadow-3.1-5.1
[   40s] [178/198] preinstalled tar-1.34-9.1
[   40s] [179/198] preinstalled terminfo-base-6.4.20230128-5.1
[   40s] [180/198] preinstalled update-alternatives-1.21.8-1.1
[   40s] [181/198] preinstalled util-linux-2.38.1-7.1
[   40s] [182/198] preinstalled which-2.21-5.1
[   40s] [183/198] preinstalled xz-5.4.1-1.1
[   40s] [184/198] cumulate alts-1.2+3.b848aad-3.1
[   40s] [185/198] cumulate python310-importlib-metadata-6.0.0-1.2
[   40s] [186/198] cumulate python311-importlib-metadata-6.0.0-1.2
[   40s] [187/198] cumulate python38-importlib-metadata-6.0.0-1.2
[   40s] [188/198] cumulate python39-importlib-metadata-6.0.0-1.2
[   40s] [189/198] cumulate cmake-mini-3.25.2-1.2
[   40s] [190/198] cumulate p11-kit-0.24.1-2.1
[   40s] [191/198] cumulate p11-kit-tools-0.24.1-2.1
[   40s] [192/198] cumulate cmake-3.25.2-1.1
[   40s] [193/198] cumulate ca-certificates-2+git20211004.3efbea9-1.1
[   40s] [194/198] cumulate python310-pytest-7.2.0-2.2
[   40s] [195/198] cumulate python311-pytest-7.2.0-2.2
[   40s] [196/198] cumulate python38-pytest-7.2.0-2.2
[   40s] [197/198] cumulate python39-pytest-7.2.0-2.2
[   40s] [198/198] cumulate ca-certificates-mozilla-2.60-1.2
[   40s] now installing cumulated packages
[   40s] Preparing...                          ########################################
[   40s] Updating / installing...
[   40s] libtasn1-6-4.19.0-1.1                 ########################################
[   41s] libp11-kit0-0.24.1-2.1                ########################################
[   41s] p11-kit-0.24.1-2.1                    ########################################
[   41s] p11-kit-tools-0.24.1-2.1              ########################################
[   41s] ca-certificates-2+git20211004.3efbea9-########################################
[   43s] ca-certificates-mozilla-2.60-1.2      ########################################
[   48s] python39-zipp-3.8.1-1.2               ########################################
[   48s] python39-importlib-metadata-6.0.0-1.2 ########################################
[   48s] python39-tomli-2.0.1-1.3              ########################################
[   48s] python39-pluggy-1.0.0-1.5             ########################################
[   48s] python39-packaging-23.0-1.2           ########################################
[   48s] python39-iniconfig-1.1.1-3.2          ########################################
[   48s] python39-exceptiongroup-1.1.0-1.2     ########################################
[   48s] python39-attrs-22.2.0-1.2             ########################################
[   48s] python38-zipp-3.8.1-1.2               ########################################
[   48s] python38-importlib-metadata-6.0.0-1.2 ########################################
[   48s] python38-tomli-2.0.1-1.3              ########################################
[   48s] python38-pluggy-1.0.0-1.5             ########################################
[   48s] python38-packaging-23.0-1.2           ########################################
[   48s] python38-iniconfig-1.1.1-3.2          ########################################
[   48s] python38-exceptiongroup-1.1.0-1.2     ########################################
[   48s] python38-attrs-22.2.0-1.2             ########################################
[   48s] python311-zipp-3.8.1-1.2              ########################################
[   48s] python311-importlib-metadata-6.0.0-1.2########################################
[   48s] python311-tomli-2.0.1-1.3             ########################################
[   48s] python311-pluggy-1.0.0-1.5            ########################################
[   48s] python311-packaging-23.0-1.2          ########################################
[   48s] python311-iniconfig-1.1.1-3.2         ########################################
[   48s] python311-exceptiongroup-1.1.0-1.2    ########################################
[   48s] python311-attrs-22.2.0-1.2            ########################################
[   48s] python310-zipp-3.8.1-1.2              ########################################
[   48s] python310-importlib-metadata-6.0.0-1.2########################################
[   48s] python310-tomli-2.0.1-1.3             ########################################
[   48s] python310-pluggy-1.0.0-1.5            ########################################
[   48s] python310-iniconfig-1.1.1-3.2         ########################################
[   49s] python310-exceptiongroup-1.1.0-1.2    ########################################
[   49s] python310-attrs-22.2.0-1.2            ########################################
[   49s] libuv1-1.44.2-3.1                     ########################################
[   49s] librhash0-1.4.3-1.1                   ########################################
[   54s] cmake-mini-3.25.2-1.2                 ########################################
[   55s] libalternatives1-1.2+3.b848aad-3.1    ########################################
[   55s] alts-1.2+3.b848aad-3.1                ########################################
[   55s] python310-pytest-7.2.0-2.2            ########################################
[   56s] python311-pytest-7.2.0-2.2            ########################################
[   56s] python38-pytest-7.2.0-2.2             ########################################
[   57s] python39-pytest-7.2.0-2.2             ########################################
[   57s] cmake-3.25.2-1.1                      ########################################
[   57s] python39-devel-3.9.16-3.2             ########################################
[   57s] python38-devel-3.8.16-3.2             ########################################
[   57s] python311-devel-3.11.1-4.2            ########################################
[   58s] python310-devel-3.10.9-2.2            ########################################
[   58s] fdupes-2.2.1-1.1                      ########################################
[   65s] now finalizing build dir...
[   65s] ... running 01-add_abuild_user_to_trusted_group
[   66s] ... running 02-set_timezone_to_utc
[   66s] ... running 03-set-permissions-secure
[   66s] ... running 11-hack_uname_version_to_kernel_version
[   73s] -----------------------------------------------------------------
[   73s] I have the following modifications for python-awscrt.spec:
[   73s] 22c22
[   73s] < Release:        0
[   73s] ---
[   73s] > Release:        1.1
[   79s] build target is riscv64-suse-linux
[   79s] -----------------------------------------------------------------
[   79s] ----- building python-awscrt.spec (user abuild)
[   79s] -----------------------------------------------------------------
[   79s] -----------------------------------------------------------------
[   82s] + exec rpmbuild -ba --define '_srcdefattr (-,root,root)' --nosignature --target=riscv64-suse-linux --define '_build_create_debug 1' --define 'disturl obs://build.opensuse.org/openSUSE:Factory:RISCV/standard/0c5fa4c1a174691a864c22ea80ad4ffd-python-awscrt' /home/abuild/rpmbuild/SOURCES/python-awscrt.spec
[  114s] Building target platforms: riscv64-suse-linux
[  114s] Building for target riscv64-suse-linux
[  114s] setting SOURCE_DATE_EPOCH=1665532800
[  115s] Executing(%prep): /usr/bin/bash -e /var/tmp/rpm-tmp.oRyfDD
[  115s] + umask 022
[  115s] + cd /home/abuild/rpmbuild/BUILD
[  115s] + cd /home/abuild/rpmbuild/BUILD
[  115s] + rm -rf awscrt-0.14.7
[  115s] + /usr/lib/rpm/rpmuncompress -x /home/abuild/rpmbuild/SOURCES/awscrt-0.14.7.tar.gz
[  118s] + STATUS=0
[  118s] + '[' 0 -ne 0 ']'
[  118s] + cd awscrt-0.14.7
[  118s] + /usr/bin/chmod -Rf a+rX,u+w,g-w,o-w .
[  118s] + tar -xzf /home/abuild/rpmbuild/SOURCES/testdata.tar.gz
[  118s] + RPM_EC=0
[  119s] ++ jobs -p
[  119s] + exit 0
[  119s] Executing(%build): /usr/bin/bash -e /var/tmp/rpm-tmp.wcTOIl
[  119s] + umask 022
[  119s] + cd /home/abuild/rpmbuild/BUILD
[  119s] + /usr/bin/rm -rf /home/abuild/rpmbuild/BUILDROOT/python-awscrt-0.14.7-1.1.riscv64
[  119s] ++ dirname /home/abuild/rpmbuild/BUILDROOT/python-awscrt-0.14.7-1.1.riscv64
[  119s] + /usr/bin/mkdir -p /home/abuild/rpmbuild/BUILDROOT
[  119s] + /usr/bin/mkdir /home/abuild/rpmbuild/BUILDROOT/python-awscrt-0.14.7-1.1.riscv64
[  119s] + cd awscrt-0.14.7
[  119s] + ref=/usr/lib/rpm
[  119s] + mints=0
[  119s] + case $(uname -m) in
[  119s] ++ uname -m
[  119s] + mints=20160911
[  119s] + for s in guess sub
[  119s] ++ find -maxdepth 8 -name config.guess
[  119s] + for s in guess sub
[  119s] ++ find -maxdepth 8 -name config.sub
[  119s] + export 'CFLAGS=-O2 -Wall -U_FORTIFY_SOURCE -D_FORTIFY_SOURCE=3 -fstack-protector-strong -funwind-tables -fasynchronous-unwind-tables -fstack-clash-protection -Werror=return-type -flto=auto -g'
[  119s] + CFLAGS='-O2 -Wall -U_FORTIFY_SOURCE -D_FORTIFY_SOURCE=3 -fstack-protector-strong -funwind-tables -fasynchronous-unwind-tables -fstack-clash-protection -Werror=return-type -flto=auto -g'
[  119s] ++ '[' -f _current_flavor ']'
[  119s] ++ true
[  119s] + last_flavor=
[  119s] + '[' -z '' ']'
[  119s] + last_flavor=tmp
[  119s] + '[' tmp '!=' python38 ']'
[  119s] + '[' -d build ']'
[  119s] + '[' -d _build.python38 ']'
[  119s] + echo python38
[  119s] + python_flavor=python38
[  119s] + /usr/bin/python3.8 setup.py build '--executable=/usr/bin/python3.8 -s'
[  123s] running build
[  123s] running build_py
[  123s] creating build
[  123s] creating build/lib.linux-riscv64-cpython-38
[  123s] creating build/lib.linux-riscv64-cpython-38/awscrt
[  123s] copying awscrt/__init__.py -> build/lib.linux-riscv64-cpython-38/awscrt
[  123s] copying awscrt/_test.py -> build/lib.linux-riscv64-cpython-38/awscrt
[  123s] copying awscrt/auth.py -> build/lib.linux-riscv64-cpython-38/awscrt
[  123s] copying awscrt/checksums.py -> build/lib.linux-riscv64-cpython-38/awscrt
[  123s] copying awscrt/common.py -> build/lib.linux-riscv64-cpython-38/awscrt
[  123s] copying awscrt/crypto.py -> build/lib.linux-riscv64-cpython-38/awscrt
[  123s] copying awscrt/exceptions.py -> build/lib.linux-riscv64-cpython-38/awscrt
[  123s] copying awscrt/http.py -> build/lib.linux-riscv64-cpython-38/awscrt
[  123s] copying awscrt/io.py -> build/lib.linux-riscv64-cpython-38/awscrt
[  123s] copying awscrt/mqtt.py -> build/lib.linux-riscv64-cpython-38/awscrt
[  123s] copying awscrt/s3.py -> build/lib.linux-riscv64-cpython-38/awscrt
[  123s] creating build/lib.linux-riscv64-cpython-38/awscrt/eventstream
[  123s] copying awscrt/eventstream/__init__.py -> build/lib.linux-riscv64-cpython-38/awscrt/eventstream
[  123s] copying awscrt/eventstream/rpc.py -> build/lib.linux-riscv64-cpython-38/awscrt/eventstream
[  123s] running build_ext
[  129s] -- The C compiler identification is GNU 12.2.1
[  129s] -- Detecting C compiler ABI info
[  134s] -- Detecting C compiler ABI info - done
[  134s] -- Check for working C compiler: /usr/bin/cc - skipped
[  134s] -- Detecting C compile features
[  134s] -- Detecting C compile features - done
[  134s] -- Checking for module 'libunwind-generic'
[  135s] --   Package 'libunwind-generic', required by 'virtual:world', not found
[  135s] libunwind not found. Disabling unwind tests.
[  135s] -- Go not found. Disabling some code generation and using pre-generated code in generated-src/
[  135s] -- Perl not found. Disabling some code generation and using pre-generated code in generated-src/
[  135s] -- Run check_run file_to_test 'memcmp_invalid_stripped_check.c', flag_to_set 'MEMCMP_INVALID_STRIPPED', and compile_flags '-O2 -g -DNDEBUG'.
[  142s] -- Test stdalign_check.c failed, NOT enabling AWS_LC_STDALIGN_AVAILABLE:
[  142s] --     Change Dir: /home/abuild/rpmbuild/BUILD/awscrt-0.14.7/build/temp.linux-riscv64-cpython-38/deps/aws-lc/CMakeFiles/CMakeTmp
[  142s] 
[  142s] Run Build Command(s):/usr/bin/gmake -f Makefile cmTC_18fa3/fast && /usr/bin/gmake  -f CMakeFiles/cmTC_18fa3.dir/build.make CMakeFiles/cmTC_18fa3.dir/build
[  142s] gmake[1]: Entering directory '/home/abuild/rpmbuild/BUILD/awscrt-0.14.7/build/temp.linux-riscv64-cpython-38/deps/aws-lc/CMakeFiles/CMakeTmp'
[  142s] Building C object CMakeFiles/cmTC_18fa3.dir/stdalign_check.c.o
[  142s] /usr/bin/cc   -O2 -Wall -U_FORTIFY_SOURCE -D_FORTIFY_SOURCE=3 -fstack-protector-strong -funwind-tables -fasynchronous-unwind-tables -fstack-clash-protection -Werror=return-type -flto=auto -g  -fPIE   -Werror -o CMakeFiles/cmTC_18fa3.dir/stdalign_check.c.o -c /home/abuild/rpmbuild/BUILD/awscrt-0.14.7/crt/aws-lc/tests/compiler_features_tests/stdalign_check.c
[  142s] /home/abuild/rpmbuild/BUILD/awscrt-0.14.7/crt/aws-lc/tests/compiler_features_tests/stdalign_check.c: In function ‘main’:
[  142s] /home/abuild/rpmbuild/BUILD/awscrt-0.14.7/crt/aws-lc/tests/compiler_features_tests/stdalign_check.c:13:12: error: unused variable ‘alignment’ [-Werror=unused-variable]
[  142s]    13 |     size_t alignment = alignof(uint8_t);
[  142s]       |            ^~~~~~~~~
[  142s] /home/abuild/rpmbuild/BUILD/awscrt-0.14.7/crt/aws-lc/tests/compiler_features_tests/stdalign_check.c:12:24: error: unused variable ‘test’ [-Werror=unused-variable]
[  142s]    12 |     alignas(8) uint8_t test[16];
[  142s]       |                        ^~~~
[  142s] cc1: all warnings being treated as errors
[  142s] gmake[1]: *** [CMakeFiles/cmTC_18fa3.dir/build.make:78: CMakeFiles/cmTC_18fa3.dir/stdalign_check.c.o] Error 1
[  142s] gmake[1]: Leaving directory '/home/abuild/rpmbuild/BUILD/awscrt-0.14.7/build/temp.linux-riscv64-cpython-38/deps/aws-lc/CMakeFiles/CMakeTmp'
[  142s] gmake: *** [Makefile:127: cmTC_18fa3/fast] Error 2
[  142s] 
[  142s] 
[  146s] -- Test builtin_swap_check.c passed, enabling AWS_LC_BUILTIN_SWAP_SUPPORTED
[  146s] -- The ASM compiler identification is GNU
[  146s] -- Found assembler: /usr/bin/cc
[  146s] Copying platform assembly files from /home/abuild/rpmbuild/BUILD/awscrt-0.14.7/crt/aws-lc/generated-src/linux-riscv64/crypto/ to /home/abuild/rpmbuild/BUILD/awscrt-0.14.7/build/temp.linux-riscv64-cpython-38/deps/aws-lc/crypto
[  146s] CMake Error at crypto/CMakeLists.txt:135 (file):
[  146s]   file COPY cannot find
[  146s]   "/home/abuild/rpmbuild/BUILD/awscrt-0.14.7/crt/aws-lc/generated-src/linux-riscv64/crypto/":
[  146s]   No such file or directory.
[  146s] 
[  146s] 
[  147s] -- Configuring incomplete, errors occurred!
[  147s] See also "/home/abuild/rpmbuild/BUILD/awscrt-0.14.7/build/temp.linux-riscv64-cpython-38/deps/aws-lc/CMakeFiles/CMakeOutput.log".
[  147s] --- Building dependency: aws-lc ---
[  147s] > /usr/bin/cmake -H/home/abuild/rpmbuild/BUILD/awscrt-0.14.7/crt/aws-lc -Bbuild/temp.linux-riscv64-cpython-38/deps/aws-lc -DCMAKE_PREFIX_PATH=/home/abuild/rpmbuild/BUILD/awscrt-0.14.7/build/temp.linux-riscv64-cpython-38/deps/install -DCMAKE_INSTALL_PREFIX=build/temp.linux-riscv64-cpython-38/deps/install -DBUILD_SHARED_LIBS=OFF -DCMAKE_BUILD_TYPE=RelWithDebInfo -DBUILD_TESTING=OFF -DCMAKE_POSITION_INDEPENDENT_CODE=ON -DBUILD_LIBSSL=OFF -DDISABLE_PERL=ON -DDISABLE_GO=ON
[  147s] Traceback (most recent call last):
[  147s]   File "setup.py", line 348, in <module>
[  147s]     setuptools.setup(
[  147s]   File "/usr/lib/python3.8/site-packages/setuptools/__init__.py", line 87, in setup
[  147s]     return distutils.core.setup(**attrs)
[  147s]   File "/usr/lib/python3.8/site-packages/setuptools/_distutils/core.py", line 185, in setup
[  147s]     return run_commands(dist)
[  147s]   File "/usr/lib/python3.8/site-packages/setuptools/_distutils/core.py", line 201, in run_commands
[  147s]     dist.run_commands()
[  147s]   File "/usr/lib/python3.8/site-packages/setuptools/_distutils/dist.py", line 969, in run_commands
[  147s]     self.run_command(cmd)
[  147s]   File "/usr/lib/python3.8/site-packages/setuptools/dist.py", line 1208, in run_command
[  147s]     super().run_command(command)
[  147s]   File "/usr/lib/python3.8/site-packages/setuptools/_distutils/dist.py", line 988, in run_command
[  147s]     cmd_obj.run()
[  147s]   File "/usr/lib/python3.8/site-packages/setuptools/_distutils/command/build.py", line 132, in run
[  147s]     self.run_command(cmd_name)
[  147s]   File "/usr/lib/python3.8/site-packages/setuptools/_distutils/cmd.py", line 318, in run_command
[  147s]     self.distribution.run_command(command)
[  147s]   File "/usr/lib/python3.8/site-packages/setuptools/dist.py", line 1208, in run_command
[  147s]     super().run_command(command)
[  147s]   File "/usr/lib/python3.8/site-packages/setuptools/_distutils/dist.py", line 988, in run_command
[  147s]     cmd_obj.run()
[  147s]   File "setup.py", line 266, in run
[  147s]     self._build_dependency(lib, dep_build_dir, dep_install_path)
[  147s]   File "setup.py", line 259, in _build_dependency
[  147s]     self._build_dependency_impl(aws_lib, build_dir, install_path)
[  147s]   File "setup.py", line 209, in _build_dependency_impl
[  147s]     run_cmd(cmake_args)
[  147s]   File "setup.py", line 29, in run_cmd
[  147s]     subprocess.check_call(args)
[  147s]   File "/usr/lib64/python3.8/subprocess.py", line 364, in check_call
[  147s]     raise CalledProcessError(retcode, cmd)
[  147s] subprocess.CalledProcessError: Command '['/usr/bin/cmake', '-H/home/abuild/rpmbuild/BUILD/awscrt-0.14.7/crt/aws-lc', '-Bbuild/temp.linux-riscv64-cpython-38/deps/aws-lc', '-DCMAKE_PREFIX_PATH=/home/abuild/rpmbuild/BUILD/awscrt-0.14.7/build/temp.linux-riscv64-cpython-38/deps/install', '-DCMAKE_INSTALL_PREFIX=build/temp.linux-riscv64-cpython-38/deps/install', '-DBUILD_SHARED_LIBS=OFF', '-DCMAKE_BUILD_TYPE=RelWithDebInfo', '-DBUILD_TESTING=OFF', '-DCMAKE_POSITION_INDEPENDENT_CODE=ON', '-DBUILD_LIBSSL=OFF', '-DDISABLE_PERL=ON', '-DDISABLE_GO=ON']' returned non-zero exit status 1.
[  147s] error: Bad exit status from /var/tmp/rpm-tmp.wcTOIl (%build)
[  147s] 
[  147s] RPM build errors:
[  147s]     Bad exit status from /var/tmp/rpm-tmp.wcTOIl (%build)
[  147s] ### VM INTERACTION START ###
[  148s] [  140.202786][    T1] sysrq: Power Off
[  148s] [  140.206410][  T387] reboot: Power down
[  148s] ### VM INTERACTION END ###
[  148s] 
[  148s] lamb27 failed "build python-awscrt.spec" at Sat Feb 18 21:57:12 UTC 2023.
[  148s] 
