[    0s] Using BUILD_ROOT=/var/cache/obs/worker/root_5/.mount
[    0s] Using BUILD_ARCH=riscv64
[    0s] Doing kvm build in /var/cache/obs/worker/root_5/root
[    0s] 
[    0s] 
[    0s] old-atreju2 started "build python-python-crontab.spec" at Sun Feb 19 00:03:49 UTC 2023.
[    0s] 
[    0s] Building python-python-crontab for project 'openSUSE:Factory:RISCV' repository 'standard' arch 'riscv64' srcmd5 '4129573fefc64e7d522076bbd2a2dd8a'
[    0s] 
[    0s] processing recipe /var/cache/obs/worker/root_5/.build-srcdir/python-python-crontab.spec ...
[    0s] running changelog2spec --target rpm --file /var/cache/obs/worker/root_5/.build-srcdir/python-python-crontab.spec
[    0s] init_buildsystem --configdir /var/run/obs/worker/5/build/configs --cachedir /var/cache/build --prepare --clean --rpmlist /var/cache/obs/worker/root_5/.build.rpmlist /var/cache/obs/worker/root_5/.build-srcdir/python-python-crontab.spec build ...
[    1s] unpacking preinstall image openSUSE:Factory:RISCV/standard/preinstallimage-python [83160fede3a282f635470653fe6cebf8]
[    6s] 
[    6s] copying packages...
[    6s] reordering...cycle: cron -> cronie
[    6s]   breaking dependency cronie -> cron
[    6s] cycle: fontconfig -> libfontconfig1
[    6s]   breaking dependency libfontconfig1 -> fontconfig
[    6s] done
[    6s] Detected virtio-serial support
[    8s] booting kvm...
[    8s] ### VM INTERACTION START ###
[    8s] Using virtio-serial support
[    8s] /usr/bin/qemu-kvm -nodefaults -no-reboot -nographic -vga none -cpu host -M pc,accel=kvm,usb=off,dump-guest-core=off,vmport=off -sandbox on -bios /usr/share/qemu/qboot.rom -object rng-random,filename=/dev/random,id=rng0 -device virtio-rng-pci,rng=rng0 -object iothread,id=io0 -runas qemu -net none -kernel /var/cache/obs/worker/root_5/.mount/boot/kernel -initrd /var/cache/obs/worker/root_5/.mount/boot/initrd -append root=/dev/disk/by-id/virtio-0 rootfstype=ext4 rootflags=noatime kvmclock mitigations=off elevator=noop nmi_watchdog=0 rw rd.driver.pre=binfmt_misc oops=panic panic=1 quiet console=hvc0 init=/.build/initvm.x86_64 -m 8192 -drive file=/var/cache/obs/worker/root_5/root,format=raw,if=none,id=disk,cache=unsafe,aio=io_uring -device virtio-blk-pci,iothread=io0,drive=disk,serial=0 -drive file=/var/cache/obs/worker/root_5/swap,format=raw,if=none,id=swap,cache=unsafe,aio=io_uring -device virtio-blk-pci,iothread=io0,drive=swap,serial=1 -device virtio-serial,max_ports=2 -device virtconsole,chardev=virtiocon0 -chardev stdio,id=virtiocon0 -chardev socket,id=monitor,server=on,wait=off,path=/var/cache/obs/worker/root_5/root.qemu/monitor -mon chardev=monitor,mode=readline -smp 4
[   13s] ### VM INTERACTION END ###
[   13s] 2nd stage started in virtual machine
[   14s] machine type: riscv64
[   14s] Linux version: 6.1.12-1-default #1 SMP PREEMPT_DYNAMIC Wed Feb 15 05:31:41 UTC 2023 (373f017)
[   14s] Increasing log level from now on...
[   14s] [    5.577898][  T370] sysrq: Changing Loglevel
[   14s] [    5.578032][  T370] sysrq: Loglevel set to 4
[   14s] Enable sysrq operations
[   15s] Setting up swapspace version 1, size = 2 GiB (2147479552 bytes)
[   15s] no label, UUID=cd0ba84b-794a-494d-9096-cd61111c1b85
[   15s] swapon: /dev/vdb: found signature [pagesize=4096, signature=swap]
[   15s] swapon: /dev/vdb: pagesize=4096, swapsize=2147483648, devsize=2147483648
[   15s] swapon /dev/vdb
[   15s] WARNING: udev not running, creating extra device nodes
[   15s] logging output to //.build.log...
[   16s] processing recipe /.build-srcdir/python-python-crontab.spec ...
[   16s] init_buildsystem --configdir /.build/configs --cachedir /var/cache/build /.build-srcdir/python-python-crontab.spec build ...
[   16s] initializing rpm db...
[   17s] querying package ids...
[   49s] [1/239] preinstalled aaa_base-84.87+git20220822.6b9f7a3-1.1
[   49s] [2/239] preinstalled aaa_base-malloccheck-84.87+git20220822.6b9f7a3-1.1
[   49s] [3/239] preinstalled attr-2.5.1-1.1
[   49s] [4/239] preinstalled bash-5.2.15-8.1
[   49s] [5/239] preinstalled bash-sh-5.2.15-8.1
[   49s] [6/239] preinstalled binutils-2.39-3.1
[   49s] [7/239] preinstalled brp-check-suse-84.87+git20221115.2f7add6-1.1
[   49s] [8/239] preinstalled build-compare-20221206T204012.bb70754-1.2
[   49s] [9/239] preinstalled build-mkbaselibs-20230215-1.1
[   49s] [10/239] preinstalled bzip2-1.0.8-4.1
[   49s] [11/239] preinstalled chkstat-1599_20221220-1.2
[   49s] [12/239] preinstalled compat-usrmerge-build-84.87-5.1
[   49s] [13/239] preinstalled compat-usrmerge-tools-84.87-5.1
[   49s] [14/239] preinstalled coreutils-9.1-5.1
[   49s] [15/239] preinstalled cpio-2.13-5.1
[   49s] [16/239] preinstalled cpp-12-2.1
[   49s] [17/239] preinstalled cpp12-12.2.1+git749-4.1
[   49s] [18/239] preinstalled crypto-policies-20210917.c9d86d1-1.1
[   49s] [19/239] cumulate debianutils-5.4-1.1
[   49s] [20/239] preinstalled debugedit-5.0-5.1
[   49s] [21/239] preinstalled diffutils-3.9-1.1
[   49s] [22/239] preinstalled dwz-0.15-2.1
[   49s] [23/239] preinstalled elfutils-0.188-3.2
[   49s] [24/239] cumulate fdupes-2.2.1-1.1
[   49s] [25/239] preinstalled file-5.44-1.2
[   49s] [26/239] preinstalled file-magic-5.44-1.2
[   49s] [27/239] preinstalled filesystem-84.87-12.1
[   49s] [28/239] preinstalled fillup-1.42-279.1
[   49s] [29/239] preinstalled findutils-4.9.0-2.1
[   49s] [30/239] preinstalled gawk-5.2.1-2.1
[   49s] [31/239] preinstalled gcc-12-2.1
[   49s] [32/239] preinstalled gcc-PIE-12-2.1
[   49s] [33/239] preinstalled gcc12-12.2.1+git749-4.1
[   49s] [34/239] preinstalled gcc12-PIE-12.2.1+git749-4.1
[   49s] [35/239] preinstalled gettext-runtime-mini-0.21.1-1.1
[   49s] [36/239] preinstalled gettext-tools-mini-0.21.1-1.1
[   49s] [37/239] preinstalled glibc-2.37-1.1
[   49s] [38/239] preinstalled glibc-devel-2.37-1.1
[   49s] [39/239] preinstalled glibc-locale-base-2.37-1.1
[   49s] [40/239] preinstalled grep-3.8-3.1
[   49s] [41/239] preinstalled gzip-1.12-3.1
[   49s] [42/239] preinstalled kernel-obs-build-6.1.12-1.1
[   49s] [43/239] cumulate libX11-data-1.8.1-4.1
[   49s] [44/239] cumulate libXau6-1.0.11-1.1
[   49s] [45/239] preinstalled libacl1-2.3.1-2.1
[   49s] [46/239] cumulate libalternatives1-1.2+3.b848aad-3.1
[   49s] [47/239] preinstalled libasan8-13.0.1+git5428-6.1
[   49s] [48/239] preinstalled libasm1-0.188-3.2
[   49s] [49/239] preinstalled libatomic1-13.0.1+git5428-6.1
[   49s] [50/239] preinstalled libattr1-2.5.1-1.1
[   49s] [51/239] preinstalled libaudit1-3.0.6-4.1
[   49s] [52/239] preinstalled libblkid1-2.38.1-7.1
[   49s] [53/239] cumulate libbrotlicommon1-1.0.9-1.1
[   49s] [54/239] preinstalled libbz2-1-1.0.8-4.1
[   49s] [55/239] preinstalled libcap-ng0-0.8.3-1.1
[   49s] [56/239] preinstalled libcap2-2.67-1.1
[   49s] [57/239] cumulate libcom_err2-1.46.5-4.1
[   49s] [58/239] preinstalled libcrypt1-4.4.33-1.1
[   49s] [59/239] preinstalled libctf-nobfd0-2.39-3.1
[   49s] [60/239] preinstalled libctf0-2.39-3.1
[   49s] [61/239] preinstalled libdb-4_8-4.8.30-39.1
[   49s] [62/239] preinstalled libdw1-0.188-3.2
[   49s] [63/239] preinstalled libeconf0-0.5.1-1.1
[   49s] [64/239] preinstalled libelf1-0.188-3.2
[   49s] [65/239] preinstalled libexpat1-2.5.0-2.1
[   49s] [66/239] preinstalled libfdisk1-2.38.1-7.1
[   49s] [67/239] preinstalled libffi8-3.4.4-1.1
[   49s] [68/239] preinstalled libgcc_s1-13.0.1+git5428-6.1
[   49s] [69/239] preinstalled libgcrypt20-1.10.1-1.1
[   49s] [70/239] preinstalled libgdbm6-1.23-1.1
[   49s] [71/239] preinstalled libgdbm_compat4-1.23-1.1
[   49s] [72/239] preinstalled libgmp10-6.2.1-4.1
[   49s] [73/239] preinstalled libgomp1-13.0.1+git5428-6.1
[   49s] [74/239] preinstalled libgpg-error0-1.46-1.1
[   49s] [75/239] preinstalled libisl23-0.25-1.1
[   49s] [76/239] cumulate libkeyutils1-1.6.3-5.1
[   49s] [77/239] preinstalled liblua5_4-5-5.4.4-8.1
[   49s] [78/239] preinstalled liblzma5-5.4.1-1.1
[   49s] [79/239] preinstalled libmagic1-5.44-1.2
[   49s] [80/239] preinstalled libmount1-2.38.1-7.1
[   49s] [81/239] preinstalled libmpc3-1.3.1-1.2
[   50s] [82/239] preinstalled libmpdec3-2.5.1-2.1
[   50s] [83/239] preinstalled libmpfr6-4.2.0-1.1
[   50s] [84/239] preinstalled libncurses6-6.4.20230128-5.1
[   50s] [85/239] preinstalled libopenssl3-3.0.7-3.1
[   50s] [86/239] preinstalled libpcre2-8-0-10.42-3.2
[   50s] [87/239] preinstalled libpkgconf3-1.8.0-2.1
[   50s] [88/239] cumulate libpng16-16-1.6.39-2.1
[   50s] [89/239] preinstalled libpopt0-1.19-1.1
[   50s] [90/239] preinstalled libpython3_10-1_0-3.10.9-2.2
[   50s] [91/239] preinstalled libpython3_11-1_0-3.11.1-4.2
[   50s] [92/239] preinstalled libpython3_8-1_0-3.8.16-3.2
[   50s] [93/239] preinstalled libpython3_9-1_0-3.9.16-3.2
[   50s] [94/239] preinstalled libreadline8-8.2-2.1
[   50s] [95/239] preinstalled librpmbuild9-4.18.0-3.2
[   50s] [96/239] preinstalled libseccomp2-2.5.4-2.1
[   50s] [97/239] preinstalled libselinux1-3.4-2.1
[   50s] [98/239] preinstalled libsemanage-conf-3.4-1.1
[   50s] [99/239] preinstalled libsemanage2-3.4-1.1
[   50s] [100/239] preinstalled libsepol2-3.4-1.1
[   50s] [101/239] preinstalled libsmartcols1-2.38.1-7.1
[   50s] [102/239] cumulate libsqlite3-0-3.40.1-1.1
[   50s] [103/239] preinstalled libstdc++6-13.0.1+git5428-6.1
[   50s] [104/239] preinstalled libsubid4-4.13-3.1
[   50s] [105/239] preinstalled libubsan1-13.0.1+git5428-6.1
[   50s] [106/239] preinstalled libutempter0-1.2.0-3.2
[   50s] [107/239] preinstalled libuuid1-2.38.1-7.1
[   50s] [108/239] cumulate libverto1-0.3.2-1.1
[   50s] [109/239] preinstalled libxcrypt-devel-4.4.33-1.1
[   50s] [110/239] preinstalled libz1-1.2.13-2.1
[   50s] [111/239] preinstalled libzstd1-1.5.2-2.1
[   50s] [112/239] preinstalled linux-glibc-devel-6.1-1.1
[   50s] [113/239] preinstalled login_defs-4.13-3.1
[   50s] [114/239] preinstalled lua54-5.4.4-8.1
[   50s] [115/239] preinstalled make-4.4-2.1
[   50s] [116/239] preinstalled ncurses-utils-6.4.20230128-5.1
[   50s] [117/239] preinstalled pam-1.5.2-12.1
[   50s] [118/239] preinstalled patch-2.7.6-6.1
[   50s] [119/239] preinstalled perl-5.36.0-4.1
[   50s] [120/239] preinstalled perl-base-5.36.0-4.1
[   50s] [121/239] preinstalled permissions-1599_20221220-1.2
[   50s] [122/239] preinstalled permissions-config-1599_20221220-1.2
[   50s] [123/239] preinstalled pkgconf-1.8.0-2.1
[   50s] [124/239] preinstalled pkgconf-m4-1.8.0-2.1
[   50s] [125/239] preinstalled pkgconf-pkg-config-1.8.0-2.1
[   50s] [126/239] preinstalled polkit-default-privs-1550+20221102.9f111fa-1.1
[   50s] [127/239] preinstalled post-build-checks-84.87+git20230106.3a359c5-1.1
[   50s] [128/239] preinstalled python-rpm-macros-20230128.e704796-1.2
[   50s] [129/239] preinstalled python-rpm-packaging-20210526+a18ca48-1.2
[   50s] [130/239] cumulate python310-attrs-22.2.0-1.2
[   50s] [131/239] preinstalled python310-base-3.10.9-2.2
[   50s] [132/239] cumulate python310-cron-descriptor-1.2.32-1.2
[   50s] [133/239] cumulate python310-exceptiongroup-1.1.0-1.2
[   50s] [134/239] cumulate python310-iniconfig-1.1.1-3.2
[   50s] [135/239] preinstalled python310-packaging-23.0-1.1
[   50s] [136/239] cumulate python310-pluggy-1.0.0-1.5
[   50s] [137/239] preinstalled python310-setuptools-65.6.3-1.2
[   50s] [138/239] cumulate python310-six-1.16.0-2.5
[   50s] [139/239] cumulate python310-tomli-2.0.1-1.3
[   50s] [140/239] cumulate python310-zipp-3.8.1-1.2
[   50s] [141/239] cumulate python311-attrs-22.2.0-1.2
[   50s] [142/239] preinstalled python311-base-3.11.1-4.2
[   50s] [143/239] cumulate python311-cron-descriptor-1.2.32-1.2
[   50s] [144/239] cumulate python311-exceptiongroup-1.1.0-1.2
[   50s] [145/239] cumulate python311-iniconfig-1.1.1-3.2
[   50s] [146/239] cumulate python311-packaging-23.0-1.2
[   50s] [147/239] cumulate python311-pluggy-1.0.0-1.5
[   50s] [148/239] preinstalled python311-setuptools-65.6.3-1.2
[   50s] [149/239] cumulate python311-six-1.16.0-2.5
[   50s] [150/239] cumulate python311-tomli-2.0.1-1.3
[   50s] [151/239] cumulate python311-zipp-3.8.1-1.2
[   50s] [152/239] cumulate python38-attrs-22.2.0-1.2
[   50s] [153/239] preinstalled python38-base-3.8.16-3.2
[   50s] [154/239] cumulate python38-cron-descriptor-1.2.32-1.2
[   50s] [155/239] cumulate python38-exceptiongroup-1.1.0-1.2
[   50s] [156/239] cumulate python38-iniconfig-1.1.1-3.2
[   50s] [157/239] cumulate python38-packaging-23.0-1.2
[   50s] [158/239] cumulate python38-pluggy-1.0.0-1.5
[   50s] [159/239] preinstalled python38-setuptools-65.6.3-1.2
[   50s] [160/239] cumulate python38-six-1.16.0-2.5
[   50s] [161/239] cumulate python38-tomli-2.0.1-1.3
[   50s] [162/239] cumulate python38-zipp-3.8.1-1.2
[   50s] [163/239] cumulate python39-attrs-22.2.0-1.2
[   50s] [164/239] preinstalled python39-base-3.9.16-3.2
[   50s] [165/239] cumulate python39-cron-descriptor-1.2.32-1.2
[   50s] [166/239] cumulate python39-exceptiongroup-1.1.0-1.2
[   50s] [167/239] cumulate python39-iniconfig-1.1.1-3.2
[   50s] [168/239] cumulate python39-packaging-23.0-1.2
[   50s] [169/239] cumulate python39-pluggy-1.0.0-1.5
[   50s] [170/239] preinstalled python39-setuptools-65.6.3-1.2
[   50s] [171/239] cumulate python39-six-1.16.0-2.5
[   50s] [172/239] cumulate python39-tomli-2.0.1-1.3
[   50s] [173/239] cumulate python39-zipp-3.8.1-1.2
[   50s] [174/239] preinstalled qemu-linux-user-7.1.0-50.1
[   50s] [175/239] preinstalled rpm-4.18.0-3.2
[   50s] [176/239] preinstalled rpm-build-4.18.0-3.2
[   50s] [177/239] preinstalled rpm-build-perl-4.18.0-3.2
[   50s] [178/239] preinstalled rpm-config-SUSE-20220926-1.1
[   50s] [179/239] preinstalled rpmlint-mini-2.4.0+git20230214.1bab129-9.4
[   50s] [180/239] preinstalled rpmlint-strict-2.4.0+git20230214.1bab129-1.1
[   50s] [181/239] preinstalled sed-4.9-2.1
[   50s] [182/239] preinstalled shadow-4.13-3.1
[   50s] [183/239] preinstalled system-group-hardware-20170617-24.1
[   50s] [184/239] preinstalled system-user-root-20190513-2.1
[   50s] [185/239] preinstalled systemd-rpm-macros-19-1.1
[   50s] [186/239] preinstalled sysuser-shadow-3.1-5.1
[   50s] [187/239] preinstalled tar-1.34-9.1
[   50s] [188/239] cumulate tcl-8.6.13-4.1
[   50s] [189/239] preinstalled terminfo-base-6.4.20230128-5.1
[   50s] [190/239] preinstalled update-alternatives-1.21.8-1.1
[   50s] [191/239] preinstalled util-linux-2.38.1-7.1
[   50s] [192/239] preinstalled which-2.21-5.1
[   50s] [193/239] preinstalled xz-5.4.1-1.1
[   50s] [194/239] cumulate alts-1.2+3.b848aad-3.1
[   50s] [195/239] cumulate libbrotlidec1-1.0.9-1.1
[   50s] [196/239] cumulate libxcb1-1.15-2.1
[   50s] [197/239] cumulate python310-3.10.9-2.1
[   50s] [198/239] cumulate python310-importlib-metadata-6.0.0-1.2
[   50s] [199/239] cumulate python310-python-dateutil-2.8.2-1.5
[   50s] [200/239] cumulate python311-3.11.1-4.1
[   50s] [201/239] cumulate python311-importlib-metadata-6.0.0-1.2
[   50s] [202/239] cumulate python311-python-dateutil-2.8.2-1.5
[   50s] [203/239] cumulate python38-3.8.16-3.1
[   50s] [204/239] cumulate python38-importlib-metadata-6.0.0-1.2
[   50s] [205/239] cumulate python38-python-dateutil-2.8.2-1.5
[   50s] [206/239] cumulate python39-3.9.16-3.1
[   50s] [207/239] cumulate python39-importlib-metadata-6.0.0-1.2
[   50s] [208/239] cumulate python39-python-dateutil-2.8.2-1.5
[   50s] [209/239] cumulate krb5-mini-1.20.1-2.3
[   50s] [210/239] cumulate python310-croniter-1.3.7-2.2
[   50s] [211/239] cumulate python311-croniter-1.3.7-2.2
[   50s] [212/239] cumulate python38-croniter-1.3.7-2.2
[   50s] [213/239] cumulate python39-croniter-1.3.7-2.2
[   50s] [214/239] cumulate libX11-6-1.8.1-4.1
[   50s] [215/239] cumulate libfreetype6-2.12.1-4.1
[   50s] [216/239] cumulate mailx-12.5-35.2
[   50s] [217/239] cumulate python310-pytest-7.2.0-2.2
[   50s] [218/239] cumulate python311-pytest-7.2.0-2.2
[   50s] [219/239] cumulate python38-pytest-7.2.0-2.2
[   50s] [220/239] cumulate python39-pytest-7.2.0-2.2
[   50s] [221/239] cumulate libXext6-1.3.5-1.1
[   50s] [222/239] cumulate libXmuu1-1.1.4-1.1
[   50s] [223/239] cumulate libXrender1-0.9.11-1.1
[   50s] [224/239] cumulate libXss1-1.2.4-1.1
[   50s] [225/239] cumulate xhost-1.0.9-1.1
[   50s] [226/239] cumulate libfontconfig1-2.14.2-1.1
[   50s] [227/239] cumulate cronie-1.6.1-91.2
[   50s] [228/239] cumulate cron-4.2-91.2
[   50s] [229/239] cumulate fontconfig-2.14.2-1.1
[   50s] [230/239] cumulate libXft2-2.3.7-1.1
[   50s] [231/239] cumulate tk-8.6.13-1.1
[   50s] [232/239] cumulate python310-tk-3.10.9-2.1
[   50s] [233/239] cumulate python311-tk-3.11.1-4.1
[   50s] [234/239] cumulate python38-tk-3.8.16-3.1
[   50s] [235/239] cumulate python39-tk-3.9.16-3.1
[   50s] [236/239] cumulate python310-testsuite-3.10.9-2.2
[   50s] [237/239] cumulate python311-testsuite-3.11.1-4.2
[   50s] [238/239] cumulate python38-testsuite-3.8.16-3.2
[   50s] [239/239] cumulate python39-testsuite-3.9.16-3.2
[   50s] now installing cumulated packages
[   52s] Preparing...                          ########################################
[   52s] Updating / installing...
[   53s] tcl-8.6.13-4.1                        ########################################
[   54s] libsqlite3-0-3.40.1-1.1               ########################################
[   54s] python310-3.10.9-2.1                  ########################################
[   54s] python311-3.11.1-4.1                  ########################################
[   54s] python38-3.8.16-3.1                   ########################################
[   54s] python39-3.9.16-3.1                   ########################################
[   54s] python39-zipp-3.8.1-1.2               ########################################
[   54s] python39-importlib-metadata-6.0.0-1.2 ########################################
[   54s] python39-tomli-2.0.1-1.3              ########################################
[   54s] python39-six-1.16.0-2.5               ########################################
[   54s] python39-python-dateutil-2.8.2-1.5    ########################################
[   54s] python39-pluggy-1.0.0-1.5             ########################################
[   54s] python39-packaging-23.0-1.2           ########################################
[   54s] python39-iniconfig-1.1.1-3.2          ########################################
[   55s] python39-exceptiongroup-1.1.0-1.2     ########################################
[   55s] python39-attrs-22.2.0-1.2             ########################################
[   55s] python38-zipp-3.8.1-1.2               ########################################
[   55s] python38-importlib-metadata-6.0.0-1.2 ########################################
[   55s] python38-tomli-2.0.1-1.3              ########################################
[   55s] python38-six-1.16.0-2.5               ########################################
[   55s] python38-python-dateutil-2.8.2-1.5    ########################################
[   55s] python38-pluggy-1.0.0-1.5             ########################################
[   55s] python38-packaging-23.0-1.2           ########################################
[   55s] python38-iniconfig-1.1.1-3.2          ########################################
[   55s] python38-exceptiongroup-1.1.0-1.2     ########################################
[   55s] python38-attrs-22.2.0-1.2             ########################################
[   55s] python311-zipp-3.8.1-1.2              ########################################
[   56s] python311-importlib-metadata-6.0.0-1.2########################################
[   56s] python311-tomli-2.0.1-1.3             ########################################
[   56s] python311-six-1.16.0-2.5              ########################################
[   56s] python311-python-dateutil-2.8.2-1.5   ########################################
[   56s] python311-pluggy-1.0.0-1.5            ########################################
[   56s] python311-packaging-23.0-1.2          ########################################
[   56s] python311-iniconfig-1.1.1-3.2         ########################################
[   56s] python311-exceptiongroup-1.1.0-1.2    ########################################
[   56s] python311-attrs-22.2.0-1.2            ########################################
[   56s] python310-zipp-3.8.1-1.2              ########################################
[   56s] python310-importlib-metadata-6.0.0-1.2########################################
[   56s] python310-tomli-2.0.1-1.3             ########################################
[   57s] python310-six-1.16.0-2.5              ########################################
[   57s] python310-python-dateutil-2.8.2-1.5   ########################################
[   57s] python310-pluggy-1.0.0-1.5            ########################################
[   57s] python310-iniconfig-1.1.1-3.2         ########################################
[   57s] python310-exceptiongroup-1.1.0-1.2    ########################################
[   57s] python310-attrs-22.2.0-1.2            ########################################
[   57s] libverto1-0.3.2-1.1                   ########################################
[   57s] libpng16-16-1.6.39-2.1                ########################################
[   57s] libkeyutils1-1.6.3-5.1                ########################################
[   57s] libcom_err2-1.46.5-4.1                ########################################
[   59s] krb5-mini-1.20.1-2.3                  ########################################
[   59s] Updating /etc/sysconfig/kadmind ...
[   59s] Updating /etc/sysconfig/krb5kdc ...
[   59s] libbrotlicommon1-1.0.9-1.1            ########################################
[   59s] libbrotlidec1-1.0.9-1.1               ########################################
[   60s] libfreetype6-2.12.1-4.1               ########################################
[   60s] libfontconfig1-2.14.2-1.1             ########################################
[   60s] fontconfig-2.14.2-1.1                 ########################################
[   60s] libalternatives1-1.2+3.b848aad-3.1    ########################################
[   60s] alts-1.2+3.b848aad-3.1                ########################################
[   61s] mailx-12.5-35.2                       ########################################
[   61s] libXau6-1.0.11-1.1                    ########################################
[   61s] libxcb1-1.15-2.1                      ########################################
[   61s] libX11-data-1.8.1-4.1                 ########################################
[   61s] libX11-6-1.8.1-4.1                    ########################################
[   61s] libXext6-1.3.5-1.1                    ########################################
[   62s] libXss1-1.2.4-1.1                     ########################################
[   62s] libXmuu1-1.1.4-1.1                    ########################################
[   62s] xhost-1.0.9-1.1                       ########################################
[   62s] libXrender1-0.9.11-1.1                ########################################
[   62s] libXft2-2.3.7-1.1                     ########################################
[   63s] tk-8.6.13-1.1                         ########################################
[   64s] python310-tk-3.10.9-2.1               ########################################
[   64s] python311-tk-3.11.1-4.1               ########################################
[   64s] python38-tk-3.8.16-3.1                ########################################
[   64s] python39-tk-3.9.16-3.1                ########################################
[   64s] debianutils-5.4-1.1                   ########################################
[   64s] cron-4.2-91.2                         ########################################
[   65s] /etc/cron.d/: no configuration entry in active permission profiles found. Cannot check this path.
[   65s] /etc/cron.daily/: no configuration entry in active permission profiles found. Cannot check this path.
[   65s] /etc/cron.hourly/: no configuration entry in active permission profiles found. Cannot check this path.
[   65s] /etc/cron.monthly/: no configuration entry in active permission profiles found. Cannot check this path.
[   65s] /etc/cron.weekly/: no configuration entry in active permission profiles found. Cannot check this path.
[   65s] cronie-1.6.1-91.2                     ########################################
[   66s] Updating /etc/sysconfig/cron ...
[   76s] python39-testsuite-3.9.16-3.2         ########################################
[   85s] python38-testsuite-3.8.16-3.2         ########################################
[   97s] python311-testsuite-3.11.1-4.2        ########################################
[  110s] python310-testsuite-3.10.9-2.2        ########################################
[  112s] python310-pytest-7.2.0-2.2            ########################################
[  113s] python311-pytest-7.2.0-2.2            ########################################
[  114s] python38-pytest-7.2.0-2.2             ########################################
[  115s] python39-pytest-7.2.0-2.2             ########################################
[  115s] python310-croniter-1.3.7-2.2          ########################################
[  115s] python311-croniter-1.3.7-2.2          ########################################
[  115s] python38-croniter-1.3.7-2.2           ########################################
[  115s] python39-croniter-1.3.7-2.2           ########################################
[  115s] python39-cron-descriptor-1.2.32-1.2   ########################################
[  115s] python38-cron-descriptor-1.2.32-1.2   ########################################
[  115s] python311-cron-descriptor-1.2.32-1.2  ########################################
[  115s] python310-cron-descriptor-1.2.32-1.2  ########################################
[  115s] fdupes-2.2.1-1.1                      ########################################
[  121s] now finalizing build dir...
[  121s] ... running 01-add_abuild_user_to_trusted_group
[  121s] ... running 02-set_timezone_to_utc
[  122s] ... running 03-set-permissions-secure
[  122s] ... running 11-hack_uname_version_to_kernel_version
[  133s] -----------------------------------------------------------------
[  133s] I have the following modifications for python-python-crontab.spec:
[  133s] 23c23
[  133s] < Release:        0
[  133s] ---
[  133s] > Release:        1.2
[  141s] build target is riscv64-suse-linux
[  141s] -----------------------------------------------------------------
[  141s] ----- building python-python-crontab.spec (user abuild)
[  141s] -----------------------------------------------------------------
[  141s] -----------------------------------------------------------------
[  145s] + exec rpmbuild -ba --define '_srcdefattr (-,root,root)' --nosignature --target=riscv64-suse-linux --define '_build_create_debug 1' --define 'disturl obs://build.opensuse.org/openSUSE:Factory:RISCV/standard/4129573fefc64e7d522076bbd2a2dd8a-python-python-crontab' /home/abuild/rpmbuild/SOURCES/python-python-crontab.spec
[  177s] Building target platforms: riscv64-suse-linux
[  177s] Building for target riscv64-suse-linux
[  177s] setting SOURCE_DATE_EPOCH=1665014400
[  178s] Executing(%prep): /usr/bin/bash -e /var/tmp/rpm-tmp.a6siIB
[  178s] + umask 022
[  178s] + cd /home/abuild/rpmbuild/BUILD
[  178s] + cd /home/abuild/rpmbuild/BUILD
[  178s] + rm -rf python-crontab-2.6.0
[  178s] + /usr/lib/rpm/rpmuncompress -x /home/abuild/rpmbuild/SOURCES/python-crontab-2.6.0.tar.gz
[  178s] + STATUS=0
[  178s] + '[' 0 -ne 0 ']'
[  178s] + cd python-crontab-2.6.0
[  178s] + /usr/bin/chmod -Rf a+rX,u+w,g-w,o-w .
[  179s] + RPM_EC=0
[  179s] ++ jobs -p
[  179s] + exit 0
[  179s] Executing(%build): /usr/bin/bash -e /var/tmp/rpm-tmp.gAepe6
[  179s] + umask 022
[  179s] + cd /home/abuild/rpmbuild/BUILD
[  179s] + /usr/bin/rm -rf /home/abuild/rpmbuild/BUILDROOT/python-python-crontab-2.6.0-1.2.riscv64
[  179s] ++ dirname /home/abuild/rpmbuild/BUILDROOT/python-python-crontab-2.6.0-1.2.riscv64
[  179s] + /usr/bin/mkdir -p /home/abuild/rpmbuild/BUILDROOT
[  179s] + /usr/bin/mkdir /home/abuild/rpmbuild/BUILDROOT/python-python-crontab-2.6.0-1.2.riscv64
[  179s] + cd python-crontab-2.6.0
[  179s] + ref=/usr/lib/rpm
[  179s] + mints=0
[  179s] + case $(uname -m) in
[  179s] ++ uname -m
[  179s] + mints=20160911
[  179s] + for s in guess sub
[  179s] ++ find -maxdepth 8 -name config.guess
[  179s] + for s in guess sub
[  179s] ++ find -maxdepth 8 -name config.sub
[  179s] ++ '[' -f _current_flavor ']'
[  179s] ++ true
[  179s] + last_flavor=
[  179s] + '[' -z '' ']'
[  179s] + last_flavor=tmp
[  179s] + '[' tmp '!=' python38 ']'
[  179s] + '[' -d build ']'
[  179s] + '[' -d _build.python38 ']'
[  179s] + echo python38
[  179s] + python_flavor=python38
[  179s] + /usr/bin/python3.8 setup.py build '--executable=/usr/bin/python3.8 -s'
[  185s] running build
[  185s] running build_py
[  185s] creating build
[  185s] creating build/lib
[  185s] copying crontab.py -> build/lib
[  185s] copying crontabs.py -> build/lib
[  185s] copying cronlog.py -> build/lib
[  185s] /usr/lib/python3.8/site-packages/setuptools/_distutils/dist.py:265: UserWarning: Unknown distribution option: 'release'
[  185s]   warnings.warn(msg)
[  186s] ++ '[' -f _current_flavor ']'
[  186s] ++ cat _current_flavor
[  186s] + last_flavor=python38
[  186s] + '[' -z python38 ']'
[  186s] + '[' python38 '!=' python39 ']'
[  186s] + '[' -d build ']'
[  186s] + mv build _build.python38
[  186s] + '[' -d _build.python39 ']'
[  186s] + echo python39
[  186s] + python_flavor=python39
[  186s] + /usr/bin/python3.9 setup.py build '--executable=/usr/bin/python3.9 -s'
[  191s] /usr/lib/python3.9/site-packages/setuptools/_distutils/dist.py:265: UserWarning: Unknown distribution option: 'release'
[  191s]   warnings.warn(msg)
[  191s] running build
[  191s] running build_py
[  191s] creating build
[  191s] creating build/lib
[  191s] copying crontab.py -> build/lib
[  191s] copying crontabs.py -> build/lib
[  191s] copying cronlog.py -> build/lib
[  191s] ++ '[' -f _current_flavor ']'
[  191s] ++ cat _current_flavor
[  191s] + last_flavor=python39
[  191s] + '[' -z python39 ']'
[  191s] + '[' python39 '!=' python311 ']'
[  191s] + '[' -d build ']'
[  191s] + mv build _build.python39
[  191s] + '[' -d _build.python311 ']'
[  191s] + echo python311
[  191s] + python_flavor=python311
[  191s] + /usr/bin/python3.11 setup.py build '--executable=/usr/bin/python3.11 -s'
[  196s] /usr/lib/python3.11/site-packages/setuptools/_distutils/dist.py:265: UserWarning: Unknown distribution option: 'release'
[  196s]   warnings.warn(msg)
[  196s] running build
[  196s] running build_py
[  197s] creating build
[  197s] creating build/lib
[  197s] copying crontab.py -> build/lib
[  197s] copying crontabs.py -> build/lib
[  197s] copying cronlog.py -> build/lib
[  197s] ++ '[' -f _current_flavor ']'
[  197s] ++ cat _current_flavor
[  197s] + last_flavor=python311
[  197s] + '[' -z python311 ']'
[  197s] + '[' python311 '!=' python310 ']'
[  197s] + '[' -d build ']'
[  197s] + mv build _build.python311
[  197s] + '[' -d _build.python310 ']'
[  197s] + echo python310
[  197s] + python_flavor=python310
[  197s] + /usr/bin/python3.10 setup.py build '--executable=/usr/bin/python3.10 -s'
[  203s] /usr/lib/python3.10/site-packages/setuptools/_distutils/dist.py:265: UserWarning: Unknown distribution option: 'release'
[  203s]   warnings.warn(msg)
[  204s] running build
[  204s] running build_py
[  204s] creating build
[  204s] creating build/lib
[  204s] copying crontab.py -> build/lib
[  204s] copying crontabs.py -> build/lib
[  204s] copying cronlog.py -> build/lib
[  204s] + RPM_EC=0
[  204s] ++ jobs -p
[  204s] + exit 0
[  204s] Executing(%install): /usr/bin/bash -e /var/tmp/rpm-tmp.iyrk6k
[  204s] + umask 022
[  204s] + cd /home/abuild/rpmbuild/BUILD
[  204s] + /usr/bin/rm -rf /home/abuild/rpmbuild/BUILDROOT/python-python-crontab-2.6.0-1.2.riscv64
[  205s] + /usr/bin/mkdir -p /home/abuild/rpmbuild/BUILDROOT
[  205s] + /usr/bin/mkdir /home/abuild/rpmbuild/BUILDROOT/python-python-crontab-2.6.0-1.2.riscv64
[  205s] + cd python-crontab-2.6.0
[  205s] ++ '[' -f _current_flavor ']'
[  205s] ++ cat _current_flavor
[  205s] + last_flavor=python310
[  205s] + '[' -z python310 ']'
[  205s] + '[' python310 '!=' python38 ']'
[  205s] + '[' -d build ']'
[  205s] + mv build _build.python310
[  205s] + '[' -d _build.python38 ']'
[  205s] + mv _build.python38 build
[  205s] + echo python38
[  205s] + python_flavor=python38
[  205s] + /usr/bin/python3.8 setup.py install -O1 --skip-build --force --root /home/abuild/rpmbuild/BUILDROOT/python-python-crontab-2.6.0-1.2.riscv64 --prefix /usr
[  210s] running install
[  210s] running install_lib
[  211s] creating /home/abuild/rpmbuild/BUILDROOT/python-python-crontab-2.6.0-1.2.riscv64/usr
[  211s] creating /home/abuild/rpmbuild/BUILDROOT/python-python-crontab-2.6.0-1.2.riscv64/usr/lib
[  211s] creating /home/abuild/rpmbuild/BUILDROOT/python-python-crontab-2.6.0-1.2.riscv64/usr/lib/python3.8
[  211s] creating /home/abuild/rpmbuild/BUILDROOT/python-python-crontab-2.6.0-1.2.riscv64/usr/lib/python3.8/site-packages
[  211s] copying build/lib/crontab.py -> /home/abuild/rpmbuild/BUILDROOT/python-python-crontab-2.6.0-1.2.riscv64/usr/lib/python3.8/site-packages
[  211s] copying build/lib/crontabs.py -> /home/abuild/rpmbuild/BUILDROOT/python-python-crontab-2.6.0-1.2.riscv64/usr/lib/python3.8/site-packages
[  211s] copying build/lib/cronlog.py -> /home/abuild/rpmbuild/BUILDROOT/python-python-crontab-2.6.0-1.2.riscv64/usr/lib/python3.8/site-packages
[  211s] byte-compiling /home/abuild/rpmbuild/BUILDROOT/python-python-crontab-2.6.0-1.2.riscv64/usr/lib/python3.8/site-packages/crontab.py to crontab.cpython-38.pyc
[  211s] byte-compiling /home/abuild/rpmbuild/BUILDROOT/python-python-crontab-2.6.0-1.2.riscv64/usr/lib/python3.8/site-packages/crontabs.py to crontabs.cpython-38.pyc
[  211s] byte-compiling /home/abuild/rpmbuild/BUILDROOT/python-python-crontab-2.6.0-1.2.riscv64/usr/lib/python3.8/site-packages/cronlog.py to cronlog.cpython-38.pyc
[  211s] writing byte-compilation script '/tmp/tmpzr35zrmo.py'
[  211s] /usr/bin/python3.8 /tmp/tmpzr35zrmo.py
[  216s] removing /tmp/tmpzr35zrmo.py
[  216s] running install_egg_info
[  217s] running egg_info
[  217s] writing python_crontab.egg-info/PKG-INFO
[  217s] writing dependency_links to python_crontab.egg-info/dependency_links.txt
[  217s] writing requirements to python_crontab.egg-info/requires.txt
[  217s] writing top-level names to python_crontab.egg-info/top_level.txt
[  217s] reading manifest file 'python_crontab.egg-info/SOURCES.txt'
[  217s] reading manifest template 'MANIFEST.in'
[  217s] adding license file 'COPYING'
[  217s] adding license file 'AUTHORS'
[  217s] writing manifest file 'python_crontab.egg-info/SOURCES.txt'
[  217s] Copying python_crontab.egg-info to /home/abuild/rpmbuild/BUILDROOT/python-python-crontab-2.6.0-1.2.riscv64/usr/lib/python3.8/site-packages/python_crontab-2.6.0-py3.8.egg-info
[  217s] running install_scripts
[  217s] /usr/lib/python3.8/site-packages/setuptools/_distutils/dist.py:265: UserWarning: Unknown distribution option: 'release'
[  217s]   warnings.warn(msg)
[  217s] /usr/lib/python3.8/site-packages/setuptools/command/install.py:34: SetuptoolsDeprecationWarning: setup.py install is deprecated. Use build and pip and other standards-based tools.
[  217s]   warnings.warn(
[  218s] ++ '[' -f _current_flavor ']'
[  218s] ++ cat _current_flavor
[  218s] + last_flavor=python38
[  218s] + '[' -z python38 ']'
[  218s] + '[' python38 '!=' python39 ']'
[  218s] + '[' -d build ']'
[  218s] + mv build _build.python38
[  218s] + '[' -d _build.python39 ']'
[  218s] + mv _build.python39 build
[  218s] + echo python39
[  218s] + python_flavor=python39
[  218s] + /usr/bin/python3.9 setup.py install -O1 --skip-build --force --root /home/abuild/rpmbuild/BUILDROOT/python-python-crontab-2.6.0-1.2.riscv64 --prefix /usr
[  223s] /usr/lib/python3.9/site-packages/setuptools/_distutils/dist.py:265: UserWarning: Unknown distribution option: 'release'
[  223s]   warnings.warn(msg)
[  223s] running install
[  223s] /usr/lib/python3.9/site-packages/setuptools/command/install.py:34: SetuptoolsDeprecationWarning: setup.py install is deprecated. Use build and pip and other standards-based tools.
[  223s]   warnings.warn(
[  223s] running install_lib
[  223s] creating /home/abuild/rpmbuild/BUILDROOT/python-python-crontab-2.6.0-1.2.riscv64/usr/lib/python3.9
[  223s] creating /home/abuild/rpmbuild/BUILDROOT/python-python-crontab-2.6.0-1.2.riscv64/usr/lib/python3.9/site-packages
[  223s] copying build/lib/crontab.py -> /home/abuild/rpmbuild/BUILDROOT/python-python-crontab-2.6.0-1.2.riscv64/usr/lib/python3.9/site-packages
[  223s] copying build/lib/crontabs.py -> /home/abuild/rpmbuild/BUILDROOT/python-python-crontab-2.6.0-1.2.riscv64/usr/lib/python3.9/site-packages
[  223s] copying build/lib/cronlog.py -> /home/abuild/rpmbuild/BUILDROOT/python-python-crontab-2.6.0-1.2.riscv64/usr/lib/python3.9/site-packages
[  223s] byte-compiling /home/abuild/rpmbuild/BUILDROOT/python-python-crontab-2.6.0-1.2.riscv64/usr/lib/python3.9/site-packages/crontab.py to crontab.cpython-39.pyc
[  223s] byte-compiling /home/abuild/rpmbuild/BUILDROOT/python-python-crontab-2.6.0-1.2.riscv64/usr/lib/python3.9/site-packages/crontabs.py to crontabs.cpython-39.pyc
[  223s] byte-compiling /home/abuild/rpmbuild/BUILDROOT/python-python-crontab-2.6.0-1.2.riscv64/usr/lib/python3.9/site-packages/cronlog.py to cronlog.cpython-39.pyc
[  223s] writing byte-compilation script '/tmp/tmpblf5u568.py'
[  223s] /usr/bin/python3.9 /tmp/tmpblf5u568.py
[  229s] removing /tmp/tmpblf5u568.py
[  229s] running install_egg_info
[  229s] running egg_info
[  229s] writing python_crontab.egg-info/PKG-INFO
[  229s] writing dependency_links to python_crontab.egg-info/dependency_links.txt
[  229s] writing requirements to python_crontab.egg-info/requires.txt
[  229s] writing top-level names to python_crontab.egg-info/top_level.txt
[  229s] reading manifest file 'python_crontab.egg-info/SOURCES.txt'
[  229s] reading manifest template 'MANIFEST.in'
[  229s] adding license file 'COPYING'
[  229s] adding license file 'AUTHORS'
[  229s] writing manifest file 'python_crontab.egg-info/SOURCES.txt'
[  229s] Copying python_crontab.egg-info to /home/abuild/rpmbuild/BUILDROOT/python-python-crontab-2.6.0-1.2.riscv64/usr/lib/python3.9/site-packages/python_crontab-2.6.0-py3.9.egg-info
[  229s] running install_scripts
[  230s] ++ '[' -f _current_flavor ']'
[  230s] ++ cat _current_flavor
[  230s] + last_flavor=python39
[  230s] + '[' -z python39 ']'
[  230s] + '[' python39 '!=' python311 ']'
[  230s] + '[' -d build ']'
[  230s] + mv build _build.python39
[  230s] + '[' -d _build.python311 ']'
[  230s] + mv _build.python311 build
[  230s] + echo python311
[  230s] + python_flavor=python311
[  230s] + /usr/bin/python3.11 setup.py install -O1 --skip-build --force --root /home/abuild/rpmbuild/BUILDROOT/python-python-crontab-2.6.0-1.2.riscv64 --prefix /usr
[  235s] /usr/lib/python3.11/site-packages/setuptools/_distutils/dist.py:265: UserWarning: Unknown distribution option: 'release'
[  235s]   warnings.warn(msg)
[  235s] running install
[  235s] /usr/lib/python3.11/site-packages/setuptools/command/install.py:34: SetuptoolsDeprecationWarning: setup.py install is deprecated. Use build and pip and other standards-based tools.
[  235s]   warnings.warn(
[  235s] running install_lib
[  235s] creating /home/abuild/rpmbuild/BUILDROOT/python-python-crontab-2.6.0-1.2.riscv64/usr/lib/python3.11
[  235s] creating /home/abuild/rpmbuild/BUILDROOT/python-python-crontab-2.6.0-1.2.riscv64/usr/lib/python3.11/site-packages
[  235s] copying build/lib/crontab.py -> /home/abuild/rpmbuild/BUILDROOT/python-python-crontab-2.6.0-1.2.riscv64/usr/lib/python3.11/site-packages
[  235s] copying build/lib/crontabs.py -> /home/abuild/rpmbuild/BUILDROOT/python-python-crontab-2.6.0-1.2.riscv64/usr/lib/python3.11/site-packages
[  235s] copying build/lib/cronlog.py -> /home/abuild/rpmbuild/BUILDROOT/python-python-crontab-2.6.0-1.2.riscv64/usr/lib/python3.11/site-packages
[  235s] byte-compiling /home/abuild/rpmbuild/BUILDROOT/python-python-crontab-2.6.0-1.2.riscv64/usr/lib/python3.11/site-packages/crontab.py to crontab.cpython-311.pyc
[  235s] byte-compiling /home/abuild/rpmbuild/BUILDROOT/python-python-crontab-2.6.0-1.2.riscv64/usr/lib/python3.11/site-packages/crontabs.py to crontabs.cpython-311.pyc
[  235s] byte-compiling /home/abuild/rpmbuild/BUILDROOT/python-python-crontab-2.6.0-1.2.riscv64/usr/lib/python3.11/site-packages/cronlog.py to cronlog.cpython-311.pyc
[  236s] writing byte-compilation script '/tmp/tmpl4zz1sol.py'
[  236s] /usr/bin/python3.11 /tmp/tmpl4zz1sol.py
[  240s] removing /tmp/tmpl4zz1sol.py
[  240s] running install_egg_info
[  241s] running egg_info
[  241s] writing python_crontab.egg-info/PKG-INFO
[  241s] writing dependency_links to python_crontab.egg-info/dependency_links.txt
[  241s] writing requirements to python_crontab.egg-info/requires.txt
[  241s] writing top-level names to python_crontab.egg-info/top_level.txt
[  241s] reading manifest file 'python_crontab.egg-info/SOURCES.txt'
[  241s] reading manifest template 'MANIFEST.in'
[  241s] adding license file 'COPYING'
[  241s] adding license file 'AUTHORS'
[  241s] writing manifest file 'python_crontab.egg-info/SOURCES.txt'
[  241s] Copying python_crontab.egg-info to /home/abuild/rpmbuild/BUILDROOT/python-python-crontab-2.6.0-1.2.riscv64/usr/lib/python3.11/site-packages/python_crontab-2.6.0-py3.11.egg-info
[  241s] running install_scripts
[  242s] ++ '[' -f _current_flavor ']'
[  242s] ++ cat _current_flavor
[  242s] + last_flavor=python311
[  242s] + '[' -z python311 ']'
[  242s] + '[' python311 '!=' python310 ']'
[  242s] + '[' -d build ']'
[  242s] + mv build _build.python311
[  242s] + '[' -d _build.python310 ']'
[  242s] + mv _build.python310 build
[  242s] + echo python310
[  242s] + python_flavor=python310
[  242s] + /usr/bin/python3.10 setup.py install -O1 --skip-build --force --root /home/abuild/rpmbuild/BUILDROOT/python-python-crontab-2.6.0-1.2.riscv64 --prefix /usr
[  247s] /usr/lib/python3.10/site-packages/setuptools/_distutils/dist.py:265: UserWarning: Unknown distribution option: 'release'
[  247s]   warnings.warn(msg)
[  247s] running install
[  247s] /usr/lib/python3.10/site-packages/setuptools/command/install.py:34: SetuptoolsDeprecationWarning: setup.py install is deprecated. Use build and pip and other standards-based tools.
[  247s]   warnings.warn(
[  248s] running install_lib
[  248s] creating /home/abuild/rpmbuild/BUILDROOT/python-python-crontab-2.6.0-1.2.riscv64/usr/lib/python3.10
[  248s] creating /home/abuild/rpmbuild/BUILDROOT/python-python-crontab-2.6.0-1.2.riscv64/usr/lib/python3.10/site-packages
[  248s] copying build/lib/crontab.py -> /home/abuild/rpmbuild/BUILDROOT/python-python-crontab-2.6.0-1.2.riscv64/usr/lib/python3.10/site-packages
[  248s] copying build/lib/crontabs.py -> /home/abuild/rpmbuild/BUILDROOT/python-python-crontab-2.6.0-1.2.riscv64/usr/lib/python3.10/site-packages
[  248s] copying build/lib/cronlog.py -> /home/abuild/rpmbuild/BUILDROOT/python-python-crontab-2.6.0-1.2.riscv64/usr/lib/python3.10/site-packages
[  248s] byte-compiling /home/abuild/rpmbuild/BUILDROOT/python-python-crontab-2.6.0-1.2.riscv64/usr/lib/python3.10/site-packages/crontab.py to crontab.cpython-310.pyc
[  248s] byte-compiling /home/abuild/rpmbuild/BUILDROOT/python-python-crontab-2.6.0-1.2.riscv64/usr/lib/python3.10/site-packages/crontabs.py to crontabs.cpython-310.pyc
[  248s] byte-compiling /home/abuild/rpmbuild/BUILDROOT/python-python-crontab-2.6.0-1.2.riscv64/usr/lib/python3.10/site-packages/cronlog.py to cronlog.cpython-310.pyc
[  248s] writing byte-compilation script '/tmp/tmphrbsy_n0.py'
[  248s] /usr/bin/python3.10 /tmp/tmphrbsy_n0.py
[  254s] removing /tmp/tmphrbsy_n0.py
[  254s] running install_egg_info
[  254s] running egg_info
[  254s] writing python_crontab.egg-info/PKG-INFO
[  254s] writing dependency_links to python_crontab.egg-info/dependency_links.txt
[  254s] writing requirements to python_crontab.egg-info/requires.txt
[  254s] writing top-level names to python_crontab.egg-info/top_level.txt
[  254s] reading manifest file 'python_crontab.egg-info/SOURCES.txt'
[  254s] reading manifest template 'MANIFEST.in'
[  255s] adding license file 'COPYING'
[  255s] adding license file 'AUTHORS'
[  255s] writing manifest file 'python_crontab.egg-info/SOURCES.txt'
[  255s] Copying python_crontab.egg-info to /home/abuild/rpmbuild/BUILDROOT/python-python-crontab-2.6.0-1.2.riscv64/usr/lib/python3.10/site-packages/python_crontab-2.6.0-py3.10.egg-info
[  255s] running install_scripts
[  255s] ++ '[' -f _current_flavor ']'
[  255s] ++ cat _current_flavor
[  256s] + last_flavor=python310
[  256s] + '[' -z python310 ']'
[  256s] + '[' python310 '!=' python38 ']'
[  256s] + '[' -d build ']'
[  256s] + mv build _build.python310
[  256s] + '[' -d _build.python38 ']'
[  256s] + mv _build.python38 build
[  256s] + echo python38
[  256s] + python_flavor=python38
[  256s] + /usr/lib/rpm/fdupes_wrapper /home/abuild/rpmbuild/BUILDROOT/python-python-crontab-2.6.0-1.2.riscv64/usr/lib/python3.8/site-packages
[  256s] ++ '[' -f _current_flavor ']'
[  256s] ++ cat _current_flavor
[  256s] + last_flavor=python38
[  256s] + '[' -z python38 ']'
[  256s] + '[' python38 '!=' python39 ']'
[  256s] + '[' -d build ']'
[  256s] + mv build _build.python38
[  256s] + '[' -d _build.python39 ']'
[  256s] + mv _build.python39 build
[  256s] + echo python39
[  256s] + python_flavor=python39
[  256s] + /usr/lib/rpm/fdupes_wrapper /home/abuild/rpmbuild/BUILDROOT/python-python-crontab-2.6.0-1.2.riscv64/usr/lib/python3.9/site-packages
[  256s] ++ '[' -f _current_flavor ']'
[  256s] ++ cat _current_flavor
[  256s] + last_flavor=python39
[  256s] + '[' -z python39 ']'
[  256s] + '[' python39 '!=' python311 ']'
[  256s] + '[' -d build ']'
[  256s] + mv build _build.python39
[  256s] + '[' -d _build.python311 ']'
[  256s] + mv _build.python311 build
[  256s] + echo python311
[  256s] + python_flavor=python311
[  256s] + /usr/lib/rpm/fdupes_wrapper /home/abuild/rpmbuild/BUILDROOT/python-python-crontab-2.6.0-1.2.riscv64/usr/lib/python3.11/site-packages
[  257s] Linking /home/abuild/rpmbuild/BUILDROOT/python-python-crontab-2.6.0-1.2.riscv64/usr/lib/python3.11/site-packages/__pycache__/cronlog.cpython-311.opt-1.pyc -> /home/abuild/rpmbuild/BUILDROOT/python-python-crontab-2.6.0-1.2.riscv64/usr/lib/python3.11/site-packages/__pycache__/cronlog.cpython-311.pyc
[  257s] Linking /home/abuild/rpmbuild/BUILDROOT/python-python-crontab-2.6.0-1.2.riscv64/usr/lib/python3.11/site-packages/__pycache__/crontab.cpython-311.opt-1.pyc -> /home/abuild/rpmbuild/BUILDROOT/python-python-crontab-2.6.0-1.2.riscv64/usr/lib/python3.11/site-packages/__pycache__/crontab.cpython-311.pyc
[  257s] Linking /home/abuild/rpmbuild/BUILDROOT/python-python-crontab-2.6.0-1.2.riscv64/usr/lib/python3.11/site-packages/__pycache__/crontabs.cpython-311.opt-1.pyc -> /home/abuild/rpmbuild/BUILDROOT/python-python-crontab-2.6.0-1.2.riscv64/usr/lib/python3.11/site-packages/__pycache__/crontabs.cpython-311.pyc
[  257s] ++ '[' -f _current_flavor ']'
[  257s] ++ cat _current_flavor
[  257s] + last_flavor=python311
[  257s] + '[' -z python311 ']'
[  257s] + '[' python311 '!=' python310 ']'
[  257s] + '[' -d build ']'
[  257s] + mv build _build.python311
[  257s] + '[' -d _build.python310 ']'
[  257s] + mv _build.python310 build
[  257s] + echo python310
[  257s] + python_flavor=python310
[  257s] + /usr/lib/rpm/fdupes_wrapper /home/abuild/rpmbuild/BUILDROOT/python-python-crontab-2.6.0-1.2.riscv64/usr/lib/python3.10/site-packages
[  257s] + /usr/lib/rpm/find-debuginfo -j4 -n --run-dwz --dwz-low-mem-die-limit 10000000 --dwz-max-die-limit 50000000 -S debugsourcefiles.list /home/abuild/rpmbuild/BUILD/python-crontab-2.6.0
[  258s] + /usr/lib/rpm/brp-compress
[  258s] + /usr/lib/rpm/brp-suse
[  258s] calling /usr/lib/rpm/brp-suse.d/brp-05-permissions
[  258s] calling /usr/lib/rpm/brp-suse.d/brp-15-strip-debug
[  258s] calling /usr/lib/rpm/brp-suse.d/brp-25-symlink
[  258s] calling /usr/lib/rpm/brp-suse.d/brp-50-generate-fips-hmac
[  259s] calling /usr/lib/rpm/brp-suse.d/brp-75-ar
[  259s] Executing(%check): /usr/bin/bash -e /var/tmp/rpm-tmp.uMeZ0h
[  259s] + umask 022
[  259s] + cd /home/abuild/rpmbuild/BUILD
[  259s] + cd python-crontab-2.6.0
[  259s] + export LANG=en_US.UTF-8
[  259s] + LANG=en_US.UTF-8
[  259s] ++ '[' -f _current_flavor ']'
[  259s] ++ cat _current_flavor
[  259s] + last_flavor=python310
[  259s] + '[' -z python310 ']'
[  259s] + '[' python310 '!=' python38 ']'
[  259s] + '[' -d build ']'
[  259s] + mv build _build.python310
[  259s] + '[' -d _build.python38 ']'
[  259s] + mv _build.python38 build
[  259s] + echo python38
[  259s] + python_flavor=python38
[  259s] + mkdir -p build/bin
[  259s] + ln -s /usr/bin/python3.8 build/bin/python
[  259s] ++ '[' -f _current_flavor ']'
[  259s] ++ cat _current_flavor
[  260s] + last_flavor=python38
[  260s] + '[' -z python38 ']'
[  260s] + '[' python38 '!=' python39 ']'
[  260s] + '[' -d build ']'
[  260s] + mv build _build.python38
[  260s] + '[' -d _build.python39 ']'
[  260s] + mv _build.python39 build
[  260s] + echo python39
[  260s] + python_flavor=python39
[  260s] + mkdir -p build/bin
[  260s] + ln -s /usr/bin/python3.9 build/bin/python
[  260s] ++ '[' -f _current_flavor ']'
[  260s] ++ cat _current_flavor
[  260s] + last_flavor=python39
[  260s] + '[' -z python39 ']'
[  260s] + '[' python39 '!=' python311 ']'
[  260s] + '[' -d build ']'
[  260s] + mv build _build.python39
[  260s] + '[' -d _build.python311 ']'
[  260s] + mv _build.python311 build
[  260s] + echo python311
[  260s] + python_flavor=python311
[  260s] + mkdir -p build/bin
[  260s] + ln -s /usr/bin/python3.11 build/bin/python
[  260s] ++ '[' -f _current_flavor ']'
[  260s] ++ cat _current_flavor
[  260s] + last_flavor=python311
[  260s] + '[' -z python311 ']'
[  260s] + '[' python311 '!=' python310 ']'
[  260s] + '[' -d build ']'
[  260s] + mv build _build.python311
[  260s] + '[' -d _build.python310 ']'
[  260s] + mv _build.python310 build
[  260s] + echo python310
[  260s] + python_flavor=python310
[  260s] + mkdir -p build/bin
[  260s] + ln -s /usr/bin/python3.10 build/bin/python
[  260s] + export PATH=/home/abuild/rpmbuild/BUILD/python-crontab-2.6.0/build/bin:/usr/local/bin:/usr/bin:/bin
[  260s] + PATH=/home/abuild/rpmbuild/BUILD/python-crontab-2.6.0/build/bin:/usr/local/bin:/usr/bin:/bin
[  260s] + set +x
[  261s] Using libalternatives variant 38 for py.test in XDG_CONFIG_HOME during Python 3.8 expansions.
[  261s] Using libalternatives variant 38 for pytest in XDG_CONFIG_HOME during Python 3.8 expansions.
[  262s] Using libalternatives variant 39 for py.test in XDG_CONFIG_HOME during Python 3.9 expansions.
[  262s] Using libalternatives variant 39 for pytest in XDG_CONFIG_HOME during Python 3.9 expansions.
[  263s] Using libalternatives variant 311 for py.test in XDG_CONFIG_HOME during Python 3.11 expansions.
[  263s] Using libalternatives variant 311 for pytest in XDG_CONFIG_HOME during Python 3.11 expansions.
[  264s] + export PATH=/home/abuild/rpmbuild/BUILD/python-crontab-2.6.0/build/flavorbin:/home/abuild/rpmbuild/BUILD/python-crontab-2.6.0/build/bin:/usr/local/bin:/usr/bin:/bin
[  264s] + PATH=/home/abuild/rpmbuild/BUILD/python-crontab-2.6.0/build/flavorbin:/home/abuild/rpmbuild/BUILD/python-crontab-2.6.0/build/bin:/usr/local/bin:/usr/bin:/bin
[  264s] ++ '[' -f _current_flavor ']'
[  264s] ++ cat _current_flavor
[  264s] + last_flavor=python310
[  264s] + '[' -z python310 ']'
[  264s] + '[' python310 '!=' python38 ']'
[  264s] + '[' -d build ']'
[  264s] + mv build _build.python310
[  264s] + '[' -d _build.python38 ']'
[  264s] + mv _build.python38 build
[  265s] + echo python38
[  265s] + python_flavor=python38
[  265s] + PYTHONPATH=/home/abuild/rpmbuild/BUILDROOT/python-python-crontab-2.6.0-1.2.riscv64/usr/lib/python3.8/site-packages
[  265s] + PYTHONDONTWRITEBYTECODE=1
[  265s] + pytest-3.8 --ignore=_build.python38 --ignore=_build.python39 --ignore=_build.python311 --ignore=_build.python310 -v -k 'not test_07_non_posix_shell'
[  271s] ============================= test session starts ==============================
[  271s] platform linux -- Python 3.8.16, pytest-7.2.0, pluggy-1.0.0 -- /usr/bin/python3.8
[  271s] cachedir: .pytest_cache
[  271s] rootdir: /home/abuild/rpmbuild/BUILD/python-crontab-2.6.0
[  275s] collecting ... collected 171 items / 1 deselected / 170 selected
[  275s] 
[  276s] tests/test_compatibility.py::UserTestCase::test_01_self_user PASSED      [  0%]
[  276s] tests/test_compatibility.py::CompatTestCase::test_00_enabled PASSED      [  1%]
[  276s] tests/test_compatibility.py::CompatTestCase::test_01_addition PASSED     [  1%]
[  276s] tests/test_compatibility.py::CompatTestCase::test_02_addition PASSED     [  2%]
[  276s] tests/test_compatibility.py::CompatTestCase::test_03_specials PASSED     [  2%]
[  276s] tests/test_compatibility.py::CompatTestCase::test_04_comments PASSED     [  3%]
[  276s] tests/test_compatibility.py::CompatTestCase::test_05_ansible PASSED      [  4%]
[  276s] tests/test_compatibility.py::CompatTestCase::test_06_escaped_chars PASSED [  4%]
[  276s] tests/test_context.py::ContextTestCase::test_01_context PASSED           [  5%]
[  276s] tests/test_croniter.py::CroniterTestCase::test_00_nocroniter PASSED      [  5%]
[  276s] tests/test_croniter.py::CroniterTestCase::test_01_schedule PASSED        [  6%]
[  276s] tests/test_croniter.py::CroniterTestCase::test_02_next PASSED            [  7%]
[  276s] tests/test_croniter.py::CroniterTestCase::test_03_prev PASSED            [  7%]
[  276s] tests/test_croniter.py::CroniterTestCase::test_04_current PASSED         [  8%]
[  280s] tests/test_crontabs.py::CronTabsTestCase::test_05_spool PASSED           [  8%]
[  280s] tests/test_crontabs.py::CronTabsTestCase::test_06_bad_spool PASSED       [  9%]
[  280s] tests/test_crontabs.py::CronTabsTestCase::test_10_crontab_dir PASSED     [ 10%]
[  280s] tests/test_crontabs.py::CronTabsTestCase::test_11_crontab_file PASSED    [ 10%]
[  280s] tests/test_crontabs.py::CronTabsTestCase::test_20_anacron PASSED         [ 11%]
[  280s] tests/test_description.py::DescriptorTestCase::test_00_no_module PASSED  [ 11%]
[  280s] tests/test_description.py::DescriptorTestCase::test_01_description PASSED [ 12%]
[  280s] tests/test_enums.py::EnumTestCase::test_01_presevation PASSED            [ 12%]
[  280s] tests/test_enums.py::EnumTestCase::test_02_simple_enum PASSED            [ 13%]
[  280s] tests/test_enums.py::EnumTestCase::test_03_enum_range PASSED             [ 14%]
[  280s] tests/test_enums.py::EnumTestCase::test_04_sets PASSED                   [ 14%]
[  280s] tests/test_enums.py::EnumTestCase::test_05_create PASSED                 [ 15%]
[  280s] tests/test_enums.py::EnumTestCase::test_06_create_range PASSED           [ 15%]
[  280s] tests/test_enums.py::EnumTestCase::test_07_create_set PASSED             [ 16%]
[  280s] tests/test_enums.py::EnumTestCase::test_08_find_comment PASSED           [ 17%]
[  280s] tests/test_env.py::EnvTestCase::test_01_consistancy PASSED               [ 17%]
[  280s] tests/test_env.py::EnvTestCase::test_02_top_vars PASSED                  [ 18%]
[  281s] tests/test_env.py::EnvTestCase::test_03_get_job_var PASSED               [ 18%]
[  281s] tests/test_env.py::EnvTestCase::test_04_set_job_var PASSED               [ 19%]
[  281s] tests/test_env.py::EnvTestCase::test_05_no_env PASSED                    [ 20%]
[  281s] tests/test_env.py::EnvTestCase::test_06_env_access PASSED                [ 20%]
[  281s] tests/test_env.py::EnvTestCase::test_07_mutated_dict PASSED              [ 21%]
[  281s] tests/test_env.py::EnvTestCase::test_08_space_quotes PASSED              [ 21%]
[  281s] tests/test_env.py::EnvTestCase::test_09_delete_middle PASSED             [ 22%]
[  281s] tests/test_env.py::EnvTestCase::test_10_empty_env PASSED                 [ 22%]
[  282s] tests/test_env.py::EnvTestCase::test_11_empty_flow PASSED                [ 23%]
[  282s] tests/test_equality.py::EqualityTestCase::test_equality PASSED           [ 24%]
[  282s] tests/test_equality.py::EqualityTestCase::test_hash PASSED               [ 24%]
[  282s] tests/test_equality.py::EqualityTestCase::test_inequality PASSED         [ 25%]
[  282s] tests/test_equality.py::EqualityTestCase::test_listdifference PASSED     [ 25%]
[  282s] tests/test_every.py::EveryTestCase::test_00_minutes PASSED               [ 26%]
[  282s] tests/test_every.py::EveryTestCase::test_01_hours PASSED                 [ 27%]
[  282s] tests/test_every.py::EveryTestCase::test_02_dom PASSED                   [ 27%]
[  282s] tests/test_every.py::EveryTestCase::test_03_single PASSED                [ 28%]
[  282s] tests/test_every.py::EveryTestCase::test_04_month PASSED                 [ 28%]
[  282s] tests/test_every.py::EveryTestCase::test_05_dow PASSED                   [ 29%]
[  282s] tests/test_every.py::EveryTestCase::test_06_year PASSED                  [ 30%]
[  282s] tests/test_every.py::EveryTestCase::test_07_reboot PASSED                [ 30%]
[  282s] tests/test_every.py::EveryTestCase::test_08_newitem PASSED               [ 31%]
[  282s] tests/test_frequency.py::FrequencyTestCase::test_00_slice_frequency PASSED [ 31%]
[  282s] tests/test_frequency.py::FrequencyTestCase::test_01_per_day PASSED       [ 32%]
[  282s] tests/test_frequency.py::FrequencyTestCase::test_02_days_per_year PASSED [ 32%]
[  282s] tests/test_frequency.py::FrequencyTestCase::test_03_job PASSED           [ 33%]
[  282s] tests/test_frequency.py::FrequencyTestCase::test_04_twice PASSED         [ 34%]
[  282s] tests/test_frequency.py::FrequencyTestCase::test_05_thrice PASSED        [ 34%]
[  282s] tests/test_frequency.py::FrequencyTestCase::test_06_quart PASSED         [ 35%]
[  282s] tests/test_frequency.py::FrequencyTestCase::test_07_monthly PASSED       [ 35%]
[  282s] tests/test_frequency.py::FrequencyTestCase::test_08_six_monthly PASSED   [ 36%]
[  283s] tests/test_frequency.py::FrequencyTestCase::test_09_every_day PASSED     [ 37%]
[  283s] tests/test_frequency.py::FrequencyTestCase::test_10_every_hour PASSED    [ 37%]
[  283s] tests/test_frequency.py::FrequencyTestCase::test_11_every_other_hour PASSED [ 38%]
[  283s] tests/test_frequency.py::FrequencyTestCase::test_12_every_minute PASSED  [ 38%]
[  283s] tests/test_frequency.py::FrequencyTestCase::test_13_enum PASSED          [ 39%]
[  283s] tests/test_frequency.py::FrequencyTestCase::test_14_all PASSED           [ 40%]
[  283s] tests/test_frequency.py::FrequencyTestCase::test_15_compare PASSED       [ 40%]
[  283s] tests/test_frequency.py::FrequencyTestCase::test_16_frequency_per_hour PASSED [ 41%]
[  283s] tests/test_interaction.py::InteractionTestCase::test_01_presevation PASSED [ 41%]
[  283s] tests/test_interaction.py::InteractionTestCase::test_02_access PASSED    [ 42%]
[  283s] tests/test_interaction.py::InteractionTestCase::test_03_blank PASSED     [ 42%]
[  283s] tests/test_interaction.py::InteractionTestCase::test_04_number PASSED    [ 43%]
[  283s] tests/test_interaction.py::InteractionTestCase::test_05_fields PASSED    [ 44%]
[  283s] tests/test_interaction.py::InteractionTestCase::test_05_multiple_fields PASSED [ 44%]
[  283s] tests/test_interaction.py::InteractionTestCase::test_06_clear PASSED     [ 45%]
[  283s] tests/test_interaction.py::InteractionTestCase::test_07_range PASSED     [ 45%]
[  283s] tests/test_interaction.py::InteractionTestCase::test_08_sequence PASSED  [ 46%]
[  283s] tests/test_interaction.py::InteractionTestCase::test_10_comment PASSED   [ 47%]
[  283s] tests/test_interaction.py::InteractionTestCase::test_11_disabled PASSED  [ 47%]
[  283s] tests/test_interaction.py::InteractionTestCase::test_12_disable PASSED   [ 48%]
[  283s] tests/test_interaction.py::InteractionTestCase::test_13_plural PASSED    [ 48%]
[  283s] tests/test_interaction.py::InteractionTestCase::test_14_valid PASSED     [ 49%]
[  283s] tests/test_interaction.py::InteractionTestCase::test_15_slices PASSED    [ 50%]
[  284s] tests/test_interaction.py::InteractionTestCase::test_16_slice PASSED     [ 50%]
[  284s] tests/test_interaction.py::InteractionTestCase::test_17_slice_id PASSED  [ 51%]
[  284s] tests/test_interaction.py::InteractionTestCase::test_18_find PASSED      [ 51%]
[  284s] tests/test_interaction.py::InteractionTestCase::test_18_range_cmp PASSED [ 52%]
[  284s] tests/test_interaction.py::InteractionTestCase::test_20_write PASSED     [ 52%]
[  284s] tests/test_interaction.py::InteractionTestCase::test_21_multiuse PASSED  [ 53%]
[  284s] tests/test_interaction.py::InteractionTestCase::test_22_min PASSED       [ 54%]
[  284s] tests/test_interaction.py::InteractionTestCase::test_23_max PASSED       [ 54%]
[  284s] tests/test_interaction.py::InteractionTestCase::test_24_special_d PASSED [ 55%]
[  284s] tests/test_interaction.py::InteractionTestCase::test_24_special_r PASSED [ 55%]
[  284s] tests/test_interaction.py::InteractionTestCase::test_24_special_w PASSED [ 56%]
[  284s] tests/test_interaction.py::InteractionTestCase::test_25_setall PASSED    [ 57%]
[  284s] tests/test_interaction.py::InteractionTestCase::test_26_setall_obj PASSED [ 57%]
[  284s] tests/test_interaction.py::InteractionTestCase::test_27_commands PASSED  [ 58%]
[  284s] tests/test_interaction.py::InteractionTestCase::test_28_comments PASSED  [ 58%]
[  284s] tests/test_interaction.py::InteractionTestCase::test_29_set_lines PASSED [ 59%]
[  284s] tests/test_log.py::BasicTestCase::test_00_logreader PASSED               [ 60%]
[  284s] tests/test_log.py::BasicTestCase::test_01_cronreader PASSED              [ 60%]
[  284s] tests/test_log.py::BasicTestCase::test_01_iter PASSED                    [ 61%]
[  284s] tests/test_log.py::BasicTestCase::test_02_cronlog PASSED                 [ 61%]
[  284s] tests/test_log.py::BasicTestCase::test_03_crontab PASSED                 [ 62%]
[  285s] tests/test_log.py::BasicTestCase::test_04_root PASSED                    [ 62%]
[  285s] tests/test_log.py::BasicTestCase::test_08_readerror PASSED               [ 63%]
[  285s] tests/test_range.py::RangeTestCase::test_01_atevery PASSED               [ 64%]
[  285s] tests/test_range.py::RangeTestCase::test_02_withinevery PASSED           [ 64%]
[  285s] tests/test_range.py::RangeTestCase::test_03_inevery PASSED               [ 65%]
[  285s] tests/test_range.py::RangeTestCase::test_03_outevery PASSED              [ 65%]
[  285s] tests/test_range.py::RangeTestCase::test_04_zero_seq PASSED              [ 66%]
[  285s] tests/test_range.py::RangeTestCase::test_05_sunday PASSED                [ 67%]
[  285s] tests/test_range.py::RangeTestCase::test_06_backwards PASSED             [ 67%]
[  285s] tests/test_range.py::RangeTestCase::test_14_invalid_range PASSED         [ 68%]
[  285s] tests/test_removal.py::RemovalTestCase::test_01_remove PASSED            [ 68%]
[  285s] tests/test_removal.py::RemovalTestCase::test_02_remove_all PASSED        [ 69%]
[  285s] tests/test_removal.py::RemovalTestCase::test_03_remove_cmd PASSED        [ 70%]
[  285s] tests/test_removal.py::RemovalTestCase::test_04_remove_id PASSED         [ 70%]
[  285s] tests/test_removal.py::RemovalTestCase::test_05_remove_all_error PASSED  [ 71%]
[  285s] tests/test_removal.py::RemovalTestCase::test_05_remove_date PASSED       [ 71%]
[  285s] tests/test_removal.py::RemovalTestCase::test_06_removal_of_none PASSED   [ 72%]
[  285s] tests/test_removal.py::RemovalTestCase::test_07_removal_in_loop PASSED   [ 72%]
[  285s] tests/test_removal.py::RemovalTestCase::test_08_removal_write_loop PASSED [ 73%]
[  285s] tests/test_removal.py::RemovalTestCase::test_09_removal_during_iter PASSED [ 74%]
[  285s] tests/test_removal.py::RemovalTestCase::test_11_remove_generator PASSED  [ 74%]
[  285s] tests/test_removal.py::RemovalTestCase::test_12_remove_nonsense PASSED   [ 75%]
[  286s] tests/test_scheduler.py::SchedulerTestCase::test_01_run PASSED           [ 75%]
[  287s] tests/test_scheduler.py::SchedulerTestCase::test_02_run_error PASSED     [ 76%]
[  290s] tests/test_scheduler.py::SchedulerTestCase::test_03_schedule PASSED      [ 77%]
[  291s] tests/test_scheduler.py::SchedulerTestCase::test_04_schedule_ten PASSED  [ 77%]
[  292s] tests/test_scheduler.py::SchedulerTestCase::test_05_env_passed PASSED    [ 78%]
[  292s] tests/test_system_cron.py::SystemCronTestCase::test_00_repr PASSED       [ 78%]
[  292s] tests/test_system_cron.py::SystemCronTestCase::test_01_read PASSED       [ 79%]
[  292s] tests/test_system_cron.py::SystemCronTestCase::test_02_new PASSED        [ 80%]
[  292s] tests/test_system_cron.py::SystemCronTestCase::test_03_new_tab PASSED    [ 80%]
[  292s] tests/test_system_cron.py::SystemCronTestCase::test_04_failure PASSED    [ 81%]
[  292s] tests/test_system_cron.py::SystemCronTestCase::test_05_remove PASSED     [ 81%]
[  292s] tests/test_system_cron.py::SystemCronTestCase::test_06_comments PASSED   [ 82%]
[  292s] tests/test_system_cron.py::SystemCronTestCase::test_07_recreation PASSED [ 82%]
[  292s] tests/test_system_cron.py::SystemCronTestCase::test_09_resaving PASSED   [ 83%]
[  292s] tests/test_system_cron.py::SystemCronTestCase::test_10_system_file PASSED [ 84%]
[  292s] tests/test_usage.py::UseTestCase::test_01_empty PASSED                   [ 84%]
[  293s] tests/test_usage.py::UseTestCase::test_02_user PASSED                    [ 85%]
[  293s] tests/test_usage.py::UseTestCase::test_03_usage PASSED                   [ 85%]
[  294s] tests/test_usage.py::UseTestCase::test_04_username PASSED                [ 86%]
[  294s] tests/test_usage.py::UseTestCase::test_05_nouser PASSED                  [ 87%]
[  295s] tests/test_usage.py::UseTestCase::test_06_touser PASSED                  [ 87%]
[  296s] tests/test_usage.py::UseTestCase::test_06_touser_fail PASSED             [ 88%]
[  296s] tests/test_usage.py::UseTestCase::test_07_ioerror_read PASSED            [ 88%]
[  296s] tests/test_usage.py::UseTestCase::test_07_ioerror_write PASSED           [ 89%]
[  296s] tests/test_usage.py::UseTestCase::test_07_zero_padding PASSED            [ 90%]
[  296s] tests/test_usage.py::UseTestCase::test_08_cronitem PASSED                [ 90%]
[  296s] tests/test_usage.py::UseTestCase::test_08_reset_after_daily PASSED       [ 91%]
[  296s] tests/test_usage.py::UseTestCase::test_09_pre_comment PASSED             [ 91%]
[  296s] tests/test_usage.py::UseTestCase::test_10_time_object PASSED             [ 92%]
[  296s] tests/test_usage.py::UseTestCase::test_11_date_object PASSED             [ 92%]
[  296s] tests/test_usage.py::UseTestCase::test_12_datetime_object PASSED         [ 93%]
[  296s] tests/test_usage.py::UseTestCase::test_20_slice_validation PASSED        [ 94%]
[  296s] tests/test_usage.py::UseTestCase::test_21_slice_special PASSED           [ 94%]
[  297s] tests/test_usage.py::UseTestCase::test_25_open_pipe PASSED               [ 95%]
[  297s] tests/test_utf8.py::Utf8TestCase::test_01_input PASSED                   [ 95%]
[  297s] tests/test_utf8.py::Utf8TestCase::test_02_write PASSED                   [ 96%]
[  297s] tests/test_utf8.py::Utf8TestCase::test_04_command PASSED                 [ 97%]
[  297s] tests/test_utf8.py::Utf8TestCase::test_05_comment PASSED                 [ 97%]
[  297s] tests/test_utf8.py::Utf8TestCase::test_06_unicode PASSED                 [ 98%]
[  297s] tests/test_utf8.py::Utf8TestCase::test_07_utf8 PASSED                    [ 98%]
[  297s] tests/test_utf8.py::Utf8TestCase::test_08_utf8_str PASSED                [ 99%]
[  297s] tests/test_utf8.py::Utf8TestCase::test_09_utf8_again PASSED              [100%]
[  297s] 
[  297s] =============================== warnings summary ===============================
[  297s] tests/test_compatibility.py:111
[  297s]   /home/abuild/rpmbuild/BUILD/python-crontab-2.6.0/tests/test_compatibility.py:111: DeprecationWarning: invalid escape sequence \#
[  297s]     cron = crontab.CronTab(tab="""
[  297s] 
[  297s] tests/test_interaction.py:51
[  297s]   /home/abuild/rpmbuild/BUILD/python-crontab-2.6.0/tests/test_interaction.py:51: DeprecationWarning: invalid escape sequence \%
[  297s]     RESULT_TAB = """# First Comment
[  297s] 
[  297s] -- Docs: https://docs.pytest.org/en/stable/how-to/capture-warnings.html
[  297s] ================ 170 passed, 1 deselected, 2 warnings in 26.27s ================
[  297s] ++ '[' -f _current_flavor ']'
[  297s] ++ cat _current_flavor
[  297s] + last_flavor=python38
[  297s] + '[' -z python38 ']'
[  297s] + '[' python38 '!=' python39 ']'
[  297s] + '[' -d build ']'
[  297s] + mv build _build.python38
[  298s] + '[' -d _build.python39 ']'
[  298s] + mv _build.python39 build
[  298s] + echo python39
[  298s] + python_flavor=python39
[  298s] + PYTHONPATH=/home/abuild/rpmbuild/BUILDROOT/python-python-crontab-2.6.0-1.2.riscv64/usr/lib/python3.9/site-packages
[  298s] + PYTHONDONTWRITEBYTECODE=1
[  298s] + pytest-3.9 --ignore=_build.python38 --ignore=_build.python39 --ignore=_build.python311 --ignore=_build.python310 -v -k 'not test_07_non_posix_shell'
[  302s] ============================= test session starts ==============================
[  302s] platform linux -- Python 3.9.16, pytest-7.2.0, pluggy-1.0.0 -- /usr/bin/python3.9
[  302s] cachedir: .pytest_cache
[  302s] rootdir: /home/abuild/rpmbuild/BUILD/python-crontab-2.6.0
[  305s] collecting ... collected 171 items / 1 deselected / 170 selected
[  305s] 
[  307s] tests/test_compatibility.py::UserTestCase::test_01_self_user PASSED      [  0%]
[  307s] tests/test_compatibility.py::CompatTestCase::test_00_enabled PASSED      [  1%]
[  307s] tests/test_compatibility.py::CompatTestCase::test_01_addition PASSED     [  1%]
[  307s] tests/test_compatibility.py::CompatTestCase::test_02_addition PASSED     [  2%]
[  307s] tests/test_compatibility.py::CompatTestCase::test_03_specials PASSED     [  2%]
[  307s] tests/test_compatibility.py::CompatTestCase::test_04_comments PASSED     [  3%]
[  307s] tests/test_compatibility.py::CompatTestCase::test_05_ansible PASSED      [  4%]
[  307s] tests/test_compatibility.py::CompatTestCase::test_06_escaped_chars PASSED [  4%]
[  307s] tests/test_context.py::ContextTestCase::test_01_context PASSED           [  5%]
[  307s] tests/test_croniter.py::CroniterTestCase::test_00_nocroniter PASSED      [  5%]
[  307s] tests/test_croniter.py::CroniterTestCase::test_01_schedule PASSED        [  6%]
[  307s] tests/test_croniter.py::CroniterTestCase::test_02_next PASSED            [  7%]
[  307s] tests/test_croniter.py::CroniterTestCase::test_03_prev PASSED            [  7%]
[  307s] tests/test_croniter.py::CroniterTestCase::test_04_current PASSED         [  8%]
[  310s] tests/test_crontabs.py::CronTabsTestCase::test_05_spool PASSED           [  8%]
[  310s] tests/test_crontabs.py::CronTabsTestCase::test_06_bad_spool PASSED       [  9%]
[  310s] tests/test_crontabs.py::CronTabsTestCase::test_10_crontab_dir PASSED     [ 10%]
[  310s] tests/test_crontabs.py::CronTabsTestCase::test_11_crontab_file PASSED    [ 10%]
[  310s] tests/test_crontabs.py::CronTabsTestCase::test_20_anacron PASSED         [ 11%]
[  310s] tests/test_description.py::DescriptorTestCase::test_00_no_module PASSED  [ 11%]
[  310s] tests/test_description.py::DescriptorTestCase::test_01_description PASSED [ 12%]
[  310s] tests/test_enums.py::EnumTestCase::test_01_presevation PASSED            [ 12%]
[  310s] tests/test_enums.py::EnumTestCase::test_02_simple_enum PASSED            [ 13%]
[  310s] tests/test_enums.py::EnumTestCase::test_03_enum_range PASSED             [ 14%]
[  310s] tests/test_enums.py::EnumTestCase::test_04_sets PASSED                   [ 14%]
[  310s] tests/test_enums.py::EnumTestCase::test_05_create PASSED                 [ 15%]
[  310s] tests/test_enums.py::EnumTestCase::test_06_create_range PASSED           [ 15%]
[  310s] tests/test_enums.py::EnumTestCase::test_07_create_set PASSED             [ 16%]
[  310s] tests/test_enums.py::EnumTestCase::test_08_find_comment PASSED           [ 17%]
[  310s] tests/test_env.py::EnvTestCase::test_01_consistancy PASSED               [ 17%]
[  310s] tests/test_env.py::EnvTestCase::test_02_top_vars PASSED                  [ 18%]
[  310s] tests/test_env.py::EnvTestCase::test_03_get_job_var PASSED               [ 18%]
[  310s] tests/test_env.py::EnvTestCase::test_04_set_job_var PASSED               [ 19%]
[  311s] tests/test_env.py::EnvTestCase::test_05_no_env PASSED                    [ 20%]
[  311s] tests/test_env.py::EnvTestCase::test_06_env_access PASSED                [ 20%]
[  311s] tests/test_env.py::EnvTestCase::test_07_mutated_dict PASSED              [ 21%]
[  311s] tests/test_env.py::EnvTestCase::test_08_space_quotes PASSED              [ 21%]
[  311s] tests/test_env.py::EnvTestCase::test_09_delete_middle PASSED             [ 22%]
[  311s] tests/test_env.py::EnvTestCase::test_10_empty_env PASSED                 [ 22%]
[  311s] tests/test_env.py::EnvTestCase::test_11_empty_flow PASSED                [ 23%]
[  311s] tests/test_equality.py::EqualityTestCase::test_equality PASSED           [ 24%]
[  311s] tests/test_equality.py::EqualityTestCase::test_hash PASSED               [ 24%]
[  311s] tests/test_equality.py::EqualityTestCase::test_inequality PASSED         [ 25%]
[  311s] tests/test_equality.py::EqualityTestCase::test_listdifference PASSED     [ 25%]
[  312s] tests/test_every.py::EveryTestCase::test_00_minutes PASSED               [ 26%]
[  312s] tests/test_every.py::EveryTestCase::test_01_hours PASSED                 [ 27%]
[  312s] tests/test_every.py::EveryTestCase::test_02_dom PASSED                   [ 27%]
[  312s] tests/test_every.py::EveryTestCase::test_03_single PASSED                [ 28%]
[  312s] tests/test_every.py::EveryTestCase::test_04_month PASSED                 [ 28%]
[  312s] tests/test_every.py::EveryTestCase::test_05_dow PASSED                   [ 29%]
[  312s] tests/test_every.py::EveryTestCase::test_06_year PASSED                  [ 30%]
[  312s] tests/test_every.py::EveryTestCase::test_07_reboot PASSED                [ 30%]
[  312s] tests/test_every.py::EveryTestCase::test_08_newitem PASSED               [ 31%]
[  312s] tests/test_frequency.py::FrequencyTestCase::test_00_slice_frequency PASSED [ 31%]
[  312s] tests/test_frequency.py::FrequencyTestCase::test_01_per_day PASSED       [ 32%]
[  312s] tests/test_frequency.py::FrequencyTestCase::test_02_days_per_year PASSED [ 32%]
[  312s] tests/test_frequency.py::FrequencyTestCase::test_03_job PASSED           [ 33%]
[  312s] tests/test_frequency.py::FrequencyTestCase::test_04_twice PASSED         [ 34%]
[  312s] tests/test_frequency.py::FrequencyTestCase::test_05_thrice PASSED        [ 34%]
[  312s] tests/test_frequency.py::FrequencyTestCase::test_06_quart PASSED         [ 35%]
[  312s] tests/test_frequency.py::FrequencyTestCase::test_07_monthly PASSED       [ 35%]
[  312s] tests/test_frequency.py::FrequencyTestCase::test_08_six_monthly PASSED   [ 36%]
[  312s] tests/test_frequency.py::FrequencyTestCase::test_09_every_day PASSED     [ 37%]
[  312s] tests/test_frequency.py::FrequencyTestCase::test_10_every_hour PASSED    [ 37%]
[  312s] tests/test_frequency.py::FrequencyTestCase::test_11_every_other_hour PASSED [ 38%]
[  312s] tests/test_frequency.py::FrequencyTestCase::test_12_every_minute PASSED  [ 38%]
[  312s] tests/test_frequency.py::FrequencyTestCase::test_13_enum PASSED          [ 39%]
[  312s] tests/test_frequency.py::FrequencyTestCase::test_14_all PASSED           [ 40%]
[  312s] tests/test_frequency.py::FrequencyTestCase::test_15_compare PASSED       [ 40%]
[  312s] tests/test_frequency.py::FrequencyTestCase::test_16_frequency_per_hour PASSED [ 41%]
[  312s] tests/test_interaction.py::InteractionTestCase::test_01_presevation PASSED [ 41%]
[  312s] tests/test_interaction.py::InteractionTestCase::test_02_access PASSED    [ 42%]
[  312s] tests/test_interaction.py::InteractionTestCase::test_03_blank PASSED     [ 42%]
[  312s] tests/test_interaction.py::InteractionTestCase::test_04_number PASSED    [ 43%]
[  312s] tests/test_interaction.py::InteractionTestCase::test_05_fields PASSED    [ 44%]
[  313s] tests/test_interaction.py::InteractionTestCase::test_05_multiple_fields PASSED [ 44%]
[  313s] tests/test_interaction.py::InteractionTestCase::test_06_clear PASSED     [ 45%]
[  313s] tests/test_interaction.py::InteractionTestCase::test_07_range PASSED     [ 45%]
[  313s] tests/test_interaction.py::InteractionTestCase::test_08_sequence PASSED  [ 46%]
[  313s] tests/test_interaction.py::InteractionTestCase::test_10_comment PASSED   [ 47%]
[  313s] tests/test_interaction.py::InteractionTestCase::test_11_disabled PASSED  [ 47%]
[  313s] tests/test_interaction.py::InteractionTestCase::test_12_disable PASSED   [ 48%]
[  313s] tests/test_interaction.py::InteractionTestCase::test_13_plural PASSED    [ 48%]
[  313s] tests/test_interaction.py::InteractionTestCase::test_14_valid PASSED     [ 49%]
[  313s] tests/test_interaction.py::InteractionTestCase::test_15_slices PASSED    [ 50%]
[  313s] tests/test_interaction.py::InteractionTestCase::test_16_slice PASSED     [ 50%]
[  313s] tests/test_interaction.py::InteractionTestCase::test_17_slice_id PASSED  [ 51%]
[  313s] tests/test_interaction.py::InteractionTestCase::test_18_find PASSED      [ 51%]
[  313s] tests/test_interaction.py::InteractionTestCase::test_18_range_cmp PASSED [ 52%]
[  313s] tests/test_interaction.py::InteractionTestCase::test_20_write PASSED     [ 52%]
[  313s] tests/test_interaction.py::InteractionTestCase::test_21_multiuse PASSED  [ 53%]
[  313s] tests/test_interaction.py::InteractionTestCase::test_22_min PASSED       [ 54%]
[  313s] tests/test_interaction.py::InteractionTestCase::test_23_max PASSED       [ 54%]
[  313s] tests/test_interaction.py::InteractionTestCase::test_24_special_d PASSED [ 55%]
[  313s] tests/test_interaction.py::InteractionTestCase::test_24_special_r PASSED [ 55%]
[  313s] tests/test_interaction.py::InteractionTestCase::test_24_special_w PASSED [ 56%]
[  313s] tests/test_interaction.py::InteractionTestCase::test_25_setall PASSED    [ 57%]
[  313s] tests/test_interaction.py::InteractionTestCase::test_26_setall_obj PASSED [ 57%]
[  314s] tests/test_interaction.py::InteractionTestCase::test_27_commands PASSED  [ 58%]
[  314s] tests/test_interaction.py::InteractionTestCase::test_28_comments PASSED  [ 58%]
[  314s] tests/test_interaction.py::InteractionTestCase::test_29_set_lines PASSED [ 59%]
[  314s] tests/test_log.py::BasicTestCase::test_00_logreader PASSED               [ 60%]
[  314s] tests/test_log.py::BasicTestCase::test_01_cronreader PASSED              [ 60%]
[  314s] tests/test_log.py::BasicTestCase::test_01_iter PASSED                    [ 61%]
[  314s] tests/test_log.py::BasicTestCase::test_02_cronlog PASSED                 [ 61%]
[  314s] tests/test_log.py::BasicTestCase::test_03_crontab PASSED                 [ 62%]
[  314s] tests/test_log.py::BasicTestCase::test_04_root PASSED                    [ 62%]
[  314s] tests/test_log.py::BasicTestCase::test_08_readerror PASSED               [ 63%]
[  314s] tests/test_range.py::RangeTestCase::test_01_atevery PASSED               [ 64%]
[  314s] tests/test_range.py::RangeTestCase::test_02_withinevery PASSED           [ 64%]
[  314s] tests/test_range.py::RangeTestCase::test_03_inevery PASSED               [ 65%]
[  314s] tests/test_range.py::RangeTestCase::test_03_outevery PASSED              [ 65%]
[  314s] tests/test_range.py::RangeTestCase::test_04_zero_seq PASSED              [ 66%]
[  314s] tests/test_range.py::RangeTestCase::test_05_sunday PASSED                [ 67%]
[  314s] tests/test_range.py::RangeTestCase::test_06_backwards PASSED             [ 67%]
[  314s] tests/test_range.py::RangeTestCase::test_14_invalid_range PASSED         [ 68%]
[  314s] tests/test_removal.py::RemovalTestCase::test_01_remove PASSED            [ 68%]
[  314s] tests/test_removal.py::RemovalTestCase::test_02_remove_all PASSED        [ 69%]
[  314s] tests/test_removal.py::RemovalTestCase::test_03_remove_cmd PASSED        [ 70%]
[  314s] tests/test_removal.py::RemovalTestCase::test_04_remove_id PASSED         [ 70%]
[  314s] tests/test_removal.py::RemovalTestCase::test_05_remove_all_error PASSED  [ 71%]
[  314s] tests/test_removal.py::RemovalTestCase::test_05_remove_date PASSED       [ 71%]
[  314s] tests/test_removal.py::RemovalTestCase::test_06_removal_of_none PASSED   [ 72%]
[  314s] tests/test_removal.py::RemovalTestCase::test_07_removal_in_loop PASSED   [ 72%]
[  314s] tests/test_removal.py::RemovalTestCase::test_08_removal_write_loop PASSED [ 73%]
[  314s] tests/test_removal.py::RemovalTestCase::test_09_removal_during_iter PASSED [ 74%]
[  314s] tests/test_removal.py::RemovalTestCase::test_11_remove_generator PASSED  [ 74%]
[  314s] tests/test_removal.py::RemovalTestCase::test_12_remove_nonsense PASSED   [ 75%]
[  315s] tests/test_scheduler.py::SchedulerTestCase::test_01_run PASSED           [ 75%]
[  316s] tests/test_scheduler.py::SchedulerTestCase::test_02_run_error PASSED     [ 76%]
[  319s] tests/test_scheduler.py::SchedulerTestCase::test_03_schedule PASSED      [ 77%]
[  321s] tests/test_scheduler.py::SchedulerTestCase::test_04_schedule_ten FAILED  [ 77%]
[  322s] tests/test_scheduler.py::SchedulerTestCase::test_05_env_passed PASSED    [ 78%]
[  322s] tests/test_system_cron.py::SystemCronTestCase::test_00_repr PASSED       [ 78%]
[  322s] tests/test_system_cron.py::SystemCronTestCase::test_01_read PASSED       [ 79%]
[  322s] tests/test_system_cron.py::SystemCronTestCase::test_02_new PASSED        [ 80%]
[  322s] tests/test_system_cron.py::SystemCronTestCase::test_03_new_tab PASSED    [ 80%]
[  322s] tests/test_system_cron.py::SystemCronTestCase::test_04_failure PASSED    [ 81%]
[  322s] tests/test_system_cron.py::SystemCronTestCase::test_05_remove PASSED     [ 81%]
[  322s] tests/test_system_cron.py::SystemCronTestCase::test_06_comments PASSED   [ 82%]
[  322s] tests/test_system_cron.py::SystemCronTestCase::test_07_recreation PASSED [ 82%]
[  322s] tests/test_system_cron.py::SystemCronTestCase::test_09_resaving PASSED   [ 83%]
[  322s] tests/test_system_cron.py::SystemCronTestCase::test_10_system_file PASSED [ 84%]
[  322s] tests/test_usage.py::UseTestCase::test_01_empty PASSED                   [ 84%]
[  323s] tests/test_usage.py::UseTestCase::test_02_user PASSED                    [ 85%]
[  323s] tests/test_usage.py::UseTestCase::test_03_usage PASSED                   [ 85%]
[  323s] tests/test_usage.py::UseTestCase::test_04_username PASSED                [ 86%]
[  324s] tests/test_usage.py::UseTestCase::test_05_nouser PASSED                  [ 87%]
[  325s] tests/test_usage.py::UseTestCase::test_06_touser PASSED                  [ 87%]
[  325s] tests/test_usage.py::UseTestCase::test_06_touser_fail PASSED             [ 88%]
[  326s] tests/test_usage.py::UseTestCase::test_07_ioerror_read PASSED            [ 88%]
[  326s] tests/test_usage.py::UseTestCase::test_07_ioerror_write PASSED           [ 89%]
[  326s] tests/test_usage.py::UseTestCase::test_07_zero_padding PASSED            [ 90%]
[  326s] tests/test_usage.py::UseTestCase::test_08_cronitem PASSED                [ 90%]
[  326s] tests/test_usage.py::UseTestCase::test_08_reset_after_daily PASSED       [ 91%]
[  326s] tests/test_usage.py::UseTestCase::test_09_pre_comment PASSED             [ 91%]
[  326s] tests/test_usage.py::UseTestCase::test_10_time_object PASSED             [ 92%]
[  326s] tests/test_usage.py::UseTestCase::test_11_date_object PASSED             [ 92%]
[  326s] tests/test_usage.py::UseTestCase::test_12_datetime_object PASSED         [ 93%]
[  326s] tests/test_usage.py::UseTestCase::test_20_slice_validation PASSED        [ 94%]
[  326s] tests/test_usage.py::UseTestCase::test_21_slice_special PASSED           [ 94%]
[  327s] tests/test_usage.py::UseTestCase::test_25_open_pipe PASSED               [ 95%]
[  327s] tests/test_utf8.py::Utf8TestCase::test_01_input PASSED                   [ 95%]
[  327s] tests/test_utf8.py::Utf8TestCase::test_02_write PASSED                   [ 96%]
[  327s] tests/test_utf8.py::Utf8TestCase::test_04_command PASSED                 [ 97%]
[  327s] tests/test_utf8.py::Utf8TestCase::test_05_comment PASSED                 [ 97%]
[  327s] tests/test_utf8.py::Utf8TestCase::test_06_unicode PASSED                 [ 98%]
[  327s] tests/test_utf8.py::Utf8TestCase::test_07_utf8 PASSED                    [ 98%]
[  327s] tests/test_utf8.py::Utf8TestCase::test_08_utf8_str PASSED                [ 99%]
[  327s] tests/test_utf8.py::Utf8TestCase::test_09_utf8_again PASSED              [100%]
[  327s] 
[  327s] =================================== FAILURES ===================================
[  327s] ____________________ SchedulerTestCase.test_04_schedule_ten ____________________
[  327s] 
[  327s] self = <tests.test_scheduler.SchedulerTestCase testMethod=test_04_schedule_ten>
[  327s] 
[  327s]     def test_04_schedule_ten(self):
[  327s]         """Every Ten Minutes"""
[  327s] >       self.assertSchedule("*/10 * * * *", 12, 1)
[  327s] 
[  327s] tests/test_scheduler.py:104: 
[  327s] _ _ _ _ _ _ _ _ _ _ _ _ _ _ _ _ _ _ _ _ _ _ _ _ _ _ _ _ _ _ _ _ _ _ _ _ _ _ _ _ 
[  327s] tests/test_scheduler.py:82: in assertSchedule
[  327s]     self.assertEqual(len(ret), result)
[  327s] E   AssertionError: 2 != 1
[  327s] =============================== warnings summary ===============================
[  327s] tests/test_compatibility.py:111
[  327s]   /home/abuild/rpmbuild/BUILD/python-crontab-2.6.0/tests/test_compatibility.py:111: DeprecationWarning: invalid escape sequence \#
[  327s]     cron = crontab.CronTab(tab="""
[  327s] 
[  327s] tests/test_interaction.py:51
[  327s]   /home/abuild/rpmbuild/BUILD/python-crontab-2.6.0/tests/test_interaction.py:51: DeprecationWarning: invalid escape sequence \%
[  327s]     RESULT_TAB = """# First Comment
[  327s] 
[  327s] -- Docs: https://docs.pytest.org/en/stable/how-to/capture-warnings.html
[  327s] =========================== short test summary info ============================
[  327s] FAILED tests/test_scheduler.py::SchedulerTestCase::test_04_schedule_ten - Ass...
[  327s] =========== 1 failed, 169 passed, 1 deselected, 2 warnings in 24.81s ===========
[  327s] error: Bad exit status from /var/tmp/rpm-tmp.uMeZ0h (%check)
[  327s] 
[  327s] RPM build errors:
[  327s]     Bad exit status from /var/tmp/rpm-tmp.uMeZ0h (%check)
[  327s] ### VM INTERACTION START ###
[  328s] [  319.120498][    T1] sysrq: Power Off
[  328s] [  319.122186][   T18] reboot: Power down
[  328s] ### VM INTERACTION END ###
[  328s] 
[  328s] old-atreju2 failed "build python-python-crontab.spec" at Sun Feb 19 00:09:17 UTC 2023.
[  328s] 
