[    0s] Memory limit set to 5447466KB
[    0s] Using BUILD_ROOT=/var/cache/obs/worker/root_3
[    0s] Using BUILD_ARCH=riscv64
[    0s] 
[    4s] 
[    4s] oe-RISCV-worker7 started "build _service:extract_file:python-pillow.spec" at Sat Apr 23 19:42:20 UTC 2022.
[    4s] 
[    4s] Building python-pillow for project 'openEuler:Mainline:RISC-V' repository 'advanced_riscv64' arch 'riscv64' srcmd5 '00c26827123aa1ee3f790f3fe562f287'
[    4s] 
[    4s] processing recipe /var/cache/obs/worker/root_3/.build-srcdir/_service:extract_file:python-pillow.spec ...
[    7s] running changelog2spec --target rpm --file /var/cache/obs/worker/root_3/.build-srcdir/_service:extract_file:python-pillow.spec
[    8s] init_buildsystem --configdir /var/run/obs/worker/3/build/configs --cachedir /var/cache/build --clean --rpmlist /var/cache/obs/worker/root_3/.build.rpmlist /var/cache/obs/worker/root_3/.build-srcdir/_service:extract_file:python-pillow.spec build ...
[   76s] cycle: coreutils -> bash
[   76s]   breaking dependency coreutils -> bash
[   76s] cycle: coreutils -> info
[   76s]   breaking dependency coreutils -> info
[   76s] cycle: glibc -> filesystem -> coreutils
[   76s]   breaking dependency coreutils -> glibc
[   76s] cycle: glibc -> filesystem -> coreutils -> libacl
[   76s]   breaking dependency coreutils -> libacl
[   76s] cycle: glibc -> filesystem -> coreutils -> attr
[   76s]   breaking dependency coreutils -> attr
[   76s] cycle: coreutils -> libcap
[   76s]   breaking dependency coreutils -> libcap
[   76s] cycle: glibc -> filesystem -> coreutils -> openssl-libs
[   76s]   breaking dependency coreutils -> openssl-libs
[   76s] cycle: glibc -> filesystem -> coreutils -> libselinux
[   76s]   breaking dependency libselinux -> glibc
[   76s] cycle: glibc -> filesystem -> coreutils -> libselinux -> pcre2
[   76s]   breaking dependency pcre2 -> glibc
[   76s] cycle: glibc -> filesystem -> coreutils -> libselinux -> pcre2 -> readline
[   76s]   breaking dependency readline -> glibc
[   76s] cycle: glibc -> filesystem -> coreutils -> libselinux -> pcre2 -> readline -> ncurses-libs
[   76s]   breaking dependency filesystem -> coreutils
[   76s] cycle: glibc -> filesystem -> bash -> coreutils -> libselinux -> pcre2 -> readline -> ncurses-libs
[   76s]   breaking dependency filesystem -> bash
[   76s] cycle: perl-Carp -> perl-libs
[   76s]   breaking dependency perl-libs -> perl-Carp
[   76s] cycle: perl-libs -> perl-Exporter
[   76s]   breaking dependency perl-libs -> perl-Exporter
[   76s] cycle: perl-Carp -> perl-Exporter
[   76s]   breaking dependency perl-Exporter -> perl-Carp
[   76s] cycle: nss-util -> nss
[   76s]   breaking dependency nss -> nss-util
[   76s] cycle: nss-softokn -> nss-util -> nss
[   76s]   breaking dependency nss -> nss-softokn
[   76s] cycle: systemd -> cryptsetup -> device-mapper
[   76s]   breaking dependency systemd -> cryptsetup
[   76s] cycle: audit -> systemd -> pam
[   76s]   breaking dependency systemd -> pam
[   76s] [1/84] preinstalling dbus...
[   77s] [2/84] preinstalling libffi-devel...
[   78s] [3/84] preinstalling nodejs-source-map...
[   78s] [4/84] preinstalling python3-pip...
[   81s] [5/84] preinstalling python3-setuptools_scm...
[   82s] [6/84] preinstalling filesystem...
[   84s] [7/84] preinstalling glibc...
[   87s] [8/84] preinstalling libgcc...
[   88s] [9/84] preinstalling diffutils...
[   89s] [10/84] preinstalling libcap-ng...
[   89s] [11/84] preinstalling libgpg-error...
[   90s] [12/84] preinstalling libpcap...
[   91s] [13/84] preinstalling libsmartcols...
[   92s] [14/84] preinstalling libuuid...
[   93s] [15/84] preinstalling libxcrypt...
[   93s] [16/84] preinstalling lz4...
[   94s] [17/84] preinstalling m4...
[   95s] [18/84] preinstalling ncurses-libs...
[   96s] [19/84] preinstalling nspr...
[   96s] [20/84] preinstalling xz-libs...
[   97s] [21/84] preinstalling zlib...
[   98s] [22/84] preinstalling attr...
[   99s] [23/84] preinstalling libdb...
[  102s] [24/84] preinstalling zstd...
[  104s] [25/84] preinstalling audit-libs...
[  105s] [26/84] preinstalling file...
[  105s] [27/84] preinstalling iptables-libs...
[  106s] [28/84] preinstalling libacl...
[  107s] [29/84] preinstalling libgcrypt...
[  108s] [30/84] preinstalling openssl-libs...
[  109s] [31/84] preinstalling readline...
[  110s] [32/84] preinstalling ncurses...
[  115s] [33/84] preinstalling cmake...
[  124s] [34/84] preinstalling perl-libs...
[  127s] [35/84] preinstalling pcre2...
[  128s] [36/84] preinstalling perl-Exporter...
[  129s] [37/84] preinstalling pcre...
[  130s] [38/84] preinstalling acl...
[  130s] [39/84] preinstalling sqlite...
[  132s] [40/84] preinstalling libselinux...
[  133s] [41/84] preinstalling perl-Carp...
[  134s] [42/84] preinstalling perl-Digest-MD5...
[  134s] [43/84] preinstalling sed...
[  135s] [44/84] preinstalling coreutils...
[  139s] [45/84] preinstalling bash...
[  140s] [46/84] preinstalling openssl...
[  141s] [47/84] preinstalling dnf...
[  142s] [48/84] preinstalling bzip2...
[  143s] [49/84] preinstalling hostname...
[  143s] [50/84] preinstalling libcap...
[  145s] [51/84] preinstalling popt...
[  145s] [52/84] preinstalling elfutils...
[  147s] [53/84] preinstalling grep...
[  148s] [54/84] preinstalling libblkid...
[  149s] [55/84] preinstalling perl-constant...
[  149s] [56/84] preinstalling tar...
[  151s] [57/84] preinstalling info...
[  152s] [58/84] preinstalling libgcrypt-devel...
[  152s] [59/84] preinstalling lua...
[  153s] [60/84] preinstalling nss...
[  154s] [61/84] preinstalling chkconfig...
[  155s] [62/84] preinstalling copy-jdk-configs...
[  156s] [63/84] preinstalling libfdisk...
[  157s] [64/84] preinstalling libmount...
[  157s] [65/84] preinstalling libsemanage...
[  158s] [66/84] preinstalling nss-util...
[  159s] [67/84] preinstalling findutils...
[  160s] [68/84] preinstalling perl-Getopt-Long...
[  162s] [69/84] preinstalling xz...
[  162s] [70/84] preinstalling perl-Data-Dumper...
[  163s] [71/84] preinstalling systemd-libs...
[  164s] [72/84] preinstalling rpm-libs...
[  165s] [73/84] preinstalling dbus-libs...
[  166s] [74/84] preinstalling nss-softokn...
[  167s] [75/84] preinstalling glib2...
[  171s] [76/84] preinstalling systemd...
[  174s] [77/84] preinstalling audit...
[  175s] [78/84] preinstalling rpm...
[  177s] [79/84] preinstalling openEuler-rpm-config...
[  177s] [80/84] preinstalling pam...
[  178s] [81/84] preinstalling util-linux...
[  182s] [82/84] preinstalling device-mapper...
[  183s] [83/84] preinstalling cryptsetup...
[  184s] [84/84] preinstalling lvm2...
[  186s] 
[  188s] initializing rpm db...
[  199s] reordering...cycle: adobe-mappings-cmap -> adobe-mappings-cmap-lang
[  199s]   breaking dependency adobe-mappings-cmap-lang -> adobe-mappings-cmap
[  199s] cycle: coreutils -> bash
[  199s]   breaking dependency coreutils -> bash
[  199s] cycle: coreutils -> info
[  199s]   breaking dependency coreutils -> info
[  199s] cycle: glibc -> basesystem -> filesystem -> coreutils -> gmp
[  199s]   breaking dependency coreutils -> gmp
[  199s] cycle: glibc -> basesystem -> filesystem -> coreutils
[  199s]   breaking dependency coreutils -> glibc
[  199s] cycle: glibc -> basesystem -> filesystem -> coreutils -> libacl
[  199s]   breaking dependency coreutils -> libacl
[  199s] cycle: glibc -> basesystem -> filesystem -> coreutils -> attr
[  199s]   breaking dependency coreutils -> attr
[  199s] cycle: coreutils -> libcap
[  199s]   breaking dependency coreutils -> libcap
[  199s] cycle: glibc -> basesystem -> filesystem -> coreutils -> openssl-libs
[  199s]   breaking dependency openssl-libs -> glibc
[  199s] cycle: coreutils -> openssl-libs -> ca-certificates
[  199s]   breaking dependency ca-certificates -> coreutils
[  199s] cycle: coreutils -> openssl-libs -> ca-certificates -> bash
[  199s]   breaking dependency ca-certificates -> bash
[  199s] cycle: coreutils -> openssl-libs -> ca-certificates -> grep
[  199s]   breaking dependency grep -> coreutils
[  199s] cycle: coreutils -> openssl-libs -> ca-certificates -> grep -> bash
[  199s]   breaking dependency ca-certificates -> grep
[  199s] cycle: glibc -> basesystem -> filesystem -> coreutils -> openssl-libs -> ca-certificates -> p11-kit
[  199s]   breaking dependency p11-kit -> glibc
[  199s] cycle: glibc -> basesystem -> filesystem -> coreutils -> openssl-libs -> ca-certificates -> p11-kit -> libffi
[  199s]   breaking dependency openssl-libs -> ca-certificates
[  199s] cycle: coreutils -> openssl-libs -> crypto-policies -> bash
[  199s]   breaking dependency crypto-policies -> bash
[  199s] cycle: coreutils -> openssl-libs -> crypto-policies
[  199s]   breaking dependency crypto-policies -> coreutils
[  199s] cycle: coreutils -> openssl-libs -> crypto-policies -> grep -> bash
[  199s]   breaking dependency bash -> coreutils
[  199s] cycle: filesystem -> coreutils -> openssl-libs -> crypto-policies -> grep -> bash
[  199s]   breaking dependency grep -> bash
[  199s] cycle: glibc -> basesystem -> filesystem -> coreutils -> openssl-libs -> crypto-policies -> grep
[  199s]   breaking dependency glibc -> basesystem
[  199s] cycle: glibc -> glibc-common -> bash -> filesystem -> coreutils -> openssl-libs -> crypto-policies -> grep
[  199s]   breaking dependency glibc-common -> bash
[  199s] cycle: glibc -> glibc-common -> coreutils -> openssl-libs -> crypto-policies -> grep
[  199s]   breaking dependency glibc-common -> coreutils
[  199s] cycle: glibc -> glibc-common
[  199s]   breaking dependency glibc-common -> glibc
[  199s] cycle: glibc -> glibc-common -> libselinux
[  199s]   breaking dependency libselinux -> glibc
[  199s] cycle: glibc -> glibc-common -> libselinux -> pcre2
[  199s]   breaking dependency pcre2 -> glibc
[  199s] cycle: glibc -> glibc-common -> libselinux -> pcre2 -> readline
[  199s]   breaking dependency readline -> glibc
[  199s] cycle: glibc -> glibc-common -> libselinux -> pcre2 -> readline -> ncurses-libs
[  199s]   breaking dependency libselinux -> pcre2
[  199s] cycle: glibc -> glibc-common -> libselinux -> libsepol -> coreutils -> openssl-libs -> crypto-policies -> grep
[  199s]   breaking dependency libsepol -> coreutils
[  199s] cycle: glibc -> glibc-common -> libselinux -> libsepol -> bash -> filesystem -> coreutils -> openssl-libs -> crypto-policies -> grep
[  199s]   breaking dependency filesystem -> coreutils
[  199s] cycle: bash -> filesystem
[  199s]   breaking dependency filesystem -> bash
[  199s] cycle: filesystem -> setup
[  199s]   breaking dependency filesystem -> setup
[  199s] cycle: glibc -> glibc-common -> libselinux -> libsepol -> bash
[  199s]   breaking dependency bash -> glibc
[  199s] cycle: glibc -> glibc-common -> libselinux -> libsepol -> bash -> ncurses-libs
[  199s]   breaking dependency libsepol -> bash
[  199s] cycle: glibc -> glibc-common -> libselinux -> libsepol
[  199s]   breaking dependency glibc -> glibc-common
[  199s] cycle: systemd -> cryptsetup -> device-mapper
[  199s]   breaking dependency systemd -> cryptsetup
[  199s] cycle: perl-libs -> perl-Carp
[  199s]   breaking dependency perl-libs -> perl-Carp
[  199s] cycle: perl-libs -> perl-Exporter
[  199s]   breaking dependency perl-libs -> perl-Exporter
[  199s] cycle: perl-Carp -> perl-Exporter
[  199s]   breaking dependency perl-Exporter -> perl-Carp
[  199s] cycle: perl -> perl-PathTools
[  199s]   breaking dependency perl -> perl-PathTools
[  199s] cycle: perl -> perl-ExtUtils-MakeMaker
[  199s]   breaking dependency perl -> perl-ExtUtils-MakeMaker
[  199s] cycle: perl -> perl-File-Path -> perl-PathTools
[  199s]   breaking dependency perl -> perl-File-Path
[  199s] cycle: perl -> perl-Getopt-Long -> perl-Pod-Usage
[  199s]   breaking dependency perl -> perl-Getopt-Long
[  199s] cycle: perl -> perl-Locale-Maketext
[  199s]   breaking dependency perl -> perl-Locale-Maketext
[  199s] cycle: perl -> perl-Pod-Simple
[  199s]   breaking dependency perl -> perl-Pod-Simple
[  199s] cycle: perl -> perl-Socket
[  199s]   breaking dependency perl -> perl-Socket
[  199s] cycle: perl -> perl-Storable
[  199s]   breaking dependency perl -> perl-Storable
[  199s] cycle: perl -> perl-Text-Tabs+Wrap
[  199s]   breaking dependency perl -> perl-Text-Tabs+Wrap
[  199s] cycle: perl -> perl-Time-Local -> perl-constant
[  199s]   breaking dependency perl -> perl-Time-Local
[  199s] cycle: perl -> perl-constant
[  199s]   breaking dependency perl -> perl-constant
[  199s] cycle: perl -> perl-threads
[  199s]   breaking dependency perl -> perl-threads
[  199s] cycle: perl -> perl-threads-shared
[  199s]   breaking dependency perl -> perl-threads-shared
[  199s] cycle: perl -> perl-Archive-Tar
[  199s]   breaking dependency perl -> perl-Archive-Tar
[  199s] cycle: perl -> perl-B-Debug
[  199s]   breaking dependency perl -> perl-B-Debug
[  199s] cycle: perl -> perl-CPAN-Meta -> perl-CPAN-Meta-Requirements
[  199s]   breaking dependency perl -> perl-CPAN-Meta
[  199s] cycle: perl -> perl-CPAN-Meta-Requirements
[  199s]   breaking dependency perl -> perl-CPAN-Meta-Requirements
[  199s] cycle: perl -> perl-CPAN-Meta-YAML
[  199s]   breaking dependency perl -> perl-CPAN-Meta-YAML
[  199s] cycle: perl -> perl-Compress-Raw-Bzip2
[  199s]   breaking dependency perl -> perl-Compress-Raw-Bzip2
[  199s] cycle: perl -> perl-Compress-Raw-Zlib
[  199s]   breaking dependency perl -> perl-Compress-Raw-Zlib
[  199s] cycle: perl -> perl-Config-Perl-V
[  199s]   breaking dependency perl -> perl-Config-Perl-V
[  199s] cycle: perl -> perl-DB_File
[  199s]   breaking dependency perl -> perl-DB_File
[  199s] cycle: perl -> perl-Data-Dumper
[  199s]   breaking dependency perl -> perl-Data-Dumper
[  199s] cycle: perl -> perl-Devel-PPPort
[  199s]   breaking dependency perl -> perl-Devel-PPPort
[  199s] cycle: perl -> perl-Digest -> perl-MIME-Base64
[  199s]   breaking dependency perl -> perl-Digest
[  199s] cycle: perl -> perl-Digest-MD5 -> perl-Digest -> perl-MIME-Base64
[  199s]   breaking dependency perl -> perl-Digest-MD5
[  199s] cycle: perl -> perl-Digest-SHA
[  199s]   breaking dependency perl -> perl-Digest-SHA
[  199s] cycle: perl -> perl-Encode
[  199s]   breaking dependency perl -> perl-Encode
[  199s] cycle: perl -> perl-Env
[  199s]   breaking dependency perl -> perl-Env
[  199s] cycle: perl -> perl-ExtUtils-Command
[  199s]   breaking dependency perl -> perl-ExtUtils-Command
[  199s] cycle: perl -> perl-ExtUtils-Install
[  199s]   breaking dependency perl -> perl-ExtUtils-Install
[  199s] cycle: perl -> perl-ExtUtils-Manifest
[  199s]   breaking dependency perl -> perl-ExtUtils-Manifest
[  199s] cycle: perl -> perl-ExtUtils-ParseXS
[  199s]   breaking dependency perl -> perl-ExtUtils-ParseXS
[  199s] cycle: perl -> perl-File-Fetch -> perl-PathTools
[  199s]   breaking dependency perl -> perl-File-Fetch
[  199s] cycle: perl -> perl-File-Temp -> perl-PathTools
[  199s]   breaking dependency perl -> perl-File-Temp
[  199s] cycle: perl -> perl-Filter
[  199s]   breaking dependency perl -> perl-Filter
[  199s] cycle: perl -> perl-Filter-Simple -> perl-Filter
[  199s]   breaking dependency perl -> perl-Filter-Simple
[  199s] cycle: perl -> perl-HTTP-Tiny
[  199s]   breaking dependency perl -> perl-HTTP-Tiny
[  199s] cycle: perl -> perl-IO-Compress
[  199s]   breaking dependency perl -> perl-IO-Compress
[  199s] cycle: perl -> perl-IO-Socket-IP
[  199s]   breaking dependency perl -> perl-IO-Socket-IP
[  199s] cycle: perl -> perl-IPC-Cmd -> perl-ExtUtils-MakeMaker
[  199s]   breaking dependency perl -> perl-IPC-Cmd
[  199s] cycle: perl -> perl-IPC-SysV
[  199s]   breaking dependency perl -> perl-IPC-SysV
[  199s] cycle: perl -> perl-JSON-PP
[  199s]   breaking dependency perl -> perl-JSON-PP
[  199s] cycle: perl -> perl-Locale-Codes -> perl-constant
[  199s]   breaking dependency perl -> perl-Locale-Codes
[  199s] cycle: perl -> perl-MIME-Base64
[  199s]   breaking dependency perl -> perl-MIME-Base64
[  199s] cycle: perl -> perl-Math-BigInt
[  199s]   breaking dependency perl -> perl-Math-BigInt
[  199s] cycle: perl -> perl-Math-BigInt-FastCalc -> perl-Math-BigInt
[  199s]   breaking dependency perl -> perl-Math-BigInt-FastCalc
[  199s] cycle: perl -> perl-Math-BigRat -> perl-Math-BigInt
[  199s]   breaking dependency perl -> perl-Math-BigRat
[  199s] cycle: perl -> perl-Module-CoreList
[  199s]   breaking dependency perl -> perl-Module-CoreList
[  199s] cycle: perl -> perl-Module-Load -> perl-PathTools
[  199s]   breaking dependency perl -> perl-Module-Load
[  199s] cycle: perl -> perl-Module-Load-Conditional
[  199s]   breaking dependency perl -> perl-Module-Load-Conditional
[  199s] cycle: perl -> perl-Module-Metadata
[  199s]   breaking dependency perl -> perl-Module-Metadata
[  199s] cycle: perl -> perl-Params-Check
[  199s]   breaking dependency perl -> perl-Params-Check
[  199s] cycle: perl -> perl-PerlIO-via-QuotedPrint -> perl-MIME-Base64
[  199s]   breaking dependency perl -> perl-PerlIO-via-QuotedPrint
[  199s] cycle: perl -> perl-Pod-Checker
[  199s]   breaking dependency perl -> perl-Pod-Checker
[  199s] cycle: perl -> perl-Pod-Escapes
[  199s]   breaking dependency perl -> perl-Pod-Escapes
[  199s] cycle: perl -> perl-Pod-Parser
[  199s]   breaking dependency perl -> perl-Pod-Parser
[  199s] cycle: perl -> perl-Pod-Perldoc
[  199s]   breaking dependency perl -> perl-Pod-Perldoc
[  199s] cycle: perl -> perl-Pod-Usage
[  199s]   breaking dependency perl -> perl-Pod-Usage
[  199s] cycle: perl -> perl-Sys-Syslog
[  199s]   breaking dependency perl -> perl-Sys-Syslog
[  199s] cycle: perl -> perl-Term-Cap
[  199s]   breaking dependency perl -> perl-Term-Cap
[  199s] cycle: perl -> perl-Test-Harness
[  199s]   breaking dependency perl -> perl-Test-Harness
[  199s] cycle: perl -> perl-Test-Simple
[  199s]   breaking dependency perl -> perl-Test-Simple
[  199s] cycle: perl -> perl-Text-Balanced
[  199s]   breaking dependency perl -> perl-Text-Balanced
[  199s] cycle: perl -> perl-Thread-Queue -> perl-threads-shared
[  199s]   breaking dependency perl -> perl-Thread-Queue
[  199s] cycle: perl -> perl-Unicode-Collate -> perl-PathTools
[  199s]   breaking dependency perl -> perl-Unicode-Collate
[  199s] cycle: perl -> perl-autodie
[  199s]   breaking dependency perl -> perl-autodie
[  199s] cycle: perl -> perl-bignum -> perl-Math-BigInt
[  199s]   breaking dependency perl -> perl-bignum
[  199s] cycle: perl -> perl-devel
[  199s]   breaking dependency perl -> perl-devel
[  199s] cycle: perl -> perl-Encode-devel
[  199s]   breaking dependency perl -> perl-Encode-devel
[  199s] cycle: perl -> perl-experimental
[  199s]   breaking dependency perl -> perl-experimental
[  199s] cycle: perl -> perl-libnet -> perl-Digest-MD5 -> perl-Digest -> perl-MIME-Base64
[  199s]   breaking dependency perl -> perl-libnet
[  199s] cycle: perl -> perl-podlators
[  199s]   breaking dependency perl -> perl-podlators
[  199s] cycle: perl -> perl-version
[  199s]   breaking dependency perl -> perl-version
[  199s] cycle: glib2 -> gamin
[  199s]   breaking dependency glib2 -> gamin
[  199s] cycle: systemd -> gnutls -> unbound-libs -> shadow -> pam -> audit
[  199s]   breaking dependency systemd -> gnutls
[  199s] cycle: systemd -> pam -> audit
[  199s]   breaking dependency systemd -> pam
[  199s] cycle: systemd -> shadow -> pam -> audit
[  199s]   breaking dependency systemd -> shadow
[  199s] cycle: pam -> libpwquality
[  199s]   breaking dependency pam -> libpwquality
[  199s] cycle: perl-Getopt-Long -> perl-Pod-Usage
[  199s]   breaking dependency perl-Pod-Usage -> perl-Getopt-Long
[  199s] cycle: perl-Getopt-Long -> perl-Pod-Usage -> perl-podlators -> perl-Encode
[  199s]   breaking dependency perl-podlators -> perl-Encode
[  199s] cycle: perl-Getopt-Long -> perl-Pod-Usage -> perl-podlators
[  199s]   breaking dependency perl-podlators -> perl-Getopt-Long
[  199s] cycle: perl-Getopt-Long -> perl-Pod-Usage -> perl-podlators -> perl-Pod-Simple -> perl-Encode
[  199s]   breaking dependency perl-Encode -> perl-Getopt-Long
[  199s] cycle: perl-Getopt-Long -> perl-Pod-Usage -> perl-podlators -> perl-Pod-Simple
[  199s]   breaking dependency perl-podlators -> perl-Pod-Simple
[  199s] cycle: perl-Pod-Usage -> perl-podlators
[  199s]   breaking dependency perl-podlators -> perl-Pod-Usage
[  199s] cycle: groff -> perl-Getopt-Long -> perl-Pod-Usage -> perl-Pod-Perldoc
[  199s]   breaking dependency groff -> perl-Getopt-Long
[  199s] cycle: qt5-qtbase-common -> qt5-qtbase
[  199s]   breaking dependency qt5-qtbase -> qt5-qtbase-common
[  199s] cycle: openblas-devel -> openblas
[  199s]   breaking dependency openblas -> openblas-devel
[  199s] cycle: libglvnd-egl -> mesa-libEGL
[  199s]   breaking dependency mesa-libEGL -> libglvnd-egl
[  199s] cycle: libxcrypt-devel -> glibc-devel
[  199s]   breaking dependency glibc-devel -> libxcrypt-devel
[  199s] cycle: cmake-data -> cmake
[  199s]   breaking dependency cmake -> cmake-data
[  199s] cycle: libglvnd-glx -> mesa-libGL
[  199s]   breaking dependency mesa-libGL -> libglvnd-glx
[  199s] cycle: nss-util -> nss
[  199s]   breaking dependency nss -> nss-util
[  199s] cycle: nss-softokn -> nss-util -> nss
[  199s]   breaking dependency nss -> nss-softokn
[  199s] cycle: fontconfig -> urw-base35-nimbus-sans-fonts
[  199s]   breaking dependency fontconfig -> urw-base35-nimbus-sans-fonts
[  199s] cycle: fontconfig -> urw-base35-nimbus-roman-fonts
[  199s]   breaking dependency fontconfig -> urw-base35-nimbus-roman-fonts
[  199s] cycle: fontconfig -> urw-base35-z003-fonts
[  199s]   breaking dependency fontconfig -> urw-base35-z003-fonts
[  199s] cycle: fontconfig -> urw-base35-nimbus-mono-ps-fonts
[  199s]   breaking dependency fontconfig -> urw-base35-nimbus-mono-ps-fonts
[  199s] cycle: fontconfig -> urw-base35-d050000l-fonts
[  199s]   breaking dependency fontconfig -> urw-base35-d050000l-fonts
[  199s] cycle: fontconfig -> urw-base35-gothic-fonts
[  199s]   breaking dependency fontconfig -> urw-base35-gothic-fonts
[  199s] cycle: fontconfig -> urw-base35-bookman-fonts
[  199s]   breaking dependency fontconfig -> urw-base35-bookman-fonts
[  199s] cycle: fontconfig -> urw-base35-c059-fonts
[  199s]   breaking dependency fontconfig -> urw-base35-c059-fonts
[  199s] cycle: fontconfig -> urw-base35-p052-fonts
[  199s]   breaking dependency fontconfig -> urw-base35-p052-fonts
[  199s] cycle: perl-Getopt-Long -> perl-Pod-Usage -> perl-Pod-Perldoc -> perl-Pod-Simple
[  199s]   breaking dependency perl-Pod-Perldoc -> perl-Pod-Simple
[  199s] cycle: polkit-pkla-compat -> polkit
[  199s]   breaking dependency polkit -> polkit-pkla-compat
[  199s] cycle: openssh -> openssh-server
[  199s]   breaking dependency openssh-server -> openssh
[  199s] cycle: git -> perl-Git
[  199s]   breaking dependency git -> perl-Git
[  199s] cycle: perl-ExtUtils-Install -> perl-ExtUtils-MakeMaker
[  199s]   breaking dependency perl-ExtUtils-MakeMaker -> perl-ExtUtils-Install
[  200s] done
[  200s] querying package ids...
[  234s] [1/546] installing adobe-mappings-pdf-20190401-2.oe1
[  236s] [2/546] installing cmake-filesystem-3.22.0-1.oe1
[  237s] [3/546] installing fonts-filesystem-2.0.2-2.oe1
[  238s] [4/546] installing fuse-common-3.9.2-5.oe1
[  239s] [5/546] installing kernel-headers-5.10-3.oe1
[  244s] [6/546] installing libreport-filesystem-2.13.1-5.oe1
[  245s] [7/546] installing ncurses-base-6.1-14.oe1
[  246s] [8/546] installing openEuler-gpg-keys-1.0-2.5.oe1
[  247s] [9/546] installing python-qt5-rpm-macros-5.11.2-4.fc29
[  248s] [10/546] installing python-setuptools-59.4.0-3.oe1
[  249s] [11/546] installing qt-settings-29.1-3.oe1
[  249s] [12/546] installing qt5-srpm-macros-5.15.2-1.oe1
[  250s] [13/546] installing tzdata-2021a-2.oe1
[  256s] [14/546] installing xkeyboard-config-2.30-1.oe1
[  259s] [15/546] installing dnf-data-4.10.0-1.oe1
[  259s] [16/546] installing google-droid-sans-fonts-20120715-15.oe1
[  263s] [17/546] installing openEuler-repos-1.0-2.5.oe1
[  263s] [18/546] installing openEuler-release-20.03LTS-40.oe1
[  264s] [19/546] installing adobe-mappings-cmap-lang-20190730-3.oe1
[  270s] [20/546] installing filesystem-3.9-3.oe1
[  279s] warning: group mail does not exist - using root
[  279s] [21/546] installing adobe-mappings-cmap-20190730-3.oe1
[  279s] [22/546] installing emacs-filesystem-1:27.1-5.oe1
[  281s] [23/546] installing libgcc-10.3.1-10.oe1
[  282s] [24/546] installing setup-2.13.3-4.oe1
[  283s] [25/546] installing urw-base35-fonts-common-20170801-11
[  284s] [26/546] installing glibc-2.34-74.oe1
[  290s] [27/546] installing bluez-libs-5.54-3.oe1
[  291s] [28/546] installing brotli-1.0.9-2.oe1
[  292s] [29/546] installing cdparanoia-libs-10.2-31.oe1
[  293s] [30/546] installing chrpath-0.16-12.oe1
[  294s] [31/546] installing cpio-2.13-4.oe1
[  295s] [32/546] installing diffutils-3.7-4.oe1
[  296s] [33/546] installing expat-2.2.10-1.oe1
[  297s] [34/546] installing fribidi-1.0.10-1.oe1
[  298s] [35/546] installing gsm-1.0.18-5.oe1
[  299s] [36/546] installing jbig2dec-0.19-2.oe1
[  300s] [37/546] installing jbigkit-libs-2.1-17.oe1
[  301s] [38/546] installing json-c-0.15-1.oe1
[  302s] [39/546] installing keyutils-libs-1.6.3-3.oe1
[  303s] [40/546] installing lcms2-2.11-2.oe1
[  304s] [41/546] installing libICE-1.0.10-2.oe1
[  305s] [42/546] installing libXau-1.0.9-2.oe1
[  306s] [43/546] installing libaio-0.3.112-1.oe1
[  306s] [44/546] installing libargon2-20190702-1.oe1
[  307s] [45/546] installing libasyncns-0.8-17.oe1
[  309s] [46/546] installing libatomic-10.3.1-10.oe1
[  309s] [47/546] installing libcap-ng-0.7.11-1.oe1
[  310s] [48/546] installing libdatrie-0.2.12-1.oe1
[  311s] [49/546] installing libdrm-2.4.109-3.oe1
[  312s] [50/546] installing libepoxy-1.5.3-2
[  313s] [51/546] installing libev-4.24-11.oe1
[  314s] [52/546] installing libffi-3.3-31.oe1
[  315s] [53/546] installing libglvnd-1:1.3.4-2.oe1
[  316s] [54/546] installing libgomp-10.3.1-10.oe1
[  317s] [55/546] installing libgpg-error-1.41-1.oe1
[  318s] [56/546] installing libijs-0.35-9.oe1
[  320s] [57/546] installing libjpeg-turbo-2.0.6-1.oe1
[  321s] [58/546] installing libnghttp2-1.42.0-1.oe1
[  322s] [59/546] installing libogg-2:1.3.3-3.oe1
[  323s] [60/546] installing libpcap-14:1.9.1-7.oe1
[  324s] [61/546] installing libpipeline-1.5.3-1.oe1
[  325s] [62/546] installing libsigsegv-2.11-10.oe1
[  326s] [63/546] installing libsmartcols-2.36.1-3.oe1
[  327s] [64/546] installing libtasn1-4.16.0-2.oe1
[  328s] [65/546] installing libtdb-1.4.3-1.oe1
[  329s] [66/546] installing libtool-ltdl-2.4.6-34.oe1
[  330s] [67/546] installing libunistring-0.9.10-8.oe1
[  331s] [68/546] installing libuuid-2.36.1-3.oe1
[  332s] [69/546] installing libuv-1:1.40.0-1.oe1
[  333s] [70/546] installing libvisual-1:0.4.0-27.oe1
[  334s] [71/546] installing libwebp-1.1.0-3.oe1
[  335s] [72/546] installing libxcrypt-4.4.8-4.oe1
[  336s] [73/546] installing libxshmfence-1.3-6.oe1
[  337s] [74/546] installing libyaml-0.2.5-1.oe1
[  338s] [75/546] installing lz4-1.9.3-1.oe1
[  339s] [76/546] installing m4-1.4.18-14.oe1
[  340s] [77/546] installing mcpp-2.7.2-25.oe1
[  341s] [78/546] installing nspr-4.32.0-1.oe1
[  342s] [79/546] installing openjpeg2-2.3.1-6.oe1
[  343s] [80/546] installing opus-1.3.1-1.oe1
[  345s] [81/546] installing pixman-0.38.0-1.oe1
[  346s] [82/546] installing pkgconf-1.7.3-1.oe1
[  347s] [83/546] installing rhash-1.3.5-5.oe1
[  348s] [84/546] installing sbc-1.5-1.oe1
[  349s] [85/546] installing speexdsp-1.2.0-2.oe1
[  350s] [86/546] installing which-2.21-14.oe1
[  351s] [87/546] installing xz-libs-5.2.5-1.oe1
[  351s] [88/546] installing zlib-1.2.11-18.oe1
[  352s] [89/546] installing attr-2.4.48-12.oe1
[  354s] [90/546] installing basesystem-12-2.oe1
[  354s] [91/546] installing libgfortran-10.3.1-10.oe1
[  355s] [92/546] installing libidn-1.36-1.oe1
[  357s] [93/546] installing libstdc++-10.3.1-10.oe1
[  358s] [94/546] installing ncurses-libs-6.1-14.oe1
[  359s] [95/546] installing libsepol-3.1-4.oe1
[  361s] [96/546] installing libstdc++-devel-10.3.1-10.oe1
[  367s] [97/546] installing xorg-x11-proto-devel-2019.1-1.oe1
[  370s] [98/546] installing audit-libs-1:3.0-2.oe1
[  372s] [99/546] installing file-libs-5.39-6.oe1
[  374s] [100/546] installing fribidi-devel-1.0.10-1.oe1
[  375s] [101/546] installing gmp-1:6.2.1-1.oe1
[  376s] [102/546] installing iptables-libs-1.8.1-4.oe1
[  377s] [103/546] installing lcms2-devel-2.11-2.oe1
[  379s] [104/546] installing less-563-2.oe1
[  380s] [105/546] installing libacl-2.2.53-7.oe1
[  381s] [106/546] installing libassuan-2.5.4-1.oe1
[  382s] [107/546] installing libedit-3.1-27.oe1
[  383s] [108/546] installing libffi-devel-3.3-31.oe1
[  384s] [109/546] installing libfontenc-1.1.4-2.oe1
[  384s] [110/546] installing libgcrypt-1.8.7-1.oe1
[  386s] [111/546] installing libimagequant-2.14.0-2.oe1
[  387s] [112/546] installing libjpeg-turbo-devel-2.0.6-1.oe1
[  388s] [113/546] installing libpng-2:1.6.37-1.oe1
[  388s] [114/546] installing libsepol-devel-3.1-4.oe1
[  391s] [115/546] installing libthai-0.1.28-4.oe1
[  392s] [116/546] installing libtheora-1:1.1.1-24.oe1
[  394s] [117/546] installing libvorbis-1:1.3.6-5.oe1
[  395s] [118/546] installing libwebp-devel-1.1.0-3.oe1
[  397s] [119/546] installing libxcb-1.14-1.oe1
[  399s] [120/546] installing openjpeg2-devel-2.3.1-6.oe1
[  400s] [121/546] installing readline-8.0-2.oe1
[  401s] [122/546] installing wayland-1.19.91-2.oe1
[  402s] [123/546] installing zlib-devel-1.2.11-18.oe1
[  403s] [124/546] installing fuse-2.9.9-6.oe1
[  404s] [125/546] installing gc-8.0.4-2.oe1
[  405s] [126/546] installing libSM-1.2.3-2.oe1
[  406s] [127/546] installing libdb-5.3.28-35.oe1
[  410s] [128/546] installing libicu-62.1-5.oe1
[  421s] [129/546] installing libselinux-3.1-3.oe1
[  422s] [130/546] installing libxml2-2.9.12-5.oe1
[  424s] [131/546] installing webrtc-audio-processing-0.3.1-4.oe1
[  425s] [132/546] installing bash-5.1-1.oe1
[  428s] [133/546] installing flac-1.3.2-12.oe1
[  429s] [134/546] installing perl-libs-4:5.28.0-435.oe1
[  434s] [135/546] installing zstd-1.4.8-2.oe1
[  437s] [136/546] installing mozjs60-60.2.2-5.oe1
[  445s] [137/546] installing ncurses-6.1-14.oe1
[  452s] [138/546] installing thin-provisioning-tools-0.8.5-1.oe1
[  454s] [139/546] installing libtiff-4.2.0-1.oe1
[  455s] [140/546] installing perl-parent-1:0.237-4.oe1
[  456s] [141/546] installing perl-perlfaq-5.20180915-5.oe1
[  457s] [142/546] installing libX11-1.6.9-2.oe1
[  460s] [143/546] installing libimagequant-devel-2.14.0-2.oe1
[  461s] [144/546] installing libtiff-devel-4.2.0-1.oe1
[  462s] [145/546] installing mesa-libglapi-21.3.1-1.oe1
[  463s] [146/546] installing mpfr-4.1.0-2.oe1
[  465s] [147/546] installing nettle-3.6-6.oe1
[  467s] [148/546] installing pcre2-10.36-1.oe1
[  469s] [149/546] installing perl-Exporter-5.74-1.oe1
[  470s] [150/546] installing xcb-util-0.4.0-13.oe1
[  471s] [151/546] installing file-5.39-6.oe1
[  472s] [152/546] installing gdbm-1:1.18.1-1.oe1
[  473s] [153/546] installing libXau-devel-1.0.9-2.oe1
[  474s] [154/546] installing libxkbcommon-1.0.3-1.oe1
[  475s] [155/546] installing patch-2.7.6-12.oe1
[  476s] [156/546] installing qrencode-4.1.1-1
[  477s] [157/546] installing sed-4.8-2.oe1
[  478s] [158/546] installing acl-2.2.53-7.oe1
[  479s] [159/546] installing libcomps-0.1.15-1.oe1
[  481s] [160/546] installing libsndfile-1.0.28-18.oe1
[  482s] [161/546] installing pcre-8.44-1.oe1
[  483s] [162/546] installing glibc-common-2.34-74.oe1
[  493s] [163/546] installing mesa-libgbm-21.3.1-1.oe1
[  495s] [164/546] installing crontabs-1.11-21.oe1
[  496s] [165/546] installing libXcomposite-0.4.5-1.oe1
[  497s] [166/546] installing libXext-1.3.4-2.oe1
[  498s] [167/546] installing libXfixes-5.0.3-11.oe1
[  500s] [168/546] installing libXpm-3.5.12-11.oe1
[  502s] [169/546] installing libXrender-0.9.10-10.oe1
[  503s] [170/546] installing perl-Carp-1.50-418.oe1
[  504s] [171/546] installing perl-Perl-OSType-1.010-421.oe1
[  505s] [172/546] installing perl-Term-ANSIColor-4.06-511.oe1
[  506s] [173/546] installing libmpc-1.2.0-2.oe1
[  507s] [174/546] installing libxcb-devel-1.14-1.oe1
[  510s] [175/546] installing grep-3.6-1.oe1
[  512s] [176/546] installing libXt-1.2.0-0.oe1
[  514s] [177/546] installing gawk-5.1.0-1.oe1
[  516s] [178/546] installing mesa-libEGL-21.3.1-1.oe1
[  517s] [179/546] installing libXdamage-1.1.5-1.oe1
[  519s] [180/546] installing libXi-1.7.10-1.oe1
[  520s] [181/546] installing libXinerama-1.1.4-5.oe1
[  521s] [182/546] installing libXv-1.0.11-11.oe1
[  523s] [183/546] installing libXxf86misc-1.0.4-4.oe1
[  524s] [184/546] installing libXxf86vm-1.1.4-13.oe1
[  526s] [185/546] installing libglvnd-egl-1:1.3.4-2.oe1
[  527s] [186/546] installing libglvnd-gles-1:1.3.4-2.oe1
[  529s] [187/546] installing perl-Text-ParseWords-3.30-419.oe1
[  529s] [188/546] installing crypto-policies-20180925-3.git71ca85f.oe1
[  535s] [189/546] installing libX11-devel-1.6.9-2.oe1
[  538s] [190/546] installing libXcursor-1.2.0-1.oe1
[  540s] [191/546] installing libXmu-1.1.3-1.oe1
[  541s] [192/546] installing libXrandr-1.5.2-1.oe1
[  542s] [193/546] installing cpp-10.3.1-10.oe1
[  551s] [194/546] installing libXrender-devel-0.9.10-10.oe1
[  552s] [195/546] installing libXtst-1.2.3-10.oe1
[  553s] [196/546] installing openssl-libs-1:1.1.1f-2.oe1
[  556s] [197/546] installing libXaw-1.0.13-13.oe1
[  558s] [198/546] installing mesa-libGL-21.3.1-1.oe1
[  559s] [199/546] installing xorg-x11-server-utils-7.7-28
[  562s] [200/546] installing ima-evm-utils-libs-1.2.1-8.oe1
[  563s] [201/546] installing libevent-2.1.12-4
[  565s] [202/546] installing kmod-libs-27-4.oe1
[  566s] [203/546] installing kmod-27-4.oe1
[  568s] [204/546] installing libglvnd-glx-1:1.3.4-2.oe1
[  570s] [205/546] installing nodejs-libs-1:16.10.0-1.oe1
[  602s] [206/546] installing coreutils-8.31-4.oe1
[  609s] [207/546] installing adwaita-icon-theme-3.38.0-1.oe1
[  638s] [208/546] installing alsa-lib-1.2.4-1.oe1
[  640s] [209/546] installing hicolor-icon-theme-0.17-4.oe1
[  642s] [210/546] installing publicsuffix-list-20200718-1.oe1
[  643s] [211/546] installing uname-build-checks-1.0-0.4.oe1
[  644s] [212/546] installing bzip2-1.0.8-3.oe1
[  646s] [213/546] installing gzip-1.10-1.oe1
[  647s] [214/546] installing hostname-3.21-2.oe1
[  649s] [215/546] installing libcap-2.32-2.oe1
[  650s] [216/546] installing libpaper-1.1.24-25.oe1
[  652s] [217/546] installing libseccomp-2.4.3-2.oe1
[  654s] [218/546] installing npth-1.5-7.oe1
[  655s] [219/546] installing orc-0.4.32-1.oe1
[  658s] [220/546] installing popt-1.18-1.oe1
[  660s] [221/546] installing sgml-common-0.6.3-51.oe1
[  661s] [222/546] installing fipscheck-1.5.0-7.oe1
[  663s] [223/546] installing libblkid-2.36.1-3.oe1
[  665s] [224/546] installing libidn2-2.3.0-1.oe1
[  667s] [225/546] installing libksba-1.3.5-12.oe1
[  669s] [226/546] installing mesa-libGLU-9.0.1-1.oe1
[  671s] [227/546] installing pcre-devel-8.44-1.oe1
[  673s] [228/546] installing pcre2-devel-10.36-1.oe1
[  676s] [229/546] installing tar-2:1.32-3.oe1
[  678s] [230/546] installing tcl-1:8.6.10-3.oe1
[  682s] [231/546] installing xcb-util-keysyms-0.4.0-10.oe1
[  684s] [232/546] installing xcb-util-renderutil-0.3.9-13.oe1
[  686s] [233/546] installing xcb-util-wm-0.4.1-15.oe1
[  688s] [234/546] installing elfutils-0.185-5.oe1
[  691s] Couldn't write '0' to 'kernel/yama/ptrace_scope', ignoring: No such file or directory
[  691s] [235/546] installing glew-2.1.0-3.oe1
[  694s] [236/546] installing graphite2-1.3.13-2.oe1
[  696s] [237/546] installing info-6.7-2.oe1
[  697s] [238/546] installing jsoncpp-1.9.4-1.oe1
[  699s] [239/546] installing libgpg-error-devel-1.41-1.oe1
[  700s] [240/546] installing lua-5.3.5-6.oe1
[  702s] [241/546] installing slang-2.3.2-8.oe1
[  705s] [242/546] installing xcb-util-image-0.4.0-12.oe1
[  708s] [243/546] installing xz-5.2.5-1.oe1
[  709s] [244/546] installing glibc-devel-2.34-74.oe1
[  718s] [245/546] installing perl-Scalar-List-Utils-3:1.52-2.oe1
[  719s] [246/546] installing perl-Time-HiRes-1.9760-2.oe1
[  721s] [247/546] installing perl-Unicode-Normalize-1.26-419.oe1
[  723s] [248/546] installing libicu-devel-62.1-5.oe1
[  727s] [249/546] installing libpng-devel-2:1.6.37-1.oe1
[  729s] [250/546] installing openblas-0.3.13-3.oe1
[  903s] [251/546] installing freeglut-3.0.0-10.oe1
[  905s] [252/546] installing systemd-libs-243-22.oe1
[  908s] [253/546] installing guile-5:2.0.14-15.oe1
[  915s] [254/546] installing iso-codes-4.5.0-1.oe1
[  923s] [255/546] installing bzip2-devel-1.0.8-3.oe1
[  925s] [256/546] installing dbus-libs-1:1.12.20-3.oe1
[  928s] [257/546] installing graphite2-devel-1.3.13-2.oe1
[  929s] [258/546] installing libusbx-1.0.23-3.oe1
[  931s] [259/546] installing xz-devel-5.2.5-1.oe1
[  932s] [260/546] installing zip-3.0-29.oe1
[  934s] [261/546] installing libfdisk-2.36.1-3.oe1
[  936s] [262/546] installing libxcrypt-devel-4.4.8-4.oe1
[  938s] [263/546] installing newt-0.52.21-4.oe1
[  940s] [264/546] installing p11-kit-0.23.22-1.oe1
[  943s] [265/546] installing procps-ng-3.3.16-15.oe1
[  945s] [266/546] installing tcl-devel-1:8.6.10-3.oe1
[  947s] [267/546] installing libmount-2.36.1-3.oe1
[  949s] [268/546] installing libselinux-devel-3.1-3.oe1
[  950s] [269/546] installing lua-posix-33.3.1-12.oe1
[  953s] [270/546] installing unzip-6.0-47.oe1
[  955s] [271/546] installing cracklib-2.9.7-6.oe1
[  960s] [272/546] installing e2fsprogs-1.45.6-3.oe1
[  963s] [273/546] installing findutils-2:4.7.0-7.oe1
[  965s] [274/546] installing libsemanage-3.1-4.oe1
[  966s] [275/546] installing make-1:4.2.1-15.oe1
[  968s] [276/546] installing sqlite-3.24.0-9.oe1
[  971s] [277/546] installing logrotate-3.15.1-2.oe1
[  972s] [278/546] installing freetype-2.10.2-3.oe1
[  974s] [279/546] installing libgcrypt-devel-1.8.7-1.oe1
[  976s] [280/546] installing gnupg2-2.2.27-2.oe1
[  980s] [281/546] installing libarchive-3.5.1-1.oe1
[  983s] [282/546] installing mesa-demos-8.3.0-14.oe1
[  987s] [283/546] installing rpm-libs-4.15.1-25.oe1
[  989s] [284/546] installing dbus-tools-1:1.12.20-3.oe1
[  990s] [285/546] installing avahi-libs-0.8-6.oe1
[  992s] [286/546] installing copy-jdk-configs-4.0-1.oe1
[  994s] [287/546] installing gpgme-1.15.1-1.oe1
[  995s] [288/546] installing obs-env-1.0-5.oe1
[ 1002s] [289/546] installing chkconfig-1.14-2.oe1
[ 1004s] [290/546] installing freetype-devel-2.10.2-3.oe1
[ 1006s] [291/546] installing libxml2-devel-2.9.12-5.oe1
[ 1014s] [292/546] installing xorg-x11-font-utils-1:7.5-43.oe1
[ 1016s] [293/546] installing glib2-2.66.8-1.oe1
[ 1022s] [294/546] installing fontconfig-2.13.92-1.oe1
[ 1027s] [295/546] installing atk-2.36.0-1.oe1
[ 1030s] [296/546] installing libcroco-0.6.12-13.oe1
[ 1032s] [297/546] installing libgudev-234-1.oe1
[ 1033s] [298/546] installing libgusb-0.3.0-5.oe1
[ 1035s] [299/546] installing gamin-0.1.10-38.oe1
[ 1037s] [300/546] installing gstreamer1-1.16.2-3.oe1
[ 1040s] [301/546] installing libsecret-0.18.6-5.oe1
[ 1042s] [302/546] installing libverto-0.3.1-2.oe1
[ 1044s] [303/546] installing polkit-libs-0.116-4.oe1
[ 1045s] [304/546] installing libXft-2.3.3-1.oe1
[ 1047s] [305/546] installing libmodulemd-2.13.0-1.oe1
[ 1050s] [306/546] installing shared-mime-info-1.10-4.oe1
[ 1061s] [307/546] installing binutils-2.37-6.oe1
[ 1069s] [308/546] installing dbus-glib-0.110-5.oe1
[ 1071s] [309/546] installing libical-3.0.8-1.oe1
[ 1074s] [310/546] installing urw-base35-bookman-fonts-20170801-11
[ 1076s] [311/546] installing urw-base35-c059-fonts-20170801-11
[ 1079s] [312/546] installing urw-base35-d050000l-fonts-20170801-11
[ 1081s] [313/546] installing urw-base35-gothic-fonts-20170801-11
[ 1083s] [314/546] installing urw-base35-nimbus-mono-ps-fonts-20170801-11
[ 1087s] [315/546] installing urw-base35-nimbus-roman-fonts-20170801-11
[ 1090s] [316/546] installing urw-base35-nimbus-sans-fonts-20170801-11
[ 1093s] [317/546] installing urw-base35-p052-fonts-20170801-11
[ 1096s] [318/546] installing urw-base35-standard-symbols-ps-fonts-20170801-11
[ 1099s] [319/546] installing urw-base35-z003-fonts-20170801-11
[ 1102s] [320/546] installing babeltrace-1.5.8-1.oe1
[ 1104s] [321/546] installing harfbuzz-2.7.4-1.oe1
[ 1106s] [322/546] installing p11-kit-trust-0.23.22-1.oe1
[ 1108s] [323/546] installing cairo-1.16.0-6.fc32
[ 1110s] [324/546] installing qt5-qtbase-5.11.1-14.oe1
[ 1116s] [325/546] installing qt5-qtbase-common-5.11.1-14.oe1
[ 1118s] [326/546] installing libraqm-0.7.0-2.oe1
[ 1119s] [327/546] installing qt5-qtwebsockets-5.11.1-5.oe1
[ 1121s] [328/546] installing qt5-qtxmlpatterns-5.11.1-5.oe1
[ 1124s] [329/546] installing colord-libs-1.4.3-6.oe1
[ 1126s] [330/546] installing qt5-qtserialport-5.11.1-6.oe1
[ 1127s] [331/546] installing ca-certificates-2020.2.46-2.oe1
[ 1135s] [332/546] installing gdk-pixbuf2-2.42.6-1.oe1
[ 1137s] [333/546] installing tk-1:8.6.10-2.oe1
[ 1141s] [334/546] installing gettext-0.20.1-2.oe1
[ 1145s] [335/546] installing krb5-libs-1.18.2-3.oe1
[ 1147s] [336/546] installing pango-1.47.0-1.oe1
[ 1149s] [337/546] installing urw-base35-fonts-20170801-11
[ 1149s] [338/546] installing cairo-gobject-1.16.0-6.fc32
[ 1151s] [339/546] installing gcc-10.3.1-10.oe1
[ 1171s] [340/546] installing python-pip-wheel-19.2.3-2.fc32
[ 1172s] [341/546] installing libtirpc-1.3.1-1.oe1
[ 1174s] [342/546] installing gdk-pixbuf2-modules-2.42.6-1.oe1
[ 1176s] [343/546] installing cyrus-sasl-lib-2.1.27-10.oe1
[ 1177s] [344/546] installing fontconfig-devel-2.13.92-1.oe1
[ 1179s] [345/546] installing libssh-0.9.5-1.oe1
[ 1181s] [346/546] installing gcc-c++-10.3.1-10.oe1
[ 1190s] [347/546] installing librsvg2-2.50.5-1.oe1
[ 1195s] [348/546] installing gstreamer1-plugins-base-1.16.2-2.oe1
[ 1199s] [349/546] installing openldap-2.4.46-15.oe1
[ 1201s] [350/546] installing libnsl2-1.3.0-2.oe1
[ 1203s] [351/546] installing libXft-devel-2.3.3-1.oe1
[ 1205s] [352/546] installing tk-devel-1:8.6.10-2.oe1
[ 1207s] [353/546] installing python3-3.8.5-13.oe1
[ 1225s] [354/546] installing python3-atomicwrites-1.3.0-6.fc32
[ 1227s] [355/546] installing python3-attrs-19.3.0-1.fc32
[ 1229s] [356/546] installing python3-more-itertools-7.2.0-3.fc32
[ 1230s] [357/546] installing python3-olefile-0.46-8.fc32
[ 1232s] [358/546] installing python3-pluggy-0.12.0-4.fc32
[ 1234s] [359/546] installing python3-ply-3.11-6.fc32
[ 1236s] [360/546] installing python3-pyparsing-2.4.5-1.fc32
[ 1237s] [361/546] installing python3-setuptools-59.4.0-3.oe1
[ 1241s] [362/546] installing python3-setuptools_scm-3.3.3-6.fc32
[ 1243s] [363/546] installing python3-six-1.16.0-2.oe1
[ 1244s] [364/546] installing python3-wcwidth-0.1.7-14.fc32
[ 1246s] [365/546] installing python3-pyqt5-sip-4.19.18-6.fc31
[ 1248s] [366/546] installing python3-gpgme-1.15.1-1.oe1
[ 1250s] [367/546] installing python3-dbus-1.2.8-9.fc32
[ 1252s] [368/546] installing python3-libcomps-0.1.15-1.oe1
[ 1253s] [369/546] installing libpsl-0.21.1-1.oe1
[ 1256s] [370/546] installing gdb-headless-9.2-5.oe1
[ 1261s] [371/546] installing python3-py-1.8.0-7.fc32
[ 1263s] [372/546] installing python3-pycparser-2.19-1.fc32
[ 1265s] [373/546] installing systemtap-sdt-devel-4.1-3.oe1
[ 1266s] [374/546] installing gdb-9.2-5.oe1
[ 1268s] [375/546] installing python3-packaging-19.2-1.fc32
[ 1270s] [376/546] installing python3-pip-19.2.3-2.fc32
[ 1277s] [377/546] installing python3-rpm-generators-10-2.fc32
[ 1278s] [378/546] installing python3-numpy-1:1.17.4-2.0.riscv64.fc32
[ 1286s] [379/546] installing libcurl-7.79.1-1.oe1
[ 1287s] [380/546] installing curl-7.79.1-1.oe1
[ 1289s] [381/546] installing python3-cffi-1.13.2-1.fc32
[ 1291s] [382/546] installing librepo-1.14.2-2.oe1
[ 1293s] [383/546] installing python3-pytest-4.6.7-1.fc32
[ 1297s] [384/546] installing rpm-4.15.1-25.oe1
[ 1301s] [385/546] installing efi-srpm-macros-4-3.oe1
[ 1302s] [386/546] installing cmake-rpm-macros-3.22.0-1.oe1
[ 1304s] [387/546] installing libsolv-0.7.20-1.oe1
[ 1305s] [388/546] installing python3-rpm-4.15.1-25.oe1
[ 1307s] [389/546] installing openEuler-rpm-config-30-21.oe1
[ 1309s] [390/546] installing cmake-3.22.0-1.oe1
[ 1320s] [391/546] installing libdnf-0.65.0-2.oe1
[ 1323s] [392/546] installing openblas-devel-0.3.13-3.oe1
[ 1325s] [393/546] installing cmake-data-3.22.0-1.oe1
[ 1337s] [394/546] installing python3-devel-3.8.5-13.oe1
[ 1365s] [395/546] installing python3-libdnf-0.65.0-2.oe1
[ 1368s] [396/546] installing perl-4:5.28.0-435.oe1
[ 1375s] [397/546] installing perl-B-Debug-1.26-4.oe1
[ 1376s] [398/546] installing perl-Env-1.04-397.oe1
[ 1377s] [399/546] installing perl-Devel-PPPort-3.42-4.oe1
[ 1379s] [400/546] installing perl-Pod-Escapes-1:1.07-419.oe1
[ 1380s] [401/546] installing perl-Text-Tabs+Wrap-2013.0523-419.oe1
[ 1381s] [402/546] installing perl-Algorithm-Diff-1.1903-14.oe1
[ 1382s] [403/546] installing perl-Params-Check-1:0.38-418.oe1
[ 1383s] [404/546] installing perl-Term-Cap-1.17-510.oe1
[ 1385s] [405/546] installing perl-TermReadKey-2.38-2.oe1
[ 1386s] [406/546] installing perl-Text-Balanced-2.03-420.oe1
[ 1388s] [407/546] installing perl-threads-1:2.22-419.oe1
[ 1390s] [408/546] installing openssl-1:1.1.1f-2.oe1
[ 1392s] [409/546] installing perl-Config-Perl-V-0.30-5.oe1
[ 1393s] [410/546] installing perl-Error-1:0.17029-1.oe1
[ 1395s] [411/546] installing perl-Filter-2:1.59-2.oe1
[ 1397s] [412/546] installing perl-IPC-SysV-2.07-5.oe1
[ 1398s] [413/546] installing perl-Locale-Maketext-1:1.28-1.oe1
[ 1400s] [414/546] installing perl-constant-1.33-421.oe1
[ 1401s] [415/546] installing perl-MIME-Base64-3.15-418.oe1
[ 1403s] [416/546] installing perl-CPAN-Meta-YAML-0.018-420.oe1
[ 1405s] [417/546] installing perl-Socket-4:2.029-2.oe1
[ 1406s] [418/546] installing perl-Storable-1:3.15-2.oe1
[ 1408s] [419/546] installing python3-hawkey-0.65.0-2.oe1
[ 1410s] [420/546] installing perl-PerlIO-via-QuotedPrint-0.08-397.oe1
[ 1411s] [421/546] installing perl-Digest-1.17-419.oe1
[ 1413s] [422/546] installing perl-Filter-Simple-1:0.94-1.oe1
[ 1413s] [423/546] installing perl-IO-Socket-IP-0.39-420.oe1
[ 1414s] [424/546] installing perl-Text-Diff-1.45-7.oe1
[ 1416s] [425/546] installing perl-Time-Local-2:1.280-6.oe1
[ 1417s] [426/546] installing perl-version-8:0.99.24-3.oe1
[ 1419s] [427/546] installing perl-IPC-System-Simple-1.25-19.oe1
[ 1421s] [428/546] installing perl-threads-shared-1.59-2.oe1
[ 1422s] [429/546] installing perl-Compress-Raw-Bzip2-2.100-1.oe1
[ 1424s] [430/546] installing perl-Compress-Raw-Zlib-1:2.100-1.oe1
[ 1426s] [431/546] installing perl-Locale-Codes-3.58-2.oe1
[ 1428s] [432/546] installing perl-Math-BigInt-1:1.9998.13-5.oe1
[ 1429s] [433/546] installing perl-PathTools-3.75-4.oe1
[ 1431s] [434/546] installing python3-dnf-4.10.0-1.oe1
[ 1434s] [435/546] installing perl-Data-Dumper-2.172-3.oe1
[ 1436s] [436/546] installing perl-Sys-Syslog-0.35-420.oe1
[ 1438s] [437/546] installing perl-Encode-4:2.98-9.oe1
[ 1442s] [438/546] installing autogen-5.18.16-1.oe1
[ 1445s] [439/546] installing nodejs-1:16.10.0-1.oe1
[ 1447s] [440/546] installing systemd-243-22.oe1
[ 1460s] /var/tmp/rpm-tmp.ZOhBet: line 8: groupadd: command not found
[ 1460s] /var/tmp/rpm-tmp.ZOhBet: line 10: groupadd: command not found
[ 1460s] /var/tmp/rpm-tmp.ZOhBet: line 13: groupadd: command not found
[ 1460s] /var/tmp/rpm-tmp.ZOhBet: line 16: groupadd: command not found
[ 1460s] [441/546] installing dbus-common-1:1.12.20-3.oe1
[ 1462s] [442/546] installing nodejs-source-map-0.5.6-1.oe1
[ 1464s] [443/546] installing perl-Module-Load-1:0.32-418.oe1
[ 1465s] [444/546] installing nodejs-packaging-20-1.oe1
[ 1467s] [445/546] installing dnf-4.10.0-1.oe1
[ 1470s] Failed to preset unit, unit dnf-automatic.timer does not exist.
[ 1470s] Failed to preset unit, unit dnf-automatic-notifyonly.timer does not exist.
[ 1470s] Failed to preset unit, unit dnf-automatic-download.timer does not exist.
[ 1470s] Failed to preset unit, unit dnf-automatic-install.timer does not exist.
[ 1470s] [446/546] installing perl-File-Which-1.23-1.oe1
[ 1471s] [447/546] installing perl-Thread-Queue-3.13-3.oe1
[ 1472s] [448/546] installing perl-experimental-0.020-2.oe1
[ 1474s] [449/546] installing perl-Digest-MD5-2.55-419.oe1
[ 1475s] [450/546] installing perl-File-Path-2.16-4.oe1
[ 1477s] [451/546] installing perl-Math-BigInt-FastCalc-0.500.700-4.oe1
[ 1479s] [452/546] installing perl-Module-Metadata-1.000036-3.oe1
[ 1480s] [453/546] installing perl-CPAN-Meta-Requirements-2.140-419.oe1
[ 1482s] [454/546] installing perl-Encode-devel-4:2.98-9.oe1
[ 1483s] [455/546] installing perl-HTTP-Tiny-0.076-3.oe1
[ 1484s] [456/546] installing perl-Math-BigRat-0.2614-2.oe1
[ 1486s] [457/546] installing audit-1:3.0-2.oe1
[ 1490s] [458/546] installing perl-DB_File-1.842-2.oe1
[ 1491s] [459/546] installing perl-autodie-2.29-398.oe1
[ 1493s] [460/546] installing perl-Unicode-Collate-1.25-4.oe1
[ 1496s] [461/546] installing perl-IO-Compress-2.081-6.oe1
[ 1497s] [462/546] installing perl-podlators-1:4.14-1.oe1
[ 1499s] [463/546] installing perl-ExtUtils-Command-1:7.60-1.oe1
[ 1500s] [464/546] installing perl-ExtUtils-Manifest-1:1.71-4.oe1
[ 1501s] [465/546] installing perl-bignum-0.50-4.oe1
[ 1502s] [466/546] installing perl-File-Temp-1:0.230.800-4.oe1
[ 1504s] [467/546] installing perl-libnet-3.11-420.oe1
[ 1506s] [468/546] installing pam-1.5.1-1.oe1
[ 1510s] [469/546] installing libpwquality-1.4.4-1.oe1
[ 1512s] [470/546] installing perl-File-HomeDir-1.004-4.oe1
[ 1514s] [471/546] installing shadow-2:4.8.1-5.oe1
[ 1517s] [472/546] installing perl-Test-Simple-2:1.302175-2.oe1
[ 1519s] [473/546] installing libutempter-1.1.6-16.oe1
[ 1521s] [474/546] installing unbound-libs-1.10.1-4.oe1
[ 1525s] [475/546] installing dbus-daemon-1:1.12.20-3.oe1
[ 1528s] [476/546] installing openssh-server-8.2p1-10.oe1
[ 1531s] Created symlink /etc/systemd/system/multi-user.target.wants/sshd.service -> /usr/lib/systemd/system/sshd.service.
[ 1531s] [477/546] installing groff-1.22.4-4.oe1
[ 1537s] [478/546] installing dbus-1:1.12.20-3.oe1
[ 1539s] [479/546] installing man-db-2.9.3-2.oe1
[ 1543s] [480/546] installing perl-Pod-Perldoc-1:3.28-3.oe1
[ 1544s] [481/546] installing gnutls-3.6.15-3.oe1
[ 1549s] [482/546] installing util-linux-2.36.1-3.oe1
[ 1555s] [483/546] installing nss-help-3.72.0-2.oe1
[ 1557s] [484/546] installing libnice-0.1.14-10.oe1
[ 1559s] [485/546] installing util-linux-devel-2.36.1-3.oe1
[ 1561s] [486/546] installing at-spi2-core-2.39.1-1.oe1
[ 1564s] [487/546] installing cups-libs-1:2.3.3-6.oe1
[ 1566s] [488/546] installing perl-Pod-Usage-4:1.69-418.oe1
[ 1567s] [489/546] installing device-mapper-8:1.02.172-1.oe1
[ 1570s] [490/546] installing GConf2-3.2.6-25.oe1
[ 1575s] [491/546] installing openssh-8.2p1-10.oe1
[ 1577s] [492/546] installing bluez-5.54-3.oe1
[ 1583s] Created symlink /etc/systemd/system/dbus-org.bluez.service -> /usr/lib/systemd/system/bluetooth.service.
[ 1583s] Created symlink /etc/systemd/system/bluetooth.target.wants/bluetooth.service -> /usr/lib/systemd/system/bluetooth.service.
[ 1583s] /var/tmp/rpm-tmp.ZsGvPX: line 8: /sbin/udevadm: No such file or directory
[ 1583s] Created symlink /etc/systemd/user/dbus-org.bluez.obex.service -> /usr/lib/systemd/user/obex.service.
[ 1583s] Failed to preset unit, unit bluetooth-mesh.service does not exist.
[ 1583s] [493/546] installing polkit-0.116-4.oe1
[ 1586s] [494/546] installing at-spi2-atk-2.38.0-1.oe1
[ 1588s] [495/546] installing polkit-pkla-compat-0.1-17.oe1
[ 1590s] [496/546] installing perl-Getopt-Long-1:2.52-1.oe1
[ 1591s] [497/546] installing rtkit-0.11-26.oe1
[ 1594s] Created symlink /etc/systemd/system/graphical.target.wants/rtkit-daemon.service -> /usr/lib/systemd/system/rtkit-daemon.service.
[ 1594s] [498/546] installing cryptsetup-2.3.3-3.oe1
[ 1598s] [499/546] installing device-mapper-event-8:1.02.172-1.oe1
[ 1601s] Created symlink /etc/systemd/system/sockets.target.wants/dm-event.socket -> /usr/lib/systemd/system/dm-event.socket.
[ 1601s] [500/546] installing nss-3.72.0-2.oe1
[ 1608s] [501/546] installing glib2-devel-2.66.8-1.oe1
[ 1625s] [502/546] installing openssh-clients-8.2p1-10.oe1
[ 1627s] [503/546] installing gstreamer1-plugins-bad-free-1.16.2-3.oe1
[ 1632s] [504/546] installing qt5-qtbase-gui-5.11.1-14.oe1
[ 1640s] [505/546] installing nss-util-3.72.0-2.oe1
[ 1643s] [506/546] installing perl-ExtUtils-ParseXS-2:3.35-1.oe1
[ 1644s] [507/546] installing perl-Module-CoreList-1:5.20180920-2.oe1
[ 1645s] [508/546] installing qt5-qtx11extras-5.11.1-5.oe1
[ 1647s] [509/546] installing perl-Digest-SHA-1:6.02-7.oe1
[ 1649s] [510/546] installing perl-Pod-Parser-1.63-397.oe1
[ 1651s] [511/546] installing qt5-qtdeclarative-5.11.1-7.oe1
[ 1657s] [512/546] installing qt5-qtsvg-5.11.1-5.oe1
[ 1659s] [513/546] installing perl-Pod-Simple-1:3.35-418.oe1
[ 1660s] [514/546] installing qt5-qttools-5.11.1-5.oe1
[ 1665s] [515/546] installing perl-Test-Harness-1:3.43_02-1.oe1
[ 1667s] [516/546] installing python3-qt5-base-5.11.2-4.fc29
[ 1673s] [517/546] installing harfbuzz-devel-2.7.4-1.oe1
[ 1675s] [518/546] installing perl-Archive-Tar-2.30-421.oe1
[ 1676s] [519/546] installing perl-JSON-PP-1:4.04-2.oe1
[ 1677s] [520/546] installing lvm2-8:2.03.11-1.oe1
[ 1683s] Created symlink /etc/systemd/system/sysinit.target.wants/lvm2-lvmpolld.socket -> /usr/lib/systemd/system/lvm2-lvmpolld.socket.
[ 1683s] [521/546] installing autoconf-2.69-30.oe1
[ 1686s] [522/546] installing git-2.23.0-12.oe1
[ 1696s] [523/546] installing pulseaudio-13.0-4.oe1
[ 1703s] [524/546] installing gtk3-3.24.30-2.oe1
[ 1711s] [525/546] installing nss-softokn-3.72.0-2.oe1
[ 1714s] [526/546] installing libraqm-devel-0.7.0-2.oe1
[ 1715s] [527/546] installing perl-Pod-Checker-4:1.73-398.oe1
[ 1716s] [528/546] installing qt5-qtenginio-1:1.6.2-19.oe1
[ 1719s] [529/546] installing qt5-qtsensors-5.11.1-5.oe1
[ 1721s] [530/546] installing qt5-qtwebchannel-5.11.1-5.oe1
[ 1723s] [531/546] installing qt5-qtconnectivity-5.11.1-4.oe1
[ 1725s] [532/546] installing perl-Git-2.23.0-12.oe1
[ 1727s] [533/546] installing perl-CPAN-Meta-2.150010-419.oe1
[ 1730s] [534/546] installing perl-Module-Load-Conditional-0.68-418.oe1
[ 1732s] [535/546] installing qt5-qtlocation-5.11.1-7.oe1
[ 1737s] [536/546] installing qt5-qtmultimedia-5.11.1-6.oe1
[ 1740s] [537/546] installing automake-1.16.1-6.oe1
[ 1743s] [538/546] installing perl-ExtUtils-MakeMaker-1:7.60-1.oe1
[ 1744s] [539/546] installing ghostscript-9.52-5.oe1
[ 1753s] [540/546] installing perl-ExtUtils-Install-2.14-419.oe1
[ 1754s] [541/546] installing perl-IPC-Cmd-2:1.04-4.oe1
[ 1755s] [542/546] installing python3-qt5-5.11.2-4.fc29
[ 1759s] [543/546] installing rpm-build-4.15.1-25.oe1
[ 1762s] [544/546] installing gcc_secure-1.0-0.9.oe1
[ 1763s] [545/546] installing perl-File-Fetch-0.56-4.oe1
[ 1765s] [546/546] installing perl-devel-4:5.28.0-435.oe1
[ 1773s] removing nis flags from /var/cache/obs/worker/root_3/etc/nsswitch.conf...
[ 1774s] now finalizing build dir...
[ 1786s] Running build time source services...
[ 1790s] Warning: spec file parser line 108: can't expand %(...)
[ 1790s] Warning: spec file parser line 109: can't expand %(...)
[ 1790s] Warning: spec file parser line 113: can't expand %(...)
[ 1790s] Warning: spec file parser line 114: can't expand %(...)
[ 1790s] Warning: spec file parser line 115: can't expand %(...)
[ 1790s] Warning: spec file parser line 116: can't expand %(...)
[ 1790s] Warning: spec file parser line 136: can't expand %(...)
[ 1799s] -----------------------------------------------------------------
[ 1799s] I have the following modifications for python-pillow.spec:
[ 1799s] 21c21
[ 1799s] < BuildRequires:  python3-qt5 python3-setuptools python3-tkinter gcc
[ 1799s] ---
[ 1799s] > BuildRequires:  python3-qt5 python3-setuptools gcc python3-devel
[ 1799s] 77c77
[ 1799s] < Requires:       python3-tkinter
[ 1799s] ---
[ 1799s] > Requires:       python3-devel
[ 1800s] -----------------------------------------------------------------
[ 1800s] ----- building python-pillow.spec (user abuild)
[ 1800s] -----------------------------------------------------------------
[ 1800s] -----------------------------------------------------------------
[ 1806s] + exec rpmbuild -ba --define '_srcdefattr (-,root,root)' --nosignature --define 'disturl obs://private/openEuler:Mainline:RISC-V/advanced_riscv64/00c26827123aa1ee3f790f3fe562f287-python-pillow' /home/abuild/rpmbuild/SOURCES/python-pillow.spec
[ 1826s] error: %changelog not in descending chronological order
[ 1826s] Executing(%prep): /bin/sh -e /var/tmp/rpm-tmp.Iwh17Y
[ 1826s] + umask 022
[ 1826s] + cd /home/abuild/rpmbuild/BUILD
[ 1826s] + cd /home/abuild/rpmbuild/BUILD
[ 1826s] + rm -rf Pillow-9.0.1
[ 1826s] + /usr/bin/gzip -dc /home/abuild/rpmbuild/SOURCES/Pillow-9.0.1.tar.gz
[ 1826s] + /usr/bin/tar -xof -
[ 1835s] + STATUS=0
[ 1835s] + '[' 0 -ne 0 ']'
[ 1835s] + cd Pillow-9.0.1
[ 1835s] + /usr/bin/chmod -Rf a+rX,u+w,g-w,o-w .
[ 1836s] + /usr/bin/cat /home/abuild/rpmbuild/SOURCES/python-pillow_spinxwarn.patch
[ 1836s] + /usr/bin/patch -p1 -s --fuzz=0 --no-backup-if-mismatch
[ 1836s] + /usr/bin/patch -p1 -s --fuzz=0 --no-backup-if-mismatch
[ 1836s] + /usr/bin/cat /home/abuild/rpmbuild/SOURCES/python-pillow_sphinx-issues.patch
[ 1836s] + /usr/bin/patch -p1 -s --fuzz=0 --no-backup-if-mismatch
[ 1836s] + /usr/bin/cat /home/abuild/rpmbuild/SOURCES/backport-Corrected-memory-allocation.patch
[ 1836s] + RPM_EC=0
[ 1836s] ++ jobs -p
[ 1836s] + exit 0
[ 1836s] Executing(%build): /bin/sh -e /var/tmp/rpm-tmp.MImMCO
[ 1837s] + umask 022
[ 1837s] + cd /home/abuild/rpmbuild/BUILD
[ 1837s] + cd Pillow-9.0.1
[ 1837s] + CFLAGS='-O2 -g -pipe -Wall -Werror=format-security -Wp,-D_FORTIFY_SOURCE=2 -Wp,-D_GLIBCXX_ASSERTIONS -fstack-protector-strong -grecord-gcc-switches -specs=/usr/lib/rpm/generic-hardened-cc1 -fasynchronous-unwind-tables -fstack-clash-protection'
[ 1837s] + LDFLAGS='-Wl,-z,relro   -Wl,-z,now -specs=/usr/lib/rpm/generic-hardened-ld'
[ 1837s] + /usr/bin/python3 setup.py build '--executable=/usr/bin/python3 -s'
[ 1845s] running build
[ 1845s] running build_py
[ 1845s] creating build
[ 1845s] creating build/lib.linux-riscv64-3.8
[ 1845s] creating build/lib.linux-riscv64-3.8/PIL
[ 1845s] copying src/PIL/BdfFontFile.py -> build/lib.linux-riscv64-3.8/PIL
[ 1845s] copying src/PIL/BlpImagePlugin.py -> build/lib.linux-riscv64-3.8/PIL
[ 1845s] copying src/PIL/BmpImagePlugin.py -> build/lib.linux-riscv64-3.8/PIL
[ 1845s] copying src/PIL/BufrStubImagePlugin.py -> build/lib.linux-riscv64-3.8/PIL
[ 1845s] copying src/PIL/ContainerIO.py -> build/lib.linux-riscv64-3.8/PIL
[ 1845s] copying src/PIL/CurImagePlugin.py -> build/lib.linux-riscv64-3.8/PIL
[ 1845s] copying src/PIL/DcxImagePlugin.py -> build/lib.linux-riscv64-3.8/PIL
[ 1845s] copying src/PIL/DdsImagePlugin.py -> build/lib.linux-riscv64-3.8/PIL
[ 1845s] copying src/PIL/EpsImagePlugin.py -> build/lib.linux-riscv64-3.8/PIL
[ 1845s] copying src/PIL/ExifTags.py -> build/lib.linux-riscv64-3.8/PIL
[ 1845s] copying src/PIL/FitsStubImagePlugin.py -> build/lib.linux-riscv64-3.8/PIL
[ 1845s] copying src/PIL/FliImagePlugin.py -> build/lib.linux-riscv64-3.8/PIL
[ 1845s] copying src/PIL/FontFile.py -> build/lib.linux-riscv64-3.8/PIL
[ 1845s] copying src/PIL/FpxImagePlugin.py -> build/lib.linux-riscv64-3.8/PIL
[ 1845s] copying src/PIL/FtexImagePlugin.py -> build/lib.linux-riscv64-3.8/PIL
[ 1845s] copying src/PIL/GbrImagePlugin.py -> build/lib.linux-riscv64-3.8/PIL
[ 1845s] copying src/PIL/GdImageFile.py -> build/lib.linux-riscv64-3.8/PIL
[ 1845s] copying src/PIL/GifImagePlugin.py -> build/lib.linux-riscv64-3.8/PIL
[ 1845s] copying src/PIL/GimpGradientFile.py -> build/lib.linux-riscv64-3.8/PIL
[ 1845s] copying src/PIL/GimpPaletteFile.py -> build/lib.linux-riscv64-3.8/PIL
[ 1845s] copying src/PIL/GribStubImagePlugin.py -> build/lib.linux-riscv64-3.8/PIL
[ 1845s] copying src/PIL/Hdf5StubImagePlugin.py -> build/lib.linux-riscv64-3.8/PIL
[ 1845s] copying src/PIL/IcnsImagePlugin.py -> build/lib.linux-riscv64-3.8/PIL
[ 1845s] copying src/PIL/IcoImagePlugin.py -> build/lib.linux-riscv64-3.8/PIL
[ 1845s] copying src/PIL/ImImagePlugin.py -> build/lib.linux-riscv64-3.8/PIL
[ 1845s] copying src/PIL/Image.py -> build/lib.linux-riscv64-3.8/PIL
[ 1845s] copying src/PIL/ImageChops.py -> build/lib.linux-riscv64-3.8/PIL
[ 1845s] copying src/PIL/ImageCms.py -> build/lib.linux-riscv64-3.8/PIL
[ 1845s] copying src/PIL/ImageColor.py -> build/lib.linux-riscv64-3.8/PIL
[ 1845s] copying src/PIL/ImageDraw.py -> build/lib.linux-riscv64-3.8/PIL
[ 1845s] copying src/PIL/ImageDraw2.py -> build/lib.linux-riscv64-3.8/PIL
[ 1845s] copying src/PIL/ImageEnhance.py -> build/lib.linux-riscv64-3.8/PIL
[ 1845s] copying src/PIL/ImageFile.py -> build/lib.linux-riscv64-3.8/PIL
[ 1845s] copying src/PIL/ImageFilter.py -> build/lib.linux-riscv64-3.8/PIL
[ 1845s] copying src/PIL/ImageFont.py -> build/lib.linux-riscv64-3.8/PIL
[ 1845s] copying src/PIL/ImageGrab.py -> build/lib.linux-riscv64-3.8/PIL
[ 1845s] copying src/PIL/ImageMath.py -> build/lib.linux-riscv64-3.8/PIL
[ 1845s] copying src/PIL/ImageMode.py -> build/lib.linux-riscv64-3.8/PIL
[ 1845s] copying src/PIL/ImageMorph.py -> build/lib.linux-riscv64-3.8/PIL
[ 1845s] copying src/PIL/ImageOps.py -> build/lib.linux-riscv64-3.8/PIL
[ 1845s] copying src/PIL/ImagePalette.py -> build/lib.linux-riscv64-3.8/PIL
[ 1845s] copying src/PIL/ImagePath.py -> build/lib.linux-riscv64-3.8/PIL
[ 1845s] copying src/PIL/ImageQt.py -> build/lib.linux-riscv64-3.8/PIL
[ 1845s] copying src/PIL/ImageSequence.py -> build/lib.linux-riscv64-3.8/PIL
[ 1845s] copying src/PIL/ImageShow.py -> build/lib.linux-riscv64-3.8/PIL
[ 1845s] copying src/PIL/ImageStat.py -> build/lib.linux-riscv64-3.8/PIL
[ 1845s] copying src/PIL/ImageTk.py -> build/lib.linux-riscv64-3.8/PIL
[ 1845s] copying src/PIL/ImageTransform.py -> build/lib.linux-riscv64-3.8/PIL
[ 1845s] copying src/PIL/ImageWin.py -> build/lib.linux-riscv64-3.8/PIL
[ 1845s] copying src/PIL/ImtImagePlugin.py -> build/lib.linux-riscv64-3.8/PIL
[ 1845s] copying src/PIL/IptcImagePlugin.py -> build/lib.linux-riscv64-3.8/PIL
[ 1845s] copying src/PIL/Jpeg2KImagePlugin.py -> build/lib.linux-riscv64-3.8/PIL
[ 1845s] copying src/PIL/JpegImagePlugin.py -> build/lib.linux-riscv64-3.8/PIL
[ 1845s] copying src/PIL/JpegPresets.py -> build/lib.linux-riscv64-3.8/PIL
[ 1845s] copying src/PIL/McIdasImagePlugin.py -> build/lib.linux-riscv64-3.8/PIL
[ 1845s] copying src/PIL/MicImagePlugin.py -> build/lib.linux-riscv64-3.8/PIL
[ 1845s] copying src/PIL/MpegImagePlugin.py -> build/lib.linux-riscv64-3.8/PIL
[ 1845s] copying src/PIL/MpoImagePlugin.py -> build/lib.linux-riscv64-3.8/PIL
[ 1845s] copying src/PIL/MspImagePlugin.py -> build/lib.linux-riscv64-3.8/PIL
[ 1845s] copying src/PIL/PSDraw.py -> build/lib.linux-riscv64-3.8/PIL
[ 1845s] copying src/PIL/PaletteFile.py -> build/lib.linux-riscv64-3.8/PIL
[ 1845s] copying src/PIL/PalmImagePlugin.py -> build/lib.linux-riscv64-3.8/PIL
[ 1845s] copying src/PIL/PcdImagePlugin.py -> build/lib.linux-riscv64-3.8/PIL
[ 1845s] copying src/PIL/PcfFontFile.py -> build/lib.linux-riscv64-3.8/PIL
[ 1845s] copying src/PIL/PcxImagePlugin.py -> build/lib.linux-riscv64-3.8/PIL
[ 1845s] copying src/PIL/PdfImagePlugin.py -> build/lib.linux-riscv64-3.8/PIL
[ 1845s] copying src/PIL/PdfParser.py -> build/lib.linux-riscv64-3.8/PIL
[ 1845s] copying src/PIL/PixarImagePlugin.py -> build/lib.linux-riscv64-3.8/PIL
[ 1845s] copying src/PIL/PngImagePlugin.py -> build/lib.linux-riscv64-3.8/PIL
[ 1845s] copying src/PIL/PpmImagePlugin.py -> build/lib.linux-riscv64-3.8/PIL
[ 1846s] copying src/PIL/PsdImagePlugin.py -> build/lib.linux-riscv64-3.8/PIL
[ 1846s] copying src/PIL/PyAccess.py -> build/lib.linux-riscv64-3.8/PIL
[ 1846s] copying src/PIL/SgiImagePlugin.py -> build/lib.linux-riscv64-3.8/PIL
[ 1846s] copying src/PIL/SpiderImagePlugin.py -> build/lib.linux-riscv64-3.8/PIL
[ 1846s] copying src/PIL/SunImagePlugin.py -> build/lib.linux-riscv64-3.8/PIL
[ 1846s] copying src/PIL/TarIO.py -> build/lib.linux-riscv64-3.8/PIL
[ 1846s] copying src/PIL/TgaImagePlugin.py -> build/lib.linux-riscv64-3.8/PIL
[ 1846s] copying src/PIL/TiffImagePlugin.py -> build/lib.linux-riscv64-3.8/PIL
[ 1846s] copying src/PIL/TiffTags.py -> build/lib.linux-riscv64-3.8/PIL
[ 1846s] copying src/PIL/WalImageFile.py -> build/lib.linux-riscv64-3.8/PIL
[ 1846s] copying src/PIL/WebPImagePlugin.py -> build/lib.linux-riscv64-3.8/PIL
[ 1846s] copying src/PIL/WmfImagePlugin.py -> build/lib.linux-riscv64-3.8/PIL
[ 1846s] copying src/PIL/XVThumbImagePlugin.py -> build/lib.linux-riscv64-3.8/PIL
[ 1846s] copying src/PIL/XbmImagePlugin.py -> build/lib.linux-riscv64-3.8/PIL
[ 1846s] copying src/PIL/XpmImagePlugin.py -> build/lib.linux-riscv64-3.8/PIL
[ 1846s] copying src/PIL/__init__.py -> build/lib.linux-riscv64-3.8/PIL
[ 1846s] copying src/PIL/__main__.py -> build/lib.linux-riscv64-3.8/PIL
[ 1846s] copying src/PIL/_binary.py -> build/lib.linux-riscv64-3.8/PIL
[ 1846s] copying src/PIL/_tkinter_finder.py -> build/lib.linux-riscv64-3.8/PIL
[ 1846s] copying src/PIL/_util.py -> build/lib.linux-riscv64-3.8/PIL
[ 1846s] copying src/PIL/_version.py -> build/lib.linux-riscv64-3.8/PIL
[ 1846s] copying src/PIL/features.py -> build/lib.linux-riscv64-3.8/PIL
[ 1846s] running egg_info
[ 1846s] creating src/Pillow.egg-info
[ 1846s] writing src/Pillow.egg-info/PKG-INFO
[ 1846s] writing dependency_links to src/Pillow.egg-info/dependency_links.txt
[ 1846s] writing top-level names to src/Pillow.egg-info/top_level.txt
[ 1846s] writing manifest file 'src/Pillow.egg-info/SOURCES.txt'
[ 1846s] reading manifest file 'src/Pillow.egg-info/SOURCES.txt'
[ 1846s] reading manifest template 'MANIFEST.in'
[ 1847s] warning: no files found matching '*.c'
[ 1847s] warning: no files found matching '*.h'
[ 1847s] warning: no files found matching '*.sh'
[ 1848s] warning: no previously-included files found matching '.appveyor.yml'
[ 1848s] warning: no previously-included files found matching '.clang-format'
[ 1848s] warning: no previously-included files found matching '.coveragerc'
[ 1848s] warning: no previously-included files found matching '.editorconfig'
[ 1848s] warning: no previously-included files found matching '.readthedocs.yml'
[ 1848s] warning: no previously-included files found matching 'codecov.yml'
[ 1848s] warning: no previously-included files matching '.git*' found anywhere in distribution
[ 1848s] warning: no previously-included files matching '*.pyc' found anywhere in distribution
[ 1848s] warning: no previously-included files matching '*.so' found anywhere in distribution
[ 1848s] no previously-included directories found matching '.ci'
[ 1848s] adding license file 'LICENSE'
[ 1849s] writing manifest file 'src/Pillow.egg-info/SOURCES.txt'
[ 1849s] running build_ext
[ 1854s] building 'PIL._imaging' extension
[ 1854s] building 'PIL._imagingft' extension
[ 1854s] creating build/temp.linux-riscv64-3.8
[ 1854s] creating build/temp.linux-riscv64-3.8/src
[ 1854s] gcc -Wno-unused-result -Wsign-compare -DNDEBUG -D_GNU_SOURCE -fPIC -fwrapv -D_GNU_SOURCE -fPIC -fwrapv -fstack-protector-strong -O2 -g -pipe -Wall -Werror=format-security -Wp,-D_FORTIFY_SOURCE=2 -Wp,-D_GLIBCXX_ASSERTIONS -fstack-protector-strong -grecord-gcc-switches -specs=/usr/lib/rpm/generic-hardened-cc1 -fasynchronous-unwind-tables -fstack-clash-protection -fPIC -DHAVE_RAQM -DHAVE_RAQM_SYSTEM -I/usr/include/freetype2 -I/usr/include/openjpeg-2.3 -I/home/abuild/rpmbuild/BUILD/Pillow-9.0.1 -I/usr/include/fribidi -I/usr/include -I/usr/local/include -I/usr/include/python3.8 -c src/_imagingft.c -o build/temp.linux-riscv64-3.8/src/_imagingft.o
[ 1854s] building 'PIL._imagingcms' extension
[ 1854s] gcc -Wno-unused-result -Wsign-compare -DNDEBUG -D_GNU_SOURCE -fPIC -fwrapv -D_GNU_SOURCE -fPIC -fwrapv -fstack-protector-strong -O2 -g -pipe -Wall -Werror=format-security -Wp,-D_FORTIFY_SOURCE=2 -Wp,-D_GLIBCXX_ASSERTIONS -fstack-protector-strong -grecord-gcc-switches -specs=/usr/lib/rpm/generic-hardened-cc1 -fasynchronous-unwind-tables -fstack-clash-protection -fPIC -I/usr/include/freetype2 -I/usr/include/openjpeg-2.3 -I/home/abuild/rpmbuild/BUILD/Pillow-9.0.1 -I/usr/include/fribidi -I/usr/include -I/usr/local/include -I/usr/include/python3.8 -c src/_imagingcms.c -o build/temp.linux-riscv64-3.8/src/_imagingcms.o
[ 1854s] creating build/temp.linux-riscv64-3.8/src/libImaging
[ 1854s] building 'PIL._webp' extension
[ 1854s] gcc -Wno-unused-result -Wsign-compare -DNDEBUG -D_GNU_SOURCE -fPIC -fwrapv -D_GNU_SOURCE -fPIC -fwrapv -fstack-protector-strong -O2 -g -pipe -Wall -Werror=format-security -Wp,-D_FORTIFY_SOURCE=2 -Wp,-D_GLIBCXX_ASSERTIONS -fstack-protector-strong -grecord-gcc-switches -specs=/usr/lib/rpm/generic-hardened-cc1 -fasynchronous-unwind-tables -fstack-clash-protection -fPIC -DHAVE_WEBPMUX -I/usr/include/freetype2 -I/usr/include/openjpeg-2.3 -I/home/abuild/rpmbuild/BUILD/Pillow-9.0.1 -I/usr/include/fribidi -I/usr/include -I/usr/local/include -I/usr/include/python3.8 -c src/_webp.c -o build/temp.linux-riscv64-3.8/src/_webp.o
[ 1854s] gcc -Wno-unused-result -Wsign-compare -DNDEBUG -D_GNU_SOURCE -fPIC -fwrapv -D_GNU_SOURCE -fPIC -fwrapv -fstack-protector-strong -O2 -g -pipe -Wall -Werror=format-security -Wp,-D_FORTIFY_SOURCE=2 -Wp,-D_GLIBCXX_ASSERTIONS -fstack-protector-strong -grecord-gcc-switches -specs=/usr/lib/rpm/generic-hardened-cc1 -fasynchronous-unwind-tables -fstack-clash-protection -fPIC -DHAVE_LIBJPEG -DHAVE_OPENJPEG -DHAVE_LIBZ -DHAVE_LIBIMAGEQUANT -DHAVE_LIBTIFF -DHAVE_XCB -DPILLOW_VERSION="9.0.1" -I/usr/include/freetype2 -I/usr/include/openjpeg-2.3 -I/home/abuild/rpmbuild/BUILD/Pillow-9.0.1 -I/usr/include/fribidi -I/usr/include -I/usr/local/include -I/usr/include/python3.8 -c src/_imaging.c -o build/temp.linux-riscv64-3.8/src/_imaging.o
[ 1870s] gcc -shared -g -Wl,-z,relro -Wl,-z,now -specs=/usr/lib/rpm/generic-hardened-ld -O2 -g -pipe -Wall -Werror=format-security -Wp,-D_FORTIFY_SOURCE=2 -Wp,-D_GLIBCXX_ASSERTIONS -fstack-protector-strong -grecord-gcc-switches -specs=/usr/lib/rpm/generic-hardened-cc1 -fasynchronous-unwind-tables -fstack-clash-protection build/temp.linux-riscv64-3.8/src/_webp.o -L/home/abuild/rpmbuild/BUILD/Pillow-9.0.1 -L/usr/lib -L/usr/lib64 -L/usr/local/lib -L/usr/lib64 -lwebp -lwebpmux -lwebpdemux -o build/lib.linux-riscv64-3.8/PIL/_webp.cpython-38-riscv64-linux-gnu.so
[ 1873s] building 'PIL._imagingtk' extension
[ 1873s] creating build/temp.linux-riscv64-3.8/src/Tk
[ 1873s] gcc -Wno-unused-result -Wsign-compare -DNDEBUG -D_GNU_SOURCE -fPIC -fwrapv -D_GNU_SOURCE -fPIC -fwrapv -fstack-protector-strong -O2 -g -pipe -Wall -Werror=format-security -Wp,-D_FORTIFY_SOURCE=2 -Wp,-D_GLIBCXX_ASSERTIONS -fstack-protector-strong -grecord-gcc-switches -specs=/usr/lib/rpm/generic-hardened-cc1 -fasynchronous-unwind-tables -fstack-clash-protection -fPIC -I/usr/include/freetype2 -I/usr/include/openjpeg-2.3 -I/home/abuild/rpmbuild/BUILD/Pillow-9.0.1 -I/usr/include/fribidi -I/usr/include -I/usr/local/include -I/usr/include/python3.8 -c src/_imagingtk.c -o build/temp.linux-riscv64-3.8/src/_imagingtk.o
[ 1877s] gcc -shared -g -Wl,-z,relro -Wl,-z,now -specs=/usr/lib/rpm/generic-hardened-ld -O2 -g -pipe -Wall -Werror=format-security -Wp,-D_FORTIFY_SOURCE=2 -Wp,-D_GLIBCXX_ASSERTIONS -fstack-protector-strong -grecord-gcc-switches -specs=/usr/lib/rpm/generic-hardened-cc1 -fasynchronous-unwind-tables -fstack-clash-protection build/temp.linux-riscv64-3.8/src/_imagingft.o -L/home/abuild/rpmbuild/BUILD/Pillow-9.0.1 -L/usr/lib -L/usr/lib64 -L/usr/local/lib -L/usr/lib64 -lfreetype -lraqm -o build/lib.linux-riscv64-3.8/PIL/_imagingft.cpython-38-riscv64-linux-gnu.so
[ 1878s] gcc -shared -g -Wl,-z,relro -Wl,-z,now -specs=/usr/lib/rpm/generic-hardened-ld -O2 -g -pipe -Wall -Werror=format-security -Wp,-D_FORTIFY_SOURCE=2 -Wp,-D_GLIBCXX_ASSERTIONS -fstack-protector-strong -grecord-gcc-switches -specs=/usr/lib/rpm/generic-hardened-cc1 -fasynchronous-unwind-tables -fstack-clash-protection build/temp.linux-riscv64-3.8/src/_imagingcms.o -L/home/abuild/rpmbuild/BUILD/Pillow-9.0.1 -L/usr/lib -L/usr/lib64 -L/usr/local/lib -L/usr/lib64 -llcms2 -o build/lib.linux-riscv64-3.8/PIL/_imagingcms.cpython-38-riscv64-linux-gnu.so
[ 1879s] building 'PIL._imagingmath' extension
[ 1879s] gcc -Wno-unused-result -Wsign-compare -DNDEBUG -D_GNU_SOURCE -fPIC -fwrapv -D_GNU_SOURCE -fPIC -fwrapv -fstack-protector-strong -O2 -g -pipe -Wall -Werror=format-security -Wp,-D_FORTIFY_SOURCE=2 -Wp,-D_GLIBCXX_ASSERTIONS -fstack-protector-strong -grecord-gcc-switches -specs=/usr/lib/rpm/generic-hardened-cc1 -fasynchronous-unwind-tables -fstack-clash-protection -fPIC -I/usr/include/freetype2 -I/usr/include/openjpeg-2.3 -I/home/abuild/rpmbuild/BUILD/Pillow-9.0.1 -I/usr/include/fribidi -I/usr/include -I/usr/local/include -I/usr/include/python3.8 -c src/_imagingmath.c -o build/temp.linux-riscv64-3.8/src/_imagingmath.o
[ 1880s] building 'PIL._imagingmorph' extension
[ 1880s] gcc -Wno-unused-result -Wsign-compare -DNDEBUG -D_GNU_SOURCE -fPIC -fwrapv -D_GNU_SOURCE -fPIC -fwrapv -fstack-protector-strong -O2 -g -pipe -Wall -Werror=format-security -Wp,-D_FORTIFY_SOURCE=2 -Wp,-D_GLIBCXX_ASSERTIONS -fstack-protector-strong -grecord-gcc-switches -specs=/usr/lib/rpm/generic-hardened-cc1 -fasynchronous-unwind-tables -fstack-clash-protection -fPIC -I/usr/include/freetype2 -I/usr/include/openjpeg-2.3 -I/home/abuild/rpmbuild/BUILD/Pillow-9.0.1 -I/usr/include/fribidi -I/usr/include -I/usr/local/include -I/usr/include/python3.8 -c src/_imagingmorph.c -o build/temp.linux-riscv64-3.8/src/_imagingmorph.o
[ 1880s] gcc -Wno-unused-result -Wsign-compare -DNDEBUG -D_GNU_SOURCE -fPIC -fwrapv -D_GNU_SOURCE -fPIC -fwrapv -fstack-protector-strong -O2 -g -pipe -Wall -Werror=format-security -Wp,-D_FORTIFY_SOURCE=2 -Wp,-D_GLIBCXX_ASSERTIONS -fstack-protector-strong -grecord-gcc-switches -specs=/usr/lib/rpm/generic-hardened-cc1 -fasynchronous-unwind-tables -fstack-clash-protection -fPIC -I/usr/include/freetype2 -I/usr/include/openjpeg-2.3 -I/home/abuild/rpmbuild/BUILD/Pillow-9.0.1 -I/usr/include/fribidi -I/usr/include -I/usr/local/include -I/usr/include/python3.8 -c src/Tk/tkImaging.c -o build/temp.linux-riscv64-3.8/src/Tk/tkImaging.o
[ 1888s] gcc -shared -g -Wl,-z,relro -Wl,-z,now -specs=/usr/lib/rpm/generic-hardened-ld -O2 -g -pipe -Wall -Werror=format-security -Wp,-D_FORTIFY_SOURCE=2 -Wp,-D_GLIBCXX_ASSERTIONS -fstack-protector-strong -grecord-gcc-switches -specs=/usr/lib/rpm/generic-hardened-cc1 -fasynchronous-unwind-tables -fstack-clash-protection build/temp.linux-riscv64-3.8/src/_imagingmorph.o -L/home/abuild/rpmbuild/BUILD/Pillow-9.0.1 -L/usr/lib -L/usr/lib64 -L/usr/local/lib -L/usr/lib64 -o build/lib.linux-riscv64-3.8/PIL/_imagingmorph.cpython-38-riscv64-linux-gnu.so
[ 1889s] gcc -shared -g -Wl,-z,relro -Wl,-z,now -specs=/usr/lib/rpm/generic-hardened-ld -O2 -g -pipe -Wall -Werror=format-security -Wp,-D_FORTIFY_SOURCE=2 -Wp,-D_GLIBCXX_ASSERTIONS -fstack-protector-strong -grecord-gcc-switches -specs=/usr/lib/rpm/generic-hardened-cc1 -fasynchronous-unwind-tables -fstack-clash-protection build/temp.linux-riscv64-3.8/src/_imagingtk.o build/temp.linux-riscv64-3.8/src/Tk/tkImaging.o -L/home/abuild/rpmbuild/BUILD/Pillow-9.0.1 -L/usr/lib -L/usr/lib64 -L/usr/local/lib -L/usr/lib64 -o build/lib.linux-riscv64-3.8/PIL/_imagingtk.cpython-38-riscv64-linux-gnu.so
[ 1899s] gcc -shared -g -Wl,-z,relro -Wl,-z,now -specs=/usr/lib/rpm/generic-hardened-ld -O2 -g -pipe -Wall -Werror=format-security -Wp,-D_FORTIFY_SOURCE=2 -Wp,-D_GLIBCXX_ASSERTIONS -fstack-protector-strong -grecord-gcc-switches -specs=/usr/lib/rpm/generic-hardened-cc1 -fasynchronous-unwind-tables -fstack-clash-protection build/temp.linux-riscv64-3.8/src/_imagingmath.o -L/home/abuild/rpmbuild/BUILD/Pillow-9.0.1 -L/usr/lib -L/usr/lib64 -L/usr/local/lib -L/usr/lib64 -o build/lib.linux-riscv64-3.8/PIL/_imagingmath.cpython-38-riscv64-linux-gnu.so
[ 1899s] gcc -Wno-unused-result -Wsign-compare -DNDEBUG -D_GNU_SOURCE -fPIC -fwrapv -D_GNU_SOURCE -fPIC -fwrapv -fstack-protector-strong -O2 -g -pipe -Wall -Werror=format-security -Wp,-D_FORTIFY_SOURCE=2 -Wp,-D_GLIBCXX_ASSERTIONS -fstack-protector-strong -grecord-gcc-switches -specs=/usr/lib/rpm/generic-hardened-cc1 -fasynchronous-unwind-tables -fstack-clash-protection -fPIC -DHAVE_LIBJPEG -DHAVE_OPENJPEG -DHAVE_LIBZ -DHAVE_LIBIMAGEQUANT -DHAVE_LIBTIFF -DHAVE_XCB -DPILLOW_VERSION="9.0.1" -I/usr/include/freetype2 -I/usr/include/openjpeg-2.3 -I/home/abuild/rpmbuild/BUILD/Pillow-9.0.1 -I/usr/include/fribidi -I/usr/include -I/usr/local/include -I/usr/include/python3.8 -c src/decode.c -o build/temp.linux-riscv64-3.8/src/decode.o
[ 1910s] gcc -Wno-unused-result -Wsign-compare -DNDEBUG -D_GNU_SOURCE -fPIC -fwrapv -D_GNU_SOURCE -fPIC -fwrapv -fstack-protector-strong -O2 -g -pipe -Wall -Werror=format-security -Wp,-D_FORTIFY_SOURCE=2 -Wp,-D_GLIBCXX_ASSERTIONS -fstack-protector-strong -grecord-gcc-switches -specs=/usr/lib/rpm/generic-hardened-cc1 -fasynchronous-unwind-tables -fstack-clash-protection -fPIC -DHAVE_LIBJPEG -DHAVE_OPENJPEG -DHAVE_LIBZ -DHAVE_LIBIMAGEQUANT -DHAVE_LIBTIFF -DHAVE_XCB -DPILLOW_VERSION="9.0.1" -I/usr/include/freetype2 -I/usr/include/openjpeg-2.3 -I/home/abuild/rpmbuild/BUILD/Pillow-9.0.1 -I/usr/include/fribidi -I/usr/include -I/usr/local/include -I/usr/include/python3.8 -c src/encode.c -o build/temp.linux-riscv64-3.8/src/encode.o
[ 1924s] gcc -Wno-unused-result -Wsign-compare -DNDEBUG -D_GNU_SOURCE -fPIC -fwrapv -D_GNU_SOURCE -fPIC -fwrapv -fstack-protector-strong -O2 -g -pipe -Wall -Werror=format-security -Wp,-D_FORTIFY_SOURCE=2 -Wp,-D_GLIBCXX_ASSERTIONS -fstack-protector-strong -grecord-gcc-switches -specs=/usr/lib/rpm/generic-hardened-cc1 -fasynchronous-unwind-tables -fstack-clash-protection -fPIC -DHAVE_LIBJPEG -DHAVE_OPENJPEG -DHAVE_LIBZ -DHAVE_LIBIMAGEQUANT -DHAVE_LIBTIFF -DHAVE_XCB -DPILLOW_VERSION="9.0.1" -I/usr/include/freetype2 -I/usr/include/openjpeg-2.3 -I/home/abuild/rpmbuild/BUILD/Pillow-9.0.1 -I/usr/include/fribidi -I/usr/include -I/usr/local/include -I/usr/include/python3.8 -c src/map.c -o build/temp.linux-riscv64-3.8/src/map.o
[ 1929s] gcc -Wno-unused-result -Wsign-compare -DNDEBUG -D_GNU_SOURCE -fPIC -fwrapv -D_GNU_SOURCE -fPIC -fwrapv -fstack-protector-strong -O2 -g -pipe -Wall -Werror=format-security -Wp,-D_FORTIFY_SOURCE=2 -Wp,-D_GLIBCXX_ASSERTIONS -fstack-protector-strong -grecord-gcc-switches -specs=/usr/lib/rpm/generic-hardened-cc1 -fasynchronous-unwind-tables -fstack-clash-protection -fPIC -DHAVE_LIBJPEG -DHAVE_OPENJPEG -DHAVE_LIBZ -DHAVE_LIBIMAGEQUANT -DHAVE_LIBTIFF -DHAVE_XCB -DPILLOW_VERSION="9.0.1" -I/usr/include/freetype2 -I/usr/include/openjpeg-2.3 -I/home/abuild/rpmbuild/BUILD/Pillow-9.0.1 -I/usr/include/fribidi -I/usr/include -I/usr/local/include -I/usr/include/python3.8 -c src/display.c -o build/temp.linux-riscv64-3.8/src/display.o
[ 1936s] gcc -Wno-unused-result -Wsign-compare -DNDEBUG -D_GNU_SOURCE -fPIC -fwrapv -D_GNU_SOURCE -fPIC -fwrapv -fstack-protector-strong -O2 -g -pipe -Wall -Werror=format-security -Wp,-D_FORTIFY_SOURCE=2 -Wp,-D_GLIBCXX_ASSERTIONS -fstack-protector-strong -grecord-gcc-switches -specs=/usr/lib/rpm/generic-hardened-cc1 -fasynchronous-unwind-tables -fstack-clash-protection -fPIC -DHAVE_LIBJPEG -DHAVE_OPENJPEG -DHAVE_LIBZ -DHAVE_LIBIMAGEQUANT -DHAVE_LIBTIFF -DHAVE_XCB -DPILLOW_VERSION="9.0.1" -I/usr/include/freetype2 -I/usr/include/openjpeg-2.3 -I/home/abuild/rpmbuild/BUILD/Pillow-9.0.1 -I/usr/include/fribidi -I/usr/include -I/usr/local/include -I/usr/include/python3.8 -c src/outline.c -o build/temp.linux-riscv64-3.8/src/outline.o
[ 1942s] gcc -Wno-unused-result -Wsign-compare -DNDEBUG -D_GNU_SOURCE -fPIC -fwrapv -D_GNU_SOURCE -fPIC -fwrapv -fstack-protector-strong -O2 -g -pipe -Wall -Werror=format-security -Wp,-D_FORTIFY_SOURCE=2 -Wp,-D_GLIBCXX_ASSERTIONS -fstack-protector-strong -grecord-gcc-switches -specs=/usr/lib/rpm/generic-hardened-cc1 -fasynchronous-unwind-tables -fstack-clash-protection -fPIC -DHAVE_LIBJPEG -DHAVE_OPENJPEG -DHAVE_LIBZ -DHAVE_LIBIMAGEQUANT -DHAVE_LIBTIFF -DHAVE_XCB -DPILLOW_VERSION="9.0.1" -I/usr/include/freetype2 -I/usr/include/openjpeg-2.3 -I/home/abuild/rpmbuild/BUILD/Pillow-9.0.1 -I/usr/include/fribidi -I/usr/include -I/usr/local/include -I/usr/include/python3.8 -c src/path.c -o build/temp.linux-riscv64-3.8/src/path.o
[ 1952s] gcc -Wno-unused-result -Wsign-compare -DNDEBUG -D_GNU_SOURCE -fPIC -fwrapv -D_GNU_SOURCE -fPIC -fwrapv -fstack-protector-strong -O2 -g -pipe -Wall -Werror=format-security -Wp,-D_FORTIFY_SOURCE=2 -Wp,-D_GLIBCXX_ASSERTIONS -fstack-protector-strong -grecord-gcc-switches -specs=/usr/lib/rpm/generic-hardened-cc1 -fasynchronous-unwind-tables -fstack-clash-protection -fPIC -DHAVE_LIBJPEG -DHAVE_OPENJPEG -DHAVE_LIBZ -DHAVE_LIBIMAGEQUANT -DHAVE_LIBTIFF -DHAVE_XCB -DPILLOW_VERSION="9.0.1" -I/usr/include/freetype2 -I/usr/include/openjpeg-2.3 -I/home/abuild/rpmbuild/BUILD/Pillow-9.0.1 -I/usr/include/fribidi -I/usr/include -I/usr/local/include -I/usr/include/python3.8 -c src/libImaging/Access.c -o build/temp.linux-riscv64-3.8/src/libImaging/Access.o
[ 1960s] gcc -Wno-unused-result -Wsign-compare -DNDEBUG -D_GNU_SOURCE -fPIC -fwrapv -D_GNU_SOURCE -fPIC -fwrapv -fstack-protector-strong -O2 -g -pipe -Wall -Werror=format-security -Wp,-D_FORTIFY_SOURCE=2 -Wp,-D_GLIBCXX_ASSERTIONS -fstack-protector-strong -grecord-gcc-switches -specs=/usr/lib/rpm/generic-hardened-cc1 -fasynchronous-unwind-tables -fstack-clash-protection -fPIC -DHAVE_LIBJPEG -DHAVE_OPENJPEG -DHAVE_LIBZ -DHAVE_LIBIMAGEQUANT -DHAVE_LIBTIFF -DHAVE_XCB -DPILLOW_VERSION="9.0.1" -I/usr/include/freetype2 -I/usr/include/openjpeg-2.3 -I/home/abuild/rpmbuild/BUILD/Pillow-9.0.1 -I/usr/include/fribidi -I/usr/include -I/usr/local/include -I/usr/include/python3.8 -c src/libImaging/AlphaComposite.c -o build/temp.linux-riscv64-3.8/src/libImaging/AlphaComposite.o
[ 1967s] gcc -Wno-unused-result -Wsign-compare -DNDEBUG -D_GNU_SOURCE -fPIC -fwrapv -D_GNU_SOURCE -fPIC -fwrapv -fstack-protector-strong -O2 -g -pipe -Wall -Werror=format-security -Wp,-D_FORTIFY_SOURCE=2 -Wp,-D_GLIBCXX_ASSERTIONS -fstack-protector-strong -grecord-gcc-switches -specs=/usr/lib/rpm/generic-hardened-cc1 -fasynchronous-unwind-tables -fstack-clash-protection -fPIC -DHAVE_LIBJPEG -DHAVE_OPENJPEG -DHAVE_LIBZ -DHAVE_LIBIMAGEQUANT -DHAVE_LIBTIFF -DHAVE_XCB -DPILLOW_VERSION="9.0.1" -I/usr/include/freetype2 -I/usr/include/openjpeg-2.3 -I/home/abuild/rpmbuild/BUILD/Pillow-9.0.1 -I/usr/include/fribidi -I/usr/include -I/usr/local/include -I/usr/include/python3.8 -c src/libImaging/Resample.c -o build/temp.linux-riscv64-3.8/src/libImaging/Resample.o
[ 1983s] gcc -Wno-unused-result -Wsign-compare -DNDEBUG -D_GNU_SOURCE -fPIC -fwrapv -D_GNU_SOURCE -fPIC -fwrapv -fstack-protector-strong -O2 -g -pipe -Wall -Werror=format-security -Wp,-D_FORTIFY_SOURCE=2 -Wp,-D_GLIBCXX_ASSERTIONS -fstack-protector-strong -grecord-gcc-switches -specs=/usr/lib/rpm/generic-hardened-cc1 -fasynchronous-unwind-tables -fstack-clash-protection -fPIC -DHAVE_LIBJPEG -DHAVE_OPENJPEG -DHAVE_LIBZ -DHAVE_LIBIMAGEQUANT -DHAVE_LIBTIFF -DHAVE_XCB -DPILLOW_VERSION="9.0.1" -I/usr/include/freetype2 -I/usr/include/openjpeg-2.3 -I/home/abuild/rpmbuild/BUILD/Pillow-9.0.1 -I/usr/include/fribidi -I/usr/include -I/usr/local/include -I/usr/include/python3.8 -c src/libImaging/Reduce.c -o build/temp.linux-riscv64-3.8/src/libImaging/Reduce.o
[ 2018s] gcc -Wno-unused-result -Wsign-compare -DNDEBUG -D_GNU_SOURCE -fPIC -fwrapv -D_GNU_SOURCE -fPIC -fwrapv -fstack-protector-strong -O2 -g -pipe -Wall -Werror=format-security -Wp,-D_FORTIFY_SOURCE=2 -Wp,-D_GLIBCXX_ASSERTIONS -fstack-protector-strong -grecord-gcc-switches -specs=/usr/lib/rpm/generic-hardened-cc1 -fasynchronous-unwind-tables -fstack-clash-protection -fPIC -DHAVE_LIBJPEG -DHAVE_OPENJPEG -DHAVE_LIBZ -DHAVE_LIBIMAGEQUANT -DHAVE_LIBTIFF -DHAVE_XCB -DPILLOW_VERSION="9.0.1" -I/usr/include/freetype2 -I/usr/include/openjpeg-2.3 -I/home/abuild/rpmbuild/BUILD/Pillow-9.0.1 -I/usr/include/fribidi -I/usr/include -I/usr/local/include -I/usr/include/python3.8 -c src/libImaging/Bands.c -o build/temp.linux-riscv64-3.8/src/libImaging/Bands.o
[ 2030s] gcc -Wno-unused-result -Wsign-compare -DNDEBUG -D_GNU_SOURCE -fPIC -fwrapv -D_GNU_SOURCE -fPIC -fwrapv -fstack-protector-strong -O2 -g -pipe -Wall -Werror=format-security -Wp,-D_FORTIFY_SOURCE=2 -Wp,-D_GLIBCXX_ASSERTIONS -fstack-protector-strong -grecord-gcc-switches -specs=/usr/lib/rpm/generic-hardened-cc1 -fasynchronous-unwind-tables -fstack-clash-protection -fPIC -DHAVE_LIBJPEG -DHAVE_OPENJPEG -DHAVE_LIBZ -DHAVE_LIBIMAGEQUANT -DHAVE_LIBTIFF -DHAVE_XCB -DPILLOW_VERSION="9.0.1" -I/usr/include/freetype2 -I/usr/include/openjpeg-2.3 -I/home/abuild/rpmbuild/BUILD/Pillow-9.0.1 -I/usr/include/fribidi -I/usr/include -I/usr/local/include -I/usr/include/python3.8 -c src/libImaging/BcnDecode.c -o build/temp.linux-riscv64-3.8/src/libImaging/BcnDecode.o
[ 2048s] gcc -Wno-unused-result -Wsign-compare -DNDEBUG -D_GNU_SOURCE -fPIC -fwrapv -D_GNU_SOURCE -fPIC -fwrapv -fstack-protector-strong -O2 -g -pipe -Wall -Werror=format-security -Wp,-D_FORTIFY_SOURCE=2 -Wp,-D_GLIBCXX_ASSERTIONS -fstack-protector-strong -grecord-gcc-switches -specs=/usr/lib/rpm/generic-hardened-cc1 -fasynchronous-unwind-tables -fstack-clash-protection -fPIC -DHAVE_LIBJPEG -DHAVE_OPENJPEG -DHAVE_LIBZ -DHAVE_LIBIMAGEQUANT -DHAVE_LIBTIFF -DHAVE_XCB -DPILLOW_VERSION="9.0.1" -I/usr/include/freetype2 -I/usr/include/openjpeg-2.3 -I/home/abuild/rpmbuild/BUILD/Pillow-9.0.1 -I/usr/include/fribidi -I/usr/include -I/usr/local/include -I/usr/include/python3.8 -c src/libImaging/BitDecode.c -o build/temp.linux-riscv64-3.8/src/libImaging/BitDecode.o
[ 2053s] gcc -Wno-unused-result -Wsign-compare -DNDEBUG -D_GNU_SOURCE -fPIC -fwrapv -D_GNU_SOURCE -fPIC -fwrapv -fstack-protector-strong -O2 -g -pipe -Wall -Werror=format-security -Wp,-D_FORTIFY_SOURCE=2 -Wp,-D_GLIBCXX_ASSERTIONS -fstack-protector-strong -grecord-gcc-switches -specs=/usr/lib/rpm/generic-hardened-cc1 -fasynchronous-unwind-tables -fstack-clash-protection -fPIC -DHAVE_LIBJPEG -DHAVE_OPENJPEG -DHAVE_LIBZ -DHAVE_LIBIMAGEQUANT -DHAVE_LIBTIFF -DHAVE_XCB -DPILLOW_VERSION="9.0.1" -I/usr/include/freetype2 -I/usr/include/openjpeg-2.3 -I/home/abuild/rpmbuild/BUILD/Pillow-9.0.1 -I/usr/include/fribidi -I/usr/include -I/usr/local/include -I/usr/include/python3.8 -c src/libImaging/Blend.c -o build/temp.linux-riscv64-3.8/src/libImaging/Blend.o
[ 2060s] gcc -Wno-unused-result -Wsign-compare -DNDEBUG -D_GNU_SOURCE -fPIC -fwrapv -D_GNU_SOURCE -fPIC -fwrapv -fstack-protector-strong -O2 -g -pipe -Wall -Werror=format-security -Wp,-D_FORTIFY_SOURCE=2 -Wp,-D_GLIBCXX_ASSERTIONS -fstack-protector-strong -grecord-gcc-switches -specs=/usr/lib/rpm/generic-hardened-cc1 -fasynchronous-unwind-tables -fstack-clash-protection -fPIC -DHAVE_LIBJPEG -DHAVE_OPENJPEG -DHAVE_LIBZ -DHAVE_LIBIMAGEQUANT -DHAVE_LIBTIFF -DHAVE_XCB -DPILLOW_VERSION="9.0.1" -I/usr/include/freetype2 -I/usr/include/openjpeg-2.3 -I/home/abuild/rpmbuild/BUILD/Pillow-9.0.1 -I/usr/include/fribidi -I/usr/include -I/usr/local/include -I/usr/include/python3.8 -c src/libImaging/Chops.c -o build/temp.linux-riscv64-3.8/src/libImaging/Chops.o
[ 2070s] gcc -Wno-unused-result -Wsign-compare -DNDEBUG -D_GNU_SOURCE -fPIC -fwrapv -D_GNU_SOURCE -fPIC -fwrapv -fstack-protector-strong -O2 -g -pipe -Wall -Werror=format-security -Wp,-D_FORTIFY_SOURCE=2 -Wp,-D_GLIBCXX_ASSERTIONS -fstack-protector-strong -grecord-gcc-switches -specs=/usr/lib/rpm/generic-hardened-cc1 -fasynchronous-unwind-tables -fstack-clash-protection -fPIC -DHAVE_LIBJPEG -DHAVE_OPENJPEG -DHAVE_LIBZ -DHAVE_LIBIMAGEQUANT -DHAVE_LIBTIFF -DHAVE_XCB -DPILLOW_VERSION="9.0.1" -I/usr/include/freetype2 -I/usr/include/openjpeg-2.3 -I/home/abuild/rpmbuild/BUILD/Pillow-9.0.1 -I/usr/include/fribidi -I/usr/include -I/usr/local/include -I/usr/include/python3.8 -c src/libImaging/ColorLUT.c -o build/temp.linux-riscv64-3.8/src/libImaging/ColorLUT.o
[ 2083s] gcc -Wno-unused-result -Wsign-compare -DNDEBUG -D_GNU_SOURCE -fPIC -fwrapv -D_GNU_SOURCE -fPIC -fwrapv -fstack-protector-strong -O2 -g -pipe -Wall -Werror=format-security -Wp,-D_FORTIFY_SOURCE=2 -Wp,-D_GLIBCXX_ASSERTIONS -fstack-protector-strong -grecord-gcc-switches -specs=/usr/lib/rpm/generic-hardened-cc1 -fasynchronous-unwind-tables -fstack-clash-protection -fPIC -DHAVE_LIBJPEG -DHAVE_OPENJPEG -DHAVE_LIBZ -DHAVE_LIBIMAGEQUANT -DHAVE_LIBTIFF -DHAVE_XCB -DPILLOW_VERSION="9.0.1" -I/usr/include/freetype2 -I/usr/include/openjpeg-2.3 -I/home/abuild/rpmbuild/BUILD/Pillow-9.0.1 -I/usr/include/fribidi -I/usr/include -I/usr/local/include -I/usr/include/python3.8 -c src/libImaging/Convert.c -o build/temp.linux-riscv64-3.8/src/libImaging/Convert.o
[ 2108s] gcc -Wno-unused-result -Wsign-compare -DNDEBUG -D_GNU_SOURCE -fPIC -fwrapv -D_GNU_SOURCE -fPIC -fwrapv -fstack-protector-strong -O2 -g -pipe -Wall -Werror=format-security -Wp,-D_FORTIFY_SOURCE=2 -Wp,-D_GLIBCXX_ASSERTIONS -fstack-protector-strong -grecord-gcc-switches -specs=/usr/lib/rpm/generic-hardened-cc1 -fasynchronous-unwind-tables -fstack-clash-protection -fPIC -DHAVE_LIBJPEG -DHAVE_OPENJPEG -DHAVE_LIBZ -DHAVE_LIBIMAGEQUANT -DHAVE_LIBTIFF -DHAVE_XCB -DPILLOW_VERSION="9.0.1" -I/usr/include/freetype2 -I/usr/include/openjpeg-2.3 -I/home/abuild/rpmbuild/BUILD/Pillow-9.0.1 -I/usr/include/fribidi -I/usr/include -I/usr/local/include -I/usr/include/python3.8 -c src/libImaging/ConvertYCbCr.c -o build/temp.linux-riscv64-3.8/src/libImaging/ConvertYCbCr.o
[ 2116s] gcc -Wno-unused-result -Wsign-compare -DNDEBUG -D_GNU_SOURCE -fPIC -fwrapv -D_GNU_SOURCE -fPIC -fwrapv -fstack-protector-strong -O2 -g -pipe -Wall -Werror=format-security -Wp,-D_FORTIFY_SOURCE=2 -Wp,-D_GLIBCXX_ASSERTIONS -fstack-protector-strong -grecord-gcc-switches -specs=/usr/lib/rpm/generic-hardened-cc1 -fasynchronous-unwind-tables -fstack-clash-protection -fPIC -DHAVE_LIBJPEG -DHAVE_OPENJPEG -DHAVE_LIBZ -DHAVE_LIBIMAGEQUANT -DHAVE_LIBTIFF -DHAVE_XCB -DPILLOW_VERSION="9.0.1" -I/usr/include/freetype2 -I/usr/include/openjpeg-2.3 -I/home/abuild/rpmbuild/BUILD/Pillow-9.0.1 -I/usr/include/fribidi -I/usr/include -I/usr/local/include -I/usr/include/python3.8 -c src/libImaging/Copy.c -o build/temp.linux-riscv64-3.8/src/libImaging/Copy.o
[ 2121s] gcc -Wno-unused-result -Wsign-compare -DNDEBUG -D_GNU_SOURCE -fPIC -fwrapv -D_GNU_SOURCE -fPIC -fwrapv -fstack-protector-strong -O2 -g -pipe -Wall -Werror=format-security -Wp,-D_FORTIFY_SOURCE=2 -Wp,-D_GLIBCXX_ASSERTIONS -fstack-protector-strong -grecord-gcc-switches -specs=/usr/lib/rpm/generic-hardened-cc1 -fasynchronous-unwind-tables -fstack-clash-protection -fPIC -DHAVE_LIBJPEG -DHAVE_OPENJPEG -DHAVE_LIBZ -DHAVE_LIBIMAGEQUANT -DHAVE_LIBTIFF -DHAVE_XCB -DPILLOW_VERSION="9.0.1" -I/usr/include/freetype2 -I/usr/include/openjpeg-2.3 -I/home/abuild/rpmbuild/BUILD/Pillow-9.0.1 -I/usr/include/fribidi -I/usr/include -I/usr/local/include -I/usr/include/python3.8 -c src/libImaging/Crop.c -o build/temp.linux-riscv64-3.8/src/libImaging/Crop.o
[ 2126s] gcc -Wno-unused-result -Wsign-compare -DNDEBUG -D_GNU_SOURCE -fPIC -fwrapv -D_GNU_SOURCE -fPIC -fwrapv -fstack-protector-strong -O2 -g -pipe -Wall -Werror=format-security -Wp,-D_FORTIFY_SOURCE=2 -Wp,-D_GLIBCXX_ASSERTIONS -fstack-protector-strong -grecord-gcc-switches -specs=/usr/lib/rpm/generic-hardened-cc1 -fasynchronous-unwind-tables -fstack-clash-protection -fPIC -DHAVE_LIBJPEG -DHAVE_OPENJPEG -DHAVE_LIBZ -DHAVE_LIBIMAGEQUANT -DHAVE_LIBTIFF -DHAVE_XCB -DPILLOW_VERSION="9.0.1" -I/usr/include/freetype2 -I/usr/include/openjpeg-2.3 -I/home/abuild/rpmbuild/BUILD/Pillow-9.0.1 -I/usr/include/fribidi -I/usr/include -I/usr/local/include -I/usr/include/python3.8 -c src/libImaging/Dib.c -o build/temp.linux-riscv64-3.8/src/libImaging/Dib.o
[ 2133s] gcc -Wno-unused-result -Wsign-compare -DNDEBUG -D_GNU_SOURCE -fPIC -fwrapv -D_GNU_SOURCE -fPIC -fwrapv -fstack-protector-strong -O2 -g -pipe -Wall -Werror=format-security -Wp,-D_FORTIFY_SOURCE=2 -Wp,-D_GLIBCXX_ASSERTIONS -fstack-protector-strong -grecord-gcc-switches -specs=/usr/lib/rpm/generic-hardened-cc1 -fasynchronous-unwind-tables -fstack-clash-protection -fPIC -DHAVE_LIBJPEG -DHAVE_OPENJPEG -DHAVE_LIBZ -DHAVE_LIBIMAGEQUANT -DHAVE_LIBTIFF -DHAVE_XCB -DPILLOW_VERSION="9.0.1" -I/usr/include/freetype2 -I/usr/include/openjpeg-2.3 -I/home/abuild/rpmbuild/BUILD/Pillow-9.0.1 -I/usr/include/fribidi -I/usr/include -I/usr/local/include -I/usr/include/python3.8 -c src/libImaging/Draw.c -o build/temp.linux-riscv64-3.8/src/libImaging/Draw.o
[ 2160s] gcc -Wno-unused-result -Wsign-compare -DNDEBUG -D_GNU_SOURCE -fPIC -fwrapv -D_GNU_SOURCE -fPIC -fwrapv -fstack-protector-strong -O2 -g -pipe -Wall -Werror=format-security -Wp,-D_FORTIFY_SOURCE=2 -Wp,-D_GLIBCXX_ASSERTIONS -fstack-protector-strong -grecord-gcc-switches -specs=/usr/lib/rpm/generic-hardened-cc1 -fasynchronous-unwind-tables -fstack-clash-protection -fPIC -DHAVE_LIBJPEG -DHAVE_OPENJPEG -DHAVE_LIBZ -DHAVE_LIBIMAGEQUANT -DHAVE_LIBTIFF -DHAVE_XCB -DPILLOW_VERSION="9.0.1" -I/usr/include/freetype2 -I/usr/include/openjpeg-2.3 -I/home/abuild/rpmbuild/BUILD/Pillow-9.0.1 -I/usr/include/fribidi -I/usr/include -I/usr/local/include -I/usr/include/python3.8 -c src/libImaging/Effects.c -o build/temp.linux-riscv64-3.8/src/libImaging/Effects.o
[ 2169s] gcc -Wno-unused-result -Wsign-compare -DNDEBUG -D_GNU_SOURCE -fPIC -fwrapv -D_GNU_SOURCE -fPIC -fwrapv -fstack-protector-strong -O2 -g -pipe -Wall -Werror=format-security -Wp,-D_FORTIFY_SOURCE=2 -Wp,-D_GLIBCXX_ASSERTIONS -fstack-protector-strong -grecord-gcc-switches -specs=/usr/lib/rpm/generic-hardened-cc1 -fasynchronous-unwind-tables -fstack-clash-protection -fPIC -DHAVE_LIBJPEG -DHAVE_OPENJPEG -DHAVE_LIBZ -DHAVE_LIBIMAGEQUANT -DHAVE_LIBTIFF -DHAVE_XCB -DPILLOW_VERSION="9.0.1" -I/usr/include/freetype2 -I/usr/include/openjpeg-2.3 -I/home/abuild/rpmbuild/BUILD/Pillow-9.0.1 -I/usr/include/fribidi -I/usr/include -I/usr/local/include -I/usr/include/python3.8 -c src/libImaging/EpsEncode.c -o build/temp.linux-riscv64-3.8/src/libImaging/EpsEncode.o
[ 2174s] gcc -Wno-unused-result -Wsign-compare -DNDEBUG -D_GNU_SOURCE -fPIC -fwrapv -D_GNU_SOURCE -fPIC -fwrapv -fstack-protector-strong -O2 -g -pipe -Wall -Werror=format-security -Wp,-D_FORTIFY_SOURCE=2 -Wp,-D_GLIBCXX_ASSERTIONS -fstack-protector-strong -grecord-gcc-switches -specs=/usr/lib/rpm/generic-hardened-cc1 -fasynchronous-unwind-tables -fstack-clash-protection -fPIC -DHAVE_LIBJPEG -DHAVE_OPENJPEG -DHAVE_LIBZ -DHAVE_LIBIMAGEQUANT -DHAVE_LIBTIFF -DHAVE_XCB -DPILLOW_VERSION="9.0.1" -I/usr/include/freetype2 -I/usr/include/openjpeg-2.3 -I/home/abuild/rpmbuild/BUILD/Pillow-9.0.1 -I/usr/include/fribidi -I/usr/include -I/usr/local/include -I/usr/include/python3.8 -c src/libImaging/File.c -o build/temp.linux-riscv64-3.8/src/libImaging/File.o
[ 2180s] gcc -Wno-unused-result -Wsign-compare -DNDEBUG -D_GNU_SOURCE -fPIC -fwrapv -D_GNU_SOURCE -fPIC -fwrapv -fstack-protector-strong -O2 -g -pipe -Wall -Werror=format-security -Wp,-D_FORTIFY_SOURCE=2 -Wp,-D_GLIBCXX_ASSERTIONS -fstack-protector-strong -grecord-gcc-switches -specs=/usr/lib/rpm/generic-hardened-cc1 -fasynchronous-unwind-tables -fstack-clash-protection -fPIC -DHAVE_LIBJPEG -DHAVE_OPENJPEG -DHAVE_LIBZ -DHAVE_LIBIMAGEQUANT -DHAVE_LIBTIFF -DHAVE_XCB -DPILLOW_VERSION="9.0.1" -I/usr/include/freetype2 -I/usr/include/openjpeg-2.3 -I/home/abuild/rpmbuild/BUILD/Pillow-9.0.1 -I/usr/include/fribidi -I/usr/include -I/usr/local/include -I/usr/include/python3.8 -c src/libImaging/Fill.c -o build/temp.linux-riscv64-3.8/src/libImaging/Fill.o
[ 2188s] gcc -Wno-unused-result -Wsign-compare -DNDEBUG -D_GNU_SOURCE -fPIC -fwrapv -D_GNU_SOURCE -fPIC -fwrapv -fstack-protector-strong -O2 -g -pipe -Wall -Werror=format-security -Wp,-D_FORTIFY_SOURCE=2 -Wp,-D_GLIBCXX_ASSERTIONS -fstack-protector-strong -grecord-gcc-switches -specs=/usr/lib/rpm/generic-hardened-cc1 -fasynchronous-unwind-tables -fstack-clash-protection -fPIC -DHAVE_LIBJPEG -DHAVE_OPENJPEG -DHAVE_LIBZ -DHAVE_LIBIMAGEQUANT -DHAVE_LIBTIFF -DHAVE_XCB -DPILLOW_VERSION="9.0.1" -I/usr/include/freetype2 -I/usr/include/openjpeg-2.3 -I/home/abuild/rpmbuild/BUILD/Pillow-9.0.1 -I/usr/include/fribidi -I/usr/include -I/usr/local/include -I/usr/include/python3.8 -c src/libImaging/Filter.c -o build/temp.linux-riscv64-3.8/src/libImaging/Filter.o
[ 2210s] gcc -Wno-unused-result -Wsign-compare -DNDEBUG -D_GNU_SOURCE -fPIC -fwrapv -D_GNU_SOURCE -fPIC -fwrapv -fstack-protector-strong -O2 -g -pipe -Wall -Werror=format-security -Wp,-D_FORTIFY_SOURCE=2 -Wp,-D_GLIBCXX_ASSERTIONS -fstack-protector-strong -grecord-gcc-switches -specs=/usr/lib/rpm/generic-hardened-cc1 -fasynchronous-unwind-tables -fstack-clash-protection -fPIC -DHAVE_LIBJPEG -DHAVE_OPENJPEG -DHAVE_LIBZ -DHAVE_LIBIMAGEQUANT -DHAVE_LIBTIFF -DHAVE_XCB -DPILLOW_VERSION="9.0.1" -I/usr/include/freetype2 -I/usr/include/openjpeg-2.3 -I/home/abuild/rpmbuild/BUILD/Pillow-9.0.1 -I/usr/include/fribidi -I/usr/include -I/usr/local/include -I/usr/include/python3.8 -c src/libImaging/FliDecode.c -o build/temp.linux-riscv64-3.8/src/libImaging/FliDecode.o
[ 2219s] gcc -Wno-unused-result -Wsign-compare -DNDEBUG -D_GNU_SOURCE -fPIC -fwrapv -D_GNU_SOURCE -fPIC -fwrapv -fstack-protector-strong -O2 -g -pipe -Wall -Werror=format-security -Wp,-D_FORTIFY_SOURCE=2 -Wp,-D_GLIBCXX_ASSERTIONS -fstack-protector-strong -grecord-gcc-switches -specs=/usr/lib/rpm/generic-hardened-cc1 -fasynchronous-unwind-tables -fstack-clash-protection -fPIC -DHAVE_LIBJPEG -DHAVE_OPENJPEG -DHAVE_LIBZ -DHAVE_LIBIMAGEQUANT -DHAVE_LIBTIFF -DHAVE_XCB -DPILLOW_VERSION="9.0.1" -I/usr/include/freetype2 -I/usr/include/openjpeg-2.3 -I/home/abuild/rpmbuild/BUILD/Pillow-9.0.1 -I/usr/include/fribidi -I/usr/include -I/usr/local/include -I/usr/include/python3.8 -c src/libImaging/Geometry.c -o build/temp.linux-riscv64-3.8/src/libImaging/Geometry.o
[ 2248s] gcc -Wno-unused-result -Wsign-compare -DNDEBUG -D_GNU_SOURCE -fPIC -fwrapv -D_GNU_SOURCE -fPIC -fwrapv -fstack-protector-strong -O2 -g -pipe -Wall -Werror=format-security -Wp,-D_FORTIFY_SOURCE=2 -Wp,-D_GLIBCXX_ASSERTIONS -fstack-protector-strong -grecord-gcc-switches -specs=/usr/lib/rpm/generic-hardened-cc1 -fasynchronous-unwind-tables -fstack-clash-protection -fPIC -DHAVE_LIBJPEG -DHAVE_OPENJPEG -DHAVE_LIBZ -DHAVE_LIBIMAGEQUANT -DHAVE_LIBTIFF -DHAVE_XCB -DPILLOW_VERSION="9.0.1" -I/usr/include/freetype2 -I/usr/include/openjpeg-2.3 -I/home/abuild/rpmbuild/BUILD/Pillow-9.0.1 -I/usr/include/fribidi -I/usr/include -I/usr/local/include -I/usr/include/python3.8 -c src/libImaging/GetBBox.c -o build/temp.linux-riscv64-3.8/src/libImaging/GetBBox.o
[ 2259s] gcc -Wno-unused-result -Wsign-compare -DNDEBUG -D_GNU_SOURCE -fPIC -fwrapv -D_GNU_SOURCE -fPIC -fwrapv -fstack-protector-strong -O2 -g -pipe -Wall -Werror=format-security -Wp,-D_FORTIFY_SOURCE=2 -Wp,-D_GLIBCXX_ASSERTIONS -fstack-protector-strong -grecord-gcc-switches -specs=/usr/lib/rpm/generic-hardened-cc1 -fasynchronous-unwind-tables -fstack-clash-protection -fPIC -DHAVE_LIBJPEG -DHAVE_OPENJPEG -DHAVE_LIBZ -DHAVE_LIBIMAGEQUANT -DHAVE_LIBTIFF -DHAVE_XCB -DPILLOW_VERSION="9.0.1" -I/usr/include/freetype2 -I/usr/include/openjpeg-2.3 -I/home/abuild/rpmbuild/BUILD/Pillow-9.0.1 -I/usr/include/fribidi -I/usr/include -I/usr/local/include -I/usr/include/python3.8 -c src/libImaging/GifDecode.c -o build/temp.linux-riscv64-3.8/src/libImaging/GifDecode.o
[ 2265s] gcc -Wno-unused-result -Wsign-compare -DNDEBUG -D_GNU_SOURCE -fPIC -fwrapv -D_GNU_SOURCE -fPIC -fwrapv -fstack-protector-strong -O2 -g -pipe -Wall -Werror=format-security -Wp,-D_FORTIFY_SOURCE=2 -Wp,-D_GLIBCXX_ASSERTIONS -fstack-protector-strong -grecord-gcc-switches -specs=/usr/lib/rpm/generic-hardened-cc1 -fasynchronous-unwind-tables -fstack-clash-protection -fPIC -DHAVE_LIBJPEG -DHAVE_OPENJPEG -DHAVE_LIBZ -DHAVE_LIBIMAGEQUANT -DHAVE_LIBTIFF -DHAVE_XCB -DPILLOW_VERSION="9.0.1" -I/usr/include/freetype2 -I/usr/include/openjpeg-2.3 -I/home/abuild/rpmbuild/BUILD/Pillow-9.0.1 -I/usr/include/fribidi -I/usr/include -I/usr/local/include -I/usr/include/python3.8 -c src/libImaging/GifEncode.c -o build/temp.linux-riscv64-3.8/src/libImaging/GifEncode.o
[ 2275s] gcc -Wno-unused-result -Wsign-compare -DNDEBUG -D_GNU_SOURCE -fPIC -fwrapv -D_GNU_SOURCE -fPIC -fwrapv -fstack-protector-strong -O2 -g -pipe -Wall -Werror=format-security -Wp,-D_FORTIFY_SOURCE=2 -Wp,-D_GLIBCXX_ASSERTIONS -fstack-protector-strong -grecord-gcc-switches -specs=/usr/lib/rpm/generic-hardened-cc1 -fasynchronous-unwind-tables -fstack-clash-protection -fPIC -DHAVE_LIBJPEG -DHAVE_OPENJPEG -DHAVE_LIBZ -DHAVE_LIBIMAGEQUANT -DHAVE_LIBTIFF -DHAVE_XCB -DPILLOW_VERSION="9.0.1" -I/usr/include/freetype2 -I/usr/include/openjpeg-2.3 -I/home/abuild/rpmbuild/BUILD/Pillow-9.0.1 -I/usr/include/fribidi -I/usr/include -I/usr/local/include -I/usr/include/python3.8 -c src/libImaging/HexDecode.c -o build/temp.linux-riscv64-3.8/src/libImaging/HexDecode.o
[ 2281s] gcc -Wno-unused-result -Wsign-compare -DNDEBUG -D_GNU_SOURCE -fPIC -fwrapv -D_GNU_SOURCE -fPIC -fwrapv -fstack-protector-strong -O2 -g -pipe -Wall -Werror=format-security -Wp,-D_FORTIFY_SOURCE=2 -Wp,-D_GLIBCXX_ASSERTIONS -fstack-protector-strong -grecord-gcc-switches -specs=/usr/lib/rpm/generic-hardened-cc1 -fasynchronous-unwind-tables -fstack-clash-protection -fPIC -DHAVE_LIBJPEG -DHAVE_OPENJPEG -DHAVE_LIBZ -DHAVE_LIBIMAGEQUANT -DHAVE_LIBTIFF -DHAVE_XCB -DPILLOW_VERSION="9.0.1" -I/usr/include/freetype2 -I/usr/include/openjpeg-2.3 -I/home/abuild/rpmbuild/BUILD/Pillow-9.0.1 -I/usr/include/fribidi -I/usr/include -I/usr/local/include -I/usr/include/python3.8 -c src/libImaging/Histo.c -o build/temp.linux-riscv64-3.8/src/libImaging/Histo.o
[ 2290s] gcc -Wno-unused-result -Wsign-compare -DNDEBUG -D_GNU_SOURCE -fPIC -fwrapv -D_GNU_SOURCE -fPIC -fwrapv -fstack-protector-strong -O2 -g -pipe -Wall -Werror=format-security -Wp,-D_FORTIFY_SOURCE=2 -Wp,-D_GLIBCXX_ASSERTIONS -fstack-protector-strong -grecord-gcc-switches -specs=/usr/lib/rpm/generic-hardened-cc1 -fasynchronous-unwind-tables -fstack-clash-protection -fPIC -DHAVE_LIBJPEG -DHAVE_OPENJPEG -DHAVE_LIBZ -DHAVE_LIBIMAGEQUANT -DHAVE_LIBTIFF -DHAVE_XCB -DPILLOW_VERSION="9.0.1" -I/usr/include/freetype2 -I/usr/include/openjpeg-2.3 -I/home/abuild/rpmbuild/BUILD/Pillow-9.0.1 -I/usr/include/fribidi -I/usr/include -I/usr/local/include -I/usr/include/python3.8 -c src/libImaging/JpegDecode.c -o build/temp.linux-riscv64-3.8/src/libImaging/JpegDecode.o
[ 2296s] gcc -Wno-unused-result -Wsign-compare -DNDEBUG -D_GNU_SOURCE -fPIC -fwrapv -D_GNU_SOURCE -fPIC -fwrapv -fstack-protector-strong -O2 -g -pipe -Wall -Werror=format-security -Wp,-D_FORTIFY_SOURCE=2 -Wp,-D_GLIBCXX_ASSERTIONS -fstack-protector-strong -grecord-gcc-switches -specs=/usr/lib/rpm/generic-hardened-cc1 -fasynchronous-unwind-tables -fstack-clash-protection -fPIC -DHAVE_LIBJPEG -DHAVE_OPENJPEG -DHAVE_LIBZ -DHAVE_LIBIMAGEQUANT -DHAVE_LIBTIFF -DHAVE_XCB -DPILLOW_VERSION="9.0.1" -I/usr/include/freetype2 -I/usr/include/openjpeg-2.3 -I/home/abuild/rpmbuild/BUILD/Pillow-9.0.1 -I/usr/include/fribidi -I/usr/include -I/usr/local/include -I/usr/include/python3.8 -c src/libImaging/JpegEncode.c -o build/temp.linux-riscv64-3.8/src/libImaging/JpegEncode.o
[ 2303s] gcc -Wno-unused-result -Wsign-compare -DNDEBUG -D_GNU_SOURCE -fPIC -fwrapv -D_GNU_SOURCE -fPIC -fwrapv -fstack-protector-strong -O2 -g -pipe -Wall -Werror=format-security -Wp,-D_FORTIFY_SOURCE=2 -Wp,-D_GLIBCXX_ASSERTIONS -fstack-protector-strong -grecord-gcc-switches -specs=/usr/lib/rpm/generic-hardened-cc1 -fasynchronous-unwind-tables -fstack-clash-protection -fPIC -DHAVE_LIBJPEG -DHAVE_OPENJPEG -DHAVE_LIBZ -DHAVE_LIBIMAGEQUANT -DHAVE_LIBTIFF -DHAVE_XCB -DPILLOW_VERSION="9.0.1" -I/usr/include/freetype2 -I/usr/include/openjpeg-2.3 -I/home/abuild/rpmbuild/BUILD/Pillow-9.0.1 -I/usr/include/fribidi -I/usr/include -I/usr/local/include -I/usr/include/python3.8 -c src/libImaging/Matrix.c -o build/temp.linux-riscv64-3.8/src/libImaging/Matrix.o
[ 2308s] gcc -Wno-unused-result -Wsign-compare -DNDEBUG -D_GNU_SOURCE -fPIC -fwrapv -D_GNU_SOURCE -fPIC -fwrapv -fstack-protector-strong -O2 -g -pipe -Wall -Werror=format-security -Wp,-D_FORTIFY_SOURCE=2 -Wp,-D_GLIBCXX_ASSERTIONS -fstack-protector-strong -grecord-gcc-switches -specs=/usr/lib/rpm/generic-hardened-cc1 -fasynchronous-unwind-tables -fstack-clash-protection -fPIC -DHAVE_LIBJPEG -DHAVE_OPENJPEG -DHAVE_LIBZ -DHAVE_LIBIMAGEQUANT -DHAVE_LIBTIFF -DHAVE_XCB -DPILLOW_VERSION="9.0.1" -I/usr/include/freetype2 -I/usr/include/openjpeg-2.3 -I/home/abuild/rpmbuild/BUILD/Pillow-9.0.1 -I/usr/include/fribidi -I/usr/include -I/usr/local/include -I/usr/include/python3.8 -c src/libImaging/ModeFilter.c -o build/temp.linux-riscv64-3.8/src/libImaging/ModeFilter.o
[ 2312s] gcc -Wno-unused-result -Wsign-compare -DNDEBUG -D_GNU_SOURCE -fPIC -fwrapv -D_GNU_SOURCE -fPIC -fwrapv -fstack-protector-strong -O2 -g -pipe -Wall -Werror=format-security -Wp,-D_FORTIFY_SOURCE=2 -Wp,-D_GLIBCXX_ASSERTIONS -fstack-protector-strong -grecord-gcc-switches -specs=/usr/lib/rpm/generic-hardened-cc1 -fasynchronous-unwind-tables -fstack-clash-protection -fPIC -DHAVE_LIBJPEG -DHAVE_OPENJPEG -DHAVE_LIBZ -DHAVE_LIBIMAGEQUANT -DHAVE_LIBTIFF -DHAVE_XCB -DPILLOW_VERSION="9.0.1" -I/usr/include/freetype2 -I/usr/include/openjpeg-2.3 -I/home/abuild/rpmbuild/BUILD/Pillow-9.0.1 -I/usr/include/fribidi -I/usr/include -I/usr/local/include -I/usr/include/python3.8 -c src/libImaging/Negative.c -o build/temp.linux-riscv64-3.8/src/libImaging/Negative.o
[ 2315s] gcc -Wno-unused-result -Wsign-compare -DNDEBUG -D_GNU_SOURCE -fPIC -fwrapv -D_GNU_SOURCE -fPIC -fwrapv -fstack-protector-strong -O2 -g -pipe -Wall -Werror=format-security -Wp,-D_FORTIFY_SOURCE=2 -Wp,-D_GLIBCXX_ASSERTIONS -fstack-protector-strong -grecord-gcc-switches -specs=/usr/lib/rpm/generic-hardened-cc1 -fasynchronous-unwind-tables -fstack-clash-protection -fPIC -DHAVE_LIBJPEG -DHAVE_OPENJPEG -DHAVE_LIBZ -DHAVE_LIBIMAGEQUANT -DHAVE_LIBTIFF -DHAVE_XCB -DPILLOW_VERSION="9.0.1" -I/usr/include/freetype2 -I/usr/include/openjpeg-2.3 -I/home/abuild/rpmbuild/BUILD/Pillow-9.0.1 -I/usr/include/fribidi -I/usr/include -I/usr/local/include -I/usr/include/python3.8 -c src/libImaging/Offset.c -o build/temp.linux-riscv64-3.8/src/libImaging/Offset.o
[ 2318s] gcc -Wno-unused-result -Wsign-compare -DNDEBUG -D_GNU_SOURCE -fPIC -fwrapv -D_GNU_SOURCE -fPIC -fwrapv -fstack-protector-strong -O2 -g -pipe -Wall -Werror=format-security -Wp,-D_FORTIFY_SOURCE=2 -Wp,-D_GLIBCXX_ASSERTIONS -fstack-protector-strong -grecord-gcc-switches -specs=/usr/lib/rpm/generic-hardened-cc1 -fasynchronous-unwind-tables -fstack-clash-protection -fPIC -DHAVE_LIBJPEG -DHAVE_OPENJPEG -DHAVE_LIBZ -DHAVE_LIBIMAGEQUANT -DHAVE_LIBTIFF -DHAVE_XCB -DPILLOW_VERSION="9.0.1" -I/usr/include/freetype2 -I/usr/include/openjpeg-2.3 -I/home/abuild/rpmbuild/BUILD/Pillow-9.0.1 -I/usr/include/fribidi -I/usr/include -I/usr/local/include -I/usr/include/python3.8 -c src/libImaging/Pack.c -o build/temp.linux-riscv64-3.8/src/libImaging/Pack.o
[ 2325s] gcc -Wno-unused-result -Wsign-compare -DNDEBUG -D_GNU_SOURCE -fPIC -fwrapv -D_GNU_SOURCE -fPIC -fwrapv -fstack-protector-strong -O2 -g -pipe -Wall -Werror=format-security -Wp,-D_FORTIFY_SOURCE=2 -Wp,-D_GLIBCXX_ASSERTIONS -fstack-protector-strong -grecord-gcc-switches -specs=/usr/lib/rpm/generic-hardened-cc1 -fasynchronous-unwind-tables -fstack-clash-protection -fPIC -DHAVE_LIBJPEG -DHAVE_OPENJPEG -DHAVE_LIBZ -DHAVE_LIBIMAGEQUANT -DHAVE_LIBTIFF -DHAVE_XCB -DPILLOW_VERSION="9.0.1" -I/usr/include/freetype2 -I/usr/include/openjpeg-2.3 -I/home/abuild/rpmbuild/BUILD/Pillow-9.0.1 -I/usr/include/fribidi -I/usr/include -I/usr/local/include -I/usr/include/python3.8 -c src/libImaging/PackDecode.c -o build/temp.linux-riscv64-3.8/src/libImaging/PackDecode.o
[ 2328s] gcc -Wno-unused-result -Wsign-compare -DNDEBUG -D_GNU_SOURCE -fPIC -fwrapv -D_GNU_SOURCE -fPIC -fwrapv -fstack-protector-strong -O2 -g -pipe -Wall -Werror=format-security -Wp,-D_FORTIFY_SOURCE=2 -Wp,-D_GLIBCXX_ASSERTIONS -fstack-protector-strong -grecord-gcc-switches -specs=/usr/lib/rpm/generic-hardened-cc1 -fasynchronous-unwind-tables -fstack-clash-protection -fPIC -DHAVE_LIBJPEG -DHAVE_OPENJPEG -DHAVE_LIBZ -DHAVE_LIBIMAGEQUANT -DHAVE_LIBTIFF -DHAVE_XCB -DPILLOW_VERSION="9.0.1" -I/usr/include/freetype2 -I/usr/include/openjpeg-2.3 -I/home/abuild/rpmbuild/BUILD/Pillow-9.0.1 -I/usr/include/fribidi -I/usr/include -I/usr/local/include -I/usr/include/python3.8 -c src/libImaging/Palette.c -o build/temp.linux-riscv64-3.8/src/libImaging/Palette.o
[ 2332s] gcc -Wno-unused-result -Wsign-compare -DNDEBUG -D_GNU_SOURCE -fPIC -fwrapv -D_GNU_SOURCE -fPIC -fwrapv -fstack-protector-strong -O2 -g -pipe -Wall -Werror=format-security -Wp,-D_FORTIFY_SOURCE=2 -Wp,-D_GLIBCXX_ASSERTIONS -fstack-protector-strong -grecord-gcc-switches -specs=/usr/lib/rpm/generic-hardened-cc1 -fasynchronous-unwind-tables -fstack-clash-protection -fPIC -DHAVE_LIBJPEG -DHAVE_OPENJPEG -DHAVE_LIBZ -DHAVE_LIBIMAGEQUANT -DHAVE_LIBTIFF -DHAVE_XCB -DPILLOW_VERSION="9.0.1" -I/usr/include/freetype2 -I/usr/include/openjpeg-2.3 -I/home/abuild/rpmbuild/BUILD/Pillow-9.0.1 -I/usr/include/fribidi -I/usr/include -I/usr/local/include -I/usr/include/python3.8 -c src/libImaging/Paste.c -o build/temp.linux-riscv64-3.8/src/libImaging/Paste.o
[ 2339s] gcc -Wno-unused-result -Wsign-compare -DNDEBUG -D_GNU_SOURCE -fPIC -fwrapv -D_GNU_SOURCE -fPIC -fwrapv -fstack-protector-strong -O2 -g -pipe -Wall -Werror=format-security -Wp,-D_FORTIFY_SOURCE=2 -Wp,-D_GLIBCXX_ASSERTIONS -fstack-protector-strong -grecord-gcc-switches -specs=/usr/lib/rpm/generic-hardened-cc1 -fasynchronous-unwind-tables -fstack-clash-protection -fPIC -DHAVE_LIBJPEG -DHAVE_OPENJPEG -DHAVE_LIBZ -DHAVE_LIBIMAGEQUANT -DHAVE_LIBTIFF -DHAVE_XCB -DPILLOW_VERSION="9.0.1" -I/usr/include/freetype2 -I/usr/include/openjpeg-2.3 -I/home/abuild/rpmbuild/BUILD/Pillow-9.0.1 -I/usr/include/fribidi -I/usr/include -I/usr/local/include -I/usr/include/python3.8 -c src/libImaging/Quant.c -o build/temp.linux-riscv64-3.8/src/libImaging/Quant.o
[ 2351s] gcc -Wno-unused-result -Wsign-compare -DNDEBUG -D_GNU_SOURCE -fPIC -fwrapv -D_GNU_SOURCE -fPIC -fwrapv -fstack-protector-strong -O2 -g -pipe -Wall -Werror=format-security -Wp,-D_FORTIFY_SOURCE=2 -Wp,-D_GLIBCXX_ASSERTIONS -fstack-protector-strong -grecord-gcc-switches -specs=/usr/lib/rpm/generic-hardened-cc1 -fasynchronous-unwind-tables -fstack-clash-protection -fPIC -DHAVE_LIBJPEG -DHAVE_OPENJPEG -DHAVE_LIBZ -DHAVE_LIBIMAGEQUANT -DHAVE_LIBTIFF -DHAVE_XCB -DPILLOW_VERSION="9.0.1" -I/usr/include/freetype2 -I/usr/include/openjpeg-2.3 -I/home/abuild/rpmbuild/BUILD/Pillow-9.0.1 -I/usr/include/fribidi -I/usr/include -I/usr/local/include -I/usr/include/python3.8 -c src/libImaging/QuantOctree.c -o build/temp.linux-riscv64-3.8/src/libImaging/QuantOctree.o
[ 2356s] gcc -Wno-unused-result -Wsign-compare -DNDEBUG -D_GNU_SOURCE -fPIC -fwrapv -D_GNU_SOURCE -fPIC -fwrapv -fstack-protector-strong -O2 -g -pipe -Wall -Werror=format-security -Wp,-D_FORTIFY_SOURCE=2 -Wp,-D_GLIBCXX_ASSERTIONS -fstack-protector-strong -grecord-gcc-switches -specs=/usr/lib/rpm/generic-hardened-cc1 -fasynchronous-unwind-tables -fstack-clash-protection -fPIC -DHAVE_LIBJPEG -DHAVE_OPENJPEG -DHAVE_LIBZ -DHAVE_LIBIMAGEQUANT -DHAVE_LIBTIFF -DHAVE_XCB -DPILLOW_VERSION="9.0.1" -I/usr/include/freetype2 -I/usr/include/openjpeg-2.3 -I/home/abuild/rpmbuild/BUILD/Pillow-9.0.1 -I/usr/include/fribidi -I/usr/include -I/usr/local/include -I/usr/include/python3.8 -c src/libImaging/QuantHash.c -o build/temp.linux-riscv64-3.8/src/libImaging/QuantHash.o
[ 2359s] gcc -Wno-unused-result -Wsign-compare -DNDEBUG -D_GNU_SOURCE -fPIC -fwrapv -D_GNU_SOURCE -fPIC -fwrapv -fstack-protector-strong -O2 -g -pipe -Wall -Werror=format-security -Wp,-D_FORTIFY_SOURCE=2 -Wp,-D_GLIBCXX_ASSERTIONS -fstack-protector-strong -grecord-gcc-switches -specs=/usr/lib/rpm/generic-hardened-cc1 -fasynchronous-unwind-tables -fstack-clash-protection -fPIC -DHAVE_LIBJPEG -DHAVE_OPENJPEG -DHAVE_LIBZ -DHAVE_LIBIMAGEQUANT -DHAVE_LIBTIFF -DHAVE_XCB -DPILLOW_VERSION="9.0.1" -I/usr/include/freetype2 -I/usr/include/openjpeg-2.3 -I/home/abuild/rpmbuild/BUILD/Pillow-9.0.1 -I/usr/include/fribidi -I/usr/include -I/usr/local/include -I/usr/include/python3.8 -c src/libImaging/QuantHeap.c -o build/temp.linux-riscv64-3.8/src/libImaging/QuantHeap.o
[ 2362s] gcc -Wno-unused-result -Wsign-compare -DNDEBUG -D_GNU_SOURCE -fPIC -fwrapv -D_GNU_SOURCE -fPIC -fwrapv -fstack-protector-strong -O2 -g -pipe -Wall -Werror=format-security -Wp,-D_FORTIFY_SOURCE=2 -Wp,-D_GLIBCXX_ASSERTIONS -fstack-protector-strong -grecord-gcc-switches -specs=/usr/lib/rpm/generic-hardened-cc1 -fasynchronous-unwind-tables -fstack-clash-protection -fPIC -DHAVE_LIBJPEG -DHAVE_OPENJPEG -DHAVE_LIBZ -DHAVE_LIBIMAGEQUANT -DHAVE_LIBTIFF -DHAVE_XCB -DPILLOW_VERSION="9.0.1" -I/usr/include/freetype2 -I/usr/include/openjpeg-2.3 -I/home/abuild/rpmbuild/BUILD/Pillow-9.0.1 -I/usr/include/fribidi -I/usr/include -I/usr/local/include -I/usr/include/python3.8 -c src/libImaging/PcdDecode.c -o build/temp.linux-riscv64-3.8/src/libImaging/PcdDecode.o
[ 2365s] gcc -Wno-unused-result -Wsign-compare -DNDEBUG -D_GNU_SOURCE -fPIC -fwrapv -D_GNU_SOURCE -fPIC -fwrapv -fstack-protector-strong -O2 -g -pipe -Wall -Werror=format-security -Wp,-D_FORTIFY_SOURCE=2 -Wp,-D_GLIBCXX_ASSERTIONS -fstack-protector-strong -grecord-gcc-switches -specs=/usr/lib/rpm/generic-hardened-cc1 -fasynchronous-unwind-tables -fstack-clash-protection -fPIC -DHAVE_LIBJPEG -DHAVE_OPENJPEG -DHAVE_LIBZ -DHAVE_LIBIMAGEQUANT -DHAVE_LIBTIFF -DHAVE_XCB -DPILLOW_VERSION="9.0.1" -I/usr/include/freetype2 -I/usr/include/openjpeg-2.3 -I/home/abuild/rpmbuild/BUILD/Pillow-9.0.1 -I/usr/include/fribidi -I/usr/include -I/usr/local/include -I/usr/include/python3.8 -c src/libImaging/PcxDecode.c -o build/temp.linux-riscv64-3.8/src/libImaging/PcxDecode.o
[ 2370s] gcc -Wno-unused-result -Wsign-compare -DNDEBUG -D_GNU_SOURCE -fPIC -fwrapv -D_GNU_SOURCE -fPIC -fwrapv -fstack-protector-strong -O2 -g -pipe -Wall -Werror=format-security -Wp,-D_FORTIFY_SOURCE=2 -Wp,-D_GLIBCXX_ASSERTIONS -fstack-protector-strong -grecord-gcc-switches -specs=/usr/lib/rpm/generic-hardened-cc1 -fasynchronous-unwind-tables -fstack-clash-protection -fPIC -DHAVE_LIBJPEG -DHAVE_OPENJPEG -DHAVE_LIBZ -DHAVE_LIBIMAGEQUANT -DHAVE_LIBTIFF -DHAVE_XCB -DPILLOW_VERSION="9.0.1" -I/usr/include/freetype2 -I/usr/include/openjpeg-2.3 -I/home/abuild/rpmbuild/BUILD/Pillow-9.0.1 -I/usr/include/fribidi -I/usr/include -I/usr/local/include -I/usr/include/python3.8 -c src/libImaging/PcxEncode.c -o build/temp.linux-riscv64-3.8/src/libImaging/PcxEncode.o
[ 2374s] gcc -Wno-unused-result -Wsign-compare -DNDEBUG -D_GNU_SOURCE -fPIC -fwrapv -D_GNU_SOURCE -fPIC -fwrapv -fstack-protector-strong -O2 -g -pipe -Wall -Werror=format-security -Wp,-D_FORTIFY_SOURCE=2 -Wp,-D_GLIBCXX_ASSERTIONS -fstack-protector-strong -grecord-gcc-switches -specs=/usr/lib/rpm/generic-hardened-cc1 -fasynchronous-unwind-tables -fstack-clash-protection -fPIC -DHAVE_LIBJPEG -DHAVE_OPENJPEG -DHAVE_LIBZ -DHAVE_LIBIMAGEQUANT -DHAVE_LIBTIFF -DHAVE_XCB -DPILLOW_VERSION="9.0.1" -I/usr/include/freetype2 -I/usr/include/openjpeg-2.3 -I/home/abuild/rpmbuild/BUILD/Pillow-9.0.1 -I/usr/include/fribidi -I/usr/include -I/usr/local/include -I/usr/include/python3.8 -c src/libImaging/Point.c -o build/temp.linux-riscv64-3.8/src/libImaging/Point.o
[ 2379s] gcc -Wno-unused-result -Wsign-compare -DNDEBUG -D_GNU_SOURCE -fPIC -fwrapv -D_GNU_SOURCE -fPIC -fwrapv -fstack-protector-strong -O2 -g -pipe -Wall -Werror=format-security -Wp,-D_FORTIFY_SOURCE=2 -Wp,-D_GLIBCXX_ASSERTIONS -fstack-protector-strong -grecord-gcc-switches -specs=/usr/lib/rpm/generic-hardened-cc1 -fasynchronous-unwind-tables -fstack-clash-protection -fPIC -DHAVE_LIBJPEG -DHAVE_OPENJPEG -DHAVE_LIBZ -DHAVE_LIBIMAGEQUANT -DHAVE_LIBTIFF -DHAVE_XCB -DPILLOW_VERSION="9.0.1" -I/usr/include/freetype2 -I/usr/include/openjpeg-2.3 -I/home/abuild/rpmbuild/BUILD/Pillow-9.0.1 -I/usr/include/fribidi -I/usr/include -I/usr/local/include -I/usr/include/python3.8 -c src/libImaging/RankFilter.c -o build/temp.linux-riscv64-3.8/src/libImaging/RankFilter.o
[ 2383s] gcc -Wno-unused-result -Wsign-compare -DNDEBUG -D_GNU_SOURCE -fPIC -fwrapv -D_GNU_SOURCE -fPIC -fwrapv -fstack-protector-strong -O2 -g -pipe -Wall -Werror=format-security -Wp,-D_FORTIFY_SOURCE=2 -Wp,-D_GLIBCXX_ASSERTIONS -fstack-protector-strong -grecord-gcc-switches -specs=/usr/lib/rpm/generic-hardened-cc1 -fasynchronous-unwind-tables -fstack-clash-protection -fPIC -DHAVE_LIBJPEG -DHAVE_OPENJPEG -DHAVE_LIBZ -DHAVE_LIBIMAGEQUANT -DHAVE_LIBTIFF -DHAVE_XCB -DPILLOW_VERSION="9.0.1" -I/usr/include/freetype2 -I/usr/include/openjpeg-2.3 -I/home/abuild/rpmbuild/BUILD/Pillow-9.0.1 -I/usr/include/fribidi -I/usr/include -I/usr/local/include -I/usr/include/python3.8 -c src/libImaging/RawDecode.c -o build/temp.linux-riscv64-3.8/src/libImaging/RawDecode.o
[ 2386s] gcc -Wno-unused-result -Wsign-compare -DNDEBUG -D_GNU_SOURCE -fPIC -fwrapv -D_GNU_SOURCE -fPIC -fwrapv -fstack-protector-strong -O2 -g -pipe -Wall -Werror=format-security -Wp,-D_FORTIFY_SOURCE=2 -Wp,-D_GLIBCXX_ASSERTIONS -fstack-protector-strong -grecord-gcc-switches -specs=/usr/lib/rpm/generic-hardened-cc1 -fasynchronous-unwind-tables -fstack-clash-protection -fPIC -DHAVE_LIBJPEG -DHAVE_OPENJPEG -DHAVE_LIBZ -DHAVE_LIBIMAGEQUANT -DHAVE_LIBTIFF -DHAVE_XCB -DPILLOW_VERSION="9.0.1" -I/usr/include/freetype2 -I/usr/include/openjpeg-2.3 -I/home/abuild/rpmbuild/BUILD/Pillow-9.0.1 -I/usr/include/fribidi -I/usr/include -I/usr/local/include -I/usr/include/python3.8 -c src/libImaging/RawEncode.c -o build/temp.linux-riscv64-3.8/src/libImaging/RawEncode.o
[ 2390s] gcc -Wno-unused-result -Wsign-compare -DNDEBUG -D_GNU_SOURCE -fPIC -fwrapv -D_GNU_SOURCE -fPIC -fwrapv -fstack-protector-strong -O2 -g -pipe -Wall -Werror=format-security -Wp,-D_FORTIFY_SOURCE=2 -Wp,-D_GLIBCXX_ASSERTIONS -fstack-protector-strong -grecord-gcc-switches -specs=/usr/lib/rpm/generic-hardened-cc1 -fasynchronous-unwind-tables -fstack-clash-protection -fPIC -DHAVE_LIBJPEG -DHAVE_OPENJPEG -DHAVE_LIBZ -DHAVE_LIBIMAGEQUANT -DHAVE_LIBTIFF -DHAVE_XCB -DPILLOW_VERSION="9.0.1" -I/usr/include/freetype2 -I/usr/include/openjpeg-2.3 -I/home/abuild/rpmbuild/BUILD/Pillow-9.0.1 -I/usr/include/fribidi -I/usr/include -I/usr/local/include -I/usr/include/python3.8 -c src/libImaging/Storage.c -o build/temp.linux-riscv64-3.8/src/libImaging/Storage.o
[ 2395s] gcc -Wno-unused-result -Wsign-compare -DNDEBUG -D_GNU_SOURCE -fPIC -fwrapv -D_GNU_SOURCE -fPIC -fwrapv -fstack-protector-strong -O2 -g -pipe -Wall -Werror=format-security -Wp,-D_FORTIFY_SOURCE=2 -Wp,-D_GLIBCXX_ASSERTIONS -fstack-protector-strong -grecord-gcc-switches -specs=/usr/lib/rpm/generic-hardened-cc1 -fasynchronous-unwind-tables -fstack-clash-protection -fPIC -DHAVE_LIBJPEG -DHAVE_OPENJPEG -DHAVE_LIBZ -DHAVE_LIBIMAGEQUANT -DHAVE_LIBTIFF -DHAVE_XCB -DPILLOW_VERSION="9.0.1" -I/usr/include/freetype2 -I/usr/include/openjpeg-2.3 -I/home/abuild/rpmbuild/BUILD/Pillow-9.0.1 -I/usr/include/fribidi -I/usr/include -I/usr/local/include -I/usr/include/python3.8 -c src/libImaging/SgiRleDecode.c -o build/temp.linux-riscv64-3.8/src/libImaging/SgiRleDecode.o
[ 2399s] gcc -Wno-unused-result -Wsign-compare -DNDEBUG -D_GNU_SOURCE -fPIC -fwrapv -D_GNU_SOURCE -fPIC -fwrapv -fstack-protector-strong -O2 -g -pipe -Wall -Werror=format-security -Wp,-D_FORTIFY_SOURCE=2 -Wp,-D_GLIBCXX_ASSERTIONS -fstack-protector-strong -grecord-gcc-switches -specs=/usr/lib/rpm/generic-hardened-cc1 -fasynchronous-unwind-tables -fstack-clash-protection -fPIC -DHAVE_LIBJPEG -DHAVE_OPENJPEG -DHAVE_LIBZ -DHAVE_LIBIMAGEQUANT -DHAVE_LIBTIFF -DHAVE_XCB -DPILLOW_VERSION="9.0.1" -I/usr/include/freetype2 -I/usr/include/openjpeg-2.3 -I/home/abuild/rpmbuild/BUILD/Pillow-9.0.1 -I/usr/include/fribidi -I/usr/include -I/usr/local/include -I/usr/include/python3.8 -c src/libImaging/SunRleDecode.c -o build/temp.linux-riscv64-3.8/src/libImaging/SunRleDecode.o
[ 2402s] gcc -Wno-unused-result -Wsign-compare -DNDEBUG -D_GNU_SOURCE -fPIC -fwrapv -D_GNU_SOURCE -fPIC -fwrapv -fstack-protector-strong -O2 -g -pipe -Wall -Werror=format-security -Wp,-D_FORTIFY_SOURCE=2 -Wp,-D_GLIBCXX_ASSERTIONS -fstack-protector-strong -grecord-gcc-switches -specs=/usr/lib/rpm/generic-hardened-cc1 -fasynchronous-unwind-tables -fstack-clash-protection -fPIC -DHAVE_LIBJPEG -DHAVE_OPENJPEG -DHAVE_LIBZ -DHAVE_LIBIMAGEQUANT -DHAVE_LIBTIFF -DHAVE_XCB -DPILLOW_VERSION="9.0.1" -I/usr/include/freetype2 -I/usr/include/openjpeg-2.3 -I/home/abuild/rpmbuild/BUILD/Pillow-9.0.1 -I/usr/include/fribidi -I/usr/include -I/usr/local/include -I/usr/include/python3.8 -c src/libImaging/TgaRleDecode.c -o build/temp.linux-riscv64-3.8/src/libImaging/TgaRleDecode.o
[ 2406s] gcc -Wno-unused-result -Wsign-compare -DNDEBUG -D_GNU_SOURCE -fPIC -fwrapv -D_GNU_SOURCE -fPIC -fwrapv -fstack-protector-strong -O2 -g -pipe -Wall -Werror=format-security -Wp,-D_FORTIFY_SOURCE=2 -Wp,-D_GLIBCXX_ASSERTIONS -fstack-protector-strong -grecord-gcc-switches -specs=/usr/lib/rpm/generic-hardened-cc1 -fasynchronous-unwind-tables -fstack-clash-protection -fPIC -DHAVE_LIBJPEG -DHAVE_OPENJPEG -DHAVE_LIBZ -DHAVE_LIBIMAGEQUANT -DHAVE_LIBTIFF -DHAVE_XCB -DPILLOW_VERSION="9.0.1" -I/usr/include/freetype2 -I/usr/include/openjpeg-2.3 -I/home/abuild/rpmbuild/BUILD/Pillow-9.0.1 -I/usr/include/fribidi -I/usr/include -I/usr/local/include -I/usr/include/python3.8 -c src/libImaging/TgaRleEncode.c -o build/temp.linux-riscv64-3.8/src/libImaging/TgaRleEncode.o
[ 2409s] gcc -Wno-unused-result -Wsign-compare -DNDEBUG -D_GNU_SOURCE -fPIC -fwrapv -D_GNU_SOURCE -fPIC -fwrapv -fstack-protector-strong -O2 -g -pipe -Wall -Werror=format-security -Wp,-D_FORTIFY_SOURCE=2 -Wp,-D_GLIBCXX_ASSERTIONS -fstack-protector-strong -grecord-gcc-switches -specs=/usr/lib/rpm/generic-hardened-cc1 -fasynchronous-unwind-tables -fstack-clash-protection -fPIC -DHAVE_LIBJPEG -DHAVE_OPENJPEG -DHAVE_LIBZ -DHAVE_LIBIMAGEQUANT -DHAVE_LIBTIFF -DHAVE_XCB -DPILLOW_VERSION="9.0.1" -I/usr/include/freetype2 -I/usr/include/openjpeg-2.3 -I/home/abuild/rpmbuild/BUILD/Pillow-9.0.1 -I/usr/include/fribidi -I/usr/include -I/usr/local/include -I/usr/include/python3.8 -c src/libImaging/Unpack.c -o build/temp.linux-riscv64-3.8/src/libImaging/Unpack.o
[ 2426s] gcc -Wno-unused-result -Wsign-compare -DNDEBUG -D_GNU_SOURCE -fPIC -fwrapv -D_GNU_SOURCE -fPIC -fwrapv -fstack-protector-strong -O2 -g -pipe -Wall -Werror=format-security -Wp,-D_FORTIFY_SOURCE=2 -Wp,-D_GLIBCXX_ASSERTIONS -fstack-protector-strong -grecord-gcc-switches -specs=/usr/lib/rpm/generic-hardened-cc1 -fasynchronous-unwind-tables -fstack-clash-protection -fPIC -DHAVE_LIBJPEG -DHAVE_OPENJPEG -DHAVE_LIBZ -DHAVE_LIBIMAGEQUANT -DHAVE_LIBTIFF -DHAVE_XCB -DPILLOW_VERSION="9.0.1" -I/usr/include/freetype2 -I/usr/include/openjpeg-2.3 -I/home/abuild/rpmbuild/BUILD/Pillow-9.0.1 -I/usr/include/fribidi -I/usr/include -I/usr/local/include -I/usr/include/python3.8 -c src/libImaging/UnpackYCC.c -o build/temp.linux-riscv64-3.8/src/libImaging/UnpackYCC.o
[ 2430s] gcc -Wno-unused-result -Wsign-compare -DNDEBUG -D_GNU_SOURCE -fPIC -fwrapv -D_GNU_SOURCE -fPIC -fwrapv -fstack-protector-strong -O2 -g -pipe -Wall -Werror=format-security -Wp,-D_FORTIFY_SOURCE=2 -Wp,-D_GLIBCXX_ASSERTIONS -fstack-protector-strong -grecord-gcc-switches -specs=/usr/lib/rpm/generic-hardened-cc1 -fasynchronous-unwind-tables -fstack-clash-protection -fPIC -DHAVE_LIBJPEG -DHAVE_OPENJPEG -DHAVE_LIBZ -DHAVE_LIBIMAGEQUANT -DHAVE_LIBTIFF -DHAVE_XCB -DPILLOW_VERSION="9.0.1" -I/usr/include/freetype2 -I/usr/include/openjpeg-2.3 -I/home/abuild/rpmbuild/BUILD/Pillow-9.0.1 -I/usr/include/fribidi -I/usr/include -I/usr/local/include -I/usr/include/python3.8 -c src/libImaging/UnsharpMask.c -o build/temp.linux-riscv64-3.8/src/libImaging/UnsharpMask.o
[ 2434s] gcc -Wno-unused-result -Wsign-compare -DNDEBUG -D_GNU_SOURCE -fPIC -fwrapv -D_GNU_SOURCE -fPIC -fwrapv -fstack-protector-strong -O2 -g -pipe -Wall -Werror=format-security -Wp,-D_FORTIFY_SOURCE=2 -Wp,-D_GLIBCXX_ASSERTIONS -fstack-protector-strong -grecord-gcc-switches -specs=/usr/lib/rpm/generic-hardened-cc1 -fasynchronous-unwind-tables -fstack-clash-protection -fPIC -DHAVE_LIBJPEG -DHAVE_OPENJPEG -DHAVE_LIBZ -DHAVE_LIBIMAGEQUANT -DHAVE_LIBTIFF -DHAVE_XCB -DPILLOW_VERSION="9.0.1" -I/usr/include/freetype2 -I/usr/include/openjpeg-2.3 -I/home/abuild/rpmbuild/BUILD/Pillow-9.0.1 -I/usr/include/fribidi -I/usr/include -I/usr/local/include -I/usr/include/python3.8 -c src/libImaging/XbmDecode.c -o build/temp.linux-riscv64-3.8/src/libImaging/XbmDecode.o
[ 2437s] gcc -Wno-unused-result -Wsign-compare -DNDEBUG -D_GNU_SOURCE -fPIC -fwrapv -D_GNU_SOURCE -fPIC -fwrapv -fstack-protector-strong -O2 -g -pipe -Wall -Werror=format-security -Wp,-D_FORTIFY_SOURCE=2 -Wp,-D_GLIBCXX_ASSERTIONS -fstack-protector-strong -grecord-gcc-switches -specs=/usr/lib/rpm/generic-hardened-cc1 -fasynchronous-unwind-tables -fstack-clash-protection -fPIC -DHAVE_LIBJPEG -DHAVE_OPENJPEG -DHAVE_LIBZ -DHAVE_LIBIMAGEQUANT -DHAVE_LIBTIFF -DHAVE_XCB -DPILLOW_VERSION="9.0.1" -I/usr/include/freetype2 -I/usr/include/openjpeg-2.3 -I/home/abuild/rpmbuild/BUILD/Pillow-9.0.1 -I/usr/include/fribidi -I/usr/include -I/usr/local/include -I/usr/include/python3.8 -c src/libImaging/XbmEncode.c -o build/temp.linux-riscv64-3.8/src/libImaging/XbmEncode.o
[ 2441s] gcc -Wno-unused-result -Wsign-compare -DNDEBUG -D_GNU_SOURCE -fPIC -fwrapv -D_GNU_SOURCE -fPIC -fwrapv -fstack-protector-strong -O2 -g -pipe -Wall -Werror=format-security -Wp,-D_FORTIFY_SOURCE=2 -Wp,-D_GLIBCXX_ASSERTIONS -fstack-protector-strong -grecord-gcc-switches -specs=/usr/lib/rpm/generic-hardened-cc1 -fasynchronous-unwind-tables -fstack-clash-protection -fPIC -DHAVE_LIBJPEG -DHAVE_OPENJPEG -DHAVE_LIBZ -DHAVE_LIBIMAGEQUANT -DHAVE_LIBTIFF -DHAVE_XCB -DPILLOW_VERSION="9.0.1" -I/usr/include/freetype2 -I/usr/include/openjpeg-2.3 -I/home/abuild/rpmbuild/BUILD/Pillow-9.0.1 -I/usr/include/fribidi -I/usr/include -I/usr/local/include -I/usr/include/python3.8 -c src/libImaging/ZipDecode.c -o build/temp.linux-riscv64-3.8/src/libImaging/ZipDecode.o
[ 2446s] gcc -Wno-unused-result -Wsign-compare -DNDEBUG -D_GNU_SOURCE -fPIC -fwrapv -D_GNU_SOURCE -fPIC -fwrapv -fstack-protector-strong -O2 -g -pipe -Wall -Werror=format-security -Wp,-D_FORTIFY_SOURCE=2 -Wp,-D_GLIBCXX_ASSERTIONS -fstack-protector-strong -grecord-gcc-switches -specs=/usr/lib/rpm/generic-hardened-cc1 -fasynchronous-unwind-tables -fstack-clash-protection -fPIC -DHAVE_LIBJPEG -DHAVE_OPENJPEG -DHAVE_LIBZ -DHAVE_LIBIMAGEQUANT -DHAVE_LIBTIFF -DHAVE_XCB -DPILLOW_VERSION="9.0.1" -I/usr/include/freetype2 -I/usr/include/openjpeg-2.3 -I/home/abuild/rpmbuild/BUILD/Pillow-9.0.1 -I/usr/include/fribidi -I/usr/include -I/usr/local/include -I/usr/include/python3.8 -c src/libImaging/ZipEncode.c -o build/temp.linux-riscv64-3.8/src/libImaging/ZipEncode.o
[ 2450s] gcc -Wno-unused-result -Wsign-compare -DNDEBUG -D_GNU_SOURCE -fPIC -fwrapv -D_GNU_SOURCE -fPIC -fwrapv -fstack-protector-strong -O2 -g -pipe -Wall -Werror=format-security -Wp,-D_FORTIFY_SOURCE=2 -Wp,-D_GLIBCXX_ASSERTIONS -fstack-protector-strong -grecord-gcc-switches -specs=/usr/lib/rpm/generic-hardened-cc1 -fasynchronous-unwind-tables -fstack-clash-protection -fPIC -DHAVE_LIBJPEG -DHAVE_OPENJPEG -DHAVE_LIBZ -DHAVE_LIBIMAGEQUANT -DHAVE_LIBTIFF -DHAVE_XCB -DPILLOW_VERSION="9.0.1" -I/usr/include/freetype2 -I/usr/include/openjpeg-2.3 -I/home/abuild/rpmbuild/BUILD/Pillow-9.0.1 -I/usr/include/fribidi -I/usr/include -I/usr/local/include -I/usr/include/python3.8 -c src/libImaging/TiffDecode.c -o build/temp.linux-riscv64-3.8/src/libImaging/TiffDecode.o
[ 2454s] src/libImaging/TiffDecode.c: In function ImagingLibTiffDecode:
[ 2454s] src/libImaging/TiffDecode.c:654:22: warning: comparison of integer expressions of different signedness: int and unsigned int [-Wsign-compare]
[ 2454s]   654 |     if (state->xsize != img_width || state->ysize != img_height) {
[ 2454s]       |                      ^~
[ 2454s] src/libImaging/TiffDecode.c:654:51: warning: comparison of integer expressions of different signedness: int and unsigned int [-Wsign-compare]
[ 2454s]   654 |     if (state->xsize != img_width || state->ysize != img_height) {
[ 2454s]       |                                                   ^~
[ 2456s] gcc -Wno-unused-result -Wsign-compare -DNDEBUG -D_GNU_SOURCE -fPIC -fwrapv -D_GNU_SOURCE -fPIC -fwrapv -fstack-protector-strong -O2 -g -pipe -Wall -Werror=format-security -Wp,-D_FORTIFY_SOURCE=2 -Wp,-D_GLIBCXX_ASSERTIONS -fstack-protector-strong -grecord-gcc-switches -specs=/usr/lib/rpm/generic-hardened-cc1 -fasynchronous-unwind-tables -fstack-clash-protection -fPIC -DHAVE_LIBJPEG -DHAVE_OPENJPEG -DHAVE_LIBZ -DHAVE_LIBIMAGEQUANT -DHAVE_LIBTIFF -DHAVE_XCB -DPILLOW_VERSION="9.0.1" -I/usr/include/freetype2 -I/usr/include/openjpeg-2.3 -I/home/abuild/rpmbuild/BUILD/Pillow-9.0.1 -I/usr/include/fribidi -I/usr/include -I/usr/local/include -I/usr/include/python3.8 -c src/libImaging/Jpeg2KDecode.c -o build/temp.linux-riscv64-3.8/src/libImaging/Jpeg2KDecode.o
[ 2465s] gcc -Wno-unused-result -Wsign-compare -DNDEBUG -D_GNU_SOURCE -fPIC -fwrapv -D_GNU_SOURCE -fPIC -fwrapv -fstack-protector-strong -O2 -g -pipe -Wall -Werror=format-security -Wp,-D_FORTIFY_SOURCE=2 -Wp,-D_GLIBCXX_ASSERTIONS -fstack-protector-strong -grecord-gcc-switches -specs=/usr/lib/rpm/generic-hardened-cc1 -fasynchronous-unwind-tables -fstack-clash-protection -fPIC -DHAVE_LIBJPEG -DHAVE_OPENJPEG -DHAVE_LIBZ -DHAVE_LIBIMAGEQUANT -DHAVE_LIBTIFF -DHAVE_XCB -DPILLOW_VERSION="9.0.1" -I/usr/include/freetype2 -I/usr/include/openjpeg-2.3 -I/home/abuild/rpmbuild/BUILD/Pillow-9.0.1 -I/usr/include/fribidi -I/usr/include -I/usr/local/include -I/usr/include/python3.8 -c src/libImaging/Jpeg2KEncode.c -o build/temp.linux-riscv64-3.8/src/libImaging/Jpeg2KEncode.o
[ 2468s] src/libImaging/Jpeg2KEncode.c: In function j2k_encode_entry:
[ 2468s] src/libImaging/Jpeg2KEncode.c:463:27: warning: comparison of integer expressions of different signedness: unsigned int and int [-Wsign-compare]
[ 2468s]   463 |         while (tile_width < (1 << (params.numresolution - 1U)) || tile_height < (1 << (params.numresolution - 1U))) {
[ 2468s]       |                           ^
[ 2468s] src/libImaging/Jpeg2KEncode.c:463:79: warning: comparison of integer expressions of different signedness: unsigned int and int [-Wsign-compare]
[ 2468s]   463 |         while (tile_width < (1 << (params.numresolution - 1U)) || tile_height < (1 << (params.numresolution - 1U))) {
[ 2468s]       |                                                                               ^
[ 2471s] gcc -Wno-unused-result -Wsign-compare -DNDEBUG -D_GNU_SOURCE -fPIC -fwrapv -D_GNU_SOURCE -fPIC -fwrapv -fstack-protector-strong -O2 -g -pipe -Wall -Werror=format-security -Wp,-D_FORTIFY_SOURCE=2 -Wp,-D_GLIBCXX_ASSERTIONS -fstack-protector-strong -grecord-gcc-switches -specs=/usr/lib/rpm/generic-hardened-cc1 -fasynchronous-unwind-tables -fstack-clash-protection -fPIC -DHAVE_LIBJPEG -DHAVE_OPENJPEG -DHAVE_LIBZ -DHAVE_LIBIMAGEQUANT -DHAVE_LIBTIFF -DHAVE_XCB -DPILLOW_VERSION="9.0.1" -I/usr/include/freetype2 -I/usr/include/openjpeg-2.3 -I/home/abuild/rpmbuild/BUILD/Pillow-9.0.1 -I/usr/include/fribidi -I/usr/include -I/usr/local/include -I/usr/include/python3.8 -c src/libImaging/BoxBlur.c -o build/temp.linux-riscv64-3.8/src/libImaging/BoxBlur.o
[ 2479s] gcc -Wno-unused-result -Wsign-compare -DNDEBUG -D_GNU_SOURCE -fPIC -fwrapv -D_GNU_SOURCE -fPIC -fwrapv -fstack-protector-strong -O2 -g -pipe -Wall -Werror=format-security -Wp,-D_FORTIFY_SOURCE=2 -Wp,-D_GLIBCXX_ASSERTIONS -fstack-protector-strong -grecord-gcc-switches -specs=/usr/lib/rpm/generic-hardened-cc1 -fasynchronous-unwind-tables -fstack-clash-protection -fPIC -DHAVE_LIBJPEG -DHAVE_OPENJPEG -DHAVE_LIBZ -DHAVE_LIBIMAGEQUANT -DHAVE_LIBTIFF -DHAVE_XCB -DPILLOW_VERSION="9.0.1" -I/usr/include/freetype2 -I/usr/include/openjpeg-2.3 -I/home/abuild/rpmbuild/BUILD/Pillow-9.0.1 -I/usr/include/fribidi -I/usr/include -I/usr/local/include -I/usr/include/python3.8 -c src/libImaging/QuantPngQuant.c -o build/temp.linux-riscv64-3.8/src/libImaging/QuantPngQuant.o
[ 2481s] gcc -Wno-unused-result -Wsign-compare -DNDEBUG -D_GNU_SOURCE -fPIC -fwrapv -D_GNU_SOURCE -fPIC -fwrapv -fstack-protector-strong -O2 -g -pipe -Wall -Werror=format-security -Wp,-D_FORTIFY_SOURCE=2 -Wp,-D_GLIBCXX_ASSERTIONS -fstack-protector-strong -grecord-gcc-switches -specs=/usr/lib/rpm/generic-hardened-cc1 -fasynchronous-unwind-tables -fstack-clash-protection -fPIC -DHAVE_LIBJPEG -DHAVE_OPENJPEG -DHAVE_LIBZ -DHAVE_LIBIMAGEQUANT -DHAVE_LIBTIFF -DHAVE_XCB -DPILLOW_VERSION="9.0.1" -I/usr/include/freetype2 -I/usr/include/openjpeg-2.3 -I/home/abuild/rpmbuild/BUILD/Pillow-9.0.1 -I/usr/include/fribidi -I/usr/include -I/usr/local/include -I/usr/include/python3.8 -c src/libImaging/codec_fd.c -o build/temp.linux-riscv64-3.8/src/libImaging/codec_fd.o
[ 2484s] gcc -shared -g -Wl,-z,relro -Wl,-z,now -specs=/usr/lib/rpm/generic-hardened-ld -O2 -g -pipe -Wall -Werror=format-security -Wp,-D_FORTIFY_SOURCE=2 -Wp,-D_GLIBCXX_ASSERTIONS -fstack-protector-strong -grecord-gcc-switches -specs=/usr/lib/rpm/generic-hardened-cc1 -fasynchronous-unwind-tables -fstack-clash-protection build/temp.linux-riscv64-3.8/src/_imaging.o build/temp.linux-riscv64-3.8/src/decode.o build/temp.linux-riscv64-3.8/src/encode.o build/temp.linux-riscv64-3.8/src/map.o build/temp.linux-riscv64-3.8/src/display.o build/temp.linux-riscv64-3.8/src/outline.o build/temp.linux-riscv64-3.8/src/path.o build/temp.linux-riscv64-3.8/src/libImaging/Access.o build/temp.linux-riscv64-3.8/src/libImaging/AlphaComposite.o build/temp.linux-riscv64-3.8/src/libImaging/Resample.o build/temp.linux-riscv64-3.8/src/libImaging/Reduce.o build/temp.linux-riscv64-3.8/src/libImaging/Bands.o build/temp.linux-riscv64-3.8/src/libImaging/BcnDecode.o build/temp.linux-riscv64-3.8/src/libImaging/BitDecode.o build/temp.linux-riscv64-3.8/src/libImaging/Blend.o build/temp.linux-riscv64-3.8/src/libImaging/Chops.o build/temp.linux-riscv64-3.8/src/libImaging/ColorLUT.o build/temp.linux-riscv64-3.8/src/libImaging/Convert.o build/temp.linux-riscv64-3.8/src/libImaging/ConvertYCbCr.o build/temp.linux-riscv64-3.8/src/libImaging/Copy.o build/temp.linux-riscv64-3.8/src/libImaging/Crop.o build/temp.linux-riscv64-3.8/src/libImaging/Dib.o build/temp.linux-riscv64-3.8/src/libImaging/Draw.o build/temp.linux-riscv64-3.8/src/libImaging/Effects.o build/temp.linux-riscv64-3.8/src/libImaging/EpsEncode.o build/temp.linux-riscv64-3.8/src/libImaging/File.o build/temp.linux-riscv64-3.8/src/libImaging/Fill.o build/temp.linux-riscv64-3.8/src/libImaging/Filter.o build/temp.linux-riscv64-3.8/src/libImaging/FliDecode.o build/temp.linux-riscv64-3.8/src/libImaging/Geometry.o build/temp.linux-riscv64-3.8/src/libImaging/GetBBox.o build/temp.linux-riscv64-3.8/src/libImaging/GifDecode.o build/temp.linux-riscv64-3.8/src/libImaging/GifEncode.o build/temp.linux-riscv64-3.8/src/libImaging/HexDecode.o build/temp.linux-riscv64-3.8/src/libImaging/Histo.o build/temp.linux-riscv64-3.8/src/libImaging/JpegDecode.o build/temp.linux-riscv64-3.8/src/libImaging/JpegEncode.o build/temp.linux-riscv64-3.8/src/libImaging/Matrix.o build/temp.linux-riscv64-3.8/src/libImaging/ModeFilter.o build/temp.linux-riscv64-3.8/src/libImaging/Negative.o build/temp.linux-riscv64-3.8/src/libImaging/Offset.o build/temp.linux-riscv64-3.8/src/libImaging/Pack.o build/temp.linux-riscv64-3.8/src/libImaging/PackDecode.o build/temp.linux-riscv64-3.8/src/libImaging/Palette.o build/temp.linux-riscv64-3.8/src/libImaging/Paste.o build/temp.linux-riscv64-3.8/src/libImaging/Quant.o build/temp.linux-riscv64-3.8/src/libImaging/QuantOctree.o build/temp.linux-riscv64-3.8/src/libImaging/QuantHash.o build/temp.linux-riscv64-3.8/src/libImaging/QuantHeap.o build/temp.linux-riscv64-3.8/src/libImaging/PcdDecode.o build/temp.linux-riscv64-3.8/src/libImaging/PcxDecode.o build/temp.linux-riscv64-3.8/src/libImaging/PcxEncode.o build/temp.linux-riscv64-3.8/src/libImaging/Point.o build/temp.linux-riscv64-3.8/src/libImaging/RankFilter.o build/temp.linux-riscv64-3.8/src/libImaging/RawDecode.o build/temp.linux-riscv64-3.8/src/libImaging/RawEncode.o build/temp.linux-riscv64-3.8/src/libImaging/Storage.o build/temp.linux-riscv64-3.8/src/libImaging/SgiRleDecode.o build/temp.linux-riscv64-3.8/src/libImaging/SunRleDecode.o build/temp.linux-riscv64-3.8/src/libImaging/TgaRleDecode.o build/temp.linux-riscv64-3.8/src/libImaging/TgaRleEncode.o build/temp.linux-riscv64-3.8/src/libImaging/Unpack.o build/temp.linux-riscv64-3.8/src/libImaging/UnpackYCC.o build/temp.linux-riscv64-3.8/src/libImaging/UnsharpMask.o build/temp.linux-riscv64-3.8/src/libImaging/XbmDecode.o build/temp.linux-riscv64-3.8/src/libImaging/XbmEncode.o build/temp.linux-riscv64-3.8/src/libImaging/ZipDecode.o build/temp.linux-riscv64-3.8/src/libImaging/ZipEncode.o build/temp.linux-riscv64-3.8/src/libImaging/TiffDecode.o build/temp.linux-riscv64-3.8/src/libImaging/Jpeg2KDecode.o build/temp.linux-riscv64-3.8/src/libImaging/Jpeg2KEncode.o build/temp.linux-riscv64-3.8/src/libImaging/BoxBlur.o build/temp.linux-riscv64-3.8/src/libImaging/QuantPngQuant.o build/temp.linux-riscv64-3.8/src/libImaging/codec_fd.o -L/home/abuild/rpmbuild/BUILD/Pillow-9.0.1 -L/usr/lib -L/usr/lib64 -L/usr/local/lib -L/usr/lib64 -ljpeg -lopenjp2 -lz -limagequant -ltiff -lxcb -o build/lib.linux-riscv64-3.8/PIL/_imaging.cpython-38-riscv64-linux-gnu.so
[ 2488s] --------------------------------------------------------------------
[ 2488s] PIL SETUP SUMMARY
[ 2488s] --------------------------------------------------------------------
[ 2488s] version      Pillow 9.0.1
[ 2488s] platform     linux 3.8.5 (default, Apr 14 2022, 13:40:54)
[ 2488s]              [GCC 10.3.1]
[ 2488s] --------------------------------------------------------------------
[ 2488s] --- JPEG support available
[ 2488s] --- OPENJPEG (JPEG2000) support available (2.3)
[ 2488s] --- ZLIB (PNG/ZIP) support available
[ 2488s] --- LIBIMAGEQUANT support available
[ 2488s] --- LIBTIFF support available
[ 2488s] --- FREETYPE2 support available
[ 2488s] --- RAQM (Text shaping) support available
[ 2488s] --- LITTLECMS2 support available
[ 2488s] --- WEBP support available
[ 2488s] --- WEBPMUX support available
[ 2488s] --- XCB (X protocol) support available
[ 2488s] --------------------------------------------------------------------
[ 2488s] To check the build, run the selftest.py script.
[ 2488s] 
[ 2488s] + sleep 1
[ 2489s] + RPM_EC=0
[ 2489s] ++ jobs -p
[ 2489s] + exit 0
[ 2489s] Executing(%install): /bin/sh -e /var/tmp/rpm-tmp.McjE65
[ 2490s] + umask 022
[ 2490s] + cd /home/abuild/rpmbuild/BUILD
[ 2490s] + '[' /home/abuild/rpmbuild/BUILDROOT/python-pillow-9.0.1-2.oe1.riscv64 '!=' / ']'
[ 2490s] + rm -rf /home/abuild/rpmbuild/BUILDROOT/python-pillow-9.0.1-2.oe1.riscv64
[ 2490s] ++ dirname /home/abuild/rpmbuild/BUILDROOT/python-pillow-9.0.1-2.oe1.riscv64
[ 2490s] + mkdir -p /home/abuild/rpmbuild/BUILDROOT
[ 2490s] + mkdir /home/abuild/rpmbuild/BUILDROOT/python-pillow-9.0.1-2.oe1.riscv64
[ 2490s] + cd Pillow-9.0.1
[ 2490s] + mkdir -p /home/abuild/rpmbuild/BUILDROOT/python-pillow-9.0.1-2.oe1.riscv64//usr/include/python3.8/Imaging
[ 2490s] + install -m 644 src/libImaging/Bcn.h src/libImaging/Bit.h src/libImaging/Gif.h src/libImaging/ImDib.h src/libImaging/ImPlatform.h src/libImaging/Imaging.h src/libImaging/ImagingUtils.h src/libImaging/Jpeg.h src/libImaging/Jpeg2K.h src/libImaging/QuantHash.h src/libImaging/QuantHeap.h src/libImaging/QuantOctree.h src/libImaging/QuantPngQuant.h src/libImaging/QuantTypes.h src/libImaging/Raw.h src/libImaging/Sgi.h src/libImaging/TiffDecode.h src/libImaging/ZipCodecs.h /home/abuild/rpmbuild/BUILDROOT/python-pillow-9.0.1-2.oe1.riscv64//usr/include/python3.8/Imaging
[ 2490s] + CFLAGS='-O2 -g -pipe -Wall -Werror=format-security -Wp,-D_FORTIFY_SOURCE=2 -Wp,-D_GLIBCXX_ASSERTIONS -fstack-protector-strong -grecord-gcc-switches -specs=/usr/lib/rpm/generic-hardened-cc1 -fasynchronous-unwind-tables -fstack-clash-protection'
[ 2490s] + LDFLAGS='-Wl,-z,relro   -Wl,-z,now -specs=/usr/lib/rpm/generic-hardened-ld'
[ 2490s] + /usr/bin/python3 setup.py install -O1 --skip-build --root /home/abuild/rpmbuild/BUILDROOT/python-pillow-9.0.1-2.oe1.riscv64
[ 2495s] running install
[ 2495s] running install_lib
[ 2495s] creating /home/abuild/rpmbuild/BUILDROOT/python-pillow-9.0.1-2.oe1.riscv64/usr/lib64
[ 2495s] creating /home/abuild/rpmbuild/BUILDROOT/python-pillow-9.0.1-2.oe1.riscv64/usr/lib64/python3.8
[ 2495s] creating /home/abuild/rpmbuild/BUILDROOT/python-pillow-9.0.1-2.oe1.riscv64/usr/lib64/python3.8/site-packages
[ 2495s] creating /home/abuild/rpmbuild/BUILDROOT/python-pillow-9.0.1-2.oe1.riscv64/usr/lib64/python3.8/site-packages/PIL
[ 2495s] copying build/lib.linux-riscv64-3.8/PIL/BdfFontFile.py -> /home/abuild/rpmbuild/BUILDROOT/python-pillow-9.0.1-2.oe1.riscv64/usr/lib64/python3.8/site-packages/PIL
[ 2495s] copying build/lib.linux-riscv64-3.8/PIL/BlpImagePlugin.py -> /home/abuild/rpmbuild/BUILDROOT/python-pillow-9.0.1-2.oe1.riscv64/usr/lib64/python3.8/site-packages/PIL
[ 2495s] copying build/lib.linux-riscv64-3.8/PIL/BmpImagePlugin.py -> /home/abuild/rpmbuild/BUILDROOT/python-pillow-9.0.1-2.oe1.riscv64/usr/lib64/python3.8/site-packages/PIL
[ 2495s] copying build/lib.linux-riscv64-3.8/PIL/BufrStubImagePlugin.py -> /home/abuild/rpmbuild/BUILDROOT/python-pillow-9.0.1-2.oe1.riscv64/usr/lib64/python3.8/site-packages/PIL
[ 2495s] copying build/lib.linux-riscv64-3.8/PIL/ContainerIO.py -> /home/abuild/rpmbuild/BUILDROOT/python-pillow-9.0.1-2.oe1.riscv64/usr/lib64/python3.8/site-packages/PIL
[ 2495s] copying build/lib.linux-riscv64-3.8/PIL/CurImagePlugin.py -> /home/abuild/rpmbuild/BUILDROOT/python-pillow-9.0.1-2.oe1.riscv64/usr/lib64/python3.8/site-packages/PIL
[ 2495s] copying build/lib.linux-riscv64-3.8/PIL/DcxImagePlugin.py -> /home/abuild/rpmbuild/BUILDROOT/python-pillow-9.0.1-2.oe1.riscv64/usr/lib64/python3.8/site-packages/PIL
[ 2495s] copying build/lib.linux-riscv64-3.8/PIL/DdsImagePlugin.py -> /home/abuild/rpmbuild/BUILDROOT/python-pillow-9.0.1-2.oe1.riscv64/usr/lib64/python3.8/site-packages/PIL
[ 2495s] copying build/lib.linux-riscv64-3.8/PIL/EpsImagePlugin.py -> /home/abuild/rpmbuild/BUILDROOT/python-pillow-9.0.1-2.oe1.riscv64/usr/lib64/python3.8/site-packages/PIL
[ 2495s] copying build/lib.linux-riscv64-3.8/PIL/ExifTags.py -> /home/abuild/rpmbuild/BUILDROOT/python-pillow-9.0.1-2.oe1.riscv64/usr/lib64/python3.8/site-packages/PIL
[ 2495s] copying build/lib.linux-riscv64-3.8/PIL/FitsStubImagePlugin.py -> /home/abuild/rpmbuild/BUILDROOT/python-pillow-9.0.1-2.oe1.riscv64/usr/lib64/python3.8/site-packages/PIL
[ 2495s] copying build/lib.linux-riscv64-3.8/PIL/FliImagePlugin.py -> /home/abuild/rpmbuild/BUILDROOT/python-pillow-9.0.1-2.oe1.riscv64/usr/lib64/python3.8/site-packages/PIL
[ 2495s] copying build/lib.linux-riscv64-3.8/PIL/FontFile.py -> /home/abuild/rpmbuild/BUILDROOT/python-pillow-9.0.1-2.oe1.riscv64/usr/lib64/python3.8/site-packages/PIL
[ 2495s] copying build/lib.linux-riscv64-3.8/PIL/FpxImagePlugin.py -> /home/abuild/rpmbuild/BUILDROOT/python-pillow-9.0.1-2.oe1.riscv64/usr/lib64/python3.8/site-packages/PIL
[ 2495s] copying build/lib.linux-riscv64-3.8/PIL/FtexImagePlugin.py -> /home/abuild/rpmbuild/BUILDROOT/python-pillow-9.0.1-2.oe1.riscv64/usr/lib64/python3.8/site-packages/PIL
[ 2495s] copying build/lib.linux-riscv64-3.8/PIL/GbrImagePlugin.py -> /home/abuild/rpmbuild/BUILDROOT/python-pillow-9.0.1-2.oe1.riscv64/usr/lib64/python3.8/site-packages/PIL
[ 2495s] copying build/lib.linux-riscv64-3.8/PIL/GdImageFile.py -> /home/abuild/rpmbuild/BUILDROOT/python-pillow-9.0.1-2.oe1.riscv64/usr/lib64/python3.8/site-packages/PIL
[ 2495s] copying build/lib.linux-riscv64-3.8/PIL/GifImagePlugin.py -> /home/abuild/rpmbuild/BUILDROOT/python-pillow-9.0.1-2.oe1.riscv64/usr/lib64/python3.8/site-packages/PIL
[ 2495s] copying build/lib.linux-riscv64-3.8/PIL/GimpGradientFile.py -> /home/abuild/rpmbuild/BUILDROOT/python-pillow-9.0.1-2.oe1.riscv64/usr/lib64/python3.8/site-packages/PIL
[ 2495s] copying build/lib.linux-riscv64-3.8/PIL/GimpPaletteFile.py -> /home/abuild/rpmbuild/BUILDROOT/python-pillow-9.0.1-2.oe1.riscv64/usr/lib64/python3.8/site-packages/PIL
[ 2495s] copying build/lib.linux-riscv64-3.8/PIL/GribStubImagePlugin.py -> /home/abuild/rpmbuild/BUILDROOT/python-pillow-9.0.1-2.oe1.riscv64/usr/lib64/python3.8/site-packages/PIL
[ 2495s] copying build/lib.linux-riscv64-3.8/PIL/Hdf5StubImagePlugin.py -> /home/abuild/rpmbuild/BUILDROOT/python-pillow-9.0.1-2.oe1.riscv64/usr/lib64/python3.8/site-packages/PIL
[ 2495s] copying build/lib.linux-riscv64-3.8/PIL/IcnsImagePlugin.py -> /home/abuild/rpmbuild/BUILDROOT/python-pillow-9.0.1-2.oe1.riscv64/usr/lib64/python3.8/site-packages/PIL
[ 2495s] copying build/lib.linux-riscv64-3.8/PIL/IcoImagePlugin.py -> /home/abuild/rpmbuild/BUILDROOT/python-pillow-9.0.1-2.oe1.riscv64/usr/lib64/python3.8/site-packages/PIL
[ 2495s] copying build/lib.linux-riscv64-3.8/PIL/ImImagePlugin.py -> /home/abuild/rpmbuild/BUILDROOT/python-pillow-9.0.1-2.oe1.riscv64/usr/lib64/python3.8/site-packages/PIL
[ 2495s] copying build/lib.linux-riscv64-3.8/PIL/Image.py -> /home/abuild/rpmbuild/BUILDROOT/python-pillow-9.0.1-2.oe1.riscv64/usr/lib64/python3.8/site-packages/PIL
[ 2495s] copying build/lib.linux-riscv64-3.8/PIL/ImageChops.py -> /home/abuild/rpmbuild/BUILDROOT/python-pillow-9.0.1-2.oe1.riscv64/usr/lib64/python3.8/site-packages/PIL
[ 2495s] copying build/lib.linux-riscv64-3.8/PIL/ImageCms.py -> /home/abuild/rpmbuild/BUILDROOT/python-pillow-9.0.1-2.oe1.riscv64/usr/lib64/python3.8/site-packages/PIL
[ 2495s] copying build/lib.linux-riscv64-3.8/PIL/ImageColor.py -> /home/abuild/rpmbuild/BUILDROOT/python-pillow-9.0.1-2.oe1.riscv64/usr/lib64/python3.8/site-packages/PIL
[ 2495s] copying build/lib.linux-riscv64-3.8/PIL/ImageDraw.py -> /home/abuild/rpmbuild/BUILDROOT/python-pillow-9.0.1-2.oe1.riscv64/usr/lib64/python3.8/site-packages/PIL
[ 2495s] copying build/lib.linux-riscv64-3.8/PIL/ImageDraw2.py -> /home/abuild/rpmbuild/BUILDROOT/python-pillow-9.0.1-2.oe1.riscv64/usr/lib64/python3.8/site-packages/PIL
[ 2495s] copying build/lib.linux-riscv64-3.8/PIL/ImageEnhance.py -> /home/abuild/rpmbuild/BUILDROOT/python-pillow-9.0.1-2.oe1.riscv64/usr/lib64/python3.8/site-packages/PIL
[ 2495s] copying build/lib.linux-riscv64-3.8/PIL/ImageFile.py -> /home/abuild/rpmbuild/BUILDROOT/python-pillow-9.0.1-2.oe1.riscv64/usr/lib64/python3.8/site-packages/PIL
[ 2495s] copying build/lib.linux-riscv64-3.8/PIL/ImageFilter.py -> /home/abuild/rpmbuild/BUILDROOT/python-pillow-9.0.1-2.oe1.riscv64/usr/lib64/python3.8/site-packages/PIL
[ 2495s] copying build/lib.linux-riscv64-3.8/PIL/ImageFont.py -> /home/abuild/rpmbuild/BUILDROOT/python-pillow-9.0.1-2.oe1.riscv64/usr/lib64/python3.8/site-packages/PIL
[ 2495s] copying build/lib.linux-riscv64-3.8/PIL/ImageGrab.py -> /home/abuild/rpmbuild/BUILDROOT/python-pillow-9.0.1-2.oe1.riscv64/usr/lib64/python3.8/site-packages/PIL
[ 2495s] copying build/lib.linux-riscv64-3.8/PIL/ImageMath.py -> /home/abuild/rpmbuild/BUILDROOT/python-pillow-9.0.1-2.oe1.riscv64/usr/lib64/python3.8/site-packages/PIL
[ 2495s] copying build/lib.linux-riscv64-3.8/PIL/ImageMode.py -> /home/abuild/rpmbuild/BUILDROOT/python-pillow-9.0.1-2.oe1.riscv64/usr/lib64/python3.8/site-packages/PIL
[ 2495s] copying build/lib.linux-riscv64-3.8/PIL/ImageMorph.py -> /home/abuild/rpmbuild/BUILDROOT/python-pillow-9.0.1-2.oe1.riscv64/usr/lib64/python3.8/site-packages/PIL
[ 2495s] copying build/lib.linux-riscv64-3.8/PIL/ImageOps.py -> /home/abuild/rpmbuild/BUILDROOT/python-pillow-9.0.1-2.oe1.riscv64/usr/lib64/python3.8/site-packages/PIL
[ 2495s] copying build/lib.linux-riscv64-3.8/PIL/ImagePalette.py -> /home/abuild/rpmbuild/BUILDROOT/python-pillow-9.0.1-2.oe1.riscv64/usr/lib64/python3.8/site-packages/PIL
[ 2495s] copying build/lib.linux-riscv64-3.8/PIL/ImagePath.py -> /home/abuild/rpmbuild/BUILDROOT/python-pillow-9.0.1-2.oe1.riscv64/usr/lib64/python3.8/site-packages/PIL
[ 2495s] copying build/lib.linux-riscv64-3.8/PIL/ImageQt.py -> /home/abuild/rpmbuild/BUILDROOT/python-pillow-9.0.1-2.oe1.riscv64/usr/lib64/python3.8/site-packages/PIL
[ 2495s] copying build/lib.linux-riscv64-3.8/PIL/ImageSequence.py -> /home/abuild/rpmbuild/BUILDROOT/python-pillow-9.0.1-2.oe1.riscv64/usr/lib64/python3.8/site-packages/PIL
[ 2495s] copying build/lib.linux-riscv64-3.8/PIL/ImageShow.py -> /home/abuild/rpmbuild/BUILDROOT/python-pillow-9.0.1-2.oe1.riscv64/usr/lib64/python3.8/site-packages/PIL
[ 2495s] copying build/lib.linux-riscv64-3.8/PIL/ImageStat.py -> /home/abuild/rpmbuild/BUILDROOT/python-pillow-9.0.1-2.oe1.riscv64/usr/lib64/python3.8/site-packages/PIL
[ 2495s] copying build/lib.linux-riscv64-3.8/PIL/ImageTk.py -> /home/abuild/rpmbuild/BUILDROOT/python-pillow-9.0.1-2.oe1.riscv64/usr/lib64/python3.8/site-packages/PIL
[ 2495s] copying build/lib.linux-riscv64-3.8/PIL/ImageTransform.py -> /home/abuild/rpmbuild/BUILDROOT/python-pillow-9.0.1-2.oe1.riscv64/usr/lib64/python3.8/site-packages/PIL
[ 2495s] copying build/lib.linux-riscv64-3.8/PIL/ImageWin.py -> /home/abuild/rpmbuild/BUILDROOT/python-pillow-9.0.1-2.oe1.riscv64/usr/lib64/python3.8/site-packages/PIL
[ 2495s] copying build/lib.linux-riscv64-3.8/PIL/ImtImagePlugin.py -> /home/abuild/rpmbuild/BUILDROOT/python-pillow-9.0.1-2.oe1.riscv64/usr/lib64/python3.8/site-packages/PIL
[ 2495s] copying build/lib.linux-riscv64-3.8/PIL/IptcImagePlugin.py -> /home/abuild/rpmbuild/BUILDROOT/python-pillow-9.0.1-2.oe1.riscv64/usr/lib64/python3.8/site-packages/PIL
[ 2495s] copying build/lib.linux-riscv64-3.8/PIL/Jpeg2KImagePlugin.py -> /home/abuild/rpmbuild/BUILDROOT/python-pillow-9.0.1-2.oe1.riscv64/usr/lib64/python3.8/site-packages/PIL
[ 2495s] copying build/lib.linux-riscv64-3.8/PIL/JpegImagePlugin.py -> /home/abuild/rpmbuild/BUILDROOT/python-pillow-9.0.1-2.oe1.riscv64/usr/lib64/python3.8/site-packages/PIL
[ 2495s] copying build/lib.linux-riscv64-3.8/PIL/JpegPresets.py -> /home/abuild/rpmbuild/BUILDROOT/python-pillow-9.0.1-2.oe1.riscv64/usr/lib64/python3.8/site-packages/PIL
[ 2495s] copying build/lib.linux-riscv64-3.8/PIL/McIdasImagePlugin.py -> /home/abuild/rpmbuild/BUILDROOT/python-pillow-9.0.1-2.oe1.riscv64/usr/lib64/python3.8/site-packages/PIL
[ 2495s] copying build/lib.linux-riscv64-3.8/PIL/MicImagePlugin.py -> /home/abuild/rpmbuild/BUILDROOT/python-pillow-9.0.1-2.oe1.riscv64/usr/lib64/python3.8/site-packages/PIL
[ 2495s] copying build/lib.linux-riscv64-3.8/PIL/MpegImagePlugin.py -> /home/abuild/rpmbuild/BUILDROOT/python-pillow-9.0.1-2.oe1.riscv64/usr/lib64/python3.8/site-packages/PIL
[ 2495s] copying build/lib.linux-riscv64-3.8/PIL/MpoImagePlugin.py -> /home/abuild/rpmbuild/BUILDROOT/python-pillow-9.0.1-2.oe1.riscv64/usr/lib64/python3.8/site-packages/PIL
[ 2496s] copying build/lib.linux-riscv64-3.8/PIL/MspImagePlugin.py -> /home/abuild/rpmbuild/BUILDROOT/python-pillow-9.0.1-2.oe1.riscv64/usr/lib64/python3.8/site-packages/PIL
[ 2496s] copying build/lib.linux-riscv64-3.8/PIL/PSDraw.py -> /home/abuild/rpmbuild/BUILDROOT/python-pillow-9.0.1-2.oe1.riscv64/usr/lib64/python3.8/site-packages/PIL
[ 2496s] copying build/lib.linux-riscv64-3.8/PIL/PaletteFile.py -> /home/abuild/rpmbuild/BUILDROOT/python-pillow-9.0.1-2.oe1.riscv64/usr/lib64/python3.8/site-packages/PIL
[ 2496s] copying build/lib.linux-riscv64-3.8/PIL/PalmImagePlugin.py -> /home/abuild/rpmbuild/BUILDROOT/python-pillow-9.0.1-2.oe1.riscv64/usr/lib64/python3.8/site-packages/PIL
[ 2496s] copying build/lib.linux-riscv64-3.8/PIL/PcdImagePlugin.py -> /home/abuild/rpmbuild/BUILDROOT/python-pillow-9.0.1-2.oe1.riscv64/usr/lib64/python3.8/site-packages/PIL
[ 2496s] copying build/lib.linux-riscv64-3.8/PIL/PcfFontFile.py -> /home/abuild/rpmbuild/BUILDROOT/python-pillow-9.0.1-2.oe1.riscv64/usr/lib64/python3.8/site-packages/PIL
[ 2496s] copying build/lib.linux-riscv64-3.8/PIL/PcxImagePlugin.py -> /home/abuild/rpmbuild/BUILDROOT/python-pillow-9.0.1-2.oe1.riscv64/usr/lib64/python3.8/site-packages/PIL
[ 2496s] copying build/lib.linux-riscv64-3.8/PIL/PdfImagePlugin.py -> /home/abuild/rpmbuild/BUILDROOT/python-pillow-9.0.1-2.oe1.riscv64/usr/lib64/python3.8/site-packages/PIL
[ 2496s] copying build/lib.linux-riscv64-3.8/PIL/PdfParser.py -> /home/abuild/rpmbuild/BUILDROOT/python-pillow-9.0.1-2.oe1.riscv64/usr/lib64/python3.8/site-packages/PIL
[ 2496s] copying build/lib.linux-riscv64-3.8/PIL/PixarImagePlugin.py -> /home/abuild/rpmbuild/BUILDROOT/python-pillow-9.0.1-2.oe1.riscv64/usr/lib64/python3.8/site-packages/PIL
[ 2496s] copying build/lib.linux-riscv64-3.8/PIL/PngImagePlugin.py -> /home/abuild/rpmbuild/BUILDROOT/python-pillow-9.0.1-2.oe1.riscv64/usr/lib64/python3.8/site-packages/PIL
[ 2496s] copying build/lib.linux-riscv64-3.8/PIL/PpmImagePlugin.py -> /home/abuild/rpmbuild/BUILDROOT/python-pillow-9.0.1-2.oe1.riscv64/usr/lib64/python3.8/site-packages/PIL
[ 2496s] copying build/lib.linux-riscv64-3.8/PIL/PsdImagePlugin.py -> /home/abuild/rpmbuild/BUILDROOT/python-pillow-9.0.1-2.oe1.riscv64/usr/lib64/python3.8/site-packages/PIL
[ 2496s] copying build/lib.linux-riscv64-3.8/PIL/PyAccess.py -> /home/abuild/rpmbuild/BUILDROOT/python-pillow-9.0.1-2.oe1.riscv64/usr/lib64/python3.8/site-packages/PIL
[ 2496s] copying build/lib.linux-riscv64-3.8/PIL/SgiImagePlugin.py -> /home/abuild/rpmbuild/BUILDROOT/python-pillow-9.0.1-2.oe1.riscv64/usr/lib64/python3.8/site-packages/PIL
[ 2496s] copying build/lib.linux-riscv64-3.8/PIL/SpiderImagePlugin.py -> /home/abuild/rpmbuild/BUILDROOT/python-pillow-9.0.1-2.oe1.riscv64/usr/lib64/python3.8/site-packages/PIL
[ 2496s] copying build/lib.linux-riscv64-3.8/PIL/SunImagePlugin.py -> /home/abuild/rpmbuild/BUILDROOT/python-pillow-9.0.1-2.oe1.riscv64/usr/lib64/python3.8/site-packages/PIL
[ 2496s] copying build/lib.linux-riscv64-3.8/PIL/TarIO.py -> /home/abuild/rpmbuild/BUILDROOT/python-pillow-9.0.1-2.oe1.riscv64/usr/lib64/python3.8/site-packages/PIL
[ 2496s] copying build/lib.linux-riscv64-3.8/PIL/TgaImagePlugin.py -> /home/abuild/rpmbuild/BUILDROOT/python-pillow-9.0.1-2.oe1.riscv64/usr/lib64/python3.8/site-packages/PIL
[ 2496s] copying build/lib.linux-riscv64-3.8/PIL/TiffImagePlugin.py -> /home/abuild/rpmbuild/BUILDROOT/python-pillow-9.0.1-2.oe1.riscv64/usr/lib64/python3.8/site-packages/PIL
[ 2496s] copying build/lib.linux-riscv64-3.8/PIL/TiffTags.py -> /home/abuild/rpmbuild/BUILDROOT/python-pillow-9.0.1-2.oe1.riscv64/usr/lib64/python3.8/site-packages/PIL
[ 2496s] copying build/lib.linux-riscv64-3.8/PIL/WalImageFile.py -> /home/abuild/rpmbuild/BUILDROOT/python-pillow-9.0.1-2.oe1.riscv64/usr/lib64/python3.8/site-packages/PIL
[ 2496s] copying build/lib.linux-riscv64-3.8/PIL/WebPImagePlugin.py -> /home/abuild/rpmbuild/BUILDROOT/python-pillow-9.0.1-2.oe1.riscv64/usr/lib64/python3.8/site-packages/PIL
[ 2496s] copying build/lib.linux-riscv64-3.8/PIL/WmfImagePlugin.py -> /home/abuild/rpmbuild/BUILDROOT/python-pillow-9.0.1-2.oe1.riscv64/usr/lib64/python3.8/site-packages/PIL
[ 2496s] copying build/lib.linux-riscv64-3.8/PIL/XVThumbImagePlugin.py -> /home/abuild/rpmbuild/BUILDROOT/python-pillow-9.0.1-2.oe1.riscv64/usr/lib64/python3.8/site-packages/PIL
[ 2496s] copying build/lib.linux-riscv64-3.8/PIL/XbmImagePlugin.py -> /home/abuild/rpmbuild/BUILDROOT/python-pillow-9.0.1-2.oe1.riscv64/usr/lib64/python3.8/site-packages/PIL
[ 2496s] copying build/lib.linux-riscv64-3.8/PIL/XpmImagePlugin.py -> /home/abuild/rpmbuild/BUILDROOT/python-pillow-9.0.1-2.oe1.riscv64/usr/lib64/python3.8/site-packages/PIL
[ 2496s] copying build/lib.linux-riscv64-3.8/PIL/__init__.py -> /home/abuild/rpmbuild/BUILDROOT/python-pillow-9.0.1-2.oe1.riscv64/usr/lib64/python3.8/site-packages/PIL
[ 2496s] copying build/lib.linux-riscv64-3.8/PIL/__main__.py -> /home/abuild/rpmbuild/BUILDROOT/python-pillow-9.0.1-2.oe1.riscv64/usr/lib64/python3.8/site-packages/PIL
[ 2496s] copying build/lib.linux-riscv64-3.8/PIL/_binary.py -> /home/abuild/rpmbuild/BUILDROOT/python-pillow-9.0.1-2.oe1.riscv64/usr/lib64/python3.8/site-packages/PIL
[ 2496s] copying build/lib.linux-riscv64-3.8/PIL/_tkinter_finder.py -> /home/abuild/rpmbuild/BUILDROOT/python-pillow-9.0.1-2.oe1.riscv64/usr/lib64/python3.8/site-packages/PIL
[ 2496s] copying build/lib.linux-riscv64-3.8/PIL/_util.py -> /home/abuild/rpmbuild/BUILDROOT/python-pillow-9.0.1-2.oe1.riscv64/usr/lib64/python3.8/site-packages/PIL
[ 2496s] copying build/lib.linux-riscv64-3.8/PIL/_version.py -> /home/abuild/rpmbuild/BUILDROOT/python-pillow-9.0.1-2.oe1.riscv64/usr/lib64/python3.8/site-packages/PIL
[ 2496s] copying build/lib.linux-riscv64-3.8/PIL/features.py -> /home/abuild/rpmbuild/BUILDROOT/python-pillow-9.0.1-2.oe1.riscv64/usr/lib64/python3.8/site-packages/PIL
[ 2496s] copying build/lib.linux-riscv64-3.8/PIL/_webp.cpython-38-riscv64-linux-gnu.so -> /home/abuild/rpmbuild/BUILDROOT/python-pillow-9.0.1-2.oe1.riscv64/usr/lib64/python3.8/site-packages/PIL
[ 2496s] copying build/lib.linux-riscv64-3.8/PIL/_imagingft.cpython-38-riscv64-linux-gnu.so -> /home/abuild/rpmbuild/BUILDROOT/python-pillow-9.0.1-2.oe1.riscv64/usr/lib64/python3.8/site-packages/PIL
[ 2496s] copying build/lib.linux-riscv64-3.8/PIL/_imagingcms.cpython-38-riscv64-linux-gnu.so -> /home/abuild/rpmbuild/BUILDROOT/python-pillow-9.0.1-2.oe1.riscv64/usr/lib64/python3.8/site-packages/PIL
[ 2496s] copying build/lib.linux-riscv64-3.8/PIL/_imagingmorph.cpython-38-riscv64-linux-gnu.so -> /home/abuild/rpmbuild/BUILDROOT/python-pillow-9.0.1-2.oe1.riscv64/usr/lib64/python3.8/site-packages/PIL
[ 2496s] copying build/lib.linux-riscv64-3.8/PIL/_imagingtk.cpython-38-riscv64-linux-gnu.so -> /home/abuild/rpmbuild/BUILDROOT/python-pillow-9.0.1-2.oe1.riscv64/usr/lib64/python3.8/site-packages/PIL
[ 2496s] copying build/lib.linux-riscv64-3.8/PIL/_imagingmath.cpython-38-riscv64-linux-gnu.so -> /home/abuild/rpmbuild/BUILDROOT/python-pillow-9.0.1-2.oe1.riscv64/usr/lib64/python3.8/site-packages/PIL
[ 2496s] copying build/lib.linux-riscv64-3.8/PIL/_imaging.cpython-38-riscv64-linux-gnu.so -> /home/abuild/rpmbuild/BUILDROOT/python-pillow-9.0.1-2.oe1.riscv64/usr/lib64/python3.8/site-packages/PIL
[ 2496s] byte-compiling /home/abuild/rpmbuild/BUILDROOT/python-pillow-9.0.1-2.oe1.riscv64/usr/lib64/python3.8/site-packages/PIL/BdfFontFile.py to BdfFontFile.cpython-38.pyc
[ 2496s] byte-compiling /home/abuild/rpmbuild/BUILDROOT/python-pillow-9.0.1-2.oe1.riscv64/usr/lib64/python3.8/site-packages/PIL/BlpImagePlugin.py to BlpImagePlugin.cpython-38.pyc
[ 2496s] byte-compiling /home/abuild/rpmbuild/BUILDROOT/python-pillow-9.0.1-2.oe1.riscv64/usr/lib64/python3.8/site-packages/PIL/BmpImagePlugin.py to BmpImagePlugin.cpython-38.pyc
[ 2496s] byte-compiling /home/abuild/rpmbuild/BUILDROOT/python-pillow-9.0.1-2.oe1.riscv64/usr/lib64/python3.8/site-packages/PIL/BufrStubImagePlugin.py to BufrStubImagePlugin.cpython-38.pyc
[ 2496s] byte-compiling /home/abuild/rpmbuild/BUILDROOT/python-pillow-9.0.1-2.oe1.riscv64/usr/lib64/python3.8/site-packages/PIL/ContainerIO.py to ContainerIO.cpython-38.pyc
[ 2496s] byte-compiling /home/abuild/rpmbuild/BUILDROOT/python-pillow-9.0.1-2.oe1.riscv64/usr/lib64/python3.8/site-packages/PIL/CurImagePlugin.py to CurImagePlugin.cpython-38.pyc
[ 2496s] byte-compiling /home/abuild/rpmbuild/BUILDROOT/python-pillow-9.0.1-2.oe1.riscv64/usr/lib64/python3.8/site-packages/PIL/DcxImagePlugin.py to DcxImagePlugin.cpython-38.pyc
[ 2496s] byte-compiling /home/abuild/rpmbuild/BUILDROOT/python-pillow-9.0.1-2.oe1.riscv64/usr/lib64/python3.8/site-packages/PIL/DdsImagePlugin.py to DdsImagePlugin.cpython-38.pyc
[ 2496s] byte-compiling /home/abuild/rpmbuild/BUILDROOT/python-pillow-9.0.1-2.oe1.riscv64/usr/lib64/python3.8/site-packages/PIL/EpsImagePlugin.py to EpsImagePlugin.cpython-38.pyc
[ 2496s] byte-compiling /home/abuild/rpmbuild/BUILDROOT/python-pillow-9.0.1-2.oe1.riscv64/usr/lib64/python3.8/site-packages/PIL/ExifTags.py to ExifTags.cpython-38.pyc
[ 2496s] byte-compiling /home/abuild/rpmbuild/BUILDROOT/python-pillow-9.0.1-2.oe1.riscv64/usr/lib64/python3.8/site-packages/PIL/FitsStubImagePlugin.py to FitsStubImagePlugin.cpython-38.pyc
[ 2496s] byte-compiling /home/abuild/rpmbuild/BUILDROOT/python-pillow-9.0.1-2.oe1.riscv64/usr/lib64/python3.8/site-packages/PIL/FliImagePlugin.py to FliImagePlugin.cpython-38.pyc
[ 2496s] byte-compiling /home/abuild/rpmbuild/BUILDROOT/python-pillow-9.0.1-2.oe1.riscv64/usr/lib64/python3.8/site-packages/PIL/FontFile.py to FontFile.cpython-38.pyc
[ 2496s] byte-compiling /home/abuild/rpmbuild/BUILDROOT/python-pillow-9.0.1-2.oe1.riscv64/usr/lib64/python3.8/site-packages/PIL/FpxImagePlugin.py to FpxImagePlugin.cpython-38.pyc
[ 2496s] byte-compiling /home/abuild/rpmbuild/BUILDROOT/python-pillow-9.0.1-2.oe1.riscv64/usr/lib64/python3.8/site-packages/PIL/FtexImagePlugin.py to FtexImagePlugin.cpython-38.pyc
[ 2496s] byte-compiling /home/abuild/rpmbuild/BUILDROOT/python-pillow-9.0.1-2.oe1.riscv64/usr/lib64/python3.8/site-packages/PIL/GbrImagePlugin.py to GbrImagePlugin.cpython-38.pyc
[ 2496s] byte-compiling /home/abuild/rpmbuild/BUILDROOT/python-pillow-9.0.1-2.oe1.riscv64/usr/lib64/python3.8/site-packages/PIL/GdImageFile.py to GdImageFile.cpython-38.pyc
[ 2496s] byte-compiling /home/abuild/rpmbuild/BUILDROOT/python-pillow-9.0.1-2.oe1.riscv64/usr/lib64/python3.8/site-packages/PIL/GifImagePlugin.py to GifImagePlugin.cpython-38.pyc
[ 2496s] byte-compiling /home/abuild/rpmbuild/BUILDROOT/python-pillow-9.0.1-2.oe1.riscv64/usr/lib64/python3.8/site-packages/PIL/GimpGradientFile.py to GimpGradientFile.cpython-38.pyc
[ 2496s] byte-compiling /home/abuild/rpmbuild/BUILDROOT/python-pillow-9.0.1-2.oe1.riscv64/usr/lib64/python3.8/site-packages/PIL/GimpPaletteFile.py to GimpPaletteFile.cpython-38.pyc
[ 2496s] byte-compiling /home/abuild/rpmbuild/BUILDROOT/python-pillow-9.0.1-2.oe1.riscv64/usr/lib64/python3.8/site-packages/PIL/GribStubImagePlugin.py to GribStubImagePlugin.cpython-38.pyc
[ 2496s] byte-compiling /home/abuild/rpmbuild/BUILDROOT/python-pillow-9.0.1-2.oe1.riscv64/usr/lib64/python3.8/site-packages/PIL/Hdf5StubImagePlugin.py to Hdf5StubImagePlugin.cpython-38.pyc
[ 2496s] byte-compiling /home/abuild/rpmbuild/BUILDROOT/python-pillow-9.0.1-2.oe1.riscv64/usr/lib64/python3.8/site-packages/PIL/IcnsImagePlugin.py to IcnsImagePlugin.cpython-38.pyc
[ 2497s] byte-compiling /home/abuild/rpmbuild/BUILDROOT/python-pillow-9.0.1-2.oe1.riscv64/usr/lib64/python3.8/site-packages/PIL/IcoImagePlugin.py to IcoImagePlugin.cpython-38.pyc
[ 2497s] byte-compiling /home/abuild/rpmbuild/BUILDROOT/python-pillow-9.0.1-2.oe1.riscv64/usr/lib64/python3.8/site-packages/PIL/ImImagePlugin.py to ImImagePlugin.cpython-38.pyc
[ 2497s] byte-compiling /home/abuild/rpmbuild/BUILDROOT/python-pillow-9.0.1-2.oe1.riscv64/usr/lib64/python3.8/site-packages/PIL/Image.py to Image.cpython-38.pyc
[ 2497s] byte-compiling /home/abuild/rpmbuild/BUILDROOT/python-pillow-9.0.1-2.oe1.riscv64/usr/lib64/python3.8/site-packages/PIL/ImageChops.py to ImageChops.cpython-38.pyc
[ 2497s] byte-compiling /home/abuild/rpmbuild/BUILDROOT/python-pillow-9.0.1-2.oe1.riscv64/usr/lib64/python3.8/site-packages/PIL/ImageCms.py to ImageCms.cpython-38.pyc
[ 2497s] byte-compiling /home/abuild/rpmbuild/BUILDROOT/python-pillow-9.0.1-2.oe1.riscv64/usr/lib64/python3.8/site-packages/PIL/ImageColor.py to ImageColor.cpython-38.pyc
[ 2497s] byte-compiling /home/abuild/rpmbuild/BUILDROOT/python-pillow-9.0.1-2.oe1.riscv64/usr/lib64/python3.8/site-packages/PIL/ImageDraw.py to ImageDraw.cpython-38.pyc
[ 2497s] byte-compiling /home/abuild/rpmbuild/BUILDROOT/python-pillow-9.0.1-2.oe1.riscv64/usr/lib64/python3.8/site-packages/PIL/ImageDraw2.py to ImageDraw2.cpython-38.pyc
[ 2497s] byte-compiling /home/abuild/rpmbuild/BUILDROOT/python-pillow-9.0.1-2.oe1.riscv64/usr/lib64/python3.8/site-packages/PIL/ImageEnhance.py to ImageEnhance.cpython-38.pyc
[ 2497s] byte-compiling /home/abuild/rpmbuild/BUILDROOT/python-pillow-9.0.1-2.oe1.riscv64/usr/lib64/python3.8/site-packages/PIL/ImageFile.py to ImageFile.cpython-38.pyc
[ 2497s] byte-compiling /home/abuild/rpmbuild/BUILDROOT/python-pillow-9.0.1-2.oe1.riscv64/usr/lib64/python3.8/site-packages/PIL/ImageFilter.py to ImageFilter.cpython-38.pyc
[ 2497s] byte-compiling /home/abuild/rpmbuild/BUILDROOT/python-pillow-9.0.1-2.oe1.riscv64/usr/lib64/python3.8/site-packages/PIL/ImageFont.py to ImageFont.cpython-38.pyc
[ 2497s] byte-compiling /home/abuild/rpmbuild/BUILDROOT/python-pillow-9.0.1-2.oe1.riscv64/usr/lib64/python3.8/site-packages/PIL/ImageGrab.py to ImageGrab.cpython-38.pyc
[ 2497s] byte-compiling /home/abuild/rpmbuild/BUILDROOT/python-pillow-9.0.1-2.oe1.riscv64/usr/lib64/python3.8/site-packages/PIL/ImageMath.py to ImageMath.cpython-38.pyc
[ 2497s] byte-compiling /home/abuild/rpmbuild/BUILDROOT/python-pillow-9.0.1-2.oe1.riscv64/usr/lib64/python3.8/site-packages/PIL/ImageMode.py to ImageMode.cpython-38.pyc
[ 2497s] byte-compiling /home/abuild/rpmbuild/BUILDROOT/python-pillow-9.0.1-2.oe1.riscv64/usr/lib64/python3.8/site-packages/PIL/ImageMorph.py to ImageMorph.cpython-38.pyc
[ 2497s] byte-compiling /home/abuild/rpmbuild/BUILDROOT/python-pillow-9.0.1-2.oe1.riscv64/usr/lib64/python3.8/site-packages/PIL/ImageOps.py to ImageOps.cpython-38.pyc
[ 2497s] byte-compiling /home/abuild/rpmbuild/BUILDROOT/python-pillow-9.0.1-2.oe1.riscv64/usr/lib64/python3.8/site-packages/PIL/ImagePalette.py to ImagePalette.cpython-38.pyc
[ 2497s] byte-compiling /home/abuild/rpmbuild/BUILDROOT/python-pillow-9.0.1-2.oe1.riscv64/usr/lib64/python3.8/site-packages/PIL/ImagePath.py to ImagePath.cpython-38.pyc
[ 2497s] byte-compiling /home/abuild/rpmbuild/BUILDROOT/python-pillow-9.0.1-2.oe1.riscv64/usr/lib64/python3.8/site-packages/PIL/ImageQt.py to ImageQt.cpython-38.pyc
[ 2497s] byte-compiling /home/abuild/rpmbuild/BUILDROOT/python-pillow-9.0.1-2.oe1.riscv64/usr/lib64/python3.8/site-packages/PIL/ImageSequence.py to ImageSequence.cpython-38.pyc
[ 2497s] byte-compiling /home/abuild/rpmbuild/BUILDROOT/python-pillow-9.0.1-2.oe1.riscv64/usr/lib64/python3.8/site-packages/PIL/ImageShow.py to ImageShow.cpython-38.pyc
[ 2498s] byte-compiling /home/abuild/rpmbuild/BUILDROOT/python-pillow-9.0.1-2.oe1.riscv64/usr/lib64/python3.8/site-packages/PIL/ImageStat.py to ImageStat.cpython-38.pyc
[ 2498s] byte-compiling /home/abuild/rpmbuild/BUILDROOT/python-pillow-9.0.1-2.oe1.riscv64/usr/lib64/python3.8/site-packages/PIL/ImageTk.py to ImageTk.cpython-38.pyc
[ 2498s] byte-compiling /home/abuild/rpmbuild/BUILDROOT/python-pillow-9.0.1-2.oe1.riscv64/usr/lib64/python3.8/site-packages/PIL/ImageTransform.py to ImageTransform.cpython-38.pyc
[ 2498s] byte-compiling /home/abuild/rpmbuild/BUILDROOT/python-pillow-9.0.1-2.oe1.riscv64/usr/lib64/python3.8/site-packages/PIL/ImageWin.py to ImageWin.cpython-38.pyc
[ 2498s] byte-compiling /home/abuild/rpmbuild/BUILDROOT/python-pillow-9.0.1-2.oe1.riscv64/usr/lib64/python3.8/site-packages/PIL/ImtImagePlugin.py to ImtImagePlugin.cpython-38.pyc
[ 2498s] byte-compiling /home/abuild/rpmbuild/BUILDROOT/python-pillow-9.0.1-2.oe1.riscv64/usr/lib64/python3.8/site-packages/PIL/IptcImagePlugin.py to IptcImagePlugin.cpython-38.pyc
[ 2498s] byte-compiling /home/abuild/rpmbuild/BUILDROOT/python-pillow-9.0.1-2.oe1.riscv64/usr/lib64/python3.8/site-packages/PIL/Jpeg2KImagePlugin.py to Jpeg2KImagePlugin.cpython-38.pyc
[ 2498s] byte-compiling /home/abuild/rpmbuild/BUILDROOT/python-pillow-9.0.1-2.oe1.riscv64/usr/lib64/python3.8/site-packages/PIL/JpegImagePlugin.py to JpegImagePlugin.cpython-38.pyc
[ 2498s] byte-compiling /home/abuild/rpmbuild/BUILDROOT/python-pillow-9.0.1-2.oe1.riscv64/usr/lib64/python3.8/site-packages/PIL/JpegPresets.py to JpegPresets.cpython-38.pyc
[ 2498s] byte-compiling /home/abuild/rpmbuild/BUILDROOT/python-pillow-9.0.1-2.oe1.riscv64/usr/lib64/python3.8/site-packages/PIL/McIdasImagePlugin.py to McIdasImagePlugin.cpython-38.pyc
[ 2498s] byte-compiling /home/abuild/rpmbuild/BUILDROOT/python-pillow-9.0.1-2.oe1.riscv64/usr/lib64/python3.8/site-packages/PIL/MicImagePlugin.py to MicImagePlugin.cpython-38.pyc
[ 2498s] byte-compiling /home/abuild/rpmbuild/BUILDROOT/python-pillow-9.0.1-2.oe1.riscv64/usr/lib64/python3.8/site-packages/PIL/MpegImagePlugin.py to MpegImagePlugin.cpython-38.pyc
[ 2498s] byte-compiling /home/abuild/rpmbuild/BUILDROOT/python-pillow-9.0.1-2.oe1.riscv64/usr/lib64/python3.8/site-packages/PIL/MpoImagePlugin.py to MpoImagePlugin.cpython-38.pyc
[ 2498s] byte-compiling /home/abuild/rpmbuild/BUILDROOT/python-pillow-9.0.1-2.oe1.riscv64/usr/lib64/python3.8/site-packages/PIL/MspImagePlugin.py to MspImagePlugin.cpython-38.pyc
[ 2498s] byte-compiling /home/abuild/rpmbuild/BUILDROOT/python-pillow-9.0.1-2.oe1.riscv64/usr/lib64/python3.8/site-packages/PIL/PSDraw.py to PSDraw.cpython-38.pyc
[ 2498s] byte-compiling /home/abuild/rpmbuild/BUILDROOT/python-pillow-9.0.1-2.oe1.riscv64/usr/lib64/python3.8/site-packages/PIL/PaletteFile.py to PaletteFile.cpython-38.pyc
[ 2498s] byte-compiling /home/abuild/rpmbuild/BUILDROOT/python-pillow-9.0.1-2.oe1.riscv64/usr/lib64/python3.8/site-packages/PIL/PalmImagePlugin.py to PalmImagePlugin.cpython-38.pyc
[ 2498s] byte-compiling /home/abuild/rpmbuild/BUILDROOT/python-pillow-9.0.1-2.oe1.riscv64/usr/lib64/python3.8/site-packages/PIL/PcdImagePlugin.py to PcdImagePlugin.cpython-38.pyc
[ 2498s] byte-compiling /home/abuild/rpmbuild/BUILDROOT/python-pillow-9.0.1-2.oe1.riscv64/usr/lib64/python3.8/site-packages/PIL/PcfFontFile.py to PcfFontFile.cpython-38.pyc
[ 2498s] byte-compiling /home/abuild/rpmbuild/BUILDROOT/python-pillow-9.0.1-2.oe1.riscv64/usr/lib64/python3.8/site-packages/PIL/PcxImagePlugin.py to PcxImagePlugin.cpython-38.pyc
[ 2498s] byte-compiling /home/abuild/rpmbuild/BUILDROOT/python-pillow-9.0.1-2.oe1.riscv64/usr/lib64/python3.8/site-packages/PIL/PdfImagePlugin.py to PdfImagePlugin.cpython-38.pyc
[ 2498s] byte-compiling /home/abuild/rpmbuild/BUILDROOT/python-pillow-9.0.1-2.oe1.riscv64/usr/lib64/python3.8/site-packages/PIL/PdfParser.py to PdfParser.cpython-38.pyc
[ 2498s] byte-compiling /home/abuild/rpmbuild/BUILDROOT/python-pillow-9.0.1-2.oe1.riscv64/usr/lib64/python3.8/site-packages/PIL/PixarImagePlugin.py to PixarImagePlugin.cpython-38.pyc
[ 2498s] byte-compiling /home/abuild/rpmbuild/BUILDROOT/python-pillow-9.0.1-2.oe1.riscv64/usr/lib64/python3.8/site-packages/PIL/PngImagePlugin.py to PngImagePlugin.cpython-38.pyc
[ 2498s] byte-compiling /home/abuild/rpmbuild/BUILDROOT/python-pillow-9.0.1-2.oe1.riscv64/usr/lib64/python3.8/site-packages/PIL/PpmImagePlugin.py to PpmImagePlugin.cpython-38.pyc
[ 2498s] byte-compiling /home/abuild/rpmbuild/BUILDROOT/python-pillow-9.0.1-2.oe1.riscv64/usr/lib64/python3.8/site-packages/PIL/PsdImagePlugin.py to PsdImagePlugin.cpython-38.pyc
[ 2498s] byte-compiling /home/abuild/rpmbuild/BUILDROOT/python-pillow-9.0.1-2.oe1.riscv64/usr/lib64/python3.8/site-packages/PIL/PyAccess.py to PyAccess.cpython-38.pyc
[ 2498s] byte-compiling /home/abuild/rpmbuild/BUILDROOT/python-pillow-9.0.1-2.oe1.riscv64/usr/lib64/python3.8/site-packages/PIL/SgiImagePlugin.py to SgiImagePlugin.cpython-38.pyc
[ 2498s] byte-compiling /home/abuild/rpmbuild/BUILDROOT/python-pillow-9.0.1-2.oe1.riscv64/usr/lib64/python3.8/site-packages/PIL/SpiderImagePlugin.py to SpiderImagePlugin.cpython-38.pyc
[ 2498s] byte-compiling /home/abuild/rpmbuild/BUILDROOT/python-pillow-9.0.1-2.oe1.riscv64/usr/lib64/python3.8/site-packages/PIL/SunImagePlugin.py to SunImagePlugin.cpython-38.pyc
[ 2498s] byte-compiling /home/abuild/rpmbuild/BUILDROOT/python-pillow-9.0.1-2.oe1.riscv64/usr/lib64/python3.8/site-packages/PIL/TarIO.py to TarIO.cpython-38.pyc
[ 2498s] byte-compiling /home/abuild/rpmbuild/BUILDROOT/python-pillow-9.0.1-2.oe1.riscv64/usr/lib64/python3.8/site-packages/PIL/TgaImagePlugin.py to TgaImagePlugin.cpython-38.pyc
[ 2498s] byte-compiling /home/abuild/rpmbuild/BUILDROOT/python-pillow-9.0.1-2.oe1.riscv64/usr/lib64/python3.8/site-packages/PIL/TiffImagePlugin.py to TiffImagePlugin.cpython-38.pyc
[ 2499s] byte-compiling /home/abuild/rpmbuild/BUILDROOT/python-pillow-9.0.1-2.oe1.riscv64/usr/lib64/python3.8/site-packages/PIL/TiffTags.py to TiffTags.cpython-38.pyc
[ 2499s] byte-compiling /home/abuild/rpmbuild/BUILDROOT/python-pillow-9.0.1-2.oe1.riscv64/usr/lib64/python3.8/site-packages/PIL/WalImageFile.py to WalImageFile.cpython-38.pyc
[ 2499s] byte-compiling /home/abuild/rpmbuild/BUILDROOT/python-pillow-9.0.1-2.oe1.riscv64/usr/lib64/python3.8/site-packages/PIL/WebPImagePlugin.py to WebPImagePlugin.cpython-38.pyc
[ 2499s] byte-compiling /home/abuild/rpmbuild/BUILDROOT/python-pillow-9.0.1-2.oe1.riscv64/usr/lib64/python3.8/site-packages/PIL/WmfImagePlugin.py to WmfImagePlugin.cpython-38.pyc
[ 2499s] byte-compiling /home/abuild/rpmbuild/BUILDROOT/python-pillow-9.0.1-2.oe1.riscv64/usr/lib64/python3.8/site-packages/PIL/XVThumbImagePlugin.py to XVThumbImagePlugin.cpython-38.pyc
[ 2499s] byte-compiling /home/abuild/rpmbuild/BUILDROOT/python-pillow-9.0.1-2.oe1.riscv64/usr/lib64/python3.8/site-packages/PIL/XbmImagePlugin.py to XbmImagePlugin.cpython-38.pyc
[ 2499s] byte-compiling /home/abuild/rpmbuild/BUILDROOT/python-pillow-9.0.1-2.oe1.riscv64/usr/lib64/python3.8/site-packages/PIL/XpmImagePlugin.py to XpmImagePlugin.cpython-38.pyc
[ 2499s] byte-compiling /home/abuild/rpmbuild/BUILDROOT/python-pillow-9.0.1-2.oe1.riscv64/usr/lib64/python3.8/site-packages/PIL/__init__.py to __init__.cpython-38.pyc
[ 2499s] byte-compiling /home/abuild/rpmbuild/BUILDROOT/python-pillow-9.0.1-2.oe1.riscv64/usr/lib64/python3.8/site-packages/PIL/__main__.py to __main__.cpython-38.pyc
[ 2499s] byte-compiling /home/abuild/rpmbuild/BUILDROOT/python-pillow-9.0.1-2.oe1.riscv64/usr/lib64/python3.8/site-packages/PIL/_binary.py to _binary.cpython-38.pyc
[ 2499s] byte-compiling /home/abuild/rpmbuild/BUILDROOT/python-pillow-9.0.1-2.oe1.riscv64/usr/lib64/python3.8/site-packages/PIL/_tkinter_finder.py to _tkinter_finder.cpython-38.pyc
[ 2499s] byte-compiling /home/abuild/rpmbuild/BUILDROOT/python-pillow-9.0.1-2.oe1.riscv64/usr/lib64/python3.8/site-packages/PIL/_util.py to _util.cpython-38.pyc
[ 2499s] byte-compiling /home/abuild/rpmbuild/BUILDROOT/python-pillow-9.0.1-2.oe1.riscv64/usr/lib64/python3.8/site-packages/PIL/_version.py to _version.cpython-38.pyc
[ 2499s] byte-compiling /home/abuild/rpmbuild/BUILDROOT/python-pillow-9.0.1-2.oe1.riscv64/usr/lib64/python3.8/site-packages/PIL/features.py to features.cpython-38.pyc
[ 2499s] writing byte-compilation script '/tmp/tmpfw59kjgp.py'
[ 2499s] /usr/bin/python3 /tmp/tmpfw59kjgp.py
[ 2503s] removing /tmp/tmpfw59kjgp.py
[ 2503s] running install_egg_info
[ 2503s] running egg_info
[ 2503s] writing src/Pillow.egg-info/PKG-INFO
[ 2503s] writing dependency_links to src/Pillow.egg-info/dependency_links.txt
[ 2503s] writing top-level names to src/Pillow.egg-info/top_level.txt
[ 2504s] reading manifest file 'src/Pillow.egg-info/SOURCES.txt'
[ 2504s] reading manifest template 'MANIFEST.in'
[ 2504s] /usr/lib/python3.8/site-packages/setuptools/command/install.py:34: SetuptoolsDeprecationWarning: setup.py install is deprecated. Use build and pip and other standards-based tools.
[ 2504s]   warnings.warn(
[ 2504s] warning: no files found matching '*.c'
[ 2504s] warning: no files found matching '*.h'
[ 2504s] warning: no files found matching '*.sh'
[ 2505s] warning: no previously-included files found matching '.appveyor.yml'
[ 2505s] warning: no previously-included files found matching '.clang-format'
[ 2505s] warning: no previously-included files found matching '.coveragerc'
[ 2505s] warning: no previously-included files found matching '.editorconfig'
[ 2505s] warning: no previously-included files found matching '.readthedocs.yml'
[ 2505s] warning: no previously-included files found matching 'codecov.yml'
[ 2505s] warning: no previously-included files matching '.git*' found anywhere in distribution
[ 2506s] warning: no previously-included files matching '*.pyc' found anywhere in distribution
[ 2506s] warning: no previously-included files matching '*.so' found anywhere in distribution
[ 2506s] no previously-included directories found matching '.ci'
[ 2506s] adding license file 'LICENSE'
[ 2506s] writing manifest file 'src/Pillow.egg-info/SOURCES.txt'
[ 2507s] Copying src/Pillow.egg-info to /home/abuild/rpmbuild/BUILDROOT/python-pillow-9.0.1-2.oe1.riscv64/usr/lib64/python3.8/site-packages/Pillow-9.0.1-py3.8.egg-info
[ 2507s] running install_scripts
[ 2507s] + /usr/lib/rpm/find-debuginfo.sh -j8 --strict-build-id -i --build-id-seed 9.0.1-2.oe1 --unique-debug-suffix -9.0.1-2.oe1.riscv64 --unique-debug-src-base python-pillow-9.0.1-2.oe1.riscv64 -S debugsourcefiles.list /home/abuild/rpmbuild/BUILD/Pillow-9.0.1
[ 2508s] explicitly decompress any DWARF compressed ELF sections in /home/abuild/rpmbuild/BUILDROOT/python-pillow-9.0.1-2.oe1.riscv64/usr/lib64/python3.8/site-packages/PIL/_imaging.cpython-38-riscv64-linux-gnu.so
[ 2508s] explicitly decompress any DWARF compressed ELF sections in /home/abuild/rpmbuild/BUILDROOT/python-pillow-9.0.1-2.oe1.riscv64/usr/lib64/python3.8/site-packages/PIL/_imagingcms.cpython-38-riscv64-linux-gnu.so
[ 2508s] explicitly decompress any DWARF compressed ELF sections in /home/abuild/rpmbuild/BUILDROOT/python-pillow-9.0.1-2.oe1.riscv64/usr/lib64/python3.8/site-packages/PIL/_imagingft.cpython-38-riscv64-linux-gnu.so
[ 2508s] explicitly decompress any DWARF compressed ELF sections in /home/abuild/rpmbuild/BUILDROOT/python-pillow-9.0.1-2.oe1.riscv64/usr/lib64/python3.8/site-packages/PIL/_imagingmath.cpython-38-riscv64-linux-gnu.so
[ 2508s] explicitly decompress any DWARF compressed ELF sections in /home/abuild/rpmbuild/BUILDROOT/python-pillow-9.0.1-2.oe1.riscv64/usr/lib64/python3.8/site-packages/PIL/_imagingmorph.cpython-38-riscv64-linux-gnu.so
[ 2508s] explicitly decompress any DWARF compressed ELF sections in /home/abuild/rpmbuild/BUILDROOT/python-pillow-9.0.1-2.oe1.riscv64/usr/lib64/python3.8/site-packages/PIL/_imagingtk.cpython-38-riscv64-linux-gnu.so
[ 2509s] extracting debug info from /home/abuild/rpmbuild/BUILDROOT/python-pillow-9.0.1-2.oe1.riscv64/usr/lib64/python3.8/site-packages/PIL/_imaging.cpython-38-riscv64-linux-gnu.so
[ 2509s] extracting debug info from /home/abuild/rpmbuild/BUILDROOT/python-pillow-9.0.1-2.oe1.riscv64/usr/lib64/python3.8/site-packages/PIL/_imagingcms.cpython-38-riscv64-linux-gnu.so
[ 2509s] extracting debug info from /home/abuild/rpmbuild/BUILDROOT/python-pillow-9.0.1-2.oe1.riscv64/usr/lib64/python3.8/site-packages/PIL/_imagingft.cpython-38-riscv64-linux-gnu.so
[ 2509s] extracting debug info from /home/abuild/rpmbuild/BUILDROOT/python-pillow-9.0.1-2.oe1.riscv64/usr/lib64/python3.8/site-packages/PIL/_imagingmath.cpython-38-riscv64-linux-gnu.so
[ 2509s] extracting debug info from /home/abuild/rpmbuild/BUILDROOT/python-pillow-9.0.1-2.oe1.riscv64/usr/lib64/python3.8/site-packages/PIL/_imagingtk.cpython-38-riscv64-linux-gnu.so
[ 2509s] extracting debug info from /home/abuild/rpmbuild/BUILDROOT/python-pillow-9.0.1-2.oe1.riscv64/usr/lib64/python3.8/site-packages/PIL/_imagingmorph.cpython-38-riscv64-linux-gnu.so
[ 2509s] explicitly decompress any DWARF compressed ELF sections in /home/abuild/rpmbuild/BUILDROOT/python-pillow-9.0.1-2.oe1.riscv64/usr/lib64/python3.8/site-packages/PIL/_webp.cpython-38-riscv64-linux-gnu.so
[ 2509s] extracting debug info from /home/abuild/rpmbuild/BUILDROOT/python-pillow-9.0.1-2.oe1.riscv64/usr/lib64/python3.8/site-packages/PIL/_webp.cpython-38-riscv64-linux-gnu.so
[ 2509s] Could not find platform independent libraries <prefix>
[ 2509s] Could not find platform independent libraries <prefix>
[ 2509s] Could not find platform dependent libraries <exec_prefix>
[ 2509s] Could not find platform dependent libraries <exec_prefix>
[ 2509s] Consider setting $PYTHONHOME to <prefix>[:<exec_prefix>]
[ 2509s] Consider setting $PYTHONHOME to <prefix>[:<exec_prefix>]
[ 2509s] Could not find platform independent libraries <prefix>
[ 2509s] Could not find platform dependent libraries <exec_prefix>
[ 2509s] Consider setting $PYTHONHOME to <prefix>[:<exec_prefix>]
[ 2509s] Could not find platform independent libraries <prefix>
[ 2509s] Could not find platform dependent libraries <exec_prefix>
[ 2509s] Consider setting $PYTHONHOME to <prefix>[:<exec_prefix>]
[ 2510s] Could not find platform independent libraries <prefix>
[ 2510s] Could not find platform dependent libraries <exec_prefix>
[ 2510s] Consider setting $PYTHONHOME to <prefix>[:<exec_prefix>]
[ 2510s] Fatal Python error: initfsencoding: unable to load the file system codec
[ 2510s] ModuleNotFoundError: No module named 'encodings'
[ 2510s] Fatal Python error: initfsencoding: unable to load the file system codec
[ 2510s] 
[ 2510s] Current thread 0x0000003fdc147020 (most recent call first):
[ 2510s] ModuleNotFoundError: No module named 'encodings'
[ 2510s] 
[ 2510s] Current thread 0x0000003fb831f020 (most recent call first):
[ 2510s] Fatal Python error: initfsencoding: unable to load the file system codec
[ 2510s] ModuleNotFoundError: No module named 'encodings'
[ 2510s] 
[ 2510s] Current thread 0x0000003ff6210020 (most recent call first):
[ 2510s] Fatal Python error: initfsencoding: unable to load the file system codec
[ 2510s] ModuleNotFoundError: No module named 'encodings'
[ 2510s] 
[ 2510s] Current thread 0x0000003fc0aef020 (most recent call first):
[ 2510s] Could not find platform independent libraries <prefix>
[ 2510s] Could not find platform dependent libraries <exec_prefix>
[ 2510s] Consider setting $PYTHONHOME to <prefix>[:<exec_prefix>]
[ 2510s] Fatal Python error: initfsencoding: unable to load the file system codec
[ 2510s] ModuleNotFoundError: No module named 'encodings'
[ 2510s] 
[ 2510s] Current thread 0x0000003fc0d11020 (most recent call first):
[ 2510s] Could not find platform independent libraries <prefix>
[ 2510s] Could not find platform dependent libraries <exec_prefix>
[ 2510s] Consider setting $PYTHONHOME to <prefix>[:<exec_prefix>]
[ 2510s] Fatal Python error: initfsencoding: unable to load the file system codec
[ 2510s] ModuleNotFoundError: No module named 'encodings'
[ 2510s] 
[ 2510s] Current thread 0x0000003fed53c020 (most recent call first):
[ 2510s] Fatal Python error: initfsencoding: unable to load the file system codec
[ 2510s] ModuleNotFoundError: No module named 'encodings'
[ 2510s] 
[ 2510s] Current thread 0x0000003fd1d6e020 (most recent call first):
[ 2513s] /usr/bin/gdb-add-index: line 106: 3141542 Aborted                 (core dumped) $GDB --batch -nx -iex 'set auto-load no' -ex "file $file" -ex "save gdb-index $dwarf5 $dir"
[ 2513s] /usr/bin/gdb-add-index: line 106: 3141541 Aborted                 (core dumped) $GDB --batch -nx -iex 'set auto-load no' -ex "file $file" -ex "save gdb-index $dwarf5 $dir"
[ 2513s] gdb-add-index: gdb error generating index for /home/abuild/rpmbuild/BUILDROOT/python-pillow-9.0.1-2.oe1.riscv64/usr/lib64/python3.8/site-packages/PIL/_imagingmorph.cpython-38-riscv64-linux-gnu.so
[ 2513s] gdb-add-index: gdb error generating index for /home/abuild/rpmbuild/BUILDROOT/python-pillow-9.0.1-2.oe1.riscv64/usr/lib64/python3.8/site-packages/PIL/_imagingmath.cpython-38-riscv64-linux-gnu.so
[ 2514s] /usr/bin/gdb-add-index: line 106: 3141555 Aborted                 (core dumped) $GDB --batch -nx -iex 'set auto-load no' -ex "file $file" -ex "save gdb-index $dwarf5 $dir"
[ 2514s] gdb-add-index: gdb error generating index for /home/abuild/rpmbuild/BUILDROOT/python-pillow-9.0.1-2.oe1.riscv64/usr/lib64/python3.8/site-packages/PIL/_imaging.cpython-38-riscv64-linux-gnu.so
[ 2514s] /usr/bin/gdb-add-index: line 106: 3141539 Aborted                 (core dumped) $GDB --batch -nx -iex 'set auto-load no' -ex "file $file" -ex "save gdb-index $dwarf5 $dir"
[ 2514s] gdb-add-index: gdb error generating index for /home/abuild/rpmbuild/BUILDROOT/python-pillow-9.0.1-2.oe1.riscv64/usr/lib64/python3.8/site-packages/PIL/_imagingcms.cpython-38-riscv64-linux-gnu.so
[ 2514s] /usr/bin/gdb-add-index: line 106: 3141554 Aborted                 (core dumped) $GDB --batch -nx -iex 'set auto-load no' -ex "file $file" -ex "save gdb-index $dwarf5 $dir"
[ 2514s] gdb-add-index: gdb error generating index for /home/abuild/rpmbuild/BUILDROOT/python-pillow-9.0.1-2.oe1.riscv64/usr/lib64/python3.8/site-packages/PIL/_webp.cpython-38-riscv64-linux-gnu.so
[ 2514s] /usr/bin/gdb-add-index: line 106: 3141548 Aborted                 (core dumped) $GDB --batch -nx -iex 'set auto-load no' -ex "file $file" -ex "save gdb-index $dwarf5 $dir"
[ 2514s] /usr/bin/gdb-add-index: line 106: 3141540 Aborted                 (core dumped) $GDB --batch -nx -iex 'set auto-load no' -ex "file $file" -ex "save gdb-index $dwarf5 $dir"
[ 2514s] gdb-add-index: gdb error generating index for /home/abuild/rpmbuild/BUILDROOT/python-pillow-9.0.1-2.oe1.riscv64/usr/lib64/python3.8/site-packages/PIL/_imagingft.cpython-38-riscv64-linux-gnu.so
[ 2514s] gdb-add-index: gdb error generating index for /home/abuild/rpmbuild/BUILDROOT/python-pillow-9.0.1-2.oe1.riscv64/usr/lib64/python3.8/site-packages/PIL/_imagingtk.cpython-38-riscv64-linux-gnu.so
[ 2517s] 2374 blocks
[ 2517s] + /usr/lib/rpm/check-buildroot
[ 2518s] + /usr/lib/rpm/brp-ldconfig
[ 2518s] + /usr/lib/rpm/brp-compress
[ 2518s] + /usr/lib/rpm/brp-strip-static-archive /usr/bin/strip
[ 2521s] + /usr/lib/rpm/brp-python-bytecompile /usr/bin/python 1 1
[ 2526s] Bytecompiling .py files below /home/abuild/rpmbuild/BUILDROOT/python-pillow-9.0.1-2.oe1.riscv64/usr/lib64/python3.8 using /usr/bin/python3.8
[ 2535s] Bytecompiling .py files below /home/abuild/rpmbuild/BUILDROOT/python-pillow-9.0.1-2.oe1.riscv64/usr/lib/debug/usr/lib64/python3.8 using /usr/bin/python3.8
[ 2537s] + /usr/lib/rpm/brp-python-hardlink
[ 2557s] Executing(%check): /bin/sh -e /var/tmp/rpm-tmp.oafaFc
[ 2557s] + umask 022
[ 2557s] + cd /home/abuild/rpmbuild/BUILD
[ 2557s] + cd Pillow-9.0.1
[ 2557s] + ln -s /home/abuild/rpmbuild/BUILD/Pillow-9.0.1/Images /home/abuild/rpmbuild/BUILD/Pillow-9.0.1/build/lib.linux-riscv64-3.8/Images
[ 2558s] + cp -R /home/abuild/rpmbuild/BUILD/Pillow-9.0.1/Tests /home/abuild/rpmbuild/BUILD/Pillow-9.0.1/build/lib.linux-riscv64-3.8/Tests
[ 2561s] + cp -a /home/abuild/rpmbuild/BUILD/Pillow-9.0.1/selftest.py /home/abuild/rpmbuild/BUILD/Pillow-9.0.1/build/lib.linux-riscv64-3.8/selftest.py
[ 2561s] + pushd build/lib.linux-riscv64-3.8
[ 2561s] ~/rpmbuild/BUILD/Pillow-9.0.1/build/lib.linux-riscv64-3.8 ~/rpmbuild/BUILD/Pillow-9.0.1
[ 2561s] + PYTHONPATH=/home/abuild/rpmbuild/BUILD/Pillow-9.0.1/build/lib.linux-riscv64-3.8
[ 2561s] + /usr/bin/python3 selftest.py
[ 2567s] --------------------------------------------------------------------
[ 2567s] Pillow 9.0.1
[ 2567s] Python 3.8.5 (default, Apr 14 2022, 13:40:54)
[ 2567s]        [GCC 10.3.1]
[ 2567s] --------------------------------------------------------------------
[ 2567s] Python modules loaded from /home/abuild/rpmbuild/BUILD/Pillow-9.0.1/build/lib.linux-riscv64-3.8/PIL
[ 2567s] Binary modules loaded from /home/abuild/rpmbuild/BUILD/Pillow-9.0.1/build/lib.linux-riscv64-3.8/PIL
[ 2567s] --------------------------------------------------------------------
[ 2567s] --- PIL CORE support ok, compiled for 9.0.1
[ 2567s] --- TKINTER support ok, loaded 8.6
[ 2567s] --- FREETYPE2 support ok, loaded 2.10.2
[ 2567s] --- LITTLECMS2 support ok, loaded 2.10
[ 2567s] --- WEBP support ok, loaded 1.1.0
[ 2567s] --- WEBP Transparency support ok
[ 2567s] --- WEBPMUX support ok
[ 2567s] --- WEBP Animation support ok
[ 2567s] --- JPEG support ok, compiled for libjpeg-turbo 2.0.6
[ 2567s] --- OPENJPEG (JPEG2000) support ok, loaded 2.3.1
[ 2567s] --- ZLIB (PNG/ZIP) support ok, loaded 1.2.11
[ 2567s] --- LIBTIFF support ok, loaded 4.2.0
[ 2567s] --- RAQM (Bidirectional Text) support ok, loaded 0.7.0
[ 2567s] --- LIBIMAGEQUANT (Quantization method) support ok, loaded 2.14.0
[ 2567s] --- XCB (X protocol) support ok
[ 2567s] --------------------------------------------------------------------
[ 2567s] Running selftest:
[ 2567s] --- 59 tests passed.
[ 2567s] + popd
[ 2567s] ~/rpmbuild/BUILD/Pillow-9.0.1
[ 2567s] + export PYTHONPATH=/home/abuild/rpmbuild/BUILDROOT/python-pillow-9.0.1-2.oe1.riscv64/usr/lib64/python3.8/site-packages
[ 2567s] + PYTHONPATH=/home/abuild/rpmbuild/BUILDROOT/python-pillow-9.0.1-2.oe1.riscv64/usr/lib64/python3.8/site-packages
[ 2567s] + pytest --ignore=_build.python2 --ignore=_build.python3 --ignore=_build.pypy3 -v -k 'not (test_qt_image_qapplication)'
[ 2575s] [1m============================= test session starts ==============================[0m
[ 2575s] platform linux -- Python 3.8.5, pytest-4.6.7, py-1.8.0, pluggy-0.12.0 -- /usr/bin/python3
[ 2575s] cachedir: .pytest_cache
[ 2575s] rootdir: /home/abuild/rpmbuild/BUILD/Pillow-9.0.1, inifile: setup.cfg, testpaths: Tests
[ 2694s] [1mcollecting ... [0mcollected 1616 items / 10 errors / 1 skipped / 1605 selected
[ 2695s] 
[ 2695s] ==================================== ERRORS ====================================
[ 2695s] [31m[1m___________________ ERROR collecting Tests/test_file_eps.py ____________________[0m
[ 2695s] [1m[31mTests/test_file_eps.py[0m:68: in <module>
[ 2695s] [1m    ???[0m
[ 2695s] [1m[31mTests/helper.py[0m:184: in mark_if_feature_version
[ 2695s] [1m    version_available.major == version_required.major[0m
[ 2695s] [1m[31mE   AttributeError: 'Version' object has no attribute 'major'[0m
[ 2695s] [31m[1m___________________ ERROR collecting Tests/test_file_jpeg.py ___________________[0m
[ 2695s] [1m[31mTests/test_file_jpeg.py[0m:40: in <module>
[ 2695s] [1m    class TestFileJpeg:[0m
[ 2695s] [1m[31mTests/test_file_jpeg.py[0m:125: in TestFileJpeg
[ 2695s] [1m    ???[0m
[ 2695s] [1m[31mTests/helper.py[0m:184: in mark_if_feature_version
[ 2695s] [1m    version_available.major == version_required.major[0m
[ 2695s] [1m[31mE   AttributeError: 'Version' object has no attribute 'major'[0m
[ 2695s] [31m[1m_________________ ERROR collecting Tests/test_file_libtiff.py __________________[0m
[ 2695s] [1m[31mTests/test_file_libtiff.py[0m:50: in <module>
[ 2695s] [1m    class TestFileLibTiff(LibTiffTestCase):[0m
[ 2695s] [1m[31mTests/test_file_libtiff.py[0m:857: in TestFileLibTiff
[ 2695s] [1m    ???[0m
[ 2695s] [1m[31mTests/helper.py[0m:184: in mark_if_feature_version
[ 2695s] [1m    version_available.major == version_required.major[0m
[ 2695s] [1m[31mE   AttributeError: 'Version' object has no attribute 'major'[0m
[ 2695s] [31m[1m______________ ERROR collecting Tests/test_file_libtiff_small.py _______________[0m
[ 2695s] [1m[31mTests/test_file_libtiff_small.py[0m:5: in <module>
[ 2695s] [1m    from .test_file_libtiff import LibTiffTestCase[0m
[ 2695s] [1m[31m<frozen importlib._bootstrap>[0m:991: in _find_and_load
[ 2695s] [1m    ???[0m
[ 2695s] [1m[31m<frozen importlib._bootstrap>[0m:975: in _find_and_load_unlocked
[ 2695s] [1m    ???[0m
[ 2695s] [1m[31m<frozen importlib._bootstrap>[0m:655: in _load_unlocked
[ 2695s] [1m    ???[0m
[ 2695s] [1m[31m<frozen importlib._bootstrap>[0m:618: in _load_backward_compatible
[ 2695s] [1m    ???[0m
[ 2695s] [1m[31m/usr/lib/python3.8/site-packages/_pytest/assertion/rewrite.py[0m:304: in load_module
[ 2695s] [1m    exec(co, mod.__dict__)[0m
[ 2695s] [1m[31mTests/test_file_libtiff.py[0m:50: in <module>
[ 2695s] [1m    class TestFileLibTiff(LibTiffTestCase):[0m
[ 2695s] [1m[31mTests/test_file_libtiff.py[0m:857: in TestFileLibTiff
[ 2695s] [1m    ???[0m
[ 2695s] [1m[31mTests/helper.py[0m:184: in mark_if_feature_version
[ 2695s] [1m    version_available.major == version_required.major[0m
[ 2695s] [1m[31mE   AttributeError: 'Version' object has no attribute 'major'[0m
[ 2695s] [31m[1m___________________ ERROR collecting Tests/test_file_pdf.py ____________________[0m
[ 2695s] [1m[31mTests/test_file_pdf.py[0m:110: in <module>
[ 2695s] [1m    ???[0m
[ 2695s] [1m[31mTests/helper.py[0m:184: in mark_if_feature_version
[ 2695s] [1m    version_available.major == version_required.major[0m
[ 2695s] [1m[31mE   AttributeError: 'Version' object has no attribute 'major'[0m
[ 2695s] [31m[1m___________________ ERROR collecting Tests/test_file_png.py ____________________[0m
[ 2695s] [1m[31mTests/test_file_png.py[0m:63: in <module>
[ 2695s] [1m    class TestFilePng:[0m
[ 2695s] [1m[31mTests/test_file_png.py[0m:704: in TestFilePng
[ 2695s] [1m    ???[0m
[ 2695s] [1m[31mTests/helper.py[0m:184: in mark_if_feature_version
[ 2695s] [1m    version_available.major == version_required.major[0m
[ 2695s] [1m[31mE   AttributeError: 'Version' object has no attribute 'major'[0m
[ 2695s] [31m[1m______________ ERROR collecting Tests/test_file_webp_metadata.py _______________[0m
[ 2695s] [1m[31mTests/test_file_webp_metadata.py[0m:44: in <module>
[ 2695s] [1m    ???[0m
[ 2695s] [1m[31mTests/helper.py[0m:184: in mark_if_feature_version
[ 2695s] [1m    version_available.major == version_required.major[0m
[ 2695s] [1m[31mE   AttributeError: 'Version' object has no attribute 'major'[0m
[ 2695s] [31m[1m_____________________ ERROR collecting Tests/test_image.py _____________________[0m
[ 2695s] [1m[31mTests/test_image.py[0m:23: in <module>
[ 2695s] [1m    class TestImage:[0m
[ 2695s] [1m[31mTests/test_image.py[0m:658: in TestImage
[ 2695s] [1m    ???[0m
[ 2695s] [1m[31mTests/helper.py[0m:184: in mark_if_feature_version
[ 2695s] [1m    version_available.major == version_required.major[0m
[ 2695s] [1m[31mE   AttributeError: 'Version' object has no attribute 'major'[0m
[ 2695s] [31m[1m________________ ERROR collecting Tests/test_image_resample.py _________________[0m
[ 2695s] [1m[31mTests/test_image_resample.py[0m:411: in <module>
[ 2695s] [1m    class TestCoreResampleBox:[0m
[ 2695s] [1m[31mTests/test_image_resample.py[0m:463: in TestCoreResampleBox
[ 2695s] [1m    ???[0m
[ 2695s] [1m[31mTests/helper.py[0m:184: in mark_if_feature_version
[ 2695s] [1m    version_available.major == version_required.major[0m
[ 2695s] [1m[31mE   AttributeError: 'Version' object has no attribute 'major'[0m
[ 2695s] [31m[1m_______________ ERROR collecting Tests/oss-fuzz/test_fuzzers.py ________________[0m
[ 2695s] [1m[31mTests/oss-fuzz/test_fuzzers.py[0m:14: in <module>
[ 2695s] [1m    if version.major == 2 and version.minor == 0:[0m
[ 2695s] [1m[31mE   AttributeError: 'Version' object has no attribute 'major'[0m
[ 2695s] [33m=============================== warnings summary ===============================[0m
[ 2695s] /usr/lib/python3.8/site-packages/_pytest/mark/structures.py:331
[ 2695s] /usr/lib/python3.8/site-packages/_pytest/mark/structures.py:331
[ 2695s]   /usr/lib/python3.8/site-packages/_pytest/mark/structures.py:331: PytestUnknownMarkWarning: Unknown pytest.mark.timeout - is this a typo?  You can register custom marks to avoid this warning - for details, see https://docs.pytest.org/en/latest/mark.html
[ 2695s]     warnings.warn(
[ 2695s] 
[ 2695s] -- Docs: https://docs.pytest.org/en/latest/warnings.html
[ 2695s] =========================== short test summary info ============================
[ 2695s] SKIPPED [1] /home/abuild/rpmbuild/BUILD/Pillow-9.0.1/Tests/test_pyroma.py:6: Pyroma not installed
[ 2695s] FAILED Tests/test_file_eps.py - AttributeError: 'Version' object has no attri...
[ 2695s] FAILED Tests/test_file_jpeg.py - AttributeError: 'Version' object has no attr...
[ 2695s] FAILED Tests/test_file_libtiff.py - AttributeError: 'Version' object has no a...
[ 2695s] FAILED Tests/test_file_libtiff_small.py - AttributeError: 'Version' object ha...
[ 2695s] FAILED Tests/test_file_pdf.py - AttributeError: 'Version' object has no attri...
[ 2695s] FAILED Tests/test_file_png.py - AttributeError: 'Version' object has no attri...
[ 2695s] FAILED Tests/test_file_webp_metadata.py - AttributeError: 'Version' object ha...
[ 2695s] FAILED Tests/test_image.py - AttributeError: 'Version' object has no attribut...
[ 2695s] FAILED Tests/test_image_resample.py - AttributeError: 'Version' object has no...
[ 2695s] FAILED Tests/oss-fuzz/test_fuzzers.py - AttributeError: 'Version' object has ...
[ 2695s] !!!!!!!!!!!!!!!!!!! Interrupted: 10 errors during collection !!!!!!!!!!!!!!!!!!!
[ 2695s] [31m[1m============== 1 skipped, 2 warnings, 10 error in 120.16 seconds ===============[0m
[ 2696s] error: Bad exit status from /var/tmp/rpm-tmp.oafaFc (%check)
[ 2696s] 
[ 2696s] 
[ 2696s] RPM build errors:
[ 2696s]     %changelog not in descending chronological order
[ 2696s]     Bad exit status from /var/tmp/rpm-tmp.oafaFc (%check)
[ 2697s] 
[ 2697s] oe-RISCV-worker7 failed "build python-pillow.spec" at Sat Apr 23 20:27:13 UTC 2022.
[ 2697s] 
