[    1s] Using BUILD_ROOT=/var/cache/obs/worker/root_3/.mount
[    1s] Using BUILD_ARCH=riscv64
[    1s] Doing kvm build in /var/cache/obs/worker/root_3/root
[    1s] 
[    1s] 
[    1s] hci-snode4-m0 started "build python-pytils.spec" at Sat Feb 18 20:04:39 UTC 2023.
[    1s] 
[    1s] Building python-pytils for project 'openSUSE:Factory:RISCV' repository 'standard' arch 'riscv64' srcmd5 '223af40307bc5c2754427881a1ac4883'
[    1s] 
[    1s] processing recipe /var/cache/obs/worker/root_3/.build-srcdir/python-pytils.spec ...
[    1s] running changelog2spec --target rpm --file /var/cache/obs/worker/root_3/.build-srcdir/python-pytils.spec
[    1s] init_buildsystem --configdir /var/run/obs/worker/3/build/configs --cachedir /var/cache/build --prepare --clean --rpmlist /var/cache/obs/worker/root_3/.build.rpmlist /var/cache/obs/worker/root_3/.build-srcdir/python-pytils.spec build ...
[    2s] unpacking preinstall image openSUSE:Factory:RISCV/standard/preinstallimage-base [7f1f24da28b81384a50e3930e651d4e0]
[    5s] 
[    5s] copying packages...
[    6s] reordering...cycle: libpython3_10-1_0 -> python310-base
[    6s]   breaking dependency python310-base -> libpython3_10-1_0
[    6s] cycle: libpython3_11-1_0 -> python311-base
[    6s]   breaking dependency python311-base -> libpython3_11-1_0
[    6s] cycle: libpython3_8-1_0 -> python38-base
[    6s]   breaking dependency python38-base -> libpython3_8-1_0
[    6s] cycle: libpython3_9-1_0 -> python39-base
[    6s]   breaking dependency python39-base -> libpython3_9-1_0
[    6s] done
[    6s] Detected virtio-serial support
[    9s] booting kvm...
[    9s] ### VM INTERACTION START ###
[    9s] Using virtio-serial support
[    9s] /usr/bin/qemu-kvm -nodefaults -no-reboot -nographic -vga none -cpu host -M pc,accel=kvm,usb=off,dump-guest-core=off,vmport=off -sandbox on -bios /usr/share/qemu/qboot.rom -object rng-random,filename=/dev/random,id=rng0 -device virtio-rng-pci,rng=rng0 -object iothread,id=io0 -runas qemu -net none -kernel /var/cache/obs/worker/root_3/.mount/boot/kernel -initrd /var/cache/obs/worker/root_3/.mount/boot/initrd -append root=/dev/disk/by-id/virtio-0 rootfstype=ext4 rootflags=noatime kvmclock mitigations=off elevator=noop nmi_watchdog=0 rw rd.driver.pre=binfmt_misc oops=panic panic=1 quiet console=hvc0 init=/.build/initvm.x86_64 -m 8192 -drive file=/var/cache/obs/worker/root_3/root,format=raw,if=none,id=disk,cache=unsafe,aio=io_uring -device virtio-blk-pci,iothread=io0,drive=disk,serial=0 -drive file=/var/cache/obs/worker/root_3/swap,format=raw,if=none,id=swap,cache=unsafe,aio=io_uring -device virtio-blk-pci,iothread=io0,drive=swap,serial=1 -device virtio-serial,max_ports=2 -device virtconsole,chardev=virtiocon0 -chardev stdio,id=virtiocon0 -chardev socket,id=monitor,server=on,wait=off,path=/var/cache/obs/worker/root_3/root.qemu/monitor -mon chardev=monitor,mode=readline -smp 8
[   16s] ### VM INTERACTION END ###
[   16s] 2nd stage started in virtual machine
[   17s] machine type: riscv64
[   18s] Linux version: 6.1.12-1-default #1 SMP PREEMPT_DYNAMIC Wed Feb 15 05:31:41 UTC 2023 (373f017)
[   18s] Increasing log level from now on...
[   18s] [    7.994036][  T414] sysrq: Changing Loglevel
[   18s] [    7.994291][  T414] sysrq: Loglevel set to 4
[   18s] Enable sysrq operations
[   19s] Setting up swapspace version 1, size = 2 GiB (2147479552 bytes)
[   19s] no label, UUID=43d8222e-fa6d-4031-87f1-34c2dcb88219
[   19s] swapon: /dev/vdb: found signature [pagesize=4096, signature=swap]
[   19s] swapon: /dev/vdb: pagesize=4096, swapsize=2147483648, devsize=2147483648
[   19s] swapon /dev/vdb
[   19s] WARNING: udev not running, creating extra device nodes
[   21s] logging output to //.build.log...
[   21s] processing recipe /.build-srcdir/python-pytils.spec ...
[   21s] init_buildsystem --configdir /.build/configs --cachedir /var/cache/build /.build-srcdir/python-pytils.spec build ...
[   22s] initializing rpm db...
[   23s] querying package ids...
[   63s] [1/147] preinstalled aaa_base-84.87+git20220822.6b9f7a3-1.1
[   63s] [2/147] preinstalled aaa_base-malloccheck-84.87+git20220822.6b9f7a3-1.1
[   63s] [3/147] preinstalled attr-2.5.1-1.1
[   63s] [4/147] preinstalled bash-5.2.15-8.1
[   63s] [5/147] preinstalled bash-sh-5.2.15-8.1
[   63s] [6/147] preinstalled binutils-2.39-3.1
[   63s] [7/147] preinstalled brp-check-suse-84.87+git20221115.2f7add6-1.1
[   63s] [8/147] preinstalled build-compare-20221206T204012.bb70754-1.2
[   63s] [9/147] preinstalled build-mkbaselibs-20230215-1.1
[   63s] [10/147] preinstalled bzip2-1.0.8-4.1
[   63s] [11/147] preinstalled chkstat-1599_20221220-1.2
[   63s] [12/147] preinstalled compat-usrmerge-build-84.87-5.1
[   63s] [13/147] preinstalled compat-usrmerge-tools-84.87-5.1
[   63s] [14/147] preinstalled coreutils-9.1-5.1
[   63s] [15/147] preinstalled cpio-2.13-5.1
[   63s] [16/147] preinstalled cpp-12-2.1
[   63s] [17/147] preinstalled cpp12-12.2.1+git749-4.1
[   63s] [18/147] cumulate crypto-policies-20210917.c9d86d1-1.1
[   63s] [19/147] preinstalled debugedit-5.0-5.1
[   63s] [20/147] preinstalled diffutils-3.9-1.1
[   63s] [21/147] preinstalled dwz-0.15-2.1
[   63s] [22/147] preinstalled elfutils-0.188-3.2
[   63s] [23/147] cumulate fdupes-2.2.1-1.1
[   63s] [24/147] preinstalled file-5.44-1.1
[   63s] [25/147] preinstalled file-magic-5.44-1.1
[   63s] [26/147] preinstalled filesystem-84.87-12.1
[   63s] [27/147] preinstalled fillup-1.42-279.1
[   63s] [28/147] preinstalled findutils-4.9.0-2.1
[   63s] [29/147] preinstalled gawk-5.2.1-2.1
[   63s] [30/147] preinstalled gcc-12-2.1
[   63s] [31/147] preinstalled gcc-PIE-12-2.1
[   63s] [32/147] preinstalled gcc12-12.2.1+git749-4.1
[   63s] [33/147] preinstalled gcc12-PIE-12.2.1+git749-4.1
[   63s] [34/147] preinstalled gettext-runtime-mini-0.21.1-1.1
[   63s] [35/147] preinstalled gettext-tools-mini-0.21.1-1.1
[   63s] [36/147] preinstalled glibc-2.37-1.1
[   63s] [37/147] preinstalled glibc-devel-2.37-1.1
[   63s] [38/147] preinstalled glibc-locale-base-2.37-1.1
[   63s] [39/147] preinstalled grep-3.8-3.1
[   63s] [40/147] preinstalled gzip-1.12-3.1
[   63s] [41/147] preinstalled kernel-obs-build-6.1.12-1.1
[   63s] [42/147] preinstalled libacl1-2.3.1-2.1
[   63s] [43/147] preinstalled libasan8-13.0.1+git5428-6.1
[   63s] [44/147] preinstalled libasm1-0.188-3.2
[   63s] [45/147] preinstalled libatomic1-13.0.1+git5428-6.1
[   63s] [46/147] preinstalled libattr1-2.5.1-1.1
[   63s] [47/147] preinstalled libaudit1-3.0.6-4.1
[   63s] [48/147] preinstalled libblkid1-2.38.1-7.1
[   63s] [49/147] preinstalled libbz2-1-1.0.8-4.1
[   63s] [50/147] preinstalled libcap-ng0-0.8.3-1.1
[   63s] [51/147] preinstalled libcap2-2.67-1.1
[   63s] [52/147] preinstalled libcrypt1-4.4.33-1.1
[   63s] [53/147] preinstalled libctf-nobfd0-2.39-3.1
[   63s] [54/147] preinstalled libctf0-2.39-3.1
[   63s] [55/147] preinstalled libdb-4_8-4.8.30-39.1
[   63s] [56/147] preinstalled libdw1-0.188-3.2
[   63s] [57/147] preinstalled libeconf0-0.5.1-1.1
[   63s] [58/147] preinstalled libelf1-0.188-3.2
[   63s] [59/147] cumulate libexpat1-2.5.0-2.1
[   63s] [60/147] preinstalled libfdisk1-2.38.1-7.1
[   63s] [61/147] cumulate libffi8-3.4.4-1.1
[   63s] [62/147] preinstalled libgcc_s1-13.0.1+git5428-6.1
[   63s] [63/147] preinstalled libgcrypt20-1.10.1-1.1
[   63s] [64/147] preinstalled libgdbm6-1.23-1.1
[   63s] [65/147] preinstalled libgdbm_compat4-1.23-1.1
[   63s] [66/147] preinstalled libgmp10-6.2.1-4.1
[   63s] [67/147] preinstalled libgomp1-13.0.1+git5428-6.1
[   63s] [68/147] preinstalled libgpg-error0-1.46-1.1
[   63s] [69/147] preinstalled libisl23-0.25-1.1
[   63s] [70/147] preinstalled liblua5_4-5-5.4.4-8.1
[   63s] [71/147] preinstalled liblzma5-5.4.1-1.1
[   63s] [72/147] preinstalled libmagic1-5.44-1.1
[   63s] [73/147] preinstalled libmount1-2.38.1-7.1
[   63s] [74/147] preinstalled libmpc3-1.3.1-1.2
[   63s] [75/147] cumulate libmpdec3-2.5.1-2.1
[   63s] [76/147] preinstalled libmpfr6-4.2.0-1.1
[   63s] [77/147] preinstalled libncurses6-6.4.20230128-5.1
[   63s] [78/147] preinstalled libpcre2-8-0-10.42-3.2
[   63s] [79/147] preinstalled libpkgconf3-1.8.0-2.1
[   63s] [80/147] preinstalled libpopt0-1.19-1.1
[   63s] [81/147] preinstalled libreadline8-8.2-2.1
[   63s] [82/147] preinstalled librpmbuild9-4.18.0-3.1
[   63s] [83/147] preinstalled libseccomp2-2.5.4-2.1
[   63s] [84/147] preinstalled libselinux1-3.4-2.1
[   63s] [85/147] preinstalled libsemanage-conf-3.4-1.1
[   63s] [86/147] preinstalled libsemanage2-3.4-1.1
[   63s] [87/147] preinstalled libsepol2-3.4-1.1
[   63s] [88/147] preinstalled libsmartcols1-2.38.1-7.1
[   63s] [89/147] preinstalled libstdc++6-13.0.1+git5428-6.1
[   63s] [90/147] preinstalled libsubid4-4.13-3.1
[   63s] [91/147] preinstalled libubsan1-13.0.1+git5428-6.1
[   63s] [92/147] preinstalled libutempter0-1.2.0-3.2
[   63s] [93/147] preinstalled libuuid1-2.38.1-7.1
[   63s] [94/147] preinstalled libxcrypt-devel-4.4.33-1.1
[   63s] [95/147] preinstalled libz1-1.2.13-2.1
[   63s] [96/147] preinstalled libzstd1-1.5.2-2.1
[   63s] [97/147] preinstalled linux-glibc-devel-6.1-1.1
[   63s] [98/147] preinstalled login_defs-4.13-3.1
[   63s] [99/147] preinstalled lua54-5.4.4-8.1
[   63s] [100/147] preinstalled make-4.4-2.1
[   63s] [101/147] preinstalled ncurses-utils-6.4.20230128-5.1
[   63s] [102/147] preinstalled pam-1.5.2-12.1
[   63s] [103/147] preinstalled patch-2.7.6-6.1
[   63s] [104/147] preinstalled perl-5.36.0-4.1
[   63s] [105/147] preinstalled perl-base-5.36.0-4.1
[   63s] [106/147] preinstalled permissions-1599_20221220-1.2
[   63s] [107/147] preinstalled permissions-config-1599_20221220-1.2
[   63s] [108/147] preinstalled pkgconf-1.8.0-2.1
[   63s] [109/147] preinstalled pkgconf-m4-1.8.0-2.1
[   63s] [110/147] preinstalled pkgconf-pkg-config-1.8.0-2.1
[   63s] [111/147] preinstalled polkit-default-privs-1550+20221102.9f111fa-1.1
[   63s] [112/147] preinstalled post-build-checks-84.87+git20230106.3a359c5-1.1
[   63s] [113/147] cumulate python-rpm-macros-20230128.e704796-1.2
[   63s] [114/147] preinstalled qemu-linux-user-7.1.0-50.1
[   63s] [115/147] preinstalled rpm-4.18.0-3.1
[   63s] [116/147] preinstalled rpm-build-4.18.0-3.1
[   63s] [117/147] preinstalled rpm-build-perl-4.18.0-3.1
[   63s] [118/147] preinstalled rpm-config-SUSE-20220926-1.1
[   63s] [119/147] preinstalled rpmlint-mini-2.4.0+git20230214.1bab129-9.4
[   63s] [120/147] preinstalled rpmlint-strict-2.4.0+git20230214.1bab129-1.1
[   63s] [121/147] preinstalled sed-4.9-2.1
[   63s] [122/147] preinstalled shadow-4.13-3.1
[   63s] [123/147] preinstalled system-group-hardware-20170617-24.1
[   63s] [124/147] preinstalled system-user-root-20190513-2.1
[   63s] [125/147] preinstalled systemd-rpm-macros-19-1.1
[   63s] [126/147] preinstalled sysuser-shadow-3.1-5.1
[   63s] [127/147] preinstalled tar-1.34-9.1
[   63s] [128/147] preinstalled terminfo-base-6.4.20230128-5.1
[   63s] [129/147] preinstalled update-alternatives-1.21.8-1.1
[   63s] [130/147] preinstalled util-linux-2.38.1-7.1
[   63s] [131/147] preinstalled which-2.21-5.1
[   63s] [132/147] preinstalled xz-5.4.1-1.1
[   63s] [133/147] cumulate libopenssl3-3.0.7-3.1
[   63s] [134/147] cumulate python310-base-3.10.9-2.2
[   63s] [135/147] cumulate python311-base-3.11.1-4.2
[   63s] [136/147] cumulate python38-base-3.8.16-3.2
[   63s] [137/147] cumulate python39-base-3.9.16-3.2
[   63s] [138/147] cumulate libpython3_10-1_0-3.10.9-2.2
[   63s] [139/147] cumulate libpython3_11-1_0-3.11.1-4.2
[   63s] [140/147] cumulate libpython3_8-1_0-3.8.16-3.2
[   63s] [141/147] cumulate libpython3_9-1_0-3.9.16-3.2
[   63s] [142/147] cumulate python310-packaging-23.0-1.1
[   63s] [143/147] cumulate python310-setuptools-65.6.3-1.2
[   63s] [144/147] cumulate python311-setuptools-65.6.3-1.2
[   63s] [145/147] cumulate python38-setuptools-65.6.3-1.2
[   63s] [146/147] cumulate python39-setuptools-65.6.3-1.2
[   63s] [147/147] cumulate python-rpm-packaging-20210526+a18ca48-1.2
[   63s] now installing cumulated packages
[   65s] Preparing...                          ########################################
[   65s] Updating / installing...
[   65s] libmpdec3-2.5.1-2.1                   ########################################
[   65s] libffi8-3.4.4-1.1                     ########################################
[   65s] libexpat1-2.5.0-2.1                   ########################################
[   66s] python-rpm-macros-20230128.e704796-1.2########################################
[   66s] crypto-policies-20210917.c9d86d1-1.1  ########################################
[   67s] libopenssl3-3.0.7-3.1                 ########################################
[   68s] libpython3_10-1_0-3.10.9-2.2          ########################################
[   77s] python310-base-3.10.9-2.2             ########################################
[   79s] libpython3_11-1_0-3.11.1-4.2          ########################################
[   89s] python311-base-3.11.1-4.2             ########################################
[   90s] libpython3_8-1_0-3.8.16-3.2           ########################################
[   99s] python38-base-3.8.16-3.2              ########################################
[  100s] libpython3_9-1_0-3.9.16-3.2           ########################################
[  109s] python39-base-3.9.16-3.2              ########################################
[  109s] python310-packaging-23.0-1.1          ########################################
[  109s] python-rpm-packaging-20210526+a18ca48-########################################
[  111s] python39-setuptools-65.6.3-1.2        ########################################
[  113s] python38-setuptools-65.6.3-1.2        ########################################
[  115s] python311-setuptools-65.6.3-1.2       ########################################
[  117s] python310-setuptools-65.6.3-1.2       ########################################
[  117s] fdupes-2.2.1-1.1                      ########################################
[  120s] now finalizing build dir...
[  120s] ... running 01-add_abuild_user_to_trusted_group
[  121s] ... running 02-set_timezone_to_utc
[  121s] ... running 03-set-permissions-secure
[  121s] ... running 11-hack_uname_version_to_kernel_version
[  134s] -----------------------------------------------------------------
[  134s] I have the following modifications for python-pytils.spec:
[  134s] 22c22
[  134s] < Release:        0
[  134s] ---
[  134s] > Release:        1.2
[  146s] build target is riscv64-suse-linux
[  146s] -----------------------------------------------------------------
[  146s] ----- building python-pytils.spec (user abuild)
[  146s] -----------------------------------------------------------------
[  146s] -----------------------------------------------------------------
[  153s] + exec rpmbuild -ba --define '_srcdefattr (-,root,root)' --nosignature --target=riscv64-suse-linux --define '_build_create_debug 1' --define 'disturl obs://build.opensuse.org/openSUSE:Factory:RISCV/standard/223af40307bc5c2754427881a1ac4883-python-pytils' /home/abuild/rpmbuild/SOURCES/python-pytils.spec
[  199s] Building target platforms: riscv64-suse-linux
[  199s] Building for target riscv64-suse-linux
[  199s] setting SOURCE_DATE_EPOCH=1665014400
[  200s] Executing(%prep): /usr/bin/bash -e /var/tmp/rpm-tmp.B1rsrv
[  200s] + umask 022
[  200s] + cd /home/abuild/rpmbuild/BUILD
[  200s] + cd /home/abuild/rpmbuild/BUILD
[  200s] + rm -rf pytils-0.4.1
[  200s] + /usr/lib/rpm/rpmuncompress -x /home/abuild/rpmbuild/SOURCES/pytils-0.4.1.tar.gz
[  201s] + STATUS=0
[  201s] + '[' 0 -ne 0 ']'
[  201s] + cd pytils-0.4.1
[  201s] + /usr/bin/chmod -Rf a+rX,u+w,g-w,o-w .
[  201s] + RPM_EC=0
[  201s] ++ jobs -p
[  201s] + exit 0
[  201s] Executing(%build): /usr/bin/bash -e /var/tmp/rpm-tmp.mPp0Q9
[  201s] + umask 022
[  201s] + cd /home/abuild/rpmbuild/BUILD
[  201s] + /usr/bin/rm -rf /home/abuild/rpmbuild/BUILDROOT/python-pytils-0.4.1-1.2.riscv64
[  201s] ++ dirname /home/abuild/rpmbuild/BUILDROOT/python-pytils-0.4.1-1.2.riscv64
[  201s] + /usr/bin/mkdir -p /home/abuild/rpmbuild/BUILDROOT
[  201s] + /usr/bin/mkdir /home/abuild/rpmbuild/BUILDROOT/python-pytils-0.4.1-1.2.riscv64
[  201s] + cd pytils-0.4.1
[  201s] + ref=/usr/lib/rpm
[  201s] + mints=0
[  201s] + case $(uname -m) in
[  201s] ++ uname -m
[  202s] + mints=20160911
[  202s] + for s in guess sub
[  202s] ++ find -maxdepth 8 -name config.guess
[  202s] + for s in guess sub
[  202s] ++ find -maxdepth 8 -name config.sub
[  202s] ++ '[' -f _current_flavor ']'
[  202s] ++ true
[  202s] + last_flavor=
[  202s] + '[' -z '' ']'
[  202s] + last_flavor=tmp
[  202s] + '[' tmp '!=' python38 ']'
[  202s] + '[' -d build ']'
[  202s] + '[' -d _build.python38 ']'
[  202s] + echo python38
[  202s] + python_flavor=python38
[  202s] + /usr/bin/python3.8 setup.py build '--executable=/usr/bin/python3.8 -s'
[  209s] running build
[  209s] running build_py
[  209s] creating build
[  209s] creating build/lib
[  209s] creating build/lib/pytils
[  209s] copying pytils/__init__.py -> build/lib/pytils
[  209s] copying pytils/dt.py -> build/lib/pytils
[  210s] copying pytils/numeral.py -> build/lib/pytils
[  210s] copying pytils/translit.py -> build/lib/pytils
[  210s] copying pytils/typo.py -> build/lib/pytils
[  210s] copying pytils/utils.py -> build/lib/pytils
[  210s] creating build/lib/pytils/templatetags
[  210s] copying pytils/templatetags/__init__.py -> build/lib/pytils/templatetags
[  210s] copying pytils/templatetags/pytils_dt.py -> build/lib/pytils/templatetags
[  210s] copying pytils/templatetags/pytils_numeral.py -> build/lib/pytils/templatetags
[  210s] copying pytils/templatetags/pytils_translit.py -> build/lib/pytils/templatetags
[  210s] running egg_info
[  210s] writing pytils.egg-info/PKG-INFO
[  210s] writing dependency_links to pytils.egg-info/dependency_links.txt
[  210s] writing top-level names to pytils.egg-info/top_level.txt
[  210s] reading manifest file 'pytils.egg-info/SOURCES.txt'
[  210s] reading manifest template 'MANIFEST.in'
[  210s] warning: no files found matching 'README'
[  210s] adding license file 'LICENSE'
[  210s] adding license file 'AUTHORS'
[  210s] writing manifest file 'pytils.egg-info/SOURCES.txt'
[  210s] creating build/lib/pytils/test
[  210s] copying pytils/test/__init__.py -> build/lib/pytils/test
[  210s] copying pytils/test/test_dt.py -> build/lib/pytils/test
[  210s] copying pytils/test/test_numeral.py -> build/lib/pytils/test
[  210s] copying pytils/test/test_translit.py -> build/lib/pytils/test
[  210s] copying pytils/test/test_typo.py -> build/lib/pytils/test
[  210s] copying pytils/test/test_utils.py -> build/lib/pytils/test
[  210s] creating build/lib/pytils/test/templatetags
[  210s] copying pytils/test/templatetags/__init__.py -> build/lib/pytils/test/templatetags
[  210s] copying pytils/test/templatetags/helpers.py -> build/lib/pytils/test/templatetags
[  210s] copying pytils/test/templatetags/test_common.py -> build/lib/pytils/test/templatetags
[  210s] copying pytils/test/templatetags/test_dt.py -> build/lib/pytils/test/templatetags
[  210s] copying pytils/test/templatetags/test_numeral.py -> build/lib/pytils/test/templatetags
[  210s] copying pytils/test/templatetags/test_translit.py -> build/lib/pytils/test/templatetags
[  210s] /usr/lib/python3.8/site-packages/setuptools/command/build_py.py:202: SetuptoolsDeprecationWarning:     Installing 'pytils.test' as data is deprecated, please list it in `packages`.
[  210s]     !!
[  210s] 
[  210s] 
[  210s]     ############################
[  210s]     # Package would be ignored #
[  210s]     ############################
[  210s]     Python recognizes 'pytils.test' as an importable package,
[  210s]     but it is not listed in the `packages` configuration of setuptools.
[  210s] 
[  210s]     'pytils.test' has been automatically added to the distribution only
[  210s]     because it may contain data files, but this behavior is likely to change
[  210s]     in future versions of setuptools (and therefore is considered deprecated).
[  210s] 
[  210s]     Please make sure that 'pytils.test' is included as a package by using
[  210s]     the `packages` configuration field or the proper discovery methods
[  210s]     (for example by using `find_namespace_packages(...)`/`find_namespace:`
[  210s]     instead of `find_packages(...)`/`find:`).
[  210s] 
[  210s]     You can read more about "package discovery" and "data files" on setuptools
[  210s]     documentation page.
[  210s] 
[  210s] 
[  210s] !!
[  210s] 
[  210s]   check.warn(importable)
[  210s] /usr/lib/python3.8/site-packages/setuptools/command/build_py.py:202: SetuptoolsDeprecationWarning:     Installing 'pytils.test.templatetags' as data is deprecated, please list it in `packages`.
[  210s]     !!
[  210s] 
[  210s] 
[  210s]     ############################
[  210s]     # Package would be ignored #
[  210s]     ############################
[  210s]     Python recognizes 'pytils.test.templatetags' as an importable package,
[  210s]     but it is not listed in the `packages` configuration of setuptools.
[  210s] 
[  210s]     'pytils.test.templatetags' has been automatically added to the distribution only
[  210s]     because it may contain data files, but this behavior is likely to change
[  210s]     in future versions of setuptools (and therefore is considered deprecated).
[  210s] 
[  210s]     Please make sure that 'pytils.test.templatetags' is included as a package by using
[  210s]     the `packages` configuration field or the proper discovery methods
[  210s]     (for example by using `find_namespace_packages(...)`/`find_namespace:`
[  210s]     instead of `find_packages(...)`/`find:`).
[  210s] 
[  210s]     You can read more about "package discovery" and "data files" on setuptools
[  210s]     documentation page.
[  210s] 
[  210s] 
[  210s] !!
[  210s] 
[  210s]   check.warn(importable)
[  210s] ++ '[' -f _current_flavor ']'
[  210s] ++ cat _current_flavor
[  210s] + last_flavor=python38
[  210s] + '[' -z python38 ']'
[  210s] + '[' python38 '!=' python39 ']'
[  210s] + '[' -d build ']'
[  210s] + mv build _build.python38
[  210s] + '[' -d _build.python39 ']'
[  210s] + echo python39
[  210s] + python_flavor=python39
[  210s] + /usr/bin/python3.9 setup.py build '--executable=/usr/bin/python3.9 -s'
[  217s] running build
[  217s] running build_py
[  217s] creating build
[  217s] creating build/lib
[  217s] creating build/lib/pytils
[  217s] copying pytils/__init__.py -> build/lib/pytils
[  217s] copying pytils/dt.py -> build/lib/pytils
[  217s] copying pytils/numeral.py -> build/lib/pytils
[  217s] copying pytils/translit.py -> build/lib/pytils
[  217s] copying pytils/typo.py -> build/lib/pytils
[  217s] copying pytils/utils.py -> build/lib/pytils
[  217s] creating build/lib/pytils/templatetags
[  217s] copying pytils/templatetags/__init__.py -> build/lib/pytils/templatetags
[  217s] copying pytils/templatetags/pytils_dt.py -> build/lib/pytils/templatetags
[  217s] copying pytils/templatetags/pytils_numeral.py -> build/lib/pytils/templatetags
[  217s] copying pytils/templatetags/pytils_translit.py -> build/lib/pytils/templatetags
[  217s] running egg_info
[  217s] writing pytils.egg-info/PKG-INFO
[  217s] writing dependency_links to pytils.egg-info/dependency_links.txt
[  217s] writing top-level names to pytils.egg-info/top_level.txt
[  217s] reading manifest file 'pytils.egg-info/SOURCES.txt'
[  217s] reading manifest template 'MANIFEST.in'
[  217s] warning: no files found matching 'README'
[  217s] adding license file 'LICENSE'
[  217s] adding license file 'AUTHORS'
[  217s] writing manifest file 'pytils.egg-info/SOURCES.txt'
[  217s] /usr/lib/python3.9/site-packages/setuptools/command/build_py.py:202: SetuptoolsDeprecationWarning:     Installing 'pytils.test' as data is deprecated, please list it in `packages`.
[  217s]     !!
[  217s] 
[  217s] 
[  217s]     ############################
[  217s]     # Package would be ignored #
[  217s]     ############################
[  217s]     Python recognizes 'pytils.test' as an importable package,
[  217s]     but it is not listed in the `packages` configuration of setuptools.
[  217s] 
[  217s]     'pytils.test' has been automatically added to the distribution only
[  217s]     because it may contain data files, but this behavior is likely to change
[  217s]     in future versions of setuptools (and therefore is considered deprecated).
[  217s] 
[  217s]     Please make sure that 'pytils.test' is included as a package by using
[  217s]     the `packages` configuration field or the proper discovery methods
[  217s]     (for example by using `find_namespace_packages(...)`/`find_namespace:`
[  217s]     instead of `find_packages(...)`/`find:`).
[  217s] 
[  217s]     You can read more about "package discovery" and "data files" on setuptools
[  217s]     documentation page.
[  217s] 
[  217s] 
[  217s] !!
[  217s] 
[  217s]   check.warn(importable)
[  217s] /usr/lib/python3.9/site-packages/setuptools/command/build_py.py:202: SetuptoolsDeprecationWarning:     Installing 'pytils.test.templatetags' as data is deprecated, please list it in `packages`.
[  217s]     !!
[  217s] 
[  217s] 
[  217s]     ############################
[  217s]     # Package would be ignored #
[  217s]     ############################
[  217s]     Python recognizes 'pytils.test.templatetags' as an importable package,
[  217s]     but it is not listed in the `packages` configuration of setuptools.
[  217s] 
[  217s]     'pytils.test.templatetags' has been automatically added to the distribution only
[  217s]     because it may contain data files, but this behavior is likely to change
[  217s]     in future versions of setuptools (and therefore is considered deprecated).
[  217s] 
[  217s]     Please make sure that 'pytils.test.templatetags' is included as a package by using
[  217s]     the `packages` configuration field or the proper discovery methods
[  217s]     (for example by using `find_namespace_packages(...)`/`find_namespace:`
[  217s]     instead of `find_packages(...)`/`find:`).
[  217s] 
[  217s]     You can read more about "package discovery" and "data files" on setuptools
[  217s]     documentation page.
[  217s] 
[  217s] 
[  217s] !!
[  217s] 
[  217s]   check.warn(importable)
[  217s] creating build/lib/pytils/test
[  217s] copying pytils/test/__init__.py -> build/lib/pytils/test
[  217s] copying pytils/test/test_dt.py -> build/lib/pytils/test
[  217s] copying pytils/test/test_numeral.py -> build/lib/pytils/test
[  217s] copying pytils/test/test_translit.py -> build/lib/pytils/test
[  217s] copying pytils/test/test_typo.py -> build/lib/pytils/test
[  217s] copying pytils/test/test_utils.py -> build/lib/pytils/test
[  217s] creating build/lib/pytils/test/templatetags
[  217s] copying pytils/test/templatetags/__init__.py -> build/lib/pytils/test/templatetags
[  217s] copying pytils/test/templatetags/helpers.py -> build/lib/pytils/test/templatetags
[  217s] copying pytils/test/templatetags/test_common.py -> build/lib/pytils/test/templatetags
[  217s] copying pytils/test/templatetags/test_dt.py -> build/lib/pytils/test/templatetags
[  217s] copying pytils/test/templatetags/test_numeral.py -> build/lib/pytils/test/templatetags
[  217s] copying pytils/test/templatetags/test_translit.py -> build/lib/pytils/test/templatetags
[  218s] ++ '[' -f _current_flavor ']'
[  218s] ++ cat _current_flavor
[  218s] + last_flavor=python39
[  218s] + '[' -z python39 ']'
[  218s] + '[' python39 '!=' python311 ']'
[  218s] + '[' -d build ']'
[  218s] + mv build _build.python39
[  218s] + '[' -d _build.python311 ']'
[  218s] + echo python311
[  218s] + python_flavor=python311
[  218s] + /usr/bin/python3.11 setup.py build '--executable=/usr/bin/python3.11 -s'
[  223s] running build
[  223s] running build_py
[  224s] creating build
[  224s] creating build/lib
[  224s] creating build/lib/pytils
[  224s] copying pytils/__init__.py -> build/lib/pytils
[  224s] copying pytils/dt.py -> build/lib/pytils
[  224s] copying pytils/numeral.py -> build/lib/pytils
[  224s] copying pytils/translit.py -> build/lib/pytils
[  224s] copying pytils/typo.py -> build/lib/pytils
[  224s] copying pytils/utils.py -> build/lib/pytils
[  224s] creating build/lib/pytils/templatetags
[  224s] copying pytils/templatetags/__init__.py -> build/lib/pytils/templatetags
[  224s] copying pytils/templatetags/pytils_dt.py -> build/lib/pytils/templatetags
[  224s] copying pytils/templatetags/pytils_numeral.py -> build/lib/pytils/templatetags
[  224s] copying pytils/templatetags/pytils_translit.py -> build/lib/pytils/templatetags
[  224s] running egg_info
[  224s] writing pytils.egg-info/PKG-INFO
[  224s] writing dependency_links to pytils.egg-info/dependency_links.txt
[  224s] writing top-level names to pytils.egg-info/top_level.txt
[  224s] reading manifest file 'pytils.egg-info/SOURCES.txt'
[  224s] reading manifest template 'MANIFEST.in'
[  224s] warning: no files found matching 'README'
[  224s] adding license file 'LICENSE'
[  224s] adding license file 'AUTHORS'
[  224s] writing manifest file 'pytils.egg-info/SOURCES.txt'
[  224s] /usr/lib/python3.11/site-packages/setuptools/command/build_py.py:202: SetuptoolsDeprecationWarning:     Installing 'pytils.test' as data is deprecated, please list it in `packages`.
[  224s]     !!
[  224s] 
[  224s] 
[  224s]     ############################
[  224s]     # Package would be ignored #
[  224s]     ############################
[  224s]     Python recognizes 'pytils.test' as an importable package,
[  224s]     but it is not listed in the `packages` configuration of setuptools.
[  224s] 
[  224s]     'pytils.test' has been automatically added to the distribution only
[  224s]     because it may contain data files, but this behavior is likely to change
[  224s]     in future versions of setuptools (and therefore is considered deprecated).
[  224s] 
[  224s]     Please make sure that 'pytils.test' is included as a package by using
[  224s]     the `packages` configuration field or the proper discovery methods
[  224s]     (for example by using `find_namespace_packages(...)`/`find_namespace:`
[  224s]     instead of `find_packages(...)`/`find:`).
[  224s] 
[  224s]     You can read more about "package discovery" and "data files" on setuptools
[  224s]     documentation page.
[  224s] 
[  224s] 
[  224s] !!
[  224s] 
[  224s]   check.warn(importable)
[  224s] /usr/lib/python3.11/site-packages/setuptools/command/build_py.py:202: SetuptoolsDeprecationWarning:     Installing 'pytils.test.templatetags' as data is deprecated, please list it in `packages`.
[  224s]     !!
[  224s] 
[  224s] 
[  224s]     ############################
[  224s]     # Package would be ignored #
[  224s]     ############################
[  224s]     Python recognizes 'pytils.test.templatetags' as an importable package,
[  224s]     but it is not listed in the `packages` configuration of setuptools.
[  224s] 
[  224s]     'pytils.test.templatetags' has been automatically added to the distribution only
[  224s]     because it may contain data files, but this behavior is likely to change
[  224s]     in future versions of setuptools (and therefore is considered deprecated).
[  224s] 
[  224s]     Please make sure that 'pytils.test.templatetags' is included as a package by using
[  224s]     the `packages` configuration field or the proper discovery methods
[  224s]     (for example by using `find_namespace_packages(...)`/`find_namespace:`
[  224s]     instead of `find_packages(...)`/`find:`).
[  224s] 
[  224s]     You can read more about "package discovery" and "data files" on setuptools
[  224s]     documentation page.
[  224s] 
[  224s] 
[  224s] !!
[  224s] 
[  224s]   check.warn(importable)
[  224s] creating build/lib/pytils/test
[  224s] copying pytils/test/__init__.py -> build/lib/pytils/test
[  224s] copying pytils/test/test_dt.py -> build/lib/pytils/test
[  224s] copying pytils/test/test_numeral.py -> build/lib/pytils/test
[  224s] copying pytils/test/test_translit.py -> build/lib/pytils/test
[  224s] copying pytils/test/test_typo.py -> build/lib/pytils/test
[  224s] copying pytils/test/test_utils.py -> build/lib/pytils/test
[  224s] creating build/lib/pytils/test/templatetags
[  224s] copying pytils/test/templatetags/__init__.py -> build/lib/pytils/test/templatetags
[  224s] copying pytils/test/templatetags/helpers.py -> build/lib/pytils/test/templatetags
[  224s] copying pytils/test/templatetags/test_common.py -> build/lib/pytils/test/templatetags
[  224s] copying pytils/test/templatetags/test_dt.py -> build/lib/pytils/test/templatetags
[  224s] copying pytils/test/templatetags/test_numeral.py -> build/lib/pytils/test/templatetags
[  224s] copying pytils/test/templatetags/test_translit.py -> build/lib/pytils/test/templatetags
[  225s] ++ '[' -f _current_flavor ']'
[  225s] ++ cat _current_flavor
[  225s] + last_flavor=python311
[  225s] + '[' -z python311 ']'
[  225s] + '[' python311 '!=' python310 ']'
[  225s] + '[' -d build ']'
[  225s] + mv build _build.python311
[  225s] + '[' -d _build.python310 ']'
[  225s] + echo python310
[  225s] + python_flavor=python310
[  225s] + /usr/bin/python3.10 setup.py build '--executable=/usr/bin/python3.10 -s'
[  232s] running build
[  232s] running build_py
[  232s] creating build
[  232s] creating build/lib
[  232s] creating build/lib/pytils
[  232s] copying pytils/__init__.py -> build/lib/pytils
[  232s] copying pytils/dt.py -> build/lib/pytils
[  232s] copying pytils/numeral.py -> build/lib/pytils
[  232s] copying pytils/translit.py -> build/lib/pytils
[  232s] copying pytils/typo.py -> build/lib/pytils
[  232s] copying pytils/utils.py -> build/lib/pytils
[  232s] creating build/lib/pytils/templatetags
[  232s] copying pytils/templatetags/__init__.py -> build/lib/pytils/templatetags
[  232s] copying pytils/templatetags/pytils_dt.py -> build/lib/pytils/templatetags
[  232s] copying pytils/templatetags/pytils_numeral.py -> build/lib/pytils/templatetags
[  232s] copying pytils/templatetags/pytils_translit.py -> build/lib/pytils/templatetags
[  232s] running egg_info
[  232s] writing pytils.egg-info/PKG-INFO
[  232s] writing dependency_links to pytils.egg-info/dependency_links.txt
[  232s] writing top-level names to pytils.egg-info/top_level.txt
[  232s] reading manifest file 'pytils.egg-info/SOURCES.txt'
[  232s] reading manifest template 'MANIFEST.in'
[  232s] warning: no files found matching 'README'
[  232s] adding license file 'LICENSE'
[  232s] adding license file 'AUTHORS'
[  232s] writing manifest file 'pytils.egg-info/SOURCES.txt'
[  232s] /usr/lib/python3.10/site-packages/setuptools/command/build_py.py:202: SetuptoolsDeprecationWarning:     Installing 'pytils.test' as data is deprecated, please list it in `packages`.
[  232s]     !!
[  232s] 
[  232s] 
[  232s]     ############################
[  232s]     # Package would be ignored #
[  232s]     ############################
[  232s]     Python recognizes 'pytils.test' as an importable package,
[  232s]     but it is not listed in the `packages` configuration of setuptools.
[  232s] 
[  232s]     'pytils.test' has been automatically added to the distribution only
[  232s]     because it may contain data files, but this behavior is likely to change
[  232s]     in future versions of setuptools (and therefore is considered deprecated).
[  232s] 
[  232s]     Please make sure that 'pytils.test' is included as a package by using
[  232s]     the `packages` configuration field or the proper discovery methods
[  232s]     (for example by using `find_namespace_packages(...)`/`find_namespace:`
[  232s]     instead of `find_packages(...)`/`find:`).
[  232s] 
[  232s]     You can read more about "package discovery" and "data files" on setuptools
[  232s]     documentation page.
[  232s] 
[  232s] 
[  232s] !!
[  232s] 
[  232s]   check.warn(importable)
[  232s] /usr/lib/python3.10/site-packages/setuptools/command/build_py.py:202: SetuptoolsDeprecationWarning:     Installing 'pytils.test.templatetags' as data is deprecated, please list it in `packages`.
[  232s]     !!
[  232s] 
[  232s] 
[  232s]     ############################
[  232s]     # Package would be ignored #
[  232s]     ############################
[  232s]     Python recognizes 'pytils.test.templatetags' as an importable package,
[  232s]     but it is not listed in the `packages` configuration of setuptools.
[  232s] 
[  232s]     'pytils.test.templatetags' has been automatically added to the distribution only
[  232s]     because it may contain data files, but this behavior is likely to change
[  232s]     in future versions of setuptools (and therefore is considered deprecated).
[  232s] 
[  232s]     Please make sure that 'pytils.test.templatetags' is included as a package by using
[  232s]     the `packages` configuration field or the proper discovery methods
[  232s]     (for example by using `find_namespace_packages(...)`/`find_namespace:`
[  232s]     instead of `find_packages(...)`/`find:`).
[  232s] 
[  232s]     You can read more about "package discovery" and "data files" on setuptools
[  232s]     documentation page.
[  232s] 
[  232s] 
[  232s] !!
[  232s] 
[  232s]   check.warn(importable)
[  232s] creating build/lib/pytils/test
[  232s] copying pytils/test/__init__.py -> build/lib/pytils/test
[  232s] copying pytils/test/test_dt.py -> build/lib/pytils/test
[  232s] copying pytils/test/test_numeral.py -> build/lib/pytils/test
[  232s] copying pytils/test/test_translit.py -> build/lib/pytils/test
[  232s] copying pytils/test/test_typo.py -> build/lib/pytils/test
[  232s] copying pytils/test/test_utils.py -> build/lib/pytils/test
[  232s] creating build/lib/pytils/test/templatetags
[  232s] copying pytils/test/templatetags/__init__.py -> build/lib/pytils/test/templatetags
[  232s] copying pytils/test/templatetags/helpers.py -> build/lib/pytils/test/templatetags
[  232s] copying pytils/test/templatetags/test_common.py -> build/lib/pytils/test/templatetags
[  232s] copying pytils/test/templatetags/test_dt.py -> build/lib/pytils/test/templatetags
[  232s] copying pytils/test/templatetags/test_numeral.py -> build/lib/pytils/test/templatetags
[  232s] copying pytils/test/templatetags/test_translit.py -> build/lib/pytils/test/templatetags
[  233s] + RPM_EC=0
[  233s] ++ jobs -p
[  233s] + exit 0
[  233s] Executing(%install): /usr/bin/bash -e /var/tmp/rpm-tmp.vxdLeX
[  233s] + umask 022
[  233s] + cd /home/abuild/rpmbuild/BUILD
[  233s] + /usr/bin/rm -rf /home/abuild/rpmbuild/BUILDROOT/python-pytils-0.4.1-1.2.riscv64
[  234s] + /usr/bin/mkdir -p /home/abuild/rpmbuild/BUILDROOT
[  234s] + /usr/bin/mkdir /home/abuild/rpmbuild/BUILDROOT/python-pytils-0.4.1-1.2.riscv64
[  234s] + cd pytils-0.4.1
[  234s] ++ '[' -f _current_flavor ']'
[  234s] ++ cat _current_flavor
[  234s] + last_flavor=python310
[  234s] + '[' -z python310 ']'
[  234s] + '[' python310 '!=' python38 ']'
[  234s] + '[' -d build ']'
[  234s] + mv build _build.python310
[  234s] + '[' -d _build.python38 ']'
[  234s] + mv _build.python38 build
[  234s] + echo python38
[  234s] + python_flavor=python38
[  234s] + /usr/bin/python3.8 setup.py install -O1 --skip-build --force --root /home/abuild/rpmbuild/BUILDROOT/python-pytils-0.4.1-1.2.riscv64 --prefix /usr
[  241s] running install
[  241s] running install_lib
[  241s] creating /home/abuild/rpmbuild/BUILDROOT/python-pytils-0.4.1-1.2.riscv64/usr
[  241s] creating /home/abuild/rpmbuild/BUILDROOT/python-pytils-0.4.1-1.2.riscv64/usr/lib
[  241s] creating /home/abuild/rpmbuild/BUILDROOT/python-pytils-0.4.1-1.2.riscv64/usr/lib/python3.8
[  241s] creating /home/abuild/rpmbuild/BUILDROOT/python-pytils-0.4.1-1.2.riscv64/usr/lib/python3.8/site-packages
[  241s] creating /home/abuild/rpmbuild/BUILDROOT/python-pytils-0.4.1-1.2.riscv64/usr/lib/python3.8/site-packages/pytils
[  241s] copying build/lib/pytils/__init__.py -> /home/abuild/rpmbuild/BUILDROOT/python-pytils-0.4.1-1.2.riscv64/usr/lib/python3.8/site-packages/pytils
[  241s] copying build/lib/pytils/dt.py -> /home/abuild/rpmbuild/BUILDROOT/python-pytils-0.4.1-1.2.riscv64/usr/lib/python3.8/site-packages/pytils
[  241s] copying build/lib/pytils/numeral.py -> /home/abuild/rpmbuild/BUILDROOT/python-pytils-0.4.1-1.2.riscv64/usr/lib/python3.8/site-packages/pytils
[  241s] copying build/lib/pytils/translit.py -> /home/abuild/rpmbuild/BUILDROOT/python-pytils-0.4.1-1.2.riscv64/usr/lib/python3.8/site-packages/pytils
[  241s] copying build/lib/pytils/typo.py -> /home/abuild/rpmbuild/BUILDROOT/python-pytils-0.4.1-1.2.riscv64/usr/lib/python3.8/site-packages/pytils
[  241s] copying build/lib/pytils/utils.py -> /home/abuild/rpmbuild/BUILDROOT/python-pytils-0.4.1-1.2.riscv64/usr/lib/python3.8/site-packages/pytils
[  241s] creating /home/abuild/rpmbuild/BUILDROOT/python-pytils-0.4.1-1.2.riscv64/usr/lib/python3.8/site-packages/pytils/templatetags
[  241s] copying build/lib/pytils/templatetags/__init__.py -> /home/abuild/rpmbuild/BUILDROOT/python-pytils-0.4.1-1.2.riscv64/usr/lib/python3.8/site-packages/pytils/templatetags
[  241s] copying build/lib/pytils/templatetags/pytils_dt.py -> /home/abuild/rpmbuild/BUILDROOT/python-pytils-0.4.1-1.2.riscv64/usr/lib/python3.8/site-packages/pytils/templatetags
[  241s] copying build/lib/pytils/templatetags/pytils_numeral.py -> /home/abuild/rpmbuild/BUILDROOT/python-pytils-0.4.1-1.2.riscv64/usr/lib/python3.8/site-packages/pytils/templatetags
[  241s] copying build/lib/pytils/templatetags/pytils_translit.py -> /home/abuild/rpmbuild/BUILDROOT/python-pytils-0.4.1-1.2.riscv64/usr/lib/python3.8/site-packages/pytils/templatetags
[  241s] creating /home/abuild/rpmbuild/BUILDROOT/python-pytils-0.4.1-1.2.riscv64/usr/lib/python3.8/site-packages/pytils/test
[  242s] copying build/lib/pytils/test/__init__.py -> /home/abuild/rpmbuild/BUILDROOT/python-pytils-0.4.1-1.2.riscv64/usr/lib/python3.8/site-packages/pytils/test
[  242s] copying build/lib/pytils/test/test_dt.py -> /home/abuild/rpmbuild/BUILDROOT/python-pytils-0.4.1-1.2.riscv64/usr/lib/python3.8/site-packages/pytils/test
[  242s] copying build/lib/pytils/test/test_numeral.py -> /home/abuild/rpmbuild/BUILDROOT/python-pytils-0.4.1-1.2.riscv64/usr/lib/python3.8/site-packages/pytils/test
[  242s] copying build/lib/pytils/test/test_translit.py -> /home/abuild/rpmbuild/BUILDROOT/python-pytils-0.4.1-1.2.riscv64/usr/lib/python3.8/site-packages/pytils/test
[  242s] copying build/lib/pytils/test/test_typo.py -> /home/abuild/rpmbuild/BUILDROOT/python-pytils-0.4.1-1.2.riscv64/usr/lib/python3.8/site-packages/pytils/test
[  242s] copying build/lib/pytils/test/test_utils.py -> /home/abuild/rpmbuild/BUILDROOT/python-pytils-0.4.1-1.2.riscv64/usr/lib/python3.8/site-packages/pytils/test
[  242s] creating /home/abuild/rpmbuild/BUILDROOT/python-pytils-0.4.1-1.2.riscv64/usr/lib/python3.8/site-packages/pytils/test/templatetags
[  242s] copying build/lib/pytils/test/templatetags/__init__.py -> /home/abuild/rpmbuild/BUILDROOT/python-pytils-0.4.1-1.2.riscv64/usr/lib/python3.8/site-packages/pytils/test/templatetags
[  242s] copying build/lib/pytils/test/templatetags/helpers.py -> /home/abuild/rpmbuild/BUILDROOT/python-pytils-0.4.1-1.2.riscv64/usr/lib/python3.8/site-packages/pytils/test/templatetags
[  242s] copying build/lib/pytils/test/templatetags/test_common.py -> /home/abuild/rpmbuild/BUILDROOT/python-pytils-0.4.1-1.2.riscv64/usr/lib/python3.8/site-packages/pytils/test/templatetags
[  242s] copying build/lib/pytils/test/templatetags/test_dt.py -> /home/abuild/rpmbuild/BUILDROOT/python-pytils-0.4.1-1.2.riscv64/usr/lib/python3.8/site-packages/pytils/test/templatetags
[  242s] copying build/lib/pytils/test/templatetags/test_numeral.py -> /home/abuild/rpmbuild/BUILDROOT/python-pytils-0.4.1-1.2.riscv64/usr/lib/python3.8/site-packages/pytils/test/templatetags
[  242s] copying build/lib/pytils/test/templatetags/test_translit.py -> /home/abuild/rpmbuild/BUILDROOT/python-pytils-0.4.1-1.2.riscv64/usr/lib/python3.8/site-packages/pytils/test/templatetags
[  242s] byte-compiling /home/abuild/rpmbuild/BUILDROOT/python-pytils-0.4.1-1.2.riscv64/usr/lib/python3.8/site-packages/pytils/__init__.py to __init__.cpython-38.pyc
[  242s] byte-compiling /home/abuild/rpmbuild/BUILDROOT/python-pytils-0.4.1-1.2.riscv64/usr/lib/python3.8/site-packages/pytils/dt.py to dt.cpython-38.pyc
[  242s] byte-compiling /home/abuild/rpmbuild/BUILDROOT/python-pytils-0.4.1-1.2.riscv64/usr/lib/python3.8/site-packages/pytils/numeral.py to numeral.cpython-38.pyc
[  242s] byte-compiling /home/abuild/rpmbuild/BUILDROOT/python-pytils-0.4.1-1.2.riscv64/usr/lib/python3.8/site-packages/pytils/translit.py to translit.cpython-38.pyc
[  242s] byte-compiling /home/abuild/rpmbuild/BUILDROOT/python-pytils-0.4.1-1.2.riscv64/usr/lib/python3.8/site-packages/pytils/typo.py to typo.cpython-38.pyc
[  242s] byte-compiling /home/abuild/rpmbuild/BUILDROOT/python-pytils-0.4.1-1.2.riscv64/usr/lib/python3.8/site-packages/pytils/utils.py to utils.cpython-38.pyc
[  242s] byte-compiling /home/abuild/rpmbuild/BUILDROOT/python-pytils-0.4.1-1.2.riscv64/usr/lib/python3.8/site-packages/pytils/templatetags/__init__.py to __init__.cpython-38.pyc
[  242s] byte-compiling /home/abuild/rpmbuild/BUILDROOT/python-pytils-0.4.1-1.2.riscv64/usr/lib/python3.8/site-packages/pytils/templatetags/pytils_dt.py to pytils_dt.cpython-38.pyc
[  242s] byte-compiling /home/abuild/rpmbuild/BUILDROOT/python-pytils-0.4.1-1.2.riscv64/usr/lib/python3.8/site-packages/pytils/templatetags/pytils_numeral.py to pytils_numeral.cpython-38.pyc
[  242s] byte-compiling /home/abuild/rpmbuild/BUILDROOT/python-pytils-0.4.1-1.2.riscv64/usr/lib/python3.8/site-packages/pytils/templatetags/pytils_translit.py to pytils_translit.cpython-38.pyc
[  242s] byte-compiling /home/abuild/rpmbuild/BUILDROOT/python-pytils-0.4.1-1.2.riscv64/usr/lib/python3.8/site-packages/pytils/test/__init__.py to __init__.cpython-38.pyc
[  242s] byte-compiling /home/abuild/rpmbuild/BUILDROOT/python-pytils-0.4.1-1.2.riscv64/usr/lib/python3.8/site-packages/pytils/test/test_dt.py to test_dt.cpython-38.pyc
[  242s] byte-compiling /home/abuild/rpmbuild/BUILDROOT/python-pytils-0.4.1-1.2.riscv64/usr/lib/python3.8/site-packages/pytils/test/test_numeral.py to test_numeral.cpython-38.pyc
[  242s] byte-compiling /home/abuild/rpmbuild/BUILDROOT/python-pytils-0.4.1-1.2.riscv64/usr/lib/python3.8/site-packages/pytils/test/test_translit.py to test_translit.cpython-38.pyc
[  242s] byte-compiling /home/abuild/rpmbuild/BUILDROOT/python-pytils-0.4.1-1.2.riscv64/usr/lib/python3.8/site-packages/pytils/test/test_typo.py to test_typo.cpython-38.pyc
[  242s] byte-compiling /home/abuild/rpmbuild/BUILDROOT/python-pytils-0.4.1-1.2.riscv64/usr/lib/python3.8/site-packages/pytils/test/test_utils.py to test_utils.cpython-38.pyc
[  242s] byte-compiling /home/abuild/rpmbuild/BUILDROOT/python-pytils-0.4.1-1.2.riscv64/usr/lib/python3.8/site-packages/pytils/test/templatetags/__init__.py to __init__.cpython-38.pyc
[  242s] byte-compiling /home/abuild/rpmbuild/BUILDROOT/python-pytils-0.4.1-1.2.riscv64/usr/lib/python3.8/site-packages/pytils/test/templatetags/helpers.py to helpers.cpython-38.pyc
[  242s] byte-compiling /home/abuild/rpmbuild/BUILDROOT/python-pytils-0.4.1-1.2.riscv64/usr/lib/python3.8/site-packages/pytils/test/templatetags/test_common.py to test_common.cpython-38.pyc
[  242s] byte-compiling /home/abuild/rpmbuild/BUILDROOT/python-pytils-0.4.1-1.2.riscv64/usr/lib/python3.8/site-packages/pytils/test/templatetags/test_dt.py to test_dt.cpython-38.pyc
[  242s] byte-compiling /home/abuild/rpmbuild/BUILDROOT/python-pytils-0.4.1-1.2.riscv64/usr/lib/python3.8/site-packages/pytils/test/templatetags/test_numeral.py to test_numeral.cpython-38.pyc
[  242s] byte-compiling /home/abuild/rpmbuild/BUILDROOT/python-pytils-0.4.1-1.2.riscv64/usr/lib/python3.8/site-packages/pytils/test/templatetags/test_translit.py to test_translit.cpython-38.pyc
[  242s] writing byte-compilation script '/tmp/tmp6zf1djjb.py'
[  242s] /usr/bin/python3.8 /tmp/tmp6zf1djjb.py
[  250s] removing /tmp/tmp6zf1djjb.py
[  250s] running install_egg_info
[  251s] running egg_info
[  251s] writing pytils.egg-info/PKG-INFO
[  251s] writing dependency_links to pytils.egg-info/dependency_links.txt
[  251s] writing top-level names to pytils.egg-info/top_level.txt
[  251s] reading manifest file 'pytils.egg-info/SOURCES.txt'
[  251s] reading manifest template 'MANIFEST.in'
[  251s] /usr/lib/python3.8/site-packages/setuptools/command/install.py:34: SetuptoolsDeprecationWarning: setup.py install is deprecated. Use build and pip and other standards-based tools.
[  251s]   warnings.warn(
[  251s] warning: no files found matching 'README'
[  251s] adding license file 'LICENSE'
[  251s] adding license file 'AUTHORS'
[  251s] writing manifest file 'pytils.egg-info/SOURCES.txt'
[  251s] Copying pytils.egg-info to /home/abuild/rpmbuild/BUILDROOT/python-pytils-0.4.1-1.2.riscv64/usr/lib/python3.8/site-packages/pytils-0.4.1-py3.8.egg-info
[  251s] running install_scripts
[  252s] ++ '[' -f _current_flavor ']'
[  252s] ++ cat _current_flavor
[  252s] + last_flavor=python38
[  252s] + '[' -z python38 ']'
[  252s] + '[' python38 '!=' python39 ']'
[  252s] + '[' -d build ']'
[  252s] + mv build _build.python38
[  252s] + '[' -d _build.python39 ']'
[  252s] + mv _build.python39 build
[  252s] + echo python39
[  252s] + python_flavor=python39
[  252s] + /usr/bin/python3.9 setup.py install -O1 --skip-build --force --root /home/abuild/rpmbuild/BUILDROOT/python-pytils-0.4.1-1.2.riscv64 --prefix /usr
[  259s] running install
[  259s] /usr/lib/python3.9/site-packages/setuptools/command/install.py:34: SetuptoolsDeprecationWarning: setup.py install is deprecated. Use build and pip and other standards-based tools.
[  259s]   warnings.warn(
[  260s] running install_lib
[  260s] creating /home/abuild/rpmbuild/BUILDROOT/python-pytils-0.4.1-1.2.riscv64/usr/lib/python3.9
[  260s] creating /home/abuild/rpmbuild/BUILDROOT/python-pytils-0.4.1-1.2.riscv64/usr/lib/python3.9/site-packages
[  260s] creating /home/abuild/rpmbuild/BUILDROOT/python-pytils-0.4.1-1.2.riscv64/usr/lib/python3.9/site-packages/pytils
[  260s] copying build/lib/pytils/__init__.py -> /home/abuild/rpmbuild/BUILDROOT/python-pytils-0.4.1-1.2.riscv64/usr/lib/python3.9/site-packages/pytils
[  260s] copying build/lib/pytils/dt.py -> /home/abuild/rpmbuild/BUILDROOT/python-pytils-0.4.1-1.2.riscv64/usr/lib/python3.9/site-packages/pytils
[  260s] copying build/lib/pytils/numeral.py -> /home/abuild/rpmbuild/BUILDROOT/python-pytils-0.4.1-1.2.riscv64/usr/lib/python3.9/site-packages/pytils
[  260s] copying build/lib/pytils/translit.py -> /home/abuild/rpmbuild/BUILDROOT/python-pytils-0.4.1-1.2.riscv64/usr/lib/python3.9/site-packages/pytils
[  260s] copying build/lib/pytils/typo.py -> /home/abuild/rpmbuild/BUILDROOT/python-pytils-0.4.1-1.2.riscv64/usr/lib/python3.9/site-packages/pytils
[  260s] copying build/lib/pytils/utils.py -> /home/abuild/rpmbuild/BUILDROOT/python-pytils-0.4.1-1.2.riscv64/usr/lib/python3.9/site-packages/pytils
[  260s] creating /home/abuild/rpmbuild/BUILDROOT/python-pytils-0.4.1-1.2.riscv64/usr/lib/python3.9/site-packages/pytils/templatetags
[  260s] copying build/lib/pytils/templatetags/__init__.py -> /home/abuild/rpmbuild/BUILDROOT/python-pytils-0.4.1-1.2.riscv64/usr/lib/python3.9/site-packages/pytils/templatetags
[  260s] copying build/lib/pytils/templatetags/pytils_dt.py -> /home/abuild/rpmbuild/BUILDROOT/python-pytils-0.4.1-1.2.riscv64/usr/lib/python3.9/site-packages/pytils/templatetags
[  260s] copying build/lib/pytils/templatetags/pytils_numeral.py -> /home/abuild/rpmbuild/BUILDROOT/python-pytils-0.4.1-1.2.riscv64/usr/lib/python3.9/site-packages/pytils/templatetags
[  260s] copying build/lib/pytils/templatetags/pytils_translit.py -> /home/abuild/rpmbuild/BUILDROOT/python-pytils-0.4.1-1.2.riscv64/usr/lib/python3.9/site-packages/pytils/templatetags
[  260s] creating /home/abuild/rpmbuild/BUILDROOT/python-pytils-0.4.1-1.2.riscv64/usr/lib/python3.9/site-packages/pytils/test
[  260s] copying build/lib/pytils/test/__init__.py -> /home/abuild/rpmbuild/BUILDROOT/python-pytils-0.4.1-1.2.riscv64/usr/lib/python3.9/site-packages/pytils/test
[  260s] copying build/lib/pytils/test/test_dt.py -> /home/abuild/rpmbuild/BUILDROOT/python-pytils-0.4.1-1.2.riscv64/usr/lib/python3.9/site-packages/pytils/test
[  260s] copying build/lib/pytils/test/test_numeral.py -> /home/abuild/rpmbuild/BUILDROOT/python-pytils-0.4.1-1.2.riscv64/usr/lib/python3.9/site-packages/pytils/test
[  260s] copying build/lib/pytils/test/test_translit.py -> /home/abuild/rpmbuild/BUILDROOT/python-pytils-0.4.1-1.2.riscv64/usr/lib/python3.9/site-packages/pytils/test
[  260s] copying build/lib/pytils/test/test_typo.py -> /home/abuild/rpmbuild/BUILDROOT/python-pytils-0.4.1-1.2.riscv64/usr/lib/python3.9/site-packages/pytils/test
[  260s] copying build/lib/pytils/test/test_utils.py -> /home/abuild/rpmbuild/BUILDROOT/python-pytils-0.4.1-1.2.riscv64/usr/lib/python3.9/site-packages/pytils/test
[  260s] creating /home/abuild/rpmbuild/BUILDROOT/python-pytils-0.4.1-1.2.riscv64/usr/lib/python3.9/site-packages/pytils/test/templatetags
[  260s] copying build/lib/pytils/test/templatetags/__init__.py -> /home/abuild/rpmbuild/BUILDROOT/python-pytils-0.4.1-1.2.riscv64/usr/lib/python3.9/site-packages/pytils/test/templatetags
[  260s] copying build/lib/pytils/test/templatetags/helpers.py -> /home/abuild/rpmbuild/BUILDROOT/python-pytils-0.4.1-1.2.riscv64/usr/lib/python3.9/site-packages/pytils/test/templatetags
[  260s] copying build/lib/pytils/test/templatetags/test_common.py -> /home/abuild/rpmbuild/BUILDROOT/python-pytils-0.4.1-1.2.riscv64/usr/lib/python3.9/site-packages/pytils/test/templatetags
[  260s] copying build/lib/pytils/test/templatetags/test_dt.py -> /home/abuild/rpmbuild/BUILDROOT/python-pytils-0.4.1-1.2.riscv64/usr/lib/python3.9/site-packages/pytils/test/templatetags
[  260s] copying build/lib/pytils/test/templatetags/test_numeral.py -> /home/abuild/rpmbuild/BUILDROOT/python-pytils-0.4.1-1.2.riscv64/usr/lib/python3.9/site-packages/pytils/test/templatetags
[  260s] copying build/lib/pytils/test/templatetags/test_translit.py -> /home/abuild/rpmbuild/BUILDROOT/python-pytils-0.4.1-1.2.riscv64/usr/lib/python3.9/site-packages/pytils/test/templatetags
[  260s] byte-compiling /home/abuild/rpmbuild/BUILDROOT/python-pytils-0.4.1-1.2.riscv64/usr/lib/python3.9/site-packages/pytils/__init__.py to __init__.cpython-39.pyc
[  260s] byte-compiling /home/abuild/rpmbuild/BUILDROOT/python-pytils-0.4.1-1.2.riscv64/usr/lib/python3.9/site-packages/pytils/dt.py to dt.cpython-39.pyc
[  260s] byte-compiling /home/abuild/rpmbuild/BUILDROOT/python-pytils-0.4.1-1.2.riscv64/usr/lib/python3.9/site-packages/pytils/numeral.py to numeral.cpython-39.pyc
[  260s] byte-compiling /home/abuild/rpmbuild/BUILDROOT/python-pytils-0.4.1-1.2.riscv64/usr/lib/python3.9/site-packages/pytils/translit.py to translit.cpython-39.pyc
[  260s] byte-compiling /home/abuild/rpmbuild/BUILDROOT/python-pytils-0.4.1-1.2.riscv64/usr/lib/python3.9/site-packages/pytils/typo.py to typo.cpython-39.pyc
[  260s] byte-compiling /home/abuild/rpmbuild/BUILDROOT/python-pytils-0.4.1-1.2.riscv64/usr/lib/python3.9/site-packages/pytils/utils.py to utils.cpython-39.pyc
[  260s] byte-compiling /home/abuild/rpmbuild/BUILDROOT/python-pytils-0.4.1-1.2.riscv64/usr/lib/python3.9/site-packages/pytils/templatetags/__init__.py to __init__.cpython-39.pyc
[  260s] byte-compiling /home/abuild/rpmbuild/BUILDROOT/python-pytils-0.4.1-1.2.riscv64/usr/lib/python3.9/site-packages/pytils/templatetags/pytils_dt.py to pytils_dt.cpython-39.pyc
[  260s] byte-compiling /home/abuild/rpmbuild/BUILDROOT/python-pytils-0.4.1-1.2.riscv64/usr/lib/python3.9/site-packages/pytils/templatetags/pytils_numeral.py to pytils_numeral.cpython-39.pyc
[  260s] byte-compiling /home/abuild/rpmbuild/BUILDROOT/python-pytils-0.4.1-1.2.riscv64/usr/lib/python3.9/site-packages/pytils/templatetags/pytils_translit.py to pytils_translit.cpython-39.pyc
[  260s] byte-compiling /home/abuild/rpmbuild/BUILDROOT/python-pytils-0.4.1-1.2.riscv64/usr/lib/python3.9/site-packages/pytils/test/__init__.py to __init__.cpython-39.pyc
[  260s] byte-compiling /home/abuild/rpmbuild/BUILDROOT/python-pytils-0.4.1-1.2.riscv64/usr/lib/python3.9/site-packages/pytils/test/test_dt.py to test_dt.cpython-39.pyc
[  260s] byte-compiling /home/abuild/rpmbuild/BUILDROOT/python-pytils-0.4.1-1.2.riscv64/usr/lib/python3.9/site-packages/pytils/test/test_numeral.py to test_numeral.cpython-39.pyc
[  260s] byte-compiling /home/abuild/rpmbuild/BUILDROOT/python-pytils-0.4.1-1.2.riscv64/usr/lib/python3.9/site-packages/pytils/test/test_translit.py to test_translit.cpython-39.pyc
[  261s] byte-compiling /home/abuild/rpmbuild/BUILDROOT/python-pytils-0.4.1-1.2.riscv64/usr/lib/python3.9/site-packages/pytils/test/test_typo.py to test_typo.cpython-39.pyc
[  261s] byte-compiling /home/abuild/rpmbuild/BUILDROOT/python-pytils-0.4.1-1.2.riscv64/usr/lib/python3.9/site-packages/pytils/test/test_utils.py to test_utils.cpython-39.pyc
[  261s] byte-compiling /home/abuild/rpmbuild/BUILDROOT/python-pytils-0.4.1-1.2.riscv64/usr/lib/python3.9/site-packages/pytils/test/templatetags/__init__.py to __init__.cpython-39.pyc
[  261s] byte-compiling /home/abuild/rpmbuild/BUILDROOT/python-pytils-0.4.1-1.2.riscv64/usr/lib/python3.9/site-packages/pytils/test/templatetags/helpers.py to helpers.cpython-39.pyc
[  261s] byte-compiling /home/abuild/rpmbuild/BUILDROOT/python-pytils-0.4.1-1.2.riscv64/usr/lib/python3.9/site-packages/pytils/test/templatetags/test_common.py to test_common.cpython-39.pyc
[  261s] byte-compiling /home/abuild/rpmbuild/BUILDROOT/python-pytils-0.4.1-1.2.riscv64/usr/lib/python3.9/site-packages/pytils/test/templatetags/test_dt.py to test_dt.cpython-39.pyc
[  261s] byte-compiling /home/abuild/rpmbuild/BUILDROOT/python-pytils-0.4.1-1.2.riscv64/usr/lib/python3.9/site-packages/pytils/test/templatetags/test_numeral.py to test_numeral.cpython-39.pyc
[  261s] byte-compiling /home/abuild/rpmbuild/BUILDROOT/python-pytils-0.4.1-1.2.riscv64/usr/lib/python3.9/site-packages/pytils/test/templatetags/test_translit.py to test_translit.cpython-39.pyc
[  261s] writing byte-compilation script '/tmp/tmpx1urut3d.py'
[  261s] /usr/bin/python3.9 /tmp/tmpx1urut3d.py
[  268s] removing /tmp/tmpx1urut3d.py
[  268s] running install_egg_info
[  268s] running egg_info
[  268s] writing pytils.egg-info/PKG-INFO
[  268s] writing dependency_links to pytils.egg-info/dependency_links.txt
[  268s] writing top-level names to pytils.egg-info/top_level.txt
[  269s] reading manifest file 'pytils.egg-info/SOURCES.txt'
[  269s] reading manifest template 'MANIFEST.in'
[  269s] warning: no files found matching 'README'
[  269s] adding license file 'LICENSE'
[  269s] adding license file 'AUTHORS'
[  269s] writing manifest file 'pytils.egg-info/SOURCES.txt'
[  269s] Copying pytils.egg-info to /home/abuild/rpmbuild/BUILDROOT/python-pytils-0.4.1-1.2.riscv64/usr/lib/python3.9/site-packages/pytils-0.4.1-py3.9.egg-info
[  269s] running install_scripts
[  270s] ++ '[' -f _current_flavor ']'
[  270s] ++ cat _current_flavor
[  270s] + last_flavor=python39
[  270s] + '[' -z python39 ']'
[  270s] + '[' python39 '!=' python311 ']'
[  270s] + '[' -d build ']'
[  270s] + mv build _build.python39
[  270s] + '[' -d _build.python311 ']'
[  270s] + mv _build.python311 build
[  270s] + echo python311
[  270s] + python_flavor=python311
[  270s] + /usr/bin/python3.11 setup.py install -O1 --skip-build --force --root /home/abuild/rpmbuild/BUILDROOT/python-pytils-0.4.1-1.2.riscv64 --prefix /usr
[  277s] running install
[  277s] /usr/lib/python3.11/site-packages/setuptools/command/install.py:34: SetuptoolsDeprecationWarning: setup.py install is deprecated. Use build and pip and other standards-based tools.
[  277s]   warnings.warn(
[  278s] running install_lib
[  278s] creating /home/abuild/rpmbuild/BUILDROOT/python-pytils-0.4.1-1.2.riscv64/usr/lib/python3.11
[  278s] creating /home/abuild/rpmbuild/BUILDROOT/python-pytils-0.4.1-1.2.riscv64/usr/lib/python3.11/site-packages
[  278s] creating /home/abuild/rpmbuild/BUILDROOT/python-pytils-0.4.1-1.2.riscv64/usr/lib/python3.11/site-packages/pytils
[  278s] copying build/lib/pytils/__init__.py -> /home/abuild/rpmbuild/BUILDROOT/python-pytils-0.4.1-1.2.riscv64/usr/lib/python3.11/site-packages/pytils
[  278s] copying build/lib/pytils/dt.py -> /home/abuild/rpmbuild/BUILDROOT/python-pytils-0.4.1-1.2.riscv64/usr/lib/python3.11/site-packages/pytils
[  278s] copying build/lib/pytils/numeral.py -> /home/abuild/rpmbuild/BUILDROOT/python-pytils-0.4.1-1.2.riscv64/usr/lib/python3.11/site-packages/pytils
[  278s] copying build/lib/pytils/translit.py -> /home/abuild/rpmbuild/BUILDROOT/python-pytils-0.4.1-1.2.riscv64/usr/lib/python3.11/site-packages/pytils
[  278s] copying build/lib/pytils/typo.py -> /home/abuild/rpmbuild/BUILDROOT/python-pytils-0.4.1-1.2.riscv64/usr/lib/python3.11/site-packages/pytils
[  278s] copying build/lib/pytils/utils.py -> /home/abuild/rpmbuild/BUILDROOT/python-pytils-0.4.1-1.2.riscv64/usr/lib/python3.11/site-packages/pytils
[  278s] creating /home/abuild/rpmbuild/BUILDROOT/python-pytils-0.4.1-1.2.riscv64/usr/lib/python3.11/site-packages/pytils/templatetags
[  278s] copying build/lib/pytils/templatetags/__init__.py -> /home/abuild/rpmbuild/BUILDROOT/python-pytils-0.4.1-1.2.riscv64/usr/lib/python3.11/site-packages/pytils/templatetags
[  278s] copying build/lib/pytils/templatetags/pytils_dt.py -> /home/abuild/rpmbuild/BUILDROOT/python-pytils-0.4.1-1.2.riscv64/usr/lib/python3.11/site-packages/pytils/templatetags
[  278s] copying build/lib/pytils/templatetags/pytils_numeral.py -> /home/abuild/rpmbuild/BUILDROOT/python-pytils-0.4.1-1.2.riscv64/usr/lib/python3.11/site-packages/pytils/templatetags
[  278s] copying build/lib/pytils/templatetags/pytils_translit.py -> /home/abuild/rpmbuild/BUILDROOT/python-pytils-0.4.1-1.2.riscv64/usr/lib/python3.11/site-packages/pytils/templatetags
[  278s] creating /home/abuild/rpmbuild/BUILDROOT/python-pytils-0.4.1-1.2.riscv64/usr/lib/python3.11/site-packages/pytils/test
[  278s] copying build/lib/pytils/test/__init__.py -> /home/abuild/rpmbuild/BUILDROOT/python-pytils-0.4.1-1.2.riscv64/usr/lib/python3.11/site-packages/pytils/test
[  278s] copying build/lib/pytils/test/test_dt.py -> /home/abuild/rpmbuild/BUILDROOT/python-pytils-0.4.1-1.2.riscv64/usr/lib/python3.11/site-packages/pytils/test
[  278s] copying build/lib/pytils/test/test_numeral.py -> /home/abuild/rpmbuild/BUILDROOT/python-pytils-0.4.1-1.2.riscv64/usr/lib/python3.11/site-packages/pytils/test
[  278s] copying build/lib/pytils/test/test_translit.py -> /home/abuild/rpmbuild/BUILDROOT/python-pytils-0.4.1-1.2.riscv64/usr/lib/python3.11/site-packages/pytils/test
[  278s] copying build/lib/pytils/test/test_typo.py -> /home/abuild/rpmbuild/BUILDROOT/python-pytils-0.4.1-1.2.riscv64/usr/lib/python3.11/site-packages/pytils/test
[  278s] copying build/lib/pytils/test/test_utils.py -> /home/abuild/rpmbuild/BUILDROOT/python-pytils-0.4.1-1.2.riscv64/usr/lib/python3.11/site-packages/pytils/test
[  278s] creating /home/abuild/rpmbuild/BUILDROOT/python-pytils-0.4.1-1.2.riscv64/usr/lib/python3.11/site-packages/pytils/test/templatetags
[  278s] copying build/lib/pytils/test/templatetags/__init__.py -> /home/abuild/rpmbuild/BUILDROOT/python-pytils-0.4.1-1.2.riscv64/usr/lib/python3.11/site-packages/pytils/test/templatetags
[  278s] copying build/lib/pytils/test/templatetags/helpers.py -> /home/abuild/rpmbuild/BUILDROOT/python-pytils-0.4.1-1.2.riscv64/usr/lib/python3.11/site-packages/pytils/test/templatetags
[  278s] copying build/lib/pytils/test/templatetags/test_common.py -> /home/abuild/rpmbuild/BUILDROOT/python-pytils-0.4.1-1.2.riscv64/usr/lib/python3.11/site-packages/pytils/test/templatetags
[  278s] copying build/lib/pytils/test/templatetags/test_dt.py -> /home/abuild/rpmbuild/BUILDROOT/python-pytils-0.4.1-1.2.riscv64/usr/lib/python3.11/site-packages/pytils/test/templatetags
[  278s] copying build/lib/pytils/test/templatetags/test_numeral.py -> /home/abuild/rpmbuild/BUILDROOT/python-pytils-0.4.1-1.2.riscv64/usr/lib/python3.11/site-packages/pytils/test/templatetags
[  278s] copying build/lib/pytils/test/templatetags/test_translit.py -> /home/abuild/rpmbuild/BUILDROOT/python-pytils-0.4.1-1.2.riscv64/usr/lib/python3.11/site-packages/pytils/test/templatetags
[  278s] byte-compiling /home/abuild/rpmbuild/BUILDROOT/python-pytils-0.4.1-1.2.riscv64/usr/lib/python3.11/site-packages/pytils/__init__.py to __init__.cpython-311.pyc
[  278s] byte-compiling /home/abuild/rpmbuild/BUILDROOT/python-pytils-0.4.1-1.2.riscv64/usr/lib/python3.11/site-packages/pytils/dt.py to dt.cpython-311.pyc
[  278s] byte-compiling /home/abuild/rpmbuild/BUILDROOT/python-pytils-0.4.1-1.2.riscv64/usr/lib/python3.11/site-packages/pytils/numeral.py to numeral.cpython-311.pyc
[  278s] byte-compiling /home/abuild/rpmbuild/BUILDROOT/python-pytils-0.4.1-1.2.riscv64/usr/lib/python3.11/site-packages/pytils/translit.py to translit.cpython-311.pyc
[  278s] byte-compiling /home/abuild/rpmbuild/BUILDROOT/python-pytils-0.4.1-1.2.riscv64/usr/lib/python3.11/site-packages/pytils/typo.py to typo.cpython-311.pyc
[  278s] byte-compiling /home/abuild/rpmbuild/BUILDROOT/python-pytils-0.4.1-1.2.riscv64/usr/lib/python3.11/site-packages/pytils/utils.py to utils.cpython-311.pyc
[  278s] byte-compiling /home/abuild/rpmbuild/BUILDROOT/python-pytils-0.4.1-1.2.riscv64/usr/lib/python3.11/site-packages/pytils/templatetags/__init__.py to __init__.cpython-311.pyc
[  278s] byte-compiling /home/abuild/rpmbuild/BUILDROOT/python-pytils-0.4.1-1.2.riscv64/usr/lib/python3.11/site-packages/pytils/templatetags/pytils_dt.py to pytils_dt.cpython-311.pyc
[  278s] byte-compiling /home/abuild/rpmbuild/BUILDROOT/python-pytils-0.4.1-1.2.riscv64/usr/lib/python3.11/site-packages/pytils/templatetags/pytils_numeral.py to pytils_numeral.cpython-311.pyc
[  278s] byte-compiling /home/abuild/rpmbuild/BUILDROOT/python-pytils-0.4.1-1.2.riscv64/usr/lib/python3.11/site-packages/pytils/templatetags/pytils_translit.py to pytils_translit.cpython-311.pyc
[  278s] byte-compiling /home/abuild/rpmbuild/BUILDROOT/python-pytils-0.4.1-1.2.riscv64/usr/lib/python3.11/site-packages/pytils/test/__init__.py to __init__.cpython-311.pyc
[  278s] byte-compiling /home/abuild/rpmbuild/BUILDROOT/python-pytils-0.4.1-1.2.riscv64/usr/lib/python3.11/site-packages/pytils/test/test_dt.py to test_dt.cpython-311.pyc
[  278s] byte-compiling /home/abuild/rpmbuild/BUILDROOT/python-pytils-0.4.1-1.2.riscv64/usr/lib/python3.11/site-packages/pytils/test/test_numeral.py to test_numeral.cpython-311.pyc
[  278s] byte-compiling /home/abuild/rpmbuild/BUILDROOT/python-pytils-0.4.1-1.2.riscv64/usr/lib/python3.11/site-packages/pytils/test/test_translit.py to test_translit.cpython-311.pyc
[  278s] byte-compiling /home/abuild/rpmbuild/BUILDROOT/python-pytils-0.4.1-1.2.riscv64/usr/lib/python3.11/site-packages/pytils/test/test_typo.py to test_typo.cpython-311.pyc
[  278s] byte-compiling /home/abuild/rpmbuild/BUILDROOT/python-pytils-0.4.1-1.2.riscv64/usr/lib/python3.11/site-packages/pytils/test/test_utils.py to test_utils.cpython-311.pyc
[  279s] byte-compiling /home/abuild/rpmbuild/BUILDROOT/python-pytils-0.4.1-1.2.riscv64/usr/lib/python3.11/site-packages/pytils/test/templatetags/__init__.py to __init__.cpython-311.pyc
[  279s] byte-compiling /home/abuild/rpmbuild/BUILDROOT/python-pytils-0.4.1-1.2.riscv64/usr/lib/python3.11/site-packages/pytils/test/templatetags/helpers.py to helpers.cpython-311.pyc
[  279s] byte-compiling /home/abuild/rpmbuild/BUILDROOT/python-pytils-0.4.1-1.2.riscv64/usr/lib/python3.11/site-packages/pytils/test/templatetags/test_common.py to test_common.cpython-311.pyc
[  279s] byte-compiling /home/abuild/rpmbuild/BUILDROOT/python-pytils-0.4.1-1.2.riscv64/usr/lib/python3.11/site-packages/pytils/test/templatetags/test_dt.py to test_dt.cpython-311.pyc
[  279s] byte-compiling /home/abuild/rpmbuild/BUILDROOT/python-pytils-0.4.1-1.2.riscv64/usr/lib/python3.11/site-packages/pytils/test/templatetags/test_numeral.py to test_numeral.cpython-311.pyc
[  279s] byte-compiling /home/abuild/rpmbuild/BUILDROOT/python-pytils-0.4.1-1.2.riscv64/usr/lib/python3.11/site-packages/pytils/test/templatetags/test_translit.py to test_translit.cpython-311.pyc
[  279s] writing byte-compilation script '/tmp/tmp3zn6n4s6.py'
[  279s] /usr/bin/python3.11 /tmp/tmp3zn6n4s6.py
[  286s] removing /tmp/tmp3zn6n4s6.py
[  286s] running install_egg_info
[  286s] running egg_info
[  286s] writing pytils.egg-info/PKG-INFO
[  286s] writing dependency_links to pytils.egg-info/dependency_links.txt
[  286s] writing top-level names to pytils.egg-info/top_level.txt
[  287s] reading manifest file 'pytils.egg-info/SOURCES.txt'
[  287s] reading manifest template 'MANIFEST.in'
[  287s] warning: no files found matching 'README'
[  287s] adding license file 'LICENSE'
[  287s] adding license file 'AUTHORS'
[  287s] writing manifest file 'pytils.egg-info/SOURCES.txt'
[  287s] Copying pytils.egg-info to /home/abuild/rpmbuild/BUILDROOT/python-pytils-0.4.1-1.2.riscv64/usr/lib/python3.11/site-packages/pytils-0.4.1-py3.11.egg-info
[  287s] running install_scripts
[  288s] ++ '[' -f _current_flavor ']'
[  288s] ++ cat _current_flavor
[  288s] + last_flavor=python311
[  288s] + '[' -z python311 ']'
[  288s] + '[' python311 '!=' python310 ']'
[  288s] + '[' -d build ']'
[  288s] + mv build _build.python311
[  288s] + '[' -d _build.python310 ']'
[  288s] + mv _build.python310 build
[  288s] + echo python310
[  288s] + python_flavor=python310
[  288s] + /usr/bin/python3.10 setup.py install -O1 --skip-build --force --root /home/abuild/rpmbuild/BUILDROOT/python-pytils-0.4.1-1.2.riscv64 --prefix /usr
[  296s] running install
[  296s] /usr/lib/python3.10/site-packages/setuptools/command/install.py:34: SetuptoolsDeprecationWarning: setup.py install is deprecated. Use build and pip and other standards-based tools.
[  296s]   warnings.warn(
[  296s] running install_lib
[  296s] creating /home/abuild/rpmbuild/BUILDROOT/python-pytils-0.4.1-1.2.riscv64/usr/lib/python3.10
[  296s] creating /home/abuild/rpmbuild/BUILDROOT/python-pytils-0.4.1-1.2.riscv64/usr/lib/python3.10/site-packages
[  296s] creating /home/abuild/rpmbuild/BUILDROOT/python-pytils-0.4.1-1.2.riscv64/usr/lib/python3.10/site-packages/pytils
[  296s] copying build/lib/pytils/__init__.py -> /home/abuild/rpmbuild/BUILDROOT/python-pytils-0.4.1-1.2.riscv64/usr/lib/python3.10/site-packages/pytils
[  296s] copying build/lib/pytils/dt.py -> /home/abuild/rpmbuild/BUILDROOT/python-pytils-0.4.1-1.2.riscv64/usr/lib/python3.10/site-packages/pytils
[  296s] copying build/lib/pytils/numeral.py -> /home/abuild/rpmbuild/BUILDROOT/python-pytils-0.4.1-1.2.riscv64/usr/lib/python3.10/site-packages/pytils
[  296s] copying build/lib/pytils/translit.py -> /home/abuild/rpmbuild/BUILDROOT/python-pytils-0.4.1-1.2.riscv64/usr/lib/python3.10/site-packages/pytils
[  296s] copying build/lib/pytils/typo.py -> /home/abuild/rpmbuild/BUILDROOT/python-pytils-0.4.1-1.2.riscv64/usr/lib/python3.10/site-packages/pytils
[  296s] copying build/lib/pytils/utils.py -> /home/abuild/rpmbuild/BUILDROOT/python-pytils-0.4.1-1.2.riscv64/usr/lib/python3.10/site-packages/pytils
[  296s] creating /home/abuild/rpmbuild/BUILDROOT/python-pytils-0.4.1-1.2.riscv64/usr/lib/python3.10/site-packages/pytils/templatetags
[  296s] copying build/lib/pytils/templatetags/__init__.py -> /home/abuild/rpmbuild/BUILDROOT/python-pytils-0.4.1-1.2.riscv64/usr/lib/python3.10/site-packages/pytils/templatetags
[  296s] copying build/lib/pytils/templatetags/pytils_dt.py -> /home/abuild/rpmbuild/BUILDROOT/python-pytils-0.4.1-1.2.riscv64/usr/lib/python3.10/site-packages/pytils/templatetags
[  296s] copying build/lib/pytils/templatetags/pytils_numeral.py -> /home/abuild/rpmbuild/BUILDROOT/python-pytils-0.4.1-1.2.riscv64/usr/lib/python3.10/site-packages/pytils/templatetags
[  296s] copying build/lib/pytils/templatetags/pytils_translit.py -> /home/abuild/rpmbuild/BUILDROOT/python-pytils-0.4.1-1.2.riscv64/usr/lib/python3.10/site-packages/pytils/templatetags
[  296s] creating /home/abuild/rpmbuild/BUILDROOT/python-pytils-0.4.1-1.2.riscv64/usr/lib/python3.10/site-packages/pytils/test
[  296s] copying build/lib/pytils/test/__init__.py -> /home/abuild/rpmbuild/BUILDROOT/python-pytils-0.4.1-1.2.riscv64/usr/lib/python3.10/site-packages/pytils/test
[  296s] copying build/lib/pytils/test/test_dt.py -> /home/abuild/rpmbuild/BUILDROOT/python-pytils-0.4.1-1.2.riscv64/usr/lib/python3.10/site-packages/pytils/test
[  296s] copying build/lib/pytils/test/test_numeral.py -> /home/abuild/rpmbuild/BUILDROOT/python-pytils-0.4.1-1.2.riscv64/usr/lib/python3.10/site-packages/pytils/test
[  296s] copying build/lib/pytils/test/test_translit.py -> /home/abuild/rpmbuild/BUILDROOT/python-pytils-0.4.1-1.2.riscv64/usr/lib/python3.10/site-packages/pytils/test
[  296s] copying build/lib/pytils/test/test_typo.py -> /home/abuild/rpmbuild/BUILDROOT/python-pytils-0.4.1-1.2.riscv64/usr/lib/python3.10/site-packages/pytils/test
[  296s] copying build/lib/pytils/test/test_utils.py -> /home/abuild/rpmbuild/BUILDROOT/python-pytils-0.4.1-1.2.riscv64/usr/lib/python3.10/site-packages/pytils/test
[  296s] creating /home/abuild/rpmbuild/BUILDROOT/python-pytils-0.4.1-1.2.riscv64/usr/lib/python3.10/site-packages/pytils/test/templatetags
[  296s] copying build/lib/pytils/test/templatetags/__init__.py -> /home/abuild/rpmbuild/BUILDROOT/python-pytils-0.4.1-1.2.riscv64/usr/lib/python3.10/site-packages/pytils/test/templatetags
[  296s] copying build/lib/pytils/test/templatetags/helpers.py -> /home/abuild/rpmbuild/BUILDROOT/python-pytils-0.4.1-1.2.riscv64/usr/lib/python3.10/site-packages/pytils/test/templatetags
[  296s] copying build/lib/pytils/test/templatetags/test_common.py -> /home/abuild/rpmbuild/BUILDROOT/python-pytils-0.4.1-1.2.riscv64/usr/lib/python3.10/site-packages/pytils/test/templatetags
[  296s] copying build/lib/pytils/test/templatetags/test_dt.py -> /home/abuild/rpmbuild/BUILDROOT/python-pytils-0.4.1-1.2.riscv64/usr/lib/python3.10/site-packages/pytils/test/templatetags
[  296s] copying build/lib/pytils/test/templatetags/test_numeral.py -> /home/abuild/rpmbuild/BUILDROOT/python-pytils-0.4.1-1.2.riscv64/usr/lib/python3.10/site-packages/pytils/test/templatetags
[  296s] copying build/lib/pytils/test/templatetags/test_translit.py -> /home/abuild/rpmbuild/BUILDROOT/python-pytils-0.4.1-1.2.riscv64/usr/lib/python3.10/site-packages/pytils/test/templatetags
[  296s] byte-compiling /home/abuild/rpmbuild/BUILDROOT/python-pytils-0.4.1-1.2.riscv64/usr/lib/python3.10/site-packages/pytils/__init__.py to __init__.cpython-310.pyc
[  296s] byte-compiling /home/abuild/rpmbuild/BUILDROOT/python-pytils-0.4.1-1.2.riscv64/usr/lib/python3.10/site-packages/pytils/dt.py to dt.cpython-310.pyc
[  296s] byte-compiling /home/abuild/rpmbuild/BUILDROOT/python-pytils-0.4.1-1.2.riscv64/usr/lib/python3.10/site-packages/pytils/numeral.py to numeral.cpython-310.pyc
[  297s] byte-compiling /home/abuild/rpmbuild/BUILDROOT/python-pytils-0.4.1-1.2.riscv64/usr/lib/python3.10/site-packages/pytils/translit.py to translit.cpython-310.pyc
[  297s] byte-compiling /home/abuild/rpmbuild/BUILDROOT/python-pytils-0.4.1-1.2.riscv64/usr/lib/python3.10/site-packages/pytils/typo.py to typo.cpython-310.pyc
[  297s] byte-compiling /home/abuild/rpmbuild/BUILDROOT/python-pytils-0.4.1-1.2.riscv64/usr/lib/python3.10/site-packages/pytils/utils.py to utils.cpython-310.pyc
[  297s] byte-compiling /home/abuild/rpmbuild/BUILDROOT/python-pytils-0.4.1-1.2.riscv64/usr/lib/python3.10/site-packages/pytils/templatetags/__init__.py to __init__.cpython-310.pyc
[  297s] byte-compiling /home/abuild/rpmbuild/BUILDROOT/python-pytils-0.4.1-1.2.riscv64/usr/lib/python3.10/site-packages/pytils/templatetags/pytils_dt.py to pytils_dt.cpython-310.pyc
[  297s] byte-compiling /home/abuild/rpmbuild/BUILDROOT/python-pytils-0.4.1-1.2.riscv64/usr/lib/python3.10/site-packages/pytils/templatetags/pytils_numeral.py to pytils_numeral.cpython-310.pyc
[  297s] byte-compiling /home/abuild/rpmbuild/BUILDROOT/python-pytils-0.4.1-1.2.riscv64/usr/lib/python3.10/site-packages/pytils/templatetags/pytils_translit.py to pytils_translit.cpython-310.pyc
[  297s] byte-compiling /home/abuild/rpmbuild/BUILDROOT/python-pytils-0.4.1-1.2.riscv64/usr/lib/python3.10/site-packages/pytils/test/__init__.py to __init__.cpython-310.pyc
[  297s] byte-compiling /home/abuild/rpmbuild/BUILDROOT/python-pytils-0.4.1-1.2.riscv64/usr/lib/python3.10/site-packages/pytils/test/test_dt.py to test_dt.cpython-310.pyc
[  297s] byte-compiling /home/abuild/rpmbuild/BUILDROOT/python-pytils-0.4.1-1.2.riscv64/usr/lib/python3.10/site-packages/pytils/test/test_numeral.py to test_numeral.cpython-310.pyc
[  297s] byte-compiling /home/abuild/rpmbuild/BUILDROOT/python-pytils-0.4.1-1.2.riscv64/usr/lib/python3.10/site-packages/pytils/test/test_translit.py to test_translit.cpython-310.pyc
[  297s] byte-compiling /home/abuild/rpmbuild/BUILDROOT/python-pytils-0.4.1-1.2.riscv64/usr/lib/python3.10/site-packages/pytils/test/test_typo.py to test_typo.cpython-310.pyc
[  297s] byte-compiling /home/abuild/rpmbuild/BUILDROOT/python-pytils-0.4.1-1.2.riscv64/usr/lib/python3.10/site-packages/pytils/test/test_utils.py to test_utils.cpython-310.pyc
[  297s] byte-compiling /home/abuild/rpmbuild/BUILDROOT/python-pytils-0.4.1-1.2.riscv64/usr/lib/python3.10/site-packages/pytils/test/templatetags/__init__.py to __init__.cpython-310.pyc
[  297s] byte-compiling /home/abuild/rpmbuild/BUILDROOT/python-pytils-0.4.1-1.2.riscv64/usr/lib/python3.10/site-packages/pytils/test/templatetags/helpers.py to helpers.cpython-310.pyc
[  297s] byte-compiling /home/abuild/rpmbuild/BUILDROOT/python-pytils-0.4.1-1.2.riscv64/usr/lib/python3.10/site-packages/pytils/test/templatetags/test_common.py to test_common.cpython-310.pyc
[  297s] byte-compiling /home/abuild/rpmbuild/BUILDROOT/python-pytils-0.4.1-1.2.riscv64/usr/lib/python3.10/site-packages/pytils/test/templatetags/test_dt.py to test_dt.cpython-310.pyc
[  297s] byte-compiling /home/abuild/rpmbuild/BUILDROOT/python-pytils-0.4.1-1.2.riscv64/usr/lib/python3.10/site-packages/pytils/test/templatetags/test_numeral.py to test_numeral.cpython-310.pyc
[  297s] byte-compiling /home/abuild/rpmbuild/BUILDROOT/python-pytils-0.4.1-1.2.riscv64/usr/lib/python3.10/site-packages/pytils/test/templatetags/test_translit.py to test_translit.cpython-310.pyc
[  297s] writing byte-compilation script '/tmp/tmpcqn4l2vn.py'
[  297s] /usr/bin/python3.10 /tmp/tmpcqn4l2vn.py
[  306s] removing /tmp/tmpcqn4l2vn.py
[  306s] running install_egg_info
[  306s] running egg_info
[  306s] writing pytils.egg-info/PKG-INFO
[  306s] writing dependency_links to pytils.egg-info/dependency_links.txt
[  306s] writing top-level names to pytils.egg-info/top_level.txt
[  307s] reading manifest file 'pytils.egg-info/SOURCES.txt'
[  307s] reading manifest template 'MANIFEST.in'
[  307s] warning: no files found matching 'README'
[  307s] adding license file 'LICENSE'
[  307s] adding license file 'AUTHORS'
[  307s] writing manifest file 'pytils.egg-info/SOURCES.txt'
[  307s] Copying pytils.egg-info to /home/abuild/rpmbuild/BUILDROOT/python-pytils-0.4.1-1.2.riscv64/usr/lib/python3.10/site-packages/pytils-0.4.1-py3.10.egg-info
[  307s] running install_scripts
[  309s] ++ '[' -f _current_flavor ']'
[  309s] ++ cat _current_flavor
[  309s] + last_flavor=python310
[  309s] + '[' -z python310 ']'
[  309s] + '[' python310 '!=' python38 ']'
[  309s] + '[' -d build ']'
[  309s] + mv build _build.python310
[  309s] + '[' -d _build.python38 ']'
[  309s] + mv _build.python38 build
[  309s] + echo python38
[  309s] + python_flavor=python38
[  309s] + /usr/lib/rpm/fdupes_wrapper /home/abuild/rpmbuild/BUILDROOT/python-pytils-0.4.1-1.2.riscv64/usr/lib/python3.8/site-packages
[  310s] Linking /home/abuild/rpmbuild/BUILDROOT/python-pytils-0.4.1-1.2.riscv64/usr/lib/python3.8/site-packages/pytils-0.4.1-py3.8.egg-info/zip-safe -> /home/abuild/rpmbuild/BUILDROOT/python-pytils-0.4.1-1.2.riscv64/usr/lib/python3.8/site-packages/pytils/test/__init__.py
[  310s] Linking /home/abuild/rpmbuild/BUILDROOT/python-pytils-0.4.1-1.2.riscv64/usr/lib/python3.8/site-packages/pytils-0.4.1-py3.8.egg-info/dependency_links.txt -> /home/abuild/rpmbuild/BUILDROOT/python-pytils-0.4.1-1.2.riscv64/usr/lib/python3.8/site-packages/pytils/test/__init__.py
[  310s] Linking /home/abuild/rpmbuild/BUILDROOT/python-pytils-0.4.1-1.2.riscv64/usr/lib/python3.8/site-packages/pytils/__pycache__/utils.cpython-38.opt-1.pyc -> /home/abuild/rpmbuild/BUILDROOT/python-pytils-0.4.1-1.2.riscv64/usr/lib/python3.8/site-packages/pytils/__pycache__/utils.cpython-38.pyc
[  310s] Linking /home/abuild/rpmbuild/BUILDROOT/python-pytils-0.4.1-1.2.riscv64/usr/lib/python3.8/site-packages/pytils/__pycache__/typo.cpython-38.opt-1.pyc -> /home/abuild/rpmbuild/BUILDROOT/python-pytils-0.4.1-1.2.riscv64/usr/lib/python3.8/site-packages/pytils/__pycache__/typo.cpython-38.pyc
[  310s] Linking /home/abuild/rpmbuild/BUILDROOT/python-pytils-0.4.1-1.2.riscv64/usr/lib/python3.8/site-packages/pytils/__pycache__/translit.cpython-38.opt-1.pyc -> /home/abuild/rpmbuild/BUILDROOT/python-pytils-0.4.1-1.2.riscv64/usr/lib/python3.8/site-packages/pytils/__pycache__/translit.cpython-38.pyc
[  310s] Linking /home/abuild/rpmbuild/BUILDROOT/python-pytils-0.4.1-1.2.riscv64/usr/lib/python3.8/site-packages/pytils/test/__pycache__/test_utils.cpython-38.opt-1.pyc -> /home/abuild/rpmbuild/BUILDROOT/python-pytils-0.4.1-1.2.riscv64/usr/lib/python3.8/site-packages/pytils/test/__pycache__/test_utils.cpython-38.pyc
[  310s] Linking /home/abuild/rpmbuild/BUILDROOT/python-pytils-0.4.1-1.2.riscv64/usr/lib/python3.8/site-packages/pytils/test/__pycache__/test_translit.cpython-38.opt-1.pyc -> /home/abuild/rpmbuild/BUILDROOT/python-pytils-0.4.1-1.2.riscv64/usr/lib/python3.8/site-packages/pytils/test/__pycache__/test_translit.cpython-38.pyc
[  310s] Linking /home/abuild/rpmbuild/BUILDROOT/python-pytils-0.4.1-1.2.riscv64/usr/lib/python3.8/site-packages/pytils/test/__pycache__/test_dt.cpython-38.opt-1.pyc -> /home/abuild/rpmbuild/BUILDROOT/python-pytils-0.4.1-1.2.riscv64/usr/lib/python3.8/site-packages/pytils/test/__pycache__/test_dt.cpython-38.pyc
[  310s] Linking /home/abuild/rpmbuild/BUILDROOT/python-pytils-0.4.1-1.2.riscv64/usr/lib/python3.8/site-packages/pytils/test/__pycache__/__init__.cpython-38.opt-1.pyc -> /home/abuild/rpmbuild/BUILDROOT/python-pytils-0.4.1-1.2.riscv64/usr/lib/python3.8/site-packages/pytils/test/__pycache__/__init__.cpython-38.pyc
[  310s] Linking /home/abuild/rpmbuild/BUILDROOT/python-pytils-0.4.1-1.2.riscv64/usr/lib/python3.8/site-packages/pytils/test/__pycache__/test_numeral.cpython-38.opt-1.pyc -> /home/abuild/rpmbuild/BUILDROOT/python-pytils-0.4.1-1.2.riscv64/usr/lib/python3.8/site-packages/pytils/test/__pycache__/test_numeral.cpython-38.pyc
[  310s] Linking /home/abuild/rpmbuild/BUILDROOT/python-pytils-0.4.1-1.2.riscv64/usr/lib/python3.8/site-packages/pytils/test/templatetags/__pycache__/test_translit.cpython-38.opt-1.pyc -> /home/abuild/rpmbuild/BUILDROOT/python-pytils-0.4.1-1.2.riscv64/usr/lib/python3.8/site-packages/pytils/test/templatetags/__pycache__/test_translit.cpython-38.pyc
[  310s] Linking /home/abuild/rpmbuild/BUILDROOT/python-pytils-0.4.1-1.2.riscv64/usr/lib/python3.8/site-packages/pytils/test/templatetags/__pycache__/test_dt.cpython-38.opt-1.pyc -> /home/abuild/rpmbuild/BUILDROOT/python-pytils-0.4.1-1.2.riscv64/usr/lib/python3.8/site-packages/pytils/test/templatetags/__pycache__/test_dt.cpython-38.pyc
[  310s] Linking /home/abuild/rpmbuild/BUILDROOT/python-pytils-0.4.1-1.2.riscv64/usr/lib/python3.8/site-packages/pytils/test/templatetags/__pycache__/test_numeral.cpython-38.opt-1.pyc -> /home/abuild/rpmbuild/BUILDROOT/python-pytils-0.4.1-1.2.riscv64/usr/lib/python3.8/site-packages/pytils/test/templatetags/__pycache__/test_numeral.cpython-38.pyc
[  310s] Linking /home/abuild/rpmbuild/BUILDROOT/python-pytils-0.4.1-1.2.riscv64/usr/lib/python3.8/site-packages/pytils/test/templatetags/__pycache__/helpers.cpython-38.opt-1.pyc -> /home/abuild/rpmbuild/BUILDROOT/python-pytils-0.4.1-1.2.riscv64/usr/lib/python3.8/site-packages/pytils/test/templatetags/__pycache__/helpers.cpython-38.pyc
[  310s] Linking /home/abuild/rpmbuild/BUILDROOT/python-pytils-0.4.1-1.2.riscv64/usr/lib/python3.8/site-packages/pytils/test/templatetags/__pycache__/__init__.cpython-38.opt-1.pyc -> /home/abuild/rpmbuild/BUILDROOT/python-pytils-0.4.1-1.2.riscv64/usr/lib/python3.8/site-packages/pytils/test/templatetags/__pycache__/__init__.cpython-38.pyc
[  310s] Linking /home/abuild/rpmbuild/BUILDROOT/python-pytils-0.4.1-1.2.riscv64/usr/lib/python3.8/site-packages/pytils/templatetags/__pycache__/__init__.cpython-38.opt-1.pyc -> /home/abuild/rpmbuild/BUILDROOT/python-pytils-0.4.1-1.2.riscv64/usr/lib/python3.8/site-packages/pytils/templatetags/__pycache__/__init__.cpython-38.pyc
[  310s] ++ '[' -f _current_flavor ']'
[  310s] ++ cat _current_flavor
[  310s] + last_flavor=python38
[  310s] + '[' -z python38 ']'
[  310s] + '[' python38 '!=' python39 ']'
[  310s] + '[' -d build ']'
[  310s] + mv build _build.python38
[  310s] + '[' -d _build.python39 ']'
[  310s] + mv _build.python39 build
[  310s] + echo python39
[  310s] + python_flavor=python39
[  310s] + /usr/lib/rpm/fdupes_wrapper /home/abuild/rpmbuild/BUILDROOT/python-pytils-0.4.1-1.2.riscv64/usr/lib/python3.9/site-packages
[  310s] Linking /home/abuild/rpmbuild/BUILDROOT/python-pytils-0.4.1-1.2.riscv64/usr/lib/python3.9/site-packages/pytils-0.4.1-py3.9.egg-info/zip-safe -> /home/abuild/rpmbuild/BUILDROOT/python-pytils-0.4.1-1.2.riscv64/usr/lib/python3.9/site-packages/pytils/test/__init__.py
[  310s] Linking /home/abuild/rpmbuild/BUILDROOT/python-pytils-0.4.1-1.2.riscv64/usr/lib/python3.9/site-packages/pytils-0.4.1-py3.9.egg-info/dependency_links.txt -> /home/abuild/rpmbuild/BUILDROOT/python-pytils-0.4.1-1.2.riscv64/usr/lib/python3.9/site-packages/pytils/test/__init__.py
[  310s] Linking /home/abuild/rpmbuild/BUILDROOT/python-pytils-0.4.1-1.2.riscv64/usr/lib/python3.9/site-packages/pytils/__pycache__/utils.cpython-39.opt-1.pyc -> /home/abuild/rpmbuild/BUILDROOT/python-pytils-0.4.1-1.2.riscv64/usr/lib/python3.9/site-packages/pytils/__pycache__/utils.cpython-39.pyc
[  310s] Linking /home/abuild/rpmbuild/BUILDROOT/python-pytils-0.4.1-1.2.riscv64/usr/lib/python3.9/site-packages/pytils/__pycache__/typo.cpython-39.opt-1.pyc -> /home/abuild/rpmbuild/BUILDROOT/python-pytils-0.4.1-1.2.riscv64/usr/lib/python3.9/site-packages/pytils/__pycache__/typo.cpython-39.pyc
[  310s] Linking /home/abuild/rpmbuild/BUILDROOT/python-pytils-0.4.1-1.2.riscv64/usr/lib/python3.9/site-packages/pytils/__pycache__/translit.cpython-39.opt-1.pyc -> /home/abuild/rpmbuild/BUILDROOT/python-pytils-0.4.1-1.2.riscv64/usr/lib/python3.9/site-packages/pytils/__pycache__/translit.cpython-39.pyc
[  310s] Linking /home/abuild/rpmbuild/BUILDROOT/python-pytils-0.4.1-1.2.riscv64/usr/lib/python3.9/site-packages/pytils/test/__pycache__/test_utils.cpython-39.opt-1.pyc -> /home/abuild/rpmbuild/BUILDROOT/python-pytils-0.4.1-1.2.riscv64/usr/lib/python3.9/site-packages/pytils/test/__pycache__/test_utils.cpython-39.pyc
[  310s] Linking /home/abuild/rpmbuild/BUILDROOT/python-pytils-0.4.1-1.2.riscv64/usr/lib/python3.9/site-packages/pytils/test/__pycache__/test_translit.cpython-39.opt-1.pyc -> /home/abuild/rpmbuild/BUILDROOT/python-pytils-0.4.1-1.2.riscv64/usr/lib/python3.9/site-packages/pytils/test/__pycache__/test_translit.cpython-39.pyc
[  310s] Linking /home/abuild/rpmbuild/BUILDROOT/python-pytils-0.4.1-1.2.riscv64/usr/lib/python3.9/site-packages/pytils/test/__pycache__/test_dt.cpython-39.opt-1.pyc -> /home/abuild/rpmbuild/BUILDROOT/python-pytils-0.4.1-1.2.riscv64/usr/lib/python3.9/site-packages/pytils/test/__pycache__/test_dt.cpython-39.pyc
[  310s] Linking /home/abuild/rpmbuild/BUILDROOT/python-pytils-0.4.1-1.2.riscv64/usr/lib/python3.9/site-packages/pytils/test/__pycache__/__init__.cpython-39.opt-1.pyc -> /home/abuild/rpmbuild/BUILDROOT/python-pytils-0.4.1-1.2.riscv64/usr/lib/python3.9/site-packages/pytils/test/__pycache__/__init__.cpython-39.pyc
[  310s] Linking /home/abuild/rpmbuild/BUILDROOT/python-pytils-0.4.1-1.2.riscv64/usr/lib/python3.9/site-packages/pytils/test/__pycache__/test_numeral.cpython-39.opt-1.pyc -> /home/abuild/rpmbuild/BUILDROOT/python-pytils-0.4.1-1.2.riscv64/usr/lib/python3.9/site-packages/pytils/test/__pycache__/test_numeral.cpython-39.pyc
[  310s] Linking /home/abuild/rpmbuild/BUILDROOT/python-pytils-0.4.1-1.2.riscv64/usr/lib/python3.9/site-packages/pytils/test/templatetags/__pycache__/test_translit.cpython-39.opt-1.pyc -> /home/abuild/rpmbuild/BUILDROOT/python-pytils-0.4.1-1.2.riscv64/usr/lib/python3.9/site-packages/pytils/test/templatetags/__pycache__/test_translit.cpython-39.pyc
[  310s] Linking /home/abuild/rpmbuild/BUILDROOT/python-pytils-0.4.1-1.2.riscv64/usr/lib/python3.9/site-packages/pytils/test/templatetags/__pycache__/test_dt.cpython-39.opt-1.pyc -> /home/abuild/rpmbuild/BUILDROOT/python-pytils-0.4.1-1.2.riscv64/usr/lib/python3.9/site-packages/pytils/test/templatetags/__pycache__/test_dt.cpython-39.pyc
[  310s] Linking /home/abuild/rpmbuild/BUILDROOT/python-pytils-0.4.1-1.2.riscv64/usr/lib/python3.9/site-packages/pytils/test/templatetags/__pycache__/test_numeral.cpython-39.opt-1.pyc -> /home/abuild/rpmbuild/BUILDROOT/python-pytils-0.4.1-1.2.riscv64/usr/lib/python3.9/site-packages/pytils/test/templatetags/__pycache__/test_numeral.cpython-39.pyc
[  310s] Linking /home/abuild/rpmbuild/BUILDROOT/python-pytils-0.4.1-1.2.riscv64/usr/lib/python3.9/site-packages/pytils/test/templatetags/__pycache__/helpers.cpython-39.opt-1.pyc -> /home/abuild/rpmbuild/BUILDROOT/python-pytils-0.4.1-1.2.riscv64/usr/lib/python3.9/site-packages/pytils/test/templatetags/__pycache__/helpers.cpython-39.pyc
[  310s] Linking /home/abuild/rpmbuild/BUILDROOT/python-pytils-0.4.1-1.2.riscv64/usr/lib/python3.9/site-packages/pytils/test/templatetags/__pycache__/__init__.cpython-39.opt-1.pyc -> /home/abuild/rpmbuild/BUILDROOT/python-pytils-0.4.1-1.2.riscv64/usr/lib/python3.9/site-packages/pytils/test/templatetags/__pycache__/__init__.cpython-39.pyc
[  310s] Linking /home/abuild/rpmbuild/BUILDROOT/python-pytils-0.4.1-1.2.riscv64/usr/lib/python3.9/site-packages/pytils/templatetags/__pycache__/__init__.cpython-39.opt-1.pyc -> /home/abuild/rpmbuild/BUILDROOT/python-pytils-0.4.1-1.2.riscv64/usr/lib/python3.9/site-packages/pytils/templatetags/__pycache__/__init__.cpython-39.pyc
[  310s] ++ '[' -f _current_flavor ']'
[  310s] ++ cat _current_flavor
[  310s] + last_flavor=python39
[  310s] + '[' -z python39 ']'
[  310s] + '[' python39 '!=' python311 ']'
[  310s] + '[' -d build ']'
[  310s] + mv build _build.python39
[  310s] + '[' -d _build.python311 ']'
[  310s] + mv _build.python311 build
[  310s] + echo python311
[  310s] + python_flavor=python311
[  310s] + /usr/lib/rpm/fdupes_wrapper /home/abuild/rpmbuild/BUILDROOT/python-pytils-0.4.1-1.2.riscv64/usr/lib/python3.11/site-packages
[  311s] Linking /home/abuild/rpmbuild/BUILDROOT/python-pytils-0.4.1-1.2.riscv64/usr/lib/python3.11/site-packages/pytils-0.4.1-py3.11.egg-info/zip-safe -> /home/abuild/rpmbuild/BUILDROOT/python-pytils-0.4.1-1.2.riscv64/usr/lib/python3.11/site-packages/pytils/test/__init__.py
[  311s] Linking /home/abuild/rpmbuild/BUILDROOT/python-pytils-0.4.1-1.2.riscv64/usr/lib/python3.11/site-packages/pytils-0.4.1-py3.11.egg-info/dependency_links.txt -> /home/abuild/rpmbuild/BUILDROOT/python-pytils-0.4.1-1.2.riscv64/usr/lib/python3.11/site-packages/pytils/test/__init__.py
[  311s] Linking /home/abuild/rpmbuild/BUILDROOT/python-pytils-0.4.1-1.2.riscv64/usr/lib/python3.11/site-packages/pytils/__pycache__/utils.cpython-311.opt-1.pyc -> /home/abuild/rpmbuild/BUILDROOT/python-pytils-0.4.1-1.2.riscv64/usr/lib/python3.11/site-packages/pytils/__pycache__/utils.cpython-311.pyc
[  311s] Linking /home/abuild/rpmbuild/BUILDROOT/python-pytils-0.4.1-1.2.riscv64/usr/lib/python3.11/site-packages/pytils/__pycache__/typo.cpython-311.opt-1.pyc -> /home/abuild/rpmbuild/BUILDROOT/python-pytils-0.4.1-1.2.riscv64/usr/lib/python3.11/site-packages/pytils/__pycache__/typo.cpython-311.pyc
[  311s] Linking /home/abuild/rpmbuild/BUILDROOT/python-pytils-0.4.1-1.2.riscv64/usr/lib/python3.11/site-packages/pytils/__pycache__/translit.cpython-311.opt-1.pyc -> /home/abuild/rpmbuild/BUILDROOT/python-pytils-0.4.1-1.2.riscv64/usr/lib/python3.11/site-packages/pytils/__pycache__/translit.cpython-311.pyc
[  311s] Linking /home/abuild/rpmbuild/BUILDROOT/python-pytils-0.4.1-1.2.riscv64/usr/lib/python3.11/site-packages/pytils/__pycache__/numeral.cpython-311.opt-1.pyc -> /home/abuild/rpmbuild/BUILDROOT/python-pytils-0.4.1-1.2.riscv64/usr/lib/python3.11/site-packages/pytils/__pycache__/numeral.cpython-311.pyc
[  311s] Linking /home/abuild/rpmbuild/BUILDROOT/python-pytils-0.4.1-1.2.riscv64/usr/lib/python3.11/site-packages/pytils/__pycache__/dt.cpython-311.opt-1.pyc -> /home/abuild/rpmbuild/BUILDROOT/python-pytils-0.4.1-1.2.riscv64/usr/lib/python3.11/site-packages/pytils/__pycache__/dt.cpython-311.pyc
[  311s] Linking /home/abuild/rpmbuild/BUILDROOT/python-pytils-0.4.1-1.2.riscv64/usr/lib/python3.11/site-packages/pytils/__pycache__/__init__.cpython-311.opt-1.pyc -> /home/abuild/rpmbuild/BUILDROOT/python-pytils-0.4.1-1.2.riscv64/usr/lib/python3.11/site-packages/pytils/__pycache__/__init__.cpython-311.pyc
[  311s] Linking /home/abuild/rpmbuild/BUILDROOT/python-pytils-0.4.1-1.2.riscv64/usr/lib/python3.11/site-packages/pytils/test/__pycache__/test_utils.cpython-311.opt-1.pyc -> /home/abuild/rpmbuild/BUILDROOT/python-pytils-0.4.1-1.2.riscv64/usr/lib/python3.11/site-packages/pytils/test/__pycache__/test_utils.cpython-311.pyc
[  311s] Linking /home/abuild/rpmbuild/BUILDROOT/python-pytils-0.4.1-1.2.riscv64/usr/lib/python3.11/site-packages/pytils/test/__pycache__/test_typo.cpython-311.opt-1.pyc -> /home/abuild/rpmbuild/BUILDROOT/python-pytils-0.4.1-1.2.riscv64/usr/lib/python3.11/site-packages/pytils/test/__pycache__/test_typo.cpython-311.pyc
[  311s] Linking /home/abuild/rpmbuild/BUILDROOT/python-pytils-0.4.1-1.2.riscv64/usr/lib/python3.11/site-packages/pytils/test/__pycache__/test_translit.cpython-311.opt-1.pyc -> /home/abuild/rpmbuild/BUILDROOT/python-pytils-0.4.1-1.2.riscv64/usr/lib/python3.11/site-packages/pytils/test/__pycache__/test_translit.cpython-311.pyc
[  311s] Linking /home/abuild/rpmbuild/BUILDROOT/python-pytils-0.4.1-1.2.riscv64/usr/lib/python3.11/site-packages/pytils/test/__pycache__/test_dt.cpython-311.opt-1.pyc -> /home/abuild/rpmbuild/BUILDROOT/python-pytils-0.4.1-1.2.riscv64/usr/lib/python3.11/site-packages/pytils/test/__pycache__/test_dt.cpython-311.pyc
[  311s] Linking /home/abuild/rpmbuild/BUILDROOT/python-pytils-0.4.1-1.2.riscv64/usr/lib/python3.11/site-packages/pytils/test/__pycache__/__init__.cpython-311.opt-1.pyc -> /home/abuild/rpmbuild/BUILDROOT/python-pytils-0.4.1-1.2.riscv64/usr/lib/python3.11/site-packages/pytils/test/__pycache__/__init__.cpython-311.pyc
[  311s] Linking /home/abuild/rpmbuild/BUILDROOT/python-pytils-0.4.1-1.2.riscv64/usr/lib/python3.11/site-packages/pytils/test/__pycache__/test_numeral.cpython-311.opt-1.pyc -> /home/abuild/rpmbuild/BUILDROOT/python-pytils-0.4.1-1.2.riscv64/usr/lib/python3.11/site-packages/pytils/test/__pycache__/test_numeral.cpython-311.pyc
[  311s] Linking /home/abuild/rpmbuild/BUILDROOT/python-pytils-0.4.1-1.2.riscv64/usr/lib/python3.11/site-packages/pytils/test/templatetags/__pycache__/test_translit.cpython-311.opt-1.pyc -> /home/abuild/rpmbuild/BUILDROOT/python-pytils-0.4.1-1.2.riscv64/usr/lib/python3.11/site-packages/pytils/test/templatetags/__pycache__/test_translit.cpython-311.pyc
[  311s] Linking /home/abuild/rpmbuild/BUILDROOT/python-pytils-0.4.1-1.2.riscv64/usr/lib/python3.11/site-packages/pytils/test/templatetags/__pycache__/test_dt.cpython-311.opt-1.pyc -> /home/abuild/rpmbuild/BUILDROOT/python-pytils-0.4.1-1.2.riscv64/usr/lib/python3.11/site-packages/pytils/test/templatetags/__pycache__/test_dt.cpython-311.pyc
[  311s] Linking /home/abuild/rpmbuild/BUILDROOT/python-pytils-0.4.1-1.2.riscv64/usr/lib/python3.11/site-packages/pytils/test/templatetags/__pycache__/test_common.cpython-311.opt-1.pyc -> /home/abuild/rpmbuild/BUILDROOT/python-pytils-0.4.1-1.2.riscv64/usr/lib/python3.11/site-packages/pytils/test/templatetags/__pycache__/test_common.cpython-311.pyc
[  311s] Linking /home/abuild/rpmbuild/BUILDROOT/python-pytils-0.4.1-1.2.riscv64/usr/lib/python3.11/site-packages/pytils/test/templatetags/__pycache__/helpers.cpython-311.opt-1.pyc -> /home/abuild/rpmbuild/BUILDROOT/python-pytils-0.4.1-1.2.riscv64/usr/lib/python3.11/site-packages/pytils/test/templatetags/__pycache__/helpers.cpython-311.pyc
[  311s] Linking /home/abuild/rpmbuild/BUILDROOT/python-pytils-0.4.1-1.2.riscv64/usr/lib/python3.11/site-packages/pytils/test/templatetags/__pycache__/__init__.cpython-311.opt-1.pyc -> /home/abuild/rpmbuild/BUILDROOT/python-pytils-0.4.1-1.2.riscv64/usr/lib/python3.11/site-packages/pytils/test/templatetags/__pycache__/__init__.cpython-311.pyc
[  311s] Linking /home/abuild/rpmbuild/BUILDROOT/python-pytils-0.4.1-1.2.riscv64/usr/lib/python3.11/site-packages/pytils/test/templatetags/__pycache__/test_numeral.cpython-311.opt-1.pyc -> /home/abuild/rpmbuild/BUILDROOT/python-pytils-0.4.1-1.2.riscv64/usr/lib/python3.11/site-packages/pytils/test/templatetags/__pycache__/test_numeral.cpython-311.pyc
[  311s] Linking /home/abuild/rpmbuild/BUILDROOT/python-pytils-0.4.1-1.2.riscv64/usr/lib/python3.11/site-packages/pytils/templatetags/__pycache__/pytils_translit.cpython-311.opt-1.pyc -> /home/abuild/rpmbuild/BUILDROOT/python-pytils-0.4.1-1.2.riscv64/usr/lib/python3.11/site-packages/pytils/templatetags/__pycache__/pytils_translit.cpython-311.pyc
[  311s] Linking /home/abuild/rpmbuild/BUILDROOT/python-pytils-0.4.1-1.2.riscv64/usr/lib/python3.11/site-packages/pytils/templatetags/__pycache__/pytils_dt.cpython-311.opt-1.pyc -> /home/abuild/rpmbuild/BUILDROOT/python-pytils-0.4.1-1.2.riscv64/usr/lib/python3.11/site-packages/pytils/templatetags/__pycache__/pytils_dt.cpython-311.pyc
[  311s] Linking /home/abuild/rpmbuild/BUILDROOT/python-pytils-0.4.1-1.2.riscv64/usr/lib/python3.11/site-packages/pytils/templatetags/__pycache__/__init__.cpython-311.opt-1.pyc -> /home/abuild/rpmbuild/BUILDROOT/python-pytils-0.4.1-1.2.riscv64/usr/lib/python3.11/site-packages/pytils/templatetags/__pycache__/__init__.cpython-311.pyc
[  311s] Linking /home/abuild/rpmbuild/BUILDROOT/python-pytils-0.4.1-1.2.riscv64/usr/lib/python3.11/site-packages/pytils/templatetags/__pycache__/pytils_numeral.cpython-311.opt-1.pyc -> /home/abuild/rpmbuild/BUILDROOT/python-pytils-0.4.1-1.2.riscv64/usr/lib/python3.11/site-packages/pytils/templatetags/__pycache__/pytils_numeral.cpython-311.pyc
[  311s] ++ '[' -f _current_flavor ']'
[  311s] ++ cat _current_flavor
[  311s] + last_flavor=python311
[  311s] + '[' -z python311 ']'
[  311s] + '[' python311 '!=' python310 ']'
[  311s] + '[' -d build ']'
[  311s] + mv build _build.python311
[  311s] + '[' -d _build.python310 ']'
[  311s] + mv _build.python310 build
[  311s] + echo python310
[  311s] + python_flavor=python310
[  311s] + /usr/lib/rpm/fdupes_wrapper /home/abuild/rpmbuild/BUILDROOT/python-pytils-0.4.1-1.2.riscv64/usr/lib/python3.10/site-packages
[  311s] Linking /home/abuild/rpmbuild/BUILDROOT/python-pytils-0.4.1-1.2.riscv64/usr/lib/python3.10/site-packages/pytils-0.4.1-py3.10.egg-info/zip-safe -> /home/abuild/rpmbuild/BUILDROOT/python-pytils-0.4.1-1.2.riscv64/usr/lib/python3.10/site-packages/pytils/test/__init__.py
[  311s] Linking /home/abuild/rpmbuild/BUILDROOT/python-pytils-0.4.1-1.2.riscv64/usr/lib/python3.10/site-packages/pytils-0.4.1-py3.10.egg-info/dependency_links.txt -> /home/abuild/rpmbuild/BUILDROOT/python-pytils-0.4.1-1.2.riscv64/usr/lib/python3.10/site-packages/pytils/test/__init__.py
[  311s] Linking /home/abuild/rpmbuild/BUILDROOT/python-pytils-0.4.1-1.2.riscv64/usr/lib/python3.10/site-packages/pytils/__pycache__/utils.cpython-310.opt-1.pyc -> /home/abuild/rpmbuild/BUILDROOT/python-pytils-0.4.1-1.2.riscv64/usr/lib/python3.10/site-packages/pytils/__pycache__/utils.cpython-310.pyc
[  311s] Linking /home/abuild/rpmbuild/BUILDROOT/python-pytils-0.4.1-1.2.riscv64/usr/lib/python3.10/site-packages/pytils/__pycache__/typo.cpython-310.opt-1.pyc -> /home/abuild/rpmbuild/BUILDROOT/python-pytils-0.4.1-1.2.riscv64/usr/lib/python3.10/site-packages/pytils/__pycache__/typo.cpython-310.pyc
[  311s] Linking /home/abuild/rpmbuild/BUILDROOT/python-pytils-0.4.1-1.2.riscv64/usr/lib/python3.10/site-packages/pytils/__pycache__/translit.cpython-310.opt-1.pyc -> /home/abuild/rpmbuild/BUILDROOT/python-pytils-0.4.1-1.2.riscv64/usr/lib/python3.10/site-packages/pytils/__pycache__/translit.cpython-310.pyc
[  311s] Linking /home/abuild/rpmbuild/BUILDROOT/python-pytils-0.4.1-1.2.riscv64/usr/lib/python3.10/site-packages/pytils/test/__pycache__/test_utils.cpython-310.opt-1.pyc -> /home/abuild/rpmbuild/BUILDROOT/python-pytils-0.4.1-1.2.riscv64/usr/lib/python3.10/site-packages/pytils/test/__pycache__/test_utils.cpython-310.pyc
[  311s] Linking /home/abuild/rpmbuild/BUILDROOT/python-pytils-0.4.1-1.2.riscv64/usr/lib/python3.10/site-packages/pytils/test/__pycache__/test_translit.cpython-310.opt-1.pyc -> /home/abuild/rpmbuild/BUILDROOT/python-pytils-0.4.1-1.2.riscv64/usr/lib/python3.10/site-packages/pytils/test/__pycache__/test_translit.cpython-310.pyc
[  311s] Linking /home/abuild/rpmbuild/BUILDROOT/python-pytils-0.4.1-1.2.riscv64/usr/lib/python3.10/site-packages/pytils/test/__pycache__/test_dt.cpython-310.opt-1.pyc -> /home/abuild/rpmbuild/BUILDROOT/python-pytils-0.4.1-1.2.riscv64/usr/lib/python3.10/site-packages/pytils/test/__pycache__/test_dt.cpython-310.pyc
[  311s] Linking /home/abuild/rpmbuild/BUILDROOT/python-pytils-0.4.1-1.2.riscv64/usr/lib/python3.10/site-packages/pytils/test/__pycache__/__init__.cpython-310.opt-1.pyc -> /home/abuild/rpmbuild/BUILDROOT/python-pytils-0.4.1-1.2.riscv64/usr/lib/python3.10/site-packages/pytils/test/__pycache__/__init__.cpython-310.pyc
[  311s] Linking /home/abuild/rpmbuild/BUILDROOT/python-pytils-0.4.1-1.2.riscv64/usr/lib/python3.10/site-packages/pytils/test/__pycache__/test_numeral.cpython-310.opt-1.pyc -> /home/abuild/rpmbuild/BUILDROOT/python-pytils-0.4.1-1.2.riscv64/usr/lib/python3.10/site-packages/pytils/test/__pycache__/test_numeral.cpython-310.pyc
[  311s] Linking /home/abuild/rpmbuild/BUILDROOT/python-pytils-0.4.1-1.2.riscv64/usr/lib/python3.10/site-packages/pytils/test/templatetags/__pycache__/test_translit.cpython-310.opt-1.pyc -> /home/abuild/rpmbuild/BUILDROOT/python-pytils-0.4.1-1.2.riscv64/usr/lib/python3.10/site-packages/pytils/test/templatetags/__pycache__/test_translit.cpython-310.pyc
[  311s] Linking /home/abuild/rpmbuild/BUILDROOT/python-pytils-0.4.1-1.2.riscv64/usr/lib/python3.10/site-packages/pytils/test/templatetags/__pycache__/test_dt.cpython-310.opt-1.pyc -> /home/abuild/rpmbuild/BUILDROOT/python-pytils-0.4.1-1.2.riscv64/usr/lib/python3.10/site-packages/pytils/test/templatetags/__pycache__/test_dt.cpython-310.pyc
[  311s] Linking /home/abuild/rpmbuild/BUILDROOT/python-pytils-0.4.1-1.2.riscv64/usr/lib/python3.10/site-packages/pytils/test/templatetags/__pycache__/helpers.cpython-310.opt-1.pyc -> /home/abuild/rpmbuild/BUILDROOT/python-pytils-0.4.1-1.2.riscv64/usr/lib/python3.10/site-packages/pytils/test/templatetags/__pycache__/helpers.cpython-310.pyc
[  311s] Linking /home/abuild/rpmbuild/BUILDROOT/python-pytils-0.4.1-1.2.riscv64/usr/lib/python3.10/site-packages/pytils/test/templatetags/__pycache__/__init__.cpython-310.opt-1.pyc -> /home/abuild/rpmbuild/BUILDROOT/python-pytils-0.4.1-1.2.riscv64/usr/lib/python3.10/site-packages/pytils/test/templatetags/__pycache__/__init__.cpython-310.pyc
[  311s] Linking /home/abuild/rpmbuild/BUILDROOT/python-pytils-0.4.1-1.2.riscv64/usr/lib/python3.10/site-packages/pytils/test/templatetags/__pycache__/test_numeral.cpython-310.opt-1.pyc -> /home/abuild/rpmbuild/BUILDROOT/python-pytils-0.4.1-1.2.riscv64/usr/lib/python3.10/site-packages/pytils/test/templatetags/__pycache__/test_numeral.cpython-310.pyc
[  311s] Linking /home/abuild/rpmbuild/BUILDROOT/python-pytils-0.4.1-1.2.riscv64/usr/lib/python3.10/site-packages/pytils/templatetags/__pycache__/__init__.cpython-310.opt-1.pyc -> /home/abuild/rpmbuild/BUILDROOT/python-pytils-0.4.1-1.2.riscv64/usr/lib/python3.10/site-packages/pytils/templatetags/__pycache__/__init__.cpython-310.pyc
[  311s] + /usr/lib/rpm/find-debuginfo -j8 -n --run-dwz --dwz-low-mem-die-limit 10000000 --dwz-max-die-limit 50000000 -S debugsourcefiles.list /home/abuild/rpmbuild/BUILD/pytils-0.4.1
[  313s] + /usr/lib/rpm/brp-compress
[  313s] + /usr/lib/rpm/brp-suse
[  313s] calling /usr/lib/rpm/brp-suse.d/brp-05-permissions
[  313s] calling /usr/lib/rpm/brp-suse.d/brp-15-strip-debug
[  314s] calling /usr/lib/rpm/brp-suse.d/brp-25-symlink
[  314s] calling /usr/lib/rpm/brp-suse.d/brp-50-generate-fips-hmac
[  314s] calling /usr/lib/rpm/brp-suse.d/brp-75-ar
[  315s] Executing(%check): /usr/bin/bash -e /var/tmp/rpm-tmp.nZhH7S
[  315s] + umask 022
[  315s] + cd /home/abuild/rpmbuild/BUILD
[  315s] + cd pytils-0.4.1
[  315s] + rm -r pytils/test/templatetags
[  315s] + set +x
[  316s] + export PATH=/home/abuild/rpmbuild/BUILD/pytils-0.4.1/build/flavorbin:/usr/local/bin:/usr/bin:/bin
[  316s] + PATH=/home/abuild/rpmbuild/BUILD/pytils-0.4.1/build/flavorbin:/usr/local/bin:/usr/bin:/bin
[  316s] ++ '[' -f _current_flavor ']'
[  316s] ++ cat _current_flavor
[  317s] + last_flavor=python310
[  317s] + '[' -z python310 ']'
[  317s] + '[' python310 '!=' python38 ']'
[  317s] + '[' -d build ']'
[  317s] + mv build _build.python310
[  317s] + '[' -d _build.python38 ']'
[  317s] + mv _build.python38 build
[  317s] + echo python38
[  317s] + python_flavor=python38
[  317s] + PYTHONPATH=/home/abuild/rpmbuild/BUILDROOT/python-pytils-0.4.1-1.2.riscv64/usr/lib/python3.8/site-packages
[  317s] + PYTHONDONTWRITEBYTECODE=1
[  317s] + python3.8 -m unittest discover -v
[  321s] test4Days1MinuteDaytimeBug2 (pytils.test.test_dt.DistanceOfTimeInWordsTestCase) ... ok
[  321s] testDOTIWDefaultAccuracy (pytils.test.test_dt.DistanceOfTimeInWordsTestCase)
[  321s] Unit-test for distance_of_time_in_words with default accuracy ... ok
[  321s] testDOTIWDefaultAccuracyDayAndMinute (pytils.test.test_dt.DistanceOfTimeInWordsTestCase)
[  321s] Unit-tests for distance_of_time_in_words with default accuracy and to_time ... ok
[  321s] testDOTIWDefaultToTimeAcc1 (pytils.test.test_dt.DistanceOfTimeInWordsTestCase)
[  321s] Unit-tests for distance_of_time_in_words with default to_time and accuracy=1 ... ok
[  321s] testDOTIWDefaultToTimeAcc2 (pytils.test.test_dt.DistanceOfTimeInWordsTestCase)
[  321s] Unit-tests for distance_of_time_in_words with default to_time and accuracy=2 ... ok
[  321s] testDOTIWDefaultToTimeAcc3 (pytils.test.test_dt.DistanceOfTimeInWordsTestCase)
[  321s] Unit-tests for distance_of_time_in_words with default to_time and accuracy=3 ... ok
[  321s] testDOTIWExceptions (pytils.test.test_dt.DistanceOfTimeInWordsTestCase)
[  321s] Unit-tests for testings distance_of_time_in_words' exceptions ... ok
[  321s] testDOTWDatetimeType (pytils.test.test_dt.DistanceOfTimeInWordsTestCase)
[  321s] Unit-tests for testing datetime.datetime as input values ... ok
[  321s] testIssue25DaysFixed (pytils.test.test_dt.DistanceOfTimeInWordsTestCase)
[  321s] Unit-test for testing that Issue#25 is fixed (err when accuracy==1, days<>0, hours==1) ... ok
[  321s] testIssue25HoursFixed (pytils.test.test_dt.DistanceOfTimeInWordsTestCase)
[  321s] Unit-test for testing that Issue#25 is fixed (err when accuracy==1, hours<>0, minutes==1) ... ok
[  321s] testIssue20Fixed (pytils.test.test_dt.RuStrftimeTestCase)
[  321s] Unit-test for testing that Issue#20 is fixed (typo) ... ok
[  321s] testRuStrftime (pytils.test.test_dt.RuStrftimeTestCase)
[  321s] Unit-tests for pytils.dt.ru_strftime ... ok
[  321s] testRuStrftimeWithPreposition (pytils.test.test_dt.RuStrftimeTestCase)
[  321s] Unit-tests for pytils.dt.ru_strftime with preposition option ... ok
[  321s] testRuStrftimeZeros (pytils.test.test_dt.RuStrftimeTestCase)
[  321s] Unit-test for testing that Issue#24 is correctly implemented ... ok
[  321s] test_special_case (pytils.test.test_dt.RuStrftimeTestCase) ... ok
[  321s] testChoosePlural (pytils.test.test_numeral.ChoosePluralTestCase)
[  321s] Unit-test for choose_plural ... ok
[  321s] testChoosePluralExceptions (pytils.test.test_numeral.ChoosePluralTestCase)
[  321s] Unit-test for testing choos_plural's exceptions ... ok
[  321s] testChoosePluralNegativeBug9 (pytils.test.test_numeral.ChoosePluralTestCase)
[  321s] Test handling of negative numbers ... ok
[  321s] testChoosePluralVariantsInStr (pytils.test.test_numeral.ChoosePluralTestCase)
[  321s] Tests new-style variants ... ok
[  321s] testFloatRemainder (pytils.test.test_numeral.GetFloatRemainderTestCase)
[  321s] Unit-test for _get_float_remainder ... ok
[  321s] testFloatRemainderDecimal (pytils.test.test_numeral.GetFloatRemainderTestCase)
[  321s] Unit-test for _get_float_remainder with decimal type ... ok
[  321s] testFloatRemainderExceptions (pytils.test.test_numeral.GetFloatRemainderTestCase)
[  321s] Unit-test for testing _get_float_remainder's exceptions ... ok
[  321s] testGetPlural (pytils.test.test_numeral.GetPluralTestCase)
[  321s] Test regular get_plural ... ok
[  321s] testGetPluralAbsence (pytils.test.test_numeral.GetPluralTestCase)
[  321s] Test get_plural with absence ... ok
[  321s] testGetPluralLegacy (pytils.test.test_numeral.GetPluralTestCase)
[  321s] Test _get_plural_legacy ... ok
[  321s] testCommon (pytils.test.test_numeral.InWordsTestCase)
[  321s] Unit-test for general in_words ... ok
[  321s] testCommonExceptions (pytils.test.test_numeral.InWordsTestCase)
[  321s] Unit-test for testing in_words' exceptions ... ok
[  321s] testDecimal (pytils.test.test_numeral.InWordsTestCase)
[  321s] Unit-test for in_words_float with decimal type ... ok
[  321s] testFloat (pytils.test.test_numeral.InWordsTestCase)
[  321s] Unit-test for in_words_float ... ok
[  321s] testFloatExceptions (pytils.test.test_numeral.InWordsTestCase)
[  321s] Unit-test for testing in_words_float's exceptions ... ok
[  321s] testInt (pytils.test.test_numeral.InWordsTestCase)
[  321s] Unit-test for in_words_int ... ok
[  321s] testIntExceptions (pytils.test.test_numeral.InWordsTestCase)
[  321s] Unit-test for testing in_words_int's exceptions ... ok
[  321s] testWithGender (pytils.test.test_numeral.InWordsTestCase)
[  321s] Unit-test for in_words_float with gender (old-style, i.e. ints) ... ok
[  321s] testWithGenderOldStyle (pytils.test.test_numeral.InWordsTestCase)
[  321s] Unit-test for in_words_float with gender (old-style, i.e. ints) ... ok
[  321s] testRubles (pytils.test.test_numeral.RublesTestCase)
[  321s] Unit-test for rubles ... ok
[  321s] testRublesDecimal (pytils.test.test_numeral.RublesTestCase)
[  321s] Test for rubles with decimal instead of float/integer ... ok
[  321s] testRublesExceptions (pytils.test.test_numeral.RublesTestCase)
[  321s] Unit-test for testing rubles' exceptions ... ok
[  321s] testSumString (pytils.test.test_numeral.SumStringTestCase)
[  321s] Unit-test for sum_string ... ok
[  321s] testSumStringExceptions (pytils.test.test_numeral.SumStringTestCase)
[  321s] Unit-test for testing sum_string's exceptions ... ok
[  321s] testSumStringOldStyleGender (pytils.test.test_numeral.SumStringTestCase)
[  321s] Unit-test for sum_string with old-style genders ... ok
[  321s] testAdditionalDashesAndQuotes (pytils.test.test_translit.TranslitTestCase)
[  321s] Unit-test for testing additional dashes (figure and em-dash) ... ok
[  321s] testDetransliteration (pytils.test.test_translit.TranslitTestCase)
[  321s] Unit-test for detransliterations ... ok
[  321s] testSlug (pytils.test.test_translit.TranslitTestCase)
[  321s] Unit-test for slugs ... ok
[  321s] testSlugifyIssue10 (pytils.test.test_translit.TranslitTestCase)
[  321s] Unit-test for testing that bug#10 fixed ... ok
[  321s] testSlugifyIssue15 (pytils.test.test_translit.TranslitTestCase)
[  321s] Unit-test for testing that bug#15 fixed ... ok
[  321s] testTranslifyAdditionalUnicodeSymbols (pytils.test.test_translit.TranslitTestCase)
[  321s] Unit-test for testing additional unicode symbols ... ok
[  321s] testTransliteration (pytils.test.test_translit.TranslitTestCase)
[  321s] Unit-test for transliterations ... ok
[  321s] testTransliterationExceptions (pytils.test.test_translit.TranslitTestCase)
[  321s] Unit-test for testing translify's exceptions ... ok
[  321s] testGetRuleByName (pytils.test.test_typo.HelpersTestCase)
[  321s] unit-test for pytils.typo._get_rule_by_name ... ok
[  321s] testResolveRule (pytils.test.test_typo.HelpersTestCase)
[  321s] unit-test for pytils.typo._resolve_rule ... ok
[  321s] testResolveRuleWithForcedName (pytils.test.test_typo.HelpersTestCase)
[  321s] unit-test for pytils.typo._resolve_rule with forced_name arg ... ok
[  321s] testCleanspaces (pytils.test.test_typo.RulesTestCase)
[  321s] Unit-test for cleanspaces rule ... ok
[  321s] testDashes (pytils.test.test_typo.RulesTestCase)
[  322s] Unit-test for dashes rule ... ok
[  322s] testEllipsis (pytils.test.test_typo.RulesTestCase)
[  322s] Unit-test for ellipsis rule ... ok
[  322s] testInitials (pytils.test.test_typo.RulesTestCase)
[  322s] Unit-test for initials rule ... ok
[  322s] testMarks (pytils.test.test_typo.RulesTestCase)
[  322s] Unit-test for marks rule ... ok
[  322s] testQuotes (pytils.test.test_typo.RulesTestCase)
[  322s] Unit-test for quotes rule ... /home/abuild/rpmbuild/BUILD/pytils-0.4.1/pytils/typo.py:152: DeprecationWarning: Flags not at the start of the expression '((?:^|\\s))(")((?u))'
[  322s]   (re.compile(r'((?:^|\s))(")((?u))', re.UNICODE), '\\1\xab\\3'),
[  322s] /home/abuild/rpmbuild/BUILD/pytils-0.4.1/pytils/typo.py:154: DeprecationWarning: Flags not at the start of the expression '(\\S)(")((?u))'
[  322s]   (re.compile(r'(\S)(")((?u))', re.UNICODE), '\\1\xbb\\3'),
[  322s] /home/abuild/rpmbuild/BUILD/pytils-0.4.1/pytils/typo.py:156: DeprecationWarning: Flags not at the start of the expression "((?:^|\\s))(\\')((?u))"
[  322s]   (re.compile(r'((?:^|\s))(\')((?u))', re.UNICODE), '\\1\u201c\\3'),
[  322s] /home/abuild/rpmbuild/BUILD/pytils-0.4.1/pytils/typo.py:158: DeprecationWarning: Flags not at the start of the expression "(\\S)(\\')((?u))"
[  322s]   (re.compile(r'(\S)(\')((?u))', re.UNICODE), '\\1\u201d\\3'),
[  322s] ok
[  322s] testWordglue (pytils.test.test_typo.RulesTestCase)
[  322s] Unit-test for wordglue rule ... ok
[  322s] testExpandDictCallableArgs (pytils.test.test_typo.TypographyApplierTestCase) ... ok
[  322s] testExpandDictStrArgs (pytils.test.test_typo.TypographyApplierTestCase) ... ok
[  322s] testExpandEmptyArgs (pytils.test.test_typo.TypographyApplierTestCase) ... ok
[  322s] testExpandMixedArgs (pytils.test.test_typo.TypographyApplierTestCase) ... ok
[  322s] testExpandSimpleCallableArgs (pytils.test.test_typo.TypographyApplierTestCase) ... ok
[  322s] testExpandSimpleStrArgs (pytils.test.test_typo.TypographyApplierTestCase) ... ok
[  322s] testRecommendedArgsStyle (pytils.test.test_typo.TypographyApplierTestCase) ... ok
[  322s] testPupkin (pytils.test.test_typo.TypographyTestCase)
[  322s] Unit-test on pupkin-text ... ok
[  322s] testCheckLength (pytils.test.test_utils.ChecksTestCase)
[  322s] Unit-test for pytils.utils.check_length ... ok
[  322s] testCheckPositive (pytils.test.test_utils.ChecksTestCase)
[  322s] Unit-test for pytils.utils.check_positive ... ok
[  322s] testClassicSplit (pytils.test.test_utils.SplitValuesTestCase)
[  322s] Unit-test for pytils.utils.split_values, classic split ... ok
[  322s] testEscapedSplit (pytils.test.test_utils.SplitValuesTestCase)
[  322s] Unit-test for pytils.utils.split_values, split with escaping ... ok
[  322s] 
[  322s] ----------------------------------------------------------------------
[  322s] Ran 70 tests in 0.912s
[  322s] 
[  322s] OK
[  322s] ++ '[' -f _current_flavor ']'
[  322s] ++ cat _current_flavor
[  322s] + last_flavor=python38
[  322s] + '[' -z python38 ']'
[  322s] + '[' python38 '!=' python39 ']'
[  322s] + '[' -d build ']'
[  322s] + mv build _build.python38
[  322s] + '[' -d _build.python39 ']'
[  322s] + mv _build.python39 build
[  322s] + echo python39
[  322s] + python_flavor=python39
[  322s] + PYTHONPATH=/home/abuild/rpmbuild/BUILDROOT/python-pytils-0.4.1-1.2.riscv64/usr/lib/python3.9/site-packages
[  322s] + PYTHONDONTWRITEBYTECODE=1
[  322s] + python3.9 -m unittest discover -v
[  325s] test4Days1MinuteDaytimeBug2 (pytils.test.test_dt.DistanceOfTimeInWordsTestCase) ... ok
[  325s] testDOTIWDefaultAccuracy (pytils.test.test_dt.DistanceOfTimeInWordsTestCase)
[  325s] Unit-test for distance_of_time_in_words with default accuracy ... ok
[  325s] testDOTIWDefaultAccuracyDayAndMinute (pytils.test.test_dt.DistanceOfTimeInWordsTestCase)
[  325s] Unit-tests for distance_of_time_in_words with default accuracy and to_time ... ok
[  325s] testDOTIWDefaultToTimeAcc1 (pytils.test.test_dt.DistanceOfTimeInWordsTestCase)
[  325s] Unit-tests for distance_of_time_in_words with default to_time and accuracy=1 ... ok
[  325s] testDOTIWDefaultToTimeAcc2 (pytils.test.test_dt.DistanceOfTimeInWordsTestCase)
[  325s] Unit-tests for distance_of_time_in_words with default to_time and accuracy=2 ... ok
[  325s] testDOTIWDefaultToTimeAcc3 (pytils.test.test_dt.DistanceOfTimeInWordsTestCase)
[  325s] Unit-tests for distance_of_time_in_words with default to_time and accuracy=3 ... ok
[  325s] testDOTIWExceptions (pytils.test.test_dt.DistanceOfTimeInWordsTestCase)
[  325s] Unit-tests for testings distance_of_time_in_words' exceptions ... ok
[  325s] testDOTWDatetimeType (pytils.test.test_dt.DistanceOfTimeInWordsTestCase)
[  325s] Unit-tests for testing datetime.datetime as input values ... ok
[  325s] testIssue25DaysFixed (pytils.test.test_dt.DistanceOfTimeInWordsTestCase)
[  325s] Unit-test for testing that Issue#25 is fixed (err when accuracy==1, days<>0, hours==1) ... ok
[  325s] testIssue25HoursFixed (pytils.test.test_dt.DistanceOfTimeInWordsTestCase)
[  325s] Unit-test for testing that Issue#25 is fixed (err when accuracy==1, hours<>0, minutes==1) ... ok
[  325s] testIssue20Fixed (pytils.test.test_dt.RuStrftimeTestCase)
[  325s] Unit-test for testing that Issue#20 is fixed (typo) ... ok
[  325s] testRuStrftime (pytils.test.test_dt.RuStrftimeTestCase)
[  325s] Unit-tests for pytils.dt.ru_strftime ... ok
[  325s] testRuStrftimeWithPreposition (pytils.test.test_dt.RuStrftimeTestCase)
[  325s] Unit-tests for pytils.dt.ru_strftime with preposition option ... ok
[  325s] testRuStrftimeZeros (pytils.test.test_dt.RuStrftimeTestCase)
[  325s] Unit-test for testing that Issue#24 is correctly implemented ... ok
[  325s] test_special_case (pytils.test.test_dt.RuStrftimeTestCase) ... ok
[  325s] testChoosePlural (pytils.test.test_numeral.ChoosePluralTestCase)
[  325s] Unit-test for choose_plural ... ok
[  325s] testChoosePluralExceptions (pytils.test.test_numeral.ChoosePluralTestCase)
[  325s] Unit-test for testing choos_plural's exceptions ... ok
[  325s] testChoosePluralNegativeBug9 (pytils.test.test_numeral.ChoosePluralTestCase)
[  325s] Test handling of negative numbers ... ok
[  325s] testChoosePluralVariantsInStr (pytils.test.test_numeral.ChoosePluralTestCase)
[  325s] Tests new-style variants ... ok
[  325s] testFloatRemainder (pytils.test.test_numeral.GetFloatRemainderTestCase)
[  325s] Unit-test for _get_float_remainder ... ok
[  325s] testFloatRemainderDecimal (pytils.test.test_numeral.GetFloatRemainderTestCase)
[  325s] Unit-test for _get_float_remainder with decimal type ... ok
[  325s] testFloatRemainderExceptions (pytils.test.test_numeral.GetFloatRemainderTestCase)
[  325s] Unit-test for testing _get_float_remainder's exceptions ... ok
[  325s] testGetPlural (pytils.test.test_numeral.GetPluralTestCase)
[  325s] Test regular get_plural ... ok
[  325s] testGetPluralAbsence (pytils.test.test_numeral.GetPluralTestCase)
[  325s] Test get_plural with absence ... ok
[  325s] testGetPluralLegacy (pytils.test.test_numeral.GetPluralTestCase)
[  325s] Test _get_plural_legacy ... ok
[  325s] testCommon (pytils.test.test_numeral.InWordsTestCase)
[  325s] Unit-test for general in_words ... ok
[  325s] testCommonExceptions (pytils.test.test_numeral.InWordsTestCase)
[  325s] Unit-test for testing in_words' exceptions ... ok
[  325s] testDecimal (pytils.test.test_numeral.InWordsTestCase)
[  325s] Unit-test for in_words_float with decimal type ... ok
[  325s] testFloat (pytils.test.test_numeral.InWordsTestCase)
[  325s] Unit-test for in_words_float ... ok
[  325s] testFloatExceptions (pytils.test.test_numeral.InWordsTestCase)
[  325s] Unit-test for testing in_words_float's exceptions ... ok
[  325s] testInt (pytils.test.test_numeral.InWordsTestCase)
[  326s] Unit-test for in_words_int ... ok
[  326s] testIntExceptions (pytils.test.test_numeral.InWordsTestCase)
[  326s] Unit-test for testing in_words_int's exceptions ... ok
[  326s] testWithGender (pytils.test.test_numeral.InWordsTestCase)
[  326s] Unit-test for in_words_float with gender (old-style, i.e. ints) ... ok
[  326s] testWithGenderOldStyle (pytils.test.test_numeral.InWordsTestCase)
[  326s] Unit-test for in_words_float with gender (old-style, i.e. ints) ... ok
[  326s] testRubles (pytils.test.test_numeral.RublesTestCase)
[  326s] Unit-test for rubles ... ok
[  326s] testRublesDecimal (pytils.test.test_numeral.RublesTestCase)
[  326s] Test for rubles with decimal instead of float/integer ... ok
[  326s] testRublesExceptions (pytils.test.test_numeral.RublesTestCase)
[  326s] Unit-test for testing rubles' exceptions ... ok
[  326s] testSumString (pytils.test.test_numeral.SumStringTestCase)
[  326s] Unit-test for sum_string ... ok
[  326s] testSumStringExceptions (pytils.test.test_numeral.SumStringTestCase)
[  326s] Unit-test for testing sum_string's exceptions ... ok
[  326s] testSumStringOldStyleGender (pytils.test.test_numeral.SumStringTestCase)
[  326s] Unit-test for sum_string with old-style genders ... ok
[  326s] testAdditionalDashesAndQuotes (pytils.test.test_translit.TranslitTestCase)
[  326s] Unit-test for testing additional dashes (figure and em-dash) ... ok
[  326s] testDetransliteration (pytils.test.test_translit.TranslitTestCase)
[  326s] Unit-test for detransliterations ... ok
[  326s] testSlug (pytils.test.test_translit.TranslitTestCase)
[  326s] Unit-test for slugs ... ok
[  326s] testSlugifyIssue10 (pytils.test.test_translit.TranslitTestCase)
[  326s] Unit-test for testing that bug#10 fixed ... ok
[  326s] testSlugifyIssue15 (pytils.test.test_translit.TranslitTestCase)
[  326s] Unit-test for testing that bug#15 fixed ... ok
[  326s] testTranslifyAdditionalUnicodeSymbols (pytils.test.test_translit.TranslitTestCase)
[  326s] Unit-test for testing additional unicode symbols ... ok
[  326s] testTransliteration (pytils.test.test_translit.TranslitTestCase)
[  326s] Unit-test for transliterations ... ok
[  326s] testTransliterationExceptions (pytils.test.test_translit.TranslitTestCase)
[  326s] Unit-test for testing translify's exceptions ... ok
[  326s] testGetRuleByName (pytils.test.test_typo.HelpersTestCase)
[  326s] unit-test for pytils.typo._get_rule_by_name ... ok
[  326s] testResolveRule (pytils.test.test_typo.HelpersTestCase)
[  326s] unit-test for pytils.typo._resolve_rule ... ok
[  326s] testResolveRuleWithForcedName (pytils.test.test_typo.HelpersTestCase)
[  326s] unit-test for pytils.typo._resolve_rule with forced_name arg ... ok
[  326s] testCleanspaces (pytils.test.test_typo.RulesTestCase)
[  326s] Unit-test for cleanspaces rule ... ok
[  326s] testDashes (pytils.test.test_typo.RulesTestCase)
[  326s] Unit-test for dashes rule ... ok
[  326s] testEllipsis (pytils.test.test_typo.RulesTestCase)
[  326s] Unit-test for ellipsis rule ... ok
[  326s] testInitials (pytils.test.test_typo.RulesTestCase)
[  326s] Unit-test for initials rule ... ok
[  326s] testMarks (pytils.test.test_typo.RulesTestCase)
[  326s] Unit-test for marks rule ... ok
[  326s] testQuotes (pytils.test.test_typo.RulesTestCase)
[  326s] Unit-test for quotes rule ... /home/abuild/rpmbuild/BUILD/pytils-0.4.1/pytils/typo.py:152: DeprecationWarning: Flags not at the start of the expression '((?:^|\\s))(")((?u))' but at position 14
[  326s]   (re.compile(r'((?:^|\s))(")((?u))', re.UNICODE), '\\1\xab\\3'),
[  326s] /home/abuild/rpmbuild/BUILD/pytils-0.4.1/pytils/typo.py:154: DeprecationWarning: Flags not at the start of the expression '(\\S)(")((?u))' but at position 8
[  326s]   (re.compile(r'(\S)(")((?u))', re.UNICODE), '\\1\xbb\\3'),
[  326s] /home/abuild/rpmbuild/BUILD/pytils-0.4.1/pytils/typo.py:156: DeprecationWarning: Flags not at the start of the expression "((?:^|\\s))(\\')((?u))" but at position 15
[  326s]   (re.compile(r'((?:^|\s))(\')((?u))', re.UNICODE), '\\1\u201c\\3'),
[  326s] /home/abuild/rpmbuild/BUILD/pytils-0.4.1/pytils/typo.py:158: DeprecationWarning: Flags not at the start of the expression "(\\S)(\\')((?u))" but at position 9
[  326s]   (re.compile(r'(\S)(\')((?u))', re.UNICODE), '\\1\u201d\\3'),
[  326s] ok
[  326s] testWordglue (pytils.test.test_typo.RulesTestCase)
[  326s] Unit-test for wordglue rule ... ok
[  326s] testExpandDictCallableArgs (pytils.test.test_typo.TypographyApplierTestCase) ... ok
[  326s] testExpandDictStrArgs (pytils.test.test_typo.TypographyApplierTestCase) ... ok
[  326s] testExpandEmptyArgs (pytils.test.test_typo.TypographyApplierTestCase) ... ok
[  326s] testExpandMixedArgs (pytils.test.test_typo.TypographyApplierTestCase) ... ok
[  326s] testExpandSimpleCallableArgs (pytils.test.test_typo.TypographyApplierTestCase) ... ok
[  326s] testExpandSimpleStrArgs (pytils.test.test_typo.TypographyApplierTestCase) ... ok
[  326s] testRecommendedArgsStyle (pytils.test.test_typo.TypographyApplierTestCase) ... ok
[  326s] testPupkin (pytils.test.test_typo.TypographyTestCase)
[  326s] Unit-test on pupkin-text ... ok
[  326s] testCheckLength (pytils.test.test_utils.ChecksTestCase)
[  326s] Unit-test for pytils.utils.check_length ... ok
[  326s] testCheckPositive (pytils.test.test_utils.ChecksTestCase)
[  326s] Unit-test for pytils.utils.check_positive ... ok
[  326s] testClassicSplit (pytils.test.test_utils.SplitValuesTestCase)
[  326s] Unit-test for pytils.utils.split_values, classic split ... ok
[  326s] testEscapedSplit (pytils.test.test_utils.SplitValuesTestCase)
[  326s] Unit-test for pytils.utils.split_values, split with escaping ... ok
[  326s] 
[  326s] ----------------------------------------------------------------------
[  326s] Ran 70 tests in 0.955s
[  326s] 
[  326s] OK
[  326s] ++ '[' -f _current_flavor ']'
[  326s] ++ cat _current_flavor
[  326s] + last_flavor=python39
[  326s] + '[' -z python39 ']'
[  326s] + '[' python39 '!=' python311 ']'
[  326s] + '[' -d build ']'
[  326s] + mv build _build.python39
[  326s] + '[' -d _build.python311 ']'
[  326s] + mv _build.python311 build
[  326s] + echo python311
[  326s] + python_flavor=python311
[  326s] + PYTHONPATH=/home/abuild/rpmbuild/BUILDROOT/python-pytils-0.4.1-1.2.riscv64/usr/lib/python3.11/site-packages
[  326s] + PYTHONDONTWRITEBYTECODE=1
[  326s] + python3.11 -m unittest discover -v
[  330s] test4Days1MinuteDaytimeBug2 (pytils.test.test_dt.DistanceOfTimeInWordsTestCase.test4Days1MinuteDaytimeBug2) ... ok
[  330s] testDOTIWDefaultAccuracy (pytils.test.test_dt.DistanceOfTimeInWordsTestCase.testDOTIWDefaultAccuracy)
[  330s] Unit-test for distance_of_time_in_words with default accuracy ... ok
[  330s] testDOTIWDefaultAccuracyDayAndMinute (pytils.test.test_dt.DistanceOfTimeInWordsTestCase.testDOTIWDefaultAccuracyDayAndMinute)
[  330s] Unit-tests for distance_of_time_in_words with default accuracy and to_time ... ok
[  330s] testDOTIWDefaultToTimeAcc1 (pytils.test.test_dt.DistanceOfTimeInWordsTestCase.testDOTIWDefaultToTimeAcc1)
[  330s] Unit-tests for distance_of_time_in_words with default to_time and accuracy=1 ... ok
[  330s] testDOTIWDefaultToTimeAcc2 (pytils.test.test_dt.DistanceOfTimeInWordsTestCase.testDOTIWDefaultToTimeAcc2)
[  330s] Unit-tests for distance_of_time_in_words with default to_time and accuracy=2 ... ok
[  330s] testDOTIWDefaultToTimeAcc3 (pytils.test.test_dt.DistanceOfTimeInWordsTestCase.testDOTIWDefaultToTimeAcc3)
[  330s] Unit-tests for distance_of_time_in_words with default to_time and accuracy=3 ... ok
[  330s] testDOTIWExceptions (pytils.test.test_dt.DistanceOfTimeInWordsTestCase.testDOTIWExceptions)
[  330s] Unit-tests for testings distance_of_time_in_words' exceptions ... ok
[  330s] testDOTWDatetimeType (pytils.test.test_dt.DistanceOfTimeInWordsTestCase.testDOTWDatetimeType)
[  330s] Unit-tests for testing datetime.datetime as input values ... ok
[  330s] testIssue25DaysFixed (pytils.test.test_dt.DistanceOfTimeInWordsTestCase.testIssue25DaysFixed)
[  330s] Unit-test for testing that Issue#25 is fixed (err when accuracy==1, days<>0, hours==1) ... ok
[  330s] testIssue25HoursFixed (pytils.test.test_dt.DistanceOfTimeInWordsTestCase.testIssue25HoursFixed)
[  330s] Unit-test for testing that Issue#25 is fixed (err when accuracy==1, hours<>0, minutes==1) ... ok
[  330s] testIssue20Fixed (pytils.test.test_dt.RuStrftimeTestCase.testIssue20Fixed)
[  330s] Unit-test for testing that Issue#20 is fixed (typo) ... ok
[  330s] testRuStrftime (pytils.test.test_dt.RuStrftimeTestCase.testRuStrftime)
[  330s] Unit-tests for pytils.dt.ru_strftime ... ok
[  330s] testRuStrftimeWithPreposition (pytils.test.test_dt.RuStrftimeTestCase.testRuStrftimeWithPreposition)
[  330s] Unit-tests for pytils.dt.ru_strftime with preposition option ... ok
[  330s] testRuStrftimeZeros (pytils.test.test_dt.RuStrftimeTestCase.testRuStrftimeZeros)
[  330s] Unit-test for testing that Issue#24 is correctly implemented ... ok
[  330s] test_special_case (pytils.test.test_dt.RuStrftimeTestCase.test_special_case) ... ok
[  330s] testChoosePlural (pytils.test.test_numeral.ChoosePluralTestCase.testChoosePlural)
[  330s] Unit-test for choose_plural ... ok
[  330s] testChoosePluralExceptions (pytils.test.test_numeral.ChoosePluralTestCase.testChoosePluralExceptions)
[  330s] Unit-test for testing choos_plural's exceptions ... ok
[  330s] testChoosePluralNegativeBug9 (pytils.test.test_numeral.ChoosePluralTestCase.testChoosePluralNegativeBug9)
[  330s] Test handling of negative numbers ... ok
[  330s] testChoosePluralVariantsInStr (pytils.test.test_numeral.ChoosePluralTestCase.testChoosePluralVariantsInStr)
[  330s] Tests new-style variants ... ok
[  330s] testFloatRemainder (pytils.test.test_numeral.GetFloatRemainderTestCase.testFloatRemainder)
[  330s] Unit-test for _get_float_remainder ... ok
[  330s] testFloatRemainderDecimal (pytils.test.test_numeral.GetFloatRemainderTestCase.testFloatRemainderDecimal)
[  330s] Unit-test for _get_float_remainder with decimal type ... ok
[  330s] testFloatRemainderExceptions (pytils.test.test_numeral.GetFloatRemainderTestCase.testFloatRemainderExceptions)
[  330s] Unit-test for testing _get_float_remainder's exceptions ... ok
[  330s] testGetPlural (pytils.test.test_numeral.GetPluralTestCase.testGetPlural)
[  330s] Test regular get_plural ... ok
[  330s] testGetPluralAbsence (pytils.test.test_numeral.GetPluralTestCase.testGetPluralAbsence)
[  330s] Test get_plural with absence ... ok
[  330s] testGetPluralLegacy (pytils.test.test_numeral.GetPluralTestCase.testGetPluralLegacy)
[  330s] Test _get_plural_legacy ... ok
[  330s] testCommon (pytils.test.test_numeral.InWordsTestCase.testCommon)
[  330s] Unit-test for general in_words ... ok
[  330s] testCommonExceptions (pytils.test.test_numeral.InWordsTestCase.testCommonExceptions)
[  330s] Unit-test for testing in_words' exceptions ... ok
[  330s] testDecimal (pytils.test.test_numeral.InWordsTestCase.testDecimal)
[  330s] Unit-test for in_words_float with decimal type ... ok
[  330s] testFloat (pytils.test.test_numeral.InWordsTestCase.testFloat)
[  330s] Unit-test for in_words_float ... ok
[  330s] testFloatExceptions (pytils.test.test_numeral.InWordsTestCase.testFloatExceptions)
[  330s] Unit-test for testing in_words_float's exceptions ... ok
[  330s] testInt (pytils.test.test_numeral.InWordsTestCase.testInt)
[  330s] Unit-test for in_words_int ... ok
[  330s] testIntExceptions (pytils.test.test_numeral.InWordsTestCase.testIntExceptions)
[  330s] Unit-test for testing in_words_int's exceptions ... ok
[  330s] testWithGender (pytils.test.test_numeral.InWordsTestCase.testWithGender)
[  330s] Unit-test for in_words_float with gender (old-style, i.e. ints) ... ok
[  330s] testWithGenderOldStyle (pytils.test.test_numeral.InWordsTestCase.testWithGenderOldStyle)
[  330s] Unit-test for in_words_float with gender (old-style, i.e. ints) ... ok
[  330s] testRubles (pytils.test.test_numeral.RublesTestCase.testRubles)
[  330s] Unit-test for rubles ... ok
[  330s] testRublesDecimal (pytils.test.test_numeral.RublesTestCase.testRublesDecimal)
[  330s] Test for rubles with decimal instead of float/integer ... ok
[  330s] testRublesExceptions (pytils.test.test_numeral.RublesTestCase.testRublesExceptions)
[  330s] Unit-test for testing rubles' exceptions ... ok
[  330s] testSumString (pytils.test.test_numeral.SumStringTestCase.testSumString)
[  330s] Unit-test for sum_string ... ok
[  330s] testSumStringExceptions (pytils.test.test_numeral.SumStringTestCase.testSumStringExceptions)
[  330s] Unit-test for testing sum_string's exceptions ... ok
[  330s] testSumStringOldStyleGender (pytils.test.test_numeral.SumStringTestCase.testSumStringOldStyleGender)
[  330s] Unit-test for sum_string with old-style genders ... ok
[  330s] testAdditionalDashesAndQuotes (pytils.test.test_translit.TranslitTestCase.testAdditionalDashesAndQuotes)
[  330s] Unit-test for testing additional dashes (figure and em-dash) ... ok
[  330s] testDetransliteration (pytils.test.test_translit.TranslitTestCase.testDetransliteration)
[  330s] Unit-test for detransliterations ... ok
[  330s] testSlug (pytils.test.test_translit.TranslitTestCase.testSlug)
[  330s] Unit-test for slugs ... ok
[  330s] testSlugifyIssue10 (pytils.test.test_translit.TranslitTestCase.testSlugifyIssue10)
[  330s] Unit-test for testing that bug#10 fixed ... ok
[  330s] testSlugifyIssue15 (pytils.test.test_translit.TranslitTestCase.testSlugifyIssue15)
[  330s] Unit-test for testing that bug#15 fixed ... ok
[  330s] testTranslifyAdditionalUnicodeSymbols (pytils.test.test_translit.TranslitTestCase.testTranslifyAdditionalUnicodeSymbols)
[  330s] Unit-test for testing additional unicode symbols ... ok
[  330s] testTransliteration (pytils.test.test_translit.TranslitTestCase.testTransliteration)
[  330s] Unit-test for transliterations ... ok
[  330s] testTransliterationExceptions (pytils.test.test_translit.TranslitTestCase.testTransliterationExceptions)
[  330s] Unit-test for testing translify's exceptions ... ok
[  330s] testGetRuleByName (pytils.test.test_typo.HelpersTestCase.testGetRuleByName)
[  330s] unit-test for pytils.typo._get_rule_by_name ... ok
[  330s] testResolveRule (pytils.test.test_typo.HelpersTestCase.testResolveRule)
[  330s] unit-test for pytils.typo._resolve_rule ... ok
[  330s] testResolveRuleWithForcedName (pytils.test.test_typo.HelpersTestCase.testResolveRuleWithForcedName)
[  330s] unit-test for pytils.typo._resolve_rule with forced_name arg ... ok
[  330s] testCleanspaces (pytils.test.test_typo.RulesTestCase.testCleanspaces)
[  330s] Unit-test for cleanspaces rule ... ok
[  330s] testDashes (pytils.test.test_typo.RulesTestCase.testDashes)
[  331s] Unit-test for dashes rule ... ok
[  331s] testEllipsis (pytils.test.test_typo.RulesTestCase.testEllipsis)
[  331s] Unit-test for ellipsis rule ... ok
[  331s] testInitials (pytils.test.test_typo.RulesTestCase.testInitials)
[  331s] Unit-test for initials rule ... ok
[  331s] testMarks (pytils.test.test_typo.RulesTestCase.testMarks)
[  331s] Unit-test for marks rule ... ok
[  331s] testQuotes (pytils.test.test_typo.RulesTestCase.testQuotes)
[  331s] Unit-test for quotes rule ... ERROR
[  331s] testWordglue (pytils.test.test_typo.RulesTestCase.testWordglue)
[  331s] Unit-test for wordglue rule ... ok
[  331s] testExpandDictCallableArgs (pytils.test.test_typo.TypographyApplierTestCase.testExpandDictCallableArgs) ... ok
[  331s] testExpandDictStrArgs (pytils.test.test_typo.TypographyApplierTestCase.testExpandDictStrArgs) ... ok
[  331s] testExpandEmptyArgs (pytils.test.test_typo.TypographyApplierTestCase.testExpandEmptyArgs) ... ok
[  331s] testExpandMixedArgs (pytils.test.test_typo.TypographyApplierTestCase.testExpandMixedArgs) ... ok
[  331s] testExpandSimpleCallableArgs (pytils.test.test_typo.TypographyApplierTestCase.testExpandSimpleCallableArgs) ... ok
[  331s] testExpandSimpleStrArgs (pytils.test.test_typo.TypographyApplierTestCase.testExpandSimpleStrArgs) ... ok
[  331s] testRecommendedArgsStyle (pytils.test.test_typo.TypographyApplierTestCase.testRecommendedArgsStyle) ... ok
[  331s] testPupkin (pytils.test.test_typo.TypographyTestCase.testPupkin)
[  331s] Unit-test on pupkin-text ... ERROR
[  331s] testCheckLength (pytils.test.test_utils.ChecksTestCase.testCheckLength)
[  331s] Unit-test for pytils.utils.check_length ... ok
[  331s] testCheckPositive (pytils.test.test_utils.ChecksTestCase.testCheckPositive)
[  331s] Unit-test for pytils.utils.check_positive ... ok
[  331s] testClassicSplit (pytils.test.test_utils.SplitValuesTestCase.testClassicSplit)
[  331s] Unit-test for pytils.utils.split_values, classic split ... ok
[  331s] testEscapedSplit (pytils.test.test_utils.SplitValuesTestCase.testEscapedSplit)
[  331s] Unit-test for pytils.utils.split_values, split with escaping ... ok
[  331s] 
[  331s] ======================================================================
[  331s] ERROR: testQuotes (pytils.test.test_typo.RulesTestCase.testQuotes)
[  331s] Unit-test for quotes rule
[  331s] ----------------------------------------------------------------------
[  331s] Traceback (most recent call last):
[  331s]   File "/home/abuild/rpmbuild/BUILD/pytils-0.4.1/pytils/test/test_typo.py", line 376, in testQuotes
[  331s]     self.checkRule(
[  331s]   File "/home/abuild/rpmbuild/BUILD/pytils-0.4.1/pytils/test/test_typo.py", line 179, in checkRule
[  331s]     typo._get_rule_by_name(name)(input_value)
[  331s]   File "/home/abuild/rpmbuild/BUILD/pytils-0.4.1/pytils/typo.py", line 152, in rl_quotes
[  331s]     (re.compile(r'((?:^|\s))(")((?u))', re.UNICODE), '\\1\xab\\3'),
[  331s]      ^^^^^^^^^^^^^^^^^^^^^^^^^^^^^^^^^^^^^^^^^^^^^^
[  331s]   File "/usr/lib64/python3.11/re/__init__.py", line 227, in compile
[  331s]     return _compile(pattern, flags)
[  331s]            ^^^^^^^^^^^^^^^^^^^^^^^^
[  331s]   File "/usr/lib64/python3.11/re/__init__.py", line 294, in _compile
[  331s]     p = _compiler.compile(pattern, flags)
[  331s]         ^^^^^^^^^^^^^^^^^^^^^^^^^^^^^^^^^
[  331s]   File "/usr/lib64/python3.11/re/_compiler.py", line 743, in compile
[  331s]     p = _parser.parse(p, flags)
[  331s]         ^^^^^^^^^^^^^^^^^^^^^^^
[  331s]   File "/usr/lib64/python3.11/re/_parser.py", line 980, in parse
[  331s]     p = _parse_sub(source, state, flags & SRE_FLAG_VERBOSE, 0)
[  331s]         ^^^^^^^^^^^^^^^^^^^^^^^^^^^^^^^^^^^^^^^^^^^^^^^^^^^^^^
[  331s]   File "/usr/lib64/python3.11/re/_parser.py", line 455, in _parse_sub
[  331s]     itemsappend(_parse(source, state, verbose, nested + 1,
[  331s]                 ^^^^^^^^^^^^^^^^^^^^^^^^^^^^^^^^^^^^^^^^^^
[  331s]   File "/usr/lib64/python3.11/re/_parser.py", line 863, in _parse
[  331s]     p = _parse_sub(source, state, sub_verbose, nested + 1)
[  331s]         ^^^^^^^^^^^^^^^^^^^^^^^^^^^^^^^^^^^^^^^^^^^^^^^^^^
[  331s]   File "/usr/lib64/python3.11/re/_parser.py", line 455, in _parse_sub
[  331s]     itemsappend(_parse(source, state, verbose, nested + 1,
[  331s]                 ^^^^^^^^^^^^^^^^^^^^^^^^^^^^^^^^^^^^^^^^^^
[  331s]   File "/usr/lib64/python3.11/re/_parser.py", line 841, in _parse
[  331s]     raise source.error('global flags not at the start '
[  331s] re.error: global flags not at the start of the expression at position 14
[  331s] 
[  331s] ======================================================================
[  331s] ERROR: testPupkin (pytils.test.test_typo.TypographyTestCase.testPupkin)
[  331s] Unit-test on pupkin-text
[  331s] ----------------------------------------------------------------------
[  331s] Traceback (most recent call last):
[  331s]   File "/home/abuild/rpmbuild/BUILD/pytils-0.4.1/pytils/test/test_typo.py", line 417, in testPupkin
[  331s]     self.checkTypo(
[  331s]   File "/home/abuild/rpmbuild/BUILD/pytils-0.4.1/pytils/test/test_typo.py", line 411, in checkTypo
[  331s]     self.assertEqual(expected_value, typo.typography(input_value))
[  331s]                                      ^^^^^^^^^^^^^^^^^^^^^^^^^^^^
[  331s]   File "/home/abuild/rpmbuild/BUILD/pytils-0.4.1/pytils/typo.py", line 292, in typography
[  331s]     return t.apply(text)
[  331s]            ^^^^^^^^^^^^^
[  331s]   File "/home/abuild/rpmbuild/BUILD/pytils-0.4.1/pytils/typo.py", line 283, in apply
[  331s]     text = self.apply_single_rule(rule, text)
[  331s]            ^^^^^^^^^^^^^^^^^^^^^^^^^^^^^^^^^^
[  331s]   File "/home/abuild/rpmbuild/BUILD/pytils-0.4.1/pytils/typo.py", line 276, in apply_single_rule
[  331s]     res = self.rules[rulename](text)
[  331s]           ^^^^^^^^^^^^^^^^^^^^^^^^^^
[  331s]   File "/home/abuild/rpmbuild/BUILD/pytils-0.4.1/pytils/typo.py", line 152, in rl_quotes
[  331s]     (re.compile(r'((?:^|\s))(")((?u))', re.UNICODE), '\\1\xab\\3'),
[  331s]      ^^^^^^^^^^^^^^^^^^^^^^^^^^^^^^^^^^^^^^^^^^^^^^
[  331s]   File "/usr/lib64/python3.11/re/__init__.py", line 227, in compile
[  331s]     return _compile(pattern, flags)
[  331s]            ^^^^^^^^^^^^^^^^^^^^^^^^
[  331s]   File "/usr/lib64/python3.11/re/__init__.py", line 294, in _compile
[  331s]     p = _compiler.compile(pattern, flags)
[  331s]         ^^^^^^^^^^^^^^^^^^^^^^^^^^^^^^^^^
[  331s]   File "/usr/lib64/python3.11/re/_compiler.py", line 743, in compile
[  331s]     p = _parser.parse(p, flags)
[  331s]         ^^^^^^^^^^^^^^^^^^^^^^^
[  331s]   File "/usr/lib64/python3.11/re/_parser.py", line 980, in parse
[  331s]     p = _parse_sub(source, state, flags & SRE_FLAG_VERBOSE, 0)
[  331s]         ^^^^^^^^^^^^^^^^^^^^^^^^^^^^^^^^^^^^^^^^^^^^^^^^^^^^^^
[  331s]   File "/usr/lib64/python3.11/re/_parser.py", line 455, in _parse_sub
[  331s]     itemsappend(_parse(source, state, verbose, nested + 1,
[  331s]                 ^^^^^^^^^^^^^^^^^^^^^^^^^^^^^^^^^^^^^^^^^^
[  331s]   File "/usr/lib64/python3.11/re/_parser.py", line 863, in _parse
[  331s]     p = _parse_sub(source, state, sub_verbose, nested + 1)
[  331s]         ^^^^^^^^^^^^^^^^^^^^^^^^^^^^^^^^^^^^^^^^^^^^^^^^^^
[  331s]   File "/usr/lib64/python3.11/re/_parser.py", line 455, in _parse_sub
[  331s]     itemsappend(_parse(source, state, verbose, nested + 1,
[  331s]                 ^^^^^^^^^^^^^^^^^^^^^^^^^^^^^^^^^^^^^^^^^^
[  331s]   File "/usr/lib64/python3.11/re/_parser.py", line 841, in _parse
[  331s]     raise source.error('global flags not at the start '
[  331s] re.error: global flags not at the start of the expression at position 14
[  331s] 
[  331s] ----------------------------------------------------------------------
[  331s] Ran 70 tests in 1.168s
[  331s] 
[  331s] FAILED (errors=2)
[  331s] error: Bad exit status from /var/tmp/rpm-tmp.nZhH7S (%check)
[  331s] 
[  331s] RPM build errors:
[  331s]     Bad exit status from /var/tmp/rpm-tmp.nZhH7S (%check)
[  332s] ### VM INTERACTION START ###
[  333s] [  323.173070][    T1] sysrq: Power Off
[  333s] [  323.181716][   T99] reboot: Power down
[  333s] ### VM INTERACTION END ###
[  333s] 
[  333s] hci-snode4-m0 failed "build python-pytils.spec" at Sat Feb 18 20:10:11 UTC 2023.
[  333s] 
