[    0s] Using BUILD_ROOT=/var/cache/obs/worker/root_3/.mount
[    0s] Using BUILD_ARCH=riscv64
[    0s] Doing kvm build in /var/cache/obs/worker/root_3/root
[    0s] 
[    0s] 
[    0s] build71 started "build python-JsonWeb.spec" at Sat Feb 18 21:24:52 UTC 2023.
[    0s] 
[    0s] Building python-JsonWeb for project 'openSUSE:Factory:RISCV' repository 'standard' arch 'riscv64' srcmd5 '30ab2abec50afa0857b0b15630825f17'
[    0s] 
[    0s] processing recipe /var/cache/obs/worker/root_3/.build-srcdir/python-JsonWeb.spec ...
[    0s] running changelog2spec --target rpm --file /var/cache/obs/worker/root_3/.build-srcdir/python-JsonWeb.spec
[    0s] init_buildsystem --configdir /var/run/obs/worker/3/build/configs --cachedir /var/cache/build --prepare --clean --rpmlist /var/cache/obs/worker/root_3/.build.rpmlist /var/cache/obs/worker/root_3/.build-srcdir/python-JsonWeb.spec build ...
[    0s] unpacking preinstall image openSUSE:Factory:RISCV/standard/preinstallimage-python [83160fede3a282f635470653fe6cebf8]
[    2s] 
[    2s] copying packages...
[    3s] reordering...done
[    3s] Detected virtio-serial support
[    3s] booting kvm...
[    3s] ### VM INTERACTION START ###
[    3s] Using virtio-serial support
[    3s] /usr/bin/qemu-kvm -nodefaults -no-reboot -nographic -vga none -cpu host -M pc,accel=kvm,usb=off,dump-guest-core=off,vmport=off -sandbox on -bios /usr/share/qemu/qboot.rom -object rng-random,filename=/dev/random,id=rng0 -device virtio-rng-pci,rng=rng0 -object iothread,id=io0 -runas qemu -net none -kernel /var/cache/obs/worker/root_3/.mount/boot/kernel -initrd /var/cache/obs/worker/root_3/.mount/boot/initrd -append root=/dev/disk/by-id/virtio-0 rootfstype=ext4 rootflags=noatime kvmclock mitigations=off elevator=noop nmi_watchdog=0 rw rd.driver.pre=binfmt_misc oops=panic panic=1 quiet console=hvc0 init=/.build/initvm.x86_64 -m 4096 -drive file=/var/cache/obs/worker/root_3/root,format=raw,if=none,id=disk,cache=unsafe,aio=io_uring -device virtio-blk-pci,iothread=io0,drive=disk,serial=0 -drive file=/var/cache/obs/worker/root_3/swap,format=raw,if=none,id=swap,cache=unsafe,aio=io_uring -device virtio-blk-pci,iothread=io0,drive=swap,serial=1 -device virtio-serial,max_ports=2 -device virtconsole,chardev=virtiocon0 -chardev stdio,id=virtiocon0 -chardev socket,id=monitor,server=on,wait=off,path=/var/cache/obs/worker/root_3/root.qemu/monitor -mon chardev=monitor,mode=readline -smp 3
[    6s] ### VM INTERACTION END ###
[    6s] 2nd stage started in virtual machine
[    6s] machine type: riscv64
[    6s] Linux version: 6.1.12-1-default #1 SMP PREEMPT_DYNAMIC Wed Feb 15 05:31:41 UTC 2023 (373f017)
[    6s] Increasing log level from now on...
[    6s] [    2.728911][  T357] sysrq: Changing Loglevel
[    6s] [    2.728996][  T357] sysrq: Loglevel set to 4
[    6s] Enable sysrq operations
[    7s] Setting up swapspace version 1, size = 2 GiB (2147479552 bytes)
[    7s] no label, UUID=d7a0ddeb-3049-4254-86a9-7306390988f1
[    7s] swapon: /dev/vdb: found signature [pagesize=4096, signature=swap]
[    7s] swapon: /dev/vdb: pagesize=4096, swapsize=2147483648, devsize=2147483648
[    7s] swapon /dev/vdb
[    7s] WARNING: udev not running, creating extra device nodes
[    7s] logging output to //.build.log...
[    7s] processing recipe /.build-srcdir/python-JsonWeb.spec ...
[    7s] init_buildsystem --configdir /.build/configs --cachedir /var/cache/build /.build-srcdir/python-JsonWeb.spec build ...
[    7s] initializing rpm db...
[    8s] querying package ids...
[   23s] [1/183] preinstalled aaa_base-84.87+git20220822.6b9f7a3-1.1
[   23s] [2/183] preinstalled aaa_base-malloccheck-84.87+git20220822.6b9f7a3-1.1
[   23s] [3/183] preinstalled attr-2.5.1-1.1
[   23s] [4/183] preinstalled bash-5.2.15-8.1
[   23s] [5/183] preinstalled bash-sh-5.2.15-8.1
[   23s] [6/183] preinstalled binutils-2.39-3.1
[   23s] [7/183] preinstalled brp-check-suse-84.87+git20221115.2f7add6-1.1
[   23s] [8/183] preinstalled build-compare-20221206T204012.bb70754-1.2
[   23s] [9/183] preinstalled build-mkbaselibs-20230215-1.1
[   23s] [10/183] preinstalled bzip2-1.0.8-4.1
[   23s] [11/183] preinstalled chkstat-1599_20221220-1.2
[   23s] [12/183] preinstalled compat-usrmerge-build-84.87-5.1
[   23s] [13/183] preinstalled compat-usrmerge-tools-84.87-5.1
[   23s] [14/183] preinstalled coreutils-9.1-5.1
[   23s] [15/183] preinstalled cpio-2.13-5.1
[   23s] [16/183] preinstalled cpp-12-2.1
[   23s] [17/183] preinstalled cpp12-12.2.1+git749-4.1
[   23s] [18/183] preinstalled crypto-policies-20210917.c9d86d1-1.1
[   23s] [19/183] preinstalled debugedit-5.0-5.1
[   23s] [20/183] preinstalled diffutils-3.9-1.1
[   23s] [21/183] preinstalled dwz-0.15-2.1
[   23s] [22/183] preinstalled elfutils-0.188-3.2
[   23s] [23/183] preinstalled file-5.44-1.2
[   23s] [24/183] preinstalled file-magic-5.44-1.2
[   23s] [25/183] preinstalled filesystem-84.87-12.1
[   23s] [26/183] preinstalled fillup-1.42-279.1
[   23s] [27/183] preinstalled findutils-4.9.0-2.1
[   23s] [28/183] preinstalled gawk-5.2.1-2.1
[   23s] [29/183] preinstalled gcc-12-2.1
[   23s] [30/183] preinstalled gcc-PIE-12-2.1
[   23s] [31/183] preinstalled gcc12-12.2.1+git749-4.1
[   23s] [32/183] preinstalled gcc12-PIE-12.2.1+git749-4.1
[   23s] [33/183] preinstalled gettext-runtime-mini-0.21.1-1.1
[   23s] [34/183] preinstalled gettext-tools-mini-0.21.1-1.1
[   23s] [35/183] preinstalled glibc-2.37-1.1
[   23s] [36/183] preinstalled glibc-devel-2.37-1.1
[   23s] [37/183] preinstalled glibc-locale-base-2.37-1.1
[   23s] [38/183] preinstalled grep-3.8-3.1
[   23s] [39/183] preinstalled gzip-1.12-3.1
[   23s] [40/183] preinstalled kernel-obs-build-6.1.12-1.1
[   23s] [41/183] preinstalled libacl1-2.3.1-2.1
[   23s] [42/183] cumulate libalternatives1-1.2+3.b848aad-3.1
[   23s] [43/183] preinstalled libasan8-13.0.1+git5428-6.1
[   23s] [44/183] preinstalled libasm1-0.188-3.2
[   23s] [45/183] preinstalled libatomic1-13.0.1+git5428-6.1
[   23s] [46/183] preinstalled libattr1-2.5.1-1.1
[   23s] [47/183] preinstalled libaudit1-3.0.6-4.1
[   23s] [48/183] preinstalled libblkid1-2.38.1-7.1
[   23s] [49/183] preinstalled libbz2-1-1.0.8-4.1
[   23s] [50/183] preinstalled libcap-ng0-0.8.3-1.1
[   23s] [51/183] preinstalled libcap2-2.67-1.1
[   23s] [52/183] preinstalled libcrypt1-4.4.33-1.1
[   23s] [53/183] preinstalled libctf-nobfd0-2.39-3.1
[   23s] [54/183] preinstalled libctf0-2.39-3.1
[   23s] [55/183] preinstalled libdb-4_8-4.8.30-39.1
[   23s] [56/183] preinstalled libdw1-0.188-3.2
[   23s] [57/183] preinstalled libeconf0-0.5.1-1.1
[   23s] [58/183] preinstalled libelf1-0.188-3.2
[   23s] [59/183] preinstalled libexpat1-2.5.0-2.1
[   23s] [60/183] preinstalled libfdisk1-2.38.1-7.1
[   23s] [61/183] preinstalled libffi8-3.4.4-1.1
[   23s] [62/183] preinstalled libgcc_s1-13.0.1+git5428-6.1
[   23s] [63/183] preinstalled libgcrypt20-1.10.1-1.1
[   23s] [64/183] preinstalled libgdbm6-1.23-1.1
[   23s] [65/183] preinstalled libgdbm_compat4-1.23-1.1
[   23s] [66/183] preinstalled libgmp10-6.2.1-4.1
[   23s] [67/183] preinstalled libgomp1-13.0.1+git5428-6.1
[   23s] [68/183] preinstalled libgpg-error0-1.46-1.1
[   23s] [69/183] preinstalled libisl23-0.25-1.1
[   23s] [70/183] preinstalled liblua5_4-5-5.4.4-8.1
[   23s] [71/183] preinstalled liblzma5-5.4.1-1.1
[   23s] [72/183] preinstalled libmagic1-5.44-1.2
[   23s] [73/183] preinstalled libmount1-2.38.1-7.1
[   23s] [74/183] preinstalled libmpc3-1.3.1-1.2
[   23s] [75/183] preinstalled libmpdec3-2.5.1-2.1
[   23s] [76/183] preinstalled libmpfr6-4.2.0-1.1
[   23s] [77/183] preinstalled libncurses6-6.4.20230128-5.1
[   23s] [78/183] preinstalled libopenssl3-3.0.7-3.1
[   23s] [79/183] preinstalled libpcre2-8-0-10.42-3.2
[   23s] [80/183] preinstalled libpkgconf3-1.8.0-2.1
[   23s] [81/183] preinstalled libpopt0-1.19-1.1
[   23s] [82/183] preinstalled libpython3_10-1_0-3.10.9-2.2
[   23s] [83/183] preinstalled libpython3_11-1_0-3.11.1-4.2
[   23s] [84/183] preinstalled libpython3_8-1_0-3.8.16-3.2
[   23s] [85/183] preinstalled libpython3_9-1_0-3.9.16-3.2
[   23s] [86/183] preinstalled libreadline8-8.2-2.1
[   23s] [87/183] preinstalled librpmbuild9-4.18.0-3.2
[   23s] [88/183] preinstalled libseccomp2-2.5.4-2.1
[   23s] [89/183] preinstalled libselinux1-3.4-2.1
[   23s] [90/183] preinstalled libsemanage-conf-3.4-1.1
[   23s] [91/183] preinstalled libsemanage2-3.4-1.1
[   23s] [92/183] preinstalled libsepol2-3.4-1.1
[   23s] [93/183] preinstalled libsmartcols1-2.38.1-7.1
[   23s] [94/183] preinstalled libstdc++6-13.0.1+git5428-6.1
[   23s] [95/183] preinstalled libsubid4-4.13-3.1
[   23s] [96/183] preinstalled libubsan1-13.0.1+git5428-6.1
[   23s] [97/183] preinstalled libutempter0-1.2.0-3.2
[   23s] [98/183] preinstalled libuuid1-2.38.1-7.1
[   23s] [99/183] preinstalled libxcrypt-devel-4.4.33-1.1
[   23s] [100/183] preinstalled libz1-1.2.13-2.1
[   23s] [101/183] preinstalled libzstd1-1.5.2-2.1
[   23s] [102/183] preinstalled linux-glibc-devel-6.1-1.1
[   23s] [103/183] preinstalled login_defs-4.13-3.1
[   23s] [104/183] preinstalled lua54-5.4.4-8.1
[   23s] [105/183] preinstalled make-4.4-2.1
[   23s] [106/183] preinstalled ncurses-utils-6.4.20230128-5.1
[   23s] [107/183] preinstalled pam-1.5.2-12.1
[   23s] [108/183] preinstalled patch-2.7.6-6.1
[   23s] [109/183] preinstalled perl-5.36.0-4.1
[   23s] [110/183] preinstalled perl-base-5.36.0-4.1
[   23s] [111/183] preinstalled permissions-1599_20221220-1.2
[   23s] [112/183] preinstalled permissions-config-1599_20221220-1.2
[   23s] [113/183] preinstalled pkgconf-1.8.0-2.1
[   23s] [114/183] preinstalled pkgconf-m4-1.8.0-2.1
[   23s] [115/183] preinstalled pkgconf-pkg-config-1.8.0-2.1
[   23s] [116/183] preinstalled polkit-default-privs-1550+20221102.9f111fa-1.1
[   23s] [117/183] preinstalled post-build-checks-84.87+git20230106.3a359c5-1.1
[   23s] [118/183] preinstalled python-rpm-macros-20230128.e704796-1.2
[   23s] [119/183] preinstalled python-rpm-packaging-20210526+a18ca48-1.2
[   23s] [120/183] cumulate python310-attrs-22.2.0-1.2
[   23s] [121/183] preinstalled python310-base-3.10.9-2.2
[   23s] [122/183] cumulate python310-exceptiongroup-1.1.0-1.2
[   23s] [123/183] cumulate python310-iniconfig-1.1.1-3.2
[   23s] [124/183] preinstalled python310-packaging-23.0-1.1
[   23s] [125/183] cumulate python310-pluggy-1.0.0-1.5
[   23s] [126/183] preinstalled python310-setuptools-65.6.3-1.2
[   23s] [127/183] cumulate python310-tomli-2.0.1-1.3
[   23s] [128/183] cumulate python310-zipp-3.8.1-1.2
[   23s] [129/183] cumulate python311-attrs-22.2.0-1.2
[   23s] [130/183] preinstalled python311-base-3.11.1-4.2
[   23s] [131/183] cumulate python311-exceptiongroup-1.1.0-1.2
[   23s] [132/183] cumulate python311-iniconfig-1.1.1-3.2
[   23s] [133/183] cumulate python311-packaging-23.0-1.2
[   23s] [134/183] cumulate python311-pluggy-1.0.0-1.5
[   23s] [135/183] preinstalled python311-setuptools-65.6.3-1.2
[   23s] [136/183] cumulate python311-tomli-2.0.1-1.3
[   23s] [137/183] cumulate python311-zipp-3.8.1-1.2
[   23s] [138/183] cumulate python38-attrs-22.2.0-1.2
[   23s] [139/183] preinstalled python38-base-3.8.16-3.2
[   23s] [140/183] cumulate python38-exceptiongroup-1.1.0-1.2
[   23s] [141/183] cumulate python38-iniconfig-1.1.1-3.2
[   23s] [142/183] cumulate python38-packaging-23.0-1.2
[   23s] [143/183] cumulate python38-pluggy-1.0.0-1.5
[   23s] [144/183] preinstalled python38-setuptools-65.6.3-1.2
[   23s] [145/183] cumulate python38-tomli-2.0.1-1.3
[   23s] [146/183] cumulate python38-zipp-3.8.1-1.2
[   23s] [147/183] cumulate python39-attrs-22.2.0-1.2
[   23s] [148/183] preinstalled python39-base-3.9.16-3.2
[   23s] [149/183] cumulate python39-exceptiongroup-1.1.0-1.2
[   23s] [150/183] cumulate python39-iniconfig-1.1.1-3.2
[   23s] [151/183] cumulate python39-packaging-23.0-1.2
[   23s] [152/183] cumulate python39-pluggy-1.0.0-1.5
[   23s] [153/183] preinstalled python39-setuptools-65.6.3-1.2
[   23s] [154/183] cumulate python39-tomli-2.0.1-1.3
[   23s] [155/183] cumulate python39-zipp-3.8.1-1.2
[   23s] [156/183] preinstalled qemu-linux-user-7.1.0-50.1
[   23s] [157/183] preinstalled rpm-4.18.0-3.2
[   23s] [158/183] preinstalled rpm-build-4.18.0-3.2
[   23s] [159/183] preinstalled rpm-build-perl-4.18.0-3.2
[   23s] [160/183] preinstalled rpm-config-SUSE-20220926-1.1
[   23s] [161/183] preinstalled rpmlint-mini-2.4.0+git20230214.1bab129-9.4
[   23s] [162/183] preinstalled rpmlint-strict-2.4.0+git20230214.1bab129-1.1
[   23s] [163/183] preinstalled sed-4.9-2.1
[   23s] [164/183] preinstalled shadow-4.13-3.1
[   23s] [165/183] preinstalled system-group-hardware-20170617-24.1
[   23s] [166/183] preinstalled system-user-root-20190513-2.1
[   23s] [167/183] preinstalled systemd-rpm-macros-19-1.1
[   23s] [168/183] preinstalled sysuser-shadow-3.1-5.1
[   23s] [169/183] preinstalled tar-1.34-9.1
[   23s] [170/183] preinstalled terminfo-base-6.4.20230128-5.1
[   23s] [171/183] preinstalled update-alternatives-1.21.8-1.1
[   23s] [172/183] preinstalled util-linux-2.38.1-7.1
[   23s] [173/183] preinstalled which-2.21-5.1
[   23s] [174/183] preinstalled xz-5.4.1-1.1
[   23s] [175/183] cumulate alts-1.2+3.b848aad-3.1
[   23s] [176/183] cumulate python310-importlib-metadata-6.0.0-1.2
[   23s] [177/183] cumulate python311-importlib-metadata-6.0.0-1.2
[   23s] [178/183] cumulate python38-importlib-metadata-6.0.0-1.2
[   23s] [179/183] cumulate python39-importlib-metadata-6.0.0-1.2
[   23s] [180/183] cumulate python310-pytest-7.2.0-2.2
[   23s] [181/183] cumulate python311-pytest-7.2.0-2.2
[   23s] [182/183] cumulate python38-pytest-7.2.0-2.2
[   23s] [183/183] cumulate python39-pytest-7.2.0-2.2
[   23s] now installing cumulated packages
[   24s] Preparing...                          ########################################
[   24s] Updating / installing...
[   24s] python39-zipp-3.8.1-1.2               ########################################
[   24s] python39-importlib-metadata-6.0.0-1.2 ########################################
[   24s] python39-tomli-2.0.1-1.3              ########################################
[   24s] python39-pluggy-1.0.0-1.5             ########################################
[   24s] python39-packaging-23.0-1.2           ########################################
[   24s] python39-iniconfig-1.1.1-3.2          ########################################
[   24s] python39-exceptiongroup-1.1.0-1.2     ########################################
[   24s] python39-attrs-22.2.0-1.2             ########################################
[   24s] python38-zipp-3.8.1-1.2               ########################################
[   24s] python38-importlib-metadata-6.0.0-1.2 ########################################
[   24s] python38-tomli-2.0.1-1.3              ########################################
[   24s] python38-pluggy-1.0.0-1.5             ########################################
[   24s] python38-packaging-23.0-1.2           ########################################
[   24s] python38-iniconfig-1.1.1-3.2          ########################################
[   24s] python38-exceptiongroup-1.1.0-1.2     ########################################
[   24s] python38-attrs-22.2.0-1.2             ########################################
[   24s] python311-zipp-3.8.1-1.2              ########################################
[   24s] python311-importlib-metadata-6.0.0-1.2########################################
[   24s] python311-tomli-2.0.1-1.3             ########################################
[   24s] python311-pluggy-1.0.0-1.5            ########################################
[   24s] python311-packaging-23.0-1.2          ########################################
[   24s] python311-iniconfig-1.1.1-3.2         ########################################
[   24s] python311-exceptiongroup-1.1.0-1.2    ########################################
[   24s] python311-attrs-22.2.0-1.2            ########################################
[   24s] python310-zipp-3.8.1-1.2              ########################################
[   24s] python310-importlib-metadata-6.0.0-1.2########################################
[   24s] python310-tomli-2.0.1-1.3             ########################################
[   24s] python310-pluggy-1.0.0-1.5            ########################################
[   24s] python310-iniconfig-1.1.1-3.2         ########################################
[   24s] python310-exceptiongroup-1.1.0-1.2    ########################################
[   25s] python310-attrs-22.2.0-1.2            ########################################
[   25s] libalternatives1-1.2+3.b848aad-3.1    ########################################
[   25s] alts-1.2+3.b848aad-3.1                ########################################
[   25s] python310-pytest-7.2.0-2.2            ########################################
[   26s] python311-pytest-7.2.0-2.2            ########################################
[   26s] python38-pytest-7.2.0-2.2             ########################################
[   27s] python39-pytest-7.2.0-2.2             ########################################
[   28s] now finalizing build dir...
[   29s] ... running 01-add_abuild_user_to_trusted_group
[   29s] ... running 02-set_timezone_to_utc
[   29s] ... running 03-set-permissions-secure
[   29s] ... running 11-hack_uname_version_to_kernel_version
[   35s] -----------------------------------------------------------------
[   35s] I have the following modifications for python-JsonWeb.spec:
[   35s] 22c22
[   35s] < Release:        0
[   35s] ---
[   35s] > Release:        5.8
[   40s] build target is riscv64-suse-linux
[   40s] -----------------------------------------------------------------
[   40s] ----- building python-JsonWeb.spec (user abuild)
[   40s] -----------------------------------------------------------------
[   40s] -----------------------------------------------------------------
[   43s] + exec rpmbuild -ba --define '_srcdefattr (-,root,root)' --nosignature --target=riscv64-suse-linux --define '_build_create_debug 1' --define 'disturl obs://build.opensuse.org/openSUSE:Factory:RISCV/standard/30ab2abec50afa0857b0b15630825f17-python-JsonWeb' /home/abuild/rpmbuild/SOURCES/python-JsonWeb.spec
[   62s] Building target platforms: riscv64-suse-linux
[   62s] Building for target riscv64-suse-linux
[   62s] setting SOURCE_DATE_EPOCH=1591660800
[   63s] Executing(%prep): /usr/bin/bash -e /var/tmp/rpm-tmp.NSYk1q
[   63s] + umask 022
[   63s] + cd /home/abuild/rpmbuild/BUILD
[   63s] + cd /home/abuild/rpmbuild/BUILD
[   63s] + rm -rf JsonWeb-0.8.2
[   63s] + /usr/lib/rpm/rpmuncompress -x /home/abuild/rpmbuild/SOURCES/JsonWeb-0.8.2.tar.gz
[   63s] + STATUS=0
[   63s] + '[' 0 -ne 0 ']'
[   63s] + cd JsonWeb-0.8.2
[   63s] + /usr/bin/chmod -Rf a+rX,u+w,g-w,o-w .
[   63s] + RPM_EC=0
[   63s] ++ jobs -p
[   63s] + exit 0
[   63s] Executing(%build): /usr/bin/bash -e /var/tmp/rpm-tmp.9ayPQo
[   63s] + umask 022
[   63s] + cd /home/abuild/rpmbuild/BUILD
[   63s] + /usr/bin/rm -rf /home/abuild/rpmbuild/BUILDROOT/python-JsonWeb-0.8.2-5.8.riscv64
[   63s] ++ dirname /home/abuild/rpmbuild/BUILDROOT/python-JsonWeb-0.8.2-5.8.riscv64
[   63s] + /usr/bin/mkdir -p /home/abuild/rpmbuild/BUILDROOT
[   63s] + /usr/bin/mkdir /home/abuild/rpmbuild/BUILDROOT/python-JsonWeb-0.8.2-5.8.riscv64
[   63s] + cd JsonWeb-0.8.2
[   63s] + ref=/usr/lib/rpm
[   63s] + mints=0
[   63s] + case $(uname -m) in
[   63s] ++ uname -m
[   63s] + mints=20160911
[   64s] + for s in guess sub
[   64s] ++ find -maxdepth 8 -name config.guess
[   64s] + for s in guess sub
[   64s] ++ find -maxdepth 8 -name config.sub
[   64s] ++ '[' -f _current_flavor ']'
[   64s] ++ true
[   64s] + last_flavor=
[   64s] + '[' -z '' ']'
[   64s] + last_flavor=tmp
[   64s] + '[' tmp '!=' python38 ']'
[   64s] + '[' -d build ']'
[   64s] + '[' -d _build.python38 ']'
[   64s] + echo python38
[   64s] + python_flavor=python38
[   64s] + /usr/bin/python3.8 setup.py build '--executable=/usr/bin/python3.8 -s'
[   67s] running build
[   67s] running build_py
[   67s] creating build
[   67s] creating build/lib
[   67s] creating build/lib/jsonweb
[   67s] copying jsonweb/__init__.py -> build/lib/jsonweb
[   67s] copying jsonweb/_local.py -> build/lib/jsonweb
[   67s] copying jsonweb/decode.py -> build/lib/jsonweb
[   67s] copying jsonweb/encode.py -> build/lib/jsonweb
[   67s] copying jsonweb/exceptions.py -> build/lib/jsonweb
[   67s] copying jsonweb/py3k.py -> build/lib/jsonweb
[   67s] copying jsonweb/schema.py -> build/lib/jsonweb
[   67s] copying jsonweb/validators.py -> build/lib/jsonweb
[   67s] creating build/lib/jsonweb/tests
[   67s] copying jsonweb/tests/__init__.py -> build/lib/jsonweb/tests
[   67s] copying jsonweb/tests/test_decode.py -> build/lib/jsonweb/tests
[   67s] copying jsonweb/tests/test_decode_schema.py -> build/lib/jsonweb/tests
[   67s] copying jsonweb/tests/test_encode.py -> build/lib/jsonweb/tests
[   67s] copying jsonweb/tests/test_local.py -> build/lib/jsonweb/tests
[   67s] copying jsonweb/tests/test_py3k.py -> build/lib/jsonweb/tests
[   67s] copying jsonweb/tests/test_schema.py -> build/lib/jsonweb/tests
[   67s] copying jsonweb/tests/test_validators.py -> build/lib/jsonweb/tests
[   67s] running egg_info
[   67s] writing JsonWeb.egg-info/PKG-INFO
[   67s] writing dependency_links to JsonWeb.egg-info/dependency_links.txt
[   67s] deleting JsonWeb.egg-info/entry_points.txt
[   67s] writing top-level names to JsonWeb.egg-info/top_level.txt
[   67s] reading manifest file 'JsonWeb.egg-info/SOURCES.txt'
[   67s] reading manifest template 'MANIFEST.in'
[   67s] writing manifest file 'JsonWeb.egg-info/SOURCES.txt'
[   68s] ++ '[' -f _current_flavor ']'
[   68s] ++ cat _current_flavor
[   68s] + last_flavor=python38
[   68s] + '[' -z python38 ']'
[   68s] + '[' python38 '!=' python39 ']'
[   68s] + '[' -d build ']'
[   68s] + mv build _build.python38
[   68s] + '[' -d _build.python39 ']'
[   68s] + echo python39
[   68s] + python_flavor=python39
[   68s] + /usr/bin/python3.9 setup.py build '--executable=/usr/bin/python3.9 -s'
[   71s] running build
[   71s] running build_py
[   71s] creating build
[   71s] creating build/lib
[   71s] creating build/lib/jsonweb
[   71s] copying jsonweb/__init__.py -> build/lib/jsonweb
[   71s] copying jsonweb/_local.py -> build/lib/jsonweb
[   71s] copying jsonweb/decode.py -> build/lib/jsonweb
[   71s] copying jsonweb/encode.py -> build/lib/jsonweb
[   71s] copying jsonweb/exceptions.py -> build/lib/jsonweb
[   71s] copying jsonweb/py3k.py -> build/lib/jsonweb
[   71s] copying jsonweb/schema.py -> build/lib/jsonweb
[   71s] copying jsonweb/validators.py -> build/lib/jsonweb
[   71s] creating build/lib/jsonweb/tests
[   71s] copying jsonweb/tests/__init__.py -> build/lib/jsonweb/tests
[   71s] copying jsonweb/tests/test_decode.py -> build/lib/jsonweb/tests
[   71s] copying jsonweb/tests/test_decode_schema.py -> build/lib/jsonweb/tests
[   71s] copying jsonweb/tests/test_encode.py -> build/lib/jsonweb/tests
[   71s] copying jsonweb/tests/test_local.py -> build/lib/jsonweb/tests
[   71s] copying jsonweb/tests/test_py3k.py -> build/lib/jsonweb/tests
[   71s] copying jsonweb/tests/test_schema.py -> build/lib/jsonweb/tests
[   71s] copying jsonweb/tests/test_validators.py -> build/lib/jsonweb/tests
[   71s] running egg_info
[   71s] writing JsonWeb.egg-info/PKG-INFO
[   71s] writing dependency_links to JsonWeb.egg-info/dependency_links.txt
[   71s] writing top-level names to JsonWeb.egg-info/top_level.txt
[   71s] reading manifest file 'JsonWeb.egg-info/SOURCES.txt'
[   71s] reading manifest template 'MANIFEST.in'
[   71s] writing manifest file 'JsonWeb.egg-info/SOURCES.txt'
[   71s] ++ '[' -f _current_flavor ']'
[   71s] ++ cat _current_flavor
[   71s] + last_flavor=python39
[   71s] + '[' -z python39 ']'
[   71s] + '[' python39 '!=' python311 ']'
[   71s] + '[' -d build ']'
[   71s] + mv build _build.python39
[   71s] + '[' -d _build.python311 ']'
[   71s] + echo python311
[   71s] + python_flavor=python311
[   71s] + /usr/bin/python3.11 setup.py build '--executable=/usr/bin/python3.11 -s'
[   74s] running build
[   74s] running build_py
[   74s] creating build
[   74s] creating build/lib
[   74s] creating build/lib/jsonweb
[   74s] copying jsonweb/__init__.py -> build/lib/jsonweb
[   74s] copying jsonweb/_local.py -> build/lib/jsonweb
[   74s] copying jsonweb/decode.py -> build/lib/jsonweb
[   74s] copying jsonweb/encode.py -> build/lib/jsonweb
[   74s] copying jsonweb/exceptions.py -> build/lib/jsonweb
[   74s] copying jsonweb/py3k.py -> build/lib/jsonweb
[   74s] copying jsonweb/schema.py -> build/lib/jsonweb
[   74s] copying jsonweb/validators.py -> build/lib/jsonweb
[   74s] creating build/lib/jsonweb/tests
[   74s] copying jsonweb/tests/__init__.py -> build/lib/jsonweb/tests
[   74s] copying jsonweb/tests/test_decode.py -> build/lib/jsonweb/tests
[   74s] copying jsonweb/tests/test_decode_schema.py -> build/lib/jsonweb/tests
[   74s] copying jsonweb/tests/test_encode.py -> build/lib/jsonweb/tests
[   74s] copying jsonweb/tests/test_local.py -> build/lib/jsonweb/tests
[   74s] copying jsonweb/tests/test_py3k.py -> build/lib/jsonweb/tests
[   74s] copying jsonweb/tests/test_schema.py -> build/lib/jsonweb/tests
[   74s] copying jsonweb/tests/test_validators.py -> build/lib/jsonweb/tests
[   74s] running egg_info
[   74s] writing JsonWeb.egg-info/PKG-INFO
[   74s] writing dependency_links to JsonWeb.egg-info/dependency_links.txt
[   74s] writing top-level names to JsonWeb.egg-info/top_level.txt
[   74s] reading manifest file 'JsonWeb.egg-info/SOURCES.txt'
[   74s] reading manifest template 'MANIFEST.in'
[   75s] writing manifest file 'JsonWeb.egg-info/SOURCES.txt'
[   75s] ++ '[' -f _current_flavor ']'
[   75s] ++ cat _current_flavor
[   75s] + last_flavor=python311
[   75s] + '[' -z python311 ']'
[   75s] + '[' python311 '!=' python310 ']'
[   75s] + '[' -d build ']'
[   75s] + mv build _build.python311
[   75s] + '[' -d _build.python310 ']'
[   75s] + echo python310
[   75s] + python_flavor=python310
[   75s] + /usr/bin/python3.10 setup.py build '--executable=/usr/bin/python3.10 -s'
[   78s] running build
[   78s] running build_py
[   78s] creating build
[   78s] creating build/lib
[   78s] creating build/lib/jsonweb
[   78s] copying jsonweb/__init__.py -> build/lib/jsonweb
[   78s] copying jsonweb/_local.py -> build/lib/jsonweb
[   78s] copying jsonweb/decode.py -> build/lib/jsonweb
[   78s] copying jsonweb/encode.py -> build/lib/jsonweb
[   78s] copying jsonweb/exceptions.py -> build/lib/jsonweb
[   78s] copying jsonweb/py3k.py -> build/lib/jsonweb
[   78s] copying jsonweb/schema.py -> build/lib/jsonweb
[   78s] copying jsonweb/validators.py -> build/lib/jsonweb
[   78s] creating build/lib/jsonweb/tests
[   78s] copying jsonweb/tests/__init__.py -> build/lib/jsonweb/tests
[   78s] copying jsonweb/tests/test_decode.py -> build/lib/jsonweb/tests
[   78s] copying jsonweb/tests/test_decode_schema.py -> build/lib/jsonweb/tests
[   78s] copying jsonweb/tests/test_encode.py -> build/lib/jsonweb/tests
[   78s] copying jsonweb/tests/test_local.py -> build/lib/jsonweb/tests
[   78s] copying jsonweb/tests/test_py3k.py -> build/lib/jsonweb/tests
[   78s] copying jsonweb/tests/test_schema.py -> build/lib/jsonweb/tests
[   78s] copying jsonweb/tests/test_validators.py -> build/lib/jsonweb/tests
[   78s] running egg_info
[   78s] writing JsonWeb.egg-info/PKG-INFO
[   78s] writing dependency_links to JsonWeb.egg-info/dependency_links.txt
[   78s] writing top-level names to JsonWeb.egg-info/top_level.txt
[   78s] reading manifest file 'JsonWeb.egg-info/SOURCES.txt'
[   78s] reading manifest template 'MANIFEST.in'
[   78s] writing manifest file 'JsonWeb.egg-info/SOURCES.txt'
[   78s] + RPM_EC=0
[   78s] ++ jobs -p
[   78s] + exit 0
[   78s] Executing(%install): /usr/bin/bash -e /var/tmp/rpm-tmp.0L1J2s
[   79s] + umask 022
[   79s] + cd /home/abuild/rpmbuild/BUILD
[   79s] + /usr/bin/rm -rf /home/abuild/rpmbuild/BUILDROOT/python-JsonWeb-0.8.2-5.8.riscv64
[   79s] + /usr/bin/mkdir -p /home/abuild/rpmbuild/BUILDROOT
[   79s] + /usr/bin/mkdir /home/abuild/rpmbuild/BUILDROOT/python-JsonWeb-0.8.2-5.8.riscv64
[   79s] + cd JsonWeb-0.8.2
[   79s] ++ '[' -f _current_flavor ']'
[   79s] ++ cat _current_flavor
[   79s] + last_flavor=python310
[   79s] + '[' -z python310 ']'
[   79s] + '[' python310 '!=' python38 ']'
[   79s] + '[' -d build ']'
[   79s] + mv build _build.python310
[   79s] + '[' -d _build.python38 ']'
[   79s] + mv _build.python38 build
[   79s] + echo python38
[   79s] + python_flavor=python38
[   79s] + /usr/bin/python3.8 setup.py install -O1 --skip-build --force --root /home/abuild/rpmbuild/BUILDROOT/python-JsonWeb-0.8.2-5.8.riscv64 --prefix /usr
[   82s] running install
[   82s] running install_lib
[   83s] creating /home/abuild/rpmbuild/BUILDROOT/python-JsonWeb-0.8.2-5.8.riscv64/usr
[   83s] creating /home/abuild/rpmbuild/BUILDROOT/python-JsonWeb-0.8.2-5.8.riscv64/usr/lib
[   83s] creating /home/abuild/rpmbuild/BUILDROOT/python-JsonWeb-0.8.2-5.8.riscv64/usr/lib/python3.8
[   83s] creating /home/abuild/rpmbuild/BUILDROOT/python-JsonWeb-0.8.2-5.8.riscv64/usr/lib/python3.8/site-packages
[   83s] creating /home/abuild/rpmbuild/BUILDROOT/python-JsonWeb-0.8.2-5.8.riscv64/usr/lib/python3.8/site-packages/jsonweb
[   83s] copying build/lib/jsonweb/__init__.py -> /home/abuild/rpmbuild/BUILDROOT/python-JsonWeb-0.8.2-5.8.riscv64/usr/lib/python3.8/site-packages/jsonweb
[   83s] copying build/lib/jsonweb/_local.py -> /home/abuild/rpmbuild/BUILDROOT/python-JsonWeb-0.8.2-5.8.riscv64/usr/lib/python3.8/site-packages/jsonweb
[   83s] copying build/lib/jsonweb/decode.py -> /home/abuild/rpmbuild/BUILDROOT/python-JsonWeb-0.8.2-5.8.riscv64/usr/lib/python3.8/site-packages/jsonweb
[   83s] copying build/lib/jsonweb/encode.py -> /home/abuild/rpmbuild/BUILDROOT/python-JsonWeb-0.8.2-5.8.riscv64/usr/lib/python3.8/site-packages/jsonweb
[   83s] copying build/lib/jsonweb/exceptions.py -> /home/abuild/rpmbuild/BUILDROOT/python-JsonWeb-0.8.2-5.8.riscv64/usr/lib/python3.8/site-packages/jsonweb
[   83s] copying build/lib/jsonweb/py3k.py -> /home/abuild/rpmbuild/BUILDROOT/python-JsonWeb-0.8.2-5.8.riscv64/usr/lib/python3.8/site-packages/jsonweb
[   83s] copying build/lib/jsonweb/schema.py -> /home/abuild/rpmbuild/BUILDROOT/python-JsonWeb-0.8.2-5.8.riscv64/usr/lib/python3.8/site-packages/jsonweb
[   83s] copying build/lib/jsonweb/validators.py -> /home/abuild/rpmbuild/BUILDROOT/python-JsonWeb-0.8.2-5.8.riscv64/usr/lib/python3.8/site-packages/jsonweb
[   83s] creating /home/abuild/rpmbuild/BUILDROOT/python-JsonWeb-0.8.2-5.8.riscv64/usr/lib/python3.8/site-packages/jsonweb/tests
[   83s] copying build/lib/jsonweb/tests/__init__.py -> /home/abuild/rpmbuild/BUILDROOT/python-JsonWeb-0.8.2-5.8.riscv64/usr/lib/python3.8/site-packages/jsonweb/tests
[   83s] copying build/lib/jsonweb/tests/test_decode.py -> /home/abuild/rpmbuild/BUILDROOT/python-JsonWeb-0.8.2-5.8.riscv64/usr/lib/python3.8/site-packages/jsonweb/tests
[   83s] copying build/lib/jsonweb/tests/test_decode_schema.py -> /home/abuild/rpmbuild/BUILDROOT/python-JsonWeb-0.8.2-5.8.riscv64/usr/lib/python3.8/site-packages/jsonweb/tests
[   83s] copying build/lib/jsonweb/tests/test_encode.py -> /home/abuild/rpmbuild/BUILDROOT/python-JsonWeb-0.8.2-5.8.riscv64/usr/lib/python3.8/site-packages/jsonweb/tests
[   83s] copying build/lib/jsonweb/tests/test_local.py -> /home/abuild/rpmbuild/BUILDROOT/python-JsonWeb-0.8.2-5.8.riscv64/usr/lib/python3.8/site-packages/jsonweb/tests
[   83s] copying build/lib/jsonweb/tests/test_py3k.py -> /home/abuild/rpmbuild/BUILDROOT/python-JsonWeb-0.8.2-5.8.riscv64/usr/lib/python3.8/site-packages/jsonweb/tests
[   83s] copying build/lib/jsonweb/tests/test_schema.py -> /home/abuild/rpmbuild/BUILDROOT/python-JsonWeb-0.8.2-5.8.riscv64/usr/lib/python3.8/site-packages/jsonweb/tests
[   83s] copying build/lib/jsonweb/tests/test_validators.py -> /home/abuild/rpmbuild/BUILDROOT/python-JsonWeb-0.8.2-5.8.riscv64/usr/lib/python3.8/site-packages/jsonweb/tests
[   83s] byte-compiling /home/abuild/rpmbuild/BUILDROOT/python-JsonWeb-0.8.2-5.8.riscv64/usr/lib/python3.8/site-packages/jsonweb/__init__.py to __init__.cpython-38.pyc
[   83s] byte-compiling /home/abuild/rpmbuild/BUILDROOT/python-JsonWeb-0.8.2-5.8.riscv64/usr/lib/python3.8/site-packages/jsonweb/_local.py to _local.cpython-38.pyc
[   83s] byte-compiling /home/abuild/rpmbuild/BUILDROOT/python-JsonWeb-0.8.2-5.8.riscv64/usr/lib/python3.8/site-packages/jsonweb/decode.py to decode.cpython-38.pyc
[   83s] byte-compiling /home/abuild/rpmbuild/BUILDROOT/python-JsonWeb-0.8.2-5.8.riscv64/usr/lib/python3.8/site-packages/jsonweb/encode.py to encode.cpython-38.pyc
[   83s] byte-compiling /home/abuild/rpmbuild/BUILDROOT/python-JsonWeb-0.8.2-5.8.riscv64/usr/lib/python3.8/site-packages/jsonweb/exceptions.py to exceptions.cpython-38.pyc
[   83s] byte-compiling /home/abuild/rpmbuild/BUILDROOT/python-JsonWeb-0.8.2-5.8.riscv64/usr/lib/python3.8/site-packages/jsonweb/py3k.py to py3k.cpython-38.pyc
[   83s] byte-compiling /home/abuild/rpmbuild/BUILDROOT/python-JsonWeb-0.8.2-5.8.riscv64/usr/lib/python3.8/site-packages/jsonweb/schema.py to schema.cpython-38.pyc
[   83s] byte-compiling /home/abuild/rpmbuild/BUILDROOT/python-JsonWeb-0.8.2-5.8.riscv64/usr/lib/python3.8/site-packages/jsonweb/validators.py to validators.cpython-38.pyc
[   83s] byte-compiling /home/abuild/rpmbuild/BUILDROOT/python-JsonWeb-0.8.2-5.8.riscv64/usr/lib/python3.8/site-packages/jsonweb/tests/__init__.py to __init__.cpython-38.pyc
[   83s] byte-compiling /home/abuild/rpmbuild/BUILDROOT/python-JsonWeb-0.8.2-5.8.riscv64/usr/lib/python3.8/site-packages/jsonweb/tests/test_decode.py to test_decode.cpython-38.pyc
[   83s] byte-compiling /home/abuild/rpmbuild/BUILDROOT/python-JsonWeb-0.8.2-5.8.riscv64/usr/lib/python3.8/site-packages/jsonweb/tests/test_decode_schema.py to test_decode_schema.cpython-38.pyc
[   83s] byte-compiling /home/abuild/rpmbuild/BUILDROOT/python-JsonWeb-0.8.2-5.8.riscv64/usr/lib/python3.8/site-packages/jsonweb/tests/test_encode.py to test_encode.cpython-38.pyc
[   83s] byte-compiling /home/abuild/rpmbuild/BUILDROOT/python-JsonWeb-0.8.2-5.8.riscv64/usr/lib/python3.8/site-packages/jsonweb/tests/test_local.py to test_local.cpython-38.pyc
[   83s] byte-compiling /home/abuild/rpmbuild/BUILDROOT/python-JsonWeb-0.8.2-5.8.riscv64/usr/lib/python3.8/site-packages/jsonweb/tests/test_py3k.py to test_py3k.cpython-38.pyc
[   83s] byte-compiling /home/abuild/rpmbuild/BUILDROOT/python-JsonWeb-0.8.2-5.8.riscv64/usr/lib/python3.8/site-packages/jsonweb/tests/test_schema.py to test_schema.cpython-38.pyc
[   83s] byte-compiling /home/abuild/rpmbuild/BUILDROOT/python-JsonWeb-0.8.2-5.8.riscv64/usr/lib/python3.8/site-packages/jsonweb/tests/test_validators.py to test_validators.cpython-38.pyc
[   83s] writing byte-compilation script '/tmp/tmpirmdaww3.py'
[   83s] /usr/bin/python3.8 /tmp/tmpirmdaww3.py
[   86s] removing /tmp/tmpirmdaww3.py
[   86s] running install_egg_info
[   86s] running egg_info
[   86s] writing JsonWeb.egg-info/PKG-INFO
[   86s] writing dependency_links to JsonWeb.egg-info/dependency_links.txt
[   86s] writing top-level names to JsonWeb.egg-info/top_level.txt
[   86s] reading manifest file 'JsonWeb.egg-info/SOURCES.txt'
[   86s] reading manifest template 'MANIFEST.in'
[   86s] writing manifest file 'JsonWeb.egg-info/SOURCES.txt'
[   86s] Copying JsonWeb.egg-info to /home/abuild/rpmbuild/BUILDROOT/python-JsonWeb-0.8.2-5.8.riscv64/usr/lib/python3.8/site-packages/JsonWeb-0.8.2-py3.8.egg-info
[   87s] running install_scripts
[   87s] /usr/lib/python3.8/site-packages/setuptools/command/install.py:34: SetuptoolsDeprecationWarning: setup.py install is deprecated. Use build and pip and other standards-based tools.
[   87s]   warnings.warn(
[   87s] ++ '[' -f _current_flavor ']'
[   87s] ++ cat _current_flavor
[   87s] + last_flavor=python38
[   87s] + '[' -z python38 ']'
[   87s] + '[' python38 '!=' python39 ']'
[   87s] + '[' -d build ']'
[   87s] + mv build _build.python38
[   87s] + '[' -d _build.python39 ']'
[   87s] + mv _build.python39 build
[   87s] + echo python39
[   87s] + python_flavor=python39
[   87s] + /usr/bin/python3.9 setup.py install -O1 --skip-build --force --root /home/abuild/rpmbuild/BUILDROOT/python-JsonWeb-0.8.2-5.8.riscv64 --prefix /usr
[   90s] running install
[   90s] /usr/lib/python3.9/site-packages/setuptools/command/install.py:34: SetuptoolsDeprecationWarning: setup.py install is deprecated. Use build and pip and other standards-based tools.
[   90s]   warnings.warn(
[   91s] running install_lib
[   91s] creating /home/abuild/rpmbuild/BUILDROOT/python-JsonWeb-0.8.2-5.8.riscv64/usr/lib/python3.9
[   91s] creating /home/abuild/rpmbuild/BUILDROOT/python-JsonWeb-0.8.2-5.8.riscv64/usr/lib/python3.9/site-packages
[   91s] creating /home/abuild/rpmbuild/BUILDROOT/python-JsonWeb-0.8.2-5.8.riscv64/usr/lib/python3.9/site-packages/jsonweb
[   91s] copying build/lib/jsonweb/__init__.py -> /home/abuild/rpmbuild/BUILDROOT/python-JsonWeb-0.8.2-5.8.riscv64/usr/lib/python3.9/site-packages/jsonweb
[   91s] copying build/lib/jsonweb/_local.py -> /home/abuild/rpmbuild/BUILDROOT/python-JsonWeb-0.8.2-5.8.riscv64/usr/lib/python3.9/site-packages/jsonweb
[   91s] copying build/lib/jsonweb/decode.py -> /home/abuild/rpmbuild/BUILDROOT/python-JsonWeb-0.8.2-5.8.riscv64/usr/lib/python3.9/site-packages/jsonweb
[   91s] copying build/lib/jsonweb/encode.py -> /home/abuild/rpmbuild/BUILDROOT/python-JsonWeb-0.8.2-5.8.riscv64/usr/lib/python3.9/site-packages/jsonweb
[   91s] copying build/lib/jsonweb/exceptions.py -> /home/abuild/rpmbuild/BUILDROOT/python-JsonWeb-0.8.2-5.8.riscv64/usr/lib/python3.9/site-packages/jsonweb
[   91s] copying build/lib/jsonweb/py3k.py -> /home/abuild/rpmbuild/BUILDROOT/python-JsonWeb-0.8.2-5.8.riscv64/usr/lib/python3.9/site-packages/jsonweb
[   91s] copying build/lib/jsonweb/schema.py -> /home/abuild/rpmbuild/BUILDROOT/python-JsonWeb-0.8.2-5.8.riscv64/usr/lib/python3.9/site-packages/jsonweb
[   91s] copying build/lib/jsonweb/validators.py -> /home/abuild/rpmbuild/BUILDROOT/python-JsonWeb-0.8.2-5.8.riscv64/usr/lib/python3.9/site-packages/jsonweb
[   91s] creating /home/abuild/rpmbuild/BUILDROOT/python-JsonWeb-0.8.2-5.8.riscv64/usr/lib/python3.9/site-packages/jsonweb/tests
[   91s] copying build/lib/jsonweb/tests/__init__.py -> /home/abuild/rpmbuild/BUILDROOT/python-JsonWeb-0.8.2-5.8.riscv64/usr/lib/python3.9/site-packages/jsonweb/tests
[   91s] copying build/lib/jsonweb/tests/test_decode.py -> /home/abuild/rpmbuild/BUILDROOT/python-JsonWeb-0.8.2-5.8.riscv64/usr/lib/python3.9/site-packages/jsonweb/tests
[   91s] copying build/lib/jsonweb/tests/test_decode_schema.py -> /home/abuild/rpmbuild/BUILDROOT/python-JsonWeb-0.8.2-5.8.riscv64/usr/lib/python3.9/site-packages/jsonweb/tests
[   91s] copying build/lib/jsonweb/tests/test_encode.py -> /home/abuild/rpmbuild/BUILDROOT/python-JsonWeb-0.8.2-5.8.riscv64/usr/lib/python3.9/site-packages/jsonweb/tests
[   91s] copying build/lib/jsonweb/tests/test_local.py -> /home/abuild/rpmbuild/BUILDROOT/python-JsonWeb-0.8.2-5.8.riscv64/usr/lib/python3.9/site-packages/jsonweb/tests
[   91s] copying build/lib/jsonweb/tests/test_py3k.py -> /home/abuild/rpmbuild/BUILDROOT/python-JsonWeb-0.8.2-5.8.riscv64/usr/lib/python3.9/site-packages/jsonweb/tests
[   91s] copying build/lib/jsonweb/tests/test_schema.py -> /home/abuild/rpmbuild/BUILDROOT/python-JsonWeb-0.8.2-5.8.riscv64/usr/lib/python3.9/site-packages/jsonweb/tests
[   91s] copying build/lib/jsonweb/tests/test_validators.py -> /home/abuild/rpmbuild/BUILDROOT/python-JsonWeb-0.8.2-5.8.riscv64/usr/lib/python3.9/site-packages/jsonweb/tests
[   91s] byte-compiling /home/abuild/rpmbuild/BUILDROOT/python-JsonWeb-0.8.2-5.8.riscv64/usr/lib/python3.9/site-packages/jsonweb/__init__.py to __init__.cpython-39.pyc
[   91s] byte-compiling /home/abuild/rpmbuild/BUILDROOT/python-JsonWeb-0.8.2-5.8.riscv64/usr/lib/python3.9/site-packages/jsonweb/_local.py to _local.cpython-39.pyc
[   91s] byte-compiling /home/abuild/rpmbuild/BUILDROOT/python-JsonWeb-0.8.2-5.8.riscv64/usr/lib/python3.9/site-packages/jsonweb/decode.py to decode.cpython-39.pyc
[   91s] byte-compiling /home/abuild/rpmbuild/BUILDROOT/python-JsonWeb-0.8.2-5.8.riscv64/usr/lib/python3.9/site-packages/jsonweb/encode.py to encode.cpython-39.pyc
[   91s] byte-compiling /home/abuild/rpmbuild/BUILDROOT/python-JsonWeb-0.8.2-5.8.riscv64/usr/lib/python3.9/site-packages/jsonweb/exceptions.py to exceptions.cpython-39.pyc
[   91s] byte-compiling /home/abuild/rpmbuild/BUILDROOT/python-JsonWeb-0.8.2-5.8.riscv64/usr/lib/python3.9/site-packages/jsonweb/py3k.py to py3k.cpython-39.pyc
[   91s] byte-compiling /home/abuild/rpmbuild/BUILDROOT/python-JsonWeb-0.8.2-5.8.riscv64/usr/lib/python3.9/site-packages/jsonweb/schema.py to schema.cpython-39.pyc
[   91s] byte-compiling /home/abuild/rpmbuild/BUILDROOT/python-JsonWeb-0.8.2-5.8.riscv64/usr/lib/python3.9/site-packages/jsonweb/validators.py to validators.cpython-39.pyc
[   91s] byte-compiling /home/abuild/rpmbuild/BUILDROOT/python-JsonWeb-0.8.2-5.8.riscv64/usr/lib/python3.9/site-packages/jsonweb/tests/__init__.py to __init__.cpython-39.pyc
[   91s] byte-compiling /home/abuild/rpmbuild/BUILDROOT/python-JsonWeb-0.8.2-5.8.riscv64/usr/lib/python3.9/site-packages/jsonweb/tests/test_decode.py to test_decode.cpython-39.pyc
[   91s] byte-compiling /home/abuild/rpmbuild/BUILDROOT/python-JsonWeb-0.8.2-5.8.riscv64/usr/lib/python3.9/site-packages/jsonweb/tests/test_decode_schema.py to test_decode_schema.cpython-39.pyc
[   91s] byte-compiling /home/abuild/rpmbuild/BUILDROOT/python-JsonWeb-0.8.2-5.8.riscv64/usr/lib/python3.9/site-packages/jsonweb/tests/test_encode.py to test_encode.cpython-39.pyc
[   91s] byte-compiling /home/abuild/rpmbuild/BUILDROOT/python-JsonWeb-0.8.2-5.8.riscv64/usr/lib/python3.9/site-packages/jsonweb/tests/test_local.py to test_local.cpython-39.pyc
[   91s] byte-compiling /home/abuild/rpmbuild/BUILDROOT/python-JsonWeb-0.8.2-5.8.riscv64/usr/lib/python3.9/site-packages/jsonweb/tests/test_py3k.py to test_py3k.cpython-39.pyc
[   91s] byte-compiling /home/abuild/rpmbuild/BUILDROOT/python-JsonWeb-0.8.2-5.8.riscv64/usr/lib/python3.9/site-packages/jsonweb/tests/test_schema.py to test_schema.cpython-39.pyc
[   91s] byte-compiling /home/abuild/rpmbuild/BUILDROOT/python-JsonWeb-0.8.2-5.8.riscv64/usr/lib/python3.9/site-packages/jsonweb/tests/test_validators.py to test_validators.cpython-39.pyc
[   91s] writing byte-compilation script '/tmp/tmp5j4wvq23.py'
[   91s] /usr/bin/python3.9 /tmp/tmp5j4wvq23.py
[   94s] removing /tmp/tmp5j4wvq23.py
[   94s] running install_egg_info
[   94s] running egg_info
[   94s] writing JsonWeb.egg-info/PKG-INFO
[   94s] writing dependency_links to JsonWeb.egg-info/dependency_links.txt
[   94s] writing top-level names to JsonWeb.egg-info/top_level.txt
[   94s] reading manifest file 'JsonWeb.egg-info/SOURCES.txt'
[   94s] reading manifest template 'MANIFEST.in'
[   94s] writing manifest file 'JsonWeb.egg-info/SOURCES.txt'
[   94s] Copying JsonWeb.egg-info to /home/abuild/rpmbuild/BUILDROOT/python-JsonWeb-0.8.2-5.8.riscv64/usr/lib/python3.9/site-packages/JsonWeb-0.8.2-py3.9.egg-info
[   94s] running install_scripts
[   95s] ++ '[' -f _current_flavor ']'
[   95s] ++ cat _current_flavor
[   95s] + last_flavor=python39
[   95s] + '[' -z python39 ']'
[   95s] + '[' python39 '!=' python311 ']'
[   95s] + '[' -d build ']'
[   95s] + mv build _build.python39
[   95s] + '[' -d _build.python311 ']'
[   95s] + mv _build.python311 build
[   95s] + echo python311
[   95s] + python_flavor=python311
[   95s] + /usr/bin/python3.11 setup.py install -O1 --skip-build --force --root /home/abuild/rpmbuild/BUILDROOT/python-JsonWeb-0.8.2-5.8.riscv64 --prefix /usr
[   98s] running install
[   98s] /usr/lib/python3.11/site-packages/setuptools/command/install.py:34: SetuptoolsDeprecationWarning: setup.py install is deprecated. Use build and pip and other standards-based tools.
[   98s]   warnings.warn(
[   98s] running install_lib
[   98s] creating /home/abuild/rpmbuild/BUILDROOT/python-JsonWeb-0.8.2-5.8.riscv64/usr/lib/python3.11
[   98s] creating /home/abuild/rpmbuild/BUILDROOT/python-JsonWeb-0.8.2-5.8.riscv64/usr/lib/python3.11/site-packages
[   98s] creating /home/abuild/rpmbuild/BUILDROOT/python-JsonWeb-0.8.2-5.8.riscv64/usr/lib/python3.11/site-packages/jsonweb
[   98s] copying build/lib/jsonweb/__init__.py -> /home/abuild/rpmbuild/BUILDROOT/python-JsonWeb-0.8.2-5.8.riscv64/usr/lib/python3.11/site-packages/jsonweb
[   98s] copying build/lib/jsonweb/_local.py -> /home/abuild/rpmbuild/BUILDROOT/python-JsonWeb-0.8.2-5.8.riscv64/usr/lib/python3.11/site-packages/jsonweb
[   98s] copying build/lib/jsonweb/decode.py -> /home/abuild/rpmbuild/BUILDROOT/python-JsonWeb-0.8.2-5.8.riscv64/usr/lib/python3.11/site-packages/jsonweb
[   98s] copying build/lib/jsonweb/encode.py -> /home/abuild/rpmbuild/BUILDROOT/python-JsonWeb-0.8.2-5.8.riscv64/usr/lib/python3.11/site-packages/jsonweb
[   98s] copying build/lib/jsonweb/exceptions.py -> /home/abuild/rpmbuild/BUILDROOT/python-JsonWeb-0.8.2-5.8.riscv64/usr/lib/python3.11/site-packages/jsonweb
[   98s] copying build/lib/jsonweb/py3k.py -> /home/abuild/rpmbuild/BUILDROOT/python-JsonWeb-0.8.2-5.8.riscv64/usr/lib/python3.11/site-packages/jsonweb
[   98s] copying build/lib/jsonweb/schema.py -> /home/abuild/rpmbuild/BUILDROOT/python-JsonWeb-0.8.2-5.8.riscv64/usr/lib/python3.11/site-packages/jsonweb
[   98s] copying build/lib/jsonweb/validators.py -> /home/abuild/rpmbuild/BUILDROOT/python-JsonWeb-0.8.2-5.8.riscv64/usr/lib/python3.11/site-packages/jsonweb
[   98s] creating /home/abuild/rpmbuild/BUILDROOT/python-JsonWeb-0.8.2-5.8.riscv64/usr/lib/python3.11/site-packages/jsonweb/tests
[   98s] copying build/lib/jsonweb/tests/__init__.py -> /home/abuild/rpmbuild/BUILDROOT/python-JsonWeb-0.8.2-5.8.riscv64/usr/lib/python3.11/site-packages/jsonweb/tests
[   98s] copying build/lib/jsonweb/tests/test_decode.py -> /home/abuild/rpmbuild/BUILDROOT/python-JsonWeb-0.8.2-5.8.riscv64/usr/lib/python3.11/site-packages/jsonweb/tests
[   98s] copying build/lib/jsonweb/tests/test_decode_schema.py -> /home/abuild/rpmbuild/BUILDROOT/python-JsonWeb-0.8.2-5.8.riscv64/usr/lib/python3.11/site-packages/jsonweb/tests
[   98s] copying build/lib/jsonweb/tests/test_encode.py -> /home/abuild/rpmbuild/BUILDROOT/python-JsonWeb-0.8.2-5.8.riscv64/usr/lib/python3.11/site-packages/jsonweb/tests
[   98s] copying build/lib/jsonweb/tests/test_local.py -> /home/abuild/rpmbuild/BUILDROOT/python-JsonWeb-0.8.2-5.8.riscv64/usr/lib/python3.11/site-packages/jsonweb/tests
[   98s] copying build/lib/jsonweb/tests/test_py3k.py -> /home/abuild/rpmbuild/BUILDROOT/python-JsonWeb-0.8.2-5.8.riscv64/usr/lib/python3.11/site-packages/jsonweb/tests
[   98s] copying build/lib/jsonweb/tests/test_schema.py -> /home/abuild/rpmbuild/BUILDROOT/python-JsonWeb-0.8.2-5.8.riscv64/usr/lib/python3.11/site-packages/jsonweb/tests
[   98s] copying build/lib/jsonweb/tests/test_validators.py -> /home/abuild/rpmbuild/BUILDROOT/python-JsonWeb-0.8.2-5.8.riscv64/usr/lib/python3.11/site-packages/jsonweb/tests
[   98s] byte-compiling /home/abuild/rpmbuild/BUILDROOT/python-JsonWeb-0.8.2-5.8.riscv64/usr/lib/python3.11/site-packages/jsonweb/__init__.py to __init__.cpython-311.pyc
[   98s] byte-compiling /home/abuild/rpmbuild/BUILDROOT/python-JsonWeb-0.8.2-5.8.riscv64/usr/lib/python3.11/site-packages/jsonweb/_local.py to _local.cpython-311.pyc
[   98s] byte-compiling /home/abuild/rpmbuild/BUILDROOT/python-JsonWeb-0.8.2-5.8.riscv64/usr/lib/python3.11/site-packages/jsonweb/decode.py to decode.cpython-311.pyc
[   98s] byte-compiling /home/abuild/rpmbuild/BUILDROOT/python-JsonWeb-0.8.2-5.8.riscv64/usr/lib/python3.11/site-packages/jsonweb/encode.py to encode.cpython-311.pyc
[   98s] byte-compiling /home/abuild/rpmbuild/BUILDROOT/python-JsonWeb-0.8.2-5.8.riscv64/usr/lib/python3.11/site-packages/jsonweb/exceptions.py to exceptions.cpython-311.pyc
[   98s] byte-compiling /home/abuild/rpmbuild/BUILDROOT/python-JsonWeb-0.8.2-5.8.riscv64/usr/lib/python3.11/site-packages/jsonweb/py3k.py to py3k.cpython-311.pyc
[   98s] byte-compiling /home/abuild/rpmbuild/BUILDROOT/python-JsonWeb-0.8.2-5.8.riscv64/usr/lib/python3.11/site-packages/jsonweb/schema.py to schema.cpython-311.pyc
[   98s] byte-compiling /home/abuild/rpmbuild/BUILDROOT/python-JsonWeb-0.8.2-5.8.riscv64/usr/lib/python3.11/site-packages/jsonweb/validators.py to validators.cpython-311.pyc
[   99s] byte-compiling /home/abuild/rpmbuild/BUILDROOT/python-JsonWeb-0.8.2-5.8.riscv64/usr/lib/python3.11/site-packages/jsonweb/tests/__init__.py to __init__.cpython-311.pyc
[   99s] byte-compiling /home/abuild/rpmbuild/BUILDROOT/python-JsonWeb-0.8.2-5.8.riscv64/usr/lib/python3.11/site-packages/jsonweb/tests/test_decode.py to test_decode.cpython-311.pyc
[   99s] byte-compiling /home/abuild/rpmbuild/BUILDROOT/python-JsonWeb-0.8.2-5.8.riscv64/usr/lib/python3.11/site-packages/jsonweb/tests/test_decode_schema.py to test_decode_schema.cpython-311.pyc
[   99s] byte-compiling /home/abuild/rpmbuild/BUILDROOT/python-JsonWeb-0.8.2-5.8.riscv64/usr/lib/python3.11/site-packages/jsonweb/tests/test_encode.py to test_encode.cpython-311.pyc
[   99s] byte-compiling /home/abuild/rpmbuild/BUILDROOT/python-JsonWeb-0.8.2-5.8.riscv64/usr/lib/python3.11/site-packages/jsonweb/tests/test_local.py to test_local.cpython-311.pyc
[   99s] byte-compiling /home/abuild/rpmbuild/BUILDROOT/python-JsonWeb-0.8.2-5.8.riscv64/usr/lib/python3.11/site-packages/jsonweb/tests/test_py3k.py to test_py3k.cpython-311.pyc
[   99s] byte-compiling /home/abuild/rpmbuild/BUILDROOT/python-JsonWeb-0.8.2-5.8.riscv64/usr/lib/python3.11/site-packages/jsonweb/tests/test_schema.py to test_schema.cpython-311.pyc
[   99s] byte-compiling /home/abuild/rpmbuild/BUILDROOT/python-JsonWeb-0.8.2-5.8.riscv64/usr/lib/python3.11/site-packages/jsonweb/tests/test_validators.py to test_validators.cpython-311.pyc
[   99s] writing byte-compilation script '/tmp/tmp35tqascj.py'
[   99s] /usr/bin/python3.11 /tmp/tmp35tqascj.py
[  102s] removing /tmp/tmp35tqascj.py
[  102s] running install_egg_info
[  102s] running egg_info
[  102s] writing JsonWeb.egg-info/PKG-INFO
[  102s] writing dependency_links to JsonWeb.egg-info/dependency_links.txt
[  102s] writing top-level names to JsonWeb.egg-info/top_level.txt
[  102s] reading manifest file 'JsonWeb.egg-info/SOURCES.txt'
[  102s] reading manifest template 'MANIFEST.in'
[  102s] writing manifest file 'JsonWeb.egg-info/SOURCES.txt'
[  102s] Copying JsonWeb.egg-info to /home/abuild/rpmbuild/BUILDROOT/python-JsonWeb-0.8.2-5.8.riscv64/usr/lib/python3.11/site-packages/JsonWeb-0.8.2-py3.11.egg-info
[  102s] running install_scripts
[  103s] ++ '[' -f _current_flavor ']'
[  103s] ++ cat _current_flavor
[  103s] + last_flavor=python311
[  103s] + '[' -z python311 ']'
[  103s] + '[' python311 '!=' python310 ']'
[  103s] + '[' -d build ']'
[  103s] + mv build _build.python311
[  103s] + '[' -d _build.python310 ']'
[  103s] + mv _build.python310 build
[  103s] + echo python310
[  103s] + python_flavor=python310
[  103s] + /usr/bin/python3.10 setup.py install -O1 --skip-build --force --root /home/abuild/rpmbuild/BUILDROOT/python-JsonWeb-0.8.2-5.8.riscv64 --prefix /usr
[  106s] running install
[  106s] /usr/lib/python3.10/site-packages/setuptools/command/install.py:34: SetuptoolsDeprecationWarning: setup.py install is deprecated. Use build and pip and other standards-based tools.
[  106s]   warnings.warn(
[  106s] running install_lib
[  106s] creating /home/abuild/rpmbuild/BUILDROOT/python-JsonWeb-0.8.2-5.8.riscv64/usr/lib/python3.10
[  106s] creating /home/abuild/rpmbuild/BUILDROOT/python-JsonWeb-0.8.2-5.8.riscv64/usr/lib/python3.10/site-packages
[  106s] creating /home/abuild/rpmbuild/BUILDROOT/python-JsonWeb-0.8.2-5.8.riscv64/usr/lib/python3.10/site-packages/jsonweb
[  106s] copying build/lib/jsonweb/__init__.py -> /home/abuild/rpmbuild/BUILDROOT/python-JsonWeb-0.8.2-5.8.riscv64/usr/lib/python3.10/site-packages/jsonweb
[  106s] copying build/lib/jsonweb/_local.py -> /home/abuild/rpmbuild/BUILDROOT/python-JsonWeb-0.8.2-5.8.riscv64/usr/lib/python3.10/site-packages/jsonweb
[  106s] copying build/lib/jsonweb/decode.py -> /home/abuild/rpmbuild/BUILDROOT/python-JsonWeb-0.8.2-5.8.riscv64/usr/lib/python3.10/site-packages/jsonweb
[  106s] copying build/lib/jsonweb/encode.py -> /home/abuild/rpmbuild/BUILDROOT/python-JsonWeb-0.8.2-5.8.riscv64/usr/lib/python3.10/site-packages/jsonweb
[  106s] copying build/lib/jsonweb/exceptions.py -> /home/abuild/rpmbuild/BUILDROOT/python-JsonWeb-0.8.2-5.8.riscv64/usr/lib/python3.10/site-packages/jsonweb
[  106s] copying build/lib/jsonweb/py3k.py -> /home/abuild/rpmbuild/BUILDROOT/python-JsonWeb-0.8.2-5.8.riscv64/usr/lib/python3.10/site-packages/jsonweb
[  106s] copying build/lib/jsonweb/schema.py -> /home/abuild/rpmbuild/BUILDROOT/python-JsonWeb-0.8.2-5.8.riscv64/usr/lib/python3.10/site-packages/jsonweb
[  106s] copying build/lib/jsonweb/validators.py -> /home/abuild/rpmbuild/BUILDROOT/python-JsonWeb-0.8.2-5.8.riscv64/usr/lib/python3.10/site-packages/jsonweb
[  106s] creating /home/abuild/rpmbuild/BUILDROOT/python-JsonWeb-0.8.2-5.8.riscv64/usr/lib/python3.10/site-packages/jsonweb/tests
[  106s] copying build/lib/jsonweb/tests/__init__.py -> /home/abuild/rpmbuild/BUILDROOT/python-JsonWeb-0.8.2-5.8.riscv64/usr/lib/python3.10/site-packages/jsonweb/tests
[  106s] copying build/lib/jsonweb/tests/test_decode.py -> /home/abuild/rpmbuild/BUILDROOT/python-JsonWeb-0.8.2-5.8.riscv64/usr/lib/python3.10/site-packages/jsonweb/tests
[  106s] copying build/lib/jsonweb/tests/test_decode_schema.py -> /home/abuild/rpmbuild/BUILDROOT/python-JsonWeb-0.8.2-5.8.riscv64/usr/lib/python3.10/site-packages/jsonweb/tests
[  106s] copying build/lib/jsonweb/tests/test_encode.py -> /home/abuild/rpmbuild/BUILDROOT/python-JsonWeb-0.8.2-5.8.riscv64/usr/lib/python3.10/site-packages/jsonweb/tests
[  106s] copying build/lib/jsonweb/tests/test_local.py -> /home/abuild/rpmbuild/BUILDROOT/python-JsonWeb-0.8.2-5.8.riscv64/usr/lib/python3.10/site-packages/jsonweb/tests
[  106s] copying build/lib/jsonweb/tests/test_py3k.py -> /home/abuild/rpmbuild/BUILDROOT/python-JsonWeb-0.8.2-5.8.riscv64/usr/lib/python3.10/site-packages/jsonweb/tests
[  106s] copying build/lib/jsonweb/tests/test_schema.py -> /home/abuild/rpmbuild/BUILDROOT/python-JsonWeb-0.8.2-5.8.riscv64/usr/lib/python3.10/site-packages/jsonweb/tests
[  106s] copying build/lib/jsonweb/tests/test_validators.py -> /home/abuild/rpmbuild/BUILDROOT/python-JsonWeb-0.8.2-5.8.riscv64/usr/lib/python3.10/site-packages/jsonweb/tests
[  106s] byte-compiling /home/abuild/rpmbuild/BUILDROOT/python-JsonWeb-0.8.2-5.8.riscv64/usr/lib/python3.10/site-packages/jsonweb/__init__.py to __init__.cpython-310.pyc
[  106s] byte-compiling /home/abuild/rpmbuild/BUILDROOT/python-JsonWeb-0.8.2-5.8.riscv64/usr/lib/python3.10/site-packages/jsonweb/_local.py to _local.cpython-310.pyc
[  106s] byte-compiling /home/abuild/rpmbuild/BUILDROOT/python-JsonWeb-0.8.2-5.8.riscv64/usr/lib/python3.10/site-packages/jsonweb/decode.py to decode.cpython-310.pyc
[  106s] byte-compiling /home/abuild/rpmbuild/BUILDROOT/python-JsonWeb-0.8.2-5.8.riscv64/usr/lib/python3.10/site-packages/jsonweb/encode.py to encode.cpython-310.pyc
[  106s] byte-compiling /home/abuild/rpmbuild/BUILDROOT/python-JsonWeb-0.8.2-5.8.riscv64/usr/lib/python3.10/site-packages/jsonweb/exceptions.py to exceptions.cpython-310.pyc
[  106s] byte-compiling /home/abuild/rpmbuild/BUILDROOT/python-JsonWeb-0.8.2-5.8.riscv64/usr/lib/python3.10/site-packages/jsonweb/py3k.py to py3k.cpython-310.pyc
[  106s] byte-compiling /home/abuild/rpmbuild/BUILDROOT/python-JsonWeb-0.8.2-5.8.riscv64/usr/lib/python3.10/site-packages/jsonweb/schema.py to schema.cpython-310.pyc
[  106s] byte-compiling /home/abuild/rpmbuild/BUILDROOT/python-JsonWeb-0.8.2-5.8.riscv64/usr/lib/python3.10/site-packages/jsonweb/validators.py to validators.cpython-310.pyc
[  106s] byte-compiling /home/abuild/rpmbuild/BUILDROOT/python-JsonWeb-0.8.2-5.8.riscv64/usr/lib/python3.10/site-packages/jsonweb/tests/__init__.py to __init__.cpython-310.pyc
[  106s] byte-compiling /home/abuild/rpmbuild/BUILDROOT/python-JsonWeb-0.8.2-5.8.riscv64/usr/lib/python3.10/site-packages/jsonweb/tests/test_decode.py to test_decode.cpython-310.pyc
[  106s] byte-compiling /home/abuild/rpmbuild/BUILDROOT/python-JsonWeb-0.8.2-5.8.riscv64/usr/lib/python3.10/site-packages/jsonweb/tests/test_decode_schema.py to test_decode_schema.cpython-310.pyc
[  106s] byte-compiling /home/abuild/rpmbuild/BUILDROOT/python-JsonWeb-0.8.2-5.8.riscv64/usr/lib/python3.10/site-packages/jsonweb/tests/test_encode.py to test_encode.cpython-310.pyc
[  107s] byte-compiling /home/abuild/rpmbuild/BUILDROOT/python-JsonWeb-0.8.2-5.8.riscv64/usr/lib/python3.10/site-packages/jsonweb/tests/test_local.py to test_local.cpython-310.pyc
[  107s] byte-compiling /home/abuild/rpmbuild/BUILDROOT/python-JsonWeb-0.8.2-5.8.riscv64/usr/lib/python3.10/site-packages/jsonweb/tests/test_py3k.py to test_py3k.cpython-310.pyc
[  107s] byte-compiling /home/abuild/rpmbuild/BUILDROOT/python-JsonWeb-0.8.2-5.8.riscv64/usr/lib/python3.10/site-packages/jsonweb/tests/test_schema.py to test_schema.cpython-310.pyc
[  107s] byte-compiling /home/abuild/rpmbuild/BUILDROOT/python-JsonWeb-0.8.2-5.8.riscv64/usr/lib/python3.10/site-packages/jsonweb/tests/test_validators.py to test_validators.cpython-310.pyc
[  107s] writing byte-compilation script '/tmp/tmp42ltlah1.py'
[  107s] /usr/bin/python3.10 /tmp/tmp42ltlah1.py
[  110s] removing /tmp/tmp42ltlah1.py
[  110s] running install_egg_info
[  110s] running egg_info
[  110s] writing JsonWeb.egg-info/PKG-INFO
[  110s] writing dependency_links to JsonWeb.egg-info/dependency_links.txt
[  110s] writing top-level names to JsonWeb.egg-info/top_level.txt
[  110s] reading manifest file 'JsonWeb.egg-info/SOURCES.txt'
[  110s] reading manifest template 'MANIFEST.in'
[  110s] writing manifest file 'JsonWeb.egg-info/SOURCES.txt'
[  110s] Copying JsonWeb.egg-info to /home/abuild/rpmbuild/BUILDROOT/python-JsonWeb-0.8.2-5.8.riscv64/usr/lib/python3.10/site-packages/JsonWeb-0.8.2-py3.10.egg-info
[  110s] running install_scripts
[  111s] + /usr/lib/rpm/find-debuginfo -j3 -n --run-dwz --dwz-low-mem-die-limit 10000000 --dwz-max-die-limit 50000000 -S debugsourcefiles.list /home/abuild/rpmbuild/BUILD/JsonWeb-0.8.2
[  111s] + /usr/lib/rpm/brp-compress
[  111s] + /usr/lib/rpm/brp-suse
[  111s] calling /usr/lib/rpm/brp-suse.d/brp-05-permissions
[  111s] calling /usr/lib/rpm/brp-suse.d/brp-15-strip-debug
[  112s] calling /usr/lib/rpm/brp-suse.d/brp-25-symlink
[  112s] calling /usr/lib/rpm/brp-suse.d/brp-50-generate-fips-hmac
[  112s] calling /usr/lib/rpm/brp-suse.d/brp-75-ar
[  112s] Executing(%check): /usr/bin/bash -e /var/tmp/rpm-tmp.8sqy65
[  112s] + umask 022
[  112s] + cd /home/abuild/rpmbuild/BUILD
[  112s] + cd JsonWeb-0.8.2
[  112s] + set +x
[  112s] Using libalternatives variant 38 for py.test in XDG_CONFIG_HOME during Python 3.8 expansions.
[  112s] Using libalternatives variant 38 for pytest in XDG_CONFIG_HOME during Python 3.8 expansions.
[  113s] Using libalternatives variant 39 for py.test in XDG_CONFIG_HOME during Python 3.9 expansions.
[  113s] Using libalternatives variant 39 for pytest in XDG_CONFIG_HOME during Python 3.9 expansions.
[  113s] Using libalternatives variant 311 for py.test in XDG_CONFIG_HOME during Python 3.11 expansions.
[  113s] Using libalternatives variant 311 for pytest in XDG_CONFIG_HOME during Python 3.11 expansions.
[  113s] + export PATH=/home/abuild/rpmbuild/BUILD/JsonWeb-0.8.2/build/flavorbin:/usr/local/bin:/usr/bin:/bin
[  113s] + PATH=/home/abuild/rpmbuild/BUILD/JsonWeb-0.8.2/build/flavorbin:/usr/local/bin:/usr/bin:/bin
[  113s] ++ '[' -f _current_flavor ']'
[  113s] ++ cat _current_flavor
[  114s] + last_flavor=python310
[  114s] + '[' -z python310 ']'
[  114s] + '[' python310 '!=' python38 ']'
[  114s] + '[' -d build ']'
[  114s] + mv build _build.python310
[  114s] + '[' -d _build.python38 ']'
[  114s] + mv _build.python38 build
[  114s] + echo python38
[  114s] + python_flavor=python38
[  114s] + PYTHONPATH=/home/abuild/rpmbuild/BUILDROOT/python-JsonWeb-0.8.2-5.8.riscv64/usr/lib/python3.8/site-packages
[  114s] + PYTHONDONTWRITEBYTECODE=1
[  114s] + pytest-3.8 --ignore=_build.python38 --ignore=_build.python39 --ignore=_build.python311 --ignore=_build.python310 -v
[  117s] ============================= test session starts ==============================
[  117s] platform linux -- Python 3.8.16, pytest-7.2.0, pluggy-1.0.0 -- /usr/bin/python3.8
[  117s] cachedir: .pytest_cache
[  117s] rootdir: /home/abuild/rpmbuild/BUILD/JsonWeb-0.8.2
[  118s] collecting ... collected 77 items
[  118s] 
[  118s] jsonweb/tests/test_decode.py::TestJsonWebObjectDecoder::test_bad__init__raises_error PASSED [  1%]
[  118s] jsonweb/tests/test_decode.py::TestJsonWebObjectDecoder::test_class_kw_args_are_optional PASSED [  2%]
[  118s] jsonweb/tests/test_decode.py::TestJsonWebObjectDecoder::test_configured_object_hook_closure PASSED [  3%]
[  118s] jsonweb/tests/test_decode.py::TestJsonWebObjectDecoder::test_decode_as_type PASSED [  5%]
[  118s] jsonweb/tests/test_decode.py::TestJsonWebObjectDecoder::test_decodes_to_class_instance PASSED [  6%]
[  118s] jsonweb/tests/test_decode.py::TestJsonWebObjectDecoder::test_ensure_type_kw_argument PASSED [  7%]
[  118s] jsonweb/tests/test_decode.py::TestJsonWebObjectDecoder::test_generated_handler_missing_required_attrs_raise_error PASSED [  9%]
[  118s] jsonweb/tests/test_decode.py::TestJsonWebObjectDecoder::test_ignores_extra_keys_in_json PASSED [ 10%]
[  118s] jsonweb/tests/test_decode.py::TestJsonWebObjectDecoder::test_invalid_json_raises_JsonDecodeError PASSED [ 11%]
[  118s] jsonweb/tests/test_decode.py::TestJsonWebObjectDecoder::test_supplied__type__trumps_as_type PASSED [ 12%]
[  118s] jsonweb/tests/test_decode.py::TestJsonWebObjectDecoder::test_supplied_handler_decodes_to_class_instance PASSED [ 14%]
[  118s] jsonweb/tests/test_decode.py::TestJsonWebObjectDecoder::test_supplied_handler_dict PASSED [ 15%]
[  118s] jsonweb/tests/test_decode.py::TestJsonWebObjectDecoder::test_supplied_handler_dict_overrides_from_object PASSED [ 16%]
[  118s] jsonweb/tests/test_decode.py::TestJsonWebObjectDecoder::test_supplied_handler_missing_required_attrs_raise_error PASSED [ 18%]
[  118s] jsonweb/tests/test_decode.py::TestJsonWebObjectDecoder::test_supplied_type_with_as_type PASSED [ 19%]
[  118s] jsonweb/tests/test_decode_schema.py::TestDecodeSchema::test_EnsureType_invoked_via_List_validator_honors_string_class_names PASSED [ 20%]
[  118s] jsonweb/tests/test_decode_schema.py::TestDecodeSchema::test_class_name_as_string_to_ensuretype PASSED [ 22%]
[  118s] jsonweb/tests/test_decode_schema.py::TestDecodeSchema::test_class_name_as_string_to_ensuretype_no_such_class PASSED [ 23%]
[  118s] jsonweb/tests/test_decode_schema.py::TestDecodeSchema::test_decode_with_schema PASSED [ 24%]
[  118s] jsonweb/tests/test_decode_schema.py::TestDecodeSchema::test_decode_with_schema_raises_error PASSED [ 25%]
[  118s] jsonweb/tests/test_decode_schema.py::TestDecodeSchema::test_map_schema_called_before_class_is_decorated PASSED [ 27%]
[  118s] jsonweb/tests/test_decode_schema.py::TestDecodeSchema::test_map_schema_func PASSED [ 28%]
[  118s] jsonweb/tests/test_decode_schema.py::TestDecodeSchema::test_mixed_type_schema PASSED [ 29%]
[  118s] jsonweb/tests/test_decode_schema.py::TestDecodeSchema::test_schemas_do_not_run_when_validate_kw_is_false PASSED [ 31%]
[  118s] jsonweb/tests/test_encode.py::TestJsonEncode::test_attributes_are_suppressed PASSED [ 32%]
[  119s] jsonweb/tests/test_encode.py::TestJsonEncode::test_exclude_nulls_kw_arg_to_dumper PASSED [ 33%]
[  119s] jsonweb/tests/test_encode.py::TestJsonEncode::test_exclude_nulls_kw_args_to_object PASSED [ 35%]
[  119s] jsonweb/tests/test_encode.py::TestJsonEncode::test_exclude_nulls_on_dumper_trumps_to_object PASSED [ 36%]
[  119s] jsonweb/tests/test_encode.py::TestJsonEncode::test_handler_decorator_for_list PASSED [ 37%]
[  119s] jsonweb/tests/test_encode.py::TestJsonEncode::test_handler_decorator_for_object PASSED [ 38%]
[  119s] jsonweb/tests/test_encode.py::TestJsonEncode::test_json_list_decorator PASSED [ 40%]
[  119s] jsonweb/tests/test_encode.py::TestJsonEncode::test_json_object_decorator PASSED [ 41%]
[  119s] jsonweb/tests/test_encode.py::TestJsonEncode::test_methods_dont_get_serialized PASSED [ 42%]
[  119s] jsonweb/tests/test_encode.py::TestJsonEncode::test_stacked_decorators PASSED [ 44%]
[  119s] jsonweb/tests/test_encode.py::TestJsonEncode::test_subclass_json_web_encoder PASSED [ 45%]
[  119s] jsonweb/tests/test_encode.py::TestJsonEncode::test_supplied_handlers_kw_to_dumper PASSED [ 46%]
[  119s] jsonweb/tests/test_encode.py::TestJsonEncode::test_supplied_obj_handler PASSED [ 48%]
[  119s] jsonweb/tests/test_encode.py::TestJsonEncode::test_suppress__type__attribute PASSED [ 49%]
[  119s] jsonweb/tests/test_encode.py::TestJsonEncode::test_suppress_kw_arg_to_dumper PASSED [ 50%]
[  119s] jsonweb/tests/test_local.py::TestLocalStack::test_each_thread_has_own_stack PASSED [ 51%]
[  119s] jsonweb/tests/test_local.py::TestLocalStack::test_pop_on_empty_stack_returns_None PASSED [ 53%]
[  119s] jsonweb/tests/test_local.py::TestLocalStack::test_push_and_pop PASSED    [ 54%]
[  119s] jsonweb/tests/test_py3k.py::TestPy3k::test_PY3K_is_set_correctly PASSED  [ 55%]
[  119s] jsonweb/tests/test_py3k.py::TestPy3k::test_basestring_is_set_correctly PASSED [ 57%]
[  119s] jsonweb/tests/test_py3k.py::TestPy3k::test_items PASSED                  [ 58%]
[  119s] jsonweb/tests/test_schema.py::TestSchema::test_EnsureType_kw_arguments_stick_around PASSED [ 59%]
[  119s] jsonweb/tests/test_schema.py::TestSchema::test_EnsureType_raises_validation_error PASSED [ 61%]
[  119s] jsonweb/tests/test_schema.py::TestSchema::test_attributes_can_be_optional PASSED [ 62%]
[  119s] jsonweb/tests/test_schema.py::TestSchema::test_attributes_can_have_default_values PASSED [ 63%]
[  119s] jsonweb/tests/test_schema.py::TestSchema::test_compound_error PASSED     [ 64%]
[  119s] jsonweb/tests/test_schema.py::TestSchema::test_create PASSED             [ 66%]
[  119s] jsonweb/tests/test_schema.py::TestSchema::test_kw_args_are_passed_correctly PASSED [ 67%]
[  119s] jsonweb/tests/test_schema.py::TestSchema::test_list_schema_error PASSED  [ 68%]
[  119s] jsonweb/tests/test_schema.py::TestSchema::test_nested_schema PASSED      [ 70%]
[  119s] jsonweb/tests/test_schema.py::TestSchema::test_non_nested_obj_schema PASSED [ 71%]
[  119s] jsonweb/tests/test_schema.py::TestSchema::test_raises_validation_error PASSED [ 72%]
[  119s] jsonweb/tests/test_schema.py::TestSchema::test_subclasses_inherit_validators_from_base_schema PASSED [ 74%]
[  119s] jsonweb/tests/test_validators.py::TestEachValidator::test_boolean_validator PASSED [ 75%]
[  119s] jsonweb/tests/test_validators.py::TestEachValidator::test_datetime_validator PASSED [ 76%]
[  119s] jsonweb/tests/test_validators.py::TestEachValidator::test_dict_key_validator PASSED [ 77%]
[  119s] jsonweb/tests/test_validators.py::TestEachValidator::test_dict_validator PASSED [ 79%]
[  119s] jsonweb/tests/test_validators.py::TestEachValidator::test_ensuretype_validator PASSED [ 80%]
[  119s] jsonweb/tests/test_validators.py::TestEachValidator::test_float_validator PASSED [ 81%]
[  119s] jsonweb/tests/test_validators.py::TestEachValidator::test_integer_validator PASSED [ 83%]
[  119s] jsonweb/tests/test_validators.py::TestEachValidator::test_list_validator PASSED [ 84%]
[  119s] jsonweb/tests/test_validators.py::TestEachValidator::test_nullable_is_true PASSED [ 85%]
[  119s] jsonweb/tests/test_validators.py::TestEachValidator::test_number_validator PASSED [ 87%]
[  119s] jsonweb/tests/test_validators.py::TestEachValidator::test_one_of_validator PASSED [ 88%]
[  119s] jsonweb/tests/test_validators.py::TestEachValidator::test_regex_validator PASSED [ 89%]
[  119s] jsonweb/tests/test_validators.py::TestEachValidator::test_string_validator PASSED [ 90%]
[  119s] jsonweb/tests/test_validators.py::TestEachValidator::test_string_validator_max_len_kw PASSED [ 92%]
[  119s] jsonweb/tests/test_validators.py::TestEachValidator::test_string_validator_min_len_kw PASSED [ 93%]
[  119s] jsonweb/tests/test_validators.py::TestEachValidator::test_sub_set_of_validator PASSED [ 94%]
[  119s] jsonweb/tests/test_validators.py::TestValidationError::test_to_json_with_errors PASSED [ 96%]
[  119s] jsonweb/tests/test_validators.py::TestValidationError::test_to_json_with_extras PASSED [ 97%]
[  119s] jsonweb/tests/test_validators.py::TestValidationError::test_to_json_with_no_errors PASSED [ 98%]
[  119s] jsonweb/tests/test_validators.py::TestValidationError::test_to_json_with_reason_code PASSED [100%]
[  119s] 
[  119s] =============================== warnings summary ===============================
[  119s] jsonweb/tests/test_decode.py: 25 warnings
[  119s] jsonweb/tests/test_decode_schema.py: 22 warnings
[  119s] jsonweb/tests/test_schema.py: 2 warnings
[  119s]   /home/abuild/rpmbuild/BUILD/JsonWeb-0.8.2/jsonweb/decode.py:234: DeprecationWarning: inspect.getargspec() is deprecated since Python 3.0, use inspect.signature() or inspect.getfullargspec()
[  119s]     arg_spec = inspect.getargspec(func)
[  119s] 
[  119s] -- Docs: https://docs.pytest.org/en/stable/how-to/capture-warnings.html
[  119s] ======================= 77 passed, 49 warnings in 2.24s ========================
[  119s] ++ '[' -f _current_flavor ']'
[  119s] ++ cat _current_flavor
[  120s] + last_flavor=python38
[  120s] + '[' -z python38 ']'
[  120s] + '[' python38 '!=' python39 ']'
[  120s] + '[' -d build ']'
[  120s] + mv build _build.python38
[  120s] + '[' -d _build.python39 ']'
[  120s] + mv _build.python39 build
[  120s] + echo python39
[  120s] + python_flavor=python39
[  120s] + PYTHONPATH=/home/abuild/rpmbuild/BUILDROOT/python-JsonWeb-0.8.2-5.8.riscv64/usr/lib/python3.9/site-packages
[  120s] + PYTHONDONTWRITEBYTECODE=1
[  120s] + pytest-3.9 --ignore=_build.python38 --ignore=_build.python39 --ignore=_build.python311 --ignore=_build.python310 -v
[  123s] ============================= test session starts ==============================
[  123s] platform linux -- Python 3.9.16, pytest-7.2.0, pluggy-1.0.0 -- /usr/bin/python3.9
[  123s] cachedir: .pytest_cache
[  123s] rootdir: /home/abuild/rpmbuild/BUILD/JsonWeb-0.8.2
[  124s] collecting ... collected 77 items
[  124s] 
[  124s] jsonweb/tests/test_decode.py::TestJsonWebObjectDecoder::test_bad__init__raises_error PASSED [  1%]
[  124s] jsonweb/tests/test_decode.py::TestJsonWebObjectDecoder::test_class_kw_args_are_optional PASSED [  2%]
[  124s] jsonweb/tests/test_decode.py::TestJsonWebObjectDecoder::test_configured_object_hook_closure PASSED [  3%]
[  124s] jsonweb/tests/test_decode.py::TestJsonWebObjectDecoder::test_decode_as_type PASSED [  5%]
[  124s] jsonweb/tests/test_decode.py::TestJsonWebObjectDecoder::test_decodes_to_class_instance PASSED [  6%]
[  124s] jsonweb/tests/test_decode.py::TestJsonWebObjectDecoder::test_ensure_type_kw_argument PASSED [  7%]
[  124s] jsonweb/tests/test_decode.py::TestJsonWebObjectDecoder::test_generated_handler_missing_required_attrs_raise_error PASSED [  9%]
[  124s] jsonweb/tests/test_decode.py::TestJsonWebObjectDecoder::test_ignores_extra_keys_in_json PASSED [ 10%]
[  124s] jsonweb/tests/test_decode.py::TestJsonWebObjectDecoder::test_invalid_json_raises_JsonDecodeError PASSED [ 11%]
[  124s] jsonweb/tests/test_decode.py::TestJsonWebObjectDecoder::test_supplied__type__trumps_as_type PASSED [ 12%]
[  124s] jsonweb/tests/test_decode.py::TestJsonWebObjectDecoder::test_supplied_handler_decodes_to_class_instance PASSED [ 14%]
[  124s] jsonweb/tests/test_decode.py::TestJsonWebObjectDecoder::test_supplied_handler_dict PASSED [ 15%]
[  124s] jsonweb/tests/test_decode.py::TestJsonWebObjectDecoder::test_supplied_handler_dict_overrides_from_object PASSED [ 16%]
[  124s] jsonweb/tests/test_decode.py::TestJsonWebObjectDecoder::test_supplied_handler_missing_required_attrs_raise_error PASSED [ 18%]
[  124s] jsonweb/tests/test_decode.py::TestJsonWebObjectDecoder::test_supplied_type_with_as_type PASSED [ 19%]
[  124s] jsonweb/tests/test_decode_schema.py::TestDecodeSchema::test_EnsureType_invoked_via_List_validator_honors_string_class_names PASSED [ 20%]
[  124s] jsonweb/tests/test_decode_schema.py::TestDecodeSchema::test_class_name_as_string_to_ensuretype PASSED [ 22%]
[  124s] jsonweb/tests/test_decode_schema.py::TestDecodeSchema::test_class_name_as_string_to_ensuretype_no_such_class PASSED [ 23%]
[  124s] jsonweb/tests/test_decode_schema.py::TestDecodeSchema::test_decode_with_schema PASSED [ 24%]
[  124s] jsonweb/tests/test_decode_schema.py::TestDecodeSchema::test_decode_with_schema_raises_error PASSED [ 25%]
[  124s] jsonweb/tests/test_decode_schema.py::TestDecodeSchema::test_map_schema_called_before_class_is_decorated PASSED [ 27%]
[  124s] jsonweb/tests/test_decode_schema.py::TestDecodeSchema::test_map_schema_func PASSED [ 28%]
[  124s] jsonweb/tests/test_decode_schema.py::TestDecodeSchema::test_mixed_type_schema PASSED [ 29%]
[  124s] jsonweb/tests/test_decode_schema.py::TestDecodeSchema::test_schemas_do_not_run_when_validate_kw_is_false PASSED [ 31%]
[  124s] jsonweb/tests/test_encode.py::TestJsonEncode::test_attributes_are_suppressed PASSED [ 32%]
[  124s] jsonweb/tests/test_encode.py::TestJsonEncode::test_exclude_nulls_kw_arg_to_dumper PASSED [ 33%]
[  124s] jsonweb/tests/test_encode.py::TestJsonEncode::test_exclude_nulls_kw_args_to_object PASSED [ 35%]
[  124s] jsonweb/tests/test_encode.py::TestJsonEncode::test_exclude_nulls_on_dumper_trumps_to_object PASSED [ 36%]
[  124s] jsonweb/tests/test_encode.py::TestJsonEncode::test_handler_decorator_for_list PASSED [ 37%]
[  124s] jsonweb/tests/test_encode.py::TestJsonEncode::test_handler_decorator_for_object PASSED [ 38%]
[  124s] jsonweb/tests/test_encode.py::TestJsonEncode::test_json_list_decorator PASSED [ 40%]
[  124s] jsonweb/tests/test_encode.py::TestJsonEncode::test_json_object_decorator PASSED [ 41%]
[  124s] jsonweb/tests/test_encode.py::TestJsonEncode::test_methods_dont_get_serialized PASSED [ 42%]
[  124s] jsonweb/tests/test_encode.py::TestJsonEncode::test_stacked_decorators PASSED [ 44%]
[  124s] jsonweb/tests/test_encode.py::TestJsonEncode::test_subclass_json_web_encoder PASSED [ 45%]
[  124s] jsonweb/tests/test_encode.py::TestJsonEncode::test_supplied_handlers_kw_to_dumper PASSED [ 46%]
[  124s] jsonweb/tests/test_encode.py::TestJsonEncode::test_supplied_obj_handler PASSED [ 48%]
[  124s] jsonweb/tests/test_encode.py::TestJsonEncode::test_suppress__type__attribute PASSED [ 49%]
[  124s] jsonweb/tests/test_encode.py::TestJsonEncode::test_suppress_kw_arg_to_dumper PASSED [ 50%]
[  124s] jsonweb/tests/test_local.py::TestLocalStack::test_each_thread_has_own_stack PASSED [ 51%]
[  124s] jsonweb/tests/test_local.py::TestLocalStack::test_pop_on_empty_stack_returns_None PASSED [ 53%]
[  124s] jsonweb/tests/test_local.py::TestLocalStack::test_push_and_pop PASSED    [ 54%]
[  124s] jsonweb/tests/test_py3k.py::TestPy3k::test_PY3K_is_set_correctly PASSED  [ 55%]
[  124s] jsonweb/tests/test_py3k.py::TestPy3k::test_basestring_is_set_correctly PASSED [ 57%]
[  124s] jsonweb/tests/test_py3k.py::TestPy3k::test_items PASSED                  [ 58%]
[  124s] jsonweb/tests/test_schema.py::TestSchema::test_EnsureType_kw_arguments_stick_around PASSED [ 59%]
[  124s] jsonweb/tests/test_schema.py::TestSchema::test_EnsureType_raises_validation_error PASSED [ 61%]
[  124s] jsonweb/tests/test_schema.py::TestSchema::test_attributes_can_be_optional PASSED [ 62%]
[  124s] jsonweb/tests/test_schema.py::TestSchema::test_attributes_can_have_default_values PASSED [ 63%]
[  124s] jsonweb/tests/test_schema.py::TestSchema::test_compound_error PASSED     [ 64%]
[  125s] jsonweb/tests/test_schema.py::TestSchema::test_create PASSED             [ 66%]
[  125s] jsonweb/tests/test_schema.py::TestSchema::test_kw_args_are_passed_correctly PASSED [ 67%]
[  125s] jsonweb/tests/test_schema.py::TestSchema::test_list_schema_error PASSED  [ 68%]
[  125s] jsonweb/tests/test_schema.py::TestSchema::test_nested_schema PASSED      [ 70%]
[  125s] jsonweb/tests/test_schema.py::TestSchema::test_non_nested_obj_schema PASSED [ 71%]
[  125s] jsonweb/tests/test_schema.py::TestSchema::test_raises_validation_error PASSED [ 72%]
[  125s] jsonweb/tests/test_schema.py::TestSchema::test_subclasses_inherit_validators_from_base_schema PASSED [ 74%]
[  125s] jsonweb/tests/test_validators.py::TestEachValidator::test_boolean_validator PASSED [ 75%]
[  125s] jsonweb/tests/test_validators.py::TestEachValidator::test_datetime_validator PASSED [ 76%]
[  125s] jsonweb/tests/test_validators.py::TestEachValidator::test_dict_key_validator PASSED [ 77%]
[  125s] jsonweb/tests/test_validators.py::TestEachValidator::test_dict_validator PASSED [ 79%]
[  125s] jsonweb/tests/test_validators.py::TestEachValidator::test_ensuretype_validator PASSED [ 80%]
[  125s] jsonweb/tests/test_validators.py::TestEachValidator::test_float_validator PASSED [ 81%]
[  125s] jsonweb/tests/test_validators.py::TestEachValidator::test_integer_validator PASSED [ 83%]
[  125s] jsonweb/tests/test_validators.py::TestEachValidator::test_list_validator PASSED [ 84%]
[  125s] jsonweb/tests/test_validators.py::TestEachValidator::test_nullable_is_true PASSED [ 85%]
[  125s] jsonweb/tests/test_validators.py::TestEachValidator::test_number_validator PASSED [ 87%]
[  125s] jsonweb/tests/test_validators.py::TestEachValidator::test_one_of_validator PASSED [ 88%]
[  125s] jsonweb/tests/test_validators.py::TestEachValidator::test_regex_validator PASSED [ 89%]
[  125s] jsonweb/tests/test_validators.py::TestEachValidator::test_string_validator PASSED [ 90%]
[  125s] jsonweb/tests/test_validators.py::TestEachValidator::test_string_validator_max_len_kw PASSED [ 92%]
[  125s] jsonweb/tests/test_validators.py::TestEachValidator::test_string_validator_min_len_kw PASSED [ 93%]
[  125s] jsonweb/tests/test_validators.py::TestEachValidator::test_sub_set_of_validator PASSED [ 94%]
[  125s] jsonweb/tests/test_validators.py::TestValidationError::test_to_json_with_errors PASSED [ 96%]
[  125s] jsonweb/tests/test_validators.py::TestValidationError::test_to_json_with_extras PASSED [ 97%]
[  125s] jsonweb/tests/test_validators.py::TestValidationError::test_to_json_with_no_errors PASSED [ 98%]
[  125s] jsonweb/tests/test_validators.py::TestValidationError::test_to_json_with_reason_code PASSED [100%]
[  125s] 
[  125s] =============================== warnings summary ===============================
[  125s] jsonweb/tests/test_decode.py: 25 warnings
[  125s] jsonweb/tests/test_decode_schema.py: 22 warnings
[  125s] jsonweb/tests/test_schema.py: 2 warnings
[  125s]   /home/abuild/rpmbuild/BUILD/JsonWeb-0.8.2/jsonweb/decode.py:234: DeprecationWarning: inspect.getargspec() is deprecated since Python 3.0, use inspect.signature() or inspect.getfullargspec()
[  125s]     arg_spec = inspect.getargspec(func)
[  125s] 
[  125s] -- Docs: https://docs.pytest.org/en/stable/how-to/capture-warnings.html
[  125s] ======================= 77 passed, 49 warnings in 2.29s ========================
[  125s] ++ '[' -f _current_flavor ']'
[  125s] ++ cat _current_flavor
[  125s] + last_flavor=python39
[  125s] + '[' -z python39 ']'
[  125s] + '[' python39 '!=' python311 ']'
[  125s] + '[' -d build ']'
[  125s] + mv build _build.python39
[  125s] + '[' -d _build.python311 ']'
[  125s] + mv _build.python311 build
[  125s] + echo python311
[  125s] + python_flavor=python311
[  125s] + PYTHONPATH=/home/abuild/rpmbuild/BUILDROOT/python-JsonWeb-0.8.2-5.8.riscv64/usr/lib/python3.11/site-packages
[  125s] + PYTHONDONTWRITEBYTECODE=1
[  125s] + pytest-3.11 --ignore=_build.python38 --ignore=_build.python39 --ignore=_build.python311 --ignore=_build.python310 -v
[  128s] ============================= test session starts ==============================
[  128s] platform linux -- Python 3.11.1, pytest-7.2.0, pluggy-1.0.0 -- /usr/bin/python3.11
[  128s] cachedir: .pytest_cache
[  128s] rootdir: /home/abuild/rpmbuild/BUILD/JsonWeb-0.8.2
[  129s] collecting ... collected 77 items
[  129s] 
[  130s] jsonweb/tests/test_decode.py::TestJsonWebObjectDecoder::test_bad__init__raises_error FAILED [  1%]
[  130s] jsonweb/tests/test_decode.py::TestJsonWebObjectDecoder::test_class_kw_args_are_optional FAILED [  2%]
[  130s] jsonweb/tests/test_decode.py::TestJsonWebObjectDecoder::test_configured_object_hook_closure PASSED [  3%]
[  130s] jsonweb/tests/test_decode.py::TestJsonWebObjectDecoder::test_decode_as_type FAILED [  5%]
[  130s] jsonweb/tests/test_decode.py::TestJsonWebObjectDecoder::test_decodes_to_class_instance FAILED [  6%]
[  130s] jsonweb/tests/test_decode.py::TestJsonWebObjectDecoder::test_ensure_type_kw_argument FAILED [  7%]
[  131s] jsonweb/tests/test_decode.py::TestJsonWebObjectDecoder::test_generated_handler_missing_required_attrs_raise_error FAILED [  9%]
[  131s] jsonweb/tests/test_decode.py::TestJsonWebObjectDecoder::test_ignores_extra_keys_in_json FAILED [ 10%]
[  131s] jsonweb/tests/test_decode.py::TestJsonWebObjectDecoder::test_invalid_json_raises_JsonDecodeError PASSED [ 11%]
[  131s] jsonweb/tests/test_decode.py::TestJsonWebObjectDecoder::test_supplied__type__trumps_as_type FAILED [ 12%]
[  131s] jsonweb/tests/test_decode.py::TestJsonWebObjectDecoder::test_supplied_handler_decodes_to_class_instance PASSED [ 14%]
[  131s] jsonweb/tests/test_decode.py::TestJsonWebObjectDecoder::test_supplied_handler_dict PASSED [ 15%]
[  131s] jsonweb/tests/test_decode.py::TestJsonWebObjectDecoder::test_supplied_handler_dict_overrides_from_object FAILED [ 16%]
[  131s] jsonweb/tests/test_decode.py::TestJsonWebObjectDecoder::test_supplied_handler_missing_required_attrs_raise_error PASSED [ 18%]
[  132s] jsonweb/tests/test_decode.py::TestJsonWebObjectDecoder::test_supplied_type_with_as_type FAILED [ 19%]
[  132s] jsonweb/tests/test_decode_schema.py::TestDecodeSchema::test_EnsureType_invoked_via_List_validator_honors_string_class_names FAILED [ 20%]
[  132s] jsonweb/tests/test_decode_schema.py::TestDecodeSchema::test_class_name_as_string_to_ensuretype FAILED [ 22%]
[  132s] jsonweb/tests/test_decode_schema.py::TestDecodeSchema::test_class_name_as_string_to_ensuretype_no_such_class FAILED [ 23%]
[  132s] jsonweb/tests/test_decode_schema.py::TestDecodeSchema::test_decode_with_schema FAILED [ 24%]
[  132s] jsonweb/tests/test_decode_schema.py::TestDecodeSchema::test_decode_with_schema_raises_error FAILED [ 25%]
[  133s] jsonweb/tests/test_decode_schema.py::TestDecodeSchema::test_map_schema_called_before_class_is_decorated FAILED [ 27%]
[  133s] jsonweb/tests/test_decode_schema.py::TestDecodeSchema::test_map_schema_func FAILED [ 28%]
[  133s] jsonweb/tests/test_decode_schema.py::TestDecodeSchema::test_mixed_type_schema FAILED [ 29%]
[  133s] jsonweb/tests/test_decode_schema.py::TestDecodeSchema::test_schemas_do_not_run_when_validate_kw_is_false FAILED [ 31%]
[  133s] jsonweb/tests/test_encode.py::TestJsonEncode::test_attributes_are_suppressed PASSED [ 32%]
[  133s] jsonweb/tests/test_encode.py::TestJsonEncode::test_exclude_nulls_kw_arg_to_dumper PASSED [ 33%]
[  133s] jsonweb/tests/test_encode.py::TestJsonEncode::test_exclude_nulls_kw_args_to_object PASSED [ 35%]
[  133s] jsonweb/tests/test_encode.py::TestJsonEncode::test_exclude_nulls_on_dumper_trumps_to_object PASSED [ 36%]
[  133s] jsonweb/tests/test_encode.py::TestJsonEncode::test_handler_decorator_for_list PASSED [ 37%]
[  133s] jsonweb/tests/test_encode.py::TestJsonEncode::test_handler_decorator_for_object PASSED [ 38%]
[  133s] jsonweb/tests/test_encode.py::TestJsonEncode::test_json_list_decorator PASSED [ 40%]
[  133s] jsonweb/tests/test_encode.py::TestJsonEncode::test_json_object_decorator PASSED [ 41%]
[  133s] jsonweb/tests/test_encode.py::TestJsonEncode::test_methods_dont_get_serialized PASSED [ 42%]
[  133s] jsonweb/tests/test_encode.py::TestJsonEncode::test_stacked_decorators PASSED [ 44%]
[  133s] jsonweb/tests/test_encode.py::TestJsonEncode::test_subclass_json_web_encoder PASSED [ 45%]
[  133s] jsonweb/tests/test_encode.py::TestJsonEncode::test_supplied_handlers_kw_to_dumper PASSED [ 46%]
[  133s] jsonweb/tests/test_encode.py::TestJsonEncode::test_supplied_obj_handler PASSED [ 48%]
[  133s] jsonweb/tests/test_encode.py::TestJsonEncode::test_suppress__type__attribute PASSED [ 49%]
[  133s] jsonweb/tests/test_encode.py::TestJsonEncode::test_suppress_kw_arg_to_dumper PASSED [ 50%]
[  133s] jsonweb/tests/test_local.py::TestLocalStack::test_each_thread_has_own_stack PASSED [ 51%]
[  133s] jsonweb/tests/test_local.py::TestLocalStack::test_pop_on_empty_stack_returns_None PASSED [ 53%]
[  133s] jsonweb/tests/test_local.py::TestLocalStack::test_push_and_pop PASSED    [ 54%]
[  133s] jsonweb/tests/test_py3k.py::TestPy3k::test_PY3K_is_set_correctly PASSED  [ 55%]
[  134s] jsonweb/tests/test_py3k.py::TestPy3k::test_basestring_is_set_correctly PASSED [ 57%]
[  134s] jsonweb/tests/test_py3k.py::TestPy3k::test_items PASSED                  [ 58%]
[  134s] jsonweb/tests/test_schema.py::TestSchema::test_EnsureType_kw_arguments_stick_around FAILED [ 59%]
[  134s] jsonweb/tests/test_schema.py::TestSchema::test_EnsureType_raises_validation_error PASSED [ 61%]
[  134s] jsonweb/tests/test_schema.py::TestSchema::test_attributes_can_be_optional PASSED [ 62%]
[  134s] jsonweb/tests/test_schema.py::TestSchema::test_attributes_can_have_default_values PASSED [ 63%]
[  134s] jsonweb/tests/test_schema.py::TestSchema::test_compound_error PASSED     [ 64%]
[  134s] jsonweb/tests/test_schema.py::TestSchema::test_create PASSED             [ 66%]
[  134s] jsonweb/tests/test_schema.py::TestSchema::test_kw_args_are_passed_correctly PASSED [ 67%]
[  134s] jsonweb/tests/test_schema.py::TestSchema::test_list_schema_error PASSED  [ 68%]
[  134s] jsonweb/tests/test_schema.py::TestSchema::test_nested_schema PASSED      [ 70%]
[  134s] jsonweb/tests/test_schema.py::TestSchema::test_non_nested_obj_schema PASSED [ 71%]
[  134s] jsonweb/tests/test_schema.py::TestSchema::test_raises_validation_error PASSED [ 72%]
[  134s] jsonweb/tests/test_schema.py::TestSchema::test_subclasses_inherit_validators_from_base_schema PASSED [ 74%]
[  134s] jsonweb/tests/test_validators.py::TestEachValidator::test_boolean_validator PASSED [ 75%]
[  134s] jsonweb/tests/test_validators.py::TestEachValidator::test_datetime_validator PASSED [ 76%]
[  134s] jsonweb/tests/test_validators.py::TestEachValidator::test_dict_key_validator PASSED [ 77%]
[  134s] jsonweb/tests/test_validators.py::TestEachValidator::test_dict_validator PASSED [ 79%]
[  134s] jsonweb/tests/test_validators.py::TestEachValidator::test_ensuretype_validator PASSED [ 80%]
[  134s] jsonweb/tests/test_validators.py::TestEachValidator::test_float_validator PASSED [ 81%]
[  134s] jsonweb/tests/test_validators.py::TestEachValidator::test_integer_validator PASSED [ 83%]
[  134s] jsonweb/tests/test_validators.py::TestEachValidator::test_list_validator PASSED [ 84%]
[  134s] jsonweb/tests/test_validators.py::TestEachValidator::test_nullable_is_true PASSED [ 85%]
[  134s] jsonweb/tests/test_validators.py::TestEachValidator::test_number_validator PASSED [ 87%]
[  134s] jsonweb/tests/test_validators.py::TestEachValidator::test_one_of_validator PASSED [ 88%]
[  134s] jsonweb/tests/test_validators.py::TestEachValidator::test_regex_validator PASSED [ 89%]
[  134s] jsonweb/tests/test_validators.py::TestEachValidator::test_string_validator PASSED [ 90%]
[  134s] jsonweb/tests/test_validators.py::TestEachValidator::test_string_validator_max_len_kw PASSED [ 92%]
[  134s] jsonweb/tests/test_validators.py::TestEachValidator::test_string_validator_min_len_kw PASSED [ 93%]
[  134s] jsonweb/tests/test_validators.py::TestEachValidator::test_sub_set_of_validator PASSED [ 94%]
[  134s] jsonweb/tests/test_validators.py::TestValidationError::test_to_json_with_errors PASSED [ 96%]
[  134s] jsonweb/tests/test_validators.py::TestValidationError::test_to_json_with_extras PASSED [ 97%]
[  134s] jsonweb/tests/test_validators.py::TestValidationError::test_to_json_with_no_errors PASSED [ 98%]
[  134s] jsonweb/tests/test_validators.py::TestValidationError::test_to_json_with_reason_code PASSED [100%]
[  134s] 
[  134s] =================================== FAILURES ===================================
[  134s] ____________ TestJsonWebObjectDecoder.test_bad__init__raises_error _____________
[  134s] 
[  134s] self = <jsonweb.tests.test_decode.TestJsonWebObjectDecoder testMethod=test_bad__init__raises_error>
[  134s] 
[  134s]     def test_bad__init__raises_error(self):
[  134s]         """
[  134s]         Test that if a class has a no argument __init__ method or a *args/**kw only __init__
[  134s]         method a JsonWebError is raised.
[  134s]         """
[  134s]         with self.assertRaises(JsonWebError) as context:
[  134s] >           @from_object()
[  134s] 
[  134s] jsonweb/tests/test_decode.py:108: 
[  134s] _ _ _ _ _ _ _ _ _ _ _ _ _ _ _ _ _ _ _ _ _ _ _ _ _ _ _ _ _ _ _ _ _ _ _ _ _ _ _ _ 
[  134s] jsonweb/decode.py:396: in wrapper
[  134s]     cls, handler or get_jsonweb_handler(cls), type_name, schema
[  134s] jsonweb/decode.py:255: in get_jsonweb_handler
[  134s]     arg_spec = get_arg_spec(cls.__init__)
[  134s] _ _ _ _ _ _ _ _ _ _ _ _ _ _ _ _ _ _ _ _ _ _ _ _ _ _ _ _ _ _ _ _ _ _ _ _ _ _ _ _ 
[  134s] 
[  134s]     def get_arg_spec(func):
[  134s] >       arg_spec = inspect.getargspec(func)
[  134s] E       AttributeError: module 'inspect' has no attribute 'getargspec'
[  134s] 
[  134s] jsonweb/decode.py:234: AttributeError
[  134s] ___________ TestJsonWebObjectDecoder.test_class_kw_args_are_optional ___________
[  134s] 
[  134s] self = <jsonweb.tests.test_decode.TestJsonWebObjectDecoder testMethod=test_class_kw_args_are_optional>
[  134s] 
[  134s]     def test_class_kw_args_are_optional(self):
[  134s]         """
[  134s]         Test that class keyword agruments are optional
[  134s]         """
[  134s]     
[  134s] >       @from_object()
[  134s] 
[  134s] jsonweb/tests/test_decode.py:57: 
[  134s] _ _ _ _ _ _ _ _ _ _ _ _ _ _ _ _ _ _ _ _ _ _ _ _ _ _ _ _ _ _ _ _ _ _ _ _ _ _ _ _ 
[  134s] jsonweb/decode.py:396: in wrapper
[  134s]     cls, handler or get_jsonweb_handler(cls), type_name, schema
[  134s] jsonweb/decode.py:255: in get_jsonweb_handler
[  134s]     arg_spec = get_arg_spec(cls.__init__)
[  134s] _ _ _ _ _ _ _ _ _ _ _ _ _ _ _ _ _ _ _ _ _ _ _ _ _ _ _ _ _ _ _ _ _ _ _ _ _ _ _ _ 
[  134s] 
[  134s] func = <function TestJsonWebObjectDecoder.test_class_kw_args_are_optional.<locals>.Person.__init__ at 0x4003f2b6a0>
[  134s] 
[  134s]     def get_arg_spec(func):
[  134s] >       arg_spec = inspect.getargspec(func)
[  134s] E       AttributeError: module 'inspect' has no attribute 'getargspec'
[  134s] 
[  134s] jsonweb/decode.py:234: AttributeError
[  134s] _________________ TestJsonWebObjectDecoder.test_decode_as_type _________________
[  134s] 
[  134s] self = <jsonweb.tests.test_decode.TestJsonWebObjectDecoder testMethod=test_decode_as_type>
[  134s] 
[  134s]     def test_decode_as_type(self):
[  134s]     
[  134s] >       @decode.from_object()
[  134s] 
[  134s] jsonweb/tests/test_decode.py:329: 
[  134s] _ _ _ _ _ _ _ _ _ _ _ _ _ _ _ _ _ _ _ _ _ _ _ _ _ _ _ _ _ _ _ _ _ _ _ _ _ _ _ _ 
[  134s] jsonweb/decode.py:396: in wrapper
[  134s]     cls, handler or get_jsonweb_handler(cls), type_name, schema
[  134s] jsonweb/decode.py:255: in get_jsonweb_handler
[  134s]     arg_spec = get_arg_spec(cls.__init__)
[  134s] _ _ _ _ _ _ _ _ _ _ _ _ _ _ _ _ _ _ _ _ _ _ _ _ _ _ _ _ _ _ _ _ _ _ _ _ _ _ _ _ 
[  134s] 
[  134s] func = <function TestJsonWebObjectDecoder.test_decode_as_type.<locals>.Person.__init__ at 0x4003f2bba0>
[  134s] 
[  134s]     def get_arg_spec(func):
[  134s] >       arg_spec = inspect.getargspec(func)
[  134s] E       AttributeError: module 'inspect' has no attribute 'getargspec'
[  134s] 
[  134s] jsonweb/decode.py:234: AttributeError
[  134s] ___________ TestJsonWebObjectDecoder.test_decodes_to_class_instance ____________
[  134s] 
[  134s] self = <jsonweb.tests.test_decode.TestJsonWebObjectDecoder testMethod=test_decodes_to_class_instance>
[  134s] 
[  134s]     def test_decodes_to_class_instance(self):
[  134s]         from jsonweb.decode import from_object, loader
[  134s]     
[  134s] >       @from_object()
[  134s] 
[  134s] jsonweb/tests/test_decode.py:17: 
[  134s] _ _ _ _ _ _ _ _ _ _ _ _ _ _ _ _ _ _ _ _ _ _ _ _ _ _ _ _ _ _ _ _ _ _ _ _ _ _ _ _ 
[  134s] jsonweb/decode.py:396: in wrapper
[  134s]     cls, handler or get_jsonweb_handler(cls), type_name, schema
[  134s] jsonweb/decode.py:255: in get_jsonweb_handler
[  134s]     arg_spec = get_arg_spec(cls.__init__)
[  134s] _ _ _ _ _ _ _ _ _ _ _ _ _ _ _ _ _ _ _ _ _ _ _ _ _ _ _ _ _ _ _ _ _ _ _ _ _ _ _ _ 
[  134s] 
[  134s] func = <function TestJsonWebObjectDecoder.test_decodes_to_class_instance.<locals>.Person.__init__ at 0x4003f340e0>
[  134s] 
[  134s]     def get_arg_spec(func):
[  134s] >       arg_spec = inspect.getargspec(func)
[  134s] E       AttributeError: module 'inspect' has no attribute 'getargspec'
[  134s] 
[  134s] jsonweb/decode.py:234: AttributeError
[  134s] ____________ TestJsonWebObjectDecoder.test_ensure_type_kw_argument _____________
[  134s] 
[  134s] self = <jsonweb.tests.test_decode.TestJsonWebObjectDecoder testMethod=test_ensure_type_kw_argument>
[  134s] 
[  134s]     def test_ensure_type_kw_argument(self):
[  134s]     
[  134s] >       @from_object()
[  134s] 
[  134s] jsonweb/tests/test_decode.py:305: 
[  134s] _ _ _ _ _ _ _ _ _ _ _ _ _ _ _ _ _ _ _ _ _ _ _ _ _ _ _ _ _ _ _ _ _ _ _ _ _ _ _ _ 
[  134s] jsonweb/decode.py:396: in wrapper
[  134s]     cls, handler or get_jsonweb_handler(cls), type_name, schema
[  134s] jsonweb/decode.py:255: in get_jsonweb_handler
[  134s]     arg_spec = get_arg_spec(cls.__init__)
[  134s] _ _ _ _ _ _ _ _ _ _ _ _ _ _ _ _ _ _ _ _ _ _ _ _ _ _ _ _ _ _ _ _ _ _ _ _ _ _ _ _ 
[  134s] 
[  134s] func = <function TestJsonWebObjectDecoder.test_ensure_type_kw_argument.<locals>.Person.__init__ at 0x4003f342c0>
[  134s] 
[  134s]     def get_arg_spec(func):
[  134s] >       arg_spec = inspect.getargspec(func)
[  134s] E       AttributeError: module 'inspect' has no attribute 'getargspec'
[  134s] 
[  134s] jsonweb/decode.py:234: AttributeError
[  134s] _ TestJsonWebObjectDecoder.test_generated_handler_missing_required_attrs_raise_error _
[  134s] 
[  134s] self = <jsonweb.tests.test_decode.TestJsonWebObjectDecoder testMethod=test_generated_handler_missing_required_attrs_raise_error>
[  134s] 
[  134s]     def test_generated_handler_missing_required_attrs_raise_error(self):
[  134s]         """
[  134s]         KeyErrors raised from within JsonWebObjectHandler should be caught and
[  134s]         turned into ObjectAttributeErrors.
[  134s]         """
[  134s]     
[  134s] >       @from_object()
[  134s] 
[  134s] jsonweb/tests/test_decode.py:151: 
[  134s] _ _ _ _ _ _ _ _ _ _ _ _ _ _ _ _ _ _ _ _ _ _ _ _ _ _ _ _ _ _ _ _ _ _ _ _ _ _ _ _ 
[  134s] jsonweb/decode.py:396: in wrapper
[  134s]     cls, handler or get_jsonweb_handler(cls), type_name, schema
[  134s] jsonweb/decode.py:255: in get_jsonweb_handler
[  134s]     arg_spec = get_arg_spec(cls.__init__)
[  134s] _ _ _ _ _ _ _ _ _ _ _ _ _ _ _ _ _ _ _ _ _ _ _ _ _ _ _ _ _ _ _ _ _ _ _ _ _ _ _ _ 
[  134s] 
[  134s] func = <function TestJsonWebObjectDecoder.test_generated_handler_missing_required_attrs_raise_error.<locals>.Person.__init__ at 0x4003f34680>
[  134s] 
[  134s]     def get_arg_spec(func):
[  134s] >       arg_spec = inspect.getargspec(func)
[  134s] E       AttributeError: module 'inspect' has no attribute 'getargspec'
[  134s] 
[  134s] jsonweb/decode.py:234: AttributeError
[  134s] ___________ TestJsonWebObjectDecoder.test_ignores_extra_keys_in_json ___________
[  134s] 
[  134s] self = <jsonweb.tests.test_decode.TestJsonWebObjectDecoder testMethod=test_ignores_extra_keys_in_json>
[  134s] 
[  134s]     def test_ignores_extra_keys_in_json(self):
[  134s]     
[  134s] >       @from_object()
[  134s] 
[  134s] jsonweb/tests/test_decode.py:85: 
[  134s] _ _ _ _ _ _ _ _ _ _ _ _ _ _ _ _ _ _ _ _ _ _ _ _ _ _ _ _ _ _ _ _ _ _ _ _ _ _ _ _ 
[  134s] jsonweb/decode.py:396: in wrapper
[  134s]     cls, handler or get_jsonweb_handler(cls), type_name, schema
[  134s] jsonweb/decode.py:255: in get_jsonweb_handler
[  134s]     arg_spec = get_arg_spec(cls.__init__)
[  134s] _ _ _ _ _ _ _ _ _ _ _ _ _ _ _ _ _ _ _ _ _ _ _ _ _ _ _ _ _ _ _ _ _ _ _ _ _ _ _ _ 
[  134s] 
[  134s] func = <function TestJsonWebObjectDecoder.test_ignores_extra_keys_in_json.<locals>.Person.__init__ at 0x400355bec0>
[  134s] 
[  134s]     def get_arg_spec(func):
[  134s] >       arg_spec = inspect.getargspec(func)
[  134s] E       AttributeError: module 'inspect' has no attribute 'getargspec'
[  134s] 
[  134s] jsonweb/decode.py:234: AttributeError
[  134s] _________ TestJsonWebObjectDecoder.test_supplied__type__trumps_as_type _________
[  134s] 
[  134s] self = <jsonweb.tests.test_decode.TestJsonWebObjectDecoder testMethod=test_supplied__type__trumps_as_type>
[  134s] 
[  134s]     def test_supplied__type__trumps_as_type(self):
[  134s]         """
[  134s]         Test that the __type__ key trumps as_type
[  134s]         """
[  134s]     
[  134s] >       @from_object()
[  134s] 
[  134s] jsonweb/tests/test_decode.py:247: 
[  134s] _ _ _ _ _ _ _ _ _ _ _ _ _ _ _ _ _ _ _ _ _ _ _ _ _ _ _ _ _ _ _ _ _ _ _ _ _ _ _ _ 
[  134s] jsonweb/decode.py:396: in wrapper
[  134s]     cls, handler or get_jsonweb_handler(cls), type_name, schema
[  134s] jsonweb/decode.py:255: in get_jsonweb_handler
[  134s]     arg_spec = get_arg_spec(cls.__init__)
[  134s] _ _ _ _ _ _ _ _ _ _ _ _ _ _ _ _ _ _ _ _ _ _ _ _ _ _ _ _ _ _ _ _ _ _ _ _ _ _ _ _ 
[  134s] 
[  134s] func = <function TestJsonWebObjectDecoder.test_supplied__type__trumps_as_type.<locals>.Person.__init__ at 0x4003f29ee0>
[  134s] 
[  134s]     def get_arg_spec(func):
[  134s] >       arg_spec = inspect.getargspec(func)
[  134s] E       AttributeError: module 'inspect' has no attribute 'getargspec'
[  134s] 
[  134s] jsonweb/decode.py:234: AttributeError
[  134s] __ TestJsonWebObjectDecoder.test_supplied_handler_dict_overrides_from_object ___
[  134s] 
[  134s] self = <jsonweb.tests.test_decode.TestJsonWebObjectDecoder testMethod=test_supplied_handler_dict_overrides_from_object>
[  134s] 
[  134s]     def test_supplied_handler_dict_overrides_from_object(self):
[  134s]         """
[  134s]         Test that a class decorated with from_object can have its
[  134s]         handler and schema overridden with a supplied dict to
[  134s]         decode.object_hook
[  134s]         """
[  134s] >       @from_object()
[  134s] 
[  134s] jsonweb/tests/test_decode.py:195: 
[  134s] _ _ _ _ _ _ _ _ _ _ _ _ _ _ _ _ _ _ _ _ _ _ _ _ _ _ _ _ _ _ _ _ _ _ _ _ _ _ _ _ 
[  134s] jsonweb/decode.py:396: in wrapper
[  134s]     cls, handler or get_jsonweb_handler(cls), type_name, schema
[  134s] jsonweb/decode.py:255: in get_jsonweb_handler
[  134s]     arg_spec = get_arg_spec(cls.__init__)
[  134s] _ _ _ _ _ _ _ _ _ _ _ _ _ _ _ _ _ _ _ _ _ _ _ _ _ _ _ _ _ _ _ _ _ _ _ _ _ _ _ _ 
[  134s] 
[  134s] func = <function TestJsonWebObjectDecoder.test_supplied_handler_dict_overrides_from_object.<locals>.Person.__init__ at 0x4003f34900>
[  134s] 
[  134s]     def get_arg_spec(func):
[  134s] >       arg_spec = inspect.getargspec(func)
[  134s] E       AttributeError: module 'inspect' has no attribute 'getargspec'
[  134s] 
[  134s] jsonweb/decode.py:234: AttributeError
[  134s] ___________ TestJsonWebObjectDecoder.test_supplied_type_with_as_type ___________
[  134s] 
[  134s] self = <jsonweb.tests.test_decode.TestJsonWebObjectDecoder testMethod=test_supplied_type_with_as_type>
[  134s] 
[  134s]     def test_supplied_type_with_as_type(self):
[  134s]         """
[  134s]         Test that specifying an explicit type with ``as_type``
[  134s]         decodes a json string this is missing the ``__type__`` key.
[  134s]         """
[  134s]     
[  134s] >       @from_object()
[  134s] 
[  134s] jsonweb/tests/test_decode.py:224: 
[  134s] _ _ _ _ _ _ _ _ _ _ _ _ _ _ _ _ _ _ _ _ _ _ _ _ _ _ _ _ _ _ _ _ _ _ _ _ _ _ _ _ 
[  134s] jsonweb/decode.py:396: in wrapper
[  134s]     cls, handler or get_jsonweb_handler(cls), type_name, schema
[  134s] jsonweb/decode.py:255: in get_jsonweb_handler
[  134s]     arg_spec = get_arg_spec(cls.__init__)
[  134s] _ _ _ _ _ _ _ _ _ _ _ _ _ _ _ _ _ _ _ _ _ _ _ _ _ _ _ _ _ _ _ _ _ _ _ _ _ _ _ _ 
[  134s] 
[  134s] func = <function TestJsonWebObjectDecoder.test_supplied_type_with_as_type.<locals>.Person.__init__ at 0x4003f34e00>
[  134s] 
[  134s]     def get_arg_spec(func):
[  134s] >       arg_spec = inspect.getargspec(func)
[  134s] E       AttributeError: module 'inspect' has no attribute 'getargspec'
[  134s] 
[  134s] jsonweb/decode.py:234: AttributeError
[  134s] _ TestDecodeSchema.test_EnsureType_invoked_via_List_validator_honors_string_class_names _
[  134s] 
[  134s] self = <jsonweb.tests.test_decode_schema.TestDecodeSchema testMethod=test_EnsureType_invoked_via_List_validator_honors_string_class_names>
[  134s] 
[  134s]     def test_EnsureType_invoked_via_List_validator_honors_string_class_names(self):
[  134s]     
[  134s]         class JobSchema(ObjectSchema):
[  134s]             id = Integer()
[  134s]             title = String()
[  134s]     
[  134s]         class PersonSchema(ObjectSchema):
[  134s]             first_name = String()
[  134s]             last_name = String()
[  134s]             jobs = List(EnsureType("Job"))
[  134s]     
[  134s] >       @from_object(schema=JobSchema)
[  134s] 
[  134s] jsonweb/tests/test_decode_schema.py:233: 
[  134s] _ _ _ _ _ _ _ _ _ _ _ _ _ _ _ _ _ _ _ _ _ _ _ _ _ _ _ _ _ _ _ _ _ _ _ _ _ _ _ _ 
[  134s] jsonweb/decode.py:396: in wrapper
[  134s]     cls, handler or get_jsonweb_handler(cls), type_name, schema
[  134s] jsonweb/decode.py:255: in get_jsonweb_handler
[  134s]     arg_spec = get_arg_spec(cls.__init__)
[  134s] _ _ _ _ _ _ _ _ _ _ _ _ _ _ _ _ _ _ _ _ _ _ _ _ _ _ _ _ _ _ _ _ _ _ _ _ _ _ _ _ 
[  134s] 
[  134s] func = <function TestDecodeSchema.test_EnsureType_invoked_via_List_validator_honors_string_class_names.<locals>.Job.__init__ at 0x4003f2be20>
[  134s] 
[  134s]     def get_arg_spec(func):
[  134s] >       arg_spec = inspect.getargspec(func)
[  134s] E       AttributeError: module 'inspect' has no attribute 'getargspec'
[  134s] 
[  134s] jsonweb/decode.py:234: AttributeError
[  134s] ----------------------------- Captured stdout call -----------------------------
[  134s] clearing handlers
[  134s] ___________ TestDecodeSchema.test_class_name_as_string_to_ensuretype ___________
[  134s] 
[  134s] self = <jsonweb.tests.test_decode_schema.TestDecodeSchema testMethod=test_class_name_as_string_to_ensuretype>
[  134s] 
[  134s]     def test_class_name_as_string_to_ensuretype(self):
[  134s]         """
[  134s]         Test that we can pass a string for a class name to EnsureType. The class
[  134s]         must of course be defined later and decorated with @from_object
[  134s]         """
[  134s]     
[  134s]         class JobSchema(ObjectSchema):
[  134s]             id = Integer()
[  134s]             title = String()
[  134s]     
[  134s]         class PersonSchema(ObjectSchema):
[  134s]             first_name = String()
[  134s]             last_name = String()
[  134s]             job = EnsureType("Job")
[  134s]     
[  134s] >       @from_object(schema=JobSchema)
[  134s] 
[  134s] jsonweb/tests/test_decode_schema.py:89: 
[  134s] _ _ _ _ _ _ _ _ _ _ _ _ _ _ _ _ _ _ _ _ _ _ _ _ _ _ _ _ _ _ _ _ _ _ _ _ _ _ _ _ 
[  134s] jsonweb/decode.py:396: in wrapper
[  134s]     cls, handler or get_jsonweb_handler(cls), type_name, schema
[  134s] jsonweb/decode.py:255: in get_jsonweb_handler
[  134s]     arg_spec = get_arg_spec(cls.__init__)
[  134s] _ _ _ _ _ _ _ _ _ _ _ _ _ _ _ _ _ _ _ _ _ _ _ _ _ _ _ _ _ _ _ _ _ _ _ _ _ _ _ _ 
[  134s] 
[  134s] func = <function TestDecodeSchema.test_class_name_as_string_to_ensuretype.<locals>.Job.__init__ at 0x4003e7eb60>
[  134s] 
[  134s]     def get_arg_spec(func):
[  134s] >       arg_spec = inspect.getargspec(func)
[  134s] E       AttributeError: module 'inspect' has no attribute 'getargspec'
[  134s] 
[  134s] jsonweb/decode.py:234: AttributeError
[  134s] ----------------------------- Captured stdout call -----------------------------
[  134s] clearing handlers
[  134s] ____ TestDecodeSchema.test_class_name_as_string_to_ensuretype_no_such_class ____
[  134s] 
[  134s] self = <jsonweb.tests.test_decode_schema.TestDecodeSchema testMethod=test_class_name_as_string_to_ensuretype_no_such_class>
[  134s] 
[  134s]     def test_class_name_as_string_to_ensuretype_no_such_class(self):
[  134s]         """
[  134s]         Test that an error is raised if you pass a string name of a non
[  134s]         existent class to EnsureType. Meaning it either was not defined or
[  134s]         was not decorated with @from_object
[  134s]         """
[  134s]     
[  134s]         class JobSchema(ObjectSchema):
[  134s]             id = Integer()
[  134s]             title = String()
[  134s]     
[  134s]         class PersonSchema(ObjectSchema):
[  134s]             first_name = String()
[  134s]             last_name = String()
[  134s]             job = EnsureType("Job") # No such class Job
[  134s]     
[  134s] >       @from_object(schema=PersonSchema)
[  134s] 
[  134s] jsonweb/tests/test_decode_schema.py:134: 
[  134s] _ _ _ _ _ _ _ _ _ _ _ _ _ _ _ _ _ _ _ _ _ _ _ _ _ _ _ _ _ _ _ _ _ _ _ _ _ _ _ _ 
[  134s] jsonweb/decode.py:396: in wrapper
[  134s]     cls, handler or get_jsonweb_handler(cls), type_name, schema
[  134s] jsonweb/decode.py:255: in get_jsonweb_handler
[  134s]     arg_spec = get_arg_spec(cls.__init__)
[  134s] _ _ _ _ _ _ _ _ _ _ _ _ _ _ _ _ _ _ _ _ _ _ _ _ _ _ _ _ _ _ _ _ _ _ _ _ _ _ _ _ 
[  134s] 
[  134s] func = <function TestDecodeSchema.test_class_name_as_string_to_ensuretype_no_such_class.<locals>.Person.__init__ at 0x4003f34720>
[  134s] 
[  134s]     def get_arg_spec(func):
[  134s] >       arg_spec = inspect.getargspec(func)
[  134s] E       AttributeError: module 'inspect' has no attribute 'getargspec'
[  134s] 
[  134s] jsonweb/decode.py:234: AttributeError
[  134s] ----------------------------- Captured stdout call -----------------------------
[  134s] clearing handlers
[  134s] ___________________ TestDecodeSchema.test_decode_with_schema ___________________
[  134s] 
[  134s] self = <jsonweb.tests.test_decode_schema.TestDecodeSchema testMethod=test_decode_with_schema>
[  134s] 
[  134s]     def test_decode_with_schema(self):
[  134s]     
[  134s]         class PersonSchema(ObjectSchema):
[  134s]             first_name = String()
[  134s]             last_name = String()
[  134s]     
[  134s] >       @from_object(schema=PersonSchema)
[  134s] 
[  134s] jsonweb/tests/test_decode_schema.py:22: 
[  134s] _ _ _ _ _ _ _ _ _ _ _ _ _ _ _ _ _ _ _ _ _ _ _ _ _ _ _ _ _ _ _ _ _ _ _ _ _ _ _ _ 
[  134s] jsonweb/decode.py:396: in wrapper
[  134s]     cls, handler or get_jsonweb_handler(cls), type_name, schema
[  134s] jsonweb/decode.py:255: in get_jsonweb_handler
[  134s]     arg_spec = get_arg_spec(cls.__init__)
[  134s] _ _ _ _ _ _ _ _ _ _ _ _ _ _ _ _ _ _ _ _ _ _ _ _ _ _ _ _ _ _ _ _ _ _ _ _ _ _ _ _ 
[  134s] 
[  134s] func = <function TestDecodeSchema.test_decode_with_schema.<locals>.Person.__init__ at 0x4003f340e0>
[  134s] 
[  134s]     def get_arg_spec(func):
[  134s] >       arg_spec = inspect.getargspec(func)
[  134s] E       AttributeError: module 'inspect' has no attribute 'getargspec'
[  134s] 
[  134s] jsonweb/decode.py:234: AttributeError
[  134s] ----------------------------- Captured stdout call -----------------------------
[  134s] clearing handlers
[  134s] ____________ TestDecodeSchema.test_decode_with_schema_raises_error _____________
[  134s] 
[  134s] self = <jsonweb.tests.test_decode_schema.TestDecodeSchema testMethod=test_decode_with_schema_raises_error>
[  134s] 
[  134s]     def test_decode_with_schema_raises_error(self):
[  134s]         """
[  134s]         when using a supplied schema test that a validation error
[  134s]         is raised for invalid json.
[  134s]         """
[  134s]     
[  134s]         class PersonSchema(ObjectSchema):
[  134s]             first_name = String()
[  134s]             last_name = String()
[  134s]     
[  134s] >       @from_object(schema=PersonSchema)
[  134s] 
[  134s] jsonweb/tests/test_decode_schema.py:61: 
[  134s] _ _ _ _ _ _ _ _ _ _ _ _ _ _ _ _ _ _ _ _ _ _ _ _ _ _ _ _ _ _ _ _ _ _ _ _ _ _ _ _ 
[  134s] jsonweb/decode.py:396: in wrapper
[  134s]     cls, handler or get_jsonweb_handler(cls), type_name, schema
[  134s] jsonweb/decode.py:255: in get_jsonweb_handler
[  134s]     arg_spec = get_arg_spec(cls.__init__)
[  134s] _ _ _ _ _ _ _ _ _ _ _ _ _ _ _ _ _ _ _ _ _ _ _ _ _ _ _ _ _ _ _ _ _ _ _ _ _ _ _ _ 
[  134s] 
[  134s] func = <function TestDecodeSchema.test_decode_with_schema_raises_error.<locals>.Person.__init__ at 0x4003f34c20>
[  134s] 
[  134s]     def get_arg_spec(func):
[  134s] >       arg_spec = inspect.getargspec(func)
[  134s] E       AttributeError: module 'inspect' has no attribute 'getargspec'
[  134s] 
[  134s] jsonweb/decode.py:234: AttributeError
[  134s] ----------------------------- Captured stdout call -----------------------------
[  134s] clearing handlers
[  134s] ______ TestDecodeSchema.test_map_schema_called_before_class_is_decorated _______
[  134s] 
[  134s] self = <jsonweb.tests.test_decode_schema.TestDecodeSchema testMethod=test_map_schema_called_before_class_is_decorated>
[  134s] 
[  134s]     def test_map_schema_called_before_class_is_decorated(self):
[  134s]         """
[  134s]         Test binding a schema to a class before it is defined works.
[  134s]         """
[  134s]     
[  134s]         class PersonSchema(ObjectSchema):
[  134s]             first_name = String()
[  134s]             last_name = String()
[  134s]     
[  134s]         bind_schema("Person", PersonSchema)
[  134s]     
[  134s] >       @from_object()
[  134s] 
[  134s] jsonweb/tests/test_decode_schema.py:213: 
[  134s] _ _ _ _ _ _ _ _ _ _ _ _ _ _ _ _ _ _ _ _ _ _ _ _ _ _ _ _ _ _ _ _ _ _ _ _ _ _ _ _ 
[  134s] jsonweb/decode.py:396: in wrapper
[  134s]     cls, handler or get_jsonweb_handler(cls), type_name, schema
[  134s] jsonweb/decode.py:255: in get_jsonweb_handler
[  134s]     arg_spec = get_arg_spec(cls.__init__)
[  134s] _ _ _ _ _ _ _ _ _ _ _ _ _ _ _ _ _ _ _ _ _ _ _ _ _ _ _ _ _ _ _ _ _ _ _ _ _ _ _ _ 
[  134s] 
[  134s] func = <function TestDecodeSchema.test_map_schema_called_before_class_is_decorated.<locals>.Person.__init__ at 0x4003f35080>
[  134s] 
[  134s]     def get_arg_spec(func):
[  134s] >       arg_spec = inspect.getargspec(func)
[  134s] E       AttributeError: module 'inspect' has no attribute 'getargspec'
[  134s] 
[  134s] jsonweb/decode.py:234: AttributeError
[  134s] ----------------------------- Captured stdout call -----------------------------
[  134s] clearing handlers
[  134s] ____________________ TestDecodeSchema.test_map_schema_func _____________________
[  134s] 
[  134s] self = <jsonweb.tests.test_decode_schema.TestDecodeSchema testMethod=test_map_schema_func>
[  134s] 
[  134s]     def test_map_schema_func(self):
[  134s]     
[  134s]         class PersonSchema(ObjectSchema):
[  134s]             first_name = String()
[  134s]             last_name = String()
[  134s]     
[  134s] >       @from_object()
[  134s] 
[  134s] jsonweb/tests/test_decode_schema.py:192: 
[  134s] _ _ _ _ _ _ _ _ _ _ _ _ _ _ _ _ _ _ _ _ _ _ _ _ _ _ _ _ _ _ _ _ _ _ _ _ _ _ _ _ 
[  134s] jsonweb/decode.py:396: in wrapper
[  134s]     cls, handler or get_jsonweb_handler(cls), type_name, schema
[  134s] jsonweb/decode.py:255: in get_jsonweb_handler
[  134s]     arg_spec = get_arg_spec(cls.__init__)
[  134s] _ _ _ _ _ _ _ _ _ _ _ _ _ _ _ _ _ _ _ _ _ _ _ _ _ _ _ _ _ _ _ _ _ _ _ _ _ _ _ _ 
[  134s] 
[  134s] func = <function TestDecodeSchema.test_map_schema_func.<locals>.Person.__init__ at 0x4003f353a0>
[  134s] 
[  134s]     def get_arg_spec(func):
[  134s] >       arg_spec = inspect.getargspec(func)
[  134s] E       AttributeError: module 'inspect' has no attribute 'getargspec'
[  134s] 
[  134s] jsonweb/decode.py:234: AttributeError
[  134s] ----------------------------- Captured stdout call -----------------------------
[  134s] clearing handlers
[  134s] ___________________ TestDecodeSchema.test_mixed_type_schema ____________________
[  134s] 
[  134s] self = <jsonweb.tests.test_decode_schema.TestDecodeSchema testMethod=test_mixed_type_schema>
[  134s] 
[  134s]     def test_mixed_type_schema(self):
[  134s]         """
[  134s]         Test ObjectSchema validates a mix of regular dicts and object hook classes.
[  134s]         """
[  134s]     
[  134s]         class TestRequestSchema(ObjectSchema):
[  134s]             request_guid = String()
[  134s]             players = List(EnsureType("Person"))
[  134s]     
[  134s]         class PersonSchema(ObjectSchema):
[  134s]             first_name = String()
[  134s]             last_name = String()
[  134s]     
[  134s] >       @from_object(schema=PersonSchema)
[  134s] 
[  134s] jsonweb/tests/test_decode_schema.py:171: 
[  134s] _ _ _ _ _ _ _ _ _ _ _ _ _ _ _ _ _ _ _ _ _ _ _ _ _ _ _ _ _ _ _ _ _ _ _ _ _ _ _ _ 
[  134s] jsonweb/decode.py:396: in wrapper
[  134s]     cls, handler or get_jsonweb_handler(cls), type_name, schema
[  134s] jsonweb/decode.py:255: in get_jsonweb_handler
[  134s]     arg_spec = get_arg_spec(cls.__init__)
[  134s] _ _ _ _ _ _ _ _ _ _ _ _ _ _ _ _ _ _ _ _ _ _ _ _ _ _ _ _ _ _ _ _ _ _ _ _ _ _ _ _ 
[  134s] 
[  134s] func = <function TestDecodeSchema.test_mixed_type_schema.<locals>.Person.__init__ at 0x4003f356c0>
[  134s] 
[  134s]     def get_arg_spec(func):
[  134s] >       arg_spec = inspect.getargspec(func)
[  134s] E       AttributeError: module 'inspect' has no attribute 'getargspec'
[  134s] 
[  134s] jsonweb/decode.py:234: AttributeError
[  134s] ----------------------------- Captured stdout call -----------------------------
[  134s] clearing handlers
[  134s] ______ TestDecodeSchema.test_schemas_do_not_run_when_validate_kw_is_false ______
[  134s] 
[  134s] self = <jsonweb.tests.test_decode_schema.TestDecodeSchema testMethod=test_schemas_do_not_run_when_validate_kw_is_false>
[  134s] 
[  134s]     def test_schemas_do_not_run_when_validate_kw_is_false(self):
[  134s]     
[  134s]         class PersonSchema(ObjectSchema):
[  134s]             first_name = String()
[  134s]             last_name = String()
[  134s]     
[  134s] >       @from_object(schema=PersonSchema)
[  134s] 
[  134s] jsonweb/tests/test_decode_schema.py:39: 
[  134s] _ _ _ _ _ _ _ _ _ _ _ _ _ _ _ _ _ _ _ _ _ _ _ _ _ _ _ _ _ _ _ _ _ _ _ _ _ _ _ _ 
[  134s] jsonweb/decode.py:396: in wrapper
[  134s]     cls, handler or get_jsonweb_handler(cls), type_name, schema
[  134s] jsonweb/decode.py:255: in get_jsonweb_handler
[  134s]     arg_spec = get_arg_spec(cls.__init__)
[  134s] _ _ _ _ _ _ _ _ _ _ _ _ _ _ _ _ _ _ _ _ _ _ _ _ _ _ _ _ _ _ _ _ _ _ _ _ _ _ _ _ 
[  134s] 
[  134s] func = <function TestDecodeSchema.test_schemas_do_not_run_when_validate_kw_is_false.<locals>.Person.__init__ at 0x4003f35080>
[  134s] 
[  134s]     def get_arg_spec(func):
[  134s] >       arg_spec = inspect.getargspec(func)
[  134s] E       AttributeError: module 'inspect' has no attribute 'getargspec'
[  134s] 
[  134s] jsonweb/decode.py:234: AttributeError
[  134s] ----------------------------- Captured stdout call -----------------------------
[  134s] clearing handlers
[  134s] _____________ TestSchema.test_EnsureType_kw_arguments_stick_around _____________
[  134s] 
[  134s] self = <jsonweb.tests.test_schema.TestSchema testMethod=test_EnsureType_kw_arguments_stick_around>
[  134s] 
[  134s]     def test_EnsureType_kw_arguments_stick_around(self):
[  134s]         """
[  134s]         Tests bug fix for: http://github.com/boris317/JsonWeb/issues/7
[  134s]         """
[  134s]     
[  134s]         class FooSchema(ObjectSchema):
[  134s]             bar = EnsureType("Bar", optional=True, nullable=True)
[  134s]     
[  134s] >       @from_object()
[  134s] 
[  134s] jsonweb/tests/test_schema.py:179: 
[  134s] _ _ _ _ _ _ _ _ _ _ _ _ _ _ _ _ _ _ _ _ _ _ _ _ _ _ _ _ _ _ _ _ _ _ _ _ _ _ _ _ 
[  134s] jsonweb/decode.py:396: in wrapper
[  134s]     cls, handler or get_jsonweb_handler(cls), type_name, schema
[  134s] jsonweb/decode.py:255: in get_jsonweb_handler
[  134s]     arg_spec = get_arg_spec(cls.__init__)
[  134s] _ _ _ _ _ _ _ _ _ _ _ _ _ _ _ _ _ _ _ _ _ _ _ _ _ _ _ _ _ _ _ _ _ _ _ _ _ _ _ _ 
[  134s] 
[  134s] func = <function TestSchema.test_EnsureType_kw_arguments_stick_around.<locals>.Bar.__init__ at 0x4003f368e0>
[  134s] 
[  134s]     def get_arg_spec(func):
[  134s] >       arg_spec = inspect.getargspec(func)
[  134s] E       AttributeError: module 'inspect' has no attribute 'getargspec'
[  134s] 
[  134s] jsonweb/decode.py:234: AttributeError
[  134s] =========================== short test summary info ============================
[  134s] FAILED jsonweb/tests/test_decode.py::TestJsonWebObjectDecoder::test_bad__init__raises_error
[  134s] FAILED jsonweb/tests/test_decode.py::TestJsonWebObjectDecoder::test_class_kw_args_are_optional
[  134s] FAILED jsonweb/tests/test_decode.py::TestJsonWebObjectDecoder::test_decode_as_type
[  134s] FAILED jsonweb/tests/test_decode.py::TestJsonWebObjectDecoder::test_decodes_to_class_instance
[  134s] FAILED jsonweb/tests/test_decode.py::TestJsonWebObjectDecoder::test_ensure_type_kw_argument
[  134s] FAILED jsonweb/tests/test_decode.py::TestJsonWebObjectDecoder::test_generated_handler_missing_required_attrs_raise_error
[  134s] FAILED jsonweb/tests/test_decode.py::TestJsonWebObjectDecoder::test_ignores_extra_keys_in_json
[  134s] FAILED jsonweb/tests/test_decode.py::TestJsonWebObjectDecoder::test_supplied__type__trumps_as_type
[  134s] FAILED jsonweb/tests/test_decode.py::TestJsonWebObjectDecoder::test_supplied_handler_dict_overrides_from_object
[  134s] FAILED jsonweb/tests/test_decode.py::TestJsonWebObjectDecoder::test_supplied_type_with_as_type
[  134s] FAILED jsonweb/tests/test_decode_schema.py::TestDecodeSchema::test_EnsureType_invoked_via_List_validator_honors_string_class_names
[  134s] FAILED jsonweb/tests/test_decode_schema.py::TestDecodeSchema::test_class_name_as_string_to_ensuretype
[  134s] FAILED jsonweb/tests/test_decode_schema.py::TestDecodeSchema::test_class_name_as_string_to_ensuretype_no_such_class
[  134s] FAILED jsonweb/tests/test_decode_schema.py::TestDecodeSchema::test_decode_with_schema
[  134s] FAILED jsonweb/tests/test_decode_schema.py::TestDecodeSchema::test_decode_with_schema_raises_error
[  134s] FAILED jsonweb/tests/test_decode_schema.py::TestDecodeSchema::test_map_schema_called_before_class_is_decorated
[  134s] FAILED jsonweb/tests/test_decode_schema.py::TestDecodeSchema::test_map_schema_func
[  134s] FAILED jsonweb/tests/test_decode_schema.py::TestDecodeSchema::test_mixed_type_schema
[  134s] FAILED jsonweb/tests/test_decode_schema.py::TestDecodeSchema::test_schemas_do_not_run_when_validate_kw_is_false
[  134s] FAILED jsonweb/tests/test_schema.py::TestSchema::test_EnsureType_kw_arguments_stick_around
[  134s] ======================== 20 failed, 57 passed in 6.19s =========================
[  134s] error: Bad exit status from /var/tmp/rpm-tmp.8sqy65 (%check)
[  134s] 
[  134s] RPM build errors:
[  134s]     Bad exit status from /var/tmp/rpm-tmp.8sqy65 (%check)
[  135s] ### VM INTERACTION START ###
[  135s] [  131.176405][    T1] sysrq: Power Off
[  135s] [  131.177319][    T7] reboot: Power down
[  135s] ### VM INTERACTION END ###
[  135s] 
[  135s] build71 failed "build python-JsonWeb.spec" at Sat Feb 18 21:27:07 UTC 2023.
[  135s] 
