[    0s] Using BUILD_ROOT=/var/cache/obs/worker/root_2/.mount
[    0s] Using BUILD_ARCH=riscv64
[    0s] Doing kvm build in /var/cache/obs/worker/root_2/root
[    0s] 
[    0s] 
[    0s] lamb56 started "build python-line_profiler.spec" at Sun Feb 19 00:00:46 UTC 2023.
[    0s] 
[    0s] Building python-line_profiler for project 'openSUSE:Factory:RISCV' repository 'standard' arch 'riscv64' srcmd5 'fcafdf24057eaecb3d28c7f5e5f22b39'
[    0s] 
[    0s] processing recipe /var/cache/obs/worker/root_2/.build-srcdir/python-line_profiler.spec ...
[    1s] running changelog2spec --target rpm --file /var/cache/obs/worker/root_2/.build-srcdir/python-line_profiler.spec
[    1s] init_buildsystem --configdir /var/run/obs/worker/2/build/configs --cachedir /var/cache/build --prepare --clean --rpmlist /var/cache/obs/worker/root_2/.build.rpmlist /var/cache/obs/worker/root_2/.build-srcdir/python-line_profiler.spec build ...
[    1s] unpacking preinstall image openSUSE:Factory:RISCV/standard/preinstallimage-python [83160fede3a282f635470653fe6cebf8]
[    5s] 
[    5s] copying packages...
[    5s] reordering...done
[    5s] Detected virtio-serial support
[    7s] booting kvm...
[    7s] ### VM INTERACTION START ###
[    7s] Using virtio-serial support
[    7s] /usr/bin/qemu-kvm -nodefaults -no-reboot -nographic -vga none -cpu host -M pc,accel=kvm,usb=off,dump-guest-core=off,vmport=off -sandbox on -bios /usr/share/qemu/qboot.rom -object rng-random,filename=/dev/random,id=rng0 -device virtio-rng-pci,rng=rng0 -object iothread,id=io0 -runas qemu -net none -kernel /var/cache/obs/worker/root_2/.mount/boot/kernel -initrd /var/cache/obs/worker/root_2/.mount/boot/initrd -append root=/dev/disk/by-id/virtio-0 rootfstype=ext4 rootflags=noatime kvmclock mitigations=off elevator=noop nmi_watchdog=0 rw rd.driver.pre=binfmt_misc oops=panic panic=1 quiet console=hvc0 init=/.build/initvm.x86_64 -m 8192 -drive file=/var/cache/obs/worker/root_2/root,format=raw,if=none,id=disk,cache=unsafe,aio=io_uring -device virtio-blk-pci,iothread=io0,drive=disk,serial=0 -drive file=/var/cache/obs/worker/root_2/swap,format=raw,if=none,id=swap,cache=unsafe,aio=io_uring -device virtio-blk-pci,iothread=io0,drive=swap,serial=1 -device virtio-serial,max_ports=2 -device virtconsole,chardev=virtiocon0 -chardev stdio,id=virtiocon0 -chardev socket,id=monitor,server=on,wait=off,path=/var/cache/obs/worker/root_2/root.qemu/monitor -mon chardev=monitor,mode=readline -smp 8
[   11s] ### VM INTERACTION END ###
[   11s] 2nd stage started in virtual machine
[   12s] machine type: riscv64
[   12s] Linux version: 6.1.12-1-default #1 SMP PREEMPT_DYNAMIC Wed Feb 15 05:31:41 UTC 2023 (373f017)
[   12s] Increasing log level from now on...
[   12s] [    4.857186][  T403] sysrq: Changing Loglevel
[   12s] [    4.857352][  T403] sysrq: Loglevel set to 4
[   12s] Enable sysrq operations
[   12s] Setting up swapspace version 1, size = 2 GiB (2097147904 bytes)
[   12s] no label, UUID=21239089-296e-4b97-b10a-2477dced67bd
[   13s] swapon: /dev/vdb: found signature [pagesize=4096, signature=swap]
[   13s] swapon: /dev/vdb: pagesize=4096, swapsize=2097152000, devsize=2097152000
[   13s] swapon /dev/vdb
[   13s] WARNING: udev not running, creating extra device nodes
[   13s] logging output to //.build.log...
[   14s] processing recipe /.build-srcdir/python-line_profiler.spec ...
[   14s] init_buildsystem --configdir /.build/configs --cachedir /var/cache/build /.build-srcdir/python-line_profiler.spec build ...
[   14s] initializing rpm db...
[   15s] querying package ids...
[   45s] [1/289] preinstalled aaa_base-84.87+git20220822.6b9f7a3-1.1
[   45s] [2/289] preinstalled aaa_base-malloccheck-84.87+git20220822.6b9f7a3-1.1
[   45s] [3/289] preinstalled attr-2.5.1-1.1
[   45s] [4/289] preinstalled bash-5.2.15-8.1
[   45s] [5/289] preinstalled bash-sh-5.2.15-8.1
[   45s] [6/289] preinstalled binutils-2.39-3.1
[   45s] [7/289] preinstalled brp-check-suse-84.87+git20221115.2f7add6-1.1
[   45s] [8/289] preinstalled build-compare-20221206T204012.bb70754-1.2
[   45s] [9/289] preinstalled build-mkbaselibs-20230215-1.1
[   45s] [10/289] preinstalled bzip2-1.0.8-4.1
[   45s] [11/289] preinstalled chkstat-1599_20221220-1.2
[   45s] [12/289] preinstalled compat-usrmerge-build-84.87-5.1
[   45s] [13/289] preinstalled compat-usrmerge-tools-84.87-5.1
[   45s] [14/289] preinstalled coreutils-9.1-5.1
[   45s] [15/289] preinstalled cpio-2.13-5.1
[   45s] [16/289] preinstalled cpp-12-2.1
[   45s] [17/289] preinstalled cpp12-12.2.1+git749-4.1
[   45s] [18/289] preinstalled crypto-policies-20210917.c9d86d1-1.1
[   45s] [19/289] preinstalled debugedit-5.0-5.1
[   45s] [20/289] preinstalled diffutils-3.9-1.1
[   45s] [21/289] preinstalled dwz-0.15-2.1
[   45s] [22/289] preinstalled elfutils-0.188-3.2
[   45s] [23/289] cumulate fdupes-2.2.1-1.1
[   45s] [24/289] preinstalled file-5.44-1.2
[   45s] [25/289] preinstalled file-magic-5.44-1.2
[   45s] [26/289] preinstalled filesystem-84.87-12.1
[   45s] [27/289] preinstalled fillup-1.42-279.1
[   45s] [28/289] preinstalled findutils-4.9.0-2.1
[   45s] [29/289] preinstalled gawk-5.2.1-2.1
[   45s] [30/289] preinstalled gcc-12-2.1
[   45s] [31/289] preinstalled gcc-PIE-12-2.1
[   45s] [32/289] preinstalled gcc12-12.2.1+git749-4.1
[   45s] [33/289] preinstalled gcc12-PIE-12.2.1+git749-4.1
[   45s] [34/289] preinstalled gettext-runtime-mini-0.21.1-1.1
[   45s] [35/289] preinstalled gettext-tools-mini-0.21.1-1.1
[   45s] [36/289] preinstalled glibc-2.37-1.1
[   45s] [37/289] preinstalled glibc-devel-2.37-1.1
[   45s] [38/289] preinstalled glibc-locale-base-2.37-1.1
[   45s] [39/289] preinstalled grep-3.8-3.1
[   45s] [40/289] preinstalled gzip-1.12-3.1
[   45s] [41/289] preinstalled kernel-obs-build-6.1.12-1.1
[   45s] [42/289] preinstalled libacl1-2.3.1-2.1
[   45s] [43/289] cumulate libalternatives1-1.2+3.b848aad-3.1
[   45s] [44/289] preinstalled libasan8-13.0.1+git5428-6.1
[   45s] [45/289] preinstalled libasm1-0.188-3.2
[   45s] [46/289] preinstalled libatomic1-13.0.1+git5428-6.1
[   45s] [47/289] preinstalled libattr1-2.5.1-1.1
[   45s] [48/289] preinstalled libaudit1-3.0.6-4.1
[   45s] [49/289] preinstalled libblkid1-2.38.1-7.1
[   45s] [50/289] preinstalled libbz2-1-1.0.8-4.1
[   45s] [51/289] preinstalled libcap-ng0-0.8.3-1.1
[   45s] [52/289] preinstalled libcap2-2.67-1.1
[   45s] [53/289] preinstalled libcrypt1-4.4.33-1.1
[   45s] [54/289] preinstalled libctf-nobfd0-2.39-3.1
[   45s] [55/289] preinstalled libctf0-2.39-3.1
[   45s] [56/289] preinstalled libdb-4_8-4.8.30-39.1
[   45s] [57/289] preinstalled libdw1-0.188-3.2
[   45s] [58/289] preinstalled libeconf0-0.5.1-1.1
[   45s] [59/289] preinstalled libelf1-0.188-3.2
[   45s] [60/289] preinstalled libexpat1-2.5.0-2.1
[   45s] [61/289] preinstalled libfdisk1-2.38.1-7.1
[   45s] [62/289] preinstalled libffi8-3.4.4-1.1
[   45s] [63/289] preinstalled libgcc_s1-13.0.1+git5428-6.1
[   45s] [64/289] preinstalled libgcrypt20-1.10.1-1.1
[   45s] [65/289] preinstalled libgdbm6-1.23-1.1
[   45s] [66/289] preinstalled libgdbm_compat4-1.23-1.1
[   45s] [67/289] preinstalled libgmp10-6.2.1-4.1
[   45s] [68/289] preinstalled libgomp1-13.0.1+git5428-6.1
[   45s] [69/289] preinstalled libgpg-error0-1.46-1.1
[   45s] [70/289] preinstalled libisl23-0.25-1.1
[   45s] [71/289] preinstalled liblua5_4-5-5.4.4-8.1
[   45s] [72/289] preinstalled liblzma5-5.4.1-1.1
[   45s] [73/289] preinstalled libmagic1-5.44-1.2
[   45s] [74/289] preinstalled libmount1-2.38.1-7.1
[   45s] [75/289] preinstalled libmpc3-1.3.1-1.2
[   45s] [76/289] preinstalled libmpdec3-2.5.1-2.1
[   45s] [77/289] preinstalled libmpfr6-4.2.0-1.1
[   45s] [78/289] preinstalled libncurses6-6.4.20230128-5.1
[   45s] [79/289] preinstalled libopenssl3-3.0.7-3.1
[   45s] [80/289] preinstalled libpcre2-8-0-10.42-3.2
[   45s] [81/289] preinstalled libpkgconf3-1.8.0-2.1
[   45s] [82/289] preinstalled libpopt0-1.19-1.1
[   45s] [83/289] preinstalled libpython3_10-1_0-3.10.9-2.2
[   45s] [84/289] preinstalled libpython3_11-1_0-3.11.1-4.2
[   45s] [85/289] preinstalled libpython3_8-1_0-3.8.16-3.2
[   45s] [86/289] preinstalled libpython3_9-1_0-3.9.16-3.2
[   45s] [87/289] preinstalled libreadline8-8.2-2.1
[   45s] [88/289] cumulate librhash0-1.4.3-1.1
[   45s] [89/289] preinstalled librpmbuild9-4.18.0-3.2
[   45s] [90/289] preinstalled libseccomp2-2.5.4-2.1
[   45s] [91/289] preinstalled libselinux1-3.4-2.1
[   45s] [92/289] preinstalled libsemanage-conf-3.4-1.1
[   45s] [93/289] preinstalled libsemanage2-3.4-1.1
[   45s] [94/289] preinstalled libsepol2-3.4-1.1
[   45s] [95/289] preinstalled libsmartcols1-2.38.1-7.1
[   45s] [96/289] cumulate libsqlite3-0-3.40.1-1.1
[   45s] [97/289] preinstalled libstdc++6-13.0.1+git5428-6.1
[   45s] [98/289] cumulate libstdc++6-devel-gcc12-12.2.1+git749-4.1
[   45s] [99/289] preinstalled libsubid4-4.13-3.1
[   45s] [100/289] preinstalled libubsan1-13.0.1+git5428-6.1
[   45s] [101/289] preinstalled libutempter0-1.2.0-3.2
[   45s] [102/289] preinstalled libuuid1-2.38.1-7.1
[   45s] [103/289] cumulate libuv1-1.44.2-3.1
[   45s] [104/289] preinstalled libxcrypt-devel-4.4.33-1.1
[   45s] [105/289] preinstalled libz1-1.2.13-2.1
[   45s] [106/289] preinstalled libzstd1-1.5.2-2.1
[   45s] [107/289] preinstalled linux-glibc-devel-6.1-1.1
[   45s] [108/289] preinstalled login_defs-4.13-3.1
[   45s] [109/289] preinstalled lua54-5.4.4-8.1
[   45s] [110/289] preinstalled make-4.4-2.1
[   45s] [111/289] preinstalled ncurses-utils-6.4.20230128-5.1
[   45s] [112/289] cumulate ninja-1.11.1-8.1
[   45s] [113/289] preinstalled pam-1.5.2-12.1
[   45s] [114/289] preinstalled patch-2.7.6-6.1
[   45s] [115/289] preinstalled perl-5.36.0-4.1
[   45s] [116/289] preinstalled perl-base-5.36.0-4.1
[   45s] [117/289] preinstalled permissions-1599_20221220-1.2
[   45s] [118/289] preinstalled permissions-config-1599_20221220-1.2
[   45s] [119/289] preinstalled pkgconf-1.8.0-2.1
[   45s] [120/289] preinstalled pkgconf-m4-1.8.0-2.1
[   45s] [121/289] preinstalled pkgconf-pkg-config-1.8.0-2.1
[   45s] [122/289] preinstalled polkit-default-privs-1550+20221102.9f111fa-1.1
[   45s] [123/289] preinstalled post-build-checks-84.87+git20230106.3a359c5-1.1
[   45s] [124/289] preinstalled python-rpm-macros-20230128.e704796-1.2
[   45s] [125/289] preinstalled python-rpm-packaging-20210526+a18ca48-1.2
[   45s] [126/289] cumulate python310-attrs-22.2.0-1.2
[   45s] [127/289] cumulate python310-backcall-0.2.0-1.8
[   45s] [128/289] preinstalled python310-base-3.10.9-2.2
[   45s] [129/289] cumulate python310-decorator-5.1.1-1.3
[   45s] [130/289] cumulate python310-devel-3.10.9-2.2
[   45s] [131/289] cumulate python310-distro-1.8.0-1.2
[   45s] [132/289] cumulate python310-exceptiongroup-1.1.0-1.2
[   45s] [133/289] cumulate python310-executing-1.2.0-4.2
[   45s] [134/289] cumulate python310-iniconfig-1.1.1-3.2
[   45s] [135/289] cumulate python310-jedi-0.18.2-4.2
[   45s] [136/289] preinstalled python310-packaging-23.0-1.1
[   45s] [137/289] cumulate python310-parso-0.8.3-2.2
[   45s] [138/289] cumulate python310-pickleshare-0.7.5-4.2
[   45s] [139/289] cumulate python310-pluggy-1.0.0-1.5
[   45s] [140/289] cumulate python310-ptyprocess-0.7.0-1.6
[   45s] [141/289] cumulate python310-pure-eval-0.2.2-1.2
[   45s] [142/289] preinstalled python310-setuptools-65.6.3-1.2
[   45s] [143/289] cumulate python310-six-1.16.0-2.5
[   45s] [144/289] cumulate python310-tomli-2.0.1-1.3
[   45s] [145/289] cumulate python310-traitlets-5.9.0-1.2
[   45s] [146/289] cumulate python310-wcwidth-0.2.6-1.2
[   45s] [147/289] cumulate python310-zipp-3.8.1-1.2
[   45s] [148/289] cumulate python311-attrs-22.2.0-1.2
[   45s] [149/289] cumulate python311-backcall-0.2.0-1.8
[   45s] [150/289] preinstalled python311-base-3.11.1-4.2
[   45s] [151/289] cumulate python311-decorator-5.1.1-1.3
[   45s] [152/289] cumulate python311-devel-3.11.1-4.2
[   45s] [153/289] cumulate python311-distro-1.8.0-1.2
[   45s] [154/289] cumulate python311-exceptiongroup-1.1.0-1.2
[   45s] [155/289] cumulate python311-executing-1.2.0-4.2
[   45s] [156/289] cumulate python311-iniconfig-1.1.1-3.2
[   45s] [157/289] cumulate python311-jedi-0.18.2-4.2
[   45s] [158/289] cumulate python311-packaging-23.0-1.2
[   45s] [159/289] cumulate python311-parso-0.8.3-2.2
[   45s] [160/289] cumulate python311-pickleshare-0.7.5-4.2
[   45s] [161/289] cumulate python311-pluggy-1.0.0-1.5
[   45s] [162/289] cumulate python311-ptyprocess-0.7.0-1.6
[   45s] [163/289] cumulate python311-pure-eval-0.2.2-1.2
[   45s] [164/289] preinstalled python311-setuptools-65.6.3-1.2
[   45s] [165/289] cumulate python311-six-1.16.0-2.5
[   45s] [166/289] cumulate python311-tomli-2.0.1-1.3
[   45s] [167/289] cumulate python311-traitlets-5.9.0-1.2
[   45s] [168/289] cumulate python311-wcwidth-0.2.6-1.2
[   45s] [169/289] cumulate python311-zipp-3.8.1-1.2
[   45s] [170/289] cumulate python38-attrs-22.2.0-1.2
[   45s] [171/289] cumulate python38-backcall-0.2.0-1.8
[   45s] [172/289] preinstalled python38-base-3.8.16-3.2
[   45s] [173/289] cumulate python38-decorator-5.1.1-1.3
[   45s] [174/289] cumulate python38-devel-3.8.16-3.2
[   45s] [175/289] cumulate python38-distro-1.8.0-1.2
[   45s] [176/289] cumulate python38-exceptiongroup-1.1.0-1.2
[   45s] [177/289] cumulate python38-executing-1.2.0-4.2
[   45s] [178/289] cumulate python38-iniconfig-1.1.1-3.2
[   45s] [179/289] cumulate python38-jedi-0.18.2-4.2
[   45s] [180/289] cumulate python38-packaging-23.0-1.2
[   45s] [181/289] cumulate python38-parso-0.8.3-2.2
[   45s] [182/289] cumulate python38-pickleshare-0.7.5-4.2
[   45s] [183/289] cumulate python38-pluggy-1.0.0-1.5
[   45s] [184/289] cumulate python38-ptyprocess-0.7.0-1.6
[   45s] [185/289] cumulate python38-pure-eval-0.2.2-1.2
[   45s] [186/289] preinstalled python38-setuptools-65.6.3-1.2
[   45s] [187/289] cumulate python38-six-1.16.0-2.5
[   45s] [188/289] cumulate python38-tomli-2.0.1-1.3
[   45s] [189/289] cumulate python38-traitlets-5.9.0-1.2
[   45s] [190/289] cumulate python38-wcwidth-0.2.6-1.2
[   45s] [191/289] cumulate python38-zipp-3.8.1-1.2
[   45s] [192/289] cumulate python39-attrs-22.2.0-1.2
[   45s] [193/289] cumulate python39-backcall-0.2.0-1.8
[   45s] [194/289] preinstalled python39-base-3.9.16-3.2
[   45s] [195/289] cumulate python39-decorator-5.1.1-1.3
[   45s] [196/289] cumulate python39-devel-3.9.16-3.2
[   45s] [197/289] cumulate python39-distro-1.8.0-1.2
[   45s] [198/289] cumulate python39-exceptiongroup-1.1.0-1.2
[   45s] [199/289] cumulate python39-executing-1.2.0-4.2
[   45s] [200/289] cumulate python39-iniconfig-1.1.1-3.2
[   45s] [201/289] cumulate python39-jedi-0.18.2-4.2
[   45s] [202/289] cumulate python39-packaging-23.0-1.2
[   45s] [203/289] cumulate python39-parso-0.8.3-2.2
[   45s] [204/289] cumulate python39-pickleshare-0.7.5-4.2
[   45s] [205/289] cumulate python39-pluggy-1.0.0-1.5
[   45s] [206/289] cumulate python39-ptyprocess-0.7.0-1.6
[   45s] [207/289] cumulate python39-pure-eval-0.2.2-1.2
[   45s] [208/289] preinstalled python39-setuptools-65.6.3-1.2
[   45s] [209/289] cumulate python39-six-1.16.0-2.5
[   45s] [210/289] cumulate python39-tomli-2.0.1-1.3
[   45s] [211/289] cumulate python39-traitlets-5.9.0-1.2
[   45s] [212/289] cumulate python39-wcwidth-0.2.6-1.2
[   45s] [213/289] cumulate python39-zipp-3.8.1-1.2
[   45s] [214/289] preinstalled qemu-linux-user-7.1.0-50.1
[   45s] [215/289] preinstalled rpm-4.18.0-3.2
[   45s] [216/289] preinstalled rpm-build-4.18.0-3.2
[   45s] [217/289] preinstalled rpm-build-perl-4.18.0-3.2
[   45s] [218/289] preinstalled rpm-config-SUSE-20220926-1.1
[   45s] [219/289] preinstalled rpmlint-mini-2.4.0+git20230214.1bab129-9.4
[   45s] [220/289] preinstalled rpmlint-strict-2.4.0+git20230214.1bab129-1.1
[   45s] [221/289] preinstalled sed-4.9-2.1
[   45s] [222/289] preinstalled shadow-4.13-3.1
[   45s] [223/289] preinstalled system-group-hardware-20170617-24.1
[   45s] [224/289] preinstalled system-user-root-20190513-2.1
[   45s] [225/289] preinstalled systemd-rpm-macros-19-1.1
[   45s] [226/289] preinstalled sysuser-shadow-3.1-5.1
[   45s] [227/289] preinstalled tar-1.34-9.1
[   45s] [228/289] preinstalled terminfo-base-6.4.20230128-5.1
[   45s] [229/289] preinstalled update-alternatives-1.21.8-1.1
[   45s] [230/289] preinstalled util-linux-2.38.1-7.1
[   45s] [231/289] preinstalled which-2.21-5.1
[   45s] [232/289] preinstalled xz-5.4.1-1.1
[   45s] [233/289] cumulate alts-1.2+3.b848aad-3.1
[   45s] [234/289] cumulate gcc12-c++-12.2.1+git749-4.1
[   45s] [235/289] cumulate python310-3.10.9-2.1
[   45s] [236/289] cumulate python310-Cython-0.29.33-1.2
[   45s] [237/289] cumulate python310-asttokens-2.2.1-1.2
[   45s] [238/289] cumulate python310-importlib-metadata-6.0.0-1.2
[   45s] [239/289] cumulate python310-matplotlib-inline-0.1.6-1.2
[   45s] [240/289] cumulate python310-pexpect-4.8.0-22.2
[   45s] [241/289] cumulate python310-prompt_toolkit-3.0.36-1.3
[   45s] [242/289] cumulate python311-3.11.1-4.1
[   45s] [243/289] cumulate python311-Cython-0.29.33-1.2
[   45s] [244/289] cumulate python311-asttokens-2.2.1-1.2
[   45s] [245/289] cumulate python311-importlib-metadata-6.0.0-1.2
[   45s] [246/289] cumulate python311-matplotlib-inline-0.1.6-1.2
[   45s] [247/289] cumulate python311-pexpect-4.8.0-22.2
[   45s] [248/289] cumulate python311-prompt_toolkit-3.0.36-1.3
[   45s] [249/289] cumulate python38-3.8.16-3.1
[   45s] [250/289] cumulate python38-Cython-0.29.33-1.2
[   45s] [251/289] cumulate python38-asttokens-2.2.1-1.2
[   45s] [252/289] cumulate python38-importlib-metadata-6.0.0-1.2
[   45s] [253/289] cumulate python38-matplotlib-inline-0.1.6-1.2
[   45s] [254/289] cumulate python38-pexpect-4.8.0-22.2
[   45s] [255/289] cumulate python38-prompt_toolkit-3.0.36-1.3
[   45s] [256/289] cumulate python39-3.9.16-3.1
[   45s] [257/289] cumulate python39-Cython-0.29.33-1.2
[   45s] [258/289] cumulate python39-asttokens-2.2.1-1.2
[   45s] [259/289] cumulate python39-importlib-metadata-6.0.0-1.2
[   45s] [260/289] cumulate python39-matplotlib-inline-0.1.6-1.2
[   45s] [261/289] cumulate python39-pexpect-4.8.0-22.2
[   45s] [262/289] cumulate python39-prompt_toolkit-3.0.36-1.3
[   45s] [263/289] cumulate cmake-mini-3.25.2-1.2
[   45s] [264/289] cumulate cmake-3.25.2-1.1
[   45s] [265/289] cumulate gcc-c++-12-2.1
[   45s] [266/289] cumulate python310-Pygments-2.14.0-1.2
[   45s] [267/289] cumulate python310-wheel-0.38.4-1.2
[   45s] [268/289] cumulate python311-Pygments-2.14.0-1.2
[   45s] [269/289] cumulate python311-wheel-0.38.4-1.2
[   45s] [270/289] cumulate python38-Pygments-2.14.0-1.2
[   45s] [271/289] cumulate python38-wheel-0.38.4-1.2
[   45s] [272/289] cumulate python39-Pygments-2.14.0-1.2
[   45s] [273/289] cumulate python39-wheel-0.38.4-1.2
[   45s] [274/289] cumulate python310-stack-data-0.2.0-2.2
[   45s] [275/289] cumulate python311-stack-data-0.2.0-2.2
[   45s] [276/289] cumulate python38-stack-data-0.2.0-2.2
[   45s] [277/289] cumulate python39-stack-data-0.2.0-2.2
[   45s] [278/289] cumulate python310-pytest-7.2.0-2.2
[   45s] [279/289] cumulate python311-pytest-7.2.0-2.2
[   45s] [280/289] cumulate python38-pytest-7.2.0-2.2
[   45s] [281/289] cumulate python39-pytest-7.2.0-2.2
[   45s] [282/289] cumulate python310-scikit-build-0.16.6-1.2
[   45s] [283/289] cumulate python311-scikit-build-0.16.6-1.2
[   45s] [284/289] cumulate python38-scikit-build-0.16.6-1.2
[   45s] [285/289] cumulate python39-scikit-build-0.16.6-1.2
[   45s] [286/289] cumulate python310-ipython-8.9.0-1.2
[   45s] [287/289] cumulate python311-ipython-8.9.0-1.2
[   45s] [288/289] cumulate python38-ipython-8.9.0-1.2
[   45s] [289/289] cumulate python39-ipython-8.9.0-1.2
[   45s] now installing cumulated packages
[   46s] Preparing...                          ########################################
[   47s] Updating / installing...
[   47s] libsqlite3-0-3.40.1-1.1               ########################################
[   47s] python39-traitlets-5.9.0-1.2          ########################################
[   47s] python39-packaging-23.0-1.2           ########################################
[   47s] python38-traitlets-5.9.0-1.2          ########################################
[   47s] python38-packaging-23.0-1.2           ########################################
[   48s] python311-traitlets-5.9.0-1.2         ########################################
[   48s] python311-packaging-23.0-1.2          ########################################
[   48s] python310-traitlets-5.9.0-1.2         ########################################
[   48s] python310-matplotlib-inline-0.1.6-1.2 ########################################
[   48s] python311-matplotlib-inline-0.1.6-1.2 ########################################
[   48s] python38-matplotlib-inline-0.1.6-1.2  ########################################
[   48s] python39-matplotlib-inline-0.1.6-1.2  ########################################
[   48s] python310-3.10.9-2.1                  ########################################
[   48s] python311-3.11.1-4.1                  ########################################
[   48s] python38-3.8.16-3.1                   ########################################
[   48s] python39-3.9.16-3.1                   ########################################
[   48s] python39-zipp-3.8.1-1.2               ########################################
[   48s] python39-importlib-metadata-6.0.0-1.2 ########################################
[   48s] python39-wcwidth-0.2.6-1.2            ########################################
[   48s] python39-tomli-2.0.1-1.3              ########################################
[   48s] python39-six-1.16.0-2.5               ########################################
[   48s] python39-asttokens-2.2.1-1.2          ########################################
[   48s] python39-pure-eval-0.2.2-1.2          ########################################
[   48s] python39-ptyprocess-0.7.0-1.6         ########################################
[   48s] python39-pexpect-4.8.0-22.2           ########################################
[   48s] python39-pluggy-1.0.0-1.5             ########################################
[   48s] python39-pickleshare-0.7.5-4.2        ########################################
[   49s] python39-parso-0.8.3-2.2              ########################################
[   50s] python39-jedi-0.18.2-4.2              ########################################
[   50s] python39-iniconfig-1.1.1-3.2          ########################################
[   50s] python39-executing-1.2.0-4.2          ########################################
[   50s] python39-exceptiongroup-1.1.0-1.2     ########################################
[   50s] python39-distro-1.8.0-1.2             ########################################
[   50s] python39-devel-3.9.16-3.2             ########################################
[   50s] python39-decorator-5.1.1-1.3          ########################################
[   50s] python39-backcall-0.2.0-1.8           ########################################
[   50s] python39-attrs-22.2.0-1.2             ########################################
[   50s] python38-zipp-3.8.1-1.2               ########################################
[   50s] python38-importlib-metadata-6.0.0-1.2 ########################################
[   50s] python38-wcwidth-0.2.6-1.2            ########################################
[   50s] python38-tomli-2.0.1-1.3              ########################################
[   51s] python38-six-1.16.0-2.5               ########################################
[   51s] python38-asttokens-2.2.1-1.2          ########################################
[   51s] python38-pure-eval-0.2.2-1.2          ########################################
[   51s] python38-ptyprocess-0.7.0-1.6         ########################################
[   51s] python38-pexpect-4.8.0-22.2           ########################################
[   51s] python38-pluggy-1.0.0-1.5             ########################################
[   51s] python38-pickleshare-0.7.5-4.2        ########################################
[   51s] python38-parso-0.8.3-2.2              ########################################
[   52s] python38-jedi-0.18.2-4.2              ########################################
[   52s] python38-iniconfig-1.1.1-3.2          ########################################
[   52s] python38-executing-1.2.0-4.2          ########################################
[   52s] python38-exceptiongroup-1.1.0-1.2     ########################################
[   52s] python38-distro-1.8.0-1.2             ########################################
[   53s] python38-devel-3.8.16-3.2             ########################################
[   53s] python38-decorator-5.1.1-1.3          ########################################
[   53s] python38-backcall-0.2.0-1.8           ########################################
[   53s] python38-attrs-22.2.0-1.2             ########################################
[   53s] python311-zipp-3.8.1-1.2              ########################################
[   53s] python311-importlib-metadata-6.0.0-1.2########################################
[   53s] python311-wcwidth-0.2.6-1.2           ########################################
[   53s] python311-tomli-2.0.1-1.3             ########################################
[   53s] python311-six-1.16.0-2.5              ########################################
[   53s] python311-asttokens-2.2.1-1.2         ########################################
[   53s] python311-pure-eval-0.2.2-1.2         ########################################
[   53s] python311-ptyprocess-0.7.0-1.6        ########################################
[   53s] python311-pexpect-4.8.0-22.2          ########################################
[   53s] python311-pluggy-1.0.0-1.5            ########################################
[   53s] python311-pickleshare-0.7.5-4.2       ########################################
[   53s] python311-parso-0.8.3-2.2             ########################################
[   54s] python311-jedi-0.18.2-4.2             ########################################
[   55s] python311-iniconfig-1.1.1-3.2         ########################################
[   55s] python311-executing-1.2.0-4.2         ########################################
[   55s] python311-exceptiongroup-1.1.0-1.2    ########################################
[   55s] python311-distro-1.8.0-1.2            ########################################
[   55s] python311-devel-3.11.1-4.2            ########################################
[   55s] python311-decorator-5.1.1-1.3         ########################################
[   55s] python311-backcall-0.2.0-1.8          ########################################
[   55s] python311-attrs-22.2.0-1.2            ########################################
[   55s] python310-zipp-3.8.1-1.2              ########################################
[   55s] python310-importlib-metadata-6.0.0-1.2########################################
[   55s] python310-wcwidth-0.2.6-1.2           ########################################
[   55s] python310-tomli-2.0.1-1.3             ########################################
[   55s] python310-six-1.16.0-2.5              ########################################
[   56s] python310-asttokens-2.2.1-1.2         ########################################
[   56s] python310-pure-eval-0.2.2-1.2         ########################################
[   56s] python310-ptyprocess-0.7.0-1.6        ########################################
[   56s] python310-pexpect-4.8.0-22.2          ########################################
[   56s] python310-pluggy-1.0.0-1.5            ########################################
[   56s] python310-pickleshare-0.7.5-4.2       ########################################
[   56s] python310-parso-0.8.3-2.2             ########################################
[   57s] python310-jedi-0.18.2-4.2             ########################################
[   57s] python310-iniconfig-1.1.1-3.2         ########################################
[   57s] python310-executing-1.2.0-4.2         ########################################
[   57s] python310-exceptiongroup-1.1.0-1.2    ########################################
[   57s] python310-distro-1.8.0-1.2            ########################################
[   57s] python310-devel-3.10.9-2.2            ########################################
[   57s] python310-decorator-5.1.1-1.3         ########################################
[   57s] python310-backcall-0.2.0-1.8          ########################################
[   58s] python310-attrs-22.2.0-1.2            ########################################
[   58s] libuv1-1.44.2-3.1                     ########################################
[   68s] libstdc++6-devel-gcc12-12.2.1+git749-4########################################
[   71s] gcc12-c++-12.2.1+git749-4.1           ########################################
[   71s] librhash0-1.4.3-1.1                   ########################################
[   77s] cmake-mini-3.25.2-1.2                 ########################################
[   77s] cmake-3.25.2-1.1                      ########################################
[   77s] libalternatives1-1.2+3.b848aad-3.1    ########################################
[   77s] alts-1.2+3.b848aad-3.1                ########################################
[   78s] python310-Pygments-2.14.0-1.2         ########################################
[   80s] python311-Pygments-2.14.0-1.2         ########################################
[   81s] python38-Pygments-2.14.0-1.2          ########################################
[   82s] python39-Pygments-2.14.0-1.2          ########################################
[   83s] python39-prompt_toolkit-3.0.36-1.3    ########################################
[   83s] python38-prompt_toolkit-3.0.36-1.3    ########################################
[   84s] python311-prompt_toolkit-3.0.36-1.3   ########################################
[   84s] python310-prompt_toolkit-3.0.36-1.3   ########################################
[   84s] python310-wheel-0.38.4-1.2            ########################################
[   85s] python311-wheel-0.38.4-1.2            ########################################
[   85s] python38-wheel-0.38.4-1.2             ########################################
[   86s] python39-wheel-0.38.4-1.2             ########################################
[   86s] python310-pytest-7.2.0-2.2            ########################################
[   86s] python310-stack-data-0.2.0-2.2        ########################################
[   87s] python311-pytest-7.2.0-2.2            ########################################
[   87s] python311-stack-data-0.2.0-2.2        ########################################
[   87s] python38-pytest-7.2.0-2.2             ########################################
[   88s] python38-stack-data-0.2.0-2.2         ########################################
[   88s] python39-pytest-7.2.0-2.2             ########################################
[   88s] python39-stack-data-0.2.0-2.2         ########################################
[   89s] python39-ipython-8.9.0-1.2            ########################################
[   90s] python38-ipython-8.9.0-1.2            ########################################
[   91s] python311-ipython-8.9.0-1.2           ########################################
[   92s] python310-ipython-8.9.0-1.2           ########################################
[   93s] python39-scikit-build-0.16.6-1.2      ########################################
[   93s] python38-scikit-build-0.16.6-1.2      ########################################
[   93s] python311-scikit-build-0.16.6-1.2     ########################################
[   93s] python310-scikit-build-0.16.6-1.2     ########################################
[   93s] gcc-c++-12-2.1                        ########################################
[   94s] python310-Cython-0.29.33-1.2          ########################################
[   96s] python311-Cython-0.29.33-1.2          ########################################
[   97s] python38-Cython-0.29.33-1.2           ########################################
[   98s] python39-Cython-0.29.33-1.2           ########################################
[   99s] ninja-1.11.1-8.1                      ########################################
[   99s] fdupes-2.2.1-1.1                      ########################################
[  105s] now finalizing build dir...
[  105s] ... running 01-add_abuild_user_to_trusted_group
[  106s] ... running 02-set_timezone_to_utc
[  106s] ... running 03-set-permissions-secure
[  106s] ... running 11-hack_uname_version_to_kernel_version
[  114s] -----------------------------------------------------------------
[  114s] I have the following modifications for python-line_profiler.spec:
[  114s] 22c22
[  114s] < Release:        0
[  114s] ---
[  114s] > Release:        1.2
[  120s] build target is riscv64-suse-linux
[  120s] -----------------------------------------------------------------
[  120s] ----- building python-line_profiler.spec (user abuild)
[  120s] -----------------------------------------------------------------
[  120s] -----------------------------------------------------------------
[  123s] + exec rpmbuild -ba --define '_srcdefattr (-,root,root)' --nosignature --target=riscv64-suse-linux --define '_build_create_debug 1' --define 'disturl obs://build.opensuse.org/openSUSE:Factory:RISCV/standard/fcafdf24057eaecb3d28c7f5e5f22b39-python-line_profiler' /home/abuild/rpmbuild/SOURCES/python-line_profiler.spec
[  177s] Building target platforms: riscv64-suse-linux
[  177s] Building for target riscv64-suse-linux
[  177s] setting SOURCE_DATE_EPOCH=1664409600
[  177s] Executing(%prep): /usr/bin/bash -e /var/tmp/rpm-tmp.zv4UoM
[  177s] + umask 022
[  177s] + cd /home/abuild/rpmbuild/BUILD
[  177s] + cd /home/abuild/rpmbuild/BUILD
[  177s] + rm -rf line_profiler-3.5.1
[  177s] + /usr/lib/rpm/rpmuncompress -x /home/abuild/rpmbuild/SOURCES/line_profiler-3.5.1.tar.gz
[  178s] + STATUS=0
[  178s] + '[' 0 -ne 0 ']'
[  178s] + cd line_profiler-3.5.1
[  178s] + /usr/bin/chmod -Rf a+rX,u+w,g-w,o-w .
[  178s] + RPM_EC=0
[  178s] ++ jobs -p
[  178s] + exit 0
[  178s] Executing(%build): /usr/bin/bash -e /var/tmp/rpm-tmp.P8n1fx
[  178s] + umask 022
[  178s] + cd /home/abuild/rpmbuild/BUILD
[  178s] + /usr/bin/rm -rf /home/abuild/rpmbuild/BUILDROOT/python-line_profiler-3.5.1-1.2.riscv64
[  178s] ++ dirname /home/abuild/rpmbuild/BUILDROOT/python-line_profiler-3.5.1-1.2.riscv64
[  178s] + /usr/bin/mkdir -p /home/abuild/rpmbuild/BUILDROOT
[  178s] + /usr/bin/mkdir /home/abuild/rpmbuild/BUILDROOT/python-line_profiler-3.5.1-1.2.riscv64
[  178s] + cd line_profiler-3.5.1
[  178s] + ref=/usr/lib/rpm
[  178s] + mints=0
[  178s] + case $(uname -m) in
[  178s] ++ uname -m
[  178s] + mints=20160911
[  178s] + for s in guess sub
[  179s] ++ find -maxdepth 8 -name config.guess
[  179s] + for s in guess sub
[  179s] ++ find -maxdepth 8 -name config.sub
[  179s] + find . -name '*.pyx' -exec cython '{}' ';'
[  183s] /usr/lib64/python3.10/site-packages/Cython/Compiler/Main.py:369: FutureWarning: Cython directive 'language_level' not set, using 2 for now (Py2). This will change in a later release! File: /home/abuild/rpmbuild/BUILD/line_profiler-3.5.1/line_profiler/_line_profiler.pyx
[  183s]   tree = Parsing.p_module(s, pxd, full_module_name)
[  187s] + export 'CFLAGS=-O2 -Wall -U_FORTIFY_SOURCE -D_FORTIFY_SOURCE=3 -fstack-protector-strong -funwind-tables -fasynchronous-unwind-tables -fstack-clash-protection -Werror=return-type -flto=auto -g -fno-strict-aliasing'
[  187s] + CFLAGS='-O2 -Wall -U_FORTIFY_SOURCE -D_FORTIFY_SOURCE=3 -fstack-protector-strong -funwind-tables -fasynchronous-unwind-tables -fstack-clash-protection -Werror=return-type -flto=auto -g -fno-strict-aliasing'
[  187s] + sed -i '1{/env python/d}' line_profiler/line_profiler.py kernprof.py
[  187s] + sed -i 's/setup(\*\*setupkw)/setup(**setupkw, ext_modules=[setuptools.Extension(name="line_profiler._line_profiler",sources=[])])/' setup.py
[  187s] ++ '[' -f _current_flavor ']'
[  187s] ++ true
[  187s] + last_flavor=
[  187s] + '[' -z '' ']'
[  187s] + last_flavor=tmp
[  187s] + '[' tmp '!=' python38 ']'
[  187s] + '[' -d build ']'
[  187s] + '[' -d _build.python38 ']'
[  187s] + echo python38
[  187s] + python_flavor=python38
[  187s] + /usr/bin/python3.8 setup.py build '--executable=/usr/bin/python3.8 -s'
[  194s] 
[  194s] 
[  194s] --------------------------------------------------------------------------------
[  194s] -- Trying 'Ninja' generator
[  194s] --------------------------------
[  194s] ---------------------------
[  194s] ----------------------
[  194s] -----------------
[  194s] ------------
[  194s] -------
[  194s] --
[  195s] Not searching for unused variables given on the command line.
[  200s] -- The C compiler identification is GNU 12.2.1
[  200s] -- Detecting C compiler ABI info
[  204s] -- Detecting C compiler ABI info - done
[  205s] -- Check for working C compiler: /usr/bin/cc - skipped
[  205s] -- Detecting C compile features
[  205s] -- Detecting C compile features - done
[  206s] -- The CXX compiler identification is GNU 12.2.1
[  207s] -- Detecting CXX compiler ABI info
[  209s] -- Detecting CXX compiler ABI info - done
[  209s] -- Check for working CXX compiler: /usr/bin/c++ - skipped
[  209s] -- Detecting CXX compile features
[  209s] -- Detecting CXX compile features - done
[  209s] -- Configuring done
[  209s] -- Generating done
[  209s] -- Build files have been written to: /home/abuild/rpmbuild/BUILD/line_profiler-3.5.1/_cmake_test_compile/build
[  209s] --
[  209s] -------
[  209s] ------------
[  209s] -----------------
[  209s] ----------------------
[  209s] ---------------------------
[  209s] --------------------------------
[  209s] -- Trying 'Ninja' generator - success
[  209s] --------------------------------------------------------------------------------
[  209s] 
[  209s] Configuring Project
[  209s]   Working directory:
[  209s]     /home/abuild/rpmbuild/BUILD/line_profiler-3.5.1/_skbuild/linux-riscv64-3.8/cmake-build
[  209s]   Command:
[  209s]     /usr/bin/cmake /home/abuild/rpmbuild/BUILD/line_profiler-3.5.1 -G Ninja -DCMAKE_INSTALL_PREFIX:PATH=/home/abuild/rpmbuild/BUILD/line_profiler-3.5.1/_skbuild/linux-riscv64-3.8/cmake-install -DPYTHON_VERSION_STRING:STRING=3.8.16 -DSKBUILD:INTERNAL=TRUE -DCMAKE_MODULE_PATH:PATH=/usr/lib/python3.8/site-packages/skbuild/resources/cmake -DPYTHON_EXECUTABLE:PATH=/usr/bin/python3.8 -DPYTHON_INCLUDE_DIR:PATH=/usr/include/python3.8 -DPYTHON_LIBRARY:PATH=/usr/lib64/libpython3.8.so -DPython_EXECUTABLE:PATH=/usr/bin/python3.8 -DPython_ROOT_DIR:PATH=/usr -DPython_INCLUDE_DIR:PATH=/usr/include/python3.8 -DPython_FIND_REGISTRY:STRING=NEVER -DPython3_EXECUTABLE:PATH=/usr/bin/python3.8 -DPython3_ROOT_DIR:PATH=/usr -DPython3_INCLUDE_DIR:PATH=/usr/include/python3.8 -DPython3_FIND_REGISTRY:STRING=NEVER -DCMAKE_BUILD_TYPE:STRING=Release
[  209s] 
[  214s] -- The C compiler identification is GNU 12.2.1
[  215s] -- Detecting C compiler ABI info
[  219s] -- Detecting C compiler ABI info - done
[  219s] -- Check for working C compiler: /usr/bin/cc - skipped
[  219s] -- Detecting C compile features
[  219s] -- Detecting C compile features - done
[  220s] -- Found PythonInterp: /usr/bin/python3.8 (found version "3.8.16") 
[  221s] -- Found Cython: /usr/bin/cython  
[  221s] -- Found PythonLibs: /usr/lib64/libpython3.8.so (found version "3.8.16") 
[  225s] -- [OURS] sources = /home/abuild/rpmbuild/BUILD/line_profiler-3.5.1/_skbuild/linux-riscv64-3.8/cmake-build/line_profiler/_line_profiler.c;/home/abuild/rpmbuild/BUILD/line_profiler-3.5.1/line_profiler/unset_trace.c;/home/abuild/rpmbuild/BUILD/line_profiler-3.5.1/line_profiler/timers.c
[  233s] -- Performing Test Weak Link MODULE -> SHARED (gnu_ld_ignore) - Success
[  233s] _modinit_prefix:PyInit_
[  233s] -- [OURS] _install_dest = line_profiler
[  233s] -- Configuring done
[  233s] -- Generating done
[  234s] CMake Warning:
[  234s]   Manually-specified variables were not used by the project:
[  234s] 
[  234s]     Python3_EXECUTABLE
[  234s]     Python3_FIND_REGISTRY
[  234s]     Python3_INCLUDE_DIR
[  234s]     Python3_ROOT_DIR
[  234s]     Python_FIND_REGISTRY
[  234s]     Python_INCLUDE_DIR
[  234s]     Python_ROOT_DIR
[  234s] 
[  234s] 
[  234s] -- Build files have been written to: /home/abuild/rpmbuild/BUILD/line_profiler-3.5.1/_skbuild/linux-riscv64-3.8/cmake-build
[  242s] [1/6] Generating C source line_profiler/_line_profiler.c
[  242s] /usr/lib64/python3.10/site-packages/Cython/Compiler/Main.py:369: FutureWarning: Cython directive 'language_level' not set, using 2 for now (Py2). This will change in a later release! File: /home/abuild/rpmbuild/BUILD/line_profiler-3.5.1/line_profiler/_line_profiler.pyx
[  242s]   tree = Parsing.p_module(s, pxd, full_module_name)
[  245s] [2/6] Building C object line_profiler/CMakeFiles/_line_profiler.dir/unset_trace.c.o
[  245s] [3/6] Building C object line_profiler/CMakeFiles/_line_profiler.dir/timers.c.o
[  254s] [4/6] Building C object line_profiler/CMakeFiles/_line_profiler.dir/_line_profiler.c.o
[  289s] [5/6] Linking C shared module line_profiler/_line_profiler.cpython-38-riscv64-linux-gnu.so
[  289s] [5/6] Install the project...
[  290s] -- Install configuration: "Release"
[  290s] -- Installing: /home/abuild/rpmbuild/BUILD/line_profiler-3.5.1/_skbuild/linux-riscv64-3.8/cmake-install/line_profiler/_line_profiler.cpython-38-riscv64-linux-gnu.so
[  290s] file line_profiler.py (for module line_profiler) not found
[  290s] 
[  290s] copying kernprof.py -> _skbuild/linux-riscv64-3.8/cmake-install/kernprof.py
[  290s] copying line_profiler/__init__.py -> _skbuild/linux-riscv64-3.8/cmake-install/line_profiler/__init__.py
[  290s] copying line_profiler/__main__.py -> _skbuild/linux-riscv64-3.8/cmake-install/line_profiler/__main__.py
[  290s] copying line_profiler/ipython_extension.py -> _skbuild/linux-riscv64-3.8/cmake-install/line_profiler/ipython_extension.py
[  290s] copying line_profiler/line_profiler.py -> _skbuild/linux-riscv64-3.8/cmake-install/line_profiler/line_profiler.py
[  290s] 
[  290s] running build
[  290s] running build_py
[  290s] file line_profiler.py (for module line_profiler) not found
[  290s] creating _skbuild/linux-riscv64-3.8/setuptools/lib.linux-riscv64-cpython-38
[  290s] copying _skbuild/linux-riscv64-3.8/cmake-install/kernprof.py -> _skbuild/linux-riscv64-3.8/setuptools/lib.linux-riscv64-cpython-38
[  290s] creating _skbuild/linux-riscv64-3.8/setuptools/lib.linux-riscv64-cpython-38/line_profiler
[  290s] copying _skbuild/linux-riscv64-3.8/cmake-install/line_profiler/__init__.py -> _skbuild/linux-riscv64-3.8/setuptools/lib.linux-riscv64-cpython-38/line_profiler
[  290s] copying _skbuild/linux-riscv64-3.8/cmake-install/line_profiler/__main__.py -> _skbuild/linux-riscv64-3.8/setuptools/lib.linux-riscv64-cpython-38/line_profiler
[  290s] copying _skbuild/linux-riscv64-3.8/cmake-install/line_profiler/ipython_extension.py -> _skbuild/linux-riscv64-3.8/setuptools/lib.linux-riscv64-cpython-38/line_profiler
[  290s] copying _skbuild/linux-riscv64-3.8/cmake-install/line_profiler/line_profiler.py -> _skbuild/linux-riscv64-3.8/setuptools/lib.linux-riscv64-cpython-38/line_profiler
[  290s] copying _skbuild/linux-riscv64-3.8/cmake-install/line_profiler/_line_profiler.cpython-38-riscv64-linux-gnu.so -> _skbuild/linux-riscv64-3.8/setuptools/lib.linux-riscv64-cpython-38/line_profiler
[  290s] file line_profiler.py (for module line_profiler) not found
[  290s] copied 5 files
[  290s] running build_ext
[  291s] ++ '[' -f _current_flavor ']'
[  291s] ++ cat _current_flavor
[  291s] + last_flavor=python38
[  291s] + '[' -z python38 ']'
[  291s] + '[' python38 '!=' python39 ']'
[  291s] + '[' -d build ']'
[  291s] + '[' -d _build.python39 ']'
[  291s] + echo python39
[  291s] + python_flavor=python39
[  291s] + /usr/bin/python3.9 setup.py build '--executable=/usr/bin/python3.9 -s'
[  297s] 
[  297s] 
[  297s] --------------------------------------------------------------------------------
[  297s] -- Trying 'Ninja' generator
[  297s] --------------------------------
[  297s] ---------------------------
[  297s] ----------------------
[  297s] -----------------
[  297s] ------------
[  297s] -------
[  297s] --
[  297s] Not searching for unused variables given on the command line.
[  302s] -- The C compiler identification is GNU 12.2.1
[  302s] -- Detecting C compiler ABI info
[  307s] -- Detecting C compiler ABI info - done
[  307s] -- Check for working C compiler: /usr/bin/cc - skipped
[  307s] -- Detecting C compile features
[  307s] -- Detecting C compile features - done
[  309s] -- The CXX compiler identification is GNU 12.2.1
[  309s] -- Detecting CXX compiler ABI info
[  311s] -- Detecting CXX compiler ABI info - done
[  312s] -- Check for working CXX compiler: /usr/bin/c++ - skipped
[  312s] -- Detecting CXX compile features
[  312s] -- Detecting CXX compile features - done
[  312s] -- Configuring done
[  312s] -- Generating done
[  312s] -- Build files have been written to: /home/abuild/rpmbuild/BUILD/line_profiler-3.5.1/_cmake_test_compile/build
[  312s] --
[  312s] -------
[  312s] ------------
[  312s] -----------------
[  312s] ----------------------
[  312s] ---------------------------
[  312s] --------------------------------
[  312s] -- Trying 'Ninja' generator - success
[  312s] --------------------------------------------------------------------------------
[  312s] 
[  312s] Configuring Project
[  312s]   Working directory:
[  312s]     /home/abuild/rpmbuild/BUILD/line_profiler-3.5.1/_skbuild/linux-riscv64-3.9/cmake-build
[  312s]   Command:
[  312s]     /usr/bin/cmake /home/abuild/rpmbuild/BUILD/line_profiler-3.5.1 -G Ninja -DCMAKE_INSTALL_PREFIX:PATH=/home/abuild/rpmbuild/BUILD/line_profiler-3.5.1/_skbuild/linux-riscv64-3.9/cmake-install -DPYTHON_VERSION_STRING:STRING=3.9.16 -DSKBUILD:INTERNAL=TRUE -DCMAKE_MODULE_PATH:PATH=/usr/lib/python3.9/site-packages/skbuild/resources/cmake -DPYTHON_EXECUTABLE:PATH=/usr/bin/python3.9 -DPYTHON_INCLUDE_DIR:PATH=/usr/include/python3.9 -DPYTHON_LIBRARY:PATH=/usr/lib64/libpython3.9.so -DPython_EXECUTABLE:PATH=/usr/bin/python3.9 -DPython_ROOT_DIR:PATH=/usr -DPython_INCLUDE_DIR:PATH=/usr/include/python3.9 -DPython_FIND_REGISTRY:STRING=NEVER -DPython3_EXECUTABLE:PATH=/usr/bin/python3.9 -DPython3_ROOT_DIR:PATH=/usr -DPython3_INCLUDE_DIR:PATH=/usr/include/python3.9 -DPython3_FIND_REGISTRY:STRING=NEVER -DCMAKE_BUILD_TYPE:STRING=Release
[  312s] 
[  317s] -- The C compiler identification is GNU 12.2.1
[  318s] -- Detecting C compiler ABI info
[  322s] -- Detecting C compiler ABI info - done
[  322s] -- Check for working C compiler: /usr/bin/cc - skipped
[  322s] -- Detecting C compile features
[  322s] -- Detecting C compile features - done
[  323s] -- Found PythonInterp: /usr/bin/python3.9 (found version "3.9.16") 
[  324s] -- Found Cython: /usr/bin/cython  
[  325s] -- Found PythonLibs: /usr/lib64/libpython3.9.so (found version "3.9.16") 
[  328s] -- [OURS] sources = /home/abuild/rpmbuild/BUILD/line_profiler-3.5.1/_skbuild/linux-riscv64-3.9/cmake-build/line_profiler/_line_profiler.c;/home/abuild/rpmbuild/BUILD/line_profiler-3.5.1/line_profiler/unset_trace.c;/home/abuild/rpmbuild/BUILD/line_profiler-3.5.1/line_profiler/timers.c
[  336s] -- Performing Test Weak Link MODULE -> SHARED (gnu_ld_ignore) - Success
[  336s] _modinit_prefix:PyInit_
[  336s] -- [OURS] _install_dest = line_profiler
[  336s] -- Configuring done
[  336s] -- Generating done
[  336s] CMake Warning:
[  336s]   Manually-specified variables were not used by the project:
[  336s] 
[  336s]     Python3_EXECUTABLE
[  336s]     Python3_FIND_REGISTRY
[  336s]     Python3_INCLUDE_DIR
[  336s]     Python3_ROOT_DIR
[  336s]     Python_FIND_REGISTRY
[  336s]     Python_INCLUDE_DIR
[  336s]     Python_ROOT_DIR
[  336s] 
[  336s] 
[  336s] -- Build files have been written to: /home/abuild/rpmbuild/BUILD/line_profiler-3.5.1/_skbuild/linux-riscv64-3.9/cmake-build
[  345s] [1/6] Generating C source line_profiler/_line_profiler.c
[  345s] /usr/lib64/python3.10/site-packages/Cython/Compiler/Main.py:369: FutureWarning: Cython directive 'language_level' not set, using 2 for now (Py2). This will change in a later release! File: /home/abuild/rpmbuild/BUILD/line_profiler-3.5.1/line_profiler/_line_profiler.pyx
[  345s]   tree = Parsing.p_module(s, pxd, full_module_name)
[  347s] [2/6] Building C object line_profiler/CMakeFiles/_line_profiler.dir/unset_trace.c.o
[  348s] [3/6] Building C object line_profiler/CMakeFiles/_line_profiler.dir/timers.c.o
[  357s] [4/6] Building C object line_profiler/CMakeFiles/_line_profiler.dir/_line_profiler.c.o
[  385s] [5/6] Linking C shared module line_profiler/_line_profiler.cpython-39-riscv64-linux-gnu.so
[  385s] [5/6] Install the project...
[  386s] -- Install configuration: "Release"
[  386s] -- Installing: /home/abuild/rpmbuild/BUILD/line_profiler-3.5.1/_skbuild/linux-riscv64-3.9/cmake-install/line_profiler/_line_profiler.cpython-39-riscv64-linux-gnu.so
[  386s] file line_profiler.py (for module line_profiler) not found
[  386s] 
[  386s] copying kernprof.py -> _skbuild/linux-riscv64-3.9/cmake-install/kernprof.py
[  386s] copying line_profiler/__init__.py -> _skbuild/linux-riscv64-3.9/cmake-install/line_profiler/__init__.py
[  386s] copying line_profiler/__main__.py -> _skbuild/linux-riscv64-3.9/cmake-install/line_profiler/__main__.py
[  386s] copying line_profiler/ipython_extension.py -> _skbuild/linux-riscv64-3.9/cmake-install/line_profiler/ipython_extension.py
[  386s] copying line_profiler/line_profiler.py -> _skbuild/linux-riscv64-3.9/cmake-install/line_profiler/line_profiler.py
[  386s] 
[  386s] running build
[  386s] running build_py
[  386s] file line_profiler.py (for module line_profiler) not found
[  386s] creating _skbuild/linux-riscv64-3.9/setuptools/lib.linux-riscv64-cpython-39
[  386s] copying _skbuild/linux-riscv64-3.9/cmake-install/kernprof.py -> _skbuild/linux-riscv64-3.9/setuptools/lib.linux-riscv64-cpython-39
[  386s] creating _skbuild/linux-riscv64-3.9/setuptools/lib.linux-riscv64-cpython-39/line_profiler
[  386s] copying _skbuild/linux-riscv64-3.9/cmake-install/line_profiler/__init__.py -> _skbuild/linux-riscv64-3.9/setuptools/lib.linux-riscv64-cpython-39/line_profiler
[  386s] copying _skbuild/linux-riscv64-3.9/cmake-install/line_profiler/__main__.py -> _skbuild/linux-riscv64-3.9/setuptools/lib.linux-riscv64-cpython-39/line_profiler
[  386s] copying _skbuild/linux-riscv64-3.9/cmake-install/line_profiler/ipython_extension.py -> _skbuild/linux-riscv64-3.9/setuptools/lib.linux-riscv64-cpython-39/line_profiler
[  386s] copying _skbuild/linux-riscv64-3.9/cmake-install/line_profiler/line_profiler.py -> _skbuild/linux-riscv64-3.9/setuptools/lib.linux-riscv64-cpython-39/line_profiler
[  386s] copying _skbuild/linux-riscv64-3.9/cmake-install/line_profiler/_line_profiler.cpython-39-riscv64-linux-gnu.so -> _skbuild/linux-riscv64-3.9/setuptools/lib.linux-riscv64-cpython-39/line_profiler
[  386s] file line_profiler.py (for module line_profiler) not found
[  386s] copied 5 files
[  386s] running build_ext
[  387s] ++ '[' -f _current_flavor ']'
[  387s] ++ cat _current_flavor
[  387s] + last_flavor=python39
[  387s] + '[' -z python39 ']'
[  387s] + '[' python39 '!=' python311 ']'
[  387s] + '[' -d build ']'
[  387s] + '[' -d _build.python311 ']'
[  387s] + echo python311
[  387s] + python_flavor=python311
[  387s] + /usr/bin/python3.11 setup.py build '--executable=/usr/bin/python3.11 -s'
[  393s] 
[  393s] 
[  393s] --------------------------------------------------------------------------------
[  393s] -- Trying 'Ninja' generator
[  393s] --------------------------------
[  393s] ---------------------------
[  393s] ----------------------
[  393s] -----------------
[  393s] ------------
[  393s] -------
[  393s] --
[  393s] Not searching for unused variables given on the command line.
[  399s] -- The C compiler identification is GNU 12.2.1
[  399s] -- Detecting C compiler ABI info
[  404s] -- Detecting C compiler ABI info - done
[  404s] -- Check for working C compiler: /usr/bin/cc - skipped
[  404s] -- Detecting C compile features
[  404s] -- Detecting C compile features - done
[  406s] -- The CXX compiler identification is GNU 12.2.1
[  406s] -- Detecting CXX compiler ABI info
[  409s] -- Detecting CXX compiler ABI info - done
[  409s] -- Check for working CXX compiler: /usr/bin/c++ - skipped
[  409s] -- Detecting CXX compile features
[  409s] -- Detecting CXX compile features - done
[  409s] -- Configuring done
[  409s] -- Generating done
[  409s] -- Build files have been written to: /home/abuild/rpmbuild/BUILD/line_profiler-3.5.1/_cmake_test_compile/build
[  409s] --
[  409s] -------
[  409s] ------------
[  409s] -----------------
[  409s] ----------------------
[  409s] ---------------------------
[  409s] --------------------------------
[  409s] -- Trying 'Ninja' generator - success
[  409s] --------------------------------------------------------------------------------
[  409s] 
[  409s] Configuring Project
[  409s]   Working directory:
[  409s]     /home/abuild/rpmbuild/BUILD/line_profiler-3.5.1/_skbuild/linux-riscv64-3.11/cmake-build
[  409s]   Command:
[  409s]     /usr/bin/cmake /home/abuild/rpmbuild/BUILD/line_profiler-3.5.1 -G Ninja -DCMAKE_INSTALL_PREFIX:PATH=/home/abuild/rpmbuild/BUILD/line_profiler-3.5.1/_skbuild/linux-riscv64-3.11/cmake-install -DPYTHON_VERSION_STRING:STRING=3.11.1 -DSKBUILD:INTERNAL=TRUE -DCMAKE_MODULE_PATH:PATH=/usr/lib/python3.11/site-packages/skbuild/resources/cmake -DPYTHON_EXECUTABLE:PATH=/usr/bin/python3.11 -DPYTHON_INCLUDE_DIR:PATH=/usr/include/python3.11 -DPYTHON_LIBRARY:PATH=/usr/lib64/libpython3.11.so -DPython_EXECUTABLE:PATH=/usr/bin/python3.11 -DPython_ROOT_DIR:PATH=/usr -DPython_INCLUDE_DIR:PATH=/usr/include/python3.11 -DPython_FIND_REGISTRY:STRING=NEVER -DPython3_EXECUTABLE:PATH=/usr/bin/python3.11 -DPython3_ROOT_DIR:PATH=/usr -DPython3_INCLUDE_DIR:PATH=/usr/include/python3.11 -DPython3_FIND_REGISTRY:STRING=NEVER -DCMAKE_BUILD_TYPE:STRING=Release
[  409s] 
[  415s] -- The C compiler identification is GNU 12.2.1
[  415s] -- Detecting C compiler ABI info
[  420s] -- Detecting C compiler ABI info - done
[  420s] -- Check for working C compiler: /usr/bin/cc - skipped
[  420s] -- Detecting C compile features
[  420s] -- Detecting C compile features - done
[  421s] -- Found PythonInterp: /usr/bin/python3.11 (found version "3.11.1") 
[  422s] -- Found Cython: /usr/bin/cython  
[  423s] -- Found PythonLibs: /usr/lib64/libpython3.11.so (found version "3.11.1") 
[  426s] -- [OURS] sources = /home/abuild/rpmbuild/BUILD/line_profiler-3.5.1/_skbuild/linux-riscv64-3.11/cmake-build/line_profiler/_line_profiler.c;/home/abuild/rpmbuild/BUILD/line_profiler-3.5.1/line_profiler/unset_trace.c;/home/abuild/rpmbuild/BUILD/line_profiler-3.5.1/line_profiler/timers.c
[  434s] -- Performing Test Weak Link MODULE -> SHARED (gnu_ld_ignore) - Success
[  434s] _modinit_prefix:PyInit_
[  434s] -- [OURS] _install_dest = line_profiler
[  434s] -- Configuring done
[  434s] -- Generating done
[  435s] CMake Warning:
[  435s]   Manually-specified variables were not used by the project:
[  435s] 
[  435s]     Python3_EXECUTABLE
[  435s]     Python3_FIND_REGISTRY
[  435s]     Python3_INCLUDE_DIR
[  435s]     Python3_ROOT_DIR
[  435s]     Python_FIND_REGISTRY
[  435s]     Python_INCLUDE_DIR
[  435s]     Python_ROOT_DIR
[  435s] 
[  435s] 
[  435s] -- Build files have been written to: /home/abuild/rpmbuild/BUILD/line_profiler-3.5.1/_skbuild/linux-riscv64-3.11/cmake-build
[  443s] [1/6] Generating C source line_profiler/_line_profiler.c
[  443s] /usr/lib64/python3.10/site-packages/Cython/Compiler/Main.py:369: FutureWarning: Cython directive 'language_level' not set, using 2 for now (Py2). This will change in a later release! File: /home/abuild/rpmbuild/BUILD/line_profiler-3.5.1/line_profiler/_line_profiler.pyx
[  443s]   tree = Parsing.p_module(s, pxd, full_module_name)
[  446s] [2/6] Building C object line_profiler/CMakeFiles/_line_profiler.dir/unset_trace.c.o
[  446s] [3/6] Building C object line_profiler/CMakeFiles/_line_profiler.dir/timers.c.o
[  449s] [4/6] Building C object line_profiler/CMakeFiles/_line_profiler.dir/_line_profiler.c.o
[  449s] FAILED: line_profiler/CMakeFiles/_line_profiler.dir/_line_profiler.c.o 
[  449s] /usr/bin/cc -D_line_profiler_EXPORTS -I/usr/include/python3.11 -I/home/abuild/rpmbuild/BUILD/line_profiler-3.5.1/line_profiler -O2 -Wall -U_FORTIFY_SOURCE -D_FORTIFY_SOURCE=3 -fstack-protector-strong -funwind-tables -fasynchronous-unwind-tables -fstack-clash-protection -Werror=return-type -flto=auto -g -fno-strict-aliasing -O3 -DNDEBUG -fPIC -MD -MT line_profiler/CMakeFiles/_line_profiler.dir/_line_profiler.c.o -MF line_profiler/CMakeFiles/_line_profiler.dir/_line_profiler.c.o.d -o line_profiler/CMakeFiles/_line_profiler.dir/_line_profiler.c.o -c /home/abuild/rpmbuild/BUILD/line_profiler-3.5.1/_skbuild/linux-riscv64-3.11/cmake-build/line_profiler/_line_profiler.c
[  449s] /home/abuild/rpmbuild/BUILD/line_profiler-3.5.1/_skbuild/linux-riscv64-3.11/cmake-build/line_profiler/_line_profiler.c: In function __pyx_f_13line_profiler_14_line_profiler_python_trace_callback:
[  449s] /home/abuild/rpmbuild/BUILD/line_profiler-3.5.1/_skbuild/linux-riscv64-3.11/cmake-build/line_profiler/_line_profiler.c:5627:46: error: invalid use of incomplete typedef PyFrameObject {aka struct _frame}
[  449s]  5627 |     __pyx_t_1 = ((PyObject *)__pyx_v_py_frame->f_code);
[  449s]       |                                              ^~
[  449s] /home/abuild/rpmbuild/BUILD/line_profiler-3.5.1/_skbuild/linux-riscv64-3.11/cmake-build/line_profiler/_line_profiler.c:5835:58: error: invalid use of incomplete typedef PyFrameObject {aka struct _frame}
[  449s]  5835 |         __pyx_t_1 = __Pyx_PyInt_From_int(__pyx_v_py_frame->f_lineno); if (unlikely(!__pyx_t_1)) __PYX_ERR(0, 218, __pyx_L1_error)
[  449s]       |                                                          ^~
[  449s] ninja: build stopped: subcommand failed.
[  450s] Traceback (most recent call last):
[  450s]   File "/usr/lib/python3.11/site-packages/skbuild/setuptools_wrap.py", line 649, in setup
[  450s]     cmkr.make(make_args, install_target=cmake_install_target, env=env)
[  450s]   File "/usr/lib/python3.11/site-packages/skbuild/cmaker.py", line 686, in make
[  450s]     self.make_impl(clargs=clargs, config=config, source_dir=source_dir, install_target=install_target, env=env)
[  450s]   File "/usr/lib/python3.11/site-packages/skbuild/cmaker.py", line 717, in make_impl
[  450s]     raise SKBuildError(
[  450s] 
[  450s] An error occurred while building with CMake.
[  450s]   Command:
[  450s]     /usr/bin/cmake --build . --target install --config Release --
[  450s]   Install target:
[  450s]     install
[  450s]   Source directory:
[  450s]     /home/abuild/rpmbuild/BUILD/line_profiler-3.5.1
[  450s]   Working directory:
[  450s]     /home/abuild/rpmbuild/BUILD/line_profiler-3.5.1/_skbuild/linux-riscv64-3.11/cmake-build
[  450s] Please check the install target is valid and see CMake's output for more information.
[  450s] error: Bad exit status from /var/tmp/rpm-tmp.P8n1fx (%build)
[  450s] 
[  450s] RPM build errors:
[  450s]     Bad exit status from /var/tmp/rpm-tmp.P8n1fx (%build)
[  450s] ### VM INTERACTION START ###
[  451s] [  443.512916][    T1] sysrq: Power Off
[  451s] [  443.516139][   T99] reboot: Power down
[  451s] ### VM INTERACTION END ###
[  451s] 
[  451s] lamb56 failed "build python-line_profiler.spec" at Sun Feb 19 00:08:17 UTC 2023.
[  451s] 
