[    0s] Using BUILD_ROOT=/var/cache/obs/worker/root_8/.mount
[    0s] Using BUILD_ARCH=riscv64
[    0s] Doing kvm build in /var/cache/obs/worker/root_8/root
[    0s] 
[    0s] 
[    0s] lamb06 started "build python-urwid.spec" at Sat Feb 18 20:04:47 UTC 2023.
[    0s] 
[    0s] Building python-urwid for project 'openSUSE:Factory:RISCV' repository 'standard' arch 'riscv64' srcmd5 '8664a86dc64b3a33bd3a2a040d2fde5c'
[    0s] 
[    0s] processing recipe /var/cache/obs/worker/root_8/.build-srcdir/python-urwid.spec ...
[    0s] running changelog2spec --target rpm --file /var/cache/obs/worker/root_8/.build-srcdir/python-urwid.spec
[    0s] init_buildsystem --configdir /var/run/obs/worker/8/build/configs --cachedir /var/cache/build --prepare --clean --rpmlist /var/cache/obs/worker/root_8/.build.rpmlist /var/cache/obs/worker/root_8/.build-srcdir/python-urwid.spec build ...
[    0s] unpacking preinstall image openSUSE:Factory:RISCV/standard/preinstallimage-base [7f1f24da28b81384a50e3930e651d4e0]
[    3s] 
[    3s] copying packages...
[    3s] reordering...cycle: libpython3_10-1_0 -> python310-base
[    3s]   breaking dependency python310-base -> libpython3_10-1_0
[    3s] cycle: libpython3_11-1_0 -> python311-base
[    3s]   breaking dependency python311-base -> libpython3_11-1_0
[    3s] cycle: libpython3_8-1_0 -> python38-base
[    3s]   breaking dependency python38-base -> libpython3_8-1_0
[    3s] cycle: libpython3_9-1_0 -> python39-base
[    3s]   breaking dependency python39-base -> libpython3_9-1_0
[    3s] done
[    3s] Detected virtio-serial support
[    4s] booting kvm...
[    4s] ### VM INTERACTION START ###
[    4s] Using virtio-serial support
[    4s] /usr/bin/qemu-kvm -nodefaults -no-reboot -nographic -vga none -cpu host -M pc,accel=kvm,usb=off,dump-guest-core=off,vmport=off -sandbox on -bios /usr/share/qemu/qboot.rom -object rng-random,filename=/dev/random,id=rng0 -device virtio-rng-pci,rng=rng0 -object iothread,id=io0 -runas qemu -net none -kernel /var/cache/obs/worker/root_8/.mount/boot/kernel -initrd /var/cache/obs/worker/root_8/.mount/boot/initrd -append root=/dev/disk/by-id/virtio-0 rootfstype=ext4 rootflags=noatime kvmclock mitigations=off elevator=noop nmi_watchdog=0 rw rd.driver.pre=binfmt_misc oops=panic panic=1 quiet console=hvc0 init=/.build/initvm.x86_64 -m 8192 -drive file=/var/cache/obs/worker/root_8/root,format=raw,if=none,id=disk,cache=unsafe,aio=io_uring -device virtio-blk-pci,iothread=io0,drive=disk,serial=0 -drive file=/var/cache/obs/worker/root_8/swap,format=raw,if=none,id=swap,cache=unsafe,aio=io_uring -device virtio-blk-pci,iothread=io0,drive=swap,serial=1 -device virtio-serial,max_ports=2 -device virtconsole,chardev=virtiocon0 -chardev stdio,id=virtiocon0 -chardev socket,id=monitor,server=on,wait=off,path=/var/cache/obs/worker/root_8/root.qemu/monitor -mon chardev=monitor,mode=readline -smp 8
[    9s] ### VM INTERACTION END ###
[    9s] 2nd stage started in virtual machine
[    9s] machine type: riscv64
[   10s] Linux version: 6.1.12-1-default #1 SMP PREEMPT_DYNAMIC Wed Feb 15 05:31:41 UTC 2023 (373f017)
[   10s] Increasing log level from now on...
[   10s] [    5.105399][  T401] sysrq: Changing Loglevel
[   10s] [    5.105525][  T401] sysrq: Loglevel set to 4
[   10s] Enable sysrq operations
[   10s] Setting up swapspace version 1, size = 2 GiB (2097147904 bytes)
[   10s] no label, UUID=4307c1e8-6055-4679-a9f7-6a235e455da3
[   10s] swapon: /dev/vdb: found signature [pagesize=4096, signature=swap]
[   10s] swapon: /dev/vdb: pagesize=4096, swapsize=2097152000, devsize=2097152000
[   10s] swapon /dev/vdb
[   10s] WARNING: udev not running, creating extra device nodes
[   11s] logging output to //.build.log...
[   11s] processing recipe /.build-srcdir/python-urwid.spec ...
[   11s] init_buildsystem --configdir /.build/configs --cachedir /var/cache/build /.build-srcdir/python-urwid.spec build ...
[   12s] initializing rpm db...
[   12s] querying package ids...
[   35s] [1/151] preinstalled aaa_base-84.87+git20220822.6b9f7a3-1.1
[   35s] [2/151] preinstalled aaa_base-malloccheck-84.87+git20220822.6b9f7a3-1.1
[   35s] [3/151] preinstalled attr-2.5.1-1.1
[   35s] [4/151] preinstalled bash-5.2.15-8.1
[   35s] [5/151] preinstalled bash-sh-5.2.15-8.1
[   35s] [6/151] preinstalled binutils-2.39-3.1
[   35s] [7/151] preinstalled brp-check-suse-84.87+git20221115.2f7add6-1.1
[   35s] [8/151] preinstalled build-compare-20221206T204012.bb70754-1.2
[   35s] [9/151] preinstalled build-mkbaselibs-20230215-1.1
[   35s] [10/151] preinstalled bzip2-1.0.8-4.1
[   35s] [11/151] preinstalled chkstat-1599_20221220-1.2
[   35s] [12/151] preinstalled compat-usrmerge-build-84.87-5.1
[   35s] [13/151] preinstalled compat-usrmerge-tools-84.87-5.1
[   35s] [14/151] preinstalled coreutils-9.1-5.1
[   35s] [15/151] preinstalled cpio-2.13-5.1
[   35s] [16/151] preinstalled cpp-12-2.1
[   35s] [17/151] preinstalled cpp12-12.2.1+git749-4.1
[   35s] [18/151] cumulate crypto-policies-20210917.c9d86d1-1.1
[   35s] [19/151] preinstalled debugedit-5.0-5.1
[   35s] [20/151] preinstalled diffutils-3.9-1.1
[   35s] [21/151] preinstalled dwz-0.15-2.1
[   35s] [22/151] preinstalled elfutils-0.188-3.2
[   35s] [23/151] cumulate fdupes-2.2.1-1.1
[   35s] [24/151] preinstalled file-5.44-1.1
[   35s] [25/151] preinstalled file-magic-5.44-1.1
[   35s] [26/151] preinstalled filesystem-84.87-12.1
[   35s] [27/151] preinstalled fillup-1.42-279.1
[   35s] [28/151] preinstalled findutils-4.9.0-2.1
[   35s] [29/151] preinstalled gawk-5.2.1-2.1
[   35s] [30/151] preinstalled gcc-12-2.1
[   35s] [31/151] preinstalled gcc-PIE-12-2.1
[   35s] [32/151] preinstalled gcc12-12.2.1+git749-4.1
[   35s] [33/151] preinstalled gcc12-PIE-12.2.1+git749-4.1
[   35s] [34/151] preinstalled gettext-runtime-mini-0.21.1-1.1
[   35s] [35/151] preinstalled gettext-tools-mini-0.21.1-1.1
[   35s] [36/151] preinstalled glibc-2.37-1.1
[   35s] [37/151] preinstalled glibc-devel-2.37-1.1
[   35s] [38/151] preinstalled glibc-locale-base-2.37-1.1
[   35s] [39/151] preinstalled grep-3.8-3.1
[   35s] [40/151] preinstalled gzip-1.12-3.1
[   35s] [41/151] preinstalled kernel-obs-build-6.1.12-1.1
[   35s] [42/151] preinstalled libacl1-2.3.1-2.1
[   35s] [43/151] preinstalled libasan8-13.0.1+git5428-6.1
[   35s] [44/151] preinstalled libasm1-0.188-3.2
[   35s] [45/151] preinstalled libatomic1-13.0.1+git5428-6.1
[   35s] [46/151] preinstalled libattr1-2.5.1-1.1
[   35s] [47/151] preinstalled libaudit1-3.0.6-4.1
[   35s] [48/151] preinstalled libblkid1-2.38.1-7.1
[   35s] [49/151] preinstalled libbz2-1-1.0.8-4.1
[   35s] [50/151] preinstalled libcap-ng0-0.8.3-1.1
[   35s] [51/151] preinstalled libcap2-2.67-1.1
[   35s] [52/151] preinstalled libcrypt1-4.4.33-1.1
[   35s] [53/151] preinstalled libctf-nobfd0-2.39-3.1
[   35s] [54/151] preinstalled libctf0-2.39-3.1
[   35s] [55/151] preinstalled libdb-4_8-4.8.30-39.1
[   35s] [56/151] preinstalled libdw1-0.188-3.2
[   35s] [57/151] preinstalled libeconf0-0.5.1-1.1
[   35s] [58/151] preinstalled libelf1-0.188-3.2
[   35s] [59/151] cumulate libexpat1-2.5.0-2.1
[   35s] [60/151] preinstalled libfdisk1-2.38.1-7.1
[   35s] [61/151] cumulate libffi8-3.4.4-1.1
[   35s] [62/151] preinstalled libgcc_s1-13.0.1+git5428-6.1
[   35s] [63/151] preinstalled libgcrypt20-1.10.1-1.1
[   35s] [64/151] preinstalled libgdbm6-1.23-1.1
[   35s] [65/151] preinstalled libgdbm_compat4-1.23-1.1
[   35s] [66/151] preinstalled libgmp10-6.2.1-4.1
[   35s] [67/151] preinstalled libgomp1-13.0.1+git5428-6.1
[   35s] [68/151] preinstalled libgpg-error0-1.46-1.1
[   35s] [69/151] preinstalled libisl23-0.25-1.1
[   35s] [70/151] preinstalled liblua5_4-5-5.4.4-8.1
[   35s] [71/151] preinstalled liblzma5-5.4.1-1.1
[   35s] [72/151] preinstalled libmagic1-5.44-1.1
[   35s] [73/151] preinstalled libmount1-2.38.1-7.1
[   35s] [74/151] preinstalled libmpc3-1.3.1-1.2
[   35s] [75/151] cumulate libmpdec3-2.5.1-2.1
[   35s] [76/151] preinstalled libmpfr6-4.2.0-1.1
[   35s] [77/151] preinstalled libncurses6-6.4.20230128-5.1
[   35s] [78/151] preinstalled libpcre2-8-0-10.42-3.2
[   35s] [79/151] preinstalled libpkgconf3-1.8.0-2.1
[   35s] [80/151] preinstalled libpopt0-1.19-1.1
[   35s] [81/151] preinstalled libreadline8-8.2-2.1
[   35s] [82/151] preinstalled librpmbuild9-4.18.0-3.1
[   35s] [83/151] preinstalled libseccomp2-2.5.4-2.1
[   35s] [84/151] preinstalled libselinux1-3.4-2.1
[   35s] [85/151] preinstalled libsemanage-conf-3.4-1.1
[   35s] [86/151] preinstalled libsemanage2-3.4-1.1
[   35s] [87/151] preinstalled libsepol2-3.4-1.1
[   35s] [88/151] preinstalled libsmartcols1-2.38.1-7.1
[   35s] [89/151] preinstalled libstdc++6-13.0.1+git5428-6.1
[   35s] [90/151] preinstalled libsubid4-4.13-3.1
[   35s] [91/151] preinstalled libubsan1-13.0.1+git5428-6.1
[   35s] [92/151] preinstalled libutempter0-1.2.0-3.2
[   35s] [93/151] preinstalled libuuid1-2.38.1-7.1
[   35s] [94/151] preinstalled libxcrypt-devel-4.4.33-1.1
[   35s] [95/151] preinstalled libz1-1.2.13-2.1
[   35s] [96/151] preinstalled libzstd1-1.5.2-2.1
[   35s] [97/151] preinstalled linux-glibc-devel-6.1-1.1
[   35s] [98/151] preinstalled login_defs-4.13-3.1
[   35s] [99/151] preinstalled lua54-5.4.4-8.1
[   35s] [100/151] preinstalled make-4.4-2.1
[   35s] [101/151] preinstalled ncurses-utils-6.4.20230128-5.1
[   35s] [102/151] preinstalled pam-1.5.2-12.1
[   35s] [103/151] preinstalled patch-2.7.6-6.1
[   35s] [104/151] preinstalled perl-5.36.0-4.1
[   35s] [105/151] preinstalled perl-base-5.36.0-4.1
[   35s] [106/151] preinstalled permissions-1599_20221220-1.2
[   35s] [107/151] preinstalled permissions-config-1599_20221220-1.2
[   35s] [108/151] preinstalled pkgconf-1.8.0-2.1
[   35s] [109/151] preinstalled pkgconf-m4-1.8.0-2.1
[   35s] [110/151] preinstalled pkgconf-pkg-config-1.8.0-2.1
[   35s] [111/151] preinstalled polkit-default-privs-1550+20221102.9f111fa-1.1
[   35s] [112/151] preinstalled post-build-checks-84.87+git20230106.3a359c5-1.1
[   35s] [113/151] cumulate python-rpm-macros-20230128.e704796-1.2
[   35s] [114/151] preinstalled qemu-linux-user-7.1.0-50.1
[   35s] [115/151] preinstalled rpm-4.18.0-3.1
[   35s] [116/151] preinstalled rpm-build-4.18.0-3.1
[   35s] [117/151] preinstalled rpm-build-perl-4.18.0-3.1
[   35s] [118/151] preinstalled rpm-config-SUSE-20220926-1.1
[   35s] [119/151] preinstalled rpmlint-mini-2.4.0+git20230214.1bab129-9.4
[   35s] [120/151] preinstalled rpmlint-strict-2.4.0+git20230214.1bab129-1.1
[   35s] [121/151] preinstalled sed-4.9-2.1
[   35s] [122/151] preinstalled shadow-4.13-3.1
[   35s] [123/151] preinstalled system-group-hardware-20170617-24.1
[   35s] [124/151] preinstalled system-user-root-20190513-2.1
[   35s] [125/151] preinstalled systemd-rpm-macros-19-1.1
[   35s] [126/151] preinstalled sysuser-shadow-3.1-5.1
[   35s] [127/151] preinstalled tar-1.34-9.1
[   35s] [128/151] preinstalled terminfo-base-6.4.20230128-5.1
[   35s] [129/151] preinstalled update-alternatives-1.21.8-1.1
[   35s] [130/151] preinstalled util-linux-2.38.1-7.1
[   35s] [131/151] preinstalled which-2.21-5.1
[   35s] [132/151] preinstalled xz-5.4.1-1.1
[   35s] [133/151] cumulate libopenssl3-3.0.7-3.1
[   35s] [134/151] cumulate python310-base-3.10.9-2.2
[   35s] [135/151] cumulate python311-base-3.11.1-4.2
[   35s] [136/151] cumulate python38-base-3.8.16-3.2
[   35s] [137/151] cumulate python39-base-3.9.16-3.2
[   35s] [138/151] cumulate libpython3_10-1_0-3.10.9-2.2
[   35s] [139/151] cumulate libpython3_11-1_0-3.11.1-4.2
[   35s] [140/151] cumulate libpython3_8-1_0-3.8.16-3.2
[   35s] [141/151] cumulate libpython3_9-1_0-3.9.16-3.2
[   35s] [142/151] cumulate python310-packaging-23.0-1.1
[   35s] [143/151] cumulate python310-setuptools-65.6.3-1.2
[   35s] [144/151] cumulate python311-devel-3.11.1-4.2
[   35s] [145/151] cumulate python311-setuptools-65.6.3-1.2
[   35s] [146/151] cumulate python38-devel-3.8.16-3.2
[   35s] [147/151] cumulate python38-setuptools-65.6.3-1.2
[   35s] [148/151] cumulate python39-devel-3.9.16-3.2
[   35s] [149/151] cumulate python39-setuptools-65.6.3-1.2
[   35s] [150/151] cumulate python310-devel-3.10.9-2.2
[   35s] [151/151] cumulate python-rpm-packaging-20210526+a18ca48-1.2
[   35s] now installing cumulated packages
[   36s] Preparing...                          ########################################
[   36s] Updating / installing...
[   36s] libmpdec3-2.5.1-2.1                   ########################################
[   36s] libffi8-3.4.4-1.1                     ########################################
[   36s] libexpat1-2.5.0-2.1                   ########################################
[   36s] python-rpm-macros-20230128.e704796-1.2########################################
[   36s] crypto-policies-20210917.c9d86d1-1.1  ########################################
[   37s] libopenssl3-3.0.7-3.1                 ########################################
[   37s] libpython3_10-1_0-3.10.9-2.2          ########################################
[   42s] python310-base-3.10.9-2.2             ########################################
[   42s] libpython3_11-1_0-3.11.1-4.2          ########################################
[   48s] python311-base-3.11.1-4.2             ########################################
[   49s] libpython3_8-1_0-3.8.16-3.2           ########################################
[   54s] python38-base-3.8.16-3.2              ########################################
[   54s] libpython3_9-1_0-3.9.16-3.2           ########################################
[   58s] python39-base-3.9.16-3.2              ########################################
[   58s] python310-packaging-23.0-1.1          ########################################
[   58s] python-rpm-packaging-20210526+a18ca48-########################################
[   59s] python39-devel-3.9.16-3.2             ########################################
[   60s] python39-setuptools-65.6.3-1.2        ########################################
[   60s] python38-devel-3.8.16-3.2             ########################################
[   61s] python38-setuptools-65.6.3-1.2        ########################################
[   61s] python311-devel-3.11.1-4.2            ########################################
[   62s] python311-setuptools-65.6.3-1.2       ########################################
[   63s] python310-setuptools-65.6.3-1.2       ########################################
[   63s] python310-devel-3.10.9-2.2            ########################################
[   63s] fdupes-2.2.1-1.1                      ########################################
[   65s] now finalizing build dir...
[   65s] ... running 01-add_abuild_user_to_trusted_group
[   66s] ... running 02-set_timezone_to_utc
[   66s] ... running 03-set-permissions-secure
[   66s] ... running 11-hack_uname_version_to_kernel_version
[   74s] -----------------------------------------------------------------
[   74s] I have the following modifications for python-urwid.spec:
[   74s] 23c23
[   74s] < Release:        0
[   74s] ---
[   74s] > Release:        3.5
[   81s] build target is riscv64-suse-linux
[   81s] -----------------------------------------------------------------
[   81s] ----- building python-urwid.spec (user abuild)
[   81s] -----------------------------------------------------------------
[   81s] -----------------------------------------------------------------
[   85s] + exec rpmbuild -ba --define '_srcdefattr (-,root,root)' --nosignature --target=riscv64-suse-linux --define '_build_create_debug 1' --define 'disturl obs://build.opensuse.org/openSUSE:Factory:RISCV/standard/8664a86dc64b3a33bd3a2a040d2fde5c-python-urwid' /home/abuild/rpmbuild/SOURCES/python-urwid.spec
[  121s] Building target platforms: riscv64-suse-linux
[  121s] Building for target riscv64-suse-linux
[  121s] setting SOURCE_DATE_EPOCH=1636329600
[  121s] Executing(%prep): /usr/bin/bash -e /var/tmp/rpm-tmp.bqKkNV
[  121s] + umask 022
[  121s] + cd /home/abuild/rpmbuild/BUILD
[  121s] + cd /home/abuild/rpmbuild/BUILD
[  121s] + rm -rf urwid-2.1.2
[  121s] + /usr/lib/rpm/rpmuncompress -x /home/abuild/rpmbuild/SOURCES/urwid-2.1.2.tar.gz
[  122s] + STATUS=0
[  122s] + '[' 0 -ne 0 ']'
[  122s] + cd urwid-2.1.2
[  122s] + /usr/bin/chmod -Rf a+rX,u+w,g-w,o-w .
[  122s] + find urwid -name '*.py'
[  122s] + xargs sed -i '1 { /^#!/ d }'
[  122s] + RPM_EC=0
[  122s] ++ jobs -p
[  122s] + exit 0
[  122s] Executing(%build): /usr/bin/bash -e /var/tmp/rpm-tmp.zVCaMn
[  122s] + umask 022
[  122s] + cd /home/abuild/rpmbuild/BUILD
[  122s] + /usr/bin/rm -rf /home/abuild/rpmbuild/BUILDROOT/python-urwid-2.1.2-3.5.riscv64
[  122s] ++ dirname /home/abuild/rpmbuild/BUILDROOT/python-urwid-2.1.2-3.5.riscv64
[  122s] + /usr/bin/mkdir -p /home/abuild/rpmbuild/BUILDROOT
[  122s] + /usr/bin/mkdir /home/abuild/rpmbuild/BUILDROOT/python-urwid-2.1.2-3.5.riscv64
[  123s] + cd urwid-2.1.2
[  123s] + ref=/usr/lib/rpm
[  123s] + mints=0
[  123s] + case $(uname -m) in
[  123s] ++ uname -m
[  123s] + mints=20160911
[  123s] + for s in guess sub
[  123s] ++ find -maxdepth 8 -name config.guess
[  123s] + for s in guess sub
[  123s] ++ find -maxdepth 8 -name config.sub
[  123s] ++ '[' -f _current_flavor ']'
[  123s] ++ true
[  123s] + last_flavor=
[  123s] + '[' -z '' ']'
[  123s] + last_flavor=tmp
[  123s] + '[' tmp '!=' python38 ']'
[  123s] + '[' -d build ']'
[  123s] + '[' -d _build.python38 ']'
[  123s] + echo python38
[  123s] + python_flavor=python38
[  123s] + /usr/bin/python3.8 setup.py build '--executable=/usr/bin/python3.8 -s'
[  127s] running build
[  127s] running build_py
[  127s] creating build
[  127s] creating build/lib.linux-riscv64-cpython-38
[  127s] creating build/lib.linux-riscv64-cpython-38/urwid
[  127s] copying urwid/__init__.py -> build/lib.linux-riscv64-cpython-38/urwid
[  127s] copying urwid/_async_kw_event_loop.py -> build/lib.linux-riscv64-cpython-38/urwid
[  127s] copying urwid/canvas.py -> build/lib.linux-riscv64-cpython-38/urwid
[  127s] copying urwid/command_map.py -> build/lib.linux-riscv64-cpython-38/urwid
[  127s] copying urwid/compat.py -> build/lib.linux-riscv64-cpython-38/urwid
[  127s] copying urwid/container.py -> build/lib.linux-riscv64-cpython-38/urwid
[  127s] copying urwid/curses_display.py -> build/lib.linux-riscv64-cpython-38/urwid
[  127s] copying urwid/decoration.py -> build/lib.linux-riscv64-cpython-38/urwid
[  127s] copying urwid/display_common.py -> build/lib.linux-riscv64-cpython-38/urwid
[  127s] copying urwid/escape.py -> build/lib.linux-riscv64-cpython-38/urwid
[  127s] copying urwid/font.py -> build/lib.linux-riscv64-cpython-38/urwid
[  127s] copying urwid/graphics.py -> build/lib.linux-riscv64-cpython-38/urwid
[  127s] copying urwid/html_fragment.py -> build/lib.linux-riscv64-cpython-38/urwid
[  127s] copying urwid/lcd_display.py -> build/lib.linux-riscv64-cpython-38/urwid
[  127s] copying urwid/listbox.py -> build/lib.linux-riscv64-cpython-38/urwid
[  127s] copying urwid/main_loop.py -> build/lib.linux-riscv64-cpython-38/urwid
[  127s] copying urwid/monitored_list.py -> build/lib.linux-riscv64-cpython-38/urwid
[  127s] copying urwid/numedit.py -> build/lib.linux-riscv64-cpython-38/urwid
[  127s] copying urwid/old_str_util.py -> build/lib.linux-riscv64-cpython-38/urwid
[  127s] copying urwid/raw_display.py -> build/lib.linux-riscv64-cpython-38/urwid
[  127s] copying urwid/signals.py -> build/lib.linux-riscv64-cpython-38/urwid
[  127s] copying urwid/split_repr.py -> build/lib.linux-riscv64-cpython-38/urwid
[  127s] copying urwid/text_layout.py -> build/lib.linux-riscv64-cpython-38/urwid
[  127s] copying urwid/treetools.py -> build/lib.linux-riscv64-cpython-38/urwid
[  127s] copying urwid/util.py -> build/lib.linux-riscv64-cpython-38/urwid
[  127s] copying urwid/version.py -> build/lib.linux-riscv64-cpython-38/urwid
[  127s] copying urwid/vterm.py -> build/lib.linux-riscv64-cpython-38/urwid
[  127s] copying urwid/web_display.py -> build/lib.linux-riscv64-cpython-38/urwid
[  127s] copying urwid/widget.py -> build/lib.linux-riscv64-cpython-38/urwid
[  127s] copying urwid/wimp.py -> build/lib.linux-riscv64-cpython-38/urwid
[  127s] creating build/lib.linux-riscv64-cpython-38/urwid/tests
[  127s] copying urwid/tests/__init__.py -> build/lib.linux-riscv64-cpython-38/urwid/tests
[  127s] copying urwid/tests/test_canvas.py -> build/lib.linux-riscv64-cpython-38/urwid/tests
[  127s] copying urwid/tests/test_container.py -> build/lib.linux-riscv64-cpython-38/urwid/tests
[  127s] copying urwid/tests/test_decoration.py -> build/lib.linux-riscv64-cpython-38/urwid/tests
[  127s] copying urwid/tests/test_doctests.py -> build/lib.linux-riscv64-cpython-38/urwid/tests
[  127s] copying urwid/tests/test_escapes.py -> build/lib.linux-riscv64-cpython-38/urwid/tests
[  127s] copying urwid/tests/test_event_loops.py -> build/lib.linux-riscv64-cpython-38/urwid/tests
[  127s] copying urwid/tests/test_graphics.py -> build/lib.linux-riscv64-cpython-38/urwid/tests
[  127s] copying urwid/tests/test_listbox.py -> build/lib.linux-riscv64-cpython-38/urwid/tests
[  127s] copying urwid/tests/test_str_util.py -> build/lib.linux-riscv64-cpython-38/urwid/tests
[  127s] copying urwid/tests/test_text_layout.py -> build/lib.linux-riscv64-cpython-38/urwid/tests
[  127s] copying urwid/tests/test_util.py -> build/lib.linux-riscv64-cpython-38/urwid/tests
[  127s] copying urwid/tests/test_vterm.py -> build/lib.linux-riscv64-cpython-38/urwid/tests
[  127s] copying urwid/tests/test_widget.py -> build/lib.linux-riscv64-cpython-38/urwid/tests
[  127s] copying urwid/tests/util.py -> build/lib.linux-riscv64-cpython-38/urwid/tests
[  127s] running build_ext
[  127s] building 'urwid.str_util' extension
[  127s] creating build/temp.linux-riscv64-cpython-38
[  127s] creating build/temp.linux-riscv64-cpython-38/source
[  127s] gcc -Wno-unused-result -Wsign-compare -DNDEBUG -O2 -Wall -U_FORTIFY_SOURCE -D_FORTIFY_SOURCE=3 -fstack-protector-strong -funwind-tables -fasynchronous-unwind-tables -fstack-clash-protection -Werror=return-type -g -DOPENSSL_LOAD_CONF -fwrapv -fno-semantic-interposition -O2 -Wall -U_FORTIFY_SOURCE -D_FORTIFY_SOURCE=3 -fstack-protector-strong -funwind-tables -fasynchronous-unwind-tables -fstack-clash-protection -Werror=return-type -g -O2 -Wall -U_FORTIFY_SOURCE -D_FORTIFY_SOURCE=3 -fstack-protector-strong -funwind-tables -fasynchronous-unwind-tables -fstack-clash-protection -Werror=return-type -g -fPIC -I/usr/include/python3.8 -c source/str_util.c -o build/temp.linux-riscv64-cpython-38/source/str_util.o
[  136s] gcc -shared build/temp.linux-riscv64-cpython-38/source/str_util.o -L/usr/lib64 -o build/lib.linux-riscv64-cpython-38/urwid/str_util.cpython-38-riscv64-linux-gnu.so
[  137s] ++ '[' -f _current_flavor ']'
[  137s] ++ cat _current_flavor
[  137s] + last_flavor=python38
[  137s] + '[' -z python38 ']'
[  137s] + '[' python38 '!=' python39 ']'
[  137s] + '[' -d build ']'
[  137s] + mv build _build.python38
[  137s] + '[' -d _build.python39 ']'
[  137s] + echo python39
[  137s] + python_flavor=python39
[  137s] + /usr/bin/python3.9 setup.py build '--executable=/usr/bin/python3.9 -s'
[  141s] running build
[  141s] running build_py
[  141s] creating build
[  141s] creating build/lib.linux-riscv64-cpython-39
[  141s] creating build/lib.linux-riscv64-cpython-39/urwid
[  141s] copying urwid/__init__.py -> build/lib.linux-riscv64-cpython-39/urwid
[  141s] copying urwid/_async_kw_event_loop.py -> build/lib.linux-riscv64-cpython-39/urwid
[  141s] copying urwid/canvas.py -> build/lib.linux-riscv64-cpython-39/urwid
[  141s] copying urwid/command_map.py -> build/lib.linux-riscv64-cpython-39/urwid
[  141s] copying urwid/compat.py -> build/lib.linux-riscv64-cpython-39/urwid
[  141s] copying urwid/container.py -> build/lib.linux-riscv64-cpython-39/urwid
[  141s] copying urwid/curses_display.py -> build/lib.linux-riscv64-cpython-39/urwid
[  141s] copying urwid/decoration.py -> build/lib.linux-riscv64-cpython-39/urwid
[  141s] copying urwid/display_common.py -> build/lib.linux-riscv64-cpython-39/urwid
[  141s] copying urwid/escape.py -> build/lib.linux-riscv64-cpython-39/urwid
[  141s] copying urwid/font.py -> build/lib.linux-riscv64-cpython-39/urwid
[  141s] copying urwid/graphics.py -> build/lib.linux-riscv64-cpython-39/urwid
[  141s] copying urwid/html_fragment.py -> build/lib.linux-riscv64-cpython-39/urwid
[  141s] copying urwid/lcd_display.py -> build/lib.linux-riscv64-cpython-39/urwid
[  141s] copying urwid/listbox.py -> build/lib.linux-riscv64-cpython-39/urwid
[  141s] copying urwid/main_loop.py -> build/lib.linux-riscv64-cpython-39/urwid
[  141s] copying urwid/monitored_list.py -> build/lib.linux-riscv64-cpython-39/urwid
[  141s] copying urwid/numedit.py -> build/lib.linux-riscv64-cpython-39/urwid
[  141s] copying urwid/old_str_util.py -> build/lib.linux-riscv64-cpython-39/urwid
[  141s] copying urwid/raw_display.py -> build/lib.linux-riscv64-cpython-39/urwid
[  141s] copying urwid/signals.py -> build/lib.linux-riscv64-cpython-39/urwid
[  141s] copying urwid/split_repr.py -> build/lib.linux-riscv64-cpython-39/urwid
[  141s] copying urwid/text_layout.py -> build/lib.linux-riscv64-cpython-39/urwid
[  141s] copying urwid/treetools.py -> build/lib.linux-riscv64-cpython-39/urwid
[  141s] copying urwid/util.py -> build/lib.linux-riscv64-cpython-39/urwid
[  141s] copying urwid/version.py -> build/lib.linux-riscv64-cpython-39/urwid
[  141s] copying urwid/vterm.py -> build/lib.linux-riscv64-cpython-39/urwid
[  141s] copying urwid/web_display.py -> build/lib.linux-riscv64-cpython-39/urwid
[  141s] copying urwid/widget.py -> build/lib.linux-riscv64-cpython-39/urwid
[  141s] copying urwid/wimp.py -> build/lib.linux-riscv64-cpython-39/urwid
[  141s] creating build/lib.linux-riscv64-cpython-39/urwid/tests
[  141s] copying urwid/tests/__init__.py -> build/lib.linux-riscv64-cpython-39/urwid/tests
[  141s] copying urwid/tests/test_canvas.py -> build/lib.linux-riscv64-cpython-39/urwid/tests
[  141s] copying urwid/tests/test_container.py -> build/lib.linux-riscv64-cpython-39/urwid/tests
[  141s] copying urwid/tests/test_decoration.py -> build/lib.linux-riscv64-cpython-39/urwid/tests
[  141s] copying urwid/tests/test_doctests.py -> build/lib.linux-riscv64-cpython-39/urwid/tests
[  141s] copying urwid/tests/test_escapes.py -> build/lib.linux-riscv64-cpython-39/urwid/tests
[  141s] copying urwid/tests/test_event_loops.py -> build/lib.linux-riscv64-cpython-39/urwid/tests
[  141s] copying urwid/tests/test_graphics.py -> build/lib.linux-riscv64-cpython-39/urwid/tests
[  141s] copying urwid/tests/test_listbox.py -> build/lib.linux-riscv64-cpython-39/urwid/tests
[  141s] copying urwid/tests/test_str_util.py -> build/lib.linux-riscv64-cpython-39/urwid/tests
[  141s] copying urwid/tests/test_text_layout.py -> build/lib.linux-riscv64-cpython-39/urwid/tests
[  141s] copying urwid/tests/test_util.py -> build/lib.linux-riscv64-cpython-39/urwid/tests
[  141s] copying urwid/tests/test_vterm.py -> build/lib.linux-riscv64-cpython-39/urwid/tests
[  141s] copying urwid/tests/test_widget.py -> build/lib.linux-riscv64-cpython-39/urwid/tests
[  141s] copying urwid/tests/util.py -> build/lib.linux-riscv64-cpython-39/urwid/tests
[  141s] running build_ext
[  141s] building 'urwid.str_util' extension
[  141s] creating build/temp.linux-riscv64-cpython-39
[  141s] creating build/temp.linux-riscv64-cpython-39/source
[  141s] gcc -Wno-unused-result -Wsign-compare -DNDEBUG -O2 -Wall -U_FORTIFY_SOURCE -D_FORTIFY_SOURCE=3 -fstack-protector-strong -funwind-tables -fasynchronous-unwind-tables -fstack-clash-protection -Werror=return-type -g -DOPENSSL_LOAD_CONF -fwrapv -fno-semantic-interposition -O2 -Wall -U_FORTIFY_SOURCE -D_FORTIFY_SOURCE=3 -fstack-protector-strong -funwind-tables -fasynchronous-unwind-tables -fstack-clash-protection -Werror=return-type -g -IVendor/ -O2 -Wall -U_FORTIFY_SOURCE -D_FORTIFY_SOURCE=3 -fstack-protector-strong -funwind-tables -fasynchronous-unwind-tables -fstack-clash-protection -Werror=return-type -g -IVendor/ -fPIC -I/usr/include/python3.9 -c source/str_util.c -o build/temp.linux-riscv64-cpython-39/source/str_util.o
[  144s] source/str_util.c: In function ‘Py_IsWideChar’:
[  144s] source/str_util.c:484:9: warning: ‘PyUnicode_AsUnicode’ is deprecated [-Wdeprecated-declarations]
[  144s]   484 |         ustr = PyUnicode_AS_UNICODE(text);
[  144s]       |         ^~~~
[  144s] In file included from /usr/include/python3.9/unicodeobject.h:1026,
[  144s]                  from /usr/include/python3.9/Python.h:93,
[  144s]                  from source/str_util.c:25:
[  144s] /usr/include/python3.9/cpython/unicodeobject.h:580:45: note: declared here
[  144s]   580 | Py_DEPRECATED(3.3) PyAPI_FUNC(Py_UNICODE *) PyUnicode_AsUnicode(
[  144s]       |                                             ^~~~~~~~~~~~~~~~~~~
[  144s] source/str_util.c: In function ‘Py_CalcWidth’:
[  144s] source/str_util.c:663:9: warning: ‘PyUnicode_AsUnicode’ is deprecated [-Wdeprecated-declarations]
[  144s]   663 |         ustr = PyUnicode_AS_UNICODE(text);
[  144s]       |         ^~~~
[  144s] /usr/include/python3.9/cpython/unicodeobject.h:580:45: note: declared here
[  144s]   580 | Py_DEPRECATED(3.3) PyAPI_FUNC(Py_UNICODE *) PyUnicode_AsUnicode(
[  144s]       |                                             ^~~~~~~~~~~~~~~~~~~
[  144s] source/str_util.c: In function ‘Py_CalcTextPos’:
[  144s] source/str_util.c:749:9: warning: ‘PyUnicode_AsUnicode’ is deprecated [-Wdeprecated-declarations]
[  144s]   749 |         ustr = PyUnicode_AS_UNICODE(text);
[  144s]       |         ^~~~
[  144s] /usr/include/python3.9/cpython/unicodeobject.h:580:45: note: declared here
[  144s]   580 | Py_DEPRECATED(3.3) PyAPI_FUNC(Py_UNICODE *) PyUnicode_AsUnicode(
[  144s]       |                                             ^~~~~~~~~~~~~~~~~~~
[  150s] gcc -shared build/temp.linux-riscv64-cpython-39/source/str_util.o -L/usr/lib64 -o build/lib.linux-riscv64-cpython-39/urwid/str_util.cpython-39-riscv64-linux-gnu.so
[  151s] ++ '[' -f _current_flavor ']'
[  151s] ++ cat _current_flavor
[  151s] + last_flavor=python39
[  151s] + '[' -z python39 ']'
[  151s] + '[' python39 '!=' python311 ']'
[  151s] + '[' -d build ']'
[  151s] + mv build _build.python39
[  151s] + '[' -d _build.python311 ']'
[  151s] + echo python311
[  151s] + python_flavor=python311
[  151s] + /usr/bin/python3.11 setup.py build '--executable=/usr/bin/python3.11 -s'
[  155s] running build
[  155s] running build_py
[  155s] creating build
[  155s] creating build/lib.linux-riscv64-cpython-311
[  155s] creating build/lib.linux-riscv64-cpython-311/urwid
[  155s] copying urwid/__init__.py -> build/lib.linux-riscv64-cpython-311/urwid
[  155s] copying urwid/_async_kw_event_loop.py -> build/lib.linux-riscv64-cpython-311/urwid
[  155s] copying urwid/canvas.py -> build/lib.linux-riscv64-cpython-311/urwid
[  155s] copying urwid/command_map.py -> build/lib.linux-riscv64-cpython-311/urwid
[  155s] copying urwid/compat.py -> build/lib.linux-riscv64-cpython-311/urwid
[  155s] copying urwid/container.py -> build/lib.linux-riscv64-cpython-311/urwid
[  155s] copying urwid/curses_display.py -> build/lib.linux-riscv64-cpython-311/urwid
[  155s] copying urwid/decoration.py -> build/lib.linux-riscv64-cpython-311/urwid
[  155s] copying urwid/display_common.py -> build/lib.linux-riscv64-cpython-311/urwid
[  155s] copying urwid/escape.py -> build/lib.linux-riscv64-cpython-311/urwid
[  155s] copying urwid/font.py -> build/lib.linux-riscv64-cpython-311/urwid
[  155s] copying urwid/graphics.py -> build/lib.linux-riscv64-cpython-311/urwid
[  155s] copying urwid/html_fragment.py -> build/lib.linux-riscv64-cpython-311/urwid
[  155s] copying urwid/lcd_display.py -> build/lib.linux-riscv64-cpython-311/urwid
[  155s] copying urwid/listbox.py -> build/lib.linux-riscv64-cpython-311/urwid
[  155s] copying urwid/main_loop.py -> build/lib.linux-riscv64-cpython-311/urwid
[  155s] copying urwid/monitored_list.py -> build/lib.linux-riscv64-cpython-311/urwid
[  155s] copying urwid/numedit.py -> build/lib.linux-riscv64-cpython-311/urwid
[  155s] copying urwid/old_str_util.py -> build/lib.linux-riscv64-cpython-311/urwid
[  155s] copying urwid/raw_display.py -> build/lib.linux-riscv64-cpython-311/urwid
[  155s] copying urwid/signals.py -> build/lib.linux-riscv64-cpython-311/urwid
[  155s] copying urwid/split_repr.py -> build/lib.linux-riscv64-cpython-311/urwid
[  155s] copying urwid/text_layout.py -> build/lib.linux-riscv64-cpython-311/urwid
[  155s] copying urwid/treetools.py -> build/lib.linux-riscv64-cpython-311/urwid
[  155s] copying urwid/util.py -> build/lib.linux-riscv64-cpython-311/urwid
[  155s] copying urwid/version.py -> build/lib.linux-riscv64-cpython-311/urwid
[  155s] copying urwid/vterm.py -> build/lib.linux-riscv64-cpython-311/urwid
[  155s] copying urwid/web_display.py -> build/lib.linux-riscv64-cpython-311/urwid
[  155s] copying urwid/widget.py -> build/lib.linux-riscv64-cpython-311/urwid
[  155s] copying urwid/wimp.py -> build/lib.linux-riscv64-cpython-311/urwid
[  155s] creating build/lib.linux-riscv64-cpython-311/urwid/tests
[  155s] copying urwid/tests/__init__.py -> build/lib.linux-riscv64-cpython-311/urwid/tests
[  155s] copying urwid/tests/test_canvas.py -> build/lib.linux-riscv64-cpython-311/urwid/tests
[  155s] copying urwid/tests/test_container.py -> build/lib.linux-riscv64-cpython-311/urwid/tests
[  155s] copying urwid/tests/test_decoration.py -> build/lib.linux-riscv64-cpython-311/urwid/tests
[  155s] copying urwid/tests/test_doctests.py -> build/lib.linux-riscv64-cpython-311/urwid/tests
[  155s] copying urwid/tests/test_escapes.py -> build/lib.linux-riscv64-cpython-311/urwid/tests
[  155s] copying urwid/tests/test_event_loops.py -> build/lib.linux-riscv64-cpython-311/urwid/tests
[  155s] copying urwid/tests/test_graphics.py -> build/lib.linux-riscv64-cpython-311/urwid/tests
[  155s] copying urwid/tests/test_listbox.py -> build/lib.linux-riscv64-cpython-311/urwid/tests
[  155s] copying urwid/tests/test_str_util.py -> build/lib.linux-riscv64-cpython-311/urwid/tests
[  155s] copying urwid/tests/test_text_layout.py -> build/lib.linux-riscv64-cpython-311/urwid/tests
[  155s] copying urwid/tests/test_util.py -> build/lib.linux-riscv64-cpython-311/urwid/tests
[  155s] copying urwid/tests/test_vterm.py -> build/lib.linux-riscv64-cpython-311/urwid/tests
[  155s] copying urwid/tests/test_widget.py -> build/lib.linux-riscv64-cpython-311/urwid/tests
[  155s] copying urwid/tests/util.py -> build/lib.linux-riscv64-cpython-311/urwid/tests
[  155s] running build_ext
[  156s] building 'urwid.str_util' extension
[  156s] creating build/temp.linux-riscv64-cpython-311
[  156s] creating build/temp.linux-riscv64-cpython-311/source
[  156s] gcc -Wsign-compare -DNDEBUG -O2 -Wall -U_FORTIFY_SOURCE -D_FORTIFY_SOURCE=3 -fstack-protector-strong -funwind-tables -fasynchronous-unwind-tables -fstack-clash-protection -Werror=return-type -g -DOPENSSL_LOAD_CONF -fwrapv -fno-semantic-interposition -O2 -Wall -U_FORTIFY_SOURCE -D_FORTIFY_SOURCE=3 -fstack-protector-strong -funwind-tables -fasynchronous-unwind-tables -fstack-clash-protection -Werror=return-type -g -IVendor/ -O2 -Wall -U_FORTIFY_SOURCE -D_FORTIFY_SOURCE=3 -fstack-protector-strong -funwind-tables -fasynchronous-unwind-tables -fstack-clash-protection -Werror=return-type -g -IVendor/ -fPIC -I/usr/include/python3.11 -c source/str_util.c -o build/temp.linux-riscv64-cpython-311/source/str_util.o
[  158s] source/str_util.c: In function ‘Py_IsWideChar’:
[  158s] source/str_util.c:484:9: warning: ‘PyUnicode_AS_UNICODE’ is deprecated [-Wdeprecated-declarations]
[  158s]   484 |         ustr = PyUnicode_AS_UNICODE(text);
[  158s]       |         ^~~~
[  158s] In file included from /usr/include/python3.11/unicodeobject.h:1042,
[  158s]                  from /usr/include/python3.11/Python.h:51,
[  158s]                  from source/str_util.c:25:
[  158s] /usr/include/python3.11/cpython/unicodeobject.h:685:27: note: declared here
[  158s]   685 | static inline Py_UNICODE* PyUnicode_AS_UNICODE(PyObject *op)
[  158s]       |                           ^~~~~~~~~~~~~~~~~~~~
[  158s] source/str_util.c: In function ‘Py_CalcWidth’:
[  158s] source/str_util.c:663:9: warning: ‘PyUnicode_AS_UNICODE’ is deprecated [-Wdeprecated-declarations]
[  158s]   663 |         ustr = PyUnicode_AS_UNICODE(text);
[  158s]       |         ^~~~
[  158s] /usr/include/python3.11/cpython/unicodeobject.h:685:27: note: declared here
[  158s]   685 | static inline Py_UNICODE* PyUnicode_AS_UNICODE(PyObject *op)
[  158s]       |                           ^~~~~~~~~~~~~~~~~~~~
[  158s] source/str_util.c: In function ‘Py_CalcTextPos’:
[  158s] source/str_util.c:749:9: warning: ‘PyUnicode_AS_UNICODE’ is deprecated [-Wdeprecated-declarations]
[  158s]   749 |         ustr = PyUnicode_AS_UNICODE(text);
[  158s]       |         ^~~~
[  158s] /usr/include/python3.11/cpython/unicodeobject.h:685:27: note: declared here
[  158s]   685 | static inline Py_UNICODE* PyUnicode_AS_UNICODE(PyObject *op)
[  158s]       |                           ^~~~~~~~~~~~~~~~~~~~
[  163s] gcc -shared build/temp.linux-riscv64-cpython-311/source/str_util.o -L/usr/lib64 -o build/lib.linux-riscv64-cpython-311/urwid/str_util.cpython-311-riscv64-linux-gnu.so
[  164s] ++ '[' -f _current_flavor ']'
[  164s] ++ cat _current_flavor
[  164s] + last_flavor=python311
[  164s] + '[' -z python311 ']'
[  164s] + '[' python311 '!=' python310 ']'
[  164s] + '[' -d build ']'
[  164s] + mv build _build.python311
[  164s] + '[' -d _build.python310 ']'
[  164s] + echo python310
[  164s] + python_flavor=python310
[  164s] + /usr/bin/python3.10 setup.py build '--executable=/usr/bin/python3.10 -s'
[  167s] running build
[  167s] running build_py
[  167s] creating build
[  167s] creating build/lib.linux-riscv64-cpython-310
[  167s] creating build/lib.linux-riscv64-cpython-310/urwid
[  167s] copying urwid/__init__.py -> build/lib.linux-riscv64-cpython-310/urwid
[  167s] copying urwid/_async_kw_event_loop.py -> build/lib.linux-riscv64-cpython-310/urwid
[  167s] copying urwid/canvas.py -> build/lib.linux-riscv64-cpython-310/urwid
[  167s] copying urwid/command_map.py -> build/lib.linux-riscv64-cpython-310/urwid
[  167s] copying urwid/compat.py -> build/lib.linux-riscv64-cpython-310/urwid
[  167s] copying urwid/container.py -> build/lib.linux-riscv64-cpython-310/urwid
[  167s] copying urwid/curses_display.py -> build/lib.linux-riscv64-cpython-310/urwid
[  167s] copying urwid/decoration.py -> build/lib.linux-riscv64-cpython-310/urwid
[  167s] copying urwid/display_common.py -> build/lib.linux-riscv64-cpython-310/urwid
[  167s] copying urwid/escape.py -> build/lib.linux-riscv64-cpython-310/urwid
[  167s] copying urwid/font.py -> build/lib.linux-riscv64-cpython-310/urwid
[  167s] copying urwid/graphics.py -> build/lib.linux-riscv64-cpython-310/urwid
[  167s] copying urwid/html_fragment.py -> build/lib.linux-riscv64-cpython-310/urwid
[  167s] copying urwid/lcd_display.py -> build/lib.linux-riscv64-cpython-310/urwid
[  167s] copying urwid/listbox.py -> build/lib.linux-riscv64-cpython-310/urwid
[  167s] copying urwid/main_loop.py -> build/lib.linux-riscv64-cpython-310/urwid
[  167s] copying urwid/monitored_list.py -> build/lib.linux-riscv64-cpython-310/urwid
[  167s] copying urwid/numedit.py -> build/lib.linux-riscv64-cpython-310/urwid
[  167s] copying urwid/old_str_util.py -> build/lib.linux-riscv64-cpython-310/urwid
[  167s] copying urwid/raw_display.py -> build/lib.linux-riscv64-cpython-310/urwid
[  167s] copying urwid/signals.py -> build/lib.linux-riscv64-cpython-310/urwid
[  167s] copying urwid/split_repr.py -> build/lib.linux-riscv64-cpython-310/urwid
[  167s] copying urwid/text_layout.py -> build/lib.linux-riscv64-cpython-310/urwid
[  167s] copying urwid/treetools.py -> build/lib.linux-riscv64-cpython-310/urwid
[  167s] copying urwid/util.py -> build/lib.linux-riscv64-cpython-310/urwid
[  167s] copying urwid/version.py -> build/lib.linux-riscv64-cpython-310/urwid
[  167s] copying urwid/vterm.py -> build/lib.linux-riscv64-cpython-310/urwid
[  167s] copying urwid/web_display.py -> build/lib.linux-riscv64-cpython-310/urwid
[  167s] copying urwid/widget.py -> build/lib.linux-riscv64-cpython-310/urwid
[  167s] copying urwid/wimp.py -> build/lib.linux-riscv64-cpython-310/urwid
[  167s] creating build/lib.linux-riscv64-cpython-310/urwid/tests
[  167s] copying urwid/tests/__init__.py -> build/lib.linux-riscv64-cpython-310/urwid/tests
[  167s] copying urwid/tests/test_canvas.py -> build/lib.linux-riscv64-cpython-310/urwid/tests
[  167s] copying urwid/tests/test_container.py -> build/lib.linux-riscv64-cpython-310/urwid/tests
[  167s] copying urwid/tests/test_decoration.py -> build/lib.linux-riscv64-cpython-310/urwid/tests
[  167s] copying urwid/tests/test_doctests.py -> build/lib.linux-riscv64-cpython-310/urwid/tests
[  167s] copying urwid/tests/test_escapes.py -> build/lib.linux-riscv64-cpython-310/urwid/tests
[  167s] copying urwid/tests/test_event_loops.py -> build/lib.linux-riscv64-cpython-310/urwid/tests
[  167s] copying urwid/tests/test_graphics.py -> build/lib.linux-riscv64-cpython-310/urwid/tests
[  167s] copying urwid/tests/test_listbox.py -> build/lib.linux-riscv64-cpython-310/urwid/tests
[  167s] copying urwid/tests/test_str_util.py -> build/lib.linux-riscv64-cpython-310/urwid/tests
[  167s] copying urwid/tests/test_text_layout.py -> build/lib.linux-riscv64-cpython-310/urwid/tests
[  167s] copying urwid/tests/test_util.py -> build/lib.linux-riscv64-cpython-310/urwid/tests
[  167s] copying urwid/tests/test_vterm.py -> build/lib.linux-riscv64-cpython-310/urwid/tests
[  167s] copying urwid/tests/test_widget.py -> build/lib.linux-riscv64-cpython-310/urwid/tests
[  167s] copying urwid/tests/util.py -> build/lib.linux-riscv64-cpython-310/urwid/tests
[  167s] running build_ext
[  167s] building 'urwid.str_util' extension
[  167s] creating build/temp.linux-riscv64-cpython-310
[  167s] creating build/temp.linux-riscv64-cpython-310/source
[  167s] gcc -Wno-unused-result -Wsign-compare -DNDEBUG -O2 -Wall -U_FORTIFY_SOURCE -D_FORTIFY_SOURCE=3 -fstack-protector-strong -funwind-tables -fasynchronous-unwind-tables -fstack-clash-protection -Werror=return-type -g -DOPENSSL_LOAD_CONF -fwrapv -fno-semantic-interposition -O2 -Wall -U_FORTIFY_SOURCE -D_FORTIFY_SOURCE=3 -fstack-protector-strong -funwind-tables -fasynchronous-unwind-tables -fstack-clash-protection -Werror=return-type -g -IVendor/ -O2 -Wall -U_FORTIFY_SOURCE -D_FORTIFY_SOURCE=3 -fstack-protector-strong -funwind-tables -fasynchronous-unwind-tables -fstack-clash-protection -Werror=return-type -g -IVendor/ -fPIC -I/usr/include/python3.10 -c source/str_util.c -o build/temp.linux-riscv64-cpython-310/source/str_util.o
[  170s] source/str_util.c: In function ‘Py_IsWideChar’:
[  170s] source/str_util.c:484:9: warning: ‘PyUnicode_AsUnicode’ is deprecated [-Wdeprecated-declarations]
[  170s]   484 |         ustr = PyUnicode_AS_UNICODE(text);
[  170s]       |         ^~~~
[  170s] In file included from /usr/include/python3.10/unicodeobject.h:1046,
[  170s]                  from /usr/include/python3.10/Python.h:83,
[  170s]                  from source/str_util.c:25:
[  170s] /usr/include/python3.10/cpython/unicodeobject.h:580:45: note: declared here
[  170s]   580 | Py_DEPRECATED(3.3) PyAPI_FUNC(Py_UNICODE *) PyUnicode_AsUnicode(
[  170s]       |                                             ^~~~~~~~~~~~~~~~~~~
[  170s] source/str_util.c: In function ‘Py_CalcWidth’:
[  170s] source/str_util.c:663:9: warning: ‘PyUnicode_AsUnicode’ is deprecated [-Wdeprecated-declarations]
[  170s]   663 |         ustr = PyUnicode_AS_UNICODE(text);
[  170s]       |         ^~~~
[  170s] /usr/include/python3.10/cpython/unicodeobject.h:580:45: note: declared here
[  170s]   580 | Py_DEPRECATED(3.3) PyAPI_FUNC(Py_UNICODE *) PyUnicode_AsUnicode(
[  170s]       |                                             ^~~~~~~~~~~~~~~~~~~
[  170s] source/str_util.c: In function ‘Py_CalcTextPos’:
[  170s] source/str_util.c:749:9: warning: ‘PyUnicode_AsUnicode’ is deprecated [-Wdeprecated-declarations]
[  170s]   749 |         ustr = PyUnicode_AS_UNICODE(text);
[  170s]       |         ^~~~
[  170s] /usr/include/python3.10/cpython/unicodeobject.h:580:45: note: declared here
[  170s]   580 | Py_DEPRECATED(3.3) PyAPI_FUNC(Py_UNICODE *) PyUnicode_AsUnicode(
[  170s]       |                                             ^~~~~~~~~~~~~~~~~~~
[  176s] gcc -shared build/temp.linux-riscv64-cpython-310/source/str_util.o -L/usr/lib64 -o build/lib.linux-riscv64-cpython-310/urwid/str_util.cpython-310-riscv64-linux-gnu.so
[  177s] + RPM_EC=0
[  177s] ++ jobs -p
[  177s] + exit 0
[  177s] Executing(%install): /usr/bin/bash -e /var/tmp/rpm-tmp.3cDOH3
[  177s] + umask 022
[  177s] + cd /home/abuild/rpmbuild/BUILD
[  177s] + /usr/bin/rm -rf /home/abuild/rpmbuild/BUILDROOT/python-urwid-2.1.2-3.5.riscv64
[  177s] + /usr/bin/mkdir -p /home/abuild/rpmbuild/BUILDROOT
[  177s] + /usr/bin/mkdir /home/abuild/rpmbuild/BUILDROOT/python-urwid-2.1.2-3.5.riscv64
[  177s] + cd urwid-2.1.2
[  177s] ++ '[' -f _current_flavor ']'
[  177s] ++ cat _current_flavor
[  178s] + last_flavor=python310
[  178s] + '[' -z python310 ']'
[  178s] + '[' python310 '!=' python38 ']'
[  178s] + '[' -d build ']'
[  178s] + mv build _build.python310
[  178s] + '[' -d _build.python38 ']'
[  178s] + mv _build.python38 build
[  178s] + echo python38
[  178s] + python_flavor=python38
[  178s] + /usr/bin/python3.8 setup.py install -O1 --skip-build --force --root /home/abuild/rpmbuild/BUILDROOT/python-urwid-2.1.2-3.5.riscv64 --prefix /usr
[  181s] running install
[  182s] running install_lib
[  182s] creating /home/abuild/rpmbuild/BUILDROOT/python-urwid-2.1.2-3.5.riscv64/usr
[  182s] creating /home/abuild/rpmbuild/BUILDROOT/python-urwid-2.1.2-3.5.riscv64/usr/lib64
[  182s] creating /home/abuild/rpmbuild/BUILDROOT/python-urwid-2.1.2-3.5.riscv64/usr/lib64/python3.8
[  182s] creating /home/abuild/rpmbuild/BUILDROOT/python-urwid-2.1.2-3.5.riscv64/usr/lib64/python3.8/site-packages
[  182s] creating /home/abuild/rpmbuild/BUILDROOT/python-urwid-2.1.2-3.5.riscv64/usr/lib64/python3.8/site-packages/urwid
[  182s] copying build/lib.linux-riscv64-cpython-38/urwid/__init__.py -> /home/abuild/rpmbuild/BUILDROOT/python-urwid-2.1.2-3.5.riscv64/usr/lib64/python3.8/site-packages/urwid
[  182s] copying build/lib.linux-riscv64-cpython-38/urwid/_async_kw_event_loop.py -> /home/abuild/rpmbuild/BUILDROOT/python-urwid-2.1.2-3.5.riscv64/usr/lib64/python3.8/site-packages/urwid
[  182s] copying build/lib.linux-riscv64-cpython-38/urwid/canvas.py -> /home/abuild/rpmbuild/BUILDROOT/python-urwid-2.1.2-3.5.riscv64/usr/lib64/python3.8/site-packages/urwid
[  182s] copying build/lib.linux-riscv64-cpython-38/urwid/command_map.py -> /home/abuild/rpmbuild/BUILDROOT/python-urwid-2.1.2-3.5.riscv64/usr/lib64/python3.8/site-packages/urwid
[  182s] copying build/lib.linux-riscv64-cpython-38/urwid/compat.py -> /home/abuild/rpmbuild/BUILDROOT/python-urwid-2.1.2-3.5.riscv64/usr/lib64/python3.8/site-packages/urwid
[  182s] copying build/lib.linux-riscv64-cpython-38/urwid/container.py -> /home/abuild/rpmbuild/BUILDROOT/python-urwid-2.1.2-3.5.riscv64/usr/lib64/python3.8/site-packages/urwid
[  182s] copying build/lib.linux-riscv64-cpython-38/urwid/curses_display.py -> /home/abuild/rpmbuild/BUILDROOT/python-urwid-2.1.2-3.5.riscv64/usr/lib64/python3.8/site-packages/urwid
[  182s] copying build/lib.linux-riscv64-cpython-38/urwid/decoration.py -> /home/abuild/rpmbuild/BUILDROOT/python-urwid-2.1.2-3.5.riscv64/usr/lib64/python3.8/site-packages/urwid
[  182s] copying build/lib.linux-riscv64-cpython-38/urwid/display_common.py -> /home/abuild/rpmbuild/BUILDROOT/python-urwid-2.1.2-3.5.riscv64/usr/lib64/python3.8/site-packages/urwid
[  182s] copying build/lib.linux-riscv64-cpython-38/urwid/escape.py -> /home/abuild/rpmbuild/BUILDROOT/python-urwid-2.1.2-3.5.riscv64/usr/lib64/python3.8/site-packages/urwid
[  182s] copying build/lib.linux-riscv64-cpython-38/urwid/font.py -> /home/abuild/rpmbuild/BUILDROOT/python-urwid-2.1.2-3.5.riscv64/usr/lib64/python3.8/site-packages/urwid
[  182s] copying build/lib.linux-riscv64-cpython-38/urwid/graphics.py -> /home/abuild/rpmbuild/BUILDROOT/python-urwid-2.1.2-3.5.riscv64/usr/lib64/python3.8/site-packages/urwid
[  182s] copying build/lib.linux-riscv64-cpython-38/urwid/html_fragment.py -> /home/abuild/rpmbuild/BUILDROOT/python-urwid-2.1.2-3.5.riscv64/usr/lib64/python3.8/site-packages/urwid
[  182s] copying build/lib.linux-riscv64-cpython-38/urwid/lcd_display.py -> /home/abuild/rpmbuild/BUILDROOT/python-urwid-2.1.2-3.5.riscv64/usr/lib64/python3.8/site-packages/urwid
[  182s] copying build/lib.linux-riscv64-cpython-38/urwid/listbox.py -> /home/abuild/rpmbuild/BUILDROOT/python-urwid-2.1.2-3.5.riscv64/usr/lib64/python3.8/site-packages/urwid
[  182s] copying build/lib.linux-riscv64-cpython-38/urwid/main_loop.py -> /home/abuild/rpmbuild/BUILDROOT/python-urwid-2.1.2-3.5.riscv64/usr/lib64/python3.8/site-packages/urwid
[  182s] copying build/lib.linux-riscv64-cpython-38/urwid/monitored_list.py -> /home/abuild/rpmbuild/BUILDROOT/python-urwid-2.1.2-3.5.riscv64/usr/lib64/python3.8/site-packages/urwid
[  182s] copying build/lib.linux-riscv64-cpython-38/urwid/numedit.py -> /home/abuild/rpmbuild/BUILDROOT/python-urwid-2.1.2-3.5.riscv64/usr/lib64/python3.8/site-packages/urwid
[  182s] copying build/lib.linux-riscv64-cpython-38/urwid/old_str_util.py -> /home/abuild/rpmbuild/BUILDROOT/python-urwid-2.1.2-3.5.riscv64/usr/lib64/python3.8/site-packages/urwid
[  182s] copying build/lib.linux-riscv64-cpython-38/urwid/raw_display.py -> /home/abuild/rpmbuild/BUILDROOT/python-urwid-2.1.2-3.5.riscv64/usr/lib64/python3.8/site-packages/urwid
[  182s] copying build/lib.linux-riscv64-cpython-38/urwid/signals.py -> /home/abuild/rpmbuild/BUILDROOT/python-urwid-2.1.2-3.5.riscv64/usr/lib64/python3.8/site-packages/urwid
[  182s] copying build/lib.linux-riscv64-cpython-38/urwid/split_repr.py -> /home/abuild/rpmbuild/BUILDROOT/python-urwid-2.1.2-3.5.riscv64/usr/lib64/python3.8/site-packages/urwid
[  182s] copying build/lib.linux-riscv64-cpython-38/urwid/text_layout.py -> /home/abuild/rpmbuild/BUILDROOT/python-urwid-2.1.2-3.5.riscv64/usr/lib64/python3.8/site-packages/urwid
[  182s] copying build/lib.linux-riscv64-cpython-38/urwid/treetools.py -> /home/abuild/rpmbuild/BUILDROOT/python-urwid-2.1.2-3.5.riscv64/usr/lib64/python3.8/site-packages/urwid
[  182s] copying build/lib.linux-riscv64-cpython-38/urwid/util.py -> /home/abuild/rpmbuild/BUILDROOT/python-urwid-2.1.2-3.5.riscv64/usr/lib64/python3.8/site-packages/urwid
[  182s] copying build/lib.linux-riscv64-cpython-38/urwid/version.py -> /home/abuild/rpmbuild/BUILDROOT/python-urwid-2.1.2-3.5.riscv64/usr/lib64/python3.8/site-packages/urwid
[  182s] copying build/lib.linux-riscv64-cpython-38/urwid/vterm.py -> /home/abuild/rpmbuild/BUILDROOT/python-urwid-2.1.2-3.5.riscv64/usr/lib64/python3.8/site-packages/urwid
[  182s] copying build/lib.linux-riscv64-cpython-38/urwid/web_display.py -> /home/abuild/rpmbuild/BUILDROOT/python-urwid-2.1.2-3.5.riscv64/usr/lib64/python3.8/site-packages/urwid
[  182s] copying build/lib.linux-riscv64-cpython-38/urwid/widget.py -> /home/abuild/rpmbuild/BUILDROOT/python-urwid-2.1.2-3.5.riscv64/usr/lib64/python3.8/site-packages/urwid
[  182s] copying build/lib.linux-riscv64-cpython-38/urwid/wimp.py -> /home/abuild/rpmbuild/BUILDROOT/python-urwid-2.1.2-3.5.riscv64/usr/lib64/python3.8/site-packages/urwid
[  182s] creating /home/abuild/rpmbuild/BUILDROOT/python-urwid-2.1.2-3.5.riscv64/usr/lib64/python3.8/site-packages/urwid/tests
[  182s] copying build/lib.linux-riscv64-cpython-38/urwid/tests/__init__.py -> /home/abuild/rpmbuild/BUILDROOT/python-urwid-2.1.2-3.5.riscv64/usr/lib64/python3.8/site-packages/urwid/tests
[  182s] copying build/lib.linux-riscv64-cpython-38/urwid/tests/test_canvas.py -> /home/abuild/rpmbuild/BUILDROOT/python-urwid-2.1.2-3.5.riscv64/usr/lib64/python3.8/site-packages/urwid/tests
[  182s] copying build/lib.linux-riscv64-cpython-38/urwid/tests/test_container.py -> /home/abuild/rpmbuild/BUILDROOT/python-urwid-2.1.2-3.5.riscv64/usr/lib64/python3.8/site-packages/urwid/tests
[  182s] copying build/lib.linux-riscv64-cpython-38/urwid/tests/test_decoration.py -> /home/abuild/rpmbuild/BUILDROOT/python-urwid-2.1.2-3.5.riscv64/usr/lib64/python3.8/site-packages/urwid/tests
[  182s] copying build/lib.linux-riscv64-cpython-38/urwid/tests/test_doctests.py -> /home/abuild/rpmbuild/BUILDROOT/python-urwid-2.1.2-3.5.riscv64/usr/lib64/python3.8/site-packages/urwid/tests
[  182s] copying build/lib.linux-riscv64-cpython-38/urwid/tests/test_escapes.py -> /home/abuild/rpmbuild/BUILDROOT/python-urwid-2.1.2-3.5.riscv64/usr/lib64/python3.8/site-packages/urwid/tests
[  182s] copying build/lib.linux-riscv64-cpython-38/urwid/tests/test_event_loops.py -> /home/abuild/rpmbuild/BUILDROOT/python-urwid-2.1.2-3.5.riscv64/usr/lib64/python3.8/site-packages/urwid/tests
[  182s] copying build/lib.linux-riscv64-cpython-38/urwid/tests/test_graphics.py -> /home/abuild/rpmbuild/BUILDROOT/python-urwid-2.1.2-3.5.riscv64/usr/lib64/python3.8/site-packages/urwid/tests
[  182s] copying build/lib.linux-riscv64-cpython-38/urwid/tests/test_listbox.py -> /home/abuild/rpmbuild/BUILDROOT/python-urwid-2.1.2-3.5.riscv64/usr/lib64/python3.8/site-packages/urwid/tests
[  182s] copying build/lib.linux-riscv64-cpython-38/urwid/tests/test_str_util.py -> /home/abuild/rpmbuild/BUILDROOT/python-urwid-2.1.2-3.5.riscv64/usr/lib64/python3.8/site-packages/urwid/tests
[  182s] copying build/lib.linux-riscv64-cpython-38/urwid/tests/test_text_layout.py -> /home/abuild/rpmbuild/BUILDROOT/python-urwid-2.1.2-3.5.riscv64/usr/lib64/python3.8/site-packages/urwid/tests
[  182s] copying build/lib.linux-riscv64-cpython-38/urwid/tests/test_util.py -> /home/abuild/rpmbuild/BUILDROOT/python-urwid-2.1.2-3.5.riscv64/usr/lib64/python3.8/site-packages/urwid/tests
[  182s] copying build/lib.linux-riscv64-cpython-38/urwid/tests/test_vterm.py -> /home/abuild/rpmbuild/BUILDROOT/python-urwid-2.1.2-3.5.riscv64/usr/lib64/python3.8/site-packages/urwid/tests
[  182s] copying build/lib.linux-riscv64-cpython-38/urwid/tests/test_widget.py -> /home/abuild/rpmbuild/BUILDROOT/python-urwid-2.1.2-3.5.riscv64/usr/lib64/python3.8/site-packages/urwid/tests
[  182s] copying build/lib.linux-riscv64-cpython-38/urwid/tests/util.py -> /home/abuild/rpmbuild/BUILDROOT/python-urwid-2.1.2-3.5.riscv64/usr/lib64/python3.8/site-packages/urwid/tests
[  182s] copying build/lib.linux-riscv64-cpython-38/urwid/str_util.cpython-38-riscv64-linux-gnu.so -> /home/abuild/rpmbuild/BUILDROOT/python-urwid-2.1.2-3.5.riscv64/usr/lib64/python3.8/site-packages/urwid
[  182s] byte-compiling /home/abuild/rpmbuild/BUILDROOT/python-urwid-2.1.2-3.5.riscv64/usr/lib64/python3.8/site-packages/urwid/__init__.py to __init__.cpython-38.pyc
[  182s] byte-compiling /home/abuild/rpmbuild/BUILDROOT/python-urwid-2.1.2-3.5.riscv64/usr/lib64/python3.8/site-packages/urwid/_async_kw_event_loop.py to _async_kw_event_loop.cpython-38.pyc
[  182s] byte-compiling /home/abuild/rpmbuild/BUILDROOT/python-urwid-2.1.2-3.5.riscv64/usr/lib64/python3.8/site-packages/urwid/canvas.py to canvas.cpython-38.pyc
[  182s] byte-compiling /home/abuild/rpmbuild/BUILDROOT/python-urwid-2.1.2-3.5.riscv64/usr/lib64/python3.8/site-packages/urwid/command_map.py to command_map.cpython-38.pyc
[  182s] byte-compiling /home/abuild/rpmbuild/BUILDROOT/python-urwid-2.1.2-3.5.riscv64/usr/lib64/python3.8/site-packages/urwid/compat.py to compat.cpython-38.pyc
[  182s] byte-compiling /home/abuild/rpmbuild/BUILDROOT/python-urwid-2.1.2-3.5.riscv64/usr/lib64/python3.8/site-packages/urwid/container.py to container.cpython-38.pyc
[  182s] byte-compiling /home/abuild/rpmbuild/BUILDROOT/python-urwid-2.1.2-3.5.riscv64/usr/lib64/python3.8/site-packages/urwid/curses_display.py to curses_display.cpython-38.pyc
[  182s] byte-compiling /home/abuild/rpmbuild/BUILDROOT/python-urwid-2.1.2-3.5.riscv64/usr/lib64/python3.8/site-packages/urwid/decoration.py to decoration.cpython-38.pyc
[  182s] byte-compiling /home/abuild/rpmbuild/BUILDROOT/python-urwid-2.1.2-3.5.riscv64/usr/lib64/python3.8/site-packages/urwid/display_common.py to display_common.cpython-38.pyc
[  182s] byte-compiling /home/abuild/rpmbuild/BUILDROOT/python-urwid-2.1.2-3.5.riscv64/usr/lib64/python3.8/site-packages/urwid/escape.py to escape.cpython-38.pyc
[  182s] byte-compiling /home/abuild/rpmbuild/BUILDROOT/python-urwid-2.1.2-3.5.riscv64/usr/lib64/python3.8/site-packages/urwid/font.py to font.cpython-38.pyc
[  182s] byte-compiling /home/abuild/rpmbuild/BUILDROOT/python-urwid-2.1.2-3.5.riscv64/usr/lib64/python3.8/site-packages/urwid/graphics.py to graphics.cpython-38.pyc
[  182s] byte-compiling /home/abuild/rpmbuild/BUILDROOT/python-urwid-2.1.2-3.5.riscv64/usr/lib64/python3.8/site-packages/urwid/html_fragment.py to html_fragment.cpython-38.pyc
[  182s] byte-compiling /home/abuild/rpmbuild/BUILDROOT/python-urwid-2.1.2-3.5.riscv64/usr/lib64/python3.8/site-packages/urwid/lcd_display.py to lcd_display.cpython-38.pyc
[  182s] byte-compiling /home/abuild/rpmbuild/BUILDROOT/python-urwid-2.1.2-3.5.riscv64/usr/lib64/python3.8/site-packages/urwid/listbox.py to listbox.cpython-38.pyc
[  183s] byte-compiling /home/abuild/rpmbuild/BUILDROOT/python-urwid-2.1.2-3.5.riscv64/usr/lib64/python3.8/site-packages/urwid/main_loop.py to main_loop.cpython-38.pyc
[  183s] byte-compiling /home/abuild/rpmbuild/BUILDROOT/python-urwid-2.1.2-3.5.riscv64/usr/lib64/python3.8/site-packages/urwid/monitored_list.py to monitored_list.cpython-38.pyc
[  183s] byte-compiling /home/abuild/rpmbuild/BUILDROOT/python-urwid-2.1.2-3.5.riscv64/usr/lib64/python3.8/site-packages/urwid/numedit.py to numedit.cpython-38.pyc
[  183s] byte-compiling /home/abuild/rpmbuild/BUILDROOT/python-urwid-2.1.2-3.5.riscv64/usr/lib64/python3.8/site-packages/urwid/old_str_util.py to old_str_util.cpython-38.pyc
[  183s] byte-compiling /home/abuild/rpmbuild/BUILDROOT/python-urwid-2.1.2-3.5.riscv64/usr/lib64/python3.8/site-packages/urwid/raw_display.py to raw_display.cpython-38.pyc
[  183s] byte-compiling /home/abuild/rpmbuild/BUILDROOT/python-urwid-2.1.2-3.5.riscv64/usr/lib64/python3.8/site-packages/urwid/signals.py to signals.cpython-38.pyc
[  183s] byte-compiling /home/abuild/rpmbuild/BUILDROOT/python-urwid-2.1.2-3.5.riscv64/usr/lib64/python3.8/site-packages/urwid/split_repr.py to split_repr.cpython-38.pyc
[  183s] byte-compiling /home/abuild/rpmbuild/BUILDROOT/python-urwid-2.1.2-3.5.riscv64/usr/lib64/python3.8/site-packages/urwid/text_layout.py to text_layout.cpython-38.pyc
[  183s] byte-compiling /home/abuild/rpmbuild/BUILDROOT/python-urwid-2.1.2-3.5.riscv64/usr/lib64/python3.8/site-packages/urwid/treetools.py to treetools.cpython-38.pyc
[  183s] byte-compiling /home/abuild/rpmbuild/BUILDROOT/python-urwid-2.1.2-3.5.riscv64/usr/lib64/python3.8/site-packages/urwid/util.py to util.cpython-38.pyc
[  183s] byte-compiling /home/abuild/rpmbuild/BUILDROOT/python-urwid-2.1.2-3.5.riscv64/usr/lib64/python3.8/site-packages/urwid/version.py to version.cpython-38.pyc
[  183s] byte-compiling /home/abuild/rpmbuild/BUILDROOT/python-urwid-2.1.2-3.5.riscv64/usr/lib64/python3.8/site-packages/urwid/vterm.py to vterm.cpython-38.pyc
[  183s] byte-compiling /home/abuild/rpmbuild/BUILDROOT/python-urwid-2.1.2-3.5.riscv64/usr/lib64/python3.8/site-packages/urwid/web_display.py to web_display.cpython-38.pyc
[  183s] byte-compiling /home/abuild/rpmbuild/BUILDROOT/python-urwid-2.1.2-3.5.riscv64/usr/lib64/python3.8/site-packages/urwid/widget.py to widget.cpython-38.pyc
[  183s] byte-compiling /home/abuild/rpmbuild/BUILDROOT/python-urwid-2.1.2-3.5.riscv64/usr/lib64/python3.8/site-packages/urwid/wimp.py to wimp.cpython-38.pyc
[  183s] byte-compiling /home/abuild/rpmbuild/BUILDROOT/python-urwid-2.1.2-3.5.riscv64/usr/lib64/python3.8/site-packages/urwid/tests/__init__.py to __init__.cpython-38.pyc
[  183s] byte-compiling /home/abuild/rpmbuild/BUILDROOT/python-urwid-2.1.2-3.5.riscv64/usr/lib64/python3.8/site-packages/urwid/tests/test_canvas.py to test_canvas.cpython-38.pyc
[  183s] byte-compiling /home/abuild/rpmbuild/BUILDROOT/python-urwid-2.1.2-3.5.riscv64/usr/lib64/python3.8/site-packages/urwid/tests/test_container.py to test_container.cpython-38.pyc
[  183s] byte-compiling /home/abuild/rpmbuild/BUILDROOT/python-urwid-2.1.2-3.5.riscv64/usr/lib64/python3.8/site-packages/urwid/tests/test_decoration.py to test_decoration.cpython-38.pyc
[  183s] byte-compiling /home/abuild/rpmbuild/BUILDROOT/python-urwid-2.1.2-3.5.riscv64/usr/lib64/python3.8/site-packages/urwid/tests/test_doctests.py to test_doctests.cpython-38.pyc
[  183s] byte-compiling /home/abuild/rpmbuild/BUILDROOT/python-urwid-2.1.2-3.5.riscv64/usr/lib64/python3.8/site-packages/urwid/tests/test_escapes.py to test_escapes.cpython-38.pyc
[  183s] byte-compiling /home/abuild/rpmbuild/BUILDROOT/python-urwid-2.1.2-3.5.riscv64/usr/lib64/python3.8/site-packages/urwid/tests/test_event_loops.py to test_event_loops.cpython-38.pyc
[  183s] byte-compiling /home/abuild/rpmbuild/BUILDROOT/python-urwid-2.1.2-3.5.riscv64/usr/lib64/python3.8/site-packages/urwid/tests/test_graphics.py to test_graphics.cpython-38.pyc
[  183s] byte-compiling /home/abuild/rpmbuild/BUILDROOT/python-urwid-2.1.2-3.5.riscv64/usr/lib64/python3.8/site-packages/urwid/tests/test_listbox.py to test_listbox.cpython-38.pyc
[  183s] byte-compiling /home/abuild/rpmbuild/BUILDROOT/python-urwid-2.1.2-3.5.riscv64/usr/lib64/python3.8/site-packages/urwid/tests/test_str_util.py to test_str_util.cpython-38.pyc
[  183s] byte-compiling /home/abuild/rpmbuild/BUILDROOT/python-urwid-2.1.2-3.5.riscv64/usr/lib64/python3.8/site-packages/urwid/tests/test_text_layout.py to test_text_layout.cpython-38.pyc
[  183s] byte-compiling /home/abuild/rpmbuild/BUILDROOT/python-urwid-2.1.2-3.5.riscv64/usr/lib64/python3.8/site-packages/urwid/tests/test_util.py to test_util.cpython-38.pyc
[  183s] byte-compiling /home/abuild/rpmbuild/BUILDROOT/python-urwid-2.1.2-3.5.riscv64/usr/lib64/python3.8/site-packages/urwid/tests/test_vterm.py to test_vterm.cpython-38.pyc
[  183s] byte-compiling /home/abuild/rpmbuild/BUILDROOT/python-urwid-2.1.2-3.5.riscv64/usr/lib64/python3.8/site-packages/urwid/tests/test_widget.py to test_widget.cpython-38.pyc
[  184s] byte-compiling /home/abuild/rpmbuild/BUILDROOT/python-urwid-2.1.2-3.5.riscv64/usr/lib64/python3.8/site-packages/urwid/tests/util.py to util.cpython-38.pyc
[  184s] writing byte-compilation script '/tmp/tmp0hmjv1oo.py'
[  184s] /usr/bin/python3.8 /tmp/tmp0hmjv1oo.py
[  189s] removing /tmp/tmp0hmjv1oo.py
[  189s] running install_egg_info
[  189s] running egg_info
[  189s] writing urwid.egg-info/PKG-INFO
[  189s] writing dependency_links to urwid.egg-info/dependency_links.txt
[  189s] writing top-level names to urwid.egg-info/top_level.txt
[  189s] reading manifest file 'urwid.egg-info/SOURCES.txt'
[  189s] reading manifest template 'MANIFEST.in'
[  189s] /usr/lib/python3.8/site-packages/setuptools/command/install.py:34: SetuptoolsDeprecationWarning: setup.py install is deprecated. Use build and pip and other standards-based tools.
[  189s]   warnings.warn(
[  189s] warning: no files found matching 'CHANGELOG'
[  189s] adding license file 'COPYING'
[  190s] writing manifest file 'urwid.egg-info/SOURCES.txt'
[  190s] Copying urwid.egg-info to /home/abuild/rpmbuild/BUILDROOT/python-urwid-2.1.2-3.5.riscv64/usr/lib64/python3.8/site-packages/urwid-2.1.2-py3.8.egg-info
[  190s] running install_scripts
[  190s] ++ '[' -f _current_flavor ']'
[  190s] ++ cat _current_flavor
[  190s] + last_flavor=python38
[  190s] + '[' -z python38 ']'
[  190s] + '[' python38 '!=' python39 ']'
[  190s] + '[' -d build ']'
[  190s] + mv build _build.python38
[  190s] + '[' -d _build.python39 ']'
[  190s] + mv _build.python39 build
[  190s] + echo python39
[  190s] + python_flavor=python39
[  190s] + /usr/bin/python3.9 setup.py install -O1 --skip-build --force --root /home/abuild/rpmbuild/BUILDROOT/python-urwid-2.1.2-3.5.riscv64 --prefix /usr
[  194s] running install
[  194s] /usr/lib/python3.9/site-packages/setuptools/command/install.py:34: SetuptoolsDeprecationWarning: setup.py install is deprecated. Use build and pip and other standards-based tools.
[  194s]   warnings.warn(
[  194s] running install_lib
[  194s] creating /home/abuild/rpmbuild/BUILDROOT/python-urwid-2.1.2-3.5.riscv64/usr/lib64/python3.9
[  194s] creating /home/abuild/rpmbuild/BUILDROOT/python-urwid-2.1.2-3.5.riscv64/usr/lib64/python3.9/site-packages
[  194s] creating /home/abuild/rpmbuild/BUILDROOT/python-urwid-2.1.2-3.5.riscv64/usr/lib64/python3.9/site-packages/urwid
[  194s] copying build/lib.linux-riscv64-cpython-39/urwid/__init__.py -> /home/abuild/rpmbuild/BUILDROOT/python-urwid-2.1.2-3.5.riscv64/usr/lib64/python3.9/site-packages/urwid
[  194s] copying build/lib.linux-riscv64-cpython-39/urwid/_async_kw_event_loop.py -> /home/abuild/rpmbuild/BUILDROOT/python-urwid-2.1.2-3.5.riscv64/usr/lib64/python3.9/site-packages/urwid
[  194s] copying build/lib.linux-riscv64-cpython-39/urwid/canvas.py -> /home/abuild/rpmbuild/BUILDROOT/python-urwid-2.1.2-3.5.riscv64/usr/lib64/python3.9/site-packages/urwid
[  194s] copying build/lib.linux-riscv64-cpython-39/urwid/command_map.py -> /home/abuild/rpmbuild/BUILDROOT/python-urwid-2.1.2-3.5.riscv64/usr/lib64/python3.9/site-packages/urwid
[  194s] copying build/lib.linux-riscv64-cpython-39/urwid/compat.py -> /home/abuild/rpmbuild/BUILDROOT/python-urwid-2.1.2-3.5.riscv64/usr/lib64/python3.9/site-packages/urwid
[  194s] copying build/lib.linux-riscv64-cpython-39/urwid/container.py -> /home/abuild/rpmbuild/BUILDROOT/python-urwid-2.1.2-3.5.riscv64/usr/lib64/python3.9/site-packages/urwid
[  194s] copying build/lib.linux-riscv64-cpython-39/urwid/curses_display.py -> /home/abuild/rpmbuild/BUILDROOT/python-urwid-2.1.2-3.5.riscv64/usr/lib64/python3.9/site-packages/urwid
[  194s] copying build/lib.linux-riscv64-cpython-39/urwid/decoration.py -> /home/abuild/rpmbuild/BUILDROOT/python-urwid-2.1.2-3.5.riscv64/usr/lib64/python3.9/site-packages/urwid
[  194s] copying build/lib.linux-riscv64-cpython-39/urwid/display_common.py -> /home/abuild/rpmbuild/BUILDROOT/python-urwid-2.1.2-3.5.riscv64/usr/lib64/python3.9/site-packages/urwid
[  194s] copying build/lib.linux-riscv64-cpython-39/urwid/escape.py -> /home/abuild/rpmbuild/BUILDROOT/python-urwid-2.1.2-3.5.riscv64/usr/lib64/python3.9/site-packages/urwid
[  194s] copying build/lib.linux-riscv64-cpython-39/urwid/font.py -> /home/abuild/rpmbuild/BUILDROOT/python-urwid-2.1.2-3.5.riscv64/usr/lib64/python3.9/site-packages/urwid
[  194s] copying build/lib.linux-riscv64-cpython-39/urwid/graphics.py -> /home/abuild/rpmbuild/BUILDROOT/python-urwid-2.1.2-3.5.riscv64/usr/lib64/python3.9/site-packages/urwid
[  194s] copying build/lib.linux-riscv64-cpython-39/urwid/html_fragment.py -> /home/abuild/rpmbuild/BUILDROOT/python-urwid-2.1.2-3.5.riscv64/usr/lib64/python3.9/site-packages/urwid
[  194s] copying build/lib.linux-riscv64-cpython-39/urwid/lcd_display.py -> /home/abuild/rpmbuild/BUILDROOT/python-urwid-2.1.2-3.5.riscv64/usr/lib64/python3.9/site-packages/urwid
[  194s] copying build/lib.linux-riscv64-cpython-39/urwid/listbox.py -> /home/abuild/rpmbuild/BUILDROOT/python-urwid-2.1.2-3.5.riscv64/usr/lib64/python3.9/site-packages/urwid
[  194s] copying build/lib.linux-riscv64-cpython-39/urwid/main_loop.py -> /home/abuild/rpmbuild/BUILDROOT/python-urwid-2.1.2-3.5.riscv64/usr/lib64/python3.9/site-packages/urwid
[  194s] copying build/lib.linux-riscv64-cpython-39/urwid/monitored_list.py -> /home/abuild/rpmbuild/BUILDROOT/python-urwid-2.1.2-3.5.riscv64/usr/lib64/python3.9/site-packages/urwid
[  194s] copying build/lib.linux-riscv64-cpython-39/urwid/numedit.py -> /home/abuild/rpmbuild/BUILDROOT/python-urwid-2.1.2-3.5.riscv64/usr/lib64/python3.9/site-packages/urwid
[  194s] copying build/lib.linux-riscv64-cpython-39/urwid/old_str_util.py -> /home/abuild/rpmbuild/BUILDROOT/python-urwid-2.1.2-3.5.riscv64/usr/lib64/python3.9/site-packages/urwid
[  194s] copying build/lib.linux-riscv64-cpython-39/urwid/raw_display.py -> /home/abuild/rpmbuild/BUILDROOT/python-urwid-2.1.2-3.5.riscv64/usr/lib64/python3.9/site-packages/urwid
[  194s] copying build/lib.linux-riscv64-cpython-39/urwid/signals.py -> /home/abuild/rpmbuild/BUILDROOT/python-urwid-2.1.2-3.5.riscv64/usr/lib64/python3.9/site-packages/urwid
[  194s] copying build/lib.linux-riscv64-cpython-39/urwid/split_repr.py -> /home/abuild/rpmbuild/BUILDROOT/python-urwid-2.1.2-3.5.riscv64/usr/lib64/python3.9/site-packages/urwid
[  194s] copying build/lib.linux-riscv64-cpython-39/urwid/text_layout.py -> /home/abuild/rpmbuild/BUILDROOT/python-urwid-2.1.2-3.5.riscv64/usr/lib64/python3.9/site-packages/urwid
[  194s] copying build/lib.linux-riscv64-cpython-39/urwid/treetools.py -> /home/abuild/rpmbuild/BUILDROOT/python-urwid-2.1.2-3.5.riscv64/usr/lib64/python3.9/site-packages/urwid
[  194s] copying build/lib.linux-riscv64-cpython-39/urwid/util.py -> /home/abuild/rpmbuild/BUILDROOT/python-urwid-2.1.2-3.5.riscv64/usr/lib64/python3.9/site-packages/urwid
[  194s] copying build/lib.linux-riscv64-cpython-39/urwid/version.py -> /home/abuild/rpmbuild/BUILDROOT/python-urwid-2.1.2-3.5.riscv64/usr/lib64/python3.9/site-packages/urwid
[  194s] copying build/lib.linux-riscv64-cpython-39/urwid/vterm.py -> /home/abuild/rpmbuild/BUILDROOT/python-urwid-2.1.2-3.5.riscv64/usr/lib64/python3.9/site-packages/urwid
[  194s] copying build/lib.linux-riscv64-cpython-39/urwid/web_display.py -> /home/abuild/rpmbuild/BUILDROOT/python-urwid-2.1.2-3.5.riscv64/usr/lib64/python3.9/site-packages/urwid
[  194s] copying build/lib.linux-riscv64-cpython-39/urwid/widget.py -> /home/abuild/rpmbuild/BUILDROOT/python-urwid-2.1.2-3.5.riscv64/usr/lib64/python3.9/site-packages/urwid
[  194s] copying build/lib.linux-riscv64-cpython-39/urwid/wimp.py -> /home/abuild/rpmbuild/BUILDROOT/python-urwid-2.1.2-3.5.riscv64/usr/lib64/python3.9/site-packages/urwid
[  194s] creating /home/abuild/rpmbuild/BUILDROOT/python-urwid-2.1.2-3.5.riscv64/usr/lib64/python3.9/site-packages/urwid/tests
[  194s] copying build/lib.linux-riscv64-cpython-39/urwid/tests/__init__.py -> /home/abuild/rpmbuild/BUILDROOT/python-urwid-2.1.2-3.5.riscv64/usr/lib64/python3.9/site-packages/urwid/tests
[  194s] copying build/lib.linux-riscv64-cpython-39/urwid/tests/test_canvas.py -> /home/abuild/rpmbuild/BUILDROOT/python-urwid-2.1.2-3.5.riscv64/usr/lib64/python3.9/site-packages/urwid/tests
[  194s] copying build/lib.linux-riscv64-cpython-39/urwid/tests/test_container.py -> /home/abuild/rpmbuild/BUILDROOT/python-urwid-2.1.2-3.5.riscv64/usr/lib64/python3.9/site-packages/urwid/tests
[  194s] copying build/lib.linux-riscv64-cpython-39/urwid/tests/test_decoration.py -> /home/abuild/rpmbuild/BUILDROOT/python-urwid-2.1.2-3.5.riscv64/usr/lib64/python3.9/site-packages/urwid/tests
[  194s] copying build/lib.linux-riscv64-cpython-39/urwid/tests/test_doctests.py -> /home/abuild/rpmbuild/BUILDROOT/python-urwid-2.1.2-3.5.riscv64/usr/lib64/python3.9/site-packages/urwid/tests
[  194s] copying build/lib.linux-riscv64-cpython-39/urwid/tests/test_escapes.py -> /home/abuild/rpmbuild/BUILDROOT/python-urwid-2.1.2-3.5.riscv64/usr/lib64/python3.9/site-packages/urwid/tests
[  194s] copying build/lib.linux-riscv64-cpython-39/urwid/tests/test_event_loops.py -> /home/abuild/rpmbuild/BUILDROOT/python-urwid-2.1.2-3.5.riscv64/usr/lib64/python3.9/site-packages/urwid/tests
[  194s] copying build/lib.linux-riscv64-cpython-39/urwid/tests/test_graphics.py -> /home/abuild/rpmbuild/BUILDROOT/python-urwid-2.1.2-3.5.riscv64/usr/lib64/python3.9/site-packages/urwid/tests
[  194s] copying build/lib.linux-riscv64-cpython-39/urwid/tests/test_listbox.py -> /home/abuild/rpmbuild/BUILDROOT/python-urwid-2.1.2-3.5.riscv64/usr/lib64/python3.9/site-packages/urwid/tests
[  194s] copying build/lib.linux-riscv64-cpython-39/urwid/tests/test_str_util.py -> /home/abuild/rpmbuild/BUILDROOT/python-urwid-2.1.2-3.5.riscv64/usr/lib64/python3.9/site-packages/urwid/tests
[  194s] copying build/lib.linux-riscv64-cpython-39/urwid/tests/test_text_layout.py -> /home/abuild/rpmbuild/BUILDROOT/python-urwid-2.1.2-3.5.riscv64/usr/lib64/python3.9/site-packages/urwid/tests
[  194s] copying build/lib.linux-riscv64-cpython-39/urwid/tests/test_util.py -> /home/abuild/rpmbuild/BUILDROOT/python-urwid-2.1.2-3.5.riscv64/usr/lib64/python3.9/site-packages/urwid/tests
[  194s] copying build/lib.linux-riscv64-cpython-39/urwid/tests/test_vterm.py -> /home/abuild/rpmbuild/BUILDROOT/python-urwid-2.1.2-3.5.riscv64/usr/lib64/python3.9/site-packages/urwid/tests
[  194s] copying build/lib.linux-riscv64-cpython-39/urwid/tests/test_widget.py -> /home/abuild/rpmbuild/BUILDROOT/python-urwid-2.1.2-3.5.riscv64/usr/lib64/python3.9/site-packages/urwid/tests
[  194s] copying build/lib.linux-riscv64-cpython-39/urwid/tests/util.py -> /home/abuild/rpmbuild/BUILDROOT/python-urwid-2.1.2-3.5.riscv64/usr/lib64/python3.9/site-packages/urwid/tests
[  194s] copying build/lib.linux-riscv64-cpython-39/urwid/str_util.cpython-39-riscv64-linux-gnu.so -> /home/abuild/rpmbuild/BUILDROOT/python-urwid-2.1.2-3.5.riscv64/usr/lib64/python3.9/site-packages/urwid
[  194s] byte-compiling /home/abuild/rpmbuild/BUILDROOT/python-urwid-2.1.2-3.5.riscv64/usr/lib64/python3.9/site-packages/urwid/__init__.py to __init__.cpython-39.pyc
[  194s] byte-compiling /home/abuild/rpmbuild/BUILDROOT/python-urwid-2.1.2-3.5.riscv64/usr/lib64/python3.9/site-packages/urwid/_async_kw_event_loop.py to _async_kw_event_loop.cpython-39.pyc
[  194s] byte-compiling /home/abuild/rpmbuild/BUILDROOT/python-urwid-2.1.2-3.5.riscv64/usr/lib64/python3.9/site-packages/urwid/canvas.py to canvas.cpython-39.pyc
[  194s] byte-compiling /home/abuild/rpmbuild/BUILDROOT/python-urwid-2.1.2-3.5.riscv64/usr/lib64/python3.9/site-packages/urwid/command_map.py to command_map.cpython-39.pyc
[  194s] byte-compiling /home/abuild/rpmbuild/BUILDROOT/python-urwid-2.1.2-3.5.riscv64/usr/lib64/python3.9/site-packages/urwid/compat.py to compat.cpython-39.pyc
[  194s] byte-compiling /home/abuild/rpmbuild/BUILDROOT/python-urwid-2.1.2-3.5.riscv64/usr/lib64/python3.9/site-packages/urwid/container.py to container.cpython-39.pyc
[  194s] byte-compiling /home/abuild/rpmbuild/BUILDROOT/python-urwid-2.1.2-3.5.riscv64/usr/lib64/python3.9/site-packages/urwid/curses_display.py to curses_display.cpython-39.pyc
[  194s] byte-compiling /home/abuild/rpmbuild/BUILDROOT/python-urwid-2.1.2-3.5.riscv64/usr/lib64/python3.9/site-packages/urwid/decoration.py to decoration.cpython-39.pyc
[  194s] byte-compiling /home/abuild/rpmbuild/BUILDROOT/python-urwid-2.1.2-3.5.riscv64/usr/lib64/python3.9/site-packages/urwid/display_common.py to display_common.cpython-39.pyc
[  195s] byte-compiling /home/abuild/rpmbuild/BUILDROOT/python-urwid-2.1.2-3.5.riscv64/usr/lib64/python3.9/site-packages/urwid/escape.py to escape.cpython-39.pyc
[  195s] byte-compiling /home/abuild/rpmbuild/BUILDROOT/python-urwid-2.1.2-3.5.riscv64/usr/lib64/python3.9/site-packages/urwid/font.py to font.cpython-39.pyc
[  195s] byte-compiling /home/abuild/rpmbuild/BUILDROOT/python-urwid-2.1.2-3.5.riscv64/usr/lib64/python3.9/site-packages/urwid/graphics.py to graphics.cpython-39.pyc
[  195s] byte-compiling /home/abuild/rpmbuild/BUILDROOT/python-urwid-2.1.2-3.5.riscv64/usr/lib64/python3.9/site-packages/urwid/html_fragment.py to html_fragment.cpython-39.pyc
[  195s] byte-compiling /home/abuild/rpmbuild/BUILDROOT/python-urwid-2.1.2-3.5.riscv64/usr/lib64/python3.9/site-packages/urwid/lcd_display.py to lcd_display.cpython-39.pyc
[  195s] byte-compiling /home/abuild/rpmbuild/BUILDROOT/python-urwid-2.1.2-3.5.riscv64/usr/lib64/python3.9/site-packages/urwid/listbox.py to listbox.cpython-39.pyc
[  195s] byte-compiling /home/abuild/rpmbuild/BUILDROOT/python-urwid-2.1.2-3.5.riscv64/usr/lib64/python3.9/site-packages/urwid/main_loop.py to main_loop.cpython-39.pyc
[  195s] byte-compiling /home/abuild/rpmbuild/BUILDROOT/python-urwid-2.1.2-3.5.riscv64/usr/lib64/python3.9/site-packages/urwid/monitored_list.py to monitored_list.cpython-39.pyc
[  195s] byte-compiling /home/abuild/rpmbuild/BUILDROOT/python-urwid-2.1.2-3.5.riscv64/usr/lib64/python3.9/site-packages/urwid/numedit.py to numedit.cpython-39.pyc
[  195s] byte-compiling /home/abuild/rpmbuild/BUILDROOT/python-urwid-2.1.2-3.5.riscv64/usr/lib64/python3.9/site-packages/urwid/old_str_util.py to old_str_util.cpython-39.pyc
[  195s] byte-compiling /home/abuild/rpmbuild/BUILDROOT/python-urwid-2.1.2-3.5.riscv64/usr/lib64/python3.9/site-packages/urwid/raw_display.py to raw_display.cpython-39.pyc
[  195s] byte-compiling /home/abuild/rpmbuild/BUILDROOT/python-urwid-2.1.2-3.5.riscv64/usr/lib64/python3.9/site-packages/urwid/signals.py to signals.cpython-39.pyc
[  195s] byte-compiling /home/abuild/rpmbuild/BUILDROOT/python-urwid-2.1.2-3.5.riscv64/usr/lib64/python3.9/site-packages/urwid/split_repr.py to split_repr.cpython-39.pyc
[  195s] byte-compiling /home/abuild/rpmbuild/BUILDROOT/python-urwid-2.1.2-3.5.riscv64/usr/lib64/python3.9/site-packages/urwid/text_layout.py to text_layout.cpython-39.pyc
[  195s] byte-compiling /home/abuild/rpmbuild/BUILDROOT/python-urwid-2.1.2-3.5.riscv64/usr/lib64/python3.9/site-packages/urwid/treetools.py to treetools.cpython-39.pyc
[  195s] byte-compiling /home/abuild/rpmbuild/BUILDROOT/python-urwid-2.1.2-3.5.riscv64/usr/lib64/python3.9/site-packages/urwid/util.py to util.cpython-39.pyc
[  195s] byte-compiling /home/abuild/rpmbuild/BUILDROOT/python-urwid-2.1.2-3.5.riscv64/usr/lib64/python3.9/site-packages/urwid/version.py to version.cpython-39.pyc
[  195s] byte-compiling /home/abuild/rpmbuild/BUILDROOT/python-urwid-2.1.2-3.5.riscv64/usr/lib64/python3.9/site-packages/urwid/vterm.py to vterm.cpython-39.pyc
[  195s] byte-compiling /home/abuild/rpmbuild/BUILDROOT/python-urwid-2.1.2-3.5.riscv64/usr/lib64/python3.9/site-packages/urwid/web_display.py to web_display.cpython-39.pyc
[  195s] byte-compiling /home/abuild/rpmbuild/BUILDROOT/python-urwid-2.1.2-3.5.riscv64/usr/lib64/python3.9/site-packages/urwid/widget.py to widget.cpython-39.pyc
[  196s] byte-compiling /home/abuild/rpmbuild/BUILDROOT/python-urwid-2.1.2-3.5.riscv64/usr/lib64/python3.9/site-packages/urwid/wimp.py to wimp.cpython-39.pyc
[  196s] byte-compiling /home/abuild/rpmbuild/BUILDROOT/python-urwid-2.1.2-3.5.riscv64/usr/lib64/python3.9/site-packages/urwid/tests/__init__.py to __init__.cpython-39.pyc
[  196s] byte-compiling /home/abuild/rpmbuild/BUILDROOT/python-urwid-2.1.2-3.5.riscv64/usr/lib64/python3.9/site-packages/urwid/tests/test_canvas.py to test_canvas.cpython-39.pyc
[  196s] byte-compiling /home/abuild/rpmbuild/BUILDROOT/python-urwid-2.1.2-3.5.riscv64/usr/lib64/python3.9/site-packages/urwid/tests/test_container.py to test_container.cpython-39.pyc
[  196s] byte-compiling /home/abuild/rpmbuild/BUILDROOT/python-urwid-2.1.2-3.5.riscv64/usr/lib64/python3.9/site-packages/urwid/tests/test_decoration.py to test_decoration.cpython-39.pyc
[  196s] byte-compiling /home/abuild/rpmbuild/BUILDROOT/python-urwid-2.1.2-3.5.riscv64/usr/lib64/python3.9/site-packages/urwid/tests/test_doctests.py to test_doctests.cpython-39.pyc
[  196s] byte-compiling /home/abuild/rpmbuild/BUILDROOT/python-urwid-2.1.2-3.5.riscv64/usr/lib64/python3.9/site-packages/urwid/tests/test_escapes.py to test_escapes.cpython-39.pyc
[  196s] byte-compiling /home/abuild/rpmbuild/BUILDROOT/python-urwid-2.1.2-3.5.riscv64/usr/lib64/python3.9/site-packages/urwid/tests/test_event_loops.py to test_event_loops.cpython-39.pyc
[  196s] byte-compiling /home/abuild/rpmbuild/BUILDROOT/python-urwid-2.1.2-3.5.riscv64/usr/lib64/python3.9/site-packages/urwid/tests/test_graphics.py to test_graphics.cpython-39.pyc
[  196s] byte-compiling /home/abuild/rpmbuild/BUILDROOT/python-urwid-2.1.2-3.5.riscv64/usr/lib64/python3.9/site-packages/urwid/tests/test_listbox.py to test_listbox.cpython-39.pyc
[  196s] byte-compiling /home/abuild/rpmbuild/BUILDROOT/python-urwid-2.1.2-3.5.riscv64/usr/lib64/python3.9/site-packages/urwid/tests/test_str_util.py to test_str_util.cpython-39.pyc
[  196s] byte-compiling /home/abuild/rpmbuild/BUILDROOT/python-urwid-2.1.2-3.5.riscv64/usr/lib64/python3.9/site-packages/urwid/tests/test_text_layout.py to test_text_layout.cpython-39.pyc
[  196s] byte-compiling /home/abuild/rpmbuild/BUILDROOT/python-urwid-2.1.2-3.5.riscv64/usr/lib64/python3.9/site-packages/urwid/tests/test_util.py to test_util.cpython-39.pyc
[  196s] byte-compiling /home/abuild/rpmbuild/BUILDROOT/python-urwid-2.1.2-3.5.riscv64/usr/lib64/python3.9/site-packages/urwid/tests/test_vterm.py to test_vterm.cpython-39.pyc
[  196s] byte-compiling /home/abuild/rpmbuild/BUILDROOT/python-urwid-2.1.2-3.5.riscv64/usr/lib64/python3.9/site-packages/urwid/tests/test_widget.py to test_widget.cpython-39.pyc
[  196s] byte-compiling /home/abuild/rpmbuild/BUILDROOT/python-urwid-2.1.2-3.5.riscv64/usr/lib64/python3.9/site-packages/urwid/tests/util.py to util.cpython-39.pyc
[  196s] writing byte-compilation script '/tmp/tmp7wbjg7ov.py'
[  196s] /usr/bin/python3.9 /tmp/tmp7wbjg7ov.py
[  202s] removing /tmp/tmp7wbjg7ov.py
[  202s] running install_egg_info
[  202s] running egg_info
[  202s] writing urwid.egg-info/PKG-INFO
[  202s] writing dependency_links to urwid.egg-info/dependency_links.txt
[  202s] writing top-level names to urwid.egg-info/top_level.txt
[  202s] reading manifest file 'urwid.egg-info/SOURCES.txt'
[  202s] reading manifest template 'MANIFEST.in'
[  203s] warning: no files found matching 'CHANGELOG'
[  203s] adding license file 'COPYING'
[  203s] writing manifest file 'urwid.egg-info/SOURCES.txt'
[  203s] Copying urwid.egg-info to /home/abuild/rpmbuild/BUILDROOT/python-urwid-2.1.2-3.5.riscv64/usr/lib64/python3.9/site-packages/urwid-2.1.2-py3.9.egg-info
[  203s] running install_scripts
[  203s] ++ '[' -f _current_flavor ']'
[  203s] ++ cat _current_flavor
[  203s] + last_flavor=python39
[  203s] + '[' -z python39 ']'
[  203s] + '[' python39 '!=' python311 ']'
[  203s] + '[' -d build ']'
[  203s] + mv build _build.python39
[  203s] + '[' -d _build.python311 ']'
[  203s] + mv _build.python311 build
[  203s] + echo python311
[  203s] + python_flavor=python311
[  203s] + /usr/bin/python3.11 setup.py install -O1 --skip-build --force --root /home/abuild/rpmbuild/BUILDROOT/python-urwid-2.1.2-3.5.riscv64 --prefix /usr
[  207s] running install
[  207s] /usr/lib/python3.11/site-packages/setuptools/command/install.py:34: SetuptoolsDeprecationWarning: setup.py install is deprecated. Use build and pip and other standards-based tools.
[  207s]   warnings.warn(
[  207s] running install_lib
[  207s] creating /home/abuild/rpmbuild/BUILDROOT/python-urwid-2.1.2-3.5.riscv64/usr/lib64/python3.11
[  207s] creating /home/abuild/rpmbuild/BUILDROOT/python-urwid-2.1.2-3.5.riscv64/usr/lib64/python3.11/site-packages
[  207s] creating /home/abuild/rpmbuild/BUILDROOT/python-urwid-2.1.2-3.5.riscv64/usr/lib64/python3.11/site-packages/urwid
[  207s] copying build/lib.linux-riscv64-cpython-311/urwid/__init__.py -> /home/abuild/rpmbuild/BUILDROOT/python-urwid-2.1.2-3.5.riscv64/usr/lib64/python3.11/site-packages/urwid
[  207s] copying build/lib.linux-riscv64-cpython-311/urwid/_async_kw_event_loop.py -> /home/abuild/rpmbuild/BUILDROOT/python-urwid-2.1.2-3.5.riscv64/usr/lib64/python3.11/site-packages/urwid
[  207s] copying build/lib.linux-riscv64-cpython-311/urwid/canvas.py -> /home/abuild/rpmbuild/BUILDROOT/python-urwid-2.1.2-3.5.riscv64/usr/lib64/python3.11/site-packages/urwid
[  207s] copying build/lib.linux-riscv64-cpython-311/urwid/command_map.py -> /home/abuild/rpmbuild/BUILDROOT/python-urwid-2.1.2-3.5.riscv64/usr/lib64/python3.11/site-packages/urwid
[  207s] copying build/lib.linux-riscv64-cpython-311/urwid/compat.py -> /home/abuild/rpmbuild/BUILDROOT/python-urwid-2.1.2-3.5.riscv64/usr/lib64/python3.11/site-packages/urwid
[  207s] copying build/lib.linux-riscv64-cpython-311/urwid/container.py -> /home/abuild/rpmbuild/BUILDROOT/python-urwid-2.1.2-3.5.riscv64/usr/lib64/python3.11/site-packages/urwid
[  207s] copying build/lib.linux-riscv64-cpython-311/urwid/curses_display.py -> /home/abuild/rpmbuild/BUILDROOT/python-urwid-2.1.2-3.5.riscv64/usr/lib64/python3.11/site-packages/urwid
[  207s] copying build/lib.linux-riscv64-cpython-311/urwid/decoration.py -> /home/abuild/rpmbuild/BUILDROOT/python-urwid-2.1.2-3.5.riscv64/usr/lib64/python3.11/site-packages/urwid
[  207s] copying build/lib.linux-riscv64-cpython-311/urwid/display_common.py -> /home/abuild/rpmbuild/BUILDROOT/python-urwid-2.1.2-3.5.riscv64/usr/lib64/python3.11/site-packages/urwid
[  207s] copying build/lib.linux-riscv64-cpython-311/urwid/escape.py -> /home/abuild/rpmbuild/BUILDROOT/python-urwid-2.1.2-3.5.riscv64/usr/lib64/python3.11/site-packages/urwid
[  207s] copying build/lib.linux-riscv64-cpython-311/urwid/font.py -> /home/abuild/rpmbuild/BUILDROOT/python-urwid-2.1.2-3.5.riscv64/usr/lib64/python3.11/site-packages/urwid
[  207s] copying build/lib.linux-riscv64-cpython-311/urwid/graphics.py -> /home/abuild/rpmbuild/BUILDROOT/python-urwid-2.1.2-3.5.riscv64/usr/lib64/python3.11/site-packages/urwid
[  207s] copying build/lib.linux-riscv64-cpython-311/urwid/html_fragment.py -> /home/abuild/rpmbuild/BUILDROOT/python-urwid-2.1.2-3.5.riscv64/usr/lib64/python3.11/site-packages/urwid
[  207s] copying build/lib.linux-riscv64-cpython-311/urwid/lcd_display.py -> /home/abuild/rpmbuild/BUILDROOT/python-urwid-2.1.2-3.5.riscv64/usr/lib64/python3.11/site-packages/urwid
[  207s] copying build/lib.linux-riscv64-cpython-311/urwid/listbox.py -> /home/abuild/rpmbuild/BUILDROOT/python-urwid-2.1.2-3.5.riscv64/usr/lib64/python3.11/site-packages/urwid
[  207s] copying build/lib.linux-riscv64-cpython-311/urwid/main_loop.py -> /home/abuild/rpmbuild/BUILDROOT/python-urwid-2.1.2-3.5.riscv64/usr/lib64/python3.11/site-packages/urwid
[  207s] copying build/lib.linux-riscv64-cpython-311/urwid/monitored_list.py -> /home/abuild/rpmbuild/BUILDROOT/python-urwid-2.1.2-3.5.riscv64/usr/lib64/python3.11/site-packages/urwid
[  207s] copying build/lib.linux-riscv64-cpython-311/urwid/numedit.py -> /home/abuild/rpmbuild/BUILDROOT/python-urwid-2.1.2-3.5.riscv64/usr/lib64/python3.11/site-packages/urwid
[  207s] copying build/lib.linux-riscv64-cpython-311/urwid/old_str_util.py -> /home/abuild/rpmbuild/BUILDROOT/python-urwid-2.1.2-3.5.riscv64/usr/lib64/python3.11/site-packages/urwid
[  207s] copying build/lib.linux-riscv64-cpython-311/urwid/raw_display.py -> /home/abuild/rpmbuild/BUILDROOT/python-urwid-2.1.2-3.5.riscv64/usr/lib64/python3.11/site-packages/urwid
[  207s] copying build/lib.linux-riscv64-cpython-311/urwid/signals.py -> /home/abuild/rpmbuild/BUILDROOT/python-urwid-2.1.2-3.5.riscv64/usr/lib64/python3.11/site-packages/urwid
[  207s] copying build/lib.linux-riscv64-cpython-311/urwid/split_repr.py -> /home/abuild/rpmbuild/BUILDROOT/python-urwid-2.1.2-3.5.riscv64/usr/lib64/python3.11/site-packages/urwid
[  207s] copying build/lib.linux-riscv64-cpython-311/urwid/text_layout.py -> /home/abuild/rpmbuild/BUILDROOT/python-urwid-2.1.2-3.5.riscv64/usr/lib64/python3.11/site-packages/urwid
[  207s] copying build/lib.linux-riscv64-cpython-311/urwid/treetools.py -> /home/abuild/rpmbuild/BUILDROOT/python-urwid-2.1.2-3.5.riscv64/usr/lib64/python3.11/site-packages/urwid
[  207s] copying build/lib.linux-riscv64-cpython-311/urwid/util.py -> /home/abuild/rpmbuild/BUILDROOT/python-urwid-2.1.2-3.5.riscv64/usr/lib64/python3.11/site-packages/urwid
[  207s] copying build/lib.linux-riscv64-cpython-311/urwid/version.py -> /home/abuild/rpmbuild/BUILDROOT/python-urwid-2.1.2-3.5.riscv64/usr/lib64/python3.11/site-packages/urwid
[  207s] copying build/lib.linux-riscv64-cpython-311/urwid/vterm.py -> /home/abuild/rpmbuild/BUILDROOT/python-urwid-2.1.2-3.5.riscv64/usr/lib64/python3.11/site-packages/urwid
[  207s] copying build/lib.linux-riscv64-cpython-311/urwid/web_display.py -> /home/abuild/rpmbuild/BUILDROOT/python-urwid-2.1.2-3.5.riscv64/usr/lib64/python3.11/site-packages/urwid
[  207s] copying build/lib.linux-riscv64-cpython-311/urwid/widget.py -> /home/abuild/rpmbuild/BUILDROOT/python-urwid-2.1.2-3.5.riscv64/usr/lib64/python3.11/site-packages/urwid
[  207s] copying build/lib.linux-riscv64-cpython-311/urwid/wimp.py -> /home/abuild/rpmbuild/BUILDROOT/python-urwid-2.1.2-3.5.riscv64/usr/lib64/python3.11/site-packages/urwid
[  207s] creating /home/abuild/rpmbuild/BUILDROOT/python-urwid-2.1.2-3.5.riscv64/usr/lib64/python3.11/site-packages/urwid/tests
[  207s] copying build/lib.linux-riscv64-cpython-311/urwid/tests/__init__.py -> /home/abuild/rpmbuild/BUILDROOT/python-urwid-2.1.2-3.5.riscv64/usr/lib64/python3.11/site-packages/urwid/tests
[  207s] copying build/lib.linux-riscv64-cpython-311/urwid/tests/test_canvas.py -> /home/abuild/rpmbuild/BUILDROOT/python-urwid-2.1.2-3.5.riscv64/usr/lib64/python3.11/site-packages/urwid/tests
[  207s] copying build/lib.linux-riscv64-cpython-311/urwid/tests/test_container.py -> /home/abuild/rpmbuild/BUILDROOT/python-urwid-2.1.2-3.5.riscv64/usr/lib64/python3.11/site-packages/urwid/tests
[  207s] copying build/lib.linux-riscv64-cpython-311/urwid/tests/test_decoration.py -> /home/abuild/rpmbuild/BUILDROOT/python-urwid-2.1.2-3.5.riscv64/usr/lib64/python3.11/site-packages/urwid/tests
[  207s] copying build/lib.linux-riscv64-cpython-311/urwid/tests/test_doctests.py -> /home/abuild/rpmbuild/BUILDROOT/python-urwid-2.1.2-3.5.riscv64/usr/lib64/python3.11/site-packages/urwid/tests
[  207s] copying build/lib.linux-riscv64-cpython-311/urwid/tests/test_escapes.py -> /home/abuild/rpmbuild/BUILDROOT/python-urwid-2.1.2-3.5.riscv64/usr/lib64/python3.11/site-packages/urwid/tests
[  207s] copying build/lib.linux-riscv64-cpython-311/urwid/tests/test_event_loops.py -> /home/abuild/rpmbuild/BUILDROOT/python-urwid-2.1.2-3.5.riscv64/usr/lib64/python3.11/site-packages/urwid/tests
[  207s] copying build/lib.linux-riscv64-cpython-311/urwid/tests/test_graphics.py -> /home/abuild/rpmbuild/BUILDROOT/python-urwid-2.1.2-3.5.riscv64/usr/lib64/python3.11/site-packages/urwid/tests
[  207s] copying build/lib.linux-riscv64-cpython-311/urwid/tests/test_listbox.py -> /home/abuild/rpmbuild/BUILDROOT/python-urwid-2.1.2-3.5.riscv64/usr/lib64/python3.11/site-packages/urwid/tests
[  207s] copying build/lib.linux-riscv64-cpython-311/urwid/tests/test_str_util.py -> /home/abuild/rpmbuild/BUILDROOT/python-urwid-2.1.2-3.5.riscv64/usr/lib64/python3.11/site-packages/urwid/tests
[  207s] copying build/lib.linux-riscv64-cpython-311/urwid/tests/test_text_layout.py -> /home/abuild/rpmbuild/BUILDROOT/python-urwid-2.1.2-3.5.riscv64/usr/lib64/python3.11/site-packages/urwid/tests
[  207s] copying build/lib.linux-riscv64-cpython-311/urwid/tests/test_util.py -> /home/abuild/rpmbuild/BUILDROOT/python-urwid-2.1.2-3.5.riscv64/usr/lib64/python3.11/site-packages/urwid/tests
[  207s] copying build/lib.linux-riscv64-cpython-311/urwid/tests/test_vterm.py -> /home/abuild/rpmbuild/BUILDROOT/python-urwid-2.1.2-3.5.riscv64/usr/lib64/python3.11/site-packages/urwid/tests
[  207s] copying build/lib.linux-riscv64-cpython-311/urwid/tests/test_widget.py -> /home/abuild/rpmbuild/BUILDROOT/python-urwid-2.1.2-3.5.riscv64/usr/lib64/python3.11/site-packages/urwid/tests
[  207s] copying build/lib.linux-riscv64-cpython-311/urwid/tests/util.py -> /home/abuild/rpmbuild/BUILDROOT/python-urwid-2.1.2-3.5.riscv64/usr/lib64/python3.11/site-packages/urwid/tests
[  207s] copying build/lib.linux-riscv64-cpython-311/urwid/str_util.cpython-311-riscv64-linux-gnu.so -> /home/abuild/rpmbuild/BUILDROOT/python-urwid-2.1.2-3.5.riscv64/usr/lib64/python3.11/site-packages/urwid
[  207s] byte-compiling /home/abuild/rpmbuild/BUILDROOT/python-urwid-2.1.2-3.5.riscv64/usr/lib64/python3.11/site-packages/urwid/__init__.py to __init__.cpython-311.pyc
[  207s] byte-compiling /home/abuild/rpmbuild/BUILDROOT/python-urwid-2.1.2-3.5.riscv64/usr/lib64/python3.11/site-packages/urwid/_async_kw_event_loop.py to _async_kw_event_loop.cpython-311.pyc
[  207s] byte-compiling /home/abuild/rpmbuild/BUILDROOT/python-urwid-2.1.2-3.5.riscv64/usr/lib64/python3.11/site-packages/urwid/canvas.py to canvas.cpython-311.pyc
[  207s] byte-compiling /home/abuild/rpmbuild/BUILDROOT/python-urwid-2.1.2-3.5.riscv64/usr/lib64/python3.11/site-packages/urwid/command_map.py to command_map.cpython-311.pyc
[  207s] byte-compiling /home/abuild/rpmbuild/BUILDROOT/python-urwid-2.1.2-3.5.riscv64/usr/lib64/python3.11/site-packages/urwid/compat.py to compat.cpython-311.pyc
[  207s] byte-compiling /home/abuild/rpmbuild/BUILDROOT/python-urwid-2.1.2-3.5.riscv64/usr/lib64/python3.11/site-packages/urwid/container.py to container.cpython-311.pyc
[  207s] byte-compiling /home/abuild/rpmbuild/BUILDROOT/python-urwid-2.1.2-3.5.riscv64/usr/lib64/python3.11/site-packages/urwid/curses_display.py to curses_display.cpython-311.pyc
[  208s] byte-compiling /home/abuild/rpmbuild/BUILDROOT/python-urwid-2.1.2-3.5.riscv64/usr/lib64/python3.11/site-packages/urwid/decoration.py to decoration.cpython-311.pyc
[  208s] byte-compiling /home/abuild/rpmbuild/BUILDROOT/python-urwid-2.1.2-3.5.riscv64/usr/lib64/python3.11/site-packages/urwid/display_common.py to display_common.cpython-311.pyc
[  208s] byte-compiling /home/abuild/rpmbuild/BUILDROOT/python-urwid-2.1.2-3.5.riscv64/usr/lib64/python3.11/site-packages/urwid/escape.py to escape.cpython-311.pyc
[  208s] byte-compiling /home/abuild/rpmbuild/BUILDROOT/python-urwid-2.1.2-3.5.riscv64/usr/lib64/python3.11/site-packages/urwid/font.py to font.cpython-311.pyc
[  208s] byte-compiling /home/abuild/rpmbuild/BUILDROOT/python-urwid-2.1.2-3.5.riscv64/usr/lib64/python3.11/site-packages/urwid/graphics.py to graphics.cpython-311.pyc
[  208s] byte-compiling /home/abuild/rpmbuild/BUILDROOT/python-urwid-2.1.2-3.5.riscv64/usr/lib64/python3.11/site-packages/urwid/html_fragment.py to html_fragment.cpython-311.pyc
[  208s] byte-compiling /home/abuild/rpmbuild/BUILDROOT/python-urwid-2.1.2-3.5.riscv64/usr/lib64/python3.11/site-packages/urwid/lcd_display.py to lcd_display.cpython-311.pyc
[  208s] byte-compiling /home/abuild/rpmbuild/BUILDROOT/python-urwid-2.1.2-3.5.riscv64/usr/lib64/python3.11/site-packages/urwid/listbox.py to listbox.cpython-311.pyc
[  208s] byte-compiling /home/abuild/rpmbuild/BUILDROOT/python-urwid-2.1.2-3.5.riscv64/usr/lib64/python3.11/site-packages/urwid/main_loop.py to main_loop.cpython-311.pyc
[  208s] byte-compiling /home/abuild/rpmbuild/BUILDROOT/python-urwid-2.1.2-3.5.riscv64/usr/lib64/python3.11/site-packages/urwid/monitored_list.py to monitored_list.cpython-311.pyc
[  208s] byte-compiling /home/abuild/rpmbuild/BUILDROOT/python-urwid-2.1.2-3.5.riscv64/usr/lib64/python3.11/site-packages/urwid/numedit.py to numedit.cpython-311.pyc
[  208s] byte-compiling /home/abuild/rpmbuild/BUILDROOT/python-urwid-2.1.2-3.5.riscv64/usr/lib64/python3.11/site-packages/urwid/old_str_util.py to old_str_util.cpython-311.pyc
[  208s] byte-compiling /home/abuild/rpmbuild/BUILDROOT/python-urwid-2.1.2-3.5.riscv64/usr/lib64/python3.11/site-packages/urwid/raw_display.py to raw_display.cpython-311.pyc
[  209s] byte-compiling /home/abuild/rpmbuild/BUILDROOT/python-urwid-2.1.2-3.5.riscv64/usr/lib64/python3.11/site-packages/urwid/signals.py to signals.cpython-311.pyc
[  209s] byte-compiling /home/abuild/rpmbuild/BUILDROOT/python-urwid-2.1.2-3.5.riscv64/usr/lib64/python3.11/site-packages/urwid/split_repr.py to split_repr.cpython-311.pyc
[  209s] byte-compiling /home/abuild/rpmbuild/BUILDROOT/python-urwid-2.1.2-3.5.riscv64/usr/lib64/python3.11/site-packages/urwid/text_layout.py to text_layout.cpython-311.pyc
[  209s] byte-compiling /home/abuild/rpmbuild/BUILDROOT/python-urwid-2.1.2-3.5.riscv64/usr/lib64/python3.11/site-packages/urwid/treetools.py to treetools.cpython-311.pyc
[  209s] byte-compiling /home/abuild/rpmbuild/BUILDROOT/python-urwid-2.1.2-3.5.riscv64/usr/lib64/python3.11/site-packages/urwid/util.py to util.cpython-311.pyc
[  209s] byte-compiling /home/abuild/rpmbuild/BUILDROOT/python-urwid-2.1.2-3.5.riscv64/usr/lib64/python3.11/site-packages/urwid/version.py to version.cpython-311.pyc
[  209s] byte-compiling /home/abuild/rpmbuild/BUILDROOT/python-urwid-2.1.2-3.5.riscv64/usr/lib64/python3.11/site-packages/urwid/vterm.py to vterm.cpython-311.pyc
[  209s] byte-compiling /home/abuild/rpmbuild/BUILDROOT/python-urwid-2.1.2-3.5.riscv64/usr/lib64/python3.11/site-packages/urwid/web_display.py to web_display.cpython-311.pyc
[  209s] byte-compiling /home/abuild/rpmbuild/BUILDROOT/python-urwid-2.1.2-3.5.riscv64/usr/lib64/python3.11/site-packages/urwid/widget.py to widget.cpython-311.pyc
[  209s] byte-compiling /home/abuild/rpmbuild/BUILDROOT/python-urwid-2.1.2-3.5.riscv64/usr/lib64/python3.11/site-packages/urwid/wimp.py to wimp.cpython-311.pyc
[  209s] byte-compiling /home/abuild/rpmbuild/BUILDROOT/python-urwid-2.1.2-3.5.riscv64/usr/lib64/python3.11/site-packages/urwid/tests/__init__.py to __init__.cpython-311.pyc
[  209s] byte-compiling /home/abuild/rpmbuild/BUILDROOT/python-urwid-2.1.2-3.5.riscv64/usr/lib64/python3.11/site-packages/urwid/tests/test_canvas.py to test_canvas.cpython-311.pyc
[  209s] byte-compiling /home/abuild/rpmbuild/BUILDROOT/python-urwid-2.1.2-3.5.riscv64/usr/lib64/python3.11/site-packages/urwid/tests/test_container.py to test_container.cpython-311.pyc
[  209s] byte-compiling /home/abuild/rpmbuild/BUILDROOT/python-urwid-2.1.2-3.5.riscv64/usr/lib64/python3.11/site-packages/urwid/tests/test_decoration.py to test_decoration.cpython-311.pyc
[  209s] byte-compiling /home/abuild/rpmbuild/BUILDROOT/python-urwid-2.1.2-3.5.riscv64/usr/lib64/python3.11/site-packages/urwid/tests/test_doctests.py to test_doctests.cpython-311.pyc
[  210s] byte-compiling /home/abuild/rpmbuild/BUILDROOT/python-urwid-2.1.2-3.5.riscv64/usr/lib64/python3.11/site-packages/urwid/tests/test_escapes.py to test_escapes.cpython-311.pyc
[  210s] byte-compiling /home/abuild/rpmbuild/BUILDROOT/python-urwid-2.1.2-3.5.riscv64/usr/lib64/python3.11/site-packages/urwid/tests/test_event_loops.py to test_event_loops.cpython-311.pyc
[  210s] byte-compiling /home/abuild/rpmbuild/BUILDROOT/python-urwid-2.1.2-3.5.riscv64/usr/lib64/python3.11/site-packages/urwid/tests/test_graphics.py to test_graphics.cpython-311.pyc
[  210s] byte-compiling /home/abuild/rpmbuild/BUILDROOT/python-urwid-2.1.2-3.5.riscv64/usr/lib64/python3.11/site-packages/urwid/tests/test_listbox.py to test_listbox.cpython-311.pyc
[  210s] byte-compiling /home/abuild/rpmbuild/BUILDROOT/python-urwid-2.1.2-3.5.riscv64/usr/lib64/python3.11/site-packages/urwid/tests/test_str_util.py to test_str_util.cpython-311.pyc
[  210s] byte-compiling /home/abuild/rpmbuild/BUILDROOT/python-urwid-2.1.2-3.5.riscv64/usr/lib64/python3.11/site-packages/urwid/tests/test_text_layout.py to test_text_layout.cpython-311.pyc
[  210s] byte-compiling /home/abuild/rpmbuild/BUILDROOT/python-urwid-2.1.2-3.5.riscv64/usr/lib64/python3.11/site-packages/urwid/tests/test_util.py to test_util.cpython-311.pyc
[  210s] byte-compiling /home/abuild/rpmbuild/BUILDROOT/python-urwid-2.1.2-3.5.riscv64/usr/lib64/python3.11/site-packages/urwid/tests/test_vterm.py to test_vterm.cpython-311.pyc
[  210s] byte-compiling /home/abuild/rpmbuild/BUILDROOT/python-urwid-2.1.2-3.5.riscv64/usr/lib64/python3.11/site-packages/urwid/tests/test_widget.py to test_widget.cpython-311.pyc
[  210s] byte-compiling /home/abuild/rpmbuild/BUILDROOT/python-urwid-2.1.2-3.5.riscv64/usr/lib64/python3.11/site-packages/urwid/tests/util.py to util.cpython-311.pyc
[  210s] writing byte-compilation script '/tmp/tmpefzj349p.py'
[  210s] /usr/bin/python3.11 /tmp/tmpefzj349p.py
[  216s] removing /tmp/tmpefzj349p.py
[  216s] running install_egg_info
[  216s] running egg_info
[  216s] writing urwid.egg-info/PKG-INFO
[  216s] writing dependency_links to urwid.egg-info/dependency_links.txt
[  216s] writing top-level names to urwid.egg-info/top_level.txt
[  216s] reading manifest file 'urwid.egg-info/SOURCES.txt'
[  216s] reading manifest template 'MANIFEST.in'
[  216s] warning: no files found matching 'CHANGELOG'
[  216s] adding license file 'COPYING'
[  216s] writing manifest file 'urwid.egg-info/SOURCES.txt'
[  216s] Copying urwid.egg-info to /home/abuild/rpmbuild/BUILDROOT/python-urwid-2.1.2-3.5.riscv64/usr/lib64/python3.11/site-packages/urwid-2.1.2-py3.11.egg-info
[  216s] running install_scripts
[  217s] ++ '[' -f _current_flavor ']'
[  217s] ++ cat _current_flavor
[  217s] + last_flavor=python311
[  217s] + '[' -z python311 ']'
[  217s] + '[' python311 '!=' python310 ']'
[  217s] + '[' -d build ']'
[  217s] + mv build _build.python311
[  217s] + '[' -d _build.python310 ']'
[  217s] + mv _build.python310 build
[  217s] + echo python310
[  217s] + python_flavor=python310
[  217s] + /usr/bin/python3.10 setup.py install -O1 --skip-build --force --root /home/abuild/rpmbuild/BUILDROOT/python-urwid-2.1.2-3.5.riscv64 --prefix /usr
[  220s] running install
[  220s] /usr/lib/python3.10/site-packages/setuptools/command/install.py:34: SetuptoolsDeprecationWarning: setup.py install is deprecated. Use build and pip and other standards-based tools.
[  220s]   warnings.warn(
[  220s] running install_lib
[  220s] creating /home/abuild/rpmbuild/BUILDROOT/python-urwid-2.1.2-3.5.riscv64/usr/lib64/python3.10
[  220s] creating /home/abuild/rpmbuild/BUILDROOT/python-urwid-2.1.2-3.5.riscv64/usr/lib64/python3.10/site-packages
[  220s] creating /home/abuild/rpmbuild/BUILDROOT/python-urwid-2.1.2-3.5.riscv64/usr/lib64/python3.10/site-packages/urwid
[  220s] copying build/lib.linux-riscv64-cpython-310/urwid/__init__.py -> /home/abuild/rpmbuild/BUILDROOT/python-urwid-2.1.2-3.5.riscv64/usr/lib64/python3.10/site-packages/urwid
[  220s] copying build/lib.linux-riscv64-cpython-310/urwid/_async_kw_event_loop.py -> /home/abuild/rpmbuild/BUILDROOT/python-urwid-2.1.2-3.5.riscv64/usr/lib64/python3.10/site-packages/urwid
[  220s] copying build/lib.linux-riscv64-cpython-310/urwid/canvas.py -> /home/abuild/rpmbuild/BUILDROOT/python-urwid-2.1.2-3.5.riscv64/usr/lib64/python3.10/site-packages/urwid
[  220s] copying build/lib.linux-riscv64-cpython-310/urwid/command_map.py -> /home/abuild/rpmbuild/BUILDROOT/python-urwid-2.1.2-3.5.riscv64/usr/lib64/python3.10/site-packages/urwid
[  220s] copying build/lib.linux-riscv64-cpython-310/urwid/compat.py -> /home/abuild/rpmbuild/BUILDROOT/python-urwid-2.1.2-3.5.riscv64/usr/lib64/python3.10/site-packages/urwid
[  220s] copying build/lib.linux-riscv64-cpython-310/urwid/container.py -> /home/abuild/rpmbuild/BUILDROOT/python-urwid-2.1.2-3.5.riscv64/usr/lib64/python3.10/site-packages/urwid
[  220s] copying build/lib.linux-riscv64-cpython-310/urwid/curses_display.py -> /home/abuild/rpmbuild/BUILDROOT/python-urwid-2.1.2-3.5.riscv64/usr/lib64/python3.10/site-packages/urwid
[  220s] copying build/lib.linux-riscv64-cpython-310/urwid/decoration.py -> /home/abuild/rpmbuild/BUILDROOT/python-urwid-2.1.2-3.5.riscv64/usr/lib64/python3.10/site-packages/urwid
[  220s] copying build/lib.linux-riscv64-cpython-310/urwid/display_common.py -> /home/abuild/rpmbuild/BUILDROOT/python-urwid-2.1.2-3.5.riscv64/usr/lib64/python3.10/site-packages/urwid
[  220s] copying build/lib.linux-riscv64-cpython-310/urwid/escape.py -> /home/abuild/rpmbuild/BUILDROOT/python-urwid-2.1.2-3.5.riscv64/usr/lib64/python3.10/site-packages/urwid
[  220s] copying build/lib.linux-riscv64-cpython-310/urwid/font.py -> /home/abuild/rpmbuild/BUILDROOT/python-urwid-2.1.2-3.5.riscv64/usr/lib64/python3.10/site-packages/urwid
[  220s] copying build/lib.linux-riscv64-cpython-310/urwid/graphics.py -> /home/abuild/rpmbuild/BUILDROOT/python-urwid-2.1.2-3.5.riscv64/usr/lib64/python3.10/site-packages/urwid
[  220s] copying build/lib.linux-riscv64-cpython-310/urwid/html_fragment.py -> /home/abuild/rpmbuild/BUILDROOT/python-urwid-2.1.2-3.5.riscv64/usr/lib64/python3.10/site-packages/urwid
[  220s] copying build/lib.linux-riscv64-cpython-310/urwid/lcd_display.py -> /home/abuild/rpmbuild/BUILDROOT/python-urwid-2.1.2-3.5.riscv64/usr/lib64/python3.10/site-packages/urwid
[  220s] copying build/lib.linux-riscv64-cpython-310/urwid/listbox.py -> /home/abuild/rpmbuild/BUILDROOT/python-urwid-2.1.2-3.5.riscv64/usr/lib64/python3.10/site-packages/urwid
[  220s] copying build/lib.linux-riscv64-cpython-310/urwid/main_loop.py -> /home/abuild/rpmbuild/BUILDROOT/python-urwid-2.1.2-3.5.riscv64/usr/lib64/python3.10/site-packages/urwid
[  220s] copying build/lib.linux-riscv64-cpython-310/urwid/monitored_list.py -> /home/abuild/rpmbuild/BUILDROOT/python-urwid-2.1.2-3.5.riscv64/usr/lib64/python3.10/site-packages/urwid
[  220s] copying build/lib.linux-riscv64-cpython-310/urwid/numedit.py -> /home/abuild/rpmbuild/BUILDROOT/python-urwid-2.1.2-3.5.riscv64/usr/lib64/python3.10/site-packages/urwid
[  220s] copying build/lib.linux-riscv64-cpython-310/urwid/old_str_util.py -> /home/abuild/rpmbuild/BUILDROOT/python-urwid-2.1.2-3.5.riscv64/usr/lib64/python3.10/site-packages/urwid
[  220s] copying build/lib.linux-riscv64-cpython-310/urwid/raw_display.py -> /home/abuild/rpmbuild/BUILDROOT/python-urwid-2.1.2-3.5.riscv64/usr/lib64/python3.10/site-packages/urwid
[  220s] copying build/lib.linux-riscv64-cpython-310/urwid/signals.py -> /home/abuild/rpmbuild/BUILDROOT/python-urwid-2.1.2-3.5.riscv64/usr/lib64/python3.10/site-packages/urwid
[  220s] copying build/lib.linux-riscv64-cpython-310/urwid/split_repr.py -> /home/abuild/rpmbuild/BUILDROOT/python-urwid-2.1.2-3.5.riscv64/usr/lib64/python3.10/site-packages/urwid
[  220s] copying build/lib.linux-riscv64-cpython-310/urwid/text_layout.py -> /home/abuild/rpmbuild/BUILDROOT/python-urwid-2.1.2-3.5.riscv64/usr/lib64/python3.10/site-packages/urwid
[  220s] copying build/lib.linux-riscv64-cpython-310/urwid/treetools.py -> /home/abuild/rpmbuild/BUILDROOT/python-urwid-2.1.2-3.5.riscv64/usr/lib64/python3.10/site-packages/urwid
[  220s] copying build/lib.linux-riscv64-cpython-310/urwid/util.py -> /home/abuild/rpmbuild/BUILDROOT/python-urwid-2.1.2-3.5.riscv64/usr/lib64/python3.10/site-packages/urwid
[  220s] copying build/lib.linux-riscv64-cpython-310/urwid/version.py -> /home/abuild/rpmbuild/BUILDROOT/python-urwid-2.1.2-3.5.riscv64/usr/lib64/python3.10/site-packages/urwid
[  220s] copying build/lib.linux-riscv64-cpython-310/urwid/vterm.py -> /home/abuild/rpmbuild/BUILDROOT/python-urwid-2.1.2-3.5.riscv64/usr/lib64/python3.10/site-packages/urwid
[  220s] copying build/lib.linux-riscv64-cpython-310/urwid/web_display.py -> /home/abuild/rpmbuild/BUILDROOT/python-urwid-2.1.2-3.5.riscv64/usr/lib64/python3.10/site-packages/urwid
[  220s] copying build/lib.linux-riscv64-cpython-310/urwid/widget.py -> /home/abuild/rpmbuild/BUILDROOT/python-urwid-2.1.2-3.5.riscv64/usr/lib64/python3.10/site-packages/urwid
[  220s] copying build/lib.linux-riscv64-cpython-310/urwid/wimp.py -> /home/abuild/rpmbuild/BUILDROOT/python-urwid-2.1.2-3.5.riscv64/usr/lib64/python3.10/site-packages/urwid
[  220s] creating /home/abuild/rpmbuild/BUILDROOT/python-urwid-2.1.2-3.5.riscv64/usr/lib64/python3.10/site-packages/urwid/tests
[  220s] copying build/lib.linux-riscv64-cpython-310/urwid/tests/__init__.py -> /home/abuild/rpmbuild/BUILDROOT/python-urwid-2.1.2-3.5.riscv64/usr/lib64/python3.10/site-packages/urwid/tests
[  220s] copying build/lib.linux-riscv64-cpython-310/urwid/tests/test_canvas.py -> /home/abuild/rpmbuild/BUILDROOT/python-urwid-2.1.2-3.5.riscv64/usr/lib64/python3.10/site-packages/urwid/tests
[  220s] copying build/lib.linux-riscv64-cpython-310/urwid/tests/test_container.py -> /home/abuild/rpmbuild/BUILDROOT/python-urwid-2.1.2-3.5.riscv64/usr/lib64/python3.10/site-packages/urwid/tests
[  220s] copying build/lib.linux-riscv64-cpython-310/urwid/tests/test_decoration.py -> /home/abuild/rpmbuild/BUILDROOT/python-urwid-2.1.2-3.5.riscv64/usr/lib64/python3.10/site-packages/urwid/tests
[  220s] copying build/lib.linux-riscv64-cpython-310/urwid/tests/test_doctests.py -> /home/abuild/rpmbuild/BUILDROOT/python-urwid-2.1.2-3.5.riscv64/usr/lib64/python3.10/site-packages/urwid/tests
[  220s] copying build/lib.linux-riscv64-cpython-310/urwid/tests/test_escapes.py -> /home/abuild/rpmbuild/BUILDROOT/python-urwid-2.1.2-3.5.riscv64/usr/lib64/python3.10/site-packages/urwid/tests
[  220s] copying build/lib.linux-riscv64-cpython-310/urwid/tests/test_event_loops.py -> /home/abuild/rpmbuild/BUILDROOT/python-urwid-2.1.2-3.5.riscv64/usr/lib64/python3.10/site-packages/urwid/tests
[  220s] copying build/lib.linux-riscv64-cpython-310/urwid/tests/test_graphics.py -> /home/abuild/rpmbuild/BUILDROOT/python-urwid-2.1.2-3.5.riscv64/usr/lib64/python3.10/site-packages/urwid/tests
[  220s] copying build/lib.linux-riscv64-cpython-310/urwid/tests/test_listbox.py -> /home/abuild/rpmbuild/BUILDROOT/python-urwid-2.1.2-3.5.riscv64/usr/lib64/python3.10/site-packages/urwid/tests
[  220s] copying build/lib.linux-riscv64-cpython-310/urwid/tests/test_str_util.py -> /home/abuild/rpmbuild/BUILDROOT/python-urwid-2.1.2-3.5.riscv64/usr/lib64/python3.10/site-packages/urwid/tests
[  220s] copying build/lib.linux-riscv64-cpython-310/urwid/tests/test_text_layout.py -> /home/abuild/rpmbuild/BUILDROOT/python-urwid-2.1.2-3.5.riscv64/usr/lib64/python3.10/site-packages/urwid/tests
[  220s] copying build/lib.linux-riscv64-cpython-310/urwid/tests/test_util.py -> /home/abuild/rpmbuild/BUILDROOT/python-urwid-2.1.2-3.5.riscv64/usr/lib64/python3.10/site-packages/urwid/tests
[  220s] copying build/lib.linux-riscv64-cpython-310/urwid/tests/test_vterm.py -> /home/abuild/rpmbuild/BUILDROOT/python-urwid-2.1.2-3.5.riscv64/usr/lib64/python3.10/site-packages/urwid/tests
[  220s] copying build/lib.linux-riscv64-cpython-310/urwid/tests/test_widget.py -> /home/abuild/rpmbuild/BUILDROOT/python-urwid-2.1.2-3.5.riscv64/usr/lib64/python3.10/site-packages/urwid/tests
[  220s] copying build/lib.linux-riscv64-cpython-310/urwid/tests/util.py -> /home/abuild/rpmbuild/BUILDROOT/python-urwid-2.1.2-3.5.riscv64/usr/lib64/python3.10/site-packages/urwid/tests
[  220s] copying build/lib.linux-riscv64-cpython-310/urwid/str_util.cpython-310-riscv64-linux-gnu.so -> /home/abuild/rpmbuild/BUILDROOT/python-urwid-2.1.2-3.5.riscv64/usr/lib64/python3.10/site-packages/urwid
[  220s] byte-compiling /home/abuild/rpmbuild/BUILDROOT/python-urwid-2.1.2-3.5.riscv64/usr/lib64/python3.10/site-packages/urwid/__init__.py to __init__.cpython-310.pyc
[  220s] byte-compiling /home/abuild/rpmbuild/BUILDROOT/python-urwid-2.1.2-3.5.riscv64/usr/lib64/python3.10/site-packages/urwid/_async_kw_event_loop.py to _async_kw_event_loop.cpython-310.pyc
[  221s] byte-compiling /home/abuild/rpmbuild/BUILDROOT/python-urwid-2.1.2-3.5.riscv64/usr/lib64/python3.10/site-packages/urwid/canvas.py to canvas.cpython-310.pyc
[  221s] byte-compiling /home/abuild/rpmbuild/BUILDROOT/python-urwid-2.1.2-3.5.riscv64/usr/lib64/python3.10/site-packages/urwid/command_map.py to command_map.cpython-310.pyc
[  221s] byte-compiling /home/abuild/rpmbuild/BUILDROOT/python-urwid-2.1.2-3.5.riscv64/usr/lib64/python3.10/site-packages/urwid/compat.py to compat.cpython-310.pyc
[  221s] byte-compiling /home/abuild/rpmbuild/BUILDROOT/python-urwid-2.1.2-3.5.riscv64/usr/lib64/python3.10/site-packages/urwid/container.py to container.cpython-310.pyc
[  221s] byte-compiling /home/abuild/rpmbuild/BUILDROOT/python-urwid-2.1.2-3.5.riscv64/usr/lib64/python3.10/site-packages/urwid/curses_display.py to curses_display.cpython-310.pyc
[  221s] byte-compiling /home/abuild/rpmbuild/BUILDROOT/python-urwid-2.1.2-3.5.riscv64/usr/lib64/python3.10/site-packages/urwid/decoration.py to decoration.cpython-310.pyc
[  221s] byte-compiling /home/abuild/rpmbuild/BUILDROOT/python-urwid-2.1.2-3.5.riscv64/usr/lib64/python3.10/site-packages/urwid/display_common.py to display_common.cpython-310.pyc
[  221s] byte-compiling /home/abuild/rpmbuild/BUILDROOT/python-urwid-2.1.2-3.5.riscv64/usr/lib64/python3.10/site-packages/urwid/escape.py to escape.cpython-310.pyc
[  221s] byte-compiling /home/abuild/rpmbuild/BUILDROOT/python-urwid-2.1.2-3.5.riscv64/usr/lib64/python3.10/site-packages/urwid/font.py to font.cpython-310.pyc
[  221s] byte-compiling /home/abuild/rpmbuild/BUILDROOT/python-urwid-2.1.2-3.5.riscv64/usr/lib64/python3.10/site-packages/urwid/graphics.py to graphics.cpython-310.pyc
[  221s] byte-compiling /home/abuild/rpmbuild/BUILDROOT/python-urwid-2.1.2-3.5.riscv64/usr/lib64/python3.10/site-packages/urwid/html_fragment.py to html_fragment.cpython-310.pyc
[  221s] byte-compiling /home/abuild/rpmbuild/BUILDROOT/python-urwid-2.1.2-3.5.riscv64/usr/lib64/python3.10/site-packages/urwid/lcd_display.py to lcd_display.cpython-310.pyc
[  221s] byte-compiling /home/abuild/rpmbuild/BUILDROOT/python-urwid-2.1.2-3.5.riscv64/usr/lib64/python3.10/site-packages/urwid/listbox.py to listbox.cpython-310.pyc
[  221s] byte-compiling /home/abuild/rpmbuild/BUILDROOT/python-urwid-2.1.2-3.5.riscv64/usr/lib64/python3.10/site-packages/urwid/main_loop.py to main_loop.cpython-310.pyc
[  222s] byte-compiling /home/abuild/rpmbuild/BUILDROOT/python-urwid-2.1.2-3.5.riscv64/usr/lib64/python3.10/site-packages/urwid/monitored_list.py to monitored_list.cpython-310.pyc
[  222s] byte-compiling /home/abuild/rpmbuild/BUILDROOT/python-urwid-2.1.2-3.5.riscv64/usr/lib64/python3.10/site-packages/urwid/numedit.py to numedit.cpython-310.pyc
[  222s] byte-compiling /home/abuild/rpmbuild/BUILDROOT/python-urwid-2.1.2-3.5.riscv64/usr/lib64/python3.10/site-packages/urwid/old_str_util.py to old_str_util.cpython-310.pyc
[  222s] byte-compiling /home/abuild/rpmbuild/BUILDROOT/python-urwid-2.1.2-3.5.riscv64/usr/lib64/python3.10/site-packages/urwid/raw_display.py to raw_display.cpython-310.pyc
[  222s] byte-compiling /home/abuild/rpmbuild/BUILDROOT/python-urwid-2.1.2-3.5.riscv64/usr/lib64/python3.10/site-packages/urwid/signals.py to signals.cpython-310.pyc
[  222s] byte-compiling /home/abuild/rpmbuild/BUILDROOT/python-urwid-2.1.2-3.5.riscv64/usr/lib64/python3.10/site-packages/urwid/split_repr.py to split_repr.cpython-310.pyc
[  222s] byte-compiling /home/abuild/rpmbuild/BUILDROOT/python-urwid-2.1.2-3.5.riscv64/usr/lib64/python3.10/site-packages/urwid/text_layout.py to text_layout.cpython-310.pyc
[  222s] byte-compiling /home/abuild/rpmbuild/BUILDROOT/python-urwid-2.1.2-3.5.riscv64/usr/lib64/python3.10/site-packages/urwid/treetools.py to treetools.cpython-310.pyc
[  222s] byte-compiling /home/abuild/rpmbuild/BUILDROOT/python-urwid-2.1.2-3.5.riscv64/usr/lib64/python3.10/site-packages/urwid/util.py to util.cpython-310.pyc
[  222s] byte-compiling /home/abuild/rpmbuild/BUILDROOT/python-urwid-2.1.2-3.5.riscv64/usr/lib64/python3.10/site-packages/urwid/version.py to version.cpython-310.pyc
[  222s] byte-compiling /home/abuild/rpmbuild/BUILDROOT/python-urwid-2.1.2-3.5.riscv64/usr/lib64/python3.10/site-packages/urwid/vterm.py to vterm.cpython-310.pyc
[  222s] byte-compiling /home/abuild/rpmbuild/BUILDROOT/python-urwid-2.1.2-3.5.riscv64/usr/lib64/python3.10/site-packages/urwid/web_display.py to web_display.cpython-310.pyc
[  222s] byte-compiling /home/abuild/rpmbuild/BUILDROOT/python-urwid-2.1.2-3.5.riscv64/usr/lib64/python3.10/site-packages/urwid/widget.py to widget.cpython-310.pyc
[  222s] byte-compiling /home/abuild/rpmbuild/BUILDROOT/python-urwid-2.1.2-3.5.riscv64/usr/lib64/python3.10/site-packages/urwid/wimp.py to wimp.cpython-310.pyc
[  222s] byte-compiling /home/abuild/rpmbuild/BUILDROOT/python-urwid-2.1.2-3.5.riscv64/usr/lib64/python3.10/site-packages/urwid/tests/__init__.py to __init__.cpython-310.pyc
[  222s] byte-compiling /home/abuild/rpmbuild/BUILDROOT/python-urwid-2.1.2-3.5.riscv64/usr/lib64/python3.10/site-packages/urwid/tests/test_canvas.py to test_canvas.cpython-310.pyc
[  222s] byte-compiling /home/abuild/rpmbuild/BUILDROOT/python-urwid-2.1.2-3.5.riscv64/usr/lib64/python3.10/site-packages/urwid/tests/test_container.py to test_container.cpython-310.pyc
[  222s] byte-compiling /home/abuild/rpmbuild/BUILDROOT/python-urwid-2.1.2-3.5.riscv64/usr/lib64/python3.10/site-packages/urwid/tests/test_decoration.py to test_decoration.cpython-310.pyc
[  223s] byte-compiling /home/abuild/rpmbuild/BUILDROOT/python-urwid-2.1.2-3.5.riscv64/usr/lib64/python3.10/site-packages/urwid/tests/test_doctests.py to test_doctests.cpython-310.pyc
[  223s] byte-compiling /home/abuild/rpmbuild/BUILDROOT/python-urwid-2.1.2-3.5.riscv64/usr/lib64/python3.10/site-packages/urwid/tests/test_escapes.py to test_escapes.cpython-310.pyc
[  223s] byte-compiling /home/abuild/rpmbuild/BUILDROOT/python-urwid-2.1.2-3.5.riscv64/usr/lib64/python3.10/site-packages/urwid/tests/test_event_loops.py to test_event_loops.cpython-310.pyc
[  223s] byte-compiling /home/abuild/rpmbuild/BUILDROOT/python-urwid-2.1.2-3.5.riscv64/usr/lib64/python3.10/site-packages/urwid/tests/test_graphics.py to test_graphics.cpython-310.pyc
[  223s] byte-compiling /home/abuild/rpmbuild/BUILDROOT/python-urwid-2.1.2-3.5.riscv64/usr/lib64/python3.10/site-packages/urwid/tests/test_listbox.py to test_listbox.cpython-310.pyc
[  223s] byte-compiling /home/abuild/rpmbuild/BUILDROOT/python-urwid-2.1.2-3.5.riscv64/usr/lib64/python3.10/site-packages/urwid/tests/test_str_util.py to test_str_util.cpython-310.pyc
[  223s] byte-compiling /home/abuild/rpmbuild/BUILDROOT/python-urwid-2.1.2-3.5.riscv64/usr/lib64/python3.10/site-packages/urwid/tests/test_text_layout.py to test_text_layout.cpython-310.pyc
[  223s] byte-compiling /home/abuild/rpmbuild/BUILDROOT/python-urwid-2.1.2-3.5.riscv64/usr/lib64/python3.10/site-packages/urwid/tests/test_util.py to test_util.cpython-310.pyc
[  223s] byte-compiling /home/abuild/rpmbuild/BUILDROOT/python-urwid-2.1.2-3.5.riscv64/usr/lib64/python3.10/site-packages/urwid/tests/test_vterm.py to test_vterm.cpython-310.pyc
[  223s] byte-compiling /home/abuild/rpmbuild/BUILDROOT/python-urwid-2.1.2-3.5.riscv64/usr/lib64/python3.10/site-packages/urwid/tests/test_widget.py to test_widget.cpython-310.pyc
[  223s] byte-compiling /home/abuild/rpmbuild/BUILDROOT/python-urwid-2.1.2-3.5.riscv64/usr/lib64/python3.10/site-packages/urwid/tests/util.py to util.cpython-310.pyc
[  223s] writing byte-compilation script '/tmp/tmpil6nxj5b.py'
[  223s] /usr/bin/python3.10 /tmp/tmpil6nxj5b.py
[  229s] removing /tmp/tmpil6nxj5b.py
[  229s] running install_egg_info
[  229s] running egg_info
[  229s] writing urwid.egg-info/PKG-INFO
[  229s] writing dependency_links to urwid.egg-info/dependency_links.txt
[  229s] writing top-level names to urwid.egg-info/top_level.txt
[  229s] reading manifest file 'urwid.egg-info/SOURCES.txt'
[  229s] reading manifest template 'MANIFEST.in'
[  229s] warning: no files found matching 'CHANGELOG'
[  229s] adding license file 'COPYING'
[  229s] writing manifest file 'urwid.egg-info/SOURCES.txt'
[  229s] Copying urwid.egg-info to /home/abuild/rpmbuild/BUILDROOT/python-urwid-2.1.2-3.5.riscv64/usr/lib64/python3.10/site-packages/urwid-2.1.2-py3.10.egg-info
[  229s] running install_scripts
[  230s] ++ '[' -f _current_flavor ']'
[  230s] ++ cat _current_flavor
[  230s] + last_flavor=python310
[  230s] + '[' -z python310 ']'
[  230s] + '[' python310 '!=' python38 ']'
[  230s] + '[' -d build ']'
[  230s] + mv build _build.python310
[  230s] + '[' -d _build.python38 ']'
[  230s] + mv _build.python38 build
[  230s] + echo python38
[  230s] + python_flavor=python38
[  230s] + /usr/lib/rpm/fdupes_wrapper /home/abuild/rpmbuild/BUILDROOT/python-urwid-2.1.2-3.5.riscv64/usr/lib64/python3.8/site-packages
[  230s] Linking /home/abuild/rpmbuild/BUILDROOT/python-urwid-2.1.2-3.5.riscv64/usr/lib64/python3.8/site-packages/urwid-2.1.2-py3.8.egg-info/dependency_links.txt -> /home/abuild/rpmbuild/BUILDROOT/python-urwid-2.1.2-3.5.riscv64/usr/lib64/python3.8/site-packages/urwid-2.1.2-py3.8.egg-info/not-zip-safe
[  230s] Linking /home/abuild/rpmbuild/BUILDROOT/python-urwid-2.1.2-3.5.riscv64/usr/lib64/python3.8/site-packages/urwid/__pycache__/_async_kw_event_loop.cpython-38.opt-1.pyc -> /home/abuild/rpmbuild/BUILDROOT/python-urwid-2.1.2-3.5.riscv64/usr/lib64/python3.8/site-packages/urwid/__pycache__/_async_kw_event_loop.cpython-38.pyc
[  230s] Linking /home/abuild/rpmbuild/BUILDROOT/python-urwid-2.1.2-3.5.riscv64/usr/lib64/python3.8/site-packages/urwid/tests/__pycache__/test_widget.cpython-38.opt-1.pyc -> /home/abuild/rpmbuild/BUILDROOT/python-urwid-2.1.2-3.5.riscv64/usr/lib64/python3.8/site-packages/urwid/tests/__pycache__/test_widget.cpython-38.pyc
[  230s] Linking /home/abuild/rpmbuild/BUILDROOT/python-urwid-2.1.2-3.5.riscv64/usr/lib64/python3.8/site-packages/urwid/tests/__pycache__/test_util.cpython-38.opt-1.pyc -> /home/abuild/rpmbuild/BUILDROOT/python-urwid-2.1.2-3.5.riscv64/usr/lib64/python3.8/site-packages/urwid/tests/__pycache__/test_util.cpython-38.pyc
[  230s] Linking /home/abuild/rpmbuild/BUILDROOT/python-urwid-2.1.2-3.5.riscv64/usr/lib64/python3.8/site-packages/urwid/tests/__pycache__/test_text_layout.cpython-38.opt-1.pyc -> /home/abuild/rpmbuild/BUILDROOT/python-urwid-2.1.2-3.5.riscv64/usr/lib64/python3.8/site-packages/urwid/tests/__pycache__/test_text_layout.cpython-38.pyc
[  230s] Linking /home/abuild/rpmbuild/BUILDROOT/python-urwid-2.1.2-3.5.riscv64/usr/lib64/python3.8/site-packages/urwid/tests/__pycache__/test_str_util.cpython-38.opt-1.pyc -> /home/abuild/rpmbuild/BUILDROOT/python-urwid-2.1.2-3.5.riscv64/usr/lib64/python3.8/site-packages/urwid/tests/__pycache__/test_str_util.cpython-38.pyc
[  230s] Linking /home/abuild/rpmbuild/BUILDROOT/python-urwid-2.1.2-3.5.riscv64/usr/lib64/python3.8/site-packages/urwid/tests/__pycache__/test_listbox.cpython-38.opt-1.pyc -> /home/abuild/rpmbuild/BUILDROOT/python-urwid-2.1.2-3.5.riscv64/usr/lib64/python3.8/site-packages/urwid/tests/__pycache__/test_listbox.cpython-38.pyc
[  230s] Linking /home/abuild/rpmbuild/BUILDROOT/python-urwid-2.1.2-3.5.riscv64/usr/lib64/python3.8/site-packages/urwid/tests/__pycache__/test_graphics.cpython-38.opt-1.pyc -> /home/abuild/rpmbuild/BUILDROOT/python-urwid-2.1.2-3.5.riscv64/usr/lib64/python3.8/site-packages/urwid/tests/__pycache__/test_graphics.cpython-38.pyc
[  230s] Linking /home/abuild/rpmbuild/BUILDROOT/python-urwid-2.1.2-3.5.riscv64/usr/lib64/python3.8/site-packages/urwid/tests/__pycache__/test_event_loops.cpython-38.opt-1.pyc -> /home/abuild/rpmbuild/BUILDROOT/python-urwid-2.1.2-3.5.riscv64/usr/lib64/python3.8/site-packages/urwid/tests/__pycache__/test_event_loops.cpython-38.pyc
[  230s] Linking /home/abuild/rpmbuild/BUILDROOT/python-urwid-2.1.2-3.5.riscv64/usr/lib64/python3.8/site-packages/urwid/tests/__pycache__/test_escapes.cpython-38.opt-1.pyc -> /home/abuild/rpmbuild/BUILDROOT/python-urwid-2.1.2-3.5.riscv64/usr/lib64/python3.8/site-packages/urwid/tests/__pycache__/test_escapes.cpython-38.pyc
[  230s] Linking /home/abuild/rpmbuild/BUILDROOT/python-urwid-2.1.2-3.5.riscv64/usr/lib64/python3.8/site-packages/urwid/tests/__pycache__/test_doctests.cpython-38.opt-1.pyc -> /home/abuild/rpmbuild/BUILDROOT/python-urwid-2.1.2-3.5.riscv64/usr/lib64/python3.8/site-packages/urwid/tests/__pycache__/test_doctests.cpython-38.pyc
[  230s] Linking /home/abuild/rpmbuild/BUILDROOT/python-urwid-2.1.2-3.5.riscv64/usr/lib64/python3.8/site-packages/urwid/tests/__pycache__/test_decoration.cpython-38.opt-1.pyc -> /home/abuild/rpmbuild/BUILDROOT/python-urwid-2.1.2-3.5.riscv64/usr/lib64/python3.8/site-packages/urwid/tests/__pycache__/test_decoration.cpython-38.pyc
[  230s] Linking /home/abuild/rpmbuild/BUILDROOT/python-urwid-2.1.2-3.5.riscv64/usr/lib64/python3.8/site-packages/urwid/tests/__pycache__/test_container.cpython-38.opt-1.pyc -> /home/abuild/rpmbuild/BUILDROOT/python-urwid-2.1.2-3.5.riscv64/usr/lib64/python3.8/site-packages/urwid/tests/__pycache__/test_container.cpython-38.pyc
[  230s] Linking /home/abuild/rpmbuild/BUILDROOT/python-urwid-2.1.2-3.5.riscv64/usr/lib64/python3.8/site-packages/urwid/tests/__pycache__/__init__.cpython-38.opt-1.pyc -> /home/abuild/rpmbuild/BUILDROOT/python-urwid-2.1.2-3.5.riscv64/usr/lib64/python3.8/site-packages/urwid/tests/__pycache__/__init__.cpython-38.pyc
[  230s] Linking /home/abuild/rpmbuild/BUILDROOT/python-urwid-2.1.2-3.5.riscv64/usr/lib64/python3.8/site-packages/urwid/tests/__pycache__/test_canvas.cpython-38.opt-1.pyc -> /home/abuild/rpmbuild/BUILDROOT/python-urwid-2.1.2-3.5.riscv64/usr/lib64/python3.8/site-packages/urwid/tests/__pycache__/test_canvas.cpython-38.pyc
[  230s] ++ '[' -f _current_flavor ']'
[  230s] ++ cat _current_flavor
[  230s] + last_flavor=python38
[  230s] + '[' -z python38 ']'
[  230s] + '[' python38 '!=' python39 ']'
[  230s] + '[' -d build ']'
[  230s] + mv build _build.python38
[  231s] + '[' -d _build.python39 ']'
[  231s] + mv _build.python39 build
[  231s] + echo python39
[  231s] + python_flavor=python39
[  231s] + /usr/lib/rpm/fdupes_wrapper /home/abuild/rpmbuild/BUILDROOT/python-urwid-2.1.2-3.5.riscv64/usr/lib64/python3.9/site-packages
[  231s] Linking /home/abuild/rpmbuild/BUILDROOT/python-urwid-2.1.2-3.5.riscv64/usr/lib64/python3.9/site-packages/urwid-2.1.2-py3.9.egg-info/dependency_links.txt -> /home/abuild/rpmbuild/BUILDROOT/python-urwid-2.1.2-3.5.riscv64/usr/lib64/python3.9/site-packages/urwid-2.1.2-py3.9.egg-info/not-zip-safe
[  231s] Linking /home/abuild/rpmbuild/BUILDROOT/python-urwid-2.1.2-3.5.riscv64/usr/lib64/python3.9/site-packages/urwid/__pycache__/_async_kw_event_loop.cpython-39.opt-1.pyc -> /home/abuild/rpmbuild/BUILDROOT/python-urwid-2.1.2-3.5.riscv64/usr/lib64/python3.9/site-packages/urwid/__pycache__/_async_kw_event_loop.cpython-39.pyc
[  231s] Linking /home/abuild/rpmbuild/BUILDROOT/python-urwid-2.1.2-3.5.riscv64/usr/lib64/python3.9/site-packages/urwid/tests/__pycache__/test_widget.cpython-39.opt-1.pyc -> /home/abuild/rpmbuild/BUILDROOT/python-urwid-2.1.2-3.5.riscv64/usr/lib64/python3.9/site-packages/urwid/tests/__pycache__/test_widget.cpython-39.pyc
[  231s] Linking /home/abuild/rpmbuild/BUILDROOT/python-urwid-2.1.2-3.5.riscv64/usr/lib64/python3.9/site-packages/urwid/tests/__pycache__/test_util.cpython-39.opt-1.pyc -> /home/abuild/rpmbuild/BUILDROOT/python-urwid-2.1.2-3.5.riscv64/usr/lib64/python3.9/site-packages/urwid/tests/__pycache__/test_util.cpython-39.pyc
[  231s] Linking /home/abuild/rpmbuild/BUILDROOT/python-urwid-2.1.2-3.5.riscv64/usr/lib64/python3.9/site-packages/urwid/tests/__pycache__/test_text_layout.cpython-39.opt-1.pyc -> /home/abuild/rpmbuild/BUILDROOT/python-urwid-2.1.2-3.5.riscv64/usr/lib64/python3.9/site-packages/urwid/tests/__pycache__/test_text_layout.cpython-39.pyc
[  231s] Linking /home/abuild/rpmbuild/BUILDROOT/python-urwid-2.1.2-3.5.riscv64/usr/lib64/python3.9/site-packages/urwid/tests/__pycache__/test_str_util.cpython-39.opt-1.pyc -> /home/abuild/rpmbuild/BUILDROOT/python-urwid-2.1.2-3.5.riscv64/usr/lib64/python3.9/site-packages/urwid/tests/__pycache__/test_str_util.cpython-39.pyc
[  231s] Linking /home/abuild/rpmbuild/BUILDROOT/python-urwid-2.1.2-3.5.riscv64/usr/lib64/python3.9/site-packages/urwid/tests/__pycache__/test_listbox.cpython-39.opt-1.pyc -> /home/abuild/rpmbuild/BUILDROOT/python-urwid-2.1.2-3.5.riscv64/usr/lib64/python3.9/site-packages/urwid/tests/__pycache__/test_listbox.cpython-39.pyc
[  231s] Linking /home/abuild/rpmbuild/BUILDROOT/python-urwid-2.1.2-3.5.riscv64/usr/lib64/python3.9/site-packages/urwid/tests/__pycache__/test_graphics.cpython-39.opt-1.pyc -> /home/abuild/rpmbuild/BUILDROOT/python-urwid-2.1.2-3.5.riscv64/usr/lib64/python3.9/site-packages/urwid/tests/__pycache__/test_graphics.cpython-39.pyc
[  231s] Linking /home/abuild/rpmbuild/BUILDROOT/python-urwid-2.1.2-3.5.riscv64/usr/lib64/python3.9/site-packages/urwid/tests/__pycache__/test_event_loops.cpython-39.opt-1.pyc -> /home/abuild/rpmbuild/BUILDROOT/python-urwid-2.1.2-3.5.riscv64/usr/lib64/python3.9/site-packages/urwid/tests/__pycache__/test_event_loops.cpython-39.pyc
[  231s] Linking /home/abuild/rpmbuild/BUILDROOT/python-urwid-2.1.2-3.5.riscv64/usr/lib64/python3.9/site-packages/urwid/tests/__pycache__/test_escapes.cpython-39.opt-1.pyc -> /home/abuild/rpmbuild/BUILDROOT/python-urwid-2.1.2-3.5.riscv64/usr/lib64/python3.9/site-packages/urwid/tests/__pycache__/test_escapes.cpython-39.pyc
[  231s] Linking /home/abuild/rpmbuild/BUILDROOT/python-urwid-2.1.2-3.5.riscv64/usr/lib64/python3.9/site-packages/urwid/tests/__pycache__/test_doctests.cpython-39.opt-1.pyc -> /home/abuild/rpmbuild/BUILDROOT/python-urwid-2.1.2-3.5.riscv64/usr/lib64/python3.9/site-packages/urwid/tests/__pycache__/test_doctests.cpython-39.pyc
[  231s] Linking /home/abuild/rpmbuild/BUILDROOT/python-urwid-2.1.2-3.5.riscv64/usr/lib64/python3.9/site-packages/urwid/tests/__pycache__/test_decoration.cpython-39.opt-1.pyc -> /home/abuild/rpmbuild/BUILDROOT/python-urwid-2.1.2-3.5.riscv64/usr/lib64/python3.9/site-packages/urwid/tests/__pycache__/test_decoration.cpython-39.pyc
[  231s] Linking /home/abuild/rpmbuild/BUILDROOT/python-urwid-2.1.2-3.5.riscv64/usr/lib64/python3.9/site-packages/urwid/tests/__pycache__/__init__.cpython-39.opt-1.pyc -> /home/abuild/rpmbuild/BUILDROOT/python-urwid-2.1.2-3.5.riscv64/usr/lib64/python3.9/site-packages/urwid/tests/__pycache__/__init__.cpython-39.pyc
[  231s] Linking /home/abuild/rpmbuild/BUILDROOT/python-urwid-2.1.2-3.5.riscv64/usr/lib64/python3.9/site-packages/urwid/tests/__pycache__/test_canvas.cpython-39.opt-1.pyc -> /home/abuild/rpmbuild/BUILDROOT/python-urwid-2.1.2-3.5.riscv64/usr/lib64/python3.9/site-packages/urwid/tests/__pycache__/test_canvas.cpython-39.pyc
[  231s] ++ '[' -f _current_flavor ']'
[  231s] ++ cat _current_flavor
[  231s] + last_flavor=python39
[  231s] + '[' -z python39 ']'
[  231s] + '[' python39 '!=' python311 ']'
[  231s] + '[' -d build ']'
[  231s] + mv build _build.python39
[  231s] + '[' -d _build.python311 ']'
[  231s] + mv _build.python311 build
[  231s] + echo python311
[  231s] + python_flavor=python311
[  231s] + /usr/lib/rpm/fdupes_wrapper /home/abuild/rpmbuild/BUILDROOT/python-urwid-2.1.2-3.5.riscv64/usr/lib64/python3.11/site-packages
[  231s] Linking /home/abuild/rpmbuild/BUILDROOT/python-urwid-2.1.2-3.5.riscv64/usr/lib64/python3.11/site-packages/urwid-2.1.2-py3.11.egg-info/dependency_links.txt -> /home/abuild/rpmbuild/BUILDROOT/python-urwid-2.1.2-3.5.riscv64/usr/lib64/python3.11/site-packages/urwid-2.1.2-py3.11.egg-info/not-zip-safe
[  231s] Linking /home/abuild/rpmbuild/BUILDROOT/python-urwid-2.1.2-3.5.riscv64/usr/lib64/python3.11/site-packages/urwid/__pycache__/wimp.cpython-311.opt-1.pyc -> /home/abuild/rpmbuild/BUILDROOT/python-urwid-2.1.2-3.5.riscv64/usr/lib64/python3.11/site-packages/urwid/__pycache__/wimp.cpython-311.pyc
[  231s] Linking /home/abuild/rpmbuild/BUILDROOT/python-urwid-2.1.2-3.5.riscv64/usr/lib64/python3.11/site-packages/urwid/__pycache__/widget.cpython-311.opt-1.pyc -> /home/abuild/rpmbuild/BUILDROOT/python-urwid-2.1.2-3.5.riscv64/usr/lib64/python3.11/site-packages/urwid/__pycache__/widget.cpython-311.pyc
[  231s] Linking /home/abuild/rpmbuild/BUILDROOT/python-urwid-2.1.2-3.5.riscv64/usr/lib64/python3.11/site-packages/urwid/__pycache__/web_display.cpython-311.opt-1.pyc -> /home/abuild/rpmbuild/BUILDROOT/python-urwid-2.1.2-3.5.riscv64/usr/lib64/python3.11/site-packages/urwid/__pycache__/web_display.cpython-311.pyc
[  231s] Linking /home/abuild/rpmbuild/BUILDROOT/python-urwid-2.1.2-3.5.riscv64/usr/lib64/python3.11/site-packages/urwid/__pycache__/vterm.cpython-311.opt-1.pyc -> /home/abuild/rpmbuild/BUILDROOT/python-urwid-2.1.2-3.5.riscv64/usr/lib64/python3.11/site-packages/urwid/__pycache__/vterm.cpython-311.pyc
[  231s] Linking /home/abuild/rpmbuild/BUILDROOT/python-urwid-2.1.2-3.5.riscv64/usr/lib64/python3.11/site-packages/urwid/__pycache__/version.cpython-311.opt-1.pyc -> /home/abuild/rpmbuild/BUILDROOT/python-urwid-2.1.2-3.5.riscv64/usr/lib64/python3.11/site-packages/urwid/__pycache__/version.cpython-311.pyc
[  231s] Linking /home/abuild/rpmbuild/BUILDROOT/python-urwid-2.1.2-3.5.riscv64/usr/lib64/python3.11/site-packages/urwid/__pycache__/util.cpython-311.opt-1.pyc -> /home/abuild/rpmbuild/BUILDROOT/python-urwid-2.1.2-3.5.riscv64/usr/lib64/python3.11/site-packages/urwid/__pycache__/util.cpython-311.pyc
[  231s] Linking /home/abuild/rpmbuild/BUILDROOT/python-urwid-2.1.2-3.5.riscv64/usr/lib64/python3.11/site-packages/urwid/__pycache__/treetools.cpython-311.opt-1.pyc -> /home/abuild/rpmbuild/BUILDROOT/python-urwid-2.1.2-3.5.riscv64/usr/lib64/python3.11/site-packages/urwid/__pycache__/treetools.cpython-311.pyc
[  231s] Linking /home/abuild/rpmbuild/BUILDROOT/python-urwid-2.1.2-3.5.riscv64/usr/lib64/python3.11/site-packages/urwid/__pycache__/text_layout.cpython-311.opt-1.pyc -> /home/abuild/rpmbuild/BUILDROOT/python-urwid-2.1.2-3.5.riscv64/usr/lib64/python3.11/site-packages/urwid/__pycache__/text_layout.cpython-311.pyc
[  231s] Linking /home/abuild/rpmbuild/BUILDROOT/python-urwid-2.1.2-3.5.riscv64/usr/lib64/python3.11/site-packages/urwid/__pycache__/split_repr.cpython-311.opt-1.pyc -> /home/abuild/rpmbuild/BUILDROOT/python-urwid-2.1.2-3.5.riscv64/usr/lib64/python3.11/site-packages/urwid/__pycache__/split_repr.cpython-311.pyc
[  231s] Linking /home/abuild/rpmbuild/BUILDROOT/python-urwid-2.1.2-3.5.riscv64/usr/lib64/python3.11/site-packages/urwid/__pycache__/signals.cpython-311.opt-1.pyc -> /home/abuild/rpmbuild/BUILDROOT/python-urwid-2.1.2-3.5.riscv64/usr/lib64/python3.11/site-packages/urwid/__pycache__/signals.cpython-311.pyc
[  231s] Linking /home/abuild/rpmbuild/BUILDROOT/python-urwid-2.1.2-3.5.riscv64/usr/lib64/python3.11/site-packages/urwid/__pycache__/raw_display.cpython-311.opt-1.pyc -> /home/abuild/rpmbuild/BUILDROOT/python-urwid-2.1.2-3.5.riscv64/usr/lib64/python3.11/site-packages/urwid/__pycache__/raw_display.cpython-311.pyc
[  231s] Linking /home/abuild/rpmbuild/BUILDROOT/python-urwid-2.1.2-3.5.riscv64/usr/lib64/python3.11/site-packages/urwid/__pycache__/old_str_util.cpython-311.opt-1.pyc -> /home/abuild/rpmbuild/BUILDROOT/python-urwid-2.1.2-3.5.riscv64/usr/lib64/python3.11/site-packages/urwid/__pycache__/old_str_util.cpython-311.pyc
[  231s] Linking /home/abuild/rpmbuild/BUILDROOT/python-urwid-2.1.2-3.5.riscv64/usr/lib64/python3.11/site-packages/urwid/__pycache__/numedit.cpython-311.opt-1.pyc -> /home/abuild/rpmbuild/BUILDROOT/python-urwid-2.1.2-3.5.riscv64/usr/lib64/python3.11/site-packages/urwid/__pycache__/numedit.cpython-311.pyc
[  231s] Linking /home/abuild/rpmbuild/BUILDROOT/python-urwid-2.1.2-3.5.riscv64/usr/lib64/python3.11/site-packages/urwid/__pycache__/monitored_list.cpython-311.opt-1.pyc -> /home/abuild/rpmbuild/BUILDROOT/python-urwid-2.1.2-3.5.riscv64/usr/lib64/python3.11/site-packages/urwid/__pycache__/monitored_list.cpython-311.pyc
[  231s] Linking /home/abuild/rpmbuild/BUILDROOT/python-urwid-2.1.2-3.5.riscv64/usr/lib64/python3.11/site-packages/urwid/__pycache__/main_loop.cpython-311.opt-1.pyc -> /home/abuild/rpmbuild/BUILDROOT/python-urwid-2.1.2-3.5.riscv64/usr/lib64/python3.11/site-packages/urwid/__pycache__/main_loop.cpython-311.pyc
[  231s] Linking /home/abuild/rpmbuild/BUILDROOT/python-urwid-2.1.2-3.5.riscv64/usr/lib64/python3.11/site-packages/urwid/__pycache__/listbox.cpython-311.opt-1.pyc -> /home/abuild/rpmbuild/BUILDROOT/python-urwid-2.1.2-3.5.riscv64/usr/lib64/python3.11/site-packages/urwid/__pycache__/listbox.cpython-311.pyc
[  231s] Linking /home/abuild/rpmbuild/BUILDROOT/python-urwid-2.1.2-3.5.riscv64/usr/lib64/python3.11/site-packages/urwid/__pycache__/lcd_display.cpython-311.opt-1.pyc -> /home/abuild/rpmbuild/BUILDROOT/python-urwid-2.1.2-3.5.riscv64/usr/lib64/python3.11/site-packages/urwid/__pycache__/lcd_display.cpython-311.pyc
[  231s] Linking /home/abuild/rpmbuild/BUILDROOT/python-urwid-2.1.2-3.5.riscv64/usr/lib64/python3.11/site-packages/urwid/__pycache__/html_fragment.cpython-311.opt-1.pyc -> /home/abuild/rpmbuild/BUILDROOT/python-urwid-2.1.2-3.5.riscv64/usr/lib64/python3.11/site-packages/urwid/__pycache__/html_fragment.cpython-311.pyc
[  231s] Linking /home/abuild/rpmbuild/BUILDROOT/python-urwid-2.1.2-3.5.riscv64/usr/lib64/python3.11/site-packages/urwid/__pycache__/graphics.cpython-311.opt-1.pyc -> /home/abuild/rpmbuild/BUILDROOT/python-urwid-2.1.2-3.5.riscv64/usr/lib64/python3.11/site-packages/urwid/__pycache__/graphics.cpython-311.pyc
[  231s] Linking /home/abuild/rpmbuild/BUILDROOT/python-urwid-2.1.2-3.5.riscv64/usr/lib64/python3.11/site-packages/urwid/__pycache__/font.cpython-311.opt-1.pyc -> /home/abuild/rpmbuild/BUILDROOT/python-urwid-2.1.2-3.5.riscv64/usr/lib64/python3.11/site-packages/urwid/__pycache__/font.cpython-311.pyc
[  231s] Linking /home/abuild/rpmbuild/BUILDROOT/python-urwid-2.1.2-3.5.riscv64/usr/lib64/python3.11/site-packages/urwid/__pycache__/escape.cpython-311.opt-1.pyc -> /home/abuild/rpmbuild/BUILDROOT/python-urwid-2.1.2-3.5.riscv64/usr/lib64/python3.11/site-packages/urwid/__pycache__/escape.cpython-311.pyc
[  231s] Linking /home/abuild/rpmbuild/BUILDROOT/python-urwid-2.1.2-3.5.riscv64/usr/lib64/python3.11/site-packages/urwid/__pycache__/display_common.cpython-311.opt-1.pyc -> /home/abuild/rpmbuild/BUILDROOT/python-urwid-2.1.2-3.5.riscv64/usr/lib64/python3.11/site-packages/urwid/__pycache__/display_common.cpython-311.pyc
[  231s] Linking /home/abuild/rpmbuild/BUILDROOT/python-urwid-2.1.2-3.5.riscv64/usr/lib64/python3.11/site-packages/urwid/__pycache__/decoration.cpython-311.opt-1.pyc -> /home/abuild/rpmbuild/BUILDROOT/python-urwid-2.1.2-3.5.riscv64/usr/lib64/python3.11/site-packages/urwid/__pycache__/decoration.cpython-311.pyc
[  231s] Linking /home/abuild/rpmbuild/BUILDROOT/python-urwid-2.1.2-3.5.riscv64/usr/lib64/python3.11/site-packages/urwid/__pycache__/curses_display.cpython-311.opt-1.pyc -> /home/abuild/rpmbuild/BUILDROOT/python-urwid-2.1.2-3.5.riscv64/usr/lib64/python3.11/site-packages/urwid/__pycache__/curses_display.cpython-311.pyc
[  231s] Linking /home/abuild/rpmbuild/BUILDROOT/python-urwid-2.1.2-3.5.riscv64/usr/lib64/python3.11/site-packages/urwid/__pycache__/compat.cpython-311.opt-1.pyc -> /home/abuild/rpmbuild/BUILDROOT/python-urwid-2.1.2-3.5.riscv64/usr/lib64/python3.11/site-packages/urwid/__pycache__/compat.cpython-311.pyc
[  231s] Linking /home/abuild/rpmbuild/BUILDROOT/python-urwid-2.1.2-3.5.riscv64/usr/lib64/python3.11/site-packages/urwid/__pycache__/container.cpython-311.opt-1.pyc -> /home/abuild/rpmbuild/BUILDROOT/python-urwid-2.1.2-3.5.riscv64/usr/lib64/python3.11/site-packages/urwid/__pycache__/container.cpython-311.pyc
[  231s] Linking /home/abuild/rpmbuild/BUILDROOT/python-urwid-2.1.2-3.5.riscv64/usr/lib64/python3.11/site-packages/urwid/__pycache__/canvas.cpython-311.opt-1.pyc -> /home/abuild/rpmbuild/BUILDROOT/python-urwid-2.1.2-3.5.riscv64/usr/lib64/python3.11/site-packages/urwid/__pycache__/canvas.cpython-311.pyc
[  231s] Linking /home/abuild/rpmbuild/BUILDROOT/python-urwid-2.1.2-3.5.riscv64/usr/lib64/python3.11/site-packages/urwid/__pycache__/command_map.cpython-311.opt-1.pyc -> /home/abuild/rpmbuild/BUILDROOT/python-urwid-2.1.2-3.5.riscv64/usr/lib64/python3.11/site-packages/urwid/__pycache__/command_map.cpython-311.pyc
[  231s] Linking /home/abuild/rpmbuild/BUILDROOT/python-urwid-2.1.2-3.5.riscv64/usr/lib64/python3.11/site-packages/urwid/__pycache__/__init__.cpython-311.opt-1.pyc -> /home/abuild/rpmbuild/BUILDROOT/python-urwid-2.1.2-3.5.riscv64/usr/lib64/python3.11/site-packages/urwid/__pycache__/__init__.cpython-311.pyc
[  231s] Linking /home/abuild/rpmbuild/BUILDROOT/python-urwid-2.1.2-3.5.riscv64/usr/lib64/python3.11/site-packages/urwid/__pycache__/_async_kw_event_loop.cpython-311.opt-1.pyc -> /home/abuild/rpmbuild/BUILDROOT/python-urwid-2.1.2-3.5.riscv64/usr/lib64/python3.11/site-packages/urwid/__pycache__/_async_kw_event_loop.cpython-311.pyc
[  231s] Linking /home/abuild/rpmbuild/BUILDROOT/python-urwid-2.1.2-3.5.riscv64/usr/lib64/python3.11/site-packages/urwid/tests/__pycache__/util.cpython-311.opt-1.pyc -> /home/abuild/rpmbuild/BUILDROOT/python-urwid-2.1.2-3.5.riscv64/usr/lib64/python3.11/site-packages/urwid/tests/__pycache__/util.cpython-311.pyc
[  231s] Linking /home/abuild/rpmbuild/BUILDROOT/python-urwid-2.1.2-3.5.riscv64/usr/lib64/python3.11/site-packages/urwid/tests/__pycache__/test_widget.cpython-311.opt-1.pyc -> /home/abuild/rpmbuild/BUILDROOT/python-urwid-2.1.2-3.5.riscv64/usr/lib64/python3.11/site-packages/urwid/tests/__pycache__/test_widget.cpython-311.pyc
[  231s] Linking /home/abuild/rpmbuild/BUILDROOT/python-urwid-2.1.2-3.5.riscv64/usr/lib64/python3.11/site-packages/urwid/tests/__pycache__/test_vterm.cpython-311.opt-1.pyc -> /home/abuild/rpmbuild/BUILDROOT/python-urwid-2.1.2-3.5.riscv64/usr/lib64/python3.11/site-packages/urwid/tests/__pycache__/test_vterm.cpython-311.pyc
[  231s] Linking /home/abuild/rpmbuild/BUILDROOT/python-urwid-2.1.2-3.5.riscv64/usr/lib64/python3.11/site-packages/urwid/tests/__pycache__/test_util.cpython-311.opt-1.pyc -> /home/abuild/rpmbuild/BUILDROOT/python-urwid-2.1.2-3.5.riscv64/usr/lib64/python3.11/site-packages/urwid/tests/__pycache__/test_util.cpython-311.pyc
[  231s] Linking /home/abuild/rpmbuild/BUILDROOT/python-urwid-2.1.2-3.5.riscv64/usr/lib64/python3.11/site-packages/urwid/tests/__pycache__/test_str_util.cpython-311.opt-1.pyc -> /home/abuild/rpmbuild/BUILDROOT/python-urwid-2.1.2-3.5.riscv64/usr/lib64/python3.11/site-packages/urwid/tests/__pycache__/test_str_util.cpython-311.pyc
[  231s] Linking /home/abuild/rpmbuild/BUILDROOT/python-urwid-2.1.2-3.5.riscv64/usr/lib64/python3.11/site-packages/urwid/tests/__pycache__/test_listbox.cpython-311.opt-1.pyc -> /home/abuild/rpmbuild/BUILDROOT/python-urwid-2.1.2-3.5.riscv64/usr/lib64/python3.11/site-packages/urwid/tests/__pycache__/test_listbox.cpython-311.pyc
[  231s] Linking /home/abuild/rpmbuild/BUILDROOT/python-urwid-2.1.2-3.5.riscv64/usr/lib64/python3.11/site-packages/urwid/tests/__pycache__/test_graphics.cpython-311.opt-1.pyc -> /home/abuild/rpmbuild/BUILDROOT/python-urwid-2.1.2-3.5.riscv64/usr/lib64/python3.11/site-packages/urwid/tests/__pycache__/test_graphics.cpython-311.pyc
[  231s] Linking /home/abuild/rpmbuild/BUILDROOT/python-urwid-2.1.2-3.5.riscv64/usr/lib64/python3.11/site-packages/urwid/tests/__pycache__/test_text_layout.cpython-311.opt-1.pyc -> /home/abuild/rpmbuild/BUILDROOT/python-urwid-2.1.2-3.5.riscv64/usr/lib64/python3.11/site-packages/urwid/tests/__pycache__/test_text_layout.cpython-311.pyc
[  231s] Linking /home/abuild/rpmbuild/BUILDROOT/python-urwid-2.1.2-3.5.riscv64/usr/lib64/python3.11/site-packages/urwid/tests/__pycache__/test_escapes.cpython-311.opt-1.pyc -> /home/abuild/rpmbuild/BUILDROOT/python-urwid-2.1.2-3.5.riscv64/usr/lib64/python3.11/site-packages/urwid/tests/__pycache__/test_escapes.cpython-311.pyc
[  231s] Linking /home/abuild/rpmbuild/BUILDROOT/python-urwid-2.1.2-3.5.riscv64/usr/lib64/python3.11/site-packages/urwid/tests/__pycache__/test_doctests.cpython-311.opt-1.pyc -> /home/abuild/rpmbuild/BUILDROOT/python-urwid-2.1.2-3.5.riscv64/usr/lib64/python3.11/site-packages/urwid/tests/__pycache__/test_doctests.cpython-311.pyc
[  231s] Linking /home/abuild/rpmbuild/BUILDROOT/python-urwid-2.1.2-3.5.riscv64/usr/lib64/python3.11/site-packages/urwid/tests/__pycache__/test_decoration.cpython-311.opt-1.pyc -> /home/abuild/rpmbuild/BUILDROOT/python-urwid-2.1.2-3.5.riscv64/usr/lib64/python3.11/site-packages/urwid/tests/__pycache__/test_decoration.cpython-311.pyc
[  231s] Linking /home/abuild/rpmbuild/BUILDROOT/python-urwid-2.1.2-3.5.riscv64/usr/lib64/python3.11/site-packages/urwid/tests/__pycache__/test_event_loops.cpython-311.opt-1.pyc -> /home/abuild/rpmbuild/BUILDROOT/python-urwid-2.1.2-3.5.riscv64/usr/lib64/python3.11/site-packages/urwid/tests/__pycache__/test_event_loops.cpython-311.pyc
[  231s] Linking /home/abuild/rpmbuild/BUILDROOT/python-urwid-2.1.2-3.5.riscv64/usr/lib64/python3.11/site-packages/urwid/tests/__pycache__/test_canvas.cpython-311.opt-1.pyc -> /home/abuild/rpmbuild/BUILDROOT/python-urwid-2.1.2-3.5.riscv64/usr/lib64/python3.11/site-packages/urwid/tests/__pycache__/test_canvas.cpython-311.pyc
[  231s] Linking /home/abuild/rpmbuild/BUILDROOT/python-urwid-2.1.2-3.5.riscv64/usr/lib64/python3.11/site-packages/urwid/tests/__pycache__/__init__.cpython-311.opt-1.pyc -> /home/abuild/rpmbuild/BUILDROOT/python-urwid-2.1.2-3.5.riscv64/usr/lib64/python3.11/site-packages/urwid/tests/__pycache__/__init__.cpython-311.pyc
[  231s] Linking /home/abuild/rpmbuild/BUILDROOT/python-urwid-2.1.2-3.5.riscv64/usr/lib64/python3.11/site-packages/urwid/tests/__pycache__/test_container.cpython-311.opt-1.pyc -> /home/abuild/rpmbuild/BUILDROOT/python-urwid-2.1.2-3.5.riscv64/usr/lib64/python3.11/site-packages/urwid/tests/__pycache__/test_container.cpython-311.pyc
[  231s] ++ '[' -f _current_flavor ']'
[  231s] ++ cat _current_flavor
[  231s] + last_flavor=python311
[  231s] + '[' -z python311 ']'
[  231s] + '[' python311 '!=' python310 ']'
[  231s] + '[' -d build ']'
[  231s] + mv build _build.python311
[  231s] + '[' -d _build.python310 ']'
[  231s] + mv _build.python310 build
[  231s] + echo python310
[  231s] + python_flavor=python310
[  231s] + /usr/lib/rpm/fdupes_wrapper /home/abuild/rpmbuild/BUILDROOT/python-urwid-2.1.2-3.5.riscv64/usr/lib64/python3.10/site-packages
[  232s] Linking /home/abuild/rpmbuild/BUILDROOT/python-urwid-2.1.2-3.5.riscv64/usr/lib64/python3.10/site-packages/urwid-2.1.2-py3.10.egg-info/dependency_links.txt -> /home/abuild/rpmbuild/BUILDROOT/python-urwid-2.1.2-3.5.riscv64/usr/lib64/python3.10/site-packages/urwid-2.1.2-py3.10.egg-info/not-zip-safe
[  232s] Linking /home/abuild/rpmbuild/BUILDROOT/python-urwid-2.1.2-3.5.riscv64/usr/lib64/python3.10/site-packages/urwid/__pycache__/_async_kw_event_loop.cpython-310.opt-1.pyc -> /home/abuild/rpmbuild/BUILDROOT/python-urwid-2.1.2-3.5.riscv64/usr/lib64/python3.10/site-packages/urwid/__pycache__/_async_kw_event_loop.cpython-310.pyc
[  232s] Linking /home/abuild/rpmbuild/BUILDROOT/python-urwid-2.1.2-3.5.riscv64/usr/lib64/python3.10/site-packages/urwid/tests/__pycache__/test_widget.cpython-310.opt-1.pyc -> /home/abuild/rpmbuild/BUILDROOT/python-urwid-2.1.2-3.5.riscv64/usr/lib64/python3.10/site-packages/urwid/tests/__pycache__/test_widget.cpython-310.pyc
[  232s] Linking /home/abuild/rpmbuild/BUILDROOT/python-urwid-2.1.2-3.5.riscv64/usr/lib64/python3.10/site-packages/urwid/tests/__pycache__/test_util.cpython-310.opt-1.pyc -> /home/abuild/rpmbuild/BUILDROOT/python-urwid-2.1.2-3.5.riscv64/usr/lib64/python3.10/site-packages/urwid/tests/__pycache__/test_util.cpython-310.pyc
[  232s] Linking /home/abuild/rpmbuild/BUILDROOT/python-urwid-2.1.2-3.5.riscv64/usr/lib64/python3.10/site-packages/urwid/tests/__pycache__/test_str_util.cpython-310.opt-1.pyc -> /home/abuild/rpmbuild/BUILDROOT/python-urwid-2.1.2-3.5.riscv64/usr/lib64/python3.10/site-packages/urwid/tests/__pycache__/test_str_util.cpython-310.pyc
[  232s] Linking /home/abuild/rpmbuild/BUILDROOT/python-urwid-2.1.2-3.5.riscv64/usr/lib64/python3.10/site-packages/urwid/tests/__pycache__/test_listbox.cpython-310.opt-1.pyc -> /home/abuild/rpmbuild/BUILDROOT/python-urwid-2.1.2-3.5.riscv64/usr/lib64/python3.10/site-packages/urwid/tests/__pycache__/test_listbox.cpython-310.pyc
[  232s] Linking /home/abuild/rpmbuild/BUILDROOT/python-urwid-2.1.2-3.5.riscv64/usr/lib64/python3.10/site-packages/urwid/tests/__pycache__/test_graphics.cpython-310.opt-1.pyc -> /home/abuild/rpmbuild/BUILDROOT/python-urwid-2.1.2-3.5.riscv64/usr/lib64/python3.10/site-packages/urwid/tests/__pycache__/test_graphics.cpython-310.pyc
[  232s] Linking /home/abuild/rpmbuild/BUILDROOT/python-urwid-2.1.2-3.5.riscv64/usr/lib64/python3.10/site-packages/urwid/tests/__pycache__/test_text_layout.cpython-310.opt-1.pyc -> /home/abuild/rpmbuild/BUILDROOT/python-urwid-2.1.2-3.5.riscv64/usr/lib64/python3.10/site-packages/urwid/tests/__pycache__/test_text_layout.cpython-310.pyc
[  232s] Linking /home/abuild/rpmbuild/BUILDROOT/python-urwid-2.1.2-3.5.riscv64/usr/lib64/python3.10/site-packages/urwid/tests/__pycache__/test_escapes.cpython-310.opt-1.pyc -> /home/abuild/rpmbuild/BUILDROOT/python-urwid-2.1.2-3.5.riscv64/usr/lib64/python3.10/site-packages/urwid/tests/__pycache__/test_escapes.cpython-310.pyc
[  232s] Linking /home/abuild/rpmbuild/BUILDROOT/python-urwid-2.1.2-3.5.riscv64/usr/lib64/python3.10/site-packages/urwid/tests/__pycache__/test_doctests.cpython-310.opt-1.pyc -> /home/abuild/rpmbuild/BUILDROOT/python-urwid-2.1.2-3.5.riscv64/usr/lib64/python3.10/site-packages/urwid/tests/__pycache__/test_doctests.cpython-310.pyc
[  232s] Linking /home/abuild/rpmbuild/BUILDROOT/python-urwid-2.1.2-3.5.riscv64/usr/lib64/python3.10/site-packages/urwid/tests/__pycache__/test_decoration.cpython-310.opt-1.pyc -> /home/abuild/rpmbuild/BUILDROOT/python-urwid-2.1.2-3.5.riscv64/usr/lib64/python3.10/site-packages/urwid/tests/__pycache__/test_decoration.cpython-310.pyc
[  232s] Linking /home/abuild/rpmbuild/BUILDROOT/python-urwid-2.1.2-3.5.riscv64/usr/lib64/python3.10/site-packages/urwid/tests/__pycache__/test_event_loops.cpython-310.opt-1.pyc -> /home/abuild/rpmbuild/BUILDROOT/python-urwid-2.1.2-3.5.riscv64/usr/lib64/python3.10/site-packages/urwid/tests/__pycache__/test_event_loops.cpython-310.pyc
[  232s] Linking /home/abuild/rpmbuild/BUILDROOT/python-urwid-2.1.2-3.5.riscv64/usr/lib64/python3.10/site-packages/urwid/tests/__pycache__/test_canvas.cpython-310.opt-1.pyc -> /home/abuild/rpmbuild/BUILDROOT/python-urwid-2.1.2-3.5.riscv64/usr/lib64/python3.10/site-packages/urwid/tests/__pycache__/test_canvas.cpython-310.pyc
[  232s] Linking /home/abuild/rpmbuild/BUILDROOT/python-urwid-2.1.2-3.5.riscv64/usr/lib64/python3.10/site-packages/urwid/tests/__pycache__/__init__.cpython-310.opt-1.pyc -> /home/abuild/rpmbuild/BUILDROOT/python-urwid-2.1.2-3.5.riscv64/usr/lib64/python3.10/site-packages/urwid/tests/__pycache__/__init__.cpython-310.pyc
[  232s] + /usr/lib/rpm/find-debuginfo -j8 -n --run-dwz --dwz-low-mem-die-limit 10000000 --dwz-max-die-limit 50000000 -S debugsourcefiles.list /home/abuild/rpmbuild/BUILD/urwid-2.1.2
[  233s] extracting debug info from /home/abuild/rpmbuild/BUILDROOT/python-urwid-2.1.2-3.5.riscv64/usr/lib64/python3.10/site-packages/urwid/str_util.cpython-310-riscv64-linux-gnu.so
[  233s] extracting debug info from /home/abuild/rpmbuild/BUILDROOT/python-urwid-2.1.2-3.5.riscv64/usr/lib64/python3.11/site-packages/urwid/str_util.cpython-311-riscv64-linux-gnu.so
[  233s] extracting debug info from /home/abuild/rpmbuild/BUILDROOT/python-urwid-2.1.2-3.5.riscv64/usr/lib64/python3.9/site-packages/urwid/str_util.cpython-39-riscv64-linux-gnu.so
[  233s] extracting debug info from /home/abuild/rpmbuild/BUILDROOT/python-urwid-2.1.2-3.5.riscv64/usr/lib64/python3.8/site-packages/urwid/str_util.cpython-38-riscv64-linux-gnu.so
[  235s] original debug info size: 212kB, size after compression: 200kB
[  235s] /usr/lib/rpm/sepdebugcrcfix: Updated 4 CRC32s, 0 CRC32s did match.
[  235s] 44 blocks
[  236s] + /usr/lib/rpm/brp-compress
[  236s] + /usr/lib/rpm/brp-suse
[  236s] calling /usr/lib/rpm/brp-suse.d/brp-05-permissions
[  236s] calling /usr/lib/rpm/brp-suse.d/brp-15-strip-debug
[  236s] calling /usr/lib/rpm/brp-suse.d/brp-25-symlink
[  237s] calling /usr/lib/rpm/brp-suse.d/brp-50-generate-fips-hmac
[  237s] calling /usr/lib/rpm/brp-suse.d/brp-75-ar
[  237s] Executing(%check): /usr/bin/bash -e /var/tmp/rpm-tmp.EGtfUU
[  237s] + umask 022
[  237s] + cd /home/abuild/rpmbuild/BUILD
[  237s] + cd urwid-2.1.2
[  237s] + rm -f urwid/tests/test_vterm.py
[  237s] + cp _build.python311/lib.linux-riscv64-cpython-311/urwid/str_util.cpython-311-riscv64-linux-gnu.so _build.python38/lib.linux-riscv64-cpython-38/urwid/str_util.cpython-38-riscv64-linux-gnu.so _build.python39/lib.linux-riscv64-cpython-39/urwid/str_util.cpython-39-riscv64-linux-gnu.so build/lib.linux-riscv64-cpython-310/urwid/str_util.cpython-310-riscv64-linux-gnu.so urwid
[  237s] + set +x
[  238s] + export PATH=/home/abuild/rpmbuild/BUILD/urwid-2.1.2/build/flavorbin:/usr/local/bin:/usr/bin:/bin
[  238s] + PATH=/home/abuild/rpmbuild/BUILD/urwid-2.1.2/build/flavorbin:/usr/local/bin:/usr/bin:/bin
[  238s] ++ '[' -f _current_flavor ']'
[  238s] ++ cat _current_flavor
[  238s] + last_flavor=python310
[  238s] + '[' -z python310 ']'
[  238s] + '[' python310 '!=' python38 ']'
[  238s] + '[' -d build ']'
[  238s] + mv build _build.python310
[  238s] + '[' -d _build.python38 ']'
[  238s] + mv _build.python38 build
[  238s] + echo python38
[  238s] + python_flavor=python38
[  238s] + PYTHONPATH=/home/abuild/rpmbuild/BUILDROOT/python-urwid-2.1.2-3.5.riscv64/usr/lib/python3.8/site-packages
[  238s] + PYTHONDONTWRITEBYTECODE=1
[  238s] + python3.8 -m unittest discover -v
[  243s] test1 (urwid.tests.test_canvas.CanvasCacheTest) ... ok
[  243s] test (urwid.tests.test_canvas.CanvasJoinTest) ... ok
[  243s] test1 (urwid.tests.test_canvas.CanvasOverlayTest) ... ok
[  243s] test2 (urwid.tests.test_canvas.CanvasOverlayTest) ... ok
[  243s] test3 (urwid.tests.test_canvas.CanvasOverlayTest) ... ok
[  243s] test1 (urwid.tests.test_canvas.CanvasPadTrimTest) ... ok
[  243s] test2 (urwid.tests.test_canvas.CanvasPadTrimTest) ... ok
[  243s] test1 (urwid.tests.test_canvas.CanvasTest) ... ok
[  243s] test2 (urwid.tests.test_canvas.CanvasTest) ... ok
[  243s] test1 (urwid.tests.test_canvas.ShardBodyTest) ... ok
[  243s] test2 (urwid.tests.test_canvas.ShardBodyTest) ... ok
[  243s] test3 (urwid.tests.test_canvas.ShardBodyTest) ... ok
[  243s] test (urwid.tests.test_canvas.ShardsJoinTest) ... ok
[  243s] test1 (urwid.tests.test_canvas.ShardsTrimTest) ... ok
[  243s] test2 (urwid.tests.test_canvas.ShardsTrimTest) ... ok
[  243s] test_box_column (urwid.tests.test_container.ColumnsTest) ... ok
[  243s] test_init_with_a_generator (urwid.tests.test_container.ColumnsTest) ... ok
[  243s] test_move_cursor (urwid.tests.test_container.ColumnsTest) ... ok
[  243s] test_old_attributes (urwid.tests.test_container.ColumnsTest) ... ok
[  243s] test_widths (urwid.tests.test_container.ColumnsTest) ... ok
[  243s] test_widths_focus_end (urwid.tests.test_container.ColumnsTest) ... ok
[  243s] test_columns (urwid.tests.test_container.CommonContainerTest) ... ok
[  243s] test_focus_path (urwid.tests.test_container.CommonContainerTest) ... ok
[  243s] test_frame (urwid.tests.test_container.CommonContainerTest) ... ok
[  243s] test_grid_flow (urwid.tests.test_container.CommonContainerTest) ... ok
[  243s] test_list_box (urwid.tests.test_container.CommonContainerTest) ... ok
[  243s] test_overlay (urwid.tests.test_container.CommonContainerTest) ... ok
[  243s] test_pile (urwid.tests.test_container.CommonContainerTest) ... ok
[  243s] test (urwid.tests.test_container.FrameTest) ... ok
[  243s] test_basics (urwid.tests.test_container.GridFlowTest) ... ok
[  243s] test_cell_width (urwid.tests.test_container.GridFlowTest) ... ok
[  243s] test_keypress_v_sep_0 (urwid.tests.test_container.GridFlowTest)
[  243s] Ensure proper keypress handling when v_sep is 0. ... ok
[  243s] test_v_sep (urwid.tests.test_container.GridFlowTest) ... ok
[  243s] test_get_cursor_coords (urwid.tests.test_container.OverlayTest) ... ok
[  243s] test_old_params (urwid.tests.test_container.OverlayTest) ... ok
[  243s] test_change_focus_with_mouse (urwid.tests.test_container.PileTest) ... ok
[  243s] test_init_with_a_generator (urwid.tests.test_container.PileTest) ... ok
[  243s] test_mouse_event_in_empty_pile (urwid.tests.test_container.PileTest) ... ok
[  243s] test_select_change (urwid.tests.test_container.PileTest) ... ok
[  243s] test_zero_weight (urwid.tests.test_container.PileTest) ... ok
[  243s] test_bargraph (urwid.tests.test_container.WidgetSquishTest) ... ok
[  243s] test_buttons (urwid.tests.test_container.WidgetSquishTest) ... ok
[  243s] test_columns (urwid.tests.test_container.WidgetSquishTest) ... ok
[  243s] test_filler (urwid.tests.test_container.WidgetSquishTest) ... ok
[  243s] test_frame (urwid.tests.test_container.WidgetSquishTest) ... ok
[  243s] test_graphvscale (urwid.tests.test_container.WidgetSquishTest) ... ok
[  243s] test_listbox (urwid.tests.test_container.WidgetSquishTest) ... ok
[  243s] test_overlay (urwid.tests.test_container.WidgetSquishTest) ... ok
[  243s] test_pile (urwid.tests.test_container.WidgetSquishTest) ... ok
[  243s] test_solidfill (urwid.tests.test_container.WidgetSquishTest) ... ok
[  243s] test_create (urwid.tests.test_decoration.FillerTest) ... ok
[  243s] test_repr (urwid.tests.test_decoration.FillerTest) ... ok
[  243s] test_values (urwid.tests.test_decoration.FillerTest) ... ok
[  243s] test_create (urwid.tests.test_decoration.PaddingTest) ... ok
[  243s] test_cursor (urwid.tests.test_decoration.PaddingTest) ... ok
[  243s] test_reduced_padding_cursor (urwid.tests.test_decoration.PaddingTest) ... ok
[  243s] test_values (urwid.tests.test_decoration.PaddingTest) ... ok
[  243s] __init__ (urwid.widget.Divider)
[  243s] Doctest: urwid.widget.Divider.__init__ ... ok
[  243s] render (urwid.widget.Divider)
[  243s] Doctest: urwid.widget.Divider.render ... ok
[  243s] rows (urwid.widget.Divider)
[  243s] Doctest: urwid.widget.Divider.rows ... ok
[  243s] __init__ (urwid.widget.Edit)
[  243s] Doctest: urwid.widget.Edit.__init__ ... ok
[  243s] get_cursor_coords (urwid.widget.Edit)
[  243s] Doctest: urwid.widget.Edit.get_cursor_coords ... ok
[  243s] get_edit_text (urwid.widget.Edit)
[  243s] Doctest: urwid.widget.Edit.get_edit_text ... ok
[  243s] get_pref_col (urwid.widget.Edit)
[  243s] Doctest: urwid.widget.Edit.get_pref_col ... ok
[  243s] get_text (urwid.widget.Edit)
[  243s] Doctest: urwid.widget.Edit.get_text ... ok
[  243s] insert_text (urwid.widget.Edit)
[  243s] Doctest: urwid.widget.Edit.insert_text ... ok
[  243s] keypress (urwid.widget.Edit)
[  243s] Doctest: urwid.widget.Edit.keypress ... ok
[  243s] mouse_event (urwid.widget.Edit)
[  243s] Doctest: urwid.widget.Edit.mouse_event ... ok
[  243s] move_cursor_to_coords (urwid.widget.Edit)
[  243s] Doctest: urwid.widget.Edit.move_cursor_to_coords ... ok
[  243s] render (urwid.widget.Edit)
[  243s] Doctest: urwid.widget.Edit.render ... ok
[  243s] set_caption (urwid.widget.Edit)
[  243s] Doctest: urwid.widget.Edit.set_caption ... ok
[  243s] set_edit_pos (urwid.widget.Edit)
[  243s] Doctest: urwid.widget.Edit.set_edit_pos ... ok
[  243s] set_edit_text (urwid.widget.Edit)
[  243s] Doctest: urwid.widget.Edit.set_edit_text ... ok
[  243s] set_text (urwid.widget.Edit)
[  243s] Doctest: urwid.widget.Edit.set_text ... ok
[  243s] update_text (urwid.widget.Edit)
[  243s] Doctest: urwid.widget.Edit.update_text ... ok
[  243s] __init__ (urwid.widget.IntEdit)
[  243s] Doctest: urwid.widget.IntEdit.__init__ ... ok
[  243s] keypress (urwid.widget.IntEdit)
[  243s] Doctest: urwid.widget.IntEdit.keypress ... ok
[  243s] value (urwid.widget.IntEdit)
[  243s] Doctest: urwid.widget.IntEdit.value ... ok
[  243s] __init__ (urwid.widget.SolidFill)
[  243s] Doctest: urwid.widget.SolidFill.__init__ ... ok
[  243s] render (urwid.widget.SolidFill)
[  243s] Doctest: urwid.widget.SolidFill.render ... ok
[  243s] __init__ (urwid.widget.Text)
[  243s] Doctest: urwid.widget.Text.__init__ ... ok
[  243s] get_text (urwid.widget.Text)
[  243s] Doctest: urwid.widget.Text.get_text ... ok
[  243s] pack (urwid.widget.Text)
[  243s] Doctest: urwid.widget.Text.pack ... ok
[  243s] render (urwid.widget.Text)
[  243s] Doctest: urwid.widget.Text.render ... ok
[  243s] rows (urwid.widget.Text)
[  243s] Doctest: urwid.widget.Text.rows ... ok
[  243s] set_align_mode (urwid.widget.Text)
[  243s] Doctest: urwid.widget.Text.set_align_mode ... ok
[  243s] set_layout (urwid.widget.Text)
[  243s] Doctest: urwid.widget.Text.set_layout ... ok
[  243s] set_text (urwid.widget.Text)
[  243s] Doctest: urwid.widget.Text.set_text ... ok
[  243s] set_wrap_mode (urwid.widget.Text)
[  243s] Doctest: urwid.widget.Text.set_wrap_mode ... ok
[  243s] _set_w (urwid.widget.WidgetWrap)
[  243s] Doctest: urwid.widget.WidgetWrap._set_w ... ok
[  243s] __init__ (urwid.wimp.Button)
[  243s] Doctest: urwid.wimp.Button.__init__ ... ok
[  243s] get_label (urwid.wimp.Button)
[  243s] Doctest: urwid.wimp.Button.get_label ... ok
[  243s] keypress (urwid.wimp.Button)
[  244s] Doctest: urwid.wimp.Button.keypress ... ok
[  244s] label (urwid.wimp.Button)
[  244s] Doctest: urwid.wimp.Button.label ... ok
[  244s] mouse_event (urwid.wimp.Button)
[  244s] Doctest: urwid.wimp.Button.mouse_event ... ok
[  244s] set_label (urwid.wimp.Button)
[  244s] Doctest: urwid.wimp.Button.set_label ... ok
[  244s] __init__ (urwid.wimp.CheckBox)
[  244s] Doctest: urwid.wimp.CheckBox.__init__ ... ok
[  244s] get_label (urwid.wimp.CheckBox)
[  244s] Doctest: urwid.wimp.CheckBox.get_label ... ok
[  244s] keypress (urwid.wimp.CheckBox)
[  244s] Doctest: urwid.wimp.CheckBox.keypress ... ok
[  244s] label (urwid.wimp.CheckBox)
[  244s] Doctest: urwid.wimp.CheckBox.label ... ok
[  244s] mouse_event (urwid.wimp.CheckBox)
[  244s] Doctest: urwid.wimp.CheckBox.mouse_event ... ok
[  244s] set_label (urwid.wimp.CheckBox)
[  244s] Doctest: urwid.wimp.CheckBox.set_label ... ok
[  244s] set_state (urwid.wimp.CheckBox)
[  244s] Doctest: urwid.wimp.CheckBox.set_state ... ok
[  244s] toggle_state (urwid.wimp.CheckBox)
[  244s] Doctest: urwid.wimp.CheckBox.toggle_state ... ok
[  244s] __init__ (urwid.wimp.RadioButton)
[  244s] Doctest: urwid.wimp.RadioButton.__init__ ... ok
[  244s] set_state (urwid.wimp.RadioButton)
[  244s] Doctest: urwid.wimp.RadioButton.set_state ... ok
[  244s] toggle_state (urwid.wimp.RadioButton)
[  244s] Doctest: urwid.wimp.RadioButton.toggle_state ... ok
[  244s] render (urwid.wimp.SelectableIcon)
[  244s] Doctest: urwid.wimp.SelectableIcon.render ... ok
[  244s] __init__ (urwid.decoration.AttrMap)
[  244s] Doctest: urwid.decoration.AttrMap.__init__ ... ok
[  244s] set_attr_map (urwid.decoration.AttrMap)
[  244s] Doctest: urwid.decoration.AttrMap.set_attr_map ... ok
[  244s] set_focus_map (urwid.decoration.AttrMap)
[  244s] Doctest: urwid.decoration.AttrMap.set_focus_map ... ok
[  244s] __init__ (urwid.decoration.AttrWrap)
[  244s] Doctest: urwid.decoration.AttrWrap.__init__ ... ok
[  244s] __init__ (urwid.decoration.BoxAdapter)
[  244s] Doctest: urwid.decoration.BoxAdapter.__init__ ... ok
[  244s] rows (urwid.decoration.BoxAdapter)
[  244s] Doctest: urwid.decoration.BoxAdapter.rows ... ok
[  244s] __init__ (urwid.decoration.Padding)
[  244s] Doctest: urwid.decoration.Padding.__init__ ... ok
[  244s] WidgetDecoration (urwid.decoration)
[  244s] Doctest: urwid.decoration.WidgetDecoration ... ok
[  244s] _get_base_widget (urwid.decoration.WidgetDecoration)
[  244s] Doctest: urwid.decoration.WidgetDecoration._get_base_widget ... ok
[  244s] base_widget (urwid.decoration.WidgetDecoration)
[  244s] Doctest: urwid.decoration.WidgetDecoration.base_widget ... ok
[  244s] calculate_left_right_padding (urwid.decoration)
[  244s] Doctest: urwid.decoration.calculate_left_right_padding ... ok
[  244s] calculate_top_bottom_filler (urwid.decoration)
[  244s] Doctest: urwid.decoration.calculate_top_bottom_filler ... ok
[  244s] __init__ (urwid.display_common.AttrSpec)
[  244s] Doctest: urwid.display_common.AttrSpec.__init__ ... ok
[  244s] get_rgb_values (urwid.display_common.AttrSpec)
[  244s] Doctest: urwid.display_common.AttrSpec.get_rgb_values ... ok
[  244s] _color_desc_256 (urwid.display_common)
[  244s] Doctest: urwid.display_common._color_desc_256 ... ok
[  244s] _color_desc_88 (urwid.display_common)
[  244s] Doctest: urwid.display_common._color_desc_88 ... ok
[  244s] _parse_color_256 (urwid.display_common)
[  244s] Doctest: urwid.display_common._parse_color_256 ... ok
[  244s] _parse_color_88 (urwid.display_common)
[  244s] Doctest: urwid.display_common._parse_color_88 ... ok
[  244s] _value_lookup_table (urwid.display_common)
[  244s] Doctest: urwid.display_common._value_lookup_table ... ok
[  244s] _test_process_input (urwid.main_loop.MainLoop)
[  244s] Doctest: urwid.main_loop.MainLoop._test_process_input ... ok
[  244s] _test_run (urwid.main_loop.MainLoop)
[  244s] Doctest: urwid.main_loop.MainLoop._test_run ... ok
[  244s] _test_run_screen_event_loop (urwid.main_loop.MainLoop)
[  244s] Doctest: urwid.main_loop.MainLoop._test_run_screen_event_loop ... ok
[  244s] _update (urwid.main_loop.MainLoop)
[  244s] Doctest: urwid.main_loop.MainLoop._update ... ok
[  244s] _refl (urwid.main_loop)
[  244s] Doctest: urwid.main_loop._refl ... ok
[  244s] __init__ (urwid.numedit.FloatEdit)
[  244s] Doctest: urwid.numedit.FloatEdit.__init__ ... ok
[  244s] __init__ (urwid.numedit.IntegerEdit)
[  244s] Doctest: urwid.numedit.IntegerEdit.__init__ ... ok
[  244s] value (urwid.numedit.IntegerEdit)
[  244s] Doctest: urwid.numedit.IntegerEdit.value ... ok
[  244s] keypress (urwid.numedit.NumEdit)
[  244s] Doctest: urwid.numedit.NumEdit.keypress ... ok
[  244s] __delitem__ (urwid.monitored_list.MonitoredFocusList)
[  244s] Doctest: urwid.monitored_list.MonitoredFocusList.__delitem__ ... ok
[  244s] __imul__ (urwid.monitored_list.MonitoredFocusList)
[  244s] Doctest: urwid.monitored_list.MonitoredFocusList.__imul__ ... ok
[  244s] __init__ (urwid.monitored_list.MonitoredFocusList)
[  244s] Doctest: urwid.monitored_list.MonitoredFocusList.__init__ ... ok
[  244s] __setitem__ (urwid.monitored_list.MonitoredFocusList)
[  244s] Doctest: urwid.monitored_list.MonitoredFocusList.__setitem__ ... ok
[  244s] _get_focus (urwid.monitored_list.MonitoredFocusList)
[  244s] Doctest: urwid.monitored_list.MonitoredFocusList._get_focus ... ok
[  244s] _set_focus (urwid.monitored_list.MonitoredFocusList)
[  244s] Doctest: urwid.monitored_list.MonitoredFocusList._set_focus ... ok
[  244s] append (urwid.monitored_list.MonitoredFocusList)
[  244s] Doctest: urwid.monitored_list.MonitoredFocusList.append ... ok
[  244s] extend (urwid.monitored_list.MonitoredFocusList)
[  244s] Doctest: urwid.monitored_list.MonitoredFocusList.extend ... ok
[  244s] insert (urwid.monitored_list.MonitoredFocusList)
[  244s] Doctest: urwid.monitored_list.MonitoredFocusList.insert ... ok
[  244s] pop (urwid.monitored_list.MonitoredFocusList)
[  244s] Doctest: urwid.monitored_list.MonitoredFocusList.pop ... ok
[  244s] remove (urwid.monitored_list.MonitoredFocusList)
[  244s] Doctest: urwid.monitored_list.MonitoredFocusList.remove ... ok
[  244s] reverse (urwid.monitored_list.MonitoredFocusList)
[  244s] Doctest: urwid.monitored_list.MonitoredFocusList.reverse ... ok
[  244s] set_focus_changed_callback (urwid.monitored_list.MonitoredFocusList)
[  244s] Doctest: urwid.monitored_list.MonitoredFocusList.set_focus_changed_callback ... ok
[  244s] sort (urwid.monitored_list.MonitoredFocusList)
[  244s] Doctest: urwid.monitored_list.MonitoredFocusList.sort ... ok
[  244s] set_modified_callback (urwid.monitored_list.MonitoredList)
[  244s] Doctest: urwid.monitored_list.MonitoredList.set_modified_callback ... ok
[  244s] _attrspec_to_escape (urwid.raw_display.Screen)
[  244s] Doctest: urwid.raw_display.Screen._attrspec_to_escape ... ok
[  244s] normalize_repr (urwid.split_repr)
[  244s] Doctest: urwid.split_repr.normalize_repr ... ok
[  244s] python3_repr (urwid.split_repr)
[  244s] Doctest: urwid.split_repr.python3_repr ... ok
[  244s] remove_defaults (urwid.split_repr)
[  244s] Doctest: urwid.split_repr.remove_defaults ... ok
[  244s] split_repr (urwid.split_repr)
[  244s] Doctest: urwid.split_repr.split_repr ... ok
[  244s] int_scale (urwid.util)
[  244s] Doctest: urwid.util.int_scale ... ok
[  244s] connect (urwid.signals.Signals)
[  244s] Doctest: urwid.signals.Signals.connect ... Exception ignored in: <function Signals.connect.<locals>.weakref_callback at 0x4004a50e50>
[  244s] Traceback (most recent call last):
[  244s]   File "/home/abuild/rpmbuild/BUILD/urwid-2.1.2/urwid/signals.py", line 177, in weakref_callback
[  244s]     del getattr(o, self._signal_attr, {})[name][key]
[  244s] TypeError: list indices must be integers or slices, not Key
[  244s] ok
[  244s] connect_signal (urwid.signals)
[  244s] Doctest: urwid.signals.connect_signal ... Exception ignored in: <function Signals.connect.<locals>.weakref_callback at 0x4004a50ca0>
[  244s] Traceback (most recent call last):
[  244s]   File "/home/abuild/rpmbuild/BUILD/urwid-2.1.2/urwid/signals.py", line 177, in weakref_callback
[  244s]     del getattr(o, self._signal_attr, {})[name][key]
[  244s] TypeError: list indices must be integers or slices, not Key
[  244s] ok
[  244s] __init__ (urwid.graphics.ProgressBar)
[  245s] Doctest: urwid.graphics.ProgressBar.__init__ ... ok
[  245s] test_bare_escape (urwid.tests.test_escapes.InputEscapeSequenceParserTest) ... ok
[  245s] test_bug_104 (urwid.tests.test_escapes.InputEscapeSequenceParserTest)
[  245s] GH #104: click-Esc & Esc-click crashes urwid apps ... ok
[  245s] test_ctrl_pgup (urwid.tests.test_escapes.InputEscapeSequenceParserTest) ... ok
[  245s] test_esc_meta_1 (urwid.tests.test_escapes.InputEscapeSequenceParserTest) ... ok
[  245s] test_meta (urwid.tests.test_escapes.InputEscapeSequenceParserTest) ... ok
[  245s] test_midsequence (urwid.tests.test_escapes.InputEscapeSequenceParserTest) ... ok
[  245s] test_mouse_press (urwid.tests.test_escapes.InputEscapeSequenceParserTest) ... ok
[  245s] test_shift_arrows (urwid.tests.test_escapes.InputEscapeSequenceParserTest) ... ok
[  245s] test_coroutine_error (urwid.tests.test_event_loops.AsyncioEventLoopTest) ... /home/abuild/rpmbuild/BUILD/urwid-2.1.2/urwid/tests/test_event_loops.py:208: DeprecationWarning: "@coroutine" decorator is deprecated since Python 3.8, use "async def" instead
[  245s]   def error_coro():
[  245s] ok
[  245s] test_error (urwid.tests.test_event_loops.AsyncioEventLoopTest) ... ok
[  245s] test_event_loop (urwid.tests.test_event_loops.AsyncioEventLoopTest) ... ok
[  245s] test_remove_alarm (urwid.tests.test_event_loops.AsyncioEventLoopTest) ... ok
[  245s] test_remove_watch_file (urwid.tests.test_event_loops.AsyncioEventLoopTest) ... ok
[  245s] test_run (urwid.tests.test_event_loops.AsyncioEventLoopTest) ... ok
[  245s] test_event_loop (urwid.tests.test_event_loops.SelectEventLoopTest) ... ok
[  245s] test_remove_alarm (urwid.tests.test_event_loops.SelectEventLoopTest) ... ok
[  245s] test_remove_watch_file (urwid.tests.test_event_loops.SelectEventLoopTest) ... ok
[  245s] test_run (urwid.tests.test_event_loops.SelectEventLoopTest) ... ok
[  245s] test1 (urwid.tests.test_graphics.BarGraphTest) ... ok
[  245s] test2 (urwid.tests.test_graphics.BarGraphTest) ... ok
[  245s] test_linebox_border (urwid.tests.test_graphics.LineBoxTest) ... ok
[  245s] test_linebox_pack (urwid.tests.test_graphics.LineBoxTest) ... ok
[  245s] test1 (urwid.tests.test_graphics.SmoothBarGraphTest) ... ok
[  245s] test1_simple (urwid.tests.test_listbox.ListBoxCalculateVisibleTest) ... ok
[  245s] test2_cursor (urwid.tests.test_listbox.ListBoxCalculateVisibleTest) ... ok
[  245s] test1unselectable (urwid.tests.test_listbox.ListBoxChangeFocusTest) ... ok
[  245s] test2selectable (urwid.tests.test_listbox.ListBoxChangeFocusTest) ... ok
[  245s] test3large_selectable (urwid.tests.test_listbox.ListBoxChangeFocusTest) ... ok
[  245s] test4cursor (urwid.tests.test_listbox.ListBoxChangeFocusTest) ... ok
[  245s] test5set_focus_valign (urwid.tests.test_listbox.ListBoxChangeFocusTest) ... ok
[  245s] test1_up (urwid.tests.test_listbox.ListBoxKeypressTest) ... ok
[  245s] test2_down (urwid.tests.test_listbox.ListBoxKeypressTest) ... ok
[  245s] test3_page_up (urwid.tests.test_listbox.ListBoxKeypressTest) ... ok
[  246s] test4_page_down (urwid.tests.test_listbox.ListBoxKeypressTest) ... ok
[  246s] test1_simple (urwid.tests.test_listbox.ListBoxRenderTest) ... ok
[  246s] test2_trim (urwid.tests.test_listbox.ListBoxRenderTest) ... ok
[  246s] test3_shift (urwid.tests.test_listbox.ListBoxRenderTest) ... ok
[  246s] test4_really_large_contents (urwid.tests.test_listbox.ListBoxRenderTest) ... ok
[  246s] test_listbox_pile (urwid.tests.test_listbox.ZeroHeightContentsTest) ... ok
[  246s] test_listbox_text_pile_down (urwid.tests.test_listbox.ZeroHeightContentsTest) ... ok
[  246s] test_listbox_text_pile_page_down (urwid.tests.test_listbox.ZeroHeightContentsTest) ... ok
[  246s] test_listbox_text_pile_page_up (urwid.tests.test_listbox.ZeroHeightContentsTest) ... ok
[  246s] test_listbox_text_pile_up (urwid.tests.test_listbox.ZeroHeightContentsTest) ... ok
[  246s] test1byte (urwid.tests.test_str_util.DecodeOneTest) ... ok
[  246s] test2byte (urwid.tests.test_str_util.DecodeOneTest) ... ok
[  246s] test3byte (urwid.tests.test_str_util.DecodeOneTest) ... ok
[  246s] test4byte (urwid.tests.test_str_util.DecodeOneTest) ... ok
[  246s] test (urwid.tests.test_text_layout.CalcBreaksCantDisplayTest) ... ok
[  246s] test (urwid.tests.test_text_layout.CalcBreaksCharTest) ... ok
[  246s] test (urwid.tests.test_text_layout.CalcBreaksDBCharTest) ... ok
[  246s] test (urwid.tests.test_text_layout.CalcBreaksDBWordTest) ... ok
[  246s] test (urwid.tests.test_text_layout.CalcBreaksUTF8Test) ... ok
[  246s] test (urwid.tests.test_text_layout.CalcBreaksWordTest) ... ok
[  246s] test (urwid.tests.test_text_layout.CalcBreaksWordTest2) ... ok
[  246s] tests (urwid.tests.test_text_layout.CalcPosTest) ... ok
[  246s] test1_left (urwid.tests.test_text_layout.CalcTranslateCantDisplayTest) ... ok
[  246s] test2_right (urwid.tests.test_text_layout.CalcTranslateCantDisplayTest) ... ok
[  246s] test3_center (urwid.tests.test_text_layout.CalcTranslateCantDisplayTest) ... ok
[  246s] test1_left (urwid.tests.test_text_layout.CalcTranslateCharTest) ... ok
[  246s] test2_right (urwid.tests.test_text_layout.CalcTranslateCharTest) ... ok
[  246s] test3_center (urwid.tests.test_text_layout.CalcTranslateCharTest) ... ok
[  246s] test1_left (urwid.tests.test_text_layout.CalcTranslateClipTest) ... ok
[  246s] test2_right (urwid.tests.test_text_layout.CalcTranslateClipTest) ... ok
[  246s] test3_center (urwid.tests.test_text_layout.CalcTranslateClipTest) ... ok
[  246s] test1_left (urwid.tests.test_text_layout.CalcTranslateWordTest) ... ok
[  246s] test2_right (urwid.tests.test_text_layout.CalcTranslateWordTest) ... ok
[  246s] test3_center (urwid.tests.test_text_layout.CalcTranslateWordTest) ... ok
[  246s] test1_left (urwid.tests.test_text_layout.CalcTranslateWordTest2) ... ok
[  246s] test2_right (urwid.tests.test_text_layout.CalcTranslateWordTest2) ... ok
[  246s] test3_center (urwid.tests.test_text_layout.CalcTranslateWordTest2) ... ok
[  246s] test1_left (urwid.tests.test_text_layout.CalcTranslateWordTest3) ... ok
[  246s] test2_right (urwid.tests.test_text_layout.CalcTranslateWordTest3) ... ok
[  246s] test3_center (urwid.tests.test_text_layout.CalcTranslateWordTest3) ... ok
[  246s] test1_left (urwid.tests.test_text_layout.CalcTranslateWordTest4) ... ok
[  246s] test2_right (urwid.tests.test_text_layout.CalcTranslateWordTest4) ... ok
[  246s] test3_center (urwid.tests.test_text_layout.CalcTranslateWordTest4) ... ok
[  246s] test1_left (urwid.tests.test_text_layout.CalcTranslateWordTest5) ... ok
[  246s] test2_right (urwid.tests.test_text_layout.CalcTranslateWordTest5) ... ok
[  246s] test3_center (urwid.tests.test_text_layout.CalcTranslateWordTest5) ... ok
[  246s] test (urwid.tests.test_text_layout.Pos2CoordsTest) ... ok
[  246s] test1_padding (urwid.tests.test_text_layout.SubsegTest) ... ok
[  246s] test2_text (urwid.tests.test_text_layout.SubsegTest) ... ok
[  246s] test3_range (urwid.tests.test_text_layout.SubsegTest) ... ok
[  246s] test1 (urwid.tests.test_util.CalcTextPosTest) ... ok
[  246s] test2_wide (urwid.tests.test_util.CalcTextPosTest) ... ok
[  246s] test3_utf8 (urwid.tests.test_util.CalcTextPosTest) ... ok
[  246s] test4_utf8 (urwid.tests.test_util.CalcTextPosTest) ... ok
[  246s] test1 (urwid.tests.test_util.CalcWidthTest) ... ok
[  246s] test2 (urwid.tests.test_util.CalcWidthTest) ... ok
[  246s] test1 (urwid.tests.test_util.ConvertDecSpecialTest) ... ok
[  246s] test_locale (urwid.tests.test_util.PortabilityTest) ... ok
[  246s] test_rle_append (urwid.tests.test_util.RleTest) ... ok
[  246s] test_rle_prepend (urwid.tests.test_util.RleTest) ... ok
[  246s] test (urwid.tests.test_util.TagMarkupTest) ... ok
[  246s] test_bad_tuple (urwid.tests.test_util.TagMarkupTest) ... ok
[  246s] test_bad_type (urwid.tests.test_util.TagMarkupTest) ... ok
[  246s] test1 (urwid.tests.test_util.WithinDoubleByteTest) ... ok
[  246s] test2 (urwid.tests.test_util.WithinDoubleByteTest) ... ok
[  246s] test3 (urwid.tests.test_util.WithinDoubleByteTest) ... ok
[  246s] test1_SpaceWrap (urwid.tests.test_widget.EditRenderTest) ... ok
[  246s] test2_ClipWrap (urwid.tests.test_widget.EditRenderTest) ... ok
[  246s] test3_AnyWrap (urwid.tests.test_widget.EditRenderTest) ... ok
[  246s] test4_CursorNudge (urwid.tests.test_widget.EditRenderTest) ... ok
[  246s] test1_left (urwid.tests.test_widget.EditTest) ... ok
[  246s] test2_right (urwid.tests.test_widget.EditTest) ... ok
[  246s] test3_up (urwid.tests.test_widget.EditTest) ... ok
[  246s] test4_down (urwid.tests.test_widget.EditTest) ... ok
[  246s] test_utf8_input (urwid.tests.test_widget.EditTest) ... ok
[  246s] test1_wrap (urwid.tests.test_widget.TextTest) ... ok
[  246s] test2_left (urwid.tests.test_widget.TextTest) ... ok
[  246s] test3_right (urwid.tests.test_widget.TextTest) ... ok
[  246s] test4_center (urwid.tests.test_widget.TextTest) ... ok
[  246s] test5_encode_error (urwid.tests.test_widget.TextTest) ... ok
[  246s] 
[  246s] ----------------------------------------------------------------------
[  246s] Ran 273 tests in 3.265s
[  246s] 
[  246s] OK
[  246s] ++ '[' -f _current_flavor ']'
[  246s] ++ cat _current_flavor
[  246s] + last_flavor=python38
[  246s] + '[' -z python38 ']'
[  246s] + '[' python38 '!=' python39 ']'
[  246s] + '[' -d build ']'
[  246s] + mv build _build.python38
[  246s] + '[' -d _build.python39 ']'
[  246s] + mv _build.python39 build
[  246s] + echo python39
[  246s] + python_flavor=python39
[  246s] + PYTHONPATH=/home/abuild/rpmbuild/BUILDROOT/python-urwid-2.1.2-3.5.riscv64/usr/lib/python3.9/site-packages
[  246s] + PYTHONDONTWRITEBYTECODE=1
[  246s] + python3.9 -m unittest discover -v
[  251s] test1 (urwid.tests.test_canvas.CanvasCacheTest) ... ok
[  251s] test (urwid.tests.test_canvas.CanvasJoinTest) ... ok
[  251s] test1 (urwid.tests.test_canvas.CanvasOverlayTest) ... ok
[  251s] test2 (urwid.tests.test_canvas.CanvasOverlayTest) ... ok
[  251s] test3 (urwid.tests.test_canvas.CanvasOverlayTest) ... ok
[  251s] test1 (urwid.tests.test_canvas.CanvasPadTrimTest) ... ok
[  251s] test2 (urwid.tests.test_canvas.CanvasPadTrimTest) ... ok
[  251s] test1 (urwid.tests.test_canvas.CanvasTest) ... ok
[  251s] test2 (urwid.tests.test_canvas.CanvasTest) ... ok
[  251s] test1 (urwid.tests.test_canvas.ShardBodyTest) ... ok
[  251s] test2 (urwid.tests.test_canvas.ShardBodyTest) ... ok
[  251s] test3 (urwid.tests.test_canvas.ShardBodyTest) ... ok
[  251s] test (urwid.tests.test_canvas.ShardsJoinTest) ... ok
[  251s] test1 (urwid.tests.test_canvas.ShardsTrimTest) ... ok
[  251s] test2 (urwid.tests.test_canvas.ShardsTrimTest) ... ok
[  251s] test_box_column (urwid.tests.test_container.ColumnsTest) ... ok
[  251s] test_init_with_a_generator (urwid.tests.test_container.ColumnsTest) ... ok
[  251s] test_move_cursor (urwid.tests.test_container.ColumnsTest) ... ok
[  251s] test_old_attributes (urwid.tests.test_container.ColumnsTest) ... ok
[  251s] test_widths (urwid.tests.test_container.ColumnsTest) ... ok
[  251s] test_widths_focus_end (urwid.tests.test_container.ColumnsTest) ... ok
[  251s] test_columns (urwid.tests.test_container.CommonContainerTest) ... ok
[  251s] test_focus_path (urwid.tests.test_container.CommonContainerTest) ... ok
[  251s] test_frame (urwid.tests.test_container.CommonContainerTest) ... ok
[  251s] test_grid_flow (urwid.tests.test_container.CommonContainerTest) ... ok
[  251s] test_list_box (urwid.tests.test_container.CommonContainerTest) ... ok
[  251s] test_overlay (urwid.tests.test_container.CommonContainerTest) ... ok
[  251s] test_pile (urwid.tests.test_container.CommonContainerTest) ... ok
[  251s] test (urwid.tests.test_container.FrameTest) ... ok
[  251s] test_basics (urwid.tests.test_container.GridFlowTest) ... ok
[  251s] test_cell_width (urwid.tests.test_container.GridFlowTest) ... ok
[  251s] test_keypress_v_sep_0 (urwid.tests.test_container.GridFlowTest)
[  251s] Ensure proper keypress handling when v_sep is 0. ... ok
[  251s] test_v_sep (urwid.tests.test_container.GridFlowTest) ... ok
[  251s] test_get_cursor_coords (urwid.tests.test_container.OverlayTest) ... ok
[  251s] test_old_params (urwid.tests.test_container.OverlayTest) ... ok
[  251s] test_change_focus_with_mouse (urwid.tests.test_container.PileTest) ... ok
[  251s] test_init_with_a_generator (urwid.tests.test_container.PileTest) ... ok
[  251s] test_mouse_event_in_empty_pile (urwid.tests.test_container.PileTest) ... ok
[  252s] test_select_change (urwid.tests.test_container.PileTest) ... ok
[  252s] test_zero_weight (urwid.tests.test_container.PileTest) ... ok
[  252s] test_bargraph (urwid.tests.test_container.WidgetSquishTest) ... ok
[  252s] test_buttons (urwid.tests.test_container.WidgetSquishTest) ... ok
[  252s] test_columns (urwid.tests.test_container.WidgetSquishTest) ... ok
[  252s] test_filler (urwid.tests.test_container.WidgetSquishTest) ... ok
[  252s] test_frame (urwid.tests.test_container.WidgetSquishTest) ... ok
[  252s] test_graphvscale (urwid.tests.test_container.WidgetSquishTest) ... ok
[  252s] test_listbox (urwid.tests.test_container.WidgetSquishTest) ... ok
[  252s] test_overlay (urwid.tests.test_container.WidgetSquishTest) ... ok
[  252s] test_pile (urwid.tests.test_container.WidgetSquishTest) ... ok
[  252s] test_solidfill (urwid.tests.test_container.WidgetSquishTest) ... ok
[  252s] test_create (urwid.tests.test_decoration.FillerTest) ... ok
[  252s] test_repr (urwid.tests.test_decoration.FillerTest) ... ok
[  252s] test_values (urwid.tests.test_decoration.FillerTest) ... ok
[  252s] test_create (urwid.tests.test_decoration.PaddingTest) ... ok
[  252s] test_cursor (urwid.tests.test_decoration.PaddingTest) ... ok
[  252s] test_reduced_padding_cursor (urwid.tests.test_decoration.PaddingTest) ... ok
[  252s] test_values (urwid.tests.test_decoration.PaddingTest) ... ok
[  252s] __init__ (urwid.widget.Divider)
[  252s] Doctest: urwid.widget.Divider.__init__ ... ok
[  252s] render (urwid.widget.Divider)
[  252s] Doctest: urwid.widget.Divider.render ... ok
[  252s] rows (urwid.widget.Divider)
[  252s] Doctest: urwid.widget.Divider.rows ... ok
[  252s] __init__ (urwid.widget.Edit)
[  252s] Doctest: urwid.widget.Edit.__init__ ... ok
[  252s] get_cursor_coords (urwid.widget.Edit)
[  252s] Doctest: urwid.widget.Edit.get_cursor_coords ... ok
[  252s] get_edit_text (urwid.widget.Edit)
[  252s] Doctest: urwid.widget.Edit.get_edit_text ... ok
[  252s] get_pref_col (urwid.widget.Edit)
[  252s] Doctest: urwid.widget.Edit.get_pref_col ... ok
[  252s] get_text (urwid.widget.Edit)
[  252s] Doctest: urwid.widget.Edit.get_text ... ok
[  252s] insert_text (urwid.widget.Edit)
[  252s] Doctest: urwid.widget.Edit.insert_text ... ok
[  252s] keypress (urwid.widget.Edit)
[  252s] Doctest: urwid.widget.Edit.keypress ... ok
[  252s] mouse_event (urwid.widget.Edit)
[  252s] Doctest: urwid.widget.Edit.mouse_event ... ok
[  252s] move_cursor_to_coords (urwid.widget.Edit)
[  252s] Doctest: urwid.widget.Edit.move_cursor_to_coords ... ok
[  252s] render (urwid.widget.Edit)
[  252s] Doctest: urwid.widget.Edit.render ... ok
[  252s] set_caption (urwid.widget.Edit)
[  252s] Doctest: urwid.widget.Edit.set_caption ... ok
[  252s] set_edit_pos (urwid.widget.Edit)
[  252s] Doctest: urwid.widget.Edit.set_edit_pos ... ok
[  252s] set_edit_text (urwid.widget.Edit)
[  252s] Doctest: urwid.widget.Edit.set_edit_text ... ok
[  252s] set_text (urwid.widget.Edit)
[  252s] Doctest: urwid.widget.Edit.set_text ... ok
[  252s] update_text (urwid.widget.Edit)
[  252s] Doctest: urwid.widget.Edit.update_text ... ok
[  252s] __init__ (urwid.widget.IntEdit)
[  252s] Doctest: urwid.widget.IntEdit.__init__ ... ok
[  252s] keypress (urwid.widget.IntEdit)
[  252s] Doctest: urwid.widget.IntEdit.keypress ... ok
[  252s] value (urwid.widget.IntEdit)
[  252s] Doctest: urwid.widget.IntEdit.value ... ok
[  252s] __init__ (urwid.widget.SolidFill)
[  252s] Doctest: urwid.widget.SolidFill.__init__ ... ok
[  252s] render (urwid.widget.SolidFill)
[  252s] Doctest: urwid.widget.SolidFill.render ... ok
[  252s] __init__ (urwid.widget.Text)
[  252s] Doctest: urwid.widget.Text.__init__ ... ok
[  252s] get_text (urwid.widget.Text)
[  252s] Doctest: urwid.widget.Text.get_text ... ok
[  252s] pack (urwid.widget.Text)
[  252s] Doctest: urwid.widget.Text.pack ... ok
[  252s] render (urwid.widget.Text)
[  252s] Doctest: urwid.widget.Text.render ... ok
[  252s] rows (urwid.widget.Text)
[  252s] Doctest: urwid.widget.Text.rows ... ok
[  252s] set_align_mode (urwid.widget.Text)
[  252s] Doctest: urwid.widget.Text.set_align_mode ... ok
[  252s] set_layout (urwid.widget.Text)
[  252s] Doctest: urwid.widget.Text.set_layout ... ok
[  252s] set_text (urwid.widget.Text)
[  252s] Doctest: urwid.widget.Text.set_text ... ok
[  252s] set_wrap_mode (urwid.widget.Text)
[  252s] Doctest: urwid.widget.Text.set_wrap_mode ... ok
[  252s] _set_w (urwid.widget.WidgetWrap)
[  252s] Doctest: urwid.widget.WidgetWrap._set_w ... ok
[  252s] __init__ (urwid.wimp.Button)
[  252s] Doctest: urwid.wimp.Button.__init__ ... ok
[  252s] get_label (urwid.wimp.Button)
[  252s] Doctest: urwid.wimp.Button.get_label ... ok
[  252s] keypress (urwid.wimp.Button)
[  252s] Doctest: urwid.wimp.Button.keypress ... ok
[  252s] label (urwid.wimp.Button)
[  252s] Doctest: urwid.wimp.Button.label ... ok
[  252s] mouse_event (urwid.wimp.Button)
[  252s] Doctest: urwid.wimp.Button.mouse_event ... ok
[  252s] set_label (urwid.wimp.Button)
[  252s] Doctest: urwid.wimp.Button.set_label ... ok
[  252s] __init__ (urwid.wimp.CheckBox)
[  252s] Doctest: urwid.wimp.CheckBox.__init__ ... ok
[  252s] get_label (urwid.wimp.CheckBox)
[  252s] Doctest: urwid.wimp.CheckBox.get_label ... ok
[  252s] keypress (urwid.wimp.CheckBox)
[  252s] Doctest: urwid.wimp.CheckBox.keypress ... ok
[  252s] label (urwid.wimp.CheckBox)
[  252s] Doctest: urwid.wimp.CheckBox.label ... ok
[  252s] mouse_event (urwid.wimp.CheckBox)
[  252s] Doctest: urwid.wimp.CheckBox.mouse_event ... ok
[  252s] set_label (urwid.wimp.CheckBox)
[  252s] Doctest: urwid.wimp.CheckBox.set_label ... ok
[  252s] set_state (urwid.wimp.CheckBox)
[  252s] Doctest: urwid.wimp.CheckBox.set_state ... ok
[  252s] toggle_state (urwid.wimp.CheckBox)
[  252s] Doctest: urwid.wimp.CheckBox.toggle_state ... ok
[  252s] __init__ (urwid.wimp.RadioButton)
[  252s] Doctest: urwid.wimp.RadioButton.__init__ ... ok
[  252s] set_state (urwid.wimp.RadioButton)
[  252s] Doctest: urwid.wimp.RadioButton.set_state ... ok
[  252s] toggle_state (urwid.wimp.RadioButton)
[  252s] Doctest: urwid.wimp.RadioButton.toggle_state ... ok
[  252s] render (urwid.wimp.SelectableIcon)
[  252s] Doctest: urwid.wimp.SelectableIcon.render ... ok
[  252s] __init__ (urwid.decoration.AttrMap)
[  252s] Doctest: urwid.decoration.AttrMap.__init__ ... ok
[  252s] set_attr_map (urwid.decoration.AttrMap)
[  252s] Doctest: urwid.decoration.AttrMap.set_attr_map ... ok
[  252s] set_focus_map (urwid.decoration.AttrMap)
[  252s] Doctest: urwid.decoration.AttrMap.set_focus_map ... ok
[  252s] __init__ (urwid.decoration.AttrWrap)
[  253s] Doctest: urwid.decoration.AttrWrap.__init__ ... ok
[  253s] __init__ (urwid.decoration.BoxAdapter)
[  253s] Doctest: urwid.decoration.BoxAdapter.__init__ ... ok
[  253s] rows (urwid.decoration.BoxAdapter)
[  253s] Doctest: urwid.decoration.BoxAdapter.rows ... ok
[  253s] __init__ (urwid.decoration.Padding)
[  253s] Doctest: urwid.decoration.Padding.__init__ ... ok
[  253s] WidgetDecoration (urwid.decoration)
[  253s] Doctest: urwid.decoration.WidgetDecoration ... ok
[  253s] _get_base_widget (urwid.decoration.WidgetDecoration)
[  253s] Doctest: urwid.decoration.WidgetDecoration._get_base_widget ... ok
[  253s] base_widget (urwid.decoration.WidgetDecoration)
[  253s] Doctest: urwid.decoration.WidgetDecoration.base_widget ... ok
[  253s] calculate_left_right_padding (urwid.decoration)
[  253s] Doctest: urwid.decoration.calculate_left_right_padding ... ok
[  253s] calculate_top_bottom_filler (urwid.decoration)
[  253s] Doctest: urwid.decoration.calculate_top_bottom_filler ... ok
[  253s] __init__ (urwid.display_common.AttrSpec)
[  253s] Doctest: urwid.display_common.AttrSpec.__init__ ... ok
[  253s] get_rgb_values (urwid.display_common.AttrSpec)
[  253s] Doctest: urwid.display_common.AttrSpec.get_rgb_values ... ok
[  253s] _color_desc_256 (urwid.display_common)
[  253s] Doctest: urwid.display_common._color_desc_256 ... ok
[  253s] _color_desc_88 (urwid.display_common)
[  253s] Doctest: urwid.display_common._color_desc_88 ... ok
[  253s] _parse_color_256 (urwid.display_common)
[  253s] Doctest: urwid.display_common._parse_color_256 ... ok
[  253s] _parse_color_88 (urwid.display_common)
[  253s] Doctest: urwid.display_common._parse_color_88 ... ok
[  253s] _value_lookup_table (urwid.display_common)
[  253s] Doctest: urwid.display_common._value_lookup_table ... ok
[  253s] _test_process_input (urwid.main_loop.MainLoop)
[  253s] Doctest: urwid.main_loop.MainLoop._test_process_input ... ok
[  253s] _test_run (urwid.main_loop.MainLoop)
[  253s] Doctest: urwid.main_loop.MainLoop._test_run ... ok
[  253s] _test_run_screen_event_loop (urwid.main_loop.MainLoop)
[  253s] Doctest: urwid.main_loop.MainLoop._test_run_screen_event_loop ... ok
[  253s] _update (urwid.main_loop.MainLoop)
[  253s] Doctest: urwid.main_loop.MainLoop._update ... ok
[  253s] _refl (urwid.main_loop)
[  253s] Doctest: urwid.main_loop._refl ... ok
[  253s] __init__ (urwid.numedit.FloatEdit)
[  253s] Doctest: urwid.numedit.FloatEdit.__init__ ... ok
[  253s] __init__ (urwid.numedit.IntegerEdit)
[  253s] Doctest: urwid.numedit.IntegerEdit.__init__ ... ok
[  253s] value (urwid.numedit.IntegerEdit)
[  253s] Doctest: urwid.numedit.IntegerEdit.value ... ok
[  253s] keypress (urwid.numedit.NumEdit)
[  253s] Doctest: urwid.numedit.NumEdit.keypress ... ok
[  253s] __delitem__ (urwid.monitored_list.MonitoredFocusList)
[  253s] Doctest: urwid.monitored_list.MonitoredFocusList.__delitem__ ... ok
[  253s] __imul__ (urwid.monitored_list.MonitoredFocusList)
[  253s] Doctest: urwid.monitored_list.MonitoredFocusList.__imul__ ... ok
[  253s] __init__ (urwid.monitored_list.MonitoredFocusList)
[  253s] Doctest: urwid.monitored_list.MonitoredFocusList.__init__ ... ok
[  253s] __setitem__ (urwid.monitored_list.MonitoredFocusList)
[  253s] Doctest: urwid.monitored_list.MonitoredFocusList.__setitem__ ... ok
[  253s] _get_focus (urwid.monitored_list.MonitoredFocusList)
[  253s] Doctest: urwid.monitored_list.MonitoredFocusList._get_focus ... ok
[  253s] _set_focus (urwid.monitored_list.MonitoredFocusList)
[  253s] Doctest: urwid.monitored_list.MonitoredFocusList._set_focus ... ok
[  253s] append (urwid.monitored_list.MonitoredFocusList)
[  253s] Doctest: urwid.monitored_list.MonitoredFocusList.append ... ok
[  253s] extend (urwid.monitored_list.MonitoredFocusList)
[  253s] Doctest: urwid.monitored_list.MonitoredFocusList.extend ... ok
[  253s] insert (urwid.monitored_list.MonitoredFocusList)
[  253s] Doctest: urwid.monitored_list.MonitoredFocusList.insert ... ok
[  253s] pop (urwid.monitored_list.MonitoredFocusList)
[  253s] Doctest: urwid.monitored_list.MonitoredFocusList.pop ... ok
[  253s] remove (urwid.monitored_list.MonitoredFocusList)
[  253s] Doctest: urwid.monitored_list.MonitoredFocusList.remove ... ok
[  253s] reverse (urwid.monitored_list.MonitoredFocusList)
[  253s] Doctest: urwid.monitored_list.MonitoredFocusList.reverse ... ok
[  253s] set_focus_changed_callback (urwid.monitored_list.MonitoredFocusList)
[  253s] Doctest: urwid.monitored_list.MonitoredFocusList.set_focus_changed_callback ... ok
[  253s] sort (urwid.monitored_list.MonitoredFocusList)
[  253s] Doctest: urwid.monitored_list.MonitoredFocusList.sort ... ok
[  253s] set_modified_callback (urwid.monitored_list.MonitoredList)
[  253s] Doctest: urwid.monitored_list.MonitoredList.set_modified_callback ... ok
[  253s] _attrspec_to_escape (urwid.raw_display.Screen)
[  253s] Doctest: urwid.raw_display.Screen._attrspec_to_escape ... ok
[  253s] normalize_repr (urwid.split_repr)
[  253s] Doctest: urwid.split_repr.normalize_repr ... ok
[  253s] python3_repr (urwid.split_repr)
[  253s] Doctest: urwid.split_repr.python3_repr ... ok
[  253s] remove_defaults (urwid.split_repr)
[  253s] Doctest: urwid.split_repr.remove_defaults ... ok
[  253s] split_repr (urwid.split_repr)
[  253s] Doctest: urwid.split_repr.split_repr ... ok
[  253s] int_scale (urwid.util)
[  253s] Doctest: urwid.util.int_scale ... ok
[  253s] connect (urwid.signals.Signals)
[  253s] Doctest: urwid.signals.Signals.connect ... Exception ignored in: <function Signals.connect.<locals>.weakref_callback at 0x400406a700>
[  253s] Traceback (most recent call last):
[  253s]   File "/home/abuild/rpmbuild/BUILD/urwid-2.1.2/urwid/signals.py", line 177, in weakref_callback
[  253s]     del getattr(o, self._signal_attr, {})[name][key]
[  253s] TypeError: list indices must be integers or slices, not Key
[  253s] ok
[  253s] connect_signal (urwid.signals)
[  253s] Doctest: urwid.signals.connect_signal ... Exception ignored in: <function Signals.connect.<locals>.weakref_callback at 0x400406a550>
[  253s] Traceback (most recent call last):
[  253s]   File "/home/abuild/rpmbuild/BUILD/urwid-2.1.2/urwid/signals.py", line 177, in weakref_callback
[  253s]     del getattr(o, self._signal_attr, {})[name][key]
[  253s] TypeError: list indices must be integers or slices, not Key
[  253s] ok
[  253s] __init__ (urwid.graphics.ProgressBar)
[  253s] Doctest: urwid.graphics.ProgressBar.__init__ ... ok
[  253s] test_bare_escape (urwid.tests.test_escapes.InputEscapeSequenceParserTest) ... ok
[  253s] test_bug_104 (urwid.tests.test_escapes.InputEscapeSequenceParserTest)
[  253s] GH #104: click-Esc & Esc-click crashes urwid apps ... ok
[  253s] test_ctrl_pgup (urwid.tests.test_escapes.InputEscapeSequenceParserTest) ... ok
[  253s] test_esc_meta_1 (urwid.tests.test_escapes.InputEscapeSequenceParserTest) ... ok
[  253s] test_meta (urwid.tests.test_escapes.InputEscapeSequenceParserTest) ... ok
[  253s] test_midsequence (urwid.tests.test_escapes.InputEscapeSequenceParserTest) ... ok
[  253s] test_mouse_press (urwid.tests.test_escapes.InputEscapeSequenceParserTest) ... ok
[  253s] test_shift_arrows (urwid.tests.test_escapes.InputEscapeSequenceParserTest) ... ok
[  253s] test_coroutine_error (urwid.tests.test_event_loops.AsyncioEventLoopTest) ... /home/abuild/rpmbuild/BUILD/urwid-2.1.2/urwid/tests/test_event_loops.py:208: DeprecationWarning: "@coroutine" decorator is deprecated since Python 3.8, use "async def" instead
[  253s]   def error_coro():
[  253s] ok
[  254s] test_error (urwid.tests.test_event_loops.AsyncioEventLoopTest) ... ok
[  254s] test_event_loop (urwid.tests.test_event_loops.AsyncioEventLoopTest) ... ok
[  254s] test_remove_alarm (urwid.tests.test_event_loops.AsyncioEventLoopTest) ... ok
[  254s] test_remove_watch_file (urwid.tests.test_event_loops.AsyncioEventLoopTest) ... ok
[  254s] test_run (urwid.tests.test_event_loops.AsyncioEventLoopTest) ... ok
[  254s] test_event_loop (urwid.tests.test_event_loops.SelectEventLoopTest) ... ok
[  254s] test_remove_alarm (urwid.tests.test_event_loops.SelectEventLoopTest) ... ok
[  254s] test_remove_watch_file (urwid.tests.test_event_loops.SelectEventLoopTest) ... ok
[  254s] test_run (urwid.tests.test_event_loops.SelectEventLoopTest) ... ok
[  254s] test1 (urwid.tests.test_graphics.BarGraphTest) ... ok
[  254s] test2 (urwid.tests.test_graphics.BarGraphTest) ... ok
[  254s] test_linebox_border (urwid.tests.test_graphics.LineBoxTest) ... ok
[  254s] test_linebox_pack (urwid.tests.test_graphics.LineBoxTest) ... ok
[  254s] test1 (urwid.tests.test_graphics.SmoothBarGraphTest) ... ok
[  254s] test1_simple (urwid.tests.test_listbox.ListBoxCalculateVisibleTest) ... ok
[  254s] test2_cursor (urwid.tests.test_listbox.ListBoxCalculateVisibleTest) ... ok
[  254s] test1unselectable (urwid.tests.test_listbox.ListBoxChangeFocusTest) ... ok
[  254s] test2selectable (urwid.tests.test_listbox.ListBoxChangeFocusTest) ... ok
[  254s] test3large_selectable (urwid.tests.test_listbox.ListBoxChangeFocusTest) ... ok
[  254s] test4cursor (urwid.tests.test_listbox.ListBoxChangeFocusTest) ... ok
[  254s] test5set_focus_valign (urwid.tests.test_listbox.ListBoxChangeFocusTest) ... ok
[  254s] test1_up (urwid.tests.test_listbox.ListBoxKeypressTest) ... ok
[  254s] test2_down (urwid.tests.test_listbox.ListBoxKeypressTest) ... ok
[  254s] test3_page_up (urwid.tests.test_listbox.ListBoxKeypressTest) ... ok
[  254s] test4_page_down (urwid.tests.test_listbox.ListBoxKeypressTest) ... ok
[  254s] test1_simple (urwid.tests.test_listbox.ListBoxRenderTest) ... ok
[  254s] test2_trim (urwid.tests.test_listbox.ListBoxRenderTest) ... ok
[  255s] test3_shift (urwid.tests.test_listbox.ListBoxRenderTest) ... ok
[  255s] test4_really_large_contents (urwid.tests.test_listbox.ListBoxRenderTest) ... ok
[  255s] test_listbox_pile (urwid.tests.test_listbox.ZeroHeightContentsTest) ... ok
[  255s] test_listbox_text_pile_down (urwid.tests.test_listbox.ZeroHeightContentsTest) ... ok
[  255s] test_listbox_text_pile_page_down (urwid.tests.test_listbox.ZeroHeightContentsTest) ... ok
[  255s] test_listbox_text_pile_page_up (urwid.tests.test_listbox.ZeroHeightContentsTest) ... ok
[  255s] test_listbox_text_pile_up (urwid.tests.test_listbox.ZeroHeightContentsTest) ... ok
[  255s] test1byte (urwid.tests.test_str_util.DecodeOneTest) ... ok
[  255s] test2byte (urwid.tests.test_str_util.DecodeOneTest) ... ok
[  255s] test3byte (urwid.tests.test_str_util.DecodeOneTest) ... ok
[  255s] test4byte (urwid.tests.test_str_util.DecodeOneTest) ... ok
[  255s] test (urwid.tests.test_text_layout.CalcBreaksCantDisplayTest) ... ok
[  255s] test (urwid.tests.test_text_layout.CalcBreaksCharTest) ... ok
[  255s] test (urwid.tests.test_text_layout.CalcBreaksDBCharTest) ... ok
[  255s] test (urwid.tests.test_text_layout.CalcBreaksDBWordTest) ... ok
[  255s] test (urwid.tests.test_text_layout.CalcBreaksUTF8Test) ... ok
[  255s] test (urwid.tests.test_text_layout.CalcBreaksWordTest) ... ok
[  255s] test (urwid.tests.test_text_layout.CalcBreaksWordTest2) ... ok
[  255s] tests (urwid.tests.test_text_layout.CalcPosTest) ... ok
[  255s] test1_left (urwid.tests.test_text_layout.CalcTranslateCantDisplayTest) ... ok
[  255s] test2_right (urwid.tests.test_text_layout.CalcTranslateCantDisplayTest) ... ok
[  255s] test3_center (urwid.tests.test_text_layout.CalcTranslateCantDisplayTest) ... ok
[  255s] test1_left (urwid.tests.test_text_layout.CalcTranslateCharTest) ... ok
[  255s] test2_right (urwid.tests.test_text_layout.CalcTranslateCharTest) ... ok
[  255s] test3_center (urwid.tests.test_text_layout.CalcTranslateCharTest) ... ok
[  255s] test1_left (urwid.tests.test_text_layout.CalcTranslateClipTest) ... ok
[  255s] test2_right (urwid.tests.test_text_layout.CalcTranslateClipTest) ... ok
[  255s] test3_center (urwid.tests.test_text_layout.CalcTranslateClipTest) ... ok
[  255s] test1_left (urwid.tests.test_text_layout.CalcTranslateWordTest) ... ok
[  255s] test2_right (urwid.tests.test_text_layout.CalcTranslateWordTest) ... ok
[  255s] test3_center (urwid.tests.test_text_layout.CalcTranslateWordTest) ... ok
[  255s] test1_left (urwid.tests.test_text_layout.CalcTranslateWordTest2) ... ok
[  255s] test2_right (urwid.tests.test_text_layout.CalcTranslateWordTest2) ... ok
[  255s] test3_center (urwid.tests.test_text_layout.CalcTranslateWordTest2) ... ok
[  255s] test1_left (urwid.tests.test_text_layout.CalcTranslateWordTest3) ... ok
[  255s] test2_right (urwid.tests.test_text_layout.CalcTranslateWordTest3) ... ok
[  255s] test3_center (urwid.tests.test_text_layout.CalcTranslateWordTest3) ... ok
[  255s] test1_left (urwid.tests.test_text_layout.CalcTranslateWordTest4) ... ok
[  255s] test2_right (urwid.tests.test_text_layout.CalcTranslateWordTest4) ... ok
[  255s] test3_center (urwid.tests.test_text_layout.CalcTranslateWordTest4) ... ok
[  255s] test1_left (urwid.tests.test_text_layout.CalcTranslateWordTest5) ... ok
[  255s] test2_right (urwid.tests.test_text_layout.CalcTranslateWordTest5) ... ok
[  255s] test3_center (urwid.tests.test_text_layout.CalcTranslateWordTest5) ... ok
[  255s] test (urwid.tests.test_text_layout.Pos2CoordsTest) ... ok
[  255s] test1_padding (urwid.tests.test_text_layout.SubsegTest) ... ok
[  255s] test2_text (urwid.tests.test_text_layout.SubsegTest) ... ok
[  255s] test3_range (urwid.tests.test_text_layout.SubsegTest) ... ok
[  255s] test1 (urwid.tests.test_util.CalcTextPosTest) ... ok
[  255s] test2_wide (urwid.tests.test_util.CalcTextPosTest) ... ok
[  255s] test3_utf8 (urwid.tests.test_util.CalcTextPosTest) ... ok
[  255s] test4_utf8 (urwid.tests.test_util.CalcTextPosTest) ... ok
[  255s] test1 (urwid.tests.test_util.CalcWidthTest) ... ok
[  255s] test2 (urwid.tests.test_util.CalcWidthTest) ... ok
[  255s] test1 (urwid.tests.test_util.ConvertDecSpecialTest) ... ok
[  255s] test_locale (urwid.tests.test_util.PortabilityTest) ... ok
[  255s] test_rle_append (urwid.tests.test_util.RleTest) ... ok
[  255s] test_rle_prepend (urwid.tests.test_util.RleTest) ... ok
[  255s] test (urwid.tests.test_util.TagMarkupTest) ... ok
[  255s] test_bad_tuple (urwid.tests.test_util.TagMarkupTest) ... ok
[  255s] test_bad_type (urwid.tests.test_util.TagMarkupTest) ... ok
[  255s] test1 (urwid.tests.test_util.WithinDoubleByteTest) ... ok
[  255s] test2 (urwid.tests.test_util.WithinDoubleByteTest) ... ok
[  255s] test3 (urwid.tests.test_util.WithinDoubleByteTest) ... ok
[  255s] test1_SpaceWrap (urwid.tests.test_widget.EditRenderTest) ... ok
[  255s] test2_ClipWrap (urwid.tests.test_widget.EditRenderTest) ... ok
[  255s] test3_AnyWrap (urwid.tests.test_widget.EditRenderTest) ... ok
[  255s] test4_CursorNudge (urwid.tests.test_widget.EditRenderTest) ... ok
[  255s] test1_left (urwid.tests.test_widget.EditTest) ... ok
[  255s] test2_right (urwid.tests.test_widget.EditTest) ... ok
[  255s] test3_up (urwid.tests.test_widget.EditTest) ... ok
[  255s] test4_down (urwid.tests.test_widget.EditTest) ... ok
[  255s] test_utf8_input (urwid.tests.test_widget.EditTest) ... ok
[  255s] test1_wrap (urwid.tests.test_widget.TextTest) ... ok
[  255s] test2_left (urwid.tests.test_widget.TextTest) ... ok
[  255s] test3_right (urwid.tests.test_widget.TextTest) ... ok
[  255s] test4_center (urwid.tests.test_widget.TextTest) ... ok
[  255s] test5_encode_error (urwid.tests.test_widget.TextTest) ... ok
[  255s] 
[  255s] ----------------------------------------------------------------------
[  255s] Ran 273 tests in 3.503s
[  255s] 
[  255s] OK
[  255s] ++ '[' -f _current_flavor ']'
[  255s] ++ cat _current_flavor
[  255s] + last_flavor=python39
[  255s] + '[' -z python39 ']'
[  255s] + '[' python39 '!=' python311 ']'
[  255s] + '[' -d build ']'
[  255s] + mv build _build.python39
[  255s] + '[' -d _build.python311 ']'
[  255s] + mv _build.python311 build
[  255s] + echo python311
[  255s] + python_flavor=python311
[  255s] + PYTHONPATH=/home/abuild/rpmbuild/BUILDROOT/python-urwid-2.1.2-3.5.riscv64/usr/lib/python3.11/site-packages
[  255s] + PYTHONDONTWRITEBYTECODE=1
[  255s] + python3.11 -m unittest discover -v
[  260s] test1 (urwid.tests.test_canvas.CanvasCacheTest.test1) ... ok
[  260s] test (urwid.tests.test_canvas.CanvasJoinTest.test) ... ok
[  260s] test1 (urwid.tests.test_canvas.CanvasOverlayTest.test1) ... ok
[  260s] test2 (urwid.tests.test_canvas.CanvasOverlayTest.test2) ... ok
[  260s] test3 (urwid.tests.test_canvas.CanvasOverlayTest.test3) ... ok
[  260s] test1 (urwid.tests.test_canvas.CanvasPadTrimTest.test1) ... ok
[  260s] test2 (urwid.tests.test_canvas.CanvasPadTrimTest.test2) ... ok
[  260s] test1 (urwid.tests.test_canvas.CanvasTest.test1) ... ok
[  260s] test2 (urwid.tests.test_canvas.CanvasTest.test2) ... ok
[  260s] test1 (urwid.tests.test_canvas.ShardBodyTest.test1) ... ok
[  260s] test2 (urwid.tests.test_canvas.ShardBodyTest.test2) ... ok
[  260s] test3 (urwid.tests.test_canvas.ShardBodyTest.test3) ... ok
[  260s] test (urwid.tests.test_canvas.ShardsJoinTest.test) ... ok
[  260s] test1 (urwid.tests.test_canvas.ShardsTrimTest.test1) ... ok
[  260s] test2 (urwid.tests.test_canvas.ShardsTrimTest.test2) ... ok
[  260s] test_box_column (urwid.tests.test_container.ColumnsTest.test_box_column) ... ok
[  260s] test_init_with_a_generator (urwid.tests.test_container.ColumnsTest.test_init_with_a_generator) ... ok
[  260s] test_move_cursor (urwid.tests.test_container.ColumnsTest.test_move_cursor) ... ok
[  260s] test_old_attributes (urwid.tests.test_container.ColumnsTest.test_old_attributes) ... ok
[  260s] test_widths (urwid.tests.test_container.ColumnsTest.test_widths) ... ok
[  260s] test_widths_focus_end (urwid.tests.test_container.ColumnsTest.test_widths_focus_end) ... ok
[  260s] test_columns (urwid.tests.test_container.CommonContainerTest.test_columns) ... ok
[  260s] test_focus_path (urwid.tests.test_container.CommonContainerTest.test_focus_path) ... ok
[  260s] test_frame (urwid.tests.test_container.CommonContainerTest.test_frame) ... ok
[  260s] test_grid_flow (urwid.tests.test_container.CommonContainerTest.test_grid_flow) ... ok
[  260s] test_list_box (urwid.tests.test_container.CommonContainerTest.test_list_box) ... ok
[  260s] test_overlay (urwid.tests.test_container.CommonContainerTest.test_overlay) ... ok
[  260s] test_pile (urwid.tests.test_container.CommonContainerTest.test_pile) ... ok
[  260s] test (urwid.tests.test_container.FrameTest.test) ... ok
[  260s] test_basics (urwid.tests.test_container.GridFlowTest.test_basics) ... ok
[  260s] test_cell_width (urwid.tests.test_container.GridFlowTest.test_cell_width) ... ok
[  260s] test_keypress_v_sep_0 (urwid.tests.test_container.GridFlowTest.test_keypress_v_sep_0)
[  260s] Ensure proper keypress handling when v_sep is 0. ... ok
[  260s] test_v_sep (urwid.tests.test_container.GridFlowTest.test_v_sep) ... ok
[  260s] test_get_cursor_coords (urwid.tests.test_container.OverlayTest.test_get_cursor_coords) ... ok
[  260s] test_old_params (urwid.tests.test_container.OverlayTest.test_old_params) ... ok
[  260s] test_change_focus_with_mouse (urwid.tests.test_container.PileTest.test_change_focus_with_mouse) ... ok
[  260s] test_init_with_a_generator (urwid.tests.test_container.PileTest.test_init_with_a_generator) ... ok
[  260s] test_mouse_event_in_empty_pile (urwid.tests.test_container.PileTest.test_mouse_event_in_empty_pile) ... ok
[  260s] test_select_change (urwid.tests.test_container.PileTest.test_select_change) ... ok
[  260s] test_zero_weight (urwid.tests.test_container.PileTest.test_zero_weight) ... ok
[  260s] test_bargraph (urwid.tests.test_container.WidgetSquishTest.test_bargraph) ... ok
[  260s] test_buttons (urwid.tests.test_container.WidgetSquishTest.test_buttons) ... ok
[  260s] test_columns (urwid.tests.test_container.WidgetSquishTest.test_columns) ... ok
[  260s] test_filler (urwid.tests.test_container.WidgetSquishTest.test_filler) ... ok
[  260s] test_frame (urwid.tests.test_container.WidgetSquishTest.test_frame) ... ok
[  260s] test_graphvscale (urwid.tests.test_container.WidgetSquishTest.test_graphvscale) ... ok
[  260s] test_listbox (urwid.tests.test_container.WidgetSquishTest.test_listbox) ... ok
[  260s] test_overlay (urwid.tests.test_container.WidgetSquishTest.test_overlay) ... ok
[  260s] test_pile (urwid.tests.test_container.WidgetSquishTest.test_pile) ... ok
[  260s] test_solidfill (urwid.tests.test_container.WidgetSquishTest.test_solidfill) ... ok
[  260s] test_create (urwid.tests.test_decoration.FillerTest.test_create) ... ok
[  260s] test_repr (urwid.tests.test_decoration.FillerTest.test_repr) ... ok
[  260s] test_values (urwid.tests.test_decoration.FillerTest.test_values) ... ok
[  260s] test_create (urwid.tests.test_decoration.PaddingTest.test_create) ... ok
[  260s] test_cursor (urwid.tests.test_decoration.PaddingTest.test_cursor) ... ok
[  260s] test_reduced_padding_cursor (urwid.tests.test_decoration.PaddingTest.test_reduced_padding_cursor) ... ok
[  260s] test_values (urwid.tests.test_decoration.PaddingTest.test_values) ... ok
[  260s] __init__ (urwid.widget.Divider)
[  260s] Doctest: urwid.widget.Divider.__init__ ... ok
[  260s] render (urwid.widget.Divider)
[  260s] Doctest: urwid.widget.Divider.render ... ok
[  260s] rows (urwid.widget.Divider)
[  260s] Doctest: urwid.widget.Divider.rows ... ok
[  260s] __init__ (urwid.widget.Edit)
[  260s] Doctest: urwid.widget.Edit.__init__ ... ok
[  260s] get_cursor_coords (urwid.widget.Edit)
[  260s] Doctest: urwid.widget.Edit.get_cursor_coords ... ok
[  260s] get_edit_text (urwid.widget.Edit)
[  260s] Doctest: urwid.widget.Edit.get_edit_text ... ok
[  260s] get_pref_col (urwid.widget.Edit)
[  260s] Doctest: urwid.widget.Edit.get_pref_col ... ok
[  260s] get_text (urwid.widget.Edit)
[  260s] Doctest: urwid.widget.Edit.get_text ... ok
[  260s] insert_text (urwid.widget.Edit)
[  260s] Doctest: urwid.widget.Edit.insert_text ... ok
[  260s] keypress (urwid.widget.Edit)
[  260s] Doctest: urwid.widget.Edit.keypress ... ok
[  260s] mouse_event (urwid.widget.Edit)
[  260s] Doctest: urwid.widget.Edit.mouse_event ... ok
[  260s] move_cursor_to_coords (urwid.widget.Edit)
[  260s] Doctest: urwid.widget.Edit.move_cursor_to_coords ... ok
[  260s] render (urwid.widget.Edit)
[  260s] Doctest: urwid.widget.Edit.render ... ok
[  260s] set_caption (urwid.widget.Edit)
[  260s] Doctest: urwid.widget.Edit.set_caption ... ok
[  260s] set_edit_pos (urwid.widget.Edit)
[  260s] Doctest: urwid.widget.Edit.set_edit_pos ... ok
[  260s] set_edit_text (urwid.widget.Edit)
[  260s] Doctest: urwid.widget.Edit.set_edit_text ... ok
[  260s] set_text (urwid.widget.Edit)
[  260s] Doctest: urwid.widget.Edit.set_text ... ok
[  260s] update_text (urwid.widget.Edit)
[  260s] Doctest: urwid.widget.Edit.update_text ... ok
[  260s] __init__ (urwid.widget.IntEdit)
[  260s] Doctest: urwid.widget.IntEdit.__init__ ... ok
[  260s] keypress (urwid.widget.IntEdit)
[  261s] Doctest: urwid.widget.IntEdit.keypress ... ok
[  261s] value (urwid.widget.IntEdit)
[  261s] Doctest: urwid.widget.IntEdit.value ... ok
[  261s] __init__ (urwid.widget.SolidFill)
[  261s] Doctest: urwid.widget.SolidFill.__init__ ... ok
[  261s] render (urwid.widget.SolidFill)
[  261s] Doctest: urwid.widget.SolidFill.render ... ok
[  261s] __init__ (urwid.widget.Text)
[  261s] Doctest: urwid.widget.Text.__init__ ... ok
[  261s] get_text (urwid.widget.Text)
[  261s] Doctest: urwid.widget.Text.get_text ... ok
[  261s] pack (urwid.widget.Text)
[  261s] Doctest: urwid.widget.Text.pack ... ok
[  261s] render (urwid.widget.Text)
[  261s] Doctest: urwid.widget.Text.render ... ok
[  261s] rows (urwid.widget.Text)
[  261s] Doctest: urwid.widget.Text.rows ... ok
[  261s] set_align_mode (urwid.widget.Text)
[  261s] Doctest: urwid.widget.Text.set_align_mode ... ok
[  261s] set_layout (urwid.widget.Text)
[  261s] Doctest: urwid.widget.Text.set_layout ... ok
[  261s] set_text (urwid.widget.Text)
[  261s] Doctest: urwid.widget.Text.set_text ... ok
[  261s] set_wrap_mode (urwid.widget.Text)
[  261s] Doctest: urwid.widget.Text.set_wrap_mode ... ok
[  261s] _set_w (urwid.widget.WidgetWrap)
[  261s] Doctest: urwid.widget.WidgetWrap._set_w ... ok
[  261s] __init__ (urwid.wimp.Button)
[  261s] Doctest: urwid.wimp.Button.__init__ ... ok
[  261s] get_label (urwid.wimp.Button)
[  261s] Doctest: urwid.wimp.Button.get_label ... ok
[  261s] keypress (urwid.wimp.Button)
[  261s] Doctest: urwid.wimp.Button.keypress ... ok
[  261s] label (urwid.wimp.Button)
[  261s] Doctest: urwid.wimp.Button.label ... ok
[  261s] mouse_event (urwid.wimp.Button)
[  261s] Doctest: urwid.wimp.Button.mouse_event ... ok
[  261s] set_label (urwid.wimp.Button)
[  261s] Doctest: urwid.wimp.Button.set_label ... ok
[  261s] __init__ (urwid.wimp.CheckBox)
[  261s] Doctest: urwid.wimp.CheckBox.__init__ ... ok
[  261s] get_label (urwid.wimp.CheckBox)
[  261s] Doctest: urwid.wimp.CheckBox.get_label ... ok
[  261s] keypress (urwid.wimp.CheckBox)
[  261s] Doctest: urwid.wimp.CheckBox.keypress ... ok
[  261s] label (urwid.wimp.CheckBox)
[  261s] Doctest: urwid.wimp.CheckBox.label ... ok
[  261s] mouse_event (urwid.wimp.CheckBox)
[  261s] Doctest: urwid.wimp.CheckBox.mouse_event ... ok
[  261s] set_label (urwid.wimp.CheckBox)
[  261s] Doctest: urwid.wimp.CheckBox.set_label ... ok
[  261s] set_state (urwid.wimp.CheckBox)
[  261s] Doctest: urwid.wimp.CheckBox.set_state ... ok
[  261s] toggle_state (urwid.wimp.CheckBox)
[  261s] Doctest: urwid.wimp.CheckBox.toggle_state ... ok
[  261s] __init__ (urwid.wimp.RadioButton)
[  261s] Doctest: urwid.wimp.RadioButton.__init__ ... ok
[  261s] set_state (urwid.wimp.RadioButton)
[  261s] Doctest: urwid.wimp.RadioButton.set_state ... ok
[  261s] toggle_state (urwid.wimp.RadioButton)
[  261s] Doctest: urwid.wimp.RadioButton.toggle_state ... ok
[  261s] render (urwid.wimp.SelectableIcon)
[  261s] Doctest: urwid.wimp.SelectableIcon.render ... ok
[  261s] __init__ (urwid.decoration.AttrMap)
[  261s] Doctest: urwid.decoration.AttrMap.__init__ ... ok
[  261s] set_attr_map (urwid.decoration.AttrMap)
[  261s] Doctest: urwid.decoration.AttrMap.set_attr_map ... ok
[  261s] set_focus_map (urwid.decoration.AttrMap)
[  261s] Doctest: urwid.decoration.AttrMap.set_focus_map ... ok
[  261s] __init__ (urwid.decoration.AttrWrap)
[  261s] Doctest: urwid.decoration.AttrWrap.__init__ ... ok
[  261s] __init__ (urwid.decoration.BoxAdapter)
[  261s] Doctest: urwid.decoration.BoxAdapter.__init__ ... ok
[  261s] rows (urwid.decoration.BoxAdapter)
[  261s] Doctest: urwid.decoration.BoxAdapter.rows ... ok
[  261s] __init__ (urwid.decoration.Padding)
[  261s] Doctest: urwid.decoration.Padding.__init__ ... ok
[  261s] WidgetDecoration (urwid.decoration)
[  261s] Doctest: urwid.decoration.WidgetDecoration ... ok
[  261s] _get_base_widget (urwid.decoration.WidgetDecoration)
[  261s] Doctest: urwid.decoration.WidgetDecoration._get_base_widget ... ok
[  261s] base_widget (urwid.decoration.WidgetDecoration)
[  261s] Doctest: urwid.decoration.WidgetDecoration.base_widget ... ok
[  261s] calculate_left_right_padding (urwid.decoration)
[  261s] Doctest: urwid.decoration.calculate_left_right_padding ... ok
[  261s] calculate_top_bottom_filler (urwid.decoration)
[  261s] Doctest: urwid.decoration.calculate_top_bottom_filler ... ok
[  261s] __init__ (urwid.display_common.AttrSpec)
[  261s] Doctest: urwid.display_common.AttrSpec.__init__ ... ok
[  261s] get_rgb_values (urwid.display_common.AttrSpec)
[  261s] Doctest: urwid.display_common.AttrSpec.get_rgb_values ... ok
[  261s] _color_desc_256 (urwid.display_common)
[  261s] Doctest: urwid.display_common._color_desc_256 ... ok
[  261s] _color_desc_88 (urwid.display_common)
[  261s] Doctest: urwid.display_common._color_desc_88 ... ok
[  261s] _parse_color_256 (urwid.display_common)
[  261s] Doctest: urwid.display_common._parse_color_256 ... ok
[  261s] _parse_color_88 (urwid.display_common)
[  261s] Doctest: urwid.display_common._parse_color_88 ... ok
[  261s] _value_lookup_table (urwid.display_common)
[  261s] Doctest: urwid.display_common._value_lookup_table ... ok
[  261s] _test_process_input (urwid.main_loop.MainLoop)
[  261s] Doctest: urwid.main_loop.MainLoop._test_process_input ... ok
[  261s] _test_run (urwid.main_loop.MainLoop)
[  261s] Doctest: urwid.main_loop.MainLoop._test_run ... ok
[  261s] _test_run_screen_event_loop (urwid.main_loop.MainLoop)
[  261s] Doctest: urwid.main_loop.MainLoop._test_run_screen_event_loop ... ok
[  261s] _update (urwid.main_loop.MainLoop)
[  261s] Doctest: urwid.main_loop.MainLoop._update ... ok
[  261s] _refl (urwid.main_loop)
[  261s] Doctest: urwid.main_loop._refl ... ok
[  261s] __init__ (urwid.numedit.FloatEdit)
[  261s] Doctest: urwid.numedit.FloatEdit.__init__ ... ok
[  261s] __init__ (urwid.numedit.IntegerEdit)
[  261s] Doctest: urwid.numedit.IntegerEdit.__init__ ... ok
[  261s] value (urwid.numedit.IntegerEdit)
[  261s] Doctest: urwid.numedit.IntegerEdit.value ... ok
[  261s] keypress (urwid.numedit.NumEdit)
[  261s] Doctest: urwid.numedit.NumEdit.keypress ... ok
[  261s] __delitem__ (urwid.monitored_list.MonitoredFocusList)
[  261s] Doctest: urwid.monitored_list.MonitoredFocusList.__delitem__ ... ok
[  261s] __imul__ (urwid.monitored_list.MonitoredFocusList)
[  261s] Doctest: urwid.monitored_list.MonitoredFocusList.__imul__ ... ok
[  261s] __init__ (urwid.monitored_list.MonitoredFocusList)
[  261s] Doctest: urwid.monitored_list.MonitoredFocusList.__init__ ... ok
[  261s] __setitem__ (urwid.monitored_list.MonitoredFocusList)
[  261s] Doctest: urwid.monitored_list.MonitoredFocusList.__setitem__ ... ok
[  261s] _get_focus (urwid.monitored_list.MonitoredFocusList)
[  261s] Doctest: urwid.monitored_list.MonitoredFocusList._get_focus ... ok
[  261s] _set_focus (urwid.monitored_list.MonitoredFocusList)
[  261s] Doctest: urwid.monitored_list.MonitoredFocusList._set_focus ... ok
[  261s] append (urwid.monitored_list.MonitoredFocusList)
[  261s] Doctest: urwid.monitored_list.MonitoredFocusList.append ... ok
[  261s] extend (urwid.monitored_list.MonitoredFocusList)
[  261s] Doctest: urwid.monitored_list.MonitoredFocusList.extend ... ok
[  261s] insert (urwid.monitored_list.MonitoredFocusList)
[  261s] Doctest: urwid.monitored_list.MonitoredFocusList.insert ... ok
[  261s] pop (urwid.monitored_list.MonitoredFocusList)
[  261s] Doctest: urwid.monitored_list.MonitoredFocusList.pop ... ok
[  261s] remove (urwid.monitored_list.MonitoredFocusList)
[  262s] Doctest: urwid.monitored_list.MonitoredFocusList.remove ... ok
[  262s] reverse (urwid.monitored_list.MonitoredFocusList)
[  262s] Doctest: urwid.monitored_list.MonitoredFocusList.reverse ... ok
[  262s] set_focus_changed_callback (urwid.monitored_list.MonitoredFocusList)
[  262s] Doctest: urwid.monitored_list.MonitoredFocusList.set_focus_changed_callback ... ok
[  262s] sort (urwid.monitored_list.MonitoredFocusList)
[  262s] Doctest: urwid.monitored_list.MonitoredFocusList.sort ... ok
[  262s] set_modified_callback (urwid.monitored_list.MonitoredList)
[  262s] Doctest: urwid.monitored_list.MonitoredList.set_modified_callback ... ok
[  262s] _attrspec_to_escape (urwid.raw_display.Screen)
[  262s] Doctest: urwid.raw_display.Screen._attrspec_to_escape ... ok
[  262s] normalize_repr (urwid.split_repr)
[  262s] Doctest: urwid.split_repr.normalize_repr ... ok
[  262s] python3_repr (urwid.split_repr)
[  262s] Doctest: urwid.split_repr.python3_repr ... ok
[  262s] remove_defaults (urwid.split_repr)
[  262s] Doctest: urwid.split_repr.remove_defaults ... ok
[  262s] split_repr (urwid.split_repr)
[  262s] Doctest: urwid.split_repr.split_repr ... ok
[  262s] int_scale (urwid.util)
[  262s] Doctest: urwid.util.int_scale ... ok
[  262s] connect (urwid.signals.Signals)
[  262s] Doctest: urwid.signals.Signals.connect ... Exception ignored in: <function Signals.connect.<locals>.weakref_callback at 0x400449b6a0>
[  262s] Traceback (most recent call last):
[  262s]   File "/home/abuild/rpmbuild/BUILD/urwid-2.1.2/urwid/signals.py", line 177, in weakref_callback
[  262s]     del getattr(o, self._signal_attr, {})[name][key]
[  262s]         ~~~~~~~~~~~~~~~~~~~~~~~~~~~~~~~~~~~~~~~^^^^^
[  262s] TypeError: list indices must be integers or slices, not Key
[  262s] ok
[  262s] connect_signal (urwid.signals)
[  262s] Doctest: urwid.signals.connect_signal ... Exception ignored in: <function Signals.connect.<locals>.weakref_callback at 0x400449b6a0>
[  262s] Traceback (most recent call last):
[  262s]   File "/home/abuild/rpmbuild/BUILD/urwid-2.1.2/urwid/signals.py", line 177, in weakref_callback
[  262s]     del getattr(o, self._signal_attr, {})[name][key]
[  262s]         ~~~~~~~~~~~~~~~~~~~~~~~~~~~~~~~~~~~~~~~^^^^^
[  262s] TypeError: list indices must be integers or slices, not Key
[  262s] ok
[  262s] __init__ (urwid.graphics.ProgressBar)
[  262s] Doctest: urwid.graphics.ProgressBar.__init__ ... ok
[  262s] test_bare_escape (urwid.tests.test_escapes.InputEscapeSequenceParserTest.test_bare_escape) ... ok
[  262s] test_bug_104 (urwid.tests.test_escapes.InputEscapeSequenceParserTest.test_bug_104)
[  262s] GH #104: click-Esc & Esc-click crashes urwid apps ... ok
[  262s] test_ctrl_pgup (urwid.tests.test_escapes.InputEscapeSequenceParserTest.test_ctrl_pgup) ... ok
[  262s] test_esc_meta_1 (urwid.tests.test_escapes.InputEscapeSequenceParserTest.test_esc_meta_1) ... ok
[  262s] test_meta (urwid.tests.test_escapes.InputEscapeSequenceParserTest.test_meta) ... ok
[  262s] test_midsequence (urwid.tests.test_escapes.InputEscapeSequenceParserTest.test_midsequence) ... ok
[  262s] test_mouse_press (urwid.tests.test_escapes.InputEscapeSequenceParserTest.test_mouse_press) ... ok
[  262s] test_shift_arrows (urwid.tests.test_escapes.InputEscapeSequenceParserTest.test_shift_arrows) ... ok
[  262s] test_coroutine_error (urwid.tests.test_event_loops.AsyncioEventLoopTest.test_coroutine_error) ... /home/abuild/rpmbuild/BUILD/urwid-2.1.2/urwid/main_loop.py:1392: DeprecationWarning: There is no current event loop
[  262s]   self._loop = asyncio.get_event_loop()
[  262s] ERROR
[  262s] test_error (urwid.tests.test_event_loops.AsyncioEventLoopTest.test_error) ... ok
[  262s] test_event_loop (urwid.tests.test_event_loops.AsyncioEventLoopTest.test_event_loop) ... ok
[  262s] test_remove_alarm (urwid.tests.test_event_loops.AsyncioEventLoopTest.test_remove_alarm) ... ok
[  262s] test_remove_watch_file (urwid.tests.test_event_loops.AsyncioEventLoopTest.test_remove_watch_file) ... ok
[  262s] test_run (urwid.tests.test_event_loops.AsyncioEventLoopTest.test_run) ... ok
[  262s] test_event_loop (urwid.tests.test_event_loops.SelectEventLoopTest.test_event_loop) ... ok
[  262s] test_remove_alarm (urwid.tests.test_event_loops.SelectEventLoopTest.test_remove_alarm) ... ok
[  262s] test_remove_watch_file (urwid.tests.test_event_loops.SelectEventLoopTest.test_remove_watch_file) ... ok
[  262s] test_run (urwid.tests.test_event_loops.SelectEventLoopTest.test_run) ... ok
[  262s] test1 (urwid.tests.test_graphics.BarGraphTest.test1) ... ok
[  262s] test2 (urwid.tests.test_graphics.BarGraphTest.test2) ... ok
[  262s] test_linebox_border (urwid.tests.test_graphics.LineBoxTest.test_linebox_border) ... ok
[  263s] test_linebox_pack (urwid.tests.test_graphics.LineBoxTest.test_linebox_pack) ... ok
[  263s] test1 (urwid.tests.test_graphics.SmoothBarGraphTest.test1) ... ok
[  263s] test1_simple (urwid.tests.test_listbox.ListBoxCalculateVisibleTest.test1_simple) ... ok
[  263s] test2_cursor (urwid.tests.test_listbox.ListBoxCalculateVisibleTest.test2_cursor) ... ok
[  263s] test1unselectable (urwid.tests.test_listbox.ListBoxChangeFocusTest.test1unselectable) ... ok
[  263s] test2selectable (urwid.tests.test_listbox.ListBoxChangeFocusTest.test2selectable) ... ok
[  263s] test3large_selectable (urwid.tests.test_listbox.ListBoxChangeFocusTest.test3large_selectable) ... ok
[  263s] test4cursor (urwid.tests.test_listbox.ListBoxChangeFocusTest.test4cursor) ... ok
[  263s] test5set_focus_valign (urwid.tests.test_listbox.ListBoxChangeFocusTest.test5set_focus_valign) ... ok
[  263s] test1_up (urwid.tests.test_listbox.ListBoxKeypressTest.test1_up) ... ok
[  263s] test2_down (urwid.tests.test_listbox.ListBoxKeypressTest.test2_down) ... ok
[  263s] test3_page_up (urwid.tests.test_listbox.ListBoxKeypressTest.test3_page_up) ... ok
[  263s] test4_page_down (urwid.tests.test_listbox.ListBoxKeypressTest.test4_page_down) ... ok
[  263s] test1_simple (urwid.tests.test_listbox.ListBoxRenderTest.test1_simple) ... ok
[  263s] test2_trim (urwid.tests.test_listbox.ListBoxRenderTest.test2_trim) ... ok
[  263s] test3_shift (urwid.tests.test_listbox.ListBoxRenderTest.test3_shift) ... ok
[  263s] test4_really_large_contents (urwid.tests.test_listbox.ListBoxRenderTest.test4_really_large_contents) ... ok
[  263s] test_listbox_pile (urwid.tests.test_listbox.ZeroHeightContentsTest.test_listbox_pile) ... ok
[  263s] test_listbox_text_pile_down (urwid.tests.test_listbox.ZeroHeightContentsTest.test_listbox_text_pile_down) ... ok
[  263s] test_listbox_text_pile_page_down (urwid.tests.test_listbox.ZeroHeightContentsTest.test_listbox_text_pile_page_down) ... ok
[  263s] test_listbox_text_pile_page_up (urwid.tests.test_listbox.ZeroHeightContentsTest.test_listbox_text_pile_page_up) ... ok
[  263s] test_listbox_text_pile_up (urwid.tests.test_listbox.ZeroHeightContentsTest.test_listbox_text_pile_up) ... ok
[  263s] test1byte (urwid.tests.test_str_util.DecodeOneTest.test1byte) ... ok
[  263s] test2byte (urwid.tests.test_str_util.DecodeOneTest.test2byte) ... ok
[  263s] test3byte (urwid.tests.test_str_util.DecodeOneTest.test3byte) ... ok
[  263s] test4byte (urwid.tests.test_str_util.DecodeOneTest.test4byte) ... ok
[  263s] test (urwid.tests.test_text_layout.CalcBreaksCantDisplayTest.test) ... ok
[  263s] test (urwid.tests.test_text_layout.CalcBreaksCharTest.test) ... ok
[  263s] test (urwid.tests.test_text_layout.CalcBreaksDBCharTest.test) ... ok
[  263s] test (urwid.tests.test_text_layout.CalcBreaksDBWordTest.test) ... ok
[  263s] test (urwid.tests.test_text_layout.CalcBreaksUTF8Test.test) ... ok
[  263s] test (urwid.tests.test_text_layout.CalcBreaksWordTest.test) ... ok
[  263s] test (urwid.tests.test_text_layout.CalcBreaksWordTest2.test) ... ok
[  263s] tests (urwid.tests.test_text_layout.CalcPosTest.tests) ... ok
[  263s] test1_left (urwid.tests.test_text_layout.CalcTranslateCantDisplayTest.test1_left) ... ok
[  263s] test2_right (urwid.tests.test_text_layout.CalcTranslateCantDisplayTest.test2_right) ... ok
[  263s] test3_center (urwid.tests.test_text_layout.CalcTranslateCantDisplayTest.test3_center) ... ok
[  263s] test1_left (urwid.tests.test_text_layout.CalcTranslateCharTest.test1_left) ... ok
[  263s] test2_right (urwid.tests.test_text_layout.CalcTranslateCharTest.test2_right) ... ok
[  263s] test3_center (urwid.tests.test_text_layout.CalcTranslateCharTest.test3_center) ... ok
[  263s] test1_left (urwid.tests.test_text_layout.CalcTranslateClipTest.test1_left) ... ok
[  263s] test2_right (urwid.tests.test_text_layout.CalcTranslateClipTest.test2_right) ... ok
[  263s] test3_center (urwid.tests.test_text_layout.CalcTranslateClipTest.test3_center) ... ok
[  263s] test1_left (urwid.tests.test_text_layout.CalcTranslateWordTest.test1_left) ... ok
[  263s] test2_right (urwid.tests.test_text_layout.CalcTranslateWordTest.test2_right) ... ok
[  263s] test3_center (urwid.tests.test_text_layout.CalcTranslateWordTest.test3_center) ... ok
[  263s] test1_left (urwid.tests.test_text_layout.CalcTranslateWordTest2.test1_left) ... ok
[  263s] test2_right (urwid.tests.test_text_layout.CalcTranslateWordTest2.test2_right) ... ok
[  263s] test3_center (urwid.tests.test_text_layout.CalcTranslateWordTest2.test3_center) ... ok
[  263s] test1_left (urwid.tests.test_text_layout.CalcTranslateWordTest3.test1_left) ... ok
[  263s] test2_right (urwid.tests.test_text_layout.CalcTranslateWordTest3.test2_right) ... ok
[  263s] test3_center (urwid.tests.test_text_layout.CalcTranslateWordTest3.test3_center) ... ok
[  263s] test1_left (urwid.tests.test_text_layout.CalcTranslateWordTest4.test1_left) ... ok
[  263s] test2_right (urwid.tests.test_text_layout.CalcTranslateWordTest4.test2_right) ... ok
[  263s] test3_center (urwid.tests.test_text_layout.CalcTranslateWordTest4.test3_center) ... ok
[  263s] test1_left (urwid.tests.test_text_layout.CalcTranslateWordTest5.test1_left) ... ok
[  263s] test2_right (urwid.tests.test_text_layout.CalcTranslateWordTest5.test2_right) ... ok
[  263s] test3_center (urwid.tests.test_text_layout.CalcTranslateWordTest5.test3_center) ... ok
[  263s] test (urwid.tests.test_text_layout.Pos2CoordsTest.test) ... ok
[  263s] test1_padding (urwid.tests.test_text_layout.SubsegTest.test1_padding) ... ok
[  263s] test2_text (urwid.tests.test_text_layout.SubsegTest.test2_text) ... ok
[  263s] test3_range (urwid.tests.test_text_layout.SubsegTest.test3_range) ... ok
[  263s] test1 (urwid.tests.test_util.CalcTextPosTest.test1) ... ok
[  263s] test2_wide (urwid.tests.test_util.CalcTextPosTest.test2_wide) ... ok
[  263s] test3_utf8 (urwid.tests.test_util.CalcTextPosTest.test3_utf8) ... ok
[  263s] test4_utf8 (urwid.tests.test_util.CalcTextPosTest.test4_utf8) ... ok
[  263s] test1 (urwid.tests.test_util.CalcWidthTest.test1) ... ok
[  263s] test2 (urwid.tests.test_util.CalcWidthTest.test2) ... ok
[  263s] test1 (urwid.tests.test_util.ConvertDecSpecialTest.test1) ... ok
[  263s] test_locale (urwid.tests.test_util.PortabilityTest.test_locale) ... ok
[  263s] test_rle_append (urwid.tests.test_util.RleTest.test_rle_append) ... ok
[  263s] test_rle_prepend (urwid.tests.test_util.RleTest.test_rle_prepend) ... ok
[  263s] test (urwid.tests.test_util.TagMarkupTest.test) ... ok
[  263s] test_bad_tuple (urwid.tests.test_util.TagMarkupTest.test_bad_tuple) ... ok
[  263s] test_bad_type (urwid.tests.test_util.TagMarkupTest.test_bad_type) ... ok
[  263s] test1 (urwid.tests.test_util.WithinDoubleByteTest.test1) ... ok
[  263s] test2 (urwid.tests.test_util.WithinDoubleByteTest.test2) ... ok
[  263s] test3 (urwid.tests.test_util.WithinDoubleByteTest.test3) ... ok
[  263s] test1_SpaceWrap (urwid.tests.test_widget.EditRenderTest.test1_SpaceWrap) ... ok
[  263s] test2_ClipWrap (urwid.tests.test_widget.EditRenderTest.test2_ClipWrap) ... ok
[  263s] test3_AnyWrap (urwid.tests.test_widget.EditRenderTest.test3_AnyWrap) ... ok
[  263s] test4_CursorNudge (urwid.tests.test_widget.EditRenderTest.test4_CursorNudge) ... ok
[  263s] test1_left (urwid.tests.test_widget.EditTest.test1_left) ... ok
[  263s] test2_right (urwid.tests.test_widget.EditTest.test2_right) ... ok
[  263s] test3_up (urwid.tests.test_widget.EditTest.test3_up) ... ok
[  263s] test4_down (urwid.tests.test_widget.EditTest.test4_down) ... ok
[  263s] test_utf8_input (urwid.tests.test_widget.EditTest.test_utf8_input) ... ok
[  263s] test1_wrap (urwid.tests.test_widget.TextTest.test1_wrap) ... ok
[  263s] test2_left (urwid.tests.test_widget.TextTest.test2_left) ... ok
[  263s] test3_right (urwid.tests.test_widget.TextTest.test3_right) ... ok
[  263s] test4_center (urwid.tests.test_widget.TextTest.test4_center) ... ok
[  263s] test5_encode_error (urwid.tests.test_widget.TextTest.test5_encode_error) ... ok
[  263s] 
[  263s] ======================================================================
[  263s] ERROR: test_coroutine_error (urwid.tests.test_event_loops.AsyncioEventLoopTest.test_coroutine_error)
[  263s] ----------------------------------------------------------------------
[  263s] Traceback (most recent call last):
[  263s]   File "/home/abuild/rpmbuild/BUILD/urwid-2.1.2/urwid/tests/test_event_loops.py", line 207, in test_coroutine_error
[  263s]     @asyncio.coroutine
[  263s]      ^^^^^^^^^^^^^^^^^
[  263s] AttributeError: module 'asyncio' has no attribute 'coroutine'
[  263s] 
[  263s] ----------------------------------------------------------------------
[  263s] Ran 273 tests in 3.195s
[  263s] 
[  263s] FAILED (errors=1)
[  263s] error: Bad exit status from /var/tmp/rpm-tmp.EGtfUU (%check)
[  263s] 
[  263s] RPM build errors:
[  263s]     Bad exit status from /var/tmp/rpm-tmp.EGtfUU (%check)
[  264s] ### VM INTERACTION START ###
[  264s] [  259.466630][    T1] sysrq: Power Off
[  264s] [  259.469768][   T18] reboot: Power down
[  264s] ### VM INTERACTION END ###
[  264s] 
[  264s] lamb06 failed "build python-urwid.spec" at Sat Feb 18 20:09:11 UTC 2023.
[  264s] 
