[    0s] Using BUILD_ROOT=/var/cache/obs/worker/root_14/.mount
[    0s] Using BUILD_ARCH=riscv64
[    0s] Doing kvm build in /var/cache/obs/worker/root_14/root
[    0s] 
[    0s] 
[    0s] old-cirrus2 started "build python-cerealizer.spec" at Sat Feb 18 20:04:21 UTC 2023.
[    0s] 
[    0s] Building python-cerealizer for project 'openSUSE:Factory:RISCV' repository 'standard' arch 'riscv64' srcmd5 'ca8504574794dd107f61d725e29f95e5'
[    0s] 
[    0s] processing recipe /var/cache/obs/worker/root_14/.build-srcdir/python-cerealizer.spec ...
[    0s] running changelog2spec --target rpm --file /var/cache/obs/worker/root_14/.build-srcdir/python-cerealizer.spec
[    0s] init_buildsystem --configdir /var/run/obs/worker/14/build/configs --cachedir /var/cache/build --prepare --clean --rpmlist /var/cache/obs/worker/root_14/.build.rpmlist /var/cache/obs/worker/root_14/.build-srcdir/python-cerealizer.spec build ...
[    1s] unpacking preinstall image openSUSE:Factory:RISCV/standard/preinstallimage-base [7f1f24da28b81384a50e3930e651d4e0]
[    3s] 
[    3s] copying packages...
[    4s] reordering...cycle: libpython3_10-1_0 -> python310-base
[    4s]   breaking dependency python310-base -> libpython3_10-1_0
[    4s] cycle: libpython3_11-1_0 -> python311-base
[    4s]   breaking dependency python311-base -> libpython3_11-1_0
[    4s] cycle: libpython3_8-1_0 -> python38-base
[    4s]   breaking dependency python38-base -> libpython3_8-1_0
[    4s] cycle: libpython3_9-1_0 -> python39-base
[    4s]   breaking dependency python39-base -> libpython3_9-1_0
[    4s] done
[    4s] Detected virtio-serial support
[    5s] booting kvm...
[    5s] ### VM INTERACTION START ###
[    5s] Using virtio-serial support
[    5s] /usr/bin/qemu-kvm -nodefaults -no-reboot -nographic -vga none -cpu host -M pc,accel=kvm,usb=off,dump-guest-core=off,vmport=off -sandbox on -bios /usr/share/qemu/qboot.rom -object rng-random,filename=/dev/random,id=rng0 -device virtio-rng-pci,rng=rng0 -object iothread,id=io0 -runas qemu -net none -kernel /var/cache/obs/worker/root_14/.mount/boot/kernel -initrd /var/cache/obs/worker/root_14/.mount/boot/initrd -append root=/dev/disk/by-id/virtio-0 rootfstype=ext4 rootflags=noatime kvmclock mitigations=off elevator=noop nmi_watchdog=0 rw rd.driver.pre=binfmt_misc oops=panic panic=1 quiet console=hvc0 init=/.build/initvm.x86_64 -m 8192 -drive file=/var/cache/obs/worker/root_14/root,format=raw,if=none,id=disk,cache=unsafe,aio=io_uring -device virtio-blk-pci,iothread=io0,drive=disk,serial=0 -drive file=/var/cache/obs/worker/root_14/swap,format=raw,if=none,id=swap,cache=unsafe,aio=io_uring -device virtio-blk-pci,iothread=io0,drive=swap,serial=1 -device virtio-serial,max_ports=2 -device virtconsole,chardev=virtiocon0 -chardev stdio,id=virtiocon0 -chardev socket,id=monitor,server=on,wait=off,path=/var/cache/obs/worker/root_14/root.qemu/monitor -mon chardev=monitor,mode=readline -smp 4
[   10s] ### VM INTERACTION END ###
[   10s] 2nd stage started in virtual machine
[   11s] machine type: riscv64
[   11s] Linux version: 6.1.12-1-default #1 SMP PREEMPT_DYNAMIC Wed Feb 15 05:31:41 UTC 2023 (373f017)
[   11s] Increasing log level from now on...
[   11s] [    5.317789][  T370] sysrq: Changing Loglevel
[   11s] [    5.318050][  T370] sysrq: Loglevel set to 4
[   11s] Enable sysrq operations
[   12s] Setting up swapspace version 1, size = 2 GiB (2147479552 bytes)
[   12s] no label, UUID=8520c078-5c8b-4556-a1bd-3ea9a37112b3
[   12s] swapon: /dev/vdb: found signature [pagesize=4096, signature=swap]
[   12s] swapon: /dev/vdb: pagesize=4096, swapsize=2147483648, devsize=2147483648
[   12s] swapon /dev/vdb
[   12s] WARNING: udev not running, creating extra device nodes
[   13s] logging output to //.build.log...
[   13s] processing recipe /.build-srcdir/python-cerealizer.spec ...
[   13s] init_buildsystem --configdir /.build/configs --cachedir /var/cache/build /.build-srcdir/python-cerealizer.spec build ...
[   14s] initializing rpm db...
[   14s] querying package ids...
[   40s] [1/147] preinstalled aaa_base-84.87+git20220822.6b9f7a3-1.1
[   40s] [2/147] preinstalled aaa_base-malloccheck-84.87+git20220822.6b9f7a3-1.1
[   40s] [3/147] preinstalled attr-2.5.1-1.1
[   40s] [4/147] preinstalled bash-5.2.15-8.1
[   40s] [5/147] preinstalled bash-sh-5.2.15-8.1
[   40s] [6/147] preinstalled binutils-2.39-3.1
[   40s] [7/147] preinstalled brp-check-suse-84.87+git20221115.2f7add6-1.1
[   40s] [8/147] preinstalled build-compare-20221206T204012.bb70754-1.2
[   40s] [9/147] preinstalled build-mkbaselibs-20230215-1.1
[   40s] [10/147] preinstalled bzip2-1.0.8-4.1
[   40s] [11/147] preinstalled chkstat-1599_20221220-1.2
[   40s] [12/147] preinstalled compat-usrmerge-build-84.87-5.1
[   40s] [13/147] preinstalled compat-usrmerge-tools-84.87-5.1
[   40s] [14/147] preinstalled coreutils-9.1-5.1
[   40s] [15/147] preinstalled cpio-2.13-5.1
[   40s] [16/147] preinstalled cpp-12-2.1
[   40s] [17/147] preinstalled cpp12-12.2.1+git749-4.1
[   40s] [18/147] cumulate crypto-policies-20210917.c9d86d1-1.1
[   40s] [19/147] preinstalled debugedit-5.0-5.1
[   40s] [20/147] preinstalled diffutils-3.9-1.1
[   40s] [21/147] preinstalled dwz-0.15-2.1
[   40s] [22/147] preinstalled elfutils-0.188-3.2
[   40s] [23/147] cumulate fdupes-2.2.1-1.1
[   40s] [24/147] preinstalled file-5.44-1.1
[   40s] [25/147] preinstalled file-magic-5.44-1.1
[   40s] [26/147] preinstalled filesystem-84.87-12.1
[   40s] [27/147] preinstalled fillup-1.42-279.1
[   40s] [28/147] preinstalled findutils-4.9.0-2.1
[   40s] [29/147] preinstalled gawk-5.2.1-2.1
[   40s] [30/147] preinstalled gcc-12-2.1
[   40s] [31/147] preinstalled gcc-PIE-12-2.1
[   40s] [32/147] preinstalled gcc12-12.2.1+git749-4.1
[   40s] [33/147] preinstalled gcc12-PIE-12.2.1+git749-4.1
[   40s] [34/147] preinstalled gettext-runtime-mini-0.21.1-1.1
[   41s] [35/147] preinstalled gettext-tools-mini-0.21.1-1.1
[   41s] [36/147] preinstalled glibc-2.37-1.1
[   41s] [37/147] preinstalled glibc-devel-2.37-1.1
[   41s] [38/147] preinstalled glibc-locale-base-2.37-1.1
[   41s] [39/147] preinstalled grep-3.8-3.1
[   41s] [40/147] preinstalled gzip-1.12-3.1
[   41s] [41/147] preinstalled kernel-obs-build-6.1.12-1.1
[   41s] [42/147] preinstalled libacl1-2.3.1-2.1
[   41s] [43/147] preinstalled libasan8-13.0.1+git5428-6.1
[   41s] [44/147] preinstalled libasm1-0.188-3.2
[   41s] [45/147] preinstalled libatomic1-13.0.1+git5428-6.1
[   41s] [46/147] preinstalled libattr1-2.5.1-1.1
[   41s] [47/147] preinstalled libaudit1-3.0.6-4.1
[   41s] [48/147] preinstalled libblkid1-2.38.1-7.1
[   41s] [49/147] preinstalled libbz2-1-1.0.8-4.1
[   41s] [50/147] preinstalled libcap-ng0-0.8.3-1.1
[   41s] [51/147] preinstalled libcap2-2.67-1.1
[   41s] [52/147] preinstalled libcrypt1-4.4.33-1.1
[   41s] [53/147] preinstalled libctf-nobfd0-2.39-3.1
[   41s] [54/147] preinstalled libctf0-2.39-3.1
[   41s] [55/147] preinstalled libdb-4_8-4.8.30-39.1
[   41s] [56/147] preinstalled libdw1-0.188-3.2
[   41s] [57/147] preinstalled libeconf0-0.5.1-1.1
[   41s] [58/147] preinstalled libelf1-0.188-3.2
[   41s] [59/147] cumulate libexpat1-2.5.0-2.1
[   41s] [60/147] preinstalled libfdisk1-2.38.1-7.1
[   41s] [61/147] cumulate libffi8-3.4.4-1.1
[   41s] [62/147] preinstalled libgcc_s1-13.0.1+git5428-6.1
[   41s] [63/147] preinstalled libgcrypt20-1.10.1-1.1
[   41s] [64/147] preinstalled libgdbm6-1.23-1.1
[   41s] [65/147] preinstalled libgdbm_compat4-1.23-1.1
[   41s] [66/147] preinstalled libgmp10-6.2.1-4.1
[   41s] [67/147] preinstalled libgomp1-13.0.1+git5428-6.1
[   41s] [68/147] preinstalled libgpg-error0-1.46-1.1
[   41s] [69/147] preinstalled libisl23-0.25-1.1
[   41s] [70/147] preinstalled liblua5_4-5-5.4.4-8.1
[   41s] [71/147] preinstalled liblzma5-5.4.1-1.1
[   41s] [72/147] preinstalled libmagic1-5.44-1.1
[   41s] [73/147] preinstalled libmount1-2.38.1-7.1
[   41s] [74/147] preinstalled libmpc3-1.3.1-1.2
[   41s] [75/147] cumulate libmpdec3-2.5.1-2.1
[   41s] [76/147] preinstalled libmpfr6-4.2.0-1.1
[   41s] [77/147] preinstalled libncurses6-6.4.20230128-5.1
[   41s] [78/147] preinstalled libpcre2-8-0-10.42-3.2
[   41s] [79/147] preinstalled libpkgconf3-1.8.0-2.1
[   41s] [80/147] preinstalled libpopt0-1.19-1.1
[   41s] [81/147] preinstalled libreadline8-8.2-2.1
[   41s] [82/147] preinstalled librpmbuild9-4.18.0-3.1
[   41s] [83/147] preinstalled libseccomp2-2.5.4-2.1
[   41s] [84/147] preinstalled libselinux1-3.4-2.1
[   41s] [85/147] preinstalled libsemanage-conf-3.4-1.1
[   41s] [86/147] preinstalled libsemanage2-3.4-1.1
[   41s] [87/147] preinstalled libsepol2-3.4-1.1
[   41s] [88/147] preinstalled libsmartcols1-2.38.1-7.1
[   41s] [89/147] preinstalled libstdc++6-13.0.1+git5428-6.1
[   41s] [90/147] preinstalled libsubid4-4.13-3.1
[   41s] [91/147] preinstalled libubsan1-13.0.1+git5428-6.1
[   41s] [92/147] preinstalled libutempter0-1.2.0-3.2
[   41s] [93/147] preinstalled libuuid1-2.38.1-7.1
[   41s] [94/147] preinstalled libxcrypt-devel-4.4.33-1.1
[   41s] [95/147] preinstalled libz1-1.2.13-2.1
[   41s] [96/147] preinstalled libzstd1-1.5.2-2.1
[   41s] [97/147] preinstalled linux-glibc-devel-6.1-1.1
[   41s] [98/147] preinstalled login_defs-4.13-3.1
[   41s] [99/147] preinstalled lua54-5.4.4-8.1
[   41s] [100/147] preinstalled make-4.4-2.1
[   41s] [101/147] preinstalled ncurses-utils-6.4.20230128-5.1
[   41s] [102/147] preinstalled pam-1.5.2-12.1
[   41s] [103/147] preinstalled patch-2.7.6-6.1
[   41s] [104/147] preinstalled perl-5.36.0-4.1
[   41s] [105/147] preinstalled perl-base-5.36.0-4.1
[   41s] [106/147] preinstalled permissions-1599_20221220-1.2
[   41s] [107/147] preinstalled permissions-config-1599_20221220-1.2
[   41s] [108/147] preinstalled pkgconf-1.8.0-2.1
[   41s] [109/147] preinstalled pkgconf-m4-1.8.0-2.1
[   41s] [110/147] preinstalled pkgconf-pkg-config-1.8.0-2.1
[   41s] [111/147] preinstalled polkit-default-privs-1550+20221102.9f111fa-1.1
[   41s] [112/147] preinstalled post-build-checks-84.87+git20230106.3a359c5-1.1
[   41s] [113/147] cumulate python-rpm-macros-20230128.e704796-1.2
[   41s] [114/147] preinstalled qemu-linux-user-7.1.0-50.1
[   41s] [115/147] preinstalled rpm-4.18.0-3.1
[   41s] [116/147] preinstalled rpm-build-4.18.0-3.1
[   41s] [117/147] preinstalled rpm-build-perl-4.18.0-3.1
[   41s] [118/147] preinstalled rpm-config-SUSE-20220926-1.1
[   41s] [119/147] preinstalled rpmlint-mini-2.4.0+git20230214.1bab129-9.4
[   41s] [120/147] preinstalled rpmlint-strict-2.4.0+git20230214.1bab129-1.1
[   41s] [121/147] preinstalled sed-4.9-2.1
[   41s] [122/147] preinstalled shadow-4.13-3.1
[   41s] [123/147] preinstalled system-group-hardware-20170617-24.1
[   41s] [124/147] preinstalled system-user-root-20190513-2.1
[   41s] [125/147] preinstalled systemd-rpm-macros-19-1.1
[   41s] [126/147] preinstalled sysuser-shadow-3.1-5.1
[   41s] [127/147] preinstalled tar-1.34-9.1
[   41s] [128/147] preinstalled terminfo-base-6.4.20230128-5.1
[   41s] [129/147] preinstalled update-alternatives-1.21.8-1.1
[   41s] [130/147] preinstalled util-linux-2.38.1-7.1
[   41s] [131/147] preinstalled which-2.21-5.1
[   41s] [132/147] preinstalled xz-5.4.1-1.1
[   41s] [133/147] cumulate libopenssl3-3.0.7-3.1
[   41s] [134/147] cumulate python310-base-3.10.9-2.2
[   41s] [135/147] cumulate python311-base-3.11.1-4.2
[   41s] [136/147] cumulate python38-base-3.8.16-3.2
[   41s] [137/147] cumulate python39-base-3.9.16-3.2
[   41s] [138/147] cumulate libpython3_10-1_0-3.10.9-2.2
[   41s] [139/147] cumulate libpython3_11-1_0-3.11.1-4.2
[   41s] [140/147] cumulate libpython3_8-1_0-3.8.16-3.2
[   41s] [141/147] cumulate libpython3_9-1_0-3.9.16-3.2
[   41s] [142/147] cumulate python310-packaging-23.0-1.1
[   41s] [143/147] cumulate python310-setuptools-65.6.3-1.2
[   41s] [144/147] cumulate python311-setuptools-65.6.3-1.2
[   41s] [145/147] cumulate python38-setuptools-65.6.3-1.2
[   41s] [146/147] cumulate python39-setuptools-65.6.3-1.2
[   41s] [147/147] cumulate python-rpm-packaging-20210526+a18ca48-1.2
[   41s] now installing cumulated packages
[   42s] Preparing...                          ########################################
[   42s] Updating / installing...
[   42s] libmpdec3-2.5.1-2.1                   ########################################
[   42s] libffi8-3.4.4-1.1                     ########################################
[   42s] libexpat1-2.5.0-2.1                   ########################################
[   42s] python-rpm-macros-20230128.e704796-1.2########################################
[   42s] crypto-policies-20210917.c9d86d1-1.1  ########################################
[   43s] libopenssl3-3.0.7-3.1                 ########################################
[   44s] libpython3_10-1_0-3.10.9-2.2          ########################################
[   49s] python310-base-3.10.9-2.2             ########################################
[   50s] libpython3_11-1_0-3.11.1-4.2          ########################################
[   57s] python311-base-3.11.1-4.2             ########################################
[   58s] libpython3_8-1_0-3.8.16-3.2           ########################################
[   64s] python38-base-3.8.16-3.2              ########################################
[   65s] libpython3_9-1_0-3.9.16-3.2           ########################################
[   71s] python39-base-3.9.16-3.2              ########################################
[   71s] python310-packaging-23.0-1.1          ########################################
[   71s] python-rpm-packaging-20210526+a18ca48-########################################
[   72s] python39-setuptools-65.6.3-1.2        ########################################
[   74s] python38-setuptools-65.6.3-1.2        ########################################
[   75s] python311-setuptools-65.6.3-1.2       ########################################
[   77s] python310-setuptools-65.6.3-1.2       ########################################
[   77s] fdupes-2.2.1-1.1                      ########################################
[   79s] now finalizing build dir...
[   79s] ... running 01-add_abuild_user_to_trusted_group
[   79s] ... running 02-set_timezone_to_utc
[   80s] ... running 03-set-permissions-secure
[   80s] ... running 11-hack_uname_version_to_kernel_version
[   90s] -----------------------------------------------------------------
[   90s] I have the following modifications for python-cerealizer.spec:
[   90s] 22c22
[   90s] < Release:        0
[   90s] ---
[   90s] > Release:        1.10
[   99s] build target is riscv64-suse-linux
[   99s] -----------------------------------------------------------------
[   99s] ----- building python-cerealizer.spec (user abuild)
[   99s] -----------------------------------------------------------------
[   99s] -----------------------------------------------------------------
[  103s] + exec rpmbuild -ba --define '_srcdefattr (-,root,root)' --nosignature --target=riscv64-suse-linux --define '_build_create_debug 1' --define 'disturl obs://build.opensuse.org/openSUSE:Factory:RISCV/standard/ca8504574794dd107f61d725e29f95e5-python-cerealizer' /home/abuild/rpmbuild/SOURCES/python-cerealizer.spec
[  114s] Building target platforms: riscv64-suse-linux
[  114s] Building for target riscv64-suse-linux
[  114s] setting SOURCE_DATE_EPOCH=1551830400
[  115s] Executing(%prep): /usr/bin/bash -e /var/tmp/rpm-tmp.KlA3P8
[  115s] + umask 022
[  115s] + cd /home/abuild/rpmbuild/BUILD
[  115s] + cd /home/abuild/rpmbuild/BUILD
[  115s] + rm -rf Cerealizer-0.8.3
[  115s] + /usr/lib/rpm/rpmuncompress -x /home/abuild/rpmbuild/SOURCES/Cerealizer-0.8.3.tar.gz
[  115s] + STATUS=0
[  115s] + '[' 0 -ne 0 ']'
[  115s] + cd Cerealizer-0.8.3
[  115s] + /usr/bin/chmod -Rf a+rX,u+w,g-w,o-w .
[  115s] + cp /home/abuild/rpmbuild/SOURCES/Python-2.0.txt .
[  116s] + RPM_EC=0
[  116s] ++ jobs -p
[  116s] + exit 0
[  116s] Executing(%build): /usr/bin/bash -e /var/tmp/rpm-tmp.0oyLZO
[  116s] + umask 022
[  116s] + cd /home/abuild/rpmbuild/BUILD
[  116s] + /usr/bin/rm -rf /home/abuild/rpmbuild/BUILDROOT/python-cerealizer-0.8.3-1.10.riscv64
[  116s] ++ dirname /home/abuild/rpmbuild/BUILDROOT/python-cerealizer-0.8.3-1.10.riscv64
[  116s] + /usr/bin/mkdir -p /home/abuild/rpmbuild/BUILDROOT
[  116s] + /usr/bin/mkdir /home/abuild/rpmbuild/BUILDROOT/python-cerealizer-0.8.3-1.10.riscv64
[  116s] + cd Cerealizer-0.8.3
[  116s] + ref=/usr/lib/rpm
[  116s] + mints=0
[  116s] + case $(uname -m) in
[  116s] ++ uname -m
[  116s] + mints=20160911
[  116s] + for s in guess sub
[  116s] ++ find -maxdepth 8 -name config.guess
[  117s] + for s in guess sub
[  117s] ++ find -maxdepth 8 -name config.sub
[  117s] ++ '[' -f _current_flavor ']'
[  117s] ++ true
[  117s] + last_flavor=
[  117s] + '[' -z '' ']'
[  117s] + last_flavor=tmp
[  117s] + '[' tmp '!=' python38 ']'
[  117s] + '[' -d build ']'
[  117s] + '[' -d _build.python38 ']'
[  117s] + echo python38
[  117s] + python_flavor=python38
[  117s] + /usr/bin/python3.8 setup.py build '--executable=/usr/bin/python3.8 -s'
[  121s] running build
[  121s] running build_py
[  121s] creating build
[  121s] creating build/lib
[  121s] creating build/lib/cerealizer
[  121s] copying __init__.py -> build/lib/cerealizer
[  121s] copying datetime_handler.py -> build/lib/cerealizer
[  121s] /usr/lib/python3.8/site-packages/setuptools/dist.py:770: UserWarning: Usage of dash-separated 'force-manifest' will not be supported in future versions. Please use the underscore name 'force_manifest' instead
[  121s]   warnings.warn(
[  121s] /usr/lib/python3.8/site-packages/setuptools/dist.py:770: UserWarning: Usage of dash-separated 'dist-dir' will not be supported in future versions. Please use the underscore name 'dist_dir' instead
[  121s]   warnings.warn(
[  122s] ++ '[' -f _current_flavor ']'
[  122s] ++ cat _current_flavor
[  122s] + last_flavor=python38
[  122s] + '[' -z python38 ']'
[  122s] + '[' python38 '!=' python39 ']'
[  122s] + '[' -d build ']'
[  122s] + mv build _build.python38
[  122s] + '[' -d _build.python39 ']'
[  122s] + echo python39
[  122s] + python_flavor=python39
[  122s] + /usr/bin/python3.9 setup.py build '--executable=/usr/bin/python3.9 -s'
[  125s] /usr/lib/python3.9/site-packages/setuptools/dist.py:770: UserWarning: Usage of dash-separated 'force-manifest' will not be supported in future versions. Please use the underscore name 'force_manifest' instead
[  125s]   warnings.warn(
[  125s] /usr/lib/python3.9/site-packages/setuptools/dist.py:770: UserWarning: Usage of dash-separated 'dist-dir' will not be supported in future versions. Please use the underscore name 'dist_dir' instead
[  125s]   warnings.warn(
[  126s] running build
[  126s] running build_py
[  126s] creating build
[  126s] creating build/lib
[  126s] creating build/lib/cerealizer
[  126s] copying __init__.py -> build/lib/cerealizer
[  126s] copying datetime_handler.py -> build/lib/cerealizer
[  126s] ++ '[' -f _current_flavor ']'
[  126s] ++ cat _current_flavor
[  126s] + last_flavor=python39
[  126s] + '[' -z python39 ']'
[  126s] + '[' python39 '!=' python311 ']'
[  126s] + '[' -d build ']'
[  126s] + mv build _build.python39
[  126s] + '[' -d _build.python311 ']'
[  126s] + echo python311
[  126s] + python_flavor=python311
[  126s] + /usr/bin/python3.11 setup.py build '--executable=/usr/bin/python3.11 -s'
[  129s] /usr/lib/python3.11/site-packages/setuptools/dist.py:770: UserWarning: Usage of dash-separated 'force-manifest' will not be supported in future versions. Please use the underscore name 'force_manifest' instead
[  129s]   warnings.warn(
[  129s] /usr/lib/python3.11/site-packages/setuptools/dist.py:770: UserWarning: Usage of dash-separated 'dist-dir' will not be supported in future versions. Please use the underscore name 'dist_dir' instead
[  129s]   warnings.warn(
[  130s] running build
[  130s] running build_py
[  130s] creating build
[  130s] creating build/lib
[  130s] creating build/lib/cerealizer
[  130s] copying __init__.py -> build/lib/cerealizer
[  130s] copying datetime_handler.py -> build/lib/cerealizer
[  130s] ++ '[' -f _current_flavor ']'
[  130s] ++ cat _current_flavor
[  130s] + last_flavor=python311
[  130s] + '[' -z python311 ']'
[  130s] + '[' python311 '!=' python310 ']'
[  130s] + '[' -d build ']'
[  130s] + mv build _build.python311
[  130s] + '[' -d _build.python310 ']'
[  130s] + echo python310
[  130s] + python_flavor=python310
[  130s] + /usr/bin/python3.10 setup.py build '--executable=/usr/bin/python3.10 -s'
[  134s] /usr/lib/python3.10/site-packages/setuptools/dist.py:770: UserWarning: Usage of dash-separated 'force-manifest' will not be supported in future versions. Please use the underscore name 'force_manifest' instead
[  134s]   warnings.warn(
[  134s] /usr/lib/python3.10/site-packages/setuptools/dist.py:770: UserWarning: Usage of dash-separated 'dist-dir' will not be supported in future versions. Please use the underscore name 'dist_dir' instead
[  134s]   warnings.warn(
[  134s] running build
[  134s] running build_py
[  134s] creating build
[  134s] creating build/lib
[  134s] creating build/lib/cerealizer
[  134s] copying __init__.py -> build/lib/cerealizer
[  134s] copying datetime_handler.py -> build/lib/cerealizer
[  134s] + RPM_EC=0
[  134s] ++ jobs -p
[  134s] + exit 0
[  135s] Executing(%install): /usr/bin/bash -e /var/tmp/rpm-tmp.itxxHf
[  135s] + umask 022
[  135s] + cd /home/abuild/rpmbuild/BUILD
[  135s] + /usr/bin/rm -rf /home/abuild/rpmbuild/BUILDROOT/python-cerealizer-0.8.3-1.10.riscv64
[  135s] + /usr/bin/mkdir -p /home/abuild/rpmbuild/BUILDROOT
[  135s] + /usr/bin/mkdir /home/abuild/rpmbuild/BUILDROOT/python-cerealizer-0.8.3-1.10.riscv64
[  135s] + cd Cerealizer-0.8.3
[  135s] ++ '[' -f _current_flavor ']'
[  135s] ++ cat _current_flavor
[  135s] + last_flavor=python310
[  135s] + '[' -z python310 ']'
[  135s] + '[' python310 '!=' python38 ']'
[  135s] + '[' -d build ']'
[  135s] + mv build _build.python310
[  135s] + '[' -d _build.python38 ']'
[  135s] + mv _build.python38 build
[  135s] + echo python38
[  135s] + python_flavor=python38
[  135s] + /usr/bin/python3.8 setup.py install -O1 --skip-build --force --root /home/abuild/rpmbuild/BUILDROOT/python-cerealizer-0.8.3-1.10.riscv64 --prefix /usr
[  140s] running install
[  141s] running install_lib
[  141s] creating /home/abuild/rpmbuild/BUILDROOT/python-cerealizer-0.8.3-1.10.riscv64/usr
[  141s] creating /home/abuild/rpmbuild/BUILDROOT/python-cerealizer-0.8.3-1.10.riscv64/usr/lib
[  141s] creating /home/abuild/rpmbuild/BUILDROOT/python-cerealizer-0.8.3-1.10.riscv64/usr/lib/python3.8
[  141s] creating /home/abuild/rpmbuild/BUILDROOT/python-cerealizer-0.8.3-1.10.riscv64/usr/lib/python3.8/site-packages
[  141s] creating /home/abuild/rpmbuild/BUILDROOT/python-cerealizer-0.8.3-1.10.riscv64/usr/lib/python3.8/site-packages/cerealizer
[  141s] copying build/lib/cerealizer/__init__.py -> /home/abuild/rpmbuild/BUILDROOT/python-cerealizer-0.8.3-1.10.riscv64/usr/lib/python3.8/site-packages/cerealizer
[  141s] copying build/lib/cerealizer/datetime_handler.py -> /home/abuild/rpmbuild/BUILDROOT/python-cerealizer-0.8.3-1.10.riscv64/usr/lib/python3.8/site-packages/cerealizer
[  141s] byte-compiling /home/abuild/rpmbuild/BUILDROOT/python-cerealizer-0.8.3-1.10.riscv64/usr/lib/python3.8/site-packages/cerealizer/__init__.py to __init__.cpython-38.pyc
[  141s] byte-compiling /home/abuild/rpmbuild/BUILDROOT/python-cerealizer-0.8.3-1.10.riscv64/usr/lib/python3.8/site-packages/cerealizer/datetime_handler.py to datetime_handler.cpython-38.pyc
[  141s] writing byte-compilation script '/tmp/tmp90mqy9pz.py'
[  141s] /usr/bin/python3.8 /tmp/tmp90mqy9pz.py
[  145s] removing /tmp/tmp90mqy9pz.py
[  145s] running install_egg_info
[  145s] running egg_info
[  145s] writing Cerealizer.egg-info/PKG-INFO
[  145s] writing dependency_links to Cerealizer.egg-info/dependency_links.txt
[  145s] writing top-level names to Cerealizer.egg-info/top_level.txt
[  145s] reading manifest file 'Cerealizer.egg-info/SOURCES.txt'
[  145s] reading manifest template 'MANIFEST.in'
[  145s] writing manifest file 'Cerealizer.egg-info/SOURCES.txt'
[  145s] Copying Cerealizer.egg-info to /home/abuild/rpmbuild/BUILDROOT/python-cerealizer-0.8.3-1.10.riscv64/usr/lib/python3.8/site-packages/Cerealizer-0.8.3-py3.8.egg-info
[  145s] running install_scripts
[  146s] /usr/lib/python3.8/site-packages/setuptools/dist.py:770: UserWarning: Usage of dash-separated 'force-manifest' will not be supported in future versions. Please use the underscore name 'force_manifest' instead
[  146s]   warnings.warn(
[  146s] /usr/lib/python3.8/site-packages/setuptools/dist.py:770: UserWarning: Usage of dash-separated 'dist-dir' will not be supported in future versions. Please use the underscore name 'dist_dir' instead
[  146s]   warnings.warn(
[  146s] /usr/lib/python3.8/site-packages/setuptools/command/install.py:34: SetuptoolsDeprecationWarning: setup.py install is deprecated. Use build and pip and other standards-based tools.
[  146s]   warnings.warn(
[  146s] ++ '[' -f _current_flavor ']'
[  146s] ++ cat _current_flavor
[  146s] + last_flavor=python38
[  146s] + '[' -z python38 ']'
[  146s] + '[' python38 '!=' python39 ']'
[  146s] + '[' -d build ']'
[  146s] + mv build _build.python38
[  146s] + '[' -d _build.python39 ']'
[  146s] + mv _build.python39 build
[  146s] + echo python39
[  146s] + python_flavor=python39
[  146s] + /usr/bin/python3.9 setup.py install -O1 --skip-build --force --root /home/abuild/rpmbuild/BUILDROOT/python-cerealizer-0.8.3-1.10.riscv64 --prefix /usr
[  150s] /usr/lib/python3.9/site-packages/setuptools/dist.py:770: UserWarning: Usage of dash-separated 'force-manifest' will not be supported in future versions. Please use the underscore name 'force_manifest' instead
[  150s]   warnings.warn(
[  150s] /usr/lib/python3.9/site-packages/setuptools/dist.py:770: UserWarning: Usage of dash-separated 'dist-dir' will not be supported in future versions. Please use the underscore name 'dist_dir' instead
[  150s]   warnings.warn(
[  151s] running install
[  151s] /usr/lib/python3.9/site-packages/setuptools/command/install.py:34: SetuptoolsDeprecationWarning: setup.py install is deprecated. Use build and pip and other standards-based tools.
[  151s]   warnings.warn(
[  151s] running install_lib
[  151s] creating /home/abuild/rpmbuild/BUILDROOT/python-cerealizer-0.8.3-1.10.riscv64/usr/lib/python3.9
[  151s] creating /home/abuild/rpmbuild/BUILDROOT/python-cerealizer-0.8.3-1.10.riscv64/usr/lib/python3.9/site-packages
[  151s] creating /home/abuild/rpmbuild/BUILDROOT/python-cerealizer-0.8.3-1.10.riscv64/usr/lib/python3.9/site-packages/cerealizer
[  151s] copying build/lib/cerealizer/__init__.py -> /home/abuild/rpmbuild/BUILDROOT/python-cerealizer-0.8.3-1.10.riscv64/usr/lib/python3.9/site-packages/cerealizer
[  151s] copying build/lib/cerealizer/datetime_handler.py -> /home/abuild/rpmbuild/BUILDROOT/python-cerealizer-0.8.3-1.10.riscv64/usr/lib/python3.9/site-packages/cerealizer
[  151s] byte-compiling /home/abuild/rpmbuild/BUILDROOT/python-cerealizer-0.8.3-1.10.riscv64/usr/lib/python3.9/site-packages/cerealizer/__init__.py to __init__.cpython-39.pyc
[  151s] byte-compiling /home/abuild/rpmbuild/BUILDROOT/python-cerealizer-0.8.3-1.10.riscv64/usr/lib/python3.9/site-packages/cerealizer/datetime_handler.py to datetime_handler.cpython-39.pyc
[  151s] writing byte-compilation script '/tmp/tmpclcd75_q.py'
[  151s] /usr/bin/python3.9 /tmp/tmpclcd75_q.py
[  155s] removing /tmp/tmpclcd75_q.py
[  155s] running install_egg_info
[  155s] running egg_info
[  155s] writing Cerealizer.egg-info/PKG-INFO
[  155s] writing dependency_links to Cerealizer.egg-info/dependency_links.txt
[  155s] writing top-level names to Cerealizer.egg-info/top_level.txt
[  155s] reading manifest file 'Cerealizer.egg-info/SOURCES.txt'
[  155s] reading manifest template 'MANIFEST.in'
[  155s] writing manifest file 'Cerealizer.egg-info/SOURCES.txt'
[  155s] Copying Cerealizer.egg-info to /home/abuild/rpmbuild/BUILDROOT/python-cerealizer-0.8.3-1.10.riscv64/usr/lib/python3.9/site-packages/Cerealizer-0.8.3-py3.9.egg-info
[  155s] running install_scripts
[  156s] ++ '[' -f _current_flavor ']'
[  156s] ++ cat _current_flavor
[  156s] + last_flavor=python39
[  156s] + '[' -z python39 ']'
[  156s] + '[' python39 '!=' python311 ']'
[  156s] + '[' -d build ']'
[  156s] + mv build _build.python39
[  156s] + '[' -d _build.python311 ']'
[  156s] + mv _build.python311 build
[  156s] + echo python311
[  156s] + python_flavor=python311
[  156s] + /usr/bin/python3.11 setup.py install -O1 --skip-build --force --root /home/abuild/rpmbuild/BUILDROOT/python-cerealizer-0.8.3-1.10.riscv64 --prefix /usr
[  159s] /usr/lib/python3.11/site-packages/setuptools/dist.py:770: UserWarning: Usage of dash-separated 'force-manifest' will not be supported in future versions. Please use the underscore name 'force_manifest' instead
[  159s]   warnings.warn(
[  159s] /usr/lib/python3.11/site-packages/setuptools/dist.py:770: UserWarning: Usage of dash-separated 'dist-dir' will not be supported in future versions. Please use the underscore name 'dist_dir' instead
[  159s]   warnings.warn(
[  159s] running install
[  159s] /usr/lib/python3.11/site-packages/setuptools/command/install.py:34: SetuptoolsDeprecationWarning: setup.py install is deprecated. Use build and pip and other standards-based tools.
[  159s]   warnings.warn(
[  160s] running install_lib
[  160s] creating /home/abuild/rpmbuild/BUILDROOT/python-cerealizer-0.8.3-1.10.riscv64/usr/lib/python3.11
[  160s] creating /home/abuild/rpmbuild/BUILDROOT/python-cerealizer-0.8.3-1.10.riscv64/usr/lib/python3.11/site-packages
[  160s] creating /home/abuild/rpmbuild/BUILDROOT/python-cerealizer-0.8.3-1.10.riscv64/usr/lib/python3.11/site-packages/cerealizer
[  160s] copying build/lib/cerealizer/__init__.py -> /home/abuild/rpmbuild/BUILDROOT/python-cerealizer-0.8.3-1.10.riscv64/usr/lib/python3.11/site-packages/cerealizer
[  160s] copying build/lib/cerealizer/datetime_handler.py -> /home/abuild/rpmbuild/BUILDROOT/python-cerealizer-0.8.3-1.10.riscv64/usr/lib/python3.11/site-packages/cerealizer
[  160s] byte-compiling /home/abuild/rpmbuild/BUILDROOT/python-cerealizer-0.8.3-1.10.riscv64/usr/lib/python3.11/site-packages/cerealizer/__init__.py to __init__.cpython-311.pyc
[  160s] byte-compiling /home/abuild/rpmbuild/BUILDROOT/python-cerealizer-0.8.3-1.10.riscv64/usr/lib/python3.11/site-packages/cerealizer/datetime_handler.py to datetime_handler.cpython-311.pyc
[  160s] writing byte-compilation script '/tmp/tmpnsvjw6zu.py'
[  160s] /usr/bin/python3.11 /tmp/tmpnsvjw6zu.py
[  164s] removing /tmp/tmpnsvjw6zu.py
[  164s] running install_egg_info
[  164s] running egg_info
[  164s] writing Cerealizer.egg-info/PKG-INFO
[  164s] writing dependency_links to Cerealizer.egg-info/dependency_links.txt
[  164s] writing top-level names to Cerealizer.egg-info/top_level.txt
[  164s] reading manifest file 'Cerealizer.egg-info/SOURCES.txt'
[  164s] reading manifest template 'MANIFEST.in'
[  164s] writing manifest file 'Cerealizer.egg-info/SOURCES.txt'
[  164s] Copying Cerealizer.egg-info to /home/abuild/rpmbuild/BUILDROOT/python-cerealizer-0.8.3-1.10.riscv64/usr/lib/python3.11/site-packages/Cerealizer-0.8.3-py3.11.egg-info
[  164s] running install_scripts
[  165s] ++ '[' -f _current_flavor ']'
[  165s] ++ cat _current_flavor
[  165s] + last_flavor=python311
[  165s] + '[' -z python311 ']'
[  165s] + '[' python311 '!=' python310 ']'
[  165s] + '[' -d build ']'
[  165s] + mv build _build.python311
[  165s] + '[' -d _build.python310 ']'
[  165s] + mv _build.python310 build
[  165s] + echo python310
[  165s] + python_flavor=python310
[  165s] + /usr/bin/python3.10 setup.py install -O1 --skip-build --force --root /home/abuild/rpmbuild/BUILDROOT/python-cerealizer-0.8.3-1.10.riscv64 --prefix /usr
[  169s] /usr/lib/python3.10/site-packages/setuptools/dist.py:770: UserWarning: Usage of dash-separated 'force-manifest' will not be supported in future versions. Please use the underscore name 'force_manifest' instead
[  169s]   warnings.warn(
[  169s] /usr/lib/python3.10/site-packages/setuptools/dist.py:770: UserWarning: Usage of dash-separated 'dist-dir' will not be supported in future versions. Please use the underscore name 'dist_dir' instead
[  169s]   warnings.warn(
[  169s] running install
[  169s] /usr/lib/python3.10/site-packages/setuptools/command/install.py:34: SetuptoolsDeprecationWarning: setup.py install is deprecated. Use build and pip and other standards-based tools.
[  169s]   warnings.warn(
[  170s] running install_lib
[  170s] creating /home/abuild/rpmbuild/BUILDROOT/python-cerealizer-0.8.3-1.10.riscv64/usr/lib/python3.10
[  170s] creating /home/abuild/rpmbuild/BUILDROOT/python-cerealizer-0.8.3-1.10.riscv64/usr/lib/python3.10/site-packages
[  170s] creating /home/abuild/rpmbuild/BUILDROOT/python-cerealizer-0.8.3-1.10.riscv64/usr/lib/python3.10/site-packages/cerealizer
[  170s] copying build/lib/cerealizer/__init__.py -> /home/abuild/rpmbuild/BUILDROOT/python-cerealizer-0.8.3-1.10.riscv64/usr/lib/python3.10/site-packages/cerealizer
[  170s] copying build/lib/cerealizer/datetime_handler.py -> /home/abuild/rpmbuild/BUILDROOT/python-cerealizer-0.8.3-1.10.riscv64/usr/lib/python3.10/site-packages/cerealizer
[  170s] byte-compiling /home/abuild/rpmbuild/BUILDROOT/python-cerealizer-0.8.3-1.10.riscv64/usr/lib/python3.10/site-packages/cerealizer/__init__.py to __init__.cpython-310.pyc
[  170s] byte-compiling /home/abuild/rpmbuild/BUILDROOT/python-cerealizer-0.8.3-1.10.riscv64/usr/lib/python3.10/site-packages/cerealizer/datetime_handler.py to datetime_handler.cpython-310.pyc
[  170s] writing byte-compilation script '/tmp/tmpm5sou571.py'
[  170s] /usr/bin/python3.10 /tmp/tmpm5sou571.py
[  174s] removing /tmp/tmpm5sou571.py
[  174s] running install_egg_info
[  174s] running egg_info
[  174s] writing Cerealizer.egg-info/PKG-INFO
[  174s] writing dependency_links to Cerealizer.egg-info/dependency_links.txt
[  174s] writing top-level names to Cerealizer.egg-info/top_level.txt
[  174s] reading manifest file 'Cerealizer.egg-info/SOURCES.txt'
[  174s] reading manifest template 'MANIFEST.in'
[  175s] writing manifest file 'Cerealizer.egg-info/SOURCES.txt'
[  175s] Copying Cerealizer.egg-info to /home/abuild/rpmbuild/BUILDROOT/python-cerealizer-0.8.3-1.10.riscv64/usr/lib/python3.10/site-packages/Cerealizer-0.8.3-py3.10.egg-info
[  175s] running install_scripts
[  175s] ++ '[' -f _current_flavor ']'
[  175s] ++ cat _current_flavor
[  175s] + last_flavor=python310
[  175s] + '[' -z python310 ']'
[  175s] + '[' python310 '!=' python38 ']'
[  175s] + '[' -d build ']'
[  175s] + mv build _build.python310
[  175s] + '[' -d _build.python38 ']'
[  175s] + mv _build.python38 build
[  175s] + echo python38
[  175s] + python_flavor=python38
[  175s] + /usr/lib/rpm/fdupes_wrapper /home/abuild/rpmbuild/BUILDROOT/python-cerealizer-0.8.3-1.10.riscv64/usr/lib/python3.8/site-packages
[  176s] ++ '[' -f _current_flavor ']'
[  176s] ++ cat _current_flavor
[  176s] + last_flavor=python38
[  176s] + '[' -z python38 ']'
[  176s] + '[' python38 '!=' python39 ']'
[  176s] + '[' -d build ']'
[  176s] + mv build _build.python38
[  176s] + '[' -d _build.python39 ']'
[  176s] + mv _build.python39 build
[  176s] + echo python39
[  176s] + python_flavor=python39
[  176s] + /usr/lib/rpm/fdupes_wrapper /home/abuild/rpmbuild/BUILDROOT/python-cerealizer-0.8.3-1.10.riscv64/usr/lib/python3.9/site-packages
[  176s] ++ '[' -f _current_flavor ']'
[  176s] ++ cat _current_flavor
[  176s] + last_flavor=python39
[  176s] + '[' -z python39 ']'
[  176s] + '[' python39 '!=' python311 ']'
[  176s] + '[' -d build ']'
[  176s] + mv build _build.python39
[  176s] + '[' -d _build.python311 ']'
[  176s] + mv _build.python311 build
[  176s] + echo python311
[  176s] + python_flavor=python311
[  176s] + /usr/lib/rpm/fdupes_wrapper /home/abuild/rpmbuild/BUILDROOT/python-cerealizer-0.8.3-1.10.riscv64/usr/lib/python3.11/site-packages
[  176s] Linking /home/abuild/rpmbuild/BUILDROOT/python-cerealizer-0.8.3-1.10.riscv64/usr/lib/python3.11/site-packages/cerealizer/__pycache__/__init__.cpython-311.opt-1.pyc -> /home/abuild/rpmbuild/BUILDROOT/python-cerealizer-0.8.3-1.10.riscv64/usr/lib/python3.11/site-packages/cerealizer/__pycache__/__init__.cpython-311.pyc
[  176s] Linking /home/abuild/rpmbuild/BUILDROOT/python-cerealizer-0.8.3-1.10.riscv64/usr/lib/python3.11/site-packages/cerealizer/__pycache__/datetime_handler.cpython-311.opt-1.pyc -> /home/abuild/rpmbuild/BUILDROOT/python-cerealizer-0.8.3-1.10.riscv64/usr/lib/python3.11/site-packages/cerealizer/__pycache__/datetime_handler.cpython-311.pyc
[  176s] ++ '[' -f _current_flavor ']'
[  176s] ++ cat _current_flavor
[  177s] + last_flavor=python311
[  177s] + '[' -z python311 ']'
[  177s] + '[' python311 '!=' python310 ']'
[  177s] + '[' -d build ']'
[  177s] + mv build _build.python311
[  177s] + '[' -d _build.python310 ']'
[  177s] + mv _build.python310 build
[  177s] + echo python310
[  177s] + python_flavor=python310
[  177s] + /usr/lib/rpm/fdupes_wrapper /home/abuild/rpmbuild/BUILDROOT/python-cerealizer-0.8.3-1.10.riscv64/usr/lib/python3.10/site-packages
[  177s] + /usr/lib/rpm/find-debuginfo -j4 -n --run-dwz --dwz-low-mem-die-limit 10000000 --dwz-max-die-limit 50000000 -S debugsourcefiles.list /home/abuild/rpmbuild/BUILD/Cerealizer-0.8.3
[  178s] + /usr/lib/rpm/brp-compress
[  178s] + /usr/lib/rpm/brp-suse
[  178s] calling /usr/lib/rpm/brp-suse.d/brp-05-permissions
[  178s] calling /usr/lib/rpm/brp-suse.d/brp-15-strip-debug
[  178s] calling /usr/lib/rpm/brp-suse.d/brp-25-symlink
[  179s] calling /usr/lib/rpm/brp-suse.d/brp-50-generate-fips-hmac
[  179s] calling /usr/lib/rpm/brp-suse.d/brp-75-ar
[  179s] Executing(%check): /usr/bin/bash -e /var/tmp/rpm-tmp.C4tR3H
[  179s] + umask 022
[  179s] + cd /home/abuild/rpmbuild/BUILD
[  179s] + cd Cerealizer-0.8.3
[  179s] ++ '[' -f _current_flavor ']'
[  179s] ++ cat _current_flavor
[  179s] + last_flavor=python310
[  179s] + '[' -z python310 ']'
[  179s] + '[' python310 '!=' python38 ']'
[  179s] + '[' -d build ']'
[  179s] + mv build _build.python310
[  179s] + '[' -d _build.python38 ']'
[  179s] + mv _build.python38 build
[  179s] + echo python38
[  179s] + python_flavor=python38
[  179s] + PYTHONPATH=/home/abuild/rpmbuild/BUILDROOT/python-cerealizer-0.8.3-1.10.riscv64/usr/lib/python3.8/site-packages
[  179s] + python3.8 test/regtest.py
[  181s] ..............................................
[  181s] ----------------------------------------------------------------------
[  181s] Ran 46 tests in 0.081s
[  181s] 
[  181s] OK
[  181s] ++ '[' -f _current_flavor ']'
[  181s] ++ cat _current_flavor
[  181s] + last_flavor=python38
[  181s] + '[' -z python38 ']'
[  181s] + '[' python38 '!=' python39 ']'
[  181s] + '[' -d build ']'
[  181s] + mv build _build.python38
[  181s] + '[' -d _build.python39 ']'
[  181s] + mv _build.python39 build
[  181s] + echo python39
[  181s] + python_flavor=python39
[  181s] + PYTHONPATH=/home/abuild/rpmbuild/BUILDROOT/python-cerealizer-0.8.3-1.10.riscv64/usr/lib/python3.9/site-packages
[  181s] + python3.9 test/regtest.py
[  183s] ..............................................
[  183s] ----------------------------------------------------------------------
[  183s] Ran 46 tests in 0.113s
[  183s] 
[  183s] OK
[  183s] ++ '[' -f _current_flavor ']'
[  183s] ++ cat _current_flavor
[  183s] + last_flavor=python39
[  183s] + '[' -z python39 ']'
[  183s] + '[' python39 '!=' python311 ']'
[  183s] + '[' -d build ']'
[  183s] + mv build _build.python39
[  183s] + '[' -d _build.python311 ']'
[  183s] + mv _build.python311 build
[  183s] + echo python311
[  183s] + python_flavor=python311
[  183s] + PYTHONPATH=/home/abuild/rpmbuild/BUILDROOT/python-cerealizer-0.8.3-1.10.riscv64/usr/lib/python3.11/site-packages
[  183s] + python3.11 test/regtest.py
[  185s] .............................E..........EE...E
[  185s] ======================================================================
[  185s] ERROR: test_obj_slot (__main__.TestBasicType.test_obj_slot)
[  185s] ----------------------------------------------------------------------
[  185s] Traceback (most recent call last):
[  185s]   File "/home/abuild/rpmbuild/BUILD/Cerealizer-0.8.3/test/regtest.py", line 172, in test_obj_slot
[  185s]     self.loads_dumps_and_compare(o)
[  185s]   File "/home/abuild/rpmbuild/BUILD/Cerealizer-0.8.3/test/regtest.py", line 20, in loads_dumps_and_compare
[  185s]     obj2 = cerealizer.loads(cerealizer.dumps(obj1))
[  185s]            ^^^^^^^^^^^^^^^^^^^^^^^^^^^^^^^^^^^^^^^^
[  185s]   File "/home/abuild/rpmbuild/BUILDROOT/python-cerealizer-0.8.3-1.10.riscv64/usr/lib/python3.11/site-packages/cerealizer/__init__.py", line 610, in loads
[  185s]     return Dumper().undump(BytesIO(string))
[  185s]            ^^^^^^^^^^^^^^^^^^^^^^^^^^^^^^^^
[  185s]   File "/home/abuild/rpmbuild/BUILDROOT/python-cerealizer-0.8.3-1.10.riscv64/usr/lib/python3.11/site-packages/cerealizer/__init__.py", line 174, in undump
[  185s]     for obj in self.id2obj: _HANDLERS_[obj.__class__].undump_data(obj, self, s)
[  185s]                             ^^^^^^^^^^^^^^^^^^^^^^^^^^^^^^^^^^^^^^^^^^^^^^^^^^^
[  185s]   File "/home/abuild/rpmbuild/BUILDROOT/python-cerealizer-0.8.3-1.10.riscv64/usr/lib/python3.11/site-packages/cerealizer/__init__.py", line 432, in undump_data
[  185s]     for slot in self.Class_slots: setattr(obj, slot, state[slot])
[  185s]                                                      ~~~~~^^^^^^
[  185s] TypeError: tuple indices must be integers or slices, not str
[  185s] 
[  185s] ======================================================================
[  185s] ERROR: test_getstate_hacked (__main__.TestSecurity.test_getstate_hacked)
[  185s] ----------------------------------------------------------------------
[  185s] Traceback (most recent call last):
[  185s]   File "/home/abuild/rpmbuild/BUILD/Cerealizer-0.8.3/test/regtest.py", line 274, in test_getstate_hacked
[  185s]     cerealizer.loads(cerealizer.dumps(o))
[  185s]   File "/home/abuild/rpmbuild/BUILDROOT/python-cerealizer-0.8.3-1.10.riscv64/usr/lib/python3.11/site-packages/cerealizer/__init__.py", line 610, in loads
[  185s]     return Dumper().undump(BytesIO(string))
[  185s]            ^^^^^^^^^^^^^^^^^^^^^^^^^^^^^^^^
[  185s]   File "/home/abuild/rpmbuild/BUILDROOT/python-cerealizer-0.8.3-1.10.riscv64/usr/lib/python3.11/site-packages/cerealizer/__init__.py", line 174, in undump
[  185s]     for obj in self.id2obj: _HANDLERS_[obj.__class__].undump_data(obj, self, s)
[  185s]                             ^^^^^^^^^^^^^^^^^^^^^^^^^^^^^^^^^^^^^^^^^^^^^^^^^^^
[  185s]   File "/home/abuild/rpmbuild/BUILDROOT/python-cerealizer-0.8.3-1.10.riscv64/usr/lib/python3.11/site-packages/cerealizer/__init__.py", line 406, in undump_data
[  185s]     else:                   obj.__dict__ =           dumper.undump_ref(s)
[  185s]                             ^^^^^^^^^^^^
[  185s] TypeError: __dict__ must be set to a dictionary, not a 'NoneType'
[  185s] 
[  185s] ======================================================================
[  185s] ERROR: test_new_hacked (__main__.TestSecurity.test_new_hacked)
[  185s] ----------------------------------------------------------------------
[  185s] Traceback (most recent call last):
[  185s]   File "/home/abuild/rpmbuild/BUILD/Cerealizer-0.8.3/test/regtest.py", line 281, in test_new_hacked
[  185s]     cerealizer.loads(cerealizer.dumps(o))
[  185s]   File "/home/abuild/rpmbuild/BUILDROOT/python-cerealizer-0.8.3-1.10.riscv64/usr/lib/python3.11/site-packages/cerealizer/__init__.py", line 610, in loads
[  185s]     return Dumper().undump(BytesIO(string))
[  185s]            ^^^^^^^^^^^^^^^^^^^^^^^^^^^^^^^^
[  185s]   File "/home/abuild/rpmbuild/BUILDROOT/python-cerealizer-0.8.3-1.10.riscv64/usr/lib/python3.11/site-packages/cerealizer/__init__.py", line 174, in undump
[  185s]     for obj in self.id2obj: _HANDLERS_[obj.__class__].undump_data(obj, self, s)
[  185s]                             ^^^^^^^^^^^^^^^^^^^^^^^^^^^^^^^^^^^^^^^^^^^^^^^^^^^
[  185s]   File "/home/abuild/rpmbuild/BUILDROOT/python-cerealizer-0.8.3-1.10.riscv64/usr/lib/python3.11/site-packages/cerealizer/__init__.py", line 406, in undump_data
[  185s]     else:                   obj.__dict__ =           dumper.undump_ref(s)
[  185s]                             ^^^^^^^^^^^^
[  185s] TypeError: __dict__ must be set to a dictionary, not a 'NoneType'
[  185s] 
[  185s] ======================================================================
[  185s] ERROR: test_setstate_hacked (__main__.TestSecurity.test_setstate_hacked)
[  185s] ----------------------------------------------------------------------
[  185s] Traceback (most recent call last):
[  185s]   File "/home/abuild/rpmbuild/BUILD/Cerealizer-0.8.3/test/regtest.py", line 267, in test_setstate_hacked
[  185s]     cerealizer.loads(cerealizer.dumps(o))
[  185s]   File "/home/abuild/rpmbuild/BUILDROOT/python-cerealizer-0.8.3-1.10.riscv64/usr/lib/python3.11/site-packages/cerealizer/__init__.py", line 610, in loads
[  185s]     return Dumper().undump(BytesIO(string))
[  185s]            ^^^^^^^^^^^^^^^^^^^^^^^^^^^^^^^^
[  185s]   File "/home/abuild/rpmbuild/BUILDROOT/python-cerealizer-0.8.3-1.10.riscv64/usr/lib/python3.11/site-packages/cerealizer/__init__.py", line 174, in undump
[  185s]     for obj in self.id2obj: _HANDLERS_[obj.__class__].undump_data(obj, self, s)
[  185s]                             ^^^^^^^^^^^^^^^^^^^^^^^^^^^^^^^^^^^^^^^^^^^^^^^^^^^
[  185s]   File "/home/abuild/rpmbuild/BUILDROOT/python-cerealizer-0.8.3-1.10.riscv64/usr/lib/python3.11/site-packages/cerealizer/__init__.py", line 406, in undump_data
[  185s]     else:                   obj.__dict__ =           dumper.undump_ref(s)
[  185s]                             ^^^^^^^^^^^^
[  185s] TypeError: __dict__ must be set to a dictionary, not a 'NoneType'
[  185s] 
[  185s] ----------------------------------------------------------------------
[  185s] Ran 46 tests in 0.138s
[  185s] 
[  185s] FAILED (errors=4)
[  185s] error: Bad exit status from /var/tmp/rpm-tmp.C4tR3H (%check)
[  185s] 
[  185s] RPM build errors:
[  185s]     Bad exit status from /var/tmp/rpm-tmp.C4tR3H (%check)
[  185s] ### VM INTERACTION START ###
[  186s] [  180.135868][    T1] sysrq: Power Off
[  186s] [  180.140474][    T7] reboot: Power down
[  186s] ### VM INTERACTION END ###
[  186s] 
[  186s] old-cirrus2 failed "build python-cerealizer.spec" at Sat Feb 18 20:07:27 UTC 2023.
[  186s] 
