[    0s] Memory limit set to 5447650KB
[    0s] Using BUILD_ROOT=/var/cache/obs/worker/root_2
[    0s] Using BUILD_ARCH=riscv64
[    0s] 
[    4s] 
[    4s] oe-RISCV-worker9 started "build _service:extract_file:volume_key.spec" at Fri Apr 15 09:32:56 UTC 2022.
[    4s] 
[    4s] Building volume_key for project 'openEuler:Mainline:RISC-V' repository 'advanced_riscv64' arch 'riscv64' srcmd5 'bf1cbcb54177cacd3d6b36984233b938'
[    4s] 
[    4s] processing recipe /var/cache/obs/worker/root_2/.build-srcdir/_service:extract_file:volume_key.spec ...
[    9s] running changelog2spec --target rpm --file /var/cache/obs/worker/root_2/.build-srcdir/_service:extract_file:volume_key.spec
[   10s] init_buildsystem --configdir /var/run/obs/worker/2/build/configs --cachedir /var/cache/build --clean --rpmlist /var/cache/obs/worker/root_2/.build.rpmlist /var/cache/obs/worker/root_2/.build-srcdir/_service:extract_file:volume_key.spec build ...
[   98s] cycle: bash -> coreutils
[   98s]   breaking dependency coreutils -> bash
[   98s] cycle: bash -> coreutils -> info
[   98s]   breaking dependency coreutils -> info
[   98s] cycle: glibc -> filesystem -> bash -> coreutils
[   98s]   breaking dependency filesystem -> bash
[   98s] cycle: glibc -> filesystem -> coreutils
[   98s]   breaking dependency coreutils -> glibc
[   98s] cycle: glibc -> filesystem -> coreutils -> libacl
[   98s]   breaking dependency coreutils -> libacl
[   98s] cycle: glibc -> filesystem -> coreutils -> attr
[   98s]   breaking dependency coreutils -> attr
[   98s] cycle: coreutils -> libcap -> bash
[   98s]   breaking dependency coreutils -> libcap
[   98s] cycle: glibc -> filesystem -> coreutils -> openssl-libs
[   98s]   breaking dependency coreutils -> openssl-libs
[   98s] cycle: glibc -> filesystem -> coreutils -> libselinux
[   98s]   breaking dependency libselinux -> glibc
[   98s] cycle: glibc -> filesystem -> coreutils -> libselinux -> pcre2
[   98s]   breaking dependency pcre2 -> glibc
[   98s] cycle: glibc -> filesystem -> coreutils -> libselinux -> pcre2 -> readline
[   98s]   breaking dependency readline -> glibc
[   98s] cycle: glibc -> filesystem -> coreutils -> libselinux -> pcre2 -> readline -> ncurses-libs
[   98s]   breaking dependency coreutils -> libselinux
[   98s] cycle: glibc -> filesystem -> coreutils -> ncurses
[   98s]   breaking dependency ncurses -> glibc
[   98s] cycle: glibc -> filesystem -> coreutils -> ncurses -> ncurses-libs
[   98s]   breaking dependency ncurses -> ncurses-libs
[   98s] cycle: filesystem -> coreutils -> ncurses -> libgcc
[   98s]   breaking dependency ncurses -> libgcc
[   98s] cycle: perl-Carp -> perl-libs
[   98s]   breaking dependency perl-libs -> perl-Carp
[   98s] cycle: perl-libs -> perl-Exporter
[   98s]   breaking dependency perl-libs -> perl-Exporter
[   98s] cycle: perl-Carp -> perl-Exporter
[   98s]   breaking dependency perl-Exporter -> perl-Carp
[   98s] cycle: nss-util -> nss
[   98s]   breaking dependency nss -> nss-util
[   98s] cycle: nss-softokn -> nss-util -> nss
[   98s]   breaking dependency nss -> nss-softokn
[   98s] cycle: systemd -> cryptsetup -> device-mapper
[   98s]   breaking dependency systemd -> cryptsetup
[   98s] cycle: audit -> systemd -> pam
[   98s]   breaking dependency systemd -> pam
[   98s] [1/84] preinstalling dbus...
[   99s] [2/84] preinstalling libffi-devel...
[  100s] [3/84] preinstalling nodejs-source-map...
[  101s] [4/84] preinstalling python3-pip...
[  105s] [5/84] preinstalling python3-setuptools_scm...
[  106s] [6/84] preinstalling ncurses...
[  113s] [7/84] preinstalling coreutils...
[  118s] [8/84] preinstalling filesystem...
[  122s] [9/84] preinstalling glibc...
[  126s] [10/84] preinstalling libgcc...
[  127s] [11/84] preinstalling diffutils...
[  129s] [12/84] preinstalling libcap-ng...
[  130s] [13/84] preinstalling libgpg-error...
[  132s] [14/84] preinstalling libpcap...
[  133s] [15/84] preinstalling libsmartcols...
[  134s] [16/84] preinstalling libuuid...
[  135s] [17/84] preinstalling libxcrypt...
[  137s] [18/84] preinstalling lz4...
[  138s] [19/84] preinstalling m4...
[  139s] [20/84] preinstalling ncurses-libs...
[  141s] [21/84] preinstalling nspr...
[  142s] [22/84] preinstalling xz-libs...
[  143s] [23/84] preinstalling zlib...
[  144s] [24/84] preinstalling attr...
[  145s] [25/84] preinstalling libdb...
[  150s] [26/84] preinstalling zstd...
[  152s] [27/84] preinstalling audit-libs...
[  153s] [28/84] preinstalling file...
[  154s] [29/84] preinstalling iptables-libs...
[  157s] [30/84] preinstalling libacl...
[  157s] [31/84] preinstalling libgcrypt...
[  159s] [32/84] preinstalling openssl-libs...
[  161s] [33/84] preinstalling readline...
[  163s] [34/84] preinstalling bash...
[  166s] [35/84] preinstalling cmake...
[  180s] [36/84] preinstalling perl-libs...
[  184s] [37/84] preinstalling dnf...
[  185s] [38/84] preinstalling pcre2...
[  186s] [39/84] preinstalling perl-Exporter...
[  187s] [40/84] preinstalling bzip2...
[  188s] [41/84] preinstalling elfutils...
[  190s] [42/84] preinstalling hostname...
[  191s] [43/84] preinstalling libcap...
[  192s] [44/84] preinstalling pcre...
[  194s] [45/84] preinstalling popt...
[  195s] [46/84] preinstalling acl...
[  196s] [47/84] preinstalling libblkid...
[  198s] [48/84] preinstalling openssl...
[  199s] [49/84] preinstalling sqlite...
[  201s] [50/84] preinstalling tar...
[  203s] [51/84] preinstalling info...
[  205s] [52/84] preinstalling libgcrypt-devel...
[  207s] [53/84] preinstalling lua...
[  208s] [54/84] preinstalling libselinux...
[  209s] [55/84] preinstalling perl-Carp...
[  210s] [56/84] preinstalling copy-jdk-configs...
[  211s] [57/84] preinstalling libfdisk...
[  212s] [58/84] preinstalling perl-Digest-MD5...
[  213s] [59/84] preinstalling grep...
[  215s] [60/84] preinstalling rpm-libs...
[  216s] [61/84] preinstalling chkconfig...
[  218s] [62/84] preinstalling sed...
[  219s] [63/84] preinstalling libmount...
[  221s] [64/84] preinstalling libsemanage...
[  222s] [65/84] preinstalling perl-constant...
[  223s] [66/84] preinstalling findutils...
[  225s] [67/84] preinstalling xz...
[  226s] [68/84] preinstalling perl-Getopt-Long...
[  227s] [69/84] preinstalling glib2...
[  233s] [70/84] preinstalling nss...
[  235s] [71/84] preinstalling perl-Data-Dumper...
[  236s] [72/84] preinstalling systemd-libs...
[  237s] [73/84] preinstalling systemd...
[  242s] [74/84] preinstalling dbus-libs...
[  243s] [75/84] preinstalling nss-util...
[  245s] [76/84] preinstalling audit...
[  246s] [77/84] preinstalling nss-softokn...
[  249s] [78/84] preinstalling pam...
[  251s] [79/84] preinstalling rpm...
[  253s] [80/84] preinstalling openEuler-rpm-config...
[  254s] [81/84] preinstalling util-linux...
[  259s] [82/84] preinstalling device-mapper...
[  260s] [83/84] preinstalling cryptsetup...
[  262s] [84/84] preinstalling lvm2...
[  266s] 
[  268s] initializing rpm db...
[  283s] reordering...cycle: bash -> coreutils
[  283s]   breaking dependency coreutils -> bash
[  283s] cycle: bash -> coreutils -> info
[  283s]   breaking dependency coreutils -> info
[  283s] cycle: glibc -> basesystem -> filesystem -> bash -> coreutils -> gmp
[  283s]   breaking dependency filesystem -> bash
[  283s] cycle: glibc -> basesystem -> filesystem -> coreutils -> gmp
[  283s]   breaking dependency coreutils -> gmp
[  283s] cycle: glibc -> basesystem -> filesystem -> coreutils
[  283s]   breaking dependency coreutils -> glibc
[  283s] cycle: glibc -> basesystem -> filesystem -> coreutils -> libacl
[  283s]   breaking dependency coreutils -> libacl
[  283s] cycle: glibc -> basesystem -> filesystem -> coreutils -> attr
[  283s]   breaking dependency coreutils -> attr
[  283s] cycle: coreutils -> libcap -> bash
[  283s]   breaking dependency coreutils -> libcap
[  283s] cycle: glibc -> basesystem -> filesystem -> coreutils -> openssl-libs
[  283s]   breaking dependency openssl-libs -> glibc
[  283s] cycle: coreutils -> openssl-libs -> ca-certificates -> bash
[  283s]   breaking dependency ca-certificates -> bash
[  283s] cycle: coreutils -> openssl-libs -> ca-certificates
[  283s]   breaking dependency ca-certificates -> coreutils
[  283s] cycle: coreutils -> openssl-libs -> ca-certificates -> grep -> bash
[  283s]   breaking dependency grep -> bash
[  283s] cycle: coreutils -> openssl-libs -> ca-certificates -> grep
[  283s]   breaking dependency ca-certificates -> grep
[  283s] cycle: glibc -> basesystem -> filesystem -> coreutils -> openssl-libs -> ca-certificates -> p11-kit
[  283s]   breaking dependency p11-kit -> glibc
[  283s] cycle: glibc -> basesystem -> filesystem -> coreutils -> openssl-libs -> ca-certificates -> p11-kit -> libffi
[  283s]   breaking dependency openssl-libs -> ca-certificates
[  283s] cycle: coreutils -> openssl-libs -> crypto-policies -> bash
[  283s]   breaking dependency crypto-policies -> bash
[  283s] cycle: coreutils -> openssl-libs -> crypto-policies
[  283s]   breaking dependency crypto-policies -> coreutils
[  283s] cycle: coreutils -> openssl-libs -> crypto-policies -> grep
[  283s]   breaking dependency grep -> coreutils
[  283s] cycle: glibc -> basesystem -> filesystem -> coreutils -> openssl-libs -> crypto-policies -> grep
[  283s]   breaking dependency glibc -> basesystem
[  283s] cycle: glibc -> glibc-common -> bash -> coreutils -> openssl-libs -> crypto-policies -> grep
[  283s]   breaking dependency glibc-common -> bash
[  283s] cycle: glibc -> glibc-common -> coreutils -> openssl-libs -> crypto-policies -> grep
[  283s]   breaking dependency glibc-common -> coreutils
[  283s] cycle: glibc -> glibc-common
[  283s]   breaking dependency glibc-common -> glibc
[  283s] cycle: glibc -> glibc-common -> libselinux
[  283s]   breaking dependency libselinux -> glibc
[  283s] cycle: glibc -> glibc-common -> libselinux -> pcre2
[  283s]   breaking dependency pcre2 -> glibc
[  283s] cycle: glibc -> glibc-common -> libselinux -> pcre2 -> readline
[  283s]   breaking dependency readline -> glibc
[  283s] cycle: glibc -> glibc-common -> libselinux -> pcre2 -> readline -> ncurses-libs
[  283s]   breaking dependency libselinux -> pcre2
[  283s] cycle: glibc -> glibc-common -> libselinux -> libsepol -> bash -> coreutils -> openssl-libs -> crypto-policies -> grep
[  283s]   breaking dependency bash -> coreutils
[  283s] cycle: glibc -> glibc-common -> libselinux -> libsepol -> bash -> filesystem -> coreutils -> openssl-libs -> crypto-policies -> grep
[  283s]   breaking dependency libsepol -> bash
[  283s] cycle: glibc -> glibc-common -> libselinux -> libsepol -> coreutils -> openssl-libs -> crypto-policies -> grep
[  283s]   breaking dependency coreutils -> openssl-libs
[  283s] cycle: libselinux -> libsepol -> coreutils
[  283s]   breaking dependency libsepol -> coreutils
[  283s] cycle: glibc -> glibc-common -> libselinux -> libsepol
[  283s]   breaking dependency glibc -> glibc-common
[  283s] cycle: glibc -> filesystem -> coreutils -> libselinux -> libsepol
[  283s]   breaking dependency filesystem -> coreutils
[  283s] cycle: filesystem -> setup
[  283s]   breaking dependency filesystem -> setup
[  283s] cycle: systemd -> cryptsetup -> device-mapper
[  283s]   breaking dependency systemd -> cryptsetup
[  283s] cycle: perl-libs -> perl-Carp
[  283s]   breaking dependency perl-libs -> perl-Carp
[  283s] cycle: perl-libs -> perl-Exporter
[  283s]   breaking dependency perl-libs -> perl-Exporter
[  283s] cycle: perl-Carp -> perl-Exporter
[  283s]   breaking dependency perl-Exporter -> perl-Carp
[  283s] cycle: perl -> perl-PathTools
[  283s]   breaking dependency perl -> perl-PathTools
[  283s] cycle: perl -> perl-ExtUtils-MakeMaker
[  283s]   breaking dependency perl -> perl-ExtUtils-MakeMaker
[  283s] cycle: perl -> perl-File-Path -> perl-PathTools
[  283s]   breaking dependency perl -> perl-File-Path
[  283s] cycle: perl -> perl-Getopt-Long -> perl-Pod-Usage
[  283s]   breaking dependency perl -> perl-Getopt-Long
[  283s] cycle: perl -> perl-Locale-Maketext
[  283s]   breaking dependency perl -> perl-Locale-Maketext
[  283s] cycle: perl -> perl-Pod-Simple
[  283s]   breaking dependency perl -> perl-Pod-Simple
[  283s] cycle: perl -> perl-Socket
[  283s]   breaking dependency perl -> perl-Socket
[  283s] cycle: perl -> perl-Storable
[  283s]   breaking dependency perl -> perl-Storable
[  283s] cycle: perl -> perl-Text-Tabs+Wrap
[  283s]   breaking dependency perl -> perl-Text-Tabs+Wrap
[  283s] cycle: perl -> perl-Time-Local -> perl-constant
[  283s]   breaking dependency perl -> perl-Time-Local
[  283s] cycle: perl -> perl-constant
[  283s]   breaking dependency perl -> perl-constant
[  283s] cycle: perl -> perl-threads
[  283s]   breaking dependency perl -> perl-threads
[  283s] cycle: perl -> perl-threads-shared
[  283s]   breaking dependency perl -> perl-threads-shared
[  283s] cycle: perl -> perl-Archive-Tar
[  283s]   breaking dependency perl -> perl-Archive-Tar
[  283s] cycle: perl -> perl-B-Debug
[  283s]   breaking dependency perl -> perl-B-Debug
[  283s] cycle: perl -> perl-CPAN-Meta -> perl-CPAN-Meta-Requirements
[  283s]   breaking dependency perl -> perl-CPAN-Meta
[  283s] cycle: perl -> perl-CPAN-Meta-Requirements
[  283s]   breaking dependency perl -> perl-CPAN-Meta-Requirements
[  283s] cycle: perl -> perl-CPAN-Meta-YAML
[  283s]   breaking dependency perl -> perl-CPAN-Meta-YAML
[  283s] cycle: perl -> perl-Compress-Raw-Bzip2
[  283s]   breaking dependency perl -> perl-Compress-Raw-Bzip2
[  283s] cycle: perl -> perl-Compress-Raw-Zlib
[  283s]   breaking dependency perl -> perl-Compress-Raw-Zlib
[  283s] cycle: perl -> perl-Config-Perl-V
[  283s]   breaking dependency perl -> perl-Config-Perl-V
[  283s] cycle: perl -> perl-DB_File
[  283s]   breaking dependency perl -> perl-DB_File
[  283s] cycle: perl -> perl-Data-Dumper
[  283s]   breaking dependency perl -> perl-Data-Dumper
[  283s] cycle: perl -> perl-Devel-PPPort
[  283s]   breaking dependency perl -> perl-Devel-PPPort
[  283s] cycle: perl -> perl-Digest -> perl-MIME-Base64
[  283s]   breaking dependency perl -> perl-Digest
[  283s] cycle: perl -> perl-Digest-MD5 -> perl-Digest -> perl-MIME-Base64
[  283s]   breaking dependency perl -> perl-Digest-MD5
[  283s] cycle: perl -> perl-Digest-SHA
[  283s]   breaking dependency perl -> perl-Digest-SHA
[  283s] cycle: perl -> perl-Encode
[  283s]   breaking dependency perl -> perl-Encode
[  283s] cycle: perl -> perl-Env
[  283s]   breaking dependency perl -> perl-Env
[  283s] cycle: perl -> perl-ExtUtils-Command
[  283s]   breaking dependency perl -> perl-ExtUtils-Command
[  283s] cycle: perl -> perl-ExtUtils-Install
[  283s]   breaking dependency perl -> perl-ExtUtils-Install
[  283s] cycle: perl -> perl-ExtUtils-Manifest
[  283s]   breaking dependency perl -> perl-ExtUtils-Manifest
[  283s] cycle: perl -> perl-ExtUtils-ParseXS
[  283s]   breaking dependency perl -> perl-ExtUtils-ParseXS
[  283s] cycle: perl -> perl-File-Fetch -> perl-PathTools
[  283s]   breaking dependency perl -> perl-File-Fetch
[  283s] cycle: perl -> perl-File-Temp -> perl-PathTools
[  283s]   breaking dependency perl -> perl-File-Temp
[  283s] cycle: perl -> perl-Filter
[  283s]   breaking dependency perl -> perl-Filter
[  283s] cycle: perl -> perl-Filter-Simple -> perl-Filter
[  283s]   breaking dependency perl -> perl-Filter-Simple
[  283s] cycle: perl -> perl-HTTP-Tiny
[  283s]   breaking dependency perl -> perl-HTTP-Tiny
[  283s] cycle: perl -> perl-IO-Compress
[  283s]   breaking dependency perl -> perl-IO-Compress
[  283s] cycle: perl -> perl-IO-Socket-IP
[  283s]   breaking dependency perl -> perl-IO-Socket-IP
[  283s] cycle: perl -> perl-IPC-Cmd -> perl-ExtUtils-MakeMaker
[  283s]   breaking dependency perl -> perl-IPC-Cmd
[  283s] cycle: perl -> perl-IPC-SysV
[  283s]   breaking dependency perl -> perl-IPC-SysV
[  283s] cycle: perl -> perl-JSON-PP
[  283s]   breaking dependency perl -> perl-JSON-PP
[  283s] cycle: perl -> perl-Locale-Codes -> perl-constant
[  283s]   breaking dependency perl -> perl-Locale-Codes
[  283s] cycle: perl -> perl-MIME-Base64
[  283s]   breaking dependency perl -> perl-MIME-Base64
[  283s] cycle: perl -> perl-Math-BigInt
[  283s]   breaking dependency perl -> perl-Math-BigInt
[  283s] cycle: perl -> perl-Math-BigInt-FastCalc -> perl-Math-BigInt
[  283s]   breaking dependency perl -> perl-Math-BigInt-FastCalc
[  283s] cycle: perl -> perl-Math-BigRat -> perl-Math-BigInt
[  283s]   breaking dependency perl -> perl-Math-BigRat
[  283s] cycle: perl -> perl-Module-CoreList
[  283s]   breaking dependency perl -> perl-Module-CoreList
[  283s] cycle: perl -> perl-Module-Load -> perl-PathTools
[  283s]   breaking dependency perl -> perl-Module-Load
[  283s] cycle: perl -> perl-Module-Load-Conditional
[  283s]   breaking dependency perl -> perl-Module-Load-Conditional
[  283s] cycle: perl -> perl-Module-Metadata
[  283s]   breaking dependency perl -> perl-Module-Metadata
[  283s] cycle: perl -> perl-Params-Check
[  283s]   breaking dependency perl -> perl-Params-Check
[  283s] cycle: perl -> perl-PerlIO-via-QuotedPrint -> perl-MIME-Base64
[  283s]   breaking dependency perl -> perl-PerlIO-via-QuotedPrint
[  283s] cycle: perl -> perl-Pod-Checker
[  283s]   breaking dependency perl -> perl-Pod-Checker
[  283s] cycle: perl -> perl-Pod-Escapes
[  283s]   breaking dependency perl -> perl-Pod-Escapes
[  283s] cycle: perl -> perl-Pod-Parser
[  283s]   breaking dependency perl -> perl-Pod-Parser
[  283s] cycle: perl -> perl-Pod-Perldoc
[  283s]   breaking dependency perl -> perl-Pod-Perldoc
[  283s] cycle: perl -> perl-Pod-Usage
[  283s]   breaking dependency perl -> perl-Pod-Usage
[  283s] cycle: perl -> perl-Sys-Syslog
[  283s]   breaking dependency perl -> perl-Sys-Syslog
[  283s] cycle: perl -> perl-Term-Cap
[  283s]   breaking dependency perl -> perl-Term-Cap
[  283s] cycle: perl -> perl-Test-Harness
[  283s]   breaking dependency perl -> perl-Test-Harness
[  283s] cycle: perl -> perl-Test-Simple
[  283s]   breaking dependency perl -> perl-Test-Simple
[  283s] cycle: perl -> perl-Text-Balanced
[  283s]   breaking dependency perl -> perl-Text-Balanced
[  283s] cycle: perl -> perl-Thread-Queue -> perl-threads-shared
[  283s]   breaking dependency perl -> perl-Thread-Queue
[  283s] cycle: perl -> perl-Unicode-Collate -> perl-PathTools
[  283s]   breaking dependency perl -> perl-Unicode-Collate
[  283s] cycle: perl -> perl-autodie
[  283s]   breaking dependency perl -> perl-autodie
[  283s] cycle: perl -> perl-bignum -> perl-Math-BigInt
[  283s]   breaking dependency perl -> perl-bignum
[  283s] cycle: perl -> perl-devel
[  283s]   breaking dependency perl -> perl-devel
[  283s] cycle: perl -> perl-Encode-devel
[  283s]   breaking dependency perl -> perl-Encode-devel
[  283s] cycle: perl -> perl-experimental
[  283s]   breaking dependency perl -> perl-experimental
[  283s] cycle: perl -> perl-libnet -> perl-Digest-MD5 -> perl-Digest -> perl-MIME-Base64
[  283s]   breaking dependency perl -> perl-libnet
[  283s] cycle: perl -> perl-podlators
[  283s]   breaking dependency perl -> perl-podlators
[  283s] cycle: perl -> perl-version
[  283s]   breaking dependency perl -> perl-version
[  283s] cycle: glib2 -> gamin
[  283s]   breaking dependency glib2 -> gamin
[  283s] cycle: systemd -> gnutls -> unbound-libs -> shadow -> pam -> audit
[  283s]   breaking dependency systemd -> gnutls
[  283s] cycle: systemd -> pam -> audit
[  283s]   breaking dependency systemd -> pam
[  283s] cycle: systemd -> shadow -> pam -> audit
[  283s]   breaking dependency systemd -> shadow
[  283s] cycle: pam -> libpwquality
[  283s]   breaking dependency pam -> libpwquality
[  283s] cycle: hunspell-en -> hunspell
[  283s]   breaking dependency hunspell -> hunspell-en
[  283s] cycle: perl-Getopt-Long -> perl-Pod-Usage
[  283s]   breaking dependency perl-Pod-Usage -> perl-Getopt-Long
[  283s] cycle: perl-Getopt-Long -> perl-Pod-Usage -> perl-podlators -> perl-Encode
[  283s]   breaking dependency perl-podlators -> perl-Encode
[  283s] cycle: perl-Getopt-Long -> perl-Pod-Usage -> perl-podlators
[  283s]   breaking dependency perl-podlators -> perl-Getopt-Long
[  283s] cycle: perl-Getopt-Long -> perl-Pod-Usage -> perl-podlators -> perl-Pod-Simple -> perl-Encode
[  283s]   breaking dependency perl-Encode -> perl-Getopt-Long
[  283s] cycle: perl-Getopt-Long -> perl-Pod-Usage -> perl-podlators -> perl-Pod-Simple
[  283s]   breaking dependency perl-podlators -> perl-Pod-Simple
[  283s] cycle: perl-Pod-Usage -> perl-podlators
[  283s]   breaking dependency perl-podlators -> perl-Pod-Usage
[  283s] cycle: groff -> perl-Getopt-Long -> perl-Pod-Usage -> perl-Pod-Perldoc
[  283s]   breaking dependency groff -> perl-Getopt-Long
[  283s] cycle: libglvnd-egl -> mesa-libEGL
[  283s]   breaking dependency mesa-libEGL -> libglvnd-egl
[  283s] cycle: libxcrypt-devel -> glibc-devel
[  283s]   breaking dependency glibc-devel -> libxcrypt-devel
[  283s] cycle: cmake-data -> cmake
[  283s]   breaking dependency cmake -> cmake-data
[  283s] cycle: nss-util -> nss
[  283s]   breaking dependency nss -> nss-util
[  283s] cycle: nss-softokn -> nss-util -> nss
[  283s]   breaking dependency nss -> nss-softokn
[  283s] cycle: libglvnd-glx -> mesa-libGL
[  283s]   breaking dependency mesa-libGL -> libglvnd-glx
[  283s] cycle: perl-Getopt-Long -> perl-Pod-Usage -> perl-Pod-Perldoc -> perl-Pod-Simple
[  283s]   breaking dependency perl-Pod-Perldoc -> perl-Pod-Simple
[  283s] cycle: openssh -> openssh-server
[  283s]   breaking dependency openssh-server -> openssh
[  283s] cycle: git -> perl-Git
[  283s]   breaking dependency git -> perl-Git
[  283s] cycle: perl-ExtUtils-Install -> perl-ExtUtils-MakeMaker
[  283s]   breaking dependency perl-ExtUtils-MakeMaker -> perl-ExtUtils-Install
[  283s] done
[  283s] querying package ids...
[  328s] [1/465] installing cmake-filesystem-3.22.0-1.oe1
[  329s] [2/465] installing fonts-filesystem-2.0.2-2.oe1
[  330s] [3/465] installing fuse-common-3.9.2-5.oe1
[  331s] [4/465] installing kernel-headers-5.10-3.oe1
[  338s] [5/465] installing libreport-filesystem-2.13.1-5.oe1
[  339s] [6/465] installing ncurses-base-6.1-14.oe1
[  340s] [7/465] installing openEuler-gpg-keys-1.0-2.5.oe1
[  342s] [8/465] installing python-setuptools-59.4.0-3.oe1
[  343s] [9/465] installing qt5-srpm-macros-5.15.2-1.oe1
[  344s] [10/465] installing tzdata-2021a-2.oe1
[  350s] [11/465] installing xkeyboard-config-2.30-1.oe1
[  355s] [12/465] installing dejavu-fonts-2.35-8.oe1
[  363s] [13/465] installing dnf-data-4.10.0-1.oe1
[  365s] [14/465] installing openEuler-repos-1.0-2.5.oe1
[  367s] [15/465] installing wqy-zenhei-fonts-0.9.46-21.oe1
[  377s] [16/465] installing openEuler-release-20.03LTS-40.oe1
[  378s] [17/465] installing filesystem-3.9-3.oe1
[  389s] warning: group mail does not exist - using root
[  389s] [18/465] installing emacs-filesystem-1:27.1-5.oe1
[  390s] [19/465] installing libgcc-10.3.1-20220105.6.oe1
[  392s] [20/465] installing setup-2.13.3-4.oe1
[  393s] [21/465] installing glibc-2.34-64.oe1
[  400s] [22/465] installing brotli-1.0.9-2.oe1
[  402s] [23/465] installing cdparanoia-libs-10.2-31.oe1
[  404s] [24/465] installing chrpath-0.16-12.oe1
[  405s] [25/465] installing cpio-2.13-4.oe1
[  407s] [26/465] installing diffutils-3.7-4.oe1
[  409s] [27/465] installing expat-2.2.10-1.oe1
[  410s] [28/465] installing fribidi-1.0.10-1.oe1
[  412s] [29/465] installing giflib-5.2.1-2.oe1
[  413s] [30/465] installing hyphen-2.8.8-14.oe1
[  415s] [31/465] installing jansson-2.11-4.oe1
[  416s] [32/465] installing jbigkit-libs-2.1-17.oe1
[  417s] [33/465] installing json-c-0.15-1.oe1
[  419s] [34/465] installing keyutils-libs-1.6.3-3.oe1
[  420s] [35/465] installing lcms2-2.11-2.oe1
[  421s] [36/465] installing libICE-1.0.10-2.oe1
[  422s] [37/465] installing libXau-1.0.9-2.oe1
[  424s] [38/465] installing libaio-0.3.112-1.oe1
[  426s] [39/465] installing libargon2-20190702-1.oe1
[  427s] [40/465] installing libatomic-10.3.1-20220105.6.oe1
[  428s] [41/465] installing libcap-ng-0.7.11-1.oe1
[  430s] [42/465] installing libdatrie-0.2.12-1.oe1
[  431s] [43/465] installing libdrm-2.4.109-1.oe1
[  432s] [44/465] installing libepoxy-1.5.3-2
[  434s] [45/465] installing libev-4.24-11.oe1
[  435s] [46/465] installing libffi-3.3-31.oe1
[  436s] [47/465] installing libglvnd-1:1.3.4-2.oe1
[  438s] [48/465] installing libgomp-10.3.1-20220105.6.oe1
[  439s] [49/465] installing libgpg-error-1.41-1.oe1
[  441s] [50/465] installing libjpeg-turbo-2.0.6-1.oe1
[  443s] [51/465] installing libnghttp2-1.42.0-1.oe1
[  444s] [52/465] installing libogg-2:1.3.3-3.oe1
[  446s] [53/465] installing libpcap-14:1.9.1-7.oe1
[  447s] [54/465] installing libpipeline-1.5.3-1.oe1
[  448s] [55/465] installing libsigsegv-2.11-10.oe1
[  450s] [56/465] installing libsmartcols-2.36.1-3.oe1
[  451s] [57/465] installing libtasn1-4.16.0-2.oe1
[  453s] [58/465] installing libtool-ltdl-2.4.6-34.oe1
[  454s] [59/465] installing libunistring-0.9.10-8.oe1
[  456s] [60/465] installing libuuid-2.36.1-3.oe1
[  458s] [61/465] installing libuv-1:1.40.0-1.oe1
[  459s] [62/465] installing libvisual-1:0.4.0-27.oe1
[  462s] [63/465] installing libwebp-1.1.0-3.oe1
[  463s] [64/465] installing libxcrypt-4.4.8-4.oe1
[  465s] [65/465] installing libxshmfence-1.3-6.oe1
[  466s] [66/465] installing libyaml-0.2.5-1.oe1
[  467s] [67/465] installing lz4-1.9.3-1.oe1
[  469s] [68/465] installing m4-1.4.18-14.oe1
[  471s] [69/465] installing nspr-4.32.0-1.oe1
[  472s] [70/465] installing openjpeg2-2.3.1-6.oe1
[  474s] [71/465] installing opus-1.3.1-1.oe1
[  476s] [72/465] installing pixman-0.38.0-1.oe1
[  477s] [73/465] installing pkgconf-1.7.3-1.oe1
[  478s] [74/465] installing rhash-1.3.5-5.oe1
[  480s] [75/465] installing which-2.21-14.oe1
[  481s] [76/465] installing xz-libs-5.2.5-1.oe1
[  482s] [77/465] installing zlib-1.2.11-18.oe1
[  483s] [78/465] installing attr-2.4.48-12.oe1
[  485s] [79/465] installing basesystem-12-2.oe1
[  486s] [80/465] installing libstdc++-10.3.1-20220105.6.oe1
[  488s] [81/465] installing ncurses-libs-6.1-14.oe1
[  490s] [82/465] installing libsepol-3.1-4.oe1
[  492s] [83/465] installing libstdc++-devel-10.3.1-20220105.6.oe1
[  500s] [84/465] installing audit-libs-1:3.0-2.oe1
[  502s] [85/465] installing elfutils-libelf-0.185-3.oe1
[  503s] [86/465] installing file-libs-5.39-6.oe1
[  507s] [87/465] installing gmp-1:6.2.1-3.oe1
[  509s] [88/465] installing iptables-libs-1.8.1-4.oe1
[  510s] [89/465] installing less-563-2.oe1
[  512s] [90/465] installing libacl-2.2.53-7.oe1
[  513s] [91/465] installing libassuan-2.5.4-1.oe1
[  514s] [92/465] installing libedit-3.1-27.oe1
[  517s] [93/465] installing libffi-devel-3.3-31.oe1
[  518s] [94/465] installing libgcrypt-1.8.7-1.oe1
[  520s] [95/465] installing libpng-2:1.6.37-1.oe1
[  522s] [96/465] installing libsepol-devel-3.1-4.oe1
[  525s] [97/465] installing libthai-0.1.28-4.oe1
[  527s] [98/465] installing libtheora-1:1.1.1-24.oe1
[  529s] [99/465] installing libvorbis-1:1.3.6-5.oe1
[  531s] [100/465] installing libxcb-1.14-1.oe1
[  532s] [101/465] installing readline-8.0-2.oe1
[  534s] [102/465] installing wayland-1.19.91-2.oe1
[  535s] [103/465] installing zlib-devel-1.2.11-18.oe1
[  537s] [104/465] installing fuse-2.9.9-6.oe1
[  539s] [105/465] installing gc-8.0.4-2.oe1
[  540s] [106/465] installing libSM-1.2.3-2.oe1
[  542s] [107/465] installing libdb-5.3.28-35.oe1
[  548s] [108/465] installing libicu-62.1-5.oe1
[  562s] [109/465] installing libselinux-3.1-3.oe1
[  564s] [110/465] installing libxml2-2.9.12-5.oe1
[  567s] [111/465] installing bash-5.1-1.oe1
[  571s] [112/465] installing perl-libs-4:5.28.0-435.oe1
[  578s] [113/465] installing woff2-1.0.2-6.oe1
[  580s] [114/465] installing zstd-1.4.8-2.oe1
[  583s] [115/465] installing hunspell-1.7.0-9.oe1
[  585s] [116/465] installing mozjs52-52.9.0-1.0.riscv64
[  596s] [117/465] installing ncurses-6.1-14.oe1
[  609s] [118/465] installing thin-provisioning-tools-0.8.5-1.oe1
[  613s] [119/465] installing libtiff-4.2.0-1.oe1
[  614s] [120/465] installing hunspell-en-2020.12.07-1.oe1
[  616s] [121/465] installing perl-parent-1:0.237-4.oe1
[  618s] [122/465] installing perl-perlfaq-5.20180915-5.oe1
[  620s] [123/465] installing libX11-1.6.9-2.oe1
[  624s] [124/465] installing mesa-libglapi-21.3.1-1.oe1
[  626s] [125/465] installing mpfr-4.1.0-1.oe1
[  628s] [126/465] installing nettle-3.6-6.oe1
[  631s] [127/465] installing pcre2-10.36-1.oe1
[  634s] [128/465] installing perl-Exporter-5.74-1.oe1
[  635s] [129/465] installing file-5.39-6.oe1
[  637s] [130/465] installing gdbm-1:1.18.1-1.oe1
[  639s] [131/465] installing libxkbcommon-1.0.3-1.oe1
[  640s] [132/465] installing patch-2.7.6-12.oe1
[  641s] [133/465] installing qrencode-4.1.1-1
[  643s] [134/465] installing sed-4.8-2.oe1
[  645s] [135/465] installing acl-2.2.53-7.oe1
[  647s] [136/465] installing libcomps-0.1.15-1.oe1
[  649s] [137/465] installing pcre-8.44-1.oe1
[  651s] [138/465] installing glibc-common-2.34-64.oe1
[  665s] [139/465] installing mesa-libgbm-21.3.1-1.oe1
[  667s] [140/465] installing coreutils-8.31-4.oe1
[  676s] [141/465] installing adwaita-icon-theme-3.38.0-1.oe1
[  710s] [142/465] installing alsa-lib-1.2.4-1.oe1
[  713s] [143/465] installing crontabs-1.11-21.oe1
[  714s] [144/465] installing elfutils-default-yama-scope-0.185-3.oe1
[  715s] /usr/lib/systemd/systemd-sysctl: error while loading shared libraries: libkmod.so.2: cannot open shared object file: No such file or directory
[  716s] [145/465] installing hicolor-icon-theme-0.17-4.oe1
[  718s] [146/465] installing libXcomposite-0.4.5-1.oe1
[  720s] [147/465] installing libXext-1.3.4-2.oe1
[  722s] [148/465] installing libXfixes-5.0.3-11.oe1
[  724s] [149/465] installing libXpm-3.5.12-11.oe1
[  726s] [150/465] installing libXrender-0.9.10-10.oe1
[  728s] [151/465] installing perl-Carp-1.50-418.oe1
[  729s] [152/465] installing perl-Perl-OSType-1.010-421.oe1
[  731s] [153/465] installing perl-Term-ANSIColor-4.06-511.oe1
[  732s] [154/465] installing publicsuffix-list-20200718-1.oe1
[  734s] [155/465] installing uname-build-checks-1.0-0.4.oe1
[  736s] [156/465] installing bzip2-1.0.8-3.oe1
[  738s] [157/465] installing gzip-1.10-1.oe1
[  739s] [158/465] installing hostname-3.21-2.oe1
[  741s] [159/465] installing libcap-2.32-2.oe1
[  743s] [160/465] installing liblockfile-1.14-3.oe1
[  745s] [161/465] installing libmpc-1.2.0-2.oe1
[  747s] [162/465] installing libseccomp-2.4.3-2.oe1
[  751s] [163/465] installing npth-1.5-7.oe1
[  752s] [164/465] installing orc-0.4.32-1.oe1
[  755s] [165/465] installing popt-1.18-1.oe1
[  757s] [166/465] installing sgml-common-0.6.3-51.oe1
[  759s] [167/465] installing grep-3.6-1.oe1
[  762s] [168/465] installing libXt-1.2.0-0.oe1
[  764s] [169/465] installing libblkid-2.36.1-3.oe1
[  767s] [170/465] installing libidn2-2.3.0-1.oe1
[  769s] [171/465] installing libksba-1.3.5-12.oe1
[  771s] [172/465] installing libwpe-1.6.0-1.oe1
[  774s] [173/465] installing nspr-devel-4.32.0-1.oe1
[  776s] [174/465] installing pcre-devel-8.44-1.oe1
[  779s] [175/465] installing pcre2-devel-10.36-1.oe1
[  783s] [176/465] installing tar-2:1.32-3.oe1
[  787s] [177/465] installing tcl-1:8.6.10-3.oe1
[  791s] [178/465] installing graphite2-1.3.13-2.oe1
[  794s] [179/465] installing info-6.7-2.oe1
[  796s] [180/465] installing jsoncpp-1.9.4-1.oe1
[  798s] [181/465] installing libgpg-error-devel-1.41-1.oe1
[  800s] [182/465] installing libmodman-2.0.1-19.oe1
[  802s] [183/465] installing lua-5.3.5-6.oe1
[  805s] [184/465] installing slang-2.3.2-8.oe1
[  809s] [185/465] installing gawk-5.0.1-2.oe1
[  811s] [186/465] installing libxslt-1.1.32-7.oe1
[  814s] [187/465] installing guile-5:2.0.14-15.oe1
[  824s] [188/465] installing mesa-libEGL-21.3.1-1.oe1
[  826s] [189/465] installing iso-codes-4.5.0-1.oe1
[  837s] [190/465] installing zip-3.0-29.oe1
[  840s] [191/465] installing bubblewrap-0.4.1-1.oe1
[  841s] [192/465] installing libXdamage-1.1.5-1.oe1
[  844s] [193/465] installing libXi-1.7.10-1.oe1
[  846s] [194/465] installing libXinerama-1.1.4-5.oe1
[  848s] [195/465] installing libXv-1.0.11-11.oe1
[  850s] [196/465] installing libXxf86vm-1.1.4-13.oe1
[  852s] [197/465] installing libfdisk-2.36.1-3.oe1
[  855s] [198/465] installing libglvnd-egl-1:1.3.4-2.oe1
[  857s] [199/465] installing libglvnd-gles-1:1.3.4-2.oe1
[  858s] [200/465] installing newt-0.52.21-4.oe1
[  862s] [201/465] installing perl-Text-ParseWords-3.30-419.oe1
[  863s] [202/465] installing crypto-policies-20180925-3.git71ca85f.oe1
[  871s] [203/465] installing elfutils-libs-0.185-3.oe1
[  873s] [204/465] installing libXcursor-1.2.0-1.oe1
[  875s] [205/465] installing libXmu-1.1.3-1.oe1
[  877s] [206/465] installing libXrandr-1.5.2-1.oe1
[  879s] [207/465] installing libmount-2.36.1-3.oe1
[  882s] [208/465] installing libselinux-devel-3.1-3.oe1
[  885s] [209/465] installing lua-posix-33.3.1-12.oe1
[  887s] [210/465] installing unzip-6.0-47.oe1
[  889s] [211/465] installing cracklib-2.9.7-6.oe1
[  896s] [212/465] installing e2fsprogs-1.45.6-3.oe1
[  900s] [213/465] installing findutils-2:4.7.0-7.oe1
[  902s] [214/465] installing libsemanage-3.1-4.oe1
[  904s] [215/465] installing make-1:4.2.1-15.oe1
[  906s] [216/465] installing sqlite-3.24.0-9.oe1
[  910s] [217/465] installing xz-5.2.5-1.oe1
[  912s] [218/465] installing logrotate-3.15.1-2.oe1
[  914s] [219/465] installing perl-Scalar-List-Utils-3:1.52-2.oe1
[  915s] [220/465] installing perl-Time-HiRes-1.9760-2.oe1
[  918s] [221/465] installing perl-Unicode-Normalize-1.26-419.oe1
[  920s] [222/465] installing freetype-2.10.2-3.oe1
[  924s] [223/465] installing glibc-devel-2.34-64.oe1
[  936s] [224/465] installing libgcrypt-devel-1.8.7-1.oe1
[  938s] [225/465] installing cpp-10.3.1-20220105.6.oe1
[  949s] [226/465] installing gnupg2-2.2.27-2.oe1
[  955s] [227/465] installing systemd-libs-243-22.oe1
[  958s] [228/465] installing dbus-libs-1:1.12.20-3.oe1
[  961s] [229/465] installing libusbx-1.0.23-3.oe1
[  963s] [230/465] installing libxcrypt-devel-4.4.8-4.oe1
[  967s] [231/465] installing p11-kit-0.23.22-1.oe1
[  970s] [232/465] installing procps-ng-3.3.16-15.oe1
[  973s] [233/465] installing copy-jdk-configs-4.0-1.oe1
[  975s] [234/465] installing gpgme-1.15.1-1.oe1
[  978s] [235/465] installing libXtst-1.2.3-10.oe1
[  980s] [236/465] installing openssl-libs-1:1.1.1f-2.oe1
[  984s] [237/465] installing chkconfig-1.14-2.oe1
[  987s] [238/465] installing elfutils-0.185-3.oe1
[  990s] [239/465] installing libXaw-1.0.13-13.oe1
[  992s] [240/465] installing fontconfig-2.13.92-1.oe1
[ 1000s] [241/465] installing glib2-2.66.8-1.oe1
[ 1007s] [242/465] installing mesa-libGL-21.3.1-1.oe1
[ 1009s] [243/465] installing gsettings-desktop-schemas-3.38.0-1.oe1
[ 1013s] [244/465] installing ModemManager-glib-1.8.0-7.oe1
[ 1015s] [245/465] installing atk-2.36.0-1.oe1
[ 1018s] [246/465] installing dbus-tools-1:1.12.20-3.oe1
[ 1020s] [247/465] installing ima-evm-utils-libs-1.2.1-8.oe1
[ 1022s] [248/465] installing json-glib-1.6.2-1.oe1
[ 1024s] [249/465] installing libevent-2.1.12-4
[ 1027s] [250/465] installing desktop-file-utils-0.26-2.oe1
[ 1029s] [251/465] installing libcroco-0.6.12-13.oe1
[ 1031s] [252/465] installing libgusb-0.3.0-5.oe1
[ 1033s] [253/465] installing fipscheck-1.5.0-7.oe1
[ 1036s] [254/465] installing gamin-0.1.10-38.oe1
[ 1038s] [255/465] installing gstreamer1-1.16.2-3.oe1
[ 1042s] [256/465] installing kmod-libs-27-4.oe1
[ 1044s] [257/465] installing libsecret-0.18.6-5.oe1
[ 1047s] [258/465] installing obs-env-1.0-5.oe1
[ 1055s] [259/465] installing enchant2-2.2.15-2.oe1
[ 1057s] [260/465] installing kmod-27-4.oe1
[ 1060s] [261/465] installing libXft-2.3.3-1.oe1
[ 1062s] [262/465] installing libglvnd-glx-1:1.3.4-2.oe1
[ 1064s] [263/465] installing shared-mime-info-1.10-4.oe1
[ 1078s] [264/465] installing binutils-2.37-6.oe1
[ 1088s] [265/465] installing harfbuzz-2.7.4-1.oe1
[ 1092s] [266/465] installing p11-kit-trust-0.23.22-1.oe1
[ 1094s] [267/465] installing webkit2gtk3-jsc-2.32.1-2.oe1
[ 1102s] [268/465] installing babeltrace-1.5.8-1.oe1
[ 1105s] [269/465] installing emacs-common-1:27.1-5.oe1
[ 1168s] [270/465] installing wpebackend-fdo-1.6.1-1.oe1
[ 1170s] [271/465] installing gpgme-devel-1.15.1-1.oe1
[ 1173s] [272/465] installing libarchive-3.5.1-1.oe1
[ 1176s] [273/465] installing nodejs-libs-1:16.10.0-1.oe1
[ 1218s] [274/465] installing cairo-1.16.0-6.fc32
[ 1221s] [275/465] installing avahi-libs-0.8-6.oe1
[ 1223s] [276/465] installing libverto-0.3.1-2.oe1
[ 1225s] [277/465] installing colord-libs-1.4.3-6.oe1
[ 1228s] [278/465] installing ca-certificates-2020.2.46-2.oe1
[ 1236s] [279/465] installing gdk-pixbuf2-2.42.6-1.oe1
[ 1239s] [280/465] installing tk-1:8.6.10-2.oe1
[ 1243s] [281/465] installing gettext-0.20.1-2.oe1
[ 1248s] [282/465] installing pango-1.47.0-1.oe1
[ 1251s] [283/465] installing cairo-gobject-1.16.0-6.fc32
[ 1253s] [284/465] installing gcc-10.3.1-20220105.6.oe1
[ 1280s] [285/465] installing rpm-libs-4.15.1-25.oe1
[ 1282s] [286/465] installing python-pip-wheel-19.2.3-2.fc32
[ 1284s] [287/465] installing avahi-glib-0.8-6.oe1
[ 1285s] [288/465] installing libnotify-0.7.9-1.oe1
[ 1288s] [289/465] installing gdk-pixbuf2-modules-2.42.6-1.oe1
[ 1291s] [290/465] installing libmodulemd-2.13.0-1.oe1
[ 1294s] [291/465] installing gcc-c++-10.3.1-20220105.6.oe1
[ 1305s] [292/465] installing krb5-libs-1.18.2-3.oe1
[ 1308s] [293/465] installing librsvg2-2.50.5-1.oe1
[ 1314s] [294/465] installing gstreamer1-plugins-base-1.16.2-2.oe1
[ 1319s] [295/465] installing libtirpc-1.3.1-1.oe1
[ 1321s] [296/465] installing cyrus-sasl-lib-2.1.27-10.oe1
[ 1323s] [297/465] installing libssh-0.9.5-1.oe1
[ 1326s] [298/465] installing openldap-2.4.46-15.oe1
[ 1328s] [299/465] installing libnsl2-1.3.0-2.oe1
[ 1332s] [300/465] installing python3-3.8.5-13.oe1
[ 1355s] [301/465] installing python3-pyparsing-2.4.5-1.fc32
[ 1358s] [302/465] installing python3-setuptools-59.4.0-3.oe1
[ 1362s] [303/465] installing python3-setuptools_scm-3.3.3-6.fc32
[ 1364s] [304/465] installing python3-gpgme-1.15.1-1.oe1
[ 1367s] [305/465] installing python3-libcomps-0.1.15-1.oe1
[ 1369s] [306/465] installing libpsl-0.21.1-1.oe1
[ 1372s] [307/465] installing gdb-headless-9.2-5.oe1
[ 1378s] [308/465] installing systemtap-sdt-devel-4.1-3.oe1
[ 1380s] [309/465] installing gdb-9.2-5.oe1
[ 1382s] [310/465] installing python3-pip-19.2.3-2.fc32
[ 1389s] [311/465] installing python3-rpm-generators-10-2.fc32
[ 1392s] [312/465] installing libcurl-7.79.1-1.oe1
[ 1394s] [313/465] installing curl-7.79.1-1.oe1
[ 1396s] [314/465] installing librepo-1.14.2-2.oe1
[ 1398s] [315/465] installing rpm-4.15.1-25.oe1
[ 1402s] [316/465] installing efi-srpm-macros-4-3.oe1
[ 1404s] [317/465] installing cmake-rpm-macros-3.22.0-1.oe1
[ 1406s] [318/465] installing libsolv-0.7.20-1.oe1
[ 1409s] [319/465] installing python3-rpm-4.15.1-25.oe1
[ 1411s] [320/465] installing openEuler-rpm-config-30-21.oe1
[ 1413s] [321/465] installing cmake-3.22.0-1.oe1
[ 1428s] [322/465] installing libdnf-0.65.0-2.oe1
[ 1432s] [323/465] installing cmake-data-3.22.0-1.oe1
[ 1446s] [324/465] installing python3-devel-3.8.5-13.oe1
[ 1481s] [325/465] installing python3-libdnf-0.65.0-2.oe1
[ 1485s] [326/465] installing perl-4:5.28.0-435.oe1
[ 1494s] [327/465] installing perl-B-Debug-1.26-4.oe1
[ 1495s] [328/465] installing perl-Env-1.04-397.oe1
[ 1497s] [329/465] installing perl-Devel-PPPort-3.42-4.oe1
[ 1499s] [330/465] installing perl-Pod-Escapes-1:1.07-419.oe1
[ 1501s] [331/465] installing perl-Text-Tabs+Wrap-2013.0523-419.oe1
[ 1502s] [332/465] installing perl-Algorithm-Diff-1.1903-14.oe1
[ 1504s] [333/465] installing perl-Params-Check-1:0.38-418.oe1
[ 1505s] [334/465] installing perl-Term-Cap-1.17-510.oe1
[ 1507s] [335/465] installing perl-TermReadKey-2.38-2.oe1
[ 1509s] [336/465] installing perl-Text-Balanced-2.03-420.oe1
[ 1512s] [337/465] installing perl-threads-1:2.22-419.oe1
[ 1514s] [338/465] installing openssl-1:1.1.1f-2.oe1
[ 1516s] [339/465] installing perl-Config-Perl-V-0.30-5.oe1
[ 1518s] [340/465] installing perl-Error-1:0.17029-1.oe1
[ 1520s] [341/465] installing perl-Filter-2:1.59-2.oe1
[ 1522s] [342/465] installing perl-IPC-SysV-2.07-5.oe1
[ 1524s] [343/465] installing perl-Locale-Maketext-1:1.28-1.oe1
[ 1526s] [344/465] installing perl-constant-1.33-421.oe1
[ 1528s] [345/465] installing perl-MIME-Base64-3.15-418.oe1
[ 1530s] [346/465] installing perl-CPAN-Meta-YAML-0.018-420.oe1
[ 1532s] [347/465] installing perl-Socket-4:2.029-2.oe1
[ 1534s] [348/465] installing perl-Storable-1:3.15-2.oe1
[ 1537s] [349/465] installing python3-hawkey-0.65.0-2.oe1
[ 1540s] [350/465] installing perl-PerlIO-via-QuotedPrint-0.08-397.oe1
[ 1542s] [351/465] installing perl-Digest-1.17-419.oe1
[ 1543s] [352/465] installing perl-Filter-Simple-1:0.94-1.oe1
[ 1545s] [353/465] installing perl-IO-Socket-IP-0.39-420.oe1
[ 1546s] [354/465] installing perl-Text-Diff-1.45-7.oe1
[ 1548s] [355/465] installing perl-Time-Local-2:1.280-6.oe1
[ 1549s] [356/465] installing perl-version-8:0.99.24-3.oe1
[ 1551s] [357/465] installing perl-IPC-System-Simple-1.25-19.oe1
[ 1553s] [358/465] installing perl-threads-shared-1.59-2.oe1
[ 1555s] [359/465] installing perl-Compress-Raw-Bzip2-2.100-1.oe1
[ 1559s] [360/465] installing perl-Compress-Raw-Zlib-1:2.100-1.oe1
[ 1561s] [361/465] installing perl-Locale-Codes-3.58-2.oe1
[ 1564s] [362/465] installing perl-Math-BigInt-1:1.9998.13-5.oe1
[ 1566s] [363/465] installing perl-PathTools-3.75-4.oe1
[ 1568s] [364/465] installing python3-dnf-4.10.0-1.oe1
[ 1572s] [365/465] installing perl-Data-Dumper-2.172-3.oe1
[ 1574s] [366/465] installing perl-Sys-Syslog-0.35-420.oe1
[ 1577s] [367/465] installing perl-Encode-4:2.98-9.oe1
[ 1582s] [368/465] installing autogen-5.18.16-1.oe1
[ 1585s] [369/465] installing nodejs-1:16.10.0-1.oe1
[ 1588s] [370/465] installing systemd-243-22.oe1
[ 1604s] /var/tmp/rpm-tmp.Zum09m: line 8: groupadd: command not found
[ 1604s] /var/tmp/rpm-tmp.Zum09m: line 10: groupadd: command not found
[ 1604s] /var/tmp/rpm-tmp.Zum09m: line 13: groupadd: command not found
[ 1604s] /var/tmp/rpm-tmp.Zum09m: line 16: groupadd: command not found
[ 1604s] [371/465] installing dbus-common-1:1.12.20-3.oe1
[ 1606s] [372/465] installing nodejs-source-map-0.5.6-1.oe1
[ 1609s] [373/465] installing perl-Module-Load-1:0.32-418.oe1
[ 1611s] [374/465] installing nodejs-packaging-20-1.oe1
[ 1613s] [375/465] installing dnf-4.10.0-1.oe1
[ 1617s] Failed to preset unit, unit dnf-automatic.timer does not exist.
[ 1617s] Failed to preset unit, unit dnf-automatic-notifyonly.timer does not exist.
[ 1617s] Failed to preset unit, unit dnf-automatic-download.timer does not exist.
[ 1617s] Failed to preset unit, unit dnf-automatic-install.timer does not exist.
[ 1617s] [376/465] installing perl-File-Which-1.23-1.oe1
[ 1619s] [377/465] installing perl-Thread-Queue-3.13-3.oe1
[ 1620s] [378/465] installing perl-experimental-0.020-2.oe1
[ 1622s] [379/465] installing perl-Digest-MD5-2.55-419.oe1
[ 1624s] [380/465] installing perl-File-Path-2.16-4.oe1
[ 1626s] [381/465] installing perl-Math-BigInt-FastCalc-0.500.700-4.oe1
[ 1628s] [382/465] installing perl-Module-Metadata-1.000036-3.oe1
[ 1630s] [383/465] installing perl-CPAN-Meta-Requirements-2.140-419.oe1
[ 1632s] [384/465] installing perl-Encode-devel-4:2.98-9.oe1
[ 1634s] [385/465] installing perl-HTTP-Tiny-0.076-3.oe1
[ 1636s] [386/465] installing perl-Math-BigRat-0.2614-2.oe1
[ 1638s] [387/465] installing audit-1:3.0-2.oe1
[ 1642s] [388/465] installing perl-DB_File-1.842-2.oe1
[ 1644s] [389/465] installing perl-autodie-2.29-398.oe1
[ 1646s] [390/465] installing perl-Unicode-Collate-1.25-4.oe1
[ 1650s] [391/465] installing perl-IO-Compress-2.081-6.oe1
[ 1652s] [392/465] installing perl-podlators-1:4.14-1.oe1
[ 1654s] [393/465] installing perl-ExtUtils-Command-1:7.60-1.oe1
[ 1656s] [394/465] installing perl-ExtUtils-Manifest-1:1.71-4.oe1
[ 1659s] [395/465] installing perl-bignum-0.50-4.oe1
[ 1661s] [396/465] installing perl-File-Temp-1:0.230.800-4.oe1
[ 1663s] [397/465] installing perl-libnet-3.11-420.oe1
[ 1665s] [398/465] installing pam-1.5.1-1.oe1
[ 1670s] [399/465] installing libpwquality-1.4.4-1.oe1
[ 1673s] [400/465] installing perl-File-HomeDir-1.004-4.oe1
[ 1675s] [401/465] installing shadow-2:4.8.1-5.oe1
[ 1678s] [402/465] installing perl-Test-Simple-2:1.302175-2.oe1
[ 1680s] [403/465] installing libutempter-1.1.6-16.oe1
[ 1684s] [404/465] installing unbound-libs-1.10.1-4.oe1
[ 1688s] [405/465] installing dbus-daemon-1:1.12.20-3.oe1
[ 1692s] [406/465] installing openssh-server-8.2p1-10.oe1
[ 1695s] Created symlink /etc/systemd/system/multi-user.target.wants/sshd.service -> /usr/lib/systemd/system/sshd.service.
[ 1695s] [407/465] installing groff-1.22.4-4.oe1
[ 1703s] [408/465] installing dbus-1:1.12.20-3.oe1
[ 1705s] [409/465] installing man-db-2.9.3-2.oe1
[ 1712s] [410/465] installing perl-Pod-Perldoc-1:3.28-3.oe1
[ 1713s] [411/465] installing gnutls-3.6.15-3.oe1
[ 1717s] [412/465] installing util-linux-2.36.1-3.oe1
[ 1726s] [413/465] installing nss-help-3.72.0-2.oe1
[ 1728s] [414/465] installing util-linux-devel-2.36.1-3.oe1
[ 1730s] [415/465] installing xdg-dbus-proxy-0.1.2-1.oe1
[ 1732s] [416/465] installing NetworkManager-libnm-1:1.26.0-5
[ 1737s] [417/465] installing at-spi2-core-2.39.1-1.oe1
[ 1741s] [418/465] installing cups-libs-1:2.3.3-6.oe1
[ 1744s] [419/465] installing perl-Pod-Usage-4:1.69-418.oe1
[ 1745s] [420/465] installing device-mapper-8:1.02.172-1.oe1
[ 1748s] [421/465] installing openssh-8.2p1-10.oe1
[ 1751s] [422/465] installing at-spi2-atk-2.38.0-1.oe1
[ 1754s] [423/465] installing libproxy-0.4.15-13.oe1
[ 1757s] [424/465] installing perl-Getopt-Long-1:2.52-1.oe1
[ 1759s] [425/465] installing cryptsetup-2.3.3-3.oe1
[ 1763s] [426/465] installing device-mapper-event-8:1.02.172-1.oe1
[ 1766s] Created symlink /etc/systemd/system/sockets.target.wants/dm-event.socket -> /usr/lib/systemd/system/dm-event.socket.
[ 1766s] [427/465] installing nss-3.72.0-2.oe1
[ 1776s] [428/465] installing glib2-devel-2.66.8-1.oe1
[ 1798s] [429/465] installing openssh-clients-8.2p1-10.oe1
[ 1801s] [430/465] installing cryptsetup-devel-2.3.3-3.oe1
[ 1803s] [431/465] installing nss-util-3.72.0-2.oe1
[ 1806s] [432/465] installing perl-ExtUtils-ParseXS-2:3.35-1.oe1
[ 1808s] [433/465] installing glib-networking-2.58.0-7.oe1
[ 1811s] [434/465] installing perl-Module-CoreList-1:5.20180920-2.oe1
[ 1813s] [435/465] installing perl-Digest-SHA-1:6.02-7.oe1
[ 1816s] [436/465] installing perl-Pod-Parser-1.63-397.oe1
[ 1818s] [437/465] installing perl-Pod-Simple-1:3.35-418.oe1
[ 1820s] [438/465] installing perl-Test-Harness-1:3.43_02-1.oe1
[ 1822s] [439/465] installing perl-Archive-Tar-2.30-421.oe1
[ 1824s] [440/465] installing perl-JSON-PP-1:4.04-2.oe1
[ 1826s] [441/465] installing lvm2-8:2.03.11-1.oe1
[ 1833s] Created symlink /etc/systemd/system/sysinit.target.wants/lvm2-lvmpolld.socket -> /usr/lib/systemd/system/lvm2-lvmpolld.socket.
[ 1833s] [442/465] installing autoconf-2.69-30.oe1
[ 1836s] [443/465] installing git-2.23.0-12.oe1
[ 1850s] [444/465] installing gtk3-3.24.30-2.oe1
[ 1862s] [445/465] installing nss-softokn-3.72.0-2.oe1
[ 1865s] [446/465] installing nss-util-devel-3.72.0-2.oe1
[ 1868s] [447/465] installing perl-Pod-Checker-4:1.73-398.oe1
[ 1870s] [448/465] installing libsoup-2.72.0-2.oe1
[ 1873s] [449/465] installing perl-Git-2.23.0-12.oe1
[ 1875s] [450/465] installing perl-CPAN-Meta-2.150010-419.oe1
[ 1878s] [451/465] installing perl-Module-Load-Conditional-0.68-418.oe1
[ 1880s] [452/465] installing automake-1.16.1-6.oe1
[ 1883s] [453/465] installing perl-ExtUtils-MakeMaker-1:7.60-1.oe1
[ 1885s] [454/465] installing nss-softokn-devel-3.72.0-2.oe1
[ 1888s] [455/465] installing perl-ExtUtils-Install-2.14-419.oe1
[ 1890s] [456/465] installing perl-IPC-Cmd-2:1.04-4.oe1
[ 1891s] [457/465] installing geoclue2-2.5.7-1.oe1
[ 1896s] [458/465] installing rpm-build-4.15.1-25.oe1
[ 1898s] [459/465] installing nss-devel-3.72.0-2.oe1
[ 1901s] [460/465] installing gcc_secure-1.0-0.9.oe1
[ 1903s] [461/465] installing perl-File-Fetch-0.56-4.oe1
[ 1905s] [462/465] installing perl-devel-4:5.28.0-435.oe1
[ 1917s] [463/465] installing webkit2gtk3-2.32.1-2.oe1
[ 1944s] [464/465] installing emacs-1:27.1-5.oe1
[ 1949s] [465/465] installing gettext-devel-0.20.1-2.oe1
[ 1954s] removing nis flags from /var/cache/obs/worker/root_2/etc/nsswitch.conf...
[ 1955s] now finalizing build dir...
[ 1968s] Running build time source services...
[ 1974s] Warning: spec file parser line 97: can't expand %(...)
[ 1974s] Warning: spec file parser line 98: can't expand %(...)
[ 1974s] Warning: spec file parser line 99: can't expand %(...)
[ 1989s] -----------------------------------------------------------------
[ 1989s] ----- building volume_key.spec (user abuild)
[ 1989s] -----------------------------------------------------------------
[ 1989s] -----------------------------------------------------------------
[ 1999s] + exec rpmbuild -ba --define '_srcdefattr (-,root,root)' --nosignature --define 'disturl obs://private/openEuler:Mainline:RISC-V/advanced_riscv64/bf1cbcb54177cacd3d6b36984233b938-volume_key' /home/abuild/rpmbuild/SOURCES/volume_key.spec
[ 2000s] warning: line 19: It's not recommended to have unversioned Obsoletes: Obsoletes:     volume_key-libs
[ 2002s] Executing(%prep): /bin/sh -e /var/tmp/rpm-tmp.hgy41h
[ 2002s] + umask 022
[ 2002s] + cd /home/abuild/rpmbuild/BUILD
[ 2002s] + cd /home/abuild/rpmbuild/BUILD
[ 2002s] + rm -rf volume_key-0.3.12
[ 2002s] + /usr/bin/xz -dc /home/abuild/rpmbuild/SOURCES/volume_key-0.3.12.tar.xz
[ 2002s] + /usr/bin/tar -xof -
[ 2003s] + STATUS=0
[ 2003s] + '[' 0 -ne 0 ']'
[ 2003s] + cd volume_key-0.3.12
[ 2003s] + /usr/bin/chmod -Rf a+rX,u+w,g-w,o-w .
[ 2003s] + RPM_EC=0
[ 2003s] ++ jobs -p
[ 2003s] + exit 0
[ 2004s] Executing(%build): /bin/sh -e /var/tmp/rpm-tmp.XfNrjz
[ 2004s] + umask 022
[ 2004s] + cd /home/abuild/rpmbuild/BUILD
[ 2004s] + cd volume_key-0.3.12
[ 2004s] + CFLAGS='-O2 -g -pipe -Wall -Werror=format-security -Wp,-D_FORTIFY_SOURCE=2 -Wp,-D_GLIBCXX_ASSERTIONS -fstack-protector-strong -grecord-gcc-switches -specs=/usr/lib/rpm/generic-hardened-cc1 -fasynchronous-unwind-tables -fstack-clash-protection'
[ 2004s] + export CFLAGS
[ 2004s] + CXXFLAGS='-O2 -g -pipe -Wall -Werror=format-security -Wp,-D_FORTIFY_SOURCE=2 -Wp,-D_GLIBCXX_ASSERTIONS -fstack-protector-strong -grecord-gcc-switches -specs=/usr/lib/rpm/generic-hardened-cc1 -fasynchronous-unwind-tables -fstack-clash-protection -fexceptions'
[ 2004s] + export CXXFLAGS
[ 2004s] + FFLAGS='-O2 -g -pipe -Wall -Werror=format-security -Wp,-D_FORTIFY_SOURCE=2 -Wp,-D_GLIBCXX_ASSERTIONS -fstack-protector-strong -grecord-gcc-switches -specs=/usr/lib/rpm/generic-hardened-cc1 -fasynchronous-unwind-tables -fstack-clash-protection -fexceptions -I/usr/lib64/gfortran/modules'
[ 2004s] + export FFLAGS
[ 2004s] + FCFLAGS='-O2 -g -pipe -Wall -Werror=format-security -Wp,-D_FORTIFY_SOURCE=2 -Wp,-D_GLIBCXX_ASSERTIONS -fstack-protector-strong -grecord-gcc-switches -specs=/usr/lib/rpm/generic-hardened-cc1 -fasynchronous-unwind-tables -fstack-clash-protection -fexceptions -I/usr/lib64/gfortran/modules'
[ 2004s] + export FCFLAGS
[ 2004s] + LDFLAGS='-Wl,-z,relro   -Wl,-z,now -specs=/usr/lib/rpm/generic-hardened-ld'
[ 2004s] + export LDFLAGS
[ 2004s] + '[' 1 = 1 ']'
[ 2004s] +++ dirname ./configure
[ 2004s] ++ find . -name config.guess -o -name config.sub
[ 2004s] + for i in $(find $(dirname ./configure) -name config.guess -o -name config.sub)
[ 2004s] ++ basename ./admin/config.sub
[ 2004s] + '[' -f /usr/lib/rpm/openEuler/config.sub ']'
[ 2004s] + /usr/bin/rm -f ./admin/config.sub
[ 2004s] ++ basename ./admin/config.sub
[ 2004s] + /usr/bin/cp -fv /usr/lib/rpm/openEuler/config.sub ./admin/config.sub
[ 2004s] '/usr/lib/rpm/openEuler/config.sub' -> './admin/config.sub'
[ 2004s] + for i in $(find $(dirname ./configure) -name config.guess -o -name config.sub)
[ 2004s] ++ basename ./admin/config.guess
[ 2004s] + '[' -f /usr/lib/rpm/openEuler/config.guess ']'
[ 2004s] + /usr/bin/rm -f ./admin/config.guess
[ 2004s] ++ basename ./admin/config.guess
[ 2005s] + /usr/bin/cp -fv /usr/lib/rpm/openEuler/config.guess ./admin/config.guess
[ 2005s] '/usr/lib/rpm/openEuler/config.guess' -> './admin/config.guess'
[ 2005s] + '[' 1 = 1 ']'
[ 2005s] + '[' x '!=' 'x-Wl,-z,now -specs=/usr/lib/rpm/generic-hardened-ld' ']'
[ 2005s] ++ find . -name ltmain.sh
[ 2005s] + for i in $(find . -name ltmain.sh)
[ 2005s] + /usr/bin/sed -i.backup -e 's~compiler_flags=$~compiler_flags="-Wl,-z,now -specs=/usr/lib/rpm/generic-hardened-ld"~' ./admin/ltmain.sh
[ 2005s] + ./configure --build=riscv64-openEuler-linux-gnu --host=riscv64-openEuler-linux-gnu --program-prefix= --disable-dependency-tracking --prefix=/usr --exec-prefix=/usr --bindir=/usr/bin --sbindir=/usr/sbin --sysconfdir=/etc --datadir=/usr/share --includedir=/usr/include --libdir=/usr/lib64 --libexecdir=/usr/libexec --localstatedir=/var --sharedstatedir=/var/lib --mandir=/usr/share/man --infodir=/usr/share/info --with-python=no --with-python3=yes
[ 2016s] checking for a BSD-compatible install... /usr/bin/install -c
[ 2016s] checking whether build environment is sane... yes
[ 2017s] checking for a thread-safe mkdir -p... /usr/bin/mkdir -p
[ 2017s] checking for gawk... gawk
[ 2017s] checking whether make sets $(MAKE)... yes
[ 2018s] checking whether make supports nested variables... yes
[ 2018s] checking for riscv64-openEuler-linux-gnu-gcc... no
[ 2018s] checking for gcc... gcc
[ 2027s] checking whether the C compiler works... yes
[ 2027s] checking for C compiler default output file name... a.out
[ 2029s] checking for suffix of executables... 
[ 2033s] checking whether we are cross compiling... no
[ 2035s] checking for suffix of object files... o
[ 2037s] checking whether we are using the GNU C compiler... yes
[ 2038s] checking whether gcc accepts -g... yes
[ 2041s] checking for gcc option to accept ISO C89... none needed
[ 2046s] checking whether gcc understands -c and -o together... yes
[ 2046s] checking for style of include used by make... GNU
[ 2046s] checking dependency style of gcc... none
[ 2046s] checking for riscv64-openEuler-linux-gnu-ar... no
[ 2046s] checking for riscv64-openEuler-linux-gnu-lib... no
[ 2046s] checking for riscv64-openEuler-linux-gnu-link... no
[ 2046s] checking for ar... ar
[ 2048s] checking the archiver (ar) interface... ar
[ 2049s] checking build system type... riscv64-openEuler-linux-gnu
[ 2050s] checking host system type... riscv64-openEuler-linux-gnu
[ 2050s] checking how to print strings... printf
[ 2050s] checking for a sed that does not truncate output... /usr/bin/sed
[ 2050s] checking for grep that handles long lines and -e... /usr/bin/grep
[ 2050s] checking for egrep... /usr/bin/grep -E
[ 2050s] checking for fgrep... /usr/bin/grep -F
[ 2051s] checking for ld used by gcc... /usr/bin/ld
[ 2051s] checking if the linker (/usr/bin/ld) is GNU ld... yes
[ 2051s] checking for BSD- or MS-compatible name lister (nm)... /usr/bin/nm -B
[ 2053s] checking the name lister (/usr/bin/nm -B) interface... BSD nm
[ 2053s] checking whether ln -s works... yes
[ 2054s] checking the maximum length of command line arguments... 1572864
[ 2054s] checking how to convert riscv64-openEuler-linux-gnu file names to riscv64-openEuler-linux-gnu format... func_convert_file_noop
[ 2054s] checking how to convert riscv64-openEuler-linux-gnu file names to toolchain format... func_convert_file_noop
[ 2054s] checking for /usr/bin/ld option to reload object files... -r
[ 2054s] checking for riscv64-openEuler-linux-gnu-objdump... no
[ 2054s] checking for objdump... objdump
[ 2054s] checking how to recognize dependent libraries... pass_all
[ 2054s] checking for riscv64-openEuler-linux-gnu-dlltool... no
[ 2054s] checking for dlltool... no
[ 2054s] checking how to associate runtime and link libraries... printf %s\n
[ 2054s] checking for riscv64-openEuler-linux-gnu-ar... ar
[ 2056s] checking for archiver @FILE support... @
[ 2056s] checking for riscv64-openEuler-linux-gnu-strip... no
[ 2056s] checking for strip... strip
[ 2056s] checking for riscv64-openEuler-linux-gnu-ranlib... no
[ 2056s] checking for ranlib... ranlib
[ 2061s] checking command to parse /usr/bin/nm -B output from gcc object... ok
[ 2061s] checking for sysroot... no
[ 2061s] checking for a working dd... /usr/bin/dd
[ 2062s] checking how to truncate binary pipes... /usr/bin/dd bs=4096 count=1
[ 2062s] checking for riscv64-openEuler-linux-gnu-mt... no
[ 2062s] checking for mt... no
[ 2062s] checking if : is a manifest tool... no
[ 2065s] checking how to run the C preprocessor... gcc -E
[ 2076s] checking for ANSI C header files... yes
[ 2079s] checking for sys/types.h... yes
[ 2082s] checking for sys/stat.h... yes
[ 2085s] checking for stdlib.h... yes
[ 2087s] checking for string.h... yes
[ 2090s] checking for memory.h... yes
[ 2092s] checking for strings.h... yes
[ 2095s] checking for inttypes.h... yes
[ 2098s] checking for stdint.h... yes
[ 2100s] checking for unistd.h... yes
[ 2103s] checking for dlfcn.h... yes
[ 2104s] checking for objdir... .libs
[ 2110s] checking if gcc supports -fno-rtti -fno-exceptions... no
[ 2110s] checking for gcc option to produce PIC... -fPIC -DPIC
[ 2112s] checking if gcc PIC flag -fPIC -DPIC works... yes
[ 2116s] checking if gcc static flag -static works... yes
[ 2120s] checking if gcc supports -c -o file.o... yes
[ 2120s] checking if gcc supports -c -o file.o... (cached) yes
[ 2122s] checking whether the gcc linker (/usr/bin/ld) supports shared libraries... yes
[ 2125s] checking whether -lc should be explicitly linked in... no
[ 2132s] checking dynamic linker characteristics... GNU/Linux ld.so
[ 2132s] checking how to hardcode library paths into programs... immediate
[ 2132s] checking whether stripping libraries is possible... yes
[ 2132s] checking if libtool supports shared libraries... yes
[ 2132s] checking whether to build shared libraries... yes
[ 2132s] checking whether to build static libraries... no
[ 2132s] checking whether to create Python 2 bindings... no
[ 2132s] checking whether to use Python 3 bindings... testing
[ 2132s] checking for python3.6... no
[ 2132s] checking for python3.5... no
[ 2132s] checking for python3... /usr/bin/python3
[ 2134s] checking whether /usr/bin/python3 version is >= 3.5... yes
[ 2134s] checking for python3-config... /usr/bin/python3-config
[ 2135s] checking for /usr/bin/python3 version... 3.8
[ 2136s] checking for /usr/bin/python3 platform... linux
[ 2137s] checking for /usr/bin/python3 script directory... ${prefix}/lib/python3.8/site-packages
[ 2139s] checking for /usr/bin/python3 extension module directory... ${exec_prefix}/lib64/python3.8/site-packages
[ 2145s] checking for gpg2... /usr/bin/gpg2
[ 2145s] checking for riscv64-openEuler-linux-gnu-pkg-config... /usr/bin/riscv64-openEuler-linux-gnu-pkg-config
[ 2145s] checking pkg-config is at least version 0.9.0... yes
[ 2146s] checking for blkid... yes
[ 2147s] checking for glib... yes
[ 2149s] checking for libcryptsetup... yes
[ 2149s] checking for nss... yes
[ 2149s] checking for gpgme-config... /usr/bin/gpgme-config
[ 2151s] checking for GPGME - version >= 0.4.2... yes
[ 2151s] checking whether NLS is requested... yes
[ 2153s] checking for msgfmt... /usr/bin/msgfmt
[ 2153s] checking for gmsgfmt... /usr/bin/msgfmt
[ 2154s] checking for xgettext... /usr/bin/xgettext
[ 2155s] checking for msgmerge... /usr/bin/msgmerge
[ 2156s] checking for ld used by gcc... /usr/bin/ld
[ 2156s] checking if the linker (/usr/bin/ld) is GNU ld... yes
[ 2158s] checking for shared library run path origin... done
[ 2161s] checking for CFPreferencesCopyAppValue... no
[ 2164s] checking for CFLocaleCopyCurrent... no
[ 2167s] checking for GNU gettext in libc... yes
[ 2167s] checking whether to use NLS... yes
[ 2167s] checking where the gettext function comes from... libc
[ 2167s] checking for special C compiler options needed for large files... no
[ 2169s] checking for _FILE_OFFSET_BITS value needed for large files... no
[ 2185s] checking for available GCC warning flags...  -Wall -W -Wcast-align -Wmissing-noreturn -Wnested-externs -Wpointer-arith -Wshadow -Wundef -Wwrite-strings
[ 2185s] checking whether we should use -Werror... no
[ 2187s] checking that generated files are newer than configure... done
[ 2187s] configure: creating ./config.status
[ 2222s] config.status: creating Makefile
[ 2223s] config.status: creating contrib/Makefile
[ 2224s] config.status: creating doc/Makefile
[ 2225s] config.status: creating lib/Makefile
[ 2226s] config.status: creating po/Makefile.in
[ 2227s] config.status: creating python/Makefile
[ 2228s] config.status: creating python/python/Makefile
[ 2229s] config.status: creating python/python3/Makefile
[ 2230s] config.status: creating src/Makefile
[ 2232s] config.status: creating tests/Makefile
[ 2233s] config.status: creating config.h
[ 2234s] config.status: executing depfiles commands
[ 2234s] config.status: executing libtool commands
[ 2235s] config.status: executing po-directories commands
[ 2235s] config.status: creating po/POTFILES
[ 2236s] config.status: creating po/Makefile
[ 2238s] + /usr/bin/make -O -j8 V=1 VERBOSE=1
[ 2239s] /usr/bin/make  all-recursive
[ 2239s] Making all in contrib
[ 2239s] make[2]: Nothing to be done for 'all'.
[ 2239s] Making all in doc
[ 2239s] make[2]: Nothing to be done for 'all'.
[ 2239s] Making all in lib
[ 2262s] make[2]: Entering directory '/home/abuild/rpmbuild/BUILD/volume_key-0.3.12/lib'
[ 2262s] /bin/sh ../libtool  --tag=CC   --mode=compile gcc -DHAVE_CONFIG_H -I. -I..  -I/usr/include/blkid  -I/usr/include/glib-2.0 -I/usr/lib64/glib-2.0/include    -I/usr/include/nss3 -I/usr/include/nspr4  -DLOCALEDIR='"/usr/share/locale"'   -O2 -g -pipe -Wall -Werror=format-security -Wp,-D_FORTIFY_SOURCE=2 -Wp,-D_GLIBCXX_ASSERTIONS -fstack-protector-strong -grecord-gcc-switches -specs=/usr/lib/rpm/generic-hardened-cc1 -fasynchronous-unwind-tables -fstack-clash-protection  -Wall -W -Wcast-align -Wmissing-noreturn -Wnested-externs -Wpointer-arith -Wshadow -Wundef -Wwrite-strings -c -o libvolume_key_la-nss_error.lo `test -f 'nss_error.c' || echo './'`nss_error.c
[ 2262s] libtool: compile:  gcc -DHAVE_CONFIG_H -I. -I.. -I/usr/include/blkid -I/usr/include/glib-2.0 -I/usr/lib64/glib-2.0/include -I/usr/include/nss3 -I/usr/include/nspr4 -DLOCALEDIR=\"/usr/share/locale\" -O2 -g -pipe -Wall -Werror=format-security -Wp,-D_FORTIFY_SOURCE=2 -Wp,-D_GLIBCXX_ASSERTIONS -fstack-protector-strong -grecord-gcc-switches -specs=/usr/lib/rpm/generic-hardened-cc1 -fasynchronous-unwind-tables -fstack-clash-protection -Wall -W -Wcast-align -Wmissing-noreturn -Wnested-externs -Wpointer-arith -Wshadow -Wundef -Wwrite-strings -c nss_error.c  -fPIC -DPIC -o .libs/libvolume_key_la-nss_error.o
[ 2262s] make[2]: Leaving directory '/home/abuild/rpmbuild/BUILD/volume_key-0.3.12/lib'
[ 2265s] make[2]: Entering directory '/home/abuild/rpmbuild/BUILD/volume_key-0.3.12/lib'
[ 2265s] /bin/sh ../libtool  --tag=CC   --mode=compile gcc -DHAVE_CONFIG_H -I. -I..  -I/usr/include/blkid  -I/usr/include/glib-2.0 -I/usr/lib64/glib-2.0/include    -I/usr/include/nss3 -I/usr/include/nspr4  -DLOCALEDIR='"/usr/share/locale"'   -O2 -g -pipe -Wall -Werror=format-security -Wp,-D_FORTIFY_SOURCE=2 -Wp,-D_GLIBCXX_ASSERTIONS -fstack-protector-strong -grecord-gcc-switches -specs=/usr/lib/rpm/generic-hardened-cc1 -fasynchronous-unwind-tables -fstack-clash-protection  -Wall -W -Wcast-align -Wmissing-noreturn -Wnested-externs -Wpointer-arith -Wshadow -Wundef -Wwrite-strings -c -o libvolume_key_la-ui.lo `test -f 'ui.c' || echo './'`ui.c
[ 2265s] libtool: compile:  gcc -DHAVE_CONFIG_H -I. -I.. -I/usr/include/blkid -I/usr/include/glib-2.0 -I/usr/lib64/glib-2.0/include -I/usr/include/nss3 -I/usr/include/nspr4 -DLOCALEDIR=\"/usr/share/locale\" -O2 -g -pipe -Wall -Werror=format-security -Wp,-D_FORTIFY_SOURCE=2 -Wp,-D_GLIBCXX_ASSERTIONS -fstack-protector-strong -grecord-gcc-switches -specs=/usr/lib/rpm/generic-hardened-cc1 -fasynchronous-unwind-tables -fstack-clash-protection -Wall -W -Wcast-align -Wmissing-noreturn -Wnested-externs -Wpointer-arith -Wshadow -Wundef -Wwrite-strings -c ui.c  -fPIC -DPIC -o .libs/libvolume_key_la-ui.o
[ 2265s] make[2]: Leaving directory '/home/abuild/rpmbuild/BUILD/volume_key-0.3.12/lib'
[ 2269s] make[2]: Entering directory '/home/abuild/rpmbuild/BUILD/volume_key-0.3.12/lib'
[ 2269s] /bin/sh ../libtool  --tag=CC   --mode=compile gcc -DHAVE_CONFIG_H -I. -I..  -I/usr/include/blkid  -I/usr/include/glib-2.0 -I/usr/lib64/glib-2.0/include    -I/usr/include/nss3 -I/usr/include/nspr4  -DLOCALEDIR='"/usr/share/locale"'   -O2 -g -pipe -Wall -Werror=format-security -Wp,-D_FORTIFY_SOURCE=2 -Wp,-D_GLIBCXX_ASSERTIONS -fstack-protector-strong -grecord-gcc-switches -specs=/usr/lib/rpm/generic-hardened-cc1 -fasynchronous-unwind-tables -fstack-clash-protection  -Wall -W -Wcast-align -Wmissing-noreturn -Wnested-externs -Wpointer-arith -Wshadow -Wundef -Wwrite-strings -c -o libvolume_key_la-crypto.lo `test -f 'crypto.c' || echo './'`crypto.c
[ 2269s] libtool: compile:  gcc -DHAVE_CONFIG_H -I. -I.. -I/usr/include/blkid -I/usr/include/glib-2.0 -I/usr/lib64/glib-2.0/include -I/usr/include/nss3 -I/usr/include/nspr4 -DLOCALEDIR=\"/usr/share/locale\" -O2 -g -pipe -Wall -Werror=format-security -Wp,-D_FORTIFY_SOURCE=2 -Wp,-D_GLIBCXX_ASSERTIONS -fstack-protector-strong -grecord-gcc-switches -specs=/usr/lib/rpm/generic-hardened-cc1 -fasynchronous-unwind-tables -fstack-clash-protection -Wall -W -Wcast-align -Wmissing-noreturn -Wnested-externs -Wpointer-arith -Wshadow -Wundef -Wwrite-strings -c crypto.c  -fPIC -DPIC -o .libs/libvolume_key_la-crypto.o
[ 2269s] make[2]: Leaving directory '/home/abuild/rpmbuild/BUILD/volume_key-0.3.12/lib'
[ 2269s] make[2]: Entering directory '/home/abuild/rpmbuild/BUILD/volume_key-0.3.12/lib'
[ 2269s] /bin/sh ../libtool  --tag=CC   --mode=compile gcc -DHAVE_CONFIG_H -I. -I..  -I/usr/include/blkid  -I/usr/include/glib-2.0 -I/usr/lib64/glib-2.0/include    -I/usr/include/nss3 -I/usr/include/nspr4  -DLOCALEDIR='"/usr/share/locale"'   -O2 -g -pipe -Wall -Werror=format-security -Wp,-D_FORTIFY_SOURCE=2 -Wp,-D_GLIBCXX_ASSERTIONS -fstack-protector-strong -grecord-gcc-switches -specs=/usr/lib/rpm/generic-hardened-cc1 -fasynchronous-unwind-tables -fstack-clash-protection  -Wall -W -Wcast-align -Wmissing-noreturn -Wnested-externs -Wpointer-arith -Wshadow -Wundef -Wwrite-strings -c -o libvolume_key_la-libvolume_key.lo `test -f 'libvolume_key.c' || echo './'`libvolume_key.c
[ 2269s] libtool: compile:  gcc -DHAVE_CONFIG_H -I. -I.. -I/usr/include/blkid -I/usr/include/glib-2.0 -I/usr/lib64/glib-2.0/include -I/usr/include/nss3 -I/usr/include/nspr4 -DLOCALEDIR=\"/usr/share/locale\" -O2 -g -pipe -Wall -Werror=format-security -Wp,-D_FORTIFY_SOURCE=2 -Wp,-D_GLIBCXX_ASSERTIONS -fstack-protector-strong -grecord-gcc-switches -specs=/usr/lib/rpm/generic-hardened-cc1 -fasynchronous-unwind-tables -fstack-clash-protection -Wall -W -Wcast-align -Wmissing-noreturn -Wnested-externs -Wpointer-arith -Wshadow -Wundef -Wwrite-strings -c libvolume_key.c  -fPIC -DPIC -o .libs/libvolume_key_la-libvolume_key.o
[ 2269s] make[2]: Leaving directory '/home/abuild/rpmbuild/BUILD/volume_key-0.3.12/lib'
[ 2271s] make[2]: Entering directory '/home/abuild/rpmbuild/BUILD/volume_key-0.3.12/lib'
[ 2271s] /bin/sh ../libtool  --tag=CC   --mode=compile gcc -DHAVE_CONFIG_H -I. -I..  -I/usr/include/blkid  -I/usr/include/glib-2.0 -I/usr/lib64/glib-2.0/include    -I/usr/include/nss3 -I/usr/include/nspr4  -DLOCALEDIR='"/usr/share/locale"'   -O2 -g -pipe -Wall -Werror=format-security -Wp,-D_FORTIFY_SOURCE=2 -Wp,-D_GLIBCXX_ASSERTIONS -fstack-protector-strong -grecord-gcc-switches -specs=/usr/lib/rpm/generic-hardened-cc1 -fasynchronous-unwind-tables -fstack-clash-protection  -Wall -W -Wcast-align -Wmissing-noreturn -Wnested-externs -Wpointer-arith -Wshadow -Wundef -Wwrite-strings -c -o libvolume_key_la-volume.lo `test -f 'volume.c' || echo './'`volume.c
[ 2271s] libtool: compile:  gcc -DHAVE_CONFIG_H -I. -I.. -I/usr/include/blkid -I/usr/include/glib-2.0 -I/usr/lib64/glib-2.0/include -I/usr/include/nss3 -I/usr/include/nspr4 -DLOCALEDIR=\"/usr/share/locale\" -O2 -g -pipe -Wall -Werror=format-security -Wp,-D_FORTIFY_SOURCE=2 -Wp,-D_GLIBCXX_ASSERTIONS -fstack-protector-strong -grecord-gcc-switches -specs=/usr/lib/rpm/generic-hardened-cc1 -fasynchronous-unwind-tables -fstack-clash-protection -Wall -W -Wcast-align -Wmissing-noreturn -Wnested-externs -Wpointer-arith -Wshadow -Wundef -Wwrite-strings -c volume.c  -fPIC -DPIC -o .libs/libvolume_key_la-volume.o
[ 2271s] make[2]: Leaving directory '/home/abuild/rpmbuild/BUILD/volume_key-0.3.12/lib'
[ 2272s] make[2]: Entering directory '/home/abuild/rpmbuild/BUILD/volume_key-0.3.12/lib'
[ 2272s] /bin/sh ../libtool  --tag=CC   --mode=compile gcc -DHAVE_CONFIG_H -I. -I..  -I/usr/include/blkid  -I/usr/include/glib-2.0 -I/usr/lib64/glib-2.0/include    -I/usr/include/nss3 -I/usr/include/nspr4  -DLOCALEDIR='"/usr/share/locale"'   -O2 -g -pipe -Wall -Werror=format-security -Wp,-D_FORTIFY_SOURCE=2 -Wp,-D_GLIBCXX_ASSERTIONS -fstack-protector-strong -grecord-gcc-switches -specs=/usr/lib/rpm/generic-hardened-cc1 -fasynchronous-unwind-tables -fstack-clash-protection  -Wall -W -Wcast-align -Wmissing-noreturn -Wnested-externs -Wpointer-arith -Wshadow -Wundef -Wwrite-strings -c -o libvolume_key_la-volume_luks.lo `test -f 'volume_luks.c' || echo './'`volume_luks.c
[ 2272s] libtool: compile:  gcc -DHAVE_CONFIG_H -I. -I.. -I/usr/include/blkid -I/usr/include/glib-2.0 -I/usr/lib64/glib-2.0/include -I/usr/include/nss3 -I/usr/include/nspr4 -DLOCALEDIR=\"/usr/share/locale\" -O2 -g -pipe -Wall -Werror=format-security -Wp,-D_FORTIFY_SOURCE=2 -Wp,-D_GLIBCXX_ASSERTIONS -fstack-protector-strong -grecord-gcc-switches -specs=/usr/lib/rpm/generic-hardened-cc1 -fasynchronous-unwind-tables -fstack-clash-protection -Wall -W -Wcast-align -Wmissing-noreturn -Wnested-externs -Wpointer-arith -Wshadow -Wundef -Wwrite-strings -c volume_luks.c  -fPIC -DPIC -o .libs/libvolume_key_la-volume_luks.o
[ 2272s] make[2]: Leaving directory '/home/abuild/rpmbuild/BUILD/volume_key-0.3.12/lib'
[ 2278s] make[2]: Entering directory '/home/abuild/rpmbuild/BUILD/volume_key-0.3.12/lib'
[ 2278s] /bin/sh ../libtool  --tag=CC   --mode=compile gcc -DHAVE_CONFIG_H -I. -I..  -I/usr/include/blkid  -I/usr/include/glib-2.0 -I/usr/lib64/glib-2.0/include    -I/usr/include/nss3 -I/usr/include/nspr4  -DLOCALEDIR='"/usr/share/locale"'   -O2 -g -pipe -Wall -Werror=format-security -Wp,-D_FORTIFY_SOURCE=2 -Wp,-D_GLIBCXX_ASSERTIONS -fstack-protector-strong -grecord-gcc-switches -specs=/usr/lib/rpm/generic-hardened-cc1 -fasynchronous-unwind-tables -fstack-clash-protection  -Wall -W -Wcast-align -Wmissing-noreturn -Wnested-externs -Wpointer-arith -Wshadow -Wundef -Wwrite-strings -c -o libvolume_key_la-kmip.lo `test -f 'kmip.c' || echo './'`kmip.c
[ 2278s] libtool: compile:  gcc -DHAVE_CONFIG_H -I. -I.. -I/usr/include/blkid -I/usr/include/glib-2.0 -I/usr/lib64/glib-2.0/include -I/usr/include/nss3 -I/usr/include/nspr4 -DLOCALEDIR=\"/usr/share/locale\" -O2 -g -pipe -Wall -Werror=format-security -Wp,-D_FORTIFY_SOURCE=2 -Wp,-D_GLIBCXX_ASSERTIONS -fstack-protector-strong -grecord-gcc-switches -specs=/usr/lib/rpm/generic-hardened-cc1 -fasynchronous-unwind-tables -fstack-clash-protection -Wall -W -Wcast-align -Wmissing-noreturn -Wnested-externs -Wpointer-arith -Wshadow -Wundef -Wwrite-strings -c kmip.c  -fPIC -DPIC -o .libs/libvolume_key_la-kmip.o
[ 2278s] make[2]: Leaving directory '/home/abuild/rpmbuild/BUILD/volume_key-0.3.12/lib'
[ 2287s] make[2]: Entering directory '/home/abuild/rpmbuild/BUILD/volume_key-0.3.12/lib'
[ 2287s] /bin/sh ../libtool  --tag=CC   --mode=link gcc  -O2 -g -pipe -Wall -Werror=format-security -Wp,-D_FORTIFY_SOURCE=2 -Wp,-D_GLIBCXX_ASSERTIONS -fstack-protector-strong -grecord-gcc-switches -specs=/usr/lib/rpm/generic-hardened-cc1 -fasynchronous-unwind-tables -fstack-clash-protection  -Wall -W -Wcast-align -Wmissing-noreturn -Wnested-externs -Wpointer-arith -Wshadow -Wundef -Wwrite-strings -version-info 3:3:2 -Wl,-z,relro   -Wl,-z,now -specs=/usr/lib/rpm/generic-hardened-ld -o libvolume_key.la -rpath /usr/lib64 libvolume_key_la-crypto.lo libvolume_key_la-kmip.lo libvolume_key_la-libvolume_key.lo libvolume_key_la-nss_error.lo libvolume_key_la-ui.lo libvolume_key_la-volume.lo libvolume_key_la-volume_luks.lo -lblkid  -lglib-2.0  -L/usr/lib64 -lgpgme  -lcryptsetup  -lssl3 -lsmime3 -lnss3 -lnssutil3 -lplds4 -lplc4 -lnspr4  
[ 2287s] libtool: link: gcc -shared  -fPIC -DPIC  .libs/libvolume_key_la-crypto.o .libs/libvolume_key_la-kmip.o .libs/libvolume_key_la-libvolume_key.o .libs/libvolume_key_la-nss_error.o .libs/libvolume_key_la-ui.o .libs/libvolume_key_la-volume.o .libs/libvolume_key_la-volume_luks.o   -lblkid -lglib-2.0 -L/usr/lib64 -lgpgme -lcryptsetup -lssl3 -lsmime3 -lnss3 -lnssutil3 -lplds4 -lplc4 -lnspr4 -Wl,-z,now -specs=/usr/lib/rpm/generic-hardened-ld -O2 -g -fstack-protector-strong -grecord-gcc-switches -Wl,-z -Wl,relro -Wl,-z -Wl,now   -Wl,-soname -Wl,libvolume_key.so.1 -o .libs/libvolume_key.so.1.2.3
[ 2287s] libtool: link: (cd ".libs" && rm -f "libvolume_key.so.1" && ln -s "libvolume_key.so.1.2.3" "libvolume_key.so.1")
[ 2287s] libtool: link: (cd ".libs" && rm -f "libvolume_key.so" && ln -s "libvolume_key.so.1.2.3" "libvolume_key.so")
[ 2287s] libtool: link: ( cd ".libs" && rm -f "libvolume_key.la" && ln -s "../libvolume_key.la" "libvolume_key.la" )
[ 2287s] make[2]: Leaving directory '/home/abuild/rpmbuild/BUILD/volume_key-0.3.12/lib'
[ 2287s] Making all in po
[ 2287s] make[2]: Nothing to be done for 'all'.
[ 2287s] Making all in python
[ 2288s] Making all in python3
[ 2324s] make[3]: Entering directory '/home/abuild/rpmbuild/BUILD/volume_key-0.3.12/python/python3'
[ 2324s] /bin/sh ../../libtool  --tag=CC   --mode=compile gcc -DHAVE_CONFIG_H -I. -I../..  -I/usr/include/blkid  -I/usr/include/glib-2.0 -I/usr/lib64/glib-2.0/include    -I/usr/include/nss3 -I/usr/include/nspr4  -I/usr/include/python3.8 -I/usr/include/python3.8  -Wno-unused-result -Wsign-compare  -D_GNU_SOURCE -fPIC -fwrapv -fstack-protector-strong  -DNDEBUG  -D_GNU_SOURCE -fPIC -fwrapv   -O2 -g -pipe -Wall -Werror=format-security -Wp,-D_FORTIFY_SOURCE=2 -Wp,-D_GLIBCXX_ASSERTIONS -fstack-protector-strong -grecord-gcc-switches -specs=/usr/lib/rpm/generic-hardened-cc1 -fasynchronous-unwind-tables -fstack-clash-protection  -Wall -W -Wcast-align -Wmissing-noreturn -Wnested-externs -Wpointer-arith -Wshadow -Wundef -Wwrite-strings -c -o _volume_key_la-volume_key_wrap.lo `test -f 'volume_key_wrap.c' || echo './'`volume_key_wrap.c
[ 2324s] libtool: compile:  gcc -DHAVE_CONFIG_H -I. -I../.. -I/usr/include/blkid -I/usr/include/glib-2.0 -I/usr/lib64/glib-2.0/include -I/usr/include/nss3 -I/usr/include/nspr4 -I/usr/include/python3.8 -I/usr/include/python3.8 -Wno-unused-result -Wsign-compare -D_GNU_SOURCE -fPIC -fwrapv -fstack-protector-strong -DNDEBUG -D_GNU_SOURCE -fPIC -fwrapv -O2 -g -pipe -Wall -Werror=format-security -Wp,-D_FORTIFY_SOURCE=2 -Wp,-D_GLIBCXX_ASSERTIONS -fstack-protector-strong -grecord-gcc-switches -specs=/usr/lib/rpm/generic-hardened-cc1 -fasynchronous-unwind-tables -fstack-clash-protection -Wall -W -Wcast-align -Wmissing-noreturn -Wnested-externs -Wpointer-arith -Wshadow -Wundef -Wwrite-strings -c volume_key_wrap.c  -fPIC -DPIC -o .libs/_volume_key_la-volume_key_wrap.o
[ 2324s] In file included from /usr/include/python3.8/abstract.h:837,
[ 2324s]                  from /usr/include/python3.8/Python.h:147,
[ 2324s]                  from volume_key_wrap.c:149:
[ 2324s] /usr/include/python3.8/cpython/abstract.h: In function '_PyVectorcall_Function':
[ 2324s] /usr/include/python3.8/cpython/abstract.h:91:11: warning: cast increases required alignment of target type [-Wcast-align]
[ 2324s]    91 |     ptr = (vectorcallfunc*)(((char *)callable) + offset);
[ 2324s]       |           ^
[ 2324s] volume_key_wrap.c: At top level:
[ 2324s] volume_key_wrap.c:1819:23: warning: cast between incompatible function types from 'PyObject * (*)(PyObject *)' {aka 'struct _object * (*)(struct _object *)'} to 'PyObject * (*)(PyObject *, PyObject *)' {aka 'struct _object * (*)(struct _object *, struct _object *)'} [-Wcast-function-type]
[ 2324s]  1819 |   {(char *)"disown",  (PyCFunction)SwigPyObject_disown,  METH_NOARGS,  (char *)"releases ownership of the pointer"},
[ 2324s]       |                       ^
[ 2324s] volume_key_wrap.c:1820:23: warning: cast between incompatible function types from 'PyObject * (*)(PyObject *)' {aka 'struct _object * (*)(struct _object *)'} to 'PyObject * (*)(PyObject *, PyObject *)' {aka 'struct _object * (*)(struct _object *, struct _object *)'} [-Wcast-function-type]
[ 2324s]  1820 |   {(char *)"acquire", (PyCFunction)SwigPyObject_acquire, METH_NOARGS,  (char *)"acquires ownership of the pointer"},
[ 2324s]       |                       ^
[ 2324s] volume_key_wrap.c:1823:23: warning: cast between incompatible function types from 'PyObject * (*)(PyObject *)' {aka 'struct _object * (*)(struct _object *)'} to 'PyObject * (*)(PyObject *, PyObject *)' {aka 'struct _object * (*)(struct _object *, struct _object *)'} [-Wcast-function-type]
[ 2324s]  1823 |   {(char *)"next",    (PyCFunction)SwigPyObject_next,    METH_NOARGS,  (char *)"returns the next 'this' object"},
[ 2324s]       |                       ^
[ 2324s] volume_key_wrap.c:1824:23: warning: cast between incompatible function types from 'PyObject * (*)(SwigPyObject *)' {aka 'struct _object * (*)(SwigPyObject *)'} to 'PyObject * (*)(PyObject *, PyObject *)' {aka 'struct _object * (*)(struct _object *, struct _object *)'} [-Wcast-function-type]
[ 2324s]  1824 |   {(char *)"__repr__",(PyCFunction)SwigPyObject_repr,    METH_NOARGS,  (char *)"returns object representation"},
[ 2324s]       |                       ^
[ 2324s] volume_key_wrap.c: In function 'SwigPyObject_TypeOnce':
[ 2324s] volume_key_wrap.c:1982:5: warning: missing initializer for field 'tp_vectorcall' of 'PyTypeObject' {aka 'const struct _typeobject'} [-Wmissing-field-initializers]
[ 2324s]  1982 |     };
[ 2324s]       |     ^
[ 2324s] In file included from /usr/include/python3.8/object.h:746,
[ 2324s]                  from /usr/include/python3.8/pytime.h:6,
[ 2324s]                  from /usr/include/python3.8/Python.h:85,
[ 2324s]                  from volume_key_wrap.c:149:
[ 2324s] /usr/include/python3.8/cpython/object.h:257:20: note: 'tp_vectorcall' declared here
[ 2324s]   257 |     vectorcallfunc tp_vectorcall;
[ 2324s]       |                    ^~~~~~~~~~~~~
[ 2324s] volume_key_wrap.c: In function 'SwigPyPacked_TypeOnce':
[ 2324s] volume_key_wrap.c:2169:5: warning: missing initializer for field 'tp_vectorcall' of 'PyTypeObject' {aka 'const struct _typeobject'} [-Wmissing-field-initializers]
[ 2324s]  2169 |     };
[ 2324s]       |     ^
[ 2324s] In file included from /usr/include/python3.8/object.h:746,
[ 2324s]                  from /usr/include/python3.8/pytime.h:6,
[ 2324s]                  from /usr/include/python3.8/Python.h:85,
[ 2324s]                  from volume_key_wrap.c:149:
[ 2324s] /usr/include/python3.8/cpython/object.h:257:20: note: 'tp_vectorcall' declared here
[ 2324s]   257 |     vectorcallfunc tp_vectorcall;
[ 2324s]       |                    ^~~~~~~~~~~~~
[ 2324s] volume_key_wrap.c: In function 'SWIG_Python_NewShadowInstance':
[ 2324s] volume_key_wrap.c:2483:65: warning: declaration of 'swig_this' shadows a global declaration [-Wshadow]
[ 2324s]  2483 | SWIG_Python_NewShadowInstance(SwigPyClientData *data, PyObject *swig_this)
[ 2324s]       |                                                       ~~~~~~~~~~^~~~~~~~~
[ 2324s] volume_key_wrap.c:2224:18: note: shadowed declaration is here
[ 2324s]  2224 | static PyObject *swig_this = NULL;
[ 2324s]       |                  ^~~~~~~~~
[ 2324s] volume_key_wrap.c: In function 'SWIG_Python_SetSwigThis':
[ 2324s] volume_key_wrap.c:2558:51: warning: declaration of 'swig_this' shadows a global declaration [-Wshadow]
[ 2324s]  2558 | SWIG_Python_SetSwigThis(PyObject *inst, PyObject *swig_this)
[ 2324s]       |                                         ~~~~~~~~~~^~~~~~~~~
[ 2324s] volume_key_wrap.c:2224:18: note: shadowed declaration is here
[ 2324s]  2224 | static PyObject *swig_this = NULL;
[ 2324s]       |                  ^~~~~~~~~
[ 2324s] volume_key_wrap.c: In function 'PyString_AsStringAndSize':
[ 2324s] volume_key_wrap.c:2998:11: warning: assignment discards 'const' qualifier from pointer target type [-Wdiscarded-qualifiers]
[ 2324s]  2998 |   *buffer = b;
[ 2324s]       |           ^
[ 2324s] volume_key_wrap.c: In function 'swig_varlink_type':
[ 2324s] volume_key_wrap.c:5893:7: warning: missing initializer for field 'tp_vectorcall' of 'PyTypeObject' {aka 'const struct _typeobject'} [-Wmissing-field-initializers]
[ 2324s]  5893 |       };
[ 2324s]       |       ^
[ 2324s] In file included from /usr/include/python3.8/object.h:746,
[ 2324s]                  from /usr/include/python3.8/pytime.h:6,
[ 2324s]                  from /usr/include/python3.8/Python.h:85,
[ 2324s]                  from volume_key_wrap.c:149:
[ 2324s] /usr/include/python3.8/cpython/object.h:257:20: note: 'tp_vectorcall' declared here
[ 2324s]   257 |     vectorcallfunc tp_vectorcall;
[ 2324s]       |                    ^~~~~~~~~~~~~
[ 2324s] In file included from /usr/include/string.h:519,
[ 2324s]                  from /usr/include/python3.8/Python.h:30,
[ 2324s]                  from volume_key_wrap.c:149:
[ 2324s] In function 'strncpy',
[ 2324s]     inlined from 'SWIG_Python_FixMethods' at volume_key_wrap.c:6005:15,
[ 2324s]     inlined from 'PyInit__volume_key' at volume_key_wrap.c:6100:3:
[ 2324s] /usr/include/bits/string_fortified.h:95:10: warning: '__builtin_strncpy' output truncated before terminating nul copying 10 bytes from a string of the same length [-Wstringop-truncation]
[ 2324s]    95 |   return __builtin___strncpy_chk (__dest, __src, __len,
[ 2324s]       |          ^~~~~~~~~~~~~~~~~~~~~~~~~~~~~~~~~~~~~~~~~~~~~~
[ 2324s]    96 |       __glibc_objsize (__dest));
[ 2324s]       |       ~~~~~~~~~~~~~~~~~~~~~~~~~
[ 2324s] make[3]: Leaving directory '/home/abuild/rpmbuild/BUILD/volume_key-0.3.12/python/python3'
[ 2332s] make[3]: Entering directory '/home/abuild/rpmbuild/BUILD/volume_key-0.3.12/python/python3'
[ 2332s] /bin/sh ../../libtool  --tag=CC   --mode=link gcc  -O2 -g -pipe -Wall -Werror=format-security -Wp,-D_FORTIFY_SOURCE=2 -Wp,-D_GLIBCXX_ASSERTIONS -fstack-protector-strong -grecord-gcc-switches -specs=/usr/lib/rpm/generic-hardened-cc1 -fasynchronous-unwind-tables -fstack-clash-protection  -Wall -W -Wcast-align -Wmissing-noreturn -Wnested-externs -Wpointer-arith -Wshadow -Wundef -Wwrite-strings -module -avoid-version -lglib-2.0  -L/usr/lib64  -lcrypt -ldl  -lm -lm  -Wl,-z,relro   -Wl,-z,now -specs=/usr/lib/rpm/generic-hardened-ld -o _volume_key.la -rpath /usr/lib64/python3.8/site-packages _volume_key_la-volume_key_wrap.lo ../../lib/libvolume_key.la -lcrypt -ldl  -lm -lm  -lglib-2.0  -lssl3 -lsmime3 -lnss3 -lnssutil3 -lplds4 -lplc4 -lnspr4  
[ 2332s] libtool: link: gcc -shared  -fPIC -DPIC  .libs/_volume_key_la-volume_key_wrap.o   -Wl,-rpath -Wl,/home/abuild/rpmbuild/BUILD/volume_key-0.3.12/lib/.libs -L/usr/lib64 ../../lib/.libs/libvolume_key.so -lblkid -lgpgme -lcryptsetup -lcrypt -ldl -lm -lglib-2.0 -lssl3 -lsmime3 -lnss3 -lnssutil3 -lplds4 -lplc4 -lnspr4 -Wl,-z,now -specs=/usr/lib/rpm/generic-hardened-ld -O2 -g -fstack-protector-strong -grecord-gcc-switches -Wl,-z -Wl,relro -Wl,-z -Wl,now   -Wl,-soname -Wl,_volume_key.so -o .libs/_volume_key.so
[ 2332s] libtool: link: ( cd ".libs" && rm -f "_volume_key.la" && ln -s "../_volume_key.la" "_volume_key.la" )
[ 2332s] make[3]: Leaving directory '/home/abuild/rpmbuild/BUILD/volume_key-0.3.12/python/python3'
[ 2332s] make[3]: Nothing to be done for 'all-am'.
[ 2332s] Making all in src
[ 2343s] make[2]: Entering directory '/home/abuild/rpmbuild/BUILD/volume_key-0.3.12/src'
[ 2343s] gcc -DHAVE_CONFIG_H -I. -I..  -I/usr/include/blkid  -I/usr/include/glib-2.0 -I/usr/lib64/glib-2.0/include    -I/usr/include/nss3 -I/usr/include/nspr4  -DLOCALEDIR='"/usr/share/locale"'   -O2 -g -pipe -Wall -Werror=format-security -Wp,-D_FORTIFY_SOURCE=2 -Wp,-D_GLIBCXX_ASSERTIONS -fstack-protector-strong -grecord-gcc-switches -specs=/usr/lib/rpm/generic-hardened-cc1 -fasynchronous-unwind-tables -fstack-clash-protection  -Wall -W -Wcast-align -Wmissing-noreturn -Wnested-externs -Wpointer-arith -Wshadow -Wundef -Wwrite-strings -c -o volume_key-volume_key.o `test -f 'volume_key.c' || echo './'`volume_key.c
[ 2343s] make[2]: Leaving directory '/home/abuild/rpmbuild/BUILD/volume_key-0.3.12/src'
[ 2352s] make[2]: Entering directory '/home/abuild/rpmbuild/BUILD/volume_key-0.3.12/src'
[ 2352s] /bin/sh ../libtool  --tag=CC   --mode=link gcc  -O2 -g -pipe -Wall -Werror=format-security -Wp,-D_FORTIFY_SOURCE=2 -Wp,-D_GLIBCXX_ASSERTIONS -fstack-protector-strong -grecord-gcc-switches -specs=/usr/lib/rpm/generic-hardened-cc1 -fasynchronous-unwind-tables -fstack-clash-protection  -Wall -W -Wcast-align -Wmissing-noreturn -Wnested-externs -Wpointer-arith -Wshadow -Wundef -Wwrite-strings  -Wl,-z,relro   -Wl,-z,now -specs=/usr/lib/rpm/generic-hardened-ld -o volume_key volume_key-volume_key.o ../lib/libvolume_key.la -lglib-2.0  -lssl3 -lsmime3 -lnss3 -lnssutil3 -lplds4 -lplc4 -lnspr4  
[ 2352s] libtool: link: gcc -O2 -g -pipe -Wall -Werror=format-security -Wp,-D_FORTIFY_SOURCE=2 -Wp,-D_GLIBCXX_ASSERTIONS -fstack-protector-strong -grecord-gcc-switches -specs=/usr/lib/rpm/generic-hardened-cc1 -fasynchronous-unwind-tables -fstack-clash-protection -Wall -W -Wcast-align -Wmissing-noreturn -Wnested-externs -Wpointer-arith -Wshadow -Wundef -Wwrite-strings -Wl,-z -Wl,relro -Wl,-z -Wl,now -specs=/usr/lib/rpm/generic-hardened-ld -o .libs/volume_key volume_key-volume_key.o  ../lib/.libs/libvolume_key.so -L/usr/lib64 -lblkid -lgpgme -lcryptsetup -lglib-2.0 -lssl3 -lsmime3 -lnss3 -lnssutil3 -lplds4 -lplc4 -lnspr4
[ 2352s] make[2]: Leaving directory '/home/abuild/rpmbuild/BUILD/volume_key-0.3.12/src'
[ 2352s] Making all in tests
[ 2352s] make[2]: Nothing to be done for 'all'.
[ 2353s] + RPM_EC=0
[ 2353s] ++ jobs -p
[ 2353s] + exit 0
[ 2353s] Executing(%install): /bin/sh -e /var/tmp/rpm-tmp.dsusqI
[ 2353s] + umask 022
[ 2353s] + cd /home/abuild/rpmbuild/BUILD
[ 2353s] + '[' /home/abuild/rpmbuild/BUILDROOT/volume_key-0.3.12-3.oe1.riscv64 '!=' / ']'
[ 2353s] + rm -rf /home/abuild/rpmbuild/BUILDROOT/volume_key-0.3.12-3.oe1.riscv64
[ 2353s] ++ dirname /home/abuild/rpmbuild/BUILDROOT/volume_key-0.3.12-3.oe1.riscv64
[ 2353s] + mkdir -p /home/abuild/rpmbuild/BUILDROOT
[ 2354s] + mkdir /home/abuild/rpmbuild/BUILDROOT/volume_key-0.3.12-3.oe1.riscv64
[ 2354s] + cd volume_key-0.3.12
[ 2354s] + /usr/bin/make install DESTDIR=/home/abuild/rpmbuild/BUILDROOT/volume_key-0.3.12-3.oe1.riscv64 'INSTALL=/usr/bin/install -p'
[ 2354s] Making install in contrib
[ 2356s] make[1]: Entering directory '/home/abuild/rpmbuild/BUILD/volume_key-0.3.12/contrib'
[ 2356s] make[2]: Entering directory '/home/abuild/rpmbuild/BUILD/volume_key-0.3.12/contrib'
[ 2356s] make[2]: Nothing to be done for 'install-exec-am'.
[ 2356s] make[2]: Nothing to be done for 'install-data-am'.
[ 2356s] make[2]: Leaving directory '/home/abuild/rpmbuild/BUILD/volume_key-0.3.12/contrib'
[ 2356s] make[1]: Leaving directory '/home/abuild/rpmbuild/BUILD/volume_key-0.3.12/contrib'
[ 2356s] Making install in doc
[ 2356s] make[1]: Entering directory '/home/abuild/rpmbuild/BUILD/volume_key-0.3.12/doc'
[ 2356s] make[2]: Entering directory '/home/abuild/rpmbuild/BUILD/volume_key-0.3.12/doc'
[ 2356s] make[2]: Nothing to be done for 'install-exec-am'.
[ 2356s]  /usr/bin/mkdir -p '/home/abuild/rpmbuild/BUILDROOT/volume_key-0.3.12-3.oe1.riscv64/usr/share/man/man8'
[ 2357s]  /usr/bin/install -p -m 644 volume_key.8 '/home/abuild/rpmbuild/BUILDROOT/volume_key-0.3.12-3.oe1.riscv64/usr/share/man/man8'
[ 2357s] make[2]: Leaving directory '/home/abuild/rpmbuild/BUILD/volume_key-0.3.12/doc'
[ 2357s] make[1]: Leaving directory '/home/abuild/rpmbuild/BUILD/volume_key-0.3.12/doc'
[ 2357s] Making install in lib
[ 2357s] make[1]: Entering directory '/home/abuild/rpmbuild/BUILD/volume_key-0.3.12/lib'
[ 2357s] make[2]: Entering directory '/home/abuild/rpmbuild/BUILD/volume_key-0.3.12/lib'
[ 2357s]  /usr/bin/mkdir -p '/home/abuild/rpmbuild/BUILDROOT/volume_key-0.3.12-3.oe1.riscv64/usr/lib64'
[ 2358s]  /bin/sh ../libtool   --mode=install /usr/bin/install -p   libvolume_key.la '/home/abuild/rpmbuild/BUILDROOT/volume_key-0.3.12-3.oe1.riscv64/usr/lib64'
[ 2358s] libtool: install: /usr/bin/install -p .libs/libvolume_key.so.1.2.3 /home/abuild/rpmbuild/BUILDROOT/volume_key-0.3.12-3.oe1.riscv64/usr/lib64/libvolume_key.so.1.2.3
[ 2358s] libtool: install: (cd /home/abuild/rpmbuild/BUILDROOT/volume_key-0.3.12-3.oe1.riscv64/usr/lib64 && { ln -s -f libvolume_key.so.1.2.3 libvolume_key.so.1 || { rm -f libvolume_key.so.1 && ln -s libvolume_key.so.1.2.3 libvolume_key.so.1; }; })
[ 2359s] libtool: install: (cd /home/abuild/rpmbuild/BUILDROOT/volume_key-0.3.12-3.oe1.riscv64/usr/lib64 && { ln -s -f libvolume_key.so.1.2.3 libvolume_key.so || { rm -f libvolume_key.so && ln -s libvolume_key.so.1.2.3 libvolume_key.so; }; })
[ 2359s] libtool: install: /usr/bin/install -p .libs/libvolume_key.lai /home/abuild/rpmbuild/BUILDROOT/volume_key-0.3.12-3.oe1.riscv64/usr/lib64/libvolume_key.la
[ 2359s] libtool: warning: remember to run 'libtool --finish /usr/lib64'
[ 2359s]  /usr/bin/mkdir -p '/home/abuild/rpmbuild/BUILDROOT/volume_key-0.3.12-3.oe1.riscv64/usr/include/volume_key'
[ 2359s]  /usr/bin/install -p -m 644 libvolume_key.h '/home/abuild/rpmbuild/BUILDROOT/volume_key-0.3.12-3.oe1.riscv64/usr/include/volume_key'
[ 2360s] make[2]: Leaving directory '/home/abuild/rpmbuild/BUILD/volume_key-0.3.12/lib'
[ 2360s] make[1]: Leaving directory '/home/abuild/rpmbuild/BUILD/volume_key-0.3.12/lib'
[ 2360s] Making install in po
[ 2360s] make[1]: Entering directory '/home/abuild/rpmbuild/BUILD/volume_key-0.3.12/po'
[ 2360s] installing as.gmo as /home/abuild/rpmbuild/BUILDROOT/volume_key-0.3.12-3.oe1.riscv64/usr/share/locale/as/LC_MESSAGES/volume_key.mo
[ 2361s] installing bg.gmo as /home/abuild/rpmbuild/BUILDROOT/volume_key-0.3.12-3.oe1.riscv64/usr/share/locale/bg/LC_MESSAGES/volume_key.mo
[ 2361s] installing bn.gmo as /home/abuild/rpmbuild/BUILDROOT/volume_key-0.3.12-3.oe1.riscv64/usr/share/locale/bn/LC_MESSAGES/volume_key.mo
[ 2361s] installing bn_IN.gmo as /home/abuild/rpmbuild/BUILDROOT/volume_key-0.3.12-3.oe1.riscv64/usr/share/locale/bn_IN/LC_MESSAGES/volume_key.mo
[ 2362s] installing ca.gmo as /home/abuild/rpmbuild/BUILDROOT/volume_key-0.3.12-3.oe1.riscv64/usr/share/locale/ca/LC_MESSAGES/volume_key.mo
[ 2362s] installing cs.gmo as /home/abuild/rpmbuild/BUILDROOT/volume_key-0.3.12-3.oe1.riscv64/usr/share/locale/cs/LC_MESSAGES/volume_key.mo
[ 2362s] installing de.gmo as /home/abuild/rpmbuild/BUILDROOT/volume_key-0.3.12-3.oe1.riscv64/usr/share/locale/de/LC_MESSAGES/volume_key.mo
[ 2363s] installing de_CH.gmo as /home/abuild/rpmbuild/BUILDROOT/volume_key-0.3.12-3.oe1.riscv64/usr/share/locale/de_CH/LC_MESSAGES/volume_key.mo
[ 2363s] installing en_GB.gmo as /home/abuild/rpmbuild/BUILDROOT/volume_key-0.3.12-3.oe1.riscv64/usr/share/locale/en_GB/LC_MESSAGES/volume_key.mo
[ 2363s] installing es.gmo as /home/abuild/rpmbuild/BUILDROOT/volume_key-0.3.12-3.oe1.riscv64/usr/share/locale/es/LC_MESSAGES/volume_key.mo
[ 2364s] installing eu.gmo as /home/abuild/rpmbuild/BUILDROOT/volume_key-0.3.12-3.oe1.riscv64/usr/share/locale/eu/LC_MESSAGES/volume_key.mo
[ 2364s] installing fr.gmo as /home/abuild/rpmbuild/BUILDROOT/volume_key-0.3.12-3.oe1.riscv64/usr/share/locale/fr/LC_MESSAGES/volume_key.mo
[ 2364s] installing gu.gmo as /home/abuild/rpmbuild/BUILDROOT/volume_key-0.3.12-3.oe1.riscv64/usr/share/locale/gu/LC_MESSAGES/volume_key.mo
[ 2365s] installing hi.gmo as /home/abuild/rpmbuild/BUILDROOT/volume_key-0.3.12-3.oe1.riscv64/usr/share/locale/hi/LC_MESSAGES/volume_key.mo
[ 2365s] installing hu.gmo as /home/abuild/rpmbuild/BUILDROOT/volume_key-0.3.12-3.oe1.riscv64/usr/share/locale/hu/LC_MESSAGES/volume_key.mo
[ 2366s] installing id.gmo as /home/abuild/rpmbuild/BUILDROOT/volume_key-0.3.12-3.oe1.riscv64/usr/share/locale/id/LC_MESSAGES/volume_key.mo
[ 2366s] installing it.gmo as /home/abuild/rpmbuild/BUILDROOT/volume_key-0.3.12-3.oe1.riscv64/usr/share/locale/it/LC_MESSAGES/volume_key.mo
[ 2367s] installing ja.gmo as /home/abuild/rpmbuild/BUILDROOT/volume_key-0.3.12-3.oe1.riscv64/usr/share/locale/ja/LC_MESSAGES/volume_key.mo
[ 2367s] installing kn.gmo as /home/abuild/rpmbuild/BUILDROOT/volume_key-0.3.12-3.oe1.riscv64/usr/share/locale/kn/LC_MESSAGES/volume_key.mo
[ 2367s] installing ko.gmo as /home/abuild/rpmbuild/BUILDROOT/volume_key-0.3.12-3.oe1.riscv64/usr/share/locale/ko/LC_MESSAGES/volume_key.mo
[ 2367s] installing ml.gmo as /home/abuild/rpmbuild/BUILDROOT/volume_key-0.3.12-3.oe1.riscv64/usr/share/locale/ml/LC_MESSAGES/volume_key.mo
[ 2368s] installing mr.gmo as /home/abuild/rpmbuild/BUILDROOT/volume_key-0.3.12-3.oe1.riscv64/usr/share/locale/mr/LC_MESSAGES/volume_key.mo
[ 2368s] installing nl.gmo as /home/abuild/rpmbuild/BUILDROOT/volume_key-0.3.12-3.oe1.riscv64/usr/share/locale/nl/LC_MESSAGES/volume_key.mo
[ 2368s] installing or.gmo as /home/abuild/rpmbuild/BUILDROOT/volume_key-0.3.12-3.oe1.riscv64/usr/share/locale/or/LC_MESSAGES/volume_key.mo
[ 2369s] installing pa.gmo as /home/abuild/rpmbuild/BUILDROOT/volume_key-0.3.12-3.oe1.riscv64/usr/share/locale/pa/LC_MESSAGES/volume_key.mo
[ 2369s] installing pl.gmo as /home/abuild/rpmbuild/BUILDROOT/volume_key-0.3.12-3.oe1.riscv64/usr/share/locale/pl/LC_MESSAGES/volume_key.mo
[ 2370s] installing pt.gmo as /home/abuild/rpmbuild/BUILDROOT/volume_key-0.3.12-3.oe1.riscv64/usr/share/locale/pt/LC_MESSAGES/volume_key.mo
[ 2370s] installing pt_BR.gmo as /home/abuild/rpmbuild/BUILDROOT/volume_key-0.3.12-3.oe1.riscv64/usr/share/locale/pt_BR/LC_MESSAGES/volume_key.mo
[ 2371s] installing ru.gmo as /home/abuild/rpmbuild/BUILDROOT/volume_key-0.3.12-3.oe1.riscv64/usr/share/locale/ru/LC_MESSAGES/volume_key.mo
[ 2371s] installing sk.gmo as /home/abuild/rpmbuild/BUILDROOT/volume_key-0.3.12-3.oe1.riscv64/usr/share/locale/sk/LC_MESSAGES/volume_key.mo
[ 2371s] installing sv.gmo as /home/abuild/rpmbuild/BUILDROOT/volume_key-0.3.12-3.oe1.riscv64/usr/share/locale/sv/LC_MESSAGES/volume_key.mo
[ 2371s] installing ta.gmo as /home/abuild/rpmbuild/BUILDROOT/volume_key-0.3.12-3.oe1.riscv64/usr/share/locale/ta/LC_MESSAGES/volume_key.mo
[ 2372s] installing te.gmo as /home/abuild/rpmbuild/BUILDROOT/volume_key-0.3.12-3.oe1.riscv64/usr/share/locale/te/LC_MESSAGES/volume_key.mo
[ 2372s] installing tr.gmo as /home/abuild/rpmbuild/BUILDROOT/volume_key-0.3.12-3.oe1.riscv64/usr/share/locale/tr/LC_MESSAGES/volume_key.mo
[ 2373s] installing uk.gmo as /home/abuild/rpmbuild/BUILDROOT/volume_key-0.3.12-3.oe1.riscv64/usr/share/locale/uk/LC_MESSAGES/volume_key.mo
[ 2373s] installing zh_CN.gmo as /home/abuild/rpmbuild/BUILDROOT/volume_key-0.3.12-3.oe1.riscv64/usr/share/locale/zh_CN/LC_MESSAGES/volume_key.mo
[ 2374s] installing zh_TW.gmo as /home/abuild/rpmbuild/BUILDROOT/volume_key-0.3.12-3.oe1.riscv64/usr/share/locale/zh_TW/LC_MESSAGES/volume_key.mo
[ 2374s] if test "volume_key" = "gettext-tools"; then \
[ 2374s]   /usr/bin/mkdir -p /home/abuild/rpmbuild/BUILDROOT/volume_key-0.3.12-3.oe1.riscv64/usr/share/gettext/po; \
[ 2374s]   for file in Makefile.in.in remove-potcdate.sin quot.sed boldquot.sed en@quot.header en@boldquot.header insert-header.sin Rules-quot   Makevars.template; do \
[ 2374s]     /usr/bin/install -p -m 644 ./$file \
[ 2374s] 		    /home/abuild/rpmbuild/BUILDROOT/volume_key-0.3.12-3.oe1.riscv64/usr/share/gettext/po/$file; \
[ 2374s]   done; \
[ 2374s]   for file in Makevars; do \
[ 2374s]     rm -f /home/abuild/rpmbuild/BUILDROOT/volume_key-0.3.12-3.oe1.riscv64/usr/share/gettext/po/$file; \
[ 2374s]   done; \
[ 2374s] else \
[ 2374s]   : ; \
[ 2374s] fi
[ 2374s] make[1]: Leaving directory '/home/abuild/rpmbuild/BUILD/volume_key-0.3.12/po'
[ 2374s] Making install in python
[ 2374s] make[1]: Entering directory '/home/abuild/rpmbuild/BUILD/volume_key-0.3.12/python'
[ 2374s] Making install in python3
[ 2374s] make[2]: Entering directory '/home/abuild/rpmbuild/BUILD/volume_key-0.3.12/python/python3'
[ 2375s] make[3]: Entering directory '/home/abuild/rpmbuild/BUILD/volume_key-0.3.12/python/python3'
[ 2375s]  /usr/bin/mkdir -p '/home/abuild/rpmbuild/BUILDROOT/volume_key-0.3.12-3.oe1.riscv64/usr/lib64/python3.8/site-packages'
[ 2375s]  /bin/sh ../../libtool   --mode=install /usr/bin/install -p   _volume_key.la '/home/abuild/rpmbuild/BUILDROOT/volume_key-0.3.12-3.oe1.riscv64/usr/lib64/python3.8/site-packages'
[ 2376s] libtool: warning: relinking '_volume_key.la'
[ 2376s] libtool: install: (cd /home/abuild/rpmbuild/BUILD/volume_key-0.3.12/python/python3; /bin/sh "/home/abuild/rpmbuild/BUILD/volume_key-0.3.12/libtool"  --tag CC --mode=relink gcc -O2 -g -pipe -Wall -Werror=format-security -Wp,-D_FORTIFY_SOURCE=2 -Wp,-D_GLIBCXX_ASSERTIONS -fstack-protector-strong -grecord-gcc-switches -specs=/usr/lib/rpm/generic-hardened-cc1 -fasynchronous-unwind-tables -fstack-clash-protection -Wall -W -Wcast-align -Wmissing-noreturn -Wnested-externs -Wpointer-arith -Wshadow -Wundef -Wwrite-strings -module -avoid-version -lglib-2.0 -L/usr/lib64 -lcrypt -ldl -lm -lm -Wl,-z,relro -Wl,-z,now -specs=/usr/lib/rpm/generic-hardened-ld -o _volume_key.la -rpath /usr/lib64/python3.8/site-packages _volume_key_la-volume_key_wrap.lo ../../lib/libvolume_key.la -lcrypt -ldl -lm -lm -lglib-2.0 -lssl3 -lsmime3 -lnss3 -lnssutil3 -lplds4 -lplc4 -lnspr4 -inst-prefix-dir /home/abuild/rpmbuild/BUILDROOT/volume_key-0.3.12-3.oe1.riscv64)
[ 2381s] libtool: relink: gcc -shared  -fPIC -DPIC  .libs/_volume_key_la-volume_key_wrap.o   -L/usr/lib64 -L/home/abuild/rpmbuild/BUILDROOT/volume_key-0.3.12-3.oe1.riscv64/usr/lib64 -lvolume_key -lblkid -lgpgme -lcryptsetup -lcrypt -ldl -lm -lglib-2.0 -lssl3 -lsmime3 -lnss3 -lnssutil3 -lplds4 -lplc4 -lnspr4 -Wl,-z,now -specs=/usr/lib/rpm/generic-hardened-ld -O2 -g -fstack-protector-strong -grecord-gcc-switches -Wl,-z -Wl,relro -Wl,-z -Wl,now   -Wl,-soname -Wl,_volume_key.so -o .libs/_volume_key.so
[ 2384s] libtool: install: /usr/bin/install -p .libs/_volume_key.soT /home/abuild/rpmbuild/BUILDROOT/volume_key-0.3.12-3.oe1.riscv64/usr/lib64/python3.8/site-packages/_volume_key.so
[ 2384s] libtool: install: /usr/bin/install -p .libs/_volume_key.lai /home/abuild/rpmbuild/BUILDROOT/volume_key-0.3.12-3.oe1.riscv64/usr/lib64/python3.8/site-packages/_volume_key.la
[ 2385s] libtool: warning: remember to run 'libtool --finish /usr/lib64/python3.8/site-packages'
[ 2385s]  /usr/bin/mkdir -p '/home/abuild/rpmbuild/BUILDROOT/volume_key-0.3.12-3.oe1.riscv64/usr/lib64/python3.8/site-packages'
[ 2385s]  /usr/bin/install -p -m 644 volume_key.py '/home/abuild/rpmbuild/BUILDROOT/volume_key-0.3.12-3.oe1.riscv64/usr/lib64/python3.8/site-packages'
[ 2387s] Byte-compiling python modules...
[ 2387s] volume_key.py
[ 2387s] <string>:2: DeprecationWarning: the imp module is deprecated in favour of importlib; see the module's documentation for alternative uses
[ 2388s] Byte-compiling python modules (optimized versions) ...
[ 2388s] volume_key.py
[ 2388s] make[3]: Nothing to be done for 'install-data-am'.
[ 2388s] make[3]: Leaving directory '/home/abuild/rpmbuild/BUILD/volume_key-0.3.12/python/python3'
[ 2388s] make[2]: Leaving directory '/home/abuild/rpmbuild/BUILD/volume_key-0.3.12/python/python3'
[ 2389s] make[2]: Entering directory '/home/abuild/rpmbuild/BUILD/volume_key-0.3.12/python'
[ 2389s] make[3]: Entering directory '/home/abuild/rpmbuild/BUILD/volume_key-0.3.12/python'
[ 2389s] make[3]: Nothing to be done for 'install-exec-am'.
[ 2389s] make[3]: Nothing to be done for 'install-data-am'.
[ 2389s] make[3]: Leaving directory '/home/abuild/rpmbuild/BUILD/volume_key-0.3.12/python'
[ 2389s] make[2]: Leaving directory '/home/abuild/rpmbuild/BUILD/volume_key-0.3.12/python'
[ 2389s] make[1]: Leaving directory '/home/abuild/rpmbuild/BUILD/volume_key-0.3.12/python'
[ 2389s] Making install in src
[ 2389s] make[1]: Entering directory '/home/abuild/rpmbuild/BUILD/volume_key-0.3.12/src'
[ 2389s] make[2]: Entering directory '/home/abuild/rpmbuild/BUILD/volume_key-0.3.12/src'
[ 2389s]  /usr/bin/mkdir -p '/home/abuild/rpmbuild/BUILDROOT/volume_key-0.3.12-3.oe1.riscv64/usr/bin'
[ 2389s]   /bin/sh ../libtool   --mode=install /usr/bin/install -p volume_key '/home/abuild/rpmbuild/BUILDROOT/volume_key-0.3.12-3.oe1.riscv64/usr/bin'
[ 2393s] libtool: warning: '../lib/libvolume_key.la' has not been installed in '/usr/lib64'
[ 2393s] libtool: install: /usr/bin/install -p .libs/volume_key /home/abuild/rpmbuild/BUILDROOT/volume_key-0.3.12-3.oe1.riscv64/usr/bin/volume_key
[ 2393s] make[2]: Nothing to be done for 'install-data-am'.
[ 2393s] make[2]: Leaving directory '/home/abuild/rpmbuild/BUILD/volume_key-0.3.12/src'
[ 2393s] make[1]: Leaving directory '/home/abuild/rpmbuild/BUILD/volume_key-0.3.12/src'
[ 2393s] Making install in tests
[ 2394s] make[1]: Entering directory '/home/abuild/rpmbuild/BUILD/volume_key-0.3.12/tests'
[ 2394s] make[2]: Entering directory '/home/abuild/rpmbuild/BUILD/volume_key-0.3.12/tests'
[ 2394s] make[2]: Nothing to be done for 'install-exec-am'.
[ 2394s] make[2]: Nothing to be done for 'install-data-am'.
[ 2394s] make[2]: Leaving directory '/home/abuild/rpmbuild/BUILD/volume_key-0.3.12/tests'
[ 2394s] make[1]: Leaving directory '/home/abuild/rpmbuild/BUILD/volume_key-0.3.12/tests'
[ 2394s] make[1]: Entering directory '/home/abuild/rpmbuild/BUILD/volume_key-0.3.12'
[ 2394s] make[2]: Entering directory '/home/abuild/rpmbuild/BUILD/volume_key-0.3.12'
[ 2394s] make[2]: Nothing to be done for 'install-exec-am'.
[ 2394s] make[2]: Nothing to be done for 'install-data-am'.
[ 2394s] make[2]: Leaving directory '/home/abuild/rpmbuild/BUILD/volume_key-0.3.12'
[ 2394s] make[1]: Leaving directory '/home/abuild/rpmbuild/BUILD/volume_key-0.3.12'
[ 2394s] + /usr/lib/rpm/find-lang.sh /home/abuild/rpmbuild/BUILDROOT/volume_key-0.3.12-3.oe1.riscv64 volume_key
[ 2398s] + find /home/abuild/rpmbuild/BUILDROOT/volume_key-0.3.12-3.oe1.riscv64 -type f -name '*.la' -delete
[ 2398s] + /usr/lib/rpm/find-debuginfo.sh -j4 --strict-build-id -i --build-id-seed 0.3.12-3.oe1 --unique-debug-suffix -0.3.12-3.oe1.riscv64 --unique-debug-src-base volume_key-0.3.12-3.oe1.riscv64 -S debugsourcefiles.list /home/abuild/rpmbuild/BUILD/volume_key-0.3.12
[ 2400s] explicitly decompress any DWARF compressed ELF sections in /home/abuild/rpmbuild/BUILDROOT/volume_key-0.3.12-3.oe1.riscv64/usr/bin/volume_key
[ 2400s] explicitly decompress any DWARF compressed ELF sections in /home/abuild/rpmbuild/BUILDROOT/volume_key-0.3.12-3.oe1.riscv64/usr/lib64/python3.8/site-packages/_volume_key.so
[ 2400s] explicitly decompress any DWARF compressed ELF sections in /home/abuild/rpmbuild/BUILDROOT/volume_key-0.3.12-3.oe1.riscv64/usr/lib64/libvolume_key.so.1.2.3
[ 2400s] extracting debug info from /home/abuild/rpmbuild/BUILDROOT/volume_key-0.3.12-3.oe1.riscv64/usr/bin/volume_key
[ 2400s] extracting debug info from /home/abuild/rpmbuild/BUILDROOT/volume_key-0.3.12-3.oe1.riscv64/usr/lib64/python3.8/site-packages/_volume_key.so
[ 2400s] extracting debug info from /home/abuild/rpmbuild/BUILDROOT/volume_key-0.3.12-3.oe1.riscv64/usr/lib64/libvolume_key.so.1.2.3
[ 2402s] Could not find platform independent libraries <prefix>
[ 2402s] Could not find platform dependent libraries <exec_prefix>
[ 2402s] Consider setting $PYTHONHOME to <prefix>[:<exec_prefix>]
[ 2402s] Could not find platform independent libraries <prefix>
[ 2402s] Could not find platform dependent libraries <exec_prefix>
[ 2402s] Consider setting $PYTHONHOME to <prefix>[:<exec_prefix>]
[ 2402s] Could not find platform independent libraries <prefix>
[ 2402s] Could not find platform dependent libraries <exec_prefix>
[ 2402s] Consider setting $PYTHONHOME to <prefix>[:<exec_prefix>]
[ 2402s] Fatal Python error: initfsencoding: unable to load the file system codec
[ 2402s] ModuleNotFoundError: No module named 'encodings'
[ 2402s] 
[ 2402s] Current thread 0x0000003feb156020 (most recent call first):
[ 2402s] Fatal Python error: initfsencoding: unable to load the file system codec
[ 2402s] ModuleNotFoundError: No module named 'encodings'
[ 2402s] 
[ 2402s] Current thread 0x0000003fe2c1c020 (most recent call first):
[ 2402s] Fatal Python error: initfsencoding: unable to load the file system codec
[ 2402s] ModuleNotFoundError: No module named 'encodings'
[ 2402s] 
[ 2402s] Current thread 0x0000003fca865020 (most recent call first):
[ 2404s] /usr/bin/gdb-add-index: line 106: 485396 Aborted                 (core dumped) $GDB --batch -nx -iex 'set auto-load no' -ex "file $file" -ex "save gdb-index $dwarf5 $dir"
[ 2404s] gdb-add-index: gdb error generating index for /home/abuild/rpmbuild/BUILDROOT/volume_key-0.3.12-3.oe1.riscv64/usr/bin/volume_key
[ 2404s] /usr/bin/gdb-add-index: line 106: 485395 Aborted                 (core dumped) $GDB --batch -nx -iex 'set auto-load no' -ex "file $file" -ex "save gdb-index $dwarf5 $dir"
[ 2404s] gdb-add-index: gdb error generating index for /home/abuild/rpmbuild/BUILDROOT/volume_key-0.3.12-3.oe1.riscv64/usr/lib64/libvolume_key.so.1.2.3
[ 2404s] /usr/bin/gdb-add-index: line 106: 485398 Aborted                 (core dumped) $GDB --batch -nx -iex 'set auto-load no' -ex "file $file" -ex "save gdb-index $dwarf5 $dir"
[ 2404s] gdb-add-index: gdb error generating index for /home/abuild/rpmbuild/BUILDROOT/volume_key-0.3.12-3.oe1.riscv64/usr/lib64/python3.8/site-packages/_volume_key.so
[ 2407s] 826 blocks
[ 2408s] + /usr/lib/rpm/check-buildroot
[ 2409s] + /usr/lib/rpm/brp-ldconfig
[ 2409s] + /usr/lib/rpm/brp-compress
[ 2410s] + /usr/lib/rpm/brp-strip-static-archive /usr/bin/strip
[ 2412s] + /usr/lib/rpm/brp-python-bytecompile /usr/bin/python 1 1
[ 2413s] Bytecompiling .py files below /home/abuild/rpmbuild/BUILDROOT/volume_key-0.3.12-3.oe1.riscv64/usr/lib64/python3.8 using /usr/bin/python3.8
[ 2416s] Bytecompiling .py files below /home/abuild/rpmbuild/BUILDROOT/volume_key-0.3.12-3.oe1.riscv64/usr/lib/debug/usr/lib64/python3.8 using /usr/bin/python3.8
[ 2418s] + /usr/lib/rpm/brp-python-hardlink
[ 2419s] Executing(%check): /bin/sh -e /var/tmp/rpm-tmp.tGvhB9
[ 2420s] + umask 022
[ 2420s] + cd /home/abuild/rpmbuild/BUILD
[ 2420s] + cd volume_key-0.3.12
[ 2420s] + make check
[ 2420s] Making check in contrib
[ 2420s] make[1]: Entering directory '/home/abuild/rpmbuild/BUILD/volume_key-0.3.12/contrib'
[ 2420s] make[1]: Nothing to be done for 'check'.
[ 2420s] make[1]: Leaving directory '/home/abuild/rpmbuild/BUILD/volume_key-0.3.12/contrib'
[ 2420s] Making check in doc
[ 2421s] make[1]: Entering directory '/home/abuild/rpmbuild/BUILD/volume_key-0.3.12/doc'
[ 2421s] make[1]: Nothing to be done for 'check'.
[ 2421s] make[1]: Leaving directory '/home/abuild/rpmbuild/BUILD/volume_key-0.3.12/doc'
[ 2421s] Making check in lib
[ 2421s] make[1]: Entering directory '/home/abuild/rpmbuild/BUILD/volume_key-0.3.12/lib'
[ 2421s] make[1]: Nothing to be done for 'check'.
[ 2421s] make[1]: Leaving directory '/home/abuild/rpmbuild/BUILD/volume_key-0.3.12/lib'
[ 2421s] Making check in po
[ 2421s] make[1]: Entering directory '/home/abuild/rpmbuild/BUILD/volume_key-0.3.12/po'
[ 2421s] make[1]: Nothing to be done for 'check'.
[ 2421s] make[1]: Leaving directory '/home/abuild/rpmbuild/BUILD/volume_key-0.3.12/po'
[ 2421s] Making check in python
[ 2422s] make[1]: Entering directory '/home/abuild/rpmbuild/BUILD/volume_key-0.3.12/python'
[ 2422s] Making check in python3
[ 2423s] make[2]: Entering directory '/home/abuild/rpmbuild/BUILD/volume_key-0.3.12/python/python3'
[ 2423s] make[2]: Nothing to be done for 'check'.
[ 2423s] make[2]: Leaving directory '/home/abuild/rpmbuild/BUILD/volume_key-0.3.12/python/python3'
[ 2423s] make[2]: Entering directory '/home/abuild/rpmbuild/BUILD/volume_key-0.3.12/python'
[ 2423s] make[2]: Nothing to be done for 'check-am'.
[ 2423s] make[2]: Leaving directory '/home/abuild/rpmbuild/BUILD/volume_key-0.3.12/python'
[ 2423s] make[1]: Leaving directory '/home/abuild/rpmbuild/BUILD/volume_key-0.3.12/python'
[ 2423s] Making check in src
[ 2423s] make[1]: Entering directory '/home/abuild/rpmbuild/BUILD/volume_key-0.3.12/src'
[ 2423s] make[1]: Nothing to be done for 'check'.
[ 2423s] make[1]: Leaving directory '/home/abuild/rpmbuild/BUILD/volume_key-0.3.12/src'
[ 2423s] Making check in tests
[ 2423s] make[1]: Entering directory '/home/abuild/rpmbuild/BUILD/volume_key-0.3.12/tests'
[ 2423s] make  packet_roundtrips
[ 2424s] make[2]: Entering directory '/home/abuild/rpmbuild/BUILD/volume_key-0.3.12/tests'
[ 2424s] gcc -DHAVE_CONFIG_H -I. -I..  -I/usr/include/blkid  -I/usr/include/glib-2.0 -I/usr/lib64/glib-2.0/include    -I/usr/include/nss3 -I/usr/include/nspr4    -O2 -g -pipe -Wall -Werror=format-security -Wp,-D_FORTIFY_SOURCE=2 -Wp,-D_GLIBCXX_ASSERTIONS -fstack-protector-strong -grecord-gcc-switches -specs=/usr/lib/rpm/generic-hardened-cc1 -fasynchronous-unwind-tables -fstack-clash-protection  -Wall -W -Wcast-align -Wmissing-noreturn -Wnested-externs -Wpointer-arith -Wshadow -Wundef -Wwrite-strings -c -o packet_roundtrips.o packet_roundtrips.c
[ 2432s] /bin/sh ../libtool  --tag=CC   --mode=link gcc  -O2 -g -pipe -Wall -Werror=format-security -Wp,-D_FORTIFY_SOURCE=2 -Wp,-D_GLIBCXX_ASSERTIONS -fstack-protector-strong -grecord-gcc-switches -specs=/usr/lib/rpm/generic-hardened-cc1 -fasynchronous-unwind-tables -fstack-clash-protection  -Wall -W -Wcast-align -Wmissing-noreturn -Wnested-externs -Wpointer-arith -Wshadow -Wundef -Wwrite-strings  -Wl,-z,relro   -Wl,-z,now -specs=/usr/lib/rpm/generic-hardened-ld -o packet_roundtrips packet_roundtrips.o ../lib/libvolume_key.la -lglib-2.0  -lssl3 -lsmime3 -lnss3 -lnssutil3 -lplds4 -lplc4 -lnspr4  
[ 2436s] libtool: link: gcc -O2 -g -pipe -Wall -Werror=format-security -Wp,-D_FORTIFY_SOURCE=2 -Wp,-D_GLIBCXX_ASSERTIONS -fstack-protector-strong -grecord-gcc-switches -specs=/usr/lib/rpm/generic-hardened-cc1 -fasynchronous-unwind-tables -fstack-clash-protection -Wall -W -Wcast-align -Wmissing-noreturn -Wnested-externs -Wpointer-arith -Wshadow -Wundef -Wwrite-strings -Wl,-z -Wl,relro -Wl,-z -Wl,now -specs=/usr/lib/rpm/generic-hardened-ld -o .libs/packet_roundtrips packet_roundtrips.o  ../lib/.libs/libvolume_key.so -L/usr/lib64 -lblkid -lgpgme -lcryptsetup -lglib-2.0 -lssl3 -lsmime3 -lnss3 -lnssutil3 -lplds4 -lplc4 -lnspr4
[ 2440s] make[2]: Leaving directory '/home/abuild/rpmbuild/BUILD/volume_key-0.3.12/tests'
[ 2440s] make  check-TESTS
[ 2440s] make[2]: Entering directory '/home/abuild/rpmbuild/BUILD/volume_key-0.3.12/tests'
[ 2442s] make[3]: Entering directory '/home/abuild/rpmbuild/BUILD/volume_key-0.3.12/tests'
[ 2460s] FAIL: packet_roundtrips.sh
[ 2462s] ============================================================================
[ 2462s] Testsuite summary for volume_key 0.3.12
[ 2462s] ============================================================================
[ 2462s] # TOTAL: 1
[ 2462s] # PASS:  0
[ 2462s] # SKIP:  0
[ 2462s] # XFAIL: 0
[ 2462s] # FAIL:  1
[ 2462s] # XPASS: 0
[ 2462s] # ERROR: 0
[ 2462s] ============================================================================
[ 2462s] See tests/test-suite.log
[ 2462s] Please report to https://pagure.io/volume_key
[ 2462s] ============================================================================
[ 2462s] make[3]: *** [Makefile:741: test-suite.log] Error 1
[ 2462s] make[3]: Leaving directory '/home/abuild/rpmbuild/BUILD/volume_key-0.3.12/tests'
[ 2462s] make[2]: *** [Makefile:849: check-TESTS] Error 2
[ 2462s] make[2]: Leaving directory '/home/abuild/rpmbuild/BUILD/volume_key-0.3.12/tests'
[ 2462s] make[1]: *** [Makefile:920: check-am] Error 2
[ 2462s] make[1]: Leaving directory '/home/abuild/rpmbuild/BUILD/volume_key-0.3.12/tests'
[ 2463s] make: *** [Makefile:484: check-recursive] Error 1
[ 2463s] error: Bad exit status from /var/tmp/rpm-tmp.tGvhB9 (%check)
[ 2463s] 
[ 2463s] 
[ 2463s] RPM build errors:
[ 2463s]     line 19: It's not recommended to have unversioned Obsoletes: Obsoletes:     volume_key-libs
[ 2463s]     Bad exit status from /var/tmp/rpm-tmp.tGvhB9 (%check)
[ 2463s] 
[ 2463s] oe-RISCV-worker9 failed "build volume_key.spec" at Fri Apr 15 10:13:55 UTC 2022.
[ 2463s] 
