[    0s] Memory limit set to 10955196KB
[    0s] Using BUILD_ROOT=/var/cache/obs/worker/root_3
[    0s] Using BUILD_ARCH=riscv64
[    0s] 
[    6s] 
[    7s] oe-RISCV-worker25 started "build _service:extract_file:devhelp.spec" at Sun Apr 24 07:38:29 UTC 2022.
[    7s] 
[    7s] Building devhelp for project 'openEuler:Mainline:RISC-V' repository 'advanced_riscv64' arch 'riscv64' srcmd5 '871e46cb638c8ba5f31f9a2ad604b07e'
[    7s] 
[    7s] processing recipe /var/cache/obs/worker/root_3/.build-srcdir/_service:extract_file:devhelp.spec ...
[   12s] running changelog2spec --target rpm --file /var/cache/obs/worker/root_3/.build-srcdir/_service:extract_file:devhelp.spec
[   13s] init_buildsystem --configdir /var/run/obs/worker/3/build/configs --cachedir /var/cache/build --clean --rpmlist /var/cache/obs/worker/root_3/.build.rpmlist /var/cache/obs/worker/root_3/.build-srcdir/_service:extract_file:devhelp.spec build ...
[  149s] cycle: bash -> coreutils
[  149s]   breaking dependency coreutils -> bash
[  149s] cycle: bash -> coreutils -> info
[  149s]   breaking dependency coreutils -> info
[  149s] cycle: glibc -> filesystem -> bash -> coreutils
[  149s]   breaking dependency filesystem -> bash
[  149s] cycle: glibc -> filesystem -> coreutils
[  149s]   breaking dependency coreutils -> glibc
[  149s] cycle: glibc -> filesystem -> coreutils -> libacl
[  149s]   breaking dependency coreutils -> libacl
[  149s] cycle: glibc -> filesystem -> coreutils -> attr
[  149s]   breaking dependency coreutils -> attr
[  149s] cycle: coreutils -> libcap -> bash
[  149s]   breaking dependency coreutils -> libcap
[  149s] cycle: glibc -> filesystem -> coreutils -> openssl-libs
[  149s]   breaking dependency coreutils -> openssl-libs
[  149s] cycle: glibc -> filesystem -> coreutils -> libselinux
[  149s]   breaking dependency libselinux -> glibc
[  149s] cycle: glibc -> filesystem -> coreutils -> libselinux -> pcre2
[  149s]   breaking dependency pcre2 -> glibc
[  149s] cycle: glibc -> filesystem -> coreutils -> libselinux -> pcre2 -> readline
[  149s]   breaking dependency readline -> glibc
[  149s] cycle: glibc -> filesystem -> coreutils -> libselinux -> pcre2 -> readline -> ncurses-libs
[  149s]   breaking dependency coreutils -> libselinux
[  149s] cycle: glibc -> filesystem -> coreutils -> ncurses
[  149s]   breaking dependency ncurses -> glibc
[  149s] cycle: glibc -> filesystem -> coreutils -> ncurses -> ncurses-libs
[  149s]   breaking dependency ncurses -> ncurses-libs
[  149s] cycle: filesystem -> coreutils -> ncurses -> libgcc
[  149s]   breaking dependency ncurses -> libgcc
[  149s] cycle: perl-Carp -> perl-libs
[  149s]   breaking dependency perl-libs -> perl-Carp
[  149s] cycle: perl-libs -> perl-Exporter
[  149s]   breaking dependency perl-libs -> perl-Exporter
[  149s] cycle: perl-Carp -> perl-Exporter
[  149s]   breaking dependency perl-Exporter -> perl-Carp
[  149s] cycle: nss-util -> nss
[  149s]   breaking dependency nss -> nss-util
[  149s] cycle: nss-softokn -> nss-util -> nss
[  149s]   breaking dependency nss -> nss-softokn
[  149s] cycle: systemd -> cryptsetup -> device-mapper
[  149s]   breaking dependency systemd -> cryptsetup
[  149s] cycle: audit -> systemd -> pam
[  149s]   breaking dependency systemd -> pam
[  150s] [1/84] preinstalling dbus...
[  151s] [2/84] preinstalling libffi-devel...
[  152s] [3/84] preinstalling nodejs-source-map...
[  153s] [4/84] preinstalling python3-pip...
[  156s] [5/84] preinstalling python3-setuptools_scm...
[  157s] [6/84] preinstalling ncurses...
[  163s] [7/84] preinstalling coreutils...
[  168s] [8/84] preinstalling filesystem...
[  171s] [9/84] preinstalling glibc...
[  175s] [10/84] preinstalling libgcc...
[  176s] [11/84] preinstalling diffutils...
[  178s] [12/84] preinstalling libcap-ng...
[  178s] [13/84] preinstalling libgpg-error...
[  180s] [14/84] preinstalling libpcap...
[  181s] [15/84] preinstalling libsmartcols...
[  182s] [16/84] preinstalling libuuid...
[  183s] [17/84] preinstalling libxcrypt...
[  184s] [18/84] preinstalling lz4...
[  185s] [19/84] preinstalling m4...
[  186s] [20/84] preinstalling ncurses-libs...
[  187s] [21/84] preinstalling nspr...
[  189s] [22/84] preinstalling xz-libs...
[  190s] [23/84] preinstalling zlib...
[  191s] [24/84] preinstalling attr...
[  192s] [25/84] preinstalling libdb...
[  196s] [26/84] preinstalling zstd...
[  198s] [27/84] preinstalling audit-libs...
[  199s] [28/84] preinstalling file...
[  200s] [29/84] preinstalling iptables-libs...
[  201s] [30/84] preinstalling libacl...
[  202s] [31/84] preinstalling libgcrypt...
[  203s] [32/84] preinstalling openssl-libs...
[  205s] [33/84] preinstalling readline...
[  207s] [34/84] preinstalling bash...
[  209s] [35/84] preinstalling cmake...
[  224s] [36/84] preinstalling perl-libs...
[  229s] [37/84] preinstalling dnf...
[  229s] [38/84] preinstalling pcre2...
[  231s] [39/84] preinstalling perl-Exporter...
[  232s] [40/84] preinstalling bzip2...
[  233s] [41/84] preinstalling hostname...
[  234s] [42/84] preinstalling libcap...
[  235s] [43/84] preinstalling pcre...
[  236s] [44/84] preinstalling popt...
[  237s] [45/84] preinstalling acl...
[  238s] [46/84] preinstalling elfutils...
[  240s] [47/84] preinstalling libblkid...
[  241s] [48/84] preinstalling openssl...
[  243s] [49/84] preinstalling sqlite...
[  245s] [50/84] preinstalling tar...
[  248s] [51/84] preinstalling info...
[  249s] [52/84] preinstalling libgcrypt-devel...
[  250s] [53/84] preinstalling lua...
[  251s] [54/84] preinstalling libselinux...
[  252s] [55/84] preinstalling perl-Carp...
[  253s] [56/84] preinstalling copy-jdk-configs...
[  254s] [57/84] preinstalling libfdisk...
[  255s] [58/84] preinstalling perl-Digest-MD5...
[  256s] [59/84] preinstalling grep...
[  257s] [60/84] preinstalling rpm-libs...
[  258s] [61/84] preinstalling chkconfig...
[  260s] [62/84] preinstalling sed...
[  261s] [63/84] preinstalling libmount...
[  262s] [64/84] preinstalling libsemanage...
[  263s] [65/84] preinstalling perl-constant...
[  264s] [66/84] preinstalling findutils...
[  265s] [67/84] preinstalling xz...
[  267s] [68/84] preinstalling perl-Getopt-Long...
[  268s] [69/84] preinstalling glib2...
[  273s] [70/84] preinstalling nss...
[  275s] [71/84] preinstalling perl-Data-Dumper...
[  276s] [72/84] preinstalling systemd-libs...
[  277s] [73/84] preinstalling systemd...
[  282s] [74/84] preinstalling dbus-libs...
[  283s] [75/84] preinstalling nss-util...
[  285s] [76/84] preinstalling audit...
[  286s] [77/84] preinstalling nss-softokn...
[  289s] [78/84] preinstalling pam...
[  290s] [79/84] preinstalling rpm...
[  293s] [80/84] preinstalling openEuler-rpm-config...
[  294s] [81/84] preinstalling util-linux...
[  299s] [82/84] preinstalling device-mapper...
[  301s] [83/84] preinstalling cryptsetup...
[  303s] [84/84] preinstalling lvm2...
[  306s] 
[  309s] initializing rpm db...
[  331s] reordering...cycle: bash -> coreutils
[  331s]   breaking dependency coreutils -> bash
[  331s] cycle: bash -> coreutils -> info
[  331s]   breaking dependency coreutils -> info
[  331s] cycle: glibc -> basesystem -> filesystem -> bash -> coreutils -> gmp
[  331s]   breaking dependency filesystem -> bash
[  331s] cycle: glibc -> basesystem -> filesystem -> coreutils -> gmp
[  331s]   breaking dependency coreutils -> gmp
[  331s] cycle: glibc -> basesystem -> filesystem -> coreutils
[  331s]   breaking dependency coreutils -> glibc
[  331s] cycle: glibc -> basesystem -> filesystem -> coreutils -> libacl
[  331s]   breaking dependency coreutils -> libacl
[  331s] cycle: glibc -> basesystem -> filesystem -> coreutils -> attr
[  331s]   breaking dependency coreutils -> attr
[  331s] cycle: coreutils -> libcap -> bash
[  331s]   breaking dependency coreutils -> libcap
[  331s] cycle: glibc -> basesystem -> filesystem -> coreutils -> openssl-libs
[  331s]   breaking dependency openssl-libs -> glibc
[  331s] cycle: coreutils -> openssl-libs -> ca-certificates -> bash
[  331s]   breaking dependency ca-certificates -> bash
[  331s] cycle: coreutils -> openssl-libs -> ca-certificates
[  331s]   breaking dependency ca-certificates -> coreutils
[  331s] cycle: coreutils -> openssl-libs -> ca-certificates -> grep -> bash
[  331s]   breaking dependency grep -> bash
[  331s] cycle: coreutils -> openssl-libs -> ca-certificates -> grep
[  331s]   breaking dependency ca-certificates -> grep
[  331s] cycle: glibc -> basesystem -> filesystem -> coreutils -> openssl-libs -> ca-certificates -> p11-kit
[  331s]   breaking dependency p11-kit -> glibc
[  331s] cycle: glibc -> basesystem -> filesystem -> coreutils -> openssl-libs -> ca-certificates -> p11-kit -> libffi
[  331s]   breaking dependency openssl-libs -> ca-certificates
[  331s] cycle: coreutils -> openssl-libs -> crypto-policies -> bash
[  331s]   breaking dependency crypto-policies -> bash
[  331s] cycle: coreutils -> openssl-libs -> crypto-policies
[  331s]   breaking dependency crypto-policies -> coreutils
[  331s] cycle: coreutils -> openssl-libs -> crypto-policies -> grep
[  331s]   breaking dependency grep -> coreutils
[  331s] cycle: glibc -> basesystem -> filesystem -> coreutils -> openssl-libs -> crypto-policies -> grep
[  331s]   breaking dependency glibc -> basesystem
[  331s] cycle: glibc -> glibc-common -> bash -> coreutils -> openssl-libs -> crypto-policies -> grep
[  331s]   breaking dependency glibc-common -> bash
[  331s] cycle: glibc -> glibc-common -> coreutils -> openssl-libs -> crypto-policies -> grep
[  331s]   breaking dependency glibc-common -> coreutils
[  331s] cycle: glibc -> glibc-common
[  331s]   breaking dependency glibc-common -> glibc
[  331s] cycle: glibc -> glibc-common -> libselinux
[  331s]   breaking dependency libselinux -> glibc
[  331s] cycle: glibc -> glibc-common -> libselinux -> pcre2
[  331s]   breaking dependency pcre2 -> glibc
[  331s] cycle: glibc -> glibc-common -> libselinux -> pcre2 -> readline
[  331s]   breaking dependency readline -> glibc
[  331s] cycle: glibc -> glibc-common -> libselinux -> pcre2 -> readline -> ncurses-libs
[  331s]   breaking dependency libselinux -> pcre2
[  331s] cycle: glibc -> glibc-common -> libselinux -> libsepol -> bash -> coreutils -> openssl-libs -> crypto-policies -> grep
[  331s]   breaking dependency bash -> coreutils
[  331s] cycle: glibc -> glibc-common -> libselinux -> libsepol -> bash -> filesystem -> coreutils -> openssl-libs -> crypto-policies -> grep
[  331s]   breaking dependency libsepol -> bash
[  331s] cycle: glibc -> glibc-common -> libselinux -> libsepol -> coreutils -> openssl-libs -> crypto-policies -> grep
[  331s]   breaking dependency coreutils -> openssl-libs
[  331s] cycle: libselinux -> libsepol -> coreutils
[  331s]   breaking dependency libsepol -> coreutils
[  331s] cycle: glibc -> glibc-common -> libselinux -> libsepol
[  331s]   breaking dependency glibc -> glibc-common
[  331s] cycle: glibc -> filesystem -> coreutils -> libselinux -> libsepol
[  331s]   breaking dependency filesystem -> coreutils
[  331s] cycle: filesystem -> setup
[  331s]   breaking dependency filesystem -> setup
[  331s] cycle: systemd -> cryptsetup -> device-mapper
[  331s]   breaking dependency systemd -> cryptsetup
[  331s] cycle: perl-libs -> perl-Carp
[  331s]   breaking dependency perl-libs -> perl-Carp
[  331s] cycle: perl-libs -> perl-Exporter
[  331s]   breaking dependency perl-libs -> perl-Exporter
[  331s] cycle: perl-Carp -> perl-Exporter
[  331s]   breaking dependency perl-Exporter -> perl-Carp
[  331s] cycle: perl -> perl-PathTools
[  331s]   breaking dependency perl -> perl-PathTools
[  331s] cycle: perl -> perl-ExtUtils-MakeMaker
[  331s]   breaking dependency perl -> perl-ExtUtils-MakeMaker
[  331s] cycle: perl -> perl-File-Path -> perl-PathTools
[  331s]   breaking dependency perl -> perl-File-Path
[  331s] cycle: perl -> perl-Getopt-Long -> perl-Pod-Usage
[  331s]   breaking dependency perl -> perl-Getopt-Long
[  331s] cycle: perl -> perl-Locale-Maketext
[  331s]   breaking dependency perl -> perl-Locale-Maketext
[  331s] cycle: perl -> perl-Pod-Simple
[  331s]   breaking dependency perl -> perl-Pod-Simple
[  331s] cycle: perl -> perl-Socket
[  331s]   breaking dependency perl -> perl-Socket
[  331s] cycle: perl -> perl-Storable
[  331s]   breaking dependency perl -> perl-Storable
[  331s] cycle: perl -> perl-Text-Tabs+Wrap
[  331s]   breaking dependency perl -> perl-Text-Tabs+Wrap
[  331s] cycle: perl -> perl-Time-Local -> perl-constant
[  331s]   breaking dependency perl -> perl-Time-Local
[  331s] cycle: perl -> perl-constant
[  331s]   breaking dependency perl -> perl-constant
[  331s] cycle: perl -> perl-threads
[  331s]   breaking dependency perl -> perl-threads
[  331s] cycle: perl -> perl-threads-shared
[  331s]   breaking dependency perl -> perl-threads-shared
[  331s] cycle: perl -> perl-Archive-Tar
[  331s]   breaking dependency perl -> perl-Archive-Tar
[  331s] cycle: perl -> perl-B-Debug
[  331s]   breaking dependency perl -> perl-B-Debug
[  331s] cycle: perl -> perl-CPAN-Meta -> perl-CPAN-Meta-Requirements
[  331s]   breaking dependency perl -> perl-CPAN-Meta
[  331s] cycle: perl -> perl-CPAN-Meta-Requirements
[  331s]   breaking dependency perl -> perl-CPAN-Meta-Requirements
[  331s] cycle: perl -> perl-CPAN-Meta-YAML
[  331s]   breaking dependency perl -> perl-CPAN-Meta-YAML
[  331s] cycle: perl -> perl-Compress-Raw-Bzip2
[  331s]   breaking dependency perl -> perl-Compress-Raw-Bzip2
[  331s] cycle: perl -> perl-Compress-Raw-Zlib
[  331s]   breaking dependency perl -> perl-Compress-Raw-Zlib
[  331s] cycle: perl -> perl-Config-Perl-V
[  331s]   breaking dependency perl -> perl-Config-Perl-V
[  331s] cycle: perl -> perl-DB_File
[  331s]   breaking dependency perl -> perl-DB_File
[  331s] cycle: perl -> perl-Data-Dumper
[  331s]   breaking dependency perl -> perl-Data-Dumper
[  331s] cycle: perl -> perl-Devel-PPPort
[  331s]   breaking dependency perl -> perl-Devel-PPPort
[  331s] cycle: perl -> perl-Digest -> perl-MIME-Base64
[  331s]   breaking dependency perl -> perl-Digest
[  331s] cycle: perl -> perl-Digest-MD5 -> perl-Digest -> perl-MIME-Base64
[  331s]   breaking dependency perl -> perl-Digest-MD5
[  331s] cycle: perl -> perl-Digest-SHA
[  331s]   breaking dependency perl -> perl-Digest-SHA
[  331s] cycle: perl -> perl-Encode
[  331s]   breaking dependency perl -> perl-Encode
[  331s] cycle: perl -> perl-Env
[  331s]   breaking dependency perl -> perl-Env
[  331s] cycle: perl -> perl-ExtUtils-Command
[  331s]   breaking dependency perl -> perl-ExtUtils-Command
[  331s] cycle: perl -> perl-ExtUtils-Install
[  331s]   breaking dependency perl -> perl-ExtUtils-Install
[  331s] cycle: perl -> perl-ExtUtils-Manifest
[  331s]   breaking dependency perl -> perl-ExtUtils-Manifest
[  331s] cycle: perl -> perl-ExtUtils-ParseXS
[  331s]   breaking dependency perl -> perl-ExtUtils-ParseXS
[  331s] cycle: perl -> perl-File-Fetch -> perl-PathTools
[  331s]   breaking dependency perl -> perl-File-Fetch
[  331s] cycle: perl -> perl-File-Temp -> perl-PathTools
[  331s]   breaking dependency perl -> perl-File-Temp
[  331s] cycle: perl -> perl-Filter
[  331s]   breaking dependency perl -> perl-Filter
[  331s] cycle: perl -> perl-Filter-Simple -> perl-Filter
[  331s]   breaking dependency perl -> perl-Filter-Simple
[  331s] cycle: perl -> perl-HTTP-Tiny
[  331s]   breaking dependency perl -> perl-HTTP-Tiny
[  331s] cycle: perl -> perl-IO-Compress
[  331s]   breaking dependency perl -> perl-IO-Compress
[  331s] cycle: perl -> perl-IO-Socket-IP
[  331s]   breaking dependency perl -> perl-IO-Socket-IP
[  331s] cycle: perl -> perl-IPC-Cmd -> perl-ExtUtils-MakeMaker
[  331s]   breaking dependency perl -> perl-IPC-Cmd
[  331s] cycle: perl -> perl-IPC-SysV
[  331s]   breaking dependency perl -> perl-IPC-SysV
[  331s] cycle: perl -> perl-JSON-PP
[  331s]   breaking dependency perl -> perl-JSON-PP
[  331s] cycle: perl -> perl-Locale-Codes -> perl-constant
[  331s]   breaking dependency perl -> perl-Locale-Codes
[  331s] cycle: perl -> perl-MIME-Base64
[  331s]   breaking dependency perl -> perl-MIME-Base64
[  331s] cycle: perl -> perl-Math-BigInt
[  331s]   breaking dependency perl -> perl-Math-BigInt
[  331s] cycle: perl -> perl-Math-BigInt-FastCalc -> perl-Math-BigInt
[  331s]   breaking dependency perl -> perl-Math-BigInt-FastCalc
[  331s] cycle: perl -> perl-Math-BigRat -> perl-Math-BigInt
[  331s]   breaking dependency perl -> perl-Math-BigRat
[  331s] cycle: perl -> perl-Module-CoreList
[  331s]   breaking dependency perl -> perl-Module-CoreList
[  331s] cycle: perl -> perl-Module-Load -> perl-PathTools
[  331s]   breaking dependency perl -> perl-Module-Load
[  331s] cycle: perl -> perl-Module-Load-Conditional
[  331s]   breaking dependency perl -> perl-Module-Load-Conditional
[  331s] cycle: perl -> perl-Module-Metadata
[  331s]   breaking dependency perl -> perl-Module-Metadata
[  331s] cycle: perl -> perl-Params-Check
[  331s]   breaking dependency perl -> perl-Params-Check
[  331s] cycle: perl -> perl-PerlIO-via-QuotedPrint -> perl-MIME-Base64
[  331s]   breaking dependency perl -> perl-PerlIO-via-QuotedPrint
[  331s] cycle: perl -> perl-Pod-Checker
[  331s]   breaking dependency perl -> perl-Pod-Checker
[  331s] cycle: perl -> perl-Pod-Escapes
[  331s]   breaking dependency perl -> perl-Pod-Escapes
[  331s] cycle: perl -> perl-Pod-Parser
[  331s]   breaking dependency perl -> perl-Pod-Parser
[  331s] cycle: perl -> perl-Pod-Perldoc
[  331s]   breaking dependency perl -> perl-Pod-Perldoc
[  331s] cycle: perl -> perl-Pod-Usage
[  331s]   breaking dependency perl -> perl-Pod-Usage
[  331s] cycle: perl -> perl-Sys-Syslog
[  331s]   breaking dependency perl -> perl-Sys-Syslog
[  331s] cycle: perl -> perl-Term-Cap
[  331s]   breaking dependency perl -> perl-Term-Cap
[  331s] cycle: perl -> perl-Test-Harness
[  331s]   breaking dependency perl -> perl-Test-Harness
[  331s] cycle: perl -> perl-Test-Simple
[  331s]   breaking dependency perl -> perl-Test-Simple
[  331s] cycle: perl -> perl-Text-Balanced
[  331s]   breaking dependency perl -> perl-Text-Balanced
[  331s] cycle: perl -> perl-Thread-Queue -> perl-threads-shared
[  331s]   breaking dependency perl -> perl-Thread-Queue
[  331s] cycle: perl -> perl-Unicode-Collate -> perl-PathTools
[  331s]   breaking dependency perl -> perl-Unicode-Collate
[  331s] cycle: perl -> perl-autodie
[  331s]   breaking dependency perl -> perl-autodie
[  331s] cycle: perl -> perl-bignum -> perl-Math-BigInt
[  331s]   breaking dependency perl -> perl-bignum
[  331s] cycle: perl -> perl-devel
[  331s]   breaking dependency perl -> perl-devel
[  331s] cycle: perl -> perl-Encode-devel
[  331s]   breaking dependency perl -> perl-Encode-devel
[  331s] cycle: perl -> perl-experimental
[  331s]   breaking dependency perl -> perl-experimental
[  331s] cycle: perl -> perl-libnet -> perl-Digest-MD5 -> perl-Digest -> perl-MIME-Base64
[  331s]   breaking dependency perl -> perl-libnet
[  331s] cycle: perl -> perl-podlators
[  331s]   breaking dependency perl -> perl-podlators
[  331s] cycle: perl -> perl-version
[  331s]   breaking dependency perl -> perl-version
[  331s] cycle: glib2 -> gamin
[  331s]   breaking dependency glib2 -> gamin
[  331s] cycle: systemd -> gnutls -> unbound-libs -> shadow -> pam -> audit
[  331s]   breaking dependency systemd -> gnutls
[  331s] cycle: systemd -> pam -> audit
[  331s]   breaking dependency systemd -> pam
[  331s] cycle: systemd -> shadow -> pam -> audit
[  331s]   breaking dependency systemd -> shadow
[  331s] cycle: pam -> libpwquality
[  331s]   breaking dependency pam -> libpwquality
[  331s] cycle: hunspell-en -> hunspell
[  331s]   breaking dependency hunspell -> hunspell-en
[  331s] cycle: perl-Getopt-Long -> perl-Pod-Usage
[  331s]   breaking dependency perl-Pod-Usage -> perl-Getopt-Long
[  331s] cycle: perl-Getopt-Long -> perl-Pod-Usage -> perl-podlators -> perl-Encode
[  331s]   breaking dependency perl-podlators -> perl-Encode
[  331s] cycle: perl-Getopt-Long -> perl-Pod-Usage -> perl-podlators
[  331s]   breaking dependency perl-podlators -> perl-Getopt-Long
[  331s] cycle: perl-Getopt-Long -> perl-Pod-Usage -> perl-podlators -> perl-Pod-Simple -> perl-Encode
[  331s]   breaking dependency perl-Encode -> perl-Getopt-Long
[  331s] cycle: perl-Getopt-Long -> perl-Pod-Usage -> perl-podlators -> perl-Pod-Simple
[  331s]   breaking dependency perl-podlators -> perl-Pod-Simple
[  331s] cycle: perl-Pod-Usage -> perl-podlators
[  331s]   breaking dependency perl-podlators -> perl-Pod-Usage
[  331s] cycle: groff -> perl-Getopt-Long -> perl-Pod-Usage -> perl-Pod-Perldoc
[  331s]   breaking dependency groff -> perl-Getopt-Long
[  331s] cycle: libglvnd-egl -> mesa-libEGL
[  331s]   breaking dependency mesa-libEGL -> libglvnd-egl
[  331s] cycle: libglvnd-glx -> mesa-libGL
[  331s]   breaking dependency mesa-libGL -> libglvnd-glx
[  331s] cycle: libxcrypt-devel -> glibc-devel
[  331s]   breaking dependency glibc-devel -> libxcrypt-devel
[  331s] cycle: cmake-data -> cmake
[  331s]   breaking dependency cmake -> cmake-data
[  331s] cycle: nss-util -> nss
[  331s]   breaking dependency nss -> nss-util
[  331s] cycle: nss-softokn -> nss-util -> nss
[  331s]   breaking dependency nss -> nss-softokn
[  331s] cycle: perl-Getopt-Long -> perl-Pod-Usage -> perl-Pod-Perldoc -> perl-Pod-Simple
[  331s]   breaking dependency perl-Pod-Perldoc -> perl-Pod-Simple
[  331s] cycle: openssh -> openssh-server
[  331s]   breaking dependency openssh-server -> openssh
[  331s] cycle: git -> perl-Git
[  331s]   breaking dependency git -> perl-Git
[  331s] cycle: perl-ExtUtils-Install -> perl-ExtUtils-MakeMaker
[  331s]   breaking dependency perl-ExtUtils-MakeMaker -> perl-ExtUtils-Install
[  332s] done
[  332s] querying package ids...
[  383s] [1/541] installing cmake-filesystem-3.22.0-1.oe1
[  384s] [2/541] installing fonts-filesystem-2.0.2-2.oe1
[  385s] [3/541] installing fuse-common-3.9.2-5.oe1
[  387s] [4/541] installing hwdata-0.316-3.oe1
[  391s] [5/541] installing kernel-headers-5.10-3.oe1
[  402s] [6/541] installing libreport-filesystem-2.13.1-5.oe1
[  403s] [7/541] installing ncurses-base-6.1-14.oe1
[  405s] [8/541] installing openEuler-gpg-keys-1.0-2.5.oe1
[  407s] [9/541] installing python-setuptools-59.4.0-3.oe1
[  409s] [10/541] installing qt5-srpm-macros-5.15.2-1.oe1
[  410s] [11/541] installing tzdata-2021a-2.oe1
[  421s] [12/541] installing xkeyboard-config-2.30-1.oe1
[  426s] [13/541] installing dnf-data-4.10.0-1.oe1
[  427s] [14/541] installing openEuler-repos-1.0-2.5.oe1
[  429s] [15/541] installing wqy-zenhei-fonts-0.9.46-21.oe1
[  439s] [16/541] installing openEuler-release-20.03LTS-40.oe1
[  441s] [17/541] installing filesystem-3.9-3.oe1
[  455s] warning: group mail does not exist - using root
[  455s] [18/541] installing emacs-filesystem-1:27.1-5.oe1
[  457s] [19/541] installing libgcc-10.3.1-10.oe1
[  460s] [20/541] installing vim-filesystem-2:8.2-4.oe1
[  461s] [21/541] installing setup-2.13.3-4.oe1
[  464s] [22/541] installing glibc-2.34-74.oe1
[  472s] [23/541] installing brotli-1.0.9-2.oe1
[  475s] [24/541] installing cdparanoia-libs-10.2-31.oe1
[  476s] [25/541] installing chrpath-0.16-12.oe1
[  477s] [26/541] installing cpio-2.13-4.oe1
[  481s] [27/541] installing diffutils-3.7-4.oe1
[  484s] [28/541] installing expat-2.2.10-1.oe1
[  485s] [29/541] installing fribidi-1.0.10-1.oe1
[  487s] [30/541] installing gpm-libs-1.20.7-21.oe1
[  488s] [31/541] installing hyphen-2.8.8-14.oe1
[  489s] [32/541] installing jbigkit-libs-2.1-17.oe1
[  490s] [33/541] installing json-c-0.15-1.oe1
[  492s] [34/541] installing keyutils-libs-1.6.3-3.oe1
[  494s] [35/541] installing lcms2-2.11-2.oe1
[  495s] [36/541] installing libICE-1.0.10-2.oe1
[  497s] [37/541] installing libXau-1.0.9-2.oe1
[  498s] [38/541] installing libaio-0.3.112-1.oe1
[  499s] [39/541] installing libargon2-20190702-1.oe1
[  501s] [40/541] installing libatomic-10.3.1-10.oe1
[  502s] [41/541] installing libcap-ng-0.7.11-1.oe1
[  503s] [42/541] installing libdatrie-0.2.12-1.oe1
[  506s] [43/541] installing libdrm-2.4.109-3.oe1
[  508s] [44/541] installing libepoxy-1.5.3-2
[  509s] [45/541] installing libev-4.24-11.oe1
[  511s] [46/541] installing libffi-3.3-31.oe1
[  512s] [47/541] installing libglvnd-1:1.3.4-2.oe1
[  515s] [48/541] installing libgomp-10.3.1-10.oe1
[  517s] [49/541] installing libgpg-error-1.41-1.oe1
[  519s] [50/541] installing libjpeg-turbo-2.0.6-1.oe1
[  521s] [51/541] installing libnghttp2-1.42.0-1.oe1
[  522s] [52/541] installing libogg-2:1.3.3-3.oe1
[  524s] [53/541] installing libpcap-14:1.9.1-7.oe1
[  525s] [54/541] installing libpipeline-1.5.3-1.oe1
[  527s] [55/541] installing libsigsegv-2.11-10.oe1
[  528s] [56/541] installing libsmartcols-2.36.1-3.oe1
[  530s] [57/541] installing libstemmer-0-12.oe1
[  532s] [58/541] installing libtasn1-4.16.0-2.oe1
[  534s] [59/541] installing libtool-ltdl-2.4.6-34.oe1
[  535s] [60/541] installing libunistring-0.9.10-8.oe1
[  538s] [61/541] installing libuuid-2.36.1-3.oe1
[  539s] [62/541] installing libuv-1:1.40.0-1.oe1
[  541s] [63/541] installing libvisual-1:0.4.0-27.oe1
[  542s] [64/541] installing libwayland-egl-1.18.0-1.fc33
[  544s] [65/541] installing libwebp-1.1.0-3.oe1
[  546s] [66/541] installing libxcrypt-4.4.8-4.oe1
[  553s] [67/541] installing libxshmfence-1.3-6.oe1
[  554s] [68/541] installing libyaml-0.2.5-1.oe1
[  556s] [69/541] installing lz4-1.9.3-1.oe1
[  558s] [70/541] installing m4-1.4.18-14.oe1
[  559s] [71/541] installing nspr-4.32.0-1.oe1
[  561s] [72/541] installing openjpeg2-2.3.1-6.oe1
[  563s] [73/541] installing opus-1.3.1-1.oe1
[  565s] [74/541] installing pixman-0.38.0-1.oe1
[  566s] [75/541] installing pkgconf-1.7.3-1.oe1
[  568s] [76/541] installing rhash-1.3.5-5.oe1
[  570s] [77/541] installing which-2.21-14.oe1
[  571s] [78/541] installing xz-libs-5.2.5-1.oe1
[  572s] [79/541] installing zlib-1.2.11-18.oe1
[  574s] [80/541] installing attr-2.4.48-12.oe1
[  575s] [81/541] installing basesystem-12-2.oe1
[  577s] [82/541] installing libstdc++-10.3.1-10.oe1
[  580s] [83/541] installing ncurses-libs-6.1-14.oe1
[  582s] [84/541] installing libsepol-3.1-4.oe1
[  584s] [85/541] installing libglvnd-core-devel-1:1.3.4-2.oe1
[  586s] [86/541] installing libstdc++-devel-10.3.1-10.oe1
[  598s] [87/541] installing wayland-protocols-devel-1.20-1.oe1
[  600s] [88/541] installing xorg-x11-proto-devel-2019.1-1.oe1
[  604s] [89/541] installing audit-libs-1:3.0-2.oe1
[  606s] [90/541] installing brotli-devel-1.0.9-2.oe1
[  607s] [91/541] installing file-libs-5.39-6.oe1
[  611s] [92/541] installing fribidi-devel-1.0.10-1.oe1
[  613s] [93/541] installing gmp-1:6.2.1-1.oe1
[  615s] [94/541] installing iptables-libs-1.8.1-4.oe1
[  616s] [95/541] installing less-563-2.oe1
[  618s] [96/541] installing libacl-2.2.53-7.oe1
[  619s] [97/541] installing libassuan-2.5.4-1.oe1
[  621s] [98/541] installing libedit-3.1-27.oe1
[  622s] [99/541] installing libffi-devel-3.3-31.oe1
[  623s] [100/541] installing libgcrypt-1.8.7-1.oe1
[  625s] [101/541] installing libglvnd-opengl-1:1.3.4-2.oe1
[  627s] [102/541] installing libpng-2:1.6.37-1.oe1
[  628s] [103/541] installing libsepol-devel-3.1-4.oe1
[  632s] [104/541] installing libthai-0.1.28-4.oe1
[  634s] [105/541] installing libtheora-1:1.1.1-24.oe1
[  637s] [106/541] installing libvorbis-1:1.3.6-5.oe1
[  638s] [107/541] installing libwayland-client-1.18.0-1.fc33
[  640s] [108/541] installing libwayland-server-1.18.0-1.fc33
[  641s] [109/541] installing libxcb-1.14-1.oe1
[  642s] [110/541] installing pixman-devel-0.38.0-1.oe1
[  644s] [111/541] installing readline-8.0-2.oe1
[  645s] [112/541] installing zlib-devel-1.2.11-18.oe1
[  647s] [113/541] installing fuse-2.9.9-6.oe1
[  649s] [114/541] installing gc-8.0.4-2.oe1
[  651s] [115/541] installing libSM-1.2.3-2.oe1
[  652s] [116/541] installing libdatrie-devel-0.2.12-1.oe1
[  653s] [117/541] installing libdb-5.3.28-35.oe1
[  660s] [118/541] installing libicu-62.1-5.oe1
[  675s] [119/541] installing libselinux-3.1-3.oe1
[  677s] [120/541] installing libxml2-2.9.12-5.oe1
[  680s] [121/541] installing bash-5.1-1.oe1
[  684s] [122/541] installing perl-libs-4:5.28.0-435.oe1
[  692s] [123/541] installing woff2-1.0.2-6.oe1
[  693s] [124/541] installing zstd-1.4.8-2.oe1
[  699s] [125/541] installing hunspell-1.7.0-9.oe1
[  701s] [126/541] installing mozjs52-52.9.0-1.0.riscv64
[  711s] [127/541] installing ncurses-6.1-14.oe1
[  725s] [128/541] installing ninja-build-1.8.2-9.oe1
[  726s] [129/541] installing thin-provisioning-tools-0.8.5-1.oe1
[  729s] [130/541] installing libtiff-4.2.0-1.oe1
[  732s] [131/541] installing hunspell-en-2020.12.07-1.oe1
[  734s] [132/541] installing perl-parent-1:0.237-4.oe1
[  735s] [133/541] installing perl-perlfaq-5.20180915-5.oe1
[  737s] [134/541] installing libX11-1.6.9-2.oe1
[  741s] [135/541] installing libtiff-devel-4.2.0-1.oe1
[  743s] [136/541] installing mesa-libglapi-21.3.1-1.oe1
[  745s] [137/541] installing mpfr-4.1.0-2.oe1
[  747s] [138/541] installing nettle-3.6-6.oe1
[  751s] [139/541] installing pcre2-10.36-1.oe1
[  753s] [140/541] installing perl-Exporter-5.74-1.oe1
[  755s] [141/541] installing file-5.39-6.oe1
[  756s] [142/541] installing gdbm-1:1.18.1-1.oe1
[  758s] [143/541] installing libXau-devel-1.0.9-2.oe1
[  759s] [144/541] installing libthai-devel-0.1.28-4.oe1
[  761s] [145/541] installing libwayland-cursor-1.18.0-1.fc33
[  762s] [146/541] installing libxkbcommon-1.0.3-1.oe1
[  763s] [147/541] installing patch-2.7.6-12.oe1
[  765s] [148/541] installing qrencode-4.1.1-1
[  767s] [149/541] installing sed-4.8-2.oe1
[  769s] [150/541] installing acl-2.2.53-7.oe1
[  770s] [151/541] installing libcomps-0.1.15-1.oe1
[  772s] [152/541] installing pcre-8.44-1.oe1
[  774s] [153/541] installing glibc-common-2.34-74.oe1
[  792s] [154/541] installing mesa-libgbm-21.3.1-1.oe1
[  794s] [155/541] installing coreutils-8.31-4.oe1
[  805s] [156/541] installing adwaita-icon-theme-3.38.0-1.oe1
[  856s] [157/541] installing alsa-lib-1.2.4-1.oe1
[  861s] [158/541] installing crontabs-1.11-21.oe1
[  862s] [159/541] installing hicolor-icon-theme-0.17-4.oe1
[  866s] [160/541] installing libXcomposite-0.4.5-1.oe1
[  868s] [161/541] installing libXext-1.3.4-2.oe1
[  870s] [162/541] installing libXfixes-5.0.3-11.oe1
[  873s] [163/541] installing libXpm-3.5.12-11.oe1
[  875s] [164/541] installing libXrender-0.9.10-10.oe1
[  878s] [165/541] installing perl-Carp-1.50-418.oe1
[  880s] [166/541] installing perl-Perl-OSType-1.010-421.oe1
[  883s] [167/541] installing perl-Term-ANSIColor-4.06-511.oe1
[  884s] [168/541] installing publicsuffix-list-20200718-1.oe1
[  886s] [169/541] installing uname-build-checks-1.0-0.4.oe1
[  888s] [170/541] installing bzip2-1.0.8-3.oe1
[  890s] [171/541] installing gzip-1.10-1.oe1
[  892s] [172/541] installing hostname-3.21-2.oe1
[  894s] [173/541] installing libcap-2.32-2.oe1
[  897s] [174/541] installing libmpc-1.2.0-2.oe1
[  899s] [175/541] installing libseccomp-2.4.3-2.oe1
[  902s] [176/541] installing libxcb-devel-1.14-1.oe1
[  906s] [177/541] installing npth-1.5-7.oe1
[  908s] [178/541] installing orc-0.4.32-1.oe1
[  911s] [179/541] installing popt-1.18-1.oe1
[  914s] [180/541] installing sgml-common-0.6.3-51.oe1
[  916s] [181/541] installing grep-3.6-1.oe1
[  920s] [182/541] installing libXt-1.2.0-0.oe1
[  927s] [183/541] installing libblkid-2.36.1-3.oe1
[  930s] [184/541] installing libidn2-2.3.0-1.oe1
[  933s] [185/541] installing libksba-1.3.5-12.oe1
[  936s] [186/541] installing libwpe-1.6.0-1.oe1
[  938s] [187/541] installing pcre-devel-8.44-1.oe1
[  943s] [188/541] installing pcre2-devel-10.36-1.oe1
[  951s] [189/541] installing tar-2:1.32-3.oe1
[  955s] [190/541] installing tcl-1:8.6.10-3.oe1
[  961s] [191/541] installing elfutils-0.185-5.oe1
[  967s] /usr/lib/systemd/systemd-sysctl: error while loading shared libraries: libkmod.so.2: cannot open shared object file: No such file or directory
[  967s] [192/541] installing graphite2-1.3.13-2.oe1
[  971s] [193/541] installing info-6.7-2.oe1
[  973s] [194/541] installing jsoncpp-1.9.4-1.oe1
[  976s] [195/541] installing libgpg-error-devel-1.41-1.oe1
[  978s] [196/541] installing libmodman-2.0.1-19.oe1
[  982s] [197/541] installing lua-5.3.5-6.oe1
[  987s] [198/541] installing slang-2.3.2-8.oe1
[  992s] [199/541] installing gawk-5.1.0-1.oe1
[  995s] [200/541] installing glibc-devel-2.34-74.oe1
[ 1012s] [201/541] installing libxslt-1.1.32-7.oe1
[ 1016s] [202/541] installing libicu-devel-62.1-5.oe1
[ 1023s] [203/541] installing libpng-devel-2:1.6.37-1.oe1
[ 1026s] [204/541] installing wayland-devel-1.18.0-1.fc33
[ 1028s] [205/541] installing guile-5:2.0.14-15.oe1
[ 1042s] [206/541] installing mesa-libEGL-21.3.1-1.oe1
[ 1044s] [207/541] installing iso-codes-4.5.0-1.oe1
[ 1058s] [208/541] installing bzip2-devel-1.0.8-3.oe1
[ 1060s] [209/541] installing graphite2-devel-1.3.13-2.oe1
[ 1062s] [210/541] installing zip-3.0-29.oe1
[ 1065s] [211/541] installing bubblewrap-0.4.1-1.oe1
[ 1070s] [212/541] installing libXdamage-1.1.5-1.oe1
[ 1074s] [213/541] installing libXi-1.7.10-1.oe1
[ 1076s] [214/541] installing libXinerama-1.1.4-5.oe1
[ 1078s] [215/541] installing libXv-1.0.11-11.oe1
[ 1080s] [216/541] installing libXxf86vm-1.1.4-13.oe1
[ 1082s] [217/541] installing libfdisk-2.36.1-3.oe1
[ 1085s] [218/541] installing libglvnd-egl-1:1.3.4-2.oe1
[ 1087s] [219/541] installing libglvnd-gles-1:1.3.4-2.oe1
[ 1090s] [220/541] installing libxcrypt-devel-4.4.8-4.oe1
[ 1092s] [221/541] installing newt-0.52.21-4.oe1
[ 1096s] [222/541] installing perl-Text-ParseWords-3.30-419.oe1
[ 1097s] [223/541] installing crypto-policies-20180925-3.git71ca85f.oe1
[ 1107s] [224/541] installing libX11-devel-1.6.9-2.oe1
[ 1112s] [225/541] installing libXcursor-1.2.0-1.oe1
[ 1114s] [226/541] installing libXmu-1.1.3-1.oe1
[ 1117s] [227/541] installing libXrandr-1.5.2-1.oe1
[ 1119s] [228/541] installing libmount-2.36.1-3.oe1
[ 1122s] [229/541] installing libselinux-devel-3.1-3.oe1
[ 1125s] [230/541] installing lua-posix-33.3.1-12.oe1
[ 1128s] [231/541] installing unzip-6.0-47.oe1
[ 1130s] [232/541] installing cracklib-2.9.7-6.oe1
[ 1138s] [233/541] installing docbook-dtds-1.0-78.oe1
[ 1168s] [234/541] installing e2fsprogs-1.45.6-3.oe1
[ 1173s] [235/541] installing findutils-2:4.7.0-7.oe1
[ 1177s] [236/541] installing libsemanage-3.1-4.oe1
[ 1182s] [237/541] installing make-1:4.2.1-15.oe1
[ 1185s] [238/541] installing sqlite-3.24.0-9.oe1
[ 1189s] [239/541] installing xz-5.2.5-1.oe1
[ 1192s] [240/541] installing logrotate-3.15.1-2.oe1
[ 1194s] [241/541] installing opensp-1.5.2-31.oe1
[ 1199s] [242/541] installing perl-Scalar-List-Utils-3:1.52-2.oe1
[ 1202s] [243/541] installing perl-Time-HiRes-1.9760-2.oe1
[ 1205s] [244/541] installing perl-Unicode-Normalize-1.26-419.oe1
[ 1207s] [245/541] installing freetype-2.10.2-3.oe1
[ 1210s] [246/541] installing libgcrypt-devel-1.8.7-1.oe1
[ 1212s] [247/541] installing cpp-10.3.1-10.oe1
[ 1224s] [248/541] installing gnupg2-2.2.27-2.oe1
[ 1231s] [249/541] installing systemd-libs-243-22.oe1
[ 1234s] [250/541] installing dbus-libs-1:1.12.20-3.oe1
[ 1237s] [251/541] installing libusbx-1.0.23-3.oe1
[ 1241s] [252/541] installing sqlite-devel-3.24.0-9.oe1
[ 1243s] [253/541] installing xz-devel-5.2.5-1.oe1
[ 1245s] [254/541] installing p11-kit-0.23.22-1.oe1
[ 1249s] [255/541] installing procps-ng-3.3.16-15.oe1
[ 1252s] [256/541] installing copy-jdk-configs-4.0-1.oe1
[ 1255s] [257/541] installing gpgme-1.15.1-1.oe1
[ 1258s] [258/541] installing libXext-devel-1.3.4-2.oe1
[ 1260s] [259/541] installing libXfixes-devel-5.0.3-11.oe1
[ 1262s] [260/541] installing libXrender-devel-0.9.10-10.oe1
[ 1264s] [261/541] installing libXtst-1.2.3-10.oe1
[ 1267s] [262/541] installing openssl-libs-1:1.1.1f-2.oe1
[ 1271s] [263/541] installing chkconfig-1.14-2.oe1
[ 1274s] [264/541] installing docbook-style-xsl-1.79.2-9.oe1
[ 1291s] [265/541] installing libXaw-1.0.13-13.oe1
[ 1294s] [266/541] installing freetype-devel-2.10.2-3.oe1
[ 1296s] [267/541] installing openjade-1.3.2-60.oe1
[ 1303s] [268/541] installing fontconfig-2.13.92-1.oe1
[ 1310s] [269/541] installing glib2-2.66.8-1.oe1
[ 1318s] [270/541] installing mesa-libGL-21.3.1-1.oe1
[ 1320s] [271/541] installing gsettings-desktop-schemas-3.38.0-1.oe1
[ 1328s] [272/541] installing ModemManager-glib-1.8.0-7.oe1
[ 1331s] [273/541] installing atk-2.36.0-1.oe1
[ 1334s] [274/541] installing dbus-tools-1:1.12.20-3.oe1
[ 1335s] [275/541] installing ima-evm-utils-libs-1.2.1-8.oe1
[ 1338s] [276/541] installing json-glib-1.6.2-1.oe1
[ 1341s] [277/541] installing libevent-2.1.12-4
[ 1344s] [278/541] installing desktop-file-utils-0.26-2.oe1
[ 1346s] [279/541] installing libcroco-0.6.12-13.oe1
[ 1348s] [280/541] installing libgusb-0.3.0-5.oe1
[ 1351s] [281/541] installing fipscheck-1.5.0-7.oe1
[ 1353s] [282/541] installing gamin-0.1.10-38.oe1
[ 1356s] [283/541] installing gstreamer1-1.16.2-3.oe1
[ 1362s] [284/541] installing kmod-libs-27-4.oe1
[ 1365s] [285/541] installing libsecret-0.18.6-5.oe1
[ 1368s] [286/541] installing obs-env-1.0-5.oe1
[ 1376s] [287/541] installing polkit-libs-0.116-4.oe1
[ 1379s] [288/541] installing dbus-devel-1:1.12.20-3.oe1
[ 1382s] [289/541] installing enchant2-2.2.15-2.oe1
[ 1385s] [290/541] installing gobject-introspection-1.66.1-1.oe1
[ 1390s] [291/541] installing kmod-27-4.oe1
[ 1393s] [292/541] installing libXcomposite-devel-0.4.5-1.oe1
[ 1396s] [293/541] installing libXdamage-devel-1.1.5-1.oe1
[ 1398s] [294/541] installing libXft-2.3.3-1.oe1
[ 1400s] [295/541] installing libXinerama-devel-1.1.4-5.oe1
[ 1402s] [296/541] installing libglvnd-glx-1:1.3.4-2.oe1
[ 1404s] [297/541] installing shared-mime-info-1.10-4.oe1
[ 1426s] [298/541] installing binutils-2.37-6.oe1
[ 1438s] [299/541] installing libXcursor-devel-1.2.0-1.oe1
[ 1440s] [300/541] installing libXi-devel-1.7.10-1.oe1
[ 1443s] [301/541] installing libXrandr-devel-1.5.2-1.oe1
[ 1445s] [302/541] installing babeltrace-1.5.8-1.oe1
[ 1448s] [303/541] installing harfbuzz-2.7.4-1.oe1
[ 1451s] [304/541] installing libxml2-devel-2.9.12-5.oe1
[ 1463s] [305/541] installing p11-kit-trust-0.23.22-1.oe1
[ 1466s] [306/541] installing webkit2gtk3-jsc-2.32.1-2.oe1
[ 1475s] [307/541] installing libarchive-3.5.1-1.oe1
[ 1478s] [308/541] installing nodejs-libs-1:16.10.0-1.oe1
[ 1525s] [309/541] installing wpebackend-fdo-1.6.1-1.oe1
[ 1530s] [310/541] installing cairo-1.16.0-6.fc32
[ 1532s] [311/541] installing gsettings-desktop-schemas-devel-3.38.0-1.oe1
[ 1534s] [312/541] installing avahi-libs-0.8-6.oe1
[ 1536s] [313/541] installing libxkbcommon-devel-1.0.3-1.oe1
[ 1538s] [314/541] installing libverto-0.3.1-2.oe1
[ 1541s] [315/541] installing colord-libs-1.4.3-6.oe1
[ 1543s] [316/541] installing pciutils-3.7.0-1.oe1
[ 1546s] [317/541] installing ca-certificates-2020.2.46-2.oe1
[ 1559s] [318/541] installing libXtst-devel-1.2.3-10.oe1
[ 1561s] [319/541] installing gdk-pixbuf2-2.42.6-1.oe1
[ 1567s] [320/541] installing libglvnd-devel-1:1.3.4-2.oe1
[ 1570s] [321/541] installing gettext-0.20.1-2.oe1
[ 1575s] [322/541] installing pango-1.47.0-1.oe1
[ 1578s] [323/541] installing cairo-gobject-1.16.0-6.fc32
[ 1580s] [324/541] installing gcc-10.3.1-10.oe1
[ 1609s] [325/541] installing rpm-libs-4.15.1-25.oe1
[ 1612s] [326/541] installing python-pip-wheel-19.2.3-2.fc32
[ 1614s] [327/541] installing avahi-glib-0.8-6.oe1
[ 1619s] [328/541] installing libepoxy-devel-1.5.3-2
[ 1621s] [329/541] installing libnotify-0.7.9-1.oe1
[ 1625s] [330/541] installing gdk-pixbuf2-modules-2.42.6-1.oe1
[ 1627s] [331/541] installing fontconfig-devel-2.13.92-1.oe1
[ 1629s] [332/541] installing kernel-tools-5.10-3.oe1
[ 1638s] [333/541] installing libmodulemd-2.13.0-1.oe1
[ 1641s] [334/541] installing gcc-c++-10.3.1-10.oe1
[ 1652s] [335/541] installing krb5-libs-1.18.2-3.oe1
[ 1657s] [336/541] installing gstreamer1-plugins-base-1.16.2-2.oe1
[ 1662s] [337/541] installing libtirpc-1.3.1-1.oe1
[ 1666s] [338/541] installing cyrus-sasl-lib-2.1.27-10.oe1
[ 1668s] [339/541] installing libssh-0.9.5-1.oe1
[ 1672s] [340/541] installing libXft-devel-2.3.3-1.oe1
[ 1674s] [341/541] installing sysprof-cli-3.38.1-2.oe1
[ 1677s] [342/541] installing elinks-0.12-1.oe1
[ 1681s] [343/541] installing openldap-2.4.46-15.oe1
[ 1684s] [344/541] installing libnsl2-1.3.0-2.oe1
[ 1686s] [345/541] installing python3-3.8.5-13.oe1
[ 1727s] [346/541] installing python3-parameterized-0.6.1-9.fc32
[ 1729s] [347/541] installing python3-pyparsing-2.4.5-1.fc32
[ 1732s] [348/541] installing python3-setuptools-59.4.0-3.oe1
[ 1738s] [349/541] installing python3-setuptools_scm-3.3.3-6.fc32
[ 1741s] [350/541] installing python3-six-1.16.0-2.oe1
[ 1744s] [351/541] installing python3-markupsafe-1.1.1-4.fc32
[ 1748s] [352/541] installing python3-gpgme-1.15.1-1.oe1
[ 1753s] [353/541] installing python3-lxml-4.4.1-3.fc32
[ 1757s] [354/541] installing python3-libcomps-0.1.15-1.oe1
[ 1759s] [355/541] installing python3-libxml2-2.9.12-5.oe1
[ 1761s] [356/541] installing libpsl-0.21.1-1.oe1
[ 1764s] [357/541] installing gdb-headless-9.2-5.oe1
[ 1772s] [358/541] installing itstool-2.0.6-1.oe1
[ 1775s] [359/541] installing python3-anytree-2.7.2-2.fc32
[ 1778s] [360/541] installing python3-pygments-2.4.2-6.fc32
[ 1787s] [361/541] installing systemtap-sdt-devel-4.1-3.oe1
[ 1789s] [362/541] installing gdb-9.2-5.oe1
[ 1791s] [363/541] installing libpsl-devel-0.21.1-1.oe1
[ 1794s] [364/541] installing meson-0.59.4-1.oe1
[ 1803s] [365/541] installing python3-mako-1.1.0-4.fc32
[ 1806s] [366/541] installing python3-pip-19.2.3-2.fc32
[ 1817s] [367/541] installing libcurl-7.79.1-1.oe1
[ 1820s] [368/541] installing curl-7.79.1-1.oe1
[ 1822s] [369/541] installing librepo-1.14.2-2.oe1
[ 1825s] [370/541] installing rpm-4.15.1-25.oe1
[ 1830s] [371/541] installing efi-srpm-macros-4-3.oe1
[ 1840s] [372/541] installing cmake-rpm-macros-3.22.0-1.oe1
[ 1846s] [373/541] installing libsolv-0.7.20-1.oe1
[ 1850s] [374/541] installing python3-rpm-4.15.1-25.oe1
[ 1853s] [375/541] installing openEuler-rpm-config-30-22.oe1
[ 1855s] [376/541] installing cmake-3.22.0-1.oe1
[ 1870s] [377/541] installing libdnf-0.65.0-2.oe1
[ 1874s] [378/541] installing cmake-data-3.22.0-1.oe1
[ 1900s] [379/541] installing python3-libdnf-0.65.0-2.oe1
[ 1904s] [380/541] installing perl-4:5.28.0-435.oe1
[ 1914s] [381/541] installing perl-B-Debug-1.26-4.oe1
[ 1915s] [382/541] installing perl-Env-1.04-397.oe1
[ 1917s] [383/541] installing perl-Devel-PPPort-3.42-4.oe1
[ 1919s] [384/541] installing perl-Pod-Escapes-1:1.07-419.oe1
[ 1920s] [385/541] installing perl-Text-Tabs+Wrap-2013.0523-419.oe1
[ 1922s] [386/541] installing perl-Algorithm-Diff-1.1903-14.oe1
[ 1924s] [387/541] installing perl-Params-Check-1:0.38-418.oe1
[ 1926s] [388/541] installing perl-Term-Cap-1.17-510.oe1
[ 1928s] [389/541] installing perl-TermReadKey-2.38-2.oe1
[ 1933s] [390/541] installing perl-Text-Balanced-2.03-420.oe1
[ 1934s] [391/541] installing perl-threads-1:2.22-419.oe1
[ 1937s] [392/541] installing openssl-1:1.1.1f-2.oe1
[ 1940s] [393/541] installing perl-Config-Perl-V-0.30-5.oe1
[ 1942s] [394/541] installing perl-Error-1:0.17029-1.oe1
[ 1944s] [395/541] installing perl-Filter-2:1.59-2.oe1
[ 1946s] [396/541] installing perl-IPC-SysV-2.07-5.oe1
[ 1949s] [397/541] installing perl-Locale-Maketext-1:1.28-1.oe1
[ 1950s] [398/541] installing perl-SGMLSpm-1.03ii-45.oe1
[ 1952s] [399/541] installing perl-constant-1.33-421.oe1
[ 1956s] [400/541] installing docbook-style-dsssl-1.79-27.oe1
[ 1966s] [401/541] installing perl-MIME-Base64-3.15-418.oe1
[ 1969s] [402/541] installing perl-CPAN-Meta-YAML-0.018-420.oe1
[ 1970s] [403/541] installing perl-Socket-4:2.029-2.oe1
[ 1973s] [404/541] installing perl-Storable-1:3.15-2.oe1
[ 1976s] [405/541] installing python3-hawkey-0.65.0-2.oe1
[ 1978s] [406/541] installing perl-PerlIO-via-QuotedPrint-0.08-397.oe1
[ 1979s] [407/541] installing perl-Digest-1.17-419.oe1
[ 1982s] [408/541] installing perl-Filter-Simple-1:0.94-1.oe1
[ 1983s] [409/541] installing perl-IO-Socket-IP-0.39-420.oe1
[ 1984s] [410/541] installing perl-Text-Diff-1.45-7.oe1
[ 1986s] [411/541] installing perl-Time-Local-2:1.280-6.oe1
[ 1987s] [412/541] installing perl-version-8:0.99.24-3.oe1
[ 1991s] [413/541] installing perl-IPC-System-Simple-1.25-19.oe1
[ 1996s] [414/541] installing perl-threads-shared-1.59-2.oe1
[ 1998s] [415/541] installing perl-Compress-Raw-Bzip2-2.100-1.oe1
[ 2001s] [416/541] installing perl-Compress-Raw-Zlib-1:2.100-1.oe1
[ 2003s] [417/541] installing perl-Locale-Codes-3.58-2.oe1
[ 2009s] [418/541] installing perl-Math-BigInt-1:1.9998.13-5.oe1
[ 2012s] [419/541] installing perl-PathTools-3.75-4.oe1
[ 2014s] [420/541] installing python3-dnf-4.10.0-1.oe1
[ 2019s] [421/541] installing perl-Data-Dumper-2.172-3.oe1
[ 2021s] [422/541] installing perl-Sys-Syslog-0.35-420.oe1
[ 2024s] [423/541] installing perl-Encode-4:2.98-9.oe1
[ 2033s] [424/541] installing autogen-5.18.16-1.oe1
[ 2040s] [425/541] installing nodejs-1:16.10.0-1.oe1
[ 2043s] [426/541] installing systemd-243-22.oe1
[ 2065s] /var/tmp/rpm-tmp.vbBguA: line 8: groupadd: command not found
[ 2065s] /var/tmp/rpm-tmp.vbBguA: line 10: groupadd: command not found
[ 2065s] /var/tmp/rpm-tmp.vbBguA: line 13: groupadd: command not found
[ 2065s] /var/tmp/rpm-tmp.vbBguA: line 16: groupadd: command not found
[ 2065s] [427/541] installing dbus-common-1:1.12.20-3.oe1
[ 2068s] [428/541] installing nodejs-source-map-0.5.6-1.oe1
[ 2070s] [429/541] installing perl-Module-Load-1:0.32-418.oe1
[ 2072s] [430/541] installing nodejs-packaging-20-1.oe1
[ 2074s] [431/541] installing dnf-4.10.0-1.oe1
[ 2077s] Failed to preset unit, unit dnf-automatic.timer does not exist.
[ 2077s] Failed to preset unit, unit dnf-automatic-notifyonly.timer does not exist.
[ 2077s] Failed to preset unit, unit dnf-automatic-download.timer does not exist.
[ 2077s] Failed to preset unit, unit dnf-automatic-install.timer does not exist.
[ 2077s] [432/541] installing perl-File-Which-1.23-1.oe1
[ 2080s] [433/541] installing perl-Thread-Queue-3.13-3.oe1
[ 2082s] [434/541] installing perl-experimental-0.020-2.oe1
[ 2084s] [435/541] installing perl-Digest-MD5-2.55-419.oe1
[ 2086s] [436/541] installing perl-File-Path-2.16-4.oe1
[ 2087s] [437/541] installing perl-Math-BigInt-FastCalc-0.500.700-4.oe1
[ 2092s] [438/541] installing perl-Module-Metadata-1.000036-3.oe1
[ 2094s] [439/541] installing perl-CPAN-Meta-Requirements-2.140-419.oe1
[ 2097s] [440/541] installing perl-Encode-devel-4:2.98-9.oe1
[ 2099s] [441/541] installing perl-HTTP-Tiny-0.076-3.oe1
[ 2102s] [442/541] installing perl-Math-BigRat-0.2614-2.oe1
[ 2104s] [443/541] installing audit-1:3.0-2.oe1
[ 2109s] [444/541] installing perl-DB_File-1.842-2.oe1
[ 2111s] [445/541] installing perl-autodie-2.29-398.oe1
[ 2117s] [446/541] installing perl-Unicode-Collate-1.25-4.oe1
[ 2121s] [447/541] installing perl-IO-Compress-2.081-6.oe1
[ 2123s] [448/541] installing perl-podlators-1:4.14-1.oe1
[ 2126s] [449/541] installing perl-ExtUtils-Command-1:7.60-1.oe1
[ 2128s] [450/541] installing perl-ExtUtils-Manifest-1:1.71-4.oe1
[ 2131s] [451/541] installing perl-bignum-0.50-4.oe1
[ 2133s] [452/541] installing perl-File-Temp-1:0.230.800-4.oe1
[ 2135s] [453/541] installing perl-libnet-3.11-420.oe1
[ 2137s] [454/541] installing pam-1.5.1-1.oe1
[ 2143s] [455/541] installing libpwquality-1.4.4-1.oe1
[ 2146s] [456/541] installing perl-File-HomeDir-1.004-4.oe1
[ 2148s] [457/541] installing shadow-2:4.8.1-5.oe1
[ 2152s] [458/541] installing perl-Test-Simple-2:1.302175-2.oe1
[ 2155s] [459/541] installing libutempter-1.1.6-16.oe1
[ 2160s] [460/541] installing unbound-libs-1.10.1-4.oe1
[ 2164s] [461/541] installing dbus-daemon-1:1.12.20-3.oe1
[ 2172s] [462/541] installing openssh-server-8.2p1-10.oe1
[ 2178s] Created symlink /etc/systemd/system/multi-user.target.wants/sshd.service -> /usr/lib/systemd/system/sshd.service.
[ 2178s] [463/541] installing groff-1.22.4-4.oe1
[ 2187s] [464/541] installing dbus-1:1.12.20-3.oe1
[ 2189s] [465/541] installing man-db-2.9.3-2.oe1
[ 2197s] [466/541] installing perl-Pod-Perldoc-1:3.28-3.oe1
[ 2198s] [467/541] installing gnutls-3.6.15-3.oe1
[ 2202s] [468/541] installing util-linux-2.36.1-3.oe1
[ 2211s] [469/541] installing nss-help-3.72.0-2.oe1
[ 2214s] [470/541] installing polkit-help-0.116-4.oe1
[ 2218s] [471/541] installing util-linux-devel-2.36.1-3.oe1
[ 2222s] [472/541] installing xdg-dbus-proxy-0.1.2-1.oe1
[ 2224s] [473/541] installing NetworkManager-libnm-1:1.26.0-5
[ 2231s] [474/541] installing at-spi2-core-2.39.1-1.oe1
[ 2235s] [475/541] installing cups-libs-1:2.3.3-6.oe1
[ 2239s] [476/541] installing perl-Pod-Usage-4:1.69-418.oe1
[ 2241s] [477/541] installing device-mapper-8:1.02.172-1.oe1
[ 2244s] [478/541] installing openssh-8.2p1-10.oe1
[ 2248s] [479/541] installing at-spi2-atk-2.38.0-1.oe1
[ 2251s] [480/541] installing libproxy-0.4.15-13.oe1
[ 2255s] [481/541] installing perl-Getopt-Long-1:2.52-1.oe1
[ 2257s] [482/541] installing cryptsetup-2.3.3-3.oe1
[ 2261s] [483/541] installing device-mapper-event-8:1.02.172-1.oe1
[ 2265s] Created symlink /etc/systemd/system/sockets.target.wants/dm-event.socket -> /usr/lib/systemd/system/dm-event.socket.
[ 2265s] [484/541] installing nss-3.72.0-2.oe1
[ 2277s] [485/541] installing glib2-devel-2.66.8-1.oe1
[ 2306s] [486/541] installing openssh-clients-8.2p1-10.oe1
[ 2309s] [487/541] installing atk-devel-2.36.0-1.oe1
[ 2312s] [488/541] installing polkit-devel-0.116-4.oe1
[ 2315s] [489/541] installing nss-util-3.72.0-2.oe1
[ 2319s] [490/541] installing perl-ExtUtils-ParseXS-2:3.35-1.oe1
[ 2321s] [491/541] installing glib-networking-2.58.0-7.oe1
[ 2329s] [492/541] installing perl-Module-CoreList-1:5.20180920-2.oe1
[ 2332s] [493/541] installing at-spi2-core-devel-2.39.1-1.oe1
[ 2334s] [494/541] installing perl-Digest-SHA-1:6.02-7.oe1
[ 2337s] [495/541] installing perl-Pod-Parser-1.63-397.oe1
[ 2342s] [496/541] installing gdk-pixbuf2-devel-2.42.6-1.oe1
[ 2347s] [497/541] installing perl-Pod-Simple-1:3.35-418.oe1
[ 2349s] [498/541] installing perl-Test-Harness-1:3.43_02-1.oe1
[ 2351s] [499/541] installing webkit2gtk3-jsc-devel-2.32.1-2.oe1
[ 2353s] [500/541] installing cairo-devel-1.16.0-6.fc32
[ 2357s] [501/541] installing docbook-utils-0.6.14-47.oe1
[ 2360s] [502/541] installing harfbuzz-devel-2.7.4-1.oe1
[ 2363s] [503/541] installing perl-Archive-Tar-2.30-421.oe1
[ 2364s] [504/541] installing perl-JSON-PP-1:4.04-2.oe1
[ 2368s] [505/541] installing lvm2-8:2.03.11-1.oe1
[ 2379s] Created symlink /etc/systemd/system/sysinit.target.wants/lvm2-lvmpolld.socket -> /usr/lib/systemd/system/lvm2-lvmpolld.socket.
[ 2379s] [506/541] installing autoconf-2.69-30.oe1
[ 2384s] [507/541] installing git-2.23.0-12.oe1
[ 2402s] [508/541] installing gtk3-3.24.30-2.oe1
[ 2414s] [509/541] installing cairo-gobject-devel-1.16.0-6.fc32
[ 2416s] [510/541] installing nss-softokn-3.72.0-2.oe1
[ 2420s] [511/541] installing at-spi2-atk-devel-2.38.0-1.oe1
[ 2423s] [512/541] installing libdazzle-3.38.0-1.oe1
[ 2428s] [513/541] installing perl-Pod-Checker-4:1.73-398.oe1
[ 2429s] [514/541] installing amtk-5.0.0-3.oe1
[ 2436s] [515/541] installing libsoup-2.72.0-2.oe1
[ 2441s] [516/541] installing perl-Git-2.23.0-12.oe1
[ 2443s] [517/541] installing gtk-doc-1.33.2-1.oe1
[ 2449s] [518/541] installing perl-CPAN-Meta-2.150010-419.oe1
[ 2455s] [519/541] installing perl-Module-Load-Conditional-0.68-418.oe1
[ 2461s] [520/541] installing automake-1.16.1-6.oe1
[ 2465s] [521/541] installing pango-devel-1.47.0-1.oe1
[ 2470s] [522/541] installing perl-ExtUtils-MakeMaker-1:7.60-1.oe1
[ 2472s] [523/541] installing libsysprof-ui-3.38.1-2.oe1
[ 2475s] [524/541] installing libtool-2.4.6-34.oe1
[ 2478s] [525/541] installing perl-ExtUtils-Install-2.14-419.oe1
[ 2480s] [526/541] installing perl-IPC-Cmd-2:1.04-4.oe1
[ 2481s] [527/541] installing geoclue2-2.5.7-1.oe1
[ 2489s] [528/541] installing libappstream-glib-0.7.14-4.oe1
[ 2493s] [529/541] installing rpm-build-4.15.1-25.oe1
[ 2496s] [530/541] installing gtk3-devel-3.24.30-2.oe1
[ 2523s] [531/541] installing libdazzle-devel-3.38.0-1.oe1
[ 2529s] [532/541] installing gcc_secure-1.0-0.9.oe1
[ 2531s] [533/541] installing sysprof-3.38.1-2.oe1
[ 2555s] [534/541] installing gobject-introspection-devel-1.66.1-1.oe1
[ 2563s] [535/541] installing perl-File-Fetch-0.56-4.oe1
[ 2565s] [536/541] installing amtk-devel-5.0.0-3.oe1
[ 2567s] [537/541] installing perl-devel-4:5.28.0-435.oe1
[ 2585s] [538/541] installing webkit2gtk3-2.32.1-2.oe1
[ 2614s] [539/541] installing sysprof-devel-3.38.1-2.oe1
[ 2617s] [540/541] installing libsoup-devel-2.72.0-2.oe1
[ 2621s] [541/541] installing webkit2gtk3-devel-2.32.1-2.oe1
[ 2626s] removing nis flags from /var/cache/obs/worker/root_3/etc/nsswitch.conf...
[ 2626s] now finalizing build dir...
[ 2639s] Running build time source services...
[ 2657s] -----------------------------------------------------------------
[ 2657s] ----- building devhelp.spec (user abuild)
[ 2657s] -----------------------------------------------------------------
[ 2657s] -----------------------------------------------------------------
[ 2666s] + exec rpmbuild -ba --define '_srcdefattr (-,root,root)' --nosignature --define 'disturl obs://private/openEuler:Mainline:RISC-V/advanced_riscv64/871e46cb638c8ba5f31f9a2ad604b07e-devhelp' /home/abuild/rpmbuild/SOURCES/devhelp.spec
[ 2667s] Executing(%prep): /bin/sh -e /var/tmp/rpm-tmp.ZkGTGG
[ 2668s] + umask 022
[ 2668s] + cd /home/abuild/rpmbuild/BUILD
[ 2668s] + cd /home/abuild/rpmbuild/BUILD
[ 2668s] + rm -rf devhelp-3.38.1
[ 2668s] + /usr/bin/xz -dc /home/abuild/rpmbuild/SOURCES/devhelp-3.38.1.tar.xz
[ 2668s] + /usr/bin/tar -xof -
[ 2668s] + STATUS=0
[ 2668s] + '[' 0 -ne 0 ']'
[ 2668s] + cd devhelp-3.38.1
[ 2668s] + /usr/bin/chmod -Rf a+rX,u+w,g-w,o-w .
[ 2669s] + RPM_EC=0
[ 2669s] ++ jobs -p
[ 2669s] + exit 0
[ 2669s] Executing(%build): /bin/sh -e /var/tmp/rpm-tmp.fj9lxK
[ 2669s] + umask 022
[ 2669s] + cd /home/abuild/rpmbuild/BUILD
[ 2669s] + cd devhelp-3.38.1
[ 2669s] + CFLAGS='-O2 -g -pipe -Wall -Werror=format-security -Wp,-D_FORTIFY_SOURCE=2 -Wp,-D_GLIBCXX_ASSERTIONS -fstack-protector-strong -grecord-gcc-switches -specs=/usr/lib/rpm/generic-hardened-cc1 -fasynchronous-unwind-tables -fstack-clash-protection'
[ 2669s] + export CFLAGS
[ 2669s] + CXXFLAGS='-O2 -g -pipe -Wall -Werror=format-security -Wp,-D_FORTIFY_SOURCE=2 -Wp,-D_GLIBCXX_ASSERTIONS -fstack-protector-strong -grecord-gcc-switches -specs=/usr/lib/rpm/generic-hardened-cc1 -fasynchronous-unwind-tables -fstack-clash-protection -fexceptions'
[ 2669s] + export CXXFLAGS
[ 2669s] + FFLAGS='-O2 -g -pipe -Wall -Werror=format-security -Wp,-D_FORTIFY_SOURCE=2 -Wp,-D_GLIBCXX_ASSERTIONS -fstack-protector-strong -grecord-gcc-switches -specs=/usr/lib/rpm/generic-hardened-cc1 -fasynchronous-unwind-tables -fstack-clash-protection -fexceptions -I/usr/lib64/gfortran/modules'
[ 2669s] + export FFLAGS
[ 2669s] + FCFLAGS='-O2 -g -pipe -Wall -Werror=format-security -Wp,-D_FORTIFY_SOURCE=2 -Wp,-D_GLIBCXX_ASSERTIONS -fstack-protector-strong -grecord-gcc-switches -specs=/usr/lib/rpm/generic-hardened-cc1 -fasynchronous-unwind-tables -fstack-clash-protection -fexceptions -I/usr/lib64/gfortran/modules'
[ 2669s] + export FCFLAGS
[ 2669s] + LDFLAGS='-Wl,-z,relro   -Wl,-z,now -specs=/usr/lib/rpm/generic-hardened-ld'
[ 2669s] + export LDFLAGS
[ 2669s] + /usr/bin/meson --buildtype=plain --prefix=/usr --libdir=/usr/lib64 --libexecdir=/usr/libexec --bindir=/usr/bin --sbindir=/usr/sbin --includedir=/usr/include --datadir=/usr/share --mandir=/usr/share/man --infodir=/usr/share/info --localedir=/usr/share/locale --sysconfdir=/etc --localstatedir=/var --sharedstatedir=/var/lib --wrap-mode=nodownload --auto-features=enabled . riscv64-openEuler-linux-gnu -Dgtk_doc=true -Dplugin_gedit=true
[ 2774s] The Meson build system
[ 2774s] Version: 0.59.4
[ 2774s] Source dir: /home/abuild/rpmbuild/BUILD/devhelp-3.38.1
[ 2774s] Build dir: /home/abuild/rpmbuild/BUILD/devhelp-3.38.1/riscv64-openEuler-linux-gnu
[ 2774s] Build type: native build
[ 2774s] WARNING: Unknown options: "plugin_gedit"
[ 2774s] The value of new options can be set with:
[ 2774s] meson setup <builddir> --reconfigure -Dnew_option=new_value ...
[ 2774s] Project name: devhelp
[ 2774s] Project version: 3.38.1
[ 2774s] C compiler for the host machine: cc (gcc 10.3.1 "gcc_old (GCC) 10.3.1")
[ 2774s] C linker for the host machine: cc ld.bfd 2.37
[ 2774s] Host machine cpu family: riscv64
[ 2774s] Host machine cpu: riscv64
[ 2774s] Found pkg-config: /usr/bin/pkg-config (1.7.3)
[ 2774s] Run-time dependency gio-2.0 found: YES 2.66.8
[ 2774s] Run-time dependency gtk+-3.0 found: YES 3.24.30
[ 2774s] Run-time dependency webkit2gtk-4.0 found: YES 2.32.1
[ 2774s] Run-time dependency gsettings-desktop-schemas found: YES 3.38.0
[ 2774s] Library m found: YES
[ 2774s] Run-time dependency amtk-5 found: YES 5.0.0
[ 2774s] Configuring config.h using configuration
[ 2774s] Compiler for C supports arguments -fno-strict-aliasing: YES 
[ 2774s] Compiler for C supports arguments -Wundef: YES 
[ 2774s] Compiler for C supports arguments -Wnested-externs: YES 
[ 2774s] Compiler for C supports arguments -Wwrite-strings: YES 
[ 2774s] Compiler for C supports arguments -Wpointer-arith: YES 
[ 2774s] Compiler for C supports arguments -Wmissing-declarations: YES 
[ 2774s] Compiler for C supports arguments -Wmissing-prototypes: YES 
[ 2774s] Compiler for C supports arguments -Wstrict-prototypes: YES 
[ 2774s] Compiler for C supports arguments -Wredundant-decls: YES 
[ 2774s] Compiler for C supports arguments -Wno-unused-parameter: YES 
[ 2774s] Compiler for C supports arguments -Wno-missing-field-initializers: YES 
[ 2774s] Compiler for C supports arguments -Wdeclaration-after-statement: YES 
[ 2774s] Compiler for C supports arguments -Wformat=2: YES 
[ 2774s] Compiler for C supports arguments -Wold-style-definition: YES 
[ 2774s] Compiler for C supports arguments -Wcast-align: YES 
[ 2774s] Compiler for C supports arguments -Wformat-nonliteral: YES 
[ 2774s] Compiler for C supports arguments -Wformat-security: YES 
[ 2774s] Compiler for C supports arguments -Wsign-compare: YES 
[ 2774s] Compiler for C supports arguments -Wstrict-aliasing: YES 
[ 2774s] Compiler for C supports arguments -Wshadow: YES 
[ 2774s] Compiler for C supports arguments -Winline: YES 
[ 2774s] Compiler for C supports arguments -Wpacked: YES 
[ 2774s] Compiler for C supports arguments -Wmissing-format-attribute: YES 
[ 2774s] Compiler for C supports arguments -Wmissing-noreturn: YES 
[ 2774s] Compiler for C supports arguments -Winit-self: YES 
[ 2774s] Compiler for C supports arguments -Wredundant-decls: YES (cached)
[ 2774s] Compiler for C supports arguments -Wmissing-include-dirs: YES 
[ 2774s] Compiler for C supports arguments -Wunused-but-set-variable: YES 
[ 2774s] Compiler for C supports arguments -Warray-bounds: YES 
[ 2774s] Compiler for C supports arguments -Wimplicit-function-declaration: YES 
[ 2774s] Compiler for C supports arguments -Wreturn-type: YES 
[ 2774s] Compiler for C supports arguments -Wswitch-enum: YES 
[ 2774s] Compiler for C supports arguments -Wswitch-default: YES 
[ 2774s] Compiler for C supports arguments -Wduplicated-cond: YES 
[ 2774s] Compiler for C supports arguments -Wduplicated-branches: YES 
[ 2774s] Compiler for C supports arguments -Wlogical-op: YES 
[ 2774s] Compiler for C supports arguments -Wrestrict: YES 
[ 2774s] Compiler for C supports arguments -Wnull-dereference: YES 
[ 2774s] Compiler for C supports arguments -Wjump-misses-init: YES 
[ 2774s] Compiler for C supports arguments -Wdouble-promotion: YES 
[ 2774s] Configuring org.gnome.libdevhelp-3.gschema.xml using configuration
[ 2774s] Configuring org.gnome.Devhelp.service using configuration
[ 2774s] Program glib-mkenums found: YES (/usr/bin/glib-mkenums)
[ 2774s] Program glib-mkenums found: YES (/usr/bin/glib-mkenums)
[ 2774s] Run-time dependency gobject-introspection-1.0 found: YES 1.66.1
[ 2774s] Dependency gobject-introspection-1.0 found: YES 1.66.1 (cached)
[ 2774s] Program g-ir-scanner found: YES (/usr/bin/g-ir-scanner)
[ 2774s] Dependency gobject-introspection-1.0 found: YES 1.66.1 (cached)
[ 2774s] Program g-ir-compiler found: YES (/usr/bin/g-ir-compiler)
[ 2774s] Found pkg-config: /usr/bin/pkg-config (1.7.3)
[ 2774s] Program glib-compile-resources found: YES (/usr/bin/glib-compile-resources)
[ 2774s] Configuring gtkdocentities.ent using configuration
[ 2774s] Run-time dependency glib-2.0 found: YES 2.66.8
[ 2774s] Run-time dependency gobject-2.0 found: YES 2.66.8
[ 2774s] Dependency gio-2.0 found: YES 2.66.8 (cached)
[ 2774s] Dependency gtk+-3.0 found: YES 3.24.30 (cached)
[ 2774s] Dependency webkit2gtk-4.0 found: YES 2.32.1 (cached)
[ 2774s] Program gtkdoc-scan found: YES (/usr/bin/gtkdoc-scan)
[ 2774s] Program gtkdoc-scangobj found: YES (/usr/bin/gtkdoc-scangobj)
[ 2774s] Program gtkdoc-mkdb found: YES (/usr/bin/gtkdoc-mkdb)
[ 2774s] Program gtkdoc-mkhtml found: YES (/usr/bin/gtkdoc-mkhtml)
[ 2774s] Program gtkdoc-fixxref found: YES (/usr/bin/gtkdoc-fixxref)
[ 2774s] Program meson_post_install.py found: YES (/usr/bin/python3 /home/abuild/rpmbuild/BUILD/devhelp-3.38.1/meson_post_install.py)
[ 2774s] Build targets in project: 23
[ 2774s] 
[ 2774s] devhelp 3.38.1
[ 2774s] 
[ 2774s]     Prefix            : /usr
[ 2774s]     API documentation : True
[ 2774s]     Flatpak build mode: False
[ 2774s] 
[ 2774s] Found ninja-1.8.2 at /usr/bin/ninja
[ 2775s] + /usr/bin/meson compile -C riscv64-openEuler-linux-gnu -j 8 --verbose
[ 2783s] ninja: Entering directory `riscv64-openEuler-linux-gnu'
[ 2784s] [1/57] /usr/bin/glib-compile-resources ../src/dh.gresource.xml --sourcedir ../src --internal --generate --target src/dh-resources.c --dependency-file src/dh-resources.c.d
[ 2784s] [2/57] /usr/bin/glib-compile-resources ../src/dh.gresource.xml --sourcedir ../src --internal --generate --target src/dh-resources.h
[ 2795s] [3/57] /usr/bin/meson --internal exe --unpickle /home/abuild/rpmbuild/BUILD/devhelp-3.38.1/riscv64-openEuler-linux-gnu/meson-private/meson_exe_glib-mkenums_f7328a454f774c7fc6e135e97185191065e993be.dat
[ 2796s] [4/57] /usr/bin/meson --internal msgfmthelper ../plugins/gedit-plugin/devhelp.plugin.desktop.in plugins/gedit-plugin/devhelp.plugin desktop ../plugins/gedit-plugin/../../po/
[ 2796s] [5/57] /usr/bin/meson --internal msgfmthelper ../data/org.gnome.Devhelp.desktop.in data/org.gnome.Devhelp.desktop desktop ../data/../po/
[ 2796s] [6/57] /usr/bin/meson --internal exe --unpickle /home/abuild/rpmbuild/BUILD/devhelp-3.38.1/riscv64-openEuler-linux-gnu/meson-private/meson_exe_glib-mkenums_f6b7ef64b14ad04672b9b3d9af72689166fdd285.dat
[ 2797s] [7/57] /usr/bin/meson --internal msgfmthelper ../data/org.gnome.Devhelp.appdata.xml.in data/org.gnome.Devhelp.appdata.xml xml ../data/../po/
[ 2805s] [8/57] cc -Idevhelp/libdevhelp-static.a.p -Idevhelp -I../devhelp -I. -I.. -I/usr/include/glib-2.0 -I/usr/lib64/glib-2.0/include -I/usr/include/libmount -I/usr/include/blkid -I/usr/include/gtk-3.0 -I/usr/include/pango-1.0 -I/usr/include/harfbuzz -I/usr/include/freetype2 -I/usr/include/libpng16 -I/usr/include/fribidi -I/usr/include/libxml2 -I/usr/include/cairo -I/usr/include/pixman-1 -I/usr/include/gdk-pixbuf-2.0 -I/usr/include/gio-unix-2.0 -I/usr/include/atk-1.0 -I/usr/include/at-spi2-atk/2.0 -I/usr/include/dbus-1.0 -I/usr/lib64/dbus-1.0/include -I/usr/include/at-spi-2.0 -I/usr/include/webkitgtk-4.0 -I/usr/include/libsoup-2.4 -I/usr/include/sysprof-4 -I/usr/include/gsettings-desktop-schemas -fdiagnostics-color=always -D_FILE_OFFSET_BITS=64 -Wall -Winvalid-pch -Wextra '-DG_LOG_DOMAIN="devhelp"' -fno-strict-aliasing -Wundef -Wnested-externs -Wwrite-strings -Wpointer-arith -Wmissing-declarations -Wmissing-prototypes -Wstrict-prototypes -Wredundant-decls -Wno-unused-parameter -Wno-missing-field-initializers -Wdeclaration-after-statement -Wformat=2 -Wold-style-definition -Wcast-align -Wformat-nonliteral -Wformat-security -Wsign-compare -Wstrict-aliasing -Wshadow -Winline -Wpacked -Wmissing-format-attribute -Wmissing-noreturn -Winit-self -Wredundant-decls -Wmissing-include-dirs -Wunused-but-set-variable -Warray-bounds -Wimplicit-function-declaration -Wreturn-type -Wswitch-enum -Wswitch-default -Wduplicated-cond -Wduplicated-branches -Wlogical-op -Wrestrict -Wnull-dereference -Wjump-misses-init -Wdouble-promotion -O2 -g -pipe -Wall -Werror=format-security -Wp,-D_FORTIFY_SOURCE=2 -Wp,-D_GLIBCXX_ASSERTIONS -fstack-protector-strong -grecord-gcc-switches -specs=/usr/lib/rpm/generic-hardened-cc1 -fasynchronous-unwind-tables -fstack-clash-protection -fPIC -pthread -MD -MQ devhelp/libdevhelp-static.a.p/dh-book-manager.c.o -MF devhelp/libdevhelp-static.a.p/dh-book-manager.c.o.d -o devhelp/libdevhelp-static.a.p/dh-book-manager.c.o -c ../devhelp/dh-book-manager.c
[ 2808s] [9/57] cc -Idevhelp/libdevhelp-static.a.p -Idevhelp -I../devhelp -I. -I.. -I/usr/include/glib-2.0 -I/usr/lib64/glib-2.0/include -I/usr/include/libmount -I/usr/include/blkid -I/usr/include/gtk-3.0 -I/usr/include/pango-1.0 -I/usr/include/harfbuzz -I/usr/include/freetype2 -I/usr/include/libpng16 -I/usr/include/fribidi -I/usr/include/libxml2 -I/usr/include/cairo -I/usr/include/pixman-1 -I/usr/include/gdk-pixbuf-2.0 -I/usr/include/gio-unix-2.0 -I/usr/include/atk-1.0 -I/usr/include/at-spi2-atk/2.0 -I/usr/include/dbus-1.0 -I/usr/lib64/dbus-1.0/include -I/usr/include/at-spi-2.0 -I/usr/include/webkitgtk-4.0 -I/usr/include/libsoup-2.4 -I/usr/include/sysprof-4 -I/usr/include/gsettings-desktop-schemas -fdiagnostics-color=always -D_FILE_OFFSET_BITS=64 -Wall -Winvalid-pch -Wextra '-DG_LOG_DOMAIN="devhelp"' -fno-strict-aliasing -Wundef -Wnested-externs -Wwrite-strings -Wpointer-arith -Wmissing-declarations -Wmissing-prototypes -Wstrict-prototypes -Wredundant-decls -Wno-unused-parameter -Wno-missing-field-initializers -Wdeclaration-after-statement -Wformat=2 -Wold-style-definition -Wcast-align -Wformat-nonliteral -Wformat-security -Wsign-compare -Wstrict-aliasing -Wshadow -Winline -Wpacked -Wmissing-format-attribute -Wmissing-noreturn -Winit-self -Wredundant-decls -Wmissing-include-dirs -Wunused-but-set-variable -Warray-bounds -Wimplicit-function-declaration -Wreturn-type -Wswitch-enum -Wswitch-default -Wduplicated-cond -Wduplicated-branches -Wlogical-op -Wrestrict -Wnull-dereference -Wjump-misses-init -Wdouble-promotion -O2 -g -pipe -Wall -Werror=format-security -Wp,-D_FORTIFY_SOURCE=2 -Wp,-D_GLIBCXX_ASSERTIONS -fstack-protector-strong -grecord-gcc-switches -specs=/usr/lib/rpm/generic-hardened-cc1 -fasynchronous-unwind-tables -fstack-clash-protection -fPIC -pthread -MD -MQ devhelp/libdevhelp-static.a.p/dh-book-list.c.o -MF devhelp/libdevhelp-static.a.p/dh-book-list.c.o.d -o devhelp/libdevhelp-static.a.p/dh-book-list.c.o -c ../devhelp/dh-book-list.c
[ 2808s] [10/57] cc -Idevhelp/libdevhelp-static.a.p -Idevhelp -I../devhelp -I. -I.. -I/usr/include/glib-2.0 -I/usr/lib64/glib-2.0/include -I/usr/include/libmount -I/usr/include/blkid -I/usr/include/gtk-3.0 -I/usr/include/pango-1.0 -I/usr/include/harfbuzz -I/usr/include/freetype2 -I/usr/include/libpng16 -I/usr/include/fribidi -I/usr/include/libxml2 -I/usr/include/cairo -I/usr/include/pixman-1 -I/usr/include/gdk-pixbuf-2.0 -I/usr/include/gio-unix-2.0 -I/usr/include/atk-1.0 -I/usr/include/at-spi2-atk/2.0 -I/usr/include/dbus-1.0 -I/usr/lib64/dbus-1.0/include -I/usr/include/at-spi-2.0 -I/usr/include/webkitgtk-4.0 -I/usr/include/libsoup-2.4 -I/usr/include/sysprof-4 -I/usr/include/gsettings-desktop-schemas -fdiagnostics-color=always -D_FILE_OFFSET_BITS=64 -Wall -Winvalid-pch -Wextra '-DG_LOG_DOMAIN="devhelp"' -fno-strict-aliasing -Wundef -Wnested-externs -Wwrite-strings -Wpointer-arith -Wmissing-declarations -Wmissing-prototypes -Wstrict-prototypes -Wredundant-decls -Wno-unused-parameter -Wno-missing-field-initializers -Wdeclaration-after-statement -Wformat=2 -Wold-style-definition -Wcast-align -Wformat-nonliteral -Wformat-security -Wsign-compare -Wstrict-aliasing -Wshadow -Winline -Wpacked -Wmissing-format-attribute -Wmissing-noreturn -Winit-self -Wredundant-decls -Wmissing-include-dirs -Wunused-but-set-variable -Warray-bounds -Wimplicit-function-declaration -Wreturn-type -Wswitch-enum -Wswitch-default -Wduplicated-cond -Wduplicated-branches -Wlogical-op -Wrestrict -Wnull-dereference -Wjump-misses-init -Wdouble-promotion -O2 -g -pipe -Wall -Werror=format-security -Wp,-D_FORTIFY_SOURCE=2 -Wp,-D_GLIBCXX_ASSERTIONS -fstack-protector-strong -grecord-gcc-switches -specs=/usr/lib/rpm/generic-hardened-cc1 -fasynchronous-unwind-tables -fstack-clash-protection -fPIC -pthread -MD -MQ devhelp/libdevhelp-static.a.p/dh-book-list-builder.c.o -MF devhelp/libdevhelp-static.a.p/dh-book-list-builder.c.o.d -o devhelp/libdevhelp-static.a.p/dh-book-list-builder.c.o -c ../devhelp/dh-book-list-builder.c
[ 2816s] [11/57] cc -Idevhelp/libdevhelp-static.a.p -Idevhelp -I../devhelp -I. -I.. -I/usr/include/glib-2.0 -I/usr/lib64/glib-2.0/include -I/usr/include/libmount -I/usr/include/blkid -I/usr/include/gtk-3.0 -I/usr/include/pango-1.0 -I/usr/include/harfbuzz -I/usr/include/freetype2 -I/usr/include/libpng16 -I/usr/include/fribidi -I/usr/include/libxml2 -I/usr/include/cairo -I/usr/include/pixman-1 -I/usr/include/gdk-pixbuf-2.0 -I/usr/include/gio-unix-2.0 -I/usr/include/atk-1.0 -I/usr/include/at-spi2-atk/2.0 -I/usr/include/dbus-1.0 -I/usr/lib64/dbus-1.0/include -I/usr/include/at-spi-2.0 -I/usr/include/webkitgtk-4.0 -I/usr/include/libsoup-2.4 -I/usr/include/sysprof-4 -I/usr/include/gsettings-desktop-schemas -fdiagnostics-color=always -D_FILE_OFFSET_BITS=64 -Wall -Winvalid-pch -Wextra '-DG_LOG_DOMAIN="devhelp"' -fno-strict-aliasing -Wundef -Wnested-externs -Wwrite-strings -Wpointer-arith -Wmissing-declarations -Wmissing-prototypes -Wstrict-prototypes -Wredundant-decls -Wno-unused-parameter -Wno-missing-field-initializers -Wdeclaration-after-statement -Wformat=2 -Wold-style-definition -Wcast-align -Wformat-nonliteral -Wformat-security -Wsign-compare -Wstrict-aliasing -Wshadow -Winline -Wpacked -Wmissing-format-attribute -Wmissing-noreturn -Winit-self -Wredundant-decls -Wmissing-include-dirs -Wunused-but-set-variable -Warray-bounds -Wimplicit-function-declaration -Wreturn-type -Wswitch-enum -Wswitch-default -Wduplicated-cond -Wduplicated-branches -Wlogical-op -Wrestrict -Wnull-dereference -Wjump-misses-init -Wdouble-promotion -O2 -g -pipe -Wall -Werror=format-security -Wp,-D_FORTIFY_SOURCE=2 -Wp,-D_GLIBCXX_ASSERTIONS -fstack-protector-strong -grecord-gcc-switches -specs=/usr/lib/rpm/generic-hardened-cc1 -fasynchronous-unwind-tables -fstack-clash-protection -fPIC -pthread -MD -MQ devhelp/libdevhelp-static.a.p/dh-application-window.c.o -MF devhelp/libdevhelp-static.a.p/dh-application-window.c.o.d -o devhelp/libdevhelp-static.a.p/dh-application-window.c.o -c ../devhelp/dh-application-window.c
[ 2819s] [12/57] cc -Idevhelp/libdevhelp-static.a.p -Idevhelp -I../devhelp -I. -I.. -I/usr/include/glib-2.0 -I/usr/lib64/glib-2.0/include -I/usr/include/libmount -I/usr/include/blkid -I/usr/include/gtk-3.0 -I/usr/include/pango-1.0 -I/usr/include/harfbuzz -I/usr/include/freetype2 -I/usr/include/libpng16 -I/usr/include/fribidi -I/usr/include/libxml2 -I/usr/include/cairo -I/usr/include/pixman-1 -I/usr/include/gdk-pixbuf-2.0 -I/usr/include/gio-unix-2.0 -I/usr/include/atk-1.0 -I/usr/include/at-spi2-atk/2.0 -I/usr/include/dbus-1.0 -I/usr/lib64/dbus-1.0/include -I/usr/include/at-spi-2.0 -I/usr/include/webkitgtk-4.0 -I/usr/include/libsoup-2.4 -I/usr/include/sysprof-4 -I/usr/include/gsettings-desktop-schemas -fdiagnostics-color=always -D_FILE_OFFSET_BITS=64 -Wall -Winvalid-pch -Wextra '-DG_LOG_DOMAIN="devhelp"' -fno-strict-aliasing -Wundef -Wnested-externs -Wwrite-strings -Wpointer-arith -Wmissing-declarations -Wmissing-prototypes -Wstrict-prototypes -Wredundant-decls -Wno-unused-parameter -Wno-missing-field-initializers -Wdeclaration-after-statement -Wformat=2 -Wold-style-definition -Wcast-align -Wformat-nonliteral -Wformat-security -Wsign-compare -Wstrict-aliasing -Wshadow -Winline -Wpacked -Wmissing-format-attribute -Wmissing-noreturn -Winit-self -Wredundant-decls -Wmissing-include-dirs -Wunused-but-set-variable -Warray-bounds -Wimplicit-function-declaration -Wreturn-type -Wswitch-enum -Wswitch-default -Wduplicated-cond -Wduplicated-branches -Wlogical-op -Wrestrict -Wnull-dereference -Wjump-misses-init -Wdouble-promotion -O2 -g -pipe -Wall -Werror=format-security -Wp,-D_FORTIFY_SOURCE=2 -Wp,-D_GLIBCXX_ASSERTIONS -fstack-protector-strong -grecord-gcc-switches -specs=/usr/lib/rpm/generic-hardened-cc1 -fasynchronous-unwind-tables -fstack-clash-protection -fPIC -pthread -MD -MQ devhelp/libdevhelp-static.a.p/meson-generated_.._dh-enum-types.c.o -MF devhelp/libdevhelp-static.a.p/meson-generated_.._dh-enum-types.c.o.d -o devhelp/libdevhelp-static.a.p/meson-generated_.._dh-enum-types.c.o -c devhelp/dh-enum-types.c
[ 2820s] [13/57] cc -Idevhelp/libdevhelp-static.a.p -Idevhelp -I../devhelp -I. -I.. -I/usr/include/glib-2.0 -I/usr/lib64/glib-2.0/include -I/usr/include/libmount -I/usr/include/blkid -I/usr/include/gtk-3.0 -I/usr/include/pango-1.0 -I/usr/include/harfbuzz -I/usr/include/freetype2 -I/usr/include/libpng16 -I/usr/include/fribidi -I/usr/include/libxml2 -I/usr/include/cairo -I/usr/include/pixman-1 -I/usr/include/gdk-pixbuf-2.0 -I/usr/include/gio-unix-2.0 -I/usr/include/atk-1.0 -I/usr/include/at-spi2-atk/2.0 -I/usr/include/dbus-1.0 -I/usr/lib64/dbus-1.0/include -I/usr/include/at-spi-2.0 -I/usr/include/webkitgtk-4.0 -I/usr/include/libsoup-2.4 -I/usr/include/sysprof-4 -I/usr/include/gsettings-desktop-schemas -fdiagnostics-color=always -D_FILE_OFFSET_BITS=64 -Wall -Winvalid-pch -Wextra '-DG_LOG_DOMAIN="devhelp"' -fno-strict-aliasing -Wundef -Wnested-externs -Wwrite-strings -Wpointer-arith -Wmissing-declarations -Wmissing-prototypes -Wstrict-prototypes -Wredundant-decls -Wno-unused-parameter -Wno-missing-field-initializers -Wdeclaration-after-statement -Wformat=2 -Wold-style-definition -Wcast-align -Wformat-nonliteral -Wformat-security -Wsign-compare -Wstrict-aliasing -Wshadow -Winline -Wpacked -Wmissing-format-attribute -Wmissing-noreturn -Winit-self -Wredundant-decls -Wmissing-include-dirs -Wunused-but-set-variable -Warray-bounds -Wimplicit-function-declaration -Wreturn-type -Wswitch-enum -Wswitch-default -Wduplicated-cond -Wduplicated-branches -Wlogical-op -Wrestrict -Wnull-dereference -Wjump-misses-init -Wdouble-promotion -O2 -g -pipe -Wall -Werror=format-security -Wp,-D_FORTIFY_SOURCE=2 -Wp,-D_GLIBCXX_ASSERTIONS -fstack-protector-strong -grecord-gcc-switches -specs=/usr/lib/rpm/generic-hardened-cc1 -fasynchronous-unwind-tables -fstack-clash-protection -fPIC -pthread -MD -MQ devhelp/libdevhelp-static.a.p/dh-assistant-view.c.o -MF devhelp/libdevhelp-static.a.p/dh-assistant-view.c.o.d -o devhelp/libdevhelp-static.a.p/dh-assistant-view.c.o -c ../devhelp/dh-assistant-view.c
[ 2822s] [14/57] cc -Idevhelp/libdevhelp-static.a.p -Idevhelp -I../devhelp -I. -I.. -I/usr/include/glib-2.0 -I/usr/lib64/glib-2.0/include -I/usr/include/libmount -I/usr/include/blkid -I/usr/include/gtk-3.0 -I/usr/include/pango-1.0 -I/usr/include/harfbuzz -I/usr/include/freetype2 -I/usr/include/libpng16 -I/usr/include/fribidi -I/usr/include/libxml2 -I/usr/include/cairo -I/usr/include/pixman-1 -I/usr/include/gdk-pixbuf-2.0 -I/usr/include/gio-unix-2.0 -I/usr/include/atk-1.0 -I/usr/include/at-spi2-atk/2.0 -I/usr/include/dbus-1.0 -I/usr/lib64/dbus-1.0/include -I/usr/include/at-spi-2.0 -I/usr/include/webkitgtk-4.0 -I/usr/include/libsoup-2.4 -I/usr/include/sysprof-4 -I/usr/include/gsettings-desktop-schemas -fdiagnostics-color=always -D_FILE_OFFSET_BITS=64 -Wall -Winvalid-pch -Wextra '-DG_LOG_DOMAIN="devhelp"' -fno-strict-aliasing -Wundef -Wnested-externs -Wwrite-strings -Wpointer-arith -Wmissing-declarations -Wmissing-prototypes -Wstrict-prototypes -Wredundant-decls -Wno-unused-parameter -Wno-missing-field-initializers -Wdeclaration-after-statement -Wformat=2 -Wold-style-definition -Wcast-align -Wformat-nonliteral -Wformat-security -Wsign-compare -Wstrict-aliasing -Wshadow -Winline -Wpacked -Wmissing-format-attribute -Wmissing-noreturn -Winit-self -Wredundant-decls -Wmissing-include-dirs -Wunused-but-set-variable -Warray-bounds -Wimplicit-function-declaration -Wreturn-type -Wswitch-enum -Wswitch-default -Wduplicated-cond -Wduplicated-branches -Wlogical-op -Wrestrict -Wnull-dereference -Wjump-misses-init -Wdouble-promotion -O2 -g -pipe -Wall -Werror=format-security -Wp,-D_FORTIFY_SOURCE=2 -Wp,-D_GLIBCXX_ASSERTIONS -fstack-protector-strong -grecord-gcc-switches -specs=/usr/lib/rpm/generic-hardened-cc1 -fasynchronous-unwind-tables -fstack-clash-protection -fPIC -pthread -MD -MQ devhelp/libdevhelp-static.a.p/dh-book-list-directory.c.o -MF devhelp/libdevhelp-static.a.p/dh-book-list-directory.c.o.d -o devhelp/libdevhelp-static.a.p/dh-book-list-directory.c.o -c ../devhelp/dh-book-list-directory.c
[ 2823s] [15/57] cc -Idevhelp/libdevhelp-static.a.p -Idevhelp -I../devhelp -I. -I.. -I/usr/include/glib-2.0 -I/usr/lib64/glib-2.0/include -I/usr/include/libmount -I/usr/include/blkid -I/usr/include/gtk-3.0 -I/usr/include/pango-1.0 -I/usr/include/harfbuzz -I/usr/include/freetype2 -I/usr/include/libpng16 -I/usr/include/fribidi -I/usr/include/libxml2 -I/usr/include/cairo -I/usr/include/pixman-1 -I/usr/include/gdk-pixbuf-2.0 -I/usr/include/gio-unix-2.0 -I/usr/include/atk-1.0 -I/usr/include/at-spi2-atk/2.0 -I/usr/include/dbus-1.0 -I/usr/lib64/dbus-1.0/include -I/usr/include/at-spi-2.0 -I/usr/include/webkitgtk-4.0 -I/usr/include/libsoup-2.4 -I/usr/include/sysprof-4 -I/usr/include/gsettings-desktop-schemas -fdiagnostics-color=always -D_FILE_OFFSET_BITS=64 -Wall -Winvalid-pch -Wextra '-DG_LOG_DOMAIN="devhelp"' -fno-strict-aliasing -Wundef -Wnested-externs -Wwrite-strings -Wpointer-arith -Wmissing-declarations -Wmissing-prototypes -Wstrict-prototypes -Wredundant-decls -Wno-unused-parameter -Wno-missing-field-initializers -Wdeclaration-after-statement -Wformat=2 -Wold-style-definition -Wcast-align -Wformat-nonliteral -Wformat-security -Wsign-compare -Wstrict-aliasing -Wshadow -Winline -Wpacked -Wmissing-format-attribute -Wmissing-noreturn -Winit-self -Wredundant-decls -Wmissing-include-dirs -Wunused-but-set-variable -Warray-bounds -Wimplicit-function-declaration -Wreturn-type -Wswitch-enum -Wswitch-default -Wduplicated-cond -Wduplicated-branches -Wlogical-op -Wrestrict -Wnull-dereference -Wjump-misses-init -Wdouble-promotion -O2 -g -pipe -Wall -Werror=format-security -Wp,-D_FORTIFY_SOURCE=2 -Wp,-D_GLIBCXX_ASSERTIONS -fstack-protector-strong -grecord-gcc-switches -specs=/usr/lib/rpm/generic-hardened-cc1 -fasynchronous-unwind-tables -fstack-clash-protection -fPIC -pthread -MD -MQ devhelp/libdevhelp-static.a.p/dh-book.c.o -MF devhelp/libdevhelp-static.a.p/dh-book.c.o.d -o devhelp/libdevhelp-static.a.p/dh-book.c.o -c ../devhelp/dh-book.c
[ 2826s] [16/57] cc -Idevhelp/libdevhelp-static.a.p -Idevhelp -I../devhelp -I. -I.. -I/usr/include/glib-2.0 -I/usr/lib64/glib-2.0/include -I/usr/include/libmount -I/usr/include/blkid -I/usr/include/gtk-3.0 -I/usr/include/pango-1.0 -I/usr/include/harfbuzz -I/usr/include/freetype2 -I/usr/include/libpng16 -I/usr/include/fribidi -I/usr/include/libxml2 -I/usr/include/cairo -I/usr/include/pixman-1 -I/usr/include/gdk-pixbuf-2.0 -I/usr/include/gio-unix-2.0 -I/usr/include/atk-1.0 -I/usr/include/at-spi2-atk/2.0 -I/usr/include/dbus-1.0 -I/usr/lib64/dbus-1.0/include -I/usr/include/at-spi-2.0 -I/usr/include/webkitgtk-4.0 -I/usr/include/libsoup-2.4 -I/usr/include/sysprof-4 -I/usr/include/gsettings-desktop-schemas -fdiagnostics-color=always -D_FILE_OFFSET_BITS=64 -Wall -Winvalid-pch -Wextra '-DG_LOG_DOMAIN="devhelp"' -fno-strict-aliasing -Wundef -Wnested-externs -Wwrite-strings -Wpointer-arith -Wmissing-declarations -Wmissing-prototypes -Wstrict-prototypes -Wredundant-decls -Wno-unused-parameter -Wno-missing-field-initializers -Wdeclaration-after-statement -Wformat=2 -Wold-style-definition -Wcast-align -Wformat-nonliteral -Wformat-security -Wsign-compare -Wstrict-aliasing -Wshadow -Winline -Wpacked -Wmissing-format-attribute -Wmissing-noreturn -Winit-self -Wredundant-decls -Wmissing-include-dirs -Wunused-but-set-variable -Warray-bounds -Wimplicit-function-declaration -Wreturn-type -Wswitch-enum -Wswitch-default -Wduplicated-cond -Wduplicated-branches -Wlogical-op -Wrestrict -Wnull-dereference -Wjump-misses-init -Wdouble-promotion -O2 -g -pipe -Wall -Werror=format-security -Wp,-D_FORTIFY_SOURCE=2 -Wp,-D_GLIBCXX_ASSERTIONS -fstack-protector-strong -grecord-gcc-switches -specs=/usr/lib/rpm/generic-hardened-cc1 -fasynchronous-unwind-tables -fstack-clash-protection -fPIC -pthread -MD -MQ devhelp/libdevhelp-static.a.p/dh-completion.c.o -MF devhelp/libdevhelp-static.a.p/dh-completion.c.o.d -o devhelp/libdevhelp-static.a.p/dh-completion.c.o -c ../devhelp/dh-completion.c
[ 2828s] [17/57] cc -Idevhelp/libdevhelp-static.a.p -Idevhelp -I../devhelp -I. -I.. -I/usr/include/glib-2.0 -I/usr/lib64/glib-2.0/include -I/usr/include/libmount -I/usr/include/blkid -I/usr/include/gtk-3.0 -I/usr/include/pango-1.0 -I/usr/include/harfbuzz -I/usr/include/freetype2 -I/usr/include/libpng16 -I/usr/include/fribidi -I/usr/include/libxml2 -I/usr/include/cairo -I/usr/include/pixman-1 -I/usr/include/gdk-pixbuf-2.0 -I/usr/include/gio-unix-2.0 -I/usr/include/atk-1.0 -I/usr/include/at-spi2-atk/2.0 -I/usr/include/dbus-1.0 -I/usr/lib64/dbus-1.0/include -I/usr/include/at-spi-2.0 -I/usr/include/webkitgtk-4.0 -I/usr/include/libsoup-2.4 -I/usr/include/sysprof-4 -I/usr/include/gsettings-desktop-schemas -fdiagnostics-color=always -D_FILE_OFFSET_BITS=64 -Wall -Winvalid-pch -Wextra '-DG_LOG_DOMAIN="devhelp"' -fno-strict-aliasing -Wundef -Wnested-externs -Wwrite-strings -Wpointer-arith -Wmissing-declarations -Wmissing-prototypes -Wstrict-prototypes -Wredundant-decls -Wno-unused-parameter -Wno-missing-field-initializers -Wdeclaration-after-statement -Wformat=2 -Wold-style-definition -Wcast-align -Wformat-nonliteral -Wformat-security -Wsign-compare -Wstrict-aliasing -Wshadow -Winline -Wpacked -Wmissing-format-attribute -Wmissing-noreturn -Winit-self -Wredundant-decls -Wmissing-include-dirs -Wunused-but-set-variable -Warray-bounds -Wimplicit-function-declaration -Wreturn-type -Wswitch-enum -Wswitch-default -Wduplicated-cond -Wduplicated-branches -Wlogical-op -Wrestrict -Wnull-dereference -Wjump-misses-init -Wdouble-promotion -O2 -g -pipe -Wall -Werror=format-security -Wp,-D_FORTIFY_SOURCE=2 -Wp,-D_GLIBCXX_ASSERTIONS -fstack-protector-strong -grecord-gcc-switches -specs=/usr/lib/rpm/generic-hardened-cc1 -fasynchronous-unwind-tables -fstack-clash-protection -fPIC -pthread -MD -MQ devhelp/libdevhelp-static.a.p/dh-init.c.o -MF devhelp/libdevhelp-static.a.p/dh-init.c.o.d -o devhelp/libdevhelp-static.a.p/dh-init.c.o -c ../devhelp/dh-init.c
[ 2830s] [18/57] cc -Idevhelp/libdevhelp-static.a.p -Idevhelp -I../devhelp -I. -I.. -I/usr/include/glib-2.0 -I/usr/lib64/glib-2.0/include -I/usr/include/libmount -I/usr/include/blkid -I/usr/include/gtk-3.0 -I/usr/include/pango-1.0 -I/usr/include/harfbuzz -I/usr/include/freetype2 -I/usr/include/libpng16 -I/usr/include/fribidi -I/usr/include/libxml2 -I/usr/include/cairo -I/usr/include/pixman-1 -I/usr/include/gdk-pixbuf-2.0 -I/usr/include/gio-unix-2.0 -I/usr/include/atk-1.0 -I/usr/include/at-spi2-atk/2.0 -I/usr/include/dbus-1.0 -I/usr/lib64/dbus-1.0/include -I/usr/include/at-spi-2.0 -I/usr/include/webkitgtk-4.0 -I/usr/include/libsoup-2.4 -I/usr/include/sysprof-4 -I/usr/include/gsettings-desktop-schemas -fdiagnostics-color=always -D_FILE_OFFSET_BITS=64 -Wall -Winvalid-pch -Wextra '-DG_LOG_DOMAIN="devhelp"' -fno-strict-aliasing -Wundef -Wnested-externs -Wwrite-strings -Wpointer-arith -Wmissing-declarations -Wmissing-prototypes -Wstrict-prototypes -Wredundant-decls -Wno-unused-parameter -Wno-missing-field-initializers -Wdeclaration-after-statement -Wformat=2 -Wold-style-definition -Wcast-align -Wformat-nonliteral -Wformat-security -Wsign-compare -Wstrict-aliasing -Wshadow -Winline -Wpacked -Wmissing-format-attribute -Wmissing-noreturn -Winit-self -Wredundant-decls -Wmissing-include-dirs -Wunused-but-set-variable -Warray-bounds -Wimplicit-function-declaration -Wreturn-type -Wswitch-enum -Wswitch-default -Wduplicated-cond -Wduplicated-branches -Wlogical-op -Wrestrict -Wnull-dereference -Wjump-misses-init -Wdouble-promotion -O2 -g -pipe -Wall -Werror=format-security -Wp,-D_FORTIFY_SOURCE=2 -Wp,-D_GLIBCXX_ASSERTIONS -fstack-protector-strong -grecord-gcc-switches -specs=/usr/lib/rpm/generic-hardened-cc1 -fasynchronous-unwind-tables -fstack-clash-protection -fPIC -pthread -MD -MQ devhelp/libdevhelp-static.a.p/dh-link.c.o -MF devhelp/libdevhelp-static.a.p/dh-link.c.o.d -o devhelp/libdevhelp-static.a.p/dh-link.c.o -c ../devhelp/dh-link.c
[ 2832s] [19/57] cc -Idevhelp/libdevhelp-static.a.p -Idevhelp -I../devhelp -I. -I.. -I/usr/include/glib-2.0 -I/usr/lib64/glib-2.0/include -I/usr/include/libmount -I/usr/include/blkid -I/usr/include/gtk-3.0 -I/usr/include/pango-1.0 -I/usr/include/harfbuzz -I/usr/include/freetype2 -I/usr/include/libpng16 -I/usr/include/fribidi -I/usr/include/libxml2 -I/usr/include/cairo -I/usr/include/pixman-1 -I/usr/include/gdk-pixbuf-2.0 -I/usr/include/gio-unix-2.0 -I/usr/include/atk-1.0 -I/usr/include/at-spi2-atk/2.0 -I/usr/include/dbus-1.0 -I/usr/lib64/dbus-1.0/include -I/usr/include/at-spi-2.0 -I/usr/include/webkitgtk-4.0 -I/usr/include/libsoup-2.4 -I/usr/include/sysprof-4 -I/usr/include/gsettings-desktop-schemas -fdiagnostics-color=always -D_FILE_OFFSET_BITS=64 -Wall -Winvalid-pch -Wextra '-DG_LOG_DOMAIN="devhelp"' -fno-strict-aliasing -Wundef -Wnested-externs -Wwrite-strings -Wpointer-arith -Wmissing-declarations -Wmissing-prototypes -Wstrict-prototypes -Wredundant-decls -Wno-unused-parameter -Wno-missing-field-initializers -Wdeclaration-after-statement -Wformat=2 -Wold-style-definition -Wcast-align -Wformat-nonliteral -Wformat-security -Wsign-compare -Wstrict-aliasing -Wshadow -Winline -Wpacked -Wmissing-format-attribute -Wmissing-noreturn -Winit-self -Wredundant-decls -Wmissing-include-dirs -Wunused-but-set-variable -Warray-bounds -Wimplicit-function-declaration -Wreturn-type -Wswitch-enum -Wswitch-default -Wduplicated-cond -Wduplicated-branches -Wlogical-op -Wrestrict -Wnull-dereference -Wjump-misses-init -Wdouble-promotion -O2 -g -pipe -Wall -Werror=format-security -Wp,-D_FORTIFY_SOURCE=2 -Wp,-D_GLIBCXX_ASSERTIONS -fstack-protector-strong -grecord-gcc-switches -specs=/usr/lib/rpm/generic-hardened-cc1 -fasynchronous-unwind-tables -fstack-clash-protection -fPIC -pthread -MD -MQ devhelp/libdevhelp-static.a.p/dh-keyword-model.c.o -MF devhelp/libdevhelp-static.a.p/dh-keyword-model.c.o.d -o devhelp/libdevhelp-static.a.p/dh-keyword-model.c.o -c ../devhelp/dh-keyword-model.c
[ 2832s] [20/57] cc -Idevhelp/libdevhelp-static.a.p -Idevhelp -I../devhelp -I. -I.. -I/usr/include/glib-2.0 -I/usr/lib64/glib-2.0/include -I/usr/include/libmount -I/usr/include/blkid -I/usr/include/gtk-3.0 -I/usr/include/pango-1.0 -I/usr/include/harfbuzz -I/usr/include/freetype2 -I/usr/include/libpng16 -I/usr/include/fribidi -I/usr/include/libxml2 -I/usr/include/cairo -I/usr/include/pixman-1 -I/usr/include/gdk-pixbuf-2.0 -I/usr/include/gio-unix-2.0 -I/usr/include/atk-1.0 -I/usr/include/at-spi2-atk/2.0 -I/usr/include/dbus-1.0 -I/usr/lib64/dbus-1.0/include -I/usr/include/at-spi-2.0 -I/usr/include/webkitgtk-4.0 -I/usr/include/libsoup-2.4 -I/usr/include/sysprof-4 -I/usr/include/gsettings-desktop-schemas -fdiagnostics-color=always -D_FILE_OFFSET_BITS=64 -Wall -Winvalid-pch -Wextra '-DG_LOG_DOMAIN="devhelp"' -fno-strict-aliasing -Wundef -Wnested-externs -Wwrite-strings -Wpointer-arith -Wmissing-declarations -Wmissing-prototypes -Wstrict-prototypes -Wredundant-decls -Wno-unused-parameter -Wno-missing-field-initializers -Wdeclaration-after-statement -Wformat=2 -Wold-style-definition -Wcast-align -Wformat-nonliteral -Wformat-security -Wsign-compare -Wstrict-aliasing -Wshadow -Winline -Wpacked -Wmissing-format-attribute -Wmissing-noreturn -Winit-self -Wredundant-decls -Wmissing-include-dirs -Wunused-but-set-variable -Warray-bounds -Wimplicit-function-declaration -Wreturn-type -Wswitch-enum -Wswitch-default -Wduplicated-cond -Wduplicated-branches -Wlogical-op -Wrestrict -Wnull-dereference -Wjump-misses-init -Wdouble-promotion -O2 -g -pipe -Wall -Werror=format-security -Wp,-D_FORTIFY_SOURCE=2 -Wp,-D_GLIBCXX_ASSERTIONS -fstack-protector-strong -grecord-gcc-switches -specs=/usr/lib/rpm/generic-hardened-cc1 -fasynchronous-unwind-tables -fstack-clash-protection -fPIC -pthread -MD -MQ devhelp/libdevhelp-static.a.p/dh-book-tree.c.o -MF devhelp/libdevhelp-static.a.p/dh-book-tree.c.o.d -o devhelp/libdevhelp-static.a.p/dh-book-tree.c.o -c ../devhelp/dh-book-tree.c
[ 2834s] [21/57] cc -Idevhelp/libdevhelp-static.a.p -Idevhelp -I../devhelp -I. -I.. -I/usr/include/glib-2.0 -I/usr/lib64/glib-2.0/include -I/usr/include/libmount -I/usr/include/blkid -I/usr/include/gtk-3.0 -I/usr/include/pango-1.0 -I/usr/include/harfbuzz -I/usr/include/freetype2 -I/usr/include/libpng16 -I/usr/include/fribidi -I/usr/include/libxml2 -I/usr/include/cairo -I/usr/include/pixman-1 -I/usr/include/gdk-pixbuf-2.0 -I/usr/include/gio-unix-2.0 -I/usr/include/atk-1.0 -I/usr/include/at-spi2-atk/2.0 -I/usr/include/dbus-1.0 -I/usr/lib64/dbus-1.0/include -I/usr/include/at-spi-2.0 -I/usr/include/webkitgtk-4.0 -I/usr/include/libsoup-2.4 -I/usr/include/sysprof-4 -I/usr/include/gsettings-desktop-schemas -fdiagnostics-color=always -D_FILE_OFFSET_BITS=64 -Wall -Winvalid-pch -Wextra '-DG_LOG_DOMAIN="devhelp"' -fno-strict-aliasing -Wundef -Wnested-externs -Wwrite-strings -Wpointer-arith -Wmissing-declarations -Wmissing-prototypes -Wstrict-prototypes -Wredundant-decls -Wno-unused-parameter -Wno-missing-field-initializers -Wdeclaration-after-statement -Wformat=2 -Wold-style-definition -Wcast-align -Wformat-nonliteral -Wformat-security -Wsign-compare -Wstrict-aliasing -Wshadow -Winline -Wpacked -Wmissing-format-attribute -Wmissing-noreturn -Winit-self -Wredundant-decls -Wmissing-include-dirs -Wunused-but-set-variable -Warray-bounds -Wimplicit-function-declaration -Wreturn-type -Wswitch-enum -Wswitch-default -Wduplicated-cond -Wduplicated-branches -Wlogical-op -Wrestrict -Wnull-dereference -Wjump-misses-init -Wdouble-promotion -O2 -g -pipe -Wall -Werror=format-security -Wp,-D_FORTIFY_SOURCE=2 -Wp,-D_GLIBCXX_ASSERTIONS -fstack-protector-strong -grecord-gcc-switches -specs=/usr/lib/rpm/generic-hardened-cc1 -fasynchronous-unwind-tables -fstack-clash-protection -fPIC -pthread -MD -MQ devhelp/libdevhelp-static.a.p/dh-profile.c.o -MF devhelp/libdevhelp-static.a.p/dh-profile.c.o.d -o devhelp/libdevhelp-static.a.p/dh-profile.c.o -c ../devhelp/dh-profile.c
[ 2834s] [22/57] cc -Idevhelp/libdevhelp-static.a.p -Idevhelp -I../devhelp -I. -I.. -I/usr/include/glib-2.0 -I/usr/lib64/glib-2.0/include -I/usr/include/libmount -I/usr/include/blkid -I/usr/include/gtk-3.0 -I/usr/include/pango-1.0 -I/usr/include/harfbuzz -I/usr/include/freetype2 -I/usr/include/libpng16 -I/usr/include/fribidi -I/usr/include/libxml2 -I/usr/include/cairo -I/usr/include/pixman-1 -I/usr/include/gdk-pixbuf-2.0 -I/usr/include/gio-unix-2.0 -I/usr/include/atk-1.0 -I/usr/include/at-spi2-atk/2.0 -I/usr/include/dbus-1.0 -I/usr/lib64/dbus-1.0/include -I/usr/include/at-spi-2.0 -I/usr/include/webkitgtk-4.0 -I/usr/include/libsoup-2.4 -I/usr/include/sysprof-4 -I/usr/include/gsettings-desktop-schemas -fdiagnostics-color=always -D_FILE_OFFSET_BITS=64 -Wall -Winvalid-pch -Wextra '-DG_LOG_DOMAIN="devhelp"' -fno-strict-aliasing -Wundef -Wnested-externs -Wwrite-strings -Wpointer-arith -Wmissing-declarations -Wmissing-prototypes -Wstrict-prototypes -Wredundant-decls -Wno-unused-parameter -Wno-missing-field-initializers -Wdeclaration-after-statement -Wformat=2 -Wold-style-definition -Wcast-align -Wformat-nonliteral -Wformat-security -Wsign-compare -Wstrict-aliasing -Wshadow -Winline -Wpacked -Wmissing-format-attribute -Wmissing-noreturn -Winit-self -Wredundant-decls -Wmissing-include-dirs -Wunused-but-set-variable -Warray-bounds -Wimplicit-function-declaration -Wreturn-type -Wswitch-enum -Wswitch-default -Wduplicated-cond -Wduplicated-branches -Wlogical-op -Wrestrict -Wnull-dereference -Wjump-misses-init -Wdouble-promotion -O2 -g -pipe -Wall -Werror=format-security -Wp,-D_FORTIFY_SOURCE=2 -Wp,-D_GLIBCXX_ASSERTIONS -fstack-protector-strong -grecord-gcc-switches -specs=/usr/lib/rpm/generic-hardened-cc1 -fasynchronous-unwind-tables -fstack-clash-protection -fPIC -pthread -MD -MQ devhelp/libdevhelp-static.a.p/dh-profile-builder.c.o -MF devhelp/libdevhelp-static.a.p/dh-profile-builder.c.o.d -o devhelp/libdevhelp-static.a.p/dh-profile-builder.c.o -c ../devhelp/dh-profile-builder.c
[ 2840s] [23/57] cc -Idevhelp/libdevhelp-static.a.p -Idevhelp -I../devhelp -I. -I.. -I/usr/include/glib-2.0 -I/usr/lib64/glib-2.0/include -I/usr/include/libmount -I/usr/include/blkid -I/usr/include/gtk-3.0 -I/usr/include/pango-1.0 -I/usr/include/harfbuzz -I/usr/include/freetype2 -I/usr/include/libpng16 -I/usr/include/fribidi -I/usr/include/libxml2 -I/usr/include/cairo -I/usr/include/pixman-1 -I/usr/include/gdk-pixbuf-2.0 -I/usr/include/gio-unix-2.0 -I/usr/include/atk-1.0 -I/usr/include/at-spi2-atk/2.0 -I/usr/include/dbus-1.0 -I/usr/lib64/dbus-1.0/include -I/usr/include/at-spi-2.0 -I/usr/include/webkitgtk-4.0 -I/usr/include/libsoup-2.4 -I/usr/include/sysprof-4 -I/usr/include/gsettings-desktop-schemas -fdiagnostics-color=always -D_FILE_OFFSET_BITS=64 -Wall -Winvalid-pch -Wextra '-DG_LOG_DOMAIN="devhelp"' -fno-strict-aliasing -Wundef -Wnested-externs -Wwrite-strings -Wpointer-arith -Wmissing-declarations -Wmissing-prototypes -Wstrict-prototypes -Wredundant-decls -Wno-unused-parameter -Wno-missing-field-initializers -Wdeclaration-after-statement -Wformat=2 -Wold-style-definition -Wcast-align -Wformat-nonliteral -Wformat-security -Wsign-compare -Wstrict-aliasing -Wshadow -Winline -Wpacked -Wmissing-format-attribute -Wmissing-noreturn -Winit-self -Wredundant-decls -Wmissing-include-dirs -Wunused-but-set-variable -Warray-bounds -Wimplicit-function-declaration -Wreturn-type -Wswitch-enum -Wswitch-default -Wduplicated-cond -Wduplicated-branches -Wlogical-op -Wrestrict -Wnull-dereference -Wjump-misses-init -Wdouble-promotion -O2 -g -pipe -Wall -Werror=format-security -Wp,-D_FORTIFY_SOURCE=2 -Wp,-D_GLIBCXX_ASSERTIONS -fstack-protector-strong -grecord-gcc-switches -specs=/usr/lib/rpm/generic-hardened-cc1 -fasynchronous-unwind-tables -fstack-clash-protection -fPIC -pthread -MD -MQ devhelp/libdevhelp-static.a.p/dh-settings-builder.c.o -MF devhelp/libdevhelp-static.a.p/dh-settings-builder.c.o.d -o devhelp/libdevhelp-static.a.p/dh-settings-builder.c.o -c ../devhelp/dh-settings-builder.c
[ 2843s] [24/57] cc -Idevhelp/libdevhelp-static.a.p -Idevhelp -I../devhelp -I. -I.. -I/usr/include/glib-2.0 -I/usr/lib64/glib-2.0/include -I/usr/include/libmount -I/usr/include/blkid -I/usr/include/gtk-3.0 -I/usr/include/pango-1.0 -I/usr/include/harfbuzz -I/usr/include/freetype2 -I/usr/include/libpng16 -I/usr/include/fribidi -I/usr/include/libxml2 -I/usr/include/cairo -I/usr/include/pixman-1 -I/usr/include/gdk-pixbuf-2.0 -I/usr/include/gio-unix-2.0 -I/usr/include/atk-1.0 -I/usr/include/at-spi2-atk/2.0 -I/usr/include/dbus-1.0 -I/usr/lib64/dbus-1.0/include -I/usr/include/at-spi-2.0 -I/usr/include/webkitgtk-4.0 -I/usr/include/libsoup-2.4 -I/usr/include/sysprof-4 -I/usr/include/gsettings-desktop-schemas -fdiagnostics-color=always -D_FILE_OFFSET_BITS=64 -Wall -Winvalid-pch -Wextra '-DG_LOG_DOMAIN="devhelp"' -fno-strict-aliasing -Wundef -Wnested-externs -Wwrite-strings -Wpointer-arith -Wmissing-declarations -Wmissing-prototypes -Wstrict-prototypes -Wredundant-decls -Wno-unused-parameter -Wno-missing-field-initializers -Wdeclaration-after-statement -Wformat=2 -Wold-style-definition -Wcast-align -Wformat-nonliteral -Wformat-security -Wsign-compare -Wstrict-aliasing -Wshadow -Winline -Wpacked -Wmissing-format-attribute -Wmissing-noreturn -Winit-self -Wredundant-decls -Wmissing-include-dirs -Wunused-but-set-variable -Warray-bounds -Wimplicit-function-declaration -Wreturn-type -Wswitch-enum -Wswitch-default -Wduplicated-cond -Wduplicated-branches -Wlogical-op -Wrestrict -Wnull-dereference -Wjump-misses-init -Wdouble-promotion -O2 -g -pipe -Wall -Werror=format-security -Wp,-D_FORTIFY_SOURCE=2 -Wp,-D_GLIBCXX_ASSERTIONS -fstack-protector-strong -grecord-gcc-switches -specs=/usr/lib/rpm/generic-hardened-cc1 -fasynchronous-unwind-tables -fstack-clash-protection -fPIC -pthread -MD -MQ devhelp/libdevhelp-static.a.p/dh-settings.c.o -MF devhelp/libdevhelp-static.a.p/dh-settings.c.o.d -o devhelp/libdevhelp-static.a.p/dh-settings.c.o -c ../devhelp/dh-settings.c
[ 2846s] [25/57] cc -Idevhelp/libdevhelp-static.a.p -Idevhelp -I../devhelp -I. -I.. -I/usr/include/glib-2.0 -I/usr/lib64/glib-2.0/include -I/usr/include/libmount -I/usr/include/blkid -I/usr/include/gtk-3.0 -I/usr/include/pango-1.0 -I/usr/include/harfbuzz -I/usr/include/freetype2 -I/usr/include/libpng16 -I/usr/include/fribidi -I/usr/include/libxml2 -I/usr/include/cairo -I/usr/include/pixman-1 -I/usr/include/gdk-pixbuf-2.0 -I/usr/include/gio-unix-2.0 -I/usr/include/atk-1.0 -I/usr/include/at-spi2-atk/2.0 -I/usr/include/dbus-1.0 -I/usr/lib64/dbus-1.0/include -I/usr/include/at-spi-2.0 -I/usr/include/webkitgtk-4.0 -I/usr/include/libsoup-2.4 -I/usr/include/sysprof-4 -I/usr/include/gsettings-desktop-schemas -fdiagnostics-color=always -D_FILE_OFFSET_BITS=64 -Wall -Winvalid-pch -Wextra '-DG_LOG_DOMAIN="devhelp"' -fno-strict-aliasing -Wundef -Wnested-externs -Wwrite-strings -Wpointer-arith -Wmissing-declarations -Wmissing-prototypes -Wstrict-prototypes -Wredundant-decls -Wno-unused-parameter -Wno-missing-field-initializers -Wdeclaration-after-statement -Wformat=2 -Wold-style-definition -Wcast-align -Wformat-nonliteral -Wformat-security -Wsign-compare -Wstrict-aliasing -Wshadow -Winline -Wpacked -Wmissing-format-attribute -Wmissing-noreturn -Winit-self -Wredundant-decls -Wmissing-include-dirs -Wunused-but-set-variable -Warray-bounds -Wimplicit-function-declaration -Wreturn-type -Wswitch-enum -Wswitch-default -Wduplicated-cond -Wduplicated-branches -Wlogical-op -Wrestrict -Wnull-dereference -Wjump-misses-init -Wdouble-promotion -O2 -g -pipe -Wall -Werror=format-security -Wp,-D_FORTIFY_SOURCE=2 -Wp,-D_GLIBCXX_ASSERTIONS -fstack-protector-strong -grecord-gcc-switches -specs=/usr/lib/rpm/generic-hardened-cc1 -fasynchronous-unwind-tables -fstack-clash-protection -fPIC -pthread -MD -MQ devhelp/libdevhelp-static.a.p/dh-notebook.c.o -MF devhelp/libdevhelp-static.a.p/dh-notebook.c.o.d -o devhelp/libdevhelp-static.a.p/dh-notebook.c.o -c ../devhelp/dh-notebook.c
[ 2849s] [26/57] cc -Idevhelp/libdevhelp-static.a.p -Idevhelp -I../devhelp -I. -I.. -I/usr/include/glib-2.0 -I/usr/lib64/glib-2.0/include -I/usr/include/libmount -I/usr/include/blkid -I/usr/include/gtk-3.0 -I/usr/include/pango-1.0 -I/usr/include/harfbuzz -I/usr/include/freetype2 -I/usr/include/libpng16 -I/usr/include/fribidi -I/usr/include/libxml2 -I/usr/include/cairo -I/usr/include/pixman-1 -I/usr/include/gdk-pixbuf-2.0 -I/usr/include/gio-unix-2.0 -I/usr/include/atk-1.0 -I/usr/include/at-spi2-atk/2.0 -I/usr/include/dbus-1.0 -I/usr/lib64/dbus-1.0/include -I/usr/include/at-spi-2.0 -I/usr/include/webkitgtk-4.0 -I/usr/include/libsoup-2.4 -I/usr/include/sysprof-4 -I/usr/include/gsettings-desktop-schemas -fdiagnostics-color=always -D_FILE_OFFSET_BITS=64 -Wall -Winvalid-pch -Wextra '-DG_LOG_DOMAIN="devhelp"' -fno-strict-aliasing -Wundef -Wnested-externs -Wwrite-strings -Wpointer-arith -Wmissing-declarations -Wmissing-prototypes -Wstrict-prototypes -Wredundant-decls -Wno-unused-parameter -Wno-missing-field-initializers -Wdeclaration-after-statement -Wformat=2 -Wold-style-definition -Wcast-align -Wformat-nonliteral -Wformat-security -Wsign-compare -Wstrict-aliasing -Wshadow -Winline -Wpacked -Wmissing-format-attribute -Wmissing-noreturn -Winit-self -Wredundant-decls -Wmissing-include-dirs -Wunused-but-set-variable -Warray-bounds -Wimplicit-function-declaration -Wreturn-type -Wswitch-enum -Wswitch-default -Wduplicated-cond -Wduplicated-branches -Wlogical-op -Wrestrict -Wnull-dereference -Wjump-misses-init -Wdouble-promotion -O2 -g -pipe -Wall -Werror=format-security -Wp,-D_FORTIFY_SOURCE=2 -Wp,-D_GLIBCXX_ASSERTIONS -fstack-protector-strong -grecord-gcc-switches -specs=/usr/lib/rpm/generic-hardened-cc1 -fasynchronous-unwind-tables -fstack-clash-protection -fPIC -pthread -MD -MQ devhelp/libdevhelp-static.a.p/dh-error.c.o -MF devhelp/libdevhelp-static.a.p/dh-error.c.o.d -o devhelp/libdevhelp-static.a.p/dh-error.c.o -c ../devhelp/dh-error.c
[ 2851s] [27/57] cc -Idevhelp/libdevhelp-static.a.p -Idevhelp -I../devhelp -I. -I.. -I/usr/include/glib-2.0 -I/usr/lib64/glib-2.0/include -I/usr/include/libmount -I/usr/include/blkid -I/usr/include/gtk-3.0 -I/usr/include/pango-1.0 -I/usr/include/harfbuzz -I/usr/include/freetype2 -I/usr/include/libpng16 -I/usr/include/fribidi -I/usr/include/libxml2 -I/usr/include/cairo -I/usr/include/pixman-1 -I/usr/include/gdk-pixbuf-2.0 -I/usr/include/gio-unix-2.0 -I/usr/include/atk-1.0 -I/usr/include/at-spi2-atk/2.0 -I/usr/include/dbus-1.0 -I/usr/lib64/dbus-1.0/include -I/usr/include/at-spi-2.0 -I/usr/include/webkitgtk-4.0 -I/usr/include/libsoup-2.4 -I/usr/include/sysprof-4 -I/usr/include/gsettings-desktop-schemas -fdiagnostics-color=always -D_FILE_OFFSET_BITS=64 -Wall -Winvalid-pch -Wextra '-DG_LOG_DOMAIN="devhelp"' -fno-strict-aliasing -Wundef -Wnested-externs -Wwrite-strings -Wpointer-arith -Wmissing-declarations -Wmissing-prototypes -Wstrict-prototypes -Wredundant-decls -Wno-unused-parameter -Wno-missing-field-initializers -Wdeclaration-after-statement -Wformat=2 -Wold-style-definition -Wcast-align -Wformat-nonliteral -Wformat-security -Wsign-compare -Wstrict-aliasing -Wshadow -Winline -Wpacked -Wmissing-format-attribute -Wmissing-noreturn -Winit-self -Wredundant-decls -Wmissing-include-dirs -Wunused-but-set-variable -Warray-bounds -Wimplicit-function-declaration -Wreturn-type -Wswitch-enum -Wswitch-default -Wduplicated-cond -Wduplicated-branches -Wlogical-op -Wrestrict -Wnull-dereference -Wjump-misses-init -Wdouble-promotion -O2 -g -pipe -Wall -Werror=format-security -Wp,-D_FORTIFY_SOURCE=2 -Wp,-D_GLIBCXX_ASSERTIONS -fstack-protector-strong -grecord-gcc-switches -specs=/usr/lib/rpm/generic-hardened-cc1 -fasynchronous-unwind-tables -fstack-clash-protection -fPIC -pthread -MD -MQ devhelp/libdevhelp-static.a.p/dh-book-list-simple.c.o -MF devhelp/libdevhelp-static.a.p/dh-book-list-simple.c.o.d -o devhelp/libdevhelp-static.a.p/dh-book-list-simple.c.o -c ../devhelp/dh-book-list-simple.c
[ 2852s] [28/57] cc -Idevhelp/libdevhelp-static.a.p -Idevhelp -I../devhelp -I. -I.. -I/usr/include/glib-2.0 -I/usr/lib64/glib-2.0/include -I/usr/include/libmount -I/usr/include/blkid -I/usr/include/gtk-3.0 -I/usr/include/pango-1.0 -I/usr/include/harfbuzz -I/usr/include/freetype2 -I/usr/include/libpng16 -I/usr/include/fribidi -I/usr/include/libxml2 -I/usr/include/cairo -I/usr/include/pixman-1 -I/usr/include/gdk-pixbuf-2.0 -I/usr/include/gio-unix-2.0 -I/usr/include/atk-1.0 -I/usr/include/at-spi2-atk/2.0 -I/usr/include/dbus-1.0 -I/usr/lib64/dbus-1.0/include -I/usr/include/at-spi-2.0 -I/usr/include/webkitgtk-4.0 -I/usr/include/libsoup-2.4 -I/usr/include/sysprof-4 -I/usr/include/gsettings-desktop-schemas -fdiagnostics-color=always -D_FILE_OFFSET_BITS=64 -Wall -Winvalid-pch -Wextra '-DG_LOG_DOMAIN="devhelp"' -fno-strict-aliasing -Wundef -Wnested-externs -Wwrite-strings -Wpointer-arith -Wmissing-declarations -Wmissing-prototypes -Wstrict-prototypes -Wredundant-decls -Wno-unused-parameter -Wno-missing-field-initializers -Wdeclaration-after-statement -Wformat=2 -Wold-style-definition -Wcast-align -Wformat-nonliteral -Wformat-security -Wsign-compare -Wstrict-aliasing -Wshadow -Winline -Wpacked -Wmissing-format-attribute -Wmissing-noreturn -Winit-self -Wredundant-decls -Wmissing-include-dirs -Wunused-but-set-variable -Warray-bounds -Wimplicit-function-declaration -Wreturn-type -Wswitch-enum -Wswitch-default -Wduplicated-cond -Wduplicated-branches -Wlogical-op -Wrestrict -Wnull-dereference -Wjump-misses-init -Wdouble-promotion -O2 -g -pipe -Wall -Werror=format-security -Wp,-D_FORTIFY_SOURCE=2 -Wp,-D_GLIBCXX_ASSERTIONS -fstack-protector-strong -grecord-gcc-switches -specs=/usr/lib/rpm/generic-hardened-cc1 -fasynchronous-unwind-tables -fstack-clash-protection -fPIC -pthread -MD -MQ devhelp/libdevhelp-static.a.p/dh-search-bar.c.o -MF devhelp/libdevhelp-static.a.p/dh-search-bar.c.o.d -o devhelp/libdevhelp-static.a.p/dh-search-bar.c.o -c ../devhelp/dh-search-bar.c
[ 2855s] [29/57] cc -Idevhelp/libdevhelp-static.a.p -Idevhelp -I../devhelp -I. -I.. -I/usr/include/glib-2.0 -I/usr/lib64/glib-2.0/include -I/usr/include/libmount -I/usr/include/blkid -I/usr/include/gtk-3.0 -I/usr/include/pango-1.0 -I/usr/include/harfbuzz -I/usr/include/freetype2 -I/usr/include/libpng16 -I/usr/include/fribidi -I/usr/include/libxml2 -I/usr/include/cairo -I/usr/include/pixman-1 -I/usr/include/gdk-pixbuf-2.0 -I/usr/include/gio-unix-2.0 -I/usr/include/atk-1.0 -I/usr/include/at-spi2-atk/2.0 -I/usr/include/dbus-1.0 -I/usr/lib64/dbus-1.0/include -I/usr/include/at-spi-2.0 -I/usr/include/webkitgtk-4.0 -I/usr/include/libsoup-2.4 -I/usr/include/sysprof-4 -I/usr/include/gsettings-desktop-schemas -fdiagnostics-color=always -D_FILE_OFFSET_BITS=64 -Wall -Winvalid-pch -Wextra '-DG_LOG_DOMAIN="devhelp"' -fno-strict-aliasing -Wundef -Wnested-externs -Wwrite-strings -Wpointer-arith -Wmissing-declarations -Wmissing-prototypes -Wstrict-prototypes -Wredundant-decls -Wno-unused-parameter -Wno-missing-field-initializers -Wdeclaration-after-statement -Wformat=2 -Wold-style-definition -Wcast-align -Wformat-nonliteral -Wformat-security -Wsign-compare -Wstrict-aliasing -Wshadow -Winline -Wpacked -Wmissing-format-attribute -Wmissing-noreturn -Winit-self -Wredundant-decls -Wmissing-include-dirs -Wunused-but-set-variable -Warray-bounds -Wimplicit-function-declaration -Wreturn-type -Wswitch-enum -Wswitch-default -Wduplicated-cond -Wduplicated-branches -Wlogical-op -Wrestrict -Wnull-dereference -Wjump-misses-init -Wdouble-promotion -O2 -g -pipe -Wall -Werror=format-security -Wp,-D_FORTIFY_SOURCE=2 -Wp,-D_GLIBCXX_ASSERTIONS -fstack-protector-strong -grecord-gcc-switches -specs=/usr/lib/rpm/generic-hardened-cc1 -fasynchronous-unwind-tables -fstack-clash-protection -fPIC -pthread -MD -MQ devhelp/libdevhelp-static.a.p/dh-tab.c.o -MF devhelp/libdevhelp-static.a.p/dh-tab.c.o.d -o devhelp/libdevhelp-static.a.p/dh-tab.c.o -c ../devhelp/dh-tab.c
[ 2858s] [30/57] cc -Idevhelp/libdevhelp-static.a.p -Idevhelp -I../devhelp -I. -I.. -I/usr/include/glib-2.0 -I/usr/lib64/glib-2.0/include -I/usr/include/libmount -I/usr/include/blkid -I/usr/include/gtk-3.0 -I/usr/include/pango-1.0 -I/usr/include/harfbuzz -I/usr/include/freetype2 -I/usr/include/libpng16 -I/usr/include/fribidi -I/usr/include/libxml2 -I/usr/include/cairo -I/usr/include/pixman-1 -I/usr/include/gdk-pixbuf-2.0 -I/usr/include/gio-unix-2.0 -I/usr/include/atk-1.0 -I/usr/include/at-spi2-atk/2.0 -I/usr/include/dbus-1.0 -I/usr/lib64/dbus-1.0/include -I/usr/include/at-spi-2.0 -I/usr/include/webkitgtk-4.0 -I/usr/include/libsoup-2.4 -I/usr/include/sysprof-4 -I/usr/include/gsettings-desktop-schemas -fdiagnostics-color=always -D_FILE_OFFSET_BITS=64 -Wall -Winvalid-pch -Wextra '-DG_LOG_DOMAIN="devhelp"' -fno-strict-aliasing -Wundef -Wnested-externs -Wwrite-strings -Wpointer-arith -Wmissing-declarations -Wmissing-prototypes -Wstrict-prototypes -Wredundant-decls -Wno-unused-parameter -Wno-missing-field-initializers -Wdeclaration-after-statement -Wformat=2 -Wold-style-definition -Wcast-align -Wformat-nonliteral -Wformat-security -Wsign-compare -Wstrict-aliasing -Wshadow -Winline -Wpacked -Wmissing-format-attribute -Wmissing-noreturn -Winit-self -Wredundant-decls -Wmissing-include-dirs -Wunused-but-set-variable -Warray-bounds -Wimplicit-function-declaration -Wreturn-type -Wswitch-enum -Wswitch-default -Wduplicated-cond -Wduplicated-branches -Wlogical-op -Wrestrict -Wnull-dereference -Wjump-misses-init -Wdouble-promotion -O2 -g -pipe -Wall -Werror=format-security -Wp,-D_FORTIFY_SOURCE=2 -Wp,-D_GLIBCXX_ASSERTIONS -fstack-protector-strong -grecord-gcc-switches -specs=/usr/lib/rpm/generic-hardened-cc1 -fasynchronous-unwind-tables -fstack-clash-protection -fPIC -pthread -MD -MQ devhelp/libdevhelp-static.a.p/dh-sidebar.c.o -MF devhelp/libdevhelp-static.a.p/dh-sidebar.c.o.d -o devhelp/libdevhelp-static.a.p/dh-sidebar.c.o -c ../devhelp/dh-sidebar.c
[ 2859s] [31/57] cc -Idevhelp/libdevhelp-static.a.p -Idevhelp -I../devhelp -I. -I.. -I/usr/include/glib-2.0 -I/usr/lib64/glib-2.0/include -I/usr/include/libmount -I/usr/include/blkid -I/usr/include/gtk-3.0 -I/usr/include/pango-1.0 -I/usr/include/harfbuzz -I/usr/include/freetype2 -I/usr/include/libpng16 -I/usr/include/fribidi -I/usr/include/libxml2 -I/usr/include/cairo -I/usr/include/pixman-1 -I/usr/include/gdk-pixbuf-2.0 -I/usr/include/gio-unix-2.0 -I/usr/include/atk-1.0 -I/usr/include/at-spi2-atk/2.0 -I/usr/include/dbus-1.0 -I/usr/lib64/dbus-1.0/include -I/usr/include/at-spi-2.0 -I/usr/include/webkitgtk-4.0 -I/usr/include/libsoup-2.4 -I/usr/include/sysprof-4 -I/usr/include/gsettings-desktop-schemas -fdiagnostics-color=always -D_FILE_OFFSET_BITS=64 -Wall -Winvalid-pch -Wextra '-DG_LOG_DOMAIN="devhelp"' -fno-strict-aliasing -Wundef -Wnested-externs -Wwrite-strings -Wpointer-arith -Wmissing-declarations -Wmissing-prototypes -Wstrict-prototypes -Wredundant-decls -Wno-unused-parameter -Wno-missing-field-initializers -Wdeclaration-after-statement -Wformat=2 -Wold-style-definition -Wcast-align -Wformat-nonliteral -Wformat-security -Wsign-compare -Wstrict-aliasing -Wshadow -Winline -Wpacked -Wmissing-format-attribute -Wmissing-noreturn -Winit-self -Wredundant-decls -Wmissing-include-dirs -Wunused-but-set-variable -Warray-bounds -Wimplicit-function-declaration -Wreturn-type -Wswitch-enum -Wswitch-default -Wduplicated-cond -Wduplicated-branches -Wlogical-op -Wrestrict -Wnull-dereference -Wjump-misses-init -Wdouble-promotion -O2 -g -pipe -Wall -Werror=format-security -Wp,-D_FORTIFY_SOURCE=2 -Wp,-D_GLIBCXX_ASSERTIONS -fstack-protector-strong -grecord-gcc-switches -specs=/usr/lib/rpm/generic-hardened-cc1 -fasynchronous-unwind-tables -fstack-clash-protection -fPIC -pthread -MD -MQ devhelp/libdevhelp-static.a.p/dh-tab-label.c.o -MF devhelp/libdevhelp-static.a.p/dh-tab-label.c.o.d -o devhelp/libdevhelp-static.a.p/dh-tab-label.c.o -c ../devhelp/dh-tab-label.c
[ 2862s] [32/57] cc -Idevhelp/libdevhelp-static.a.p -Idevhelp -I../devhelp -I. -I.. -I/usr/include/glib-2.0 -I/usr/lib64/glib-2.0/include -I/usr/include/libmount -I/usr/include/blkid -I/usr/include/gtk-3.0 -I/usr/include/pango-1.0 -I/usr/include/harfbuzz -I/usr/include/freetype2 -I/usr/include/libpng16 -I/usr/include/fribidi -I/usr/include/libxml2 -I/usr/include/cairo -I/usr/include/pixman-1 -I/usr/include/gdk-pixbuf-2.0 -I/usr/include/gio-unix-2.0 -I/usr/include/atk-1.0 -I/usr/include/at-spi2-atk/2.0 -I/usr/include/dbus-1.0 -I/usr/lib64/dbus-1.0/include -I/usr/include/at-spi-2.0 -I/usr/include/webkitgtk-4.0 -I/usr/include/libsoup-2.4 -I/usr/include/sysprof-4 -I/usr/include/gsettings-desktop-schemas -fdiagnostics-color=always -D_FILE_OFFSET_BITS=64 -Wall -Winvalid-pch -Wextra '-DG_LOG_DOMAIN="devhelp"' -fno-strict-aliasing -Wundef -Wnested-externs -Wwrite-strings -Wpointer-arith -Wmissing-declarations -Wmissing-prototypes -Wstrict-prototypes -Wredundant-decls -Wno-unused-parameter -Wno-missing-field-initializers -Wdeclaration-after-statement -Wformat=2 -Wold-style-definition -Wcast-align -Wformat-nonliteral -Wformat-security -Wsign-compare -Wstrict-aliasing -Wshadow -Winline -Wpacked -Wmissing-format-attribute -Wmissing-noreturn -Winit-self -Wredundant-decls -Wmissing-include-dirs -Wunused-but-set-variable -Warray-bounds -Wimplicit-function-declaration -Wreturn-type -Wswitch-enum -Wswitch-default -Wduplicated-cond -Wduplicated-branches -Wlogical-op -Wrestrict -Wnull-dereference -Wjump-misses-init -Wdouble-promotion -O2 -g -pipe -Wall -Werror=format-security -Wp,-D_FORTIFY_SOURCE=2 -Wp,-D_GLIBCXX_ASSERTIONS -fstack-protector-strong -grecord-gcc-switches -specs=/usr/lib/rpm/generic-hardened-cc1 -fasynchronous-unwind-tables -fstack-clash-protection -fPIC -pthread -MD -MQ devhelp/libdevhelp-static.a.p/dh-web-view.c.o -MF devhelp/libdevhelp-static.a.p/dh-web-view.c.o.d -o devhelp/libdevhelp-static.a.p/dh-web-view.c.o -c ../devhelp/dh-web-view.c
[ 2862s] ../devhelp/dh-web-view.c: In function dh_web_view_constructed:
[ 2862s] ../devhelp/dh-web-view.c:487:9: warning: webkit_settings_set_enable_plugins is deprecated [-Wdeprecated-declarations]
[ 2862s]   487 |         webkit_settings_set_enable_plugins (webkit_settings, FALSE);
[ 2862s]       |         ^~~~~~~~~~~~~~~~~~~~~~~~~~~~~~~~~~
[ 2862s] In file included from /usr/include/webkitgtk-4.0/webkit2/WebKitWebView.h:50,
[ 2862s]                  from /usr/include/webkitgtk-4.0/webkit2/WebKitPrintOperation.h:30,
[ 2862s]                  from /usr/include/webkitgtk-4.0/webkit2/webkit2.h:71,
[ 2862s]                  from ../devhelp/dh-web-view.h:9,
[ 2862s]                  from ../devhelp/dh-web-view.c:7:
[ 2862s] /usr/include/webkitgtk-4.0/webkit2/WebKitSettings.h:154:1: note: declared here
[ 2862s]   154 | webkit_settings_set_enable_plugins                             (WebKitSettings *settings,
[ 2862s]       | ^~~~~~~~~~~~~~~~~~~~~~~~~~~~~~~~~~
[ 2862s] [33/57] cc -Idevhelp/libdevhelp-static.a.p -Idevhelp -I../devhelp -I. -I.. -I/usr/include/glib-2.0 -I/usr/lib64/glib-2.0/include -I/usr/include/libmount -I/usr/include/blkid -I/usr/include/gtk-3.0 -I/usr/include/pango-1.0 -I/usr/include/harfbuzz -I/usr/include/freetype2 -I/usr/include/libpng16 -I/usr/include/fribidi -I/usr/include/libxml2 -I/usr/include/cairo -I/usr/include/pixman-1 -I/usr/include/gdk-pixbuf-2.0 -I/usr/include/gio-unix-2.0 -I/usr/include/atk-1.0 -I/usr/include/at-spi2-atk/2.0 -I/usr/include/dbus-1.0 -I/usr/lib64/dbus-1.0/include -I/usr/include/at-spi-2.0 -I/usr/include/webkitgtk-4.0 -I/usr/include/libsoup-2.4 -I/usr/include/sysprof-4 -I/usr/include/gsettings-desktop-schemas -fdiagnostics-color=always -D_FILE_OFFSET_BITS=64 -Wall -Winvalid-pch -Wextra '-DG_LOG_DOMAIN="devhelp"' -fno-strict-aliasing -Wundef -Wnested-externs -Wwrite-strings -Wpointer-arith -Wmissing-declarations -Wmissing-prototypes -Wstrict-prototypes -Wredundant-decls -Wno-unused-parameter -Wno-missing-field-initializers -Wdeclaration-after-statement -Wformat=2 -Wold-style-definition -Wcast-align -Wformat-nonliteral -Wformat-security -Wsign-compare -Wstrict-aliasing -Wshadow -Winline -Wpacked -Wmissing-format-attribute -Wmissing-noreturn -Winit-self -Wredundant-decls -Wmissing-include-dirs -Wunused-but-set-variable -Warray-bounds -Wimplicit-function-declaration -Wreturn-type -Wswitch-enum -Wswitch-default -Wduplicated-cond -Wduplicated-branches -Wlogical-op -Wrestrict -Wnull-dereference -Wjump-misses-init -Wdouble-promotion -O2 -g -pipe -Wall -Werror=format-security -Wp,-D_FORTIFY_SOURCE=2 -Wp,-D_GLIBCXX_ASSERTIONS -fstack-protector-strong -grecord-gcc-switches -specs=/usr/lib/rpm/generic-hardened-cc1 -fasynchronous-unwind-tables -fstack-clash-protection -fPIC -pthread -MD -MQ devhelp/libdevhelp-static.a.p/dh-search-context.c.o -MF devhelp/libdevhelp-static.a.p/dh-search-context.c.o.d -o devhelp/libdevhelp-static.a.p/dh-search-context.c.o -c ../devhelp/dh-search-context.c
[ 2864s] [34/57] cc -Isrc/devhelp.p -Isrc -I../src -I. -I.. -Idevhelp -I/usr/include/glib-2.0 -I/usr/lib64/glib-2.0/include -I/usr/include/libmount -I/usr/include/blkid -I/usr/include/gtk-3.0 -I/usr/include/pango-1.0 -I/usr/include/harfbuzz -I/usr/include/freetype2 -I/usr/include/libpng16 -I/usr/include/fribidi -I/usr/include/libxml2 -I/usr/include/cairo -I/usr/include/pixman-1 -I/usr/include/gdk-pixbuf-2.0 -I/usr/include/gio-unix-2.0 -I/usr/include/atk-1.0 -I/usr/include/at-spi2-atk/2.0 -I/usr/include/dbus-1.0 -I/usr/lib64/dbus-1.0/include -I/usr/include/at-spi-2.0 -I/usr/include/webkitgtk-4.0 -I/usr/include/libsoup-2.4 -I/usr/include/sysprof-4 -I/usr/include/gsettings-desktop-schemas -I/usr/include/amtk-5 -fdiagnostics-color=always -D_FILE_OFFSET_BITS=64 -Wall -Winvalid-pch -Wextra '-DG_LOG_DOMAIN="devhelp"' -fno-strict-aliasing -Wundef -Wnested-externs -Wwrite-strings -Wpointer-arith -Wmissing-declarations -Wmissing-prototypes -Wstrict-prototypes -Wredundant-decls -Wno-unused-parameter -Wno-missing-field-initializers -Wdeclaration-after-statement -Wformat=2 -Wold-style-definition -Wcast-align -Wformat-nonliteral -Wformat-security -Wsign-compare -Wstrict-aliasing -Wshadow -Winline -Wpacked -Wmissing-format-attribute -Wmissing-noreturn -Winit-self -Wredundant-decls -Wmissing-include-dirs -Wunused-but-set-variable -Warray-bounds -Wimplicit-function-declaration -Wreturn-type -Wswitch-enum -Wswitch-default -Wduplicated-cond -Wduplicated-branches -Wlogical-op -Wrestrict -Wnull-dereference -Wjump-misses-init -Wdouble-promotion -O2 -g -pipe -Wall -Werror=format-security -Wp,-D_FORTIFY_SOURCE=2 -Wp,-D_GLIBCXX_ASSERTIONS -fstack-protector-strong -grecord-gcc-switches -specs=/usr/lib/rpm/generic-hardened-cc1 -fasynchronous-unwind-tables -fstack-clash-protection -pthread -MD -MQ src/devhelp.p/meson-generated_.._dh-resources.c.o -MF src/devhelp.p/meson-generated_.._dh-resources.c.o.d -o src/devhelp.p/meson-generated_.._dh-resources.c.o -c src/dh-resources.c
[ 2871s] [35/57] cc -Idevhelp/libdevhelp-static.a.p -Idevhelp -I../devhelp -I. -I.. -I/usr/include/glib-2.0 -I/usr/lib64/glib-2.0/include -I/usr/include/libmount -I/usr/include/blkid -I/usr/include/gtk-3.0 -I/usr/include/pango-1.0 -I/usr/include/harfbuzz -I/usr/include/freetype2 -I/usr/include/libpng16 -I/usr/include/fribidi -I/usr/include/libxml2 -I/usr/include/cairo -I/usr/include/pixman-1 -I/usr/include/gdk-pixbuf-2.0 -I/usr/include/gio-unix-2.0 -I/usr/include/atk-1.0 -I/usr/include/at-spi2-atk/2.0 -I/usr/include/dbus-1.0 -I/usr/lib64/dbus-1.0/include -I/usr/include/at-spi-2.0 -I/usr/include/webkitgtk-4.0 -I/usr/include/libsoup-2.4 -I/usr/include/sysprof-4 -I/usr/include/gsettings-desktop-schemas -fdiagnostics-color=always -D_FILE_OFFSET_BITS=64 -Wall -Winvalid-pch -Wextra '-DG_LOG_DOMAIN="devhelp"' -fno-strict-aliasing -Wundef -Wnested-externs -Wwrite-strings -Wpointer-arith -Wmissing-declarations -Wmissing-prototypes -Wstrict-prototypes -Wredundant-decls -Wno-unused-parameter -Wno-missing-field-initializers -Wdeclaration-after-statement -Wformat=2 -Wold-style-definition -Wcast-align -Wformat-nonliteral -Wformat-security -Wsign-compare -Wstrict-aliasing -Wshadow -Winline -Wpacked -Wmissing-format-attribute -Wmissing-noreturn -Winit-self -Wredundant-decls -Wmissing-include-dirs -Wunused-but-set-variable -Warray-bounds -Wimplicit-function-declaration -Wreturn-type -Wswitch-enum -Wswitch-default -Wduplicated-cond -Wduplicated-branches -Wlogical-op -Wrestrict -Wnull-dereference -Wjump-misses-init -Wdouble-promotion -O2 -g -pipe -Wall -Werror=format-security -Wp,-D_FORTIFY_SOURCE=2 -Wp,-D_GLIBCXX_ASSERTIONS -fstack-protector-strong -grecord-gcc-switches -specs=/usr/lib/rpm/generic-hardened-cc1 -fasynchronous-unwind-tables -fstack-clash-protection -fPIC -pthread -MD -MQ devhelp/libdevhelp-static.a.p/dh-parser.c.o -MF devhelp/libdevhelp-static.a.p/dh-parser.c.o.d -o devhelp/libdevhelp-static.a.p/dh-parser.c.o -c ../devhelp/dh-parser.c
[ 2874s] [36/57] cc -Iunit-tests/test-util.p -Iunit-tests -I../unit-tests -I. -I.. -Idevhelp -I/usr/include/glib-2.0 -I/usr/lib64/glib-2.0/include -I/usr/include/libmount -I/usr/include/blkid -I/usr/include/gtk-3.0 -I/usr/include/pango-1.0 -I/usr/include/harfbuzz -I/usr/include/freetype2 -I/usr/include/libpng16 -I/usr/include/fribidi -I/usr/include/libxml2 -I/usr/include/cairo -I/usr/include/pixman-1 -I/usr/include/gdk-pixbuf-2.0 -I/usr/include/gio-unix-2.0 -I/usr/include/atk-1.0 -I/usr/include/at-spi2-atk/2.0 -I/usr/include/dbus-1.0 -I/usr/lib64/dbus-1.0/include -I/usr/include/at-spi-2.0 -I/usr/include/webkitgtk-4.0 -I/usr/include/libsoup-2.4 -I/usr/include/sysprof-4 -I/usr/include/gsettings-desktop-schemas -fdiagnostics-color=always -D_FILE_OFFSET_BITS=64 -Wall -Winvalid-pch -Wextra '-DG_LOG_DOMAIN="devhelp"' -fno-strict-aliasing -Wundef -Wnested-externs -Wwrite-strings -Wpointer-arith -Wmissing-declarations -Wmissing-prototypes -Wstrict-prototypes -Wredundant-decls -Wno-unused-parameter -Wno-missing-field-initializers -Wdeclaration-after-statement -Wformat=2 -Wold-style-definition -Wcast-align -Wformat-nonliteral -Wformat-security -Wsign-compare -Wstrict-aliasing -Wshadow -Winline -Wpacked -Wmissing-format-attribute -Wmissing-noreturn -Winit-self -Wredundant-decls -Wmissing-include-dirs -Wunused-but-set-variable -Warray-bounds -Wimplicit-function-declaration -Wreturn-type -Wswitch-enum -Wswitch-default -Wduplicated-cond -Wduplicated-branches -Wlogical-op -Wrestrict -Wnull-dereference -Wjump-misses-init -Wdouble-promotion -O2 -g -pipe -Wall -Werror=format-security -Wp,-D_FORTIFY_SOURCE=2 -Wp,-D_GLIBCXX_ASSERTIONS -fstack-protector-strong -grecord-gcc-switches -specs=/usr/lib/rpm/generic-hardened-cc1 -fasynchronous-unwind-tables -fstack-clash-protection -pthread -MD -MQ unit-tests/test-util.p/test-util.c.o -MF unit-tests/test-util.p/test-util.c.o.d -o unit-tests/test-util.p/test-util.c.o -c ../unit-tests/test-util.c
[ 2874s] [37/57] cc -Isrc/devhelp.p -Isrc -I../src -I. -I.. -Idevhelp -I/usr/include/glib-2.0 -I/usr/lib64/glib-2.0/include -I/usr/include/libmount -I/usr/include/blkid -I/usr/include/gtk-3.0 -I/usr/include/pango-1.0 -I/usr/include/harfbuzz -I/usr/include/freetype2 -I/usr/include/libpng16 -I/usr/include/fribidi -I/usr/include/libxml2 -I/usr/include/cairo -I/usr/include/pixman-1 -I/usr/include/gdk-pixbuf-2.0 -I/usr/include/gio-unix-2.0 -I/usr/include/atk-1.0 -I/usr/include/at-spi2-atk/2.0 -I/usr/include/dbus-1.0 -I/usr/lib64/dbus-1.0/include -I/usr/include/at-spi-2.0 -I/usr/include/webkitgtk-4.0 -I/usr/include/libsoup-2.4 -I/usr/include/sysprof-4 -I/usr/include/gsettings-desktop-schemas -I/usr/include/amtk-5 -fdiagnostics-color=always -D_FILE_OFFSET_BITS=64 -Wall -Winvalid-pch -Wextra '-DG_LOG_DOMAIN="devhelp"' -fno-strict-aliasing -Wundef -Wnested-externs -Wwrite-strings -Wpointer-arith -Wmissing-declarations -Wmissing-prototypes -Wstrict-prototypes -Wredundant-decls -Wno-unused-parameter -Wno-missing-field-initializers -Wdeclaration-after-statement -Wformat=2 -Wold-style-definition -Wcast-align -Wformat-nonliteral -Wformat-security -Wsign-compare -Wstrict-aliasing -Wshadow -Winline -Wpacked -Wmissing-format-attribute -Wmissing-noreturn -Winit-self -Wredundant-decls -Wmissing-include-dirs -Wunused-but-set-variable -Warray-bounds -Wimplicit-function-declaration -Wreturn-type -Wswitch-enum -Wswitch-default -Wduplicated-cond -Wduplicated-branches -Wlogical-op -Wrestrict -Wnull-dereference -Wjump-misses-init -Wdouble-promotion -O2 -g -pipe -Wall -Werror=format-security -Wp,-D_FORTIFY_SOURCE=2 -Wp,-D_GLIBCXX_ASSERTIONS -fstack-protector-strong -grecord-gcc-switches -specs=/usr/lib/rpm/generic-hardened-cc1 -fasynchronous-unwind-tables -fstack-clash-protection -pthread -MD -MQ src/devhelp.p/dh-settings-app.c.o -MF src/devhelp.p/dh-settings-app.c.o.d -o src/devhelp.p/dh-settings-app.c.o -c ../src/dh-settings-app.c
[ 2875s] [38/57] cc -Idevhelp/libdevhelp-static.a.p -Idevhelp -I../devhelp -I. -I.. -I/usr/include/glib-2.0 -I/usr/lib64/glib-2.0/include -I/usr/include/libmount -I/usr/include/blkid -I/usr/include/gtk-3.0 -I/usr/include/pango-1.0 -I/usr/include/harfbuzz -I/usr/include/freetype2 -I/usr/include/libpng16 -I/usr/include/fribidi -I/usr/include/libxml2 -I/usr/include/cairo -I/usr/include/pixman-1 -I/usr/include/gdk-pixbuf-2.0 -I/usr/include/gio-unix-2.0 -I/usr/include/atk-1.0 -I/usr/include/at-spi2-atk/2.0 -I/usr/include/dbus-1.0 -I/usr/lib64/dbus-1.0/include -I/usr/include/at-spi-2.0 -I/usr/include/webkitgtk-4.0 -I/usr/include/libsoup-2.4 -I/usr/include/sysprof-4 -I/usr/include/gsettings-desktop-schemas -fdiagnostics-color=always -D_FILE_OFFSET_BITS=64 -Wall -Winvalid-pch -Wextra '-DG_LOG_DOMAIN="devhelp"' -fno-strict-aliasing -Wundef -Wnested-externs -Wwrite-strings -Wpointer-arith -Wmissing-declarations -Wmissing-prototypes -Wstrict-prototypes -Wredundant-decls -Wno-unused-parameter -Wno-missing-field-initializers -Wdeclaration-after-statement -Wformat=2 -Wold-style-definition -Wcast-align -Wformat-nonliteral -Wformat-security -Wsign-compare -Wstrict-aliasing -Wshadow -Winline -Wpacked -Wmissing-format-attribute -Wmissing-noreturn -Winit-self -Wredundant-decls -Wmissing-include-dirs -Wunused-but-set-variable -Warray-bounds -Wimplicit-function-declaration -Wreturn-type -Wswitch-enum -Wswitch-default -Wduplicated-cond -Wduplicated-branches -Wlogical-op -Wrestrict -Wnull-dereference -Wjump-misses-init -Wdouble-promotion -O2 -g -pipe -Wall -Werror=format-security -Wp,-D_FORTIFY_SOURCE=2 -Wp,-D_GLIBCXX_ASSERTIONS -fstack-protector-strong -grecord-gcc-switches -specs=/usr/lib/rpm/generic-hardened-cc1 -fasynchronous-unwind-tables -fstack-clash-protection -fPIC -pthread -MD -MQ devhelp/libdevhelp-static.a.p/dh-util-lib.c.o -MF devhelp/libdevhelp-static.a.p/dh-util-lib.c.o.d -o devhelp/libdevhelp-static.a.p/dh-util-lib.c.o -c ../devhelp/dh-util-lib.c
[ 2877s] [39/57] rm -f devhelp/libdevhelp-static.a && gcc-ar csrD devhelp/libdevhelp-static.a devhelp/libdevhelp-static.a.p/meson-generated_.._dh-enum-types.c.o devhelp/libdevhelp-static.a.p/dh-application-window.c.o devhelp/libdevhelp-static.a.p/dh-assistant-view.c.o devhelp/libdevhelp-static.a.p/dh-book.c.o devhelp/libdevhelp-static.a.p/dh-book-list.c.o devhelp/libdevhelp-static.a.p/dh-book-list-builder.c.o devhelp/libdevhelp-static.a.p/dh-book-list-directory.c.o devhelp/libdevhelp-static.a.p/dh-book-manager.c.o devhelp/libdevhelp-static.a.p/dh-book-tree.c.o devhelp/libdevhelp-static.a.p/dh-completion.c.o devhelp/libdevhelp-static.a.p/dh-init.c.o devhelp/libdevhelp-static.a.p/dh-keyword-model.c.o devhelp/libdevhelp-static.a.p/dh-link.c.o devhelp/libdevhelp-static.a.p/dh-notebook.c.o devhelp/libdevhelp-static.a.p/dh-profile.c.o devhelp/libdevhelp-static.a.p/dh-profile-builder.c.o devhelp/libdevhelp-static.a.p/dh-search-bar.c.o devhelp/libdevhelp-static.a.p/dh-settings.c.o devhelp/libdevhelp-static.a.p/dh-settings-builder.c.o devhelp/libdevhelp-static.a.p/dh-sidebar.c.o devhelp/libdevhelp-static.a.p/dh-tab.c.o devhelp/libdevhelp-static.a.p/dh-tab-label.c.o devhelp/libdevhelp-static.a.p/dh-web-view.c.o devhelp/libdevhelp-static.a.p/dh-book-list-simple.c.o devhelp/libdevhelp-static.a.p/dh-error.c.o devhelp/libdevhelp-static.a.p/dh-parser.c.o devhelp/libdevhelp-static.a.p/dh-search-context.c.o devhelp/libdevhelp-static.a.p/dh-util-lib.c.o
[ 2881s] [40/57] cc -Isrc/devhelp.p -Isrc -I../src -I. -I.. -Idevhelp -I/usr/include/glib-2.0 -I/usr/lib64/glib-2.0/include -I/usr/include/libmount -I/usr/include/blkid -I/usr/include/gtk-3.0 -I/usr/include/pango-1.0 -I/usr/include/harfbuzz -I/usr/include/freetype2 -I/usr/include/libpng16 -I/usr/include/fribidi -I/usr/include/libxml2 -I/usr/include/cairo -I/usr/include/pixman-1 -I/usr/include/gdk-pixbuf-2.0 -I/usr/include/gio-unix-2.0 -I/usr/include/atk-1.0 -I/usr/include/at-spi2-atk/2.0 -I/usr/include/dbus-1.0 -I/usr/lib64/dbus-1.0/include -I/usr/include/at-spi-2.0 -I/usr/include/webkitgtk-4.0 -I/usr/include/libsoup-2.4 -I/usr/include/sysprof-4 -I/usr/include/gsettings-desktop-schemas -I/usr/include/amtk-5 -fdiagnostics-color=always -D_FILE_OFFSET_BITS=64 -Wall -Winvalid-pch -Wextra '-DG_LOG_DOMAIN="devhelp"' -fno-strict-aliasing -Wundef -Wnested-externs -Wwrite-strings -Wpointer-arith -Wmissing-declarations -Wmissing-prototypes -Wstrict-prototypes -Wredundant-decls -Wno-unused-parameter -Wno-missing-field-initializers -Wdeclaration-after-statement -Wformat=2 -Wold-style-definition -Wcast-align -Wformat-nonliteral -Wformat-security -Wsign-compare -Wstrict-aliasing -Wshadow -Winline -Wpacked -Wmissing-format-attribute -Wmissing-noreturn -Winit-self -Wredundant-decls -Wmissing-include-dirs -Wunused-but-set-variable -Warray-bounds -Wimplicit-function-declaration -Wreturn-type -Wswitch-enum -Wswitch-default -Wduplicated-cond -Wduplicated-branches -Wlogical-op -Wrestrict -Wnull-dereference -Wjump-misses-init -Wdouble-promotion -O2 -g -pipe -Wall -Werror=format-security -Wp,-D_FORTIFY_SOURCE=2 -Wp,-D_GLIBCXX_ASSERTIONS -fstack-protector-strong -grecord-gcc-switches -specs=/usr/lib/rpm/generic-hardened-cc1 -fasynchronous-unwind-tables -fstack-clash-protection -pthread -MD -MQ src/devhelp.p/dh-assistant.c.o -MF src/devhelp.p/dh-assistant.c.o.d -o src/devhelp.p/dh-assistant.c.o -c ../src/dh-assistant.c
[ 2883s] [41/57] cc  -o devhelp/libdevhelp-3.so.6.3.0  -Wl,--as-needed -Wl,--no-undefined -shared -fPIC -Wl,--start-group -Wl,-soname,libdevhelp-3.so.6 -Wl,--whole-archive devhelp/libdevhelp-static.a -Wl,--no-whole-archive -Wl,-z,relro -Wl,-z,now -specs=/usr/lib/rpm/generic-hardened-ld -O2 -g -pipe -Wall -Werror=format-security -Wp,-D_FORTIFY_SOURCE=2 -Wp,-D_GLIBCXX_ASSERTIONS -fstack-protector-strong -grecord-gcc-switches -specs=/usr/lib/rpm/generic-hardened-cc1 -fasynchronous-unwind-tables -fstack-clash-protection -Wl,--version-script,/home/abuild/rpmbuild/BUILD/devhelp-3.38.1/devhelp/symbol.map /usr/lib64/libgio-2.0.so /usr/lib64/libgobject-2.0.so /usr/lib64/libglib-2.0.so /usr/lib64/libgtk-3.so /usr/lib64/libgdk-3.so /usr/lib64/libpangocairo-1.0.so /usr/lib64/libpango-1.0.so /usr/lib64/libharfbuzz.so /usr/lib64/libatk-1.0.so /usr/lib64/libcairo-gobject.so /usr/lib64/libcairo.so /usr/lib64/libgdk_pixbuf-2.0.so /usr/lib64/libwebkit2gtk-4.0.so /usr/lib64/libsoup-2.4.so /usr/lib64/libjavascriptcoregtk-4.0.so -lm -Wl,--end-group
[ 2884s] [42/57] cc -Isrc/devhelp.p -Isrc -I../src -I. -I.. -Idevhelp -I/usr/include/glib-2.0 -I/usr/lib64/glib-2.0/include -I/usr/include/libmount -I/usr/include/blkid -I/usr/include/gtk-3.0 -I/usr/include/pango-1.0 -I/usr/include/harfbuzz -I/usr/include/freetype2 -I/usr/include/libpng16 -I/usr/include/fribidi -I/usr/include/libxml2 -I/usr/include/cairo -I/usr/include/pixman-1 -I/usr/include/gdk-pixbuf-2.0 -I/usr/include/gio-unix-2.0 -I/usr/include/atk-1.0 -I/usr/include/at-spi2-atk/2.0 -I/usr/include/dbus-1.0 -I/usr/lib64/dbus-1.0/include -I/usr/include/at-spi-2.0 -I/usr/include/webkitgtk-4.0 -I/usr/include/libsoup-2.4 -I/usr/include/sysprof-4 -I/usr/include/gsettings-desktop-schemas -I/usr/include/amtk-5 -fdiagnostics-color=always -D_FILE_OFFSET_BITS=64 -Wall -Winvalid-pch -Wextra '-DG_LOG_DOMAIN="devhelp"' -fno-strict-aliasing -Wundef -Wnested-externs -Wwrite-strings -Wpointer-arith -Wmissing-declarations -Wmissing-prototypes -Wstrict-prototypes -Wredundant-decls -Wno-unused-parameter -Wno-missing-field-initializers -Wdeclaration-after-statement -Wformat=2 -Wold-style-definition -Wcast-align -Wformat-nonliteral -Wformat-security -Wsign-compare -Wstrict-aliasing -Wshadow -Winline -Wpacked -Wmissing-format-attribute -Wmissing-noreturn -Winit-self -Wredundant-decls -Wmissing-include-dirs -Wunused-but-set-variable -Warray-bounds -Wimplicit-function-declaration -Wreturn-type -Wswitch-enum -Wswitch-default -Wduplicated-cond -Wduplicated-branches -Wlogical-op -Wrestrict -Wnull-dereference -Wjump-misses-init -Wdouble-promotion -O2 -g -pipe -Wall -Werror=format-security -Wp,-D_FORTIFY_SOURCE=2 -Wp,-D_GLIBCXX_ASSERTIONS -fstack-protector-strong -grecord-gcc-switches -specs=/usr/lib/rpm/generic-hardened-cc1 -fasynchronous-unwind-tables -fstack-clash-protection -pthread -MD -MQ src/devhelp.p/dh-app.c.o -MF src/devhelp.p/dh-app.c.o.d -o src/devhelp.p/dh-app.c.o -c ../src/dh-app.c
[ 2885s] [43/57] cc -Isrc/devhelp.p -Isrc -I../src -I. -I.. -Idevhelp -I/usr/include/glib-2.0 -I/usr/lib64/glib-2.0/include -I/usr/include/libmount -I/usr/include/blkid -I/usr/include/gtk-3.0 -I/usr/include/pango-1.0 -I/usr/include/harfbuzz -I/usr/include/freetype2 -I/usr/include/libpng16 -I/usr/include/fribidi -I/usr/include/libxml2 -I/usr/include/cairo -I/usr/include/pixman-1 -I/usr/include/gdk-pixbuf-2.0 -I/usr/include/gio-unix-2.0 -I/usr/include/atk-1.0 -I/usr/include/at-spi2-atk/2.0 -I/usr/include/dbus-1.0 -I/usr/lib64/dbus-1.0/include -I/usr/include/at-spi-2.0 -I/usr/include/webkitgtk-4.0 -I/usr/include/libsoup-2.4 -I/usr/include/sysprof-4 -I/usr/include/gsettings-desktop-schemas -I/usr/include/amtk-5 -fdiagnostics-color=always -D_FILE_OFFSET_BITS=64 -Wall -Winvalid-pch -Wextra '-DG_LOG_DOMAIN="devhelp"' -fno-strict-aliasing -Wundef -Wnested-externs -Wwrite-strings -Wpointer-arith -Wmissing-declarations -Wmissing-prototypes -Wstrict-prototypes -Wredundant-decls -Wno-unused-parameter -Wno-missing-field-initializers -Wdeclaration-after-statement -Wformat=2 -Wold-style-definition -Wcast-align -Wformat-nonliteral -Wformat-security -Wsign-compare -Wstrict-aliasing -Wshadow -Winline -Wpacked -Wmissing-format-attribute -Wmissing-noreturn -Winit-self -Wredundant-decls -Wmissing-include-dirs -Wunused-but-set-variable -Warray-bounds -Wimplicit-function-declaration -Wreturn-type -Wswitch-enum -Wswitch-default -Wduplicated-cond -Wduplicated-branches -Wlogical-op -Wrestrict -Wnull-dereference -Wjump-misses-init -Wdouble-promotion -O2 -g -pipe -Wall -Werror=format-security -Wp,-D_FORTIFY_SOURCE=2 -Wp,-D_GLIBCXX_ASSERTIONS -fstack-protector-strong -grecord-gcc-switches -specs=/usr/lib/rpm/generic-hardened-cc1 -fasynchronous-unwind-tables -fstack-clash-protection -pthread -MD -MQ src/devhelp.p/dh-main.c.o -MF src/devhelp.p/dh-main.c.o.d -o src/devhelp.p/dh-main.c.o -c ../src/dh-main.c
[ 2888s] [44/57] cc -Isrc/devhelp.p -Isrc -I../src -I. -I.. -Idevhelp -I/usr/include/glib-2.0 -I/usr/lib64/glib-2.0/include -I/usr/include/libmount -I/usr/include/blkid -I/usr/include/gtk-3.0 -I/usr/include/pango-1.0 -I/usr/include/harfbuzz -I/usr/include/freetype2 -I/usr/include/libpng16 -I/usr/include/fribidi -I/usr/include/libxml2 -I/usr/include/cairo -I/usr/include/pixman-1 -I/usr/include/gdk-pixbuf-2.0 -I/usr/include/gio-unix-2.0 -I/usr/include/atk-1.0 -I/usr/include/at-spi2-atk/2.0 -I/usr/include/dbus-1.0 -I/usr/lib64/dbus-1.0/include -I/usr/include/at-spi-2.0 -I/usr/include/webkitgtk-4.0 -I/usr/include/libsoup-2.4 -I/usr/include/sysprof-4 -I/usr/include/gsettings-desktop-schemas -I/usr/include/amtk-5 -fdiagnostics-color=always -D_FILE_OFFSET_BITS=64 -Wall -Winvalid-pch -Wextra '-DG_LOG_DOMAIN="devhelp"' -fno-strict-aliasing -Wundef -Wnested-externs -Wwrite-strings -Wpointer-arith -Wmissing-declarations -Wmissing-prototypes -Wstrict-prototypes -Wredundant-decls -Wno-unused-parameter -Wno-missing-field-initializers -Wdeclaration-after-statement -Wformat=2 -Wold-style-definition -Wcast-align -Wformat-nonliteral -Wformat-security -Wsign-compare -Wstrict-aliasing -Wshadow -Winline -Wpacked -Wmissing-format-attribute -Wmissing-noreturn -Winit-self -Wredundant-decls -Wmissing-include-dirs -Wunused-but-set-variable -Warray-bounds -Wimplicit-function-declaration -Wreturn-type -Wswitch-enum -Wswitch-default -Wduplicated-cond -Wduplicated-branches -Wlogical-op -Wrestrict -Wnull-dereference -Wjump-misses-init -Wdouble-promotion -O2 -g -pipe -Wall -Werror=format-security -Wp,-D_FORTIFY_SOURCE=2 -Wp,-D_GLIBCXX_ASSERTIONS -fstack-protector-strong -grecord-gcc-switches -specs=/usr/lib/rpm/generic-hardened-cc1 -fasynchronous-unwind-tables -fstack-clash-protection -pthread -MD -MQ src/devhelp.p/dh-preferences.c.o -MF src/devhelp.p/dh-preferences.c.o.d -o src/devhelp.p/dh-preferences.c.o -c ../src/dh-preferences.c
[ 2888s] [45/57] /usr/bin/g-ir-scanner --no-libtool --namespace=Devhelp --nsversion=3.0 --warn-all --output devhelp/Devhelp-3.0.gir --c-include=devhelp/devhelp.h -I/home/abuild/rpmbuild/BUILD/devhelp-3.38.1/devhelp -I/home/abuild/rpmbuild/BUILD/devhelp-3.38.1/riscv64-openEuler-linux-gnu/devhelp --filelist=/home/abuild/rpmbuild/BUILD/devhelp-3.38.1/riscv64-openEuler-linux-gnu/devhelp/libdevhelp-3.so.6.3.0.p/Devhelp_3.0_gir_filelist --include=Gtk-3.0 --include=WebKit2-4.0 --identifier-prefix=Dh --pkg-export=libdevhelp-3.0 --cflags-begin '-DG_LOG_DOMAIN="devhelp"' -fno-strict-aliasing -Wundef -Wnested-externs -Wwrite-strings -Wpointer-arith -Wmissing-declarations -Wmissing-prototypes -Wstrict-prototypes -Wredundant-decls -Wno-unused-parameter -Wno-missing-field-initializers -Wdeclaration-after-statement -Wformat=2 -Wold-style-definition -Wcast-align -Wformat-nonliteral -Wformat-security -Wsign-compare -Wstrict-aliasing -Wshadow -Winline -Wpacked -Wmissing-format-attribute -Wmissing-noreturn -Winit-self -Wredundant-decls -Wmissing-include-dirs -Wunused-but-set-variable -Warray-bounds -Wimplicit-function-declaration -Wreturn-type -Wswitch-enum -Wswitch-default -Wduplicated-cond -Wduplicated-branches -Wlogical-op -Wrestrict -Wnull-dereference -Wjump-misses-init -Wdouble-promotion -I/usr/include/gobject-introspection-1.0 -I/usr/include/glib-2.0 -I/usr/lib64/glib-2.0/include --cflags-end -I/home/abuild/rpmbuild/BUILD/devhelp-3.38.1/riscv64-openEuler-linux-gnu/. -I/home/abuild/rpmbuild/BUILD/devhelp-3.38.1/. --add-include-path=/usr/share/gir-1.0 --add-include-path=/home/abuild/rpmbuild/BUILD/devhelp-3.38.1/riscv64-openEuler-linux-gnu/. --add-include-path=/home/abuild/rpmbuild/BUILD/devhelp-3.38.1/. -L/home/abuild/rpmbuild/BUILD/devhelp-3.38.1/riscv64-openEuler-linux-gnu/devhelp --library devhelp-3 -lgirepository-1.0 -lgobject-2.0 -lglib-2.0
[ 2888s] FAILED: devhelp/Devhelp-3.0.gir 
[ 2888s] /usr/bin/g-ir-scanner --no-libtool --namespace=Devhelp --nsversion=3.0 --warn-all --output devhelp/Devhelp-3.0.gir --c-include=devhelp/devhelp.h -I/home/abuild/rpmbuild/BUILD/devhelp-3.38.1/devhelp -I/home/abuild/rpmbuild/BUILD/devhelp-3.38.1/riscv64-openEuler-linux-gnu/devhelp --filelist=/home/abuild/rpmbuild/BUILD/devhelp-3.38.1/riscv64-openEuler-linux-gnu/devhelp/libdevhelp-3.so.6.3.0.p/Devhelp_3.0_gir_filelist --include=Gtk-3.0 --include=WebKit2-4.0 --identifier-prefix=Dh --pkg-export=libdevhelp-3.0 --cflags-begin '-DG_LOG_DOMAIN="devhelp"' -fno-strict-aliasing -Wundef -Wnested-externs -Wwrite-strings -Wpointer-arith -Wmissing-declarations -Wmissing-prototypes -Wstrict-prototypes -Wredundant-decls -Wno-unused-parameter -Wno-missing-field-initializers -Wdeclaration-after-statement -Wformat=2 -Wold-style-definition -Wcast-align -Wformat-nonliteral -Wformat-security -Wsign-compare -Wstrict-aliasing -Wshadow -Winline -Wpacked -Wmissing-format-attribute -Wmissing-noreturn -Winit-self -Wredundant-decls -Wmissing-include-dirs -Wunused-but-set-variable -Warray-bounds -Wimplicit-function-declaration -Wreturn-type -Wswitch-enum -Wswitch-default -Wduplicated-cond -Wduplicated-branches -Wlogical-op -Wrestrict -Wnull-dereference -Wjump-misses-init -Wdouble-promotion -I/usr/include/gobject-introspection-1.0 -I/usr/include/glib-2.0 -I/usr/lib64/glib-2.0/include --cflags-end -I/home/abuild/rpmbuild/BUILD/devhelp-3.38.1/riscv64-openEuler-linux-gnu/. -I/home/abuild/rpmbuild/BUILD/devhelp-3.38.1/. --add-include-path=/usr/share/gir-1.0 --add-include-path=/home/abuild/rpmbuild/BUILD/devhelp-3.38.1/riscv64-openEuler-linux-gnu/. --add-include-path=/home/abuild/rpmbuild/BUILD/devhelp-3.38.1/. -L/home/abuild/rpmbuild/BUILD/devhelp-3.38.1/riscv64-openEuler-linux-gnu/devhelp --library devhelp-3 -lgirepository-1.0 -lgobject-2.0 -lglib-2.0
[ 2888s] Traceback (most recent call last):
[ 2888s]   File "/usr/bin/g-ir-scanner", line 98, in <module>
[ 2888s]     from giscanner.scannermain import scanner_main
[ 2888s]   File "/usr/lib64/gobject-introspection/giscanner/scannermain.py", line 35, in <module>
[ 2888s]     from giscanner.ast import Include, Namespace
[ 2888s]   File "/usr/lib64/gobject-introspection/giscanner/ast.py", line 29, in <module>
[ 2888s]     from .sourcescanner import CTYPE_TYPEDEF, CSYMBOL_TYPE_TYPEDEF
[ 2888s]   File "/usr/lib64/gobject-introspection/giscanner/sourcescanner.py", line 35, in <module>
[ 2888s]     from giscanner._giscanner import SourceScanner as CSourceScanner
[ 2888s] ModuleNotFoundError: No module named 'giscanner._giscanner'
[ 2890s] [46/57] cc -Isrc/devhelp.p -Isrc -I../src -I. -I.. -Idevhelp -I/usr/include/glib-2.0 -I/usr/lib64/glib-2.0/include -I/usr/include/libmount -I/usr/include/blkid -I/usr/include/gtk-3.0 -I/usr/include/pango-1.0 -I/usr/include/harfbuzz -I/usr/include/freetype2 -I/usr/include/libpng16 -I/usr/include/fribidi -I/usr/include/libxml2 -I/usr/include/cairo -I/usr/include/pixman-1 -I/usr/include/gdk-pixbuf-2.0 -I/usr/include/gio-unix-2.0 -I/usr/include/atk-1.0 -I/usr/include/at-spi2-atk/2.0 -I/usr/include/dbus-1.0 -I/usr/lib64/dbus-1.0/include -I/usr/include/at-spi-2.0 -I/usr/include/webkitgtk-4.0 -I/usr/include/libsoup-2.4 -I/usr/include/sysprof-4 -I/usr/include/gsettings-desktop-schemas -I/usr/include/amtk-5 -fdiagnostics-color=always -D_FILE_OFFSET_BITS=64 -Wall -Winvalid-pch -Wextra '-DG_LOG_DOMAIN="devhelp"' -fno-strict-aliasing -Wundef -Wnested-externs -Wwrite-strings -Wpointer-arith -Wmissing-declarations -Wmissing-prototypes -Wstrict-prototypes -Wredundant-decls -Wno-unused-parameter -Wno-missing-field-initializers -Wdeclaration-after-statement -Wformat=2 -Wold-style-definition -Wcast-align -Wformat-nonliteral -Wformat-security -Wsign-compare -Wstrict-aliasing -Wshadow -Winline -Wpacked -Wmissing-format-attribute -Wmissing-noreturn -Winit-self -Wredundant-decls -Wmissing-include-dirs -Wunused-but-set-variable -Warray-bounds -Wimplicit-function-declaration -Wreturn-type -Wswitch-enum -Wswitch-default -Wduplicated-cond -Wduplicated-branches -Wlogical-op -Wrestrict -Wnull-dereference -Wjump-misses-init -Wdouble-promotion -O2 -g -pipe -Wall -Werror=format-security -Wp,-D_FORTIFY_SOURCE=2 -Wp,-D_GLIBCXX_ASSERTIONS -fstack-protector-strong -grecord-gcc-switches -specs=/usr/lib/rpm/generic-hardened-cc1 -fasynchronous-unwind-tables -fstack-clash-protection -pthread -MD -MQ src/devhelp.p/dh-util-app.c.o -MF src/devhelp.p/dh-util-app.c.o.d -o src/devhelp.p/dh-util-app.c.o -c ../src/dh-util-app.c
[ 2900s] [47/57] cc -Iunit-tests/test-search-context.p -Iunit-tests -I../unit-tests -I. -I.. -Idevhelp -I/usr/include/glib-2.0 -I/usr/lib64/glib-2.0/include -I/usr/include/libmount -I/usr/include/blkid -I/usr/include/gtk-3.0 -I/usr/include/pango-1.0 -I/usr/include/harfbuzz -I/usr/include/freetype2 -I/usr/include/libpng16 -I/usr/include/fribidi -I/usr/include/libxml2 -I/usr/include/cairo -I/usr/include/pixman-1 -I/usr/include/gdk-pixbuf-2.0 -I/usr/include/gio-unix-2.0 -I/usr/include/atk-1.0 -I/usr/include/at-spi2-atk/2.0 -I/usr/include/dbus-1.0 -I/usr/lib64/dbus-1.0/include -I/usr/include/at-spi-2.0 -I/usr/include/webkitgtk-4.0 -I/usr/include/libsoup-2.4 -I/usr/include/sysprof-4 -I/usr/include/gsettings-desktop-schemas -fdiagnostics-color=always -D_FILE_OFFSET_BITS=64 -Wall -Winvalid-pch -Wextra '-DG_LOG_DOMAIN="devhelp"' -fno-strict-aliasing -Wundef -Wnested-externs -Wwrite-strings -Wpointer-arith -Wmissing-declarations -Wmissing-prototypes -Wstrict-prototypes -Wredundant-decls -Wno-unused-parameter -Wno-missing-field-initializers -Wdeclaration-after-statement -Wformat=2 -Wold-style-definition -Wcast-align -Wformat-nonliteral -Wformat-security -Wsign-compare -Wstrict-aliasing -Wshadow -Winline -Wpacked -Wmissing-format-attribute -Wmissing-noreturn -Winit-self -Wredundant-decls -Wmissing-include-dirs -Wunused-but-set-variable -Warray-bounds -Wimplicit-function-declaration -Wreturn-type -Wswitch-enum -Wswitch-default -Wduplicated-cond -Wduplicated-branches -Wlogical-op -Wrestrict -Wnull-dereference -Wjump-misses-init -Wdouble-promotion -O2 -g -pipe -Wall -Werror=format-security -Wp,-D_FORTIFY_SOURCE=2 -Wp,-D_GLIBCXX_ASSERTIONS -fstack-protector-strong -grecord-gcc-switches -specs=/usr/lib/rpm/generic-hardened-cc1 -fasynchronous-unwind-tables -fstack-clash-protection -pthread -MD -MQ unit-tests/test-search-context.p/test-search-context.c.o -MF unit-tests/test-search-context.p/test-search-context.c.o.d -o unit-tests/test-search-context.p/test-search-context.c.o -c ../unit-tests/test-search-context.c
[ 2901s] [48/57] /usr/bin/meson --internal symbolextractor /home/abuild/rpmbuild/BUILD/devhelp-3.38.1/riscv64-openEuler-linux-gnu devhelp/libdevhelp-3.so.6.3.0 devhelp/libdevhelp-3.so.6.3.0 devhelp/libdevhelp-3.so.6.3.0.p/libdevhelp-3.so.6.3.0.symbols 
[ 2901s] [49/57] cc  -o unit-tests/test-util unit-tests/test-util.p/test-util.c.o -Wl,--as-needed -Wl,--no-undefined -Wl,-z,relro -Wl,-z,now -specs=/usr/lib/rpm/generic-hardened-ld -O2 -g -pipe -Wall -Werror=format-security -Wp,-D_FORTIFY_SOURCE=2 -Wp,-D_GLIBCXX_ASSERTIONS -fstack-protector-strong -grecord-gcc-switches -specs=/usr/lib/rpm/generic-hardened-cc1 -fasynchronous-unwind-tables -fstack-clash-protection -Wl,--start-group devhelp/libdevhelp-static.a /usr/lib64/libgio-2.0.so /usr/lib64/libgobject-2.0.so /usr/lib64/libglib-2.0.so /usr/lib64/libgtk-3.so /usr/lib64/libgdk-3.so /usr/lib64/libpangocairo-1.0.so /usr/lib64/libpango-1.0.so /usr/lib64/libharfbuzz.so /usr/lib64/libatk-1.0.so /usr/lib64/libcairo-gobject.so /usr/lib64/libcairo.so /usr/lib64/libgdk_pixbuf-2.0.so /usr/lib64/libwebkit2gtk-4.0.so /usr/lib64/libsoup-2.4.so /usr/lib64/libjavascriptcoregtk-4.0.so -lm -Wl,--end-group
[ 2901s] [50/57] cc -Iunit-tests/test-completion.p -Iunit-tests -I../unit-tests -I. -I.. -Idevhelp -I/usr/include/glib-2.0 -I/usr/lib64/glib-2.0/include -I/usr/include/libmount -I/usr/include/blkid -I/usr/include/gtk-3.0 -I/usr/include/pango-1.0 -I/usr/include/harfbuzz -I/usr/include/freetype2 -I/usr/include/libpng16 -I/usr/include/fribidi -I/usr/include/libxml2 -I/usr/include/cairo -I/usr/include/pixman-1 -I/usr/include/gdk-pixbuf-2.0 -I/usr/include/gio-unix-2.0 -I/usr/include/atk-1.0 -I/usr/include/at-spi2-atk/2.0 -I/usr/include/dbus-1.0 -I/usr/lib64/dbus-1.0/include -I/usr/include/at-spi-2.0 -I/usr/include/webkitgtk-4.0 -I/usr/include/libsoup-2.4 -I/usr/include/sysprof-4 -I/usr/include/gsettings-desktop-schemas -fdiagnostics-color=always -D_FILE_OFFSET_BITS=64 -Wall -Winvalid-pch -Wextra '-DG_LOG_DOMAIN="devhelp"' -fno-strict-aliasing -Wundef -Wnested-externs -Wwrite-strings -Wpointer-arith -Wmissing-declarations -Wmissing-prototypes -Wstrict-prototypes -Wredundant-decls -Wno-unused-parameter -Wno-missing-field-initializers -Wdeclaration-after-statement -Wformat=2 -Wold-style-definition -Wcast-align -Wformat-nonliteral -Wformat-security -Wsign-compare -Wstrict-aliasing -Wshadow -Winline -Wpacked -Wmissing-format-attribute -Wmissing-noreturn -Winit-self -Wredundant-decls -Wmissing-include-dirs -Wunused-but-set-variable -Warray-bounds -Wimplicit-function-declaration -Wreturn-type -Wswitch-enum -Wswitch-default -Wduplicated-cond -Wduplicated-branches -Wlogical-op -Wrestrict -Wnull-dereference -Wjump-misses-init -Wdouble-promotion -O2 -g -pipe -Wall -Werror=format-security -Wp,-D_FORTIFY_SOURCE=2 -Wp,-D_GLIBCXX_ASSERTIONS -fstack-protector-strong -grecord-gcc-switches -specs=/usr/lib/rpm/generic-hardened-cc1 -fasynchronous-unwind-tables -fstack-clash-protection -pthread -MD -MQ unit-tests/test-completion.p/test-completion.c.o -MF unit-tests/test-completion.p/test-completion.c.o.d -o unit-tests/test-completion.p/test-completion.c.o -c ../unit-tests/test-completion.c
[ 2906s] [51/57] cc -Iunit-tests/test-link.p -Iunit-tests -I../unit-tests -I. -I.. -Idevhelp -I/usr/include/glib-2.0 -I/usr/lib64/glib-2.0/include -I/usr/include/libmount -I/usr/include/blkid -I/usr/include/gtk-3.0 -I/usr/include/pango-1.0 -I/usr/include/harfbuzz -I/usr/include/freetype2 -I/usr/include/libpng16 -I/usr/include/fribidi -I/usr/include/libxml2 -I/usr/include/cairo -I/usr/include/pixman-1 -I/usr/include/gdk-pixbuf-2.0 -I/usr/include/gio-unix-2.0 -I/usr/include/atk-1.0 -I/usr/include/at-spi2-atk/2.0 -I/usr/include/dbus-1.0 -I/usr/lib64/dbus-1.0/include -I/usr/include/at-spi-2.0 -I/usr/include/webkitgtk-4.0 -I/usr/include/libsoup-2.4 -I/usr/include/sysprof-4 -I/usr/include/gsettings-desktop-schemas -fdiagnostics-color=always -D_FILE_OFFSET_BITS=64 -Wall -Winvalid-pch -Wextra '-DG_LOG_DOMAIN="devhelp"' -fno-strict-aliasing -Wundef -Wnested-externs -Wwrite-strings -Wpointer-arith -Wmissing-declarations -Wmissing-prototypes -Wstrict-prototypes -Wredundant-decls -Wno-unused-parameter -Wno-missing-field-initializers -Wdeclaration-after-statement -Wformat=2 -Wold-style-definition -Wcast-align -Wformat-nonliteral -Wformat-security -Wsign-compare -Wstrict-aliasing -Wshadow -Winline -Wpacked -Wmissing-format-attribute -Wmissing-noreturn -Winit-self -Wredundant-decls -Wmissing-include-dirs -Wunused-but-set-variable -Warray-bounds -Wimplicit-function-declaration -Wreturn-type -Wswitch-enum -Wswitch-default -Wduplicated-cond -Wduplicated-branches -Wlogical-op -Wrestrict -Wnull-dereference -Wjump-misses-init -Wdouble-promotion -O2 -g -pipe -Wall -Werror=format-security -Wp,-D_FORTIFY_SOURCE=2 -Wp,-D_GLIBCXX_ASSERTIONS -fstack-protector-strong -grecord-gcc-switches -specs=/usr/lib/rpm/generic-hardened-cc1 -fasynchronous-unwind-tables -fstack-clash-protection -pthread -MD -MQ unit-tests/test-link.p/test-link.c.o -MF unit-tests/test-link.p/test-link.c.o.d -o unit-tests/test-link.p/test-link.c.o -c ../unit-tests/test-link.c
[ 2907s] [52/57] cc -Isrc/devhelp.p -Isrc -I../src -I. -I.. -Idevhelp -I/usr/include/glib-2.0 -I/usr/lib64/glib-2.0/include -I/usr/include/libmount -I/usr/include/blkid -I/usr/include/gtk-3.0 -I/usr/include/pango-1.0 -I/usr/include/harfbuzz -I/usr/include/freetype2 -I/usr/include/libpng16 -I/usr/include/fribidi -I/usr/include/libxml2 -I/usr/include/cairo -I/usr/include/pixman-1 -I/usr/include/gdk-pixbuf-2.0 -I/usr/include/gio-unix-2.0 -I/usr/include/atk-1.0 -I/usr/include/at-spi2-atk/2.0 -I/usr/include/dbus-1.0 -I/usr/lib64/dbus-1.0/include -I/usr/include/at-spi-2.0 -I/usr/include/webkitgtk-4.0 -I/usr/include/libsoup-2.4 -I/usr/include/sysprof-4 -I/usr/include/gsettings-desktop-schemas -I/usr/include/amtk-5 -fdiagnostics-color=always -D_FILE_OFFSET_BITS=64 -Wall -Winvalid-pch -Wextra '-DG_LOG_DOMAIN="devhelp"' -fno-strict-aliasing -Wundef -Wnested-externs -Wwrite-strings -Wpointer-arith -Wmissing-declarations -Wmissing-prototypes -Wstrict-prototypes -Wredundant-decls -Wno-unused-parameter -Wno-missing-field-initializers -Wdeclaration-after-statement -Wformat=2 -Wold-style-definition -Wcast-align -Wformat-nonliteral -Wformat-security -Wsign-compare -Wstrict-aliasing -Wshadow -Winline -Wpacked -Wmissing-format-attribute -Wmissing-noreturn -Winit-self -Wredundant-decls -Wmissing-include-dirs -Wunused-but-set-variable -Warray-bounds -Wimplicit-function-declaration -Wreturn-type -Wswitch-enum -Wswitch-default -Wduplicated-cond -Wduplicated-branches -Wlogical-op -Wrestrict -Wnull-dereference -Wjump-misses-init -Wdouble-promotion -O2 -g -pipe -Wall -Werror=format-security -Wp,-D_FORTIFY_SOURCE=2 -Wp,-D_GLIBCXX_ASSERTIONS -fstack-protector-strong -grecord-gcc-switches -specs=/usr/lib/rpm/generic-hardened-cc1 -fasynchronous-unwind-tables -fstack-clash-protection -pthread -MD -MQ src/devhelp.p/dh-window.c.o -MF src/devhelp.p/dh-window.c.o.d -o src/devhelp.p/dh-window.c.o -c ../src/dh-window.c
[ 2907s] ninja: build stopped: subcommand failed.
[ 2908s] error: Bad exit status from /var/tmp/rpm-tmp.fj9lxK (%build)
[ 2908s] 
[ 2908s] 
[ 2908s] RPM build errors:
[ 2908s]     Bad exit status from /var/tmp/rpm-tmp.fj9lxK (%build)
[ 2908s] 
[ 2909s] oe-RISCV-worker25 failed "build devhelp.spec" at Sun Apr 24 08:26:52 UTC 2022.
[ 2909s] 
