[    0s] Memory limit set to 10955196KB
[    0s] Using BUILD_ROOT=/var/cache/obs/worker/root_3
[    0s] Using BUILD_ARCH=riscv64
[    0s] 
[    4s] 
[    4s] oe-RISCV-worker22 started "build _service:extract_file:gcab.spec" at Sun Apr 24 07:10:20 UTC 2022.
[    4s] 
[    4s] Building gcab for project 'openEuler:Mainline:RISC-V' repository 'advanced_riscv64' arch 'riscv64' srcmd5 '3ca56f67f6bd372031d85adfe92269ce'
[    4s] 
[    4s] processing recipe /var/cache/obs/worker/root_3/.build-srcdir/_service:extract_file:gcab.spec ...
[    8s] running changelog2spec --target rpm --file /var/cache/obs/worker/root_3/.build-srcdir/_service:extract_file:gcab.spec
[    9s] init_buildsystem --configdir /var/run/obs/worker/3/build/configs --cachedir /var/cache/build --clean --rpmlist /var/cache/obs/worker/root_3/.build.rpmlist /var/cache/obs/worker/root_3/.build-srcdir/_service:extract_file:gcab.spec build ...
[  124s] cycle: coreutils -> bash
[  124s]   breaking dependency coreutils -> bash
[  124s] cycle: coreutils -> info
[  124s]   breaking dependency coreutils -> info
[  124s] cycle: glibc -> filesystem -> coreutils
[  124s]   breaking dependency coreutils -> glibc
[  124s] cycle: glibc -> filesystem -> coreutils -> libacl
[  124s]   breaking dependency coreutils -> libacl
[  124s] cycle: glibc -> filesystem -> coreutils -> attr
[  124s]   breaking dependency coreutils -> attr
[  124s] cycle: coreutils -> libcap
[  124s]   breaking dependency coreutils -> libcap
[  124s] cycle: glibc -> filesystem -> coreutils -> openssl-libs
[  124s]   breaking dependency coreutils -> openssl-libs
[  124s] cycle: glibc -> filesystem -> coreutils -> libselinux
[  124s]   breaking dependency libselinux -> glibc
[  124s] cycle: glibc -> filesystem -> coreutils -> libselinux -> pcre2
[  124s]   breaking dependency pcre2 -> glibc
[  124s] cycle: glibc -> filesystem -> coreutils -> libselinux -> pcre2 -> readline
[  124s]   breaking dependency readline -> glibc
[  124s] cycle: glibc -> filesystem -> coreutils -> libselinux -> pcre2 -> readline -> ncurses-libs
[  124s]   breaking dependency filesystem -> coreutils
[  124s] cycle: glibc -> filesystem -> bash -> coreutils -> libselinux -> pcre2 -> readline -> ncurses-libs
[  124s]   breaking dependency filesystem -> bash
[  124s] cycle: perl-Carp -> perl-libs
[  124s]   breaking dependency perl-libs -> perl-Carp
[  124s] cycle: perl-libs -> perl-Exporter
[  124s]   breaking dependency perl-libs -> perl-Exporter
[  124s] cycle: perl-Carp -> perl-Exporter
[  124s]   breaking dependency perl-Exporter -> perl-Carp
[  124s] cycle: nss-util -> nss
[  124s]   breaking dependency nss -> nss-util
[  124s] cycle: nss-softokn -> nss-util -> nss
[  124s]   breaking dependency nss -> nss-softokn
[  124s] cycle: systemd -> cryptsetup -> device-mapper
[  124s]   breaking dependency systemd -> cryptsetup
[  124s] cycle: audit -> systemd -> pam
[  124s]   breaking dependency systemd -> pam
[  124s] [1/84] preinstalling dbus...
[  125s] [2/84] preinstalling libffi-devel...
[  126s] [3/84] preinstalling nodejs-source-map...
[  127s] [4/84] preinstalling python3-pip...
[  131s] [5/84] preinstalling python3-setuptools_scm...
[  132s] [6/84] preinstalling filesystem...
[  136s] [7/84] preinstalling glibc...
[  142s] [8/84] preinstalling libgcc...
[  143s] [9/84] preinstalling diffutils...
[  144s] [10/84] preinstalling libcap-ng...
[  146s] [11/84] preinstalling libgpg-error...
[  147s] [12/84] preinstalling libpcap...
[  148s] [13/84] preinstalling libsmartcols...
[  149s] [14/84] preinstalling libuuid...
[  150s] [15/84] preinstalling libxcrypt...
[  151s] [16/84] preinstalling lz4...
[  152s] [17/84] preinstalling m4...
[  153s] [18/84] preinstalling ncurses-libs...
[  154s] [19/84] preinstalling nspr...
[  155s] [20/84] preinstalling xz-libs...
[  156s] [21/84] preinstalling zlib...
[  157s] [22/84] preinstalling attr...
[  159s] [23/84] preinstalling libdb...
[  163s] [24/84] preinstalling zstd...
[  165s] [25/84] preinstalling audit-libs...
[  166s] [26/84] preinstalling file...
[  167s] [27/84] preinstalling iptables-libs...
[  168s] [28/84] preinstalling libacl...
[  169s] [29/84] preinstalling libgcrypt...
[  170s] [30/84] preinstalling openssl-libs...
[  172s] [31/84] preinstalling readline...
[  173s] [32/84] preinstalling ncurses...
[  181s] [33/84] preinstalling cmake...
[  195s] [34/84] preinstalling perl-libs...
[  199s] [35/84] preinstalling pcre2...
[  201s] [36/84] preinstalling perl-Exporter...
[  202s] [37/84] preinstalling pcre...
[  203s] [38/84] preinstalling acl...
[  204s] [39/84] preinstalling sqlite...
[  206s] [40/84] preinstalling libselinux...
[  207s] [41/84] preinstalling perl-Carp...
[  207s] [42/84] preinstalling perl-Digest-MD5...
[  208s] [43/84] preinstalling sed...
[  209s] [44/84] preinstalling coreutils...
[  215s] [45/84] preinstalling bash...
[  218s] [46/84] preinstalling openssl...
[  220s] [47/84] preinstalling dnf...
[  221s] [48/84] preinstalling bzip2...
[  222s] [49/84] preinstalling hostname...
[  223s] [50/84] preinstalling libcap...
[  224s] [51/84] preinstalling popt...
[  225s] [52/84] preinstalling elfutils...
[  227s] [53/84] preinstalling grep...
[  228s] [54/84] preinstalling libblkid...
[  229s] [55/84] preinstalling perl-constant...
[  230s] [56/84] preinstalling tar...
[  232s] [57/84] preinstalling info...
[  234s] [58/84] preinstalling libgcrypt-devel...
[  234s] [59/84] preinstalling lua...
[  236s] [60/84] preinstalling nss...
[  237s] [61/84] preinstalling chkconfig...
[  239s] [62/84] preinstalling copy-jdk-configs...
[  240s] [63/84] preinstalling libfdisk...
[  241s] [64/84] preinstalling libmount...
[  242s] [65/84] preinstalling libsemanage...
[  243s] [66/84] preinstalling nss-util...
[  244s] [67/84] preinstalling findutils...
[  246s] [68/84] preinstalling perl-Getopt-Long...
[  247s] [69/84] preinstalling xz...
[  248s] [70/84] preinstalling perl-Data-Dumper...
[  249s] [71/84] preinstalling systemd-libs...
[  250s] [72/84] preinstalling rpm-libs...
[  252s] [73/84] preinstalling dbus-libs...
[  253s] [74/84] preinstalling nss-softokn...
[  255s] [75/84] preinstalling glib2...
[  259s] [76/84] preinstalling systemd...
[  264s] [77/84] preinstalling audit...
[  265s] [78/84] preinstalling rpm...
[  267s] [79/84] preinstalling openEuler-rpm-config...
[  268s] [80/84] preinstalling pam...
[  270s] [81/84] preinstalling util-linux...
[  275s] [82/84] preinstalling device-mapper...
[  276s] [83/84] preinstalling cryptsetup...
[  278s] [84/84] preinstalling lvm2...
[  282s] 
[  285s] initializing rpm db...
[  301s] reordering...cycle: adobe-mappings-cmap -> adobe-mappings-cmap-lang
[  301s]   breaking dependency adobe-mappings-cmap-lang -> adobe-mappings-cmap
[  301s] cycle: bash -> coreutils
[  301s]   breaking dependency coreutils -> bash
[  301s] cycle: bash -> coreutils -> info
[  301s]   breaking dependency coreutils -> info
[  301s] cycle: glibc -> basesystem -> filesystem -> bash -> coreutils -> gmp
[  301s]   breaking dependency filesystem -> bash
[  301s] cycle: glibc -> basesystem -> filesystem -> coreutils -> gmp
[  301s]   breaking dependency coreutils -> gmp
[  301s] cycle: glibc -> basesystem -> filesystem -> coreutils
[  301s]   breaking dependency coreutils -> glibc
[  301s] cycle: glibc -> basesystem -> filesystem -> coreutils -> libacl
[  301s]   breaking dependency coreutils -> libacl
[  301s] cycle: glibc -> basesystem -> filesystem -> coreutils -> attr
[  301s]   breaking dependency coreutils -> attr
[  301s] cycle: coreutils -> libcap -> bash
[  301s]   breaking dependency coreutils -> libcap
[  301s] cycle: glibc -> basesystem -> filesystem -> coreutils -> openssl-libs
[  301s]   breaking dependency openssl-libs -> glibc
[  301s] cycle: coreutils -> openssl-libs -> ca-certificates -> bash
[  301s]   breaking dependency ca-certificates -> bash
[  301s] cycle: coreutils -> openssl-libs -> ca-certificates
[  301s]   breaking dependency ca-certificates -> coreutils
[  301s] cycle: coreutils -> openssl-libs -> ca-certificates -> grep -> bash
[  301s]   breaking dependency grep -> bash
[  301s] cycle: coreutils -> openssl-libs -> ca-certificates -> grep
[  301s]   breaking dependency ca-certificates -> grep
[  301s] cycle: glibc -> basesystem -> filesystem -> coreutils -> openssl-libs -> ca-certificates -> p11-kit
[  301s]   breaking dependency p11-kit -> glibc
[  301s] cycle: glibc -> basesystem -> filesystem -> coreutils -> openssl-libs -> ca-certificates -> p11-kit -> libffi
[  301s]   breaking dependency openssl-libs -> ca-certificates
[  301s] cycle: coreutils -> openssl-libs -> crypto-policies -> bash
[  301s]   breaking dependency crypto-policies -> bash
[  301s] cycle: coreutils -> openssl-libs -> crypto-policies
[  301s]   breaking dependency crypto-policies -> coreutils
[  301s] cycle: coreutils -> openssl-libs -> crypto-policies -> grep
[  301s]   breaking dependency grep -> coreutils
[  301s] cycle: glibc -> basesystem -> filesystem -> coreutils -> openssl-libs -> crypto-policies -> grep
[  301s]   breaking dependency glibc -> basesystem
[  301s] cycle: glibc -> glibc-common -> bash -> coreutils -> openssl-libs -> crypto-policies -> grep
[  301s]   breaking dependency glibc-common -> bash
[  301s] cycle: glibc -> glibc-common -> coreutils -> openssl-libs -> crypto-policies -> grep
[  301s]   breaking dependency glibc-common -> coreutils
[  301s] cycle: glibc -> glibc-common
[  301s]   breaking dependency glibc-common -> glibc
[  301s] cycle: glibc -> glibc-common -> libselinux
[  301s]   breaking dependency libselinux -> glibc
[  301s] cycle: glibc -> glibc-common -> libselinux -> pcre2
[  301s]   breaking dependency pcre2 -> glibc
[  301s] cycle: glibc -> glibc-common -> libselinux -> pcre2 -> readline
[  301s]   breaking dependency readline -> glibc
[  301s] cycle: glibc -> glibc-common -> libselinux -> pcre2 -> readline -> ncurses-libs
[  301s]   breaking dependency libselinux -> pcre2
[  301s] cycle: glibc -> glibc-common -> libselinux -> libsepol -> bash -> coreutils -> openssl-libs -> crypto-policies -> grep
[  301s]   breaking dependency bash -> coreutils
[  301s] cycle: glibc -> glibc-common -> libselinux -> libsepol -> bash -> filesystem -> coreutils -> openssl-libs -> crypto-policies -> grep
[  301s]   breaking dependency libsepol -> bash
[  301s] cycle: glibc -> glibc-common -> libselinux -> libsepol -> coreutils -> openssl-libs -> crypto-policies -> grep
[  301s]   breaking dependency coreutils -> openssl-libs
[  301s] cycle: libselinux -> libsepol -> coreutils
[  301s]   breaking dependency libsepol -> coreutils
[  301s] cycle: glibc -> glibc-common -> libselinux -> libsepol
[  301s]   breaking dependency glibc -> glibc-common
[  301s] cycle: glibc -> filesystem -> coreutils -> libselinux -> libsepol
[  301s]   breaking dependency filesystem -> coreutils
[  301s] cycle: filesystem -> setup
[  301s]   breaking dependency filesystem -> setup
[  301s] cycle: systemd -> cryptsetup -> device-mapper
[  301s]   breaking dependency systemd -> cryptsetup
[  301s] cycle: perl-libs -> perl-Carp
[  301s]   breaking dependency perl-libs -> perl-Carp
[  301s] cycle: perl-libs -> perl-Exporter
[  301s]   breaking dependency perl-libs -> perl-Exporter
[  301s] cycle: perl-Carp -> perl-Exporter
[  301s]   breaking dependency perl-Exporter -> perl-Carp
[  301s] cycle: perl -> perl-PathTools
[  301s]   breaking dependency perl -> perl-PathTools
[  301s] cycle: perl -> perl-ExtUtils-MakeMaker
[  301s]   breaking dependency perl -> perl-ExtUtils-MakeMaker
[  301s] cycle: perl -> perl-File-Path -> perl-PathTools
[  301s]   breaking dependency perl -> perl-File-Path
[  301s] cycle: perl -> perl-Getopt-Long -> perl-Pod-Usage
[  301s]   breaking dependency perl -> perl-Getopt-Long
[  301s] cycle: perl -> perl-Locale-Maketext
[  301s]   breaking dependency perl -> perl-Locale-Maketext
[  301s] cycle: perl -> perl-Pod-Simple
[  301s]   breaking dependency perl -> perl-Pod-Simple
[  301s] cycle: perl -> perl-Socket
[  301s]   breaking dependency perl -> perl-Socket
[  301s] cycle: perl -> perl-Storable
[  301s]   breaking dependency perl -> perl-Storable
[  301s] cycle: perl -> perl-Text-Tabs+Wrap
[  301s]   breaking dependency perl -> perl-Text-Tabs+Wrap
[  301s] cycle: perl -> perl-Time-Local -> perl-constant
[  301s]   breaking dependency perl -> perl-Time-Local
[  301s] cycle: perl -> perl-constant
[  301s]   breaking dependency perl -> perl-constant
[  301s] cycle: perl -> perl-threads
[  301s]   breaking dependency perl -> perl-threads
[  301s] cycle: perl -> perl-threads-shared
[  301s]   breaking dependency perl -> perl-threads-shared
[  301s] cycle: perl -> perl-Archive-Tar
[  301s]   breaking dependency perl -> perl-Archive-Tar
[  301s] cycle: perl -> perl-B-Debug
[  301s]   breaking dependency perl -> perl-B-Debug
[  301s] cycle: perl -> perl-CPAN-Meta -> perl-CPAN-Meta-Requirements
[  301s]   breaking dependency perl -> perl-CPAN-Meta
[  301s] cycle: perl -> perl-CPAN-Meta-Requirements
[  301s]   breaking dependency perl -> perl-CPAN-Meta-Requirements
[  301s] cycle: perl -> perl-CPAN-Meta-YAML
[  301s]   breaking dependency perl -> perl-CPAN-Meta-YAML
[  301s] cycle: perl -> perl-Compress-Raw-Bzip2
[  301s]   breaking dependency perl -> perl-Compress-Raw-Bzip2
[  301s] cycle: perl -> perl-Compress-Raw-Zlib
[  301s]   breaking dependency perl -> perl-Compress-Raw-Zlib
[  301s] cycle: perl -> perl-Config-Perl-V
[  301s]   breaking dependency perl -> perl-Config-Perl-V
[  301s] cycle: perl -> perl-DB_File
[  301s]   breaking dependency perl -> perl-DB_File
[  301s] cycle: perl -> perl-Data-Dumper
[  301s]   breaking dependency perl -> perl-Data-Dumper
[  301s] cycle: perl -> perl-Devel-PPPort
[  301s]   breaking dependency perl -> perl-Devel-PPPort
[  301s] cycle: perl -> perl-Digest -> perl-MIME-Base64
[  301s]   breaking dependency perl -> perl-Digest
[  301s] cycle: perl -> perl-Digest-MD5 -> perl-Digest -> perl-MIME-Base64
[  301s]   breaking dependency perl -> perl-Digest-MD5
[  301s] cycle: perl -> perl-Digest-SHA
[  301s]   breaking dependency perl -> perl-Digest-SHA
[  301s] cycle: perl -> perl-Encode
[  301s]   breaking dependency perl -> perl-Encode
[  301s] cycle: perl -> perl-Env
[  301s]   breaking dependency perl -> perl-Env
[  301s] cycle: perl -> perl-ExtUtils-Command
[  301s]   breaking dependency perl -> perl-ExtUtils-Command
[  301s] cycle: perl -> perl-ExtUtils-Install
[  301s]   breaking dependency perl -> perl-ExtUtils-Install
[  301s] cycle: perl -> perl-ExtUtils-Manifest
[  301s]   breaking dependency perl -> perl-ExtUtils-Manifest
[  301s] cycle: perl -> perl-ExtUtils-ParseXS
[  301s]   breaking dependency perl -> perl-ExtUtils-ParseXS
[  301s] cycle: perl -> perl-File-Fetch -> perl-PathTools
[  301s]   breaking dependency perl -> perl-File-Fetch
[  301s] cycle: perl -> perl-File-Temp -> perl-PathTools
[  301s]   breaking dependency perl -> perl-File-Temp
[  301s] cycle: perl -> perl-Filter
[  301s]   breaking dependency perl -> perl-Filter
[  301s] cycle: perl -> perl-Filter-Simple -> perl-Filter
[  301s]   breaking dependency perl -> perl-Filter-Simple
[  301s] cycle: perl -> perl-HTTP-Tiny
[  301s]   breaking dependency perl -> perl-HTTP-Tiny
[  301s] cycle: perl -> perl-IO-Compress
[  301s]   breaking dependency perl -> perl-IO-Compress
[  301s] cycle: perl -> perl-IO-Socket-IP
[  301s]   breaking dependency perl -> perl-IO-Socket-IP
[  301s] cycle: perl -> perl-IPC-Cmd -> perl-ExtUtils-MakeMaker
[  301s]   breaking dependency perl -> perl-IPC-Cmd
[  301s] cycle: perl -> perl-IPC-SysV
[  301s]   breaking dependency perl -> perl-IPC-SysV
[  301s] cycle: perl -> perl-JSON-PP
[  301s]   breaking dependency perl -> perl-JSON-PP
[  301s] cycle: perl -> perl-Locale-Codes -> perl-constant
[  301s]   breaking dependency perl -> perl-Locale-Codes
[  301s] cycle: perl -> perl-MIME-Base64
[  301s]   breaking dependency perl -> perl-MIME-Base64
[  301s] cycle: perl -> perl-Math-BigInt
[  301s]   breaking dependency perl -> perl-Math-BigInt
[  301s] cycle: perl -> perl-Math-BigInt-FastCalc -> perl-Math-BigInt
[  301s]   breaking dependency perl -> perl-Math-BigInt-FastCalc
[  301s] cycle: perl -> perl-Math-BigRat -> perl-Math-BigInt
[  301s]   breaking dependency perl -> perl-Math-BigRat
[  301s] cycle: perl -> perl-Module-CoreList
[  301s]   breaking dependency perl -> perl-Module-CoreList
[  301s] cycle: perl -> perl-Module-Load -> perl-PathTools
[  301s]   breaking dependency perl -> perl-Module-Load
[  301s] cycle: perl -> perl-Module-Load-Conditional
[  301s]   breaking dependency perl -> perl-Module-Load-Conditional
[  301s] cycle: perl -> perl-Module-Metadata
[  301s]   breaking dependency perl -> perl-Module-Metadata
[  301s] cycle: perl -> perl-Params-Check
[  301s]   breaking dependency perl -> perl-Params-Check
[  301s] cycle: perl -> perl-PerlIO-via-QuotedPrint -> perl-MIME-Base64
[  301s]   breaking dependency perl -> perl-PerlIO-via-QuotedPrint
[  301s] cycle: perl -> perl-Pod-Checker
[  301s]   breaking dependency perl -> perl-Pod-Checker
[  301s] cycle: perl -> perl-Pod-Escapes
[  301s]   breaking dependency perl -> perl-Pod-Escapes
[  301s] cycle: perl -> perl-Pod-Parser
[  301s]   breaking dependency perl -> perl-Pod-Parser
[  301s] cycle: perl -> perl-Pod-Perldoc
[  301s]   breaking dependency perl -> perl-Pod-Perldoc
[  301s] cycle: perl -> perl-Pod-Usage
[  301s]   breaking dependency perl -> perl-Pod-Usage
[  301s] cycle: perl -> perl-Sys-Syslog
[  302s]   breaking dependency perl -> perl-Sys-Syslog
[  302s] cycle: perl -> perl-Term-Cap
[  302s]   breaking dependency perl -> perl-Term-Cap
[  302s] cycle: perl -> perl-Test-Harness
[  302s]   breaking dependency perl -> perl-Test-Harness
[  302s] cycle: perl -> perl-Test-Simple
[  302s]   breaking dependency perl -> perl-Test-Simple
[  302s] cycle: perl -> perl-Text-Balanced
[  302s]   breaking dependency perl -> perl-Text-Balanced
[  302s] cycle: perl -> perl-Thread-Queue -> perl-threads-shared
[  302s]   breaking dependency perl -> perl-Thread-Queue
[  302s] cycle: perl -> perl-Unicode-Collate -> perl-PathTools
[  302s]   breaking dependency perl -> perl-Unicode-Collate
[  302s] cycle: perl -> perl-autodie
[  302s]   breaking dependency perl -> perl-autodie
[  302s] cycle: perl -> perl-bignum -> perl-Math-BigInt
[  302s]   breaking dependency perl -> perl-bignum
[  302s] cycle: perl -> perl-devel
[  302s]   breaking dependency perl -> perl-devel
[  302s] cycle: perl -> perl-Encode-devel
[  302s]   breaking dependency perl -> perl-Encode-devel
[  302s] cycle: perl -> perl-experimental
[  302s]   breaking dependency perl -> perl-experimental
[  302s] cycle: perl -> perl-libnet -> perl-Digest-MD5 -> perl-Digest -> perl-MIME-Base64
[  302s]   breaking dependency perl -> perl-libnet
[  302s] cycle: perl -> perl-podlators
[  302s]   breaking dependency perl -> perl-podlators
[  302s] cycle: perl -> perl-version
[  302s]   breaking dependency perl -> perl-version
[  302s] cycle: glib2 -> gamin
[  302s]   breaking dependency glib2 -> gamin
[  302s] cycle: systemd -> gnutls -> unbound-libs -> shadow -> pam -> audit
[  302s]   breaking dependency systemd -> gnutls
[  302s] cycle: systemd -> pam -> audit
[  302s]   breaking dependency systemd -> pam
[  302s] cycle: systemd -> shadow -> pam -> audit
[  302s]   breaking dependency systemd -> shadow
[  302s] cycle: pam -> libpwquality
[  302s]   breaking dependency pam -> libpwquality
[  302s] cycle: perl-Getopt-Long -> perl-Pod-Usage
[  302s]   breaking dependency perl-Pod-Usage -> perl-Getopt-Long
[  302s] cycle: perl-Getopt-Long -> perl-Pod-Usage -> perl-podlators -> perl-Encode
[  302s]   breaking dependency perl-podlators -> perl-Encode
[  302s] cycle: perl-Getopt-Long -> perl-Pod-Usage -> perl-podlators
[  302s]   breaking dependency perl-podlators -> perl-Getopt-Long
[  302s] cycle: perl-Getopt-Long -> perl-Pod-Usage -> perl-podlators -> perl-Pod-Simple -> perl-Encode
[  302s]   breaking dependency perl-Encode -> perl-Getopt-Long
[  302s] cycle: perl-Getopt-Long -> perl-Pod-Usage -> perl-podlators -> perl-Pod-Simple
[  302s]   breaking dependency perl-podlators -> perl-Pod-Simple
[  302s] cycle: perl-Pod-Usage -> perl-podlators
[  302s]   breaking dependency perl-podlators -> perl-Pod-Usage
[  302s] cycle: groff -> perl-Getopt-Long -> perl-Pod-Usage -> perl-Pod-Perldoc
[  302s]   breaking dependency groff -> perl-Getopt-Long
[  302s] cycle: fontconfig -> urw-base35-z003-fonts
[  302s]   breaking dependency fontconfig -> urw-base35-z003-fonts
[  302s] cycle: fontconfig -> urw-base35-nimbus-sans-fonts
[  302s]   breaking dependency fontconfig -> urw-base35-nimbus-sans-fonts
[  302s] cycle: fontconfig -> urw-base35-bookman-fonts
[  302s]   breaking dependency fontconfig -> urw-base35-bookman-fonts
[  302s] cycle: fontconfig -> urw-base35-p052-fonts
[  302s]   breaking dependency fontconfig -> urw-base35-p052-fonts
[  302s] cycle: fontconfig -> urw-base35-c059-fonts
[  302s]   breaking dependency fontconfig -> urw-base35-c059-fonts
[  302s] cycle: fontconfig -> urw-base35-nimbus-mono-ps-fonts
[  302s]   breaking dependency fontconfig -> urw-base35-nimbus-mono-ps-fonts
[  302s] cycle: fontconfig -> urw-base35-d050000l-fonts
[  302s]   breaking dependency fontconfig -> urw-base35-d050000l-fonts
[  302s] cycle: fontconfig -> urw-base35-nimbus-roman-fonts
[  302s]   breaking dependency fontconfig -> urw-base35-nimbus-roman-fonts
[  302s] cycle: fontconfig -> urw-base35-gothic-fonts
[  302s]   breaking dependency fontconfig -> urw-base35-gothic-fonts
[  302s] cycle: libxcrypt-devel -> glibc-devel
[  302s]   breaking dependency glibc-devel -> libxcrypt-devel
[  302s] cycle: cmake-data -> cmake
[  302s]   breaking dependency cmake -> cmake-data
[  302s] cycle: nss-util -> nss
[  302s]   breaking dependency nss -> nss-util
[  302s] cycle: nss-softokn -> nss-util -> nss
[  302s]   breaking dependency nss -> nss-softokn
[  302s] cycle: perl-Getopt-Long -> perl-Pod-Usage -> perl-Pod-Perldoc -> perl-Pod-Simple
[  302s]   breaking dependency perl-Pod-Perldoc -> perl-Pod-Simple
[  302s] cycle: openssh -> openssh-server
[  302s]   breaking dependency openssh-server -> openssh
[  302s] cycle: git -> perl-Git
[  302s]   breaking dependency git -> perl-Git
[  302s] cycle: perl-ExtUtils-Install -> perl-ExtUtils-MakeMaker
[  302s]   breaking dependency perl-ExtUtils-MakeMaker -> perl-ExtUtils-Install
[  303s] done
[  303s] querying package ids...
[  359s] [1/455] installing adobe-mappings-pdf-20190401-2.oe1
[  363s] [2/455] installing cmake-filesystem-3.22.0-1.oe1
[  364s] [3/455] installing fonts-filesystem-2.0.2-2.oe1
[  367s] [4/455] installing fuse-common-3.9.2-5.oe1
[  369s] [5/455] installing kernel-headers-5.10-3.oe1
[  379s] [6/455] installing libreport-filesystem-2.13.1-5.oe1
[  380s] [7/455] installing ncurses-base-6.1-14.oe1
[  382s] [8/455] installing openEuler-gpg-keys-1.0-2.5.oe1
[  383s] [9/455] installing python-setuptools-59.4.0-3.oe1
[  385s] [10/455] installing qt5-srpm-macros-5.15.2-1.oe1
[  387s] [11/455] installing tzdata-2021a-2.oe1
[  398s] [12/455] installing xkeyboard-config-2.30-1.oe1
[  404s] [13/455] installing dnf-data-4.10.0-1.oe1
[  406s] [14/455] installing google-droid-sans-fonts-20120715-15.oe1
[  411s] [15/455] installing openEuler-repos-1.0-2.5.oe1
[  414s] [16/455] installing openEuler-release-20.03LTS-40.oe1
[  416s] [17/455] installing adobe-mappings-cmap-lang-20190730-3.oe1
[  426s] [18/455] installing filesystem-3.9-3.oe1
[  443s] warning: group mail does not exist - using root
[  443s] [19/455] installing adobe-mappings-cmap-20190730-3.oe1
[  445s] [20/455] installing emacs-filesystem-1:27.1-5.oe1
[  446s] [21/455] installing libgcc-10.3.1-10.oe1
[  450s] [22/455] installing vim-filesystem-2:8.2-4.oe1
[  451s] [23/455] installing setup-2.13.3-4.oe1
[  455s] [24/455] installing urw-base35-fonts-common-20170801-11
[  457s] [25/455] installing glibc-2.34-74.oe1
[  467s] [26/455] installing brotli-1.0.9-2.oe1
[  470s] [27/455] installing chrpath-0.16-12.oe1
[  471s] [28/455] installing cpio-2.13-4.oe1
[  474s] [29/455] installing diffutils-3.7-4.oe1
[  476s] [30/455] installing expat-2.2.10-1.oe1
[  478s] [31/455] installing fribidi-1.0.10-1.oe1
[  480s] [32/455] installing gpm-libs-1.20.7-21.oe1
[  482s] [33/455] installing jbig2dec-0.19-2.oe1
[  484s] [34/455] installing jbigkit-libs-2.1-17.oe1
[  485s] [35/455] installing json-c-0.15-1.oe1
[  487s] [36/455] installing keyutils-libs-1.6.3-3.oe1
[  489s] [37/455] installing lcms2-2.11-2.oe1
[  492s] [38/455] installing libICE-1.0.10-2.oe1
[  493s] [39/455] installing libXau-1.0.9-2.oe1
[  496s] [40/455] installing libaio-0.3.112-1.oe1
[  498s] [41/455] installing libargon2-20190702-1.oe1
[  500s] [42/455] installing libatomic-10.3.1-10.oe1
[  501s] [43/455] installing libcap-ng-0.7.11-1.oe1
[  503s] [44/455] installing libdatrie-0.2.12-1.oe1
[  505s] [45/455] installing libepoxy-1.5.3-2
[  507s] [46/455] installing libev-4.24-11.oe1
[  509s] [47/455] installing libffi-3.3-31.oe1
[  510s] [48/455] installing libgomp-10.3.1-10.oe1
[  512s] [49/455] installing libgpg-error-1.41-1.oe1
[  514s] [50/455] installing libijs-0.35-9.oe1
[  516s] [51/455] installing libjpeg-turbo-2.0.6-1.oe1
[  518s] [52/455] installing libnghttp2-1.42.0-1.oe1
[  519s] [53/455] installing libpcap-14:1.9.1-7.oe1
[  521s] [54/455] installing libpipeline-1.5.3-1.oe1
[  522s] [55/455] installing libsigsegv-2.11-10.oe1
[  523s] [56/455] installing libsmartcols-2.36.1-3.oe1
[  525s] [57/455] installing libtasn1-4.16.0-2.oe1
[  527s] [58/455] installing libtool-ltdl-2.4.6-34.oe1
[  528s] [59/455] installing libunistring-0.9.10-8.oe1
[  530s] [60/455] installing libuuid-2.36.1-3.oe1
[  532s] [61/455] installing libuv-1:1.40.0-1.oe1
[  534s] [62/455] installing libwebp-1.1.0-3.oe1
[  536s] [63/455] installing libxcrypt-4.4.8-4.oe1
[  538s] [64/455] installing libyaml-0.2.5-1.oe1
[  539s] [65/455] installing lz4-1.9.3-1.oe1
[  541s] [66/455] installing m4-1.4.18-14.oe1
[  542s] [67/455] installing mcpp-2.7.2-25.oe1
[  544s] [68/455] installing nspr-4.32.0-1.oe1
[  545s] [69/455] installing openjpeg2-2.3.1-6.oe1
[  547s] [70/455] installing pixman-0.38.0-1.oe1
[  548s] [71/455] installing pkgconf-1.7.3-1.oe1
[  550s] [72/455] installing rhash-1.3.5-5.oe1
[  551s] [73/455] installing which-2.21-14.oe1
[  552s] [74/455] installing xz-libs-5.2.5-1.oe1
[  553s] [75/455] installing zlib-1.2.11-18.oe1
[  555s] [76/455] installing attr-2.4.48-12.oe1
[  557s] [77/455] installing basesystem-12-2.oe1
[  559s] [78/455] installing libidn-1.36-1.oe1
[  560s] [79/455] installing libstdc++-10.3.1-10.oe1
[  562s] [80/455] installing ncurses-libs-6.1-14.oe1
[  564s] [81/455] installing libsepol-3.1-4.oe1
[  566s] [82/455] installing libstdc++-devel-10.3.1-10.oe1
[  578s] [83/455] installing audit-libs-1:3.0-2.oe1
[  579s] [84/455] installing file-libs-5.39-6.oe1
[  583s] [85/455] installing gmp-1:6.2.1-1.oe1
[  585s] [86/455] installing iptables-libs-1.8.1-4.oe1
[  586s] [87/455] installing less-563-2.oe1
[  588s] [88/455] installing libacl-2.2.53-7.oe1
[  589s] [89/455] installing libassuan-2.5.4-1.oe1
[  590s] [90/455] installing libedit-3.1-27.oe1
[  592s] [91/455] installing libffi-devel-3.3-31.oe1
[  593s] [92/455] installing libfontenc-1.1.4-2.oe1
[  595s] [93/455] installing libgcrypt-1.8.7-1.oe1
[  597s] [94/455] installing libpng-2:1.6.37-1.oe1
[  600s] [95/455] installing libsepol-devel-3.1-4.oe1
[  605s] [96/455] installing libthai-0.1.28-4.oe1
[  607s] [97/455] installing libxcb-1.14-1.oe1
[  609s] [98/455] installing readline-8.0-2.oe1
[  611s] [99/455] installing wayland-1.18.0-1.oe1
[  613s] [100/455] installing zlib-devel-1.2.11-18.oe1
[  614s] [101/455] installing fuse-2.9.9-6.oe1
[  616s] [102/455] installing gc-8.0.4-2.oe1
[  618s] [103/455] installing libSM-1.2.3-2.oe1
[  619s] [104/455] installing libdb-5.3.28-35.oe1
[  625s] [105/455] installing libicu-62.1-5.oe1
[  642s] [106/455] installing libselinux-3.1-3.oe1
[  644s] [107/455] installing libxml2-2.9.12-5.oe1
[  647s] [108/455] installing bash-5.1-1.oe1
[  651s] [109/455] installing perl-libs-4:5.28.0-435.oe1
[  658s] [110/455] installing zstd-1.4.8-2.oe1
[  661s] [111/455] installing ncurses-6.1-14.oe1
[  676s] [112/455] installing ninja-build-1.8.2-9.oe1
[  678s] [113/455] installing thin-provisioning-tools-0.8.5-1.oe1
[  680s] [114/455] installing libtiff-4.2.0-1.oe1
[  683s] [115/455] installing perl-parent-1:0.237-4.oe1
[  684s] [116/455] installing perl-perlfaq-5.20180915-5.oe1
[  686s] [117/455] installing libX11-1.6.9-2.oe1
[  690s] [118/455] installing mpfr-4.1.0-2.oe1
[  692s] [119/455] installing nettle-3.6-6.oe1
[  696s] [120/455] installing pcre2-10.36-1.oe1
[  698s] [121/455] installing perl-Exporter-5.74-1.oe1
[  700s] [122/455] installing file-5.39-6.oe1
[  701s] [123/455] installing gdbm-1:1.18.1-1.oe1
[  703s] [124/455] installing libxkbcommon-1.0.3-1.oe1
[  704s] [125/455] installing patch-2.7.6-12.oe1
[  706s] [126/455] installing qrencode-4.1.1-1
[  707s] [127/455] installing sed-4.8-2.oe1
[  709s] [128/455] installing acl-2.2.53-7.oe1
[  711s] [129/455] installing libcomps-0.1.15-1.oe1
[  713s] [130/455] installing pcre-8.44-1.oe1
[  714s] [131/455] installing glibc-common-2.34-74.oe1
[  732s] [132/455] installing coreutils-8.31-4.oe1
[  741s] [133/455] installing adwaita-icon-theme-3.38.0-1.oe1
[  793s] [134/455] installing crontabs-1.11-21.oe1
[  795s] [135/455] installing hicolor-icon-theme-0.17-4.oe1
[  799s] [136/455] installing libXcomposite-0.4.5-1.oe1
[  802s] [137/455] installing libXext-1.3.4-2.oe1
[  804s] [138/455] installing libXfixes-5.0.3-11.oe1
[  806s] [139/455] installing libXpm-3.5.12-11.oe1
[  808s] [140/455] installing libXrender-0.9.10-10.oe1
[  810s] [141/455] installing perl-Carp-1.50-418.oe1
[  811s] [142/455] installing perl-Perl-OSType-1.010-421.oe1
[  813s] [143/455] installing perl-Term-ANSIColor-4.06-511.oe1
[  814s] [144/455] installing publicsuffix-list-20200718-1.oe1
[  816s] [145/455] installing uname-build-checks-1.0-0.4.oe1
[  818s] [146/455] installing bzip2-1.0.8-3.oe1
[  820s] [147/455] installing gzip-1.10-1.oe1
[  822s] [148/455] installing hostname-3.21-2.oe1
[  824s] [149/455] installing libcap-2.32-2.oe1
[  826s] [150/455] installing libmpc-1.2.0-2.oe1
[  829s] [151/455] installing libpaper-1.1.24-25.oe1
[  831s] [152/455] installing libseccomp-2.4.3-2.oe1
[  833s] [153/455] installing npth-1.5-7.oe1
[  834s] [154/455] installing popt-1.18-1.oe1
[  837s] [155/455] installing sgml-common-0.6.3-51.oe1
[  840s] [156/455] installing grep-3.6-1.oe1
[  844s] [157/455] installing libXt-1.2.0-0.oe1
[  846s] [158/455] installing libblkid-2.36.1-3.oe1
[  849s] [159/455] installing libidn2-2.3.0-1.oe1
[  851s] [160/455] installing libksba-1.3.5-12.oe1
[  854s] [161/455] installing pcre-devel-8.44-1.oe1
[  858s] [162/455] installing pcre2-devel-10.36-1.oe1
[  862s] [163/455] installing tar-2:1.32-3.oe1
[  866s] [164/455] installing tcl-1:8.6.10-3.oe1
[  871s] [165/455] installing elfutils-0.185-5.oe1
[  875s] /usr/lib/systemd/systemd-sysctl: error while loading shared libraries: libkmod.so.2: cannot open shared object file: No such file or directory
[  875s] [166/455] installing graphite2-1.3.13-2.oe1
[  878s] [167/455] installing info-6.7-2.oe1
[  880s] [168/455] installing jsoncpp-1.9.4-1.oe1
[  882s] [169/455] installing libgpg-error-devel-1.41-1.oe1
[  884s] [170/455] installing lua-5.3.5-6.oe1
[  887s] [171/455] installing slang-2.3.2-8.oe1
[  891s] [172/455] installing gawk-5.1.0-1.oe1
[  894s] [173/455] installing glibc-devel-2.34-74.oe1
[  907s] [174/455] installing libxslt-1.1.32-7.oe1
[  909s] [175/455] installing guile-5:2.0.14-15.oe1
[  919s] [176/455] installing zip-3.0-29.oe1
[  921s] [177/455] installing libXdamage-1.1.5-1.oe1
[  923s] [178/455] installing libXi-1.7.10-1.oe1
[  925s] [179/455] installing libXinerama-1.1.4-5.oe1
[  928s] [180/455] installing libXxf86misc-1.0.4-4.oe1
[  930s] [181/455] installing libXxf86vm-1.1.4-13.oe1
[  932s] [182/455] installing libfdisk-2.36.1-3.oe1
[  935s] [183/455] installing libxcrypt-devel-4.4.8-4.oe1
[  940s] [184/455] installing newt-0.52.21-4.oe1
[  948s] [185/455] installing perl-Text-ParseWords-3.30-419.oe1
[  949s] [186/455] installing crypto-policies-20180925-3.git71ca85f.oe1
[  959s] [187/455] installing libXcursor-1.2.0-1.oe1
[  961s] [188/455] installing libXmu-1.1.3-1.oe1
[  964s] [189/455] installing libXrandr-1.5.2-1.oe1
[  966s] [190/455] installing libmount-2.36.1-3.oe1
[  970s] [191/455] installing libselinux-devel-3.1-3.oe1
[  973s] [192/455] installing lua-posix-33.3.1-12.oe1
[  976s] [193/455] installing unzip-6.0-47.oe1
[  978s] [194/455] installing cracklib-2.9.7-6.oe1
[  988s] [195/455] installing docbook-dtds-1.0-78.oe1
[ 1020s] [196/455] installing e2fsprogs-1.45.6-3.oe1
[ 1025s] [197/455] installing findutils-2:4.7.0-7.oe1
[ 1028s] [198/455] installing libsemanage-3.1-4.oe1
[ 1030s] [199/455] installing make-1:4.2.1-15.oe1
[ 1033s] [200/455] installing sqlite-3.24.0-9.oe1
[ 1036s] [201/455] installing xz-5.2.5-1.oe1
[ 1039s] [202/455] installing logrotate-3.15.1-2.oe1
[ 1041s] [203/455] installing opensp-1.5.2-31.oe1
[ 1046s] [204/455] installing perl-Scalar-List-Utils-3:1.52-2.oe1
[ 1049s] [205/455] installing perl-Time-HiRes-1.9760-2.oe1
[ 1053s] [206/455] installing perl-Unicode-Normalize-1.26-419.oe1
[ 1055s] [207/455] installing freetype-2.10.2-3.oe1
[ 1059s] [208/455] installing libgcrypt-devel-1.8.7-1.oe1
[ 1061s] [209/455] installing cpp-10.3.1-10.oe1
[ 1076s] [210/455] installing gnupg2-2.2.27-2.oe1
[ 1085s] [211/455] installing systemd-libs-243-22.oe1
[ 1089s] [212/455] installing dbus-libs-1:1.12.20-3.oe1
[ 1092s] [213/455] installing libusbx-1.0.23-3.oe1
[ 1095s] [214/455] installing p11-kit-0.23.22-1.oe1
[ 1099s] [215/455] installing procps-ng-3.3.16-15.oe1
[ 1102s] [216/455] installing copy-jdk-configs-4.0-1.oe1
[ 1105s] [217/455] installing gpgme-1.15.1-1.oe1
[ 1107s] [218/455] installing libXtst-1.2.3-10.oe1
[ 1110s] [219/455] installing openssl-libs-1:1.1.1f-2.oe1
[ 1117s] [220/455] installing chkconfig-1.14-2.oe1
[ 1120s] [221/455] installing docbook-style-xsl-1.79.2-9.oe1
[ 1141s] [222/455] installing libXaw-1.0.13-13.oe1
[ 1144s] [223/455] installing openjade-1.3.2-60.oe1
[ 1152s] [224/455] installing xorg-x11-font-utils-1:7.5-43.oe1
[ 1156s] [225/455] installing glib2-2.66.8-1.oe1
[ 1166s] [226/455] installing xorg-x11-server-utils-7.7-28
[ 1168s] [227/455] installing fontconfig-2.13.92-1.oe1
[ 1178s] [228/455] installing atk-2.36.0-1.oe1
[ 1183s] [229/455] installing dbus-tools-1:1.12.20-3.oe1
[ 1185s] [230/455] installing ima-evm-utils-libs-1.2.1-8.oe1
[ 1188s] [231/455] installing libevent-2.1.12-4
[ 1191s] [232/455] installing libcroco-0.6.12-13.oe1
[ 1194s] [233/455] installing libgusb-0.3.0-5.oe1
[ 1197s] [234/455] installing fipscheck-1.5.0-7.oe1
[ 1202s] [235/455] installing gamin-0.1.10-38.oe1
[ 1206s] [236/455] installing kmod-libs-27-4.oe1
[ 1208s] [237/455] installing libsecret-0.18.6-5.oe1
[ 1211s] [238/455] installing obs-env-1.0-5.oe1
[ 1223s] [239/455] installing xorg-x11-fonts-7.5-24
[ 1259s] [240/455] installing gobject-introspection-1.66.1-1.oe1
[ 1263s] [241/455] installing kmod-27-4.oe1
[ 1267s] [242/455] installing libXft-2.3.3-1.oe1
[ 1270s] [243/455] installing shared-mime-info-1.10-4.oe1
[ 1290s] [244/455] installing binutils-2.37-6.oe1
[ 1302s] [245/455] installing urw-base35-bookman-fonts-20170801-11
[ 1306s] [246/455] installing urw-base35-c059-fonts-20170801-11
[ 1310s] [247/455] installing urw-base35-d050000l-fonts-20170801-11
[ 1315s] [248/455] installing urw-base35-gothic-fonts-20170801-11
[ 1320s] [249/455] installing urw-base35-nimbus-mono-ps-fonts-20170801-11
[ 1324s] [250/455] installing urw-base35-nimbus-roman-fonts-20170801-11
[ 1329s] [251/455] installing urw-base35-nimbus-sans-fonts-20170801-11
[ 1335s] [252/455] installing urw-base35-p052-fonts-20170801-11
[ 1339s] [253/455] installing urw-base35-standard-symbols-ps-fonts-20170801-11
[ 1344s] [254/455] installing urw-base35-z003-fonts-20170801-11
[ 1349s] [255/455] installing babeltrace-1.5.8-1.oe1
[ 1353s] [256/455] installing harfbuzz-2.7.4-1.oe1
[ 1357s] [257/455] installing p11-kit-trust-0.23.22-1.oe1
[ 1364s] [258/455] installing libarchive-3.5.1-1.oe1
[ 1368s] [259/455] installing nodejs-libs-1:16.10.0-1.oe1
[ 1416s] [260/455] installing cairo-1.16.0-6.fc32
[ 1419s] [261/455] installing avahi-libs-0.8-6.oe1
[ 1423s] [262/455] installing libverto-0.3.1-2.oe1
[ 1425s] [263/455] installing colord-libs-1.4.3-6.oe1
[ 1429s] [264/455] installing ca-certificates-2020.2.46-2.oe1
[ 1441s] [265/455] installing gdk-pixbuf2-2.42.6-1.oe1
[ 1446s] [266/455] installing gettext-0.20.1-2.oe1
[ 1452s] [267/455] installing pango-1.47.0-1.oe1
[ 1455s] [268/455] installing urw-base35-fonts-20170801-11
[ 1456s] [269/455] installing cairo-gobject-1.16.0-6.fc32
[ 1458s] [270/455] installing gcc-10.3.1-10.oe1
[ 1489s] [271/455] installing rpm-libs-4.15.1-25.oe1
[ 1492s] [272/455] installing python-pip-wheel-19.2.3-2.fc32
[ 1494s] [273/455] installing gdk-pixbuf2-modules-2.42.6-1.oe1
[ 1499s] [274/455] installing libmodulemd-2.13.0-1.oe1
[ 1502s] [275/455] installing gcc-c++-10.3.1-10.oe1
[ 1515s] [276/455] installing krb5-libs-1.18.2-3.oe1
[ 1518s] [277/455] installing librsvg2-2.50.5-1.oe1
[ 1525s] [278/455] installing libtirpc-1.3.1-1.oe1
[ 1528s] [279/455] installing cyrus-sasl-lib-2.1.27-10.oe1
[ 1530s] [280/455] installing libssh-0.9.5-1.oe1
[ 1533s] [281/455] installing elinks-0.12-1.oe1
[ 1538s] [282/455] installing openldap-2.4.46-15.oe1
[ 1540s] [283/455] installing libnsl2-1.3.0-2.oe1
[ 1544s] [284/455] installing python3-3.8.5-13.oe1
[ 1575s] [285/455] installing python3-parameterized-0.6.1-9.fc32
[ 1577s] [286/455] installing python3-pyparsing-2.4.5-1.fc32
[ 1580s] [287/455] installing python3-setuptools-59.4.0-3.oe1
[ 1587s] [288/455] installing python3-setuptools_scm-3.3.3-6.fc32
[ 1589s] [289/455] installing python3-six-1.16.0-2.oe1
[ 1592s] [290/455] installing python3-markupsafe-1.1.1-4.fc32
[ 1594s] [291/455] installing python3-gpgme-1.15.1-1.oe1
[ 1599s] [292/455] installing python3-lxml-4.4.1-3.fc32
[ 1605s] [293/455] installing python3-libcomps-0.1.15-1.oe1
[ 1607s] [294/455] installing libpsl-0.21.1-1.oe1
[ 1610s] [295/455] installing gdb-headless-9.2-5.oe1
[ 1617s] [296/455] installing python3-anytree-2.7.2-2.fc32
[ 1620s] [297/455] installing python3-pygments-2.4.2-6.fc32
[ 1629s] [298/455] installing systemtap-sdt-devel-4.1-3.oe1
[ 1630s] [299/455] installing gdb-9.2-5.oe1
[ 1633s] [300/455] installing meson-0.59.4-1.oe1
[ 1642s] [301/455] installing python3-mako-1.1.0-4.fc32
[ 1646s] [302/455] installing python3-pip-19.2.3-2.fc32
[ 1657s] [303/455] installing libcurl-7.79.1-1.oe1
[ 1659s] [304/455] installing curl-7.79.1-1.oe1
[ 1662s] [305/455] installing librepo-1.14.2-2.oe1
[ 1664s] [306/455] installing rpm-4.15.1-25.oe1
[ 1670s] [307/455] installing efi-srpm-macros-4-3.oe1
[ 1672s] [308/455] installing cmake-rpm-macros-3.22.0-1.oe1
[ 1675s] [309/455] installing libsolv-0.7.20-1.oe1
[ 1678s] [310/455] installing python3-rpm-4.15.1-25.oe1
[ 1681s] [311/455] installing openEuler-rpm-config-30-22.oe1
[ 1685s] [312/455] installing cmake-3.22.0-1.oe1
[ 1701s] [313/455] installing libdnf-0.65.0-2.oe1
[ 1706s] [314/455] installing cmake-data-3.22.0-1.oe1
[ 1737s] [315/455] installing python3-libdnf-0.65.0-2.oe1
[ 1741s] [316/455] installing perl-4:5.28.0-435.oe1
[ 1751s] [317/455] installing perl-B-Debug-1.26-4.oe1
[ 1754s] [318/455] installing perl-Env-1.04-397.oe1
[ 1756s] [319/455] installing perl-Devel-PPPort-3.42-4.oe1
[ 1759s] [320/455] installing perl-Pod-Escapes-1:1.07-419.oe1
[ 1760s] [321/455] installing perl-Text-Tabs+Wrap-2013.0523-419.oe1
[ 1761s] [322/455] installing perl-Algorithm-Diff-1.1903-14.oe1
[ 1763s] [323/455] installing perl-Params-Check-1:0.38-418.oe1
[ 1764s] [324/455] installing perl-Term-Cap-1.17-510.oe1
[ 1766s] [325/455] installing perl-TermReadKey-2.38-2.oe1
[ 1770s] [326/455] installing perl-Text-Balanced-2.03-420.oe1
[ 1771s] [327/455] installing perl-threads-1:2.22-419.oe1
[ 1774s] [328/455] installing openssl-1:1.1.1f-2.oe1
[ 1776s] [329/455] installing perl-Config-Perl-V-0.30-5.oe1
[ 1778s] [330/455] installing perl-Error-1:0.17029-1.oe1
[ 1780s] [331/455] installing perl-Filter-2:1.59-2.oe1
[ 1783s] [332/455] installing perl-IPC-SysV-2.07-5.oe1
[ 1785s] [333/455] installing perl-Locale-Maketext-1:1.28-1.oe1
[ 1787s] [334/455] installing perl-SGMLSpm-1.03ii-45.oe1
[ 1789s] [335/455] installing perl-constant-1.33-421.oe1
[ 1791s] [336/455] installing docbook-style-dsssl-1.79-27.oe1
[ 1800s] [337/455] installing perl-MIME-Base64-3.15-418.oe1
[ 1803s] [338/455] installing perl-CPAN-Meta-YAML-0.018-420.oe1
[ 1809s] [339/455] installing perl-Socket-4:2.029-2.oe1
[ 1811s] [340/455] installing perl-Storable-1:3.15-2.oe1
[ 1813s] [341/455] installing gd-2.2.5-6.oe1
[ 1817s] [342/455] installing python3-hawkey-0.65.0-2.oe1
[ 1819s] [343/455] installing perl-PerlIO-via-QuotedPrint-0.08-397.oe1
[ 1821s] [344/455] installing perl-Digest-1.17-419.oe1
[ 1822s] [345/455] installing perl-Filter-Simple-1:0.94-1.oe1
[ 1823s] [346/455] installing perl-IO-Socket-IP-0.39-420.oe1
[ 1825s] [347/455] installing perl-Text-Diff-1.45-7.oe1
[ 1826s] [348/455] installing perl-Time-Local-2:1.280-6.oe1
[ 1827s] [349/455] installing perl-version-8:0.99.24-3.oe1
[ 1829s] [350/455] installing perl-IPC-System-Simple-1.25-19.oe1
[ 1831s] [351/455] installing perl-threads-shared-1.59-2.oe1
[ 1833s] [352/455] installing perl-Compress-Raw-Bzip2-2.100-1.oe1
[ 1835s] [353/455] installing perl-Compress-Raw-Zlib-1:2.100-1.oe1
[ 1837s] [354/455] installing perl-Locale-Codes-3.58-2.oe1
[ 1841s] [355/455] installing perl-Math-BigInt-1:1.9998.13-5.oe1
[ 1843s] [356/455] installing perl-PathTools-3.75-4.oe1
[ 1845s] [357/455] installing python3-dnf-4.10.0-1.oe1
[ 1849s] [358/455] installing perl-Data-Dumper-2.172-3.oe1
[ 1851s] [359/455] installing perl-Sys-Syslog-0.35-420.oe1
[ 1854s] [360/455] installing perl-Encode-4:2.98-9.oe1
[ 1861s] [361/455] installing autogen-5.18.16-1.oe1
[ 1870s] [362/455] installing nodejs-1:16.10.0-1.oe1
[ 1874s] [363/455] installing systemd-243-22.oe1
[ 1895s] /var/tmp/rpm-tmp.LlaKL0: line 8: groupadd: command not found
[ 1895s] /var/tmp/rpm-tmp.LlaKL0: line 10: groupadd: command not found
[ 1895s] /var/tmp/rpm-tmp.LlaKL0: line 13: groupadd: command not found
[ 1895s] /var/tmp/rpm-tmp.LlaKL0: line 16: groupadd: command not found
[ 1895s] [364/455] installing dbus-common-1:1.12.20-3.oe1
[ 1899s] [365/455] installing nodejs-source-map-0.5.6-1.oe1
[ 1901s] [366/455] installing perl-Module-Load-1:0.32-418.oe1
[ 1903s] [367/455] installing nodejs-packaging-20-1.oe1
[ 1905s] [368/455] installing dnf-4.10.0-1.oe1
[ 1909s] Failed to preset unit, unit dnf-automatic.timer does not exist.
[ 1909s] Failed to preset unit, unit dnf-automatic-notifyonly.timer does not exist.
[ 1909s] Failed to preset unit, unit dnf-automatic-download.timer does not exist.
[ 1909s] Failed to preset unit, unit dnf-automatic-install.timer does not exist.
[ 1909s] [369/455] installing perl-File-Which-1.23-1.oe1
[ 1912s] [370/455] installing perl-Thread-Queue-3.13-3.oe1
[ 1913s] [371/455] installing perl-experimental-0.020-2.oe1
[ 1916s] [372/455] installing perl-Digest-MD5-2.55-419.oe1
[ 1919s] [373/455] installing perl-File-Path-2.16-4.oe1
[ 1921s] [374/455] installing perl-Math-BigInt-FastCalc-0.500.700-4.oe1
[ 1925s] [375/455] installing perl-Module-Metadata-1.000036-3.oe1
[ 1926s] [376/455] installing perl-CPAN-Meta-Requirements-2.140-419.oe1
[ 1929s] [377/455] installing perl-Encode-devel-4:2.98-9.oe1
[ 1931s] [378/455] installing perl-HTTP-Tiny-0.076-3.oe1
[ 1932s] [379/455] installing perl-Math-BigRat-0.2614-2.oe1
[ 1934s] [380/455] installing audit-1:3.0-2.oe1
[ 1941s] [381/455] installing perl-DB_File-1.842-2.oe1
[ 1943s] [382/455] installing perl-autodie-2.29-398.oe1
[ 1945s] [383/455] installing perl-Unicode-Collate-1.25-4.oe1
[ 1950s] [384/455] installing perl-IO-Compress-2.081-6.oe1
[ 1952s] [385/455] installing perl-podlators-1:4.14-1.oe1
[ 1953s] [386/455] installing perl-ExtUtils-Command-1:7.60-1.oe1
[ 1955s] [387/455] installing perl-ExtUtils-Manifest-1:1.71-4.oe1
[ 1957s] [388/455] installing perl-bignum-0.50-4.oe1
[ 1958s] [389/455] installing perl-File-Temp-1:0.230.800-4.oe1
[ 1960s] [390/455] installing perl-libnet-3.11-420.oe1
[ 1965s] [391/455] installing pam-1.5.1-1.oe1
[ 1970s] [392/455] installing libpwquality-1.4.4-1.oe1
[ 1974s] [393/455] installing perl-File-HomeDir-1.004-4.oe1
[ 1976s] [394/455] installing shadow-2:4.8.1-5.oe1
[ 1982s] [395/455] installing perl-Test-Simple-2:1.302175-2.oe1
[ 1985s] [396/455] installing libutempter-1.1.6-16.oe1
[ 1989s] [397/455] installing unbound-libs-1.10.1-4.oe1
[ 1994s] [398/455] installing dbus-daemon-1:1.12.20-3.oe1
[ 2003s] [399/455] installing openssh-server-8.2p1-10.oe1
[ 2008s] Created symlink /etc/systemd/system/multi-user.target.wants/sshd.service -> /usr/lib/systemd/system/sshd.service.
[ 2008s] [400/455] installing groff-1.22.4-4.oe1
[ 2017s] [401/455] installing dbus-1:1.12.20-3.oe1
[ 2019s] [402/455] installing man-db-2.9.3-2.oe1
[ 2024s] [403/455] installing perl-Pod-Perldoc-1:3.28-3.oe1
[ 2026s] [404/455] installing gnutls-3.6.15-3.oe1
[ 2036s] [405/455] installing util-linux-2.36.1-3.oe1
[ 2044s] [406/455] installing nss-help-3.72.0-2.oe1
[ 2048s] [407/455] installing util-linux-devel-2.36.1-3.oe1
[ 2051s] [408/455] installing at-spi2-core-2.39.1-1.oe1
[ 2055s] [409/455] installing cups-libs-1:2.3.3-6.oe1
[ 2063s] [410/455] installing perl-Pod-Usage-4:1.69-418.oe1
[ 2068s] [411/455] installing device-mapper-8:1.02.172-1.oe1
[ 2071s] [412/455] installing openssh-8.2p1-10.oe1
[ 2075s] [413/455] installing at-spi2-atk-2.38.0-1.oe1
[ 2077s] [414/455] installing perl-Getopt-Long-1:2.52-1.oe1
[ 2082s] [415/455] installing cryptsetup-2.3.3-3.oe1
[ 2086s] [416/455] installing device-mapper-event-8:1.02.172-1.oe1
[ 2089s] Created symlink /etc/systemd/system/sockets.target.wants/dm-event.socket -> /usr/lib/systemd/system/dm-event.socket.
[ 2089s] [417/455] installing nss-3.72.0-2.oe1
[ 2099s] [418/455] installing glib2-devel-2.66.8-1.oe1
[ 2121s] [419/455] installing openssh-clients-8.2p1-10.oe1
[ 2124s] [420/455] installing nss-util-3.72.0-2.oe1
[ 2129s] [421/455] installing perl-ExtUtils-ParseXS-2:3.35-1.oe1
[ 2131s] [422/455] installing perl-Module-CoreList-1:5.20180920-2.oe1
[ 2133s] [423/455] installing perl-Digest-SHA-1:6.02-7.oe1
[ 2135s] [424/455] installing perl-Pod-Parser-1.63-397.oe1
[ 2137s] [425/455] installing perl-Pod-Simple-1:3.35-418.oe1
[ 2140s] [426/455] installing perl-Test-Harness-1:3.43_02-1.oe1
[ 2143s] [427/455] installing docbook-utils-0.6.14-47.oe1
[ 2146s] [428/455] installing perl-Archive-Tar-2.30-421.oe1
[ 2147s] [429/455] installing perl-JSON-PP-1:4.04-2.oe1
[ 2149s] [430/455] installing lvm2-8:2.03.11-1.oe1
[ 2158s] Created symlink /etc/systemd/system/sysinit.target.wants/lvm2-lvmpolld.socket -> /usr/lib/systemd/system/lvm2-lvmpolld.socket.
[ 2158s] [431/455] installing autoconf-2.69-30.oe1
[ 2161s] [432/455] installing git-2.23.0-12.oe1
[ 2175s] [433/455] installing gtk3-3.24.30-2.oe1
[ 2187s] [434/455] installing nss-softokn-3.72.0-2.oe1
[ 2191s] [435/455] installing perl-Pod-Checker-4:1.73-398.oe1
[ 2192s] [436/455] installing perl-Git-2.23.0-12.oe1
[ 2194s] [437/455] installing gtk-doc-1.33.2-1.oe1
[ 2198s] [438/455] installing perl-CPAN-Meta-2.150010-419.oe1
[ 2202s] [439/455] installing perl-Module-Load-Conditional-0.68-418.oe1
[ 2204s] [440/455] installing automake-1.16.1-6.oe1
[ 2208s] [441/455] installing perl-ExtUtils-MakeMaker-1:7.60-1.oe1
[ 2211s] [442/455] installing gtk2-2.24.33-2.oe1
[ 2221s] [443/455] installing ghostscript-9.52-5.oe1
[ 2232s] [444/455] installing libtool-2.4.6-34.oe1
[ 2240s] [445/455] installing perl-ExtUtils-Install-2.14-419.oe1
[ 2243s] [446/455] installing perl-IPC-Cmd-2:1.04-4.oe1
[ 2245s] [447/455] installing graphviz-2.44.1-4.oe1
[ 2258s] [448/455] installing rpm-build-4.15.1-25.oe1
[ 2260s] [449/455] installing graphviz-devel-2.44.1-4.oe1
[ 2262s] [450/455] installing gcc_secure-1.0-0.9.oe1
[ 2265s] [451/455] installing gobject-introspection-devel-1.66.1-1.oe1
[ 2273s] [452/455] installing perl-File-Fetch-0.56-4.oe1
[ 2274s] [453/455] installing perl-devel-4:5.28.0-435.oe1
[ 2286s] [454/455] installing vala-devel-0.50.8-3.oe1
[ 2289s] [455/455] installing vala-0.50.8-3.oe1
[ 2298s] removing nis flags from /var/cache/obs/worker/root_3/etc/nsswitch.conf...
[ 2298s] now finalizing build dir...
[ 2312s] Running build time source services...
[ 2333s] -----------------------------------------------------------------
[ 2333s] ----- building gcab.spec (user abuild)
[ 2333s] -----------------------------------------------------------------
[ 2333s] -----------------------------------------------------------------
[ 2341s] + exec rpmbuild -ba --define '_srcdefattr (-,root,root)' --nosignature --define 'disturl obs://private/openEuler:Mainline:RISC-V/advanced_riscv64/3ca56f67f6bd372031d85adfe92269ce-gcab' /home/abuild/rpmbuild/SOURCES/gcab.spec
[ 2342s] warning: line 24: It's not recommended to have unversioned Obsoletes: Obsoletes:      libgcab1-devel
[ 2343s] Executing(%prep): /bin/sh -e /var/tmp/rpm-tmp.RgdyqG
[ 2343s] + umask 022
[ 2343s] + cd /home/abuild/rpmbuild/BUILD
[ 2343s] + cd /home/abuild/rpmbuild/BUILD
[ 2343s] + rm -rf gcab-1.4
[ 2343s] + /usr/bin/xz -dc /home/abuild/rpmbuild/SOURCES/gcab-1.4.tar.xz
[ 2343s] + /usr/bin/tar -xof -
[ 2343s] + STATUS=0
[ 2343s] + '[' 0 -ne 0 ']'
[ 2343s] + cd gcab-1.4
[ 2343s] + /usr/bin/chmod -Rf a+rX,u+w,g-w,o-w .
[ 2343s] + RPM_EC=0
[ 2343s] ++ jobs -p
[ 2343s] + exit 0
[ 2343s] Executing(%build): /bin/sh -e /var/tmp/rpm-tmp.FIB5kG
[ 2343s] + umask 022
[ 2343s] + cd /home/abuild/rpmbuild/BUILD
[ 2343s] + cd gcab-1.4
[ 2343s] + CFLAGS='-O2 -g -pipe -Wall -Werror=format-security -Wp,-D_FORTIFY_SOURCE=2 -Wp,-D_GLIBCXX_ASSERTIONS -fstack-protector-strong -grecord-gcc-switches -specs=/usr/lib/rpm/generic-hardened-cc1 -fasynchronous-unwind-tables -fstack-clash-protection'
[ 2343s] + export CFLAGS
[ 2343s] + CXXFLAGS='-O2 -g -pipe -Wall -Werror=format-security -Wp,-D_FORTIFY_SOURCE=2 -Wp,-D_GLIBCXX_ASSERTIONS -fstack-protector-strong -grecord-gcc-switches -specs=/usr/lib/rpm/generic-hardened-cc1 -fasynchronous-unwind-tables -fstack-clash-protection -fexceptions'
[ 2343s] + export CXXFLAGS
[ 2343s] + FFLAGS='-O2 -g -pipe -Wall -Werror=format-security -Wp,-D_FORTIFY_SOURCE=2 -Wp,-D_GLIBCXX_ASSERTIONS -fstack-protector-strong -grecord-gcc-switches -specs=/usr/lib/rpm/generic-hardened-cc1 -fasynchronous-unwind-tables -fstack-clash-protection -fexceptions -I/usr/lib64/gfortran/modules'
[ 2343s] + export FFLAGS
[ 2343s] + FCFLAGS='-O2 -g -pipe -Wall -Werror=format-security -Wp,-D_FORTIFY_SOURCE=2 -Wp,-D_GLIBCXX_ASSERTIONS -fstack-protector-strong -grecord-gcc-switches -specs=/usr/lib/rpm/generic-hardened-cc1 -fasynchronous-unwind-tables -fstack-clash-protection -fexceptions -I/usr/lib64/gfortran/modules'
[ 2343s] + export FCFLAGS
[ 2343s] + LDFLAGS='-Wl,-z,relro   -Wl,-z,now -specs=/usr/lib/rpm/generic-hardened-ld'
[ 2343s] + export LDFLAGS
[ 2343s] + /usr/bin/meson --buildtype=plain --prefix=/usr --libdir=/usr/lib64 --libexecdir=/usr/libexec --bindir=/usr/bin --sbindir=/usr/sbin --includedir=/usr/include --datadir=/usr/share --mandir=/usr/share/man --infodir=/usr/share/info --localedir=/usr/share/locale --sysconfdir=/etc --localstatedir=/var --sharedstatedir=/var/lib --wrap-mode=nodownload --auto-features=enabled . riscv64-openEuler-linux-gnu
[ 2462s] The Meson build system
[ 2462s] Version: 0.59.4
[ 2462s] Source dir: /home/abuild/rpmbuild/BUILD/gcab-1.4
[ 2462s] Build dir: /home/abuild/rpmbuild/BUILD/gcab-1.4/riscv64-openEuler-linux-gnu
[ 2462s] Build type: native build
[ 2462s] Project name: gcab
[ 2462s] Project version: 1.4
[ 2462s] C compiler for the host machine: cc (gcc 10.3.1 "gcc_old (GCC) 10.3.1")
[ 2462s] C linker for the host machine: cc ld.bfd 2.37
[ 2462s] Host machine cpu family: riscv64
[ 2462s] Host machine cpu: riscv64
[ 2462s] Program git found: YES (/usr/bin/git)
[ 2462s] Compiler for C supports arguments -Waggregate-return: YES 
[ 2462s] Compiler for C supports arguments -Wunused: YES 
[ 2462s] Compiler for C supports arguments -Warray-bounds: YES 
[ 2462s] Compiler for C supports arguments -Wcast-align: YES 
[ 2462s] Compiler for C supports arguments -Wclobbered: YES 
[ 2462s] Compiler for C supports arguments -Wduplicated-branches: YES 
[ 2462s] Compiler for C supports arguments -Wduplicated-cond: YES 
[ 2462s] Compiler for C supports arguments -Wempty-body: YES 
[ 2462s] Compiler for C supports arguments -Wformat=2: YES 
[ 2462s] Compiler for C supports arguments -Wformat-nonliteral: YES 
[ 2462s] Compiler for C supports arguments -Wformat-security: YES 
[ 2462s] Compiler for C supports arguments -Wformat-signedness: YES 
[ 2462s] Compiler for C supports arguments -Wignored-qualifiers: YES 
[ 2462s] Compiler for C supports arguments -Wimplicit-function-declaration: YES 
[ 2462s] Compiler for C supports arguments -Winit-self: YES 
[ 2462s] Compiler for C supports arguments -Wlogical-op: YES 
[ 2462s] Compiler for C supports arguments -Wmissing-declarations: YES 
[ 2462s] Compiler for C supports arguments -Wmissing-format-attribute: YES 
[ 2462s] Compiler for C supports arguments -Wmissing-include-dirs: YES 
[ 2462s] Compiler for C supports arguments -Wmissing-noreturn: YES 
[ 2462s] Compiler for C supports arguments -Wmissing-parameter-type: YES 
[ 2462s] Compiler for C supports arguments -Wmissing-prototypes: YES 
[ 2462s] Compiler for C supports arguments -Wnested-externs: YES 
[ 2462s] Compiler for C supports arguments -Wno-discarded-qualifiers: YES 
[ 2462s] Compiler for C supports arguments -Wno-missing-field-initializers: YES 
[ 2462s] Compiler for C supports arguments -Wno-strict-aliasing: YES 
[ 2462s] Compiler for C supports arguments -Wno-suggest-attribute=format: YES 
[ 2462s] Compiler for C supports arguments -Wno-unused-parameter: YES 
[ 2462s] Compiler for C supports arguments -Wnull-dereference: YES 
[ 2462s] Compiler for C supports arguments -Wold-style-definition: YES 
[ 2462s] Compiler for C supports arguments -Woverride-init: YES 
[ 2462s] Compiler for C supports arguments -Wpointer-arith: YES 
[ 2462s] Compiler for C supports arguments -Wredundant-decls: YES 
[ 2462s] Compiler for C supports arguments -Wreturn-type: YES 
[ 2462s] Compiler for C supports arguments -Wshadow: YES 
[ 2462s] Compiler for C supports arguments -Wsign-compare: YES 
[ 2462s] Compiler for C supports arguments -Wstrict-aliasing: YES 
[ 2462s] Compiler for C supports arguments -Wstrict-prototypes: YES 
[ 2462s] Compiler for C supports arguments -Wswitch-default: YES 
[ 2462s] Compiler for C supports arguments -Wtype-limits: YES 
[ 2462s] Compiler for C supports arguments -Wundef: YES 
[ 2462s] Compiler for C supports arguments -Wuninitialized: YES 
[ 2462s] Compiler for C supports arguments -Wunused-but-set-variable: YES 
[ 2462s] Compiler for C supports arguments -Wunused-variable: YES 
[ 2462s] Compiler for C supports arguments -Wwrite-strings: YES 
[ 2462s] Compiler for C supports link arguments -Wl,-z,relro: YES 
[ 2462s] Compiler for C supports link arguments -Wl,-z,now: YES 
[ 2462s] Found pkg-config: /usr/bin/pkg-config (1.7.3)
[ 2462s] Run-time dependency gio-2.0 found: YES 2.66.8
[ 2462s] Run-time dependency zlib found: YES 1.2.11
[ 2462s] Configuring config.h using configuration
[ 2462s] Program glib-mkenums found: YES (/usr/bin/glib-mkenums)
[ 2462s] Compiler for C supports link arguments -Wl,--version-script,/home/abuild/rpmbuild/BUILD/gcab-1.4/libgcab/libgcab.syms: YES 
[ 2462s] Run-time dependency gobject-introspection-1.0 found: YES 1.66.1
[ 2462s] Dependency gobject-introspection-1.0 found: YES 1.66.1 (cached)
[ 2462s] Program g-ir-scanner found: YES (/usr/bin/g-ir-scanner)
[ 2462s] Dependency gobject-introspection-1.0 found: YES 1.66.1 (cached)
[ 2462s] Program g-ir-compiler found: YES (/usr/bin/g-ir-compiler)
[ 2462s] Program vapigen found: YES (/usr/bin/vapigen)
[ 2462s] Configuring gcab.1 using configuration
[ 2462s] Run-time dependency glib-2.0 found: YES 2.66.8
[ 2462s] Program gtkdoc-scan found: YES (/usr/bin/gtkdoc-scan)
[ 2462s] Program gtkdoc-scangobj found: YES (/usr/bin/gtkdoc-scangobj)
[ 2462s] Program gtkdoc-mkdb found: YES (/usr/bin/gtkdoc-mkdb)
[ 2462s] Program gtkdoc-mkhtml found: YES (/usr/bin/gtkdoc-mkhtml)
[ 2462s] Program gtkdoc-fixxref found: YES (/usr/bin/gtkdoc-fixxref)
[ 2462s] Build targets in project: 15
[ 2462s] 
[ 2462s] Found ninja-1.8.2 at /usr/bin/ninja
[ 2463s] + /usr/bin/meson compile -C riscv64-openEuler-linux-gnu -j 8 --verbose
[ 2474s] ninja: Entering directory `riscv64-openEuler-linux-gnu'
[ 2485s] [1/21] cc -Isrc/gcab-fuzz.p -Isrc -I../src -I. -I.. -Ilibgcab -I../libgcab -I/usr/include/glib-2.0 -I/usr/lib64/glib-2.0/include -I/usr/include/libmount -I/usr/include/blkid -fdiagnostics-color=always -D_FILE_OFFSET_BITS=64 -Wall -Winvalid-pch -Wextra -std=c99 -Waggregate-return -Wunused -Warray-bounds -Wcast-align -Wclobbered -Wduplicated-branches -Wduplicated-cond -Wempty-body -Wformat=2 -Wformat-nonliteral -Wformat-security -Wformat-signedness -Wignored-qualifiers -Wimplicit-function-declaration -Winit-self -Wlogical-op -Wmissing-declarations -Wmissing-format-attribute -Wmissing-include-dirs -Wmissing-noreturn -Wmissing-parameter-type -Wmissing-prototypes -Wnested-externs -Wno-discarded-qualifiers -Wno-missing-field-initializers -Wno-strict-aliasing -Wno-suggest-attribute=format -Wno-unused-parameter -Wnull-dereference -Wold-style-definition -Woverride-init -Wpointer-arith -Wredundant-decls -Wreturn-type -Wshadow -Wsign-compare -Wstrict-aliasing -Wstrict-prototypes -Wswitch-default -Wtype-limits -Wundef -Wuninitialized -Wunused-but-set-variable -Wunused-variable -Wwrite-strings -fstack-protector-strong -O2 -g -pipe -Wall -Werror=format-security -Wp,-D_FORTIFY_SOURCE=2 -Wp,-D_GLIBCXX_ASSERTIONS -fstack-protector-strong -grecord-gcc-switches -specs=/usr/lib/rpm/generic-hardened-cc1 -fasynchronous-unwind-tables -fstack-clash-protection -pthread '-DG_LOG_DOMAIN="gcab"' -MD -MQ src/gcab-fuzz.p/gcab-fuzz.c.o -MF src/gcab-fuzz.p/gcab-fuzz.c.o.d -o src/gcab-fuzz.p/gcab-fuzz.c.o -c ../src/gcab-fuzz.c
[ 2485s] [2/21] cc -Isrc/gcab-bzero.p -Isrc -I../src -I. -I.. -Ilibgcab -I../libgcab -I/usr/include/glib-2.0 -I/usr/lib64/glib-2.0/include -I/usr/include/libmount -I/usr/include/blkid -fdiagnostics-color=always -D_FILE_OFFSET_BITS=64 -Wall -Winvalid-pch -Wextra -std=c99 -Waggregate-return -Wunused -Warray-bounds -Wcast-align -Wclobbered -Wduplicated-branches -Wduplicated-cond -Wempty-body -Wformat=2 -Wformat-nonliteral -Wformat-security -Wformat-signedness -Wignored-qualifiers -Wimplicit-function-declaration -Winit-self -Wlogical-op -Wmissing-declarations -Wmissing-format-attribute -Wmissing-include-dirs -Wmissing-noreturn -Wmissing-parameter-type -Wmissing-prototypes -Wnested-externs -Wno-discarded-qualifiers -Wno-missing-field-initializers -Wno-strict-aliasing -Wno-suggest-attribute=format -Wno-unused-parameter -Wnull-dereference -Wold-style-definition -Woverride-init -Wpointer-arith -Wredundant-decls -Wreturn-type -Wshadow -Wsign-compare -Wstrict-aliasing -Wstrict-prototypes -Wswitch-default -Wtype-limits -Wundef -Wuninitialized -Wunused-but-set-variable -Wunused-variable -Wwrite-strings -fstack-protector-strong -O2 -g -pipe -Wall -Werror=format-security -Wp,-D_FORTIFY_SOURCE=2 -Wp,-D_GLIBCXX_ASSERTIONS -fstack-protector-strong -grecord-gcc-switches -specs=/usr/lib/rpm/generic-hardened-cc1 -fasynchronous-unwind-tables -fstack-clash-protection -pthread '-DG_LOG_DOMAIN="gcab"' -MD -MQ src/gcab-bzero.p/gcab-bzero.c.o -MF src/gcab-bzero.p/gcab-bzero.c.o.d -o src/gcab-bzero.p/gcab-bzero.c.o -c ../src/gcab-bzero.c
[ 2488s] [3/21] cc -Isrc/gcab.p -Isrc -I../src -I. -I.. -Ilibgcab -I../libgcab -I/usr/include/glib-2.0 -I/usr/lib64/glib-2.0/include -I/usr/include/libmount -I/usr/include/blkid -fdiagnostics-color=always -D_FILE_OFFSET_BITS=64 -Wall -Winvalid-pch -Wextra -std=c99 -Waggregate-return -Wunused -Warray-bounds -Wcast-align -Wclobbered -Wduplicated-branches -Wduplicated-cond -Wempty-body -Wformat=2 -Wformat-nonliteral -Wformat-security -Wformat-signedness -Wignored-qualifiers -Wimplicit-function-declaration -Winit-self -Wlogical-op -Wmissing-declarations -Wmissing-format-attribute -Wmissing-include-dirs -Wmissing-noreturn -Wmissing-parameter-type -Wmissing-prototypes -Wnested-externs -Wno-discarded-qualifiers -Wno-missing-field-initializers -Wno-strict-aliasing -Wno-suggest-attribute=format -Wno-unused-parameter -Wnull-dereference -Wold-style-definition -Woverride-init -Wpointer-arith -Wredundant-decls -Wreturn-type -Wshadow -Wsign-compare -Wstrict-aliasing -Wstrict-prototypes -Wswitch-default -Wtype-limits -Wundef -Wuninitialized -Wunused-but-set-variable -Wunused-variable -Wwrite-strings -fstack-protector-strong -O2 -g -pipe -Wall -Werror=format-security -Wp,-D_FORTIFY_SOURCE=2 -Wp,-D_GLIBCXX_ASSERTIONS -fstack-protector-strong -grecord-gcc-switches -specs=/usr/lib/rpm/generic-hardened-cc1 -fasynchronous-unwind-tables -fstack-clash-protection -pthread '-DG_LOG_DOMAIN="gcab"' -MD -MQ src/gcab.p/gcab.c.o -MF src/gcab.p/gcab.c.o.d -o src/gcab.p/gcab.c.o -c ../src/gcab.c
[ 2488s] [4/21] /usr/bin/meson --internal exe --capture libgcab/gcab-enums.h -- /usr/bin/glib-mkenums --symbol-prefix gcab --identifier-prefix GCab --template /home/abuild/rpmbuild/BUILD/gcab-1.4/riscv64-openEuler-linux-gnu/../libgcab/gcab-enums.h.etemplate /home/abuild/rpmbuild/BUILD/gcab-1.4/riscv64-openEuler-linux-gnu/../libgcab/gcab-folder.h /home/abuild/rpmbuild/BUILD/gcab-1.4/riscv64-openEuler-linux-gnu/../libgcab/gcab-file.h
[ 2494s] [5/21] cc -Itests/gcab-self-test.p -Itests -I../tests -I. -I.. -Ilibgcab -I../libgcab -I/usr/include/glib-2.0 -I/usr/lib64/glib-2.0/include -I/usr/include/libmount -I/usr/include/blkid -fdiagnostics-color=always -D_FILE_OFFSET_BITS=64 -Wall -Winvalid-pch -Wextra -std=c99 -Waggregate-return -Wunused -Warray-bounds -Wcast-align -Wclobbered -Wduplicated-branches -Wduplicated-cond -Wempty-body -Wformat=2 -Wformat-nonliteral -Wformat-security -Wformat-signedness -Wignored-qualifiers -Wimplicit-function-declaration -Winit-self -Wlogical-op -Wmissing-declarations -Wmissing-format-attribute -Wmissing-include-dirs -Wmissing-noreturn -Wmissing-parameter-type -Wmissing-prototypes -Wnested-externs -Wno-discarded-qualifiers -Wno-missing-field-initializers -Wno-strict-aliasing -Wno-suggest-attribute=format -Wno-unused-parameter -Wnull-dereference -Wold-style-definition -Woverride-init -Wpointer-arith -Wredundant-decls -Wreturn-type -Wshadow -Wsign-compare -Wstrict-aliasing -Wstrict-prototypes -Wswitch-default -Wtype-limits -Wundef -Wuninitialized -Wunused-but-set-variable -Wunused-variable -Wwrite-strings -fstack-protector-strong -O2 -g -pipe -Wall -Werror=format-security -Wp,-D_FORTIFY_SOURCE=2 -Wp,-D_GLIBCXX_ASSERTIONS -fstack-protector-strong -grecord-gcc-switches -specs=/usr/lib/rpm/generic-hardened-cc1 -fasynchronous-unwind-tables -fstack-clash-protection -pthread -D_XOPEN_SOURCE=500 -MD -MQ tests/gcab-self-test.p/gcab-self-test.c.o -MF tests/gcab-self-test.p/gcab-self-test.c.o.d -o tests/gcab-self-test.p/gcab-self-test.c.o -c ../tests/gcab-self-test.c
[ 2501s] [6/21] /usr/bin/meson --internal exe --capture libgcab/gcab-enums.c -- /usr/bin/glib-mkenums --symbol-prefix gcab --identifier-prefix GCab --template /home/abuild/rpmbuild/BUILD/gcab-1.4/riscv64-openEuler-linux-gnu/../libgcab/gcab-enums.c.etemplate /home/abuild/rpmbuild/BUILD/gcab-1.4/riscv64-openEuler-linux-gnu/../libgcab/gcab-folder.h /home/abuild/rpmbuild/BUILD/gcab-1.4/riscv64-openEuler-linux-gnu/../libgcab/gcab-file.h
[ 2501s] [7/21] cc -Ilibgcab/libgcab-1.0.so.0.1.0.p -Ilibgcab -I../libgcab -I. -I.. -I/usr/include/glib-2.0 -I/usr/lib64/glib-2.0/include -I/usr/include/libmount -I/usr/include/blkid -fdiagnostics-color=always -D_FILE_OFFSET_BITS=64 -Wall -Winvalid-pch -Wextra -std=c99 -Waggregate-return -Wunused -Warray-bounds -Wcast-align -Wclobbered -Wduplicated-branches -Wduplicated-cond -Wempty-body -Wformat=2 -Wformat-nonliteral -Wformat-security -Wformat-signedness -Wignored-qualifiers -Wimplicit-function-declaration -Winit-self -Wlogical-op -Wmissing-declarations -Wmissing-format-attribute -Wmissing-include-dirs -Wmissing-noreturn -Wmissing-parameter-type -Wmissing-prototypes -Wnested-externs -Wno-discarded-qualifiers -Wno-missing-field-initializers -Wno-strict-aliasing -Wno-suggest-attribute=format -Wno-unused-parameter -Wnull-dereference -Wold-style-definition -Woverride-init -Wpointer-arith -Wredundant-decls -Wreturn-type -Wshadow -Wsign-compare -Wstrict-aliasing -Wstrict-prototypes -Wswitch-default -Wtype-limits -Wundef -Wuninitialized -Wunused-but-set-variable -Wunused-variable -Wwrite-strings -fstack-protector-strong -O2 -g -pipe -Wall -Werror=format-security -Wp,-D_FORTIFY_SOURCE=2 -Wp,-D_GLIBCXX_ASSERTIONS -fstack-protector-strong -grecord-gcc-switches -specs=/usr/lib/rpm/generic-hardened-cc1 -fasynchronous-unwind-tables -fstack-clash-protection -fPIC -pthread '-DG_LOG_DOMAIN="gcab"' -MD -MQ libgcab/libgcab-1.0.so.0.1.0.p/gcab-folder.c.o -MF libgcab/libgcab-1.0.so.0.1.0.p/gcab-folder.c.o.d -o libgcab/libgcab-1.0.so.0.1.0.p/gcab-folder.c.o -c ../libgcab/gcab-folder.c
[ 2503s] [8/21] cc -Ilibgcab/libgcab-1.0.so.0.1.0.p -Ilibgcab -I../libgcab -I. -I.. -I/usr/include/glib-2.0 -I/usr/lib64/glib-2.0/include -I/usr/include/libmount -I/usr/include/blkid -fdiagnostics-color=always -D_FILE_OFFSET_BITS=64 -Wall -Winvalid-pch -Wextra -std=c99 -Waggregate-return -Wunused -Warray-bounds -Wcast-align -Wclobbered -Wduplicated-branches -Wduplicated-cond -Wempty-body -Wformat=2 -Wformat-nonliteral -Wformat-security -Wformat-signedness -Wignored-qualifiers -Wimplicit-function-declaration -Winit-self -Wlogical-op -Wmissing-declarations -Wmissing-format-attribute -Wmissing-include-dirs -Wmissing-noreturn -Wmissing-parameter-type -Wmissing-prototypes -Wnested-externs -Wno-discarded-qualifiers -Wno-missing-field-initializers -Wno-strict-aliasing -Wno-suggest-attribute=format -Wno-unused-parameter -Wnull-dereference -Wold-style-definition -Woverride-init -Wpointer-arith -Wredundant-decls -Wreturn-type -Wshadow -Wsign-compare -Wstrict-aliasing -Wstrict-prototypes -Wswitch-default -Wtype-limits -Wundef -Wuninitialized -Wunused-but-set-variable -Wunused-variable -Wwrite-strings -fstack-protector-strong -O2 -g -pipe -Wall -Werror=format-security -Wp,-D_FORTIFY_SOURCE=2 -Wp,-D_GLIBCXX_ASSERTIONS -fstack-protector-strong -grecord-gcc-switches -specs=/usr/lib/rpm/generic-hardened-cc1 -fasynchronous-unwind-tables -fstack-clash-protection -fPIC -pthread '-DG_LOG_DOMAIN="gcab"' -MD -MQ libgcab/libgcab-1.0.so.0.1.0.p/gcab-cabinet.c.o -MF libgcab/libgcab-1.0.so.0.1.0.p/gcab-cabinet.c.o.d -o libgcab/libgcab-1.0.so.0.1.0.p/gcab-cabinet.c.o -c ../libgcab/gcab-cabinet.c
[ 2503s] [9/21] cc -Ilibgcab/libgcab-1.0.so.0.1.0.p -Ilibgcab -I../libgcab -I. -I.. -I/usr/include/glib-2.0 -I/usr/lib64/glib-2.0/include -I/usr/include/libmount -I/usr/include/blkid -fdiagnostics-color=always -D_FILE_OFFSET_BITS=64 -Wall -Winvalid-pch -Wextra -std=c99 -Waggregate-return -Wunused -Warray-bounds -Wcast-align -Wclobbered -Wduplicated-branches -Wduplicated-cond -Wempty-body -Wformat=2 -Wformat-nonliteral -Wformat-security -Wformat-signedness -Wignored-qualifiers -Wimplicit-function-declaration -Winit-self -Wlogical-op -Wmissing-declarations -Wmissing-format-attribute -Wmissing-include-dirs -Wmissing-noreturn -Wmissing-parameter-type -Wmissing-prototypes -Wnested-externs -Wno-discarded-qualifiers -Wno-missing-field-initializers -Wno-strict-aliasing -Wno-suggest-attribute=format -Wno-unused-parameter -Wnull-dereference -Wold-style-definition -Woverride-init -Wpointer-arith -Wredundant-decls -Wreturn-type -Wshadow -Wsign-compare -Wstrict-aliasing -Wstrict-prototypes -Wswitch-default -Wtype-limits -Wundef -Wuninitialized -Wunused-but-set-variable -Wunused-variable -Wwrite-strings -fstack-protector-strong -O2 -g -pipe -Wall -Werror=format-security -Wp,-D_FORTIFY_SOURCE=2 -Wp,-D_GLIBCXX_ASSERTIONS -fstack-protector-strong -grecord-gcc-switches -specs=/usr/lib/rpm/generic-hardened-cc1 -fasynchronous-unwind-tables -fstack-clash-protection -fPIC -pthread '-DG_LOG_DOMAIN="gcab"' -MD -MQ libgcab/libgcab-1.0.so.0.1.0.p/gcab-file.c.o -MF libgcab/libgcab-1.0.so.0.1.0.p/gcab-file.c.o.d -o libgcab/libgcab-1.0.so.0.1.0.p/gcab-file.c.o -c ../libgcab/gcab-file.c
[ 2503s] [10/21] cc -Ilibgcab/libgcab-1.0.so.0.1.0.p -Ilibgcab -I../libgcab -I. -I.. -I/usr/include/glib-2.0 -I/usr/lib64/glib-2.0/include -I/usr/include/libmount -I/usr/include/blkid -fdiagnostics-color=always -D_FILE_OFFSET_BITS=64 -Wall -Winvalid-pch -Wextra -std=c99 -Waggregate-return -Wunused -Warray-bounds -Wcast-align -Wclobbered -Wduplicated-branches -Wduplicated-cond -Wempty-body -Wformat=2 -Wformat-nonliteral -Wformat-security -Wformat-signedness -Wignored-qualifiers -Wimplicit-function-declaration -Winit-self -Wlogical-op -Wmissing-declarations -Wmissing-format-attribute -Wmissing-include-dirs -Wmissing-noreturn -Wmissing-parameter-type -Wmissing-prototypes -Wnested-externs -Wno-discarded-qualifiers -Wno-missing-field-initializers -Wno-strict-aliasing -Wno-suggest-attribute=format -Wno-unused-parameter -Wnull-dereference -Wold-style-definition -Woverride-init -Wpointer-arith -Wredundant-decls -Wreturn-type -Wshadow -Wsign-compare -Wstrict-aliasing -Wstrict-prototypes -Wswitch-default -Wtype-limits -Wundef -Wuninitialized -Wunused-but-set-variable -Wunused-variable -Wwrite-strings -fstack-protector-strong -O2 -g -pipe -Wall -Werror=format-security -Wp,-D_FORTIFY_SOURCE=2 -Wp,-D_GLIBCXX_ASSERTIONS -fstack-protector-strong -grecord-gcc-switches -specs=/usr/lib/rpm/generic-hardened-cc1 -fasynchronous-unwind-tables -fstack-clash-protection -fPIC -pthread '-DG_LOG_DOMAIN="gcab"' -MD -MQ libgcab/libgcab-1.0.so.0.1.0.p/cabinet.c.o -MF libgcab/libgcab-1.0.so.0.1.0.p/cabinet.c.o.d -o libgcab/libgcab-1.0.so.0.1.0.p/cabinet.c.o -c ../libgcab/cabinet.c
[ 2509s] [11/21] cc -Ilibgcab/libgcab-1.0.so.0.1.0.p -Ilibgcab -I../libgcab -I. -I.. -I/usr/include/glib-2.0 -I/usr/lib64/glib-2.0/include -I/usr/include/libmount -I/usr/include/blkid -fdiagnostics-color=always -D_FILE_OFFSET_BITS=64 -Wall -Winvalid-pch -Wextra -std=c99 -Waggregate-return -Wunused -Warray-bounds -Wcast-align -Wclobbered -Wduplicated-branches -Wduplicated-cond -Wempty-body -Wformat=2 -Wformat-nonliteral -Wformat-security -Wformat-signedness -Wignored-qualifiers -Wimplicit-function-declaration -Winit-self -Wlogical-op -Wmissing-declarations -Wmissing-format-attribute -Wmissing-include-dirs -Wmissing-noreturn -Wmissing-parameter-type -Wmissing-prototypes -Wnested-externs -Wno-discarded-qualifiers -Wno-missing-field-initializers -Wno-strict-aliasing -Wno-suggest-attribute=format -Wno-unused-parameter -Wnull-dereference -Wold-style-definition -Woverride-init -Wpointer-arith -Wredundant-decls -Wreturn-type -Wshadow -Wsign-compare -Wstrict-aliasing -Wstrict-prototypes -Wswitch-default -Wtype-limits -Wundef -Wuninitialized -Wunused-but-set-variable -Wunused-variable -Wwrite-strings -fstack-protector-strong -O2 -g -pipe -Wall -Werror=format-security -Wp,-D_FORTIFY_SOURCE=2 -Wp,-D_GLIBCXX_ASSERTIONS -fstack-protector-strong -grecord-gcc-switches -specs=/usr/lib/rpm/generic-hardened-cc1 -fasynchronous-unwind-tables -fstack-clash-protection -fPIC -pthread '-DG_LOG_DOMAIN="gcab"' -MD -MQ libgcab/libgcab-1.0.so.0.1.0.p/meson-generated_.._gcab-enums.c.o -MF libgcab/libgcab-1.0.so.0.1.0.p/meson-generated_.._gcab-enums.c.o.d -o libgcab/libgcab-1.0.so.0.1.0.p/meson-generated_.._gcab-enums.c.o -c libgcab/gcab-enums.c
[ 2512s] [12/21] cc -Ilibgcab/libgcab-1.0.so.0.1.0.p -Ilibgcab -I../libgcab -I. -I.. -I/usr/include/glib-2.0 -I/usr/lib64/glib-2.0/include -I/usr/include/libmount -I/usr/include/blkid -fdiagnostics-color=always -D_FILE_OFFSET_BITS=64 -Wall -Winvalid-pch -Wextra -std=c99 -Waggregate-return -Wunused -Warray-bounds -Wcast-align -Wclobbered -Wduplicated-branches -Wduplicated-cond -Wempty-body -Wformat=2 -Wformat-nonliteral -Wformat-security -Wformat-signedness -Wignored-qualifiers -Wimplicit-function-declaration -Winit-self -Wlogical-op -Wmissing-declarations -Wmissing-format-attribute -Wmissing-include-dirs -Wmissing-noreturn -Wmissing-parameter-type -Wmissing-prototypes -Wnested-externs -Wno-discarded-qualifiers -Wno-missing-field-initializers -Wno-strict-aliasing -Wno-suggest-attribute=format -Wno-unused-parameter -Wnull-dereference -Wold-style-definition -Woverride-init -Wpointer-arith -Wredundant-decls -Wreturn-type -Wshadow -Wsign-compare -Wstrict-aliasing -Wstrict-prototypes -Wswitch-default -Wtype-limits -Wundef -Wuninitialized -Wunused-but-set-variable -Wunused-variable -Wwrite-strings -fstack-protector-strong -O2 -g -pipe -Wall -Werror=format-security -Wp,-D_FORTIFY_SOURCE=2 -Wp,-D_GLIBCXX_ASSERTIONS -fstack-protector-strong -grecord-gcc-switches -specs=/usr/lib/rpm/generic-hardened-cc1 -fasynchronous-unwind-tables -fstack-clash-protection -fPIC -pthread '-DG_LOG_DOMAIN="gcab"' -MD -MQ libgcab/libgcab-1.0.so.0.1.0.p/decomp.c.o -MF libgcab/libgcab-1.0.so.0.1.0.p/decomp.c.o.d -o libgcab/libgcab-1.0.so.0.1.0.p/decomp.c.o -c ../libgcab/decomp.c
[ 2514s] [13/21] cc  -o libgcab/libgcab-1.0.so.0.1.0 libgcab/libgcab-1.0.so.0.1.0.p/meson-generated_.._gcab-enums.c.o libgcab/libgcab-1.0.so.0.1.0.p/gcab-cabinet.c.o libgcab/libgcab-1.0.so.0.1.0.p/gcab-folder.c.o libgcab/libgcab-1.0.so.0.1.0.p/gcab-file.c.o libgcab/libgcab-1.0.so.0.1.0.p/cabinet.c.o libgcab/libgcab-1.0.so.0.1.0.p/decomp.c.o -Wl,--as-needed -Wl,--no-undefined -shared -fPIC -Wl,--start-group -Wl,-soname,libgcab-1.0.so.0 -Wl,-z,relro -Wl,-z,now -Wl,-z,relro -Wl,-z,now -specs=/usr/lib/rpm/generic-hardened-ld -O2 -g -pipe -Wall -Werror=format-security -Wp,-D_FORTIFY_SOURCE=2 -Wp,-D_GLIBCXX_ASSERTIONS -fstack-protector-strong -grecord-gcc-switches -specs=/usr/lib/rpm/generic-hardened-cc1 -fasynchronous-unwind-tables -fstack-clash-protection -Wl,--version-script,/home/abuild/rpmbuild/BUILD/gcab-1.4/libgcab/libgcab.syms /usr/lib64/libgio-2.0.so /usr/lib64/libgobject-2.0.so /usr/lib64/libglib-2.0.so /usr/lib64/libz.so -Wl,--end-group
[ 2519s] [14/21] /usr/bin/g-ir-scanner --no-libtool --namespace=GCab --nsversion=1.0 --warn-all --output libgcab/GCab-1.0.gir --c-include=libgcab.h -I/home/abuild/rpmbuild/BUILD/gcab-1.4/libgcab -I/home/abuild/rpmbuild/BUILD/gcab-1.4/riscv64-openEuler-linux-gnu/libgcab -I/home/abuild/rpmbuild/BUILD/gcab-1.4/riscv64-openEuler-linux-gnu/libgcab/. -I/home/abuild/rpmbuild/BUILD/gcab-1.4/libgcab/. -I/home/abuild/rpmbuild/BUILD/gcab-1.4/riscv64-openEuler-linux-gnu/libgcab/.. -I/home/abuild/rpmbuild/BUILD/gcab-1.4/libgcab/.. --filelist=/home/abuild/rpmbuild/BUILD/gcab-1.4/riscv64-openEuler-linux-gnu/libgcab/libgcab-1.0.so.0.1.0.p/GCab_1.0_gir_filelist --include=GLib-2.0 --include=Gio-2.0 --include=GObject-2.0 --symbol-prefix=gcab --identifier-prefix=GCab --pkg-export=libgcab-1.0 --cflags-begin -Waggregate-return -Wunused -Warray-bounds -Wcast-align -Wclobbered -Wduplicated-branches -Wduplicated-cond -Wempty-body -Wformat=2 -Wformat-nonliteral -Wformat-security -Wformat-signedness -Wignored-qualifiers -Wimplicit-function-declaration -Winit-self -Wlogical-op -Wmissing-declarations -Wmissing-format-attribute -Wmissing-include-dirs -Wmissing-noreturn -Wmissing-parameter-type -Wmissing-prototypes -Wnested-externs -Wno-discarded-qualifiers -Wno-missing-field-initializers -Wno-strict-aliasing -Wno-suggest-attribute=format -Wno-unused-parameter -Wnull-dereference -Wold-style-definition -Woverride-init -Wpointer-arith -Wredundant-decls -Wreturn-type -Wshadow -Wsign-compare -Wstrict-aliasing -Wstrict-prototypes -Wswitch-default -Wtype-limits -Wundef -Wuninitialized -Wunused-but-set-variable -Wunused-variable -Wwrite-strings -fstack-protector-strong -I/home/abuild/rpmbuild/BUILD/gcab-1.4/riscv64-openEuler-linux-gnu/libgcab/. -I/home/abuild/rpmbuild/BUILD/gcab-1.4/libgcab/. -I/home/abuild/rpmbuild/BUILD/gcab-1.4/riscv64-openEuler-linux-gnu/libgcab/.. -I/home/abuild/rpmbuild/BUILD/gcab-1.4/libgcab/.. -I/usr/include/glib-2.0 -I/usr/lib64/glib-2.0/include -I/usr/include/libmount -I/usr/include/blkid -I/usr/include/gobject-introspection-1.0 --cflags-end --add-include-path=/usr/share/gir-1.0 -L/home/abuild/rpmbuild/BUILD/gcab-1.4/riscv64-openEuler-linux-gnu/libgcab --library gcab-1.0 -lgio-2.0 -lgobject-2.0 -lglib-2.0 -lz -lgirepository-1.0
[ 2519s] FAILED: libgcab/GCab-1.0.gir 
[ 2519s] /usr/bin/g-ir-scanner --no-libtool --namespace=GCab --nsversion=1.0 --warn-all --output libgcab/GCab-1.0.gir --c-include=libgcab.h -I/home/abuild/rpmbuild/BUILD/gcab-1.4/libgcab -I/home/abuild/rpmbuild/BUILD/gcab-1.4/riscv64-openEuler-linux-gnu/libgcab -I/home/abuild/rpmbuild/BUILD/gcab-1.4/riscv64-openEuler-linux-gnu/libgcab/. -I/home/abuild/rpmbuild/BUILD/gcab-1.4/libgcab/. -I/home/abuild/rpmbuild/BUILD/gcab-1.4/riscv64-openEuler-linux-gnu/libgcab/.. -I/home/abuild/rpmbuild/BUILD/gcab-1.4/libgcab/.. --filelist=/home/abuild/rpmbuild/BUILD/gcab-1.4/riscv64-openEuler-linux-gnu/libgcab/libgcab-1.0.so.0.1.0.p/GCab_1.0_gir_filelist --include=GLib-2.0 --include=Gio-2.0 --include=GObject-2.0 --symbol-prefix=gcab --identifier-prefix=GCab --pkg-export=libgcab-1.0 --cflags-begin -Waggregate-return -Wunused -Warray-bounds -Wcast-align -Wclobbered -Wduplicated-branches -Wduplicated-cond -Wempty-body -Wformat=2 -Wformat-nonliteral -Wformat-security -Wformat-signedness -Wignored-qualifiers -Wimplicit-function-declaration -Winit-self -Wlogical-op -Wmissing-declarations -Wmissing-format-attribute -Wmissing-include-dirs -Wmissing-noreturn -Wmissing-parameter-type -Wmissing-prototypes -Wnested-externs -Wno-discarded-qualifiers -Wno-missing-field-initializers -Wno-strict-aliasing -Wno-suggest-attribute=format -Wno-unused-parameter -Wnull-dereference -Wold-style-definition -Woverride-init -Wpointer-arith -Wredundant-decls -Wreturn-type -Wshadow -Wsign-compare -Wstrict-aliasing -Wstrict-prototypes -Wswitch-default -Wtype-limits -Wundef -Wuninitialized -Wunused-but-set-variable -Wunused-variable -Wwrite-strings -fstack-protector-strong -I/home/abuild/rpmbuild/BUILD/gcab-1.4/riscv64-openEuler-linux-gnu/libgcab/. -I/home/abuild/rpmbuild/BUILD/gcab-1.4/libgcab/. -I/home/abuild/rpmbuild/BUILD/gcab-1.4/riscv64-openEuler-linux-gnu/libgcab/.. -I/home/abuild/rpmbuild/BUILD/gcab-1.4/libgcab/.. -I/usr/include/glib-2.0 -I/usr/lib64/glib-2.0/include -I/usr/include/libmount -I/usr/include/blkid -I/usr/include/gobject-introspection-1.0 --cflags-end --add-include-path=/usr/share/gir-1.0 -L/home/abuild/rpmbuild/BUILD/gcab-1.4/riscv64-openEuler-linux-gnu/libgcab --library gcab-1.0 -lgio-2.0 -lgobject-2.0 -lglib-2.0 -lz -lgirepository-1.0
[ 2519s] Traceback (most recent call last):
[ 2519s]   File "/usr/bin/g-ir-scanner", line 98, in <module>
[ 2519s]     from giscanner.scannermain import scanner_main
[ 2519s]   File "/usr/lib64/gobject-introspection/giscanner/scannermain.py", line 35, in <module>
[ 2519s]     from giscanner.ast import Include, Namespace
[ 2519s]   File "/usr/lib64/gobject-introspection/giscanner/ast.py", line 29, in <module>
[ 2519s]     from .sourcescanner import CTYPE_TYPEDEF, CSYMBOL_TYPE_TYPEDEF
[ 2519s]   File "/usr/lib64/gobject-introspection/giscanner/sourcescanner.py", line 35, in <module>
[ 2519s]     from giscanner._giscanner import SourceScanner as CSourceScanner
[ 2519s] ModuleNotFoundError: No module named 'giscanner._giscanner'
[ 2527s] [15/21] /usr/bin/meson --internal symbolextractor /home/abuild/rpmbuild/BUILD/gcab-1.4/riscv64-openEuler-linux-gnu libgcab/libgcab-1.0.so.0.1.0 libgcab/libgcab-1.0.so.0.1.0 libgcab/libgcab-1.0.so.0.1.0.p/libgcab-1.0.so.0.1.0.symbols 
[ 2527s] ninja: build stopped: subcommand failed.
[ 2529s] error: Bad exit status from /var/tmp/rpm-tmp.FIB5kG (%build)
[ 2529s] 
[ 2529s] 
[ 2529s] RPM build errors:
[ 2529s]     line 24: It's not recommended to have unversioned Obsoletes: Obsoletes:      libgcab1-devel
[ 2529s]     Bad exit status from /var/tmp/rpm-tmp.FIB5kG (%build)
[ 2529s] 
[ 2529s] oe-RISCV-worker22 failed "build gcab.spec" at Sun Apr 24 07:52:25 UTC 2022.
[ 2529s] 
