[    0s] Memory limit set to 21970664KB
[    0s] Using BUILD_ROOT=/var/cache/obs/worker/root_3
[    0s] Using BUILD_ARCH=riscv64
[    0s] 
[    6s] 
[    6s] oe-RISCV-worker23 started "build _service:extract_file:gdk-pixbuf2.spec" at Fri Apr 22 08:48:00 UTC 2022.
[    6s] 
[    6s] Building gdk-pixbuf2 for project 'openEuler:Mainline:RISC-V' repository 'advanced_riscv64' arch 'riscv64' srcmd5 '6a8bc5d8d534a2533dabaea83302d507'
[    6s] 
[    6s] processing recipe /var/cache/obs/worker/root_3/.build-srcdir/_service:extract_file:gdk-pixbuf2.spec ...
[   11s] running changelog2spec --target rpm --file /var/cache/obs/worker/root_3/.build-srcdir/_service:extract_file:gdk-pixbuf2.spec
[   13s] init_buildsystem --configdir /var/run/obs/worker/3/build/configs --cachedir /var/cache/build --clean --rpmlist /var/cache/obs/worker/root_3/.build.rpmlist /var/cache/obs/worker/root_3/.build-srcdir/_service:extract_file:gdk-pixbuf2.spec build ...
[  142s] cycle: coreutils -> bash
[  142s]   breaking dependency coreutils -> bash
[  142s] cycle: coreutils -> info
[  142s]   breaking dependency coreutils -> info
[  142s] cycle: glibc -> filesystem -> coreutils
[  142s]   breaking dependency coreutils -> glibc
[  142s] cycle: glibc -> filesystem -> coreutils -> libacl
[  142s]   breaking dependency coreutils -> libacl
[  142s] cycle: glibc -> filesystem -> coreutils -> attr
[  142s]   breaking dependency coreutils -> attr
[  142s] cycle: coreutils -> libcap
[  142s]   breaking dependency coreutils -> libcap
[  142s] cycle: glibc -> filesystem -> coreutils -> openssl-libs
[  142s]   breaking dependency coreutils -> openssl-libs
[  142s] cycle: glibc -> filesystem -> coreutils -> libselinux
[  142s]   breaking dependency libselinux -> glibc
[  142s] cycle: glibc -> filesystem -> coreutils -> libselinux -> pcre2
[  142s]   breaking dependency pcre2 -> glibc
[  142s] cycle: glibc -> filesystem -> coreutils -> libselinux -> pcre2 -> readline
[  142s]   breaking dependency readline -> glibc
[  142s] cycle: glibc -> filesystem -> coreutils -> libselinux -> pcre2 -> readline -> ncurses-libs
[  142s]   breaking dependency filesystem -> coreutils
[  142s] cycle: glibc -> filesystem -> bash -> coreutils -> libselinux -> pcre2 -> readline -> ncurses-libs
[  142s]   breaking dependency filesystem -> bash
[  142s] cycle: perl-Carp -> perl-libs
[  142s]   breaking dependency perl-libs -> perl-Carp
[  142s] cycle: perl-libs -> perl-Exporter
[  142s]   breaking dependency perl-libs -> perl-Exporter
[  142s] cycle: perl-Carp -> perl-Exporter
[  142s]   breaking dependency perl-Exporter -> perl-Carp
[  142s] cycle: nss-util -> nss
[  142s]   breaking dependency nss -> nss-util
[  142s] cycle: nss-softokn -> nss-util -> nss
[  142s]   breaking dependency nss -> nss-softokn
[  142s] cycle: systemd -> cryptsetup -> device-mapper
[  142s]   breaking dependency systemd -> cryptsetup
[  142s] cycle: audit -> systemd -> pam
[  142s]   breaking dependency systemd -> pam
[  143s] [1/84] preinstalling dbus...
[  145s] [2/84] preinstalling libffi-devel...
[  146s] [3/84] preinstalling nodejs-source-map...
[  148s] [4/84] preinstalling python3-pip...
[  155s] [5/84] preinstalling python3-setuptools_scm...
[  156s] [6/84] preinstalling filesystem...
[  161s] [7/84] preinstalling glibc...
[  170s] [8/84] preinstalling libgcc...
[  171s] [9/84] preinstalling diffutils...
[  173s] [10/84] preinstalling libcap-ng...
[  174s] [11/84] preinstalling libgpg-error...
[  176s] [12/84] preinstalling libpcap...
[  178s] [13/84] preinstalling libsmartcols...
[  179s] [14/84] preinstalling libuuid...
[  181s] [15/84] preinstalling libxcrypt...
[  183s] [16/84] preinstalling lz4...
[  185s] [17/84] preinstalling m4...
[  186s] [18/84] preinstalling ncurses-libs...
[  188s] [19/84] preinstalling nspr...
[  189s] [20/84] preinstalling xz-libs...
[  191s] [21/84] preinstalling zlib...
[  193s] [22/84] preinstalling attr...
[  194s] [23/84] preinstalling libdb...
[  201s] [24/84] preinstalling zstd...
[  205s] [25/84] preinstalling audit-libs...
[  207s] [26/84] preinstalling file...
[  209s] [27/84] preinstalling iptables-libs...
[  210s] [28/84] preinstalling libacl...
[  212s] [29/84] preinstalling libgcrypt...
[  214s] [30/84] preinstalling openssl-libs...
[  217s] [31/84] preinstalling readline...
[  219s] [32/84] preinstalling ncurses...
[  227s] [33/84] preinstalling cmake...
[  245s] [34/84] preinstalling perl-libs...
[  251s] [35/84] preinstalling pcre2...
[  252s] [36/84] preinstalling perl-Exporter...
[  254s] [37/84] preinstalling pcre...
[  257s] [38/84] preinstalling acl...
[  259s] [39/84] preinstalling sqlite...
[  261s] [40/84] preinstalling libselinux...
[  263s] [41/84] preinstalling perl-Carp...
[  264s] [42/84] preinstalling perl-Digest-MD5...
[  265s] [43/84] preinstalling sed...
[  267s] [44/84] preinstalling coreutils...
[  273s] [45/84] preinstalling bash...
[  277s] [46/84] preinstalling openssl...
[  278s] [47/84] preinstalling dnf...
[  280s] [48/84] preinstalling bzip2...
[  281s] [49/84] preinstalling elfutils...
[  284s] [50/84] preinstalling hostname...
[  285s] [51/84] preinstalling libcap...
[  286s] [52/84] preinstalling popt...
[  287s] [53/84] preinstalling grep...
[  289s] [54/84] preinstalling libblkid...
[  290s] [55/84] preinstalling perl-constant...
[  291s] [56/84] preinstalling tar...
[  293s] [57/84] preinstalling info...
[  295s] [58/84] preinstalling libgcrypt-devel...
[  297s] [59/84] preinstalling lua...
[  298s] [60/84] preinstalling nss...
[  300s] [61/84] preinstalling chkconfig...
[  301s] [62/84] preinstalling copy-jdk-configs...
[  302s] [63/84] preinstalling libfdisk...
[  304s] [64/84] preinstalling libmount...
[  305s] [65/84] preinstalling libsemanage...
[  306s] [66/84] preinstalling nss-util...
[  308s] [67/84] preinstalling findutils...
[  310s] [68/84] preinstalling perl-Getopt-Long...
[  311s] [69/84] preinstalling xz...
[  312s] [70/84] preinstalling perl-Data-Dumper...
[  313s] [71/84] preinstalling systemd-libs...
[  315s] [72/84] preinstalling rpm-libs...
[  316s] [73/84] preinstalling dbus-libs...
[  317s] [74/84] preinstalling nss-softokn...
[  320s] [75/84] preinstalling glib2...
[  326s] [76/84] preinstalling systemd...
[  332s] [77/84] preinstalling audit...
[  333s] [78/84] preinstalling rpm...
[  335s] [79/84] preinstalling openEuler-rpm-config...
[  336s] [80/84] preinstalling pam...
[  338s] [81/84] preinstalling util-linux...
[  343s] [82/84] preinstalling device-mapper...
[  345s] [83/84] preinstalling cryptsetup...
[  347s] [84/84] preinstalling lvm2...
[  351s] 
[  354s] initializing rpm db...
[  370s] reordering...cycle: bash -> coreutils
[  370s]   breaking dependency coreutils -> bash
[  370s] cycle: bash -> coreutils -> info
[  370s]   breaking dependency coreutils -> info
[  370s] cycle: glibc -> basesystem -> filesystem -> bash -> coreutils -> gmp
[  370s]   breaking dependency filesystem -> bash
[  370s] cycle: glibc -> basesystem -> filesystem -> coreutils -> gmp
[  370s]   breaking dependency coreutils -> gmp
[  370s] cycle: glibc -> basesystem -> filesystem -> coreutils
[  370s]   breaking dependency coreutils -> glibc
[  370s] cycle: glibc -> basesystem -> filesystem -> coreutils -> libacl
[  370s]   breaking dependency coreutils -> libacl
[  370s] cycle: glibc -> basesystem -> filesystem -> coreutils -> attr
[  370s]   breaking dependency coreutils -> attr
[  370s] cycle: coreutils -> libcap -> bash
[  370s]   breaking dependency coreutils -> libcap
[  370s] cycle: glibc -> basesystem -> filesystem -> coreutils -> openssl-libs
[  370s]   breaking dependency openssl-libs -> glibc
[  370s] cycle: coreutils -> openssl-libs -> ca-certificates -> bash
[  370s]   breaking dependency ca-certificates -> bash
[  370s] cycle: coreutils -> openssl-libs -> ca-certificates
[  370s]   breaking dependency ca-certificates -> coreutils
[  370s] cycle: coreutils -> openssl-libs -> ca-certificates -> grep -> bash
[  370s]   breaking dependency grep -> bash
[  370s] cycle: coreutils -> openssl-libs -> ca-certificates -> grep
[  370s]   breaking dependency ca-certificates -> grep
[  370s] cycle: glibc -> basesystem -> filesystem -> coreutils -> openssl-libs -> ca-certificates -> p11-kit
[  370s]   breaking dependency p11-kit -> glibc
[  370s] cycle: glibc -> basesystem -> filesystem -> coreutils -> openssl-libs -> ca-certificates -> p11-kit -> libffi
[  370s]   breaking dependency openssl-libs -> ca-certificates
[  370s] cycle: coreutils -> openssl-libs -> crypto-policies -> bash
[  370s]   breaking dependency crypto-policies -> bash
[  370s] cycle: coreutils -> openssl-libs -> crypto-policies
[  370s]   breaking dependency crypto-policies -> coreutils
[  370s] cycle: coreutils -> openssl-libs -> crypto-policies -> grep
[  370s]   breaking dependency grep -> coreutils
[  370s] cycle: glibc -> basesystem -> filesystem -> coreutils -> openssl-libs -> crypto-policies -> grep
[  370s]   breaking dependency glibc -> basesystem
[  370s] cycle: glibc -> glibc-common -> bash -> coreutils -> openssl-libs -> crypto-policies -> grep
[  370s]   breaking dependency glibc-common -> bash
[  370s] cycle: glibc -> glibc-common -> coreutils -> openssl-libs -> crypto-policies -> grep
[  370s]   breaking dependency glibc-common -> coreutils
[  370s] cycle: glibc -> glibc-common
[  370s]   breaking dependency glibc-common -> glibc
[  370s] cycle: glibc -> glibc-common -> libselinux
[  370s]   breaking dependency libselinux -> glibc
[  370s] cycle: glibc -> glibc-common -> libselinux -> pcre2
[  370s]   breaking dependency pcre2 -> glibc
[  370s] cycle: glibc -> glibc-common -> libselinux -> pcre2 -> readline
[  370s]   breaking dependency readline -> glibc
[  370s] cycle: glibc -> glibc-common -> libselinux -> pcre2 -> readline -> ncurses-libs
[  370s]   breaking dependency libselinux -> pcre2
[  370s] cycle: glibc -> glibc-common -> libselinux -> libsepol -> bash -> coreutils -> openssl-libs -> crypto-policies -> grep
[  370s]   breaking dependency bash -> coreutils
[  370s] cycle: glibc -> glibc-common -> libselinux -> libsepol -> bash -> filesystem -> coreutils -> openssl-libs -> crypto-policies -> grep
[  370s]   breaking dependency libsepol -> bash
[  370s] cycle: glibc -> glibc-common -> libselinux -> libsepol -> coreutils -> openssl-libs -> crypto-policies -> grep
[  370s]   breaking dependency coreutils -> openssl-libs
[  370s] cycle: libselinux -> libsepol -> coreutils
[  370s]   breaking dependency libsepol -> coreutils
[  370s] cycle: glibc -> glibc-common -> libselinux -> libsepol
[  370s]   breaking dependency glibc -> glibc-common
[  370s] cycle: glibc -> filesystem -> coreutils -> libselinux -> libsepol
[  370s]   breaking dependency filesystem -> coreutils
[  370s] cycle: filesystem -> setup
[  370s]   breaking dependency filesystem -> setup
[  370s] cycle: systemd -> cryptsetup -> device-mapper
[  370s]   breaking dependency systemd -> cryptsetup
[  370s] cycle: perl-libs -> perl-Carp
[  370s]   breaking dependency perl-libs -> perl-Carp
[  370s] cycle: perl-libs -> perl-Exporter
[  370s]   breaking dependency perl-libs -> perl-Exporter
[  370s] cycle: perl-Carp -> perl-Exporter
[  370s]   breaking dependency perl-Exporter -> perl-Carp
[  370s] cycle: perl -> perl-PathTools
[  370s]   breaking dependency perl -> perl-PathTools
[  370s] cycle: perl -> perl-ExtUtils-MakeMaker
[  370s]   breaking dependency perl -> perl-ExtUtils-MakeMaker
[  370s] cycle: perl -> perl-File-Path -> perl-PathTools
[  370s]   breaking dependency perl -> perl-File-Path
[  370s] cycle: perl -> perl-Getopt-Long -> perl-Pod-Usage
[  370s]   breaking dependency perl -> perl-Getopt-Long
[  370s] cycle: perl -> perl-Locale-Maketext
[  370s]   breaking dependency perl -> perl-Locale-Maketext
[  370s] cycle: perl -> perl-Pod-Simple
[  370s]   breaking dependency perl -> perl-Pod-Simple
[  370s] cycle: perl -> perl-Socket
[  370s]   breaking dependency perl -> perl-Socket
[  370s] cycle: perl -> perl-Storable
[  370s]   breaking dependency perl -> perl-Storable
[  370s] cycle: perl -> perl-Text-Tabs+Wrap
[  370s]   breaking dependency perl -> perl-Text-Tabs+Wrap
[  370s] cycle: perl -> perl-Time-Local -> perl-constant
[  370s]   breaking dependency perl -> perl-Time-Local
[  370s] cycle: perl -> perl-constant
[  370s]   breaking dependency perl -> perl-constant
[  370s] cycle: perl -> perl-threads
[  370s]   breaking dependency perl -> perl-threads
[  370s] cycle: perl -> perl-threads-shared
[  370s]   breaking dependency perl -> perl-threads-shared
[  370s] cycle: perl -> perl-Archive-Tar
[  370s]   breaking dependency perl -> perl-Archive-Tar
[  370s] cycle: perl -> perl-B-Debug
[  370s]   breaking dependency perl -> perl-B-Debug
[  370s] cycle: perl -> perl-CPAN-Meta -> perl-CPAN-Meta-Requirements
[  370s]   breaking dependency perl -> perl-CPAN-Meta
[  370s] cycle: perl -> perl-CPAN-Meta-Requirements
[  370s]   breaking dependency perl -> perl-CPAN-Meta-Requirements
[  370s] cycle: perl -> perl-CPAN-Meta-YAML
[  370s]   breaking dependency perl -> perl-CPAN-Meta-YAML
[  370s] cycle: perl -> perl-Compress-Raw-Bzip2
[  370s]   breaking dependency perl -> perl-Compress-Raw-Bzip2
[  370s] cycle: perl -> perl-Compress-Raw-Zlib
[  370s]   breaking dependency perl -> perl-Compress-Raw-Zlib
[  370s] cycle: perl -> perl-Config-Perl-V
[  370s]   breaking dependency perl -> perl-Config-Perl-V
[  370s] cycle: perl -> perl-DB_File
[  370s]   breaking dependency perl -> perl-DB_File
[  370s] cycle: perl -> perl-Data-Dumper
[  370s]   breaking dependency perl -> perl-Data-Dumper
[  370s] cycle: perl -> perl-Devel-PPPort
[  370s]   breaking dependency perl -> perl-Devel-PPPort
[  370s] cycle: perl -> perl-Digest -> perl-MIME-Base64
[  370s]   breaking dependency perl -> perl-Digest
[  370s] cycle: perl -> perl-Digest-MD5 -> perl-Digest -> perl-MIME-Base64
[  370s]   breaking dependency perl -> perl-Digest-MD5
[  370s] cycle: perl -> perl-Digest-SHA
[  370s]   breaking dependency perl -> perl-Digest-SHA
[  370s] cycle: perl -> perl-Encode
[  370s]   breaking dependency perl -> perl-Encode
[  370s] cycle: perl -> perl-Env
[  370s]   breaking dependency perl -> perl-Env
[  370s] cycle: perl -> perl-ExtUtils-Command
[  370s]   breaking dependency perl -> perl-ExtUtils-Command
[  370s] cycle: perl -> perl-ExtUtils-Install
[  370s]   breaking dependency perl -> perl-ExtUtils-Install
[  370s] cycle: perl -> perl-ExtUtils-Manifest
[  370s]   breaking dependency perl -> perl-ExtUtils-Manifest
[  370s] cycle: perl -> perl-ExtUtils-ParseXS
[  370s]   breaking dependency perl -> perl-ExtUtils-ParseXS
[  370s] cycle: perl -> perl-File-Fetch -> perl-PathTools
[  370s]   breaking dependency perl -> perl-File-Fetch
[  370s] cycle: perl -> perl-File-Temp -> perl-PathTools
[  370s]   breaking dependency perl -> perl-File-Temp
[  370s] cycle: perl -> perl-Filter
[  370s]   breaking dependency perl -> perl-Filter
[  370s] cycle: perl -> perl-Filter-Simple -> perl-Filter
[  370s]   breaking dependency perl -> perl-Filter-Simple
[  370s] cycle: perl -> perl-HTTP-Tiny
[  370s]   breaking dependency perl -> perl-HTTP-Tiny
[  370s] cycle: perl -> perl-IO-Compress
[  370s]   breaking dependency perl -> perl-IO-Compress
[  370s] cycle: perl -> perl-IO-Socket-IP
[  370s]   breaking dependency perl -> perl-IO-Socket-IP
[  370s] cycle: perl -> perl-IPC-Cmd -> perl-ExtUtils-MakeMaker
[  370s]   breaking dependency perl -> perl-IPC-Cmd
[  370s] cycle: perl -> perl-IPC-SysV
[  370s]   breaking dependency perl -> perl-IPC-SysV
[  370s] cycle: perl -> perl-JSON-PP
[  370s]   breaking dependency perl -> perl-JSON-PP
[  370s] cycle: perl -> perl-Locale-Codes -> perl-constant
[  370s]   breaking dependency perl -> perl-Locale-Codes
[  370s] cycle: perl -> perl-MIME-Base64
[  370s]   breaking dependency perl -> perl-MIME-Base64
[  370s] cycle: perl -> perl-Math-BigInt
[  370s]   breaking dependency perl -> perl-Math-BigInt
[  370s] cycle: perl -> perl-Math-BigInt-FastCalc -> perl-Math-BigInt
[  370s]   breaking dependency perl -> perl-Math-BigInt-FastCalc
[  370s] cycle: perl -> perl-Math-BigRat -> perl-Math-BigInt
[  370s]   breaking dependency perl -> perl-Math-BigRat
[  370s] cycle: perl -> perl-Module-CoreList
[  370s]   breaking dependency perl -> perl-Module-CoreList
[  370s] cycle: perl -> perl-Module-Load -> perl-PathTools
[  370s]   breaking dependency perl -> perl-Module-Load
[  370s] cycle: perl -> perl-Module-Load-Conditional
[  370s]   breaking dependency perl -> perl-Module-Load-Conditional
[  370s] cycle: perl -> perl-Module-Metadata
[  370s]   breaking dependency perl -> perl-Module-Metadata
[  370s] cycle: perl -> perl-Params-Check
[  370s]   breaking dependency perl -> perl-Params-Check
[  370s] cycle: perl -> perl-PerlIO-via-QuotedPrint -> perl-MIME-Base64
[  370s]   breaking dependency perl -> perl-PerlIO-via-QuotedPrint
[  370s] cycle: perl -> perl-Pod-Checker
[  370s]   breaking dependency perl -> perl-Pod-Checker
[  370s] cycle: perl -> perl-Pod-Escapes
[  370s]   breaking dependency perl -> perl-Pod-Escapes
[  370s] cycle: perl -> perl-Pod-Parser
[  370s]   breaking dependency perl -> perl-Pod-Parser
[  370s] cycle: perl -> perl-Pod-Perldoc
[  370s]   breaking dependency perl -> perl-Pod-Perldoc
[  370s] cycle: perl -> perl-Pod-Usage
[  370s]   breaking dependency perl -> perl-Pod-Usage
[  370s] cycle: perl -> perl-Sys-Syslog
[  370s]   breaking dependency perl -> perl-Sys-Syslog
[  370s] cycle: perl -> perl-Term-Cap
[  370s]   breaking dependency perl -> perl-Term-Cap
[  370s] cycle: perl -> perl-Test-Harness
[  370s]   breaking dependency perl -> perl-Test-Harness
[  370s] cycle: perl -> perl-Test-Simple
[  370s]   breaking dependency perl -> perl-Test-Simple
[  370s] cycle: perl -> perl-Text-Balanced
[  370s]   breaking dependency perl -> perl-Text-Balanced
[  370s] cycle: perl -> perl-Thread-Queue -> perl-threads-shared
[  370s]   breaking dependency perl -> perl-Thread-Queue
[  370s] cycle: perl -> perl-Unicode-Collate -> perl-PathTools
[  370s]   breaking dependency perl -> perl-Unicode-Collate
[  370s] cycle: perl -> perl-autodie
[  370s]   breaking dependency perl -> perl-autodie
[  370s] cycle: perl -> perl-bignum -> perl-Math-BigInt
[  370s]   breaking dependency perl -> perl-bignum
[  370s] cycle: perl -> perl-devel
[  370s]   breaking dependency perl -> perl-devel
[  370s] cycle: perl -> perl-Encode-devel
[  370s]   breaking dependency perl -> perl-Encode-devel
[  370s] cycle: perl -> perl-experimental
[  370s]   breaking dependency perl -> perl-experimental
[  370s] cycle: perl -> perl-libnet -> perl-Digest-MD5 -> perl-Digest -> perl-MIME-Base64
[  370s]   breaking dependency perl -> perl-libnet
[  370s] cycle: perl -> perl-podlators
[  370s]   breaking dependency perl -> perl-podlators
[  370s] cycle: perl -> perl-version
[  370s]   breaking dependency perl -> perl-version
[  370s] cycle: glib2 -> gamin
[  370s]   breaking dependency glib2 -> gamin
[  370s] cycle: systemd -> gnutls -> unbound-libs -> shadow -> pam -> audit
[  370s]   breaking dependency systemd -> gnutls
[  370s] cycle: systemd -> pam -> audit
[  370s]   breaking dependency systemd -> pam
[  370s] cycle: systemd -> shadow -> pam -> audit
[  370s]   breaking dependency systemd -> shadow
[  370s] cycle: pam -> libpwquality
[  370s]   breaking dependency pam -> libpwquality
[  370s] cycle: perl-Getopt-Long -> perl-Pod-Usage
[  370s]   breaking dependency perl-Pod-Usage -> perl-Getopt-Long
[  370s] cycle: perl-Getopt-Long -> perl-Pod-Usage -> perl-podlators -> perl-Encode
[  370s]   breaking dependency perl-podlators -> perl-Encode
[  370s] cycle: perl-Getopt-Long -> perl-Pod-Usage -> perl-podlators
[  370s]   breaking dependency perl-podlators -> perl-Getopt-Long
[  370s] cycle: perl-Getopt-Long -> perl-Pod-Usage -> perl-podlators -> perl-Pod-Simple -> perl-Encode
[  370s]   breaking dependency perl-Encode -> perl-Getopt-Long
[  370s] cycle: perl-Getopt-Long -> perl-Pod-Usage -> perl-podlators -> perl-Pod-Simple
[  370s]   breaking dependency perl-podlators -> perl-Pod-Simple
[  370s] cycle: perl-Pod-Usage -> perl-podlators
[  370s]   breaking dependency perl-podlators -> perl-Pod-Usage
[  370s] cycle: groff -> perl-Getopt-Long -> perl-Pod-Usage -> perl-Pod-Perldoc
[  370s]   breaking dependency groff -> perl-Getopt-Long
[  370s] cycle: libxcrypt-devel -> glibc-devel
[  370s]   breaking dependency glibc-devel -> libxcrypt-devel
[  370s] cycle: cmake-data -> cmake
[  370s]   breaking dependency cmake -> cmake-data
[  370s] cycle: nss-util -> nss
[  370s]   breaking dependency nss -> nss-util
[  370s] cycle: nss-softokn -> nss-util -> nss
[  370s]   breaking dependency nss -> nss-softokn
[  370s] cycle: perl-Getopt-Long -> perl-Pod-Usage -> perl-Pod-Perldoc -> perl-Pod-Simple
[  370s]   breaking dependency perl-Pod-Perldoc -> perl-Pod-Simple
[  370s] cycle: openssh -> openssh-server
[  370s]   breaking dependency openssh-server -> openssh
[  370s] cycle: git -> perl-Git
[  370s]   breaking dependency git -> perl-Git
[  370s] cycle: perl-ExtUtils-Install -> perl-ExtUtils-MakeMaker
[  370s]   breaking dependency perl-ExtUtils-MakeMaker -> perl-ExtUtils-Install
[  371s] done
[  371s] querying package ids...
[  415s] [1/370] installing cmake-filesystem-3.22.0-1.oe1
[  417s] [2/370] installing fuse-common-3.9.2-5.oe1
[  418s] [3/370] installing kernel-headers-5.10-3.oe1
[  426s] [4/370] installing libreport-filesystem-2.13.1-5.oe1
[  427s] [5/370] installing ncurses-base-6.1-14.oe1
[  430s] [6/370] installing openEuler-gpg-keys-1.0-2.5.oe1
[  432s] [7/370] installing python-setuptools-59.4.0-3.oe1
[  433s] [8/370] installing qt5-srpm-macros-5.15.2-1.oe1
[  435s] [9/370] installing tzdata-2021a-2.oe1
[  446s] [10/370] installing dnf-data-4.10.0-1.oe1
[  450s] [11/370] installing openEuler-repos-1.0-2.5.oe1
[  451s] [12/370] installing openEuler-release-20.03LTS-40.oe1
[  452s] [13/370] installing filesystem-3.9-3.oe1
[  466s] warning: group mail does not exist - using root
[  466s] [14/370] installing emacs-filesystem-1:27.1-5.oe1
[  467s] [15/370] installing libgcc-10.3.1-20220105.6.oe1
[  469s] [16/370] installing vim-filesystem-2:8.2-4.oe1
[  470s] [17/370] installing setup-2.13.3-4.oe1
[  472s] [18/370] installing glibc-2.34-64.oe1
[  481s] [19/370] installing brotli-1.0.9-2.oe1
[  483s] [20/370] installing chrpath-0.16-12.oe1
[  485s] [21/370] installing cpio-2.13-4.oe1
[  488s] [22/370] installing diffutils-3.7-4.oe1
[  491s] [23/370] installing expat-2.2.10-1.oe1
[  492s] [24/370] installing jbigkit-libs-2.1-17.oe1
[  493s] [25/370] installing json-c-0.15-1.oe1
[  495s] [26/370] installing keyutils-libs-1.6.3-3.oe1
[  497s] [27/370] installing libICE-1.0.10-2.oe1
[  498s] [28/370] installing libXau-1.0.9-2.oe1
[  500s] [29/370] installing libaio-0.3.112-1.oe1
[  501s] [30/370] installing libargon2-20190702-1.oe1
[  503s] [31/370] installing libatomic-10.3.1-20220105.6.oe1
[  504s] [32/370] installing libcap-ng-0.7.11-1.oe1
[  506s] [33/370] installing libev-4.24-11.oe1
[  507s] [34/370] installing libffi-3.3-31.oe1
[  509s] [35/370] installing libgomp-10.3.1-20220105.6.oe1
[  510s] [36/370] installing libgpg-error-1.41-1.oe1
[  512s] [37/370] installing libjpeg-turbo-2.0.6-1.oe1
[  514s] [38/370] installing libnghttp2-1.42.0-1.oe1
[  516s] [39/370] installing libpcap-14:1.9.1-7.oe1
[  518s] [40/370] installing libpipeline-1.5.3-1.oe1
[  519s] [41/370] installing libsigsegv-2.11-10.oe1
[  521s] [42/370] installing libsmartcols-2.36.1-3.oe1
[  523s] [43/370] installing libtasn1-4.16.0-2.oe1
[  525s] [44/370] installing libtool-ltdl-2.4.6-34.oe1
[  526s] [45/370] installing libunistring-0.9.10-8.oe1
[  528s] [46/370] installing libuuid-2.36.1-3.oe1
[  530s] [47/370] installing libuv-1:1.40.0-1.oe1
[  532s] [48/370] installing libxcrypt-4.4.8-4.oe1
[  534s] [49/370] installing libyaml-0.2.5-1.oe1
[  536s] [50/370] installing lz4-1.9.3-1.oe1
[  538s] [51/370] installing m4-1.4.18-14.oe1
[  539s] [52/370] installing nspr-4.32.0-1.oe1
[  541s] [53/370] installing pkgconf-1.7.3-1.oe1
[  543s] [54/370] installing rhash-1.3.5-5.oe1
[  545s] [55/370] installing which-2.21-14.oe1
[  546s] [56/370] installing xz-libs-5.2.5-1.oe1
[  548s] [57/370] installing zlib-1.2.11-18.oe1
[  549s] [58/370] installing attr-2.4.48-12.oe1
[  551s] [59/370] installing basesystem-12-2.oe1
[  554s] [60/370] installing libstdc++-10.3.1-20220105.6.oe1
[  556s] [61/370] installing ncurses-libs-6.1-14.oe1
[  558s] [62/370] installing libsepol-3.1-4.oe1
[  561s] [63/370] installing libstdc++-devel-10.3.1-20220105.6.oe1
[  573s] [64/370] installing audit-libs-1:3.0-2.oe1
[  575s] [65/370] installing elfutils-libelf-0.185-3.oe1
[  577s] [66/370] installing file-libs-5.39-6.oe1
[  581s] [67/370] installing gmp-1:6.2.1-3.oe1
[  583s] [68/370] installing iptables-libs-1.8.1-4.oe1
[  585s] [69/370] installing less-563-2.oe1
[  587s] [70/370] installing libacl-2.2.53-7.oe1
[  589s] [71/370] installing libassuan-2.5.4-1.oe1
[  591s] [72/370] installing libedit-3.1-27.oe1
[  593s] [73/370] installing libffi-devel-3.3-31.oe1
[  594s] [74/370] installing libgcrypt-1.8.7-1.oe1
[  596s] [75/370] installing libjpeg-turbo-devel-2.0.6-1.oe1
[  599s] [76/370] installing libpng-2:1.6.37-1.oe1
[  600s] [77/370] installing libsepol-devel-3.1-4.oe1
[  606s] [78/370] installing libxcb-1.14-1.oe1
[  608s] [79/370] installing readline-8.0-2.oe1
[  610s] [80/370] installing zlib-devel-1.2.11-18.oe1
[  612s] [81/370] installing fuse-2.9.9-6.oe1
[  614s] [82/370] installing gc-8.0.4-2.oe1
[  616s] [83/370] installing libSM-1.2.3-2.oe1
[  618s] [84/370] installing libdb-5.3.28-35.oe1
[  624s] [85/370] installing libselinux-3.1-3.oe1
[  626s] [86/370] installing libxml2-2.9.12-5.oe1
[  630s] [87/370] installing bash-5.1-1.oe1
[  634s] [88/370] installing perl-libs-4:5.28.0-435.oe1
[  644s] [89/370] installing zstd-1.4.8-2.oe1
[  647s] [90/370] installing ncurses-6.1-14.oe1
[  664s] [91/370] installing ninja-build-1.8.2-9.oe1
[  666s] [92/370] installing thin-provisioning-tools-0.8.5-1.oe1
[  668s] [93/370] installing libtiff-4.2.0-1.oe1
[  671s] [94/370] installing perl-parent-1:0.237-4.oe1
[  673s] [95/370] installing perl-perlfaq-5.20180915-5.oe1
[  675s] [96/370] installing libX11-1.6.9-2.oe1
[  682s] [97/370] installing libtiff-devel-4.2.0-1.oe1
[  686s] [98/370] installing mpfr-4.1.0-1.oe1
[  690s] [99/370] installing nettle-3.6-6.oe1
[  694s] [100/370] installing pcre2-10.36-1.oe1
[  701s] [101/370] installing perl-Exporter-5.74-1.oe1
[  703s] [102/370] installing file-5.39-6.oe1
[  709s] [103/370] installing gdbm-1:1.18.1-1.oe1
[  712s] [104/370] installing patch-2.7.6-12.oe1
[  715s] [105/370] installing qrencode-4.1.1-1
[  717s] [106/370] installing sed-4.8-2.oe1
[  720s] [107/370] installing acl-2.2.53-7.oe1
[  722s] [108/370] installing libcomps-0.1.15-1.oe1
[  724s] [109/370] installing pcre-8.44-1.oe1
[  727s] [110/370] installing glibc-common-2.34-64.oe1
[  752s] [111/370] installing coreutils-8.31-4.oe1
[  766s] [112/370] installing crontabs-1.11-21.oe1
[  768s] [113/370] installing elfutils-default-yama-scope-0.185-3.oe1
[  770s] /usr/lib/systemd/systemd-sysctl: error while loading shared libraries: libkmod.so.2: cannot open shared object file: No such file or directory
[  770s] [114/370] installing libXext-1.3.4-2.oe1
[  773s] [115/370] installing libXpm-3.5.12-11.oe1
[  776s] [116/370] installing perl-Carp-1.50-418.oe1
[  778s] [117/370] installing perl-Perl-OSType-1.010-421.oe1
[  780s] [118/370] installing perl-Term-ANSIColor-4.06-511.oe1
[  782s] [119/370] installing publicsuffix-list-20200718-1.oe1
[  784s] [120/370] installing uname-build-checks-1.0-0.4.oe1
[  787s] [121/370] installing bzip2-1.0.8-3.oe1
[  790s] [122/370] installing gzip-1.10-1.oe1
[  793s] [123/370] installing hostname-3.21-2.oe1
[  795s] [124/370] installing libcap-2.32-2.oe1
[  798s] [125/370] installing libmpc-1.2.0-2.oe1
[  801s] [126/370] installing libseccomp-2.4.3-2.oe1
[  804s] [127/370] installing npth-1.5-7.oe1
[  808s] [128/370] installing popt-1.18-1.oe1
[  812s] [129/370] installing sgml-common-0.6.3-51.oe1
[  815s] [130/370] installing grep-3.6-1.oe1
[  820s] [131/370] installing libXt-1.2.0-0.oe1
[  822s] [132/370] installing libblkid-2.36.1-3.oe1
[  826s] [133/370] installing libidn2-2.3.0-1.oe1
[  829s] [134/370] installing libksba-1.3.5-12.oe1
[  832s] [135/370] installing pcre-devel-8.44-1.oe1
[  836s] [136/370] installing pcre2-devel-10.36-1.oe1
[  842s] [137/370] installing tar-2:1.32-3.oe1
[  846s] [138/370] installing tcl-1:8.6.10-3.oe1
[  853s] [139/370] installing info-6.7-2.oe1
[  855s] [140/370] installing jsoncpp-1.9.4-1.oe1
[  858s] [141/370] installing libgpg-error-devel-1.41-1.oe1
[  862s] [142/370] installing lua-5.3.5-6.oe1
[  865s] [143/370] installing slang-2.3.2-8.oe1
[  869s] [144/370] installing gawk-5.0.1-2.oe1
[  872s] [145/370] installing libxslt-1.1.32-7.oe1
[  875s] [146/370] installing libpng-devel-2:1.6.37-1.oe1
[  879s] [147/370] installing guile-5:2.0.14-15.oe1
[  893s] [148/370] installing zip-3.0-29.oe1
[  896s] [149/370] installing libfdisk-2.36.1-3.oe1
[  900s] [150/370] installing newt-0.52.21-4.oe1
[  905s] [151/370] installing perl-Text-ParseWords-3.30-419.oe1
[  907s] [152/370] installing crypto-policies-20180925-3.git71ca85f.oe1
[  917s] [153/370] installing elfutils-libs-0.185-3.oe1
[  920s] [154/370] installing libXmu-1.1.3-1.oe1
[  923s] [155/370] installing libmount-2.36.1-3.oe1
[  926s] [156/370] installing libselinux-devel-3.1-3.oe1
[  929s] [157/370] installing lua-posix-33.3.1-12.oe1
[  933s] [158/370] installing unzip-6.0-47.oe1
[  935s] [159/370] installing cracklib-2.9.7-6.oe1
[  945s] [160/370] installing docbook-dtds-1.0-78.oe1
[  976s] [161/370] installing e2fsprogs-1.45.6-3.oe1
[  981s] [162/370] installing findutils-2:4.7.0-7.oe1
[  985s] [163/370] installing libsemanage-3.1-4.oe1
[  990s] [164/370] installing make-1:4.2.1-15.oe1
[  993s] [165/370] installing sqlite-3.24.0-9.oe1
[  996s] [166/370] installing xz-5.2.5-1.oe1
[  999s] [167/370] installing logrotate-3.15.1-2.oe1
[ 1001s] [168/370] installing perl-Scalar-List-Utils-3:1.52-2.oe1
[ 1003s] [169/370] installing perl-Time-HiRes-1.9760-2.oe1
[ 1006s] [170/370] installing perl-Unicode-Normalize-1.26-419.oe1
[ 1008s] [171/370] installing glibc-devel-2.34-64.oe1
[ 1024s] [172/370] installing libgcrypt-devel-1.8.7-1.oe1
[ 1026s] [173/370] installing cpp-10.3.1-20220105.6.oe1
[ 1039s] [174/370] installing gnupg2-2.2.27-2.oe1
[ 1046s] [175/370] installing systemd-libs-243-22.oe1
[ 1051s] [176/370] installing dbus-libs-1:1.12.20-3.oe1
[ 1054s] [177/370] installing libxcrypt-devel-4.4.8-4.oe1
[ 1057s] [178/370] installing p11-kit-0.23.22-1.oe1
[ 1061s] [179/370] installing procps-ng-3.3.16-15.oe1
[ 1064s] [180/370] installing copy-jdk-configs-4.0-1.oe1
[ 1066s] [181/370] installing gpgme-1.15.1-1.oe1
[ 1069s] [182/370] installing openssl-libs-1:1.1.1f-2.oe1
[ 1073s] [183/370] installing chkconfig-1.14-2.oe1
[ 1076s] [184/370] installing docbook-style-xsl-1.79.2-9.oe1
[ 1099s] [185/370] installing elfutils-0.185-3.oe1
[ 1103s] [186/370] installing libXaw-1.0.13-13.oe1
[ 1106s] [187/370] installing glib2-2.66.8-1.oe1
[ 1119s] [188/370] installing dbus-tools-1:1.12.20-3.oe1
[ 1121s] [189/370] installing ima-evm-utils-libs-1.2.1-8.oe1
[ 1124s] [190/370] installing libevent-2.1.12-4
[ 1130s] [191/370] installing libcroco-0.6.12-13.oe1
[ 1134s] [192/370] installing fipscheck-1.5.0-7.oe1
[ 1139s] [193/370] installing gamin-0.1.10-38.oe1
[ 1142s] [194/370] installing kmod-libs-27-4.oe1
[ 1145s] [195/370] installing libsecret-0.18.6-5.oe1
[ 1149s] [196/370] installing obs-env-1.0-5.oe1
[ 1162s] [197/370] installing gobject-introspection-1.66.1-1.oe1
[ 1166s] [198/370] installing kmod-27-4.oe1
[ 1170s] [199/370] installing shared-mime-info-1.10-4.oe1
[ 1193s] [200/370] installing binutils-2.37-6.oe1
[ 1210s] [201/370] installing p11-kit-trust-0.23.22-1.oe1
[ 1214s] [202/370] installing babeltrace-1.5.8-1.oe1
[ 1218s] [203/370] installing libarchive-3.5.1-1.oe1
[ 1222s] [204/370] installing nodejs-libs-1:16.10.0-1.oe1
[ 1280s] [205/370] installing libverto-0.3.1-2.oe1
[ 1283s] [206/370] installing ca-certificates-2020.2.46-2.oe1
[ 1296s] [207/370] installing gettext-0.20.1-2.oe1
[ 1303s] [208/370] installing gcc-10.3.1-20220105.6.oe1
[ 1343s] [209/370] installing rpm-libs-4.15.1-25.oe1
[ 1348s] [210/370] installing python-pip-wheel-19.2.3-2.fc32
[ 1351s] [211/370] installing libmodulemd-2.13.0-1.oe1
[ 1354s] [212/370] installing gcc-c++-10.3.1-20220105.6.oe1
[ 1371s] [213/370] installing krb5-libs-1.18.2-3.oe1
[ 1375s] [214/370] installing libtirpc-1.3.1-1.oe1
[ 1378s] [215/370] installing cyrus-sasl-lib-2.1.27-10.oe1
[ 1381s] [216/370] installing libssh-0.9.5-1.oe1
[ 1385s] [217/370] installing openldap-2.4.46-15.oe1
[ 1388s] [218/370] installing libnsl2-1.3.0-2.oe1
[ 1393s] [219/370] installing python3-3.8.5-13.oe1
[ 1435s] [220/370] installing python3-pyparsing-2.4.5-1.fc32
[ 1439s] [221/370] installing python3-setuptools-59.4.0-3.oe1
[ 1448s] [222/370] installing python3-setuptools_scm-3.3.3-6.fc32
[ 1452s] [223/370] installing python3-markupsafe-1.1.1-4.fc32
[ 1455s] [224/370] installing python3-gpgme-1.15.1-1.oe1
[ 1459s] [225/370] installing python3-libcomps-0.1.15-1.oe1
[ 1462s] [226/370] installing libpsl-0.21.1-1.oe1
[ 1466s] [227/370] installing gdb-headless-9.2-5.oe1
[ 1476s] [228/370] installing systemtap-sdt-devel-4.1-3.oe1
[ 1480s] [229/370] installing gdb-9.2-5.oe1
[ 1483s] [230/370] installing meson-0.59.4-1.oe1
[ 1494s] [231/370] installing python3-mako-1.1.0-4.fc32
[ 1498s] [232/370] installing python3-pip-19.2.3-2.fc32
[ 1511s] [233/370] installing libcurl-7.79.1-1.oe1
[ 1514s] [234/370] installing curl-7.79.1-1.oe1
[ 1516s] [235/370] installing librepo-1.14.2-2.oe1
[ 1519s] [236/370] installing rpm-4.15.1-25.oe1
[ 1526s] [237/370] installing efi-srpm-macros-4-3.oe1
[ 1529s] [238/370] installing cmake-rpm-macros-3.22.0-1.oe1
[ 1531s] [239/370] installing libsolv-0.7.20-1.oe1
[ 1534s] [240/370] installing python3-rpm-4.15.1-25.oe1
[ 1537s] [241/370] installing openEuler-rpm-config-30-22.oe1
[ 1540s] [242/370] installing cmake-3.22.0-1.oe1
[ 1563s] [243/370] installing libdnf-0.65.0-2.oe1
[ 1567s] [244/370] installing cmake-data-3.22.0-1.oe1
[ 1595s] [245/370] installing python3-libdnf-0.65.0-2.oe1
[ 1601s] [246/370] installing perl-4:5.28.0-435.oe1
[ 1615s] [247/370] installing perl-B-Debug-1.26-4.oe1
[ 1618s] [248/370] installing perl-Env-1.04-397.oe1
[ 1620s] [249/370] installing perl-Devel-PPPort-3.42-4.oe1
[ 1623s] [250/370] installing perl-Pod-Escapes-1:1.07-419.oe1
[ 1625s] [251/370] installing perl-Text-Tabs+Wrap-2013.0523-419.oe1
[ 1627s] [252/370] installing perl-Algorithm-Diff-1.1903-14.oe1
[ 1629s] [253/370] installing perl-Params-Check-1:0.38-418.oe1
[ 1632s] [254/370] installing perl-Term-Cap-1.17-510.oe1
[ 1636s] [255/370] installing perl-TermReadKey-2.38-2.oe1
[ 1640s] [256/370] installing perl-Text-Balanced-2.03-420.oe1
[ 1642s] [257/370] installing perl-threads-1:2.22-419.oe1
[ 1645s] [258/370] installing openssl-1:1.1.1f-2.oe1
[ 1649s] [259/370] installing perl-Config-Perl-V-0.30-5.oe1
[ 1652s] [260/370] installing perl-Error-1:0.17029-1.oe1
[ 1654s] [261/370] installing perl-Filter-2:1.59-2.oe1
[ 1658s] [262/370] installing perl-IPC-SysV-2.07-5.oe1
[ 1662s] [263/370] installing perl-Locale-Maketext-1:1.28-1.oe1
[ 1665s] [264/370] installing perl-constant-1.33-421.oe1
[ 1668s] [265/370] installing perl-MIME-Base64-3.15-418.oe1
[ 1674s] [266/370] installing perl-CPAN-Meta-YAML-0.018-420.oe1
[ 1677s] [267/370] installing perl-Socket-4:2.029-2.oe1
[ 1681s] [268/370] installing perl-Storable-1:3.15-2.oe1
[ 1685s] [269/370] installing python3-hawkey-0.65.0-2.oe1
[ 1689s] [270/370] installing perl-PerlIO-via-QuotedPrint-0.08-397.oe1
[ 1691s] [271/370] installing perl-Digest-1.17-419.oe1
[ 1694s] [272/370] installing perl-Filter-Simple-1:0.94-1.oe1
[ 1696s] [273/370] installing perl-IO-Socket-IP-0.39-420.oe1
[ 1700s] [274/370] installing perl-Text-Diff-1.45-7.oe1
[ 1702s] [275/370] installing perl-Time-Local-2:1.280-6.oe1
[ 1705s] [276/370] installing perl-version-8:0.99.24-3.oe1
[ 1710s] [277/370] installing perl-IPC-System-Simple-1.25-19.oe1
[ 1713s] [278/370] installing perl-threads-shared-1.59-2.oe1
[ 1716s] [279/370] installing perl-Compress-Raw-Bzip2-2.100-1.oe1
[ 1720s] [280/370] installing perl-Compress-Raw-Zlib-1:2.100-1.oe1
[ 1723s] [281/370] installing perl-Locale-Codes-3.58-2.oe1
[ 1727s] [282/370] installing perl-Math-BigInt-1:1.9998.13-5.oe1
[ 1731s] [283/370] installing perl-PathTools-3.75-4.oe1
[ 1734s] [284/370] installing python3-dnf-4.10.0-1.oe1
[ 1741s] [285/370] installing perl-Data-Dumper-2.172-3.oe1
[ 1744s] [286/370] installing perl-Sys-Syslog-0.35-420.oe1
[ 1748s] [287/370] installing perl-Encode-4:2.98-9.oe1
[ 1760s] [288/370] installing autogen-5.18.16-1.oe1
[ 1765s] [289/370] installing nodejs-1:16.10.0-1.oe1
[ 1772s] [290/370] installing systemd-243-22.oe1
[ 1797s] /var/tmp/rpm-tmp.loJdnD: line 8: groupadd: command not found
[ 1797s] /var/tmp/rpm-tmp.loJdnD: line 10: groupadd: command not found
[ 1797s] /var/tmp/rpm-tmp.loJdnD: line 13: groupadd: command not found
[ 1797s] /var/tmp/rpm-tmp.loJdnD: line 16: groupadd: command not found
[ 1798s] [291/370] installing dbus-common-1:1.12.20-3.oe1
[ 1800s] [292/370] installing nodejs-source-map-0.5.6-1.oe1
[ 1805s] [293/370] installing perl-Module-Load-1:0.32-418.oe1
[ 1808s] [294/370] installing nodejs-packaging-20-1.oe1
[ 1810s] [295/370] installing dnf-4.10.0-1.oe1
[ 1815s] Failed to preset unit, unit dnf-automatic.timer does not exist.
[ 1815s] Failed to preset unit, unit dnf-automatic-notifyonly.timer does not exist.
[ 1815s] Failed to preset unit, unit dnf-automatic-download.timer does not exist.
[ 1815s] Failed to preset unit, unit dnf-automatic-install.timer does not exist.
[ 1816s] [296/370] installing perl-File-Which-1.23-1.oe1
[ 1818s] [297/370] installing perl-Thread-Queue-3.13-3.oe1
[ 1821s] [298/370] installing perl-experimental-0.020-2.oe1
[ 1823s] [299/370] installing perl-Digest-MD5-2.55-419.oe1
[ 1827s] [300/370] installing perl-File-Path-2.16-4.oe1
[ 1829s] [301/370] installing perl-Math-BigInt-FastCalc-0.500.700-4.oe1
[ 1833s] [302/370] installing perl-Module-Metadata-1.000036-3.oe1
[ 1835s] [303/370] installing perl-CPAN-Meta-Requirements-2.140-419.oe1
[ 1839s] [304/370] installing perl-Encode-devel-4:2.98-9.oe1
[ 1843s] [305/370] installing perl-HTTP-Tiny-0.076-3.oe1
[ 1846s] [306/370] installing perl-Math-BigRat-0.2614-2.oe1
[ 1849s] [307/370] installing audit-1:3.0-2.oe1
[ 1854s] [308/370] installing perl-DB_File-1.842-2.oe1
[ 1858s] [309/370] installing perl-autodie-2.29-398.oe1
[ 1860s] [310/370] installing perl-Unicode-Collate-1.25-4.oe1
[ 1865s] [311/370] installing perl-IO-Compress-2.081-6.oe1
[ 1867s] [312/370] installing perl-podlators-1:4.14-1.oe1
[ 1870s] [313/370] installing perl-ExtUtils-Command-1:7.60-1.oe1
[ 1871s] [314/370] installing perl-ExtUtils-Manifest-1:1.71-4.oe1
[ 1873s] [315/370] installing perl-bignum-0.50-4.oe1
[ 1875s] [316/370] installing perl-File-Temp-1:0.230.800-4.oe1
[ 1879s] [317/370] installing perl-libnet-3.11-420.oe1
[ 1881s] [318/370] installing pam-1.5.1-1.oe1
[ 1887s] [319/370] installing libpwquality-1.4.4-1.oe1
[ 1890s] [320/370] installing perl-File-HomeDir-1.004-4.oe1
[ 1892s] [321/370] installing shadow-2:4.8.1-5.oe1
[ 1896s] [322/370] installing perl-Test-Simple-2:1.302175-2.oe1
[ 1899s] [323/370] installing libutempter-1.1.6-16.oe1
[ 1903s] [324/370] installing unbound-libs-1.10.1-4.oe1
[ 1908s] [325/370] installing dbus-daemon-1:1.12.20-3.oe1
[ 1914s] [326/370] installing openssh-server-8.2p1-10.oe1
[ 1919s] Created symlink /etc/systemd/system/multi-user.target.wants/sshd.service -> /usr/lib/systemd/system/sshd.service.
[ 1920s] [327/370] installing groff-1.22.4-4.oe1
[ 1930s] [328/370] installing dbus-1:1.12.20-3.oe1
[ 1932s] [329/370] installing man-db-2.9.3-2.oe1
[ 1942s] [330/370] installing perl-Pod-Perldoc-1:3.28-3.oe1
[ 1943s] [331/370] installing gnutls-3.6.15-3.oe1
[ 1948s] [332/370] installing util-linux-2.36.1-3.oe1
[ 1960s] [333/370] installing nss-help-3.72.0-2.oe1
[ 1963s] [334/370] installing util-linux-devel-2.36.1-3.oe1
[ 1966s] [335/370] installing perl-Pod-Usage-4:1.69-418.oe1
[ 1969s] [336/370] installing device-mapper-8:1.02.172-1.oe1
[ 1973s] [337/370] installing openssh-8.2p1-10.oe1
[ 1978s] [338/370] installing perl-Getopt-Long-1:2.52-1.oe1
[ 1981s] [339/370] installing cryptsetup-2.3.3-3.oe1
[ 1987s] [340/370] installing device-mapper-event-8:1.02.172-1.oe1
[ 1992s] Created symlink /etc/systemd/system/sockets.target.wants/dm-event.socket -> /usr/lib/systemd/system/dm-event.socket.
[ 1992s] [341/370] installing nss-3.72.0-2.oe1
[ 2006s] [342/370] installing glib2-devel-2.66.8-1.oe1
[ 2043s] [343/370] installing openssh-clients-8.2p1-10.oe1
[ 2047s] [344/370] installing nss-util-3.72.0-2.oe1
[ 2052s] [345/370] installing perl-ExtUtils-ParseXS-2:3.35-1.oe1
[ 2055s] [346/370] installing perl-Module-CoreList-1:5.20180920-2.oe1
[ 2057s] [347/370] installing perl-Digest-SHA-1:6.02-7.oe1
[ 2060s] [348/370] installing perl-Pod-Parser-1.63-397.oe1
[ 2063s] [349/370] installing perl-Pod-Simple-1:3.35-418.oe1
[ 2067s] [350/370] installing perl-Test-Harness-1:3.43_02-1.oe1
[ 2070s] [351/370] installing perl-Archive-Tar-2.30-421.oe1
[ 2072s] [352/370] installing perl-JSON-PP-1:4.04-2.oe1
[ 2075s] [353/370] installing lvm2-8:2.03.11-1.oe1
[ 2088s] Created symlink /etc/systemd/system/sysinit.target.wants/lvm2-lvmpolld.socket -> /usr/lib/systemd/system/lvm2-lvmpolld.socket.
[ 2089s] [354/370] installing autoconf-2.69-30.oe1
[ 2095s] [355/370] installing git-2.23.0-12.oe1
[ 2116s] [356/370] installing nss-softokn-3.72.0-2.oe1
[ 2121s] [357/370] installing perl-Pod-Checker-4:1.73-398.oe1
[ 2124s] [358/370] installing perl-Git-2.23.0-12.oe1
[ 2127s] [359/370] installing perl-CPAN-Meta-2.150010-419.oe1
[ 2130s] [360/370] installing perl-Module-Load-Conditional-0.68-418.oe1
[ 2133s] [361/370] installing automake-1.16.1-6.oe1
[ 2139s] [362/370] installing perl-ExtUtils-MakeMaker-1:7.60-1.oe1
[ 2142s] [363/370] installing libtool-2.4.6-34.oe1
[ 2146s] [364/370] installing perl-ExtUtils-Install-2.14-419.oe1
[ 2149s] [365/370] installing perl-IPC-Cmd-2:1.04-4.oe1
[ 2152s] [366/370] installing rpm-build-4.15.1-25.oe1
[ 2155s] [367/370] installing gcc_secure-1.0-0.9.oe1
[ 2158s] [368/370] installing gobject-introspection-devel-1.66.1-1.oe1
[ 2167s] [369/370] installing perl-File-Fetch-0.56-4.oe1
[ 2170s] [370/370] installing perl-devel-4:5.28.0-435.oe1
[ 2189s] removing nis flags from /var/cache/obs/worker/root_3/etc/nsswitch.conf...
[ 2190s] now finalizing build dir...
[ 2204s] Running build time source services...
[ 2230s] -----------------------------------------------------------------
[ 2230s] ----- building gdk-pixbuf2.spec (user abuild)
[ 2230s] -----------------------------------------------------------------
[ 2230s] -----------------------------------------------------------------
[ 2242s] + exec rpmbuild -ba --define '_srcdefattr (-,root,root)' --nosignature --define 'disturl obs://private/openEuler:Mainline:RISC-V/advanced_riscv64/6a8bc5d8d534a2533dabaea83302d507-gdk-pixbuf2' /home/abuild/rpmbuild/SOURCES/gdk-pixbuf2.spec
[ 2243s] warning: bogus date in %changelog: Thu Jul 20 2021 liuyumeng <liuyumeng5@huawei.com> - 2.40.0-2
[ 2244s] Executing(%prep): /bin/sh -e /var/tmp/rpm-tmp.07SStE
[ 2244s] + umask 022
[ 2244s] + cd /home/abuild/rpmbuild/BUILD
[ 2244s] + cd /home/abuild/rpmbuild/BUILD
[ 2244s] + rm -rf gdk-pixbuf-2.42.6
[ 2244s] + /usr/bin/xz -dc /home/abuild/rpmbuild/SOURCES/gdk-pixbuf-2.42.6.tar.xz
[ 2244s] + /usr/bin/tar -xof -
[ 2251s] + STATUS=0
[ 2251s] + '[' 0 -ne 0 ']'
[ 2251s] + cd gdk-pixbuf-2.42.6
[ 2251s] + /usr/bin/chmod -Rf a+rX,u+w,g-w,o-w .
[ 2251s] + RPM_EC=0
[ 2251s] ++ jobs -p
[ 2251s] + exit 0
[ 2251s] Executing(%build): /bin/sh -e /var/tmp/rpm-tmp.kmzPMp
[ 2251s] + umask 022
[ 2251s] + cd /home/abuild/rpmbuild/BUILD
[ 2251s] + cd gdk-pixbuf-2.42.6
[ 2251s] + CFLAGS='-O2 -g -pipe -Wall -Werror=format-security -Wp,-D_FORTIFY_SOURCE=2 -Wp,-D_GLIBCXX_ASSERTIONS -fstack-protector-strong -grecord-gcc-switches -specs=/usr/lib/rpm/generic-hardened-cc1 -fasynchronous-unwind-tables -fstack-clash-protection'
[ 2251s] + export CFLAGS
[ 2251s] + CXXFLAGS='-O2 -g -pipe -Wall -Werror=format-security -Wp,-D_FORTIFY_SOURCE=2 -Wp,-D_GLIBCXX_ASSERTIONS -fstack-protector-strong -grecord-gcc-switches -specs=/usr/lib/rpm/generic-hardened-cc1 -fasynchronous-unwind-tables -fstack-clash-protection -fexceptions'
[ 2251s] + export CXXFLAGS
[ 2251s] + FFLAGS='-O2 -g -pipe -Wall -Werror=format-security -Wp,-D_FORTIFY_SOURCE=2 -Wp,-D_GLIBCXX_ASSERTIONS -fstack-protector-strong -grecord-gcc-switches -specs=/usr/lib/rpm/generic-hardened-cc1 -fasynchronous-unwind-tables -fstack-clash-protection -fexceptions -I/usr/lib64/gfortran/modules'
[ 2251s] + export FFLAGS
[ 2251s] + FCFLAGS='-O2 -g -pipe -Wall -Werror=format-security -Wp,-D_FORTIFY_SOURCE=2 -Wp,-D_GLIBCXX_ASSERTIONS -fstack-protector-strong -grecord-gcc-switches -specs=/usr/lib/rpm/generic-hardened-cc1 -fasynchronous-unwind-tables -fstack-clash-protection -fexceptions -I/usr/lib64/gfortran/modules'
[ 2251s] + export FCFLAGS
[ 2251s] + LDFLAGS='-Wl,-z,relro   -Wl,-z,now -specs=/usr/lib/rpm/generic-hardened-ld'
[ 2251s] + export LDFLAGS
[ 2251s] + /usr/bin/meson --buildtype=plain --prefix=/usr --libdir=/usr/lib64 --libexecdir=/usr/libexec --bindir=/usr/bin --sbindir=/usr/sbin --includedir=/usr/include --datadir=/usr/share --mandir=/usr/share/man --infodir=/usr/share/info --localedir=/usr/share/locale --sysconfdir=/etc --localstatedir=/var --sharedstatedir=/var/lib --wrap-mode=nodownload --auto-features=enabled . riscv64-openEuler-linux-gnu -Dgtk_doc=false -Dman=true
[ 2455s] The Meson build system
[ 2455s] Version: 0.59.4
[ 2455s] Source dir: /home/abuild/rpmbuild/BUILD/gdk-pixbuf-2.42.6
[ 2455s] Build dir: /home/abuild/rpmbuild/BUILD/gdk-pixbuf-2.42.6/riscv64-openEuler-linux-gnu
[ 2455s] Build type: native build
[ 2455s] Project name: gdk-pixbuf
[ 2455s] Project version: 2.42.6
[ 2455s] C compiler for the host machine: cc (gcc 10.3.1 "gcc_old (GCC) 10.3.1")
[ 2455s] C linker for the host machine: cc ld.bfd 2.37
[ 2455s] Host machine cpu family: riscv64
[ 2455s] Host machine cpu: riscv64
[ 2455s] Found pkg-config: /usr/bin/pkg-config (1.7.3)
[ 2455s] Run-time dependency glib-2.0 found: YES 2.66.8
[ 2455s] Run-time dependency gobject-2.0 found: YES 2.66.8
[ 2455s] Run-time dependency gmodule-no-export-2.0 found: YES 2.66.8
[ 2455s] Run-time dependency gio-2.0 found: YES 2.66.8
[ 2455s] Has header "unistd.h" : YES 
[ 2455s] Has header "sys/resource.h" : YES 
[ 2455s] Has header "sys/time.h" : YES 
[ 2455s] Library m found: YES
[ 2455s] Checking for function "round" with dependency -lm: YES 
[ 2455s] Checking for function "lrint" with dependency -lm: YES 
[ 2455s] Library intl found: NO
[ 2455s] Checking for function "bind_textdomain_codeset" with dependency -lintl: YES 
[ 2455s] Checking for function "setrlimit" : YES 
[ 2455s] Checking if "sigsetjmp" links: YES 
[ 2455s] Compiler for C supports arguments -Wpointer-arith: YES 
[ 2455s] Compiler for C supports arguments -Wformat=2: YES 
[ 2455s] Compiler for C supports arguments -Wstrict-prototypes: YES 
[ 2455s] Compiler for C supports arguments -Wnested-externs: YES 
[ 2455s] Compiler for C supports arguments -Wold-style-definition: YES 
[ 2455s] Compiler for C supports arguments -Wdeclaration-after-statement: YES 
[ 2455s] Compiler for C supports arguments -Wunused: YES 
[ 2455s] Compiler for C supports arguments -Wcast-align: YES 
[ 2455s] Compiler for C supports arguments -Wmissing-noreturn: YES 
[ 2455s] Compiler for C supports arguments -Wmissing-format-attribute: YES 
[ 2455s] Compiler for C supports arguments -Wlogical-op: YES 
[ 2455s] Compiler for C supports arguments -fno-strict-aliasing: YES 
[ 2455s] Compiler for C supports arguments -Wno-int-conversion: YES 
[ 2455s] Compiler for C supports arguments -Wno-uninitialized: YES 
[ 2455s] Compiler for C supports arguments -Wno-discarded-qualifiers: YES 
[ 2455s] Compiler for C supports arguments -Werror=implicit: YES 
[ 2455s] Compiler for C supports arguments -Werror=nonnull: YES 
[ 2455s] Compiler for C supports arguments -Werror=init-self: YES 
[ 2455s] Compiler for C supports arguments -Werror=main: YES 
[ 2455s] Compiler for C supports arguments -Werror=missing-braces: YES 
[ 2455s] Compiler for C supports arguments -Werror=sequence-point: YES 
[ 2455s] Compiler for C supports arguments -Werror=return-type: YES 
[ 2455s] Compiler for C supports arguments -Werror=trigraphs: YES 
[ 2455s] Compiler for C supports arguments -Werror=array-bounds: YES 
[ 2455s] Compiler for C supports arguments -Werror=write-strings: YES 
[ 2455s] Compiler for C supports arguments -Werror=address: YES 
[ 2455s] Compiler for C supports arguments -Werror=int-to-pointer-cast: YES 
[ 2455s] Compiler for C supports arguments -Werror=pointer-to-int-cast: YES 
[ 2455s] Compiler for C supports arguments -Werror=empty-body: YES 
[ 2455s] Compiler for C supports arguments -fvisibility=hidden: YES 
[ 2455s] Compiler for C supports link arguments -Wl,-Bsymbolic: YES 
[ 2455s] Compiler for C supports link arguments -Wl,-z,relro: YES 
[ 2455s] Compiler for C supports link arguments -Wl,-z,now: YES 
[ 2455s] Run-time dependency shared-mime-info found: YES 1.10
[ 2455s] Library mlib found: NO
[ 2455s] Run-time dependency libpng16 found: YES 1.6.37
[ 2455s] Has header "jpeglib.h" : YES 
[ 2455s] Library jpeg found: YES
[ 2455s] Checking for function "jpeg_destroy_decompress" with dependency -ljpeg: YES 
[ 2455s] Checking for function "jpeg_simple_progression" with dependency -ljpeg: YES 
[ 2455s] Run-time dependency libtiff-4 found: YES 4.2.0
[ 2455s] Configuring config.h using configuration
[ 2455s] Program build-aux/gen-resources.py found: YES (/usr/bin/python3 /home/abuild/rpmbuild/BUILD/gdk-pixbuf-2.42.6/build-aux/gen-resources.py)
[ 2455s] Program build-aux/gen-installed-test.py found: YES (/usr/bin/python3 /home/abuild/rpmbuild/BUILD/gdk-pixbuf-2.42.6/build-aux/gen-installed-test.py)
[ 2455s] Program build-aux/gen-thumbnailer.py found: YES (/usr/bin/python3 /home/abuild/rpmbuild/BUILD/gdk-pixbuf-2.42.6/build-aux/gen-thumbnailer.py)
[ 2455s] Program glib-compile-resources found: YES (/usr/bin/glib-compile-resources)
[ 2455s] Configuring gdk-pixbuf-features.h using configuration
[ 2455s] Found pkg-config: /usr/bin/pkg-config (1.7.3)
[ 2455s] Program glib-genmarshal found: YES (/usr/bin/glib-genmarshal)
[ 2455s] Program glib-mkenums found: YES (/usr/bin/glib-mkenums)
[ 2455s] Program g-ir-scanner found: YES (/usr/bin/g-ir-scanner)
[ 2455s] Run-time dependency gobject-introspection-1.0 found: YES 1.66.1
[ 2455s] Dependency gobject-introspection-1.0 found: YES 1.66.1 (cached)
[ 2455s] Program g-ir-scanner found: YES (/usr/bin/g-ir-scanner)
[ 2455s] Dependency gobject-introspection-1.0 found: YES 1.66.1 (cached)
[ 2455s] Program g-ir-compiler found: YES (/usr/bin/g-ir-compiler)
[ 2455s] Found CMake: /usr/bin/cmake (3.22.0)
[ 2455s] Run-time dependency gi-docgen found: NO (tried pkgconfig and cmake)
[ 2455s] Looking for a fallback subproject for the dependency gi-docgen
[ 2455s] 
[ 2455s] Executing subproject gi-docgen 
[ 2455s] 
[ 2455s] gi-docgen| Project name: gi-docgen
[ 2455s] gi-docgen| Project version: 2021.3
[ 2455s] gi-docgen| Program python3 (jinja2, markdown, markupsafe, pygments, toml, typogrify) found: NO modules: markupsafe
[ 2455s] 
[ 2455s] gi-docgen| subprojects/gi-docgen/meson.build:10:0: Exception: python3 is missing modules: jinja2, markdown, pygments, toml, typogrify
[ 2455s] 
[ 2455s] Subproject subprojects/gi-docgen is buildable: NO (disabling)
[ 2455s] Dependency gi-docgen from subproject gi-docgen found: NO (subproject failed to configure)
[ 2455s] Configuring gdk-pixbuf.toml using configuration
[ 2455s] Configuring gdk-pixdata.toml using configuration
[ 2455s] Program gi-docgen found: NO
[ 2455s] Program xsltproc found: YES (/usr/bin/xsltproc)
[ 2455s] Program build-aux/post-install.py found: YES (/usr/bin/python3 /home/abuild/rpmbuild/BUILD/gdk-pixbuf-2.42.6/build-aux/post-install.py)
[ 2455s] Program build-aux/dist.py found: YES (/usr/bin/python3 /home/abuild/rpmbuild/BUILD/gdk-pixbuf-2.42.6/build-aux/dist.py)
[ 2455s] Build targets in project: 85
[ 2455s] 
[ 2455s] gdk-pixbuf 2.42.6
[ 2455s] 
[ 2455s]   Loaders
[ 2455s]     Shared modules   : True
[ 2455s]     Enabled loaders  : png
[ 2455s]                        jpeg
[ 2455s]                        tiff
[ 2455s]     Builtin loaders  : png
[ 2455s]                        jpeg
[ 2455s] 
[ 2455s]   Build
[ 2455s]     Debugging        : False
[ 2455s]     Optimization     : 0
[ 2455s]     GIO MIME sniffing: True
[ 2455s]     MediaLib         : False
[ 2455s]     Introspection    : True
[ 2455s]     Documentation    : False
[ 2455s]     Manual pages     : True
[ 2455s]     Relocatable      : False
[ 2455s]     Installed tests  : True
[ 2455s] 
[ 2455s]   Directories
[ 2455s]     prefix           : /usr
[ 2455s]     libdir           : /usr/lib64
[ 2455s]     datadir          : /usr/share
[ 2455s]     libexecdir       : /usr/lib64
[ 2455s] 
[ 2455s]   Subprojects
[ 2455s]     gi-docgen        : NO
[ 2455s]                        python3 is missing modules: jinja2, markdown, pygments, toml, typogrify
[ 2455s] 
[ 2455s] Option buildtype is: plain [default: debugoptimized]
[ 2455s] Found ninja-1.8.2 at /usr/bin/ninja
[ 2456s] + /usr/bin/meson compile -C riscv64-openEuler-linux-gnu -j 8 --verbose
[ 2467s] ninja: Entering directory `riscv64-openEuler-linux-gnu'
[ 2470s] [1/171] /usr/bin/python3 /home/abuild/rpmbuild/BUILD/gdk-pixbuf-2.42.6/build-aux/gen-installed-test.py '--testbindir="/usr/libexec/installed-tests/gdk-pixbuf"' --testbin=cve-2015-4491 tests/cve-2015-4491.test
[ 2471s] [2/171] /usr/bin/python3 /home/abuild/rpmbuild/BUILD/gdk-pixbuf-2.42.6/build-aux/gen-installed-test.py '--testbindir="/usr/libexec/installed-tests/gdk-pixbuf"' --testbin=animation tests/animation.test
[ 2471s] [3/171] /usr/bin/glib-genmarshal --prefix _gdk_pixbuf_marshal --output gdk-pixbuf/gdk-pixbuf-marshal.c --body ../gdk-pixbuf/gdk-pixbuf-marshal.list --include-header gdk-pixbuf-marshal.h
[ 2471s] INFO: Reading ../gdk-pixbuf/gdk-pixbuf-marshal.list...
[ 2471s] [4/171] /usr/bin/python3 /home/abuild/rpmbuild/BUILD/gdk-pixbuf-2.42.6/build-aux/gen-installed-test.py '--testbindir="/usr/libexec/installed-tests/gdk-pixbuf"' --testbin=pixbuf-area-updated tests/pixbuf-area-updated.test
[ 2471s] [5/171] /usr/bin/glib-genmarshal --prefix _gdk_pixbuf_marshal --output gdk-pixbuf/gdk-pixbuf-marshal.h --pragma-once --header ../gdk-pixbuf/gdk-pixbuf-marshal.list
[ 2471s] INFO: Reading ../gdk-pixbuf/gdk-pixbuf-marshal.list...
[ 2473s] [6/171] /usr/bin/python3 /home/abuild/rpmbuild/BUILD/gdk-pixbuf-2.42.6/build-aux/gen-installed-test.py '--testbindir="/usr/libexec/installed-tests/gdk-pixbuf"' --testbin=pixbuf-composite tests/pixbuf-composite.test
[ 2474s] [7/171] /usr/bin/python3 /home/abuild/rpmbuild/BUILD/gdk-pixbuf-2.42.6/build-aux/gen-installed-test.py '--testbindir="/usr/libexec/installed-tests/gdk-pixbuf"' --testbin=pixbuf-dpi tests/pixbuf-dpi.test
[ 2474s] [8/171] /usr/bin/python3 /home/abuild/rpmbuild/BUILD/gdk-pixbuf-2.42.6/build-aux/gen-installed-test.py '--testbindir="/usr/libexec/installed-tests/gdk-pixbuf"' --testbin=pixbuf-construction tests/pixbuf-construction.test
[ 2474s] [9/171] /usr/bin/python3 /home/abuild/rpmbuild/BUILD/gdk-pixbuf-2.42.6/build-aux/gen-installed-test.py '--testbindir="/usr/libexec/installed-tests/gdk-pixbuf"' --testbin=pixbuf-gif tests/pixbuf-gif.test
[ 2474s] [10/171] /usr/bin/python3 /home/abuild/rpmbuild/BUILD/gdk-pixbuf-2.42.6/build-aux/gen-installed-test.py '--testbindir="/usr/libexec/installed-tests/gdk-pixbuf"' --testbin=pixbuf-fail tests/pixbuf-fail.test
[ 2477s] [11/171] /usr/bin/python3 /home/abuild/rpmbuild/BUILD/gdk-pixbuf-2.42.6/build-aux/gen-installed-test.py '--testbindir="/usr/libexec/installed-tests/gdk-pixbuf"' --testbin=pixbuf-icc tests/pixbuf-icc.test
[ 2477s] [12/171] /usr/bin/python3 /home/abuild/rpmbuild/BUILD/gdk-pixbuf-2.42.6/build-aux/gen-installed-test.py '--testbindir="/usr/libexec/installed-tests/gdk-pixbuf"' --testbin=pixbuf-gif-circular-table tests/pixbuf-gif-circular-table.test
[ 2477s] [13/171] /usr/bin/python3 /home/abuild/rpmbuild/BUILD/gdk-pixbuf-2.42.6/build-aux/gen-installed-test.py '--testbindir="/usr/libexec/installed-tests/gdk-pixbuf"' --testbin=pixbuf-jpeg tests/pixbuf-jpeg.test
[ 2477s] [14/171] /usr/bin/python3 /home/abuild/rpmbuild/BUILD/gdk-pixbuf-2.42.6/build-aux/gen-installed-test.py '--testbindir="/usr/libexec/installed-tests/gdk-pixbuf"' --testbin=pixbuf-pixdata tests/pixbuf-pixdata.test
[ 2477s] [15/171] /usr/bin/python3 /home/abuild/rpmbuild/BUILD/gdk-pixbuf-2.42.6/build-aux/gen-installed-test.py '--testbindir="/usr/libexec/installed-tests/gdk-pixbuf"' --testbin=pixbuf-icon-serialize tests/pixbuf-icon-serialize.test
[ 2481s] [16/171] /usr/bin/python3 /home/abuild/rpmbuild/BUILD/gdk-pixbuf-2.42.6/build-aux/gen-installed-test.py '--testbindir="/usr/libexec/installed-tests/gdk-pixbuf"' --testbin=pixbuf-randomly-modified tests/pixbuf-randomly-modified.test
[ 2481s] [17/171] /usr/bin/python3 /home/abuild/rpmbuild/BUILD/gdk-pixbuf-2.42.6/build-aux/gen-installed-test.py '--testbindir="/usr/libexec/installed-tests/gdk-pixbuf"' --testbin=pixbuf-reftest tests/pixbuf-reftest.test
[ 2481s] [18/171] /usr/bin/python3 /home/abuild/rpmbuild/BUILD/gdk-pixbuf-2.42.6/build-aux/gen-installed-test.py '--testbindir="/usr/libexec/installed-tests/gdk-pixbuf"' --testbin=pixbuf-save tests/pixbuf-save.test
[ 2481s] [19/171] /usr/bin/python3 /home/abuild/rpmbuild/BUILD/gdk-pixbuf-2.42.6/build-aux/gen-installed-test.py '--testbindir="/usr/libexec/installed-tests/gdk-pixbuf"' --testbin=pixbuf-resource tests/pixbuf-resource.test
[ 2481s] [20/171] /usr/bin/python3 /home/abuild/rpmbuild/BUILD/gdk-pixbuf-2.42.6/build-aux/gen-installed-test.py '--testbindir="/usr/libexec/installed-tests/gdk-pixbuf"' --testbin=pixbuf-readonly-to-mutable tests/pixbuf-readonly-to-mutable.test
[ 2484s] [21/171] /usr/bin/python3 /home/abuild/rpmbuild/BUILD/gdk-pixbuf-2.42.6/build-aux/gen-installed-test.py '--testbindir="/usr/libexec/installed-tests/gdk-pixbuf"' --testbin=pixbuf-scale-two-step tests/pixbuf-scale-two-step.test
[ 2484s] [22/171] /usr/bin/python3 /home/abuild/rpmbuild/BUILD/gdk-pixbuf-2.42.6/build-aux/gen-installed-test.py '--testbindir="/usr/libexec/installed-tests/gdk-pixbuf"' --testbin=pixbuf-scale tests/pixbuf-scale.test
[ 2484s] [23/171] /usr/bin/python3 /home/abuild/rpmbuild/BUILD/gdk-pixbuf-2.42.6/build-aux/gen-installed-test.py '--testbindir="/usr/libexec/installed-tests/gdk-pixbuf"' --testbin=pixbuf-stream tests/pixbuf-stream.test
[ 2484s] [24/171] cc -Igdk-pixbuf/pixops/timescale.p -Igdk-pixbuf/pixops -I../gdk-pixbuf/pixops -I. -I.. -I/usr/include/glib-2.0 -I/usr/lib64/glib-2.0/include -I/usr/include/libmount -I/usr/include/blkid -fdiagnostics-color=always -D_FILE_OFFSET_BITS=64 -Wall -Winvalid-pch -std=gnu99 -D_POSIX_C_SOURCE=200809L -D_DEFAULT_SOURCE -D_XOPEN_SOURCE=700 -DHAVE_CONFIG_H=1 -O2 -g -pipe -Wall -Werror=format-security -Wp,-D_FORTIFY_SOURCE=2 -Wp,-D_GLIBCXX_ASSERTIONS -fstack-protector-strong -grecord-gcc-switches -specs=/usr/lib/rpm/generic-hardened-cc1 -fasynchronous-unwind-tables -fstack-clash-protection -pthread -MD -MQ gdk-pixbuf/pixops/timescale.p/timescale.c.o -MF gdk-pixbuf/pixops/timescale.p/timescale.c.o.d -o gdk-pixbuf/pixops/timescale.p/timescale.c.o -c ../gdk-pixbuf/pixops/timescale.c
[ 2484s] [25/171] /usr/bin/python3 /home/abuild/rpmbuild/BUILD/gdk-pixbuf-2.42.6/build-aux/gen-installed-test.py '--testbindir="/usr/libexec/installed-tests/gdk-pixbuf"' --testbin=pixbuf-short-gif-write tests/pixbuf-short-gif-write.test
[ 2484s] [26/171] /usr/bin/python3 /home/abuild/rpmbuild/BUILD/gdk-pixbuf-2.42.6/build-aux/gen-installed-test.py '--testbindir="/usr/libexec/installed-tests/gdk-pixbuf"' --testbin=pixbuf-threads tests/pixbuf-threads.test
[ 2490s] [27/171] /usr/bin/meson --internal exe --capture gdk-pixbuf/gdk-pixbuf-enum-types.h -- /usr/bin/glib-mkenums --template /home/abuild/rpmbuild/BUILD/gdk-pixbuf-2.42.6/riscv64-openEuler-linux-gnu/../gdk-pixbuf/gdk-pixbuf-enum-types.h.template /home/abuild/rpmbuild/BUILD/gdk-pixbuf-2.42.6/riscv64-openEuler-linux-gnu/../gdk-pixbuf/gdk-pixbuf.h /home/abuild/rpmbuild/BUILD/gdk-pixbuf-2.42.6/riscv64-openEuler-linux-gnu/../gdk-pixbuf/gdk-pixbuf-animation.h /home/abuild/rpmbuild/BUILD/gdk-pixbuf-2.42.6/riscv64-openEuler-linux-gnu/../gdk-pixbuf/gdk-pixbuf-autocleanups.h /home/abuild/rpmbuild/BUILD/gdk-pixbuf-2.42.6/riscv64-openEuler-linux-gnu/../gdk-pixbuf/gdk-pixbuf-core.h /home/abuild/rpmbuild/BUILD/gdk-pixbuf-2.42.6/riscv64-openEuler-linux-gnu/../gdk-pixbuf/gdk-pixbuf-io.h /home/abuild/rpmbuild/BUILD/gdk-pixbuf-2.42.6/riscv64-openEuler-linux-gnu/../gdk-pixbuf/gdk-pixbuf-loader.h /home/abuild/rpmbuild/BUILD/gdk-pixbuf-2.42.6/riscv64-openEuler-linux-gnu/../gdk-pixbuf/gdk-pixbuf-macros.h /home/abuild/rpmbuild/BUILD/gdk-pixbuf-2.42.6/riscv64-openEuler-linux-gnu/../gdk-pixbuf/gdk-pixbuf-simple-anim.h /home/abuild/rpmbuild/BUILD/gdk-pixbuf-2.42.6/riscv64-openEuler-linux-gnu/../gdk-pixbuf/gdk-pixbuf-transform.h
[ 2492s] [28/171] /usr/bin/xsltproc --nonet --stringparam man.output.quietly 1 --stringparam funcsynopsis.style ansi --stringparam man.th.extra1.suppress 1 --stringparam man.authors.section.enabled 0 --stringparam man.copyright.section.enabled 0 -o docs/gdk-pixbuf-query-loaders.1 http://docbook.sourceforge.net/release/xsl/current/manpages/docbook.xsl ../docs/gdk-pixbuf-query-loaders.xml
[ 2493s] [29/171] /usr/bin/xsltproc --nonet --stringparam man.output.quietly 1 --stringparam funcsynopsis.style ansi --stringparam man.th.extra1.suppress 1 --stringparam man.authors.section.enabled 0 --stringparam man.copyright.section.enabled 0 -o docs/gdk-pixbuf-csource.1 http://docbook.sourceforge.net/release/xsl/current/manpages/docbook.xsl ../docs/gdk-pixbuf-csource.xml
[ 2499s] [30/171] cc -Igdk-pixbuf/libgdk_pixbuf-2.0.so.0.4200.6.p -Igdk-pixbuf -I../gdk-pixbuf -I. -I.. -Igdk-pixbuf/pixops -I../gdk-pixbuf/pixops -I/usr/include/glib-2.0 -I/usr/lib64/glib-2.0/include -I/usr/include/libmount -I/usr/include/blkid -fdiagnostics-color=always -D_FILE_OFFSET_BITS=64 -Wall -Winvalid-pch -std=gnu99 -D_POSIX_C_SOURCE=200809L -D_DEFAULT_SOURCE -D_XOPEN_SOURCE=700 -DHAVE_CONFIG_H=1 -O2 -g -pipe -Wall -Werror=format-security -Wp,-D_FORTIFY_SOURCE=2 -Wp,-D_GLIBCXX_ASSERTIONS -fstack-protector-strong -grecord-gcc-switches -specs=/usr/lib/rpm/generic-hardened-cc1 -fasynchronous-unwind-tables -fstack-clash-protection -fPIC -pthread -Wpointer-arith -Wformat=2 -Wstrict-prototypes -Wnested-externs -Wold-style-definition -Wdeclaration-after-statement -Wunused -Wcast-align -Wmissing-noreturn -Wmissing-format-attribute -Wlogical-op -fno-strict-aliasing -Wno-int-conversion -Wno-uninitialized -Wno-discarded-qualifiers -Werror=implicit -Werror=nonnull -Werror=init-self -Werror=main -Werror=missing-braces -Werror=sequence-point -Werror=return-type -Werror=trigraphs -Werror=array-bounds -Werror=write-strings -Werror=address -Werror=int-to-pointer-cast -Werror=pointer-to-int-cast -Werror=empty-body -fvisibility=hidden -DG_LOG_STRUCTURED=1 '-DG_LOG_DOMAIN="GdkPixbuf"' -DGDK_PIXBUF_COMPILATION '-DGDK_PIXBUF_PREFIX="/usr"' '-DGDK_PIXBUF_LOCALEDIR="/usr/share/locale"' '-DGDK_PIXBUF_LIBDIR="/usr/lib64"' '-DGDK_PIXBUF_BINARY_VERSION="2.10.0"' -DGDK_PIXBUF_ENABLE_BACKEND '-DPIXBUF_LIBDIR="/usr/lib64/gdk-pixbuf-2.0/2.10.0/loaders"' '-DBUILT_MODULES_DIR="/home/abuild/rpmbuild/BUILD/gdk-pixbuf-2.42.6/riscv64-openEuler-linux-gnu/gdk-pixbuf"' -DINCLUDE_jpeg -DINCLUDE_png -MD -MQ gdk-pixbuf/libgdk_pixbuf-2.0.so.0.4200.6.p/meson-generated_.._gdk-pixbuf-marshal.c.o -MF gdk-pixbuf/libgdk_pixbuf-2.0.so.0.4200.6.p/meson-generated_.._gdk-pixbuf-marshal.c.o.d -o gdk-pixbuf/libgdk_pixbuf-2.0.so.0.4200.6.p/meson-generated_.._gdk-pixbuf-marshal.c.o -c gdk-pixbuf/gdk-pixbuf-marshal.c
[ 2506s] [31/171] cc -Igdk-pixbuf/pixops/libpixops.a.p -Igdk-pixbuf/pixops -I../gdk-pixbuf/pixops -I. -I.. -I/usr/include/glib-2.0 -I/usr/lib64/glib-2.0/include -I/usr/include/libmount -I/usr/include/blkid -fdiagnostics-color=always -D_FILE_OFFSET_BITS=64 -Wall -Winvalid-pch -std=gnu99 -D_POSIX_C_SOURCE=200809L -D_DEFAULT_SOURCE -D_XOPEN_SOURCE=700 -DHAVE_CONFIG_H=1 -O2 -g -pipe -Wall -Werror=format-security -Wp,-D_FORTIFY_SOURCE=2 -Wp,-D_GLIBCXX_ASSERTIONS -fstack-protector-strong -grecord-gcc-switches -specs=/usr/lib/rpm/generic-hardened-cc1 -fasynchronous-unwind-tables -fstack-clash-protection -fPIC -pthread -MD -MQ gdk-pixbuf/pixops/libpixops.a.p/pixops.c.o -MF gdk-pixbuf/pixops/libpixops.a.p/pixops.c.o.d -o gdk-pixbuf/pixops/libpixops.a.p/pixops.c.o -c ../gdk-pixbuf/pixops/pixops.c
[ 2506s] [32/171] rm -f gdk-pixbuf/pixops/libpixops.a && gcc-ar csrD gdk-pixbuf/pixops/libpixops.a gdk-pixbuf/pixops/libpixops.a.p/pixops.c.o
[ 2507s] [33/171] cc -Igdk-pixbuf/libgdk_pixbuf-2.0.so.0.4200.6.p -Igdk-pixbuf -I../gdk-pixbuf -I. -I.. -Igdk-pixbuf/pixops -I../gdk-pixbuf/pixops -I/usr/include/glib-2.0 -I/usr/lib64/glib-2.0/include -I/usr/include/libmount -I/usr/include/blkid -fdiagnostics-color=always -D_FILE_OFFSET_BITS=64 -Wall -Winvalid-pch -std=gnu99 -D_POSIX_C_SOURCE=200809L -D_DEFAULT_SOURCE -D_XOPEN_SOURCE=700 -DHAVE_CONFIG_H=1 -O2 -g -pipe -Wall -Werror=format-security -Wp,-D_FORTIFY_SOURCE=2 -Wp,-D_GLIBCXX_ASSERTIONS -fstack-protector-strong -grecord-gcc-switches -specs=/usr/lib/rpm/generic-hardened-cc1 -fasynchronous-unwind-tables -fstack-clash-protection -fPIC -pthread -Wpointer-arith -Wformat=2 -Wstrict-prototypes -Wnested-externs -Wold-style-definition -Wdeclaration-after-statement -Wunused -Wcast-align -Wmissing-noreturn -Wmissing-format-attribute -Wlogical-op -fno-strict-aliasing -Wno-int-conversion -Wno-uninitialized -Wno-discarded-qualifiers -Werror=implicit -Werror=nonnull -Werror=init-self -Werror=main -Werror=missing-braces -Werror=sequence-point -Werror=return-type -Werror=trigraphs -Werror=array-bounds -Werror=write-strings -Werror=address -Werror=int-to-pointer-cast -Werror=pointer-to-int-cast -Werror=empty-body -fvisibility=hidden -DG_LOG_STRUCTURED=1 '-DG_LOG_DOMAIN="GdkPixbuf"' -DGDK_PIXBUF_COMPILATION '-DGDK_PIXBUF_PREFIX="/usr"' '-DGDK_PIXBUF_LOCALEDIR="/usr/share/locale"' '-DGDK_PIXBUF_LIBDIR="/usr/lib64"' '-DGDK_PIXBUF_BINARY_VERSION="2.10.0"' -DGDK_PIXBUF_ENABLE_BACKEND '-DPIXBUF_LIBDIR="/usr/lib64/gdk-pixbuf-2.0/2.10.0/loaders"' '-DBUILT_MODULES_DIR="/home/abuild/rpmbuild/BUILD/gdk-pixbuf-2.42.6/riscv64-openEuler-linux-gnu/gdk-pixbuf"' -DINCLUDE_jpeg -DINCLUDE_png -MD -MQ gdk-pixbuf/libgdk_pixbuf-2.0.so.0.4200.6.p/gdk-pixbuf-data.c.o -MF gdk-pixbuf/libgdk_pixbuf-2.0.so.0.4200.6.p/gdk-pixbuf-data.c.o.d -o gdk-pixbuf/libgdk_pixbuf-2.0.so.0.4200.6.p/gdk-pixbuf-data.c.o -c ../gdk-pixbuf/gdk-pixbuf-data.c
[ 2510s] [34/171] cc  -o gdk-pixbuf/pixops/timescale gdk-pixbuf/pixops/timescale.p/timescale.c.o -Wl,--as-needed -Wl,--no-undefined -Wl,-z,relro -Wl,-z,now -specs=/usr/lib/rpm/generic-hardened-ld -O2 -g -pipe -Wall -Werror=format-security -Wp,-D_FORTIFY_SOURCE=2 -Wp,-D_GLIBCXX_ASSERTIONS -fstack-protector-strong -grecord-gcc-switches -specs=/usr/lib/rpm/generic-hardened-cc1 -fasynchronous-unwind-tables -fstack-clash-protection -Wl,--start-group gdk-pixbuf/pixops/libpixops.a -lm /usr/lib64/libglib-2.0.so /usr/lib64/libgobject-2.0.so /usr/lib64/libgmodule-2.0.so -pthread /usr/lib64/libgio-2.0.so -Wl,--end-group
[ 2511s] [35/171] /usr/bin/meson --internal exe --capture gdk-pixbuf/gdk-pixbuf-enum-types.c -- /usr/bin/glib-mkenums --template /home/abuild/rpmbuild/BUILD/gdk-pixbuf-2.42.6/riscv64-openEuler-linux-gnu/../gdk-pixbuf/gdk-pixbuf-enum-types.c.template /home/abuild/rpmbuild/BUILD/gdk-pixbuf-2.42.6/riscv64-openEuler-linux-gnu/../gdk-pixbuf/gdk-pixbuf.h /home/abuild/rpmbuild/BUILD/gdk-pixbuf-2.42.6/riscv64-openEuler-linux-gnu/../gdk-pixbuf/gdk-pixbuf-animation.h /home/abuild/rpmbuild/BUILD/gdk-pixbuf-2.42.6/riscv64-openEuler-linux-gnu/../gdk-pixbuf/gdk-pixbuf-autocleanups.h /home/abuild/rpmbuild/BUILD/gdk-pixbuf-2.42.6/riscv64-openEuler-linux-gnu/../gdk-pixbuf/gdk-pixbuf-core.h /home/abuild/rpmbuild/BUILD/gdk-pixbuf-2.42.6/riscv64-openEuler-linux-gnu/../gdk-pixbuf/gdk-pixbuf-io.h /home/abuild/rpmbuild/BUILD/gdk-pixbuf-2.42.6/riscv64-openEuler-linux-gnu/../gdk-pixbuf/gdk-pixbuf-loader.h /home/abuild/rpmbuild/BUILD/gdk-pixbuf-2.42.6/riscv64-openEuler-linux-gnu/../gdk-pixbuf/gdk-pixbuf-macros.h /home/abuild/rpmbuild/BUILD/gdk-pixbuf-2.42.6/riscv64-openEuler-linux-gnu/../gdk-pixbuf/gdk-pixbuf-simple-anim.h /home/abuild/rpmbuild/BUILD/gdk-pixbuf-2.42.6/riscv64-openEuler-linux-gnu/../gdk-pixbuf/gdk-pixbuf-transform.h
[ 2514s] [36/171] cc -Igdk-pixbuf/libstaticpixbufloader-png.a.p -Igdk-pixbuf -I../gdk-pixbuf -I. -I.. -I/usr/include/libpng16 -I/usr/include/glib-2.0 -I/usr/lib64/glib-2.0/include -I/usr/include/libmount -I/usr/include/blkid -fdiagnostics-color=always -D_FILE_OFFSET_BITS=64 -Wall -Winvalid-pch -std=gnu99 -D_POSIX_C_SOURCE=200809L -D_DEFAULT_SOURCE -D_XOPEN_SOURCE=700 -DHAVE_CONFIG_H=1 -O2 -g -pipe -Wall -Werror=format-security -Wp,-D_FORTIFY_SOURCE=2 -Wp,-D_GLIBCXX_ASSERTIONS -fstack-protector-strong -grecord-gcc-switches -specs=/usr/lib/rpm/generic-hardened-cc1 -fasynchronous-unwind-tables -fstack-clash-protection -fPIC -pthread -Wpointer-arith -Wformat=2 -Wstrict-prototypes -Wnested-externs -Wold-style-definition -Wdeclaration-after-statement -Wunused -Wcast-align -Wmissing-noreturn -Wmissing-format-attribute -Wlogical-op -fno-strict-aliasing -Wno-int-conversion -Wno-uninitialized -Wno-discarded-qualifiers -Werror=implicit -Werror=nonnull -Werror=init-self -Werror=main -Werror=missing-braces -Werror=sequence-point -Werror=return-type -Werror=trigraphs -Werror=array-bounds -Werror=write-strings -Werror=address -Werror=int-to-pointer-cast -Werror=pointer-to-int-cast -Werror=empty-body -fvisibility=hidden -DG_LOG_STRUCTURED=1 '-DG_LOG_DOMAIN="GdkPixbuf"' -DGDK_PIXBUF_COMPILATION '-DGDK_PIXBUF_PREFIX="/usr"' '-DGDK_PIXBUF_LOCALEDIR="/usr/share/locale"' '-DGDK_PIXBUF_LIBDIR="/usr/lib64"' '-DGDK_PIXBUF_BINARY_VERSION="2.10.0"' -DGDK_PIXBUF_ENABLE_BACKEND '-DPIXBUF_LIBDIR="/usr/lib64/gdk-pixbuf-2.0/2.10.0/loaders"' '-DBUILT_MODULES_DIR="/home/abuild/rpmbuild/BUILD/gdk-pixbuf-2.42.6/riscv64-openEuler-linux-gnu/gdk-pixbuf"' -DINCLUDE_png -MD -MQ gdk-pixbuf/libstaticpixbufloader-png.a.p/io-png.c.o -MF gdk-pixbuf/libstaticpixbufloader-png.a.p/io-png.c.o.d -o gdk-pixbuf/libstaticpixbufloader-png.a.p/io-png.c.o -c ../gdk-pixbuf/io-png.c
[ 2514s] ../gdk-pixbuf/io-png.c: In function real_save_png:
[ 2514s] ../gdk-pixbuf/io-png.c:1044:28: warning: cast increases required alignment of target type [-Wcast-align]
[ 2514s]  1044 |                 text_ptr = (png_textp) g_array_free (text_data, FALSE);
[ 2514s]       |                            ^
[ 2515s] [37/171] rm -f gdk-pixbuf/libstaticpixbufloader-png.a && gcc-ar csrD gdk-pixbuf/libstaticpixbufloader-png.a gdk-pixbuf/libstaticpixbufloader-png.a.p/io-png.c.o
[ 2517s] [38/171] cc -Igdk-pixbuf/libgdk_pixbuf-2.0.so.0.4200.6.p -Igdk-pixbuf -I../gdk-pixbuf -I. -I.. -Igdk-pixbuf/pixops -I../gdk-pixbuf/pixops -I/usr/include/glib-2.0 -I/usr/lib64/glib-2.0/include -I/usr/include/libmount -I/usr/include/blkid -fdiagnostics-color=always -D_FILE_OFFSET_BITS=64 -Wall -Winvalid-pch -std=gnu99 -D_POSIX_C_SOURCE=200809L -D_DEFAULT_SOURCE -D_XOPEN_SOURCE=700 -DHAVE_CONFIG_H=1 -O2 -g -pipe -Wall -Werror=format-security -Wp,-D_FORTIFY_SOURCE=2 -Wp,-D_GLIBCXX_ASSERTIONS -fstack-protector-strong -grecord-gcc-switches -specs=/usr/lib/rpm/generic-hardened-cc1 -fasynchronous-unwind-tables -fstack-clash-protection -fPIC -pthread -Wpointer-arith -Wformat=2 -Wstrict-prototypes -Wnested-externs -Wold-style-definition -Wdeclaration-after-statement -Wunused -Wcast-align -Wmissing-noreturn -Wmissing-format-attribute -Wlogical-op -fno-strict-aliasing -Wno-int-conversion -Wno-uninitialized -Wno-discarded-qualifiers -Werror=implicit -Werror=nonnull -Werror=init-self -Werror=main -Werror=missing-braces -Werror=sequence-point -Werror=return-type -Werror=trigraphs -Werror=array-bounds -Werror=write-strings -Werror=address -Werror=int-to-pointer-cast -Werror=pointer-to-int-cast -Werror=empty-body -fvisibility=hidden -DG_LOG_STRUCTURED=1 '-DG_LOG_DOMAIN="GdkPixbuf"' -DGDK_PIXBUF_COMPILATION '-DGDK_PIXBUF_PREFIX="/usr"' '-DGDK_PIXBUF_LOCALEDIR="/usr/share/locale"' '-DGDK_PIXBUF_LIBDIR="/usr/lib64"' '-DGDK_PIXBUF_BINARY_VERSION="2.10.0"' -DGDK_PIXBUF_ENABLE_BACKEND '-DPIXBUF_LIBDIR="/usr/lib64/gdk-pixbuf-2.0/2.10.0/loaders"' '-DBUILT_MODULES_DIR="/home/abuild/rpmbuild/BUILD/gdk-pixbuf-2.42.6/riscv64-openEuler-linux-gnu/gdk-pixbuf"' -DINCLUDE_jpeg -DINCLUDE_png -MD -MQ gdk-pixbuf/libgdk_pixbuf-2.0.so.0.4200.6.p/gdk-pixbuf.c.o -MF gdk-pixbuf/libgdk_pixbuf-2.0.so.0.4200.6.p/gdk-pixbuf.c.o.d -o gdk-pixbuf/libgdk_pixbuf-2.0.so.0.4200.6.p/gdk-pixbuf.c.o -c ../gdk-pixbuf/gdk-pixbuf.c
[ 2517s] [39/171] cc -Igdk-pixbuf/libgdk_pixbuf-2.0.so.0.4200.6.p -Igdk-pixbuf -I../gdk-pixbuf -I. -I.. -Igdk-pixbuf/pixops -I../gdk-pixbuf/pixops -I/usr/include/glib-2.0 -I/usr/lib64/glib-2.0/include -I/usr/include/libmount -I/usr/include/blkid -fdiagnostics-color=always -D_FILE_OFFSET_BITS=64 -Wall -Winvalid-pch -std=gnu99 -D_POSIX_C_SOURCE=200809L -D_DEFAULT_SOURCE -D_XOPEN_SOURCE=700 -DHAVE_CONFIG_H=1 -O2 -g -pipe -Wall -Werror=format-security -Wp,-D_FORTIFY_SOURCE=2 -Wp,-D_GLIBCXX_ASSERTIONS -fstack-protector-strong -grecord-gcc-switches -specs=/usr/lib/rpm/generic-hardened-cc1 -fasynchronous-unwind-tables -fstack-clash-protection -fPIC -pthread -Wpointer-arith -Wformat=2 -Wstrict-prototypes -Wnested-externs -Wold-style-definition -Wdeclaration-after-statement -Wunused -Wcast-align -Wmissing-noreturn -Wmissing-format-attribute -Wlogical-op -fno-strict-aliasing -Wno-int-conversion -Wno-uninitialized -Wno-discarded-qualifiers -Werror=implicit -Werror=nonnull -Werror=init-self -Werror=main -Werror=missing-braces -Werror=sequence-point -Werror=return-type -Werror=trigraphs -Werror=array-bounds -Werror=write-strings -Werror=address -Werror=int-to-pointer-cast -Werror=pointer-to-int-cast -Werror=empty-body -fvisibility=hidden -DG_LOG_STRUCTURED=1 '-DG_LOG_DOMAIN="GdkPixbuf"' -DGDK_PIXBUF_COMPILATION '-DGDK_PIXBUF_PREFIX="/usr"' '-DGDK_PIXBUF_LOCALEDIR="/usr/share/locale"' '-DGDK_PIXBUF_LIBDIR="/usr/lib64"' '-DGDK_PIXBUF_BINARY_VERSION="2.10.0"' -DGDK_PIXBUF_ENABLE_BACKEND '-DPIXBUF_LIBDIR="/usr/lib64/gdk-pixbuf-2.0/2.10.0/loaders"' '-DBUILT_MODULES_DIR="/home/abuild/rpmbuild/BUILD/gdk-pixbuf-2.42.6/riscv64-openEuler-linux-gnu/gdk-pixbuf"' -DINCLUDE_jpeg -DINCLUDE_png -MD -MQ gdk-pixbuf/libgdk_pixbuf-2.0.so.0.4200.6.p/gdk-pixbuf-animation.c.o -MF gdk-pixbuf/libgdk_pixbuf-2.0.so.0.4200.6.p/gdk-pixbuf-animation.c.o.d -o gdk-pixbuf/libgdk_pixbuf-2.0.so.0.4200.6.p/gdk-pixbuf-animation.c.o -c ../gdk-pixbuf/gdk-pixbuf-animation.c
[ 2522s] [40/171] cc -Igdk-pixbuf/libstaticpixbufloader-jpeg.a.p -Igdk-pixbuf -I../gdk-pixbuf -I. -I.. -I/usr/include/libpng16 -I/usr/include/glib-2.0 -I/usr/lib64/glib-2.0/include -I/usr/include/libmount -I/usr/include/blkid -fdiagnostics-color=always -D_FILE_OFFSET_BITS=64 -Wall -Winvalid-pch -std=gnu99 -D_POSIX_C_SOURCE=200809L -D_DEFAULT_SOURCE -D_XOPEN_SOURCE=700 -DHAVE_CONFIG_H=1 -O2 -g -pipe -Wall -Werror=format-security -Wp,-D_FORTIFY_SOURCE=2 -Wp,-D_GLIBCXX_ASSERTIONS -fstack-protector-strong -grecord-gcc-switches -specs=/usr/lib/rpm/generic-hardened-cc1 -fasynchronous-unwind-tables -fstack-clash-protection -fPIC -pthread -Wpointer-arith -Wformat=2 -Wstrict-prototypes -Wnested-externs -Wold-style-definition -Wdeclaration-after-statement -Wunused -Wcast-align -Wmissing-noreturn -Wmissing-format-attribute -Wlogical-op -fno-strict-aliasing -Wno-int-conversion -Wno-uninitialized -Wno-discarded-qualifiers -Werror=implicit -Werror=nonnull -Werror=init-self -Werror=main -Werror=missing-braces -Werror=sequence-point -Werror=return-type -Werror=trigraphs -Werror=array-bounds -Werror=write-strings -Werror=address -Werror=int-to-pointer-cast -Werror=pointer-to-int-cast -Werror=empty-body -fvisibility=hidden -DG_LOG_STRUCTURED=1 '-DG_LOG_DOMAIN="GdkPixbuf"' -DGDK_PIXBUF_COMPILATION '-DGDK_PIXBUF_PREFIX="/usr"' '-DGDK_PIXBUF_LOCALEDIR="/usr/share/locale"' '-DGDK_PIXBUF_LIBDIR="/usr/lib64"' '-DGDK_PIXBUF_BINARY_VERSION="2.10.0"' -DGDK_PIXBUF_ENABLE_BACKEND '-DPIXBUF_LIBDIR="/usr/lib64/gdk-pixbuf-2.0/2.10.0/loaders"' '-DBUILT_MODULES_DIR="/home/abuild/rpmbuild/BUILD/gdk-pixbuf-2.42.6/riscv64-openEuler-linux-gnu/gdk-pixbuf"' -DINCLUDE_jpeg -MD -MQ gdk-pixbuf/libstaticpixbufloader-jpeg.a.p/io-jpeg.c.o -MF gdk-pixbuf/libstaticpixbufloader-jpeg.a.p/io-jpeg.c.o.d -o gdk-pixbuf/libstaticpixbufloader-jpeg.a.p/io-jpeg.c.o -c ../gdk-pixbuf/io-jpeg.c
[ 2523s] [41/171] rm -f gdk-pixbuf/libstaticpixbufloader-jpeg.a && gcc-ar csrD gdk-pixbuf/libstaticpixbufloader-jpeg.a gdk-pixbuf/libstaticpixbufloader-jpeg.a.p/io-jpeg.c.o
[ 2526s] [42/171] cc -Igdk-pixbuf/libgdk_pixbuf-2.0.so.0.4200.6.p -Igdk-pixbuf -I../gdk-pixbuf -I. -I.. -Igdk-pixbuf/pixops -I../gdk-pixbuf/pixops -I/usr/include/glib-2.0 -I/usr/lib64/glib-2.0/include -I/usr/include/libmount -I/usr/include/blkid -fdiagnostics-color=always -D_FILE_OFFSET_BITS=64 -Wall -Winvalid-pch -std=gnu99 -D_POSIX_C_SOURCE=200809L -D_DEFAULT_SOURCE -D_XOPEN_SOURCE=700 -DHAVE_CONFIG_H=1 -O2 -g -pipe -Wall -Werror=format-security -Wp,-D_FORTIFY_SOURCE=2 -Wp,-D_GLIBCXX_ASSERTIONS -fstack-protector-strong -grecord-gcc-switches -specs=/usr/lib/rpm/generic-hardened-cc1 -fasynchronous-unwind-tables -fstack-clash-protection -fPIC -pthread -Wpointer-arith -Wformat=2 -Wstrict-prototypes -Wnested-externs -Wold-style-definition -Wdeclaration-after-statement -Wunused -Wcast-align -Wmissing-noreturn -Wmissing-format-attribute -Wlogical-op -fno-strict-aliasing -Wno-int-conversion -Wno-uninitialized -Wno-discarded-qualifiers -Werror=implicit -Werror=nonnull -Werror=init-self -Werror=main -Werror=missing-braces -Werror=sequence-point -Werror=return-type -Werror=trigraphs -Werror=array-bounds -Werror=write-strings -Werror=address -Werror=int-to-pointer-cast -Werror=pointer-to-int-cast -Werror=empty-body -fvisibility=hidden -DG_LOG_STRUCTURED=1 '-DG_LOG_DOMAIN="GdkPixbuf"' -DGDK_PIXBUF_COMPILATION '-DGDK_PIXBUF_PREFIX="/usr"' '-DGDK_PIXBUF_LOCALEDIR="/usr/share/locale"' '-DGDK_PIXBUF_LIBDIR="/usr/lib64"' '-DGDK_PIXBUF_BINARY_VERSION="2.10.0"' -DGDK_PIXBUF_ENABLE_BACKEND '-DPIXBUF_LIBDIR="/usr/lib64/gdk-pixbuf-2.0/2.10.0/loaders"' '-DBUILT_MODULES_DIR="/home/abuild/rpmbuild/BUILD/gdk-pixbuf-2.42.6/riscv64-openEuler-linux-gnu/gdk-pixbuf"' -DINCLUDE_jpeg -DINCLUDE_png -MD -MQ gdk-pixbuf/libgdk_pixbuf-2.0.so.0.4200.6.p/meson-generated_.._gdk-pixbuf-enum-types.c.o -MF gdk-pixbuf/libgdk_pixbuf-2.0.so.0.4200.6.p/meson-generated_.._gdk-pixbuf-enum-types.c.o.d -o gdk-pixbuf/libgdk_pixbuf-2.0.so.0.4200.6.p/meson-generated_.._gdk-pixbuf-enum-types.c.o -c gdk-pixbuf/gdk-pixbuf-enum-types.c
[ 2530s] [43/171] cc -Igdk-pixbuf/libgdk_pixbuf-2.0.so.0.4200.6.p -Igdk-pixbuf -I../gdk-pixbuf -I. -I.. -Igdk-pixbuf/pixops -I../gdk-pixbuf/pixops -I/usr/include/glib-2.0 -I/usr/lib64/glib-2.0/include -I/usr/include/libmount -I/usr/include/blkid -fdiagnostics-color=always -D_FILE_OFFSET_BITS=64 -Wall -Winvalid-pch -std=gnu99 -D_POSIX_C_SOURCE=200809L -D_DEFAULT_SOURCE -D_XOPEN_SOURCE=700 -DHAVE_CONFIG_H=1 -O2 -g -pipe -Wall -Werror=format-security -Wp,-D_FORTIFY_SOURCE=2 -Wp,-D_GLIBCXX_ASSERTIONS -fstack-protector-strong -grecord-gcc-switches -specs=/usr/lib/rpm/generic-hardened-cc1 -fasynchronous-unwind-tables -fstack-clash-protection -fPIC -pthread -Wpointer-arith -Wformat=2 -Wstrict-prototypes -Wnested-externs -Wold-style-definition -Wdeclaration-after-statement -Wunused -Wcast-align -Wmissing-noreturn -Wmissing-format-attribute -Wlogical-op -fno-strict-aliasing -Wno-int-conversion -Wno-uninitialized -Wno-discarded-qualifiers -Werror=implicit -Werror=nonnull -Werror=init-self -Werror=main -Werror=missing-braces -Werror=sequence-point -Werror=return-type -Werror=trigraphs -Werror=array-bounds -Werror=write-strings -Werror=address -Werror=int-to-pointer-cast -Werror=pointer-to-int-cast -Werror=empty-body -fvisibility=hidden -DG_LOG_STRUCTURED=1 '-DG_LOG_DOMAIN="GdkPixbuf"' -DGDK_PIXBUF_COMPILATION '-DGDK_PIXBUF_PREFIX="/usr"' '-DGDK_PIXBUF_LOCALEDIR="/usr/share/locale"' '-DGDK_PIXBUF_LIBDIR="/usr/lib64"' '-DGDK_PIXBUF_BINARY_VERSION="2.10.0"' -DGDK_PIXBUF_ENABLE_BACKEND '-DPIXBUF_LIBDIR="/usr/lib64/gdk-pixbuf-2.0/2.10.0/loaders"' '-DBUILT_MODULES_DIR="/home/abuild/rpmbuild/BUILD/gdk-pixbuf-2.42.6/riscv64-openEuler-linux-gnu/gdk-pixbuf"' -DINCLUDE_jpeg -DINCLUDE_png -MD -MQ gdk-pixbuf/libgdk_pixbuf-2.0.so.0.4200.6.p/gdk-pixbuf-scale.c.o -MF gdk-pixbuf/libgdk_pixbuf-2.0.so.0.4200.6.p/gdk-pixbuf-scale.c.o.d -o gdk-pixbuf/libgdk_pixbuf-2.0.so.0.4200.6.p/gdk-pixbuf-scale.c.o -c ../gdk-pixbuf/gdk-pixbuf-scale.c
[ 2532s] [44/171] cc -Igdk-pixbuf/libgdk_pixbuf-2.0.so.0.4200.6.p -Igdk-pixbuf -I../gdk-pixbuf -I. -I.. -Igdk-pixbuf/pixops -I../gdk-pixbuf/pixops -I/usr/include/glib-2.0 -I/usr/lib64/glib-2.0/include -I/usr/include/libmount -I/usr/include/blkid -fdiagnostics-color=always -D_FILE_OFFSET_BITS=64 -Wall -Winvalid-pch -std=gnu99 -D_POSIX_C_SOURCE=200809L -D_DEFAULT_SOURCE -D_XOPEN_SOURCE=700 -DHAVE_CONFIG_H=1 -O2 -g -pipe -Wall -Werror=format-security -Wp,-D_FORTIFY_SOURCE=2 -Wp,-D_GLIBCXX_ASSERTIONS -fstack-protector-strong -grecord-gcc-switches -specs=/usr/lib/rpm/generic-hardened-cc1 -fasynchronous-unwind-tables -fstack-clash-protection -fPIC -pthread -Wpointer-arith -Wformat=2 -Wstrict-prototypes -Wnested-externs -Wold-style-definition -Wdeclaration-after-statement -Wunused -Wcast-align -Wmissing-noreturn -Wmissing-format-attribute -Wlogical-op -fno-strict-aliasing -Wno-int-conversion -Wno-uninitialized -Wno-discarded-qualifiers -Werror=implicit -Werror=nonnull -Werror=init-self -Werror=main -Werror=missing-braces -Werror=sequence-point -Werror=return-type -Werror=trigraphs -Werror=array-bounds -Werror=write-strings -Werror=address -Werror=int-to-pointer-cast -Werror=pointer-to-int-cast -Werror=empty-body -fvisibility=hidden -DG_LOG_STRUCTURED=1 '-DG_LOG_DOMAIN="GdkPixbuf"' -DGDK_PIXBUF_COMPILATION '-DGDK_PIXBUF_PREFIX="/usr"' '-DGDK_PIXBUF_LOCALEDIR="/usr/share/locale"' '-DGDK_PIXBUF_LIBDIR="/usr/lib64"' '-DGDK_PIXBUF_BINARY_VERSION="2.10.0"' -DGDK_PIXBUF_ENABLE_BACKEND '-DPIXBUF_LIBDIR="/usr/lib64/gdk-pixbuf-2.0/2.10.0/loaders"' '-DBUILT_MODULES_DIR="/home/abuild/rpmbuild/BUILD/gdk-pixbuf-2.42.6/riscv64-openEuler-linux-gnu/gdk-pixbuf"' -DINCLUDE_jpeg -DINCLUDE_png -MD -MQ gdk-pixbuf/libgdk_pixbuf-2.0.so.0.4200.6.p/gdk-pixbuf-loader.c.o -MF gdk-pixbuf/libgdk_pixbuf-2.0.so.0.4200.6.p/gdk-pixbuf-loader.c.o.d -o gdk-pixbuf/libgdk_pixbuf-2.0.so.0.4200.6.p/gdk-pixbuf-loader.c.o -c ../gdk-pixbuf/gdk-pixbuf-loader.c
[ 2534s] [45/171] cc -Igdk-pixbuf/libgdk_pixbuf-2.0.so.0.4200.6.p -Igdk-pixbuf -I../gdk-pixbuf -I. -I.. -Igdk-pixbuf/pixops -I../gdk-pixbuf/pixops -I/usr/include/glib-2.0 -I/usr/lib64/glib-2.0/include -I/usr/include/libmount -I/usr/include/blkid -fdiagnostics-color=always -D_FILE_OFFSET_BITS=64 -Wall -Winvalid-pch -std=gnu99 -D_POSIX_C_SOURCE=200809L -D_DEFAULT_SOURCE -D_XOPEN_SOURCE=700 -DHAVE_CONFIG_H=1 -O2 -g -pipe -Wall -Werror=format-security -Wp,-D_FORTIFY_SOURCE=2 -Wp,-D_GLIBCXX_ASSERTIONS -fstack-protector-strong -grecord-gcc-switches -specs=/usr/lib/rpm/generic-hardened-cc1 -fasynchronous-unwind-tables -fstack-clash-protection -fPIC -pthread -Wpointer-arith -Wformat=2 -Wstrict-prototypes -Wnested-externs -Wold-style-definition -Wdeclaration-after-statement -Wunused -Wcast-align -Wmissing-noreturn -Wmissing-format-attribute -Wlogical-op -fno-strict-aliasing -Wno-int-conversion -Wno-uninitialized -Wno-discarded-qualifiers -Werror=implicit -Werror=nonnull -Werror=init-self -Werror=main -Werror=missing-braces -Werror=sequence-point -Werror=return-type -Werror=trigraphs -Werror=array-bounds -Werror=write-strings -Werror=address -Werror=int-to-pointer-cast -Werror=pointer-to-int-cast -Werror=empty-body -fvisibility=hidden -DG_LOG_STRUCTURED=1 '-DG_LOG_DOMAIN="GdkPixbuf"' -DGDK_PIXBUF_COMPILATION '-DGDK_PIXBUF_PREFIX="/usr"' '-DGDK_PIXBUF_LOCALEDIR="/usr/share/locale"' '-DGDK_PIXBUF_LIBDIR="/usr/lib64"' '-DGDK_PIXBUF_BINARY_VERSION="2.10.0"' -DGDK_PIXBUF_ENABLE_BACKEND '-DPIXBUF_LIBDIR="/usr/lib64/gdk-pixbuf-2.0/2.10.0/loaders"' '-DBUILT_MODULES_DIR="/home/abuild/rpmbuild/BUILD/gdk-pixbuf-2.42.6/riscv64-openEuler-linux-gnu/gdk-pixbuf"' -DINCLUDE_jpeg -DINCLUDE_png -MD -MQ gdk-pixbuf/libgdk_pixbuf-2.0.so.0.4200.6.p/gdk-pixbuf-scaled-anim.c.o -MF gdk-pixbuf/libgdk_pixbuf-2.0.so.0.4200.6.p/gdk-pixbuf-scaled-anim.c.o.d -o gdk-pixbuf/libgdk_pixbuf-2.0.so.0.4200.6.p/gdk-pixbuf-scaled-anim.c.o -c ../gdk-pixbuf/gdk-pixbuf-scaled-anim.c
[ 2535s] [46/171] cc -Igdk-pixbuf/libgdk_pixbuf-2.0.so.0.4200.6.p -Igdk-pixbuf -I../gdk-pixbuf -I. -I.. -Igdk-pixbuf/pixops -I../gdk-pixbuf/pixops -I/usr/include/glib-2.0 -I/usr/lib64/glib-2.0/include -I/usr/include/libmount -I/usr/include/blkid -fdiagnostics-color=always -D_FILE_OFFSET_BITS=64 -Wall -Winvalid-pch -std=gnu99 -D_POSIX_C_SOURCE=200809L -D_DEFAULT_SOURCE -D_XOPEN_SOURCE=700 -DHAVE_CONFIG_H=1 -O2 -g -pipe -Wall -Werror=format-security -Wp,-D_FORTIFY_SOURCE=2 -Wp,-D_GLIBCXX_ASSERTIONS -fstack-protector-strong -grecord-gcc-switches -specs=/usr/lib/rpm/generic-hardened-cc1 -fasynchronous-unwind-tables -fstack-clash-protection -fPIC -pthread -Wpointer-arith -Wformat=2 -Wstrict-prototypes -Wnested-externs -Wold-style-definition -Wdeclaration-after-statement -Wunused -Wcast-align -Wmissing-noreturn -Wmissing-format-attribute -Wlogical-op -fno-strict-aliasing -Wno-int-conversion -Wno-uninitialized -Wno-discarded-qualifiers -Werror=implicit -Werror=nonnull -Werror=init-self -Werror=main -Werror=missing-braces -Werror=sequence-point -Werror=return-type -Werror=trigraphs -Werror=array-bounds -Werror=write-strings -Werror=address -Werror=int-to-pointer-cast -Werror=pointer-to-int-cast -Werror=empty-body -fvisibility=hidden -DG_LOG_STRUCTURED=1 '-DG_LOG_DOMAIN="GdkPixbuf"' -DGDK_PIXBUF_COMPILATION '-DGDK_PIXBUF_PREFIX="/usr"' '-DGDK_PIXBUF_LOCALEDIR="/usr/share/locale"' '-DGDK_PIXBUF_LIBDIR="/usr/lib64"' '-DGDK_PIXBUF_BINARY_VERSION="2.10.0"' -DGDK_PIXBUF_ENABLE_BACKEND '-DPIXBUF_LIBDIR="/usr/lib64/gdk-pixbuf-2.0/2.10.0/loaders"' '-DBUILT_MODULES_DIR="/home/abuild/rpmbuild/BUILD/gdk-pixbuf-2.42.6/riscv64-openEuler-linux-gnu/gdk-pixbuf"' -DINCLUDE_jpeg -DINCLUDE_png -MD -MQ gdk-pixbuf/libgdk_pixbuf-2.0.so.0.4200.6.p/gdk-pixbuf-simple-anim.c.o -MF gdk-pixbuf/libgdk_pixbuf-2.0.so.0.4200.6.p/gdk-pixbuf-simple-anim.c.o.d -o gdk-pixbuf/libgdk_pixbuf-2.0.so.0.4200.6.p/gdk-pixbuf-simple-anim.c.o -c ../gdk-pixbuf/gdk-pixbuf-simple-anim.c
[ 2536s] [47/171] cc -Igdk-pixbuf/libgdk_pixbuf-2.0.so.0.4200.6.p -Igdk-pixbuf -I../gdk-pixbuf -I. -I.. -Igdk-pixbuf/pixops -I../gdk-pixbuf/pixops -I/usr/include/glib-2.0 -I/usr/lib64/glib-2.0/include -I/usr/include/libmount -I/usr/include/blkid -fdiagnostics-color=always -D_FILE_OFFSET_BITS=64 -Wall -Winvalid-pch -std=gnu99 -D_POSIX_C_SOURCE=200809L -D_DEFAULT_SOURCE -D_XOPEN_SOURCE=700 -DHAVE_CONFIG_H=1 -O2 -g -pipe -Wall -Werror=format-security -Wp,-D_FORTIFY_SOURCE=2 -Wp,-D_GLIBCXX_ASSERTIONS -fstack-protector-strong -grecord-gcc-switches -specs=/usr/lib/rpm/generic-hardened-cc1 -fasynchronous-unwind-tables -fstack-clash-protection -fPIC -pthread -Wpointer-arith -Wformat=2 -Wstrict-prototypes -Wnested-externs -Wold-style-definition -Wdeclaration-after-statement -Wunused -Wcast-align -Wmissing-noreturn -Wmissing-format-attribute -Wlogical-op -fno-strict-aliasing -Wno-int-conversion -Wno-uninitialized -Wno-discarded-qualifiers -Werror=implicit -Werror=nonnull -Werror=init-self -Werror=main -Werror=missing-braces -Werror=sequence-point -Werror=return-type -Werror=trigraphs -Werror=array-bounds -Werror=write-strings -Werror=address -Werror=int-to-pointer-cast -Werror=pointer-to-int-cast -Werror=empty-body -fvisibility=hidden -DG_LOG_STRUCTURED=1 '-DG_LOG_DOMAIN="GdkPixbuf"' -DGDK_PIXBUF_COMPILATION '-DGDK_PIXBUF_PREFIX="/usr"' '-DGDK_PIXBUF_LOCALEDIR="/usr/share/locale"' '-DGDK_PIXBUF_LIBDIR="/usr/lib64"' '-DGDK_PIXBUF_BINARY_VERSION="2.10.0"' -DGDK_PIXBUF_ENABLE_BACKEND '-DPIXBUF_LIBDIR="/usr/lib64/gdk-pixbuf-2.0/2.10.0/loaders"' '-DBUILT_MODULES_DIR="/home/abuild/rpmbuild/BUILD/gdk-pixbuf-2.42.6/riscv64-openEuler-linux-gnu/gdk-pixbuf"' -DINCLUDE_jpeg -DINCLUDE_png -MD -MQ gdk-pixbuf/libgdk_pixbuf-2.0.so.0.4200.6.p/gdk-pixbuf-util.c.o -MF gdk-pixbuf/libgdk_pixbuf-2.0.so.0.4200.6.p/gdk-pixbuf-util.c.o.d -o gdk-pixbuf/libgdk_pixbuf-2.0.so.0.4200.6.p/gdk-pixbuf-util.c.o -c ../gdk-pixbuf/gdk-pixbuf-util.c
[ 2544s] [48/171] cc -Igdk-pixbuf/libgdk_pixbuf-2.0.so.0.4200.6.p -Igdk-pixbuf -I../gdk-pixbuf -I. -I.. -Igdk-pixbuf/pixops -I../gdk-pixbuf/pixops -I/usr/include/glib-2.0 -I/usr/lib64/glib-2.0/include -I/usr/include/libmount -I/usr/include/blkid -fdiagnostics-color=always -D_FILE_OFFSET_BITS=64 -Wall -Winvalid-pch -std=gnu99 -D_POSIX_C_SOURCE=200809L -D_DEFAULT_SOURCE -D_XOPEN_SOURCE=700 -DHAVE_CONFIG_H=1 -O2 -g -pipe -Wall -Werror=format-security -Wp,-D_FORTIFY_SOURCE=2 -Wp,-D_GLIBCXX_ASSERTIONS -fstack-protector-strong -grecord-gcc-switches -specs=/usr/lib/rpm/generic-hardened-cc1 -fasynchronous-unwind-tables -fstack-clash-protection -fPIC -pthread -Wpointer-arith -Wformat=2 -Wstrict-prototypes -Wnested-externs -Wold-style-definition -Wdeclaration-after-statement -Wunused -Wcast-align -Wmissing-noreturn -Wmissing-format-attribute -Wlogical-op -fno-strict-aliasing -Wno-int-conversion -Wno-uninitialized -Wno-discarded-qualifiers -Werror=implicit -Werror=nonnull -Werror=init-self -Werror=main -Werror=missing-braces -Werror=sequence-point -Werror=return-type -Werror=trigraphs -Werror=array-bounds -Werror=write-strings -Werror=address -Werror=int-to-pointer-cast -Werror=pointer-to-int-cast -Werror=empty-body -fvisibility=hidden -DG_LOG_STRUCTURED=1 '-DG_LOG_DOMAIN="GdkPixbuf"' -DGDK_PIXBUF_COMPILATION '-DGDK_PIXBUF_PREFIX="/usr"' '-DGDK_PIXBUF_LOCALEDIR="/usr/share/locale"' '-DGDK_PIXBUF_LIBDIR="/usr/lib64"' '-DGDK_PIXBUF_BINARY_VERSION="2.10.0"' -DGDK_PIXBUF_ENABLE_BACKEND '-DPIXBUF_LIBDIR="/usr/lib64/gdk-pixbuf-2.0/2.10.0/loaders"' '-DBUILT_MODULES_DIR="/home/abuild/rpmbuild/BUILD/gdk-pixbuf-2.42.6/riscv64-openEuler-linux-gnu/gdk-pixbuf"' -DINCLUDE_jpeg -DINCLUDE_png -MD -MQ gdk-pixbuf/libgdk_pixbuf-2.0.so.0.4200.6.p/gdk-pixbuf-io.c.o -MF gdk-pixbuf/libgdk_pixbuf-2.0.so.0.4200.6.p/gdk-pixbuf-io.c.o.d -o gdk-pixbuf/libgdk_pixbuf-2.0.so.0.4200.6.p/gdk-pixbuf-io.c.o -c ../gdk-pixbuf/gdk-pixbuf-io.c
[ 2550s] [49/171] cc -Igdk-pixbuf/libpixbufloader-ani.so.p -Igdk-pixbuf -I../gdk-pixbuf -I. -I.. -I/usr/include/libpng16 -I/usr/include/glib-2.0 -I/usr/lib64/glib-2.0/include -I/usr/include/libmount -I/usr/include/blkid -fdiagnostics-color=always -D_FILE_OFFSET_BITS=64 -Wall -Winvalid-pch -std=gnu99 -D_POSIX_C_SOURCE=200809L -D_DEFAULT_SOURCE -D_XOPEN_SOURCE=700 -DHAVE_CONFIG_H=1 -O2 -g -pipe -Wall -Werror=format-security -Wp,-D_FORTIFY_SOURCE=2 -Wp,-D_GLIBCXX_ASSERTIONS -fstack-protector-strong -grecord-gcc-switches -specs=/usr/lib/rpm/generic-hardened-cc1 -fasynchronous-unwind-tables -fstack-clash-protection -fPIC -pthread -Wpointer-arith -Wformat=2 -Wstrict-prototypes -Wnested-externs -Wold-style-definition -Wdeclaration-after-statement -Wunused -Wcast-align -Wmissing-noreturn -Wmissing-format-attribute -Wlogical-op -fno-strict-aliasing -Wno-int-conversion -Wno-uninitialized -Wno-discarded-qualifiers -Werror=implicit -Werror=nonnull -Werror=init-self -Werror=main -Werror=missing-braces -Werror=sequence-point -Werror=return-type -Werror=trigraphs -Werror=array-bounds -Werror=write-strings -Werror=address -Werror=int-to-pointer-cast -Werror=pointer-to-int-cast -Werror=empty-body -fvisibility=hidden -DG_LOG_STRUCTURED=1 '-DG_LOG_DOMAIN="GdkPixbuf"' -DGDK_PIXBUF_COMPILATION '-DGDK_PIXBUF_PREFIX="/usr"' '-DGDK_PIXBUF_LOCALEDIR="/usr/share/locale"' '-DGDK_PIXBUF_LIBDIR="/usr/lib64"' '-DGDK_PIXBUF_BINARY_VERSION="2.10.0"' -DGDK_PIXBUF_ENABLE_BACKEND '-DPIXBUF_LIBDIR="/usr/lib64/gdk-pixbuf-2.0/2.10.0/loaders"' '-DBUILT_MODULES_DIR="/home/abuild/rpmbuild/BUILD/gdk-pixbuf-2.42.6/riscv64-openEuler-linux-gnu/gdk-pixbuf"' -MD -MQ gdk-pixbuf/libpixbufloader-ani.so.p/io-ani-animation.c.o -MF gdk-pixbuf/libpixbufloader-ani.so.p/io-ani-animation.c.o.d -o gdk-pixbuf/libpixbufloader-ani.so.p/io-ani-animation.c.o -c ../gdk-pixbuf/io-ani-animation.c
[ 2550s] [50/171] cc -Igdk-pixbuf/libgdk_pixbuf-2.0.so.0.4200.6.p -Igdk-pixbuf -I../gdk-pixbuf -I. -I.. -Igdk-pixbuf/pixops -I../gdk-pixbuf/pixops -I/usr/include/glib-2.0 -I/usr/lib64/glib-2.0/include -I/usr/include/libmount -I/usr/include/blkid -fdiagnostics-color=always -D_FILE_OFFSET_BITS=64 -Wall -Winvalid-pch -std=gnu99 -D_POSIX_C_SOURCE=200809L -D_DEFAULT_SOURCE -D_XOPEN_SOURCE=700 -DHAVE_CONFIG_H=1 -O2 -g -pipe -Wall -Werror=format-security -Wp,-D_FORTIFY_SOURCE=2 -Wp,-D_GLIBCXX_ASSERTIONS -fstack-protector-strong -grecord-gcc-switches -specs=/usr/lib/rpm/generic-hardened-cc1 -fasynchronous-unwind-tables -fstack-clash-protection -fPIC -pthread -Wpointer-arith -Wformat=2 -Wstrict-prototypes -Wnested-externs -Wold-style-definition -Wdeclaration-after-statement -Wunused -Wcast-align -Wmissing-noreturn -Wmissing-format-attribute -Wlogical-op -fno-strict-aliasing -Wno-int-conversion -Wno-uninitialized -Wno-discarded-qualifiers -Werror=implicit -Werror=nonnull -Werror=init-self -Werror=main -Werror=missing-braces -Werror=sequence-point -Werror=return-type -Werror=trigraphs -Werror=array-bounds -Werror=write-strings -Werror=address -Werror=int-to-pointer-cast -Werror=pointer-to-int-cast -Werror=empty-body -fvisibility=hidden -DG_LOG_STRUCTURED=1 '-DG_LOG_DOMAIN="GdkPixbuf"' -DGDK_PIXBUF_COMPILATION '-DGDK_PIXBUF_PREFIX="/usr"' '-DGDK_PIXBUF_LOCALEDIR="/usr/share/locale"' '-DGDK_PIXBUF_LIBDIR="/usr/lib64"' '-DGDK_PIXBUF_BINARY_VERSION="2.10.0"' -DGDK_PIXBUF_ENABLE_BACKEND '-DPIXBUF_LIBDIR="/usr/lib64/gdk-pixbuf-2.0/2.10.0/loaders"' '-DBUILT_MODULES_DIR="/home/abuild/rpmbuild/BUILD/gdk-pixbuf-2.42.6/riscv64-openEuler-linux-gnu/gdk-pixbuf"' -DINCLUDE_jpeg -DINCLUDE_png -MD -MQ gdk-pixbuf/libgdk_pixbuf-2.0.so.0.4200.6.p/gdk-pixdata.c.o -MF gdk-pixbuf/libgdk_pixbuf-2.0.so.0.4200.6.p/gdk-pixdata.c.o.d -o gdk-pixbuf/libgdk_pixbuf-2.0.so.0.4200.6.p/gdk-pixdata.c.o -c ../gdk-pixbuf/gdk-pixdata.c
[ 2550s] ../gdk-pixbuf/gdk-pixdata.c: In function gdk_pixdata_serialize:
[ 2550s] ../gdk-pixbuf/gdk-pixdata.c:155:13: warning: cast increases required alignment of target type [-Wcast-align]
[ 2550s]   155 |   istream = (guint32*) stream;
[ 2550s]       |             ^
[ 2553s] [51/171] cc -Igdk-pixbuf/libpixbufloader-gif.so.p -Igdk-pixbuf -I../gdk-pixbuf -I. -I.. -I/usr/include/libpng16 -I/usr/include/glib-2.0 -I/usr/lib64/glib-2.0/include -I/usr/include/libmount -I/usr/include/blkid -fdiagnostics-color=always -D_FILE_OFFSET_BITS=64 -Wall -Winvalid-pch -std=gnu99 -D_POSIX_C_SOURCE=200809L -D_DEFAULT_SOURCE -D_XOPEN_SOURCE=700 -DHAVE_CONFIG_H=1 -O2 -g -pipe -Wall -Werror=format-security -Wp,-D_FORTIFY_SOURCE=2 -Wp,-D_GLIBCXX_ASSERTIONS -fstack-protector-strong -grecord-gcc-switches -specs=/usr/lib/rpm/generic-hardened-cc1 -fasynchronous-unwind-tables -fstack-clash-protection -fPIC -pthread -Wpointer-arith -Wformat=2 -Wstrict-prototypes -Wnested-externs -Wold-style-definition -Wdeclaration-after-statement -Wunused -Wcast-align -Wmissing-noreturn -Wmissing-format-attribute -Wlogical-op -fno-strict-aliasing -Wno-int-conversion -Wno-uninitialized -Wno-discarded-qualifiers -Werror=implicit -Werror=nonnull -Werror=init-self -Werror=main -Werror=missing-braces -Werror=sequence-point -Werror=return-type -Werror=trigraphs -Werror=array-bounds -Werror=write-strings -Werror=address -Werror=int-to-pointer-cast -Werror=pointer-to-int-cast -Werror=empty-body -fvisibility=hidden -DG_LOG_STRUCTURED=1 '-DG_LOG_DOMAIN="GdkPixbuf"' -DGDK_PIXBUF_COMPILATION '-DGDK_PIXBUF_PREFIX="/usr"' '-DGDK_PIXBUF_LOCALEDIR="/usr/share/locale"' '-DGDK_PIXBUF_LIBDIR="/usr/lib64"' '-DGDK_PIXBUF_BINARY_VERSION="2.10.0"' -DGDK_PIXBUF_ENABLE_BACKEND '-DPIXBUF_LIBDIR="/usr/lib64/gdk-pixbuf-2.0/2.10.0/loaders"' '-DBUILT_MODULES_DIR="/home/abuild/rpmbuild/BUILD/gdk-pixbuf-2.42.6/riscv64-openEuler-linux-gnu/gdk-pixbuf"' -MD -MQ gdk-pixbuf/libpixbufloader-gif.so.p/lzw.c.o -MF gdk-pixbuf/libpixbufloader-gif.so.p/lzw.c.o.d -o gdk-pixbuf/libpixbufloader-gif.so.p/lzw.c.o -c ../gdk-pixbuf/lzw.c
[ 2553s] [52/171] cc -Igdk-pixbuf/libpixbufloader-gif.so.p -Igdk-pixbuf -I../gdk-pixbuf -I. -I.. -I/usr/include/libpng16 -I/usr/include/glib-2.0 -I/usr/lib64/glib-2.0/include -I/usr/include/libmount -I/usr/include/blkid -fdiagnostics-color=always -D_FILE_OFFSET_BITS=64 -Wall -Winvalid-pch -std=gnu99 -D_POSIX_C_SOURCE=200809L -D_DEFAULT_SOURCE -D_XOPEN_SOURCE=700 -DHAVE_CONFIG_H=1 -O2 -g -pipe -Wall -Werror=format-security -Wp,-D_FORTIFY_SOURCE=2 -Wp,-D_GLIBCXX_ASSERTIONS -fstack-protector-strong -grecord-gcc-switches -specs=/usr/lib/rpm/generic-hardened-cc1 -fasynchronous-unwind-tables -fstack-clash-protection -fPIC -pthread -Wpointer-arith -Wformat=2 -Wstrict-prototypes -Wnested-externs -Wold-style-definition -Wdeclaration-after-statement -Wunused -Wcast-align -Wmissing-noreturn -Wmissing-format-attribute -Wlogical-op -fno-strict-aliasing -Wno-int-conversion -Wno-uninitialized -Wno-discarded-qualifiers -Werror=implicit -Werror=nonnull -Werror=init-self -Werror=main -Werror=missing-braces -Werror=sequence-point -Werror=return-type -Werror=trigraphs -Werror=array-bounds -Werror=write-strings -Werror=address -Werror=int-to-pointer-cast -Werror=pointer-to-int-cast -Werror=empty-body -fvisibility=hidden -DG_LOG_STRUCTURED=1 '-DG_LOG_DOMAIN="GdkPixbuf"' -DGDK_PIXBUF_COMPILATION '-DGDK_PIXBUF_PREFIX="/usr"' '-DGDK_PIXBUF_LOCALEDIR="/usr/share/locale"' '-DGDK_PIXBUF_LIBDIR="/usr/lib64"' '-DGDK_PIXBUF_BINARY_VERSION="2.10.0"' -DGDK_PIXBUF_ENABLE_BACKEND '-DPIXBUF_LIBDIR="/usr/lib64/gdk-pixbuf-2.0/2.10.0/loaders"' '-DBUILT_MODULES_DIR="/home/abuild/rpmbuild/BUILD/gdk-pixbuf-2.42.6/riscv64-openEuler-linux-gnu/gdk-pixbuf"' -MD -MQ gdk-pixbuf/libpixbufloader-gif.so.p/io-gif.c.o -MF gdk-pixbuf/libpixbufloader-gif.so.p/io-gif.c.o.d -o gdk-pixbuf/libpixbufloader-gif.so.p/io-gif.c.o -c ../gdk-pixbuf/io-gif.c
[ 2554s] [53/171] cc -Igdk-pixbuf/libpixbufloader-ani.so.p -Igdk-pixbuf -I../gdk-pixbuf -I. -I.. -I/usr/include/libpng16 -I/usr/include/glib-2.0 -I/usr/lib64/glib-2.0/include -I/usr/include/libmount -I/usr/include/blkid -fdiagnostics-color=always -D_FILE_OFFSET_BITS=64 -Wall -Winvalid-pch -std=gnu99 -D_POSIX_C_SOURCE=200809L -D_DEFAULT_SOURCE -D_XOPEN_SOURCE=700 -DHAVE_CONFIG_H=1 -O2 -g -pipe -Wall -Werror=format-security -Wp,-D_FORTIFY_SOURCE=2 -Wp,-D_GLIBCXX_ASSERTIONS -fstack-protector-strong -grecord-gcc-switches -specs=/usr/lib/rpm/generic-hardened-cc1 -fasynchronous-unwind-tables -fstack-clash-protection -fPIC -pthread -Wpointer-arith -Wformat=2 -Wstrict-prototypes -Wnested-externs -Wold-style-definition -Wdeclaration-after-statement -Wunused -Wcast-align -Wmissing-noreturn -Wmissing-format-attribute -Wlogical-op -fno-strict-aliasing -Wno-int-conversion -Wno-uninitialized -Wno-discarded-qualifiers -Werror=implicit -Werror=nonnull -Werror=init-self -Werror=main -Werror=missing-braces -Werror=sequence-point -Werror=return-type -Werror=trigraphs -Werror=array-bounds -Werror=write-strings -Werror=address -Werror=int-to-pointer-cast -Werror=pointer-to-int-cast -Werror=empty-body -fvisibility=hidden -DG_LOG_STRUCTURED=1 '-DG_LOG_DOMAIN="GdkPixbuf"' -DGDK_PIXBUF_COMPILATION '-DGDK_PIXBUF_PREFIX="/usr"' '-DGDK_PIXBUF_LOCALEDIR="/usr/share/locale"' '-DGDK_PIXBUF_LIBDIR="/usr/lib64"' '-DGDK_PIXBUF_BINARY_VERSION="2.10.0"' -DGDK_PIXBUF_ENABLE_BACKEND '-DPIXBUF_LIBDIR="/usr/lib64/gdk-pixbuf-2.0/2.10.0/loaders"' '-DBUILT_MODULES_DIR="/home/abuild/rpmbuild/BUILD/gdk-pixbuf-2.42.6/riscv64-openEuler-linux-gnu/gdk-pixbuf"' -MD -MQ gdk-pixbuf/libpixbufloader-ani.so.p/io-ani.c.o -MF gdk-pixbuf/libpixbufloader-ani.so.p/io-ani.c.o.d -o gdk-pixbuf/libpixbufloader-ani.so.p/io-ani.c.o -c ../gdk-pixbuf/io-ani.c
[ 2556s] [54/171] cc -Igdk-pixbuf/libpixbufloader-ico.so.p -Igdk-pixbuf -I../gdk-pixbuf -I. -I.. -I/usr/include/libpng16 -I/usr/include/glib-2.0 -I/usr/lib64/glib-2.0/include -I/usr/include/libmount -I/usr/include/blkid -fdiagnostics-color=always -D_FILE_OFFSET_BITS=64 -Wall -Winvalid-pch -std=gnu99 -D_POSIX_C_SOURCE=200809L -D_DEFAULT_SOURCE -D_XOPEN_SOURCE=700 -DHAVE_CONFIG_H=1 -O2 -g -pipe -Wall -Werror=format-security -Wp,-D_FORTIFY_SOURCE=2 -Wp,-D_GLIBCXX_ASSERTIONS -fstack-protector-strong -grecord-gcc-switches -specs=/usr/lib/rpm/generic-hardened-cc1 -fasynchronous-unwind-tables -fstack-clash-protection -fPIC -pthread -Wpointer-arith -Wformat=2 -Wstrict-prototypes -Wnested-externs -Wold-style-definition -Wdeclaration-after-statement -Wunused -Wcast-align -Wmissing-noreturn -Wmissing-format-attribute -Wlogical-op -fno-strict-aliasing -Wno-int-conversion -Wno-uninitialized -Wno-discarded-qualifiers -Werror=implicit -Werror=nonnull -Werror=init-self -Werror=main -Werror=missing-braces -Werror=sequence-point -Werror=return-type -Werror=trigraphs -Werror=array-bounds -Werror=write-strings -Werror=address -Werror=int-to-pointer-cast -Werror=pointer-to-int-cast -Werror=empty-body -fvisibility=hidden -DG_LOG_STRUCTURED=1 '-DG_LOG_DOMAIN="GdkPixbuf"' -DGDK_PIXBUF_COMPILATION '-DGDK_PIXBUF_PREFIX="/usr"' '-DGDK_PIXBUF_LOCALEDIR="/usr/share/locale"' '-DGDK_PIXBUF_LIBDIR="/usr/lib64"' '-DGDK_PIXBUF_BINARY_VERSION="2.10.0"' -DGDK_PIXBUF_ENABLE_BACKEND '-DPIXBUF_LIBDIR="/usr/lib64/gdk-pixbuf-2.0/2.10.0/loaders"' '-DBUILT_MODULES_DIR="/home/abuild/rpmbuild/BUILD/gdk-pixbuf-2.42.6/riscv64-openEuler-linux-gnu/gdk-pixbuf"' -MD -MQ gdk-pixbuf/libpixbufloader-ico.so.p/io-ico.c.o -MF gdk-pixbuf/libpixbufloader-ico.so.p/io-ico.c.o.d -o gdk-pixbuf/libpixbufloader-ico.so.p/io-ico.c.o -c ../gdk-pixbuf/io-ico.c
[ 2563s] [55/171] cc -Igdk-pixbuf/libgdk_pixbuf-2.0.so.0.4200.6.p -Igdk-pixbuf -I../gdk-pixbuf -I. -I.. -Igdk-pixbuf/pixops -I../gdk-pixbuf/pixops -I/usr/include/glib-2.0 -I/usr/lib64/glib-2.0/include -I/usr/include/libmount -I/usr/include/blkid -fdiagnostics-color=always -D_FILE_OFFSET_BITS=64 -Wall -Winvalid-pch -std=gnu99 -D_POSIX_C_SOURCE=200809L -D_DEFAULT_SOURCE -D_XOPEN_SOURCE=700 -DHAVE_CONFIG_H=1 -O2 -g -pipe -Wall -Werror=format-security -Wp,-D_FORTIFY_SOURCE=2 -Wp,-D_GLIBCXX_ASSERTIONS -fstack-protector-strong -grecord-gcc-switches -specs=/usr/lib/rpm/generic-hardened-cc1 -fasynchronous-unwind-tables -fstack-clash-protection -fPIC -pthread -Wpointer-arith -Wformat=2 -Wstrict-prototypes -Wnested-externs -Wold-style-definition -Wdeclaration-after-statement -Wunused -Wcast-align -Wmissing-noreturn -Wmissing-format-attribute -Wlogical-op -fno-strict-aliasing -Wno-int-conversion -Wno-uninitialized -Wno-discarded-qualifiers -Werror=implicit -Werror=nonnull -Werror=init-self -Werror=main -Werror=missing-braces -Werror=sequence-point -Werror=return-type -Werror=trigraphs -Werror=array-bounds -Werror=write-strings -Werror=address -Werror=int-to-pointer-cast -Werror=pointer-to-int-cast -Werror=empty-body -fvisibility=hidden -DG_LOG_STRUCTURED=1 '-DG_LOG_DOMAIN="GdkPixbuf"' -DGDK_PIXBUF_COMPILATION '-DGDK_PIXBUF_PREFIX="/usr"' '-DGDK_PIXBUF_LOCALEDIR="/usr/share/locale"' '-DGDK_PIXBUF_LIBDIR="/usr/lib64"' '-DGDK_PIXBUF_BINARY_VERSION="2.10.0"' -DGDK_PIXBUF_ENABLE_BACKEND '-DPIXBUF_LIBDIR="/usr/lib64/gdk-pixbuf-2.0/2.10.0/loaders"' '-DBUILT_MODULES_DIR="/home/abuild/rpmbuild/BUILD/gdk-pixbuf-2.42.6/riscv64-openEuler-linux-gnu/gdk-pixbuf"' -DINCLUDE_jpeg -DINCLUDE_png -MD -MQ gdk-pixbuf/libgdk_pixbuf-2.0.so.0.4200.6.p/pixops_pixops.c.o -MF gdk-pixbuf/libgdk_pixbuf-2.0.so.0.4200.6.p/pixops_pixops.c.o.d -o gdk-pixbuf/libgdk_pixbuf-2.0.so.0.4200.6.p/pixops_pixops.c.o -c ../gdk-pixbuf/pixops/pixops.c
[ 2563s] ../gdk-pixbuf/pixops/pixops.c: In function pixops_scale_nearest:
[ 2563s] ../gdk-pixbuf/pixops/pixops.c:332:29: warning: cast increases required alignment of target type [-Wcast-align]
[ 2563s]   332 |        INNER_LOOP(4, 4, p32=(guint32*)dest;*p32=*((guint32*)p));
[ 2563s]       |                             ^
[ 2563s] ../gdk-pixbuf/pixops/pixops.c:281:11: note: in definition of macro INNER_LOOP
[ 2563s]   281 |           ASSIGN_PIXEL;                                         \
[ 2563s]       |           ^~~~~~~~~~~~
[ 2563s] ../gdk-pixbuf/pixops/pixops.c:332:51: warning: cast increases required alignment of target type [-Wcast-align]
[ 2563s]   332 |        INNER_LOOP(4, 4, p32=(guint32*)dest;*p32=*((guint32*)p));
[ 2563s]       |                                                   ^
[ 2563s] ../gdk-pixbuf/pixops/pixops.c:281:11: note: in definition of macro INNER_LOOP
[ 2563s]   281 |           ASSIGN_PIXEL;                                         \
[ 2563s]       |           ^~~~~~~~~~~~
[ 2563s] ../gdk-pixbuf/pixops/pixops.c:332:29: warning: cast increases required alignment of target type [-Wcast-align]
[ 2563s]   332 |        INNER_LOOP(4, 4, p32=(guint32*)dest;*p32=*((guint32*)p));
[ 2563s]       |                             ^
[ 2563s] ../gdk-pixbuf/pixops/pixops.c:288:11: note: in definition of macro INNER_LOOP
[ 2563s]   288 |           ASSIGN_PIXEL;                                         \
[ 2563s]       |           ^~~~~~~~~~~~
[ 2563s] ../gdk-pixbuf/pixops/pixops.c:332:51: warning: cast increases required alignment of target type [-Wcast-align]
[ 2563s]   332 |        INNER_LOOP(4, 4, p32=(guint32*)dest;*p32=*((guint32*)p));
[ 2563s]       |                                                   ^
[ 2563s] ../gdk-pixbuf/pixops/pixops.c:288:11: note: in definition of macro INNER_LOOP
[ 2563s]   288 |           ASSIGN_PIXEL;                                         \
[ 2563s]       |           ^~~~~~~~~~~~
[ 2563s] ../gdk-pixbuf/pixops/pixops.c:332:29: warning: cast increases required alignment of target type [-Wcast-align]
[ 2563s]   332 |        INNER_LOOP(4, 4, p32=(guint32*)dest;*p32=*((guint32*)p));
[ 2563s]       |                             ^
[ 2563s] ../gdk-pixbuf/pixops/pixops.c:296:11: note: in definition of macro INNER_LOOP
[ 2563s]   296 |           ASSIGN_PIXEL;                                         \
[ 2563s]       |           ^~~~~~~~~~~~
[ 2563s] ../gdk-pixbuf/pixops/pixops.c:332:51: warning: cast increases required alignment of target type [-Wcast-align]
[ 2563s]   332 |        INNER_LOOP(4, 4, p32=(guint32*)dest;*p32=*((guint32*)p));
[ 2563s]       |                                                   ^
[ 2563s] ../gdk-pixbuf/pixops/pixops.c:296:11: note: in definition of macro INNER_LOOP
[ 2563s]   296 |           ASSIGN_PIXEL;                                         \
[ 2563s]       |           ^~~~~~~~~~~~
[ 2563s] ../gdk-pixbuf/pixops/pixops.c: In function composite_line_22_4a4:
[ 2563s] ../gdk-pixbuf/pixops/pixops.c:796:23: warning: cast increases required alignment of target type [-Wcast-align]
[ 2563s]   796 |       pixel_weights = (int *)((char *)weights +
[ 2563s]       |                       ^
[ 2565s] [56/171] cc -Igdk-pixbuf/libpixbufloader-bmp.so.p -Igdk-pixbuf -I../gdk-pixbuf -I. -I.. -I/usr/include/libpng16 -I/usr/include/glib-2.0 -I/usr/lib64/glib-2.0/include -I/usr/include/libmount -I/usr/include/blkid -fdiagnostics-color=always -D_FILE_OFFSET_BITS=64 -Wall -Winvalid-pch -std=gnu99 -D_POSIX_C_SOURCE=200809L -D_DEFAULT_SOURCE -D_XOPEN_SOURCE=700 -DHAVE_CONFIG_H=1 -O2 -g -pipe -Wall -Werror=format-security -Wp,-D_FORTIFY_SOURCE=2 -Wp,-D_GLIBCXX_ASSERTIONS -fstack-protector-strong -grecord-gcc-switches -specs=/usr/lib/rpm/generic-hardened-cc1 -fasynchronous-unwind-tables -fstack-clash-protection -fPIC -pthread -Wpointer-arith -Wformat=2 -Wstrict-prototypes -Wnested-externs -Wold-style-definition -Wdeclaration-after-statement -Wunused -Wcast-align -Wmissing-noreturn -Wmissing-format-attribute -Wlogical-op -fno-strict-aliasing -Wno-int-conversion -Wno-uninitialized -Wno-discarded-qualifiers -Werror=implicit -Werror=nonnull -Werror=init-self -Werror=main -Werror=missing-braces -Werror=sequence-point -Werror=return-type -Werror=trigraphs -Werror=array-bounds -Werror=write-strings -Werror=address -Werror=int-to-pointer-cast -Werror=pointer-to-int-cast -Werror=empty-body -fvisibility=hidden -DG_LOG_STRUCTURED=1 '-DG_LOG_DOMAIN="GdkPixbuf"' -DGDK_PIXBUF_COMPILATION '-DGDK_PIXBUF_PREFIX="/usr"' '-DGDK_PIXBUF_LOCALEDIR="/usr/share/locale"' '-DGDK_PIXBUF_LIBDIR="/usr/lib64"' '-DGDK_PIXBUF_BINARY_VERSION="2.10.0"' -DGDK_PIXBUF_ENABLE_BACKEND '-DPIXBUF_LIBDIR="/usr/lib64/gdk-pixbuf-2.0/2.10.0/loaders"' '-DBUILT_MODULES_DIR="/home/abuild/rpmbuild/BUILD/gdk-pixbuf-2.42.6/riscv64-openEuler-linux-gnu/gdk-pixbuf"' -MD -MQ gdk-pixbuf/libpixbufloader-bmp.so.p/io-bmp.c.o -MF gdk-pixbuf/libpixbufloader-bmp.so.p/io-bmp.c.o.d -o gdk-pixbuf/libpixbufloader-bmp.so.p/io-bmp.c.o -c ../gdk-pixbuf/io-bmp.c
[ 2565s] [57/171] cc -Igdk-pixbuf/libpixbufloader-tga.so.p -Igdk-pixbuf -I../gdk-pixbuf -I. -I.. -I/usr/include/libpng16 -I/usr/include/glib-2.0 -I/usr/lib64/glib-2.0/include -I/usr/include/libmount -I/usr/include/blkid -fdiagnostics-color=always -D_FILE_OFFSET_BITS=64 -Wall -Winvalid-pch -std=gnu99 -D_POSIX_C_SOURCE=200809L -D_DEFAULT_SOURCE -D_XOPEN_SOURCE=700 -DHAVE_CONFIG_H=1 -O2 -g -pipe -Wall -Werror=format-security -Wp,-D_FORTIFY_SOURCE=2 -Wp,-D_GLIBCXX_ASSERTIONS -fstack-protector-strong -grecord-gcc-switches -specs=/usr/lib/rpm/generic-hardened-cc1 -fasynchronous-unwind-tables -fstack-clash-protection -fPIC -pthread -Wpointer-arith -Wformat=2 -Wstrict-prototypes -Wnested-externs -Wold-style-definition -Wdeclaration-after-statement -Wunused -Wcast-align -Wmissing-noreturn -Wmissing-format-attribute -Wlogical-op -fno-strict-aliasing -Wno-int-conversion -Wno-uninitialized -Wno-discarded-qualifiers -Werror=implicit -Werror=nonnull -Werror=init-self -Werror=main -Werror=missing-braces -Werror=sequence-point -Werror=return-type -Werror=trigraphs -Werror=array-bounds -Werror=write-strings -Werror=address -Werror=int-to-pointer-cast -Werror=pointer-to-int-cast -Werror=empty-body -fvisibility=hidden -DG_LOG_STRUCTURED=1 '-DG_LOG_DOMAIN="GdkPixbuf"' -DGDK_PIXBUF_COMPILATION '-DGDK_PIXBUF_PREFIX="/usr"' '-DGDK_PIXBUF_LOCALEDIR="/usr/share/locale"' '-DGDK_PIXBUF_LIBDIR="/usr/lib64"' '-DGDK_PIXBUF_BINARY_VERSION="2.10.0"' -DGDK_PIXBUF_ENABLE_BACKEND '-DPIXBUF_LIBDIR="/usr/lib64/gdk-pixbuf-2.0/2.10.0/loaders"' '-DBUILT_MODULES_DIR="/home/abuild/rpmbuild/BUILD/gdk-pixbuf-2.42.6/riscv64-openEuler-linux-gnu/gdk-pixbuf"' -MD -MQ gdk-pixbuf/libpixbufloader-tga.so.p/gdk-pixbuf-buffer-queue.c.o -MF gdk-pixbuf/libpixbufloader-tga.so.p/gdk-pixbuf-buffer-queue.c.o.d -o gdk-pixbuf/libpixbufloader-tga.so.p/gdk-pixbuf-buffer-queue.c.o -c ../gdk-pixbuf/gdk-pixbuf-buffer-queue.c
[ 2568s] [58/171] cc -Igdk-pixbuf/libpixbufloader-qtif.so.p -Igdk-pixbuf -I../gdk-pixbuf -I. -I.. -I/usr/include/libpng16 -I/usr/include/glib-2.0 -I/usr/lib64/glib-2.0/include -I/usr/include/libmount -I/usr/include/blkid -fdiagnostics-color=always -D_FILE_OFFSET_BITS=64 -Wall -Winvalid-pch -std=gnu99 -D_POSIX_C_SOURCE=200809L -D_DEFAULT_SOURCE -D_XOPEN_SOURCE=700 -DHAVE_CONFIG_H=1 -O2 -g -pipe -Wall -Werror=format-security -Wp,-D_FORTIFY_SOURCE=2 -Wp,-D_GLIBCXX_ASSERTIONS -fstack-protector-strong -grecord-gcc-switches -specs=/usr/lib/rpm/generic-hardened-cc1 -fasynchronous-unwind-tables -fstack-clash-protection -fPIC -pthread -Wpointer-arith -Wformat=2 -Wstrict-prototypes -Wnested-externs -Wold-style-definition -Wdeclaration-after-statement -Wunused -Wcast-align -Wmissing-noreturn -Wmissing-format-attribute -Wlogical-op -fno-strict-aliasing -Wno-int-conversion -Wno-uninitialized -Wno-discarded-qualifiers -Werror=implicit -Werror=nonnull -Werror=init-self -Werror=main -Werror=missing-braces -Werror=sequence-point -Werror=return-type -Werror=trigraphs -Werror=array-bounds -Werror=write-strings -Werror=address -Werror=int-to-pointer-cast -Werror=pointer-to-int-cast -Werror=empty-body -fvisibility=hidden -DG_LOG_STRUCTURED=1 '-DG_LOG_DOMAIN="GdkPixbuf"' -DGDK_PIXBUF_COMPILATION '-DGDK_PIXBUF_PREFIX="/usr"' '-DGDK_PIXBUF_LOCALEDIR="/usr/share/locale"' '-DGDK_PIXBUF_LIBDIR="/usr/lib64"' '-DGDK_PIXBUF_BINARY_VERSION="2.10.0"' -DGDK_PIXBUF_ENABLE_BACKEND '-DPIXBUF_LIBDIR="/usr/lib64/gdk-pixbuf-2.0/2.10.0/loaders"' '-DBUILT_MODULES_DIR="/home/abuild/rpmbuild/BUILD/gdk-pixbuf-2.42.6/riscv64-openEuler-linux-gnu/gdk-pixbuf"' -MD -MQ gdk-pixbuf/libpixbufloader-qtif.so.p/io-qtif.c.o -MF gdk-pixbuf/libpixbufloader-qtif.so.p/io-qtif.c.o.d -o gdk-pixbuf/libpixbufloader-qtif.so.p/io-qtif.c.o -c ../gdk-pixbuf/io-qtif.c
[ 2568s] ../gdk-pixbuf/io-qtif.c: In function gdk_pixbuf__qtif_image_load_increment:
[ 2568s] ../gdk-pixbuf/io-qtif.c:441:33: warning: cast increases required alignment of target type [-Wcast-align]
[ 2568s]   441 |                 QtHeader *hdr = (QtHeader *)context->header_buffer;
[ 2568s]       |                                 ^
[ 2568s] [59/171] cc -Igdk-pixbuf/libpixbufloader-icns.so.p -Igdk-pixbuf -I../gdk-pixbuf -I. -I.. -I/usr/include/libpng16 -I/usr/include/glib-2.0 -I/usr/lib64/glib-2.0/include -I/usr/include/libmount -I/usr/include/blkid -fdiagnostics-color=always -D_FILE_OFFSET_BITS=64 -Wall -Winvalid-pch -std=gnu99 -D_POSIX_C_SOURCE=200809L -D_DEFAULT_SOURCE -D_XOPEN_SOURCE=700 -DHAVE_CONFIG_H=1 -O2 -g -pipe -Wall -Werror=format-security -Wp,-D_FORTIFY_SOURCE=2 -Wp,-D_GLIBCXX_ASSERTIONS -fstack-protector-strong -grecord-gcc-switches -specs=/usr/lib/rpm/generic-hardened-cc1 -fasynchronous-unwind-tables -fstack-clash-protection -fPIC -pthread -Wpointer-arith -Wformat=2 -Wstrict-prototypes -Wnested-externs -Wold-style-definition -Wdeclaration-after-statement -Wunused -Wcast-align -Wmissing-noreturn -Wmissing-format-attribute -Wlogical-op -fno-strict-aliasing -Wno-int-conversion -Wno-uninitialized -Wno-discarded-qualifiers -Werror=implicit -Werror=nonnull -Werror=init-self -Werror=main -Werror=missing-braces -Werror=sequence-point -Werror=return-type -Werror=trigraphs -Werror=array-bounds -Werror=write-strings -Werror=address -Werror=int-to-pointer-cast -Werror=pointer-to-int-cast -Werror=empty-body -fvisibility=hidden -DG_LOG_STRUCTURED=1 '-DG_LOG_DOMAIN="GdkPixbuf"' -DGDK_PIXBUF_COMPILATION '-DGDK_PIXBUF_PREFIX="/usr"' '-DGDK_PIXBUF_LOCALEDIR="/usr/share/locale"' '-DGDK_PIXBUF_LIBDIR="/usr/lib64"' '-DGDK_PIXBUF_BINARY_VERSION="2.10.0"' -DGDK_PIXBUF_ENABLE_BACKEND '-DPIXBUF_LIBDIR="/usr/lib64/gdk-pixbuf-2.0/2.10.0/loaders"' '-DBUILT_MODULES_DIR="/home/abuild/rpmbuild/BUILD/gdk-pixbuf-2.42.6/riscv64-openEuler-linux-gnu/gdk-pixbuf"' -MD -MQ gdk-pixbuf/libpixbufloader-icns.so.p/io-icns.c.o -MF gdk-pixbuf/libpixbufloader-icns.so.p/io-icns.c.o.d -o gdk-pixbuf/libpixbufloader-icns.so.p/io-icns.c.o -c ../gdk-pixbuf/io-icns.c
[ 2568s] ../gdk-pixbuf/io-icns.c: In function load_resources:
[ 2568s] ../gdk-pixbuf/io-icns.c:98:16: warning: cast increases required alignment of target type [-Wcast-align]
[ 2568s]    98 |       header = (IcnsBlockHeader *) current;
[ 2568s]       |                ^
[ 2569s] [60/171] cc -Igdk-pixbuf/libpixbufloader-gif.so.p -Igdk-pixbuf -I../gdk-pixbuf -I. -I.. -I/usr/include/libpng16 -I/usr/include/glib-2.0 -I/usr/lib64/glib-2.0/include -I/usr/include/libmount -I/usr/include/blkid -fdiagnostics-color=always -D_FILE_OFFSET_BITS=64 -Wall -Winvalid-pch -std=gnu99 -D_POSIX_C_SOURCE=200809L -D_DEFAULT_SOURCE -D_XOPEN_SOURCE=700 -DHAVE_CONFIG_H=1 -O2 -g -pipe -Wall -Werror=format-security -Wp,-D_FORTIFY_SOURCE=2 -Wp,-D_GLIBCXX_ASSERTIONS -fstack-protector-strong -grecord-gcc-switches -specs=/usr/lib/rpm/generic-hardened-cc1 -fasynchronous-unwind-tables -fstack-clash-protection -fPIC -pthread -Wpointer-arith -Wformat=2 -Wstrict-prototypes -Wnested-externs -Wold-style-definition -Wdeclaration-after-statement -Wunused -Wcast-align -Wmissing-noreturn -Wmissing-format-attribute -Wlogical-op -fno-strict-aliasing -Wno-int-conversion -Wno-uninitialized -Wno-discarded-qualifiers -Werror=implicit -Werror=nonnull -Werror=init-self -Werror=main -Werror=missing-braces -Werror=sequence-point -Werror=return-type -Werror=trigraphs -Werror=array-bounds -Werror=write-strings -Werror=address -Werror=int-to-pointer-cast -Werror=pointer-to-int-cast -Werror=empty-body -fvisibility=hidden -DG_LOG_STRUCTURED=1 '-DG_LOG_DOMAIN="GdkPixbuf"' -DGDK_PIXBUF_COMPILATION '-DGDK_PIXBUF_PREFIX="/usr"' '-DGDK_PIXBUF_LOCALEDIR="/usr/share/locale"' '-DGDK_PIXBUF_LIBDIR="/usr/lib64"' '-DGDK_PIXBUF_BINARY_VERSION="2.10.0"' -DGDK_PIXBUF_ENABLE_BACKEND '-DPIXBUF_LIBDIR="/usr/lib64/gdk-pixbuf-2.0/2.10.0/loaders"' '-DBUILT_MODULES_DIR="/home/abuild/rpmbuild/BUILD/gdk-pixbuf-2.42.6/riscv64-openEuler-linux-gnu/gdk-pixbuf"' -MD -MQ gdk-pixbuf/libpixbufloader-gif.so.p/io-gif-animation.c.o -MF gdk-pixbuf/libpixbufloader-gif.so.p/io-gif-animation.c.o.d -o gdk-pixbuf/libpixbufloader-gif.so.p/io-gif-animation.c.o -c ../gdk-pixbuf/io-gif-animation.c
[ 2570s] [61/171] cc  -o gdk-pixbuf/libgdk_pixbuf-2.0.so.0.4200.6 gdk-pixbuf/libgdk_pixbuf-2.0.so.0.4200.6.p/meson-generated_.._gdk-pixbuf-enum-types.c.o gdk-pixbuf/libgdk_pixbuf-2.0.so.0.4200.6.p/meson-generated_.._gdk-pixbuf-marshal.c.o gdk-pixbuf/libgdk_pixbuf-2.0.so.0.4200.6.p/gdk-pixbuf.c.o gdk-pixbuf/libgdk_pixbuf-2.0.so.0.4200.6.p/gdk-pixbuf-animation.c.o gdk-pixbuf/libgdk_pixbuf-2.0.so.0.4200.6.p/gdk-pixbuf-data.c.o gdk-pixbuf/libgdk_pixbuf-2.0.so.0.4200.6.p/gdk-pixbuf-io.c.o gdk-pixbuf/libgdk_pixbuf-2.0.so.0.4200.6.p/gdk-pixbuf-loader.c.o gdk-pixbuf/libgdk_pixbuf-2.0.so.0.4200.6.p/gdk-pixbuf-scale.c.o gdk-pixbuf/libgdk_pixbuf-2.0.so.0.4200.6.p/gdk-pixbuf-simple-anim.c.o gdk-pixbuf/libgdk_pixbuf-2.0.so.0.4200.6.p/gdk-pixbuf-scaled-anim.c.o gdk-pixbuf/libgdk_pixbuf-2.0.so.0.4200.6.p/gdk-pixbuf-util.c.o gdk-pixbuf/libgdk_pixbuf-2.0.so.0.4200.6.p/pixops_pixops.c.o gdk-pixbuf/libgdk_pixbuf-2.0.so.0.4200.6.p/gdk-pixdata.c.o -Wl,--as-needed -Wl,--no-undefined -shared -fPIC -Wl,--start-group -Wl,-soname,libgdk_pixbuf-2.0.so.0 -Wl,-z,relro -Wl,-z,now -specs=/usr/lib/rpm/generic-hardened-ld -O2 -g -pipe -Wall -Werror=format-security -Wp,-D_FORTIFY_SOURCE=2 -Wp,-D_GLIBCXX_ASSERTIONS -fstack-protector-strong -grecord-gcc-switches -specs=/usr/lib/rpm/generic-hardened-cc1 -fasynchronous-unwind-tables -fstack-clash-protection gdk-pixbuf/libstaticpixbufloader-jpeg.a gdk-pixbuf/libstaticpixbufloader-png.a -Wl,-Bsymbolic -Wl,-z,relro -Wl,-z,now -lm /usr/lib64/libglib-2.0.so /usr/lib64/libgobject-2.0.so /usr/lib64/libgmodule-2.0.so -pthread /usr/lib64/libgio-2.0.so /usr/lib64/libpng16.so /usr/lib64/libz.so -ljpeg /usr/lib64/libtiff.so -ljpeg -Wl,--end-group
[ 2575s] [62/171] cc -Igdk-pixbuf/libpixbufloader-tga.so.p -Igdk-pixbuf -I../gdk-pixbuf -I. -I.. -I/usr/include/libpng16 -I/usr/include/glib-2.0 -I/usr/lib64/glib-2.0/include -I/usr/include/libmount -I/usr/include/blkid -fdiagnostics-color=always -D_FILE_OFFSET_BITS=64 -Wall -Winvalid-pch -std=gnu99 -D_POSIX_C_SOURCE=200809L -D_DEFAULT_SOURCE -D_XOPEN_SOURCE=700 -DHAVE_CONFIG_H=1 -O2 -g -pipe -Wall -Werror=format-security -Wp,-D_FORTIFY_SOURCE=2 -Wp,-D_GLIBCXX_ASSERTIONS -fstack-protector-strong -grecord-gcc-switches -specs=/usr/lib/rpm/generic-hardened-cc1 -fasynchronous-unwind-tables -fstack-clash-protection -fPIC -pthread -Wpointer-arith -Wformat=2 -Wstrict-prototypes -Wnested-externs -Wold-style-definition -Wdeclaration-after-statement -Wunused -Wcast-align -Wmissing-noreturn -Wmissing-format-attribute -Wlogical-op -fno-strict-aliasing -Wno-int-conversion -Wno-uninitialized -Wno-discarded-qualifiers -Werror=implicit -Werror=nonnull -Werror=init-self -Werror=main -Werror=missing-braces -Werror=sequence-point -Werror=return-type -Werror=trigraphs -Werror=array-bounds -Werror=write-strings -Werror=address -Werror=int-to-pointer-cast -Werror=pointer-to-int-cast -Werror=empty-body -fvisibility=hidden -DG_LOG_STRUCTURED=1 '-DG_LOG_DOMAIN="GdkPixbuf"' -DGDK_PIXBUF_COMPILATION '-DGDK_PIXBUF_PREFIX="/usr"' '-DGDK_PIXBUF_LOCALEDIR="/usr/share/locale"' '-DGDK_PIXBUF_LIBDIR="/usr/lib64"' '-DGDK_PIXBUF_BINARY_VERSION="2.10.0"' -DGDK_PIXBUF_ENABLE_BACKEND '-DPIXBUF_LIBDIR="/usr/lib64/gdk-pixbuf-2.0/2.10.0/loaders"' '-DBUILT_MODULES_DIR="/home/abuild/rpmbuild/BUILD/gdk-pixbuf-2.42.6/riscv64-openEuler-linux-gnu/gdk-pixbuf"' -MD -MQ gdk-pixbuf/libpixbufloader-tga.so.p/io-tga.c.o -MF gdk-pixbuf/libpixbufloader-tga.so.p/io-tga.c.o.d -o gdk-pixbuf/libpixbufloader-tga.so.p/io-tga.c.o -c ../gdk-pixbuf/io-tga.c
[ 2576s] [63/171] cc -Igdk-pixbuf/libpixbufloader-pnm.so.p -Igdk-pixbuf -I../gdk-pixbuf -I. -I.. -I/usr/include/libpng16 -I/usr/include/glib-2.0 -I/usr/lib64/glib-2.0/include -I/usr/include/libmount -I/usr/include/blkid -fdiagnostics-color=always -D_FILE_OFFSET_BITS=64 -Wall -Winvalid-pch -std=gnu99 -D_POSIX_C_SOURCE=200809L -D_DEFAULT_SOURCE -D_XOPEN_SOURCE=700 -DHAVE_CONFIG_H=1 -O2 -g -pipe -Wall -Werror=format-security -Wp,-D_FORTIFY_SOURCE=2 -Wp,-D_GLIBCXX_ASSERTIONS -fstack-protector-strong -grecord-gcc-switches -specs=/usr/lib/rpm/generic-hardened-cc1 -fasynchronous-unwind-tables -fstack-clash-protection -fPIC -pthread -Wpointer-arith -Wformat=2 -Wstrict-prototypes -Wnested-externs -Wold-style-definition -Wdeclaration-after-statement -Wunused -Wcast-align -Wmissing-noreturn -Wmissing-format-attribute -Wlogical-op -fno-strict-aliasing -Wno-int-conversion -Wno-uninitialized -Wno-discarded-qualifiers -Werror=implicit -Werror=nonnull -Werror=init-self -Werror=main -Werror=missing-braces -Werror=sequence-point -Werror=return-type -Werror=trigraphs -Werror=array-bounds -Werror=write-strings -Werror=address -Werror=int-to-pointer-cast -Werror=pointer-to-int-cast -Werror=empty-body -fvisibility=hidden -DG_LOG_STRUCTURED=1 '-DG_LOG_DOMAIN="GdkPixbuf"' -DGDK_PIXBUF_COMPILATION '-DGDK_PIXBUF_PREFIX="/usr"' '-DGDK_PIXBUF_LOCALEDIR="/usr/share/locale"' '-DGDK_PIXBUF_LIBDIR="/usr/lib64"' '-DGDK_PIXBUF_BINARY_VERSION="2.10.0"' -DGDK_PIXBUF_ENABLE_BACKEND '-DPIXBUF_LIBDIR="/usr/lib64/gdk-pixbuf-2.0/2.10.0/loaders"' '-DBUILT_MODULES_DIR="/home/abuild/rpmbuild/BUILD/gdk-pixbuf-2.42.6/riscv64-openEuler-linux-gnu/gdk-pixbuf"' -MD -MQ gdk-pixbuf/libpixbufloader-pnm.so.p/io-pnm.c.o -MF gdk-pixbuf/libpixbufloader-pnm.so.p/io-pnm.c.o.d -o gdk-pixbuf/libpixbufloader-pnm.so.p/io-pnm.c.o -c ../gdk-pixbuf/io-pnm.c
[ 2577s] [64/171] /usr/bin/g-ir-scanner --no-libtool --namespace=GdkPixbuf --nsversion=2.0 --warn-all --output gdk-pixbuf/GdkPixbuf-2.0.gir --c-include=gdk-pixbuf/gdk-pixbuf.h --quiet -DGDK_PIXBUF_COMPILATION -DGDK_PIXBUF_ENABLE_BACKEND -I/home/abuild/rpmbuild/BUILD/gdk-pixbuf-2.42.6/gdk-pixbuf -I/home/abuild/rpmbuild/BUILD/gdk-pixbuf-2.42.6/riscv64-openEuler-linux-gnu/gdk-pixbuf -I/home/abuild/rpmbuild/BUILD/gdk-pixbuf-2.42.6/riscv64-openEuler-linux-gnu/. -I/home/abuild/rpmbuild/BUILD/gdk-pixbuf-2.42.6/. -I/home/abuild/rpmbuild/BUILD/gdk-pixbuf-2.42.6/riscv64-openEuler-linux-gnu/gdk-pixbuf/pixops -I/home/abuild/rpmbuild/BUILD/gdk-pixbuf-2.42.6/gdk-pixbuf/pixops --filelist=/home/abuild/rpmbuild/BUILD/gdk-pixbuf-2.42.6/riscv64-openEuler-linux-gnu/gdk-pixbuf/libgdk_pixbuf-2.0.so.0.4200.6.p/GdkPixbuf_2.0_gir_filelist --include=GModule-2.0 --include=Gio-2.0 --symbol-prefix=gdk --identifier-prefix=Gdk --pkg-export=gdk-pixbuf-2.0 --cflags-begin -D_POSIX_C_SOURCE=200809L -D_DEFAULT_SOURCE -D_XOPEN_SOURCE=700 -DHAVE_CONFIG_H=1 -I/home/abuild/rpmbuild/BUILD/gdk-pixbuf-2.42.6/riscv64-openEuler-linux-gnu/. -I/home/abuild/rpmbuild/BUILD/gdk-pixbuf-2.42.6/. -I/home/abuild/rpmbuild/BUILD/gdk-pixbuf-2.42.6/riscv64-openEuler-linux-gnu/gdk-pixbuf/pixops -I/home/abuild/rpmbuild/BUILD/gdk-pixbuf-2.42.6/gdk-pixbuf/pixops -I/usr/include/glib-2.0 -I/usr/lib64/glib-2.0/include -I/usr/include/libmount -I/usr/include/blkid -I/usr/include/gobject-introspection-1.0 --cflags-end --add-include-path=/usr/share/gir-1.0 -L/home/abuild/rpmbuild/BUILD/gdk-pixbuf-2.42.6/riscv64-openEuler-linux-gnu/gdk-pixbuf --library gdk_pixbuf-2.0 -lm -lglib-2.0 -lgobject-2.0 -lgmodule-2.0 -lgio-2.0 -lgirepository-1.0
[ 2577s] FAILED: gdk-pixbuf/GdkPixbuf-2.0.gir 
[ 2577s] /usr/bin/g-ir-scanner --no-libtool --namespace=GdkPixbuf --nsversion=2.0 --warn-all --output gdk-pixbuf/GdkPixbuf-2.0.gir --c-include=gdk-pixbuf/gdk-pixbuf.h --quiet -DGDK_PIXBUF_COMPILATION -DGDK_PIXBUF_ENABLE_BACKEND -I/home/abuild/rpmbuild/BUILD/gdk-pixbuf-2.42.6/gdk-pixbuf -I/home/abuild/rpmbuild/BUILD/gdk-pixbuf-2.42.6/riscv64-openEuler-linux-gnu/gdk-pixbuf -I/home/abuild/rpmbuild/BUILD/gdk-pixbuf-2.42.6/riscv64-openEuler-linux-gnu/. -I/home/abuild/rpmbuild/BUILD/gdk-pixbuf-2.42.6/. -I/home/abuild/rpmbuild/BUILD/gdk-pixbuf-2.42.6/riscv64-openEuler-linux-gnu/gdk-pixbuf/pixops -I/home/abuild/rpmbuild/BUILD/gdk-pixbuf-2.42.6/gdk-pixbuf/pixops --filelist=/home/abuild/rpmbuild/BUILD/gdk-pixbuf-2.42.6/riscv64-openEuler-linux-gnu/gdk-pixbuf/libgdk_pixbuf-2.0.so.0.4200.6.p/GdkPixbuf_2.0_gir_filelist --include=GModule-2.0 --include=Gio-2.0 --symbol-prefix=gdk --identifier-prefix=Gdk --pkg-export=gdk-pixbuf-2.0 --cflags-begin -D_POSIX_C_SOURCE=200809L -D_DEFAULT_SOURCE -D_XOPEN_SOURCE=700 -DHAVE_CONFIG_H=1 -I/home/abuild/rpmbuild/BUILD/gdk-pixbuf-2.42.6/riscv64-openEuler-linux-gnu/. -I/home/abuild/rpmbuild/BUILD/gdk-pixbuf-2.42.6/. -I/home/abuild/rpmbuild/BUILD/gdk-pixbuf-2.42.6/riscv64-openEuler-linux-gnu/gdk-pixbuf/pixops -I/home/abuild/rpmbuild/BUILD/gdk-pixbuf-2.42.6/gdk-pixbuf/pixops -I/usr/include/glib-2.0 -I/usr/lib64/glib-2.0/include -I/usr/include/libmount -I/usr/include/blkid -I/usr/include/gobject-introspection-1.0 --cflags-end --add-include-path=/usr/share/gir-1.0 -L/home/abuild/rpmbuild/BUILD/gdk-pixbuf-2.42.6/riscv64-openEuler-linux-gnu/gdk-pixbuf --library gdk_pixbuf-2.0 -lm -lglib-2.0 -lgobject-2.0 -lgmodule-2.0 -lgio-2.0 -lgirepository-1.0
[ 2577s] Traceback (most recent call last):
[ 2577s]   File "/usr/bin/g-ir-scanner", line 98, in <module>
[ 2577s]     from giscanner.scannermain import scanner_main
[ 2577s]   File "/usr/lib64/gobject-introspection/giscanner/scannermain.py", line 35, in <module>
[ 2577s]     from giscanner.ast import Include, Namespace
[ 2577s]   File "/usr/lib64/gobject-introspection/giscanner/ast.py", line 29, in <module>
[ 2577s]     from .sourcescanner import CTYPE_TYPEDEF, CSYMBOL_TYPE_TYPEDEF
[ 2577s]   File "/usr/lib64/gobject-introspection/giscanner/sourcescanner.py", line 35, in <module>
[ 2577s]     from giscanner._giscanner import SourceScanner as CSourceScanner
[ 2577s] ModuleNotFoundError: No module named 'giscanner._giscanner'
[ 2584s] [65/171] cc -Igdk-pixbuf/libpixbufloader-xbm.so.p -Igdk-pixbuf -I../gdk-pixbuf -I. -I.. -I/usr/include/libpng16 -I/usr/include/glib-2.0 -I/usr/lib64/glib-2.0/include -I/usr/include/libmount -I/usr/include/blkid -fdiagnostics-color=always -D_FILE_OFFSET_BITS=64 -Wall -Winvalid-pch -std=gnu99 -D_POSIX_C_SOURCE=200809L -D_DEFAULT_SOURCE -D_XOPEN_SOURCE=700 -DHAVE_CONFIG_H=1 -O2 -g -pipe -Wall -Werror=format-security -Wp,-D_FORTIFY_SOURCE=2 -Wp,-D_GLIBCXX_ASSERTIONS -fstack-protector-strong -grecord-gcc-switches -specs=/usr/lib/rpm/generic-hardened-cc1 -fasynchronous-unwind-tables -fstack-clash-protection -fPIC -pthread -Wpointer-arith -Wformat=2 -Wstrict-prototypes -Wnested-externs -Wold-style-definition -Wdeclaration-after-statement -Wunused -Wcast-align -Wmissing-noreturn -Wmissing-format-attribute -Wlogical-op -fno-strict-aliasing -Wno-int-conversion -Wno-uninitialized -Wno-discarded-qualifiers -Werror=implicit -Werror=nonnull -Werror=init-self -Werror=main -Werror=missing-braces -Werror=sequence-point -Werror=return-type -Werror=trigraphs -Werror=array-bounds -Werror=write-strings -Werror=address -Werror=int-to-pointer-cast -Werror=pointer-to-int-cast -Werror=empty-body -fvisibility=hidden -DG_LOG_STRUCTURED=1 '-DG_LOG_DOMAIN="GdkPixbuf"' -DGDK_PIXBUF_COMPILATION '-DGDK_PIXBUF_PREFIX="/usr"' '-DGDK_PIXBUF_LOCALEDIR="/usr/share/locale"' '-DGDK_PIXBUF_LIBDIR="/usr/lib64"' '-DGDK_PIXBUF_BINARY_VERSION="2.10.0"' -DGDK_PIXBUF_ENABLE_BACKEND '-DPIXBUF_LIBDIR="/usr/lib64/gdk-pixbuf-2.0/2.10.0/loaders"' '-DBUILT_MODULES_DIR="/home/abuild/rpmbuild/BUILD/gdk-pixbuf-2.42.6/riscv64-openEuler-linux-gnu/gdk-pixbuf"' -MD -MQ gdk-pixbuf/libpixbufloader-xbm.so.p/io-xbm.c.o -MF gdk-pixbuf/libpixbufloader-xbm.so.p/io-xbm.c.o.d -o gdk-pixbuf/libpixbufloader-xbm.so.p/io-xbm.c.o -c ../gdk-pixbuf/io-xbm.c
[ 2584s] [66/171] cc -Igdk-pixbuf/gdk-pixbuf-pixdata.p -Igdk-pixbuf -I../gdk-pixbuf -I. -I.. -I/usr/include/glib-2.0 -I/usr/lib64/glib-2.0/include -I/usr/include/libmount -I/usr/include/blkid -fdiagnostics-color=always -D_FILE_OFFSET_BITS=64 -Wall -Winvalid-pch -std=gnu99 -D_POSIX_C_SOURCE=200809L -D_DEFAULT_SOURCE -D_XOPEN_SOURCE=700 -DHAVE_CONFIG_H=1 -O2 -g -pipe -Wall -Werror=format-security -Wp,-D_FORTIFY_SOURCE=2 -Wp,-D_GLIBCXX_ASSERTIONS -fstack-protector-strong -grecord-gcc-switches -specs=/usr/lib/rpm/generic-hardened-cc1 -fasynchronous-unwind-tables -fstack-clash-protection -pthread -Wpointer-arith -Wformat=2 -Wstrict-prototypes -Wnested-externs -Wold-style-definition -Wdeclaration-after-statement -Wunused -Wcast-align -Wmissing-noreturn -Wmissing-format-attribute -Wlogical-op -fno-strict-aliasing -Wno-int-conversion -Wno-uninitialized -Wno-discarded-qualifiers -Werror=implicit -Werror=nonnull -Werror=init-self -Werror=main -Werror=missing-braces -Werror=sequence-point -Werror=return-type -Werror=trigraphs -Werror=array-bounds -Werror=write-strings -Werror=address -Werror=int-to-pointer-cast -Werror=pointer-to-int-cast -Werror=empty-body -fvisibility=hidden -DG_LOG_STRUCTURED=1 '-DG_LOG_DOMAIN="GdkPixbuf"' -DGDK_PIXBUF_COMPILATION '-DGDK_PIXBUF_PREFIX="/usr"' '-DGDK_PIXBUF_LOCALEDIR="/usr/share/locale"' '-DGDK_PIXBUF_LIBDIR="/usr/lib64"' '-DGDK_PIXBUF_BINARY_VERSION="2.10.0"' -DGDK_PIXBUF_ENABLE_BACKEND '-DPIXBUF_LIBDIR="/usr/lib64/gdk-pixbuf-2.0/2.10.0/loaders"' '-DBUILT_MODULES_DIR="/home/abuild/rpmbuild/BUILD/gdk-pixbuf-2.42.6/riscv64-openEuler-linux-gnu/gdk-pixbuf"' -MD -MQ gdk-pixbuf/gdk-pixbuf-pixdata.p/gdk-pixbuf-pixdata.c.o -MF gdk-pixbuf/gdk-pixbuf-pixdata.p/gdk-pixbuf-pixdata.c.o.d -o gdk-pixbuf/gdk-pixbuf-pixdata.p/gdk-pixbuf-pixdata.c.o -c ../gdk-pixbuf/gdk-pixbuf-pixdata.c
[ 2585s] [67/171] cc -Igdk-pixbuf/gdk-pixbuf-csource.p -Igdk-pixbuf -I../gdk-pixbuf -I. -I.. -I/usr/include/glib-2.0 -I/usr/lib64/glib-2.0/include -I/usr/include/libmount -I/usr/include/blkid -fdiagnostics-color=always -D_FILE_OFFSET_BITS=64 -Wall -Winvalid-pch -std=gnu99 -D_POSIX_C_SOURCE=200809L -D_DEFAULT_SOURCE -D_XOPEN_SOURCE=700 -DHAVE_CONFIG_H=1 -O2 -g -pipe -Wall -Werror=format-security -Wp,-D_FORTIFY_SOURCE=2 -Wp,-D_GLIBCXX_ASSERTIONS -fstack-protector-strong -grecord-gcc-switches -specs=/usr/lib/rpm/generic-hardened-cc1 -fasynchronous-unwind-tables -fstack-clash-protection -pthread -Wpointer-arith -Wformat=2 -Wstrict-prototypes -Wnested-externs -Wold-style-definition -Wdeclaration-after-statement -Wunused -Wcast-align -Wmissing-noreturn -Wmissing-format-attribute -Wlogical-op -fno-strict-aliasing -Wno-int-conversion -Wno-uninitialized -Wno-discarded-qualifiers -Werror=implicit -Werror=nonnull -Werror=init-self -Werror=main -Werror=missing-braces -Werror=sequence-point -Werror=return-type -Werror=trigraphs -Werror=array-bounds -Werror=write-strings -Werror=address -Werror=int-to-pointer-cast -Werror=pointer-to-int-cast -Werror=empty-body -fvisibility=hidden -DG_LOG_STRUCTURED=1 '-DG_LOG_DOMAIN="GdkPixbuf"' -DGDK_PIXBUF_COMPILATION '-DGDK_PIXBUF_PREFIX="/usr"' '-DGDK_PIXBUF_LOCALEDIR="/usr/share/locale"' '-DGDK_PIXBUF_LIBDIR="/usr/lib64"' '-DGDK_PIXBUF_BINARY_VERSION="2.10.0"' -DGDK_PIXBUF_ENABLE_BACKEND '-DPIXBUF_LIBDIR="/usr/lib64/gdk-pixbuf-2.0/2.10.0/loaders"' '-DBUILT_MODULES_DIR="/home/abuild/rpmbuild/BUILD/gdk-pixbuf-2.42.6/riscv64-openEuler-linux-gnu/gdk-pixbuf"' -MD -MQ gdk-pixbuf/gdk-pixbuf-csource.p/gdk-pixbuf-csource.c.o -MF gdk-pixbuf/gdk-pixbuf-csource.p/gdk-pixbuf-csource.c.o.d -o gdk-pixbuf/gdk-pixbuf-csource.p/gdk-pixbuf-csource.c.o -c ../gdk-pixbuf/gdk-pixbuf-csource.c
[ 2589s] [68/171] cc -Igdk-pixbuf/libpixbufloader-tiff.so.p -Igdk-pixbuf -I../gdk-pixbuf -I. -I.. -I/usr/include/libpng16 -I/usr/include/glib-2.0 -I/usr/lib64/glib-2.0/include -I/usr/include/libmount -I/usr/include/blkid -fdiagnostics-color=always -D_FILE_OFFSET_BITS=64 -Wall -Winvalid-pch -std=gnu99 -D_POSIX_C_SOURCE=200809L -D_DEFAULT_SOURCE -D_XOPEN_SOURCE=700 -DHAVE_CONFIG_H=1 -O2 -g -pipe -Wall -Werror=format-security -Wp,-D_FORTIFY_SOURCE=2 -Wp,-D_GLIBCXX_ASSERTIONS -fstack-protector-strong -grecord-gcc-switches -specs=/usr/lib/rpm/generic-hardened-cc1 -fasynchronous-unwind-tables -fstack-clash-protection -fPIC -pthread -Wpointer-arith -Wformat=2 -Wstrict-prototypes -Wnested-externs -Wold-style-definition -Wdeclaration-after-statement -Wunused -Wcast-align -Wmissing-noreturn -Wmissing-format-attribute -Wlogical-op -fno-strict-aliasing -Wno-int-conversion -Wno-uninitialized -Wno-discarded-qualifiers -Werror=implicit -Werror=nonnull -Werror=init-self -Werror=main -Werror=missing-braces -Werror=sequence-point -Werror=return-type -Werror=trigraphs -Werror=array-bounds -Werror=write-strings -Werror=address -Werror=int-to-pointer-cast -Werror=pointer-to-int-cast -Werror=empty-body -fvisibility=hidden -DG_LOG_STRUCTURED=1 '-DG_LOG_DOMAIN="GdkPixbuf"' -DGDK_PIXBUF_COMPILATION '-DGDK_PIXBUF_PREFIX="/usr"' '-DGDK_PIXBUF_LOCALEDIR="/usr/share/locale"' '-DGDK_PIXBUF_LIBDIR="/usr/lib64"' '-DGDK_PIXBUF_BINARY_VERSION="2.10.0"' -DGDK_PIXBUF_ENABLE_BACKEND '-DPIXBUF_LIBDIR="/usr/lib64/gdk-pixbuf-2.0/2.10.0/loaders"' '-DBUILT_MODULES_DIR="/home/abuild/rpmbuild/BUILD/gdk-pixbuf-2.42.6/riscv64-openEuler-linux-gnu/gdk-pixbuf"' -MD -MQ gdk-pixbuf/libpixbufloader-tiff.so.p/io-tiff.c.o -MF gdk-pixbuf/libpixbufloader-tiff.so.p/io-tiff.c.o.d -o gdk-pixbuf/libpixbufloader-tiff.so.p/io-tiff.c.o -c ../gdk-pixbuf/io-tiff.c
[ 2589s] ../gdk-pixbuf/io-tiff.c: In function tiff_image_parse:
[ 2589s] ../gdk-pixbuf/io-tiff.c:282:55: warning: cast increases required alignment of target type [-Wcast-align]
[ 2589s]   282 |  if (!TIFFReadRGBAImageOriented (tiff, width, height, (uint32 *)pixels, ORIENTATION_TOPLEFT, 1)) {
[ 2589s]       |                                                       ^
[ 2589s] [69/171] cc -Igdk-pixbuf/libpixbufloader-xpm.so.p -Igdk-pixbuf -I../gdk-pixbuf -I. -I.. -I/usr/include/libpng16 -I/usr/include/glib-2.0 -I/usr/lib64/glib-2.0/include -I/usr/include/libmount -I/usr/include/blkid -fdiagnostics-color=always -D_FILE_OFFSET_BITS=64 -Wall -Winvalid-pch -std=gnu99 -D_POSIX_C_SOURCE=200809L -D_DEFAULT_SOURCE -D_XOPEN_SOURCE=700 -DHAVE_CONFIG_H=1 -O2 -g -pipe -Wall -Werror=format-security -Wp,-D_FORTIFY_SOURCE=2 -Wp,-D_GLIBCXX_ASSERTIONS -fstack-protector-strong -grecord-gcc-switches -specs=/usr/lib/rpm/generic-hardened-cc1 -fasynchronous-unwind-tables -fstack-clash-protection -fPIC -pthread -Wpointer-arith -Wformat=2 -Wstrict-prototypes -Wnested-externs -Wold-style-definition -Wdeclaration-after-statement -Wunused -Wcast-align -Wmissing-noreturn -Wmissing-format-attribute -Wlogical-op -fno-strict-aliasing -Wno-int-conversion -Wno-uninitialized -Wno-discarded-qualifiers -Werror=implicit -Werror=nonnull -Werror=init-self -Werror=main -Werror=missing-braces -Werror=sequence-point -Werror=return-type -Werror=trigraphs -Werror=array-bounds -Werror=write-strings -Werror=address -Werror=int-to-pointer-cast -Werror=pointer-to-int-cast -Werror=empty-body -fvisibility=hidden -DG_LOG_STRUCTURED=1 '-DG_LOG_DOMAIN="GdkPixbuf"' -DGDK_PIXBUF_COMPILATION '-DGDK_PIXBUF_PREFIX="/usr"' '-DGDK_PIXBUF_LOCALEDIR="/usr/share/locale"' '-DGDK_PIXBUF_LIBDIR="/usr/lib64"' '-DGDK_PIXBUF_BINARY_VERSION="2.10.0"' -DGDK_PIXBUF_ENABLE_BACKEND '-DPIXBUF_LIBDIR="/usr/lib64/gdk-pixbuf-2.0/2.10.0/loaders"' '-DBUILT_MODULES_DIR="/home/abuild/rpmbuild/BUILD/gdk-pixbuf-2.42.6/riscv64-openEuler-linux-gnu/gdk-pixbuf"' -MD -MQ gdk-pixbuf/libpixbufloader-xpm.so.p/io-xpm.c.o -MF gdk-pixbuf/libpixbufloader-xpm.so.p/io-xpm.c.o.d -o gdk-pixbuf/libpixbufloader-xpm.so.p/io-xpm.c.o -c ../gdk-pixbuf/io-xpm.c
[ 2590s] [70/171] cc -Itests/pixbuf-threads.p -Itests -I../tests -I. -I.. -Igdk-pixbuf -I../gdk-pixbuf -I/usr/include/glib-2.0 -I/usr/lib64/glib-2.0/include -I/usr/include/libmount -I/usr/include/blkid -fdiagnostics-color=always -D_FILE_OFFSET_BITS=64 -Wall -Winvalid-pch -std=gnu99 -D_POSIX_C_SOURCE=200809L -D_DEFAULT_SOURCE -D_XOPEN_SOURCE=700 -DHAVE_CONFIG_H=1 -O2 -g -pipe -Wall -Werror=format-security -Wp,-D_FORTIFY_SOURCE=2 -Wp,-D_GLIBCXX_ASSERTIONS -fstack-protector-strong -grecord-gcc-switches -specs=/usr/lib/rpm/generic-hardened-cc1 -fasynchronous-unwind-tables -fstack-clash-protection -pthread -Wpointer-arith -Wformat=2 -Wstrict-prototypes -Wnested-externs -Wold-style-definition -Wdeclaration-after-statement -Wunused -Wcast-align -Wmissing-noreturn -Wmissing-format-attribute -Wlogical-op -fno-strict-aliasing -Wno-int-conversion -Wno-uninitialized -Wno-discarded-qualifiers -Werror=implicit -Werror=nonnull -Werror=init-self -Werror=main -Werror=missing-braces -Werror=sequence-point -Werror=return-type -Werror=trigraphs -Werror=array-bounds -Werror=write-strings -Werror=address -Werror=int-to-pointer-cast -Werror=pointer-to-int-cast -Werror=empty-body -fvisibility=hidden -MD -MQ tests/pixbuf-threads.p/pixbuf-threads.c.o -MF tests/pixbuf-threads.p/pixbuf-threads.c.o.d -o tests/pixbuf-threads.p/pixbuf-threads.c.o -c ../tests/pixbuf-threads.c
[ 2590s] [71/171] /usr/bin/meson --internal symbolextractor /home/abuild/rpmbuild/BUILD/gdk-pixbuf-2.42.6/riscv64-openEuler-linux-gnu gdk-pixbuf/libgdk_pixbuf-2.0.so.0.4200.6 gdk-pixbuf/libgdk_pixbuf-2.0.so.0.4200.6 gdk-pixbuf/libgdk_pixbuf-2.0.so.0.4200.6.p/libgdk_pixbuf-2.0.so.0.4200.6.symbols 
[ 2590s] ninja: build stopped: subcommand failed.
[ 2592s] error: Bad exit status from /var/tmp/rpm-tmp.kmzPMp (%build)
[ 2592s] 
[ 2592s] 
[ 2592s] RPM build errors:
[ 2592s]     bogus date in %changelog: Thu Jul 20 2021 liuyumeng <liuyumeng5@huawei.com> - 2.40.0-2
[ 2592s]     Bad exit status from /var/tmp/rpm-tmp.kmzPMp (%build)
[ 2592s] 
[ 2592s] oe-RISCV-worker23 failed "build gdk-pixbuf2.spec" at Fri Apr 22 09:31:06 UTC 2022.
[ 2592s] 
