[    1s] Memory limit set to 10955196KB
[    1s] Using BUILD_ROOT=/var/cache/obs/worker/root_2
[    1s] Using BUILD_ARCH=riscv64
[    1s] 
[    5s] 
[    5s] oe-RISCV-worker20 started "build _service:extract_file:grilo.spec" at Fri Apr 15 11:47:17 UTC 2022.
[    5s] 
[    5s] Building grilo for project 'openEuler:Mainline:RISC-V' repository 'advanced_riscv64' arch 'riscv64' srcmd5 '375d37354041486882e2fcc54fd03154'
[    5s] 
[    5s] processing recipe /var/cache/obs/worker/root_2/.build-srcdir/_service:extract_file:grilo.spec ...
[   10s] running changelog2spec --target rpm --file /var/cache/obs/worker/root_2/.build-srcdir/_service:extract_file:grilo.spec
[   11s] init_buildsystem --configdir /var/run/obs/worker/2/build/configs --cachedir /var/cache/build --clean --rpmlist /var/cache/obs/worker/root_2/.build.rpmlist /var/cache/obs/worker/root_2/.build-srcdir/_service:extract_file:grilo.spec build ...
[  127s] cycle: bash -> coreutils
[  127s]   breaking dependency coreutils -> bash
[  127s] cycle: bash -> coreutils -> info
[  127s]   breaking dependency coreutils -> info
[  127s] cycle: glibc -> filesystem -> bash -> coreutils
[  127s]   breaking dependency filesystem -> bash
[  127s] cycle: glibc -> filesystem -> coreutils
[  127s]   breaking dependency coreutils -> glibc
[  127s] cycle: glibc -> filesystem -> coreutils -> libacl
[  127s]   breaking dependency coreutils -> libacl
[  127s] cycle: glibc -> filesystem -> coreutils -> attr
[  127s]   breaking dependency coreutils -> attr
[  127s] cycle: coreutils -> libcap -> bash
[  127s]   breaking dependency coreutils -> libcap
[  127s] cycle: glibc -> filesystem -> coreutils -> openssl-libs
[  127s]   breaking dependency coreutils -> openssl-libs
[  127s] cycle: glibc -> filesystem -> coreutils -> libselinux
[  127s]   breaking dependency libselinux -> glibc
[  127s] cycle: glibc -> filesystem -> coreutils -> libselinux -> pcre2
[  127s]   breaking dependency pcre2 -> glibc
[  127s] cycle: glibc -> filesystem -> coreutils -> libselinux -> pcre2 -> readline
[  127s]   breaking dependency readline -> glibc
[  127s] cycle: glibc -> filesystem -> coreutils -> libselinux -> pcre2 -> readline -> ncurses-libs
[  127s]   breaking dependency coreutils -> libselinux
[  127s] cycle: glibc -> filesystem -> coreutils -> ncurses
[  127s]   breaking dependency ncurses -> glibc
[  127s] cycle: glibc -> filesystem -> coreutils -> ncurses -> ncurses-libs
[  127s]   breaking dependency ncurses -> ncurses-libs
[  127s] cycle: filesystem -> coreutils -> ncurses -> libgcc
[  127s]   breaking dependency ncurses -> libgcc
[  127s] cycle: perl-Carp -> perl-libs
[  127s]   breaking dependency perl-libs -> perl-Carp
[  127s] cycle: perl-libs -> perl-Exporter
[  127s]   breaking dependency perl-libs -> perl-Exporter
[  127s] cycle: perl-Carp -> perl-Exporter
[  127s]   breaking dependency perl-Exporter -> perl-Carp
[  127s] cycle: nss-util -> nss
[  127s]   breaking dependency nss -> nss-util
[  127s] cycle: nss-softokn -> nss-util -> nss
[  127s]   breaking dependency nss -> nss-softokn
[  127s] cycle: systemd -> cryptsetup -> device-mapper
[  127s]   breaking dependency systemd -> cryptsetup
[  127s] cycle: audit -> systemd -> pam
[  127s]   breaking dependency systemd -> pam
[  127s] [1/84] preinstalling dbus...
[  129s] [2/84] preinstalling libffi-devel...
[  130s] [3/84] preinstalling nodejs-source-map...
[  132s] [4/84] preinstalling python3-pip...
[  137s] [5/84] preinstalling python3-setuptools_scm...
[  138s] [6/84] preinstalling ncurses...
[  146s] [7/84] preinstalling coreutils...
[  153s] [8/84] preinstalling filesystem...
[  157s] [9/84] preinstalling glibc...
[  163s] [10/84] preinstalling libgcc...
[  165s] [11/84] preinstalling diffutils...
[  167s] [12/84] preinstalling libcap-ng...
[  168s] [13/84] preinstalling libgpg-error...
[  169s] [14/84] preinstalling libpcap...
[  171s] [15/84] preinstalling libsmartcols...
[  172s] [16/84] preinstalling libuuid...
[  173s] [17/84] preinstalling libxcrypt...
[  174s] [18/84] preinstalling lz4...
[  176s] [19/84] preinstalling m4...
[  177s] [20/84] preinstalling ncurses-libs...
[  180s] [21/84] preinstalling nspr...
[  181s] [22/84] preinstalling xz-libs...
[  182s] [23/84] preinstalling zlib...
[  183s] [24/84] preinstalling attr...
[  185s] [25/84] preinstalling libdb...
[  190s] [26/84] preinstalling zstd...
[  192s] [27/84] preinstalling audit-libs...
[  193s] [28/84] preinstalling file...
[  194s] [29/84] preinstalling iptables-libs...
[  195s] [30/84] preinstalling libacl...
[  196s] [31/84] preinstalling libgcrypt...
[  197s] [32/84] preinstalling openssl-libs...
[  199s] [33/84] preinstalling readline...
[  201s] [34/84] preinstalling bash...
[  203s] [35/84] preinstalling cmake...
[  216s] [36/84] preinstalling perl-libs...
[  220s] [37/84] preinstalling dnf...
[  220s] [38/84] preinstalling pcre2...
[  222s] [39/84] preinstalling perl-Exporter...
[  223s] [40/84] preinstalling bzip2...
[  224s] [41/84] preinstalling elfutils...
[  225s] [42/84] preinstalling hostname...
[  226s] [43/84] preinstalling libcap...
[  228s] [44/84] preinstalling pcre...
[  230s] [45/84] preinstalling popt...
[  231s] [46/84] preinstalling acl...
[  231s] [47/84] preinstalling libblkid...
[  232s] [48/84] preinstalling openssl...
[  234s] [49/84] preinstalling sqlite...
[  235s] [50/84] preinstalling tar...
[  237s] [51/84] preinstalling info...
[  238s] [52/84] preinstalling libgcrypt-devel...
[  239s] [53/84] preinstalling lua...
[  240s] [54/84] preinstalling libselinux...
[  241s] [55/84] preinstalling perl-Carp...
[  242s] [56/84] preinstalling copy-jdk-configs...
[  243s] [57/84] preinstalling libfdisk...
[  244s] [58/84] preinstalling perl-Digest-MD5...
[  244s] [59/84] preinstalling grep...
[  246s] [60/84] preinstalling rpm-libs...
[  247s] [61/84] preinstalling chkconfig...
[  249s] [62/84] preinstalling sed...
[  249s] [63/84] preinstalling libmount...
[  250s] [64/84] preinstalling libsemanage...
[  251s] [65/84] preinstalling perl-constant...
[  252s] [66/84] preinstalling findutils...
[  253s] [67/84] preinstalling xz...
[  254s] [68/84] preinstalling perl-Getopt-Long...
[  255s] [69/84] preinstalling glib2...
[  259s] [70/84] preinstalling nss...
[  261s] [71/84] preinstalling perl-Data-Dumper...
[  262s] [72/84] preinstalling systemd-libs...
[  263s] [73/84] preinstalling systemd...
[  268s] [74/84] preinstalling dbus-libs...
[  269s] [75/84] preinstalling nss-util...
[  270s] [76/84] preinstalling audit...
[  271s] [77/84] preinstalling nss-softokn...
[  273s] [78/84] preinstalling pam...
[  274s] [79/84] preinstalling rpm...
[  275s] [80/84] preinstalling openEuler-rpm-config...
[  277s] [81/84] preinstalling util-linux...
[  281s] [82/84] preinstalling device-mapper...
[  282s] [83/84] preinstalling cryptsetup...
[  284s] [84/84] preinstalling lvm2...
[  286s] 
[  289s] initializing rpm db...
[  303s] reordering...cycle: adobe-mappings-cmap -> adobe-mappings-cmap-lang
[  303s]   breaking dependency adobe-mappings-cmap-lang -> adobe-mappings-cmap
[  303s] cycle: bash -> coreutils
[  303s]   breaking dependency coreutils -> bash
[  303s] cycle: bash -> coreutils -> info
[  303s]   breaking dependency coreutils -> info
[  303s] cycle: glibc -> basesystem -> filesystem -> bash -> coreutils -> gmp
[  303s]   breaking dependency filesystem -> bash
[  303s] cycle: glibc -> basesystem -> filesystem -> coreutils -> gmp
[  303s]   breaking dependency coreutils -> gmp
[  303s] cycle: glibc -> basesystem -> filesystem -> coreutils
[  303s]   breaking dependency coreutils -> glibc
[  303s] cycle: glibc -> basesystem -> filesystem -> coreutils -> libacl
[  303s]   breaking dependency coreutils -> libacl
[  303s] cycle: glibc -> basesystem -> filesystem -> coreutils -> attr
[  303s]   breaking dependency coreutils -> attr
[  303s] cycle: coreutils -> libcap -> bash
[  303s]   breaking dependency coreutils -> libcap
[  303s] cycle: glibc -> basesystem -> filesystem -> coreutils -> openssl-libs
[  303s]   breaking dependency openssl-libs -> glibc
[  303s] cycle: coreutils -> openssl-libs -> ca-certificates -> bash
[  303s]   breaking dependency ca-certificates -> bash
[  303s] cycle: coreutils -> openssl-libs -> ca-certificates
[  303s]   breaking dependency ca-certificates -> coreutils
[  303s] cycle: coreutils -> openssl-libs -> ca-certificates -> grep -> bash
[  303s]   breaking dependency grep -> bash
[  303s] cycle: coreutils -> openssl-libs -> ca-certificates -> grep
[  303s]   breaking dependency ca-certificates -> grep
[  303s] cycle: glibc -> basesystem -> filesystem -> coreutils -> openssl-libs -> ca-certificates -> p11-kit
[  303s]   breaking dependency p11-kit -> glibc
[  303s] cycle: glibc -> basesystem -> filesystem -> coreutils -> openssl-libs -> ca-certificates -> p11-kit -> libffi
[  303s]   breaking dependency openssl-libs -> ca-certificates
[  303s] cycle: coreutils -> openssl-libs -> crypto-policies -> bash
[  303s]   breaking dependency crypto-policies -> bash
[  303s] cycle: coreutils -> openssl-libs -> crypto-policies
[  303s]   breaking dependency crypto-policies -> coreutils
[  303s] cycle: coreutils -> openssl-libs -> crypto-policies -> grep
[  303s]   breaking dependency grep -> coreutils
[  303s] cycle: glibc -> basesystem -> filesystem -> coreutils -> openssl-libs -> crypto-policies -> grep
[  303s]   breaking dependency glibc -> basesystem
[  303s] cycle: glibc -> glibc-common -> bash -> coreutils -> openssl-libs -> crypto-policies -> grep
[  303s]   breaking dependency glibc-common -> bash
[  303s] cycle: glibc -> glibc-common -> coreutils -> openssl-libs -> crypto-policies -> grep
[  303s]   breaking dependency glibc-common -> coreutils
[  303s] cycle: glibc -> glibc-common
[  303s]   breaking dependency glibc-common -> glibc
[  303s] cycle: glibc -> glibc-common -> libselinux
[  303s]   breaking dependency libselinux -> glibc
[  303s] cycle: glibc -> glibc-common -> libselinux -> pcre2
[  303s]   breaking dependency pcre2 -> glibc
[  303s] cycle: glibc -> glibc-common -> libselinux -> pcre2 -> readline
[  303s]   breaking dependency readline -> glibc
[  303s] cycle: glibc -> glibc-common -> libselinux -> pcre2 -> readline -> ncurses-libs
[  303s]   breaking dependency libselinux -> pcre2
[  303s] cycle: glibc -> glibc-common -> libselinux -> libsepol -> bash -> coreutils -> openssl-libs -> crypto-policies -> grep
[  303s]   breaking dependency bash -> coreutils
[  303s] cycle: glibc -> glibc-common -> libselinux -> libsepol -> bash -> filesystem -> coreutils -> openssl-libs -> crypto-policies -> grep
[  303s]   breaking dependency libsepol -> bash
[  303s] cycle: glibc -> glibc-common -> libselinux -> libsepol -> coreutils -> openssl-libs -> crypto-policies -> grep
[  303s]   breaking dependency coreutils -> openssl-libs
[  303s] cycle: libselinux -> libsepol -> coreutils
[  303s]   breaking dependency libsepol -> coreutils
[  303s] cycle: glibc -> glibc-common -> libselinux -> libsepol
[  303s]   breaking dependency glibc -> glibc-common
[  303s] cycle: glibc -> filesystem -> coreutils -> libselinux -> libsepol
[  303s]   breaking dependency filesystem -> coreutils
[  303s] cycle: filesystem -> setup
[  303s]   breaking dependency filesystem -> setup
[  303s] cycle: systemd -> cryptsetup -> device-mapper
[  303s]   breaking dependency systemd -> cryptsetup
[  303s] cycle: perl-libs -> perl-Carp
[  303s]   breaking dependency perl-libs -> perl-Carp
[  303s] cycle: perl-libs -> perl-Exporter
[  303s]   breaking dependency perl-libs -> perl-Exporter
[  303s] cycle: perl-Carp -> perl-Exporter
[  303s]   breaking dependency perl-Exporter -> perl-Carp
[  303s] cycle: perl -> perl-PathTools
[  303s]   breaking dependency perl -> perl-PathTools
[  303s] cycle: perl -> perl-ExtUtils-MakeMaker
[  303s]   breaking dependency perl -> perl-ExtUtils-MakeMaker
[  303s] cycle: perl -> perl-File-Path -> perl-PathTools
[  303s]   breaking dependency perl -> perl-File-Path
[  303s] cycle: perl -> perl-Getopt-Long -> perl-Pod-Usage
[  303s]   breaking dependency perl -> perl-Getopt-Long
[  303s] cycle: perl -> perl-Locale-Maketext
[  303s]   breaking dependency perl -> perl-Locale-Maketext
[  303s] cycle: perl -> perl-Pod-Simple
[  303s]   breaking dependency perl -> perl-Pod-Simple
[  303s] cycle: perl -> perl-Socket
[  303s]   breaking dependency perl -> perl-Socket
[  303s] cycle: perl -> perl-Storable
[  303s]   breaking dependency perl -> perl-Storable
[  303s] cycle: perl -> perl-Text-Tabs+Wrap
[  303s]   breaking dependency perl -> perl-Text-Tabs+Wrap
[  303s] cycle: perl -> perl-Time-Local -> perl-constant
[  303s]   breaking dependency perl -> perl-Time-Local
[  303s] cycle: perl -> perl-constant
[  303s]   breaking dependency perl -> perl-constant
[  303s] cycle: perl -> perl-threads
[  303s]   breaking dependency perl -> perl-threads
[  303s] cycle: perl -> perl-threads-shared
[  303s]   breaking dependency perl -> perl-threads-shared
[  303s] cycle: perl -> perl-Archive-Tar
[  303s]   breaking dependency perl -> perl-Archive-Tar
[  303s] cycle: perl -> perl-B-Debug
[  303s]   breaking dependency perl -> perl-B-Debug
[  303s] cycle: perl -> perl-CPAN-Meta -> perl-CPAN-Meta-Requirements
[  303s]   breaking dependency perl -> perl-CPAN-Meta
[  303s] cycle: perl -> perl-CPAN-Meta-Requirements
[  303s]   breaking dependency perl -> perl-CPAN-Meta-Requirements
[  303s] cycle: perl -> perl-CPAN-Meta-YAML
[  303s]   breaking dependency perl -> perl-CPAN-Meta-YAML
[  303s] cycle: perl -> perl-Compress-Raw-Bzip2
[  303s]   breaking dependency perl -> perl-Compress-Raw-Bzip2
[  303s] cycle: perl -> perl-Compress-Raw-Zlib
[  303s]   breaking dependency perl -> perl-Compress-Raw-Zlib
[  303s] cycle: perl -> perl-Config-Perl-V
[  303s]   breaking dependency perl -> perl-Config-Perl-V
[  303s] cycle: perl -> perl-DB_File
[  303s]   breaking dependency perl -> perl-DB_File
[  303s] cycle: perl -> perl-Data-Dumper
[  303s]   breaking dependency perl -> perl-Data-Dumper
[  303s] cycle: perl -> perl-Devel-PPPort
[  303s]   breaking dependency perl -> perl-Devel-PPPort
[  303s] cycle: perl -> perl-Digest -> perl-MIME-Base64
[  303s]   breaking dependency perl -> perl-Digest
[  303s] cycle: perl -> perl-Digest-MD5 -> perl-Digest -> perl-MIME-Base64
[  303s]   breaking dependency perl -> perl-Digest-MD5
[  303s] cycle: perl -> perl-Digest-SHA
[  303s]   breaking dependency perl -> perl-Digest-SHA
[  303s] cycle: perl -> perl-Encode
[  303s]   breaking dependency perl -> perl-Encode
[  303s] cycle: perl -> perl-Env
[  303s]   breaking dependency perl -> perl-Env
[  303s] cycle: perl -> perl-ExtUtils-Command
[  303s]   breaking dependency perl -> perl-ExtUtils-Command
[  303s] cycle: perl -> perl-ExtUtils-Install
[  303s]   breaking dependency perl -> perl-ExtUtils-Install
[  303s] cycle: perl -> perl-ExtUtils-Manifest
[  303s]   breaking dependency perl -> perl-ExtUtils-Manifest
[  303s] cycle: perl -> perl-ExtUtils-ParseXS
[  303s]   breaking dependency perl -> perl-ExtUtils-ParseXS
[  303s] cycle: perl -> perl-File-Fetch -> perl-PathTools
[  303s]   breaking dependency perl -> perl-File-Fetch
[  303s] cycle: perl -> perl-File-Temp -> perl-PathTools
[  303s]   breaking dependency perl -> perl-File-Temp
[  303s] cycle: perl -> perl-Filter
[  303s]   breaking dependency perl -> perl-Filter
[  303s] cycle: perl -> perl-Filter-Simple -> perl-Filter
[  303s]   breaking dependency perl -> perl-Filter-Simple
[  303s] cycle: perl -> perl-HTTP-Tiny
[  303s]   breaking dependency perl -> perl-HTTP-Tiny
[  303s] cycle: perl -> perl-IO-Compress
[  303s]   breaking dependency perl -> perl-IO-Compress
[  303s] cycle: perl -> perl-IO-Socket-IP
[  303s]   breaking dependency perl -> perl-IO-Socket-IP
[  303s] cycle: perl -> perl-IPC-Cmd -> perl-ExtUtils-MakeMaker
[  303s]   breaking dependency perl -> perl-IPC-Cmd
[  303s] cycle: perl -> perl-IPC-SysV
[  303s]   breaking dependency perl -> perl-IPC-SysV
[  303s] cycle: perl -> perl-JSON-PP
[  303s]   breaking dependency perl -> perl-JSON-PP
[  303s] cycle: perl -> perl-Locale-Codes -> perl-constant
[  303s]   breaking dependency perl -> perl-Locale-Codes
[  303s] cycle: perl -> perl-MIME-Base64
[  303s]   breaking dependency perl -> perl-MIME-Base64
[  303s] cycle: perl -> perl-Math-BigInt
[  303s]   breaking dependency perl -> perl-Math-BigInt
[  303s] cycle: perl -> perl-Math-BigInt-FastCalc -> perl-Math-BigInt
[  303s]   breaking dependency perl -> perl-Math-BigInt-FastCalc
[  303s] cycle: perl -> perl-Math-BigRat -> perl-Math-BigInt
[  303s]   breaking dependency perl -> perl-Math-BigRat
[  303s] cycle: perl -> perl-Module-CoreList
[  303s]   breaking dependency perl -> perl-Module-CoreList
[  303s] cycle: perl -> perl-Module-Load -> perl-PathTools
[  303s]   breaking dependency perl -> perl-Module-Load
[  303s] cycle: perl -> perl-Module-Load-Conditional
[  303s]   breaking dependency perl -> perl-Module-Load-Conditional
[  303s] cycle: perl -> perl-Module-Metadata
[  303s]   breaking dependency perl -> perl-Module-Metadata
[  303s] cycle: perl -> perl-Params-Check
[  303s]   breaking dependency perl -> perl-Params-Check
[  303s] cycle: perl -> perl-PerlIO-via-QuotedPrint -> perl-MIME-Base64
[  303s]   breaking dependency perl -> perl-PerlIO-via-QuotedPrint
[  303s] cycle: perl -> perl-Pod-Checker
[  303s]   breaking dependency perl -> perl-Pod-Checker
[  303s] cycle: perl -> perl-Pod-Escapes
[  303s]   breaking dependency perl -> perl-Pod-Escapes
[  303s] cycle: perl -> perl-Pod-Parser
[  303s]   breaking dependency perl -> perl-Pod-Parser
[  303s] cycle: perl -> perl-Pod-Perldoc
[  303s]   breaking dependency perl -> perl-Pod-Perldoc
[  303s] cycle: perl -> perl-Pod-Usage
[  303s]   breaking dependency perl -> perl-Pod-Usage
[  303s] cycle: perl -> perl-Sys-Syslog
[  303s]   breaking dependency perl -> perl-Sys-Syslog
[  303s] cycle: perl -> perl-Term-Cap
[  303s]   breaking dependency perl -> perl-Term-Cap
[  303s] cycle: perl -> perl-Test-Harness
[  303s]   breaking dependency perl -> perl-Test-Harness
[  303s] cycle: perl -> perl-Test-Simple
[  303s]   breaking dependency perl -> perl-Test-Simple
[  303s] cycle: perl -> perl-Text-Balanced
[  303s]   breaking dependency perl -> perl-Text-Balanced
[  303s] cycle: perl -> perl-Thread-Queue -> perl-threads-shared
[  303s]   breaking dependency perl -> perl-Thread-Queue
[  303s] cycle: perl -> perl-Unicode-Collate -> perl-PathTools
[  303s]   breaking dependency perl -> perl-Unicode-Collate
[  303s] cycle: perl -> perl-autodie
[  303s]   breaking dependency perl -> perl-autodie
[  303s] cycle: perl -> perl-bignum -> perl-Math-BigInt
[  303s]   breaking dependency perl -> perl-bignum
[  303s] cycle: perl -> perl-devel
[  303s]   breaking dependency perl -> perl-devel
[  303s] cycle: perl -> perl-Encode-devel
[  303s]   breaking dependency perl -> perl-Encode-devel
[  303s] cycle: perl -> perl-experimental
[  303s]   breaking dependency perl -> perl-experimental
[  303s] cycle: perl -> perl-libnet -> perl-Digest-MD5 -> perl-Digest -> perl-MIME-Base64
[  303s]   breaking dependency perl -> perl-libnet
[  303s] cycle: perl -> perl-podlators
[  303s]   breaking dependency perl -> perl-podlators
[  303s] cycle: perl -> perl-version
[  303s]   breaking dependency perl -> perl-version
[  303s] cycle: glib2 -> gamin
[  303s]   breaking dependency glib2 -> gamin
[  303s] cycle: systemd -> gnutls -> unbound-libs -> shadow -> pam -> audit
[  303s]   breaking dependency systemd -> gnutls
[  303s] cycle: systemd -> pam -> audit
[  303s]   breaking dependency systemd -> pam
[  303s] cycle: systemd -> shadow -> pam -> audit
[  303s]   breaking dependency systemd -> shadow
[  303s] cycle: pam -> libpwquality
[  303s]   breaking dependency pam -> libpwquality
[  303s] cycle: perl-Getopt-Long -> perl-Pod-Usage
[  303s]   breaking dependency perl-Pod-Usage -> perl-Getopt-Long
[  303s] cycle: perl-Getopt-Long -> perl-Pod-Usage -> perl-podlators -> perl-Encode
[  303s]   breaking dependency perl-podlators -> perl-Encode
[  303s] cycle: perl-Getopt-Long -> perl-Pod-Usage -> perl-podlators
[  303s]   breaking dependency perl-podlators -> perl-Getopt-Long
[  303s] cycle: perl-Getopt-Long -> perl-Pod-Usage -> perl-podlators -> perl-Pod-Simple -> perl-Encode
[  303s]   breaking dependency perl-Encode -> perl-Getopt-Long
[  303s] cycle: perl-Getopt-Long -> perl-Pod-Usage -> perl-podlators -> perl-Pod-Simple
[  303s]   breaking dependency perl-podlators -> perl-Pod-Simple
[  303s] cycle: perl-Pod-Usage -> perl-podlators
[  303s]   breaking dependency perl-podlators -> perl-Pod-Usage
[  303s] cycle: groff -> perl-Getopt-Long -> perl-Pod-Usage -> perl-Pod-Perldoc
[  303s]   breaking dependency groff -> perl-Getopt-Long
[  303s] cycle: fontconfig -> urw-base35-bookman-fonts
[  303s]   breaking dependency fontconfig -> urw-base35-bookman-fonts
[  303s] cycle: fontconfig -> urw-base35-nimbus-roman-fonts
[  303s]   breaking dependency fontconfig -> urw-base35-nimbus-roman-fonts
[  303s] cycle: fontconfig -> urw-base35-gothic-fonts
[  303s]   breaking dependency fontconfig -> urw-base35-gothic-fonts
[  303s] cycle: fontconfig -> urw-base35-nimbus-mono-ps-fonts
[  303s]   breaking dependency fontconfig -> urw-base35-nimbus-mono-ps-fonts
[  303s] cycle: fontconfig -> urw-base35-z003-fonts
[  303s]   breaking dependency fontconfig -> urw-base35-z003-fonts
[  303s] cycle: fontconfig -> urw-base35-p052-fonts
[  303s]   breaking dependency fontconfig -> urw-base35-p052-fonts
[  303s] cycle: fontconfig -> urw-base35-d050000l-fonts
[  303s]   breaking dependency fontconfig -> urw-base35-d050000l-fonts
[  303s] cycle: fontconfig -> urw-base35-c059-fonts
[  303s]   breaking dependency fontconfig -> urw-base35-c059-fonts
[  303s] cycle: fontconfig -> urw-base35-nimbus-sans-fonts
[  303s]   breaking dependency fontconfig -> urw-base35-nimbus-sans-fonts
[  303s] cycle: libglvnd-egl -> mesa-libEGL
[  303s]   breaking dependency mesa-libEGL -> libglvnd-egl
[  303s] cycle: libglvnd-glx -> mesa-libGL
[  303s]   breaking dependency mesa-libGL -> libglvnd-glx
[  303s] cycle: libxcrypt-devel -> glibc-devel
[  303s]   breaking dependency glibc-devel -> libxcrypt-devel
[  303s] cycle: cmake-data -> cmake
[  303s]   breaking dependency cmake -> cmake-data
[  303s] cycle: nss -> nss-util
[  303s]   breaking dependency nss -> nss-util
[  303s] cycle: nss -> nss-softokn -> nss-util
[  303s]   breaking dependency nss -> nss-softokn
[  303s] cycle: perl-Getopt-Long -> perl-Pod-Usage -> perl-Pod-Perldoc -> perl-Pod-Simple
[  303s]   breaking dependency perl-Pod-Perldoc -> perl-Pod-Simple
[  303s] cycle: openssh -> openssh-server
[  303s]   breaking dependency openssh-server -> openssh
[  303s] cycle: git -> perl-Git
[  303s]   breaking dependency git -> perl-Git
[  303s] cycle: perl-ExtUtils-Install -> perl-ExtUtils-MakeMaker
[  303s]   breaking dependency perl-ExtUtils-MakeMaker -> perl-ExtUtils-Install
[  304s] done
[  304s] querying package ids...
[  351s] [1/555] installing adobe-mappings-pdf-20190401-2.oe1
[  357s] [2/555] installing cmake-filesystem-3.22.0-1.oe1
[  358s] [3/555] installing fonts-filesystem-2.0.2-2.oe1
[  363s] [4/555] installing fuse-common-3.9.2-5.oe1
[  364s] [5/555] installing hwdata-0.316-3.oe1
[  369s] [6/555] installing kernel-headers-5.10-3.oe1
[  384s] [7/555] installing libreport-filesystem-2.13.1-5.oe1
[  385s] [8/555] installing ncurses-base-6.1-14.oe1
[  388s] [9/555] installing openEuler-gpg-keys-1.0-2.5.oe1
[  390s] [10/555] installing python-setuptools-59.4.0-3.oe1
[  391s] [11/555] installing qt5-srpm-macros-5.15.2-1.oe1
[  392s] [12/555] installing tzdata-2021a-2.oe1
[  403s] [13/555] installing xkeyboard-config-2.30-1.oe1
[  410s] [14/555] installing dnf-data-4.10.0-1.oe1
[  414s] [15/555] installing google-droid-sans-fonts-20120715-15.oe1
[  417s] [16/555] installing openEuler-repos-1.0-2.5.oe1
[  421s] [17/555] installing openEuler-release-20.03LTS-40.oe1
[  425s] [18/555] installing adobe-mappings-cmap-lang-20190730-3.oe1
[  433s] [19/555] installing filesystem-3.9-3.oe1
[  449s] warning: group mail does not exist - using root
[  450s] [20/555] installing adobe-mappings-cmap-20190730-3.oe1
[  456s] [21/555] installing emacs-filesystem-1:27.1-5.oe1
[  457s] [22/555] installing libgcc-10.3.1-20220105.6.oe1
[  460s] [23/555] installing vim-filesystem-2:8.2-4.oe1
[  468s] [24/555] installing setup-2.13.3-4.oe1
[  470s] [25/555] installing urw-base35-fonts-common-20170801-11
[  472s] [26/555] installing glibc-2.34-64.oe1
[  479s] [27/555] installing brotli-1.0.9-2.oe1
[  484s] [28/555] installing chrpath-0.16-12.oe1
[  487s] [29/555] installing cpio-2.13-4.oe1
[  488s] [30/555] installing diffutils-3.7-4.oe1
[  497s] [31/555] installing expat-2.2.10-1.oe1
[  499s] [32/555] installing fribidi-1.0.10-1.oe1
[  500s] [33/555] installing gpm-libs-1.20.7-21.oe1
[  501s] [34/555] installing jbig2dec-0.19-2.oe1
[  502s] [35/555] installing jbigkit-libs-2.1-17.oe1
[  508s] [36/555] installing json-c-0.15-1.oe1
[  512s] [37/555] installing keyutils-libs-1.6.3-3.oe1
[  516s] [38/555] installing lcms2-2.11-2.oe1
[  518s] [39/555] installing libICE-1.0.10-2.oe1
[  519s] [40/555] installing libXau-1.0.9-2.oe1
[  520s] [41/555] installing libaio-0.3.112-1.oe1
[  521s] [42/555] installing libargon2-20190702-1.oe1
[  523s] [43/555] installing libatomic-10.3.1-20220105.6.oe1
[  524s] [44/555] installing libcap-ng-0.7.11-1.oe1
[  525s] [45/555] installing libdatrie-0.2.12-1.oe1
[  526s] [46/555] installing libdrm-2.4.109-1.oe1
[  527s] [47/555] installing libepoxy-1.5.3-2
[  529s] [48/555] installing libev-4.24-11.oe1
[  530s] [49/555] installing libffi-3.3-31.oe1
[  532s] [50/555] installing libglvnd-1:1.3.4-2.oe1
[  533s] [51/555] installing libgomp-10.3.1-20220105.6.oe1
[  534s] [52/555] installing libgpg-error-1.41-1.oe1
[  536s] [53/555] installing libijs-0.35-9.oe1
[  537s] [54/555] installing libjpeg-turbo-2.0.6-1.oe1
[  538s] [55/555] installing libnghttp2-1.42.0-1.oe1
[  539s] [56/555] installing libpcap-14:1.9.1-7.oe1
[  540s] [57/555] installing libpipeline-1.5.3-1.oe1
[  542s] [58/555] installing libsigsegv-2.11-10.oe1
[  543s] [59/555] installing libsmartcols-2.36.1-3.oe1
[  544s] [60/555] installing libtasn1-4.16.0-2.oe1
[  545s] [61/555] installing libtool-ltdl-2.4.6-34.oe1
[  546s] [62/555] installing libunistring-0.9.10-8.oe1
[  548s] [63/555] installing libuuid-2.36.1-3.oe1
[  549s] [64/555] installing libuv-1:1.40.0-1.oe1
[  551s] [65/555] installing libwayland-egl-1.18.0-1.fc33
[  552s] [66/555] installing libwebp-1.1.0-3.oe1
[  555s] [67/555] installing libxcrypt-4.4.8-4.oe1
[  557s] [68/555] installing libxshmfence-1.3-6.oe1
[  559s] [69/555] installing libyaml-0.2.5-1.oe1
[  560s] [70/555] installing lz4-1.9.3-1.oe1
[  562s] [71/555] installing m4-1.4.18-14.oe1
[  564s] [72/555] installing mcpp-2.7.2-25.oe1
[  567s] [73/555] installing nspr-4.32.0-1.oe1
[  568s] [74/555] installing openjpeg2-2.3.1-6.oe1
[  570s] [75/555] installing pixman-0.38.0-1.oe1
[  572s] [76/555] installing pkgconf-1.7.3-1.oe1
[  573s] [77/555] installing rhash-1.3.5-5.oe1
[  575s] [78/555] installing which-2.21-14.oe1
[  577s] [79/555] installing xz-libs-5.2.5-1.oe1
[  579s] [80/555] installing zlib-1.2.11-18.oe1
[  581s] [81/555] installing attr-2.4.48-12.oe1
[  582s] [82/555] installing basesystem-12-2.oe1
[  584s] [83/555] installing libidn-1.36-1.oe1
[  586s] [84/555] installing libstdc++-10.3.1-20220105.6.oe1
[  588s] [85/555] installing ncurses-libs-6.1-14.oe1
[  590s] [86/555] installing libsepol-3.1-4.oe1
[  591s] [87/555] installing libglvnd-core-devel-1:1.3.4-2.oe1
[  592s] [88/555] installing libstdc++-devel-10.3.1-20220105.6.oe1
[  600s] [89/555] installing wayland-protocols-devel-1.20-1.oe1
[  602s] [90/555] installing xorg-x11-proto-devel-2019.1-1.oe1
[  606s] [91/555] installing audit-libs-1:3.0-2.oe1
[  608s] [92/555] installing brotli-devel-1.0.9-2.oe1
[  609s] [93/555] installing elfutils-libelf-0.185-3.oe1
[  610s] [94/555] installing file-libs-5.39-6.oe1
[  613s] [95/555] installing fribidi-devel-1.0.10-1.oe1
[  614s] [96/555] installing gmp-1:6.2.1-3.oe1
[  615s] [97/555] installing iptables-libs-1.8.1-4.oe1
[  616s] [98/555] installing less-563-2.oe1
[  617s] [99/555] installing libacl-2.2.53-7.oe1
[  620s] [100/555] installing libassuan-2.5.4-1.oe1
[  622s] [101/555] installing libedit-3.1-27.oe1
[  624s] [102/555] installing libffi-devel-3.3-31.oe1
[  626s] [103/555] installing libfontenc-1.1.4-2.oe1
[  627s] [104/555] installing libgcrypt-1.8.7-1.oe1
[  628s] [105/555] installing libglvnd-opengl-1:1.3.4-2.oe1
[  629s] [106/555] installing libpng-2:1.6.37-1.oe1
[  630s] [107/555] installing libsepol-devel-3.1-4.oe1
[  634s] [108/555] installing libthai-0.1.28-4.oe1
[  636s] [109/555] installing libwayland-client-1.18.0-1.fc33
[  637s] [110/555] installing libwayland-server-1.18.0-1.fc33
[  638s] [111/555] installing libxcb-1.14-1.oe1
[  639s] [112/555] installing pixman-devel-0.38.0-1.oe1
[  640s] [113/555] installing readline-8.0-2.oe1
[  641s] [114/555] installing zlib-devel-1.2.11-18.oe1
[  642s] [115/555] installing fuse-2.9.9-6.oe1
[  645s] [116/555] installing gc-8.0.4-2.oe1
[  646s] [117/555] installing libSM-1.2.3-2.oe1
[  647s] [118/555] installing libdatrie-devel-0.2.12-1.oe1
[  648s] [119/555] installing libdb-5.3.28-35.oe1
[  652s] [120/555] installing libicu-62.1-5.oe1
[  666s] [121/555] installing libselinux-3.1-3.oe1
[  667s] [122/555] installing libxml2-2.9.12-5.oe1
[  669s] [123/555] installing bash-5.1-1.oe1
[  672s] [124/555] installing perl-libs-4:5.28.0-435.oe1
[  677s] [125/555] installing zstd-1.4.8-2.oe1
[  679s] [126/555] installing mozjs52-52.9.0-1.0.riscv64
[  690s] [127/555] installing ncurses-6.1-14.oe1
[  703s] [128/555] installing ninja-build-1.8.2-9.oe1
[  705s] [129/555] installing thin-provisioning-tools-0.8.5-1.oe1
[  706s] [130/555] installing libtiff-4.2.0-1.oe1
[  708s] [131/555] installing perl-parent-1:0.237-4.oe1
[  709s] [132/555] installing perl-perlfaq-5.20180915-5.oe1
[  710s] [133/555] installing libX11-1.6.9-2.oe1
[  713s] [134/555] installing libtiff-devel-4.2.0-1.oe1
[  716s] [135/555] installing mesa-libglapi-21.3.1-1.oe1
[  717s] [136/555] installing mpfr-4.1.0-1.oe1
[  720s] [137/555] installing nettle-3.6-6.oe1
[  723s] [138/555] installing pcre2-10.36-1.oe1
[  725s] [139/555] installing perl-Exporter-5.74-1.oe1
[  726s] [140/555] installing file-5.39-6.oe1
[  727s] [141/555] installing gdbm-1:1.18.1-1.oe1
[  731s] [142/555] installing libXau-devel-1.0.9-2.oe1
[  732s] [143/555] installing libthai-devel-0.1.28-4.oe1
[  734s] [144/555] installing libwayland-cursor-1.18.0-1.fc33
[  735s] [145/555] installing libxkbcommon-1.0.3-1.oe1
[  736s] [146/555] installing patch-2.7.6-12.oe1
[  737s] [147/555] installing qrencode-4.1.1-1
[  739s] [148/555] installing sed-4.8-2.oe1
[  740s] [149/555] installing acl-2.2.53-7.oe1
[  741s] [150/555] installing libcomps-0.1.15-1.oe1
[  743s] [151/555] installing pcre-8.44-1.oe1
[  744s] [152/555] installing glibc-common-2.34-64.oe1
[  756s] [153/555] installing mesa-libgbm-21.3.1-1.oe1
[  758s] [154/555] installing coreutils-8.31-4.oe1
[  770s] [155/555] installing adwaita-icon-theme-3.38.0-1.oe1
[  815s] [156/555] installing crontabs-1.11-21.oe1
[  816s] [157/555] installing elfutils-default-yama-scope-0.185-3.oe1
[  818s] /usr/lib/systemd/systemd-sysctl: error while loading shared libraries: libkmod.so.2: cannot open shared object file: No such file or directory
[  818s] [158/555] installing hicolor-icon-theme-0.17-4.oe1
[  821s] [159/555] installing libXcomposite-0.4.5-1.oe1
[  823s] [160/555] installing libXext-1.3.4-2.oe1
[  825s] [161/555] installing libXfixes-5.0.3-11.oe1
[  828s] [162/555] installing libXpm-3.5.12-11.oe1
[  829s] [163/555] installing libXrender-0.9.10-10.oe1
[  831s] [164/555] installing perl-Carp-1.50-418.oe1
[  832s] [165/555] installing perl-Perl-OSType-1.010-421.oe1
[  835s] [166/555] installing perl-Term-ANSIColor-4.06-511.oe1
[  836s] [167/555] installing publicsuffix-list-20200718-1.oe1
[  838s] [168/555] installing uname-build-checks-1.0-0.4.oe1
[  840s] [169/555] installing bzip2-1.0.8-3.oe1
[  842s] [170/555] installing gzip-1.10-1.oe1
[  845s] [171/555] installing hostname-3.21-2.oe1
[  847s] [172/555] installing libcap-2.32-2.oe1
[  848s] [173/555] installing libmpc-1.2.0-2.oe1
[  850s] [174/555] installing libpaper-1.1.24-25.oe1
[  860s] [175/555] installing libseccomp-2.4.3-2.oe1
[  862s] [176/555] installing libxcb-devel-1.14-1.oe1
[  867s] [177/555] installing npth-1.5-7.oe1
[  868s] [178/555] installing popt-1.18-1.oe1
[  870s] [179/555] installing sgml-common-0.6.3-51.oe1
[  872s] [180/555] installing grep-3.6-1.oe1
[  875s] [181/555] installing libXt-1.2.0-0.oe1
[  877s] [182/555] installing libblkid-2.36.1-3.oe1
[  879s] [183/555] installing libidn2-2.3.0-1.oe1
[  881s] [184/555] installing libksba-1.3.5-12.oe1
[  883s] [185/555] installing nspr-devel-4.32.0-1.oe1
[  888s] [186/555] installing pcre-devel-8.44-1.oe1
[  892s] [187/555] installing pcre2-devel-10.36-1.oe1
[  897s] [188/555] installing tar-2:1.32-3.oe1
[  900s] [189/555] installing tcl-1:8.6.10-3.oe1
[  904s] [190/555] installing graphite2-1.3.13-2.oe1
[  907s] [191/555] installing info-6.7-2.oe1
[  908s] [192/555] installing jsoncpp-1.9.4-1.oe1
[  911s] [193/555] installing libgpg-error-devel-1.41-1.oe1
[  912s] [194/555] installing libmodman-2.0.1-19.oe1
[  915s] [195/555] installing lua-5.3.5-6.oe1
[  925s] [196/555] installing slang-2.3.2-8.oe1
[  932s] [197/555] installing gawk-5.0.1-2.oe1
[  934s] [198/555] installing libxslt-1.1.32-7.oe1
[  936s] [199/555] installing libicu-devel-62.1-5.oe1
[  942s] [200/555] installing libpng-devel-2:1.6.37-1.oe1
[  945s] [201/555] installing wayland-devel-1.18.0-1.fc33
[  947s] [202/555] installing guile-5:2.0.14-15.oe1
[  955s] [203/555] installing mesa-libEGL-21.3.1-1.oe1
[  959s] [204/555] installing bzip2-devel-1.0.8-3.oe1
[  961s] [205/555] installing graphite2-devel-1.3.13-2.oe1
[  962s] [206/555] installing lua-socket-3.0-0.19.oe1
[  964s] [207/555] installing zip-3.0-29.oe1
[  966s] [208/555] installing libXdamage-1.1.5-1.oe1
[  967s] [209/555] installing libXi-1.7.10-1.oe1
[  969s] [210/555] installing libXinerama-1.1.4-5.oe1
[  972s] [211/555] installing libXxf86misc-1.0.4-4.oe1
[  976s] [212/555] installing libXxf86vm-1.1.4-13.oe1
[  979s] [213/555] installing libfdisk-2.36.1-3.oe1
[  981s] [214/555] installing libglvnd-egl-1:1.3.4-2.oe1
[  983s] [215/555] installing libglvnd-gles-1:1.3.4-2.oe1
[  985s] [216/555] installing newt-0.52.21-4.oe1
[  988s] [217/555] installing perl-Text-ParseWords-3.30-419.oe1
[  989s] [218/555] installing crypto-policies-20180925-3.git71ca85f.oe1
[  996s] [219/555] installing elfutils-libs-0.185-3.oe1
[  999s] [220/555] installing libX11-devel-1.6.9-2.oe1
[ 1004s] [221/555] installing libXcursor-1.2.0-1.oe1
[ 1008s] [222/555] installing libXmu-1.1.3-1.oe1
[ 1015s] [223/555] installing libXrandr-1.5.2-1.oe1
[ 1018s] [224/555] installing libmount-2.36.1-3.oe1
[ 1028s] [225/555] installing libselinux-devel-3.1-3.oe1
[ 1030s] [226/555] installing lua-lpeg-1.0.2-2.oe1
[ 1041s] [227/555] installing lua-posix-33.3.1-12.oe1
[ 1059s] [228/555] installing unzip-6.0-47.oe1
[ 1061s] [229/555] installing cracklib-2.9.7-6.oe1
[ 1067s] [230/555] installing docbook-dtds-1.0-78.oe1
[ 1115s] [231/555] installing e2fsprogs-1.45.6-3.oe1
[ 1120s] [232/555] installing findutils-2:4.7.0-7.oe1
[ 1123s] [233/555] installing libsemanage-3.1-4.oe1
[ 1127s] [234/555] installing lua-expat-1.3.0-16.oe1
[ 1129s] [235/555] installing make-1:4.2.1-15.oe1
[ 1132s] [236/555] installing sqlite-3.24.0-9.oe1
[ 1135s] [237/555] installing xz-5.2.5-1.oe1
[ 1137s] [238/555] installing logrotate-3.15.1-2.oe1
[ 1139s] [239/555] installing opensp-1.5.2-31.oe1
[ 1146s] [240/555] installing perl-Scalar-List-Utils-3:1.52-2.oe1
[ 1149s] [241/555] installing perl-Time-HiRes-1.9760-2.oe1
[ 1151s] [242/555] installing perl-Unicode-Normalize-1.26-419.oe1
[ 1154s] [243/555] installing freetype-2.10.2-3.oe1
[ 1157s] [244/555] installing glibc-devel-2.34-64.oe1
[ 1170s] [245/555] installing libgcrypt-devel-1.8.7-1.oe1
[ 1171s] [246/555] installing cpp-10.3.1-20220105.6.oe1
[ 1186s] [247/555] installing gnupg2-2.2.27-2.oe1
[ 1196s] [248/555] installing systemd-libs-243-22.oe1
[ 1207s] [249/555] installing dbus-libs-1:1.12.20-3.oe1
[ 1212s] [250/555] installing libusbx-1.0.23-3.oe1
[ 1215s] [251/555] installing lua-json-1.3.2-13.oe1
[ 1217s] [252/555] installing sqlite-devel-3.24.0-9.oe1
[ 1218s] [253/555] installing xz-devel-5.2.5-1.oe1
[ 1221s] [254/555] installing libxcrypt-devel-4.4.8-4.oe1
[ 1222s] [255/555] installing p11-kit-0.23.22-1.oe1
[ 1225s] [256/555] installing procps-ng-3.3.16-15.oe1
[ 1235s] [257/555] installing copy-jdk-configs-4.0-1.oe1
[ 1238s] [258/555] installing gpgme-1.15.1-1.oe1
[ 1242s] [259/555] installing libXext-devel-1.3.4-2.oe1
[ 1258s] [260/555] installing libXfixes-devel-5.0.3-11.oe1
[ 1261s] [261/555] installing libXrender-devel-0.9.10-10.oe1
[ 1263s] [262/555] installing libXtst-1.2.3-10.oe1
[ 1264s] [263/555] installing openssl-libs-1:1.1.1f-2.oe1
[ 1268s] [264/555] installing chkconfig-1.14-2.oe1
[ 1270s] [265/555] installing docbook-style-xsl-1.79.2-9.oe1
[ 1291s] [266/555] installing elfutils-0.185-3.oe1
[ 1294s] [267/555] installing libXaw-1.0.13-13.oe1
[ 1296s] [268/555] installing freetype-devel-2.10.2-3.oe1
[ 1298s] [269/555] installing openjade-1.3.2-60.oe1
[ 1305s] [270/555] installing xorg-x11-font-utils-1:7.5-43.oe1
[ 1308s] [271/555] installing glib2-2.66.8-1.oe1
[ 1319s] [272/555] installing mesa-libGL-21.3.1-1.oe1
[ 1323s] [273/555] installing xorg-x11-server-utils-7.7-28
[ 1327s] [274/555] installing fontconfig-2.13.92-1.oe1
[ 1342s] [275/555] installing gsettings-desktop-schemas-3.38.0-1.oe1
[ 1347s] [276/555] installing atk-2.36.0-1.oe1
[ 1353s] [277/555] installing dbus-tools-1:1.12.20-3.oe1
[ 1354s] [278/555] installing ima-evm-utils-libs-1.2.1-8.oe1
[ 1356s] [279/555] installing libevent-2.1.12-4
[ 1358s] [280/555] installing libcroco-0.6.12-13.oe1
[ 1361s] [281/555] installing libgusb-0.3.0-5.oe1
[ 1363s] [282/555] installing fipscheck-1.5.0-7.oe1
[ 1367s] [283/555] installing gamin-0.1.10-38.oe1
[ 1369s] [284/555] installing kmod-libs-27-4.oe1
[ 1371s] [285/555] installing libsecret-0.18.6-5.oe1
[ 1373s] [286/555] installing obs-env-1.0-5.oe1
[ 1382s] [287/555] installing polkit-libs-0.116-4.oe1
[ 1413s] [288/555] installing xorg-x11-fonts-7.5-24
[ 1445s] [289/555] installing dbus-devel-1:1.12.20-3.oe1
[ 1449s] [290/555] installing gobject-introspection-1.66.1-1.oe1
[ 1454s] [291/555] installing kmod-27-4.oe1
[ 1456s] [292/555] installing libXcomposite-devel-0.4.5-1.oe1
[ 1458s] [293/555] installing libXdamage-devel-1.1.5-1.oe1
[ 1459s] [294/555] installing libXft-2.3.3-1.oe1
[ 1468s] [295/555] installing libXinerama-devel-1.1.4-5.oe1
[ 1470s] [296/555] installing libglvnd-glx-1:1.3.4-2.oe1
[ 1472s] [297/555] installing shared-mime-info-1.10-4.oe1
[ 1516s] [298/555] installing binutils-2.37-6.oe1
[ 1525s] [299/555] installing libXcursor-devel-1.2.0-1.oe1
[ 1526s] [300/555] installing libXi-devel-1.7.10-1.oe1
[ 1528s] [301/555] installing libXrandr-devel-1.5.2-1.oe1
[ 1530s] [302/555] installing urw-base35-bookman-fonts-20170801-11
[ 1533s] [303/555] installing urw-base35-c059-fonts-20170801-11
[ 1535s] [304/555] installing urw-base35-d050000l-fonts-20170801-11
[ 1538s] [305/555] installing urw-base35-gothic-fonts-20170801-11
[ 1541s] [306/555] installing urw-base35-nimbus-mono-ps-fonts-20170801-11
[ 1545s] [307/555] installing urw-base35-nimbus-roman-fonts-20170801-11
[ 1549s] [308/555] installing urw-base35-nimbus-sans-fonts-20170801-11
[ 1553s] [309/555] installing urw-base35-p052-fonts-20170801-11
[ 1558s] [310/555] installing urw-base35-standard-symbols-ps-fonts-20170801-11
[ 1561s] [311/555] installing urw-base35-z003-fonts-20170801-11
[ 1564s] [312/555] installing harfbuzz-2.7.4-1.oe1
[ 1567s] [313/555] installing libquvi-scripts-0.9.20131130-14.oe1
[ 1569s] [314/555] installing libxml2-devel-2.9.12-5.oe1
[ 1578s] [315/555] installing p11-kit-trust-0.23.22-1.oe1
[ 1580s] [316/555] installing babeltrace-1.5.8-1.oe1
[ 1583s] [317/555] installing libarchive-3.5.1-1.oe1
[ 1585s] [318/555] installing nodejs-libs-1:16.10.0-1.oe1
[ 1621s] [319/555] installing cairo-1.16.0-6.fc32
[ 1624s] [320/555] installing libarchive-devel-3.5.1-1.oe1
[ 1627s] [321/555] installing avahi-libs-0.8-6.oe1
[ 1630s] [322/555] installing libxkbcommon-devel-1.0.3-1.oe1
[ 1631s] [323/555] installing libverto-0.3.1-2.oe1
[ 1633s] [324/555] installing colord-libs-1.4.3-6.oe1
[ 1635s] [325/555] installing pciutils-3.7.0-1.oe1
[ 1638s] [326/555] installing ca-certificates-2020.2.46-2.oe1
[ 1647s] [327/555] installing libXtst-devel-1.2.3-10.oe1
[ 1650s] [328/555] installing gdk-pixbuf2-2.42.6-1.oe1
[ 1654s] [329/555] installing libglvnd-devel-1:1.3.4-2.oe1
[ 1656s] [330/555] installing gettext-0.20.1-2.oe1
[ 1660s] [331/555] installing pango-1.47.0-1.oe1
[ 1664s] [332/555] installing urw-base35-fonts-20170801-11
[ 1665s] [333/555] installing cairo-gobject-1.16.0-6.fc32
[ 1667s] [334/555] installing gcc-10.3.1-20220105.6.oe1
[ 1692s] [335/555] installing rpm-libs-4.15.1-25.oe1
[ 1695s] [336/555] installing python-pip-wheel-19.2.3-2.fc32
[ 1697s] [337/555] installing libepoxy-devel-1.5.3-2
[ 1699s] [338/555] installing gdk-pixbuf2-modules-2.42.6-1.oe1
[ 1702s] [339/555] installing fontconfig-devel-2.13.92-1.oe1
[ 1703s] [340/555] installing kernel-tools-5.10-3.oe1
[ 1708s] [341/555] installing libmodulemd-2.13.0-1.oe1
[ 1710s] [342/555] installing gcc-c++-10.3.1-20220105.6.oe1
[ 1721s] [343/555] installing krb5-libs-1.18.2-3.oe1
[ 1725s] [344/555] installing librsvg2-2.50.5-1.oe1
[ 1731s] [345/555] installing libtirpc-1.3.1-1.oe1
[ 1735s] [346/555] installing cyrus-sasl-lib-2.1.27-10.oe1
[ 1738s] [347/555] installing libssh-0.9.5-1.oe1
[ 1741s] [348/555] installing libXft-devel-2.3.3-1.oe1
[ 1743s] [349/555] installing sysprof-cli-3.38.1-2.oe1
[ 1746s] [350/555] installing elinks-0.12-1.oe1
[ 1749s] [351/555] installing openldap-2.4.46-15.oe1
[ 1754s] [352/555] installing libnsl2-1.3.0-2.oe1
[ 1757s] [353/555] installing python3-3.8.5-13.oe1
[ 1791s] [354/555] installing python3-parameterized-0.6.1-9.fc32
[ 1793s] [355/555] installing python3-pyparsing-2.4.5-1.fc32
[ 1794s] [356/555] installing python3-setuptools-59.4.0-3.oe1
[ 1800s] [357/555] installing python3-setuptools_scm-3.3.3-6.fc32
[ 1802s] [358/555] installing python3-six-1.15.0-3.oe1
[ 1810s] [359/555] installing python3-markupsafe-1.1.1-4.fc32
[ 1813s] [360/555] installing python3-gpgme-1.15.1-1.oe1
[ 1816s] [361/555] installing python3-lxml-4.4.1-3.fc32
[ 1819s] [362/555] installing python3-libcomps-0.1.15-1.oe1
[ 1821s] [363/555] installing libpsl-0.21.1-1.oe1
[ 1824s] [364/555] installing gdb-headless-9.2-5.oe1
[ 1831s] [365/555] installing python3-anytree-2.7.2-2.fc32
[ 1833s] [366/555] installing python3-pygments-2.4.2-6.fc32
[ 1843s] [367/555] installing systemtap-sdt-devel-4.1-3.oe1
[ 1844s] [368/555] installing gdb-9.2-5.oe1
[ 1846s] [369/555] installing libpsl-devel-0.21.1-1.oe1
[ 1847s] [370/555] installing meson-0.59.4-1.oe1
[ 1855s] [371/555] installing python3-mako-1.1.0-4.fc32
[ 1858s] [372/555] installing python3-pip-19.2.3-2.fc32
[ 1866s] [373/555] installing libcurl-7.79.1-1.oe1
[ 1869s] [374/555] installing curl-7.79.1-1.oe1
[ 1873s] [375/555] installing libcurl-devel-7.79.1-1.oe1
[ 1877s] [376/555] installing librepo-1.14.2-2.oe1
[ 1879s] [377/555] installing rpm-4.15.1-25.oe1
[ 1883s] [378/555] installing efi-srpm-macros-4-3.oe1
[ 1885s] [379/555] installing cmake-rpm-macros-3.22.0-1.oe1
[ 1887s] [380/555] installing libsolv-0.7.20-1.oe1
[ 1890s] [381/555] installing python3-rpm-4.15.1-25.oe1
[ 1892s] [382/555] installing openEuler-rpm-config-30-22.oe1
[ 1894s] [383/555] installing cmake-3.22.0-1.oe1
[ 1909s] [384/555] installing libdnf-0.65.0-2.oe1
[ 1913s] [385/555] installing cmake-data-3.22.0-1.oe1
[ 1930s] [386/555] installing python3-libdnf-0.65.0-2.oe1
[ 1933s] [387/555] installing perl-4:5.28.0-435.oe1
[ 1943s] [388/555] installing perl-B-Debug-1.26-4.oe1
[ 1944s] [389/555] installing perl-Env-1.04-397.oe1
[ 1945s] [390/555] installing perl-Devel-PPPort-3.42-4.oe1
[ 1947s] [391/555] installing perl-Pod-Escapes-1:1.07-419.oe1
[ 1948s] [392/555] installing perl-Text-Tabs+Wrap-2013.0523-419.oe1
[ 1949s] [393/555] installing perl-Algorithm-Diff-1.1903-14.oe1
[ 1951s] [394/555] installing perl-Params-Check-1:0.38-418.oe1
[ 1952s] [395/555] installing perl-Term-Cap-1.17-510.oe1
[ 1953s] [396/555] installing perl-TermReadKey-2.38-2.oe1
[ 1958s] [397/555] installing perl-Text-Balanced-2.03-420.oe1
[ 1959s] [398/555] installing perl-threads-1:2.22-419.oe1
[ 1962s] [399/555] installing openssl-1:1.1.1f-2.oe1
[ 1964s] [400/555] installing perl-Config-Perl-V-0.30-5.oe1
[ 1967s] [401/555] installing perl-Error-1:0.17029-1.oe1
[ 1968s] [402/555] installing perl-Filter-2:1.59-2.oe1
[ 1970s] [403/555] installing perl-IPC-SysV-2.07-5.oe1
[ 1973s] [404/555] installing perl-Locale-Maketext-1:1.28-1.oe1
[ 1975s] [405/555] installing perl-SGMLSpm-1.03ii-45.oe1
[ 1978s] [406/555] installing perl-constant-1.33-421.oe1
[ 1980s] [407/555] installing docbook-style-dsssl-1.79-27.oe1
[ 1989s] [408/555] installing perl-MIME-Base64-3.15-418.oe1
[ 1991s] [409/555] installing perl-CPAN-Meta-YAML-0.018-420.oe1
[ 1993s] [410/555] installing perl-Socket-4:2.029-2.oe1
[ 1996s] [411/555] installing perl-Storable-1:3.15-2.oe1
[ 1998s] [412/555] installing gd-2.2.5-6.oe1
[ 2001s] [413/555] installing python3-hawkey-0.65.0-2.oe1
[ 2003s] [414/555] installing perl-PerlIO-via-QuotedPrint-0.08-397.oe1
[ 2007s] [415/555] installing perl-Digest-1.17-419.oe1
[ 2009s] [416/555] installing perl-Filter-Simple-1:0.94-1.oe1
[ 2010s] [417/555] installing perl-IO-Socket-IP-0.39-420.oe1
[ 2013s] [418/555] installing perl-Text-Diff-1.45-7.oe1
[ 2014s] [419/555] installing perl-Time-Local-2:1.280-6.oe1
[ 2016s] [420/555] installing perl-version-8:0.99.24-3.oe1
[ 2018s] [421/555] installing perl-IPC-System-Simple-1.25-19.oe1
[ 2020s] [422/555] installing perl-threads-shared-1.59-2.oe1
[ 2022s] [423/555] installing perl-Compress-Raw-Bzip2-2.100-1.oe1
[ 2023s] [424/555] installing perl-Compress-Raw-Zlib-1:2.100-1.oe1
[ 2025s] [425/555] installing perl-Locale-Codes-3.58-2.oe1
[ 2028s] [426/555] installing perl-Math-BigInt-1:1.9998.13-5.oe1
[ 2030s] [427/555] installing perl-PathTools-3.75-4.oe1
[ 2035s] [428/555] installing python3-dnf-4.10.0-1.oe1
[ 2042s] [429/555] installing perl-Data-Dumper-2.172-3.oe1
[ 2044s] [430/555] installing perl-Sys-Syslog-0.35-420.oe1
[ 2046s] [431/555] installing perl-Encode-4:2.98-9.oe1
[ 2053s] [432/555] installing autogen-5.18.16-1.oe1
[ 2056s] [433/555] installing nodejs-1:16.10.0-1.oe1
[ 2058s] [434/555] installing systemd-243-22.oe1
[ 2075s] /var/tmp/rpm-tmp.3EI6FO: line 8: groupadd: command not found
[ 2075s] /var/tmp/rpm-tmp.3EI6FO: line 10: groupadd: command not found
[ 2075s] /var/tmp/rpm-tmp.3EI6FO: line 13: groupadd: command not found
[ 2075s] /var/tmp/rpm-tmp.3EI6FO: line 16: groupadd: command not found
[ 2076s] [435/555] installing dbus-common-1:1.12.20-3.oe1
[ 2077s] [436/555] installing nodejs-source-map-0.5.6-1.oe1
[ 2080s] [437/555] installing perl-Module-Load-1:0.32-418.oe1
[ 2082s] [438/555] installing nodejs-packaging-20-1.oe1
[ 2084s] [439/555] installing dnf-4.10.0-1.oe1
[ 2087s] Failed to preset unit, unit dnf-automatic.timer does not exist.
[ 2087s] Failed to preset unit, unit dnf-automatic-notifyonly.timer does not exist.
[ 2087s] Failed to preset unit, unit dnf-automatic-download.timer does not exist.
[ 2087s] Failed to preset unit, unit dnf-automatic-install.timer does not exist.
[ 2087s] [440/555] installing perl-File-Which-1.23-1.oe1
[ 2089s] [441/555] installing perl-Thread-Queue-3.13-3.oe1
[ 2091s] [442/555] installing perl-experimental-0.020-2.oe1
[ 2092s] [443/555] installing perl-Digest-MD5-2.55-419.oe1
[ 2094s] [444/555] installing perl-File-Path-2.16-4.oe1
[ 2096s] [445/555] installing perl-Math-BigInt-FastCalc-0.500.700-4.oe1
[ 2100s] [446/555] installing perl-Module-Metadata-1.000036-3.oe1
[ 2103s] [447/555] installing perl-CPAN-Meta-Requirements-2.140-419.oe1
[ 2105s] [448/555] installing perl-Encode-devel-4:2.98-9.oe1
[ 2107s] [449/555] installing perl-HTTP-Tiny-0.076-3.oe1
[ 2108s] [450/555] installing perl-Math-BigRat-0.2614-2.oe1
[ 2111s] [451/555] installing audit-1:3.0-2.oe1
[ 2115s] [452/555] installing perl-DB_File-1.842-2.oe1
[ 2118s] [453/555] installing perl-autodie-2.29-398.oe1
[ 2120s] [454/555] installing perl-Unicode-Collate-1.25-4.oe1
[ 2125s] [455/555] installing perl-IO-Compress-2.081-6.oe1
[ 2127s] [456/555] installing perl-podlators-1:4.14-1.oe1
[ 2128s] [457/555] installing perl-ExtUtils-Command-1:7.60-1.oe1
[ 2129s] [458/555] installing perl-ExtUtils-Manifest-1:1.71-4.oe1
[ 2131s] [459/555] installing perl-bignum-0.50-4.oe1
[ 2133s] [460/555] installing perl-File-Temp-1:0.230.800-4.oe1
[ 2134s] [461/555] installing perl-libnet-3.11-420.oe1
[ 2136s] [462/555] installing pam-1.5.1-1.oe1
[ 2141s] [463/555] installing libpwquality-1.4.4-1.oe1
[ 2145s] [464/555] installing perl-File-HomeDir-1.004-4.oe1
[ 2146s] [465/555] installing shadow-2:4.8.1-5.oe1
[ 2150s] [466/555] installing perl-Test-Simple-2:1.302175-2.oe1
[ 2152s] [467/555] installing libutempter-1.1.6-16.oe1
[ 2155s] [468/555] installing unbound-libs-1.10.1-4.oe1
[ 2160s] [469/555] installing dbus-daemon-1:1.12.20-3.oe1
[ 2165s] [470/555] installing openssh-server-8.2p1-10.oe1
[ 2170s] Created symlink /etc/systemd/system/multi-user.target.wants/sshd.service -> /usr/lib/systemd/system/sshd.service.
[ 2170s] [471/555] installing groff-1.22.4-4.oe1
[ 2177s] [472/555] installing dbus-1:1.12.20-3.oe1
[ 2179s] [473/555] installing man-db-2.9.3-2.oe1
[ 2185s] [474/555] installing perl-Pod-Perldoc-1:3.28-3.oe1
[ 2187s] [475/555] installing gnutls-3.6.15-3.oe1
[ 2191s] [476/555] installing util-linux-2.36.1-3.oe1
[ 2199s] [477/555] installing nss-help-3.72.0-2.oe1
[ 2201s] [478/555] installing polkit-help-0.116-4.oe1
[ 2202s] [479/555] installing util-linux-devel-2.36.1-3.oe1
[ 2204s] [480/555] installing NetworkManager-libnm-1:1.26.0-5
[ 2209s] [481/555] installing at-spi2-core-2.39.1-1.oe1
[ 2212s] [482/555] installing cups-libs-1:2.3.3-6.oe1
[ 2216s] [483/555] installing perl-Pod-Usage-4:1.69-418.oe1
[ 2218s] [484/555] installing device-mapper-8:1.02.172-1.oe1
[ 2221s] [485/555] installing openssh-8.2p1-10.oe1
[ 2224s] [486/555] installing at-spi2-atk-2.38.0-1.oe1
[ 2226s] [487/555] installing libproxy-0.4.15-13.oe1
[ 2231s] [488/555] installing perl-Getopt-Long-1:2.52-1.oe1
[ 2233s] [489/555] installing cryptsetup-2.3.3-3.oe1
[ 2238s] [490/555] installing device-mapper-event-8:1.02.172-1.oe1
[ 2241s] Created symlink /etc/systemd/system/sockets.target.wants/dm-event.socket -> /usr/lib/systemd/system/dm-event.socket.
[ 2241s] [491/555] installing nss-3.72.0-2.oe1
[ 2250s] [492/555] installing glib2-devel-2.66.8-1.oe1
[ 2272s] [493/555] installing openssh-clients-8.2p1-10.oe1
[ 2276s] [494/555] installing atk-devel-2.36.0-1.oe1
[ 2279s] [495/555] installing polkit-devel-0.116-4.oe1
[ 2282s] [496/555] installing nss-util-3.72.0-2.oe1
[ 2285s] [497/555] installing perl-ExtUtils-ParseXS-2:3.35-1.oe1
[ 2287s] [498/555] installing glib-networking-2.58.0-7.oe1
[ 2290s] [499/555] installing perl-Module-CoreList-1:5.20180920-2.oe1
[ 2292s] [500/555] installing at-spi2-core-devel-2.39.1-1.oe1
[ 2294s] [501/555] installing perl-Digest-SHA-1:6.02-7.oe1
[ 2296s] [502/555] installing perl-Pod-Parser-1.63-397.oe1
[ 2298s] [503/555] installing gdk-pixbuf2-devel-2.42.6-1.oe1
[ 2300s] [504/555] installing perl-Pod-Simple-1:3.35-418.oe1
[ 2302s] [505/555] installing perl-Test-Harness-1:3.43_02-1.oe1
[ 2304s] [506/555] installing libquvi-0.9.4-16.oe1
[ 2307s] [507/555] installing cairo-devel-1.16.0-6.fc32
[ 2309s] [508/555] installing docbook-utils-0.6.14-47.oe1
[ 2312s] [509/555] installing harfbuzz-devel-2.7.4-1.oe1
[ 2314s] [510/555] installing perl-Archive-Tar-2.30-421.oe1
[ 2315s] [511/555] installing perl-JSON-PP-1:4.04-2.oe1
[ 2317s] [512/555] installing lvm2-8:2.03.11-1.oe1
[ 2324s] Created symlink /etc/systemd/system/sysinit.target.wants/lvm2-lvmpolld.socket -> /usr/lib/systemd/system/lvm2-lvmpolld.socket.
[ 2324s] [513/555] installing autoconf-2.69-30.oe1
[ 2327s] [514/555] installing git-2.23.0-12.oe1
[ 2339s] [515/555] installing gtk3-3.24.30-2.oe1
[ 2350s] [516/555] installing cairo-gobject-devel-1.16.0-6.fc32
[ 2351s] [517/555] installing nss-softokn-3.72.0-2.oe1
[ 2355s] [518/555] installing liboauth-1.0.3-13.oe1
[ 2357s] [519/555] installing nss-util-devel-3.72.0-2.oe1
[ 2360s] [520/555] installing at-spi2-atk-devel-2.38.0-1.oe1
[ 2362s] [521/555] installing libdazzle-3.38.0-1.oe1
[ 2365s] [522/555] installing perl-Pod-Checker-4:1.73-398.oe1
[ 2366s] [523/555] installing totem-pl-parser-3.26.5-1.oe1
[ 2370s] [524/555] installing libsoup-2.72.0-2.oe1
[ 2374s] [525/555] installing perl-Git-2.23.0-12.oe1
[ 2377s] [526/555] installing gtk-doc-1.33.2-1.oe1
[ 2381s] [527/555] installing perl-CPAN-Meta-2.150010-419.oe1
[ 2384s] [528/555] installing perl-Module-Load-Conditional-0.68-418.oe1
[ 2385s] [529/555] installing automake-1.16.1-6.oe1
[ 2388s] [530/555] installing pango-devel-1.47.0-1.oe1
[ 2392s] [531/555] installing perl-ExtUtils-MakeMaker-1:7.60-1.oe1
[ 2394s] [532/555] installing gtk2-2.24.33-2.oe1
[ 2402s] [533/555] installing ghostscript-9.52-5.oe1
[ 2412s] [534/555] installing totem-pl-parser-devel-3.26.5-1.oe1
[ 2414s] [535/555] installing nss-softokn-devel-3.72.0-2.oe1
[ 2416s] [536/555] installing libsysprof-ui-3.38.1-2.oe1
[ 2418s] [537/555] installing libtool-2.4.6-34.oe1
[ 2421s] [538/555] installing perl-ExtUtils-Install-2.14-419.oe1
[ 2423s] [539/555] installing perl-IPC-Cmd-2:1.04-4.oe1
[ 2425s] [540/555] installing graphviz-2.44.1-4.oe1
[ 2438s] [541/555] installing rpm-build-4.15.1-25.oe1
[ 2440s] [542/555] installing gtk3-devel-3.24.30-2.oe1
[ 2464s] [543/555] installing graphviz-devel-2.44.1-4.oe1
[ 2468s] [544/555] installing libdazzle-devel-3.38.0-1.oe1
[ 2474s] [545/555] installing nss-devel-3.72.0-2.oe1
[ 2477s] [546/555] installing gcc_secure-1.0-0.9.oe1
[ 2479s] [547/555] installing sysprof-3.38.1-2.oe1
[ 2500s] [548/555] installing gobject-introspection-devel-1.66.1-1.oe1
[ 2508s] [549/555] installing perl-File-Fetch-0.56-4.oe1
[ 2509s] [550/555] installing perl-devel-4:5.28.0-435.oe1
[ 2521s] [551/555] installing liboauth-devel-1.0.3-13.oe1
[ 2523s] [552/555] installing vala-devel-0.50.8-3.oe1
[ 2526s] [553/555] installing sysprof-devel-3.38.1-2.oe1
[ 2528s] [554/555] installing libsoup-devel-2.72.0-2.oe1
[ 2532s] [555/555] installing vala-0.50.8-3.oe1
[ 2539s] removing nis flags from /var/cache/obs/worker/root_2/etc/nsswitch.conf...
[ 2540s] now finalizing build dir...
[ 2552s] Running build time source services...
[ 2558s] Warning: spec file parser line 11: can't expand %(...)
[ 2558s] Warning: spec file parser line 52: can't expand %(...)
[ 2558s] Warning: spec file parser line 53: can't expand %(...)
[ 2569s] -----------------------------------------------------------------
[ 2569s] ----- building grilo.spec (user abuild)
[ 2569s] -----------------------------------------------------------------
[ 2569s] -----------------------------------------------------------------
[ 2577s] + exec rpmbuild -ba --define '_srcdefattr (-,root,root)' --nosignature --define 'disturl obs://private/openEuler:Mainline:RISC-V/advanced_riscv64/375d37354041486882e2fcc54fd03154-grilo' /home/abuild/rpmbuild/SOURCES/grilo.spec
[ 2578s] warning: bogus date in %changelog: Thu Dec 31 2019 openEuler Buildteam <buildteam@openeuler.org> - 0.3.9-3
[ 2579s] Executing(%prep): /bin/sh -e /var/tmp/rpm-tmp.RWrhRQ
[ 2579s] + umask 022
[ 2579s] + cd /home/abuild/rpmbuild/BUILD
[ 2579s] + cd /home/abuild/rpmbuild/BUILD
[ 2579s] + rm -rf grilo-0.3.13
[ 2579s] + /usr/bin/xz -dc /home/abuild/rpmbuild/SOURCES/grilo-0.3.13.tar.xz
[ 2579s] + /usr/bin/tar -xof -
[ 2580s] + STATUS=0
[ 2580s] + '[' 0 -ne 0 ']'
[ 2580s] + cd grilo-0.3.13
[ 2580s] + /usr/bin/chmod -Rf a+rX,u+w,g-w,o-w .
[ 2580s] + RPM_EC=0
[ 2580s] ++ jobs -p
[ 2580s] + exit 0
[ 2580s] Executing(%build): /bin/sh -e /var/tmp/rpm-tmp.DJMNMc
[ 2580s] + umask 022
[ 2580s] + cd /home/abuild/rpmbuild/BUILD
[ 2580s] + cd grilo-0.3.13
[ 2580s] + CFLAGS='-O2 -g -pipe -Wall -Werror=format-security -Wp,-D_FORTIFY_SOURCE=2 -Wp,-D_GLIBCXX_ASSERTIONS -fstack-protector-strong -grecord-gcc-switches -specs=/usr/lib/rpm/generic-hardened-cc1 -fasynchronous-unwind-tables -fstack-clash-protection'
[ 2580s] + export CFLAGS
[ 2580s] + CXXFLAGS='-O2 -g -pipe -Wall -Werror=format-security -Wp,-D_FORTIFY_SOURCE=2 -Wp,-D_GLIBCXX_ASSERTIONS -fstack-protector-strong -grecord-gcc-switches -specs=/usr/lib/rpm/generic-hardened-cc1 -fasynchronous-unwind-tables -fstack-clash-protection -fexceptions'
[ 2580s] + export CXXFLAGS
[ 2580s] + FFLAGS='-O2 -g -pipe -Wall -Werror=format-security -Wp,-D_FORTIFY_SOURCE=2 -Wp,-D_GLIBCXX_ASSERTIONS -fstack-protector-strong -grecord-gcc-switches -specs=/usr/lib/rpm/generic-hardened-cc1 -fasynchronous-unwind-tables -fstack-clash-protection -fexceptions -I/usr/lib64/gfortran/modules'
[ 2580s] + export FFLAGS
[ 2580s] + FCFLAGS='-O2 -g -pipe -Wall -Werror=format-security -Wp,-D_FORTIFY_SOURCE=2 -Wp,-D_GLIBCXX_ASSERTIONS -fstack-protector-strong -grecord-gcc-switches -specs=/usr/lib/rpm/generic-hardened-cc1 -fasynchronous-unwind-tables -fstack-clash-protection -fexceptions -I/usr/lib64/gfortran/modules'
[ 2580s] + export FCFLAGS
[ 2580s] + LDFLAGS='-Wl,-z,relro   -Wl,-z,now -specs=/usr/lib/rpm/generic-hardened-ld'
[ 2580s] + export LDFLAGS
[ 2580s] + /usr/bin/meson --buildtype=plain --prefix=/usr --libdir=/usr/lib64 --libexecdir=/usr/libexec --bindir=/usr/bin --sbindir=/usr/sbin --includedir=/usr/include --datadir=/usr/share --mandir=/usr/share/man --infodir=/usr/share/info --localedir=/usr/share/locale --sysconfdir=/etc --localstatedir=/var --sharedstatedir=/var/lib --wrap-mode=nodownload --auto-features=enabled . riscv64-openEuler-linux-gnu -Denable-gtk-doc=true
[ 2629s] The Meson build system
[ 2629s] Version: 0.59.4
[ 2629s] Source dir: /home/abuild/rpmbuild/BUILD/grilo-0.3.13
[ 2629s] Build dir: /home/abuild/rpmbuild/BUILD/grilo-0.3.13/riscv64-openEuler-linux-gnu
[ 2629s] Build type: native build
[ 2629s] Project name: grilo
[ 2629s] Project version: 0.3.13
[ 2629s] C compiler for the host machine: cc (gcc 10.3.1 "gcc_old (GCC) 10.3.1")
[ 2629s] C linker for the host machine: cc ld.bfd 2.37
[ 2629s] Host machine cpu family: riscv64
[ 2629s] Host machine cpu: riscv64
[ 2629s] Found pkg-config: /usr/bin/pkg-config (1.7.3)
[ 2629s] Run-time dependency gio-2.0 found: YES 2.66.8
[ 2629s] Run-time dependency glib-2.0 found: YES 2.66.8
[ 2629s] Run-time dependency gmodule-2.0 found: YES 2.66.8
[ 2629s] Run-time dependency gobject-2.0 found: YES 2.66.8
[ 2629s] Run-time dependency libxml-2.0 found: YES 2.9.12
[ 2629s] Run-time dependency libsoup-2.4 found: YES 2.72.0
[ 2629s] Run-time dependency totem-plparser found: YES 3.26.5
[ 2629s] Program g-ir-scanner found: YES (/usr/bin/g-ir-scanner)
[ 2629s] Program vapigen found: YES (/usr/bin/vapigen)
[ 2629s] Run-time dependency gtk+-3.0 found: YES 3.24.30
[ 2629s] Run-time dependency oauth found: YES 1.0.3
[ 2629s] Run-time dependency gobject-introspection-1.0 found: YES 1.66.1
[ 2629s] Run-time dependency vapigen found: YES 0.50.8
[ 2629s] Found pkg-config: /usr/bin/pkg-config (1.7.3)
[ 2629s] Program glib-genmarshal found: YES (/usr/bin/glib-genmarshal)
[ 2629s] Program glib-mkenums found: YES (/usr/bin/glib-mkenums)
[ 2629s] Configuring config.h using configuration
[ 2629s] Dependency gobject-introspection-1.0 found: YES 1.66.1 (cached)
[ 2629s] Dependency gobject-introspection-1.0 found: YES 1.66.1 (cached)
[ 2629s] Program g-ir-scanner found: YES (/usr/bin/g-ir-scanner)
[ 2629s] Dependency gobject-introspection-1.0 found: YES 1.66.1 (cached)
[ 2629s] Program g-ir-compiler found: YES (/usr/bin/g-ir-compiler)
[ 2629s] Configuring config.h using configuration
[ 2629s] Configuring config.h using configuration
[ 2629s] Program vapigen found: YES (/usr/bin/vapigen)
[ 2629s] Program vapigen found: YES (/usr/bin/vapigen)
[ 2629s] Program python found: NO
[ 2629s] Configuring config.h using configuration
[ 2629s] Configuring config.h using configuration
[ 2629s] Configuring config.h using configuration
[ 2629s] Configuring grilo.types using configuration
[ 2629s] doc/grilo/meson.build:8: WARNING: Got an empty configuration_data() object and found no substitutions in the input file 'grilo.types'. If you want to copy a file to the build dir, use the 'copy:' keyword argument added in 0.47.0
[ 2629s] Program gtkdoc-scan found: YES (/usr/bin/gtkdoc-scan)
[ 2629s] Program gtkdoc-scangobj found: YES (/usr/bin/gtkdoc-scangobj)
[ 2629s] Program gtkdoc-mkdb found: YES (/usr/bin/gtkdoc-mkdb)
[ 2629s] Program gtkdoc-mkhtml found: YES (/usr/bin/gtkdoc-mkhtml)
[ 2629s] Program gtkdoc-fixxref found: YES (/usr/bin/gtkdoc-fixxref)
[ 2629s] Build targets in project: 34
[ 2629s] 
[ 2629s] Option buildtype is: plain [default: debugoptimized]
[ 2629s] Found ninja-1.8.2 at /usr/bin/ninja
[ 2630s] + /usr/bin/meson compile -C riscv64-openEuler-linux-gnu -j 8 --verbose
[ 2638s] ninja: Entering directory `riscv64-openEuler-linux-gnu'
[ 2640s] [1/70] /usr/bin/glib-genmarshal --prefix grl_marshal --output src/grl-marshal.h --pragma-once --header ../src/grl-marshal.list
[ 2640s] INFO: Reading ../src/grl-marshal.list...
[ 2640s] [2/70] /usr/bin/glib-genmarshal --prefix grl_marshal --output src/grl-marshal.c --body ../src/grl-marshal.list --include-header grl-marshal.h
[ 2640s] INFO: Reading ../src/grl-marshal.list...
[ 2650s] [3/70] cc -Itools/grilo-inspect/grl-inspect-0.3.p -Itools/grilo-inspect -I../tools/grilo-inspect -Isrc -I../src -I../src/data -I/usr/include/glib-2.0 -I/usr/lib64/glib-2.0/include -fdiagnostics-color=always -D_FILE_OFFSET_BITS=64 -Wall -Winvalid-pch -std=gnu99 -O2 -g -pipe -Wall -Werror=format-security -Wp,-D_FORTIFY_SOURCE=2 -Wp,-D_GLIBCXX_ASSERTIONS -fstack-protector-strong -grecord-gcc-switches -specs=/usr/lib/rpm/generic-hardened-cc1 -fasynchronous-unwind-tables -fstack-clash-protection -MD -MQ tools/grilo-inspect/grl-inspect-0.3.p/grl-inspect.c.o -MF tools/grilo-inspect/grl-inspect-0.3.p/grl-inspect.c.o.d -o tools/grilo-inspect/grl-inspect-0.3.p/grl-inspect.c.o -c ../tools/grilo-inspect/grl-inspect.c
[ 2650s] [4/70] cc -Itools/grilo-test-ui/grilo-test-ui-0.3.p -Itools/grilo-test-ui -I../tools/grilo-test-ui -Isrc -I../src -I../src/data -I/usr/include/glib-2.0 -I/usr/lib64/glib-2.0/include -I/usr/include/gtk-3.0 -I/usr/include/pango-1.0 -I/usr/include/harfbuzz -I/usr/include/freetype2 -I/usr/include/libpng16 -I/usr/include/libmount -I/usr/include/blkid -I/usr/include/fribidi -I/usr/include/libxml2 -I/usr/include/cairo -I/usr/include/pixman-1 -I/usr/include/gdk-pixbuf-2.0 -I/usr/include/gio-unix-2.0 -I/usr/include/atk-1.0 -I/usr/include/at-spi2-atk/2.0 -I/usr/include/dbus-1.0 -I/usr/lib64/dbus-1.0/include -I/usr/include/at-spi-2.0 -I/usr/include/nss3 -I/usr/include/nspr4 -fdiagnostics-color=always -D_FILE_OFFSET_BITS=64 -Wall -Winvalid-pch -std=gnu99 -O2 -g -pipe -Wall -Werror=format-security -Wp,-D_FORTIFY_SOURCE=2 -Wp,-D_GLIBCXX_ASSERTIONS -fstack-protector-strong -grecord-gcc-switches -specs=/usr/lib/rpm/generic-hardened-cc1 -fasynchronous-unwind-tables -fstack-clash-protection -pthread -MD -MQ tools/grilo-test-ui/grilo-test-ui-0.3.p/flickr-oauth.c.o -MF tools/grilo-test-ui/grilo-test-ui-0.3.p/flickr-oauth.c.o.d -o tools/grilo-test-ui/grilo-test-ui-0.3.p/flickr-oauth.c.o -c ../tools/grilo-test-ui/flickr-oauth.c
[ 2650s] ../tools/grilo-test-ui/flickr-oauth.c: In function flickroauth_get_request_token:
[ 2650s] ../tools/grilo-test-ui/flickr-oauth.c:108:3: warning: oauth_http_get2 is deprecated [-Wdeprecated-declarations]
[ 2650s]   108 |   http_reply = oauth_http_get2 (url, NULL, NULL);
[ 2650s]       |   ^~~~~~~~~~
[ 2650s] In file included from ../tools/grilo-test-ui/flickr-oauth.c:7:
[ 2650s] /usr/include/oauth.h:595:7: note: declared here
[ 2650s]   595 | char *oauth_http_get2 (const char *u, const char *q, const char *customheader) attribute_deprecated;
[ 2650s]       |       ^~~~~~~~~~~~~~~
[ 2650s] ../tools/grilo-test-ui/flickr-oauth.c: In function flickroauth_get_access_token:
[ 2650s] ../tools/grilo-test-ui/flickr-oauth.c:166:3: warning: oauth_http_get2 is deprecated [-Wdeprecated-declarations]
[ 2650s]   166 |   http_reply = oauth_http_get2 (url, NULL, NULL);
[ 2650s]       |   ^~~~~~~~~~
[ 2650s] In file included from ../tools/grilo-test-ui/flickr-oauth.c:7:
[ 2650s] /usr/include/oauth.h:595:7: note: declared here
[ 2650s]   595 | char *oauth_http_get2 (const char *u, const char *q, const char *customheader) attribute_deprecated;
[ 2650s]       |       ^~~~~~~~~~~~~~~
[ 2650s] [5/70] cc -Ilibs/net/libgrlnet-0.3.so.0.313.0.p -Ilibs/net -I../libs/net -Isrc -I../src -I../src/data -Ilibs -I../libs -I/usr/include/libsoup-2.4 -I/usr/include/glib-2.0 -I/usr/lib64/glib-2.0/include -I/usr/include/libmount -I/usr/include/blkid -I/usr/include/sysprof-4 -I/usr/include/libxml2 -fdiagnostics-color=always -D_FILE_OFFSET_BITS=64 -Wall -Winvalid-pch -std=gnu99 -O2 -g -pipe -Wall -Werror=format-security -Wp,-D_FORTIFY_SOURCE=2 -Wp,-D_GLIBCXX_ASSERTIONS -fstack-protector-strong -grecord-gcc-switches -specs=/usr/lib/rpm/generic-hardened-cc1 -fasynchronous-unwind-tables -fstack-clash-protection -fPIC -pthread -DHAVE_CONFIG_H -MD -MQ libs/net/libgrlnet-0.3.so.0.313.0.p/grl-net-mock.c.o -MF libs/net/libgrlnet-0.3.so.0.313.0.p/grl-net-mock.c.o.d -o libs/net/libgrlnet-0.3.so.0.313.0.p/grl-net-mock.c.o -c ../libs/net/grl-net-mock.c
[ 2650s] ../libs/net/grl-net-mock.c: In function get_url_mocked:
[ 2650s] ../libs/net/grl-net-mock.c:82:5: warning: g_simple_async_result_set_error is deprecated [-Wdeprecated-declarations]
[ 2650s]    82 |     g_simple_async_result_set_error (G_SIMPLE_ASYNC_RESULT (result),
[ 2650s]       |     ^~~~~~~~~~~~~~~~~~~~~~~~~~~~~~~
[ 2650s] In file included from /usr/include/glib-2.0/gio/gio.h:136,
[ 2650s]                  from ../libs/net/grl-net-mock.c:30:
[ 2650s] /usr/include/glib-2.0/gio/gsimpleasyncresult.h:122:21: note: declared here
[ 2650s]   122 | void                g_simple_async_result_set_error        (GSimpleAsyncResult      *simple,
[ 2650s]       |                     ^~~~~~~~~~~~~~~~~~~~~~~~~~~~~~~
[ 2650s] ../libs/net/grl-net-mock.c:88:5: warning: g_simple_async_result_complete_in_idle is deprecated [-Wdeprecated-declarations]
[ 2650s]    88 |     g_simple_async_result_complete_in_idle (G_SIMPLE_ASYNC_RESULT (result));
[ 2650s]       |     ^~~~~~~~~~~~~~~~~~~~~~~~~~~~~~~~~~~~~~
[ 2650s] In file included from /usr/include/glib-2.0/gio/gio.h:136,
[ 2650s]                  from ../libs/net/grl-net-mock.c:30:
[ 2650s] /usr/include/glib-2.0/gio/gsimpleasyncresult.h:106:21: note: declared here
[ 2650s]   106 | void                g_simple_async_result_complete_in_idle (GSimpleAsyncResult      *simple);
[ 2650s]       |                     ^~~~~~~~~~~~~~~~~~~~~~~~~~~~~~~~~~~~~~
[ 2650s] ../libs/net/grl-net-mock.c:95:5: warning: g_simple_async_result_set_error is deprecated [-Wdeprecated-declarations]
[ 2650s]    95 |     g_simple_async_result_set_error (G_SIMPLE_ASYNC_RESULT (result),
[ 2650s]       |     ^~~~~~~~~~~~~~~~~~~~~~~~~~~~~~~
[ 2650s] In file included from /usr/include/glib-2.0/gio/gio.h:136,
[ 2650s]                  from ../libs/net/grl-net-mock.c:30:
[ 2650s] /usr/include/glib-2.0/gio/gsimpleasyncresult.h:122:21: note: declared here
[ 2650s]   122 | void                g_simple_async_result_set_error        (GSimpleAsyncResult      *simple,
[ 2650s]       |                     ^~~~~~~~~~~~~~~~~~~~~~~~~~~~~~~
[ 2650s] ../libs/net/grl-net-mock.c:102:5: warning: g_simple_async_result_complete_in_idle is deprecated [-Wdeprecated-declarations]
[ 2650s]   102 |     g_simple_async_result_complete_in_idle (G_SIMPLE_ASYNC_RESULT (result));
[ 2650s]       |     ^~~~~~~~~~~~~~~~~~~~~~~~~~~~~~~~~~~~~~
[ 2650s] In file included from /usr/include/glib-2.0/gio/gio.h:136,
[ 2650s]                  from ../libs/net/grl-net-mock.c:30:
[ 2650s] /usr/include/glib-2.0/gio/gsimpleasyncresult.h:106:21: note: declared here
[ 2650s]   106 | void                g_simple_async_result_complete_in_idle (GSimpleAsyncResult      *simple);
[ 2650s]       |                     ^~~~~~~~~~~~~~~~~~~~~~~~~~~~~~~~~~~~~~
[ 2650s] ../libs/net/grl-net-mock.c:113:5: warning: g_simple_async_result_set_error is deprecated [-Wdeprecated-declarations]
[ 2650s]   113 |     g_simple_async_result_set_error (G_SIMPLE_ASYNC_RESULT (result),
[ 2650s]       |     ^~~~~~~~~~~~~~~~~~~~~~~~~~~~~~~
[ 2650s] In file included from /usr/include/glib-2.0/gio/gio.h:136,
[ 2650s]                  from ../libs/net/grl-net-mock.c:30:
[ 2650s] /usr/include/glib-2.0/gio/gsimpleasyncresult.h:122:21: note: declared here
[ 2650s]   122 | void                g_simple_async_result_set_error        (GSimpleAsyncResult      *simple,
[ 2650s]       |                     ^~~~~~~~~~~~~~~~~~~~~~~~~~~~~~~
[ 2650s] ../libs/net/grl-net-mock.c:118:5: warning: g_simple_async_result_complete_in_idle is deprecated [-Wdeprecated-declarations]
[ 2650s]   118 |     g_simple_async_result_complete_in_idle (G_SIMPLE_ASYNC_RESULT (result));
[ 2650s]       |     ^~~~~~~~~~~~~~~~~~~~~~~~~~~~~~~~~~~~~~
[ 2650s] In file included from /usr/include/glib-2.0/gio/gio.h:136,
[ 2650s]                  from ../libs/net/grl-net-mock.c:30:
[ 2650s] /usr/include/glib-2.0/gio/gsimpleasyncresult.h:106:21: note: declared here
[ 2650s]   106 | void                g_simple_async_result_complete_in_idle (GSimpleAsyncResult      *simple);
[ 2650s]       |                     ^~~~~~~~~~~~~~~~~~~~~~~~~~~~~~~~~~~~~~
[ 2650s] ../libs/net/grl-net-mock.c:129:3: warning: g_simple_async_result_set_op_res_gpointer is deprecated [-Wdeprecated-declarations]
[ 2650s]   129 |   g_simple_async_result_set_op_res_gpointer (G_SIMPLE_ASYNC_RESULT (result),
[ 2650s]       |   ^~~~~~~~~~~~~~~~~~~~~~~~~~~~~~~~~~~~~~~~~
[ 2650s] In file included from /usr/include/glib-2.0/gio/gio.h:136,
[ 2650s]                  from ../libs/net/grl-net-mock.c:30:
[ 2650s] /usr/include/glib-2.0/gio/gsimpleasyncresult.h:75:21: note: declared here
[ 2650s]    75 | void                g_simple_async_result_set_op_res_gpointer (GSimpleAsyncResult      *simple,
[ 2650s]       |                     ^~~~~~~~~~~~~~~~~~~~~~~~~~~~~~~~~~~~~~~~~
[ 2650s] ../libs/net/grl-net-mock.c:132:3: warning: g_simple_async_result_complete_in_idle is deprecated [-Wdeprecated-declarations]
[ 2650s]   132 |   g_simple_async_result_complete_in_idle (G_SIMPLE_ASYNC_RESULT (result));
[ 2650s]       |   ^~~~~~~~~~~~~~~~~~~~~~~~~~~~~~~~~~~~~~
[ 2650s] In file included from /usr/include/glib-2.0/gio/gio.h:136,
[ 2650s]                  from ../libs/net/grl-net-mock.c:30:
[ 2650s] /usr/include/glib-2.0/gio/gsimpleasyncresult.h:106:21: note: declared here
[ 2650s]   106 | void                g_simple_async_result_complete_in_idle (GSimpleAsyncResult      *simple);
[ 2650s]       |                     ^~~~~~~~~~~~~~~~~~~~~~~~~~~~~~~~~~~~~~
[ 2651s] [6/70] /usr/bin/meson --internal exe --capture src/grl-type-builtins.h -- /usr/bin/glib-mkenums --template /home/abuild/rpmbuild/BUILD/grilo-0.3.13/riscv64-openEuler-linux-gnu/../src/grl-type-builtins.h.template /home/abuild/rpmbuild/BUILD/grilo-0.3.13/riscv64-openEuler-linux-gnu/../src/data/grl-media.h /home/abuild/rpmbuild/BUILD/grilo-0.3.13/riscv64-openEuler-linux-gnu/../src/grl-caps.h /home/abuild/rpmbuild/BUILD/grilo-0.3.13/riscv64-openEuler-linux-gnu/../src/grl-metadata-key.h /home/abuild/rpmbuild/BUILD/grilo-0.3.13/riscv64-openEuler-linux-gnu/../src/grl-operation-options.h /home/abuild/rpmbuild/BUILD/grilo-0.3.13/riscv64-openEuler-linux-gnu/../src/grl-source.h
[ 2653s] [7/70] cc -Itools/grilo-launch/grl-launch-0.3.p -Itools/grilo-launch -I../tools/grilo-launch -Isrc -I../src -I../src/data -I/usr/include/glib-2.0 -I/usr/lib64/glib-2.0/include -fdiagnostics-color=always -D_FILE_OFFSET_BITS=64 -Wall -Winvalid-pch -std=gnu99 -O2 -g -pipe -Wall -Werror=format-security -Wp,-D_FORTIFY_SOURCE=2 -Wp,-D_GLIBCXX_ASSERTIONS -fstack-protector-strong -grecord-gcc-switches -specs=/usr/lib/rpm/generic-hardened-cc1 -fasynchronous-unwind-tables -fstack-clash-protection -MD -MQ tools/grilo-launch/grl-launch-0.3.p/grl-launch.c.o -MF tools/grilo-launch/grl-launch-0.3.p/grl-launch.c.o.d -o tools/grilo-launch/grl-launch-0.3.p/grl-launch.c.o -c ../tools/grilo-launch/grl-launch.c
[ 2655s] [8/70] cc -Ilibs/net/libgrlnet-0.3.so.0.313.0.p -Ilibs/net -I../libs/net -Isrc -I../src -I../src/data -Ilibs -I../libs -I/usr/include/libsoup-2.4 -I/usr/include/glib-2.0 -I/usr/lib64/glib-2.0/include -I/usr/include/libmount -I/usr/include/blkid -I/usr/include/sysprof-4 -I/usr/include/libxml2 -fdiagnostics-color=always -D_FILE_OFFSET_BITS=64 -Wall -Winvalid-pch -std=gnu99 -O2 -g -pipe -Wall -Werror=format-security -Wp,-D_FORTIFY_SOURCE=2 -Wp,-D_GLIBCXX_ASSERTIONS -fstack-protector-strong -grecord-gcc-switches -specs=/usr/lib/rpm/generic-hardened-cc1 -fasynchronous-unwind-tables -fstack-clash-protection -fPIC -pthread -DHAVE_CONFIG_H -MD -MQ libs/net/libgrlnet-0.3.so.0.313.0.p/grl-net-wc.c.o -MF libs/net/libgrlnet-0.3.so.0.313.0.p/grl-net-wc.c.o.d -o libs/net/libgrlnet-0.3.so.0.313.0.p/grl-net-wc.c.o -c ../libs/net/grl-net-wc.c
[ 2655s] ../libs/net/grl-net-wc.c: In function grl_net_wc_init:
[ 2655s] ../libs/net/grl-net-wc.c:316:3: warning: soup_session_async_new is deprecated: Use 'soup_session_new' instead [-Wdeprecated-declarations]
[ 2655s]   316 |   wc->priv->session = soup_session_async_new ();
[ 2655s]       |   ^~
[ 2655s] In file included from /usr/include/libsoup-2.4/libsoup/soup.h:50,
[ 2655s]                  from ../libs/net/grl-net-wc.c:49:
[ 2655s] /usr/include/libsoup-2.4/libsoup/soup-session-async.h:51:14: note: declared here
[ 2655s]    51 | SoupSession *soup_session_async_new              (void);
[ 2655s]       |              ^~~~~~~~~~~~~~~~~~~~~~
[ 2655s] ../libs/net/grl-net-wc.c: In function parse_error:
[ 2655s] ../libs/net/grl-net-wc.c:440:5: warning: g_simple_async_result_set_error is deprecated [-Wdeprecated-declarations]
[ 2655s]   440 |     g_simple_async_result_set_error (result, GRL_NET_WC_ERROR,
[ 2655s]       |     ^~~~~~~~~~~~~~~~~~~~~~~~~~~~~~~
[ 2655s] In file included from /usr/include/glib-2.0/gio/gio.h:136,
[ 2655s]                  from /usr/include/libsoup-2.4/libsoup/soup-types.h:9,
[ 2655s]                  from /usr/include/libsoup-2.4/libsoup/soup-cache.h:26,
[ 2655s]                  from ../libs/net/grl-net-wc.c:47:
[ 2655s] /usr/include/glib-2.0/gio/gsimpleasyncresult.h:122:21: note: declared here
[ 2655s]   122 | void                g_simple_async_result_set_error        (GSimpleAsyncResult      *simple,
[ 2655s]       |                     ^~~~~~~~~~~~~~~~~~~~~~~~~~~~~~~
[ 2655s] ../libs/net/grl-net-wc.c:446:5: warning: g_simple_async_result_set_error is deprecated [-Wdeprecated-declarations]
[ 2655s]   446 |     g_simple_async_result_set_error (result, G_IO_ERROR,
[ 2655s]       |     ^~~~~~~~~~~~~~~~~~~~~~~~~~~~~~~
[ 2655s] In file included from /usr/include/glib-2.0/gio/gio.h:136,
[ 2655s]                  from /usr/include/libsoup-2.4/libsoup/soup-types.h:9,
[ 2655s]                  from /usr/include/libsoup-2.4/libsoup/soup-cache.h:26,
[ 2655s]                  from ../libs/net/grl-net-wc.c:47:
[ 2655s] /usr/include/glib-2.0/gio/gsimpleasyncresult.h:122:21: note: declared here
[ 2655s]   122 | void                g_simple_async_result_set_error        (GSimpleAsyncResult      *simple,
[ 2655s]       |                     ^~~~~~~~~~~~~~~~~~~~~~~~~~~~~~~
[ 2655s] ../libs/net/grl-net-wc.c:453:5: warning: g_simple_async_result_set_error is deprecated [-Wdeprecated-declarations]
[ 2655s]   453 |     g_simple_async_result_set_error (result, GRL_NET_WC_ERROR,
[ 2655s]       |     ^~~~~~~~~~~~~~~~~~~~~~~~~~~~~~~
[ 2655s] In file included from /usr/include/glib-2.0/gio/gio.h:136,
[ 2655s]                  from /usr/include/libsoup-2.4/libsoup/soup-types.h:9,
[ 2655s]                  from /usr/include/libsoup-2.4/libsoup/soup-cache.h:26,
[ 2655s]                  from ../libs/net/grl-net-wc.c:47:
[ 2655s] /usr/include/glib-2.0/gio/gsimpleasyncresult.h:122:21: note: declared here
[ 2655s]   122 | void                g_simple_async_result_set_error        (GSimpleAsyncResult      *simple,
[ 2655s]       |                     ^~~~~~~~~~~~~~~~~~~~~~~~~~~~~~~
[ 2655s] ../libs/net/grl-net-wc.c:460:5: warning: g_simple_async_result_set_error is deprecated [-Wdeprecated-declarations]
[ 2655s]   460 |     g_simple_async_result_set_error (result, GRL_NET_WC_ERROR,
[ 2655s]       |     ^~~~~~~~~~~~~~~~~~~~~~~~~~~~~~~
[ 2655s] In file included from /usr/include/glib-2.0/gio/gio.h:136,
[ 2655s]                  from /usr/include/libsoup-2.4/libsoup/soup-types.h:9,
[ 2655s]                  from /usr/include/libsoup-2.4/libsoup/soup-cache.h:26,
[ 2655s]                  from ../libs/net/grl-net-wc.c:47:
[ 2655s] /usr/include/glib-2.0/gio/gsimpleasyncresult.h:122:21: note: declared here
[ 2655s]   122 | void                g_simple_async_result_set_error        (GSimpleAsyncResult      *simple,
[ 2655s]       |                     ^~~~~~~~~~~~~~~~~~~~~~~~~~~~~~~
[ 2655s] ../libs/net/grl-net-wc.c:465:5: warning: g_simple_async_result_set_error is deprecated [-Wdeprecated-declarations]
[ 2655s]   465 |     g_simple_async_result_set_error (result, GRL_NET_WC_ERROR,
[ 2655s]       |     ^~~~~~~~~~~~~~~~~~~~~~~~~~~~~~~
[ 2655s] In file included from /usr/include/glib-2.0/gio/gio.h:136,
[ 2655s]                  from /usr/include/libsoup-2.4/libsoup/soup-types.h:9,
[ 2655s]                  from /usr/include/libsoup-2.4/libsoup/soup-cache.h:26,
[ 2655s]                  from ../libs/net/grl-net-wc.c:47:
[ 2655s] /usr/include/glib-2.0/gio/gsimpleasyncresult.h:122:21: note: declared here
[ 2655s]   122 | void                g_simple_async_result_set_error        (GSimpleAsyncResult      *simple,
[ 2655s]       |                     ^~~~~~~~~~~~~~~~~~~~~~~~~~~~~~~
[ 2655s] ../libs/net/grl-net-wc.c:472:5: warning: g_simple_async_result_set_error is deprecated [-Wdeprecated-declarations]
[ 2655s]   472 |     g_simple_async_result_set_error (result, GRL_NET_WC_ERROR,
[ 2655s]       |     ^~~~~~~~~~~~~~~~~~~~~~~~~~~~~~~
[ 2655s] In file included from /usr/include/glib-2.0/gio/gio.h:136,
[ 2655s]                  from /usr/include/libsoup-2.4/libsoup/soup-types.h:9,
[ 2655s]                  from /usr/include/libsoup-2.4/libsoup/soup-cache.h:26,
[ 2655s]                  from ../libs/net/grl-net-wc.c:47:
[ 2655s] /usr/include/glib-2.0/gio/gsimpleasyncresult.h:122:21: note: declared here
[ 2655s]   122 | void                g_simple_async_result_set_error        (GSimpleAsyncResult      *simple,
[ 2655s]       |                     ^~~~~~~~~~~~~~~~~~~~~~~~~~~~~~~
[ 2655s] ../libs/net/grl-net-wc.c:478:5: warning: g_simple_async_result_set_error is deprecated [-Wdeprecated-declarations]
[ 2655s]   478 |     g_simple_async_result_set_error (result, G_IO_ERROR,
[ 2655s]       |     ^~~~~~~~~~~~~~~~~~~~~~~~~~~~~~~
[ 2655s] In file included from /usr/include/glib-2.0/gio/gio.h:136,
[ 2655s]                  from /usr/include/libsoup-2.4/libsoup/soup-types.h:9,
[ 2655s]                  from /usr/include/libsoup-2.4/libsoup/soup-cache.h:26,
[ 2655s]                  from ../libs/net/grl-net-wc.c:47:
[ 2655s] /usr/include/glib-2.0/gio/gsimpleasyncresult.h:122:21: note: declared here
[ 2655s]   122 | void                g_simple_async_result_set_error        (GSimpleAsyncResult      *simple,
[ 2655s]       |                     ^~~~~~~~~~~~~~~~~~~~~~~~~~~~~~~
[ 2655s] ../libs/net/grl-net-wc.c:484:5: warning: g_simple_async_result_set_error is deprecated [-Wdeprecated-declarations]
[ 2655s]   484 |     g_simple_async_result_set_error (result, G_IO_ERROR,
[ 2655s]       |     ^~~~~~~~~~~~~~~~~~~~~~~~~~~~~~~
[ 2655s] In file included from /usr/include/glib-2.0/gio/gio.h:136,
[ 2655s]                  from /usr/include/libsoup-2.4/libsoup/soup-types.h:9,
[ 2655s]                  from /usr/include/libsoup-2.4/libsoup/soup-cache.h:26,
[ 2655s]                  from ../libs/net/grl-net-wc.c:47:
[ 2655s] /usr/include/glib-2.0/gio/gsimpleasyncresult.h:122:21: note: declared here
[ 2655s]   122 | void                g_simple_async_result_set_error        (GSimpleAsyncResult      *simple,
[ 2655s]       |                     ^~~~~~~~~~~~~~~~~~~~~~~~~~~~~~~
[ 2655s] ../libs/net/grl-net-wc.c: In function read_async_cb:
[ 2655s] ../libs/net/grl-net-wc.c:553:10: warning: g_simple_async_result_get_op_res_gpointer is deprecated [-Wdeprecated-declarations]
[ 2655s]   553 |   struct request_res *rr = g_simple_async_result_get_op_res_gpointer (result);;
[ 2655s]       |          ^~~~~~~~~~~
[ 2655s] In file included from /usr/include/glib-2.0/gio/gio.h:136,
[ 2655s]                  from /usr/include/libsoup-2.4/libsoup/soup-types.h:9,
[ 2655s]                  from /usr/include/libsoup-2.4/libsoup/soup-cache.h:26,
[ 2655s]                  from ../libs/net/grl-net-wc.c:47:
[ 2655s] /usr/include/glib-2.0/gio/gsimpleasyncresult.h:79:21: note: declared here
[ 2655s]    79 | gpointer            g_simple_async_result_get_op_res_gpointer (GSimpleAsyncResult      *simple);
[ 2655s]       |                     ^~~~~~~~~~~~~~~~~~~~~~~~~~~~~~~~~~~~~~~~~
[ 2655s] ../libs/net/grl-net-wc.c:590:7: warning: g_simple_async_result_set_error is deprecated [-Wdeprecated-declarations]
[ 2655s]   590 |       g_simple_async_result_set_error (result, G_IO_ERROR,
[ 2655s]       |       ^~~~~~~~~~~~~~~~~~~~~~~~~~~~~~~
[ 2655s] In file included from /usr/include/glib-2.0/gio/gio.h:136,
[ 2655s]                  from /usr/include/libsoup-2.4/libsoup/soup-types.h:9,
[ 2655s]                  from /usr/include/libsoup-2.4/libsoup/soup-cache.h:26,
[ 2655s]                  from ../libs/net/grl-net-wc.c:47:
[ 2655s] /usr/include/glib-2.0/gio/gsimpleasyncresult.h:122:21: note: declared here
[ 2655s]   122 | void                g_simple_async_result_set_error        (GSimpleAsyncResult      *simple,
[ 2655s]       |                     ^~~~~~~~~~~~~~~~~~~~~~~~~~~~~~~
[ 2655s] ../libs/net/grl-net-wc.c:594:7: warning: g_simple_async_result_set_error is deprecated [-Wdeprecated-declarations]
[ 2655s]   594 |       g_simple_async_result_set_error (result, G_IO_ERROR,
[ 2655s]       |       ^~~~~~~~~~~~~~~~~~~~~~~~~~~~~~~
[ 2655s] In file included from /usr/include/glib-2.0/gio/gio.h:136,
[ 2655s]                  from /usr/include/libsoup-2.4/libsoup/soup-types.h:9,
[ 2655s]                  from /usr/include/libsoup-2.4/libsoup/soup-cache.h:26,
[ 2655s]                  from ../libs/net/grl-net-wc.c:47:
[ 2655s] /usr/include/glib-2.0/gio/gsimpleasyncresult.h:122:21: note: declared here
[ 2655s]   122 | void                g_simple_async_result_set_error        (GSimpleAsyncResult      *simple,
[ 2655s]       |                     ^~~~~~~~~~~~~~~~~~~~~~~~~~~~~~~
[ 2655s] ../libs/net/grl-net-wc.c:601:5: warning: g_simple_async_result_complete is deprecated [-Wdeprecated-declarations]
[ 2655s]   601 |     g_simple_async_result_complete (result);
[ 2655s]       |     ^~~~~~~~~~~~~~~~~~~~~~~~~~~~~~
[ 2655s] In file included from /usr/include/glib-2.0/gio/gio.h:136,
[ 2655s]                  from /usr/include/libsoup-2.4/libsoup/soup-types.h:9,
[ 2655s]                  from /usr/include/libsoup-2.4/libsoup/soup-cache.h:26,
[ 2655s]                  from ../libs/net/grl-net-wc.c:47:
[ 2655s] /usr/include/glib-2.0/gio/gsimpleasyncresult.h:104:21: note: declared here
[ 2655s]   104 | void                g_simple_async_result_complete         (GSimpleAsyncResult      *simple);
[ 2655s]       |                     ^~~~~~~~~~~~~~~~~~~~~~~~~~~~~~
[ 2655s] ../libs/net/grl-net-wc.c:619:3: warning: g_simple_async_result_complete is deprecated [-Wdeprecated-declarations]
[ 2655s]   619 |   g_simple_async_result_complete (result);
[ 2655s]       |   ^~~~~~~~~~~~~~~~~~~~~~~~~~~~~~
[ 2655s] In file included from /usr/include/glib-2.0/gio/gio.h:136,
[ 2655s]                  from /usr/include/libsoup-2.4/libsoup/soup-types.h:9,
[ 2655s]                  from /usr/include/libsoup-2.4/libsoup/soup-cache.h:26,
[ 2655s]                  from ../libs/net/grl-net-wc.c:47:
[ 2655s] /usr/include/glib-2.0/gio/gsimpleasyncresult.h:104:21: note: declared here
[ 2655s]   104 | void                g_simple_async_result_complete         (GSimpleAsyncResult      *simple);
[ 2655s]       |                     ^~~~~~~~~~~~~~~~~~~~~~~~~~~~~~
[ 2655s] ../libs/net/grl-net-wc.c: In function reply_cb:
[ 2655s] ../libs/net/grl-net-wc.c:629:10: warning: g_simple_async_result_get_op_res_gpointer is deprecated [-Wdeprecated-declarations]
[ 2655s]   629 |   struct request_res *rr = g_simple_async_result_get_op_res_gpointer (result);
[ 2655s]       |          ^~~~~~~~~~~
[ 2655s] In file included from /usr/include/glib-2.0/gio/gio.h:136,
[ 2655s]                  from /usr/include/libsoup-2.4/libsoup/soup-types.h:9,
[ 2655s]                  from /usr/include/libsoup-2.4/libsoup/soup-cache.h:26,
[ 2655s]                  from ../libs/net/grl-net-wc.c:47:
[ 2655s] /usr/include/glib-2.0/gio/gsimpleasyncresult.h:79:21: note: declared here
[ 2655s]    79 | gpointer            g_simple_async_result_get_op_res_gpointer (GSimpleAsyncResult      *simple);
[ 2655s]       |                     ^~~~~~~~~~~~~~~~~~~~~~~~~~~~~~~~~~~~~~~~~
[ 2655s] ../libs/net/grl-net-wc.c:636:7: warning: g_simple_async_result_set_from_error is deprecated [-Wdeprecated-declarations]
[ 2655s]   636 |       g_simple_async_result_set_from_error (result, error);
[ 2655s]       |       ^~~~~~~~~~~~~~~~~~~~~~~~~~~~~~~~~~~~
[ 2655s] In file included from /usr/include/glib-2.0/gio/gio.h:136,
[ 2655s]                  from /usr/include/libsoup-2.4/libsoup/soup-types.h:9,
[ 2655s]                  from /usr/include/libsoup-2.4/libsoup/soup-cache.h:26,
[ 2655s]                  from ../libs/net/grl-net-wc.c:47:
[ 2655s] /usr/include/glib-2.0/gio/gsimpleasyncresult.h:113:21: note: declared here
[ 2655s]   113 | void                g_simple_async_result_set_from_error   (GSimpleAsyncResult      *simple,
[ 2655s]       |                     ^~~~~~~~~~~~~~~~~~~~~~~~~~~~~~~~~~~~
[ 2655s] ../libs/net/grl-net-wc.c:638:7: warning: g_simple_async_result_set_error is deprecated [-Wdeprecated-declarations]
[ 2655s]   638 |       g_simple_async_result_set_error (result, G_IO_ERROR,
[ 2655s]       |       ^~~~~~~~~~~~~~~~~~~~~~~~~~~~~~~
[ 2655s] In file included from /usr/include/glib-2.0/gio/gio.h:136,
[ 2655s]                  from /usr/include/libsoup-2.4/libsoup/soup-types.h:9,
[ 2655s]                  from /usr/include/libsoup-2.4/libsoup/soup-cache.h:26,
[ 2655s]                  from ../libs/net/grl-net-wc.c:47:
[ 2655s] /usr/include/glib-2.0/gio/gsimpleasyncresult.h:122:21: note: declared here
[ 2655s]   122 | void                g_simple_async_result_set_error        (GSimpleAsyncResult      *simple,
[ 2655s]       |                     ^~~~~~~~~~~~~~~~~~~~~~~~~~~~~~~
[ 2655s] ../libs/net/grl-net-wc.c:644:5: warning: g_simple_async_result_complete is deprecated [-Wdeprecated-declarations]
[ 2655s]   644 |     g_simple_async_result_complete (result);
[ 2655s]       |     ^~~~~~~~~~~~~~~~~~~~~~~~~~~~~~
[ 2655s] In file included from /usr/include/glib-2.0/gio/gio.h:136,
[ 2655s]                  from /usr/include/libsoup-2.4/libsoup/soup-types.h:9,
[ 2655s]                  from /usr/include/libsoup-2.4/libsoup/soup-cache.h:26,
[ 2655s]                  from ../libs/net/grl-net-wc.c:47:
[ 2655s] /usr/include/glib-2.0/gio/gsimpleasyncresult.h:104:21: note: declared here
[ 2655s]   104 | void                g_simple_async_result_complete         (GSimpleAsyncResult      *simple);
[ 2655s]       |                     ^~~~~~~~~~~~~~~~~~~~~~~~~~~~~~
[ 2655s] ../libs/net/grl-net-wc.c: In function get_url_now:
[ 2655s] ../libs/net/grl-net-wc.c:675:3: warning: g_simple_async_result_set_op_res_gpointer is deprecated [-Wdeprecated-declarations]
[ 2655s]   675 |   g_simple_async_result_set_op_res_gpointer (G_SIMPLE_ASYNC_RESULT (result),
[ 2655s]       |   ^~~~~~~~~~~~~~~~~~~~~~~~~~~~~~~~~~~~~~~~~
[ 2655s] In file included from /usr/include/glib-2.0/gio/gio.h:136,
[ 2655s]                  from /usr/include/libsoup-2.4/libsoup/soup-types.h:9,
[ 2655s]                  from /usr/include/libsoup-2.4/libsoup/soup-cache.h:26,
[ 2655s]                  from ../libs/net/grl-net-wc.c:47:
[ 2655s] /usr/include/glib-2.0/gio/gsimpleasyncresult.h:75:21: note: declared here
[ 2655s]    75 | void                g_simple_async_result_set_op_res_gpointer (GSimpleAsyncResult      *simple,
[ 2655s]       |                     ^~~~~~~~~~~~~~~~~~~~~~~~~~~~~~~~~~~~~~~~~
[ 2655s] ../libs/net/grl-net-wc.c:688:5: warning: g_simple_async_result_set_error is deprecated [-Wdeprecated-declarations]
[ 2655s]   688 |     g_simple_async_result_set_error (G_SIMPLE_ASYNC_RESULT (result),
[ 2655s]       |     ^~~~~~~~~~~~~~~~~~~~~~~~~~~~~~~
[ 2655s] In file included from /usr/include/glib-2.0/gio/gio.h:136,
[ 2655s]                  from /usr/include/libsoup-2.4/libsoup/soup-types.h:9,
[ 2655s]                  from /usr/include/libsoup-2.4/libsoup/soup-cache.h:26,
[ 2655s]                  from ../libs/net/grl-net-wc.c:47:
[ 2655s] /usr/include/glib-2.0/gio/gsimpleasyncresult.h:122:21: note: declared here
[ 2655s]   122 | void                g_simple_async_result_set_error        (GSimpleAsyncResult      *simple,
[ 2655s]       |                     ^~~~~~~~~~~~~~~~~~~~~~~~~~~~~~~
[ 2655s] ../libs/net/grl-net-wc.c:693:5: warning: g_simple_async_result_complete is deprecated [-Wdeprecated-declarations]
[ 2655s]   693 |     g_simple_async_result_complete (G_SIMPLE_ASYNC_RESULT (result));
[ 2655s]       |     ^~~~~~~~~~~~~~~~~~~~~~~~~~~~~~
[ 2655s] In file included from /usr/include/glib-2.0/gio/gio.h:136,
[ 2655s]                  from /usr/include/libsoup-2.4/libsoup/soup-types.h:9,
[ 2655s]                  from /usr/include/libsoup-2.4/libsoup/soup-cache.h:26,
[ 2655s]                  from ../libs/net/grl-net-wc.c:47:
[ 2655s] /usr/include/glib-2.0/gio/gsimpleasyncresult.h:104:21: note: declared here
[ 2655s]   104 | void                g_simple_async_result_complete         (GSimpleAsyncResult      *simple);
[ 2655s]       |                     ^~~~~~~~~~~~~~~~~~~~~~~~~~~~~~
[ 2655s] ../libs/net/grl-net-wc.c: In function grl_net_wc_request_with_headers_hash_async:
[ 2655s] ../libs/net/grl-net-wc.c:936:3: warning: g_simple_async_result_new is deprecated: Use 'g_task_new' instead [-Wdeprecated-declarations]
[ 2655s]   936 |   result = g_simple_async_result_new (G_OBJECT (self),
[ 2655s]       |   ^~~~~~
[ 2655s] In file included from /usr/include/glib-2.0/gio/gio.h:136,
[ 2655s]                  from /usr/include/libsoup-2.4/libsoup/soup-types.h:9,
[ 2655s]                  from /usr/include/libsoup-2.4/libsoup/soup-cache.h:26,
[ 2655s]                  from ../libs/net/grl-net-wc.c:47:
[ 2655s] /usr/include/glib-2.0/gio/gsimpleasyncresult.h:51:21: note: declared here
[ 2655s]    51 | GSimpleAsyncResult *g_simple_async_result_new              (GObject                 *source_object,
[ 2655s]       |                     ^~~~~~~~~~~~~~~~~~~~~~~~~
[ 2655s] ../libs/net/grl-net-wc.c: In function grl_net_wc_request_finish:
[ 2655s] ../libs/net/grl-net-wc.c:974:3: warning: g_simple_async_result_get_source_tag is deprecated [-Wdeprecated-declarations]
[ 2655s]   974 |   g_warn_if_fail (g_simple_async_result_get_source_tag (res) ==
[ 2655s]       |   ^~~~~~~~~~~~~~
[ 2655s] In file included from /usr/include/glib-2.0/gio/gio.h:136,
[ 2655s]                  from /usr/include/libsoup-2.4/libsoup/soup-types.h:9,
[ 2655s]                  from /usr/include/libsoup-2.4/libsoup/soup-cache.h:26,
[ 2655s]                  from ../libs/net/grl-net-wc.c:47:
[ 2655s] /usr/include/glib-2.0/gio/gsimpleasyncresult.h:99:21: note: declared here
[ 2655s]    99 | gpointer            g_simple_async_result_get_source_tag   (GSimpleAsyncResult      *simple);
[ 2655s]       |                     ^~~~~~~~~~~~~~~~~~~~~~~~~~~~~~~~~~~~
[ 2655s] ../libs/net/grl-net-wc.c:977:3: warning: g_simple_async_result_get_op_res_gpointer is deprecated [-Wdeprecated-declarations]
[ 2655s]   977 |   void *op = g_simple_async_result_get_op_res_gpointer (res);
[ 2655s]       |   ^~~~
[ 2655s] In file included from /usr/include/glib-2.0/gio/gio.h:136,
[ 2655s]                  from /usr/include/libsoup-2.4/libsoup/soup-types.h:9,
[ 2655s]                  from /usr/include/libsoup-2.4/libsoup/soup-cache.h:26,
[ 2655s]                  from ../libs/net/grl-net-wc.c:47:
[ 2655s] /usr/include/glib-2.0/gio/gsimpleasyncresult.h:79:21: note: declared here
[ 2655s]    79 | gpointer            g_simple_async_result_get_op_res_gpointer (GSimpleAsyncResult      *simple);
[ 2655s]       |                     ^~~~~~~~~~~~~~~~~~~~~~~~~~~~~~~~~~~~~~~~~
[ 2655s] ../libs/net/grl-net-wc.c:979:3: warning: g_simple_async_result_propagate_error is deprecated [-Wdeprecated-declarations]
[ 2655s]   979 |   if (g_simple_async_result_propagate_error (res, error) == TRUE) {
[ 2655s]       |   ^~
[ 2655s] In file included from /usr/include/glib-2.0/gio/gio.h:136,
[ 2655s]                  from /usr/include/libsoup-2.4/libsoup/soup-types.h:9,
[ 2655s]                  from /usr/include/libsoup-2.4/libsoup/soup-cache.h:26,
[ 2655s]                  from ../libs/net/grl-net-wc.c:47:
[ 2655s] /usr/include/glib-2.0/gio/gsimpleasyncresult.h:119:21: note: declared here
[ 2655s]   119 | gboolean            g_simple_async_result_propagate_error  (GSimpleAsyncResult      *simple,
[ 2655s]       |                     ^~~~~~~~~~~~~~~~~~~~~~~~~~~~~~~~~~~~~
[ 2656s] [9/70] cc -Ilibs/pls/libgrlpls-0.3.so.0.313.0.p -Ilibs/pls -I../libs/pls -Isrc -I../src -I../src/data -I/usr/include/totem-pl-parser/1/plparser -I/usr/include/glib-2.0 -I/usr/lib64/glib-2.0/include -I/usr/include/libmount -I/usr/include/blkid -I/usr/include/libxml2 -fdiagnostics-color=always -D_FILE_OFFSET_BITS=64 -Wall -Winvalid-pch -std=gnu99 -O2 -g -pipe -Wall -Werror=format-security -Wp,-D_FORTIFY_SOURCE=2 -Wp,-D_GLIBCXX_ASSERTIONS -fstack-protector-strong -grecord-gcc-switches -specs=/usr/lib/rpm/generic-hardened-cc1 -fasynchronous-unwind-tables -fstack-clash-protection -fPIC -pthread -DHAVE_CONFIG_H -MD -MQ libs/pls/libgrlpls-0.3.so.0.313.0.p/grl-pls.c.o -MF libs/pls/libgrlpls-0.3.so.0.313.0.p/grl-pls.c.o.d -o libs/pls/libgrlpls-0.3.so.0.313.0.p/grl-pls.c.o -c ../libs/pls/grl-pls.c
[ 2658s] [10/70] cc -Isrc/libgrilo-0.3.so.0.313.1.p -Isrc -I../src -I../src/data -I/usr/include/glib-2.0 -I/usr/lib64/glib-2.0/include -I/usr/include/libmount -I/usr/include/blkid -I/usr/include/libxml2 -fdiagnostics-color=always -D_FILE_OFFSET_BITS=64 -Wall -Winvalid-pch -std=gnu99 -O2 -g -pipe -Wall -Werror=format-security -Wp,-D_FORTIFY_SOURCE=2 -Wp,-D_GLIBCXX_ASSERTIONS -fstack-protector-strong -grecord-gcc-switches -specs=/usr/lib/rpm/generic-hardened-cc1 -fasynchronous-unwind-tables -fstack-clash-protection -fPIC -pthread -DGRILO_COMPILATION '-DG_LOG_DOMAIN="Grilo"' -DHAVE_CONFIG_H -MD -MQ src/libgrilo-0.3.so.0.313.1.p/meson-generated_.._grl-marshal.c.o -MF src/libgrilo-0.3.so.0.313.1.p/meson-generated_.._grl-marshal.c.o.d -o src/libgrilo-0.3.so.0.313.1.p/meson-generated_.._grl-marshal.c.o -c src/grl-marshal.c
[ 2660s] [11/70] cc -Itests/autoptr.p -Itests -I../tests -Isrc -I../src -I../src/data -Ilibs -I../libs -I/usr/include/glib-2.0 -I/usr/lib64/glib-2.0/include -I/usr/include/libmount -I/usr/include/blkid -I/usr/include/libxml2 -I/usr/include/libsoup-2.4 -I/usr/include/sysprof-4 -fdiagnostics-color=always -D_FILE_OFFSET_BITS=64 -Wall -Winvalid-pch -std=gnu99 -O2 -g -pipe -Wall -Werror=format-security -Wp,-D_FORTIFY_SOURCE=2 -Wp,-D_GLIBCXX_ASSERTIONS -fstack-protector-strong -grecord-gcc-switches -specs=/usr/lib/rpm/generic-hardened-cc1 -fasynchronous-unwind-tables -fstack-clash-protection -pthread -MD -MQ tests/autoptr.p/autoptr.c.o -MF tests/autoptr.p/autoptr.c.o.d -o tests/autoptr.p/autoptr.c.o -c ../tests/autoptr.c
[ 2662s] [12/70] cc -Itests/lib-net.p -Itests -I../tests -Isrc -I../src -I../src/data -Ilibs -I../libs -I/usr/include/glib-2.0 -I/usr/lib64/glib-2.0/include -I/usr/include/libmount -I/usr/include/blkid -I/usr/include/libxml2 -I/usr/include/libsoup-2.4 -I/usr/include/sysprof-4 -fdiagnostics-color=always -D_FILE_OFFSET_BITS=64 -Wall -Winvalid-pch -std=gnu99 -O2 -g -pipe -Wall -Werror=format-security -Wp,-D_FORTIFY_SOURCE=2 -Wp,-D_GLIBCXX_ASSERTIONS -fstack-protector-strong -grecord-gcc-switches -specs=/usr/lib/rpm/generic-hardened-cc1 -fasynchronous-unwind-tables -fstack-clash-protection -pthread -MD -MQ tests/lib-net.p/lib-net.c.o -MF tests/lib-net.p/lib-net.c.o.d -o tests/lib-net.p/lib-net.c.o -c ../tests/lib-net.c
[ 2664s] [13/70] /usr/bin/meson --internal exe --capture src/grl-type-builtins.c -- /usr/bin/glib-mkenums --template /home/abuild/rpmbuild/BUILD/grilo-0.3.13/riscv64-openEuler-linux-gnu/../src/grl-type-builtins.c.template /home/abuild/rpmbuild/BUILD/grilo-0.3.13/riscv64-openEuler-linux-gnu/../src/data/grl-media.h /home/abuild/rpmbuild/BUILD/grilo-0.3.13/riscv64-openEuler-linux-gnu/../src/grl-caps.h /home/abuild/rpmbuild/BUILD/grilo-0.3.13/riscv64-openEuler-linux-gnu/../src/grl-metadata-key.h /home/abuild/rpmbuild/BUILD/grilo-0.3.13/riscv64-openEuler-linux-gnu/../src/grl-operation-options.h /home/abuild/rpmbuild/BUILD/grilo-0.3.13/riscv64-openEuler-linux-gnu/../src/grl-source.h
[ 2665s] [14/70] cc -Isrc/libgrilo-0.3.so.0.313.1.p -Isrc -I../src -I../src/data -I/usr/include/glib-2.0 -I/usr/lib64/glib-2.0/include -I/usr/include/libmount -I/usr/include/blkid -I/usr/include/libxml2 -fdiagnostics-color=always -D_FILE_OFFSET_BITS=64 -Wall -Winvalid-pch -std=gnu99 -O2 -g -pipe -Wall -Werror=format-security -Wp,-D_FORTIFY_SOURCE=2 -Wp,-D_GLIBCXX_ASSERTIONS -fstack-protector-strong -grecord-gcc-switches -specs=/usr/lib/rpm/generic-hardened-cc1 -fasynchronous-unwind-tables -fstack-clash-protection -fPIC -pthread -DGRILO_COMPILATION '-DG_LOG_DOMAIN="Grilo"' -DHAVE_CONFIG_H -MD -MQ src/libgrilo-0.3.so.0.313.1.p/data_grl-config.c.o -MF src/libgrilo-0.3.so.0.313.1.p/data_grl-config.c.o.d -o src/libgrilo-0.3.so.0.313.1.p/data_grl-config.c.o -c ../src/data/grl-config.c
[ 2667s] [15/70] cc -Itests/media.p -Itests -I../tests -Isrc -I../src -I../src/data -Ilibs -I../libs -I/usr/include/glib-2.0 -I/usr/lib64/glib-2.0/include -I/usr/include/libmount -I/usr/include/blkid -I/usr/include/libxml2 -I/usr/include/libsoup-2.4 -I/usr/include/sysprof-4 -fdiagnostics-color=always -D_FILE_OFFSET_BITS=64 -Wall -Winvalid-pch -std=gnu99 -O2 -g -pipe -Wall -Werror=format-security -Wp,-D_FORTIFY_SOURCE=2 -Wp,-D_GLIBCXX_ASSERTIONS -fstack-protector-strong -grecord-gcc-switches -specs=/usr/lib/rpm/generic-hardened-cc1 -fasynchronous-unwind-tables -fstack-clash-protection -pthread -MD -MQ tests/media.p/media.c.o -MF tests/media.p/media.c.o.d -o tests/media.p/media.c.o -c ../tests/media.c
[ 2671s] [16/70] cc -Itools/grilo-test-ui/grilo-test-ui-0.3.p -Itools/grilo-test-ui -I../tools/grilo-test-ui -Isrc -I../src -I../src/data -I/usr/include/glib-2.0 -I/usr/lib64/glib-2.0/include -I/usr/include/gtk-3.0 -I/usr/include/pango-1.0 -I/usr/include/harfbuzz -I/usr/include/freetype2 -I/usr/include/libpng16 -I/usr/include/libmount -I/usr/include/blkid -I/usr/include/fribidi -I/usr/include/libxml2 -I/usr/include/cairo -I/usr/include/pixman-1 -I/usr/include/gdk-pixbuf-2.0 -I/usr/include/gio-unix-2.0 -I/usr/include/atk-1.0 -I/usr/include/at-spi2-atk/2.0 -I/usr/include/dbus-1.0 -I/usr/lib64/dbus-1.0/include -I/usr/include/at-spi-2.0 -I/usr/include/nss3 -I/usr/include/nspr4 -fdiagnostics-color=always -D_FILE_OFFSET_BITS=64 -Wall -Winvalid-pch -std=gnu99 -O2 -g -pipe -Wall -Werror=format-security -Wp,-D_FORTIFY_SOURCE=2 -Wp,-D_GLIBCXX_ASSERTIONS -fstack-protector-strong -grecord-gcc-switches -specs=/usr/lib/rpm/generic-hardened-cc1 -fasynchronous-unwind-tables -fstack-clash-protection -pthread -MD -MQ tools/grilo-test-ui/grilo-test-ui-0.3.p/main.c.o -MF tools/grilo-test-ui/grilo-test-ui-0.3.p/main.c.o.d -o tools/grilo-test-ui/grilo-test-ui-0.3.p/main.c.o -c ../tools/grilo-test-ui/main.c
[ 2672s] [17/70] cc -Isrc/libgrilo-0.3.so.0.313.1.p -Isrc -I../src -I../src/data -I/usr/include/glib-2.0 -I/usr/lib64/glib-2.0/include -I/usr/include/libmount -I/usr/include/blkid -I/usr/include/libxml2 -fdiagnostics-color=always -D_FILE_OFFSET_BITS=64 -Wall -Winvalid-pch -std=gnu99 -O2 -g -pipe -Wall -Werror=format-security -Wp,-D_FORTIFY_SOURCE=2 -Wp,-D_GLIBCXX_ASSERTIONS -fstack-protector-strong -grecord-gcc-switches -specs=/usr/lib/rpm/generic-hardened-cc1 -fasynchronous-unwind-tables -fstack-clash-protection -fPIC -pthread -DGRILO_COMPILATION '-DG_LOG_DOMAIN="Grilo"' -DHAVE_CONFIG_H -MD -MQ src/libgrilo-0.3.so.0.313.1.p/grl-caps.c.o -MF src/libgrilo-0.3.so.0.313.1.p/grl-caps.c.o.d -o src/libgrilo-0.3.so.0.313.1.p/grl-caps.c.o -c ../src/grl-caps.c
[ 2672s] [18/70] cc -Isrc/libgrilo-0.3.so.0.313.1.p -Isrc -I../src -I../src/data -I/usr/include/glib-2.0 -I/usr/lib64/glib-2.0/include -I/usr/include/libmount -I/usr/include/blkid -I/usr/include/libxml2 -fdiagnostics-color=always -D_FILE_OFFSET_BITS=64 -Wall -Winvalid-pch -std=gnu99 -O2 -g -pipe -Wall -Werror=format-security -Wp,-D_FORTIFY_SOURCE=2 -Wp,-D_GLIBCXX_ASSERTIONS -fstack-protector-strong -grecord-gcc-switches -specs=/usr/lib/rpm/generic-hardened-cc1 -fasynchronous-unwind-tables -fstack-clash-protection -fPIC -pthread -DGRILO_COMPILATION '-DG_LOG_DOMAIN="Grilo"' -DHAVE_CONFIG_H -MD -MQ src/libgrilo-0.3.so.0.313.1.p/grilo.c.o -MF src/libgrilo-0.3.so.0.313.1.p/grilo.c.o.d -o src/libgrilo-0.3.so.0.313.1.p/grilo.c.o -c ../src/grilo.c
[ 2673s] [19/70] cc -Isrc/libgrilo-0.3.so.0.313.1.p -Isrc -I../src -I../src/data -I/usr/include/glib-2.0 -I/usr/lib64/glib-2.0/include -I/usr/include/libmount -I/usr/include/blkid -I/usr/include/libxml2 -fdiagnostics-color=always -D_FILE_OFFSET_BITS=64 -Wall -Winvalid-pch -std=gnu99 -O2 -g -pipe -Wall -Werror=format-security -Wp,-D_FORTIFY_SOURCE=2 -Wp,-D_GLIBCXX_ASSERTIONS -fstack-protector-strong -grecord-gcc-switches -specs=/usr/lib/rpm/generic-hardened-cc1 -fasynchronous-unwind-tables -fstack-clash-protection -fPIC -pthread -DGRILO_COMPILATION '-DG_LOG_DOMAIN="Grilo"' -DHAVE_CONFIG_H -MD -MQ src/libgrilo-0.3.so.0.313.1.p/meson-generated_.._grl-type-builtins.c.o -MF src/libgrilo-0.3.so.0.313.1.p/meson-generated_.._grl-type-builtins.c.o.d -o src/libgrilo-0.3.so.0.313.1.p/meson-generated_.._grl-type-builtins.c.o -c src/grl-type-builtins.c
[ 2674s] [20/70] cc -Isrc/libgrilo-0.3.so.0.313.1.p -Isrc -I../src -I../src/data -I/usr/include/glib-2.0 -I/usr/lib64/glib-2.0/include -I/usr/include/libmount -I/usr/include/blkid -I/usr/include/libxml2 -fdiagnostics-color=always -D_FILE_OFFSET_BITS=64 -Wall -Winvalid-pch -std=gnu99 -O2 -g -pipe -Wall -Werror=format-security -Wp,-D_FORTIFY_SOURCE=2 -Wp,-D_GLIBCXX_ASSERTIONS -fstack-protector-strong -grecord-gcc-switches -specs=/usr/lib/rpm/generic-hardened-cc1 -fasynchronous-unwind-tables -fstack-clash-protection -fPIC -pthread -DGRILO_COMPILATION '-DG_LOG_DOMAIN="Grilo"' -DHAVE_CONFIG_H -MD -MQ src/libgrilo-0.3.so.0.313.1.p/data_grl-data.c.o -MF src/libgrilo-0.3.so.0.313.1.p/data_grl-data.c.o.d -o src/libgrilo-0.3.so.0.313.1.p/data_grl-data.c.o -c ../src/data/grl-data.c
[ 2674s] [21/70] cc -Isrc/libgrilo-0.3.so.0.313.1.p -Isrc -I../src -I../src/data -I/usr/include/glib-2.0 -I/usr/lib64/glib-2.0/include -I/usr/include/libmount -I/usr/include/blkid -I/usr/include/libxml2 -fdiagnostics-color=always -D_FILE_OFFSET_BITS=64 -Wall -Winvalid-pch -std=gnu99 -O2 -g -pipe -Wall -Werror=format-security -Wp,-D_FORTIFY_SOURCE=2 -Wp,-D_GLIBCXX_ASSERTIONS -fstack-protector-strong -grecord-gcc-switches -specs=/usr/lib/rpm/generic-hardened-cc1 -fasynchronous-unwind-tables -fstack-clash-protection -fPIC -pthread -DGRILO_COMPILATION '-DG_LOG_DOMAIN="Grilo"' -DHAVE_CONFIG_H -MD -MQ src/libgrilo-0.3.so.0.313.1.p/grl-log.c.o -MF src/libgrilo-0.3.so.0.313.1.p/grl-log.c.o.d -o src/libgrilo-0.3.so.0.313.1.p/grl-log.c.o -c ../src/grl-log.c
[ 2675s] [22/70] cc -Isrc/libgrilo-0.3.so.0.313.1.p -Isrc -I../src -I../src/data -I/usr/include/glib-2.0 -I/usr/lib64/glib-2.0/include -I/usr/include/libmount -I/usr/include/blkid -I/usr/include/libxml2 -fdiagnostics-color=always -D_FILE_OFFSET_BITS=64 -Wall -Winvalid-pch -std=gnu99 -O2 -g -pipe -Wall -Werror=format-security -Wp,-D_FORTIFY_SOURCE=2 -Wp,-D_GLIBCXX_ASSERTIONS -fstack-protector-strong -grecord-gcc-switches -specs=/usr/lib/rpm/generic-hardened-cc1 -fasynchronous-unwind-tables -fstack-clash-protection -fPIC -pthread -DGRILO_COMPILATION '-DG_LOG_DOMAIN="Grilo"' -DHAVE_CONFIG_H -MD -MQ src/libgrilo-0.3.so.0.313.1.p/data_grl-related-keys.c.o -MF src/libgrilo-0.3.so.0.313.1.p/data_grl-related-keys.c.o.d -o src/libgrilo-0.3.so.0.313.1.p/data_grl-related-keys.c.o -c ../src/data/grl-related-keys.c
[ 2679s] [23/70] cc -Isrc/libgrilo-0.3.so.0.313.1.p -Isrc -I../src -I../src/data -I/usr/include/glib-2.0 -I/usr/lib64/glib-2.0/include -I/usr/include/libmount -I/usr/include/blkid -I/usr/include/libxml2 -fdiagnostics-color=always -D_FILE_OFFSET_BITS=64 -Wall -Winvalid-pch -std=gnu99 -O2 -g -pipe -Wall -Werror=format-security -Wp,-D_FORTIFY_SOURCE=2 -Wp,-D_GLIBCXX_ASSERTIONS -fstack-protector-strong -grecord-gcc-switches -specs=/usr/lib/rpm/generic-hardened-cc1 -fasynchronous-unwind-tables -fstack-clash-protection -fPIC -pthread -DGRILO_COMPILATION '-DG_LOG_DOMAIN="Grilo"' -DHAVE_CONFIG_H -MD -MQ src/libgrilo-0.3.so.0.313.1.p/grl-operation.c.o -MF src/libgrilo-0.3.so.0.313.1.p/grl-operation.c.o.d -o src/libgrilo-0.3.so.0.313.1.p/grl-operation.c.o -c ../src/grl-operation.c
[ 2681s] [24/70] cc -Isrc/libgrilo-0.3.so.0.313.1.p -Isrc -I../src -I../src/data -I/usr/include/glib-2.0 -I/usr/lib64/glib-2.0/include -I/usr/include/libmount -I/usr/include/blkid -I/usr/include/libxml2 -fdiagnostics-color=always -D_FILE_OFFSET_BITS=64 -Wall -Winvalid-pch -std=gnu99 -O2 -g -pipe -Wall -Werror=format-security -Wp,-D_FORTIFY_SOURCE=2 -Wp,-D_GLIBCXX_ASSERTIONS -fstack-protector-strong -grecord-gcc-switches -specs=/usr/lib/rpm/generic-hardened-cc1 -fasynchronous-unwind-tables -fstack-clash-protection -fPIC -pthread -DGRILO_COMPILATION '-DG_LOG_DOMAIN="Grilo"' -DHAVE_CONFIG_H -MD -MQ src/libgrilo-0.3.so.0.313.1.p/grl-range-value.c.o -MF src/libgrilo-0.3.so.0.313.1.p/grl-range-value.c.o.d -o src/libgrilo-0.3.so.0.313.1.p/grl-range-value.c.o -c ../src/grl-range-value.c
[ 2683s] [25/70] cc -Isrc/libgrilo-0.3.so.0.313.1.p -Isrc -I../src -I../src/data -I/usr/include/glib-2.0 -I/usr/lib64/glib-2.0/include -I/usr/include/libmount -I/usr/include/blkid -I/usr/include/libxml2 -fdiagnostics-color=always -D_FILE_OFFSET_BITS=64 -Wall -Winvalid-pch -std=gnu99 -O2 -g -pipe -Wall -Werror=format-security -Wp,-D_FORTIFY_SOURCE=2 -Wp,-D_GLIBCXX_ASSERTIONS -fstack-protector-strong -grecord-gcc-switches -specs=/usr/lib/rpm/generic-hardened-cc1 -fasynchronous-unwind-tables -fstack-clash-protection -fPIC -pthread -DGRILO_COMPILATION '-DG_LOG_DOMAIN="Grilo"' -DHAVE_CONFIG_H -MD -MQ src/libgrilo-0.3.so.0.313.1.p/grl-metadata-key.c.o -MF src/libgrilo-0.3.so.0.313.1.p/grl-metadata-key.c.o.d -o src/libgrilo-0.3.so.0.313.1.p/grl-metadata-key.c.o -c ../src/grl-metadata-key.c
[ 2685s] [26/70] cc -Isrc/libgrilo-0.3.so.0.313.1.p -Isrc -I../src -I../src/data -I/usr/include/glib-2.0 -I/usr/lib64/glib-2.0/include -I/usr/include/libmount -I/usr/include/blkid -I/usr/include/libxml2 -fdiagnostics-color=always -D_FILE_OFFSET_BITS=64 -Wall -Winvalid-pch -std=gnu99 -O2 -g -pipe -Wall -Werror=format-security -Wp,-D_FORTIFY_SOURCE=2 -Wp,-D_GLIBCXX_ASSERTIONS -fstack-protector-strong -grecord-gcc-switches -specs=/usr/lib/rpm/generic-hardened-cc1 -fasynchronous-unwind-tables -fstack-clash-protection -fPIC -pthread -DGRILO_COMPILATION '-DG_LOG_DOMAIN="Grilo"' -DHAVE_CONFIG_H -MD -MQ src/libgrilo-0.3.so.0.313.1.p/grl-multiple.c.o -MF src/libgrilo-0.3.so.0.313.1.p/grl-multiple.c.o.d -o src/libgrilo-0.3.so.0.313.1.p/grl-multiple.c.o -c ../src/grl-multiple.c
[ 2686s] [27/70] cc -Isrc/libgrilo-0.3.so.0.313.1.p -Isrc -I../src -I../src/data -I/usr/include/glib-2.0 -I/usr/lib64/glib-2.0/include -I/usr/include/libmount -I/usr/include/blkid -I/usr/include/libxml2 -fdiagnostics-color=always -D_FILE_OFFSET_BITS=64 -Wall -Winvalid-pch -std=gnu99 -O2 -g -pipe -Wall -Werror=format-security -Wp,-D_FORTIFY_SOURCE=2 -Wp,-D_GLIBCXX_ASSERTIONS -fstack-protector-strong -grecord-gcc-switches -specs=/usr/lib/rpm/generic-hardened-cc1 -fasynchronous-unwind-tables -fstack-clash-protection -fPIC -pthread -DGRILO_COMPILATION '-DG_LOG_DOMAIN="Grilo"' -DHAVE_CONFIG_H -MD -MQ src/libgrilo-0.3.so.0.313.1.p/grl-sync.c.o -MF src/libgrilo-0.3.so.0.313.1.p/grl-sync.c.o.d -o src/libgrilo-0.3.so.0.313.1.p/grl-sync.c.o -c ../src/grl-sync.c
[ 2686s] [28/70] cc -Isrc/libgrilo-0.3.so.0.313.1.p -Isrc -I../src -I../src/data -I/usr/include/glib-2.0 -I/usr/lib64/glib-2.0/include -I/usr/include/libmount -I/usr/include/blkid -I/usr/include/libxml2 -fdiagnostics-color=always -D_FILE_OFFSET_BITS=64 -Wall -Winvalid-pch -std=gnu99 -O2 -g -pipe -Wall -Werror=format-security -Wp,-D_FORTIFY_SOURCE=2 -Wp,-D_GLIBCXX_ASSERTIONS -fstack-protector-strong -grecord-gcc-switches -specs=/usr/lib/rpm/generic-hardened-cc1 -fasynchronous-unwind-tables -fstack-clash-protection -fPIC -pthread -DGRILO_COMPILATION '-DG_LOG_DOMAIN="Grilo"' -DHAVE_CONFIG_H -MD -MQ src/libgrilo-0.3.so.0.313.1.p/grl-operation-options.c.o -MF src/libgrilo-0.3.so.0.313.1.p/grl-operation-options.c.o.d -o src/libgrilo-0.3.so.0.313.1.p/grl-operation-options.c.o -c ../src/grl-operation-options.c
[ 2688s] [29/70] cc -Isrc/libgrilo-0.3.so.0.313.1.p -Isrc -I../src -I../src/data -I/usr/include/glib-2.0 -I/usr/lib64/glib-2.0/include -I/usr/include/libmount -I/usr/include/blkid -I/usr/include/libxml2 -fdiagnostics-color=always -D_FILE_OFFSET_BITS=64 -Wall -Winvalid-pch -std=gnu99 -O2 -g -pipe -Wall -Werror=format-security -Wp,-D_FORTIFY_SOURCE=2 -Wp,-D_GLIBCXX_ASSERTIONS -fstack-protector-strong -grecord-gcc-switches -specs=/usr/lib/rpm/generic-hardened-cc1 -fasynchronous-unwind-tables -fstack-clash-protection -fPIC -pthread -DGRILO_COMPILATION '-DG_LOG_DOMAIN="Grilo"' -DHAVE_CONFIG_H -MD -MQ src/libgrilo-0.3.so.0.313.1.p/grl-plugin.c.o -MF src/libgrilo-0.3.so.0.313.1.p/grl-plugin.c.o.d -o src/libgrilo-0.3.so.0.313.1.p/grl-plugin.c.o -c ../src/grl-plugin.c
[ 2689s] [30/70] cc -Isrc/libgrilo-0.3.so.0.313.1.p -Isrc -I../src -I../src/data -I/usr/include/glib-2.0 -I/usr/lib64/glib-2.0/include -I/usr/include/libmount -I/usr/include/blkid -I/usr/include/libxml2 -fdiagnostics-color=always -D_FILE_OFFSET_BITS=64 -Wall -Winvalid-pch -std=gnu99 -O2 -g -pipe -Wall -Werror=format-security -Wp,-D_FORTIFY_SOURCE=2 -Wp,-D_GLIBCXX_ASSERTIONS -fstack-protector-strong -grecord-gcc-switches -specs=/usr/lib/rpm/generic-hardened-cc1 -fasynchronous-unwind-tables -fstack-clash-protection -fPIC -pthread -DGRILO_COMPILATION '-DG_LOG_DOMAIN="Grilo"' -DHAVE_CONFIG_H -MD -MQ src/libgrilo-0.3.so.0.313.1.p/grl-util.c.o -MF src/libgrilo-0.3.so.0.313.1.p/grl-util.c.o.d -o src/libgrilo-0.3.so.0.313.1.p/grl-util.c.o -c ../src/grl-util.c
[ 2690s] [31/70] cc -Isrc/libgrilo-0.3.so.0.313.1.p -Isrc -I../src -I../src/data -I/usr/include/glib-2.0 -I/usr/lib64/glib-2.0/include -I/usr/include/libmount -I/usr/include/blkid -I/usr/include/libxml2 -fdiagnostics-color=always -D_FILE_OFFSET_BITS=64 -Wall -Winvalid-pch -std=gnu99 -O2 -g -pipe -Wall -Werror=format-security -Wp,-D_FORTIFY_SOURCE=2 -Wp,-D_GLIBCXX_ASSERTIONS -fstack-protector-strong -grecord-gcc-switches -specs=/usr/lib/rpm/generic-hardened-cc1 -fasynchronous-unwind-tables -fstack-clash-protection -fPIC -pthread -DGRILO_COMPILATION '-DG_LOG_DOMAIN="Grilo"' -DHAVE_CONFIG_H -MD -MQ src/libgrilo-0.3.so.0.313.1.p/grl-value-helper.c.o -MF src/libgrilo-0.3.so.0.313.1.p/grl-value-helper.c.o.d -o src/libgrilo-0.3.so.0.313.1.p/grl-value-helper.c.o -c ../src/grl-value-helper.c
[ 2695s] [32/70] cc -Iexamples/configuring-plugins.p -Iexamples -I../examples -Isrc -I../src -I../src/data -I/usr/include/glib-2.0 -I/usr/lib64/glib-2.0/include -I/usr/include/libmount -I/usr/include/blkid -I/usr/include/libxml2 -fdiagnostics-color=always -D_FILE_OFFSET_BITS=64 -Wall -Winvalid-pch -std=gnu99 -O2 -g -pipe -Wall -Werror=format-security -Wp,-D_FORTIFY_SOURCE=2 -Wp,-D_GLIBCXX_ASSERTIONS -fstack-protector-strong -grecord-gcc-switches -specs=/usr/lib/rpm/generic-hardened-cc1 -fasynchronous-unwind-tables -fstack-clash-protection -pthread -MD -MQ examples/configuring-plugins.p/configuring-plugins.c.o -MF examples/configuring-plugins.p/configuring-plugins.c.o.d -o examples/configuring-plugins.p/configuring-plugins.c.o -c ../examples/configuring-plugins.c
[ 2696s] [33/70] cc -Iexamples/browsing.p -Iexamples -I../examples -Isrc -I../src -I../src/data -I/usr/include/glib-2.0 -I/usr/lib64/glib-2.0/include -I/usr/include/libmount -I/usr/include/blkid -I/usr/include/libxml2 -fdiagnostics-color=always -D_FILE_OFFSET_BITS=64 -Wall -Winvalid-pch -std=gnu99 -O2 -g -pipe -Wall -Werror=format-security -Wp,-D_FORTIFY_SOURCE=2 -Wp,-D_GLIBCXX_ASSERTIONS -fstack-protector-strong -grecord-gcc-switches -specs=/usr/lib/rpm/generic-hardened-cc1 -fasynchronous-unwind-tables -fstack-clash-protection -pthread -MD -MQ examples/browsing.p/browsing.c.o -MF examples/browsing.p/browsing.c.o.d -o examples/browsing.p/browsing.c.o -c ../examples/browsing.c
[ 2696s] [34/70] cc -Itests/registry.p -Itests -I../tests -Isrc -I../src -I../src/data -Ilibs -I../libs -I/usr/include/glib-2.0 -I/usr/lib64/glib-2.0/include -I/usr/include/libmount -I/usr/include/blkid -I/usr/include/libxml2 -I/usr/include/libsoup-2.4 -I/usr/include/sysprof-4 -fdiagnostics-color=always -D_FILE_OFFSET_BITS=64 -Wall -Winvalid-pch -std=gnu99 -O2 -g -pipe -Wall -Werror=format-security -Wp,-D_FORTIFY_SOURCE=2 -Wp,-D_GLIBCXX_ASSERTIONS -fstack-protector-strong -grecord-gcc-switches -specs=/usr/lib/rpm/generic-hardened-cc1 -fasynchronous-unwind-tables -fstack-clash-protection -pthread -MD -MQ tests/registry.p/registry.c.o -MF tests/registry.p/registry.c.o.d -o tests/registry.p/registry.c.o -c ../tests/registry.c
[ 2698s] [35/70] cc -Isrc/libgrilo-0.3.so.0.313.1.p -Isrc -I../src -I../src/data -I/usr/include/glib-2.0 -I/usr/lib64/glib-2.0/include -I/usr/include/libmount -I/usr/include/blkid -I/usr/include/libxml2 -fdiagnostics-color=always -D_FILE_OFFSET_BITS=64 -Wall -Winvalid-pch -std=gnu99 -O2 -g -pipe -Wall -Werror=format-security -Wp,-D_FORTIFY_SOURCE=2 -Wp,-D_GLIBCXX_ASSERTIONS -fstack-protector-strong -grecord-gcc-switches -specs=/usr/lib/rpm/generic-hardened-cc1 -fasynchronous-unwind-tables -fstack-clash-protection -fPIC -pthread -DGRILO_COMPILATION '-DG_LOG_DOMAIN="Grilo"' -DHAVE_CONFIG_H -MD -MQ src/libgrilo-0.3.so.0.313.1.p/grl-registry.c.o -MF src/libgrilo-0.3.so.0.313.1.p/grl-registry.c.o.d -o src/libgrilo-0.3.so.0.313.1.p/grl-registry.c.o -c ../src/grl-registry.c
[ 2698s] [36/70] cc -Iexamples/efficient-metadata-resolution.p -Iexamples -I../examples -Isrc -I../src -I../src/data -I/usr/include/glib-2.0 -I/usr/lib64/glib-2.0/include -I/usr/include/libmount -I/usr/include/blkid -I/usr/include/libxml2 -fdiagnostics-color=always -D_FILE_OFFSET_BITS=64 -Wall -Winvalid-pch -std=gnu99 -O2 -g -pipe -Wall -Werror=format-security -Wp,-D_FORTIFY_SOURCE=2 -Wp,-D_GLIBCXX_ASSERTIONS -fstack-protector-strong -grecord-gcc-switches -specs=/usr/lib/rpm/generic-hardened-cc1 -fasynchronous-unwind-tables -fstack-clash-protection -pthread -MD -MQ examples/efficient-metadata-resolution.p/efficient-metadata-resolution.c.o -MF examples/efficient-metadata-resolution.p/efficient-metadata-resolution.c.o.d -o examples/efficient-metadata-resolution.p/efficient-metadata-resolution.c.o -c ../examples/efficient-metadata-resolution.c
[ 2698s] [37/70] cc -Iexamples/loading-plugins.p -Iexamples -I../examples -Isrc -I../src -I../src/data -I/usr/include/glib-2.0 -I/usr/lib64/glib-2.0/include -I/usr/include/libmount -I/usr/include/blkid -I/usr/include/libxml2 -fdiagnostics-color=always -D_FILE_OFFSET_BITS=64 -Wall -Winvalid-pch -std=gnu99 -O2 -g -pipe -Wall -Werror=format-security -Wp,-D_FORTIFY_SOURCE=2 -Wp,-D_GLIBCXX_ASSERTIONS -fstack-protector-strong -grecord-gcc-switches -specs=/usr/lib/rpm/generic-hardened-cc1 -fasynchronous-unwind-tables -fstack-clash-protection -pthread -MD -MQ examples/loading-plugins.p/loading-plugins.c.o -MF examples/loading-plugins.p/loading-plugins.c.o.d -o examples/loading-plugins.p/loading-plugins.c.o -c ../examples/loading-plugins.c
[ 2699s] [38/70] cc -Isrc/libgrilo-0.3.so.0.313.1.p -Isrc -I../src -I../src/data -I/usr/include/glib-2.0 -I/usr/lib64/glib-2.0/include -I/usr/include/libmount -I/usr/include/blkid -I/usr/include/libxml2 -fdiagnostics-color=always -D_FILE_OFFSET_BITS=64 -Wall -Winvalid-pch -std=gnu99 -O2 -g -pipe -Wall -Werror=format-security -Wp,-D_FORTIFY_SOURCE=2 -Wp,-D_GLIBCXX_ASSERTIONS -fstack-protector-strong -grecord-gcc-switches -specs=/usr/lib/rpm/generic-hardened-cc1 -fasynchronous-unwind-tables -fstack-clash-protection -fPIC -pthread -DGRILO_COMPILATION '-DG_LOG_DOMAIN="Grilo"' -DHAVE_CONFIG_H -MD -MQ src/libgrilo-0.3.so.0.313.1.p/data_grl-media.c.o -MF src/libgrilo-0.3.so.0.313.1.p/data_grl-media.c.o.d -o src/libgrilo-0.3.so.0.313.1.p/data_grl-media.c.o -c ../src/data/grl-media.c
[ 2703s] [39/70] cc -Iexamples/multivalues.p -Iexamples -I../examples -Isrc -I../src -I../src/data -I/usr/include/glib-2.0 -I/usr/lib64/glib-2.0/include -I/usr/include/libmount -I/usr/include/blkid -I/usr/include/libxml2 -fdiagnostics-color=always -D_FILE_OFFSET_BITS=64 -Wall -Winvalid-pch -std=gnu99 -O2 -g -pipe -Wall -Werror=format-security -Wp,-D_FORTIFY_SOURCE=2 -Wp,-D_GLIBCXX_ASSERTIONS -fstack-protector-strong -grecord-gcc-switches -specs=/usr/lib/rpm/generic-hardened-cc1 -fasynchronous-unwind-tables -fstack-clash-protection -pthread -MD -MQ examples/multivalues.p/multivalues.c.o -MF examples/multivalues.p/multivalues.c.o.d -o examples/multivalues.p/multivalues.c.o -c ../examples/multivalues.c
[ 2703s] [40/70] cc -Iexamples/searching.p -Iexamples -I../examples -Isrc -I../src -I../src/data -I/usr/include/glib-2.0 -I/usr/lib64/glib-2.0/include -I/usr/include/libmount -I/usr/include/blkid -I/usr/include/libxml2 -fdiagnostics-color=always -D_FILE_OFFSET_BITS=64 -Wall -Winvalid-pch -std=gnu99 -O2 -g -pipe -Wall -Werror=format-security -Wp,-D_FORTIFY_SOURCE=2 -Wp,-D_GLIBCXX_ASSERTIONS -fstack-protector-strong -grecord-gcc-switches -specs=/usr/lib/rpm/generic-hardened-cc1 -fasynchronous-unwind-tables -fstack-clash-protection -pthread -MD -MQ examples/searching.p/searching.c.o -MF examples/searching.p/searching.c.o.d -o examples/searching.p/searching.c.o -c ../examples/searching.c
[ 2704s] [41/70] cc -Iexamples/browsing-pls.p -Iexamples -I../examples -Isrc -I../src -I../src/data -I/usr/include/glib-2.0 -I/usr/lib64/glib-2.0/include -I/usr/include/libmount -I/usr/include/blkid -I/usr/include/libxml2 -fdiagnostics-color=always -D_FILE_OFFSET_BITS=64 -Wall -Winvalid-pch -std=gnu99 -O2 -g -pipe -Wall -Werror=format-security -Wp,-D_FORTIFY_SOURCE=2 -Wp,-D_GLIBCXX_ASSERTIONS -fstack-protector-strong -grecord-gcc-switches -specs=/usr/lib/rpm/generic-hardened-cc1 -fasynchronous-unwind-tables -fstack-clash-protection -pthread -MD -MQ examples/browsing-pls.p/browsing-pls.c.o -MF examples/browsing-pls.p/browsing-pls.c.o.d -o examples/browsing-pls.p/browsing-pls.c.o -c ../examples/browsing-pls.c
[ 2709s] [42/70] cc -Isrc/libgrilo-0.3.so.0.313.1.p -Isrc -I../src -I../src/data -I/usr/include/glib-2.0 -I/usr/lib64/glib-2.0/include -I/usr/include/libmount -I/usr/include/blkid -I/usr/include/libxml2 -fdiagnostics-color=always -D_FILE_OFFSET_BITS=64 -Wall -Winvalid-pch -std=gnu99 -O2 -g -pipe -Wall -Werror=format-security -Wp,-D_FORTIFY_SOURCE=2 -Wp,-D_GLIBCXX_ASSERTIONS -fstack-protector-strong -grecord-gcc-switches -specs=/usr/lib/rpm/generic-hardened-cc1 -fasynchronous-unwind-tables -fstack-clash-protection -fPIC -pthread -DGRILO_COMPILATION '-DG_LOG_DOMAIN="Grilo"' -DHAVE_CONFIG_H -MD -MQ src/libgrilo-0.3.so.0.313.1.p/grl-source.c.o -MF src/libgrilo-0.3.so.0.313.1.p/grl-source.c.o.d -o src/libgrilo-0.3.so.0.313.1.p/grl-source.c.o -c ../src/grl-source.c
[ 2712s] [43/70] cc  -o src/libgrilo-0.3.so.0.313.1 src/libgrilo-0.3.so.0.313.1.p/meson-generated_.._grl-marshal.c.o src/libgrilo-0.3.so.0.313.1.p/meson-generated_.._grl-type-builtins.c.o src/libgrilo-0.3.so.0.313.1.p/data_grl-config.c.o src/libgrilo-0.3.so.0.313.1.p/data_grl-data.c.o src/libgrilo-0.3.so.0.313.1.p/data_grl-media.c.o src/libgrilo-0.3.so.0.313.1.p/data_grl-related-keys.c.o src/libgrilo-0.3.so.0.313.1.p/grilo.c.o src/libgrilo-0.3.so.0.313.1.p/grl-caps.c.o src/libgrilo-0.3.so.0.313.1.p/grl-log.c.o src/libgrilo-0.3.so.0.313.1.p/grl-metadata-key.c.o src/libgrilo-0.3.so.0.313.1.p/grl-multiple.c.o src/libgrilo-0.3.so.0.313.1.p/grl-operation-options.c.o src/libgrilo-0.3.so.0.313.1.p/grl-operation.c.o src/libgrilo-0.3.so.0.313.1.p/grl-plugin.c.o src/libgrilo-0.3.so.0.313.1.p/grl-range-value.c.o src/libgrilo-0.3.so.0.313.1.p/grl-registry.c.o src/libgrilo-0.3.so.0.313.1.p/grl-source.c.o src/libgrilo-0.3.so.0.313.1.p/grl-sync.c.o src/libgrilo-0.3.so.0.313.1.p/grl-util.c.o src/libgrilo-0.3.so.0.313.1.p/grl-value-helper.c.o -Wl,--as-needed -Wl,--no-undefined -shared -fPIC -Wl,--start-group -Wl,-soname,libgrilo-0.3.so.0 -Wl,-z,relro -Wl,-z,now -specs=/usr/lib/rpm/generic-hardened-ld -O2 -g -pipe -Wall -Werror=format-security -Wp,-D_FORTIFY_SOURCE=2 -Wp,-D_GLIBCXX_ASSERTIONS -fstack-protector-strong -grecord-gcc-switches -specs=/usr/lib/rpm/generic-hardened-cc1 -fasynchronous-unwind-tables -fstack-clash-protection -Wl,--no-undefined /usr/lib64/libglib-2.0.so /usr/lib64/libgobject-2.0.so -Wl,--export-dynamic /usr/lib64/libgmodule-2.0.so -pthread /usr/lib64/libgio-2.0.so /usr/lib64/libxml2.so -Wl,--end-group
[ 2716s] [44/70] /usr/bin/g-ir-scanner --no-libtool --namespace=Grl --nsversion=0.3 --warn-all --output src/Grl-0.3.gir --c-include=grilo.h --cflags-begin -DGRILO_COMPILATION '-DG_LOG_DOMAIN="Grilo"' -DHAVE_CONFIG_H --cflags-end -I/home/abuild/rpmbuild/BUILD/grilo-0.3.13/src -I/home/abuild/rpmbuild/BUILD/grilo-0.3.13/riscv64-openEuler-linux-gnu/src -I/home/abuild/rpmbuild/BUILD/grilo-0.3.13/riscv64-openEuler-linux-gnu/src/. -I/home/abuild/rpmbuild/BUILD/grilo-0.3.13/src/. -I/home/abuild/rpmbuild/BUILD/grilo-0.3.13/riscv64-openEuler-linux-gnu/src/data -I/home/abuild/rpmbuild/BUILD/grilo-0.3.13/src/data --filelist=/home/abuild/rpmbuild/BUILD/grilo-0.3.13/riscv64-openEuler-linux-gnu/src/libgrilo-0.3.so.0.313.1.p/Grl_0.3_gir_filelist --include=GObject-2.0 --include=GModule-2.0 --include=Gio-2.0 --symbol-prefix=grl --identifier-prefix=Grl --cflags-begin -I/home/abuild/rpmbuild/BUILD/grilo-0.3.13/riscv64-openEuler-linux-gnu/src/. -I/home/abuild/rpmbuild/BUILD/grilo-0.3.13/src/. -I/home/abuild/rpmbuild/BUILD/grilo-0.3.13/riscv64-openEuler-linux-gnu/src/data -I/home/abuild/rpmbuild/BUILD/grilo-0.3.13/src/data -I/usr/include/glib-2.0 -I/usr/lib64/glib-2.0/include -I/usr/include/libmount -I/usr/include/blkid -I/usr/include/libxml2 -I/usr/include/gobject-introspection-1.0 --cflags-end --add-include-path=/usr/share/gir-1.0 -L/home/abuild/rpmbuild/BUILD/grilo-0.3.13/riscv64-openEuler-linux-gnu/src --library grilo-0.3 -lglib-2.0 -lgobject-2.0 -lgmodule-2.0 -lgio-2.0 -lxml2 -lgirepository-1.0
[ 2716s] FAILED: src/Grl-0.3.gir 
[ 2716s] /usr/bin/g-ir-scanner --no-libtool --namespace=Grl --nsversion=0.3 --warn-all --output src/Grl-0.3.gir --c-include=grilo.h --cflags-begin -DGRILO_COMPILATION '-DG_LOG_DOMAIN="Grilo"' -DHAVE_CONFIG_H --cflags-end -I/home/abuild/rpmbuild/BUILD/grilo-0.3.13/src -I/home/abuild/rpmbuild/BUILD/grilo-0.3.13/riscv64-openEuler-linux-gnu/src -I/home/abuild/rpmbuild/BUILD/grilo-0.3.13/riscv64-openEuler-linux-gnu/src/. -I/home/abuild/rpmbuild/BUILD/grilo-0.3.13/src/. -I/home/abuild/rpmbuild/BUILD/grilo-0.3.13/riscv64-openEuler-linux-gnu/src/data -I/home/abuild/rpmbuild/BUILD/grilo-0.3.13/src/data --filelist=/home/abuild/rpmbuild/BUILD/grilo-0.3.13/riscv64-openEuler-linux-gnu/src/libgrilo-0.3.so.0.313.1.p/Grl_0.3_gir_filelist --include=GObject-2.0 --include=GModule-2.0 --include=Gio-2.0 --symbol-prefix=grl --identifier-prefix=Grl --cflags-begin -I/home/abuild/rpmbuild/BUILD/grilo-0.3.13/riscv64-openEuler-linux-gnu/src/. -I/home/abuild/rpmbuild/BUILD/grilo-0.3.13/src/. -I/home/abuild/rpmbuild/BUILD/grilo-0.3.13/riscv64-openEuler-linux-gnu/src/data -I/home/abuild/rpmbuild/BUILD/grilo-0.3.13/src/data -I/usr/include/glib-2.0 -I/usr/lib64/glib-2.0/include -I/usr/include/libmount -I/usr/include/blkid -I/usr/include/libxml2 -I/usr/include/gobject-introspection-1.0 --cflags-end --add-include-path=/usr/share/gir-1.0 -L/home/abuild/rpmbuild/BUILD/grilo-0.3.13/riscv64-openEuler-linux-gnu/src --library grilo-0.3 -lglib-2.0 -lgobject-2.0 -lgmodule-2.0 -lgio-2.0 -lxml2 -lgirepository-1.0
[ 2716s] Traceback (most recent call last):
[ 2716s]   File "/usr/bin/g-ir-scanner", line 98, in <module>
[ 2716s]     from giscanner.scannermain import scanner_main
[ 2716s]   File "/usr/lib64/gobject-introspection/giscanner/scannermain.py", line 35, in <module>
[ 2716s]     from giscanner.ast import Include, Namespace
[ 2716s]   File "/usr/lib64/gobject-introspection/giscanner/ast.py", line 29, in <module>
[ 2716s]     from .sourcescanner import CTYPE_TYPEDEF, CSYMBOL_TYPE_TYPEDEF
[ 2716s]   File "/usr/lib64/gobject-introspection/giscanner/sourcescanner.py", line 35, in <module>
[ 2716s]     from giscanner._giscanner import SourceScanner as CSourceScanner
[ 2716s] ModuleNotFoundError: No module named 'giscanner._giscanner'
[ 2721s] [45/70] /usr/bin/meson --internal symbolextractor /home/abuild/rpmbuild/BUILD/grilo-0.3.13/riscv64-openEuler-linux-gnu src/libgrilo-0.3.so.0.313.1 src/libgrilo-0.3.so.0.313.1 src/libgrilo-0.3.so.0.313.1.p/libgrilo-0.3.so.0.313.1.symbols 
[ 2721s] ninja: build stopped: subcommand failed.
[ 2721s] error: Bad exit status from /var/tmp/rpm-tmp.DJMNMc (%build)
[ 2721s] 
[ 2721s] 
[ 2721s] RPM build errors:
[ 2721s]     bogus date in %changelog: Thu Dec 31 2019 openEuler Buildteam <buildteam@openeuler.org> - 0.3.9-3
[ 2721s]     Bad exit status from /var/tmp/rpm-tmp.DJMNMc (%build)
[ 2722s] 
[ 2722s] oe-RISCV-worker20 failed "build grilo.spec" at Fri Apr 15 12:32:34 UTC 2022.
[ 2722s] 
