[    0s] Memory limit set to 10955196KB
[    0s] Using BUILD_ROOT=/var/cache/obs/worker/root_3
[    0s] Using BUILD_ARCH=riscv64
[    0s] 
[    4s] 
[    4s] oe-RISCV-worker26 started "build _service:extract_file:hyperscan.spec" at Thu Apr 21 22:00:13 UTC 2022.
[    4s] 
[    4s] Building hyperscan for project 'openEuler:Mainline:RISC-V' repository 'advanced_riscv64' arch 'riscv64' srcmd5 '9449435f08018ce6e0dabbca47982c1a'
[    4s] 
[    4s] processing recipe /var/cache/obs/worker/root_3/.build-srcdir/_service:extract_file:hyperscan.spec ...
[    8s] running changelog2spec --target rpm --file /var/cache/obs/worker/root_3/.build-srcdir/_service:extract_file:hyperscan.spec
[    9s] init_buildsystem --configdir /var/run/obs/worker/3/build/configs --cachedir /var/cache/build --clean --rpmlist /var/cache/obs/worker/root_3/.build.rpmlist /var/cache/obs/worker/root_3/.build-srcdir/_service:extract_file:hyperscan.spec build ...
[   91s] cycle: coreutils -> bash
[   91s]   breaking dependency coreutils -> bash
[   91s] cycle: coreutils -> info
[   91s]   breaking dependency coreutils -> info
[   91s] cycle: glibc -> filesystem -> coreutils
[   91s]   breaking dependency coreutils -> glibc
[   91s] cycle: glibc -> filesystem -> coreutils -> libacl
[   91s]   breaking dependency coreutils -> libacl
[   91s] cycle: glibc -> filesystem -> coreutils -> attr
[   91s]   breaking dependency coreutils -> attr
[   91s] cycle: coreutils -> libcap
[   91s]   breaking dependency coreutils -> libcap
[   91s] cycle: glibc -> filesystem -> coreutils -> openssl-libs
[   91s]   breaking dependency coreutils -> openssl-libs
[   91s] cycle: glibc -> filesystem -> coreutils -> libselinux
[   91s]   breaking dependency libselinux -> glibc
[   91s] cycle: glibc -> filesystem -> coreutils -> libselinux -> pcre2
[   91s]   breaking dependency pcre2 -> glibc
[   91s] cycle: glibc -> filesystem -> coreutils -> libselinux -> pcre2 -> readline
[   91s]   breaking dependency readline -> glibc
[   91s] cycle: glibc -> filesystem -> coreutils -> libselinux -> pcre2 -> readline -> ncurses-libs
[   91s]   breaking dependency filesystem -> coreutils
[   91s] cycle: glibc -> filesystem -> bash -> coreutils -> libselinux -> pcre2 -> readline -> ncurses-libs
[   91s]   breaking dependency filesystem -> bash
[   91s] cycle: perl-Carp -> perl-libs
[   91s]   breaking dependency perl-libs -> perl-Carp
[   91s] cycle: perl-libs -> perl-Exporter
[   91s]   breaking dependency perl-libs -> perl-Exporter
[   91s] cycle: perl-Carp -> perl-Exporter
[   91s]   breaking dependency perl-Exporter -> perl-Carp
[   91s] cycle: nss-util -> nss
[   91s]   breaking dependency nss -> nss-util
[   91s] cycle: nss-softokn -> nss-util -> nss
[   91s]   breaking dependency nss -> nss-softokn
[   91s] cycle: systemd -> cryptsetup -> device-mapper
[   91s]   breaking dependency systemd -> cryptsetup
[   91s] cycle: audit -> systemd -> pam
[   91s]   breaking dependency systemd -> pam
[   92s] [1/84] preinstalling dbus...
[   93s] [2/84] preinstalling libffi-devel...
[   93s] [3/84] preinstalling nodejs-source-map...
[   94s] [4/84] preinstalling python3-pip...
[   98s] [5/84] preinstalling python3-setuptools_scm...
[   98s] [6/84] preinstalling filesystem...
[  101s] [7/84] preinstalling glibc...
[  105s] [8/84] preinstalling libgcc...
[  106s] [9/84] preinstalling diffutils...
[  107s] [10/84] preinstalling libcap-ng...
[  107s] [11/84] preinstalling libgpg-error...
[  108s] [12/84] preinstalling libpcap...
[  109s] [13/84] preinstalling libsmartcols...
[  110s] [14/84] preinstalling libuuid...
[  111s] [15/84] preinstalling libxcrypt...
[  112s] [16/84] preinstalling lz4...
[  113s] [17/84] preinstalling m4...
[  114s] [18/84] preinstalling ncurses-libs...
[  115s] [19/84] preinstalling nspr...
[  116s] [20/84] preinstalling xz-libs...
[  118s] [21/84] preinstalling zlib...
[  119s] [22/84] preinstalling attr...
[  120s] [23/84] preinstalling libdb...
[  124s] [24/84] preinstalling zstd...
[  126s] [25/84] preinstalling audit-libs...
[  126s] [26/84] preinstalling file...
[  127s] [27/84] preinstalling iptables-libs...
[  128s] [28/84] preinstalling libacl...
[  129s] [29/84] preinstalling libgcrypt...
[  130s] [30/84] preinstalling openssl-libs...
[  132s] [31/84] preinstalling readline...
[  133s] [32/84] preinstalling ncurses...
[  138s] [33/84] preinstalling cmake...
[  151s] [34/84] preinstalling perl-libs...
[  154s] [35/84] preinstalling pcre2...
[  155s] [36/84] preinstalling perl-Exporter...
[  156s] [37/84] preinstalling pcre...
[  157s] [38/84] preinstalling acl...
[  158s] [39/84] preinstalling sqlite...
[  160s] [40/84] preinstalling libselinux...
[  161s] [41/84] preinstalling perl-Carp...
[  162s] [42/84] preinstalling perl-Digest-MD5...
[  162s] [43/84] preinstalling sed...
[  163s] [44/84] preinstalling coreutils...
[  168s] [45/84] preinstalling bash...
[  170s] [46/84] preinstalling openssl...
[  172s] [47/84] preinstalling dnf...
[  173s] [48/84] preinstalling bzip2...
[  174s] [49/84] preinstalling elfutils...
[  176s] [50/84] preinstalling hostname...
[  177s] [51/84] preinstalling libcap...
[  177s] [52/84] preinstalling popt...
[  178s] [53/84] preinstalling grep...
[  179s] [54/84] preinstalling libblkid...
[  181s] [55/84] preinstalling perl-constant...
[  182s] [56/84] preinstalling tar...
[  183s] [57/84] preinstalling info...
[  184s] [58/84] preinstalling libgcrypt-devel...
[  185s] [59/84] preinstalling lua...
[  186s] [60/84] preinstalling nss...
[  188s] [61/84] preinstalling chkconfig...
[  189s] [62/84] preinstalling copy-jdk-configs...
[  190s] [63/84] preinstalling libfdisk...
[  191s] [64/84] preinstalling libmount...
[  192s] [65/84] preinstalling libsemanage...
[  193s] [66/84] preinstalling nss-util...
[  194s] [67/84] preinstalling findutils...
[  196s] [68/84] preinstalling perl-Getopt-Long...
[  197s] [69/84] preinstalling xz...
[  198s] [70/84] preinstalling perl-Data-Dumper...
[  199s] [71/84] preinstalling systemd-libs...
[  200s] [72/84] preinstalling rpm-libs...
[  201s] [73/84] preinstalling dbus-libs...
[  202s] [74/84] preinstalling nss-softokn...
[  204s] [75/84] preinstalling glib2...
[  209s] [76/84] preinstalling systemd...
[  214s] [77/84] preinstalling audit...
[  216s] [78/84] preinstalling rpm...
[  218s] [79/84] preinstalling openEuler-rpm-config...
[  219s] [80/84] preinstalling pam...
[  220s] [81/84] preinstalling util-linux...
[  225s] [82/84] preinstalling device-mapper...
[  226s] [83/84] preinstalling cryptsetup...
[  228s] [84/84] preinstalling lvm2...
[  231s] 
[  236s] initializing rpm db...
[  249s] reordering...cycle: coreutils -> bash
[  249s]   breaking dependency coreutils -> bash
[  249s] cycle: coreutils -> info
[  249s]   breaking dependency coreutils -> info
[  249s] cycle: glibc -> basesystem -> filesystem -> coreutils -> gmp
[  249s]   breaking dependency coreutils -> gmp
[  249s] cycle: glibc -> basesystem -> filesystem -> coreutils
[  249s]   breaking dependency coreutils -> glibc
[  249s] cycle: glibc -> basesystem -> filesystem -> coreutils -> libacl
[  249s]   breaking dependency coreutils -> libacl
[  249s] cycle: glibc -> basesystem -> filesystem -> coreutils -> attr
[  249s]   breaking dependency coreutils -> attr
[  249s] cycle: coreutils -> libcap
[  249s]   breaking dependency coreutils -> libcap
[  249s] cycle: glibc -> basesystem -> filesystem -> coreutils -> openssl-libs
[  249s]   breaking dependency openssl-libs -> glibc
[  249s] cycle: coreutils -> openssl-libs -> ca-certificates
[  249s]   breaking dependency ca-certificates -> coreutils
[  249s] cycle: coreutils -> openssl-libs -> ca-certificates -> bash
[  249s]   breaking dependency ca-certificates -> bash
[  249s] cycle: coreutils -> openssl-libs -> ca-certificates -> grep
[  249s]   breaking dependency grep -> coreutils
[  249s] cycle: coreutils -> openssl-libs -> ca-certificates -> grep -> bash
[  249s]   breaking dependency ca-certificates -> grep
[  249s] cycle: glibc -> basesystem -> filesystem -> coreutils -> openssl-libs -> ca-certificates -> p11-kit
[  249s]   breaking dependency p11-kit -> glibc
[  249s] cycle: glibc -> basesystem -> filesystem -> coreutils -> openssl-libs -> ca-certificates -> p11-kit -> libffi
[  249s]   breaking dependency openssl-libs -> ca-certificates
[  249s] cycle: coreutils -> openssl-libs -> crypto-policies -> bash
[  249s]   breaking dependency crypto-policies -> bash
[  249s] cycle: coreutils -> openssl-libs -> crypto-policies
[  249s]   breaking dependency crypto-policies -> coreutils
[  249s] cycle: coreutils -> openssl-libs -> crypto-policies -> grep -> bash
[  249s]   breaking dependency bash -> coreutils
[  249s] cycle: filesystem -> coreutils -> openssl-libs -> crypto-policies -> grep -> bash
[  249s]   breaking dependency grep -> bash
[  249s] cycle: glibc -> basesystem -> filesystem -> coreutils -> openssl-libs -> crypto-policies -> grep
[  249s]   breaking dependency glibc -> basesystem
[  249s] cycle: glibc -> glibc-common -> bash -> filesystem -> coreutils -> openssl-libs -> crypto-policies -> grep
[  249s]   breaking dependency glibc-common -> bash
[  249s] cycle: glibc -> glibc-common -> coreutils -> openssl-libs -> crypto-policies -> grep
[  249s]   breaking dependency glibc-common -> coreutils
[  249s] cycle: glibc -> glibc-common
[  249s]   breaking dependency glibc-common -> glibc
[  249s] cycle: glibc -> glibc-common -> libselinux
[  249s]   breaking dependency libselinux -> glibc
[  249s] cycle: glibc -> glibc-common -> libselinux -> pcre2
[  249s]   breaking dependency pcre2 -> glibc
[  249s] cycle: glibc -> glibc-common -> libselinux -> pcre2 -> readline
[  249s]   breaking dependency readline -> glibc
[  249s] cycle: glibc -> glibc-common -> libselinux -> pcre2 -> readline -> ncurses-libs
[  249s]   breaking dependency libselinux -> pcre2
[  249s] cycle: glibc -> glibc-common -> libselinux -> libsepol -> coreutils -> openssl-libs -> crypto-policies -> grep
[  249s]   breaking dependency libsepol -> coreutils
[  249s] cycle: glibc -> glibc-common -> libselinux -> libsepol -> bash -> filesystem -> coreutils -> openssl-libs -> crypto-policies -> grep
[  249s]   breaking dependency filesystem -> coreutils
[  249s] cycle: bash -> filesystem
[  249s]   breaking dependency filesystem -> bash
[  249s] cycle: filesystem -> setup
[  249s]   breaking dependency filesystem -> setup
[  250s] cycle: glibc -> glibc-common -> libselinux -> libsepol -> bash
[  250s]   breaking dependency bash -> glibc
[  250s] cycle: glibc -> glibc-common -> libselinux -> libsepol -> bash -> ncurses-libs
[  250s]   breaking dependency libsepol -> bash
[  250s] cycle: glibc -> glibc-common -> libselinux -> libsepol
[  250s]   breaking dependency glibc -> glibc-common
[  250s] cycle: systemd -> cryptsetup -> device-mapper
[  250s]   breaking dependency systemd -> cryptsetup
[  250s] cycle: perl-libs -> perl-Carp
[  250s]   breaking dependency perl-libs -> perl-Carp
[  250s] cycle: perl-libs -> perl-Exporter
[  250s]   breaking dependency perl-libs -> perl-Exporter
[  250s] cycle: perl-Carp -> perl-Exporter
[  250s]   breaking dependency perl-Exporter -> perl-Carp
[  250s] cycle: perl -> perl-PathTools
[  250s]   breaking dependency perl -> perl-PathTools
[  250s] cycle: perl -> perl-ExtUtils-MakeMaker
[  250s]   breaking dependency perl -> perl-ExtUtils-MakeMaker
[  250s] cycle: perl -> perl-File-Path -> perl-PathTools
[  250s]   breaking dependency perl -> perl-File-Path
[  250s] cycle: perl -> perl-Getopt-Long -> perl-Pod-Usage
[  250s]   breaking dependency perl -> perl-Getopt-Long
[  250s] cycle: perl -> perl-Locale-Maketext
[  250s]   breaking dependency perl -> perl-Locale-Maketext
[  250s] cycle: perl -> perl-Pod-Simple
[  250s]   breaking dependency perl -> perl-Pod-Simple
[  250s] cycle: perl -> perl-Socket
[  250s]   breaking dependency perl -> perl-Socket
[  250s] cycle: perl -> perl-Storable
[  250s]   breaking dependency perl -> perl-Storable
[  250s] cycle: perl -> perl-Text-Tabs+Wrap
[  250s]   breaking dependency perl -> perl-Text-Tabs+Wrap
[  250s] cycle: perl -> perl-Time-Local -> perl-constant
[  250s]   breaking dependency perl -> perl-Time-Local
[  250s] cycle: perl -> perl-constant
[  250s]   breaking dependency perl -> perl-constant
[  250s] cycle: perl -> perl-threads
[  250s]   breaking dependency perl -> perl-threads
[  250s] cycle: perl -> perl-threads-shared
[  250s]   breaking dependency perl -> perl-threads-shared
[  250s] cycle: perl -> perl-Archive-Tar
[  250s]   breaking dependency perl -> perl-Archive-Tar
[  250s] cycle: perl -> perl-B-Debug
[  250s]   breaking dependency perl -> perl-B-Debug
[  250s] cycle: perl -> perl-CPAN-Meta -> perl-CPAN-Meta-Requirements
[  250s]   breaking dependency perl -> perl-CPAN-Meta
[  250s] cycle: perl -> perl-CPAN-Meta-Requirements
[  250s]   breaking dependency perl -> perl-CPAN-Meta-Requirements
[  250s] cycle: perl -> perl-CPAN-Meta-YAML
[  250s]   breaking dependency perl -> perl-CPAN-Meta-YAML
[  250s] cycle: perl -> perl-Compress-Raw-Bzip2
[  250s]   breaking dependency perl -> perl-Compress-Raw-Bzip2
[  250s] cycle: perl -> perl-Compress-Raw-Zlib
[  250s]   breaking dependency perl -> perl-Compress-Raw-Zlib
[  250s] cycle: perl -> perl-Config-Perl-V
[  250s]   breaking dependency perl -> perl-Config-Perl-V
[  250s] cycle: perl -> perl-DB_File
[  250s]   breaking dependency perl -> perl-DB_File
[  250s] cycle: perl -> perl-Data-Dumper
[  250s]   breaking dependency perl -> perl-Data-Dumper
[  250s] cycle: perl -> perl-Devel-PPPort
[  250s]   breaking dependency perl -> perl-Devel-PPPort
[  250s] cycle: perl -> perl-Digest -> perl-MIME-Base64
[  250s]   breaking dependency perl -> perl-Digest
[  250s] cycle: perl -> perl-Digest-MD5 -> perl-Digest -> perl-MIME-Base64
[  250s]   breaking dependency perl -> perl-Digest-MD5
[  250s] cycle: perl -> perl-Digest-SHA
[  250s]   breaking dependency perl -> perl-Digest-SHA
[  250s] cycle: perl -> perl-Encode
[  250s]   breaking dependency perl -> perl-Encode
[  250s] cycle: perl -> perl-Env
[  250s]   breaking dependency perl -> perl-Env
[  250s] cycle: perl -> perl-ExtUtils-Command
[  250s]   breaking dependency perl -> perl-ExtUtils-Command
[  250s] cycle: perl -> perl-ExtUtils-Install
[  250s]   breaking dependency perl -> perl-ExtUtils-Install
[  250s] cycle: perl -> perl-ExtUtils-Manifest
[  250s]   breaking dependency perl -> perl-ExtUtils-Manifest
[  250s] cycle: perl -> perl-ExtUtils-ParseXS
[  250s]   breaking dependency perl -> perl-ExtUtils-ParseXS
[  250s] cycle: perl -> perl-File-Fetch -> perl-PathTools
[  250s]   breaking dependency perl -> perl-File-Fetch
[  250s] cycle: perl -> perl-File-Temp -> perl-PathTools
[  250s]   breaking dependency perl -> perl-File-Temp
[  250s] cycle: perl -> perl-Filter
[  250s]   breaking dependency perl -> perl-Filter
[  250s] cycle: perl -> perl-Filter-Simple -> perl-Filter
[  250s]   breaking dependency perl -> perl-Filter-Simple
[  250s] cycle: perl -> perl-HTTP-Tiny
[  250s]   breaking dependency perl -> perl-HTTP-Tiny
[  250s] cycle: perl -> perl-IO-Compress
[  250s]   breaking dependency perl -> perl-IO-Compress
[  250s] cycle: perl -> perl-IO-Socket-IP
[  250s]   breaking dependency perl -> perl-IO-Socket-IP
[  250s] cycle: perl -> perl-IPC-Cmd -> perl-ExtUtils-MakeMaker
[  250s]   breaking dependency perl -> perl-IPC-Cmd
[  250s] cycle: perl -> perl-IPC-SysV
[  250s]   breaking dependency perl -> perl-IPC-SysV
[  250s] cycle: perl -> perl-JSON-PP
[  250s]   breaking dependency perl -> perl-JSON-PP
[  250s] cycle: perl -> perl-Locale-Codes -> perl-constant
[  250s]   breaking dependency perl -> perl-Locale-Codes
[  250s] cycle: perl -> perl-MIME-Base64
[  250s]   breaking dependency perl -> perl-MIME-Base64
[  250s] cycle: perl -> perl-Math-BigInt
[  250s]   breaking dependency perl -> perl-Math-BigInt
[  250s] cycle: perl -> perl-Math-BigInt-FastCalc -> perl-Math-BigInt
[  250s]   breaking dependency perl -> perl-Math-BigInt-FastCalc
[  250s] cycle: perl -> perl-Math-BigRat -> perl-Math-BigInt
[  250s]   breaking dependency perl -> perl-Math-BigRat
[  250s] cycle: perl -> perl-Module-CoreList
[  250s]   breaking dependency perl -> perl-Module-CoreList
[  250s] cycle: perl -> perl-Module-Load -> perl-PathTools
[  250s]   breaking dependency perl -> perl-Module-Load
[  250s] cycle: perl -> perl-Module-Load-Conditional
[  250s]   breaking dependency perl -> perl-Module-Load-Conditional
[  250s] cycle: perl -> perl-Module-Metadata
[  250s]   breaking dependency perl -> perl-Module-Metadata
[  250s] cycle: perl -> perl-Params-Check
[  250s]   breaking dependency perl -> perl-Params-Check
[  250s] cycle: perl -> perl-PerlIO-via-QuotedPrint -> perl-MIME-Base64
[  250s]   breaking dependency perl -> perl-PerlIO-via-QuotedPrint
[  250s] cycle: perl -> perl-Pod-Checker
[  250s]   breaking dependency perl -> perl-Pod-Checker
[  250s] cycle: perl -> perl-Pod-Escapes
[  250s]   breaking dependency perl -> perl-Pod-Escapes
[  250s] cycle: perl -> perl-Pod-Parser
[  250s]   breaking dependency perl -> perl-Pod-Parser
[  250s] cycle: perl -> perl-Pod-Perldoc
[  250s]   breaking dependency perl -> perl-Pod-Perldoc
[  250s] cycle: perl -> perl-Pod-Usage
[  250s]   breaking dependency perl -> perl-Pod-Usage
[  250s] cycle: perl -> perl-Sys-Syslog
[  250s]   breaking dependency perl -> perl-Sys-Syslog
[  250s] cycle: perl -> perl-Term-Cap
[  250s]   breaking dependency perl -> perl-Term-Cap
[  250s] cycle: perl -> perl-Test-Harness
[  250s]   breaking dependency perl -> perl-Test-Harness
[  250s] cycle: perl -> perl-Test-Simple
[  250s]   breaking dependency perl -> perl-Test-Simple
[  250s] cycle: perl -> perl-Text-Balanced
[  250s]   breaking dependency perl -> perl-Text-Balanced
[  250s] cycle: perl -> perl-Thread-Queue -> perl-threads-shared
[  250s]   breaking dependency perl -> perl-Thread-Queue
[  250s] cycle: perl -> perl-Unicode-Collate -> perl-PathTools
[  250s]   breaking dependency perl -> perl-Unicode-Collate
[  250s] cycle: perl -> perl-autodie
[  250s]   breaking dependency perl -> perl-autodie
[  250s] cycle: perl -> perl-bignum -> perl-Math-BigInt
[  250s]   breaking dependency perl -> perl-bignum
[  250s] cycle: perl -> perl-devel
[  250s]   breaking dependency perl -> perl-devel
[  250s] cycle: perl -> perl-Encode-devel
[  250s]   breaking dependency perl -> perl-Encode-devel
[  250s] cycle: perl -> perl-experimental
[  250s]   breaking dependency perl -> perl-experimental
[  250s] cycle: perl -> perl-libnet -> perl-Digest-MD5 -> perl-Digest -> perl-MIME-Base64
[  250s]   breaking dependency perl -> perl-libnet
[  250s] cycle: perl -> perl-podlators
[  250s]   breaking dependency perl -> perl-podlators
[  250s] cycle: perl -> perl-version
[  250s]   breaking dependency perl -> perl-version
[  250s] cycle: glib2 -> gamin
[  250s]   breaking dependency glib2 -> gamin
[  250s] cycle: systemd -> gnutls -> unbound-libs -> shadow -> pam -> audit
[  250s]   breaking dependency systemd -> gnutls
[  250s] cycle: systemd -> pam -> audit
[  250s]   breaking dependency systemd -> pam
[  250s] cycle: systemd -> shadow -> pam -> audit
[  250s]   breaking dependency systemd -> shadow
[  250s] cycle: pam -> libpwquality
[  250s]   breaking dependency pam -> libpwquality
[  250s] cycle: perl-Getopt-Long -> perl-Pod-Usage
[  250s]   breaking dependency perl-Pod-Usage -> perl-Getopt-Long
[  250s] cycle: perl-Getopt-Long -> perl-Pod-Usage -> perl-podlators -> perl-Encode
[  250s]   breaking dependency perl-podlators -> perl-Encode
[  250s] cycle: perl-Getopt-Long -> perl-Pod-Usage -> perl-podlators
[  250s]   breaking dependency perl-podlators -> perl-Getopt-Long
[  250s] cycle: perl-Getopt-Long -> perl-Pod-Usage -> perl-podlators -> perl-Pod-Simple -> perl-Encode
[  250s]   breaking dependency perl-Encode -> perl-Getopt-Long
[  250s] cycle: perl-Getopt-Long -> perl-Pod-Usage -> perl-podlators -> perl-Pod-Simple
[  250s]   breaking dependency perl-podlators -> perl-Pod-Simple
[  250s] cycle: perl-Pod-Usage -> perl-podlators
[  250s]   breaking dependency perl-podlators -> perl-Pod-Usage
[  250s] cycle: groff -> perl-Getopt-Long -> perl-Pod-Usage -> perl-Pod-Perldoc
[  250s]   breaking dependency groff -> perl-Getopt-Long
[  250s] cycle: libxcrypt-devel -> glibc-devel
[  250s]   breaking dependency glibc-devel -> libxcrypt-devel
[  250s] cycle: cmake-data -> cmake
[  250s]   breaking dependency cmake -> cmake-data
[  250s] cycle: nss-util -> nss
[  250s]   breaking dependency nss -> nss-util
[  250s] cycle: nss-softokn -> nss-util -> nss
[  250s]   breaking dependency nss -> nss-softokn
[  250s] cycle: perl-Getopt-Long -> perl-Pod-Usage -> perl-Pod-Perldoc -> perl-Pod-Simple
[  250s]   breaking dependency perl-Pod-Perldoc -> perl-Pod-Simple
[  250s] cycle: openssh -> openssh-server
[  250s]   breaking dependency openssh-server -> openssh
[  250s] cycle: git -> perl-Git
[  250s]   breaking dependency git -> perl-Git
[  250s] cycle: perl-ExtUtils-Install -> perl-ExtUtils-MakeMaker
[  250s]   breaking dependency perl-ExtUtils-MakeMaker -> perl-ExtUtils-Install
[  251s] done
[  251s] querying package ids...
[  287s] [1/379] installing cmake-filesystem-3.22.0-1.oe1
[  288s] [2/379] installing fuse-common-3.9.2-5.oe1
[  290s] [3/379] installing kernel-headers-5.10-3.oe1
[  296s] [4/379] installing libreport-filesystem-2.13.1-5.oe1
[  297s] [5/379] installing ncurses-base-6.1-14.oe1
[  300s] [6/379] installing openEuler-gpg-keys-1.0-2.5.oe1
[  301s] [7/379] installing python-setuptools-59.4.0-3.oe1
[  304s] [8/379] installing qt5-srpm-macros-5.15.2-1.oe1
[  305s] [9/379] installing tzdata-2021a-2.oe1
[  314s] [10/379] installing dnf-data-4.10.0-1.oe1
[  315s] [11/379] installing openEuler-repos-1.0-2.5.oe1
[  317s] [12/379] installing openEuler-release-20.03LTS-40.oe1
[  318s] [13/379] installing filesystem-3.9-3.oe1
[  328s] warning: group mail does not exist - using root
[  328s] [14/379] installing emacs-filesystem-1:27.1-5.oe1
[  329s] [15/379] installing libgcc-10.3.1-20220105.6.oe1
[  331s] [16/379] installing setup-2.13.3-4.oe1
[  332s] [17/379] installing glibc-2.34-64.oe1
[  339s] [18/379] installing brotli-1.0.9-2.oe1
[  340s] [19/379] installing chrpath-0.16-12.oe1
[  342s] [20/379] installing cpio-2.13-4.oe1
[  345s] [21/379] installing diffutils-3.7-4.oe1
[  347s] [22/379] installing expat-2.2.10-1.oe1
[  348s] [23/379] installing json-c-0.15-1.oe1
[  350s] [24/379] installing keyutils-libs-1.6.3-3.oe1
[  351s] [25/379] installing libICE-1.0.10-2.oe1
[  352s] [26/379] installing libXau-1.0.9-2.oe1
[  353s] [27/379] installing libaio-0.3.112-1.oe1
[  354s] [28/379] installing libargon2-20190702-1.oe1
[  356s] [29/379] installing libatomic-10.3.1-20220105.6.oe1
[  357s] [30/379] installing libcap-ng-0.7.11-1.oe1
[  358s] [31/379] installing libev-4.24-11.oe1
[  359s] [32/379] installing libffi-3.3-31.oe1
[  360s] [33/379] installing libgomp-10.3.1-20220105.6.oe1
[  362s] [34/379] installing libgpg-error-1.41-1.oe1
[  364s] [35/379] installing libnghttp2-1.42.0-1.oe1
[  366s] [36/379] installing libpcap-14:1.9.1-7.oe1
[  367s] [37/379] installing libpipeline-1.5.3-1.oe1
[  368s] [38/379] installing libsigsegv-2.11-10.oe1
[  369s] [39/379] installing libsmartcols-2.36.1-3.oe1
[  370s] [40/379] installing libtasn1-4.16.0-2.oe1
[  371s] [41/379] installing libtool-ltdl-2.4.6-34.oe1
[  372s] [42/379] installing libunistring-0.9.10-8.oe1
[  374s] [43/379] installing libuuid-2.36.1-3.oe1
[  375s] [44/379] installing libuv-1:1.40.0-1.oe1
[  376s] [45/379] installing libxcrypt-4.4.8-4.oe1
[  379s] [46/379] installing libyaml-0.2.5-1.oe1
[  380s] [47/379] installing lz4-1.9.3-1.oe1
[  382s] [48/379] installing m4-1.4.18-14.oe1
[  383s] [49/379] installing nspr-4.32.0-1.oe1
[  384s] [50/379] installing pkgconf-1.7.3-1.oe1
[  385s] [51/379] installing rhash-1.3.5-5.oe1
[  387s] [52/379] installing which-2.21-14.oe1
[  388s] [53/379] installing xz-libs-5.2.5-1.oe1
[  389s] [54/379] installing zlib-1.2.11-18.oe1
[  390s] [55/379] installing attr-2.4.48-12.oe1
[  392s] [56/379] installing basesystem-12-2.oe1
[  393s] [57/379] installing libstdc++-10.3.1-20220105.6.oe1
[  395s] [58/379] installing ncurses-libs-6.1-14.oe1
[  397s] [59/379] installing libsepol-3.1-4.oe1
[  400s] [60/379] installing libstdc++-devel-10.3.1-20220105.6.oe1
[  412s] [61/379] installing audit-libs-1:3.0-2.oe1
[  413s] [62/379] installing elfutils-libelf-0.185-3.oe1
[  415s] [63/379] installing file-libs-5.39-6.oe1
[  418s] [64/379] installing gmp-1:6.2.1-3.oe1
[  419s] [65/379] installing iptables-libs-1.8.1-4.oe1
[  421s] [66/379] installing less-563-2.oe1
[  422s] [67/379] installing libacl-2.2.53-7.oe1
[  423s] [68/379] installing libassuan-2.5.4-1.oe1
[  424s] [69/379] installing libedit-3.1-27.oe1
[  426s] [70/379] installing libffi-devel-3.3-31.oe1
[  427s] [71/379] installing libgcrypt-1.8.7-1.oe1
[  428s] [72/379] installing libpng-2:1.6.37-1.oe1
[  430s] [73/379] installing libxcb-1.14-1.oe1
[  432s] [74/379] installing readline-8.0-2.oe1
[  433s] [75/379] installing boost-atomic-1.77.0-4.oe1
[  434s] [76/379] installing boost-chrono-1.77.0-4.oe1
[  435s] [77/379] installing boost-container-1.77.0-4.oe1
[  437s] [78/379] installing boost-context-1.77.0-4.oe1
[  438s] [79/379] installing boost-contract-1.77.0-4.oe1
[  439s] [80/379] installing boost-date-time-1.77.0-4.oe1
[  440s] [81/379] installing boost-math-1.77.0-4.oe1
[  443s] [82/379] installing boost-nowide-1.77.0-4.oe1
[  444s] [83/379] installing boost-program-options-1.77.0-4.oe1
[  445s] [84/379] installing boost-random-1.77.0-4.oe1
[  446s] [85/379] installing boost-serialization-1.77.0-4.oe1
[  448s] [86/379] installing boost-stacktrace-1.77.0-4.oe1
[  450s] [87/379] installing boost-system-1.77.0-4.oe1
[  452s] [88/379] installing boost-test-1.77.0-4.oe1
[  453s] [89/379] installing boost-thread-1.77.0-4.oe1
[  455s] [90/379] installing colm-0.13.0.7-1.oe1
[  457s] [91/379] installing fuse-2.9.9-6.oe1
[  459s] [92/379] installing gc-8.0.4-2.oe1
[  464s] [93/379] installing libSM-1.2.3-2.oe1
[  465s] [94/379] installing libdb-5.3.28-35.oe1
[  470s] [95/379] installing libicu-62.1-5.oe1
[  484s] [96/379] installing libselinux-3.1-3.oe1
[  485s] [97/379] installing libxml2-2.9.12-5.oe1
[  488s] [98/379] installing bash-5.1-1.oe1
[  492s] [99/379] installing perl-libs-4:5.28.0-435.oe1
[  499s] [100/379] installing zstd-1.4.8-2.oe1
[  502s] [101/379] installing ncurses-6.1-14.oe1
[  516s] [102/379] installing thin-provisioning-tools-0.8.5-1.oe1
[  518s] [103/379] installing perl-parent-1:0.237-4.oe1
[  520s] [104/379] installing perl-perlfaq-5.20180915-5.oe1
[  521s] [105/379] installing libX11-1.6.9-2.oe1
[  525s] [106/379] installing mpfr-4.1.0-1.oe1
[  527s] [107/379] installing nettle-3.6-6.oe1
[  530s] [108/379] installing pcre2-10.36-1.oe1
[  532s] [109/379] installing perl-Exporter-5.74-1.oe1
[  533s] [110/379] installing file-5.39-6.oe1
[  535s] [111/379] installing gdbm-1:1.18.1-1.oe1
[  537s] [112/379] installing patch-2.7.6-12.oe1
[  538s] [113/379] installing qrencode-4.1.1-1
[  540s] [114/379] installing sed-4.8-2.oe1
[  541s] [115/379] installing acl-2.2.53-7.oe1
[  543s] [116/379] installing boost-filesystem-1.77.0-4.oe1
[  544s] [117/379] installing boost-regex-1.77.0-4.oe1
[  545s] [118/379] installing boost-timer-1.77.0-4.oe1
[  546s] [119/379] installing libcomps-0.1.15-1.oe1
[  548s] [120/379] installing pcre-8.44-1.oe1
[  549s] [121/379] installing ragel-7.0.0.12-2.oe1
[  556s] [122/379] installing boost-type_erasure-1.77.0-4.oe1
[  557s] [123/379] installing glibc-common-2.34-64.oe1
[  573s] [124/379] installing boost-coroutine-1.77.0-4.oe1
[  575s] [125/379] installing boost-locale-1.77.0-4.oe1
[  577s] [126/379] installing crontabs-1.11-21.oe1
[  578s] [127/379] installing libXext-1.3.4-2.oe1
[  580s] [128/379] installing libXpm-3.5.12-11.oe1
[  581s] [129/379] installing perl-Carp-1.50-418.oe1
[  582s] [130/379] installing perl-Perl-OSType-1.010-421.oe1
[  584s] [131/379] installing perl-Term-ANSIColor-4.06-511.oe1
[  585s] [132/379] installing libmpc-1.2.0-2.oe1
[  586s] [133/379] installing grep-3.6-1.oe1
[  590s] [134/379] installing libXt-1.2.0-0.oe1
[  591s] [135/379] installing boost-fiber-1.77.0-4.oe1
[  595s] [136/379] installing boost-graph-1.77.0-4.oe1
[  596s] [137/379] installing boost-wave-1.77.0-4.oe1
[  599s] [138/379] installing gawk-5.0.1-2.oe1
[  601s] [139/379] installing boost-log-1.77.0-4.oe1
[  603s] [140/379] installing perl-Text-ParseWords-3.30-419.oe1
[  604s] [141/379] installing crypto-policies-20180925-3.git71ca85f.oe1
[  613s] [142/379] installing libXmu-1.1.3-1.oe1
[  615s] [143/379] installing cpp-10.3.1-20220105.6.oe1
[  627s] [144/379] installing openssl-libs-1:1.1.1f-2.oe1
[  630s] [145/379] installing libXaw-1.0.13-13.oe1
[  632s] [146/379] installing ima-evm-utils-libs-1.2.1-8.oe1
[  634s] [147/379] installing libevent-2.1.12-4
[  638s] [148/379] installing kmod-libs-27-4.oe1
[  640s] [149/379] installing kmod-27-4.oe1
[  642s] [150/379] installing nodejs-libs-1:16.10.0-1.oe1
[  686s] [151/379] installing coreutils-8.31-4.oe1
[  696s] [152/379] installing elfutils-default-yama-scope-0.185-3.oe1
[  699s] /usr/lib/systemd/systemd-sysctl: error while loading shared libraries: libseccomp.so.2: cannot open shared object file: No such file or directory
[  699s] [153/379] installing publicsuffix-list-20200718-1.oe1
[  701s] [154/379] installing uname-build-checks-1.0-0.4.oe1
[  702s] [155/379] installing bzip2-1.0.8-3.oe1
[  704s] [156/379] installing gzip-1.10-1.oe1
[  706s] [157/379] installing hostname-3.21-2.oe1
[  708s] [158/379] installing libcap-2.32-2.oe1
[  710s] [159/379] installing libseccomp-2.4.3-2.oe1
[  712s] [160/379] installing npth-1.5-7.oe1
[  713s] [161/379] installing popt-1.18-1.oe1
[  715s] [162/379] installing fipscheck-1.5.0-7.oe1
[  718s] [163/379] installing libblkid-2.36.1-3.oe1
[  720s] [164/379] installing libidn2-2.3.0-1.oe1
[  722s] [165/379] installing libksba-1.3.5-12.oe1
[  724s] [166/379] installing libpcap-devel-14:1.9.1-7.oe1
[  726s] [167/379] installing pcre-devel-8.44-1.oe1
[  729s] [168/379] installing tar-2:1.32-3.oe1
[  732s] [169/379] installing tcl-1:8.6.10-3.oe1
[  737s] [170/379] installing info-6.7-2.oe1
[  739s] [171/379] installing jsoncpp-1.9.4-1.oe1
[  741s] [172/379] installing libgpg-error-devel-1.41-1.oe1
[  743s] [173/379] installing lua-5.3.5-6.oe1
[  745s] [174/379] installing slang-2.3.2-8.oe1
[  749s] [175/379] installing xz-5.2.5-1.oe1
[  751s] [176/379] installing perl-Scalar-List-Utils-3:1.52-2.oe1
[  753s] [177/379] installing perl-Time-HiRes-1.9760-2.oe1
[  755s] [178/379] installing perl-Unicode-Normalize-1.26-419.oe1
[  758s] [179/379] installing libicu-devel-62.1-5.oe1
[  763s] [180/379] installing systemd-libs-243-22.oe1
[  766s] [181/379] installing guile-5:2.0.14-15.oe1
[  775s] [182/379] installing dbus-libs-1:1.12.20-3.oe1
[  778s] [183/379] installing zip-3.0-29.oe1
[  779s] [184/379] installing libfdisk-2.36.1-3.oe1
[  782s] [185/379] installing newt-0.52.21-4.oe1
[  785s] [186/379] installing p11-kit-0.23.22-1.oe1
[  789s] [187/379] installing procps-ng-3.3.16-15.oe1
[  792s] [188/379] installing elfutils-libs-0.185-3.oe1
[  794s] [189/379] installing libmount-2.36.1-3.oe1
[  797s] [190/379] installing lua-posix-33.3.1-12.oe1
[  800s] [191/379] installing unzip-6.0-47.oe1
[  802s] [192/379] installing boost-iostreams-1.77.0-4.oe1
[  804s] [193/379] installing cracklib-2.9.7-6.oe1
[  810s] [194/379] installing e2fsprogs-1.45.6-3.oe1
[  814s] [195/379] installing findutils-2:4.7.0-7.oe1
[  817s] [196/379] installing libsemanage-3.1-4.oe1
[  818s] [197/379] installing make-1:4.2.1-15.oe1
[  821s] [198/379] installing sqlite-3.24.0-9.oe1
[  824s] [199/379] installing logrotate-3.15.1-2.oe1
[  825s] [200/379] installing glibc-devel-2.34-64.oe1
[  838s] [201/379] installing libgcrypt-devel-1.8.7-1.oe1
[  840s] [202/379] installing gnupg2-2.2.27-2.oe1
[  846s] [203/379] installing libarchive-3.5.1-1.oe1
[  849s] [204/379] installing dbus-tools-1:1.12.20-3.oe1
[  851s] [205/379] installing sqlite-devel-3.24.0-9.oe1
[  852s] [206/379] installing libxcrypt-devel-4.4.8-4.oe1
[  856s] [207/379] installing copy-jdk-configs-4.0-1.oe1
[  858s] [208/379] installing gpgme-1.15.1-1.oe1
[  861s] [209/379] installing obs-env-1.0-5.oe1
[  869s] [210/379] installing chkconfig-1.14-2.oe1
[  873s] [211/379] installing elfutils-0.185-3.oe1
[  876s] [212/379] installing glib2-2.66.8-1.oe1
[  884s] [213/379] installing rpm-libs-4.15.1-25.oe1
[  887s] [214/379] installing boost-1.77.0-4.oe1
[  889s] [215/379] installing boost-devel-1.77.0-4.oe1
[ 1056s] [216/379] installing libcroco-0.6.12-13.oe1
[ 1061s] [217/379] installing gamin-0.1.10-38.oe1
[ 1063s] [218/379] installing libsecret-0.18.6-5.oe1
[ 1067s] [219/379] installing libverto-0.3.1-2.oe1
[ 1070s] [220/379] installing libmodulemd-2.13.0-1.oe1
[ 1072s] [221/379] installing binutils-2.37-6.oe1
[ 1082s] [222/379] installing p11-kit-trust-0.23.22-1.oe1
[ 1085s] [223/379] installing babeltrace-1.5.8-1.oe1
[ 1087s] [224/379] installing ca-certificates-2020.2.46-2.oe1
[ 1099s] [225/379] installing gettext-0.20.1-2.oe1
[ 1104s] [226/379] installing krb5-libs-1.18.2-3.oe1
[ 1107s] [227/379] installing gcc-10.3.1-20220105.6.oe1
[ 1136s] [228/379] installing python-pip-wheel-19.2.3-2.fc32
[ 1137s] [229/379] installing libtirpc-1.3.1-1.oe1
[ 1139s] [230/379] installing cyrus-sasl-lib-2.1.27-10.oe1
[ 1141s] [231/379] installing libssh-0.9.5-1.oe1
[ 1143s] [232/379] installing gcc-c++-10.3.1-20220105.6.oe1
[ 1157s] [233/379] installing openldap-2.4.46-15.oe1
[ 1159s] [234/379] installing libnsl2-1.3.0-2.oe1
[ 1162s] [235/379] installing python3-3.8.5-13.oe1
[ 1192s] [236/379] installing python3-pyparsing-2.4.5-1.fc32
[ 1194s] [237/379] installing python3-setuptools-59.4.0-3.oe1
[ 1202s] [238/379] installing python3-setuptools_scm-3.3.3-6.fc32
[ 1205s] [239/379] installing python3-gpgme-1.15.1-1.oe1
[ 1209s] [240/379] installing python3-libcomps-0.1.15-1.oe1
[ 1211s] [241/379] installing libpsl-0.21.1-1.oe1
[ 1214s] [242/379] installing gdb-headless-9.2-5.oe1
[ 1221s] [243/379] installing systemtap-sdt-devel-4.1-3.oe1
[ 1223s] [244/379] installing gdb-9.2-5.oe1
[ 1225s] [245/379] installing python3-pip-19.2.3-2.fc32
[ 1237s] [246/379] installing libcurl-7.79.1-1.oe1
[ 1240s] [247/379] installing curl-7.79.1-1.oe1
[ 1242s] [248/379] installing librepo-1.14.2-2.oe1
[ 1244s] [249/379] installing rpm-4.15.1-25.oe1
[ 1249s] [250/379] installing efi-srpm-macros-4-3.oe1
[ 1251s] [251/379] installing cmake-rpm-macros-3.22.0-1.oe1
[ 1253s] [252/379] installing libsolv-0.7.20-1.oe1
[ 1256s] [253/379] installing python3-rpm-4.15.1-25.oe1
[ 1258s] [254/379] installing openEuler-rpm-config-30-22.oe1
[ 1261s] [255/379] installing cmake-3.22.0-1.oe1
[ 1278s] [256/379] installing libdnf-0.65.0-2.oe1
[ 1281s] [257/379] installing cmake-data-3.22.0-1.oe1
[ 1300s] [258/379] installing python3-libdnf-0.65.0-2.oe1
[ 1303s] [259/379] installing perl-4:5.28.0-435.oe1
[ 1312s] [260/379] installing perl-B-Debug-1.26-4.oe1
[ 1314s] [261/379] installing perl-Env-1.04-397.oe1
[ 1316s] [262/379] installing perl-Devel-PPPort-3.42-4.oe1
[ 1317s] [263/379] installing perl-Pod-Escapes-1:1.07-419.oe1
[ 1318s] [264/379] installing perl-Text-Tabs+Wrap-2013.0523-419.oe1
[ 1320s] [265/379] installing perl-Algorithm-Diff-1.1903-14.oe1
[ 1322s] [266/379] installing perl-Params-Check-1:0.38-418.oe1
[ 1324s] [267/379] installing perl-Term-Cap-1.17-510.oe1
[ 1325s] [268/379] installing perl-TermReadKey-2.38-2.oe1
[ 1328s] [269/379] installing perl-Text-Balanced-2.03-420.oe1
[ 1329s] [270/379] installing perl-threads-1:2.22-419.oe1
[ 1331s] [271/379] installing openssl-1:1.1.1f-2.oe1
[ 1333s] [272/379] installing perl-Config-Perl-V-0.30-5.oe1
[ 1335s] [273/379] installing perl-Error-1:0.17029-1.oe1
[ 1337s] [274/379] installing perl-Filter-2:1.59-2.oe1
[ 1339s] [275/379] installing perl-IPC-SysV-2.07-5.oe1
[ 1341s] [276/379] installing perl-Locale-Maketext-1:1.28-1.oe1
[ 1344s] [277/379] installing perl-constant-1.33-421.oe1
[ 1345s] [278/379] installing perl-MIME-Base64-3.15-418.oe1
[ 1348s] [279/379] installing perl-CPAN-Meta-YAML-0.018-420.oe1
[ 1349s] [280/379] installing perl-Socket-4:2.029-2.oe1
[ 1352s] [281/379] installing perl-Storable-1:3.15-2.oe1
[ 1354s] [282/379] installing python3-hawkey-0.65.0-2.oe1
[ 1356s] [283/379] installing perl-PerlIO-via-QuotedPrint-0.08-397.oe1
[ 1358s] [284/379] installing perl-Digest-1.17-419.oe1
[ 1359s] [285/379] installing perl-Filter-Simple-1:0.94-1.oe1
[ 1361s] [286/379] installing perl-IO-Socket-IP-0.39-420.oe1
[ 1364s] [287/379] installing perl-Text-Diff-1.45-7.oe1
[ 1366s] [288/379] installing perl-Time-Local-2:1.280-6.oe1
[ 1367s] [289/379] installing perl-version-8:0.99.24-3.oe1
[ 1369s] [290/379] installing perl-IPC-System-Simple-1.25-19.oe1
[ 1371s] [291/379] installing perl-threads-shared-1.59-2.oe1
[ 1373s] [292/379] installing perl-Compress-Raw-Bzip2-2.100-1.oe1
[ 1375s] [293/379] installing perl-Compress-Raw-Zlib-1:2.100-1.oe1
[ 1377s] [294/379] installing perl-Locale-Codes-3.58-2.oe1
[ 1380s] [295/379] installing perl-Math-BigInt-1:1.9998.13-5.oe1
[ 1382s] [296/379] installing perl-PathTools-3.75-4.oe1
[ 1384s] [297/379] installing python3-dnf-4.10.0-1.oe1
[ 1389s] [298/379] installing perl-Data-Dumper-2.172-3.oe1
[ 1391s] [299/379] installing perl-Sys-Syslog-0.35-420.oe1
[ 1393s] [300/379] installing perl-Encode-4:2.98-9.oe1
[ 1399s] [301/379] installing autogen-5.18.16-1.oe1
[ 1402s] [302/379] installing nodejs-1:16.10.0-1.oe1
[ 1405s] [303/379] installing systemd-243-22.oe1
[ 1428s] /var/tmp/rpm-tmp.FqdP0B: line 8: groupadd: command not found
[ 1428s] /var/tmp/rpm-tmp.FqdP0B: line 10: groupadd: command not found
[ 1428s] /var/tmp/rpm-tmp.FqdP0B: line 13: groupadd: command not found
[ 1428s] /var/tmp/rpm-tmp.FqdP0B: line 16: groupadd: command not found
[ 1428s] [304/379] installing dbus-common-1:1.12.20-3.oe1
[ 1430s] [305/379] installing nodejs-source-map-0.5.6-1.oe1
[ 1432s] [306/379] installing perl-Module-Load-1:0.32-418.oe1
[ 1434s] [307/379] installing nodejs-packaging-20-1.oe1
[ 1435s] [308/379] installing dnf-4.10.0-1.oe1
[ 1439s] Failed to preset unit, unit dnf-automatic.timer does not exist.
[ 1439s] Failed to preset unit, unit dnf-automatic-notifyonly.timer does not exist.
[ 1439s] Failed to preset unit, unit dnf-automatic-download.timer does not exist.
[ 1439s] Failed to preset unit, unit dnf-automatic-install.timer does not exist.
[ 1439s] [309/379] installing perl-File-Which-1.23-1.oe1
[ 1441s] [310/379] installing perl-Thread-Queue-3.13-3.oe1
[ 1442s] [311/379] installing perl-experimental-0.020-2.oe1
[ 1444s] [312/379] installing perl-Digest-MD5-2.55-419.oe1
[ 1445s] [313/379] installing perl-File-Path-2.16-4.oe1
[ 1447s] [314/379] installing perl-Math-BigInt-FastCalc-0.500.700-4.oe1
[ 1449s] [315/379] installing perl-Module-Metadata-1.000036-3.oe1
[ 1451s] [316/379] installing perl-CPAN-Meta-Requirements-2.140-419.oe1
[ 1453s] [317/379] installing perl-Encode-devel-4:2.98-9.oe1
[ 1454s] [318/379] installing perl-HTTP-Tiny-0.076-3.oe1
[ 1456s] [319/379] installing perl-Math-BigRat-0.2614-2.oe1
[ 1457s] [320/379] installing audit-1:3.0-2.oe1
[ 1461s] [321/379] installing perl-DB_File-1.842-2.oe1
[ 1463s] [322/379] installing perl-autodie-2.29-398.oe1
[ 1465s] [323/379] installing perl-Unicode-Collate-1.25-4.oe1
[ 1470s] [324/379] installing perl-IO-Compress-2.081-6.oe1
[ 1472s] [325/379] installing perl-podlators-1:4.14-1.oe1
[ 1474s] [326/379] installing perl-ExtUtils-Command-1:7.60-1.oe1
[ 1475s] [327/379] installing perl-ExtUtils-Manifest-1:1.71-4.oe1
[ 1477s] [328/379] installing perl-bignum-0.50-4.oe1
[ 1478s] [329/379] installing perl-File-Temp-1:0.230.800-4.oe1
[ 1480s] [330/379] installing perl-libnet-3.11-420.oe1
[ 1482s] [331/379] installing pam-1.5.1-1.oe1
[ 1487s] [332/379] installing libpwquality-1.4.4-1.oe1
[ 1489s] [333/379] installing perl-File-HomeDir-1.004-4.oe1
[ 1491s] [334/379] installing shadow-2:4.8.1-5.oe1
[ 1494s] [335/379] installing perl-Test-Simple-2:1.302175-2.oe1
[ 1497s] [336/379] installing libutempter-1.1.6-16.oe1
[ 1500s] [337/379] installing unbound-libs-1.10.1-4.oe1
[ 1504s] [338/379] installing dbus-daemon-1:1.12.20-3.oe1
[ 1509s] [339/379] installing openssh-server-8.2p1-10.oe1
[ 1514s] Created symlink /etc/systemd/system/multi-user.target.wants/sshd.service -> /usr/lib/systemd/system/sshd.service.
[ 1514s] [340/379] installing groff-1.22.4-4.oe1
[ 1523s] [341/379] installing dbus-1:1.12.20-3.oe1
[ 1525s] [342/379] installing man-db-2.9.3-2.oe1
[ 1531s] [343/379] installing perl-Pod-Perldoc-1:3.28-3.oe1
[ 1532s] [344/379] installing gnutls-3.6.15-3.oe1
[ 1536s] [345/379] installing util-linux-2.36.1-3.oe1
[ 1544s] [346/379] installing nss-help-3.72.0-2.oe1
[ 1547s] [347/379] installing perl-Pod-Usage-4:1.69-418.oe1
[ 1549s] [348/379] installing device-mapper-8:1.02.172-1.oe1
[ 1554s] [349/379] installing openssh-8.2p1-10.oe1
[ 1557s] [350/379] installing perl-Getopt-Long-1:2.52-1.oe1
[ 1559s] [351/379] installing cryptsetup-2.3.3-3.oe1
[ 1563s] [352/379] installing device-mapper-event-8:1.02.172-1.oe1
[ 1570s] Created symlink /etc/systemd/system/sockets.target.wants/dm-event.socket -> /usr/lib/systemd/system/dm-event.socket.
[ 1570s] [353/379] installing nss-3.72.0-2.oe1
[ 1582s] [354/379] installing openssh-clients-8.2p1-10.oe1
[ 1586s] [355/379] installing nss-util-3.72.0-2.oe1
[ 1589s] [356/379] installing perl-ExtUtils-ParseXS-2:3.35-1.oe1
[ 1590s] [357/379] installing perl-Module-CoreList-1:5.20180920-2.oe1
[ 1592s] [358/379] installing perl-Digest-SHA-1:6.02-7.oe1
[ 1595s] [359/379] installing perl-Pod-Parser-1.63-397.oe1
[ 1596s] [360/379] installing perl-Pod-Simple-1:3.35-418.oe1
[ 1598s] [361/379] installing perl-Test-Harness-1:3.43_02-1.oe1
[ 1601s] [362/379] installing perl-Archive-Tar-2.30-421.oe1
[ 1602s] [363/379] installing perl-JSON-PP-1:4.04-2.oe1
[ 1603s] [364/379] installing lvm2-8:2.03.11-1.oe1
[ 1610s] Created symlink /etc/systemd/system/sysinit.target.wants/lvm2-lvmpolld.socket -> /usr/lib/systemd/system/lvm2-lvmpolld.socket.
[ 1610s] [365/379] installing autoconf-2.69-30.oe1
[ 1613s] [366/379] installing git-2.23.0-12.oe1
[ 1626s] [367/379] installing nss-softokn-3.72.0-2.oe1
[ 1629s] [368/379] installing perl-Pod-Checker-4:1.73-398.oe1
[ 1631s] [369/379] installing perl-Git-2.23.0-12.oe1
[ 1632s] [370/379] installing perl-CPAN-Meta-2.150010-419.oe1
[ 1635s] [371/379] installing perl-Module-Load-Conditional-0.68-418.oe1
[ 1637s] [372/379] installing automake-1.16.1-6.oe1
[ 1640s] [373/379] installing perl-ExtUtils-MakeMaker-1:7.60-1.oe1
[ 1642s] [374/379] installing perl-ExtUtils-Install-2.14-419.oe1
[ 1644s] [375/379] installing perl-IPC-Cmd-2:1.04-4.oe1
[ 1648s] [376/379] installing rpm-build-4.15.1-25.oe1
[ 1651s] [377/379] installing gcc_secure-1.0-0.9.oe1
[ 1654s] [378/379] installing perl-File-Fetch-0.56-4.oe1
[ 1657s] [379/379] installing perl-devel-4:5.28.0-435.oe1
[ 1669s] removing nis flags from /var/cache/obs/worker/root_3/etc/nsswitch.conf...
[ 1670s] now finalizing build dir...
[ 1682s] Running build time source services...
[ 1702s] -----------------------------------------------------------------
[ 1702s] ----- building hyperscan.spec (user abuild)
[ 1702s] -----------------------------------------------------------------
[ 1702s] -----------------------------------------------------------------
[ 1712s] + exec rpmbuild -ba --define '_srcdefattr (-,root,root)' --nosignature --define 'disturl obs://private/openEuler:Mainline:RISC-V/advanced_riscv64/9449435f08018ce6e0dabbca47982c1a-hyperscan' /home/abuild/rpmbuild/SOURCES/hyperscan.spec
[ 1713s] Executing(%prep): /bin/sh -e /var/tmp/rpm-tmp.DBvBRv
[ 1713s] + umask 022
[ 1713s] + cd /home/abuild/rpmbuild/BUILD
[ 1713s] + cd /home/abuild/rpmbuild/BUILD
[ 1713s] + rm -rf hyperscan-5.4.0
[ 1713s] + /usr/bin/gzip -dc /home/abuild/rpmbuild/SOURCES/hyperscan-5.4.0.tar.gz
[ 1713s] + /usr/bin/tar -xof -
[ 1715s] + STATUS=0
[ 1715s] + '[' 0 -ne 0 ']'
[ 1715s] + cd hyperscan-5.4.0
[ 1715s] + /usr/bin/chmod -Rf a+rX,u+w,g-w,o-w .
[ 1715s] + /usr/bin/patch -p1 -s --fuzz=0 --no-backup-if-mismatch
[ 1715s] + /usr/bin/cat /home/abuild/rpmbuild/SOURCES/hyperscan-aarch64-support.patch
[ 1716s] + /usr/bin/patch -p1 -s --fuzz=0 --no-backup-if-mismatch
[ 1716s] + /usr/bin/cat /home/abuild/rpmbuild/SOURCES/Fix-build-error-on-x86_64.patch
[ 1716s] + /usr/bin/cat /home/abuild/rpmbuild/SOURCES/Fix-hyperscan-gcc10.patch
[ 1716s] + /usr/bin/patch -p1 -s --fuzz=0 --no-backup-if-mismatch
[ 1716s] + RPM_EC=0
[ 1716s] ++ jobs -p
[ 1716s] + exit 0
[ 1716s] Executing(%build): /bin/sh -e /var/tmp/rpm-tmp.9BKypX
[ 1716s] + umask 022
[ 1716s] + cd /home/abuild/rpmbuild/BUILD
[ 1716s] + cd hyperscan-5.4.0
[ 1716s] + CFLAGS='-O2 -g -pipe -Wall -Werror=format-security -Wp,-D_FORTIFY_SOURCE=2 -Wp,-D_GLIBCXX_ASSERTIONS -fstack-protector-strong -grecord-gcc-switches -specs=/usr/lib/rpm/generic-hardened-cc1 -fasynchronous-unwind-tables -fstack-clash-protection'
[ 1716s] + export CFLAGS
[ 1716s] + CXXFLAGS='-O2 -g -pipe -Wall -Werror=format-security -Wp,-D_FORTIFY_SOURCE=2 -Wp,-D_GLIBCXX_ASSERTIONS -fstack-protector-strong -grecord-gcc-switches -specs=/usr/lib/rpm/generic-hardened-cc1 -fasynchronous-unwind-tables -fstack-clash-protection'
[ 1716s] + export CXXFLAGS
[ 1716s] + FFLAGS='-O2 -g -pipe -Wall -Werror=format-security -Wp,-D_FORTIFY_SOURCE=2 -Wp,-D_GLIBCXX_ASSERTIONS -fstack-protector-strong -grecord-gcc-switches -specs=/usr/lib/rpm/generic-hardened-cc1 -fasynchronous-unwind-tables -fstack-clash-protection -I/usr/lib64/gfortran/modules'
[ 1716s] + export FFLAGS
[ 1716s] + FCFLAGS='-O2 -g -pipe -Wall -Werror=format-security -Wp,-D_FORTIFY_SOURCE=2 -Wp,-D_GLIBCXX_ASSERTIONS -fstack-protector-strong -grecord-gcc-switches -specs=/usr/lib/rpm/generic-hardened-cc1 -fasynchronous-unwind-tables -fstack-clash-protection -I/usr/lib64/gfortran/modules'
[ 1716s] + export FCFLAGS
[ 1716s] + LDFLAGS='-Wl,-z,relro   -Wl,-z,now -specs=/usr/lib/rpm/generic-hardened-ld'
[ 1716s] + export LDFLAGS
[ 1716s] + /usr/bin/cmake -DCMAKE_C_FLAGS_RELEASE:STRING=-DNDEBUG -DCMAKE_CXX_FLAGS_RELEASE:STRING=-DNDEBUG -DCMAKE_Fortran_FLAGS_RELEASE:STRING=-DNDEBUG -DCMAKE_VERBOSE_MAKEFILE:BOOL=ON -DCMAKE_INSTALL_PREFIX:PATH=/usr -DINCLUDE_INSTALL_DIR:PATH=/usr/include -DLIB_INSTALL_DIR:PATH=/usr/lib64 -DSYSCONF_INSTALL_DIR:PATH=/etc -DSHARE_INSTALL_PREFIX:PATH=/usr/share -DLIB_SUFFIX=64 -DBUILD_SHARED_LIBS:BOOL=ON -DBUILD_SHARED_LIBS:BOOL=ON -DBUILD_STATIC_AND_SHARED:BOOL=OFF .
[ 1717s] CMake Deprecation Warning at CMakeLists.txt:1 (cmake_minimum_required):
[ 1717s]   Compatibility with CMake < 2.8.12 will be removed from a future version of
[ 1717s]   CMake.
[ 1717s] 
[ 1717s]   Update the VERSION argument <min> value or use a ...<max> suffix to tell
[ 1717s]   CMake that the project does not need compatibility with older versions.
[ 1717s] 
[ 1717s] 
[ 1725s] -- The C compiler identification is GNU 10.3.1
[ 1730s] -- The CXX compiler identification is GNU 10.3.1
[ 1731s] -- Detecting C compiler ABI info
[ 1736s] -- Detecting C compiler ABI info - done
[ 1737s] -- Check for working C compiler: /usr/bin/cc - skipped
[ 1737s] -- Detecting C compile features
[ 1737s] -- Detecting C compile features - done
[ 1737s] -- Detecting CXX compiler ABI info
[ 1742s] -- Detecting CXX compiler ABI info - done
[ 1743s] -- Check for working CXX compiler: /usr/bin/c++ - skipped
[ 1743s] -- Detecting CXX compile features
[ 1743s] -- Detecting CXX compile features - done
[ 1743s] -- Performing Test ARCH_X86_64
[ 1745s] -- Performing Test ARCH_X86_64 - Failed
[ 1745s] -- Performing Test ARCH_IA32
[ 1747s] -- Performing Test ARCH_IA32 - Failed
[ 1747s] -- Performing Test ARCH_AARCH64
[ 1749s] -- Performing Test ARCH_AARCH64 - Failed
[ 1749s] -- Default build type 'Release with debug info'
[ 1749s] -- using release build
[ 1750s] -- Boost version: 1.77.0
[ 1751s] -- Found PythonInterp: /usr/bin/python3.8 (found version "3.8.5") 
[ 1751s] -- Build date: 2022-04-21
[ 1751s] -- Building shared libraries
[ 1751s] -- gcc version 10.3.1
[ 1751s] -- g++ version 10.3.1
[ 1751s] -- Looking for include file unistd.h
[ 1756s] -- Looking for include file unistd.h - found
[ 1756s] -- Looking for posix_memalign
[ 1761s] -- Looking for posix_memalign - found
[ 1761s] -- Looking for _aligned_malloc
[ 1766s] -- Looking for _aligned_malloc - not found
[ 1766s] -- Performing Test HAS_C_HIDDEN
[ 1771s] -- Performing Test HAS_C_HIDDEN - Success
[ 1771s] -- Performing Test HAS_CXX_HIDDEN
[ 1776s] -- Performing Test HAS_CXX_HIDDEN - Success
[ 1776s] -- Looking for _LIBCPP_VERSION
[ 1779s] -- Looking for _LIBCPP_VERSION - not found
[ 1779s] -- generator is Unix Makefiles
[ 1779s] -- Performing Test HAS_C_ATTR_IFUNC
[ 1784s] -- Performing Test HAS_C_ATTR_IFUNC - Success
[ 1784s] -- Performing Test HAVE_CC_BUILTIN_ASSUME_ALIGNED
[ 1790s] -- Performing Test HAVE_CC_BUILTIN_ASSUME_ALIGNED - Success
[ 1790s] -- Performing Test HAVE_CXX_BUILTIN_ASSUME_ALIGNED
[ 1795s] -- Performing Test HAVE_CXX_BUILTIN_ASSUME_ALIGNED - Success
[ 1795s] -- Performing Test HAVE__BUILTIN_CONSTANT_P
[ 1800s] -- Performing Test HAVE__BUILTIN_CONSTANT_P - Success
[ 1801s] -- Performing Test C_FLAG_Wvla
[ 1806s] -- Performing Test C_FLAG_Wvla - Success
[ 1806s] -- Performing Test C_FLAG_Wpointer_arith
[ 1810s] -- Performing Test C_FLAG_Wpointer_arith - Success
[ 1810s] -- Performing Test C_FLAG_Wstrict_prototypes
[ 1815s] -- Performing Test C_FLAG_Wstrict_prototypes - Success
[ 1815s] -- Performing Test C_FLAG_Wmissing_prototypes
[ 1820s] -- Performing Test C_FLAG_Wmissing_prototypes - Success
[ 1820s] -- Performing Test CXX_FLAG_Wvla
[ 1826s] -- Performing Test CXX_FLAG_Wvla - Success
[ 1826s] -- Performing Test CXX_FLAG_Wpointer_arith
[ 1831s] -- Performing Test CXX_FLAG_Wpointer_arith - Success
[ 1831s] -- Performing Test CC_SELF_ASSIGN
[ 1834s] -- Performing Test CC_SELF_ASSIGN - Failed
[ 1834s] -- Performing Test CXX_SELF_ASSIGN
[ 1837s] -- Performing Test CXX_SELF_ASSIGN - Failed
[ 1837s] -- Performing Test CC_PAREN_EQUALITY
[ 1840s] -- Performing Test CC_PAREN_EQUALITY - Failed
[ 1840s] -- Performing Test CXX_UNUSED_CONST_VAR
[ 1845s] -- Performing Test CXX_UNUSED_CONST_VAR - Success
[ 1846s] -- Performing Test CXX_IGNORED_ATTR
[ 1851s] -- Performing Test CXX_IGNORED_ATTR - Success
[ 1851s] -- Performing Test CXX_WEAK_VTABLES
[ 1853s] -- Performing Test CXX_WEAK_VTABLES - Failed
[ 1853s] -- Performing Test CXX_MISSING_DECLARATIONS
[ 1858s] -- Performing Test CXX_MISSING_DECLARATIONS - Success
[ 1858s] -- Performing Test CXX_UNUSED_LOCAL_TYPEDEFS
[ 1863s] -- Performing Test CXX_UNUSED_LOCAL_TYPEDEFS - Success
[ 1863s] -- Performing Test CXX_WUNUSED_VARIABLE
[ 1869s] -- Performing Test CXX_WUNUSED_VARIABLE - Success
[ 1869s] -- Performing Test CC_STRINGOP_OVERFLOW
[ 1875s] -- Performing Test CC_STRINGOP_OVERFLOW - Success
[ 1875s] -- Building runtime for multiple microarchitectures
[ 1875s] -- Looking for mmap
[ 1879s] -- Looking for mmap - found
[ 1879s] -- Doxygen not found, unable to generate API reference
[ 1879s] -- Sphinx not found, unable to generate developer reference
[ 1880s] -- Found PkgConfig: /usr/bin/pkgconf (found version "1.7.3") 
[ 1880s] -- Checking for module 'libpcre>=8.41'
[ 1880s] --   Found libpcre, version 8.44
[ 1881s] -- PCRE version 8.41 or above
[ 1882s] -- Looking for pthread.h
[ 1886s] -- Looking for pthread.h - found
[ 1886s] -- Performing Test CMAKE_HAVE_LIBC_PTHREAD
[ 1891s] -- Performing Test CMAKE_HAVE_LIBC_PTHREAD - Success
[ 1891s] -- Found Threads: TRUE  
[ 1891s] -- Checking for module 'sqlite3'
[ 1891s] --   Found sqlite3, version 3.24.0
[ 1893s] -- Performing Test SQLITE_VERSION_OK
[ 1897s] -- Performing Test SQLITE_VERSION_OK - Success
[ 1897s] -- Looking for sqlite3_open_v2
[ 1904s] -- Looking for sqlite3_open_v2 - found
[ 1904s] -- Looking for C++ include pthread_np.h
[ 1907s] -- Looking for C++ include pthread_np.h - not found
[ 1907s] -- Looking for pthread_setaffinity_np
[ 1914s] -- Looking for pthread_setaffinity_np - found
[ 1914s] -- Looking for malloc_info
[ 1918s] -- Looking for malloc_info - found
[ 1918s] -- Looking for shmget
[ 1923s] -- Looking for shmget - found
[ 1923s] -- Performing Test BACKTRACE_LIBC
[ 1929s] -- Performing Test BACKTRACE_LIBC - Success
[ 1929s] -- Performing Test HAS_RDYNAMIC
[ 1933s] -- Performing Test HAS_RDYNAMIC - Success
[ 1934s] -- Configuring done
[ 1934s] CMake Warning (dev) at CMakeLists.txt:1329 (add_library):
[ 1934s]   Policy CMP0115 is not set: Source file extensions must be explicit.  Run
[ 1934s]   "cmake --help-policy CMP0115" for policy details.  Use the cmake_policy
[ 1934s]   command to set the policy and suppress this warning.
[ 1934s] 
[ 1934s]   File:
[ 1934s] 
[ 1934s]     /home/abuild/rpmbuild/BUILD/hyperscan-5.4.0/src/hs_version.h.in
[ 1934s] This warning is for project developers.  Use -Wno-dev to suppress it.
[ 1934s] 
[ 1936s] CMake Warning (dev) at CMakeLists.txt:1445 (add_dependencies):
[ 1936s]   Policy CMP0046 is not set: Error on non-existent dependency in
[ 1936s]   add_dependencies.  Run "cmake --help-policy CMP0046" for policy details.
[ 1936s]   Use the cmake_policy command to set the policy and suppress this warning.
[ 1936s] 
[ 1936s]   The dependency target "ragel_Parser" of target "hs_shared" does not exist.
[ 1936s] This warning is for project developers.  Use -Wno-dev to suppress it.
[ 1936s] 
[ 1936s] CMake Warning (dev) at util/CMakeLists.txt:29 (add_dependencies):
[ 1936s]   Policy CMP0046 is not set: Error on non-existent dependency in
[ 1936s]   add_dependencies.  Run "cmake --help-policy CMP0046" for policy details.
[ 1936s]   Use the cmake_policy command to set the policy and suppress this warning.
[ 1936s] 
[ 1936s]   The dependency target "ragel_ExpressionParser" of target "expressionutil"
[ 1936s]   does not exist.
[ 1936s] This warning is for project developers.  Use -Wno-dev to suppress it.
[ 1936s] 
[ 1941s] -- Generating done
[ 1941s] CMake Warning:
[ 1941s]   Manually-specified variables were not used by the project:
[ 1941s] 
[ 1941s]     CMAKE_CXX_FLAGS_RELEASE
[ 1941s]     CMAKE_C_FLAGS_RELEASE
[ 1941s]     CMAKE_Fortran_FLAGS_RELEASE
[ 1941s]     LIB_INSTALL_DIR
[ 1941s]     LIB_SUFFIX
[ 1941s]     SHARE_INSTALL_PREFIX
[ 1941s]     SYSCONF_INSTALL_DIR
[ 1941s] 
[ 1941s] 
[ 1941s] -- Build files have been written to: /home/abuild/rpmbuild/BUILD/hyperscan-5.4.0
[ 1941s] + /usr/bin/make -O -j8 V=1 VERBOSE=1
[ 1942s] /usr/bin/cmake -S/home/abuild/rpmbuild/BUILD/hyperscan-5.4.0 -B/home/abuild/rpmbuild/BUILD/hyperscan-5.4.0 --check-build-system CMakeFiles/Makefile.cmake 0
[ 1942s] /usr/bin/cmake -E cmake_progress_start /home/abuild/rpmbuild/BUILD/hyperscan-5.4.0/CMakeFiles /home/abuild/rpmbuild/BUILD/hyperscan-5.4.0//CMakeFiles/progress.marks
[ 1942s] /usr/bin/make  -f CMakeFiles/Makefile2 all
[ 1942s] /usr/bin/make  -f CMakeFiles/hs_compile_shared.dir/build.make CMakeFiles/hs_compile_shared.dir/depend
[ 1942s] /usr/bin/make  -f CMakeFiles/hs_exec_shared_core2.dir/build.make CMakeFiles/hs_exec_shared_core2.dir/depend
[ 1942s] /usr/bin/make  -f CMakeFiles/hs_exec_shared_corei7.dir/build.make CMakeFiles/hs_exec_shared_corei7.dir/depend
[ 1942s] /usr/bin/make  -f CMakeFiles/hs_exec_shared_avx2.dir/build.make CMakeFiles/hs_exec_shared_avx2.dir/depend
[ 1942s] /usr/bin/make  -f CMakeFiles/hs_exec_common_shared.dir/build.make CMakeFiles/hs_exec_common_shared.dir/depend
[ 1942s] /usr/bin/make  -f util/CMakeFiles/expressionutil.dir/build.make util/CMakeFiles/expressionutil.dir/depend
[ 1942s] /usr/bin/make  -f util/CMakeFiles/corpusomatic.dir/build.make util/CMakeFiles/corpusomatic.dir/depend
[ 1942s] /usr/bin/make  -f util/CMakeFiles/databaseutil.dir/build.make util/CMakeFiles/databaseutil.dir/depend
[ 1943s] make[2]: Entering directory '/home/abuild/rpmbuild/BUILD/hyperscan-5.4.0'
[ 1943s] cd /home/abuild/rpmbuild/BUILD/hyperscan-5.4.0 && /usr/bin/cmake -E cmake_depends "Unix Makefiles" /home/abuild/rpmbuild/BUILD/hyperscan-5.4.0 /home/abuild/rpmbuild/BUILD/hyperscan-5.4.0 /home/abuild/rpmbuild/BUILD/hyperscan-5.4.0 /home/abuild/rpmbuild/BUILD/hyperscan-5.4.0 /home/abuild/rpmbuild/BUILD/hyperscan-5.4.0/CMakeFiles/hs_exec_common_shared.dir/DependInfo.cmake --color=
[ 1943s] make[2]: Leaving directory '/home/abuild/rpmbuild/BUILD/hyperscan-5.4.0'
[ 1943s] /usr/bin/make  -f CMakeFiles/hs_exec_common_shared.dir/build.make CMakeFiles/hs_exec_common_shared.dir/build
[ 1943s] make[2]: Entering directory '/home/abuild/rpmbuild/BUILD/hyperscan-5.4.0'
[ 1943s] cd /home/abuild/rpmbuild/BUILD/hyperscan-5.4.0 && /usr/bin/cmake -E cmake_depends "Unix Makefiles" /home/abuild/rpmbuild/BUILD/hyperscan-5.4.0 /home/abuild/rpmbuild/BUILD/hyperscan-5.4.0 /home/abuild/rpmbuild/BUILD/hyperscan-5.4.0 /home/abuild/rpmbuild/BUILD/hyperscan-5.4.0 /home/abuild/rpmbuild/BUILD/hyperscan-5.4.0/CMakeFiles/hs_exec_shared_core2.dir/DependInfo.cmake --color=
[ 1943s] make[2]: Leaving directory '/home/abuild/rpmbuild/BUILD/hyperscan-5.4.0'
[ 1943s] /usr/bin/make  -f CMakeFiles/hs_exec_shared_core2.dir/build.make CMakeFiles/hs_exec_shared_core2.dir/build
[ 1943s] make[2]: Entering directory '/home/abuild/rpmbuild/BUILD/hyperscan-5.4.0'
[ 1943s] cd /home/abuild/rpmbuild/BUILD/hyperscan-5.4.0 && /usr/bin/cmake -E cmake_depends "Unix Makefiles" /home/abuild/rpmbuild/BUILD/hyperscan-5.4.0 /home/abuild/rpmbuild/BUILD/hyperscan-5.4.0 /home/abuild/rpmbuild/BUILD/hyperscan-5.4.0 /home/abuild/rpmbuild/BUILD/hyperscan-5.4.0 /home/abuild/rpmbuild/BUILD/hyperscan-5.4.0/CMakeFiles/hs_exec_shared_avx2.dir/DependInfo.cmake --color=
[ 1943s] make[2]: Leaving directory '/home/abuild/rpmbuild/BUILD/hyperscan-5.4.0'
[ 1943s] /usr/bin/make  -f CMakeFiles/hs_exec_shared_avx2.dir/build.make CMakeFiles/hs_exec_shared_avx2.dir/build
[ 1943s] make[2]: Entering directory '/home/abuild/rpmbuild/BUILD/hyperscan-5.4.0'
[ 1943s] cd /home/abuild/rpmbuild/BUILD/hyperscan-5.4.0 && /usr/bin/cmake -E cmake_depends "Unix Makefiles" /home/abuild/rpmbuild/BUILD/hyperscan-5.4.0 /home/abuild/rpmbuild/BUILD/hyperscan-5.4.0/util /home/abuild/rpmbuild/BUILD/hyperscan-5.4.0 /home/abuild/rpmbuild/BUILD/hyperscan-5.4.0/util /home/abuild/rpmbuild/BUILD/hyperscan-5.4.0/util/CMakeFiles/corpusomatic.dir/DependInfo.cmake --color=
[ 1943s] make[2]: Leaving directory '/home/abuild/rpmbuild/BUILD/hyperscan-5.4.0'
[ 1943s] /usr/bin/make  -f util/CMakeFiles/corpusomatic.dir/build.make util/CMakeFiles/corpusomatic.dir/build
[ 1943s] make[2]: Entering directory '/home/abuild/rpmbuild/BUILD/hyperscan-5.4.0'
[ 1943s] cd /home/abuild/rpmbuild/BUILD/hyperscan-5.4.0 && /usr/bin/cmake -E cmake_depends "Unix Makefiles" /home/abuild/rpmbuild/BUILD/hyperscan-5.4.0 /home/abuild/rpmbuild/BUILD/hyperscan-5.4.0 /home/abuild/rpmbuild/BUILD/hyperscan-5.4.0 /home/abuild/rpmbuild/BUILD/hyperscan-5.4.0 /home/abuild/rpmbuild/BUILD/hyperscan-5.4.0/CMakeFiles/hs_exec_shared_corei7.dir/DependInfo.cmake --color=
[ 1943s] make[2]: Leaving directory '/home/abuild/rpmbuild/BUILD/hyperscan-5.4.0'
[ 1943s] /usr/bin/make  -f CMakeFiles/hs_exec_shared_corei7.dir/build.make CMakeFiles/hs_exec_shared_corei7.dir/build
[ 1943s] make[2]: Entering directory '/home/abuild/rpmbuild/BUILD/hyperscan-5.4.0'
[ 1943s] cd /home/abuild/rpmbuild/BUILD/hyperscan-5.4.0 && /usr/bin/cmake -E cmake_depends "Unix Makefiles" /home/abuild/rpmbuild/BUILD/hyperscan-5.4.0 /home/abuild/rpmbuild/BUILD/hyperscan-5.4.0 /home/abuild/rpmbuild/BUILD/hyperscan-5.4.0 /home/abuild/rpmbuild/BUILD/hyperscan-5.4.0 /home/abuild/rpmbuild/BUILD/hyperscan-5.4.0/CMakeFiles/hs_compile_shared.dir/DependInfo.cmake --color=
[ 1943s] make[2]: Leaving directory '/home/abuild/rpmbuild/BUILD/hyperscan-5.4.0'
[ 1943s] /usr/bin/make  -f CMakeFiles/hs_compile_shared.dir/build.make CMakeFiles/hs_compile_shared.dir/build
[ 1943s] make[2]: Entering directory '/home/abuild/rpmbuild/BUILD/hyperscan-5.4.0'
[ 1943s] cd /home/abuild/rpmbuild/BUILD/hyperscan-5.4.0 && /usr/bin/cmake -E cmake_depends "Unix Makefiles" /home/abuild/rpmbuild/BUILD/hyperscan-5.4.0 /home/abuild/rpmbuild/BUILD/hyperscan-5.4.0/util /home/abuild/rpmbuild/BUILD/hyperscan-5.4.0 /home/abuild/rpmbuild/BUILD/hyperscan-5.4.0/util /home/abuild/rpmbuild/BUILD/hyperscan-5.4.0/util/CMakeFiles/expressionutil.dir/DependInfo.cmake --color=
[ 1943s] make[2]: Leaving directory '/home/abuild/rpmbuild/BUILD/hyperscan-5.4.0'
[ 1943s] /usr/bin/make  -f util/CMakeFiles/expressionutil.dir/build.make util/CMakeFiles/expressionutil.dir/build
[ 1943s] make[2]: Entering directory '/home/abuild/rpmbuild/BUILD/hyperscan-5.4.0'
[ 1943s] cd /home/abuild/rpmbuild/BUILD/hyperscan-5.4.0 && /usr/bin/cmake -E cmake_depends "Unix Makefiles" /home/abuild/rpmbuild/BUILD/hyperscan-5.4.0 /home/abuild/rpmbuild/BUILD/hyperscan-5.4.0/util /home/abuild/rpmbuild/BUILD/hyperscan-5.4.0 /home/abuild/rpmbuild/BUILD/hyperscan-5.4.0/util /home/abuild/rpmbuild/BUILD/hyperscan-5.4.0/util/CMakeFiles/databaseutil.dir/DependInfo.cmake --color=
[ 1943s] make[2]: Leaving directory '/home/abuild/rpmbuild/BUILD/hyperscan-5.4.0'
[ 1943s] /usr/bin/make  -f util/CMakeFiles/databaseutil.dir/build.make util/CMakeFiles/databaseutil.dir/build
[ 1946s] make[2]: Entering directory '/home/abuild/rpmbuild/BUILD/hyperscan-5.4.0'
[ 1946s] [  0%] Building C object CMakeFiles/hs_exec_common_shared.dir/src/alloc.c.o
[ 1946s] /usr/bin/cc  -I/home/abuild/rpmbuild/BUILD/hyperscan-5.4.0 -I/home/abuild/rpmbuild/BUILD/hyperscan-5.4.0/src -isystem /home/abuild/rpmbuild/BUILD/hyperscan-5.4.0/include -O2 -g -pipe -Wall -Werror=format-security -Wp,-D_FORTIFY_SOURCE=2 -Wp,-D_GLIBCXX_ASSERTIONS -fstack-protector-strong -grecord-gcc-switches -specs=/usr/lib/rpm/generic-hardened-cc1 -fasynchronous-unwind-tables -fstack-clash-protection -O3 -std=c99 -Wall -Wextra -Wshadow -Wcast-qual -fno-strict-aliasing -DNDEBUG -Wno-array-bounds -Wno-maybe-uninitialized -Wno-abi -fno-omit-frame-pointer -fvisibility=hidden -Wvla -Wpointer-arith -Wstrict-prototypes -Wmissing-prototypes -Wno-stringop-overflow  -g -DNDEBUG -fPIC -MD -MT CMakeFiles/hs_exec_common_shared.dir/src/alloc.c.o -MF CMakeFiles/hs_exec_common_shared.dir/src/alloc.c.o.d -o CMakeFiles/hs_exec_common_shared.dir/src/alloc.c.o -c /home/abuild/rpmbuild/BUILD/hyperscan-5.4.0/src/alloc.c
[ 1946s] In file included from /home/abuild/rpmbuild/BUILD/hyperscan-5.4.0/src/util/simd_types.h:35,
[ 1946s]                  from /home/abuild/rpmbuild/BUILD/hyperscan-5.4.0/src/ue2common.h:78,
[ 1946s]                  from /home/abuild/rpmbuild/BUILD/hyperscan-5.4.0/src/allocator.h:33,
[ 1946s]                  from /home/abuild/rpmbuild/BUILD/hyperscan-5.4.0/src/alloc.c:36:
[ 1946s] /home/abuild/rpmbuild/BUILD/hyperscan-5.4.0/src/util/intrinsics.h:75:2: error: #error no intrinsics file
[ 1946s]    75 | #error no intrinsics file
[ 1946s]       |  ^~~~~
[ 1946s] make[2]: *** [CMakeFiles/hs_exec_common_shared.dir/build.make:79: CMakeFiles/hs_exec_common_shared.dir/src/alloc.c.o] Error 1
[ 1946s] make[2]: Leaving directory '/home/abuild/rpmbuild/BUILD/hyperscan-5.4.0'
[ 1946s] make[1]: *** [CMakeFiles/Makefile2:371: CMakeFiles/hs_exec_common_shared.dir/all] Error 2
[ 1946s] make[1]: *** Waiting for unfinished jobs....
[ 1948s] make[2]: Entering directory '/home/abuild/rpmbuild/BUILD/hyperscan-5.4.0'
[ 1948s] [  0%] Building C object CMakeFiles/hs_exec_shared_avx2.dir/src/crc32.c.o
[ 1948s] /home/abuild/rpmbuild/BUILD/hyperscan-5.4.0/cmake/build_wrapper.sh avx2 /home/abuild/rpmbuild/BUILD/hyperscan-5.4.0/cmake/keep.syms.in /usr/bin/cc  -I/home/abuild/rpmbuild/BUILD/hyperscan-5.4.0 -I/home/abuild/rpmbuild/BUILD/hyperscan-5.4.0/src -isystem /home/abuild/rpmbuild/BUILD/hyperscan-5.4.0/include -O2 -g -pipe -Wall -Werror=format-security -Wp,-D_FORTIFY_SOURCE=2 -Wp,-D_GLIBCXX_ASSERTIONS -fstack-protector-strong -grecord-gcc-switches -specs=/usr/lib/rpm/generic-hardened-cc1 -fasynchronous-unwind-tables -fstack-clash-protection -O3 -std=c99 -Wall -Wextra -Wshadow -Wcast-qual -fno-strict-aliasing -DNDEBUG -Wno-array-bounds -Wno-maybe-uninitialized -Wno-abi -fno-omit-frame-pointer -fvisibility=hidden -Wvla -Wpointer-arith -Wstrict-prototypes -Wmissing-prototypes -Wno-stringop-overflow  -g -DNDEBUG -fPIC -march=core-avx2 -MD -MT CMakeFiles/hs_exec_shared_avx2.dir/src/crc32.c.o -MF CMakeFiles/hs_exec_shared_avx2.dir/src/crc32.c.o.d -o CMakeFiles/hs_exec_shared_avx2.dir/src/crc32.c.o -c /home/abuild/rpmbuild/BUILD/hyperscan-5.4.0/src/crc32.c
[ 1948s] nm: 'libc.so.6': No such file
[ 1948s] Assembler messages:
[ 1948s] Error: -march=core-avx2: ISA string must begin with rv32 or rv64
[ 1948s] cc1: error: '-march=core-avx2': ISA string must begin with rv32 or rv64
[ 1948s] cc1: error: requested ABI requires '-march' to subsume the 'D' extension
[ 1948s] cc1: error: ABI requires '-march=rv64'
[ 1948s] make[2]: *** [CMakeFiles/hs_exec_shared_avx2.dir/build.make:79: CMakeFiles/hs_exec_shared_avx2.dir/src/crc32.c.o] Error 1
[ 1948s] make[2]: Leaving directory '/home/abuild/rpmbuild/BUILD/hyperscan-5.4.0'
[ 1948s] make[1]: *** [CMakeFiles/Makefile2:345: CMakeFiles/hs_exec_shared_avx2.dir/all] Error 2
[ 1948s] make[2]: Entering directory '/home/abuild/rpmbuild/BUILD/hyperscan-5.4.0'
[ 1948s] [  1%] Building C object CMakeFiles/hs_exec_shared_core2.dir/src/crc32.c.o
[ 1948s] /home/abuild/rpmbuild/BUILD/hyperscan-5.4.0/cmake/build_wrapper.sh core2 /home/abuild/rpmbuild/BUILD/hyperscan-5.4.0/cmake/keep.syms.in /usr/bin/cc  -I/home/abuild/rpmbuild/BUILD/hyperscan-5.4.0 -I/home/abuild/rpmbuild/BUILD/hyperscan-5.4.0/src -isystem /home/abuild/rpmbuild/BUILD/hyperscan-5.4.0/include -O2 -g -pipe -Wall -Werror=format-security -Wp,-D_FORTIFY_SOURCE=2 -Wp,-D_GLIBCXX_ASSERTIONS -fstack-protector-strong -grecord-gcc-switches -specs=/usr/lib/rpm/generic-hardened-cc1 -fasynchronous-unwind-tables -fstack-clash-protection -O3 -std=c99 -Wall -Wextra -Wshadow -Wcast-qual -fno-strict-aliasing -DNDEBUG -Wno-array-bounds -Wno-maybe-uninitialized -Wno-abi -fno-omit-frame-pointer -fvisibility=hidden -Wvla -Wpointer-arith -Wstrict-prototypes -Wmissing-prototypes -Wno-stringop-overflow  -g -DNDEBUG -fPIC -march=core2 -MD -MT CMakeFiles/hs_exec_shared_core2.dir/src/crc32.c.o -MF CMakeFiles/hs_exec_shared_core2.dir/src/crc32.c.o.d -o CMakeFiles/hs_exec_shared_core2.dir/src/crc32.c.o -c /home/abuild/rpmbuild/BUILD/hyperscan-5.4.0/src/crc32.c
[ 1948s] nm: 'libc.so.6': No such file
[ 1948s] Assembler messages:
[ 1948s] Error: -march=core2: ISA string must begin with rv32 or rv64
[ 1948s] cc1: error: '-march=core2': ISA string must begin with rv32 or rv64
[ 1948s] cc1: error: requested ABI requires '-march' to subsume the 'D' extension
[ 1948s] cc1: error: ABI requires '-march=rv64'
[ 1948s] make[2]: *** [CMakeFiles/hs_exec_shared_core2.dir/build.make:79: CMakeFiles/hs_exec_shared_core2.dir/src/crc32.c.o] Error 1
[ 1948s] make[2]: Leaving directory '/home/abuild/rpmbuild/BUILD/hyperscan-5.4.0'
[ 1948s] make[2]: *** Waiting for unfinished jobs....
[ 1950s] make[2]: Entering directory '/home/abuild/rpmbuild/BUILD/hyperscan-5.4.0'
[ 1950s] [  1%] Building C object CMakeFiles/hs_exec_shared_core2.dir/src/runtime.c.o
[ 1950s] /home/abuild/rpmbuild/BUILD/hyperscan-5.4.0/cmake/build_wrapper.sh core2 /home/abuild/rpmbuild/BUILD/hyperscan-5.4.0/cmake/keep.syms.in /usr/bin/cc  -I/home/abuild/rpmbuild/BUILD/hyperscan-5.4.0 -I/home/abuild/rpmbuild/BUILD/hyperscan-5.4.0/src -isystem /home/abuild/rpmbuild/BUILD/hyperscan-5.4.0/include -O2 -g -pipe -Wall -Werror=format-security -Wp,-D_FORTIFY_SOURCE=2 -Wp,-D_GLIBCXX_ASSERTIONS -fstack-protector-strong -grecord-gcc-switches -specs=/usr/lib/rpm/generic-hardened-cc1 -fasynchronous-unwind-tables -fstack-clash-protection -O3 -std=c99 -Wall -Wextra -Wshadow -Wcast-qual -fno-strict-aliasing -DNDEBUG -Wno-array-bounds -Wno-maybe-uninitialized -Wno-abi -fno-omit-frame-pointer -fvisibility=hidden -Wvla -Wpointer-arith -Wstrict-prototypes -Wmissing-prototypes -Wno-stringop-overflow  -g -DNDEBUG -fPIC -march=core2 -MD -MT CMakeFiles/hs_exec_shared_core2.dir/src/runtime.c.o -MF CMakeFiles/hs_exec_shared_core2.dir/src/runtime.c.o.d -o CMakeFiles/hs_exec_shared_core2.dir/src/runtime.c.o -c /home/abuild/rpmbuild/BUILD/hyperscan-5.4.0/src/runtime.c
[ 1950s] nm: 'libc.so.6': No such file
[ 1950s] Assembler messages:
[ 1950s] Error: -march=core2: ISA string must begin with rv32 or rv64
[ 1950s] cc1: error: '-march=core2': ISA string must begin with rv32 or rv64
[ 1950s] cc1: error: requested ABI requires '-march' to subsume the 'D' extension
[ 1950s] cc1: error: ABI requires '-march=rv64'
[ 1950s] make[2]: *** [CMakeFiles/hs_exec_shared_core2.dir/build.make:93: CMakeFiles/hs_exec_shared_core2.dir/src/runtime.c.o] Error 1
[ 1950s] make[2]: Leaving directory '/home/abuild/rpmbuild/BUILD/hyperscan-5.4.0'
[ 1950s] make[1]: *** [CMakeFiles/Makefile2:293: CMakeFiles/hs_exec_shared_core2.dir/all] Error 2
[ 1967s] make[2]: Entering directory '/home/abuild/rpmbuild/BUILD/hyperscan-5.4.0'
[ 1967s] [  1%] Building CXX object util/CMakeFiles/databaseutil.dir/database_util.cpp.o
[ 1967s] cd /home/abuild/rpmbuild/BUILD/hyperscan-5.4.0/util && /usr/bin/c++  -I/home/abuild/rpmbuild/BUILD/hyperscan-5.4.0/util -I/home/abuild/rpmbuild/BUILD/hyperscan-5.4.0/src -I/home/abuild/rpmbuild/BUILD/hyperscan-5.4.0 -isystem /home/abuild/rpmbuild/BUILD/hyperscan-5.4.0/include -O2 -g -pipe -Wall -Werror=format-security -Wp,-D_FORTIFY_SOURCE=2 -Wp,-D_GLIBCXX_ASSERTIONS -fstack-protector-strong -grecord-gcc-switches -specs=/usr/lib/rpm/generic-hardened-cc1 -fasynchronous-unwind-tables -fstack-clash-protection -O2 -std=c++11 -Wall -Wextra -Wshadow -Wswitch -Wreturn-type -Wcast-qual -Wno-deprecated -Wnon-virtual-dtor -fno-strict-aliasing -DNDEBUG -Wno-maybe-uninitialized -Wno-abi -fno-omit-frame-pointer -fvisibility=hidden -Wvla -Wpointer-arith -Wno-unused-const-variable -Wno-ignored-attributes -Wmissing-declarations   -g -DNDEBUG -MD -MT util/CMakeFiles/databaseutil.dir/database_util.cpp.o -MF CMakeFiles/databaseutil.dir/database_util.cpp.o.d -o CMakeFiles/databaseutil.dir/database_util.cpp.o -c /home/abuild/rpmbuild/BUILD/hyperscan-5.4.0/util/database_util.cpp
[ 1967s] make[2]: Leaving directory '/home/abuild/rpmbuild/BUILD/hyperscan-5.4.0'
[ 1969s] make[2]: Entering directory '/home/abuild/rpmbuild/BUILD/hyperscan-5.4.0'
[ 1969s] [  0%] Building CXX object util/CMakeFiles/corpusomatic.dir/ng_corpus_editor.cpp.o
[ 1969s] cd /home/abuild/rpmbuild/BUILD/hyperscan-5.4.0/util && /usr/bin/c++  -I/home/abuild/rpmbuild/BUILD/hyperscan-5.4.0/util -I/home/abuild/rpmbuild/BUILD/hyperscan-5.4.0/src -I/home/abuild/rpmbuild/BUILD/hyperscan-5.4.0 -isystem /home/abuild/rpmbuild/BUILD/hyperscan-5.4.0/include -O2 -g -pipe -Wall -Werror=format-security -Wp,-D_FORTIFY_SOURCE=2 -Wp,-D_GLIBCXX_ASSERTIONS -fstack-protector-strong -grecord-gcc-switches -specs=/usr/lib/rpm/generic-hardened-cc1 -fasynchronous-unwind-tables -fstack-clash-protection -O2 -std=c++11 -Wall -Wextra -Wshadow -Wswitch -Wreturn-type -Wcast-qual -Wno-deprecated -Wnon-virtual-dtor -fno-strict-aliasing -DNDEBUG -Wno-maybe-uninitialized -Wno-abi -fno-omit-frame-pointer -fvisibility=hidden -Wvla -Wpointer-arith -Wno-unused-const-variable -Wno-ignored-attributes -Wmissing-declarations   -g -DNDEBUG -MD -MT util/CMakeFiles/corpusomatic.dir/ng_corpus_editor.cpp.o -MF CMakeFiles/corpusomatic.dir/ng_corpus_editor.cpp.o.d -o CMakeFiles/corpusomatic.dir/ng_corpus_editor.cpp.o -c /home/abuild/rpmbuild/BUILD/hyperscan-5.4.0/util/ng_corpus_editor.cpp
[ 1969s] In file included from /home/abuild/rpmbuild/BUILD/hyperscan-5.4.0/src/util/simd_types.h:35,
[ 1969s]                  from /home/abuild/rpmbuild/BUILD/hyperscan-5.4.0/src/ue2common.h:78,
[ 1969s]                  from /home/abuild/rpmbuild/BUILD/hyperscan-5.4.0/util/ng_corpus_editor.h:39,
[ 1969s]                  from /home/abuild/rpmbuild/BUILD/hyperscan-5.4.0/util/ng_corpus_editor.cpp:35:
[ 1969s] /home/abuild/rpmbuild/BUILD/hyperscan-5.4.0/src/util/intrinsics.h:75:2: error: #error no intrinsics file
[ 1969s]    75 | #error no intrinsics file
[ 1969s]       |  ^~~~~
[ 1969s] make[2]: *** [util/CMakeFiles/corpusomatic.dir/build.make:79: util/CMakeFiles/corpusomatic.dir/ng_corpus_editor.cpp.o] Error 1
[ 1969s] make[2]: Leaving directory '/home/abuild/rpmbuild/BUILD/hyperscan-5.4.0'
[ 1969s] make[2]: *** Waiting for unfinished jobs....
[ 1969s] make[2]: Entering directory '/home/abuild/rpmbuild/BUILD/hyperscan-5.4.0'
[ 1969s] [  2%] Linking CXX static library ../lib/libdatabaseutil.a
[ 1969s] cd /home/abuild/rpmbuild/BUILD/hyperscan-5.4.0/util && /usr/bin/cmake -P CMakeFiles/databaseutil.dir/cmake_clean_target.cmake
[ 1969s] cd /home/abuild/rpmbuild/BUILD/hyperscan-5.4.0/util && /usr/bin/cmake -E cmake_link_script CMakeFiles/databaseutil.dir/link.txt --verbose=1
[ 1969s] /usr/bin/ar qc ../lib/libdatabaseutil.a CMakeFiles/databaseutil.dir/database_util.cpp.o
[ 1969s] /usr/bin/ranlib ../lib/libdatabaseutil.a
[ 1969s] make[2]: Leaving directory '/home/abuild/rpmbuild/BUILD/hyperscan-5.4.0'
[ 1969s] make[2]: Entering directory '/home/abuild/rpmbuild/BUILD/hyperscan-5.4.0'
[ 1969s] [  0%] Building C object CMakeFiles/hs_exec_shared_corei7.dir/src/crc32.c.o
[ 1969s] /home/abuild/rpmbuild/BUILD/hyperscan-5.4.0/cmake/build_wrapper.sh corei7 /home/abuild/rpmbuild/BUILD/hyperscan-5.4.0/cmake/keep.syms.in /usr/bin/cc  -I/home/abuild/rpmbuild/BUILD/hyperscan-5.4.0 -I/home/abuild/rpmbuild/BUILD/hyperscan-5.4.0/src -isystem /home/abuild/rpmbuild/BUILD/hyperscan-5.4.0/include -O2 -g -pipe -Wall -Werror=format-security -Wp,-D_FORTIFY_SOURCE=2 -Wp,-D_GLIBCXX_ASSERTIONS -fstack-protector-strong -grecord-gcc-switches -specs=/usr/lib/rpm/generic-hardened-cc1 -fasynchronous-unwind-tables -fstack-clash-protection -O3 -std=c99 -Wall -Wextra -Wshadow -Wcast-qual -fno-strict-aliasing -DNDEBUG -Wno-array-bounds -Wno-maybe-uninitialized -Wno-abi -fno-omit-frame-pointer -fvisibility=hidden -Wvla -Wpointer-arith -Wstrict-prototypes -Wmissing-prototypes -Wno-stringop-overflow  -g -DNDEBUG -fPIC -march=corei7 -MD -MT CMakeFiles/hs_exec_shared_corei7.dir/src/crc32.c.o -MF CMakeFiles/hs_exec_shared_corei7.dir/src/crc32.c.o.d -o CMakeFiles/hs_exec_shared_corei7.dir/src/crc32.c.o -c /home/abuild/rpmbuild/BUILD/hyperscan-5.4.0/src/crc32.c
[ 1969s] nm: 'libc.so.6': No such file
[ 1969s] cc1: error: '-march=corei7': ISA string must begin with rv32 or rv64
[ 1969s] Assembler messages:
[ 1969s] cc1: error: requested ABI requires '-march' to subsume the 'D' extension
[ 1969s] Error: -march=corei7: ISA string must begin with rv32 or rv64
[ 1969s] cc1: error: ABI requires '-march=rv64'
[ 1969s] make[2]: *** [CMakeFiles/hs_exec_shared_corei7.dir/build.make:79: CMakeFiles/hs_exec_shared_corei7.dir/src/crc32.c.o] Error 1
[ 1969s] make[2]: Leaving directory '/home/abuild/rpmbuild/BUILD/hyperscan-5.4.0'
[ 1969s] make[2]: *** Waiting for unfinished jobs....
[ 1970s] make[1]: Entering directory '/home/abuild/rpmbuild/BUILD/hyperscan-5.4.0'
[ 1970s] [  4%] Built target databaseutil
[ 1970s] make[1]: Leaving directory '/home/abuild/rpmbuild/BUILD/hyperscan-5.4.0'
[ 1970s] make[2]: Entering directory '/home/abuild/rpmbuild/BUILD/hyperscan-5.4.0'
[ 1970s] [  1%] Building CXX object CMakeFiles/hs_compile_shared.dir/src/grey.cpp.o
[ 1970s] /usr/bin/c++  -I/home/abuild/rpmbuild/BUILD/hyperscan-5.4.0 -I/home/abuild/rpmbuild/BUILD/hyperscan-5.4.0/src -isystem /home/abuild/rpmbuild/BUILD/hyperscan-5.4.0/include -O2 -g -pipe -Wall -Werror=format-security -Wp,-D_FORTIFY_SOURCE=2 -Wp,-D_GLIBCXX_ASSERTIONS -fstack-protector-strong -grecord-gcc-switches -specs=/usr/lib/rpm/generic-hardened-cc1 -fasynchronous-unwind-tables -fstack-clash-protection -O2 -std=c++11 -Wall -Wextra -Wshadow -Wswitch -Wreturn-type -Wcast-qual -Wno-deprecated -Wnon-virtual-dtor -fno-strict-aliasing -DNDEBUG -Wno-maybe-uninitialized -Wno-abi -fno-omit-frame-pointer -fvisibility=hidden -Wvla -Wpointer-arith -Wno-unused-const-variable -Wno-ignored-attributes -Wmissing-declarations  -g -DNDEBUG -fPIC -MD -MT CMakeFiles/hs_compile_shared.dir/src/grey.cpp.o -MF CMakeFiles/hs_compile_shared.dir/src/grey.cpp.o.d -o CMakeFiles/hs_compile_shared.dir/src/grey.cpp.o -c /home/abuild/rpmbuild/BUILD/hyperscan-5.4.0/src/grey.cpp
[ 1970s] In file included from /home/abuild/rpmbuild/BUILD/hyperscan-5.4.0/src/util/simd_types.h:35,
[ 1970s]                  from /home/abuild/rpmbuild/BUILD/hyperscan-5.4.0/src/ue2common.h:78,
[ 1970s]                  from /home/abuild/rpmbuild/BUILD/hyperscan-5.4.0/src/grey.h:35,
[ 1970s]                  from /home/abuild/rpmbuild/BUILD/hyperscan-5.4.0/src/grey.cpp:29:
[ 1970s] /home/abuild/rpmbuild/BUILD/hyperscan-5.4.0/src/util/intrinsics.h:75:2: error: #error no intrinsics file
[ 1970s]    75 | #error no intrinsics file
[ 1970s]       |  ^~~~~
[ 1970s] make[2]: *** [CMakeFiles/hs_compile_shared.dir/build.make:79: CMakeFiles/hs_compile_shared.dir/src/grey.cpp.o] Error 1
[ 1970s] make[2]: Leaving directory '/home/abuild/rpmbuild/BUILD/hyperscan-5.4.0'
[ 1970s] make[2]: *** Waiting for unfinished jobs....
[ 1972s] make[2]: Entering directory '/home/abuild/rpmbuild/BUILD/hyperscan-5.4.0'
[ 1972s] [  1%] Building CXX object util/CMakeFiles/corpusomatic.dir/ng_corpus_properties.cpp.o
[ 1972s] cd /home/abuild/rpmbuild/BUILD/hyperscan-5.4.0/util && /usr/bin/c++  -I/home/abuild/rpmbuild/BUILD/hyperscan-5.4.0/util -I/home/abuild/rpmbuild/BUILD/hyperscan-5.4.0/src -I/home/abuild/rpmbuild/BUILD/hyperscan-5.4.0 -isystem /home/abuild/rpmbuild/BUILD/hyperscan-5.4.0/include -O2 -g -pipe -Wall -Werror=format-security -Wp,-D_FORTIFY_SOURCE=2 -Wp,-D_GLIBCXX_ASSERTIONS -fstack-protector-strong -grecord-gcc-switches -specs=/usr/lib/rpm/generic-hardened-cc1 -fasynchronous-unwind-tables -fstack-clash-protection -O2 -std=c++11 -Wall -Wextra -Wshadow -Wswitch -Wreturn-type -Wcast-qual -Wno-deprecated -Wnon-virtual-dtor -fno-strict-aliasing -DNDEBUG -Wno-maybe-uninitialized -Wno-abi -fno-omit-frame-pointer -fvisibility=hidden -Wvla -Wpointer-arith -Wno-unused-const-variable -Wno-ignored-attributes -Wmissing-declarations   -g -DNDEBUG -MD -MT util/CMakeFiles/corpusomatic.dir/ng_corpus_properties.cpp.o -MF CMakeFiles/corpusomatic.dir/ng_corpus_properties.cpp.o.d -o CMakeFiles/corpusomatic.dir/ng_corpus_properties.cpp.o -c /home/abuild/rpmbuild/BUILD/hyperscan-5.4.0/util/ng_corpus_properties.cpp
[ 1972s] In file included from /home/abuild/rpmbuild/BUILD/hyperscan-5.4.0/src/util/simd_types.h:35,
[ 1972s]                  from /home/abuild/rpmbuild/BUILD/hyperscan-5.4.0/src/ue2common.h:78,
[ 1972s]                  from /home/abuild/rpmbuild/BUILD/hyperscan-5.4.0/util/ng_corpus_properties.h:39,
[ 1972s]                  from /home/abuild/rpmbuild/BUILD/hyperscan-5.4.0/util/ng_corpus_properties.cpp:35:
[ 1972s] /home/abuild/rpmbuild/BUILD/hyperscan-5.4.0/src/util/intrinsics.h:75:2: error: #error no intrinsics file
[ 1972s]    75 | #error no intrinsics file
[ 1972s]       |  ^~~~~
[ 1972s] make[2]: *** [util/CMakeFiles/corpusomatic.dir/build.make:107: util/CMakeFiles/corpusomatic.dir/ng_corpus_properties.cpp.o] Error 1
[ 1972s] make[2]: Leaving directory '/home/abuild/rpmbuild/BUILD/hyperscan-5.4.0'
[ 1973s] make[2]: Entering directory '/home/abuild/rpmbuild/BUILD/hyperscan-5.4.0'
[ 1973s] [  4%] Building C object CMakeFiles/hs_exec_shared_corei7.dir/src/runtime.c.o
[ 1973s] /home/abuild/rpmbuild/BUILD/hyperscan-5.4.0/cmake/build_wrapper.sh corei7 /home/abuild/rpmbuild/BUILD/hyperscan-5.4.0/cmake/keep.syms.in /usr/bin/cc  -I/home/abuild/rpmbuild/BUILD/hyperscan-5.4.0 -I/home/abuild/rpmbuild/BUILD/hyperscan-5.4.0/src -isystem /home/abuild/rpmbuild/BUILD/hyperscan-5.4.0/include -O2 -g -pipe -Wall -Werror=format-security -Wp,-D_FORTIFY_SOURCE=2 -Wp,-D_GLIBCXX_ASSERTIONS -fstack-protector-strong -grecord-gcc-switches -specs=/usr/lib/rpm/generic-hardened-cc1 -fasynchronous-unwind-tables -fstack-clash-protection -O3 -std=c99 -Wall -Wextra -Wshadow -Wcast-qual -fno-strict-aliasing -DNDEBUG -Wno-array-bounds -Wno-maybe-uninitialized -Wno-abi -fno-omit-frame-pointer -fvisibility=hidden -Wvla -Wpointer-arith -Wstrict-prototypes -Wmissing-prototypes -Wno-stringop-overflow  -g -DNDEBUG -fPIC -march=corei7 -MD -MT CMakeFiles/hs_exec_shared_corei7.dir/src/runtime.c.o -MF CMakeFiles/hs_exec_shared_corei7.dir/src/runtime.c.o.d -o CMakeFiles/hs_exec_shared_corei7.dir/src/runtime.c.o -c /home/abuild/rpmbuild/BUILD/hyperscan-5.4.0/src/runtime.c
[ 1973s] nm: 'libc.so.6': No such file
[ 1973s] Assembler messages:
[ 1973s] Error: -march=corei7: ISA string must begin with rv32 or rv64
[ 1973s] cc1: error: '-march=corei7': ISA string must begin with rv32 or rv64
[ 1973s] cc1: error: requested ABI requires '-march' to subsume the 'D' extension
[ 1973s] cc1: error: ABI requires '-march=rv64'
[ 1973s] make[2]: *** [CMakeFiles/hs_exec_shared_corei7.dir/build.make:93: CMakeFiles/hs_exec_shared_corei7.dir/src/runtime.c.o] Error 1
[ 1973s] make[2]: Leaving directory '/home/abuild/rpmbuild/BUILD/hyperscan-5.4.0'
[ 1973s] make[1]: *** [CMakeFiles/Makefile2:319: CMakeFiles/hs_exec_shared_corei7.dir/all] Error 2
[ 1980s] make[2]: Entering directory '/home/abuild/rpmbuild/BUILD/hyperscan-5.4.0'
[ 1980s] [  3%] Building CXX object util/CMakeFiles/expressionutil.dir/ExpressionParser.cpp.o
[ 1980s] cd /home/abuild/rpmbuild/BUILD/hyperscan-5.4.0/util && /usr/bin/c++  -I/home/abuild/rpmbuild/BUILD/hyperscan-5.4.0/util -I/home/abuild/rpmbuild/BUILD/hyperscan-5.4.0/src -I/home/abuild/rpmbuild/BUILD/hyperscan-5.4.0 -isystem /home/abuild/rpmbuild/BUILD/hyperscan-5.4.0/include -O2 -g -pipe -Wall -Werror=format-security -Wp,-D_FORTIFY_SOURCE=2 -Wp,-D_GLIBCXX_ASSERTIONS -fstack-protector-strong -grecord-gcc-switches -specs=/usr/lib/rpm/generic-hardened-cc1 -fasynchronous-unwind-tables -fstack-clash-protection -O2 -std=c++11 -Wall -Wextra -Wshadow -Wswitch -Wreturn-type -Wcast-qual -Wno-deprecated -Wnon-virtual-dtor -fno-strict-aliasing -DNDEBUG -Wno-maybe-uninitialized -Wno-abi -fno-omit-frame-pointer -fvisibility=hidden -Wvla -Wpointer-arith -Wno-unused-const-variable -Wno-ignored-attributes -Wmissing-declarations   -g -DNDEBUG -MD -MT util/CMakeFiles/expressionutil.dir/ExpressionParser.cpp.o -MF CMakeFiles/expressionutil.dir/ExpressionParser.cpp.o.d -o CMakeFiles/expressionutil.dir/ExpressionParser.cpp.o -c /home/abuild/rpmbuild/BUILD/hyperscan-5.4.0/util/ExpressionParser.cpp
[ 1980s] In file included from /home/abuild/rpmbuild/BUILD/hyperscan-5.4.0/src/util/simd_types.h:35,
[ 1980s]                  from /home/abuild/rpmbuild/BUILD/hyperscan-5.4.0/src/ue2common.h:78,
[ 1980s]                  from /home/abuild/rpmbuild/BUILD/hyperscan-5.4.0/util/ExpressionParser.cpp:42:
[ 1980s] /home/abuild/rpmbuild/BUILD/hyperscan-5.4.0/src/util/intrinsics.h:75:2: error: #error no intrinsics file
[ 1980s]    75 | #error no intrinsics file
[ 1980s]       |  ^~~~~
[ 1980s] make[2]: *** [util/CMakeFiles/expressionutil.dir/build.make:93: util/CMakeFiles/expressionutil.dir/ExpressionParser.cpp.o] Error 1
[ 1980s] make[2]: Leaving directory '/home/abuild/rpmbuild/BUILD/hyperscan-5.4.0'
[ 1980s] make[2]: *** Waiting for unfinished jobs....
[ 1987s] make[2]: Entering directory '/home/abuild/rpmbuild/BUILD/hyperscan-5.4.0'
[ 1987s] [  1%] Building CXX object util/CMakeFiles/expressionutil.dir/expressions.cpp.o
[ 1987s] cd /home/abuild/rpmbuild/BUILD/hyperscan-5.4.0/util && /usr/bin/c++  -I/home/abuild/rpmbuild/BUILD/hyperscan-5.4.0/util -I/home/abuild/rpmbuild/BUILD/hyperscan-5.4.0/src -I/home/abuild/rpmbuild/BUILD/hyperscan-5.4.0 -isystem /home/abuild/rpmbuild/BUILD/hyperscan-5.4.0/include -O2 -g -pipe -Wall -Werror=format-security -Wp,-D_FORTIFY_SOURCE=2 -Wp,-D_GLIBCXX_ASSERTIONS -fstack-protector-strong -grecord-gcc-switches -specs=/usr/lib/rpm/generic-hardened-cc1 -fasynchronous-unwind-tables -fstack-clash-protection -O2 -std=c++11 -Wall -Wextra -Wshadow -Wswitch -Wreturn-type -Wcast-qual -Wno-deprecated -Wnon-virtual-dtor -fno-strict-aliasing -DNDEBUG -Wno-maybe-uninitialized -Wno-abi -fno-omit-frame-pointer -fvisibility=hidden -Wvla -Wpointer-arith -Wno-unused-const-variable -Wno-ignored-attributes -Wmissing-declarations   -g -DNDEBUG -MD -MT util/CMakeFiles/expressionutil.dir/expressions.cpp.o -MF CMakeFiles/expressionutil.dir/expressions.cpp.o.d -o CMakeFiles/expressionutil.dir/expressions.cpp.o -c /home/abuild/rpmbuild/BUILD/hyperscan-5.4.0/util/expressions.cpp
[ 1987s] In file included from /home/abuild/rpmbuild/BUILD/hyperscan-5.4.0/src/util/simd_types.h:35,
[ 1987s]                  from /home/abuild/rpmbuild/BUILD/hyperscan-5.4.0/src/ue2common.h:78,
[ 1987s]                  from /home/abuild/rpmbuild/BUILD/hyperscan-5.4.0/util/string_util.h:32,
[ 1987s]                  from /home/abuild/rpmbuild/BUILD/hyperscan-5.4.0/util/expressions.cpp:33:
[ 1987s] /home/abuild/rpmbuild/BUILD/hyperscan-5.4.0/src/util/intrinsics.h:75:2: error: #error no intrinsics file
[ 1987s]    75 | #error no intrinsics file
[ 1987s]       |  ^~~~~
[ 1987s] make[2]: *** [util/CMakeFiles/expressionutil.dir/build.make:79: util/CMakeFiles/expressionutil.dir/expressions.cpp.o] Error 1
[ 1987s] make[2]: Leaving directory '/home/abuild/rpmbuild/BUILD/hyperscan-5.4.0'
[ 1987s] make[1]: *** [CMakeFiles/Makefile2:456: util/CMakeFiles/expressionutil.dir/all] Error 2
[ 2077s] make[2]: Entering directory '/home/abuild/rpmbuild/BUILD/hyperscan-5.4.0'
[ 2077s] [  5%] Building CXX object CMakeFiles/hs_compile_shared.dir/src/hs.cpp.o
[ 2077s] /usr/bin/c++  -I/home/abuild/rpmbuild/BUILD/hyperscan-5.4.0 -I/home/abuild/rpmbuild/BUILD/hyperscan-5.4.0/src -isystem /home/abuild/rpmbuild/BUILD/hyperscan-5.4.0/include -O2 -g -pipe -Wall -Werror=format-security -Wp,-D_FORTIFY_SOURCE=2 -Wp,-D_GLIBCXX_ASSERTIONS -fstack-protector-strong -grecord-gcc-switches -specs=/usr/lib/rpm/generic-hardened-cc1 -fasynchronous-unwind-tables -fstack-clash-protection -O2 -std=c++11 -Wall -Wextra -Wshadow -Wswitch -Wreturn-type -Wcast-qual -Wno-deprecated -Wnon-virtual-dtor -fno-strict-aliasing -DNDEBUG -Wno-maybe-uninitialized -Wno-abi -fno-omit-frame-pointer -fvisibility=hidden -Wvla -Wpointer-arith -Wno-unused-const-variable -Wno-ignored-attributes -Wmissing-declarations  -g -DNDEBUG -fPIC -MD -MT CMakeFiles/hs_compile_shared.dir/src/hs.cpp.o -MF CMakeFiles/hs_compile_shared.dir/src/hs.cpp.o.d -o CMakeFiles/hs_compile_shared.dir/src/hs.cpp.o -c /home/abuild/rpmbuild/BUILD/hyperscan-5.4.0/src/hs.cpp
[ 2077s] In file included from /home/abuild/rpmbuild/BUILD/hyperscan-5.4.0/src/util/simd_types.h:35,
[ 2077s]                  from /home/abuild/rpmbuild/BUILD/hyperscan-5.4.0/src/ue2common.h:78,
[ 2077s]                  from /home/abuild/rpmbuild/BUILD/hyperscan-5.4.0/src/allocator.h:33,
[ 2077s]                  from /home/abuild/rpmbuild/BUILD/hyperscan-5.4.0/src/hs.cpp:32:
[ 2077s] /home/abuild/rpmbuild/BUILD/hyperscan-5.4.0/src/util/intrinsics.h:75:2: error: #error no intrinsics file
[ 2077s]    75 | #error no intrinsics file
[ 2077s]       |  ^~~~~
[ 2077s] /home/abuild/rpmbuild/BUILD/hyperscan-5.4.0/src/hs.cpp: In function 'hs_error_t ue2::hs_compile_multi_int(const char* const*, const unsigned int*, const unsigned int*, const hs_expr_ext* const*, unsigned int, unsigned int, const hs_platform_info_t*, hs_database_t**, hs_compile_error_t**, const ue2::Grey&)':
[ 2077s] /home/abuild/rpmbuild/BUILD/hyperscan-5.4.0/src/hs.cpp:199:10: error: 'check_ssse3' was not declared in this scope
[ 2077s]   199 |     if (!check_ssse3()) {
[ 2077s]       |          ^~~~~~~~~~~
[ 2077s] /home/abuild/rpmbuild/BUILD/hyperscan-5.4.0/src/hs.cpp: In function 'hs_error_t ue2::hs_compile_lit_multi_int(const char* const*, const unsigned int*, const unsigned int*, const hs_expr_ext* const*, const size_t*, unsigned int, unsigned int, const hs_platform_info_t*, hs_database_t**, hs_compile_error_t**, const ue2::Grey&)':
[ 2077s] /home/abuild/rpmbuild/BUILD/hyperscan-5.4.0/src/hs.cpp:322:10: error: 'check_ssse3' was not declared in this scope
[ 2077s]   322 |     if (!check_ssse3()) {
[ 2077s]       |          ^~~~~~~~~~~
[ 2077s] /home/abuild/rpmbuild/BUILD/hyperscan-5.4.0/src/hs.cpp: In function 'hs_error_t hs_expression_info_int(const char*, unsigned int, const hs_expr_ext_t*, unsigned int, hs_expr_info_t**, hs_compile_error_t**)':
[ 2077s] /home/abuild/rpmbuild/BUILD/hyperscan-5.4.0/src/hs.cpp:500:10: error: 'check_ssse3' was not declared in this scope
[ 2077s]   500 |     if (!check_ssse3()) {
[ 2077s]       |          ^~~~~~~~~~~
[ 2077s] /home/abuild/rpmbuild/BUILD/hyperscan-5.4.0/src/hs.cpp: In function 'hs_error_t hs_free_compile_error(hs_compile_error_t*)':
[ 2077s] /home/abuild/rpmbuild/BUILD/hyperscan-5.4.0/src/hs.cpp:625:10: error: 'check_ssse3' was not declared in this scope
[ 2077s]   625 |     if (!check_ssse3()) {
[ 2077s]       |          ^~~~~~~~~~~
[ 2077s] make[2]: *** [CMakeFiles/hs_compile_shared.dir/build.make:93: CMakeFiles/hs_compile_shared.dir/src/hs.cpp.o] Error 1
[ 2077s] make[2]: Leaving directory '/home/abuild/rpmbuild/BUILD/hyperscan-5.4.0'
[ 2077s] make[1]: *** [CMakeFiles/Makefile2:267: CMakeFiles/hs_compile_shared.dir/all] Error 2
[ 2081s] make[2]: Entering directory '/home/abuild/rpmbuild/BUILD/hyperscan-5.4.0'
[ 2081s] [  2%] Building CXX object util/CMakeFiles/corpusomatic.dir/ng_find_matches.cpp.o
[ 2081s] cd /home/abuild/rpmbuild/BUILD/hyperscan-5.4.0/util && /usr/bin/c++  -I/home/abuild/rpmbuild/BUILD/hyperscan-5.4.0/util -I/home/abuild/rpmbuild/BUILD/hyperscan-5.4.0/src -I/home/abuild/rpmbuild/BUILD/hyperscan-5.4.0 -isystem /home/abuild/rpmbuild/BUILD/hyperscan-5.4.0/include -O2 -g -pipe -Wall -Werror=format-security -Wp,-D_FORTIFY_SOURCE=2 -Wp,-D_GLIBCXX_ASSERTIONS -fstack-protector-strong -grecord-gcc-switches -specs=/usr/lib/rpm/generic-hardened-cc1 -fasynchronous-unwind-tables -fstack-clash-protection -O2 -std=c++11 -Wall -Wextra -Wshadow -Wswitch -Wreturn-type -Wcast-qual -Wno-deprecated -Wnon-virtual-dtor -fno-strict-aliasing -DNDEBUG -Wno-maybe-uninitialized -Wno-abi -fno-omit-frame-pointer -fvisibility=hidden -Wvla -Wpointer-arith -Wno-unused-const-variable -Wno-ignored-attributes -Wmissing-declarations   -g -DNDEBUG -MD -MT util/CMakeFiles/corpusomatic.dir/ng_find_matches.cpp.o -MF CMakeFiles/corpusomatic.dir/ng_find_matches.cpp.o.d -o CMakeFiles/corpusomatic.dir/ng_find_matches.cpp.o -c /home/abuild/rpmbuild/BUILD/hyperscan-5.4.0/util/ng_find_matches.cpp
[ 2081s] In file included from /home/abuild/rpmbuild/BUILD/hyperscan-5.4.0/src/util/simd_types.h:35,
[ 2081s]                  from /home/abuild/rpmbuild/BUILD/hyperscan-5.4.0/src/ue2common.h:78,
[ 2081s]                  from /home/abuild/rpmbuild/BUILD/hyperscan-5.4.0/src/nfagraph/ng_holder.h:40,
[ 2081s]                  from /home/abuild/rpmbuild/BUILD/hyperscan-5.4.0/util/ng_find_matches.cpp:37:
[ 2081s] /home/abuild/rpmbuild/BUILD/hyperscan-5.4.0/src/util/intrinsics.h:75:2: error: #error no intrinsics file
[ 2081s]    75 | #error no intrinsics file
[ 2081s]       |  ^~~~~
[ 2081s] make[2]: *** [util/CMakeFiles/corpusomatic.dir/build.make:121: util/CMakeFiles/corpusomatic.dir/ng_find_matches.cpp.o] Error 1
[ 2081s] make[2]: Leaving directory '/home/abuild/rpmbuild/BUILD/hyperscan-5.4.0'
[ 2084s] make[2]: Entering directory '/home/abuild/rpmbuild/BUILD/hyperscan-5.4.0'
[ 2084s] [  1%] Building CXX object util/CMakeFiles/corpusomatic.dir/ng_corpus_generator.cpp.o
[ 2084s] cd /home/abuild/rpmbuild/BUILD/hyperscan-5.4.0/util && /usr/bin/c++  -I/home/abuild/rpmbuild/BUILD/hyperscan-5.4.0/util -I/home/abuild/rpmbuild/BUILD/hyperscan-5.4.0/src -I/home/abuild/rpmbuild/BUILD/hyperscan-5.4.0 -isystem /home/abuild/rpmbuild/BUILD/hyperscan-5.4.0/include -O2 -g -pipe -Wall -Werror=format-security -Wp,-D_FORTIFY_SOURCE=2 -Wp,-D_GLIBCXX_ASSERTIONS -fstack-protector-strong -grecord-gcc-switches -specs=/usr/lib/rpm/generic-hardened-cc1 -fasynchronous-unwind-tables -fstack-clash-protection -O2 -std=c++11 -Wall -Wextra -Wshadow -Wswitch -Wreturn-type -Wcast-qual -Wno-deprecated -Wnon-virtual-dtor -fno-strict-aliasing -DNDEBUG -Wno-maybe-uninitialized -Wno-abi -fno-omit-frame-pointer -fvisibility=hidden -Wvla -Wpointer-arith -Wno-unused-const-variable -Wno-ignored-attributes -Wmissing-declarations   -g -DNDEBUG -MD -MT util/CMakeFiles/corpusomatic.dir/ng_corpus_generator.cpp.o -MF CMakeFiles/corpusomatic.dir/ng_corpus_generator.cpp.o.d -o CMakeFiles/corpusomatic.dir/ng_corpus_generator.cpp.o -c /home/abuild/rpmbuild/BUILD/hyperscan-5.4.0/util/ng_corpus_generator.cpp
[ 2084s] In file included from /home/abuild/rpmbuild/BUILD/hyperscan-5.4.0/src/util/simd_types.h:35,
[ 2084s]                  from /home/abuild/rpmbuild/BUILD/hyperscan-5.4.0/src/ue2common.h:78,
[ 2084s]                  from /home/abuild/rpmbuild/BUILD/hyperscan-5.4.0/util/ng_corpus_properties.h:39,
[ 2084s]                  from /home/abuild/rpmbuild/BUILD/hyperscan-5.4.0/util/ng_corpus_generator.h:36,
[ 2084s]                  from /home/abuild/rpmbuild/BUILD/hyperscan-5.4.0/util/ng_corpus_generator.cpp:35:
[ 2084s] /home/abuild/rpmbuild/BUILD/hyperscan-5.4.0/src/util/intrinsics.h:75:2: error: #error no intrinsics file
[ 2084s]    75 | #error no intrinsics file
[ 2084s]       |  ^~~~~
[ 2084s] make[2]: *** [util/CMakeFiles/corpusomatic.dir/build.make:93: util/CMakeFiles/corpusomatic.dir/ng_corpus_generator.cpp.o] Error 1
[ 2084s] make[2]: Leaving directory '/home/abuild/rpmbuild/BUILD/hyperscan-5.4.0'
[ 2084s] make[1]: *** [CMakeFiles/Makefile2:482: util/CMakeFiles/corpusomatic.dir/all] Error 2
[ 2084s] make: *** [Makefile:139: all] Error 2
[ 2084s] error: Bad exit status from /var/tmp/rpm-tmp.9BKypX (%build)
[ 2084s] 
[ 2084s] 
[ 2084s] RPM build errors:
[ 2084s]     Bad exit status from /var/tmp/rpm-tmp.9BKypX (%build)
[ 2085s] 
[ 2085s] oe-RISCV-worker26 failed "build hyperscan.spec" at Thu Apr 21 22:34:54 UTC 2022.
[ 2085s] 
