[    0s] Memory limit set to 21970664KB
[    0s] Using BUILD_ROOT=/var/cache/obs/worker/root_3
[    0s] Using BUILD_ARCH=riscv64
[    0s] 
[    4s] 
[    4s] oe-RISCV-worker27 started "build _service:extract_file:jnr-enxio.spec" at Fri Apr 15 18:28:07 UTC 2022.
[    4s] 
[    4s] Building jnr-enxio for project 'openEuler:Mainline:RISC-V' repository 'advanced_riscv64' arch 'riscv64' srcmd5 '7ce1825288d09174d18067f90ee2274c'
[    4s] 
[    4s] processing recipe /var/cache/obs/worker/root_3/.build-srcdir/_service:extract_file:jnr-enxio.spec ...
[    8s] running changelog2spec --target rpm --file /var/cache/obs/worker/root_3/.build-srcdir/_service:extract_file:jnr-enxio.spec
[   10s] init_buildsystem --configdir /var/run/obs/worker/3/build/configs --cachedir /var/cache/build --clean --rpmlist /var/cache/obs/worker/root_3/.build.rpmlist /var/cache/obs/worker/root_3/.build-srcdir/_service:extract_file:jnr-enxio.spec build ...
[   92s] cycle: coreutils -> bash
[   92s]   breaking dependency coreutils -> bash
[   92s] cycle: coreutils -> info
[   92s]   breaking dependency coreutils -> info
[   92s] cycle: glibc -> filesystem -> coreutils
[   92s]   breaking dependency coreutils -> glibc
[   92s] cycle: glibc -> filesystem -> coreutils -> libacl
[   92s]   breaking dependency coreutils -> libacl
[   92s] cycle: glibc -> filesystem -> coreutils -> attr
[   92s]   breaking dependency coreutils -> attr
[   92s] cycle: coreutils -> libcap
[   92s]   breaking dependency coreutils -> libcap
[   92s] cycle: glibc -> filesystem -> coreutils -> openssl-libs
[   92s]   breaking dependency coreutils -> openssl-libs
[   92s] cycle: glibc -> filesystem -> coreutils -> libselinux
[   92s]   breaking dependency libselinux -> glibc
[   92s] cycle: glibc -> filesystem -> coreutils -> libselinux -> pcre2
[   92s]   breaking dependency pcre2 -> glibc
[   92s] cycle: glibc -> filesystem -> coreutils -> libselinux -> pcre2 -> readline
[   92s]   breaking dependency readline -> glibc
[   92s] cycle: glibc -> filesystem -> coreutils -> libselinux -> pcre2 -> readline -> ncurses-libs
[   92s]   breaking dependency filesystem -> coreutils
[   92s] cycle: glibc -> filesystem -> bash -> coreutils -> libselinux -> pcre2 -> readline -> ncurses-libs
[   92s]   breaking dependency filesystem -> bash
[   92s] cycle: perl-Carp -> perl-libs
[   92s]   breaking dependency perl-libs -> perl-Carp
[   92s] cycle: perl-libs -> perl-Exporter
[   92s]   breaking dependency perl-libs -> perl-Exporter
[   92s] cycle: perl-Carp -> perl-Exporter
[   92s]   breaking dependency perl-Exporter -> perl-Carp
[   92s] cycle: nss-util -> nss
[   92s]   breaking dependency nss -> nss-util
[   92s] cycle: nss-softokn -> nss-util -> nss
[   92s]   breaking dependency nss -> nss-softokn
[   92s] cycle: systemd -> cryptsetup -> device-mapper
[   92s]   breaking dependency systemd -> cryptsetup
[   92s] cycle: audit -> systemd -> pam
[   92s]   breaking dependency systemd -> pam
[   93s] [1/84] preinstalling dbus...
[   93s] [2/84] preinstalling libffi-devel...
[   94s] [3/84] preinstalling nodejs-source-map...
[   95s] [4/84] preinstalling python3-pip...
[   98s] [5/84] preinstalling python3-setuptools_scm...
[   99s] [6/84] preinstalling filesystem...
[  102s] [7/84] preinstalling glibc...
[  105s] [8/84] preinstalling libgcc...
[  106s] [9/84] preinstalling diffutils...
[  107s] [10/84] preinstalling libcap-ng...
[  108s] [11/84] preinstalling libgpg-error...
[  109s] [12/84] preinstalling libpcap...
[  110s] [13/84] preinstalling libsmartcols...
[  111s] [14/84] preinstalling libuuid...
[  112s] [15/84] preinstalling libxcrypt...
[  112s] [16/84] preinstalling lz4...
[  113s] [17/84] preinstalling m4...
[  114s] [18/84] preinstalling ncurses-libs...
[  116s] [19/84] preinstalling nspr...
[  117s] [20/84] preinstalling xz-libs...
[  118s] [21/84] preinstalling zlib...
[  118s] [22/84] preinstalling attr...
[  119s] [23/84] preinstalling libdb...
[  123s] [24/84] preinstalling zstd...
[  124s] [25/84] preinstalling audit-libs...
[  125s] [26/84] preinstalling file...
[  126s] [27/84] preinstalling iptables-libs...
[  127s] [28/84] preinstalling libacl...
[  128s] [29/84] preinstalling libgcrypt...
[  129s] [30/84] preinstalling openssl-libs...
[  130s] [31/84] preinstalling readline...
[  131s] [32/84] preinstalling ncurses...
[  137s] [33/84] preinstalling cmake...
[  148s] [34/84] preinstalling perl-libs...
[  151s] [35/84] preinstalling pcre2...
[  152s] [36/84] preinstalling perl-Exporter...
[  152s] [37/84] preinstalling pcre...
[  154s] [38/84] preinstalling acl...
[  154s] [39/84] preinstalling sqlite...
[  157s] [40/84] preinstalling libselinux...
[  158s] [41/84] preinstalling perl-Carp...
[  159s] [42/84] preinstalling perl-Digest-MD5...
[  159s] [43/84] preinstalling sed...
[  160s] [44/84] preinstalling coreutils...
[  164s] [45/84] preinstalling bash...
[  166s] [46/84] preinstalling openssl...
[  167s] [47/84] preinstalling dnf...
[  168s] [48/84] preinstalling bzip2...
[  169s] [49/84] preinstalling elfutils...
[  170s] [50/84] preinstalling hostname...
[  171s] [51/84] preinstalling libcap...
[  172s] [52/84] preinstalling popt...
[  173s] [53/84] preinstalling grep...
[  174s] [54/84] preinstalling libblkid...
[  175s] [55/84] preinstalling perl-constant...
[  176s] [56/84] preinstalling tar...
[  177s] [57/84] preinstalling info...
[  178s] [58/84] preinstalling libgcrypt-devel...
[  179s] [59/84] preinstalling lua...
[  180s] [60/84] preinstalling nss...
[  181s] [61/84] preinstalling chkconfig...
[  182s] [62/84] preinstalling copy-jdk-configs...
[  183s] [63/84] preinstalling libfdisk...
[  183s] [64/84] preinstalling libmount...
[  184s] [65/84] preinstalling libsemanage...
[  185s] [66/84] preinstalling nss-util...
[  186s] [67/84] preinstalling findutils...
[  187s] [68/84] preinstalling perl-Getopt-Long...
[  188s] [69/84] preinstalling xz...
[  190s] [70/84] preinstalling perl-Data-Dumper...
[  190s] [71/84] preinstalling systemd-libs...
[  192s] [72/84] preinstalling rpm-libs...
[  192s] [73/84] preinstalling dbus-libs...
[  193s] [74/84] preinstalling nss-softokn...
[  195s] [75/84] preinstalling glib2...
[  199s] [76/84] preinstalling systemd...
[  204s] [77/84] preinstalling audit...
[  205s] [78/84] preinstalling rpm...
[  206s] [79/84] preinstalling openEuler-rpm-config...
[  207s] [80/84] preinstalling pam...
[  208s] [81/84] preinstalling util-linux...
[  213s] [82/84] preinstalling device-mapper...
[  214s] [83/84] preinstalling cryptsetup...
[  215s] [84/84] preinstalling lvm2...
[  217s] 
[  221s] initializing rpm db...
[  234s] reordering...cycle: bash -> coreutils
[  234s]   breaking dependency coreutils -> bash
[  234s] cycle: bash -> coreutils -> info
[  234s]   breaking dependency coreutils -> info
[  234s] cycle: glibc -> basesystem -> filesystem -> bash -> coreutils -> gmp
[  234s]   breaking dependency filesystem -> bash
[  234s] cycle: glibc -> basesystem -> filesystem -> coreutils -> gmp
[  234s]   breaking dependency coreutils -> gmp
[  234s] cycle: glibc -> basesystem -> filesystem -> coreutils
[  234s]   breaking dependency coreutils -> glibc
[  234s] cycle: glibc -> basesystem -> filesystem -> coreutils -> libacl
[  234s]   breaking dependency coreutils -> libacl
[  234s] cycle: glibc -> basesystem -> filesystem -> coreutils -> attr
[  234s]   breaking dependency coreutils -> attr
[  234s] cycle: coreutils -> libcap -> bash
[  234s]   breaking dependency coreutils -> libcap
[  234s] cycle: glibc -> basesystem -> filesystem -> coreutils -> openssl-libs
[  234s]   breaking dependency openssl-libs -> glibc
[  234s] cycle: coreutils -> openssl-libs -> ca-certificates -> bash
[  234s]   breaking dependency ca-certificates -> bash
[  234s] cycle: coreutils -> openssl-libs -> ca-certificates
[  234s]   breaking dependency ca-certificates -> coreutils
[  234s] cycle: coreutils -> openssl-libs -> ca-certificates -> grep -> bash
[  234s]   breaking dependency grep -> bash
[  234s] cycle: coreutils -> openssl-libs -> ca-certificates -> grep
[  234s]   breaking dependency ca-certificates -> grep
[  234s] cycle: glibc -> basesystem -> filesystem -> coreutils -> openssl-libs -> ca-certificates -> p11-kit
[  234s]   breaking dependency p11-kit -> glibc
[  234s] cycle: glibc -> basesystem -> filesystem -> coreutils -> openssl-libs -> ca-certificates -> p11-kit -> libffi
[  234s]   breaking dependency openssl-libs -> ca-certificates
[  234s] cycle: coreutils -> openssl-libs -> crypto-policies -> bash
[  234s]   breaking dependency crypto-policies -> bash
[  234s] cycle: coreutils -> openssl-libs -> crypto-policies
[  234s]   breaking dependency crypto-policies -> coreutils
[  234s] cycle: coreutils -> openssl-libs -> crypto-policies -> grep
[  234s]   breaking dependency grep -> coreutils
[  234s] cycle: glibc -> basesystem -> filesystem -> coreutils -> openssl-libs -> crypto-policies -> grep
[  234s]   breaking dependency glibc -> basesystem
[  234s] cycle: glibc -> glibc-common -> bash -> coreutils -> openssl-libs -> crypto-policies -> grep
[  234s]   breaking dependency glibc-common -> bash
[  234s] cycle: glibc -> glibc-common -> coreutils -> openssl-libs -> crypto-policies -> grep
[  234s]   breaking dependency glibc-common -> coreutils
[  234s] cycle: glibc -> glibc-common
[  234s]   breaking dependency glibc-common -> glibc
[  234s] cycle: glibc -> glibc-common -> libselinux
[  234s]   breaking dependency libselinux -> glibc
[  234s] cycle: glibc -> glibc-common -> libselinux -> pcre2
[  234s]   breaking dependency pcre2 -> glibc
[  234s] cycle: glibc -> glibc-common -> libselinux -> pcre2 -> readline
[  234s]   breaking dependency readline -> glibc
[  234s] cycle: glibc -> glibc-common -> libselinux -> pcre2 -> readline -> ncurses-libs
[  234s]   breaking dependency libselinux -> pcre2
[  234s] cycle: glibc -> glibc-common -> libselinux -> libsepol -> bash -> coreutils -> openssl-libs -> crypto-policies -> grep
[  234s]   breaking dependency bash -> coreutils
[  234s] cycle: glibc -> glibc-common -> libselinux -> libsepol -> bash -> filesystem -> coreutils -> openssl-libs -> crypto-policies -> grep
[  234s]   breaking dependency libsepol -> bash
[  234s] cycle: glibc -> glibc-common -> libselinux -> libsepol -> coreutils -> openssl-libs -> crypto-policies -> grep
[  234s]   breaking dependency coreutils -> openssl-libs
[  234s] cycle: libselinux -> libsepol -> coreutils
[  234s]   breaking dependency libsepol -> coreutils
[  234s] cycle: glibc -> glibc-common -> libselinux -> libsepol
[  234s]   breaking dependency glibc -> glibc-common
[  234s] cycle: glibc -> filesystem -> coreutils -> libselinux -> libsepol
[  234s]   breaking dependency filesystem -> coreutils
[  234s] cycle: filesystem -> setup
[  234s]   breaking dependency filesystem -> setup
[  234s] cycle: systemd -> cryptsetup -> device-mapper
[  234s]   breaking dependency systemd -> cryptsetup
[  234s] cycle: perl-libs -> perl-Carp
[  234s]   breaking dependency perl-libs -> perl-Carp
[  234s] cycle: perl-libs -> perl-Exporter
[  234s]   breaking dependency perl-libs -> perl-Exporter
[  234s] cycle: perl-Carp -> perl-Exporter
[  234s]   breaking dependency perl-Exporter -> perl-Carp
[  234s] cycle: perl -> perl-PathTools
[  234s]   breaking dependency perl -> perl-PathTools
[  234s] cycle: perl -> perl-ExtUtils-MakeMaker
[  234s]   breaking dependency perl -> perl-ExtUtils-MakeMaker
[  234s] cycle: perl -> perl-File-Path -> perl-PathTools
[  234s]   breaking dependency perl -> perl-File-Path
[  234s] cycle: perl -> perl-Getopt-Long -> perl-Pod-Usage
[  234s]   breaking dependency perl -> perl-Getopt-Long
[  234s] cycle: perl -> perl-Locale-Maketext
[  234s]   breaking dependency perl -> perl-Locale-Maketext
[  234s] cycle: perl -> perl-Pod-Simple
[  234s]   breaking dependency perl -> perl-Pod-Simple
[  234s] cycle: perl -> perl-Socket
[  234s]   breaking dependency perl -> perl-Socket
[  234s] cycle: perl -> perl-Storable
[  234s]   breaking dependency perl -> perl-Storable
[  234s] cycle: perl -> perl-Text-Tabs+Wrap
[  234s]   breaking dependency perl -> perl-Text-Tabs+Wrap
[  234s] cycle: perl -> perl-Time-Local -> perl-constant
[  234s]   breaking dependency perl -> perl-Time-Local
[  234s] cycle: perl -> perl-constant
[  234s]   breaking dependency perl -> perl-constant
[  234s] cycle: perl -> perl-threads
[  234s]   breaking dependency perl -> perl-threads
[  234s] cycle: perl -> perl-threads-shared
[  234s]   breaking dependency perl -> perl-threads-shared
[  234s] cycle: perl -> perl-Archive-Tar
[  234s]   breaking dependency perl -> perl-Archive-Tar
[  234s] cycle: perl -> perl-B-Debug
[  234s]   breaking dependency perl -> perl-B-Debug
[  234s] cycle: perl -> perl-CPAN-Meta -> perl-CPAN-Meta-Requirements
[  234s]   breaking dependency perl -> perl-CPAN-Meta
[  234s] cycle: perl -> perl-CPAN-Meta-Requirements
[  234s]   breaking dependency perl -> perl-CPAN-Meta-Requirements
[  234s] cycle: perl -> perl-CPAN-Meta-YAML
[  234s]   breaking dependency perl -> perl-CPAN-Meta-YAML
[  234s] cycle: perl -> perl-Compress-Raw-Bzip2
[  234s]   breaking dependency perl -> perl-Compress-Raw-Bzip2
[  234s] cycle: perl -> perl-Compress-Raw-Zlib
[  234s]   breaking dependency perl -> perl-Compress-Raw-Zlib
[  234s] cycle: perl -> perl-Config-Perl-V
[  234s]   breaking dependency perl -> perl-Config-Perl-V
[  234s] cycle: perl -> perl-DB_File
[  234s]   breaking dependency perl -> perl-DB_File
[  234s] cycle: perl -> perl-Data-Dumper
[  234s]   breaking dependency perl -> perl-Data-Dumper
[  234s] cycle: perl -> perl-Devel-PPPort
[  234s]   breaking dependency perl -> perl-Devel-PPPort
[  234s] cycle: perl -> perl-Digest -> perl-MIME-Base64
[  234s]   breaking dependency perl -> perl-Digest
[  234s] cycle: perl -> perl-Digest-MD5 -> perl-Digest -> perl-MIME-Base64
[  234s]   breaking dependency perl -> perl-Digest-MD5
[  234s] cycle: perl -> perl-Digest-SHA
[  234s]   breaking dependency perl -> perl-Digest-SHA
[  234s] cycle: perl -> perl-Encode
[  234s]   breaking dependency perl -> perl-Encode
[  234s] cycle: perl -> perl-Env
[  234s]   breaking dependency perl -> perl-Env
[  234s] cycle: perl -> perl-ExtUtils-Command
[  234s]   breaking dependency perl -> perl-ExtUtils-Command
[  234s] cycle: perl -> perl-ExtUtils-Install
[  234s]   breaking dependency perl -> perl-ExtUtils-Install
[  234s] cycle: perl -> perl-ExtUtils-Manifest
[  234s]   breaking dependency perl -> perl-ExtUtils-Manifest
[  234s] cycle: perl -> perl-ExtUtils-ParseXS
[  234s]   breaking dependency perl -> perl-ExtUtils-ParseXS
[  234s] cycle: perl -> perl-File-Fetch -> perl-PathTools
[  234s]   breaking dependency perl -> perl-File-Fetch
[  234s] cycle: perl -> perl-File-Temp -> perl-PathTools
[  234s]   breaking dependency perl -> perl-File-Temp
[  234s] cycle: perl -> perl-Filter
[  234s]   breaking dependency perl -> perl-Filter
[  234s] cycle: perl -> perl-Filter-Simple -> perl-Filter
[  234s]   breaking dependency perl -> perl-Filter-Simple
[  234s] cycle: perl -> perl-HTTP-Tiny
[  234s]   breaking dependency perl -> perl-HTTP-Tiny
[  234s] cycle: perl -> perl-IO-Compress
[  234s]   breaking dependency perl -> perl-IO-Compress
[  234s] cycle: perl -> perl-IO-Socket-IP
[  234s]   breaking dependency perl -> perl-IO-Socket-IP
[  234s] cycle: perl -> perl-IPC-Cmd -> perl-ExtUtils-MakeMaker
[  234s]   breaking dependency perl -> perl-IPC-Cmd
[  234s] cycle: perl -> perl-IPC-SysV
[  234s]   breaking dependency perl -> perl-IPC-SysV
[  234s] cycle: perl -> perl-JSON-PP
[  234s]   breaking dependency perl -> perl-JSON-PP
[  234s] cycle: perl -> perl-Locale-Codes -> perl-constant
[  234s]   breaking dependency perl -> perl-Locale-Codes
[  234s] cycle: perl -> perl-MIME-Base64
[  234s]   breaking dependency perl -> perl-MIME-Base64
[  234s] cycle: perl -> perl-Math-BigInt
[  234s]   breaking dependency perl -> perl-Math-BigInt
[  234s] cycle: perl -> perl-Math-BigInt-FastCalc -> perl-Math-BigInt
[  234s]   breaking dependency perl -> perl-Math-BigInt-FastCalc
[  234s] cycle: perl -> perl-Math-BigRat -> perl-Math-BigInt
[  234s]   breaking dependency perl -> perl-Math-BigRat
[  234s] cycle: perl -> perl-Module-CoreList
[  234s]   breaking dependency perl -> perl-Module-CoreList
[  234s] cycle: perl -> perl-Module-Load -> perl-PathTools
[  234s]   breaking dependency perl -> perl-Module-Load
[  234s] cycle: perl -> perl-Module-Load-Conditional
[  234s]   breaking dependency perl -> perl-Module-Load-Conditional
[  234s] cycle: perl -> perl-Module-Metadata
[  234s]   breaking dependency perl -> perl-Module-Metadata
[  234s] cycle: perl -> perl-Params-Check
[  234s]   breaking dependency perl -> perl-Params-Check
[  234s] cycle: perl -> perl-PerlIO-via-QuotedPrint -> perl-MIME-Base64
[  234s]   breaking dependency perl -> perl-PerlIO-via-QuotedPrint
[  234s] cycle: perl -> perl-Pod-Checker
[  234s]   breaking dependency perl -> perl-Pod-Checker
[  234s] cycle: perl -> perl-Pod-Escapes
[  234s]   breaking dependency perl -> perl-Pod-Escapes
[  234s] cycle: perl -> perl-Pod-Parser
[  234s]   breaking dependency perl -> perl-Pod-Parser
[  234s] cycle: perl -> perl-Pod-Perldoc
[  234s]   breaking dependency perl -> perl-Pod-Perldoc
[  234s] cycle: perl -> perl-Pod-Usage
[  234s]   breaking dependency perl -> perl-Pod-Usage
[  234s] cycle: perl -> perl-Sys-Syslog
[  234s]   breaking dependency perl -> perl-Sys-Syslog
[  234s] cycle: perl -> perl-Term-Cap
[  234s]   breaking dependency perl -> perl-Term-Cap
[  234s] cycle: perl -> perl-Test-Harness
[  234s]   breaking dependency perl -> perl-Test-Harness
[  234s] cycle: perl -> perl-Test-Simple
[  234s]   breaking dependency perl -> perl-Test-Simple
[  234s] cycle: perl -> perl-Text-Balanced
[  234s]   breaking dependency perl -> perl-Text-Balanced
[  234s] cycle: perl -> perl-Thread-Queue -> perl-threads-shared
[  234s]   breaking dependency perl -> perl-Thread-Queue
[  234s] cycle: perl -> perl-Unicode-Collate -> perl-PathTools
[  234s]   breaking dependency perl -> perl-Unicode-Collate
[  234s] cycle: perl -> perl-autodie
[  234s]   breaking dependency perl -> perl-autodie
[  234s] cycle: perl -> perl-bignum -> perl-Math-BigInt
[  234s]   breaking dependency perl -> perl-bignum
[  234s] cycle: perl -> perl-devel
[  234s]   breaking dependency perl -> perl-devel
[  234s] cycle: perl -> perl-Encode-devel
[  234s]   breaking dependency perl -> perl-Encode-devel
[  234s] cycle: perl -> perl-experimental
[  234s]   breaking dependency perl -> perl-experimental
[  234s] cycle: perl -> perl-libnet -> perl-Digest-MD5 -> perl-Digest -> perl-MIME-Base64
[  234s]   breaking dependency perl -> perl-libnet
[  234s] cycle: perl -> perl-podlators
[  234s]   breaking dependency perl -> perl-podlators
[  234s] cycle: perl -> perl-version
[  234s]   breaking dependency perl -> perl-version
[  234s] cycle: glib2 -> gamin
[  234s]   breaking dependency glib2 -> gamin
[  234s] cycle: systemd -> gnutls -> unbound-libs -> shadow -> pam -> audit
[  234s]   breaking dependency systemd -> gnutls
[  234s] cycle: systemd -> pam -> audit
[  234s]   breaking dependency systemd -> pam
[  234s] cycle: systemd -> shadow -> pam -> audit
[  234s]   breaking dependency systemd -> shadow
[  234s] cycle: pam -> libpwquality
[  234s]   breaking dependency pam -> libpwquality
[  234s] cycle: perl-Getopt-Long -> perl-Pod-Usage
[  234s]   breaking dependency perl-Pod-Usage -> perl-Getopt-Long
[  234s] cycle: perl-Getopt-Long -> perl-Pod-Usage -> perl-podlators -> perl-Encode
[  234s]   breaking dependency perl-podlators -> perl-Encode
[  234s] cycle: perl-Getopt-Long -> perl-Pod-Usage -> perl-podlators
[  234s]   breaking dependency perl-podlators -> perl-Getopt-Long
[  234s] cycle: perl-Getopt-Long -> perl-Pod-Usage -> perl-podlators -> perl-Pod-Simple -> perl-Encode
[  234s]   breaking dependency perl-Encode -> perl-Getopt-Long
[  234s] cycle: perl-Getopt-Long -> perl-Pod-Usage -> perl-podlators -> perl-Pod-Simple
[  234s]   breaking dependency perl-podlators -> perl-Pod-Simple
[  234s] cycle: perl-Pod-Usage -> perl-podlators
[  234s]   breaking dependency perl-podlators -> perl-Pod-Usage
[  234s] cycle: groff -> perl-Getopt-Long -> perl-Pod-Usage -> perl-Pod-Perldoc
[  234s]   breaking dependency groff -> perl-Getopt-Long
[  234s] cycle: nss -> nss-util
[  234s]   breaking dependency nss -> nss-util
[  234s] cycle: nss -> nss-softokn -> nss-util
[  234s]   breaking dependency nss -> nss-softokn
[  234s] cycle: libxcrypt-devel -> glibc-devel
[  234s]   breaking dependency glibc-devel -> libxcrypt-devel
[  234s] cycle: groovy-lib -> gpars
[  234s]   breaking dependency groovy-lib -> gpars
[  234s] cycle: batik-css -> batik
[  234s]   breaking dependency batik -> batik-css
[  234s] cycle: xalan-j2 -> xerces-j2
[  234s]   breaking dependency xerces-j2 -> xalan-j2
[  234s] cycle: cmake-data -> cmake
[  234s]   breaking dependency cmake -> cmake-data
[  234s] cycle: perl-Getopt-Long -> perl-Pod-Usage -> perl-Pod-Perldoc -> perl-Pod-Simple
[  234s]   breaking dependency perl-Pod-Perldoc -> perl-Pod-Simple
[  234s] cycle: openssh -> openssh-server
[  234s]   breaking dependency openssh-server -> openssh
[  234s] cycle: git -> perl-Git
[  234s]   breaking dependency git -> perl-Git
[  234s] cycle: perl-ExtUtils-Install -> perl-ExtUtils-MakeMaker
[  234s]   breaking dependency perl-ExtUtils-MakeMaker -> perl-ExtUtils-Install
[  235s] done
[  235s] querying package ids...
[  275s] [1/541] installing cmake-filesystem-3.22.0-1.oe1
[  277s] [2/541] installing fonts-filesystem-2.0.2-2.oe1
[  278s] [3/541] installing fuse-common-3.9.2-5.oe1
[  279s] [4/541] installing javapackages-filesystem-5.3.0-3.oe1
[  280s] [5/541] installing kernel-headers-5.10-3.oe1
[  288s] [6/541] installing libreport-filesystem-2.13.1-5.oe1
[  290s] [7/541] installing ncurses-base-6.1-14.oe1
[  292s] [8/541] installing openEuler-gpg-keys-1.0-2.5.oe1
[  293s] [9/541] installing python-setuptools-59.4.0-3.oe1
[  294s] [10/541] installing qt5-srpm-macros-5.15.2-1.oe1
[  295s] [11/541] installing tzdata-2021a-2.oe1
[  303s] [12/541] installing tzdata-java-2021a-2.oe1
[  308s] [13/541] installing dnf-data-4.10.0-1.oe1
[  309s] [14/541] installing openEuler-repos-1.0-2.5.oe1
[  310s] [15/541] installing wqy-zenhei-fonts-0.9.46-21.oe1
[  320s] [16/541] installing openEuler-release-20.03LTS-40.oe1
[  321s] [17/541] installing filesystem-3.9-3.oe1
[  330s] warning: group mail does not exist - using root
[  330s] [18/541] installing emacs-filesystem-1:27.1-5.oe1
[  331s] [19/541] installing libgcc-10.3.1-20220105.6.oe1
[  332s] [20/541] installing setup-2.13.3-4.oe1
[  334s] [21/541] installing glibc-2.34-64.oe1
[  340s] [22/541] installing brotli-1.0.9-2.oe1
[  342s] [23/541] installing chrpath-0.16-12.oe1
[  343s] [24/541] installing cpio-2.13-4.oe1
[  344s] [25/541] installing diffutils-3.7-4.oe1
[  346s] [26/541] installing expat-2.2.10-1.oe1
[  347s] [27/541] installing giflib-5.2.1-2.oe1
[  348s] [28/541] installing json-c-0.15-1.oe1
[  349s] [29/541] installing keyutils-libs-1.6.3-3.oe1
[  350s] [30/541] installing libICE-1.0.10-2.oe1
[  351s] [31/541] installing libXau-1.0.9-2.oe1
[  354s] [32/541] installing libaio-0.3.112-1.oe1
[  355s] [33/541] installing libargon2-20190702-1.oe1
[  357s] [34/541] installing libatomic-10.3.1-20220105.6.oe1
[  358s] [35/541] installing libcap-ng-0.7.11-1.oe1
[  359s] [36/541] installing libev-4.24-11.oe1
[  360s] [37/541] installing libffi-3.3-31.oe1
[  361s] [38/541] installing libgomp-10.3.1-20220105.6.oe1
[  362s] [39/541] installing libgpg-error-1.41-1.oe1
[  364s] [40/541] installing libjpeg-turbo-2.0.6-1.oe1
[  365s] [41/541] installing libnghttp2-1.42.0-1.oe1
[  366s] [42/541] installing libpcap-14:1.9.1-7.oe1
[  368s] [43/541] installing libpipeline-1.5.3-1.oe1
[  369s] [44/541] installing libsigsegv-2.11-10.oe1
[  370s] [45/541] installing libsmartcols-2.36.1-3.oe1
[  372s] [46/541] installing libtasn1-4.16.0-2.oe1
[  374s] [47/541] installing libtool-ltdl-2.4.6-34.oe1
[  375s] [48/541] installing libunistring-0.9.10-8.oe1
[  377s] [49/541] installing libuuid-2.36.1-3.oe1
[  378s] [50/541] installing libuv-1:1.40.0-1.oe1
[  379s] [51/541] installing libxcrypt-4.4.8-4.oe1
[  381s] [52/541] installing libyaml-0.2.5-1.oe1
[  382s] [53/541] installing lz4-1.9.3-1.oe1
[  383s] [54/541] installing m4-1.4.18-14.oe1
[  385s] [55/541] installing nspr-4.32.0-1.oe1
[  386s] [56/541] installing pkgconf-1.7.3-1.oe1
[  387s] [57/541] installing rhash-1.3.5-5.oe1
[  390s] [58/541] installing which-2.21-14.oe1
[  392s] [59/541] installing xz-libs-5.2.5-1.oe1
[  393s] [60/541] installing zlib-1.2.11-18.oe1
[  394s] [61/541] installing attr-2.4.48-12.oe1
[  396s] [62/541] installing basesystem-12-2.oe1
[  397s] [63/541] installing libstdc++-10.3.1-20220105.6.oe1
[  399s] [64/541] installing ncurses-libs-6.1-14.oe1
[  400s] [65/541] installing libsepol-3.1-4.oe1
[  402s] [66/541] installing libstdc++-devel-10.3.1-20220105.6.oe1
[  412s] [67/541] installing audit-libs-1:3.0-2.oe1
[  414s] [68/541] installing elfutils-libelf-0.185-3.oe1
[  415s] [69/541] installing file-libs-5.39-6.oe1
[  419s] [70/541] installing gmp-1:6.2.1-3.oe1
[  421s] [71/541] installing iptables-libs-1.8.1-4.oe1
[  422s] [72/541] installing less-563-2.oe1
[  423s] [73/541] installing libacl-2.2.53-7.oe1
[  424s] [74/541] installing libassuan-2.5.4-1.oe1
[  425s] [75/541] installing libedit-3.1-27.oe1
[  426s] [76/541] installing libffi-devel-3.3-31.oe1
[  427s] [77/541] installing libfontenc-1.1.4-2.oe1
[  428s] [78/541] installing libgcrypt-1.8.7-1.oe1
[  430s] [79/541] installing libpng-2:1.6.37-1.oe1
[  431s] [80/541] installing libxcb-1.14-1.oe1
[  433s] [81/541] installing readline-8.0-2.oe1
[  435s] [82/541] installing fuse-2.9.9-6.oe1
[  436s] [83/541] installing gc-8.0.4-2.oe1
[  437s] [84/541] installing libSM-1.2.3-2.oe1
[  438s] [85/541] installing libdb-5.3.28-35.oe1
[  443s] [86/541] installing libselinux-3.1-3.oe1
[  444s] [87/541] installing libxml2-2.9.12-5.oe1
[  446s] [88/541] installing bash-5.1-1.oe1
[  449s] [89/541] installing perl-libs-4:5.28.0-435.oe1
[  455s] [90/541] installing zstd-1.4.8-2.oe1
[  459s] [91/541] installing ncurses-6.1-14.oe1
[  470s] [92/541] installing thin-provisioning-tools-0.8.5-1.oe1
[  472s] [93/541] installing perl-parent-1:0.237-4.oe1
[  473s] [94/541] installing perl-perlfaq-5.20180915-5.oe1
[  474s] [95/541] installing libX11-1.6.9-2.oe1
[  477s] [96/541] installing mpfr-4.1.0-1.oe1
[  480s] [97/541] installing nettle-3.6-6.oe1
[  483s] [98/541] installing pcre2-10.36-1.oe1
[  485s] [99/541] installing perl-Exporter-5.74-1.oe1
[  486s] [100/541] installing file-5.39-6.oe1
[  487s] [101/541] installing gdbm-1:1.18.1-1.oe1
[  488s] [102/541] installing patch-2.7.6-12.oe1
[  490s] [103/541] installing qrencode-4.1.1-1
[  491s] [104/541] installing sed-4.8-2.oe1
[  493s] [105/541] installing acl-2.2.53-7.oe1
[  494s] [106/541] installing libcomps-0.1.15-1.oe1
[  496s] [107/541] installing pcre-8.44-1.oe1
[  498s] [108/541] installing glibc-common-2.34-64.oe1
[  513s] [109/541] installing coreutils-8.31-4.oe1
[  520s] [110/541] installing alsa-lib-1.2.4-1.oe1
[  523s] [111/541] installing crontabs-1.11-21.oe1
[  524s] [112/541] installing elfutils-default-yama-scope-0.185-3.oe1
[  525s] /usr/lib/systemd/systemd-sysctl: error while loading shared libraries: libkmod.so.2: cannot open shared object file: No such file or directory
[  526s] [113/541] installing libXcomposite-0.4.5-1.oe1
[  528s] [114/541] installing libXext-1.3.4-2.oe1
[  530s] [115/541] installing libXpm-3.5.12-11.oe1
[  532s] [116/541] installing libXrender-0.9.10-10.oe1
[  534s] [117/541] installing perl-Carp-1.50-418.oe1
[  535s] [118/541] installing perl-Perl-OSType-1.010-421.oe1
[  537s] [119/541] installing perl-Term-ANSIColor-4.06-511.oe1
[  538s] [120/541] installing publicsuffix-list-20200718-1.oe1
[  540s] [121/541] installing uname-build-checks-1.0-0.4.oe1
[  542s] [122/541] installing bzip2-1.0.8-3.oe1
[  544s] [123/541] installing gzip-1.10-1.oe1
[  546s] [124/541] installing hostname-3.21-2.oe1
[  549s] [125/541] installing libcap-2.32-2.oe1
[  552s] [126/541] installing libmpc-1.2.0-2.oe1
[  555s] [127/541] installing libseccomp-2.4.3-2.oe1
[  559s] [128/541] installing lksctp-tools-1.0.16-11.oe1
[  561s] [129/541] installing npth-1.5-7.oe1
[  563s] [130/541] installing popt-1.18-1.oe1
[  565s] [131/541] installing grep-3.6-1.oe1
[  567s] [132/541] installing libXt-1.2.0-0.oe1
[  569s] [133/541] installing libblkid-2.36.1-3.oe1
[  571s] [134/541] installing libidn2-2.3.0-1.oe1
[  574s] [135/541] installing libksba-1.3.5-12.oe1
[  576s] [136/541] installing tar-2:1.32-3.oe1
[  579s] [137/541] installing tcl-1:8.6.10-3.oe1
[  584s] [138/541] installing apr-1.7.0-4.oe1
[  586s] [139/541] installing info-6.7-2.oe1
[  588s] [140/541] installing jsoncpp-1.9.4-1.oe1
[  592s] [141/541] installing libgpg-error-devel-1.41-1.oe1
[  594s] [142/541] installing lua-5.3.5-6.oe1
[  596s] [143/541] installing slang-2.3.2-8.oe1
[  599s] [144/541] installing gawk-5.0.1-2.oe1
[  603s] [145/541] installing libxslt-1.1.32-7.oe1
[  605s] [146/541] installing guile-5:2.0.14-15.oe1
[  614s] [147/541] installing zip-3.0-29.oe1
[  616s] [148/541] installing libXi-1.7.10-1.oe1
[  617s] [149/541] installing libfdisk-2.36.1-3.oe1
[  619s] [150/541] installing newt-0.52.21-4.oe1
[  629s] [151/541] installing perl-Text-ParseWords-3.30-419.oe1
[  631s] [152/541] installing crypto-policies-20180925-3.git71ca85f.oe1
[  639s] [153/541] installing elfutils-libs-0.185-3.oe1
[  641s] [154/541] installing libXmu-1.1.3-1.oe1
[  643s] [155/541] installing libmount-2.36.1-3.oe1
[  645s] [156/541] installing lua-posix-33.3.1-12.oe1
[  647s] [157/541] installing unzip-6.0-47.oe1
[  649s] [158/541] installing cracklib-2.9.7-6.oe1
[  655s] [159/541] installing e2fsprogs-1.45.6-3.oe1
[  659s] [160/541] installing findutils-2:4.7.0-7.oe1
[  661s] [161/541] installing libsemanage-3.1-4.oe1
[  663s] [162/541] installing make-1:4.2.1-15.oe1
[  665s] [163/541] installing sqlite-3.24.0-9.oe1
[  670s] [164/541] installing xz-5.2.5-1.oe1
[  672s] [165/541] installing logrotate-3.15.1-2.oe1
[  674s] [166/541] installing perl-Scalar-List-Utils-3:1.52-2.oe1
[  675s] [167/541] installing perl-Time-HiRes-1.9760-2.oe1
[  677s] [168/541] installing perl-Unicode-Normalize-1.26-419.oe1
[  679s] [169/541] installing freetype-2.10.2-3.oe1
[  682s] [170/541] installing glibc-devel-2.34-64.oe1
[  694s] [171/541] installing libgcrypt-devel-1.8.7-1.oe1
[  696s] [172/541] installing cpp-10.3.1-20220105.6.oe1
[  708s] [173/541] installing gnupg2-2.2.27-2.oe1
[  714s] [174/541] installing systemd-libs-243-22.oe1
[  716s] [175/541] installing dbus-libs-1:1.12.20-3.oe1
[  718s] [176/541] installing libxcrypt-devel-4.4.8-4.oe1
[  720s] [177/541] installing p11-kit-0.23.22-1.oe1
[  723s] [178/541] installing procps-ng-3.3.16-15.oe1
[  725s] [179/541] installing copy-jdk-configs-4.0-1.oe1
[  727s] [180/541] installing gpgme-1.15.1-1.oe1
[  729s] [181/541] installing libXtst-1.2.3-10.oe1
[  731s] [182/541] installing openssl-libs-1:1.1.1f-2.oe1
[  735s] [183/541] installing chkconfig-1.14-2.oe1
[  739s] [184/541] installing elfutils-0.185-3.oe1
[  741s] [185/541] installing libXaw-1.0.13-13.oe1
[  743s] [186/541] installing xorg-x11-font-utils-1:7.5-43.oe1
[  745s] [187/541] installing fontconfig-2.13.92-1.oe1
[  751s] [188/541] installing glib2-2.66.8-1.oe1
[  759s] [189/541] installing dbus-tools-1:1.12.20-3.oe1
[  760s] [190/541] installing ima-evm-utils-libs-1.2.1-8.oe1
[  762s] [191/541] installing libevent-2.1.12-4
[  764s] [192/541] installing libcroco-0.6.12-13.oe1
[  767s] [193/541] installing libtcnative-1-0-1.2.23-3.oe1
[  768s] [194/541] installing fipscheck-1.5.0-7.oe1
[  771s] [195/541] installing gamin-0.1.10-38.oe1
[  773s] [196/541] installing kmod-libs-27-4.oe1
[  775s] [197/541] installing libsecret-0.18.6-5.oe1
[  777s] [198/541] installing obs-env-1.0-5.oe1
[  787s] [199/541] installing xorg-x11-fonts-others-7.5-24
[  808s] [200/541] installing kmod-27-4.oe1
[  811s] [201/541] installing binutils-2.37-6.oe1
[  825s] [202/541] installing p11-kit-trust-0.23.22-1.oe1
[  828s] [203/541] installing babeltrace-1.5.8-1.oe1
[  831s] [204/541] installing libarchive-3.5.1-1.oe1
[  835s] [205/541] installing nodejs-libs-1:16.10.0-1.oe1
[  890s] [206/541] installing libverto-0.3.1-2.oe1
[  894s] [207/541] installing ca-certificates-2020.2.46-2.oe1
[  908s] [208/541] installing gettext-0.20.1-2.oe1
[  921s] [209/541] installing gcc-10.3.1-20220105.6.oe1
[  977s] [210/541] installing rpm-libs-4.15.1-25.oe1
[  986s] [211/541] installing python-pip-wheel-19.2.3-2.fc32
[ 1041s] [212/541] installing libmodulemd-2.13.0-1.oe1
[ 1053s] [213/541] installing gcc-c++-10.3.1-20220105.6.oe1
[ 1085s] [214/541] installing krb5-libs-1.18.2-3.oe1
[ 1089s] [215/541] installing libtirpc-1.3.1-1.oe1
[ 1092s] [216/541] installing cyrus-sasl-lib-2.1.27-10.oe1
[ 1095s] [217/541] installing libssh-0.9.5-1.oe1
[ 1099s] [218/541] installing openldap-2.4.46-15.oe1
[ 1102s] [219/541] installing libnsl2-1.3.0-2.oe1
[ 1105s] [220/541] installing python3-3.8.5-13.oe1
[ 1147s] [221/541] installing python3-pyparsing-2.4.5-1.fc32
[ 1150s] [222/541] installing python3-setuptools-59.4.0-3.oe1
[ 1158s] [223/541] installing python3-setuptools_scm-3.3.3-6.fc32
[ 1160s] [224/541] installing python3-six-1.15.0-3.oe1
[ 1164s] [225/541] installing python3-gpgme-1.15.1-1.oe1
[ 1169s] [226/541] installing python3-lxml-4.4.1-3.fc32
[ 1175s] [227/541] installing python3-libcomps-0.1.15-1.oe1
[ 1177s] [228/541] installing libpsl-0.21.1-1.oe1
[ 1182s] [229/541] installing gdb-headless-9.2-5.oe1
[ 1196s] [230/541] installing systemtap-sdt-devel-4.1-3.oe1
[ 1198s] [231/541] installing gdb-9.2-5.oe1
[ 1201s] [232/541] installing python3-javapackages-5.3.0-3.oe1
[ 1210s] [233/541] installing python3-pip-19.2.3-2.fc32
[ 1239s] [234/541] installing libcurl-7.79.1-1.oe1
[ 1244s] [235/541] installing curl-7.79.1-1.oe1
[ 1246s] [236/541] installing librepo-1.14.2-2.oe1
[ 1251s] [237/541] installing rpm-4.15.1-25.oe1
[ 1256s] [238/541] installing efi-srpm-macros-4-3.oe1
[ 1259s] [239/541] installing cmake-rpm-macros-3.22.0-1.oe1
[ 1262s] [240/541] installing libsolv-0.7.20-1.oe1
[ 1266s] [241/541] installing python3-rpm-4.15.1-25.oe1
[ 1268s] [242/541] installing openEuler-rpm-config-30-22.oe1
[ 1270s] [243/541] installing cmake-3.22.0-1.oe1
[ 1293s] [244/541] installing libdnf-0.65.0-2.oe1
[ 1298s] [245/541] installing cmake-data-3.22.0-1.oe1
[ 1323s] [246/541] installing python3-libdnf-0.65.0-2.oe1
[ 1331s] [247/541] installing perl-4:5.28.0-435.oe1
[ 1345s] [248/541] installing perl-B-Debug-1.26-4.oe1
[ 1346s] [249/541] installing perl-Env-1.04-397.oe1
[ 1349s] [250/541] installing perl-Devel-PPPort-3.42-4.oe1
[ 1353s] [251/541] installing perl-Pod-Escapes-1:1.07-419.oe1
[ 1354s] [252/541] installing perl-Text-Tabs+Wrap-2013.0523-419.oe1
[ 1357s] [253/541] installing perl-Algorithm-Diff-1.1903-14.oe1
[ 1360s] [254/541] installing perl-Params-Check-1:0.38-418.oe1
[ 1361s] [255/541] installing perl-Term-Cap-1.17-510.oe1
[ 1366s] [256/541] installing perl-TermReadKey-2.38-2.oe1
[ 1369s] [257/541] installing perl-Text-Balanced-2.03-420.oe1
[ 1371s] [258/541] installing perl-threads-1:2.22-419.oe1
[ 1374s] [259/541] installing openssl-1:1.1.1f-2.oe1
[ 1378s] [260/541] installing perl-Config-Perl-V-0.30-5.oe1
[ 1380s] [261/541] installing perl-Error-1:0.17029-1.oe1
[ 1384s] [262/541] installing perl-Filter-2:1.59-2.oe1
[ 1386s] [263/541] installing perl-IPC-SysV-2.07-5.oe1
[ 1389s] [264/541] installing perl-Locale-Maketext-1:1.28-1.oe1
[ 1393s] [265/541] installing perl-constant-1.33-421.oe1
[ 1395s] [266/541] installing perl-MIME-Base64-3.15-418.oe1
[ 1399s] [267/541] installing perl-CPAN-Meta-YAML-0.018-420.oe1
[ 1403s] [268/541] installing perl-Socket-4:2.029-2.oe1
[ 1407s] [269/541] installing perl-Storable-1:3.15-2.oe1
[ 1410s] [270/541] installing python3-hawkey-0.65.0-2.oe1
[ 1414s] [271/541] installing perl-PerlIO-via-QuotedPrint-0.08-397.oe1
[ 1416s] [272/541] installing perl-Digest-1.17-419.oe1
[ 1417s] [273/541] installing perl-Filter-Simple-1:0.94-1.oe1
[ 1418s] [274/541] installing perl-IO-Socket-IP-0.39-420.oe1
[ 1420s] [275/541] installing perl-Text-Diff-1.45-7.oe1
[ 1421s] [276/541] installing perl-Time-Local-2:1.280-6.oe1
[ 1422s] [277/541] installing perl-version-8:0.99.24-3.oe1
[ 1423s] [278/541] installing perl-IPC-System-Simple-1.25-19.oe1
[ 1425s] [279/541] installing perl-threads-shared-1.59-2.oe1
[ 1426s] [280/541] installing perl-Compress-Raw-Bzip2-2.100-1.oe1
[ 1428s] [281/541] installing perl-Compress-Raw-Zlib-1:2.100-1.oe1
[ 1429s] [282/541] installing perl-Locale-Codes-3.58-2.oe1
[ 1432s] [283/541] installing perl-Math-BigInt-1:1.9998.13-5.oe1
[ 1434s] [284/541] installing perl-PathTools-3.75-4.oe1
[ 1435s] [285/541] installing python3-dnf-4.10.0-1.oe1
[ 1439s] [286/541] installing perl-Data-Dumper-2.172-3.oe1
[ 1444s] [287/541] installing perl-Sys-Syslog-0.35-420.oe1
[ 1446s] [288/541] installing perl-Encode-4:2.98-9.oe1
[ 1450s] [289/541] installing autogen-5.18.16-1.oe1
[ 1454s] [290/541] installing nodejs-1:16.10.0-1.oe1
[ 1458s] [291/541] installing systemd-243-22.oe1
[ 1477s] /var/tmp/rpm-tmp.fRA5AI: line 8: groupadd: command not found
[ 1477s] /var/tmp/rpm-tmp.fRA5AI: line 10: groupadd: command not found
[ 1477s] /var/tmp/rpm-tmp.fRA5AI: line 13: groupadd: command not found
[ 1477s] /var/tmp/rpm-tmp.fRA5AI: line 16: groupadd: command not found
[ 1477s] [292/541] installing dbus-common-1:1.12.20-3.oe1
[ 1479s] [293/541] installing nodejs-source-map-0.5.6-1.oe1
[ 1482s] [294/541] installing perl-Module-Load-1:0.32-418.oe1
[ 1483s] [295/541] installing nodejs-packaging-20-1.oe1
[ 1486s] [296/541] installing dnf-4.10.0-1.oe1
[ 1489s] Failed to preset unit, unit dnf-automatic.timer does not exist.
[ 1489s] Failed to preset unit, unit dnf-automatic-notifyonly.timer does not exist.
[ 1489s] Failed to preset unit, unit dnf-automatic-download.timer does not exist.
[ 1489s] Failed to preset unit, unit dnf-automatic-install.timer does not exist.
[ 1489s] [297/541] installing perl-File-Which-1.23-1.oe1
[ 1490s] [298/541] installing perl-Thread-Queue-3.13-3.oe1
[ 1492s] [299/541] installing perl-experimental-0.020-2.oe1
[ 1493s] [300/541] installing perl-Digest-MD5-2.55-419.oe1
[ 1495s] [301/541] installing perl-File-Path-2.16-4.oe1
[ 1496s] [302/541] installing perl-Math-BigInt-FastCalc-0.500.700-4.oe1
[ 1498s] [303/541] installing perl-Module-Metadata-1.000036-3.oe1
[ 1500s] [304/541] installing perl-CPAN-Meta-Requirements-2.140-419.oe1
[ 1501s] [305/541] installing perl-Encode-devel-4:2.98-9.oe1
[ 1504s] [306/541] installing perl-HTTP-Tiny-0.076-3.oe1
[ 1506s] [307/541] installing perl-Math-BigRat-0.2614-2.oe1
[ 1508s] [308/541] installing audit-1:3.0-2.oe1
[ 1511s] [309/541] installing perl-DB_File-1.842-2.oe1
[ 1513s] [310/541] installing perl-autodie-2.29-398.oe1
[ 1515s] [311/541] installing perl-Unicode-Collate-1.25-4.oe1
[ 1519s] [312/541] installing perl-IO-Compress-2.081-6.oe1
[ 1521s] [313/541] installing perl-podlators-1:4.14-1.oe1
[ 1522s] [314/541] installing perl-ExtUtils-Command-1:7.60-1.oe1
[ 1523s] [315/541] installing perl-ExtUtils-Manifest-1:1.71-4.oe1
[ 1525s] [316/541] installing perl-bignum-0.50-4.oe1
[ 1526s] [317/541] installing perl-File-Temp-1:0.230.800-4.oe1
[ 1528s] [318/541] installing perl-libnet-3.11-420.oe1
[ 1529s] [319/541] installing pam-1.5.1-1.oe1
[ 1536s] [320/541] installing libpwquality-1.4.4-1.oe1
[ 1538s] [321/541] installing perl-File-HomeDir-1.004-4.oe1
[ 1539s] [322/541] installing shadow-2:4.8.1-5.oe1
[ 1542s] [323/541] installing perl-Test-Simple-2:1.302175-2.oe1
[ 1544s] [324/541] installing libutempter-1.1.6-16.oe1
[ 1546s] [325/541] installing unbound-libs-1.10.1-4.oe1
[ 1551s] [326/541] installing dbus-daemon-1:1.12.20-3.oe1
[ 1555s] [327/541] installing openssh-server-8.2p1-10.oe1
[ 1558s] Created symlink /etc/systemd/system/multi-user.target.wants/sshd.service -> /usr/lib/systemd/system/sshd.service.
[ 1558s] [328/541] installing groff-1.22.4-4.oe1
[ 1569s] [329/541] installing dbus-1:1.12.20-3.oe1
[ 1572s] [330/541] installing man-db-2.9.3-2.oe1
[ 1580s] [331/541] installing perl-Pod-Perldoc-1:3.28-3.oe1
[ 1581s] [332/541] installing gnutls-3.6.15-3.oe1
[ 1587s] [333/541] installing util-linux-2.36.1-3.oe1
[ 1598s] [334/541] installing nss-help-3.72.0-2.oe1
[ 1603s] [335/541] installing perl-Pod-Usage-4:1.69-418.oe1
[ 1605s] [336/541] installing device-mapper-8:1.02.172-1.oe1
[ 1610s] [337/541] installing openssh-8.2p1-10.oe1
[ 1614s] [338/541] installing perl-Getopt-Long-1:2.52-1.oe1
[ 1616s] [339/541] installing cryptsetup-2.3.3-3.oe1
[ 1624s] [340/541] installing device-mapper-event-8:1.02.172-1.oe1
[ 1630s] Created symlink /etc/systemd/system/sockets.target.wants/dm-event.socket -> /usr/lib/systemd/system/dm-event.socket.
[ 1630s] [341/541] installing nss-3.72.0-2.oe1
[ 1641s] [342/541] installing openssh-clients-8.2p1-10.oe1
[ 1647s] [343/541] installing nss-util-3.72.0-2.oe1
[ 1651s] [344/541] installing perl-ExtUtils-ParseXS-2:3.35-1.oe1
[ 1655s] [345/541] installing perl-Module-CoreList-1:5.20180920-2.oe1
[ 1658s] [346/541] installing perl-Digest-SHA-1:6.02-7.oe1
[ 1663s] [347/541] installing perl-Pod-Parser-1.63-397.oe1
[ 1666s] [348/541] installing perl-Pod-Simple-1:3.35-418.oe1
[ 1670s] [349/541] installing perl-Test-Harness-1:3.43_02-1.oe1
[ 1673s] [350/541] installing perl-Archive-Tar-2.30-421.oe1
[ 1675s] [351/541] installing perl-JSON-PP-1:4.04-2.oe1
[ 1677s] [352/541] installing lvm2-8:2.03.11-1.oe1
[ 1687s] Created symlink /etc/systemd/system/sysinit.target.wants/lvm2-lvmpolld.socket -> /usr/lib/systemd/system/lvm2-lvmpolld.socket.
[ 1687s] [353/541] installing autoconf-2.69-30.oe1
[ 1693s] [354/541] installing git-2.23.0-12.oe1
[ 1710s] [355/541] installing nss-softokn-3.72.0-2.oe1
[ 1715s] [356/541] installing perl-Pod-Checker-4:1.73-398.oe1
[ 1717s] [357/541] installing perl-Git-2.23.0-12.oe1
[ 1718s] [358/541] installing perl-CPAN-Meta-2.150010-419.oe1
[ 1720s] [359/541] installing perl-Module-Load-Conditional-0.68-418.oe1
[ 1721s] [360/541] installing automake-1.16.1-6.oe1
[ 1723s] [361/541] installing perl-ExtUtils-MakeMaker-1:7.60-1.oe1
[ 1725s] [362/541] installing perl-ExtUtils-Install-2.14-419.oe1
[ 1726s] [363/541] installing perl-IPC-Cmd-2:1.04-4.oe1
[ 1728s] [364/541] installing java-1.8.0-openjdk-headless-1:1.8.0.181.b15-1.1.riscv64.fc29
[ 1767s] [365/541] installing rpm-build-4.15.1-25.oe1
[ 1769s] [366/541] installing ant-lib-1.10.5-2.fc29
[ 1775s] [367/541] installing aopalliance-1.0-19.oe1
[ 1776s] [368/541] installing apache-commons-cli-1.4-6.oe1
[ 1777s] [369/541] installing apache-commons-collections-3.2.2-11.oe1
[ 1779s] [370/541] installing apache-commons-compress-1.17-6.oe1
[ 1781s] [371/541] installing apache-commons-lang-2.6-23.oe1
[ 1782s] [372/541] installing apache-commons-lang3-3.9-3.oe1
[ 1783s] [373/541] installing apache-ivy-2.4.0-17.oe1
[ 1792s] [374/541] installing apache-resource-bundles-2-23.oe1
[ 1793s] [375/541] installing atinject-1-31.oe1
[ 1795s] [376/541] installing avalon-logkit-2.1-32.oe1
[ 1796s] [377/541] installing beust-jcommander-1.71-7.oe1
[ 1797s] [378/541] installing dain-snappy-0.4-7.oe1
[ 1798s] [379/541] installing extra166y-1.7.0-11.oe1
[ 1801s] [380/541] installing felix-utils-1.10.4-4.oe1
[ 1803s] [381/541] installing geronimo-annotation-1.0-25.oe1
[ 1804s] [382/541] installing glassfish-el-api-3.0.1-0.7.b09.oe1
[ 1805s] [383/541] installing guava20-20.0-8.fc29
[ 1807s] [384/541] installing hawtjni-runtime-1.16-4.oe1
[ 1809s] [385/541] installing httpcomponents-core-4.4.10-4.oe1
[ 1833s] [386/541] installing jboss-interceptors-1.2-api-1.0.0-9.oe1
[ 1836s] [387/541] installing jdom2-2.0.6-14.oe1
[ 1838s] [388/541] installing jffi-1.2.13-1.oe1
[ 1840s] [389/541] installing jnr-constants-0.9.12-1.oe1
[ 1842s] [390/541] installing jzlib-1.1.3-11.oe1
[ 1843s] [391/541] installing maven-monitor-2.2.1-60.oe1
[ 1844s] [392/541] installing maven-resolver-api-1:1.1.1-3.oe1
[ 1845s] [393/541] installing multiverse-0.7.0-10.oe1
[ 1850s] [394/541] installing objenesis-2.6-4.oe1
[ 1853s] [395/541] installing osgi-annotation-7.0.0-1.oe1
[ 1854s] [396/541] installing osgi-core-7.0.0-1.oe1
[ 1855s] [397/541] installing plexus-cipher-1.7-16.oe1
[ 1857s] [398/541] installing plexus-classworlds-2.5.2-10.oe1
[ 1858s] [399/541] installing plexus-containers-component-annotations-1.7.1-7.oe1
[ 1859s] [400/541] installing plexus-interpolation-1.22-11.oe1
[ 1861s] [401/541] installing plexus-utils-3.1.0-4.oe1
[ 1862s] [402/541] installing qdox-2.0-5.M9.oe1
[ 1863s] [403/541] installing slf4j-1.7.25-8.oe1
[ 1865s] [404/541] installing sonatype-oss-parent-7-17.oe1
[ 1867s] [405/541] installing xml-commons-apis-1.4.01-29.oe1
[ 1873s] [406/541] installing xmvn-api-3.0.0-25.oe1
[ 1875s] [407/541] installing xmvn-core-3.0.0-25.oe1
[ 1876s] [408/541] installing xpp3-1.1.4-21.oe1
[ 1877s] [409/541] installing xz-java-1.8-4.oe1
[ 1879s] [410/541] installing ecj-1:4.9-1.fc29
[ 1882s] [411/541] installing netty-tcnative-1.1.33-1.oe1
[ 1883s] [412/541] installing antlr-tool-2.7.7-60.oe1
[ 1885s] [413/541] installing javapackages-tools-5.3.0-3.oe1
[ 1887s] [414/541] installing gcc_secure-1.0-0.9.oe1
[ 1889s] [415/541] installing perl-File-Fetch-0.56-4.oe1
[ 1890s] [416/541] installing perl-devel-4:5.28.0-435.oe1
[ 1899s] [417/541] installing java-1.8.0-openjdk-1:1.8.0.181.b15-1.1.riscv64.fc29
[ 1902s] [418/541] installing apache-commons-codec-1.11-4.fc29
[ 1903s] [419/541] installing apache-commons-logging-1.2-14.fc29
[ 1904s] [420/541] installing jnr-x86asm-1.0.2-15.fc29
[ 1905s] [421/541] installing osgi-compendium-6.0.0-6.fc29
[ 1907s] [422/541] installing avalon-framework-4.3-22.oe1
[ 1908s] [423/541] installing jansi-native-1.7-7.oe1
[ 1910s] [424/541] installing jcsp-1.1-0.13.oe1
[ 1919s] [425/541] installing kxml-2.3.0-19.oe1
[ 1920s] [426/541] installing maven-artifact-2.2.1-60.oe1
[ 1921s] [427/541] installing maven-model-2.2.1-60.oe1
[ 1922s] [428/541] installing maven-resolver-spi-1:1.1.1-3.oe1
[ 1923s] [429/541] installing maven-resolver-util-1:1.1.1-3.oe1
[ 1925s] [430/541] installing maven-wagon-provider-api-3.1.0-2.oe1
[ 1926s] [431/541] installing plexus-build-api-0.0.7-23.oe1
[ 1928s] [432/541] installing plexus-component-api-1.0-0.25.alpha16.oe1
[ 1929s] [433/541] installing xstream-1.4.9-8.fc29
[ 1932s] [434/541] installing log4j12-1.2.17-23.fc29
[ 1935s] [435/541] installing maven-invoker-2.2-9.oe1
[ 1937s] [436/541] installing netty3-3.10.6-5.fc29
[ 1939s] [437/541] installing objectweb-asm-7.0-1.oe1
[ 1940s] [438/541] installing plexus-sec-dispatcher-1.4-26.oe1
[ 1942s] [439/541] installing velocity-1.7-26.oe1
[ 1944s] [440/541] installing xml-commons-resolver-1.2-27.oe1
[ 1945s] [441/541] installing xmvn-connector-aether-3.0.0-25.oe1
[ 1946s] [442/541] installing cdi-api-1.2-9.oe1
[ 1947s] [443/541] installing google-guice-4.1-13.oe1
[ 1949s] [444/541] installing jffi-native-1.2.13-1.oe1
[ 1950s] [445/541] installing xmvn-resolve-3.0.0-25.oe1
[ 1951s] [446/541] installing xmvn-subst-3.0.0-25.oe1
[ 1952s] [447/541] installing java-1.8.0-openjdk-devel-1:1.8.0.181.b15-1.1.riscv64.fc29
[ 1968s] [448/541] installing bsf-2.4.0-32.oe1
[ 1970s] [449/541] installing cglib-3.2.4-8.fc29
[ 1971s] [450/541] installing fontbox-2.0.9-2.fc29
[ 1975s] [451/541] installing apache-commons-configuration-1.10-13.oe1
[ 1977s] [452/541] installing jakarta-commons-httpclient-1:3.1-30.oe1
[ 1985s] [453/541] installing jansi-1.17.1-2.oe1
[ 1986s] [454/541] installing maven-dependency-tree-3.0-7.oe1
[ 1987s] [455/541] installing plexus-interactivity-api-1.0-0.27.alpha6.fc29
[ 1988s] [456/541] installing plexus-languages-0.9.10-4.oe1
[ 1990s] [457/541] installing felix-bundlerepository-2.0.10-6.oe1
[ 1991s] [458/541] installing maven-resolver-impl-1:1.1.1-3.oe1
[ 1992s] [459/541] installing xmvn-mojo-3.0.0-25.oe1
[ 1994s] [460/541] installing aqute-bndlib-3.5.0-4.fc29
[ 1996s] [461/541] installing httpcomponents-client-4.5.5-6.oe1
[ 1998s] [462/541] installing jnr-ffi-2.1.8-1.oe1
[ 1999s] [463/541] installing sisu-inject-1:0.3.3-5.oe1
[ 2005s] [464/541] installing xerces-j2-2.11.0-37.oe1
[ 2007s] [465/541] installing xmvn-install-3.0.0-25.oe1
[ 2008s] [466/541] installing jline-2.14.6-4.oe1
[ 2013s] [467/541] installing easymock-3.5-4.fc29
[ 2014s] [468/541] installing xalan-j2-2.7.1-38.fc29
[ 2017s] [469/541] installing javapackages-local-5.3.0-3.oe1
[ 2019s] [470/541] installing groovy-lib-2.4.8-7.fc29
[ 2028s] [471/541] installing hamcrest-1.3-25.oe1
[ 2029s] [472/541] installing bsh-2.0-15.b6.oe1
[ 2031s] [473/541] installing gpars-1.2.1-12.fc29
[ 2032s] [474/541] installing scala-2.10.6-14.fc29
[ 2051s] [475/541] installing xbean-4.9-3.oe1
[ 2059s] [476/541] installing junit-1:4.12-14.oe1
[ 2060s] [477/541] installing parboiled-1.1.6-17.oe1
[ 2062s] [478/541] installing plexus-containers-container-default-1.7.1-7.oe1
[ 2063s] [479/541] installing apache-commons-io-1:2.6-7.oe1
[ 2065s] [480/541] installing maven-doxia-logging-api-1.7-12.oe1
[ 2066s] [481/541] installing pegdown-1.4.2-14.oe1
[ 2069s] [482/541] installing maven-plugin-registry-2.2.1-60.oe1
[ 2070s] [483/541] installing plexus-i18n-1.0-0.12.b10.6.oe1
[ 2071s] [484/541] installing plexus-resources-1.0-0.25.a7.oe1
[ 2072s] [485/541] installing plexus-cli-1.6-9.oe1
[ 2074s] [486/541] installing plexus-velocity-1.2-6.oe1
[ 2075s] [487/541] installing xmlunit-1.6-10.oe1
[ 2077s] [488/541] installing maven-profile-2.2.1-60.oe1
[ 2079s] [489/541] installing maven-settings-2.2.1-60.oe1
[ 2080s] [490/541] installing maven-doxia-sink-api-1.7-12.oe1
[ 2082s] [491/541] installing maven-shared-utils-3.2.1-2.oe1
[ 2084s] [492/541] installing plexus-io-3.0.0-4.oe1
[ 2086s] [493/541] installing xmlgraphics-commons-2.2-3.oe1
[ 2093s] [494/541] installing maven-reporting-api-3.0-17.oe1
[ 2095s] [495/541] installing maven-verifier-1.6-8.oe1
[ 2097s] [496/541] installing batik-1.10-2.fc29
[ 2103s] [497/541] installing plexus-archiver-3.6.0-3.oe1
[ 2107s] [498/541] installing maven-doxia-core-1.7-12.oe1
[ 2109s] [499/541] installing maven-lib-1:3.5.4-8.oe1
[ 2112s] [500/541] installing maven-artifact-resolver-1:1.0-21.oe1
[ 2113s] [501/541] installing batik-css-1.10-2.fc29
[ 2115s] [502/541] installing maven-common-artifact-filters-3.0.1-7.oe1
[ 2117s] [503/541] installing maven-enforcer-api-1.4.1-11.oe1
[ 2118s] [504/541] installing maven-plugin-testing-harness-3.3.0-14.oe1
[ 2120s] [505/541] installing maven-shared-incremental-1.1-16.oe1
[ 2121s] [506/541] installing maven-doxia-module-apt-1.7-12.oe1
[ 2122s] [507/541] installing maven-doxia-module-fml-1.7-12.oe1
[ 2123s] [508/541] installing maven-doxia-module-xdoc-1.7-12.oe1
[ 2124s] [509/541] installing maven-doxia-module-xhtml-1.7-12.oe1
[ 2125s] [510/541] installing maven-artifact-manager-2.2.1-60.oe1
[ 2127s] [511/541] installing maven-filtering-3.1.1-7.oe1
[ 2129s] [512/541] installing maven-archiver-3.2.0-5.oe1
[ 2132s] [513/541] installing fop-2.2-2.fc29
[ 2136s] [514/541] installing xmvn-minimal-3.0.0-25.oe1
[ 2138s] [515/541] installing maven-jar-plugin-3.1.0-3.oe1
[ 2139s] [516/541] installing maven-source-plugin-3.0.1-6.oe1
[ 2140s] [517/541] installing maven-resources-plugin-3.1.0-4.oe1
[ 2141s] [518/541] installing maven-doxia-module-markdown-1.7-12.oe1
[ 2142s] [519/541] installing maven-artifact-transfer-1:0.9.0-7.oe1
[ 2144s] [520/541] installing maven-doxia-module-fo-1.7-12.oe1
[ 2145s] [521/541] installing maven-project-2.2.1-60.oe1
[ 2146s] [522/541] installing maven-enforcer-rules-1.4.1-11.oe1
[ 2147s] [523/541] installing plexus-containers-component-metadata-1.7.1-7.oe1
[ 2148s] [524/541] installing maven-remote-resources-plugin-1.5-4.oe1
[ 2150s] [525/541] installing maven-doxia-sitetools-1.7.5-5.oe1
[ 2153s] [526/541] installing maven-enforcer-plugin-1.4.1-11.oe1
[ 2154s] [527/541] installing maven-reporting-impl-3.0.0-5.oe1
[ 2157s] [528/541] installing maven-javadoc-plugin-3.0.1-3.oe1
[ 2159s] [529/541] installing plexus-pom-5.0-4.oe1
[ 2161s] [530/541] installing apache-parent-19-5.oe1
[ 2162s] [531/541] installing maven-plugin-bundle-3.5.0-5.oe1
[ 2164s] [532/541] installing maven-parent-27-7.oe1
[ 2165s] [533/541] installing plexus-components-pom-1.3.1-14.oe1
[ 2166s] [534/541] installing plexus-compiler-2.8.2-4.oe1
[ 2169s] [535/541] installing maven-plugin-tools-3.5.1-7.oe1
[ 2173s] [536/541] installing maven-compiler-plugin-3.8.0-2.oe1
[ 2175s] [537/541] installing maven-surefire-2.22.0-6.oe1
[ 2176s] [538/541] installing maven-surefire-plugin-2.22.0-6.oe1
[ 2177s] [539/541] installing maven-surefire-provider-junit-2.22.0-6.oe1
[ 2179s] [540/541] installing maven-surefire-provider-testng-2.22.0-6.oe1
[ 2180s] [541/541] installing maven-local-5.3.0-3.oe1
[ 2181s] removing nis flags from /var/cache/obs/worker/root_3/etc/nsswitch.conf...
[ 2181s] now finalizing build dir...
[ 2192s] Running build time source services...
[ 2208s] -----------------------------------------------------------------
[ 2208s] ----- building jnr-enxio.spec (user abuild)
[ 2208s] -----------------------------------------------------------------
[ 2208s] -----------------------------------------------------------------
[ 2215s] + exec rpmbuild -ba --define '_srcdefattr (-,root,root)' --nosignature --define 'disturl obs://private/openEuler:Mainline:RISC-V/advanced_riscv64/7ce1825288d09174d18067f90ee2274c-jnr-enxio' /home/abuild/rpmbuild/SOURCES/jnr-enxio.spec
[ 2215s] Executing(%prep): /bin/sh -e /var/tmp/rpm-tmp.rbDajL
[ 2215s] + umask 022
[ 2215s] + cd /home/abuild/rpmbuild/BUILD
[ 2215s] + cd /home/abuild/rpmbuild/BUILD
[ 2215s] + rm -rf jnr-enxio-jnr-enxio-0.19
[ 2215s] + /usr/bin/gzip -dc /home/abuild/rpmbuild/SOURCES/jnr-enxio-0.19.tar.gz
[ 2215s] + /usr/bin/tar -xof -
[ 2216s] + STATUS=0
[ 2216s] + '[' 0 -ne 0 ']'
[ 2216s] + cd jnr-enxio-jnr-enxio-0.19
[ 2216s] + /usr/bin/chmod -Rf a+rX,u+w,g-w,o-w .
[ 2216s] + echo 'Patch #0 (0001-Add-enxio-classes-from-jnr-unixsocket.patch):'
[ 2216s] Patch #0 (0001-Add-enxio-classes-from-jnr-unixsocket.patch):
[ 2216s] + /usr/bin/patch --no-backup-if-mismatch -p1 --fuzz=0
[ 2216s] patching file src/main/java/jnr/enxio/channels/AbstractNativeDatagramChannel.java
[ 2216s] patching file src/main/java/jnr/enxio/channels/AbstractNativeSocketChannel.java
[ 2216s] patching file src/main/java/jnr/enxio/channels/Common.java
[ 2216s] patching file src/main/java/jnr/enxio/channels/NativeSocketChannel.java
[ 2216s] + find ./ -name '*.jar' -delete
[ 2216s] + find ./ -name '*.class' -delete
[ 2216s] + /usr/bin/python3 /usr/share/java-utils/pom_editor.py pom_remove_plugin :maven-javadoc-plugin
[ 2218s] + RPM_EC=0
[ 2218s] ++ jobs -p
[ 2218s] + exit 0
[ 2218s] Executing(%build): /bin/sh -e /var/tmp/rpm-tmp.9bMc0W
[ 2219s] + umask 022
[ 2219s] + cd /home/abuild/rpmbuild/BUILD
[ 2219s] + cd jnr-enxio-jnr-enxio-0.19
[ 2219s] + /usr/bin/python3 /usr/share/java-utils/mvn_build.py
[ 2221s] Executing: xmvn --batch-mode --offline verify org.fedoraproject.xmvn:xmvn-mojo:install org.apache.maven.plugins:maven-javadoc-plugin:aggregate org.fedoraproject.xmvn:xmvn-mojo:builddep
[ 2221s] ['xmvn', '--batch-mode', '--offline', 'verify', 'org.fedoraproject.xmvn:xmvn-mojo:install', 'org.apache.maven.plugins:maven-javadoc-plugin:aggregate', 'org.fedoraproject.xmvn:xmvn-mojo:builddep']
[ 2284s] [INFO] Scanning for projects...
[ 2318s] [INFO] 
[ 2318s] [INFO] ----------------------< com.github.jnr:jnr-enxio >----------------------
[ 2318s] [INFO] Building jnr-enxio 0.19
[ 2318s] [INFO] --------------------------------[ jar ]---------------------------------
[ 2332s] [INFO] 
[ 2332s] [INFO] --- maven-resources-plugin:3.1.0:resources (default-resources) @ jnr-enxio ---
[ 2347s] [INFO] Using 'UTF-8' encoding to copy filtered resources.
[ 2347s] [INFO] skip non existing resourceDirectory /home/abuild/rpmbuild/BUILD/jnr-enxio-jnr-enxio-0.19/src/main/resources
[ 2348s] [INFO] 
[ 2348s] [INFO] --- maven-compiler-plugin:3.8.0:compile (default-compile) @ jnr-enxio ---
[ 2357s] [INFO] Changes detected - recompiling the module!
[ 2357s] [INFO] Compiling 15 source files to /home/abuild/rpmbuild/BUILD/jnr-enxio-jnr-enxio-0.19/target/classes
[ 2407s] [INFO] 
[ 2407s] [INFO] --- maven-bundle-plugin:3.5.0:manifest (bundle-manifest) @ jnr-enxio ---
[ 2469s] [INFO] 
[ 2469s] [INFO] --- maven-resources-plugin:3.1.0:testResources (default-testResources) @ jnr-enxio ---
[ 2469s] [INFO] Using 'UTF-8' encoding to copy filtered resources.
[ 2469s] [INFO] skip non existing resourceDirectory /home/abuild/rpmbuild/BUILD/jnr-enxio-jnr-enxio-0.19/src/test/resources
[ 2469s] [INFO] 
[ 2469s] [INFO] --- maven-compiler-plugin:3.8.0:testCompile (default-testCompile) @ jnr-enxio ---
[ 2470s] [INFO] Changes detected - recompiling the module!
[ 2470s] [INFO] Compiling 2 source files to /home/abuild/rpmbuild/BUILD/jnr-enxio-jnr-enxio-0.19/target/test-classes
[ 2482s] [INFO] /home/abuild/rpmbuild/BUILD/jnr-enxio-jnr-enxio-0.19/src/test/java/jnr/enxio/example/TCPServer.java: /home/abuild/rpmbuild/BUILD/jnr-enxio-jnr-enxio-0.19/src/test/java/jnr/enxio/example/TCPServer.java uses or overrides a deprecated API.
[ 2482s] [INFO] /home/abuild/rpmbuild/BUILD/jnr-enxio-jnr-enxio-0.19/src/test/java/jnr/enxio/example/TCPServer.java: Recompile with -Xlint:deprecation for details.
[ 2482s] [INFO] 
[ 2482s] [INFO] --- maven-surefire-plugin:2.22.0:test (default-test) @ jnr-enxio ---
[ 2502s] [INFO] 
[ 2502s] [INFO] -------------------------------------------------------
[ 2502s] [INFO]  T E S T S
[ 2502s] [INFO] -------------------------------------------------------
[ 2509s] [INFO] Running jnr.enxio.channels.NativeTest
[ 2512s] [ERROR] Tests run: 1, Failures: 0, Errors: 1, Skipped: 0, Time elapsed: 2.512 s <<< FAILURE! - in jnr.enxio.channels.NativeTest
[ 2512s] [ERROR] closeThrowsOnNativeError(jnr.enxio.channels.NativeTest)  Time elapsed: 1.931 s  <<< ERROR!
[ 2512s] java.lang.UnsatisfiedLinkError: could not load FFI provider jnr.ffi.provider.jffi.Provider
[ 2512s] 	at jnr.enxio.channels.NativeTest.closeThrowsOnNativeError(NativeTest.java:22)
[ 2512s] Caused by: java.lang.ExceptionInInitializerError
[ 2512s] 	at jnr.enxio.channels.NativeTest.closeThrowsOnNativeError(NativeTest.java:22)
[ 2512s] Caused by: java.lang.IllegalStateException: Can't overwrite cause with java.lang.UnsatisfiedLinkError
[ 2513s] 	at jnr.enxio.channels.NativeTest.closeThrowsOnNativeError(NativeTest.java:22)
[ 2513s] Caused by: java.lang.UnsatisfiedLinkError
[ 2513s] 	at jnr.enxio.channels.NativeTest.closeThrowsOnNativeError(NativeTest.java:22)
[ 2513s] Caused by: java.lang.UnsatisfiedLinkError
[ 2513s] 	at jnr.enxio.channels.NativeTest.closeThrowsOnNativeError(NativeTest.java:22)
[ 2513s] Caused by: java.lang.RuntimeException: cannot determine CPU
[ 2513s] 	at jnr.enxio.channels.NativeTest.closeThrowsOnNativeError(NativeTest.java:22)
[ 2513s] 
[ 2522s] [INFO] 
[ 2522s] [INFO] Results:
[ 2522s] [INFO] 
[ 2522s] [ERROR] Errors: 
[ 2522s] [ERROR]   NativeTest.closeThrowsOnNativeError:22  UnsatisfiedLink could not load FFI pr...
[ 2522s] [INFO] 
[ 2522s] [ERROR] Tests run: 1, Failures: 0, Errors: 1, Skipped: 0
[ 2522s] [INFO] 
[ 2523s] [INFO] 
[ 2523s] [INFO] ------------------------------------------------------------------------
[ 2523s] [INFO] Skipping jnr-enxio
[ 2523s] [INFO] This project has been banned from the build due to previous failures.
[ 2523s] [INFO] ------------------------------------------------------------------------
[ 2523s] [INFO] ------------------------------------------------------------------------
[ 2523s] [INFO] BUILD FAILURE
[ 2523s] [INFO] ------------------------------------------------------------------------
[ 2523s] [INFO] Total time: 04:00 min
[ 2523s] [INFO] Finished at: 2022-04-15T19:10:06Z
[ 2523s] [INFO] ------------------------------------------------------------------------
[ 2524s] [ERROR] Failed to execute goal org.apache.maven.plugins:maven-surefire-plugin:2.22.0:test (default-test) on project jnr-enxio: There are test failures.
[ 2524s] [ERROR] 
[ 2524s] [ERROR] Please refer to /home/abuild/rpmbuild/BUILD/jnr-enxio-jnr-enxio-0.19/target/surefire-reports for the individual test results.
[ 2524s] [ERROR] Please refer to dump files (if any exist) [date]-jvmRun[N].dump, [date].dumpstream and [date]-jvmRun[N].dumpstream.
[ 2524s] [ERROR] -> [Help 1]
[ 2524s] [ERROR] 
[ 2524s] [ERROR] To see the full stack trace of the errors, re-run Maven with the -e switch.
[ 2524s] [ERROR] Re-run Maven using the -X switch to enable full debug logging.
[ 2524s] [ERROR] 
[ 2524s] [ERROR] For more information about the errors and possible solutions, please read the following articles:
[ 2524s] [ERROR] [Help 1] http://cwiki.apache.org/confluence/display/MAVEN/MojoFailureException
[ 2526s] error: Bad exit status from /var/tmp/rpm-tmp.9bMc0W (%build)
[ 2526s] 
[ 2526s] 
[ 2526s] RPM build errors:
[ 2526s]     Bad exit status from /var/tmp/rpm-tmp.9bMc0W (%build)
[ 2526s] 
[ 2526s] oe-RISCV-worker27 failed "build jnr-enxio.spec" at Fri Apr 15 19:10:09 UTC 2022.
[ 2526s] 
