[    1s] Memory limit set to 5447466KB
[    1s] Using BUILD_ROOT=/var/cache/obs/worker/root_2
[    1s] Using BUILD_ARCH=riscv64
[    1s] 
[    4s] 
[    4s] oe-RISCV-worker7 started "build _service:extract_file:libevent.spec" at Thu Apr 14 12:14:01 UTC 2022.
[    4s] 
[    4s] Building libevent for project 'openEuler:Mainline:RISC-V' repository 'advanced_riscv64' arch 'riscv64' srcmd5 '0af53d877d93f77e48ba6ac2042bbf53'
[    4s] 
[    4s] processing recipe /var/cache/obs/worker/root_2/.build-srcdir/_service:extract_file:libevent.spec ...
[    7s] running changelog2spec --target rpm --file /var/cache/obs/worker/root_2/.build-srcdir/_service:extract_file:libevent.spec
[    8s] init_buildsystem --configdir /var/run/obs/worker/2/build/configs --cachedir /var/cache/build --clean --rpmlist /var/cache/obs/worker/root_2/.build.rpmlist /var/cache/obs/worker/root_2/.build-srcdir/_service:extract_file:libevent.spec build ...
[   74s] cycle: coreutils -> bash
[   74s]   breaking dependency coreutils -> bash
[   74s] cycle: coreutils -> info
[   74s]   breaking dependency coreutils -> info
[   74s] cycle: glibc -> filesystem -> coreutils
[   74s]   breaking dependency coreutils -> glibc
[   74s] cycle: glibc -> filesystem -> coreutils -> libacl
[   74s]   breaking dependency coreutils -> libacl
[   74s] cycle: glibc -> filesystem -> coreutils -> attr
[   74s]   breaking dependency coreutils -> attr
[   74s] cycle: coreutils -> libcap
[   74s]   breaking dependency coreutils -> libcap
[   74s] cycle: glibc -> filesystem -> coreutils -> openssl-libs
[   74s]   breaking dependency coreutils -> openssl-libs
[   74s] cycle: glibc -> filesystem -> coreutils -> libselinux
[   74s]   breaking dependency libselinux -> glibc
[   74s] cycle: glibc -> filesystem -> coreutils -> libselinux -> pcre2
[   74s]   breaking dependency pcre2 -> glibc
[   74s] cycle: glibc -> filesystem -> coreutils -> libselinux -> pcre2 -> readline
[   74s]   breaking dependency readline -> glibc
[   74s] cycle: glibc -> filesystem -> coreutils -> libselinux -> pcre2 -> readline -> ncurses-libs
[   74s]   breaking dependency filesystem -> coreutils
[   74s] cycle: glibc -> filesystem -> bash -> coreutils -> libselinux -> pcre2 -> readline -> ncurses-libs
[   74s]   breaking dependency filesystem -> bash
[   74s] cycle: perl-Carp -> perl-libs
[   74s]   breaking dependency perl-libs -> perl-Carp
[   74s] cycle: perl-libs -> perl-Exporter
[   74s]   breaking dependency perl-libs -> perl-Exporter
[   74s] cycle: perl-Carp -> perl-Exporter
[   74s]   breaking dependency perl-Exporter -> perl-Carp
[   74s] cycle: nss-util -> nss
[   74s]   breaking dependency nss -> nss-util
[   74s] cycle: nss-softokn -> nss-util -> nss
[   74s]   breaking dependency nss -> nss-softokn
[   74s] cycle: systemd -> cryptsetup -> device-mapper
[   74s]   breaking dependency systemd -> cryptsetup
[   74s] cycle: audit -> systemd -> pam
[   74s]   breaking dependency systemd -> pam
[   74s] [1/84] preinstalling dbus...
[   76s] [2/84] preinstalling libffi-devel...
[   76s] [3/84] preinstalling nodejs-source-map...
[   77s] [4/84] preinstalling python3-pip...
[   80s] [5/84] preinstalling python3-setuptools_scm...
[   81s] [6/84] preinstalling filesystem...
[   83s] [7/84] preinstalling glibc...
[   86s] [8/84] preinstalling libgcc...
[   87s] [9/84] preinstalling diffutils...
[   88s] [10/84] preinstalling libcap-ng...
[   89s] [11/84] preinstalling libgpg-error...
[   90s] [12/84] preinstalling libpcap...
[   91s] [13/84] preinstalling libsmartcols...
[   92s] [14/84] preinstalling libuuid...
[   93s] [15/84] preinstalling libxcrypt...
[   94s] [16/84] preinstalling lz4...
[   95s] [17/84] preinstalling m4...
[   95s] [18/84] preinstalling ncurses-libs...
[   96s] [19/84] preinstalling nspr...
[   97s] [20/84] preinstalling xz-libs...
[   98s] [21/84] preinstalling zlib...
[   99s] [22/84] preinstalling attr...
[  100s] [23/84] preinstalling libdb...
[  103s] [24/84] preinstalling zstd...
[  106s] [25/84] preinstalling audit-libs...
[  106s] [26/84] preinstalling file...
[  107s] [27/84] preinstalling iptables-libs...
[  108s] [28/84] preinstalling libacl...
[  109s] [29/84] preinstalling libgcrypt...
[  110s] [30/84] preinstalling openssl-libs...
[  111s] [31/84] preinstalling readline...
[  112s] [32/84] preinstalling ncurses...
[  119s] [33/84] preinstalling cmake...
[  134s] [34/84] preinstalling perl-libs...
[  138s] [35/84] preinstalling pcre2...
[  139s] [36/84] preinstalling perl-Exporter...
[  140s] [37/84] preinstalling pcre...
[  141s] [38/84] preinstalling acl...
[  143s] [39/84] preinstalling sqlite...
[  145s] [40/84] preinstalling libselinux...
[  147s] [41/84] preinstalling perl-Carp...
[  148s] [42/84] preinstalling perl-Digest-MD5...
[  149s] [43/84] preinstalling sed...
[  150s] [44/84] preinstalling coreutils...
[  155s] [45/84] preinstalling bash...
[  157s] [46/84] preinstalling openssl...
[  159s] [47/84] preinstalling dnf...
[  161s] [48/84] preinstalling bzip2...
[  162s] [49/84] preinstalling elfutils...
[  163s] [50/84] preinstalling hostname...
[  164s] [51/84] preinstalling libcap...
[  165s] [52/84] preinstalling popt...
[  166s] [53/84] preinstalling grep...
[  167s] [54/84] preinstalling libblkid...
[  167s] [55/84] preinstalling perl-constant...
[  169s] [56/84] preinstalling tar...
[  171s] [57/84] preinstalling info...
[  173s] [58/84] preinstalling libgcrypt-devel...
[  174s] [59/84] preinstalling lua...
[  175s] [60/84] preinstalling nss...
[  177s] [61/84] preinstalling chkconfig...
[  179s] [62/84] preinstalling copy-jdk-configs...
[  180s] [63/84] preinstalling libfdisk...
[  181s] [64/84] preinstalling libmount...
[  182s] [65/84] preinstalling libsemanage...
[  184s] [66/84] preinstalling nss-util...
[  185s] [67/84] preinstalling findutils...
[  188s] [68/84] preinstalling perl-Getopt-Long...
[  189s] [69/84] preinstalling xz...
[  190s] [70/84] preinstalling perl-Data-Dumper...
[  191s] [71/84] preinstalling systemd-libs...
[  193s] [72/84] preinstalling rpm-libs...
[  194s] [73/84] preinstalling dbus-libs...
[  196s] [74/84] preinstalling nss-softokn...
[  198s] [75/84] preinstalling glib2...
[  202s] [76/84] preinstalling systemd...
[  208s] [77/84] preinstalling audit...
[  209s] [78/84] preinstalling rpm...
[  211s] [79/84] preinstalling openEuler-rpm-config...
[  211s] [80/84] preinstalling pam...
[  213s] [81/84] preinstalling util-linux...
[  216s] [82/84] preinstalling device-mapper...
[  217s] [83/84] preinstalling cryptsetup...
[  218s] [84/84] preinstalling lvm2...
[  221s] 
[  222s] initializing rpm db...
[  232s] reordering...cycle: coreutils -> bash
[  232s]   breaking dependency coreutils -> bash
[  232s] cycle: coreutils -> info
[  232s]   breaking dependency coreutils -> info
[  232s] cycle: glibc -> basesystem -> filesystem -> coreutils -> gmp
[  232s]   breaking dependency coreutils -> gmp
[  232s] cycle: glibc -> basesystem -> filesystem -> coreutils
[  232s]   breaking dependency coreutils -> glibc
[  232s] cycle: glibc -> basesystem -> filesystem -> coreutils -> libacl
[  232s]   breaking dependency coreutils -> libacl
[  232s] cycle: glibc -> basesystem -> filesystem -> coreutils -> attr
[  232s]   breaking dependency coreutils -> attr
[  232s] cycle: coreutils -> libcap
[  232s]   breaking dependency coreutils -> libcap
[  232s] cycle: glibc -> basesystem -> filesystem -> coreutils -> openssl-libs
[  232s]   breaking dependency openssl-libs -> glibc
[  232s] cycle: coreutils -> openssl-libs -> ca-certificates
[  232s]   breaking dependency ca-certificates -> coreutils
[  232s] cycle: coreutils -> openssl-libs -> ca-certificates -> bash
[  232s]   breaking dependency ca-certificates -> bash
[  232s] cycle: coreutils -> openssl-libs -> ca-certificates -> grep
[  232s]   breaking dependency grep -> coreutils
[  232s] cycle: coreutils -> openssl-libs -> ca-certificates -> grep -> bash
[  232s]   breaking dependency ca-certificates -> grep
[  232s] cycle: glibc -> basesystem -> filesystem -> coreutils -> openssl-libs -> ca-certificates -> p11-kit
[  232s]   breaking dependency p11-kit -> glibc
[  232s] cycle: glibc -> basesystem -> filesystem -> coreutils -> openssl-libs -> ca-certificates -> p11-kit -> libffi
[  232s]   breaking dependency openssl-libs -> ca-certificates
[  232s] cycle: coreutils -> openssl-libs -> crypto-policies -> bash
[  232s]   breaking dependency crypto-policies -> bash
[  232s] cycle: coreutils -> openssl-libs -> crypto-policies
[  232s]   breaking dependency crypto-policies -> coreutils
[  232s] cycle: coreutils -> openssl-libs -> crypto-policies -> grep -> bash
[  232s]   breaking dependency bash -> coreutils
[  232s] cycle: filesystem -> coreutils -> openssl-libs -> crypto-policies -> grep -> bash
[  232s]   breaking dependency grep -> bash
[  232s] cycle: glibc -> basesystem -> filesystem -> coreutils -> openssl-libs -> crypto-policies -> grep
[  232s]   breaking dependency glibc -> basesystem
[  232s] cycle: glibc -> glibc-common -> bash -> filesystem -> coreutils -> openssl-libs -> crypto-policies -> grep
[  232s]   breaking dependency glibc-common -> bash
[  232s] cycle: glibc -> glibc-common -> coreutils -> openssl-libs -> crypto-policies -> grep
[  232s]   breaking dependency glibc-common -> coreutils
[  232s] cycle: glibc -> glibc-common
[  232s]   breaking dependency glibc-common -> glibc
[  232s] cycle: glibc -> glibc-common -> libselinux
[  232s]   breaking dependency libselinux -> glibc
[  232s] cycle: glibc -> glibc-common -> libselinux -> pcre2
[  232s]   breaking dependency pcre2 -> glibc
[  232s] cycle: glibc -> glibc-common -> libselinux -> pcre2 -> readline
[  232s]   breaking dependency readline -> glibc
[  232s] cycle: glibc -> glibc-common -> libselinux -> pcre2 -> readline -> ncurses-libs
[  232s]   breaking dependency libselinux -> pcre2
[  232s] cycle: glibc -> glibc-common -> libselinux -> libsepol -> coreutils -> openssl-libs -> crypto-policies -> grep
[  232s]   breaking dependency libsepol -> coreutils
[  232s] cycle: glibc -> glibc-common -> libselinux -> libsepol -> bash -> filesystem -> coreutils -> openssl-libs -> crypto-policies -> grep
[  232s]   breaking dependency filesystem -> coreutils
[  232s] cycle: bash -> filesystem
[  232s]   breaking dependency filesystem -> bash
[  232s] cycle: filesystem -> setup
[  232s]   breaking dependency filesystem -> setup
[  232s] cycle: glibc -> glibc-common -> libselinux -> libsepol -> bash
[  232s]   breaking dependency bash -> glibc
[  232s] cycle: glibc -> glibc-common -> libselinux -> libsepol -> bash -> ncurses-libs
[  232s]   breaking dependency libsepol -> bash
[  232s] cycle: glibc -> glibc-common -> libselinux -> libsepol
[  232s]   breaking dependency glibc -> glibc-common
[  232s] cycle: systemd -> cryptsetup -> device-mapper
[  232s]   breaking dependency systemd -> cryptsetup
[  232s] cycle: perl-libs -> perl-Carp
[  232s]   breaking dependency perl-libs -> perl-Carp
[  232s] cycle: perl-libs -> perl-Exporter
[  232s]   breaking dependency perl-libs -> perl-Exporter
[  232s] cycle: perl-Carp -> perl-Exporter
[  232s]   breaking dependency perl-Exporter -> perl-Carp
[  232s] cycle: perl -> perl-PathTools
[  232s]   breaking dependency perl -> perl-PathTools
[  232s] cycle: perl -> perl-ExtUtils-MakeMaker
[  232s]   breaking dependency perl -> perl-ExtUtils-MakeMaker
[  232s] cycle: perl -> perl-File-Path -> perl-PathTools
[  232s]   breaking dependency perl -> perl-File-Path
[  232s] cycle: perl -> perl-Getopt-Long -> perl-Pod-Usage
[  232s]   breaking dependency perl -> perl-Getopt-Long
[  232s] cycle: perl -> perl-Locale-Maketext
[  232s]   breaking dependency perl -> perl-Locale-Maketext
[  232s] cycle: perl -> perl-Pod-Simple
[  232s]   breaking dependency perl -> perl-Pod-Simple
[  232s] cycle: perl -> perl-Socket
[  232s]   breaking dependency perl -> perl-Socket
[  232s] cycle: perl -> perl-Storable
[  232s]   breaking dependency perl -> perl-Storable
[  232s] cycle: perl -> perl-Text-Tabs+Wrap
[  232s]   breaking dependency perl -> perl-Text-Tabs+Wrap
[  232s] cycle: perl -> perl-Time-Local -> perl-constant
[  232s]   breaking dependency perl -> perl-Time-Local
[  232s] cycle: perl -> perl-constant
[  232s]   breaking dependency perl -> perl-constant
[  232s] cycle: perl -> perl-threads
[  232s]   breaking dependency perl -> perl-threads
[  232s] cycle: perl -> perl-threads-shared
[  232s]   breaking dependency perl -> perl-threads-shared
[  232s] cycle: perl -> perl-Archive-Tar
[  232s]   breaking dependency perl -> perl-Archive-Tar
[  232s] cycle: perl -> perl-B-Debug
[  232s]   breaking dependency perl -> perl-B-Debug
[  232s] cycle: perl -> perl-CPAN-Meta -> perl-CPAN-Meta-Requirements
[  232s]   breaking dependency perl -> perl-CPAN-Meta
[  232s] cycle: perl -> perl-CPAN-Meta-Requirements
[  232s]   breaking dependency perl -> perl-CPAN-Meta-Requirements
[  232s] cycle: perl -> perl-CPAN-Meta-YAML
[  232s]   breaking dependency perl -> perl-CPAN-Meta-YAML
[  232s] cycle: perl -> perl-Compress-Raw-Bzip2
[  232s]   breaking dependency perl -> perl-Compress-Raw-Bzip2
[  232s] cycle: perl -> perl-Compress-Raw-Zlib
[  232s]   breaking dependency perl -> perl-Compress-Raw-Zlib
[  232s] cycle: perl -> perl-Config-Perl-V
[  232s]   breaking dependency perl -> perl-Config-Perl-V
[  232s] cycle: perl -> perl-DB_File
[  232s]   breaking dependency perl -> perl-DB_File
[  232s] cycle: perl -> perl-Data-Dumper
[  232s]   breaking dependency perl -> perl-Data-Dumper
[  232s] cycle: perl -> perl-Devel-PPPort
[  232s]   breaking dependency perl -> perl-Devel-PPPort
[  232s] cycle: perl -> perl-Digest -> perl-MIME-Base64
[  232s]   breaking dependency perl -> perl-Digest
[  232s] cycle: perl -> perl-Digest-MD5 -> perl-Digest -> perl-MIME-Base64
[  232s]   breaking dependency perl -> perl-Digest-MD5
[  232s] cycle: perl -> perl-Digest-SHA
[  232s]   breaking dependency perl -> perl-Digest-SHA
[  232s] cycle: perl -> perl-Encode
[  232s]   breaking dependency perl -> perl-Encode
[  232s] cycle: perl -> perl-Env
[  232s]   breaking dependency perl -> perl-Env
[  232s] cycle: perl -> perl-ExtUtils-Command
[  232s]   breaking dependency perl -> perl-ExtUtils-Command
[  232s] cycle: perl -> perl-ExtUtils-Install
[  232s]   breaking dependency perl -> perl-ExtUtils-Install
[  232s] cycle: perl -> perl-ExtUtils-Manifest
[  232s]   breaking dependency perl -> perl-ExtUtils-Manifest
[  232s] cycle: perl -> perl-ExtUtils-ParseXS
[  232s]   breaking dependency perl -> perl-ExtUtils-ParseXS
[  232s] cycle: perl -> perl-File-Fetch -> perl-PathTools
[  232s]   breaking dependency perl -> perl-File-Fetch
[  232s] cycle: perl -> perl-File-Temp -> perl-PathTools
[  232s]   breaking dependency perl -> perl-File-Temp
[  232s] cycle: perl -> perl-Filter
[  232s]   breaking dependency perl -> perl-Filter
[  232s] cycle: perl -> perl-Filter-Simple -> perl-Filter
[  232s]   breaking dependency perl -> perl-Filter-Simple
[  232s] cycle: perl -> perl-HTTP-Tiny
[  232s]   breaking dependency perl -> perl-HTTP-Tiny
[  232s] cycle: perl -> perl-IO-Compress
[  232s]   breaking dependency perl -> perl-IO-Compress
[  232s] cycle: perl -> perl-IO-Socket-IP
[  232s]   breaking dependency perl -> perl-IO-Socket-IP
[  232s] cycle: perl -> perl-IPC-Cmd -> perl-ExtUtils-MakeMaker
[  232s]   breaking dependency perl -> perl-IPC-Cmd
[  232s] cycle: perl -> perl-IPC-SysV
[  232s]   breaking dependency perl -> perl-IPC-SysV
[  232s] cycle: perl -> perl-JSON-PP
[  232s]   breaking dependency perl -> perl-JSON-PP
[  232s] cycle: perl -> perl-Locale-Codes -> perl-constant
[  232s]   breaking dependency perl -> perl-Locale-Codes
[  232s] cycle: perl -> perl-MIME-Base64
[  232s]   breaking dependency perl -> perl-MIME-Base64
[  232s] cycle: perl -> perl-Math-BigInt
[  232s]   breaking dependency perl -> perl-Math-BigInt
[  232s] cycle: perl -> perl-Math-BigInt-FastCalc -> perl-Math-BigInt
[  232s]   breaking dependency perl -> perl-Math-BigInt-FastCalc
[  232s] cycle: perl -> perl-Math-BigRat -> perl-Math-BigInt
[  232s]   breaking dependency perl -> perl-Math-BigRat
[  232s] cycle: perl -> perl-Module-CoreList
[  232s]   breaking dependency perl -> perl-Module-CoreList
[  232s] cycle: perl -> perl-Module-Load -> perl-PathTools
[  232s]   breaking dependency perl -> perl-Module-Load
[  232s] cycle: perl -> perl-Module-Load-Conditional
[  232s]   breaking dependency perl -> perl-Module-Load-Conditional
[  232s] cycle: perl -> perl-Module-Metadata
[  232s]   breaking dependency perl -> perl-Module-Metadata
[  232s] cycle: perl -> perl-Params-Check
[  232s]   breaking dependency perl -> perl-Params-Check
[  232s] cycle: perl -> perl-PerlIO-via-QuotedPrint -> perl-MIME-Base64
[  232s]   breaking dependency perl -> perl-PerlIO-via-QuotedPrint
[  232s] cycle: perl -> perl-Pod-Checker
[  232s]   breaking dependency perl -> perl-Pod-Checker
[  232s] cycle: perl -> perl-Pod-Escapes
[  232s]   breaking dependency perl -> perl-Pod-Escapes
[  232s] cycle: perl -> perl-Pod-Parser
[  232s]   breaking dependency perl -> perl-Pod-Parser
[  232s] cycle: perl -> perl-Pod-Perldoc
[  232s]   breaking dependency perl -> perl-Pod-Perldoc
[  232s] cycle: perl -> perl-Pod-Usage
[  232s]   breaking dependency perl -> perl-Pod-Usage
[  232s] cycle: perl -> perl-Sys-Syslog
[  232s]   breaking dependency perl -> perl-Sys-Syslog
[  232s] cycle: perl -> perl-Term-Cap
[  232s]   breaking dependency perl -> perl-Term-Cap
[  232s] cycle: perl -> perl-Test-Harness
[  232s]   breaking dependency perl -> perl-Test-Harness
[  232s] cycle: perl -> perl-Test-Simple
[  232s]   breaking dependency perl -> perl-Test-Simple
[  232s] cycle: perl -> perl-Text-Balanced
[  232s]   breaking dependency perl -> perl-Text-Balanced
[  232s] cycle: perl -> perl-Thread-Queue -> perl-threads-shared
[  232s]   breaking dependency perl -> perl-Thread-Queue
[  232s] cycle: perl -> perl-Unicode-Collate -> perl-PathTools
[  232s]   breaking dependency perl -> perl-Unicode-Collate
[  232s] cycle: perl -> perl-autodie
[  232s]   breaking dependency perl -> perl-autodie
[  232s] cycle: perl -> perl-bignum -> perl-Math-BigInt
[  232s]   breaking dependency perl -> perl-bignum
[  232s] cycle: perl -> perl-devel
[  232s]   breaking dependency perl -> perl-devel
[  232s] cycle: perl -> perl-Encode-devel
[  232s]   breaking dependency perl -> perl-Encode-devel
[  232s] cycle: perl -> perl-experimental
[  232s]   breaking dependency perl -> perl-experimental
[  232s] cycle: perl -> perl-libnet -> perl-Digest-MD5 -> perl-Digest -> perl-MIME-Base64
[  232s]   breaking dependency perl -> perl-libnet
[  232s] cycle: perl -> perl-podlators
[  232s]   breaking dependency perl -> perl-podlators
[  232s] cycle: perl -> perl-version
[  232s]   breaking dependency perl -> perl-version
[  232s] cycle: glib2 -> gamin
[  232s]   breaking dependency glib2 -> gamin
[  232s] cycle: systemd -> gnutls -> unbound-libs -> shadow -> pam -> audit
[  232s]   breaking dependency systemd -> gnutls
[  232s] cycle: systemd -> pam -> audit
[  232s]   breaking dependency systemd -> pam
[  232s] cycle: systemd -> shadow -> pam -> audit
[  232s]   breaking dependency systemd -> shadow
[  232s] cycle: pam -> libpwquality
[  232s]   breaking dependency pam -> libpwquality
[  232s] cycle: perl-Getopt-Long -> perl-Pod-Usage
[  232s]   breaking dependency perl-Pod-Usage -> perl-Getopt-Long
[  232s] cycle: perl-Getopt-Long -> perl-Pod-Usage -> perl-podlators -> perl-Encode
[  232s]   breaking dependency perl-podlators -> perl-Encode
[  232s] cycle: perl-Getopt-Long -> perl-Pod-Usage -> perl-podlators
[  232s]   breaking dependency perl-podlators -> perl-Getopt-Long
[  232s] cycle: perl-Getopt-Long -> perl-Pod-Usage -> perl-podlators -> perl-Pod-Simple -> perl-Encode
[  232s]   breaking dependency perl-Encode -> perl-Getopt-Long
[  232s] cycle: perl-Getopt-Long -> perl-Pod-Usage -> perl-podlators -> perl-Pod-Simple
[  232s]   breaking dependency perl-podlators -> perl-Pod-Simple
[  232s] cycle: perl-Pod-Usage -> perl-podlators
[  232s]   breaking dependency perl-podlators -> perl-Pod-Usage
[  232s] cycle: groff -> perl-Getopt-Long -> perl-Pod-Usage -> perl-Pod-Perldoc
[  232s]   breaking dependency groff -> perl-Getopt-Long
[  232s] cycle: libxcrypt-devel -> glibc-devel
[  232s]   breaking dependency glibc-devel -> libxcrypt-devel
[  232s] cycle: cmake-data -> cmake
[  232s]   breaking dependency cmake -> cmake-data
[  232s] cycle: nss-util -> nss
[  232s]   breaking dependency nss -> nss-util
[  232s] cycle: nss-softokn -> nss-util -> nss
[  232s]   breaking dependency nss -> nss-softokn
[  232s] cycle: perl-Getopt-Long -> perl-Pod-Usage -> perl-Pod-Perldoc -> perl-Pod-Simple
[  232s]   breaking dependency perl-Pod-Perldoc -> perl-Pod-Simple
[  232s] cycle: openssh -> openssh-server
[  232s]   breaking dependency openssh-server -> openssh
[  232s] cycle: git -> perl-Git
[  232s]   breaking dependency git -> perl-Git
[  232s] cycle: perl-ExtUtils-Install -> perl-ExtUtils-MakeMaker
[  232s]   breaking dependency perl-ExtUtils-MakeMaker -> perl-ExtUtils-Install
[  232s] done
[  232s] querying package ids...
[  263s] [1/354] installing cmake-filesystem-3.22.0-1.oe1
[  264s] [2/354] installing fuse-common-3.9.2-5.oe1
[  265s] [3/354] installing kernel-headers-5.10-3.oe1
[  271s] [4/354] installing libreport-filesystem-2.13.1-5.oe1
[  271s] [5/354] installing ncurses-base-6.1-14.oe1
[  273s] [6/354] installing openEuler-gpg-keys-1.0-2.5.oe1
[  275s] [7/354] installing python-setuptools-59.4.0-3.oe1
[  276s] [8/354] installing qt5-srpm-macros-5.15.2-1.oe1
[  277s] [9/354] installing tzdata-2021a-2.oe1
[  285s] [10/354] installing dnf-data-4.10.0-1.oe1
[  286s] [11/354] installing openEuler-repos-1.0-2.5.oe1
[  287s] [12/354] installing openEuler-release-20.03LTS-40.oe1
[  289s] [13/354] installing filesystem-3.9-3.oe1
[  300s] warning: group mail does not exist - using root
[  300s] [14/354] installing emacs-filesystem-1:27.1-5.oe1
[  301s] [15/354] installing libgcc-10.3.1-20220105.6.oe1
[  302s] [16/354] installing setup-2.13.3-4.oe1
[  304s] [17/354] installing glibc-2.34-64.oe1
[  309s] [18/354] installing brotli-1.0.9-2.oe1
[  311s] [19/354] installing chrpath-0.16-12.oe1
[  313s] [20/354] installing cpio-2.13-4.oe1
[  314s] [21/354] installing diffutils-3.7-4.oe1
[  316s] [22/354] installing expat-2.2.10-1.oe1
[  317s] [23/354] installing json-c-0.15-1.oe1
[  317s] [24/354] installing keyutils-libs-1.6.3-3.oe1
[  318s] [25/354] installing libICE-1.0.10-2.oe1
[  319s] [26/354] installing libXau-1.0.9-2.oe1
[  320s] [27/354] installing libaio-0.3.112-1.oe1
[  321s] [28/354] installing libargon2-20190702-1.oe1
[  323s] [29/354] installing libatomic-10.3.1-20220105.6.oe1
[  325s] [30/354] installing libcap-ng-0.7.11-1.oe1
[  326s] [31/354] installing libev-4.24-11.oe1
[  328s] [32/354] installing libffi-3.3-31.oe1
[  329s] [33/354] installing libgomp-10.3.1-20220105.6.oe1
[  330s] [34/354] installing libgpg-error-1.41-1.oe1
[  332s] [35/354] installing libnghttp2-1.42.0-1.oe1
[  333s] [36/354] installing libpcap-14:1.9.1-7.oe1
[  334s] [37/354] installing libpipeline-1.5.3-1.oe1
[  335s] [38/354] installing libsigsegv-2.11-10.oe1
[  338s] [39/354] installing libsmartcols-2.36.1-3.oe1
[  339s] [40/354] installing libtasn1-4.16.0-2.oe1
[  341s] [41/354] installing libtool-ltdl-2.4.6-34.oe1
[  342s] [42/354] installing libunistring-0.9.10-8.oe1
[  344s] [43/354] installing libuuid-2.36.1-3.oe1
[  345s] [44/354] installing libuv-1:1.40.0-1.oe1
[  346s] [45/354] installing libxcrypt-4.4.8-4.oe1
[  348s] [46/354] installing libyaml-0.2.5-1.oe1
[  349s] [47/354] installing lz4-1.9.3-1.oe1
[  350s] [48/354] installing m4-1.4.18-14.oe1
[  351s] [49/354] installing nspr-4.32.0-1.oe1
[  352s] [50/354] installing pkgconf-1.7.3-1.oe1
[  353s] [51/354] installing rhash-1.3.5-5.oe1
[  354s] [52/354] installing which-2.21-14.oe1
[  355s] [53/354] installing xz-libs-5.2.5-1.oe1
[  356s] [54/354] installing zlib-1.2.11-18.oe1
[  357s] [55/354] installing attr-2.4.48-12.oe1
[  359s] [56/354] installing basesystem-12-2.oe1
[  359s] [57/354] installing libstdc++-10.3.1-20220105.6.oe1
[  361s] [58/354] installing ncurses-libs-6.1-14.oe1
[  362s] [59/354] installing libsepol-3.1-4.oe1
[  363s] [60/354] installing libstdc++-devel-10.3.1-20220105.6.oe1
[  371s] [61/354] installing audit-libs-1:3.0-2.oe1
[  372s] [62/354] installing elfutils-libelf-0.185-3.oe1
[  374s] [63/354] installing file-libs-5.39-6.oe1
[  378s] [64/354] installing gmp-1:6.2.1-3.oe1
[  379s] [65/354] installing iptables-libs-1.8.1-4.oe1
[  380s] [66/354] installing keyutils-libs-devel-1.6.3-3.oe1
[  382s] [67/354] installing less-563-2.oe1
[  383s] [68/354] installing libacl-2.2.53-7.oe1
[  384s] [69/354] installing libassuan-2.5.4-1.oe1
[  385s] [70/354] installing libedit-3.1-27.oe1
[  386s] [71/354] installing libffi-devel-3.3-31.oe1
[  386s] [72/354] installing libgcrypt-1.8.7-1.oe1
[  388s] [73/354] installing libpng-2:1.6.37-1.oe1
[  389s] [74/354] installing libsepol-devel-3.1-4.oe1
[  392s] [75/354] installing libxcb-1.14-1.oe1
[  393s] [76/354] installing readline-8.0-2.oe1
[  394s] [77/354] installing zlib-devel-1.2.11-18.oe1
[  395s] [78/354] installing fuse-2.9.9-6.oe1
[  396s] [79/354] installing gc-8.0.4-2.oe1
[  398s] [80/354] installing libSM-1.2.3-2.oe1
[  399s] [81/354] installing libdb-5.3.28-35.oe1
[  403s] [82/354] installing libselinux-3.1-3.oe1
[  404s] [83/354] installing libxml2-2.9.12-5.oe1
[  406s] [84/354] installing bash-5.1-1.oe1
[  409s] [85/354] installing perl-libs-4:5.28.0-435.oe1
[  414s] [86/354] installing zstd-1.4.8-2.oe1
[  417s] [87/354] installing ncurses-6.1-14.oe1
[  425s] [88/354] installing thin-provisioning-tools-0.8.5-1.oe1
[  427s] [89/354] installing perl-parent-1:0.237-4.oe1
[  428s] [90/354] installing perl-perlfaq-5.20180915-5.oe1
[  429s] [91/354] installing libX11-1.6.9-2.oe1
[  431s] [92/354] installing mpfr-4.1.0-1.oe1
[  434s] [93/354] installing nettle-3.6-6.oe1
[  436s] [94/354] installing pcre2-10.36-1.oe1
[  437s] [95/354] installing perl-Exporter-5.74-1.oe1
[  438s] [96/354] installing file-5.39-6.oe1
[  439s] [97/354] installing gdbm-1:1.18.1-1.oe1
[  440s] [98/354] installing patch-2.7.6-12.oe1
[  441s] [99/354] installing qrencode-4.1.1-1
[  443s] [100/354] installing sed-4.8-2.oe1
[  444s] [101/354] installing acl-2.2.53-7.oe1
[  445s] [102/354] installing libcomps-0.1.15-1.oe1
[  446s] [103/354] installing pcre-8.44-1.oe1
[  448s] [104/354] installing glibc-common-2.34-64.oe1
[  458s] [105/354] installing crontabs-1.11-21.oe1
[  459s] [106/354] installing libXext-1.3.4-2.oe1
[  461s] [107/354] installing libXpm-3.5.12-11.oe1
[  462s] [108/354] installing perl-Carp-1.50-418.oe1
[  463s] [109/354] installing perl-Perl-OSType-1.010-421.oe1
[  464s] [110/354] installing perl-Term-ANSIColor-4.06-511.oe1
[  465s] [111/354] installing libmpc-1.2.0-2.oe1
[  467s] [112/354] installing grep-3.6-1.oe1
[  469s] [113/354] installing libXt-1.2.0-0.oe1
[  470s] [114/354] installing gawk-5.0.1-2.oe1
[  472s] [115/354] installing perl-Text-ParseWords-3.30-419.oe1
[  473s] [116/354] installing crypto-policies-20180925-3.git71ca85f.oe1
[  478s] [117/354] installing libXmu-1.1.3-1.oe1
[  479s] [118/354] installing cpp-10.3.1-20220105.6.oe1
[  488s] [119/354] installing openssl-libs-1:1.1.1f-2.oe1
[  491s] [120/354] installing libXaw-1.0.13-13.oe1
[  492s] [121/354] installing ima-evm-utils-libs-1.2.1-8.oe1
[  494s] [122/354] installing libevent-2.1.12-4
[  495s] [123/354] installing kmod-libs-27-4.oe1
[  497s] [124/354] installing kmod-27-4.oe1
[  498s] [125/354] installing nodejs-libs-1:16.10.0-1.oe1
[  533s] [126/354] installing coreutils-8.31-4.oe1
[  540s] [127/354] installing elfutils-default-yama-scope-0.185-3.oe1
[  542s] /usr/lib/systemd/systemd-sysctl: error while loading shared libraries: libseccomp.so.2: cannot open shared object file: No such file or directory
[  542s] [128/354] installing publicsuffix-list-20200718-1.oe1
[  545s] [129/354] installing uname-build-checks-1.0-0.4.oe1
[  546s] [130/354] installing bzip2-1.0.8-3.oe1
[  549s] [131/354] installing gzip-1.10-1.oe1
[  550s] [132/354] installing hostname-3.21-2.oe1
[  552s] [133/354] installing libcap-2.32-2.oe1
[  554s] [134/354] installing libseccomp-2.4.3-2.oe1
[  557s] [135/354] installing npth-1.5-7.oe1
[  558s] [136/354] installing popt-1.18-1.oe1
[  561s] [137/354] installing fipscheck-1.5.0-7.oe1
[  563s] [138/354] installing libblkid-2.36.1-3.oe1
[  566s] [139/354] installing libidn2-2.3.0-1.oe1
[  568s] [140/354] installing libksba-1.3.5-12.oe1
[  569s] [141/354] installing pcre2-devel-10.36-1.oe1
[  572s] [142/354] installing tar-2:1.32-3.oe1
[  575s] [143/354] installing tcl-1:8.6.10-3.oe1
[  578s] [144/354] installing info-6.7-2.oe1
[  580s] [145/354] installing jsoncpp-1.9.4-1.oe1
[  581s] [146/354] installing libgpg-error-devel-1.41-1.oe1
[  583s] [147/354] installing lua-5.3.5-6.oe1
[  585s] [148/354] installing slang-2.3.2-8.oe1
[  587s] [149/354] installing xz-5.2.5-1.oe1
[  589s] [150/354] installing perl-Scalar-List-Utils-3:1.52-2.oe1
[  590s] [151/354] installing perl-Time-HiRes-1.9760-2.oe1
[  592s] [152/354] installing perl-Unicode-Normalize-1.26-419.oe1
[  593s] [153/354] installing systemd-libs-243-22.oe1
[  595s] [154/354] installing guile-5:2.0.14-15.oe1
[  602s] [155/354] installing dbus-libs-1:1.12.20-3.oe1
[  603s] [156/354] installing zip-3.0-29.oe1
[  605s] [157/354] installing libfdisk-2.36.1-3.oe1
[  607s] [158/354] installing newt-0.52.21-4.oe1
[  609s] [159/354] installing p11-kit-0.23.22-1.oe1
[  611s] [160/354] installing procps-ng-3.3.16-15.oe1
[  613s] [161/354] installing elfutils-libs-0.185-3.oe1
[  615s] [162/354] installing libmount-2.36.1-3.oe1
[  617s] [163/354] installing libselinux-devel-3.1-3.oe1
[  618s] [164/354] installing lua-posix-33.3.1-12.oe1
[  620s] [165/354] installing unzip-6.0-47.oe1
[  621s] [166/354] installing cracklib-2.9.7-6.oe1
[  626s] [167/354] installing e2fsprogs-1.45.6-3.oe1
[  630s] [168/354] installing findutils-2:4.7.0-7.oe1
[  632s] [169/354] installing libsemanage-3.1-4.oe1
[  633s] [170/354] installing make-1:4.2.1-15.oe1
[  635s] [171/354] installing sqlite-3.24.0-9.oe1
[  637s] [172/354] installing logrotate-3.15.1-2.oe1
[  638s] [173/354] installing glibc-devel-2.34-64.oe1
[  647s] [174/354] installing libgcrypt-devel-1.8.7-1.oe1
[  648s] [175/354] installing gnupg2-2.2.27-2.oe1
[  653s] [176/354] installing libarchive-3.5.1-1.oe1
[  655s] [177/354] installing dbus-tools-1:1.12.20-3.oe1
[  656s] [178/354] installing libxcrypt-devel-4.4.8-4.oe1
[  658s] [179/354] installing copy-jdk-configs-4.0-1.oe1
[  659s] [180/354] installing gpgme-1.15.1-1.oe1
[  661s] [181/354] installing obs-env-1.0-5.oe1
[  667s] [182/354] installing chkconfig-1.14-2.oe1
[  669s] [183/354] installing e2fsprogs-devel-1.45.6-3.oe1
[  673s] [184/354] installing elfutils-0.185-3.oe1
[  675s] [185/354] installing glib2-2.66.8-1.oe1
[  681s] [186/354] installing rpm-libs-4.15.1-25.oe1
[  682s] [187/354] installing libcroco-0.6.12-13.oe1
[  684s] [188/354] installing gamin-0.1.10-38.oe1
[  686s] [189/354] installing libsecret-0.18.6-5.oe1
[  688s] [190/354] installing libverto-0.3.1-2.oe1
[  689s] [191/354] installing libmodulemd-2.13.0-1.oe1
[  691s] [192/354] installing binutils-2.37-6.oe1
[  700s] [193/354] installing p11-kit-trust-0.23.22-1.oe1
[  701s] [194/354] installing babeltrace-1.5.8-1.oe1
[  703s] [195/354] installing libverto-devel-0.3.1-2.oe1
[  704s] [196/354] installing ca-certificates-2020.2.46-2.oe1
[  712s] [197/354] installing gettext-0.20.1-2.oe1
[  715s] [198/354] installing krb5-libs-1.18.2-3.oe1
[  717s] [199/354] installing gcc-10.3.1-20220105.6.oe1
[  738s] [200/354] installing python-pip-wheel-19.2.3-2.fc32
[  739s] [201/354] installing libtirpc-1.3.1-1.oe1
[  741s] [202/354] installing cyrus-sasl-lib-2.1.27-10.oe1
[  742s] [203/354] installing libssh-0.9.5-1.oe1
[  744s] [204/354] installing gcc-c++-10.3.1-20220105.6.oe1
[  753s] [205/354] installing krb5-devel-1.18.2-3.oe1
[  755s] [206/354] installing openldap-2.4.46-15.oe1
[  757s] [207/354] installing libnsl2-1.3.0-2.oe1
[  758s] [208/354] installing openssl-devel-1:1.1.1f-2.oe1
[  766s] [209/354] installing python3-3.8.5-13.oe1
[  786s] [210/354] installing python3-pyparsing-2.4.5-1.fc32
[  787s] [211/354] installing python3-setuptools-59.4.0-3.oe1
[  791s] [212/354] installing python3-setuptools_scm-3.3.3-6.fc32
[  793s] [213/354] installing python3-gpgme-1.15.1-1.oe1
[  795s] [214/354] installing python3-libcomps-0.1.15-1.oe1
[  796s] [215/354] installing libpsl-0.21.1-1.oe1
[  798s] [216/354] installing gdb-headless-9.2-5.oe1
[  803s] [217/354] installing systemtap-sdt-devel-4.1-3.oe1
[  804s] [218/354] installing gdb-9.2-5.oe1
[  805s] [219/354] installing python3-pip-19.2.3-2.fc32
[  812s] [220/354] installing libcurl-7.79.1-1.oe1
[  814s] [221/354] installing curl-7.79.1-1.oe1
[  815s] [222/354] installing librepo-1.14.2-2.oe1
[  816s] [223/354] installing rpm-4.15.1-25.oe1
[  819s] [224/354] installing efi-srpm-macros-4-3.oe1
[  821s] [225/354] installing cmake-rpm-macros-3.22.0-1.oe1
[  822s] [226/354] installing libsolv-0.7.20-1.oe1
[  824s] [227/354] installing python3-rpm-4.15.1-25.oe1
[  825s] [228/354] installing openEuler-rpm-config-30-21.oe1
[  827s] [229/354] installing cmake-3.22.0-1.oe1
[  839s] [230/354] installing libdnf-0.65.0-2.oe1
[  841s] [231/354] installing cmake-data-3.22.0-1.oe1
[  854s] [232/354] installing python3-libdnf-0.65.0-2.oe1
[  856s] [233/354] installing perl-4:5.28.0-435.oe1
[  863s] [234/354] installing perl-B-Debug-1.26-4.oe1
[  865s] [235/354] installing perl-Env-1.04-397.oe1
[  866s] [236/354] installing perl-Devel-PPPort-3.42-4.oe1
[  867s] [237/354] installing perl-Pod-Escapes-1:1.07-419.oe1
[  868s] [238/354] installing perl-Text-Tabs+Wrap-2013.0523-419.oe1
[  869s] [239/354] installing doxygen-1:1.8.14-10.oe1
[  874s] [240/354] installing perl-Algorithm-Diff-1.1903-14.oe1
[  875s] [241/354] installing perl-Params-Check-1:0.38-418.oe1
[  876s] [242/354] installing perl-Term-Cap-1.17-510.oe1
[  877s] [243/354] installing perl-TermReadKey-2.38-2.oe1
[  878s] [244/354] installing perl-Text-Balanced-2.03-420.oe1
[  879s] [245/354] installing perl-threads-1:2.22-419.oe1
[  881s] [246/354] installing openssl-1:1.1.1f-2.oe1
[  882s] [247/354] installing perl-Config-Perl-V-0.30-5.oe1
[  884s] [248/354] installing perl-Error-1:0.17029-1.oe1
[  885s] [249/354] installing perl-Filter-2:1.59-2.oe1
[  887s] [250/354] installing perl-IPC-SysV-2.07-5.oe1
[  888s] [251/354] installing perl-Locale-Maketext-1:1.28-1.oe1
[  890s] [252/354] installing perl-constant-1.33-421.oe1
[  891s] [253/354] installing perl-MIME-Base64-3.15-418.oe1
[  892s] [254/354] installing perl-CPAN-Meta-YAML-0.018-420.oe1
[  894s] [255/354] installing perl-Socket-4:2.029-2.oe1
[  895s] [256/354] installing perl-Storable-1:3.15-2.oe1
[  897s] [257/354] installing python3-hawkey-0.65.0-2.oe1
[  898s] [258/354] installing perl-PerlIO-via-QuotedPrint-0.08-397.oe1
[  899s] [259/354] installing perl-Digest-1.17-419.oe1
[  900s] [260/354] installing perl-Filter-Simple-1:0.94-1.oe1
[  901s] [261/354] installing perl-IO-Socket-IP-0.39-420.oe1
[  902s] [262/354] installing perl-Text-Diff-1.45-7.oe1
[  903s] [263/354] installing perl-Time-Local-2:1.280-6.oe1
[  905s] [264/354] installing perl-version-8:0.99.24-3.oe1
[  906s] [265/354] installing perl-IPC-System-Simple-1.25-19.oe1
[  908s] [266/354] installing perl-threads-shared-1.59-2.oe1
[  909s] [267/354] installing perl-Compress-Raw-Bzip2-2.100-1.oe1
[  910s] [268/354] installing perl-Compress-Raw-Zlib-1:2.100-1.oe1
[  912s] [269/354] installing perl-Locale-Codes-3.58-2.oe1
[  914s] [270/354] installing perl-Math-BigInt-1:1.9998.13-5.oe1
[  915s] [271/354] installing perl-PathTools-3.75-4.oe1
[  917s] [272/354] installing python3-dnf-4.10.0-1.oe1
[  919s] [273/354] installing perl-Data-Dumper-2.172-3.oe1
[  921s] [274/354] installing perl-Sys-Syslog-0.35-420.oe1
[  922s] [275/354] installing perl-Encode-4:2.98-9.oe1
[  927s] [276/354] installing autogen-5.18.16-1.oe1
[  929s] [277/354] installing nodejs-1:16.10.0-1.oe1
[  931s] [278/354] installing systemd-243-22.oe1
[  944s] /var/tmp/rpm-tmp.VQvF1p: line 8: groupadd: command not found
[  944s] /var/tmp/rpm-tmp.VQvF1p: line 10: groupadd: command not found
[  944s] /var/tmp/rpm-tmp.VQvF1p: line 13: groupadd: command not found
[  944s] /var/tmp/rpm-tmp.VQvF1p: line 16: groupadd: command not found
[  945s] [279/354] installing dbus-common-1:1.12.20-3.oe1
[  946s] [280/354] installing nodejs-source-map-0.5.6-1.oe1
[  947s] [281/354] installing perl-Module-Load-1:0.32-418.oe1
[  949s] [282/354] installing nodejs-packaging-20-1.oe1
[  950s] [283/354] installing dnf-4.10.0-1.oe1
[  953s] Failed to preset unit, unit dnf-automatic.timer does not exist.
[  953s] Failed to preset unit, unit dnf-automatic-notifyonly.timer does not exist.
[  953s] Failed to preset unit, unit dnf-automatic-download.timer does not exist.
[  953s] Failed to preset unit, unit dnf-automatic-install.timer does not exist.
[  953s] [284/354] installing perl-File-Which-1.23-1.oe1
[  954s] [285/354] installing perl-Thread-Queue-3.13-3.oe1
[  955s] [286/354] installing perl-experimental-0.020-2.oe1
[  956s] [287/354] installing perl-Digest-MD5-2.55-419.oe1
[  958s] [288/354] installing perl-File-Path-2.16-4.oe1
[  959s] [289/354] installing perl-Math-BigInt-FastCalc-0.500.700-4.oe1
[  960s] [290/354] installing perl-Module-Metadata-1.000036-3.oe1
[  962s] [291/354] installing perl-CPAN-Meta-Requirements-2.140-419.oe1
[  963s] [292/354] installing perl-Encode-devel-4:2.98-9.oe1
[  964s] [293/354] installing perl-HTTP-Tiny-0.076-3.oe1
[  965s] [294/354] installing perl-Math-BigRat-0.2614-2.oe1
[  967s] [295/354] installing audit-1:3.0-2.oe1
[  970s] [296/354] installing perl-DB_File-1.842-2.oe1
[  971s] [297/354] installing perl-autodie-2.29-398.oe1
[  973s] [298/354] installing perl-Unicode-Collate-1.25-4.oe1
[  976s] [299/354] installing perl-IO-Compress-2.081-6.oe1
[  977s] [300/354] installing perl-podlators-1:4.14-1.oe1
[  978s] [301/354] installing perl-ExtUtils-Command-1:7.60-1.oe1
[  979s] [302/354] installing perl-ExtUtils-Manifest-1:1.71-4.oe1
[  980s] [303/354] installing perl-bignum-0.50-4.oe1
[  981s] [304/354] installing perl-File-Temp-1:0.230.800-4.oe1
[  982s] [305/354] installing perl-libnet-3.11-420.oe1
[  984s] [306/354] installing pam-1.5.1-1.oe1
[  987s] [307/354] installing libpwquality-1.4.4-1.oe1
[  989s] [308/354] installing perl-File-HomeDir-1.004-4.oe1
[  990s] [309/354] installing shadow-2:4.8.1-5.oe1
[  993s] [310/354] installing perl-Test-Simple-2:1.302175-2.oe1
[  995s] [311/354] installing libutempter-1.1.6-16.oe1
[  997s] [312/354] installing unbound-libs-1.10.1-4.oe1
[ 1000s] [313/354] installing dbus-daemon-1:1.12.20-3.oe1
[ 1004s] [314/354] installing openssh-server-8.2p1-10.oe1
[ 1006s] Created symlink /etc/systemd/system/multi-user.target.wants/sshd.service -> /usr/lib/systemd/system/sshd.service.
[ 1006s] [315/354] installing groff-1.22.4-4.oe1
[ 1012s] [316/354] installing dbus-1:1.12.20-3.oe1
[ 1014s] [317/354] installing man-db-2.9.3-2.oe1
[ 1019s] [318/354] installing perl-Pod-Perldoc-1:3.28-3.oe1
[ 1020s] [319/354] installing gnutls-3.6.15-3.oe1
[ 1023s] [320/354] installing util-linux-2.36.1-3.oe1
[ 1029s] [321/354] installing nss-help-3.54.0-9.oe1
[ 1030s] [322/354] installing perl-Pod-Usage-4:1.69-418.oe1
[ 1032s] [323/354] installing device-mapper-8:1.02.172-1.oe1
[ 1034s] [324/354] installing openssh-8.2p1-10.oe1
[ 1036s] [325/354] installing perl-Getopt-Long-1:2.52-1.oe1
[ 1037s] [326/354] installing cryptsetup-2.3.3-3.oe1
[ 1041s] [327/354] installing device-mapper-event-8:1.02.172-1.oe1
[ 1044s] Created symlink /etc/systemd/system/sockets.target.wants/dm-event.socket -> /usr/lib/systemd/system/dm-event.socket.
[ 1044s] [328/354] installing nss-3.54.0-9.oe1
[ 1050s] [329/354] installing openssh-clients-8.2p1-10.oe1
[ 1052s] [330/354] installing nss-util-3.54.0-9.oe1
[ 1055s] [331/354] installing perl-ExtUtils-ParseXS-2:3.35-1.oe1
[ 1056s] [332/354] installing perl-Module-CoreList-1:5.20180920-2.oe1
[ 1057s] [333/354] installing perl-Digest-SHA-1:6.02-7.oe1
[ 1059s] [334/354] installing perl-Pod-Parser-1.63-397.oe1
[ 1060s] [335/354] installing perl-Pod-Simple-1:3.35-418.oe1
[ 1062s] [336/354] installing perl-Test-Harness-1:3.43_02-1.oe1
[ 1063s] [337/354] installing perl-Archive-Tar-2.30-421.oe1
[ 1064s] [338/354] installing perl-JSON-PP-1:4.04-2.oe1
[ 1066s] [339/354] installing lvm2-8:2.03.11-1.oe1
[ 1071s] Created symlink /etc/systemd/system/sysinit.target.wants/lvm2-lvmpolld.socket -> /usr/lib/systemd/system/lvm2-lvmpolld.socket.
[ 1071s] [340/354] installing autoconf-2.69-30.oe1
[ 1073s] [341/354] installing git-2.23.0-12.oe1
[ 1083s] [342/354] installing nss-softokn-3.54.0-9.oe1
[ 1085s] [343/354] installing perl-Pod-Checker-4:1.73-398.oe1
[ 1086s] [344/354] installing perl-Git-2.23.0-12.oe1
[ 1087s] [345/354] installing perl-CPAN-Meta-2.150010-419.oe1
[ 1090s] [346/354] installing perl-Module-Load-Conditional-0.68-418.oe1
[ 1091s] [347/354] installing automake-1.16.1-6.oe1
[ 1093s] [348/354] installing perl-ExtUtils-MakeMaker-1:7.60-1.oe1
[ 1094s] [349/354] installing perl-ExtUtils-Install-2.14-419.oe1
[ 1096s] [350/354] installing perl-IPC-Cmd-2:1.04-4.oe1
[ 1097s] [351/354] installing rpm-build-4.15.1-25.oe1
[ 1098s] [352/354] installing gcc_secure-1.0-0.9.oe1
[ 1100s] [353/354] installing perl-File-Fetch-0.56-4.oe1
[ 1101s] [354/354] installing perl-devel-4:5.28.0-435.oe1
[ 1109s] removing nis flags from /var/cache/obs/worker/root_2/etc/nsswitch.conf...
[ 1110s] now finalizing build dir...
[ 1119s] Running build time source services...
[ 1132s] -----------------------------------------------------------------
[ 1132s] ----- building libevent.spec (user abuild)
[ 1132s] -----------------------------------------------------------------
[ 1132s] -----------------------------------------------------------------
[ 1138s] + exec rpmbuild -ba --define '_srcdefattr (-,root,root)' --nosignature --define 'disturl obs://private/openEuler:Mainline:RISC-V/advanced_riscv64/0af53d877d93f77e48ba6ac2042bbf53-libevent' /home/abuild/rpmbuild/SOURCES/libevent.spec
[ 1139s] Executing(%prep): /bin/sh -e /var/tmp/rpm-tmp.1d9I9B
[ 1139s] + umask 022
[ 1139s] + cd /home/abuild/rpmbuild/BUILD
[ 1139s] + cd /home/abuild/rpmbuild/BUILD
[ 1139s] + rm -rf libevent-2.1.12-stable
[ 1139s] + /usr/bin/gzip -dc /home/abuild/rpmbuild/SOURCES/libevent-2.1.12-stable.tar.gz
[ 1139s] + /usr/bin/tar -xof -
[ 1140s] + STATUS=0
[ 1140s] + '[' 0 -ne 0 ']'
[ 1140s] + cd libevent-2.1.12-stable
[ 1140s] + /usr/bin/chmod -Rf a+rX,u+w,g-w,o-w .
[ 1140s] + /usr/bin/cat /home/abuild/rpmbuild/SOURCES/libevent-nonettests.patch
[ 1140s] + /usr/bin/patch -p1 -s --fuzz=0 --no-backup-if-mismatch
[ 1140s] + /usr/bin/cat /home/abuild/rpmbuild/SOURCES/http-add-callback-to-allow-server-to-decline-and-the.patch
[ 1140s] + /usr/bin/patch -p1 -s --fuzz=0 --no-backup-if-mismatch
[ 1140s] + RPM_EC=0
[ 1140s] ++ jobs -p
[ 1140s] + exit 0
[ 1140s] Executing(%build): /bin/sh -e /var/tmp/rpm-tmp.B08J7C
[ 1140s] + umask 022
[ 1140s] + cd /home/abuild/rpmbuild/BUILD
[ 1140s] + cd libevent-2.1.12-stable
[ 1140s] + CFLAGS='-O2 -g -pipe -Wall -Werror=format-security -Wp,-D_FORTIFY_SOURCE=2 -Wp,-D_GLIBCXX_ASSERTIONS -fstack-protector-strong -grecord-gcc-switches -specs=/usr/lib/rpm/generic-hardened-cc1 -fasynchronous-unwind-tables -fstack-clash-protection'
[ 1140s] + export CFLAGS
[ 1140s] + CXXFLAGS='-O2 -g -pipe -Wall -Werror=format-security -Wp,-D_FORTIFY_SOURCE=2 -Wp,-D_GLIBCXX_ASSERTIONS -fstack-protector-strong -grecord-gcc-switches -specs=/usr/lib/rpm/generic-hardened-cc1 -fasynchronous-unwind-tables -fstack-clash-protection -fexceptions'
[ 1140s] + export CXXFLAGS
[ 1140s] + FFLAGS='-O2 -g -pipe -Wall -Werror=format-security -Wp,-D_FORTIFY_SOURCE=2 -Wp,-D_GLIBCXX_ASSERTIONS -fstack-protector-strong -grecord-gcc-switches -specs=/usr/lib/rpm/generic-hardened-cc1 -fasynchronous-unwind-tables -fstack-clash-protection -fexceptions -I/usr/lib64/gfortran/modules'
[ 1140s] + export FFLAGS
[ 1140s] + FCFLAGS='-O2 -g -pipe -Wall -Werror=format-security -Wp,-D_FORTIFY_SOURCE=2 -Wp,-D_GLIBCXX_ASSERTIONS -fstack-protector-strong -grecord-gcc-switches -specs=/usr/lib/rpm/generic-hardened-cc1 -fasynchronous-unwind-tables -fstack-clash-protection -fexceptions -I/usr/lib64/gfortran/modules'
[ 1140s] + export FCFLAGS
[ 1140s] + LDFLAGS='-Wl,-z,relro   -Wl,-z,now -specs=/usr/lib/rpm/generic-hardened-ld'
[ 1140s] + export LDFLAGS
[ 1140s] + '[' 1 = 1 ']'
[ 1141s] +++ dirname ./configure
[ 1141s] ++ find . -name config.guess -o -name config.sub
[ 1141s] + for i in $(find $(dirname ./configure) -name config.guess -o -name config.sub)
[ 1141s] ++ basename ./build-aux/config.sub
[ 1141s] + '[' -f /usr/lib/rpm/openEuler/config.sub ']'
[ 1141s] + /usr/bin/rm -f ./build-aux/config.sub
[ 1141s] ++ basename ./build-aux/config.sub
[ 1141s] + /usr/bin/cp -fv /usr/lib/rpm/openEuler/config.sub ./build-aux/config.sub
[ 1141s] '/usr/lib/rpm/openEuler/config.sub' -> './build-aux/config.sub'
[ 1141s] + for i in $(find $(dirname ./configure) -name config.guess -o -name config.sub)
[ 1141s] ++ basename ./build-aux/config.guess
[ 1141s] + '[' -f /usr/lib/rpm/openEuler/config.guess ']'
[ 1141s] + /usr/bin/rm -f ./build-aux/config.guess
[ 1141s] ++ basename ./build-aux/config.guess
[ 1141s] + /usr/bin/cp -fv /usr/lib/rpm/openEuler/config.guess ./build-aux/config.guess
[ 1141s] '/usr/lib/rpm/openEuler/config.guess' -> './build-aux/config.guess'
[ 1141s] + '[' 1 = 1 ']'
[ 1141s] + '[' x '!=' 'x-Wl,-z,now -specs=/usr/lib/rpm/generic-hardened-ld' ']'
[ 1141s] ++ find . -name ltmain.sh
[ 1141s] + for i in $(find . -name ltmain.sh)
[ 1141s] + /usr/bin/sed -i.backup -e 's~compiler_flags=$~compiler_flags="-Wl,-z,now -specs=/usr/lib/rpm/generic-hardened-ld"~' ./build-aux/ltmain.sh
[ 1141s] + ./configure --build=riscv64-openEuler-linux-gnu --host=riscv64-openEuler-linux-gnu --program-prefix= --disable-dependency-tracking --prefix=/usr --exec-prefix=/usr --bindir=/usr/bin --sbindir=/usr/sbin --sysconfdir=/etc --datadir=/usr/share --includedir=/usr/include --libdir=/usr/lib64 --libexecdir=/usr/libexec --localstatedir=/var --sharedstatedir=/var/lib --mandir=/usr/share/man --infodir=/usr/share/info --disable-dependency-tracking --disable-static
[ 1148s] checking for a BSD-compatible install... /usr/bin/install -c
[ 1148s] checking whether build environment is sane... yes
[ 1148s] checking for a thread-safe mkdir -p... /usr/bin/mkdir -p
[ 1148s] checking for gawk... gawk
[ 1149s] checking whether make sets $(MAKE)... yes
[ 1149s] checking whether make supports nested variables... yes
[ 1149s] checking whether make supports nested variables... (cached) yes
[ 1150s] checking whether make supports the include directive... yes (GNU style)
[ 1150s] checking for riscv64-openEuler-linux-gnu-gcc... no
[ 1150s] checking for gcc... gcc
[ 1156s] checking whether the C compiler works... yes
[ 1156s] checking for C compiler default output file name... a.out
[ 1158s] checking for suffix of executables... 
[ 1160s] checking whether we are cross compiling... no
[ 1161s] checking for suffix of object files... o
[ 1162s] checking whether we are using the GNU C compiler... yes
[ 1163s] checking whether gcc accepts -g... yes
[ 1165s] checking for gcc option to accept ISO C89... none needed
[ 1167s] checking whether gcc understands -c and -o together... yes
[ 1167s] checking dependency style of gcc... none
[ 1169s] checking how to run the C preprocessor... gcc -E
[ 1171s] checking for grep that handles long lines and -e... /usr/bin/grep
[ 1171s] checking for egrep... /usr/bin/grep -E
[ 1178s] checking for ANSI C header files... yes
[ 1179s] checking for sys/types.h... yes
[ 1181s] checking for sys/stat.h... yes
[ 1182s] checking for stdlib.h... yes
[ 1184s] checking for string.h... yes
[ 1186s] checking for memory.h... yes
[ 1187s] checking for strings.h... yes
[ 1189s] checking for inttypes.h... yes
[ 1192s] checking for stdint.h... yes
[ 1193s] checking for unistd.h... yes
[ 1195s] checking minix/config.h usability... no
[ 1196s] checking minix/config.h presence... no
[ 1196s] checking for minix/config.h... no
[ 1198s] checking whether it is safe to define __EXTENSIONS__... yes
[ 1199s] checking build system type... riscv64-openEuler-linux-gnu
[ 1199s] checking host system type... riscv64-openEuler-linux-gnu
[ 1200s] checking whether ln -s works... yes
[ 1200s] checking for a sed that does not truncate output... /usr/bin/sed
[ 1202s] checking whether gcc needs -traditional... no
[ 1203s] checking how to print strings... printf
[ 1203s] checking for a sed that does not truncate output... (cached) /usr/bin/sed
[ 1203s] checking for fgrep... /usr/bin/grep -F
[ 1203s] checking for ld used by gcc... /usr/bin/ld
[ 1204s] checking if the linker (/usr/bin/ld) is GNU ld... yes
[ 1204s] checking for BSD- or MS-compatible name lister (nm)... /usr/bin/nm -B
[ 1205s] checking the name lister (/usr/bin/nm -B) interface... BSD nm
[ 1205s] checking the maximum length of command line arguments... 1572864
[ 1205s] checking how to convert riscv64-openEuler-linux-gnu file names to riscv64-openEuler-linux-gnu format... func_convert_file_noop
[ 1205s] checking how to convert riscv64-openEuler-linux-gnu file names to toolchain format... func_convert_file_noop
[ 1205s] checking for /usr/bin/ld option to reload object files... -r
[ 1205s] checking for riscv64-openEuler-linux-gnu-objdump... no
[ 1205s] checking for objdump... objdump
[ 1205s] checking how to recognize dependent libraries... pass_all
[ 1205s] checking for riscv64-openEuler-linux-gnu-dlltool... no
[ 1205s] checking for dlltool... no
[ 1205s] checking how to associate runtime and link libraries... printf %s\n
[ 1205s] checking for riscv64-openEuler-linux-gnu-ar... no
[ 1205s] checking for ar... ar
[ 1206s] checking for archiver @FILE support... @
[ 1206s] checking for riscv64-openEuler-linux-gnu-strip... no
[ 1206s] checking for strip... strip
[ 1207s] checking for riscv64-openEuler-linux-gnu-ranlib... no
[ 1207s] checking for ranlib... ranlib
[ 1211s] checking command to parse /usr/bin/nm -B output from gcc object... ok
[ 1211s] checking for sysroot... no
[ 1211s] checking for a working dd... /usr/bin/dd
[ 1211s] checking how to truncate binary pipes... /usr/bin/dd bs=4096 count=1
[ 1211s] checking for riscv64-openEuler-linux-gnu-mt... no
[ 1211s] checking for mt... no
[ 1211s] checking if : is a manifest tool... no
[ 1213s] checking for dlfcn.h... yes
[ 1213s] checking for objdir... .libs
[ 1218s] checking if gcc supports -fno-rtti -fno-exceptions... no
[ 1218s] checking for gcc option to produce PIC... -fPIC -DPIC
[ 1219s] checking if gcc PIC flag -fPIC -DPIC works... yes
[ 1222s] checking if gcc static flag -static works... yes
[ 1223s] checking if gcc supports -c -o file.o... yes
[ 1223s] checking if gcc supports -c -o file.o... (cached) yes
[ 1224s] checking whether the gcc linker (/usr/bin/ld) supports shared libraries... yes
[ 1226s] checking whether -lc should be explicitly linked in... no
[ 1231s] checking dynamic linker characteristics... GNU/Linux ld.so
[ 1231s] checking how to hardcode library paths into programs... immediate
[ 1231s] checking whether stripping libraries is possible... yes
[ 1231s] checking if libtool supports shared libraries... yes
[ 1231s] checking whether to build shared libraries... yes
[ 1231s] checking whether to build static libraries... no
[ 1233s] checking for library containing inet_ntoa... none required
[ 1234s] checking for library containing socket... none required
[ 1236s] checking for library containing inet_aton... none required
[ 1238s] checking for library containing clock_gettime... none required
[ 1239s] checking for clock_gettime... yes
[ 1241s] checking for library containing sendfile... none required
[ 1242s] checking for WIN32... no
[ 1243s] checking for MIDIPIX... no
[ 1245s] checking for CYGWIN... no
[ 1247s] checking zlib.h usability... yes
[ 1248s] checking zlib.h presence... yes
[ 1248s] checking for zlib.h... yes
[ 1252s] checking for library containing inflateEnd... -lz
[ 1252s] checking for special C compiler options needed for large files... no
[ 1253s] checking for _FILE_OFFSET_BITS value needed for large files... no
[ 1253s] checking for riscv64-openEuler-linux-gnu-pkg-config... /usr/bin/riscv64-openEuler-linux-gnu-pkg-config
[ 1253s] checking if pkg-config is at least version 0.15.0... yes
[ 1257s] checking openssl/ssl.h usability... yes
[ 1259s] checking openssl/ssl.h presence... yes
[ 1259s] checking for openssl/ssl.h... yes
[ 1261s] checking arpa/inet.h usability... yes
[ 1262s] checking arpa/inet.h presence... yes
[ 1262s] checking for arpa/inet.h... yes
[ 1265s] checking fcntl.h usability... yes
[ 1266s] checking fcntl.h presence... yes
[ 1266s] checking for fcntl.h... yes
[ 1268s] checking ifaddrs.h usability... yes
[ 1269s] checking ifaddrs.h presence... yes
[ 1269s] checking for ifaddrs.h... yes
[ 1271s] checking mach/mach_time.h usability... no
[ 1273s] checking mach/mach_time.h presence... no
[ 1273s] checking for mach/mach_time.h... no
[ 1275s] checking mach/mach.h usability... no
[ 1276s] checking mach/mach.h presence... no
[ 1276s] checking for mach/mach.h... no
[ 1278s] checking netdb.h usability... yes
[ 1279s] checking netdb.h presence... yes
[ 1279s] checking for netdb.h... yes
[ 1282s] checking netinet/in.h usability... yes
[ 1283s] checking netinet/in.h presence... yes
[ 1283s] checking for netinet/in.h... yes
[ 1285s] checking netinet/in6.h usability... no
[ 1286s] checking netinet/in6.h presence... no
[ 1286s] checking for netinet/in6.h... no
[ 1288s] checking netinet/tcp.h usability... yes
[ 1289s] checking netinet/tcp.h presence... yes
[ 1289s] checking for netinet/tcp.h... yes
[ 1291s] checking sys/un.h usability... yes
[ 1292s] checking sys/un.h presence... yes
[ 1292s] checking for sys/un.h... yes
[ 1295s] checking poll.h usability... yes
[ 1296s] checking poll.h presence... yes
[ 1296s] checking for poll.h... yes
[ 1298s] checking port.h usability... no
[ 1299s] checking port.h presence... no
[ 1299s] checking for port.h... no
[ 1301s] checking stdarg.h usability... yes
[ 1302s] checking stdarg.h presence... yes
[ 1302s] checking for stdarg.h... yes
[ 1303s] checking stddef.h usability... yes
[ 1304s] checking stddef.h presence... yes
[ 1304s] checking for stddef.h... yes
[ 1307s] checking sys/devpoll.h usability... no
[ 1308s] checking sys/devpoll.h presence... no
[ 1308s] checking for sys/devpoll.h... no
[ 1310s] checking sys/epoll.h usability... yes
[ 1311s] checking sys/epoll.h presence... yes
[ 1311s] checking for sys/epoll.h... yes
[ 1314s] checking sys/event.h usability... no
[ 1315s] checking sys/event.h presence... no
[ 1315s] checking for sys/event.h... no
[ 1317s] checking sys/eventfd.h usability... yes
[ 1318s] checking sys/eventfd.h presence... yes
[ 1318s] checking for sys/eventfd.h... yes
[ 1320s] checking sys/ioctl.h usability... yes
[ 1321s] checking sys/ioctl.h presence... yes
[ 1321s] checking for sys/ioctl.h... yes
[ 1323s] checking sys/mman.h usability... yes
[ 1324s] checking sys/mman.h presence... yes
[ 1324s] checking for sys/mman.h... yes
[ 1327s] checking sys/param.h usability... yes
[ 1328s] checking sys/param.h presence... yes
[ 1328s] checking for sys/param.h... yes
[ 1330s] checking sys/queue.h usability... yes
[ 1331s] checking sys/queue.h presence... yes
[ 1331s] checking for sys/queue.h... yes
[ 1333s] checking sys/resource.h usability... yes
[ 1334s] checking sys/resource.h presence... yes
[ 1334s] checking for sys/resource.h... yes
[ 1336s] checking sys/select.h usability... yes
[ 1337s] checking sys/select.h presence... yes
[ 1337s] checking for sys/select.h... yes
[ 1339s] checking sys/sendfile.h usability... yes
[ 1340s] checking sys/sendfile.h presence... yes
[ 1340s] checking for sys/sendfile.h... yes
[ 1343s] checking sys/socket.h usability... yes
[ 1344s] checking sys/socket.h presence... yes
[ 1344s] checking for sys/socket.h... yes
[ 1344s] checking for sys/stat.h... (cached) yes
[ 1346s] checking sys/time.h usability... yes
[ 1347s] checking sys/time.h presence... yes
[ 1347s] checking for sys/time.h... yes
[ 1349s] checking sys/timerfd.h usability... yes
[ 1350s] checking sys/timerfd.h presence... yes
[ 1350s] checking for sys/timerfd.h... yes
[ 1352s] checking sys/uio.h usability... yes
[ 1353s] checking sys/uio.h presence... yes
[ 1353s] checking for sys/uio.h... yes
[ 1355s] checking sys/wait.h usability... yes
[ 1356s] checking sys/wait.h presence... yes
[ 1356s] checking for sys/wait.h... yes
[ 1358s] checking sys/random.h usability... yes
[ 1359s] checking sys/random.h presence... yes
[ 1359s] checking for sys/random.h... yes
[ 1361s] checking errno.h usability... yes
[ 1362s] checking errno.h presence... yes
[ 1362s] checking for errno.h... yes
[ 1365s] checking afunix.h usability... no
[ 1366s] checking afunix.h presence... no
[ 1366s] checking for afunix.h... no
[ 1367s] checking for TAILQ_FOREACH in sys/queue.h... yes
[ 1368s] checking for timeradd in sys/time.h... yes
[ 1369s] checking for timercmp in sys/time.h... yes
[ 1370s] checking for timerclear in sys/time.h... yes
[ 1371s] checking for timerisset in sys/time.h... yes
[ 1372s] checking for an ANSI C-conforming const... yes
[ 1373s] checking for inline... inline
[ 1375s] checking whether time.h and sys/time.h may both be included... yes
[ 1376s] checking for accept4... yes
[ 1379s] checking for arc4random... no
[ 1381s] checking for arc4random_buf... no
[ 1383s] checking for arc4random_addrandom... no
[ 1385s] checking for eventfd... yes
[ 1388s] checking for epoll_create1... yes
[ 1390s] checking for fcntl... yes
[ 1391s] checking for getegid... yes
[ 1394s] checking for geteuid... yes
[ 1396s] checking for getifaddrs... yes
[ 1397s] checking for gettimeofday... yes
[ 1400s] checking for issetugid... no
[ 1402s] checking for mach_absolute_time... no
[ 1404s] checking for mmap... yes
[ 1406s] checking for nanosleep... yes
[ 1409s] checking for pipe... yes
[ 1411s] checking for pipe2... yes
[ 1413s] checking for putenv... yes
[ 1415s] checking for sendfile... yes
[ 1417s] checking for setenv... yes
[ 1420s] checking for setrlimit... yes
[ 1422s] checking for sigaction... yes
[ 1426s] checking for signal... yes
[ 1429s] checking for splice... yes
[ 1432s] checking for strlcpy... no
[ 1437s] checking for strsep... yes
[ 1440s] checking for strtok_r... yes
[ 1443s] checking for strtoll... yes
[ 1446s] checking for sysctl... no
[ 1450s] checking for timerfd_create... yes
[ 1454s] checking for umask... yes
[ 1457s] checking for unsetenv... yes
[ 1459s] checking for usleep... yes
[ 1462s] checking for vasprintf... yes
[ 1465s] checking for getrandom... yes
[ 1469s] checking for getnameinfo... yes
[ 1472s] checking for getprotobynumber... yes
[ 1475s] checking for getservbyname... yes
[ 1478s] checking for inet_ntop... yes
[ 1480s] checking for inet_pton... yes
[ 1485s] checking for getaddrinfo... yes
[ 1486s] checking for F_SETFD in fcntl.h... yes
[ 1489s] checking for select... yes
[ 1492s] checking for poll... yes
[ 1494s] checking for epoll_ctl... yes
[ 1498s] checking for port_create... no
[ 1505s] checking for pid_t... yes
[ 1510s] checking for size_t... yes
[ 1517s] checking for ssize_t... yes
[ 1520s] checking for uint64_t... yes
[ 1523s] checking for uint32_t... yes
[ 1526s] checking for uint16_t... yes
[ 1531s] checking for uint8_t... yes
[ 1535s] checking for uintptr_t... yes
[ 1539s] checking for fd_mask... yes
[ 1544s] checking size of long long... 8
[ 1549s] checking size of long... 8
[ 1553s] checking size of int... 4
[ 1557s] checking size of short... 2
[ 1561s] checking size of size_t... 8
[ 1566s] checking size of void *... 8
[ 1570s] checking size of off_t... 8
[ 1573s] checking size of time_t... 8
[ 1580s] checking for struct in6_addr... yes
[ 1585s] checking for struct sockaddr_in6... yes
[ 1589s] checking for struct sockaddr_un... yes
[ 1595s] checking for sa_family_t... yes
[ 1601s] checking for struct addrinfo... yes
[ 1607s] checking for struct sockaddr_storage... yes
[ 1610s] checking for struct in6_addr.s6_addr32... yes
[ 1613s] checking for struct in6_addr.s6_addr16... yes
[ 1618s] checking for struct sockaddr_in.sin_len... no
[ 1623s] checking for struct sockaddr_in6.sin6_len... no
[ 1625s] checking for struct sockaddr_storage.ss_family... yes
[ 1631s] checking for struct sockaddr_storage.__ss_family... no
[ 1634s] checking for struct linger... yes
[ 1637s] checking for socklen_t... yes
[ 1639s] checking whether our compiler supports __func__... yes
[ 1640s] checking whether our compiler supports __FUNCTION__... yes
[ 1646s] checking for the pthreads library -lpthreads... no
[ 1649s] checking whether pthreads work without any flags... yes
[ 1652s] checking for joinable pthread attribute... PTHREAD_CREATE_JOINABLE
[ 1652s] checking if more special flags are required for pthreads... no
[ 1656s] checking size of pthread_t... 8
[ 1665s] checking that generated files are newer than configure... done
[ 1665s] configure: creating ./config.status
[ 1697s] config.status: creating libevent.pc
[ 1697s] config.status: creating libevent_openssl.pc
[ 1698s] config.status: creating libevent_pthreads.pc
[ 1699s] config.status: creating libevent_core.pc
[ 1700s] config.status: creating libevent_extra.pc
[ 1701s] config.status: creating Makefile
[ 1702s] config.status: creating config.h
[ 1702s] config.status: creating evconfig-private.h
[ 1703s] config.status: executing depfiles commands
[ 1703s] config.status: executing libtool commands
[ 1705s] + /usr/bin/make -O -j8 V=1 VERBOSE=1
[ 1705s] date -u > test/rpcgen-attempted
[ 1705s] if ./test/rpcgen_wrapper.sh ./test; then \
[ 1705s]    true; \
[ 1705s] else \
[ 1705s]    echo "No Python installed; stubbing out RPC test." >&2; \
[ 1705s]    echo " "> test/regress.gen.c; \
[ 1705s]    echo "#define NO_PYTHON_EXISTS" > test/regress.gen.h; \
[ 1705s] fi
[ 1705s] /usr/bin/env: 'python': No such file or directory
[ 1705s] event_rpcgen.py failed, ./test/regress.gen.\[ch\] will be reused.
[ 1706s] test -d include/event2 || /usr/bin/mkdir -p include/event2
[ 1706s] /usr/bin/sed -f ./make-event-config.sed < config.h > include/event2/event-config.hT
[ 1706s] mv -f include/event2/event-config.hT include/event2/event-config.h
[ 1706s] /usr/bin/make  all-am
[ 1720s] make[1]: Entering directory '/home/abuild/rpmbuild/BUILD/libevent-2.1.12-stable'
[ 1720s] /bin/sh ./libtool  --tag=CC   --mode=compile gcc -DHAVE_CONFIG_H -I.  -I./compat -I./include -I./include     -O2 -g -pipe -Wall -Werror=format-security -Wp,-D_FORTIFY_SOURCE=2 -Wp,-D_GLIBCXX_ASSERTIONS -fstack-protector-strong -grecord-gcc-switches -specs=/usr/lib/rpm/generic-hardened-cc1 -fasynchronous-unwind-tables -fstack-clash-protection -Wall -fno-strict-aliasing  -W -Wfloat-equal -Wundef -Wpointer-arith -Wstrict-prototypes -Wmissing-prototypes -Wwrite-strings -Wredundant-decls -Wmissing-declarations -Wnested-externs -Wbad-function-cast -Wno-unused-parameter -Wstrict-aliasing -Winit-self -Wmissing-field-initializers -Wdeclaration-after-statement -Waddress -Wnormalized=id -Woverride-init -Wlogical-op -c -o bufferevent_pair.lo bufferevent_pair.c
[ 1720s] libtool: compile:  gcc -DHAVE_CONFIG_H -I. -I./compat -I./include -I./include -O2 -g -pipe -Wall -Werror=format-security -Wp,-D_FORTIFY_SOURCE=2 -Wp,-D_GLIBCXX_ASSERTIONS -fstack-protector-strong -grecord-gcc-switches -specs=/usr/lib/rpm/generic-hardened-cc1 -fasynchronous-unwind-tables -fstack-clash-protection -Wall -fno-strict-aliasing -W -Wfloat-equal -Wundef -Wpointer-arith -Wstrict-prototypes -Wmissing-prototypes -Wwrite-strings -Wredundant-decls -Wmissing-declarations -Wnested-externs -Wbad-function-cast -Wno-unused-parameter -Wstrict-aliasing -Winit-self -Wmissing-field-initializers -Wdeclaration-after-statement -Waddress -Wnormalized=id -Woverride-init -Wlogical-op -c bufferevent_pair.c  -fPIC -DPIC -o .libs/bufferevent_pair.o
[ 1720s] make[1]: Leaving directory '/home/abuild/rpmbuild/BUILD/libevent-2.1.12-stable'
[ 1722s] make[1]: Entering directory '/home/abuild/rpmbuild/BUILD/libevent-2.1.12-stable'
[ 1722s] /bin/sh ./libtool  --tag=CC   --mode=compile gcc -DHAVE_CONFIG_H -I.  -I./compat -I./include -I./include     -O2 -g -pipe -Wall -Werror=format-security -Wp,-D_FORTIFY_SOURCE=2 -Wp,-D_GLIBCXX_ASSERTIONS -fstack-protector-strong -grecord-gcc-switches -specs=/usr/lib/rpm/generic-hardened-cc1 -fasynchronous-unwind-tables -fstack-clash-protection -Wall -fno-strict-aliasing  -W -Wfloat-equal -Wundef -Wpointer-arith -Wstrict-prototypes -Wmissing-prototypes -Wwrite-strings -Wredundant-decls -Wmissing-declarations -Wnested-externs -Wbad-function-cast -Wno-unused-parameter -Wstrict-aliasing -Winit-self -Wmissing-field-initializers -Wdeclaration-after-statement -Waddress -Wnormalized=id -Woverride-init -Wlogical-op -c -o bufferevent_filter.lo bufferevent_filter.c
[ 1722s] libtool: compile:  gcc -DHAVE_CONFIG_H -I. -I./compat -I./include -I./include -O2 -g -pipe -Wall -Werror=format-security -Wp,-D_FORTIFY_SOURCE=2 -Wp,-D_GLIBCXX_ASSERTIONS -fstack-protector-strong -grecord-gcc-switches -specs=/usr/lib/rpm/generic-hardened-cc1 -fasynchronous-unwind-tables -fstack-clash-protection -Wall -fno-strict-aliasing -W -Wfloat-equal -Wundef -Wpointer-arith -Wstrict-prototypes -Wmissing-prototypes -Wwrite-strings -Wredundant-decls -Wmissing-declarations -Wnested-externs -Wbad-function-cast -Wno-unused-parameter -Wstrict-aliasing -Winit-self -Wmissing-field-initializers -Wdeclaration-after-statement -Waddress -Wnormalized=id -Woverride-init -Wlogical-op -c bufferevent_filter.c  -fPIC -DPIC -o .libs/bufferevent_filter.o
[ 1722s] make[1]: Leaving directory '/home/abuild/rpmbuild/BUILD/libevent-2.1.12-stable'
[ 1722s] make[1]: Entering directory '/home/abuild/rpmbuild/BUILD/libevent-2.1.12-stable'
[ 1722s] /bin/sh ./libtool  --tag=CC   --mode=compile gcc -DHAVE_CONFIG_H -I.  -I./compat -I./include -I./include     -O2 -g -pipe -Wall -Werror=format-security -Wp,-D_FORTIFY_SOURCE=2 -Wp,-D_GLIBCXX_ASSERTIONS -fstack-protector-strong -grecord-gcc-switches -specs=/usr/lib/rpm/generic-hardened-cc1 -fasynchronous-unwind-tables -fstack-clash-protection -Wall -fno-strict-aliasing  -W -Wfloat-equal -Wundef -Wpointer-arith -Wstrict-prototypes -Wmissing-prototypes -Wwrite-strings -Wredundant-decls -Wmissing-declarations -Wnested-externs -Wbad-function-cast -Wno-unused-parameter -Wstrict-aliasing -Winit-self -Wmissing-field-initializers -Wdeclaration-after-statement -Waddress -Wnormalized=id -Woverride-init -Wlogical-op -c -o bufferevent_sock.lo bufferevent_sock.c
[ 1722s] libtool: compile:  gcc -DHAVE_CONFIG_H -I. -I./compat -I./include -I./include -O2 -g -pipe -Wall -Werror=format-security -Wp,-D_FORTIFY_SOURCE=2 -Wp,-D_GLIBCXX_ASSERTIONS -fstack-protector-strong -grecord-gcc-switches -specs=/usr/lib/rpm/generic-hardened-cc1 -fasynchronous-unwind-tables -fstack-clash-protection -Wall -fno-strict-aliasing -W -Wfloat-equal -Wundef -Wpointer-arith -Wstrict-prototypes -Wmissing-prototypes -Wwrite-strings -Wredundant-decls -Wmissing-declarations -Wnested-externs -Wbad-function-cast -Wno-unused-parameter -Wstrict-aliasing -Winit-self -Wmissing-field-initializers -Wdeclaration-after-statement -Waddress -Wnormalized=id -Woverride-init -Wlogical-op -c bufferevent_sock.c  -fPIC -DPIC -o .libs/bufferevent_sock.o
[ 1722s] make[1]: Leaving directory '/home/abuild/rpmbuild/BUILD/libevent-2.1.12-stable'
[ 1725s] make[1]: Entering directory '/home/abuild/rpmbuild/BUILD/libevent-2.1.12-stable'
[ 1725s] /bin/sh ./libtool  --tag=CC   --mode=compile gcc -DHAVE_CONFIG_H -I.  -I./compat -I./include -I./include     -O2 -g -pipe -Wall -Werror=format-security -Wp,-D_FORTIFY_SOURCE=2 -Wp,-D_GLIBCXX_ASSERTIONS -fstack-protector-strong -grecord-gcc-switches -specs=/usr/lib/rpm/generic-hardened-cc1 -fasynchronous-unwind-tables -fstack-clash-protection -Wall -fno-strict-aliasing  -W -Wfloat-equal -Wundef -Wpointer-arith -Wstrict-prototypes -Wmissing-prototypes -Wwrite-strings -Wredundant-decls -Wmissing-declarations -Wnested-externs -Wbad-function-cast -Wno-unused-parameter -Wstrict-aliasing -Winit-self -Wmissing-field-initializers -Wdeclaration-after-statement -Waddress -Wnormalized=id -Woverride-init -Wlogical-op -c -o evmap.lo evmap.c
[ 1725s] libtool: compile:  gcc -DHAVE_CONFIG_H -I. -I./compat -I./include -I./include -O2 -g -pipe -Wall -Werror=format-security -Wp,-D_FORTIFY_SOURCE=2 -Wp,-D_GLIBCXX_ASSERTIONS -fstack-protector-strong -grecord-gcc-switches -specs=/usr/lib/rpm/generic-hardened-cc1 -fasynchronous-unwind-tables -fstack-clash-protection -Wall -fno-strict-aliasing -W -Wfloat-equal -Wundef -Wpointer-arith -Wstrict-prototypes -Wmissing-prototypes -Wwrite-strings -Wredundant-decls -Wmissing-declarations -Wnested-externs -Wbad-function-cast -Wno-unused-parameter -Wstrict-aliasing -Winit-self -Wmissing-field-initializers -Wdeclaration-after-statement -Waddress -Wnormalized=id -Woverride-init -Wlogical-op -c evmap.c  -fPIC -DPIC -o .libs/evmap.o
[ 1725s] make[1]: Leaving directory '/home/abuild/rpmbuild/BUILD/libevent-2.1.12-stable'
[ 1727s] make[1]: Entering directory '/home/abuild/rpmbuild/BUILD/libevent-2.1.12-stable'
[ 1727s] /bin/sh ./libtool  --tag=CC   --mode=compile gcc -DHAVE_CONFIG_H -I.  -I./compat -I./include -I./include     -O2 -g -pipe -Wall -Werror=format-security -Wp,-D_FORTIFY_SOURCE=2 -Wp,-D_GLIBCXX_ASSERTIONS -fstack-protector-strong -grecord-gcc-switches -specs=/usr/lib/rpm/generic-hardened-cc1 -fasynchronous-unwind-tables -fstack-clash-protection -Wall -fno-strict-aliasing  -W -Wfloat-equal -Wundef -Wpointer-arith -Wstrict-prototypes -Wmissing-prototypes -Wwrite-strings -Wredundant-decls -Wmissing-declarations -Wnested-externs -Wbad-function-cast -Wno-unused-parameter -Wstrict-aliasing -Winit-self -Wmissing-field-initializers -Wdeclaration-after-statement -Waddress -Wnormalized=id -Woverride-init -Wlogical-op -c -o bufferevent.lo bufferevent.c
[ 1727s] libtool: compile:  gcc -DHAVE_CONFIG_H -I. -I./compat -I./include -I./include -O2 -g -pipe -Wall -Werror=format-security -Wp,-D_FORTIFY_SOURCE=2 -Wp,-D_GLIBCXX_ASSERTIONS -fstack-protector-strong -grecord-gcc-switches -specs=/usr/lib/rpm/generic-hardened-cc1 -fasynchronous-unwind-tables -fstack-clash-protection -Wall -fno-strict-aliasing -W -Wfloat-equal -Wundef -Wpointer-arith -Wstrict-prototypes -Wmissing-prototypes -Wwrite-strings -Wredundant-decls -Wmissing-declarations -Wnested-externs -Wbad-function-cast -Wno-unused-parameter -Wstrict-aliasing -Winit-self -Wmissing-field-initializers -Wdeclaration-after-statement -Waddress -Wnormalized=id -Woverride-init -Wlogical-op -c bufferevent.c  -fPIC -DPIC -o .libs/bufferevent.o
[ 1727s] make[1]: Leaving directory '/home/abuild/rpmbuild/BUILD/libevent-2.1.12-stable'
[ 1728s] make[1]: Entering directory '/home/abuild/rpmbuild/BUILD/libevent-2.1.12-stable'
[ 1728s] /bin/sh ./libtool  --tag=CC   --mode=compile gcc -DHAVE_CONFIG_H -I.  -I./compat -I./include -I./include     -O2 -g -pipe -Wall -Werror=format-security -Wp,-D_FORTIFY_SOURCE=2 -Wp,-D_GLIBCXX_ASSERTIONS -fstack-protector-strong -grecord-gcc-switches -specs=/usr/lib/rpm/generic-hardened-cc1 -fasynchronous-unwind-tables -fstack-clash-protection -Wall -fno-strict-aliasing  -W -Wfloat-equal -Wundef -Wpointer-arith -Wstrict-prototypes -Wmissing-prototypes -Wwrite-strings -Wredundant-decls -Wmissing-declarations -Wnested-externs -Wbad-function-cast -Wno-unused-parameter -Wstrict-aliasing -Winit-self -Wmissing-field-initializers -Wdeclaration-after-statement -Waddress -Wnormalized=id -Woverride-init -Wlogical-op -c -o bufferevent_ratelim.lo bufferevent_ratelim.c
[ 1728s] libtool: compile:  gcc -DHAVE_CONFIG_H -I. -I./compat -I./include -I./include -O2 -g -pipe -Wall -Werror=format-security -Wp,-D_FORTIFY_SOURCE=2 -Wp,-D_GLIBCXX_ASSERTIONS -fstack-protector-strong -grecord-gcc-switches -specs=/usr/lib/rpm/generic-hardened-cc1 -fasynchronous-unwind-tables -fstack-clash-protection -Wall -fno-strict-aliasing -W -Wfloat-equal -Wundef -Wpointer-arith -Wstrict-prototypes -Wmissing-prototypes -Wwrite-strings -Wredundant-decls -Wmissing-declarations -Wnested-externs -Wbad-function-cast -Wno-unused-parameter -Wstrict-aliasing -Winit-self -Wmissing-field-initializers -Wdeclaration-after-statement -Waddress -Wnormalized=id -Woverride-init -Wlogical-op -c bufferevent_ratelim.c  -fPIC -DPIC -o .libs/bufferevent_ratelim.o
[ 1728s] make[1]: Leaving directory '/home/abuild/rpmbuild/BUILD/libevent-2.1.12-stable'
[ 1733s] make[1]: Entering directory '/home/abuild/rpmbuild/BUILD/libevent-2.1.12-stable'
[ 1733s] /bin/sh ./libtool  --tag=CC   --mode=compile gcc -DHAVE_CONFIG_H -I.  -I./compat -I./include -I./include     -O2 -g -pipe -Wall -Werror=format-security -Wp,-D_FORTIFY_SOURCE=2 -Wp,-D_GLIBCXX_ASSERTIONS -fstack-protector-strong -grecord-gcc-switches -specs=/usr/lib/rpm/generic-hardened-cc1 -fasynchronous-unwind-tables -fstack-clash-protection -Wall -fno-strict-aliasing  -W -Wfloat-equal -Wundef -Wpointer-arith -Wstrict-prototypes -Wmissing-prototypes -Wwrite-strings -Wredundant-decls -Wmissing-declarations -Wnested-externs -Wbad-function-cast -Wno-unused-parameter -Wstrict-aliasing -Winit-self -Wmissing-field-initializers -Wdeclaration-after-statement -Waddress -Wnormalized=id -Woverride-init -Wlogical-op -c -o evthread.lo evthread.c
[ 1733s] libtool: compile:  gcc -DHAVE_CONFIG_H -I. -I./compat -I./include -I./include -O2 -g -pipe -Wall -Werror=format-security -Wp,-D_FORTIFY_SOURCE=2 -Wp,-D_GLIBCXX_ASSERTIONS -fstack-protector-strong -grecord-gcc-switches -specs=/usr/lib/rpm/generic-hardened-cc1 -fasynchronous-unwind-tables -fstack-clash-protection -Wall -fno-strict-aliasing -W -Wfloat-equal -Wundef -Wpointer-arith -Wstrict-prototypes -Wmissing-prototypes -Wwrite-strings -Wredundant-decls -Wmissing-declarations -Wnested-externs -Wbad-function-cast -Wno-unused-parameter -Wstrict-aliasing -Winit-self -Wmissing-field-initializers -Wdeclaration-after-statement -Waddress -Wnormalized=id -Woverride-init -Wlogical-op -c evthread.c  -fPIC -DPIC -o .libs/evthread.o
[ 1733s] make[1]: Leaving directory '/home/abuild/rpmbuild/BUILD/libevent-2.1.12-stable'
[ 1735s] make[1]: Entering directory '/home/abuild/rpmbuild/BUILD/libevent-2.1.12-stable'
[ 1735s] /bin/sh ./libtool  --tag=CC   --mode=compile gcc -DHAVE_CONFIG_H -I.  -I./compat -I./include -I./include     -O2 -g -pipe -Wall -Werror=format-security -Wp,-D_FORTIFY_SOURCE=2 -Wp,-D_GLIBCXX_ASSERTIONS -fstack-protector-strong -grecord-gcc-switches -specs=/usr/lib/rpm/generic-hardened-cc1 -fasynchronous-unwind-tables -fstack-clash-protection -Wall -fno-strict-aliasing  -W -Wfloat-equal -Wundef -Wpointer-arith -Wstrict-prototypes -Wmissing-prototypes -Wwrite-strings -Wredundant-decls -Wmissing-declarations -Wnested-externs -Wbad-function-cast -Wno-unused-parameter -Wstrict-aliasing -Winit-self -Wmissing-field-initializers -Wdeclaration-after-statement -Waddress -Wnormalized=id -Woverride-init -Wlogical-op -c -o evutil_time.lo evutil_time.c
[ 1735s] libtool: compile:  gcc -DHAVE_CONFIG_H -I. -I./compat -I./include -I./include -O2 -g -pipe -Wall -Werror=format-security -Wp,-D_FORTIFY_SOURCE=2 -Wp,-D_GLIBCXX_ASSERTIONS -fstack-protector-strong -grecord-gcc-switches -specs=/usr/lib/rpm/generic-hardened-cc1 -fasynchronous-unwind-tables -fstack-clash-protection -Wall -fno-strict-aliasing -W -Wfloat-equal -Wundef -Wpointer-arith -Wstrict-prototypes -Wmissing-prototypes -Wwrite-strings -Wredundant-decls -Wmissing-declarations -Wnested-externs -Wbad-function-cast -Wno-unused-parameter -Wstrict-aliasing -Winit-self -Wmissing-field-initializers -Wdeclaration-after-statement -Waddress -Wnormalized=id -Woverride-init -Wlogical-op -c evutil_time.c  -fPIC -DPIC -o .libs/evutil_time.o
[ 1735s] make[1]: Leaving directory '/home/abuild/rpmbuild/BUILD/libevent-2.1.12-stable'
[ 1736s] make[1]: Entering directory '/home/abuild/rpmbuild/BUILD/libevent-2.1.12-stable'
[ 1736s] /bin/sh ./libtool  --tag=CC   --mode=compile gcc -DHAVE_CONFIG_H -I.  -I./compat -I./include -I./include     -O2 -g -pipe -Wall -Werror=format-security -Wp,-D_FORTIFY_SOURCE=2 -Wp,-D_GLIBCXX_ASSERTIONS -fstack-protector-strong -grecord-gcc-switches -specs=/usr/lib/rpm/generic-hardened-cc1 -fasynchronous-unwind-tables -fstack-clash-protection -Wall -fno-strict-aliasing  -W -Wfloat-equal -Wundef -Wpointer-arith -Wstrict-prototypes -Wmissing-prototypes -Wwrite-strings -Wredundant-decls -Wmissing-declarations -Wnested-externs -Wbad-function-cast -Wno-unused-parameter -Wstrict-aliasing -Winit-self -Wmissing-field-initializers -Wdeclaration-after-statement -Waddress -Wnormalized=id -Woverride-init -Wlogical-op -c -o evutil_rand.lo evutil_rand.c
[ 1736s] libtool: compile:  gcc -DHAVE_CONFIG_H -I. -I./compat -I./include -I./include -O2 -g -pipe -Wall -Werror=format-security -Wp,-D_FORTIFY_SOURCE=2 -Wp,-D_GLIBCXX_ASSERTIONS -fstack-protector-strong -grecord-gcc-switches -specs=/usr/lib/rpm/generic-hardened-cc1 -fasynchronous-unwind-tables -fstack-clash-protection -Wall -fno-strict-aliasing -W -Wfloat-equal -Wundef -Wpointer-arith -Wstrict-prototypes -Wmissing-prototypes -Wwrite-strings -Wredundant-decls -Wmissing-declarations -Wnested-externs -Wbad-function-cast -Wno-unused-parameter -Wstrict-aliasing -Winit-self -Wmissing-field-initializers -Wdeclaration-after-statement -Waddress -Wnormalized=id -Woverride-init -Wlogical-op -c evutil_rand.c  -fPIC -DPIC -o .libs/evutil_rand.o
[ 1736s] make[1]: Leaving directory '/home/abuild/rpmbuild/BUILD/libevent-2.1.12-stable'
[ 1739s] make[1]: Entering directory '/home/abuild/rpmbuild/BUILD/libevent-2.1.12-stable'
[ 1739s] /bin/sh ./libtool  --tag=CC   --mode=compile gcc -DHAVE_CONFIG_H -I.  -I./compat -I./include -I./include     -O2 -g -pipe -Wall -Werror=format-security -Wp,-D_FORTIFY_SOURCE=2 -Wp,-D_GLIBCXX_ASSERTIONS -fstack-protector-strong -grecord-gcc-switches -specs=/usr/lib/rpm/generic-hardened-cc1 -fasynchronous-unwind-tables -fstack-clash-protection -Wall -fno-strict-aliasing  -W -Wfloat-equal -Wundef -Wpointer-arith -Wstrict-prototypes -Wmissing-prototypes -Wwrite-strings -Wredundant-decls -Wmissing-declarations -Wnested-externs -Wbad-function-cast -Wno-unused-parameter -Wstrict-aliasing -Winit-self -Wmissing-field-initializers -Wdeclaration-after-statement -Waddress -Wnormalized=id -Woverride-init -Wlogical-op -c -o log.lo log.c
[ 1739s] libtool: compile:  gcc -DHAVE_CONFIG_H -I. -I./compat -I./include -I./include -O2 -g -pipe -Wall -Werror=format-security -Wp,-D_FORTIFY_SOURCE=2 -Wp,-D_GLIBCXX_ASSERTIONS -fstack-protector-strong -grecord-gcc-switches -specs=/usr/lib/rpm/generic-hardened-cc1 -fasynchronous-unwind-tables -fstack-clash-protection -Wall -fno-strict-aliasing -W -Wfloat-equal -Wundef -Wpointer-arith -Wstrict-prototypes -Wmissing-prototypes -Wwrite-strings -Wredundant-decls -Wmissing-declarations -Wnested-externs -Wbad-function-cast -Wno-unused-parameter -Wstrict-aliasing -Winit-self -Wmissing-field-initializers -Wdeclaration-after-statement -Waddress -Wnormalized=id -Woverride-init -Wlogical-op -c log.c  -fPIC -DPIC -o .libs/log.o
[ 1739s] make[1]: Leaving directory '/home/abuild/rpmbuild/BUILD/libevent-2.1.12-stable'
[ 1741s] make[1]: Entering directory '/home/abuild/rpmbuild/BUILD/libevent-2.1.12-stable'
[ 1741s] /bin/sh ./libtool  --tag=CC   --mode=compile gcc -DHAVE_CONFIG_H -I.  -I./compat -I./include -I./include     -O2 -g -pipe -Wall -Werror=format-security -Wp,-D_FORTIFY_SOURCE=2 -Wp,-D_GLIBCXX_ASSERTIONS -fstack-protector-strong -grecord-gcc-switches -specs=/usr/lib/rpm/generic-hardened-cc1 -fasynchronous-unwind-tables -fstack-clash-protection -Wall -fno-strict-aliasing  -W -Wfloat-equal -Wundef -Wpointer-arith -Wstrict-prototypes -Wmissing-prototypes -Wwrite-strings -Wredundant-decls -Wmissing-declarations -Wnested-externs -Wbad-function-cast -Wno-unused-parameter -Wstrict-aliasing -Winit-self -Wmissing-field-initializers -Wdeclaration-after-statement -Waddress -Wnormalized=id -Woverride-init -Wlogical-op -c -o listener.lo listener.c
[ 1741s] libtool: compile:  gcc -DHAVE_CONFIG_H -I. -I./compat -I./include -I./include -O2 -g -pipe -Wall -Werror=format-security -Wp,-D_FORTIFY_SOURCE=2 -Wp,-D_GLIBCXX_ASSERTIONS -fstack-protector-strong -grecord-gcc-switches -specs=/usr/lib/rpm/generic-hardened-cc1 -fasynchronous-unwind-tables -fstack-clash-protection -Wall -fno-strict-aliasing -W -Wfloat-equal -Wundef -Wpointer-arith -Wstrict-prototypes -Wmissing-prototypes -Wwrite-strings -Wredundant-decls -Wmissing-declarations -Wnested-externs -Wbad-function-cast -Wno-unused-parameter -Wstrict-aliasing -Winit-self -Wmissing-field-initializers -Wdeclaration-after-statement -Waddress -Wnormalized=id -Woverride-init -Wlogical-op -c listener.c  -fPIC -DPIC -o .libs/listener.o
[ 1741s] make[1]: Leaving directory '/home/abuild/rpmbuild/BUILD/libevent-2.1.12-stable'
[ 1741s] make[1]: Entering directory '/home/abuild/rpmbuild/BUILD/libevent-2.1.12-stable'
[ 1741s] /bin/sh ./libtool  --tag=CC   --mode=compile gcc -DHAVE_CONFIG_H -I.  -I./compat -I./include -I./include     -O2 -g -pipe -Wall -Werror=format-security -Wp,-D_FORTIFY_SOURCE=2 -Wp,-D_GLIBCXX_ASSERTIONS -fstack-protector-strong -grecord-gcc-switches -specs=/usr/lib/rpm/generic-hardened-cc1 -fasynchronous-unwind-tables -fstack-clash-protection -Wall -fno-strict-aliasing  -W -Wfloat-equal -Wundef -Wpointer-arith -Wstrict-prototypes -Wmissing-prototypes -Wwrite-strings -Wredundant-decls -Wmissing-declarations -Wnested-externs -Wbad-function-cast -Wno-unused-parameter -Wstrict-aliasing -Winit-self -Wmissing-field-initializers -Wdeclaration-after-statement -Waddress -Wnormalized=id -Woverride-init -Wlogical-op -c -o strlcpy.lo strlcpy.c
[ 1741s] libtool: compile:  gcc -DHAVE_CONFIG_H -I. -I./compat -I./include -I./include -O2 -g -pipe -Wall -Werror=format-security -Wp,-D_FORTIFY_SOURCE=2 -Wp,-D_GLIBCXX_ASSERTIONS -fstack-protector-strong -grecord-gcc-switches -specs=/usr/lib/rpm/generic-hardened-cc1 -fasynchronous-unwind-tables -fstack-clash-protection -Wall -fno-strict-aliasing -W -Wfloat-equal -Wundef -Wpointer-arith -Wstrict-prototypes -Wmissing-prototypes -Wwrite-strings -Wredundant-decls -Wmissing-declarations -Wnested-externs -Wbad-function-cast -Wno-unused-parameter -Wstrict-aliasing -Winit-self -Wmissing-field-initializers -Wdeclaration-after-statement -Waddress -Wnormalized=id -Woverride-init -Wlogical-op -c strlcpy.c  -fPIC -DPIC -o .libs/strlcpy.o
[ 1741s] make[1]: Leaving directory '/home/abuild/rpmbuild/BUILD/libevent-2.1.12-stable'
[ 1746s] make[1]: Entering directory '/home/abuild/rpmbuild/BUILD/libevent-2.1.12-stable'
[ 1746s] /bin/sh ./libtool  --tag=CC   --mode=compile gcc -DHAVE_CONFIG_H -I.  -I./compat -I./include -I./include     -O2 -g -pipe -Wall -Werror=format-security -Wp,-D_FORTIFY_SOURCE=2 -Wp,-D_GLIBCXX_ASSERTIONS -fstack-protector-strong -grecord-gcc-switches -specs=/usr/lib/rpm/generic-hardened-cc1 -fasynchronous-unwind-tables -fstack-clash-protection -Wall -fno-strict-aliasing  -W -Wfloat-equal -Wundef -Wpointer-arith -Wstrict-prototypes -Wmissing-prototypes -Wwrite-strings -Wredundant-decls -Wmissing-declarations -Wnested-externs -Wbad-function-cast -Wno-unused-parameter -Wstrict-aliasing -Winit-self -Wmissing-field-initializers -Wdeclaration-after-statement -Waddress -Wnormalized=id -Woverride-init -Wlogical-op -c -o select.lo select.c
[ 1746s] libtool: compile:  gcc -DHAVE_CONFIG_H -I. -I./compat -I./include -I./include -O2 -g -pipe -Wall -Werror=format-security -Wp,-D_FORTIFY_SOURCE=2 -Wp,-D_GLIBCXX_ASSERTIONS -fstack-protector-strong -grecord-gcc-switches -specs=/usr/lib/rpm/generic-hardened-cc1 -fasynchronous-unwind-tables -fstack-clash-protection -Wall -fno-strict-aliasing -W -Wfloat-equal -Wundef -Wpointer-arith -Wstrict-prototypes -Wmissing-prototypes -Wwrite-strings -Wredundant-decls -Wmissing-declarations -Wnested-externs -Wbad-function-cast -Wno-unused-parameter -Wstrict-aliasing -Winit-self -Wmissing-field-initializers -Wdeclaration-after-statement -Waddress -Wnormalized=id -Woverride-init -Wlogical-op -c select.c  -fPIC -DPIC -o .libs/select.o
[ 1746s] make[1]: Leaving directory '/home/abuild/rpmbuild/BUILD/libevent-2.1.12-stable'
[ 1747s] make[1]: Entering directory '/home/abuild/rpmbuild/BUILD/libevent-2.1.12-stable'
[ 1747s] /bin/sh ./libtool  --tag=CC   --mode=compile gcc -DHAVE_CONFIG_H -I.  -I./compat -I./include -I./include     -O2 -g -pipe -Wall -Werror=format-security -Wp,-D_FORTIFY_SOURCE=2 -Wp,-D_GLIBCXX_ASSERTIONS -fstack-protector-strong -grecord-gcc-switches -specs=/usr/lib/rpm/generic-hardened-cc1 -fasynchronous-unwind-tables -fstack-clash-protection -Wall -fno-strict-aliasing  -W -Wfloat-equal -Wundef -Wpointer-arith -Wstrict-prototypes -Wmissing-prototypes -Wwrite-strings -Wredundant-decls -Wmissing-declarations -Wnested-externs -Wbad-function-cast -Wno-unused-parameter -Wstrict-aliasing -Winit-self -Wmissing-field-initializers -Wdeclaration-after-statement -Waddress -Wnormalized=id -Woverride-init -Wlogical-op -c -o poll.lo poll.c
[ 1747s] libtool: compile:  gcc -DHAVE_CONFIG_H -I. -I./compat -I./include -I./include -O2 -g -pipe -Wall -Werror=format-security -Wp,-D_FORTIFY_SOURCE=2 -Wp,-D_GLIBCXX_ASSERTIONS -fstack-protector-strong -grecord-gcc-switches -specs=/usr/lib/rpm/generic-hardened-cc1 -fasynchronous-unwind-tables -fstack-clash-protection -Wall -fno-strict-aliasing -W -Wfloat-equal -Wundef -Wpointer-arith -Wstrict-prototypes -Wmissing-prototypes -Wwrite-strings -Wredundant-decls -Wmissing-declarations -Wnested-externs -Wbad-function-cast -Wno-unused-parameter -Wstrict-aliasing -Winit-self -Wmissing-field-initializers -Wdeclaration-after-statement -Waddress -Wnormalized=id -Woverride-init -Wlogical-op -c poll.c  -fPIC -DPIC -o .libs/poll.o
[ 1747s] make[1]: Leaving directory '/home/abuild/rpmbuild/BUILD/libevent-2.1.12-stable'
[ 1752s] make[1]: Entering directory '/home/abuild/rpmbuild/BUILD/libevent-2.1.12-stable'
[ 1752s] /bin/sh ./libtool  --tag=CC   --mode=compile gcc -DHAVE_CONFIG_H -I.  -I./compat -I./include -I./include     -O2 -g -pipe -Wall -Werror=format-security -Wp,-D_FORTIFY_SOURCE=2 -Wp,-D_GLIBCXX_ASSERTIONS -fstack-protector-strong -grecord-gcc-switches -specs=/usr/lib/rpm/generic-hardened-cc1 -fasynchronous-unwind-tables -fstack-clash-protection -Wall -fno-strict-aliasing  -W -Wfloat-equal -Wundef -Wpointer-arith -Wstrict-prototypes -Wmissing-prototypes -Wwrite-strings -Wredundant-decls -Wmissing-declarations -Wnested-externs -Wbad-function-cast -Wno-unused-parameter -Wstrict-aliasing -Winit-self -Wmissing-field-initializers -Wdeclaration-after-statement -Waddress -Wnormalized=id -Woverride-init -Wlogical-op -c -o evutil.lo evutil.c
[ 1752s] libtool: compile:  gcc -DHAVE_CONFIG_H -I. -I./compat -I./include -I./include -O2 -g -pipe -Wall -Werror=format-security -Wp,-D_FORTIFY_SOURCE=2 -Wp,-D_GLIBCXX_ASSERTIONS -fstack-protector-strong -grecord-gcc-switches -specs=/usr/lib/rpm/generic-hardened-cc1 -fasynchronous-unwind-tables -fstack-clash-protection -Wall -fno-strict-aliasing -W -Wfloat-equal -Wundef -Wpointer-arith -Wstrict-prototypes -Wmissing-prototypes -Wwrite-strings -Wredundant-decls -Wmissing-declarations -Wnested-externs -Wbad-function-cast -Wno-unused-parameter -Wstrict-aliasing -Winit-self -Wmissing-field-initializers -Wdeclaration-after-statement -Waddress -Wnormalized=id -Woverride-init -Wlogical-op -c evutil.c  -fPIC -DPIC -o .libs/evutil.o
[ 1752s] make[1]: Leaving directory '/home/abuild/rpmbuild/BUILD/libevent-2.1.12-stable'
[ 1752s] make[1]: Entering directory '/home/abuild/rpmbuild/BUILD/libevent-2.1.12-stable'
[ 1752s] /bin/sh ./libtool  --tag=CC   --mode=compile gcc -DHAVE_CONFIG_H -I.  -I./compat -I./include -I./include     -O2 -g -pipe -Wall -Werror=format-security -Wp,-D_FORTIFY_SOURCE=2 -Wp,-D_GLIBCXX_ASSERTIONS -fstack-protector-strong -grecord-gcc-switches -specs=/usr/lib/rpm/generic-hardened-cc1 -fasynchronous-unwind-tables -fstack-clash-protection -Wall -fno-strict-aliasing  -W -Wfloat-equal -Wundef -Wpointer-arith -Wstrict-prototypes -Wmissing-prototypes -Wwrite-strings -Wredundant-decls -Wmissing-declarations -Wnested-externs -Wbad-function-cast -Wno-unused-parameter -Wstrict-aliasing -Winit-self -Wmissing-field-initializers -Wdeclaration-after-statement -Waddress -Wnormalized=id -Woverride-init -Wlogical-op -c -o epoll.lo epoll.c
[ 1752s] libtool: compile:  gcc -DHAVE_CONFIG_H -I. -I./compat -I./include -I./include -O2 -g -pipe -Wall -Werror=format-security -Wp,-D_FORTIFY_SOURCE=2 -Wp,-D_GLIBCXX_ASSERTIONS -fstack-protector-strong -grecord-gcc-switches -specs=/usr/lib/rpm/generic-hardened-cc1 -fasynchronous-unwind-tables -fstack-clash-protection -Wall -fno-strict-aliasing -W -Wfloat-equal -Wundef -Wpointer-arith -Wstrict-prototypes -Wmissing-prototypes -Wwrite-strings -Wredundant-decls -Wmissing-declarations -Wnested-externs -Wbad-function-cast -Wno-unused-parameter -Wstrict-aliasing -Winit-self -Wmissing-field-initializers -Wdeclaration-after-statement -Waddress -Wnormalized=id -Woverride-init -Wlogical-op -c epoll.c  -fPIC -DPIC -o .libs/epoll.o
[ 1752s] make[1]: Leaving directory '/home/abuild/rpmbuild/BUILD/libevent-2.1.12-stable'
[ 1756s] make[1]: Entering directory '/home/abuild/rpmbuild/BUILD/libevent-2.1.12-stable'
[ 1756s] /bin/sh ./libtool  --tag=CC   --mode=compile gcc -DHAVE_CONFIG_H -I.  -I./compat -I./include -I./include     -O2 -g -pipe -Wall -Werror=format-security -Wp,-D_FORTIFY_SOURCE=2 -Wp,-D_GLIBCXX_ASSERTIONS -fstack-protector-strong -grecord-gcc-switches -specs=/usr/lib/rpm/generic-hardened-cc1 -fasynchronous-unwind-tables -fstack-clash-protection -Wall -fno-strict-aliasing  -W -Wfloat-equal -Wundef -Wpointer-arith -Wstrict-prototypes -Wmissing-prototypes -Wwrite-strings -Wredundant-decls -Wmissing-declarations -Wnested-externs -Wbad-function-cast -Wno-unused-parameter -Wstrict-aliasing -Winit-self -Wmissing-field-initializers -Wdeclaration-after-statement -Waddress -Wnormalized=id -Woverride-init -Wlogical-op -c -o signal.lo signal.c
[ 1756s] libtool: compile:  gcc -DHAVE_CONFIG_H -I. -I./compat -I./include -I./include -O2 -g -pipe -Wall -Werror=format-security -Wp,-D_FORTIFY_SOURCE=2 -Wp,-D_GLIBCXX_ASSERTIONS -fstack-protector-strong -grecord-gcc-switches -specs=/usr/lib/rpm/generic-hardened-cc1 -fasynchronous-unwind-tables -fstack-clash-protection -Wall -fno-strict-aliasing -W -Wfloat-equal -Wundef -Wpointer-arith -Wstrict-prototypes -Wmissing-prototypes -Wwrite-strings -Wredundant-decls -Wmissing-declarations -Wnested-externs -Wbad-function-cast -Wno-unused-parameter -Wstrict-aliasing -Winit-self -Wmissing-field-initializers -Wdeclaration-after-statement -Waddress -Wnormalized=id -Woverride-init -Wlogical-op -c signal.c  -fPIC -DPIC -o .libs/signal.o
[ 1756s] make[1]: Leaving directory '/home/abuild/rpmbuild/BUILD/libevent-2.1.12-stable'
[ 1758s] make[1]: Entering directory '/home/abuild/rpmbuild/BUILD/libevent-2.1.12-stable'
[ 1758s] /bin/sh ./libtool  --tag=CC   --mode=compile gcc -DHAVE_CONFIG_H -I.  -I./compat -I./include -I./include     -O2 -g -pipe -Wall -Werror=format-security -Wp,-D_FORTIFY_SOURCE=2 -Wp,-D_GLIBCXX_ASSERTIONS -fstack-protector-strong -grecord-gcc-switches -specs=/usr/lib/rpm/generic-hardened-cc1 -fasynchronous-unwind-tables -fstack-clash-protection -Wall -fno-strict-aliasing  -W -Wfloat-equal -Wundef -Wpointer-arith -Wstrict-prototypes -Wmissing-prototypes -Wwrite-strings -Wredundant-decls -Wmissing-declarations -Wnested-externs -Wbad-function-cast -Wno-unused-parameter -Wstrict-aliasing -Winit-self -Wmissing-field-initializers -Wdeclaration-after-statement -Waddress -Wnormalized=id -Woverride-init -Wlogical-op -c -o buffer.lo buffer.c
[ 1758s] libtool: compile:  gcc -DHAVE_CONFIG_H -I. -I./compat -I./include -I./include -O2 -g -pipe -Wall -Werror=format-security -Wp,-D_FORTIFY_SOURCE=2 -Wp,-D_GLIBCXX_ASSERTIONS -fstack-protector-strong -grecord-gcc-switches -specs=/usr/lib/rpm/generic-hardened-cc1 -fasynchronous-unwind-tables -fstack-clash-protection -Wall -fno-strict-aliasing -W -Wfloat-equal -Wundef -Wpointer-arith -Wstrict-prototypes -Wmissing-prototypes -Wwrite-strings -Wredundant-decls -Wmissing-declarations -Wnested-externs -Wbad-function-cast -Wno-unused-parameter -Wstrict-aliasing -Winit-self -Wmissing-field-initializers -Wdeclaration-after-statement -Waddress -Wnormalized=id -Woverride-init -Wlogical-op -c buffer.c  -fPIC -DPIC -o .libs/buffer.o
[ 1758s] make[1]: Leaving directory '/home/abuild/rpmbuild/BUILD/libevent-2.1.12-stable'
[ 1758s] make[1]: Entering directory '/home/abuild/rpmbuild/BUILD/libevent-2.1.12-stable'
[ 1758s] gcc -DHAVE_CONFIG_H -I.  -I./compat -I./include -I./include     -O2 -g -pipe -Wall -Werror=format-security -Wp,-D_FORTIFY_SOURCE=2 -Wp,-D_GLIBCXX_ASSERTIONS -fstack-protector-strong -grecord-gcc-switches -specs=/usr/lib/rpm/generic-hardened-cc1 -fasynchronous-unwind-tables -fstack-clash-protection -Wall -fno-strict-aliasing  -W -Wfloat-equal -Wundef -Wpointer-arith -Wstrict-prototypes -Wmissing-prototypes -Wwrite-strings -Wredundant-decls -Wmissing-declarations -Wnested-externs -Wbad-function-cast -Wno-unused-parameter -Wstrict-aliasing -Winit-self -Wmissing-field-initializers -Wdeclaration-after-statement -Waddress -Wnormalized=id -Woverride-init -Wlogical-op -c -o sample/event-read-fifo.o sample/event-read-fifo.c
[ 1758s] make[1]: Leaving directory '/home/abuild/rpmbuild/BUILD/libevent-2.1.12-stable'
[ 1761s] make[1]: Entering directory '/home/abuild/rpmbuild/BUILD/libevent-2.1.12-stable'
[ 1761s] gcc -DHAVE_CONFIG_H -I.  -I./compat -I./include -I./include     -O2 -g -pipe -Wall -Werror=format-security -Wp,-D_FORTIFY_SOURCE=2 -Wp,-D_GLIBCXX_ASSERTIONS -fstack-protector-strong -grecord-gcc-switches -specs=/usr/lib/rpm/generic-hardened-cc1 -fasynchronous-unwind-tables -fstack-clash-protection -Wall -fno-strict-aliasing  -W -Wfloat-equal -Wundef -Wpointer-arith -Wstrict-prototypes -Wmissing-prototypes -Wwrite-strings -Wredundant-decls -Wmissing-declarations -Wnested-externs -Wbad-function-cast -Wno-unused-parameter -Wstrict-aliasing -Winit-self -Wmissing-field-initializers -Wdeclaration-after-statement -Waddress -Wnormalized=id -Woverride-init -Wlogical-op -c -o sample/hello-world.o sample/hello-world.c
[ 1761s] make[1]: Leaving directory '/home/abuild/rpmbuild/BUILD/libevent-2.1.12-stable'
[ 1762s] make[1]: Entering directory '/home/abuild/rpmbuild/BUILD/libevent-2.1.12-stable'
[ 1762s] /bin/sh ./libtool  --tag=CC   --mode=compile gcc -DHAVE_CONFIG_H -I.  -I./compat -I./include -I./include     -O2 -g -pipe -Wall -Werror=format-security -Wp,-D_FORTIFY_SOURCE=2 -Wp,-D_GLIBCXX_ASSERTIONS -fstack-protector-strong -grecord-gcc-switches -specs=/usr/lib/rpm/generic-hardened-cc1 -fasynchronous-unwind-tables -fstack-clash-protection -Wall -fno-strict-aliasing  -W -Wfloat-equal -Wundef -Wpointer-arith -Wstrict-prototypes -Wmissing-prototypes -Wwrite-strings -Wredundant-decls -Wmissing-declarations -Wnested-externs -Wbad-function-cast -Wno-unused-parameter -Wstrict-aliasing -Winit-self -Wmissing-field-initializers -Wdeclaration-after-statement -Waddress -Wnormalized=id -Woverride-init -Wlogical-op -c -o event_tagging.lo event_tagging.c
[ 1762s] libtool: compile:  gcc -DHAVE_CONFIG_H -I. -I./compat -I./include -I./include -O2 -g -pipe -Wall -Werror=format-security -Wp,-D_FORTIFY_SOURCE=2 -Wp,-D_GLIBCXX_ASSERTIONS -fstack-protector-strong -grecord-gcc-switches -specs=/usr/lib/rpm/generic-hardened-cc1 -fasynchronous-unwind-tables -fstack-clash-protection -Wall -fno-strict-aliasing -W -Wfloat-equal -Wundef -Wpointer-arith -Wstrict-prototypes -Wmissing-prototypes -Wwrite-strings -Wredundant-decls -Wmissing-declarations -Wnested-externs -Wbad-function-cast -Wno-unused-parameter -Wstrict-aliasing -Winit-self -Wmissing-field-initializers -Wdeclaration-after-statement -Waddress -Wnormalized=id -Woverride-init -Wlogical-op -c event_tagging.c  -fPIC -DPIC -o .libs/event_tagging.o
[ 1762s] make[1]: Leaving directory '/home/abuild/rpmbuild/BUILD/libevent-2.1.12-stable'
[ 1764s] make[1]: Entering directory '/home/abuild/rpmbuild/BUILD/libevent-2.1.12-stable'
[ 1764s] gcc -DHAVE_CONFIG_H -I.  -I./compat -I./include -I./include     -O2 -g -pipe -Wall -Werror=format-security -Wp,-D_FORTIFY_SOURCE=2 -Wp,-D_GLIBCXX_ASSERTIONS -fstack-protector-strong -grecord-gcc-switches -specs=/usr/lib/rpm/generic-hardened-cc1 -fasynchronous-unwind-tables -fstack-clash-protection -Wall -fno-strict-aliasing  -W -Wfloat-equal -Wundef -Wpointer-arith -Wstrict-prototypes -Wmissing-prototypes -Wwrite-strings -Wredundant-decls -Wmissing-declarations -Wnested-externs -Wbad-function-cast -Wno-unused-parameter -Wstrict-aliasing -Winit-self -Wmissing-field-initializers -Wdeclaration-after-statement -Waddress -Wnormalized=id -Woverride-init -Wlogical-op -c -o sample/http-connect.o sample/http-connect.c
[ 1764s] make[1]: Leaving directory '/home/abuild/rpmbuild/BUILD/libevent-2.1.12-stable'
[ 1766s] make[1]: Entering directory '/home/abuild/rpmbuild/BUILD/libevent-2.1.12-stable'
[ 1766s] gcc -DHAVE_CONFIG_H -I.  -I./compat -I./include -I./include     -O2 -g -pipe -Wall -Werror=format-security -Wp,-D_FORTIFY_SOURCE=2 -Wp,-D_GLIBCXX_ASSERTIONS -fstack-protector-strong -grecord-gcc-switches -specs=/usr/lib/rpm/generic-hardened-cc1 -fasynchronous-unwind-tables -fstack-clash-protection -Wall -fno-strict-aliasing  -W -Wfloat-equal -Wundef -Wpointer-arith -Wstrict-prototypes -Wmissing-prototypes -Wwrite-strings -Wredundant-decls -Wmissing-declarations -Wnested-externs -Wbad-function-cast -Wno-unused-parameter -Wstrict-aliasing -Winit-self -Wmissing-field-initializers -Wdeclaration-after-statement -Waddress -Wnormalized=id -Woverride-init -Wlogical-op -c -o sample/signal-test.o sample/signal-test.c
[ 1766s] make[1]: Leaving directory '/home/abuild/rpmbuild/BUILD/libevent-2.1.12-stable'
[ 1767s] make[1]: Entering directory '/home/abuild/rpmbuild/BUILD/libevent-2.1.12-stable'
[ 1767s] gcc -DHAVE_CONFIG_H -I.  -I./compat -I./include -I./include     -O2 -g -pipe -Wall -Werror=format-security -Wp,-D_FORTIFY_SOURCE=2 -Wp,-D_GLIBCXX_ASSERTIONS -fstack-protector-strong -grecord-gcc-switches -specs=/usr/lib/rpm/generic-hardened-cc1 -fasynchronous-unwind-tables -fstack-clash-protection -Wall -fno-strict-aliasing  -W -Wfloat-equal -Wundef -Wpointer-arith -Wstrict-prototypes -Wmissing-prototypes -Wwrite-strings -Wredundant-decls -Wmissing-declarations -Wnested-externs -Wbad-function-cast -Wno-unused-parameter -Wstrict-aliasing -Winit-self -Wmissing-field-initializers -Wdeclaration-after-statement -Waddress -Wnormalized=id -Woverride-init -Wlogical-op -c -o sample/time-test.o sample/time-test.c
[ 1767s] make[1]: Leaving directory '/home/abuild/rpmbuild/BUILD/libevent-2.1.12-stable'
[ 1768s] make[1]: Entering directory '/home/abuild/rpmbuild/BUILD/libevent-2.1.12-stable'
[ 1768s] gcc -DHAVE_CONFIG_H -I.  -I./compat -I./include -I./include     -O2 -g -pipe -Wall -Werror=format-security -Wp,-D_FORTIFY_SOURCE=2 -Wp,-D_GLIBCXX_ASSERTIONS -fstack-protector-strong -grecord-gcc-switches -specs=/usr/lib/rpm/generic-hardened-cc1 -fasynchronous-unwind-tables -fstack-clash-protection -Wall -fno-strict-aliasing  -W -Wfloat-equal -Wundef -Wpointer-arith -Wstrict-prototypes -Wmissing-prototypes -Wwrite-strings -Wredundant-decls -Wmissing-declarations -Wnested-externs -Wbad-function-cast -Wno-unused-parameter -Wstrict-aliasing -Winit-self -Wmissing-field-initializers -Wdeclaration-after-statement -Waddress -Wnormalized=id -Woverride-init -Wlogical-op -c -o sample/http-server.o sample/http-server.c
[ 1768s] make[1]: Leaving directory '/home/abuild/rpmbuild/BUILD/libevent-2.1.12-stable'
[ 1769s] make[1]: Entering directory '/home/abuild/rpmbuild/BUILD/libevent-2.1.12-stable'
[ 1769s] /bin/sh ./libtool  --tag=CC   --mode=compile gcc -DHAVE_CONFIG_H -I.  -I./compat -I./include -I./include     -O2 -g -pipe -Wall -Werror=format-security -Wp,-D_FORTIFY_SOURCE=2 -Wp,-D_GLIBCXX_ASSERTIONS -fstack-protector-strong -grecord-gcc-switches -specs=/usr/lib/rpm/generic-hardened-cc1 -fasynchronous-unwind-tables -fstack-clash-protection -Wall -fno-strict-aliasing  -W -Wfloat-equal -Wundef -Wpointer-arith -Wstrict-prototypes -Wmissing-prototypes -Wwrite-strings -Wredundant-decls -Wmissing-declarations -Wnested-externs -Wbad-function-cast -Wno-unused-parameter -Wstrict-aliasing -Winit-self -Wmissing-field-initializers -Wdeclaration-after-statement -Waddress -Wnormalized=id -Woverride-init -Wlogical-op -c -o evrpc.lo evrpc.c
[ 1769s] libtool: compile:  gcc -DHAVE_CONFIG_H -I. -I./compat -I./include -I./include -O2 -g -pipe -Wall -Werror=format-security -Wp,-D_FORTIFY_SOURCE=2 -Wp,-D_GLIBCXX_ASSERTIONS -fstack-protector-strong -grecord-gcc-switches -specs=/usr/lib/rpm/generic-hardened-cc1 -fasynchronous-unwind-tables -fstack-clash-protection -Wall -fno-strict-aliasing -W -Wfloat-equal -Wundef -Wpointer-arith -Wstrict-prototypes -Wmissing-prototypes -Wwrite-strings -Wredundant-decls -Wmissing-declarations -Wnested-externs -Wbad-function-cast -Wno-unused-parameter -Wstrict-aliasing -Winit-self -Wmissing-field-initializers -Wdeclaration-after-statement -Waddress -Wnormalized=id -Woverride-init -Wlogical-op -c evrpc.c  -fPIC -DPIC -o .libs/evrpc.o
[ 1769s] make[1]: Leaving directory '/home/abuild/rpmbuild/BUILD/libevent-2.1.12-stable'
[ 1770s] make[1]: Entering directory '/home/abuild/rpmbuild/BUILD/libevent-2.1.12-stable'
[ 1770s] /bin/sh ./libtool  --tag=CC   --mode=compile gcc -DHAVE_CONFIG_H -I.  -I./compat -I./include -I./include     -O2 -g -pipe -Wall -Werror=format-security -Wp,-D_FORTIFY_SOURCE=2 -Wp,-D_GLIBCXX_ASSERTIONS -fstack-protector-strong -grecord-gcc-switches -specs=/usr/lib/rpm/generic-hardened-cc1 -fasynchronous-unwind-tables -fstack-clash-protection -Wall -fno-strict-aliasing  -W -Wfloat-equal -Wundef -Wpointer-arith -Wstrict-prototypes -Wmissing-prototypes -Wwrite-strings -Wredundant-decls -Wmissing-declarations -Wnested-externs -Wbad-function-cast -Wno-unused-parameter -Wstrict-aliasing -Winit-self -Wmissing-field-initializers -Wdeclaration-after-statement -Waddress -Wnormalized=id -Woverride-init -Wlogical-op -c -o event.lo event.c
[ 1770s] libtool: compile:  gcc -DHAVE_CONFIG_H -I. -I./compat -I./include -I./include -O2 -g -pipe -Wall -Werror=format-security -Wp,-D_FORTIFY_SOURCE=2 -Wp,-D_GLIBCXX_ASSERTIONS -fstack-protector-strong -grecord-gcc-switches -specs=/usr/lib/rpm/generic-hardened-cc1 -fasynchronous-unwind-tables -fstack-clash-protection -Wall -fno-strict-aliasing -W -Wfloat-equal -Wundef -Wpointer-arith -Wstrict-prototypes -Wmissing-prototypes -Wwrite-strings -Wredundant-decls -Wmissing-declarations -Wnested-externs -Wbad-function-cast -Wno-unused-parameter -Wstrict-aliasing -Winit-self -Wmissing-field-initializers -Wdeclaration-after-statement -Waddress -Wnormalized=id -Woverride-init -Wlogical-op -c event.c  -fPIC -DPIC -o .libs/event.o
[ 1770s] make[1]: Leaving directory '/home/abuild/rpmbuild/BUILD/libevent-2.1.12-stable'
[ 1772s] make[1]: Entering directory '/home/abuild/rpmbuild/BUILD/libevent-2.1.12-stable'
[ 1772s] gcc -DHAVE_CONFIG_H -I.  -I./compat -I./include -I./include      -O2 -g -pipe -Wall -Werror=format-security -Wp,-D_FORTIFY_SOURCE=2 -Wp,-D_GLIBCXX_ASSERTIONS -fstack-protector-strong -grecord-gcc-switches -specs=/usr/lib/rpm/generic-hardened-cc1 -fasynchronous-unwind-tables -fstack-clash-protection -Wall -fno-strict-aliasing  -W -Wfloat-equal -Wundef -Wpointer-arith -Wstrict-prototypes -Wmissing-prototypes -Wwrite-strings -Wredundant-decls -Wmissing-declarations -Wnested-externs -Wbad-function-cast -Wno-unused-parameter -Wstrict-aliasing -Winit-self -Wmissing-field-initializers -Wdeclaration-after-statement -Waddress -Wnormalized=id -Woverride-init -Wlogical-op -c -o sample/https_client-hostcheck.o `test -f 'sample/hostcheck.c' || echo './'`sample/hostcheck.c
[ 1772s] make[1]: Leaving directory '/home/abuild/rpmbuild/BUILD/libevent-2.1.12-stable'
[ 1774s] make[1]: Entering directory '/home/abuild/rpmbuild/BUILD/libevent-2.1.12-stable'
[ 1774s] gcc -DHAVE_CONFIG_H -I.  -I./compat -I./include -I./include      -O2 -g -pipe -Wall -Werror=format-security -Wp,-D_FORTIFY_SOURCE=2 -Wp,-D_GLIBCXX_ASSERTIONS -fstack-protector-strong -grecord-gcc-switches -specs=/usr/lib/rpm/generic-hardened-cc1 -fasynchronous-unwind-tables -fstack-clash-protection -Wall -fno-strict-aliasing  -W -Wfloat-equal -Wundef -Wpointer-arith -Wstrict-prototypes -Wmissing-prototypes -Wwrite-strings -Wredundant-decls -Wmissing-declarations -Wnested-externs -Wbad-function-cast -Wno-unused-parameter -Wstrict-aliasing -Winit-self -Wmissing-field-initializers -Wdeclaration-after-statement -Waddress -Wnormalized=id -Woverride-init -Wlogical-op -c -o sample/le_proxy-le-proxy.o `test -f 'sample/le-proxy.c' || echo './'`sample/le-proxy.c
[ 1774s] make[1]: Leaving directory '/home/abuild/rpmbuild/BUILD/libevent-2.1.12-stable'
[ 1777s] make[1]: Entering directory '/home/abuild/rpmbuild/BUILD/libevent-2.1.12-stable'
[ 1777s] gcc -DHAVE_CONFIG_H -I.  -I./compat -I./include -I./include     -O2 -g -pipe -Wall -Werror=format-security -Wp,-D_FORTIFY_SOURCE=2 -Wp,-D_GLIBCXX_ASSERTIONS -fstack-protector-strong -grecord-gcc-switches -specs=/usr/lib/rpm/generic-hardened-cc1 -fasynchronous-unwind-tables -fstack-clash-protection -Wall -fno-strict-aliasing  -W -Wfloat-equal -Wundef -Wpointer-arith -Wstrict-prototypes -Wmissing-prototypes -Wwrite-strings -Wredundant-decls -Wmissing-declarations -Wnested-externs -Wbad-function-cast -Wno-unused-parameter -Wstrict-aliasing -Winit-self -Wmissing-field-initializers -Wdeclaration-after-statement -Waddress -Wnormalized=id -Woverride-init -Wlogical-op -c -o test/test-changelist.o test/test-changelist.c
[ 1777s] make[1]: Leaving directory '/home/abuild/rpmbuild/BUILD/libevent-2.1.12-stable'
[ 1778s] make[1]: Entering directory '/home/abuild/rpmbuild/BUILD/libevent-2.1.12-stable'
[ 1778s] gcc -DHAVE_CONFIG_H -I.  -I./compat -I./include -I./include      -O2 -g -pipe -Wall -Werror=format-security -Wp,-D_FORTIFY_SOURCE=2 -Wp,-D_GLIBCXX_ASSERTIONS -fstack-protector-strong -grecord-gcc-switches -specs=/usr/lib/rpm/generic-hardened-cc1 -fasynchronous-unwind-tables -fstack-clash-protection -Wall -fno-strict-aliasing  -W -Wfloat-equal -Wundef -Wpointer-arith -Wstrict-prototypes -Wmissing-prototypes -Wwrite-strings -Wredundant-decls -Wmissing-declarations -Wnested-externs -Wbad-function-cast -Wno-unused-parameter -Wstrict-aliasing -Winit-self -Wmissing-field-initializers -Wdeclaration-after-statement -Waddress -Wnormalized=id -Woverride-init -Wlogical-op -c -o sample/https_client-https-client.o `test -f 'sample/https-client.c' || echo './'`sample/https-client.c
[ 1778s] make[1]: Leaving directory '/home/abuild/rpmbuild/BUILD/libevent-2.1.12-stable'
[ 1779s] make[1]: Entering directory '/home/abuild/rpmbuild/BUILD/libevent-2.1.12-stable'
[ 1779s] gcc -DHAVE_CONFIG_H -I.  -I./compat -I./include -I./include      -O2 -g -pipe -Wall -Werror=format-security -Wp,-D_FORTIFY_SOURCE=2 -Wp,-D_GLIBCXX_ASSERTIONS -fstack-protector-strong -grecord-gcc-switches -specs=/usr/lib/rpm/generic-hardened-cc1 -fasynchronous-unwind-tables -fstack-clash-protection -Wall -fno-strict-aliasing  -W -Wfloat-equal -Wundef -Wpointer-arith -Wstrict-prototypes -Wmissing-prototypes -Wwrite-strings -Wredundant-decls -Wmissing-declarations -Wnested-externs -Wbad-function-cast -Wno-unused-parameter -Wstrict-aliasing -Winit-self -Wmissing-field-initializers -Wdeclaration-after-statement -Waddress -Wnormalized=id -Woverride-init -Wlogical-op -c -o sample/https_client-openssl_hostname_validation.o `test -f 'sample/openssl_hostname_validation.c' || echo './'`sample/openssl_hostname_validation.c
[ 1779s] make[1]: Leaving directory '/home/abuild/rpmbuild/BUILD/libevent-2.1.12-stable'
[ 1781s] make[1]: Entering directory '/home/abuild/rpmbuild/BUILD/libevent-2.1.12-stable'
[ 1781s] gcc -DHAVE_CONFIG_H -I.  -I./compat -I./include -I./include     -O2 -g -pipe -Wall -Werror=format-security -Wp,-D_FORTIFY_SOURCE=2 -Wp,-D_GLIBCXX_ASSERTIONS -fstack-protector-strong -grecord-gcc-switches -specs=/usr/lib/rpm/generic-hardened-cc1 -fasynchronous-unwind-tables -fstack-clash-protection -Wall -fno-strict-aliasing  -W -Wfloat-equal -Wundef -Wpointer-arith -Wstrict-prototypes -Wmissing-prototypes -Wwrite-strings -Wredundant-decls -Wmissing-declarations -Wnested-externs -Wbad-function-cast -Wno-unused-parameter -Wstrict-aliasing -Winit-self -Wmissing-field-initializers -Wdeclaration-after-statement -Waddress -Wnormalized=id -Woverride-init -Wlogical-op -c -o test/test-dumpevents.o test/test-dumpevents.c
[ 1781s] make[1]: Leaving directory '/home/abuild/rpmbuild/BUILD/libevent-2.1.12-stable'
[ 1783s] make[1]: Entering directory '/home/abuild/rpmbuild/BUILD/libevent-2.1.12-stable'
[ 1783s] gcc -DHAVE_CONFIG_H -I.  -I./compat -I./include -I./include     -O2 -g -pipe -Wall -Werror=format-security -Wp,-D_FORTIFY_SOURCE=2 -Wp,-D_GLIBCXX_ASSERTIONS -fstack-protector-strong -grecord-gcc-switches -specs=/usr/lib/rpm/generic-hardened-cc1 -fasynchronous-unwind-tables -fstack-clash-protection -Wall -fno-strict-aliasing  -W -Wfloat-equal -Wundef -Wpointer-arith -Wstrict-prototypes -Wmissing-prototypes -Wwrite-strings -Wredundant-decls -Wmissing-declarations -Wnested-externs -Wbad-function-cast -Wno-unused-parameter -Wstrict-aliasing -Winit-self -Wmissing-field-initializers -Wdeclaration-after-statement -Waddress -Wnormalized=id -Woverride-init -Wlogical-op -c -o test/test-eof.o test/test-eof.c
[ 1783s] make[1]: Leaving directory '/home/abuild/rpmbuild/BUILD/libevent-2.1.12-stable'
[ 1783s] make[1]: Entering directory '/home/abuild/rpmbuild/BUILD/libevent-2.1.12-stable'
[ 1783s] gcc -DHAVE_CONFIG_H -I.  -I./compat -I./include -I./include     -O2 -g -pipe -Wall -Werror=format-security -Wp,-D_FORTIFY_SOURCE=2 -Wp,-D_GLIBCXX_ASSERTIONS -fstack-protector-strong -grecord-gcc-switches -specs=/usr/lib/rpm/generic-hardened-cc1 -fasynchronous-unwind-tables -fstack-clash-protection -Wall -fno-strict-aliasing  -W -Wfloat-equal -Wundef -Wpointer-arith -Wstrict-prototypes -Wmissing-prototypes -Wwrite-strings -Wredundant-decls -Wmissing-declarations -Wnested-externs -Wbad-function-cast -Wno-unused-parameter -Wstrict-aliasing -Winit-self -Wmissing-field-initializers -Wdeclaration-after-statement -Waddress -Wnormalized=id -Woverride-init -Wlogical-op -c -o test/test-closed.o test/test-closed.c
[ 1783s] make[1]: Leaving directory '/home/abuild/rpmbuild/BUILD/libevent-2.1.12-stable'
[ 1784s] make[1]: Entering directory '/home/abuild/rpmbuild/BUILD/libevent-2.1.12-stable'
[ 1784s] gcc -DHAVE_CONFIG_H -I.  -I./compat -I./include -I./include     -O2 -g -pipe -Wall -Werror=format-security -Wp,-D_FORTIFY_SOURCE=2 -Wp,-D_GLIBCXX_ASSERTIONS -fstack-protector-strong -grecord-gcc-switches -specs=/usr/lib/rpm/generic-hardened-cc1 -fasynchronous-unwind-tables -fstack-clash-protection -Wall -fno-strict-aliasing  -W -Wfloat-equal -Wundef -Wpointer-arith -Wstrict-prototypes -Wmissing-prototypes -Wwrite-strings -Wredundant-decls -Wmissing-declarations -Wnested-externs -Wbad-function-cast -Wno-unused-parameter -Wstrict-aliasing -Winit-self -Wmissing-field-initializers -Wdeclaration-after-statement -Waddress -Wnormalized=id -Woverride-init -Wlogical-op -c -o test/test-fdleak.o test/test-fdleak.c
[ 1784s] make[1]: Leaving directory '/home/abuild/rpmbuild/BUILD/libevent-2.1.12-stable'
[ 1785s] make[1]: Entering directory '/home/abuild/rpmbuild/BUILD/libevent-2.1.12-stable'
[ 1785s] /bin/sh ./libtool  --tag=CC   --mode=link gcc  -O2 -g -pipe -Wall -Werror=format-security -Wp,-D_FORTIFY_SOURCE=2 -Wp,-D_GLIBCXX_ASSERTIONS -fstack-protector-strong -grecord-gcc-switches -specs=/usr/lib/rpm/generic-hardened-cc1 -fasynchronous-unwind-tables -fstack-clash-protection -Wall -fno-strict-aliasing  -W -Wfloat-equal -Wundef -Wpointer-arith -Wstrict-prototypes -Wmissing-prototypes -Wwrite-strings -Wredundant-decls -Wmissing-declarations -Wnested-externs -Wbad-function-cast -Wno-unused-parameter -Wstrict-aliasing -Winit-self -Wmissing-field-initializers -Wdeclaration-after-statement -Waddress -Wnormalized=id -Woverride-init -Wlogical-op -version-info 7:1:0 -release 2.1   -Wl,-z,relro   -Wl,-z,now -specs=/usr/lib/rpm/generic-hardened-ld -o libevent_core.la -rpath /usr/lib64 buffer.lo bufferevent.lo bufferevent_filter.lo bufferevent_pair.lo bufferevent_ratelim.lo bufferevent_sock.lo event.lo evmap.lo evthread.lo evutil.lo evutil_rand.lo evutil_time.lo listener.lo log.lo strlcpy.lo select.lo poll.lo   epoll.lo  signal.lo   
[ 1785s] libtool: link: gcc -shared  -fPIC -DPIC  .libs/buffer.o .libs/bufferevent.o .libs/bufferevent_filter.o .libs/bufferevent_pair.o .libs/bufferevent_ratelim.o .libs/bufferevent_sock.o .libs/event.o .libs/evmap.o .libs/evthread.o .libs/evutil.o .libs/evutil_rand.o .libs/evutil_time.o .libs/listener.o .libs/log.o .libs/strlcpy.o .libs/select.o .libs/poll.o .libs/epoll.o .libs/signal.o   -Wl,-z,now -specs=/usr/lib/rpm/generic-hardened-ld -O2 -g -fstack-protector-strong -grecord-gcc-switches -specs=/usr/lib/rpm/generic-hardened-cc1 -Wl,-z -Wl,relro -Wl,-z -Wl,now -specs=/usr/lib/rpm/generic-hardened-ld   -Wl,-soname -Wl,libevent_core-2.1.so.7 -o .libs/libevent_core-2.1.so.7.0.1
[ 1785s] libtool: link: (cd ".libs" && rm -f "libevent_core-2.1.so.7" && ln -s "libevent_core-2.1.so.7.0.1" "libevent_core-2.1.so.7")
[ 1785s] libtool: link: (cd ".libs" && rm -f "libevent_core.so" && ln -s "libevent_core-2.1.so.7.0.1" "libevent_core.so")
[ 1785s] libtool: link: ( cd ".libs" && rm -f "libevent_core.la" && ln -s "../libevent_core.la" "libevent_core.la" )
[ 1785s] make[1]: Leaving directory '/home/abuild/rpmbuild/BUILD/libevent-2.1.12-stable'
[ 1786s] make[1]: Entering directory '/home/abuild/rpmbuild/BUILD/libevent-2.1.12-stable'
[ 1786s] gcc -DHAVE_CONFIG_H -I.  -I./compat -I./include -I./include     -O2 -g -pipe -Wall -Werror=format-security -Wp,-D_FORTIFY_SOURCE=2 -Wp,-D_GLIBCXX_ASSERTIONS -fstack-protector-strong -grecord-gcc-switches -specs=/usr/lib/rpm/generic-hardened-cc1 -fasynchronous-unwind-tables -fstack-clash-protection -Wall -fno-strict-aliasing  -W -Wfloat-equal -Wundef -Wpointer-arith -Wstrict-prototypes -Wmissing-prototypes -Wwrite-strings -Wredundant-decls -Wmissing-declarations -Wnested-externs -Wbad-function-cast -Wno-unused-parameter -Wstrict-aliasing -Winit-self -Wmissing-field-initializers -Wdeclaration-after-statement -Waddress -Wnormalized=id -Woverride-init -Wlogical-op -c -o test/test-init.o test/test-init.c
[ 1786s] make[1]: Leaving directory '/home/abuild/rpmbuild/BUILD/libevent-2.1.12-stable'
[ 1789s] make[1]: Entering directory '/home/abuild/rpmbuild/BUILD/libevent-2.1.12-stable'
[ 1789s] gcc -DHAVE_CONFIG_H -I.  -I./compat -I./include -I./include     -O2 -g -pipe -Wall -Werror=format-security -Wp,-D_FORTIFY_SOURCE=2 -Wp,-D_GLIBCXX_ASSERTIONS -fstack-protector-strong -grecord-gcc-switches -specs=/usr/lib/rpm/generic-hardened-cc1 -fasynchronous-unwind-tables -fstack-clash-protection -Wall -fno-strict-aliasing  -W -Wfloat-equal -Wundef -Wpointer-arith -Wstrict-prototypes -Wmissing-prototypes -Wwrite-strings -Wredundant-decls -Wmissing-declarations -Wnested-externs -Wbad-function-cast -Wno-unused-parameter -Wstrict-aliasing -Winit-self -Wmissing-field-initializers -Wdeclaration-after-statement -Waddress -Wnormalized=id -Woverride-init -Wlogical-op -c -o test/test-time.o test/test-time.c
[ 1789s] make[1]: Leaving directory '/home/abuild/rpmbuild/BUILD/libevent-2.1.12-stable'
[ 1789s] make[1]: Entering directory '/home/abuild/rpmbuild/BUILD/libevent-2.1.12-stable'
[ 1789s] gcc -DHAVE_CONFIG_H -I.  -I./compat -I./include -I./include     -O2 -g -pipe -Wall -Werror=format-security -Wp,-D_FORTIFY_SOURCE=2 -Wp,-D_GLIBCXX_ASSERTIONS -fstack-protector-strong -grecord-gcc-switches -specs=/usr/lib/rpm/generic-hardened-cc1 -fasynchronous-unwind-tables -fstack-clash-protection -Wall -fno-strict-aliasing  -W -Wfloat-equal -Wundef -Wpointer-arith -Wstrict-prototypes -Wmissing-prototypes -Wwrite-strings -Wredundant-decls -Wmissing-declarations -Wnested-externs -Wbad-function-cast -Wno-unused-parameter -Wstrict-aliasing -Winit-self -Wmissing-field-initializers -Wdeclaration-after-statement -Waddress -Wnormalized=id -Woverride-init -Wlogical-op -c -o test/test-weof.o test/test-weof.c
[ 1789s] make[1]: Leaving directory '/home/abuild/rpmbuild/BUILD/libevent-2.1.12-stable'
[ 1795s] make[1]: Entering directory '/home/abuild/rpmbuild/BUILD/libevent-2.1.12-stable'
[ 1795s] /bin/sh ./libtool  --tag=CC   --mode=compile gcc -DHAVE_CONFIG_H -I.  -I./compat -I./include -I./include      -O2 -g -pipe -Wall -Werror=format-security -Wp,-D_FORTIFY_SOURCE=2 -Wp,-D_GLIBCXX_ASSERTIONS -fstack-protector-strong -grecord-gcc-switches -specs=/usr/lib/rpm/generic-hardened-cc1 -fasynchronous-unwind-tables -fstack-clash-protection -Wall -fno-strict-aliasing  -W -Wfloat-equal -Wundef -Wpointer-arith -Wstrict-prototypes -Wmissing-prototypes -Wwrite-strings -Wredundant-decls -Wmissing-declarations -Wnested-externs -Wbad-function-cast -Wno-unused-parameter -Wstrict-aliasing -Winit-self -Wmissing-field-initializers -Wdeclaration-after-statement -Waddress -Wnormalized=id -Woverride-init -Wlogical-op -c -o libevent_openssl_la-bufferevent_openssl.lo `test -f 'bufferevent_openssl.c' || echo './'`bufferevent_openssl.c
[ 1795s] libtool: compile:  gcc -DHAVE_CONFIG_H -I. -I./compat -I./include -I./include -O2 -g -pipe -Wall -Werror=format-security -Wp,-D_FORTIFY_SOURCE=2 -Wp,-D_GLIBCXX_ASSERTIONS -fstack-protector-strong -grecord-gcc-switches -specs=/usr/lib/rpm/generic-hardened-cc1 -fasynchronous-unwind-tables -fstack-clash-protection -Wall -fno-strict-aliasing -W -Wfloat-equal -Wundef -Wpointer-arith -Wstrict-prototypes -Wmissing-prototypes -Wwrite-strings -Wredundant-decls -Wmissing-declarations -Wnested-externs -Wbad-function-cast -Wno-unused-parameter -Wstrict-aliasing -Winit-self -Wmissing-field-initializers -Wdeclaration-after-statement -Waddress -Wnormalized=id -Woverride-init -Wlogical-op -c bufferevent_openssl.c  -fPIC -DPIC -o .libs/libevent_openssl_la-bufferevent_openssl.o
[ 1795s] make[1]: Leaving directory '/home/abuild/rpmbuild/BUILD/libevent-2.1.12-stable'
[ 1798s] make[1]: Entering directory '/home/abuild/rpmbuild/BUILD/libevent-2.1.12-stable'
[ 1798s] gcc -DHAVE_CONFIG_H -I.  -I./compat -I./include -I./include     -O2 -g -pipe -Wall -Werror=format-security -Wp,-D_FORTIFY_SOURCE=2 -Wp,-D_GLIBCXX_ASSERTIONS -fstack-protector-strong -grecord-gcc-switches -specs=/usr/lib/rpm/generic-hardened-cc1 -fasynchronous-unwind-tables -fstack-clash-protection -Wall -fno-strict-aliasing  -W -Wfloat-equal -Wundef -Wpointer-arith -Wstrict-prototypes -Wmissing-prototypes -Wwrite-strings -Wredundant-decls -Wmissing-declarations -Wnested-externs -Wbad-function-cast -Wno-unused-parameter -Wstrict-aliasing -Winit-self -Wmissing-field-initializers -Wdeclaration-after-statement -Waddress -Wnormalized=id -Woverride-init -Wlogical-op -c -o test/test-ratelim.o test/test-ratelim.c
[ 1798s] make[1]: Leaving directory '/home/abuild/rpmbuild/BUILD/libevent-2.1.12-stable'
[ 1803s] make[1]: Entering directory '/home/abuild/rpmbuild/BUILD/libevent-2.1.12-stable'
[ 1803s] gcc -DHAVE_CONFIG_H -I.  -I./compat -I./include -I./include     -Itest    -O2 -g -pipe -Wall -Werror=format-security -Wp,-D_FORTIFY_SOURCE=2 -Wp,-D_GLIBCXX_ASSERTIONS -fstack-protector-strong -grecord-gcc-switches -specs=/usr/lib/rpm/generic-hardened-cc1 -fasynchronous-unwind-tables -fstack-clash-protection -Wall -fno-strict-aliasing  -W -Wfloat-equal -Wundef -Wpointer-arith -Wstrict-prototypes -Wmissing-prototypes -Wwrite-strings -Wredundant-decls -Wmissing-declarations -Wnested-externs -Wbad-function-cast -Wno-unused-parameter -Wstrict-aliasing -Winit-self -Wmissing-field-initializers -Wdeclaration-after-statement -Waddress -Wnormalized=id -Woverride-init -Wlogical-op -c -o test/regress-regress.gen.o `test -f 'test/regress.gen.c' || echo './'`test/regress.gen.c
[ 1803s] make[1]: Leaving directory '/home/abuild/rpmbuild/BUILD/libevent-2.1.12-stable'
[ 1806s] make[1]: Entering directory '/home/abuild/rpmbuild/BUILD/libevent-2.1.12-stable'
[ 1806s] /bin/sh ./libtool  --tag=CC   --mode=compile gcc -DHAVE_CONFIG_H -I.  -I./compat -I./include -I./include     -O2 -g -pipe -Wall -Werror=format-security -Wp,-D_FORTIFY_SOURCE=2 -Wp,-D_GLIBCXX_ASSERTIONS -fstack-protector-strong -grecord-gcc-switches -specs=/usr/lib/rpm/generic-hardened-cc1 -fasynchronous-unwind-tables -fstack-clash-protection -Wall -fno-strict-aliasing  -W -Wfloat-equal -Wundef -Wpointer-arith -Wstrict-prototypes -Wmissing-prototypes -Wwrite-strings -Wredundant-decls -Wmissing-declarations -Wnested-externs -Wbad-function-cast -Wno-unused-parameter -Wstrict-aliasing -Winit-self -Wmissing-field-initializers -Wdeclaration-after-statement -Waddress -Wnormalized=id -Woverride-init -Wlogical-op -c -o evdns.lo evdns.c
[ 1806s] libtool: compile:  gcc -DHAVE_CONFIG_H -I. -I./compat -I./include -I./include -O2 -g -pipe -Wall -Werror=format-security -Wp,-D_FORTIFY_SOURCE=2 -Wp,-D_GLIBCXX_ASSERTIONS -fstack-protector-strong -grecord-gcc-switches -specs=/usr/lib/rpm/generic-hardened-cc1 -fasynchronous-unwind-tables -fstack-clash-protection -Wall -fno-strict-aliasing -W -Wfloat-equal -Wundef -Wpointer-arith -Wstrict-prototypes -Wmissing-prototypes -Wwrite-strings -Wredundant-decls -Wmissing-declarations -Wnested-externs -Wbad-function-cast -Wno-unused-parameter -Wstrict-aliasing -Winit-self -Wmissing-field-initializers -Wdeclaration-after-statement -Waddress -Wnormalized=id -Woverride-init -Wlogical-op -c evdns.c  -fPIC -DPIC -o .libs/evdns.o
[ 1806s] make[1]: Leaving directory '/home/abuild/rpmbuild/BUILD/libevent-2.1.12-stable'
[ 1809s] make[1]: Entering directory '/home/abuild/rpmbuild/BUILD/libevent-2.1.12-stable'
[ 1809s] /bin/sh ./libtool  --tag=CC   --mode=compile gcc -DHAVE_CONFIG_H -I.  -I./compat -I./include -I./include     -O2 -g -pipe -Wall -Werror=format-security -Wp,-D_FORTIFY_SOURCE=2 -Wp,-D_GLIBCXX_ASSERTIONS -fstack-protector-strong -grecord-gcc-switches -specs=/usr/lib/rpm/generic-hardened-cc1 -fasynchronous-unwind-tables -fstack-clash-protection -Wall -fno-strict-aliasing  -W -Wfloat-equal -Wundef -Wpointer-arith -Wstrict-prototypes -Wmissing-prototypes -Wwrite-strings -Wredundant-decls -Wmissing-declarations -Wnested-externs -Wbad-function-cast -Wno-unused-parameter -Wstrict-aliasing -Winit-self -Wmissing-field-initializers -Wdeclaration-after-statement -Waddress -Wnormalized=id -Woverride-init -Wlogical-op -c -o http.lo http.c
[ 1809s] libtool: compile:  gcc -DHAVE_CONFIG_H -I. -I./compat -I./include -I./include -O2 -g -pipe -Wall -Werror=format-security -Wp,-D_FORTIFY_SOURCE=2 -Wp,-D_GLIBCXX_ASSERTIONS -fstack-protector-strong -grecord-gcc-switches -specs=/usr/lib/rpm/generic-hardened-cc1 -fasynchronous-unwind-tables -fstack-clash-protection -Wall -fno-strict-aliasing -W -Wfloat-equal -Wundef -Wpointer-arith -Wstrict-prototypes -Wmissing-prototypes -Wwrite-strings -Wredundant-decls -Wmissing-declarations -Wnested-externs -Wbad-function-cast -Wno-unused-parameter -Wstrict-aliasing -Winit-self -Wmissing-field-initializers -Wdeclaration-after-statement -Waddress -Wnormalized=id -Woverride-init -Wlogical-op -c http.c  -fPIC -DPIC -o .libs/http.o
[ 1809s] make[1]: Leaving directory '/home/abuild/rpmbuild/BUILD/libevent-2.1.12-stable'
[ 1813s] make[1]: Entering directory '/home/abuild/rpmbuild/BUILD/libevent-2.1.12-stable'
[ 1813s] gcc -DHAVE_CONFIG_H -I.  -I./compat -I./include -I./include     -Itest    -O2 -g -pipe -Wall -Werror=format-security -Wp,-D_FORTIFY_SOURCE=2 -Wp,-D_GLIBCXX_ASSERTIONS -fstack-protector-strong -grecord-gcc-switches -specs=/usr/lib/rpm/generic-hardened-cc1 -fasynchronous-unwind-tables -fstack-clash-protection -Wall -fno-strict-aliasing  -W -Wfloat-equal -Wundef -Wpointer-arith -Wstrict-prototypes -Wmissing-prototypes -Wwrite-strings -Wredundant-decls -Wmissing-declarations -Wnested-externs -Wbad-function-cast -Wno-unused-parameter -Wstrict-aliasing -Winit-self -Wmissing-field-initializers -Wdeclaration-after-statement -Waddress -Wnormalized=id -Woverride-init -Wlogical-op -c -o test/regress-regress_et.o `test -f 'test/regress_et.c' || echo './'`test/regress_et.c
[ 1813s] make[1]: Leaving directory '/home/abuild/rpmbuild/BUILD/libevent-2.1.12-stable'
[ 1817s] make[1]: Entering directory '/home/abuild/rpmbuild/BUILD/libevent-2.1.12-stable'
[ 1817s] gcc -DHAVE_CONFIG_H -I.  -I./compat -I./include -I./include     -Itest    -O2 -g -pipe -Wall -Werror=format-security -Wp,-D_FORTIFY_SOURCE=2 -Wp,-D_GLIBCXX_ASSERTIONS -fstack-protector-strong -grecord-gcc-switches -specs=/usr/lib/rpm/generic-hardened-cc1 -fasynchronous-unwind-tables -fstack-clash-protection -Wall -fno-strict-aliasing  -W -Wfloat-equal -Wundef -Wpointer-arith -Wstrict-prototypes -Wmissing-prototypes -Wwrite-strings -Wredundant-decls -Wmissing-declarations -Wnested-externs -Wbad-function-cast -Wno-unused-parameter -Wstrict-aliasing -Winit-self -Wmissing-field-initializers -Wdeclaration-after-statement -Waddress -Wnormalized=id -Woverride-init -Wlogical-op -c -o test/regress-regress_finalize.o `test -f 'test/regress_finalize.c' || echo './'`test/regress_finalize.c
[ 1817s] make[1]: Leaving directory '/home/abuild/rpmbuild/BUILD/libevent-2.1.12-stable'
[ 1823s] make[1]: Entering directory '/home/abuild/rpmbuild/BUILD/libevent-2.1.12-stable'
[ 1823s] gcc -DHAVE_CONFIG_H -I.  -I./compat -I./include -I./include     -Itest    -O2 -g -pipe -Wall -Werror=format-security -Wp,-D_FORTIFY_SOURCE=2 -Wp,-D_GLIBCXX_ASSERTIONS -fstack-protector-strong -grecord-gcc-switches -specs=/usr/lib/rpm/generic-hardened-cc1 -fasynchronous-unwind-tables -fstack-clash-protection -Wall -fno-strict-aliasing  -W -Wfloat-equal -Wundef -Wpointer-arith -Wstrict-prototypes -Wmissing-prototypes -Wwrite-strings -Wredundant-decls -Wmissing-declarations -Wnested-externs -Wbad-function-cast -Wno-unused-parameter -Wstrict-aliasing -Winit-self -Wmissing-field-initializers -Wdeclaration-after-statement -Waddress -Wnormalized=id -Woverride-init -Wlogical-op -c -o test/regress-regress_listener.o `test -f 'test/regress_listener.c' || echo './'`test/regress_listener.c
[ 1823s] make[1]: Leaving directory '/home/abuild/rpmbuild/BUILD/libevent-2.1.12-stable'
[ 1827s] make[1]: Entering directory '/home/abuild/rpmbuild/BUILD/libevent-2.1.12-stable'
[ 1827s] gcc -DHAVE_CONFIG_H -I.  -I./compat -I./include -I./include     -Itest    -O2 -g -pipe -Wall -Werror=format-security -Wp,-D_FORTIFY_SOURCE=2 -Wp,-D_GLIBCXX_ASSERTIONS -fstack-protector-strong -grecord-gcc-switches -specs=/usr/lib/rpm/generic-hardened-cc1 -fasynchronous-unwind-tables -fstack-clash-protection -Wall -fno-strict-aliasing  -W -Wfloat-equal -Wundef -Wpointer-arith -Wstrict-prototypes -Wmissing-prototypes -Wwrite-strings -Wredundant-decls -Wmissing-declarations -Wnested-externs -Wbad-function-cast -Wno-unused-parameter -Wstrict-aliasing -Winit-self -Wmissing-field-initializers -Wdeclaration-after-statement -Waddress -Wnormalized=id -Woverride-init -Wlogical-op -c -o test/regress-regress_main.o `test -f 'test/regress_main.c' || echo './'`test/regress_main.c
[ 1827s] make[1]: Leaving directory '/home/abuild/rpmbuild/BUILD/libevent-2.1.12-stable'
[ 1827s] make[1]: Entering directory '/home/abuild/rpmbuild/BUILD/libevent-2.1.12-stable'
[ 1827s] gcc -DHAVE_CONFIG_H -I.  -I./compat -I./include -I./include     -Itest    -O2 -g -pipe -Wall -Werror=format-security -Wp,-D_FORTIFY_SOURCE=2 -Wp,-D_GLIBCXX_ASSERTIONS -fstack-protector-strong -grecord-gcc-switches -specs=/usr/lib/rpm/generic-hardened-cc1 -fasynchronous-unwind-tables -fstack-clash-protection -Wall -fno-strict-aliasing  -W -Wfloat-equal -Wundef -Wpointer-arith -Wstrict-prototypes -Wmissing-prototypes -Wwrite-strings -Wredundant-decls -Wmissing-declarations -Wnested-externs -Wbad-function-cast -Wno-unused-parameter -Wstrict-aliasing -Winit-self -Wmissing-field-initializers -Wdeclaration-after-statement -Waddress -Wnormalized=id -Woverride-init -Wlogical-op -c -o test/regress-regress_bufferevent.o `test -f 'test/regress_bufferevent.c' || echo './'`test/regress_bufferevent.c
[ 1827s] make[1]: Leaving directory '/home/abuild/rpmbuild/BUILD/libevent-2.1.12-stable'
[ 1831s] make[1]: Entering directory '/home/abuild/rpmbuild/BUILD/libevent-2.1.12-stable'
[ 1831s] gcc -DHAVE_CONFIG_H -I.  -I./compat -I./include -I./include     -Itest    -O2 -g -pipe -Wall -Werror=format-security -Wp,-D_FORTIFY_SOURCE=2 -Wp,-D_GLIBCXX_ASSERTIONS -fstack-protector-strong -grecord-gcc-switches -specs=/usr/lib/rpm/generic-hardened-cc1 -fasynchronous-unwind-tables -fstack-clash-protection -Wall -fno-strict-aliasing  -W -Wfloat-equal -Wundef -Wpointer-arith -Wstrict-prototypes -Wmissing-prototypes -Wwrite-strings -Wredundant-decls -Wmissing-declarations -Wnested-externs -Wbad-function-cast -Wno-unused-parameter -Wstrict-aliasing -Winit-self -Wmissing-field-initializers -Wdeclaration-after-statement -Waddress -Wnormalized=id -Woverride-init -Wlogical-op -c -o test/regress-regress_minheap.o `test -f 'test/regress_minheap.c' || echo './'`test/regress_minheap.c
[ 1832s] make[1]: Leaving directory '/home/abuild/rpmbuild/BUILD/libevent-2.1.12-stable'
[ 1838s] make[1]: Entering directory '/home/abuild/rpmbuild/BUILD/libevent-2.1.12-stable'
[ 1838s] gcc -DHAVE_CONFIG_H -I.  -I./compat -I./include -I./include     -Itest    -O2 -g -pipe -Wall -Werror=format-security -Wp,-D_FORTIFY_SOURCE=2 -Wp,-D_GLIBCXX_ASSERTIONS -fstack-protector-strong -grecord-gcc-switches -specs=/usr/lib/rpm/generic-hardened-cc1 -fasynchronous-unwind-tables -fstack-clash-protection -Wall -fno-strict-aliasing  -W -Wfloat-equal -Wundef -Wpointer-arith -Wstrict-prototypes -Wmissing-prototypes -Wwrite-strings -Wredundant-decls -Wmissing-declarations -Wnested-externs -Wbad-function-cast -Wno-unused-parameter -Wstrict-aliasing -Winit-self -Wmissing-field-initializers -Wdeclaration-after-statement -Waddress -Wnormalized=id -Woverride-init -Wlogical-op -c -o test/regress-regress_testutils.o `test -f 'test/regress_testutils.c' || echo './'`test/regress_testutils.c
[ 1838s] make[1]: Leaving directory '/home/abuild/rpmbuild/BUILD/libevent-2.1.12-stable'
[ 1840s] make[1]: Entering directory '/home/abuild/rpmbuild/BUILD/libevent-2.1.12-stable'
[ 1840s] gcc -DHAVE_CONFIG_H -I.  -I./compat -I./include -I./include     -Itest    -O2 -g -pipe -Wall -Werror=format-security -Wp,-D_FORTIFY_SOURCE=2 -Wp,-D_GLIBCXX_ASSERTIONS -fstack-protector-strong -grecord-gcc-switches -specs=/usr/lib/rpm/generic-hardened-cc1 -fasynchronous-unwind-tables -fstack-clash-protection -Wall -fno-strict-aliasing  -W -Wfloat-equal -Wundef -Wpointer-arith -Wstrict-prototypes -Wmissing-prototypes -Wwrite-strings -Wredundant-decls -Wmissing-declarations -Wnested-externs -Wbad-function-cast -Wno-unused-parameter -Wstrict-aliasing -Winit-self -Wmissing-field-initializers -Wdeclaration-after-statement -Waddress -Wnormalized=id -Woverride-init -Wlogical-op -c -o test/regress-tinytest.o `test -f 'test/tinytest.c' || echo './'`test/tinytest.c
[ 1840s] make[1]: Leaving directory '/home/abuild/rpmbuild/BUILD/libevent-2.1.12-stable'
[ 1845s] make[1]: Entering directory '/home/abuild/rpmbuild/BUILD/libevent-2.1.12-stable'
[ 1845s] gcc -DHAVE_CONFIG_H -I.  -I./compat -I./include -I./include     -Itest    -O2 -g -pipe -Wall -Werror=format-security -Wp,-D_FORTIFY_SOURCE=2 -Wp,-D_GLIBCXX_ASSERTIONS -fstack-protector-strong -grecord-gcc-switches -specs=/usr/lib/rpm/generic-hardened-cc1 -fasynchronous-unwind-tables -fstack-clash-protection -Wall -fno-strict-aliasing  -W -Wfloat-equal -Wundef -Wpointer-arith -Wstrict-prototypes -Wmissing-prototypes -Wwrite-strings -Wredundant-decls -Wmissing-declarations -Wnested-externs -Wbad-function-cast -Wno-unused-parameter -Wstrict-aliasing -Winit-self -Wmissing-field-initializers -Wdeclaration-after-statement -Waddress -Wnormalized=id -Woverride-init -Wlogical-op -c -o test/regress-regress_rpc.o `test -f 'test/regress_rpc.c' || echo './'`test/regress_rpc.c
[ 1845s] make[1]: Leaving directory '/home/abuild/rpmbuild/BUILD/libevent-2.1.12-stable'
[ 1853s] make[1]: Entering directory '/home/abuild/rpmbuild/BUILD/libevent-2.1.12-stable'
[ 1853s] gcc -DHAVE_CONFIG_H -I.  -I./compat -I./include -I./include     -Itest    -O2 -g -pipe -Wall -Werror=format-security -Wp,-D_FORTIFY_SOURCE=2 -Wp,-D_GLIBCXX_ASSERTIONS -fstack-protector-strong -grecord-gcc-switches -specs=/usr/lib/rpm/generic-hardened-cc1 -fasynchronous-unwind-tables -fstack-clash-protection -Wall -fno-strict-aliasing  -W -Wfloat-equal -Wundef -Wpointer-arith -Wstrict-prototypes -Wmissing-prototypes -Wwrite-strings -Wredundant-decls -Wmissing-declarations -Wnested-externs -Wbad-function-cast -Wno-unused-parameter -Wstrict-aliasing -Winit-self -Wmissing-field-initializers -Wdeclaration-after-statement -Waddress -Wnormalized=id -Woverride-init -Wlogical-op -c -o test/regress-regress_zlib.o `test -f 'test/regress_zlib.c' || echo './'`test/regress_zlib.c
[ 1853s] make[1]: Leaving directory '/home/abuild/rpmbuild/BUILD/libevent-2.1.12-stable'
[ 1859s] make[1]: Entering directory '/home/abuild/rpmbuild/BUILD/libevent-2.1.12-stable'
[ 1859s] gcc -DHAVE_CONFIG_H -I.  -I./compat -I./include -I./include     -Itest    -O2 -g -pipe -Wall -Werror=format-security -Wp,-D_FORTIFY_SOURCE=2 -Wp,-D_GLIBCXX_ASSERTIONS -fstack-protector-strong -grecord-gcc-switches -specs=/usr/lib/rpm/generic-hardened-cc1 -fasynchronous-unwind-tables -fstack-clash-protection -Wall -fno-strict-aliasing  -W -Wfloat-equal -Wundef -Wpointer-arith -Wstrict-prototypes -Wmissing-prototypes -Wwrite-strings -Wredundant-decls -Wmissing-declarations -Wnested-externs -Wbad-function-cast -Wno-unused-parameter -Wstrict-aliasing -Winit-self -Wmissing-field-initializers -Wdeclaration-after-statement -Waddress -Wnormalized=id -Woverride-init -Wlogical-op -c -o test/regress-regress_thread.o `test -f 'test/regress_thread.c' || echo './'`test/regress_thread.c
[ 1859s] make[1]: Leaving directory '/home/abuild/rpmbuild/BUILD/libevent-2.1.12-stable'
[ 1865s] make[1]: Entering directory '/home/abuild/rpmbuild/BUILD/libevent-2.1.12-stable'
[ 1865s] /bin/sh ./libtool  --tag=CC   --mode=link gcc  -O2 -g -pipe -Wall -Werror=format-security -Wp,-D_FORTIFY_SOURCE=2 -Wp,-D_GLIBCXX_ASSERTIONS -fstack-protector-strong -grecord-gcc-switches -specs=/usr/lib/rpm/generic-hardened-cc1 -fasynchronous-unwind-tables -fstack-clash-protection -Wall -fno-strict-aliasing  -W -Wfloat-equal -Wundef -Wpointer-arith -Wstrict-prototypes -Wmissing-prototypes -Wwrite-strings -Wredundant-decls -Wmissing-declarations -Wnested-externs -Wbad-function-cast -Wno-unused-parameter -Wstrict-aliasing -Winit-self -Wmissing-field-initializers -Wdeclaration-after-statement -Waddress -Wnormalized=id -Woverride-init -Wlogical-op -version-info 7:1:0 -release 2.1   -Wl,-z,relro   -Wl,-z,now -specs=/usr/lib/rpm/generic-hardened-ld -o libevent_extra.la -rpath /usr/lib64 evdns.lo event_tagging.lo evrpc.lo http.lo   
[ 1865s] libtool: link: gcc -shared  -fPIC -DPIC  .libs/evdns.o .libs/event_tagging.o .libs/evrpc.o .libs/http.o   -Wl,-z,now -specs=/usr/lib/rpm/generic-hardened-ld -O2 -g -fstack-protector-strong -grecord-gcc-switches -specs=/usr/lib/rpm/generic-hardened-cc1 -Wl,-z -Wl,relro -Wl,-z -Wl,now -specs=/usr/lib/rpm/generic-hardened-ld   -Wl,-soname -Wl,libevent_extra-2.1.so.7 -o .libs/libevent_extra-2.1.so.7.0.1
[ 1865s] libtool: link: (cd ".libs" && rm -f "libevent_extra-2.1.so.7" && ln -s "libevent_extra-2.1.so.7.0.1" "libevent_extra-2.1.so.7")
[ 1865s] libtool: link: (cd ".libs" && rm -f "libevent_extra.so" && ln -s "libevent_extra-2.1.so.7.0.1" "libevent_extra.so")
[ 1865s] libtool: link: ( cd ".libs" && rm -f "libevent_extra.la" && ln -s "../libevent_extra.la" "libevent_extra.la" )
[ 1865s] make[1]: Leaving directory '/home/abuild/rpmbuild/BUILD/libevent-2.1.12-stable'
[ 1866s] make[1]: Entering directory '/home/abuild/rpmbuild/BUILD/libevent-2.1.12-stable'
[ 1866s] gcc -DHAVE_CONFIG_H -I.  -I./compat -I./include -I./include     -Itest    -O2 -g -pipe -Wall -Werror=format-security -Wp,-D_FORTIFY_SOURCE=2 -Wp,-D_GLIBCXX_ASSERTIONS -fstack-protector-strong -grecord-gcc-switches -specs=/usr/lib/rpm/generic-hardened-cc1 -fasynchronous-unwind-tables -fstack-clash-protection -Wall -fno-strict-aliasing  -W -Wfloat-equal -Wundef -Wpointer-arith -Wstrict-prototypes -Wmissing-prototypes -Wwrite-strings -Wredundant-decls -Wmissing-declarations -Wnested-externs -Wbad-function-cast -Wno-unused-parameter -Wstrict-aliasing -Winit-self -Wmissing-field-initializers -Wdeclaration-after-statement -Waddress -Wnormalized=id -Woverride-init -Wlogical-op -c -o test/regress-regress_dns.o `test -f 'test/regress_dns.c' || echo './'`test/regress_dns.c
[ 1866s] test/regress_dns.c: In function 'test_bufferevent_connect_hostname':
[ 1866s] test/regress_dns.c:1391:9: warning: 'be[0]' may be used uninitialized in this function [-Wmaybe-uninitialized]
[ 1866s]  1391 |   if (be[i])
[ 1866s]       |       ~~^~~
[ 1866s] test/regress_dns.c:1391:9: warning: 'be[0]' may be used uninitialized in this function [-Wmaybe-uninitialized]
[ 1866s] make[1]: Leaving directory '/home/abuild/rpmbuild/BUILD/libevent-2.1.12-stable'
[ 1868s] make[1]: Entering directory '/home/abuild/rpmbuild/BUILD/libevent-2.1.12-stable'
[ 1868s] gcc -DHAVE_CONFIG_H -I.  -I./compat -I./include -I./include     -Itest    -O2 -g -pipe -Wall -Werror=format-security -Wp,-D_FORTIFY_SOURCE=2 -Wp,-D_GLIBCXX_ASSERTIONS -fstack-protector-strong -grecord-gcc-switches -specs=/usr/lib/rpm/generic-hardened-cc1 -fasynchronous-unwind-tables -fstack-clash-protection -Wall -fno-strict-aliasing  -W -Wfloat-equal -Wundef -Wpointer-arith -Wstrict-prototypes -Wmissing-prototypes -Wwrite-strings -Wredundant-decls -Wmissing-declarations -Wnested-externs -Wbad-function-cast -Wno-unused-parameter -Wstrict-aliasing -Winit-self -Wmissing-field-initializers -Wdeclaration-after-statement -Waddress -Wnormalized=id -Woverride-init -Wlogical-op -c -o test/regress-regress.o `test -f 'test/regress.c' || echo './'`test/regress.c
[ 1868s] make[1]: Leaving directory '/home/abuild/rpmbuild/BUILD/libevent-2.1.12-stable'
[ 1869s] make[1]: Entering directory '/home/abuild/rpmbuild/BUILD/libevent-2.1.12-stable'
[ 1869s] gcc -DHAVE_CONFIG_H -I.  -I./compat -I./include -I./include     -Itest    -O2 -g -pipe -Wall -Werror=format-security -Wp,-D_FORTIFY_SOURCE=2 -Wp,-D_GLIBCXX_ASSERTIONS -fstack-protector-strong -grecord-gcc-switches -specs=/usr/lib/rpm/generic-hardened-cc1 -fasynchronous-unwind-tables -fstack-clash-protection -Wall -fno-strict-aliasing  -W -Wfloat-equal -Wundef -Wpointer-arith -Wstrict-prototypes -Wmissing-prototypes -Wwrite-strings -Wredundant-decls -Wmissing-declarations -Wnested-externs -Wbad-function-cast -Wno-unused-parameter -Wstrict-aliasing -Winit-self -Wmissing-field-initializers -Wdeclaration-after-statement -Waddress -Wnormalized=id -Woverride-init -Wlogical-op -c -o test/regress-regress_ssl.o `test -f 'test/regress_ssl.c' || echo './'`test/regress_ssl.c
[ 1869s] make[1]: Leaving directory '/home/abuild/rpmbuild/BUILD/libevent-2.1.12-stable'
[ 1871s] make[1]: Entering directory '/home/abuild/rpmbuild/BUILD/libevent-2.1.12-stable'
[ 1871s] /bin/sh ./libtool  --tag=CC   --mode=compile gcc -DHAVE_CONFIG_H -I.  -I./compat -I./include -I./include     -O2 -g -pipe -Wall -Werror=format-security -Wp,-D_FORTIFY_SOURCE=2 -Wp,-D_GLIBCXX_ASSERTIONS -fstack-protector-strong -grecord-gcc-switches -specs=/usr/lib/rpm/generic-hardened-cc1 -fasynchronous-unwind-tables -fstack-clash-protection -Wall -fno-strict-aliasing  -W -Wfloat-equal -Wundef -Wpointer-arith -Wstrict-prototypes -Wmissing-prototypes -Wwrite-strings -Wredundant-decls -Wmissing-declarations -Wnested-externs -Wbad-function-cast -Wno-unused-parameter -Wstrict-aliasing -Winit-self -Wmissing-field-initializers -Wdeclaration-after-statement -Waddress -Wnormalized=id -Woverride-init -Wlogical-op -c -o evthread_pthread.lo evthread_pthread.c
[ 1871s] libtool: compile:  gcc -DHAVE_CONFIG_H -I. -I./compat -I./include -I./include -O2 -g -pipe -Wall -Werror=format-security -Wp,-D_FORTIFY_SOURCE=2 -Wp,-D_GLIBCXX_ASSERTIONS -fstack-protector-strong -grecord-gcc-switches -specs=/usr/lib/rpm/generic-hardened-cc1 -fasynchronous-unwind-tables -fstack-clash-protection -Wall -fno-strict-aliasing -W -Wfloat-equal -Wundef -Wpointer-arith -Wstrict-prototypes -Wmissing-prototypes -Wwrite-strings -Wredundant-decls -Wmissing-declarations -Wnested-externs -Wbad-function-cast -Wno-unused-parameter -Wstrict-aliasing -Winit-self -Wmissing-field-initializers -Wdeclaration-after-statement -Waddress -Wnormalized=id -Woverride-init -Wlogical-op -c evthread_pthread.c  -fPIC -DPIC -o .libs/evthread_pthread.o
[ 1871s] make[1]: Leaving directory '/home/abuild/rpmbuild/BUILD/libevent-2.1.12-stable'
[ 1873s] make[1]: Entering directory '/home/abuild/rpmbuild/BUILD/libevent-2.1.12-stable'
[ 1873s] gcc -DHAVE_CONFIG_H -I.  -I./compat -I./include -I./include     -O2 -g -pipe -Wall -Werror=format-security -Wp,-D_FORTIFY_SOURCE=2 -Wp,-D_GLIBCXX_ASSERTIONS -fstack-protector-strong -grecord-gcc-switches -specs=/usr/lib/rpm/generic-hardened-cc1 -fasynchronous-unwind-tables -fstack-clash-protection -Wall -fno-strict-aliasing  -W -Wfloat-equal -Wundef -Wpointer-arith -Wstrict-prototypes -Wmissing-prototypes -Wwrite-strings -Wredundant-decls -Wmissing-declarations -Wnested-externs -Wbad-function-cast -Wno-unused-parameter -Wstrict-aliasing -Winit-self -Wmissing-field-initializers -Wdeclaration-after-statement -Waddress -Wnormalized=id -Woverride-init -Wlogical-op -c -o sample/dns-example.o sample/dns-example.c
[ 1873s] make[1]: Leaving directory '/home/abuild/rpmbuild/BUILD/libevent-2.1.12-stable'
[ 1876s] make[1]: Entering directory '/home/abuild/rpmbuild/BUILD/libevent-2.1.12-stable'
[ 1876s] gcc -DHAVE_CONFIG_H -I.  -I./compat -I./include -I./include     -O2 -g -pipe -Wall -Werror=format-security -Wp,-D_FORTIFY_SOURCE=2 -Wp,-D_GLIBCXX_ASSERTIONS -fstack-protector-strong -grecord-gcc-switches -specs=/usr/lib/rpm/generic-hardened-cc1 -fasynchronous-unwind-tables -fstack-clash-protection -Wall -fno-strict-aliasing  -W -Wfloat-equal -Wundef -Wpointer-arith -Wstrict-prototypes -Wmissing-prototypes -Wwrite-strings -Wredundant-decls -Wmissing-declarations -Wnested-externs -Wbad-function-cast -Wno-unused-parameter -Wstrict-aliasing -Winit-self -Wmissing-field-initializers -Wdeclaration-after-statement -Waddress -Wnormalized=id -Woverride-init -Wlogical-op -c -o test/bench.o test/bench.c
[ 1876s] make[1]: Leaving directory '/home/abuild/rpmbuild/BUILD/libevent-2.1.12-stable'
[ 1878s] make[1]: Entering directory '/home/abuild/rpmbuild/BUILD/libevent-2.1.12-stable'
[ 1878s] gcc -DHAVE_CONFIG_H -I.  -I./compat -I./include -I./include     -O2 -g -pipe -Wall -Werror=format-security -Wp,-D_FORTIFY_SOURCE=2 -Wp,-D_GLIBCXX_ASSERTIONS -fstack-protector-strong -grecord-gcc-switches -specs=/usr/lib/rpm/generic-hardened-cc1 -fasynchronous-unwind-tables -fstack-clash-protection -Wall -fno-strict-aliasing  -W -Wfloat-equal -Wundef -Wpointer-arith -Wstrict-prototypes -Wmissing-prototypes -Wwrite-strings -Wredundant-decls -Wmissing-declarations -Wnested-externs -Wbad-function-cast -Wno-unused-parameter -Wstrict-aliasing -Winit-self -Wmissing-field-initializers -Wdeclaration-after-statement -Waddress -Wnormalized=id -Woverride-init -Wlogical-op -c -o test/bench_cascade.o test/bench_cascade.c
[ 1878s] make[1]: Leaving directory '/home/abuild/rpmbuild/BUILD/libevent-2.1.12-stable'
[ 1879s] make[1]: Entering directory '/home/abuild/rpmbuild/BUILD/libevent-2.1.12-stable'
[ 1879s] gcc -DHAVE_CONFIG_H -I.  -I./compat -I./include -I./include     -O2 -g -pipe -Wall -Werror=format-security -Wp,-D_FORTIFY_SOURCE=2 -Wp,-D_GLIBCXX_ASSERTIONS -fstack-protector-strong -grecord-gcc-switches -specs=/usr/lib/rpm/generic-hardened-cc1 -fasynchronous-unwind-tables -fstack-clash-protection -Wall -fno-strict-aliasing  -W -Wfloat-equal -Wundef -Wpointer-arith -Wstrict-prototypes -Wmissing-prototypes -Wwrite-strings -Wredundant-decls -Wmissing-declarations -Wnested-externs -Wbad-function-cast -Wno-unused-parameter -Wstrict-aliasing -Winit-self -Wmissing-field-initializers -Wdeclaration-after-statement -Waddress -Wnormalized=id -Woverride-init -Wlogical-op -c -o test/bench_http.o test/bench_http.c
[ 1879s] make[1]: Leaving directory '/home/abuild/rpmbuild/BUILD/libevent-2.1.12-stable'
[ 1879s] make[1]: Entering directory '/home/abuild/rpmbuild/BUILD/libevent-2.1.12-stable'
[ 1879s] /bin/sh ./libtool  --tag=CC   --mode=link gcc  -O2 -g -pipe -Wall -Werror=format-security -Wp,-D_FORTIFY_SOURCE=2 -Wp,-D_GLIBCXX_ASSERTIONS -fstack-protector-strong -grecord-gcc-switches -specs=/usr/lib/rpm/generic-hardened-cc1 -fasynchronous-unwind-tables -fstack-clash-protection -Wall -fno-strict-aliasing  -W -Wfloat-equal -Wundef -Wpointer-arith -Wstrict-prototypes -Wmissing-prototypes -Wwrite-strings -Wredundant-decls -Wmissing-declarations -Wnested-externs -Wbad-function-cast -Wno-unused-parameter -Wstrict-aliasing -Winit-self -Wmissing-field-initializers -Wdeclaration-after-statement -Waddress -Wnormalized=id -Woverride-init -Wlogical-op -version-info 7:1:0 -release 2.1   -Wl,-z,relro   -Wl,-z,now -specs=/usr/lib/rpm/generic-hardened-ld -o libevent_openssl.la -rpath /usr/lib64 libevent_openssl_la-bufferevent_openssl.lo  -lssl -lcrypto     
[ 1879s] libtool: link: gcc -shared  -fPIC -DPIC  .libs/libevent_openssl_la-bufferevent_openssl.o   -lssl -lcrypto -Wl,-z,now -specs=/usr/lib/rpm/generic-hardened-ld -O2 -g -fstack-protector-strong -grecord-gcc-switches -specs=/usr/lib/rpm/generic-hardened-cc1 -Wl,-z -Wl,relro -Wl,-z -Wl,now -specs=/usr/lib/rpm/generic-hardened-ld   -Wl,-soname -Wl,libevent_openssl-2.1.so.7 -o .libs/libevent_openssl-2.1.so.7.0.1
[ 1879s] libtool: link: (cd ".libs" && rm -f "libevent_openssl-2.1.so.7" && ln -s "libevent_openssl-2.1.so.7.0.1" "libevent_openssl-2.1.so.7")
[ 1879s] libtool: link: (cd ".libs" && rm -f "libevent_openssl.so" && ln -s "libevent_openssl-2.1.so.7.0.1" "libevent_openssl.so")
[ 1879s] libtool: link: ( cd ".libs" && rm -f "libevent_openssl.la" && ln -s "../libevent_openssl.la" "libevent_openssl.la" )
[ 1879s] make[1]: Leaving directory '/home/abuild/rpmbuild/BUILD/libevent-2.1.12-stable'
[ 1881s] make[1]: Entering directory '/home/abuild/rpmbuild/BUILD/libevent-2.1.12-stable'
[ 1881s] gcc -DHAVE_CONFIG_H -I.  -I./compat -I./include -I./include     -O2 -g -pipe -Wall -Werror=format-security -Wp,-D_FORTIFY_SOURCE=2 -Wp,-D_GLIBCXX_ASSERTIONS -fstack-protector-strong -grecord-gcc-switches -specs=/usr/lib/rpm/generic-hardened-cc1 -fasynchronous-unwind-tables -fstack-clash-protection -Wall -fno-strict-aliasing  -W -Wfloat-equal -Wundef -Wpointer-arith -Wstrict-prototypes -Wmissing-prototypes -Wwrite-strings -Wredundant-decls -Wmissing-declarations -Wnested-externs -Wbad-function-cast -Wno-unused-parameter -Wstrict-aliasing -Winit-self -Wmissing-field-initializers -Wdeclaration-after-statement -Waddress -Wnormalized=id -Woverride-init -Wlogical-op -c -o test/bench_httpclient.o test/bench_httpclient.c
[ 1881s] make[1]: Leaving directory '/home/abuild/rpmbuild/BUILD/libevent-2.1.12-stable'
[ 1881s] make[1]: Entering directory '/home/abuild/rpmbuild/BUILD/libevent-2.1.12-stable'
[ 1881s] /bin/sh ./libtool  --tag=CC   --mode=link gcc  -O2 -g -pipe -Wall -Werror=format-security -Wp,-D_FORTIFY_SOURCE=2 -Wp,-D_GLIBCXX_ASSERTIONS -fstack-protector-strong -grecord-gcc-switches -specs=/usr/lib/rpm/generic-hardened-cc1 -fasynchronous-unwind-tables -fstack-clash-protection -Wall -fno-strict-aliasing  -W -Wfloat-equal -Wundef -Wpointer-arith -Wstrict-prototypes -Wmissing-prototypes -Wwrite-strings -Wredundant-decls -Wmissing-declarations -Wnested-externs -Wbad-function-cast -Wno-unused-parameter -Wstrict-aliasing -Winit-self -Wmissing-field-initializers -Wdeclaration-after-statement -Waddress -Wnormalized=id -Woverride-init -Wlogical-op -version-info 7:1:0 -release 2.1   -Wl,-z,relro   -Wl,-z,now -specs=/usr/lib/rpm/generic-hardened-ld -o libevent.la -rpath /usr/lib64 buffer.lo bufferevent.lo bufferevent_filter.lo bufferevent_pair.lo bufferevent_ratelim.lo bufferevent_sock.lo event.lo evmap.lo evthread.lo evutil.lo evutil_rand.lo evutil_time.lo listener.lo log.lo strlcpy.lo select.lo poll.lo   epoll.lo  signal.lo evdns.lo event_tagging.lo evrpc.lo http.lo   
[ 1881s] libtool: link: gcc -shared  -fPIC -DPIC  .libs/buffer.o .libs/bufferevent.o .libs/bufferevent_filter.o .libs/bufferevent_pair.o .libs/bufferevent_ratelim.o .libs/bufferevent_sock.o .libs/event.o .libs/evmap.o .libs/evthread.o .libs/evutil.o .libs/evutil_rand.o .libs/evutil_time.o .libs/listener.o .libs/log.o .libs/strlcpy.o .libs/select.o .libs/poll.o .libs/epoll.o .libs/signal.o .libs/evdns.o .libs/event_tagging.o .libs/evrpc.o .libs/http.o   -Wl,-z,now -specs=/usr/lib/rpm/generic-hardened-ld -O2 -g -fstack-protector-strong -grecord-gcc-switches -specs=/usr/lib/rpm/generic-hardened-cc1 -Wl,-z -Wl,relro -Wl,-z -Wl,now -specs=/usr/lib/rpm/generic-hardened-ld   -Wl,-soname -Wl,libevent-2.1.so.7 -o .libs/libevent-2.1.so.7.0.1
[ 1881s] libtool: link: (cd ".libs" && rm -f "libevent-2.1.so.7" && ln -s "libevent-2.1.so.7.0.1" "libevent-2.1.so.7")
[ 1881s] libtool: link: (cd ".libs" && rm -f "libevent.so" && ln -s "libevent-2.1.so.7.0.1" "libevent.so")
[ 1881s] libtool: link: ( cd ".libs" && rm -f "libevent.la" && ln -s "../libevent.la" "libevent.la" )
[ 1881s] make[1]: Leaving directory '/home/abuild/rpmbuild/BUILD/libevent-2.1.12-stable'
[ 1884s] make[1]: Entering directory '/home/abuild/rpmbuild/BUILD/libevent-2.1.12-stable'
[ 1884s] gcc -DHAVE_CONFIG_H -I.  -I./compat -I./include -I./include     -Itest    -O2 -g -pipe -Wall -Werror=format-security -Wp,-D_FORTIFY_SOURCE=2 -Wp,-D_GLIBCXX_ASSERTIONS -fstack-protector-strong -grecord-gcc-switches -specs=/usr/lib/rpm/generic-hardened-cc1 -fasynchronous-unwind-tables -fstack-clash-protection -Wall -fno-strict-aliasing  -W -Wfloat-equal -Wundef -Wpointer-arith -Wstrict-prototypes -Wmissing-prototypes -Wwrite-strings -Wredundant-decls -Wmissing-declarations -Wnested-externs -Wbad-function-cast -Wno-unused-parameter -Wstrict-aliasing -Winit-self -Wmissing-field-initializers -Wdeclaration-after-statement -Waddress -Wnormalized=id -Woverride-init -Wlogical-op -c -o test/regress-regress_util.o `test -f 'test/regress_util.c' || echo './'`test/regress_util.c
[ 1884s] make[1]: Leaving directory '/home/abuild/rpmbuild/BUILD/libevent-2.1.12-stable'
[ 1890s] make[1]: Entering directory '/home/abuild/rpmbuild/BUILD/libevent-2.1.12-stable'
[ 1890s] /bin/sh ./libtool  --tag=CC   --mode=link gcc  -O2 -g -pipe -Wall -Werror=format-security -Wp,-D_FORTIFY_SOURCE=2 -Wp,-D_GLIBCXX_ASSERTIONS -fstack-protector-strong -grecord-gcc-switches -specs=/usr/lib/rpm/generic-hardened-cc1 -fasynchronous-unwind-tables -fstack-clash-protection -Wall -fno-strict-aliasing  -W -Wfloat-equal -Wundef -Wpointer-arith -Wstrict-prototypes -Wmissing-prototypes -Wwrite-strings -Wredundant-decls -Wmissing-declarations -Wnested-externs -Wbad-function-cast -Wno-unused-parameter -Wstrict-aliasing -Winit-self -Wmissing-field-initializers -Wdeclaration-after-statement -Waddress -Wnormalized=id -Woverride-init -Wlogical-op -version-info 7:1:0 -release 2.1   -Wl,-z,relro   -Wl,-z,now -specs=/usr/lib/rpm/generic-hardened-ld -o libevent_pthreads.la -rpath /usr/lib64 evthread_pthread.lo  
[ 1890s] libtool: link: gcc -shared  -fPIC -DPIC  .libs/evthread_pthread.o   -Wl,-z,now -specs=/usr/lib/rpm/generic-hardened-ld -O2 -g -fstack-protector-strong -grecord-gcc-switches -specs=/usr/lib/rpm/generic-hardened-cc1 -Wl,-z -Wl,relro -Wl,-z -Wl,now -specs=/usr/lib/rpm/generic-hardened-ld   -Wl,-soname -Wl,libevent_pthreads-2.1.so.7 -o .libs/libevent_pthreads-2.1.so.7.0.1
[ 1890s] libtool: link: (cd ".libs" && rm -f "libevent_pthreads-2.1.so.7" && ln -s "libevent_pthreads-2.1.so.7.0.1" "libevent_pthreads-2.1.so.7")
[ 1890s] libtool: link: (cd ".libs" && rm -f "libevent_pthreads.so" && ln -s "libevent_pthreads-2.1.so.7.0.1" "libevent_pthreads.so")
[ 1890s] libtool: link: ( cd ".libs" && rm -f "libevent_pthreads.la" && ln -s "../libevent_pthreads.la" "libevent_pthreads.la" )
[ 1890s] make[1]: Leaving directory '/home/abuild/rpmbuild/BUILD/libevent-2.1.12-stable'
[ 1892s] make[1]: Entering directory '/home/abuild/rpmbuild/BUILD/libevent-2.1.12-stable'
[ 1892s] /bin/sh ./libtool  --tag=CC   --mode=link gcc  -O2 -g -pipe -Wall -Werror=format-security -Wp,-D_FORTIFY_SOURCE=2 -Wp,-D_GLIBCXX_ASSERTIONS -fstack-protector-strong -grecord-gcc-switches -specs=/usr/lib/rpm/generic-hardened-cc1 -fasynchronous-unwind-tables -fstack-clash-protection -Wall -fno-strict-aliasing  -W -Wfloat-equal -Wundef -Wpointer-arith -Wstrict-prototypes -Wmissing-prototypes -Wwrite-strings -Wredundant-decls -Wmissing-declarations -Wnested-externs -Wbad-function-cast -Wno-unused-parameter -Wstrict-aliasing -Winit-self -Wmissing-field-initializers -Wdeclaration-after-statement -Waddress -Wnormalized=id -Woverride-init -Wlogical-op  -Wl,-z,relro   -Wl,-z,now -specs=/usr/lib/rpm/generic-hardened-ld -o sample/dns-example sample/dns-example.o  libevent.la 
[ 1892s] libtool: link: gcc -O2 -g -pipe -Wall -Werror=format-security -Wp,-D_FORTIFY_SOURCE=2 -Wp,-D_GLIBCXX_ASSERTIONS -fstack-protector-strong -grecord-gcc-switches -specs=/usr/lib/rpm/generic-hardened-cc1 -fasynchronous-unwind-tables -fstack-clash-protection -Wall -fno-strict-aliasing -W -Wfloat-equal -Wundef -Wpointer-arith -Wstrict-prototypes -Wmissing-prototypes -Wwrite-strings -Wredundant-decls -Wmissing-declarations -Wnested-externs -Wbad-function-cast -Wno-unused-parameter -Wstrict-aliasing -Winit-self -Wmissing-field-initializers -Wdeclaration-after-statement -Waddress -Wnormalized=id -Woverride-init -Wlogical-op -Wl,-z -Wl,relro -Wl,-z -Wl,now -specs=/usr/lib/rpm/generic-hardened-ld -o sample/.libs/dns-example sample/dns-example.o  ./.libs/libevent.so
[ 1892s] make[1]: Leaving directory '/home/abuild/rpmbuild/BUILD/libevent-2.1.12-stable'
[ 1892s] make[1]: Entering directory '/home/abuild/rpmbuild/BUILD/libevent-2.1.12-stable'
[ 1892s] /bin/sh ./libtool  --tag=CC   --mode=link gcc  -O2 -g -pipe -Wall -Werror=format-security -Wp,-D_FORTIFY_SOURCE=2 -Wp,-D_GLIBCXX_ASSERTIONS -fstack-protector-strong -grecord-gcc-switches -specs=/usr/lib/rpm/generic-hardened-cc1 -fasynchronous-unwind-tables -fstack-clash-protection -Wall -fno-strict-aliasing  -W -Wfloat-equal -Wundef -Wpointer-arith -Wstrict-prototypes -Wmissing-prototypes -Wwrite-strings -Wredundant-decls -Wmissing-declarations -Wnested-externs -Wbad-function-cast -Wno-unused-parameter -Wstrict-aliasing -Winit-self -Wmissing-field-initializers -Wdeclaration-after-statement -Waddress -Wnormalized=id -Woverride-init -Wlogical-op  -Wl,-z,relro   -Wl,-z,now -specs=/usr/lib/rpm/generic-hardened-ld -o sample/event-read-fifo sample/event-read-fifo.o  libevent.la 
[ 1892s] libtool: link: gcc -O2 -g -pipe -Wall -Werror=format-security -Wp,-D_FORTIFY_SOURCE=2 -Wp,-D_GLIBCXX_ASSERTIONS -fstack-protector-strong -grecord-gcc-switches -specs=/usr/lib/rpm/generic-hardened-cc1 -fasynchronous-unwind-tables -fstack-clash-protection -Wall -fno-strict-aliasing -W -Wfloat-equal -Wundef -Wpointer-arith -Wstrict-prototypes -Wmissing-prototypes -Wwrite-strings -Wredundant-decls -Wmissing-declarations -Wnested-externs -Wbad-function-cast -Wno-unused-parameter -Wstrict-aliasing -Winit-self -Wmissing-field-initializers -Wdeclaration-after-statement -Waddress -Wnormalized=id -Woverride-init -Wlogical-op -Wl,-z -Wl,relro -Wl,-z -Wl,now -specs=/usr/lib/rpm/generic-hardened-ld -o sample/.libs/event-read-fifo sample/event-read-fifo.o  ./.libs/libevent.so
[ 1892s] make[1]: Leaving directory '/home/abuild/rpmbuild/BUILD/libevent-2.1.12-stable'
[ 1892s] make[1]: Entering directory '/home/abuild/rpmbuild/BUILD/libevent-2.1.12-stable'
[ 1892s] /bin/sh ./libtool  --tag=CC   --mode=link gcc  -O2 -g -pipe -Wall -Werror=format-security -Wp,-D_FORTIFY_SOURCE=2 -Wp,-D_GLIBCXX_ASSERTIONS -fstack-protector-strong -grecord-gcc-switches -specs=/usr/lib/rpm/generic-hardened-cc1 -fasynchronous-unwind-tables -fstack-clash-protection -Wall -fno-strict-aliasing  -W -Wfloat-equal -Wundef -Wpointer-arith -Wstrict-prototypes -Wmissing-prototypes -Wwrite-strings -Wredundant-decls -Wmissing-declarations -Wnested-externs -Wbad-function-cast -Wno-unused-parameter -Wstrict-aliasing -Winit-self -Wmissing-field-initializers -Wdeclaration-after-statement -Waddress -Wnormalized=id -Woverride-init -Wlogical-op  -Wl,-z,relro   -Wl,-z,now -specs=/usr/lib/rpm/generic-hardened-ld -o sample/http-server sample/http-server.o  libevent.la 
[ 1892s] libtool: link: gcc -O2 -g -pipe -Wall -Werror=format-security -Wp,-D_FORTIFY_SOURCE=2 -Wp,-D_GLIBCXX_ASSERTIONS -fstack-protector-strong -grecord-gcc-switches -specs=/usr/lib/rpm/generic-hardened-cc1 -fasynchronous-unwind-tables -fstack-clash-protection -Wall -fno-strict-aliasing -W -Wfloat-equal -Wundef -Wpointer-arith -Wstrict-prototypes -Wmissing-prototypes -Wwrite-strings -Wredundant-decls -Wmissing-declarations -Wnested-externs -Wbad-function-cast -Wno-unused-parameter -Wstrict-aliasing -Winit-self -Wmissing-field-initializers -Wdeclaration-after-statement -Waddress -Wnormalized=id -Woverride-init -Wlogical-op -Wl,-z -Wl,relro -Wl,-z -Wl,now -specs=/usr/lib/rpm/generic-hardened-ld -o sample/.libs/http-server sample/http-server.o  ./.libs/libevent.so
[ 1892s] make[1]: Leaving directory '/home/abuild/rpmbuild/BUILD/libevent-2.1.12-stable'
[ 1893s] make[1]: Entering directory '/home/abuild/rpmbuild/BUILD/libevent-2.1.12-stable'
[ 1893s] /bin/sh ./libtool  --tag=CC   --mode=link gcc  -O2 -g -pipe -Wall -Werror=format-security -Wp,-D_FORTIFY_SOURCE=2 -Wp,-D_GLIBCXX_ASSERTIONS -fstack-protector-strong -grecord-gcc-switches -specs=/usr/lib/rpm/generic-hardened-cc1 -fasynchronous-unwind-tables -fstack-clash-protection -Wall -fno-strict-aliasing  -W -Wfloat-equal -Wundef -Wpointer-arith -Wstrict-prototypes -Wmissing-prototypes -Wwrite-strings -Wredundant-decls -Wmissing-declarations -Wnested-externs -Wbad-function-cast -Wno-unused-parameter -Wstrict-aliasing -Winit-self -Wmissing-field-initializers -Wdeclaration-after-statement -Waddress -Wnormalized=id -Woverride-init -Wlogical-op  -Wl,-z,relro   -Wl,-z,now -specs=/usr/lib/rpm/generic-hardened-ld -o sample/hello-world sample/hello-world.o  libevent.la 
[ 1893s] libtool: link: gcc -O2 -g -pipe -Wall -Werror=format-security -Wp,-D_FORTIFY_SOURCE=2 -Wp,-D_GLIBCXX_ASSERTIONS -fstack-protector-strong -grecord-gcc-switches -specs=/usr/lib/rpm/generic-hardened-cc1 -fasynchronous-unwind-tables -fstack-clash-protection -Wall -fno-strict-aliasing -W -Wfloat-equal -Wundef -Wpointer-arith -Wstrict-prototypes -Wmissing-prototypes -Wwrite-strings -Wredundant-decls -Wmissing-declarations -Wnested-externs -Wbad-function-cast -Wno-unused-parameter -Wstrict-aliasing -Winit-self -Wmissing-field-initializers -Wdeclaration-after-statement -Waddress -Wnormalized=id -Woverride-init -Wlogical-op -Wl,-z -Wl,relro -Wl,-z -Wl,now -specs=/usr/lib/rpm/generic-hardened-ld -o sample/.libs/hello-world sample/hello-world.o  ./.libs/libevent.so
[ 1893s] make[1]: Leaving directory '/home/abuild/rpmbuild/BUILD/libevent-2.1.12-stable'
[ 1895s] make[1]: Entering directory '/home/abuild/rpmbuild/BUILD/libevent-2.1.12-stable'
[ 1895s] /bin/sh ./libtool  --tag=CC   --mode=link gcc  -O2 -g -pipe -Wall -Werror=format-security -Wp,-D_FORTIFY_SOURCE=2 -Wp,-D_GLIBCXX_ASSERTIONS -fstack-protector-strong -grecord-gcc-switches -specs=/usr/lib/rpm/generic-hardened-cc1 -fasynchronous-unwind-tables -fstack-clash-protection -Wall -fno-strict-aliasing  -W -Wfloat-equal -Wundef -Wpointer-arith -Wstrict-prototypes -Wmissing-prototypes -Wwrite-strings -Wredundant-decls -Wmissing-declarations -Wnested-externs -Wbad-function-cast -Wno-unused-parameter -Wstrict-aliasing -Winit-self -Wmissing-field-initializers -Wdeclaration-after-statement -Waddress -Wnormalized=id -Woverride-init -Wlogical-op  -Wl,-z,relro   -Wl,-z,now -specs=/usr/lib/rpm/generic-hardened-ld -o sample/http-connect sample/http-connect.o  libevent.la 
[ 1895s] libtool: link: gcc -O2 -g -pipe -Wall -Werror=format-security -Wp,-D_FORTIFY_SOURCE=2 -Wp,-D_GLIBCXX_ASSERTIONS -fstack-protector-strong -grecord-gcc-switches -specs=/usr/lib/rpm/generic-hardened-cc1 -fasynchronous-unwind-tables -fstack-clash-protection -Wall -fno-strict-aliasing -W -Wfloat-equal -Wundef -Wpointer-arith -Wstrict-prototypes -Wmissing-prototypes -Wwrite-strings -Wredundant-decls -Wmissing-declarations -Wnested-externs -Wbad-function-cast -Wno-unused-parameter -Wstrict-aliasing -Winit-self -Wmissing-field-initializers -Wdeclaration-after-statement -Waddress -Wnormalized=id -Woverride-init -Wlogical-op -Wl,-z -Wl,relro -Wl,-z -Wl,now -specs=/usr/lib/rpm/generic-hardened-ld -o sample/.libs/http-connect sample/http-connect.o  ./.libs/libevent.so
[ 1895s] make[1]: Leaving directory '/home/abuild/rpmbuild/BUILD/libevent-2.1.12-stable'
[ 1902s] make[1]: Entering directory '/home/abuild/rpmbuild/BUILD/libevent-2.1.12-stable'
[ 1902s] /bin/sh ./libtool  --tag=CC   --mode=link gcc  -O2 -g -pipe -Wall -Werror=format-security -Wp,-D_FORTIFY_SOURCE=2 -Wp,-D_GLIBCXX_ASSERTIONS -fstack-protector-strong -grecord-gcc-switches -specs=/usr/lib/rpm/generic-hardened-cc1 -fasynchronous-unwind-tables -fstack-clash-protection -Wall -fno-strict-aliasing  -W -Wfloat-equal -Wundef -Wpointer-arith -Wstrict-prototypes -Wmissing-prototypes -Wwrite-strings -Wredundant-decls -Wmissing-declarations -Wnested-externs -Wbad-function-cast -Wno-unused-parameter -Wstrict-aliasing -Winit-self -Wmissing-field-initializers -Wdeclaration-after-statement -Waddress -Wnormalized=id -Woverride-init -Wlogical-op  -Wl,-z,relro   -Wl,-z,now -specs=/usr/lib/rpm/generic-hardened-ld -o sample/signal-test sample/signal-test.o  libevent.la 
[ 1902s] libtool: link: gcc -O2 -g -pipe -Wall -Werror=format-security -Wp,-D_FORTIFY_SOURCE=2 -Wp,-D_GLIBCXX_ASSERTIONS -fstack-protector-strong -grecord-gcc-switches -specs=/usr/lib/rpm/generic-hardened-cc1 -fasynchronous-unwind-tables -fstack-clash-protection -Wall -fno-strict-aliasing -W -Wfloat-equal -Wundef -Wpointer-arith -Wstrict-prototypes -Wmissing-prototypes -Wwrite-strings -Wredundant-decls -Wmissing-declarations -Wnested-externs -Wbad-function-cast -Wno-unused-parameter -Wstrict-aliasing -Winit-self -Wmissing-field-initializers -Wdeclaration-after-statement -Waddress -Wnormalized=id -Woverride-init -Wlogical-op -Wl,-z -Wl,relro -Wl,-z -Wl,now -specs=/usr/lib/rpm/generic-hardened-ld -o sample/.libs/signal-test sample/signal-test.o  ./.libs/libevent.so
[ 1902s] make[1]: Leaving directory '/home/abuild/rpmbuild/BUILD/libevent-2.1.12-stable'
[ 1903s] make[1]: Entering directory '/home/abuild/rpmbuild/BUILD/libevent-2.1.12-stable'
[ 1903s] gcc -DHAVE_CONFIG_H -I.  -I./compat -I./include -I./include     -Itest    -O2 -g -pipe -Wall -Werror=format-security -Wp,-D_FORTIFY_SOURCE=2 -Wp,-D_GLIBCXX_ASSERTIONS -fstack-protector-strong -grecord-gcc-switches -specs=/usr/lib/rpm/generic-hardened-cc1 -fasynchronous-unwind-tables -fstack-clash-protection -Wall -fno-strict-aliasing  -W -Wfloat-equal -Wundef -Wpointer-arith -Wstrict-prototypes -Wmissing-prototypes -Wwrite-strings -Wredundant-decls -Wmissing-declarations -Wnested-externs -Wbad-function-cast -Wno-unused-parameter -Wstrict-aliasing -Winit-self -Wmissing-field-initializers -Wdeclaration-after-statement -Waddress -Wnormalized=id -Woverride-init -Wlogical-op -c -o test/regress-regress_buffer.o `test -f 'test/regress_buffer.c' || echo './'`test/regress_buffer.c
[ 1903s] In file included from test/regress.h:35,
[ 1903s]                  from test/regress_buffer.c:64:
[ 1903s] test/regress_buffer.c: In function 'test_evbuffer_pullup_with_empty':
[ 1903s] test/tinytest_macros.h:116:15: warning: cast from function call of type 'unsigned char *' to non-matching type 'long int' [-Wbad-function-cast]
[ 1903s]   116 |  type val1_ = (type)(a);      \
[ 1903s]       |               ^
[ 1903s] test/tinytest_macros.h:144:2: note: in expansion of macro 'tt_assert_test_fmt_type'
[ 1903s]   144 |  tt_assert_test_fmt_type(a,b,str_test,type,test,type,fmt, \
[ 1903s]       |  ^~~~~~~~~~~~~~~~~~~~~~~
[ 1903s] test/tinytest_macros.h:158:2: note: in expansion of macro 'tt_assert_test_type'
[ 1903s]   158 |  tt_assert_test_type(a,b,#a" "#op" "#b,long,(val1_ op val2_), \
[ 1903s]       |  ^~~~~~~~~~~~~~~~~~~
[ 1903s] test/regress_buffer.c:444:2: note: in expansion of macro 'tt_int_op'
[ 1903s]   444 |  tt_int_op(evbuffer_pullup(buf, -1), ==, NULL);
[ 1903s]       |  ^~~~~~~~~
[ 1903s] make[1]: Leaving directory '/home/abuild/rpmbuild/BUILD/libevent-2.1.12-stable'
[ 1903s] make[1]: Entering directory '/home/abuild/rpmbuild/BUILD/libevent-2.1.12-stable'
[ 1903s] /bin/sh ./libtool  --tag=CC   --mode=link gcc  -O2 -g -pipe -Wall -Werror=format-security -Wp,-D_FORTIFY_SOURCE=2 -Wp,-D_GLIBCXX_ASSERTIONS -fstack-protector-strong -grecord-gcc-switches -specs=/usr/lib/rpm/generic-hardened-cc1 -fasynchronous-unwind-tables -fstack-clash-protection -Wall -fno-strict-aliasing  -W -Wfloat-equal -Wundef -Wpointer-arith -Wstrict-prototypes -Wmissing-prototypes -Wwrite-strings -Wredundant-decls -Wmissing-declarations -Wnested-externs -Wbad-function-cast -Wno-unused-parameter -Wstrict-aliasing -Winit-self -Wmissing-field-initializers -Wdeclaration-after-statement -Waddress -Wnormalized=id -Woverride-init -Wlogical-op  -Wl,-z,relro   -Wl,-z,now -specs=/usr/lib/rpm/generic-hardened-ld -o sample/time-test sample/time-test.o  libevent.la 
[ 1903s] libtool: link: gcc -O2 -g -pipe -Wall -Werror=format-security -Wp,-D_FORTIFY_SOURCE=2 -Wp,-D_GLIBCXX_ASSERTIONS -fstack-protector-strong -grecord-gcc-switches -specs=/usr/lib/rpm/generic-hardened-cc1 -fasynchronous-unwind-tables -fstack-clash-protection -Wall -fno-strict-aliasing -W -Wfloat-equal -Wundef -Wpointer-arith -Wstrict-prototypes -Wmissing-prototypes -Wwrite-strings -Wredundant-decls -Wmissing-declarations -Wnested-externs -Wbad-function-cast -Wno-unused-parameter -Wstrict-aliasing -Winit-self -Wmissing-field-initializers -Wdeclaration-after-statement -Waddress -Wnormalized=id -Woverride-init -Wlogical-op -Wl,-z -Wl,relro -Wl,-z -Wl,now -specs=/usr/lib/rpm/generic-hardened-ld -o sample/.libs/time-test sample/time-test.o  ./.libs/libevent.so
[ 1903s] make[1]: Leaving directory '/home/abuild/rpmbuild/BUILD/libevent-2.1.12-stable'
[ 1904s] make[1]: Entering directory '/home/abuild/rpmbuild/BUILD/libevent-2.1.12-stable'
[ 1904s] /bin/sh ./libtool  --tag=CC   --mode=link gcc  -O2 -g -pipe -Wall -Werror=format-security -Wp,-D_FORTIFY_SOURCE=2 -Wp,-D_GLIBCXX_ASSERTIONS -fstack-protector-strong -grecord-gcc-switches -specs=/usr/lib/rpm/generic-hardened-cc1 -fasynchronous-unwind-tables -fstack-clash-protection -Wall -fno-strict-aliasing  -W -Wfloat-equal -Wundef -Wpointer-arith -Wstrict-prototypes -Wmissing-prototypes -Wwrite-strings -Wredundant-decls -Wmissing-declarations -Wnested-externs -Wbad-function-cast -Wno-unused-parameter -Wstrict-aliasing -Winit-self -Wmissing-field-initializers -Wdeclaration-after-statement -Waddress -Wnormalized=id -Woverride-init -Wlogical-op  -Wl,-z,relro   -Wl,-z,now -specs=/usr/lib/rpm/generic-hardened-ld -o test/bench test/bench.o  libevent.la 
[ 1904s] libtool: link: gcc -O2 -g -pipe -Wall -Werror=format-security -Wp,-D_FORTIFY_SOURCE=2 -Wp,-D_GLIBCXX_ASSERTIONS -fstack-protector-strong -grecord-gcc-switches -specs=/usr/lib/rpm/generic-hardened-cc1 -fasynchronous-unwind-tables -fstack-clash-protection -Wall -fno-strict-aliasing -W -Wfloat-equal -Wundef -Wpointer-arith -Wstrict-prototypes -Wmissing-prototypes -Wwrite-strings -Wredundant-decls -Wmissing-declarations -Wnested-externs -Wbad-function-cast -Wno-unused-parameter -Wstrict-aliasing -Winit-self -Wmissing-field-initializers -Wdeclaration-after-statement -Waddress -Wnormalized=id -Woverride-init -Wlogical-op -Wl,-z -Wl,relro -Wl,-z -Wl,now -specs=/usr/lib/rpm/generic-hardened-ld -o test/.libs/bench test/bench.o  ./.libs/libevent.so
[ 1904s] make[1]: Leaving directory '/home/abuild/rpmbuild/BUILD/libevent-2.1.12-stable'
[ 1906s] make[1]: Entering directory '/home/abuild/rpmbuild/BUILD/libevent-2.1.12-stable'
[ 1906s] /bin/sh ./libtool  --tag=CC   --mode=link gcc  -O2 -g -pipe -Wall -Werror=format-security -Wp,-D_FORTIFY_SOURCE=2 -Wp,-D_GLIBCXX_ASSERTIONS -fstack-protector-strong -grecord-gcc-switches -specs=/usr/lib/rpm/generic-hardened-cc1 -fasynchronous-unwind-tables -fstack-clash-protection -Wall -fno-strict-aliasing  -W -Wfloat-equal -Wundef -Wpointer-arith -Wstrict-prototypes -Wmissing-prototypes -Wwrite-strings -Wredundant-decls -Wmissing-declarations -Wnested-externs -Wbad-function-cast -Wno-unused-parameter -Wstrict-aliasing -Winit-self -Wmissing-field-initializers -Wdeclaration-after-statement -Waddress -Wnormalized=id -Woverride-init -Wlogical-op  -Wl,-z,relro   -Wl,-z,now -specs=/usr/lib/rpm/generic-hardened-ld -o sample/le-proxy sample/le_proxy-le-proxy.o libevent.la libevent_openssl.la -lssl -lcrypto      
[ 1906s] libtool: link: gcc -O2 -g -pipe -Wall -Werror=format-security -Wp,-D_FORTIFY_SOURCE=2 -Wp,-D_GLIBCXX_ASSERTIONS -fstack-protector-strong -grecord-gcc-switches -specs=/usr/lib/rpm/generic-hardened-cc1 -fasynchronous-unwind-tables -fstack-clash-protection -Wall -fno-strict-aliasing -W -Wfloat-equal -Wundef -Wpointer-arith -Wstrict-prototypes -Wmissing-prototypes -Wwrite-strings -Wredundant-decls -Wmissing-declarations -Wnested-externs -Wbad-function-cast -Wno-unused-parameter -Wstrict-aliasing -Winit-self -Wmissing-field-initializers -Wdeclaration-after-statement -Waddress -Wnormalized=id -Woverride-init -Wlogical-op -Wl,-z -Wl,relro -Wl,-z -Wl,now -specs=/usr/lib/rpm/generic-hardened-ld -o sample/.libs/le-proxy sample/le_proxy-le-proxy.o  ./.libs/libevent.so ./.libs/libevent_openssl.so -lssl -lcrypto
[ 1906s] make[1]: Leaving directory '/home/abuild/rpmbuild/BUILD/libevent-2.1.12-stable'
[ 1906s] make[1]: Entering directory '/home/abuild/rpmbuild/BUILD/libevent-2.1.12-stable'
[ 1906s] /bin/sh ./libtool  --tag=CC   --mode=link gcc  -O2 -g -pipe -Wall -Werror=format-security -Wp,-D_FORTIFY_SOURCE=2 -Wp,-D_GLIBCXX_ASSERTIONS -fstack-protector-strong -grecord-gcc-switches -specs=/usr/lib/rpm/generic-hardened-cc1 -fasynchronous-unwind-tables -fstack-clash-protection -Wall -fno-strict-aliasing  -W -Wfloat-equal -Wundef -Wpointer-arith -Wstrict-prototypes -Wmissing-prototypes -Wwrite-strings -Wredundant-decls -Wmissing-declarations -Wnested-externs -Wbad-function-cast -Wno-unused-parameter -Wstrict-aliasing -Winit-self -Wmissing-field-initializers -Wdeclaration-after-statement -Waddress -Wnormalized=id -Woverride-init -Wlogical-op  -Wl,-z,relro   -Wl,-z,now -specs=/usr/lib/rpm/generic-hardened-ld -o test/bench_cascade test/bench_cascade.o  libevent.la 
[ 1906s] libtool: link: gcc -O2 -g -pipe -Wall -Werror=format-security -Wp,-D_FORTIFY_SOURCE=2 -Wp,-D_GLIBCXX_ASSERTIONS -fstack-protector-strong -grecord-gcc-switches -specs=/usr/lib/rpm/generic-hardened-cc1 -fasynchronous-unwind-tables -fstack-clash-protection -Wall -fno-strict-aliasing -W -Wfloat-equal -Wundef -Wpointer-arith -Wstrict-prototypes -Wmissing-prototypes -Wwrite-strings -Wredundant-decls -Wmissing-declarations -Wnested-externs -Wbad-function-cast -Wno-unused-parameter -Wstrict-aliasing -Winit-self -Wmissing-field-initializers -Wdeclaration-after-statement -Waddress -Wnormalized=id -Woverride-init -Wlogical-op -Wl,-z -Wl,relro -Wl,-z -Wl,now -specs=/usr/lib/rpm/generic-hardened-ld -o test/.libs/bench_cascade test/bench_cascade.o  ./.libs/libevent.so
[ 1906s] make[1]: Leaving directory '/home/abuild/rpmbuild/BUILD/libevent-2.1.12-stable'
[ 1907s] make[1]: Entering directory '/home/abuild/rpmbuild/BUILD/libevent-2.1.12-stable'
[ 1907s] /bin/sh ./libtool  --tag=CC   --mode=link gcc  -O2 -g -pipe -Wall -Werror=format-security -Wp,-D_FORTIFY_SOURCE=2 -Wp,-D_GLIBCXX_ASSERTIONS -fstack-protector-strong -grecord-gcc-switches -specs=/usr/lib/rpm/generic-hardened-cc1 -fasynchronous-unwind-tables -fstack-clash-protection -Wall -fno-strict-aliasing  -W -Wfloat-equal -Wundef -Wpointer-arith -Wstrict-prototypes -Wmissing-prototypes -Wwrite-strings -Wredundant-decls -Wmissing-declarations -Wnested-externs -Wbad-function-cast -Wno-unused-parameter -Wstrict-aliasing -Winit-self -Wmissing-field-initializers -Wdeclaration-after-statement -Waddress -Wnormalized=id -Woverride-init -Wlogical-op  -Wl,-z,relro   -Wl,-z,now -specs=/usr/lib/rpm/generic-hardened-ld -o sample/https-client sample/https_client-https-client.o sample/https_client-hostcheck.o sample/https_client-openssl_hostname_validation.o libevent.la libevent_openssl.la -lssl -lcrypto       
[ 1907s] libtool: link: gcc -O2 -g -pipe -Wall -Werror=format-security -Wp,-D_FORTIFY_SOURCE=2 -Wp,-D_GLIBCXX_ASSERTIONS -fstack-protector-strong -grecord-gcc-switches -specs=/usr/lib/rpm/generic-hardened-cc1 -fasynchronous-unwind-tables -fstack-clash-protection -Wall -fno-strict-aliasing -W -Wfloat-equal -Wundef -Wpointer-arith -Wstrict-prototypes -Wmissing-prototypes -Wwrite-strings -Wredundant-decls -Wmissing-declarations -Wnested-externs -Wbad-function-cast -Wno-unused-parameter -Wstrict-aliasing -Winit-self -Wmissing-field-initializers -Wdeclaration-after-statement -Waddress -Wnormalized=id -Woverride-init -Wlogical-op -Wl,-z -Wl,relro -Wl,-z -Wl,now -specs=/usr/lib/rpm/generic-hardened-ld -o sample/.libs/https-client sample/https_client-https-client.o sample/https_client-hostcheck.o sample/https_client-openssl_hostname_validation.o  ./.libs/libevent.so ./.libs/libevent_openssl.so -lssl -lcrypto
[ 1907s] make[1]: Leaving directory '/home/abuild/rpmbuild/BUILD/libevent-2.1.12-stable'
[ 1912s] make[1]: Entering directory '/home/abuild/rpmbuild/BUILD/libevent-2.1.12-stable'
[ 1912s] /bin/sh ./libtool  --tag=CC   --mode=link gcc  -O2 -g -pipe -Wall -Werror=format-security -Wp,-D_FORTIFY_SOURCE=2 -Wp,-D_GLIBCXX_ASSERTIONS -fstack-protector-strong -grecord-gcc-switches -specs=/usr/lib/rpm/generic-hardened-cc1 -fasynchronous-unwind-tables -fstack-clash-protection -Wall -fno-strict-aliasing  -W -Wfloat-equal -Wundef -Wpointer-arith -Wstrict-prototypes -Wmissing-prototypes -Wwrite-strings -Wredundant-decls -Wmissing-declarations -Wnested-externs -Wbad-function-cast -Wno-unused-parameter -Wstrict-aliasing -Winit-self -Wmissing-field-initializers -Wdeclaration-after-statement -Waddress -Wnormalized=id -Woverride-init -Wlogical-op  -Wl,-z,relro   -Wl,-z,now -specs=/usr/lib/rpm/generic-hardened-ld -o test/bench_http test/bench_http.o  libevent.la 
[ 1912s] libtool: link: gcc -O2 -g -pipe -Wall -Werror=format-security -Wp,-D_FORTIFY_SOURCE=2 -Wp,-D_GLIBCXX_ASSERTIONS -fstack-protector-strong -grecord-gcc-switches -specs=/usr/lib/rpm/generic-hardened-cc1 -fasynchronous-unwind-tables -fstack-clash-protection -Wall -fno-strict-aliasing -W -Wfloat-equal -Wundef -Wpointer-arith -Wstrict-prototypes -Wmissing-prototypes -Wwrite-strings -Wredundant-decls -Wmissing-declarations -Wnested-externs -Wbad-function-cast -Wno-unused-parameter -Wstrict-aliasing -Winit-self -Wmissing-field-initializers -Wdeclaration-after-statement -Waddress -Wnormalized=id -Woverride-init -Wlogical-op -Wl,-z -Wl,relro -Wl,-z -Wl,now -specs=/usr/lib/rpm/generic-hardened-ld -o test/.libs/bench_http test/bench_http.o  ./.libs/libevent.so
[ 1912s] make[1]: Leaving directory '/home/abuild/rpmbuild/BUILD/libevent-2.1.12-stable'
[ 1912s] make[1]: Entering directory '/home/abuild/rpmbuild/BUILD/libevent-2.1.12-stable'
[ 1912s] /bin/sh ./libtool  --tag=CC   --mode=link gcc  -O2 -g -pipe -Wall -Werror=format-security -Wp,-D_FORTIFY_SOURCE=2 -Wp,-D_GLIBCXX_ASSERTIONS -fstack-protector-strong -grecord-gcc-switches -specs=/usr/lib/rpm/generic-hardened-cc1 -fasynchronous-unwind-tables -fstack-clash-protection -Wall -fno-strict-aliasing  -W -Wfloat-equal -Wundef -Wpointer-arith -Wstrict-prototypes -Wmissing-prototypes -Wwrite-strings -Wredundant-decls -Wmissing-declarations -Wnested-externs -Wbad-function-cast -Wno-unused-parameter -Wstrict-aliasing -Winit-self -Wmissing-field-initializers -Wdeclaration-after-statement -Waddress -Wnormalized=id -Woverride-init -Wlogical-op  -Wl,-z,relro   -Wl,-z,now -specs=/usr/lib/rpm/generic-hardened-ld -o test/test-changelist test/test-changelist.o libevent_core.la 
[ 1912s] libtool: link: gcc -O2 -g -pipe -Wall -Werror=format-security -Wp,-D_FORTIFY_SOURCE=2 -Wp,-D_GLIBCXX_ASSERTIONS -fstack-protector-strong -grecord-gcc-switches -specs=/usr/lib/rpm/generic-hardened-cc1 -fasynchronous-unwind-tables -fstack-clash-protection -Wall -fno-strict-aliasing -W -Wfloat-equal -Wundef -Wpointer-arith -Wstrict-prototypes -Wmissing-prototypes -Wwrite-strings -Wredundant-decls -Wmissing-declarations -Wnested-externs -Wbad-function-cast -Wno-unused-parameter -Wstrict-aliasing -Winit-self -Wmissing-field-initializers -Wdeclaration-after-statement -Waddress -Wnormalized=id -Woverride-init -Wlogical-op -Wl,-z -Wl,relro -Wl,-z -Wl,now -specs=/usr/lib/rpm/generic-hardened-ld -o test/.libs/test-changelist test/test-changelist.o  ./.libs/libevent_core.so
[ 1912s] make[1]: Leaving directory '/home/abuild/rpmbuild/BUILD/libevent-2.1.12-stable'
[ 1914s] make[1]: Entering directory '/home/abuild/rpmbuild/BUILD/libevent-2.1.12-stable'
[ 1914s] /bin/sh ./libtool  --tag=CC   --mode=link gcc  -O2 -g -pipe -Wall -Werror=format-security -Wp,-D_FORTIFY_SOURCE=2 -Wp,-D_GLIBCXX_ASSERTIONS -fstack-protector-strong -grecord-gcc-switches -specs=/usr/lib/rpm/generic-hardened-cc1 -fasynchronous-unwind-tables -fstack-clash-protection -Wall -fno-strict-aliasing  -W -Wfloat-equal -Wundef -Wpointer-arith -Wstrict-prototypes -Wmissing-prototypes -Wwrite-strings -Wredundant-decls -Wmissing-declarations -Wnested-externs -Wbad-function-cast -Wno-unused-parameter -Wstrict-aliasing -Winit-self -Wmissing-field-initializers -Wdeclaration-after-statement -Waddress -Wnormalized=id -Woverride-init -Wlogical-op  -Wl,-z,relro   -Wl,-z,now -specs=/usr/lib/rpm/generic-hardened-ld -o test/bench_httpclient test/bench_httpclient.o  libevent_core.la 
[ 1914s] libtool: link: gcc -O2 -g -pipe -Wall -Werror=format-security -Wp,-D_FORTIFY_SOURCE=2 -Wp,-D_GLIBCXX_ASSERTIONS -fstack-protector-strong -grecord-gcc-switches -specs=/usr/lib/rpm/generic-hardened-cc1 -fasynchronous-unwind-tables -fstack-clash-protection -Wall -fno-strict-aliasing -W -Wfloat-equal -Wundef -Wpointer-arith -Wstrict-prototypes -Wmissing-prototypes -Wwrite-strings -Wredundant-decls -Wmissing-declarations -Wnested-externs -Wbad-function-cast -Wno-unused-parameter -Wstrict-aliasing -Winit-self -Wmissing-field-initializers -Wdeclaration-after-statement -Waddress -Wnormalized=id -Woverride-init -Wlogical-op -Wl,-z -Wl,relro -Wl,-z -Wl,now -specs=/usr/lib/rpm/generic-hardened-ld -o test/.libs/bench_httpclient test/bench_httpclient.o  ./.libs/libevent_core.so
[ 1914s] make[1]: Leaving directory '/home/abuild/rpmbuild/BUILD/libevent-2.1.12-stable'
[ 1915s] make[1]: Entering directory '/home/abuild/rpmbuild/BUILD/libevent-2.1.12-stable'
[ 1915s] /bin/sh ./libtool  --tag=CC   --mode=link gcc  -O2 -g -pipe -Wall -Werror=format-security -Wp,-D_FORTIFY_SOURCE=2 -Wp,-D_GLIBCXX_ASSERTIONS -fstack-protector-strong -grecord-gcc-switches -specs=/usr/lib/rpm/generic-hardened-cc1 -fasynchronous-unwind-tables -fstack-clash-protection -Wall -fno-strict-aliasing  -W -Wfloat-equal -Wundef -Wpointer-arith -Wstrict-prototypes -Wmissing-prototypes -Wwrite-strings -Wredundant-decls -Wmissing-declarations -Wnested-externs -Wbad-function-cast -Wno-unused-parameter -Wstrict-aliasing -Winit-self -Wmissing-field-initializers -Wdeclaration-after-statement -Waddress -Wnormalized=id -Woverride-init -Wlogical-op  -Wl,-z,relro   -Wl,-z,now -specs=/usr/lib/rpm/generic-hardened-ld -o test/test-dumpevents test/test-dumpevents.o libevent_core.la 
[ 1915s] libtool: link: gcc -O2 -g -pipe -Wall -Werror=format-security -Wp,-D_FORTIFY_SOURCE=2 -Wp,-D_GLIBCXX_ASSERTIONS -fstack-protector-strong -grecord-gcc-switches -specs=/usr/lib/rpm/generic-hardened-cc1 -fasynchronous-unwind-tables -fstack-clash-protection -Wall -fno-strict-aliasing -W -Wfloat-equal -Wundef -Wpointer-arith -Wstrict-prototypes -Wmissing-prototypes -Wwrite-strings -Wredundant-decls -Wmissing-declarations -Wnested-externs -Wbad-function-cast -Wno-unused-parameter -Wstrict-aliasing -Winit-self -Wmissing-field-initializers -Wdeclaration-after-statement -Waddress -Wnormalized=id -Woverride-init -Wlogical-op -Wl,-z -Wl,relro -Wl,-z -Wl,now -specs=/usr/lib/rpm/generic-hardened-ld -o test/.libs/test-dumpevents test/test-dumpevents.o  ./.libs/libevent_core.so
[ 1915s] make[1]: Leaving directory '/home/abuild/rpmbuild/BUILD/libevent-2.1.12-stable'
[ 1916s] make[1]: Entering directory '/home/abuild/rpmbuild/BUILD/libevent-2.1.12-stable'
[ 1916s] /bin/sh ./libtool  --tag=CC   --mode=link gcc  -O2 -g -pipe -Wall -Werror=format-security -Wp,-D_FORTIFY_SOURCE=2 -Wp,-D_GLIBCXX_ASSERTIONS -fstack-protector-strong -grecord-gcc-switches -specs=/usr/lib/rpm/generic-hardened-cc1 -fasynchronous-unwind-tables -fstack-clash-protection -Wall -fno-strict-aliasing  -W -Wfloat-equal -Wundef -Wpointer-arith -Wstrict-prototypes -Wmissing-prototypes -Wwrite-strings -Wredundant-decls -Wmissing-declarations -Wnested-externs -Wbad-function-cast -Wno-unused-parameter -Wstrict-aliasing -Winit-self -Wmissing-field-initializers -Wdeclaration-after-statement -Waddress -Wnormalized=id -Woverride-init -Wlogical-op  -Wl,-z,relro   -Wl,-z,now -specs=/usr/lib/rpm/generic-hardened-ld -o test/test-closed test/test-closed.o libevent_core.la 
[ 1916s] libtool: link: gcc -O2 -g -pipe -Wall -Werror=format-security -Wp,-D_FORTIFY_SOURCE=2 -Wp,-D_GLIBCXX_ASSERTIONS -fstack-protector-strong -grecord-gcc-switches -specs=/usr/lib/rpm/generic-hardened-cc1 -fasynchronous-unwind-tables -fstack-clash-protection -Wall -fno-strict-aliasing -W -Wfloat-equal -Wundef -Wpointer-arith -Wstrict-prototypes -Wmissing-prototypes -Wwrite-strings -Wredundant-decls -Wmissing-declarations -Wnested-externs -Wbad-function-cast -Wno-unused-parameter -Wstrict-aliasing -Winit-self -Wmissing-field-initializers -Wdeclaration-after-statement -Waddress -Wnormalized=id -Woverride-init -Wlogical-op -Wl,-z -Wl,relro -Wl,-z -Wl,now -specs=/usr/lib/rpm/generic-hardened-ld -o test/.libs/test-closed test/test-closed.o  ./.libs/libevent_core.so
[ 1916s] make[1]: Leaving directory '/home/abuild/rpmbuild/BUILD/libevent-2.1.12-stable'
[ 1917s] make[1]: Entering directory '/home/abuild/rpmbuild/BUILD/libevent-2.1.12-stable'
[ 1917s] /bin/sh ./libtool  --tag=CC   --mode=link gcc  -O2 -g -pipe -Wall -Werror=format-security -Wp,-D_FORTIFY_SOURCE=2 -Wp,-D_GLIBCXX_ASSERTIONS -fstack-protector-strong -grecord-gcc-switches -specs=/usr/lib/rpm/generic-hardened-cc1 -fasynchronous-unwind-tables -fstack-clash-protection -Wall -fno-strict-aliasing  -W -Wfloat-equal -Wundef -Wpointer-arith -Wstrict-prototypes -Wmissing-prototypes -Wwrite-strings -Wredundant-decls -Wmissing-declarations -Wnested-externs -Wbad-function-cast -Wno-unused-parameter -Wstrict-aliasing -Winit-self -Wmissing-field-initializers -Wdeclaration-after-statement -Waddress -Wnormalized=id -Woverride-init -Wlogical-op  -Wl,-z,relro   -Wl,-z,now -specs=/usr/lib/rpm/generic-hardened-ld -o test/test-eof test/test-eof.o libevent_core.la 
[ 1917s] libtool: link: gcc -O2 -g -pipe -Wall -Werror=format-security -Wp,-D_FORTIFY_SOURCE=2 -Wp,-D_GLIBCXX_ASSERTIONS -fstack-protector-strong -grecord-gcc-switches -specs=/usr/lib/rpm/generic-hardened-cc1 -fasynchronous-unwind-tables -fstack-clash-protection -Wall -fno-strict-aliasing -W -Wfloat-equal -Wundef -Wpointer-arith -Wstrict-prototypes -Wmissing-prototypes -Wwrite-strings -Wredundant-decls -Wmissing-declarations -Wnested-externs -Wbad-function-cast -Wno-unused-parameter -Wstrict-aliasing -Winit-self -Wmissing-field-initializers -Wdeclaration-after-statement -Waddress -Wnormalized=id -Woverride-init -Wlogical-op -Wl,-z -Wl,relro -Wl,-z -Wl,now -specs=/usr/lib/rpm/generic-hardened-ld -o test/.libs/test-eof test/test-eof.o  ./.libs/libevent_core.so
[ 1917s] make[1]: Leaving directory '/home/abuild/rpmbuild/BUILD/libevent-2.1.12-stable'
[ 1919s] make[1]: Entering directory '/home/abuild/rpmbuild/BUILD/libevent-2.1.12-stable'
[ 1919s] /bin/sh ./libtool  --tag=CC   --mode=link gcc  -O2 -g -pipe -Wall -Werror=format-security -Wp,-D_FORTIFY_SOURCE=2 -Wp,-D_GLIBCXX_ASSERTIONS -fstack-protector-strong -grecord-gcc-switches -specs=/usr/lib/rpm/generic-hardened-cc1 -fasynchronous-unwind-tables -fstack-clash-protection -Wall -fno-strict-aliasing  -W -Wfloat-equal -Wundef -Wpointer-arith -Wstrict-prototypes -Wmissing-prototypes -Wwrite-strings -Wredundant-decls -Wmissing-declarations -Wnested-externs -Wbad-function-cast -Wno-unused-parameter -Wstrict-aliasing -Winit-self -Wmissing-field-initializers -Wdeclaration-after-statement -Waddress -Wnormalized=id -Woverride-init -Wlogical-op  -Wl,-z,relro   -Wl,-z,now -specs=/usr/lib/rpm/generic-hardened-ld -o test/test-fdleak test/test-fdleak.o libevent_core.la 
[ 1919s] libtool: link: gcc -O2 -g -pipe -Wall -Werror=format-security -Wp,-D_FORTIFY_SOURCE=2 -Wp,-D_GLIBCXX_ASSERTIONS -fstack-protector-strong -grecord-gcc-switches -specs=/usr/lib/rpm/generic-hardened-cc1 -fasynchronous-unwind-tables -fstack-clash-protection -Wall -fno-strict-aliasing -W -Wfloat-equal -Wundef -Wpointer-arith -Wstrict-prototypes -Wmissing-prototypes -Wwrite-strings -Wredundant-decls -Wmissing-declarations -Wnested-externs -Wbad-function-cast -Wno-unused-parameter -Wstrict-aliasing -Winit-self -Wmissing-field-initializers -Wdeclaration-after-statement -Waddress -Wnormalized=id -Woverride-init -Wlogical-op -Wl,-z -Wl,relro -Wl,-z -Wl,now -specs=/usr/lib/rpm/generic-hardened-ld -o test/.libs/test-fdleak test/test-fdleak.o  ./.libs/libevent_core.so
[ 1919s] make[1]: Leaving directory '/home/abuild/rpmbuild/BUILD/libevent-2.1.12-stable'
[ 1923s] make[1]: Entering directory '/home/abuild/rpmbuild/BUILD/libevent-2.1.12-stable'
[ 1923s] /bin/sh ./libtool  --tag=CC   --mode=link gcc  -O2 -g -pipe -Wall -Werror=format-security -Wp,-D_FORTIFY_SOURCE=2 -Wp,-D_GLIBCXX_ASSERTIONS -fstack-protector-strong -grecord-gcc-switches -specs=/usr/lib/rpm/generic-hardened-cc1 -fasynchronous-unwind-tables -fstack-clash-protection -Wall -fno-strict-aliasing  -W -Wfloat-equal -Wundef -Wpointer-arith -Wstrict-prototypes -Wmissing-prototypes -Wwrite-strings -Wredundant-decls -Wmissing-declarations -Wnested-externs -Wbad-function-cast -Wno-unused-parameter -Wstrict-aliasing -Winit-self -Wmissing-field-initializers -Wdeclaration-after-statement -Waddress -Wnormalized=id -Woverride-init -Wlogical-op  -Wl,-z,relro   -Wl,-z,now -specs=/usr/lib/rpm/generic-hardened-ld -o test/test-ratelim test/test-ratelim.o libevent_core.la -lm 
[ 1923s] libtool: link: gcc -O2 -g -pipe -Wall -Werror=format-security -Wp,-D_FORTIFY_SOURCE=2 -Wp,-D_GLIBCXX_ASSERTIONS -fstack-protector-strong -grecord-gcc-switches -specs=/usr/lib/rpm/generic-hardened-cc1 -fasynchronous-unwind-tables -fstack-clash-protection -Wall -fno-strict-aliasing -W -Wfloat-equal -Wundef -Wpointer-arith -Wstrict-prototypes -Wmissing-prototypes -Wwrite-strings -Wredundant-decls -Wmissing-declarations -Wnested-externs -Wbad-function-cast -Wno-unused-parameter -Wstrict-aliasing -Winit-self -Wmissing-field-initializers -Wdeclaration-after-statement -Waddress -Wnormalized=id -Woverride-init -Wlogical-op -Wl,-z -Wl,relro -Wl,-z -Wl,now -specs=/usr/lib/rpm/generic-hardened-ld -o test/.libs/test-ratelim test/test-ratelim.o  ./.libs/libevent_core.so -lm
[ 1923s] make[1]: Leaving directory '/home/abuild/rpmbuild/BUILD/libevent-2.1.12-stable'
[ 1923s] make[1]: Entering directory '/home/abuild/rpmbuild/BUILD/libevent-2.1.12-stable'
[ 1923s] /bin/sh ./libtool  --tag=CC   --mode=link gcc  -O2 -g -pipe -Wall -Werror=format-security -Wp,-D_FORTIFY_SOURCE=2 -Wp,-D_GLIBCXX_ASSERTIONS -fstack-protector-strong -grecord-gcc-switches -specs=/usr/lib/rpm/generic-hardened-cc1 -fasynchronous-unwind-tables -fstack-clash-protection -Wall -fno-strict-aliasing  -W -Wfloat-equal -Wundef -Wpointer-arith -Wstrict-prototypes -Wmissing-prototypes -Wwrite-strings -Wredundant-decls -Wmissing-declarations -Wnested-externs -Wbad-function-cast -Wno-unused-parameter -Wstrict-aliasing -Winit-self -Wmissing-field-initializers -Wdeclaration-after-statement -Waddress -Wnormalized=id -Woverride-init -Wlogical-op  -Wl,-z,relro   -Wl,-z,now -specs=/usr/lib/rpm/generic-hardened-ld -o test/test-time test/test-time.o libevent_core.la 
[ 1923s] libtool: link: gcc -O2 -g -pipe -Wall -Werror=format-security -Wp,-D_FORTIFY_SOURCE=2 -Wp,-D_GLIBCXX_ASSERTIONS -fstack-protector-strong -grecord-gcc-switches -specs=/usr/lib/rpm/generic-hardened-cc1 -fasynchronous-unwind-tables -fstack-clash-protection -Wall -fno-strict-aliasing -W -Wfloat-equal -Wundef -Wpointer-arith -Wstrict-prototypes -Wmissing-prototypes -Wwrite-strings -Wredundant-decls -Wmissing-declarations -Wnested-externs -Wbad-function-cast -Wno-unused-parameter -Wstrict-aliasing -Winit-self -Wmissing-field-initializers -Wdeclaration-after-statement -Waddress -Wnormalized=id -Woverride-init -Wlogical-op -Wl,-z -Wl,relro -Wl,-z -Wl,now -specs=/usr/lib/rpm/generic-hardened-ld -o test/.libs/test-time test/test-time.o  ./.libs/libevent_core.so
[ 1923s] make[1]: Leaving directory '/home/abuild/rpmbuild/BUILD/libevent-2.1.12-stable'
[ 1924s] make[1]: Entering directory '/home/abuild/rpmbuild/BUILD/libevent-2.1.12-stable'
[ 1924s] /bin/sh ./libtool  --tag=CC   --mode=link gcc  -O2 -g -pipe -Wall -Werror=format-security -Wp,-D_FORTIFY_SOURCE=2 -Wp,-D_GLIBCXX_ASSERTIONS -fstack-protector-strong -grecord-gcc-switches -specs=/usr/lib/rpm/generic-hardened-cc1 -fasynchronous-unwind-tables -fstack-clash-protection -Wall -fno-strict-aliasing  -W -Wfloat-equal -Wundef -Wpointer-arith -Wstrict-prototypes -Wmissing-prototypes -Wwrite-strings -Wredundant-decls -Wmissing-declarations -Wnested-externs -Wbad-function-cast -Wno-unused-parameter -Wstrict-aliasing -Winit-self -Wmissing-field-initializers -Wdeclaration-after-statement -Waddress -Wnormalized=id -Woverride-init -Wlogical-op  -Wl,-z,relro   -Wl,-z,now -specs=/usr/lib/rpm/generic-hardened-ld -o test/test-init test/test-init.o libevent_core.la 
[ 1924s] libtool: link: gcc -O2 -g -pipe -Wall -Werror=format-security -Wp,-D_FORTIFY_SOURCE=2 -Wp,-D_GLIBCXX_ASSERTIONS -fstack-protector-strong -grecord-gcc-switches -specs=/usr/lib/rpm/generic-hardened-cc1 -fasynchronous-unwind-tables -fstack-clash-protection -Wall -fno-strict-aliasing -W -Wfloat-equal -Wundef -Wpointer-arith -Wstrict-prototypes -Wmissing-prototypes -Wwrite-strings -Wredundant-decls -Wmissing-declarations -Wnested-externs -Wbad-function-cast -Wno-unused-parameter -Wstrict-aliasing -Winit-self -Wmissing-field-initializers -Wdeclaration-after-statement -Waddress -Wnormalized=id -Woverride-init -Wlogical-op -Wl,-z -Wl,relro -Wl,-z -Wl,now -specs=/usr/lib/rpm/generic-hardened-ld -o test/.libs/test-init test/test-init.o  ./.libs/libevent_core.so
[ 1924s] make[1]: Leaving directory '/home/abuild/rpmbuild/BUILD/libevent-2.1.12-stable'
[ 1924s] make[1]: Entering directory '/home/abuild/rpmbuild/BUILD/libevent-2.1.12-stable'
[ 1924s] /bin/sh ./libtool  --tag=CC   --mode=link gcc  -O2 -g -pipe -Wall -Werror=format-security -Wp,-D_FORTIFY_SOURCE=2 -Wp,-D_GLIBCXX_ASSERTIONS -fstack-protector-strong -grecord-gcc-switches -specs=/usr/lib/rpm/generic-hardened-cc1 -fasynchronous-unwind-tables -fstack-clash-protection -Wall -fno-strict-aliasing  -W -Wfloat-equal -Wundef -Wpointer-arith -Wstrict-prototypes -Wmissing-prototypes -Wwrite-strings -Wredundant-decls -Wmissing-declarations -Wnested-externs -Wbad-function-cast -Wno-unused-parameter -Wstrict-aliasing -Winit-self -Wmissing-field-initializers -Wdeclaration-after-statement -Waddress -Wnormalized=id -Woverride-init -Wlogical-op  -Wl,-z,relro   -Wl,-z,now -specs=/usr/lib/rpm/generic-hardened-ld -o test/test-weof test/test-weof.o libevent_core.la 
[ 1924s] libtool: link: gcc -O2 -g -pipe -Wall -Werror=format-security -Wp,-D_FORTIFY_SOURCE=2 -Wp,-D_GLIBCXX_ASSERTIONS -fstack-protector-strong -grecord-gcc-switches -specs=/usr/lib/rpm/generic-hardened-cc1 -fasynchronous-unwind-tables -fstack-clash-protection -Wall -fno-strict-aliasing -W -Wfloat-equal -Wundef -Wpointer-arith -Wstrict-prototypes -Wmissing-prototypes -Wwrite-strings -Wredundant-decls -Wmissing-declarations -Wnested-externs -Wbad-function-cast -Wno-unused-parameter -Wstrict-aliasing -Winit-self -Wmissing-field-initializers -Wdeclaration-after-statement -Waddress -Wnormalized=id -Woverride-init -Wlogical-op -Wl,-z -Wl,relro -Wl,-z -Wl,now -specs=/usr/lib/rpm/generic-hardened-ld -o test/.libs/test-weof test/test-weof.o  ./.libs/libevent_core.so
[ 1924s] make[1]: Leaving directory '/home/abuild/rpmbuild/BUILD/libevent-2.1.12-stable'
[ 1933s] make[1]: Entering directory '/home/abuild/rpmbuild/BUILD/libevent-2.1.12-stable'
[ 1933s] gcc -DHAVE_CONFIG_H -I.  -I./compat -I./include -I./include     -Itest    -O2 -g -pipe -Wall -Werror=format-security -Wp,-D_FORTIFY_SOURCE=2 -Wp,-D_GLIBCXX_ASSERTIONS -fstack-protector-strong -grecord-gcc-switches -specs=/usr/lib/rpm/generic-hardened-cc1 -fasynchronous-unwind-tables -fstack-clash-protection -Wall -fno-strict-aliasing  -W -Wfloat-equal -Wundef -Wpointer-arith -Wstrict-prototypes -Wmissing-prototypes -Wwrite-strings -Wredundant-decls -Wmissing-declarations -Wnested-externs -Wbad-function-cast -Wno-unused-parameter -Wstrict-aliasing -Winit-self -Wmissing-field-initializers -Wdeclaration-after-statement -Waddress -Wnormalized=id -Woverride-init -Wlogical-op -c -o test/regress-regress_http.o `test -f 'test/regress_http.c' || echo './'`test/regress_http.c
[ 1933s] make[1]: Leaving directory '/home/abuild/rpmbuild/BUILD/libevent-2.1.12-stable'
[ 1961s] make[1]: Entering directory '/home/abuild/rpmbuild/BUILD/libevent-2.1.12-stable'
[ 1961s] /bin/sh ./libtool  --tag=CC   --mode=link gcc  -O2 -g -pipe -Wall -Werror=format-security -Wp,-D_FORTIFY_SOURCE=2 -Wp,-D_GLIBCXX_ASSERTIONS -fstack-protector-strong -grecord-gcc-switches -specs=/usr/lib/rpm/generic-hardened-cc1 -fasynchronous-unwind-tables -fstack-clash-protection -Wall -fno-strict-aliasing  -W -Wfloat-equal -Wundef -Wpointer-arith -Wstrict-prototypes -Wmissing-prototypes -Wwrite-strings -Wredundant-decls -Wmissing-declarations -Wnested-externs -Wbad-function-cast -Wno-unused-parameter -Wstrict-aliasing -Winit-self -Wmissing-field-initializers -Wdeclaration-after-statement -Waddress -Wnormalized=id -Woverride-init -Wlogical-op  -Wl,-z,relro   -Wl,-z,now -specs=/usr/lib/rpm/generic-hardened-ld -o test/regress test/regress-regress.o test/regress-regress.gen.o test/regress-regress_buffer.o test/regress-regress_bufferevent.o test/regress-regress_dns.o test/regress-regress_et.o test/regress-regress_finalize.o test/regress-regress_http.o test/regress-regress_listener.o test/regress-regress_main.o test/regress-regress_minheap.o test/regress-regress_rpc.o test/regress-regress_testutils.o test/regress-regress_util.o test/regress-tinytest.o test/regress-regress_thread.o test/regress-regress_zlib.o  test/regress-regress_ssl.o  libevent_core.la libevent_extra.la libevent_pthreads.la -lz  libevent_openssl.la -lssl -lcrypto      
[ 1961s] libtool: link: gcc -O2 -g -pipe -Wall -Werror=format-security -Wp,-D_FORTIFY_SOURCE=2 -Wp,-D_GLIBCXX_ASSERTIONS -fstack-protector-strong -grecord-gcc-switches -specs=/usr/lib/rpm/generic-hardened-cc1 -fasynchronous-unwind-tables -fstack-clash-protection -Wall -fno-strict-aliasing -W -Wfloat-equal -Wundef -Wpointer-arith -Wstrict-prototypes -Wmissing-prototypes -Wwrite-strings -Wredundant-decls -Wmissing-declarations -Wnested-externs -Wbad-function-cast -Wno-unused-parameter -Wstrict-aliasing -Winit-self -Wmissing-field-initializers -Wdeclaration-after-statement -Waddress -Wnormalized=id -Woverride-init -Wlogical-op -Wl,-z -Wl,relro -Wl,-z -Wl,now -specs=/usr/lib/rpm/generic-hardened-ld -o test/.libs/regress test/regress-regress.o test/regress-regress.gen.o test/regress-regress_buffer.o test/regress-regress_bufferevent.o test/regress-regress_dns.o test/regress-regress_et.o test/regress-regress_finalize.o test/regress-regress_http.o test/regress-regress_listener.o test/regress-regress_main.o test/regress-regress_minheap.o test/regress-regress_rpc.o test/regress-regress_testutils.o test/regress-regress_util.o test/regress-tinytest.o test/regress-regress_thread.o test/regress-regress_zlib.o test/regress-regress_ssl.o  ./.libs/libevent_core.so ./.libs/libevent_extra.so ./.libs/libevent_pthreads.so -lz ./.libs/libevent_openssl.so -lssl -lcrypto
[ 1961s] make[1]: Leaving directory '/home/abuild/rpmbuild/BUILD/libevent-2.1.12-stable'
[ 1961s] + RPM_EC=0
[ 1961s] ++ jobs -p
[ 1961s] + exit 0
[ 1962s] Executing(%install): /bin/sh -e /var/tmp/rpm-tmp.DDE0VY
[ 1962s] + umask 022
[ 1962s] + cd /home/abuild/rpmbuild/BUILD
[ 1962s] + '[' /home/abuild/rpmbuild/BUILDROOT/libevent-2.1.12-4.oe1.riscv64 '!=' / ']'
[ 1962s] + rm -rf /home/abuild/rpmbuild/BUILDROOT/libevent-2.1.12-4.oe1.riscv64
[ 1962s] ++ dirname /home/abuild/rpmbuild/BUILDROOT/libevent-2.1.12-4.oe1.riscv64
[ 1962s] + mkdir -p /home/abuild/rpmbuild/BUILDROOT
[ 1962s] + mkdir /home/abuild/rpmbuild/BUILDROOT/libevent-2.1.12-4.oe1.riscv64
[ 1962s] + cd libevent-2.1.12-stable
[ 1962s] + /usr/bin/make install DESTDIR=/home/abuild/rpmbuild/BUILDROOT/libevent-2.1.12-4.oe1.riscv64 'INSTALL=/usr/bin/install -p'
[ 1962s] /usr/bin/make  install-am
[ 1963s] make[1]: Entering directory '/home/abuild/rpmbuild/BUILD/libevent-2.1.12-stable'
[ 1963s] make[2]: Entering directory '/home/abuild/rpmbuild/BUILD/libevent-2.1.12-stable'
[ 1964s]  /usr/bin/mkdir -p '/home/abuild/rpmbuild/BUILDROOT/libevent-2.1.12-4.oe1.riscv64/usr/bin'
[ 1964s]  /usr/bin/install -p event_rpcgen.py '/home/abuild/rpmbuild/BUILDROOT/libevent-2.1.12-4.oe1.riscv64/usr/bin'
[ 1964s]  /usr/bin/mkdir -p '/home/abuild/rpmbuild/BUILDROOT/libevent-2.1.12-4.oe1.riscv64/usr/lib64'
[ 1964s]  /bin/sh ./libtool   --mode=install /usr/bin/install -p   libevent.la libevent_core.la libevent_extra.la libevent_pthreads.la libevent_openssl.la '/home/abuild/rpmbuild/BUILDROOT/libevent-2.1.12-4.oe1.riscv64/usr/lib64'
[ 1966s] libtool: install: /usr/bin/install -p .libs/libevent-2.1.so.7.0.1 /home/abuild/rpmbuild/BUILDROOT/libevent-2.1.12-4.oe1.riscv64/usr/lib64/libevent-2.1.so.7.0.1
[ 1966s] libtool: install: (cd /home/abuild/rpmbuild/BUILDROOT/libevent-2.1.12-4.oe1.riscv64/usr/lib64 && { ln -s -f libevent-2.1.so.7.0.1 libevent-2.1.so.7 || { rm -f libevent-2.1.so.7 && ln -s libevent-2.1.so.7.0.1 libevent-2.1.so.7; }; })
[ 1966s] libtool: install: (cd /home/abuild/rpmbuild/BUILDROOT/libevent-2.1.12-4.oe1.riscv64/usr/lib64 && { ln -s -f libevent-2.1.so.7.0.1 libevent.so || { rm -f libevent.so && ln -s libevent-2.1.so.7.0.1 libevent.so; }; })
[ 1966s] libtool: install: /usr/bin/install -p .libs/libevent.lai /home/abuild/rpmbuild/BUILDROOT/libevent-2.1.12-4.oe1.riscv64/usr/lib64/libevent.la
[ 1967s] libtool: install: /usr/bin/install -p .libs/libevent_core-2.1.so.7.0.1 /home/abuild/rpmbuild/BUILDROOT/libevent-2.1.12-4.oe1.riscv64/usr/lib64/libevent_core-2.1.so.7.0.1
[ 1967s] libtool: install: (cd /home/abuild/rpmbuild/BUILDROOT/libevent-2.1.12-4.oe1.riscv64/usr/lib64 && { ln -s -f libevent_core-2.1.so.7.0.1 libevent_core-2.1.so.7 || { rm -f libevent_core-2.1.so.7 && ln -s libevent_core-2.1.so.7.0.1 libevent_core-2.1.so.7; }; })
[ 1967s] libtool: install: (cd /home/abuild/rpmbuild/BUILDROOT/libevent-2.1.12-4.oe1.riscv64/usr/lib64 && { ln -s -f libevent_core-2.1.so.7.0.1 libevent_core.so || { rm -f libevent_core.so && ln -s libevent_core-2.1.so.7.0.1 libevent_core.so; }; })
[ 1968s] libtool: install: /usr/bin/install -p .libs/libevent_core.lai /home/abuild/rpmbuild/BUILDROOT/libevent-2.1.12-4.oe1.riscv64/usr/lib64/libevent_core.la
[ 1968s] libtool: install: /usr/bin/install -p .libs/libevent_extra-2.1.so.7.0.1 /home/abuild/rpmbuild/BUILDROOT/libevent-2.1.12-4.oe1.riscv64/usr/lib64/libevent_extra-2.1.so.7.0.1
[ 1968s] libtool: install: (cd /home/abuild/rpmbuild/BUILDROOT/libevent-2.1.12-4.oe1.riscv64/usr/lib64 && { ln -s -f libevent_extra-2.1.so.7.0.1 libevent_extra-2.1.so.7 || { rm -f libevent_extra-2.1.so.7 && ln -s libevent_extra-2.1.so.7.0.1 libevent_extra-2.1.so.7; }; })
[ 1969s] libtool: install: (cd /home/abuild/rpmbuild/BUILDROOT/libevent-2.1.12-4.oe1.riscv64/usr/lib64 && { ln -s -f libevent_extra-2.1.so.7.0.1 libevent_extra.so || { rm -f libevent_extra.so && ln -s libevent_extra-2.1.so.7.0.1 libevent_extra.so; }; })
[ 1969s] libtool: install: /usr/bin/install -p .libs/libevent_extra.lai /home/abuild/rpmbuild/BUILDROOT/libevent-2.1.12-4.oe1.riscv64/usr/lib64/libevent_extra.la
[ 1969s] libtool: install: /usr/bin/install -p .libs/libevent_pthreads-2.1.so.7.0.1 /home/abuild/rpmbuild/BUILDROOT/libevent-2.1.12-4.oe1.riscv64/usr/lib64/libevent_pthreads-2.1.so.7.0.1
[ 1970s] libtool: install: (cd /home/abuild/rpmbuild/BUILDROOT/libevent-2.1.12-4.oe1.riscv64/usr/lib64 && { ln -s -f libevent_pthreads-2.1.so.7.0.1 libevent_pthreads-2.1.so.7 || { rm -f libevent_pthreads-2.1.so.7 && ln -s libevent_pthreads-2.1.so.7.0.1 libevent_pthreads-2.1.so.7; }; })
[ 1970s] libtool: install: (cd /home/abuild/rpmbuild/BUILDROOT/libevent-2.1.12-4.oe1.riscv64/usr/lib64 && { ln -s -f libevent_pthreads-2.1.so.7.0.1 libevent_pthreads.so || { rm -f libevent_pthreads.so && ln -s libevent_pthreads-2.1.so.7.0.1 libevent_pthreads.so; }; })
[ 1970s] libtool: install: /usr/bin/install -p .libs/libevent_pthreads.lai /home/abuild/rpmbuild/BUILDROOT/libevent-2.1.12-4.oe1.riscv64/usr/lib64/libevent_pthreads.la
[ 1970s] libtool: install: /usr/bin/install -p .libs/libevent_openssl-2.1.so.7.0.1 /home/abuild/rpmbuild/BUILDROOT/libevent-2.1.12-4.oe1.riscv64/usr/lib64/libevent_openssl-2.1.so.7.0.1
[ 1971s] libtool: install: (cd /home/abuild/rpmbuild/BUILDROOT/libevent-2.1.12-4.oe1.riscv64/usr/lib64 && { ln -s -f libevent_openssl-2.1.so.7.0.1 libevent_openssl-2.1.so.7 || { rm -f libevent_openssl-2.1.so.7 && ln -s libevent_openssl-2.1.so.7.0.1 libevent_openssl-2.1.so.7; }; })
[ 1971s] libtool: install: (cd /home/abuild/rpmbuild/BUILDROOT/libevent-2.1.12-4.oe1.riscv64/usr/lib64 && { ln -s -f libevent_openssl-2.1.so.7.0.1 libevent_openssl.so || { rm -f libevent_openssl.so && ln -s libevent_openssl-2.1.so.7.0.1 libevent_openssl.so; }; })
[ 1971s] libtool: install: /usr/bin/install -p .libs/libevent_openssl.lai /home/abuild/rpmbuild/BUILDROOT/libevent-2.1.12-4.oe1.riscv64/usr/lib64/libevent_openssl.la
[ 1971s] libtool: warning: remember to run 'libtool --finish /usr/lib64'
[ 1972s]  /usr/bin/mkdir -p '/home/abuild/rpmbuild/BUILDROOT/libevent-2.1.12-4.oe1.riscv64/usr/include'
[ 1972s]  /usr/bin/install -p -m 644 include/evdns.h include/event.h include/evhttp.h include/evrpc.h include/evutil.h '/home/abuild/rpmbuild/BUILDROOT/libevent-2.1.12-4.oe1.riscv64/usr/include'
[ 1972s]  /usr/bin/mkdir -p '/home/abuild/rpmbuild/BUILDROOT/libevent-2.1.12-4.oe1.riscv64/usr/include/event2'
[ 1972s]  /usr/bin/install -p -m 644 include/event2/buffer.h include/event2/buffer_compat.h include/event2/bufferevent.h include/event2/bufferevent_compat.h include/event2/bufferevent_struct.h include/event2/dns.h include/event2/dns_compat.h include/event2/dns_struct.h include/event2/event.h include/event2/event_compat.h include/event2/event_struct.h include/event2/http.h include/event2/http_compat.h include/event2/http_struct.h include/event2/keyvalq_struct.h include/event2/listener.h include/event2/rpc.h include/event2/rpc_compat.h include/event2/rpc_struct.h include/event2/tag.h include/event2/tag_compat.h include/event2/thread.h include/event2/util.h include/event2/visibility.h include/event2/bufferevent_ssl.h '/home/abuild/rpmbuild/BUILDROOT/libevent-2.1.12-4.oe1.riscv64/usr/include/event2'
[ 1973s]  /usr/bin/mkdir -p '/home/abuild/rpmbuild/BUILDROOT/libevent-2.1.12-4.oe1.riscv64/usr/include/event2'
[ 1974s]  /usr/bin/install -p -m 644 include/event2/event-config.h '/home/abuild/rpmbuild/BUILDROOT/libevent-2.1.12-4.oe1.riscv64/usr/include/event2'
[ 1974s]  /usr/bin/mkdir -p '/home/abuild/rpmbuild/BUILDROOT/libevent-2.1.12-4.oe1.riscv64/usr/lib64/pkgconfig'
[ 1974s]  /usr/bin/install -p -m 644 libevent.pc libevent_core.pc libevent_extra.pc libevent_pthreads.pc libevent_openssl.pc '/home/abuild/rpmbuild/BUILDROOT/libevent-2.1.12-4.oe1.riscv64/usr/lib64/pkgconfig'
[ 1974s] make[2]: Leaving directory '/home/abuild/rpmbuild/BUILD/libevent-2.1.12-stable'
[ 1974s] make[1]: Leaving directory '/home/abuild/rpmbuild/BUILD/libevent-2.1.12-stable'
[ 1974s] + rm -f /home/abuild/rpmbuild/BUILDROOT/libevent-2.1.12-4.oe1.riscv64/usr/lib64/libevent.la /home/abuild/rpmbuild/BUILDROOT/libevent-2.1.12-4.oe1.riscv64/usr/lib64/libevent_core.la /home/abuild/rpmbuild/BUILDROOT/libevent-2.1.12-4.oe1.riscv64/usr/lib64/libevent_extra.la /home/abuild/rpmbuild/BUILDROOT/libevent-2.1.12-4.oe1.riscv64/usr/lib64/libevent_openssl.la /home/abuild/rpmbuild/BUILDROOT/libevent-2.1.12-4.oe1.riscv64/usr/lib64/libevent_pthreads.la
[ 1975s] + /usr/lib/rpm/find-debuginfo.sh -j8 --strict-build-id -i --build-id-seed 2.1.12-4.oe1 --unique-debug-suffix -2.1.12-4.oe1.riscv64 --unique-debug-src-base libevent-2.1.12-4.oe1.riscv64 -S debugsourcefiles.list /home/abuild/rpmbuild/BUILD/libevent-2.1.12-stable
[ 1976s] explicitly decompress any DWARF compressed ELF sections in /home/abuild/rpmbuild/BUILDROOT/libevent-2.1.12-4.oe1.riscv64/usr/lib64/libevent-2.1.so.7.0.1
[ 1976s] explicitly decompress any DWARF compressed ELF sections in /home/abuild/rpmbuild/BUILDROOT/libevent-2.1.12-4.oe1.riscv64/usr/lib64/libevent_extra-2.1.so.7.0.1
[ 1976s] explicitly decompress any DWARF compressed ELF sections in /home/abuild/rpmbuild/BUILDROOT/libevent-2.1.12-4.oe1.riscv64/usr/lib64/libevent_core-2.1.so.7.0.1
[ 1976s] explicitly decompress any DWARF compressed ELF sections in /home/abuild/rpmbuild/BUILDROOT/libevent-2.1.12-4.oe1.riscv64/usr/lib64/libevent_openssl-2.1.so.7.0.1
[ 1977s] explicitly decompress any DWARF compressed ELF sections in /home/abuild/rpmbuild/BUILDROOT/libevent-2.1.12-4.oe1.riscv64/usr/lib64/libevent_pthreads-2.1.so.7.0.1
[ 1977s] extracting debug info from /home/abuild/rpmbuild/BUILDROOT/libevent-2.1.12-4.oe1.riscv64/usr/lib64/libevent-2.1.so.7.0.1
[ 1977s] extracting debug info from /home/abuild/rpmbuild/BUILDROOT/libevent-2.1.12-4.oe1.riscv64/usr/lib64/libevent_extra-2.1.so.7.0.1
[ 1977s] extracting debug info from /home/abuild/rpmbuild/BUILDROOT/libevent-2.1.12-4.oe1.riscv64/usr/lib64/libevent_core-2.1.so.7.0.1
[ 1977s] extracting debug info from /home/abuild/rpmbuild/BUILDROOT/libevent-2.1.12-4.oe1.riscv64/usr/lib64/libevent_openssl-2.1.so.7.0.1
[ 1977s] extracting debug info from /home/abuild/rpmbuild/BUILDROOT/libevent-2.1.12-4.oe1.riscv64/usr/lib64/libevent_pthreads-2.1.so.7.0.1
[ 1979s] Could not find platform independent libraries <prefix>
[ 1979s] Could not find platform independent libraries <prefix>
[ 1979s] Could not find platform independent libraries <prefix>
[ 1979s] Could not find platform independent libraries <prefix>
[ 1979s] Could not find platform dependent libraries <exec_prefix>
[ 1979s] Consider setting $PYTHONHOME to <prefix>[:<exec_prefix>]
[ 1979s] Could not find platform dependent libraries <exec_prefix>
[ 1979s] Consider setting $PYTHONHOME to <prefix>[:<exec_prefix>]
[ 1979s] Could not find platform dependent libraries <exec_prefix>
[ 1979s] Consider setting $PYTHONHOME to <prefix>[:<exec_prefix>]
[ 1979s] Could not find platform dependent libraries <exec_prefix>
[ 1979s] Consider setting $PYTHONHOME to <prefix>[:<exec_prefix>]
[ 1979s] Could not find platform independent libraries <prefix>
[ 1979s] Could not find platform dependent libraries <exec_prefix>
[ 1979s] Consider setting $PYTHONHOME to <prefix>[:<exec_prefix>]
[ 1979s] Fatal Python error: Fatal Python error: Fatal Python error: initfsencodinginitfsencodinginitfsencoding: : : unable to load the file system codecunable to load the file system codecunable to load the file system codec
[ 1979s] 
[ 1979s] 
[ 1979s] ModuleNotFoundErrorModuleNotFoundErrorModuleNotFoundError: : No module named 'encodings'No module named 'encodings': 
[ 1979s] No module named 'encodings'
[ 1979s] 
[ 1979s] 
[ 1979s] 
[ 1979s] Current thread 0xCurrent thread 0x0000003fd0f850200000003fec471020 (most recent call first):
[ 1979s]  (most recent call first):
[ 1979s] 
[ 1979s] Current thread 0x0000003fe0d81020 (most recent call first):
[ 1979s] Fatal Python error: initfsencoding: unable to load the file system codec
[ 1979s] ModuleNotFoundError: No module named 'encodings'
[ 1979s] 
[ 1979s] Current thread 0x0000003fb877e020 (most recent call first):
[ 1979s] Fatal Python error: initfsencoding: unable to load the file system codec
[ 1979s] ModuleNotFoundError: No module named 'encodings'
[ 1979s] 
[ 1979s] Current thread 0x0000003fdcb26020 (most recent call first):
[ 1982s] /usr/bin/gdb-add-index: line 106: 1366289 Aborted                 (core dumped) $GDB --batch -nx -iex 'set auto-load no' -ex "file $file" -ex "save gdb-index $dwarf5 $dir"
[ 1982s] gdb-add-index: gdb error generating index for /home/abuild/rpmbuild/BUILDROOT/libevent-2.1.12-4.oe1.riscv64/usr/lib64/libevent-2.1.so.7.0.1
[ 1982s] /usr/bin/gdb-add-index: line 106: 1366290 Aborted                 (core dumped) $GDB --batch -nx -iex 'set auto-load no' -ex "file $file" -ex "save gdb-index $dwarf5 $dir"
[ 1982s] gdb-add-index: gdb error generating index for /home/abuild/rpmbuild/BUILDROOT/libevent-2.1.12-4.oe1.riscv64/usr/lib64/libevent_core-2.1.so.7.0.1
[ 1982s] /usr/bin/gdb-add-index: line 106: 1366281 Aborted                 (core dumped) $GDB --batch -nx -iex 'set auto-load no' -ex "file $file" -ex "save gdb-index $dwarf5 $dir"
[ 1982s] gdb-add-index: gdb error generating index for /home/abuild/rpmbuild/BUILDROOT/libevent-2.1.12-4.oe1.riscv64/usr/lib64/libevent_pthreads-2.1.so.7.0.1
[ 1982s] /usr/bin/gdb-add-index: line 106: 1366280 Aborted                 (core dumped) $GDB --batch -nx -iex 'set auto-load no' -ex "file $file" -ex "save gdb-index $dwarf5 $dir"
[ 1982s] gdb-add-index: gdb error generating index for /home/abuild/rpmbuild/BUILDROOT/libevent-2.1.12-4.oe1.riscv64/usr/lib64/libevent_openssl-2.1.so.7.0.1
[ 1982s] /usr/bin/gdb-add-index: line 106: 1366296 Aborted                 (core dumped) $GDB --batch -nx -iex 'set auto-load no' -ex "file $file" -ex "save gdb-index $dwarf5 $dir"
[ 1982s] gdb-add-index: gdb error generating index for /home/abuild/rpmbuild/BUILDROOT/libevent-2.1.12-4.oe1.riscv64/usr/lib64/libevent_extra-2.1.so.7.0.1
[ 1986s] 2640 blocks
[ 1987s] + /usr/lib/rpm/check-buildroot
[ 1988s] + /usr/lib/rpm/brp-ldconfig
[ 1988s] + /usr/lib/rpm/brp-compress
[ 1988s] + /usr/lib/rpm/brp-strip-static-archive /usr/bin/strip
[ 1991s] + /usr/lib/rpm/brp-python-bytecompile /usr/bin/python 1 1
[ 1992s] + /usr/lib/rpm/brp-python-hardlink
[ 1992s] Executing(%check): /bin/sh -e /var/tmp/rpm-tmp.P7ufxa
[ 1992s] + umask 022
[ 1992s] + cd /home/abuild/rpmbuild/BUILD
[ 1992s] + cd libevent-2.1.12-stable
[ 1992s] + /usr/bin/make -O -j8 V=1 VERBOSE=1 check
[ 1993s] /usr/bin/make  check-am
[ 1994s] /usr/bin/make  check-TESTS
[ 2000s] make[3]: Entering directory '/home/abuild/rpmbuild/BUILD/libevent-2.1.12-stable'
[ 2000s] ./test/test.sh -b EVPORT
[ 2000s] Running tests:
[ 2000s] EVPORT 
[ 2000s] Skipping test
[ 2000s] make[3]: Leaving directory '/home/abuild/rpmbuild/BUILD/libevent-2.1.12-stable'
[ 2000s] make[3]: Entering directory '/home/abuild/rpmbuild/BUILD/libevent-2.1.12-stable'
[ 2000s] ./test/test.sh -b DEVPOLL
[ 2000s] Running tests:
[ 2000s] DEVPOLL 
[ 2000s] Skipping test
[ 2000s] make[3]: Leaving directory '/home/abuild/rpmbuild/BUILD/libevent-2.1.12-stable'
[ 2001s] make[3]: Entering directory '/home/abuild/rpmbuild/BUILD/libevent-2.1.12-stable'
[ 2001s] ./test/test.sh -b WIN32
[ 2001s] Running tests:
[ 2001s] WIN32 
[ 2001s] Skipping test
[ 2001s] make[3]: Leaving directory '/home/abuild/rpmbuild/BUILD/libevent-2.1.12-stable'
[ 2001s] make[3]: Entering directory '/home/abuild/rpmbuild/BUILD/libevent-2.1.12-stable'
[ 2001s] ./test/test.sh -b KQUEUE
[ 2001s] Running tests:
[ 2001s] KQUEUE 
[ 2001s] Skipping test
[ 2001s] make[3]: Leaving directory '/home/abuild/rpmbuild/BUILD/libevent-2.1.12-stable'
[ 2001s] make[3]: Entering directory '/home/abuild/rpmbuild/BUILD/libevent-2.1.12-stable'
[ 2001s] PASS: test_runner_evport
[ 2001s] make[3]: Leaving directory '/home/abuild/rpmbuild/BUILD/libevent-2.1.12-stable'
[ 2002s] make[3]: Entering directory '/home/abuild/rpmbuild/BUILD/libevent-2.1.12-stable'
[ 2002s] PASS: test_runner_devpoll
[ 2002s] make[3]: Leaving directory '/home/abuild/rpmbuild/BUILD/libevent-2.1.12-stable'
[ 2002s] make[3]: Entering directory '/home/abuild/rpmbuild/BUILD/libevent-2.1.12-stable'
[ 2002s] PASS: test_runner_win32
[ 2002s] make[3]: Leaving directory '/home/abuild/rpmbuild/BUILD/libevent-2.1.12-stable'
[ 2002s] make[3]: Entering directory '/home/abuild/rpmbuild/BUILD/libevent-2.1.12-stable'
[ 2002s] PASS: test_runner_kqueue
[ 2002s] make[3]: Leaving directory '/home/abuild/rpmbuild/BUILD/libevent-2.1.12-stable'
[ 2382s] make[3]: Entering directory '/home/abuild/rpmbuild/BUILD/libevent-2.1.12-stable'
[ 2382s] ./test/test.sh -b POLL
[ 2382s] Running tests:
[ 2382s] POLL 
[ 2382s]  test-eof: OKAY
[ 2382s]  test-closed: OKAY
[ 2382s]  test-weof: OKAY
[ 2382s]  test-time: OKAY
[ 2382s]  test-changelist: OKAY
[ 2382s]  test-fdleak: OKAY
[ 2382s]  test-dumpevents: OKAY (output not checked)
[ 2382s]  regress: OKAY
[ 2382s]  regress_debug: 
[ 2382s]   FAIL test/regress.c:848: assert(labs(timeval_msec_diff(((&start)), ((&info[i].called_at))) - (800)) <= 50): 409 vs 50main/common_timeout: 
[ 2382s]   [common_timeout FAILED]
[ 2382s] 1/321 TESTS FAILED. (31 skipped)
[ 2382s] FAILED
[ 2382s] make[3]: *** [Makefile:3122: test_runner_poll] Error 1
[ 2382s] make[3]: Leaving directory '/home/abuild/rpmbuild/BUILD/libevent-2.1.12-stable'
[ 2382s] make[3]: *** Waiting for unfinished jobs....
[ 2382s] make[3]: Entering directory '/home/abuild/rpmbuild/BUILD/libevent-2.1.12-stable'
[ 2382s] ./test/test.sh -b "" -c
[ 2382s] Running tests:
[ 2382s] EPOLL (changelist)
[ 2382s]  test-eof: OKAY
[ 2382s]  test-closed: OKAY
[ 2382s]  test-weof: OKAY
[ 2382s]  test-time: OKAY
[ 2382s]  test-changelist: OKAY
[ 2382s]  test-fdleak: OKAY
[ 2382s]  test-dumpevents: OKAY (output not checked)
[ 2382s]  regress: OKAY
[ 2382s]  regress_debug: 
[ 2382s]   FAIL test/regress_http.c:757: assert(test_ok == 2): 1 vs 2http/bad_request: 
[ 2382s]   [bad_request FAILED]
[ 2382s] 1/325 TESTS FAILED. (27 skipped)
[ 2382s] FAILED
[ 2382s] make[3]: *** [Makefile:3128: test_runner_changelist] Error 1
[ 2382s] make[3]: Leaving directory '/home/abuild/rpmbuild/BUILD/libevent-2.1.12-stable'
[ 2384s] make[3]: Entering directory '/home/abuild/rpmbuild/BUILD/libevent-2.1.12-stable'
[ 2384s] ./test/test.sh -b SELECT
[ 2384s] Running tests:
[ 2384s] SELECT 
[ 2384s]  test-eof: OKAY
[ 2384s]  test-closed: [warn] event_base_new_with_config: no event mechanism available
[ 2384s] OKAY
[ 2384s]  test-weof: OKAY
[ 2384s]  test-time: OKAY
[ 2384s]  test-changelist: OKAY
[ 2384s]  test-fdleak: OKAY
[ 2384s]  test-dumpevents: OKAY (output not checked)
[ 2384s]  regress: OKAY
[ 2384s]  regress_debug: 
[ 2384s]   FAIL test/regress.c:746: assert(res.n == 3): 1 vs 3main/persistent_active_timeout: 
[ 2384s]   [persistent_active_timeout FAILED]
[ 2384s] 
[ 2384s]   [RETRYING persistent_active_timeout (3)]
[ 2384s] OKAY
[ 2384s] make[3]: Leaving directory '/home/abuild/rpmbuild/BUILD/libevent-2.1.12-stable'
[ 2390s] make[3]: Entering directory '/home/abuild/rpmbuild/BUILD/libevent-2.1.12-stable'
[ 2390s] ./test/test.sh -b "" -T
[ 2390s] Running tests:
[ 2390s] EPOLL (timerfd+changelist)
[ 2390s]  test-eof: OKAY
[ 2390s]  test-closed: OKAY
[ 2390s]  test-weof: OKAY
[ 2390s]  test-time: OKAY
[ 2390s]  test-changelist: OKAY
[ 2390s]  test-fdleak: OKAY
[ 2390s]  test-dumpevents: OKAY (output not checked)
[ 2390s]  regress: 
[ 2390s]   FAIL test/regress.c:1883: assert(n_read_and_drain_cb > 100): 97 vs 100main/active_later: 
[ 2390s]   [active_later FAILED]
[ 2390s] 
[ 2390s]   [RETRYING active_later (3)]
[ 2390s] OKAY
[ 2390s]  regress_debug: 
[ 2390s]   FAIL test/regress.c:1883: assert(n_read_and_drain_cb > 100): 90 vs 100main/active_later: 
[ 2390s]   [active_later FAILED]
[ 2390s] 
[ 2390s]   [RETRYING active_later (3)]
[ 2390s] 
[ 2390s]   FAIL test/regress.c:1883: assert(n_read_and_drain_cb > 100): 89 vs 100main/active_later: 
[ 2390s]   [active_later FAILED]
[ 2390s] 
[ 2390s]   [RETRYING active_later (2)]
[ 2390s] 
[ 2390s]   FAIL test/regress.c:1883: assert(n_read_and_drain_cb > 100): 98 vs 100main/active_later: 
[ 2390s]   [active_later FAILED]
[ 2390s] 
[ 2390s]   [RETRYING active_later (1)]
[ 2390s] 
[ 2390s]   FAIL test/regress.c:1883: assert(n_read_and_drain_cb > 100): 95 vs 100main/active_later: 
[ 2390s]   [active_later FAILED]
[ 2390s] 
[ 2390s]   [RETRYING active_later (0)]
[ 2390s] 
[ 2390s]   FAIL test/regress_thread.c:558: assert(labs(timeval_msec_diff(((&starttime)), ((&times[2]))) - (400)) <= 50): 54 vs 50thread/no_events: 
[ 2390s]   [no_events FAILED]
[ 2390s] 
[ 2390s]   [RETRYING no_events (3)]
[ 2390s] 1/325 TESTS FAILED. (27 skipped)
[ 2390s] FAILED
[ 2390s] make[3]: *** [Makefile:3130: test_runner_timerfd_changelist] Error 1
[ 2390s] make[3]: Leaving directory '/home/abuild/rpmbuild/BUILD/libevent-2.1.12-stable'
[ 2391s] make[3]: Entering directory '/home/abuild/rpmbuild/BUILD/libevent-2.1.12-stable'
[ 2391s] ./test/test.sh -b EPOLL
[ 2391s] Running tests:
[ 2391s] EPOLL 
[ 2391s]  test-eof: OKAY
[ 2391s]  test-closed: OKAY
[ 2391s]  test-weof: OKAY
[ 2391s]  test-time: OKAY
[ 2391s]  test-changelist: OKAY
[ 2391s]  test-fdleak: OKAY
[ 2391s]  test-dumpevents: OKAY (output not checked)
[ 2391s]  regress: OKAY
[ 2391s]  regress_debug: 
[ 2391s]   FAIL test/regress_thread.c:378: assert(labs(timeval_msec_diff((&target_time), (&alerted[i].alerted_at)) - 0) <= 200): 421 vs 200thread/conditions_simple: 
[ 2391s]   [conditions_simple FAILED]
[ 2391s] 
[ 2391s]   [RETRYING conditions_simple (3)]
[ 2391s] OKAY
[ 2391s] make[3]: Leaving directory '/home/abuild/rpmbuild/BUILD/libevent-2.1.12-stable'
[ 2397s] make[3]: Entering directory '/home/abuild/rpmbuild/BUILD/libevent-2.1.12-stable'
[ 2397s] ./test/test.sh -b "" -t
[ 2397s] Running tests:
[ 2397s] EPOLL (timerfd)
[ 2397s]  test-eof: OKAY
[ 2397s]  test-closed: OKAY
[ 2397s]  test-weof: OKAY
[ 2397s]  test-time: OKAY
[ 2397s]  test-changelist: OKAY
[ 2397s]  test-fdleak: OKAY
[ 2397s]  test-dumpevents: OKAY (output not checked)
[ 2397s]  regress: OKAY
[ 2397s]  regress_debug: 
[ 2397s]   FAIL test/regress.c:1883: assert(n_read_and_drain_cb > 100): 92 vs 100main/active_later: 
[ 2397s]   [active_later FAILED]
[ 2397s] 
[ 2397s]   [RETRYING active_later (3)]
[ 2397s] 
[ 2397s]   FAIL test/regress.c:1883: assert(n_read_and_drain_cb > 100): 93 vs 100main/active_later: 
[ 2397s]   [active_later FAILED]
[ 2397s] 
[ 2397s]   [RETRYING active_later (2)]
[ 2397s] 
[ 2397s]   FAIL test/regress.c:1883: assert(n_read_and_drain_cb > 100): 93 vs 100main/active_later: 
[ 2397s]   [active_later FAILED]
[ 2397s] 
[ 2397s]   [RETRYING active_later (1)]
[ 2397s] 
[ 2397s]   FAIL test/regress.c:1883: assert(n_read_and_drain_cb > 100): 95 vs 100main/active_later: 
[ 2397s]   [active_later FAILED]
[ 2397s] 
[ 2397s]   [RETRYING active_later (0)]
[ 2397s] 1/325 TESTS FAILED. (27 skipped)
[ 2397s] FAILED
[ 2397s] make[3]: *** [Makefile:3126: test_runner_timerfd] Error 1
[ 2397s] make[3]: Leaving directory '/home/abuild/rpmbuild/BUILD/libevent-2.1.12-stable'
[ 2397s] make[2]: *** [Makefile:2516: check-TESTS] Error 2
[ 2397s] make[1]: *** [Makefile:2791: check-am] Error 2
[ 2397s] make: *** [Makefile:2793: check] Error 2
[ 2397s] error: Bad exit status from /var/tmp/rpm-tmp.P7ufxa (%check)
[ 2397s] 
[ 2397s] 
[ 2397s] RPM build errors:
[ 2397s]     Bad exit status from /var/tmp/rpm-tmp.P7ufxa (%check)
[ 2398s] 
[ 2398s] oe-RISCV-worker7 failed "build libevent.spec" at Thu Apr 14 12:53:55 UTC 2022.
[ 2398s] 
