[    0s] Memory limit set to 10955196KB
[    0s] Using BUILD_ROOT=/var/cache/obs/worker/root_2
[    0s] Using BUILD_ARCH=riscv64
[    0s] 
[    5s] 
[    5s] oe-RISCV-worker22 started "build _service:extract_file:libmodulemd.spec" at Sat Apr 23 13:58:43 UTC 2022.
[    5s] 
[    5s] Building libmodulemd for project 'openEuler:Mainline:RISC-V' repository 'advanced_riscv64' arch 'riscv64' srcmd5 'daa7dd5bb977b2de5dcdcf78bb68b5be'
[    5s] 
[    5s] processing recipe /var/cache/obs/worker/root_2/.build-srcdir/_service:extract_file:libmodulemd.spec ...
[   10s] running changelog2spec --target rpm --file /var/cache/obs/worker/root_2/.build-srcdir/_service:extract_file:libmodulemd.spec
[   12s] init_buildsystem --configdir /var/run/obs/worker/2/build/configs --cachedir /var/cache/build --clean --rpmlist /var/cache/obs/worker/root_2/.build.rpmlist /var/cache/obs/worker/root_2/.build-srcdir/_service:extract_file:libmodulemd.spec build ...
[   99s] cycle: coreutils -> bash
[   99s]   breaking dependency coreutils -> bash
[   99s] cycle: coreutils -> info
[   99s]   breaking dependency coreutils -> info
[   99s] cycle: glibc -> filesystem -> coreutils
[   99s]   breaking dependency coreutils -> glibc
[   99s] cycle: glibc -> filesystem -> coreutils -> libacl
[   99s]   breaking dependency coreutils -> libacl
[   99s] cycle: glibc -> filesystem -> coreutils -> attr
[   99s]   breaking dependency coreutils -> attr
[   99s] cycle: coreutils -> libcap
[   99s]   breaking dependency coreutils -> libcap
[   99s] cycle: glibc -> filesystem -> coreutils -> openssl-libs
[   99s]   breaking dependency coreutils -> openssl-libs
[   99s] cycle: glibc -> filesystem -> coreutils -> libselinux
[   99s]   breaking dependency libselinux -> glibc
[   99s] cycle: glibc -> filesystem -> coreutils -> libselinux -> pcre2
[   99s]   breaking dependency pcre2 -> glibc
[   99s] cycle: glibc -> filesystem -> coreutils -> libselinux -> pcre2 -> readline
[   99s]   breaking dependency readline -> glibc
[   99s] cycle: glibc -> filesystem -> coreutils -> libselinux -> pcre2 -> readline -> ncurses-libs
[   99s]   breaking dependency filesystem -> coreutils
[   99s] cycle: glibc -> filesystem -> bash -> coreutils -> libselinux -> pcre2 -> readline -> ncurses-libs
[   99s]   breaking dependency filesystem -> bash
[   99s] cycle: perl-Carp -> perl-libs
[   99s]   breaking dependency perl-libs -> perl-Carp
[   99s] cycle: perl-libs -> perl-Exporter
[   99s]   breaking dependency perl-libs -> perl-Exporter
[   99s] cycle: perl-Carp -> perl-Exporter
[   99s]   breaking dependency perl-Exporter -> perl-Carp
[   99s] cycle: nss-util -> nss
[   99s]   breaking dependency nss -> nss-util
[   99s] cycle: nss-softokn -> nss-util -> nss
[   99s]   breaking dependency nss -> nss-softokn
[   99s] cycle: systemd -> cryptsetup -> device-mapper
[   99s]   breaking dependency systemd -> cryptsetup
[   99s] cycle: audit -> systemd -> pam
[   99s]   breaking dependency systemd -> pam
[   99s] [1/84] preinstalling dbus...
[  100s] [2/84] preinstalling libffi-devel...
[  101s] [3/84] preinstalling nodejs-source-map...
[  102s] [4/84] preinstalling python3-pip...
[  106s] [5/84] preinstalling python3-setuptools_scm...
[  107s] [6/84] preinstalling filesystem...
[  110s] [7/84] preinstalling glibc...
[  114s] [8/84] preinstalling libgcc...
[  115s] [9/84] preinstalling diffutils...
[  117s] [10/84] preinstalling libcap-ng...
[  118s] [11/84] preinstalling libgpg-error...
[  119s] [12/84] preinstalling libpcap...
[  120s] [13/84] preinstalling libsmartcols...
[  122s] [14/84] preinstalling libuuid...
[  123s] [15/84] preinstalling libxcrypt...
[  123s] [16/84] preinstalling lz4...
[  124s] [17/84] preinstalling m4...
[  125s] [18/84] preinstalling ncurses-libs...
[  127s] [19/84] preinstalling nspr...
[  128s] [20/84] preinstalling xz-libs...
[  129s] [21/84] preinstalling zlib...
[  130s] [22/84] preinstalling attr...
[  130s] [23/84] preinstalling libdb...
[  135s] [24/84] preinstalling zstd...
[  137s] [25/84] preinstalling audit-libs...
[  138s] [26/84] preinstalling file...
[  139s] [27/84] preinstalling iptables-libs...
[  140s] [28/84] preinstalling libacl...
[  141s] [29/84] preinstalling libgcrypt...
[  143s] [30/84] preinstalling openssl-libs...
[  145s] [31/84] preinstalling readline...
[  146s] [32/84] preinstalling ncurses...
[  153s] [33/84] preinstalling cmake...
[  167s] [34/84] preinstalling perl-libs...
[  171s] [35/84] preinstalling pcre2...
[  172s] [36/84] preinstalling perl-Exporter...
[  173s] [37/84] preinstalling pcre...
[  174s] [38/84] preinstalling acl...
[  175s] [39/84] preinstalling sqlite...
[  177s] [40/84] preinstalling libselinux...
[  178s] [41/84] preinstalling perl-Carp...
[  179s] [42/84] preinstalling perl-Digest-MD5...
[  180s] [43/84] preinstalling sed...
[  181s] [44/84] preinstalling coreutils...
[  186s] [45/84] preinstalling bash...
[  189s] [46/84] preinstalling openssl...
[  191s] [47/84] preinstalling dnf...
[  192s] [48/84] preinstalling bzip2...
[  194s] [49/84] preinstalling hostname...
[  195s] [50/84] preinstalling libcap...
[  196s] [51/84] preinstalling popt...
[  197s] [52/84] preinstalling elfutils...
[  199s] [53/84] preinstalling grep...
[  201s] [54/84] preinstalling libblkid...
[  202s] [55/84] preinstalling perl-constant...
[  203s] [56/84] preinstalling tar...
[  205s] [57/84] preinstalling info...
[  206s] [58/84] preinstalling libgcrypt-devel...
[  208s] [59/84] preinstalling lua...
[  209s] [60/84] preinstalling nss...
[  211s] [61/84] preinstalling chkconfig...
[  212s] [62/84] preinstalling copy-jdk-configs...
[  213s] [63/84] preinstalling libfdisk...
[  214s] [64/84] preinstalling libmount...
[  215s] [65/84] preinstalling libsemanage...
[  216s] [66/84] preinstalling nss-util...
[  218s] [67/84] preinstalling findutils...
[  219s] [68/84] preinstalling perl-Getopt-Long...
[  221s] [69/84] preinstalling xz...
[  222s] [70/84] preinstalling perl-Data-Dumper...
[  223s] [71/84] preinstalling systemd-libs...
[  225s] [72/84] preinstalling rpm-libs...
[  226s] [73/84] preinstalling dbus-libs...
[  227s] [74/84] preinstalling nss-softokn...
[  229s] [75/84] preinstalling glib2...
[  234s] [76/84] preinstalling systemd...
[  239s] [77/84] preinstalling audit...
[  241s] [78/84] preinstalling rpm...
[  242s] [79/84] preinstalling openEuler-rpm-config...
[  243s] [80/84] preinstalling pam...
[  245s] [81/84] preinstalling util-linux...
[  250s] [82/84] preinstalling device-mapper...
[  251s] [83/84] preinstalling cryptsetup...
[  253s] [84/84] preinstalling lvm2...
[  256s] 
[  259s] initializing rpm db...
[  273s] reordering...cycle: bash -> coreutils
[  273s]   breaking dependency coreutils -> bash
[  273s] cycle: bash -> coreutils -> info
[  273s]   breaking dependency coreutils -> info
[  273s] cycle: glibc -> basesystem -> filesystem -> bash -> coreutils -> gmp
[  273s]   breaking dependency filesystem -> bash
[  273s] cycle: glibc -> basesystem -> filesystem -> coreutils -> gmp
[  273s]   breaking dependency coreutils -> gmp
[  273s] cycle: glibc -> basesystem -> filesystem -> coreutils
[  273s]   breaking dependency coreutils -> glibc
[  273s] cycle: glibc -> basesystem -> filesystem -> coreutils -> libacl
[  273s]   breaking dependency coreutils -> libacl
[  273s] cycle: glibc -> basesystem -> filesystem -> coreutils -> attr
[  273s]   breaking dependency coreutils -> attr
[  273s] cycle: coreutils -> libcap -> bash
[  273s]   breaking dependency coreutils -> libcap
[  273s] cycle: glibc -> basesystem -> filesystem -> coreutils -> openssl-libs
[  273s]   breaking dependency openssl-libs -> glibc
[  273s] cycle: coreutils -> openssl-libs -> ca-certificates -> bash
[  273s]   breaking dependency ca-certificates -> bash
[  273s] cycle: coreutils -> openssl-libs -> ca-certificates
[  273s]   breaking dependency ca-certificates -> coreutils
[  273s] cycle: coreutils -> openssl-libs -> ca-certificates -> grep -> bash
[  273s]   breaking dependency grep -> bash
[  273s] cycle: coreutils -> openssl-libs -> ca-certificates -> grep
[  273s]   breaking dependency ca-certificates -> grep
[  273s] cycle: glibc -> basesystem -> filesystem -> coreutils -> openssl-libs -> ca-certificates -> p11-kit
[  273s]   breaking dependency p11-kit -> glibc
[  273s] cycle: glibc -> basesystem -> filesystem -> coreutils -> openssl-libs -> ca-certificates -> p11-kit -> libffi
[  273s]   breaking dependency openssl-libs -> ca-certificates
[  273s] cycle: coreutils -> openssl-libs -> crypto-policies -> bash
[  273s]   breaking dependency crypto-policies -> bash
[  273s] cycle: coreutils -> openssl-libs -> crypto-policies
[  273s]   breaking dependency crypto-policies -> coreutils
[  273s] cycle: coreutils -> openssl-libs -> crypto-policies -> grep
[  273s]   breaking dependency grep -> coreutils
[  273s] cycle: glibc -> basesystem -> filesystem -> coreutils -> openssl-libs -> crypto-policies -> grep
[  273s]   breaking dependency glibc -> basesystem
[  273s] cycle: glibc -> glibc-common -> bash -> coreutils -> openssl-libs -> crypto-policies -> grep
[  273s]   breaking dependency glibc-common -> bash
[  273s] cycle: glibc -> glibc-common -> coreutils -> openssl-libs -> crypto-policies -> grep
[  273s]   breaking dependency glibc-common -> coreutils
[  273s] cycle: glibc -> glibc-common
[  273s]   breaking dependency glibc-common -> glibc
[  273s] cycle: glibc -> glibc-common -> libselinux
[  273s]   breaking dependency libselinux -> glibc
[  273s] cycle: glibc -> glibc-common -> libselinux -> pcre2
[  273s]   breaking dependency pcre2 -> glibc
[  273s] cycle: glibc -> glibc-common -> libselinux -> pcre2 -> readline
[  273s]   breaking dependency readline -> glibc
[  273s] cycle: glibc -> glibc-common -> libselinux -> pcre2 -> readline -> ncurses-libs
[  273s]   breaking dependency libselinux -> pcre2
[  273s] cycle: glibc -> glibc-common -> libselinux -> libsepol -> bash -> coreutils -> openssl-libs -> crypto-policies -> grep
[  273s]   breaking dependency bash -> coreutils
[  273s] cycle: glibc -> glibc-common -> libselinux -> libsepol -> bash -> filesystem -> coreutils -> openssl-libs -> crypto-policies -> grep
[  273s]   breaking dependency libsepol -> bash
[  273s] cycle: glibc -> glibc-common -> libselinux -> libsepol -> coreutils -> openssl-libs -> crypto-policies -> grep
[  273s]   breaking dependency coreutils -> openssl-libs
[  273s] cycle: libselinux -> libsepol -> coreutils
[  273s]   breaking dependency libsepol -> coreutils
[  273s] cycle: glibc -> glibc-common -> libselinux -> libsepol
[  273s]   breaking dependency glibc -> glibc-common
[  273s] cycle: glibc -> filesystem -> coreutils -> libselinux -> libsepol
[  273s]   breaking dependency filesystem -> coreutils
[  273s] cycle: filesystem -> setup
[  273s]   breaking dependency filesystem -> setup
[  273s] cycle: systemd -> cryptsetup -> device-mapper
[  273s]   breaking dependency systemd -> cryptsetup
[  273s] cycle: perl-libs -> perl-Carp
[  273s]   breaking dependency perl-libs -> perl-Carp
[  273s] cycle: perl-libs -> perl-Exporter
[  273s]   breaking dependency perl-libs -> perl-Exporter
[  273s] cycle: perl-Carp -> perl-Exporter
[  273s]   breaking dependency perl-Exporter -> perl-Carp
[  273s] cycle: perl -> perl-PathTools
[  273s]   breaking dependency perl -> perl-PathTools
[  273s] cycle: perl -> perl-ExtUtils-MakeMaker
[  273s]   breaking dependency perl -> perl-ExtUtils-MakeMaker
[  273s] cycle: perl -> perl-File-Path -> perl-PathTools
[  273s]   breaking dependency perl -> perl-File-Path
[  273s] cycle: perl -> perl-Getopt-Long -> perl-Pod-Usage
[  273s]   breaking dependency perl -> perl-Getopt-Long
[  273s] cycle: perl -> perl-Locale-Maketext
[  273s]   breaking dependency perl -> perl-Locale-Maketext
[  273s] cycle: perl -> perl-Pod-Simple
[  273s]   breaking dependency perl -> perl-Pod-Simple
[  273s] cycle: perl -> perl-Socket
[  273s]   breaking dependency perl -> perl-Socket
[  273s] cycle: perl -> perl-Storable
[  273s]   breaking dependency perl -> perl-Storable
[  273s] cycle: perl -> perl-Text-Tabs+Wrap
[  273s]   breaking dependency perl -> perl-Text-Tabs+Wrap
[  273s] cycle: perl -> perl-Time-Local -> perl-constant
[  273s]   breaking dependency perl -> perl-Time-Local
[  273s] cycle: perl -> perl-constant
[  273s]   breaking dependency perl -> perl-constant
[  273s] cycle: perl -> perl-threads
[  273s]   breaking dependency perl -> perl-threads
[  273s] cycle: perl -> perl-threads-shared
[  273s]   breaking dependency perl -> perl-threads-shared
[  273s] cycle: perl -> perl-Archive-Tar
[  273s]   breaking dependency perl -> perl-Archive-Tar
[  273s] cycle: perl -> perl-B-Debug
[  273s]   breaking dependency perl -> perl-B-Debug
[  273s] cycle: perl -> perl-CPAN-Meta -> perl-CPAN-Meta-Requirements
[  273s]   breaking dependency perl -> perl-CPAN-Meta
[  273s] cycle: perl -> perl-CPAN-Meta-Requirements
[  273s]   breaking dependency perl -> perl-CPAN-Meta-Requirements
[  273s] cycle: perl -> perl-CPAN-Meta-YAML
[  273s]   breaking dependency perl -> perl-CPAN-Meta-YAML
[  273s] cycle: perl -> perl-Compress-Raw-Bzip2
[  273s]   breaking dependency perl -> perl-Compress-Raw-Bzip2
[  273s] cycle: perl -> perl-Compress-Raw-Zlib
[  273s]   breaking dependency perl -> perl-Compress-Raw-Zlib
[  273s] cycle: perl -> perl-Config-Perl-V
[  273s]   breaking dependency perl -> perl-Config-Perl-V
[  273s] cycle: perl -> perl-DB_File
[  273s]   breaking dependency perl -> perl-DB_File
[  273s] cycle: perl -> perl-Data-Dumper
[  273s]   breaking dependency perl -> perl-Data-Dumper
[  273s] cycle: perl -> perl-Devel-PPPort
[  273s]   breaking dependency perl -> perl-Devel-PPPort
[  273s] cycle: perl -> perl-Digest -> perl-MIME-Base64
[  273s]   breaking dependency perl -> perl-Digest
[  273s] cycle: perl -> perl-Digest-MD5 -> perl-Digest -> perl-MIME-Base64
[  273s]   breaking dependency perl -> perl-Digest-MD5
[  273s] cycle: perl -> perl-Digest-SHA
[  273s]   breaking dependency perl -> perl-Digest-SHA
[  273s] cycle: perl -> perl-Encode
[  273s]   breaking dependency perl -> perl-Encode
[  273s] cycle: perl -> perl-Env
[  273s]   breaking dependency perl -> perl-Env
[  273s] cycle: perl -> perl-ExtUtils-Command
[  273s]   breaking dependency perl -> perl-ExtUtils-Command
[  273s] cycle: perl -> perl-ExtUtils-Install
[  273s]   breaking dependency perl -> perl-ExtUtils-Install
[  273s] cycle: perl -> perl-ExtUtils-Manifest
[  273s]   breaking dependency perl -> perl-ExtUtils-Manifest
[  273s] cycle: perl -> perl-ExtUtils-ParseXS
[  273s]   breaking dependency perl -> perl-ExtUtils-ParseXS
[  273s] cycle: perl -> perl-File-Fetch -> perl-PathTools
[  273s]   breaking dependency perl -> perl-File-Fetch
[  273s] cycle: perl -> perl-File-Temp -> perl-PathTools
[  273s]   breaking dependency perl -> perl-File-Temp
[  273s] cycle: perl -> perl-Filter
[  273s]   breaking dependency perl -> perl-Filter
[  273s] cycle: perl -> perl-Filter-Simple -> perl-Filter
[  273s]   breaking dependency perl -> perl-Filter-Simple
[  273s] cycle: perl -> perl-HTTP-Tiny
[  273s]   breaking dependency perl -> perl-HTTP-Tiny
[  273s] cycle: perl -> perl-IO-Compress
[  273s]   breaking dependency perl -> perl-IO-Compress
[  273s] cycle: perl -> perl-IO-Socket-IP
[  273s]   breaking dependency perl -> perl-IO-Socket-IP
[  273s] cycle: perl -> perl-IPC-Cmd -> perl-ExtUtils-MakeMaker
[  273s]   breaking dependency perl -> perl-IPC-Cmd
[  273s] cycle: perl -> perl-IPC-SysV
[  273s]   breaking dependency perl -> perl-IPC-SysV
[  273s] cycle: perl -> perl-JSON-PP
[  273s]   breaking dependency perl -> perl-JSON-PP
[  273s] cycle: perl -> perl-Locale-Codes -> perl-constant
[  273s]   breaking dependency perl -> perl-Locale-Codes
[  273s] cycle: perl -> perl-MIME-Base64
[  273s]   breaking dependency perl -> perl-MIME-Base64
[  273s] cycle: perl -> perl-Math-BigInt
[  273s]   breaking dependency perl -> perl-Math-BigInt
[  273s] cycle: perl -> perl-Math-BigInt-FastCalc -> perl-Math-BigInt
[  273s]   breaking dependency perl -> perl-Math-BigInt-FastCalc
[  273s] cycle: perl -> perl-Math-BigRat -> perl-Math-BigInt
[  273s]   breaking dependency perl -> perl-Math-BigRat
[  273s] cycle: perl -> perl-Module-CoreList
[  273s]   breaking dependency perl -> perl-Module-CoreList
[  273s] cycle: perl -> perl-Module-Load -> perl-PathTools
[  273s]   breaking dependency perl -> perl-Module-Load
[  273s] cycle: perl -> perl-Module-Load-Conditional
[  273s]   breaking dependency perl -> perl-Module-Load-Conditional
[  273s] cycle: perl -> perl-Module-Metadata
[  273s]   breaking dependency perl -> perl-Module-Metadata
[  273s] cycle: perl -> perl-Params-Check
[  273s]   breaking dependency perl -> perl-Params-Check
[  273s] cycle: perl -> perl-PerlIO-via-QuotedPrint -> perl-MIME-Base64
[  273s]   breaking dependency perl -> perl-PerlIO-via-QuotedPrint
[  273s] cycle: perl -> perl-Pod-Checker
[  273s]   breaking dependency perl -> perl-Pod-Checker
[  273s] cycle: perl -> perl-Pod-Escapes
[  273s]   breaking dependency perl -> perl-Pod-Escapes
[  273s] cycle: perl -> perl-Pod-Parser
[  273s]   breaking dependency perl -> perl-Pod-Parser
[  273s] cycle: perl -> perl-Pod-Perldoc
[  273s]   breaking dependency perl -> perl-Pod-Perldoc
[  273s] cycle: perl -> perl-Pod-Usage
[  273s]   breaking dependency perl -> perl-Pod-Usage
[  273s] cycle: perl -> perl-Sys-Syslog
[  273s]   breaking dependency perl -> perl-Sys-Syslog
[  273s] cycle: perl -> perl-Term-Cap
[  273s]   breaking dependency perl -> perl-Term-Cap
[  273s] cycle: perl -> perl-Test-Harness
[  273s]   breaking dependency perl -> perl-Test-Harness
[  273s] cycle: perl -> perl-Test-Simple
[  273s]   breaking dependency perl -> perl-Test-Simple
[  273s] cycle: perl -> perl-Text-Balanced
[  273s]   breaking dependency perl -> perl-Text-Balanced
[  273s] cycle: perl -> perl-Thread-Queue -> perl-threads-shared
[  273s]   breaking dependency perl -> perl-Thread-Queue
[  273s] cycle: perl -> perl-Unicode-Collate -> perl-PathTools
[  273s]   breaking dependency perl -> perl-Unicode-Collate
[  273s] cycle: perl -> perl-autodie
[  273s]   breaking dependency perl -> perl-autodie
[  273s] cycle: perl -> perl-bignum -> perl-Math-BigInt
[  273s]   breaking dependency perl -> perl-bignum
[  273s] cycle: perl -> perl-devel
[  273s]   breaking dependency perl -> perl-devel
[  273s] cycle: perl -> perl-Encode-devel
[  273s]   breaking dependency perl -> perl-Encode-devel
[  273s] cycle: perl -> perl-experimental
[  273s]   breaking dependency perl -> perl-experimental
[  273s] cycle: perl -> perl-libnet -> perl-Digest-MD5 -> perl-Digest -> perl-MIME-Base64
[  273s]   breaking dependency perl -> perl-libnet
[  273s] cycle: perl -> perl-podlators
[  273s]   breaking dependency perl -> perl-podlators
[  273s] cycle: perl -> perl-version
[  273s]   breaking dependency perl -> perl-version
[  273s] cycle: glib2 -> gamin
[  273s]   breaking dependency glib2 -> gamin
[  273s] cycle: systemd -> gnutls -> unbound-libs -> shadow -> pam -> audit
[  273s]   breaking dependency systemd -> gnutls
[  273s] cycle: systemd -> pam -> audit
[  273s]   breaking dependency systemd -> pam
[  273s] cycle: systemd -> shadow -> pam -> audit
[  273s]   breaking dependency systemd -> shadow
[  273s] cycle: pam -> libpwquality
[  273s]   breaking dependency pam -> libpwquality
[  273s] cycle: perl-Getopt-Long -> perl-Pod-Usage
[  273s]   breaking dependency perl-Pod-Usage -> perl-Getopt-Long
[  273s] cycle: perl-Getopt-Long -> perl-Pod-Usage -> perl-podlators -> perl-Encode
[  273s]   breaking dependency perl-podlators -> perl-Encode
[  273s] cycle: perl-Getopt-Long -> perl-Pod-Usage -> perl-podlators
[  273s]   breaking dependency perl-podlators -> perl-Getopt-Long
[  273s] cycle: perl-Getopt-Long -> perl-Pod-Usage -> perl-podlators -> perl-Pod-Simple -> perl-Encode
[  273s]   breaking dependency perl-Encode -> perl-Getopt-Long
[  273s] cycle: perl-Getopt-Long -> perl-Pod-Usage -> perl-podlators -> perl-Pod-Simple
[  273s]   breaking dependency perl-podlators -> perl-Pod-Simple
[  273s] cycle: perl-Pod-Usage -> perl-podlators
[  273s]   breaking dependency perl-podlators -> perl-Pod-Usage
[  273s] cycle: groff -> perl-Getopt-Long -> perl-Pod-Usage -> perl-Pod-Perldoc
[  273s]   breaking dependency groff -> perl-Getopt-Long
[  273s] cycle: libxcrypt-devel -> glibc-devel
[  273s]   breaking dependency glibc-devel -> libxcrypt-devel
[  273s] cycle: cmake-data -> cmake
[  273s]   breaking dependency cmake -> cmake-data
[  273s] cycle: nss-util -> nss
[  273s]   breaking dependency nss -> nss-util
[  273s] cycle: nss-softokn -> nss-util -> nss
[  273s]   breaking dependency nss -> nss-softokn
[  273s] cycle: perl-Getopt-Long -> perl-Pod-Usage -> perl-Pod-Perldoc -> perl-Pod-Simple
[  273s]   breaking dependency perl-Pod-Perldoc -> perl-Pod-Simple
[  273s] cycle: openssh -> openssh-server
[  273s]   breaking dependency openssh-server -> openssh
[  273s] cycle: git -> perl-Git
[  273s]   breaking dependency git -> perl-Git
[  273s] cycle: perl-ExtUtils-Install -> perl-ExtUtils-MakeMaker
[  273s]   breaking dependency perl-ExtUtils-MakeMaker -> perl-ExtUtils-Install
[  274s] done
[  274s] querying package ids...
[  313s] [1/390] installing cmake-filesystem-3.22.0-1.oe1
[  314s] [2/390] installing fonts-filesystem-2.0.2-2.oe1
[  315s] [3/390] installing fuse-common-3.9.2-5.oe1
[  316s] [4/390] installing glib2-help-2.66.8-1.oe1
[  326s] [5/390] installing kernel-headers-5.10-3.oe1
[  333s] [6/390] installing libreport-filesystem-2.13.1-5.oe1
[  335s] [7/390] installing ncurses-base-6.1-14.oe1
[  336s] [8/390] installing openEuler-gpg-keys-1.0-2.5.oe1
[  337s] [9/390] installing python-setuptools-59.4.0-3.oe1
[  339s] [10/390] installing qt5-srpm-macros-5.15.2-1.oe1
[  340s] [11/390] installing tzdata-2021a-2.oe1
[  349s] [12/390] installing dnf-data-4.10.0-1.oe1
[  350s] [13/390] installing openEuler-repos-1.0-2.5.oe1
[  351s] [14/390] installing wqy-zenhei-fonts-0.9.46-21.oe1
[  362s] [15/390] installing openEuler-release-20.03LTS-40.oe1
[  363s] [16/390] installing filesystem-3.9-3.oe1
[  375s] warning: group mail does not exist - using root
[  375s] [17/390] installing emacs-filesystem-1:27.1-5.oe1
[  377s] [18/390] installing libgcc-10.3.1-10.oe1
[  379s] [19/390] installing vim-filesystem-2:8.2-4.oe1
[  380s] [20/390] installing setup-2.13.3-4.oe1
[  382s] [21/390] installing glibc-2.34-74.oe1
[  390s] [22/390] installing brotli-1.0.9-2.oe1
[  392s] [23/390] installing chrpath-0.16-12.oe1
[  393s] [24/390] installing cpio-2.13-4.oe1
[  395s] [25/390] installing diffutils-3.7-4.oe1
[  397s] [26/390] installing expat-2.2.10-1.oe1
[  398s] [27/390] installing gpm-libs-1.20.7-21.oe1
[  399s] [28/390] installing json-c-0.15-1.oe1
[  400s] [29/390] installing keyutils-libs-1.6.3-3.oe1
[  402s] [30/390] installing libICE-1.0.10-2.oe1
[  403s] [31/390] installing libXau-1.0.9-2.oe1
[  404s] [32/390] installing libaio-0.3.112-1.oe1
[  405s] [33/390] installing libargon2-20190702-1.oe1
[  406s] [34/390] installing libatomic-10.3.1-10.oe1
[  407s] [35/390] installing libcap-ng-0.7.11-1.oe1
[  410s] [36/390] installing libev-4.24-11.oe1
[  411s] [37/390] installing libffi-3.3-31.oe1
[  412s] [38/390] installing libgomp-10.3.1-10.oe1
[  413s] [39/390] installing libgpg-error-1.41-1.oe1
[  415s] [40/390] installing libnghttp2-1.42.0-1.oe1
[  417s] [41/390] installing libpcap-14:1.9.1-7.oe1
[  418s] [42/390] installing libpipeline-1.5.3-1.oe1
[  420s] [43/390] installing libsigsegv-2.11-10.oe1
[  421s] [44/390] installing libsmartcols-2.36.1-3.oe1
[  422s] [45/390] installing libtasn1-4.16.0-2.oe1
[  424s] [46/390] installing libtool-ltdl-2.4.6-34.oe1
[  425s] [47/390] installing libunistring-0.9.10-8.oe1
[  427s] [48/390] installing libuuid-2.36.1-3.oe1
[  429s] [49/390] installing libuv-1:1.40.0-1.oe1
[  430s] [50/390] installing libxcrypt-4.4.8-4.oe1
[  432s] [51/390] installing libyaml-0.2.5-1.oe1
[  435s] [52/390] installing lz4-1.9.3-1.oe1
[  438s] [53/390] installing m4-1.4.18-14.oe1
[  439s] [54/390] installing nspr-4.32.0-1.oe1
[  441s] [55/390] installing pkgconf-1.7.3-1.oe1
[  443s] [56/390] installing rhash-1.3.5-5.oe1
[  445s] [57/390] installing which-2.21-14.oe1
[  446s] [58/390] installing xz-libs-5.2.5-1.oe1
[  447s] [59/390] installing zlib-1.2.11-18.oe1
[  449s] [60/390] installing attr-2.4.48-12.oe1
[  450s] [61/390] installing basesystem-12-2.oe1
[  452s] [62/390] installing libstdc++-10.3.1-10.oe1
[  454s] [63/390] installing ncurses-libs-6.1-14.oe1
[  455s] [64/390] installing libsepol-3.1-4.oe1
[  457s] [65/390] installing libstdc++-devel-10.3.1-10.oe1
[  468s] [66/390] installing audit-libs-1:3.0-2.oe1
[  470s] [67/390] installing file-libs-5.39-6.oe1
[  473s] [68/390] installing gmp-1:6.2.1-1.oe1
[  475s] [69/390] installing iptables-libs-1.8.1-4.oe1
[  476s] [70/390] installing less-563-2.oe1
[  477s] [71/390] installing libacl-2.2.53-7.oe1
[  478s] [72/390] installing libassuan-2.5.4-1.oe1
[  481s] [73/390] installing libedit-3.1-27.oe1
[  483s] [74/390] installing libffi-devel-3.3-31.oe1
[  484s] [75/390] installing libgcrypt-1.8.7-1.oe1
[  487s] [76/390] installing libpng-2:1.6.37-1.oe1
[  489s] [77/390] installing libsepol-devel-3.1-4.oe1
[  498s] [78/390] installing libxcb-1.14-1.oe1
[  501s] [79/390] installing libyaml-devel-0.2.5-1.oe1
[  502s] [80/390] installing readline-8.0-2.oe1
[  503s] [81/390] installing zlib-devel-1.2.11-18.oe1
[  505s] [82/390] installing fuse-2.9.9-6.oe1
[  507s] [83/390] installing gc-8.0.4-2.oe1
[  508s] [84/390] installing libSM-1.2.3-2.oe1
[  509s] [85/390] installing libdb-5.3.28-35.oe1
[  515s] [86/390] installing libselinux-3.1-3.oe1
[  516s] [87/390] installing libxml2-2.9.12-5.oe1
[  519s] [88/390] installing bash-5.1-1.oe1
[  533s] [89/390] installing perl-libs-4:5.28.0-435.oe1
[  539s] [90/390] installing zstd-1.4.8-2.oe1
[  542s] [91/390] installing ncurses-6.1-14.oe1
[  556s] [92/390] installing ninja-build-1.8.2-9.oe1
[  558s] [93/390] installing thin-provisioning-tools-0.8.5-1.oe1
[  560s] [94/390] installing perl-parent-1:0.237-4.oe1
[  561s] [95/390] installing perl-perlfaq-5.20180915-5.oe1
[  562s] [96/390] installing file-devel-5.39-6.oe1
[  564s] [97/390] installing libX11-1.6.9-2.oe1
[  569s] [98/390] installing mpfr-4.1.0-2.oe1
[  572s] [99/390] installing nettle-3.6-6.oe1
[  574s] [100/390] installing pcre2-10.36-1.oe1
[  576s] [101/390] installing perl-Exporter-5.74-1.oe1
[  577s] [102/390] installing zstd-devel-1.4.8-2.oe1
[  578s] [103/390] installing file-5.39-6.oe1
[  580s] [104/390] installing gdbm-1:1.18.1-1.oe1
[  581s] [105/390] installing patch-2.7.6-12.oe1
[  582s] [106/390] installing qrencode-4.1.1-1
[  584s] [107/390] installing sed-4.8-2.oe1
[  586s] [108/390] installing acl-2.2.53-7.oe1
[  587s] [109/390] installing libcomps-0.1.15-1.oe1
[  589s] [110/390] installing pcre-8.44-1.oe1
[  590s] [111/390] installing glibc-common-2.34-74.oe1
[  604s] [112/390] installing coreutils-8.31-4.oe1
[  614s] [113/390] installing crontabs-1.11-21.oe1
[  615s] [114/390] installing libXext-1.3.4-2.oe1
[  617s] [115/390] installing libXpm-3.5.12-11.oe1
[  619s] [116/390] installing libXrender-0.9.10-10.oe1
[  621s] [117/390] installing perl-Carp-1.50-418.oe1
[  622s] [118/390] installing perl-Perl-OSType-1.010-421.oe1
[  624s] [119/390] installing perl-Term-ANSIColor-4.06-511.oe1
[  625s] [120/390] installing publicsuffix-list-20200718-1.oe1
[  626s] [121/390] installing uname-build-checks-1.0-0.4.oe1
[  628s] [122/390] installing bzip2-1.0.8-3.oe1
[  630s] [123/390] installing gzip-1.10-1.oe1
[  632s] [124/390] installing hostname-3.21-2.oe1
[  633s] [125/390] installing libcap-2.32-2.oe1
[  636s] [126/390] installing libmpc-1.2.0-2.oe1
[  638s] [127/390] installing libseccomp-2.4.3-2.oe1
[  640s] [128/390] installing npth-1.5-7.oe1
[  642s] [129/390] installing popt-1.18-1.oe1
[  644s] [130/390] installing sgml-common-0.6.3-51.oe1
[  647s] [131/390] installing grep-3.6-1.oe1
[  650s] [132/390] installing libXt-1.2.0-0.oe1
[  651s] [133/390] installing libblkid-2.36.1-3.oe1
[  654s] [134/390] installing libidn2-2.3.0-1.oe1
[  656s] [135/390] installing libksba-1.3.5-12.oe1
[  659s] [136/390] installing pcre-devel-8.44-1.oe1
[  662s] [137/390] installing pcre2-devel-10.36-1.oe1
[  666s] [138/390] installing tar-2:1.32-3.oe1
[  669s] [139/390] installing tcl-1:8.6.10-3.oe1
[  674s] [140/390] installing elfutils-0.185-5.oe1
[  679s] /usr/lib/systemd/systemd-sysctl: error while loading shared libraries: libkmod.so.2: cannot open shared object file: No such file or directory
[  679s] [141/390] installing info-6.7-2.oe1
[  681s] [142/390] installing jsoncpp-1.9.4-1.oe1
[  683s] [143/390] installing libgpg-error-devel-1.41-1.oe1
[  687s] [144/390] installing lua-5.3.5-6.oe1
[  690s] [145/390] installing slang-2.3.2-8.oe1
[  694s] [146/390] installing gawk-5.1.0-1.oe1
[  697s] [147/390] installing glibc-devel-2.34-74.oe1
[  709s] [148/390] installing libxslt-1.1.32-7.oe1
[  711s] [149/390] installing guile-5:2.0.14-15.oe1
[  721s] [150/390] installing popt-devel-1.18-1.oe1
[  723s] [151/390] installing zip-3.0-29.oe1
[  725s] [152/390] installing libfdisk-2.36.1-3.oe1
[  727s] [153/390] installing libxcrypt-devel-4.4.8-4.oe1
[  730s] [154/390] installing newt-0.52.21-4.oe1
[  734s] [155/390] installing perl-Text-ParseWords-3.30-419.oe1
[  735s] [156/390] installing crypto-policies-20180925-3.git71ca85f.oe1
[  745s] [157/390] installing libXmu-1.1.3-1.oe1
[  747s] [158/390] installing libmount-2.36.1-3.oe1
[  749s] [159/390] installing libselinux-devel-3.1-3.oe1
[  751s] [160/390] installing lua-posix-33.3.1-12.oe1
[  754s] [161/390] installing unzip-6.0-47.oe1
[  756s] [162/390] installing cracklib-2.9.7-6.oe1
[  762s] [163/390] installing docbook-dtds-1.0-78.oe1
[  789s] [164/390] installing e2fsprogs-1.45.6-3.oe1
[  795s] [165/390] installing findutils-2:4.7.0-7.oe1
[  798s] [166/390] installing libsemanage-3.1-4.oe1
[  800s] [167/390] installing make-1:4.2.1-15.oe1
[  802s] [168/390] installing sqlite-3.24.0-9.oe1
[  806s] [169/390] installing xz-5.2.5-1.oe1
[  808s] [170/390] installing logrotate-3.15.1-2.oe1
[  809s] [171/390] installing opensp-1.5.2-31.oe1
[  813s] [172/390] installing perl-Scalar-List-Utils-3:1.52-2.oe1
[  814s] [173/390] installing perl-Time-HiRes-1.9760-2.oe1
[  816s] [174/390] installing perl-Unicode-Normalize-1.26-419.oe1
[  819s] [175/390] installing freetype-2.10.2-3.oe1
[  822s] [176/390] installing libgcrypt-devel-1.8.7-1.oe1
[  823s] [177/390] installing cpp-10.3.1-10.oe1
[  836s] [178/390] installing gnupg2-2.2.27-2.oe1
[  842s] [179/390] installing systemd-libs-243-22.oe1
[  845s] [180/390] installing dbus-libs-1:1.12.20-3.oe1
[  848s] [181/390] installing p11-kit-0.23.22-1.oe1
[  852s] [182/390] installing procps-ng-3.3.16-15.oe1
[  855s] [183/390] installing copy-jdk-configs-4.0-1.oe1
[  857s] [184/390] installing gpgme-1.15.1-1.oe1
[  860s] [185/390] installing openssl-libs-1:1.1.1f-2.oe1
[  864s] [186/390] installing chkconfig-1.14-2.oe1
[  867s] [187/390] installing docbook-style-xsl-1.79.2-9.oe1
[  883s] [188/390] installing libXaw-1.0.13-13.oe1
[  886s] [189/390] installing openjade-1.3.2-60.oe1
[  891s] [190/390] installing fontconfig-2.13.92-1.oe1
[  897s] [191/390] installing glib2-2.66.8-1.oe1
[  905s] [192/390] installing dbus-tools-1:1.12.20-3.oe1
[  907s] [193/390] installing ima-evm-utils-libs-1.2.1-8.oe1
[  909s] [194/390] installing libevent-2.1.12-4
[  912s] [195/390] installing libcroco-0.6.12-13.oe1
[  915s] [196/390] installing fipscheck-1.5.0-7.oe1
[  917s] [197/390] installing gamin-0.1.10-38.oe1
[  920s] [198/390] installing kmod-libs-27-4.oe1
[  922s] [199/390] installing libsecret-0.18.6-5.oe1
[  925s] [200/390] installing obs-env-1.0-5.oe1
[  933s] [201/390] installing gobject-introspection-1.66.1-1.oe1
[  937s] [202/390] installing kmod-27-4.oe1
[  941s] [203/390] installing libXft-2.3.3-1.oe1
[  943s] [204/390] installing binutils-2.37-6.oe1
[  958s] [205/390] installing babeltrace-1.5.8-1.oe1
[  961s] [206/390] installing p11-kit-trust-0.23.22-1.oe1
[  963s] [207/390] installing libarchive-3.5.1-1.oe1
[  966s] [208/390] installing nodejs-libs-1:16.10.0-1.oe1
[ 1007s] [209/390] installing libverto-0.3.1-2.oe1
[ 1010s] [210/390] installing ca-certificates-2020.2.46-2.oe1
[ 1021s] [211/390] installing tk-1:8.6.10-2.oe1
[ 1025s] [212/390] installing gettext-0.20.1-2.oe1
[ 1030s] [213/390] installing gcc-10.3.1-10.oe1
[ 1058s] [214/390] installing rpm-libs-4.15.1-25.oe1
[ 1061s] [215/390] installing python-pip-wheel-19.2.3-2.fc32
[ 1062s] [216/390] installing libmodulemd-2.13.0-1.oe1
[ 1065s] [217/390] installing gcc-c++-10.3.1-10.oe1
[ 1077s] [218/390] installing krb5-libs-1.18.2-3.oe1
[ 1080s] [219/390] installing libtirpc-1.3.1-1.oe1
[ 1082s] [220/390] installing cyrus-sasl-lib-2.1.27-10.oe1
[ 1084s] [221/390] installing libssh-0.9.5-1.oe1
[ 1087s] [222/390] installing elinks-0.12-1.oe1
[ 1090s] [223/390] installing openldap-2.4.46-15.oe1
[ 1092s] [224/390] installing libnsl2-1.3.0-2.oe1
[ 1095s] [225/390] installing python3-3.8.5-13.oe1
[ 1125s] [226/390] installing python3-parameterized-0.6.1-9.fc32
[ 1127s] [227/390] installing python3-pyparsing-2.4.5-1.fc32
[ 1130s] [228/390] installing python3-setuptools-59.4.0-3.oe1
[ 1137s] [229/390] installing python3-setuptools_scm-3.3.3-6.fc32
[ 1139s] [230/390] installing python3-six-1.16.0-2.oe1
[ 1141s] [231/390] installing python3-markupsafe-1.1.1-4.fc32
[ 1143s] [232/390] installing python3-gpgme-1.15.1-1.oe1
[ 1147s] [233/390] installing python3-lxml-4.4.1-3.fc32
[ 1150s] [234/390] installing python3-gobject-base-3.42.0-2.oe1
[ 1153s] [235/390] installing python3-libcomps-0.1.15-1.oe1
[ 1155s] [236/390] installing libpsl-0.21.1-1.oe1
[ 1157s] [237/390] installing gdb-headless-9.2-5.oe1
[ 1164s] [238/390] installing python3-anytree-2.7.2-2.fc32
[ 1168s] [239/390] installing python3-pygments-2.4.2-6.fc32
[ 1175s] [240/390] installing systemtap-sdt-devel-4.1-3.oe1
[ 1177s] [241/390] installing gdb-9.2-5.oe1
[ 1179s] [242/390] installing meson-0.59.4-1.oe1
[ 1187s] [243/390] installing python3-mako-1.1.0-4.fc32
[ 1190s] [244/390] installing python3-pip-19.2.3-2.fc32
[ 1201s] [245/390] installing python3-rpm-generators-10-2.fc32
[ 1202s] [246/390] installing libcurl-7.79.1-1.oe1
[ 1204s] [247/390] installing curl-7.79.1-1.oe1
[ 1206s] [248/390] installing librepo-1.14.2-2.oe1
[ 1208s] [249/390] installing rpm-4.15.1-25.oe1
[ 1212s] [250/390] installing efi-srpm-macros-4-3.oe1
[ 1214s] [251/390] installing cmake-rpm-macros-3.22.0-1.oe1
[ 1215s] [252/390] installing libsolv-0.7.20-1.oe1
[ 1217s] [253/390] installing rpm-devel-4.15.1-25.oe1
[ 1219s] [254/390] installing python3-rpm-4.15.1-25.oe1
[ 1221s] [255/390] installing openEuler-rpm-config-30-22.oe1
[ 1229s] [256/390] installing cmake-3.22.0-1.oe1
[ 1245s] [257/390] installing libdnf-0.65.0-2.oe1
[ 1248s] [258/390] installing cmake-data-3.22.0-1.oe1
[ 1265s] [259/390] installing python3-devel-3.8.5-13.oe1
[ 1312s] [260/390] installing python3-libdnf-0.65.0-2.oe1
[ 1315s] [261/390] installing perl-4:5.28.0-435.oe1
[ 1324s] [262/390] installing perl-B-Debug-1.26-4.oe1
[ 1326s] [263/390] installing perl-Env-1.04-397.oe1
[ 1327s] [264/390] installing perl-Devel-PPPort-3.42-4.oe1
[ 1329s] [265/390] installing perl-Pod-Escapes-1:1.07-419.oe1
[ 1330s] [266/390] installing perl-Text-Tabs+Wrap-2013.0523-419.oe1
[ 1331s] [267/390] installing perl-Algorithm-Diff-1.1903-14.oe1
[ 1334s] [268/390] installing perl-Params-Check-1:0.38-418.oe1
[ 1337s] [269/390] installing perl-Term-Cap-1.17-510.oe1
[ 1339s] [270/390] installing perl-TermReadKey-2.38-2.oe1
[ 1341s] [271/390] installing perl-Text-Balanced-2.03-420.oe1
[ 1343s] [272/390] installing perl-threads-1:2.22-419.oe1
[ 1348s] [273/390] installing openssl-1:1.1.1f-2.oe1
[ 1351s] [274/390] installing perl-Config-Perl-V-0.30-5.oe1
[ 1353s] [275/390] installing perl-Error-1:0.17029-1.oe1
[ 1355s] [276/390] installing perl-Filter-2:1.59-2.oe1
[ 1357s] [277/390] installing perl-IPC-SysV-2.07-5.oe1
[ 1359s] [278/390] installing perl-Locale-Maketext-1:1.28-1.oe1
[ 1361s] [279/390] installing perl-SGMLSpm-1.03ii-45.oe1
[ 1362s] [280/390] installing perl-constant-1.33-421.oe1
[ 1364s] [281/390] installing docbook-style-dsssl-1.79-27.oe1
[ 1374s] [282/390] installing perl-MIME-Base64-3.15-418.oe1
[ 1376s] [283/390] installing perl-CPAN-Meta-YAML-0.018-420.oe1
[ 1378s] [284/390] installing perl-Socket-4:2.029-2.oe1
[ 1380s] [285/390] installing perl-Storable-1:3.15-2.oe1
[ 1383s] [286/390] installing python3-hawkey-0.65.0-2.oe1
[ 1387s] [287/390] installing perl-PerlIO-via-QuotedPrint-0.08-397.oe1
[ 1388s] [288/390] installing perl-Digest-1.17-419.oe1
[ 1389s] [289/390] installing perl-Filter-Simple-1:0.94-1.oe1
[ 1390s] [290/390] installing perl-IO-Socket-IP-0.39-420.oe1
[ 1392s] [291/390] installing perl-Text-Diff-1.45-7.oe1
[ 1393s] [292/390] installing perl-Time-Local-2:1.280-6.oe1
[ 1395s] [293/390] installing perl-version-8:0.99.24-3.oe1
[ 1397s] [294/390] installing perl-IPC-System-Simple-1.25-19.oe1
[ 1398s] [295/390] installing perl-threads-shared-1.59-2.oe1
[ 1400s] [296/390] installing perl-Compress-Raw-Bzip2-2.100-1.oe1
[ 1402s] [297/390] installing perl-Compress-Raw-Zlib-1:2.100-1.oe1
[ 1405s] [298/390] installing perl-Locale-Codes-3.58-2.oe1
[ 1407s] [299/390] installing perl-Math-BigInt-1:1.9998.13-5.oe1
[ 1410s] [300/390] installing perl-PathTools-3.75-4.oe1
[ 1411s] [301/390] installing python3-dnf-4.10.0-1.oe1
[ 1415s] [302/390] installing perl-Data-Dumper-2.172-3.oe1
[ 1419s] [303/390] installing perl-Sys-Syslog-0.35-420.oe1
[ 1422s] [304/390] installing perl-Encode-4:2.98-9.oe1
[ 1427s] [305/390] installing autogen-5.18.16-1.oe1
[ 1430s] [306/390] installing nodejs-1:16.10.0-1.oe1
[ 1433s] [307/390] installing systemd-243-22.oe1
[ 1454s] /var/tmp/rpm-tmp.9vAKW6: line 8: groupadd: command not found
[ 1454s] /var/tmp/rpm-tmp.9vAKW6: line 10: groupadd: command not found
[ 1454s] /var/tmp/rpm-tmp.9vAKW6: line 13: groupadd: command not found
[ 1454s] /var/tmp/rpm-tmp.9vAKW6: line 16: groupadd: command not found
[ 1454s] [308/390] installing dbus-common-1:1.12.20-3.oe1
[ 1456s] [309/390] installing nodejs-source-map-0.5.6-1.oe1
[ 1458s] [310/390] installing perl-Module-Load-1:0.32-418.oe1
[ 1460s] [311/390] installing nodejs-packaging-20-1.oe1
[ 1463s] [312/390] installing dnf-4.10.0-1.oe1
[ 1467s] Failed to preset unit, unit dnf-automatic.timer does not exist.
[ 1467s] Failed to preset unit, unit dnf-automatic-notifyonly.timer does not exist.
[ 1467s] Failed to preset unit, unit dnf-automatic-download.timer does not exist.
[ 1467s] Failed to preset unit, unit dnf-automatic-install.timer does not exist.
[ 1467s] [313/390] installing perl-File-Which-1.23-1.oe1
[ 1468s] [314/390] installing perl-Thread-Queue-3.13-3.oe1
[ 1470s] [315/390] installing perl-experimental-0.020-2.oe1
[ 1471s] [316/390] installing perl-Digest-MD5-2.55-419.oe1
[ 1474s] [317/390] installing perl-File-Path-2.16-4.oe1
[ 1475s] [318/390] installing perl-Math-BigInt-FastCalc-0.500.700-4.oe1
[ 1480s] [319/390] installing perl-Module-Metadata-1.000036-3.oe1
[ 1481s] [320/390] installing perl-CPAN-Meta-Requirements-2.140-419.oe1
[ 1484s] [321/390] installing perl-Encode-devel-4:2.98-9.oe1
[ 1486s] [322/390] installing perl-HTTP-Tiny-0.076-3.oe1
[ 1487s] [323/390] installing perl-Math-BigRat-0.2614-2.oe1
[ 1489s] [324/390] installing audit-1:3.0-2.oe1
[ 1493s] [325/390] installing perl-DB_File-1.842-2.oe1
[ 1495s] [326/390] installing perl-autodie-2.29-398.oe1
[ 1496s] [327/390] installing perl-Unicode-Collate-1.25-4.oe1
[ 1500s] [328/390] installing perl-IO-Compress-2.081-6.oe1
[ 1502s] [329/390] installing perl-podlators-1:4.14-1.oe1
[ 1504s] [330/390] installing perl-ExtUtils-Command-1:7.60-1.oe1
[ 1505s] [331/390] installing perl-ExtUtils-Manifest-1:1.71-4.oe1
[ 1507s] [332/390] installing perl-bignum-0.50-4.oe1
[ 1511s] [333/390] installing perl-File-Temp-1:0.230.800-4.oe1
[ 1513s] [334/390] installing perl-libnet-3.11-420.oe1
[ 1515s] [335/390] installing pam-1.5.1-1.oe1
[ 1521s] [336/390] installing libpwquality-1.4.4-1.oe1
[ 1525s] [337/390] installing perl-File-HomeDir-1.004-4.oe1
[ 1529s] [338/390] installing shadow-2:4.8.1-5.oe1
[ 1532s] [339/390] installing perl-Test-Simple-2:1.302175-2.oe1
[ 1537s] [340/390] installing libutempter-1.1.6-16.oe1
[ 1543s] [341/390] installing unbound-libs-1.10.1-4.oe1
[ 1549s] [342/390] installing dbus-daemon-1:1.12.20-3.oe1
[ 1556s] [343/390] installing openssh-server-8.2p1-10.oe1
[ 1561s] Created symlink /etc/systemd/system/multi-user.target.wants/sshd.service -> /usr/lib/systemd/system/sshd.service.
[ 1561s] [344/390] installing groff-1.22.4-4.oe1
[ 1571s] [345/390] installing dbus-1:1.12.20-3.oe1
[ 1573s] [346/390] installing man-db-2.9.3-2.oe1
[ 1579s] [347/390] installing perl-Pod-Perldoc-1:3.28-3.oe1
[ 1581s] [348/390] installing gnutls-3.6.15-3.oe1
[ 1586s] [349/390] installing util-linux-2.36.1-3.oe1
[ 1605s] [350/390] installing nss-help-3.72.0-2.oe1
[ 1607s] [351/390] installing util-linux-devel-2.36.1-3.oe1
[ 1610s] [352/390] installing perl-Pod-Usage-4:1.69-418.oe1
[ 1611s] [353/390] installing device-mapper-8:1.02.172-1.oe1
[ 1616s] [354/390] installing openssh-8.2p1-10.oe1
[ 1619s] [355/390] installing perl-Getopt-Long-1:2.52-1.oe1
[ 1621s] [356/390] installing cryptsetup-2.3.3-3.oe1
[ 1626s] [357/390] installing device-mapper-event-8:1.02.172-1.oe1
[ 1630s] Created symlink /etc/systemd/system/sockets.target.wants/dm-event.socket -> /usr/lib/systemd/system/dm-event.socket.
[ 1630s] [358/390] installing nss-3.72.0-2.oe1
[ 1640s] [359/390] installing glib2-devel-2.66.8-1.oe1
[ 1664s] [360/390] installing openssh-clients-8.2p1-10.oe1
[ 1667s] [361/390] installing nss-util-3.72.0-2.oe1
[ 1670s] [362/390] installing perl-ExtUtils-ParseXS-2:3.35-1.oe1
[ 1672s] [363/390] installing perl-Module-CoreList-1:5.20180920-2.oe1
[ 1674s] [364/390] installing perl-Digest-SHA-1:6.02-7.oe1
[ 1676s] [365/390] installing perl-Pod-Parser-1.63-397.oe1
[ 1678s] [366/390] installing help2man-1.47.11-0.oe1
[ 1682s] [367/390] installing perl-Pod-Simple-1:3.35-418.oe1
[ 1684s] [368/390] installing perl-Test-Harness-1:3.43_02-1.oe1
[ 1686s] [369/390] installing docbook-utils-0.6.14-47.oe1
[ 1688s] [370/390] installing perl-Archive-Tar-2.30-421.oe1
[ 1689s] [371/390] installing perl-JSON-PP-1:4.04-2.oe1
[ 1694s] [372/390] installing lvm2-8:2.03.11-1.oe1
[ 1701s] Created symlink /etc/systemd/system/sysinit.target.wants/lvm2-lvmpolld.socket -> /usr/lib/systemd/system/lvm2-lvmpolld.socket.
[ 1701s] [373/390] installing autoconf-2.69-30.oe1
[ 1705s] [374/390] installing git-2.23.0-12.oe1
[ 1718s] [375/390] installing nss-softokn-3.72.0-2.oe1
[ 1721s] [376/390] installing perl-Pod-Checker-4:1.73-398.oe1
[ 1723s] [377/390] installing perl-Git-2.23.0-12.oe1
[ 1724s] [378/390] installing gtk-doc-1.33.2-1.oe1
[ 1730s] [379/390] installing perl-CPAN-Meta-2.150010-419.oe1
[ 1733s] [380/390] installing perl-Module-Load-Conditional-0.68-418.oe1
[ 1735s] [381/390] installing automake-1.16.1-6.oe1
[ 1739s] [382/390] installing perl-ExtUtils-MakeMaker-1:7.60-1.oe1
[ 1742s] [383/390] installing libtool-2.4.6-34.oe1
[ 1744s] [384/390] installing perl-ExtUtils-Install-2.14-419.oe1
[ 1746s] [385/390] installing perl-IPC-Cmd-2:1.04-4.oe1
[ 1748s] [386/390] installing rpm-build-4.15.1-25.oe1
[ 1750s] [387/390] installing gcc_secure-1.0-0.9.oe1
[ 1752s] [388/390] installing gobject-introspection-devel-1.66.1-1.oe1
[ 1760s] [389/390] installing perl-File-Fetch-0.56-4.oe1
[ 1762s] [390/390] installing perl-devel-4:5.28.0-435.oe1
[ 1779s] removing nis flags from /var/cache/obs/worker/root_2/etc/nsswitch.conf...
[ 1779s] now finalizing build dir...
[ 1792s] Running build time source services...
[ 1812s] -----------------------------------------------------------------
[ 1812s] ----- building libmodulemd.spec (user abuild)
[ 1812s] -----------------------------------------------------------------
[ 1812s] -----------------------------------------------------------------
[ 1821s] + exec rpmbuild -ba --define '_srcdefattr (-,root,root)' --nosignature --define 'disturl obs://private/openEuler:Mainline:RISC-V/advanced_riscv64/daa7dd5bb977b2de5dcdcf78bb68b5be-libmodulemd' /home/abuild/rpmbuild/SOURCES/libmodulemd.spec
[ 1824s] Executing(%prep): /bin/sh -e /var/tmp/rpm-tmp.sSlDQn
[ 1824s] + umask 022
[ 1824s] + cd /home/abuild/rpmbuild/BUILD
[ 1824s] + cd /home/abuild/rpmbuild/BUILD
[ 1824s] + rm -rf modulemd-2.13.0
[ 1824s] + /usr/bin/xz -dc /home/abuild/rpmbuild/SOURCES/modulemd-2.13.0.tar.xz
[ 1824s] + /usr/bin/tar -xof -
[ 1825s] + STATUS=0
[ 1825s] + '[' 0 -ne 0 ']'
[ 1825s] + cd modulemd-2.13.0
[ 1825s] + /usr/bin/chmod -Rf a+rX,u+w,g-w,o-w .
[ 1825s] + RPM_EC=0
[ 1825s] ++ jobs -p
[ 1825s] + exit 0
[ 1825s] Executing(%build): /bin/sh -e /var/tmp/rpm-tmp.mBlQB1
[ 1826s] + umask 022
[ 1826s] + cd /home/abuild/rpmbuild/BUILD
[ 1826s] + cd modulemd-2.13.0
[ 1826s] + CFLAGS='-O2 -g -pipe -Wall -Werror=format-security -Wp,-D_FORTIFY_SOURCE=2 -Wp,-D_GLIBCXX_ASSERTIONS -fstack-protector-strong -grecord-gcc-switches -specs=/usr/lib/rpm/generic-hardened-cc1 -fasynchronous-unwind-tables -fstack-clash-protection'
[ 1826s] + export CFLAGS
[ 1826s] + CXXFLAGS='-O2 -g -pipe -Wall -Werror=format-security -Wp,-D_FORTIFY_SOURCE=2 -Wp,-D_GLIBCXX_ASSERTIONS -fstack-protector-strong -grecord-gcc-switches -specs=/usr/lib/rpm/generic-hardened-cc1 -fasynchronous-unwind-tables -fstack-clash-protection -fexceptions'
[ 1826s] + export CXXFLAGS
[ 1826s] + FFLAGS='-O2 -g -pipe -Wall -Werror=format-security -Wp,-D_FORTIFY_SOURCE=2 -Wp,-D_GLIBCXX_ASSERTIONS -fstack-protector-strong -grecord-gcc-switches -specs=/usr/lib/rpm/generic-hardened-cc1 -fasynchronous-unwind-tables -fstack-clash-protection -fexceptions -I/usr/lib64/gfortran/modules'
[ 1826s] + export FFLAGS
[ 1826s] + FCFLAGS='-O2 -g -pipe -Wall -Werror=format-security -Wp,-D_FORTIFY_SOURCE=2 -Wp,-D_GLIBCXX_ASSERTIONS -fstack-protector-strong -grecord-gcc-switches -specs=/usr/lib/rpm/generic-hardened-cc1 -fasynchronous-unwind-tables -fstack-clash-protection -fexceptions -I/usr/lib64/gfortran/modules'
[ 1826s] + export FCFLAGS
[ 1826s] + LDFLAGS='-Wl,-z,relro   -Wl,-z,now -specs=/usr/lib/rpm/generic-hardened-ld'
[ 1826s] + export LDFLAGS
[ 1826s] + /usr/bin/meson --buildtype=plain --prefix=/usr --libdir=/usr/lib64 --libexecdir=/usr/libexec --bindir=/usr/bin --sbindir=/usr/sbin --includedir=/usr/include --datadir=/usr/share --mandir=/usr/share/man --infodir=/usr/share/info --localedir=/usr/share/locale --sysconfdir=/etc --localstatedir=/var --sharedstatedir=/var/lib --wrap-mode=nodownload --auto-features=enabled . riscv64-openEuler-linux-gnu -Ddeveloper_build=false -Dwith_py2=false
[ 1905s] The Meson build system
[ 1905s] Version: 0.59.4
[ 1905s] Source dir: /home/abuild/rpmbuild/BUILD/modulemd-2.13.0
[ 1905s] Build dir: /home/abuild/rpmbuild/BUILD/modulemd-2.13.0/riscv64-openEuler-linux-gnu
[ 1905s] Build type: native build
[ 1905s] WARNING: Unknown options: "developer_build"
[ 1905s] The value of new options can be set with:
[ 1905s] meson setup <builddir> --reconfigure -Dnew_option=new_value ...
[ 1905s] Project name: modulemd
[ 1905s] Project version: 2.13.0
[ 1905s] C compiler for the host machine: cc (gcc 10.3.1 "gcc_old (GCC) 10.3.1")
[ 1905s] C linker for the host machine: cc ld.bfd 2.37
[ 1905s] Host machine cpu family: riscv64
[ 1905s] Host machine cpu: riscv64
[ 1905s] Compiler for C supports arguments -Wpointer-arith: YES 
[ 1905s] Compiler for C supports arguments -Werror=missing-declarations: YES 
[ 1905s] Compiler for C supports arguments -Wmissing-prototypes: YES 
[ 1905s] Compiler for C supports arguments -Wstrict-prototypes: YES 
[ 1905s] Compiler for C supports arguments -Wuninitialized: YES 
[ 1905s] Compiler for C supports arguments -Werror=format-security -Werror=format=2: YES 
[ 1905s] Compiler for C supports arguments -Werror=implicit: YES 
[ 1905s] Compiler for C supports arguments -Werror=init-self: YES 
[ 1905s] Compiler for C supports arguments -Werror=main: YES 
[ 1905s] Compiler for C supports arguments -Werror=missing-braces: YES 
[ 1905s] Compiler for C supports arguments -Werror=return-type: YES 
[ 1905s] Compiler for C supports arguments -Werror=array-bounds: YES 
[ 1905s] Compiler for C supports arguments -Werror=write-strings: YES 
[ 1905s] Compiler for C supports arguments -D_GNU_SOURCE: YES 
[ 1905s] Compiler for C supports arguments -DG_LOG_USE_STRUCTURED: YES 
[ 1905s] Compiler for C supports arguments -DG_LOG_DOMAIN="libmodulemd": YES 
[ 1905s] Found pkg-config: /usr/bin/pkg-config (1.7.3)
[ 1905s] Run-time dependency gobject-2.0 found: YES 2.66.8
[ 1905s] Run-time dependency yaml-0.1 found: YES 0.2.5
[ 1905s] Run-time dependency rpm found: YES 4.15.1
[ 1905s] Library magic found: YES
[ 1905s] Run-time dependency glib-2.0 found: YES 2.66.8
[ 1905s] Program bash found: YES (/usr/bin/bash)
[ 1905s] Program sed found: YES (/usr/bin/sed)
[ 1905s] Program test found: YES (/usr/bin/test)
[ 1905s] Run-time dependency gtk-doc found: YES 1.33.1
[ 1905s] Program help2man found: YES (/usr/bin/help2man)
[ 1905s] Checking if "g_autoptr(GDate)" with dependency glib-2.0 compiles: YES 
[ 1905s] Checking for function "g_ptr_array_extend_and_steal" with dependency glib-2.0: YES 
[ 1905s] Program python3 found: YES (/usr/bin/python3)
[ 1905s] Program clang_simple_version.sh found: YES (/home/abuild/rpmbuild/BUILD/modulemd-2.13.0/modulemd/clang_simple_version.sh)
[ 1905s] Program glib-mkenums found: YES (/usr/bin/glib-mkenums)
[ 1905s] Program glib-mkenums found: YES (/usr/bin/glib-mkenums)
[ 1905s] Configuring config.h using configuration
[ 1905s] WARNING: Project targeting '>=0.47.0' but tried to use feature introduced in '0.55.0': fatal_warnings arg in generate_gir.
[ 1905s] Run-time dependency gobject-introspection-1.0 found: YES 1.66.1
[ 1905s] Dependency gobject-introspection-1.0 found: YES 1.66.1 (cached)
[ 1905s] Program g-ir-scanner found: YES (/usr/bin/g-ir-scanner)
[ 1905s] Dependency gobject-introspection-1.0 found: YES 1.66.1 (cached)
[ 1905s] Program g-ir-compiler found: YES (/usr/bin/g-ir-compiler)
[ 1905s] Configuring version.xml using configuration
[ 1905s] Program gtkdoc-scan found: YES (/usr/bin/gtkdoc-scan)
[ 1905s] Program gtkdoc-scangobj found: YES (/usr/bin/gtkdoc-scangobj)
[ 1905s] Program gtkdoc-mkdb found: YES (/usr/bin/gtkdoc-mkdb)
[ 1905s] Program gtkdoc-mkhtml found: YES (/usr/bin/gtkdoc-mkhtml)
[ 1905s] Program gtkdoc-fixxref found: YES (/usr/bin/gtkdoc-fixxref)
[ 1905s] Program tests/test-import-headers.sh found: YES (/home/abuild/rpmbuild/BUILD/modulemd-2.13.0/modulemd/tests/test-import-headers.sh)
[ 1905s] Build targets in project: 33
[ 1905s] WARNING: Project specifies a minimum meson_version '>=0.47.0' but uses features which were added in newer versions:
[ 1905s]  * 0.55.0: {'fatal_warnings arg in generate_gir'}
[ 1905s] 
[ 1905s] modulemd 2.13.0
[ 1905s] 
[ 1905s]   Directories
[ 1905s]     prefix                     : /usr
[ 1905s]     bindir                     : bin
[ 1905s]     libdir                     : lib64
[ 1905s]     datadir                    : share
[ 1905s]     Python 2 GObject Overrides : 
[ 1905s]     Python 3 GObject Overrides : /usr/lib64/python3.8/site-packages/gi/overrides
[ 1905s] 
[ 1905s]   Build Configuration
[ 1905s]     libmagic Support           : Enabled
[ 1905s]     Custom Python              : 
[ 1905s]     RPMIO Support              : Enabled
[ 1905s]     Generate Manpages          : Enabled
[ 1905s]     Generate HTML Documentation: True
[ 1905s]     Python 2 Support           : False
[ 1905s]     Python 3 Support           : True
[ 1905s]     Skip Introspection         : False
[ 1905s]     Test Installed Library     : False
[ 1905s] 
[ 1905s] Option buildtype is: plain [default: debugoptimized]
[ 1905s] Found ninja-1.8.2 at /usr/bin/ninja
[ 1905s] + /usr/bin/meson compile -C riscv64-openEuler-linux-gnu -j 8 --verbose
[ 1912s] ninja: Entering directory `riscv64-openEuler-linux-gnu'
[ 1921s] [1/85] cc -Imodulemd/libmodulemd_tests.so.p -Imodulemd -I../modulemd -I../modulemd/include/modulemd-2.0 -I../modulemd/include -I/usr/include/glib-2.0 -I/usr/lib64/glib-2.0/include -fdiagnostics-color=always -D_FILE_OFFSET_BITS=64 -Wall -Winvalid-pch -std=c11 -Wpointer-arith -Werror=missing-declarations -Wmissing-prototypes -Wstrict-prototypes -Wuninitialized -Werror=format-security -Werror=format=2 -Werror=implicit -Werror=init-self -Werror=main -Werror=missing-braces -Werror=return-type -Werror=array-bounds -Werror=write-strings -D_GNU_SOURCE -DG_LOG_USE_STRUCTURED '-DG_LOG_DOMAIN="libmodulemd"' -O2 -g -pipe -Wall -Werror=format-security -Wp,-D_FORTIFY_SOURCE=2 -Wp,-D_GLIBCXX_ASSERTIONS -fstack-protector-strong -grecord-gcc-switches -specs=/usr/lib/rpm/generic-hardened-cc1 -fasynchronous-unwind-tables -fstack-clash-protection -fPIC -MD -MQ modulemd/libmodulemd_tests.so.p/tests_test-utils.c.o -MF modulemd/libmodulemd_tests.so.p/tests_test-utils.c.o.d -o modulemd/libmodulemd_tests.so.p/tests_test-utils.c.o -c ../modulemd/tests/test-utils.c
[ 1923s] [2/85] cc  -o modulemd/libmodulemd_tests.so modulemd/libmodulemd_tests.so.p/tests_test-utils.c.o -Wl,--as-needed -Wl,--no-undefined -shared -fPIC -Wl,--start-group -Wl,-soname,libmodulemd_tests.so -Wl,-z,relro -Wl,-z,now -specs=/usr/lib/rpm/generic-hardened-ld -O2 -g -pipe -Wall -Werror=format-security -Wp,-D_FORTIFY_SOURCE=2 -Wp,-D_GLIBCXX_ASSERTIONS -fstack-protector-strong -grecord-gcc-switches -specs=/usr/lib/rpm/generic-hardened-cc1 -fasynchronous-unwind-tables -fstack-clash-protection /usr/lib64/libgobject-2.0.so /usr/lib64/libglib-2.0.so /usr/lib64/libyaml.so -Wl,--end-group
[ 1925s] [3/85] cc -Imodulemd/modulemd-validator.p -Imodulemd -I../modulemd -I../modulemd/include/modulemd-2.0 -I../modulemd/include -I/usr/include/glib-2.0 -I/usr/lib64/glib-2.0/include -fdiagnostics-color=always -D_FILE_OFFSET_BITS=64 -Wall -Winvalid-pch -std=c11 -Wpointer-arith -Werror=missing-declarations -Wmissing-prototypes -Wstrict-prototypes -Wuninitialized -Werror=format-security -Werror=format=2 -Werror=implicit -Werror=init-self -Werror=main -Werror=missing-braces -Werror=return-type -Werror=array-bounds -Werror=write-strings -D_GNU_SOURCE -DG_LOG_USE_STRUCTURED '-DG_LOG_DOMAIN="libmodulemd"' -O2 -g -pipe -Wall -Werror=format-security -Wp,-D_FORTIFY_SOURCE=2 -Wp,-D_GLIBCXX_ASSERTIONS -fstack-protector-strong -grecord-gcc-switches -specs=/usr/lib/rpm/generic-hardened-cc1 -fasynchronous-unwind-tables -fstack-clash-protection -MD -MQ modulemd/modulemd-validator.p/modulemd-validator.c.o -MF modulemd/modulemd-validator.p/modulemd-validator.c.o.d -o modulemd/modulemd-validator.p/modulemd-validator.c.o -c ../modulemd/modulemd-validator.c
[ 1926s] [4/85] cc -Imodulemd/component_module.p -Imodulemd -I../modulemd -I../modulemd/include/modulemd-2.0 -I../modulemd/include -I/usr/include/glib-2.0 -I/usr/lib64/glib-2.0/include -fdiagnostics-color=always -D_FILE_OFFSET_BITS=64 -Wall -Winvalid-pch -std=c11 -Wpointer-arith -Werror=missing-declarations -Wmissing-prototypes -Wstrict-prototypes -Wuninitialized -Werror=format-security -Werror=format=2 -Werror=implicit -Werror=init-self -Werror=main -Werror=missing-braces -Werror=return-type -Werror=array-bounds -Werror=write-strings -D_GNU_SOURCE -DG_LOG_USE_STRUCTURED '-DG_LOG_DOMAIN="libmodulemd"' -O2 -g -pipe -Wall -Werror=format-security -Wp,-D_FORTIFY_SOURCE=2 -Wp,-D_GLIBCXX_ASSERTIONS -fstack-protector-strong -grecord-gcc-switches -specs=/usr/lib/rpm/generic-hardened-cc1 -fasynchronous-unwind-tables -fstack-clash-protection -MD -MQ modulemd/component_module.p/tests_test-modulemd-component-module.c.o -MF modulemd/component_module.p/tests_test-modulemd-component-module.c.o.d -o modulemd/component_module.p/tests_test-modulemd-component-module.c.o -c ../modulemd/tests/test-modulemd-component-module.c
[ 1927s] [5/85] cc -Imodulemd/common.p -Imodulemd -I../modulemd -I../modulemd/include/modulemd-2.0 -I../modulemd/include -I/usr/include/glib-2.0 -I/usr/lib64/glib-2.0/include -fdiagnostics-color=always -D_FILE_OFFSET_BITS=64 -Wall -Winvalid-pch -std=c11 -Wpointer-arith -Werror=missing-declarations -Wmissing-prototypes -Wstrict-prototypes -Wuninitialized -Werror=format-security -Werror=format=2 -Werror=implicit -Werror=init-self -Werror=main -Werror=missing-braces -Werror=return-type -Werror=array-bounds -Werror=write-strings -D_GNU_SOURCE -DG_LOG_USE_STRUCTURED '-DG_LOG_DOMAIN="libmodulemd"' -O2 -g -pipe -Wall -Werror=format-security -Wp,-D_FORTIFY_SOURCE=2 -Wp,-D_GLIBCXX_ASSERTIONS -fstack-protector-strong -grecord-gcc-switches -specs=/usr/lib/rpm/generic-hardened-cc1 -fasynchronous-unwind-tables -fstack-clash-protection -MD -MQ modulemd/common.p/tests_test-modulemd-common.c.o -MF modulemd/common.p/tests_test-modulemd-common.c.o.d -o modulemd/common.p/tests_test-modulemd-common.c.o -c ../modulemd/tests/test-modulemd-common.c
[ 1931s] [6/85] cc -Imodulemd/buildopts.p -Imodulemd -I../modulemd -I../modulemd/include/modulemd-2.0 -I../modulemd/include -I/usr/include/glib-2.0 -I/usr/lib64/glib-2.0/include -fdiagnostics-color=always -D_FILE_OFFSET_BITS=64 -Wall -Winvalid-pch -std=c11 -Wpointer-arith -Werror=missing-declarations -Wmissing-prototypes -Wstrict-prototypes -Wuninitialized -Werror=format-security -Werror=format=2 -Werror=implicit -Werror=init-self -Werror=main -Werror=missing-braces -Werror=return-type -Werror=array-bounds -Werror=write-strings -D_GNU_SOURCE -DG_LOG_USE_STRUCTURED '-DG_LOG_DOMAIN="libmodulemd"' -O2 -g -pipe -Wall -Werror=format-security -Wp,-D_FORTIFY_SOURCE=2 -Wp,-D_GLIBCXX_ASSERTIONS -fstack-protector-strong -grecord-gcc-switches -specs=/usr/lib/rpm/generic-hardened-cc1 -fasynchronous-unwind-tables -fstack-clash-protection -MD -MQ modulemd/buildopts.p/tests_test-modulemd-buildopts.c.o -MF modulemd/buildopts.p/tests_test-modulemd-buildopts.c.o.d -o modulemd/buildopts.p/tests_test-modulemd-buildopts.c.o -c ../modulemd/tests/test-modulemd-buildopts.c
[ 1932s] [7/85] /usr/bin/meson --internal exe --unpickle /home/abuild/rpmbuild/BUILD/modulemd-2.13.0/riscv64-openEuler-linux-gnu/meson-private/meson_exe_glib-mkenums_2bca6cd0d2adc65f4de39bd661bb4fee6ef221de.dat
[ 1932s] [8/85] /usr/bin/meson --internal exe --unpickle /home/abuild/rpmbuild/BUILD/modulemd-2.13.0/riscv64-openEuler-linux-gnu/meson-private/meson_exe_glib-mkenums_b79db812786d7129c38255759625803ec4c6ba97.dat
[ 1935s] [9/85] cc -Imodulemd/context.p -Imodulemd -I../modulemd -I../modulemd/include/modulemd-2.0 -I../modulemd/include -I/usr/include/glib-2.0 -I/usr/lib64/glib-2.0/include -fdiagnostics-color=always -D_FILE_OFFSET_BITS=64 -Wall -Winvalid-pch -std=c11 -Wpointer-arith -Werror=missing-declarations -Wmissing-prototypes -Wstrict-prototypes -Wuninitialized -Werror=format-security -Werror=format=2 -Werror=implicit -Werror=init-self -Werror=main -Werror=missing-braces -Werror=return-type -Werror=array-bounds -Werror=write-strings -D_GNU_SOURCE -DG_LOG_USE_STRUCTURED '-DG_LOG_DOMAIN="libmodulemd"' -O2 -g -pipe -Wall -Werror=format-security -Wp,-D_FORTIFY_SOURCE=2 -Wp,-D_GLIBCXX_ASSERTIONS -fstack-protector-strong -grecord-gcc-switches -specs=/usr/lib/rpm/generic-hardened-cc1 -fasynchronous-unwind-tables -fstack-clash-protection -MD -MQ modulemd/context.p/tests_test-modulemd-context.c.o -MF modulemd/context.p/tests_test-modulemd-context.c.o.d -o modulemd/context.p/tests_test-modulemd-context.c.o -c ../modulemd/tests/test-modulemd-context.c
[ 1935s] [10/85] /usr/bin/meson --internal symbolextractor /home/abuild/rpmbuild/BUILD/modulemd-2.13.0/riscv64-openEuler-linux-gnu modulemd/libmodulemd_tests.so modulemd/libmodulemd_tests.so modulemd/libmodulemd_tests.so.p/libmodulemd_tests.so.symbols 
[ 1935s] [11/85] cc -Imodulemd/compression.p -Imodulemd -I../modulemd -I../modulemd/include/modulemd-2.0 -I../modulemd/include -I/usr/include/glib-2.0 -I/usr/lib64/glib-2.0/include -fdiagnostics-color=always -D_FILE_OFFSET_BITS=64 -Wall -Winvalid-pch -std=c11 -Wpointer-arith -Werror=missing-declarations -Wmissing-prototypes -Wstrict-prototypes -Wuninitialized -Werror=format-security -Werror=format=2 -Werror=implicit -Werror=init-self -Werror=main -Werror=missing-braces -Werror=return-type -Werror=array-bounds -Werror=write-strings -D_GNU_SOURCE -DG_LOG_USE_STRUCTURED '-DG_LOG_DOMAIN="libmodulemd"' -O2 -g -pipe -Wall -Werror=format-security -Wp,-D_FORTIFY_SOURCE=2 -Wp,-D_GLIBCXX_ASSERTIONS -fstack-protector-strong -grecord-gcc-switches -specs=/usr/lib/rpm/generic-hardened-cc1 -fasynchronous-unwind-tables -fstack-clash-protection -MD -MQ modulemd/compression.p/tests_test-modulemd-compression.c.o -MF modulemd/compression.p/tests_test-modulemd-compression.c.o.d -o modulemd/compression.p/tests_test-modulemd-compression.c.o -c ../modulemd/tests/test-modulemd-compression.c
[ 1935s] [12/85] cc -Imodulemd/buildconfig.p -Imodulemd -I../modulemd -I../modulemd/include/modulemd-2.0 -I../modulemd/include -I/usr/include/glib-2.0 -I/usr/lib64/glib-2.0/include -fdiagnostics-color=always -D_FILE_OFFSET_BITS=64 -Wall -Winvalid-pch -std=c11 -Wpointer-arith -Werror=missing-declarations -Wmissing-prototypes -Wstrict-prototypes -Wuninitialized -Werror=format-security -Werror=format=2 -Werror=implicit -Werror=init-self -Werror=main -Werror=missing-braces -Werror=return-type -Werror=array-bounds -Werror=write-strings -D_GNU_SOURCE -DG_LOG_USE_STRUCTURED '-DG_LOG_DOMAIN="libmodulemd"' -O2 -g -pipe -Wall -Werror=format-security -Wp,-D_FORTIFY_SOURCE=2 -Wp,-D_GLIBCXX_ASSERTIONS -fstack-protector-strong -grecord-gcc-switches -specs=/usr/lib/rpm/generic-hardened-cc1 -fasynchronous-unwind-tables -fstack-clash-protection -MD -MQ modulemd/buildconfig.p/tests_test-modulemd-build-config.c.o -MF modulemd/buildconfig.p/tests_test-modulemd-build-config.c.o.d -o modulemd/buildconfig.p/tests_test-modulemd-build-config.c.o -c ../modulemd/tests/test-modulemd-build-config.c
[ 1940s] [13/85] cc -Imodulemd/libmodulemd.so.2.13.0.p -Imodulemd -I../modulemd -I../modulemd/include/modulemd-2.0 -I../modulemd/include -I/usr/include/glib-2.0 -I/usr/lib64/glib-2.0/include -fdiagnostics-color=always -D_FILE_OFFSET_BITS=64 -Wall -Winvalid-pch -std=c11 -Wpointer-arith -Werror=missing-declarations -Wmissing-prototypes -Wstrict-prototypes -Wuninitialized -Werror=format-security -Werror=format=2 -Werror=implicit -Werror=init-self -Werror=main -Werror=missing-braces -Werror=return-type -Werror=array-bounds -Werror=write-strings -D_GNU_SOURCE -DG_LOG_USE_STRUCTURED '-DG_LOG_DOMAIN="libmodulemd"' -O2 -g -pipe -Wall -Werror=format-security -Wp,-D_FORTIFY_SOURCE=2 -Wp,-D_GLIBCXX_ASSERTIONS -fstack-protector-strong -grecord-gcc-switches -specs=/usr/lib/rpm/generic-hardened-cc1 -fasynchronous-unwind-tables -fstack-clash-protection -fPIC -MD -MQ modulemd/libmodulemd.so.2.13.0.p/meson-generated_.._modulemd-enums.c.o -MF modulemd/libmodulemd.so.2.13.0.p/meson-generated_.._modulemd-enums.c.o.d -o modulemd/libmodulemd.so.2.13.0.p/meson-generated_.._modulemd-enums.c.o -c modulemd/modulemd-enums.c
[ 1940s] [14/85] cc -Imodulemd/component_rpm.p -Imodulemd -I../modulemd -I../modulemd/include/modulemd-2.0 -I../modulemd/include -I/usr/include/glib-2.0 -I/usr/lib64/glib-2.0/include -fdiagnostics-color=always -D_FILE_OFFSET_BITS=64 -Wall -Winvalid-pch -std=c11 -Wpointer-arith -Werror=missing-declarations -Wmissing-prototypes -Wstrict-prototypes -Wuninitialized -Werror=format-security -Werror=format=2 -Werror=implicit -Werror=init-self -Werror=main -Werror=missing-braces -Werror=return-type -Werror=array-bounds -Werror=write-strings -D_GNU_SOURCE -DG_LOG_USE_STRUCTURED '-DG_LOG_DOMAIN="libmodulemd"' -O2 -g -pipe -Wall -Werror=format-security -Wp,-D_FORTIFY_SOURCE=2 -Wp,-D_GLIBCXX_ASSERTIONS -fstack-protector-strong -grecord-gcc-switches -specs=/usr/lib/rpm/generic-hardened-cc1 -fasynchronous-unwind-tables -fstack-clash-protection -MD -MQ modulemd/component_rpm.p/tests_test-modulemd-component-rpm.c.o -MF modulemd/component_rpm.p/tests_test-modulemd-component-rpm.c.o.d -o modulemd/component_rpm.p/tests_test-modulemd-component-rpm.c.o -c ../modulemd/tests/test-modulemd-component-rpm.c
[ 1941s] [15/85] cc -Imodulemd/defaults.p -Imodulemd -I../modulemd -I../modulemd/include/modulemd-2.0 -I../modulemd/include -I/usr/include/glib-2.0 -I/usr/lib64/glib-2.0/include -fdiagnostics-color=always -D_FILE_OFFSET_BITS=64 -Wall -Winvalid-pch -std=c11 -Wpointer-arith -Werror=missing-declarations -Wmissing-prototypes -Wstrict-prototypes -Wuninitialized -Werror=format-security -Werror=format=2 -Werror=implicit -Werror=init-self -Werror=main -Werror=missing-braces -Werror=return-type -Werror=array-bounds -Werror=write-strings -D_GNU_SOURCE -DG_LOG_USE_STRUCTURED '-DG_LOG_DOMAIN="libmodulemd"' -O2 -g -pipe -Wall -Werror=format-security -Wp,-D_FORTIFY_SOURCE=2 -Wp,-D_GLIBCXX_ASSERTIONS -fstack-protector-strong -grecord-gcc-switches -specs=/usr/lib/rpm/generic-hardened-cc1 -fasynchronous-unwind-tables -fstack-clash-protection -MD -MQ modulemd/defaults.p/tests_test-modulemd-defaults.c.o -MF modulemd/defaults.p/tests_test-modulemd-defaults.c.o.d -o modulemd/defaults.p/tests_test-modulemd-defaults.c.o -c ../modulemd/tests/test-modulemd-defaults.c
[ 1945s] [16/85] cc -Imodulemd/libmodulemd.so.2.13.0.p -Imodulemd -I../modulemd -I../modulemd/include/modulemd-2.0 -I../modulemd/include -I/usr/include/glib-2.0 -I/usr/lib64/glib-2.0/include -fdiagnostics-color=always -D_FILE_OFFSET_BITS=64 -Wall -Winvalid-pch -std=c11 -Wpointer-arith -Werror=missing-declarations -Wmissing-prototypes -Wstrict-prototypes -Wuninitialized -Werror=format-security -Werror=format=2 -Werror=implicit -Werror=init-self -Werror=main -Werror=missing-braces -Werror=return-type -Werror=array-bounds -Werror=write-strings -D_GNU_SOURCE -DG_LOG_USE_STRUCTURED '-DG_LOG_DOMAIN="libmodulemd"' -O2 -g -pipe -Wall -Werror=format-security -Wp,-D_FORTIFY_SOURCE=2 -Wp,-D_GLIBCXX_ASSERTIONS -fstack-protector-strong -grecord-gcc-switches -specs=/usr/lib/rpm/generic-hardened-cc1 -fasynchronous-unwind-tables -fstack-clash-protection -fPIC -MD -MQ modulemd/libmodulemd.so.2.13.0.p/modulemd.c.o -MF modulemd/libmodulemd.so.2.13.0.p/modulemd.c.o.d -o modulemd/libmodulemd.so.2.13.0.p/modulemd.c.o -c ../modulemd/modulemd.c
[ 1948s] [17/85] cc -Imodulemd/libmodulemd.so.2.13.0.p -Imodulemd -I../modulemd -I../modulemd/include/modulemd-2.0 -I../modulemd/include -I/usr/include/glib-2.0 -I/usr/lib64/glib-2.0/include -fdiagnostics-color=always -D_FILE_OFFSET_BITS=64 -Wall -Winvalid-pch -std=c11 -Wpointer-arith -Werror=missing-declarations -Wmissing-prototypes -Wstrict-prototypes -Wuninitialized -Werror=format-security -Werror=format=2 -Werror=implicit -Werror=init-self -Werror=main -Werror=missing-braces -Werror=return-type -Werror=array-bounds -Werror=write-strings -D_GNU_SOURCE -DG_LOG_USE_STRUCTURED '-DG_LOG_DOMAIN="libmodulemd"' -O2 -g -pipe -Wall -Werror=format-security -Wp,-D_FORTIFY_SOURCE=2 -Wp,-D_GLIBCXX_ASSERTIONS -fstack-protector-strong -grecord-gcc-switches -specs=/usr/lib/rpm/generic-hardened-cc1 -fasynchronous-unwind-tables -fstack-clash-protection -fPIC -MD -MQ modulemd/libmodulemd.so.2.13.0.p/modulemd-buildopts.c.o -MF modulemd/libmodulemd.so.2.13.0.p/modulemd-buildopts.c.o.d -o modulemd/libmodulemd.so.2.13.0.p/modulemd-buildopts.c.o -c ../modulemd/modulemd-buildopts.c
[ 1948s] [18/85] cc -Imodulemd/libmodulemd.so.2.13.0.p -Imodulemd -I../modulemd -I../modulemd/include/modulemd-2.0 -I../modulemd/include -I/usr/include/glib-2.0 -I/usr/lib64/glib-2.0/include -fdiagnostics-color=always -D_FILE_OFFSET_BITS=64 -Wall -Winvalid-pch -std=c11 -Wpointer-arith -Werror=missing-declarations -Wmissing-prototypes -Wstrict-prototypes -Wuninitialized -Werror=format-security -Werror=format=2 -Werror=implicit -Werror=init-self -Werror=main -Werror=missing-braces -Werror=return-type -Werror=array-bounds -Werror=write-strings -D_GNU_SOURCE -DG_LOG_USE_STRUCTURED '-DG_LOG_DOMAIN="libmodulemd"' -O2 -g -pipe -Wall -Werror=format-security -Wp,-D_FORTIFY_SOURCE=2 -Wp,-D_GLIBCXX_ASSERTIONS -fstack-protector-strong -grecord-gcc-switches -specs=/usr/lib/rpm/generic-hardened-cc1 -fasynchronous-unwind-tables -fstack-clash-protection -fPIC -MD -MQ modulemd/libmodulemd.so.2.13.0.p/modulemd-compression.c.o -MF modulemd/libmodulemd.so.2.13.0.p/modulemd-compression.c.o.d -o modulemd/libmodulemd.so.2.13.0.p/modulemd-compression.c.o -c ../modulemd/modulemd-compression.c
[ 1948s] [19/85] cc -Imodulemd/libmodulemd.so.2.13.0.p -Imodulemd -I../modulemd -I../modulemd/include/modulemd-2.0 -I../modulemd/include -I/usr/include/glib-2.0 -I/usr/lib64/glib-2.0/include -fdiagnostics-color=always -D_FILE_OFFSET_BITS=64 -Wall -Winvalid-pch -std=c11 -Wpointer-arith -Werror=missing-declarations -Wmissing-prototypes -Wstrict-prototypes -Wuninitialized -Werror=format-security -Werror=format=2 -Werror=implicit -Werror=init-self -Werror=main -Werror=missing-braces -Werror=return-type -Werror=array-bounds -Werror=write-strings -D_GNU_SOURCE -DG_LOG_USE_STRUCTURED '-DG_LOG_DOMAIN="libmodulemd"' -O2 -g -pipe -Wall -Werror=format-security -Wp,-D_FORTIFY_SOURCE=2 -Wp,-D_GLIBCXX_ASSERTIONS -fstack-protector-strong -grecord-gcc-switches -specs=/usr/lib/rpm/generic-hardened-cc1 -fasynchronous-unwind-tables -fstack-clash-protection -fPIC -MD -MQ modulemd/libmodulemd.so.2.13.0.p/modulemd-component.c.o -MF modulemd/libmodulemd.so.2.13.0.p/modulemd-component.c.o.d -o modulemd/libmodulemd.so.2.13.0.p/modulemd-component.c.o -c ../modulemd/modulemd-component.c
[ 1949s] [20/85] cc -Imodulemd/libmodulemd.so.2.13.0.p -Imodulemd -I../modulemd -I../modulemd/include/modulemd-2.0 -I../modulemd/include -I/usr/include/glib-2.0 -I/usr/lib64/glib-2.0/include -fdiagnostics-color=always -D_FILE_OFFSET_BITS=64 -Wall -Winvalid-pch -std=c11 -Wpointer-arith -Werror=missing-declarations -Wmissing-prototypes -Wstrict-prototypes -Wuninitialized -Werror=format-security -Werror=format=2 -Werror=implicit -Werror=init-self -Werror=main -Werror=missing-braces -Werror=return-type -Werror=array-bounds -Werror=write-strings -D_GNU_SOURCE -DG_LOG_USE_STRUCTURED '-DG_LOG_DOMAIN="libmodulemd"' -O2 -g -pipe -Wall -Werror=format-security -Wp,-D_FORTIFY_SOURCE=2 -Wp,-D_GLIBCXX_ASSERTIONS -fstack-protector-strong -grecord-gcc-switches -specs=/usr/lib/rpm/generic-hardened-cc1 -fasynchronous-unwind-tables -fstack-clash-protection -fPIC -MD -MQ modulemd/libmodulemd.so.2.13.0.p/modulemd-build-config.c.o -MF modulemd/libmodulemd.so.2.13.0.p/modulemd-build-config.c.o.d -o modulemd/libmodulemd.so.2.13.0.p/modulemd-build-config.c.o -c ../modulemd/modulemd-build-config.c
[ 1949s] [21/85] cc -Imodulemd/defaultsv1.p -Imodulemd -I../modulemd -I../modulemd/include/modulemd-2.0 -I../modulemd/include -I/usr/include/glib-2.0 -I/usr/lib64/glib-2.0/include -fdiagnostics-color=always -D_FILE_OFFSET_BITS=64 -Wall -Winvalid-pch -std=c11 -Wpointer-arith -Werror=missing-declarations -Wmissing-prototypes -Wstrict-prototypes -Wuninitialized -Werror=format-security -Werror=format=2 -Werror=implicit -Werror=init-self -Werror=main -Werror=missing-braces -Werror=return-type -Werror=array-bounds -Werror=write-strings -D_GNU_SOURCE -DG_LOG_USE_STRUCTURED '-DG_LOG_DOMAIN="libmodulemd"' -O2 -g -pipe -Wall -Werror=format-security -Wp,-D_FORTIFY_SOURCE=2 -Wp,-D_GLIBCXX_ASSERTIONS -fstack-protector-strong -grecord-gcc-switches -specs=/usr/lib/rpm/generic-hardened-cc1 -fasynchronous-unwind-tables -fstack-clash-protection -MD -MQ modulemd/defaultsv1.p/tests_test-modulemd-defaults-v1.c.o -MF modulemd/defaultsv1.p/tests_test-modulemd-defaults-v1.c.o.d -o modulemd/defaultsv1.p/tests_test-modulemd-defaults-v1.c.o -c ../modulemd/tests/test-modulemd-defaults-v1.c
[ 1951s] [22/85] cc -Imodulemd/libmodulemd.so.2.13.0.p -Imodulemd -I../modulemd -I../modulemd/include/modulemd-2.0 -I../modulemd/include -I/usr/include/glib-2.0 -I/usr/lib64/glib-2.0/include -fdiagnostics-color=always -D_FILE_OFFSET_BITS=64 -Wall -Winvalid-pch -std=c11 -Wpointer-arith -Werror=missing-declarations -Wmissing-prototypes -Wstrict-prototypes -Wuninitialized -Werror=format-security -Werror=format=2 -Werror=implicit -Werror=init-self -Werror=main -Werror=missing-braces -Werror=return-type -Werror=array-bounds -Werror=write-strings -D_GNU_SOURCE -DG_LOG_USE_STRUCTURED '-DG_LOG_DOMAIN="libmodulemd"' -O2 -g -pipe -Wall -Werror=format-security -Wp,-D_FORTIFY_SOURCE=2 -Wp,-D_GLIBCXX_ASSERTIONS -fstack-protector-strong -grecord-gcc-switches -specs=/usr/lib/rpm/generic-hardened-cc1 -fasynchronous-unwind-tables -fstack-clash-protection -fPIC -MD -MQ modulemd/libmodulemd.so.2.13.0.p/modulemd-component-module.c.o -MF modulemd/libmodulemd.so.2.13.0.p/modulemd-component-module.c.o.d -o modulemd/libmodulemd.so.2.13.0.p/modulemd-component-module.c.o -c ../modulemd/modulemd-component-module.c
[ 1954s] [23/85] cc -Imodulemd/libmodulemd.so.2.13.0.p -Imodulemd -I../modulemd -I../modulemd/include/modulemd-2.0 -I../modulemd/include -I/usr/include/glib-2.0 -I/usr/lib64/glib-2.0/include -fdiagnostics-color=always -D_FILE_OFFSET_BITS=64 -Wall -Winvalid-pch -std=c11 -Wpointer-arith -Werror=missing-declarations -Wmissing-prototypes -Wstrict-prototypes -Wuninitialized -Werror=format-security -Werror=format=2 -Werror=implicit -Werror=init-self -Werror=main -Werror=missing-braces -Werror=return-type -Werror=array-bounds -Werror=write-strings -D_GNU_SOURCE -DG_LOG_USE_STRUCTURED '-DG_LOG_DOMAIN="libmodulemd"' -O2 -g -pipe -Wall -Werror=format-security -Wp,-D_FORTIFY_SOURCE=2 -Wp,-D_GLIBCXX_ASSERTIONS -fstack-protector-strong -grecord-gcc-switches -specs=/usr/lib/rpm/generic-hardened-cc1 -fasynchronous-unwind-tables -fstack-clash-protection -fPIC -MD -MQ modulemd/libmodulemd.so.2.13.0.p/modulemd-component-rpm.c.o -MF modulemd/libmodulemd.so.2.13.0.p/modulemd-component-rpm.c.o.d -o modulemd/libmodulemd.so.2.13.0.p/modulemd-component-rpm.c.o -c ../modulemd/modulemd-component-rpm.c
[ 1955s] [24/85] cc -Imodulemd/libmodulemd.so.2.13.0.p -Imodulemd -I../modulemd -I../modulemd/include/modulemd-2.0 -I../modulemd/include -I/usr/include/glib-2.0 -I/usr/lib64/glib-2.0/include -fdiagnostics-color=always -D_FILE_OFFSET_BITS=64 -Wall -Winvalid-pch -std=c11 -Wpointer-arith -Werror=missing-declarations -Wmissing-prototypes -Wstrict-prototypes -Wuninitialized -Werror=format-security -Werror=format=2 -Werror=implicit -Werror=init-self -Werror=main -Werror=missing-braces -Werror=return-type -Werror=array-bounds -Werror=write-strings -D_GNU_SOURCE -DG_LOG_USE_STRUCTURED '-DG_LOG_DOMAIN="libmodulemd"' -O2 -g -pipe -Wall -Werror=format-security -Wp,-D_FORTIFY_SOURCE=2 -Wp,-D_GLIBCXX_ASSERTIONS -fstack-protector-strong -grecord-gcc-switches -specs=/usr/lib/rpm/generic-hardened-cc1 -fasynchronous-unwind-tables -fstack-clash-protection -fPIC -MD -MQ modulemd/libmodulemd.so.2.13.0.p/modulemd-defaults.c.o -MF modulemd/libmodulemd.so.2.13.0.p/modulemd-defaults.c.o.d -o modulemd/libmodulemd.so.2.13.0.p/modulemd-defaults.c.o -c ../modulemd/modulemd-defaults.c
[ 1958s] [25/85] cc -Imodulemd/libmodulemd.so.2.13.0.p -Imodulemd -I../modulemd -I../modulemd/include/modulemd-2.0 -I../modulemd/include -I/usr/include/glib-2.0 -I/usr/lib64/glib-2.0/include -fdiagnostics-color=always -D_FILE_OFFSET_BITS=64 -Wall -Winvalid-pch -std=c11 -Wpointer-arith -Werror=missing-declarations -Wmissing-prototypes -Wstrict-prototypes -Wuninitialized -Werror=format-security -Werror=format=2 -Werror=implicit -Werror=init-self -Werror=main -Werror=missing-braces -Werror=return-type -Werror=array-bounds -Werror=write-strings -D_GNU_SOURCE -DG_LOG_USE_STRUCTURED '-DG_LOG_DOMAIN="libmodulemd"' -O2 -g -pipe -Wall -Werror=format-security -Wp,-D_FORTIFY_SOURCE=2 -Wp,-D_GLIBCXX_ASSERTIONS -fstack-protector-strong -grecord-gcc-switches -specs=/usr/lib/rpm/generic-hardened-cc1 -fasynchronous-unwind-tables -fstack-clash-protection -fPIC -MD -MQ modulemd/libmodulemd.so.2.13.0.p/modulemd-dependencies.c.o -MF modulemd/libmodulemd.so.2.13.0.p/modulemd-dependencies.c.o.d -o modulemd/libmodulemd.so.2.13.0.p/modulemd-dependencies.c.o -c ../modulemd/modulemd-dependencies.c
[ 1958s] [26/85] cc -Imodulemd/libmodulemd.so.2.13.0.p -Imodulemd -I../modulemd -I../modulemd/include/modulemd-2.0 -I../modulemd/include -I/usr/include/glib-2.0 -I/usr/lib64/glib-2.0/include -fdiagnostics-color=always -D_FILE_OFFSET_BITS=64 -Wall -Winvalid-pch -std=c11 -Wpointer-arith -Werror=missing-declarations -Wmissing-prototypes -Wstrict-prototypes -Wuninitialized -Werror=format-security -Werror=format=2 -Werror=implicit -Werror=init-self -Werror=main -Werror=missing-braces -Werror=return-type -Werror=array-bounds -Werror=write-strings -D_GNU_SOURCE -DG_LOG_USE_STRUCTURED '-DG_LOG_DOMAIN="libmodulemd"' -O2 -g -pipe -Wall -Werror=format-security -Wp,-D_FORTIFY_SOURCE=2 -Wp,-D_GLIBCXX_ASSERTIONS -fstack-protector-strong -grecord-gcc-switches -specs=/usr/lib/rpm/generic-hardened-cc1 -fasynchronous-unwind-tables -fstack-clash-protection -fPIC -MD -MQ modulemd/libmodulemd.so.2.13.0.p/modulemd-module-index-merger.c.o -MF modulemd/libmodulemd.so.2.13.0.p/modulemd-module-index-merger.c.o.d -o modulemd/libmodulemd.so.2.13.0.p/modulemd-module-index-merger.c.o -c ../modulemd/modulemd-module-index-merger.c
[ 1961s] [27/85] cc -Imodulemd/libmodulemd.so.2.13.0.p -Imodulemd -I../modulemd -I../modulemd/include/modulemd-2.0 -I../modulemd/include -I/usr/include/glib-2.0 -I/usr/lib64/glib-2.0/include -fdiagnostics-color=always -D_FILE_OFFSET_BITS=64 -Wall -Winvalid-pch -std=c11 -Wpointer-arith -Werror=missing-declarations -Wmissing-prototypes -Wstrict-prototypes -Wuninitialized -Werror=format-security -Werror=format=2 -Werror=implicit -Werror=init-self -Werror=main -Werror=missing-braces -Werror=return-type -Werror=array-bounds -Werror=write-strings -D_GNU_SOURCE -DG_LOG_USE_STRUCTURED '-DG_LOG_DOMAIN="libmodulemd"' -O2 -g -pipe -Wall -Werror=format-security -Wp,-D_FORTIFY_SOURCE=2 -Wp,-D_GLIBCXX_ASSERTIONS -fstack-protector-strong -grecord-gcc-switches -specs=/usr/lib/rpm/generic-hardened-cc1 -fasynchronous-unwind-tables -fstack-clash-protection -fPIC -MD -MQ modulemd/libmodulemd.so.2.13.0.p/modulemd-module.c.o -MF modulemd/libmodulemd.so.2.13.0.p/modulemd-module.c.o.d -o modulemd/libmodulemd.so.2.13.0.p/modulemd-module.c.o -c ../modulemd/modulemd-module.c
[ 1964s] [28/85] cc -Imodulemd/libmodulemd.so.2.13.0.p -Imodulemd -I../modulemd -I../modulemd/include/modulemd-2.0 -I../modulemd/include -I/usr/include/glib-2.0 -I/usr/lib64/glib-2.0/include -fdiagnostics-color=always -D_FILE_OFFSET_BITS=64 -Wall -Winvalid-pch -std=c11 -Wpointer-arith -Werror=missing-declarations -Wmissing-prototypes -Wstrict-prototypes -Wuninitialized -Werror=format-security -Werror=format=2 -Werror=implicit -Werror=init-self -Werror=main -Werror=missing-braces -Werror=return-type -Werror=array-bounds -Werror=write-strings -D_GNU_SOURCE -DG_LOG_USE_STRUCTURED '-DG_LOG_DOMAIN="libmodulemd"' -O2 -g -pipe -Wall -Werror=format-security -Wp,-D_FORTIFY_SOURCE=2 -Wp,-D_GLIBCXX_ASSERTIONS -fstack-protector-strong -grecord-gcc-switches -specs=/usr/lib/rpm/generic-hardened-cc1 -fasynchronous-unwind-tables -fstack-clash-protection -fPIC -MD -MQ modulemd/libmodulemd.so.2.13.0.p/modulemd-defaults-v1.c.o -MF modulemd/libmodulemd.so.2.13.0.p/modulemd-defaults-v1.c.o.d -o modulemd/libmodulemd.so.2.13.0.p/modulemd-defaults-v1.c.o -c ../modulemd/modulemd-defaults-v1.c
[ 1966s] [29/85] cc -Imodulemd/libmodulemd.so.2.13.0.p -Imodulemd -I../modulemd -I../modulemd/include/modulemd-2.0 -I../modulemd/include -I/usr/include/glib-2.0 -I/usr/lib64/glib-2.0/include -fdiagnostics-color=always -D_FILE_OFFSET_BITS=64 -Wall -Winvalid-pch -std=c11 -Wpointer-arith -Werror=missing-declarations -Wmissing-prototypes -Wstrict-prototypes -Wuninitialized -Werror=format-security -Werror=format=2 -Werror=implicit -Werror=init-self -Werror=main -Werror=missing-braces -Werror=return-type -Werror=array-bounds -Werror=write-strings -D_GNU_SOURCE -DG_LOG_USE_STRUCTURED '-DG_LOG_DOMAIN="libmodulemd"' -O2 -g -pipe -Wall -Werror=format-security -Wp,-D_FORTIFY_SOURCE=2 -Wp,-D_GLIBCXX_ASSERTIONS -fstack-protector-strong -grecord-gcc-switches -specs=/usr/lib/rpm/generic-hardened-cc1 -fasynchronous-unwind-tables -fstack-clash-protection -fPIC -MD -MQ modulemd/libmodulemd.so.2.13.0.p/modulemd-module-index.c.o -MF modulemd/libmodulemd.so.2.13.0.p/modulemd-module-index.c.o.d -o modulemd/libmodulemd.so.2.13.0.p/modulemd-module-index.c.o -c ../modulemd/modulemd-module-index.c
[ 1970s] [30/85] cc -Imodulemd/libmodulemd.so.2.13.0.p -Imodulemd -I../modulemd -I../modulemd/include/modulemd-2.0 -I../modulemd/include -I/usr/include/glib-2.0 -I/usr/lib64/glib-2.0/include -fdiagnostics-color=always -D_FILE_OFFSET_BITS=64 -Wall -Winvalid-pch -std=c11 -Wpointer-arith -Werror=missing-declarations -Wmissing-prototypes -Wstrict-prototypes -Wuninitialized -Werror=format-security -Werror=format=2 -Werror=implicit -Werror=init-self -Werror=main -Werror=missing-braces -Werror=return-type -Werror=array-bounds -Werror=write-strings -D_GNU_SOURCE -DG_LOG_USE_STRUCTURED '-DG_LOG_DOMAIN="libmodulemd"' -O2 -g -pipe -Wall -Werror=format-security -Wp,-D_FORTIFY_SOURCE=2 -Wp,-D_GLIBCXX_ASSERTIONS -fstack-protector-strong -grecord-gcc-switches -specs=/usr/lib/rpm/generic-hardened-cc1 -fasynchronous-unwind-tables -fstack-clash-protection -fPIC -MD -MQ modulemd/libmodulemd.so.2.13.0.p/modulemd-module-stream.c.o -MF modulemd/libmodulemd.so.2.13.0.p/modulemd-module-stream.c.o.d -o modulemd/libmodulemd.so.2.13.0.p/modulemd-module-stream.c.o -c ../modulemd/modulemd-module-stream.c
[ 1970s] [31/85] cc -Imodulemd/libmodulemd.so.2.13.0.p -Imodulemd -I../modulemd -I../modulemd/include/modulemd-2.0 -I../modulemd/include -I/usr/include/glib-2.0 -I/usr/lib64/glib-2.0/include -fdiagnostics-color=always -D_FILE_OFFSET_BITS=64 -Wall -Winvalid-pch -std=c11 -Wpointer-arith -Werror=missing-declarations -Wmissing-prototypes -Wstrict-prototypes -Wuninitialized -Werror=format-security -Werror=format=2 -Werror=implicit -Werror=init-self -Werror=main -Werror=missing-braces -Werror=return-type -Werror=array-bounds -Werror=write-strings -D_GNU_SOURCE -DG_LOG_USE_STRUCTURED '-DG_LOG_DOMAIN="libmodulemd"' -O2 -g -pipe -Wall -Werror=format-security -Wp,-D_FORTIFY_SOURCE=2 -Wp,-D_GLIBCXX_ASSERTIONS -fstack-protector-strong -grecord-gcc-switches -specs=/usr/lib/rpm/generic-hardened-cc1 -fasynchronous-unwind-tables -fstack-clash-protection -fPIC -MD -MQ modulemd/libmodulemd.so.2.13.0.p/modulemd-profile.c.o -MF modulemd/libmodulemd.so.2.13.0.p/modulemd-profile.c.o.d -o modulemd/libmodulemd.so.2.13.0.p/modulemd-profile.c.o -c ../modulemd/modulemd-profile.c
[ 1974s] [32/85] cc -Imodulemd/libmodulemd.so.2.13.0.p -Imodulemd -I../modulemd -I../modulemd/include/modulemd-2.0 -I../modulemd/include -I/usr/include/glib-2.0 -I/usr/lib64/glib-2.0/include -fdiagnostics-color=always -D_FILE_OFFSET_BITS=64 -Wall -Winvalid-pch -std=c11 -Wpointer-arith -Werror=missing-declarations -Wmissing-prototypes -Wstrict-prototypes -Wuninitialized -Werror=format-security -Werror=format=2 -Werror=implicit -Werror=init-self -Werror=main -Werror=missing-braces -Werror=return-type -Werror=array-bounds -Werror=write-strings -D_GNU_SOURCE -DG_LOG_USE_STRUCTURED '-DG_LOG_DOMAIN="libmodulemd"' -O2 -g -pipe -Wall -Werror=format-security -Wp,-D_FORTIFY_SOURCE=2 -Wp,-D_GLIBCXX_ASSERTIONS -fstack-protector-strong -grecord-gcc-switches -specs=/usr/lib/rpm/generic-hardened-cc1 -fasynchronous-unwind-tables -fstack-clash-protection -fPIC -MD -MQ modulemd/libmodulemd.so.2.13.0.p/modulemd-rpm-map-entry.c.o -MF modulemd/libmodulemd.so.2.13.0.p/modulemd-rpm-map-entry.c.o.d -o modulemd/libmodulemd.so.2.13.0.p/modulemd-rpm-map-entry.c.o -c ../modulemd/modulemd-rpm-map-entry.c
[ 1975s] [33/85] cc -Imodulemd/libmodulemd.so.2.13.0.p -Imodulemd -I../modulemd -I../modulemd/include/modulemd-2.0 -I../modulemd/include -I/usr/include/glib-2.0 -I/usr/lib64/glib-2.0/include -fdiagnostics-color=always -D_FILE_OFFSET_BITS=64 -Wall -Winvalid-pch -std=c11 -Wpointer-arith -Werror=missing-declarations -Wmissing-prototypes -Wstrict-prototypes -Wuninitialized -Werror=format-security -Werror=format=2 -Werror=implicit -Werror=init-self -Werror=main -Werror=missing-braces -Werror=return-type -Werror=array-bounds -Werror=write-strings -D_GNU_SOURCE -DG_LOG_USE_STRUCTURED '-DG_LOG_DOMAIN="libmodulemd"' -O2 -g -pipe -Wall -Werror=format-security -Wp,-D_FORTIFY_SOURCE=2 -Wp,-D_GLIBCXX_ASSERTIONS -fstack-protector-strong -grecord-gcc-switches -specs=/usr/lib/rpm/generic-hardened-cc1 -fasynchronous-unwind-tables -fstack-clash-protection -fPIC -MD -MQ modulemd/libmodulemd.so.2.13.0.p/modulemd-subdocument-info.c.o -MF modulemd/libmodulemd.so.2.13.0.p/modulemd-subdocument-info.c.o.d -o modulemd/libmodulemd.so.2.13.0.p/modulemd-subdocument-info.c.o -c ../modulemd/modulemd-subdocument-info.c
[ 1977s] [34/85] cc -Imodulemd/libmodulemd.so.2.13.0.p -Imodulemd -I../modulemd -I../modulemd/include/modulemd-2.0 -I../modulemd/include -I/usr/include/glib-2.0 -I/usr/lib64/glib-2.0/include -fdiagnostics-color=always -D_FILE_OFFSET_BITS=64 -Wall -Winvalid-pch -std=c11 -Wpointer-arith -Werror=missing-declarations -Wmissing-prototypes -Wstrict-prototypes -Wuninitialized -Werror=format-security -Werror=format=2 -Werror=implicit -Werror=init-self -Werror=main -Werror=missing-braces -Werror=return-type -Werror=array-bounds -Werror=write-strings -D_GNU_SOURCE -DG_LOG_USE_STRUCTURED '-DG_LOG_DOMAIN="libmodulemd"' -O2 -g -pipe -Wall -Werror=format-security -Wp,-D_FORTIFY_SOURCE=2 -Wp,-D_GLIBCXX_ASSERTIONS -fstack-protector-strong -grecord-gcc-switches -specs=/usr/lib/rpm/generic-hardened-cc1 -fasynchronous-unwind-tables -fstack-clash-protection -fPIC -MD -MQ modulemd/libmodulemd.so.2.13.0.p/modulemd-service-level.c.o -MF modulemd/libmodulemd.so.2.13.0.p/modulemd-service-level.c.o.d -o modulemd/libmodulemd.so.2.13.0.p/modulemd-service-level.c.o -c ../modulemd/modulemd-service-level.c
[ 1981s] [35/85] cc -Imodulemd/libmodulemd.so.2.13.0.p -Imodulemd -I../modulemd -I../modulemd/include/modulemd-2.0 -I../modulemd/include -I/usr/include/glib-2.0 -I/usr/lib64/glib-2.0/include -fdiagnostics-color=always -D_FILE_OFFSET_BITS=64 -Wall -Winvalid-pch -std=c11 -Wpointer-arith -Werror=missing-declarations -Wmissing-prototypes -Wstrict-prototypes -Wuninitialized -Werror=format-security -Werror=format=2 -Werror=implicit -Werror=init-self -Werror=main -Werror=missing-braces -Werror=return-type -Werror=array-bounds -Werror=write-strings -D_GNU_SOURCE -DG_LOG_USE_STRUCTURED '-DG_LOG_DOMAIN="libmodulemd"' -O2 -g -pipe -Wall -Werror=format-security -Wp,-D_FORTIFY_SOURCE=2 -Wp,-D_GLIBCXX_ASSERTIONS -fstack-protector-strong -grecord-gcc-switches -specs=/usr/lib/rpm/generic-hardened-cc1 -fasynchronous-unwind-tables -fstack-clash-protection -fPIC -MD -MQ modulemd/libmodulemd.so.2.13.0.p/modulemd-translation-entry.c.o -MF modulemd/libmodulemd.so.2.13.0.p/modulemd-translation-entry.c.o.d -o modulemd/libmodulemd.so.2.13.0.p/modulemd-translation-entry.c.o -c ../modulemd/modulemd-translation-entry.c
[ 1983s] [36/85] cc -Imodulemd/libmodulemd.so.2.13.0.p -Imodulemd -I../modulemd -I../modulemd/include/modulemd-2.0 -I../modulemd/include -I/usr/include/glib-2.0 -I/usr/lib64/glib-2.0/include -fdiagnostics-color=always -D_FILE_OFFSET_BITS=64 -Wall -Winvalid-pch -std=c11 -Wpointer-arith -Werror=missing-declarations -Wmissing-prototypes -Wstrict-prototypes -Wuninitialized -Werror=format-security -Werror=format=2 -Werror=implicit -Werror=init-self -Werror=main -Werror=missing-braces -Werror=return-type -Werror=array-bounds -Werror=write-strings -D_GNU_SOURCE -DG_LOG_USE_STRUCTURED '-DG_LOG_DOMAIN="libmodulemd"' -O2 -g -pipe -Wall -Werror=format-security -Wp,-D_FORTIFY_SOURCE=2 -Wp,-D_GLIBCXX_ASSERTIONS -fstack-protector-strong -grecord-gcc-switches -specs=/usr/lib/rpm/generic-hardened-cc1 -fasynchronous-unwind-tables -fstack-clash-protection -fPIC -MD -MQ modulemd/libmodulemd.so.2.13.0.p/modulemd-translation.c.o -MF modulemd/libmodulemd.so.2.13.0.p/modulemd-translation.c.o.d -o modulemd/libmodulemd.so.2.13.0.p/modulemd-translation.c.o -c ../modulemd/modulemd-translation.c
[ 1984s] [37/85] cc -Imodulemd/libmodulemd.so.2.13.0.p -Imodulemd -I../modulemd -I../modulemd/include/modulemd-2.0 -I../modulemd/include -I/usr/include/glib-2.0 -I/usr/lib64/glib-2.0/include -fdiagnostics-color=always -D_FILE_OFFSET_BITS=64 -Wall -Winvalid-pch -std=c11 -Wpointer-arith -Werror=missing-declarations -Wmissing-prototypes -Wstrict-prototypes -Wuninitialized -Werror=format-security -Werror=format=2 -Werror=implicit -Werror=init-self -Werror=main -Werror=missing-braces -Werror=return-type -Werror=array-bounds -Werror=write-strings -D_GNU_SOURCE -DG_LOG_USE_STRUCTURED '-DG_LOG_DOMAIN="libmodulemd"' -O2 -g -pipe -Wall -Werror=format-security -Wp,-D_FORTIFY_SOURCE=2 -Wp,-D_GLIBCXX_ASSERTIONS -fstack-protector-strong -grecord-gcc-switches -specs=/usr/lib/rpm/generic-hardened-cc1 -fasynchronous-unwind-tables -fstack-clash-protection -fPIC -MD -MQ modulemd/libmodulemd.so.2.13.0.p/modulemd-util.c.o -MF modulemd/libmodulemd.so.2.13.0.p/modulemd-util.c.o.d -o modulemd/libmodulemd.so.2.13.0.p/modulemd-util.c.o -c ../modulemd/modulemd-util.c
[ 1984s] [38/85] cc -Imodulemd/libmodulemd.so.2.13.0.p -Imodulemd -I../modulemd -I../modulemd/include/modulemd-2.0 -I../modulemd/include -I/usr/include/glib-2.0 -I/usr/lib64/glib-2.0/include -fdiagnostics-color=always -D_FILE_OFFSET_BITS=64 -Wall -Winvalid-pch -std=c11 -Wpointer-arith -Werror=missing-declarations -Wmissing-prototypes -Wstrict-prototypes -Wuninitialized -Werror=format-security -Werror=format=2 -Werror=implicit -Werror=init-self -Werror=main -Werror=missing-braces -Werror=return-type -Werror=array-bounds -Werror=write-strings -D_GNU_SOURCE -DG_LOG_USE_STRUCTURED '-DG_LOG_DOMAIN="libmodulemd"' -O2 -g -pipe -Wall -Werror=format-security -Wp,-D_FORTIFY_SOURCE=2 -Wp,-D_GLIBCXX_ASSERTIONS -fstack-protector-strong -grecord-gcc-switches -specs=/usr/lib/rpm/generic-hardened-cc1 -fasynchronous-unwind-tables -fstack-clash-protection -fPIC -MD -MQ modulemd/libmodulemd.so.2.13.0.p/modulemd-packager-v3.c.o -MF modulemd/libmodulemd.so.2.13.0.p/modulemd-packager-v3.c.o.d -o modulemd/libmodulemd.so.2.13.0.p/modulemd-packager-v3.c.o -c ../modulemd/modulemd-packager-v3.c
[ 1986s] [39/85] cc -Imodulemd/libmodulemd.so.2.13.0.p -Imodulemd -I../modulemd -I../modulemd/include/modulemd-2.0 -I../modulemd/include -I/usr/include/glib-2.0 -I/usr/lib64/glib-2.0/include -fdiagnostics-color=always -D_FILE_OFFSET_BITS=64 -Wall -Winvalid-pch -std=c11 -Wpointer-arith -Werror=missing-declarations -Wmissing-prototypes -Wstrict-prototypes -Wuninitialized -Werror=format-security -Werror=format=2 -Werror=implicit -Werror=init-self -Werror=main -Werror=missing-braces -Werror=return-type -Werror=array-bounds -Werror=write-strings -D_GNU_SOURCE -DG_LOG_USE_STRUCTURED '-DG_LOG_DOMAIN="libmodulemd"' -O2 -g -pipe -Wall -Werror=format-security -Wp,-D_FORTIFY_SOURCE=2 -Wp,-D_GLIBCXX_ASSERTIONS -fstack-protector-strong -grecord-gcc-switches -specs=/usr/lib/rpm/generic-hardened-cc1 -fasynchronous-unwind-tables -fstack-clash-protection -fPIC -MD -MQ modulemd/libmodulemd.so.2.13.0.p/modulemd-module-stream-v1.c.o -MF modulemd/libmodulemd.so.2.13.0.p/modulemd-module-stream-v1.c.o.d -o modulemd/libmodulemd.so.2.13.0.p/modulemd-module-stream-v1.c.o -c ../modulemd/modulemd-module-stream-v1.c
[ 1991s] [40/85] cc -Imodulemd/libmodulemd.so.2.13.0.p -Imodulemd -I../modulemd -I../modulemd/include/modulemd-2.0 -I../modulemd/include -I/usr/include/glib-2.0 -I/usr/lib64/glib-2.0/include -fdiagnostics-color=always -D_FILE_OFFSET_BITS=64 -Wall -Winvalid-pch -std=c11 -Wpointer-arith -Werror=missing-declarations -Wmissing-prototypes -Wstrict-prototypes -Wuninitialized -Werror=format-security -Werror=format=2 -Werror=implicit -Werror=init-self -Werror=main -Werror=missing-braces -Werror=return-type -Werror=array-bounds -Werror=write-strings -D_GNU_SOURCE -DG_LOG_USE_STRUCTURED '-DG_LOG_DOMAIN="libmodulemd"' -O2 -g -pipe -Wall -Werror=format-security -Wp,-D_FORTIFY_SOURCE=2 -Wp,-D_GLIBCXX_ASSERTIONS -fstack-protector-strong -grecord-gcc-switches -specs=/usr/lib/rpm/generic-hardened-cc1 -fasynchronous-unwind-tables -fstack-clash-protection -fPIC -MD -MQ modulemd/libmodulemd.so.2.13.0.p/modulemd-obsoletes.c.o -MF modulemd/libmodulemd.so.2.13.0.p/modulemd-obsoletes.c.o.d -o modulemd/libmodulemd.so.2.13.0.p/modulemd-obsoletes.c.o -c ../modulemd/modulemd-obsoletes.c
[ 1992s] [41/85] cc -Imodulemd/libmodulemd.so.2.13.0.p -Imodulemd -I../modulemd -I../modulemd/include/modulemd-2.0 -I../modulemd/include -I/usr/include/glib-2.0 -I/usr/lib64/glib-2.0/include -fdiagnostics-color=always -D_FILE_OFFSET_BITS=64 -Wall -Winvalid-pch -std=c11 -Wpointer-arith -Werror=missing-declarations -Wmissing-prototypes -Wstrict-prototypes -Wuninitialized -Werror=format-security -Werror=format=2 -Werror=implicit -Werror=init-self -Werror=main -Werror=missing-braces -Werror=return-type -Werror=array-bounds -Werror=write-strings -D_GNU_SOURCE -DG_LOG_USE_STRUCTURED '-DG_LOG_DOMAIN="libmodulemd"' -O2 -g -pipe -Wall -Werror=format-security -Wp,-D_FORTIFY_SOURCE=2 -Wp,-D_GLIBCXX_ASSERTIONS -fstack-protector-strong -grecord-gcc-switches -specs=/usr/lib/rpm/generic-hardened-cc1 -fasynchronous-unwind-tables -fstack-clash-protection -fPIC -MD -MQ modulemd/libmodulemd.so.2.13.0.p/modulemd-module-stream-v2.c.o -MF modulemd/libmodulemd.so.2.13.0.p/modulemd-module-stream-v2.c.o.d -o modulemd/libmodulemd.so.2.13.0.p/modulemd-module-stream-v2.c.o -c ../modulemd/modulemd-module-stream-v2.c
[ 1995s] [42/85] cc -Imodulemd/dependencies.p -Imodulemd -I../modulemd -I../modulemd/include/modulemd-2.0 -I../modulemd/include -I/usr/include/glib-2.0 -I/usr/lib64/glib-2.0/include -fdiagnostics-color=always -D_FILE_OFFSET_BITS=64 -Wall -Winvalid-pch -std=c11 -Wpointer-arith -Werror=missing-declarations -Wmissing-prototypes -Wstrict-prototypes -Wuninitialized -Werror=format-security -Werror=format=2 -Werror=implicit -Werror=init-self -Werror=main -Werror=missing-braces -Werror=return-type -Werror=array-bounds -Werror=write-strings -D_GNU_SOURCE -DG_LOG_USE_STRUCTURED '-DG_LOG_DOMAIN="libmodulemd"' -O2 -g -pipe -Wall -Werror=format-security -Wp,-D_FORTIFY_SOURCE=2 -Wp,-D_GLIBCXX_ASSERTIONS -fstack-protector-strong -grecord-gcc-switches -specs=/usr/lib/rpm/generic-hardened-cc1 -fasynchronous-unwind-tables -fstack-clash-protection -MD -MQ modulemd/dependencies.p/tests_test-modulemd-dependencies.c.o -MF modulemd/dependencies.p/tests_test-modulemd-dependencies.c.o.d -o modulemd/dependencies.p/tests_test-modulemd-dependencies.c.o -c ../modulemd/tests/test-modulemd-dependencies.c
[ 1995s] [43/85] cc -Imodulemd/libmodulemd.so.2.13.0.p -Imodulemd -I../modulemd -I../modulemd/include/modulemd-2.0 -I../modulemd/include -I/usr/include/glib-2.0 -I/usr/lib64/glib-2.0/include -fdiagnostics-color=always -D_FILE_OFFSET_BITS=64 -Wall -Winvalid-pch -std=c11 -Wpointer-arith -Werror=missing-declarations -Wmissing-prototypes -Wstrict-prototypes -Wuninitialized -Werror=format-security -Werror=format=2 -Werror=implicit -Werror=init-self -Werror=main -Werror=missing-braces -Werror=return-type -Werror=array-bounds -Werror=write-strings -D_GNU_SOURCE -DG_LOG_USE_STRUCTURED '-DG_LOG_DOMAIN="libmodulemd"' -O2 -g -pipe -Wall -Werror=format-security -Wp,-D_FORTIFY_SOURCE=2 -Wp,-D_GLIBCXX_ASSERTIONS -fstack-protector-strong -grecord-gcc-switches -specs=/usr/lib/rpm/generic-hardened-cc1 -fasynchronous-unwind-tables -fstack-clash-protection -fPIC -MD -MQ modulemd/libmodulemd.so.2.13.0.p/modulemd-yaml-util.c.o -MF modulemd/libmodulemd.so.2.13.0.p/modulemd-yaml-util.c.o.d -o modulemd/libmodulemd.so.2.13.0.p/modulemd-yaml-util.c.o -c ../modulemd/modulemd-yaml-util.c
[ 1999s] [44/85] cc -Imodulemd/module.p -Imodulemd -I../modulemd -I../modulemd/include/modulemd-2.0 -I../modulemd/include -I/usr/include/glib-2.0 -I/usr/lib64/glib-2.0/include -fdiagnostics-color=always -D_FILE_OFFSET_BITS=64 -Wall -Winvalid-pch -std=c11 -Wpointer-arith -Werror=missing-declarations -Wmissing-prototypes -Wstrict-prototypes -Wuninitialized -Werror=format-security -Werror=format=2 -Werror=implicit -Werror=init-self -Werror=main -Werror=missing-braces -Werror=return-type -Werror=array-bounds -Werror=write-strings -D_GNU_SOURCE -DG_LOG_USE_STRUCTURED '-DG_LOG_DOMAIN="libmodulemd"' -O2 -g -pipe -Wall -Werror=format-security -Wp,-D_FORTIFY_SOURCE=2 -Wp,-D_GLIBCXX_ASSERTIONS -fstack-protector-strong -grecord-gcc-switches -specs=/usr/lib/rpm/generic-hardened-cc1 -fasynchronous-unwind-tables -fstack-clash-protection -MD -MQ modulemd/module.p/tests_test-modulemd-module.c.o -MF modulemd/module.p/tests_test-modulemd-module.c.o.d -o modulemd/module.p/tests_test-modulemd-module.c.o -c ../modulemd/tests/test-modulemd-module.c
[ 2001s] [45/85] cc -Imodulemd/module_index_merger.p -Imodulemd -I../modulemd -I../modulemd/include/modulemd-2.0 -I../modulemd/include -I/usr/include/glib-2.0 -I/usr/lib64/glib-2.0/include -fdiagnostics-color=always -D_FILE_OFFSET_BITS=64 -Wall -Winvalid-pch -std=c11 -Wpointer-arith -Werror=missing-declarations -Wmissing-prototypes -Wstrict-prototypes -Wuninitialized -Werror=format-security -Werror=format=2 -Werror=implicit -Werror=init-self -Werror=main -Werror=missing-braces -Werror=return-type -Werror=array-bounds -Werror=write-strings -D_GNU_SOURCE -DG_LOG_USE_STRUCTURED '-DG_LOG_DOMAIN="libmodulemd"' -O2 -g -pipe -Wall -Werror=format-security -Wp,-D_FORTIFY_SOURCE=2 -Wp,-D_GLIBCXX_ASSERTIONS -fstack-protector-strong -grecord-gcc-switches -specs=/usr/lib/rpm/generic-hardened-cc1 -fasynchronous-unwind-tables -fstack-clash-protection -MD -MQ modulemd/module_index_merger.p/tests_test-modulemd-merger.c.o -MF modulemd/module_index_merger.p/tests_test-modulemd-merger.c.o.d -o modulemd/module_index_merger.p/tests_test-modulemd-merger.c.o -c ../modulemd/tests/test-modulemd-merger.c
[ 2002s] [46/85] cc -Imodulemd/parse_int64.p -Imodulemd -I../modulemd -I../modulemd/include/modulemd-2.0 -I../modulemd/include -I/usr/include/glib-2.0 -I/usr/lib64/glib-2.0/include -fdiagnostics-color=always -D_FILE_OFFSET_BITS=64 -Wall -Winvalid-pch -std=c11 -Wpointer-arith -Werror=missing-declarations -Wmissing-prototypes -Wstrict-prototypes -Wuninitialized -Werror=format-security -Werror=format=2 -Werror=implicit -Werror=init-self -Werror=main -Werror=missing-braces -Werror=return-type -Werror=array-bounds -Werror=write-strings -D_GNU_SOURCE -DG_LOG_USE_STRUCTURED '-DG_LOG_DOMAIN="libmodulemd"' -O2 -g -pipe -Wall -Werror=format-security -Wp,-D_FORTIFY_SOURCE=2 -Wp,-D_GLIBCXX_ASSERTIONS -fstack-protector-strong -grecord-gcc-switches -specs=/usr/lib/rpm/generic-hardened-cc1 -fasynchronous-unwind-tables -fstack-clash-protection -MD -MQ modulemd/parse_int64.p/tests_test-modulemd-parse_int64.c.o -MF modulemd/parse_int64.p/tests_test-modulemd-parse_int64.c.o.d -o modulemd/parse_int64.p/tests_test-modulemd-parse_int64.c.o -c ../modulemd/tests/test-modulemd-parse_int64.c
[ 2002s] [47/85] cc  -o modulemd/libmodulemd.so.2.13.0 modulemd/libmodulemd.so.2.13.0.p/meson-generated_.._modulemd-enums.c.o modulemd/libmodulemd.so.2.13.0.p/modulemd.c.o modulemd/libmodulemd.so.2.13.0.p/modulemd-build-config.c.o modulemd/libmodulemd.so.2.13.0.p/modulemd-buildopts.c.o modulemd/libmodulemd.so.2.13.0.p/modulemd-component.c.o modulemd/libmodulemd.so.2.13.0.p/modulemd-component-module.c.o modulemd/libmodulemd.so.2.13.0.p/modulemd-component-rpm.c.o modulemd/libmodulemd.so.2.13.0.p/modulemd-compression.c.o modulemd/libmodulemd.so.2.13.0.p/modulemd-defaults.c.o modulemd/libmodulemd.so.2.13.0.p/modulemd-defaults-v1.c.o modulemd/libmodulemd.so.2.13.0.p/modulemd-dependencies.c.o modulemd/libmodulemd.so.2.13.0.p/modulemd-module.c.o modulemd/libmodulemd.so.2.13.0.p/modulemd-module-index.c.o modulemd/libmodulemd.so.2.13.0.p/modulemd-module-index-merger.c.o modulemd/libmodulemd.so.2.13.0.p/modulemd-module-stream.c.o modulemd/libmodulemd.so.2.13.0.p/modulemd-module-stream-v1.c.o modulemd/libmodulemd.so.2.13.0.p/modulemd-module-stream-v2.c.o modulemd/libmodulemd.so.2.13.0.p/modulemd-packager-v3.c.o modulemd/libmodulemd.so.2.13.0.p/modulemd-profile.c.o modulemd/libmodulemd.so.2.13.0.p/modulemd-rpm-map-entry.c.o modulemd/libmodulemd.so.2.13.0.p/modulemd-service-level.c.o modulemd/libmodulemd.so.2.13.0.p/modulemd-subdocument-info.c.o modulemd/libmodulemd.so.2.13.0.p/modulemd-translation.c.o modulemd/libmodulemd.so.2.13.0.p/modulemd-translation-entry.c.o modulemd/libmodulemd.so.2.13.0.p/modulemd-util.c.o modulemd/libmodulemd.so.2.13.0.p/modulemd-yaml-util.c.o modulemd/libmodulemd.so.2.13.0.p/modulemd-obsoletes.c.o -Wl,--as-needed -Wl,--no-undefined -shared -fPIC -Wl,--start-group -Wl,-soname,libmodulemd.so.2 -Wl,-z,relro -Wl,-z,now -specs=/usr/lib/rpm/generic-hardened-ld -O2 -g -pipe -Wall -Werror=format-security -Wp,-D_FORTIFY_SOURCE=2 -Wp,-D_GLIBCXX_ASSERTIONS -fstack-protector-strong -grecord-gcc-switches -specs=/usr/lib/rpm/generic-hardened-cc1 -fasynchronous-unwind-tables -fstack-clash-protection /usr/lib64/libgobject-2.0.so /usr/lib64/libglib-2.0.so -lmagic /usr/lib64/librpm.so /usr/lib64/librpmio.so /usr/lib64/libyaml.so -Wl,--end-group
[ 2004s] [48/85] cc -Imodulemd/obsoletes.p -Imodulemd -I../modulemd -I../modulemd/include/modulemd-2.0 -I../modulemd/include -I/usr/include/glib-2.0 -I/usr/lib64/glib-2.0/include -fdiagnostics-color=always -D_FILE_OFFSET_BITS=64 -Wall -Winvalid-pch -std=c11 -Wpointer-arith -Werror=missing-declarations -Wmissing-prototypes -Wstrict-prototypes -Wuninitialized -Werror=format-security -Werror=format=2 -Werror=implicit -Werror=init-self -Werror=main -Werror=missing-braces -Werror=return-type -Werror=array-bounds -Werror=write-strings -D_GNU_SOURCE -DG_LOG_USE_STRUCTURED '-DG_LOG_DOMAIN="libmodulemd"' -O2 -g -pipe -Wall -Werror=format-security -Wp,-D_FORTIFY_SOURCE=2 -Wp,-D_GLIBCXX_ASSERTIONS -fstack-protector-strong -grecord-gcc-switches -specs=/usr/lib/rpm/generic-hardened-cc1 -fasynchronous-unwind-tables -fstack-clash-protection -MD -MQ modulemd/obsoletes.p/tests_test-modulemd-obsoletes.c.o -MF modulemd/obsoletes.p/tests_test-modulemd-obsoletes.c.o.d -o modulemd/obsoletes.p/tests_test-modulemd-obsoletes.c.o -c ../modulemd/tests/test-modulemd-obsoletes.c
[ 2008s] [49/85] cc -Imodulemd/packagerv3.p -Imodulemd -I../modulemd -I../modulemd/include/modulemd-2.0 -I../modulemd/include -I/usr/include/glib-2.0 -I/usr/lib64/glib-2.0/include -fdiagnostics-color=always -D_FILE_OFFSET_BITS=64 -Wall -Winvalid-pch -std=c11 -Wpointer-arith -Werror=missing-declarations -Wmissing-prototypes -Wstrict-prototypes -Wuninitialized -Werror=format-security -Werror=format=2 -Werror=implicit -Werror=init-self -Werror=main -Werror=missing-braces -Werror=return-type -Werror=array-bounds -Werror=write-strings -D_GNU_SOURCE -DG_LOG_USE_STRUCTURED '-DG_LOG_DOMAIN="libmodulemd"' -O2 -g -pipe -Wall -Werror=format-security -Wp,-D_FORTIFY_SOURCE=2 -Wp,-D_GLIBCXX_ASSERTIONS -fstack-protector-strong -grecord-gcc-switches -specs=/usr/lib/rpm/generic-hardened-cc1 -fasynchronous-unwind-tables -fstack-clash-protection -MD -MQ modulemd/packagerv3.p/tests_test-modulemd-packager-v3.c.o -MF modulemd/packagerv3.p/tests_test-modulemd-packager-v3.c.o.d -o modulemd/packagerv3.p/tests_test-modulemd-packager-v3.c.o -c ../modulemd/tests/test-modulemd-packager-v3.c
[ 2009s] [50/85] cc -Imodulemd/module_index.p -Imodulemd -I../modulemd -I../modulemd/include/modulemd-2.0 -I../modulemd/include -I/usr/include/glib-2.0 -I/usr/lib64/glib-2.0/include -fdiagnostics-color=always -D_FILE_OFFSET_BITS=64 -Wall -Winvalid-pch -std=c11 -Wpointer-arith -Werror=missing-declarations -Wmissing-prototypes -Wstrict-prototypes -Wuninitialized -Werror=format-security -Werror=format=2 -Werror=implicit -Werror=init-self -Werror=main -Werror=missing-braces -Werror=return-type -Werror=array-bounds -Werror=write-strings -D_GNU_SOURCE -DG_LOG_USE_STRUCTURED '-DG_LOG_DOMAIN="libmodulemd"' -O2 -g -pipe -Wall -Werror=format-security -Wp,-D_FORTIFY_SOURCE=2 -Wp,-D_GLIBCXX_ASSERTIONS -fstack-protector-strong -grecord-gcc-switches -specs=/usr/lib/rpm/generic-hardened-cc1 -fasynchronous-unwind-tables -fstack-clash-protection -MD -MQ modulemd/module_index.p/tests_test-modulemd-moduleindex.c.o -MF modulemd/module_index.p/tests_test-modulemd-moduleindex.c.o.d -o modulemd/module_index.p/tests_test-modulemd-moduleindex.c.o -c ../modulemd/tests/test-modulemd-moduleindex.c
[ 2009s] [51/85] /usr/bin/g-ir-scanner --no-libtool --namespace=Modulemd --nsversion=2.0 --warn-all --output modulemd/Modulemd-2.0.gir --accept-unprefixed -I/home/abuild/rpmbuild/BUILD/modulemd-2.13.0/modulemd -I/home/abuild/rpmbuild/BUILD/modulemd-2.13.0/riscv64-openEuler-linux-gnu/modulemd -I/home/abuild/rpmbuild/BUILD/modulemd-2.13.0/riscv64-openEuler-linux-gnu/modulemd/include/modulemd-2.0 -I/home/abuild/rpmbuild/BUILD/modulemd-2.13.0/modulemd/include/modulemd-2.0 -I/home/abuild/rpmbuild/BUILD/modulemd-2.13.0/riscv64-openEuler-linux-gnu/modulemd/include -I/home/abuild/rpmbuild/BUILD/modulemd-2.13.0/modulemd/include --filelist=/home/abuild/rpmbuild/BUILD/modulemd-2.13.0/riscv64-openEuler-linux-gnu/modulemd/libmodulemd.so.2.13.0.p/Modulemd_2.0_gir_filelist --include=GObject-2.0 --symbol-prefix=modulemd_ --identifier-prefix=Modulemd --cflags-begin -Wpointer-arith -Werror=missing-declarations -Wmissing-prototypes -Wstrict-prototypes -Wuninitialized -Werror=format-security -Werror=format=2 -Werror=implicit -Werror=init-self -Werror=main -Werror=missing-braces -Werror=return-type -Werror=array-bounds -Werror=write-strings -D_GNU_SOURCE -DG_LOG_USE_STRUCTURED '-DG_LOG_DOMAIN="libmodulemd"' -I/home/abuild/rpmbuild/BUILD/modulemd-2.13.0/riscv64-openEuler-linux-gnu/modulemd/include/modulemd-2.0 -I/home/abuild/rpmbuild/BUILD/modulemd-2.13.0/modulemd/include/modulemd-2.0 -I/home/abuild/rpmbuild/BUILD/modulemd-2.13.0/riscv64-openEuler-linux-gnu/modulemd/include -I/home/abuild/rpmbuild/BUILD/modulemd-2.13.0/modulemd/include -I/usr/include/glib-2.0 -I/usr/lib64/glib-2.0/include -I/usr/include/gobject-introspection-1.0 --cflags-end --add-include-path=/usr/share/gir-1.0 -L/home/abuild/rpmbuild/BUILD/modulemd-2.13.0/riscv64-openEuler-linux-gnu/modulemd --library modulemd -lgobject-2.0 -lglib-2.0 -lmagic -lrpm -lrpmio -lyaml -lgirepository-1.0 --warn-error
[ 2009s] FAILED: modulemd/Modulemd-2.0.gir 
[ 2009s] /usr/bin/g-ir-scanner --no-libtool --namespace=Modulemd --nsversion=2.0 --warn-all --output modulemd/Modulemd-2.0.gir --accept-unprefixed -I/home/abuild/rpmbuild/BUILD/modulemd-2.13.0/modulemd -I/home/abuild/rpmbuild/BUILD/modulemd-2.13.0/riscv64-openEuler-linux-gnu/modulemd -I/home/abuild/rpmbuild/BUILD/modulemd-2.13.0/riscv64-openEuler-linux-gnu/modulemd/include/modulemd-2.0 -I/home/abuild/rpmbuild/BUILD/modulemd-2.13.0/modulemd/include/modulemd-2.0 -I/home/abuild/rpmbuild/BUILD/modulemd-2.13.0/riscv64-openEuler-linux-gnu/modulemd/include -I/home/abuild/rpmbuild/BUILD/modulemd-2.13.0/modulemd/include --filelist=/home/abuild/rpmbuild/BUILD/modulemd-2.13.0/riscv64-openEuler-linux-gnu/modulemd/libmodulemd.so.2.13.0.p/Modulemd_2.0_gir_filelist --include=GObject-2.0 --symbol-prefix=modulemd_ --identifier-prefix=Modulemd --cflags-begin -Wpointer-arith -Werror=missing-declarations -Wmissing-prototypes -Wstrict-prototypes -Wuninitialized -Werror=format-security -Werror=format=2 -Werror=implicit -Werror=init-self -Werror=main -Werror=missing-braces -Werror=return-type -Werror=array-bounds -Werror=write-strings -D_GNU_SOURCE -DG_LOG_USE_STRUCTURED '-DG_LOG_DOMAIN="libmodulemd"' -I/home/abuild/rpmbuild/BUILD/modulemd-2.13.0/riscv64-openEuler-linux-gnu/modulemd/include/modulemd-2.0 -I/home/abuild/rpmbuild/BUILD/modulemd-2.13.0/modulemd/include/modulemd-2.0 -I/home/abuild/rpmbuild/BUILD/modulemd-2.13.0/riscv64-openEuler-linux-gnu/modulemd/include -I/home/abuild/rpmbuild/BUILD/modulemd-2.13.0/modulemd/include -I/usr/include/glib-2.0 -I/usr/lib64/glib-2.0/include -I/usr/include/gobject-introspection-1.0 --cflags-end --add-include-path=/usr/share/gir-1.0 -L/home/abuild/rpmbuild/BUILD/modulemd-2.13.0/riscv64-openEuler-linux-gnu/modulemd --library modulemd -lgobject-2.0 -lglib-2.0 -lmagic -lrpm -lrpmio -lyaml -lgirepository-1.0 --warn-error
[ 2009s] Traceback (most recent call last):
[ 2009s]   File "/usr/bin/g-ir-scanner", line 98, in <module>
[ 2009s]     from giscanner.scannermain import scanner_main
[ 2009s]   File "/usr/lib64/gobject-introspection/giscanner/scannermain.py", line 35, in <module>
[ 2009s]     from giscanner.ast import Include, Namespace
[ 2009s]   File "/usr/lib64/gobject-introspection/giscanner/ast.py", line 29, in <module>
[ 2009s]     from .sourcescanner import CTYPE_TYPEDEF, CSYMBOL_TYPE_TYPEDEF
[ 2009s]   File "/usr/lib64/gobject-introspection/giscanner/sourcescanner.py", line 35, in <module>
[ 2009s]     from giscanner._giscanner import SourceScanner as CSourceScanner
[ 2009s] ModuleNotFoundError: No module named 'giscanner._giscanner'
[ 2011s] [52/85] cc -Imodulemd/rpm_map.p -Imodulemd -I../modulemd -I../modulemd/include/modulemd-2.0 -I../modulemd/include -I/usr/include/glib-2.0 -I/usr/lib64/glib-2.0/include -fdiagnostics-color=always -D_FILE_OFFSET_BITS=64 -Wall -Winvalid-pch -std=c11 -Wpointer-arith -Werror=missing-declarations -Wmissing-prototypes -Wstrict-prototypes -Wuninitialized -Werror=format-security -Werror=format=2 -Werror=implicit -Werror=init-self -Werror=main -Werror=missing-braces -Werror=return-type -Werror=array-bounds -Werror=write-strings -D_GNU_SOURCE -DG_LOG_USE_STRUCTURED '-DG_LOG_DOMAIN="libmodulemd"' -O2 -g -pipe -Wall -Werror=format-security -Wp,-D_FORTIFY_SOURCE=2 -Wp,-D_GLIBCXX_ASSERTIONS -fstack-protector-strong -grecord-gcc-switches -specs=/usr/lib/rpm/generic-hardened-cc1 -fasynchronous-unwind-tables -fstack-clash-protection -MD -MQ modulemd/rpm_map.p/tests_test-modulemd-rpmmap.c.o -MF modulemd/rpm_map.p/tests_test-modulemd-rpmmap.c.o.d -o modulemd/rpm_map.p/tests_test-modulemd-rpmmap.c.o -c ../modulemd/tests/test-modulemd-rpmmap.c
[ 2012s] [53/85] cc -Imodulemd/service_level.p -Imodulemd -I../modulemd -I../modulemd/include/modulemd-2.0 -I../modulemd/include -I/usr/include/glib-2.0 -I/usr/lib64/glib-2.0/include -fdiagnostics-color=always -D_FILE_OFFSET_BITS=64 -Wall -Winvalid-pch -std=c11 -Wpointer-arith -Werror=missing-declarations -Wmissing-prototypes -Wstrict-prototypes -Wuninitialized -Werror=format-security -Werror=format=2 -Werror=implicit -Werror=init-self -Werror=main -Werror=missing-braces -Werror=return-type -Werror=array-bounds -Werror=write-strings -D_GNU_SOURCE -DG_LOG_USE_STRUCTURED '-DG_LOG_DOMAIN="libmodulemd"' -O2 -g -pipe -Wall -Werror=format-security -Wp,-D_FORTIFY_SOURCE=2 -Wp,-D_GLIBCXX_ASSERTIONS -fstack-protector-strong -grecord-gcc-switches -specs=/usr/lib/rpm/generic-hardened-cc1 -fasynchronous-unwind-tables -fstack-clash-protection -MD -MQ modulemd/service_level.p/tests_test-modulemd-service-level.c.o -MF modulemd/service_level.p/tests_test-modulemd-service-level.c.o.d -o modulemd/service_level.p/tests_test-modulemd-service-level.c.o -c ../modulemd/tests/test-modulemd-service-level.c
[ 2013s] [54/85] cc -Imodulemd/profile.p -Imodulemd -I../modulemd -I../modulemd/include/modulemd-2.0 -I../modulemd/include -I/usr/include/glib-2.0 -I/usr/lib64/glib-2.0/include -fdiagnostics-color=always -D_FILE_OFFSET_BITS=64 -Wall -Winvalid-pch -std=c11 -Wpointer-arith -Werror=missing-declarations -Wmissing-prototypes -Wstrict-prototypes -Wuninitialized -Werror=format-security -Werror=format=2 -Werror=implicit -Werror=init-self -Werror=main -Werror=missing-braces -Werror=return-type -Werror=array-bounds -Werror=write-strings -D_GNU_SOURCE -DG_LOG_USE_STRUCTURED '-DG_LOG_DOMAIN="libmodulemd"' -O2 -g -pipe -Wall -Werror=format-security -Wp,-D_FORTIFY_SOURCE=2 -Wp,-D_GLIBCXX_ASSERTIONS -fstack-protector-strong -grecord-gcc-switches -specs=/usr/lib/rpm/generic-hardened-cc1 -fasynchronous-unwind-tables -fstack-clash-protection -MD -MQ modulemd/profile.p/tests_test-modulemd-profile.c.o -MF modulemd/profile.p/tests_test-modulemd-profile.c.o.d -o modulemd/profile.p/tests_test-modulemd-profile.c.o -c ../modulemd/tests/test-modulemd-profile.c
[ 2013s] [55/85] /usr/bin/meson --internal symbolextractor /home/abuild/rpmbuild/BUILD/modulemd-2.13.0/riscv64-openEuler-linux-gnu modulemd/libmodulemd.so.2.13.0 modulemd/libmodulemd.so.2.13.0 modulemd/libmodulemd.so.2.13.0.p/libmodulemd.so.2.13.0.symbols 
[ 2017s] [56/85] cc -Imodulemd/translation.p -Imodulemd -I../modulemd -I../modulemd/include/modulemd-2.0 -I../modulemd/include -I/usr/include/glib-2.0 -I/usr/lib64/glib-2.0/include -fdiagnostics-color=always -D_FILE_OFFSET_BITS=64 -Wall -Winvalid-pch -std=c11 -Wpointer-arith -Werror=missing-declarations -Wmissing-prototypes -Wstrict-prototypes -Wuninitialized -Werror=format-security -Werror=format=2 -Werror=implicit -Werror=init-self -Werror=main -Werror=missing-braces -Werror=return-type -Werror=array-bounds -Werror=write-strings -D_GNU_SOURCE -DG_LOG_USE_STRUCTURED '-DG_LOG_DOMAIN="libmodulemd"' -O2 -g -pipe -Wall -Werror=format-security -Wp,-D_FORTIFY_SOURCE=2 -Wp,-D_GLIBCXX_ASSERTIONS -fstack-protector-strong -grecord-gcc-switches -specs=/usr/lib/rpm/generic-hardened-cc1 -fasynchronous-unwind-tables -fstack-clash-protection -MD -MQ modulemd/translation.p/tests_test-modulemd-translation.c.o -MF modulemd/translation.p/tests_test-modulemd-translation.c.o.d -o modulemd/translation.p/tests_test-modulemd-translation.c.o -c ../modulemd/tests/test-modulemd-translation.c
[ 2020s] [57/85] cc -Imodulemd/modulestream.p -Imodulemd -I../modulemd -I../modulemd/include/modulemd-2.0 -I../modulemd/include -I/usr/include/glib-2.0 -I/usr/lib64/glib-2.0/include -fdiagnostics-color=always -D_FILE_OFFSET_BITS=64 -Wall -Winvalid-pch -std=c11 -Wpointer-arith -Werror=missing-declarations -Wmissing-prototypes -Wstrict-prototypes -Wuninitialized -Werror=format-security -Werror=format=2 -Werror=implicit -Werror=init-self -Werror=main -Werror=missing-braces -Werror=return-type -Werror=array-bounds -Werror=write-strings -D_GNU_SOURCE -DG_LOG_USE_STRUCTURED '-DG_LOG_DOMAIN="libmodulemd"' -O2 -g -pipe -Wall -Werror=format-security -Wp,-D_FORTIFY_SOURCE=2 -Wp,-D_GLIBCXX_ASSERTIONS -fstack-protector-strong -grecord-gcc-switches -specs=/usr/lib/rpm/generic-hardened-cc1 -fasynchronous-unwind-tables -fstack-clash-protection -MD -MQ modulemd/modulestream.p/tests_test-modulemd-modulestream.c.o -MF modulemd/modulestream.p/tests_test-modulemd-modulestream.c.o.d -o modulemd/modulestream.p/tests_test-modulemd-modulestream.c.o -c ../modulemd/tests/test-modulemd-modulestream.c
[ 2020s] [58/85] cc -Imodulemd/translation_entry.p -Imodulemd -I../modulemd -I../modulemd/include/modulemd-2.0 -I../modulemd/include -I/usr/include/glib-2.0 -I/usr/lib64/glib-2.0/include -fdiagnostics-color=always -D_FILE_OFFSET_BITS=64 -Wall -Winvalid-pch -std=c11 -Wpointer-arith -Werror=missing-declarations -Wmissing-prototypes -Wstrict-prototypes -Wuninitialized -Werror=format-security -Werror=format=2 -Werror=implicit -Werror=init-self -Werror=main -Werror=missing-braces -Werror=return-type -Werror=array-bounds -Werror=write-strings -D_GNU_SOURCE -DG_LOG_USE_STRUCTURED '-DG_LOG_DOMAIN="libmodulemd"' -O2 -g -pipe -Wall -Werror=format-security -Wp,-D_FORTIFY_SOURCE=2 -Wp,-D_GLIBCXX_ASSERTIONS -fstack-protector-strong -grecord-gcc-switches -specs=/usr/lib/rpm/generic-hardened-cc1 -fasynchronous-unwind-tables -fstack-clash-protection -MD -MQ modulemd/translation_entry.p/tests_test-modulemd-translation-entry.c.o -MF modulemd/translation_entry.p/tests_test-modulemd-translation-entry.c.o.d -o modulemd/translation_entry.p/tests_test-modulemd-translation-entry.c.o -c ../modulemd/tests/test-modulemd-translation-entry.c
[ 2020s] ninja: build stopped: subcommand failed.
[ 2021s] error: Bad exit status from /var/tmp/rpm-tmp.mBlQB1 (%build)
[ 2021s] 
[ 2021s] 
[ 2021s] RPM build errors:
[ 2021s]     Bad exit status from /var/tmp/rpm-tmp.mBlQB1 (%build)
[ 2021s] 
[ 2021s] oe-RISCV-worker22 failed "build libmodulemd.spec" at Sat Apr 23 14:32:19 UTC 2022.
[ 2021s] 
