[    1s] Memory limit set to 10955196KB
[    1s] Using BUILD_ROOT=/var/cache/obs/worker/root_2
[    1s] Using BUILD_ARCH=riscv64
[    1s] 
[    6s] 
[    7s] oe-RISCV-worker24 started "build _service:extract_file:pyScss.spec" at Sun Apr 17 12:32:36 UTC 2022.
[    7s] 
[    7s] Building pyScss for project 'openEuler:Mainline:RISC-V' repository 'advanced_riscv64' arch 'riscv64' srcmd5 'd9355bd352bb49259377dd907d154a46'
[    7s] 
[    7s] processing recipe /var/cache/obs/worker/root_2/.build-srcdir/_service:extract_file:pyScss.spec ...
[   12s] running changelog2spec --target rpm --file /var/cache/obs/worker/root_2/.build-srcdir/_service:extract_file:pyScss.spec
[   14s] init_buildsystem --configdir /var/run/obs/worker/2/build/configs --cachedir /var/cache/build --clean --rpmlist /var/cache/obs/worker/root_2/.build.rpmlist /var/cache/obs/worker/root_2/.build-srcdir/_service:extract_file:pyScss.spec build ...
[  134s] cycle: bash -> coreutils
[  134s]   breaking dependency coreutils -> bash
[  134s] cycle: bash -> coreutils -> info
[  134s]   breaking dependency coreutils -> info
[  134s] cycle: glibc -> filesystem -> bash -> coreutils
[  134s]   breaking dependency filesystem -> bash
[  134s] cycle: glibc -> filesystem -> coreutils
[  134s]   breaking dependency coreutils -> glibc
[  134s] cycle: glibc -> filesystem -> coreutils -> libacl
[  134s]   breaking dependency coreutils -> libacl
[  134s] cycle: glibc -> filesystem -> coreutils -> attr
[  134s]   breaking dependency coreutils -> attr
[  134s] cycle: coreutils -> libcap -> bash
[  134s]   breaking dependency coreutils -> libcap
[  134s] cycle: glibc -> filesystem -> coreutils -> openssl-libs
[  134s]   breaking dependency coreutils -> openssl-libs
[  134s] cycle: glibc -> filesystem -> coreutils -> libselinux
[  134s]   breaking dependency libselinux -> glibc
[  134s] cycle: glibc -> filesystem -> coreutils -> libselinux -> pcre2
[  134s]   breaking dependency pcre2 -> glibc
[  134s] cycle: glibc -> filesystem -> coreutils -> libselinux -> pcre2 -> readline
[  134s]   breaking dependency readline -> glibc
[  134s] cycle: glibc -> filesystem -> coreutils -> libselinux -> pcre2 -> readline -> ncurses-libs
[  134s]   breaking dependency coreutils -> libselinux
[  134s] cycle: glibc -> filesystem -> coreutils -> ncurses
[  134s]   breaking dependency ncurses -> glibc
[  134s] cycle: glibc -> filesystem -> coreutils -> ncurses -> ncurses-libs
[  134s]   breaking dependency ncurses -> ncurses-libs
[  134s] cycle: filesystem -> coreutils -> ncurses -> libgcc
[  134s]   breaking dependency ncurses -> libgcc
[  134s] cycle: perl-Carp -> perl-libs
[  134s]   breaking dependency perl-libs -> perl-Carp
[  134s] cycle: perl-libs -> perl-Exporter
[  134s]   breaking dependency perl-libs -> perl-Exporter
[  134s] cycle: perl-Carp -> perl-Exporter
[  134s]   breaking dependency perl-Exporter -> perl-Carp
[  134s] cycle: nss-util -> nss
[  134s]   breaking dependency nss -> nss-util
[  134s] cycle: nss-softokn -> nss-util -> nss
[  134s]   breaking dependency nss -> nss-softokn
[  134s] cycle: systemd -> cryptsetup -> device-mapper
[  134s]   breaking dependency systemd -> cryptsetup
[  134s] cycle: audit -> systemd -> pam
[  134s]   breaking dependency systemd -> pam
[  135s] [1/84] preinstalling dbus...
[  137s] [2/84] preinstalling libffi-devel...
[  139s] [3/84] preinstalling nodejs-source-map...
[  141s] [4/84] preinstalling python3-pip...
[  150s] [5/84] preinstalling python3-setuptools_scm...
[  151s] [6/84] preinstalling ncurses...
[  163s] [7/84] preinstalling coreutils...
[  174s] [8/84] preinstalling filesystem...
[  181s] [9/84] preinstalling glibc...
[  191s] [10/84] preinstalling libgcc...
[  193s] [11/84] preinstalling diffutils...
[  196s] [12/84] preinstalling libcap-ng...
[  198s] [13/84] preinstalling libgpg-error...
[  200s] [14/84] preinstalling libpcap...
[  204s] [15/84] preinstalling libsmartcols...
[  206s] [16/84] preinstalling libuuid...
[  208s] [17/84] preinstalling libxcrypt...
[  210s] [18/84] preinstalling lz4...
[  213s] [19/84] preinstalling m4...
[  215s] [20/84] preinstalling ncurses-libs...
[  218s] [21/84] preinstalling nspr...
[  220s] [22/84] preinstalling xz-libs...
[  222s] [23/84] preinstalling zlib...
[  224s] [24/84] preinstalling attr...
[  227s] [25/84] preinstalling libdb...
[  236s] [26/84] preinstalling zstd...
[  241s] [27/84] preinstalling audit-libs...
[  243s] [28/84] preinstalling file...
[  245s] [29/84] preinstalling iptables-libs...
[  247s] [30/84] preinstalling libacl...
[  251s] [31/84] preinstalling libgcrypt...
[  254s] [32/84] preinstalling openssl-libs...
[  257s] [33/84] preinstalling readline...
[  259s] [34/84] preinstalling bash...
[  263s] [35/84] preinstalling cmake...
[  283s] [36/84] preinstalling perl-libs...
[  289s] [37/84] preinstalling dnf...
[  291s] [38/84] preinstalling pcre2...
[  293s] [39/84] preinstalling perl-Exporter...
[  295s] [40/84] preinstalling bzip2...
[  296s] [41/84] preinstalling elfutils...
[  298s] [42/84] preinstalling hostname...
[  299s] [43/84] preinstalling libcap...
[  301s] [44/84] preinstalling pcre...
[  303s] [45/84] preinstalling popt...
[  305s] [46/84] preinstalling acl...
[  307s] [47/84] preinstalling libblkid...
[  308s] [48/84] preinstalling openssl...
[  310s] [49/84] preinstalling sqlite...
[  313s] [50/84] preinstalling tar...
[  315s] [51/84] preinstalling info...
[  316s] [52/84] preinstalling libgcrypt-devel...
[  318s] [53/84] preinstalling lua...
[  319s] [54/84] preinstalling libselinux...
[  320s] [55/84] preinstalling perl-Carp...
[  322s] [56/84] preinstalling copy-jdk-configs...
[  324s] [57/84] preinstalling libfdisk...
[  326s] [58/84] preinstalling perl-Digest-MD5...
[  327s] [59/84] preinstalling grep...
[  329s] [60/84] preinstalling rpm-libs...
[  331s] [61/84] preinstalling chkconfig...
[  333s] [62/84] preinstalling sed...
[  334s] [63/84] preinstalling libmount...
[  335s] [64/84] preinstalling libsemanage...
[  337s] [65/84] preinstalling perl-constant...
[  338s] [66/84] preinstalling findutils...
[  340s] [67/84] preinstalling xz...
[  341s] [68/84] preinstalling perl-Getopt-Long...
[  343s] [69/84] preinstalling glib2...
[  350s] [70/84] preinstalling nss...
[  352s] [71/84] preinstalling perl-Data-Dumper...
[  353s] [72/84] preinstalling systemd-libs...
[  356s] [73/84] preinstalling systemd...
[  363s] [74/84] preinstalling dbus-libs...
[  364s] [75/84] preinstalling nss-util...
[  366s] [76/84] preinstalling audit...
[  368s] [77/84] preinstalling nss-softokn...
[  371s] [78/84] preinstalling pam...
[  373s] [79/84] preinstalling rpm...
[  376s] [80/84] preinstalling openEuler-rpm-config...
[  378s] [81/84] preinstalling util-linux...
[  384s] [82/84] preinstalling device-mapper...
[  386s] [83/84] preinstalling cryptsetup...
[  389s] [84/84] preinstalling lvm2...
[  393s] 
[  400s] initializing rpm db...
[  417s] reordering...cycle: coreutils -> bash
[  417s]   breaking dependency coreutils -> bash
[  417s] cycle: coreutils -> info
[  417s]   breaking dependency coreutils -> info
[  417s] cycle: glibc -> basesystem -> filesystem -> coreutils -> gmp
[  417s]   breaking dependency coreutils -> gmp
[  417s] cycle: glibc -> basesystem -> filesystem -> coreutils
[  417s]   breaking dependency coreutils -> glibc
[  417s] cycle: glibc -> basesystem -> filesystem -> coreutils -> libacl
[  417s]   breaking dependency coreutils -> libacl
[  417s] cycle: glibc -> basesystem -> filesystem -> coreutils -> attr
[  417s]   breaking dependency coreutils -> attr
[  417s] cycle: coreutils -> libcap
[  417s]   breaking dependency coreutils -> libcap
[  417s] cycle: glibc -> basesystem -> filesystem -> coreutils -> openssl-libs
[  417s]   breaking dependency openssl-libs -> glibc
[  417s] cycle: coreutils -> openssl-libs -> ca-certificates
[  417s]   breaking dependency ca-certificates -> coreutils
[  417s] cycle: coreutils -> openssl-libs -> ca-certificates -> bash
[  417s]   breaking dependency ca-certificates -> bash
[  417s] cycle: coreutils -> openssl-libs -> ca-certificates -> grep
[  417s]   breaking dependency grep -> coreutils
[  417s] cycle: coreutils -> openssl-libs -> ca-certificates -> grep -> bash
[  417s]   breaking dependency ca-certificates -> grep
[  417s] cycle: glibc -> basesystem -> filesystem -> coreutils -> openssl-libs -> ca-certificates -> p11-kit
[  417s]   breaking dependency p11-kit -> glibc
[  417s] cycle: glibc -> basesystem -> filesystem -> coreutils -> openssl-libs -> ca-certificates -> p11-kit -> libffi
[  417s]   breaking dependency openssl-libs -> ca-certificates
[  417s] cycle: coreutils -> openssl-libs -> crypto-policies -> bash
[  417s]   breaking dependency crypto-policies -> bash
[  417s] cycle: coreutils -> openssl-libs -> crypto-policies
[  417s]   breaking dependency crypto-policies -> coreutils
[  417s] cycle: coreutils -> openssl-libs -> crypto-policies -> grep -> bash
[  417s]   breaking dependency bash -> coreutils
[  417s] cycle: filesystem -> coreutils -> openssl-libs -> crypto-policies -> grep -> bash
[  417s]   breaking dependency grep -> bash
[  417s] cycle: glibc -> basesystem -> filesystem -> coreutils -> openssl-libs -> crypto-policies -> grep
[  417s]   breaking dependency glibc -> basesystem
[  417s] cycle: glibc -> glibc-common -> bash -> filesystem -> coreutils -> openssl-libs -> crypto-policies -> grep
[  417s]   breaking dependency glibc-common -> bash
[  417s] cycle: glibc -> glibc-common -> coreutils -> openssl-libs -> crypto-policies -> grep
[  417s]   breaking dependency glibc-common -> coreutils
[  417s] cycle: glibc -> glibc-common
[  417s]   breaking dependency glibc-common -> glibc
[  417s] cycle: glibc -> glibc-common -> libselinux
[  417s]   breaking dependency libselinux -> glibc
[  417s] cycle: glibc -> glibc-common -> libselinux -> pcre2
[  417s]   breaking dependency pcre2 -> glibc
[  417s] cycle: glibc -> glibc-common -> libselinux -> pcre2 -> readline
[  417s]   breaking dependency readline -> glibc
[  417s] cycle: glibc -> glibc-common -> libselinux -> pcre2 -> readline -> ncurses-libs
[  417s]   breaking dependency libselinux -> pcre2
[  417s] cycle: glibc -> glibc-common -> libselinux -> libsepol -> coreutils -> openssl-libs -> crypto-policies -> grep
[  417s]   breaking dependency libsepol -> coreutils
[  417s] cycle: glibc -> glibc-common -> libselinux -> libsepol -> bash -> filesystem -> coreutils -> openssl-libs -> crypto-policies -> grep
[  417s]   breaking dependency filesystem -> coreutils
[  417s] cycle: bash -> filesystem
[  417s]   breaking dependency filesystem -> bash
[  417s] cycle: filesystem -> setup
[  417s]   breaking dependency filesystem -> setup
[  417s] cycle: glibc -> glibc-common -> libselinux -> libsepol -> bash
[  417s]   breaking dependency bash -> glibc
[  417s] cycle: glibc -> glibc-common -> libselinux -> libsepol -> bash -> ncurses-libs
[  417s]   breaking dependency libsepol -> bash
[  417s] cycle: glibc -> glibc-common -> libselinux -> libsepol
[  417s]   breaking dependency glibc -> glibc-common
[  417s] cycle: systemd -> cryptsetup -> device-mapper
[  417s]   breaking dependency systemd -> cryptsetup
[  417s] cycle: perl-libs -> perl-Carp
[  417s]   breaking dependency perl-libs -> perl-Carp
[  417s] cycle: perl-libs -> perl-Exporter
[  417s]   breaking dependency perl-libs -> perl-Exporter
[  417s] cycle: perl-Carp -> perl-Exporter
[  417s]   breaking dependency perl-Exporter -> perl-Carp
[  417s] cycle: perl -> perl-PathTools
[  417s]   breaking dependency perl -> perl-PathTools
[  417s] cycle: perl -> perl-ExtUtils-MakeMaker
[  417s]   breaking dependency perl -> perl-ExtUtils-MakeMaker
[  417s] cycle: perl -> perl-File-Path -> perl-PathTools
[  417s]   breaking dependency perl -> perl-File-Path
[  417s] cycle: perl -> perl-Getopt-Long -> perl-Pod-Usage
[  417s]   breaking dependency perl -> perl-Getopt-Long
[  417s] cycle: perl -> perl-Locale-Maketext
[  417s]   breaking dependency perl -> perl-Locale-Maketext
[  417s] cycle: perl -> perl-Pod-Simple
[  417s]   breaking dependency perl -> perl-Pod-Simple
[  417s] cycle: perl -> perl-Socket
[  417s]   breaking dependency perl -> perl-Socket
[  417s] cycle: perl -> perl-Storable
[  417s]   breaking dependency perl -> perl-Storable
[  417s] cycle: perl -> perl-Text-Tabs+Wrap
[  417s]   breaking dependency perl -> perl-Text-Tabs+Wrap
[  417s] cycle: perl -> perl-Time-Local -> perl-constant
[  417s]   breaking dependency perl -> perl-Time-Local
[  417s] cycle: perl -> perl-constant
[  417s]   breaking dependency perl -> perl-constant
[  417s] cycle: perl -> perl-threads
[  417s]   breaking dependency perl -> perl-threads
[  417s] cycle: perl -> perl-threads-shared
[  417s]   breaking dependency perl -> perl-threads-shared
[  417s] cycle: perl -> perl-Archive-Tar
[  417s]   breaking dependency perl -> perl-Archive-Tar
[  417s] cycle: perl -> perl-B-Debug
[  417s]   breaking dependency perl -> perl-B-Debug
[  417s] cycle: perl -> perl-CPAN-Meta -> perl-CPAN-Meta-Requirements
[  417s]   breaking dependency perl -> perl-CPAN-Meta
[  417s] cycle: perl -> perl-CPAN-Meta-Requirements
[  417s]   breaking dependency perl -> perl-CPAN-Meta-Requirements
[  417s] cycle: perl -> perl-CPAN-Meta-YAML
[  417s]   breaking dependency perl -> perl-CPAN-Meta-YAML
[  417s] cycle: perl -> perl-Compress-Raw-Bzip2
[  417s]   breaking dependency perl -> perl-Compress-Raw-Bzip2
[  417s] cycle: perl -> perl-Compress-Raw-Zlib
[  417s]   breaking dependency perl -> perl-Compress-Raw-Zlib
[  417s] cycle: perl -> perl-Config-Perl-V
[  417s]   breaking dependency perl -> perl-Config-Perl-V
[  417s] cycle: perl -> perl-DB_File
[  417s]   breaking dependency perl -> perl-DB_File
[  417s] cycle: perl -> perl-Data-Dumper
[  417s]   breaking dependency perl -> perl-Data-Dumper
[  417s] cycle: perl -> perl-Devel-PPPort
[  417s]   breaking dependency perl -> perl-Devel-PPPort
[  417s] cycle: perl -> perl-Digest -> perl-MIME-Base64
[  417s]   breaking dependency perl -> perl-Digest
[  417s] cycle: perl -> perl-Digest-MD5 -> perl-Digest -> perl-MIME-Base64
[  417s]   breaking dependency perl -> perl-Digest-MD5
[  417s] cycle: perl -> perl-Digest-SHA
[  417s]   breaking dependency perl -> perl-Digest-SHA
[  417s] cycle: perl -> perl-Encode
[  417s]   breaking dependency perl -> perl-Encode
[  417s] cycle: perl -> perl-Env
[  417s]   breaking dependency perl -> perl-Env
[  417s] cycle: perl -> perl-ExtUtils-Command
[  417s]   breaking dependency perl -> perl-ExtUtils-Command
[  417s] cycle: perl -> perl-ExtUtils-Install
[  417s]   breaking dependency perl -> perl-ExtUtils-Install
[  417s] cycle: perl -> perl-ExtUtils-Manifest
[  417s]   breaking dependency perl -> perl-ExtUtils-Manifest
[  417s] cycle: perl -> perl-ExtUtils-ParseXS
[  417s]   breaking dependency perl -> perl-ExtUtils-ParseXS
[  417s] cycle: perl -> perl-File-Fetch -> perl-PathTools
[  417s]   breaking dependency perl -> perl-File-Fetch
[  417s] cycle: perl -> perl-File-Temp -> perl-PathTools
[  417s]   breaking dependency perl -> perl-File-Temp
[  417s] cycle: perl -> perl-Filter
[  417s]   breaking dependency perl -> perl-Filter
[  417s] cycle: perl -> perl-Filter-Simple -> perl-Filter
[  417s]   breaking dependency perl -> perl-Filter-Simple
[  417s] cycle: perl -> perl-HTTP-Tiny
[  417s]   breaking dependency perl -> perl-HTTP-Tiny
[  417s] cycle: perl -> perl-IO-Compress
[  417s]   breaking dependency perl -> perl-IO-Compress
[  417s] cycle: perl -> perl-IO-Socket-IP
[  417s]   breaking dependency perl -> perl-IO-Socket-IP
[  417s] cycle: perl -> perl-IPC-Cmd -> perl-ExtUtils-MakeMaker
[  417s]   breaking dependency perl -> perl-IPC-Cmd
[  417s] cycle: perl -> perl-IPC-SysV
[  417s]   breaking dependency perl -> perl-IPC-SysV
[  417s] cycle: perl -> perl-JSON-PP
[  417s]   breaking dependency perl -> perl-JSON-PP
[  417s] cycle: perl -> perl-Locale-Codes -> perl-constant
[  417s]   breaking dependency perl -> perl-Locale-Codes
[  417s] cycle: perl -> perl-MIME-Base64
[  417s]   breaking dependency perl -> perl-MIME-Base64
[  417s] cycle: perl -> perl-Math-BigInt
[  417s]   breaking dependency perl -> perl-Math-BigInt
[  417s] cycle: perl -> perl-Math-BigInt-FastCalc -> perl-Math-BigInt
[  417s]   breaking dependency perl -> perl-Math-BigInt-FastCalc
[  417s] cycle: perl -> perl-Math-BigRat -> perl-Math-BigInt
[  417s]   breaking dependency perl -> perl-Math-BigRat
[  417s] cycle: perl -> perl-Module-CoreList
[  417s]   breaking dependency perl -> perl-Module-CoreList
[  417s] cycle: perl -> perl-Module-Load -> perl-PathTools
[  417s]   breaking dependency perl -> perl-Module-Load
[  417s] cycle: perl -> perl-Module-Load-Conditional
[  417s]   breaking dependency perl -> perl-Module-Load-Conditional
[  417s] cycle: perl -> perl-Module-Metadata
[  417s]   breaking dependency perl -> perl-Module-Metadata
[  417s] cycle: perl -> perl-Params-Check
[  417s]   breaking dependency perl -> perl-Params-Check
[  417s] cycle: perl -> perl-PerlIO-via-QuotedPrint -> perl-MIME-Base64
[  417s]   breaking dependency perl -> perl-PerlIO-via-QuotedPrint
[  417s] cycle: perl -> perl-Pod-Checker
[  417s]   breaking dependency perl -> perl-Pod-Checker
[  417s] cycle: perl -> perl-Pod-Escapes
[  417s]   breaking dependency perl -> perl-Pod-Escapes
[  417s] cycle: perl -> perl-Pod-Parser
[  417s]   breaking dependency perl -> perl-Pod-Parser
[  417s] cycle: perl -> perl-Pod-Perldoc
[  417s]   breaking dependency perl -> perl-Pod-Perldoc
[  417s] cycle: perl -> perl-Pod-Usage
[  417s]   breaking dependency perl -> perl-Pod-Usage
[  417s] cycle: perl -> perl-Sys-Syslog
[  417s]   breaking dependency perl -> perl-Sys-Syslog
[  417s] cycle: perl -> perl-Term-Cap
[  417s]   breaking dependency perl -> perl-Term-Cap
[  417s] cycle: perl -> perl-Test-Harness
[  417s]   breaking dependency perl -> perl-Test-Harness
[  417s] cycle: perl -> perl-Test-Simple
[  417s]   breaking dependency perl -> perl-Test-Simple
[  417s] cycle: perl -> perl-Text-Balanced
[  417s]   breaking dependency perl -> perl-Text-Balanced
[  417s] cycle: perl -> perl-Thread-Queue -> perl-threads-shared
[  417s]   breaking dependency perl -> perl-Thread-Queue
[  417s] cycle: perl -> perl-Unicode-Collate -> perl-PathTools
[  417s]   breaking dependency perl -> perl-Unicode-Collate
[  417s] cycle: perl -> perl-autodie
[  417s]   breaking dependency perl -> perl-autodie
[  417s] cycle: perl -> perl-bignum -> perl-Math-BigInt
[  417s]   breaking dependency perl -> perl-bignum
[  417s] cycle: perl -> perl-devel
[  417s]   breaking dependency perl -> perl-devel
[  417s] cycle: perl -> perl-Encode-devel
[  417s]   breaking dependency perl -> perl-Encode-devel
[  417s] cycle: perl -> perl-experimental
[  417s]   breaking dependency perl -> perl-experimental
[  417s] cycle: perl -> perl-libnet -> perl-Digest-MD5 -> perl-Digest -> perl-MIME-Base64
[  417s]   breaking dependency perl -> perl-libnet
[  417s] cycle: perl -> perl-podlators
[  417s]   breaking dependency perl -> perl-podlators
[  417s] cycle: perl -> perl-version
[  417s]   breaking dependency perl -> perl-version
[  417s] cycle: glib2 -> gamin
[  417s]   breaking dependency glib2 -> gamin
[  417s] cycle: systemd -> gnutls -> unbound-libs -> shadow -> pam -> audit
[  417s]   breaking dependency systemd -> gnutls
[  417s] cycle: systemd -> pam -> audit
[  417s]   breaking dependency systemd -> pam
[  417s] cycle: systemd -> shadow -> pam -> audit
[  417s]   breaking dependency systemd -> shadow
[  417s] cycle: pam -> libpwquality
[  417s]   breaking dependency pam -> libpwquality
[  417s] cycle: perl-Getopt-Long -> perl-Pod-Usage
[  417s]   breaking dependency perl-Pod-Usage -> perl-Getopt-Long
[  417s] cycle: perl-Getopt-Long -> perl-Pod-Usage -> perl-podlators -> perl-Encode
[  417s]   breaking dependency perl-podlators -> perl-Encode
[  417s] cycle: perl-Getopt-Long -> perl-Pod-Usage -> perl-podlators
[  417s]   breaking dependency perl-podlators -> perl-Getopt-Long
[  417s] cycle: perl-Getopt-Long -> perl-Pod-Usage -> perl-podlators -> perl-Pod-Simple -> perl-Encode
[  417s]   breaking dependency perl-Encode -> perl-Getopt-Long
[  417s] cycle: perl-Getopt-Long -> perl-Pod-Usage -> perl-podlators -> perl-Pod-Simple
[  417s]   breaking dependency perl-podlators -> perl-Pod-Simple
[  417s] cycle: perl-Pod-Usage -> perl-podlators
[  417s]   breaking dependency perl-podlators -> perl-Pod-Usage
[  417s] cycle: groff -> perl-Getopt-Long -> perl-Pod-Usage -> perl-Pod-Perldoc
[  417s]   breaking dependency groff -> perl-Getopt-Long
[  417s] cycle: libxcrypt-devel -> glibc-devel
[  417s]   breaking dependency glibc-devel -> libxcrypt-devel
[  417s] cycle: cmake-data -> cmake
[  417s]   breaking dependency cmake -> cmake-data
[  417s] cycle: nss-util -> nss
[  417s]   breaking dependency nss -> nss-util
[  417s] cycle: nss-softokn -> nss-util -> nss
[  417s]   breaking dependency nss -> nss-softokn
[  417s] cycle: perl-Getopt-Long -> perl-Pod-Usage -> perl-Pod-Perldoc -> perl-Pod-Simple
[  417s]   breaking dependency perl-Pod-Perldoc -> perl-Pod-Simple
[  417s] cycle: openssh -> openssh-server
[  417s]   breaking dependency openssh-server -> openssh
[  417s] cycle: git -> perl-Git
[  417s]   breaking dependency git -> perl-Git
[  417s] cycle: perl-ExtUtils-Install -> perl-ExtUtils-MakeMaker
[  417s]   breaking dependency perl-ExtUtils-MakeMaker -> perl-ExtUtils-Install
[  418s] done
[  418s] querying package ids...
[  473s] [1/377] installing cmake-filesystem-3.22.0-1.oe1
[  474s] [2/377] installing fonts-filesystem-2.0.2-2.oe1
[  476s] [3/377] installing fuse-common-3.9.2-5.oe1
[  477s] [4/377] installing kernel-headers-5.10-3.oe1
[  485s] [5/377] installing libreport-filesystem-2.13.1-5.oe1
[  487s] [6/377] installing ncurses-base-6.1-14.oe1
[  489s] [7/377] installing openEuler-gpg-keys-1.0-2.5.oe1
[  491s] [8/377] installing python-setuptools-59.4.0-3.oe1
[  493s] [9/377] installing qt5-srpm-macros-5.15.2-1.oe1
[  495s] [10/377] installing tzdata-2021a-2.oe1
[  505s] [11/377] installing dnf-data-4.10.0-1.oe1
[  507s] [12/377] installing openEuler-repos-1.0-2.5.oe1
[  508s] [13/377] installing wqy-zenhei-fonts-0.9.46-21.oe1
[  519s] [14/377] installing openEuler-release-20.03LTS-40.oe1
[  522s] [15/377] installing filesystem-3.9-3.oe1
[  534s] warning: group mail does not exist - using root
[  534s] [16/377] installing emacs-filesystem-1:27.1-5.oe1
[  536s] [17/377] installing libgcc-10.3.1-20220105.6.oe1
[  538s] [18/377] installing setup-2.13.3-4.oe1
[  541s] [19/377] installing glibc-2.34-64.oe1
[  548s] [20/377] installing brotli-1.0.9-2.oe1
[  551s] [21/377] installing chrpath-0.16-12.oe1
[  552s] [22/377] installing cpio-2.13-4.oe1
[  554s] [23/377] installing diffutils-3.7-4.oe1
[  556s] [24/377] installing expat-2.2.10-1.oe1
[  557s] [25/377] installing json-c-0.15-1.oe1
[  559s] [26/377] installing keyutils-libs-1.6.3-3.oe1
[  560s] [27/377] installing libICE-1.0.10-2.oe1
[  562s] [28/377] installing libXau-1.0.9-2.oe1
[  563s] [29/377] installing libaio-0.3.112-1.oe1
[  566s] [30/377] installing libargon2-20190702-1.oe1
[  568s] [31/377] installing libatomic-10.3.1-20220105.6.oe1
[  569s] [32/377] installing libcap-ng-0.7.11-1.oe1
[  571s] [33/377] installing libev-4.24-11.oe1
[  573s] [34/377] installing libffi-3.3-31.oe1
[  574s] [35/377] installing libgomp-10.3.1-20220105.6.oe1
[  575s] [36/377] installing libgpg-error-1.41-1.oe1
[  577s] [37/377] installing libnghttp2-1.42.0-1.oe1
[  579s] [38/377] installing libpcap-14:1.9.1-7.oe1
[  580s] [39/377] installing libpipeline-1.5.3-1.oe1
[  581s] [40/377] installing libsigsegv-2.11-10.oe1
[  582s] [41/377] installing libsmartcols-2.36.1-3.oe1
[  584s] [42/377] installing libtasn1-4.16.0-2.oe1
[  586s] [43/377] installing libtool-ltdl-2.4.6-34.oe1
[  588s] [44/377] installing libunistring-0.9.10-8.oe1
[  590s] [45/377] installing libuuid-2.36.1-3.oe1
[  592s] [46/377] installing libuv-1:1.40.0-1.oe1
[  594s] [47/377] installing libxcrypt-4.4.8-4.oe1
[  596s] [48/377] installing libyaml-0.2.5-1.oe1
[  597s] [49/377] installing lz4-1.9.3-1.oe1
[  599s] [50/377] installing m4-1.4.18-14.oe1
[  601s] [51/377] installing nspr-4.32.0-1.oe1
[  602s] [52/377] installing pkgconf-1.7.3-1.oe1
[  604s] [53/377] installing rhash-1.3.5-5.oe1
[  606s] [54/377] installing which-2.21-14.oe1
[  607s] [55/377] installing xz-libs-5.2.5-1.oe1
[  609s] [56/377] installing zlib-1.2.11-18.oe1
[  610s] [57/377] installing attr-2.4.48-12.oe1
[  612s] [58/377] installing basesystem-12-2.oe1
[  613s] [59/377] installing libstdc++-10.3.1-20220105.6.oe1
[  616s] [60/377] installing ncurses-libs-6.1-14.oe1
[  618s] [61/377] installing libsepol-3.1-4.oe1
[  621s] [62/377] installing libstdc++-devel-10.3.1-20220105.6.oe1
[  637s] [63/377] installing audit-libs-1:3.0-2.oe1
[  638s] [64/377] installing elfutils-libelf-0.185-3.oe1
[  640s] [65/377] installing file-libs-5.39-6.oe1
[  643s] [66/377] installing gmp-1:6.2.1-3.oe1
[  645s] [67/377] installing iptables-libs-1.8.1-4.oe1
[  646s] [68/377] installing less-563-2.oe1
[  648s] [69/377] installing libacl-2.2.53-7.oe1
[  649s] [70/377] installing libassuan-2.5.4-1.oe1
[  651s] [71/377] installing libedit-3.1-27.oe1
[  652s] [72/377] installing libffi-devel-3.3-31.oe1
[  654s] [73/377] installing libgcrypt-1.8.7-1.oe1
[  660s] [74/377] installing libpng-2:1.6.37-1.oe1
[  662s] [75/377] installing libxcb-1.14-1.oe1
[  664s] [76/377] installing readline-8.0-2.oe1
[  666s] [77/377] installing fuse-2.9.9-6.oe1
[  668s] [78/377] installing gc-8.0.4-2.oe1
[  670s] [79/377] installing libSM-1.2.3-2.oe1
[  671s] [80/377] installing libdb-5.3.28-35.oe1
[  677s] [81/377] installing libselinux-3.1-3.oe1
[  679s] [82/377] installing libxml2-2.9.12-5.oe1
[  682s] [83/377] installing bash-5.1-1.oe1
[  687s] [84/377] installing perl-libs-4:5.28.0-435.oe1
[  695s] [85/377] installing zstd-1.4.8-2.oe1
[  698s] [86/377] installing ncurses-6.1-14.oe1
[  714s] [87/377] installing thin-provisioning-tools-0.8.5-1.oe1
[  716s] [88/377] installing perl-parent-1:0.237-4.oe1
[  718s] [89/377] installing perl-perlfaq-5.20180915-5.oe1
[  721s] [90/377] installing libX11-1.6.9-2.oe1
[  731s] [91/377] installing mpfr-4.1.0-1.oe1
[  733s] [92/377] installing nettle-3.6-6.oe1
[  738s] [93/377] installing pcre2-10.36-1.oe1
[  741s] [94/377] installing perl-Exporter-5.74-1.oe1
[  742s] [95/377] installing file-5.39-6.oe1
[  744s] [96/377] installing gdbm-1:1.18.1-1.oe1
[  746s] [97/377] installing patch-2.7.6-12.oe1
[  748s] [98/377] installing qrencode-4.1.1-1
[  749s] [99/377] installing sed-4.8-2.oe1
[  751s] [100/377] installing acl-2.2.53-7.oe1
[  752s] [101/377] installing libcomps-0.1.15-1.oe1
[  754s] [102/377] installing pcre-8.44-1.oe1
[  756s] [103/377] installing glibc-common-2.34-64.oe1
[  774s] [104/377] installing crontabs-1.11-21.oe1
[  776s] [105/377] installing libXext-1.3.4-2.oe1
[  778s] [106/377] installing libXpm-3.5.12-11.oe1
[  780s] [107/377] installing libXrender-0.9.10-10.oe1
[  782s] [108/377] installing perl-Carp-1.50-418.oe1
[  783s] [109/377] installing perl-Perl-OSType-1.010-421.oe1
[  785s] [110/377] installing perl-Term-ANSIColor-4.06-511.oe1
[  787s] [111/377] installing libmpc-1.2.0-2.oe1
[  789s] [112/377] installing grep-3.6-1.oe1
[  792s] [113/377] installing libXt-1.2.0-0.oe1
[  795s] [114/377] installing gawk-5.0.1-2.oe1
[  798s] [115/377] installing perl-Text-ParseWords-3.30-419.oe1
[  800s] [116/377] installing crypto-policies-20180925-3.git71ca85f.oe1
[  808s] [117/377] installing libXmu-1.1.3-1.oe1
[  810s] [118/377] installing cpp-10.3.1-20220105.6.oe1
[  823s] [119/377] installing openssl-libs-1:1.1.1f-2.oe1
[  827s] [120/377] installing libXaw-1.0.13-13.oe1
[  830s] [121/377] installing ima-evm-utils-libs-1.2.1-8.oe1
[  832s] [122/377] installing libevent-2.1.12-4
[  835s] [123/377] installing kmod-libs-27-4.oe1
[  837s] [124/377] installing kmod-27-4.oe1
[  840s] [125/377] installing nodejs-libs-1:16.10.0-1.oe1
[  891s] [126/377] installing coreutils-8.31-4.oe1
[  900s] [127/377] installing elfutils-default-yama-scope-0.185-3.oe1
[  902s] /usr/lib/systemd/systemd-sysctl: error while loading shared libraries: libseccomp.so.2: cannot open shared object file: No such file or directory
[  902s] [128/377] installing publicsuffix-list-20200718-1.oe1
[  904s] [129/377] installing uname-build-checks-1.0-0.4.oe1
[  907s] [130/377] installing bzip2-1.0.8-3.oe1
[  909s] [131/377] installing gzip-1.10-1.oe1
[  910s] [132/377] installing hostname-3.21-2.oe1
[  912s] [133/377] installing libcap-2.32-2.oe1
[  915s] [134/377] installing libseccomp-2.4.3-2.oe1
[  917s] [135/377] installing npth-1.5-7.oe1
[  918s] [136/377] installing popt-1.18-1.oe1
[  921s] [137/377] installing fipscheck-1.5.0-7.oe1
[  923s] [138/377] installing libblkid-2.36.1-3.oe1
[  925s] [139/377] installing libidn2-2.3.0-1.oe1
[  928s] [140/377] installing libksba-1.3.5-12.oe1
[  930s] [141/377] installing pcre-devel-8.44-1.oe1
[  934s] [142/377] installing tar-2:1.32-3.oe1
[  938s] [143/377] installing tcl-1:8.6.10-3.oe1
[  944s] [144/377] installing info-6.7-2.oe1
[  945s] [145/377] installing jsoncpp-1.9.4-1.oe1
[  950s] [146/377] installing libgpg-error-devel-1.41-1.oe1
[  952s] [147/377] installing lua-5.3.5-6.oe1
[  954s] [148/377] installing slang-2.3.2-8.oe1
[  959s] [149/377] installing xz-5.2.5-1.oe1
[  960s] [150/377] installing perl-Scalar-List-Utils-3:1.52-2.oe1
[  963s] [151/377] installing perl-Time-HiRes-1.9760-2.oe1
[  965s] [152/377] installing perl-Unicode-Normalize-1.26-419.oe1
[  968s] [153/377] installing systemd-libs-243-22.oe1
[  972s] [154/377] installing guile-5:2.0.14-15.oe1
[  981s] [155/377] installing dbus-libs-1:1.12.20-3.oe1
[  984s] [156/377] installing zip-3.0-29.oe1
[  985s] [157/377] installing libfdisk-2.36.1-3.oe1
[  988s] [158/377] installing newt-0.52.21-4.oe1
[  991s] [159/377] installing p11-kit-0.23.22-1.oe1
[  995s] [160/377] installing procps-ng-3.3.16-15.oe1
[  998s] [161/377] installing elfutils-libs-0.185-3.oe1
[ 1001s] [162/377] installing libmount-2.36.1-3.oe1
[ 1003s] [163/377] installing lua-posix-33.3.1-12.oe1
[ 1006s] [164/377] installing unzip-6.0-47.oe1
[ 1008s] [165/377] installing cracklib-2.9.7-6.oe1
[ 1014s] [166/377] installing e2fsprogs-1.45.6-3.oe1
[ 1021s] [167/377] installing findutils-2:4.7.0-7.oe1
[ 1023s] [168/377] installing libsemanage-3.1-4.oe1
[ 1026s] [169/377] installing make-1:4.2.1-15.oe1
[ 1028s] [170/377] installing sqlite-3.24.0-9.oe1
[ 1034s] [171/377] installing logrotate-3.15.1-2.oe1
[ 1039s] [172/377] installing freetype-2.10.2-3.oe1
[ 1044s] [173/377] installing glibc-devel-2.34-64.oe1
[ 1062s] [174/377] installing libgcrypt-devel-1.8.7-1.oe1
[ 1064s] [175/377] installing gnupg2-2.2.27-2.oe1
[ 1071s] [176/377] installing libarchive-3.5.1-1.oe1
[ 1074s] [177/377] installing dbus-tools-1:1.12.20-3.oe1
[ 1075s] [178/377] installing libxcrypt-devel-4.4.8-4.oe1
[ 1078s] [179/377] installing copy-jdk-configs-4.0-1.oe1
[ 1080s] [180/377] installing gpgme-1.15.1-1.oe1
[ 1082s] [181/377] installing obs-env-1.0-5.oe1
[ 1091s] [182/377] installing chkconfig-1.14-2.oe1
[ 1093s] [183/377] installing elfutils-0.185-3.oe1
[ 1096s] [184/377] installing fontconfig-2.13.92-1.oe1
[ 1102s] [185/377] installing glib2-2.66.8-1.oe1
[ 1110s] [186/377] installing rpm-libs-4.15.1-25.oe1
[ 1112s] [187/377] installing libcroco-0.6.12-13.oe1
[ 1115s] [188/377] installing gamin-0.1.10-38.oe1
[ 1117s] [189/377] installing libsecret-0.18.6-5.oe1
[ 1119s] [190/377] installing libverto-0.3.1-2.oe1
[ 1121s] [191/377] installing libXft-2.3.3-1.oe1
[ 1124s] [192/377] installing libmodulemd-2.13.0-1.oe1
[ 1126s] [193/377] installing binutils-2.37-6.oe1
[ 1138s] [194/377] installing p11-kit-trust-0.23.22-1.oe1
[ 1139s] [195/377] installing babeltrace-1.5.8-1.oe1
[ 1142s] [196/377] installing ca-certificates-2020.2.46-2.oe1
[ 1151s] [197/377] installing tk-1:8.6.10-2.oe1
[ 1155s] [198/377] installing gettext-0.20.1-2.oe1
[ 1160s] [199/377] installing krb5-libs-1.18.2-3.oe1
[ 1162s] [200/377] installing gcc-10.3.1-20220105.6.oe1
[ 1195s] [201/377] installing python-pip-wheel-19.2.3-2.fc32
[ 1198s] [202/377] installing libtirpc-1.3.1-1.oe1
[ 1202s] [203/377] installing cyrus-sasl-lib-2.1.27-10.oe1
[ 1208s] [204/377] installing libssh-0.9.5-1.oe1
[ 1211s] [205/377] installing gcc-c++-10.3.1-20220105.6.oe1
[ 1226s] [206/377] installing openldap-2.4.46-15.oe1
[ 1229s] [207/377] installing libnsl2-1.3.0-2.oe1
[ 1232s] [208/377] installing python3-3.8.5-13.oe1
[ 1268s] [209/377] installing python3-docutils-0.15.2-3.fc32
[ 1275s] [210/377] installing python3-idna-2.8-5.fc32
[ 1277s] [211/377] installing python3-imagesize-1.1.0-1.fc32
[ 1280s] [212/377] installing python3-pyparsing-2.4.5-1.fc32
[ 1282s] [213/377] installing python3-pysocks-1.7.1-3.fc32
[ 1285s] [214/377] installing python3-setuptools-59.4.0-3.oe1
[ 1292s] [215/377] installing python3-setuptools_scm-3.3.3-6.fc32
[ 1297s] [216/377] installing python3-six-1.15.0-3.oe1
[ 1300s] [217/377] installing python3-snowballstemmer-1.9.0-4.fc32
[ 1303s] [218/377] installing python3-sphinx-theme-alabaster-0.7.12-7.fc32
[ 1306s] [219/377] installing python3-sphinxcontrib-applehelp-1.0.1-5.fc32
[ 1309s] [220/377] installing python3-sphinxcontrib-devhelp-1.0.1-5.fc32
[ 1313s] [221/377] installing python3-sphinxcontrib-htmlhelp-1.0.1-5.fc32
[ 1317s] [222/377] installing python3-sphinxcontrib-jsmath-1.0.1-5.fc32
[ 1320s] [223/377] installing python3-sphinxcontrib-qthelp-1.0.2-5.fc32
[ 1323s] [224/377] installing python3-sphinxcontrib-serializinghtml-1.1.3-5.fc32
[ 1327s] [225/377] installing python3-markupsafe-1.1.1-4.fc32
[ 1330s] [226/377] installing python3-pytz-2019.2-2
[ 1333s] [227/377] installing python3-gpgme-1.15.1-1.oe1
[ 1337s] [228/377] installing python3-libcomps-0.1.15-1.oe1
[ 1340s] [229/377] installing libpsl-0.21.1-1.oe1
[ 1343s] [230/377] installing gdb-headless-9.2-5.oe1
[ 1352s] [231/377] installing python3-chardet-3.0.4-14.fc32
[ 1356s] [232/377] installing python3-pygments-2.4.2-6.fc32
[ 1364s] [233/377] installing systemtap-sdt-devel-4.1-3.oe1
[ 1366s] [234/377] installing gdb-9.2-5.oe1
[ 1369s] [235/377] installing python3-babel-2.8.0-2.fc32
[ 1383s] [236/377] installing python3-packaging-19.2-1.fc32
[ 1385s] [237/377] installing python3-pip-19.2.3-2.fc32
[ 1397s] [238/377] installing python3-rpm-generators-10-2.fc32
[ 1399s] [239/377] installing python3-urllib3-1.25.7-2.fc32
[ 1404s] [240/377] installing libcurl-7.79.1-1.oe1
[ 1407s] [241/377] installing curl-7.79.1-1.oe1
[ 1408s] [242/377] installing python3-jinja2-2.10.3-2.fc32
[ 1412s] [243/377] installing python3-requests-2.22.0-7.fc32
[ 1416s] [244/377] installing librepo-1.14.2-2.oe1
[ 1418s] [245/377] installing python3-sphinx-1:2.2.2-1.fc32
[ 1429s] [246/377] installing rpm-4.15.1-25.oe1
[ 1439s] [247/377] installing efi-srpm-macros-4-3.oe1
[ 1443s] [248/377] installing cmake-rpm-macros-3.22.0-1.oe1
[ 1445s] [249/377] installing libsolv-0.7.20-1.oe1
[ 1448s] [250/377] installing python3-rpm-4.15.1-25.oe1
[ 1451s] [251/377] installing openEuler-rpm-config-30-22.oe1
[ 1454s] [252/377] installing cmake-3.22.0-1.oe1
[ 1476s] [253/377] installing libdnf-0.65.0-2.oe1
[ 1480s] [254/377] installing cmake-data-3.22.0-1.oe1
[ 1502s] [255/377] installing python3-devel-3.8.5-13.oe1
[ 1570s] [256/377] installing python3-libdnf-0.65.0-2.oe1
[ 1575s] [257/377] installing perl-4:5.28.0-435.oe1
[ 1586s] [258/377] installing perl-B-Debug-1.26-4.oe1
[ 1588s] [259/377] installing perl-Env-1.04-397.oe1
[ 1591s] [260/377] installing perl-Devel-PPPort-3.42-4.oe1
[ 1593s] [261/377] installing perl-Pod-Escapes-1:1.07-419.oe1
[ 1595s] [262/377] installing perl-Text-Tabs+Wrap-2013.0523-419.oe1
[ 1597s] [263/377] installing perl-Algorithm-Diff-1.1903-14.oe1
[ 1599s] [264/377] installing perl-Params-Check-1:0.38-418.oe1
[ 1600s] [265/377] installing perl-Term-Cap-1.17-510.oe1
[ 1602s] [266/377] installing perl-TermReadKey-2.38-2.oe1
[ 1606s] [267/377] installing perl-Text-Balanced-2.03-420.oe1
[ 1610s] [268/377] installing perl-threads-1:2.22-419.oe1
[ 1612s] [269/377] installing openssl-1:1.1.1f-2.oe1
[ 1616s] [270/377] installing perl-Config-Perl-V-0.30-5.oe1
[ 1618s] [271/377] installing perl-Error-1:0.17029-1.oe1
[ 1620s] [272/377] installing perl-Filter-2:1.59-2.oe1
[ 1623s] [273/377] installing perl-IPC-SysV-2.07-5.oe1
[ 1625s] [274/377] installing perl-Locale-Maketext-1:1.28-1.oe1
[ 1627s] [275/377] installing perl-constant-1.33-421.oe1
[ 1630s] [276/377] installing perl-MIME-Base64-3.15-418.oe1
[ 1632s] [277/377] installing perl-CPAN-Meta-YAML-0.018-420.oe1
[ 1636s] [278/377] installing perl-Socket-4:2.029-2.oe1
[ 1639s] [279/377] installing perl-Storable-1:3.15-2.oe1
[ 1642s] [280/377] installing python3-hawkey-0.65.0-2.oe1
[ 1646s] [281/377] installing perl-PerlIO-via-QuotedPrint-0.08-397.oe1
[ 1650s] [282/377] installing perl-Digest-1.17-419.oe1
[ 1652s] [283/377] installing perl-Filter-Simple-1:0.94-1.oe1
[ 1653s] [284/377] installing perl-IO-Socket-IP-0.39-420.oe1
[ 1655s] [285/377] installing perl-Text-Diff-1.45-7.oe1
[ 1657s] [286/377] installing perl-Time-Local-2:1.280-6.oe1
[ 1659s] [287/377] installing perl-version-8:0.99.24-3.oe1
[ 1662s] [288/377] installing perl-IPC-System-Simple-1.25-19.oe1
[ 1664s] [289/377] installing perl-threads-shared-1.59-2.oe1
[ 1667s] [290/377] installing perl-Compress-Raw-Bzip2-2.100-1.oe1
[ 1670s] [291/377] installing perl-Compress-Raw-Zlib-1:2.100-1.oe1
[ 1672s] [292/377] installing perl-Locale-Codes-3.58-2.oe1
[ 1677s] [293/377] installing perl-Math-BigInt-1:1.9998.13-5.oe1
[ 1679s] [294/377] installing perl-PathTools-3.75-4.oe1
[ 1683s] [295/377] installing python3-dnf-4.10.0-1.oe1
[ 1687s] [296/377] installing perl-Data-Dumper-2.172-3.oe1
[ 1690s] [297/377] installing perl-Sys-Syslog-0.35-420.oe1
[ 1693s] [298/377] installing perl-Encode-4:2.98-9.oe1
[ 1699s] [299/377] installing autogen-5.18.16-1.oe1
[ 1702s] [300/377] installing nodejs-1:16.10.0-1.oe1
[ 1705s] [301/377] installing systemd-243-22.oe1
[ 1726s] /var/tmp/rpm-tmp.nDUw4e: line 8: groupadd: command not found
[ 1726s] /var/tmp/rpm-tmp.nDUw4e: line 10: groupadd: command not found
[ 1726s] /var/tmp/rpm-tmp.nDUw4e: line 13: groupadd: command not found
[ 1726s] /var/tmp/rpm-tmp.nDUw4e: line 16: groupadd: command not found
[ 1726s] [302/377] installing dbus-common-1:1.12.20-3.oe1
[ 1729s] [303/377] installing nodejs-source-map-0.5.6-1.oe1
[ 1734s] [304/377] installing perl-Module-Load-1:0.32-418.oe1
[ 1736s] [305/377] installing nodejs-packaging-20-1.oe1
[ 1738s] [306/377] installing dnf-4.10.0-1.oe1
[ 1742s] Failed to preset unit, unit dnf-automatic.timer does not exist.
[ 1742s] Failed to preset unit, unit dnf-automatic-notifyonly.timer does not exist.
[ 1742s] Failed to preset unit, unit dnf-automatic-download.timer does not exist.
[ 1742s] Failed to preset unit, unit dnf-automatic-install.timer does not exist.
[ 1743s] [307/377] installing perl-File-Which-1.23-1.oe1
[ 1746s] [308/377] installing perl-Thread-Queue-3.13-3.oe1
[ 1748s] [309/377] installing perl-experimental-0.020-2.oe1
[ 1750s] [310/377] installing perl-Digest-MD5-2.55-419.oe1
[ 1753s] [311/377] installing perl-File-Path-2.16-4.oe1
[ 1755s] [312/377] installing perl-Math-BigInt-FastCalc-0.500.700-4.oe1
[ 1758s] [313/377] installing perl-Module-Metadata-1.000036-3.oe1
[ 1760s] [314/377] installing perl-CPAN-Meta-Requirements-2.140-419.oe1
[ 1763s] [315/377] installing perl-Encode-devel-4:2.98-9.oe1
[ 1766s] [316/377] installing perl-HTTP-Tiny-0.076-3.oe1
[ 1768s] [317/377] installing perl-Math-BigRat-0.2614-2.oe1
[ 1770s] [318/377] installing audit-1:3.0-2.oe1
[ 1776s] [319/377] installing perl-DB_File-1.842-2.oe1
[ 1779s] [320/377] installing perl-autodie-2.29-398.oe1
[ 1780s] [321/377] installing perl-Unicode-Collate-1.25-4.oe1
[ 1788s] [322/377] installing perl-IO-Compress-2.081-6.oe1
[ 1793s] [323/377] installing perl-podlators-1:4.14-1.oe1
[ 1795s] [324/377] installing perl-ExtUtils-Command-1:7.60-1.oe1
[ 1797s] [325/377] installing perl-ExtUtils-Manifest-1:1.71-4.oe1
[ 1799s] [326/377] installing perl-bignum-0.50-4.oe1
[ 1801s] [327/377] installing perl-File-Temp-1:0.230.800-4.oe1
[ 1804s] [328/377] installing perl-libnet-3.11-420.oe1
[ 1809s] [329/377] installing pam-1.5.1-1.oe1
[ 1816s] [330/377] installing libpwquality-1.4.4-1.oe1
[ 1820s] [331/377] installing perl-File-HomeDir-1.004-4.oe1
[ 1822s] [332/377] installing shadow-2:4.8.1-5.oe1
[ 1826s] [333/377] installing perl-Test-Simple-2:1.302175-2.oe1
[ 1830s] [334/377] installing libutempter-1.1.6-16.oe1
[ 1834s] [335/377] installing unbound-libs-1.10.1-4.oe1
[ 1840s] [336/377] installing dbus-daemon-1:1.12.20-3.oe1
[ 1845s] [337/377] installing openssh-server-8.2p1-10.oe1
[ 1851s] Created symlink /etc/systemd/system/multi-user.target.wants/sshd.service -> /usr/lib/systemd/system/sshd.service.
[ 1851s] [338/377] installing groff-1.22.4-4.oe1
[ 1862s] [339/377] installing dbus-1:1.12.20-3.oe1
[ 1865s] [340/377] installing man-db-2.9.3-2.oe1
[ 1872s] [341/377] installing perl-Pod-Perldoc-1:3.28-3.oe1
[ 1878s] [342/377] installing gnutls-3.6.15-3.oe1
[ 1887s] [343/377] installing util-linux-2.36.1-3.oe1
[ 1902s] [344/377] installing nss-help-3.72.0-2.oe1
[ 1905s] [345/377] installing perl-Pod-Usage-4:1.69-418.oe1
[ 1907s] [346/377] installing device-mapper-8:1.02.172-1.oe1
[ 1911s] [347/377] installing openssh-8.2p1-10.oe1
[ 1914s] [348/377] installing perl-Getopt-Long-1:2.52-1.oe1
[ 1916s] [349/377] installing cryptsetup-2.3.3-3.oe1
[ 1922s] [350/377] installing device-mapper-event-8:1.02.172-1.oe1
[ 1926s] Created symlink /etc/systemd/system/sockets.target.wants/dm-event.socket -> /usr/lib/systemd/system/dm-event.socket.
[ 1926s] [351/377] installing nss-3.72.0-2.oe1
[ 1940s] [352/377] installing openssh-clients-8.2p1-10.oe1
[ 1945s] [353/377] installing nss-util-3.72.0-2.oe1
[ 1953s] [354/377] installing perl-ExtUtils-ParseXS-2:3.35-1.oe1
[ 1955s] [355/377] installing perl-Module-CoreList-1:5.20180920-2.oe1
[ 1958s] [356/377] installing perl-Digest-SHA-1:6.02-7.oe1
[ 1963s] [357/377] installing perl-Pod-Parser-1.63-397.oe1
[ 1966s] [358/377] installing perl-Pod-Simple-1:3.35-418.oe1
[ 1969s] [359/377] installing perl-Test-Harness-1:3.43_02-1.oe1
[ 1972s] [360/377] installing perl-Archive-Tar-2.30-421.oe1
[ 1974s] [361/377] installing perl-JSON-PP-1:4.04-2.oe1
[ 1977s] [362/377] installing lvm2-8:2.03.11-1.oe1
[ 1989s] Created symlink /etc/systemd/system/sysinit.target.wants/lvm2-lvmpolld.socket -> /usr/lib/systemd/system/lvm2-lvmpolld.socket.
[ 1989s] [363/377] installing autoconf-2.69-30.oe1
[ 1993s] [364/377] installing git-2.23.0-12.oe1
[ 2013s] [365/377] installing nss-softokn-3.72.0-2.oe1
[ 2018s] [366/377] installing perl-Pod-Checker-4:1.73-398.oe1
[ 2021s] [367/377] installing perl-Git-2.23.0-12.oe1
[ 2023s] [368/377] installing perl-CPAN-Meta-2.150010-419.oe1
[ 2027s] [369/377] installing perl-Module-Load-Conditional-0.68-418.oe1
[ 2030s] [370/377] installing automake-1.16.1-6.oe1
[ 2035s] [371/377] installing perl-ExtUtils-MakeMaker-1:7.60-1.oe1
[ 2038s] [372/377] installing perl-ExtUtils-Install-2.14-419.oe1
[ 2042s] [373/377] installing perl-IPC-Cmd-2:1.04-4.oe1
[ 2045s] [374/377] installing rpm-build-4.15.1-25.oe1
[ 2048s] [375/377] installing gcc_secure-1.0-0.9.oe1
[ 2051s] [376/377] installing perl-File-Fetch-0.56-4.oe1
[ 2053s] [377/377] installing perl-devel-4:5.28.0-435.oe1
[ 2069s] removing nis flags from /var/cache/obs/worker/root_2/etc/nsswitch.conf...
[ 2071s] now finalizing build dir...
[ 2089s] Running build time source services...
[ 2113s] -----------------------------------------------------------------
[ 2113s] ----- building pyScss.spec (user abuild)
[ 2113s] -----------------------------------------------------------------
[ 2113s] -----------------------------------------------------------------
[ 2122s] + exec rpmbuild -ba --define '_srcdefattr (-,root,root)' --nosignature --define 'disturl obs://private/openEuler:Mainline:RISC-V/advanced_riscv64/d9355bd352bb49259377dd907d154a46-pyScss' /home/abuild/rpmbuild/SOURCES/pyScss.spec
[ 2127s] Executing(%prep): /bin/sh -e /var/tmp/rpm-tmp.fbPu8L
[ 2127s] + umask 022
[ 2127s] + cd /home/abuild/rpmbuild/BUILD
[ 2127s] + cd /home/abuild/rpmbuild/BUILD
[ 2127s] + rm -rf pyScss-1.3.7
[ 2127s] + /usr/bin/gzip -dc /home/abuild/rpmbuild/SOURCES/python-scss-1.3.7.tar.gz
[ 2127s] + /usr/bin/tar -xof -
[ 2129s] + STATUS=0
[ 2129s] + '[' 0 -ne 0 ']'
[ 2129s] + cd pyScss-1.3.7
[ 2129s] + /usr/bin/chmod -Rf a+rX,u+w,g-w,o-w .
[ 2129s] + pathfix.py -pni '/usr/bin/python3 -s' .
[ 2131s] recursedown('.')
[ 2131s] recursedown('./docs')
[ 2131s] recursedown('./scss')
[ 2131s] recursedown('./scss/extension')
[ 2131s] recursedown('./scss/extension/compass')
[ 2131s] recursedown('./scss/grammar')
[ 2131s] recursedown('./scss/src')
[ 2131s] recursedown('./scss/tests')
[ 2131s] recursedown('./scss/tests/extension')
[ 2131s] recursedown('./scss/tests/extension/compass')
[ 2131s] recursedown('./scss/tests/files')
[ 2131s] recursedown('./scss/tests/files/bugs')
[ 2131s] recursedown('./scss/tests/files/compass')
[ 2131s] recursedown('./scss/tests/files/cursors')
[ 2131s] recursedown('./scss/tests/files/fonts')
[ 2131s] recursedown('./scss/tests/files/fonts/static')
[ 2131s] recursedown('./scss/tests/files/fonts/static/assets')
[ 2132s] recursedown('./scss/tests/files/fonts/static/fontsheet')
[ 2132s] recursedown('./scss/tests/files/from-sassc')
[ 2132s] recursedown('./scss/tests/files/general')
[ 2132s] recursedown('./scss/tests/files/general/include')
[ 2132s] recursedown('./scss/tests/files/images')
[ 2132s] recursedown('./scss/tests/files/kronuz')
[ 2132s] recursedown('./scss/tests/files/kronuz/include')
[ 2132s] recursedown('./scss/tests/files/kronuz/static')
[ 2132s] recursedown('./scss/tests/files/kronuz/static/assets')
[ 2132s] recursedown('./scss/tests/files/kronuz/static/menus')
[ 2132s] recursedown('./scss/tests/files/kronuz/static/squares')
[ 2132s] recursedown('./scss/tests/files/original-doctests')
[ 2132s] recursedown('./scss/tests/files/regressions')
[ 2132s] recursedown('./scss/tests/files/regressions/include')
[ 2132s] recursedown('./scss/tests/from_ruby')
[ 2132s] ./conftest.py: no change
[ 2132s] ./setup.py: updating
[ 2132s] ./yapps2.py: updating
[ 2132s] ./docs/conf.py: no change
[ 2132s] ./scss/__init__.py: no change
[ 2132s] ./scss/__main__.py: no change
[ 2132s] ./scss/ast.py: no change
[ 2132s] ./scss/calculator.py: no change
[ 2132s] ./scss/compiler.py: no change
[ 2132s] ./scss/config.py: no change
[ 2132s] ./scss/cssdefs.py: no change
[ 2132s] ./scss/errors.py: no change
[ 2132s] ./scss/legacy.py: no change
[ 2132s] ./scss/less2scss.py: no change
[ 2132s] ./scss/namespace.py: no change
[ 2132s] ./scss/rule.py: no change
[ 2132s] ./scss/scss_meta.py: no change
[ 2132s] ./scss/selector.py: no change
[ 2132s] ./scss/setup.py: no change
[ 2132s] ./scss/source.py: no change
[ 2132s] ./scss/tool.py: updating
[ 2132s] ./scss/types.py: no change
[ 2132s] ./scss/util.py: no change
[ 2132s] ./scss/extension/__init__.py: no change
[ 2132s] ./scss/extension/api.py: no change
[ 2132s] ./scss/extension/bootstrap.py: no change
[ 2132s] ./scss/extension/core.py: no change
[ 2132s] ./scss/extension/extra.py: no change
[ 2132s] ./scss/extension/fonts.py: no change
[ 2132s] ./scss/extension/compass/__init__.py: no change
[ 2132s] ./scss/extension/compass/gradients.py: no change
[ 2132s] ./scss/extension/compass/helpers.py: no change
[ 2132s] ./scss/extension/compass/images.py: no change
[ 2132s] ./scss/extension/compass/layouts.py: no change
[ 2132s] ./scss/extension/compass/sprites.py: no change
[ 2132s] ./scss/grammar/__init__.py: no change
[ 2132s] ./scss/grammar/expression.py: no change
[ 2132s] ./scss/grammar/scanner.py: no change
[ 2132s] ./scss/src/build.py: updating
[ 2132s] ./scss/tests/__init__.py: no change
[ 2132s] ./scss/tests/test_cli.py: no change
[ 2132s] ./scss/tests/test_expression.py: no change
[ 2132s] ./scss/tests/test_interactive.py: no change
[ 2132s] ./scss/tests/test_misc.py: no change
[ 2132s] ./scss/tests/test_types.py: no change
[ 2132s] ./scss/tests/util.py: no change
[ 2132s] ./scss/tests/extension/test_core.py: no change
[ 2132s] ./scss/tests/extension/test_extra.py: no change
[ 2132s] ./scss/tests/extension/compass/test_gradients.py: no change
[ 2132s] ./scss/tests/extension/compass/test_helpers.py: no change
[ 2132s] ./scss/tests/extension/compass/test_images.py: no change
[ 2132s] ./scss/tests/files/from-sassc/copy-tests-from-sassc.py: updating
[ 2132s] ./scss/tests/from_ruby/__init__.py: no change
[ 2132s] ./scss/tests/from_ruby/_test_scss.py: no change
[ 2132s] ./scss/tests/from_ruby/test_extend.py: no change
[ 2132s] + RPM_EC=0
[ 2132s] ++ jobs -p
[ 2132s] + exit 0
[ 2132s] Executing(%build): /bin/sh -e /var/tmp/rpm-tmp.vNRSuT
[ 2132s] + umask 022
[ 2132s] + cd /home/abuild/rpmbuild/BUILD
[ 2132s] + cd pyScss-1.3.7
[ 2132s] + CFLAGS='-O2 -g -pipe -Wall -Werror=format-security -Wp,-D_FORTIFY_SOURCE=2 -Wp,-D_GLIBCXX_ASSERTIONS -fstack-protector-strong -grecord-gcc-switches -specs=/usr/lib/rpm/generic-hardened-cc1 -fasynchronous-unwind-tables -fstack-clash-protection'
[ 2132s] + LDFLAGS='-Wl,-z,relro   -Wl,-z,now -specs=/usr/lib/rpm/generic-hardened-ld'
[ 2132s] + /usr/bin/python3 setup.py build '--executable=/usr/bin/python3 -s'
[ 2140s] running build
[ 2140s] running build_py
[ 2140s] creating build
[ 2140s] creating build/lib.linux-riscv64-3.8
[ 2140s] creating build/lib.linux-riscv64-3.8/scss
[ 2140s] copying scss/__init__.py -> build/lib.linux-riscv64-3.8/scss
[ 2140s] copying scss/__main__.py -> build/lib.linux-riscv64-3.8/scss
[ 2140s] copying scss/ast.py -> build/lib.linux-riscv64-3.8/scss
[ 2140s] copying scss/calculator.py -> build/lib.linux-riscv64-3.8/scss
[ 2140s] copying scss/compiler.py -> build/lib.linux-riscv64-3.8/scss
[ 2140s] copying scss/config.py -> build/lib.linux-riscv64-3.8/scss
[ 2140s] copying scss/cssdefs.py -> build/lib.linux-riscv64-3.8/scss
[ 2140s] copying scss/errors.py -> build/lib.linux-riscv64-3.8/scss
[ 2140s] copying scss/legacy.py -> build/lib.linux-riscv64-3.8/scss
[ 2140s] copying scss/less2scss.py -> build/lib.linux-riscv64-3.8/scss
[ 2141s] copying scss/namespace.py -> build/lib.linux-riscv64-3.8/scss
[ 2141s] copying scss/rule.py -> build/lib.linux-riscv64-3.8/scss
[ 2141s] copying scss/scss_meta.py -> build/lib.linux-riscv64-3.8/scss
[ 2141s] copying scss/selector.py -> build/lib.linux-riscv64-3.8/scss
[ 2141s] copying scss/setup.py -> build/lib.linux-riscv64-3.8/scss
[ 2141s] copying scss/source.py -> build/lib.linux-riscv64-3.8/scss
[ 2141s] copying scss/types.py -> build/lib.linux-riscv64-3.8/scss
[ 2141s] copying scss/util.py -> build/lib.linux-riscv64-3.8/scss
[ 2141s] copying scss/tool.py -> build/lib.linux-riscv64-3.8/scss
[ 2141s] creating build/lib.linux-riscv64-3.8/scss/extension
[ 2141s] copying scss/extension/__init__.py -> build/lib.linux-riscv64-3.8/scss/extension
[ 2141s] copying scss/extension/api.py -> build/lib.linux-riscv64-3.8/scss/extension
[ 2141s] copying scss/extension/bootstrap.py -> build/lib.linux-riscv64-3.8/scss/extension
[ 2141s] copying scss/extension/core.py -> build/lib.linux-riscv64-3.8/scss/extension
[ 2141s] copying scss/extension/extra.py -> build/lib.linux-riscv64-3.8/scss/extension
[ 2141s] copying scss/extension/fonts.py -> build/lib.linux-riscv64-3.8/scss/extension
[ 2141s] creating build/lib.linux-riscv64-3.8/scss/extension/compass
[ 2141s] copying scss/extension/compass/__init__.py -> build/lib.linux-riscv64-3.8/scss/extension/compass
[ 2141s] copying scss/extension/compass/gradients.py -> build/lib.linux-riscv64-3.8/scss/extension/compass
[ 2141s] copying scss/extension/compass/helpers.py -> build/lib.linux-riscv64-3.8/scss/extension/compass
[ 2141s] copying scss/extension/compass/images.py -> build/lib.linux-riscv64-3.8/scss/extension/compass
[ 2141s] copying scss/extension/compass/layouts.py -> build/lib.linux-riscv64-3.8/scss/extension/compass
[ 2141s] copying scss/extension/compass/sprites.py -> build/lib.linux-riscv64-3.8/scss/extension/compass
[ 2141s] creating build/lib.linux-riscv64-3.8/scss/grammar
[ 2141s] copying scss/grammar/__init__.py -> build/lib.linux-riscv64-3.8/scss/grammar
[ 2141s] copying scss/grammar/expression.py -> build/lib.linux-riscv64-3.8/scss/grammar
[ 2141s] copying scss/grammar/scanner.py -> build/lib.linux-riscv64-3.8/scss/grammar
[ 2141s] running build_ext
[ 2141s] building 'scss.grammar._scanner' extension
[ 2141s] creating build/temp.linux-riscv64-3.8
[ 2141s] creating build/temp.linux-riscv64-3.8/scss
[ 2141s] creating build/temp.linux-riscv64-3.8/scss/src
[ 2141s] gcc -Wno-unused-result -Wsign-compare -DNDEBUG -D_GNU_SOURCE -fPIC -fwrapv -D_GNU_SOURCE -fPIC -fwrapv -fstack-protector-strong -O2 -g -pipe -Wall -Werror=format-security -Wp,-D_FORTIFY_SOURCE=2 -Wp,-D_GLIBCXX_ASSERTIONS -fstack-protector-strong -grecord-gcc-switches -specs=/usr/lib/rpm/generic-hardened-cc1 -fasynchronous-unwind-tables -fstack-clash-protection -fPIC -I/usr/include/python3.8 -c scss/src/_speedups.c -o build/temp.linux-riscv64-3.8/scss/src/_speedups.o
[ 2153s] gcc -Wno-unused-result -Wsign-compare -DNDEBUG -D_GNU_SOURCE -fPIC -fwrapv -D_GNU_SOURCE -fPIC -fwrapv -fstack-protector-strong -O2 -g -pipe -Wall -Werror=format-security -Wp,-D_FORTIFY_SOURCE=2 -Wp,-D_GLIBCXX_ASSERTIONS -fstack-protector-strong -grecord-gcc-switches -specs=/usr/lib/rpm/generic-hardened-cc1 -fasynchronous-unwind-tables -fstack-clash-protection -fPIC -I/usr/include/python3.8 -c scss/src/block_locator.c -o build/temp.linux-riscv64-3.8/scss/src/block_locator.o
[ 2158s] scss/src/block_locator.c: In function BlockLocator_new:
[ 2158s] scss/src/block_locator.c:321:3: warning: PyUnicode_GetSize is deprecated [-Wdeprecated-declarations]
[ 2158s]   321 |   self->codestr_sz = PyUnicode_GetSize((PyObject*)codestr);
[ 2158s]       |   ^~~~
[ 2158s] In file included from /usr/include/python3.8/Python.h:97,
[ 2158s]                  from scss/src/block_locator.c:11:
[ 2158s] /usr/include/python3.8/unicodeobject.h:177:43: note: declared here
[ 2158s]   177 | Py_DEPRECATED(3.3) PyAPI_FUNC(Py_ssize_t) PyUnicode_GetSize(
[ 2158s]       |                                           ^~~~~~~~~~~~~~~~~
[ 2161s] gcc -Wno-unused-result -Wsign-compare -DNDEBUG -D_GNU_SOURCE -fPIC -fwrapv -D_GNU_SOURCE -fPIC -fwrapv -fstack-protector-strong -O2 -g -pipe -Wall -Werror=format-security -Wp,-D_FORTIFY_SOURCE=2 -Wp,-D_GLIBCXX_ASSERTIONS -fstack-protector-strong -grecord-gcc-switches -specs=/usr/lib/rpm/generic-hardened-cc1 -fasynchronous-unwind-tables -fstack-clash-protection -fPIC -I/usr/include/python3.8 -c scss/src/scanner.c -o build/temp.linux-riscv64-3.8/scss/src/scanner.o
[ 2168s] gcc -Wno-unused-result -Wsign-compare -DNDEBUG -D_GNU_SOURCE -fPIC -fwrapv -D_GNU_SOURCE -fPIC -fwrapv -fstack-protector-strong -O2 -g -pipe -Wall -Werror=format-security -Wp,-D_FORTIFY_SOURCE=2 -Wp,-D_GLIBCXX_ASSERTIONS -fstack-protector-strong -grecord-gcc-switches -specs=/usr/lib/rpm/generic-hardened-cc1 -fasynchronous-unwind-tables -fstack-clash-protection -fPIC -I/usr/include/python3.8 -c scss/src/hashtable.c -o build/temp.linux-riscv64-3.8/scss/src/hashtable.o
[ 2172s] gcc -shared -g -Wl,-z,relro -Wl,-z,now -specs=/usr/lib/rpm/generic-hardened-ld -O2 -g -pipe -Wall -Werror=format-security -Wp,-D_FORTIFY_SOURCE=2 -Wp,-D_GLIBCXX_ASSERTIONS -fstack-protector-strong -grecord-gcc-switches -specs=/usr/lib/rpm/generic-hardened-cc1 -fasynchronous-unwind-tables -fstack-clash-protection build/temp.linux-riscv64-3.8/scss/src/_speedups.o build/temp.linux-riscv64-3.8/scss/src/block_locator.o build/temp.linux-riscv64-3.8/scss/src/scanner.o build/temp.linux-riscv64-3.8/scss/src/hashtable.o -L/usr/lib64 -lpcre -o build/lib.linux-riscv64-3.8/scss/grammar/_scanner.cpython-38-riscv64-linux-gnu.so
[ 2174s] + sleep 1
[ 2175s] + cd docs
[ 2175s] + make SPHINXBUILD=sphinx-build-3 man
[ 2176s] sphinx-build-3 -b man -d _build/doctrees   . _build/man
[ 2184s] Traceback (most recent call last):
[ 2184s]   File "/usr/bin/sphinx-build-3", line 6, in <module>
[ 2184s]     from pkg_resources import load_entry_point
[ 2184s]   File "/usr/lib/python3.8/site-packages/pkg_resources/__init__.py", line 3266, in <module>
[ 2184s]     def _initialize_master_working_set():
[ 2184s]   File "/usr/lib/python3.8/site-packages/pkg_resources/__init__.py", line 3240, in _call_aside
[ 2184s]     f(*args, **kwargs)
[ 2184s]   File "/usr/lib/python3.8/site-packages/pkg_resources/__init__.py", line 3278, in _initialize_master_working_set
[ 2184s]     working_set = WorkingSet._build_master()
[ 2184s]   File "/usr/lib/python3.8/site-packages/pkg_resources/__init__.py", line 573, in _build_master
[ 2184s]     ws.require(__requires__)
[ 2184s]   File "/usr/lib/python3.8/site-packages/pkg_resources/__init__.py", line 891, in require
[ 2184s]     needed = self.resolve(parse_requirements(requirements))
[ 2184s]   File "/usr/lib/python3.8/site-packages/pkg_resources/__init__.py", line 777, in resolve
[ 2184s]     raise DistributionNotFound(req, requirers)
[ 2184s] pkg_resources.DistributionNotFound: The 'pytz>=2015.7' distribution was not found and is required by babel
[ 2184s] make: *** [Makefile:117: man] Error 1
[ 2184s] error: Bad exit status from /var/tmp/rpm-tmp.vNRSuT (%build)
[ 2184s] 
[ 2184s] 
[ 2184s] RPM build errors:
[ 2184s]     Bad exit status from /var/tmp/rpm-tmp.vNRSuT (%build)
[ 2185s] 
[ 2185s] oe-RISCV-worker24 failed "build pyScss.spec" at Sun Apr 17 13:08:54 UTC 2022.
[ 2185s] 
