[    0s] Memory limit set to 10955196KB
[    0s] Using BUILD_ROOT=/var/cache/obs/worker/root_2
[    0s] Using BUILD_ARCH=riscv64
[    0s] 
[    4s] 
[    4s] oe-RISCV-worker21 started "build _service:extract_file:python-sphinx.spec" at Thu Apr 21 09:22:54 UTC 2022.
[    4s] 
[    4s] Building python-sphinx for project 'openEuler:Mainline:RISC-V' repository 'advanced_riscv64' arch 'riscv64' srcmd5 '537fbd458c97955d1293de9b1e383911'
[    4s] 
[    4s] processing recipe /var/cache/obs/worker/root_2/.build-srcdir/_service:extract_file:python-sphinx.spec ...
[    9s] running changelog2spec --target rpm --file /var/cache/obs/worker/root_2/.build-srcdir/_service:extract_file:python-sphinx.spec
[   11s] init_buildsystem --configdir /var/run/obs/worker/2/build/configs --cachedir /var/cache/build --clean --rpmlist /var/cache/obs/worker/root_2/.build.rpmlist /var/cache/obs/worker/root_2/.build-srcdir/_service:extract_file:python-sphinx.spec build ...
[  109s] cycle: bash -> coreutils
[  109s]   breaking dependency coreutils -> bash
[  109s] cycle: bash -> coreutils -> info
[  109s]   breaking dependency coreutils -> info
[  109s] cycle: glibc -> filesystem -> bash -> coreutils
[  109s]   breaking dependency filesystem -> bash
[  109s] cycle: glibc -> filesystem -> coreutils
[  109s]   breaking dependency coreutils -> glibc
[  109s] cycle: glibc -> filesystem -> coreutils -> libacl
[  109s]   breaking dependency coreutils -> libacl
[  109s] cycle: glibc -> filesystem -> coreutils -> attr
[  109s]   breaking dependency coreutils -> attr
[  109s] cycle: coreutils -> libcap -> bash
[  109s]   breaking dependency coreutils -> libcap
[  109s] cycle: glibc -> filesystem -> coreutils -> openssl-libs
[  109s]   breaking dependency coreutils -> openssl-libs
[  109s] cycle: glibc -> filesystem -> coreutils -> libselinux
[  109s]   breaking dependency libselinux -> glibc
[  109s] cycle: glibc -> filesystem -> coreutils -> libselinux -> pcre2
[  109s]   breaking dependency pcre2 -> glibc
[  109s] cycle: glibc -> filesystem -> coreutils -> libselinux -> pcre2 -> readline
[  109s]   breaking dependency readline -> glibc
[  109s] cycle: glibc -> filesystem -> coreutils -> libselinux -> pcre2 -> readline -> ncurses-libs
[  109s]   breaking dependency coreutils -> libselinux
[  109s] cycle: glibc -> filesystem -> coreutils -> ncurses
[  109s]   breaking dependency ncurses -> glibc
[  109s] cycle: glibc -> filesystem -> coreutils -> ncurses -> ncurses-libs
[  109s]   breaking dependency ncurses -> ncurses-libs
[  109s] cycle: filesystem -> coreutils -> ncurses -> libgcc
[  109s]   breaking dependency ncurses -> libgcc
[  109s] cycle: perl-Carp -> perl-libs
[  109s]   breaking dependency perl-libs -> perl-Carp
[  109s] cycle: perl-libs -> perl-Exporter
[  109s]   breaking dependency perl-libs -> perl-Exporter
[  109s] cycle: perl-Carp -> perl-Exporter
[  109s]   breaking dependency perl-Exporter -> perl-Carp
[  109s] cycle: nss-util -> nss
[  109s]   breaking dependency nss -> nss-util
[  109s] cycle: nss-softokn -> nss-util -> nss
[  109s]   breaking dependency nss -> nss-softokn
[  109s] cycle: systemd -> cryptsetup -> device-mapper
[  109s]   breaking dependency systemd -> cryptsetup
[  109s] cycle: audit -> systemd -> pam
[  109s]   breaking dependency systemd -> pam
[  110s] [1/84] preinstalling dbus...
[  111s] [2/84] preinstalling libffi-devel...
[  112s] [3/84] preinstalling nodejs-source-map...
[  113s] [4/84] preinstalling python3-pip...
[  117s] [5/84] preinstalling python3-setuptools_scm...
[  118s] [6/84] preinstalling ncurses...
[  125s] [7/84] preinstalling coreutils...
[  130s] [8/84] preinstalling filesystem...
[  133s] [9/84] preinstalling glibc...
[  138s] [10/84] preinstalling libgcc...
[  139s] [11/84] preinstalling diffutils...
[  141s] [12/84] preinstalling libcap-ng...
[  142s] [13/84] preinstalling libgpg-error...
[  144s] [14/84] preinstalling libpcap...
[  145s] [15/84] preinstalling libsmartcols...
[  146s] [16/84] preinstalling libuuid...
[  147s] [17/84] preinstalling libxcrypt...
[  148s] [18/84] preinstalling lz4...
[  150s] [19/84] preinstalling m4...
[  151s] [20/84] preinstalling ncurses-libs...
[  152s] [21/84] preinstalling nspr...
[  153s] [22/84] preinstalling xz-libs...
[  154s] [23/84] preinstalling zlib...
[  155s] [24/84] preinstalling attr...
[  156s] [25/84] preinstalling libdb...
[  161s] [26/84] preinstalling zstd...
[  163s] [27/84] preinstalling audit-libs...
[  164s] [28/84] preinstalling file...
[  166s] [29/84] preinstalling iptables-libs...
[  166s] [30/84] preinstalling libacl...
[  168s] [31/84] preinstalling libgcrypt...
[  169s] [32/84] preinstalling openssl-libs...
[  172s] [33/84] preinstalling readline...
[  173s] [34/84] preinstalling bash...
[  176s] [35/84] preinstalling cmake...
[  190s] [36/84] preinstalling perl-libs...
[  195s] [37/84] preinstalling dnf...
[  196s] [38/84] preinstalling pcre2...
[  197s] [39/84] preinstalling perl-Exporter...
[  198s] [40/84] preinstalling bzip2...
[  199s] [41/84] preinstalling elfutils...
[  201s] [42/84] preinstalling hostname...
[  202s] [43/84] preinstalling libcap...
[  203s] [44/84] preinstalling pcre...
[  204s] [45/84] preinstalling popt...
[  205s] [46/84] preinstalling acl...
[  206s] [47/84] preinstalling libblkid...
[  207s] [48/84] preinstalling openssl...
[  208s] [49/84] preinstalling sqlite...
[  211s] [50/84] preinstalling tar...
[  213s] [51/84] preinstalling info...
[  214s] [52/84] preinstalling libgcrypt-devel...
[  215s] [53/84] preinstalling lua...
[  216s] [54/84] preinstalling libselinux...
[  217s] [55/84] preinstalling perl-Carp...
[  218s] [56/84] preinstalling copy-jdk-configs...
[  219s] [57/84] preinstalling libfdisk...
[  220s] [58/84] preinstalling perl-Digest-MD5...
[  221s] [59/84] preinstalling grep...
[  223s] [60/84] preinstalling rpm-libs...
[  224s] [61/84] preinstalling chkconfig...
[  226s] [62/84] preinstalling sed...
[  227s] [63/84] preinstalling libmount...
[  228s] [64/84] preinstalling libsemanage...
[  229s] [65/84] preinstalling perl-constant...
[  230s] [66/84] preinstalling findutils...
[  232s] [67/84] preinstalling xz...
[  233s] [68/84] preinstalling perl-Getopt-Long...
[  234s] [69/84] preinstalling glib2...
[  240s] [70/84] preinstalling nss...
[  242s] [71/84] preinstalling perl-Data-Dumper...
[  243s] [72/84] preinstalling systemd-libs...
[  244s] [73/84] preinstalling systemd...
[  250s] [74/84] preinstalling dbus-libs...
[  251s] [75/84] preinstalling nss-util...
[  253s] [76/84] preinstalling audit...
[  255s] [77/84] preinstalling nss-softokn...
[  256s] [78/84] preinstalling pam...
[  259s] [79/84] preinstalling rpm...
[  261s] [80/84] preinstalling openEuler-rpm-config...
[  262s] [81/84] preinstalling util-linux...
[  267s] [82/84] preinstalling device-mapper...
[  268s] [83/84] preinstalling cryptsetup...
[  270s] [84/84] preinstalling lvm2...
[  274s] 
[  277s] initializing rpm db...
[  293s] reordering...cycle: adobe-mappings-cmap -> adobe-mappings-cmap-lang
[  293s]   breaking dependency adobe-mappings-cmap-lang -> adobe-mappings-cmap
[  293s] cycle: bash -> coreutils
[  293s]   breaking dependency coreutils -> bash
[  293s] cycle: bash -> coreutils -> info
[  293s]   breaking dependency coreutils -> info
[  293s] cycle: glibc -> basesystem -> filesystem -> bash -> coreutils -> gmp
[  293s]   breaking dependency filesystem -> bash
[  293s] cycle: glibc -> basesystem -> filesystem -> coreutils -> gmp
[  293s]   breaking dependency coreutils -> gmp
[  293s] cycle: glibc -> basesystem -> filesystem -> coreutils
[  293s]   breaking dependency coreutils -> glibc
[  293s] cycle: glibc -> basesystem -> filesystem -> coreutils -> libacl
[  293s]   breaking dependency coreutils -> libacl
[  293s] cycle: glibc -> basesystem -> filesystem -> coreutils -> attr
[  293s]   breaking dependency coreutils -> attr
[  293s] cycle: coreutils -> libcap -> bash
[  293s]   breaking dependency coreutils -> libcap
[  293s] cycle: glibc -> basesystem -> filesystem -> coreutils -> openssl-libs
[  293s]   breaking dependency openssl-libs -> glibc
[  293s] cycle: coreutils -> openssl-libs -> ca-certificates -> bash
[  293s]   breaking dependency ca-certificates -> bash
[  293s] cycle: coreutils -> openssl-libs -> ca-certificates
[  293s]   breaking dependency ca-certificates -> coreutils
[  293s] cycle: coreutils -> openssl-libs -> ca-certificates -> grep -> bash
[  293s]   breaking dependency grep -> bash
[  293s] cycle: coreutils -> openssl-libs -> ca-certificates -> grep
[  293s]   breaking dependency ca-certificates -> grep
[  293s] cycle: glibc -> basesystem -> filesystem -> coreutils -> openssl-libs -> ca-certificates -> p11-kit
[  293s]   breaking dependency p11-kit -> glibc
[  293s] cycle: glibc -> basesystem -> filesystem -> coreutils -> openssl-libs -> ca-certificates -> p11-kit -> libffi
[  293s]   breaking dependency openssl-libs -> ca-certificates
[  293s] cycle: coreutils -> openssl-libs -> crypto-policies -> bash
[  293s]   breaking dependency crypto-policies -> bash
[  293s] cycle: coreutils -> openssl-libs -> crypto-policies
[  293s]   breaking dependency crypto-policies -> coreutils
[  293s] cycle: coreutils -> openssl-libs -> crypto-policies -> grep
[  293s]   breaking dependency grep -> coreutils
[  293s] cycle: glibc -> basesystem -> filesystem -> coreutils -> openssl-libs -> crypto-policies -> grep
[  293s]   breaking dependency glibc -> basesystem
[  293s] cycle: glibc -> glibc-common -> bash -> coreutils -> openssl-libs -> crypto-policies -> grep
[  293s]   breaking dependency glibc-common -> bash
[  293s] cycle: glibc -> glibc-common -> coreutils -> openssl-libs -> crypto-policies -> grep
[  293s]   breaking dependency glibc-common -> coreutils
[  293s] cycle: glibc -> glibc-common
[  293s]   breaking dependency glibc-common -> glibc
[  293s] cycle: glibc -> glibc-common -> libselinux
[  293s]   breaking dependency libselinux -> glibc
[  293s] cycle: glibc -> glibc-common -> libselinux -> pcre2
[  293s]   breaking dependency pcre2 -> glibc
[  293s] cycle: glibc -> glibc-common -> libselinux -> pcre2 -> readline
[  293s]   breaking dependency readline -> glibc
[  293s] cycle: glibc -> glibc-common -> libselinux -> pcre2 -> readline -> ncurses-libs
[  293s]   breaking dependency libselinux -> pcre2
[  293s] cycle: glibc -> glibc-common -> libselinux -> libsepol -> bash -> coreutils -> openssl-libs -> crypto-policies -> grep
[  293s]   breaking dependency bash -> coreutils
[  293s] cycle: glibc -> glibc-common -> libselinux -> libsepol -> bash -> filesystem -> coreutils -> openssl-libs -> crypto-policies -> grep
[  293s]   breaking dependency libsepol -> bash
[  293s] cycle: glibc -> glibc-common -> libselinux -> libsepol -> coreutils -> openssl-libs -> crypto-policies -> grep
[  293s]   breaking dependency coreutils -> openssl-libs
[  293s] cycle: libselinux -> libsepol -> coreutils
[  293s]   breaking dependency libsepol -> coreutils
[  293s] cycle: glibc -> glibc-common -> libselinux -> libsepol
[  293s]   breaking dependency glibc -> glibc-common
[  293s] cycle: glibc -> filesystem -> coreutils -> libselinux -> libsepol
[  293s]   breaking dependency filesystem -> coreutils
[  293s] cycle: filesystem -> setup
[  293s]   breaking dependency filesystem -> setup
[  293s] cycle: systemd -> cryptsetup -> device-mapper
[  293s]   breaking dependency systemd -> cryptsetup
[  293s] cycle: perl-libs -> perl-Carp
[  293s]   breaking dependency perl-libs -> perl-Carp
[  293s] cycle: perl-libs -> perl-Exporter
[  293s]   breaking dependency perl-libs -> perl-Exporter
[  293s] cycle: perl-Carp -> perl-Exporter
[  293s]   breaking dependency perl-Exporter -> perl-Carp
[  293s] cycle: perl -> perl-PathTools
[  293s]   breaking dependency perl -> perl-PathTools
[  293s] cycle: perl -> perl-ExtUtils-MakeMaker
[  293s]   breaking dependency perl -> perl-ExtUtils-MakeMaker
[  293s] cycle: perl -> perl-File-Path -> perl-PathTools
[  293s]   breaking dependency perl -> perl-File-Path
[  293s] cycle: perl -> perl-Getopt-Long -> perl-Pod-Usage
[  293s]   breaking dependency perl -> perl-Getopt-Long
[  293s] cycle: perl -> perl-Locale-Maketext
[  293s]   breaking dependency perl -> perl-Locale-Maketext
[  293s] cycle: perl -> perl-Pod-Simple
[  293s]   breaking dependency perl -> perl-Pod-Simple
[  293s] cycle: perl -> perl-Socket
[  293s]   breaking dependency perl -> perl-Socket
[  293s] cycle: perl -> perl-Storable
[  293s]   breaking dependency perl -> perl-Storable
[  293s] cycle: perl -> perl-Text-Tabs+Wrap
[  293s]   breaking dependency perl -> perl-Text-Tabs+Wrap
[  293s] cycle: perl -> perl-Time-Local -> perl-constant
[  293s]   breaking dependency perl -> perl-Time-Local
[  293s] cycle: perl -> perl-constant
[  293s]   breaking dependency perl -> perl-constant
[  293s] cycle: perl -> perl-threads
[  293s]   breaking dependency perl -> perl-threads
[  293s] cycle: perl -> perl-threads-shared
[  293s]   breaking dependency perl -> perl-threads-shared
[  293s] cycle: perl -> perl-Archive-Tar
[  293s]   breaking dependency perl -> perl-Archive-Tar
[  293s] cycle: perl -> perl-B-Debug
[  293s]   breaking dependency perl -> perl-B-Debug
[  293s] cycle: perl -> perl-CPAN-Meta -> perl-CPAN-Meta-Requirements
[  293s]   breaking dependency perl -> perl-CPAN-Meta
[  293s] cycle: perl -> perl-CPAN-Meta-Requirements
[  293s]   breaking dependency perl -> perl-CPAN-Meta-Requirements
[  293s] cycle: perl -> perl-CPAN-Meta-YAML
[  293s]   breaking dependency perl -> perl-CPAN-Meta-YAML
[  293s] cycle: perl -> perl-Compress-Raw-Bzip2
[  293s]   breaking dependency perl -> perl-Compress-Raw-Bzip2
[  293s] cycle: perl -> perl-Compress-Raw-Zlib
[  293s]   breaking dependency perl -> perl-Compress-Raw-Zlib
[  293s] cycle: perl -> perl-Config-Perl-V
[  293s]   breaking dependency perl -> perl-Config-Perl-V
[  293s] cycle: perl -> perl-DB_File
[  293s]   breaking dependency perl -> perl-DB_File
[  293s] cycle: perl -> perl-Data-Dumper
[  293s]   breaking dependency perl -> perl-Data-Dumper
[  293s] cycle: perl -> perl-Devel-PPPort
[  293s]   breaking dependency perl -> perl-Devel-PPPort
[  293s] cycle: perl -> perl-Digest -> perl-MIME-Base64
[  293s]   breaking dependency perl -> perl-Digest
[  293s] cycle: perl -> perl-Digest-MD5 -> perl-Digest -> perl-MIME-Base64
[  293s]   breaking dependency perl -> perl-Digest-MD5
[  293s] cycle: perl -> perl-Digest-SHA
[  293s]   breaking dependency perl -> perl-Digest-SHA
[  293s] cycle: perl -> perl-Encode
[  293s]   breaking dependency perl -> perl-Encode
[  293s] cycle: perl -> perl-Env
[  293s]   breaking dependency perl -> perl-Env
[  293s] cycle: perl -> perl-ExtUtils-Command
[  293s]   breaking dependency perl -> perl-ExtUtils-Command
[  293s] cycle: perl -> perl-ExtUtils-Install
[  293s]   breaking dependency perl -> perl-ExtUtils-Install
[  293s] cycle: perl -> perl-ExtUtils-Manifest
[  293s]   breaking dependency perl -> perl-ExtUtils-Manifest
[  293s] cycle: perl -> perl-ExtUtils-ParseXS
[  293s]   breaking dependency perl -> perl-ExtUtils-ParseXS
[  293s] cycle: perl -> perl-File-Fetch -> perl-PathTools
[  293s]   breaking dependency perl -> perl-File-Fetch
[  293s] cycle: perl -> perl-File-Temp -> perl-PathTools
[  293s]   breaking dependency perl -> perl-File-Temp
[  293s] cycle: perl -> perl-Filter
[  293s]   breaking dependency perl -> perl-Filter
[  293s] cycle: perl -> perl-Filter-Simple -> perl-Filter
[  293s]   breaking dependency perl -> perl-Filter-Simple
[  293s] cycle: perl -> perl-HTTP-Tiny
[  293s]   breaking dependency perl -> perl-HTTP-Tiny
[  293s] cycle: perl -> perl-IO-Compress
[  293s]   breaking dependency perl -> perl-IO-Compress
[  293s] cycle: perl -> perl-IO-Socket-IP
[  293s]   breaking dependency perl -> perl-IO-Socket-IP
[  293s] cycle: perl -> perl-IPC-Cmd -> perl-ExtUtils-MakeMaker
[  293s]   breaking dependency perl -> perl-IPC-Cmd
[  293s] cycle: perl -> perl-IPC-SysV
[  293s]   breaking dependency perl -> perl-IPC-SysV
[  293s] cycle: perl -> perl-JSON-PP
[  293s]   breaking dependency perl -> perl-JSON-PP
[  293s] cycle: perl -> perl-Locale-Codes -> perl-constant
[  293s]   breaking dependency perl -> perl-Locale-Codes
[  293s] cycle: perl -> perl-MIME-Base64
[  293s]   breaking dependency perl -> perl-MIME-Base64
[  293s] cycle: perl -> perl-Math-BigInt
[  293s]   breaking dependency perl -> perl-Math-BigInt
[  293s] cycle: perl -> perl-Math-BigInt-FastCalc -> perl-Math-BigInt
[  293s]   breaking dependency perl -> perl-Math-BigInt-FastCalc
[  293s] cycle: perl -> perl-Math-BigRat -> perl-Math-BigInt
[  293s]   breaking dependency perl -> perl-Math-BigRat
[  293s] cycle: perl -> perl-Module-CoreList
[  293s]   breaking dependency perl -> perl-Module-CoreList
[  293s] cycle: perl -> perl-Module-Load -> perl-PathTools
[  293s]   breaking dependency perl -> perl-Module-Load
[  293s] cycle: perl -> perl-Module-Load-Conditional
[  293s]   breaking dependency perl -> perl-Module-Load-Conditional
[  293s] cycle: perl -> perl-Module-Metadata
[  293s]   breaking dependency perl -> perl-Module-Metadata
[  293s] cycle: perl -> perl-Params-Check
[  293s]   breaking dependency perl -> perl-Params-Check
[  293s] cycle: perl -> perl-PerlIO-via-QuotedPrint -> perl-MIME-Base64
[  293s]   breaking dependency perl -> perl-PerlIO-via-QuotedPrint
[  293s] cycle: perl -> perl-Pod-Checker
[  293s]   breaking dependency perl -> perl-Pod-Checker
[  293s] cycle: perl -> perl-Pod-Escapes
[  293s]   breaking dependency perl -> perl-Pod-Escapes
[  293s] cycle: perl -> perl-Pod-Parser
[  293s]   breaking dependency perl -> perl-Pod-Parser
[  293s] cycle: perl -> perl-Pod-Perldoc
[  293s]   breaking dependency perl -> perl-Pod-Perldoc
[  293s] cycle: perl -> perl-Pod-Usage
[  293s]   breaking dependency perl -> perl-Pod-Usage
[  293s] cycle: perl -> perl-Sys-Syslog
[  293s]   breaking dependency perl -> perl-Sys-Syslog
[  293s] cycle: perl -> perl-Term-Cap
[  293s]   breaking dependency perl -> perl-Term-Cap
[  293s] cycle: perl -> perl-Test-Harness
[  293s]   breaking dependency perl -> perl-Test-Harness
[  293s] cycle: perl -> perl-Test-Simple
[  293s]   breaking dependency perl -> perl-Test-Simple
[  293s] cycle: perl -> perl-Text-Balanced
[  293s]   breaking dependency perl -> perl-Text-Balanced
[  293s] cycle: perl -> perl-Thread-Queue -> perl-threads-shared
[  293s]   breaking dependency perl -> perl-Thread-Queue
[  293s] cycle: perl -> perl-Unicode-Collate -> perl-PathTools
[  293s]   breaking dependency perl -> perl-Unicode-Collate
[  293s] cycle: perl -> perl-autodie
[  293s]   breaking dependency perl -> perl-autodie
[  293s] cycle: perl -> perl-bignum -> perl-Math-BigInt
[  293s]   breaking dependency perl -> perl-bignum
[  293s] cycle: perl -> perl-devel
[  293s]   breaking dependency perl -> perl-devel
[  293s] cycle: perl -> perl-Encode-devel
[  293s]   breaking dependency perl -> perl-Encode-devel
[  293s] cycle: perl -> perl-experimental
[  293s]   breaking dependency perl -> perl-experimental
[  293s] cycle: perl -> perl-libnet -> perl-Digest-MD5 -> perl-Digest -> perl-MIME-Base64
[  293s]   breaking dependency perl -> perl-libnet
[  293s] cycle: perl -> perl-podlators
[  293s]   breaking dependency perl -> perl-podlators
[  293s] cycle: perl -> perl-version
[  293s]   breaking dependency perl -> perl-version
[  293s] cycle: glib2 -> gamin
[  293s]   breaking dependency glib2 -> gamin
[  293s] cycle: systemd -> gnutls -> unbound-libs -> shadow -> pam -> audit
[  293s]   breaking dependency systemd -> gnutls
[  293s] cycle: systemd -> pam -> audit
[  293s]   breaking dependency systemd -> pam
[  293s] cycle: systemd -> shadow -> pam -> audit
[  293s]   breaking dependency systemd -> shadow
[  293s] cycle: pam -> libpwquality
[  293s]   breaking dependency pam -> libpwquality
[  293s] cycle: perl-Getopt-Long -> perl-Pod-Usage
[  293s]   breaking dependency perl-Pod-Usage -> perl-Getopt-Long
[  293s] cycle: perl-Getopt-Long -> perl-Pod-Usage -> perl-podlators -> perl-Encode
[  293s]   breaking dependency perl-podlators -> perl-Encode
[  293s] cycle: perl-Getopt-Long -> perl-Pod-Usage -> perl-podlators
[  293s]   breaking dependency perl-podlators -> perl-Getopt-Long
[  293s] cycle: perl-Getopt-Long -> perl-Pod-Usage -> perl-podlators -> perl-Pod-Simple -> perl-Encode
[  293s]   breaking dependency perl-Encode -> perl-Getopt-Long
[  293s] cycle: perl-Getopt-Long -> perl-Pod-Usage -> perl-podlators -> perl-Pod-Simple
[  293s]   breaking dependency perl-podlators -> perl-Pod-Simple
[  293s] cycle: perl-Pod-Usage -> perl-podlators
[  293s]   breaking dependency perl-podlators -> perl-Pod-Usage
[  293s] cycle: groff -> perl-Getopt-Long -> perl-Pod-Usage -> perl-Pod-Perldoc
[  293s]   breaking dependency groff -> perl-Getopt-Long
[  293s] cycle: libxcrypt-devel -> glibc-devel
[  293s]   breaking dependency glibc-devel -> libxcrypt-devel
[  293s] cycle: cmake-data -> cmake
[  293s]   breaking dependency cmake -> cmake-data
[  293s] cycle: nss-util -> nss
[  293s]   breaking dependency nss -> nss-util
[  293s] cycle: nss-softokn -> nss-util -> nss
[  293s]   breaking dependency nss -> nss-softokn
[  293s] cycle: fontconfig -> urw-base35-nimbus-sans-fonts
[  293s]   breaking dependency fontconfig -> urw-base35-nimbus-sans-fonts
[  293s] cycle: fontconfig -> urw-base35-nimbus-roman-fonts
[  293s]   breaking dependency fontconfig -> urw-base35-nimbus-roman-fonts
[  293s] cycle: fontconfig -> urw-base35-nimbus-mono-ps-fonts
[  293s]   breaking dependency fontconfig -> urw-base35-nimbus-mono-ps-fonts
[  293s] cycle: fontconfig -> urw-base35-c059-fonts
[  293s]   breaking dependency fontconfig -> urw-base35-c059-fonts
[  293s] cycle: fontconfig -> urw-base35-p052-fonts
[  293s]   breaking dependency fontconfig -> urw-base35-p052-fonts
[  293s] cycle: fontconfig -> urw-base35-d050000l-fonts
[  293s]   breaking dependency fontconfig -> urw-base35-d050000l-fonts
[  293s] cycle: fontconfig -> urw-base35-gothic-fonts
[  293s]   breaking dependency fontconfig -> urw-base35-gothic-fonts
[  293s] cycle: fontconfig -> urw-base35-z003-fonts
[  293s]   breaking dependency fontconfig -> urw-base35-z003-fonts
[  293s] cycle: fontconfig -> urw-base35-bookman-fonts
[  293s]   breaking dependency fontconfig -> urw-base35-bookman-fonts
[  293s] cycle: perl-Getopt-Long -> perl-Pod-Usage -> perl-Pod-Perldoc -> perl-Pod-Simple
[  293s]   breaking dependency perl-Pod-Perldoc -> perl-Pod-Simple
[  293s] cycle: openssh -> openssh-server
[  293s]   breaking dependency openssh-server -> openssh
[  293s] cycle: git -> perl-Git
[  293s]   breaking dependency git -> perl-Git
[  293s] cycle: perl-ExtUtils-Install -> perl-ExtUtils-MakeMaker
[  293s]   breaking dependency perl-ExtUtils-MakeMaker -> perl-ExtUtils-Install
[  294s] done
[  294s] querying package ids...
[  339s] [1/463] installing adobe-mappings-pdf-20190401-2.oe1
[  344s] [2/463] installing cmake-filesystem-3.22.0-1.oe1
[  346s] [3/463] installing fonts-filesystem-2.0.2-2.oe1
[  348s] [4/463] installing fuse-common-3.9.2-5.oe1
[  349s] [5/463] installing kernel-headers-5.10-3.oe1
[  359s] [6/463] installing libreport-filesystem-2.13.1-5.oe1
[  360s] [7/463] installing ncurses-base-6.1-14.oe1
[  363s] [8/463] installing openEuler-gpg-keys-1.0-2.5.oe1
[  364s] [9/463] installing python-setuptools-59.4.0-3.oe1
[  366s] [10/463] installing qt5-srpm-macros-5.15.2-1.oe1
[  367s] [11/463] installing tzdata-2021a-2.oe1
[  376s] [12/463] installing xkeyboard-config-2.30-1.oe1
[  381s] [13/463] installing dnf-data-4.10.0-1.oe1
[  384s] [14/463] installing google-droid-sans-fonts-20120715-15.oe1
[  389s] [15/463] installing openEuler-repos-1.0-2.5.oe1
[  391s] [16/463] installing openEuler-release-20.03LTS-40.oe1
[  392s] [17/463] installing adobe-mappings-cmap-lang-20190730-3.oe1
[  400s] [18/463] installing filesystem-3.9-3.oe1
[  415s] warning: group mail does not exist - using root
[  415s] [19/463] installing adobe-mappings-cmap-20190730-3.oe1
[  416s] [20/463] installing emacs-filesystem-1:27.1-5.oe1
[  417s] [21/463] installing libgcc-10.3.1-20220105.6.oe1
[  419s] [22/463] installing setup-2.13.3-4.oe1
[  421s] [23/463] installing urw-base35-fonts-common-20170801-11
[  422s] [24/463] installing glibc-2.34-64.oe1
[  429s] [25/463] installing brotli-1.0.9-2.oe1
[  431s] [26/463] installing chrpath-0.16-12.oe1
[  432s] [27/463] installing cpio-2.13-4.oe1
[  434s] [28/463] installing diffutils-3.7-4.oe1
[  436s] [29/463] installing dos2unix-7.4.2-1.oe1
[  440s] [30/463] installing expat-2.2.10-1.oe1
[  441s] [31/463] installing fribidi-1.0.10-1.oe1
[  448s] [32/463] installing jbig2dec-0.19-2.oe1
[  452s] [33/463] installing jbigkit-libs-2.1-17.oe1
[  454s] [34/463] installing json-c-0.15-1.oe1
[  456s] [35/463] installing keyutils-libs-1.6.3-3.oe1
[  458s] [36/463] installing lcms2-2.11-2.oe1
[  459s] [37/463] installing libICE-1.0.10-2.oe1
[  461s] [38/463] installing libXau-1.0.9-2.oe1
[  462s] [39/463] installing libaio-0.3.112-1.oe1
[  464s] [40/463] installing libargon2-20190702-1.oe1
[  466s] [41/463] installing libatomic-10.3.1-20220105.6.oe1
[  467s] [42/463] installing libcap-ng-0.7.11-1.oe1
[  468s] [43/463] installing libdatrie-0.2.12-1.oe1
[  470s] [44/463] installing libepoxy-1.5.3-2
[  472s] [45/463] installing libev-4.24-11.oe1
[  473s] [46/463] installing libffi-3.3-31.oe1
[  474s] [47/463] installing libgomp-10.3.1-20220105.6.oe1
[  476s] [48/463] installing libgpg-error-1.41-1.oe1
[  479s] [49/463] installing libijs-0.35-9.oe1
[  481s] [50/463] installing libjpeg-turbo-2.0.6-1.oe1
[  482s] [51/463] installing libnghttp2-1.42.0-1.oe1
[  484s] [52/463] installing libpcap-14:1.9.1-7.oe1
[  485s] [53/463] installing libpipeline-1.5.3-1.oe1
[  490s] [54/463] installing libsigsegv-2.11-10.oe1
[  493s] [55/463] installing libsmartcols-2.36.1-3.oe1
[  496s] [56/463] installing libtasn1-4.16.0-2.oe1
[  497s] [57/463] installing libtool-ltdl-2.4.6-34.oe1
[  499s] [58/463] installing libunistring-0.9.10-8.oe1
[  501s] [59/463] installing libuuid-2.36.1-3.oe1
[  502s] [60/463] installing libuv-1:1.40.0-1.oe1
[  504s] [61/463] installing libwebp-1.1.0-3.oe1
[  505s] [62/463] installing libxcrypt-4.4.8-4.oe1
[  509s] [63/463] installing libyaml-0.2.5-1.oe1
[  511s] [64/463] installing lz4-1.9.3-1.oe1
[  513s] [65/463] installing m4-1.4.18-14.oe1
[  515s] [66/463] installing mcpp-2.7.2-25.oe1
[  516s] [67/463] installing nspr-4.32.0-1.oe1
[  518s] [68/463] installing openjpeg2-2.3.1-6.oe1
[  519s] [69/463] installing pixman-0.38.0-1.oe1
[  521s] [70/463] installing pkgconf-1.7.3-1.oe1
[  532s] [71/463] installing rhash-1.3.5-5.oe1
[  534s] [72/463] installing which-2.21-14.oe1
[  536s] [73/463] installing xz-libs-5.2.5-1.oe1
[  537s] [74/463] installing zlib-1.2.11-18.oe1
[  539s] [75/463] installing attr-2.4.48-12.oe1
[  541s] [76/463] installing basesystem-12-2.oe1
[  542s] [77/463] installing libidn-1.36-1.oe1
[  544s] [78/463] installing libstdc++-10.3.1-20220105.6.oe1
[  546s] [79/463] installing ncurses-libs-6.1-14.oe1
[  548s] [80/463] installing libsepol-3.1-4.oe1
[  552s] [81/463] installing libstdc++-devel-10.3.1-20220105.6.oe1
[  566s] [82/463] installing audit-libs-1:3.0-2.oe1
[  568s] [83/463] installing elfutils-libelf-0.185-3.oe1
[  570s] [84/463] installing file-libs-5.39-6.oe1
[  575s] [85/463] installing gmp-1:6.2.1-3.oe1
[  577s] [86/463] installing iptables-libs-1.8.1-4.oe1
[  579s] [87/463] installing less-563-2.oe1
[  580s] [88/463] installing libacl-2.2.53-7.oe1
[  582s] [89/463] installing libassuan-2.5.4-1.oe1
[  584s] [90/463] installing libedit-3.1-27.oe1
[  586s] [91/463] installing libffi-devel-3.3-31.oe1
[  587s] [92/463] installing libfontenc-1.1.4-2.oe1
[  589s] [93/463] installing libgcrypt-1.8.7-1.oe1
[  591s] [94/463] installing libpng-2:1.6.37-1.oe1
[  592s] [95/463] installing libthai-0.1.28-4.oe1
[  594s] [96/463] installing libxcb-1.14-1.oe1
[  597s] [97/463] installing readline-8.0-2.oe1
[  598s] [98/463] installing wayland-1.18.0-1.oe1
[  601s] [99/463] installing fuse-2.9.9-6.oe1
[  603s] [100/463] installing gc-8.0.4-2.oe1
[  605s] [101/463] installing libSM-1.2.3-2.oe1
[  606s] [102/463] installing libdb-5.3.28-35.oe1
[  612s] [103/463] installing libicu-62.1-5.oe1
[  626s] [104/463] installing libselinux-3.1-3.oe1
[  628s] [105/463] installing libxml2-2.9.12-5.oe1
[  631s] [106/463] installing bash-5.1-1.oe1
[  635s] [107/463] installing perl-libs-4:5.28.0-435.oe1
[  643s] [108/463] installing zstd-1.4.8-2.oe1
[  647s] [109/463] installing ncurses-6.1-14.oe1
[  662s] [110/463] installing thin-provisioning-tools-0.8.5-1.oe1
[  664s] [111/463] installing libtiff-4.2.0-1.oe1
[  667s] [112/463] installing perl-parent-1:0.237-4.oe1
[  668s] [113/463] installing perl-perlfaq-5.20180915-5.oe1
[  670s] [114/463] installing libX11-1.6.9-2.oe1
[  673s] [115/463] installing mpfr-4.1.0-1.oe1
[  676s] [116/463] installing nettle-3.6-6.oe1
[  679s] [117/463] installing pcre2-10.36-1.oe1
[  681s] [118/463] installing perl-Exporter-5.74-1.oe1
[  682s] [119/463] installing file-5.39-6.oe1
[  684s] [120/463] installing gdbm-1:1.18.1-1.oe1
[  686s] [121/463] installing libxkbcommon-1.0.3-1.oe1
[  687s] [122/463] installing patch-2.7.6-12.oe1
[  689s] [123/463] installing qrencode-4.1.1-1
[  691s] [124/463] installing sed-4.8-2.oe1
[  694s] [125/463] installing acl-2.2.53-7.oe1
[  697s] [126/463] installing libcomps-0.1.15-1.oe1
[  700s] [127/463] installing pcre-8.44-1.oe1
[  702s] [128/463] installing glibc-common-2.34-64.oe1
[  719s] [129/463] installing coreutils-8.31-4.oe1
[  728s] [130/463] installing adwaita-icon-theme-3.38.0-1.oe1
[  779s] [131/463] installing crontabs-1.11-21.oe1
[  782s] [132/463] installing elfutils-default-yama-scope-0.185-3.oe1
[  784s] /usr/lib/systemd/systemd-sysctl: error while loading shared libraries: libkmod.so.2: cannot open shared object file: No such file or directory
[  784s] [133/463] installing hicolor-icon-theme-0.17-4.oe1
[  786s] [134/463] installing libXcomposite-0.4.5-1.oe1
[  789s] [135/463] installing libXext-1.3.4-2.oe1
[  791s] [136/463] installing libXfixes-5.0.3-11.oe1
[  793s] [137/463] installing libXpm-3.5.12-11.oe1
[  795s] [138/463] installing libXrender-0.9.10-10.oe1
[  797s] [139/463] installing perl-Carp-1.50-418.oe1
[  798s] [140/463] installing perl-Perl-OSType-1.010-421.oe1
[  801s] [141/463] installing perl-Term-ANSIColor-4.06-511.oe1
[  803s] [142/463] installing publicsuffix-list-20200718-1.oe1
[  805s] [143/463] installing uname-build-checks-1.0-0.4.oe1
[  807s] [144/463] installing bzip2-1.0.8-3.oe1
[  809s] [145/463] installing gzip-1.10-1.oe1
[  812s] [146/463] installing hostname-3.21-2.oe1
[  815s] [147/463] installing libcap-2.32-2.oe1
[  819s] [148/463] installing libmpc-1.2.0-2.oe1
[  820s] [149/463] installing libpaper-1.1.24-25.oe1
[  823s] [150/463] installing libseccomp-2.4.3-2.oe1
[  825s] [151/463] installing npth-1.5-7.oe1
[  827s] [152/463] installing popt-1.18-1.oe1
[  830s] [153/463] installing grep-3.6-1.oe1
[  833s] [154/463] installing libXt-1.2.0-0.oe1
[  837s] [155/463] installing libblkid-2.36.1-3.oe1
[  840s] [156/463] installing libidn2-2.3.0-1.oe1
[  846s] [157/463] installing libksba-1.3.5-12.oe1
[  849s] [158/463] installing tar-2:1.32-3.oe1
[  852s] [159/463] installing tcl-1:8.6.10-3.oe1
[  857s] [160/463] installing graphite2-1.3.13-2.oe1
[  860s] [161/463] installing info-6.7-2.oe1
[  861s] [162/463] installing jsoncpp-1.9.4-1.oe1
[  864s] [163/463] installing libgpg-error-devel-1.41-1.oe1
[  866s] [164/463] installing lua-5.3.5-6.oe1
[  868s] [165/463] installing slang-2.3.2-8.oe1
[  872s] [166/463] installing gawk-5.0.1-2.oe1
[  876s] [167/463] installing guile-5:2.0.14-15.oe1
[  886s] [168/463] installing zip-3.0-29.oe1
[  888s] [169/463] installing libXdamage-1.1.5-1.oe1
[  890s] [170/463] installing libXi-1.7.10-1.oe1
[  893s] [171/463] installing libXinerama-1.1.4-5.oe1
[  895s] [172/463] installing libXxf86misc-1.0.4-4.oe1
[  897s] [173/463] installing libXxf86vm-1.1.4-13.oe1
[  900s] [174/463] installing libfdisk-2.36.1-3.oe1
[  903s] [175/463] installing newt-0.52.21-4.oe1
[  907s] [176/463] installing perl-Text-ParseWords-3.30-419.oe1
[  909s] [177/463] installing crypto-policies-20180925-3.git71ca85f.oe1
[  917s] [178/463] installing elfutils-libs-0.185-3.oe1
[  920s] [179/463] installing libXcursor-1.2.0-1.oe1
[  922s] [180/463] installing libXmu-1.1.3-1.oe1
[  925s] [181/463] installing libXrandr-1.5.2-1.oe1
[  927s] [182/463] installing libmount-2.36.1-3.oe1
[  930s] [183/463] installing lua-posix-33.3.1-12.oe1
[  934s] [184/463] installing unzip-6.0-47.oe1
[  936s] [185/463] installing cracklib-2.9.7-6.oe1
[  945s] [186/463] installing e2fsprogs-1.45.6-3.oe1
[  949s] [187/463] installing findutils-2:4.7.0-7.oe1
[  953s] [188/463] installing libsemanage-3.1-4.oe1
[  955s] [189/463] installing make-1:4.2.1-15.oe1
[  959s] [190/463] installing sqlite-3.24.0-9.oe1
[  963s] [191/463] installing xz-5.2.5-1.oe1
[  965s] [192/463] installing logrotate-3.15.1-2.oe1
[  967s] [193/463] installing perl-Scalar-List-Utils-3:1.52-2.oe1
[  970s] [194/463] installing perl-Time-HiRes-1.9760-2.oe1
[  973s] [195/463] installing perl-Unicode-Normalize-1.26-419.oe1
[  978s] [196/463] installing freetype-2.10.2-3.oe1
[  982s] [197/463] installing glibc-devel-2.34-64.oe1
[  998s] [198/463] installing libgcrypt-devel-1.8.7-1.oe1
[ 1000s] [199/463] installing cpp-10.3.1-20220105.6.oe1
[ 1014s] [200/463] installing gnupg2-2.2.27-2.oe1
[ 1021s] [201/463] installing systemd-libs-243-22.oe1
[ 1025s] [202/463] installing dbus-libs-1:1.12.20-3.oe1
[ 1029s] [203/463] installing libusbx-1.0.23-3.oe1
[ 1032s] [204/463] installing libxcrypt-devel-4.4.8-4.oe1
[ 1035s] [205/463] installing p11-kit-0.23.22-1.oe1
[ 1039s] [206/463] installing procps-ng-3.3.16-15.oe1
[ 1041s] [207/463] installing copy-jdk-configs-4.0-1.oe1
[ 1047s] [208/463] installing gpgme-1.15.1-1.oe1
[ 1055s] [209/463] installing libXtst-1.2.3-10.oe1
[ 1060s] [210/463] installing openssl-libs-1:1.1.1f-2.oe1
[ 1066s] [211/463] installing chkconfig-1.14-2.oe1
[ 1070s] [212/463] installing elfutils-0.185-3.oe1
[ 1074s] [213/463] installing libXaw-1.0.13-13.oe1
[ 1076s] [214/463] installing xorg-x11-font-utils-1:7.5-43.oe1
[ 1079s] [215/463] installing glib2-2.66.8-1.oe1
[ 1089s] [216/463] installing xorg-x11-server-utils-7.7-28
[ 1092s] [217/463] installing fontconfig-2.13.92-1.oe1
[ 1100s] [218/463] installing atk-2.36.0-1.oe1
[ 1104s] [219/463] installing dbus-tools-1:1.12.20-3.oe1
[ 1105s] [220/463] installing ima-evm-utils-libs-1.2.1-8.oe1
[ 1107s] [221/463] installing libevent-2.1.12-4
[ 1109s] [222/463] installing libcroco-0.6.12-13.oe1
[ 1112s] [223/463] installing libgusb-0.3.0-5.oe1
[ 1115s] [224/463] installing fipscheck-1.5.0-7.oe1
[ 1118s] [225/463] installing gamin-0.1.10-38.oe1
[ 1123s] [226/463] installing kmod-libs-27-4.oe1
[ 1125s] [227/463] installing libsecret-0.18.6-5.oe1
[ 1128s] [228/463] installing obs-env-1.0-5.oe1
[ 1139s] [229/463] installing xorg-x11-fonts-7.5-24
[ 1177s] [230/463] installing kmod-27-4.oe1
[ 1183s] [231/463] installing libXft-2.3.3-1.oe1
[ 1186s] [232/463] installing shared-mime-info-1.10-4.oe1
[ 1210s] [233/463] installing binutils-2.37-6.oe1
[ 1228s] [234/463] installing urw-base35-bookman-fonts-20170801-11
[ 1234s] [235/463] installing urw-base35-c059-fonts-20170801-11
[ 1239s] [236/463] installing urw-base35-d050000l-fonts-20170801-11
[ 1244s] [237/463] installing urw-base35-gothic-fonts-20170801-11
[ 1249s] [238/463] installing urw-base35-nimbus-mono-ps-fonts-20170801-11
[ 1254s] [239/463] installing urw-base35-nimbus-roman-fonts-20170801-11
[ 1260s] [240/463] installing urw-base35-nimbus-sans-fonts-20170801-11
[ 1268s] [241/463] installing urw-base35-p052-fonts-20170801-11
[ 1274s] [242/463] installing urw-base35-standard-symbols-ps-fonts-20170801-11
[ 1279s] [243/463] installing urw-base35-z003-fonts-20170801-11
[ 1284s] [244/463] installing harfbuzz-2.7.4-1.oe1
[ 1290s] [245/463] installing p11-kit-trust-0.23.22-1.oe1
[ 1293s] [246/463] installing babeltrace-1.5.8-1.oe1
[ 1297s] [247/463] installing libarchive-3.5.1-1.oe1
[ 1301s] [248/463] installing nodejs-libs-1:16.10.0-1.oe1
[ 1369s] [249/463] installing cairo-1.16.0-6.fc32
[ 1373s] [250/463] installing avahi-libs-0.8-6.oe1
[ 1376s] [251/463] installing libverto-0.3.1-2.oe1
[ 1380s] [252/463] installing colord-libs-1.4.3-6.oe1
[ 1384s] [253/463] installing ca-certificates-2020.2.46-2.oe1
[ 1398s] [254/463] installing gdk-pixbuf2-2.42.6-1.oe1
[ 1405s] [255/463] installing tk-1:8.6.10-2.oe1
[ 1412s] [256/463] installing gettext-0.20.1-2.oe1
[ 1420s] [257/463] installing pango-1.47.0-1.oe1
[ 1425s] [258/463] installing urw-base35-fonts-20170801-11
[ 1427s] [259/463] installing cairo-gobject-1.16.0-6.fc32
[ 1430s] [260/463] installing gcc-10.3.1-20220105.6.oe1
[ 1474s] [261/463] installing rpm-libs-4.15.1-25.oe1
[ 1479s] [262/463] installing python-pip-wheel-19.2.3-2.fc32
[ 1482s] [263/463] installing gdk-pixbuf2-modules-2.42.6-1.oe1
[ 1485s] [264/463] installing libmodulemd-2.13.0-1.oe1
[ 1488s] [265/463] installing gcc-c++-10.3.1-20220105.6.oe1
[ 1510s] [266/463] installing krb5-libs-1.18.2-3.oe1
[ 1515s] [267/463] installing librsvg2-2.50.5-1.oe1
[ 1524s] [268/463] installing libtirpc-1.3.1-1.oe1
[ 1528s] [269/463] installing cyrus-sasl-lib-2.1.27-10.oe1
[ 1531s] [270/463] installing libssh-0.9.5-1.oe1
[ 1534s] [271/463] installing openldap-2.4.46-15.oe1
[ 1538s] [272/463] installing libnsl2-1.3.0-2.oe1
[ 1541s] [273/463] installing python3-3.8.5-13.oe1
[ 1586s] [274/463] installing python3-atomicwrites-1.3.0-6.fc32
[ 1589s] [275/463] installing python3-attrs-19.3.0-1.fc32
[ 1593s] [276/463] installing python3-docutils-0.15.2-3.fc32
[ 1609s] [277/463] installing python3-idna-2.8-5.fc32
[ 1613s] [278/463] installing python3-imagesize-1.1.0-1.fc32
[ 1616s] [279/463] installing python3-more-itertools-7.2.0-3.fc32
[ 1619s] [280/463] installing python3-pluggy-0.12.0-4.fc32
[ 1622s] [281/463] installing python3-pyparsing-2.4.5-1.fc32
[ 1625s] [282/463] installing python3-pysocks-1.7.1-3.fc32
[ 1629s] [283/463] installing python3-setuptools-59.4.0-3.oe1
[ 1643s] [284/463] installing python3-setuptools_scm-3.3.3-6.fc32
[ 1650s] [285/463] installing python3-six-1.15.0-3.oe1
[ 1653s] [286/463] installing python3-snowballstemmer-1.9.0-4.fc32
[ 1658s] [287/463] installing python3-sphinx-theme-alabaster-0.7.12-7.fc32
[ 1663s] [288/463] installing python3-sphinxcontrib-applehelp-1.0.1-5.fc32
[ 1666s] [289/463] installing python3-sphinxcontrib-devhelp-1.0.1-5.fc32
[ 1673s] [290/463] installing python3-sphinxcontrib-htmlhelp-1.0.1-5.fc32
[ 1677s] [291/463] installing python3-sphinxcontrib-jsmath-1.0.1-5.fc32
[ 1680s] [292/463] installing python3-sphinxcontrib-qthelp-1.0.2-5.fc32
[ 1684s] [293/463] installing python3-sphinxcontrib-serializinghtml-1.1.3-5.fc32
[ 1688s] [294/463] installing python3-wcwidth-0.1.7-14.fc32
[ 1695s] [295/463] installing python3-webencodings-0.5.1-10.fc32
[ 1698s] [296/463] installing python3-markupsafe-1.1.1-4.fc32
[ 1700s] [297/463] installing python3-pytz-2019.2-2
[ 1706s] [298/463] installing python3-gpgme-1.15.1-1.oe1
[ 1711s] [299/463] installing python3-libcomps-0.1.15-1.oe1
[ 1714s] [300/463] installing libpsl-0.21.1-1.oe1
[ 1718s] [301/463] installing gdb-headless-9.2-5.oe1
[ 1727s] [302/463] installing python3-chardet-3.0.4-14.fc32
[ 1731s] [303/463] installing python3-mock-3.0.5-7.fc32
[ 1733s] [304/463] installing python3-py-1.8.0-7.fc32
[ 1747s] [305/463] installing python3-pygments-2.4.2-6.fc32
[ 1755s] [306/463] installing systemtap-sdt-devel-4.1-3.oe1
[ 1758s] [307/463] installing gdb-9.2-5.oe1
[ 1762s] [308/463] installing python3-babel-2.8.0-2.fc32
[ 1785s] [309/463] installing python3-html5lib-1:1.0.1-7.fc32
[ 1789s] [310/463] installing python3-packaging-19.2-1.fc32
[ 1793s] [311/463] installing python3-pip-19.2.3-2.fc32
[ 1817s] [312/463] installing python3-rpm-generators-10-2.fc32
[ 1820s] [313/463] installing python3-urllib3-1.25.7-2.fc32
[ 1824s] [314/463] installing libcurl-7.79.1-1.oe1
[ 1830s] [315/463] installing curl-7.79.1-1.oe1
[ 1833s] [316/463] installing python3-jinja2-2.10.3-2.fc32
[ 1837s] [317/463] installing python3-requests-2.22.0-7.fc32
[ 1844s] [318/463] installing librepo-1.14.2-2.oe1
[ 1851s] [319/463] installing python3-pytest-4.6.7-1.fc32
[ 1866s] [320/463] installing rpm-4.15.1-25.oe1
[ 1873s] [321/463] installing efi-srpm-macros-4-3.oe1
[ 1875s] [322/463] installing cmake-rpm-macros-3.22.0-1.oe1
[ 1878s] [323/463] installing libsolv-0.7.20-1.oe1
[ 1881s] [324/463] installing python3-rpm-4.15.1-25.oe1
[ 1883s] [325/463] installing openEuler-rpm-config-30-22.oe1
[ 1894s] [326/463] installing cmake-3.22.0-1.oe1
[ 1910s] [327/463] installing libdnf-0.65.0-2.oe1
[ 1914s] [328/463] installing cmake-data-3.22.0-1.oe1
[ 1941s] [329/463] installing python3-devel-3.8.5-13.oe1
[ 2000s] [330/463] installing python3-libdnf-0.65.0-2.oe1
[ 2005s] [331/463] installing perl-4:5.28.0-435.oe1
[ 2019s] [332/463] installing perl-B-Debug-1.26-4.oe1
[ 2021s] [333/463] installing perl-Env-1.04-397.oe1
[ 2024s] [334/463] installing perl-Devel-PPPort-3.42-4.oe1
[ 2026s] [335/463] installing perl-Pod-Escapes-1:1.07-419.oe1
[ 2028s] [336/463] installing perl-Text-Tabs+Wrap-2013.0523-419.oe1
[ 2030s] [337/463] installing perl-Text-Unidecode-1.30-8.oe1
[ 2035s] [338/463] installing perl-Unicode-EastAsianWidth-1.33-15
[ 2037s] [339/463] installing perl-Algorithm-Diff-1.1903-14.oe1
[ 2039s] [340/463] installing perl-Params-Check-1:0.38-418.oe1
[ 2042s] [341/463] installing perl-Term-Cap-1.17-510.oe1
[ 2044s] [342/463] installing perl-TermReadKey-2.38-2.oe1
[ 2046s] [343/463] installing perl-Text-Balanced-2.03-420.oe1
[ 2048s] [344/463] installing perl-threads-1:2.22-419.oe1
[ 2051s] [345/463] installing openssl-1:1.1.1f-2.oe1
[ 2054s] [346/463] installing perl-Config-Perl-V-0.30-5.oe1
[ 2056s] [347/463] installing perl-Error-1:0.17029-1.oe1
[ 2058s] [348/463] installing perl-Filter-2:1.59-2.oe1
[ 2061s] [349/463] installing perl-IPC-SysV-2.07-5.oe1
[ 2064s] [350/463] installing perl-Locale-Maketext-1:1.28-1.oe1
[ 2066s] [351/463] installing perl-constant-1.33-421.oe1
[ 2068s] [352/463] installing perl-MIME-Base64-3.15-418.oe1
[ 2071s] [353/463] installing perl-CPAN-Meta-YAML-0.018-420.oe1
[ 2074s] [354/463] installing perl-Socket-4:2.029-2.oe1
[ 2078s] [355/463] installing perl-Storable-1:3.15-2.oe1
[ 2081s] [356/463] installing gd-2.2.5-6.oe1
[ 2085s] [357/463] installing python3-hawkey-0.65.0-2.oe1
[ 2088s] [358/463] installing perl-PerlIO-via-QuotedPrint-0.08-397.oe1
[ 2090s] [359/463] installing perl-Digest-1.17-419.oe1
[ 2092s] [360/463] installing perl-Filter-Simple-1:0.94-1.oe1
[ 2093s] [361/463] installing perl-IO-Socket-IP-0.39-420.oe1
[ 2095s] [362/463] installing perl-Text-Diff-1.45-7.oe1
[ 2097s] [363/463] installing perl-Time-Local-2:1.280-6.oe1
[ 2099s] [364/463] installing perl-version-8:0.99.24-3.oe1
[ 2101s] [365/463] installing perl-IPC-System-Simple-1.25-19.oe1
[ 2103s] [366/463] installing perl-threads-shared-1.59-2.oe1
[ 2105s] [367/463] installing perl-Compress-Raw-Bzip2-2.100-1.oe1
[ 2108s] [368/463] installing perl-Compress-Raw-Zlib-1:2.100-1.oe1
[ 2110s] [369/463] installing perl-Locale-Codes-3.58-2.oe1
[ 2113s] [370/463] installing perl-Math-BigInt-1:1.9998.13-5.oe1
[ 2116s] [371/463] installing perl-PathTools-3.75-4.oe1
[ 2119s] [372/463] installing python3-dnf-4.10.0-1.oe1
[ 2124s] [373/463] installing perl-Data-Dumper-2.172-3.oe1
[ 2125s] [374/463] installing perl-Sys-Syslog-0.35-420.oe1
[ 2128s] [375/463] installing perl-Encode-4:2.98-9.oe1
[ 2135s] [376/463] installing autogen-5.18.16-1.oe1
[ 2140s] [377/463] installing nodejs-1:16.10.0-1.oe1
[ 2144s] [378/463] installing systemd-243-22.oe1
[ 2167s] /var/tmp/rpm-tmp.1rRGTp: line 8: groupadd: command not found
[ 2167s] /var/tmp/rpm-tmp.1rRGTp: line 10: groupadd: command not found
[ 2167s] /var/tmp/rpm-tmp.1rRGTp: line 13: groupadd: command not found
[ 2167s] /var/tmp/rpm-tmp.1rRGTp: line 16: groupadd: command not found
[ 2167s] [379/463] installing dbus-common-1:1.12.20-3.oe1
[ 2170s] [380/463] installing nodejs-source-map-0.5.6-1.oe1
[ 2174s] [381/463] installing perl-Module-Load-1:0.32-418.oe1
[ 2176s] [382/463] installing nodejs-packaging-20-1.oe1
[ 2179s] [383/463] installing dnf-4.10.0-1.oe1
[ 2183s] Failed to preset unit, unit dnf-automatic.timer does not exist.
[ 2183s] Failed to preset unit, unit dnf-automatic-notifyonly.timer does not exist.
[ 2183s] Failed to preset unit, unit dnf-automatic-download.timer does not exist.
[ 2183s] Failed to preset unit, unit dnf-automatic-install.timer does not exist.
[ 2183s] [384/463] installing perl-File-Which-1.23-1.oe1
[ 2185s] [385/463] installing perl-Thread-Queue-3.13-3.oe1
[ 2188s] [386/463] installing perl-experimental-0.020-2.oe1
[ 2192s] [387/463] installing perl-Digest-MD5-2.55-419.oe1
[ 2195s] [388/463] installing perl-File-Path-2.16-4.oe1
[ 2197s] [389/463] installing perl-Math-BigInt-FastCalc-0.500.700-4.oe1
[ 2200s] [390/463] installing perl-Module-Metadata-1.000036-3.oe1
[ 2203s] [391/463] installing perl-CPAN-Meta-Requirements-2.140-419.oe1
[ 2205s] [392/463] installing perl-Encode-devel-4:2.98-9.oe1
[ 2208s] [393/463] installing perl-HTTP-Tiny-0.076-3.oe1
[ 2210s] [394/463] installing perl-Math-BigRat-0.2614-2.oe1
[ 2215s] [395/463] installing audit-1:3.0-2.oe1
[ 2222s] [396/463] installing perl-DB_File-1.842-2.oe1
[ 2228s] [397/463] installing perl-autodie-2.29-398.oe1
[ 2231s] [398/463] installing perl-libintl-perl-1.29-6.oe1
[ 2236s] [399/463] installing perl-Unicode-Collate-1.25-4.oe1
[ 2252s] [400/463] installing perl-IO-Compress-2.081-6.oe1
[ 2254s] [401/463] installing perl-podlators-1:4.14-1.oe1
[ 2257s] [402/463] installing perl-ExtUtils-Command-1:7.60-1.oe1
[ 2258s] [403/463] installing perl-ExtUtils-Manifest-1:1.71-4.oe1
[ 2261s] [404/463] installing perl-bignum-0.50-4.oe1
[ 2265s] [405/463] installing perl-File-Temp-1:0.230.800-4.oe1
[ 2268s] [406/463] installing perl-libnet-3.11-420.oe1
[ 2270s] [407/463] installing pam-1.5.1-1.oe1
[ 2296s] [408/463] installing libpwquality-1.4.4-1.oe1
[ 2301s] [409/463] installing perl-File-HomeDir-1.004-4.oe1
[ 2305s] [410/463] installing shadow-2:4.8.1-5.oe1
[ 2309s] [411/463] installing perl-Test-Simple-2:1.302175-2.oe1
[ 2315s] [412/463] installing libutempter-1.1.6-16.oe1
[ 2321s] [413/463] installing unbound-libs-1.10.1-4.oe1
[ 2330s] [414/463] installing dbus-daemon-1:1.12.20-3.oe1
[ 2336s] [415/463] installing openssh-server-8.2p1-10.oe1
[ 2353s] Created symlink /etc/systemd/system/multi-user.target.wants/sshd.service -> /usr/lib/systemd/system/sshd.service.
[ 2353s] [416/463] installing groff-1.22.4-4.oe1
[ 2367s] [417/463] installing dbus-1:1.12.20-3.oe1
[ 2372s] [418/463] installing man-db-2.9.3-2.oe1
[ 2383s] [419/463] installing perl-Pod-Perldoc-1:3.28-3.oe1
[ 2390s] [420/463] installing gnutls-3.6.15-3.oe1
[ 2397s] [421/463] installing util-linux-2.36.1-3.oe1
[ 2411s] [422/463] installing nss-help-3.72.0-2.oe1
[ 2414s] [423/463] installing at-spi2-core-2.39.1-1.oe1
[ 2418s] [424/463] installing cups-libs-1:2.3.3-6.oe1
[ 2425s] [425/463] installing perl-Pod-Usage-4:1.69-418.oe1
[ 2427s] [426/463] installing device-mapper-8:1.02.172-1.oe1
[ 2431s] [427/463] installing openssh-8.2p1-10.oe1
[ 2435s] [428/463] installing at-spi2-atk-2.38.0-1.oe1
[ 2451s] [429/463] installing perl-Getopt-Long-1:2.52-1.oe1
[ 2455s] [430/463] installing cryptsetup-2.3.3-3.oe1
[ 2463s] [431/463] installing device-mapper-event-8:1.02.172-1.oe1
[ 2469s] Created symlink /etc/systemd/system/sockets.target.wants/dm-event.socket -> /usr/lib/systemd/system/dm-event.socket.
[ 2469s] [432/463] installing nss-3.72.0-2.oe1
[ 2491s] [433/463] installing openssh-clients-8.2p1-10.oe1
[ 2496s] [434/463] installing nss-util-3.72.0-2.oe1
[ 2501s] [435/463] installing perl-ExtUtils-ParseXS-2:3.35-1.oe1
[ 2504s] [436/463] installing perl-Module-CoreList-1:5.20180920-2.oe1
[ 2507s] [437/463] installing perl-Digest-SHA-1:6.02-7.oe1
[ 2523s] [438/463] installing perl-Pod-Parser-1.63-397.oe1
[ 2528s] [439/463] installing perl-Pod-Simple-1:3.35-418.oe1
[ 2533s] [440/463] installing perl-Test-Harness-1:3.43_02-1.oe1
[ 2536s] [441/463] installing perl-Archive-Tar-2.30-421.oe1
[ 2538s] [442/463] installing perl-JSON-PP-1:4.04-2.oe1
[ 2541s] [443/463] installing lvm2-8:2.03.11-1.oe1
[ 2559s] Created symlink /etc/systemd/system/sysinit.target.wants/lvm2-lvmpolld.socket -> /usr/lib/systemd/system/lvm2-lvmpolld.socket.
[ 2560s] [444/463] installing autoconf-2.69-30.oe1
[ 2564s] [445/463] installing git-2.23.0-12.oe1
[ 2584s] [446/463] installing gtk3-3.24.30-2.oe1
[ 2600s] [447/463] installing nss-softokn-3.72.0-2.oe1
[ 2605s] [448/463] installing perl-Pod-Checker-4:1.73-398.oe1
[ 2611s] [449/463] installing perl-Git-2.23.0-12.oe1
[ 2614s] [450/463] installing perl-CPAN-Meta-2.150010-419.oe1
[ 2619s] [451/463] installing perl-Module-Load-Conditional-0.68-418.oe1
[ 2626s] [452/463] installing automake-1.16.1-6.oe1
[ 2631s] [453/463] installing perl-ExtUtils-MakeMaker-1:7.60-1.oe1
[ 2634s] [454/463] installing texinfo-6.7-2.oe1
[ 2640s] [455/463] installing gtk2-2.24.33-2.oe1
[ 2660s] [456/463] installing ghostscript-9.52-5.oe1
[ 2673s] [457/463] installing perl-ExtUtils-Install-2.14-419.oe1
[ 2675s] [458/463] installing perl-IPC-Cmd-2:1.04-4.oe1
[ 2678s] [459/463] installing graphviz-2.44.1-4.oe1
[ 2696s] [460/463] installing rpm-build-4.15.1-25.oe1
[ 2699s] [461/463] installing gcc_secure-1.0-0.9.oe1
[ 2702s] [462/463] installing perl-File-Fetch-0.56-4.oe1
[ 2705s] [463/463] installing perl-devel-4:5.28.0-435.oe1
[ 2729s] removing nis flags from /var/cache/obs/worker/root_2/etc/nsswitch.conf...
[ 2730s] now finalizing build dir...
[ 2747s] Running build time source services...
[ 2772s] -----------------------------------------------------------------
[ 2772s] I have the following modifications for python-sphinx.spec:
[ 2773s] 32c32
[ 2773s] < BuildRequires: python3-test
[ 2773s] ---
[ 2773s] > BuildRequires: python3-devel
[ 2773s] -----------------------------------------------------------------
[ 2773s] ----- building python-sphinx.spec (user abuild)
[ 2773s] -----------------------------------------------------------------
[ 2773s] -----------------------------------------------------------------
[ 2785s] + exec rpmbuild -ba --define '_srcdefattr (-,root,root)' --nosignature --define 'disturl obs://private/openEuler:Mainline:RISC-V/advanced_riscv64/537fbd458c97955d1293de9b1e383911-python-sphinx' /home/abuild/rpmbuild/SOURCES/python-sphinx.spec
[ 2803s] Executing(%prep): /bin/sh -e /var/tmp/rpm-tmp.S9gNRn
[ 2803s] + umask 022
[ 2803s] + cd /home/abuild/rpmbuild/BUILD
[ 2803s] + cd /home/abuild/rpmbuild/BUILD
[ 2803s] + rm -rf Sphinx-4.3.1
[ 2803s] + /usr/bin/gzip -dc /home/abuild/rpmbuild/SOURCES/Sphinx-4.3.1.tar.gz
[ 2803s] + /usr/bin/tar -xof -
[ 2809s] + STATUS=0
[ 2809s] + '[' 0 -ne 0 ']'
[ 2809s] + cd Sphinx-4.3.1
[ 2809s] + /usr/bin/chmod -Rf a+rX,u+w,g-w,o-w .
[ 2810s] + /usr/bin/cat /home/abuild/rpmbuild/SOURCES/sphinx-test_theming.diff
[ 2810s] + /usr/bin/patch -p1 -s --fuzz=0 --no-backup-if-mismatch
[ 2810s] + dos2unix -k ./sphinx/themes/basic/static/jquery.js
[ 2810s] dos2unix: converting file ./sphinx/themes/basic/static/jquery.js to Unix format...
[ 2810s] + RPM_EC=0
[ 2810s] ++ jobs -p
[ 2810s] + exit 0
[ 2810s] Executing(%build): /bin/sh -e /var/tmp/rpm-tmp.Q8LVxr
[ 2810s] + umask 022
[ 2810s] + cd /home/abuild/rpmbuild/BUILD
[ 2810s] + cd Sphinx-4.3.1
[ 2810s] + CFLAGS='-O2 -g -pipe -Wall -Werror=format-security -Wp,-D_FORTIFY_SOURCE=2 -Wp,-D_GLIBCXX_ASSERTIONS -fstack-protector-strong -grecord-gcc-switches -specs=/usr/lib/rpm/generic-hardened-cc1 -fasynchronous-unwind-tables -fstack-clash-protection'
[ 2810s] + LDFLAGS='-Wl,-z,relro   -Wl,-z,now -specs=/usr/lib/rpm/generic-hardened-ld'
[ 2810s] + /usr/bin/python3 setup.py build '--executable=/usr/bin/python3 -s'
[ 2820s] running build
[ 2820s] running build_py
[ 2820s] creating build
[ 2820s] creating build/lib
[ 2820s] creating build/lib/sphinx
[ 2820s] copying sphinx/__init__.py -> build/lib/sphinx
[ 2820s] copying sphinx/__main__.py -> build/lib/sphinx
[ 2820s] copying sphinx/addnodes.py -> build/lib/sphinx
[ 2820s] copying sphinx/application.py -> build/lib/sphinx
[ 2820s] copying sphinx/config.py -> build/lib/sphinx
[ 2820s] copying sphinx/deprecation.py -> build/lib/sphinx
[ 2820s] copying sphinx/errors.py -> build/lib/sphinx
[ 2820s] copying sphinx/events.py -> build/lib/sphinx
[ 2820s] copying sphinx/extension.py -> build/lib/sphinx
[ 2820s] copying sphinx/highlighting.py -> build/lib/sphinx
[ 2820s] copying sphinx/io.py -> build/lib/sphinx
[ 2820s] copying sphinx/jinja2glue.py -> build/lib/sphinx
[ 2820s] copying sphinx/parsers.py -> build/lib/sphinx
[ 2820s] copying sphinx/project.py -> build/lib/sphinx
[ 2820s] copying sphinx/pygments_styles.py -> build/lib/sphinx
[ 2820s] copying sphinx/registry.py -> build/lib/sphinx
[ 2820s] copying sphinx/roles.py -> build/lib/sphinx
[ 2820s] copying sphinx/setup_command.py -> build/lib/sphinx
[ 2820s] copying sphinx/theming.py -> build/lib/sphinx
[ 2820s] copying sphinx/versioning.py -> build/lib/sphinx
[ 2820s] creating build/lib/sphinx/builders
[ 2820s] copying sphinx/builders/__init__.py -> build/lib/sphinx/builders
[ 2820s] copying sphinx/builders/_epub_base.py -> build/lib/sphinx/builders
[ 2820s] copying sphinx/builders/changes.py -> build/lib/sphinx/builders
[ 2820s] copying sphinx/builders/dirhtml.py -> build/lib/sphinx/builders
[ 2820s] copying sphinx/builders/dummy.py -> build/lib/sphinx/builders
[ 2820s] copying sphinx/builders/epub3.py -> build/lib/sphinx/builders
[ 2820s] copying sphinx/builders/gettext.py -> build/lib/sphinx/builders
[ 2821s] copying sphinx/builders/linkcheck.py -> build/lib/sphinx/builders
[ 2821s] copying sphinx/builders/manpage.py -> build/lib/sphinx/builders
[ 2821s] copying sphinx/builders/singlehtml.py -> build/lib/sphinx/builders
[ 2821s] copying sphinx/builders/texinfo.py -> build/lib/sphinx/builders
[ 2821s] copying sphinx/builders/text.py -> build/lib/sphinx/builders
[ 2821s] copying sphinx/builders/xml.py -> build/lib/sphinx/builders
[ 2821s] creating build/lib/sphinx/cmd
[ 2821s] copying sphinx/cmd/__init__.py -> build/lib/sphinx/cmd
[ 2821s] copying sphinx/cmd/build.py -> build/lib/sphinx/cmd
[ 2821s] copying sphinx/cmd/make_mode.py -> build/lib/sphinx/cmd
[ 2821s] copying sphinx/cmd/quickstart.py -> build/lib/sphinx/cmd
[ 2821s] creating build/lib/sphinx/directives
[ 2821s] copying sphinx/directives/__init__.py -> build/lib/sphinx/directives
[ 2821s] copying sphinx/directives/code.py -> build/lib/sphinx/directives
[ 2821s] copying sphinx/directives/other.py -> build/lib/sphinx/directives
[ 2821s] copying sphinx/directives/patches.py -> build/lib/sphinx/directives
[ 2821s] creating build/lib/sphinx/domains
[ 2821s] copying sphinx/domains/__init__.py -> build/lib/sphinx/domains
[ 2821s] copying sphinx/domains/c.py -> build/lib/sphinx/domains
[ 2821s] copying sphinx/domains/changeset.py -> build/lib/sphinx/domains
[ 2821s] copying sphinx/domains/citation.py -> build/lib/sphinx/domains
[ 2821s] copying sphinx/domains/cpp.py -> build/lib/sphinx/domains
[ 2821s] copying sphinx/domains/index.py -> build/lib/sphinx/domains
[ 2821s] copying sphinx/domains/javascript.py -> build/lib/sphinx/domains
[ 2821s] copying sphinx/domains/math.py -> build/lib/sphinx/domains
[ 2821s] copying sphinx/domains/python.py -> build/lib/sphinx/domains
[ 2821s] copying sphinx/domains/rst.py -> build/lib/sphinx/domains
[ 2821s] copying sphinx/domains/std.py -> build/lib/sphinx/domains
[ 2821s] creating build/lib/sphinx/environment
[ 2821s] copying sphinx/environment/__init__.py -> build/lib/sphinx/environment
[ 2821s] creating build/lib/sphinx/ext
[ 2821s] copying sphinx/ext/__init__.py -> build/lib/sphinx/ext
[ 2821s] copying sphinx/ext/apidoc.py -> build/lib/sphinx/ext
[ 2821s] copying sphinx/ext/autosectionlabel.py -> build/lib/sphinx/ext
[ 2821s] copying sphinx/ext/coverage.py -> build/lib/sphinx/ext
[ 2821s] copying sphinx/ext/doctest.py -> build/lib/sphinx/ext
[ 2821s] copying sphinx/ext/duration.py -> build/lib/sphinx/ext
[ 2821s] copying sphinx/ext/extlinks.py -> build/lib/sphinx/ext
[ 2821s] copying sphinx/ext/githubpages.py -> build/lib/sphinx/ext
[ 2821s] copying sphinx/ext/graphviz.py -> build/lib/sphinx/ext
[ 2821s] copying sphinx/ext/ifconfig.py -> build/lib/sphinx/ext
[ 2821s] copying sphinx/ext/imgconverter.py -> build/lib/sphinx/ext
[ 2821s] copying sphinx/ext/imgmath.py -> build/lib/sphinx/ext
[ 2821s] copying sphinx/ext/inheritance_diagram.py -> build/lib/sphinx/ext
[ 2821s] copying sphinx/ext/intersphinx.py -> build/lib/sphinx/ext
[ 2821s] copying sphinx/ext/linkcode.py -> build/lib/sphinx/ext
[ 2821s] copying sphinx/ext/mathjax.py -> build/lib/sphinx/ext
[ 2821s] copying sphinx/ext/todo.py -> build/lib/sphinx/ext
[ 2821s] copying sphinx/ext/viewcode.py -> build/lib/sphinx/ext
[ 2821s] creating build/lib/sphinx/locale
[ 2821s] copying sphinx/locale/__init__.py -> build/lib/sphinx/locale
[ 2821s] creating build/lib/sphinx/pycode
[ 2821s] copying sphinx/pycode/__init__.py -> build/lib/sphinx/pycode
[ 2821s] copying sphinx/pycode/ast.py -> build/lib/sphinx/pycode
[ 2821s] copying sphinx/pycode/parser.py -> build/lib/sphinx/pycode
[ 2821s] creating build/lib/sphinx/search
[ 2821s] copying sphinx/search/__init__.py -> build/lib/sphinx/search
[ 2821s] copying sphinx/search/da.py -> build/lib/sphinx/search
[ 2821s] copying sphinx/search/de.py -> build/lib/sphinx/search
[ 2821s] copying sphinx/search/en.py -> build/lib/sphinx/search
[ 2821s] copying sphinx/search/es.py -> build/lib/sphinx/search
[ 2821s] copying sphinx/search/fi.py -> build/lib/sphinx/search
[ 2821s] copying sphinx/search/fr.py -> build/lib/sphinx/search
[ 2821s] copying sphinx/search/hu.py -> build/lib/sphinx/search
[ 2821s] copying sphinx/search/it.py -> build/lib/sphinx/search
[ 2821s] copying sphinx/search/ja.py -> build/lib/sphinx/search
[ 2821s] copying sphinx/search/jssplitter.py -> build/lib/sphinx/search
[ 2821s] copying sphinx/search/nl.py -> build/lib/sphinx/search
[ 2821s] copying sphinx/search/no.py -> build/lib/sphinx/search
[ 2821s] copying sphinx/search/pt.py -> build/lib/sphinx/search
[ 2821s] copying sphinx/search/ro.py -> build/lib/sphinx/search
[ 2821s] copying sphinx/search/ru.py -> build/lib/sphinx/search
[ 2821s] copying sphinx/search/sv.py -> build/lib/sphinx/search
[ 2821s] copying sphinx/search/tr.py -> build/lib/sphinx/search
[ 2821s] copying sphinx/search/zh.py -> build/lib/sphinx/search
[ 2821s] creating build/lib/sphinx/testing
[ 2821s] copying sphinx/testing/__init__.py -> build/lib/sphinx/testing
[ 2821s] copying sphinx/testing/comparer.py -> build/lib/sphinx/testing
[ 2821s] copying sphinx/testing/fixtures.py -> build/lib/sphinx/testing
[ 2821s] copying sphinx/testing/path.py -> build/lib/sphinx/testing
[ 2821s] copying sphinx/testing/restructuredtext.py -> build/lib/sphinx/testing
[ 2821s] copying sphinx/testing/util.py -> build/lib/sphinx/testing
[ 2821s] creating build/lib/sphinx/transforms
[ 2821s] copying sphinx/transforms/__init__.py -> build/lib/sphinx/transforms
[ 2821s] copying sphinx/transforms/compact_bullet_list.py -> build/lib/sphinx/transforms
[ 2821s] copying sphinx/transforms/i18n.py -> build/lib/sphinx/transforms
[ 2821s] copying sphinx/transforms/references.py -> build/lib/sphinx/transforms
[ 2822s] creating build/lib/sphinx/util
[ 2822s] copying sphinx/util/__init__.py -> build/lib/sphinx/util
[ 2822s] copying sphinx/util/build_phase.py -> build/lib/sphinx/util
[ 2822s] copying sphinx/util/cfamily.py -> build/lib/sphinx/util
[ 2822s] copying sphinx/util/compat.py -> build/lib/sphinx/util
[ 2822s] copying sphinx/util/console.py -> build/lib/sphinx/util
[ 2822s] copying sphinx/util/docfields.py -> build/lib/sphinx/util
[ 2822s] copying sphinx/util/docstrings.py -> build/lib/sphinx/util
[ 2822s] copying sphinx/util/docutils.py -> build/lib/sphinx/util
[ 2822s] copying sphinx/util/fileutil.py -> build/lib/sphinx/util
[ 2822s] copying sphinx/util/i18n.py -> build/lib/sphinx/util
[ 2822s] copying sphinx/util/images.py -> build/lib/sphinx/util
[ 2822s] copying sphinx/util/inspect.py -> build/lib/sphinx/util
[ 2822s] copying sphinx/util/inventory.py -> build/lib/sphinx/util
[ 2822s] copying sphinx/util/jsdump.py -> build/lib/sphinx/util
[ 2822s] copying sphinx/util/logging.py -> build/lib/sphinx/util
[ 2822s] copying sphinx/util/matching.py -> build/lib/sphinx/util
[ 2822s] copying sphinx/util/math.py -> build/lib/sphinx/util
[ 2822s] copying sphinx/util/nodes.py -> build/lib/sphinx/util
[ 2822s] copying sphinx/util/osutil.py -> build/lib/sphinx/util
[ 2822s] copying sphinx/util/parallel.py -> build/lib/sphinx/util
[ 2822s] copying sphinx/util/png.py -> build/lib/sphinx/util
[ 2822s] copying sphinx/util/pycompat.py -> build/lib/sphinx/util
[ 2822s] copying sphinx/util/requests.py -> build/lib/sphinx/util
[ 2822s] copying sphinx/util/rst.py -> build/lib/sphinx/util
[ 2822s] copying sphinx/util/smartypants.py -> build/lib/sphinx/util
[ 2822s] copying sphinx/util/tags.py -> build/lib/sphinx/util
[ 2822s] copying sphinx/util/template.py -> build/lib/sphinx/util
[ 2822s] copying sphinx/util/texescape.py -> build/lib/sphinx/util
[ 2822s] copying sphinx/util/typing.py -> build/lib/sphinx/util
[ 2822s] creating build/lib/sphinx/writers
[ 2822s] copying sphinx/writers/__init__.py -> build/lib/sphinx/writers
[ 2822s] copying sphinx/writers/html.py -> build/lib/sphinx/writers
[ 2822s] copying sphinx/writers/html5.py -> build/lib/sphinx/writers
[ 2822s] copying sphinx/writers/latex.py -> build/lib/sphinx/writers
[ 2822s] copying sphinx/writers/manpage.py -> build/lib/sphinx/writers
[ 2822s] copying sphinx/writers/texinfo.py -> build/lib/sphinx/writers
[ 2822s] copying sphinx/writers/text.py -> build/lib/sphinx/writers
[ 2822s] copying sphinx/writers/xml.py -> build/lib/sphinx/writers
[ 2822s] creating build/lib/sphinx/builders/html
[ 2822s] copying sphinx/builders/html/__init__.py -> build/lib/sphinx/builders/html
[ 2822s] copying sphinx/builders/html/transforms.py -> build/lib/sphinx/builders/html
[ 2822s] creating build/lib/sphinx/builders/latex
[ 2822s] copying sphinx/builders/latex/__init__.py -> build/lib/sphinx/builders/latex
[ 2822s] copying sphinx/builders/latex/constants.py -> build/lib/sphinx/builders/latex
[ 2822s] copying sphinx/builders/latex/nodes.py -> build/lib/sphinx/builders/latex
[ 2822s] copying sphinx/builders/latex/theming.py -> build/lib/sphinx/builders/latex
[ 2822s] copying sphinx/builders/latex/transforms.py -> build/lib/sphinx/builders/latex
[ 2822s] copying sphinx/builders/latex/util.py -> build/lib/sphinx/builders/latex
[ 2822s] creating build/lib/sphinx/environment/adapters
[ 2822s] copying sphinx/environment/adapters/__init__.py -> build/lib/sphinx/environment/adapters
[ 2822s] copying sphinx/environment/adapters/asset.py -> build/lib/sphinx/environment/adapters
[ 2822s] copying sphinx/environment/adapters/indexentries.py -> build/lib/sphinx/environment/adapters
[ 2822s] copying sphinx/environment/adapters/toctree.py -> build/lib/sphinx/environment/adapters
[ 2822s] creating build/lib/sphinx/environment/collectors
[ 2822s] copying sphinx/environment/collectors/__init__.py -> build/lib/sphinx/environment/collectors
[ 2822s] copying sphinx/environment/collectors/asset.py -> build/lib/sphinx/environment/collectors
[ 2822s] copying sphinx/environment/collectors/dependencies.py -> build/lib/sphinx/environment/collectors
[ 2822s] copying sphinx/environment/collectors/metadata.py -> build/lib/sphinx/environment/collectors
[ 2822s] copying sphinx/environment/collectors/title.py -> build/lib/sphinx/environment/collectors
[ 2822s] copying sphinx/environment/collectors/toctree.py -> build/lib/sphinx/environment/collectors
[ 2822s] creating build/lib/sphinx/ext/autodoc
[ 2822s] copying sphinx/ext/autodoc/__init__.py -> build/lib/sphinx/ext/autodoc
[ 2822s] copying sphinx/ext/autodoc/deprecated.py -> build/lib/sphinx/ext/autodoc
[ 2822s] copying sphinx/ext/autodoc/directive.py -> build/lib/sphinx/ext/autodoc
[ 2822s] copying sphinx/ext/autodoc/importer.py -> build/lib/sphinx/ext/autodoc
[ 2822s] copying sphinx/ext/autodoc/mock.py -> build/lib/sphinx/ext/autodoc
[ 2822s] copying sphinx/ext/autodoc/preserve_defaults.py -> build/lib/sphinx/ext/autodoc
[ 2822s] copying sphinx/ext/autodoc/type_comment.py -> build/lib/sphinx/ext/autodoc
[ 2822s] copying sphinx/ext/autodoc/typehints.py -> build/lib/sphinx/ext/autodoc
[ 2822s] creating build/lib/sphinx/ext/autosummary
[ 2822s] copying sphinx/ext/autosummary/__init__.py -> build/lib/sphinx/ext/autosummary
[ 2822s] copying sphinx/ext/autosummary/generate.py -> build/lib/sphinx/ext/autosummary
[ 2822s] creating build/lib/sphinx/ext/napoleon
[ 2822s] copying sphinx/ext/napoleon/__init__.py -> build/lib/sphinx/ext/napoleon
[ 2822s] copying sphinx/ext/napoleon/docstring.py -> build/lib/sphinx/ext/napoleon
[ 2822s] copying sphinx/ext/napoleon/iterators.py -> build/lib/sphinx/ext/napoleon
[ 2822s] creating build/lib/sphinx/transforms/post_transforms
[ 2822s] copying sphinx/transforms/post_transforms/__init__.py -> build/lib/sphinx/transforms/post_transforms
[ 2822s] copying sphinx/transforms/post_transforms/code.py -> build/lib/sphinx/transforms/post_transforms
[ 2822s] copying sphinx/transforms/post_transforms/images.py -> build/lib/sphinx/transforms/post_transforms
[ 2823s] creating build/lib/sphinx/util/stemmer
[ 2823s] copying sphinx/util/stemmer/__init__.py -> build/lib/sphinx/util/stemmer
[ 2823s] copying sphinx/util/stemmer/porter.py -> build/lib/sphinx/util/stemmer
[ 2823s] running egg_info
[ 2824s] writing Sphinx.egg-info/PKG-INFO
[ 2824s] writing dependency_links to Sphinx.egg-info/dependency_links.txt
[ 2824s] writing entry points to Sphinx.egg-info/entry_points.txt
[ 2824s] writing requirements to Sphinx.egg-info/requires.txt
[ 2824s] writing top-level names to Sphinx.egg-info/top_level.txt
[ 2824s] reading manifest file 'Sphinx.egg-info/SOURCES.txt'
[ 2825s] reading manifest template 'MANIFEST.in'
[ 2825s] warning: no files found matching 'sphinx-autogen.py'
[ 2825s] warning: no files found matching 'sphinx-build.py'
[ 2825s] warning: no files found matching 'sphinx-quickstart.py'
[ 2825s] warning: no files found matching 'sphinx-apidoc.py'
[ 2825s] warning: no files found matching 'sphinx/locale/.tx/config'
[ 2830s] no previously-included directories found matching 'doc/_build'
[ 2830s] no previously-included directories found matching 'sphinx/locale/.tx'
[ 2830s] adding license file 'LICENSE'
[ 2831s] writing manifest file 'Sphinx.egg-info/SOURCES.txt'
[ 2832s] copying sphinx/py.typed -> build/lib/sphinx
[ 2832s] creating build/lib/sphinx/templates
[ 2832s] creating build/lib/sphinx/templates/apidoc
[ 2832s] copying sphinx/templates/apidoc/module.rst_t -> build/lib/sphinx/templates/apidoc
[ 2832s] copying sphinx/templates/apidoc/package.rst_t -> build/lib/sphinx/templates/apidoc
[ 2832s] copying sphinx/templates/apidoc/toc.rst_t -> build/lib/sphinx/templates/apidoc
[ 2832s] creating build/lib/sphinx/templates/epub3
[ 2832s] copying sphinx/templates/epub3/container.xml -> build/lib/sphinx/templates/epub3
[ 2832s] copying sphinx/templates/epub3/content.opf_t -> build/lib/sphinx/templates/epub3
[ 2832s] copying sphinx/templates/epub3/mimetype -> build/lib/sphinx/templates/epub3
[ 2832s] copying sphinx/templates/epub3/nav.xhtml_t -> build/lib/sphinx/templates/epub3
[ 2832s] copying sphinx/templates/epub3/toc.ncx_t -> build/lib/sphinx/templates/epub3
[ 2832s] creating build/lib/sphinx/templates/gettext
[ 2832s] copying sphinx/templates/gettext/message.pot_t -> build/lib/sphinx/templates/gettext
[ 2832s] creating build/lib/sphinx/templates/graphviz
[ 2832s] copying sphinx/templates/graphviz/graphviz.css -> build/lib/sphinx/templates/graphviz
[ 2832s] creating build/lib/sphinx/templates/htmlhelp
[ 2832s] copying sphinx/templates/htmlhelp/project.hhc -> build/lib/sphinx/templates/htmlhelp
[ 2832s] copying sphinx/templates/htmlhelp/project.hhp -> build/lib/sphinx/templates/htmlhelp
[ 2832s] copying sphinx/templates/htmlhelp/project.stp -> build/lib/sphinx/templates/htmlhelp
[ 2832s] creating build/lib/sphinx/templates/imgmath
[ 2832s] copying sphinx/templates/imgmath/preview.tex_t -> build/lib/sphinx/templates/imgmath
[ 2832s] copying sphinx/templates/imgmath/template.tex_t -> build/lib/sphinx/templates/imgmath
[ 2832s] creating build/lib/sphinx/templates/latex
[ 2832s] copying sphinx/templates/latex/latex.tex_t -> build/lib/sphinx/templates/latex
[ 2832s] copying sphinx/templates/latex/longtable.tex_t -> build/lib/sphinx/templates/latex
[ 2832s] copying sphinx/templates/latex/sphinxmessages.sty_t -> build/lib/sphinx/templates/latex
[ 2832s] copying sphinx/templates/latex/tabular.tex_t -> build/lib/sphinx/templates/latex
[ 2832s] copying sphinx/templates/latex/tabulary.tex_t -> build/lib/sphinx/templates/latex
[ 2832s] creating build/lib/sphinx/templates/quickstart
[ 2832s] copying sphinx/templates/quickstart/Makefile.new_t -> build/lib/sphinx/templates/quickstart
[ 2832s] copying sphinx/templates/quickstart/Makefile_t -> build/lib/sphinx/templates/quickstart
[ 2832s] copying sphinx/templates/quickstart/conf.py_t -> build/lib/sphinx/templates/quickstart
[ 2832s] copying sphinx/templates/quickstart/make.bat.new_t -> build/lib/sphinx/templates/quickstart
[ 2832s] copying sphinx/templates/quickstart/make.bat_t -> build/lib/sphinx/templates/quickstart
[ 2832s] copying sphinx/templates/quickstart/root_doc.rst_t -> build/lib/sphinx/templates/quickstart
[ 2832s] creating build/lib/sphinx/templates/texinfo
[ 2832s] copying sphinx/templates/texinfo/Makefile -> build/lib/sphinx/templates/texinfo
[ 2832s] creating build/lib/sphinx/texinputs
[ 2832s] copying sphinx/texinputs/LICRcyr2utf8.xdy -> build/lib/sphinx/texinputs
[ 2832s] copying sphinx/texinputs/LICRlatin2utf8.xdy -> build/lib/sphinx/texinputs
[ 2832s] copying sphinx/texinputs/LatinRules.xdy -> build/lib/sphinx/texinputs
[ 2832s] copying sphinx/texinputs/Makefile_t -> build/lib/sphinx/texinputs
[ 2832s] copying sphinx/texinputs/latexmkjarc_t -> build/lib/sphinx/texinputs
[ 2832s] copying sphinx/texinputs/latexmkrc_t -> build/lib/sphinx/texinputs
[ 2832s] copying sphinx/texinputs/make.bat_t -> build/lib/sphinx/texinputs
[ 2832s] copying sphinx/texinputs/python.ist -> build/lib/sphinx/texinputs
[ 2832s] copying sphinx/texinputs/sphinx.sty -> build/lib/sphinx/texinputs
[ 2832s] copying sphinx/texinputs/sphinx.xdy -> build/lib/sphinx/texinputs
[ 2832s] copying sphinx/texinputs/sphinxhowto.cls -> build/lib/sphinx/texinputs
[ 2832s] copying sphinx/texinputs/sphinxlatexadmonitions.sty -> build/lib/sphinx/texinputs
[ 2832s] copying sphinx/texinputs/sphinxlatexcontainers.sty -> build/lib/sphinx/texinputs
[ 2832s] copying sphinx/texinputs/sphinxlatexgraphics.sty -> build/lib/sphinx/texinputs
[ 2832s] copying sphinx/texinputs/sphinxlatexindbibtoc.sty -> build/lib/sphinx/texinputs
[ 2832s] copying sphinx/texinputs/sphinxlatexlists.sty -> build/lib/sphinx/texinputs
[ 2832s] copying sphinx/texinputs/sphinxlatexliterals.sty -> build/lib/sphinx/texinputs
[ 2832s] copying sphinx/texinputs/sphinxlatexnumfig.sty -> build/lib/sphinx/texinputs
[ 2832s] copying sphinx/texinputs/sphinxlatexobjects.sty -> build/lib/sphinx/texinputs
[ 2832s] copying sphinx/texinputs/sphinxlatexshadowbox.sty -> build/lib/sphinx/texinputs
[ 2832s] copying sphinx/texinputs/sphinxlatexstyleheadings.sty -> build/lib/sphinx/texinputs
[ 2832s] copying sphinx/texinputs/sphinxlatexstylepage.sty -> build/lib/sphinx/texinputs
[ 2832s] copying sphinx/texinputs/sphinxlatexstyletext.sty -> build/lib/sphinx/texinputs
[ 2832s] copying sphinx/texinputs/sphinxlatextables.sty -> build/lib/sphinx/texinputs
[ 2832s] copying sphinx/texinputs/sphinxmanual.cls -> build/lib/sphinx/texinputs
[ 2832s] copying sphinx/texinputs/sphinxoptionsgeometry.sty -> build/lib/sphinx/texinputs
[ 2832s] copying sphinx/texinputs/sphinxoptionshyperref.sty -> build/lib/sphinx/texinputs
[ 2832s] copying sphinx/texinputs/sphinxpackagecyrillic.sty -> build/lib/sphinx/texinputs
[ 2832s] copying sphinx/texinputs/sphinxpackagefootnote.sty -> build/lib/sphinx/texinputs
[ 2832s] creating build/lib/sphinx/texinputs_win
[ 2832s] copying sphinx/texinputs_win/Makefile_t -> build/lib/sphinx/texinputs_win
[ 2832s] creating build/lib/sphinx/themes
[ 2832s] creating build/lib/sphinx/themes/agogo
[ 2832s] copying sphinx/themes/agogo/layout.html -> build/lib/sphinx/themes/agogo
[ 2832s] copying sphinx/themes/agogo/theme.conf -> build/lib/sphinx/themes/agogo
[ 2832s] creating build/lib/sphinx/themes/agogo/static
[ 2832s] copying sphinx/themes/agogo/static/agogo.css_t -> build/lib/sphinx/themes/agogo/static
[ 2832s] copying sphinx/themes/agogo/static/bgfooter.png -> build/lib/sphinx/themes/agogo/static
[ 2832s] copying sphinx/themes/agogo/static/bgtop.png -> build/lib/sphinx/themes/agogo/static
[ 2832s] creating build/lib/sphinx/themes/basic
[ 2832s] copying sphinx/themes/basic/defindex.html -> build/lib/sphinx/themes/basic
[ 2832s] copying sphinx/themes/basic/domainindex.html -> build/lib/sphinx/themes/basic
[ 2832s] copying sphinx/themes/basic/genindex-single.html -> build/lib/sphinx/themes/basic
[ 2832s] copying sphinx/themes/basic/genindex-split.html -> build/lib/sphinx/themes/basic
[ 2832s] copying sphinx/themes/basic/genindex.html -> build/lib/sphinx/themes/basic
[ 2832s] copying sphinx/themes/basic/globaltoc.html -> build/lib/sphinx/themes/basic
[ 2832s] copying sphinx/themes/basic/layout.html -> build/lib/sphinx/themes/basic
[ 2832s] copying sphinx/themes/basic/localtoc.html -> build/lib/sphinx/themes/basic
[ 2832s] copying sphinx/themes/basic/opensearch.xml -> build/lib/sphinx/themes/basic
[ 2832s] copying sphinx/themes/basic/page.html -> build/lib/sphinx/themes/basic
[ 2832s] copying sphinx/themes/basic/relations.html -> build/lib/sphinx/themes/basic
[ 2832s] copying sphinx/themes/basic/search.html -> build/lib/sphinx/themes/basic
[ 2832s] copying sphinx/themes/basic/searchbox.html -> build/lib/sphinx/themes/basic
[ 2832s] copying sphinx/themes/basic/sourcelink.html -> build/lib/sphinx/themes/basic
[ 2832s] copying sphinx/themes/basic/theme.conf -> build/lib/sphinx/themes/basic
[ 2832s] creating build/lib/sphinx/themes/basic/changes
[ 2832s] copying sphinx/themes/basic/changes/frameset.html -> build/lib/sphinx/themes/basic/changes
[ 2832s] copying sphinx/themes/basic/changes/rstsource.html -> build/lib/sphinx/themes/basic/changes
[ 2832s] copying sphinx/themes/basic/changes/versionchanges.html -> build/lib/sphinx/themes/basic/changes
[ 2832s] creating build/lib/sphinx/themes/basic/static
[ 2832s] copying sphinx/themes/basic/static/basic.css_t -> build/lib/sphinx/themes/basic/static
[ 2832s] copying sphinx/themes/basic/static/doctools.js -> build/lib/sphinx/themes/basic/static
[ 2832s] copying sphinx/themes/basic/static/documentation_options.js_t -> build/lib/sphinx/themes/basic/static
[ 2832s] copying sphinx/themes/basic/static/file.png -> build/lib/sphinx/themes/basic/static
[ 2832s] copying sphinx/themes/basic/static/jquery-3.5.1.js -> build/lib/sphinx/themes/basic/static
[ 2832s] copying sphinx/themes/basic/static/jquery.js -> build/lib/sphinx/themes/basic/static
[ 2832s] copying sphinx/themes/basic/static/language_data.js_t -> build/lib/sphinx/themes/basic/static
[ 2833s] copying sphinx/themes/basic/static/minus.png -> build/lib/sphinx/themes/basic/static
[ 2833s] copying sphinx/themes/basic/static/plus.png -> build/lib/sphinx/themes/basic/static
[ 2833s] copying sphinx/themes/basic/static/searchtools.js -> build/lib/sphinx/themes/basic/static
[ 2833s] copying sphinx/themes/basic/static/underscore-1.13.1.js -> build/lib/sphinx/themes/basic/static
[ 2833s] copying sphinx/themes/basic/static/underscore.js -> build/lib/sphinx/themes/basic/static
[ 2833s] creating build/lib/sphinx/themes/bizstyle
[ 2833s] copying sphinx/themes/bizstyle/layout.html -> build/lib/sphinx/themes/bizstyle
[ 2833s] copying sphinx/themes/bizstyle/theme.conf -> build/lib/sphinx/themes/bizstyle
[ 2833s] creating build/lib/sphinx/themes/bizstyle/static
[ 2833s] copying sphinx/themes/bizstyle/static/background_b01.png -> build/lib/sphinx/themes/bizstyle/static
[ 2833s] copying sphinx/themes/bizstyle/static/bizstyle.css_t -> build/lib/sphinx/themes/bizstyle/static
[ 2833s] copying sphinx/themes/bizstyle/static/bizstyle.js_t -> build/lib/sphinx/themes/bizstyle/static
[ 2833s] copying sphinx/themes/bizstyle/static/css3-mediaqueries.js -> build/lib/sphinx/themes/bizstyle/static
[ 2833s] copying sphinx/themes/bizstyle/static/css3-mediaqueries_src.js -> build/lib/sphinx/themes/bizstyle/static
[ 2833s] creating build/lib/sphinx/themes/classic
[ 2833s] copying sphinx/themes/classic/layout.html -> build/lib/sphinx/themes/classic
[ 2833s] copying sphinx/themes/classic/theme.conf -> build/lib/sphinx/themes/classic
[ 2833s] creating build/lib/sphinx/themes/classic/static
[ 2833s] copying sphinx/themes/classic/static/classic.css_t -> build/lib/sphinx/themes/classic/static
[ 2833s] copying sphinx/themes/classic/static/sidebar.js_t -> build/lib/sphinx/themes/classic/static
[ 2833s] creating build/lib/sphinx/themes/default
[ 2833s] copying sphinx/themes/default/theme.conf -> build/lib/sphinx/themes/default
[ 2833s] creating build/lib/sphinx/themes/default/static
[ 2833s] copying sphinx/themes/default/static/default.css -> build/lib/sphinx/themes/default/static
[ 2833s] creating build/lib/sphinx/themes/epub
[ 2833s] copying sphinx/themes/epub/epub-cover.html -> build/lib/sphinx/themes/epub
[ 2833s] copying sphinx/themes/epub/layout.html -> build/lib/sphinx/themes/epub
[ 2833s] copying sphinx/themes/epub/theme.conf -> build/lib/sphinx/themes/epub
[ 2833s] creating build/lib/sphinx/themes/epub/static
[ 2833s] copying sphinx/themes/epub/static/epub.css_t -> build/lib/sphinx/themes/epub/static
[ 2833s] creating build/lib/sphinx/themes/haiku
[ 2833s] copying sphinx/themes/haiku/layout.html -> build/lib/sphinx/themes/haiku
[ 2833s] copying sphinx/themes/haiku/theme.conf -> build/lib/sphinx/themes/haiku
[ 2833s] creating build/lib/sphinx/themes/haiku/static
[ 2833s] copying sphinx/themes/haiku/static/alert_info_32.png -> build/lib/sphinx/themes/haiku/static
[ 2833s] copying sphinx/themes/haiku/static/alert_warning_32.png -> build/lib/sphinx/themes/haiku/static
[ 2833s] copying sphinx/themes/haiku/static/bg-page.png -> build/lib/sphinx/themes/haiku/static
[ 2833s] copying sphinx/themes/haiku/static/bullet_orange.png -> build/lib/sphinx/themes/haiku/static
[ 2833s] copying sphinx/themes/haiku/static/haiku.css_t -> build/lib/sphinx/themes/haiku/static
[ 2833s] creating build/lib/sphinx/themes/nature
[ 2833s] copying sphinx/themes/nature/theme.conf -> build/lib/sphinx/themes/nature
[ 2833s] creating build/lib/sphinx/themes/nature/static
[ 2833s] copying sphinx/themes/nature/static/nature.css_t -> build/lib/sphinx/themes/nature/static
[ 2833s] creating build/lib/sphinx/themes/nonav
[ 2833s] copying sphinx/themes/nonav/layout.html -> build/lib/sphinx/themes/nonav
[ 2833s] copying sphinx/themes/nonav/theme.conf -> build/lib/sphinx/themes/nonav
[ 2833s] creating build/lib/sphinx/themes/nonav/static
[ 2833s] copying sphinx/themes/nonav/static/nonav.css -> build/lib/sphinx/themes/nonav/static
[ 2833s] creating build/lib/sphinx/themes/pyramid
[ 2833s] copying sphinx/themes/pyramid/layout.html -> build/lib/sphinx/themes/pyramid
[ 2833s] copying sphinx/themes/pyramid/theme.conf -> build/lib/sphinx/themes/pyramid
[ 2833s] creating build/lib/sphinx/themes/pyramid/static
[ 2833s] copying sphinx/themes/pyramid/static/dialog-note.png -> build/lib/sphinx/themes/pyramid/static
[ 2833s] copying sphinx/themes/pyramid/static/dialog-seealso.png -> build/lib/sphinx/themes/pyramid/static
[ 2833s] copying sphinx/themes/pyramid/static/dialog-todo.png -> build/lib/sphinx/themes/pyramid/static
[ 2833s] copying sphinx/themes/pyramid/static/dialog-topic.png -> build/lib/sphinx/themes/pyramid/static
[ 2833s] copying sphinx/themes/pyramid/static/dialog-warning.png -> build/lib/sphinx/themes/pyramid/static
[ 2833s] copying sphinx/themes/pyramid/static/epub.css -> build/lib/sphinx/themes/pyramid/static
[ 2833s] copying sphinx/themes/pyramid/static/footerbg.png -> build/lib/sphinx/themes/pyramid/static
[ 2833s] copying sphinx/themes/pyramid/static/headerbg.png -> build/lib/sphinx/themes/pyramid/static
[ 2833s] copying sphinx/themes/pyramid/static/ie6.css -> build/lib/sphinx/themes/pyramid/static
[ 2833s] copying sphinx/themes/pyramid/static/middlebg.png -> build/lib/sphinx/themes/pyramid/static
[ 2833s] copying sphinx/themes/pyramid/static/pyramid.css_t -> build/lib/sphinx/themes/pyramid/static
[ 2833s] copying sphinx/themes/pyramid/static/transparent.gif -> build/lib/sphinx/themes/pyramid/static
[ 2833s] creating build/lib/sphinx/themes/scrolls
[ 2833s] copying sphinx/themes/scrolls/layout.html -> build/lib/sphinx/themes/scrolls
[ 2833s] copying sphinx/themes/scrolls/theme.conf -> build/lib/sphinx/themes/scrolls
[ 2833s] creating build/lib/sphinx/themes/scrolls/artwork
[ 2833s] copying sphinx/themes/scrolls/artwork/logo.svg -> build/lib/sphinx/themes/scrolls/artwork
[ 2833s] creating build/lib/sphinx/themes/scrolls/static
[ 2833s] copying sphinx/themes/scrolls/static/darkmetal.png -> build/lib/sphinx/themes/scrolls/static
[ 2833s] copying sphinx/themes/scrolls/static/headerbg.png -> build/lib/sphinx/themes/scrolls/static
[ 2833s] copying sphinx/themes/scrolls/static/logo.png -> build/lib/sphinx/themes/scrolls/static
[ 2833s] copying sphinx/themes/scrolls/static/metal.png -> build/lib/sphinx/themes/scrolls/static
[ 2833s] copying sphinx/themes/scrolls/static/navigation.png -> build/lib/sphinx/themes/scrolls/static
[ 2833s] copying sphinx/themes/scrolls/static/print.css -> build/lib/sphinx/themes/scrolls/static
[ 2833s] copying sphinx/themes/scrolls/static/scrolls.css_t -> build/lib/sphinx/themes/scrolls/static
[ 2833s] copying sphinx/themes/scrolls/static/theme_extras.js -> build/lib/sphinx/themes/scrolls/static
[ 2833s] copying sphinx/themes/scrolls/static/watermark.png -> build/lib/sphinx/themes/scrolls/static
[ 2833s] copying sphinx/themes/scrolls/static/watermark_blur.png -> build/lib/sphinx/themes/scrolls/static
[ 2833s] creating build/lib/sphinx/themes/sphinxdoc
[ 2833s] copying sphinx/themes/sphinxdoc/theme.conf -> build/lib/sphinx/themes/sphinxdoc
[ 2833s] creating build/lib/sphinx/themes/sphinxdoc/static
[ 2833s] copying sphinx/themes/sphinxdoc/static/contents.png -> build/lib/sphinx/themes/sphinxdoc/static
[ 2833s] copying sphinx/themes/sphinxdoc/static/navigation.png -> build/lib/sphinx/themes/sphinxdoc/static
[ 2833s] copying sphinx/themes/sphinxdoc/static/sphinxdoc.css_t -> build/lib/sphinx/themes/sphinxdoc/static
[ 2833s] creating build/lib/sphinx/themes/traditional
[ 2833s] copying sphinx/themes/traditional/theme.conf -> build/lib/sphinx/themes/traditional
[ 2833s] creating build/lib/sphinx/themes/traditional/static
[ 2833s] copying sphinx/themes/traditional/static/traditional.css_t -> build/lib/sphinx/themes/traditional/static
[ 2833s] copying sphinx/locale/sphinx.pot -> build/lib/sphinx/locale
[ 2833s] creating build/lib/sphinx/locale/ar
[ 2833s] creating build/lib/sphinx/locale/ar/LC_MESSAGES
[ 2833s] copying sphinx/locale/ar/LC_MESSAGES/sphinx.js -> build/lib/sphinx/locale/ar/LC_MESSAGES
[ 2833s] copying sphinx/locale/ar/LC_MESSAGES/sphinx.mo -> build/lib/sphinx/locale/ar/LC_MESSAGES
[ 2833s] copying sphinx/locale/ar/LC_MESSAGES/sphinx.po -> build/lib/sphinx/locale/ar/LC_MESSAGES
[ 2833s] creating build/lib/sphinx/locale/bg
[ 2833s] creating build/lib/sphinx/locale/bg/LC_MESSAGES
[ 2833s] copying sphinx/locale/bg/LC_MESSAGES/sphinx.js -> build/lib/sphinx/locale/bg/LC_MESSAGES
[ 2833s] copying sphinx/locale/bg/LC_MESSAGES/sphinx.mo -> build/lib/sphinx/locale/bg/LC_MESSAGES
[ 2833s] copying sphinx/locale/bg/LC_MESSAGES/sphinx.po -> build/lib/sphinx/locale/bg/LC_MESSAGES
[ 2833s] creating build/lib/sphinx/locale/bn
[ 2833s] creating build/lib/sphinx/locale/bn/LC_MESSAGES
[ 2833s] copying sphinx/locale/bn/LC_MESSAGES/sphinx.js -> build/lib/sphinx/locale/bn/LC_MESSAGES
[ 2833s] copying sphinx/locale/bn/LC_MESSAGES/sphinx.mo -> build/lib/sphinx/locale/bn/LC_MESSAGES
[ 2833s] copying sphinx/locale/bn/LC_MESSAGES/sphinx.po -> build/lib/sphinx/locale/bn/LC_MESSAGES
[ 2833s] creating build/lib/sphinx/locale/ca
[ 2833s] creating build/lib/sphinx/locale/ca/LC_MESSAGES
[ 2833s] copying sphinx/locale/ca/LC_MESSAGES/sphinx.js -> build/lib/sphinx/locale/ca/LC_MESSAGES
[ 2833s] copying sphinx/locale/ca/LC_MESSAGES/sphinx.mo -> build/lib/sphinx/locale/ca/LC_MESSAGES
[ 2833s] copying sphinx/locale/ca/LC_MESSAGES/sphinx.po -> build/lib/sphinx/locale/ca/LC_MESSAGES
[ 2833s] creating build/lib/sphinx/locale/cak
[ 2833s] creating build/lib/sphinx/locale/cak/LC_MESSAGES
[ 2833s] copying sphinx/locale/cak/LC_MESSAGES/sphinx.js -> build/lib/sphinx/locale/cak/LC_MESSAGES
[ 2833s] copying sphinx/locale/cak/LC_MESSAGES/sphinx.mo -> build/lib/sphinx/locale/cak/LC_MESSAGES
[ 2833s] copying sphinx/locale/cak/LC_MESSAGES/sphinx.po -> build/lib/sphinx/locale/cak/LC_MESSAGES
[ 2833s] creating build/lib/sphinx/locale/cs
[ 2833s] creating build/lib/sphinx/locale/cs/LC_MESSAGES
[ 2833s] copying sphinx/locale/cs/LC_MESSAGES/sphinx.js -> build/lib/sphinx/locale/cs/LC_MESSAGES
[ 2833s] copying sphinx/locale/cs/LC_MESSAGES/sphinx.mo -> build/lib/sphinx/locale/cs/LC_MESSAGES
[ 2833s] copying sphinx/locale/cs/LC_MESSAGES/sphinx.po -> build/lib/sphinx/locale/cs/LC_MESSAGES
[ 2833s] creating build/lib/sphinx/locale/cy
[ 2833s] creating build/lib/sphinx/locale/cy/LC_MESSAGES
[ 2833s] copying sphinx/locale/cy/LC_MESSAGES/sphinx.js -> build/lib/sphinx/locale/cy/LC_MESSAGES
[ 2833s] copying sphinx/locale/cy/LC_MESSAGES/sphinx.mo -> build/lib/sphinx/locale/cy/LC_MESSAGES
[ 2833s] copying sphinx/locale/cy/LC_MESSAGES/sphinx.po -> build/lib/sphinx/locale/cy/LC_MESSAGES
[ 2833s] creating build/lib/sphinx/locale/da
[ 2833s] creating build/lib/sphinx/locale/da/LC_MESSAGES
[ 2833s] copying sphinx/locale/da/LC_MESSAGES/sphinx.js -> build/lib/sphinx/locale/da/LC_MESSAGES
[ 2833s] copying sphinx/locale/da/LC_MESSAGES/sphinx.mo -> build/lib/sphinx/locale/da/LC_MESSAGES
[ 2834s] copying sphinx/locale/da/LC_MESSAGES/sphinx.po -> build/lib/sphinx/locale/da/LC_MESSAGES
[ 2834s] creating build/lib/sphinx/locale/de
[ 2834s] creating build/lib/sphinx/locale/de/LC_MESSAGES
[ 2834s] copying sphinx/locale/de/LC_MESSAGES/sphinx.js -> build/lib/sphinx/locale/de/LC_MESSAGES
[ 2834s] copying sphinx/locale/de/LC_MESSAGES/sphinx.mo -> build/lib/sphinx/locale/de/LC_MESSAGES
[ 2834s] copying sphinx/locale/de/LC_MESSAGES/sphinx.po -> build/lib/sphinx/locale/de/LC_MESSAGES
[ 2834s] creating build/lib/sphinx/locale/el
[ 2834s] creating build/lib/sphinx/locale/el/LC_MESSAGES
[ 2834s] copying sphinx/locale/el/LC_MESSAGES/sphinx.js -> build/lib/sphinx/locale/el/LC_MESSAGES
[ 2834s] copying sphinx/locale/el/LC_MESSAGES/sphinx.mo -> build/lib/sphinx/locale/el/LC_MESSAGES
[ 2834s] copying sphinx/locale/el/LC_MESSAGES/sphinx.po -> build/lib/sphinx/locale/el/LC_MESSAGES
[ 2834s] creating build/lib/sphinx/locale/en_FR
[ 2834s] creating build/lib/sphinx/locale/en_FR/LC_MESSAGES
[ 2834s] copying sphinx/locale/en_FR/LC_MESSAGES/sphinx.js -> build/lib/sphinx/locale/en_FR/LC_MESSAGES
[ 2834s] copying sphinx/locale/en_FR/LC_MESSAGES/sphinx.mo -> build/lib/sphinx/locale/en_FR/LC_MESSAGES
[ 2834s] copying sphinx/locale/en_FR/LC_MESSAGES/sphinx.po -> build/lib/sphinx/locale/en_FR/LC_MESSAGES
[ 2834s] creating build/lib/sphinx/locale/en_GB
[ 2834s] creating build/lib/sphinx/locale/en_GB/LC_MESSAGES
[ 2834s] copying sphinx/locale/en_GB/LC_MESSAGES/sphinx.js -> build/lib/sphinx/locale/en_GB/LC_MESSAGES
[ 2834s] copying sphinx/locale/en_GB/LC_MESSAGES/sphinx.mo -> build/lib/sphinx/locale/en_GB/LC_MESSAGES
[ 2834s] copying sphinx/locale/en_GB/LC_MESSAGES/sphinx.po -> build/lib/sphinx/locale/en_GB/LC_MESSAGES
[ 2834s] creating build/lib/sphinx/locale/en_HK
[ 2834s] creating build/lib/sphinx/locale/en_HK/LC_MESSAGES
[ 2834s] copying sphinx/locale/en_HK/LC_MESSAGES/sphinx.js -> build/lib/sphinx/locale/en_HK/LC_MESSAGES
[ 2834s] copying sphinx/locale/en_HK/LC_MESSAGES/sphinx.mo -> build/lib/sphinx/locale/en_HK/LC_MESSAGES
[ 2834s] copying sphinx/locale/en_HK/LC_MESSAGES/sphinx.po -> build/lib/sphinx/locale/en_HK/LC_MESSAGES
[ 2834s] creating build/lib/sphinx/locale/eo
[ 2834s] creating build/lib/sphinx/locale/eo/LC_MESSAGES
[ 2834s] copying sphinx/locale/eo/LC_MESSAGES/sphinx.js -> build/lib/sphinx/locale/eo/LC_MESSAGES
[ 2834s] copying sphinx/locale/eo/LC_MESSAGES/sphinx.mo -> build/lib/sphinx/locale/eo/LC_MESSAGES
[ 2834s] copying sphinx/locale/eo/LC_MESSAGES/sphinx.po -> build/lib/sphinx/locale/eo/LC_MESSAGES
[ 2834s] creating build/lib/sphinx/locale/es
[ 2834s] creating build/lib/sphinx/locale/es/LC_MESSAGES
[ 2834s] copying sphinx/locale/es/LC_MESSAGES/sphinx.js -> build/lib/sphinx/locale/es/LC_MESSAGES
[ 2834s] copying sphinx/locale/es/LC_MESSAGES/sphinx.mo -> build/lib/sphinx/locale/es/LC_MESSAGES
[ 2834s] copying sphinx/locale/es/LC_MESSAGES/sphinx.po -> build/lib/sphinx/locale/es/LC_MESSAGES
[ 2834s] creating build/lib/sphinx/locale/et
[ 2834s] creating build/lib/sphinx/locale/et/LC_MESSAGES
[ 2834s] copying sphinx/locale/et/LC_MESSAGES/sphinx.js -> build/lib/sphinx/locale/et/LC_MESSAGES
[ 2834s] copying sphinx/locale/et/LC_MESSAGES/sphinx.mo -> build/lib/sphinx/locale/et/LC_MESSAGES
[ 2834s] copying sphinx/locale/et/LC_MESSAGES/sphinx.po -> build/lib/sphinx/locale/et/LC_MESSAGES
[ 2834s] creating build/lib/sphinx/locale/eu
[ 2834s] creating build/lib/sphinx/locale/eu/LC_MESSAGES
[ 2834s] copying sphinx/locale/eu/LC_MESSAGES/sphinx.js -> build/lib/sphinx/locale/eu/LC_MESSAGES
[ 2834s] copying sphinx/locale/eu/LC_MESSAGES/sphinx.mo -> build/lib/sphinx/locale/eu/LC_MESSAGES
[ 2834s] copying sphinx/locale/eu/LC_MESSAGES/sphinx.po -> build/lib/sphinx/locale/eu/LC_MESSAGES
[ 2834s] creating build/lib/sphinx/locale/fa
[ 2834s] creating build/lib/sphinx/locale/fa/LC_MESSAGES
[ 2834s] copying sphinx/locale/fa/LC_MESSAGES/sphinx.js -> build/lib/sphinx/locale/fa/LC_MESSAGES
[ 2834s] copying sphinx/locale/fa/LC_MESSAGES/sphinx.mo -> build/lib/sphinx/locale/fa/LC_MESSAGES
[ 2834s] copying sphinx/locale/fa/LC_MESSAGES/sphinx.po -> build/lib/sphinx/locale/fa/LC_MESSAGES
[ 2834s] creating build/lib/sphinx/locale/fi
[ 2834s] creating build/lib/sphinx/locale/fi/LC_MESSAGES
[ 2834s] copying sphinx/locale/fi/LC_MESSAGES/sphinx.js -> build/lib/sphinx/locale/fi/LC_MESSAGES
[ 2834s] copying sphinx/locale/fi/LC_MESSAGES/sphinx.mo -> build/lib/sphinx/locale/fi/LC_MESSAGES
[ 2834s] copying sphinx/locale/fi/LC_MESSAGES/sphinx.po -> build/lib/sphinx/locale/fi/LC_MESSAGES
[ 2834s] creating build/lib/sphinx/locale/fr
[ 2834s] creating build/lib/sphinx/locale/fr/LC_MESSAGES
[ 2834s] copying sphinx/locale/fr/LC_MESSAGES/sphinx.js -> build/lib/sphinx/locale/fr/LC_MESSAGES
[ 2834s] copying sphinx/locale/fr/LC_MESSAGES/sphinx.mo -> build/lib/sphinx/locale/fr/LC_MESSAGES
[ 2834s] copying sphinx/locale/fr/LC_MESSAGES/sphinx.po -> build/lib/sphinx/locale/fr/LC_MESSAGES
[ 2834s] creating build/lib/sphinx/locale/fr_FR
[ 2834s] creating build/lib/sphinx/locale/fr_FR/LC_MESSAGES
[ 2834s] copying sphinx/locale/fr_FR/LC_MESSAGES/sphinx.js -> build/lib/sphinx/locale/fr_FR/LC_MESSAGES
[ 2834s] copying sphinx/locale/fr_FR/LC_MESSAGES/sphinx.mo -> build/lib/sphinx/locale/fr_FR/LC_MESSAGES
[ 2834s] copying sphinx/locale/fr_FR/LC_MESSAGES/sphinx.po -> build/lib/sphinx/locale/fr_FR/LC_MESSAGES
[ 2834s] creating build/lib/sphinx/locale/he
[ 2834s] creating build/lib/sphinx/locale/he/LC_MESSAGES
[ 2834s] copying sphinx/locale/he/LC_MESSAGES/sphinx.js -> build/lib/sphinx/locale/he/LC_MESSAGES
[ 2834s] copying sphinx/locale/he/LC_MESSAGES/sphinx.mo -> build/lib/sphinx/locale/he/LC_MESSAGES
[ 2834s] copying sphinx/locale/he/LC_MESSAGES/sphinx.po -> build/lib/sphinx/locale/he/LC_MESSAGES
[ 2834s] creating build/lib/sphinx/locale/hi
[ 2834s] creating build/lib/sphinx/locale/hi/LC_MESSAGES
[ 2834s] copying sphinx/locale/hi/LC_MESSAGES/sphinx.js -> build/lib/sphinx/locale/hi/LC_MESSAGES
[ 2834s] copying sphinx/locale/hi/LC_MESSAGES/sphinx.mo -> build/lib/sphinx/locale/hi/LC_MESSAGES
[ 2834s] copying sphinx/locale/hi/LC_MESSAGES/sphinx.po -> build/lib/sphinx/locale/hi/LC_MESSAGES
[ 2834s] creating build/lib/sphinx/locale/hi_IN
[ 2834s] creating build/lib/sphinx/locale/hi_IN/LC_MESSAGES
[ 2834s] copying sphinx/locale/hi_IN/LC_MESSAGES/sphinx.js -> build/lib/sphinx/locale/hi_IN/LC_MESSAGES
[ 2834s] copying sphinx/locale/hi_IN/LC_MESSAGES/sphinx.mo -> build/lib/sphinx/locale/hi_IN/LC_MESSAGES
[ 2834s] copying sphinx/locale/hi_IN/LC_MESSAGES/sphinx.po -> build/lib/sphinx/locale/hi_IN/LC_MESSAGES
[ 2834s] creating build/lib/sphinx/locale/hr
[ 2834s] creating build/lib/sphinx/locale/hr/LC_MESSAGES
[ 2834s] copying sphinx/locale/hr/LC_MESSAGES/sphinx.js -> build/lib/sphinx/locale/hr/LC_MESSAGES
[ 2834s] copying sphinx/locale/hr/LC_MESSAGES/sphinx.mo -> build/lib/sphinx/locale/hr/LC_MESSAGES
[ 2834s] copying sphinx/locale/hr/LC_MESSAGES/sphinx.po -> build/lib/sphinx/locale/hr/LC_MESSAGES
[ 2834s] creating build/lib/sphinx/locale/hu
[ 2834s] creating build/lib/sphinx/locale/hu/LC_MESSAGES
[ 2834s] copying sphinx/locale/hu/LC_MESSAGES/sphinx.js -> build/lib/sphinx/locale/hu/LC_MESSAGES
[ 2834s] copying sphinx/locale/hu/LC_MESSAGES/sphinx.mo -> build/lib/sphinx/locale/hu/LC_MESSAGES
[ 2834s] copying sphinx/locale/hu/LC_MESSAGES/sphinx.po -> build/lib/sphinx/locale/hu/LC_MESSAGES
[ 2834s] creating build/lib/sphinx/locale/id
[ 2834s] creating build/lib/sphinx/locale/id/LC_MESSAGES
[ 2834s] copying sphinx/locale/id/LC_MESSAGES/sphinx.js -> build/lib/sphinx/locale/id/LC_MESSAGES
[ 2834s] copying sphinx/locale/id/LC_MESSAGES/sphinx.mo -> build/lib/sphinx/locale/id/LC_MESSAGES
[ 2834s] copying sphinx/locale/id/LC_MESSAGES/sphinx.po -> build/lib/sphinx/locale/id/LC_MESSAGES
[ 2834s] creating build/lib/sphinx/locale/is
[ 2834s] creating build/lib/sphinx/locale/is/LC_MESSAGES
[ 2834s] copying sphinx/locale/is/LC_MESSAGES/sphinx.js -> build/lib/sphinx/locale/is/LC_MESSAGES
[ 2834s] copying sphinx/locale/is/LC_MESSAGES/sphinx.mo -> build/lib/sphinx/locale/is/LC_MESSAGES
[ 2834s] copying sphinx/locale/is/LC_MESSAGES/sphinx.po -> build/lib/sphinx/locale/is/LC_MESSAGES
[ 2834s] creating build/lib/sphinx/locale/it
[ 2834s] creating build/lib/sphinx/locale/it/LC_MESSAGES
[ 2834s] copying sphinx/locale/it/LC_MESSAGES/sphinx.js -> build/lib/sphinx/locale/it/LC_MESSAGES
[ 2834s] copying sphinx/locale/it/LC_MESSAGES/sphinx.mo -> build/lib/sphinx/locale/it/LC_MESSAGES
[ 2834s] copying sphinx/locale/it/LC_MESSAGES/sphinx.po -> build/lib/sphinx/locale/it/LC_MESSAGES
[ 2834s] creating build/lib/sphinx/locale/ja
[ 2834s] creating build/lib/sphinx/locale/ja/LC_MESSAGES
[ 2834s] copying sphinx/locale/ja/LC_MESSAGES/sphinx.js -> build/lib/sphinx/locale/ja/LC_MESSAGES
[ 2834s] copying sphinx/locale/ja/LC_MESSAGES/sphinx.mo -> build/lib/sphinx/locale/ja/LC_MESSAGES
[ 2834s] copying sphinx/locale/ja/LC_MESSAGES/sphinx.po -> build/lib/sphinx/locale/ja/LC_MESSAGES
[ 2834s] creating build/lib/sphinx/locale/ko
[ 2834s] creating build/lib/sphinx/locale/ko/LC_MESSAGES
[ 2834s] copying sphinx/locale/ko/LC_MESSAGES/sphinx.js -> build/lib/sphinx/locale/ko/LC_MESSAGES
[ 2834s] copying sphinx/locale/ko/LC_MESSAGES/sphinx.mo -> build/lib/sphinx/locale/ko/LC_MESSAGES
[ 2834s] copying sphinx/locale/ko/LC_MESSAGES/sphinx.po -> build/lib/sphinx/locale/ko/LC_MESSAGES
[ 2835s] creating build/lib/sphinx/locale/lt
[ 2835s] creating build/lib/sphinx/locale/lt/LC_MESSAGES
[ 2835s] copying sphinx/locale/lt/LC_MESSAGES/sphinx.js -> build/lib/sphinx/locale/lt/LC_MESSAGES
[ 2835s] copying sphinx/locale/lt/LC_MESSAGES/sphinx.mo -> build/lib/sphinx/locale/lt/LC_MESSAGES
[ 2835s] copying sphinx/locale/lt/LC_MESSAGES/sphinx.po -> build/lib/sphinx/locale/lt/LC_MESSAGES
[ 2835s] creating build/lib/sphinx/locale/lv
[ 2835s] creating build/lib/sphinx/locale/lv/LC_MESSAGES
[ 2835s] copying sphinx/locale/lv/LC_MESSAGES/sphinx.js -> build/lib/sphinx/locale/lv/LC_MESSAGES
[ 2835s] copying sphinx/locale/lv/LC_MESSAGES/sphinx.mo -> build/lib/sphinx/locale/lv/LC_MESSAGES
[ 2835s] copying sphinx/locale/lv/LC_MESSAGES/sphinx.po -> build/lib/sphinx/locale/lv/LC_MESSAGES
[ 2835s] creating build/lib/sphinx/locale/mk
[ 2835s] creating build/lib/sphinx/locale/mk/LC_MESSAGES
[ 2835s] copying sphinx/locale/mk/LC_MESSAGES/sphinx.js -> build/lib/sphinx/locale/mk/LC_MESSAGES
[ 2835s] copying sphinx/locale/mk/LC_MESSAGES/sphinx.mo -> build/lib/sphinx/locale/mk/LC_MESSAGES
[ 2835s] copying sphinx/locale/mk/LC_MESSAGES/sphinx.po -> build/lib/sphinx/locale/mk/LC_MESSAGES
[ 2835s] creating build/lib/sphinx/locale/nb_NO
[ 2835s] creating build/lib/sphinx/locale/nb_NO/LC_MESSAGES
[ 2835s] copying sphinx/locale/nb_NO/LC_MESSAGES/sphinx.js -> build/lib/sphinx/locale/nb_NO/LC_MESSAGES
[ 2835s] copying sphinx/locale/nb_NO/LC_MESSAGES/sphinx.mo -> build/lib/sphinx/locale/nb_NO/LC_MESSAGES
[ 2835s] copying sphinx/locale/nb_NO/LC_MESSAGES/sphinx.po -> build/lib/sphinx/locale/nb_NO/LC_MESSAGES
[ 2835s] creating build/lib/sphinx/locale/ne
[ 2835s] creating build/lib/sphinx/locale/ne/LC_MESSAGES
[ 2835s] copying sphinx/locale/ne/LC_MESSAGES/sphinx.js -> build/lib/sphinx/locale/ne/LC_MESSAGES
[ 2835s] copying sphinx/locale/ne/LC_MESSAGES/sphinx.mo -> build/lib/sphinx/locale/ne/LC_MESSAGES
[ 2835s] copying sphinx/locale/ne/LC_MESSAGES/sphinx.po -> build/lib/sphinx/locale/ne/LC_MESSAGES
[ 2835s] creating build/lib/sphinx/locale/nl
[ 2835s] creating build/lib/sphinx/locale/nl/LC_MESSAGES
[ 2835s] copying sphinx/locale/nl/LC_MESSAGES/sphinx.js -> build/lib/sphinx/locale/nl/LC_MESSAGES
[ 2835s] copying sphinx/locale/nl/LC_MESSAGES/sphinx.mo -> build/lib/sphinx/locale/nl/LC_MESSAGES
[ 2835s] copying sphinx/locale/nl/LC_MESSAGES/sphinx.po -> build/lib/sphinx/locale/nl/LC_MESSAGES
[ 2835s] creating build/lib/sphinx/locale/pl
[ 2835s] creating build/lib/sphinx/locale/pl/LC_MESSAGES
[ 2835s] copying sphinx/locale/pl/LC_MESSAGES/sphinx.js -> build/lib/sphinx/locale/pl/LC_MESSAGES
[ 2835s] copying sphinx/locale/pl/LC_MESSAGES/sphinx.mo -> build/lib/sphinx/locale/pl/LC_MESSAGES
[ 2835s] copying sphinx/locale/pl/LC_MESSAGES/sphinx.po -> build/lib/sphinx/locale/pl/LC_MESSAGES
[ 2835s] creating build/lib/sphinx/locale/pt
[ 2835s] creating build/lib/sphinx/locale/pt/LC_MESSAGES
[ 2835s] copying sphinx/locale/pt/LC_MESSAGES/sphinx.js -> build/lib/sphinx/locale/pt/LC_MESSAGES
[ 2835s] copying sphinx/locale/pt/LC_MESSAGES/sphinx.mo -> build/lib/sphinx/locale/pt/LC_MESSAGES
[ 2835s] copying sphinx/locale/pt/LC_MESSAGES/sphinx.po -> build/lib/sphinx/locale/pt/LC_MESSAGES
[ 2835s] creating build/lib/sphinx/locale/pt_BR
[ 2835s] creating build/lib/sphinx/locale/pt_BR/LC_MESSAGES
[ 2835s] copying sphinx/locale/pt_BR/LC_MESSAGES/sphinx.js -> build/lib/sphinx/locale/pt_BR/LC_MESSAGES
[ 2835s] copying sphinx/locale/pt_BR/LC_MESSAGES/sphinx.mo -> build/lib/sphinx/locale/pt_BR/LC_MESSAGES
[ 2835s] copying sphinx/locale/pt_BR/LC_MESSAGES/sphinx.po -> build/lib/sphinx/locale/pt_BR/LC_MESSAGES
[ 2835s] creating build/lib/sphinx/locale/pt_PT
[ 2835s] creating build/lib/sphinx/locale/pt_PT/LC_MESSAGES
[ 2835s] copying sphinx/locale/pt_PT/LC_MESSAGES/sphinx.js -> build/lib/sphinx/locale/pt_PT/LC_MESSAGES
[ 2835s] copying sphinx/locale/pt_PT/LC_MESSAGES/sphinx.mo -> build/lib/sphinx/locale/pt_PT/LC_MESSAGES
[ 2835s] copying sphinx/locale/pt_PT/LC_MESSAGES/sphinx.po -> build/lib/sphinx/locale/pt_PT/LC_MESSAGES
[ 2835s] creating build/lib/sphinx/locale/ro
[ 2835s] creating build/lib/sphinx/locale/ro/LC_MESSAGES
[ 2835s] copying sphinx/locale/ro/LC_MESSAGES/sphinx.js -> build/lib/sphinx/locale/ro/LC_MESSAGES
[ 2835s] copying sphinx/locale/ro/LC_MESSAGES/sphinx.mo -> build/lib/sphinx/locale/ro/LC_MESSAGES
[ 2835s] copying sphinx/locale/ro/LC_MESSAGES/sphinx.po -> build/lib/sphinx/locale/ro/LC_MESSAGES
[ 2835s] creating build/lib/sphinx/locale/ru
[ 2835s] creating build/lib/sphinx/locale/ru/LC_MESSAGES
[ 2835s] copying sphinx/locale/ru/LC_MESSAGES/sphinx.js -> build/lib/sphinx/locale/ru/LC_MESSAGES
[ 2835s] copying sphinx/locale/ru/LC_MESSAGES/sphinx.mo -> build/lib/sphinx/locale/ru/LC_MESSAGES
[ 2835s] copying sphinx/locale/ru/LC_MESSAGES/sphinx.po -> build/lib/sphinx/locale/ru/LC_MESSAGES
[ 2835s] creating build/lib/sphinx/locale/si
[ 2835s] creating build/lib/sphinx/locale/si/LC_MESSAGES
[ 2835s] copying sphinx/locale/si/LC_MESSAGES/sphinx.js -> build/lib/sphinx/locale/si/LC_MESSAGES
[ 2835s] copying sphinx/locale/si/LC_MESSAGES/sphinx.mo -> build/lib/sphinx/locale/si/LC_MESSAGES
[ 2835s] copying sphinx/locale/si/LC_MESSAGES/sphinx.po -> build/lib/sphinx/locale/si/LC_MESSAGES
[ 2835s] creating build/lib/sphinx/locale/sk
[ 2835s] creating build/lib/sphinx/locale/sk/LC_MESSAGES
[ 2835s] copying sphinx/locale/sk/LC_MESSAGES/sphinx.js -> build/lib/sphinx/locale/sk/LC_MESSAGES
[ 2835s] copying sphinx/locale/sk/LC_MESSAGES/sphinx.mo -> build/lib/sphinx/locale/sk/LC_MESSAGES
[ 2835s] copying sphinx/locale/sk/LC_MESSAGES/sphinx.po -> build/lib/sphinx/locale/sk/LC_MESSAGES
[ 2835s] creating build/lib/sphinx/locale/sl
[ 2835s] creating build/lib/sphinx/locale/sl/LC_MESSAGES
[ 2835s] copying sphinx/locale/sl/LC_MESSAGES/sphinx.js -> build/lib/sphinx/locale/sl/LC_MESSAGES
[ 2835s] copying sphinx/locale/sl/LC_MESSAGES/sphinx.mo -> build/lib/sphinx/locale/sl/LC_MESSAGES
[ 2835s] copying sphinx/locale/sl/LC_MESSAGES/sphinx.po -> build/lib/sphinx/locale/sl/LC_MESSAGES
[ 2835s] creating build/lib/sphinx/locale/sq
[ 2835s] creating build/lib/sphinx/locale/sq/LC_MESSAGES
[ 2835s] copying sphinx/locale/sq/LC_MESSAGES/sphinx.js -> build/lib/sphinx/locale/sq/LC_MESSAGES
[ 2835s] copying sphinx/locale/sq/LC_MESSAGES/sphinx.mo -> build/lib/sphinx/locale/sq/LC_MESSAGES
[ 2835s] copying sphinx/locale/sq/LC_MESSAGES/sphinx.po -> build/lib/sphinx/locale/sq/LC_MESSAGES
[ 2835s] creating build/lib/sphinx/locale/sr
[ 2835s] creating build/lib/sphinx/locale/sr/LC_MESSAGES
[ 2835s] copying sphinx/locale/sr/LC_MESSAGES/sphinx.js -> build/lib/sphinx/locale/sr/LC_MESSAGES
[ 2835s] copying sphinx/locale/sr/LC_MESSAGES/sphinx.mo -> build/lib/sphinx/locale/sr/LC_MESSAGES
[ 2835s] copying sphinx/locale/sr/LC_MESSAGES/sphinx.po -> build/lib/sphinx/locale/sr/LC_MESSAGES
[ 2835s] creating build/lib/sphinx/locale/sr@latin
[ 2835s] creating build/lib/sphinx/locale/sr@latin/LC_MESSAGES
[ 2835s] copying sphinx/locale/sr@latin/LC_MESSAGES/sphinx.js -> build/lib/sphinx/locale/sr@latin/LC_MESSAGES
[ 2835s] copying sphinx/locale/sr@latin/LC_MESSAGES/sphinx.mo -> build/lib/sphinx/locale/sr@latin/LC_MESSAGES
[ 2835s] copying sphinx/locale/sr@latin/LC_MESSAGES/sphinx.po -> build/lib/sphinx/locale/sr@latin/LC_MESSAGES
[ 2835s] creating build/lib/sphinx/locale/sr_RS
[ 2835s] creating build/lib/sphinx/locale/sr_RS/LC_MESSAGES
[ 2835s] copying sphinx/locale/sr_RS/LC_MESSAGES/sphinx.js -> build/lib/sphinx/locale/sr_RS/LC_MESSAGES
[ 2835s] copying sphinx/locale/sr_RS/LC_MESSAGES/sphinx.mo -> build/lib/sphinx/locale/sr_RS/LC_MESSAGES
[ 2835s] copying sphinx/locale/sr_RS/LC_MESSAGES/sphinx.po -> build/lib/sphinx/locale/sr_RS/LC_MESSAGES
[ 2835s] creating build/lib/sphinx/locale/sv
[ 2835s] creating build/lib/sphinx/locale/sv/LC_MESSAGES
[ 2835s] copying sphinx/locale/sv/LC_MESSAGES/sphinx.js -> build/lib/sphinx/locale/sv/LC_MESSAGES
[ 2835s] copying sphinx/locale/sv/LC_MESSAGES/sphinx.mo -> build/lib/sphinx/locale/sv/LC_MESSAGES
[ 2835s] copying sphinx/locale/sv/LC_MESSAGES/sphinx.po -> build/lib/sphinx/locale/sv/LC_MESSAGES
[ 2835s] creating build/lib/sphinx/locale/ta
[ 2835s] creating build/lib/sphinx/locale/ta/LC_MESSAGES
[ 2835s] copying sphinx/locale/ta/LC_MESSAGES/sphinx.js -> build/lib/sphinx/locale/ta/LC_MESSAGES
[ 2835s] copying sphinx/locale/ta/LC_MESSAGES/sphinx.mo -> build/lib/sphinx/locale/ta/LC_MESSAGES
[ 2835s] copying sphinx/locale/ta/LC_MESSAGES/sphinx.po -> build/lib/sphinx/locale/ta/LC_MESSAGES
[ 2835s] creating build/lib/sphinx/locale/te
[ 2835s] creating build/lib/sphinx/locale/te/LC_MESSAGES
[ 2835s] copying sphinx/locale/te/LC_MESSAGES/sphinx.js -> build/lib/sphinx/locale/te/LC_MESSAGES
[ 2835s] copying sphinx/locale/te/LC_MESSAGES/sphinx.mo -> build/lib/sphinx/locale/te/LC_MESSAGES
[ 2835s] copying sphinx/locale/te/LC_MESSAGES/sphinx.po -> build/lib/sphinx/locale/te/LC_MESSAGES
[ 2835s] creating build/lib/sphinx/locale/tr
[ 2835s] creating build/lib/sphinx/locale/tr/LC_MESSAGES
[ 2835s] copying sphinx/locale/tr/LC_MESSAGES/sphinx.js -> build/lib/sphinx/locale/tr/LC_MESSAGES
[ 2835s] copying sphinx/locale/tr/LC_MESSAGES/sphinx.mo -> build/lib/sphinx/locale/tr/LC_MESSAGES
[ 2835s] copying sphinx/locale/tr/LC_MESSAGES/sphinx.po -> build/lib/sphinx/locale/tr/LC_MESSAGES
[ 2835s] creating build/lib/sphinx/locale/uk_UA
[ 2835s] creating build/lib/sphinx/locale/uk_UA/LC_MESSAGES
[ 2835s] copying sphinx/locale/uk_UA/LC_MESSAGES/sphinx.js -> build/lib/sphinx/locale/uk_UA/LC_MESSAGES
[ 2835s] copying sphinx/locale/uk_UA/LC_MESSAGES/sphinx.mo -> build/lib/sphinx/locale/uk_UA/LC_MESSAGES
[ 2835s] copying sphinx/locale/uk_UA/LC_MESSAGES/sphinx.po -> build/lib/sphinx/locale/uk_UA/LC_MESSAGES
[ 2835s] creating build/lib/sphinx/locale/ur
[ 2835s] creating build/lib/sphinx/locale/ur/LC_MESSAGES
[ 2835s] copying sphinx/locale/ur/LC_MESSAGES/sphinx.js -> build/lib/sphinx/locale/ur/LC_MESSAGES
[ 2835s] copying sphinx/locale/ur/LC_MESSAGES/sphinx.mo -> build/lib/sphinx/locale/ur/LC_MESSAGES
[ 2835s] copying sphinx/locale/ur/LC_MESSAGES/sphinx.po -> build/lib/sphinx/locale/ur/LC_MESSAGES
[ 2835s] creating build/lib/sphinx/locale/vi
[ 2835s] creating build/lib/sphinx/locale/vi/LC_MESSAGES
[ 2835s] copying sphinx/locale/vi/LC_MESSAGES/sphinx.js -> build/lib/sphinx/locale/vi/LC_MESSAGES
[ 2835s] copying sphinx/locale/vi/LC_MESSAGES/sphinx.mo -> build/lib/sphinx/locale/vi/LC_MESSAGES
[ 2836s] copying sphinx/locale/vi/LC_MESSAGES/sphinx.po -> build/lib/sphinx/locale/vi/LC_MESSAGES
[ 2836s] creating build/lib/sphinx/locale/yue
[ 2836s] creating build/lib/sphinx/locale/yue/LC_MESSAGES
[ 2836s] copying sphinx/locale/yue/LC_MESSAGES/sphinx.js -> build/lib/sphinx/locale/yue/LC_MESSAGES
[ 2836s] copying sphinx/locale/yue/LC_MESSAGES/sphinx.mo -> build/lib/sphinx/locale/yue/LC_MESSAGES
[ 2836s] copying sphinx/locale/yue/LC_MESSAGES/sphinx.po -> build/lib/sphinx/locale/yue/LC_MESSAGES
[ 2836s] creating build/lib/sphinx/locale/zh_CN
[ 2836s] creating build/lib/sphinx/locale/zh_CN/LC_MESSAGES
[ 2836s] copying sphinx/locale/zh_CN/LC_MESSAGES/sphinx.js -> build/lib/sphinx/locale/zh_CN/LC_MESSAGES
[ 2836s] copying sphinx/locale/zh_CN/LC_MESSAGES/sphinx.mo -> build/lib/sphinx/locale/zh_CN/LC_MESSAGES
[ 2836s] copying sphinx/locale/zh_CN/LC_MESSAGES/sphinx.po -> build/lib/sphinx/locale/zh_CN/LC_MESSAGES
[ 2836s] creating build/lib/sphinx/locale/zh_HK
[ 2836s] creating build/lib/sphinx/locale/zh_HK/LC_MESSAGES
[ 2836s] copying sphinx/locale/zh_HK/LC_MESSAGES/sphinx.js -> build/lib/sphinx/locale/zh_HK/LC_MESSAGES
[ 2836s] copying sphinx/locale/zh_HK/LC_MESSAGES/sphinx.mo -> build/lib/sphinx/locale/zh_HK/LC_MESSAGES
[ 2836s] copying sphinx/locale/zh_HK/LC_MESSAGES/sphinx.po -> build/lib/sphinx/locale/zh_HK/LC_MESSAGES
[ 2836s] creating build/lib/sphinx/locale/zh_TW.Big5
[ 2836s] creating build/lib/sphinx/locale/zh_TW.Big5/LC_MESSAGES
[ 2836s] copying sphinx/locale/zh_TW.Big5/LC_MESSAGES/sphinx.js -> build/lib/sphinx/locale/zh_TW.Big5/LC_MESSAGES
[ 2836s] copying sphinx/locale/zh_TW.Big5/LC_MESSAGES/sphinx.mo -> build/lib/sphinx/locale/zh_TW.Big5/LC_MESSAGES
[ 2836s] copying sphinx/locale/zh_TW.Big5/LC_MESSAGES/sphinx.po -> build/lib/sphinx/locale/zh_TW.Big5/LC_MESSAGES
[ 2836s] creating build/lib/sphinx/locale/zh_TW
[ 2836s] creating build/lib/sphinx/locale/zh_TW/LC_MESSAGES
[ 2836s] copying sphinx/locale/zh_TW/LC_MESSAGES/sphinx.js -> build/lib/sphinx/locale/zh_TW/LC_MESSAGES
[ 2836s] copying sphinx/locale/zh_TW/LC_MESSAGES/sphinx.mo -> build/lib/sphinx/locale/zh_TW/LC_MESSAGES
[ 2836s] copying sphinx/locale/zh_TW/LC_MESSAGES/sphinx.po -> build/lib/sphinx/locale/zh_TW/LC_MESSAGES
[ 2836s] creating build/lib/sphinx/search/minified-js
[ 2836s] copying sphinx/search/minified-js/base-stemmer.js -> build/lib/sphinx/search/minified-js
[ 2836s] copying sphinx/search/minified-js/danish-stemmer.js -> build/lib/sphinx/search/minified-js
[ 2836s] copying sphinx/search/minified-js/dutch-stemmer.js -> build/lib/sphinx/search/minified-js
[ 2836s] copying sphinx/search/minified-js/finnish-stemmer.js -> build/lib/sphinx/search/minified-js
[ 2836s] copying sphinx/search/minified-js/french-stemmer.js -> build/lib/sphinx/search/minified-js
[ 2836s] copying sphinx/search/minified-js/german-stemmer.js -> build/lib/sphinx/search/minified-js
[ 2836s] copying sphinx/search/minified-js/hungarian-stemmer.js -> build/lib/sphinx/search/minified-js
[ 2836s] copying sphinx/search/minified-js/italian-stemmer.js -> build/lib/sphinx/search/minified-js
[ 2836s] copying sphinx/search/minified-js/norwegian-stemmer.js -> build/lib/sphinx/search/minified-js
[ 2836s] copying sphinx/search/minified-js/porter-stemmer.js -> build/lib/sphinx/search/minified-js
[ 2836s] copying sphinx/search/minified-js/portuguese-stemmer.js -> build/lib/sphinx/search/minified-js
[ 2836s] copying sphinx/search/minified-js/romanian-stemmer.js -> build/lib/sphinx/search/minified-js
[ 2836s] copying sphinx/search/minified-js/russian-stemmer.js -> build/lib/sphinx/search/minified-js
[ 2836s] copying sphinx/search/minified-js/spanish-stemmer.js -> build/lib/sphinx/search/minified-js
[ 2836s] copying sphinx/search/minified-js/swedish-stemmer.js -> build/lib/sphinx/search/minified-js
[ 2836s] copying sphinx/search/minified-js/turkish-stemmer.js -> build/lib/sphinx/search/minified-js
[ 2836s] creating build/lib/sphinx/search/non-minified-js
[ 2836s] copying sphinx/search/non-minified-js/base-stemmer.js -> build/lib/sphinx/search/non-minified-js
[ 2836s] copying sphinx/search/non-minified-js/danish-stemmer.js -> build/lib/sphinx/search/non-minified-js
[ 2836s] copying sphinx/search/non-minified-js/dutch-stemmer.js -> build/lib/sphinx/search/non-minified-js
[ 2836s] copying sphinx/search/non-minified-js/finnish-stemmer.js -> build/lib/sphinx/search/non-minified-js
[ 2836s] copying sphinx/search/non-minified-js/french-stemmer.js -> build/lib/sphinx/search/non-minified-js
[ 2836s] copying sphinx/search/non-minified-js/german-stemmer.js -> build/lib/sphinx/search/non-minified-js
[ 2836s] copying sphinx/search/non-minified-js/hungarian-stemmer.js -> build/lib/sphinx/search/non-minified-js
[ 2836s] copying sphinx/search/non-minified-js/italian-stemmer.js -> build/lib/sphinx/search/non-minified-js
[ 2836s] copying sphinx/search/non-minified-js/norwegian-stemmer.js -> build/lib/sphinx/search/non-minified-js
[ 2836s] copying sphinx/search/non-minified-js/porter-stemmer.js -> build/lib/sphinx/search/non-minified-js
[ 2836s] copying sphinx/search/non-minified-js/portuguese-stemmer.js -> build/lib/sphinx/search/non-minified-js
[ 2836s] copying sphinx/search/non-minified-js/romanian-stemmer.js -> build/lib/sphinx/search/non-minified-js
[ 2836s] copying sphinx/search/non-minified-js/russian-stemmer.js -> build/lib/sphinx/search/non-minified-js
[ 2836s] copying sphinx/search/non-minified-js/spanish-stemmer.js -> build/lib/sphinx/search/non-minified-js
[ 2836s] copying sphinx/search/non-minified-js/swedish-stemmer.js -> build/lib/sphinx/search/non-minified-js
[ 2836s] copying sphinx/search/non-minified-js/turkish-stemmer.js -> build/lib/sphinx/search/non-minified-js
[ 2836s] creating build/lib/sphinx/ext/autosummary/templates
[ 2836s] creating build/lib/sphinx/ext/autosummary/templates/autosummary
[ 2836s] copying sphinx/ext/autosummary/templates/autosummary/base.rst -> build/lib/sphinx/ext/autosummary/templates/autosummary
[ 2836s] copying sphinx/ext/autosummary/templates/autosummary/class.rst -> build/lib/sphinx/ext/autosummary/templates/autosummary
[ 2836s] copying sphinx/ext/autosummary/templates/autosummary/module.rst -> build/lib/sphinx/ext/autosummary/templates/autosummary
[ 2837s] + sleep 1
[ 2838s] + export PYTHONPATH=/home/abuild/rpmbuild/BUILD/Sphinx-4.3.1
[ 2838s] + PYTHONPATH=/home/abuild/rpmbuild/BUILD/Sphinx-4.3.1
[ 2838s] + pushd doc
[ 2838s] ~/rpmbuild/BUILD/Sphinx-4.3.1/doc ~/rpmbuild/BUILD/Sphinx-4.3.1
[ 2838s] + export 'SPHINXBUILD=/usr/bin/python3 ../sphinx/cmd/build.py'
[ 2838s] + SPHINXBUILD='/usr/bin/python3 ../sphinx/cmd/build.py'
[ 2838s] + make html 'SPHINXBUILD=/usr/bin/python3 ../sphinx/cmd/build.py'
[ 2846s] Traceback (most recent call last):
[ 2846s]   File "../sphinx/cmd/build.py", line 25, in <module>
[ 2846s]     from sphinx.application import Sphinx
[ 2846s]   File "/home/abuild/rpmbuild/BUILD/Sphinx-4.3.1/sphinx/application.py", line 32, in <module>
[ 2846s]     from sphinx.config import Config
[ 2846s]   File "/home/abuild/rpmbuild/BUILD/Sphinx-4.3.1/sphinx/config.py", line 22, in <module>
[ 2846s]     from sphinx.util.i18n import format_date
[ 2846s]   File "/home/abuild/rpmbuild/BUILD/Sphinx-4.3.1/sphinx/util/i18n.py", line 17, in <module>
[ 2846s]     import babel.dates
[ 2846s]   File "/usr/lib/python3.8/site-packages/babel/dates.py", line 23, in <module>
[ 2846s]     import pytz as _pytz
[ 2846s] ModuleNotFoundError: No module named 'pytz'
[ 2846s] make: *** [Makefile:20: html] Error 1
[ 2846s] error: Bad exit status from /var/tmp/rpm-tmp.Q8LVxr (%build)
[ 2846s] 
[ 2846s] 
[ 2846s] RPM build errors:
[ 2846s]     Bad exit status from /var/tmp/rpm-tmp.Q8LVxr (%build)
[ 2846s] 
[ 2846s] oe-RISCV-worker21 failed "build python-sphinx.spec" at Thu Apr 21 10:10:16 UTC 2022.
[ 2846s] 
