[    0s] Memory limit set to 10955196KB
[    0s] Using BUILD_ROOT=/var/cache/obs/worker/root_3
[    0s] Using BUILD_ARCH=riscv64
[    0s] 
[    3s] 
[    4s] oe-RISCV-worker22 started "build _service:extract_file:python-qrcode.spec" at Sun Apr 17 15:56:02 UTC 2022.
[    4s] 
[    4s] Building python-qrcode for project 'openEuler:Mainline:RISC-V' repository 'advanced_riscv64' arch 'riscv64' srcmd5 '4a13e67e1de40200b29476ff12357eb2'
[    4s] 
[    4s] processing recipe /var/cache/obs/worker/root_3/.build-srcdir/_service:extract_file:python-qrcode.spec ...
[    7s] running changelog2spec --target rpm --file /var/cache/obs/worker/root_3/.build-srcdir/_service:extract_file:python-qrcode.spec
[    9s] init_buildsystem --configdir /var/run/obs/worker/3/build/configs --cachedir /var/cache/build --clean --rpmlist /var/cache/obs/worker/root_3/.build.rpmlist /var/cache/obs/worker/root_3/.build-srcdir/_service:extract_file:python-qrcode.spec build ...
[  100s] cycle: bash -> coreutils
[  100s]   breaking dependency coreutils -> bash
[  100s] cycle: bash -> coreutils -> info
[  100s]   breaking dependency coreutils -> info
[  100s] cycle: glibc -> filesystem -> bash -> coreutils
[  100s]   breaking dependency filesystem -> bash
[  100s] cycle: glibc -> filesystem -> coreutils
[  100s]   breaking dependency coreutils -> glibc
[  100s] cycle: glibc -> filesystem -> coreutils -> libacl
[  100s]   breaking dependency coreutils -> libacl
[  100s] cycle: glibc -> filesystem -> coreutils -> attr
[  100s]   breaking dependency coreutils -> attr
[  100s] cycle: coreutils -> libcap -> bash
[  100s]   breaking dependency coreutils -> libcap
[  100s] cycle: glibc -> filesystem -> coreutils -> openssl-libs
[  100s]   breaking dependency coreutils -> openssl-libs
[  100s] cycle: glibc -> filesystem -> coreutils -> libselinux
[  100s]   breaking dependency libselinux -> glibc
[  100s] cycle: glibc -> filesystem -> coreutils -> libselinux -> pcre2
[  100s]   breaking dependency pcre2 -> glibc
[  100s] cycle: glibc -> filesystem -> coreutils -> libselinux -> pcre2 -> readline
[  100s]   breaking dependency readline -> glibc
[  100s] cycle: glibc -> filesystem -> coreutils -> libselinux -> pcre2 -> readline -> ncurses-libs
[  100s]   breaking dependency coreutils -> libselinux
[  100s] cycle: glibc -> filesystem -> coreutils -> ncurses
[  100s]   breaking dependency ncurses -> glibc
[  100s] cycle: glibc -> filesystem -> coreutils -> ncurses -> ncurses-libs
[  100s]   breaking dependency ncurses -> ncurses-libs
[  100s] cycle: filesystem -> coreutils -> ncurses -> libgcc
[  100s]   breaking dependency ncurses -> libgcc
[  100s] cycle: perl-Carp -> perl-libs
[  100s]   breaking dependency perl-libs -> perl-Carp
[  100s] cycle: perl-libs -> perl-Exporter
[  100s]   breaking dependency perl-libs -> perl-Exporter
[  100s] cycle: perl-Carp -> perl-Exporter
[  100s]   breaking dependency perl-Exporter -> perl-Carp
[  100s] cycle: nss-util -> nss
[  100s]   breaking dependency nss -> nss-util
[  100s] cycle: nss-softokn -> nss-util -> nss
[  100s]   breaking dependency nss -> nss-softokn
[  100s] cycle: systemd -> cryptsetup -> device-mapper
[  100s]   breaking dependency systemd -> cryptsetup
[  100s] cycle: audit -> systemd -> pam
[  100s]   breaking dependency systemd -> pam
[  100s] [1/84] preinstalling dbus...
[  101s] [2/84] preinstalling libffi-devel...
[  102s] [3/84] preinstalling nodejs-source-map...
[  103s] [4/84] preinstalling python3-pip...
[  107s] [5/84] preinstalling python3-setuptools_scm...
[  107s] [6/84] preinstalling ncurses...
[  114s] [7/84] preinstalling coreutils...
[  119s] [8/84] preinstalling filesystem...
[  123s] [9/84] preinstalling glibc...
[  127s] [10/84] preinstalling libgcc...
[  128s] [11/84] preinstalling diffutils...
[  129s] [12/84] preinstalling libcap-ng...
[  130s] [13/84] preinstalling libgpg-error...
[  131s] [14/84] preinstalling libpcap...
[  132s] [15/84] preinstalling libsmartcols...
[  133s] [16/84] preinstalling libuuid...
[  134s] [17/84] preinstalling libxcrypt...
[  135s] [18/84] preinstalling lz4...
[  136s] [19/84] preinstalling m4...
[  138s] [20/84] preinstalling ncurses-libs...
[  139s] [21/84] preinstalling nspr...
[  141s] [22/84] preinstalling xz-libs...
[  142s] [23/84] preinstalling zlib...
[  142s] [24/84] preinstalling attr...
[  143s] [25/84] preinstalling libdb...
[  147s] [26/84] preinstalling zstd...
[  150s] [27/84] preinstalling audit-libs...
[  150s] [28/84] preinstalling file...
[  151s] [29/84] preinstalling iptables-libs...
[  152s] [30/84] preinstalling libacl...
[  153s] [31/84] preinstalling libgcrypt...
[  154s] [32/84] preinstalling openssl-libs...
[  156s] [33/84] preinstalling readline...
[  157s] [34/84] preinstalling bash...
[  160s] [35/84] preinstalling cmake...
[  173s] [36/84] preinstalling perl-libs...
[  177s] [37/84] preinstalling dnf...
[  178s] [38/84] preinstalling pcre2...
[  179s] [39/84] preinstalling perl-Exporter...
[  180s] [40/84] preinstalling bzip2...
[  181s] [41/84] preinstalling elfutils...
[  183s] [42/84] preinstalling hostname...
[  184s] [43/84] preinstalling libcap...
[  184s] [44/84] preinstalling pcre...
[  187s] [45/84] preinstalling popt...
[  188s] [46/84] preinstalling acl...
[  189s] [47/84] preinstalling libblkid...
[  190s] [48/84] preinstalling openssl...
[  191s] [49/84] preinstalling sqlite...
[  194s] [50/84] preinstalling tar...
[  196s] [51/84] preinstalling info...
[  197s] [52/84] preinstalling libgcrypt-devel...
[  198s] [53/84] preinstalling lua...
[  199s] [54/84] preinstalling libselinux...
[  200s] [55/84] preinstalling perl-Carp...
[  201s] [56/84] preinstalling copy-jdk-configs...
[  202s] [57/84] preinstalling libfdisk...
[  203s] [58/84] preinstalling perl-Digest-MD5...
[  204s] [59/84] preinstalling grep...
[  206s] [60/84] preinstalling rpm-libs...
[  207s] [61/84] preinstalling chkconfig...
[  208s] [62/84] preinstalling sed...
[  210s] [63/84] preinstalling libmount...
[  211s] [64/84] preinstalling libsemanage...
[  212s] [65/84] preinstalling perl-constant...
[  213s] [66/84] preinstalling findutils...
[  214s] [67/84] preinstalling xz...
[  215s] [68/84] preinstalling perl-Getopt-Long...
[  216s] [69/84] preinstalling glib2...
[  220s] [70/84] preinstalling nss...
[  222s] [71/84] preinstalling perl-Data-Dumper...
[  223s] [72/84] preinstalling systemd-libs...
[  224s] [73/84] preinstalling systemd...
[  229s] [74/84] preinstalling dbus-libs...
[  230s] [75/84] preinstalling nss-util...
[  233s] [76/84] preinstalling audit...
[  234s] [77/84] preinstalling nss-softokn...
[  235s] [78/84] preinstalling pam...
[  237s] [79/84] preinstalling rpm...
[  238s] [80/84] preinstalling openEuler-rpm-config...
[  239s] [81/84] preinstalling util-linux...
[  244s] [82/84] preinstalling device-mapper...
[  245s] [83/84] preinstalling cryptsetup...
[  246s] [84/84] preinstalling lvm2...
[  249s] 
[  251s] initializing rpm db...
[  264s] reordering...cycle: bash -> coreutils
[  264s]   breaking dependency coreutils -> bash
[  264s] cycle: bash -> coreutils -> info
[  264s]   breaking dependency coreutils -> info
[  264s] cycle: glibc -> basesystem -> filesystem -> bash -> coreutils -> gmp
[  264s]   breaking dependency filesystem -> bash
[  264s] cycle: glibc -> basesystem -> filesystem -> coreutils -> gmp
[  264s]   breaking dependency coreutils -> gmp
[  264s] cycle: glibc -> basesystem -> filesystem -> coreutils
[  264s]   breaking dependency coreutils -> glibc
[  264s] cycle: glibc -> basesystem -> filesystem -> coreutils -> libacl
[  264s]   breaking dependency coreutils -> libacl
[  264s] cycle: glibc -> basesystem -> filesystem -> coreutils -> attr
[  264s]   breaking dependency coreutils -> attr
[  264s] cycle: coreutils -> libcap -> bash
[  264s]   breaking dependency coreutils -> libcap
[  264s] cycle: glibc -> basesystem -> filesystem -> coreutils -> openssl-libs
[  264s]   breaking dependency openssl-libs -> glibc
[  264s] cycle: coreutils -> openssl-libs -> ca-certificates -> bash
[  264s]   breaking dependency ca-certificates -> bash
[  264s] cycle: coreutils -> openssl-libs -> ca-certificates
[  264s]   breaking dependency ca-certificates -> coreutils
[  264s] cycle: coreutils -> openssl-libs -> ca-certificates -> grep -> bash
[  264s]   breaking dependency grep -> bash
[  264s] cycle: coreutils -> openssl-libs -> ca-certificates -> grep
[  264s]   breaking dependency ca-certificates -> grep
[  264s] cycle: glibc -> basesystem -> filesystem -> coreutils -> openssl-libs -> ca-certificates -> p11-kit
[  264s]   breaking dependency p11-kit -> glibc
[  264s] cycle: glibc -> basesystem -> filesystem -> coreutils -> openssl-libs -> ca-certificates -> p11-kit -> libffi
[  264s]   breaking dependency openssl-libs -> ca-certificates
[  264s] cycle: coreutils -> openssl-libs -> crypto-policies -> bash
[  264s]   breaking dependency crypto-policies -> bash
[  264s] cycle: coreutils -> openssl-libs -> crypto-policies
[  264s]   breaking dependency crypto-policies -> coreutils
[  264s] cycle: coreutils -> openssl-libs -> crypto-policies -> grep
[  264s]   breaking dependency grep -> coreutils
[  264s] cycle: glibc -> basesystem -> filesystem -> coreutils -> openssl-libs -> crypto-policies -> grep
[  264s]   breaking dependency glibc -> basesystem
[  264s] cycle: glibc -> glibc-common -> bash -> coreutils -> openssl-libs -> crypto-policies -> grep
[  264s]   breaking dependency glibc-common -> bash
[  264s] cycle: glibc -> glibc-common -> coreutils -> openssl-libs -> crypto-policies -> grep
[  264s]   breaking dependency glibc-common -> coreutils
[  264s] cycle: glibc -> glibc-common
[  264s]   breaking dependency glibc-common -> glibc
[  264s] cycle: glibc -> glibc-common -> libselinux
[  264s]   breaking dependency libselinux -> glibc
[  264s] cycle: glibc -> glibc-common -> libselinux -> pcre2
[  264s]   breaking dependency pcre2 -> glibc
[  264s] cycle: glibc -> glibc-common -> libselinux -> pcre2 -> readline
[  264s]   breaking dependency readline -> glibc
[  264s] cycle: glibc -> glibc-common -> libselinux -> pcre2 -> readline -> ncurses-libs
[  264s]   breaking dependency libselinux -> pcre2
[  264s] cycle: glibc -> glibc-common -> libselinux -> libsepol -> bash -> coreutils -> openssl-libs -> crypto-policies -> grep
[  264s]   breaking dependency bash -> coreutils
[  264s] cycle: glibc -> glibc-common -> libselinux -> libsepol -> bash -> filesystem -> coreutils -> openssl-libs -> crypto-policies -> grep
[  264s]   breaking dependency libsepol -> bash
[  264s] cycle: glibc -> glibc-common -> libselinux -> libsepol -> coreutils -> openssl-libs -> crypto-policies -> grep
[  264s]   breaking dependency coreutils -> openssl-libs
[  264s] cycle: libselinux -> libsepol -> coreutils
[  264s]   breaking dependency libsepol -> coreutils
[  264s] cycle: glibc -> glibc-common -> libselinux -> libsepol
[  264s]   breaking dependency glibc -> glibc-common
[  264s] cycle: glibc -> filesystem -> coreutils -> libselinux -> libsepol
[  264s]   breaking dependency filesystem -> coreutils
[  264s] cycle: filesystem -> setup
[  264s]   breaking dependency filesystem -> setup
[  264s] cycle: systemd -> cryptsetup -> device-mapper
[  264s]   breaking dependency systemd -> cryptsetup
[  264s] cycle: perl-libs -> perl-Carp
[  264s]   breaking dependency perl-libs -> perl-Carp
[  264s] cycle: perl-libs -> perl-Exporter
[  264s]   breaking dependency perl-libs -> perl-Exporter
[  264s] cycle: perl-Carp -> perl-Exporter
[  264s]   breaking dependency perl-Exporter -> perl-Carp
[  264s] cycle: perl -> perl-PathTools
[  264s]   breaking dependency perl -> perl-PathTools
[  264s] cycle: perl -> perl-ExtUtils-MakeMaker
[  264s]   breaking dependency perl -> perl-ExtUtils-MakeMaker
[  264s] cycle: perl -> perl-File-Path -> perl-PathTools
[  264s]   breaking dependency perl -> perl-File-Path
[  264s] cycle: perl -> perl-Getopt-Long -> perl-Pod-Usage
[  264s]   breaking dependency perl -> perl-Getopt-Long
[  264s] cycle: perl -> perl-Locale-Maketext
[  264s]   breaking dependency perl -> perl-Locale-Maketext
[  264s] cycle: perl -> perl-Pod-Simple
[  264s]   breaking dependency perl -> perl-Pod-Simple
[  264s] cycle: perl -> perl-Socket
[  264s]   breaking dependency perl -> perl-Socket
[  264s] cycle: perl -> perl-Storable
[  264s]   breaking dependency perl -> perl-Storable
[  264s] cycle: perl -> perl-Text-Tabs+Wrap
[  264s]   breaking dependency perl -> perl-Text-Tabs+Wrap
[  264s] cycle: perl -> perl-Time-Local -> perl-constant
[  264s]   breaking dependency perl -> perl-Time-Local
[  264s] cycle: perl -> perl-constant
[  264s]   breaking dependency perl -> perl-constant
[  264s] cycle: perl -> perl-threads
[  264s]   breaking dependency perl -> perl-threads
[  264s] cycle: perl -> perl-threads-shared
[  264s]   breaking dependency perl -> perl-threads-shared
[  264s] cycle: perl -> perl-Archive-Tar
[  264s]   breaking dependency perl -> perl-Archive-Tar
[  264s] cycle: perl -> perl-B-Debug
[  264s]   breaking dependency perl -> perl-B-Debug
[  264s] cycle: perl -> perl-CPAN-Meta -> perl-CPAN-Meta-Requirements
[  264s]   breaking dependency perl -> perl-CPAN-Meta
[  264s] cycle: perl -> perl-CPAN-Meta-Requirements
[  264s]   breaking dependency perl -> perl-CPAN-Meta-Requirements
[  264s] cycle: perl -> perl-CPAN-Meta-YAML
[  264s]   breaking dependency perl -> perl-CPAN-Meta-YAML
[  264s] cycle: perl -> perl-Compress-Raw-Bzip2
[  264s]   breaking dependency perl -> perl-Compress-Raw-Bzip2
[  264s] cycle: perl -> perl-Compress-Raw-Zlib
[  264s]   breaking dependency perl -> perl-Compress-Raw-Zlib
[  264s] cycle: perl -> perl-Config-Perl-V
[  264s]   breaking dependency perl -> perl-Config-Perl-V
[  264s] cycle: perl -> perl-DB_File
[  264s]   breaking dependency perl -> perl-DB_File
[  264s] cycle: perl -> perl-Data-Dumper
[  264s]   breaking dependency perl -> perl-Data-Dumper
[  264s] cycle: perl -> perl-Devel-PPPort
[  264s]   breaking dependency perl -> perl-Devel-PPPort
[  264s] cycle: perl -> perl-Digest -> perl-MIME-Base64
[  264s]   breaking dependency perl -> perl-Digest
[  264s] cycle: perl -> perl-Digest-MD5 -> perl-Digest -> perl-MIME-Base64
[  264s]   breaking dependency perl -> perl-Digest-MD5
[  264s] cycle: perl -> perl-Digest-SHA
[  264s]   breaking dependency perl -> perl-Digest-SHA
[  264s] cycle: perl -> perl-Encode
[  264s]   breaking dependency perl -> perl-Encode
[  264s] cycle: perl -> perl-Env
[  264s]   breaking dependency perl -> perl-Env
[  264s] cycle: perl -> perl-ExtUtils-Command
[  264s]   breaking dependency perl -> perl-ExtUtils-Command
[  264s] cycle: perl -> perl-ExtUtils-Install
[  264s]   breaking dependency perl -> perl-ExtUtils-Install
[  264s] cycle: perl -> perl-ExtUtils-Manifest
[  264s]   breaking dependency perl -> perl-ExtUtils-Manifest
[  264s] cycle: perl -> perl-ExtUtils-ParseXS
[  264s]   breaking dependency perl -> perl-ExtUtils-ParseXS
[  264s] cycle: perl -> perl-File-Fetch -> perl-PathTools
[  264s]   breaking dependency perl -> perl-File-Fetch
[  264s] cycle: perl -> perl-File-Temp -> perl-PathTools
[  264s]   breaking dependency perl -> perl-File-Temp
[  264s] cycle: perl -> perl-Filter
[  264s]   breaking dependency perl -> perl-Filter
[  264s] cycle: perl -> perl-Filter-Simple -> perl-Filter
[  264s]   breaking dependency perl -> perl-Filter-Simple
[  264s] cycle: perl -> perl-HTTP-Tiny
[  264s]   breaking dependency perl -> perl-HTTP-Tiny
[  264s] cycle: perl -> perl-IO-Compress
[  264s]   breaking dependency perl -> perl-IO-Compress
[  264s] cycle: perl -> perl-IO-Socket-IP
[  264s]   breaking dependency perl -> perl-IO-Socket-IP
[  264s] cycle: perl -> perl-IPC-Cmd -> perl-ExtUtils-MakeMaker
[  264s]   breaking dependency perl -> perl-IPC-Cmd
[  264s] cycle: perl -> perl-IPC-SysV
[  264s]   breaking dependency perl -> perl-IPC-SysV
[  264s] cycle: perl -> perl-JSON-PP
[  264s]   breaking dependency perl -> perl-JSON-PP
[  264s] cycle: perl -> perl-Locale-Codes -> perl-constant
[  264s]   breaking dependency perl -> perl-Locale-Codes
[  264s] cycle: perl -> perl-MIME-Base64
[  264s]   breaking dependency perl -> perl-MIME-Base64
[  264s] cycle: perl -> perl-Math-BigInt
[  264s]   breaking dependency perl -> perl-Math-BigInt
[  264s] cycle: perl -> perl-Math-BigInt-FastCalc -> perl-Math-BigInt
[  264s]   breaking dependency perl -> perl-Math-BigInt-FastCalc
[  264s] cycle: perl -> perl-Math-BigRat -> perl-Math-BigInt
[  264s]   breaking dependency perl -> perl-Math-BigRat
[  264s] cycle: perl -> perl-Module-CoreList
[  264s]   breaking dependency perl -> perl-Module-CoreList
[  264s] cycle: perl -> perl-Module-Load -> perl-PathTools
[  264s]   breaking dependency perl -> perl-Module-Load
[  264s] cycle: perl -> perl-Module-Load-Conditional
[  264s]   breaking dependency perl -> perl-Module-Load-Conditional
[  264s] cycle: perl -> perl-Module-Metadata
[  264s]   breaking dependency perl -> perl-Module-Metadata
[  264s] cycle: perl -> perl-Params-Check
[  264s]   breaking dependency perl -> perl-Params-Check
[  264s] cycle: perl -> perl-PerlIO-via-QuotedPrint -> perl-MIME-Base64
[  264s]   breaking dependency perl -> perl-PerlIO-via-QuotedPrint
[  264s] cycle: perl -> perl-Pod-Checker
[  264s]   breaking dependency perl -> perl-Pod-Checker
[  264s] cycle: perl -> perl-Pod-Escapes
[  264s]   breaking dependency perl -> perl-Pod-Escapes
[  264s] cycle: perl -> perl-Pod-Parser
[  264s]   breaking dependency perl -> perl-Pod-Parser
[  264s] cycle: perl -> perl-Pod-Perldoc
[  264s]   breaking dependency perl -> perl-Pod-Perldoc
[  264s] cycle: perl -> perl-Pod-Usage
[  264s]   breaking dependency perl -> perl-Pod-Usage
[  264s] cycle: perl -> perl-Sys-Syslog
[  264s]   breaking dependency perl -> perl-Sys-Syslog
[  264s] cycle: perl -> perl-Term-Cap
[  264s]   breaking dependency perl -> perl-Term-Cap
[  264s] cycle: perl -> perl-Test-Harness
[  264s]   breaking dependency perl -> perl-Test-Harness
[  264s] cycle: perl -> perl-Test-Simple
[  264s]   breaking dependency perl -> perl-Test-Simple
[  264s] cycle: perl -> perl-Text-Balanced
[  264s]   breaking dependency perl -> perl-Text-Balanced
[  264s] cycle: perl -> perl-Thread-Queue -> perl-threads-shared
[  264s]   breaking dependency perl -> perl-Thread-Queue
[  264s] cycle: perl -> perl-Unicode-Collate -> perl-PathTools
[  264s]   breaking dependency perl -> perl-Unicode-Collate
[  264s] cycle: perl -> perl-autodie
[  264s]   breaking dependency perl -> perl-autodie
[  264s] cycle: perl -> perl-bignum -> perl-Math-BigInt
[  264s]   breaking dependency perl -> perl-bignum
[  264s] cycle: perl -> perl-devel
[  264s]   breaking dependency perl -> perl-devel
[  264s] cycle: perl -> perl-Encode-devel
[  264s]   breaking dependency perl -> perl-Encode-devel
[  264s] cycle: perl -> perl-experimental
[  264s]   breaking dependency perl -> perl-experimental
[  264s] cycle: perl -> perl-libnet -> perl-Digest-MD5 -> perl-Digest -> perl-MIME-Base64
[  264s]   breaking dependency perl -> perl-libnet
[  264s] cycle: perl -> perl-podlators
[  264s]   breaking dependency perl -> perl-podlators
[  264s] cycle: perl -> perl-version
[  264s]   breaking dependency perl -> perl-version
[  264s] cycle: glib2 -> gamin
[  264s]   breaking dependency glib2 -> gamin
[  264s] cycle: systemd -> gnutls -> unbound-libs -> shadow -> pam -> audit
[  264s]   breaking dependency systemd -> gnutls
[  264s] cycle: systemd -> pam -> audit
[  264s]   breaking dependency systemd -> pam
[  264s] cycle: systemd -> shadow -> pam -> audit
[  264s]   breaking dependency systemd -> shadow
[  264s] cycle: pam -> libpwquality
[  264s]   breaking dependency pam -> libpwquality
[  264s] cycle: perl-Getopt-Long -> perl-Pod-Usage
[  264s]   breaking dependency perl-Pod-Usage -> perl-Getopt-Long
[  264s] cycle: perl-Getopt-Long -> perl-Pod-Usage -> perl-podlators -> perl-Encode
[  264s]   breaking dependency perl-podlators -> perl-Encode
[  264s] cycle: perl-Getopt-Long -> perl-Pod-Usage -> perl-podlators
[  264s]   breaking dependency perl-podlators -> perl-Getopt-Long
[  264s] cycle: perl-Getopt-Long -> perl-Pod-Usage -> perl-podlators -> perl-Pod-Simple -> perl-Encode
[  264s]   breaking dependency perl-Encode -> perl-Getopt-Long
[  264s] cycle: perl-Getopt-Long -> perl-Pod-Usage -> perl-podlators -> perl-Pod-Simple
[  264s]   breaking dependency perl-podlators -> perl-Pod-Simple
[  264s] cycle: perl-Pod-Usage -> perl-podlators
[  264s]   breaking dependency perl-podlators -> perl-Pod-Usage
[  264s] cycle: groff -> perl-Getopt-Long -> perl-Pod-Usage -> perl-Pod-Perldoc
[  264s]   breaking dependency groff -> perl-Getopt-Long
[  264s] cycle: libxcrypt-devel -> glibc-devel
[  264s]   breaking dependency glibc-devel -> libxcrypt-devel
[  264s] cycle: cmake-data -> cmake
[  264s]   breaking dependency cmake -> cmake-data
[  264s] cycle: nss-util -> nss
[  264s]   breaking dependency nss -> nss-util
[  264s] cycle: nss-softokn -> nss-util -> nss
[  264s]   breaking dependency nss -> nss-softokn
[  264s] cycle: perl-Getopt-Long -> perl-Pod-Usage -> perl-Pod-Perldoc -> perl-Pod-Simple
[  264s]   breaking dependency perl-Pod-Perldoc -> perl-Pod-Simple
[  264s] cycle: openssh -> openssh-server
[  264s]   breaking dependency openssh-server -> openssh
[  264s] cycle: git -> perl-Git
[  264s]   breaking dependency git -> perl-Git
[  264s] cycle: perl-ExtUtils-Install -> perl-ExtUtils-MakeMaker
[  264s]   breaking dependency perl-ExtUtils-MakeMaker -> perl-ExtUtils-Install
[  265s] done
[  265s] querying package ids...
[  299s] [1/363] installing cmake-filesystem-3.22.0-1.oe1
[  301s] [2/363] installing fonts-filesystem-2.0.2-2.oe1
[  302s] [3/363] installing fuse-common-3.9.2-5.oe1
[  304s] [4/363] installing kernel-headers-5.10-3.oe1
[  314s] [5/363] installing libreport-filesystem-2.13.1-5.oe1
[  315s] [6/363] installing ncurses-base-6.1-14.oe1
[  317s] [7/363] installing openEuler-gpg-keys-1.0-2.5.oe1
[  318s] [8/363] installing python-setuptools-59.4.0-3.oe1
[  320s] [9/363] installing qt5-srpm-macros-5.15.2-1.oe1
[  321s] [10/363] installing tzdata-2021a-2.oe1
[  331s] [11/363] installing dnf-data-4.10.0-1.oe1
[  332s] [12/363] installing openEuler-repos-1.0-2.5.oe1
[  333s] [13/363] installing wqy-zenhei-fonts-0.9.46-21.oe1
[  342s] [14/363] installing openEuler-release-20.03LTS-40.oe1
[  343s] [15/363] installing filesystem-3.9-3.oe1
[  353s] warning: group mail does not exist - using root
[  353s] [16/363] installing emacs-filesystem-1:27.1-5.oe1
[  355s] [17/363] installing libgcc-10.3.1-20220105.6.oe1
[  357s] [18/363] installing setup-2.13.3-4.oe1
[  359s] [19/363] installing glibc-2.34-64.oe1
[  366s] [20/363] installing brotli-1.0.9-2.oe1
[  368s] [21/363] installing chrpath-0.16-12.oe1
[  369s] [22/363] installing cpio-2.13-4.oe1
[  371s] [23/363] installing diffutils-3.7-4.oe1
[  373s] [24/363] installing expat-2.2.10-1.oe1
[  374s] [25/363] installing jbigkit-libs-2.1-17.oe1
[  375s] [26/363] installing json-c-0.15-1.oe1
[  378s] [27/363] installing keyutils-libs-1.6.3-3.oe1
[  381s] [28/363] installing lcms2-2.11-2.oe1
[  385s] [29/363] installing libICE-1.0.10-2.oe1
[  387s] [30/363] installing libXau-1.0.9-2.oe1
[  390s] [31/363] installing libaio-0.3.112-1.oe1
[  393s] [32/363] installing libargon2-20190702-1.oe1
[  394s] [33/363] installing libatomic-10.3.1-20220105.6.oe1
[  395s] [34/363] installing libcap-ng-0.7.11-1.oe1
[  396s] [35/363] installing libev-4.24-11.oe1
[  397s] [36/363] installing libffi-3.3-31.oe1
[  398s] [37/363] installing libgomp-10.3.1-20220105.6.oe1
[  400s] [38/363] installing libgpg-error-1.41-1.oe1
[  403s] [39/363] installing libjpeg-turbo-2.0.6-1.oe1
[  406s] [40/363] installing libnghttp2-1.42.0-1.oe1
[  407s] [41/363] installing libpcap-14:1.9.1-7.oe1
[  409s] [42/363] installing libpipeline-1.5.3-1.oe1
[  411s] [43/363] installing libsigsegv-2.11-10.oe1
[  412s] [44/363] installing libsmartcols-2.36.1-3.oe1
[  414s] [45/363] installing libtasn1-4.16.0-2.oe1
[  415s] [46/363] installing libtool-ltdl-2.4.6-34.oe1
[  416s] [47/363] installing libunistring-0.9.10-8.oe1
[  418s] [48/363] installing libuuid-2.36.1-3.oe1
[  419s] [49/363] installing libuv-1:1.40.0-1.oe1
[  420s] [50/363] installing libwebp-1.1.0-3.oe1
[  422s] [51/363] installing libxcrypt-4.4.8-4.oe1
[  424s] [52/363] installing libyaml-0.2.5-1.oe1
[  427s] [53/363] installing lz4-1.9.3-1.oe1
[  429s] [54/363] installing m4-1.4.18-14.oe1
[  436s] [55/363] installing nspr-4.32.0-1.oe1
[  437s] [56/363] installing openjpeg2-2.3.1-6.oe1
[  439s] [57/363] installing pkgconf-1.7.3-1.oe1
[  440s] [58/363] installing rhash-1.3.5-5.oe1
[  448s] [59/363] installing which-2.21-14.oe1
[  449s] [60/363] installing xz-libs-5.2.5-1.oe1
[  454s] [61/363] installing zlib-1.2.11-18.oe1
[  455s] [62/363] installing attr-2.4.48-12.oe1
[  460s] [63/363] installing basesystem-12-2.oe1
[  461s] [64/363] installing libstdc++-10.3.1-20220105.6.oe1
[  463s] [65/363] installing ncurses-libs-6.1-14.oe1
[  465s] [66/363] installing libsepol-3.1-4.oe1
[  467s] [67/363] installing libstdc++-devel-10.3.1-20220105.6.oe1
[  485s] [68/363] installing audit-libs-1:3.0-2.oe1
[  486s] [69/363] installing elfutils-libelf-0.185-3.oe1
[  491s] [70/363] installing file-libs-5.39-6.oe1
[  495s] [71/363] installing gmp-1:6.2.1-3.oe1
[  502s] [72/363] installing iptables-libs-1.8.1-4.oe1
[  503s] [73/363] installing less-563-2.oe1
[  505s] [74/363] installing libacl-2.2.53-7.oe1
[  507s] [75/363] installing libassuan-2.5.4-1.oe1
[  512s] [76/363] installing libedit-3.1-27.oe1
[  515s] [77/363] installing libffi-devel-3.3-31.oe1
[  516s] [78/363] installing libgcrypt-1.8.7-1.oe1
[  518s] [79/363] installing libimagequant-2.14.0-2.oe1
[  520s] [80/363] installing libpng-2:1.6.37-1.oe1
[  521s] [81/363] installing libxcb-1.14-1.oe1
[  522s] [82/363] installing readline-8.0-2.oe1
[  524s] [83/363] installing fuse-2.9.9-6.oe1
[  525s] [84/363] installing gc-8.0.4-2.oe1
[  527s] [85/363] installing libSM-1.2.3-2.oe1
[  528s] [86/363] installing libdb-5.3.28-35.oe1
[  534s] [87/363] installing libselinux-3.1-3.oe1
[  539s] [88/363] installing libxml2-2.9.12-5.oe1
[  543s] [89/363] installing bash-5.1-1.oe1
[  547s] [90/363] installing perl-libs-4:5.28.0-435.oe1
[  555s] [91/363] installing zstd-1.4.8-2.oe1
[  558s] [92/363] installing ncurses-6.1-14.oe1
[  571s] [93/363] installing thin-provisioning-tools-0.8.5-1.oe1
[  573s] [94/363] installing libtiff-4.2.0-1.oe1
[  574s] [95/363] installing perl-parent-1:0.237-4.oe1
[  575s] [96/363] installing perl-perlfaq-5.20180915-5.oe1
[  578s] [97/363] installing libX11-1.6.9-2.oe1
[  586s] [98/363] installing mpfr-4.1.0-1.oe1
[  589s] [99/363] installing nettle-3.6-6.oe1
[  593s] [100/363] installing pcre2-10.36-1.oe1
[  600s] [101/363] installing perl-Exporter-5.74-1.oe1
[  601s] [102/363] installing file-5.39-6.oe1
[  604s] [103/363] installing gdbm-1:1.18.1-1.oe1
[  605s] [104/363] installing patch-2.7.6-12.oe1
[  607s] [105/363] installing qrencode-4.1.1-1
[  609s] [106/363] installing sed-4.8-2.oe1
[  611s] [107/363] installing acl-2.2.53-7.oe1
[  612s] [108/363] installing libcomps-0.1.15-1.oe1
[  613s] [109/363] installing pcre-8.44-1.oe1
[  617s] [110/363] installing glibc-common-2.34-64.oe1
[  634s] [111/363] installing coreutils-8.31-4.oe1
[  644s] [112/363] installing crontabs-1.11-21.oe1
[  647s] [113/363] installing elfutils-default-yama-scope-0.185-3.oe1
[  654s] /usr/lib/systemd/systemd-sysctl: error while loading shared libraries: libkmod.so.2: cannot open shared object file: No such file or directory
[  654s] [114/363] installing libXext-1.3.4-2.oe1
[  658s] [115/363] installing libXpm-3.5.12-11.oe1
[  663s] [116/363] installing libXrender-0.9.10-10.oe1
[  665s] [117/363] installing perl-Carp-1.50-418.oe1
[  667s] [118/363] installing perl-Perl-OSType-1.010-421.oe1
[  669s] [119/363] installing perl-Term-ANSIColor-4.06-511.oe1
[  670s] [120/363] installing publicsuffix-list-20200718-1.oe1
[  672s] [121/363] installing uname-build-checks-1.0-0.4.oe1
[  674s] [122/363] installing bzip2-1.0.8-3.oe1
[  676s] [123/363] installing gzip-1.10-1.oe1
[  679s] [124/363] installing hostname-3.21-2.oe1
[  685s] [125/363] installing libcap-2.32-2.oe1
[  690s] [126/363] installing libmpc-1.2.0-2.oe1
[  694s] [127/363] installing libseccomp-2.4.3-2.oe1
[  696s] [128/363] installing npth-1.5-7.oe1
[  698s] [129/363] installing popt-1.18-1.oe1
[  703s] [130/363] installing grep-3.6-1.oe1
[  712s] [131/363] installing libXt-1.2.0-0.oe1
[  716s] [132/363] installing libblkid-2.36.1-3.oe1
[  721s] [133/363] installing libidn2-2.3.0-1.oe1
[  723s] [134/363] installing libksba-1.3.5-12.oe1
[  729s] [135/363] installing tar-2:1.32-3.oe1
[  733s] [136/363] installing tcl-1:8.6.10-3.oe1
[  737s] [137/363] installing info-6.7-2.oe1
[  743s] [138/363] installing jsoncpp-1.9.4-1.oe1
[  746s] [139/363] installing libgpg-error-devel-1.41-1.oe1
[  748s] [140/363] installing lua-5.3.5-6.oe1
[  752s] [141/363] installing slang-2.3.2-8.oe1
[  756s] [142/363] installing gawk-5.0.1-2.oe1
[  759s] [143/363] installing guile-5:2.0.14-15.oe1
[  771s] [144/363] installing zip-3.0-29.oe1
[  775s] [145/363] installing libfdisk-2.36.1-3.oe1
[  779s] [146/363] installing newt-0.52.21-4.oe1
[  781s] [147/363] installing perl-Text-ParseWords-3.30-419.oe1
[  783s] [148/363] installing crypto-policies-20180925-3.git71ca85f.oe1
[  790s] [149/363] installing elfutils-libs-0.185-3.oe1
[  793s] [150/363] installing libXmu-1.1.3-1.oe1
[  795s] [151/363] installing libmount-2.36.1-3.oe1
[  799s] [152/363] installing lua-posix-33.3.1-12.oe1
[  805s] [153/363] installing unzip-6.0-47.oe1
[  807s] [154/363] installing cracklib-2.9.7-6.oe1
[  823s] [155/363] installing e2fsprogs-1.45.6-3.oe1
[  827s] [156/363] installing findutils-2:4.7.0-7.oe1
[  830s] [157/363] installing libsemanage-3.1-4.oe1
[  832s] [158/363] installing make-1:4.2.1-15.oe1
[  838s] [159/363] installing sqlite-3.24.0-9.oe1
[  841s] [160/363] installing xz-5.2.5-1.oe1
[  844s] [161/363] installing logrotate-3.15.1-2.oe1
[  846s] [162/363] installing perl-Scalar-List-Utils-3:1.52-2.oe1
[  848s] [163/363] installing perl-Time-HiRes-1.9760-2.oe1
[  851s] [164/363] installing perl-Unicode-Normalize-1.26-419.oe1
[  854s] [165/363] installing freetype-2.10.2-3.oe1
[  857s] [166/363] installing glibc-devel-2.34-64.oe1
[  874s] [167/363] installing libgcrypt-devel-1.8.7-1.oe1
[  876s] [168/363] installing cpp-10.3.1-20220105.6.oe1
[  888s] [169/363] installing gnupg2-2.2.27-2.oe1
[  894s] [170/363] installing systemd-libs-243-22.oe1
[  898s] [171/363] installing dbus-libs-1:1.12.20-3.oe1
[  900s] [172/363] installing libxcrypt-devel-4.4.8-4.oe1
[  902s] [173/363] installing p11-kit-0.23.22-1.oe1
[  907s] [174/363] installing procps-ng-3.3.16-15.oe1
[  910s] [175/363] installing copy-jdk-configs-4.0-1.oe1
[  915s] [176/363] installing gpgme-1.15.1-1.oe1
[  918s] [177/363] installing openssl-libs-1:1.1.1f-2.oe1
[  922s] [178/363] installing chkconfig-1.14-2.oe1
[  926s] [179/363] installing elfutils-0.185-3.oe1
[  928s] [180/363] installing libXaw-1.0.13-13.oe1
[  931s] [181/363] installing fontconfig-2.13.92-1.oe1
[  939s] [182/363] installing glib2-2.66.8-1.oe1
[  947s] [183/363] installing dbus-tools-1:1.12.20-3.oe1
[  948s] [184/363] installing ima-evm-utils-libs-1.2.1-8.oe1
[  951s] [185/363] installing libevent-2.1.12-4
[  953s] [186/363] installing libcroco-0.6.12-13.oe1
[  956s] [187/363] installing fipscheck-1.5.0-7.oe1
[  958s] [188/363] installing gamin-0.1.10-38.oe1
[  962s] [189/363] installing kmod-libs-27-4.oe1
[  964s] [190/363] installing libsecret-0.18.6-5.oe1
[  967s] [191/363] installing obs-env-1.0-5.oe1
[  976s] [192/363] installing kmod-27-4.oe1
[  980s] [193/363] installing libXft-2.3.3-1.oe1
[  983s] [194/363] installing binutils-2.37-6.oe1
[  994s] [195/363] installing p11-kit-trust-0.23.22-1.oe1
[  996s] [196/363] installing babeltrace-1.5.8-1.oe1
[ 1001s] [197/363] installing libarchive-3.5.1-1.oe1
[ 1004s] [198/363] installing nodejs-libs-1:16.10.0-1.oe1
[ 1040s] [199/363] installing libverto-0.3.1-2.oe1
[ 1044s] [200/363] installing ca-certificates-2020.2.46-2.oe1
[ 1053s] [201/363] installing tk-1:8.6.10-2.oe1
[ 1060s] [202/363] installing gettext-0.20.1-2.oe1
[ 1065s] [203/363] installing gcc-10.3.1-20220105.6.oe1
[ 1090s] [204/363] installing rpm-libs-4.15.1-25.oe1
[ 1093s] [205/363] installing python-pip-wheel-19.2.3-2.fc32
[ 1095s] [206/363] installing libmodulemd-2.13.0-1.oe1
[ 1097s] [207/363] installing gcc-c++-10.3.1-20220105.6.oe1
[ 1107s] [208/363] installing krb5-libs-1.18.2-3.oe1
[ 1110s] [209/363] installing libtirpc-1.3.1-1.oe1
[ 1115s] [210/363] installing cyrus-sasl-lib-2.1.27-10.oe1
[ 1118s] [211/363] installing libssh-0.9.5-1.oe1
[ 1123s] [212/363] installing openldap-2.4.46-15.oe1
[ 1127s] [213/363] installing libnsl2-1.3.0-2.oe1
[ 1133s] [214/363] installing python3-3.8.5-13.oe1
[ 1171s] [215/363] installing python3-olefile-0.46-8.fc32
[ 1173s] [216/363] installing python3-pyparsing-2.4.5-1.fc32
[ 1175s] [217/363] installing python3-setuptools-59.4.0-3.oe1
[ 1186s] [218/363] installing python3-setuptools_scm-3.3.3-6.fc32
[ 1190s] [219/363] installing python3-six-1.15.0-3.oe1
[ 1198s] [220/363] installing python3-gpgme-1.15.1-1.oe1
[ 1201s] [221/363] installing python3-libcomps-0.1.15-1.oe1
[ 1204s] [222/363] installing libpsl-0.21.1-1.oe1
[ 1207s] [223/363] installing gdb-headless-9.2-5.oe1
[ 1217s] [224/363] installing systemtap-sdt-devel-4.1-3.oe1
[ 1220s] [225/363] installing gdb-9.2-5.oe1
[ 1221s] [226/363] installing python3-pip-19.2.3-2.fc32
[ 1230s] [227/363] installing python3-rpm-generators-10-2.fc32
[ 1232s] [228/363] installing libcurl-7.79.1-1.oe1
[ 1234s] [229/363] installing python3-pillow-6.1.0-2.fc31
[ 1238s] [230/363] installing curl-7.79.1-1.oe1
[ 1240s] [231/363] installing librepo-1.14.2-2.oe1
[ 1242s] [232/363] installing rpm-4.15.1-25.oe1
[ 1250s] [233/363] installing efi-srpm-macros-4-3.oe1
[ 1255s] [234/363] installing cmake-rpm-macros-3.22.0-1.oe1
[ 1257s] [235/363] installing libsolv-0.7.20-1.oe1
[ 1260s] [236/363] installing python3-rpm-4.15.1-25.oe1
[ 1262s] [237/363] installing openEuler-rpm-config-30-22.oe1
[ 1264s] [238/363] installing cmake-3.22.0-1.oe1
[ 1279s] [239/363] installing libdnf-0.65.0-2.oe1
[ 1283s] [240/363] installing cmake-data-3.22.0-1.oe1
[ 1306s] [241/363] installing python3-devel-3.8.5-13.oe1
[ 1368s] [242/363] installing python3-libdnf-0.65.0-2.oe1
[ 1375s] [243/363] installing perl-4:5.28.0-435.oe1
[ 1386s] [244/363] installing perl-B-Debug-1.26-4.oe1
[ 1388s] [245/363] installing perl-Env-1.04-397.oe1
[ 1390s] [246/363] installing perl-Devel-PPPort-3.42-4.oe1
[ 1393s] [247/363] installing perl-Pod-Escapes-1:1.07-419.oe1
[ 1396s] [248/363] installing perl-Text-Tabs+Wrap-2013.0523-419.oe1
[ 1399s] [249/363] installing perl-Algorithm-Diff-1.1903-14.oe1
[ 1401s] [250/363] installing perl-Params-Check-1:0.38-418.oe1
[ 1403s] [251/363] installing perl-Term-Cap-1.17-510.oe1
[ 1405s] [252/363] installing perl-TermReadKey-2.38-2.oe1
[ 1407s] [253/363] installing perl-Text-Balanced-2.03-420.oe1
[ 1409s] [254/363] installing perl-threads-1:2.22-419.oe1
[ 1412s] [255/363] installing openssl-1:1.1.1f-2.oe1
[ 1414s] [256/363] installing perl-Config-Perl-V-0.30-5.oe1
[ 1416s] [257/363] installing perl-Error-1:0.17029-1.oe1
[ 1418s] [258/363] installing perl-Filter-2:1.59-2.oe1
[ 1421s] [259/363] installing perl-IPC-SysV-2.07-5.oe1
[ 1426s] [260/363] installing perl-Locale-Maketext-1:1.28-1.oe1
[ 1428s] [261/363] installing perl-constant-1.33-421.oe1
[ 1430s] [262/363] installing perl-MIME-Base64-3.15-418.oe1
[ 1432s] [263/363] installing perl-CPAN-Meta-YAML-0.018-420.oe1
[ 1434s] [264/363] installing perl-Socket-4:2.029-2.oe1
[ 1437s] [265/363] installing perl-Storable-1:3.15-2.oe1
[ 1439s] [266/363] installing python3-hawkey-0.65.0-2.oe1
[ 1441s] [267/363] installing perl-PerlIO-via-QuotedPrint-0.08-397.oe1
[ 1443s] [268/363] installing perl-Digest-1.17-419.oe1
[ 1444s] [269/363] installing perl-Filter-Simple-1:0.94-1.oe1
[ 1445s] [270/363] installing perl-IO-Socket-IP-0.39-420.oe1
[ 1447s] [271/363] installing perl-Text-Diff-1.45-7.oe1
[ 1451s] [272/363] installing perl-Time-Local-2:1.280-6.oe1
[ 1453s] [273/363] installing perl-version-8:0.99.24-3.oe1
[ 1455s] [274/363] installing perl-IPC-System-Simple-1.25-19.oe1
[ 1456s] [275/363] installing perl-threads-shared-1.59-2.oe1
[ 1458s] [276/363] installing perl-Compress-Raw-Bzip2-2.100-1.oe1
[ 1460s] [277/363] installing perl-Compress-Raw-Zlib-1:2.100-1.oe1
[ 1462s] [278/363] installing perl-Locale-Codes-3.58-2.oe1
[ 1465s] [279/363] installing perl-Math-BigInt-1:1.9998.13-5.oe1
[ 1468s] [280/363] installing perl-PathTools-3.75-4.oe1
[ 1472s] [281/363] installing python3-dnf-4.10.0-1.oe1
[ 1477s] [282/363] installing perl-Data-Dumper-2.172-3.oe1
[ 1480s] [283/363] installing perl-Sys-Syslog-0.35-420.oe1
[ 1482s] [284/363] installing perl-Encode-4:2.98-9.oe1
[ 1489s] [285/363] installing autogen-5.18.16-1.oe1
[ 1491s] [286/363] installing nodejs-1:16.10.0-1.oe1
[ 1494s] [287/363] installing systemd-243-22.oe1
[ 1515s] /var/tmp/rpm-tmp.Vepv1X: line 8: groupadd: command not found
[ 1515s] /var/tmp/rpm-tmp.Vepv1X: line 10: groupadd: command not found
[ 1515s] /var/tmp/rpm-tmp.Vepv1X: line 13: groupadd: command not found
[ 1515s] /var/tmp/rpm-tmp.Vepv1X: line 16: groupadd: command not found
[ 1515s] [288/363] installing dbus-common-1:1.12.20-3.oe1
[ 1517s] [289/363] installing nodejs-source-map-0.5.6-1.oe1
[ 1521s] [290/363] installing perl-Module-Load-1:0.32-418.oe1
[ 1522s] [291/363] installing nodejs-packaging-20-1.oe1
[ 1524s] [292/363] installing dnf-4.10.0-1.oe1
[ 1528s] Failed to preset unit, unit dnf-automatic.timer does not exist.
[ 1528s] Failed to preset unit, unit dnf-automatic-notifyonly.timer does not exist.
[ 1528s] Failed to preset unit, unit dnf-automatic-download.timer does not exist.
[ 1528s] Failed to preset unit, unit dnf-automatic-install.timer does not exist.
[ 1528s] [293/363] installing perl-File-Which-1.23-1.oe1
[ 1530s] [294/363] installing perl-Thread-Queue-3.13-3.oe1
[ 1532s] [295/363] installing perl-experimental-0.020-2.oe1
[ 1535s] [296/363] installing perl-Digest-MD5-2.55-419.oe1
[ 1538s] [297/363] installing perl-File-Path-2.16-4.oe1
[ 1540s] [298/363] installing perl-Math-BigInt-FastCalc-0.500.700-4.oe1
[ 1542s] [299/363] installing perl-Module-Metadata-1.000036-3.oe1
[ 1544s] [300/363] installing perl-CPAN-Meta-Requirements-2.140-419.oe1
[ 1546s] [301/363] installing perl-Encode-devel-4:2.98-9.oe1
[ 1548s] [302/363] installing perl-HTTP-Tiny-0.076-3.oe1
[ 1549s] [303/363] installing perl-Math-BigRat-0.2614-2.oe1
[ 1551s] [304/363] installing audit-1:3.0-2.oe1
[ 1557s] [305/363] installing perl-DB_File-1.842-2.oe1
[ 1559s] [306/363] installing perl-autodie-2.29-398.oe1
[ 1560s] [307/363] installing perl-Unicode-Collate-1.25-4.oe1
[ 1565s] [308/363] installing perl-IO-Compress-2.081-6.oe1
[ 1567s] [309/363] installing perl-podlators-1:4.14-1.oe1
[ 1569s] [310/363] installing perl-ExtUtils-Command-1:7.60-1.oe1
[ 1571s] [311/363] installing perl-ExtUtils-Manifest-1:1.71-4.oe1
[ 1573s] [312/363] installing perl-bignum-0.50-4.oe1
[ 1574s] [313/363] installing perl-File-Temp-1:0.230.800-4.oe1
[ 1576s] [314/363] installing perl-libnet-3.11-420.oe1
[ 1580s] [315/363] installing pam-1.5.1-1.oe1
[ 1587s] [316/363] installing libpwquality-1.4.4-1.oe1
[ 1598s] [317/363] installing perl-File-HomeDir-1.004-4.oe1
[ 1600s] [318/363] installing shadow-2:4.8.1-5.oe1
[ 1603s] [319/363] installing perl-Test-Simple-2:1.302175-2.oe1
[ 1606s] [320/363] installing libutempter-1.1.6-16.oe1
[ 1608s] [321/363] installing unbound-libs-1.10.1-4.oe1
[ 1613s] [322/363] installing dbus-daemon-1:1.12.20-3.oe1
[ 1619s] [323/363] installing openssh-server-8.2p1-10.oe1
[ 1630s] Created symlink /etc/systemd/system/multi-user.target.wants/sshd.service -> /usr/lib/systemd/system/sshd.service.
[ 1630s] [324/363] installing groff-1.22.4-4.oe1
[ 1641s] [325/363] installing dbus-1:1.12.20-3.oe1
[ 1642s] [326/363] installing man-db-2.9.3-2.oe1
[ 1651s] [327/363] installing perl-Pod-Perldoc-1:3.28-3.oe1
[ 1652s] [328/363] installing gnutls-3.6.15-3.oe1
[ 1657s] [329/363] installing util-linux-2.36.1-3.oe1
[ 1666s] [330/363] installing nss-help-3.72.0-2.oe1
[ 1671s] [331/363] installing perl-Pod-Usage-4:1.69-418.oe1
[ 1674s] [332/363] installing device-mapper-8:1.02.172-1.oe1
[ 1677s] [333/363] installing openssh-8.2p1-10.oe1
[ 1681s] [334/363] installing perl-Getopt-Long-1:2.52-1.oe1
[ 1683s] [335/363] installing cryptsetup-2.3.3-3.oe1
[ 1687s] [336/363] installing device-mapper-event-8:1.02.172-1.oe1
[ 1691s] Created symlink /etc/systemd/system/sockets.target.wants/dm-event.socket -> /usr/lib/systemd/system/dm-event.socket.
[ 1691s] [337/363] installing nss-3.72.0-2.oe1
[ 1700s] [338/363] installing openssh-clients-8.2p1-10.oe1
[ 1703s] [339/363] installing nss-util-3.72.0-2.oe1
[ 1706s] [340/363] installing perl-ExtUtils-ParseXS-2:3.35-1.oe1
[ 1708s] [341/363] installing perl-Module-CoreList-1:5.20180920-2.oe1
[ 1710s] [342/363] installing perl-Digest-SHA-1:6.02-7.oe1
[ 1712s] [343/363] installing perl-Pod-Parser-1.63-397.oe1
[ 1714s] [344/363] installing perl-Pod-Simple-1:3.35-418.oe1
[ 1716s] [345/363] installing perl-Test-Harness-1:3.43_02-1.oe1
[ 1718s] [346/363] installing perl-Archive-Tar-2.30-421.oe1
[ 1720s] [347/363] installing perl-JSON-PP-1:4.04-2.oe1
[ 1725s] [348/363] installing lvm2-8:2.03.11-1.oe1
[ 1737s] Created symlink /etc/systemd/system/sysinit.target.wants/lvm2-lvmpolld.socket -> /usr/lib/systemd/system/lvm2-lvmpolld.socket.
[ 1737s] [349/363] installing autoconf-2.69-30.oe1
[ 1742s] [350/363] installing git-2.23.0-12.oe1
[ 1754s] [351/363] installing nss-softokn-3.72.0-2.oe1
[ 1758s] [352/363] installing perl-Pod-Checker-4:1.73-398.oe1
[ 1760s] [353/363] installing perl-Git-2.23.0-12.oe1
[ 1761s] [354/363] installing perl-CPAN-Meta-2.150010-419.oe1
[ 1765s] [355/363] installing perl-Module-Load-Conditional-0.68-418.oe1
[ 1766s] [356/363] installing automake-1.16.1-6.oe1
[ 1770s] [357/363] installing perl-ExtUtils-MakeMaker-1:7.60-1.oe1
[ 1772s] [358/363] installing perl-ExtUtils-Install-2.14-419.oe1
[ 1774s] [359/363] installing perl-IPC-Cmd-2:1.04-4.oe1
[ 1776s] [360/363] installing rpm-build-4.15.1-25.oe1
[ 1778s] [361/363] installing gcc_secure-1.0-0.9.oe1
[ 1781s] [362/363] installing perl-File-Fetch-0.56-4.oe1
[ 1783s] [363/363] installing perl-devel-4:5.28.0-435.oe1
[ 1794s] removing nis flags from /var/cache/obs/worker/root_3/etc/nsswitch.conf...
[ 1795s] now finalizing build dir...
[ 1808s] Running build time source services...
[ 1825s] -----------------------------------------------------------------
[ 1825s] ----- building python-qrcode.spec (user abuild)
[ 1825s] -----------------------------------------------------------------
[ 1825s] -----------------------------------------------------------------
[ 1833s] + exec rpmbuild -ba --define '_srcdefattr (-,root,root)' --nosignature --define 'disturl obs://private/openEuler:Mainline:RISC-V/advanced_riscv64/4a13e67e1de40200b29476ff12357eb2-python-qrcode' /home/abuild/rpmbuild/SOURCES/python-qrcode.spec
[ 1842s] Executing(%prep): /bin/sh -e /var/tmp/rpm-tmp.A6AB9e
[ 1842s] + umask 022
[ 1842s] + cd /home/abuild/rpmbuild/BUILD
[ 1842s] + cd /home/abuild/rpmbuild/BUILD
[ 1842s] + rm -rf qrcode-6.1
[ 1842s] + /usr/bin/gzip -dc /home/abuild/rpmbuild/SOURCES/qrcode-6.1.tar.gz
[ 1842s] + /usr/bin/tar -xof -
[ 1842s] + STATUS=0
[ 1842s] + '[' 0 -ne 0 ']'
[ 1842s] + cd qrcode-6.1
[ 1842s] + /usr/bin/chmod -Rf a+rX,u+w,g-w,o-w .
[ 1842s] + rm qrcode/image/pure.py
[ 1842s] + sed -i 1d qrcode/console_scripts.py
[ 1842s] + RPM_EC=0
[ 1842s] ++ jobs -p
[ 1842s] + exit 0
[ 1842s] Executing(%build): /bin/sh -e /var/tmp/rpm-tmp.osB7Ba
[ 1843s] + umask 022
[ 1843s] + cd /home/abuild/rpmbuild/BUILD
[ 1843s] + cd qrcode-6.1
[ 1843s] + CFLAGS='-O2 -g -pipe -Wall -Werror=format-security -Wp,-D_FORTIFY_SOURCE=2 -Wp,-D_GLIBCXX_ASSERTIONS -fstack-protector-strong -grecord-gcc-switches -specs=/usr/lib/rpm/generic-hardened-cc1 -fasynchronous-unwind-tables -fstack-clash-protection'
[ 1843s] + LDFLAGS='-Wl,-z,relro   -Wl,-z,now -specs=/usr/lib/rpm/generic-hardened-ld'
[ 1843s] + /usr/bin/python3 setup.py build '--executable=/usr/bin/python3 -s'
[ 1849s] running build
[ 1849s] running build_py
[ 1849s] creating build
[ 1849s] creating build/lib
[ 1849s] creating build/lib/qrcode
[ 1849s] copying qrcode/main.py -> build/lib/qrcode
[ 1849s] copying qrcode/LUT.py -> build/lib/qrcode
[ 1849s] copying qrcode/exceptions.py -> build/lib/qrcode
[ 1849s] copying qrcode/release.py -> build/lib/qrcode
[ 1849s] copying qrcode/console_scripts.py -> build/lib/qrcode
[ 1849s] copying qrcode/util.py -> build/lib/qrcode
[ 1849s] copying qrcode/constants.py -> build/lib/qrcode
[ 1849s] copying qrcode/base.py -> build/lib/qrcode
[ 1849s] copying qrcode/__init__.py -> build/lib/qrcode
[ 1849s] creating build/lib/qrcode/tests
[ 1849s] copying qrcode/tests/test_script.py -> build/lib/qrcode/tests
[ 1849s] copying qrcode/tests/svg.py -> build/lib/qrcode/tests
[ 1849s] copying qrcode/tests/test_release.py -> build/lib/qrcode/tests
[ 1849s] copying qrcode/tests/test_qrcode.py -> build/lib/qrcode/tests
[ 1849s] copying qrcode/tests/test_example.py -> build/lib/qrcode/tests
[ 1850s] copying qrcode/tests/__init__.py -> build/lib/qrcode/tests
[ 1850s] creating build/lib/qrcode/image
[ 1850s] copying qrcode/image/pil.py -> build/lib/qrcode/image
[ 1850s] copying qrcode/image/svg.py -> build/lib/qrcode/image
[ 1850s] copying qrcode/image/base.py -> build/lib/qrcode/image
[ 1850s] copying qrcode/image/__init__.py -> build/lib/qrcode/image
[ 1850s] running egg_info
[ 1850s] writing qrcode.egg-info/PKG-INFO
[ 1850s] writing dependency_links to qrcode.egg-info/dependency_links.txt
[ 1850s] writing entry points to qrcode.egg-info/entry_points.txt
[ 1850s] writing requirements to qrcode.egg-info/requires.txt
[ 1850s] writing top-level names to qrcode.egg-info/top_level.txt
[ 1850s] reading manifest file 'qrcode.egg-info/SOURCES.txt'
[ 1850s] reading manifest template 'MANIFEST.in'
[ 1850s] adding license file 'LICENSE'
[ 1850s] writing manifest file 'qrcode.egg-info/SOURCES.txt'
[ 1850s] /usr/lib/python3.8/site-packages/setuptools/dist.py:717: UserWarning: Usage of dash-separated 'console-scripts' will not be supported in future versions. Please use the underscore name 'console_scripts' instead
[ 1850s]   warnings.warn(
[ 1851s] + sleep 1
[ 1852s] + RPM_EC=0
[ 1852s] ++ jobs -p
[ 1852s] + exit 0
[ 1852s] Executing(%install): /bin/sh -e /var/tmp/rpm-tmp.gKYRFc
[ 1852s] + umask 022
[ 1852s] + cd /home/abuild/rpmbuild/BUILD
[ 1852s] + '[' /home/abuild/rpmbuild/BUILDROOT/python-qrcode-6.1-2.oe1.riscv64 '!=' / ']'
[ 1852s] + rm -rf /home/abuild/rpmbuild/BUILDROOT/python-qrcode-6.1-2.oe1.riscv64
[ 1852s] ++ dirname /home/abuild/rpmbuild/BUILDROOT/python-qrcode-6.1-2.oe1.riscv64
[ 1852s] + mkdir -p /home/abuild/rpmbuild/BUILDROOT
[ 1852s] + mkdir /home/abuild/rpmbuild/BUILDROOT/python-qrcode-6.1-2.oe1.riscv64
[ 1852s] + cd qrcode-6.1
[ 1852s] + CFLAGS='-O2 -g -pipe -Wall -Werror=format-security -Wp,-D_FORTIFY_SOURCE=2 -Wp,-D_GLIBCXX_ASSERTIONS -fstack-protector-strong -grecord-gcc-switches -specs=/usr/lib/rpm/generic-hardened-cc1 -fasynchronous-unwind-tables -fstack-clash-protection'
[ 1852s] + LDFLAGS='-Wl,-z,relro   -Wl,-z,now -specs=/usr/lib/rpm/generic-hardened-ld'
[ 1852s] + /usr/bin/python3 setup.py install -O1 --skip-build --root /home/abuild/rpmbuild/BUILDROOT/python-qrcode-6.1-2.oe1.riscv64
[ 1859s] running install
[ 1859s] running install_lib
[ 1860s] creating /home/abuild/rpmbuild/BUILDROOT/python-qrcode-6.1-2.oe1.riscv64/usr
[ 1860s] creating /home/abuild/rpmbuild/BUILDROOT/python-qrcode-6.1-2.oe1.riscv64/usr/lib
[ 1860s] creating /home/abuild/rpmbuild/BUILDROOT/python-qrcode-6.1-2.oe1.riscv64/usr/lib/python3.8
[ 1860s] creating /home/abuild/rpmbuild/BUILDROOT/python-qrcode-6.1-2.oe1.riscv64/usr/lib/python3.8/site-packages
[ 1860s] creating /home/abuild/rpmbuild/BUILDROOT/python-qrcode-6.1-2.oe1.riscv64/usr/lib/python3.8/site-packages/qrcode
[ 1860s] copying build/lib/qrcode/main.py -> /home/abuild/rpmbuild/BUILDROOT/python-qrcode-6.1-2.oe1.riscv64/usr/lib/python3.8/site-packages/qrcode
[ 1860s] copying build/lib/qrcode/LUT.py -> /home/abuild/rpmbuild/BUILDROOT/python-qrcode-6.1-2.oe1.riscv64/usr/lib/python3.8/site-packages/qrcode
[ 1860s] copying build/lib/qrcode/exceptions.py -> /home/abuild/rpmbuild/BUILDROOT/python-qrcode-6.1-2.oe1.riscv64/usr/lib/python3.8/site-packages/qrcode
[ 1860s] copying build/lib/qrcode/release.py -> /home/abuild/rpmbuild/BUILDROOT/python-qrcode-6.1-2.oe1.riscv64/usr/lib/python3.8/site-packages/qrcode
[ 1860s] copying build/lib/qrcode/console_scripts.py -> /home/abuild/rpmbuild/BUILDROOT/python-qrcode-6.1-2.oe1.riscv64/usr/lib/python3.8/site-packages/qrcode
[ 1860s] copying build/lib/qrcode/util.py -> /home/abuild/rpmbuild/BUILDROOT/python-qrcode-6.1-2.oe1.riscv64/usr/lib/python3.8/site-packages/qrcode
[ 1860s] copying build/lib/qrcode/constants.py -> /home/abuild/rpmbuild/BUILDROOT/python-qrcode-6.1-2.oe1.riscv64/usr/lib/python3.8/site-packages/qrcode
[ 1860s] copying build/lib/qrcode/base.py -> /home/abuild/rpmbuild/BUILDROOT/python-qrcode-6.1-2.oe1.riscv64/usr/lib/python3.8/site-packages/qrcode
[ 1860s] copying build/lib/qrcode/__init__.py -> /home/abuild/rpmbuild/BUILDROOT/python-qrcode-6.1-2.oe1.riscv64/usr/lib/python3.8/site-packages/qrcode
[ 1860s] creating /home/abuild/rpmbuild/BUILDROOT/python-qrcode-6.1-2.oe1.riscv64/usr/lib/python3.8/site-packages/qrcode/tests
[ 1860s] copying build/lib/qrcode/tests/test_script.py -> /home/abuild/rpmbuild/BUILDROOT/python-qrcode-6.1-2.oe1.riscv64/usr/lib/python3.8/site-packages/qrcode/tests
[ 1860s] copying build/lib/qrcode/tests/svg.py -> /home/abuild/rpmbuild/BUILDROOT/python-qrcode-6.1-2.oe1.riscv64/usr/lib/python3.8/site-packages/qrcode/tests
[ 1860s] copying build/lib/qrcode/tests/test_release.py -> /home/abuild/rpmbuild/BUILDROOT/python-qrcode-6.1-2.oe1.riscv64/usr/lib/python3.8/site-packages/qrcode/tests
[ 1860s] copying build/lib/qrcode/tests/test_qrcode.py -> /home/abuild/rpmbuild/BUILDROOT/python-qrcode-6.1-2.oe1.riscv64/usr/lib/python3.8/site-packages/qrcode/tests
[ 1860s] copying build/lib/qrcode/tests/test_example.py -> /home/abuild/rpmbuild/BUILDROOT/python-qrcode-6.1-2.oe1.riscv64/usr/lib/python3.8/site-packages/qrcode/tests
[ 1860s] copying build/lib/qrcode/tests/__init__.py -> /home/abuild/rpmbuild/BUILDROOT/python-qrcode-6.1-2.oe1.riscv64/usr/lib/python3.8/site-packages/qrcode/tests
[ 1860s] creating /home/abuild/rpmbuild/BUILDROOT/python-qrcode-6.1-2.oe1.riscv64/usr/lib/python3.8/site-packages/qrcode/image
[ 1860s] copying build/lib/qrcode/image/pil.py -> /home/abuild/rpmbuild/BUILDROOT/python-qrcode-6.1-2.oe1.riscv64/usr/lib/python3.8/site-packages/qrcode/image
[ 1860s] copying build/lib/qrcode/image/svg.py -> /home/abuild/rpmbuild/BUILDROOT/python-qrcode-6.1-2.oe1.riscv64/usr/lib/python3.8/site-packages/qrcode/image
[ 1860s] copying build/lib/qrcode/image/base.py -> /home/abuild/rpmbuild/BUILDROOT/python-qrcode-6.1-2.oe1.riscv64/usr/lib/python3.8/site-packages/qrcode/image
[ 1860s] copying build/lib/qrcode/image/__init__.py -> /home/abuild/rpmbuild/BUILDROOT/python-qrcode-6.1-2.oe1.riscv64/usr/lib/python3.8/site-packages/qrcode/image
[ 1860s] byte-compiling /home/abuild/rpmbuild/BUILDROOT/python-qrcode-6.1-2.oe1.riscv64/usr/lib/python3.8/site-packages/qrcode/main.py to main.cpython-38.pyc
[ 1860s] byte-compiling /home/abuild/rpmbuild/BUILDROOT/python-qrcode-6.1-2.oe1.riscv64/usr/lib/python3.8/site-packages/qrcode/LUT.py to LUT.cpython-38.pyc
[ 1860s] byte-compiling /home/abuild/rpmbuild/BUILDROOT/python-qrcode-6.1-2.oe1.riscv64/usr/lib/python3.8/site-packages/qrcode/exceptions.py to exceptions.cpython-38.pyc
[ 1860s] byte-compiling /home/abuild/rpmbuild/BUILDROOT/python-qrcode-6.1-2.oe1.riscv64/usr/lib/python3.8/site-packages/qrcode/release.py to release.cpython-38.pyc
[ 1860s] byte-compiling /home/abuild/rpmbuild/BUILDROOT/python-qrcode-6.1-2.oe1.riscv64/usr/lib/python3.8/site-packages/qrcode/console_scripts.py to console_scripts.cpython-38.pyc
[ 1860s] byte-compiling /home/abuild/rpmbuild/BUILDROOT/python-qrcode-6.1-2.oe1.riscv64/usr/lib/python3.8/site-packages/qrcode/util.py to util.cpython-38.pyc
[ 1860s] byte-compiling /home/abuild/rpmbuild/BUILDROOT/python-qrcode-6.1-2.oe1.riscv64/usr/lib/python3.8/site-packages/qrcode/constants.py to constants.cpython-38.pyc
[ 1860s] byte-compiling /home/abuild/rpmbuild/BUILDROOT/python-qrcode-6.1-2.oe1.riscv64/usr/lib/python3.8/site-packages/qrcode/base.py to base.cpython-38.pyc
[ 1860s] byte-compiling /home/abuild/rpmbuild/BUILDROOT/python-qrcode-6.1-2.oe1.riscv64/usr/lib/python3.8/site-packages/qrcode/__init__.py to __init__.cpython-38.pyc
[ 1860s] byte-compiling /home/abuild/rpmbuild/BUILDROOT/python-qrcode-6.1-2.oe1.riscv64/usr/lib/python3.8/site-packages/qrcode/tests/test_script.py to test_script.cpython-38.pyc
[ 1860s] byte-compiling /home/abuild/rpmbuild/BUILDROOT/python-qrcode-6.1-2.oe1.riscv64/usr/lib/python3.8/site-packages/qrcode/tests/svg.py to svg.cpython-38.pyc
[ 1860s] byte-compiling /home/abuild/rpmbuild/BUILDROOT/python-qrcode-6.1-2.oe1.riscv64/usr/lib/python3.8/site-packages/qrcode/tests/test_release.py to test_release.cpython-38.pyc
[ 1860s] byte-compiling /home/abuild/rpmbuild/BUILDROOT/python-qrcode-6.1-2.oe1.riscv64/usr/lib/python3.8/site-packages/qrcode/tests/test_qrcode.py to test_qrcode.cpython-38.pyc
[ 1860s] byte-compiling /home/abuild/rpmbuild/BUILDROOT/python-qrcode-6.1-2.oe1.riscv64/usr/lib/python3.8/site-packages/qrcode/tests/test_example.py to test_example.cpython-38.pyc
[ 1860s] byte-compiling /home/abuild/rpmbuild/BUILDROOT/python-qrcode-6.1-2.oe1.riscv64/usr/lib/python3.8/site-packages/qrcode/tests/__init__.py to __init__.cpython-38.pyc
[ 1860s] byte-compiling /home/abuild/rpmbuild/BUILDROOT/python-qrcode-6.1-2.oe1.riscv64/usr/lib/python3.8/site-packages/qrcode/image/pil.py to pil.cpython-38.pyc
[ 1860s] byte-compiling /home/abuild/rpmbuild/BUILDROOT/python-qrcode-6.1-2.oe1.riscv64/usr/lib/python3.8/site-packages/qrcode/image/svg.py to svg.cpython-38.pyc
[ 1860s] byte-compiling /home/abuild/rpmbuild/BUILDROOT/python-qrcode-6.1-2.oe1.riscv64/usr/lib/python3.8/site-packages/qrcode/image/base.py to base.cpython-38.pyc
[ 1860s] byte-compiling /home/abuild/rpmbuild/BUILDROOT/python-qrcode-6.1-2.oe1.riscv64/usr/lib/python3.8/site-packages/qrcode/image/__init__.py to __init__.cpython-38.pyc
[ 1860s] writing byte-compilation script '/tmp/tmpxxxw9bro.py'
[ 1860s] /usr/bin/python3 /tmp/tmpxxxw9bro.py
[ 1862s] removing /tmp/tmpxxxw9bro.py
[ 1862s] running install_data
[ 1863s] creating /home/abuild/rpmbuild/BUILDROOT/python-qrcode-6.1-2.oe1.riscv64/usr/share
[ 1863s] creating /home/abuild/rpmbuild/BUILDROOT/python-qrcode-6.1-2.oe1.riscv64/usr/share/man
[ 1863s] creating /home/abuild/rpmbuild/BUILDROOT/python-qrcode-6.1-2.oe1.riscv64/usr/share/man/man1
[ 1863s] copying doc/qr.1 -> /home/abuild/rpmbuild/BUILDROOT/python-qrcode-6.1-2.oe1.riscv64/usr/share/man/man1
[ 1863s] running install_egg_info
[ 1863s] running egg_info
[ 1863s] writing qrcode.egg-info/PKG-INFO
[ 1863s] writing dependency_links to qrcode.egg-info/dependency_links.txt
[ 1863s] writing entry points to qrcode.egg-info/entry_points.txt
[ 1863s] writing requirements to qrcode.egg-info/requires.txt
[ 1863s] writing top-level names to qrcode.egg-info/top_level.txt
[ 1863s] reading manifest file 'qrcode.egg-info/SOURCES.txt'
[ 1863s] reading manifest template 'MANIFEST.in'
[ 1863s] adding license file 'LICENSE'
[ 1863s] writing manifest file 'qrcode.egg-info/SOURCES.txt'
[ 1863s] Copying qrcode.egg-info to /home/abuild/rpmbuild/BUILDROOT/python-qrcode-6.1-2.oe1.riscv64/usr/lib/python3.8/site-packages/qrcode-6.1-py3.8.egg-info
[ 1863s] running install_scripts
[ 1864s] Installing qr script to /home/abuild/rpmbuild/BUILDROOT/python-qrcode-6.1-2.oe1.riscv64/usr/bin
[ 1864s] /usr/lib/python3.8/site-packages/setuptools/dist.py:717: UserWarning: Usage of dash-separated 'console-scripts' will not be supported in future versions. Please use the underscore name 'console_scripts' instead
[ 1864s]   warnings.warn(
[ 1864s] /usr/lib/python3.8/site-packages/setuptools/command/install.py:34: SetuptoolsDeprecationWarning: setup.py install is deprecated. Use build and pip and other standards-based tools.
[ 1864s]   warnings.warn(
[ 1864s] + ln -s qr /home/abuild/rpmbuild/BUILDROOT/python-qrcode-6.1-2.oe1.riscv64/usr/bin/qrcode
[ 1865s] + /usr/lib/rpm/find-debuginfo.sh -j8 --strict-build-id -i --build-id-seed 6.1-2.oe1 --unique-debug-suffix -6.1-2.oe1.riscv64 --unique-debug-src-base python-qrcode-6.1-2.oe1.riscv64 -S debugsourcefiles.list /home/abuild/rpmbuild/BUILD/qrcode-6.1
[ 1865s] find: 'debug': No such file or directory
[ 1866s] + /usr/lib/rpm/check-buildroot
[ 1866s] + /usr/lib/rpm/brp-ldconfig
[ 1867s] + /usr/lib/rpm/brp-compress
[ 1867s] + /usr/lib/rpm/brp-strip-static-archive /usr/bin/strip
[ 1868s] + /usr/lib/rpm/brp-python-bytecompile /usr/bin/python 1 1
[ 1870s] Bytecompiling .py files below /home/abuild/rpmbuild/BUILDROOT/python-qrcode-6.1-2.oe1.riscv64/usr/lib/python3.8 using /usr/bin/python3.8
[ 1874s] + /usr/lib/rpm/brp-python-hardlink
[ 1881s] Executing(%check): /bin/sh -e /var/tmp/rpm-tmp.CF7ctQ
[ 1881s] + umask 022
[ 1881s] + cd /home/abuild/rpmbuild/BUILD
[ 1881s] + cd qrcode-6.1
[ 1881s] ++ find qrcode -name '*.py'
[ 1881s] ++ grep -v __init__
[ 1881s] ++ sort
[ 1881s] ++ sed -e 's|/|.|g'
[ 1881s] ++ sed -e 's|.py$||g'
[ 1881s] + modules='qrcode.LUT
[ 1881s] qrcode.base
[ 1881s] qrcode.console_scripts
[ 1881s] qrcode.constants
[ 1881s] qrcode.exceptions
[ 1881s] qrcode.image.base
[ 1881s] qrcode.image.pil
[ 1881s] qrcode.image.svg
[ 1881s] qrcode.main
[ 1881s] qrcode.release
[ 1881s] qrcode.tests.svg
[ 1881s] qrcode.tests.test_example
[ 1881s] qrcode.tests.test_qrcode
[ 1881s] qrcode.tests.test_release
[ 1881s] qrcode.tests.test_script
[ 1881s] qrcode.util'
[ 1881s] + for m in $modules
[ 1881s] + /usr/bin/python3 -c 'import qrcode.LUT'
[ 1882s] + for m in $modules
[ 1882s] + /usr/bin/python3 -c 'import qrcode.base'
[ 1883s] + for m in $modules
[ 1883s] + /usr/bin/python3 -c 'import qrcode.console_scripts'
[ 1885s] + for m in $modules
[ 1885s] + /usr/bin/python3 -c 'import qrcode.constants'
[ 1886s] + for m in $modules
[ 1886s] + /usr/bin/python3 -c 'import qrcode.exceptions'
[ 1887s] + for m in $modules
[ 1887s] + /usr/bin/python3 -c 'import qrcode.image.base'
[ 1888s] + for m in $modules
[ 1888s] + /usr/bin/python3 -c 'import qrcode.image.pil'
[ 1890s] Traceback (most recent call last):
[ 1890s]   File "/home/abuild/rpmbuild/BUILD/qrcode-6.1/qrcode/image/pil.py", line 6, in <module>
[ 1890s]     from PIL import Image, ImageDraw
[ 1890s] ModuleNotFoundError: No module named 'PIL'
[ 1890s] 
[ 1890s] During handling of the above exception, another exception occurred:
[ 1890s] 
[ 1890s] Traceback (most recent call last):
[ 1890s]   File "<string>", line 1, in <module>
[ 1890s]   File "/home/abuild/rpmbuild/BUILD/qrcode-6.1/qrcode/image/pil.py", line 8, in <module>
[ 1890s]     import Image
[ 1890s] ModuleNotFoundError: No module named 'Image'
[ 1890s] error: Bad exit status from /var/tmp/rpm-tmp.CF7ctQ (%check)
[ 1890s] 
[ 1890s] 
[ 1890s] RPM build errors:
[ 1890s]     Bad exit status from /var/tmp/rpm-tmp.CF7ctQ (%check)
[ 1890s] 
[ 1890s] oe-RISCV-worker22 failed "build python-qrcode.spec" at Sun Apr 17 16:27:28 UTC 2022.
[ 1890s] 
