[    0s] Memory limit set to 21970664KB
[    0s] Using BUILD_ROOT=/var/cache/obs/worker/root_1
[    0s] Using BUILD_ARCH=riscv64
[    0s] 
[    5s] 
[    5s] oe-RISCV-worker27 started "build _service:extract_file:snapd-glib.spec" at Sat Apr 16 04:34:40 UTC 2022.
[    5s] 
[    5s] Building snapd-glib for project 'openEuler:Mainline:RISC-V' repository 'advanced_riscv64' arch 'riscv64' srcmd5 'ab1ffb1ddf6910faa506d3b8ea1e43d5'
[    5s] 
[    5s] processing recipe /var/cache/obs/worker/root_1/.build-srcdir/_service:extract_file:snapd-glib.spec ...
[    9s] running changelog2spec --target rpm --file /var/cache/obs/worker/root_1/.build-srcdir/_service:extract_file:snapd-glib.spec
[   11s] init_buildsystem --configdir /var/run/obs/worker/1/build/configs --cachedir /var/cache/build --clean --rpmlist /var/cache/obs/worker/root_1/.build.rpmlist /var/cache/obs/worker/root_1/.build-srcdir/_service:extract_file:snapd-glib.spec build ...
[  118s] cycle: coreutils -> bash
[  118s]   breaking dependency coreutils -> bash
[  118s] cycle: coreutils -> info
[  118s]   breaking dependency coreutils -> info
[  118s] cycle: glibc -> filesystem -> coreutils
[  118s]   breaking dependency coreutils -> glibc
[  118s] cycle: glibc -> filesystem -> coreutils -> libacl
[  118s]   breaking dependency coreutils -> libacl
[  118s] cycle: glibc -> filesystem -> coreutils -> attr
[  118s]   breaking dependency coreutils -> attr
[  118s] cycle: coreutils -> libcap
[  118s]   breaking dependency coreutils -> libcap
[  118s] cycle: glibc -> filesystem -> coreutils -> openssl-libs
[  118s]   breaking dependency coreutils -> openssl-libs
[  118s] cycle: glibc -> filesystem -> coreutils -> libselinux
[  118s]   breaking dependency libselinux -> glibc
[  118s] cycle: glibc -> filesystem -> coreutils -> libselinux -> pcre2
[  118s]   breaking dependency pcre2 -> glibc
[  118s] cycle: glibc -> filesystem -> coreutils -> libselinux -> pcre2 -> readline
[  118s]   breaking dependency readline -> glibc
[  118s] cycle: glibc -> filesystem -> coreutils -> libselinux -> pcre2 -> readline -> ncurses-libs
[  118s]   breaking dependency filesystem -> coreutils
[  118s] cycle: glibc -> filesystem -> bash -> coreutils -> libselinux -> pcre2 -> readline -> ncurses-libs
[  118s]   breaking dependency filesystem -> bash
[  118s] cycle: perl-Carp -> perl-libs
[  118s]   breaking dependency perl-libs -> perl-Carp
[  118s] cycle: perl-libs -> perl-Exporter
[  118s]   breaking dependency perl-libs -> perl-Exporter
[  118s] cycle: perl-Carp -> perl-Exporter
[  118s]   breaking dependency perl-Exporter -> perl-Carp
[  118s] cycle: nss-util -> nss
[  118s]   breaking dependency nss -> nss-util
[  118s] cycle: nss-softokn -> nss-util -> nss
[  118s]   breaking dependency nss -> nss-softokn
[  118s] cycle: systemd -> cryptsetup -> device-mapper
[  118s]   breaking dependency systemd -> cryptsetup
[  118s] cycle: audit -> systemd -> pam
[  118s]   breaking dependency systemd -> pam
[  118s] [1/84] preinstalling dbus...
[  122s] [2/84] preinstalling libffi-devel...
[  122s] [3/84] preinstalling nodejs-source-map...
[  123s] [4/84] preinstalling python3-pip...
[  126s] [5/84] preinstalling python3-setuptools_scm...
[  127s] [6/84] preinstalling filesystem...
[  130s] [7/84] preinstalling glibc...
[  133s] [8/84] preinstalling libgcc...
[  134s] [9/84] preinstalling diffutils...
[  135s] [10/84] preinstalling libcap-ng...
[  136s] [11/84] preinstalling libgpg-error...
[  137s] [12/84] preinstalling libpcap...
[  138s] [13/84] preinstalling libsmartcols...
[  139s] [14/84] preinstalling libuuid...
[  140s] [15/84] preinstalling libxcrypt...
[  142s] [16/84] preinstalling lz4...
[  143s] [17/84] preinstalling m4...
[  143s] [18/84] preinstalling ncurses-libs...
[  145s] [19/84] preinstalling nspr...
[  146s] [20/84] preinstalling xz-libs...
[  147s] [21/84] preinstalling zlib...
[  147s] [22/84] preinstalling attr...
[  148s] [23/84] preinstalling libdb...
[  156s] [24/84] preinstalling zstd...
[  158s] [25/84] preinstalling audit-libs...
[  159s] [26/84] preinstalling file...
[  160s] [27/84] preinstalling iptables-libs...
[  161s] [28/84] preinstalling libacl...
[  162s] [29/84] preinstalling libgcrypt...
[  163s] [30/84] preinstalling openssl-libs...
[  165s] [31/84] preinstalling readline...
[  167s] [32/84] preinstalling ncurses...
[  173s] [33/84] preinstalling cmake...
[  185s] [34/84] preinstalling perl-libs...
[  188s] [35/84] preinstalling pcre2...
[  190s] [36/84] preinstalling perl-Exporter...
[  191s] [37/84] preinstalling pcre...
[  192s] [38/84] preinstalling acl...
[  193s] [39/84] preinstalling sqlite...
[  195s] [40/84] preinstalling libselinux...
[  197s] [41/84] preinstalling perl-Carp...
[  197s] [42/84] preinstalling perl-Digest-MD5...
[  198s] [43/84] preinstalling sed...
[  199s] [44/84] preinstalling coreutils...
[  204s] [45/84] preinstalling bash...
[  207s] [46/84] preinstalling openssl...
[  208s] [47/84] preinstalling dnf...
[  209s] [48/84] preinstalling bzip2...
[  210s] [49/84] preinstalling elfutils...
[  211s] [50/84] preinstalling hostname...
[  212s] [51/84] preinstalling libcap...
[  213s] [52/84] preinstalling popt...
[  214s] [53/84] preinstalling grep...
[  215s] [54/84] preinstalling libblkid...
[  217s] [55/84] preinstalling perl-constant...
[  218s] [56/84] preinstalling tar...
[  220s] [57/84] preinstalling info...
[  221s] [58/84] preinstalling libgcrypt-devel...
[  222s] [59/84] preinstalling lua...
[  223s] [60/84] preinstalling nss...
[  225s] [61/84] preinstalling chkconfig...
[  226s] [62/84] preinstalling copy-jdk-configs...
[  226s] [63/84] preinstalling libfdisk...
[  227s] [64/84] preinstalling libmount...
[  228s] [65/84] preinstalling libsemanage...
[  229s] [66/84] preinstalling nss-util...
[  230s] [67/84] preinstalling findutils...
[  232s] [68/84] preinstalling perl-Getopt-Long...
[  233s] [69/84] preinstalling xz...
[  234s] [70/84] preinstalling perl-Data-Dumper...
[  234s] [71/84] preinstalling systemd-libs...
[  236s] [72/84] preinstalling rpm-libs...
[  237s] [73/84] preinstalling dbus-libs...
[  238s] [74/84] preinstalling nss-softokn...
[  239s] [75/84] preinstalling glib2...
[  244s] [76/84] preinstalling systemd...
[  249s] [77/84] preinstalling audit...
[  250s] [78/84] preinstalling rpm...
[  255s] [79/84] preinstalling openEuler-rpm-config...
[  256s] [80/84] preinstalling pam...
[  257s] [81/84] preinstalling util-linux...
[  261s] [82/84] preinstalling device-mapper...
[  262s] [83/84] preinstalling cryptsetup...
[  263s] [84/84] preinstalling lvm2...
[  266s] 
[  269s] initializing rpm db...
[  288s] reordering...cycle: adobe-mappings-cmap -> adobe-mappings-cmap-lang
[  288s]   breaking dependency adobe-mappings-cmap-lang -> adobe-mappings-cmap
[  288s] cycle: bash -> coreutils
[  288s]   breaking dependency coreutils -> bash
[  288s] cycle: bash -> coreutils -> info
[  288s]   breaking dependency coreutils -> info
[  288s] cycle: glibc -> basesystem -> filesystem -> bash -> coreutils -> gmp
[  288s]   breaking dependency filesystem -> bash
[  288s] cycle: glibc -> basesystem -> filesystem -> coreutils -> gmp
[  288s]   breaking dependency coreutils -> gmp
[  288s] cycle: glibc -> basesystem -> filesystem -> coreutils
[  288s]   breaking dependency coreutils -> glibc
[  288s] cycle: glibc -> basesystem -> filesystem -> coreutils -> libacl
[  288s]   breaking dependency coreutils -> libacl
[  288s] cycle: glibc -> basesystem -> filesystem -> coreutils -> attr
[  288s]   breaking dependency coreutils -> attr
[  288s] cycle: coreutils -> libcap -> bash
[  288s]   breaking dependency coreutils -> libcap
[  288s] cycle: glibc -> basesystem -> filesystem -> coreutils -> openssl-libs
[  288s]   breaking dependency openssl-libs -> glibc
[  288s] cycle: coreutils -> openssl-libs -> ca-certificates -> bash
[  288s]   breaking dependency ca-certificates -> bash
[  288s] cycle: coreutils -> openssl-libs -> ca-certificates
[  288s]   breaking dependency ca-certificates -> coreutils
[  288s] cycle: coreutils -> openssl-libs -> ca-certificates -> grep -> bash
[  288s]   breaking dependency grep -> bash
[  288s] cycle: coreutils -> openssl-libs -> ca-certificates -> grep
[  288s]   breaking dependency ca-certificates -> grep
[  288s] cycle: glibc -> basesystem -> filesystem -> coreutils -> openssl-libs -> ca-certificates -> p11-kit
[  288s]   breaking dependency p11-kit -> glibc
[  288s] cycle: glibc -> basesystem -> filesystem -> coreutils -> openssl-libs -> ca-certificates -> p11-kit -> libffi
[  288s]   breaking dependency openssl-libs -> ca-certificates
[  288s] cycle: coreutils -> openssl-libs -> crypto-policies -> bash
[  288s]   breaking dependency crypto-policies -> bash
[  288s] cycle: coreutils -> openssl-libs -> crypto-policies
[  288s]   breaking dependency crypto-policies -> coreutils
[  288s] cycle: coreutils -> openssl-libs -> crypto-policies -> grep
[  288s]   breaking dependency grep -> coreutils
[  288s] cycle: glibc -> basesystem -> filesystem -> coreutils -> openssl-libs -> crypto-policies -> grep
[  288s]   breaking dependency glibc -> basesystem
[  288s] cycle: glibc -> glibc-common -> bash -> coreutils -> openssl-libs -> crypto-policies -> grep
[  288s]   breaking dependency glibc-common -> bash
[  288s] cycle: glibc -> glibc-common -> coreutils -> openssl-libs -> crypto-policies -> grep
[  288s]   breaking dependency glibc-common -> coreutils
[  288s] cycle: glibc -> glibc-common
[  288s]   breaking dependency glibc-common -> glibc
[  288s] cycle: glibc -> glibc-common -> libselinux
[  288s]   breaking dependency libselinux -> glibc
[  288s] cycle: glibc -> glibc-common -> libselinux -> pcre2
[  288s]   breaking dependency pcre2 -> glibc
[  288s] cycle: glibc -> glibc-common -> libselinux -> pcre2 -> readline
[  288s]   breaking dependency readline -> glibc
[  288s] cycle: glibc -> glibc-common -> libselinux -> pcre2 -> readline -> ncurses-libs
[  288s]   breaking dependency libselinux -> pcre2
[  288s] cycle: glibc -> glibc-common -> libselinux -> libsepol -> bash -> coreutils -> openssl-libs -> crypto-policies -> grep
[  288s]   breaking dependency bash -> coreutils
[  288s] cycle: glibc -> glibc-common -> libselinux -> libsepol -> bash -> filesystem -> coreutils -> openssl-libs -> crypto-policies -> grep
[  288s]   breaking dependency libsepol -> bash
[  288s] cycle: glibc -> glibc-common -> libselinux -> libsepol -> coreutils -> openssl-libs -> crypto-policies -> grep
[  288s]   breaking dependency coreutils -> openssl-libs
[  288s] cycle: libselinux -> libsepol -> coreutils
[  288s]   breaking dependency libsepol -> coreutils
[  288s] cycle: glibc -> glibc-common -> libselinux -> libsepol
[  288s]   breaking dependency glibc -> glibc-common
[  288s] cycle: glibc -> filesystem -> coreutils -> libselinux -> libsepol
[  288s]   breaking dependency filesystem -> coreutils
[  288s] cycle: filesystem -> setup
[  288s]   breaking dependency filesystem -> setup
[  288s] cycle: systemd -> cryptsetup -> device-mapper
[  288s]   breaking dependency systemd -> cryptsetup
[  288s] cycle: perl-libs -> perl-Carp
[  288s]   breaking dependency perl-libs -> perl-Carp
[  288s] cycle: perl-libs -> perl-Exporter
[  288s]   breaking dependency perl-libs -> perl-Exporter
[  288s] cycle: perl-Carp -> perl-Exporter
[  288s]   breaking dependency perl-Exporter -> perl-Carp
[  288s] cycle: perl -> perl-PathTools
[  288s]   breaking dependency perl -> perl-PathTools
[  288s] cycle: perl -> perl-ExtUtils-MakeMaker
[  288s]   breaking dependency perl -> perl-ExtUtils-MakeMaker
[  288s] cycle: perl -> perl-File-Path -> perl-PathTools
[  288s]   breaking dependency perl -> perl-File-Path
[  288s] cycle: perl -> perl-Getopt-Long -> perl-Pod-Usage
[  288s]   breaking dependency perl -> perl-Getopt-Long
[  288s] cycle: perl -> perl-Locale-Maketext
[  288s]   breaking dependency perl -> perl-Locale-Maketext
[  288s] cycle: perl -> perl-Pod-Simple
[  288s]   breaking dependency perl -> perl-Pod-Simple
[  288s] cycle: perl -> perl-Socket
[  288s]   breaking dependency perl -> perl-Socket
[  288s] cycle: perl -> perl-Storable
[  288s]   breaking dependency perl -> perl-Storable
[  288s] cycle: perl -> perl-Text-Tabs+Wrap
[  288s]   breaking dependency perl -> perl-Text-Tabs+Wrap
[  288s] cycle: perl -> perl-Time-Local -> perl-constant
[  288s]   breaking dependency perl -> perl-Time-Local
[  288s] cycle: perl -> perl-constant
[  288s]   breaking dependency perl -> perl-constant
[  288s] cycle: perl -> perl-threads
[  288s]   breaking dependency perl -> perl-threads
[  288s] cycle: perl -> perl-threads-shared
[  288s]   breaking dependency perl -> perl-threads-shared
[  288s] cycle: perl -> perl-Archive-Tar
[  288s]   breaking dependency perl -> perl-Archive-Tar
[  288s] cycle: perl -> perl-B-Debug
[  288s]   breaking dependency perl -> perl-B-Debug
[  288s] cycle: perl -> perl-CPAN-Meta -> perl-CPAN-Meta-Requirements
[  288s]   breaking dependency perl -> perl-CPAN-Meta
[  288s] cycle: perl -> perl-CPAN-Meta-Requirements
[  288s]   breaking dependency perl -> perl-CPAN-Meta-Requirements
[  288s] cycle: perl -> perl-CPAN-Meta-YAML
[  288s]   breaking dependency perl -> perl-CPAN-Meta-YAML
[  288s] cycle: perl -> perl-Compress-Raw-Bzip2
[  288s]   breaking dependency perl -> perl-Compress-Raw-Bzip2
[  288s] cycle: perl -> perl-Compress-Raw-Zlib
[  288s]   breaking dependency perl -> perl-Compress-Raw-Zlib
[  288s] cycle: perl -> perl-Config-Perl-V
[  288s]   breaking dependency perl -> perl-Config-Perl-V
[  288s] cycle: perl -> perl-DB_File
[  288s]   breaking dependency perl -> perl-DB_File
[  288s] cycle: perl -> perl-Data-Dumper
[  288s]   breaking dependency perl -> perl-Data-Dumper
[  288s] cycle: perl -> perl-Devel-PPPort
[  288s]   breaking dependency perl -> perl-Devel-PPPort
[  288s] cycle: perl -> perl-Digest -> perl-MIME-Base64
[  288s]   breaking dependency perl -> perl-Digest
[  288s] cycle: perl -> perl-Digest-MD5 -> perl-Digest -> perl-MIME-Base64
[  288s]   breaking dependency perl -> perl-Digest-MD5
[  288s] cycle: perl -> perl-Digest-SHA
[  288s]   breaking dependency perl -> perl-Digest-SHA
[  288s] cycle: perl -> perl-Encode
[  288s]   breaking dependency perl -> perl-Encode
[  288s] cycle: perl -> perl-Env
[  288s]   breaking dependency perl -> perl-Env
[  288s] cycle: perl -> perl-ExtUtils-Command
[  288s]   breaking dependency perl -> perl-ExtUtils-Command
[  288s] cycle: perl -> perl-ExtUtils-Install
[  288s]   breaking dependency perl -> perl-ExtUtils-Install
[  288s] cycle: perl -> perl-ExtUtils-Manifest
[  288s]   breaking dependency perl -> perl-ExtUtils-Manifest
[  288s] cycle: perl -> perl-ExtUtils-ParseXS
[  288s]   breaking dependency perl -> perl-ExtUtils-ParseXS
[  288s] cycle: perl -> perl-File-Fetch -> perl-PathTools
[  288s]   breaking dependency perl -> perl-File-Fetch
[  288s] cycle: perl -> perl-File-Temp -> perl-PathTools
[  288s]   breaking dependency perl -> perl-File-Temp
[  288s] cycle: perl -> perl-Filter
[  288s]   breaking dependency perl -> perl-Filter
[  288s] cycle: perl -> perl-Filter-Simple -> perl-Filter
[  288s]   breaking dependency perl -> perl-Filter-Simple
[  288s] cycle: perl -> perl-HTTP-Tiny
[  288s]   breaking dependency perl -> perl-HTTP-Tiny
[  288s] cycle: perl -> perl-IO-Compress
[  288s]   breaking dependency perl -> perl-IO-Compress
[  288s] cycle: perl -> perl-IO-Socket-IP
[  288s]   breaking dependency perl -> perl-IO-Socket-IP
[  288s] cycle: perl -> perl-IPC-Cmd -> perl-ExtUtils-MakeMaker
[  288s]   breaking dependency perl -> perl-IPC-Cmd
[  288s] cycle: perl -> perl-IPC-SysV
[  288s]   breaking dependency perl -> perl-IPC-SysV
[  288s] cycle: perl -> perl-JSON-PP
[  288s]   breaking dependency perl -> perl-JSON-PP
[  288s] cycle: perl -> perl-Locale-Codes -> perl-constant
[  288s]   breaking dependency perl -> perl-Locale-Codes
[  288s] cycle: perl -> perl-MIME-Base64
[  288s]   breaking dependency perl -> perl-MIME-Base64
[  288s] cycle: perl -> perl-Math-BigInt
[  288s]   breaking dependency perl -> perl-Math-BigInt
[  288s] cycle: perl -> perl-Math-BigInt-FastCalc -> perl-Math-BigInt
[  288s]   breaking dependency perl -> perl-Math-BigInt-FastCalc
[  288s] cycle: perl -> perl-Math-BigRat -> perl-Math-BigInt
[  288s]   breaking dependency perl -> perl-Math-BigRat
[  288s] cycle: perl -> perl-Module-CoreList
[  288s]   breaking dependency perl -> perl-Module-CoreList
[  288s] cycle: perl -> perl-Module-Load -> perl-PathTools
[  288s]   breaking dependency perl -> perl-Module-Load
[  288s] cycle: perl -> perl-Module-Load-Conditional
[  288s]   breaking dependency perl -> perl-Module-Load-Conditional
[  288s] cycle: perl -> perl-Module-Metadata
[  288s]   breaking dependency perl -> perl-Module-Metadata
[  288s] cycle: perl -> perl-Params-Check
[  288s]   breaking dependency perl -> perl-Params-Check
[  288s] cycle: perl -> perl-PerlIO-via-QuotedPrint -> perl-MIME-Base64
[  288s]   breaking dependency perl -> perl-PerlIO-via-QuotedPrint
[  288s] cycle: perl -> perl-Pod-Checker
[  288s]   breaking dependency perl -> perl-Pod-Checker
[  288s] cycle: perl -> perl-Pod-Escapes
[  288s]   breaking dependency perl -> perl-Pod-Escapes
[  288s] cycle: perl -> perl-Pod-Parser
[  288s]   breaking dependency perl -> perl-Pod-Parser
[  288s] cycle: perl -> perl-Pod-Perldoc
[  288s]   breaking dependency perl -> perl-Pod-Perldoc
[  288s] cycle: perl -> perl-Pod-Usage
[  288s]   breaking dependency perl -> perl-Pod-Usage
[  288s] cycle: perl -> perl-Sys-Syslog
[  288s]   breaking dependency perl -> perl-Sys-Syslog
[  288s] cycle: perl -> perl-Term-Cap
[  288s]   breaking dependency perl -> perl-Term-Cap
[  288s] cycle: perl -> perl-Test-Harness
[  288s]   breaking dependency perl -> perl-Test-Harness
[  288s] cycle: perl -> perl-Test-Simple
[  288s]   breaking dependency perl -> perl-Test-Simple
[  288s] cycle: perl -> perl-Text-Balanced
[  288s]   breaking dependency perl -> perl-Text-Balanced
[  288s] cycle: perl -> perl-Thread-Queue -> perl-threads-shared
[  288s]   breaking dependency perl -> perl-Thread-Queue
[  288s] cycle: perl -> perl-Unicode-Collate -> perl-PathTools
[  288s]   breaking dependency perl -> perl-Unicode-Collate
[  288s] cycle: perl -> perl-autodie
[  288s]   breaking dependency perl -> perl-autodie
[  288s] cycle: perl -> perl-bignum -> perl-Math-BigInt
[  288s]   breaking dependency perl -> perl-bignum
[  288s] cycle: perl -> perl-devel
[  288s]   breaking dependency perl -> perl-devel
[  288s] cycle: perl -> perl-Encode-devel
[  288s]   breaking dependency perl -> perl-Encode-devel
[  288s] cycle: perl -> perl-experimental
[  288s]   breaking dependency perl -> perl-experimental
[  288s] cycle: perl -> perl-libnet -> perl-Digest-MD5 -> perl-Digest -> perl-MIME-Base64
[  288s]   breaking dependency perl -> perl-libnet
[  288s] cycle: perl -> perl-podlators
[  288s]   breaking dependency perl -> perl-podlators
[  288s] cycle: perl -> perl-version
[  288s]   breaking dependency perl -> perl-version
[  288s] cycle: glib2 -> gamin
[  288s]   breaking dependency glib2 -> gamin
[  288s] cycle: systemd -> gnutls -> unbound-libs -> shadow -> pam -> audit
[  288s]   breaking dependency systemd -> gnutls
[  288s] cycle: systemd -> pam -> audit
[  288s]   breaking dependency systemd -> pam
[  288s] cycle: systemd -> shadow -> pam -> audit
[  288s]   breaking dependency systemd -> shadow
[  288s] cycle: pam -> libpwquality
[  288s]   breaking dependency pam -> libpwquality
[  288s] cycle: perl-Getopt-Long -> perl-Pod-Usage
[  288s]   breaking dependency perl-Pod-Usage -> perl-Getopt-Long
[  288s] cycle: perl-Getopt-Long -> perl-Pod-Usage -> perl-podlators -> perl-Encode
[  288s]   breaking dependency perl-podlators -> perl-Encode
[  288s] cycle: perl-Getopt-Long -> perl-Pod-Usage -> perl-podlators
[  288s]   breaking dependency perl-podlators -> perl-Getopt-Long
[  288s] cycle: perl-Getopt-Long -> perl-Pod-Usage -> perl-podlators -> perl-Pod-Simple -> perl-Encode
[  288s]   breaking dependency perl-Encode -> perl-Getopt-Long
[  288s] cycle: perl-Getopt-Long -> perl-Pod-Usage -> perl-podlators -> perl-Pod-Simple
[  288s]   breaking dependency perl-podlators -> perl-Pod-Simple
[  288s] cycle: perl-Pod-Usage -> perl-podlators
[  288s]   breaking dependency perl-podlators -> perl-Pod-Usage
[  288s] cycle: groff -> perl-Getopt-Long -> perl-Pod-Usage -> perl-Pod-Perldoc
[  288s]   breaking dependency groff -> perl-Getopt-Long
[  288s] cycle: qt5-qtbase-common -> qt5-qtbase
[  288s]   breaking dependency qt5-qtbase -> qt5-qtbase-common
[  288s] cycle: fontconfig -> urw-base35-nimbus-roman-fonts
[  288s]   breaking dependency fontconfig -> urw-base35-nimbus-roman-fonts
[  288s] cycle: fontconfig -> urw-base35-gothic-fonts
[  288s]   breaking dependency fontconfig -> urw-base35-gothic-fonts
[  288s] cycle: fontconfig -> urw-base35-z003-fonts
[  288s]   breaking dependency fontconfig -> urw-base35-z003-fonts
[  288s] cycle: fontconfig -> urw-base35-p052-fonts
[  288s]   breaking dependency fontconfig -> urw-base35-p052-fonts
[  288s] cycle: fontconfig -> urw-base35-nimbus-mono-ps-fonts
[  288s]   breaking dependency fontconfig -> urw-base35-nimbus-mono-ps-fonts
[  288s] cycle: fontconfig -> urw-base35-nimbus-sans-fonts
[  288s]   breaking dependency fontconfig -> urw-base35-nimbus-sans-fonts
[  288s] cycle: fontconfig -> urw-base35-bookman-fonts
[  288s]   breaking dependency fontconfig -> urw-base35-bookman-fonts
[  288s] cycle: fontconfig -> urw-base35-c059-fonts
[  288s]   breaking dependency fontconfig -> urw-base35-c059-fonts
[  288s] cycle: fontconfig -> urw-base35-d050000l-fonts
[  288s]   breaking dependency fontconfig -> urw-base35-d050000l-fonts
[  288s] cycle: libglvnd-egl -> mesa-libEGL
[  288s]   breaking dependency mesa-libEGL -> libglvnd-egl
[  288s] cycle: libglvnd-glx -> mesa-libGL
[  288s]   breaking dependency mesa-libGL -> libglvnd-glx
[  288s] cycle: libxcrypt-devel -> glibc-devel
[  288s]   breaking dependency glibc-devel -> libxcrypt-devel
[  288s] cycle: cmake-data -> cmake
[  288s]   breaking dependency cmake -> cmake-data
[  288s] cycle: nss-util -> nss
[  288s]   breaking dependency nss -> nss-util
[  288s] cycle: nss-softokn -> nss-util -> nss
[  288s]   breaking dependency nss -> nss-softokn
[  288s] cycle: perl-Getopt-Long -> perl-Pod-Usage -> perl-Pod-Perldoc -> perl-Pod-Simple
[  288s]   breaking dependency perl-Pod-Perldoc -> perl-Pod-Simple
[  288s] cycle: openssh -> openssh-server
[  288s]   breaking dependency openssh-server -> openssh
[  288s] cycle: git -> perl-Git
[  288s]   breaking dependency git -> perl-Git
[  288s] cycle: perl-ExtUtils-Install -> perl-ExtUtils-MakeMaker
[  288s]   breaking dependency perl-ExtUtils-MakeMaker -> perl-ExtUtils-Install
[  290s] done
[  290s] querying package ids...
[  343s] [1/556] installing adobe-mappings-pdf-20190401-2.oe1
[  347s] [2/556] installing cmake-filesystem-3.22.0-1.oe1
[  348s] [3/556] installing fonts-filesystem-2.0.2-2.oe1
[  349s] [4/556] installing fuse-common-3.9.2-5.oe1
[  351s] [5/556] installing hwdata-0.316-3.oe1
[  355s] [6/556] installing kernel-headers-5.10-3.oe1
[  366s] [7/556] installing libreport-filesystem-2.13.1-5.oe1
[  367s] [8/556] installing ncurses-base-6.1-14.oe1
[  369s] [9/556] installing openEuler-gpg-keys-1.0-2.5.oe1
[  370s] [10/556] installing python-setuptools-59.4.0-3.oe1
[  372s] [11/556] installing qt-settings-29.1-3.oe1
[  373s] [12/556] installing qt5-srpm-macros-5.15.2-1.oe1
[  374s] [13/556] installing tzdata-2021a-2.oe1
[  387s] [14/556] installing xkeyboard-config-2.30-1.oe1
[  394s] [15/556] installing dnf-data-4.10.0-1.oe1
[  395s] [16/556] installing google-droid-sans-fonts-20120715-15.oe1
[  400s] [17/556] installing openEuler-repos-1.0-2.5.oe1
[  401s] [18/556] installing openEuler-release-20.03LTS-40.oe1
[  402s] [19/556] installing adobe-mappings-cmap-lang-20190730-3.oe1
[  412s] [20/556] installing filesystem-3.9-3.oe1
[  424s] warning: group mail does not exist - using root
[  424s] [21/556] installing adobe-mappings-cmap-20190730-3.oe1
[  425s] [22/556] installing emacs-filesystem-1:27.1-5.oe1
[  426s] [23/556] installing libgcc-10.3.1-20220105.6.oe1
[  429s] [24/556] installing setup-2.13.3-4.oe1
[  430s] [25/556] installing urw-base35-fonts-common-20170801-11
[  431s] [26/556] installing glibc-2.34-64.oe1
[  438s] [27/556] installing brotli-1.0.9-2.oe1
[  440s] [28/556] installing chrpath-0.16-12.oe1
[  441s] [29/556] installing cpio-2.13-4.oe1
[  443s] [30/556] installing diffutils-3.7-4.oe1
[  445s] [31/556] installing expat-2.2.10-1.oe1
[  446s] [32/556] installing fribidi-1.0.10-1.oe1
[  448s] [33/556] installing gpm-libs-1.20.7-21.oe1
[  449s] [34/556] installing jbig2dec-0.19-2.oe1
[  450s] [35/556] installing jbigkit-libs-2.1-17.oe1
[  451s] [36/556] installing json-c-0.15-1.oe1
[  452s] [37/556] installing keyutils-libs-1.6.3-3.oe1
[  453s] [38/556] installing lcms2-2.11-2.oe1
[  455s] [39/556] installing libICE-1.0.10-2.oe1
[  456s] [40/556] installing libXau-1.0.9-2.oe1
[  457s] [41/556] installing libaio-0.3.112-1.oe1
[  458s] [42/556] installing libargon2-20190702-1.oe1
[  459s] [43/556] installing libatomic-10.3.1-20220105.6.oe1
[  462s] [44/556] installing libcap-ng-0.7.11-1.oe1
[  463s] [45/556] installing libdatrie-0.2.12-1.oe1
[  464s] [46/556] installing libdrm-2.4.109-3.oe1
[  465s] [47/556] installing libepoxy-1.5.3-2
[  467s] [48/556] installing libev-4.24-11.oe1
[  468s] [49/556] installing libffi-3.3-31.oe1
[  469s] [50/556] installing libglvnd-1:1.3.4-2.oe1
[  470s] [51/556] installing libgomp-10.3.1-20220105.6.oe1
[  471s] [52/556] installing libgpg-error-1.41-1.oe1
[  473s] [53/556] installing libijs-0.35-9.oe1
[  474s] [54/556] installing libjpeg-turbo-2.0.6-1.oe1
[  475s] [55/556] installing libnghttp2-1.42.0-1.oe1
[  476s] [56/556] installing libpcap-14:1.9.1-7.oe1
[  478s] [57/556] installing libpipeline-1.5.3-1.oe1
[  479s] [58/556] installing libsigsegv-2.11-10.oe1
[  480s] [59/556] installing libsmartcols-2.36.1-3.oe1
[  485s] [60/556] installing libtasn1-4.16.0-2.oe1
[  486s] [61/556] installing libtool-ltdl-2.4.6-34.oe1
[  487s] [62/556] installing libunistring-0.9.10-8.oe1
[  489s] [63/556] installing libuuid-2.36.1-3.oe1
[  490s] [64/556] installing libuv-1:1.40.0-1.oe1
[  491s] [65/556] installing libwayland-egl-1.18.0-1.fc33
[  492s] [66/556] installing libwebp-1.1.0-3.oe1
[  494s] [67/556] installing libxcrypt-4.4.8-4.oe1
[  495s] [68/556] installing libxshmfence-1.3-6.oe1
[  497s] [69/556] installing libyaml-0.2.5-1.oe1
[  499s] [70/556] installing lz4-1.9.3-1.oe1
[  501s] [71/556] installing m4-1.4.18-14.oe1
[  502s] [72/556] installing mcpp-2.7.2-25.oe1
[  506s] [73/556] installing nspr-4.32.0-1.oe1
[  507s] [74/556] installing openjpeg2-2.3.1-6.oe1
[  509s] [75/556] installing pixman-0.38.0-1.oe1
[  510s] [76/556] installing pkgconf-1.7.3-1.oe1
[  511s] [77/556] installing rhash-1.3.5-5.oe1
[  513s] [78/556] installing which-2.21-14.oe1
[  514s] [79/556] installing xz-libs-5.2.5-1.oe1
[  515s] [80/556] installing zlib-1.2.11-18.oe1
[  520s] [81/556] installing attr-2.4.48-12.oe1
[  522s] [82/556] installing basesystem-12-2.oe1
[  523s] [83/556] installing libidn-1.36-1.oe1
[  525s] [84/556] installing libstdc++-10.3.1-20220105.6.oe1
[  527s] [85/556] installing ncurses-libs-6.1-14.oe1
[  529s] [86/556] installing libsepol-3.1-4.oe1
[  535s] [87/556] installing libglvnd-core-devel-1:1.3.4-2.oe1
[  537s] [88/556] installing libstdc++-devel-10.3.1-20220105.6.oe1
[  546s] [89/556] installing wayland-protocols-devel-1.20-1.oe1
[  549s] [90/556] installing xorg-x11-proto-devel-2019.1-1.oe1
[  553s] [91/556] installing audit-libs-1:3.0-2.oe1
[  555s] [92/556] installing brotli-devel-1.0.9-2.oe1
[  557s] [93/556] installing elfutils-libelf-0.185-3.oe1
[  558s] [94/556] installing file-libs-5.39-6.oe1
[  562s] [95/556] installing fribidi-devel-1.0.10-1.oe1
[  563s] [96/556] installing gmp-1:6.2.1-3.oe1
[  565s] [97/556] installing iptables-libs-1.8.1-4.oe1
[  567s] [98/556] installing less-563-2.oe1
[  568s] [99/556] installing libacl-2.2.53-7.oe1
[  570s] [100/556] installing libassuan-2.5.4-1.oe1
[  573s] [101/556] installing libedit-3.1-27.oe1
[  574s] [102/556] installing libffi-devel-3.3-31.oe1
[  576s] [103/556] installing libfontenc-1.1.4-2.oe1
[  577s] [104/556] installing libgcrypt-1.8.7-1.oe1
[  579s] [105/556] installing libglvnd-opengl-1:1.3.4-2.oe1
[  580s] [106/556] installing libpng-2:1.6.37-1.oe1
[  582s] [107/556] installing libsepol-devel-3.1-4.oe1
[  585s] [108/556] installing libthai-0.1.28-4.oe1
[  589s] [109/556] installing libwayland-client-1.18.0-1.fc33
[  591s] [110/556] installing libwayland-server-1.18.0-1.fc33
[  592s] [111/556] installing libxcb-1.14-1.oe1
[  594s] [112/556] installing pixman-devel-0.38.0-1.oe1
[  595s] [113/556] installing readline-8.0-2.oe1
[  597s] [114/556] installing zlib-devel-1.2.11-18.oe1
[  600s] [115/556] installing fuse-2.9.9-6.oe1
[  603s] [116/556] installing gc-8.0.4-2.oe1
[  606s] [117/556] installing libSM-1.2.3-2.oe1
[  610s] [118/556] installing libdatrie-devel-0.2.12-1.oe1
[  612s] [119/556] installing libdb-5.3.28-35.oe1
[  617s] [120/556] installing libicu-62.1-5.oe1
[  632s] [121/556] installing libselinux-3.1-3.oe1
[  635s] [122/556] installing libxml2-2.9.12-5.oe1
[  637s] [123/556] installing bash-5.1-1.oe1
[  641s] [124/556] installing perl-libs-4:5.28.0-435.oe1
[  648s] [125/556] installing zstd-1.4.8-2.oe1
[  652s] [126/556] installing mozjs52-52.9.0-1.0.riscv64
[  664s] [127/556] installing ncurses-6.1-14.oe1
[  678s] [128/556] installing thin-provisioning-tools-0.8.5-1.oe1
[  680s] [129/556] installing libtiff-4.2.0-1.oe1
[  682s] [130/556] installing perl-parent-1:0.237-4.oe1
[  683s] [131/556] installing perl-perlfaq-5.20180915-5.oe1
[  685s] [132/556] installing libX11-1.6.9-2.oe1
[  689s] [133/556] installing libtiff-devel-4.2.0-1.oe1
[  692s] [134/556] installing mesa-libglapi-21.3.1-1.oe1
[  694s] [135/556] installing mpfr-4.1.0-1.oe1
[  696s] [136/556] installing nettle-3.6-6.oe1
[  699s] [137/556] installing pcre2-10.36-1.oe1
[  701s] [138/556] installing perl-Exporter-5.74-1.oe1
[  703s] [139/556] installing xcb-util-0.4.0-13.oe1
[  704s] [140/556] installing file-5.39-6.oe1
[  706s] [141/556] installing gdbm-1:1.18.1-1.oe1
[  707s] [142/556] installing libXau-devel-1.0.9-2.oe1
[  708s] [143/556] installing libthai-devel-0.1.28-4.oe1
[  710s] [144/556] installing libwayland-cursor-1.18.0-1.fc33
[  712s] [145/556] installing libxkbcommon-1.0.3-1.oe1
[  713s] [146/556] installing patch-2.7.6-12.oe1
[  715s] [147/556] installing qrencode-4.1.1-1
[  716s] [148/556] installing sed-4.8-2.oe1
[  719s] [149/556] installing acl-2.2.53-7.oe1
[  720s] [150/556] installing libcomps-0.1.15-1.oe1
[  722s] [151/556] installing pcre-8.44-1.oe1
[  725s] [152/556] installing glibc-common-2.34-64.oe1
[  743s] [153/556] installing mesa-libgbm-21.3.1-1.oe1
[  746s] [154/556] installing coreutils-8.31-4.oe1
[  756s] [155/556] installing adwaita-icon-theme-3.38.0-1.oe1
[  812s] [156/556] installing crontabs-1.11-21.oe1
[  813s] [157/556] installing elfutils-default-yama-scope-0.185-3.oe1
[  815s] /usr/lib/systemd/systemd-sysctl: error while loading shared libraries: libkmod.so.2: cannot open shared object file: No such file or directory
[  815s] [158/556] installing hicolor-icon-theme-0.17-4.oe1
[  818s] [159/556] installing libXcomposite-0.4.5-1.oe1
[  821s] [160/556] installing libXext-1.3.4-2.oe1
[  822s] [161/556] installing libXfixes-5.0.3-11.oe1
[  824s] [162/556] installing libXpm-3.5.12-11.oe1
[  826s] [163/556] installing libXrender-0.9.10-10.oe1
[  830s] [164/556] installing perl-Carp-1.50-418.oe1
[  831s] [165/556] installing perl-Perl-OSType-1.010-421.oe1
[  833s] [166/556] installing perl-Term-ANSIColor-4.06-511.oe1
[  834s] [167/556] installing publicsuffix-list-20200718-1.oe1
[  836s] [168/556] installing uname-build-checks-1.0-0.4.oe1
[  838s] [169/556] installing bzip2-1.0.8-3.oe1
[  840s] [170/556] installing gzip-1.10-1.oe1
[  842s] [171/556] installing hostname-3.21-2.oe1
[  844s] [172/556] installing libcap-2.32-2.oe1
[  846s] [173/556] installing libmpc-1.2.0-2.oe1
[  848s] [174/556] installing libpaper-1.1.24-25.oe1
[  851s] [175/556] installing libseccomp-2.4.3-2.oe1
[  853s] [176/556] installing libxcb-devel-1.14-1.oe1
[  858s] [177/556] installing npth-1.5-7.oe1
[  860s] [178/556] installing popt-1.18-1.oe1
[  864s] [179/556] installing sgml-common-0.6.3-51.oe1
[  867s] [180/556] installing grep-3.6-1.oe1
[  870s] [181/556] installing libXt-1.2.0-0.oe1
[  873s] [182/556] installing libblkid-2.36.1-3.oe1
[  875s] [183/556] installing libidn2-2.3.0-1.oe1
[  878s] [184/556] installing libksba-1.3.5-12.oe1
[  880s] [185/556] installing pcre-devel-8.44-1.oe1
[  883s] [186/556] installing pcre2-devel-10.36-1.oe1
[  888s] [187/556] installing tar-2:1.32-3.oe1
[  893s] [188/556] installing tcl-1:8.6.10-3.oe1
[  903s] [189/556] installing xcb-util-keysyms-0.4.0-10.oe1
[  906s] [190/556] installing xcb-util-renderutil-0.3.9-13.oe1
[  909s] [191/556] installing xcb-util-wm-0.4.1-15.oe1
[  912s] [192/556] installing graphite2-1.3.13-2.oe1
[  915s] [193/556] installing info-6.7-2.oe1
[  917s] [194/556] installing jsoncpp-1.9.4-1.oe1
[  920s] [195/556] installing libgpg-error-devel-1.41-1.oe1
[  924s] [196/556] installing libmodman-2.0.1-19.oe1
[  928s] [197/556] installing lua-5.3.5-6.oe1
[  930s] [198/556] installing slang-2.3.2-8.oe1
[  938s] [199/556] installing xcb-util-image-0.4.0-12.oe1
[  944s] [200/556] installing gawk-5.0.1-2.oe1
[  949s] [201/556] installing libxslt-1.1.32-7.oe1
[  953s] [202/556] installing libicu-devel-62.1-5.oe1
[  958s] [203/556] installing libpng-devel-2:1.6.37-1.oe1
[  960s] [204/556] installing wayland-devel-1.18.0-1.fc33
[  963s] [205/556] installing guile-5:2.0.14-15.oe1
[  978s] [206/556] installing mesa-libEGL-21.3.1-1.oe1
[  982s] [207/556] installing bzip2-devel-1.0.8-3.oe1
[  984s] [208/556] installing graphite2-devel-1.3.13-2.oe1
[  986s] [209/556] installing zip-3.0-29.oe1
[  988s] [210/556] installing libXdamage-1.1.5-1.oe1
[  992s] [211/556] installing libXi-1.7.10-1.oe1
[  997s] [212/556] installing libXinerama-1.1.4-5.oe1
[ 1000s] [213/556] installing libXxf86misc-1.0.4-4.oe1
[ 1002s] [214/556] installing libXxf86vm-1.1.4-13.oe1
[ 1004s] [215/556] installing libfdisk-2.36.1-3.oe1
[ 1006s] [216/556] installing libglvnd-egl-1:1.3.4-2.oe1
[ 1009s] [217/556] installing libglvnd-gles-1:1.3.4-2.oe1
[ 1010s] [218/556] installing newt-0.52.21-4.oe1
[ 1014s] [219/556] installing perl-Text-ParseWords-3.30-419.oe1
[ 1015s] [220/556] installing crypto-policies-20180925-3.git71ca85f.oe1
[ 1022s] [221/556] installing elfutils-libs-0.185-3.oe1
[ 1024s] [222/556] installing libX11-devel-1.6.9-2.oe1
[ 1029s] [223/556] installing libXcursor-1.2.0-1.oe1
[ 1031s] [224/556] installing libXmu-1.1.3-1.oe1
[ 1034s] [225/556] installing libXrandr-1.5.2-1.oe1
[ 1037s] [226/556] installing libmount-2.36.1-3.oe1
[ 1040s] [227/556] installing libselinux-devel-3.1-3.oe1
[ 1043s] [228/556] installing lua-posix-33.3.1-12.oe1
[ 1046s] [229/556] installing unzip-6.0-47.oe1
[ 1048s] [230/556] installing cracklib-2.9.7-6.oe1
[ 1054s] [231/556] installing docbook-dtds-1.0-78.oe1
[ 1082s] [232/556] installing e2fsprogs-1.45.6-3.oe1
[ 1090s] [233/556] installing findutils-2:4.7.0-7.oe1
[ 1094s] [234/556] installing libsemanage-3.1-4.oe1
[ 1098s] [235/556] installing make-1:4.2.1-15.oe1
[ 1101s] [236/556] installing sqlite-3.24.0-9.oe1
[ 1105s] [237/556] installing xz-5.2.5-1.oe1
[ 1107s] [238/556] installing logrotate-3.15.1-2.oe1
[ 1109s] [239/556] installing opensp-1.5.2-31.oe1
[ 1113s] [240/556] installing perl-Scalar-List-Utils-3:1.52-2.oe1
[ 1116s] [241/556] installing perl-Time-HiRes-1.9760-2.oe1
[ 1118s] [242/556] installing perl-Unicode-Normalize-1.26-419.oe1
[ 1122s] [243/556] installing freetype-2.10.2-3.oe1
[ 1125s] [244/556] installing glibc-devel-2.34-64.oe1
[ 1142s] [245/556] installing libgcrypt-devel-1.8.7-1.oe1
[ 1144s] [246/556] installing cpp-10.3.1-20220105.6.oe1
[ 1162s] [247/556] installing gnupg2-2.2.27-2.oe1
[ 1172s] [248/556] installing systemd-libs-243-22.oe1
[ 1175s] [249/556] installing dbus-libs-1:1.12.20-3.oe1
[ 1180s] [250/556] installing libusbx-1.0.23-3.oe1
[ 1183s] [251/556] installing sqlite-devel-3.24.0-9.oe1
[ 1185s] [252/556] installing xz-devel-5.2.5-1.oe1
[ 1189s] [253/556] installing libxcrypt-devel-4.4.8-4.oe1
[ 1193s] [254/556] installing p11-kit-0.23.22-1.oe1
[ 1204s] [255/556] installing procps-ng-3.3.16-15.oe1
[ 1209s] [256/556] installing copy-jdk-configs-4.0-1.oe1
[ 1213s] [257/556] installing gpgme-1.15.1-1.oe1
[ 1216s] [258/556] installing libXext-devel-1.3.4-2.oe1
[ 1219s] [259/556] installing libXfixes-devel-5.0.3-11.oe1
[ 1221s] [260/556] installing libXrender-devel-0.9.10-10.oe1
[ 1223s] [261/556] installing libXtst-1.2.3-10.oe1
[ 1225s] [262/556] installing openssl-libs-1:1.1.1f-2.oe1
[ 1229s] [263/556] installing chkconfig-1.14-2.oe1
[ 1233s] [264/556] installing docbook-style-xsl-1.79.2-9.oe1
[ 1254s] [265/556] installing elfutils-0.185-3.oe1
[ 1257s] [266/556] installing libXaw-1.0.13-13.oe1
[ 1263s] [267/556] installing freetype-devel-2.10.2-3.oe1
[ 1268s] [268/556] installing openjade-1.3.2-60.oe1
[ 1278s] [269/556] installing xorg-x11-font-utils-1:7.5-43.oe1
[ 1281s] [270/556] installing glib2-2.66.8-1.oe1
[ 1292s] [271/556] installing mesa-libGL-21.3.1-1.oe1
[ 1294s] [272/556] installing xorg-x11-server-utils-7.7-28
[ 1297s] [273/556] installing fontconfig-2.13.92-1.oe1
[ 1303s] [274/556] installing gsettings-desktop-schemas-3.38.0-1.oe1
[ 1309s] [275/556] installing atk-2.36.0-1.oe1
[ 1312s] [276/556] installing dbus-tools-1:1.12.20-3.oe1
[ 1313s] [277/556] installing ima-evm-utils-libs-1.2.1-8.oe1
[ 1315s] [278/556] installing json-glib-1.6.2-1.oe1
[ 1322s] [279/556] installing libevent-2.1.12-4
[ 1325s] [280/556] installing libcroco-0.6.12-13.oe1
[ 1327s] [281/556] installing libgusb-0.3.0-5.oe1
[ 1331s] [282/556] installing fipscheck-1.5.0-7.oe1
[ 1339s] [283/556] installing gamin-0.1.10-38.oe1
[ 1343s] [284/556] installing kmod-libs-27-4.oe1
[ 1346s] [285/556] installing libsecret-0.18.6-5.oe1
[ 1353s] [286/556] installing obs-env-1.0-5.oe1
[ 1362s] [287/556] installing polkit-libs-0.116-4.oe1
[ 1364s] [288/556] installing xorg-x11-fonts-7.5-24
[ 1398s] [289/556] installing dbus-devel-1:1.12.20-3.oe1
[ 1402s] [290/556] installing gobject-introspection-1.66.1-1.oe1
[ 1407s] [291/556] installing kmod-27-4.oe1
[ 1410s] [292/556] installing libXcomposite-devel-0.4.5-1.oe1
[ 1412s] [293/556] installing libXdamage-devel-1.1.5-1.oe1
[ 1414s] [294/556] installing libXft-2.3.3-1.oe1
[ 1417s] [295/556] installing libXinerama-devel-1.1.4-5.oe1
[ 1419s] [296/556] installing libglvnd-glx-1:1.3.4-2.oe1
[ 1421s] [297/556] installing shared-mime-info-1.10-4.oe1
[ 1442s] [298/556] installing binutils-2.37-6.oe1
[ 1456s] [299/556] installing libXcursor-devel-1.2.0-1.oe1
[ 1458s] [300/556] installing libXi-devel-1.7.10-1.oe1
[ 1462s] [301/556] installing libXrandr-devel-1.5.2-1.oe1
[ 1464s] [302/556] installing urw-base35-bookman-fonts-20170801-11
[ 1468s] [303/556] installing urw-base35-c059-fonts-20170801-11
[ 1473s] [304/556] installing urw-base35-d050000l-fonts-20170801-11
[ 1476s] [305/556] installing urw-base35-gothic-fonts-20170801-11
[ 1482s] [306/556] installing urw-base35-nimbus-mono-ps-fonts-20170801-11
[ 1488s] [307/556] installing urw-base35-nimbus-roman-fonts-20170801-11
[ 1494s] [308/556] installing urw-base35-nimbus-sans-fonts-20170801-11
[ 1500s] [309/556] installing urw-base35-p052-fonts-20170801-11
[ 1506s] [310/556] installing urw-base35-standard-symbols-ps-fonts-20170801-11
[ 1510s] [311/556] installing urw-base35-z003-fonts-20170801-11
[ 1514s] [312/556] installing harfbuzz-2.7.4-1.oe1
[ 1519s] [313/556] installing libxml2-devel-2.9.12-5.oe1
[ 1530s] [314/556] installing p11-kit-trust-0.23.22-1.oe1
[ 1533s] [315/556] installing babeltrace-1.5.8-1.oe1
[ 1536s] [316/556] installing libarchive-3.5.1-1.oe1
[ 1539s] [317/556] installing nodejs-libs-1:16.10.0-1.oe1
[ 1588s] [318/556] installing cairo-1.16.0-6.fc32
[ 1590s] [319/556] installing qt5-qtbase-5.11.1-14.oe1
[ 1599s] [320/556] installing qt5-qtbase-common-5.11.1-14.oe1
[ 1601s] [321/556] installing avahi-libs-0.8-6.oe1
[ 1603s] [322/556] installing libxkbcommon-devel-1.0.3-1.oe1
[ 1605s] [323/556] installing libverto-0.3.1-2.oe1
[ 1609s] [324/556] installing mesa-libGLU-9.0.1-1.oe1
[ 1616s] [325/556] installing qt5-qtxmlpatterns-5.11.1-5.oe1
[ 1623s] [326/556] installing colord-libs-1.4.3-6.oe1
[ 1631s] [327/556] installing glew-2.1.0-3.oe1
[ 1635s] [328/556] installing pciutils-3.7.0-1.oe1
[ 1640s] [329/556] installing ca-certificates-2020.2.46-2.oe1
[ 1654s] [330/556] installing libXtst-devel-1.2.3-10.oe1
[ 1655s] [331/556] installing gdk-pixbuf2-2.42.6-1.oe1
[ 1660s] [332/556] installing libglvnd-devel-1:1.3.4-2.oe1
[ 1664s] [333/556] installing freeglut-3.0.0-10.oe1
[ 1668s] [334/556] installing gettext-0.20.1-2.oe1
[ 1673s] [335/556] installing pango-1.47.0-1.oe1
[ 1680s] [336/556] installing urw-base35-fonts-20170801-11
[ 1682s] [337/556] installing cairo-gobject-1.16.0-6.fc32
[ 1685s] [338/556] installing gcc-10.3.1-20220105.6.oe1
[ 1718s] [339/556] installing rpm-libs-4.15.1-25.oe1
[ 1721s] [340/556] installing python-pip-wheel-19.2.3-2.fc32
[ 1723s] [341/556] installing libepoxy-devel-1.5.3-2
[ 1725s] [342/556] installing gdk-pixbuf2-modules-2.42.6-1.oe1
[ 1728s] [343/556] installing fontconfig-devel-2.13.92-1.oe1
[ 1730s] [344/556] installing kernel-tools-5.10-3.oe1
[ 1735s] [345/556] installing libmodulemd-2.13.0-1.oe1
[ 1737s] [346/556] installing gcc-c++-10.3.1-20220105.6.oe1
[ 1752s] [347/556] installing mesa-demos-8.3.0-14.oe1
[ 1758s] [348/556] installing krb5-libs-1.18.2-3.oe1
[ 1765s] [349/556] installing librsvg2-2.50.5-1.oe1
[ 1771s] [350/556] installing libtirpc-1.3.1-1.oe1
[ 1774s] [351/556] installing qt5-rpm-macros-5.15.2-1.oe1
[ 1776s] [352/556] installing cyrus-sasl-lib-2.1.27-10.oe1
[ 1779s] [353/556] installing libssh-0.9.5-1.oe1
[ 1781s] [354/556] installing libXft-devel-2.3.3-1.oe1
[ 1784s] [355/556] installing sysprof-cli-3.38.1-2.oe1
[ 1788s] [356/556] installing elinks-0.12-1.oe1
[ 1794s] [357/556] installing openldap-2.4.46-15.oe1
[ 1796s] [358/556] installing libnsl2-1.3.0-2.oe1
[ 1799s] [359/556] installing python3-3.8.5-13.oe1
[ 1832s] [360/556] installing python3-parameterized-0.6.1-9.fc32
[ 1834s] [361/556] installing python3-pyparsing-2.4.5-1.fc32
[ 1836s] [362/556] installing python3-setuptools-59.4.0-3.oe1
[ 1847s] [363/556] installing python3-setuptools_scm-3.3.3-6.fc32
[ 1850s] [364/556] installing python3-six-1.15.0-3.oe1
[ 1853s] [365/556] installing python3-markupsafe-1.1.1-4.fc32
[ 1856s] [366/556] installing python3-gpgme-1.15.1-1.oe1
[ 1860s] [367/556] installing python3-lxml-4.4.1-3.fc32
[ 1864s] [368/556] installing python3-libcomps-0.1.15-1.oe1
[ 1866s] [369/556] installing libpsl-0.21.1-1.oe1
[ 1870s] [370/556] installing gdb-headless-9.2-5.oe1
[ 1877s] [371/556] installing python3-anytree-2.7.2-2.fc32
[ 1880s] [372/556] installing python3-pygments-2.4.2-6.fc32
[ 1889s] [373/556] installing systemtap-sdt-devel-4.1-3.oe1
[ 1892s] [374/556] installing gdb-9.2-5.oe1
[ 1894s] [375/556] installing libpsl-devel-0.21.1-1.oe1
[ 1896s] [376/556] installing python3-mako-1.1.0-4.fc32
[ 1898s] [377/556] installing python3-pip-19.2.3-2.fc32
[ 1908s] [378/556] installing libcurl-7.79.1-1.oe1
[ 1912s] [379/556] installing curl-7.79.1-1.oe1
[ 1914s] [380/556] installing librepo-1.14.2-2.oe1
[ 1916s] [381/556] installing rpm-4.15.1-25.oe1
[ 1921s] [382/556] installing efi-srpm-macros-4-3.oe1
[ 1927s] [383/556] installing cmake-rpm-macros-3.22.0-1.oe1
[ 1929s] [384/556] installing libsolv-0.7.20-1.oe1
[ 1932s] [385/556] installing python3-rpm-4.15.1-25.oe1
[ 1936s] [386/556] installing openEuler-rpm-config-30-22.oe1
[ 1938s] [387/556] installing cmake-3.22.0-1.oe1
[ 1954s] [388/556] installing libdnf-0.65.0-2.oe1
[ 1959s] [389/556] installing cmake-data-3.22.0-1.oe1
[ 1981s] [390/556] installing python3-libdnf-0.65.0-2.oe1
[ 1990s] [391/556] installing perl-4:5.28.0-435.oe1
[ 2002s] [392/556] installing perl-B-Debug-1.26-4.oe1
[ 2010s] [393/556] installing perl-Env-1.04-397.oe1
[ 2011s] [394/556] installing perl-Devel-PPPort-3.42-4.oe1
[ 2014s] [395/556] installing perl-Pod-Escapes-1:1.07-419.oe1
[ 2016s] [396/556] installing perl-Text-Tabs+Wrap-2013.0523-419.oe1
[ 2017s] [397/556] installing perl-Algorithm-Diff-1.1903-14.oe1
[ 2019s] [398/556] installing perl-Params-Check-1:0.38-418.oe1
[ 2021s] [399/556] installing perl-Term-Cap-1.17-510.oe1
[ 2022s] [400/556] installing perl-TermReadKey-2.38-2.oe1
[ 2025s] [401/556] installing perl-Text-Balanced-2.03-420.oe1
[ 2026s] [402/556] installing perl-threads-1:2.22-419.oe1
[ 2029s] [403/556] installing openssl-1:1.1.1f-2.oe1
[ 2031s] [404/556] installing perl-Config-Perl-V-0.30-5.oe1
[ 2033s] [405/556] installing perl-Error-1:0.17029-1.oe1
[ 2035s] [406/556] installing perl-Filter-2:1.59-2.oe1
[ 2040s] [407/556] installing perl-IPC-SysV-2.07-5.oe1
[ 2044s] [408/556] installing perl-Locale-Maketext-1:1.28-1.oe1
[ 2047s] [409/556] installing perl-SGMLSpm-1.03ii-45.oe1
[ 2049s] [410/556] installing perl-constant-1.33-421.oe1
[ 2051s] [411/556] installing docbook-style-dsssl-1.79-27.oe1
[ 2063s] [412/556] installing perl-MIME-Base64-3.15-418.oe1
[ 2065s] [413/556] installing perl-CPAN-Meta-YAML-0.018-420.oe1
[ 2067s] [414/556] installing perl-Socket-4:2.029-2.oe1
[ 2069s] [415/556] installing perl-Storable-1:3.15-2.oe1
[ 2073s] [416/556] installing gd-2.2.5-6.oe1
[ 2079s] [417/556] installing python3-hawkey-0.65.0-2.oe1
[ 2081s] [418/556] installing perl-PerlIO-via-QuotedPrint-0.08-397.oe1
[ 2082s] [419/556] installing perl-Digest-1.17-419.oe1
[ 2084s] [420/556] installing perl-Filter-Simple-1:0.94-1.oe1
[ 2085s] [421/556] installing perl-IO-Socket-IP-0.39-420.oe1
[ 2087s] [422/556] installing perl-Text-Diff-1.45-7.oe1
[ 2089s] [423/556] installing perl-Time-Local-2:1.280-6.oe1
[ 2090s] [424/556] installing perl-version-8:0.99.24-3.oe1
[ 2092s] [425/556] installing perl-IPC-System-Simple-1.25-19.oe1
[ 2094s] [426/556] installing perl-threads-shared-1.59-2.oe1
[ 2097s] [427/556] installing perl-Compress-Raw-Bzip2-2.100-1.oe1
[ 2100s] [428/556] installing perl-Compress-Raw-Zlib-1:2.100-1.oe1
[ 2102s] [429/556] installing perl-Locale-Codes-3.58-2.oe1
[ 2105s] [430/556] installing perl-Math-BigInt-1:1.9998.13-5.oe1
[ 2108s] [431/556] installing perl-PathTools-3.75-4.oe1
[ 2110s] [432/556] installing python3-dnf-4.10.0-1.oe1
[ 2114s] [433/556] installing perl-Data-Dumper-2.172-3.oe1
[ 2117s] [434/556] installing perl-Sys-Syslog-0.35-420.oe1
[ 2120s] [435/556] installing perl-Encode-4:2.98-9.oe1
[ 2126s] [436/556] installing autogen-5.18.16-1.oe1
[ 2134s] [437/556] installing nodejs-1:16.10.0-1.oe1
[ 2137s] [438/556] installing systemd-243-22.oe1
[ 2158s] /var/tmp/rpm-tmp.9NXJyG: line 8: groupadd: command not found
[ 2158s] /var/tmp/rpm-tmp.9NXJyG: line 10: groupadd: command not found
[ 2158s] /var/tmp/rpm-tmp.9NXJyG: line 13: groupadd: command not found
[ 2158s] /var/tmp/rpm-tmp.9NXJyG: line 16: groupadd: command not found
[ 2158s] [439/556] installing dbus-common-1:1.12.20-3.oe1
[ 2160s] [440/556] installing nodejs-source-map-0.5.6-1.oe1
[ 2163s] [441/556] installing perl-Module-Load-1:0.32-418.oe1
[ 2164s] [442/556] installing nodejs-packaging-20-1.oe1
[ 2166s] [443/556] installing dnf-4.10.0-1.oe1
[ 2172s] Failed to preset unit, unit dnf-automatic.timer does not exist.
[ 2172s] Failed to preset unit, unit dnf-automatic-notifyonly.timer does not exist.
[ 2172s] Failed to preset unit, unit dnf-automatic-download.timer does not exist.
[ 2172s] Failed to preset unit, unit dnf-automatic-install.timer does not exist.
[ 2172s] [444/556] installing perl-File-Which-1.23-1.oe1
[ 2174s] [445/556] installing perl-Thread-Queue-3.13-3.oe1
[ 2176s] [446/556] installing perl-experimental-0.020-2.oe1
[ 2178s] [447/556] installing perl-Digest-MD5-2.55-419.oe1
[ 2182s] [448/556] installing perl-File-Path-2.16-4.oe1
[ 2183s] [449/556] installing perl-Math-BigInt-FastCalc-0.500.700-4.oe1
[ 2186s] [450/556] installing perl-Module-Metadata-1.000036-3.oe1
[ 2188s] [451/556] installing perl-CPAN-Meta-Requirements-2.140-419.oe1
[ 2190s] [452/556] installing perl-Encode-devel-4:2.98-9.oe1
[ 2192s] [453/556] installing perl-HTTP-Tiny-0.076-3.oe1
[ 2194s] [454/556] installing perl-Math-BigRat-0.2614-2.oe1
[ 2196s] [455/556] installing audit-1:3.0-2.oe1
[ 2202s] [456/556] installing perl-DB_File-1.842-2.oe1
[ 2207s] [457/556] installing perl-autodie-2.29-398.oe1
[ 2209s] [458/556] installing perl-Unicode-Collate-1.25-4.oe1
[ 2215s] [459/556] installing perl-IO-Compress-2.081-6.oe1
[ 2217s] [460/556] installing perl-podlators-1:4.14-1.oe1
[ 2219s] [461/556] installing perl-ExtUtils-Command-1:7.60-1.oe1
[ 2220s] [462/556] installing perl-ExtUtils-Manifest-1:1.71-4.oe1
[ 2222s] [463/556] installing perl-bignum-0.50-4.oe1
[ 2224s] [464/556] installing perl-File-Temp-1:0.230.800-4.oe1
[ 2228s] [465/556] installing perl-libnet-3.11-420.oe1
[ 2230s] [466/556] installing pam-1.5.1-1.oe1
[ 2236s] [467/556] installing libpwquality-1.4.4-1.oe1
[ 2240s] [468/556] installing perl-File-HomeDir-1.004-4.oe1
[ 2242s] [469/556] installing shadow-2:4.8.1-5.oe1
[ 2245s] [470/556] installing perl-Test-Simple-2:1.302175-2.oe1
[ 2247s] [471/556] installing libutempter-1.1.6-16.oe1
[ 2251s] [472/556] installing unbound-libs-1.10.1-4.oe1
[ 2255s] [473/556] installing dbus-daemon-1:1.12.20-3.oe1
[ 2260s] [474/556] installing openssh-server-8.2p1-10.oe1
[ 2264s] Created symlink /etc/systemd/system/multi-user.target.wants/sshd.service -> /usr/lib/systemd/system/sshd.service.
[ 2264s] [475/556] installing groff-1.22.4-4.oe1
[ 2278s] [476/556] installing dbus-1:1.12.20-3.oe1
[ 2280s] [477/556] installing man-db-2.9.3-2.oe1
[ 2289s] [478/556] installing perl-Pod-Perldoc-1:3.28-3.oe1
[ 2290s] [479/556] installing gnutls-3.6.15-3.oe1
[ 2295s] [480/556] installing util-linux-2.36.1-3.oe1
[ 2304s] [481/556] installing nss-help-3.72.0-2.oe1
[ 2307s] [482/556] installing polkit-help-0.116-4.oe1
[ 2309s] [483/556] installing util-linux-devel-2.36.1-3.oe1
[ 2311s] [484/556] installing NetworkManager-libnm-1:1.26.0-5
[ 2318s] [485/556] installing at-spi2-core-2.39.1-1.oe1
[ 2322s] [486/556] installing cups-libs-1:2.3.3-6.oe1
[ 2325s] [487/556] installing perl-Pod-Usage-4:1.69-418.oe1
[ 2327s] [488/556] installing device-mapper-8:1.02.172-1.oe1
[ 2331s] [489/556] installing openssh-8.2p1-10.oe1
[ 2334s] [490/556] installing at-spi2-atk-2.38.0-1.oe1
[ 2337s] [491/556] installing libproxy-0.4.15-13.oe1
[ 2341s] [492/556] installing perl-Getopt-Long-1:2.52-1.oe1
[ 2344s] [493/556] installing cryptsetup-2.3.3-3.oe1
[ 2351s] [494/556] installing device-mapper-event-8:1.02.172-1.oe1
[ 2355s] Created symlink /etc/systemd/system/sockets.target.wants/dm-event.socket -> /usr/lib/systemd/system/dm-event.socket.
[ 2355s] [495/556] installing nss-3.72.0-2.oe1
[ 2367s] [496/556] installing glib2-devel-2.66.8-1.oe1
[ 2392s] [497/556] installing openssh-clients-8.2p1-10.oe1
[ 2396s] [498/556] installing qt5-qtbase-gui-5.11.1-14.oe1
[ 2409s] [499/556] installing atk-devel-2.36.0-1.oe1
[ 2414s] [500/556] installing polkit-devel-0.116-4.oe1
[ 2419s] [501/556] installing json-glib-devel-1.6.2-1.oe1
[ 2421s] [502/556] installing nss-util-3.72.0-2.oe1
[ 2425s] [503/556] installing perl-ExtUtils-ParseXS-2:3.35-1.oe1
[ 2427s] [504/556] installing glib-networking-2.58.0-7.oe1
[ 2432s] [505/556] installing perl-Module-CoreList-1:5.20180920-2.oe1
[ 2439s] [506/556] installing at-spi2-core-devel-2.39.1-1.oe1
[ 2442s] [507/556] installing perl-Digest-SHA-1:6.02-7.oe1
[ 2446s] [508/556] installing perl-Pod-Parser-1.63-397.oe1
[ 2448s] [509/556] installing qt5-qtdeclarative-5.11.1-7.oe1
[ 2459s] [510/556] installing gdk-pixbuf2-devel-2.42.6-1.oe1
[ 2461s] [511/556] installing perl-Pod-Simple-1:3.35-418.oe1
[ 2464s] [512/556] installing perl-Test-Harness-1:3.43_02-1.oe1
[ 2466s] [513/556] installing cairo-devel-1.16.0-6.fc32
[ 2470s] [514/556] installing docbook-utils-0.6.14-47.oe1
[ 2473s] [515/556] installing harfbuzz-devel-2.7.4-1.oe1
[ 2476s] [516/556] installing perl-Archive-Tar-2.30-421.oe1
[ 2478s] [517/556] installing perl-JSON-PP-1:4.04-2.oe1
[ 2480s] [518/556] installing lvm2-8:2.03.11-1.oe1
[ 2489s] Created symlink /etc/systemd/system/sysinit.target.wants/lvm2-lvmpolld.socket -> /usr/lib/systemd/system/lvm2-lvmpolld.socket.
[ 2489s] [519/556] installing autoconf-2.69-30.oe1
[ 2493s] [520/556] installing qt5-qtbase-devel-5.11.1-14.oe1
[ 2566s] [521/556] installing git-2.23.0-12.oe1
[ 2581s] [522/556] installing gtk3-3.24.30-2.oe1
[ 2594s] [523/556] installing cairo-gobject-devel-1.16.0-6.fc32
[ 2596s] [524/556] installing nss-softokn-3.72.0-2.oe1
[ 2600s] [525/556] installing at-spi2-atk-devel-2.38.0-1.oe1
[ 2603s] [526/556] installing libdazzle-3.38.0-1.oe1
[ 2607s] [527/556] installing perl-Pod-Checker-4:1.73-398.oe1
[ 2609s] [528/556] installing libsoup-2.72.0-2.oe1
[ 2615s] [529/556] installing perl-Git-2.23.0-12.oe1
[ 2617s] [530/556] installing qt5-qtdeclarative-devel-5.11.1-7.oe1
[ 2647s] [531/556] installing gtk-doc-1.33.2-1.oe1
[ 2654s] [532/556] installing perl-CPAN-Meta-2.150010-419.oe1
[ 2657s] [533/556] installing perl-Module-Load-Conditional-0.68-418.oe1
[ 2661s] [534/556] installing automake-1.16.1-6.oe1
[ 2665s] [535/556] installing pango-devel-1.47.0-1.oe1
[ 2670s] [536/556] installing perl-ExtUtils-MakeMaker-1:7.60-1.oe1
[ 2674s] [537/556] installing gtk2-2.24.33-2.oe1
[ 2684s] [538/556] installing ghostscript-9.52-5.oe1
[ 2697s] [539/556] installing libsysprof-ui-3.38.1-2.oe1
[ 2700s] [540/556] installing libtool-2.4.6-34.oe1
[ 2704s] [541/556] installing perl-ExtUtils-Install-2.14-419.oe1
[ 2707s] [542/556] installing perl-IPC-Cmd-2:1.04-4.oe1
[ 2709s] [543/556] installing graphviz-2.44.1-4.oe1
[ 2724s] [544/556] installing rpm-build-4.15.1-25.oe1
[ 2728s] [545/556] installing gtk3-devel-3.24.30-2.oe1
[ 2757s] [546/556] installing graphviz-devel-2.44.1-4.oe1
[ 2760s] [547/556] installing libdazzle-devel-3.38.0-1.oe1
[ 2766s] [548/556] installing gcc_secure-1.0-0.9.oe1
[ 2769s] [549/556] installing sysprof-3.38.1-2.oe1
[ 2790s] [550/556] installing gobject-introspection-devel-1.66.1-1.oe1
[ 2799s] [551/556] installing perl-File-Fetch-0.56-4.oe1
[ 2800s] [552/556] installing perl-devel-4:5.28.0-435.oe1
[ 2812s] [553/556] installing vala-devel-0.50.8-3.oe1
[ 2816s] [554/556] installing sysprof-devel-3.38.1-2.oe1
[ 2819s] [555/556] installing libsoup-devel-2.72.0-2.oe1
[ 2822s] [556/556] installing vala-0.50.8-3.oe1
[ 2830s] removing nis flags from /var/cache/obs/worker/root_1/etc/nsswitch.conf...
[ 2832s] now finalizing build dir...
[ 2844s] Running build time source services...
[ 2864s] -----------------------------------------------------------------
[ 2864s] ----- building snapd-glib.spec (user abuild)
[ 2864s] -----------------------------------------------------------------
[ 2864s] -----------------------------------------------------------------
[ 2874s] + exec rpmbuild -ba --define '_srcdefattr (-,root,root)' --nosignature --define 'disturl obs://private/openEuler:Mainline:RISC-V/advanced_riscv64/ab1ffb1ddf6910faa506d3b8ea1e43d5-snapd-glib' /home/abuild/rpmbuild/SOURCES/snapd-glib.spec
[ 2875s] Executing(%prep): /bin/sh -e /var/tmp/rpm-tmp.9N9Ji9
[ 2875s] + umask 022
[ 2875s] + cd /home/abuild/rpmbuild/BUILD
[ 2875s] + cd /home/abuild/rpmbuild/BUILD
[ 2875s] + rm -rf snapd-glib-1.43
[ 2876s] + /usr/bin/xz -dc /home/abuild/rpmbuild/SOURCES/snapd-glib-1.43.tar.xz
[ 2876s] + /usr/bin/tar -xof -
[ 2876s] + STATUS=0
[ 2876s] + '[' 0 -ne 0 ']'
[ 2876s] + cd snapd-glib-1.43
[ 2876s] + /usr/bin/chmod -Rf a+rX,u+w,g-w,o-w .
[ 2877s] + RPM_EC=0
[ 2877s] ++ jobs -p
[ 2877s] + exit 0
[ 2877s] Executing(%build): /bin/sh -e /var/tmp/rpm-tmp.5NErup
[ 2877s] + umask 022
[ 2877s] + cd /home/abuild/rpmbuild/BUILD
[ 2877s] + cd snapd-glib-1.43
[ 2877s] + CFLAGS='-O2 -g -pipe -Wall -Werror=format-security -Wp,-D_FORTIFY_SOURCE=2 -Wp,-D_GLIBCXX_ASSERTIONS -fstack-protector-strong -grecord-gcc-switches -specs=/usr/lib/rpm/generic-hardened-cc1 -fasynchronous-unwind-tables -fstack-clash-protection'
[ 2877s] + export CFLAGS
[ 2877s] + CXXFLAGS='-O2 -g -pipe -Wall -Werror=format-security -Wp,-D_FORTIFY_SOURCE=2 -Wp,-D_GLIBCXX_ASSERTIONS -fstack-protector-strong -grecord-gcc-switches -specs=/usr/lib/rpm/generic-hardened-cc1 -fasynchronous-unwind-tables -fstack-clash-protection -fexceptions'
[ 2877s] + export CXXFLAGS
[ 2877s] + FFLAGS='-O2 -g -pipe -Wall -Werror=format-security -Wp,-D_FORTIFY_SOURCE=2 -Wp,-D_GLIBCXX_ASSERTIONS -fstack-protector-strong -grecord-gcc-switches -specs=/usr/lib/rpm/generic-hardened-cc1 -fasynchronous-unwind-tables -fstack-clash-protection -fexceptions -I/usr/lib64/gfortran/modules'
[ 2877s] + export FFLAGS
[ 2877s] + FCFLAGS='-O2 -g -pipe -Wall -Werror=format-security -Wp,-D_FORTIFY_SOURCE=2 -Wp,-D_GLIBCXX_ASSERTIONS -fstack-protector-strong -grecord-gcc-switches -specs=/usr/lib/rpm/generic-hardened-cc1 -fasynchronous-unwind-tables -fstack-clash-protection -fexceptions -I/usr/lib64/gfortran/modules'
[ 2877s] + export FCFLAGS
[ 2877s] + LDFLAGS='-Wl,-z,relro   -Wl,-z,now -specs=/usr/lib/rpm/generic-hardened-ld'
[ 2877s] + export LDFLAGS
[ 2877s] + '[' 1 = 1 ']'
[ 2877s] +++ dirname ./configure
[ 2877s] ++ find . -name config.guess -o -name config.sub
[ 2877s] + for i in $(find $(dirname ./configure) -name config.guess -o -name config.sub)
[ 2877s] ++ basename ./config.guess
[ 2877s] + '[' -f /usr/lib/rpm/openEuler/config.guess ']'
[ 2877s] + /usr/bin/rm -f ./config.guess
[ 2877s] ++ basename ./config.guess
[ 2877s] + /usr/bin/cp -fv /usr/lib/rpm/openEuler/config.guess ./config.guess
[ 2877s] '/usr/lib/rpm/openEuler/config.guess' -> './config.guess'
[ 2877s] + for i in $(find $(dirname ./configure) -name config.guess -o -name config.sub)
[ 2877s] ++ basename ./config.sub
[ 2878s] + '[' -f /usr/lib/rpm/openEuler/config.sub ']'
[ 2878s] + /usr/bin/rm -f ./config.sub
[ 2878s] ++ basename ./config.sub
[ 2878s] + /usr/bin/cp -fv /usr/lib/rpm/openEuler/config.sub ./config.sub
[ 2878s] '/usr/lib/rpm/openEuler/config.sub' -> './config.sub'
[ 2878s] + '[' 1 = 1 ']'
[ 2878s] + '[' x '!=' 'x-Wl,-z,now -specs=/usr/lib/rpm/generic-hardened-ld' ']'
[ 2878s] ++ find . -name ltmain.sh
[ 2878s] + for i in $(find . -name ltmain.sh)
[ 2878s] + /usr/bin/sed -i.backup -e 's~compiler_flags=$~compiler_flags="-Wl,-z,now -specs=/usr/lib/rpm/generic-hardened-ld"~' ./ltmain.sh
[ 2878s] + ./configure --build=riscv64-openEuler-linux-gnu --host=riscv64-openEuler-linux-gnu --program-prefix= --disable-dependency-tracking --prefix=/usr --exec-prefix=/usr --bindir=/usr/bin --sbindir=/usr/sbin --sysconfdir=/etc --datadir=/usr/share --includedir=/usr/include --libdir=/usr/lib64 --libexecdir=/usr/libexec --localstatedir=/var --sharedstatedir=/var/lib --mandir=/usr/share/man --infodir=/usr/share/info --enable-gtk-doc --libexecdir=/usr/libexec/snapd --enable-snapd-qt --enable-qml-module
[ 2888s] checking for a BSD-compatible install... /usr/bin/install -c
[ 2888s] checking whether build environment is sane... yes
[ 2888s] checking for a thread-safe mkdir -p... /usr/bin/mkdir -p
[ 2888s] checking for gawk... gawk
[ 2889s] checking whether make sets $(MAKE)... yes
[ 2889s] checking whether make supports nested variables... yes
[ 2889s] checking whether make supports nested variables... (cached) yes
[ 2890s] checking for style of include used by make... GNU
[ 2890s] checking for riscv64-openEuler-linux-gnu-gcc... no
[ 2890s] checking for gcc... gcc
[ 2897s] checking whether the C compiler works... yes
[ 2897s] checking for C compiler default output file name... a.out
[ 2899s] checking for suffix of executables... 
[ 2903s] checking whether we are cross compiling... no
[ 2905s] checking for suffix of object files... o
[ 2906s] checking whether we are using the GNU C compiler... yes
[ 2908s] checking whether gcc accepts -g... yes
[ 2910s] checking for gcc option to accept ISO C89... none needed
[ 2912s] checking whether gcc understands -c and -o together... yes
[ 2912s] checking dependency style of gcc... none
[ 2912s] checking for riscv64-openEuler-linux-gnu-pkg-config... /usr/bin/riscv64-openEuler-linux-gnu-pkg-config
[ 2913s] checking pkg-config is at least version 0.16... yes
[ 2920s] checking for GLIB - version >= 2.0.0... yes (version 2.66.8)
[ 2920s] checking for riscv64-openEuler-linux-gnu-g++... no
[ 2920s] checking for riscv64-openEuler-linux-gnu-c++... no
[ 2920s] checking for riscv64-openEuler-linux-gnu-gpp... no
[ 2920s] checking for riscv64-openEuler-linux-gnu-aCC... no
[ 2920s] checking for riscv64-openEuler-linux-gnu-CC... no
[ 2920s] checking for riscv64-openEuler-linux-gnu-cxx... no
[ 2920s] checking for riscv64-openEuler-linux-gnu-cc++... no
[ 2920s] checking for riscv64-openEuler-linux-gnu-cl.exe... no
[ 2920s] checking for riscv64-openEuler-linux-gnu-FCC... no
[ 2920s] checking for riscv64-openEuler-linux-gnu-KCC... no
[ 2920s] checking for riscv64-openEuler-linux-gnu-RCC... no
[ 2920s] checking for riscv64-openEuler-linux-gnu-xlC_r... no
[ 2920s] checking for riscv64-openEuler-linux-gnu-xlC... no
[ 2920s] checking for g++... g++
[ 2927s] checking whether we are using the GNU C++ compiler... yes
[ 2929s] checking whether g++ accepts -g... yes
[ 2929s] checking dependency style of g++... none
[ 2930s] checking build system type... riscv64-openEuler-linux-gnu
[ 2931s] checking host system type... riscv64-openEuler-linux-gnu
[ 2931s] checking how to print strings... printf
[ 2931s] checking for a sed that does not truncate output... /usr/bin/sed
[ 2931s] checking for grep that handles long lines and -e... /usr/bin/grep
[ 2931s] checking for egrep... /usr/bin/grep -E
[ 2931s] checking for fgrep... /usr/bin/grep -F
[ 2932s] checking for ld used by gcc... /usr/bin/ld
[ 2932s] checking if the linker (/usr/bin/ld) is GNU ld... yes
[ 2933s] checking for BSD- or MS-compatible name lister (nm)... /usr/bin/nm -B
[ 2934s] checking the name lister (/usr/bin/nm -B) interface... BSD nm
[ 2934s] checking whether ln -s works... yes
[ 2935s] checking the maximum length of command line arguments... 1572864
[ 2935s] checking how to convert riscv64-openEuler-linux-gnu file names to riscv64-openEuler-linux-gnu format... func_convert_file_noop
[ 2935s] checking how to convert riscv64-openEuler-linux-gnu file names to toolchain format... func_convert_file_noop
[ 2935s] checking for /usr/bin/ld option to reload object files... -r
[ 2935s] checking for riscv64-openEuler-linux-gnu-objdump... no
[ 2935s] checking for objdump... objdump
[ 2935s] checking how to recognize dependent libraries... pass_all
[ 2935s] checking for riscv64-openEuler-linux-gnu-dlltool... no
[ 2935s] checking for dlltool... no
[ 2935s] checking how to associate runtime and link libraries... printf %s\n
[ 2935s] checking for riscv64-openEuler-linux-gnu-ar... no
[ 2935s] checking for ar... ar
[ 2938s] checking for archiver @FILE support... @
[ 2938s] checking for riscv64-openEuler-linux-gnu-strip... no
[ 2938s] checking for strip... strip
[ 2938s] checking for riscv64-openEuler-linux-gnu-ranlib... no
[ 2938s] checking for ranlib... ranlib
[ 2943s] checking command to parse /usr/bin/nm -B output from gcc object... ok
[ 2943s] checking for sysroot... no
[ 2944s] checking for a working dd... /usr/bin/dd
[ 2944s] checking how to truncate binary pipes... /usr/bin/dd bs=4096 count=1
[ 2944s] checking for riscv64-openEuler-linux-gnu-mt... no
[ 2944s] checking for mt... no
[ 2944s] checking if : is a manifest tool... no
[ 2947s] checking how to run the C preprocessor... gcc -E
[ 2958s] checking for ANSI C header files... yes
[ 2961s] checking for sys/types.h... yes
[ 2963s] checking for sys/stat.h... yes
[ 2966s] checking for stdlib.h... yes
[ 2969s] checking for string.h... yes
[ 2971s] checking for memory.h... yes
[ 2974s] checking for strings.h... yes
[ 2976s] checking for inttypes.h... yes
[ 2979s] checking for stdint.h... yes
[ 2982s] checking for unistd.h... yes
[ 2984s] checking for dlfcn.h... yes
[ 2985s] checking for objdir... .libs
[ 2990s] checking if gcc supports -fno-rtti -fno-exceptions... no
[ 2990s] checking for gcc option to produce PIC... -fPIC -DPIC
[ 2992s] checking if gcc PIC flag -fPIC -DPIC works... yes
[ 2997s] checking if gcc static flag -static works... yes
[ 2999s] checking if gcc supports -c -o file.o... yes
[ 2999s] checking if gcc supports -c -o file.o... (cached) yes
[ 3000s] checking whether the gcc linker (/usr/bin/ld) supports shared libraries... yes
[ 3003s] checking whether -lc should be explicitly linked in... no
[ 3009s] checking dynamic linker characteristics... GNU/Linux ld.so
[ 3009s] checking how to hardcode library paths into programs... immediate
[ 3009s] checking whether stripping libraries is possible... yes
[ 3009s] checking if libtool supports shared libraries... yes
[ 3009s] checking whether to build shared libraries... yes
[ 3009s] checking whether to build static libraries... no
[ 3013s] checking how to run the C++ preprocessor... g++ -E
[ 3022s] checking for ld used by g++... /usr/bin/ld
[ 3022s] checking if the linker (/usr/bin/ld) is GNU ld... yes
[ 3024s] checking whether the g++ linker (/usr/bin/ld) supports shared libraries... yes
[ 3029s] checking for g++ option to produce PIC... -fPIC -DPIC
[ 3032s] checking if g++ PIC flag -fPIC -DPIC works... yes
[ 3035s] checking if g++ static flag -static works... no
[ 3038s] checking if g++ supports -c -o file.o... yes
[ 3038s] checking if g++ supports -c -o file.o... (cached) yes
[ 3038s] checking whether the g++ linker (/usr/bin/ld) supports shared libraries... yes
[ 3038s] checking dynamic linker characteristics... (cached) GNU/Linux ld.so
[ 3038s] checking how to hardcode library paths into programs... immediate
[ 3039s] checking for SNAPD... yes
[ 3040s] checking for SNAPD_QT... yes
[ 3040s] checking for riscv64-openEuler-linux-gnu-moc-qt5... no
[ 3040s] checking for riscv64-openEuler-linux-gnu-moc... no
[ 3040s] checking for moc-qt5... moc-qt5
[ 3041s] checking for QML_MODULE... yes
[ 3041s] checking for gtk-doc... yes
[ 3041s] checking for gtkdoc-check... gtkdoc-check.test
[ 3041s] checking for gtkdoc-check... /usr/bin/gtkdoc-check
[ 3041s] checking for gtkdoc-rebase... /usr/bin/gtkdoc-rebase
[ 3041s] checking for gtkdoc-mkpdf... /usr/bin/gtkdoc-mkpdf
[ 3041s] checking whether to build gtk-doc documentation... yes
[ 3042s] checking for GTKDOC_DEPS... yes
[ 3043s] checking for gobject-introspection... yes
[ 3044s] checking for riscv64-openEuler-linux-gnu-pkg-config... (cached) /usr/bin/riscv64-openEuler-linux-gnu-pkg-config
[ 3044s] checking pkg-config is at least version 0.9.0... yes
[ 3045s] checking for vapigen... yes
[ 3047s] checking that generated files are newer than configure... done
[ 3047s] configure: creating ./config.status
[ 3085s] config.status: creating Makefile
[ 3086s] config.status: creating doc/Makefile
[ 3087s] config.status: creating doc/reference/Makefile
[ 3088s] config.status: creating doc/reference/version.xml
[ 3089s] config.status: creating snapd-glib/Makefile
[ 3091s] config.status: creating snapd-glib/snapd-glib.pc
[ 3092s] config.status: creating snapd-qt/Makefile
[ 3093s] config.status: creating snapd-qt/SnapdConfigVersion.cmake
[ 3095s] config.status: creating snapd-qt/snapd-qt.pc
[ 3096s] config.status: creating tests/Makefile
[ 3098s] config.status: creating config.h
[ 3098s] config.status: executing depfiles commands
[ 3098s] config.status: executing libtool commands
[ 3099s] 
[ 3099s]  Snapd-GLib - 1.43
[ 3099s] 
[ 3099s]   Prefix: /usr
[ 3099s] 
[ 3099s]   Compiler: gcc
[ 3099s]   Compiler flags: -Wall -O2 -g -pipe -Wall -Werror=format-security -Wp,-D_FORTIFY_SOURCE=2 -Wp,-D_GLIBCXX_ASSERTIONS -fstack-protector-strong -grecord-gcc-switches -specs=/usr/lib/rpm/generic-hardened-cc1 -fasynchronous-unwind-tables -fstack-clash-protection 
[ 3099s] 
[ 3099s]   API reference:            yes
[ 3099s]   GObject introspection:    yes
[ 3099s]   Vala bindings:            yes
[ 3099s]   snapd-qt:                 yes
[ 3099s]   QML module:               yes
[ 3099s] 
[ 3101s] + /usr/bin/make -O -j8 V=1 VERBOSE=1
[ 3101s] /usr/bin/make  all-recursive
[ 3102s] Making all in snapd-glib
[ 3106s] make[2]: Entering directory '/home/abuild/rpmbuild/BUILD/snapd-glib-1.43/snapd-glib'
[ 3106s] /usr/bin/glib-mkenums \
[ 3106s] 	--template ./snapd-enum-types.c.in \
[ 3106s] ./snapd-alias.h ./snapd-app.h ./snapd-assertion.h ./snapd-auth-data.h ./snapd-change.h ./snapd-channel.h ./snapd-client.h ./snapd-connection.h ./snapd-error.h ./snapd-icon.h ./snapd-login.h ./snapd-plug.h ./snapd-price.h ./snapd-screenshot.h ./snapd-slot.h ./snapd-snap.h ./snapd-system-information.h ./snapd-task.h ./snapd-user-information.h ./snapd-version.h > xgen-ec \
[ 3106s] && cp -f xgen-ec snapd-enum-types.c \
[ 3106s] && rm -f xgen-ec
[ 3106s] make[2]: Leaving directory '/home/abuild/rpmbuild/BUILD/snapd-glib-1.43/snapd-glib'
[ 3106s] make[2]: Entering directory '/home/abuild/rpmbuild/BUILD/snapd-glib-1.43/snapd-glib'
[ 3106s] /usr/bin/glib-mkenums \
[ 3106s] 	--template ./snapd-enum-types.h.in \
[ 3106s] ./snapd-alias.h ./snapd-app.h ./snapd-assertion.h ./snapd-auth-data.h ./snapd-change.h ./snapd-channel.h ./snapd-client.h ./snapd-connection.h ./snapd-error.h ./snapd-icon.h ./snapd-login.h ./snapd-plug.h ./snapd-price.h ./snapd-screenshot.h ./snapd-slot.h ./snapd-snap.h ./snapd-system-information.h ./snapd-task.h ./snapd-user-information.h ./snapd-version.h > xgen-eh \
[ 3106s] && (cmp -s xgen-eh snapd-enum-types.h || cp -f xgen-eh snapd-enum-types.h) \
[ 3106s] && rm -f xgen-eh \
[ 3106s] && echo timestamp > stamp-enum-types
[ 3106s] make[2]: Leaving directory '/home/abuild/rpmbuild/BUILD/snapd-glib-1.43/snapd-glib'
[ 3106s] /usr/bin/make  all-am
[ 3127s] make[3]: Entering directory '/home/abuild/rpmbuild/BUILD/snapd-glib-1.43/snapd-glib'
[ 3127s] /bin/sh ../libtool  --tag=CC   --mode=compile gcc -DHAVE_CONFIG_H -I. -I..  -DSNAPD_COMPILATION=1 -DG_LOG_DOMAIN=\"Snapd\" -I.. -I..   -I/usr/include/glib-2.0 -I/usr/lib64/glib-2.0/include -I/usr/include/libmount -I/usr/include/blkid -I/usr/include/gio-unix-2.0 -I/usr/include/libsoup-2.4 -I/usr/include/sysprof-4 -I/usr/include/libxml2 -I/usr/include/json-glib-1.0 -pthread  -Wall -O2 -g -pipe -Wall -Werror=format-security -Wp,-D_FORTIFY_SOURCE=2 -Wp,-D_GLIBCXX_ASSERTIONS -fstack-protector-strong -grecord-gcc-switches -specs=/usr/lib/rpm/generic-hardened-cc1 -fasynchronous-unwind-tables -fstack-clash-protection -c -o libsnapd_glib_la-snapd-get-buy-ready.lo `test -f 'requests/snapd-get-buy-ready.c' || echo './'`requests/snapd-get-buy-ready.c
[ 3127s] libtool: compile:  gcc -DHAVE_CONFIG_H -I. -I.. -DSNAPD_COMPILATION=1 -DG_LOG_DOMAIN=\"Snapd\" -I.. -I.. -I/usr/include/glib-2.0 -I/usr/lib64/glib-2.0/include -I/usr/include/libmount -I/usr/include/blkid -I/usr/include/gio-unix-2.0 -I/usr/include/libsoup-2.4 -I/usr/include/sysprof-4 -I/usr/include/libxml2 -I/usr/include/json-glib-1.0 -pthread -Wall -O2 -g -pipe -Wall -Werror=format-security -Wp,-D_FORTIFY_SOURCE=2 -Wp,-D_GLIBCXX_ASSERTIONS -fstack-protector-strong -grecord-gcc-switches -specs=/usr/lib/rpm/generic-hardened-cc1 -fasynchronous-unwind-tables -fstack-clash-protection -c requests/snapd-get-buy-ready.c  -fPIC -DPIC -o .libs/libsnapd_glib_la-snapd-get-buy-ready.o
[ 3127s] make[3]: Leaving directory '/home/abuild/rpmbuild/BUILD/snapd-glib-1.43/snapd-glib'
[ 3128s] make[3]: Entering directory '/home/abuild/rpmbuild/BUILD/snapd-glib-1.43/snapd-glib'
[ 3128s] /bin/sh ../libtool  --tag=CC   --mode=compile gcc -DHAVE_CONFIG_H -I. -I..  -DSNAPD_COMPILATION=1 -DG_LOG_DOMAIN=\"Snapd\" -I.. -I..   -I/usr/include/glib-2.0 -I/usr/lib64/glib-2.0/include -I/usr/include/libmount -I/usr/include/blkid -I/usr/include/gio-unix-2.0 -I/usr/include/libsoup-2.4 -I/usr/include/sysprof-4 -I/usr/include/libxml2 -I/usr/include/json-glib-1.0 -pthread  -Wall -O2 -g -pipe -Wall -Werror=format-security -Wp,-D_FORTIFY_SOURCE=2 -Wp,-D_GLIBCXX_ASSERTIONS -fstack-protector-strong -grecord-gcc-switches -specs=/usr/lib/rpm/generic-hardened-cc1 -fasynchronous-unwind-tables -fstack-clash-protection -c -o libsnapd_glib_la-snapd-get-apps.lo `test -f 'requests/snapd-get-apps.c' || echo './'`requests/snapd-get-apps.c
[ 3128s] libtool: compile:  gcc -DHAVE_CONFIG_H -I. -I.. -DSNAPD_COMPILATION=1 -DG_LOG_DOMAIN=\"Snapd\" -I.. -I.. -I/usr/include/glib-2.0 -I/usr/lib64/glib-2.0/include -I/usr/include/libmount -I/usr/include/blkid -I/usr/include/gio-unix-2.0 -I/usr/include/libsoup-2.4 -I/usr/include/sysprof-4 -I/usr/include/libxml2 -I/usr/include/json-glib-1.0 -pthread -Wall -O2 -g -pipe -Wall -Werror=format-security -Wp,-D_FORTIFY_SOURCE=2 -Wp,-D_GLIBCXX_ASSERTIONS -fstack-protector-strong -grecord-gcc-switches -specs=/usr/lib/rpm/generic-hardened-cc1 -fasynchronous-unwind-tables -fstack-clash-protection -c requests/snapd-get-apps.c  -fPIC -DPIC -o .libs/libsnapd_glib_la-snapd-get-apps.o
[ 3128s] make[3]: Leaving directory '/home/abuild/rpmbuild/BUILD/snapd-glib-1.43/snapd-glib'
[ 3128s] make[3]: Entering directory '/home/abuild/rpmbuild/BUILD/snapd-glib-1.43/snapd-glib'
[ 3128s] /bin/sh ../libtool  --tag=CC   --mode=compile gcc -DHAVE_CONFIG_H -I. -I..  -DSNAPD_COMPILATION=1 -DG_LOG_DOMAIN=\"Snapd\" -I.. -I..   -I/usr/include/glib-2.0 -I/usr/lib64/glib-2.0/include -I/usr/include/libmount -I/usr/include/blkid -I/usr/include/gio-unix-2.0 -I/usr/include/libsoup-2.4 -I/usr/include/sysprof-4 -I/usr/include/libxml2 -I/usr/include/json-glib-1.0 -pthread  -Wall -O2 -g -pipe -Wall -Werror=format-security -Wp,-D_FORTIFY_SOURCE=2 -Wp,-D_GLIBCXX_ASSERTIONS -fstack-protector-strong -grecord-gcc-switches -specs=/usr/lib/rpm/generic-hardened-cc1 -fasynchronous-unwind-tables -fstack-clash-protection -c -o libsnapd_glib_la-snapd-get-change.lo `test -f 'requests/snapd-get-change.c' || echo './'`requests/snapd-get-change.c
[ 3128s] libtool: compile:  gcc -DHAVE_CONFIG_H -I. -I.. -DSNAPD_COMPILATION=1 -DG_LOG_DOMAIN=\"Snapd\" -I.. -I.. -I/usr/include/glib-2.0 -I/usr/lib64/glib-2.0/include -I/usr/include/libmount -I/usr/include/blkid -I/usr/include/gio-unix-2.0 -I/usr/include/libsoup-2.4 -I/usr/include/sysprof-4 -I/usr/include/libxml2 -I/usr/include/json-glib-1.0 -pthread -Wall -O2 -g -pipe -Wall -Werror=format-security -Wp,-D_FORTIFY_SOURCE=2 -Wp,-D_GLIBCXX_ASSERTIONS -fstack-protector-strong -grecord-gcc-switches -specs=/usr/lib/rpm/generic-hardened-cc1 -fasynchronous-unwind-tables -fstack-clash-protection -c requests/snapd-get-change.c  -fPIC -DPIC -o .libs/libsnapd_glib_la-snapd-get-change.o
[ 3128s] make[3]: Leaving directory '/home/abuild/rpmbuild/BUILD/snapd-glib-1.43/snapd-glib'
[ 3128s] make[3]: Entering directory '/home/abuild/rpmbuild/BUILD/snapd-glib-1.43/snapd-glib'
[ 3128s] /bin/sh ../libtool  --tag=CC   --mode=compile gcc -DHAVE_CONFIG_H -I. -I..  -DSNAPD_COMPILATION=1 -DG_LOG_DOMAIN=\"Snapd\" -I.. -I..   -I/usr/include/glib-2.0 -I/usr/lib64/glib-2.0/include -I/usr/include/libmount -I/usr/include/blkid -I/usr/include/gio-unix-2.0 -I/usr/include/libsoup-2.4 -I/usr/include/sysprof-4 -I/usr/include/libxml2 -I/usr/include/json-glib-1.0 -pthread  -Wall -O2 -g -pipe -Wall -Werror=format-security -Wp,-D_FORTIFY_SOURCE=2 -Wp,-D_GLIBCXX_ASSERTIONS -fstack-protector-strong -grecord-gcc-switches -specs=/usr/lib/rpm/generic-hardened-cc1 -fasynchronous-unwind-tables -fstack-clash-protection -c -o libsnapd_glib_la-snapd-get-assertions.lo `test -f 'requests/snapd-get-assertions.c' || echo './'`requests/snapd-get-assertions.c
[ 3128s] libtool: compile:  gcc -DHAVE_CONFIG_H -I. -I.. -DSNAPD_COMPILATION=1 -DG_LOG_DOMAIN=\"Snapd\" -I.. -I.. -I/usr/include/glib-2.0 -I/usr/lib64/glib-2.0/include -I/usr/include/libmount -I/usr/include/blkid -I/usr/include/gio-unix-2.0 -I/usr/include/libsoup-2.4 -I/usr/include/sysprof-4 -I/usr/include/libxml2 -I/usr/include/json-glib-1.0 -pthread -Wall -O2 -g -pipe -Wall -Werror=format-security -Wp,-D_FORTIFY_SOURCE=2 -Wp,-D_GLIBCXX_ASSERTIONS -fstack-protector-strong -grecord-gcc-switches -specs=/usr/lib/rpm/generic-hardened-cc1 -fasynchronous-unwind-tables -fstack-clash-protection -c requests/snapd-get-assertions.c  -fPIC -DPIC -o .libs/libsnapd_glib_la-snapd-get-assertions.o
[ 3128s] make[3]: Leaving directory '/home/abuild/rpmbuild/BUILD/snapd-glib-1.43/snapd-glib'
[ 3129s] make[3]: Entering directory '/home/abuild/rpmbuild/BUILD/snapd-glib-1.43/snapd-glib'
[ 3129s] /bin/sh ../libtool  --tag=CC   --mode=compile gcc -DHAVE_CONFIG_H -I. -I..  -DSNAPD_COMPILATION=1 -DG_LOG_DOMAIN=\"Snapd\" -I.. -I..   -I/usr/include/glib-2.0 -I/usr/lib64/glib-2.0/include -I/usr/include/libmount -I/usr/include/blkid -I/usr/include/gio-unix-2.0 -I/usr/include/libsoup-2.4 -I/usr/include/sysprof-4 -I/usr/include/libxml2 -I/usr/include/json-glib-1.0 -pthread  -Wall -O2 -g -pipe -Wall -Werror=format-security -Wp,-D_FORTIFY_SOURCE=2 -Wp,-D_GLIBCXX_ASSERTIONS -fstack-protector-strong -grecord-gcc-switches -specs=/usr/lib/rpm/generic-hardened-cc1 -fasynchronous-unwind-tables -fstack-clash-protection -c -o libsnapd_glib_la-snapd-get-changes.lo `test -f 'requests/snapd-get-changes.c' || echo './'`requests/snapd-get-changes.c
[ 3129s] libtool: compile:  gcc -DHAVE_CONFIG_H -I. -I.. -DSNAPD_COMPILATION=1 -DG_LOG_DOMAIN=\"Snapd\" -I.. -I.. -I/usr/include/glib-2.0 -I/usr/lib64/glib-2.0/include -I/usr/include/libmount -I/usr/include/blkid -I/usr/include/gio-unix-2.0 -I/usr/include/libsoup-2.4 -I/usr/include/sysprof-4 -I/usr/include/libxml2 -I/usr/include/json-glib-1.0 -pthread -Wall -O2 -g -pipe -Wall -Werror=format-security -Wp,-D_FORTIFY_SOURCE=2 -Wp,-D_GLIBCXX_ASSERTIONS -fstack-protector-strong -grecord-gcc-switches -specs=/usr/lib/rpm/generic-hardened-cc1 -fasynchronous-unwind-tables -fstack-clash-protection -c requests/snapd-get-changes.c  -fPIC -DPIC -o .libs/libsnapd_glib_la-snapd-get-changes.o
[ 3129s] make[3]: Leaving directory '/home/abuild/rpmbuild/BUILD/snapd-glib-1.43/snapd-glib'
[ 3129s] make[3]: Entering directory '/home/abuild/rpmbuild/BUILD/snapd-glib-1.43/snapd-glib'
[ 3129s] /bin/sh ../libtool  --tag=CC   --mode=compile gcc -DHAVE_CONFIG_H -I. -I..  -DSNAPD_COMPILATION=1 -DG_LOG_DOMAIN=\"Snapd\" -I.. -I..   -I/usr/include/glib-2.0 -I/usr/lib64/glib-2.0/include -I/usr/include/libmount -I/usr/include/blkid -I/usr/include/gio-unix-2.0 -I/usr/include/libsoup-2.4 -I/usr/include/sysprof-4 -I/usr/include/libxml2 -I/usr/include/json-glib-1.0 -pthread  -Wall -O2 -g -pipe -Wall -Werror=format-security -Wp,-D_FORTIFY_SOURCE=2 -Wp,-D_GLIBCXX_ASSERTIONS -fstack-protector-strong -grecord-gcc-switches -specs=/usr/lib/rpm/generic-hardened-cc1 -fasynchronous-unwind-tables -fstack-clash-protection -c -o libsnapd_glib_la-snapd-get-find.lo `test -f 'requests/snapd-get-find.c' || echo './'`requests/snapd-get-find.c
[ 3129s] libtool: compile:  gcc -DHAVE_CONFIG_H -I. -I.. -DSNAPD_COMPILATION=1 -DG_LOG_DOMAIN=\"Snapd\" -I.. -I.. -I/usr/include/glib-2.0 -I/usr/lib64/glib-2.0/include -I/usr/include/libmount -I/usr/include/blkid -I/usr/include/gio-unix-2.0 -I/usr/include/libsoup-2.4 -I/usr/include/sysprof-4 -I/usr/include/libxml2 -I/usr/include/json-glib-1.0 -pthread -Wall -O2 -g -pipe -Wall -Werror=format-security -Wp,-D_FORTIFY_SOURCE=2 -Wp,-D_GLIBCXX_ASSERTIONS -fstack-protector-strong -grecord-gcc-switches -specs=/usr/lib/rpm/generic-hardened-cc1 -fasynchronous-unwind-tables -fstack-clash-protection -c requests/snapd-get-find.c  -fPIC -DPIC -o .libs/libsnapd_glib_la-snapd-get-find.o
[ 3129s] make[3]: Leaving directory '/home/abuild/rpmbuild/BUILD/snapd-glib-1.43/snapd-glib'
[ 3129s] make[3]: Entering directory '/home/abuild/rpmbuild/BUILD/snapd-glib-1.43/snapd-glib'
[ 3129s] /bin/sh ../libtool  --tag=CC   --mode=compile gcc -DHAVE_CONFIG_H -I. -I..  -DSNAPD_COMPILATION=1 -DG_LOG_DOMAIN=\"Snapd\" -I.. -I..   -I/usr/include/glib-2.0 -I/usr/lib64/glib-2.0/include -I/usr/include/libmount -I/usr/include/blkid -I/usr/include/gio-unix-2.0 -I/usr/include/libsoup-2.4 -I/usr/include/sysprof-4 -I/usr/include/libxml2 -I/usr/include/json-glib-1.0 -pthread  -Wall -O2 -g -pipe -Wall -Werror=format-security -Wp,-D_FORTIFY_SOURCE=2 -Wp,-D_GLIBCXX_ASSERTIONS -fstack-protector-strong -grecord-gcc-switches -specs=/usr/lib/rpm/generic-hardened-cc1 -fasynchronous-unwind-tables -fstack-clash-protection -c -o libsnapd_glib_la-snapd-get-aliases.lo `test -f 'requests/snapd-get-aliases.c' || echo './'`requests/snapd-get-aliases.c
[ 3129s] libtool: compile:  gcc -DHAVE_CONFIG_H -I. -I.. -DSNAPD_COMPILATION=1 -DG_LOG_DOMAIN=\"Snapd\" -I.. -I.. -I/usr/include/glib-2.0 -I/usr/lib64/glib-2.0/include -I/usr/include/libmount -I/usr/include/blkid -I/usr/include/gio-unix-2.0 -I/usr/include/libsoup-2.4 -I/usr/include/sysprof-4 -I/usr/include/libxml2 -I/usr/include/json-glib-1.0 -pthread -Wall -O2 -g -pipe -Wall -Werror=format-security -Wp,-D_FORTIFY_SOURCE=2 -Wp,-D_GLIBCXX_ASSERTIONS -fstack-protector-strong -grecord-gcc-switches -specs=/usr/lib/rpm/generic-hardened-cc1 -fasynchronous-unwind-tables -fstack-clash-protection -c requests/snapd-get-aliases.c  -fPIC -DPIC -o .libs/libsnapd_glib_la-snapd-get-aliases.o
[ 3129s] make[3]: Leaving directory '/home/abuild/rpmbuild/BUILD/snapd-glib-1.43/snapd-glib'
[ 3135s] make[3]: Entering directory '/home/abuild/rpmbuild/BUILD/snapd-glib-1.43/snapd-glib'
[ 3135s] /bin/sh ../libtool  --tag=CC   --mode=compile gcc -DHAVE_CONFIG_H -I. -I..  -DSNAPD_COMPILATION=1 -DG_LOG_DOMAIN=\"Snapd\" -I.. -I..   -I/usr/include/glib-2.0 -I/usr/lib64/glib-2.0/include -I/usr/include/libmount -I/usr/include/blkid -I/usr/include/gio-unix-2.0 -I/usr/include/libsoup-2.4 -I/usr/include/sysprof-4 -I/usr/include/libxml2 -I/usr/include/json-glib-1.0 -pthread  -Wall -O2 -g -pipe -Wall -Werror=format-security -Wp,-D_FORTIFY_SOURCE=2 -Wp,-D_GLIBCXX_ASSERTIONS -fstack-protector-strong -grecord-gcc-switches -specs=/usr/lib/rpm/generic-hardened-cc1 -fasynchronous-unwind-tables -fstack-clash-protection -c -o libsnapd_glib_la-snapd-json.lo `test -f 'snapd-json.c' || echo './'`snapd-json.c
[ 3135s] libtool: compile:  gcc -DHAVE_CONFIG_H -I. -I.. -DSNAPD_COMPILATION=1 -DG_LOG_DOMAIN=\"Snapd\" -I.. -I.. -I/usr/include/glib-2.0 -I/usr/lib64/glib-2.0/include -I/usr/include/libmount -I/usr/include/blkid -I/usr/include/gio-unix-2.0 -I/usr/include/libsoup-2.4 -I/usr/include/sysprof-4 -I/usr/include/libxml2 -I/usr/include/json-glib-1.0 -pthread -Wall -O2 -g -pipe -Wall -Werror=format-security -Wp,-D_FORTIFY_SOURCE=2 -Wp,-D_GLIBCXX_ASSERTIONS -fstack-protector-strong -grecord-gcc-switches -specs=/usr/lib/rpm/generic-hardened-cc1 -fasynchronous-unwind-tables -fstack-clash-protection -c snapd-json.c  -fPIC -DPIC -o .libs/libsnapd_glib_la-snapd-json.o
[ 3135s] make[3]: Leaving directory '/home/abuild/rpmbuild/BUILD/snapd-glib-1.43/snapd-glib'
[ 3147s] make[3]: Entering directory '/home/abuild/rpmbuild/BUILD/snapd-glib-1.43/snapd-glib'
[ 3147s] /bin/sh ../libtool  --tag=CC   --mode=compile gcc -DHAVE_CONFIG_H -I. -I..  -DSNAPD_COMPILATION=1 -DG_LOG_DOMAIN=\"Snapd\" -I.. -I..   -I/usr/include/glib-2.0 -I/usr/lib64/glib-2.0/include -I/usr/include/libmount -I/usr/include/blkid -I/usr/include/gio-unix-2.0 -I/usr/include/libsoup-2.4 -I/usr/include/sysprof-4 -I/usr/include/libxml2 -I/usr/include/json-glib-1.0 -pthread  -Wall -O2 -g -pipe -Wall -Werror=format-security -Wp,-D_FORTIFY_SOURCE=2 -Wp,-D_GLIBCXX_ASSERTIONS -fstack-protector-strong -grecord-gcc-switches -specs=/usr/lib/rpm/generic-hardened-cc1 -fasynchronous-unwind-tables -fstack-clash-protection -c -o libsnapd_glib_la-snapd-get-icon.lo `test -f 'requests/snapd-get-icon.c' || echo './'`requests/snapd-get-icon.c
[ 3147s] libtool: compile:  gcc -DHAVE_CONFIG_H -I. -I.. -DSNAPD_COMPILATION=1 -DG_LOG_DOMAIN=\"Snapd\" -I.. -I.. -I/usr/include/glib-2.0 -I/usr/lib64/glib-2.0/include -I/usr/include/libmount -I/usr/include/blkid -I/usr/include/gio-unix-2.0 -I/usr/include/libsoup-2.4 -I/usr/include/sysprof-4 -I/usr/include/libxml2 -I/usr/include/json-glib-1.0 -pthread -Wall -O2 -g -pipe -Wall -Werror=format-security -Wp,-D_FORTIFY_SOURCE=2 -Wp,-D_GLIBCXX_ASSERTIONS -fstack-protector-strong -grecord-gcc-switches -specs=/usr/lib/rpm/generic-hardened-cc1 -fasynchronous-unwind-tables -fstack-clash-protection -c requests/snapd-get-icon.c  -fPIC -DPIC -o .libs/libsnapd_glib_la-snapd-get-icon.o
[ 3147s] make[3]: Leaving directory '/home/abuild/rpmbuild/BUILD/snapd-glib-1.43/snapd-glib'
[ 3147s] make[3]: Entering directory '/home/abuild/rpmbuild/BUILD/snapd-glib-1.43/snapd-glib'
[ 3147s] /bin/sh ../libtool  --tag=CC   --mode=compile gcc -DHAVE_CONFIG_H -I. -I..  -DSNAPD_COMPILATION=1 -DG_LOG_DOMAIN=\"Snapd\" -I.. -I..   -I/usr/include/glib-2.0 -I/usr/lib64/glib-2.0/include -I/usr/include/libmount -I/usr/include/blkid -I/usr/include/gio-unix-2.0 -I/usr/include/libsoup-2.4 -I/usr/include/sysprof-4 -I/usr/include/libxml2 -I/usr/include/json-glib-1.0 -pthread  -Wall -O2 -g -pipe -Wall -Werror=format-security -Wp,-D_FORTIFY_SOURCE=2 -Wp,-D_GLIBCXX_ASSERTIONS -fstack-protector-strong -grecord-gcc-switches -specs=/usr/lib/rpm/generic-hardened-cc1 -fasynchronous-unwind-tables -fstack-clash-protection -c -o libsnapd_glib_la-snapd-get-sections.lo `test -f 'requests/snapd-get-sections.c' || echo './'`requests/snapd-get-sections.c
[ 3147s] libtool: compile:  gcc -DHAVE_CONFIG_H -I. -I.. -DSNAPD_COMPILATION=1 -DG_LOG_DOMAIN=\"Snapd\" -I.. -I.. -I/usr/include/glib-2.0 -I/usr/lib64/glib-2.0/include -I/usr/include/libmount -I/usr/include/blkid -I/usr/include/gio-unix-2.0 -I/usr/include/libsoup-2.4 -I/usr/include/sysprof-4 -I/usr/include/libxml2 -I/usr/include/json-glib-1.0 -pthread -Wall -O2 -g -pipe -Wall -Werror=format-security -Wp,-D_FORTIFY_SOURCE=2 -Wp,-D_GLIBCXX_ASSERTIONS -fstack-protector-strong -grecord-gcc-switches -specs=/usr/lib/rpm/generic-hardened-cc1 -fasynchronous-unwind-tables -fstack-clash-protection -c requests/snapd-get-sections.c  -fPIC -DPIC -o .libs/libsnapd_glib_la-snapd-get-sections.o
[ 3147s] make[3]: Leaving directory '/home/abuild/rpmbuild/BUILD/snapd-glib-1.43/snapd-glib'
[ 3147s] make[3]: Entering directory '/home/abuild/rpmbuild/BUILD/snapd-glib-1.43/snapd-glib'
[ 3147s] /bin/sh ../libtool  --tag=CC   --mode=compile gcc -DHAVE_CONFIG_H -I. -I..  -DSNAPD_COMPILATION=1 -DG_LOG_DOMAIN=\"Snapd\" -I.. -I..   -I/usr/include/glib-2.0 -I/usr/lib64/glib-2.0/include -I/usr/include/libmount -I/usr/include/blkid -I/usr/include/gio-unix-2.0 -I/usr/include/libsoup-2.4 -I/usr/include/sysprof-4 -I/usr/include/libxml2 -I/usr/include/json-glib-1.0 -pthread  -Wall -O2 -g -pipe -Wall -Werror=format-security -Wp,-D_FORTIFY_SOURCE=2 -Wp,-D_GLIBCXX_ASSERTIONS -fstack-protector-strong -grecord-gcc-switches -specs=/usr/lib/rpm/generic-hardened-cc1 -fasynchronous-unwind-tables -fstack-clash-protection -c -o libsnapd_glib_la-snapd-get-snap.lo `test -f 'requests/snapd-get-snap.c' || echo './'`requests/snapd-get-snap.c
[ 3147s] libtool: compile:  gcc -DHAVE_CONFIG_H -I. -I.. -DSNAPD_COMPILATION=1 -DG_LOG_DOMAIN=\"Snapd\" -I.. -I.. -I/usr/include/glib-2.0 -I/usr/lib64/glib-2.0/include -I/usr/include/libmount -I/usr/include/blkid -I/usr/include/gio-unix-2.0 -I/usr/include/libsoup-2.4 -I/usr/include/sysprof-4 -I/usr/include/libxml2 -I/usr/include/json-glib-1.0 -pthread -Wall -O2 -g -pipe -Wall -Werror=format-security -Wp,-D_FORTIFY_SOURCE=2 -Wp,-D_GLIBCXX_ASSERTIONS -fstack-protector-strong -grecord-gcc-switches -specs=/usr/lib/rpm/generic-hardened-cc1 -fasynchronous-unwind-tables -fstack-clash-protection -c requests/snapd-get-snap.c  -fPIC -DPIC -o .libs/libsnapd_glib_la-snapd-get-snap.o
[ 3147s] make[3]: Leaving directory '/home/abuild/rpmbuild/BUILD/snapd-glib-1.43/snapd-glib'
[ 3149s] make[3]: Entering directory '/home/abuild/rpmbuild/BUILD/snapd-glib-1.43/snapd-glib'
[ 3149s] /bin/sh ../libtool  --tag=CC   --mode=compile gcc -DHAVE_CONFIG_H -I. -I..  -DSNAPD_COMPILATION=1 -DG_LOG_DOMAIN=\"Snapd\" -I.. -I..   -I/usr/include/glib-2.0 -I/usr/lib64/glib-2.0/include -I/usr/include/libmount -I/usr/include/blkid -I/usr/include/gio-unix-2.0 -I/usr/include/libsoup-2.4 -I/usr/include/sysprof-4 -I/usr/include/libxml2 -I/usr/include/json-glib-1.0 -pthread  -Wall -O2 -g -pipe -Wall -Werror=format-security -Wp,-D_FORTIFY_SOURCE=2 -Wp,-D_GLIBCXX_ASSERTIONS -fstack-protector-strong -grecord-gcc-switches -specs=/usr/lib/rpm/generic-hardened-cc1 -fasynchronous-unwind-tables -fstack-clash-protection -c -o libsnapd_glib_la-snapd-get-system-info.lo `test -f 'requests/snapd-get-system-info.c' || echo './'`requests/snapd-get-system-info.c
[ 3149s] libtool: compile:  gcc -DHAVE_CONFIG_H -I. -I.. -DSNAPD_COMPILATION=1 -DG_LOG_DOMAIN=\"Snapd\" -I.. -I.. -I/usr/include/glib-2.0 -I/usr/lib64/glib-2.0/include -I/usr/include/libmount -I/usr/include/blkid -I/usr/include/gio-unix-2.0 -I/usr/include/libsoup-2.4 -I/usr/include/sysprof-4 -I/usr/include/libxml2 -I/usr/include/json-glib-1.0 -pthread -Wall -O2 -g -pipe -Wall -Werror=format-security -Wp,-D_FORTIFY_SOURCE=2 -Wp,-D_GLIBCXX_ASSERTIONS -fstack-protector-strong -grecord-gcc-switches -specs=/usr/lib/rpm/generic-hardened-cc1 -fasynchronous-unwind-tables -fstack-clash-protection -c requests/snapd-get-system-info.c  -fPIC -DPIC -o .libs/libsnapd_glib_la-snapd-get-system-info.o
[ 3149s] make[3]: Leaving directory '/home/abuild/rpmbuild/BUILD/snapd-glib-1.43/snapd-glib'
[ 3149s] make[3]: Entering directory '/home/abuild/rpmbuild/BUILD/snapd-glib-1.43/snapd-glib'
[ 3149s] /bin/sh ../libtool  --tag=CC   --mode=compile gcc -DHAVE_CONFIG_H -I. -I..  -DSNAPD_COMPILATION=1 -DG_LOG_DOMAIN=\"Snapd\" -I.. -I..   -I/usr/include/glib-2.0 -I/usr/lib64/glib-2.0/include -I/usr/include/libmount -I/usr/include/blkid -I/usr/include/gio-unix-2.0 -I/usr/include/libsoup-2.4 -I/usr/include/sysprof-4 -I/usr/include/libxml2 -I/usr/include/json-glib-1.0 -pthread  -Wall -O2 -g -pipe -Wall -Werror=format-security -Wp,-D_FORTIFY_SOURCE=2 -Wp,-D_GLIBCXX_ASSERTIONS -fstack-protector-strong -grecord-gcc-switches -specs=/usr/lib/rpm/generic-hardened-cc1 -fasynchronous-unwind-tables -fstack-clash-protection -c -o libsnapd_glib_la-snapd-get-users.lo `test -f 'requests/snapd-get-users.c' || echo './'`requests/snapd-get-users.c
[ 3149s] libtool: compile:  gcc -DHAVE_CONFIG_H -I. -I.. -DSNAPD_COMPILATION=1 -DG_LOG_DOMAIN=\"Snapd\" -I.. -I.. -I/usr/include/glib-2.0 -I/usr/lib64/glib-2.0/include -I/usr/include/libmount -I/usr/include/blkid -I/usr/include/gio-unix-2.0 -I/usr/include/libsoup-2.4 -I/usr/include/sysprof-4 -I/usr/include/libxml2 -I/usr/include/json-glib-1.0 -pthread -Wall -O2 -g -pipe -Wall -Werror=format-security -Wp,-D_FORTIFY_SOURCE=2 -Wp,-D_GLIBCXX_ASSERTIONS -fstack-protector-strong -grecord-gcc-switches -specs=/usr/lib/rpm/generic-hardened-cc1 -fasynchronous-unwind-tables -fstack-clash-protection -c requests/snapd-get-users.c  -fPIC -DPIC -o .libs/libsnapd_glib_la-snapd-get-users.o
[ 3149s] make[3]: Leaving directory '/home/abuild/rpmbuild/BUILD/snapd-glib-1.43/snapd-glib'
[ 3150s] make[3]: Entering directory '/home/abuild/rpmbuild/BUILD/snapd-glib-1.43/snapd-glib'
[ 3150s] /bin/sh ../libtool  --tag=CC   --mode=compile gcc -DHAVE_CONFIG_H -I. -I..  -DSNAPD_COMPILATION=1 -DG_LOG_DOMAIN=\"Snapd\" -I.. -I..   -I/usr/include/glib-2.0 -I/usr/lib64/glib-2.0/include -I/usr/include/libmount -I/usr/include/blkid -I/usr/include/gio-unix-2.0 -I/usr/include/libsoup-2.4 -I/usr/include/sysprof-4 -I/usr/include/libxml2 -I/usr/include/json-glib-1.0 -pthread  -Wall -O2 -g -pipe -Wall -Werror=format-security -Wp,-D_FORTIFY_SOURCE=2 -Wp,-D_GLIBCXX_ASSERTIONS -fstack-protector-strong -grecord-gcc-switches -specs=/usr/lib/rpm/generic-hardened-cc1 -fasynchronous-unwind-tables -fstack-clash-protection -c -o libsnapd_glib_la-snapd-get-snaps.lo `test -f 'requests/snapd-get-snaps.c' || echo './'`requests/snapd-get-snaps.c
[ 3150s] libtool: compile:  gcc -DHAVE_CONFIG_H -I. -I.. -DSNAPD_COMPILATION=1 -DG_LOG_DOMAIN=\"Snapd\" -I.. -I.. -I/usr/include/glib-2.0 -I/usr/lib64/glib-2.0/include -I/usr/include/libmount -I/usr/include/blkid -I/usr/include/gio-unix-2.0 -I/usr/include/libsoup-2.4 -I/usr/include/sysprof-4 -I/usr/include/libxml2 -I/usr/include/json-glib-1.0 -pthread -Wall -O2 -g -pipe -Wall -Werror=format-security -Wp,-D_FORTIFY_SOURCE=2 -Wp,-D_GLIBCXX_ASSERTIONS -fstack-protector-strong -grecord-gcc-switches -specs=/usr/lib/rpm/generic-hardened-cc1 -fasynchronous-unwind-tables -fstack-clash-protection -c requests/snapd-get-snaps.c  -fPIC -DPIC -o .libs/libsnapd_glib_la-snapd-get-snaps.o
[ 3150s] make[3]: Leaving directory '/home/abuild/rpmbuild/BUILD/snapd-glib-1.43/snapd-glib'
[ 3151s] make[3]: Entering directory '/home/abuild/rpmbuild/BUILD/snapd-glib-1.43/snapd-glib'
[ 3151s] /bin/sh ../libtool  --tag=CC   --mode=compile gcc -DHAVE_CONFIG_H -I. -I..  -DSNAPD_COMPILATION=1 -DG_LOG_DOMAIN=\"Snapd\" -I.. -I..   -I/usr/include/glib-2.0 -I/usr/lib64/glib-2.0/include -I/usr/include/libmount -I/usr/include/blkid -I/usr/include/gio-unix-2.0 -I/usr/include/libsoup-2.4 -I/usr/include/sysprof-4 -I/usr/include/libxml2 -I/usr/include/json-glib-1.0 -pthread  -Wall -O2 -g -pipe -Wall -Werror=format-security -Wp,-D_FORTIFY_SOURCE=2 -Wp,-D_GLIBCXX_ASSERTIONS -fstack-protector-strong -grecord-gcc-switches -specs=/usr/lib/rpm/generic-hardened-cc1 -fasynchronous-unwind-tables -fstack-clash-protection -c -o libsnapd_glib_la-snapd-get-interfaces.lo `test -f 'requests/snapd-get-interfaces.c' || echo './'`requests/snapd-get-interfaces.c
[ 3151s] libtool: compile:  gcc -DHAVE_CONFIG_H -I. -I.. -DSNAPD_COMPILATION=1 -DG_LOG_DOMAIN=\"Snapd\" -I.. -I.. -I/usr/include/glib-2.0 -I/usr/lib64/glib-2.0/include -I/usr/include/libmount -I/usr/include/blkid -I/usr/include/gio-unix-2.0 -I/usr/include/libsoup-2.4 -I/usr/include/sysprof-4 -I/usr/include/libxml2 -I/usr/include/json-glib-1.0 -pthread -Wall -O2 -g -pipe -Wall -Werror=format-security -Wp,-D_FORTIFY_SOURCE=2 -Wp,-D_GLIBCXX_ASSERTIONS -fstack-protector-strong -grecord-gcc-switches -specs=/usr/lib/rpm/generic-hardened-cc1 -fasynchronous-unwind-tables -fstack-clash-protection -c requests/snapd-get-interfaces.c  -fPIC -DPIC -o .libs/libsnapd_glib_la-snapd-get-interfaces.o
[ 3151s] make[3]: Leaving directory '/home/abuild/rpmbuild/BUILD/snapd-glib-1.43/snapd-glib'
[ 3156s] make[3]: Entering directory '/home/abuild/rpmbuild/BUILD/snapd-glib-1.43/snapd-glib'
[ 3156s] /bin/sh ../libtool  --tag=CC   --mode=compile gcc -DHAVE_CONFIG_H -I. -I..  -DSNAPD_COMPILATION=1 -DG_LOG_DOMAIN=\"Snapd\" -I.. -I..   -I/usr/include/glib-2.0 -I/usr/lib64/glib-2.0/include -I/usr/include/libmount -I/usr/include/blkid -I/usr/include/gio-unix-2.0 -I/usr/include/libsoup-2.4 -I/usr/include/sysprof-4 -I/usr/include/libxml2 -I/usr/include/json-glib-1.0 -pthread  -Wall -O2 -g -pipe -Wall -Werror=format-security -Wp,-D_FORTIFY_SOURCE=2 -Wp,-D_GLIBCXX_ASSERTIONS -fstack-protector-strong -grecord-gcc-switches -specs=/usr/lib/rpm/generic-hardened-cc1 -fasynchronous-unwind-tables -fstack-clash-protection -c -o libsnapd_glib_la-snapd-post-aliases.lo `test -f 'requests/snapd-post-aliases.c' || echo './'`requests/snapd-post-aliases.c
[ 3156s] libtool: compile:  gcc -DHAVE_CONFIG_H -I. -I.. -DSNAPD_COMPILATION=1 -DG_LOG_DOMAIN=\"Snapd\" -I.. -I.. -I/usr/include/glib-2.0 -I/usr/lib64/glib-2.0/include -I/usr/include/libmount -I/usr/include/blkid -I/usr/include/gio-unix-2.0 -I/usr/include/libsoup-2.4 -I/usr/include/sysprof-4 -I/usr/include/libxml2 -I/usr/include/json-glib-1.0 -pthread -Wall -O2 -g -pipe -Wall -Werror=format-security -Wp,-D_FORTIFY_SOURCE=2 -Wp,-D_GLIBCXX_ASSERTIONS -fstack-protector-strong -grecord-gcc-switches -specs=/usr/lib/rpm/generic-hardened-cc1 -fasynchronous-unwind-tables -fstack-clash-protection -c requests/snapd-post-aliases.c  -fPIC -DPIC -o .libs/libsnapd_glib_la-snapd-post-aliases.o
[ 3156s] make[3]: Leaving directory '/home/abuild/rpmbuild/BUILD/snapd-glib-1.43/snapd-glib'
[ 3168s] make[3]: Entering directory '/home/abuild/rpmbuild/BUILD/snapd-glib-1.43/snapd-glib'
[ 3168s] /bin/sh ../libtool  --tag=CC   --mode=compile gcc -DHAVE_CONFIG_H -I. -I..  -DSNAPD_COMPILATION=1 -DG_LOG_DOMAIN=\"Snapd\" -I.. -I..   -I/usr/include/glib-2.0 -I/usr/lib64/glib-2.0/include -I/usr/include/libmount -I/usr/include/blkid -I/usr/include/gio-unix-2.0 -I/usr/include/libsoup-2.4 -I/usr/include/sysprof-4 -I/usr/include/libxml2 -I/usr/include/json-glib-1.0 -pthread  -Wall -O2 -g -pipe -Wall -Werror=format-security -Wp,-D_FORTIFY_SOURCE=2 -Wp,-D_GLIBCXX_ASSERTIONS -fstack-protector-strong -grecord-gcc-switches -specs=/usr/lib/rpm/generic-hardened-cc1 -fasynchronous-unwind-tables -fstack-clash-protection -c -o libsnapd_glib_la-snapd-post-buy.lo `test -f 'requests/snapd-post-buy.c' || echo './'`requests/snapd-post-buy.c
[ 3168s] libtool: compile:  gcc -DHAVE_CONFIG_H -I. -I.. -DSNAPD_COMPILATION=1 -DG_LOG_DOMAIN=\"Snapd\" -I.. -I.. -I/usr/include/glib-2.0 -I/usr/lib64/glib-2.0/include -I/usr/include/libmount -I/usr/include/blkid -I/usr/include/gio-unix-2.0 -I/usr/include/libsoup-2.4 -I/usr/include/sysprof-4 -I/usr/include/libxml2 -I/usr/include/json-glib-1.0 -pthread -Wall -O2 -g -pipe -Wall -Werror=format-security -Wp,-D_FORTIFY_SOURCE=2 -Wp,-D_GLIBCXX_ASSERTIONS -fstack-protector-strong -grecord-gcc-switches -specs=/usr/lib/rpm/generic-hardened-cc1 -fasynchronous-unwind-tables -fstack-clash-protection -c requests/snapd-post-buy.c  -fPIC -DPIC -o .libs/libsnapd_glib_la-snapd-post-buy.o
[ 3168s] make[3]: Leaving directory '/home/abuild/rpmbuild/BUILD/snapd-glib-1.43/snapd-glib'
[ 3168s] make[3]: Entering directory '/home/abuild/rpmbuild/BUILD/snapd-glib-1.43/snapd-glib'
[ 3168s] /bin/sh ../libtool  --tag=CC   --mode=compile gcc -DHAVE_CONFIG_H -I. -I..  -DSNAPD_COMPILATION=1 -DG_LOG_DOMAIN=\"Snapd\" -I.. -I..   -I/usr/include/glib-2.0 -I/usr/lib64/glib-2.0/include -I/usr/include/libmount -I/usr/include/blkid -I/usr/include/gio-unix-2.0 -I/usr/include/libsoup-2.4 -I/usr/include/sysprof-4 -I/usr/include/libxml2 -I/usr/include/json-glib-1.0 -pthread  -Wall -O2 -g -pipe -Wall -Werror=format-security -Wp,-D_FORTIFY_SOURCE=2 -Wp,-D_GLIBCXX_ASSERTIONS -fstack-protector-strong -grecord-gcc-switches -specs=/usr/lib/rpm/generic-hardened-cc1 -fasynchronous-unwind-tables -fstack-clash-protection -c -o libsnapd_glib_la-snapd-post-change.lo `test -f 'requests/snapd-post-change.c' || echo './'`requests/snapd-post-change.c
[ 3168s] libtool: compile:  gcc -DHAVE_CONFIG_H -I. -I.. -DSNAPD_COMPILATION=1 -DG_LOG_DOMAIN=\"Snapd\" -I.. -I.. -I/usr/include/glib-2.0 -I/usr/lib64/glib-2.0/include -I/usr/include/libmount -I/usr/include/blkid -I/usr/include/gio-unix-2.0 -I/usr/include/libsoup-2.4 -I/usr/include/sysprof-4 -I/usr/include/libxml2 -I/usr/include/json-glib-1.0 -pthread -Wall -O2 -g -pipe -Wall -Werror=format-security -Wp,-D_FORTIFY_SOURCE=2 -Wp,-D_GLIBCXX_ASSERTIONS -fstack-protector-strong -grecord-gcc-switches -specs=/usr/lib/rpm/generic-hardened-cc1 -fasynchronous-unwind-tables -fstack-clash-protection -c requests/snapd-post-change.c  -fPIC -DPIC -o .libs/libsnapd_glib_la-snapd-post-change.o
[ 3168s] make[3]: Leaving directory '/home/abuild/rpmbuild/BUILD/snapd-glib-1.43/snapd-glib'
[ 3169s] make[3]: Entering directory '/home/abuild/rpmbuild/BUILD/snapd-glib-1.43/snapd-glib'
[ 3169s] /bin/sh ../libtool  --tag=CC   --mode=compile gcc -DHAVE_CONFIG_H -I. -I..  -DSNAPD_COMPILATION=1 -DG_LOG_DOMAIN=\"Snapd\" -I.. -I..   -I/usr/include/glib-2.0 -I/usr/lib64/glib-2.0/include -I/usr/include/libmount -I/usr/include/blkid -I/usr/include/gio-unix-2.0 -I/usr/include/libsoup-2.4 -I/usr/include/sysprof-4 -I/usr/include/libxml2 -I/usr/include/json-glib-1.0 -pthread  -Wall -O2 -g -pipe -Wall -Werror=format-security -Wp,-D_FORTIFY_SOURCE=2 -Wp,-D_GLIBCXX_ASSERTIONS -fstack-protector-strong -grecord-gcc-switches -specs=/usr/lib/rpm/generic-hardened-cc1 -fasynchronous-unwind-tables -fstack-clash-protection -c -o libsnapd_glib_la-snapd-post-assertions.lo `test -f 'requests/snapd-post-assertions.c' || echo './'`requests/snapd-post-assertions.c
[ 3169s] libtool: compile:  gcc -DHAVE_CONFIG_H -I. -I.. -DSNAPD_COMPILATION=1 -DG_LOG_DOMAIN=\"Snapd\" -I.. -I.. -I/usr/include/glib-2.0 -I/usr/lib64/glib-2.0/include -I/usr/include/libmount -I/usr/include/blkid -I/usr/include/gio-unix-2.0 -I/usr/include/libsoup-2.4 -I/usr/include/sysprof-4 -I/usr/include/libxml2 -I/usr/include/json-glib-1.0 -pthread -Wall -O2 -g -pipe -Wall -Werror=format-security -Wp,-D_FORTIFY_SOURCE=2 -Wp,-D_GLIBCXX_ASSERTIONS -fstack-protector-strong -grecord-gcc-switches -specs=/usr/lib/rpm/generic-hardened-cc1 -fasynchronous-unwind-tables -fstack-clash-protection -c requests/snapd-post-assertions.c  -fPIC -DPIC -o .libs/libsnapd_glib_la-snapd-post-assertions.o
[ 3169s] make[3]: Leaving directory '/home/abuild/rpmbuild/BUILD/snapd-glib-1.43/snapd-glib'
[ 3170s] make[3]: Entering directory '/home/abuild/rpmbuild/BUILD/snapd-glib-1.43/snapd-glib'
[ 3170s] /bin/sh ../libtool  --tag=CC   --mode=compile gcc -DHAVE_CONFIG_H -I. -I..  -DSNAPD_COMPILATION=1 -DG_LOG_DOMAIN=\"Snapd\" -I.. -I..   -I/usr/include/glib-2.0 -I/usr/lib64/glib-2.0/include -I/usr/include/libmount -I/usr/include/blkid -I/usr/include/gio-unix-2.0 -I/usr/include/libsoup-2.4 -I/usr/include/sysprof-4 -I/usr/include/libxml2 -I/usr/include/json-glib-1.0 -pthread  -Wall -O2 -g -pipe -Wall -Werror=format-security -Wp,-D_FORTIFY_SOURCE=2 -Wp,-D_GLIBCXX_ASSERTIONS -fstack-protector-strong -grecord-gcc-switches -specs=/usr/lib/rpm/generic-hardened-cc1 -fasynchronous-unwind-tables -fstack-clash-protection -c -o libsnapd_glib_la-snapd-post-create-users.lo `test -f 'requests/snapd-post-create-users.c' || echo './'`requests/snapd-post-create-users.c
[ 3170s] libtool: compile:  gcc -DHAVE_CONFIG_H -I. -I.. -DSNAPD_COMPILATION=1 -DG_LOG_DOMAIN=\"Snapd\" -I.. -I.. -I/usr/include/glib-2.0 -I/usr/lib64/glib-2.0/include -I/usr/include/libmount -I/usr/include/blkid -I/usr/include/gio-unix-2.0 -I/usr/include/libsoup-2.4 -I/usr/include/sysprof-4 -I/usr/include/libxml2 -I/usr/include/json-glib-1.0 -pthread -Wall -O2 -g -pipe -Wall -Werror=format-security -Wp,-D_FORTIFY_SOURCE=2 -Wp,-D_GLIBCXX_ASSERTIONS -fstack-protector-strong -grecord-gcc-switches -specs=/usr/lib/rpm/generic-hardened-cc1 -fasynchronous-unwind-tables -fstack-clash-protection -c requests/snapd-post-create-users.c  -fPIC -DPIC -o .libs/libsnapd_glib_la-snapd-post-create-users.o
[ 3170s] make[3]: Leaving directory '/home/abuild/rpmbuild/BUILD/snapd-glib-1.43/snapd-glib'
[ 3172s] make[3]: Entering directory '/home/abuild/rpmbuild/BUILD/snapd-glib-1.43/snapd-glib'
[ 3172s] /bin/sh ../libtool  --tag=CC   --mode=compile gcc -DHAVE_CONFIG_H -I. -I..  -DSNAPD_COMPILATION=1 -DG_LOG_DOMAIN=\"Snapd\" -I.. -I..   -I/usr/include/glib-2.0 -I/usr/lib64/glib-2.0/include -I/usr/include/libmount -I/usr/include/blkid -I/usr/include/gio-unix-2.0 -I/usr/include/libsoup-2.4 -I/usr/include/sysprof-4 -I/usr/include/libxml2 -I/usr/include/json-glib-1.0 -pthread  -Wall -O2 -g -pipe -Wall -Werror=format-security -Wp,-D_FORTIFY_SOURCE=2 -Wp,-D_GLIBCXX_ASSERTIONS -fstack-protector-strong -grecord-gcc-switches -specs=/usr/lib/rpm/generic-hardened-cc1 -fasynchronous-unwind-tables -fstack-clash-protection -c -o libsnapd_glib_la-snapd-post-create-user.lo `test -f 'requests/snapd-post-create-user.c' || echo './'`requests/snapd-post-create-user.c
[ 3172s] libtool: compile:  gcc -DHAVE_CONFIG_H -I. -I.. -DSNAPD_COMPILATION=1 -DG_LOG_DOMAIN=\"Snapd\" -I.. -I.. -I/usr/include/glib-2.0 -I/usr/lib64/glib-2.0/include -I/usr/include/libmount -I/usr/include/blkid -I/usr/include/gio-unix-2.0 -I/usr/include/libsoup-2.4 -I/usr/include/sysprof-4 -I/usr/include/libxml2 -I/usr/include/json-glib-1.0 -pthread -Wall -O2 -g -pipe -Wall -Werror=format-security -Wp,-D_FORTIFY_SOURCE=2 -Wp,-D_GLIBCXX_ASSERTIONS -fstack-protector-strong -grecord-gcc-switches -specs=/usr/lib/rpm/generic-hardened-cc1 -fasynchronous-unwind-tables -fstack-clash-protection -c requests/snapd-post-create-user.c  -fPIC -DPIC -o .libs/libsnapd_glib_la-snapd-post-create-user.o
[ 3172s] make[3]: Leaving directory '/home/abuild/rpmbuild/BUILD/snapd-glib-1.43/snapd-glib'
[ 3173s] make[3]: Entering directory '/home/abuild/rpmbuild/BUILD/snapd-glib-1.43/snapd-glib'
[ 3173s] /bin/sh ../libtool  --tag=CC   --mode=compile gcc -DHAVE_CONFIG_H -I. -I..  -DSNAPD_COMPILATION=1 -DG_LOG_DOMAIN=\"Snapd\" -I.. -I..   -I/usr/include/glib-2.0 -I/usr/lib64/glib-2.0/include -I/usr/include/libmount -I/usr/include/blkid -I/usr/include/gio-unix-2.0 -I/usr/include/libsoup-2.4 -I/usr/include/sysprof-4 -I/usr/include/libxml2 -I/usr/include/json-glib-1.0 -pthread  -Wall -O2 -g -pipe -Wall -Werror=format-security -Wp,-D_FORTIFY_SOURCE=2 -Wp,-D_GLIBCXX_ASSERTIONS -fstack-protector-strong -grecord-gcc-switches -specs=/usr/lib/rpm/generic-hardened-cc1 -fasynchronous-unwind-tables -fstack-clash-protection -c -o libsnapd_glib_la-snapd-post-interfaces.lo `test -f 'requests/snapd-post-interfaces.c' || echo './'`requests/snapd-post-interfaces.c
[ 3173s] libtool: compile:  gcc -DHAVE_CONFIG_H -I. -I.. -DSNAPD_COMPILATION=1 -DG_LOG_DOMAIN=\"Snapd\" -I.. -I.. -I/usr/include/glib-2.0 -I/usr/lib64/glib-2.0/include -I/usr/include/libmount -I/usr/include/blkid -I/usr/include/gio-unix-2.0 -I/usr/include/libsoup-2.4 -I/usr/include/sysprof-4 -I/usr/include/libxml2 -I/usr/include/json-glib-1.0 -pthread -Wall -O2 -g -pipe -Wall -Werror=format-security -Wp,-D_FORTIFY_SOURCE=2 -Wp,-D_GLIBCXX_ASSERTIONS -fstack-protector-strong -grecord-gcc-switches -specs=/usr/lib/rpm/generic-hardened-cc1 -fasynchronous-unwind-tables -fstack-clash-protection -c requests/snapd-post-interfaces.c  -fPIC -DPIC -o .libs/libsnapd_glib_la-snapd-post-interfaces.o
[ 3173s] make[3]: Leaving directory '/home/abuild/rpmbuild/BUILD/snapd-glib-1.43/snapd-glib'
[ 3175s] make[3]: Entering directory '/home/abuild/rpmbuild/BUILD/snapd-glib-1.43/snapd-glib'
[ 3175s] /bin/sh ../libtool  --tag=CC   --mode=compile gcc -DHAVE_CONFIG_H -I. -I..  -DSNAPD_COMPILATION=1 -DG_LOG_DOMAIN=\"Snapd\" -I.. -I..   -I/usr/include/glib-2.0 -I/usr/lib64/glib-2.0/include -I/usr/include/libmount -I/usr/include/blkid -I/usr/include/gio-unix-2.0 -I/usr/include/libsoup-2.4 -I/usr/include/sysprof-4 -I/usr/include/libxml2 -I/usr/include/json-glib-1.0 -pthread  -Wall -O2 -g -pipe -Wall -Werror=format-security -Wp,-D_FORTIFY_SOURCE=2 -Wp,-D_GLIBCXX_ASSERTIONS -fstack-protector-strong -grecord-gcc-switches -specs=/usr/lib/rpm/generic-hardened-cc1 -fasynchronous-unwind-tables -fstack-clash-protection -c -o libsnapd_glib_la-snapd-post-login.lo `test -f 'requests/snapd-post-login.c' || echo './'`requests/snapd-post-login.c
[ 3175s] libtool: compile:  gcc -DHAVE_CONFIG_H -I. -I.. -DSNAPD_COMPILATION=1 -DG_LOG_DOMAIN=\"Snapd\" -I.. -I.. -I/usr/include/glib-2.0 -I/usr/lib64/glib-2.0/include -I/usr/include/libmount -I/usr/include/blkid -I/usr/include/gio-unix-2.0 -I/usr/include/libsoup-2.4 -I/usr/include/sysprof-4 -I/usr/include/libxml2 -I/usr/include/json-glib-1.0 -pthread -Wall -O2 -g -pipe -Wall -Werror=format-security -Wp,-D_FORTIFY_SOURCE=2 -Wp,-D_GLIBCXX_ASSERTIONS -fstack-protector-strong -grecord-gcc-switches -specs=/usr/lib/rpm/generic-hardened-cc1 -fasynchronous-unwind-tables -fstack-clash-protection -c requests/snapd-post-login.c  -fPIC -DPIC -o .libs/libsnapd_glib_la-snapd-post-login.o
[ 3175s] make[3]: Leaving directory '/home/abuild/rpmbuild/BUILD/snapd-glib-1.43/snapd-glib'
[ 3180s] make[3]: Entering directory '/home/abuild/rpmbuild/BUILD/snapd-glib-1.43/snapd-glib'
[ 3180s] /bin/sh ../libtool  --tag=CC   --mode=compile gcc -DHAVE_CONFIG_H -I. -I..  -DSNAPD_COMPILATION=1 -DG_LOG_DOMAIN=\"Snapd\" -I.. -I..   -I/usr/include/glib-2.0 -I/usr/lib64/glib-2.0/include -I/usr/include/libmount -I/usr/include/blkid -I/usr/include/gio-unix-2.0 -I/usr/include/libsoup-2.4 -I/usr/include/sysprof-4 -I/usr/include/libxml2 -I/usr/include/json-glib-1.0 -pthread  -Wall -O2 -g -pipe -Wall -Werror=format-security -Wp,-D_FORTIFY_SOURCE=2 -Wp,-D_GLIBCXX_ASSERTIONS -fstack-protector-strong -grecord-gcc-switches -specs=/usr/lib/rpm/generic-hardened-cc1 -fasynchronous-unwind-tables -fstack-clash-protection -c -o libsnapd_glib_la-snapd-post-snap.lo `test -f 'requests/snapd-post-snap.c' || echo './'`requests/snapd-post-snap.c
[ 3180s] libtool: compile:  gcc -DHAVE_CONFIG_H -I. -I.. -DSNAPD_COMPILATION=1 -DG_LOG_DOMAIN=\"Snapd\" -I.. -I.. -I/usr/include/glib-2.0 -I/usr/lib64/glib-2.0/include -I/usr/include/libmount -I/usr/include/blkid -I/usr/include/gio-unix-2.0 -I/usr/include/libsoup-2.4 -I/usr/include/sysprof-4 -I/usr/include/libxml2 -I/usr/include/json-glib-1.0 -pthread -Wall -O2 -g -pipe -Wall -Werror=format-security -Wp,-D_FORTIFY_SOURCE=2 -Wp,-D_GLIBCXX_ASSERTIONS -fstack-protector-strong -grecord-gcc-switches -specs=/usr/lib/rpm/generic-hardened-cc1 -fasynchronous-unwind-tables -fstack-clash-protection -c requests/snapd-post-snap.c  -fPIC -DPIC -o .libs/libsnapd_glib_la-snapd-post-snap.o
[ 3180s] make[3]: Leaving directory '/home/abuild/rpmbuild/BUILD/snapd-glib-1.43/snapd-glib'
[ 3192s] make[3]: Entering directory '/home/abuild/rpmbuild/BUILD/snapd-glib-1.43/snapd-glib'
[ 3192s] /bin/sh ../libtool  --tag=CC   --mode=compile gcc -DHAVE_CONFIG_H -I. -I..  -DSNAPD_COMPILATION=1 -DG_LOG_DOMAIN=\"Snapd\" -I.. -I..   -I/usr/include/glib-2.0 -I/usr/lib64/glib-2.0/include -I/usr/include/libmount -I/usr/include/blkid -I/usr/include/gio-unix-2.0 -I/usr/include/libsoup-2.4 -I/usr/include/sysprof-4 -I/usr/include/libxml2 -I/usr/include/json-glib-1.0 -pthread  -Wall -O2 -g -pipe -Wall -Werror=format-security -Wp,-D_FORTIFY_SOURCE=2 -Wp,-D_GLIBCXX_ASSERTIONS -fstack-protector-strong -grecord-gcc-switches -specs=/usr/lib/rpm/generic-hardened-cc1 -fasynchronous-unwind-tables -fstack-clash-protection -c -o libsnapd_glib_la-snapd-post-snaps.lo `test -f 'requests/snapd-post-snaps.c' || echo './'`requests/snapd-post-snaps.c
[ 3192s] libtool: compile:  gcc -DHAVE_CONFIG_H -I. -I.. -DSNAPD_COMPILATION=1 -DG_LOG_DOMAIN=\"Snapd\" -I.. -I.. -I/usr/include/glib-2.0 -I/usr/lib64/glib-2.0/include -I/usr/include/libmount -I/usr/include/blkid -I/usr/include/gio-unix-2.0 -I/usr/include/libsoup-2.4 -I/usr/include/sysprof-4 -I/usr/include/libxml2 -I/usr/include/json-glib-1.0 -pthread -Wall -O2 -g -pipe -Wall -Werror=format-security -Wp,-D_FORTIFY_SOURCE=2 -Wp,-D_GLIBCXX_ASSERTIONS -fstack-protector-strong -grecord-gcc-switches -specs=/usr/lib/rpm/generic-hardened-cc1 -fasynchronous-unwind-tables -fstack-clash-protection -c requests/snapd-post-snaps.c  -fPIC -DPIC -o .libs/libsnapd_glib_la-snapd-post-snaps.o
[ 3192s] make[3]: Leaving directory '/home/abuild/rpmbuild/BUILD/snapd-glib-1.43/snapd-glib'
[ 3192s] make[3]: Entering directory '/home/abuild/rpmbuild/BUILD/snapd-glib-1.43/snapd-glib'
[ 3192s] /bin/sh ../libtool  --tag=CC   --mode=compile gcc -DHAVE_CONFIG_H -I. -I..  -DSNAPD_COMPILATION=1 -DG_LOG_DOMAIN=\"Snapd\" -I.. -I..   -I/usr/include/glib-2.0 -I/usr/lib64/glib-2.0/include -I/usr/include/libmount -I/usr/include/blkid -I/usr/include/gio-unix-2.0 -I/usr/include/libsoup-2.4 -I/usr/include/sysprof-4 -I/usr/include/libxml2 -I/usr/include/json-glib-1.0 -pthread  -Wall -O2 -g -pipe -Wall -Werror=format-security -Wp,-D_FORTIFY_SOURCE=2 -Wp,-D_GLIBCXX_ASSERTIONS -fstack-protector-strong -grecord-gcc-switches -specs=/usr/lib/rpm/generic-hardened-cc1 -fasynchronous-unwind-tables -fstack-clash-protection -c -o libsnapd_glib_la-snapd-post-snap-try.lo `test -f 'requests/snapd-post-snap-try.c' || echo './'`requests/snapd-post-snap-try.c
[ 3192s] libtool: compile:  gcc -DHAVE_CONFIG_H -I. -I.. -DSNAPD_COMPILATION=1 -DG_LOG_DOMAIN=\"Snapd\" -I.. -I.. -I/usr/include/glib-2.0 -I/usr/lib64/glib-2.0/include -I/usr/include/libmount -I/usr/include/blkid -I/usr/include/gio-unix-2.0 -I/usr/include/libsoup-2.4 -I/usr/include/sysprof-4 -I/usr/include/libxml2 -I/usr/include/json-glib-1.0 -pthread -Wall -O2 -g -pipe -Wall -Werror=format-security -Wp,-D_FORTIFY_SOURCE=2 -Wp,-D_GLIBCXX_ASSERTIONS -fstack-protector-strong -grecord-gcc-switches -specs=/usr/lib/rpm/generic-hardened-cc1 -fasynchronous-unwind-tables -fstack-clash-protection -c requests/snapd-post-snap-try.c  -fPIC -DPIC -o .libs/libsnapd_glib_la-snapd-post-snap-try.o
[ 3192s] make[3]: Leaving directory '/home/abuild/rpmbuild/BUILD/snapd-glib-1.43/snapd-glib'
[ 3192s] make[3]: Entering directory '/home/abuild/rpmbuild/BUILD/snapd-glib-1.43/snapd-glib'
[ 3192s] /bin/sh ../libtool  --tag=CC   --mode=compile gcc -DHAVE_CONFIG_H -I. -I..  -DSNAPD_COMPILATION=1 -DG_LOG_DOMAIN=\"Snapd\" -I.. -I..   -I/usr/include/glib-2.0 -I/usr/lib64/glib-2.0/include -I/usr/include/libmount -I/usr/include/blkid -I/usr/include/gio-unix-2.0 -I/usr/include/libsoup-2.4 -I/usr/include/sysprof-4 -I/usr/include/libxml2 -I/usr/include/json-glib-1.0 -pthread  -Wall -O2 -g -pipe -Wall -Werror=format-security -Wp,-D_FORTIFY_SOURCE=2 -Wp,-D_GLIBCXX_ASSERTIONS -fstack-protector-strong -grecord-gcc-switches -specs=/usr/lib/rpm/generic-hardened-cc1 -fasynchronous-unwind-tables -fstack-clash-protection -c -o libsnapd_glib_la-snapd-post-snap-stream.lo `test -f 'requests/snapd-post-snap-stream.c' || echo './'`requests/snapd-post-snap-stream.c
[ 3192s] libtool: compile:  gcc -DHAVE_CONFIG_H -I. -I.. -DSNAPD_COMPILATION=1 -DG_LOG_DOMAIN=\"Snapd\" -I.. -I.. -I/usr/include/glib-2.0 -I/usr/lib64/glib-2.0/include -I/usr/include/libmount -I/usr/include/blkid -I/usr/include/gio-unix-2.0 -I/usr/include/libsoup-2.4 -I/usr/include/sysprof-4 -I/usr/include/libxml2 -I/usr/include/json-glib-1.0 -pthread -Wall -O2 -g -pipe -Wall -Werror=format-security -Wp,-D_FORTIFY_SOURCE=2 -Wp,-D_GLIBCXX_ASSERTIONS -fstack-protector-strong -grecord-gcc-switches -specs=/usr/lib/rpm/generic-hardened-cc1 -fasynchronous-unwind-tables -fstack-clash-protection -c requests/snapd-post-snap-stream.c  -fPIC -DPIC -o .libs/libsnapd_glib_la-snapd-post-snap-stream.o
[ 3192s] make[3]: Leaving directory '/home/abuild/rpmbuild/BUILD/snapd-glib-1.43/snapd-glib'
[ 3193s] make[3]: Entering directory '/home/abuild/rpmbuild/BUILD/snapd-glib-1.43/snapd-glib'
[ 3193s] /bin/sh ../libtool  --tag=CC   --mode=compile gcc -DHAVE_CONFIG_H -I. -I..  -DSNAPD_COMPILATION=1 -DG_LOG_DOMAIN=\"Snapd\" -I.. -I..   -I/usr/include/glib-2.0 -I/usr/lib64/glib-2.0/include -I/usr/include/libmount -I/usr/include/blkid -I/usr/include/gio-unix-2.0 -I/usr/include/libsoup-2.4 -I/usr/include/sysprof-4 -I/usr/include/libxml2 -I/usr/include/json-glib-1.0 -pthread  -Wall -O2 -g -pipe -Wall -Werror=format-security -Wp,-D_FORTIFY_SOURCE=2 -Wp,-D_GLIBCXX_ASSERTIONS -fstack-protector-strong -grecord-gcc-switches -specs=/usr/lib/rpm/generic-hardened-cc1 -fasynchronous-unwind-tables -fstack-clash-protection -c -o libsnapd_glib_la-snapd-alias.lo `test -f 'snapd-alias.c' || echo './'`snapd-alias.c
[ 3193s] libtool: compile:  gcc -DHAVE_CONFIG_H -I. -I.. -DSNAPD_COMPILATION=1 -DG_LOG_DOMAIN=\"Snapd\" -I.. -I.. -I/usr/include/glib-2.0 -I/usr/lib64/glib-2.0/include -I/usr/include/libmount -I/usr/include/blkid -I/usr/include/gio-unix-2.0 -I/usr/include/libsoup-2.4 -I/usr/include/sysprof-4 -I/usr/include/libxml2 -I/usr/include/json-glib-1.0 -pthread -Wall -O2 -g -pipe -Wall -Werror=format-security -Wp,-D_FORTIFY_SOURCE=2 -Wp,-D_GLIBCXX_ASSERTIONS -fstack-protector-strong -grecord-gcc-switches -specs=/usr/lib/rpm/generic-hardened-cc1 -fasynchronous-unwind-tables -fstack-clash-protection -c snapd-alias.c  -fPIC -DPIC -o .libs/libsnapd_glib_la-snapd-alias.o
[ 3193s] make[3]: Leaving directory '/home/abuild/rpmbuild/BUILD/snapd-glib-1.43/snapd-glib'
[ 3194s] make[3]: Entering directory '/home/abuild/rpmbuild/BUILD/snapd-glib-1.43/snapd-glib'
[ 3194s] /bin/sh ../libtool  --tag=CC   --mode=compile gcc -DHAVE_CONFIG_H -I. -I..  -DSNAPD_COMPILATION=1 -DG_LOG_DOMAIN=\"Snapd\" -I.. -I..   -I/usr/include/glib-2.0 -I/usr/lib64/glib-2.0/include -I/usr/include/libmount -I/usr/include/blkid -I/usr/include/gio-unix-2.0 -I/usr/include/libsoup-2.4 -I/usr/include/sysprof-4 -I/usr/include/libxml2 -I/usr/include/json-glib-1.0 -pthread  -Wall -O2 -g -pipe -Wall -Werror=format-security -Wp,-D_FORTIFY_SOURCE=2 -Wp,-D_GLIBCXX_ASSERTIONS -fstack-protector-strong -grecord-gcc-switches -specs=/usr/lib/rpm/generic-hardened-cc1 -fasynchronous-unwind-tables -fstack-clash-protection -c -o libsnapd_glib_la-snapd-post-snapctl.lo `test -f 'requests/snapd-post-snapctl.c' || echo './'`requests/snapd-post-snapctl.c
[ 3194s] libtool: compile:  gcc -DHAVE_CONFIG_H -I. -I.. -DSNAPD_COMPILATION=1 -DG_LOG_DOMAIN=\"Snapd\" -I.. -I.. -I/usr/include/glib-2.0 -I/usr/lib64/glib-2.0/include -I/usr/include/libmount -I/usr/include/blkid -I/usr/include/gio-unix-2.0 -I/usr/include/libsoup-2.4 -I/usr/include/sysprof-4 -I/usr/include/libxml2 -I/usr/include/json-glib-1.0 -pthread -Wall -O2 -g -pipe -Wall -Werror=format-security -Wp,-D_FORTIFY_SOURCE=2 -Wp,-D_GLIBCXX_ASSERTIONS -fstack-protector-strong -grecord-gcc-switches -specs=/usr/lib/rpm/generic-hardened-cc1 -fasynchronous-unwind-tables -fstack-clash-protection -c requests/snapd-post-snapctl.c  -fPIC -DPIC -o .libs/libsnapd_glib_la-snapd-post-snapctl.o
[ 3194s] make[3]: Leaving directory '/home/abuild/rpmbuild/BUILD/snapd-glib-1.43/snapd-glib'
[ 3194s] make[3]: Entering directory '/home/abuild/rpmbuild/BUILD/snapd-glib-1.43/snapd-glib'
[ 3194s] /bin/sh ../libtool  --tag=CC   --mode=compile gcc -DHAVE_CONFIG_H -I. -I..  -DSNAPD_COMPILATION=1 -DG_LOG_DOMAIN=\"Snapd\" -I.. -I..   -I/usr/include/glib-2.0 -I/usr/lib64/glib-2.0/include -I/usr/include/libmount -I/usr/include/blkid -I/usr/include/gio-unix-2.0 -I/usr/include/libsoup-2.4 -I/usr/include/sysprof-4 -I/usr/include/libxml2 -I/usr/include/json-glib-1.0 -pthread  -Wall -O2 -g -pipe -Wall -Werror=format-security -Wp,-D_FORTIFY_SOURCE=2 -Wp,-D_GLIBCXX_ASSERTIONS -fstack-protector-strong -grecord-gcc-switches -specs=/usr/lib/rpm/generic-hardened-cc1 -fasynchronous-unwind-tables -fstack-clash-protection -c -o libsnapd_glib_la-snapd-request.lo `test -f 'requests/snapd-request.c' || echo './'`requests/snapd-request.c
[ 3194s] libtool: compile:  gcc -DHAVE_CONFIG_H -I. -I.. -DSNAPD_COMPILATION=1 -DG_LOG_DOMAIN=\"Snapd\" -I.. -I.. -I/usr/include/glib-2.0 -I/usr/lib64/glib-2.0/include -I/usr/include/libmount -I/usr/include/blkid -I/usr/include/gio-unix-2.0 -I/usr/include/libsoup-2.4 -I/usr/include/sysprof-4 -I/usr/include/libxml2 -I/usr/include/json-glib-1.0 -pthread -Wall -O2 -g -pipe -Wall -Werror=format-security -Wp,-D_FORTIFY_SOURCE=2 -Wp,-D_GLIBCXX_ASSERTIONS -fstack-protector-strong -grecord-gcc-switches -specs=/usr/lib/rpm/generic-hardened-cc1 -fasynchronous-unwind-tables -fstack-clash-protection -c requests/snapd-request.c  -fPIC -DPIC -o .libs/libsnapd_glib_la-snapd-request.o
[ 3194s] make[3]: Leaving directory '/home/abuild/rpmbuild/BUILD/snapd-glib-1.43/snapd-glib'
[ 3198s] make[3]: Entering directory '/home/abuild/rpmbuild/BUILD/snapd-glib-1.43/snapd-glib'
[ 3198s] /bin/sh ../libtool  --tag=CC   --mode=compile gcc -DHAVE_CONFIG_H -I. -I..  -DSNAPD_COMPILATION=1 -DG_LOG_DOMAIN=\"Snapd\" -I.. -I..   -I/usr/include/glib-2.0 -I/usr/lib64/glib-2.0/include -I/usr/include/libmount -I/usr/include/blkid -I/usr/include/gio-unix-2.0 -I/usr/include/libsoup-2.4 -I/usr/include/sysprof-4 -I/usr/include/libxml2 -I/usr/include/json-glib-1.0 -pthread  -Wall -O2 -g -pipe -Wall -Werror=format-security -Wp,-D_FORTIFY_SOURCE=2 -Wp,-D_GLIBCXX_ASSERTIONS -fstack-protector-strong -grecord-gcc-switches -specs=/usr/lib/rpm/generic-hardened-cc1 -fasynchronous-unwind-tables -fstack-clash-protection -c -o libsnapd_glib_la-snapd-request-async.lo `test -f 'requests/snapd-request-async.c' || echo './'`requests/snapd-request-async.c
[ 3198s] libtool: compile:  gcc -DHAVE_CONFIG_H -I. -I.. -DSNAPD_COMPILATION=1 -DG_LOG_DOMAIN=\"Snapd\" -I.. -I.. -I/usr/include/glib-2.0 -I/usr/lib64/glib-2.0/include -I/usr/include/libmount -I/usr/include/blkid -I/usr/include/gio-unix-2.0 -I/usr/include/libsoup-2.4 -I/usr/include/sysprof-4 -I/usr/include/libxml2 -I/usr/include/json-glib-1.0 -pthread -Wall -O2 -g -pipe -Wall -Werror=format-security -Wp,-D_FORTIFY_SOURCE=2 -Wp,-D_GLIBCXX_ASSERTIONS -fstack-protector-strong -grecord-gcc-switches -specs=/usr/lib/rpm/generic-hardened-cc1 -fasynchronous-unwind-tables -fstack-clash-protection -c requests/snapd-request-async.c  -fPIC -DPIC -o .libs/libsnapd_glib_la-snapd-request-async.o
[ 3198s] make[3]: Leaving directory '/home/abuild/rpmbuild/BUILD/snapd-glib-1.43/snapd-glib'
[ 3199s] make[3]: Entering directory '/home/abuild/rpmbuild/BUILD/snapd-glib-1.43/snapd-glib'
[ 3199s] /bin/sh ../libtool  --tag=CC   --mode=compile gcc -DHAVE_CONFIG_H -I. -I..  -DSNAPD_COMPILATION=1 -DG_LOG_DOMAIN=\"Snapd\" -I.. -I..   -I/usr/include/glib-2.0 -I/usr/lib64/glib-2.0/include -I/usr/include/libmount -I/usr/include/blkid -I/usr/include/gio-unix-2.0 -I/usr/include/libsoup-2.4 -I/usr/include/sysprof-4 -I/usr/include/libxml2 -I/usr/include/json-glib-1.0 -pthread  -Wall -O2 -g -pipe -Wall -Werror=format-security -Wp,-D_FORTIFY_SOURCE=2 -Wp,-D_GLIBCXX_ASSERTIONS -fstack-protector-strong -grecord-gcc-switches -specs=/usr/lib/rpm/generic-hardened-cc1 -fasynchronous-unwind-tables -fstack-clash-protection -c -o libsnapd_glib_la-snapd-app.lo `test -f 'snapd-app.c' || echo './'`snapd-app.c
[ 3199s] libtool: compile:  gcc -DHAVE_CONFIG_H -I. -I.. -DSNAPD_COMPILATION=1 -DG_LOG_DOMAIN=\"Snapd\" -I.. -I.. -I/usr/include/glib-2.0 -I/usr/lib64/glib-2.0/include -I/usr/include/libmount -I/usr/include/blkid -I/usr/include/gio-unix-2.0 -I/usr/include/libsoup-2.4 -I/usr/include/sysprof-4 -I/usr/include/libxml2 -I/usr/include/json-glib-1.0 -pthread -Wall -O2 -g -pipe -Wall -Werror=format-security -Wp,-D_FORTIFY_SOURCE=2 -Wp,-D_GLIBCXX_ASSERTIONS -fstack-protector-strong -grecord-gcc-switches -specs=/usr/lib/rpm/generic-hardened-cc1 -fasynchronous-unwind-tables -fstack-clash-protection -c snapd-app.c  -fPIC -DPIC -o .libs/libsnapd_glib_la-snapd-app.o
[ 3199s] make[3]: Leaving directory '/home/abuild/rpmbuild/BUILD/snapd-glib-1.43/snapd-glib'
[ 3210s] make[3]: Entering directory '/home/abuild/rpmbuild/BUILD/snapd-glib-1.43/snapd-glib'
[ 3210s] /bin/sh ../libtool  --tag=CC   --mode=compile gcc -DHAVE_CONFIG_H -I. -I..  -DSNAPD_COMPILATION=1 -DG_LOG_DOMAIN=\"Snapd\" -I.. -I..   -I/usr/include/glib-2.0 -I/usr/lib64/glib-2.0/include -I/usr/include/libmount -I/usr/include/blkid -I/usr/include/gio-unix-2.0 -I/usr/include/libsoup-2.4 -I/usr/include/sysprof-4 -I/usr/include/libxml2 -I/usr/include/json-glib-1.0 -pthread  -Wall -O2 -g -pipe -Wall -Werror=format-security -Wp,-D_FORTIFY_SOURCE=2 -Wp,-D_GLIBCXX_ASSERTIONS -fstack-protector-strong -grecord-gcc-switches -specs=/usr/lib/rpm/generic-hardened-cc1 -fasynchronous-unwind-tables -fstack-clash-protection -c -o libsnapd_glib_la-snapd-auth-data.lo `test -f 'snapd-auth-data.c' || echo './'`snapd-auth-data.c
[ 3210s] libtool: compile:  gcc -DHAVE_CONFIG_H -I. -I.. -DSNAPD_COMPILATION=1 -DG_LOG_DOMAIN=\"Snapd\" -I.. -I.. -I/usr/include/glib-2.0 -I/usr/lib64/glib-2.0/include -I/usr/include/libmount -I/usr/include/blkid -I/usr/include/gio-unix-2.0 -I/usr/include/libsoup-2.4 -I/usr/include/sysprof-4 -I/usr/include/libxml2 -I/usr/include/json-glib-1.0 -pthread -Wall -O2 -g -pipe -Wall -Werror=format-security -Wp,-D_FORTIFY_SOURCE=2 -Wp,-D_GLIBCXX_ASSERTIONS -fstack-protector-strong -grecord-gcc-switches -specs=/usr/lib/rpm/generic-hardened-cc1 -fasynchronous-unwind-tables -fstack-clash-protection -c snapd-auth-data.c  -fPIC -DPIC -o .libs/libsnapd_glib_la-snapd-auth-data.o
[ 3210s] make[3]: Leaving directory '/home/abuild/rpmbuild/BUILD/snapd-glib-1.43/snapd-glib'
[ 3211s] make[3]: Entering directory '/home/abuild/rpmbuild/BUILD/snapd-glib-1.43/snapd-glib'
[ 3211s] /bin/sh ../libtool  --tag=CC   --mode=compile gcc -DHAVE_CONFIG_H -I. -I..  -DSNAPD_COMPILATION=1 -DG_LOG_DOMAIN=\"Snapd\" -I.. -I..   -I/usr/include/glib-2.0 -I/usr/lib64/glib-2.0/include -I/usr/include/libmount -I/usr/include/blkid -I/usr/include/gio-unix-2.0 -I/usr/include/libsoup-2.4 -I/usr/include/sysprof-4 -I/usr/include/libxml2 -I/usr/include/json-glib-1.0 -pthread  -Wall -O2 -g -pipe -Wall -Werror=format-security -Wp,-D_FORTIFY_SOURCE=2 -Wp,-D_GLIBCXX_ASSERTIONS -fstack-protector-strong -grecord-gcc-switches -specs=/usr/lib/rpm/generic-hardened-cc1 -fasynchronous-unwind-tables -fstack-clash-protection -c -o libsnapd_glib_la-snapd-channel.lo `test -f 'snapd-channel.c' || echo './'`snapd-channel.c
[ 3211s] libtool: compile:  gcc -DHAVE_CONFIG_H -I. -I.. -DSNAPD_COMPILATION=1 -DG_LOG_DOMAIN=\"Snapd\" -I.. -I.. -I/usr/include/glib-2.0 -I/usr/lib64/glib-2.0/include -I/usr/include/libmount -I/usr/include/blkid -I/usr/include/gio-unix-2.0 -I/usr/include/libsoup-2.4 -I/usr/include/sysprof-4 -I/usr/include/libxml2 -I/usr/include/json-glib-1.0 -pthread -Wall -O2 -g -pipe -Wall -Werror=format-security -Wp,-D_FORTIFY_SOURCE=2 -Wp,-D_GLIBCXX_ASSERTIONS -fstack-protector-strong -grecord-gcc-switches -specs=/usr/lib/rpm/generic-hardened-cc1 -fasynchronous-unwind-tables -fstack-clash-protection -c snapd-channel.c  -fPIC -DPIC -o .libs/libsnapd_glib_la-snapd-channel.o
[ 3211s] make[3]: Leaving directory '/home/abuild/rpmbuild/BUILD/snapd-glib-1.43/snapd-glib'
[ 3212s] make[3]: Entering directory '/home/abuild/rpmbuild/BUILD/snapd-glib-1.43/snapd-glib'
[ 3212s] /bin/sh ../libtool  --tag=CC   --mode=compile gcc -DHAVE_CONFIG_H -I. -I..  -DSNAPD_COMPILATION=1 -DG_LOG_DOMAIN=\"Snapd\" -I.. -I..   -I/usr/include/glib-2.0 -I/usr/lib64/glib-2.0/include -I/usr/include/libmount -I/usr/include/blkid -I/usr/include/gio-unix-2.0 -I/usr/include/libsoup-2.4 -I/usr/include/sysprof-4 -I/usr/include/libxml2 -I/usr/include/json-glib-1.0 -pthread  -Wall -O2 -g -pipe -Wall -Werror=format-security -Wp,-D_FORTIFY_SOURCE=2 -Wp,-D_GLIBCXX_ASSERTIONS -fstack-protector-strong -grecord-gcc-switches -specs=/usr/lib/rpm/generic-hardened-cc1 -fasynchronous-unwind-tables -fstack-clash-protection -c -o libsnapd_glib_la-snapd-change.lo `test -f 'snapd-change.c' || echo './'`snapd-change.c
[ 3212s] libtool: compile:  gcc -DHAVE_CONFIG_H -I. -I.. -DSNAPD_COMPILATION=1 -DG_LOG_DOMAIN=\"Snapd\" -I.. -I.. -I/usr/include/glib-2.0 -I/usr/lib64/glib-2.0/include -I/usr/include/libmount -I/usr/include/blkid -I/usr/include/gio-unix-2.0 -I/usr/include/libsoup-2.4 -I/usr/include/sysprof-4 -I/usr/include/libxml2 -I/usr/include/json-glib-1.0 -pthread -Wall -O2 -g -pipe -Wall -Werror=format-security -Wp,-D_FORTIFY_SOURCE=2 -Wp,-D_GLIBCXX_ASSERTIONS -fstack-protector-strong -grecord-gcc-switches -specs=/usr/lib/rpm/generic-hardened-cc1 -fasynchronous-unwind-tables -fstack-clash-protection -c snapd-change.c  -fPIC -DPIC -o .libs/libsnapd_glib_la-snapd-change.o
[ 3212s] make[3]: Leaving directory '/home/abuild/rpmbuild/BUILD/snapd-glib-1.43/snapd-glib'
[ 3212s] make[3]: Entering directory '/home/abuild/rpmbuild/BUILD/snapd-glib-1.43/snapd-glib'
[ 3212s] /bin/sh ../libtool  --tag=CC   --mode=compile gcc -DHAVE_CONFIG_H -I. -I..  -DSNAPD_COMPILATION=1 -DG_LOG_DOMAIN=\"Snapd\" -I.. -I..   -I/usr/include/glib-2.0 -I/usr/lib64/glib-2.0/include -I/usr/include/libmount -I/usr/include/blkid -I/usr/include/gio-unix-2.0 -I/usr/include/libsoup-2.4 -I/usr/include/sysprof-4 -I/usr/include/libxml2 -I/usr/include/json-glib-1.0 -pthread  -Wall -O2 -g -pipe -Wall -Werror=format-security -Wp,-D_FORTIFY_SOURCE=2 -Wp,-D_GLIBCXX_ASSERTIONS -fstack-protector-strong -grecord-gcc-switches -specs=/usr/lib/rpm/generic-hardened-cc1 -fasynchronous-unwind-tables -fstack-clash-protection -c -o libsnapd_glib_la-snapd-assertion.lo `test -f 'snapd-assertion.c' || echo './'`snapd-assertion.c
[ 3212s] libtool: compile:  gcc -DHAVE_CONFIG_H -I. -I.. -DSNAPD_COMPILATION=1 -DG_LOG_DOMAIN=\"Snapd\" -I.. -I.. -I/usr/include/glib-2.0 -I/usr/lib64/glib-2.0/include -I/usr/include/libmount -I/usr/include/blkid -I/usr/include/gio-unix-2.0 -I/usr/include/libsoup-2.4 -I/usr/include/sysprof-4 -I/usr/include/libxml2 -I/usr/include/json-glib-1.0 -pthread -Wall -O2 -g -pipe -Wall -Werror=format-security -Wp,-D_FORTIFY_SOURCE=2 -Wp,-D_GLIBCXX_ASSERTIONS -fstack-protector-strong -grecord-gcc-switches -specs=/usr/lib/rpm/generic-hardened-cc1 -fasynchronous-unwind-tables -fstack-clash-protection -c snapd-assertion.c  -fPIC -DPIC -o .libs/libsnapd_glib_la-snapd-assertion.o
[ 3212s] make[3]: Leaving directory '/home/abuild/rpmbuild/BUILD/snapd-glib-1.43/snapd-glib'
[ 3213s] make[3]: Entering directory '/home/abuild/rpmbuild/BUILD/snapd-glib-1.43/snapd-glib'
[ 3213s] /bin/sh ../libtool  --tag=CC   --mode=compile gcc -DHAVE_CONFIG_H -I. -I..  -DSNAPD_COMPILATION=1 -DG_LOG_DOMAIN=\"Snapd\" -I.. -I..   -I/usr/include/glib-2.0 -I/usr/lib64/glib-2.0/include -I/usr/include/libmount -I/usr/include/blkid -I/usr/include/gio-unix-2.0 -I/usr/include/libsoup-2.4 -I/usr/include/sysprof-4 -I/usr/include/libxml2 -I/usr/include/json-glib-1.0 -pthread  -Wall -O2 -g -pipe -Wall -Werror=format-security -Wp,-D_FORTIFY_SOURCE=2 -Wp,-D_GLIBCXX_ASSERTIONS -fstack-protector-strong -grecord-gcc-switches -specs=/usr/lib/rpm/generic-hardened-cc1 -fasynchronous-unwind-tables -fstack-clash-protection -c -o libsnapd_glib_la-snapd-connection.lo `test -f 'snapd-connection.c' || echo './'`snapd-connection.c
[ 3213s] libtool: compile:  gcc -DHAVE_CONFIG_H -I. -I.. -DSNAPD_COMPILATION=1 -DG_LOG_DOMAIN=\"Snapd\" -I.. -I.. -I/usr/include/glib-2.0 -I/usr/lib64/glib-2.0/include -I/usr/include/libmount -I/usr/include/blkid -I/usr/include/gio-unix-2.0 -I/usr/include/libsoup-2.4 -I/usr/include/sysprof-4 -I/usr/include/libxml2 -I/usr/include/json-glib-1.0 -pthread -Wall -O2 -g -pipe -Wall -Werror=format-security -Wp,-D_FORTIFY_SOURCE=2 -Wp,-D_GLIBCXX_ASSERTIONS -fstack-protector-strong -grecord-gcc-switches -specs=/usr/lib/rpm/generic-hardened-cc1 -fasynchronous-unwind-tables -fstack-clash-protection -c snapd-connection.c  -fPIC -DPIC -o .libs/libsnapd_glib_la-snapd-connection.o
[ 3213s] make[3]: Leaving directory '/home/abuild/rpmbuild/BUILD/snapd-glib-1.43/snapd-glib'
[ 3214s] make[3]: Entering directory '/home/abuild/rpmbuild/BUILD/snapd-glib-1.43/snapd-glib'
[ 3214s] /bin/sh ../libtool  --tag=CC   --mode=compile gcc -DHAVE_CONFIG_H -I. -I..  -DSNAPD_COMPILATION=1 -DG_LOG_DOMAIN=\"Snapd\" -I.. -I..   -I/usr/include/glib-2.0 -I/usr/lib64/glib-2.0/include -I/usr/include/libmount -I/usr/include/blkid -I/usr/include/gio-unix-2.0 -I/usr/include/libsoup-2.4 -I/usr/include/sysprof-4 -I/usr/include/libxml2 -I/usr/include/json-glib-1.0 -pthread  -Wall -O2 -g -pipe -Wall -Werror=format-security -Wp,-D_FORTIFY_SOURCE=2 -Wp,-D_GLIBCXX_ASSERTIONS -fstack-protector-strong -grecord-gcc-switches -specs=/usr/lib/rpm/generic-hardened-cc1 -fasynchronous-unwind-tables -fstack-clash-protection -c -o libsnapd_glib_la-snapd-error.lo `test -f 'snapd-error.c' || echo './'`snapd-error.c
[ 3214s] libtool: compile:  gcc -DHAVE_CONFIG_H -I. -I.. -DSNAPD_COMPILATION=1 -DG_LOG_DOMAIN=\"Snapd\" -I.. -I.. -I/usr/include/glib-2.0 -I/usr/lib64/glib-2.0/include -I/usr/include/libmount -I/usr/include/blkid -I/usr/include/gio-unix-2.0 -I/usr/include/libsoup-2.4 -I/usr/include/sysprof-4 -I/usr/include/libxml2 -I/usr/include/json-glib-1.0 -pthread -Wall -O2 -g -pipe -Wall -Werror=format-security -Wp,-D_FORTIFY_SOURCE=2 -Wp,-D_GLIBCXX_ASSERTIONS -fstack-protector-strong -grecord-gcc-switches -specs=/usr/lib/rpm/generic-hardened-cc1 -fasynchronous-unwind-tables -fstack-clash-protection -c snapd-error.c  -fPIC -DPIC -o .libs/libsnapd_glib_la-snapd-error.o
[ 3214s] make[3]: Leaving directory '/home/abuild/rpmbuild/BUILD/snapd-glib-1.43/snapd-glib'
[ 3226s] make[3]: Entering directory '/home/abuild/rpmbuild/BUILD/snapd-glib-1.43/snapd-glib'
[ 3226s] /bin/sh ../libtool  --tag=CC   --mode=compile gcc -DHAVE_CONFIG_H -I. -I..  -DSNAPD_COMPILATION=1 -DG_LOG_DOMAIN=\"Snapd\" -I.. -I..   -I/usr/include/glib-2.0 -I/usr/lib64/glib-2.0/include -I/usr/include/libmount -I/usr/include/blkid -I/usr/include/gio-unix-2.0 -I/usr/include/libsoup-2.4 -I/usr/include/sysprof-4 -I/usr/include/libxml2 -I/usr/include/json-glib-1.0 -pthread  -Wall -O2 -g -pipe -Wall -Werror=format-security -Wp,-D_FORTIFY_SOURCE=2 -Wp,-D_GLIBCXX_ASSERTIONS -fstack-protector-strong -grecord-gcc-switches -specs=/usr/lib/rpm/generic-hardened-cc1 -fasynchronous-unwind-tables -fstack-clash-protection -c -o libsnapd_glib_la-snapd-icon.lo `test -f 'snapd-icon.c' || echo './'`snapd-icon.c
[ 3226s] libtool: compile:  gcc -DHAVE_CONFIG_H -I. -I.. -DSNAPD_COMPILATION=1 -DG_LOG_DOMAIN=\"Snapd\" -I.. -I.. -I/usr/include/glib-2.0 -I/usr/lib64/glib-2.0/include -I/usr/include/libmount -I/usr/include/blkid -I/usr/include/gio-unix-2.0 -I/usr/include/libsoup-2.4 -I/usr/include/sysprof-4 -I/usr/include/libxml2 -I/usr/include/json-glib-1.0 -pthread -Wall -O2 -g -pipe -Wall -Werror=format-security -Wp,-D_FORTIFY_SOURCE=2 -Wp,-D_GLIBCXX_ASSERTIONS -fstack-protector-strong -grecord-gcc-switches -specs=/usr/lib/rpm/generic-hardened-cc1 -fasynchronous-unwind-tables -fstack-clash-protection -c snapd-icon.c  -fPIC -DPIC -o .libs/libsnapd_glib_la-snapd-icon.o
[ 3226s] make[3]: Leaving directory '/home/abuild/rpmbuild/BUILD/snapd-glib-1.43/snapd-glib'
[ 3228s] make[3]: Entering directory '/home/abuild/rpmbuild/BUILD/snapd-glib-1.43/snapd-glib'
[ 3228s] /bin/sh ../libtool  --tag=CC   --mode=compile gcc -DHAVE_CONFIG_H -I. -I..  -DSNAPD_COMPILATION=1 -DG_LOG_DOMAIN=\"Snapd\" -I.. -I..   -I/usr/include/glib-2.0 -I/usr/lib64/glib-2.0/include -I/usr/include/libmount -I/usr/include/blkid -I/usr/include/gio-unix-2.0 -I/usr/include/libsoup-2.4 -I/usr/include/sysprof-4 -I/usr/include/libxml2 -I/usr/include/json-glib-1.0 -pthread  -Wall -O2 -g -pipe -Wall -Werror=format-security -Wp,-D_FORTIFY_SOURCE=2 -Wp,-D_GLIBCXX_ASSERTIONS -fstack-protector-strong -grecord-gcc-switches -specs=/usr/lib/rpm/generic-hardened-cc1 -fasynchronous-unwind-tables -fstack-clash-protection -c -o libsnapd_glib_la-snapd-price.lo `test -f 'snapd-price.c' || echo './'`snapd-price.c
[ 3228s] libtool: compile:  gcc -DHAVE_CONFIG_H -I. -I.. -DSNAPD_COMPILATION=1 -DG_LOG_DOMAIN=\"Snapd\" -I.. -I.. -I/usr/include/glib-2.0 -I/usr/lib64/glib-2.0/include -I/usr/include/libmount -I/usr/include/blkid -I/usr/include/gio-unix-2.0 -I/usr/include/libsoup-2.4 -I/usr/include/sysprof-4 -I/usr/include/libxml2 -I/usr/include/json-glib-1.0 -pthread -Wall -O2 -g -pipe -Wall -Werror=format-security -Wp,-D_FORTIFY_SOURCE=2 -Wp,-D_GLIBCXX_ASSERTIONS -fstack-protector-strong -grecord-gcc-switches -specs=/usr/lib/rpm/generic-hardened-cc1 -fasynchronous-unwind-tables -fstack-clash-protection -c snapd-price.c  -fPIC -DPIC -o .libs/libsnapd_glib_la-snapd-price.o
[ 3228s] make[3]: Leaving directory '/home/abuild/rpmbuild/BUILD/snapd-glib-1.43/snapd-glib'
[ 3230s] make[3]: Entering directory '/home/abuild/rpmbuild/BUILD/snapd-glib-1.43/snapd-glib'
[ 3230s] /bin/sh ../libtool  --tag=CC   --mode=compile gcc -DHAVE_CONFIG_H -I. -I..  -DSNAPD_COMPILATION=1 -DG_LOG_DOMAIN=\"Snapd\" -I.. -I..   -I/usr/include/glib-2.0 -I/usr/lib64/glib-2.0/include -I/usr/include/libmount -I/usr/include/blkid -I/usr/include/gio-unix-2.0 -I/usr/include/libsoup-2.4 -I/usr/include/sysprof-4 -I/usr/include/libxml2 -I/usr/include/json-glib-1.0 -pthread  -Wall -O2 -g -pipe -Wall -Werror=format-security -Wp,-D_FORTIFY_SOURCE=2 -Wp,-D_GLIBCXX_ASSERTIONS -fstack-protector-strong -grecord-gcc-switches -specs=/usr/lib/rpm/generic-hardened-cc1 -fasynchronous-unwind-tables -fstack-clash-protection -c -o libsnapd_glib_la-snapd-screenshot.lo `test -f 'snapd-screenshot.c' || echo './'`snapd-screenshot.c
[ 3230s] libtool: compile:  gcc -DHAVE_CONFIG_H -I. -I.. -DSNAPD_COMPILATION=1 -DG_LOG_DOMAIN=\"Snapd\" -I.. -I.. -I/usr/include/glib-2.0 -I/usr/lib64/glib-2.0/include -I/usr/include/libmount -I/usr/include/blkid -I/usr/include/gio-unix-2.0 -I/usr/include/libsoup-2.4 -I/usr/include/sysprof-4 -I/usr/include/libxml2 -I/usr/include/json-glib-1.0 -pthread -Wall -O2 -g -pipe -Wall -Werror=format-security -Wp,-D_FORTIFY_SOURCE=2 -Wp,-D_GLIBCXX_ASSERTIONS -fstack-protector-strong -grecord-gcc-switches -specs=/usr/lib/rpm/generic-hardened-cc1 -fasynchronous-unwind-tables -fstack-clash-protection -c snapd-screenshot.c  -fPIC -DPIC -o .libs/libsnapd_glib_la-snapd-screenshot.o
[ 3230s] make[3]: Leaving directory '/home/abuild/rpmbuild/BUILD/snapd-glib-1.43/snapd-glib'
[ 3231s] make[3]: Entering directory '/home/abuild/rpmbuild/BUILD/snapd-glib-1.43/snapd-glib'
[ 3231s] /bin/sh ../libtool  --tag=CC   --mode=compile gcc -DHAVE_CONFIG_H -I. -I..  -DSNAPD_COMPILATION=1 -DG_LOG_DOMAIN=\"Snapd\" -I.. -I..   -I/usr/include/glib-2.0 -I/usr/lib64/glib-2.0/include -I/usr/include/libmount -I/usr/include/blkid -I/usr/include/gio-unix-2.0 -I/usr/include/libsoup-2.4 -I/usr/include/sysprof-4 -I/usr/include/libxml2 -I/usr/include/json-glib-1.0 -pthread  -Wall -O2 -g -pipe -Wall -Werror=format-security -Wp,-D_FORTIFY_SOURCE=2 -Wp,-D_GLIBCXX_ASSERTIONS -fstack-protector-strong -grecord-gcc-switches -specs=/usr/lib/rpm/generic-hardened-cc1 -fasynchronous-unwind-tables -fstack-clash-protection -c -o libsnapd_glib_la-snapd-plug.lo `test -f 'snapd-plug.c' || echo './'`snapd-plug.c
[ 3231s] libtool: compile:  gcc -DHAVE_CONFIG_H -I. -I.. -DSNAPD_COMPILATION=1 -DG_LOG_DOMAIN=\"Snapd\" -I.. -I.. -I/usr/include/glib-2.0 -I/usr/lib64/glib-2.0/include -I/usr/include/libmount -I/usr/include/blkid -I/usr/include/gio-unix-2.0 -I/usr/include/libsoup-2.4 -I/usr/include/sysprof-4 -I/usr/include/libxml2 -I/usr/include/json-glib-1.0 -pthread -Wall -O2 -g -pipe -Wall -Werror=format-security -Wp,-D_FORTIFY_SOURCE=2 -Wp,-D_GLIBCXX_ASSERTIONS -fstack-protector-strong -grecord-gcc-switches -specs=/usr/lib/rpm/generic-hardened-cc1 -fasynchronous-unwind-tables -fstack-clash-protection -c snapd-plug.c  -fPIC -DPIC -o .libs/libsnapd_glib_la-snapd-plug.o
[ 3231s] make[3]: Leaving directory '/home/abuild/rpmbuild/BUILD/snapd-glib-1.43/snapd-glib'
[ 3231s] make[3]: Entering directory '/home/abuild/rpmbuild/BUILD/snapd-glib-1.43/snapd-glib'
[ 3231s] /bin/sh ../libtool  --tag=CC   --mode=compile gcc -DHAVE_CONFIG_H -I. -I..  -DSNAPD_COMPILATION=1 -DG_LOG_DOMAIN=\"Snapd\" -I.. -I..   -I/usr/include/glib-2.0 -I/usr/lib64/glib-2.0/include -I/usr/include/libmount -I/usr/include/blkid -I/usr/include/gio-unix-2.0 -I/usr/include/libsoup-2.4 -I/usr/include/sysprof-4 -I/usr/include/libxml2 -I/usr/include/json-glib-1.0 -pthread  -Wall -O2 -g -pipe -Wall -Werror=format-security -Wp,-D_FORTIFY_SOURCE=2 -Wp,-D_GLIBCXX_ASSERTIONS -fstack-protector-strong -grecord-gcc-switches -specs=/usr/lib/rpm/generic-hardened-cc1 -fasynchronous-unwind-tables -fstack-clash-protection -c -o libsnapd_glib_la-snapd-login.lo `test -f 'snapd-login.c' || echo './'`snapd-login.c
[ 3231s] libtool: compile:  gcc -DHAVE_CONFIG_H -I. -I.. -DSNAPD_COMPILATION=1 -DG_LOG_DOMAIN=\"Snapd\" -I.. -I.. -I/usr/include/glib-2.0 -I/usr/lib64/glib-2.0/include -I/usr/include/libmount -I/usr/include/blkid -I/usr/include/gio-unix-2.0 -I/usr/include/libsoup-2.4 -I/usr/include/sysprof-4 -I/usr/include/libxml2 -I/usr/include/json-glib-1.0 -pthread -Wall -O2 -g -pipe -Wall -Werror=format-security -Wp,-D_FORTIFY_SOURCE=2 -Wp,-D_GLIBCXX_ASSERTIONS -fstack-protector-strong -grecord-gcc-switches -specs=/usr/lib/rpm/generic-hardened-cc1 -fasynchronous-unwind-tables -fstack-clash-protection -c snapd-login.c  -fPIC -DPIC -o .libs/libsnapd_glib_la-snapd-login.o
[ 3231s] make[3]: Leaving directory '/home/abuild/rpmbuild/BUILD/snapd-glib-1.43/snapd-glib'
[ 3233s] make[3]: Entering directory '/home/abuild/rpmbuild/BUILD/snapd-glib-1.43/snapd-glib'
[ 3233s] /bin/sh ../libtool  --tag=CC   --mode=compile gcc -DHAVE_CONFIG_H -I. -I..  -DSNAPD_COMPILATION=1 -DG_LOG_DOMAIN=\"Snapd\" -I.. -I..   -I/usr/include/glib-2.0 -I/usr/lib64/glib-2.0/include -I/usr/include/libmount -I/usr/include/blkid -I/usr/include/gio-unix-2.0 -I/usr/include/libsoup-2.4 -I/usr/include/sysprof-4 -I/usr/include/libxml2 -I/usr/include/json-glib-1.0 -pthread  -Wall -O2 -g -pipe -Wall -Werror=format-security -Wp,-D_FORTIFY_SOURCE=2 -Wp,-D_GLIBCXX_ASSERTIONS -fstack-protector-strong -grecord-gcc-switches -specs=/usr/lib/rpm/generic-hardened-cc1 -fasynchronous-unwind-tables -fstack-clash-protection -c -o libsnapd_glib_la-snapd-slot.lo `test -f 'snapd-slot.c' || echo './'`snapd-slot.c
[ 3233s] libtool: compile:  gcc -DHAVE_CONFIG_H -I. -I.. -DSNAPD_COMPILATION=1 -DG_LOG_DOMAIN=\"Snapd\" -I.. -I.. -I/usr/include/glib-2.0 -I/usr/lib64/glib-2.0/include -I/usr/include/libmount -I/usr/include/blkid -I/usr/include/gio-unix-2.0 -I/usr/include/libsoup-2.4 -I/usr/include/sysprof-4 -I/usr/include/libxml2 -I/usr/include/json-glib-1.0 -pthread -Wall -O2 -g -pipe -Wall -Werror=format-security -Wp,-D_FORTIFY_SOURCE=2 -Wp,-D_GLIBCXX_ASSERTIONS -fstack-protector-strong -grecord-gcc-switches -specs=/usr/lib/rpm/generic-hardened-cc1 -fasynchronous-unwind-tables -fstack-clash-protection -c snapd-slot.c  -fPIC -DPIC -o .libs/libsnapd_glib_la-snapd-slot.o
[ 3233s] make[3]: Leaving directory '/home/abuild/rpmbuild/BUILD/snapd-glib-1.43/snapd-glib'
[ 3233s] make[3]: Entering directory '/home/abuild/rpmbuild/BUILD/snapd-glib-1.43/snapd-glib'
[ 3233s] /bin/sh ../libtool  --tag=CC   --mode=compile gcc -DHAVE_CONFIG_H -I. -I..  -DSNAPD_COMPILATION=1 -DG_LOG_DOMAIN=\"Snapd\" -I.. -I..   -I/usr/include/glib-2.0 -I/usr/lib64/glib-2.0/include -I/usr/include/libmount -I/usr/include/blkid -I/usr/include/gio-unix-2.0 -I/usr/include/libsoup-2.4 -I/usr/include/sysprof-4 -I/usr/include/libxml2 -I/usr/include/json-glib-1.0 -pthread  -Wall -O2 -g -pipe -Wall -Werror=format-security -Wp,-D_FORTIFY_SOURCE=2 -Wp,-D_GLIBCXX_ASSERTIONS -fstack-protector-strong -grecord-gcc-switches -specs=/usr/lib/rpm/generic-hardened-cc1 -fasynchronous-unwind-tables -fstack-clash-protection -c -o libsnapd_glib_la-snapd-client-sync.lo `test -f 'snapd-client-sync.c' || echo './'`snapd-client-sync.c
[ 3233s] libtool: compile:  gcc -DHAVE_CONFIG_H -I. -I.. -DSNAPD_COMPILATION=1 -DG_LOG_DOMAIN=\"Snapd\" -I.. -I.. -I/usr/include/glib-2.0 -I/usr/lib64/glib-2.0/include -I/usr/include/libmount -I/usr/include/blkid -I/usr/include/gio-unix-2.0 -I/usr/include/libsoup-2.4 -I/usr/include/sysprof-4 -I/usr/include/libxml2 -I/usr/include/json-glib-1.0 -pthread -Wall -O2 -g -pipe -Wall -Werror=format-security -Wp,-D_FORTIFY_SOURCE=2 -Wp,-D_GLIBCXX_ASSERTIONS -fstack-protector-strong -grecord-gcc-switches -specs=/usr/lib/rpm/generic-hardened-cc1 -fasynchronous-unwind-tables -fstack-clash-protection -c snapd-client-sync.c  -fPIC -DPIC -o .libs/libsnapd_glib_la-snapd-client-sync.o
[ 3233s] make[3]: Leaving directory '/home/abuild/rpmbuild/BUILD/snapd-glib-1.43/snapd-glib'
[ 3244s] make[3]: Entering directory '/home/abuild/rpmbuild/BUILD/snapd-glib-1.43/snapd-glib'
[ 3244s] /bin/sh ../libtool  --tag=CC   --mode=compile gcc -DHAVE_CONFIG_H -I. -I..  -DSNAPD_COMPILATION=1 -DG_LOG_DOMAIN=\"Snapd\" -I.. -I..   -I/usr/include/glib-2.0 -I/usr/lib64/glib-2.0/include -I/usr/include/libmount -I/usr/include/blkid -I/usr/include/gio-unix-2.0 -I/usr/include/libsoup-2.4 -I/usr/include/sysprof-4 -I/usr/include/libxml2 -I/usr/include/json-glib-1.0 -pthread  -Wall -O2 -g -pipe -Wall -Werror=format-security -Wp,-D_FORTIFY_SOURCE=2 -Wp,-D_GLIBCXX_ASSERTIONS -fstack-protector-strong -grecord-gcc-switches -specs=/usr/lib/rpm/generic-hardened-cc1 -fasynchronous-unwind-tables -fstack-clash-protection -c -o libsnapd_glib_la-snapd-user-information.lo `test -f 'snapd-user-information.c' || echo './'`snapd-user-information.c
[ 3244s] libtool: compile:  gcc -DHAVE_CONFIG_H -I. -I.. -DSNAPD_COMPILATION=1 -DG_LOG_DOMAIN=\"Snapd\" -I.. -I.. -I/usr/include/glib-2.0 -I/usr/lib64/glib-2.0/include -I/usr/include/libmount -I/usr/include/blkid -I/usr/include/gio-unix-2.0 -I/usr/include/libsoup-2.4 -I/usr/include/sysprof-4 -I/usr/include/libxml2 -I/usr/include/json-glib-1.0 -pthread -Wall -O2 -g -pipe -Wall -Werror=format-security -Wp,-D_FORTIFY_SOURCE=2 -Wp,-D_GLIBCXX_ASSERTIONS -fstack-protector-strong -grecord-gcc-switches -specs=/usr/lib/rpm/generic-hardened-cc1 -fasynchronous-unwind-tables -fstack-clash-protection -c snapd-user-information.c  -fPIC -DPIC -o .libs/libsnapd_glib_la-snapd-user-information.o
[ 3244s] make[3]: Leaving directory '/home/abuild/rpmbuild/BUILD/snapd-glib-1.43/snapd-glib'
[ 3245s] make[3]: Entering directory '/home/abuild/rpmbuild/BUILD/snapd-glib-1.43/snapd-glib'
[ 3245s] /bin/sh ../libtool  --tag=CC   --mode=compile gcc -DHAVE_CONFIG_H -I. -I..  -DSNAPD_COMPILATION=1 -DG_LOG_DOMAIN=\"Snapd\" -I.. -I..   -I/usr/include/glib-2.0 -I/usr/lib64/glib-2.0/include -I/usr/include/libmount -I/usr/include/blkid -I/usr/include/gio-unix-2.0 -I/usr/include/libsoup-2.4 -I/usr/include/sysprof-4 -I/usr/include/libxml2 -I/usr/include/json-glib-1.0 -pthread  -Wall -O2 -g -pipe -Wall -Werror=format-security -Wp,-D_FORTIFY_SOURCE=2 -Wp,-D_GLIBCXX_ASSERTIONS -fstack-protector-strong -grecord-gcc-switches -specs=/usr/lib/rpm/generic-hardened-cc1 -fasynchronous-unwind-tables -fstack-clash-protection -c -o libsnapd_glib_la-snapd-system-information.lo `test -f 'snapd-system-information.c' || echo './'`snapd-system-information.c
[ 3245s] libtool: compile:  gcc -DHAVE_CONFIG_H -I. -I.. -DSNAPD_COMPILATION=1 -DG_LOG_DOMAIN=\"Snapd\" -I.. -I.. -I/usr/include/glib-2.0 -I/usr/lib64/glib-2.0/include -I/usr/include/libmount -I/usr/include/blkid -I/usr/include/gio-unix-2.0 -I/usr/include/libsoup-2.4 -I/usr/include/sysprof-4 -I/usr/include/libxml2 -I/usr/include/json-glib-1.0 -pthread -Wall -O2 -g -pipe -Wall -Werror=format-security -Wp,-D_FORTIFY_SOURCE=2 -Wp,-D_GLIBCXX_ASSERTIONS -fstack-protector-strong -grecord-gcc-switches -specs=/usr/lib/rpm/generic-hardened-cc1 -fasynchronous-unwind-tables -fstack-clash-protection -c snapd-system-information.c  -fPIC -DPIC -o .libs/libsnapd_glib_la-snapd-system-information.o
[ 3245s] make[3]: Leaving directory '/home/abuild/rpmbuild/BUILD/snapd-glib-1.43/snapd-glib'
[ 3246s] make[3]: Entering directory '/home/abuild/rpmbuild/BUILD/snapd-glib-1.43/snapd-glib'
[ 3246s] /bin/sh ../libtool  --tag=CC   --mode=compile gcc -DHAVE_CONFIG_H -I. -I..  -DSNAPD_COMPILATION=1 -DG_LOG_DOMAIN=\"Snapd\" -I.. -I..   -I/usr/include/glib-2.0 -I/usr/lib64/glib-2.0/include -I/usr/include/libmount -I/usr/include/blkid -I/usr/include/gio-unix-2.0 -I/usr/include/libsoup-2.4 -I/usr/include/sysprof-4 -I/usr/include/libxml2 -I/usr/include/json-glib-1.0 -pthread  -Wall -O2 -g -pipe -Wall -Werror=format-security -Wp,-D_FORTIFY_SOURCE=2 -Wp,-D_GLIBCXX_ASSERTIONS -fstack-protector-strong -grecord-gcc-switches -specs=/usr/lib/rpm/generic-hardened-cc1 -fasynchronous-unwind-tables -fstack-clash-protection -c -o libsnapd_glib_la-snapd-task.lo `test -f 'snapd-task.c' || echo './'`snapd-task.c
[ 3246s] libtool: compile:  gcc -DHAVE_CONFIG_H -I. -I.. -DSNAPD_COMPILATION=1 -DG_LOG_DOMAIN=\"Snapd\" -I.. -I.. -I/usr/include/glib-2.0 -I/usr/lib64/glib-2.0/include -I/usr/include/libmount -I/usr/include/blkid -I/usr/include/gio-unix-2.0 -I/usr/include/libsoup-2.4 -I/usr/include/sysprof-4 -I/usr/include/libxml2 -I/usr/include/json-glib-1.0 -pthread -Wall -O2 -g -pipe -Wall -Werror=format-security -Wp,-D_FORTIFY_SOURCE=2 -Wp,-D_GLIBCXX_ASSERTIONS -fstack-protector-strong -grecord-gcc-switches -specs=/usr/lib/rpm/generic-hardened-cc1 -fasynchronous-unwind-tables -fstack-clash-protection -c snapd-task.c  -fPIC -DPIC -o .libs/libsnapd_glib_la-snapd-task.o
[ 3246s] make[3]: Leaving directory '/home/abuild/rpmbuild/BUILD/snapd-glib-1.43/snapd-glib'
[ 3247s] make[3]: Entering directory '/home/abuild/rpmbuild/BUILD/snapd-glib-1.43/snapd-glib'
[ 3247s] /bin/sh ../libtool  --tag=CC   --mode=compile gcc -DHAVE_CONFIG_H -I. -I..  -DSNAPD_COMPILATION=1 -DG_LOG_DOMAIN=\"Snapd\" -I.. -I..   -I/usr/include/glib-2.0 -I/usr/lib64/glib-2.0/include -I/usr/include/libmount -I/usr/include/blkid -I/usr/include/gio-unix-2.0 -I/usr/include/libsoup-2.4 -I/usr/include/sysprof-4 -I/usr/include/libxml2 -I/usr/include/json-glib-1.0 -pthread  -Wall -O2 -g -pipe -Wall -Werror=format-security -Wp,-D_FORTIFY_SOURCE=2 -Wp,-D_GLIBCXX_ASSERTIONS -fstack-protector-strong -grecord-gcc-switches -specs=/usr/lib/rpm/generic-hardened-cc1 -fasynchronous-unwind-tables -fstack-clash-protection -c -o libsnapd_glib_la-snapd-snap.lo `test -f 'snapd-snap.c' || echo './'`snapd-snap.c
[ 3247s] libtool: compile:  gcc -DHAVE_CONFIG_H -I. -I.. -DSNAPD_COMPILATION=1 -DG_LOG_DOMAIN=\"Snapd\" -I.. -I.. -I/usr/include/glib-2.0 -I/usr/lib64/glib-2.0/include -I/usr/include/libmount -I/usr/include/blkid -I/usr/include/gio-unix-2.0 -I/usr/include/libsoup-2.4 -I/usr/include/sysprof-4 -I/usr/include/libxml2 -I/usr/include/json-glib-1.0 -pthread -Wall -O2 -g -pipe -Wall -Werror=format-security -Wp,-D_FORTIFY_SOURCE=2 -Wp,-D_GLIBCXX_ASSERTIONS -fstack-protector-strong -grecord-gcc-switches -specs=/usr/lib/rpm/generic-hardened-cc1 -fasynchronous-unwind-tables -fstack-clash-protection -c snapd-snap.c  -fPIC -DPIC -o .libs/libsnapd_glib_la-snapd-snap.o
[ 3247s] make[3]: Leaving directory '/home/abuild/rpmbuild/BUILD/snapd-glib-1.43/snapd-glib'
[ 3248s] make[3]: Entering directory '/home/abuild/rpmbuild/BUILD/snapd-glib-1.43/snapd-glib'
[ 3248s] /bin/sh ../libtool  --tag=CC   --mode=compile gcc -DHAVE_CONFIG_H -I. -I..  -DSNAPD_COMPILATION=1 -DG_LOG_DOMAIN=\"Snapd\" -I.. -I..   -I/usr/include/glib-2.0 -I/usr/lib64/glib-2.0/include -I/usr/include/libmount -I/usr/include/blkid -I/usr/include/gio-unix-2.0 -I/usr/include/libsoup-2.4 -I/usr/include/sysprof-4 -I/usr/include/libxml2 -I/usr/include/json-glib-1.0 -pthread  -Wall -O2 -g -pipe -Wall -Werror=format-security -Wp,-D_FORTIFY_SOURCE=2 -Wp,-D_GLIBCXX_ASSERTIONS -fstack-protector-strong -grecord-gcc-switches -specs=/usr/lib/rpm/generic-hardened-cc1 -fasynchronous-unwind-tables -fstack-clash-protection -c -o libsnapd_glib_la-snapd-enum-types.lo `test -f 'snapd-enum-types.c' || echo './'`snapd-enum-types.c
[ 3248s] libtool: compile:  gcc -DHAVE_CONFIG_H -I. -I.. -DSNAPD_COMPILATION=1 -DG_LOG_DOMAIN=\"Snapd\" -I.. -I.. -I/usr/include/glib-2.0 -I/usr/lib64/glib-2.0/include -I/usr/include/libmount -I/usr/include/blkid -I/usr/include/gio-unix-2.0 -I/usr/include/libsoup-2.4 -I/usr/include/sysprof-4 -I/usr/include/libxml2 -I/usr/include/json-glib-1.0 -pthread -Wall -O2 -g -pipe -Wall -Werror=format-security -Wp,-D_FORTIFY_SOURCE=2 -Wp,-D_GLIBCXX_ASSERTIONS -fstack-protector-strong -grecord-gcc-switches -specs=/usr/lib/rpm/generic-hardened-cc1 -fasynchronous-unwind-tables -fstack-clash-protection -c snapd-enum-types.c  -fPIC -DPIC -o .libs/libsnapd_glib_la-snapd-enum-types.o
[ 3248s] make[3]: Leaving directory '/home/abuild/rpmbuild/BUILD/snapd-glib-1.43/snapd-glib'
[ 3249s] make[3]: Entering directory '/home/abuild/rpmbuild/BUILD/snapd-glib-1.43/snapd-glib'
[ 3249s] /bin/sh ../libtool  --tag=CC   --mode=compile gcc -DHAVE_CONFIG_H -I. -I..  -DSNAPD_COMPILATION=1 -DG_LOG_DOMAIN=\"Snapd\" -I.. -I..   -I/usr/include/glib-2.0 -I/usr/lib64/glib-2.0/include -I/usr/include/libmount -I/usr/include/blkid -I/usr/include/gio-unix-2.0 -I/usr/include/libsoup-2.4 -I/usr/include/sysprof-4 -I/usr/include/libxml2 -I/usr/include/json-glib-1.0 -pthread  -Wall -O2 -g -pipe -Wall -Werror=format-security -Wp,-D_FORTIFY_SOURCE=2 -Wp,-D_GLIBCXX_ASSERTIONS -fstack-protector-strong -grecord-gcc-switches -specs=/usr/lib/rpm/generic-hardened-cc1 -fasynchronous-unwind-tables -fstack-clash-protection -c -o libsnapd_glib_la-snapd-client.lo `test -f 'snapd-client.c' || echo './'`snapd-client.c
[ 3249s] libtool: compile:  gcc -DHAVE_CONFIG_H -I. -I.. -DSNAPD_COMPILATION=1 -DG_LOG_DOMAIN=\"Snapd\" -I.. -I.. -I/usr/include/glib-2.0 -I/usr/lib64/glib-2.0/include -I/usr/include/libmount -I/usr/include/blkid -I/usr/include/gio-unix-2.0 -I/usr/include/libsoup-2.4 -I/usr/include/sysprof-4 -I/usr/include/libxml2 -I/usr/include/json-glib-1.0 -pthread -Wall -O2 -g -pipe -Wall -Werror=format-security -Wp,-D_FORTIFY_SOURCE=2 -Wp,-D_GLIBCXX_ASSERTIONS -fstack-protector-strong -grecord-gcc-switches -specs=/usr/lib/rpm/generic-hardened-cc1 -fasynchronous-unwind-tables -fstack-clash-protection -c snapd-client.c  -fPIC -DPIC -o .libs/libsnapd_glib_la-snapd-client.o
[ 3249s] make[3]: Leaving directory '/home/abuild/rpmbuild/BUILD/snapd-glib-1.43/snapd-glib'
[ 3266s] make[3]: Entering directory '/home/abuild/rpmbuild/BUILD/snapd-glib-1.43/snapd-glib'
[ 3266s] /bin/sh ../libtool  --tag=CC   --mode=link gcc -I/usr/include/glib-2.0 -I/usr/lib64/glib-2.0/include -I/usr/include/libmount -I/usr/include/blkid -I/usr/include/gio-unix-2.0 -I/usr/include/libsoup-2.4 -I/usr/include/sysprof-4 -I/usr/include/libxml2 -I/usr/include/json-glib-1.0 -pthread  -Wall -O2 -g -pipe -Wall -Werror=format-security -Wp,-D_FORTIFY_SOURCE=2 -Wp,-D_GLIBCXX_ASSERTIONS -fstack-protector-strong -grecord-gcc-switches -specs=/usr/lib/rpm/generic-hardened-cc1 -fasynchronous-unwind-tables -fstack-clash-protection -version-info 1:0:0 -export-symbols-regex \^snapd_.* -Wl,-z,relro   -Wl,-z,now -specs=/usr/lib/rpm/generic-hardened-ld -o libsnapd-glib.la -rpath /usr/lib64 libsnapd_glib_la-snapd-json.lo libsnapd_glib_la-snapd-get-aliases.lo libsnapd_glib_la-snapd-get-apps.lo libsnapd_glib_la-snapd-get-assertions.lo libsnapd_glib_la-snapd-get-buy-ready.lo libsnapd_glib_la-snapd-get-change.lo libsnapd_glib_la-snapd-get-changes.lo libsnapd_glib_la-snapd-get-find.lo libsnapd_glib_la-snapd-get-icon.lo libsnapd_glib_la-snapd-get-interfaces.lo libsnapd_glib_la-snapd-get-sections.lo libsnapd_glib_la-snapd-get-snap.lo libsnapd_glib_la-snapd-get-snaps.lo libsnapd_glib_la-snapd-get-system-info.lo libsnapd_glib_la-snapd-get-users.lo libsnapd_glib_la-snapd-post-aliases.lo libsnapd_glib_la-snapd-post-assertions.lo libsnapd_glib_la-snapd-post-buy.lo libsnapd_glib_la-snapd-post-change.lo libsnapd_glib_la-snapd-post-create-user.lo libsnapd_glib_la-snapd-post-create-users.lo libsnapd_glib_la-snapd-post-interfaces.lo libsnapd_glib_la-snapd-post-login.lo libsnapd_glib_la-snapd-post-snap.lo libsnapd_glib_la-snapd-post-snap-stream.lo libsnapd_glib_la-snapd-post-snap-try.lo libsnapd_glib_la-snapd-post-snaps.lo libsnapd_glib_la-snapd-post-snapctl.lo libsnapd_glib_la-snapd-request.lo libsnapd_glib_la-snapd-request-async.lo libsnapd_glib_la-snapd-alias.lo libsnapd_glib_la-snapd-app.lo libsnapd_glib_la-snapd-assertion.lo libsnapd_glib_la-snapd-auth-data.lo libsnapd_glib_la-snapd-change.lo libsnapd_glib_la-snapd-channel.lo libsnapd_glib_la-snapd-client.lo libsnapd_glib_la-snapd-client-sync.lo libsnapd_glib_la-snapd-connection.lo libsnapd_glib_la-snapd-error.lo libsnapd_glib_la-snapd-icon.lo libsnapd_glib_la-snapd-login.lo libsnapd_glib_la-snapd-plug.lo libsnapd_glib_la-snapd-price.lo libsnapd_glib_la-snapd-screenshot.lo libsnapd_glib_la-snapd-slot.lo libsnapd_glib_la-snapd-snap.lo libsnapd_glib_la-snapd-system-information.lo libsnapd_glib_la-snapd-task.lo libsnapd_glib_la-snapd-user-information.lo    libsnapd_glib_la-snapd-enum-types.lo -lsoup-2.4 -ljson-glib-1.0 -lgio-2.0 -lgobject-2.0 -lglib-2.0  
[ 3266s] libtool: link: /usr/bin/nm -B  .libs/libsnapd_glib_la-snapd-json.o .libs/libsnapd_glib_la-snapd-get-aliases.o .libs/libsnapd_glib_la-snapd-get-apps.o .libs/libsnapd_glib_la-snapd-get-assertions.o .libs/libsnapd_glib_la-snapd-get-buy-ready.o .libs/libsnapd_glib_la-snapd-get-change.o .libs/libsnapd_glib_la-snapd-get-changes.o .libs/libsnapd_glib_la-snapd-get-find.o .libs/libsnapd_glib_la-snapd-get-icon.o .libs/libsnapd_glib_la-snapd-get-interfaces.o .libs/libsnapd_glib_la-snapd-get-sections.o .libs/libsnapd_glib_la-snapd-get-snap.o .libs/libsnapd_glib_la-snapd-get-snaps.o .libs/libsnapd_glib_la-snapd-get-system-info.o .libs/libsnapd_glib_la-snapd-get-users.o .libs/libsnapd_glib_la-snapd-post-aliases.o .libs/libsnapd_glib_la-snapd-post-assertions.o .libs/libsnapd_glib_la-snapd-post-buy.o .libs/libsnapd_glib_la-snapd-post-change.o .libs/libsnapd_glib_la-snapd-post-create-user.o .libs/libsnapd_glib_la-snapd-post-create-users.o .libs/libsnapd_glib_la-snapd-post-interfaces.o .libs/libsnapd_glib_la-snapd-post-login.o .libs/libsnapd_glib_la-snapd-post-snap.o .libs/libsnapd_glib_la-snapd-post-snap-stream.o .libs/libsnapd_glib_la-snapd-post-snap-try.o .libs/libsnapd_glib_la-snapd-post-snaps.o .libs/libsnapd_glib_la-snapd-post-snapctl.o .libs/libsnapd_glib_la-snapd-request.o .libs/libsnapd_glib_la-snapd-request-async.o .libs/libsnapd_glib_la-snapd-alias.o .libs/libsnapd_glib_la-snapd-app.o .libs/libsnapd_glib_la-snapd-assertion.o .libs/libsnapd_glib_la-snapd-auth-data.o .libs/libsnapd_glib_la-snapd-change.o .libs/libsnapd_glib_la-snapd-channel.o .libs/libsnapd_glib_la-snapd-client.o .libs/libsnapd_glib_la-snapd-client-sync.o .libs/libsnapd_glib_la-snapd-connection.o .libs/libsnapd_glib_la-snapd-error.o .libs/libsnapd_glib_la-snapd-icon.o .libs/libsnapd_glib_la-snapd-login.o .libs/libsnapd_glib_la-snapd-plug.o .libs/libsnapd_glib_la-snapd-price.o .libs/libsnapd_glib_la-snapd-screenshot.o .libs/libsnapd_glib_la-snapd-slot.o .libs/libsnapd_glib_la-snapd-snap.o .libs/libsnapd_glib_la-snapd-system-information.o .libs/libsnapd_glib_la-snapd-task.o .libs/libsnapd_glib_la-snapd-user-information.o .libs/libsnapd_glib_la-snapd-enum-types.o   | sed -n -e 's/^.*[	 ]\([ABCDGIRSTW][ABCDGIRSTW]*\)[	 ][	 ]*\([_A-Za-z][_A-Za-z0-9]*\)$/\1 \2 \2/p' | sed '/ __gnu_lto/d' | /usr/bin/sed 's/.* //' | sort | uniq > .libs/libsnapd-glib.exp
[ 3266s] libtool: link: /usr/bin/grep -E -e "^snapd_.*" ".libs/libsnapd-glib.exp" > ".libs/libsnapd-glib.expT"
[ 3266s] libtool: link: mv -f ".libs/libsnapd-glib.expT" ".libs/libsnapd-glib.exp"
[ 3266s] libtool: link: echo "{ global:" > .libs/libsnapd-glib.ver
[ 3266s] libtool: link:  cat .libs/libsnapd-glib.exp | sed -e "s/\(.*\)/\1;/" >> .libs/libsnapd-glib.ver
[ 3266s] libtool: link:  echo "local: *; };" >> .libs/libsnapd-glib.ver
[ 3266s] libtool: link:  gcc -shared  -fPIC -DPIC  .libs/libsnapd_glib_la-snapd-json.o .libs/libsnapd_glib_la-snapd-get-aliases.o .libs/libsnapd_glib_la-snapd-get-apps.o .libs/libsnapd_glib_la-snapd-get-assertions.o .libs/libsnapd_glib_la-snapd-get-buy-ready.o .libs/libsnapd_glib_la-snapd-get-change.o .libs/libsnapd_glib_la-snapd-get-changes.o .libs/libsnapd_glib_la-snapd-get-find.o .libs/libsnapd_glib_la-snapd-get-icon.o .libs/libsnapd_glib_la-snapd-get-interfaces.o .libs/libsnapd_glib_la-snapd-get-sections.o .libs/libsnapd_glib_la-snapd-get-snap.o .libs/libsnapd_glib_la-snapd-get-snaps.o .libs/libsnapd_glib_la-snapd-get-system-info.o .libs/libsnapd_glib_la-snapd-get-users.o .libs/libsnapd_glib_la-snapd-post-aliases.o .libs/libsnapd_glib_la-snapd-post-assertions.o .libs/libsnapd_glib_la-snapd-post-buy.o .libs/libsnapd_glib_la-snapd-post-change.o .libs/libsnapd_glib_la-snapd-post-create-user.o .libs/libsnapd_glib_la-snapd-post-create-users.o .libs/libsnapd_glib_la-snapd-post-interfaces.o .libs/libsnapd_glib_la-snapd-post-login.o .libs/libsnapd_glib_la-snapd-post-snap.o .libs/libsnapd_glib_la-snapd-post-snap-stream.o .libs/libsnapd_glib_la-snapd-post-snap-try.o .libs/libsnapd_glib_la-snapd-post-snaps.o .libs/libsnapd_glib_la-snapd-post-snapctl.o .libs/libsnapd_glib_la-snapd-request.o .libs/libsnapd_glib_la-snapd-request-async.o .libs/libsnapd_glib_la-snapd-alias.o .libs/libsnapd_glib_la-snapd-app.o .libs/libsnapd_glib_la-snapd-assertion.o .libs/libsnapd_glib_la-snapd-auth-data.o .libs/libsnapd_glib_la-snapd-change.o .libs/libsnapd_glib_la-snapd-channel.o .libs/libsnapd_glib_la-snapd-client.o .libs/libsnapd_glib_la-snapd-client-sync.o .libs/libsnapd_glib_la-snapd-connection.o .libs/libsnapd_glib_la-snapd-error.o .libs/libsnapd_glib_la-snapd-icon.o .libs/libsnapd_glib_la-snapd-login.o .libs/libsnapd_glib_la-snapd-plug.o .libs/libsnapd_glib_la-snapd-price.o .libs/libsnapd_glib_la-snapd-screenshot.o .libs/libsnapd_glib_la-snapd-slot.o .libs/libsnapd_glib_la-snapd-snap.o .libs/libsnapd_glib_la-snapd-system-information.o .libs/libsnapd_glib_la-snapd-task.o .libs/libsnapd_glib_la-snapd-user-information.o .libs/libsnapd_glib_la-snapd-enum-types.o   -lsoup-2.4 -ljson-glib-1.0 -lgio-2.0 -lgobject-2.0 -lglib-2.0 -Wl,-z,now -specs=/usr/lib/rpm/generic-hardened-ld -pthread -O2 -g -fstack-protector-strong -grecord-gcc-switches -specs=/usr/lib/rpm/generic-hardened-cc1 -Wl,-z -Wl,relro -Wl,-z -Wl,now -specs=/usr/lib/rpm/generic-hardened-ld   -pthread -Wl,-soname -Wl,libsnapd-glib.so.1 -Wl,-version-script -Wl,.libs/libsnapd-glib.ver -o .libs/libsnapd-glib.so.1.0.0
[ 3266s] libtool: link: (cd ".libs" && rm -f "libsnapd-glib.so.1" && ln -s "libsnapd-glib.so.1.0.0" "libsnapd-glib.so.1")
[ 3266s] libtool: link: (cd ".libs" && rm -f "libsnapd-glib.so" && ln -s "libsnapd-glib.so.1.0.0" "libsnapd-glib.so")
[ 3266s] libtool: link: ( cd ".libs" && rm -f "libsnapd-glib.la" && ln -s "../libsnapd-glib.la" "libsnapd-glib.la" )
[ 3266s] make[3]: Leaving directory '/home/abuild/rpmbuild/BUILD/snapd-glib-1.43/snapd-glib'
[ 3270s] make[3]: Entering directory '/home/abuild/rpmbuild/BUILD/snapd-glib-1.43/snapd-glib'
[ 3270s] CPPFLAGS="" CFLAGS="-O2 -g -pipe -Wall -Werror=format-security -Wp,-D_FORTIFY_SOURCE=2 -Wp,-D_GLIBCXX_ASSERTIONS -fstack-protector-strong -grecord-gcc-switches -specs=/usr/lib/rpm/generic-hardened-cc1 -fasynchronous-unwind-tables -fstack-clash-protection" LDFLAGS="-Wl,-z,relro   -Wl,-z,now -specs=/usr/lib/rpm/generic-hardened-ld" CC="gcc" PKG_CONFIG="/usr/bin/riscv64-openEuler-linux-gnu-pkg-config" GI_HOST_OS="" DLLTOOL="false"  /usr/bin/g-ir-scanner   --namespace=Snapd --nsversion=1 --libtool="/bin/sh ../libtool"  --include=GObject-2.0 --include=Gio-2.0    --library=libsnapd-glib.la --warn-all --pkg-export snapd-glib --c-include "snapd-glib/snapd-glib.h" --cflags-begin -DSNAPD_COMPILATION=1 -I.. -I.. -I/usr/include/glib-2.0 -I/usr/lib64/glib-2.0/include -I/usr/include/libmount -I/usr/include/blkid -I/usr/include/gio-unix-2.0 -I/usr/include/libsoup-2.4 -I/usr/include/sysprof-4 -I/usr/include/libxml2 -I/usr/include/json-glib-1.0 -pthread  --cflags-end  snapd-alias.c snapd-app.c snapd-assertion.c snapd-auth-data.c snapd-change.c snapd-channel.c snapd-client.c snapd-client-sync.c snapd-connection.c snapd-error.c snapd-icon.c snapd-login.c snapd-plug.c snapd-price.c snapd-screenshot.c snapd-slot.c snapd-snap.c snapd-system-information.c snapd-task.c snapd-user-information.c snapd-alias.h snapd-app.h snapd-assertion.h snapd-auth-data.h snapd-change.h snapd-channel.h snapd-client.h snapd-connection.h snapd-error.h snapd-icon.h snapd-login.h snapd-plug.h snapd-price.h snapd-screenshot.h snapd-slot.h snapd-snap.h snapd-system-information.h snapd-task.h snapd-user-information.h snapd-version.h snapd-enum-types.h snapd-enum-types.c libsnapd-glib.la Makefile --output Snapd-1.gir
[ 3270s] Traceback (most recent call last):
[ 3270s]   File "/usr/bin/g-ir-scanner", line 98, in <module>
[ 3270s]     from giscanner.scannermain import scanner_main
[ 3270s]   File "/usr/lib64/gobject-introspection/giscanner/scannermain.py", line 35, in <module>
[ 3270s]     from giscanner.ast import Include, Namespace
[ 3270s]   File "/usr/lib64/gobject-introspection/giscanner/ast.py", line 29, in <module>
[ 3270s]     from .sourcescanner import CTYPE_TYPEDEF, CSYMBOL_TYPE_TYPEDEF
[ 3270s]   File "/usr/lib64/gobject-introspection/giscanner/sourcescanner.py", line 35, in <module>
[ 3270s]     from giscanner._giscanner import SourceScanner as CSourceScanner
[ 3270s] ModuleNotFoundError: No module named 'giscanner._giscanner'
[ 3270s] make[3]: *** [/usr/share/gobject-introspection-1.0/Makefile.introspection:156: Snapd-1.gir] Error 1
[ 3270s] make[3]: Leaving directory '/home/abuild/rpmbuild/BUILD/snapd-glib-1.43/snapd-glib'
[ 3270s] make[2]: *** [Makefile:610: all] Error 2
[ 3270s] make[1]: *** [Makefile:446: all-recursive] Error 1
[ 3270s] make: *** [Makefile:378: all] Error 2
[ 3270s] error: Bad exit status from /var/tmp/rpm-tmp.5NErup (%build)
[ 3270s] 
[ 3270s] 
[ 3270s] RPM build errors:
[ 3270s]     Bad exit status from /var/tmp/rpm-tmp.5NErup (%build)
[ 3271s] 
[ 3271s] oe-RISCV-worker27 failed "build snapd-glib.spec" at Sat Apr 16 05:29:06 UTC 2022.
[ 3271s] 
