[    1s] Memory limit set to 10955196KB
[    1s] Using BUILD_ROOT=/var/cache/obs/worker/root_1
[    1s] Using BUILD_ARCH=riscv64
[    1s] 
[    7s] 
[    7s] oe-RISCV-worker26 started "build _service:extract_file:swtpm.spec" at Sun Apr 24 03:04:26 UTC 2022.
[    7s] 
[    7s] Building swtpm for project 'openEuler:Mainline:RISC-V' repository 'advanced_riscv64' arch 'riscv64' srcmd5 '570a7483c0608aef71f1b3f9f8c7696b'
[    7s] 
[    7s] processing recipe /var/cache/obs/worker/root_1/.build-srcdir/_service:extract_file:swtpm.spec ...
[   12s] running changelog2spec --target rpm --file /var/cache/obs/worker/root_1/.build-srcdir/_service:extract_file:swtpm.spec
[   14s] init_buildsystem --configdir /var/run/obs/worker/1/build/configs --cachedir /var/cache/build --clean --rpmlist /var/cache/obs/worker/root_1/.build.rpmlist /var/cache/obs/worker/root_1/.build-srcdir/_service:extract_file:swtpm.spec build ...
[  125s] cycle: bash -> coreutils
[  125s]   breaking dependency coreutils -> bash
[  125s] cycle: bash -> coreutils -> info
[  125s]   breaking dependency coreutils -> info
[  125s] cycle: glibc -> filesystem -> bash -> coreutils
[  125s]   breaking dependency filesystem -> bash
[  125s] cycle: glibc -> filesystem -> coreutils
[  125s]   breaking dependency coreutils -> glibc
[  125s] cycle: glibc -> filesystem -> coreutils -> libacl
[  125s]   breaking dependency coreutils -> libacl
[  125s] cycle: glibc -> filesystem -> coreutils -> attr
[  125s]   breaking dependency coreutils -> attr
[  125s] cycle: coreutils -> libcap -> bash
[  125s]   breaking dependency coreutils -> libcap
[  125s] cycle: glibc -> filesystem -> coreutils -> openssl-libs
[  125s]   breaking dependency coreutils -> openssl-libs
[  125s] cycle: glibc -> filesystem -> coreutils -> libselinux
[  125s]   breaking dependency libselinux -> glibc
[  125s] cycle: glibc -> filesystem -> coreutils -> libselinux -> pcre2
[  125s]   breaking dependency pcre2 -> glibc
[  125s] cycle: glibc -> filesystem -> coreutils -> libselinux -> pcre2 -> readline
[  125s]   breaking dependency readline -> glibc
[  125s] cycle: glibc -> filesystem -> coreutils -> libselinux -> pcre2 -> readline -> ncurses-libs
[  125s]   breaking dependency coreutils -> libselinux
[  125s] cycle: glibc -> filesystem -> coreutils -> ncurses
[  125s]   breaking dependency ncurses -> glibc
[  125s] cycle: glibc -> filesystem -> coreutils -> ncurses -> ncurses-libs
[  125s]   breaking dependency ncurses -> ncurses-libs
[  125s] cycle: filesystem -> coreutils -> ncurses -> libgcc
[  125s]   breaking dependency ncurses -> libgcc
[  125s] cycle: perl-Carp -> perl-libs
[  125s]   breaking dependency perl-libs -> perl-Carp
[  125s] cycle: perl-libs -> perl-Exporter
[  125s]   breaking dependency perl-libs -> perl-Exporter
[  125s] cycle: perl-Carp -> perl-Exporter
[  125s]   breaking dependency perl-Exporter -> perl-Carp
[  125s] cycle: nss-util -> nss
[  125s]   breaking dependency nss -> nss-util
[  125s] cycle: nss-softokn -> nss-util -> nss
[  125s]   breaking dependency nss -> nss-softokn
[  125s] cycle: systemd -> cryptsetup -> device-mapper
[  125s]   breaking dependency systemd -> cryptsetup
[  125s] cycle: audit -> systemd -> pam
[  125s]   breaking dependency systemd -> pam
[  126s] [1/84] preinstalling dbus...
[  128s] [2/84] preinstalling libffi-devel...
[  129s] [3/84] preinstalling nodejs-source-map...
[  130s] [4/84] preinstalling python3-pip...
[  136s] [5/84] preinstalling python3-setuptools_scm...
[  137s] [6/84] preinstalling ncurses...
[  147s] [7/84] preinstalling coreutils...
[  153s] [8/84] preinstalling filesystem...
[  157s] [9/84] preinstalling glibc...
[  163s] [10/84] preinstalling libgcc...
[  164s] [11/84] preinstalling diffutils...
[  166s] [12/84] preinstalling libcap-ng...
[  167s] [13/84] preinstalling libgpg-error...
[  169s] [14/84] preinstalling libpcap...
[  170s] [15/84] preinstalling libsmartcols...
[  171s] [16/84] preinstalling libuuid...
[  173s] [17/84] preinstalling libxcrypt...
[  174s] [18/84] preinstalling lz4...
[  176s] [19/84] preinstalling m4...
[  177s] [20/84] preinstalling ncurses-libs...
[  179s] [21/84] preinstalling nspr...
[  181s] [22/84] preinstalling xz-libs...
[  182s] [23/84] preinstalling zlib...
[  183s] [24/84] preinstalling attr...
[  185s] [25/84] preinstalling libdb...
[  190s] [26/84] preinstalling zstd...
[  193s] [27/84] preinstalling audit-libs...
[  194s] [28/84] preinstalling file...
[  195s] [29/84] preinstalling iptables-libs...
[  198s] [30/84] preinstalling libacl...
[  199s] [31/84] preinstalling libgcrypt...
[  201s] [32/84] preinstalling openssl-libs...
[  204s] [33/84] preinstalling readline...
[  205s] [34/84] preinstalling bash...
[  209s] [35/84] preinstalling cmake...
[  227s] [36/84] preinstalling perl-libs...
[  232s] [37/84] preinstalling dnf...
[  233s] [38/84] preinstalling pcre2...
[  235s] [39/84] preinstalling perl-Exporter...
[  237s] [40/84] preinstalling bzip2...
[  238s] [41/84] preinstalling hostname...
[  240s] [42/84] preinstalling libcap...
[  241s] [43/84] preinstalling pcre...
[  243s] [44/84] preinstalling popt...
[  245s] [45/84] preinstalling acl...
[  246s] [46/84] preinstalling elfutils...
[  249s] [47/84] preinstalling libblkid...
[  250s] [48/84] preinstalling openssl...
[  252s] [49/84] preinstalling sqlite...
[  255s] [50/84] preinstalling tar...
[  257s] [51/84] preinstalling info...
[  259s] [52/84] preinstalling libgcrypt-devel...
[  261s] [53/84] preinstalling lua...
[  262s] [54/84] preinstalling libselinux...
[  264s] [55/84] preinstalling perl-Carp...
[  266s] [56/84] preinstalling copy-jdk-configs...
[  267s] [57/84] preinstalling libfdisk...
[  268s] [58/84] preinstalling perl-Digest-MD5...
[  270s] [59/84] preinstalling grep...
[  271s] [60/84] preinstalling rpm-libs...
[  273s] [61/84] preinstalling chkconfig...
[  275s] [62/84] preinstalling sed...
[  277s] [63/84] preinstalling libmount...
[  278s] [64/84] preinstalling libsemanage...
[  279s] [65/84] preinstalling perl-constant...
[  281s] [66/84] preinstalling findutils...
[  282s] [67/84] preinstalling xz...
[  284s] [68/84] preinstalling perl-Getopt-Long...
[  285s] [69/84] preinstalling glib2...
[  291s] [70/84] preinstalling nss...
[  293s] [71/84] preinstalling perl-Data-Dumper...
[  295s] [72/84] preinstalling systemd-libs...
[  297s] [73/84] preinstalling systemd...
[  304s] [74/84] preinstalling dbus-libs...
[  306s] [75/84] preinstalling nss-util...
[  308s] [76/84] preinstalling audit...
[  309s] [77/84] preinstalling nss-softokn...
[  311s] [78/84] preinstalling pam...
[  314s] [79/84] preinstalling rpm...
[  317s] [80/84] preinstalling openEuler-rpm-config...
[  318s] [81/84] preinstalling util-linux...
[  323s] [82/84] preinstalling device-mapper...
[  325s] [83/84] preinstalling cryptsetup...
[  327s] [84/84] preinstalling lvm2...
[  332s] 
[  335s] initializing rpm db...
[  352s] reordering...cycle: bash -> coreutils
[  352s]   breaking dependency coreutils -> bash
[  352s] cycle: bash -> coreutils -> info
[  352s]   breaking dependency coreutils -> info
[  352s] cycle: glibc -> basesystem -> filesystem -> bash -> coreutils -> gmp
[  352s]   breaking dependency filesystem -> bash
[  352s] cycle: glibc -> basesystem -> filesystem -> coreutils -> gmp
[  352s]   breaking dependency coreutils -> gmp
[  352s] cycle: glibc -> basesystem -> filesystem -> coreutils
[  352s]   breaking dependency coreutils -> glibc
[  352s] cycle: glibc -> basesystem -> filesystem -> coreutils -> libacl
[  352s]   breaking dependency coreutils -> libacl
[  352s] cycle: glibc -> basesystem -> filesystem -> coreutils -> attr
[  352s]   breaking dependency coreutils -> attr
[  352s] cycle: coreutils -> libcap -> bash
[  352s]   breaking dependency coreutils -> libcap
[  352s] cycle: glibc -> basesystem -> filesystem -> coreutils -> openssl-libs
[  352s]   breaking dependency openssl-libs -> glibc
[  352s] cycle: coreutils -> openssl-libs -> ca-certificates -> bash
[  352s]   breaking dependency ca-certificates -> bash
[  352s] cycle: coreutils -> openssl-libs -> ca-certificates
[  352s]   breaking dependency ca-certificates -> coreutils
[  352s] cycle: coreutils -> openssl-libs -> ca-certificates -> grep -> bash
[  352s]   breaking dependency grep -> bash
[  352s] cycle: coreutils -> openssl-libs -> ca-certificates -> grep
[  352s]   breaking dependency ca-certificates -> grep
[  352s] cycle: glibc -> basesystem -> filesystem -> coreutils -> openssl-libs -> ca-certificates -> p11-kit
[  352s]   breaking dependency p11-kit -> glibc
[  352s] cycle: glibc -> basesystem -> filesystem -> coreutils -> openssl-libs -> ca-certificates -> p11-kit -> libffi
[  352s]   breaking dependency openssl-libs -> ca-certificates
[  352s] cycle: coreutils -> openssl-libs -> crypto-policies -> bash
[  352s]   breaking dependency crypto-policies -> bash
[  352s] cycle: coreutils -> openssl-libs -> crypto-policies
[  352s]   breaking dependency crypto-policies -> coreutils
[  352s] cycle: coreutils -> openssl-libs -> crypto-policies -> grep
[  352s]   breaking dependency grep -> coreutils
[  352s] cycle: glibc -> basesystem -> filesystem -> coreutils -> openssl-libs -> crypto-policies -> grep
[  352s]   breaking dependency glibc -> basesystem
[  352s] cycle: glibc -> glibc-common -> bash -> coreutils -> openssl-libs -> crypto-policies -> grep
[  352s]   breaking dependency glibc-common -> bash
[  352s] cycle: glibc -> glibc-common -> coreutils -> openssl-libs -> crypto-policies -> grep
[  352s]   breaking dependency glibc-common -> coreutils
[  352s] cycle: glibc -> glibc-common
[  352s]   breaking dependency glibc-common -> glibc
[  352s] cycle: glibc -> glibc-common -> libselinux
[  352s]   breaking dependency libselinux -> glibc
[  352s] cycle: glibc -> glibc-common -> libselinux -> pcre2
[  352s]   breaking dependency pcre2 -> glibc
[  352s] cycle: glibc -> glibc-common -> libselinux -> pcre2 -> readline
[  352s]   breaking dependency readline -> glibc
[  352s] cycle: glibc -> glibc-common -> libselinux -> pcre2 -> readline -> ncurses-libs
[  352s]   breaking dependency libselinux -> pcre2
[  352s] cycle: glibc -> glibc-common -> libselinux -> libsepol -> bash -> coreutils -> openssl-libs -> crypto-policies -> grep
[  352s]   breaking dependency bash -> coreutils
[  352s] cycle: glibc -> glibc-common -> libselinux -> libsepol -> bash -> filesystem -> coreutils -> openssl-libs -> crypto-policies -> grep
[  352s]   breaking dependency libsepol -> bash
[  352s] cycle: glibc -> glibc-common -> libselinux -> libsepol -> coreutils -> openssl-libs -> crypto-policies -> grep
[  352s]   breaking dependency coreutils -> openssl-libs
[  352s] cycle: libselinux -> libsepol -> coreutils
[  352s]   breaking dependency libsepol -> coreutils
[  352s] cycle: glibc -> glibc-common -> libselinux -> libsepol
[  352s]   breaking dependency glibc -> glibc-common
[  352s] cycle: glibc -> filesystem -> coreutils -> libselinux -> libsepol
[  352s]   breaking dependency filesystem -> coreutils
[  352s] cycle: filesystem -> setup
[  352s]   breaking dependency filesystem -> setup
[  352s] cycle: systemd -> cryptsetup -> device-mapper
[  352s]   breaking dependency systemd -> cryptsetup
[  352s] cycle: perl-libs -> perl-Carp
[  352s]   breaking dependency perl-libs -> perl-Carp
[  352s] cycle: perl-libs -> perl-Exporter
[  352s]   breaking dependency perl-libs -> perl-Exporter
[  352s] cycle: perl-Carp -> perl-Exporter
[  352s]   breaking dependency perl-Exporter -> perl-Carp
[  352s] cycle: perl -> perl-PathTools
[  352s]   breaking dependency perl -> perl-PathTools
[  352s] cycle: perl -> perl-ExtUtils-MakeMaker
[  352s]   breaking dependency perl -> perl-ExtUtils-MakeMaker
[  352s] cycle: perl -> perl-File-Path -> perl-PathTools
[  352s]   breaking dependency perl -> perl-File-Path
[  352s] cycle: perl -> perl-Getopt-Long -> perl-Pod-Usage
[  352s]   breaking dependency perl -> perl-Getopt-Long
[  352s] cycle: perl -> perl-Locale-Maketext
[  352s]   breaking dependency perl -> perl-Locale-Maketext
[  352s] cycle: perl -> perl-Pod-Simple
[  352s]   breaking dependency perl -> perl-Pod-Simple
[  352s] cycle: perl -> perl-Socket
[  352s]   breaking dependency perl -> perl-Socket
[  352s] cycle: perl -> perl-Storable
[  352s]   breaking dependency perl -> perl-Storable
[  352s] cycle: perl -> perl-Text-Tabs+Wrap
[  352s]   breaking dependency perl -> perl-Text-Tabs+Wrap
[  352s] cycle: perl -> perl-Time-Local -> perl-constant
[  352s]   breaking dependency perl -> perl-Time-Local
[  352s] cycle: perl -> perl-constant
[  352s]   breaking dependency perl -> perl-constant
[  352s] cycle: perl -> perl-threads
[  352s]   breaking dependency perl -> perl-threads
[  352s] cycle: perl -> perl-threads-shared
[  352s]   breaking dependency perl -> perl-threads-shared
[  352s] cycle: perl -> perl-Archive-Tar
[  352s]   breaking dependency perl -> perl-Archive-Tar
[  352s] cycle: perl -> perl-B-Debug
[  352s]   breaking dependency perl -> perl-B-Debug
[  352s] cycle: perl -> perl-CPAN-Meta -> perl-CPAN-Meta-Requirements
[  352s]   breaking dependency perl -> perl-CPAN-Meta
[  352s] cycle: perl -> perl-CPAN-Meta-Requirements
[  352s]   breaking dependency perl -> perl-CPAN-Meta-Requirements
[  352s] cycle: perl -> perl-CPAN-Meta-YAML
[  352s]   breaking dependency perl -> perl-CPAN-Meta-YAML
[  352s] cycle: perl -> perl-Compress-Raw-Bzip2
[  352s]   breaking dependency perl -> perl-Compress-Raw-Bzip2
[  352s] cycle: perl -> perl-Compress-Raw-Zlib
[  352s]   breaking dependency perl -> perl-Compress-Raw-Zlib
[  352s] cycle: perl -> perl-Config-Perl-V
[  352s]   breaking dependency perl -> perl-Config-Perl-V
[  352s] cycle: perl -> perl-DB_File
[  352s]   breaking dependency perl -> perl-DB_File
[  352s] cycle: perl -> perl-Data-Dumper
[  352s]   breaking dependency perl -> perl-Data-Dumper
[  352s] cycle: perl -> perl-Devel-PPPort
[  352s]   breaking dependency perl -> perl-Devel-PPPort
[  352s] cycle: perl -> perl-Digest -> perl-MIME-Base64
[  352s]   breaking dependency perl -> perl-Digest
[  352s] cycle: perl -> perl-Digest-MD5 -> perl-Digest -> perl-MIME-Base64
[  352s]   breaking dependency perl -> perl-Digest-MD5
[  352s] cycle: perl -> perl-Digest-SHA
[  352s]   breaking dependency perl -> perl-Digest-SHA
[  352s] cycle: perl -> perl-Encode
[  352s]   breaking dependency perl -> perl-Encode
[  352s] cycle: perl -> perl-Env
[  352s]   breaking dependency perl -> perl-Env
[  352s] cycle: perl -> perl-ExtUtils-Command
[  352s]   breaking dependency perl -> perl-ExtUtils-Command
[  352s] cycle: perl -> perl-ExtUtils-Install
[  352s]   breaking dependency perl -> perl-ExtUtils-Install
[  352s] cycle: perl -> perl-ExtUtils-Manifest
[  352s]   breaking dependency perl -> perl-ExtUtils-Manifest
[  352s] cycle: perl -> perl-ExtUtils-ParseXS
[  352s]   breaking dependency perl -> perl-ExtUtils-ParseXS
[  352s] cycle: perl -> perl-File-Fetch -> perl-PathTools
[  352s]   breaking dependency perl -> perl-File-Fetch
[  352s] cycle: perl -> perl-File-Temp -> perl-PathTools
[  352s]   breaking dependency perl -> perl-File-Temp
[  352s] cycle: perl -> perl-Filter
[  352s]   breaking dependency perl -> perl-Filter
[  352s] cycle: perl -> perl-Filter-Simple -> perl-Filter
[  352s]   breaking dependency perl -> perl-Filter-Simple
[  352s] cycle: perl -> perl-HTTP-Tiny
[  352s]   breaking dependency perl -> perl-HTTP-Tiny
[  352s] cycle: perl -> perl-IO-Compress
[  352s]   breaking dependency perl -> perl-IO-Compress
[  352s] cycle: perl -> perl-IO-Socket-IP
[  352s]   breaking dependency perl -> perl-IO-Socket-IP
[  352s] cycle: perl -> perl-IPC-Cmd -> perl-ExtUtils-MakeMaker
[  352s]   breaking dependency perl -> perl-IPC-Cmd
[  352s] cycle: perl -> perl-IPC-SysV
[  352s]   breaking dependency perl -> perl-IPC-SysV
[  352s] cycle: perl -> perl-JSON-PP
[  352s]   breaking dependency perl -> perl-JSON-PP
[  352s] cycle: perl -> perl-Locale-Codes -> perl-constant
[  352s]   breaking dependency perl -> perl-Locale-Codes
[  352s] cycle: perl -> perl-MIME-Base64
[  352s]   breaking dependency perl -> perl-MIME-Base64
[  352s] cycle: perl -> perl-Math-BigInt
[  352s]   breaking dependency perl -> perl-Math-BigInt
[  352s] cycle: perl -> perl-Math-BigInt-FastCalc -> perl-Math-BigInt
[  352s]   breaking dependency perl -> perl-Math-BigInt-FastCalc
[  352s] cycle: perl -> perl-Math-BigRat -> perl-Math-BigInt
[  352s]   breaking dependency perl -> perl-Math-BigRat
[  352s] cycle: perl -> perl-Module-CoreList
[  352s]   breaking dependency perl -> perl-Module-CoreList
[  352s] cycle: perl -> perl-Module-Load -> perl-PathTools
[  352s]   breaking dependency perl -> perl-Module-Load
[  352s] cycle: perl -> perl-Module-Load-Conditional
[  352s]   breaking dependency perl -> perl-Module-Load-Conditional
[  352s] cycle: perl -> perl-Module-Metadata
[  352s]   breaking dependency perl -> perl-Module-Metadata
[  352s] cycle: perl -> perl-Params-Check
[  352s]   breaking dependency perl -> perl-Params-Check
[  352s] cycle: perl -> perl-PerlIO-via-QuotedPrint -> perl-MIME-Base64
[  352s]   breaking dependency perl -> perl-PerlIO-via-QuotedPrint
[  352s] cycle: perl -> perl-Pod-Checker
[  352s]   breaking dependency perl -> perl-Pod-Checker
[  352s] cycle: perl -> perl-Pod-Escapes
[  352s]   breaking dependency perl -> perl-Pod-Escapes
[  352s] cycle: perl -> perl-Pod-Parser
[  352s]   breaking dependency perl -> perl-Pod-Parser
[  352s] cycle: perl -> perl-Pod-Perldoc
[  352s]   breaking dependency perl -> perl-Pod-Perldoc
[  352s] cycle: perl -> perl-Pod-Usage
[  352s]   breaking dependency perl -> perl-Pod-Usage
[  352s] cycle: perl -> perl-Sys-Syslog
[  352s]   breaking dependency perl -> perl-Sys-Syslog
[  352s] cycle: perl -> perl-Term-Cap
[  352s]   breaking dependency perl -> perl-Term-Cap
[  352s] cycle: perl -> perl-Test-Harness
[  352s]   breaking dependency perl -> perl-Test-Harness
[  352s] cycle: perl -> perl-Test-Simple
[  352s]   breaking dependency perl -> perl-Test-Simple
[  352s] cycle: perl -> perl-Text-Balanced
[  352s]   breaking dependency perl -> perl-Text-Balanced
[  352s] cycle: perl -> perl-Thread-Queue -> perl-threads-shared
[  352s]   breaking dependency perl -> perl-Thread-Queue
[  352s] cycle: perl -> perl-Unicode-Collate -> perl-PathTools
[  352s]   breaking dependency perl -> perl-Unicode-Collate
[  352s] cycle: perl -> perl-autodie
[  352s]   breaking dependency perl -> perl-autodie
[  352s] cycle: perl -> perl-bignum -> perl-Math-BigInt
[  352s]   breaking dependency perl -> perl-bignum
[  352s] cycle: perl -> perl-devel
[  352s]   breaking dependency perl -> perl-devel
[  352s] cycle: perl -> perl-Encode-devel
[  352s]   breaking dependency perl -> perl-Encode-devel
[  352s] cycle: perl -> perl-experimental
[  352s]   breaking dependency perl -> perl-experimental
[  352s] cycle: perl -> perl-libnet -> perl-Digest-MD5 -> perl-Digest -> perl-MIME-Base64
[  352s]   breaking dependency perl -> perl-libnet
[  352s] cycle: perl -> perl-podlators
[  352s]   breaking dependency perl -> perl-podlators
[  352s] cycle: perl -> perl-version
[  352s]   breaking dependency perl -> perl-version
[  352s] cycle: glib2 -> gamin
[  352s]   breaking dependency glib2 -> gamin
[  352s] cycle: systemd -> gnutls -> unbound-libs -> shadow -> pam -> audit
[  352s]   breaking dependency systemd -> gnutls
[  352s] cycle: systemd -> pam -> audit
[  352s]   breaking dependency systemd -> pam
[  352s] cycle: systemd -> shadow -> pam -> audit
[  352s]   breaking dependency systemd -> shadow
[  352s] cycle: pam -> libpwquality
[  352s]   breaking dependency pam -> libpwquality
[  352s] cycle: perl-Getopt-Long -> perl-Pod-Usage
[  352s]   breaking dependency perl-Pod-Usage -> perl-Getopt-Long
[  352s] cycle: perl-Getopt-Long -> perl-Pod-Usage -> perl-podlators -> perl-Encode
[  352s]   breaking dependency perl-podlators -> perl-Encode
[  352s] cycle: perl-Getopt-Long -> perl-Pod-Usage -> perl-podlators
[  352s]   breaking dependency perl-podlators -> perl-Getopt-Long
[  352s] cycle: perl-Getopt-Long -> perl-Pod-Usage -> perl-podlators -> perl-Pod-Simple -> perl-Encode
[  352s]   breaking dependency perl-Encode -> perl-Getopt-Long
[  352s] cycle: perl-Getopt-Long -> perl-Pod-Usage -> perl-podlators -> perl-Pod-Simple
[  352s]   breaking dependency perl-podlators -> perl-Pod-Simple
[  352s] cycle: perl-Pod-Usage -> perl-podlators
[  352s]   breaking dependency perl-podlators -> perl-Pod-Usage
[  352s] cycle: groff -> perl-Getopt-Long -> perl-Pod-Usage -> perl-Pod-Perldoc
[  352s]   breaking dependency groff -> perl-Getopt-Long
[  352s] cycle: libxcrypt-devel -> glibc-devel
[  352s]   breaking dependency glibc-devel -> libxcrypt-devel
[  352s] cycle: cmake-data -> cmake
[  352s]   breaking dependency cmake -> cmake-data
[  352s] cycle: nss-util -> nss
[  352s]   breaking dependency nss -> nss-util
[  352s] cycle: nss-softokn -> nss-util -> nss
[  352s]   breaking dependency nss -> nss-softokn
[  352s] cycle: perl-Getopt-Long -> perl-Pod-Usage -> perl-Pod-Perldoc -> perl-Pod-Simple
[  352s]   breaking dependency perl-Pod-Perldoc -> perl-Pod-Simple
[  352s] cycle: policycoreutils-devel -> selinux-policy-devel
[  352s]   breaking dependency selinux-policy-devel -> policycoreutils-devel
[  352s] cycle: openssh -> openssh-server
[  352s]   breaking dependency openssh-server -> openssh
[  352s] cycle: git -> perl-Git
[  352s]   breaking dependency git -> perl-Git
[  352s] cycle: perl-ExtUtils-Install -> perl-ExtUtils-MakeMaker
[  352s]   breaking dependency perl-ExtUtils-MakeMaker -> perl-ExtUtils-Install
[  353s] done
[  353s] querying package ids...
[  405s] [1/382] installing cmake-filesystem-3.22.0-1.oe1
[  407s] [2/382] installing fuse-common-3.9.2-5.oe1
[  408s] [3/382] installing kernel-headers-5.10-3.oe1
[  417s] [4/382] installing libreport-filesystem-2.13.1-5.oe1
[  418s] [5/382] installing ncurses-base-6.1-14.oe1
[  420s] [6/382] installing openEuler-gpg-keys-1.0-2.5.oe1
[  422s] [7/382] installing python-setuptools-59.4.0-3.oe1
[  424s] [8/382] installing qt5-srpm-macros-5.15.2-1.oe1
[  425s] [9/382] installing tzdata-2021a-2.oe1
[  438s] [10/382] installing dnf-data-4.10.0-1.oe1
[  440s] [11/382] installing openEuler-repos-1.0-2.5.oe1
[  441s] [12/382] installing openEuler-release-20.03LTS-40.oe1
[  443s] [13/382] installing filesystem-3.9-3.oe1
[  459s] warning: group mail does not exist - using root
[  459s] [14/382] installing emacs-filesystem-1:27.1-5.oe1
[  461s] [15/382] installing libgcc-10.3.1-10.oe1
[  463s] [16/382] installing setup-2.13.3-4.oe1
[  464s] [17/382] installing glibc-2.34-74.oe1
[  473s] [18/382] installing brotli-1.0.9-2.oe1
[  477s] [19/382] installing chrpath-0.16-12.oe1
[  478s] [20/382] installing cpio-2.13-4.oe1
[  482s] [21/382] installing diffutils-3.7-4.oe1
[  484s] [22/382] installing expat-2.2.10-1.oe1
[  486s] [23/382] installing json-c-0.15-1.oe1
[  488s] [24/382] installing keyutils-libs-1.6.3-3.oe1
[  489s] [25/382] installing libICE-1.0.10-2.oe1
[  491s] [26/382] installing libXau-1.0.9-2.oe1
[  493s] [27/382] installing libaio-0.3.112-1.oe1
[  495s] [28/382] installing libargon2-20190702-1.oe1
[  497s] [29/382] installing libatomic-10.3.1-10.oe1
[  499s] [30/382] installing libcap-ng-0.7.11-1.oe1
[  501s] [31/382] installing libev-4.24-11.oe1
[  502s] [32/382] installing libffi-3.3-31.oe1
[  504s] [33/382] installing libgomp-10.3.1-10.oe1
[  505s] [34/382] installing libgpg-error-1.41-1.oe1
[  508s] [35/382] installing libnghttp2-1.42.0-1.oe1
[  510s] [36/382] installing libpcap-14:1.9.1-7.oe1
[  512s] [37/382] installing libpipeline-1.5.3-1.oe1
[  517s] [38/382] installing libsigsegv-2.11-10.oe1
[  518s] [39/382] installing libsmartcols-2.36.1-3.oe1
[  520s] [40/382] installing libtasn1-4.16.0-2.oe1
[  522s] [41/382] installing libtool-ltdl-2.4.6-34.oe1
[  524s] [42/382] installing libunistring-0.9.10-8.oe1
[  526s] [43/382] installing libuuid-2.36.1-3.oe1
[  529s] [44/382] installing libuv-1:1.40.0-1.oe1
[  531s] [45/382] installing libxcrypt-4.4.8-4.oe1
[  533s] [46/382] installing libyaml-0.2.5-1.oe1
[  538s] [47/382] installing lz4-1.9.3-1.oe1
[  540s] [48/382] installing m4-1.4.18-14.oe1
[  542s] [49/382] installing nspr-4.32.0-1.oe1
[  544s] [50/382] installing pkgconf-1.7.3-1.oe1
[  547s] [51/382] installing rhash-1.3.5-5.oe1
[  550s] [52/382] installing which-2.21-14.oe1
[  551s] [53/382] installing xz-libs-5.2.5-1.oe1
[  553s] [54/382] installing zlib-1.2.11-18.oe1
[  555s] [55/382] installing attr-2.4.48-12.oe1
[  556s] [56/382] installing basesystem-12-2.oe1
[  558s] [57/382] installing libstdc++-10.3.1-10.oe1
[  560s] [58/382] installing ncurses-libs-6.1-14.oe1
[  562s] [59/382] installing libsepol-3.1-4.oe1
[  565s] [60/382] installing libstdc++-devel-10.3.1-10.oe1
[  576s] [61/382] installing audit-libs-1:3.0-2.oe1
[  578s] [62/382] installing file-libs-5.39-6.oe1
[  585s] [63/382] installing gmp-1:6.2.1-1.oe1
[  590s] [64/382] installing iptables-libs-1.8.1-4.oe1
[  593s] [65/382] installing keyutils-libs-devel-1.6.3-3.oe1
[  595s] [66/382] installing less-563-2.oe1
[  597s] [67/382] installing libacl-2.2.53-7.oe1
[  599s] [68/382] installing libassuan-2.5.4-1.oe1
[  600s] [69/382] installing libedit-3.1-27.oe1
[  603s] [70/382] installing libffi-devel-3.3-31.oe1
[  605s] [71/382] installing libgcrypt-1.8.7-1.oe1
[  607s] [72/382] installing libpng-2:1.6.37-1.oe1
[  608s] [73/382] installing libsepol-devel-3.1-4.oe1
[  613s] [74/382] installing libxcb-1.14-1.oe1
[  617s] [75/382] installing readline-8.0-2.oe1
[  619s] [76/382] installing zlib-devel-1.2.11-18.oe1
[  621s] [77/382] installing fuse-2.9.9-6.oe1
[  623s] [78/382] installing gc-8.0.4-2.oe1
[  625s] [79/382] installing libSM-1.2.3-2.oe1
[  627s] [80/382] installing libdb-5.3.28-35.oe1
[  634s] [81/382] installing libselinux-3.1-3.oe1
[  636s] [82/382] installing libxml2-2.9.12-5.oe1
[  638s] [83/382] installing bash-5.1-1.oe1
[  643s] [84/382] installing perl-libs-4:5.28.0-435.oe1
[  651s] [85/382] installing zstd-1.4.8-2.oe1
[  654s] [86/382] installing ncurses-6.1-14.oe1
[  668s] [87/382] installing thin-provisioning-tools-0.8.5-1.oe1
[  670s] [88/382] installing perl-parent-1:0.237-4.oe1
[  671s] [89/382] installing perl-perlfaq-5.20180915-5.oe1
[  675s] [90/382] installing libX11-1.6.9-2.oe1
[  679s] [91/382] installing mpfr-4.1.0-2.oe1
[  682s] [92/382] installing nettle-3.6-6.oe1
[  684s] [93/382] installing pcre2-10.36-1.oe1
[  687s] [94/382] installing perl-Exporter-5.74-1.oe1
[  688s] [95/382] installing file-5.39-6.oe1
[  690s] [96/382] installing gdbm-1:1.18.1-1.oe1
[  692s] [97/382] installing patch-2.7.6-12.oe1
[  694s] [98/382] installing qrencode-4.1.1-1
[  696s] [99/382] installing sed-4.8-2.oe1
[  698s] [100/382] installing acl-2.2.53-7.oe1
[  699s] [101/382] installing libcomps-0.1.15-1.oe1
[  701s] [102/382] installing pcre-8.44-1.oe1
[  704s] [103/382] installing glibc-common-2.34-74.oe1
[  719s] [104/382] installing gmp-c++-1:6.2.1-1.oe1
[  721s] [105/382] installing coreutils-8.31-4.oe1
[  733s] [106/382] installing crontabs-1.11-21.oe1
[  737s] [107/382] installing gmp-devel-1:6.2.1-1.oe1
[  741s] [108/382] installing libXext-1.3.4-2.oe1
[  743s] [109/382] installing libXpm-3.5.12-11.oe1
[  745s] [110/382] installing perl-Carp-1.50-418.oe1
[  746s] [111/382] installing perl-Perl-OSType-1.010-421.oe1
[  748s] [112/382] installing perl-Term-ANSIColor-4.06-511.oe1
[  749s] [113/382] installing publicsuffix-list-20200718-1.oe1
[  751s] [114/382] installing uname-build-checks-1.0-0.4.oe1
[  753s] [115/382] installing bzip2-1.0.8-3.oe1
[  764s] [116/382] installing checkpolicy-3.1-1.oe1
[  767s] [117/382] installing gzip-1.10-1.oe1
[  769s] [118/382] installing hostname-3.21-2.oe1
[  771s] [119/382] installing libcap-2.32-2.oe1
[  774s] [120/382] installing libmpc-1.2.0-2.oe1
[  776s] [121/382] installing libseccomp-2.4.3-2.oe1
[  779s] [122/382] installing npth-1.5-7.oe1
[  781s] [123/382] installing popt-1.18-1.oe1
[  784s] [124/382] installing grep-3.6-1.oe1
[  788s] [125/382] installing libXt-1.2.0-0.oe1
[  790s] [126/382] installing libblkid-2.36.1-3.oe1
[  794s] [127/382] installing libidn2-2.3.0-1.oe1
[  796s] [128/382] installing libksba-1.3.5-12.oe1
[  799s] [129/382] installing pcre-devel-8.44-1.oe1
[  804s] [130/382] installing pcre2-devel-10.36-1.oe1
[  810s] [131/382] installing tar-2:1.32-3.oe1
[  814s] [132/382] installing tcl-1:8.6.10-3.oe1
[  820s] [133/382] installing elfutils-0.185-5.oe1
[  825s] /usr/lib/systemd/systemd-sysctl: error while loading shared libraries: libkmod.so.2: cannot open shared object file: No such file or directory
[  825s] [134/382] installing info-6.7-2.oe1
[  829s] [135/382] installing jsoncpp-1.9.4-1.oe1
[  832s] [136/382] installing libgpg-error-devel-1.41-1.oe1
[  834s] [137/382] installing lua-5.3.5-6.oe1
[  837s] [138/382] installing slang-2.3.2-8.oe1
[  841s] [139/382] installing gawk-5.1.0-1.oe1
[  845s] [140/382] installing glibc-devel-2.34-74.oe1
[  859s] [141/382] installing guile-5:2.0.14-15.oe1
[  872s] [142/382] installing libidn2-devel-2.3.0-1.oe1
[  875s] [143/382] installing zip-3.0-29.oe1
[  876s] [144/382] installing libfdisk-2.36.1-3.oe1
[  880s] [145/382] installing libseccomp-devel-2.4.3-2.oe1
[  882s] [146/382] installing libtasn1-devel-4.16.0-2.oe1
[  884s] [147/382] installing libxcrypt-devel-4.4.8-4.oe1
[  888s] [148/382] installing nettle-devel-3.6-6.oe1
[  892s] [149/382] installing newt-0.52.21-4.oe1
[  896s] [150/382] installing perl-Text-ParseWords-3.30-419.oe1
[  897s] [151/382] installing crypto-policies-20180925-3.git71ca85f.oe1
[  906s] [152/382] installing expect-1:5.45.4-4.oe1
[  909s] [153/382] installing libXmu-1.1.3-1.oe1
[  912s] [154/382] installing libmount-2.36.1-3.oe1
[  916s] [155/382] installing libselinux-devel-3.1-3.oe1
[  919s] [156/382] installing lua-posix-33.3.1-12.oe1
[  923s] [157/382] installing unzip-6.0-47.oe1
[  926s] [158/382] installing cracklib-2.9.7-6.oe1
[  935s] [159/382] installing e2fsprogs-1.45.6-3.oe1
[  942s] [160/382] installing findutils-2:4.7.0-7.oe1
[  947s] [161/382] installing libsemanage-3.1-4.oe1
[  949s] [162/382] installing make-1:4.2.1-15.oe1
[  952s] [163/382] installing sqlite-3.24.0-9.oe1
[  956s] [164/382] installing xz-5.2.5-1.oe1
[  961s] [165/382] installing logrotate-3.15.1-2.oe1
[  967s] [166/382] installing perl-Scalar-List-Utils-3:1.52-2.oe1
[  971s] [167/382] installing perl-Time-HiRes-1.9760-2.oe1
[  976s] [168/382] installing perl-Unicode-Normalize-1.26-419.oe1
[  980s] [169/382] installing libgcrypt-devel-1.8.7-1.oe1
[  983s] [170/382] installing cpp-10.3.1-10.oe1
[  999s] [171/382] installing gnupg2-2.2.27-2.oe1
[ 1007s] [172/382] installing systemd-libs-243-22.oe1
[ 1010s] [173/382] installing dbus-libs-1:1.12.20-3.oe1
[ 1013s] [174/382] installing p11-kit-0.23.22-1.oe1
[ 1017s] [175/382] installing procps-ng-3.3.16-15.oe1
[ 1020s] [176/382] installing copy-jdk-configs-4.0-1.oe1
[ 1022s] [177/382] installing gpgme-1.15.1-1.oe1
[ 1026s] [178/382] installing openssl-libs-1:1.1.1f-2.oe1
[ 1031s] [179/382] installing chkconfig-1.14-2.oe1
[ 1035s] [180/382] installing e2fsprogs-devel-1.45.6-3.oe1
[ 1039s] [181/382] installing libXaw-1.0.13-13.oe1
[ 1041s] [182/382] installing glib2-2.66.8-1.oe1
[ 1053s] [183/382] installing dbus-tools-1:1.12.20-3.oe1
[ 1055s] [184/382] installing ima-evm-utils-libs-1.2.1-8.oe1
[ 1057s] [185/382] installing libevent-2.1.12-4
[ 1059s] [186/382] installing p11-kit-devel-0.23.22-1.oe1
[ 1063s] [187/382] installing libcroco-0.6.12-13.oe1
[ 1065s] [188/382] installing socat-1.7.3.2-8.oe1
[ 1067s] [189/382] installing fipscheck-1.5.0-7.oe1
[ 1072s] [190/382] installing gamin-0.1.10-38.oe1
[ 1076s] [191/382] installing kmod-libs-27-4.oe1
[ 1079s] [192/382] installing libsecret-0.18.6-5.oe1
[ 1086s] [193/382] installing obs-env-1.0-5.oe1
[ 1095s] [194/382] installing kmod-27-4.oe1
[ 1098s] [195/382] installing binutils-2.37-6.oe1
[ 1114s] [196/382] installing babeltrace-1.5.8-1.oe1
[ 1118s] [197/382] installing p11-kit-trust-0.23.22-1.oe1
[ 1123s] [198/382] installing libarchive-3.5.1-1.oe1
[ 1126s] [199/382] installing nodejs-libs-1:16.10.0-1.oe1
[ 1181s] [200/382] installing libverto-0.3.1-2.oe1
[ 1184s] [201/382] installing ca-certificates-2020.2.46-2.oe1
[ 1197s] [202/382] installing gettext-0.20.1-2.oe1
[ 1205s] [203/382] installing gcc-10.3.1-10.oe1
[ 1242s] [204/382] installing rpm-libs-4.15.1-25.oe1
[ 1244s] [205/382] installing python-pip-wheel-19.2.3-2.fc32
[ 1247s] [206/382] installing libverto-devel-0.3.1-2.oe1
[ 1251s] [207/382] installing libmodulemd-2.13.0-1.oe1
[ 1253s] [208/382] installing gcc-c++-10.3.1-10.oe1
[ 1268s] [209/382] installing krb5-libs-1.18.2-3.oe1
[ 1271s] [210/382] installing libtirpc-1.3.1-1.oe1
[ 1275s] [211/382] installing cyrus-sasl-lib-2.1.27-10.oe1
[ 1279s] [212/382] installing libssh-0.9.5-1.oe1
[ 1282s] [213/382] installing krb5-devel-1.18.2-3.oe1
[ 1286s] [214/382] installing openldap-2.4.46-15.oe1
[ 1288s] [215/382] installing libnsl2-1.3.0-2.oe1
[ 1291s] [216/382] installing openssl-devel-1:1.1.1f-2.oe1
[ 1303s] [217/382] installing python3-3.8.5-13.oe1
[ 1343s] [218/382] installing python3-IPy-0.81-28.fc32
[ 1346s] [219/382] installing python3-pyparsing-2.4.5-1.fc32
[ 1348s] [220/382] installing python3-setuptools-59.4.0-3.oe1
[ 1354s] [221/382] installing python3-setuptools_scm-3.3.3-6.fc32
[ 1357s] [222/382] installing python3-gpgme-1.15.1-1.oe1
[ 1361s] [223/382] installing python3-libselinux-3.1-3.oe1
[ 1364s] [224/382] installing python3-libcomps-0.1.15-1.oe1
[ 1366s] [225/382] installing libpsl-0.21.1-1.oe1
[ 1369s] [226/382] installing gdb-headless-9.2-5.oe1
[ 1376s] [227/382] installing systemtap-sdt-devel-4.1-3.oe1
[ 1380s] [228/382] installing gdb-9.2-5.oe1
[ 1384s] [229/382] installing python3-pip-19.2.3-2.fc32
[ 1396s] [230/382] installing python3-libsemanage-3.1-4.oe1
[ 1400s] [231/382] installing python3-setools-4.3.0-5.oe1
[ 1404s] [232/382] installing libcurl-7.79.1-1.oe1
[ 1407s] [233/382] installing curl-7.79.1-1.oe1
[ 1409s] [234/382] installing librepo-1.14.2-2.oe1
[ 1411s] [235/382] installing rpm-4.15.1-25.oe1
[ 1415s] [236/382] installing efi-srpm-macros-4-3.oe1
[ 1417s] [237/382] installing cmake-rpm-macros-3.22.0-1.oe1
[ 1419s] [238/382] installing libsolv-0.7.20-1.oe1
[ 1423s] [239/382] installing python3-rpm-4.15.1-25.oe1
[ 1427s] [240/382] installing openEuler-rpm-config-30-22.oe1
[ 1430s] [241/382] installing cmake-3.22.0-1.oe1
[ 1448s] [242/382] installing libdnf-0.65.0-2.oe1
[ 1451s] [243/382] installing cmake-data-3.22.0-1.oe1
[ 1476s] [244/382] installing python3-libdnf-0.65.0-2.oe1
[ 1479s] [245/382] installing perl-4:5.28.0-435.oe1
[ 1490s] [246/382] installing perl-B-Debug-1.26-4.oe1
[ 1491s] [247/382] installing perl-Env-1.04-397.oe1
[ 1493s] [248/382] installing perl-Devel-PPPort-3.42-4.oe1
[ 1495s] [249/382] installing perl-Pod-Escapes-1:1.07-419.oe1
[ 1498s] [250/382] installing perl-Text-Tabs+Wrap-2013.0523-419.oe1
[ 1500s] [251/382] installing perl-Algorithm-Diff-1.1903-14.oe1
[ 1501s] [252/382] installing perl-Params-Check-1:0.38-418.oe1
[ 1503s] [253/382] installing perl-Term-Cap-1.17-510.oe1
[ 1505s] [254/382] installing perl-TermReadKey-2.38-2.oe1
[ 1507s] [255/382] installing perl-Text-Balanced-2.03-420.oe1
[ 1509s] [256/382] installing perl-threads-1:2.22-419.oe1
[ 1512s] [257/382] installing openssl-1:1.1.1f-2.oe1
[ 1514s] [258/382] installing perl-Config-Perl-V-0.30-5.oe1
[ 1516s] [259/382] installing perl-Error-1:0.17029-1.oe1
[ 1518s] [260/382] installing perl-Filter-2:1.59-2.oe1
[ 1520s] [261/382] installing perl-IPC-SysV-2.07-5.oe1
[ 1523s] [262/382] installing perl-Locale-Maketext-1:1.28-1.oe1
[ 1526s] [263/382] installing perl-constant-1.33-421.oe1
[ 1528s] [264/382] installing perl-MIME-Base64-3.15-418.oe1
[ 1531s] [265/382] installing perl-CPAN-Meta-YAML-0.018-420.oe1
[ 1533s] [266/382] installing perl-Socket-4:2.029-2.oe1
[ 1536s] [267/382] installing perl-Storable-1:3.15-2.oe1
[ 1538s] [268/382] installing python3-hawkey-0.65.0-2.oe1
[ 1541s] [269/382] installing perl-PerlIO-via-QuotedPrint-0.08-397.oe1
[ 1543s] [270/382] installing libtpms-0.7.3-3.oe1
[ 1546s] [271/382] installing perl-Digest-1.17-419.oe1
[ 1547s] [272/382] installing perl-Filter-Simple-1:0.94-1.oe1
[ 1548s] [273/382] installing perl-IO-Socket-IP-0.39-420.oe1
[ 1551s] [274/382] installing perl-Text-Diff-1.45-7.oe1
[ 1553s] [275/382] installing perl-Time-Local-2:1.280-6.oe1
[ 1555s] [276/382] installing perl-version-8:0.99.24-3.oe1
[ 1558s] [277/382] installing perl-IPC-System-Simple-1.25-19.oe1
[ 1560s] [278/382] installing perl-threads-shared-1.59-2.oe1
[ 1563s] [279/382] installing perl-Compress-Raw-Bzip2-2.100-1.oe1
[ 1566s] [280/382] installing perl-Compress-Raw-Zlib-1:2.100-1.oe1
[ 1568s] [281/382] installing perl-Locale-Codes-3.58-2.oe1
[ 1572s] [282/382] installing perl-Math-BigInt-1:1.9998.13-5.oe1
[ 1574s] [283/382] installing perl-PathTools-3.75-4.oe1
[ 1577s] [284/382] installing python3-dnf-4.10.0-1.oe1
[ 1581s] [285/382] installing perl-Data-Dumper-2.172-3.oe1
[ 1584s] [286/382] installing perl-Sys-Syslog-0.35-420.oe1
[ 1587s] [287/382] installing perl-Encode-4:2.98-9.oe1
[ 1593s] [288/382] installing autogen-5.18.16-1.oe1
[ 1598s] [289/382] installing nodejs-1:16.10.0-1.oe1
[ 1602s] [290/382] installing systemd-243-22.oe1
[ 1625s] /var/tmp/rpm-tmp.jPBq0X: line 8: groupadd: command not found
[ 1625s] /var/tmp/rpm-tmp.jPBq0X: line 10: groupadd: command not found
[ 1625s] /var/tmp/rpm-tmp.jPBq0X: line 13: groupadd: command not found
[ 1625s] /var/tmp/rpm-tmp.jPBq0X: line 16: groupadd: command not found
[ 1625s] [291/382] installing dbus-common-1:1.12.20-3.oe1
[ 1627s] [292/382] installing nodejs-source-map-0.5.6-1.oe1
[ 1630s] [293/382] installing libtpms-devel-0.7.3-3.oe1
[ 1632s] [294/382] installing perl-Module-Load-1:0.32-418.oe1
[ 1633s] [295/382] installing nodejs-packaging-20-1.oe1
[ 1635s] [296/382] installing dnf-4.10.0-1.oe1
[ 1641s] Failed to preset unit, unit dnf-automatic.timer does not exist.
[ 1641s] Failed to preset unit, unit dnf-automatic-notifyonly.timer does not exist.
[ 1641s] Failed to preset unit, unit dnf-automatic-download.timer does not exist.
[ 1641s] Failed to preset unit, unit dnf-automatic-install.timer does not exist.
[ 1641s] [297/382] installing perl-File-Which-1.23-1.oe1
[ 1643s] [298/382] installing perl-Thread-Queue-3.13-3.oe1
[ 1645s] [299/382] installing perl-experimental-0.020-2.oe1
[ 1647s] [300/382] installing net-tools-2.0-0.55.oe1
[ 1651s] [301/382] installing perl-Digest-MD5-2.55-419.oe1
[ 1653s] [302/382] installing perl-File-Path-2.16-4.oe1
[ 1656s] [303/382] installing perl-Math-BigInt-FastCalc-0.500.700-4.oe1
[ 1659s] [304/382] installing perl-Module-Metadata-1.000036-3.oe1
[ 1660s] [305/382] installing perl-CPAN-Meta-Requirements-2.140-419.oe1
[ 1663s] [306/382] installing perl-Encode-devel-4:2.98-9.oe1
[ 1665s] [307/382] installing perl-HTTP-Tiny-0.076-3.oe1
[ 1667s] [308/382] installing perl-Math-BigRat-0.2614-2.oe1
[ 1669s] [309/382] installing audit-1:3.0-2.oe1
[ 1674s] [310/382] installing perl-DB_File-1.842-2.oe1
[ 1676s] [311/382] installing perl-autodie-2.29-398.oe1
[ 1678s] [312/382] installing perl-Unicode-Collate-1.25-4.oe1
[ 1684s] [313/382] installing perl-IO-Compress-2.081-6.oe1
[ 1686s] [314/382] installing perl-podlators-1:4.14-1.oe1
[ 1688s] [315/382] installing perl-ExtUtils-Command-1:7.60-1.oe1
[ 1689s] [316/382] installing python3-audit-1:3.0-2.oe1
[ 1692s] [317/382] installing perl-ExtUtils-Manifest-1:1.71-4.oe1
[ 1694s] [318/382] installing perl-bignum-0.50-4.oe1
[ 1697s] [319/382] installing perl-File-Temp-1:0.230.800-4.oe1
[ 1699s] [320/382] installing perl-libnet-3.11-420.oe1
[ 1702s] [321/382] installing pam-1.5.1-1.oe1
[ 1713s] [322/382] installing libpwquality-1.4.4-1.oe1
[ 1718s] [323/382] installing perl-File-HomeDir-1.004-4.oe1
[ 1722s] [324/382] installing shadow-2:4.8.1-5.oe1
[ 1729s] [325/382] installing perl-Test-Simple-2:1.302175-2.oe1
[ 1733s] [326/382] installing libutempter-1.1.6-16.oe1
[ 1737s] [327/382] installing trousers-0.3.15-1.oe1
[ 1747s] [328/382] installing unbound-libs-1.10.1-4.oe1
[ 1754s] [329/382] installing dbus-daemon-1:1.12.20-3.oe1
[ 1760s] [330/382] installing openssh-server-8.2p1-10.oe1
[ 1767s] Created symlink /etc/systemd/system/multi-user.target.wants/sshd.service -> /usr/lib/systemd/system/sshd.service.
[ 1767s] [331/382] installing groff-1.22.4-4.oe1
[ 1784s] [332/382] installing dbus-1:1.12.20-3.oe1
[ 1786s] [333/382] installing tpm-tools-1.3.9-6.oe1
[ 1790s] [334/382] installing man-db-2.9.3-2.oe1
[ 1799s] [335/382] installing perl-Pod-Perldoc-1:3.28-3.oe1
[ 1802s] [336/382] installing gnutls-3.6.15-3.oe1
[ 1808s] [337/382] installing util-linux-2.36.1-3.oe1
[ 1821s] [338/382] installing nss-help-3.72.0-2.oe1
[ 1829s] [339/382] installing util-linux-devel-2.36.1-3.oe1
[ 1837s] [340/382] installing gnutls-devel-3.6.15-3.oe1
[ 1851s] [341/382] installing perl-Pod-Usage-4:1.69-418.oe1
[ 1861s] [342/382] installing device-mapper-8:1.02.172-1.oe1
[ 1869s] [343/382] installing openssh-8.2p1-10.oe1
[ 1880s] [344/382] installing policycoreutils-3.1-7.oe1
[ 1889s] Created symlink /etc/systemd/system/multi-user.target.wants/restorecond.service -> /usr/lib/systemd/system/restorecond.service.
[ 1889s] [345/382] installing selinux-policy-3.14.2-69.oe1
[ 1898s] [346/382] installing perl-Getopt-Long-1:2.52-1.oe1
[ 1904s] [347/382] installing python3-policycoreutils-3.1-7.oe1
[ 1941s] [348/382] installing cryptsetup-2.3.3-3.oe1
[ 1963s] [349/382] installing device-mapper-event-8:1.02.172-1.oe1
[ 1981s] Created symlink /etc/systemd/system/sockets.target.wants/dm-event.socket -> /usr/lib/systemd/system/dm-event.socket.
[ 1981s] [350/382] installing nss-3.72.0-2.oe1
[ 2002s] [351/382] installing glib2-devel-2.66.8-1.oe1
[ 2063s] [352/382] installing openssh-clients-8.2p1-10.oe1
[ 2066s] [353/382] installing policycoreutils-python-utils-3.1-7.oe1
[ 2069s] [354/382] installing nss-util-3.72.0-2.oe1
[ 2072s] [355/382] installing perl-ExtUtils-ParseXS-2:3.35-1.oe1
[ 2075s] [356/382] installing perl-Module-CoreList-1:5.20180920-2.oe1
[ 2078s] [357/382] installing perl-Digest-SHA-1:6.02-7.oe1
[ 2081s] [358/382] installing perl-Pod-Parser-1.63-397.oe1
[ 2083s] [359/382] installing selinux-policy-devel-3.14.2-69.oe1
[ 2092s] [360/382] installing perl-Pod-Simple-1:3.35-418.oe1
[ 2095s] [361/382] installing perl-Test-Harness-1:3.43_02-1.oe1
[ 2098s] [362/382] installing perl-Archive-Tar-2.30-421.oe1
[ 2100s] [363/382] installing perl-JSON-PP-1:4.04-2.oe1
[ 2102s] [364/382] installing lvm2-8:2.03.11-1.oe1
[ 2110s] Created symlink /etc/systemd/system/sysinit.target.wants/lvm2-lvmpolld.socket -> /usr/lib/systemd/system/lvm2-lvmpolld.socket.
[ 2110s] [365/382] installing autoconf-2.69-30.oe1
[ 2114s] [366/382] installing git-2.23.0-12.oe1
[ 2132s] [367/382] installing nss-softokn-3.72.0-2.oe1
[ 2136s] [368/382] installing policycoreutils-devel-3.1-7.oe1
[ 2137s] [369/382] installing perl-Pod-Checker-4:1.73-398.oe1
[ 2140s] [370/382] installing perl-Git-2.23.0-12.oe1
[ 2141s] [371/382] installing softhsm-2.5.0-3.oe1
[ 2150s] [372/382] installing perl-CPAN-Meta-2.150010-419.oe1
[ 2154s] [373/382] installing perl-Module-Load-Conditional-0.68-418.oe1
[ 2156s] [374/382] installing automake-1.16.1-6.oe1
[ 2160s] [375/382] installing perl-ExtUtils-MakeMaker-1:7.60-1.oe1
[ 2163s] [376/382] installing libtool-2.4.6-34.oe1
[ 2168s] [377/382] installing perl-ExtUtils-Install-2.14-419.oe1
[ 2170s] [378/382] installing perl-IPC-Cmd-2:1.04-4.oe1
[ 2173s] [379/382] installing rpm-build-4.15.1-25.oe1
[ 2177s] [380/382] installing gcc_secure-1.0-0.9.oe1
[ 2181s] [381/382] installing perl-File-Fetch-0.56-4.oe1
[ 2183s] [382/382] installing perl-devel-4:5.28.0-435.oe1
[ 2198s] removing nis flags from /var/cache/obs/worker/root_1/etc/nsswitch.conf...
[ 2198s] now finalizing build dir...
[ 2215s] Running build time source services...
[ 2222s] Warning: spec file parser line 18: can't expand %(...)
[ 2239s] -----------------------------------------------------------------
[ 2239s] ----- building swtpm.spec (user abuild)
[ 2239s] -----------------------------------------------------------------
[ 2239s] -----------------------------------------------------------------
[ 2250s] + exec rpmbuild -ba --define '_srcdefattr (-,root,root)' --nosignature --define 'disturl obs://private/openEuler:Mainline:RISC-V/advanced_riscv64/570a7483c0608aef71f1b3f9f8c7696b-swtpm' /home/abuild/rpmbuild/SOURCES/swtpm.spec
[ 2251s] warning: bogus date in %changelog: Wed Sep 9 2021 caodongxia <caodongxia@huawei.com> - 0.3.3-3
[ 2252s] Executing(%prep): /bin/sh -e /var/tmp/rpm-tmp.ZWjLAe
[ 2252s] + umask 022
[ 2252s] + cd /home/abuild/rpmbuild/BUILD
[ 2252s] + cd /home/abuild/rpmbuild/BUILD
[ 2252s] + rm -rf swtpm-091be8054b5863ff86c5efcb072dcdd45e3696d1
[ 2252s] + /usr/bin/gzip -dc /home/abuild/rpmbuild/SOURCES/swtpm-091be80.tar.gz
[ 2252s] + /usr/bin/tar -xof -
[ 2253s] + STATUS=0
[ 2253s] + '[' 0 -ne 0 ']'
[ 2253s] + cd swtpm-091be8054b5863ff86c5efcb072dcdd45e3696d1
[ 2253s] + /usr/bin/chmod -Rf a+rX,u+w,g-w,o-w .
[ 2253s] + /usr/bin/patch -p1 -s --fuzz=0 --no-backup-if-mismatch
[ 2253s] + /usr/bin/cat /home/abuild/rpmbuild/SOURCES/rename-deprecated-libtasn1-types-to-fix-build-error.patch
[ 2253s] + /usr/bin/cat /home/abuild/rpmbuild/SOURCES/CVE-2022-23645.patch
[ 2253s] + /usr/bin/patch -p1 -s --fuzz=0 --no-backup-if-mismatch
[ 2254s] + RPM_EC=0
[ 2254s] ++ jobs -p
[ 2254s] + exit 0
[ 2254s] Executing(%build): /bin/sh -e /var/tmp/rpm-tmp.RQpTlf
[ 2254s] + umask 022
[ 2254s] + cd /home/abuild/rpmbuild/BUILD
[ 2254s] + cd swtpm-091be8054b5863ff86c5efcb072dcdd45e3696d1
[ 2254s] + NOCONFIGURE=1
[ 2254s] + ./autogen.sh
[ 2263s] autoreconf: Entering directory `.'
[ 2263s] autoreconf: configure.ac: not using Gettext
[ 2264s] autoreconf: running: aclocal --force -I m4
[ 2298s] autoreconf: configure.ac: tracing
[ 2311s] autoreconf: running: libtoolize --copy --force
[ 2323s] libtoolize: putting auxiliary files in '.'.
[ 2323s] libtoolize: copying file './ltmain.sh'
[ 2326s] libtoolize: putting macros in AC_CONFIG_MACRO_DIRS, 'm4'.
[ 2326s] libtoolize: copying file 'm4/libtool.m4'
[ 2328s] libtoolize: copying file 'm4/ltoptions.m4'
[ 2330s] libtoolize: copying file 'm4/ltsugar.m4'
[ 2332s] libtoolize: copying file 'm4/ltversion.m4'
[ 2334s] libtoolize: copying file 'm4/lt~obsolete.m4'
[ 2382s] autoreconf: running: /usr/bin/autoconf --force
[ 2397s] autoreconf: running: /usr/bin/autoheader --force
[ 2411s] autoreconf: running: automake --add-missing --copy --force-missing
[ 2439s] configure.ac:40: installing './compile'
[ 2439s] configure.ac:43: installing './config.guess'
[ 2439s] configure.ac:43: installing './config.sub'
[ 2439s] configure.ac:41: installing './install-sh'
[ 2439s] configure.ac:48: installing './missing'
[ 2445s] src/swtpm/Makefile.am: installing './depcomp'
[ 2450s] parallel-tests: installing './test-driver'
[ 2452s] autoreconf: Leaving directory `.'
[ 2452s] + CFLAGS='-O2 -g -pipe -Wall -Werror=format-security -Wp,-D_FORTIFY_SOURCE=2 -Wp,-D_GLIBCXX_ASSERTIONS -fstack-protector-strong -grecord-gcc-switches -specs=/usr/lib/rpm/generic-hardened-cc1 -fasynchronous-unwind-tables -fstack-clash-protection'
[ 2452s] + export CFLAGS
[ 2452s] + CXXFLAGS='-O2 -g -pipe -Wall -Werror=format-security -Wp,-D_FORTIFY_SOURCE=2 -Wp,-D_GLIBCXX_ASSERTIONS -fstack-protector-strong -grecord-gcc-switches -specs=/usr/lib/rpm/generic-hardened-cc1 -fasynchronous-unwind-tables -fstack-clash-protection -fexceptions'
[ 2452s] + export CXXFLAGS
[ 2452s] + FFLAGS='-O2 -g -pipe -Wall -Werror=format-security -Wp,-D_FORTIFY_SOURCE=2 -Wp,-D_GLIBCXX_ASSERTIONS -fstack-protector-strong -grecord-gcc-switches -specs=/usr/lib/rpm/generic-hardened-cc1 -fasynchronous-unwind-tables -fstack-clash-protection -fexceptions -I/usr/lib64/gfortran/modules'
[ 2452s] + export FFLAGS
[ 2452s] + FCFLAGS='-O2 -g -pipe -Wall -Werror=format-security -Wp,-D_FORTIFY_SOURCE=2 -Wp,-D_GLIBCXX_ASSERTIONS -fstack-protector-strong -grecord-gcc-switches -specs=/usr/lib/rpm/generic-hardened-cc1 -fasynchronous-unwind-tables -fstack-clash-protection -fexceptions -I/usr/lib64/gfortran/modules'
[ 2452s] + export FCFLAGS
[ 2452s] + LDFLAGS='-Wl,-z,relro   -Wl,-z,now -specs=/usr/lib/rpm/generic-hardened-ld'
[ 2452s] + export LDFLAGS
[ 2452s] + '[' 1 = 1 ']'
[ 2452s] +++ dirname ./configure
[ 2452s] ++ find . -name config.guess -o -name config.sub
[ 2452s] + for i in $(find $(dirname ./configure) -name config.guess -o -name config.sub)
[ 2452s] ++ basename ./config.guess
[ 2452s] + '[' -f /usr/lib/rpm/openEuler/config.guess ']'
[ 2452s] + /usr/bin/rm -f ./config.guess
[ 2452s] ++ basename ./config.guess
[ 2452s] + /usr/bin/cp -fv /usr/lib/rpm/openEuler/config.guess ./config.guess
[ 2452s] '/usr/lib/rpm/openEuler/config.guess' -> './config.guess'
[ 2452s] + for i in $(find $(dirname ./configure) -name config.guess -o -name config.sub)
[ 2452s] ++ basename ./config.sub
[ 2452s] + '[' -f /usr/lib/rpm/openEuler/config.sub ']'
[ 2452s] + /usr/bin/rm -f ./config.sub
[ 2452s] ++ basename ./config.sub
[ 2452s] + /usr/bin/cp -fv /usr/lib/rpm/openEuler/config.sub ./config.sub
[ 2453s] '/usr/lib/rpm/openEuler/config.sub' -> './config.sub'
[ 2453s] + '[' 1 = 1 ']'
[ 2453s] + '[' x '!=' 'x-Wl,-z,now -specs=/usr/lib/rpm/generic-hardened-ld' ']'
[ 2453s] ++ find . -name ltmain.sh
[ 2453s] + for i in $(find . -name ltmain.sh)
[ 2453s] + /usr/bin/sed -i.backup -e 's~compiler_flags=$~compiler_flags="-Wl,-z,now -specs=/usr/lib/rpm/generic-hardened-ld"~' ./ltmain.sh
[ 2453s] + ./configure --build=riscv64-openEuler-linux-gnu --host=riscv64-openEuler-linux-gnu --program-prefix= --disable-dependency-tracking --prefix=/usr --exec-prefix=/usr --bindir=/usr/bin --sbindir=/usr/sbin --sysconfdir=/etc --datadir=/usr/share --includedir=/usr/include --libdir=/usr/lib64 --libexecdir=/usr/libexec --localstatedir=/var --sharedstatedir=/var/lib --mandir=/usr/share/man --infodir=/usr/share/info --with-gnutls --without-cuse
[ 2465s] checking for riscv64-openEuler-linux-gnu-gcc... no
[ 2465s] checking for gcc... gcc
[ 2476s] checking whether the C compiler works... yes
[ 2477s] checking for C compiler default output file name... a.out
[ 2479s] checking for suffix of executables... 
[ 2484s] checking whether we are cross compiling... no
[ 2487s] checking for suffix of object files... o
[ 2490s] checking whether we are using the GNU C compiler... yes
[ 2492s] checking whether gcc accepts -g... yes
[ 2496s] checking for gcc option to accept ISO C89... none needed
[ 2500s] checking whether gcc understands -c and -o together... yes
[ 2500s] checking for a BSD-compatible install... /usr/bin/install -c
[ 2500s] checking whether ln -s works... yes
[ 2502s] checking build system type... riscv64-openEuler-linux-gnu
[ 2502s] checking host system type... riscv64-openEuler-linux-gnu
[ 2502s] checking how to print strings... printf
[ 2503s] checking for a sed that does not truncate output... /usr/bin/sed
[ 2503s] checking for grep that handles long lines and -e... /usr/bin/grep
[ 2503s] checking for egrep... /usr/bin/grep -E
[ 2503s] checking for fgrep... /usr/bin/grep -F
[ 2504s] checking for ld used by gcc... /usr/bin/ld
[ 2505s] checking if the linker (/usr/bin/ld) is GNU ld... yes
[ 2505s] checking for BSD- or MS-compatible name lister (nm)... /usr/bin/nm -B
[ 2507s] checking the name lister (/usr/bin/nm -B) interface... BSD nm
[ 2507s] checking the maximum length of command line arguments... 1572864
[ 2507s] checking how to convert riscv64-openEuler-linux-gnu file names to riscv64-openEuler-linux-gnu format... func_convert_file_noop
[ 2507s] checking how to convert riscv64-openEuler-linux-gnu file names to toolchain format... func_convert_file_noop
[ 2507s] checking for /usr/bin/ld option to reload object files... -r
[ 2507s] checking for riscv64-openEuler-linux-gnu-objdump... no
[ 2507s] checking for objdump... objdump
[ 2508s] checking how to recognize dependent libraries... pass_all
[ 2508s] checking for riscv64-openEuler-linux-gnu-dlltool... no
[ 2508s] checking for dlltool... no
[ 2508s] checking how to associate runtime and link libraries... printf %s\n
[ 2508s] checking for riscv64-openEuler-linux-gnu-ar... no
[ 2508s] checking for ar... ar
[ 2524s] checking for archiver @FILE support... @
[ 2524s] checking for riscv64-openEuler-linux-gnu-strip... no
[ 2524s] checking for strip... strip
[ 2524s] checking for riscv64-openEuler-linux-gnu-ranlib... no
[ 2524s] checking for ranlib... ranlib
[ 2524s] checking for gawk... gawk
[ 2532s] checking command to parse /usr/bin/nm -B output from gcc object... ok
[ 2532s] checking for sysroot... no
[ 2533s] checking for a working dd... /usr/bin/dd
[ 2533s] checking how to truncate binary pipes... /usr/bin/dd bs=4096 count=1
[ 2533s] checking for riscv64-openEuler-linux-gnu-mt... no
[ 2533s] checking for mt... no
[ 2533s] checking if : is a manifest tool... no
[ 2542s] checking how to run the C preprocessor... gcc -E
[ 2556s] checking for ANSI C header files... yes
[ 2559s] checking for sys/types.h... yes
[ 2562s] checking for sys/stat.h... yes
[ 2565s] checking for stdlib.h... yes
[ 2567s] checking for string.h... yes
[ 2571s] checking for memory.h... yes
[ 2574s] checking for strings.h... yes
[ 2578s] checking for inttypes.h... yes
[ 2580s] checking for stdint.h... yes
[ 2584s] checking for unistd.h... yes
[ 2587s] checking for dlfcn.h... yes
[ 2587s] checking for objdir... .libs
[ 2595s] checking if gcc supports -fno-rtti -fno-exceptions... no
[ 2595s] checking for gcc option to produce PIC... -fPIC -DPIC
[ 2597s] checking if gcc PIC flag -fPIC -DPIC works... yes
[ 2602s] checking if gcc static flag -static works... yes
[ 2604s] checking if gcc supports -c -o file.o... yes
[ 2604s] checking if gcc supports -c -o file.o... (cached) yes
[ 2605s] checking whether the gcc linker (/usr/bin/ld) supports shared libraries... yes
[ 2609s] checking whether -lc should be explicitly linked in... no
[ 2616s] checking dynamic linker characteristics... GNU/Linux ld.so
[ 2616s] checking how to hardcode library paths into programs... immediate
[ 2617s] checking whether stripping libraries is possible... yes
[ 2617s] checking if libtool supports shared libraries... yes
[ 2617s] checking whether to build shared libraries... yes
[ 2617s] checking whether to build static libraries... yes
[ 2617s] checking target system type... riscv64-openEuler-linux-gnu
[ 2617s] checking whether build environment is sane... yes
[ 2618s] checking for a thread-safe mkdir -p... /usr/bin/mkdir -p
[ 2618s] checking whether make sets $(MAKE)... yes
[ 2619s] checking whether make supports the include directive... yes (GNU style)
[ 2620s] checking whether make supports nested variables... yes
[ 2620s] checking dependency style of gcc... none
[ 2620s] checking for debug-enabled build... no
[ 2620s] checking for ANSI C header files... (cached) yes
[ 2623s] checking for an ANSI C-conforming const... yes
[ 2624s] checking for inline... inline
[ 2630s] checking for size_t... yes
[ 2633s] checking return type of signal handlers... void
[ 2633s] checking for riscv64-openEuler-linux-gnu-gcc... gcc
[ 2638s] checking whether we are using the GNU C compiler... (cached) yes
[ 2638s] checking whether gcc accepts -g... (cached) yes
[ 2638s] checking for gcc option to accept ISO C89... (cached) none needed
[ 2638s] checking whether gcc understands -c and -o together... (cached) yes
[ 2638s] checking for semodule... /usr/sbin/semodule
[ 2642s] checking for AES_set_encrypt_key in -lcrypto... yes
[ 2644s] checking openssl/aes.h usability... yes
[ 2645s] checking openssl/aes.h presence... yes
[ 2645s] checking for openssl/aes.h... yes
[ 2645s] Building with openssl crypto library
[ 2649s] checking for TPMLIB_ChooseTPMVersion in -ltpms... yes
[ 2651s] checking for clock_gettime in -lc... yes
[ 2651s] checking for tpm_nvdefine... /usr/sbin/tpm_nvdefine
[ 2651s] checking for netstat... /usr/bin/netstat
[ 2651s] checking for whether to build with CUSE interface... no
[ 2651s] checking for whether to build with chardev interface... no
[ 2651s] checking for certtool... /usr/bin/certtool
[ 2653s] checking for gnutls_load_file in -lgnutls... yes
[ 2657s] checking gnutls/abstract.h usability... yes
[ 2659s] checking gnutls/abstract.h presence... yes
[ 2659s] checking for gnutls/abstract.h... yes
[ 2659s] checking for expect... /usr/bin/expect
[ 2659s] checking for gawk... /usr/bin/gawk
[ 2659s] checking for socat... /usr/bin/socat
[ 2659s] checking for python3... /usr/bin/python3
[ 2664s] checking whether linker supports -Wl,-z,relro... yes
[ 2666s] checking whether linker supports -Wl,-z,now... yes
[ 2666s] checking whether TSS_USER tss is available... yes
[ 2667s] checking whether TSS_GROUP tss is available... yes
[ 2667s] checking for riscv64-openEuler-linux-gnu-pkg-config... /usr/bin/riscv64-openEuler-linux-gnu-pkg-config
[ 2667s] checking pkg-config is at least version 0.9.0... yes
[ 2667s] checking Checking the crypto library libtpms is linked to... openssl
[ 2667s] checking for whether to build with seccomp profile... yes
[ 2669s] checking that generated files are newer than configure... done
[ 2669s] configure: creating ./config.status
[ 2703s] config.status: creating Makefile
[ 2704s] config.status: creating debian/swtpm-tools.postinst
[ 2705s] config.status: creating dist/swtpm.spec
[ 2707s] config.status: creating etc/Makefile
[ 2708s] config.status: creating etc/swtpm_setup.conf
[ 2710s] config.status: creating samples/Makefile
[ 2711s] config.status: creating samples/swtpm-localca.conf
[ 2712s] config.status: creating include/Makefile
[ 2714s] config.status: creating include/swtpm/Makefile
[ 2715s] config.status: creating include/swtpm.h
[ 2716s] config.status: creating src/Makefile
[ 2717s] config.status: creating src/selinux/Makefile
[ 2719s] config.status: creating src/swtpm/Makefile
[ 2720s] config.status: creating src/swtpm_bios/Makefile
[ 2721s] config.status: creating src/swtpm_cert/Makefile
[ 2723s] config.status: creating src/swtpm_ioctl/Makefile
[ 2724s] config.status: creating src/swtpm_setup/Makefile
[ 2725s] config.status: creating src/swtpm_setup/swtpm_setup.h
[ 2726s] config.status: creating man/Makefile
[ 2728s] config.status: creating man/man3/Makefile
[ 2730s] config.status: creating man/man8/Makefile
[ 2731s] config.status: creating tests/Makefile
[ 2733s] config.status: creating tests/test_config
[ 2734s] config.status: creating src/swtpm_setup/swtpm_setup.sh
[ 2735s] config.status: creating samples/swtpm-localca
[ 2737s] config.status: creating config.h
[ 2738s] config.status: executing libtool commands
[ 2738s] config.status: executing depfiles commands
[ 2738s] 
[ 2738s] with_gnutls     :   yes  (no = swtpm_cert will NOT be built)
[ 2738s] with_selinux    :   yes  (no = SELinux policy extenions will NOT be built)
[ 2738s] with_cuse       :    no  (no = no CUSE interface)
[ 2738s] with_chardev    :   yes  (no = no chardev interface)
[ 2738s] with_swtpm_setup:   yes  (no = swtpm_setup will NOT be built)
[ 2738s] with_vtpm_proxy :   yes  (no = no vtpm proxy support; Linux only)
[ 2738s] with_seccomp    :   yes  (no = no seccomp profile; Linux only)
[ 2738s] 
[ 2738s] cryptolib: openssl
[ 2738s] 
[ 2738s] CFLAGS=-O2 -g -pipe -Wall -Werror=format-security -Wp,-D_FORTIFY_SOURCE=2 -Wp,-D_GLIBCXX_ASSERTIONS -fstack-protector-strong -grecord-gcc-switches -specs=/usr/lib/rpm/generic-hardened-cc1 -fasynchronous-unwind-tables -fstack-clash-protection -Wreturn-type -Wsign-compare -Wswitch-enum -Wmissing-prototypes -Wall -Werror -Wformat -Wformat-security -I/usr/include/p11-kit-1  
[ 2738s] HARDENING_CFLAGS=-fstack-protector-strong -Wstack-protector  -Wl,-z,relro -Wl,-z,now
[ 2738s] LDFLAGS=-Wl,-z,relro   -Wl,-z,now -specs=/usr/lib/rpm/generic-hardened-ld 
[ 2738s] LIBSECCOMP_LIBS=-lseccomp 
[ 2738s] 
[ 2738s] TSS_USER=tss
[ 2738s] TSS_GROUP=tss
[ 2738s] 
[ 2740s] + /usr/bin/make -O -j8 V=1 VERBOSE=1
[ 2740s] /usr/bin/make  all-recursive
[ 2741s] Making all in etc
[ 2741s] make[2]: Nothing to be done for 'all'.
[ 2741s] Making all in include
[ 2742s] Making all in swtpm
[ 2742s] make[3]: Nothing to be done for 'all'.
[ 2742s] make[3]: Nothing to be done for 'all-am'.
[ 2742s] Making all in man
[ 2743s] Making all in man3
[ 2743s] make[3]: Nothing to be done for 'all'.
[ 2743s] Making all in man8
[ 2743s] make[3]: Nothing to be done for 'all'.
[ 2743s] make[3]: Nothing to be done for 'all-am'.
[ 2743s] Making all in samples
[ 2743s] make[2]: Nothing to be done for 'all'.
[ 2743s] Making all in src
[ 2744s] Making all in swtpm
[ 2746s] make[3]: Entering directory '/home/abuild/rpmbuild/BUILD/swtpm-091be8054b5863ff86c5efcb072dcdd45e3696d1/src/swtpm'
[ 2746s] gcc -DHAVE_CONFIG_H -I. -I../..    -I../../include -I../../include -I../../include/swtpm -fstack-protector-strong -Wstack-protector  -Wl,-z,relro -Wl,-z,now   -DHAVE_SWTPM_CUSE_MAIN -O2 -g -pipe -Wall -Werror=format-security -Wp,-D_FORTIFY_SOURCE=2 -Wp,-D_GLIBCXX_ASSERTIONS -fstack-protector-strong -grecord-gcc-switches -specs=/usr/lib/rpm/generic-hardened-cc1 -fasynchronous-unwind-tables -fstack-clash-protection -Wreturn-type -Wsign-compare -Wswitch-enum -Wmissing-prototypes -Wall -Werror -Wformat -Wformat-security -I/usr/include/p11-kit-1   -c -o swtpm-osx.o `test -f 'osx.c' || echo './'`osx.c
[ 2746s] make[3]: Leaving directory '/home/abuild/rpmbuild/BUILD/swtpm-091be8054b5863ff86c5efcb072dcdd45e3696d1/src/swtpm'
[ 2751s] make[3]: Entering directory '/home/abuild/rpmbuild/BUILD/swtpm-091be8054b5863ff86c5efcb072dcdd45e3696d1/src/swtpm'
[ 2751s] gcc -DHAVE_CONFIG_H -I. -I../..    -I../../include -I../../include -I../../include/swtpm -fstack-protector-strong -Wstack-protector  -Wl,-z,relro -Wl,-z,now   -DHAVE_SWTPM_CUSE_MAIN -O2 -g -pipe -Wall -Werror=format-security -Wp,-D_FORTIFY_SOURCE=2 -Wp,-D_GLIBCXX_ASSERTIONS -fstack-protector-strong -grecord-gcc-switches -specs=/usr/lib/rpm/generic-hardened-cc1 -fasynchronous-unwind-tables -fstack-clash-protection -Wreturn-type -Wsign-compare -Wswitch-enum -Wmissing-prototypes -Wall -Werror -Wformat -Wformat-security -I/usr/include/p11-kit-1   -c -o swtpm-main.o `test -f 'main.c' || echo './'`main.c
[ 2751s] make[3]: Leaving directory '/home/abuild/rpmbuild/BUILD/swtpm-091be8054b5863ff86c5efcb072dcdd45e3696d1/src/swtpm'
[ 2754s] make[3]: Entering directory '/home/abuild/rpmbuild/BUILD/swtpm-091be8054b5863ff86c5efcb072dcdd45e3696d1/src/swtpm'
[ 2754s] gcc -DHAVE_CONFIG_H -I. -I../..    -I../../include -I../../include -I../../include/swtpm -fstack-protector-strong -Wstack-protector  -Wl,-z,relro -Wl,-z,now   -DHAVE_SWTPM_CUSE_MAIN -O2 -g -pipe -Wall -Werror=format-security -Wp,-D_FORTIFY_SOURCE=2 -Wp,-D_GLIBCXX_ASSERTIONS -fstack-protector-strong -grecord-gcc-switches -specs=/usr/lib/rpm/generic-hardened-cc1 -fasynchronous-unwind-tables -fstack-clash-protection -Wreturn-type -Wsign-compare -Wswitch-enum -Wmissing-prototypes -Wall -Werror -Wformat -Wformat-security -I/usr/include/p11-kit-1   -c -o swtpm-swtpm.o `test -f 'swtpm.c' || echo './'`swtpm.c
[ 2754s] make[3]: Leaving directory '/home/abuild/rpmbuild/BUILD/swtpm-091be8054b5863ff86c5efcb072dcdd45e3696d1/src/swtpm'
[ 2754s] make[3]: Entering directory '/home/abuild/rpmbuild/BUILD/swtpm-091be8054b5863ff86c5efcb072dcdd45e3696d1/src/swtpm'
[ 2754s] gcc -DHAVE_CONFIG_H -I. -I../..    -I../../include -I../../include -I../../include/swtpm -fstack-protector-strong -Wstack-protector  -Wl,-z,relro -Wl,-z,now   -DHAVE_SWTPM_CUSE_MAIN -O2 -g -pipe -Wall -Werror=format-security -Wp,-D_FORTIFY_SOURCE=2 -Wp,-D_GLIBCXX_ASSERTIONS -fstack-protector-strong -grecord-gcc-switches -specs=/usr/lib/rpm/generic-hardened-cc1 -fasynchronous-unwind-tables -fstack-clash-protection -Wreturn-type -Wsign-compare -Wswitch-enum -Wmissing-prototypes -Wall -Werror -Wformat -Wformat-security -I/usr/include/p11-kit-1   -c -o swtpm-swtpm_chardev.o `test -f 'swtpm_chardev.c' || echo './'`swtpm_chardev.c
[ 2754s] make[3]: Leaving directory '/home/abuild/rpmbuild/BUILD/swtpm-091be8054b5863ff86c5efcb072dcdd45e3696d1/src/swtpm'
[ 2757s] make[3]: Entering directory '/home/abuild/rpmbuild/BUILD/swtpm-091be8054b5863ff86c5efcb072dcdd45e3696d1/src/swtpm'
[ 2757s] /bin/sh ../../libtool  --tag=CC   --mode=compile gcc -DHAVE_CONFIG_H -I. -I../..    -I../../include -I../../include -I../../include/swtpm -fstack-protector-strong -Wstack-protector  -Wl,-z,relro -Wl,-z,now   -O2 -g -pipe -Wall -Werror=format-security -Wp,-D_FORTIFY_SOURCE=2 -Wp,-D_GLIBCXX_ASSERTIONS -fstack-protector-strong -grecord-gcc-switches -specs=/usr/lib/rpm/generic-hardened-cc1 -fasynchronous-unwind-tables -fstack-clash-protection -Wreturn-type -Wsign-compare -Wswitch-enum -Wmissing-prototypes -Wall -Werror -Wformat -Wformat-security -I/usr/include/p11-kit-1   -c -o libswtpm_libtpms_la-capabilities.lo `test -f 'capabilities.c' || echo './'`capabilities.c
[ 2757s] libtool: compile:  gcc -DHAVE_CONFIG_H -I. -I../.. -I../../include -I../../include -I../../include/swtpm -fstack-protector-strong -Wstack-protector -Wl,-z,relro -Wl,-z,now -O2 -g -pipe -Wall -Werror=format-security -Wp,-D_FORTIFY_SOURCE=2 -Wp,-D_GLIBCXX_ASSERTIONS -fstack-protector-strong -grecord-gcc-switches -specs=/usr/lib/rpm/generic-hardened-cc1 -fasynchronous-unwind-tables -fstack-clash-protection -Wreturn-type -Wsign-compare -Wswitch-enum -Wmissing-prototypes -Wall -Werror -Wformat -Wformat-security -I/usr/include/p11-kit-1 -c capabilities.c  -fPIC -DPIC -o .libs/libswtpm_libtpms_la-capabilities.o
[ 2757s] libtool: compile:  gcc -DHAVE_CONFIG_H -I. -I../.. -I../../include -I../../include -I../../include/swtpm -fstack-protector-strong -Wstack-protector -Wl,-z,relro -Wl,-z,now -O2 -g -pipe -Wall -Werror=format-security -Wp,-D_FORTIFY_SOURCE=2 -Wp,-D_GLIBCXX_ASSERTIONS -fstack-protector-strong -grecord-gcc-switches -specs=/usr/lib/rpm/generic-hardened-cc1 -fasynchronous-unwind-tables -fstack-clash-protection -Wreturn-type -Wsign-compare -Wswitch-enum -Wmissing-prototypes -Wall -Werror -Wformat -Wformat-security -I/usr/include/p11-kit-1 -c capabilities.c -o libswtpm_libtpms_la-capabilities.o >/dev/null 2>&1
[ 2757s] make[3]: Leaving directory '/home/abuild/rpmbuild/BUILD/swtpm-091be8054b5863ff86c5efcb072dcdd45e3696d1/src/swtpm'
[ 2768s] make[3]: Entering directory '/home/abuild/rpmbuild/BUILD/swtpm-091be8054b5863ff86c5efcb072dcdd45e3696d1/src/swtpm'
[ 2769s] /bin/sh ../../libtool  --tag=CC   --mode=compile gcc -DHAVE_CONFIG_H -I. -I../..    -I../../include -I../../include -I../../include/swtpm -fstack-protector-strong -Wstack-protector  -Wl,-z,relro -Wl,-z,now   -O2 -g -pipe -Wall -Werror=format-security -Wp,-D_FORTIFY_SOURCE=2 -Wp,-D_GLIBCXX_ASSERTIONS -fstack-protector-strong -grecord-gcc-switches -specs=/usr/lib/rpm/generic-hardened-cc1 -fasynchronous-unwind-tables -fstack-clash-protection -Wreturn-type -Wsign-compare -Wswitch-enum -Wmissing-prototypes -Wall -Werror -Wformat -Wformat-security -I/usr/include/p11-kit-1   -c -o libswtpm_libtpms_la-logging.lo `test -f 'logging.c' || echo './'`logging.c
[ 2769s] libtool: compile:  gcc -DHAVE_CONFIG_H -I. -I../.. -I../../include -I../../include -I../../include/swtpm -fstack-protector-strong -Wstack-protector -Wl,-z,relro -Wl,-z,now -O2 -g -pipe -Wall -Werror=format-security -Wp,-D_FORTIFY_SOURCE=2 -Wp,-D_GLIBCXX_ASSERTIONS -fstack-protector-strong -grecord-gcc-switches -specs=/usr/lib/rpm/generic-hardened-cc1 -fasynchronous-unwind-tables -fstack-clash-protection -Wreturn-type -Wsign-compare -Wswitch-enum -Wmissing-prototypes -Wall -Werror -Wformat -Wformat-security -I/usr/include/p11-kit-1 -c logging.c  -fPIC -DPIC -o .libs/libswtpm_libtpms_la-logging.o
[ 2769s] libtool: compile:  gcc -DHAVE_CONFIG_H -I. -I../.. -I../../include -I../../include -I../../include/swtpm -fstack-protector-strong -Wstack-protector -Wl,-z,relro -Wl,-z,now -O2 -g -pipe -Wall -Werror=format-security -Wp,-D_FORTIFY_SOURCE=2 -Wp,-D_GLIBCXX_ASSERTIONS -fstack-protector-strong -grecord-gcc-switches -specs=/usr/lib/rpm/generic-hardened-cc1 -fasynchronous-unwind-tables -fstack-clash-protection -Wreturn-type -Wsign-compare -Wswitch-enum -Wmissing-prototypes -Wall -Werror -Wformat -Wformat-security -I/usr/include/p11-kit-1 -c logging.c -o libswtpm_libtpms_la-logging.o >/dev/null 2>&1
[ 2769s] make[3]: Leaving directory '/home/abuild/rpmbuild/BUILD/swtpm-091be8054b5863ff86c5efcb072dcdd45e3696d1/src/swtpm'
[ 2769s] make[3]: Entering directory '/home/abuild/rpmbuild/BUILD/swtpm-091be8054b5863ff86c5efcb072dcdd45e3696d1/src/swtpm'
[ 2769s] /bin/sh ../../libtool  --tag=CC   --mode=compile gcc -DHAVE_CONFIG_H -I. -I../..    -I../../include -I../../include -I../../include/swtpm -fstack-protector-strong -Wstack-protector  -Wl,-z,relro -Wl,-z,now   -O2 -g -pipe -Wall -Werror=format-security -Wp,-D_FORTIFY_SOURCE=2 -Wp,-D_GLIBCXX_ASSERTIONS -fstack-protector-strong -grecord-gcc-switches -specs=/usr/lib/rpm/generic-hardened-cc1 -fasynchronous-unwind-tables -fstack-clash-protection -Wreturn-type -Wsign-compare -Wswitch-enum -Wmissing-prototypes -Wall -Werror -Wformat -Wformat-security -I/usr/include/p11-kit-1   -c -o libswtpm_libtpms_la-pidfile.lo `test -f 'pidfile.c' || echo './'`pidfile.c
[ 2769s] libtool: compile:  gcc -DHAVE_CONFIG_H -I. -I../.. -I../../include -I../../include -I../../include/swtpm -fstack-protector-strong -Wstack-protector -Wl,-z,relro -Wl,-z,now -O2 -g -pipe -Wall -Werror=format-security -Wp,-D_FORTIFY_SOURCE=2 -Wp,-D_GLIBCXX_ASSERTIONS -fstack-protector-strong -grecord-gcc-switches -specs=/usr/lib/rpm/generic-hardened-cc1 -fasynchronous-unwind-tables -fstack-clash-protection -Wreturn-type -Wsign-compare -Wswitch-enum -Wmissing-prototypes -Wall -Werror -Wformat -Wformat-security -I/usr/include/p11-kit-1 -c pidfile.c  -fPIC -DPIC -o .libs/libswtpm_libtpms_la-pidfile.o
[ 2769s] libtool: compile:  gcc -DHAVE_CONFIG_H -I. -I../.. -I../../include -I../../include -I../../include/swtpm -fstack-protector-strong -Wstack-protector -Wl,-z,relro -Wl,-z,now -O2 -g -pipe -Wall -Werror=format-security -Wp,-D_FORTIFY_SOURCE=2 -Wp,-D_GLIBCXX_ASSERTIONS -fstack-protector-strong -grecord-gcc-switches -specs=/usr/lib/rpm/generic-hardened-cc1 -fasynchronous-unwind-tables -fstack-clash-protection -Wreturn-type -Wsign-compare -Wswitch-enum -Wmissing-prototypes -Wall -Werror -Wformat -Wformat-security -I/usr/include/p11-kit-1 -c pidfile.c -o libswtpm_libtpms_la-pidfile.o >/dev/null 2>&1
[ 2769s] make[3]: Leaving directory '/home/abuild/rpmbuild/BUILD/swtpm-091be8054b5863ff86c5efcb072dcdd45e3696d1/src/swtpm'
[ 2770s] make[3]: Entering directory '/home/abuild/rpmbuild/BUILD/swtpm-091be8054b5863ff86c5efcb072dcdd45e3696d1/src/swtpm'
[ 2770s] /bin/sh ../../libtool  --tag=CC   --mode=compile gcc -DHAVE_CONFIG_H -I. -I../..    -I../../include -I../../include -I../../include/swtpm -fstack-protector-strong -Wstack-protector  -Wl,-z,relro -Wl,-z,now   -O2 -g -pipe -Wall -Werror=format-security -Wp,-D_FORTIFY_SOURCE=2 -Wp,-D_GLIBCXX_ASSERTIONS -fstack-protector-strong -grecord-gcc-switches -specs=/usr/lib/rpm/generic-hardened-cc1 -fasynchronous-unwind-tables -fstack-clash-protection -Wreturn-type -Wsign-compare -Wswitch-enum -Wmissing-prototypes -Wall -Werror -Wformat -Wformat-security -I/usr/include/p11-kit-1   -c -o libswtpm_libtpms_la-key.lo `test -f 'key.c' || echo './'`key.c
[ 2770s] libtool: compile:  gcc -DHAVE_CONFIG_H -I. -I../.. -I../../include -I../../include -I../../include/swtpm -fstack-protector-strong -Wstack-protector -Wl,-z,relro -Wl,-z,now -O2 -g -pipe -Wall -Werror=format-security -Wp,-D_FORTIFY_SOURCE=2 -Wp,-D_GLIBCXX_ASSERTIONS -fstack-protector-strong -grecord-gcc-switches -specs=/usr/lib/rpm/generic-hardened-cc1 -fasynchronous-unwind-tables -fstack-clash-protection -Wreturn-type -Wsign-compare -Wswitch-enum -Wmissing-prototypes -Wall -Werror -Wformat -Wformat-security -I/usr/include/p11-kit-1 -c key.c  -fPIC -DPIC -o .libs/libswtpm_libtpms_la-key.o
[ 2770s] libtool: compile:  gcc -DHAVE_CONFIG_H -I. -I../.. -I../../include -I../../include -I../../include/swtpm -fstack-protector-strong -Wstack-protector -Wl,-z,relro -Wl,-z,now -O2 -g -pipe -Wall -Werror=format-security -Wp,-D_FORTIFY_SOURCE=2 -Wp,-D_GLIBCXX_ASSERTIONS -fstack-protector-strong -grecord-gcc-switches -specs=/usr/lib/rpm/generic-hardened-cc1 -fasynchronous-unwind-tables -fstack-clash-protection -Wreturn-type -Wsign-compare -Wswitch-enum -Wmissing-prototypes -Wall -Werror -Wformat -Wformat-security -I/usr/include/p11-kit-1 -c key.c -o libswtpm_libtpms_la-key.o >/dev/null 2>&1
[ 2770s] make[3]: Leaving directory '/home/abuild/rpmbuild/BUILD/swtpm-091be8054b5863ff86c5efcb072dcdd45e3696d1/src/swtpm'
[ 2770s] make[3]: Entering directory '/home/abuild/rpmbuild/BUILD/swtpm-091be8054b5863ff86c5efcb072dcdd45e3696d1/src/swtpm'
[ 2770s] /bin/sh ../../libtool  --tag=CC   --mode=compile gcc -DHAVE_CONFIG_H -I. -I../..    -I../../include -I../../include -I../../include/swtpm -fstack-protector-strong -Wstack-protector  -Wl,-z,relro -Wl,-z,now   -O2 -g -pipe -Wall -Werror=format-security -Wp,-D_FORTIFY_SOURCE=2 -Wp,-D_GLIBCXX_ASSERTIONS -fstack-protector-strong -grecord-gcc-switches -specs=/usr/lib/rpm/generic-hardened-cc1 -fasynchronous-unwind-tables -fstack-clash-protection -Wreturn-type -Wsign-compare -Wswitch-enum -Wmissing-prototypes -Wall -Werror -Wformat -Wformat-security -I/usr/include/p11-kit-1   -c -o libswtpm_libtpms_la-mainloop.lo `test -f 'mainloop.c' || echo './'`mainloop.c
[ 2770s] libtool: compile:  gcc -DHAVE_CONFIG_H -I. -I../.. -I../../include -I../../include -I../../include/swtpm -fstack-protector-strong -Wstack-protector -Wl,-z,relro -Wl,-z,now -O2 -g -pipe -Wall -Werror=format-security -Wp,-D_FORTIFY_SOURCE=2 -Wp,-D_GLIBCXX_ASSERTIONS -fstack-protector-strong -grecord-gcc-switches -specs=/usr/lib/rpm/generic-hardened-cc1 -fasynchronous-unwind-tables -fstack-clash-protection -Wreturn-type -Wsign-compare -Wswitch-enum -Wmissing-prototypes -Wall -Werror -Wformat -Wformat-security -I/usr/include/p11-kit-1 -c mainloop.c  -fPIC -DPIC -o .libs/libswtpm_libtpms_la-mainloop.o
[ 2770s] libtool: compile:  gcc -DHAVE_CONFIG_H -I. -I../.. -I../../include -I../../include -I../../include/swtpm -fstack-protector-strong -Wstack-protector -Wl,-z,relro -Wl,-z,now -O2 -g -pipe -Wall -Werror=format-security -Wp,-D_FORTIFY_SOURCE=2 -Wp,-D_GLIBCXX_ASSERTIONS -fstack-protector-strong -grecord-gcc-switches -specs=/usr/lib/rpm/generic-hardened-cc1 -fasynchronous-unwind-tables -fstack-clash-protection -Wreturn-type -Wsign-compare -Wswitch-enum -Wmissing-prototypes -Wall -Werror -Wformat -Wformat-security -I/usr/include/p11-kit-1 -c mainloop.c -o libswtpm_libtpms_la-mainloop.o >/dev/null 2>&1
[ 2770s] make[3]: Leaving directory '/home/abuild/rpmbuild/BUILD/swtpm-091be8054b5863ff86c5efcb072dcdd45e3696d1/src/swtpm'
[ 2775s] make[3]: Entering directory '/home/abuild/rpmbuild/BUILD/swtpm-091be8054b5863ff86c5efcb072dcdd45e3696d1/src/swtpm'
[ 2776s] /bin/sh ../../libtool  --tag=CC   --mode=compile gcc -DHAVE_CONFIG_H -I. -I../..    -I../../include -I../../include -I../../include/swtpm -fstack-protector-strong -Wstack-protector  -Wl,-z,relro -Wl,-z,now   -O2 -g -pipe -Wall -Werror=format-security -Wp,-D_FORTIFY_SOURCE=2 -Wp,-D_GLIBCXX_ASSERTIONS -fstack-protector-strong -grecord-gcc-switches -specs=/usr/lib/rpm/generic-hardened-cc1 -fasynchronous-unwind-tables -fstack-clash-protection -Wreturn-type -Wsign-compare -Wswitch-enum -Wmissing-prototypes -Wall -Werror -Wformat -Wformat-security -I/usr/include/p11-kit-1   -c -o libswtpm_libtpms_la-seccomp_profile.lo `test -f 'seccomp_profile.c' || echo './'`seccomp_profile.c
[ 2776s] libtool: compile:  gcc -DHAVE_CONFIG_H -I. -I../.. -I../../include -I../../include -I../../include/swtpm -fstack-protector-strong -Wstack-protector -Wl,-z,relro -Wl,-z,now -O2 -g -pipe -Wall -Werror=format-security -Wp,-D_FORTIFY_SOURCE=2 -Wp,-D_GLIBCXX_ASSERTIONS -fstack-protector-strong -grecord-gcc-switches -specs=/usr/lib/rpm/generic-hardened-cc1 -fasynchronous-unwind-tables -fstack-clash-protection -Wreturn-type -Wsign-compare -Wswitch-enum -Wmissing-prototypes -Wall -Werror -Wformat -Wformat-security -I/usr/include/p11-kit-1 -c seccomp_profile.c  -fPIC -DPIC -o .libs/libswtpm_libtpms_la-seccomp_profile.o
[ 2776s] libtool: compile:  gcc -DHAVE_CONFIG_H -I. -I../.. -I../../include -I../../include -I../../include/swtpm -fstack-protector-strong -Wstack-protector -Wl,-z,relro -Wl,-z,now -O2 -g -pipe -Wall -Werror=format-security -Wp,-D_FORTIFY_SOURCE=2 -Wp,-D_GLIBCXX_ASSERTIONS -fstack-protector-strong -grecord-gcc-switches -specs=/usr/lib/rpm/generic-hardened-cc1 -fasynchronous-unwind-tables -fstack-clash-protection -Wreturn-type -Wsign-compare -Wswitch-enum -Wmissing-prototypes -Wall -Werror -Wformat -Wformat-security -I/usr/include/p11-kit-1 -c seccomp_profile.c -o libswtpm_libtpms_la-seccomp_profile.o >/dev/null 2>&1
[ 2776s] make[3]: Leaving directory '/home/abuild/rpmbuild/BUILD/swtpm-091be8054b5863ff86c5efcb072dcdd45e3696d1/src/swtpm'
[ 2777s] make[3]: Entering directory '/home/abuild/rpmbuild/BUILD/swtpm-091be8054b5863ff86c5efcb072dcdd45e3696d1/src/swtpm'
[ 2777s] /bin/sh ../../libtool  --tag=CC   --mode=compile gcc -DHAVE_CONFIG_H -I. -I../..    -I../../include -I../../include -I../../include/swtpm -fstack-protector-strong -Wstack-protector  -Wl,-z,relro -Wl,-z,now   -O2 -g -pipe -Wall -Werror=format-security -Wp,-D_FORTIFY_SOURCE=2 -Wp,-D_GLIBCXX_ASSERTIONS -fstack-protector-strong -grecord-gcc-switches -specs=/usr/lib/rpm/generic-hardened-cc1 -fasynchronous-unwind-tables -fstack-clash-protection -Wreturn-type -Wsign-compare -Wswitch-enum -Wmissing-prototypes -Wall -Werror -Wformat -Wformat-security -I/usr/include/p11-kit-1   -c -o libswtpm_libtpms_la-ctrlchannel.lo `test -f 'ctrlchannel.c' || echo './'`ctrlchannel.c
[ 2777s] libtool: compile:  gcc -DHAVE_CONFIG_H -I. -I../.. -I../../include -I../../include -I../../include/swtpm -fstack-protector-strong -Wstack-protector -Wl,-z,relro -Wl,-z,now -O2 -g -pipe -Wall -Werror=format-security -Wp,-D_FORTIFY_SOURCE=2 -Wp,-D_GLIBCXX_ASSERTIONS -fstack-protector-strong -grecord-gcc-switches -specs=/usr/lib/rpm/generic-hardened-cc1 -fasynchronous-unwind-tables -fstack-clash-protection -Wreturn-type -Wsign-compare -Wswitch-enum -Wmissing-prototypes -Wall -Werror -Wformat -Wformat-security -I/usr/include/p11-kit-1 -c ctrlchannel.c  -fPIC -DPIC -o .libs/libswtpm_libtpms_la-ctrlchannel.o
[ 2777s] libtool: compile:  gcc -DHAVE_CONFIG_H -I. -I../.. -I../../include -I../../include -I../../include/swtpm -fstack-protector-strong -Wstack-protector -Wl,-z,relro -Wl,-z,now -O2 -g -pipe -Wall -Werror=format-security -Wp,-D_FORTIFY_SOURCE=2 -Wp,-D_GLIBCXX_ASSERTIONS -fstack-protector-strong -grecord-gcc-switches -specs=/usr/lib/rpm/generic-hardened-cc1 -fasynchronous-unwind-tables -fstack-clash-protection -Wreturn-type -Wsign-compare -Wswitch-enum -Wmissing-prototypes -Wall -Werror -Wformat -Wformat-security -I/usr/include/p11-kit-1 -c ctrlchannel.c -o libswtpm_libtpms_la-ctrlchannel.o >/dev/null 2>&1
[ 2777s] make[3]: Leaving directory '/home/abuild/rpmbuild/BUILD/swtpm-091be8054b5863ff86c5efcb072dcdd45e3696d1/src/swtpm'
[ 2778s] make[3]: Entering directory '/home/abuild/rpmbuild/BUILD/swtpm-091be8054b5863ff86c5efcb072dcdd45e3696d1/src/swtpm'
[ 2778s] /bin/sh ../../libtool  --tag=CC   --mode=compile gcc -DHAVE_CONFIG_H -I. -I../..    -I../../include -I../../include -I../../include/swtpm -fstack-protector-strong -Wstack-protector  -Wl,-z,relro -Wl,-z,now   -O2 -g -pipe -Wall -Werror=format-security -Wp,-D_FORTIFY_SOURCE=2 -Wp,-D_GLIBCXX_ASSERTIONS -fstack-protector-strong -grecord-gcc-switches -specs=/usr/lib/rpm/generic-hardened-cc1 -fasynchronous-unwind-tables -fstack-clash-protection -Wreturn-type -Wsign-compare -Wswitch-enum -Wmissing-prototypes -Wall -Werror -Wformat -Wformat-security -I/usr/include/p11-kit-1   -c -o libswtpm_libtpms_la-common.lo `test -f 'common.c' || echo './'`common.c
[ 2778s] libtool: compile:  gcc -DHAVE_CONFIG_H -I. -I../.. -I../../include -I../../include -I../../include/swtpm -fstack-protector-strong -Wstack-protector -Wl,-z,relro -Wl,-z,now -O2 -g -pipe -Wall -Werror=format-security -Wp,-D_FORTIFY_SOURCE=2 -Wp,-D_GLIBCXX_ASSERTIONS -fstack-protector-strong -grecord-gcc-switches -specs=/usr/lib/rpm/generic-hardened-cc1 -fasynchronous-unwind-tables -fstack-clash-protection -Wreturn-type -Wsign-compare -Wswitch-enum -Wmissing-prototypes -Wall -Werror -Wformat -Wformat-security -I/usr/include/p11-kit-1 -c common.c  -fPIC -DPIC -o .libs/libswtpm_libtpms_la-common.o
[ 2778s] libtool: compile:  gcc -DHAVE_CONFIG_H -I. -I../.. -I../../include -I../../include -I../../include/swtpm -fstack-protector-strong -Wstack-protector -Wl,-z,relro -Wl,-z,now -O2 -g -pipe -Wall -Werror=format-security -Wp,-D_FORTIFY_SOURCE=2 -Wp,-D_GLIBCXX_ASSERTIONS -fstack-protector-strong -grecord-gcc-switches -specs=/usr/lib/rpm/generic-hardened-cc1 -fasynchronous-unwind-tables -fstack-clash-protection -Wreturn-type -Wsign-compare -Wswitch-enum -Wmissing-prototypes -Wall -Werror -Wformat -Wformat-security -I/usr/include/p11-kit-1 -c common.c -o libswtpm_libtpms_la-common.o >/dev/null 2>&1
[ 2778s] make[3]: Leaving directory '/home/abuild/rpmbuild/BUILD/swtpm-091be8054b5863ff86c5efcb072dcdd45e3696d1/src/swtpm'
[ 2780s] make[3]: Entering directory '/home/abuild/rpmbuild/BUILD/swtpm-091be8054b5863ff86c5efcb072dcdd45e3696d1/src/swtpm'
[ 2780s] /bin/sh ../../libtool  --tag=CC   --mode=compile gcc -DHAVE_CONFIG_H -I. -I../..    -I../../include -I../../include -I../../include/swtpm -fstack-protector-strong -Wstack-protector  -Wl,-z,relro -Wl,-z,now   -O2 -g -pipe -Wall -Werror=format-security -Wp,-D_FORTIFY_SOURCE=2 -Wp,-D_GLIBCXX_ASSERTIONS -fstack-protector-strong -grecord-gcc-switches -specs=/usr/lib/rpm/generic-hardened-cc1 -fasynchronous-unwind-tables -fstack-clash-protection -Wreturn-type -Wsign-compare -Wswitch-enum -Wmissing-prototypes -Wall -Werror -Wformat -Wformat-security -I/usr/include/p11-kit-1   -c -o libswtpm_libtpms_la-options.lo `test -f 'options.c' || echo './'`options.c
[ 2780s] libtool: compile:  gcc -DHAVE_CONFIG_H -I. -I../.. -I../../include -I../../include -I../../include/swtpm -fstack-protector-strong -Wstack-protector -Wl,-z,relro -Wl,-z,now -O2 -g -pipe -Wall -Werror=format-security -Wp,-D_FORTIFY_SOURCE=2 -Wp,-D_GLIBCXX_ASSERTIONS -fstack-protector-strong -grecord-gcc-switches -specs=/usr/lib/rpm/generic-hardened-cc1 -fasynchronous-unwind-tables -fstack-clash-protection -Wreturn-type -Wsign-compare -Wswitch-enum -Wmissing-prototypes -Wall -Werror -Wformat -Wformat-security -I/usr/include/p11-kit-1 -c options.c  -fPIC -DPIC -o .libs/libswtpm_libtpms_la-options.o
[ 2780s] libtool: compile:  gcc -DHAVE_CONFIG_H -I. -I../.. -I../../include -I../../include -I../../include/swtpm -fstack-protector-strong -Wstack-protector -Wl,-z,relro -Wl,-z,now -O2 -g -pipe -Wall -Werror=format-security -Wp,-D_FORTIFY_SOURCE=2 -Wp,-D_GLIBCXX_ASSERTIONS -fstack-protector-strong -grecord-gcc-switches -specs=/usr/lib/rpm/generic-hardened-cc1 -fasynchronous-unwind-tables -fstack-clash-protection -Wreturn-type -Wsign-compare -Wswitch-enum -Wmissing-prototypes -Wall -Werror -Wformat -Wformat-security -I/usr/include/p11-kit-1 -c options.c -o libswtpm_libtpms_la-options.o >/dev/null 2>&1
[ 2780s] make[3]: Leaving directory '/home/abuild/rpmbuild/BUILD/swtpm-091be8054b5863ff86c5efcb072dcdd45e3696d1/src/swtpm'
[ 2784s] make[3]: Entering directory '/home/abuild/rpmbuild/BUILD/swtpm-091be8054b5863ff86c5efcb072dcdd45e3696d1/src/swtpm'
[ 2784s] /bin/sh ../../libtool  --tag=CC   --mode=compile gcc -DHAVE_CONFIG_H -I. -I../..    -I../../include -I../../include -I../../include/swtpm -fstack-protector-strong -Wstack-protector  -Wl,-z,relro -Wl,-z,now   -O2 -g -pipe -Wall -Werror=format-security -Wp,-D_FORTIFY_SOURCE=2 -Wp,-D_GLIBCXX_ASSERTIONS -fstack-protector-strong -grecord-gcc-switches -specs=/usr/lib/rpm/generic-hardened-cc1 -fasynchronous-unwind-tables -fstack-clash-protection -Wreturn-type -Wsign-compare -Wswitch-enum -Wmissing-prototypes -Wall -Werror -Wformat -Wformat-security -I/usr/include/p11-kit-1   -c -o libswtpm_libtpms_la-server.lo `test -f 'server.c' || echo './'`server.c
[ 2784s] libtool: compile:  gcc -DHAVE_CONFIG_H -I. -I../.. -I../../include -I../../include -I../../include/swtpm -fstack-protector-strong -Wstack-protector -Wl,-z,relro -Wl,-z,now -O2 -g -pipe -Wall -Werror=format-security -Wp,-D_FORTIFY_SOURCE=2 -Wp,-D_GLIBCXX_ASSERTIONS -fstack-protector-strong -grecord-gcc-switches -specs=/usr/lib/rpm/generic-hardened-cc1 -fasynchronous-unwind-tables -fstack-clash-protection -Wreturn-type -Wsign-compare -Wswitch-enum -Wmissing-prototypes -Wall -Werror -Wformat -Wformat-security -I/usr/include/p11-kit-1 -c server.c  -fPIC -DPIC -o .libs/libswtpm_libtpms_la-server.o
[ 2784s] libtool: compile:  gcc -DHAVE_CONFIG_H -I. -I../.. -I../../include -I../../include -I../../include/swtpm -fstack-protector-strong -Wstack-protector -Wl,-z,relro -Wl,-z,now -O2 -g -pipe -Wall -Werror=format-security -Wp,-D_FORTIFY_SOURCE=2 -Wp,-D_GLIBCXX_ASSERTIONS -fstack-protector-strong -grecord-gcc-switches -specs=/usr/lib/rpm/generic-hardened-cc1 -fasynchronous-unwind-tables -fstack-clash-protection -Wreturn-type -Wsign-compare -Wswitch-enum -Wmissing-prototypes -Wall -Werror -Wformat -Wformat-security -I/usr/include/p11-kit-1 -c server.c -o libswtpm_libtpms_la-server.o >/dev/null 2>&1
[ 2784s] make[3]: Leaving directory '/home/abuild/rpmbuild/BUILD/swtpm-091be8054b5863ff86c5efcb072dcdd45e3696d1/src/swtpm'
[ 2786s] make[3]: Entering directory '/home/abuild/rpmbuild/BUILD/swtpm-091be8054b5863ff86c5efcb072dcdd45e3696d1/src/swtpm'
[ 2786s] /bin/sh ../../libtool  --tag=CC   --mode=compile gcc -DHAVE_CONFIG_H -I. -I../..    -I../../include -I../../include -I../../include/swtpm -fstack-protector-strong -Wstack-protector  -Wl,-z,relro -Wl,-z,now   -O2 -g -pipe -Wall -Werror=format-security -Wp,-D_FORTIFY_SOURCE=2 -Wp,-D_GLIBCXX_ASSERTIONS -fstack-protector-strong -grecord-gcc-switches -specs=/usr/lib/rpm/generic-hardened-cc1 -fasynchronous-unwind-tables -fstack-clash-protection -Wreturn-type -Wsign-compare -Wswitch-enum -Wmissing-prototypes -Wall -Werror -Wformat -Wformat-security -I/usr/include/p11-kit-1   -c -o libswtpm_libtpms_la-swtpm_aes.lo `test -f 'swtpm_aes.c' || echo './'`swtpm_aes.c
[ 2786s] libtool: compile:  gcc -DHAVE_CONFIG_H -I. -I../.. -I../../include -I../../include -I../../include/swtpm -fstack-protector-strong -Wstack-protector -Wl,-z,relro -Wl,-z,now -O2 -g -pipe -Wall -Werror=format-security -Wp,-D_FORTIFY_SOURCE=2 -Wp,-D_GLIBCXX_ASSERTIONS -fstack-protector-strong -grecord-gcc-switches -specs=/usr/lib/rpm/generic-hardened-cc1 -fasynchronous-unwind-tables -fstack-clash-protection -Wreturn-type -Wsign-compare -Wswitch-enum -Wmissing-prototypes -Wall -Werror -Wformat -Wformat-security -I/usr/include/p11-kit-1 -c swtpm_aes.c  -fPIC -DPIC -o .libs/libswtpm_libtpms_la-swtpm_aes.o
[ 2786s] libtool: compile:  gcc -DHAVE_CONFIG_H -I. -I../.. -I../../include -I../../include -I../../include/swtpm -fstack-protector-strong -Wstack-protector -Wl,-z,relro -Wl,-z,now -O2 -g -pipe -Wall -Werror=format-security -Wp,-D_FORTIFY_SOURCE=2 -Wp,-D_GLIBCXX_ASSERTIONS -fstack-protector-strong -grecord-gcc-switches -specs=/usr/lib/rpm/generic-hardened-cc1 -fasynchronous-unwind-tables -fstack-clash-protection -Wreturn-type -Wsign-compare -Wswitch-enum -Wmissing-prototypes -Wall -Werror -Wformat -Wformat-security -I/usr/include/p11-kit-1 -c swtpm_aes.c -o libswtpm_libtpms_la-swtpm_aes.o >/dev/null 2>&1
[ 2786s] make[3]: Leaving directory '/home/abuild/rpmbuild/BUILD/swtpm-091be8054b5863ff86c5efcb072dcdd45e3696d1/src/swtpm'
[ 2787s] make[3]: Entering directory '/home/abuild/rpmbuild/BUILD/swtpm-091be8054b5863ff86c5efcb072dcdd45e3696d1/src/swtpm'
[ 2787s] /bin/sh ../../libtool  --tag=CC   --mode=compile gcc -DHAVE_CONFIG_H -I. -I../..    -I../../include -I../../include -I../../include/swtpm -fstack-protector-strong -Wstack-protector  -Wl,-z,relro -Wl,-z,now   -O2 -g -pipe -Wall -Werror=format-security -Wp,-D_FORTIFY_SOURCE=2 -Wp,-D_GLIBCXX_ASSERTIONS -fstack-protector-strong -grecord-gcc-switches -specs=/usr/lib/rpm/generic-hardened-cc1 -fasynchronous-unwind-tables -fstack-clash-protection -Wreturn-type -Wsign-compare -Wswitch-enum -Wmissing-prototypes -Wall -Werror -Wformat -Wformat-security -I/usr/include/p11-kit-1   -c -o libswtpm_libtpms_la-swtpm_debug.lo `test -f 'swtpm_debug.c' || echo './'`swtpm_debug.c
[ 2787s] libtool: compile:  gcc -DHAVE_CONFIG_H -I. -I../.. -I../../include -I../../include -I../../include/swtpm -fstack-protector-strong -Wstack-protector -Wl,-z,relro -Wl,-z,now -O2 -g -pipe -Wall -Werror=format-security -Wp,-D_FORTIFY_SOURCE=2 -Wp,-D_GLIBCXX_ASSERTIONS -fstack-protector-strong -grecord-gcc-switches -specs=/usr/lib/rpm/generic-hardened-cc1 -fasynchronous-unwind-tables -fstack-clash-protection -Wreturn-type -Wsign-compare -Wswitch-enum -Wmissing-prototypes -Wall -Werror -Wformat -Wformat-security -I/usr/include/p11-kit-1 -c swtpm_debug.c  -fPIC -DPIC -o .libs/libswtpm_libtpms_la-swtpm_debug.o
[ 2787s] libtool: compile:  gcc -DHAVE_CONFIG_H -I. -I../.. -I../../include -I../../include -I../../include/swtpm -fstack-protector-strong -Wstack-protector -Wl,-z,relro -Wl,-z,now -O2 -g -pipe -Wall -Werror=format-security -Wp,-D_FORTIFY_SOURCE=2 -Wp,-D_GLIBCXX_ASSERTIONS -fstack-protector-strong -grecord-gcc-switches -specs=/usr/lib/rpm/generic-hardened-cc1 -fasynchronous-unwind-tables -fstack-clash-protection -Wreturn-type -Wsign-compare -Wswitch-enum -Wmissing-prototypes -Wall -Werror -Wformat -Wformat-security -I/usr/include/p11-kit-1 -c swtpm_debug.c -o libswtpm_libtpms_la-swtpm_debug.o >/dev/null 2>&1
[ 2787s] make[3]: Leaving directory '/home/abuild/rpmbuild/BUILD/swtpm-091be8054b5863ff86c5efcb072dcdd45e3696d1/src/swtpm'
[ 2790s] make[3]: Entering directory '/home/abuild/rpmbuild/BUILD/swtpm-091be8054b5863ff86c5efcb072dcdd45e3696d1/src/swtpm'
[ 2790s] /bin/sh ../../libtool  --tag=CC   --mode=compile gcc -DHAVE_CONFIG_H -I. -I../..    -I../../include -I../../include -I../../include/swtpm -fstack-protector-strong -Wstack-protector  -Wl,-z,relro -Wl,-z,now   -O2 -g -pipe -Wall -Werror=format-security -Wp,-D_FORTIFY_SOURCE=2 -Wp,-D_GLIBCXX_ASSERTIONS -fstack-protector-strong -grecord-gcc-switches -specs=/usr/lib/rpm/generic-hardened-cc1 -fasynchronous-unwind-tables -fstack-clash-protection -Wreturn-type -Wsign-compare -Wswitch-enum -Wmissing-prototypes -Wall -Werror -Wformat -Wformat-security -I/usr/include/p11-kit-1   -c -o libswtpm_libtpms_la-swtpm_io.lo `test -f 'swtpm_io.c' || echo './'`swtpm_io.c
[ 2790s] libtool: compile:  gcc -DHAVE_CONFIG_H -I. -I../.. -I../../include -I../../include -I../../include/swtpm -fstack-protector-strong -Wstack-protector -Wl,-z,relro -Wl,-z,now -O2 -g -pipe -Wall -Werror=format-security -Wp,-D_FORTIFY_SOURCE=2 -Wp,-D_GLIBCXX_ASSERTIONS -fstack-protector-strong -grecord-gcc-switches -specs=/usr/lib/rpm/generic-hardened-cc1 -fasynchronous-unwind-tables -fstack-clash-protection -Wreturn-type -Wsign-compare -Wswitch-enum -Wmissing-prototypes -Wall -Werror -Wformat -Wformat-security -I/usr/include/p11-kit-1 -c swtpm_io.c  -fPIC -DPIC -o .libs/libswtpm_libtpms_la-swtpm_io.o
[ 2790s] libtool: compile:  gcc -DHAVE_CONFIG_H -I. -I../.. -I../../include -I../../include -I../../include/swtpm -fstack-protector-strong -Wstack-protector -Wl,-z,relro -Wl,-z,now -O2 -g -pipe -Wall -Werror=format-security -Wp,-D_FORTIFY_SOURCE=2 -Wp,-D_GLIBCXX_ASSERTIONS -fstack-protector-strong -grecord-gcc-switches -specs=/usr/lib/rpm/generic-hardened-cc1 -fasynchronous-unwind-tables -fstack-clash-protection -Wreturn-type -Wsign-compare -Wswitch-enum -Wmissing-prototypes -Wall -Werror -Wformat -Wformat-security -I/usr/include/p11-kit-1 -c swtpm_io.c -o libswtpm_libtpms_la-swtpm_io.o >/dev/null 2>&1
[ 2790s] make[3]: Leaving directory '/home/abuild/rpmbuild/BUILD/swtpm-091be8054b5863ff86c5efcb072dcdd45e3696d1/src/swtpm'
[ 2795s] make[3]: Entering directory '/home/abuild/rpmbuild/BUILD/swtpm-091be8054b5863ff86c5efcb072dcdd45e3696d1/src/swtpm'
[ 2795s] /bin/sh ../../libtool  --tag=CC   --mode=compile gcc -DHAVE_CONFIG_H -I. -I../..    -I../../include -I../../include -I../../include/swtpm -fstack-protector-strong -Wstack-protector  -Wl,-z,relro -Wl,-z,now   -O2 -g -pipe -Wall -Werror=format-security -Wp,-D_FORTIFY_SOURCE=2 -Wp,-D_GLIBCXX_ASSERTIONS -fstack-protector-strong -grecord-gcc-switches -specs=/usr/lib/rpm/generic-hardened-cc1 -fasynchronous-unwind-tables -fstack-clash-protection -Wreturn-type -Wsign-compare -Wswitch-enum -Wmissing-prototypes -Wall -Werror -Wformat -Wformat-security -I/usr/include/p11-kit-1   -c -o libswtpm_libtpms_la-tpmstate.lo `test -f 'tpmstate.c' || echo './'`tpmstate.c
[ 2795s] libtool: compile:  gcc -DHAVE_CONFIG_H -I. -I../.. -I../../include -I../../include -I../../include/swtpm -fstack-protector-strong -Wstack-protector -Wl,-z,relro -Wl,-z,now -O2 -g -pipe -Wall -Werror=format-security -Wp,-D_FORTIFY_SOURCE=2 -Wp,-D_GLIBCXX_ASSERTIONS -fstack-protector-strong -grecord-gcc-switches -specs=/usr/lib/rpm/generic-hardened-cc1 -fasynchronous-unwind-tables -fstack-clash-protection -Wreturn-type -Wsign-compare -Wswitch-enum -Wmissing-prototypes -Wall -Werror -Wformat -Wformat-security -I/usr/include/p11-kit-1 -c tpmstate.c  -fPIC -DPIC -o .libs/libswtpm_libtpms_la-tpmstate.o
[ 2795s] libtool: compile:  gcc -DHAVE_CONFIG_H -I. -I../.. -I../../include -I../../include -I../../include/swtpm -fstack-protector-strong -Wstack-protector -Wl,-z,relro -Wl,-z,now -O2 -g -pipe -Wall -Werror=format-security -Wp,-D_FORTIFY_SOURCE=2 -Wp,-D_GLIBCXX_ASSERTIONS -fstack-protector-strong -grecord-gcc-switches -specs=/usr/lib/rpm/generic-hardened-cc1 -fasynchronous-unwind-tables -fstack-clash-protection -Wreturn-type -Wsign-compare -Wswitch-enum -Wmissing-prototypes -Wall -Werror -Wformat -Wformat-security -I/usr/include/p11-kit-1 -c tpmstate.c -o libswtpm_libtpms_la-tpmstate.o >/dev/null 2>&1
[ 2795s] make[3]: Leaving directory '/home/abuild/rpmbuild/BUILD/swtpm-091be8054b5863ff86c5efcb072dcdd45e3696d1/src/swtpm'
[ 2795s] make[3]: Entering directory '/home/abuild/rpmbuild/BUILD/swtpm-091be8054b5863ff86c5efcb072dcdd45e3696d1/src/swtpm'
[ 2795s] /bin/sh ../../libtool  --tag=CC   --mode=compile gcc -DHAVE_CONFIG_H -I. -I../..    -I../../include -I../../include -I../../include/swtpm -fstack-protector-strong -Wstack-protector  -Wl,-z,relro -Wl,-z,now   -O2 -g -pipe -Wall -Werror=format-security -Wp,-D_FORTIFY_SOURCE=2 -Wp,-D_GLIBCXX_ASSERTIONS -fstack-protector-strong -grecord-gcc-switches -specs=/usr/lib/rpm/generic-hardened-cc1 -fasynchronous-unwind-tables -fstack-clash-protection -Wreturn-type -Wsign-compare -Wswitch-enum -Wmissing-prototypes -Wall -Werror -Wformat -Wformat-security -I/usr/include/p11-kit-1   -c -o libswtpm_libtpms_la-tlv.lo `test -f 'tlv.c' || echo './'`tlv.c
[ 2795s] libtool: compile:  gcc -DHAVE_CONFIG_H -I. -I../.. -I../../include -I../../include -I../../include/swtpm -fstack-protector-strong -Wstack-protector -Wl,-z,relro -Wl,-z,now -O2 -g -pipe -Wall -Werror=format-security -Wp,-D_FORTIFY_SOURCE=2 -Wp,-D_GLIBCXX_ASSERTIONS -fstack-protector-strong -grecord-gcc-switches -specs=/usr/lib/rpm/generic-hardened-cc1 -fasynchronous-unwind-tables -fstack-clash-protection -Wreturn-type -Wsign-compare -Wswitch-enum -Wmissing-prototypes -Wall -Werror -Wformat -Wformat-security -I/usr/include/p11-kit-1 -c tlv.c  -fPIC -DPIC -o .libs/libswtpm_libtpms_la-tlv.o
[ 2795s] libtool: compile:  gcc -DHAVE_CONFIG_H -I. -I../.. -I../../include -I../../include -I../../include/swtpm -fstack-protector-strong -Wstack-protector -Wl,-z,relro -Wl,-z,now -O2 -g -pipe -Wall -Werror=format-security -Wp,-D_FORTIFY_SOURCE=2 -Wp,-D_GLIBCXX_ASSERTIONS -fstack-protector-strong -grecord-gcc-switches -specs=/usr/lib/rpm/generic-hardened-cc1 -fasynchronous-unwind-tables -fstack-clash-protection -Wreturn-type -Wsign-compare -Wswitch-enum -Wmissing-prototypes -Wall -Werror -Wformat -Wformat-security -I/usr/include/p11-kit-1 -c tlv.c -o libswtpm_libtpms_la-tlv.o >/dev/null 2>&1
[ 2795s] make[3]: Leaving directory '/home/abuild/rpmbuild/BUILD/swtpm-091be8054b5863ff86c5efcb072dcdd45e3696d1/src/swtpm'
[ 2800s] make[3]: Entering directory '/home/abuild/rpmbuild/BUILD/swtpm-091be8054b5863ff86c5efcb072dcdd45e3696d1/src/swtpm'
[ 2800s] /bin/sh ../../libtool  --tag=CC   --mode=compile gcc -DHAVE_CONFIG_H -I. -I../..    -I../../include -I../../include -I../../include/swtpm -fstack-protector-strong -Wstack-protector  -Wl,-z,relro -Wl,-z,now   -O2 -g -pipe -Wall -Werror=format-security -Wp,-D_FORTIFY_SOURCE=2 -Wp,-D_GLIBCXX_ASSERTIONS -fstack-protector-strong -grecord-gcc-switches -specs=/usr/lib/rpm/generic-hardened-cc1 -fasynchronous-unwind-tables -fstack-clash-protection -Wreturn-type -Wsign-compare -Wswitch-enum -Wmissing-prototypes -Wall -Werror -Wformat -Wformat-security -I/usr/include/p11-kit-1   -c -o libswtpm_libtpms_la-tpmlib.lo `test -f 'tpmlib.c' || echo './'`tpmlib.c
[ 2800s] libtool: compile:  gcc -DHAVE_CONFIG_H -I. -I../.. -I../../include -I../../include -I../../include/swtpm -fstack-protector-strong -Wstack-protector -Wl,-z,relro -Wl,-z,now -O2 -g -pipe -Wall -Werror=format-security -Wp,-D_FORTIFY_SOURCE=2 -Wp,-D_GLIBCXX_ASSERTIONS -fstack-protector-strong -grecord-gcc-switches -specs=/usr/lib/rpm/generic-hardened-cc1 -fasynchronous-unwind-tables -fstack-clash-protection -Wreturn-type -Wsign-compare -Wswitch-enum -Wmissing-prototypes -Wall -Werror -Wformat -Wformat-security -I/usr/include/p11-kit-1 -c tpmlib.c  -fPIC -DPIC -o .libs/libswtpm_libtpms_la-tpmlib.o
[ 2800s] libtool: compile:  gcc -DHAVE_CONFIG_H -I. -I../.. -I../../include -I../../include -I../../include/swtpm -fstack-protector-strong -Wstack-protector -Wl,-z,relro -Wl,-z,now -O2 -g -pipe -Wall -Werror=format-security -Wp,-D_FORTIFY_SOURCE=2 -Wp,-D_GLIBCXX_ASSERTIONS -fstack-protector-strong -grecord-gcc-switches -specs=/usr/lib/rpm/generic-hardened-cc1 -fasynchronous-unwind-tables -fstack-clash-protection -Wreturn-type -Wsign-compare -Wswitch-enum -Wmissing-prototypes -Wall -Werror -Wformat -Wformat-security -I/usr/include/p11-kit-1 -c tpmlib.c -o libswtpm_libtpms_la-tpmlib.o >/dev/null 2>&1
[ 2800s] make[3]: Leaving directory '/home/abuild/rpmbuild/BUILD/swtpm-091be8054b5863ff86c5efcb072dcdd45e3696d1/src/swtpm'
[ 2801s] make[3]: Entering directory '/home/abuild/rpmbuild/BUILD/swtpm-091be8054b5863ff86c5efcb072dcdd45e3696d1/src/swtpm'
[ 2801s] /bin/sh ../../libtool  --tag=CC   --mode=compile gcc -DHAVE_CONFIG_H -I. -I../..    -I../../include -I../../include -I../../include/swtpm -fstack-protector-strong -Wstack-protector  -Wl,-z,relro -Wl,-z,now   -O2 -g -pipe -Wall -Werror=format-security -Wp,-D_FORTIFY_SOURCE=2 -Wp,-D_GLIBCXX_ASSERTIONS -fstack-protector-strong -grecord-gcc-switches -specs=/usr/lib/rpm/generic-hardened-cc1 -fasynchronous-unwind-tables -fstack-clash-protection -Wreturn-type -Wsign-compare -Wswitch-enum -Wmissing-prototypes -Wall -Werror -Wformat -Wformat-security -I/usr/include/p11-kit-1   -c -o libswtpm_libtpms_la-utils.lo `test -f 'utils.c' || echo './'`utils.c
[ 2801s] libtool: compile:  gcc -DHAVE_CONFIG_H -I. -I../.. -I../../include -I../../include -I../../include/swtpm -fstack-protector-strong -Wstack-protector -Wl,-z,relro -Wl,-z,now -O2 -g -pipe -Wall -Werror=format-security -Wp,-D_FORTIFY_SOURCE=2 -Wp,-D_GLIBCXX_ASSERTIONS -fstack-protector-strong -grecord-gcc-switches -specs=/usr/lib/rpm/generic-hardened-cc1 -fasynchronous-unwind-tables -fstack-clash-protection -Wreturn-type -Wsign-compare -Wswitch-enum -Wmissing-prototypes -Wall -Werror -Wformat -Wformat-security -I/usr/include/p11-kit-1 -c utils.c  -fPIC -DPIC -o .libs/libswtpm_libtpms_la-utils.o
[ 2801s] libtool: compile:  gcc -DHAVE_CONFIG_H -I. -I../.. -I../../include -I../../include -I../../include/swtpm -fstack-protector-strong -Wstack-protector -Wl,-z,relro -Wl,-z,now -O2 -g -pipe -Wall -Werror=format-security -Wp,-D_FORTIFY_SOURCE=2 -Wp,-D_GLIBCXX_ASSERTIONS -fstack-protector-strong -grecord-gcc-switches -specs=/usr/lib/rpm/generic-hardened-cc1 -fasynchronous-unwind-tables -fstack-clash-protection -Wreturn-type -Wsign-compare -Wswitch-enum -Wmissing-prototypes -Wall -Werror -Wformat -Wformat-security -I/usr/include/p11-kit-1 -c utils.c -o libswtpm_libtpms_la-utils.o >/dev/null 2>&1
[ 2801s] make[3]: Leaving directory '/home/abuild/rpmbuild/BUILD/swtpm-091be8054b5863ff86c5efcb072dcdd45e3696d1/src/swtpm'
[ 2808s] make[3]: Entering directory '/home/abuild/rpmbuild/BUILD/swtpm-091be8054b5863ff86c5efcb072dcdd45e3696d1/src/swtpm'
[ 2808s] /bin/sh ../../libtool  --tag=CC   --mode=compile gcc -DHAVE_CONFIG_H -I. -I../..    -I../../include -I../../include -I../../include/swtpm -fstack-protector-strong -Wstack-protector  -Wl,-z,relro -Wl,-z,now   -O2 -g -pipe -Wall -Werror=format-security -Wp,-D_FORTIFY_SOURCE=2 -Wp,-D_GLIBCXX_ASSERTIONS -fstack-protector-strong -grecord-gcc-switches -specs=/usr/lib/rpm/generic-hardened-cc1 -fasynchronous-unwind-tables -fstack-clash-protection -Wreturn-type -Wsign-compare -Wswitch-enum -Wmissing-prototypes -Wall -Werror -Wformat -Wformat-security -I/usr/include/p11-kit-1   -c -o libswtpm_libtpms_la-swtpm_nvfile.lo `test -f 'swtpm_nvfile.c' || echo './'`swtpm_nvfile.c
[ 2808s] libtool: compile:  gcc -DHAVE_CONFIG_H -I. -I../.. -I../../include -I../../include -I../../include/swtpm -fstack-protector-strong -Wstack-protector -Wl,-z,relro -Wl,-z,now -O2 -g -pipe -Wall -Werror=format-security -Wp,-D_FORTIFY_SOURCE=2 -Wp,-D_GLIBCXX_ASSERTIONS -fstack-protector-strong -grecord-gcc-switches -specs=/usr/lib/rpm/generic-hardened-cc1 -fasynchronous-unwind-tables -fstack-clash-protection -Wreturn-type -Wsign-compare -Wswitch-enum -Wmissing-prototypes -Wall -Werror -Wformat -Wformat-security -I/usr/include/p11-kit-1 -c swtpm_nvfile.c  -fPIC -DPIC -o .libs/libswtpm_libtpms_la-swtpm_nvfile.o
[ 2808s] libtool: compile:  gcc -DHAVE_CONFIG_H -I. -I../.. -I../../include -I../../include -I../../include/swtpm -fstack-protector-strong -Wstack-protector -Wl,-z,relro -Wl,-z,now -O2 -g -pipe -Wall -Werror=format-security -Wp,-D_FORTIFY_SOURCE=2 -Wp,-D_GLIBCXX_ASSERTIONS -fstack-protector-strong -grecord-gcc-switches -specs=/usr/lib/rpm/generic-hardened-cc1 -fasynchronous-unwind-tables -fstack-clash-protection -Wreturn-type -Wsign-compare -Wswitch-enum -Wmissing-prototypes -Wall -Werror -Wformat -Wformat-security -I/usr/include/p11-kit-1 -c swtpm_nvfile.c -o libswtpm_libtpms_la-swtpm_nvfile.o >/dev/null 2>&1
[ 2808s] make[3]: Leaving directory '/home/abuild/rpmbuild/BUILD/swtpm-091be8054b5863ff86c5efcb072dcdd45e3696d1/src/swtpm'
[ 2819s] make[3]: Entering directory '/home/abuild/rpmbuild/BUILD/swtpm-091be8054b5863ff86c5efcb072dcdd45e3696d1/src/swtpm'
[ 2819s] /bin/sh ../../libtool  --tag=CC   --mode=link gcc -I../../include -I../../include -I../../include/swtpm -fstack-protector-strong -Wstack-protector  -Wl,-z,relro -Wl,-z,now   -O2 -g -pipe -Wall -Werror=format-security -Wp,-D_FORTIFY_SOURCE=2 -Wp,-D_GLIBCXX_ASSERTIONS -fstack-protector-strong -grecord-gcc-switches -specs=/usr/lib/rpm/generic-hardened-cc1 -fasynchronous-unwind-tables -fstack-clash-protection -Wreturn-type -Wsign-compare -Wswitch-enum -Wmissing-prototypes -Wall -Werror -Wformat -Wformat-security -I/usr/include/p11-kit-1    -Wl,-z,relro   -Wl,-z,now -specs=/usr/lib/rpm/generic-hardened-ld  -o libswtpm_libtpms.la -rpath /usr/lib64/swtpm libswtpm_libtpms_la-capabilities.lo libswtpm_libtpms_la-common.lo libswtpm_libtpms_la-ctrlchannel.lo libswtpm_libtpms_la-key.lo libswtpm_libtpms_la-logging.lo libswtpm_libtpms_la-mainloop.lo libswtpm_libtpms_la-options.lo libswtpm_libtpms_la-pidfile.lo libswtpm_libtpms_la-seccomp_profile.lo libswtpm_libtpms_la-server.lo libswtpm_libtpms_la-swtpm_aes.lo libswtpm_libtpms_la-swtpm_debug.lo libswtpm_libtpms_la-swtpm_io.lo libswtpm_libtpms_la-swtpm_nvfile.lo libswtpm_libtpms_la-tlv.lo libswtpm_libtpms_la-tpmlib.lo libswtpm_libtpms_la-tpmstate.lo libswtpm_libtpms_la-utils.lo  -ltpms    -lseccomp  -lcrypto  
[ 2819s] libtool: link: gcc -shared  -fPIC -DPIC  .libs/libswtpm_libtpms_la-capabilities.o .libs/libswtpm_libtpms_la-common.o .libs/libswtpm_libtpms_la-ctrlchannel.o .libs/libswtpm_libtpms_la-key.o .libs/libswtpm_libtpms_la-logging.o .libs/libswtpm_libtpms_la-mainloop.o .libs/libswtpm_libtpms_la-options.o .libs/libswtpm_libtpms_la-pidfile.o .libs/libswtpm_libtpms_la-seccomp_profile.o .libs/libswtpm_libtpms_la-server.o .libs/libswtpm_libtpms_la-swtpm_aes.o .libs/libswtpm_libtpms_la-swtpm_debug.o .libs/libswtpm_libtpms_la-swtpm_io.o .libs/libswtpm_libtpms_la-swtpm_nvfile.o .libs/libswtpm_libtpms_la-tlv.o .libs/libswtpm_libtpms_la-tpmlib.o .libs/libswtpm_libtpms_la-tpmstate.o .libs/libswtpm_libtpms_la-utils.o   -ltpms -lseccomp -lcrypto -Wl,-z,now -specs=/usr/lib/rpm/generic-hardened-ld -fstack-protector-strong -Wl,-z -Wl,relro -Wl,-z -Wl,now -O2 -g -fstack-protector-strong -grecord-gcc-switches -specs=/usr/lib/rpm/generic-hardened-cc1 -Wl,-z -Wl,relro -Wl,-z -Wl,now -specs=/usr/lib/rpm/generic-hardened-ld   -Wl,-soname -Wl,libswtpm_libtpms.so.0 -o .libs/libswtpm_libtpms.so.0.0.0
[ 2819s] libtool: link: (cd ".libs" && rm -f "libswtpm_libtpms.so.0" && ln -s "libswtpm_libtpms.so.0.0.0" "libswtpm_libtpms.so.0")
[ 2819s] libtool: link: (cd ".libs" && rm -f "libswtpm_libtpms.so" && ln -s "libswtpm_libtpms.so.0.0.0" "libswtpm_libtpms.so")
[ 2819s] libtool: link: ar cru .libs/libswtpm_libtpms.a  libswtpm_libtpms_la-capabilities.o libswtpm_libtpms_la-common.o libswtpm_libtpms_la-ctrlchannel.o libswtpm_libtpms_la-key.o libswtpm_libtpms_la-logging.o libswtpm_libtpms_la-mainloop.o libswtpm_libtpms_la-options.o libswtpm_libtpms_la-pidfile.o libswtpm_libtpms_la-seccomp_profile.o libswtpm_libtpms_la-server.o libswtpm_libtpms_la-swtpm_aes.o libswtpm_libtpms_la-swtpm_debug.o libswtpm_libtpms_la-swtpm_io.o libswtpm_libtpms_la-swtpm_nvfile.o libswtpm_libtpms_la-tlv.o libswtpm_libtpms_la-tpmlib.o libswtpm_libtpms_la-tpmstate.o libswtpm_libtpms_la-utils.o
[ 2819s] libtool: link: ranlib .libs/libswtpm_libtpms.a
[ 2819s] libtool: link: ( cd ".libs" && rm -f "libswtpm_libtpms.la" && ln -s "../libswtpm_libtpms.la" "libswtpm_libtpms.la" )
[ 2819s] make[3]: Leaving directory '/home/abuild/rpmbuild/BUILD/swtpm-091be8054b5863ff86c5efcb072dcdd45e3696d1/src/swtpm'
[ 2829s] make[3]: Entering directory '/home/abuild/rpmbuild/BUILD/swtpm-091be8054b5863ff86c5efcb072dcdd45e3696d1/src/swtpm'
[ 2829s] /bin/sh ../../libtool  --tag=CC   --mode=link gcc -I../../include -I../../include -I../../include/swtpm -fstack-protector-strong -Wstack-protector  -Wl,-z,relro -Wl,-z,now   -DHAVE_SWTPM_CUSE_MAIN -O2 -g -pipe -Wall -Werror=format-security -Wp,-D_FORTIFY_SOURCE=2 -Wp,-D_GLIBCXX_ASSERTIONS -fstack-protector-strong -grecord-gcc-switches -specs=/usr/lib/rpm/generic-hardened-cc1 -fasynchronous-unwind-tables -fstack-clash-protection -Wreturn-type -Wsign-compare -Wswitch-enum -Wmissing-prototypes -Wall -Werror -Wformat -Wformat-security -I/usr/include/p11-kit-1    -Wl,-z,relro   -Wl,-z,now -specs=/usr/lib/rpm/generic-hardened-ld  -o swtpm swtpm-main.o swtpm-osx.o swtpm-swtpm.o swtpm-swtpm_chardev.o  -L/home/abuild/rpmbuild/BUILD/swtpm-091be8054b5863ff86c5efcb072dcdd45e3696d1/src/swtpm/.libs -lswtpm_libtpms    -ltpms  
[ 2829s] libtool: link: gcc -I../../include -I../../include -I../../include/swtpm -fstack-protector-strong -Wstack-protector -Wl,-z -Wl,relro -Wl,-z -Wl,now -DHAVE_SWTPM_CUSE_MAIN -O2 -g -pipe -Wall -Werror=format-security -Wp,-D_FORTIFY_SOURCE=2 -Wp,-D_GLIBCXX_ASSERTIONS -fstack-protector-strong -grecord-gcc-switches -specs=/usr/lib/rpm/generic-hardened-cc1 -fasynchronous-unwind-tables -fstack-clash-protection -Wreturn-type -Wsign-compare -Wswitch-enum -Wmissing-prototypes -Wall -Werror -Wformat -Wformat-security -I/usr/include/p11-kit-1 -Wl,-z -Wl,relro -Wl,-z -Wl,now -specs=/usr/lib/rpm/generic-hardened-ld -o .libs/swtpm swtpm-main.o swtpm-osx.o swtpm-swtpm.o swtpm-swtpm_chardev.o  -L/home/abuild/rpmbuild/BUILD/swtpm-091be8054b5863ff86c5efcb072dcdd45e3696d1/src/swtpm/.libs /home/abuild/rpmbuild/BUILD/swtpm-091be8054b5863ff86c5efcb072dcdd45e3696d1/src/swtpm/.libs/libswtpm_libtpms.so -lseccomp -lcrypto -ltpms -Wl,-rpath -Wl,/usr/lib64/swtpm
[ 2829s] make[3]: Leaving directory '/home/abuild/rpmbuild/BUILD/swtpm-091be8054b5863ff86c5efcb072dcdd45e3696d1/src/swtpm'
[ 2829s] Making all in swtpm_bios
[ 2836s] make[3]: Entering directory '/home/abuild/rpmbuild/BUILD/swtpm-091be8054b5863ff86c5efcb072dcdd45e3696d1/src/swtpm_bios'
[ 2836s] gcc -DHAVE_CONFIG_H -I. -I../..    -I../../include -I../../include -O2 -g -pipe -Wall -Werror=format-security -Wp,-D_FORTIFY_SOURCE=2 -Wp,-D_GLIBCXX_ASSERTIONS -fstack-protector-strong -grecord-gcc-switches -specs=/usr/lib/rpm/generic-hardened-cc1 -fasynchronous-unwind-tables -fstack-clash-protection -Wreturn-type -Wsign-compare -Wswitch-enum -Wmissing-prototypes -Wall -Werror -Wformat -Wformat-security -I/usr/include/p11-kit-1   -c -o swtpm_bios-tpm_bios.o `test -f 'tpm_bios.c' || echo './'`tpm_bios.c
[ 2836s] make[3]: Leaving directory '/home/abuild/rpmbuild/BUILD/swtpm-091be8054b5863ff86c5efcb072dcdd45e3696d1/src/swtpm_bios'
[ 2843s] make[3]: Entering directory '/home/abuild/rpmbuild/BUILD/swtpm-091be8054b5863ff86c5efcb072dcdd45e3696d1/src/swtpm_bios'
[ 2843s] /bin/sh ../../libtool  --tag=CC   --mode=link gcc -I../../include -I../../include -O2 -g -pipe -Wall -Werror=format-security -Wp,-D_FORTIFY_SOURCE=2 -Wp,-D_GLIBCXX_ASSERTIONS -fstack-protector-strong -grecord-gcc-switches -specs=/usr/lib/rpm/generic-hardened-cc1 -fasynchronous-unwind-tables -fstack-clash-protection -Wreturn-type -Wsign-compare -Wswitch-enum -Wmissing-prototypes -Wall -Werror -Wformat -Wformat-security -I/usr/include/p11-kit-1    -Wl,-z,relro   -Wl,-z,now -specs=/usr/lib/rpm/generic-hardened-ld  -o swtpm_bios swtpm_bios-tpm_bios.o  
[ 2843s] libtool: link: gcc -I../../include -I../../include -O2 -g -pipe -Wall -Werror=format-security -Wp,-D_FORTIFY_SOURCE=2 -Wp,-D_GLIBCXX_ASSERTIONS -fstack-protector-strong -grecord-gcc-switches -specs=/usr/lib/rpm/generic-hardened-cc1 -fasynchronous-unwind-tables -fstack-clash-protection -Wreturn-type -Wsign-compare -Wswitch-enum -Wmissing-prototypes -Wall -Werror -Wformat -Wformat-security -I/usr/include/p11-kit-1 -Wl,-z -Wl,relro -Wl,-z -Wl,now -specs=/usr/lib/rpm/generic-hardened-ld -o swtpm_bios swtpm_bios-tpm_bios.o 
[ 2843s] make[3]: Leaving directory '/home/abuild/rpmbuild/BUILD/swtpm-091be8054b5863ff86c5efcb072dcdd45e3696d1/src/swtpm_bios'
[ 2844s] Making all in swtpm_cert
[ 2858s] make[3]: Entering directory '/home/abuild/rpmbuild/BUILD/swtpm-091be8054b5863ff86c5efcb072dcdd45e3696d1/src/swtpm_cert'
[ 2858s] gcc -DHAVE_CONFIG_H -I. -I../..    -I../../include -I../../include -O2 -g -pipe -Wall -Werror=format-security -Wp,-D_FORTIFY_SOURCE=2 -Wp,-D_GLIBCXX_ASSERTIONS -fstack-protector-strong -grecord-gcc-switches -specs=/usr/lib/rpm/generic-hardened-cc1 -fasynchronous-unwind-tables -fstack-clash-protection -Wreturn-type -Wsign-compare -Wswitch-enum -Wmissing-prototypes -Wall -Werror -Wformat -Wformat-security -I/usr/include/p11-kit-1   -c -o swtpm_cert-ek-cert.o `test -f 'ek-cert.c' || echo './'`ek-cert.c
[ 2858s] make[3]: Leaving directory '/home/abuild/rpmbuild/BUILD/swtpm-091be8054b5863ff86c5efcb072dcdd45e3696d1/src/swtpm_cert'
[ 2864s] make[3]: Entering directory '/home/abuild/rpmbuild/BUILD/swtpm-091be8054b5863ff86c5efcb072dcdd45e3696d1/src/swtpm_cert'
[ 2864s] /bin/sh ../../libtool  --tag=CC   --mode=link gcc -I../../include -I../../include -O2 -g -pipe -Wall -Werror=format-security -Wp,-D_FORTIFY_SOURCE=2 -Wp,-D_GLIBCXX_ASSERTIONS -fstack-protector-strong -grecord-gcc-switches -specs=/usr/lib/rpm/generic-hardened-cc1 -fasynchronous-unwind-tables -fstack-clash-protection -Wreturn-type -Wsign-compare -Wswitch-enum -Wmissing-prototypes -Wall -Werror -Wformat -Wformat-security -I/usr/include/p11-kit-1    -Wl,-z,relro   -Wl,-z,now -specs=/usr/lib/rpm/generic-hardened-ld  -o swtpm_cert swtpm_cert-ek-cert.o -ltasn1  -lgnutls 
[ 2864s] libtool: link: gcc -I../../include -I../../include -O2 -g -pipe -Wall -Werror=format-security -Wp,-D_FORTIFY_SOURCE=2 -Wp,-D_GLIBCXX_ASSERTIONS -fstack-protector-strong -grecord-gcc-switches -specs=/usr/lib/rpm/generic-hardened-cc1 -fasynchronous-unwind-tables -fstack-clash-protection -Wreturn-type -Wsign-compare -Wswitch-enum -Wmissing-prototypes -Wall -Werror -Wformat -Wformat-security -I/usr/include/p11-kit-1 -Wl,-z -Wl,relro -Wl,-z -Wl,now -specs=/usr/lib/rpm/generic-hardened-ld -o swtpm_cert swtpm_cert-ek-cert.o  -ltasn1 -lgnutls
[ 2864s] make[3]: Leaving directory '/home/abuild/rpmbuild/BUILD/swtpm-091be8054b5863ff86c5efcb072dcdd45e3696d1/src/swtpm_cert'
[ 2864s] Making all in swtpm_ioctl
[ 2876s] make[3]: Entering directory '/home/abuild/rpmbuild/BUILD/swtpm-091be8054b5863ff86c5efcb072dcdd45e3696d1/src/swtpm_ioctl'
[ 2876s] gcc -DHAVE_CONFIG_H -I. -I../..    -I../../include -I../../include -O2 -g -pipe -Wall -Werror=format-security -Wp,-D_FORTIFY_SOURCE=2 -Wp,-D_GLIBCXX_ASSERTIONS -fstack-protector-strong -grecord-gcc-switches -specs=/usr/lib/rpm/generic-hardened-cc1 -fasynchronous-unwind-tables -fstack-clash-protection -Wreturn-type -Wsign-compare -Wswitch-enum -Wmissing-prototypes -Wall -Werror -Wformat -Wformat-security -I/usr/include/p11-kit-1   -c -o swtpm_ioctl-tpm_ioctl.o `test -f 'tpm_ioctl.c' || echo './'`tpm_ioctl.c
[ 2876s] make[3]: Leaving directory '/home/abuild/rpmbuild/BUILD/swtpm-091be8054b5863ff86c5efcb072dcdd45e3696d1/src/swtpm_ioctl'
[ 2882s] make[3]: Entering directory '/home/abuild/rpmbuild/BUILD/swtpm-091be8054b5863ff86c5efcb072dcdd45e3696d1/src/swtpm_ioctl'
[ 2882s] /bin/sh ../../libtool  --tag=CC   --mode=link gcc -I../../include -I../../include -O2 -g -pipe -Wall -Werror=format-security -Wp,-D_FORTIFY_SOURCE=2 -Wp,-D_GLIBCXX_ASSERTIONS -fstack-protector-strong -grecord-gcc-switches -specs=/usr/lib/rpm/generic-hardened-cc1 -fasynchronous-unwind-tables -fstack-clash-protection -Wreturn-type -Wsign-compare -Wswitch-enum -Wmissing-prototypes -Wall -Werror -Wformat -Wformat-security -I/usr/include/p11-kit-1    -Wl,-z,relro   -Wl,-z,now -specs=/usr/lib/rpm/generic-hardened-ld  -o swtpm_ioctl swtpm_ioctl-tpm_ioctl.o  
[ 2882s] libtool: link: gcc -I../../include -I../../include -O2 -g -pipe -Wall -Werror=format-security -Wp,-D_FORTIFY_SOURCE=2 -Wp,-D_GLIBCXX_ASSERTIONS -fstack-protector-strong -grecord-gcc-switches -specs=/usr/lib/rpm/generic-hardened-cc1 -fasynchronous-unwind-tables -fstack-clash-protection -Wreturn-type -Wsign-compare -Wswitch-enum -Wmissing-prototypes -Wall -Werror -Wformat -Wformat-security -I/usr/include/p11-kit-1 -Wl,-z -Wl,relro -Wl,-z -Wl,now -specs=/usr/lib/rpm/generic-hardened-ld -o swtpm_ioctl swtpm_ioctl-tpm_ioctl.o 
[ 2882s] make[3]: Leaving directory '/home/abuild/rpmbuild/BUILD/swtpm-091be8054b5863ff86c5efcb072dcdd45e3696d1/src/swtpm_ioctl'
[ 2882s] Making all in swtpm_setup
[ 2887s] make[3]: Entering directory '/home/abuild/rpmbuild/BUILD/swtpm-091be8054b5863ff86c5efcb072dcdd45e3696d1/src/swtpm_setup'
[ 2887s] gcc -DHAVE_CONFIG_H -I. -I../..     -O2 -g -pipe -Wall -Werror=format-security -Wp,-D_FORTIFY_SOURCE=2 -Wp,-D_GLIBCXX_ASSERTIONS -fstack-protector-strong -grecord-gcc-switches -specs=/usr/lib/rpm/generic-hardened-cc1 -fasynchronous-unwind-tables -fstack-clash-protection -Wreturn-type -Wsign-compare -Wswitch-enum -Wmissing-prototypes -Wall -Werror -Wformat -Wformat-security -I/usr/include/p11-kit-1   -c -o swtpm_setup.o swtpm_setup.c
[ 2887s] make[3]: Leaving directory '/home/abuild/rpmbuild/BUILD/swtpm-091be8054b5863ff86c5efcb072dcdd45e3696d1/src/swtpm_setup'
[ 2892s] make[3]: Entering directory '/home/abuild/rpmbuild/BUILD/swtpm-091be8054b5863ff86c5efcb072dcdd45e3696d1/src/swtpm_setup'
[ 2892s] /bin/sh ../../libtool  --tag=CC   --mode=link gcc  -O2 -g -pipe -Wall -Werror=format-security -Wp,-D_FORTIFY_SOURCE=2 -Wp,-D_GLIBCXX_ASSERTIONS -fstack-protector-strong -grecord-gcc-switches -specs=/usr/lib/rpm/generic-hardened-cc1 -fasynchronous-unwind-tables -fstack-clash-protection -Wreturn-type -Wsign-compare -Wswitch-enum -Wmissing-prototypes -Wall -Werror -Wformat -Wformat-security -I/usr/include/p11-kit-1    -Wl,-z,relro   -Wl,-z,now -specs=/usr/lib/rpm/generic-hardened-ld  -o swtpm_setup swtpm_setup.o  
[ 2892s] libtool: link: gcc -O2 -g -pipe -Wall -Werror=format-security -Wp,-D_FORTIFY_SOURCE=2 -Wp,-D_GLIBCXX_ASSERTIONS -fstack-protector-strong -grecord-gcc-switches -specs=/usr/lib/rpm/generic-hardened-cc1 -fasynchronous-unwind-tables -fstack-clash-protection -Wreturn-type -Wsign-compare -Wswitch-enum -Wmissing-prototypes -Wall -Werror -Wformat -Wformat-security -I/usr/include/p11-kit-1 -Wl,-z -Wl,relro -Wl,-z -Wl,now -specs=/usr/lib/rpm/generic-hardened-ld -o swtpm_setup swtpm_setup.o 
[ 2892s] make[3]: Leaving directory '/home/abuild/rpmbuild/BUILD/swtpm-091be8054b5863ff86c5efcb072dcdd45e3696d1/src/swtpm_setup'
[ 2892s] Making all in selinux
[ 2909s] make[3]: Entering directory '/home/abuild/rpmbuild/BUILD/swtpm-091be8054b5863ff86c5efcb072dcdd45e3696d1/src/selinux'
[ 2909s] echo "Creating swtpm.pp from ../../src/selinux/swtpm.fc ../../src/selinux/swtpm.if ../../src/selinux/swtpm.te"
[ 2909s] Creating swtpm.pp from ../../src/selinux/swtpm.fc ../../src/selinux/swtpm.if ../../src/selinux/swtpm.te
[ 2909s] rm -f -r ../../src/selinux/tmp/
[ 2909s] cp ../../src/selinux/swtpm.fc ../../src/selinux/swtpm.if ../../src/selinux/swtpm.te ./ 2>/dev/null || true
[ 2909s] make -f /usr/share/selinux/devel/Makefile swtpm.pp
[ 2909s] make[4]: Entering directory '/home/abuild/rpmbuild/BUILD/swtpm-091be8054b5863ff86c5efcb072dcdd45e3696d1/src/selinux'
[ 2909s] make[4]: warning: jobserver unavailable: using -j1.  Add '+' to parent make rule.
[ 2909s] make[4]: Leaving directory '/home/abuild/rpmbuild/BUILD/swtpm-091be8054b5863ff86c5efcb072dcdd45e3696d1/src/selinux'
[ 2909s] make[4]: Entering directory '/home/abuild/rpmbuild/BUILD/swtpm-091be8054b5863ff86c5efcb072dcdd45e3696d1/src/selinux'
[ 2909s] Compiling targeted swtpm module
[ 2909s] Creating targeted swtpm.pp policy package
[ 2909s] rm tmp/swtpm.mod tmp/swtpm.mod.fc
[ 2909s] make[4]: Leaving directory '/home/abuild/rpmbuild/BUILD/swtpm-091be8054b5863ff86c5efcb072dcdd45e3696d1/src/selinux'
[ 2909s] rm -f -r ./tmp/
[ 2909s] if test /home/abuild/rpmbuild/BUILD/swtpm-091be8054b5863ff86c5efcb072dcdd45e3696d1/src/selinux != /home/abuild/rpmbuild/BUILD/swtpm-091be8054b5863ff86c5efcb072dcdd45e3696d1/src/selinux; then \
[ 2909s] 	rm -f *.te *.fc *.if; \
[ 2909s] fi
[ 2909s] make[3]: Leaving directory '/home/abuild/rpmbuild/BUILD/swtpm-091be8054b5863ff86c5efcb072dcdd45e3696d1/src/selinux'
[ 2924s] make[3]: Entering directory '/home/abuild/rpmbuild/BUILD/swtpm-091be8054b5863ff86c5efcb072dcdd45e3696d1/src/selinux'
[ 2924s] echo "Creating swtpm_svirt.pp from ../../src/selinux/swtpm_svirt.te ../../src/selinux/swtpm.fc ../../src/selinux/swtpm.if ../../src/selinux/swtpm.te"
[ 2924s] Creating swtpm_svirt.pp from ../../src/selinux/swtpm_svirt.te ../../src/selinux/swtpm.fc ../../src/selinux/swtpm.if ../../src/selinux/swtpm.te
[ 2924s] rm -f -r ../../src/selinux/tmp/
[ 2924s] cp ../../src/selinux/swtpm_svirt.te ../../src/selinux/swtpm.fc ../../src/selinux/swtpm.if ../../src/selinux/swtpm.te ./ 2>/dev/null || true
[ 2924s] make -f /usr/share/selinux/devel/Makefile swtpm_svirt.pp
[ 2924s] make[4]: Entering directory '/home/abuild/rpmbuild/BUILD/swtpm-091be8054b5863ff86c5efcb072dcdd45e3696d1/src/selinux'
[ 2924s] make[4]: warning: jobserver unavailable: using -j1.  Add '+' to parent make rule.
[ 2924s] make[4]: Leaving directory '/home/abuild/rpmbuild/BUILD/swtpm-091be8054b5863ff86c5efcb072dcdd45e3696d1/src/selinux'
[ 2924s] make[4]: Entering directory '/home/abuild/rpmbuild/BUILD/swtpm-091be8054b5863ff86c5efcb072dcdd45e3696d1/src/selinux'
[ 2924s] Compiling targeted swtpm_svirt module
[ 2924s] Creating targeted swtpm_svirt.pp policy package
[ 2924s] rm tmp/swtpm_svirt.mod tmp/swtpm_svirt.mod.fc
[ 2924s] make[4]: Leaving directory '/home/abuild/rpmbuild/BUILD/swtpm-091be8054b5863ff86c5efcb072dcdd45e3696d1/src/selinux'
[ 2924s] rm -f -r ./tmp/
[ 2924s] if test /home/abuild/rpmbuild/BUILD/swtpm-091be8054b5863ff86c5efcb072dcdd45e3696d1/src/selinux != /home/abuild/rpmbuild/BUILD/swtpm-091be8054b5863ff86c5efcb072dcdd45e3696d1/src/selinux; then \
[ 2924s] 	rm -f *.te *.fc *.if; \
[ 2924s] fi
[ 2924s] make[3]: Leaving directory '/home/abuild/rpmbuild/BUILD/swtpm-091be8054b5863ff86c5efcb072dcdd45e3696d1/src/selinux'
[ 2925s] make[3]: Entering directory '/home/abuild/rpmbuild/BUILD/swtpm-091be8054b5863ff86c5efcb072dcdd45e3696d1/src/selinux'
[ 2925s] Compressing swtpm.pp -> swtpm.pp.bz2
[ 2925s] bzip2 -f -9 swtpm.pp
[ 2925s] make[3]: Leaving directory '/home/abuild/rpmbuild/BUILD/swtpm-091be8054b5863ff86c5efcb072dcdd45e3696d1/src/selinux'
[ 2925s] make[3]: Entering directory '/home/abuild/rpmbuild/BUILD/swtpm-091be8054b5863ff86c5efcb072dcdd45e3696d1/src/selinux'
[ 2925s] Compressing swtpm_svirt.pp -> swtpm_svirt.pp.bz2
[ 2925s] bzip2 -f -9 swtpm_svirt.pp
[ 2925s] make[3]: Leaving directory '/home/abuild/rpmbuild/BUILD/swtpm-091be8054b5863ff86c5efcb072dcdd45e3696d1/src/selinux'
[ 2925s] make[3]: Nothing to be done for 'all-am'.
[ 2925s] Making all in tests
[ 2925s] make[2]: Nothing to be done for 'all'.
[ 2926s] + RPM_EC=0
[ 2926s] ++ jobs -p
[ 2926s] + exit 0
[ 2927s] Executing(%install): /bin/sh -e /var/tmp/rpm-tmp.D9lBT4
[ 2927s] + umask 022
[ 2927s] + cd /home/abuild/rpmbuild/BUILD
[ 2927s] + '[' /home/abuild/rpmbuild/BUILDROOT/swtpm-0.3.3-5.oe1.riscv64 '!=' / ']'
[ 2927s] + rm -rf /home/abuild/rpmbuild/BUILDROOT/swtpm-0.3.3-5.oe1.riscv64
[ 2927s] ++ dirname /home/abuild/rpmbuild/BUILDROOT/swtpm-0.3.3-5.oe1.riscv64
[ 2927s] + mkdir -p /home/abuild/rpmbuild/BUILDROOT
[ 2927s] + mkdir /home/abuild/rpmbuild/BUILDROOT/swtpm-0.3.3-5.oe1.riscv64
[ 2927s] + cd swtpm-091be8054b5863ff86c5efcb072dcdd45e3696d1
[ 2927s] + /usr/bin/make install DESTDIR=/home/abuild/rpmbuild/BUILDROOT/swtpm-0.3.3-5.oe1.riscv64 'INSTALL=/usr/bin/install -p'
[ 2928s] Making install in etc
[ 2928s] make[1]: Entering directory '/home/abuild/rpmbuild/BUILD/swtpm-091be8054b5863ff86c5efcb072dcdd45e3696d1/etc'
[ 2928s] make[2]: Entering directory '/home/abuild/rpmbuild/BUILD/swtpm-091be8054b5863ff86c5efcb072dcdd45e3696d1/etc'
[ 2928s] make[2]: Nothing to be done for 'install-exec-am'.
[ 2928s]  /usr/bin/mkdir -p '/home/abuild/rpmbuild/BUILDROOT/swtpm-0.3.3-5.oe1.riscv64/etc'
[ 2928s]  /usr/bin/install -p -m 644 swtpm_setup.conf '/home/abuild/rpmbuild/BUILDROOT/swtpm-0.3.3-5.oe1.riscv64/etc'
[ 2928s] make[2]: Leaving directory '/home/abuild/rpmbuild/BUILD/swtpm-091be8054b5863ff86c5efcb072dcdd45e3696d1/etc'
[ 2928s] make[1]: Leaving directory '/home/abuild/rpmbuild/BUILD/swtpm-091be8054b5863ff86c5efcb072dcdd45e3696d1/etc'
[ 2928s] Making install in include
[ 2929s] make[1]: Entering directory '/home/abuild/rpmbuild/BUILD/swtpm-091be8054b5863ff86c5efcb072dcdd45e3696d1/include'
[ 2929s] Making install in swtpm
[ 2929s] make[2]: Entering directory '/home/abuild/rpmbuild/BUILD/swtpm-091be8054b5863ff86c5efcb072dcdd45e3696d1/include/swtpm'
[ 2929s] make[3]: Entering directory '/home/abuild/rpmbuild/BUILD/swtpm-091be8054b5863ff86c5efcb072dcdd45e3696d1/include/swtpm'
[ 2929s] make[3]: Nothing to be done for 'install-exec-am'.
[ 2930s]  /usr/bin/mkdir -p '/home/abuild/rpmbuild/BUILDROOT/swtpm-0.3.3-5.oe1.riscv64/usr/include/swtpm'
[ 2930s]  /usr/bin/install -p -m 644 tpm_ioctl.h '/home/abuild/rpmbuild/BUILDROOT/swtpm-0.3.3-5.oe1.riscv64/usr/include/swtpm'
[ 2930s] make[3]: Leaving directory '/home/abuild/rpmbuild/BUILD/swtpm-091be8054b5863ff86c5efcb072dcdd45e3696d1/include/swtpm'
[ 2930s] make[2]: Leaving directory '/home/abuild/rpmbuild/BUILD/swtpm-091be8054b5863ff86c5efcb072dcdd45e3696d1/include/swtpm'
[ 2930s] make[2]: Entering directory '/home/abuild/rpmbuild/BUILD/swtpm-091be8054b5863ff86c5efcb072dcdd45e3696d1/include'
[ 2930s] make[3]: Entering directory '/home/abuild/rpmbuild/BUILD/swtpm-091be8054b5863ff86c5efcb072dcdd45e3696d1/include'
[ 2930s] make[3]: Nothing to be done for 'install-exec-am'.
[ 2930s] make[3]: Nothing to be done for 'install-data-am'.
[ 2930s] make[3]: Leaving directory '/home/abuild/rpmbuild/BUILD/swtpm-091be8054b5863ff86c5efcb072dcdd45e3696d1/include'
[ 2930s] make[2]: Leaving directory '/home/abuild/rpmbuild/BUILD/swtpm-091be8054b5863ff86c5efcb072dcdd45e3696d1/include'
[ 2930s] make[1]: Leaving directory '/home/abuild/rpmbuild/BUILD/swtpm-091be8054b5863ff86c5efcb072dcdd45e3696d1/include'
[ 2930s] Making install in man
[ 2931s] make[1]: Entering directory '/home/abuild/rpmbuild/BUILD/swtpm-091be8054b5863ff86c5efcb072dcdd45e3696d1/man'
[ 2931s] Making install in man3
[ 2931s] make[2]: Entering directory '/home/abuild/rpmbuild/BUILD/swtpm-091be8054b5863ff86c5efcb072dcdd45e3696d1/man/man3'
[ 2931s] make[3]: Entering directory '/home/abuild/rpmbuild/BUILD/swtpm-091be8054b5863ff86c5efcb072dcdd45e3696d1/man/man3'
[ 2931s] make[3]: Nothing to be done for 'install-exec-am'.
[ 2932s]  /usr/bin/mkdir -p '/home/abuild/rpmbuild/BUILDROOT/swtpm-0.3.3-5.oe1.riscv64/usr/share/man/man3'
[ 2932s]  /usr/bin/install -p -m 644 swtpm_ioctls.3 '/home/abuild/rpmbuild/BUILDROOT/swtpm-0.3.3-5.oe1.riscv64/usr/share/man/man3'
[ 2932s] make[3]: Leaving directory '/home/abuild/rpmbuild/BUILD/swtpm-091be8054b5863ff86c5efcb072dcdd45e3696d1/man/man3'
[ 2932s] make[2]: Leaving directory '/home/abuild/rpmbuild/BUILD/swtpm-091be8054b5863ff86c5efcb072dcdd45e3696d1/man/man3'
[ 2932s] Making install in man8
[ 2933s] make[2]: Entering directory '/home/abuild/rpmbuild/BUILD/swtpm-091be8054b5863ff86c5efcb072dcdd45e3696d1/man/man8'
[ 2933s] make[3]: Entering directory '/home/abuild/rpmbuild/BUILD/swtpm-091be8054b5863ff86c5efcb072dcdd45e3696d1/man/man8'
[ 2933s] make[3]: Nothing to be done for 'install-exec-am'.
[ 2933s]  /usr/bin/mkdir -p '/home/abuild/rpmbuild/BUILDROOT/swtpm-0.3.3-5.oe1.riscv64/usr/share/man/man8'
[ 2934s]  /usr/bin/install -p -m 644 swtpm.8 swtpm_bios.8 swtpm_cert.8 swtpm_ioctl.8 swtpm_setup.8 swtpm_setup.conf.8 swtpm_setup.sh.8 swtpm-create-tpmca.8 swtpm-localca.8 swtpm-localca.options.8 swtpm-localca.conf.8 '/home/abuild/rpmbuild/BUILDROOT/swtpm-0.3.3-5.oe1.riscv64/usr/share/man/man8'
[ 2934s] make[3]: Leaving directory '/home/abuild/rpmbuild/BUILD/swtpm-091be8054b5863ff86c5efcb072dcdd45e3696d1/man/man8'
[ 2934s] make[2]: Leaving directory '/home/abuild/rpmbuild/BUILD/swtpm-091be8054b5863ff86c5efcb072dcdd45e3696d1/man/man8'
[ 2934s] make[2]: Entering directory '/home/abuild/rpmbuild/BUILD/swtpm-091be8054b5863ff86c5efcb072dcdd45e3696d1/man'
[ 2934s] make[3]: Entering directory '/home/abuild/rpmbuild/BUILD/swtpm-091be8054b5863ff86c5efcb072dcdd45e3696d1/man'
[ 2934s] make[3]: Nothing to be done for 'install-exec-am'.
[ 2934s] make[3]: Nothing to be done for 'install-data-am'.
[ 2934s] make[3]: Leaving directory '/home/abuild/rpmbuild/BUILD/swtpm-091be8054b5863ff86c5efcb072dcdd45e3696d1/man'
[ 2934s] make[2]: Leaving directory '/home/abuild/rpmbuild/BUILD/swtpm-091be8054b5863ff86c5efcb072dcdd45e3696d1/man'
[ 2934s] make[1]: Leaving directory '/home/abuild/rpmbuild/BUILD/swtpm-091be8054b5863ff86c5efcb072dcdd45e3696d1/man'
[ 2934s] Making install in samples
[ 2935s] make[1]: Entering directory '/home/abuild/rpmbuild/BUILD/swtpm-091be8054b5863ff86c5efcb072dcdd45e3696d1/samples'
[ 2935s] make[2]: Entering directory '/home/abuild/rpmbuild/BUILD/swtpm-091be8054b5863ff86c5efcb072dcdd45e3696d1/samples'
[ 2935s] make[2]: Nothing to be done for 'install-exec-am'.
[ 2935s] /usr/bin/mkdir -p /home/abuild/rpmbuild/BUILDROOT/swtpm-0.3.3-5.oe1.riscv64/var/lib/swtpm-localca
[ 2935s] if test -z /home/abuild/rpmbuild/BUILDROOT/swtpm-0.3.3-5.oe1.riscv64; then \
[ 2935s] 	chown tss:tss /home/abuild/rpmbuild/BUILDROOT/swtpm-0.3.3-5.oe1.riscv64/var/lib/swtpm-localca || true; \
[ 2935s] fi
[ 2935s]  /usr/bin/mkdir -p '/home/abuild/rpmbuild/BUILDROOT/swtpm-0.3.3-5.oe1.riscv64/usr/share/swtpm'
[ 2935s]  /usr/bin/install -p swtpm-create-tpmca swtpm-localca '/home/abuild/rpmbuild/BUILDROOT/swtpm-0.3.3-5.oe1.riscv64/usr/share/swtpm'
[ 2936s]  /usr/bin/mkdir -p '/home/abuild/rpmbuild/BUILDROOT/swtpm-0.3.3-5.oe1.riscv64/etc'
[ 2936s]  /usr/bin/install -p -m 644 swtpm-localca.conf swtpm-localca.options '/home/abuild/rpmbuild/BUILDROOT/swtpm-0.3.3-5.oe1.riscv64/etc'
[ 2936s] make[2]: Leaving directory '/home/abuild/rpmbuild/BUILD/swtpm-091be8054b5863ff86c5efcb072dcdd45e3696d1/samples'
[ 2936s] make[1]: Leaving directory '/home/abuild/rpmbuild/BUILD/swtpm-091be8054b5863ff86c5efcb072dcdd45e3696d1/samples'
[ 2937s] Making install in src
[ 2937s] make[1]: Entering directory '/home/abuild/rpmbuild/BUILD/swtpm-091be8054b5863ff86c5efcb072dcdd45e3696d1/src'
[ 2937s] Making install in swtpm
[ 2937s] make[2]: Entering directory '/home/abuild/rpmbuild/BUILD/swtpm-091be8054b5863ff86c5efcb072dcdd45e3696d1/src/swtpm'
[ 2938s] make[3]: Entering directory '/home/abuild/rpmbuild/BUILD/swtpm-091be8054b5863ff86c5efcb072dcdd45e3696d1/src/swtpm'
[ 2938s]  /usr/bin/mkdir -p '/home/abuild/rpmbuild/BUILDROOT/swtpm-0.3.3-5.oe1.riscv64/usr/bin'
[ 2938s]   /bin/sh ../../libtool   --mode=install /usr/bin/install -p swtpm '/home/abuild/rpmbuild/BUILDROOT/swtpm-0.3.3-5.oe1.riscv64/usr/bin'
[ 2940s] libtool: warning: '/home/abuild/rpmbuild/BUILD/swtpm-091be8054b5863ff86c5efcb072dcdd45e3696d1/src/swtpm/libswtpm_libtpms.la' has not been installed in '/usr/lib64/swtpm'
[ 2941s] libtool: install: /usr/bin/install -p .libs/swtpm /home/abuild/rpmbuild/BUILDROOT/swtpm-0.3.3-5.oe1.riscv64/usr/bin/swtpm
[ 2941s]  /usr/bin/mkdir -p '/home/abuild/rpmbuild/BUILDROOT/swtpm-0.3.3-5.oe1.riscv64/usr/lib64/swtpm'
[ 2941s]  /bin/sh ../../libtool   --mode=install /usr/bin/install -p   libswtpm_libtpms.la '/home/abuild/rpmbuild/BUILDROOT/swtpm-0.3.3-5.oe1.riscv64/usr/lib64/swtpm'
[ 2943s] libtool: install: /usr/bin/install -p .libs/libswtpm_libtpms.so.0.0.0 /home/abuild/rpmbuild/BUILDROOT/swtpm-0.3.3-5.oe1.riscv64/usr/lib64/swtpm/libswtpm_libtpms.so.0.0.0
[ 2943s] libtool: install: (cd /home/abuild/rpmbuild/BUILDROOT/swtpm-0.3.3-5.oe1.riscv64/usr/lib64/swtpm && { ln -s -f libswtpm_libtpms.so.0.0.0 libswtpm_libtpms.so.0 || { rm -f libswtpm_libtpms.so.0 && ln -s libswtpm_libtpms.so.0.0.0 libswtpm_libtpms.so.0; }; })
[ 2943s] libtool: install: (cd /home/abuild/rpmbuild/BUILDROOT/swtpm-0.3.3-5.oe1.riscv64/usr/lib64/swtpm && { ln -s -f libswtpm_libtpms.so.0.0.0 libswtpm_libtpms.so || { rm -f libswtpm_libtpms.so && ln -s libswtpm_libtpms.so.0.0.0 libswtpm_libtpms.so; }; })
[ 2943s] libtool: install: /usr/bin/install -p .libs/libswtpm_libtpms.lai /home/abuild/rpmbuild/BUILDROOT/swtpm-0.3.3-5.oe1.riscv64/usr/lib64/swtpm/libswtpm_libtpms.la
[ 2943s] libtool: install: /usr/bin/install -p .libs/libswtpm_libtpms.a /home/abuild/rpmbuild/BUILDROOT/swtpm-0.3.3-5.oe1.riscv64/usr/lib64/swtpm/libswtpm_libtpms.a
[ 2943s] libtool: install: chmod 644 /home/abuild/rpmbuild/BUILDROOT/swtpm-0.3.3-5.oe1.riscv64/usr/lib64/swtpm/libswtpm_libtpms.a
[ 2943s] libtool: install: ranlib /home/abuild/rpmbuild/BUILDROOT/swtpm-0.3.3-5.oe1.riscv64/usr/lib64/swtpm/libswtpm_libtpms.a
[ 2944s] libtool: warning: remember to run 'libtool --finish /usr/lib64/swtpm'
[ 2944s] make[3]: Leaving directory '/home/abuild/rpmbuild/BUILD/swtpm-091be8054b5863ff86c5efcb072dcdd45e3696d1/src/swtpm'
[ 2944s] make[2]: Leaving directory '/home/abuild/rpmbuild/BUILD/swtpm-091be8054b5863ff86c5efcb072dcdd45e3696d1/src/swtpm'
[ 2944s] Making install in swtpm_bios
[ 2945s] make[2]: Entering directory '/home/abuild/rpmbuild/BUILD/swtpm-091be8054b5863ff86c5efcb072dcdd45e3696d1/src/swtpm_bios'
[ 2945s] make[3]: Entering directory '/home/abuild/rpmbuild/BUILD/swtpm-091be8054b5863ff86c5efcb072dcdd45e3696d1/src/swtpm_bios'
[ 2945s]  /usr/bin/mkdir -p '/home/abuild/rpmbuild/BUILDROOT/swtpm-0.3.3-5.oe1.riscv64/usr/bin'
[ 2945s]   /bin/sh ../../libtool   --mode=install /usr/bin/install -p swtpm_bios '/home/abuild/rpmbuild/BUILDROOT/swtpm-0.3.3-5.oe1.riscv64/usr/bin'
[ 2947s] libtool: install: /usr/bin/install -p swtpm_bios /home/abuild/rpmbuild/BUILDROOT/swtpm-0.3.3-5.oe1.riscv64/usr/bin/swtpm_bios
[ 2947s] make[3]: Nothing to be done for 'install-data-am'.
[ 2947s] make[3]: Leaving directory '/home/abuild/rpmbuild/BUILD/swtpm-091be8054b5863ff86c5efcb072dcdd45e3696d1/src/swtpm_bios'
[ 2947s] make[2]: Leaving directory '/home/abuild/rpmbuild/BUILD/swtpm-091be8054b5863ff86c5efcb072dcdd45e3696d1/src/swtpm_bios'
[ 2947s] Making install in swtpm_cert
[ 2947s] make[2]: Entering directory '/home/abuild/rpmbuild/BUILD/swtpm-091be8054b5863ff86c5efcb072dcdd45e3696d1/src/swtpm_cert'
[ 2947s] make[3]: Entering directory '/home/abuild/rpmbuild/BUILD/swtpm-091be8054b5863ff86c5efcb072dcdd45e3696d1/src/swtpm_cert'
[ 2947s]  /usr/bin/mkdir -p '/home/abuild/rpmbuild/BUILDROOT/swtpm-0.3.3-5.oe1.riscv64/usr/bin'
[ 2948s]   /bin/sh ../../libtool   --mode=install /usr/bin/install -p swtpm_cert '/home/abuild/rpmbuild/BUILDROOT/swtpm-0.3.3-5.oe1.riscv64/usr/bin'
[ 2949s] libtool: install: /usr/bin/install -p swtpm_cert /home/abuild/rpmbuild/BUILDROOT/swtpm-0.3.3-5.oe1.riscv64/usr/bin/swtpm_cert
[ 2950s] make[3]: Nothing to be done for 'install-data-am'.
[ 2950s] make[3]: Leaving directory '/home/abuild/rpmbuild/BUILD/swtpm-091be8054b5863ff86c5efcb072dcdd45e3696d1/src/swtpm_cert'
[ 2950s] make[2]: Leaving directory '/home/abuild/rpmbuild/BUILD/swtpm-091be8054b5863ff86c5efcb072dcdd45e3696d1/src/swtpm_cert'
[ 2950s] Making install in swtpm_ioctl
[ 2950s] make[2]: Entering directory '/home/abuild/rpmbuild/BUILD/swtpm-091be8054b5863ff86c5efcb072dcdd45e3696d1/src/swtpm_ioctl'
[ 2950s] make[3]: Entering directory '/home/abuild/rpmbuild/BUILD/swtpm-091be8054b5863ff86c5efcb072dcdd45e3696d1/src/swtpm_ioctl'
[ 2950s]  /usr/bin/mkdir -p '/home/abuild/rpmbuild/BUILDROOT/swtpm-0.3.3-5.oe1.riscv64/usr/bin'
[ 2950s]   /bin/sh ../../libtool   --mode=install /usr/bin/install -p swtpm_ioctl '/home/abuild/rpmbuild/BUILDROOT/swtpm-0.3.3-5.oe1.riscv64/usr/bin'
[ 2952s] libtool: install: /usr/bin/install -p swtpm_ioctl /home/abuild/rpmbuild/BUILDROOT/swtpm-0.3.3-5.oe1.riscv64/usr/bin/swtpm_ioctl
[ 2952s] make[3]: Nothing to be done for 'install-data-am'.
[ 2952s] make[3]: Leaving directory '/home/abuild/rpmbuild/BUILD/swtpm-091be8054b5863ff86c5efcb072dcdd45e3696d1/src/swtpm_ioctl'
[ 2952s] make[2]: Leaving directory '/home/abuild/rpmbuild/BUILD/swtpm-091be8054b5863ff86c5efcb072dcdd45e3696d1/src/swtpm_ioctl'
[ 2952s] Making install in swtpm_setup
[ 2952s] make[2]: Entering directory '/home/abuild/rpmbuild/BUILD/swtpm-091be8054b5863ff86c5efcb072dcdd45e3696d1/src/swtpm_setup'
[ 2952s] make[3]: Entering directory '/home/abuild/rpmbuild/BUILD/swtpm-091be8054b5863ff86c5efcb072dcdd45e3696d1/src/swtpm_setup'
[ 2952s]  /usr/bin/mkdir -p '/home/abuild/rpmbuild/BUILDROOT/swtpm-0.3.3-5.oe1.riscv64/usr/bin'
[ 2953s]   /bin/sh ../../libtool   --mode=install /usr/bin/install -p swtpm_setup '/home/abuild/rpmbuild/BUILDROOT/swtpm-0.3.3-5.oe1.riscv64/usr/bin'
[ 2955s] libtool: install: /usr/bin/install -p swtpm_setup /home/abuild/rpmbuild/BUILDROOT/swtpm-0.3.3-5.oe1.riscv64/usr/bin/swtpm_setup
[ 2955s]  /usr/bin/mkdir -p '/home/abuild/rpmbuild/BUILDROOT/swtpm-0.3.3-5.oe1.riscv64/usr/bin'
[ 2955s]  /usr/bin/install -p swtpm_setup.sh '/home/abuild/rpmbuild/BUILDROOT/swtpm-0.3.3-5.oe1.riscv64/usr/bin'
[ 2956s] make[3]: Nothing to be done for 'install-data-am'.
[ 2956s] make[3]: Leaving directory '/home/abuild/rpmbuild/BUILD/swtpm-091be8054b5863ff86c5efcb072dcdd45e3696d1/src/swtpm_setup'
[ 2956s] make[2]: Leaving directory '/home/abuild/rpmbuild/BUILD/swtpm-091be8054b5863ff86c5efcb072dcdd45e3696d1/src/swtpm_setup'
[ 2956s] Making install in selinux
[ 2956s] make[2]: Entering directory '/home/abuild/rpmbuild/BUILD/swtpm-091be8054b5863ff86c5efcb072dcdd45e3696d1/src/selinux'
[ 2956s] echo "Creating swtpm.pp from ../../src/selinux/swtpm.fc ../../src/selinux/swtpm.if ../../src/selinux/swtpm.te"
[ 2956s] Creating swtpm.pp from ../../src/selinux/swtpm.fc ../../src/selinux/swtpm.if ../../src/selinux/swtpm.te
[ 2956s] rm -f -r ../../src/selinux/tmp/
[ 2956s] cp ../../src/selinux/swtpm.fc ../../src/selinux/swtpm.if ../../src/selinux/swtpm.te ./ 2>/dev/null || true
[ 2956s] make -f /usr/share/selinux/devel/Makefile swtpm.pp
[ 2956s] make[3]: Entering directory '/home/abuild/rpmbuild/BUILD/swtpm-091be8054b5863ff86c5efcb072dcdd45e3696d1/src/selinux'
[ 2964s] Compiling targeted swtpm module
[ 2969s] Creating targeted swtpm.pp policy package
[ 2969s] rm tmp/swtpm.mod tmp/swtpm.mod.fc
[ 2969s] make[3]: Leaving directory '/home/abuild/rpmbuild/BUILD/swtpm-091be8054b5863ff86c5efcb072dcdd45e3696d1/src/selinux'
[ 2969s] rm -f -r ./tmp/
[ 2969s] if test /home/abuild/rpmbuild/BUILD/swtpm-091be8054b5863ff86c5efcb072dcdd45e3696d1/src/selinux != /home/abuild/rpmbuild/BUILD/swtpm-091be8054b5863ff86c5efcb072dcdd45e3696d1/src/selinux; then \
[ 2969s] 	rm -f *.te *.fc *.if; \
[ 2969s] fi
[ 2969s] echo "Creating swtpm_svirt.pp from ../../src/selinux/swtpm_svirt.te ../../src/selinux/swtpm.fc ../../src/selinux/swtpm.if ../../src/selinux/swtpm.te"
[ 2969s] Creating swtpm_svirt.pp from ../../src/selinux/swtpm_svirt.te ../../src/selinux/swtpm.fc ../../src/selinux/swtpm.if ../../src/selinux/swtpm.te
[ 2969s] rm -f -r ../../src/selinux/tmp/
[ 2969s] cp ../../src/selinux/swtpm_svirt.te ../../src/selinux/swtpm.fc ../../src/selinux/swtpm.if ../../src/selinux/swtpm.te ./ 2>/dev/null || true
[ 2970s] make -f /usr/share/selinux/devel/Makefile swtpm_svirt.pp
[ 2970s] make[3]: Entering directory '/home/abuild/rpmbuild/BUILD/swtpm-091be8054b5863ff86c5efcb072dcdd45e3696d1/src/selinux'
[ 2976s] Compiling targeted swtpm_svirt module
[ 2981s] Creating targeted swtpm_svirt.pp policy package
[ 2982s] rm tmp/swtpm_svirt.mod tmp/swtpm_svirt.mod.fc
[ 2982s] make[3]: Leaving directory '/home/abuild/rpmbuild/BUILD/swtpm-091be8054b5863ff86c5efcb072dcdd45e3696d1/src/selinux'
[ 2982s] rm -f -r ./tmp/
[ 2982s] if test /home/abuild/rpmbuild/BUILD/swtpm-091be8054b5863ff86c5efcb072dcdd45e3696d1/src/selinux != /home/abuild/rpmbuild/BUILD/swtpm-091be8054b5863ff86c5efcb072dcdd45e3696d1/src/selinux; then \
[ 2982s] 	rm -f *.te *.fc *.if; \
[ 2982s] fi
[ 2982s] make[3]: Entering directory '/home/abuild/rpmbuild/BUILD/swtpm-091be8054b5863ff86c5efcb072dcdd45e3696d1/src/selinux'
[ 2982s] make[3]: Nothing to be done for 'install-exec-am'.
[ 2982s]  /usr/bin/mkdir -p '/home/abuild/rpmbuild/BUILDROOT/swtpm-0.3.3-5.oe1.riscv64/usr/share/selinux/packages'
[ 2982s]  /usr/bin/install -p -m 644 swtpm.pp swtpm_svirt.pp '/home/abuild/rpmbuild/BUILDROOT/swtpm-0.3.3-5.oe1.riscv64/usr/share/selinux/packages'
[ 2982s] make[3]: Leaving directory '/home/abuild/rpmbuild/BUILD/swtpm-091be8054b5863ff86c5efcb072dcdd45e3696d1/src/selinux'
[ 2983s] make[2]: Leaving directory '/home/abuild/rpmbuild/BUILD/swtpm-091be8054b5863ff86c5efcb072dcdd45e3696d1/src/selinux'
[ 2983s] make[2]: Entering directory '/home/abuild/rpmbuild/BUILD/swtpm-091be8054b5863ff86c5efcb072dcdd45e3696d1/src'
[ 2983s] make[3]: Entering directory '/home/abuild/rpmbuild/BUILD/swtpm-091be8054b5863ff86c5efcb072dcdd45e3696d1/src'
[ 2983s] make[3]: Nothing to be done for 'install-exec-am'.
[ 2983s] make[3]: Nothing to be done for 'install-data-am'.
[ 2983s] make[3]: Leaving directory '/home/abuild/rpmbuild/BUILD/swtpm-091be8054b5863ff86c5efcb072dcdd45e3696d1/src'
[ 2983s] make[2]: Leaving directory '/home/abuild/rpmbuild/BUILD/swtpm-091be8054b5863ff86c5efcb072dcdd45e3696d1/src'
[ 2983s] make[1]: Leaving directory '/home/abuild/rpmbuild/BUILD/swtpm-091be8054b5863ff86c5efcb072dcdd45e3696d1/src'
[ 2983s] Making install in tests
[ 2983s] make[1]: Entering directory '/home/abuild/rpmbuild/BUILD/swtpm-091be8054b5863ff86c5efcb072dcdd45e3696d1/tests'
[ 2984s] make[2]: Entering directory '/home/abuild/rpmbuild/BUILD/swtpm-091be8054b5863ff86c5efcb072dcdd45e3696d1/tests'
[ 2984s] make[2]: Nothing to be done for 'install-exec-am'.
[ 2984s] make[2]: Nothing to be done for 'install-data-am'.
[ 2984s] make[2]: Leaving directory '/home/abuild/rpmbuild/BUILD/swtpm-091be8054b5863ff86c5efcb072dcdd45e3696d1/tests'
[ 2984s] make[1]: Leaving directory '/home/abuild/rpmbuild/BUILD/swtpm-091be8054b5863ff86c5efcb072dcdd45e3696d1/tests'
[ 2984s] make[1]: Entering directory '/home/abuild/rpmbuild/BUILD/swtpm-091be8054b5863ff86c5efcb072dcdd45e3696d1'
[ 2984s] make[2]: Entering directory '/home/abuild/rpmbuild/BUILD/swtpm-091be8054b5863ff86c5efcb072dcdd45e3696d1'
[ 2984s] make[2]: Nothing to be done for 'install-exec-am'.
[ 2984s] make[2]: Nothing to be done for 'install-data-am'.
[ 2984s] make[2]: Leaving directory '/home/abuild/rpmbuild/BUILD/swtpm-091be8054b5863ff86c5efcb072dcdd45e3696d1'
[ 2984s] make[1]: Leaving directory '/home/abuild/rpmbuild/BUILD/swtpm-091be8054b5863ff86c5efcb072dcdd45e3696d1'
[ 2984s] + rm -f /home/abuild/rpmbuild/BUILDROOT/swtpm-0.3.3-5.oe1.riscv64/usr/lib64/swtpm/libswtpm_libtpms.a /home/abuild/rpmbuild/BUILDROOT/swtpm-0.3.3-5.oe1.riscv64/usr/lib64/swtpm/libswtpm_libtpms.la /home/abuild/rpmbuild/BUILDROOT/swtpm-0.3.3-5.oe1.riscv64/usr/lib64/swtpm/libswtpm_libtpms.so
[ 2984s] + rm -f /home/abuild/rpmbuild/BUILDROOT/swtpm-0.3.3-5.oe1.riscv64/usr/share/man/man8/swtpm-create-tpmca.8
[ 2984s] + rm -f /home/abuild/rpmbuild/BUILDROOT/swtpm-0.3.3-5.oe1.riscv64/usr/share/swtpm/swtpm-create-tpmca
[ 2984s] + chrpath -d /home/abuild/rpmbuild/BUILDROOT/swtpm-0.3.3-5.oe1.riscv64//usr/bin/swtpm
[ 2984s] + mkdir -p /home/abuild/rpmbuild/BUILDROOT/swtpm-0.3.3-5.oe1.riscv64/etc/ld.so.conf.d
[ 2984s] + echo /usr/lib64/swtpm
[ 2984s] + /usr/lib/rpm/find-debuginfo.sh -j8 --strict-build-id -i --build-id-seed 0.3.3-5.oe1 --unique-debug-suffix -0.3.3-5.oe1.riscv64 --unique-debug-src-base swtpm-0.3.3-5.oe1.riscv64 -S debugsourcefiles.list /home/abuild/rpmbuild/BUILD/swtpm-091be8054b5863ff86c5efcb072dcdd45e3696d1
[ 2986s] explicitly decompress any DWARF compressed ELF sections in /home/abuild/rpmbuild/BUILDROOT/swtpm-0.3.3-5.oe1.riscv64/usr/bin/swtpm
[ 2986s] explicitly decompress any DWARF compressed ELF sections in /home/abuild/rpmbuild/BUILDROOT/swtpm-0.3.3-5.oe1.riscv64/usr/bin/swtpm_cert
[ 2986s] extracting debug info from /home/abuild/rpmbuild/BUILDROOT/swtpm-0.3.3-5.oe1.riscv64/usr/bin/swtpm_cert
[ 2986s] extracting debug info from /home/abuild/rpmbuild/BUILDROOT/swtpm-0.3.3-5.oe1.riscv64/usr/bin/swtpm
[ 2986s] explicitly decompress any DWARF compressed ELF sections in /home/abuild/rpmbuild/BUILDROOT/swtpm-0.3.3-5.oe1.riscv64/usr/bin/swtpm_ioctl
[ 2986s] explicitly decompress any DWARF compressed ELF sections in /home/abuild/rpmbuild/BUILDROOT/swtpm-0.3.3-5.oe1.riscv64/usr/bin/swtpm_bios
[ 2986s] explicitly decompress any DWARF compressed ELF sections in /home/abuild/rpmbuild/BUILDROOT/swtpm-0.3.3-5.oe1.riscv64/usr/lib64/swtpm/libswtpm_libtpms.so.0.0.0
[ 2986s] extracting debug info from /home/abuild/rpmbuild/BUILDROOT/swtpm-0.3.3-5.oe1.riscv64/usr/bin/swtpm_bios
[ 2986s] explicitly decompress any DWARF compressed ELF sections in /home/abuild/rpmbuild/BUILDROOT/swtpm-0.3.3-5.oe1.riscv64/usr/bin/swtpm_setup
[ 2986s] extracting debug info from /home/abuild/rpmbuild/BUILDROOT/swtpm-0.3.3-5.oe1.riscv64/usr/bin/swtpm_ioctl
[ 2986s] extracting debug info from /home/abuild/rpmbuild/BUILDROOT/swtpm-0.3.3-5.oe1.riscv64/usr/lib64/swtpm/libswtpm_libtpms.so.0.0.0
[ 2987s] extracting debug info from /home/abuild/rpmbuild/BUILDROOT/swtpm-0.3.3-5.oe1.riscv64/usr/bin/swtpm_setup
[ 2989s] Could not find platform independent libraries <prefix>
[ 2989s] Could not find platform dependent libraries <exec_prefix>
[ 2989s] Consider setting $PYTHONHOME to <prefix>[:<exec_prefix>]
[ 2989s] Could not find platform independent libraries <prefix>
[ 2989s] Could not find platform dependent libraries <exec_prefix>
[ 2989s] Consider setting $PYTHONHOME to <prefix>[:<exec_prefix>]
[ 2989s] Could not find platform independent libraries <prefix>
[ 2989s] Could not find platform dependent libraries <exec_prefix>
[ 2989s] Consider setting $PYTHONHOME to <prefix>[:<exec_prefix>]
[ 2989s] Fatal Python error: initfsencoding: unable to load the file system codec
[ 2989s] ModuleNotFoundError: No module named 'encodings'
[ 2989s] 
[ 2989s] Current thread 0x0000003fbdae8020 (most recent call first):
[ 2989s] Fatal Python error: initfsencoding: unable to load the file system codec
[ 2989s] ModuleNotFoundError: No module named 'encodings'
[ 2989s] 
[ 2989s] Current thread 0x0000003fed058020 (most recent call first):
[ 2990s] Fatal Python error: initfsencoding: unable to load the file system codec
[ 2990s] ModuleNotFoundError: No module named 'encodings'
[ 2990s] 
[ 2990s] Current thread 0x0000003fcd7f4020 (most recent call first):
[ 2990s] Could not find platform independent libraries <prefix>
[ 2990s] Could not find platform dependent libraries <exec_prefix>
[ 2990s] Consider setting $PYTHONHOME to <prefix>[:<exec_prefix>]
[ 2990s] Fatal Python error: initfsencoding: unable to load the file system codec
[ 2990s] ModuleNotFoundError: No module named 'encodings'
[ 2990s] 
[ 2990s] Current thread 0x0000003fd321f020 (most recent call first):
[ 2990s] Could not find platform independent libraries <prefix>
[ 2990s] Could not find platform dependent libraries <exec_prefix>
[ 2990s] Consider setting $PYTHONHOME to <prefix>[:<exec_prefix>]
[ 2990s] Fatal Python error: initfsencoding: unable to load the file system codec
[ 2990s] ModuleNotFoundError: No module named 'encodings'
[ 2990s] 
[ 2990s] Current thread 0x0000003fe31ce020 (most recent call first):
[ 2992s] Could not find platform independent libraries <prefix>
[ 2992s] Could not find platform dependent libraries <exec_prefix>
[ 2992s] Consider setting $PYTHONHOME to <prefix>[:<exec_prefix>]
[ 2992s] Fatal Python error: initfsencoding: unable to load the file system codec
[ 2992s] ModuleNotFoundError: No module named 'encodings'
[ 2992s] 
[ 2992s] Current thread 0x0000003fc53b9020 (most recent call first):
[ 3018s] /usr/bin/gdb-add-index: line 106: 1691410 Aborted                 (core dumped) $GDB --batch -nx -iex 'set auto-load no' -ex "file $file" -ex "save gdb-index $dwarf5 $dir"
[ 3018s] gdb-add-index: gdb error generating index for /home/abuild/rpmbuild/BUILDROOT/swtpm-0.3.3-5.oe1.riscv64/usr/bin/swtpm_ioctl
[ 3018s] /usr/bin/gdb-add-index: line 106: 1691411 Aborted                 (core dumped) $GDB --batch -nx -iex 'set auto-load no' -ex "file $file" -ex "save gdb-index $dwarf5 $dir"
[ 3018s] /usr/bin/gdb-add-index: line 106: 1691396 Aborted                 (core dumped) $GDB --batch -nx -iex 'set auto-load no' -ex "file $file" -ex "save gdb-index $dwarf5 $dir"
[ 3018s] gdb-add-index: gdb error generating index for /home/abuild/rpmbuild/BUILDROOT/swtpm-0.3.3-5.oe1.riscv64/usr/bin/swtpm_cert
[ 3018s] gdb-add-index: gdb error generating index for /home/abuild/rpmbuild/BUILDROOT/swtpm-0.3.3-5.oe1.riscv64/usr/bin/swtpm_bios
[ 3018s] /usr/bin/gdb-add-index: line 106: 1691398 Aborted                 (core dumped) $GDB --batch -nx -iex 'set auto-load no' -ex "file $file" -ex "save gdb-index $dwarf5 $dir"
[ 3018s] gdb-add-index: gdb error generating index for /home/abuild/rpmbuild/BUILDROOT/swtpm-0.3.3-5.oe1.riscv64/usr/bin/swtpm
[ 3018s] /usr/bin/gdb-add-index: line 106: 1691422 Aborted                 (core dumped) $GDB --batch -nx -iex 'set auto-load no' -ex "file $file" -ex "save gdb-index $dwarf5 $dir"
[ 3018s] gdb-add-index: gdb error generating index for /home/abuild/rpmbuild/BUILDROOT/swtpm-0.3.3-5.oe1.riscv64/usr/bin/swtpm_setup
[ 3018s] /usr/bin/gdb-add-index: line 106: 1691399 Aborted                 (core dumped) $GDB --batch -nx -iex 'set auto-load no' -ex "file $file" -ex "save gdb-index $dwarf5 $dir"
[ 3018s] gdb-add-index: gdb error generating index for /home/abuild/rpmbuild/BUILDROOT/swtpm-0.3.3-5.oe1.riscv64/usr/lib64/swtpm/libswtpm_libtpms.so.0.0.0
[ 3027s] 910 blocks
[ 3028s] + /usr/lib/rpm/check-buildroot
[ 3029s] + /usr/lib/rpm/brp-ldconfig
[ 3029s] + /usr/lib/rpm/brp-compress
[ 3030s] + /usr/lib/rpm/brp-strip-static-archive /usr/bin/strip
[ 3032s] + /usr/lib/rpm/brp-python-bytecompile /usr/bin/python 1 1
[ 3033s] + /usr/lib/rpm/brp-python-hardlink
[ 3033s] Executing(%check): /bin/sh -e /var/tmp/rpm-tmp.hqCFLR
[ 3034s] + umask 022
[ 3034s] + cd /home/abuild/rpmbuild/BUILD
[ 3034s] + cd swtpm-091be8054b5863ff86c5efcb072dcdd45e3696d1
[ 3034s] + make -j8 check
[ 3034s] Making check in etc
[ 3034s] make[1]: Entering directory '/home/abuild/rpmbuild/BUILD/swtpm-091be8054b5863ff86c5efcb072dcdd45e3696d1/etc'
[ 3034s] make[1]: Nothing to be done for 'check'.
[ 3034s] make[1]: Leaving directory '/home/abuild/rpmbuild/BUILD/swtpm-091be8054b5863ff86c5efcb072dcdd45e3696d1/etc'
[ 3034s] Making check in include
[ 3034s] make[1]: Entering directory '/home/abuild/rpmbuild/BUILD/swtpm-091be8054b5863ff86c5efcb072dcdd45e3696d1/include'
[ 3035s] Making check in swtpm
[ 3035s] make[2]: Entering directory '/home/abuild/rpmbuild/BUILD/swtpm-091be8054b5863ff86c5efcb072dcdd45e3696d1/include/swtpm'
[ 3035s] make[2]: Nothing to be done for 'check'.
[ 3035s] make[2]: Leaving directory '/home/abuild/rpmbuild/BUILD/swtpm-091be8054b5863ff86c5efcb072dcdd45e3696d1/include/swtpm'
[ 3036s] make[2]: Entering directory '/home/abuild/rpmbuild/BUILD/swtpm-091be8054b5863ff86c5efcb072dcdd45e3696d1/include'
[ 3036s] make[2]: Nothing to be done for 'check-am'.
[ 3036s] make[2]: Leaving directory '/home/abuild/rpmbuild/BUILD/swtpm-091be8054b5863ff86c5efcb072dcdd45e3696d1/include'
[ 3036s] make[1]: Leaving directory '/home/abuild/rpmbuild/BUILD/swtpm-091be8054b5863ff86c5efcb072dcdd45e3696d1/include'
[ 3036s] Making check in man
[ 3036s] make[1]: Entering directory '/home/abuild/rpmbuild/BUILD/swtpm-091be8054b5863ff86c5efcb072dcdd45e3696d1/man'
[ 3036s] Making check in man3
[ 3036s] make[2]: Entering directory '/home/abuild/rpmbuild/BUILD/swtpm-091be8054b5863ff86c5efcb072dcdd45e3696d1/man/man3'
[ 3036s] make[2]: Nothing to be done for 'check'.
[ 3036s] make[2]: Leaving directory '/home/abuild/rpmbuild/BUILD/swtpm-091be8054b5863ff86c5efcb072dcdd45e3696d1/man/man3'
[ 3036s] Making check in man8
[ 3036s] make[2]: Entering directory '/home/abuild/rpmbuild/BUILD/swtpm-091be8054b5863ff86c5efcb072dcdd45e3696d1/man/man8'
[ 3036s] make[2]: Nothing to be done for 'check'.
[ 3036s] make[2]: Leaving directory '/home/abuild/rpmbuild/BUILD/swtpm-091be8054b5863ff86c5efcb072dcdd45e3696d1/man/man8'
[ 3037s] make[2]: Entering directory '/home/abuild/rpmbuild/BUILD/swtpm-091be8054b5863ff86c5efcb072dcdd45e3696d1/man'
[ 3037s] make[2]: Nothing to be done for 'check-am'.
[ 3037s] make[2]: Leaving directory '/home/abuild/rpmbuild/BUILD/swtpm-091be8054b5863ff86c5efcb072dcdd45e3696d1/man'
[ 3037s] make[1]: Leaving directory '/home/abuild/rpmbuild/BUILD/swtpm-091be8054b5863ff86c5efcb072dcdd45e3696d1/man'
[ 3037s] Making check in samples
[ 3037s] make[1]: Entering directory '/home/abuild/rpmbuild/BUILD/swtpm-091be8054b5863ff86c5efcb072dcdd45e3696d1/samples'
[ 3037s] make[1]: Nothing to be done for 'check'.
[ 3037s] make[1]: Leaving directory '/home/abuild/rpmbuild/BUILD/swtpm-091be8054b5863ff86c5efcb072dcdd45e3696d1/samples'
[ 3037s] Making check in src
[ 3037s] make[1]: Entering directory '/home/abuild/rpmbuild/BUILD/swtpm-091be8054b5863ff86c5efcb072dcdd45e3696d1/src'
[ 3037s] Making check in swtpm
[ 3038s] make[2]: Entering directory '/home/abuild/rpmbuild/BUILD/swtpm-091be8054b5863ff86c5efcb072dcdd45e3696d1/src/swtpm'
[ 3038s] make[2]: Nothing to be done for 'check'.
[ 3038s] make[2]: Leaving directory '/home/abuild/rpmbuild/BUILD/swtpm-091be8054b5863ff86c5efcb072dcdd45e3696d1/src/swtpm'
[ 3038s] Making check in swtpm_bios
[ 3038s] make[2]: Entering directory '/home/abuild/rpmbuild/BUILD/swtpm-091be8054b5863ff86c5efcb072dcdd45e3696d1/src/swtpm_bios'
[ 3038s] make[2]: Nothing to be done for 'check'.
[ 3038s] make[2]: Leaving directory '/home/abuild/rpmbuild/BUILD/swtpm-091be8054b5863ff86c5efcb072dcdd45e3696d1/src/swtpm_bios'
[ 3038s] Making check in swtpm_cert
[ 3038s] make[2]: Entering directory '/home/abuild/rpmbuild/BUILD/swtpm-091be8054b5863ff86c5efcb072dcdd45e3696d1/src/swtpm_cert'
[ 3038s] make[2]: Nothing to be done for 'check'.
[ 3038s] make[2]: Leaving directory '/home/abuild/rpmbuild/BUILD/swtpm-091be8054b5863ff86c5efcb072dcdd45e3696d1/src/swtpm_cert'
[ 3038s] Making check in swtpm_ioctl
[ 3038s] make[2]: Entering directory '/home/abuild/rpmbuild/BUILD/swtpm-091be8054b5863ff86c5efcb072dcdd45e3696d1/src/swtpm_ioctl'
[ 3038s] make[2]: Nothing to be done for 'check'.
[ 3038s] make[2]: Leaving directory '/home/abuild/rpmbuild/BUILD/swtpm-091be8054b5863ff86c5efcb072dcdd45e3696d1/src/swtpm_ioctl'
[ 3038s] Making check in swtpm_setup
[ 3038s] make[2]: Entering directory '/home/abuild/rpmbuild/BUILD/swtpm-091be8054b5863ff86c5efcb072dcdd45e3696d1/src/swtpm_setup'
[ 3038s] make[2]: Nothing to be done for 'check'.
[ 3038s] make[2]: Leaving directory '/home/abuild/rpmbuild/BUILD/swtpm-091be8054b5863ff86c5efcb072dcdd45e3696d1/src/swtpm_setup'
[ 3038s] Making check in selinux
[ 3038s] make[2]: Entering directory '/home/abuild/rpmbuild/BUILD/swtpm-091be8054b5863ff86c5efcb072dcdd45e3696d1/src/selinux'
[ 3038s] make[2]: Nothing to be done for 'check'.
[ 3038s] make[2]: Leaving directory '/home/abuild/rpmbuild/BUILD/swtpm-091be8054b5863ff86c5efcb072dcdd45e3696d1/src/selinux'
[ 3038s] make[2]: Entering directory '/home/abuild/rpmbuild/BUILD/swtpm-091be8054b5863ff86c5efcb072dcdd45e3696d1/src'
[ 3038s] make[2]: Nothing to be done for 'check-am'.
[ 3038s] make[2]: Leaving directory '/home/abuild/rpmbuild/BUILD/swtpm-091be8054b5863ff86c5efcb072dcdd45e3696d1/src'
[ 3038s] make[1]: Leaving directory '/home/abuild/rpmbuild/BUILD/swtpm-091be8054b5863ff86c5efcb072dcdd45e3696d1/src'
[ 3038s] Making check in tests
[ 3039s] make[1]: Entering directory '/home/abuild/rpmbuild/BUILD/swtpm-091be8054b5863ff86c5efcb072dcdd45e3696d1/tests'
[ 3039s] make  
[ 3039s] make[2]: Entering directory '/home/abuild/rpmbuild/BUILD/swtpm-091be8054b5863ff86c5efcb072dcdd45e3696d1/tests'
[ 3039s] make[2]: Nothing to be done for 'all'.
[ 3039s] make[2]: Leaving directory '/home/abuild/rpmbuild/BUILD/swtpm-091be8054b5863ff86c5efcb072dcdd45e3696d1/tests'
[ 3039s] make  check-TESTS
[ 3039s] make[2]: Entering directory '/home/abuild/rpmbuild/BUILD/swtpm-091be8054b5863ff86c5efcb072dcdd45e3696d1/tests'
[ 3040s] make[3]: Entering directory '/home/abuild/rpmbuild/BUILD/swtpm-091be8054b5863ff86c5efcb072dcdd45e3696d1/tests'
[ 3041s] SKIP: test_vtpm_proxy
[ 3041s] SKIP: test_tpm2_vtpm_proxy
[ 3053s] FAIL: test_encrypted_state
[ 3053s] FAIL: test_getcap
[ 3054s] FAIL: test_hashing
[ 3055s] PASS: test_ctrlchannel3
[ 3068s] PASS: test_ctrlchannel4
[ 3068s] PASS: test_tpm2_ctrlchannel2
[ 3076s] PASS: test_ctrlchannel2
[ 3089s] PASS: test_locality
[ 3110s] PASS: test_hashing2
[ 3116s] PASS: test_init
[ 3119s] PASS: test_setbuffersize
[ 3129s] PASS: test_ctrlchannel
[ 3131s] SKIP: test_tpm12
[ 3196s] PASS: test_save_load_state
[ 3197s] PASS: test_migration_key
[ 3205s] PASS: test_print_capabilities
[ 3224s] PASS: test_tpm2_derived_keys
[ 3224s] FAIL: test_resume_volatile
[ 3227s] PASS: test_swtpm_bios
[ 3235s] PASS: test_tpm_probe
[ 3237s] PASS: test_wrongorder
[ 3241s] PASS: test_volatilestate
[ 3244s] PASS: test_tpm2_getcap
[ 3248s] PASS: test_save_load_encrypted_state
[ 3252s] PASS: test_tpm2_locality
[ 3257s] PASS: test_tpm2_encrypted_state
[ 3258s] PASS: test_tpm2_init
[ 3260s] SKIP: test_tpm2_save_load_state_3
[ 3267s] PASS: test_tpm2_hashing3
[ 3272s] PASS: test_tpm2_hashing
[ 3278s] PASS: test_tpm2_hashing2
[ 3284s] PASS: test_tpm2_savestate
[ 3291s] PASS: test_tpm2_resume_volatile
[ 3294s] PASS: test_tpm2_setbuffersize
[ 3295s] SKIP: test_tpm2_ibmtss2
[ 3299s] PASS: test_tpm2_wrongorder
[ 3300s] SKIP: test_parameters
[ 3305s] PASS: test_swtpm_cert
[ 3306s] PASS: test_tpm2_migration_key
[ 3307s] SKIP: test_tpm2_parameters
[ 3310s] PASS: test_tpm2_volatilestate
[ 3312s] PASS: test_tpm2_swtpm_cert
[ 3313s] PASS: test_tpm2_probe
[ 3314s] SKIP: test_swtpm_setup_create_cert
[ 3315s] SKIP: test_samples_create_tpmca
[ 3315s] PASS: test_tpm2_swtpm_cert_ecc
[ 3317s] PASS: test_commandline
[ 3343s] PASS: test_tpm2_samples_swtpm_localca
[ 3347s] PASS: test_tpm2_save_load_state_da_timeout
[ 3349s] PASS: test_tpm2_swtpm_bios
[ 3351s] PASS: test_tpm2_save_load_encrypted_state
[ 3365s] PASS: test_tpm2_swtpm_setup_create_cert
[ 3367s] ============================================================================
[ 3367s] Testsuite summary for swtpm 0.3.3
[ 3367s] ============================================================================
[ 3367s] # TOTAL: 54
[ 3367s] # PASS:  41
[ 3367s] # SKIP:  9
[ 3367s] # XFAIL: 0
[ 3367s] # FAIL:  4
[ 3367s] # XPASS: 0
[ 3367s] # ERROR: 0
[ 3367s] ============================================================================
[ 3367s] See tests/test-suite.log
[ 3367s] ============================================================================
[ 3367s] make[3]: *** [Makefile:698: test-suite.log] Error 1
[ 3367s] make[3]: Leaving directory '/home/abuild/rpmbuild/BUILD/swtpm-091be8054b5863ff86c5efcb072dcdd45e3696d1/tests'
[ 3367s] make[2]: *** [Makefile:806: check-TESTS] Error 2
[ 3367s] make[2]: Leaving directory '/home/abuild/rpmbuild/BUILD/swtpm-091be8054b5863ff86c5efcb072dcdd45e3696d1/tests'
[ 3367s] make[1]: *** [Makefile:1251: check-am] Error 2
[ 3367s] make[1]: Leaving directory '/home/abuild/rpmbuild/BUILD/swtpm-091be8054b5863ff86c5efcb072dcdd45e3696d1/tests'
[ 3367s] make: *** [Makefile:457: check-recursive] Error 1
[ 3367s] error: Bad exit status from /var/tmp/rpm-tmp.hqCFLR (%check)
[ 3367s] 
[ 3367s] 
[ 3367s] RPM build errors:
[ 3367s]     bogus date in %changelog: Wed Sep 9 2021 caodongxia <caodongxia@huawei.com> - 0.3.3-3
[ 3367s]     Bad exit status from /var/tmp/rpm-tmp.hqCFLR (%check)
[ 3368s] 
[ 3368s] oe-RISCV-worker26 failed "build swtpm.spec" at Sun Apr 24 04:00:27 UTC 2022.
[ 3368s] 
