[    0s] Using BUILD_ROOT=/var/cache/obs/worker/root_1/.mount
[    0s] Using BUILD_ARCH=riscv64
[    0s] Doing kvm build in /var/cache/obs/worker/root_1/root
[    0s] 
[    0s] 
[    0s] build77 started "build gphoto.spec" at Fri Feb 17 21:31:01 UTC 2023.
[    0s] 
[    0s] Building gphoto for project 'openSUSE:Factory:RISCV' repository 'standard' arch 'riscv64' srcmd5 '5747f0cd93375cd9dd5a6bcf714b6443'
[    0s] 
[    0s] processing recipe /var/cache/obs/worker/root_1/.build-srcdir/gphoto.spec ...
[    1s] running changelog2spec --target rpm --file /var/cache/obs/worker/root_1/.build-srcdir/gphoto.spec
[    1s] init_buildsystem --configdir /var/run/obs/worker/1/build/configs --cachedir /var/cache/build --prepare --clean --rpmlist /var/cache/obs/worker/root_1/.build.rpmlist /var/cache/obs/worker/root_1/.build-srcdir/gphoto.spec build ...
[    1s] unpacking preinstall image openSUSE:Factory:RISCV/standard/preinstallimage-base [7f1f24da28b81384a50e3930e651d4e0]
[    3s] 
[    3s] copying packages...
[    4s] reordering...cycle: liblockdev1 -> lockdev
[    4s]   breaking dependency lockdev -> liblockdev1
[    4s] cycle: fontconfig -> libfontconfig1
[    4s]   breaking dependency libfontconfig1 -> fontconfig
[    4s] done
[    4s] Detected virtio-serial support
[    6s] booting kvm...
[    6s] ### VM INTERACTION START ###
[    6s] Using virtio-serial support
[    6s] /usr/bin/qemu-kvm -nodefaults -no-reboot -nographic -vga none -cpu host -M pc,accel=kvm,usb=off,dump-guest-core=off,vmport=off -sandbox on -bios /usr/share/qemu/qboot.rom -object rng-random,filename=/dev/random,id=rng0 -device virtio-rng-pci,rng=rng0 -object iothread,id=io0 -runas qemu -net none -kernel /var/cache/obs/worker/root_1/.mount/boot/kernel -initrd /var/cache/obs/worker/root_1/.mount/boot/initrd -append root=/dev/disk/by-id/virtio-0 rootfstype=ext4 rootflags=noatime kvmclock mitigations=off elevator=noop nmi_watchdog=0 rw rd.driver.pre=binfmt_misc oops=panic panic=1 quiet console=hvc0 init=/.build/initvm.x86_64 -m 7250 -drive file=/var/cache/obs/worker/root_1/root,format=raw,if=none,id=disk,cache=unsafe,aio=io_uring -device virtio-blk-pci,iothread=io0,drive=disk,serial=0 -drive file=/var/cache/obs/worker/root_1/swap,format=raw,if=none,id=swap,cache=unsafe,aio=io_uring -device virtio-blk-pci,iothread=io0,drive=swap,serial=1 -device virtio-serial,max_ports=2 -device virtconsole,chardev=virtiocon0 -chardev stdio,id=virtiocon0 -chardev socket,id=monitor,server=on,wait=off,path=/var/cache/obs/worker/root_1/root.qemu/monitor -mon chardev=monitor,mode=readline -smp 3
[   12s] ### VM INTERACTION END ###
[   12s] 2nd stage started in virtual machine
[   12s] machine type: riscv64
[   13s] Linux version: 6.1.12-1-default #1 SMP PREEMPT_DYNAMIC Wed Feb 15 05:31:41 UTC 2023 (373f017)
[   13s] Increasing log level from now on...
[   13s] [    5.976440][  T357] sysrq: Changing Loglevel
[   13s] [    5.976597][  T357] sysrq: Loglevel set to 4
[   13s] Enable sysrq operations
[   13s] Setting up swapspace version 1, size = 2 GiB (2097147904 bytes)
[   13s] no label, UUID=812d7c9a-c91f-4fda-a961-945debb005fe
[   13s] swapon: /dev/vdb: found signature [pagesize=4096, signature=swap]
[   13s] swapon: /dev/vdb: pagesize=4096, swapsize=2097152000, devsize=2097152000
[   13s] swapon /dev/vdb
[   13s] WARNING: udev not running, creating extra device nodes
[   14s] logging output to //.build.log...
[   15s] processing recipe /.build-srcdir/gphoto.spec ...
[   15s] init_buildsystem --configdir /.build/configs --cachedir /var/cache/build /.build-srcdir/gphoto.spec build ...
[   15s] initializing rpm db...
[   16s] querying package ids...
[   45s] [1/174] preinstalled aaa_base-84.87+git20220822.6b9f7a3-1.1
[   45s] [2/174] preinstalled aaa_base-malloccheck-84.87+git20220822.6b9f7a3-1.1
[   45s] [3/174] preinstalled attr-2.5.1-1.1
[   45s] [4/174] preinstalled bash-5.2.15-8.1
[   45s] [5/174] preinstalled bash-sh-5.2.15-8.1
[   45s] [6/174] preinstalled binutils-2.39-3.1
[   45s] [7/174] preinstalled brp-check-suse-84.87+git20221115.2f7add6-1.1
[   45s] [8/174] preinstalled build-compare-20221206T204012.bb70754-1.2
[   45s] [9/174] preinstalled build-mkbaselibs-20230215-1.1
[   45s] [10/174] preinstalled bzip2-1.0.8-4.1
[   45s] [11/174] preinstalled chkstat-1599_20221220-1.2
[   45s] [12/174] preinstalled compat-usrmerge-build-84.87-5.1
[   45s] [13/174] preinstalled compat-usrmerge-tools-84.87-5.1
[   45s] [14/174] preinstalled coreutils-9.1-5.1
[   45s] [15/174] preinstalled cpio-2.13-5.1
[   45s] [16/174] preinstalled cpp-12-2.1
[   46s] [17/174] preinstalled cpp12-12.2.1+git749-4.1
[   46s] [18/174] cumulate crypto-policies-20210917.c9d86d1-1.1
[   46s] [19/174] preinstalled debugedit-5.0-5.1
[   46s] [20/174] preinstalled diffutils-3.9-1.1
[   46s] [21/174] preinstalled dwz-0.15-2.1
[   46s] [22/174] preinstalled elfutils-0.188-3.2
[   46s] [23/174] preinstalled file-5.44-1.1
[   46s] [24/174] preinstalled file-magic-5.44-1.1
[   46s] [25/174] preinstalled filesystem-84.87-12.1
[   46s] [26/174] preinstalled fillup-1.42-279.1
[   46s] [27/174] preinstalled findutils-4.9.0-2.1
[   46s] [28/174] preinstalled gawk-5.2.1-2.1
[   46s] [29/174] preinstalled gcc-12-2.1
[   46s] [30/174] preinstalled gcc-PIE-12-2.1
[   46s] [31/174] preinstalled gcc12-12.2.1+git749-4.1
[   46s] [32/174] preinstalled gcc12-PIE-12.2.1+git749-4.1
[   46s] [33/174] preinstalled gettext-runtime-mini-0.21.1-1.1
[   46s] [34/174] preinstalled gettext-tools-mini-0.21.1-1.1
[   46s] [35/174] preinstalled glibc-2.37-1.1
[   46s] [36/174] preinstalled glibc-devel-2.37-1.1
[   46s] [37/174] preinstalled glibc-locale-base-2.37-1.1
[   46s] [38/174] preinstalled grep-3.8-3.1
[   46s] [39/174] preinstalled gzip-1.12-3.1
[   46s] [40/174] preinstalled kernel-obs-build-6.1.12-1.1
[   46s] [41/174] cumulate libX11-data-1.8.1-4.1
[   46s] [42/174] cumulate libXau6-1.0.11-1.1
[   46s] [43/174] preinstalled libacl1-2.3.1-2.1
[   46s] [44/174] cumulate libaom3-3.6.0-1.1
[   46s] [45/174] preinstalled libasan8-13.0.1+git5428-6.1
[   46s] [46/174] preinstalled libasm1-0.188-3.2
[   46s] [47/174] preinstalled libatomic1-13.0.1+git5428-6.1
[   46s] [48/174] preinstalled libattr1-2.5.1-1.1
[   46s] [49/174] preinstalled libaudit1-3.0.6-4.1
[   46s] [50/174] preinstalled libblkid1-2.38.1-7.1
[   46s] [51/174] cumulate libbrotlicommon1-1.0.9-1.1
[   46s] [52/174] preinstalled libbz2-1-1.0.8-4.1
[   46s] [53/174] preinstalled libcap-ng0-0.8.3-1.1
[   46s] [54/174] preinstalled libcap2-2.67-1.1
[   46s] [55/174] cumulate libcdk6_2_4-5.0.20210324-2.1
[   46s] [56/174] preinstalled libcrypt1-4.4.33-1.1
[   46s] [57/174] preinstalled libctf-nobfd0-2.39-3.1
[   46s] [58/174] preinstalled libctf0-2.39-3.1
[   46s] [59/174] cumulate libdav1d6-1.1.0-1.1
[   46s] [60/174] preinstalled libdb-4_8-4.8.30-39.1
[   46s] [61/174] preinstalled libdw1-0.188-3.2
[   46s] [62/174] preinstalled libeconf0-0.5.1-1.1
[   46s] [63/174] preinstalled libelf1-0.188-3.2
[   46s] [64/174] cumulate libexif12-0.6.24-1.1
[   46s] [65/174] cumulate libexpat1-2.5.0-2.1
[   46s] [66/174] preinstalled libfdisk1-2.38.1-7.1
[   46s] [67/174] preinstalled libgcc_s1-13.0.1+git5428-6.1
[   46s] [68/174] preinstalled libgcrypt20-1.10.1-1.1
[   46s] [69/174] preinstalled libgdbm6-1.23-1.1
[   46s] [70/174] preinstalled libgdbm_compat4-1.23-1.1
[   46s] [71/174] preinstalled libgmp10-6.2.1-4.1
[   46s] [72/174] preinstalled libgomp1-13.0.1+git5428-6.1
[   46s] [73/174] preinstalled libgpg-error0-1.46-1.1
[   46s] [74/174] preinstalled libisl23-0.25-1.1
[   46s] [75/174] cumulate libjbig2-2.1-4.1
[   46s] [76/174] cumulate libjpeg8-8.2.2-72.1
[   46s] [77/174] cumulate libltdl7-2.4.7-3.2
[   46s] [78/174] preinstalled liblua5_4-5-5.4.4-8.1
[   46s] [79/174] preinstalled liblzma5-5.4.1-1.1
[   46s] [80/174] preinstalled libmagic1-5.44-1.1
[   46s] [81/174] preinstalled libmount1-2.38.1-7.1
[   46s] [82/174] preinstalled libmpc3-1.3.1-1.2
[   46s] [83/174] preinstalled libmpfr6-4.2.0-1.1
[   46s] [84/174] preinstalled libncurses6-6.4.20230128-5.1
[   46s] [85/174] preinstalled libpcre2-8-0-10.42-3.2
[   46s] [86/174] preinstalled libpkgconf3-1.8.0-2.1
[   46s] [87/174] cumulate libpng16-16-1.6.39-2.1
[   46s] [88/174] preinstalled libpopt0-1.19-1.1
[   46s] [89/174] cumulate librav1e0-0.6.2+0-1.1
[   46s] [90/174] preinstalled libreadline8-8.2-2.1
[   46s] [91/174] preinstalled librpmbuild9-4.18.0-3.1
[   46s] [92/174] preinstalled libseccomp2-2.5.4-2.1
[   46s] [93/174] preinstalled libselinux1-3.4-2.1
[   46s] [94/174] preinstalled libsemanage-conf-3.4-1.1
[   46s] [95/174] preinstalled libsemanage2-3.4-1.1
[   46s] [96/174] preinstalled libsepol2-3.4-1.1
[   46s] [97/174] preinstalled libsmartcols1-2.38.1-7.1
[   46s] [98/174] preinstalled libstdc++6-13.0.1+git5428-6.1
[   46s] [99/174] preinstalled libsubid4-4.13-3.1
[   46s] [100/174] cumulate libturbojpeg0-8.2.2-72.1
[   46s] [101/174] preinstalled libubsan1-13.0.1+git5428-6.1
[   46s] [102/174] cumulate libudev-mini1-252.5-1.1
[   46s] [103/174] preinstalled libutempter0-1.2.0-3.2
[   46s] [104/174] preinstalled libuuid1-2.38.1-7.1
[   46s] [105/174] cumulate libwebp7-1.2.4-1.2
[   46s] [106/174] preinstalled libxcrypt-devel-4.4.33-1.1
[   46s] [107/174] cumulate libxml2-2-2.10.3-3.1
[   46s] [108/174] preinstalled libz1-1.2.13-2.1
[   46s] [109/174] preinstalled libzstd1-1.5.2-2.1
[   46s] [110/174] preinstalled linux-glibc-devel-6.1-1.1
[   46s] [111/174] preinstalled login_defs-4.13-3.1
[   46s] [112/174] preinstalled lua54-5.4.4-8.1
[   46s] [113/174] preinstalled make-4.4-2.1
[   46s] [114/174] cumulate ncurses-devel-6.4.20230128-5.1
[   46s] [115/174] preinstalled ncurses-utils-6.4.20230128-5.1
[   46s] [116/174] preinstalled pam-1.5.2-12.1
[   46s] [117/174] preinstalled patch-2.7.6-6.1
[   46s] [118/174] preinstalled perl-5.36.0-4.1
[   46s] [119/174] preinstalled perl-base-5.36.0-4.1
[   46s] [120/174] preinstalled permissions-1599_20221220-1.2
[   46s] [121/174] preinstalled permissions-config-1599_20221220-1.2
[   46s] [122/174] preinstalled pkgconf-1.8.0-2.1
[   46s] [123/174] preinstalled pkgconf-m4-1.8.0-2.1
[   46s] [124/174] preinstalled pkgconf-pkg-config-1.8.0-2.1
[   46s] [125/174] preinstalled polkit-default-privs-1550+20221102.9f111fa-1.1
[   46s] [126/174] cumulate popt-devel-1.19-1.1
[   46s] [127/174] preinstalled post-build-checks-84.87+git20230106.3a359c5-1.1
[   46s] [128/174] preinstalled qemu-linux-user-7.1.0-50.1
[   46s] [129/174] preinstalled rpm-4.18.0-3.1
[   46s] [130/174] preinstalled rpm-build-4.18.0-3.1
[   46s] [131/174] preinstalled rpm-build-perl-4.18.0-3.1
[   46s] [132/174] preinstalled rpm-config-SUSE-20220926-1.1
[   46s] [133/174] preinstalled rpmlint-mini-2.4.0+git20230214.1bab129-9.4
[   46s] [134/174] preinstalled rpmlint-strict-2.4.0+git20230214.1bab129-1.1
[   46s] [135/174] preinstalled sed-4.9-2.1
[   46s] [136/174] preinstalled shadow-4.13-3.1
[   46s] [137/174] cumulate suse-module-tools-16.0.29-1.1
[   46s] [138/174] preinstalled system-group-hardware-20170617-24.1
[   46s] [139/174] cumulate system-group-kvm-20170617-24.1
[   46s] [140/174] preinstalled system-user-root-20190513-2.1
[   46s] [141/174] cumulate systemd-mini-252.5-1.1
[   46s] [142/174] preinstalled systemd-rpm-macros-19-1.1
[   46s] [143/174] preinstalled sysuser-shadow-3.1-5.1
[   46s] [144/174] preinstalled tar-1.34-9.1
[   46s] [145/174] preinstalled terminfo-base-6.4.20230128-5.1
[   46s] [146/174] preinstalled update-alternatives-1.21.8-1.1
[   46s] [147/174] preinstalled util-linux-2.38.1-7.1
[   46s] [148/174] preinstalled which-2.21-5.1
[   46s] [149/174] preinstalled xz-5.4.1-1.1
[   46s] [150/174] cumulate libbrotlidec1-1.0.9-1.1
[   46s] [151/174] cumulate libexif-devel-0.6.24-1.1
[   46s] [152/174] cumulate libopenssl3-3.0.7-3.1
[   46s] [153/174] cumulate libusb-1_0-0-1.0.26-1.1
[   46s] [154/174] cumulate libxcb1-1.15-2.1
[   46s] [155/174] cumulate libyuv0-20220920+f9fda6e-1.1
[   46s] [156/174] cumulate readline-devel-8.2-2.1
[   46s] [157/174] cumulate cdk-devel-5.0.20210324-2.1
[   46s] [158/174] cumulate libjpeg8-devel-8.2.2-72.1
[   46s] [159/174] cumulate libtiff6-4.5.0-2.1
[   46s] [160/174] cumulate libusb-1_0-devel-1.0.26-1.1
[   46s] [161/174] cumulate kmod-30-2.2
[   46s] [162/174] cumulate libX11-6-1.8.1-4.1
[   46s] [163/174] cumulate libfreetype6-2.12.1-4.1
[   46s] [164/174] cumulate libavif15-0.11.1-1.1
[   46s] [165/174] cumulate libXpm4-3.5.14-2.1
[   46s] [166/174] cumulate udev-mini-252.5-1.1
[   46s] [167/174] cumulate lockdev-1.0.3_git201003141408-31.2
[   46s] [168/174] cumulate libfontconfig1-2.14.2-1.1
[   46s] [169/174] cumulate liblockdev1-1.0.3_git201003141408-31.2
[   46s] [170/174] cumulate fontconfig-2.14.2-1.1
[   46s] [171/174] cumulate libgd3-2.3.3-2.5
[   46s] [172/174] cumulate libgphoto2_port12-2.5.30-1.2
[   46s] [173/174] cumulate libgphoto2-6-2.5.30-1.2
[   46s] [174/174] cumulate libgphoto2-devel-2.5.30-1.2
[   46s] now installing cumulated packages
[   47s] Preparing...                          ########################################
[   47s] Updating / installing...
[   47s] libjpeg8-8.2.2-72.1                   ########################################
[   48s] ncurses-devel-6.4.20230128-5.1        ########################################
[   48s] libpng16-16-1.6.39-2.1                ########################################
[   48s] libltdl7-2.4.7-3.2                    ########################################
[   49s] libexif12-0.6.24-1.1                  ########################################
[   49s] libexif-devel-0.6.24-1.1              ########################################
[   49s] libyuv0-20220920+f9fda6e-1.1          ########################################
[   49s] liblockdev1-1.0.3_git201003141408-31.2########################################
[   50s] lockdev-1.0.3_git201003141408-31.2    ########################################
[   50s] systemd-mini-252.5-1.1                warning: group systemd-journal does not exist - using root
[   52s] ########################################
[   52s] Creating group 'systemd-journal' with GID 486.
[   52s] Creating group 'systemd-timesync' with GID 485.
[   52s] Creating user 'systemd-timesync' (systemd Time Synchronization) with UID 485 and GID 485.
[   52s] Running in chroot, ignoring command 'daemon-reexec'
[   53s] /usr/lib/tmpfiles.d/journal-nocow.conf:26: Failed to resolve specifier: uninitialized /etc/ detected, skipping.
[   53s] All rules containing unresolvable specifiers will be skipped.
[   54s] /usr/bin/systemd-sysusers --replace=/usr/lib/sysusers.d/system-group-kvm.conf -
[   54s] Creating group 'kvm' with GID 36.
[   54s] system-group-kvm-20170617-24.1        ########################################
[   55s] libxml2-2-2.10.3-3.1                  ########################################
[   55s] libwebp7-1.2.4-1.2                    ########################################
[   55s] libudev-mini1-252.5-1.1               ########################################
[   55s] libusb-1_0-0-1.0.26-1.1               ########################################
[   55s] libgphoto2_port12-2.5.30-1.2          ########################################
[   55s] libusb-1_0-devel-1.0.26-1.1           ########################################
[   56s] libturbojpeg0-8.2.2-72.1              ########################################
[   56s] librav1e0-0.6.2+0-1.1                 ########################################
[   56s] libjbig2-2.1-4.1                      ########################################
[   56s] libtiff6-4.5.0-2.1                    ########################################
[   56s] libexpat1-2.5.0-2.1                   ########################################
[   57s] libdav1d6-1.1.0-1.1                   ########################################
[   57s] libcdk6_2_4-5.0.20210324-2.1          ########################################
[   57s] libbrotlicommon1-1.0.9-1.1            ########################################
[   57s] libbrotlidec1-1.0.9-1.1               ########################################
[   57s] libfreetype6-2.12.1-4.1               ########################################
[   57s] libfontconfig1-2.14.2-1.1             ########################################
[   58s] fontconfig-2.14.2-1.1                 ########################################
[   58s] libaom3-3.6.0-1.1                     ########################################
[   58s] libavif15-0.11.1-1.1                  ########################################
[   58s] libXau6-1.0.11-1.1                    ########################################
[   59s] libxcb1-1.15-2.1                      ########################################
[   59s] libX11-data-1.8.1-4.1                 ########################################
[   59s] libX11-6-1.8.1-4.1                    ########################################
[   59s] libXpm4-3.5.14-2.1                    ########################################
[   60s] libgd3-2.3.3-2.5                      ########################################
[   60s] crypto-policies-20210917.c9d86d1-1.1  ########################################
[   61s] libopenssl3-3.0.7-3.1                 ########################################
[   61s] suse-module-tools-16.0.29-1.1         ########################################
[   62s] kmod-30-2.2                           ########################################
[   64s] udev-mini-252.5-1.1                   ########################################
[   76s] Failed to preset unit, unit remote-cryptsetup.target does not exist.
[   77s] libgphoto2-6-2.5.30-1.2               ########################################
[   89s] libgphoto2-devel-2.5.30-1.2           ########################################
[   90s] cdk-devel-5.0.20210324-2.1            ########################################
[   90s] libjpeg8-devel-8.2.2-72.1             ########################################
[   90s] readline-devel-8.2-2.1                ########################################
[   90s] popt-devel-1.19-1.1                   ########################################
[   90s] regenerate-initrd-posttrans: dracut is not installed, not rebuilding the initrd
[   91s] regenerate-initrd-posttrans: dracut is not installed, not rebuilding the initrd
[   94s] now finalizing build dir...
[   94s] ... running 01-add_abuild_user_to_trusted_group
[   94s] ... running 02-set_timezone_to_utc
[   94s] ... running 03-set-permissions-secure
[   95s] ... running 11-hack_uname_version_to_kernel_version
[  105s] -----------------------------------------------------------------
[  105s] I have the following modifications for gphoto.spec:
[  105s] 23c23
[  105s] < BuildRequires:  pkg-config
[  105s] ---
[  105s] > BuildRequires:  pkgconf-pkg-config
[  105s] 31c31
[  105s] < Release:        0
[  105s] ---
[  105s] > Release:        2.1
[  116s] build target is riscv64-suse-linux
[  116s] -----------------------------------------------------------------
[  116s] ----- building gphoto.spec (user abuild)
[  116s] -----------------------------------------------------------------
[  116s] -----------------------------------------------------------------
[  121s] + exec rpmbuild -ba --define '_srcdefattr (-,root,root)' --nosignature --target=riscv64-suse-linux --define '_build_create_debug 1' --define 'disturl obs://build.opensuse.org/openSUSE:Factory:RISCV/standard/5747f0cd93375cd9dd5a6bcf714b6443-gphoto' /home/abuild/rpmbuild/SOURCES/gphoto.spec
[  121s] Building target platforms: riscv64-suse-linux
[  121s] Building for target riscv64-suse-linux
[  121s] setting SOURCE_DATE_EPOCH=1650326400
[  122s] Executing(%prep): /usr/bin/bash -e /var/tmp/rpm-tmp.KK0fqb
[  122s] + umask 022
[  122s] + cd /home/abuild/rpmbuild/BUILD
[  122s] + cd /home/abuild/rpmbuild/BUILD
[  122s] + rm -rf gphoto2-2.5.28
[  122s] + /usr/lib/rpm/rpmuncompress -x /home/abuild/rpmbuild/SOURCES/gphoto2-2.5.28.tar.xz
[  123s] + STATUS=0
[  123s] + '[' 0 -ne 0 ']'
[  123s] + cd gphoto2-2.5.28
[  123s] + /usr/bin/chmod -Rf a+rX,u+w,g-w,o-w .
[  123s] + RPM_EC=0
[  123s] ++ jobs -p
[  123s] + exit 0
[  123s] Executing(%build): /usr/bin/bash -e /var/tmp/rpm-tmp.vaSHMc
[  123s] + umask 022
[  123s] + cd /home/abuild/rpmbuild/BUILD
[  123s] + /usr/bin/rm -rf /home/abuild/rpmbuild/BUILDROOT/gphoto-2.5.28-2.1.riscv64
[  123s] ++ dirname /home/abuild/rpmbuild/BUILDROOT/gphoto-2.5.28-2.1.riscv64
[  123s] + /usr/bin/mkdir -p /home/abuild/rpmbuild/BUILDROOT
[  123s] + /usr/bin/mkdir /home/abuild/rpmbuild/BUILDROOT/gphoto-2.5.28-2.1.riscv64
[  123s] + cd gphoto2-2.5.28
[  123s] + ref=/usr/lib/rpm
[  123s] + mints=0
[  123s] + case $(uname -m) in
[  123s] ++ uname -m
[  124s] + mints=20160911
[  124s] + for s in guess sub
[  124s] ++ find -maxdepth 8 -name config.guess
[  124s] + for c in $(find -maxdepth 8 -name "config.$s")
[  124s] + grep -q config-patches@ ./auto-aux/config.guess
[  124s] ++ sed -n '/^timestamp=/{s///;s/[-'\''"]//g;p;q;}' ./auto-aux/config.guess
[  124s] + timestamp=20180308
[  124s] + test -n 20180308
[  124s] + test 20180308 -ge 20160911
[  124s] + for s in guess sub
[  124s] ++ find -maxdepth 8 -name config.sub
[  124s] + for c in $(find -maxdepth 8 -name "config.$s")
[  124s] + grep -q config-patches@ ./auto-aux/config.sub
[  124s] ++ sed -n '/^timestamp=/{s///;s/[-'\''"]//g;p;q;}' ./auto-aux/config.sub
[  124s] + timestamp=20180308
[  124s] + test -n 20180308
[  124s] + test 20180308 -ge 20160911
[  124s] + pkg-config --libs libgphoto2
[  124s] -lgphoto2 -lgphoto2_port -lm 
[  124s] + export 'CFLAGS=-O2 -Wall -U_FORTIFY_SOURCE -D_FORTIFY_SOURCE=3 -fstack-protector-strong -funwind-tables -fasynchronous-unwind-tables -fstack-clash-protection -Werror=return-type -flto=auto -g -fPIE'
[  124s] + CFLAGS='-O2 -Wall -U_FORTIFY_SOURCE -D_FORTIFY_SOURCE=3 -fstack-protector-strong -funwind-tables -fasynchronous-unwind-tables -fstack-clash-protection -Werror=return-type -flto=auto -g -fPIE'
[  124s] + export LDFLAGS=-pie
[  124s] + LDFLAGS=-pie
[  124s] + CONFIG_SHELL=/usr/bin/bash
[  124s] + export CONFIG_SHELL
[  124s] + CFLAGS='-O2 -Wall -U_FORTIFY_SOURCE -D_FORTIFY_SOURCE=3 -fstack-protector-strong -funwind-tables -fasynchronous-unwind-tables -fstack-clash-protection -Werror=return-type -flto=auto -g -fPIE'
[  124s] + export CFLAGS
[  124s] + CXXFLAGS='-O2 -Wall -U_FORTIFY_SOURCE -D_FORTIFY_SOURCE=3 -fstack-protector-strong -funwind-tables -fasynchronous-unwind-tables -fstack-clash-protection -Werror=return-type -flto=auto -g'
[  124s] + export CXXFLAGS
[  124s] + FFLAGS='-O2 -Wall -U_FORTIFY_SOURCE -D_FORTIFY_SOURCE=3 -fstack-protector-strong -funwind-tables -fasynchronous-unwind-tables -fstack-clash-protection -Werror=return-type -flto=auto -g '
[  124s] + export FFLAGS
[  124s] + FCFLAGS='-O2 -Wall -U_FORTIFY_SOURCE -D_FORTIFY_SOURCE=3 -fstack-protector-strong -funwind-tables -fasynchronous-unwind-tables -fstack-clash-protection -Werror=return-type -flto=auto -g '
[  124s] + export FCFLAGS
[  124s] + LDFLAGS=-pie
[  124s] + export LDFLAGS
[  124s] + ./configure --host=riscv64-suse-linux-gnu --build=riscv64-suse-linux-gnu --program-prefix= --disable-dependency-tracking --prefix=/usr --exec-prefix=/usr --bindir=/usr/bin --sbindir=/usr/sbin --sysconfdir=/etc --datadir=/usr/share --includedir=/usr/include --libdir=/usr/lib64 --libexecdir=/usr/libexec --localstatedir=/var --sharedstatedir=/var/lib --mandir=/usr/share/man --infodir=/usr/share/info --with-cdk-prefix=/usr --with-doc-dir=/usr/share/doc/packages/gphoto
[  128s] configure: WARNING: unrecognized options: --with-doc-dir
[  132s] checking for a BSD-compatible install... /usr/bin/install -c
[  132s] checking whether build environment is sane... yes
[  133s] checking for a thread-safe mkdir -p... /usr/bin/mkdir -p
[  133s] checking for gawk... gawk
[  133s] checking whether make sets $(MAKE)... yes
[  134s] checking whether make supports nested variables... yes
[  134s] checking for POSIX sh $() command substitution... yes
[  136s] checking for riscv64-suse-linux-gnu-gcc... no
[  136s] checking for gcc... gcc
[  141s] checking whether the C compiler works... yes
[  141s] checking for C compiler default output file name... a.out
[  145s] checking for suffix of executables... 
[  150s] checking whether we are cross compiling... no
[  151s] checking for suffix of object files... o
[  152s] checking whether we are using the GNU C compiler... yes
[  153s] checking whether gcc accepts -g... yes
[  155s] checking for gcc option to accept ISO C89... none needed
[  157s] checking whether gcc understands -c and -o together... yes
[  157s] checking whether make supports the include directive... yes (GNU style)
[  157s] checking dependency style of gcc... none
[  159s] checking how to run the C preprocessor... gcc -E
[  161s] checking build system type... riscv64-suse-linux-gnu
[  161s] checking host system type... riscv64-suse-linux-gnu
[  161s] checking how to print strings... printf
[  161s] checking for a sed that does not truncate output... /usr/bin/sed
[  162s] checking for grep that handles long lines and -e... /usr/bin/grep
[  162s] checking for egrep... /usr/bin/grep -E
[  162s] checking for fgrep... /usr/bin/grep -F
[  163s] checking for ld used by gcc... /usr/riscv64-suse-linux/bin/ld
[  163s] checking if the linker (/usr/riscv64-suse-linux/bin/ld) is GNU ld... yes
[  163s] checking for BSD- or MS-compatible name lister (nm)... /usr/bin/nm -B
[  164s] checking the name lister (/usr/bin/nm -B) interface... BSD nm
[  164s] checking whether ln -s works... yes
[  164s] checking the maximum length of command line arguments... 1572864
[  164s] checking how to convert riscv64-suse-linux-gnu file names to riscv64-suse-linux-gnu format... func_convert_file_noop
[  164s] checking how to convert riscv64-suse-linux-gnu file names to toolchain format... func_convert_file_noop
[  164s] checking for /usr/riscv64-suse-linux/bin/ld option to reload object files... -r
[  164s] checking for riscv64-suse-linux-gnu-objdump... no
[  164s] checking for objdump... objdump
[  164s] checking how to recognize dependent libraries... pass_all
[  164s] checking for riscv64-suse-linux-gnu-dlltool... no
[  164s] checking for dlltool... no
[  164s] checking how to associate runtime and link libraries... printf %s\n
[  164s] checking for riscv64-suse-linux-gnu-ar... no
[  164s] checking for ar... ar
[  165s] checking for archiver @FILE support... @
[  165s] checking for riscv64-suse-linux-gnu-strip... no
[  165s] checking for strip... strip
[  165s] checking for riscv64-suse-linux-gnu-ranlib... no
[  165s] checking for ranlib... ranlib
[  170s] checking command to parse /usr/bin/nm -B output from gcc object... ok
[  170s] checking for sysroot... no
[  170s] checking for a working dd... /usr/bin/dd
[  170s] checking how to truncate binary pipes... /usr/bin/dd bs=4096 count=1
[  170s] checking for riscv64-suse-linux-gnu-mt... no
[  170s] checking for mt... no
[  170s] checking if : is a manifest tool... no
[  177s] checking for ANSI C header files... yes
[  179s] checking for sys/types.h... yes
[  180s] checking for sys/stat.h... yes
[  181s] checking for stdlib.h... yes
[  183s] checking for string.h... yes
[  185s] checking for memory.h... yes
[  186s] checking for strings.h... yes
[  188s] checking for inttypes.h... yes
[  190s] checking for stdint.h... yes
[  192s] checking for unistd.h... yes
[  194s] checking for dlfcn.h... yes
[  194s] checking for objdir... .libs
[  200s] checking if gcc supports -fno-rtti -fno-exceptions... no
[  200s] checking for gcc option to produce PIC... -fPIC -DPIC
[  201s] checking if gcc PIC flag -fPIC -DPIC works... yes
[  202s] checking if gcc static flag -static works... no
[  204s] checking if gcc supports -c -o file.o... yes
[  204s] checking if gcc supports -c -o file.o... (cached) yes
[  204s] checking whether the gcc linker (/usr/riscv64-suse-linux/bin/ld) supports shared libraries... yes
[  207s] checking whether -lc should be explicitly linked in... no
[  212s] checking dynamic linker characteristics... GNU/Linux ld.so
[  212s] checking how to hardcode library paths into programs... immediate
[  212s] checking whether stripping libraries is possible... yes
[  212s] checking if libtool supports shared libraries... yes
[  212s] checking whether to build shared libraries... yes
[  212s] checking whether to build static libraries... yes
[  212s] checking for special C compiler options needed for large files... no
[  214s] checking for _FILE_OFFSET_BITS value needed for large files... no
[  214s] checking for po/Makevars requiring hack... no
[  214s] checking whether NLS is requested... yes
[  215s] checking for msgfmt... /usr/bin/msgfmt
[  215s] checking for gmsgfmt... /usr/bin/msgfmt
[  215s] checking for xgettext... /usr/bin/xgettext
[  215s] checking for msgmerge... /usr/bin/msgmerge
[  217s] checking for ld used by GCC... /usr/riscv64-suse-linux/bin/ld
[  217s] checking if the linker (/usr/riscv64-suse-linux/bin/ld) is GNU ld... yes
[  218s] checking for shared library run path origin... done
[  218s] checking whether NLS is requested... yes
[  223s] checking for GNU gettext in libc... yes
[  223s] checking whether to use NLS... yes
[  223s] checking where the gettext function comes from... libc
[  227s] checking for iconv... yes
[  229s] checking for iconv declaration... 
[  229s]          extern size_t iconv (iconv_t cd, char * *inbuf, size_t *inbytesleft, char * *outbuf, size_t *outbytesleft);
[  229s] checking for riscv64-suse-linux-gnu-pkg-config... /usr/bin/riscv64-suse-linux-gnu-pkg-config
[  229s] checking pkg-config is at least version 0.9.0... yes
[  230s] checking for LIBGPHOTO2... yes
[  234s] checking for strptime... yes
[  238s] checking for signal... yes
[  242s] checking for pause... yes
[  246s] checking for sleep... yes
[  246s] checking for ANSI C header files... (cached) yes
[  248s] checking fcntl.h usability... yes
[  248s] checking fcntl.h presence... yes
[  248s] checking for fcntl.h... yes
[  250s] checking process.h usability... no
[  251s] checking process.h presence... no
[  251s] checking for process.h... no
[  252s] checking signal.h usability... yes
[  252s] checking signal.h presence... yes
[  252s] checking for signal.h... yes
[  254s] checking sys/time.h usability... yes
[  255s] checking sys/time.h presence... yes
[  255s] checking for sys/time.h... yes
[  256s] checking sys/wait.h usability... yes
[  257s] checking sys/wait.h presence... yes
[  257s] checking for sys/wait.h... yes
[  261s] checking for spawnve... no
[  264s] checking for floor in -lm... yes
[  266s] checking pthread.h usability... yes
[  267s] checking pthread.h presence... yes
[  267s] checking for pthread.h... yes
[  270s] checking for pthread_exit in -lpthread... yes
[  272s] checking cdk/cdk.h usability... no
[  273s] checking cdk/cdk.h presence... no
[  273s] checking for cdk/cdk.h... no
[  275s] checking cdk.h usability... yes
[  276s] checking cdk.h presence... yes
[  276s] checking for cdk.h... yes
[  276s] checking for cdk5-config... /usr/bin/cdk5-config
[  280s] checking for newCDKFScale in -lcdk... yes
[  282s] checking whether SIGHUP is declared... yes
[  283s] checking whether SIGINT is declared... yes
[  285s] checking whether SIGUSR1 is declared... yes
[  286s] checking whether SIGUSR2 is declared... yes
[  288s] checking whether SIGTERM is declared... yes
[  289s] checking jpeglib.h usability... yes
[  290s] checking jpeglib.h presence... yes
[  290s] checking for jpeglib.h... yes
[  294s] checking for jpeg_read_scanlines in -ljpeg... yes
[  295s] checking for LIBEXIF... yes
[  297s] checking aalib.h usability... no
[  297s] checking aalib.h presence... no
[  297s] checking for aalib.h... no
[  298s] checking for POPT... yes
[  300s] checking readline/readline.h usability... yes
[  301s] checking readline/readline.h presence... yes
[  301s] checking for readline/readline.h... yes
[  306s] checking for rl_completion_append_character in -lreadline... yes
[  310s] checking for rl_completion_matches in -lreadline... yes
[  314s] checking for rl_copy_text in -lreadline... yes
[  315s] checking that generated files are newer than configure... done
[  315s] configure: creating ./config.status
[  335s] config.status: creating po/Makefile.in
[  336s] config.status: WARNING:  'po/Makefile.in.in' seems to ignore the --datarootdir setting
[  336s] config.status: creating Makefile
[  337s] config.status: creating gphoto2/Makefile
[  338s] config.status: creating gphoto-m4/Makefile
[  339s] config.status: creating doc/Makefile
[  340s] config.status: creating contrib/Makefile
[  340s] config.status: creating packaging/Makefile
[  341s] config.status: creating packaging/rpm/Makefile
[  342s] config.status: creating packaging/rpm/package.spec
[  343s] config.status: creating tests/data/Makefile
[  344s] config.status: creating tests/staging/subdir1/Makefile
[  345s] config.status: creating tests/staging/subdir2/Makefile
[  346s] config.status: creating tests/staging/Makefile
[  347s] config.status: creating tests/Makefile
[  348s] config.status: creating config.h
[  349s] config.status: executing depfiles commands
[  349s] config.status: executing libtool commands
[  349s] config.status: executing default-1 commands
[  350s] config.status: creating po/POTFILES
[  350s] config.status: creating po/Makefile
[  351s] configure: WARNING: unrecognized options: --with-doc-dir
[  351s] 
[  351s] Configuration (gphoto2 2.5.28):
[  351s] 
[  351s]   Build
[  351s]     Source code location:          .
[  351s]     Compiler:                      gcc
[  351s] 
[  351s]   Features
[  351s]     Use translations:              yes
[  351s]     pthread support:               yes (-lpthread)
[  351s]     Interactive config support:    yes
[  351s]     JPEG support:                  yes
[  351s]     Text preview support:          no (http://www.sourceforge.net/projects/aa-project)
[  351s]     Readline support:              yes (doesn't require explicit -lncurses)
[  351s] 
[  351s] You may run "make" and "make install" now.
[  353s] + make
[  353s] make  all-recursive
[  353s] make[1]: Entering directory '/home/abuild/rpmbuild/BUILD/gphoto2-2.5.28'
[  354s] Making all in gphoto-m4
[  354s] make[2]: Entering directory '/home/abuild/rpmbuild/BUILD/gphoto2-2.5.28/gphoto-m4'
[  354s] make[2]: Nothing to be done for 'all'.
[  354s] make[2]: Leaving directory '/home/abuild/rpmbuild/BUILD/gphoto2-2.5.28/gphoto-m4'
[  354s] Making all in contrib
[  354s] make[2]: Entering directory '/home/abuild/rpmbuild/BUILD/gphoto2-2.5.28/contrib'
[  354s] make[2]: Nothing to be done for 'all'.
[  354s] make[2]: Leaving directory '/home/abuild/rpmbuild/BUILD/gphoto2-2.5.28/contrib'
[  354s] Making all in doc
[  354s] make[2]: Entering directory '/home/abuild/rpmbuild/BUILD/gphoto2-2.5.28/doc'
[  354s] make[2]: Nothing to be done for 'all'.
[  354s] make[2]: Leaving directory '/home/abuild/rpmbuild/BUILD/gphoto2-2.5.28/doc'
[  354s] Making all in gphoto2
[  354s] make[2]: Entering directory '/home/abuild/rpmbuild/BUILD/gphoto2-2.5.28/gphoto2'
[  354s] gcc -DHAVE_CONFIG_H -I. -I..  -DLOCALEDIR=\"/usr/share/locale\" -D_GPHOTO2_INTERNAL_CODE  -I.. -I../gphoto2 -I/usr/include/gphoto2  -DLOCALEDIR=\"/usr/share/locale\" -D_GPHOTO2_INTERNAL_CODE  -I/usr/include/cdk     -O2 -Wall -U_FORTIFY_SOURCE -D_FORTIFY_SOURCE=3 -fstack-protector-strong -funwind-tables -fasynchronous-unwind-tables -fstack-clash-protection -Werror=return-type -flto=auto -g -fPIE -Wall -Wmissing-declarations -Wmissing-prototypes -g -c -o gphoto2-gphoto2-cmd-config.o `test -f 'gphoto2-cmd-config.c' || echo './'`gphoto2-cmd-config.c
[  360s] gcc -DHAVE_CONFIG_H -I. -I..  -DLOCALEDIR=\"/usr/share/locale\" -D_GPHOTO2_INTERNAL_CODE  -I.. -I../gphoto2 -I/usr/include/gphoto2  -DLOCALEDIR=\"/usr/share/locale\" -D_GPHOTO2_INTERNAL_CODE  -I/usr/include/cdk     -O2 -Wall -U_FORTIFY_SOURCE -D_FORTIFY_SOURCE=3 -fstack-protector-strong -funwind-tables -fasynchronous-unwind-tables -fstack-clash-protection -Werror=return-type -flto=auto -g -fPIE -Wall -Wmissing-declarations -Wmissing-prototypes -g -c -o gphoto2-actions.o `test -f 'actions.c' || echo './'`actions.c
[  368s] gcc -DHAVE_CONFIG_H -I. -I..  -DLOCALEDIR=\"/usr/share/locale\" -D_GPHOTO2_INTERNAL_CODE  -I.. -I../gphoto2 -I/usr/include/gphoto2  -DLOCALEDIR=\"/usr/share/locale\" -D_GPHOTO2_INTERNAL_CODE  -I/usr/include/cdk     -O2 -Wall -U_FORTIFY_SOURCE -D_FORTIFY_SOURCE=3 -fstack-protector-strong -funwind-tables -fasynchronous-unwind-tables -fstack-clash-protection -Werror=return-type -flto=auto -g -fPIE -Wall -Wmissing-declarations -Wmissing-prototypes -g -c -o gphoto2-foreach.o `test -f 'foreach.c' || echo './'`foreach.c
[  371s] gcc -DHAVE_CONFIG_H -I. -I..  -DLOCALEDIR=\"/usr/share/locale\" -D_GPHOTO2_INTERNAL_CODE  -I.. -I../gphoto2 -I/usr/include/gphoto2  -DLOCALEDIR=\"/usr/share/locale\" -D_GPHOTO2_INTERNAL_CODE  -I/usr/include/cdk     -O2 -Wall -U_FORTIFY_SOURCE -D_FORTIFY_SOURCE=3 -fstack-protector-strong -funwind-tables -fasynchronous-unwind-tables -fstack-clash-protection -Werror=return-type -flto=auto -g -fPIE -Wall -Wmissing-declarations -Wmissing-prototypes -g -c -o gphoto2-gp-params.o `test -f 'gp-params.c' || echo './'`gp-params.c
[  374s] gcc -DHAVE_CONFIG_H -I. -I..  -DLOCALEDIR=\"/usr/share/locale\" -D_GPHOTO2_INTERNAL_CODE  -I.. -I../gphoto2 -I/usr/include/gphoto2  -DLOCALEDIR=\"/usr/share/locale\" -D_GPHOTO2_INTERNAL_CODE  -I/usr/include/cdk     -O2 -Wall -U_FORTIFY_SOURCE -D_FORTIFY_SOURCE=3 -fstack-protector-strong -funwind-tables -fasynchronous-unwind-tables -fstack-clash-protection -Werror=return-type -flto=auto -g -fPIE -Wall -Wmissing-declarations -Wmissing-prototypes -g -c -o gphoto2-spawnve.o `test -f 'spawnve.c' || echo './'`spawnve.c
[  377s] gcc -DHAVE_CONFIG_H -I. -I..  -DLOCALEDIR=\"/usr/share/locale\" -D_GPHOTO2_INTERNAL_CODE  -I.. -I../gphoto2 -I/usr/include/gphoto2  -DLOCALEDIR=\"/usr/share/locale\" -D_GPHOTO2_INTERNAL_CODE  -I/usr/include/cdk     -O2 -Wall -U_FORTIFY_SOURCE -D_FORTIFY_SOURCE=3 -fstack-protector-strong -funwind-tables -fasynchronous-unwind-tables -fstack-clash-protection -Werror=return-type -flto=auto -g -fPIE -Wall -Wmissing-declarations -Wmissing-prototypes -g -c -o gphoto2-main.o `test -f 'main.c' || echo './'`main.c
[  387s] gcc -DHAVE_CONFIG_H -I. -I..  -DLOCALEDIR=\"/usr/share/locale\" -D_GPHOTO2_INTERNAL_CODE  -I.. -I../gphoto2 -I/usr/include/gphoto2  -DLOCALEDIR=\"/usr/share/locale\" -D_GPHOTO2_INTERNAL_CODE  -I/usr/include/cdk     -O2 -Wall -U_FORTIFY_SOURCE -D_FORTIFY_SOURCE=3 -fstack-protector-strong -funwind-tables -fasynchronous-unwind-tables -fstack-clash-protection -Werror=return-type -flto=auto -g -fPIE -Wall -Wmissing-declarations -Wmissing-prototypes -g -c -o gphoto2-version.o `test -f 'version.c' || echo './'`version.c
[  389s] gcc -DHAVE_CONFIG_H -I. -I..  -DLOCALEDIR=\"/usr/share/locale\" -D_GPHOTO2_INTERNAL_CODE  -I.. -I../gphoto2 -I/usr/include/gphoto2  -DLOCALEDIR=\"/usr/share/locale\" -D_GPHOTO2_INTERNAL_CODE  -I/usr/include/cdk     -O2 -Wall -U_FORTIFY_SOURCE -D_FORTIFY_SOURCE=3 -fstack-protector-strong -funwind-tables -fasynchronous-unwind-tables -fstack-clash-protection -Werror=return-type -flto=auto -g -fPIE -Wall -Wmissing-declarations -Wmissing-prototypes -g -c -o gphoto2-range.o `test -f 'range.c' || echo './'`range.c
[  392s] gcc -DHAVE_CONFIG_H -I. -I..  -DLOCALEDIR=\"/usr/share/locale\" -D_GPHOTO2_INTERNAL_CODE  -I.. -I../gphoto2 -I/usr/include/gphoto2  -DLOCALEDIR=\"/usr/share/locale\" -D_GPHOTO2_INTERNAL_CODE  -I/usr/include/cdk     -O2 -Wall -U_FORTIFY_SOURCE -D_FORTIFY_SOURCE=3 -fstack-protector-strong -funwind-tables -fasynchronous-unwind-tables -fstack-clash-protection -Werror=return-type -flto=auto -g -fPIE -Wall -Wmissing-declarations -Wmissing-prototypes -g -c -o gphoto2-shell.o `test -f 'shell.c' || echo './'`shell.c
[  397s] /usr/bin/bash ../libtool  --tag=CC   --mode=link gcc -I.. -I../gphoto2 -I/usr/include/gphoto2  -DLOCALEDIR=\"/usr/share/locale\" -D_GPHOTO2_INTERNAL_CODE  -I/usr/include/cdk     -O2 -Wall -U_FORTIFY_SOURCE -D_FORTIFY_SOURCE=3 -fstack-protector-strong -funwind-tables -fasynchronous-unwind-tables -fstack-clash-protection -Werror=return-type -flto=auto -g -fPIE -Wall -Wmissing-declarations -Wmissing-prototypes -g  -pie -g -o gphoto2  gphoto2-gphoto2-cmd-config.o gphoto2-actions.o gphoto2-foreach.o gphoto2-gp-params.o gphoto2-spawnve.o gphoto2-main.o gphoto2-version.o gphoto2-range.o gphoto2-shell.o -lgphoto2 -lgphoto2_port -lm  -L/usr/lib64 -lcdk -lpthread -lncurses -Wl,--push-state,--as-needed -ltinfo -Wl,--pop-state  -ljpeg -lpthread -lexif   -lreadline -lpopt  -lm 
[  403s] libtool: link: gcc -I.. -I../gphoto2 -I/usr/include/gphoto2 -DLOCALEDIR=\"/usr/share/locale\" -D_GPHOTO2_INTERNAL_CODE -I/usr/include/cdk -O2 -Wall -U_FORTIFY_SOURCE -D_FORTIFY_SOURCE=3 -fstack-protector-strong -funwind-tables -fasynchronous-unwind-tables -fstack-clash-protection -Werror=return-type -flto=auto -g -fPIE -Wall -Wmissing-declarations -Wmissing-prototypes -g -pie -g -o gphoto2 gphoto2-gphoto2-cmd-config.o gphoto2-actions.o gphoto2-foreach.o gphoto2-gp-params.o gphoto2-spawnve.o gphoto2-main.o gphoto2-version.o gphoto2-range.o gphoto2-shell.o -Wl,--push-state -Wl,--as-needed -Wl,--pop-state  -lgphoto2 -lgphoto2_port -L/usr/lib64 -lcdk -lncurses -ltinfo -ljpeg -lpthread -lexif -lreadline -lpopt -lm
[  474s] make[2]: Leaving directory '/home/abuild/rpmbuild/BUILD/gphoto2-2.5.28/gphoto2'
[  474s] Making all in packaging
[  474s] make[2]: Entering directory '/home/abuild/rpmbuild/BUILD/gphoto2-2.5.28/packaging'
[  475s] Making all in rpm
[  475s] make[3]: Entering directory '/home/abuild/rpmbuild/BUILD/gphoto2-2.5.28/packaging/rpm'
[  475s] make[3]: Nothing to be done for 'all'.
[  475s] make[3]: Leaving directory '/home/abuild/rpmbuild/BUILD/gphoto2-2.5.28/packaging/rpm'
[  475s] make[3]: Entering directory '/home/abuild/rpmbuild/BUILD/gphoto2-2.5.28/packaging'
[  475s] make[3]: Nothing to be done for 'all-am'.
[  475s] make[3]: Leaving directory '/home/abuild/rpmbuild/BUILD/gphoto2-2.5.28/packaging'
[  475s] make[2]: Leaving directory '/home/abuild/rpmbuild/BUILD/gphoto2-2.5.28/packaging'
[  475s] Making all in po
[  475s] make[2]: Entering directory '/home/abuild/rpmbuild/BUILD/gphoto2-2.5.28/po'
[  475s] make[2]: Nothing to be done for 'all'.
[  475s] make[2]: Leaving directory '/home/abuild/rpmbuild/BUILD/gphoto2-2.5.28/po'
[  475s] Making all in tests
[  475s] make[2]: Entering directory '/home/abuild/rpmbuild/BUILD/gphoto2-2.5.28/tests'
[  476s] Making all in data
[  476s] make[3]: Entering directory '/home/abuild/rpmbuild/BUILD/gphoto2-2.5.28/tests/data'
[  476s] make[3]: Nothing to be done for 'all'.
[  476s] make[3]: Leaving directory '/home/abuild/rpmbuild/BUILD/gphoto2-2.5.28/tests/data'
[  476s] Making all in staging
[  476s] make[3]: Entering directory '/home/abuild/rpmbuild/BUILD/gphoto2-2.5.28/tests/staging'
[  476s] Making all in subdir1
[  476s] make[4]: Entering directory '/home/abuild/rpmbuild/BUILD/gphoto2-2.5.28/tests/staging/subdir1'
[  476s] make[4]: Nothing to be done for 'all'.
[  476s] make[4]: Leaving directory '/home/abuild/rpmbuild/BUILD/gphoto2-2.5.28/tests/staging/subdir1'
[  476s] Making all in subdir2
[  476s] make[4]: Entering directory '/home/abuild/rpmbuild/BUILD/gphoto2-2.5.28/tests/staging/subdir2'
[  476s] make[4]: Nothing to be done for 'all'.
[  476s] make[4]: Leaving directory '/home/abuild/rpmbuild/BUILD/gphoto2-2.5.28/tests/staging/subdir2'
[  477s] make[4]: Entering directory '/home/abuild/rpmbuild/BUILD/gphoto2-2.5.28/tests/staging'
[  477s] make[4]: Nothing to be done for 'all-am'.
[  477s] make[4]: Leaving directory '/home/abuild/rpmbuild/BUILD/gphoto2-2.5.28/tests/staging'
[  477s] make[3]: Leaving directory '/home/abuild/rpmbuild/BUILD/gphoto2-2.5.28/tests/staging'
[  477s] make[3]: Entering directory '/home/abuild/rpmbuild/BUILD/gphoto2-2.5.28/tests'
[  477s] make[3]: Nothing to be done for 'all-am'.
[  477s] make[3]: Leaving directory '/home/abuild/rpmbuild/BUILD/gphoto2-2.5.28/tests'
[  477s] make[2]: Leaving directory '/home/abuild/rpmbuild/BUILD/gphoto2-2.5.28/tests'
[  477s] make[2]: Entering directory '/home/abuild/rpmbuild/BUILD/gphoto2-2.5.28'
[  477s] make[2]: Leaving directory '/home/abuild/rpmbuild/BUILD/gphoto2-2.5.28'
[  477s] make[1]: Leaving directory '/home/abuild/rpmbuild/BUILD/gphoto2-2.5.28'
[  477s] + RPM_EC=0
[  477s] ++ jobs -p
[  477s] + exit 0
[  477s] Executing(%install): /usr/bin/bash -e /var/tmp/rpm-tmp.S1gj5t
[  477s] + umask 022
[  477s] + cd /home/abuild/rpmbuild/BUILD
[  477s] + /usr/bin/rm -rf /home/abuild/rpmbuild/BUILDROOT/gphoto-2.5.28-2.1.riscv64
[  478s] + /usr/bin/mkdir -p /home/abuild/rpmbuild/BUILDROOT
[  478s] + /usr/bin/mkdir /home/abuild/rpmbuild/BUILDROOT/gphoto-2.5.28-2.1.riscv64
[  478s] + cd gphoto2-2.5.28
[  478s] + make DESTDIR=/home/abuild/rpmbuild/BUILDROOT/gphoto-2.5.28-2.1.riscv64 mandir=/usr/share/man install
[  478s] Making install in gphoto-m4
[  478s] make[1]: Entering directory '/home/abuild/rpmbuild/BUILD/gphoto2-2.5.28/gphoto-m4'
[  478s] make[2]: Entering directory '/home/abuild/rpmbuild/BUILD/gphoto2-2.5.28/gphoto-m4'
[  478s] make[2]: Nothing to be done for 'install-exec-am'.
[  478s] make[2]: Nothing to be done for 'install-data-am'.
[  478s] make[2]: Leaving directory '/home/abuild/rpmbuild/BUILD/gphoto2-2.5.28/gphoto-m4'
[  478s] make[1]: Leaving directory '/home/abuild/rpmbuild/BUILD/gphoto2-2.5.28/gphoto-m4'
[  478s] Making install in contrib
[  478s] make[1]: Entering directory '/home/abuild/rpmbuild/BUILD/gphoto2-2.5.28/contrib'
[  479s] make[2]: Entering directory '/home/abuild/rpmbuild/BUILD/gphoto2-2.5.28/contrib'
[  479s] make[2]: Nothing to be done for 'install-exec-am'.
[  479s] make[2]: Nothing to be done for 'install-data-am'.
[  479s] make[2]: Leaving directory '/home/abuild/rpmbuild/BUILD/gphoto2-2.5.28/contrib'
[  479s] make[1]: Leaving directory '/home/abuild/rpmbuild/BUILD/gphoto2-2.5.28/contrib'
[  479s] Making install in doc
[  479s] make[1]: Entering directory '/home/abuild/rpmbuild/BUILD/gphoto2-2.5.28/doc'
[  479s] make[2]: Entering directory '/home/abuild/rpmbuild/BUILD/gphoto2-2.5.28/doc'
[  479s] make[2]: Nothing to be done for 'install-exec-am'.
[  479s]  /usr/bin/mkdir -p '/home/abuild/rpmbuild/BUILDROOT/gphoto-2.5.28-2.1.riscv64/usr/share/man/man1'
[  480s]  /usr/bin/install -c -m 644 gphoto2.1 '/home/abuild/rpmbuild/BUILDROOT/gphoto-2.5.28-2.1.riscv64/usr/share/man/man1'
[  480s] make[2]: Leaving directory '/home/abuild/rpmbuild/BUILD/gphoto2-2.5.28/doc'
[  480s] make[1]: Leaving directory '/home/abuild/rpmbuild/BUILD/gphoto2-2.5.28/doc'
[  480s] Making install in gphoto2
[  480s] make[1]: Entering directory '/home/abuild/rpmbuild/BUILD/gphoto2-2.5.28/gphoto2'
[  480s] make[2]: Entering directory '/home/abuild/rpmbuild/BUILD/gphoto2-2.5.28/gphoto2'
[  480s]  /usr/bin/mkdir -p '/home/abuild/rpmbuild/BUILDROOT/gphoto-2.5.28-2.1.riscv64/usr/bin'
[  481s]   /usr/bin/bash ../libtool   --mode=install /usr/bin/install -c gphoto2 '/home/abuild/rpmbuild/BUILDROOT/gphoto-2.5.28-2.1.riscv64/usr/bin'
[  482s] libtool: install: /usr/bin/install -c gphoto2 /home/abuild/rpmbuild/BUILDROOT/gphoto-2.5.28-2.1.riscv64/usr/bin/gphoto2
[  482s]  /usr/bin/mkdir -p '/home/abuild/rpmbuild/BUILDROOT/gphoto-2.5.28-2.1.riscv64/usr/share/doc/gphoto2'
[  482s]  /usr/bin/install -c -m 644 test-hook.sh '/home/abuild/rpmbuild/BUILDROOT/gphoto-2.5.28-2.1.riscv64/usr/share/doc/gphoto2'
[  482s] make[2]: Leaving directory '/home/abuild/rpmbuild/BUILD/gphoto2-2.5.28/gphoto2'
[  482s] make[1]: Leaving directory '/home/abuild/rpmbuild/BUILD/gphoto2-2.5.28/gphoto2'
[  482s] Making install in packaging
[  482s] make[1]: Entering directory '/home/abuild/rpmbuild/BUILD/gphoto2-2.5.28/packaging'
[  483s] Making install in rpm
[  483s] make[2]: Entering directory '/home/abuild/rpmbuild/BUILD/gphoto2-2.5.28/packaging/rpm'
[  483s] make[3]: Entering directory '/home/abuild/rpmbuild/BUILD/gphoto2-2.5.28/packaging/rpm'
[  483s] make[3]: Nothing to be done for 'install-exec-am'.
[  483s] make[3]: Nothing to be done for 'install-data-am'.
[  483s] make[3]: Leaving directory '/home/abuild/rpmbuild/BUILD/gphoto2-2.5.28/packaging/rpm'
[  483s] make[2]: Leaving directory '/home/abuild/rpmbuild/BUILD/gphoto2-2.5.28/packaging/rpm'
[  483s] make[2]: Entering directory '/home/abuild/rpmbuild/BUILD/gphoto2-2.5.28/packaging'
[  483s] make[3]: Entering directory '/home/abuild/rpmbuild/BUILD/gphoto2-2.5.28/packaging'
[  483s] make[3]: Nothing to be done for 'install-exec-am'.
[  483s] make[3]: Nothing to be done for 'install-data-am'.
[  483s] make[3]: Leaving directory '/home/abuild/rpmbuild/BUILD/gphoto2-2.5.28/packaging'
[  483s] make[2]: Leaving directory '/home/abuild/rpmbuild/BUILD/gphoto2-2.5.28/packaging'
[  483s] make[1]: Leaving directory '/home/abuild/rpmbuild/BUILD/gphoto2-2.5.28/packaging'
[  483s] Making install in po
[  483s] make[1]: Entering directory '/home/abuild/rpmbuild/BUILD/gphoto2-2.5.28/po'
[  483s] /bin/sh ../auto-aux/mkinstalldirs /home/abuild/rpmbuild/BUILDROOT/gphoto-2.5.28-2.1.riscv64/usr/share
[  484s] mkdir -p -- /home/abuild/rpmbuild/BUILDROOT/gphoto-2.5.28-2.1.riscv64/usr/share/locale/az/LC_MESSAGES
[  484s] installing az.gmo as /home/abuild/rpmbuild/BUILDROOT/gphoto-2.5.28-2.1.riscv64/usr/share/locale/az/LC_MESSAGES/gphoto2.mo
[  485s] mkdir -p -- /home/abuild/rpmbuild/BUILDROOT/gphoto-2.5.28-2.1.riscv64/usr/share/locale/cs/LC_MESSAGES
[  485s] installing cs.gmo as /home/abuild/rpmbuild/BUILDROOT/gphoto-2.5.28-2.1.riscv64/usr/share/locale/cs/LC_MESSAGES/gphoto2.mo
[  485s] mkdir -p -- /home/abuild/rpmbuild/BUILDROOT/gphoto-2.5.28-2.1.riscv64/usr/share/locale/da/LC_MESSAGES
[  485s] installing da.gmo as /home/abuild/rpmbuild/BUILDROOT/gphoto-2.5.28-2.1.riscv64/usr/share/locale/da/LC_MESSAGES/gphoto2.mo
[  486s] mkdir -p -- /home/abuild/rpmbuild/BUILDROOT/gphoto-2.5.28-2.1.riscv64/usr/share/locale/de/LC_MESSAGES
[  486s] installing de.gmo as /home/abuild/rpmbuild/BUILDROOT/gphoto-2.5.28-2.1.riscv64/usr/share/locale/de/LC_MESSAGES/gphoto2.mo
[  486s] mkdir -p -- /home/abuild/rpmbuild/BUILDROOT/gphoto-2.5.28-2.1.riscv64/usr/share/locale/en_GB/LC_MESSAGES
[  486s] installing en_GB.gmo as /home/abuild/rpmbuild/BUILDROOT/gphoto-2.5.28-2.1.riscv64/usr/share/locale/en_GB/LC_MESSAGES/gphoto2.mo
[  487s] mkdir -p -- /home/abuild/rpmbuild/BUILDROOT/gphoto-2.5.28-2.1.riscv64/usr/share/locale/es/LC_MESSAGES
[  487s] installing es.gmo as /home/abuild/rpmbuild/BUILDROOT/gphoto-2.5.28-2.1.riscv64/usr/share/locale/es/LC_MESSAGES/gphoto2.mo
[  487s] mkdir -p -- /home/abuild/rpmbuild/BUILDROOT/gphoto-2.5.28-2.1.riscv64/usr/share/locale/eu/LC_MESSAGES
[  487s] installing eu.gmo as /home/abuild/rpmbuild/BUILDROOT/gphoto-2.5.28-2.1.riscv64/usr/share/locale/eu/LC_MESSAGES/gphoto2.mo
[  488s] mkdir -p -- /home/abuild/rpmbuild/BUILDROOT/gphoto-2.5.28-2.1.riscv64/usr/share/locale/fi/LC_MESSAGES
[  488s] installing fi.gmo as /home/abuild/rpmbuild/BUILDROOT/gphoto-2.5.28-2.1.riscv64/usr/share/locale/fi/LC_MESSAGES/gphoto2.mo
[  488s] mkdir -p -- /home/abuild/rpmbuild/BUILDROOT/gphoto-2.5.28-2.1.riscv64/usr/share/locale/fr/LC_MESSAGES
[  488s] installing fr.gmo as /home/abuild/rpmbuild/BUILDROOT/gphoto-2.5.28-2.1.riscv64/usr/share/locale/fr/LC_MESSAGES/gphoto2.mo
[  489s] mkdir -p -- /home/abuild/rpmbuild/BUILDROOT/gphoto-2.5.28-2.1.riscv64/usr/share/locale/hu/LC_MESSAGES
[  489s] installing hu.gmo as /home/abuild/rpmbuild/BUILDROOT/gphoto-2.5.28-2.1.riscv64/usr/share/locale/hu/LC_MESSAGES/gphoto2.mo
[  489s] mkdir -p -- /home/abuild/rpmbuild/BUILDROOT/gphoto-2.5.28-2.1.riscv64/usr/share/locale/id/LC_MESSAGES
[  490s] installing id.gmo as /home/abuild/rpmbuild/BUILDROOT/gphoto-2.5.28-2.1.riscv64/usr/share/locale/id/LC_MESSAGES/gphoto2.mo
[  490s] mkdir -p -- /home/abuild/rpmbuild/BUILDROOT/gphoto-2.5.28-2.1.riscv64/usr/share/locale/is/LC_MESSAGES
[  490s] installing is.gmo as /home/abuild/rpmbuild/BUILDROOT/gphoto-2.5.28-2.1.riscv64/usr/share/locale/is/LC_MESSAGES/gphoto2.mo
[  491s] mkdir -p -- /home/abuild/rpmbuild/BUILDROOT/gphoto-2.5.28-2.1.riscv64/usr/share/locale/it/LC_MESSAGES
[  491s] installing it.gmo as /home/abuild/rpmbuild/BUILDROOT/gphoto-2.5.28-2.1.riscv64/usr/share/locale/it/LC_MESSAGES/gphoto2.mo
[  491s] mkdir -p -- /home/abuild/rpmbuild/BUILDROOT/gphoto-2.5.28-2.1.riscv64/usr/share/locale/ja/LC_MESSAGES
[  491s] installing ja.gmo as /home/abuild/rpmbuild/BUILDROOT/gphoto-2.5.28-2.1.riscv64/usr/share/locale/ja/LC_MESSAGES/gphoto2.mo
[  492s] mkdir -p -- /home/abuild/rpmbuild/BUILDROOT/gphoto-2.5.28-2.1.riscv64/usr/share/locale/nl/LC_MESSAGES
[  492s] installing nl.gmo as /home/abuild/rpmbuild/BUILDROOT/gphoto-2.5.28-2.1.riscv64/usr/share/locale/nl/LC_MESSAGES/gphoto2.mo
[  492s] mkdir -p -- /home/abuild/rpmbuild/BUILDROOT/gphoto-2.5.28-2.1.riscv64/usr/share/locale/pa/LC_MESSAGES
[  493s] installing pa.gmo as /home/abuild/rpmbuild/BUILDROOT/gphoto-2.5.28-2.1.riscv64/usr/share/locale/pa/LC_MESSAGES/gphoto2.mo
[  493s] mkdir -p -- /home/abuild/rpmbuild/BUILDROOT/gphoto-2.5.28-2.1.riscv64/usr/share/locale/pl/LC_MESSAGES
[  493s] installing pl.gmo as /home/abuild/rpmbuild/BUILDROOT/gphoto-2.5.28-2.1.riscv64/usr/share/locale/pl/LC_MESSAGES/gphoto2.mo
[  494s] mkdir -p -- /home/abuild/rpmbuild/BUILDROOT/gphoto-2.5.28-2.1.riscv64/usr/share/locale/pt_BR/LC_MESSAGES
[  494s] installing pt_BR.gmo as /home/abuild/rpmbuild/BUILDROOT/gphoto-2.5.28-2.1.riscv64/usr/share/locale/pt_BR/LC_MESSAGES/gphoto2.mo
[  494s] mkdir -p -- /home/abuild/rpmbuild/BUILDROOT/gphoto-2.5.28-2.1.riscv64/usr/share/locale/ro/LC_MESSAGES
[  494s] installing ro.gmo as /home/abuild/rpmbuild/BUILDROOT/gphoto-2.5.28-2.1.riscv64/usr/share/locale/ro/LC_MESSAGES/gphoto2.mo
[  495s] mkdir -p -- /home/abuild/rpmbuild/BUILDROOT/gphoto-2.5.28-2.1.riscv64/usr/share/locale/ru/LC_MESSAGES
[  495s] installing ru.gmo as /home/abuild/rpmbuild/BUILDROOT/gphoto-2.5.28-2.1.riscv64/usr/share/locale/ru/LC_MESSAGES/gphoto2.mo
[  496s] mkdir -p -- /home/abuild/rpmbuild/BUILDROOT/gphoto-2.5.28-2.1.riscv64/usr/share/locale/rw/LC_MESSAGES
[  496s] installing rw.gmo as /home/abuild/rpmbuild/BUILDROOT/gphoto-2.5.28-2.1.riscv64/usr/share/locale/rw/LC_MESSAGES/gphoto2.mo
[  496s] mkdir -p -- /home/abuild/rpmbuild/BUILDROOT/gphoto-2.5.28-2.1.riscv64/usr/share/locale/sk/LC_MESSAGES
[  496s] installing sk.gmo as /home/abuild/rpmbuild/BUILDROOT/gphoto-2.5.28-2.1.riscv64/usr/share/locale/sk/LC_MESSAGES/gphoto2.mo
[  497s] mkdir -p -- /home/abuild/rpmbuild/BUILDROOT/gphoto-2.5.28-2.1.riscv64/usr/share/locale/sr/LC_MESSAGES
[  497s] installing sr.gmo as /home/abuild/rpmbuild/BUILDROOT/gphoto-2.5.28-2.1.riscv64/usr/share/locale/sr/LC_MESSAGES/gphoto2.mo
[  497s] mkdir -p -- /home/abuild/rpmbuild/BUILDROOT/gphoto-2.5.28-2.1.riscv64/usr/share/locale/sv/LC_MESSAGES
[  498s] installing sv.gmo as /home/abuild/rpmbuild/BUILDROOT/gphoto-2.5.28-2.1.riscv64/usr/share/locale/sv/LC_MESSAGES/gphoto2.mo
[  498s] mkdir -p -- /home/abuild/rpmbuild/BUILDROOT/gphoto-2.5.28-2.1.riscv64/usr/share/locale/uk/LC_MESSAGES
[  498s] installing uk.gmo as /home/abuild/rpmbuild/BUILDROOT/gphoto-2.5.28-2.1.riscv64/usr/share/locale/uk/LC_MESSAGES/gphoto2.mo
[  499s] mkdir -p -- /home/abuild/rpmbuild/BUILDROOT/gphoto-2.5.28-2.1.riscv64/usr/share/locale/vi/LC_MESSAGES
[  499s] installing vi.gmo as /home/abuild/rpmbuild/BUILDROOT/gphoto-2.5.28-2.1.riscv64/usr/share/locale/vi/LC_MESSAGES/gphoto2.mo
[  499s] mkdir -p -- /home/abuild/rpmbuild/BUILDROOT/gphoto-2.5.28-2.1.riscv64/usr/share/locale/zh_CN/LC_MESSAGES
[  499s] installing zh_CN.gmo as /home/abuild/rpmbuild/BUILDROOT/gphoto-2.5.28-2.1.riscv64/usr/share/locale/zh_CN/LC_MESSAGES/gphoto2.mo
[  500s] mkdir -p -- /home/abuild/rpmbuild/BUILDROOT/gphoto-2.5.28-2.1.riscv64/usr/share/locale/zh_TW/LC_MESSAGES
[  500s] installing zh_TW.gmo as /home/abuild/rpmbuild/BUILDROOT/gphoto-2.5.28-2.1.riscv64/usr/share/locale/zh_TW/LC_MESSAGES/gphoto2.mo
[  500s] if test "gphoto2" = "gettext-tools"; then \
[  500s]   /bin/sh ../auto-aux/mkinstalldirs /home/abuild/rpmbuild/BUILDROOT/gphoto-2.5.28-2.1.riscv64/usr/share/gettext/po; \
[  500s]   for file in Makefile.in.in remove-potcdate.sin quot.sed boldquot.sed en@quot.header en@boldquot.header insert-header.sin Rules-quot   Makevars.template; do \
[  500s]     /usr/bin/install -c -m 644 ./$file \
[  500s] 		    /home/abuild/rpmbuild/BUILDROOT/gphoto-2.5.28-2.1.riscv64/usr/share/gettext/po/$file; \
[  500s]   done; \
[  500s]   for file in Makevars; do \
[  500s]     rm -f /home/abuild/rpmbuild/BUILDROOT/gphoto-2.5.28-2.1.riscv64/usr/share/gettext/po/$file; \
[  500s]   done; \
[  500s] else \
[  500s]   : ; \
[  500s] fi
[  500s] make[1]: Leaving directory '/home/abuild/rpmbuild/BUILD/gphoto2-2.5.28/po'
[  500s] Making install in tests
[  500s] make[1]: Entering directory '/home/abuild/rpmbuild/BUILD/gphoto2-2.5.28/tests'
[  501s] Making install in data
[  501s] make[2]: Entering directory '/home/abuild/rpmbuild/BUILD/gphoto2-2.5.28/tests/data'
[  501s] make[3]: Entering directory '/home/abuild/rpmbuild/BUILD/gphoto2-2.5.28/tests/data'
[  501s] make[3]: Nothing to be done for 'install-exec-am'.
[  501s] make[3]: Nothing to be done for 'install-data-am'.
[  501s] make[3]: Leaving directory '/home/abuild/rpmbuild/BUILD/gphoto2-2.5.28/tests/data'
[  501s] make[2]: Leaving directory '/home/abuild/rpmbuild/BUILD/gphoto2-2.5.28/tests/data'
[  501s] Making install in staging
[  501s] make[2]: Entering directory '/home/abuild/rpmbuild/BUILD/gphoto2-2.5.28/tests/staging'
[  501s] Making install in subdir1
[  501s] make[3]: Entering directory '/home/abuild/rpmbuild/BUILD/gphoto2-2.5.28/tests/staging/subdir1'
[  502s] make[4]: Entering directory '/home/abuild/rpmbuild/BUILD/gphoto2-2.5.28/tests/staging/subdir1'
[  502s] make[4]: Nothing to be done for 'install-exec-am'.
[  502s] make[4]: Nothing to be done for 'install-data-am'.
[  502s] make[4]: Leaving directory '/home/abuild/rpmbuild/BUILD/gphoto2-2.5.28/tests/staging/subdir1'
[  502s] make[3]: Leaving directory '/home/abuild/rpmbuild/BUILD/gphoto2-2.5.28/tests/staging/subdir1'
[  502s] Making install in subdir2
[  502s] make[3]: Entering directory '/home/abuild/rpmbuild/BUILD/gphoto2-2.5.28/tests/staging/subdir2'
[  502s] make[4]: Entering directory '/home/abuild/rpmbuild/BUILD/gphoto2-2.5.28/tests/staging/subdir2'
[  502s] make[4]: Nothing to be done for 'install-exec-am'.
[  502s] make[4]: Nothing to be done for 'install-data-am'.
[  502s] make[4]: Leaving directory '/home/abuild/rpmbuild/BUILD/gphoto2-2.5.28/tests/staging/subdir2'
[  502s] make[3]: Leaving directory '/home/abuild/rpmbuild/BUILD/gphoto2-2.5.28/tests/staging/subdir2'
[  502s] make[3]: Entering directory '/home/abuild/rpmbuild/BUILD/gphoto2-2.5.28/tests/staging'
[  502s] make[4]: Entering directory '/home/abuild/rpmbuild/BUILD/gphoto2-2.5.28/tests/staging'
[  502s] make[4]: Nothing to be done for 'install-exec-am'.
[  502s] make[4]: Nothing to be done for 'install-data-am'.
[  502s] make[4]: Leaving directory '/home/abuild/rpmbuild/BUILD/gphoto2-2.5.28/tests/staging'
[  502s] make[3]: Leaving directory '/home/abuild/rpmbuild/BUILD/gphoto2-2.5.28/tests/staging'
[  502s] make[2]: Leaving directory '/home/abuild/rpmbuild/BUILD/gphoto2-2.5.28/tests/staging'
[  503s] make[2]: Entering directory '/home/abuild/rpmbuild/BUILD/gphoto2-2.5.28/tests'
[  503s] make[3]: Entering directory '/home/abuild/rpmbuild/BUILD/gphoto2-2.5.28/tests'
[  503s] make[3]: Nothing to be done for 'install-exec-am'.
[  503s] make[3]: Nothing to be done for 'install-data-am'.
[  503s] make[3]: Leaving directory '/home/abuild/rpmbuild/BUILD/gphoto2-2.5.28/tests'
[  503s] make[2]: Leaving directory '/home/abuild/rpmbuild/BUILD/gphoto2-2.5.28/tests'
[  503s] make[1]: Leaving directory '/home/abuild/rpmbuild/BUILD/gphoto2-2.5.28/tests'
[  503s] make[1]: Entering directory '/home/abuild/rpmbuild/BUILD/gphoto2-2.5.28'
[  503s] make[2]: Entering directory '/home/abuild/rpmbuild/BUILD/gphoto2-2.5.28'
[  503s] make[2]: Nothing to be done for 'install-exec-am'.
[  503s] make[2]: Nothing to be done for 'install-data-am'.
[  503s] make[2]: Leaving directory '/home/abuild/rpmbuild/BUILD/gphoto2-2.5.28'
[  503s] make[1]: Leaving directory '/home/abuild/rpmbuild/BUILD/gphoto2-2.5.28'
[  503s] + mkdir -p /home/abuild/rpmbuild/BUILDROOT/gphoto-2.5.28-2.1.riscv64//usr/share/doc/packages/gphoto
[  503s] + mv /home/abuild/rpmbuild/BUILDROOT/gphoto-2.5.28-2.1.riscv64/usr/share/doc/gphoto2/test-hook.sh /home/abuild/rpmbuild/BUILDROOT/gphoto-2.5.28-2.1.riscv64//usr/share/doc/packages/gphoto
[  503s] + /usr/lib/rpm/find-lang.sh /home/abuild/rpmbuild/BUILDROOT/gphoto-2.5.28-2.1.riscv64 gphoto2
[  510s] removing translation /usr/share/locale/rw/LC_MESSAGES/gphoto2.mo: 17 translated messages.
[  515s] + /usr/lib/rpm/find-debuginfo -j3 -n --run-dwz --dwz-low-mem-die-limit 10000000 --dwz-max-die-limit 50000000 -S debugsourcefiles.list /home/abuild/rpmbuild/BUILD/gphoto2-2.5.28
[  516s] extracting debug info from /home/abuild/rpmbuild/BUILDROOT/gphoto-2.5.28-2.1.riscv64/usr/bin/gphoto2
[  517s] original debug info size: 424kB, size after compression: 396kB
[  518s] /usr/lib/rpm/sepdebugcrcfix: Updated 1 CRC32s, 0 CRC32s did match.
[  518s] cpio: glibc-2.37/bits/sockaddr.h: Cannot stat: No such file or directory
[  518s] cpio: glibc-2.37/bits/stdint-intn.h: Cannot stat: No such file or directory
[  518s] cpio: glibc-2.37/bits/stdint-uintn.h: Cannot stat: No such file or directory
[  518s] cpio: glibc-2.37/csu/: Cannot stat: No such file or directory
[  518s] cpio: glibc-2.37/csu/abi-note.c: Cannot stat: No such file or directory
[  518s] cpio: glibc-2.37/csu/init.c: Cannot stat: No such file or directory
[  518s] cpio: glibc-2.37/elf/elf.h: Cannot stat: No such file or directory
[  518s] cpio: glibc-2.37/inet/netinet/in.h: Cannot stat: No such file or directory
[  518s] cpio: glibc-2.37/posix/bits/types.h: Cannot stat: No such file or directory
[  518s] cpio: glibc-2.37/sysdeps/riscv/nptl/tls.h: Cannot stat: No such file or directory
[  518s] cpio: glibc-2.37/sysdeps/riscv/start.S: Cannot stat: No such file or directory
[  518s] cpio: glibc-2.37/sysdeps/unix/sysv/linux/bits/socket.h: Cannot stat: No such file or directory
[  518s] 450 blocks
[  519s] + /usr/lib/rpm/brp-compress
[  520s] + /usr/lib/rpm/brp-suse
[  520s] calling /usr/lib/rpm/brp-suse.d/brp-05-permissions
[  520s] calling /usr/lib/rpm/brp-suse.d/brp-15-strip-debug
[  520s] calling /usr/lib/rpm/brp-suse.d/brp-25-symlink
[  521s] calling /usr/lib/rpm/brp-suse.d/brp-50-generate-fips-hmac
[  521s] calling /usr/lib/rpm/brp-suse.d/brp-75-ar
[  521s] Executing(%check): /usr/bin/bash -e /var/tmp/rpm-tmp.k0XVV9
[  521s] + umask 022
[  521s] + cd /home/abuild/rpmbuild/BUILD
[  521s] + cd gphoto2-2.5.28
[  521s] + make check
[  521s] Making check in gphoto-m4
[  522s] make[1]: Entering directory '/home/abuild/rpmbuild/BUILD/gphoto2-2.5.28/gphoto-m4'
[  522s] make[1]: Nothing to be done for 'check'.
[  522s] make[1]: Leaving directory '/home/abuild/rpmbuild/BUILD/gphoto2-2.5.28/gphoto-m4'
[  522s] Making check in contrib
[  522s] make[1]: Entering directory '/home/abuild/rpmbuild/BUILD/gphoto2-2.5.28/contrib'
[  522s] make[1]: Nothing to be done for 'check'.
[  522s] make[1]: Leaving directory '/home/abuild/rpmbuild/BUILD/gphoto2-2.5.28/contrib'
[  522s] Making check in doc
[  522s] make[1]: Entering directory '/home/abuild/rpmbuild/BUILD/gphoto2-2.5.28/doc'
[  522s] make[1]: Nothing to be done for 'check'.
[  522s] make[1]: Leaving directory '/home/abuild/rpmbuild/BUILD/gphoto2-2.5.28/doc'
[  522s] Making check in gphoto2
[  522s] make[1]: Entering directory '/home/abuild/rpmbuild/BUILD/gphoto2-2.5.28/gphoto2'
[  522s] make  spawntest
[  522s] make[2]: Entering directory '/home/abuild/rpmbuild/BUILD/gphoto2-2.5.28/gphoto2'
[  522s] gcc -DHAVE_CONFIG_H -I. -I..  -DLOCALEDIR=\"/usr/share/locale\" -D_GPHOTO2_INTERNAL_CODE   -O2 -Wall -U_FORTIFY_SOURCE -D_FORTIFY_SOURCE=3 -fstack-protector-strong -funwind-tables -fasynchronous-unwind-tables -fstack-clash-protection -Werror=return-type -flto=auto -g -fPIE -Wall -Wmissing-declarations -Wmissing-prototypes -g -c -o spawntest.o spawntest.c
[  525s] gcc -DHAVE_CONFIG_H -I. -I..  -DLOCALEDIR=\"/usr/share/locale\" -D_GPHOTO2_INTERNAL_CODE   -O2 -Wall -U_FORTIFY_SOURCE -D_FORTIFY_SOURCE=3 -fstack-protector-strong -funwind-tables -fasynchronous-unwind-tables -fstack-clash-protection -Werror=return-type -flto=auto -g -fPIE -Wall -Wmissing-declarations -Wmissing-prototypes -g -c -o spawnve.o spawnve.c
[  527s] /usr/bin/bash ../libtool  --tag=CC   --mode=link gcc  -O2 -Wall -U_FORTIFY_SOURCE -D_FORTIFY_SOURCE=3 -fstack-protector-strong -funwind-tables -fasynchronous-unwind-tables -fstack-clash-protection -Werror=return-type -flto=auto -g -fPIE -Wall -Wmissing-declarations -Wmissing-prototypes -g  -pie -g -o spawntest spawntest.o spawnve.o  -lm 
[  530s] libtool: link: gcc -O2 -Wall -U_FORTIFY_SOURCE -D_FORTIFY_SOURCE=3 -fstack-protector-strong -funwind-tables -fasynchronous-unwind-tables -fstack-clash-protection -Werror=return-type -flto=auto -g -fPIE -Wall -Wmissing-declarations -Wmissing-prototypes -g -pie -g -o spawntest spawntest.o spawnve.o  -lm
[  535s] make[2]: Leaving directory '/home/abuild/rpmbuild/BUILD/gphoto2-2.5.28/gphoto2'
[  535s] make  check-TESTS
[  536s] make[2]: Entering directory '/home/abuild/rpmbuild/BUILD/gphoto2-2.5.28/gphoto2'
[  537s] make[3]: Entering directory '/home/abuild/rpmbuild/BUILD/gphoto2-2.5.28/gphoto2'
[  537s] PASS: spawntest
[  540s] ============================================================================
[  540s] Testsuite summary for gphoto2 command line interface 2.5.28
[  540s] ============================================================================
[  540s] # TOTAL: 1
[  540s] # PASS:  1
[  540s] # SKIP:  0
[  540s] # XFAIL: 0
[  540s] # FAIL:  0
[  540s] # XPASS: 0
[  540s] # ERROR: 0
[  540s] ============================================================================
[  540s] make[3]: Leaving directory '/home/abuild/rpmbuild/BUILD/gphoto2-2.5.28/gphoto2'
[  540s] make[2]: Leaving directory '/home/abuild/rpmbuild/BUILD/gphoto2-2.5.28/gphoto2'
[  540s] make[1]: Leaving directory '/home/abuild/rpmbuild/BUILD/gphoto2-2.5.28/gphoto2'
[  540s] Making check in packaging
[  540s] make[1]: Entering directory '/home/abuild/rpmbuild/BUILD/gphoto2-2.5.28/packaging'
[  540s] Making check in rpm
[  540s] make[2]: Entering directory '/home/abuild/rpmbuild/BUILD/gphoto2-2.5.28/packaging/rpm'
[  540s] make[2]: Nothing to be done for 'check'.
[  540s] make[2]: Leaving directory '/home/abuild/rpmbuild/BUILD/gphoto2-2.5.28/packaging/rpm'
[  541s] make[2]: Entering directory '/home/abuild/rpmbuild/BUILD/gphoto2-2.5.28/packaging'
[  541s] make[2]: Nothing to be done for 'check-am'.
[  541s] make[2]: Leaving directory '/home/abuild/rpmbuild/BUILD/gphoto2-2.5.28/packaging'
[  541s] make[1]: Leaving directory '/home/abuild/rpmbuild/BUILD/gphoto2-2.5.28/packaging'
[  541s] Making check in po
[  541s] make[1]: Entering directory '/home/abuild/rpmbuild/BUILD/gphoto2-2.5.28/po'
[  541s] make[1]: Nothing to be done for 'check'.
[  541s] make[1]: Leaving directory '/home/abuild/rpmbuild/BUILD/gphoto2-2.5.28/po'
[  541s] Making check in tests
[  541s] make[1]: Entering directory '/home/abuild/rpmbuild/BUILD/gphoto2-2.5.28/tests'
[  541s] Making check in data
[  541s] make[2]: Entering directory '/home/abuild/rpmbuild/BUILD/gphoto2-2.5.28/tests/data'
[  541s] make[2]: Nothing to be done for 'check'.
[  541s] make[2]: Leaving directory '/home/abuild/rpmbuild/BUILD/gphoto2-2.5.28/tests/data'
[  541s] Making check in staging
[  541s] make[2]: Entering directory '/home/abuild/rpmbuild/BUILD/gphoto2-2.5.28/tests/staging'
[  542s] Making check in subdir1
[  542s] make[3]: Entering directory '/home/abuild/rpmbuild/BUILD/gphoto2-2.5.28/tests/staging/subdir1'
[  542s] make[3]: Nothing to be done for 'check'.
[  542s] make[3]: Leaving directory '/home/abuild/rpmbuild/BUILD/gphoto2-2.5.28/tests/staging/subdir1'
[  542s] Making check in subdir2
[  542s] make[3]: Entering directory '/home/abuild/rpmbuild/BUILD/gphoto2-2.5.28/tests/staging/subdir2'
[  542s] make[3]: Nothing to be done for 'check'.
[  542s] make[3]: Leaving directory '/home/abuild/rpmbuild/BUILD/gphoto2-2.5.28/tests/staging/subdir2'
[  542s] make[3]: Entering directory '/home/abuild/rpmbuild/BUILD/gphoto2-2.5.28/tests/staging'
[  542s] make[3]: Nothing to be done for 'check-am'.
[  542s] make[3]: Leaving directory '/home/abuild/rpmbuild/BUILD/gphoto2-2.5.28/tests/staging'
[  542s] make[2]: Leaving directory '/home/abuild/rpmbuild/BUILD/gphoto2-2.5.28/tests/staging'
[  542s] make[2]: Entering directory '/home/abuild/rpmbuild/BUILD/gphoto2-2.5.28/tests'
[  542s] make  check-TESTS
[  542s] make[3]: Entering directory '/home/abuild/rpmbuild/BUILD/gphoto2-2.5.28/tests'
[  543s] make[4]: Entering directory '/home/abuild/rpmbuild/BUILD/gphoto2-2.5.28/tests'
[  574s] FAIL: testsuite
[  577s] ============================================================================
[  577s] Testsuite summary for gphoto2 command line interface 2.5.28
[  577s] ============================================================================
[  577s] # TOTAL: 1
[  577s] # PASS:  0
[  577s] # SKIP:  0
[  577s] # XFAIL: 0
[  577s] # FAIL:  1
[  577s] # XPASS: 0
[  577s] # ERROR: 0
[  577s] ============================================================================
[  577s] See tests/test-suite.log
[  577s] Please report to gphoto-devel@lists.sourceforge.net
[  577s] ============================================================================
[  577s] make[4]: *** [Makefile:723: test-suite.log] Error 1
[  577s] make[4]: Leaving directory '/home/abuild/rpmbuild/BUILD/gphoto2-2.5.28/tests'
[  577s] make[3]: *** [Makefile:831: check-TESTS] Error 2
[  577s] make[3]: Leaving directory '/home/abuild/rpmbuild/BUILD/gphoto2-2.5.28/tests'
[  577s] make[2]: *** [Makefile:928: check-am] Error 2
[  577s] make[2]: Leaving directory '/home/abuild/rpmbuild/BUILD/gphoto2-2.5.28/tests'
[  577s] make[1]: *** [Makefile:615: check-recursive] Error 1
[  577s] make[1]: Leaving directory '/home/abuild/rpmbuild/BUILD/gphoto2-2.5.28/tests'
[  577s] make: *** [Makefile:461: check-recursive] Error 1
[  577s] error: Bad exit status from /var/tmp/rpm-tmp.k0XVV9 (%check)
[  577s] 
[  577s] RPM build errors:
[  577s]     Bad exit status from /var/tmp/rpm-tmp.k0XVV9 (%check)
[  577s] ### VM INTERACTION START ###
[  578s] [0;1;38;5;185mFailed to write wtmp record, ignoring: Read-only file system[0m
[  578s] [0;1;38;5;185mFailed to write utmp record: Read-only file system[0m
[  578s] Powering off.
[  578s] [  570.873641][T13836] reboot: Power down
[  578s] ### VM INTERACTION END ###
[  578s] 
[  578s] build77 failed "build gphoto.spec" at Fri Feb 17 21:40:39 UTC 2023.
[  578s] 
