[    0s] Using BUILD_ROOT=/var/cache/obs/worker/root_7/.mount
[    0s] Using BUILD_ARCH=riscv64
[    0s] Doing kvm build in /var/cache/obs/worker/root_7/root
[    0s] 
[    0s] 
[    0s] sheep88 started "build kcov.spec" at Fri Sep 30 16:00:13 UTC 2022.
[    0s] 
[    0s] Building kcov for project 'openSUSE:Factory:RISCV' repository 'standard' arch 'riscv64' srcmd5 'e880cca65289dd1de06f33c42374e926'
[    0s] 
[    0s] processing recipe /var/cache/obs/worker/root_7/.build-srcdir/kcov.spec ...
[    0s] running changelog2spec --target rpm --file /var/cache/obs/worker/root_7/.build-srcdir/kcov.spec
[    1s] init_buildsystem --configdir /var/run/obs/worker/7/build/configs --cachedir /var/cache/build --prepare --clean --rpmlist /var/cache/obs/worker/root_7/.build.rpmlist /var/cache/obs/worker/root_7/.build-srcdir/kcov.spec build ...
[    1s] unpacking preinstall image openSUSE:Factory:RISCV/standard/preinstallimage-base [426c8073e34515c5bec3741e80cb1ffc]
[    2s] 
[    2s] copying packages...
[    2s] reordering...cycle: python310-base -> libpython3_10-1_0
[    2s]   breaking dependency python310-base -> libpython3_10-1_0
[    2s] cycle: libopenssl-1_1-devel -> libopenssl-devel
[    2s]   breaking dependency libopenssl-devel -> libopenssl-1_1-devel
[    2s] done
[    3s] booting kvm...
[    3s] ### VM INTERACTION START ###
[    3s] Using UART console
[    3s] /usr/bin/qemu-kvm -nodefaults -no-reboot -nographic -vga none -cpu host -M pc,accel=kvm,usb=off,dump-guest-core=off,vmport=off -sandbox on -bios /usr/share/qemu/qboot.rom -object rng-random,filename=/dev/hwrng,id=rng0 -device virtio-rng-pci,rng=rng0 -object iothread,id=io0 -runas qemu -net none -kernel /var/cache/obs/worker/root_7/.mount/boot/kernel -initrd /var/cache/obs/worker/root_7/.mount/boot/initrd -append root=/dev/disk/by-id/virtio-0 rootfstype=ext4 rootflags=noatime kvmclock mitigations=off elevator=noop nmi_watchdog=0 rw rd.driver.pre=binfmt_misc oops=panic panic=1 quiet console=ttyS0 init=/.build/initvm.x86_64 -m 8192 -drive file=/var/cache/obs/worker/root_7/root,format=raw,if=none,id=disk,cache=unsafe,aio=io_uring -device virtio-blk-pci,iothread=io0,drive=disk,serial=0 -drive file=/var/cache/obs/worker/root_7/swap,format=raw,if=none,id=swap,cache=unsafe,aio=io_uring -device virtio-blk-pci,iothread=io0,drive=swap,serial=1 -serial stdio -chardev socket,id=monitor,server=on,wait=off,path=/var/cache/obs/worker/root_7/root.qemu/monitor -mon chardev=monitor,mode=readline -smp 6
[    8s] ### VM INTERACTION END ###
[    8s] 2nd stage started in virtual machine
[    8s] machine type: riscv64
[    9s] Linux version: 5.14.2-1-default #1 SMP Fri Sep 10 10:18:59 UTC 2021 (314dce0)
[    9s] I[    5.216370][  T424] sysrq: Changing Loglevel
[    9s] ncreasing log le[    5.217246][  T424] sysrq: Loglevel set to 4
[    9s] vel from now on...
[    9s] Enable sysrq operations
[    9s] Setting up swapspace version 1, size = 2 GiB (2147479552 bytes)
[    9s] no label, UUID=855a21e9-f380-4b25-844c-8e7b1264af20
[    9s] swapon: /dev/vdb: found signature [pagesize=4096, signature=swap]
[    9s] swapon: /dev/vdb: pagesize=4096, swapsize=2147483648, devsize=2147483648
[    9s] swapon /dev/vdb
[    9s] WARNING: udev not running, creating extra device nodes
[   10s] logging output to //.build.log...
[   10s] processing recipe /.build-srcdir/kcov.spec ...
[   10s] init_buildsystem --configdir /.build/configs --cachedir /var/cache/build /.build-srcdir/kcov.spec build ...
[   10s] initializing rpm db...
[   10s] querying package ids...
[   25s] [1/171] preinstalled aaa_base-84.87+git20220822.6b9f7a3-1.1
[   25s] [2/171] preinstalled aaa_base-malloccheck-84.87+git20220822.6b9f7a3-1.1
[   25s] [3/171] preinstalled attr-2.5.1-1.1
[   25s] [4/171] preinstalled bash-5.1.16-9.1
[   25s] [5/171] preinstalled bash-sh-5.1.16-9.1
[   25s] [6/171] preinstalled binutils-2.39-1.1
[   25s] [7/171] preinstalled brp-check-suse-84.87+git20211116.6c5fe09-2.1
[   25s] [8/171] preinstalled build-compare-20220823T100012.86340a1-1.1
[   25s] [9/171] preinstalled build-mkbaselibs-20220927-1.1
[   25s] [10/171] preinstalled bzip2-1.0.8-4.1
[   25s] [11/171] preinstalled chkstat-1599_20220912-4.1
[   25s] [12/171] preinstalled compat-usrmerge-build-84.87-5.1
[   25s] [13/171] preinstalled compat-usrmerge-tools-84.87-5.1
[   25s] [14/171] preinstalled coreutils-9.1-4.1
[   25s] [15/171] preinstalled cpio-2.13-4.1
[   25s] [16/171] preinstalled cpp-12-2.1
[   25s] [17/171] preinstalled cpp12-12.2.1+git416-4.1
[   25s] [18/171] cumulate crypto-policies-20210917.c9d86d1-1.1
[   25s] [19/171] preinstalled debugedit-5.0-4.1
[   25s] [20/171] preinstalled diffutils-3.8-3.1
[   25s] [21/171] preinstalled dwz-0.14-5.1
[   25s] [22/171] preinstalled elfutils-0.187-11.1
[   25s] [23/171] preinstalled file-5.43-1.1
[   25s] [24/171] preinstalled file-magic-5.43-1.1
[   25s] [25/171] preinstalled filesystem-84.87-8.1
[   25s] [26/171] preinstalled fillup-1.42-278.1
[   25s] [27/171] preinstalled findutils-4.9.0-1.1
[   25s] [28/171] preinstalled gawk-5.2.0-2.1
[   25s] [29/171] preinstalled gcc-12-2.1
[   25s] [30/171] preinstalled gcc-PIE-12-2.1
[   25s] [31/171] preinstalled gcc12-12.2.1+git416-4.1
[   25s] [32/171] preinstalled gcc12-PIE-12.2.1+git416-4.1
[   25s] [33/171] preinstalled gettext-runtime-mini-0.21-4.1
[   25s] [34/171] preinstalled gettext-tools-mini-0.21-4.1
[   25s] [35/171] preinstalled glibc-2.36-5.1
[   25s] [36/171] preinstalled glibc-devel-2.36-5.1
[   25s] [37/171] preinstalled glibc-locale-base-2.36-5.1
[   25s] [38/171] preinstalled grep-3.8-2.1
[   25s] [39/171] preinstalled gzip-1.12-2.1
[   25s] [40/171] preinstalled kernel-obs-build-5.14.2-1.3
[   25s] [41/171] preinstalled libacl1-2.3.1-2.1
[   25s] [42/171] preinstalled libasan8-12.2.1+git416-4.1
[   25s] [43/171] preinstalled libasm1-0.187-11.1
[   25s] [44/171] preinstalled libatomic1-12.2.1+git416-4.1
[   25s] [45/171] preinstalled libattr1-2.5.1-1.1
[   25s] [46/171] preinstalled libaudit1-3.0.6-4.1
[   25s] [47/171] preinstalled libblkid1-2.37.4-4.1
[   25s] [48/171] cumulate libbrotlicommon1-1.0.9-1.1
[   25s] [49/171] preinstalled libbz2-1-1.0.8-4.1
[   25s] [50/171] preinstalled libcap-ng0-0.8.3-1.1
[   25s] [51/171] preinstalled libcap2-2.65-1.1
[   25s] [52/171] cumulate libcom_err2-1.46.5-3.1
[   25s] [53/171] preinstalled libcrypt1-4.4.27-1.1
[   25s] [54/171] preinstalled libctf-nobfd0-2.39-1.1
[   25s] [55/171] preinstalled libctf0-2.39-1.1
[   25s] [56/171] preinstalled libdb-4_8-4.8.30-39.1
[   25s] [57/171] preinstalled libdw1-0.187-11.1
[   25s] [58/171] preinstalled libeconf0-0.4.6+git20220427.3016f4e-1.1
[   25s] [59/171] preinstalled libelf1-0.187-11.1
[   25s] [60/171] cumulate libexpat1-2.4.9-1.1
[   25s] [61/171] preinstalled libfdisk1-2.37.4-4.1
[   25s] [62/171] cumulate libffi8-3.4.2-8.1
[   25s] [63/171] preinstalled libgcc_s1-12.2.1+git416-4.1
[   25s] [64/171] preinstalled libgcrypt20-1.9.4-6.1
[   25s] [65/171] preinstalled libgdbm6-1.23-1.1
[   25s] [66/171] preinstalled libgdbm_compat4-1.23-1.1
[   25s] [67/171] preinstalled libgmp10-6.2.1-4.1
[   25s] [68/171] preinstalled libgomp1-12.2.1+git416-4.1
[   25s] [69/171] preinstalled libgpg-error0-1.45-1.1
[   25s] [70/171] preinstalled libisl23-0.25-1.1
[   25s] [71/171] cumulate libkeyutils1-1.6.3-4.1
[   25s] [72/171] preinstalled liblua5_4-5-5.4.4-6.1
[   25s] [73/171] preinstalled liblzma5-5.2.6-1.1
[   25s] [74/171] preinstalled libmagic1-5.43-1.1
[   25s] [75/171] preinstalled libmount1-2.37.4-4.1
[   25s] [76/171] preinstalled libmpc3-1.2.1-1.2
[   25s] [77/171] cumulate libmpdec3-2.5.1-2.1
[   25s] [78/171] preinstalled libmpfr6-4.1.0-2.1
[   25s] [79/171] preinstalled libncurses6-6.3.20220910-28.1
[   25s] [80/171] cumulate libnghttp2-14-1.49.0-7.1
[   25s] [81/171] preinstalled libpcre2-8-0-10.40-3.1
[   25s] [82/171] preinstalled libpkgconf3-1.8.0-1.1
[   25s] [83/171] preinstalled libpopt0-1.18-3.1
[   25s] [84/171] preinstalled libreadline8-8.1-3.1
[   25s] [85/171] cumulate librhash0-1.4.3-1.1
[   25s] [86/171] preinstalled librpmbuild9-4.17.1.1-1.1
[   25s] [87/171] cumulate libsasl2-3-2.1.28-1.3
[   25s] [88/171] preinstalled libseccomp2-2.5.4-2.1
[   25s] [89/171] preinstalled libselinux1-3.4-2.1
[   25s] [90/171] preinstalled libsemanage-conf-3.4-1.1
[   25s] [91/171] preinstalled libsemanage2-3.4-1.1
[   25s] [92/171] preinstalled libsepol2-3.4-1.1
[   25s] [93/171] preinstalled libsmartcols1-2.37.4-4.1
[   25s] [94/171] cumulate libssh-config-0.10.4-1.1
[   25s] [95/171] preinstalled libstdc++6-12.2.1+git416-4.1
[   25s] [96/171] cumulate libstdc++6-devel-gcc12-12.2.1+git416-4.1
[   25s] [97/171] preinstalled libsubid4-4.12.3-1.1
[   25s] [98/171] preinstalled libubsan1-12.2.1+git416-4.1
[   25s] [99/171] cumulate libunistring2-1.0-1.1
[   25s] [100/171] preinstalled libutempter0-1.2.0-3.2
[   25s] [101/171] preinstalled libuuid1-2.37.4-4.1
[   25s] [102/171] cumulate libuv1-1.44.2-2.1
[   25s] [103/171] cumulate libverto1-0.3.1-1.2
[   25s] [104/171] preinstalled libxcrypt-devel-4.4.27-1.1
[   25s] [105/171] preinstalled libz1-1.2.12-1.1
[   25s] [106/171] cumulate libzstd-devel-1.5.2-1.1
[   25s] [107/171] preinstalled libzstd1-1.5.2-1.1
[   25s] [108/171] preinstalled linux-glibc-devel-5.17-1.1
[   25s] [109/171] preinstalled login_defs-4.12.3-1.1
[   25s] [110/171] preinstalled lua54-5.4.4-6.1
[   25s] [111/171] preinstalled make-4.3-4.1
[   25s] [112/171] preinstalled ncurses-utils-6.3.20220910-28.1
[   25s] [113/171] preinstalled pam-1.5.2-7.1
[   25s] [114/171] preinstalled pam_unix-1.5.2-7.1
[   25s] [115/171] preinstalled patch-2.7.6-6.1
[   25s] [116/171] preinstalled perl-5.36.0-3.1
[   25s] [117/171] preinstalled perl-base-5.36.0-3.1
[   25s] [118/171] preinstalled permissions-1599_20220912-4.1
[   25s] [119/171] preinstalled permissions-config-1599_20220912-4.1
[   25s] [120/171] preinstalled pkgconf-1.8.0-1.1
[   25s] [121/171] preinstalled pkgconf-m4-1.8.0-1.1
[   25s] [122/171] preinstalled pkgconf-pkg-config-1.8.0-1.1
[   25s] [123/171] preinstalled polkit-default-privs-1550+20220919.3b55a1f-1.1
[   25s] [124/171] preinstalled post-build-checks-84.87+git20220325.f46ef3c-1.1
[   25s] [125/171] cumulate python-rpm-macros-20220912.f91cae2-1.1
[   25s] [126/171] preinstalled qemu-linux-user-7.0.0-84.1
[   25s] [127/171] preinstalled rpm-4.17.1.1-1.1
[   25s] [128/171] preinstalled rpm-build-4.17.1.1-1.1
[   25s] [129/171] preinstalled rpm-build-perl-4.17.1.1-1.1
[   25s] [130/171] preinstalled rpm-config-SUSE-20220926-1.1
[   25s] [131/171] preinstalled rpmlint-mini-2.3.0+git20220921.4e46a84-8.9
[   25s] [132/171] preinstalled rpmlint-strict-2.3.0+git20220921.4e46a84-1.1
[   25s] [133/171] preinstalled sed-4.8-3.2
[   25s] [134/171] preinstalled shadow-4.12.3-1.1
[   25s] [135/171] preinstalled system-group-hardware-20170617-24.1
[   25s] [136/171] preinstalled system-user-root-20190513-2.1
[   25s] [137/171] preinstalled systemd-rpm-macros-16-1.1
[   25s] [138/171] preinstalled sysuser-shadow-3.1-5.1
[   25s] [139/171] preinstalled tar-1.34-7.1
[   25s] [140/171] preinstalled terminfo-base-6.3.20220910-28.1
[   25s] [141/171] preinstalled update-alternatives-1.21.8-1.1
[   25s] [142/171] preinstalled util-linux-2.37.4-4.1
[   25s] [143/171] preinstalled which-2.21-5.1
[   25s] [144/171] preinstalled xz-5.2.6-1.1
[   25s] [145/171] cumulate xz-devel-5.2.6-1.1
[   25s] [146/171] cumulate zlib-devel-1.2.12-1.1
[   25s] [147/171] cumulate binutils-devel-2.39-1.1
[   25s] [148/171] cumulate gcc12-c++-12.2.1+git416-4.1
[   25s] [149/171] cumulate libbrotlidec1-1.0.9-1.1
[   25s] [150/171] cumulate libelf-devel-0.187-11.1
[   25s] [151/171] cumulate libidn2-0-2.3.3-1.1
[   25s] [152/171] cumulate libopenssl1_1-1.1.1q-1.1
[   25s] [153/171] cumulate krb5-mini-1.20-1.1
[   25s] [154/171] cumulate gcc-c++-12-2.1
[   25s] [155/171] cumulate libldap2-2.6.3-1.1
[   25s] [156/171] cumulate libpsl5-0.21.1-1.2
[   25s] [157/171] cumulate openssl-1_1-1.1.1q-1.1
[   25s] [158/171] cumulate libssh4-0.10.4-1.1
[   25s] [159/171] cumulate libdw-devel-0.187-11.1
[   25s] [160/171] cumulate openssl-1.1.1q-1.1
[   25s] [161/171] cumulate libcurl4-7.85.0-1.1
[   25s] [162/171] cumulate libcurl-devel-7.85.0-1.1
[   25s] [163/171] cumulate libopenssl-devel-1.1.1q-1.1
[   25s] [164/171] cumulate python310-base-3.10.7-2.1
[   25s] [165/171] cumulate libpython3_10-1_0-3.10.7-2.1
[   25s] [166/171] cumulate python310-pyparsing-3.0.9-2.1
[   25s] [167/171] cumulate libopenssl-1_1-devel-1.1.1q-1.1
[   25s] [168/171] cumulate cmake-mini-3.24.2-1.1
[   25s] [169/171] cumulate cmake-3.24.2-1.1
[   25s] [170/171] cumulate python310-packaging-21.3-4.1
[   25s] [171/171] cumulate python-rpm-packaging-20210526+a18ca48-1.1
[   25s] now installing cumulated packages
[   25s] Preparing...                          ########################################
[   25s] Updating / installing...
[   25s] zlib-devel-1.2.12-1.1                 ########################################
[   26s] libunistring2-1.0-1.1                 ########################################
[   26s] libidn2-0-2.3.3-1.1                   ########################################
[   26s] libexpat1-2.4.9-1.1                   ########################################
[   26s] crypto-policies-20210917.c9d86d1-1.1  ########################################
[   26s] libopenssl1_1-1.1.1q-1.1              ########################################
[   26s] openssl-1_1-1.1.1q-1.1                ########################################
[   26s] openssl-1.1.1q-1.1                    ########################################
[   26s] libopenssl-1_1-devel-1.1.1q-1.1       ########################################
[   26s] libpsl5-0.21.1-1.2                    ########################################
[   27s] libelf-devel-0.187-11.1               ########################################
[   27s] xz-devel-5.2.6-1.1                    ########################################
[   27s] python-rpm-macros-20220912.f91cae2-1.1########################################
[   27s] libzstd-devel-1.5.2-1.1               ########################################
[   27s] libverto1-0.3.1-1.2                   ########################################
[   27s] libuv1-1.44.2-2.1                     ########################################
[   36s] libstdc++6-devel-gcc12-12.2.1+git416-4########################################
[   38s] gcc12-c++-12.2.1+git416-4.1           ########################################
[   38s] libssh-config-0.10.4-1.1              ########################################
[   38s] libsasl2-3-2.1.28-1.3                 ########################################
[   38s] libldap2-2.6.3-1.1                    ########################################
[   38s] librhash0-1.4.3-1.1                   ########################################
[   38s] libnghttp2-14-1.49.0-7.1              ########################################
[   38s] libmpdec3-2.5.1-2.1                   ########################################
[   39s] libkeyutils1-1.6.3-4.1                ########################################
[   39s] libffi8-3.4.2-8.1                     ########################################
[   39s] libpython3_10-1_0-3.10.7-2.1          ########################################
[   42s] python310-base-3.10.7-2.1             ########################################
[   42s] python310-pyparsing-3.0.9-2.1         ########################################
[   42s] python310-packaging-21.3-4.1          ########################################
[   47s] cmake-mini-3.24.2-1.1                 ########################################
[   47s] libcom_err2-1.46.5-3.1                ########################################
[   47s] krb5-mini-1.20-1.1                    ########################################
[   48s] Updating /etc/sysconfig/kadmind ...
[   48s] Updating /etc/sysconfig/krb5kdc ...
[   48s] libssh4-0.10.4-1.1                    ########################################
[   48s] libbrotlicommon1-1.0.9-1.1            ########################################
[   48s] libbrotlidec1-1.0.9-1.1               ########################################
[   48s] libcurl4-7.85.0-1.1                   ########################################
[   48s] libcurl-devel-7.85.0-1.1              ########################################
[   48s] cmake-3.24.2-1.1                      ########################################
[   48s] python-rpm-packaging-20210526+a18ca48-########################################
[   48s] gcc-c++-12-2.1                        ########################################
[   50s] libdw-devel-0.187-11.1                ########################################
[   50s] libopenssl-devel-1.1.1q-1.1           ########################################
[   63s] binutils-devel-2.39-1.1               ########################################
[   65s] now finalizing build dir...
[   65s] ... running 01-add_abuild_user_to_trusted_group
[   66s] ... running 02-set_timezone_to_utc
[   66s] ... running 03-set-permissions-secure
[   66s] ... running 11-hack_uname_version_to_kernel_version
[   74s] build target is riscv64-suse-linux
[   74s] -----------------------------------------------------------------
[   74s] I have the following modifications for kcov.spec:
[   74s] 21c21
[   74s] < Release:        0
[   74s] ---
[   74s] > Release:        1.1
[   74s] -----------------------------------------------------------------
[   74s] ----- building kcov.spec (user abuild)
[   74s] -----------------------------------------------------------------
[   74s] -----------------------------------------------------------------
[   77s] + exec rpmbuild -ba --define '_srcdefattr (-,root,root)' --nosignature --target=riscv64-suse-linux --define '_build_create_debug 1' --define 'disturl obs://build.opensuse.org/openSUSE:Factory:RISCV/standard/e880cca65289dd1de06f33c42374e926-kcov' /home/abuild/rpmbuild/SOURCES/kcov.spec
[   77s] Building target platforms: riscv64-suse-linux
[   77s] Building for target riscv64-suse-linux
[   77s] setting SOURCE_DATE_EPOCH=1663804800
[   77s] Executing(%prep): /usr/bin/bash -e /var/tmp/rpm-tmp.anTZMQ
[   77s] + umask 022
[   77s] + cd /home/abuild/rpmbuild/BUILD
[   77s] + cd /home/abuild/rpmbuild/BUILD
[   77s] + rm -rf kcov-40
[   77s] + /usr/bin/gzip -dc /home/abuild/rpmbuild/SOURCES/v40.tar.gz
[   77s] + /usr/bin/tar -xof -
[   77s] + STATUS=0
[   77s] + '[' 0 -ne 0 ']'
[   77s] + cd kcov-40
[   77s] + /usr/bin/chmod -Rf a+rX,u+w,g-w,o-w .
[   78s] + /usr/bin/cat /home/abuild/rpmbuild/SOURCES/link_order.patch
[   78s] + /usr/bin/patch -p1 -s --fuzz=0 --no-backup-if-mismatch -f
[   78s] + /usr/bin/cat /home/abuild/rpmbuild/SOURCES/kcov-40-binutils-2.39.patch
[   78s] + /usr/bin/patch -p1 -s --fuzz=0 --no-backup-if-mismatch -f
[   78s] + rm -frv external/
[   78s] removed 'external/lldb/include/lldb/API/LLDB.h'
[   78s] removed 'external/lldb/include/lldb/API/SBAddress.h'
[   78s] removed 'external/lldb/include/lldb/API/SBAttachInfo.h'
[   78s] removed 'external/lldb/include/lldb/API/SBBlock.h'
[   78s] removed 'external/lldb/include/lldb/API/SBBreakpoint.h'
[   78s] removed 'external/lldb/include/lldb/API/SBBreakpointLocation.h'
[   78s] removed 'external/lldb/include/lldb/API/SBBroadcaster.h'
[   78s] removed 'external/lldb/include/lldb/API/SBCommandInterpreter.h'
[   78s] removed 'external/lldb/include/lldb/API/SBCommandReturnObject.h'
[   78s] removed 'external/lldb/include/lldb/API/SBCommunication.h'
[   78s] removed 'external/lldb/include/lldb/API/SBCompileUnit.h'
[   78s] removed 'external/lldb/include/lldb/API/SBData.h'
[   78s] removed 'external/lldb/include/lldb/API/SBDebugger.h'
[   78s] removed 'external/lldb/include/lldb/API/SBDeclaration.h'
[   78s] removed 'external/lldb/include/lldb/API/SBDefines.h'
[   78s] removed 'external/lldb/include/lldb/API/SBError.h'
[   78s] removed 'external/lldb/include/lldb/API/SBEvent.h'
[   78s] removed 'external/lldb/include/lldb/API/SBExecutionContext.h'
[   78s] removed 'external/lldb/include/lldb/API/SBExpressionOptions.h'
[   78s] removed 'external/lldb/include/lldb/API/SBFileSpec.h'
[   78s] removed 'external/lldb/include/lldb/API/SBFileSpecList.h'
[   78s] removed 'external/lldb/include/lldb/API/SBFrame.h'
[   78s] removed 'external/lldb/include/lldb/API/SBFunction.h'
[   78s] removed 'external/lldb/include/lldb/API/SBHostOS.h'
[   78s] removed 'external/lldb/include/lldb/API/SBInstruction.h'
[   78s] removed 'external/lldb/include/lldb/API/SBInstructionList.h'
[   78s] removed 'external/lldb/include/lldb/API/SBLanguageRuntime.h'
[   78s] removed 'external/lldb/include/lldb/API/SBLaunchInfo.h'
[   78s] removed 'external/lldb/include/lldb/API/SBLineEntry.h'
[   78s] removed 'external/lldb/include/lldb/API/SBListener.h'
[   78s] removed 'external/lldb/include/lldb/API/SBModule.h'
[   78s] removed 'external/lldb/include/lldb/API/SBModuleSpec.h'
[   78s] removed 'external/lldb/include/lldb/API/SBPlatform.h'
[   78s] removed 'external/lldb/include/lldb/API/SBProcess.h'
[   78s] removed 'external/lldb/include/lldb/API/SBQueue.h'
[   78s] removed 'external/lldb/include/lldb/API/SBQueueItem.h'
[   78s] removed 'external/lldb/include/lldb/API/SBSection.h'
[   78s] removed 'external/lldb/include/lldb/API/SBSourceManager.h'
[   78s] removed 'external/lldb/include/lldb/API/SBStream.h'
[   78s] removed 'external/lldb/include/lldb/API/SBStringList.h'
[   78s] removed 'external/lldb/include/lldb/API/SBSymbol.h'
[   78s] removed 'external/lldb/include/lldb/API/SBSymbolContext.h'
[   78s] removed 'external/lldb/include/lldb/API/SBSymbolContextList.h'
[   78s] removed 'external/lldb/include/lldb/API/SBTarget.h'
[   78s] removed 'external/lldb/include/lldb/API/SBThread.h'
[   78s] removed 'external/lldb/include/lldb/API/SBThreadCollection.h'
[   78s] removed 'external/lldb/include/lldb/API/SBThreadPlan.h'
[   78s] removed 'external/lldb/include/lldb/API/SBType.h'
[   78s] removed 'external/lldb/include/lldb/API/SBTypeCategory.h'
[   78s] removed 'external/lldb/include/lldb/API/SBTypeEnumMember.h'
[   78s] removed 'external/lldb/include/lldb/API/SBTypeFilter.h'
[   78s] removed 'external/lldb/include/lldb/API/SBTypeFormat.h'
[   78s] removed 'external/lldb/include/lldb/API/SBTypeNameSpecifier.h'
[   78s] removed 'external/lldb/include/lldb/API/SBTypeSummary.h'
[   78s] removed 'external/lldb/include/lldb/API/SBTypeSynthetic.h'
[   78s] removed 'external/lldb/include/lldb/API/SBUnixSignals.h'
[   78s] removed 'external/lldb/include/lldb/API/SBValue.h'
[   78s] removed 'external/lldb/include/lldb/API/SBValueList.h'
[   78s] removed 'external/lldb/include/lldb/API/SBVariablesOptions.h'
[   78s] removed 'external/lldb/include/lldb/API/SBWatchpoint.h'
[   78s] removed 'external/lldb/include/lldb/API/SystemInitializerFull.h'
[   78s] removed directory 'external/lldb/include/lldb/API'
[   78s] removed 'external/lldb/include/lldb/Utility/SharingPtr.h'
[   78s] removed directory 'external/lldb/include/lldb/Utility'
[   78s] removed 'external/lldb/include/lldb/lldb-defines.h'
[   78s] removed 'external/lldb/include/lldb/lldb-enumerations.h'
[   78s] removed 'external/lldb/include/lldb/lldb-forward.h'
[   78s] removed 'external/lldb/include/lldb/lldb-types.h'
[   78s] removed 'external/lldb/include/lldb/lldb-versioning.h'
[   78s] removed directory 'external/lldb/include/lldb'
[   78s] removed directory 'external/lldb/include'
[   78s] removed directory 'external/lldb'
[   78s] removed directory 'external/'
[   78s] + RPM_EC=0
[   78s] ++ jobs -p
[   78s] + exit 0
[   78s] Executing(%build): /usr/bin/bash -e /var/tmp/rpm-tmp.RfbRPf
[   78s] + umask 022
[   78s] + cd /home/abuild/rpmbuild/BUILD
[   78s] + /usr/bin/rm -rf /home/abuild/rpmbuild/BUILDROOT/kcov-40-1.1.riscv64
[   78s] ++ dirname /home/abuild/rpmbuild/BUILDROOT/kcov-40-1.1.riscv64
[   78s] + /usr/bin/mkdir -p /home/abuild/rpmbuild/BUILDROOT
[   78s] + /usr/bin/mkdir /home/abuild/rpmbuild/BUILDROOT/kcov-40-1.1.riscv64
[   78s] + cd kcov-40
[   78s] + ref=/usr/lib/rpm
[   78s] + mints=0
[   78s] + case $(uname -m) in
[   78s] ++ uname -m
[   78s] + mints=20160911
[   78s] + for s in guess sub
[   78s] ++ find -maxdepth 8 -name config.guess
[   78s] + for s in guess sub
[   78s] ++ find -maxdepth 8 -name config.sub
[   78s] + find . -type f -name CMakeLists.txt -exec sed -i -re '/^[[:blank:]]*[sS][eE][tT][[:blank:]]*\([[:blank:]]*(CMAKE_BUILD_TYPE|CMAKE_COLOR_MAKEFILE|CMAKE_INSTALL_PREFIX|CMAKE_VERBOSE_MAKEFILE).*\)/{s/^/#IGNORE /}' '{}' +
[   78s] + mkdir -p build
[   78s] + cd build
[   78s] + /usr/bin/cmake /home/abuild/rpmbuild/BUILD/kcov-40/. '-GUnix Makefiles' -DCMAKE_INSTALL_PREFIX:PATH=/usr -DINCLUDE_INSTALL_DIR:PATH=/usr/include -DLIB_INSTALL_DIR:PATH=/usr/lib64 -DSYSCONF_INSTALL_DIR:PATH=/etc -DSHARE_INSTALL_PREFIX:PATH=/usr/share -DCMAKE_INSTALL_LIBDIR:PATH=lib64 -DCMAKE_INSTALL_LIBEXECDIR=/usr/libexec -DCMAKE_BUILD_TYPE=RelWithDebInfo '-DCMAKE_C_FLAGS=-O2 -Wall -U_FORTIFY_SOURCE -D_FORTIFY_SOURCE=3 -fstack-protector-strong -funwind-tables -fasynchronous-unwind-tables -fstack-clash-protection -Werror=return-type -flto=auto -g' '-DCMAKE_CXX_FLAGS=-O2 -Wall -U_FORTIFY_SOURCE -D_FORTIFY_SOURCE=3 -fstack-protector-strong -funwind-tables -fasynchronous-unwind-tables -fstack-clash-protection -Werror=return-type -flto=auto -g' '-DCMAKE_Fortran_FLAGS=-O2 -Wall -U_FORTIFY_SOURCE -D_FORTIFY_SOURCE=3 -fstack-protector-strong -funwind-tables -fasynchronous-unwind-tables -fstack-clash-protection -Werror=return-type -flto=auto -g' '-DCMAKE_EXE_LINKER_FLAGS=-flto=auto -Wl,--as-needed -Wl,--no-undefined -Wl,-z,now' '-DCMAKE_MODULE_LINKER_FLAGS=-flto=auto -Wl,--as-needed' '-DCMAKE_SHARED_LINKER_FLAGS=-flto=auto -Wl,--as-needed -Wl,--no-undefined -Wl,-z,now' -DLIB_SUFFIX=64 -DCMAKE_VERBOSE_MAKEFILE:BOOL=ON -DBUILD_SHARED_LIBS:BOOL=ON -DBUILD_STATIC_LIBS:BOOL=OFF -DCMAKE_COLOR_MAKEFILE:BOOL=OFF -DCMAKE_INSTALL_DO_STRIP:BOOL=OFF -DCMAKE_MODULES_INSTALL_DIR=/usr/lib64/cmake/kcov
[   79s] CMake Deprecation Warning at CMakeLists.txt:1 (cmake_minimum_required):
[   79s]   Compatibility with CMake < 2.8.12 will be removed from a future version of
[   79s]   CMake.
[   79s] 
[   79s]   Update the VERSION argument <min> value or use a ...<max> suffix to tell
[   79s]   CMake that the project does not need compatibility with older versions.
[   79s] 
[   79s] 
[   82s] -- The C compiler identification is GNU 12.2.1
[   85s] -- The CXX compiler identification is GNU 12.2.1
[   85s] -- Detecting C compiler ABI info
[   89s] -- Detecting C compiler ABI info - done
[   89s] -- Check for working C compiler: /usr/bin/cc - skipped
[   89s] -- Detecting C compile features
[   89s] -- Detecting C compile features - done
[   89s] -- Detecting CXX compiler ABI info
[   92s] -- Detecting CXX compiler ABI info - done
[   93s] -- Check for working CXX compiler: /usr/bin/c++ - skipped
[   93s] -- Detecting CXX compile features
[   93s] -- Detecting CXX compile features - done
[   93s] -- Performing Test CMAKE_HAVE_LIBC_PTHREAD
[   96s] -- Performing Test CMAKE_HAVE_LIBC_PTHREAD - Success
[   96s] -- Found Threads: TRUE  
[   96s] CMake Warning (dev) at /usr/share/cmake/Modules/FindPackageHandleStandardArgs.cmake:438 (message):
[   96s]   The package name passed to `find_package_handle_standard_args` (LIBBFD)
[   96s]   does not match the name of the calling package (Bfd).  This can lead to
[   96s]   problems in calling code that expects `find_package` result variables
[   96s]   (e.g., `_FOUND`) to follow a certain pattern.
[   96s] Call Stack (most recent call first):
[   96s]   cmake/FindBfd.cmake:79 (find_package_handle_standard_args)
[   96s]   src/CMakeLists.txt:3 (find_package)
[   96s] This warning is for project developers.  Use -Wno-dev to suppress it.
[   96s] 
[   96s] -- Found LIBBFD: /usr/lib64/libbfd.a  
[   97s] -- Target architectures: unknown
[   97s] -- Found ZLIB: /usr/lib64/libz.so (found version "1.2.12") 
[   99s] -- Found CURL: /usr/lib64/libcurl.so (found version "7.85.0")  
[   99s] -- Found DL: /usr/lib64/libdl.a
[   99s] -- Found M: /usr/lib64/libm.so
[  100s] -- kcov version: 40 (from changelog)
[  102s] -- Found OpenSSL: /usr/lib64/libcrypto.so (found version "1.1.1q")  
[  104s] -- Found LibElf: /usr/lib64/libelf.so  
[  107s] CMake Warning (dev) at /usr/share/cmake/Modules/FindPackageHandleStandardArgs.cmake:438 (message):
[  107s]   The package name passed to `find_package_handle_standard_args` (ElfUtils)
[  107s]   does not match the name of the calling package (Elfutils).  This can lead
[  107s]   to problems in calling code that expects `find_package` result variables
[  107s]   (e.g., `_FOUND`) to follow a certain pattern.
[  107s] Call Stack (most recent call first):
[  107s]   cmake/FindElfutils.cmake:70 (find_package_handle_standard_args)
[  107s]   src/CMakeLists.txt:161 (find_package)
[  107s] This warning is for project developers.  Use -Wno-dev to suppress it.
[  107s] 
[  107s] -- Found ElfUtils: /usr/lib64/libdw.so  
[  107s] -- Configuring done
[  107s] -- Generating done
[  107s] CMake Warning:
[  107s]   Manually-specified variables were not used by the project:
[  107s] 
[  108s]     BUILD_STATIC_LIBS
[  108s]     CMAKE_Fortran_FLAGS
[  108s]     CMAKE_INSTALL_DO_STRIP
[  108s]     CMAKE_INSTALL_LIBDIR
[  108s]     CMAKE_INSTALL_LIBEXECDIR
[  108s]     CMAKE_MODULES_INSTALL_DIR
[  108s]     INCLUDE_INSTALL_DIR
[  108s]     LIB_INSTALL_DIR
[  108s]     LIB_SUFFIX
[  108s]     SHARE_INSTALL_PREFIX
[  108s]     SYSCONF_INSTALL_DIR
[  108s] 
[  108s] 
[  108s] -- Build files have been written to: /home/abuild/rpmbuild/BUILD/kcov-40/build
[  108s] + /usr/bin/make -O VERBOSE=1 -j6
[  108s] /usr/bin/cmake -S/home/abuild/rpmbuild/BUILD/kcov-40 -B/home/abuild/rpmbuild/BUILD/kcov-40/build --check-build-system CMakeFiles/Makefile.cmake 0
[  108s] /usr/bin/cmake -E cmake_progress_start /home/abuild/rpmbuild/BUILD/kcov-40/build/CMakeFiles /home/abuild/rpmbuild/BUILD/kcov-40/build//CMakeFiles/progress.marks
[  108s] /usr/bin/make  -f CMakeFiles/Makefile2 all
[  108s] /usr/bin/make  -f src/CMakeFiles/kcov_sowrapper.dir/build.make src/CMakeFiles/kcov_sowrapper.dir/depend
[  108s] /usr/bin/make  -f src/CMakeFiles/bash_execve_redirector.dir/build.make src/CMakeFiles/bash_execve_redirector.dir/depend
[  108s] /usr/bin/make  -f src/CMakeFiles/bash_tracefd_cloexec.dir/build.make src/CMakeFiles/bash_tracefd_cloexec.dir/depend
[  108s] /usr/bin/make  -f src/CMakeFiles/kcov_system_lib.dir/build.make src/CMakeFiles/kcov_system_lib.dir/depend
[  108s] /usr/bin/make  -f src/CMakeFiles/kcov-system-daemon.dir/build.make src/CMakeFiles/kcov-system-daemon.dir/depend
[  108s] make[2]: Entering directory '/home/abuild/rpmbuild/BUILD/kcov-40/build'
[  108s] cd /home/abuild/rpmbuild/BUILD/kcov-40/build && /usr/bin/cmake -E cmake_depends "Unix Makefiles" /home/abuild/rpmbuild/BUILD/kcov-40 /home/abuild/rpmbuild/BUILD/kcov-40/src /home/abuild/rpmbuild/BUILD/kcov-40/build /home/abuild/rpmbuild/BUILD/kcov-40/build/src /home/abuild/rpmbuild/BUILD/kcov-40/build/src/CMakeFiles/bash_tracefd_cloexec.dir/DependInfo.cmake
[  108s] make[2]: Leaving directory '/home/abuild/rpmbuild/BUILD/kcov-40/build'
[  108s] make[2]: Entering directory '/home/abuild/rpmbuild/BUILD/kcov-40/build'
[  108s] cd /home/abuild/rpmbuild/BUILD/kcov-40/build && /usr/bin/cmake -E cmake_depends "Unix Makefiles" /home/abuild/rpmbuild/BUILD/kcov-40 /home/abuild/rpmbuild/BUILD/kcov-40/src /home/abuild/rpmbuild/BUILD/kcov-40/build /home/abuild/rpmbuild/BUILD/kcov-40/build/src /home/abuild/rpmbuild/BUILD/kcov-40/build/src/CMakeFiles/kcov_sowrapper.dir/DependInfo.cmake
[  108s] make[2]: Leaving directory '/home/abuild/rpmbuild/BUILD/kcov-40/build'
[  108s] /usr/bin/make  -f src/CMakeFiles/kcov_sowrapper.dir/build.make src/CMakeFiles/kcov_sowrapper.dir/build
[  108s] /usr/bin/make  -f src/CMakeFiles/bash_tracefd_cloexec.dir/build.make src/CMakeFiles/bash_tracefd_cloexec.dir/build
[  108s] make[2]: Entering directory '/home/abuild/rpmbuild/BUILD/kcov-40/build'
[  108s] cd /home/abuild/rpmbuild/BUILD/kcov-40/build && /usr/bin/cmake -E cmake_depends "Unix Makefiles" /home/abuild/rpmbuild/BUILD/kcov-40 /home/abuild/rpmbuild/BUILD/kcov-40/src /home/abuild/rpmbuild/BUILD/kcov-40/build /home/abuild/rpmbuild/BUILD/kcov-40/build/src /home/abuild/rpmbuild/BUILD/kcov-40/build/src/CMakeFiles/bash_execve_redirector.dir/DependInfo.cmake
[  108s] make[2]: Leaving directory '/home/abuild/rpmbuild/BUILD/kcov-40/build'
[  108s] /usr/bin/make  -f src/CMakeFiles/bash_execve_redirector.dir/build.make src/CMakeFiles/bash_execve_redirector.dir/build
[  108s] make[2]: Entering directory '/home/abuild/rpmbuild/BUILD/kcov-40/build'
[  108s] cd /home/abuild/rpmbuild/BUILD/kcov-40/build && /usr/bin/cmake -E cmake_depends "Unix Makefiles" /home/abuild/rpmbuild/BUILD/kcov-40 /home/abuild/rpmbuild/BUILD/kcov-40/src /home/abuild/rpmbuild/BUILD/kcov-40/build /home/abuild/rpmbuild/BUILD/kcov-40/build/src /home/abuild/rpmbuild/BUILD/kcov-40/build/src/CMakeFiles/kcov_system_lib.dir/DependInfo.cmake
[  108s] make[2]: Leaving directory '/home/abuild/rpmbuild/BUILD/kcov-40/build'
[  108s] /usr/bin/make  -f src/CMakeFiles/kcov_system_lib.dir/build.make src/CMakeFiles/kcov_system_lib.dir/build
[  108s] make[2]: Entering directory '/home/abuild/rpmbuild/BUILD/kcov-40/build'
[  108s] [  1%] Generating version.c
[  108s] cd /home/abuild/rpmbuild/BUILD/kcov-40/build/src && /usr/bin/cmake -E echo const\ char\ *kcov_version\ =\ \"40\"\; > version.c
[  108s] make[2]: Leaving directory '/home/abuild/rpmbuild/BUILD/kcov-40/build'
[  109s] make[2]: Entering directory '/home/abuild/rpmbuild/BUILD/kcov-40/build'
[  109s] cd /home/abuild/rpmbuild/BUILD/kcov-40/build && /usr/bin/cmake -E cmake_depends "Unix Makefiles" /home/abuild/rpmbuild/BUILD/kcov-40 /home/abuild/rpmbuild/BUILD/kcov-40/src /home/abuild/rpmbuild/BUILD/kcov-40/build /home/abuild/rpmbuild/BUILD/kcov-40/build/src /home/abuild/rpmbuild/BUILD/kcov-40/build/src/CMakeFiles/kcov-system-daemon.dir/DependInfo.cmake
[  109s] make[2]: Leaving directory '/home/abuild/rpmbuild/BUILD/kcov-40/build'
[  109s] /usr/bin/make  -f src/CMakeFiles/kcov-system-daemon.dir/build.make src/CMakeFiles/kcov-system-daemon.dir/build
[  109s] make[2]: Entering directory '/home/abuild/rpmbuild/BUILD/kcov-40/build'
[  109s] [  7%] Building C object src/CMakeFiles/kcov_sowrapper.dir/solib-parser/lib.c.o
[  109s] cd /home/abuild/rpmbuild/BUILD/kcov-40/build/src && /usr/bin/cc -DPACKAGE -DPACKAGE_VERSION -Dkcov_sowrapper_EXPORTS -I/home/abuild/rpmbuild/BUILD/kcov-40/src/include -I/home/abuild/rpmbuild/BUILD/kcov-40/src/../external/lldb/include -O2 -Wall -U_FORTIFY_SOURCE -D_FORTIFY_SOURCE=3 -fstack-protector-strong -funwind-tables -fasynchronous-unwind-tables -fstack-clash-protection -Werror=return-type -flto=auto -g -O2 -g -DNDEBUG -fPIC -MD -MT src/CMakeFiles/kcov_sowrapper.dir/solib-parser/lib.c.o -MF CMakeFiles/kcov_sowrapper.dir/solib-parser/lib.c.o.d -o CMakeFiles/kcov_sowrapper.dir/solib-parser/lib.c.o -c /home/abuild/rpmbuild/BUILD/kcov-40/src/solib-parser/lib.c
[  109s] /home/abuild/rpmbuild/BUILD/kcov-40/src/solib-parser/lib.c: In function 'force_breakpoint':
[  109s] /home/abuild/rpmbuild/BUILD/kcov-40/src/solib-parser/lib.c:99:3: error: #error Unsupported architecture
[  109s]    99 | # error Unsupported architecture
[  109s]       |   ^~~~~
[  109s] /home/abuild/rpmbuild/BUILD/kcov-40/src/solib-parser/lib.c:101:25: error: expected string literal before ')' token
[  109s]   101 |                         );
[  109s]       |                         ^
[  109s] make[2]: *** [src/CMakeFiles/kcov_sowrapper.dir/build.make:93: src/CMakeFiles/kcov_sowrapper.dir/solib-parser/lib.c.o] Error 1
[  109s] make[2]: Leaving directory '/home/abuild/rpmbuild/BUILD/kcov-40/build'
[  109s] make[2]: *** Waiting for unfinished jobs....
[  110s] make[2]: Entering directory '/home/abuild/rpmbuild/BUILD/kcov-40/build'
[  110s] [  5%] Building C object src/CMakeFiles/bash_tracefd_cloexec.dir/engines/bash-tracefd-cloexec.c.o
[  110s] cd /home/abuild/rpmbuild/BUILD/kcov-40/build/src && /usr/bin/cc -DPACKAGE -DPACKAGE_VERSION -Dbash_tracefd_cloexec_EXPORTS -I/home/abuild/rpmbuild/BUILD/kcov-40/src/include -I/home/abuild/rpmbuild/BUILD/kcov-40/src/../external/lldb/include -O2 -Wall -U_FORTIFY_SOURCE -D_FORTIFY_SOURCE=3 -fstack-protector-strong -funwind-tables -fasynchronous-unwind-tables -fstack-clash-protection -Werror=return-type -flto=auto -g -O2 -g -DNDEBUG -fPIC -MD -MT src/CMakeFiles/bash_tracefd_cloexec.dir/engines/bash-tracefd-cloexec.c.o -MF CMakeFiles/bash_tracefd_cloexec.dir/engines/bash-tracefd-cloexec.c.o.d -o CMakeFiles/bash_tracefd_cloexec.dir/engines/bash-tracefd-cloexec.c.o -c /home/abuild/rpmbuild/BUILD/kcov-40/src/engines/bash-tracefd-cloexec.c
[  110s] make[2]: Leaving directory '/home/abuild/rpmbuild/BUILD/kcov-40/build'
[  110s] make[2]: Entering directory '/home/abuild/rpmbuild/BUILD/kcov-40/build'
[  110s] [  2%] Building C object src/CMakeFiles/bash_execve_redirector.dir/engines/bash-execve-redirector.c.o
[  110s] cd /home/abuild/rpmbuild/BUILD/kcov-40/build/src && /usr/bin/cc -DPACKAGE -DPACKAGE_VERSION -Dbash_execve_redirector_EXPORTS -I/home/abuild/rpmbuild/BUILD/kcov-40/src/include -I/home/abuild/rpmbuild/BUILD/kcov-40/src/../external/lldb/include -O2 -Wall -U_FORTIFY_SOURCE -D_FORTIFY_SOURCE=3 -fstack-protector-strong -funwind-tables -fasynchronous-unwind-tables -fstack-clash-protection -Werror=return-type -flto=auto -g -O2 -g -DNDEBUG -fPIC -MD -MT src/CMakeFiles/bash_execve_redirector.dir/engines/bash-execve-redirector.c.o -MF CMakeFiles/bash_execve_redirector.dir/engines/bash-execve-redirector.c.o.d -o CMakeFiles/bash_execve_redirector.dir/engines/bash-execve-redirector.c.o -c /home/abuild/rpmbuild/BUILD/kcov-40/src/engines/bash-execve-redirector.c
[  110s] make[2]: Leaving directory '/home/abuild/rpmbuild/BUILD/kcov-40/build'
[  110s] make[2]: Entering directory '/home/abuild/rpmbuild/BUILD/kcov-40/build'
[  110s] [  3%] Building C object src/CMakeFiles/kcov_sowrapper.dir/solib-parser/phdr_data.c.o
[  110s] cd /home/abuild/rpmbuild/BUILD/kcov-40/build/src && /usr/bin/cc -DPACKAGE -DPACKAGE_VERSION -Dkcov_sowrapper_EXPORTS -I/home/abuild/rpmbuild/BUILD/kcov-40/src/include -I/home/abuild/rpmbuild/BUILD/kcov-40/src/../external/lldb/include -O2 -Wall -U_FORTIFY_SOURCE -D_FORTIFY_SOURCE=3 -fstack-protector-strong -funwind-tables -fasynchronous-unwind-tables -fstack-clash-protection -Werror=return-type -flto=auto -g -O2 -g -DNDEBUG -fPIC -MD -MT src/CMakeFiles/kcov_sowrapper.dir/solib-parser/phdr_data.c.o -MF CMakeFiles/kcov_sowrapper.dir/solib-parser/phdr_data.c.o.d -o CMakeFiles/kcov_sowrapper.dir/solib-parser/phdr_data.c.o -c /home/abuild/rpmbuild/BUILD/kcov-40/src/solib-parser/phdr_data.c
[  110s] make[2]: Leaving directory '/home/abuild/rpmbuild/BUILD/kcov-40/build'
[  110s] make[1]: *** [CMakeFiles/Makefile2:130: src/CMakeFiles/kcov_sowrapper.dir/all] Error 2
[  110s] make[1]: *** Waiting for unfinished jobs....
[  112s] make[2]: Entering directory '/home/abuild/rpmbuild/BUILD/kcov-40/build'
[  112s] [ 11%] Linking C shared library libbash_tracefd_cloexec.so
[  112s] cd /home/abuild/rpmbuild/BUILD/kcov-40/build/src && /usr/bin/cmake -E cmake_link_script CMakeFiles/bash_tracefd_cloexec.dir/link.txt --verbose=1
[  112s] /usr/bin/cc -fPIC -O2 -Wall -U_FORTIFY_SOURCE -D_FORTIFY_SOURCE=3 -fstack-protector-strong -funwind-tables -fasynchronous-unwind-tables -fstack-clash-protection -Werror=return-type -flto=auto -g -O2 -g -DNDEBUG -flto=auto -Wl,--as-needed -Wl,--no-undefined -Wl,-z,now -shared -Wl,-soname,libbash_tracefd_cloexec.so -o libbash_tracefd_cloexec.so "CMakeFiles/bash_tracefd_cloexec.dir/engines/bash-tracefd-cloexec.c.o"  -Wl,-Bstatic -ldl -Wl,-Bdynamic 
[  112s] make[2]: Leaving directory '/home/abuild/rpmbuild/BUILD/kcov-40/build'
[  112s] make[1]: Entering directory '/home/abuild/rpmbuild/BUILD/kcov-40/build'
[  112s] [ 14%] Built target bash_tracefd_cloexec
[  112s] make[1]: Leaving directory '/home/abuild/rpmbuild/BUILD/kcov-40/build'
[  113s] make[2]: Entering directory '/home/abuild/rpmbuild/BUILD/kcov-40/build'
[  113s] [ 12%] Linking C shared library libbash_execve_redirector.so
[  113s] cd /home/abuild/rpmbuild/BUILD/kcov-40/build/src && /usr/bin/cmake -E cmake_link_script CMakeFiles/bash_execve_redirector.dir/link.txt --verbose=1
[  113s] /usr/bin/cc -fPIC -O2 -Wall -U_FORTIFY_SOURCE -D_FORTIFY_SOURCE=3 -fstack-protector-strong -funwind-tables -fasynchronous-unwind-tables -fstack-clash-protection -Werror=return-type -flto=auto -g -O2 -g -DNDEBUG -flto=auto -Wl,--as-needed -Wl,--no-undefined -Wl,-z,now -shared -Wl,-soname,libbash_execve_redirector.so -o libbash_execve_redirector.so "CMakeFiles/bash_execve_redirector.dir/engines/bash-execve-redirector.c.o"  -Wl,-Bstatic -ldl -Wl,-Bdynamic 
[  113s] make[2]: Leaving directory '/home/abuild/rpmbuild/BUILD/kcov-40/build'
[  113s] make[1]: Entering directory '/home/abuild/rpmbuild/BUILD/kcov-40/build'
[  113s] [ 15%] Built target bash_execve_redirector
[  113s] make[1]: Leaving directory '/home/abuild/rpmbuild/BUILD/kcov-40/build'
[  113s] make[2]: Entering directory '/home/abuild/rpmbuild/BUILD/kcov-40/build'
[  113s] [ 10%] Building CXX object src/CMakeFiles/kcov-system-daemon.dir/dummy-solib-handler.cc.o
[  113s] cd /home/abuild/rpmbuild/BUILD/kcov-40/build/src && /usr/bin/c++ -DPACKAGE -DPACKAGE_VERSION -I/home/abuild/rpmbuild/BUILD/kcov-40/src/include -I/home/abuild/rpmbuild/BUILD/kcov-40/src/../external/lldb/include -O2 -Wall -U_FORTIFY_SOURCE -D_FORTIFY_SOURCE=3 -fstack-protector-strong -funwind-tables -fasynchronous-unwind-tables -fstack-clash-protection -Werror=return-type -flto=auto -g -std=c++0x -g -Wall -D_GLIBCXX_USE_NANOSLEEP -DKCOV_LIBRARY_PREFIX=/tmp -DKCOV_HAS_LIBBFD=0 -DKCOV_LIBFD_DISASM_STYLED=0 -O2 -g -DNDEBUG -MD -MT src/CMakeFiles/kcov-system-daemon.dir/dummy-solib-handler.cc.o -MF CMakeFiles/kcov-system-daemon.dir/dummy-solib-handler.cc.o.d -o CMakeFiles/kcov-system-daemon.dir/dummy-solib-handler.cc.o -c /home/abuild/rpmbuild/BUILD/kcov-40/src/dummy-solib-handler.cc
[  113s] make[2]: Leaving directory '/home/abuild/rpmbuild/BUILD/kcov-40/build'
[  113s] make[2]: Entering directory '/home/abuild/rpmbuild/BUILD/kcov-40/build'
[  113s] [  6%] Building CXX object src/CMakeFiles/kcov_system_lib.dir/engines/system-mode-binary-lib.cc.o
[  113s] cd /home/abuild/rpmbuild/BUILD/kcov-40/build/src && /usr/bin/c++ -DPACKAGE -DPACKAGE_VERSION -Dkcov_system_lib_EXPORTS -I/home/abuild/rpmbuild/BUILD/kcov-40/src/include -I/home/abuild/rpmbuild/BUILD/kcov-40/src/../external/lldb/include -O2 -Wall -U_FORTIFY_SOURCE -D_FORTIFY_SOURCE=3 -fstack-protector-strong -funwind-tables -fasynchronous-unwind-tables -fstack-clash-protection -Werror=return-type -flto=auto -g -std=c++0x -g -Wall -D_GLIBCXX_USE_NANOSLEEP -DKCOV_LIBRARY_PREFIX=/tmp -DKCOV_HAS_LIBBFD=0 -DKCOV_LIBFD_DISASM_STYLED=0 -O2 -g -DNDEBUG -fPIC -MD -MT src/CMakeFiles/kcov_system_lib.dir/engines/system-mode-binary-lib.cc.o -MF CMakeFiles/kcov_system_lib.dir/engines/system-mode-binary-lib.cc.o.d -o CMakeFiles/kcov_system_lib.dir/engines/system-mode-binary-lib.cc.o -c /home/abuild/rpmbuild/BUILD/kcov-40/src/engines/system-mode-binary-lib.cc
[  113s] make[2]: Leaving directory '/home/abuild/rpmbuild/BUILD/kcov-40/build'
[  115s] make[2]: Entering directory '/home/abuild/rpmbuild/BUILD/kcov-40/build'
[  115s] [ 14%] Building CXX object src/CMakeFiles/kcov-system-daemon.dir/engine-factory.cc.o
[  115s] cd /home/abuild/rpmbuild/BUILD/kcov-40/build/src && /usr/bin/c++ -DPACKAGE -DPACKAGE_VERSION -I/home/abuild/rpmbuild/BUILD/kcov-40/src/include -I/home/abuild/rpmbuild/BUILD/kcov-40/src/../external/lldb/include -O2 -Wall -U_FORTIFY_SOURCE -D_FORTIFY_SOURCE=3 -fstack-protector-strong -funwind-tables -fasynchronous-unwind-tables -fstack-clash-protection -Werror=return-type -flto=auto -g -std=c++0x -g -Wall -D_GLIBCXX_USE_NANOSLEEP -DKCOV_LIBRARY_PREFIX=/tmp -DKCOV_HAS_LIBBFD=0 -DKCOV_LIBFD_DISASM_STYLED=0 -O2 -g -DNDEBUG -MD -MT src/CMakeFiles/kcov-system-daemon.dir/engine-factory.cc.o -MF CMakeFiles/kcov-system-daemon.dir/engine-factory.cc.o.d -o CMakeFiles/kcov-system-daemon.dir/engine-factory.cc.o -c /home/abuild/rpmbuild/BUILD/kcov-40/src/engine-factory.cc
[  115s] make[2]: Leaving directory '/home/abuild/rpmbuild/BUILD/kcov-40/build'
[  117s] make[2]: Entering directory '/home/abuild/rpmbuild/BUILD/kcov-40/build'
[  117s] [ 15%] Building CXX object src/CMakeFiles/kcov-system-daemon.dir/engines/system-mode-file-format.cc.o
[  117s] cd /home/abuild/rpmbuild/BUILD/kcov-40/build/src && /usr/bin/c++ -DPACKAGE -DPACKAGE_VERSION -I/home/abuild/rpmbuild/BUILD/kcov-40/src/include -I/home/abuild/rpmbuild/BUILD/kcov-40/src/../external/lldb/include -O2 -Wall -U_FORTIFY_SOURCE -D_FORTIFY_SOURCE=3 -fstack-protector-strong -funwind-tables -fasynchronous-unwind-tables -fstack-clash-protection -Werror=return-type -flto=auto -g -std=c++0x -g -Wall -D_GLIBCXX_USE_NANOSLEEP -DKCOV_LIBRARY_PREFIX=/tmp -DKCOV_HAS_LIBBFD=0 -DKCOV_LIBFD_DISASM_STYLED=0 -O2 -g -DNDEBUG -MD -MT src/CMakeFiles/kcov-system-daemon.dir/engines/system-mode-file-format.cc.o -MF CMakeFiles/kcov-system-daemon.dir/engines/system-mode-file-format.cc.o.d -o CMakeFiles/kcov-system-daemon.dir/engines/system-mode-file-format.cc.o -c /home/abuild/rpmbuild/BUILD/kcov-40/src/engines/system-mode-file-format.cc
[  117s] make[2]: Leaving directory '/home/abuild/rpmbuild/BUILD/kcov-40/build'
[  118s] make[2]: Entering directory '/home/abuild/rpmbuild/BUILD/kcov-40/build'
[  118s] [ 17%] Building CXX object src/CMakeFiles/kcov-system-daemon.dir/engines/ptrace_linux.cc.o
[  118s] cd /home/abuild/rpmbuild/BUILD/kcov-40/build/src && /usr/bin/c++ -DPACKAGE -DPACKAGE_VERSION -I/home/abuild/rpmbuild/BUILD/kcov-40/src/include -I/home/abuild/rpmbuild/BUILD/kcov-40/src/../external/lldb/include -O2 -Wall -U_FORTIFY_SOURCE -D_FORTIFY_SOURCE=3 -fstack-protector-strong -funwind-tables -fasynchronous-unwind-tables -fstack-clash-protection -Werror=return-type -flto=auto -g -std=c++0x -g -Wall -D_GLIBCXX_USE_NANOSLEEP -DKCOV_LIBRARY_PREFIX=/tmp -DKCOV_HAS_LIBBFD=0 -DKCOV_LIBFD_DISASM_STYLED=0 -O2 -g -DNDEBUG -MD -MT src/CMakeFiles/kcov-system-daemon.dir/engines/ptrace_linux.cc.o -MF CMakeFiles/kcov-system-daemon.dir/engines/ptrace_linux.cc.o.d -o CMakeFiles/kcov-system-daemon.dir/engines/ptrace_linux.cc.o -c /home/abuild/rpmbuild/BUILD/kcov-40/src/engines/ptrace_linux.cc
[  118s] /home/abuild/rpmbuild/BUILD/kcov-40/src/engines/ptrace_linux.cc:46:3: error: #error Unsupported architecture
[  118s]    46 | # error Unsupported architecture
[  118s]       |   ^~~~~
[  118s] /home/abuild/rpmbuild/BUILD/kcov-40/src/engines/ptrace_linux.cc:65:3: error: #error Unsupported architecture
[  118s]    65 | # error Unsupported architecture
[  118s]       |   ^~~~~
[  118s] make[2]: *** [src/CMakeFiles/kcov-system-daemon.dir/build.make:153: src/CMakeFiles/kcov-system-daemon.dir/engines/ptrace_linux.cc.o] Error 1
[  118s] make[2]: Leaving directory '/home/abuild/rpmbuild/BUILD/kcov-40/build'
[  118s] make[2]: *** Waiting for unfinished jobs....
[  120s] make[2]: Entering directory '/home/abuild/rpmbuild/BUILD/kcov-40/build'
[  120s] [ 16%] Building CXX object src/CMakeFiles/kcov-system-daemon.dir/engines/ptrace.cc.o
[  120s] cd /home/abuild/rpmbuild/BUILD/kcov-40/build/src && /usr/bin/c++ -DPACKAGE -DPACKAGE_VERSION -I/home/abuild/rpmbuild/BUILD/kcov-40/src/include -I/home/abuild/rpmbuild/BUILD/kcov-40/src/../external/lldb/include -O2 -Wall -U_FORTIFY_SOURCE -D_FORTIFY_SOURCE=3 -fstack-protector-strong -funwind-tables -fasynchronous-unwind-tables -fstack-clash-protection -Werror=return-type -flto=auto -g -std=c++0x -g -Wall -D_GLIBCXX_USE_NANOSLEEP -DKCOV_LIBRARY_PREFIX=/tmp -DKCOV_HAS_LIBBFD=0 -DKCOV_LIBFD_DISASM_STYLED=0 -O2 -g -DNDEBUG -MD -MT src/CMakeFiles/kcov-system-daemon.dir/engines/ptrace.cc.o -MF CMakeFiles/kcov-system-daemon.dir/engines/ptrace.cc.o.d -o CMakeFiles/kcov-system-daemon.dir/engines/ptrace.cc.o -c /home/abuild/rpmbuild/BUILD/kcov-40/src/engines/ptrace.cc
[  120s] /home/abuild/rpmbuild/BUILD/kcov-40/src/engines/ptrace.cc:54:3: error: #error Unsupported architecture
[  120s]    54 | # error Unsupported architecture
[  120s]       |   ^~~~~
[  120s] make[2]: *** [src/CMakeFiles/kcov-system-daemon.dir/build.make:139: src/CMakeFiles/kcov-system-daemon.dir/engines/ptrace.cc.o] Error 1
[  120s] make[2]: Leaving directory '/home/abuild/rpmbuild/BUILD/kcov-40/build'
[  122s] make[2]: Entering directory '/home/abuild/rpmbuild/BUILD/kcov-40/build'
[  122s] [ 23%] Building CXX object src/CMakeFiles/kcov_system_lib.dir/system-mode/registration.cc.o
[  122s] cd /home/abuild/rpmbuild/BUILD/kcov-40/build/src && /usr/bin/c++ -DPACKAGE -DPACKAGE_VERSION -Dkcov_system_lib_EXPORTS -I/home/abuild/rpmbuild/BUILD/kcov-40/src/include -I/home/abuild/rpmbuild/BUILD/kcov-40/src/../external/lldb/include -O2 -Wall -U_FORTIFY_SOURCE -D_FORTIFY_SOURCE=3 -fstack-protector-strong -funwind-tables -fasynchronous-unwind-tables -fstack-clash-protection -Werror=return-type -flto=auto -g -std=c++0x -g -Wall -D_GLIBCXX_USE_NANOSLEEP -DKCOV_LIBRARY_PREFIX=/tmp -DKCOV_HAS_LIBBFD=0 -DKCOV_LIBFD_DISASM_STYLED=0 -O2 -g -DNDEBUG -fPIC -MD -MT src/CMakeFiles/kcov_system_lib.dir/system-mode/registration.cc.o -MF CMakeFiles/kcov_system_lib.dir/system-mode/registration.cc.o.d -o CMakeFiles/kcov_system_lib.dir/system-mode/registration.cc.o -c /home/abuild/rpmbuild/BUILD/kcov-40/src/system-mode/registration.cc
[  122s] make[2]: Leaving directory '/home/abuild/rpmbuild/BUILD/kcov-40/build'
[  122s] make[2]: Entering directory '/home/abuild/rpmbuild/BUILD/kcov-40/build'
[  122s] [  8%] Building CXX object src/CMakeFiles/kcov-system-daemon.dir/configuration.cc.o
[  122s] cd /home/abuild/rpmbuild/BUILD/kcov-40/build/src && /usr/bin/c++ -DPACKAGE -DPACKAGE_VERSION -I/home/abuild/rpmbuild/BUILD/kcov-40/src/include -I/home/abuild/rpmbuild/BUILD/kcov-40/src/../external/lldb/include -O2 -Wall -U_FORTIFY_SOURCE -D_FORTIFY_SOURCE=3 -fstack-protector-strong -funwind-tables -fasynchronous-unwind-tables -fstack-clash-protection -Werror=return-type -flto=auto -g -std=c++0x -g -Wall -D_GLIBCXX_USE_NANOSLEEP -DKCOV_LIBRARY_PREFIX=/tmp -DKCOV_HAS_LIBBFD=0 -DKCOV_LIBFD_DISASM_STYLED=0 -O2 -g -DNDEBUG -MD -MT src/CMakeFiles/kcov-system-daemon.dir/configuration.cc.o -MF CMakeFiles/kcov-system-daemon.dir/configuration.cc.o.d -o CMakeFiles/kcov-system-daemon.dir/configuration.cc.o -c /home/abuild/rpmbuild/BUILD/kcov-40/src/configuration.cc
[  122s] make[2]: Leaving directory '/home/abuild/rpmbuild/BUILD/kcov-40/build'
[  125s] make[2]: Entering directory '/home/abuild/rpmbuild/BUILD/kcov-40/build'
[  125s] [ 19%] Building CXX object src/CMakeFiles/kcov_system_lib.dir/utils.cc.o
[  125s] cd /home/abuild/rpmbuild/BUILD/kcov-40/build/src && /usr/bin/c++ -DPACKAGE -DPACKAGE_VERSION -Dkcov_system_lib_EXPORTS -I/home/abuild/rpmbuild/BUILD/kcov-40/src/include -I/home/abuild/rpmbuild/BUILD/kcov-40/src/../external/lldb/include -O2 -Wall -U_FORTIFY_SOURCE -D_FORTIFY_SOURCE=3 -fstack-protector-strong -funwind-tables -fasynchronous-unwind-tables -fstack-clash-protection -Werror=return-type -flto=auto -g -std=c++0x -g -Wall -D_GLIBCXX_USE_NANOSLEEP -DKCOV_LIBRARY_PREFIX=/tmp -DKCOV_HAS_LIBBFD=0 -DKCOV_LIBFD_DISASM_STYLED=0 -O2 -g -DNDEBUG -fPIC -MD -MT src/CMakeFiles/kcov_system_lib.dir/utils.cc.o -MF CMakeFiles/kcov_system_lib.dir/utils.cc.o.d -o CMakeFiles/kcov_system_lib.dir/utils.cc.o -c /home/abuild/rpmbuild/BUILD/kcov-40/src/utils.cc
[  125s] make[2]: Leaving directory '/home/abuild/rpmbuild/BUILD/kcov-40/build'
[  126s] make[2]: Entering directory '/home/abuild/rpmbuild/BUILD/kcov-40/build'
[  126s] [ 21%] Building CXX object src/CMakeFiles/kcov-system-daemon.dir/gcov.cc.o
[  126s] cd /home/abuild/rpmbuild/BUILD/kcov-40/build/src && /usr/bin/c++ -DPACKAGE -DPACKAGE_VERSION -I/home/abuild/rpmbuild/BUILD/kcov-40/src/include -I/home/abuild/rpmbuild/BUILD/kcov-40/src/../external/lldb/include -O2 -Wall -U_FORTIFY_SOURCE -D_FORTIFY_SOURCE=3 -fstack-protector-strong -funwind-tables -fasynchronous-unwind-tables -fstack-clash-protection -Werror=return-type -flto=auto -g -std=c++0x -g -Wall -D_GLIBCXX_USE_NANOSLEEP -DKCOV_LIBRARY_PREFIX=/tmp -DKCOV_HAS_LIBBFD=0 -DKCOV_LIBFD_DISASM_STYLED=0 -O2 -g -DNDEBUG -MD -MT src/CMakeFiles/kcov-system-daemon.dir/gcov.cc.o -MF CMakeFiles/kcov-system-daemon.dir/gcov.cc.o.d -o CMakeFiles/kcov-system-daemon.dir/gcov.cc.o -c /home/abuild/rpmbuild/BUILD/kcov-40/src/gcov.cc
[  126s] make[2]: Leaving directory '/home/abuild/rpmbuild/BUILD/kcov-40/build'
[  135s] make[2]: Entering directory '/home/abuild/rpmbuild/BUILD/kcov-40/build'
[  135s] [ 24%] Linking CXX shared library libkcov_system_lib.so
[  135s] cd /home/abuild/rpmbuild/BUILD/kcov-40/build/src && /usr/bin/cmake -E cmake_link_script CMakeFiles/kcov_system_lib.dir/link.txt --verbose=1
[  135s] /usr/bin/c++ -fPIC -O2 -Wall -U_FORTIFY_SOURCE -D_FORTIFY_SOURCE=3 -fstack-protector-strong -funwind-tables -fasynchronous-unwind-tables -fstack-clash-protection -Werror=return-type -flto=auto -g -std=c++0x -g -Wall -D_GLIBCXX_USE_NANOSLEEP -DKCOV_LIBRARY_PREFIX=/tmp -DKCOV_HAS_LIBBFD=0 -DKCOV_LIBFD_DISASM_STYLED=0 -O2 -g -DNDEBUG -flto=auto -Wl,--as-needed -Wl,--no-undefined -Wl,-z,now -shared -Wl,-soname,libkcov_system_lib.so -o libkcov_system_lib.so "CMakeFiles/kcov_system_lib.dir/engines/system-mode-binary-lib.cc.o" CMakeFiles/kcov_system_lib.dir/utils.cc.o "CMakeFiles/kcov_system_lib.dir/system-mode/registration.cc.o"  -Wl,-Bstatic -ldl -Wl,-Bdynamic -lcurl -lssl -lcrypto -lz 
[  135s] make[2]: Leaving directory '/home/abuild/rpmbuild/BUILD/kcov-40/build'
[  135s] make[1]: Entering directory '/home/abuild/rpmbuild/BUILD/kcov-40/build'
[  135s] [ 24%] Built target kcov_system_lib
[  135s] make[1]: Leaving directory '/home/abuild/rpmbuild/BUILD/kcov-40/build'
[  140s] make[2]: Entering directory '/home/abuild/rpmbuild/BUILD/kcov-40/build'
[  140s] [ 20%] Building CXX object src/CMakeFiles/kcov-system-daemon.dir/filter.cc.o
[  140s] cd /home/abuild/rpmbuild/BUILD/kcov-40/build/src && /usr/bin/c++ -DPACKAGE -DPACKAGE_VERSION -I/home/abuild/rpmbuild/BUILD/kcov-40/src/include -I/home/abuild/rpmbuild/BUILD/kcov-40/src/../external/lldb/include -O2 -Wall -U_FORTIFY_SOURCE -D_FORTIFY_SOURCE=3 -fstack-protector-strong -funwind-tables -fasynchronous-unwind-tables -fstack-clash-protection -Werror=return-type -flto=auto -g -std=c++0x -g -Wall -D_GLIBCXX_USE_NANOSLEEP -DKCOV_LIBRARY_PREFIX=/tmp -DKCOV_HAS_LIBBFD=0 -DKCOV_LIBFD_DISASM_STYLED=0 -O2 -g -DNDEBUG -MD -MT src/CMakeFiles/kcov-system-daemon.dir/filter.cc.o -MF CMakeFiles/kcov-system-daemon.dir/filter.cc.o.d -o CMakeFiles/kcov-system-daemon.dir/filter.cc.o -c /home/abuild/rpmbuild/BUILD/kcov-40/src/filter.cc
[  140s] make[2]: Leaving directory '/home/abuild/rpmbuild/BUILD/kcov-40/build'
[  140s] make[1]: *** [CMakeFiles/Makefile2:263: src/CMakeFiles/kcov-system-daemon.dir/all] Error 2
[  140s] make: *** [Makefile:159: all] Error 2
[  140s] error: Bad exit status from /var/tmp/rpm-tmp.RfbRPf (%build)
[  140s] 
[  140s] RPM build errors:
[  140s]     Bad exit status from /var/tmp/rpm-tmp.RfbRPf (%build)
[  140s] ### VM INTERACTION START ###
[  141s] [  137.285041][    T1] sysrq: Power Off
[  141s] [  137.287565][    T7] reboot: Power down
[  141s] ### VM INTERACTION END ###
[  141s] 
[  141s] sheep88 failed "build kcov.spec" at Fri Sep 30 16:02:34 UTC 2022.
[  141s] 
