[    0s] Using BUILD_ROOT=/var/cache/obs/worker/root_3/.mount
[    0s] Using BUILD_ARCH=riscv64
[    0s] Doing kvm build in /var/cache/obs/worker/root_3/root
[    0s] 
[    0s] 
[    0s] hci-snode3-m0 started "build mdbook.spec" at Tue Jan 24 03:30:01 UTC 2023.
[    0s] 
[    0s] Building mdbook for project 'openSUSE:Factory:RISCV' repository 'standard' arch 'riscv64' srcmd5 'b91dfd3683644afedd1d15bdfaa181e4'
[    0s] 
[    0s] processing recipe /var/cache/obs/worker/root_3/.build-srcdir/mdbook.spec ...
[    0s] running changelog2spec --target rpm --file /var/cache/obs/worker/root_3/.build-srcdir/mdbook.spec
[    0s] init_buildsystem --configdir /var/run/obs/worker/3/build/configs --cachedir /var/cache/build --prepare --clean --rpmlist /var/cache/obs/worker/root_3/.build.rpmlist /var/cache/obs/worker/root_3/.build-srcdir/mdbook.spec build ...
[    1s] unpacking preinstall image openSUSE:Factory:RISCV/standard/preinstallimage-base [bc34219ff31c06e2137371208e66ec40]
[    5s] 
[    5s] copying packages...
[    5s] reordering...done
[    5s] Detected virtio-serial support
[    8s] booting kvm...
[    8s] ### VM INTERACTION START ###
[    8s] Using virtio-serial support
[    8s] /usr/bin/qemu-kvm -nodefaults -no-reboot -nographic -vga none -cpu host -M pc,accel=kvm,usb=off,dump-guest-core=off,vmport=off -sandbox on -bios /usr/share/qemu/qboot.rom -object rng-random,filename=/dev/random,id=rng0 -device virtio-rng-pci,rng=rng0 -object iothread,id=io0 -runas qemu -net none -kernel /var/cache/obs/worker/root_3/.mount/boot/kernel -initrd /var/cache/obs/worker/root_3/.mount/boot/initrd -append root=/dev/disk/by-id/virtio-0 rootfstype=ext4 rootflags=noatime kvmclock mitigations=off elevator=noop nmi_watchdog=0 rw rd.driver.pre=binfmt_misc oops=panic panic=1 quiet console=hvc0 init=/.build/initvm.x86_64 -m 8192 -drive file=/var/cache/obs/worker/root_3/root,format=raw,if=none,id=disk,cache=unsafe,aio=io_uring -device virtio-blk-pci,iothread=io0,drive=disk,serial=0 -drive file=/var/cache/obs/worker/root_3/swap,format=raw,if=none,id=swap,cache=unsafe,aio=io_uring -device virtio-blk-pci,iothread=io0,drive=swap,serial=1 -device virtio-serial,max_ports=2 -device virtconsole,chardev=virtiocon0 -chardev stdio,id=virtiocon0 -chardev socket,id=monitor,server=on,wait=off,path=/var/cache/obs/worker/root_3/root.qemu/monitor -mon chardev=monitor,mode=readline -smp 8
[   17s] ### VM INTERACTION END ###
[   17s] 2nd stage started in virtual machine
[   18s] machine type: riscv64
[   19s] Linux version: 6.1.7-1-default #1 SMP PREEMPT_DYNAMIC Wed Jan 18 11:12:34 UTC 2023 (872045c)
[   19s] Increasing log level from now on...
[   19s] [    9.553862][  T412] sysrq: Changing Loglevel
[   19s] [    9.554017][  T412] sysrq: Loglevel set to 4
[   19s] Enable sysrq operations
[   20s] Setting up swapspace version 1, size = 2 GiB (2147479552 bytes)
[   20s] no label, UUID=a3e5a4ed-af3e-4748-a79e-02f891760f10
[   20s] swapon: /dev/vdb: found signature [pagesize=4096, signature=swap]
[   20s] swapon: /dev/vdb: pagesize=4096, swapsize=2147483648, devsize=2147483648
[   20s] swapon /dev/vdb
[   20s] WARNING: udev not running, creating extra device nodes
[   22s] logging output to //.build.log...
[   22s] processing recipe /.build-srcdir/mdbook.spec ...
[   22s] init_buildsystem --configdir /.build/configs --cachedir /var/cache/build /.build-srcdir/mdbook.spec build ...
[   23s] initializing rpm db...
[   24s] querying package ids...
[   72s] [1/153] preinstalled aaa_base-84.87+git20220822.6b9f7a3-1.1
[   72s] [2/153] preinstalled aaa_base-malloccheck-84.87+git20220822.6b9f7a3-1.1
[   72s] [3/153] preinstalled attr-2.5.1-1.1
[   72s] [4/153] preinstalled bash-5.2.15-8.1
[   72s] [5/153] preinstalled bash-sh-5.2.15-8.1
[   72s] [6/153] preinstalled binutils-2.39-2.1
[   72s] [7/153] preinstalled brp-check-suse-84.87+git20221115.2f7add6-1.1
[   72s] [8/153] preinstalled build-compare-20221206T204012.bb70754-1.2
[   72s] [9/153] preinstalled build-mkbaselibs-20230105-1.1
[   72s] [10/153] preinstalled bzip2-1.0.8-4.1
[   72s] [11/153] preinstalled chkstat-1599_20221220-1.2
[   72s] [12/153] preinstalled compat-usrmerge-build-84.87-5.1
[   72s] [13/153] preinstalled compat-usrmerge-tools-84.87-5.1
[   72s] [14/153] preinstalled coreutils-9.1-5.1
[   72s] [15/153] preinstalled cpio-2.13-5.1
[   72s] [16/153] preinstalled cpp-12-2.1
[   72s] [17/153] preinstalled cpp12-12.2.1+git537-1.2
[   72s] [18/153] cumulate crypto-policies-20210917.c9d86d1-1.1
[   72s] [19/153] preinstalled debugedit-5.0-5.1
[   72s] [20/153] preinstalled diffutils-3.9-1.1
[   72s] [21/153] preinstalled dwz-0.15-2.1
[   72s] [22/153] preinstalled elfutils-0.188-3.2
[   72s] [23/153] preinstalled file-5.44-1.1
[   72s] [24/153] preinstalled file-magic-5.44-1.1
[   72s] [25/153] preinstalled filesystem-84.87-11.1
[   72s] [26/153] preinstalled fillup-1.42-279.1
[   72s] [27/153] preinstalled findutils-4.9.0-2.1
[   72s] [28/153] preinstalled gawk-5.2.1-2.1
[   72s] [29/153] preinstalled gcc-12-2.1
[   72s] [30/153] preinstalled gcc-PIE-12-2.1
[   72s] [31/153] preinstalled gcc12-12.2.1+git537-1.2
[   72s] [32/153] preinstalled gcc12-PIE-12.2.1+git537-1.2
[   72s] [33/153] preinstalled gettext-runtime-mini-0.21.1-1.1
[   72s] [34/153] preinstalled gettext-tools-mini-0.21.1-1.1
[   72s] [35/153] preinstalled glibc-2.36-9.1
[   72s] [36/153] preinstalled glibc-devel-2.36-9.1
[   72s] [37/153] preinstalled glibc-locale-base-2.36-9.1
[   72s] [38/153] preinstalled grep-3.8-3.1
[   72s] [39/153] preinstalled gzip-1.12-3.1
[   72s] [40/153] preinstalled kernel-obs-build-6.1.7-1.1
[   72s] [41/153] preinstalled libacl1-2.3.1-2.1
[   72s] [42/153] preinstalled libasan8-13.0.0+git197351-5.1
[   72s] [43/153] preinstalled libasm1-0.188-3.2
[   72s] [44/153] preinstalled libatomic1-13.0.0+git197351-5.1
[   72s] [45/153] preinstalled libattr1-2.5.1-1.1
[   72s] [46/153] preinstalled libaudit1-3.0.6-4.1
[   72s] [47/153] preinstalled libblkid1-2.38.1-5.1
[   72s] [48/153] cumulate libbrotlicommon1-1.0.9-1.1
[   72s] [49/153] preinstalled libbz2-1-1.0.8-4.1
[   73s] [50/153] preinstalled libcap-ng0-0.8.3-1.1
[   73s] [51/153] preinstalled libcap2-2.66-1.1
[   73s] [52/153] cumulate libcom_err2-1.46.5-4.1
[   73s] [53/153] preinstalled libcrypt1-4.4.33-1.1
[   73s] [54/153] preinstalled libctf-nobfd0-2.39-2.1
[   73s] [55/153] preinstalled libctf0-2.39-2.1
[   73s] [56/153] preinstalled libdb-4_8-4.8.30-39.1
[   73s] [57/153] preinstalled libdw1-0.188-3.2
[   73s] [58/153] preinstalled libeconf0-0.5.1-1.1
[   73s] [59/153] cumulate libedit0-20210910.3.1-1.1
[   73s] [60/153] preinstalled libelf1-0.188-3.2
[   73s] [61/153] preinstalled libfdisk1-2.38.1-5.1
[   73s] [62/153] preinstalled libgcc_s1-13.0.0+git197351-5.1
[   73s] [63/153] preinstalled libgcrypt20-1.10.1-1.1
[   73s] [64/153] preinstalled libgdbm6-1.23-1.1
[   73s] [65/153] preinstalled libgdbm_compat4-1.23-1.1
[   73s] [66/153] preinstalled libgmp10-6.2.1-4.1
[   73s] [67/153] preinstalled libgomp1-13.0.0+git197351-5.1
[   73s] [68/153] preinstalled libgpg-error0-1.46-1.1
[   73s] [69/153] preinstalled libisl23-0.25-1.1
[   73s] [70/153] cumulate libkeyutils1-1.6.3-5.1
[   73s] [71/153] preinstalled liblua5_4-5-5.4.4-7.2
[   73s] [72/153] preinstalled liblzma5-5.4.0-1.1
[   73s] [73/153] preinstalled libmagic1-5.44-1.1
[   73s] [74/153] preinstalled libmount1-2.38.1-5.1
[   73s] [75/153] preinstalled libmpc3-1.3.1-1.2
[   73s] [76/153] preinstalled libmpfr6-4.1.1-3.1
[   73s] [77/153] preinstalled libncurses6-6.4.20230114-2.1
[   73s] [78/153] cumulate libnghttp2-14-1.51.0-7.1
[   73s] [79/153] preinstalled libpcre2-8-0-10.42-3.2
[   73s] [80/153] preinstalled libpkgconf3-1.8.0-1.1
[   73s] [81/153] preinstalled libpopt0-1.19-1.1
[   73s] [82/153] preinstalled libreadline8-8.2-2.1
[   73s] [83/153] preinstalled librpmbuild9-4.18.0-3.1
[   73s] [84/153] cumulate libsasl2-3-2.1.28-3.1
[   73s] [85/153] preinstalled libseccomp2-2.5.4-2.1
[   73s] [86/153] preinstalled libselinux1-3.4-2.1
[   73s] [87/153] preinstalled libsemanage-conf-3.4-1.1
[   73s] [88/153] preinstalled libsemanage2-3.4-1.1
[   73s] [89/153] preinstalled libsepol2-3.4-1.1
[   73s] [90/153] preinstalled libsmartcols1-2.38.1-5.1
[   73s] [91/153] cumulate libssh-config-0.10.4-1.1
[   73s] [92/153] preinstalled libstdc++6-13.0.0+git197351-5.1
[   73s] [93/153] preinstalled libsubid4-4.13-3.1
[   73s] [94/153] preinstalled libubsan1-13.0.0+git197351-5.1
[   73s] [95/153] cumulate libunistring5-1.1-1.1
[   73s] [96/153] preinstalled libutempter0-1.2.0-3.2
[   73s] [97/153] preinstalled libuuid1-2.38.1-5.1
[   73s] [98/153] cumulate libverto1-0.3.2-1.1
[   73s] [99/153] preinstalled libxcrypt-devel-4.4.33-1.1
[   73s] [100/153] preinstalled libz1-1.2.13-1.1
[   73s] [101/153] preinstalled libzstd1-1.5.2-2.1
[   73s] [102/153] preinstalled linux-glibc-devel-6.1-1.1
[   73s] [103/153] preinstalled login_defs-4.13-3.1
[   73s] [104/153] preinstalled lua54-5.4.4-7.2
[   73s] [105/153] preinstalled make-4.4-2.1
[   73s] [106/153] preinstalled ncurses-utils-6.4.20230114-2.1
[   73s] [107/153] preinstalled pam-1.5.2-11.2
[   73s] [108/153] preinstalled patch-2.7.6-6.1
[   73s] [109/153] preinstalled perl-5.36.0-4.1
[   73s] [110/153] preinstalled perl-base-5.36.0-4.1
[   73s] [111/153] preinstalled permissions-1599_20221220-1.2
[   73s] [112/153] preinstalled permissions-config-1599_20221220-1.2
[   73s] [113/153] preinstalled pkgconf-1.8.0-1.1
[   73s] [114/153] preinstalled pkgconf-m4-1.8.0-1.1
[   73s] [115/153] preinstalled pkgconf-pkg-config-1.8.0-1.1
[   73s] [116/153] preinstalled polkit-default-privs-1550+20221102.9f111fa-1.1
[   73s] [117/153] preinstalled post-build-checks-84.87+git20230106.3a359c5-1.1
[   73s] [118/153] preinstalled qemu-linux-user-7.1.0-47.1
[   73s] [119/153] preinstalled rpm-4.18.0-3.1
[   73s] [120/153] preinstalled rpm-build-4.18.0-3.1
[   73s] [121/153] preinstalled rpm-build-perl-4.18.0-3.1
[   73s] [122/153] preinstalled rpm-config-SUSE-20220926-1.1
[   73s] [123/153] preinstalled rpmlint-mini-2.4.0+git20230119.40d52b0-8.50
[   73s] [124/153] preinstalled rpmlint-strict-2.4.0+git20230119.40d52b0-1.1
[   73s] [125/153] preinstalled sed-4.9-2.1
[   73s] [126/153] preinstalled shadow-4.13-3.1
[   73s] [127/153] preinstalled system-group-hardware-20170617-24.1
[   73s] [128/153] preinstalled system-user-root-20190513-2.1
[   73s] [129/153] preinstalled systemd-rpm-macros-18-1.1
[   73s] [130/153] preinstalled sysuser-shadow-3.1-5.1
[   73s] [131/153] preinstalled tar-1.34-9.1
[   73s] [132/153] preinstalled terminfo-base-6.4.20230114-2.1
[   73s] [133/153] preinstalled update-alternatives-1.21.8-1.1
[   73s] [134/153] preinstalled util-linux-2.38.1-5.1
[   73s] [135/153] preinstalled which-2.21-5.1
[   73s] [136/153] preinstalled xz-5.4.0-1.1
[   73s] [137/153] cumulate zstd-1.5.2-2.1
[   73s] [138/153] cumulate libLLVM15-15.0.7-1.1
[   73s] [139/153] cumulate libbrotlidec1-1.0.9-1.1
[   73s] [140/153] cumulate libidn2-0-2.3.4-1.1
[   73s] [141/153] cumulate libopenssl1_1-1.1.1s-2.2
[   73s] [142/153] cumulate krb5-mini-1.20.1-2.2
[   73s] [143/153] cumulate lld15-15.0.7-1.1
[   73s] [144/153] cumulate libldap2-2.6.3-3.1
[   73s] [145/153] cumulate libpsl5-0.21.2-1.1
[   73s] [146/153] cumulate libssh4-0.10.4-1.1
[   73s] [147/153] cumulate rust1.66-1.66.0-2.1
[   73s] [148/153] cumulate libcurl4-7.87.0-1.2
[   73s] [149/153] cumulate rust-1.66.0-1.2
[   73s] [150/153] cumulate cargo1.66-1.66.0-2.1
[   73s] [151/153] cumulate cargo-1.66.0-1.2
[   73s] [152/153] cumulate cargo-auditable-0.5.2~0-1.1
[   73s] [153/153] cumulate cargo-packaging-1.1.0+0-1.1
[   73s] now installing cumulated packages
[   74s] Preparing...                          ########################################
[   74s] Updating / installing...
[   75s] libunistring5-1.1-1.1                 ########################################
[   76s] libidn2-0-2.3.4-1.1                   ########################################
[   76s] libpsl5-0.21.2-1.1                    ########################################
[   76s] zstd-1.5.2-2.1                        ########################################
[   76s] libverto1-0.3.2-1.1                   ########################################
[   77s] libssh-config-0.10.4-1.1              ########################################
[   77s] libsasl2-3-2.1.28-3.1                 ########################################
[   77s] libnghttp2-14-1.51.0-7.1              ########################################
[   77s] libkeyutils1-1.6.3-5.1                ########################################
[   77s] libedit0-20210910.3.1-1.1             ########################################
[  105s] libLLVM15-15.0.7-1.1                  ########################################
[  106s] lld15-15.0.7-1.1                      ########################################
[  107s] update-alternatives: using /usr/bin/lld-15.0.7 to provide /usr/bin/lld (lld) in auto mode
[  107s] libcom_err2-1.46.5-4.1                ########################################
[  109s] krb5-mini-1.20.1-2.2                  ########################################
[  109s] Updating /etc/sysconfig/kadmind ...
[  109s] Updating /etc/sysconfig/krb5kdc ...
[  110s] libbrotlicommon1-1.0.9-1.1            ########################################
[  110s] libbrotlidec1-1.0.9-1.1               ########################################
[  110s] crypto-policies-20210917.c9d86d1-1.1  ########################################
[  111s] libopenssl1_1-1.1.1s-2.2              ########################################
[  112s] libldap2-2.6.3-3.1                    ########################################
[  112s] libssh4-0.10.4-1.1                    ########################################
[  113s] libcurl4-7.87.0-1.2                   ########################################
[  113s] rust-1.66.0-1.2                       ########################################
[  172s] rust1.66-1.66.0-2.1                   ########################################
[  177s] cargo1.66-1.66.0-2.1                  ########################################
[  177s] cargo-1.66.0-1.2                      ########################################
[  177s] cargo-auditable-0.5.2~0-1.1           ########################################
[  178s] cargo-packaging-1.1.0+0-1.1           ########################################
[  180s] now finalizing build dir...
[  180s] ... running 01-add_abuild_user_to_trusted_group
[  181s] ... running 02-set_timezone_to_utc
[  181s] ... running 03-set-permissions-secure
[  182s] ... running 11-hack_uname_version_to_kernel_version
[  193s] Running build time source services...
[  199s] -----------------------------------------------------------------
[  199s] I have the following modifications for mdbook.spec:
[  200s] 21c21
[  200s] < Release:        0
[  200s] ---
[  200s] > Release:        3.1
[  216s] build target is riscv64-suse-linux
[  216s] -----------------------------------------------------------------
[  216s] ----- building mdbook.spec (user abuild)
[  216s] -----------------------------------------------------------------
[  216s] -----------------------------------------------------------------
[  225s] + exec rpmbuild -ba --define '_srcdefattr (-,root,root)' --nosignature --target=riscv64-suse-linux --define '_build_create_debug 1' --define 'disturl obs://build.opensuse.org/openSUSE:Factory:RISCV/standard/b91dfd3683644afedd1d15bdfaa181e4-mdbook' /home/abuild/rpmbuild/SOURCES/mdbook.spec
[  226s] Building target platforms: riscv64-suse-linux
[  226s] Building for target riscv64-suse-linux
[  226s] setting SOURCE_DATE_EPOCH=1673740800
[  226s] Executing(%prep): /usr/bin/bash -e /var/tmp/rpm-tmp.tyLnkG
[  226s] + umask 022
[  226s] + cd /home/abuild/rpmbuild/BUILD
[  226s] + cd /home/abuild/rpmbuild/BUILD
[  226s] + rm -rf mdBook-0.4.25
[  227s] + /usr/lib/rpm/rpmuncompress -x /home/abuild/rpmbuild/SOURCES/mdBook-0.4.25.tar.xz
[  229s] + STATUS=0
[  229s] + '[' 0 -ne 0 ']'
[  229s] + cd mdBook-0.4.25
[  229s] + /usr/lib/rpm/rpmuncompress -x /home/abuild/rpmbuild/SOURCES/vendor.tar.xz
[  274s] + STATUS=0
[  274s] + '[' 0 -ne 0 ']'
[  274s] + /usr/bin/chmod -Rf a+rX,u+w,g-w,o-w .
[  274s] + mkdir .cargo
[  274s] + cp /home/abuild/rpmbuild/SOURCES/cargo_config .cargo/config
[  274s] + RPM_EC=0
[  275s] ++ jobs -p
[  275s] + exit 0
[  275s] Executing(%build): /usr/bin/bash -e /var/tmp/rpm-tmp.FFU2eq
[  275s] + umask 022
[  275s] + cd /home/abuild/rpmbuild/BUILD
[  275s] + /usr/bin/rm -rf /home/abuild/rpmbuild/BUILDROOT/mdbook-0.4.25-3.1.riscv64
[  275s] ++ dirname /home/abuild/rpmbuild/BUILDROOT/mdbook-0.4.25-3.1.riscv64
[  275s] + /usr/bin/mkdir -p /home/abuild/rpmbuild/BUILDROOT
[  275s] + /usr/bin/mkdir /home/abuild/rpmbuild/BUILDROOT/mdbook-0.4.25-3.1.riscv64
[  275s] + cd mdBook-0.4.25
[  275s] + ref=/usr/lib/rpm
[  275s] + mints=0
[  275s] + case $(uname -m) in
[  275s] ++ uname -m
[  276s] + mints=20160911
[  276s] + for s in guess sub
[  276s] ++ find -maxdepth 8 -name config.guess
[  277s] + for s in guess sub
[  277s] ++ find -maxdepth 8 -name config.sub
[  277s] + unset LIBSSH2_SYS_USE_PKG_CONFIG
[  277s] + [[ -z '' ]]
[  277s] + CARGO_AUDITABLE=auditable
[  277s] + CARGO_FEATURE_VENDORED=1
[  277s] + RUSTFLAGS='-Clink-arg=-Wl,-z,relro,-z,now -C debuginfo=2 -C incremental=false'
[  277s] + /usr/bin/cargo auditable build -j8 --offline --release --all-features
[  299s]    Compiling proc-macro2 v1.0.49
[  299s]    Compiling quote v1.0.23
[  299s]    Compiling unicode-ident v1.0.6
[  299s]    Compiling libc v0.2.139
[  299s]    Compiling syn v1.0.107
[  299s]    Compiling cfg-if v1.0.0
[  299s]    Compiling autocfg v1.1.0
[  299s]    Compiling version_check v0.9.4
[  305s]    Compiling log v0.4.17
[  314s]    Compiling memchr v2.5.0
[  333s]    Compiling itoa v1.0.5
[  346s]    Compiling thiserror v1.0.38
[  348s]    Compiling serde_derive v1.0.152
[  350s]    Compiling bitflags v1.3.2
[  354s]    Compiling bytes v1.3.0
[  366s]    Compiling serde v1.0.152
[  376s]    Compiling typenum v1.16.0
[  405s]    Compiling once_cell v1.17.0
[  412s]    Compiling getrandom v0.2.8
[  414s]    Compiling generic-array v0.14.6
[  420s]    Compiling futures-core v0.3.25
[  428s]    Compiling rand_core v0.6.4
[  434s]    Compiling pin-project-lite v0.2.9
[  436s]    Compiling ppv-lite86 v0.2.17
[  437s]    Compiling mio v0.8.5
[  442s]    Compiling unicase v2.6.0
[  448s]    Compiling fnv v1.0.7
[  452s]    Compiling siphasher v0.3.10
[  457s]    Compiling http v0.2.8
[  467s]    Compiling rand_chacha v0.3.1
[  480s]    Compiling phf_shared v0.10.0
[  480s]    Compiling tokio v1.24.1
[  496s]    Compiling rand v0.8.5
[  504s]    Compiling tinyvec_macros v0.1.0
[  507s]    Compiling io-lifetimes v1.0.4
[  515s]    Compiling tinyvec v1.6.0
[  537s]    Compiling crypto-common v0.1.6
[  540s]    Compiling block-buffer v0.10.3
[  547s]    Compiling socket2 v0.4.7
[  548s]    Compiling num_cpus v1.15.0
[  552s]    Compiling lock_api v0.4.9
[  564s]    Compiling phf_generator v0.10.0
[  572s]    Compiling slab v0.4.7
[  574s]    Compiling futures-task v0.3.25
[  578s]    Compiling futures-sink v0.3.25
[  585s]    Compiling parking_lot_core v0.9.6
[  587s]    Compiling percent-encoding v2.2.0
[  587s]    Compiling rustix v0.36.6
[  590s]    Compiling utf-8 v0.7.6
[  604s]    Compiling form_urlencoded v1.1.0
[  619s]    Compiling unicode-normalization v0.1.22
[  623s]    Compiling digest v0.10.6
[  635s]    Compiling smallvec v1.10.0
[  635s]    Compiling futures-util v0.3.25
[  638s]    Compiling httparse v1.8.0
[  640s]    Compiling new_debug_unreachable v1.0.4
[  643s]    Compiling unicode-bidi v0.3.8
[  646s]    Compiling scopeguard v1.1.0
[  652s]    Compiling linux-raw-sys v0.1.4
[  666s]    Compiling idna v0.3.0
[  682s]    Compiling string_cache_codegen v0.5.2
[  683s]    Compiling phf_codegen v0.10.0
[  690s]    Compiling tracing-core v0.1.30
[  690s]    Compiling indexmap v1.9.2
[  721s]    Compiling pin-utils v0.1.0
[  722s]    Compiling ryu v1.0.12
[  722s]    Compiling base64 v0.13.1
[  723s]    Compiling serde_json v1.0.91
[  730s]    Compiling ucd-trie v0.1.5
[  740s]    Compiling crossbeam-utils v0.8.14
[  746s]    Compiling mac v0.1.1
[  750s]    Compiling futf v0.1.5
[  758s]    Compiling markup5ever v0.11.0
[  760s]    Compiling tracing v0.1.37
[  783s]    Compiling url v2.3.1
[  786s]    Compiling parking_lot v0.12.1
[  792s]    Compiling num-traits v0.2.15
[  800s]    Compiling futures-channel v0.3.25
[  802s]    Compiling hashbrown v0.12.3
[  811s]    Compiling precomputed-hash v0.1.1
[  847s]    Compiling mime_guess v2.0.4
[  898s]    Compiling tendril v0.4.3
[  900s]    Compiling is-terminal v0.4.2
[  905s]    Compiling phf v0.10.1
[  908s]    Compiling sha-1 v0.10.1
[  912s]    Compiling inotify-sys v0.1.5
[  917s]    Compiling aho-corasick v0.7.20
[  921s]    Compiling num-integer v0.1.45
[  921s]    Compiling mime v0.3.16
[  931s]    Compiling same-file v1.0.6
[  942s]    Compiling httpdate v1.0.2
[  943s]    Compiling termcolor v1.2.0
[  949s]    Compiling regex-syntax v0.6.28
[  975s]    Compiling byteorder v1.4.3
[  981s]    Compiling thiserror-impl v1.0.38
[  990s]    Compiling tokio-macros v1.8.2
[  997s]    Compiling futures-macro v0.3.25
[ 1004s]    Compiling html5ever v0.26.0
[ 1024s]    Compiling try-lock v0.2.4
[ 1032s]    Compiling os_str_bytes v6.4.1
[ 1045s]    Compiling want v0.3.0
[ 1063s]    Compiling clap_lex v0.3.1
[ 1065s]    Compiling regex v1.7.1
[ 1109s]    Compiling pin-project-internal v1.0.12
[ 1143s]    Compiling pest v2.5.3
[ 1234s]    Compiling pest_meta v2.5.3
[ 1239s]    Compiling tokio-util v0.7.4
[ 1247s]    Compiling tungstenite v0.17.3
[ 1251s]    Compiling walkdir v2.3.2
[ 1327s]    Compiling pest_generator v2.5.3
[ 1336s]    Compiling h2 v0.3.15
[ 1410s]    Compiling inotify v0.9.6
[ 1417s]    Compiling crossbeam-channel v0.5.6
[ 1514s]    Compiling terminal_size v0.2.3
[ 1525s]    Compiling sha1 v0.10.5
[ 1525s]    Compiling http-body v0.4.5
[ 1548s]    Compiling string_cache v0.8.4
[ 1548s]    Compiling headers-core v0.2.0
[ 1551s]    Compiling filetime v0.2.19
[ 1556s]    Compiling lazy_static v1.4.0
[ 1557s]    Compiling regex-automata v0.1.10
[ 1577s]    Compiling tower-service v0.3.2
[ 1579s]    Compiling anyhow v1.0.68
[ 1584s]    Compiling strsim v0.10.0
[ 1607s]    Compiling pulldown-cmark v0.9.2
[ 1659s]    Compiling clap v4.1.1
[ 1681s]    Compiling hyper v0.14.23
[ 1734s]    Compiling bstr v0.2.17
[ 1793s]    Compiling notify v5.0.0
[ 1810s]    Compiling headers v0.3.8
[ 1832s]    Compiling serde_urlencoded v0.7.1
[ 1952s]    Compiling pest_derive v2.5.3
[ 1990s]    Compiling tokio-tungstenite v0.17.2
[ 2002s]    Compiling pin-project v1.0.12
[ 2008s]    Compiling tokio-stream v0.1.11
[ 2011s]    Compiling rustls-pemfile v0.2.1
[ 2027s]    Compiling time v0.1.45
[ 2051s]    Compiling remove_dir_all v0.5.3
[ 2053s]    Compiling glob v0.3.1
[ 2066s]    Compiling humantime v2.1.0
[ 2090s]    Compiling scoped-tls v1.0.1
[ 2093s]    Compiling iana-time-zone v0.1.53
[ 2097s]    Compiling fastrand v1.8.0
[ 2099s]    Compiling maplit v1.0.2
[ 2103s]    Compiling ammonia v3.3.0
[ 2120s]    Compiling tempfile v3.3.0
[ 2122s]    Compiling chrono v0.4.23
[ 2124s]    Compiling warp v0.3.3
[ 2131s]    Compiling env_logger v0.10.0
[ 2183s]    Compiling gitignore v1.0.7
[ 2205s]    Compiling handlebars v4.3.6
[ 2239s]    Compiling notify-debouncer-mini v0.2.1
[ 2292s]    Compiling clap_complete v4.1.0
[ 2383s]    Compiling opener v0.5.0
[ 2443s]    Compiling elasticlunr-rs v3.0.1
[ 2445s]    Compiling toml v0.5.10
[ 2575s]    Compiling topological-sort v0.2.2
[ 2583s]    Compiling shlex v1.1.0
[ 2604s]    Compiling mdbook v0.4.25 (/home/abuild/rpmbuild/BUILD/mdBook-0.4.25)
[ 3167s]     Finished release [optimized] target(s) in 48m 08s
[ 3167s] + RPM_EC=0
[ 3167s] ++ jobs -p
[ 3167s] + exit 0
[ 3167s] Executing(%install): /usr/bin/bash -e /var/tmp/rpm-tmp.WyjPGl
[ 3168s] + umask 022
[ 3168s] + cd /home/abuild/rpmbuild/BUILD
[ 3168s] + /usr/bin/rm -rf /home/abuild/rpmbuild/BUILDROOT/mdbook-0.4.25-3.1.riscv64
[ 3168s] + /usr/bin/mkdir -p /home/abuild/rpmbuild/BUILDROOT
[ 3168s] + /usr/bin/mkdir /home/abuild/rpmbuild/BUILDROOT/mdbook-0.4.25-3.1.riscv64
[ 3168s] + cd mdBook-0.4.25
[ 3168s] + unset LIBSSH2_SYS_USE_PKG_CONFIG
[ 3168s] + [[ -z '' ]]
[ 3168s] + CARGO_AUDITABLE=auditable
[ 3168s] + CARGO_FEATURE_VENDORED=1
[ 3168s] + RUSTFLAGS='-Clink-arg=-Wl,-z,relro,-z,now -C debuginfo=2 -C incremental=false'
[ 3168s] + /usr/bin/cargo auditable install -j8 --offline --no-track --root=/home/abuild/rpmbuild/BUILDROOT/mdbook-0.4.25-3.1.riscv64/usr --path . --all-features
[ 3168s]   Installing mdbook v0.4.25 (/home/abuild/rpmbuild/BUILD/mdBook-0.4.25)
[ 3170s]     Finished release [optimized] target(s) in 1.86s
[ 3170s]   Installing /home/abuild/rpmbuild/BUILDROOT/mdbook-0.4.25-3.1.riscv64/usr/bin/mdbook
[ 3170s]    Installed package `mdbook v0.4.25 (/home/abuild/rpmbuild/BUILD/mdBook-0.4.25)` (executable `mdbook`)
[ 3170s] warning: be sure to add `/home/abuild/rpmbuild/BUILDROOT/mdbook-0.4.25-3.1.riscv64/usr/bin` to your PATH to be able to run the installed binaries
[ 3170s] + /usr/lib/rpm/find-debuginfo -j8 -n --run-dwz --dwz-low-mem-die-limit 10000000 --dwz-max-die-limit 50000000 -S debugsourcefiles.list /home/abuild/rpmbuild/BUILD/mdBook-0.4.25
[ 3171s] extracting debug info from /home/abuild/rpmbuild/BUILDROOT/mdbook-0.4.25-3.1.riscv64/usr/bin/mdbook
[ 3239s] original debug info size: 244240kB, size after compression: 163116kB
[ 3241s] /usr/lib/rpm/sepdebugcrcfix: Updated 1 CRC32s, 0 CRC32s did match.
[ 3241s] cpio: glibc-2.36/bits/sockaddr.h: Cannot stat: No such file or directory
[ 3241s] cpio: glibc-2.36/bits/stdint-intn.h: Cannot stat: No such file or directory
[ 3241s] cpio: glibc-2.36/bits/stdint-uintn.h: Cannot stat: No such file or directory
[ 3241s] cpio: glibc-2.36/csu/: Cannot stat: No such file or directory
[ 3241s] cpio: glibc-2.36/csu/abi-note.c: Cannot stat: No such file or directory
[ 3241s] cpio: glibc-2.36/csu/init.c: Cannot stat: No such file or directory
[ 3241s] cpio: glibc-2.36/elf/elf.h: Cannot stat: No such file or directory
[ 3241s] cpio: glibc-2.36/include/dso_handle.h: Cannot stat: No such file or directory
[ 3241s] cpio: glibc-2.36/include/register-atfork.h: Cannot stat: No such file or directory
[ 3241s] cpio: glibc-2.36/inet/netinet/in.h: Cannot stat: No such file or directory
[ 3241s] cpio: glibc-2.36/nptl/: Cannot stat: No such file or directory
[ 3241s] cpio: glibc-2.36/posix/bits/types.h: Cannot stat: No such file or directory
[ 3241s] cpio: glibc-2.36/signal/bits/types/sigset_t.h: Cannot stat: No such file or directory
[ 3241s] cpio: glibc-2.36/sysdeps/pthread/pthread_atfork.c: Cannot stat: No such file or directory
[ 3241s] cpio: glibc-2.36/sysdeps/riscv/nptl/tls.h: Cannot stat: No such file or directory
[ 3241s] cpio: glibc-2.36/sysdeps/riscv/start.S: Cannot stat: No such file or directory
[ 3241s] cpio: glibc-2.36/sysdeps/unix/sysv/linux/bits/socket.h: Cannot stat: No such file or directory
[ 3241s] cpio: glibc-2.36/sysdeps/unix/sysv/linux/bits/types/__sigset_t.h: Cannot stat: No such file or directory
[ 3241s] cpio: glibc-2.36/sysdeps/unix/sysv/linux/internal-signals.h: Cannot stat: No such file or directory
[ 3241s] cpio: glibc-2.36/sysdeps/unix/sysv/linux/internal-sigset.h: Cannot stat: No such file or directory
[ 3241s] cpio: rustc-1.66.0-src/library/alloc/src/alloc.rs: Cannot stat: No such file or directory
[ 3241s] cpio: rustc-1.66.0-src/library/alloc/src/borrow.rs: Cannot stat: No such file or directory
[ 3241s] cpio: rustc-1.66.0-src/library/alloc/src/boxed.rs: Cannot stat: No such file or directory
[ 3241s] cpio: rustc-1.66.0-src/library/alloc/src/collections/btree/append.rs: Cannot stat: No such file or directory
[ 3241s] cpio: rustc-1.66.0-src/library/alloc/src/collections/btree/borrow.rs: Cannot stat: No such file or directory
[ 3241s] cpio: rustc-1.66.0-src/library/alloc/src/collections/btree/dedup_sorted_iter.rs: Cannot stat: No such file or directory
[ 3241s] cpio: rustc-1.66.0-src/library/alloc/src/collections/btree/fix.rs: Cannot stat: No such file or directory
[ 3241s] cpio: rustc-1.66.0-src/library/alloc/src/collections/btree/map.rs: Cannot stat: No such file or directory
[ 3241s] cpio: rustc-1.66.0-src/library/alloc/src/collections/btree/map/entry.rs: Cannot stat: No such file or directory
[ 3241s] cpio: rustc-1.66.0-src/library/alloc/src/collections/btree/mem.rs: Cannot stat: No such file or directory
[ 3241s] cpio: rustc-1.66.0-src/library/alloc/src/collections/btree/navigate.rs: Cannot stat: No such file or directory
[ 3241s] cpio: rustc-1.66.0-src/library/alloc/src/collections/btree/node.rs: Cannot stat: No such file or directory
[ 3241s] cpio: rustc-1.66.0-src/library/alloc/src/collections/btree/remove.rs: Cannot stat: No such file or directory
[ 3241s] cpio: rustc-1.66.0-src/library/alloc/src/collections/btree/search.rs: Cannot stat: No such file or directory
[ 3241s] cpio: rustc-1.66.0-src/library/alloc/src/collections/btree/set.rs: Cannot stat: No such file or directory
[ 3241s] cpio: rustc-1.66.0-src/library/alloc/src/collections/vec_deque/drain.rs: Cannot stat: No such file or directory
[ 3241s] cpio: rustc-1.66.0-src/library/alloc/src/collections/vec_deque/into_iter.rs: Cannot stat: No such file or directory
[ 3241s] cpio: rustc-1.66.0-src/library/alloc/src/collections/vec_deque/iter.rs: Cannot stat: No such file or directory
[ 3241s] cpio: rustc-1.66.0-src/library/alloc/src/collections/vec_deque/mod.rs: Cannot stat: No such file or directory
[ 3241s] cpio: rustc-1.66.0-src/library/alloc/src/collections/vec_deque/ring_slices.rs: Cannot stat: No such file or directory
[ 3241s] cpio: rustc-1.66.0-src/library/alloc/src/collections/vec_deque/spec_extend.rs: Cannot stat: No such file or directory
[ 3241s] cpio: rustc-1.66.0-src/library/alloc/src/ffi/c_str.rs: Cannot stat: No such file or directory
[ 3241s] cpio: rustc-1.66.0-src/library/alloc/src/fmt.rs: Cannot stat: No such file or directory
[ 3241s] cpio: rustc-1.66.0-src/library/alloc/src/macros.rs: Cannot stat: No such file or directory
[ 3241s] cpio: rustc-1.66.0-src/library/alloc/src/raw_vec.rs: Cannot stat: No such file or directory
[ 3241s] cpio: rustc-1.66.0-src/library/alloc/src/rc.rs: Cannot stat: No such file or directory
[ 3241s] cpio: rustc-1.66.0-src/library/alloc/src/slice.rs: Cannot stat: No such file or directory
[ 3241s] cpio: rustc-1.66.0-src/library/alloc/src/str.rs: Cannot stat: No such file or directory
[ 3241s] cpio: rustc-1.66.0-src/library/alloc/src/string.rs: Cannot stat: No such file or directory
[ 3241s] cpio: rustc-1.66.0-src/library/alloc/src/sync.rs: Cannot stat: No such file or directory
[ 3241s] cpio: rustc-1.66.0-src/library/alloc/src/vec/cow.rs: Cannot stat: No such file or directory
[ 3241s] cpio: rustc-1.66.0-src/library/alloc/src/vec/drain.rs: Cannot stat: No such file or directory
[ 3241s] cpio: rustc-1.66.0-src/library/alloc/src/vec/in_place_collect.rs: Cannot stat: No such file or directory
[ 3241s] cpio: rustc-1.66.0-src/library/alloc/src/vec/in_place_drop.rs: Cannot stat: No such file or directory
[ 3241s] cpio: rustc-1.66.0-src/library/alloc/src/vec/into_iter.rs: Cannot stat: No such file or directory
[ 3241s] cpio: rustc-1.66.0-src/library/alloc/src/vec/mod.rs: Cannot stat: No such file or directory
[ 3241s] cpio: rustc-1.66.0-src/library/alloc/src/vec/partial_eq.rs: Cannot stat: No such file or directory
[ 3241s] cpio: rustc-1.66.0-src/library/alloc/src/vec/set_len_on_drop.rs: Cannot stat: No such file or directory
[ 3241s] cpio: rustc-1.66.0-src/library/alloc/src/vec/spec_extend.rs: Cannot stat: No such file or directory
[ 3241s] cpio: rustc-1.66.0-src/library/alloc/src/vec/spec_from_elem.rs: Cannot stat: No such file or directory
[ 3241s] cpio: rustc-1.66.0-src/library/alloc/src/vec/spec_from_iter.rs: Cannot stat: No such file or directory
[ 3241s] cpio: rustc-1.66.0-src/library/alloc/src/vec/spec_from_iter_nested.rs: Cannot stat: No such file or directory
[ 3241s] cpio: rustc-1.66.0-src/library/alloc/src/vec/splice.rs: Cannot stat: No such file or directory
[ 3241s] cpio: rustc-1.66.0-src/library/core/src/alloc/layout.rs: Cannot stat: No such file or directory
[ 3241s] cpio: rustc-1.66.0-src/library/core/src/any.rs: Cannot stat: No such file or directory
[ 3241s] cpio: rustc-1.66.0-src/library/core/src/array/equality.rs: Cannot stat: No such file or directory
[ 3241s] cpio: rustc-1.66.0-src/library/core/src/array/iter.rs: Cannot stat: No such file or directory
[ 3241s] cpio: rustc-1.66.0-src/library/core/src/array/mod.rs: Cannot stat: No such file or directory
[ 3241s] cpio: rustc-1.66.0-src/library/core/src/ascii.rs: Cannot stat: No such file or directory
[ 3241s] cpio: rustc-1.66.0-src/library/core/src/bool.rs: Cannot stat: No such file or directory
[ 3241s] cpio: rustc-1.66.0-src/library/core/src/borrow.rs: Cannot stat: No such file or directory
[ 3241s] cpio: rustc-1.66.0-src/library/core/src/cell.rs: Cannot stat: No such file or directory
[ 3241s] cpio: rustc-1.66.0-src/library/core/src/char/convert.rs: Cannot stat: No such file or directory
[ 3241s] cpio: rustc-1.66.0-src/library/core/src/char/methods.rs: Cannot stat: No such file or directory
[ 3241s] cpio: rustc-1.66.0-src/library/core/src/char/mod.rs: Cannot stat: No such file or directory
[ 3241s] cpio: rustc-1.66.0-src/library/core/src/clone.rs: Cannot stat: No such file or directory
[ 3241s] cpio: rustc-1.66.0-src/library/core/src/cmp.rs: Cannot stat: No such file or directory
[ 3241s] cpio: rustc-1.66.0-src/library/core/src/const_closure.rs: Cannot stat: No such file or directory
[ 3241s] cpio: rustc-1.66.0-src/library/core/src/convert/mod.rs: Cannot stat: No such file or directory
[ 3241s] cpio: rustc-1.66.0-src/library/core/src/convert/num.rs: Cannot stat: No such file or directory
[ 3241s] cpio: rustc-1.66.0-src/library/core/src/error.rs: Cannot stat: No such file or directory
[ 3241s] cpio: rustc-1.66.0-src/library/core/src/fmt/builders.rs: Cannot stat: No such file or directory
[ 3241s] cpio: rustc-1.66.0-src/library/core/src/fmt/mod.rs: Cannot stat: No such file or directory
[ 3241s] cpio: rustc-1.66.0-src/library/core/src/fmt/num.rs: Cannot stat: No such file or directory
[ 3241s] cpio: rustc-1.66.0-src/library/core/src/future/future.rs: Cannot stat: No such file or directory
[ 3241s] cpio: rustc-1.66.0-src/library/core/src/future/into_future.rs: Cannot stat: No such file or directory
[ 3241s] cpio: rustc-1.66.0-src/library/core/src/future/mod.rs: Cannot stat: No such file or directory
[ 3241s] cpio: rustc-1.66.0-src/library/core/src/hash/mod.rs: Cannot stat: No such file or directory
[ 3241s] cpio: rustc-1.66.0-src/library/core/src/hash/sip.rs: Cannot stat: No such file or directory
[ 3241s] cpio: rustc-1.66.0-src/library/core/src/hint.rs: Cannot stat: No such file or directory
[ 3241s] cpio: rustc-1.66.0-src/library/core/src/internal_macros.rs: Cannot stat: No such file or directory
[ 3241s] cpio: rustc-1.66.0-src/library/core/src/intrinsics.rs: Cannot stat: No such file or directory
[ 3241s] cpio: rustc-1.66.0-src/library/core/src/iter/adapters/by_ref_sized.rs: Cannot stat: No such file or directory
[ 3241s] cpio: rustc-1.66.0-src/library/core/src/iter/adapters/chain.rs: Cannot stat: No such file or directory
[ 3241s] cpio: rustc-1.66.0-src/library/core/src/iter/adapters/cloned.rs: Cannot stat: No such file or directory
[ 3241s] cpio: rustc-1.66.0-src/library/core/src/iter/adapters/copied.rs: Cannot stat: No such file or directory
[ 3241s] cpio: rustc-1.66.0-src/library/core/src/iter/adapters/enumerate.rs: Cannot stat: No such file or directory
[ 3241s] cpio: rustc-1.66.0-src/library/core/src/iter/adapters/filter.rs: Cannot stat: No such file or directory
[ 3241s] cpio: rustc-1.66.0-src/library/core/src/iter/adapters/filter_map.rs: Cannot stat: No such file or directory
[ 3241s] cpio: rustc-1.66.0-src/library/core/src/iter/adapters/flatten.rs: Cannot stat: No such file or directory
[ 3241s] cpio: rustc-1.66.0-src/library/core/src/iter/adapters/fuse.rs: Cannot stat: No such file or directory
[ 3241s] cpio: rustc-1.66.0-src/library/core/src/iter/adapters/map.rs: Cannot stat: No such file or directory
[ 3241s] cpio: rustc-1.66.0-src/library/core/src/iter/adapters/mod.rs: Cannot stat: No such file or directory
[ 3241s] cpio: rustc-1.66.0-src/library/core/src/iter/adapters/peekable.rs: Cannot stat: No such file or directory
[ 3241s] cpio: rustc-1.66.0-src/library/core/src/iter/adapters/rev.rs: Cannot stat: No such file or directory
[ 3241s] cpio: rustc-1.66.0-src/library/core/src/iter/adapters/skip.rs: Cannot stat: No such file or directory
[ 3241s] cpio: rustc-1.66.0-src/library/core/src/iter/adapters/skip_while.rs: Cannot stat: No such file or directory
[ 3241s] cpio: rustc-1.66.0-src/library/core/src/iter/adapters/step_by.rs: Cannot stat: No such file or directory
[ 3241s] cpio: rustc-1.66.0-src/library/core/src/iter/adapters/take.rs: Cannot stat: No such file or directory
[ 3241s] cpio: rustc-1.66.0-src/library/core/src/iter/adapters/take_while.rs: Cannot stat: No such file or directory
[ 3241s] cpio: rustc-1.66.0-src/library/core/src/iter/adapters/zip.rs: Cannot stat: No such file or directory
[ 3241s] cpio: rustc-1.66.0-src/library/core/src/iter/mod.rs: Cannot stat: No such file or directory
[ 3241s] cpio: rustc-1.66.0-src/library/core/src/iter/range.rs: Cannot stat: No such file or directory
[ 3241s] cpio: rustc-1.66.0-src/library/core/src/iter/sources/from_fn.rs: Cannot stat: No such file or directory
[ 3241s] cpio: rustc-1.66.0-src/library/core/src/iter/sources/once.rs: Cannot stat: No such file or directory
[ 3241s] cpio: rustc-1.66.0-src/library/core/src/iter/sources/repeat.rs: Cannot stat: No such file or directory
[ 3241s] cpio: rustc-1.66.0-src/library/core/src/iter/sources/repeat_with.rs: Cannot stat: No such file or directory
[ 3241s] cpio: rustc-1.66.0-src/library/core/src/iter/traits/accum.rs: Cannot stat: No such file or directory
[ 3241s] cpio: rustc-1.66.0-src/library/core/src/iter/traits/collect.rs: Cannot stat: No such file or directory
[ 3241s] cpio: rustc-1.66.0-src/library/core/src/iter/traits/double_ended.rs: Cannot stat: No such file or directory
[ 3241s] cpio: rustc-1.66.0-src/library/core/src/iter/traits/exact_size.rs: Cannot stat: No such file or directory
[ 3241s] cpio: rustc-1.66.0-src/library/core/src/iter/traits/iterator.rs: Cannot stat: No such file or directory
[ 3241s] cpio: rustc-1.66.0-src/library/core/src/macros/mod.rs: Cannot stat: No such file or directory
[ 3241s] cpio: rustc-1.66.0-src/library/core/src/marker.rs: Cannot stat: No such file or directory
[ 3241s] cpio: rustc-1.66.0-src/library/core/src/mem/manually_drop.rs: Cannot stat: No such file or directory
[ 3241s] cpio: rustc-1.66.0-src/library/core/src/mem/maybe_uninit.rs: Cannot stat: No such file or directory
[ 3241s] cpio: rustc-1.66.0-src/library/core/src/mem/mod.rs: Cannot stat: No such file or directory
[ 3241s] cpio: rustc-1.66.0-src/library/core/src/num/dec2flt/common.rs: Cannot stat: No such file or directory
[ 3241s] cpio: rustc-1.66.0-src/library/core/src/num/dec2flt/lemire.rs: Cannot stat: No such file or directory
[ 3241s] cpio: rustc-1.66.0-src/library/core/src/num/dec2flt/mod.rs: Cannot stat: No such file or directory
[ 3241s] cpio: rustc-1.66.0-src/library/core/src/num/dec2flt/number.rs: Cannot stat: No such file or directory
[ 3241s] cpio: rustc-1.66.0-src/library/core/src/num/dec2flt/parse.rs: Cannot stat: No such file or directory
[ 3241s] cpio: rustc-1.66.0-src/library/core/src/num/dec2flt/slow.rs: Cannot stat: No such file or directory
[ 3241s] cpio: rustc-1.66.0-src/library/core/src/num/f32.rs: Cannot stat: No such file or directory
[ 3241s] cpio: rustc-1.66.0-src/library/core/src/num/f64.rs: Cannot stat: No such file or directory
[ 3241s] cpio: rustc-1.66.0-src/library/core/src/num/int_macros.rs: Cannot stat: No such file or directory
[ 3241s] cpio: rustc-1.66.0-src/library/core/src/num/mod.rs: Cannot stat: No such file or directory
[ 3241s] cpio: rustc-1.66.0-src/library/core/src/num/nonzero.rs: Cannot stat: No such file or directory
[ 3241s] cpio: rustc-1.66.0-src/library/core/src/num/uint_macros.rs: Cannot stat: No such file or directory
[ 3241s] cpio: rustc-1.66.0-src/library/core/src/num/wrapping.rs: Cannot stat: No such file or directory
[ 3241s] cpio: rustc-1.66.0-src/library/core/src/ops/arith.rs: Cannot stat: No such file or directory
[ 3241s] cpio: rustc-1.66.0-src/library/core/src/ops/bit.rs: Cannot stat: No such file or directory
[ 3241s] cpio: rustc-1.66.0-src/library/core/src/ops/control_flow.rs: Cannot stat: No such file or directory
[ 3241s] cpio: rustc-1.66.0-src/library/core/src/ops/deref.rs: Cannot stat: No such file or directory
[ 3241s] cpio: rustc-1.66.0-src/library/core/src/ops/function.rs: Cannot stat: No such file or directory
[ 3241s] cpio: rustc-1.66.0-src/library/core/src/ops/index_range.rs: Cannot stat: No such file or directory
[ 3241s] cpio: rustc-1.66.0-src/library/core/src/ops/range.rs: Cannot stat: No such file or directory
[ 3241s] cpio: rustc-1.66.0-src/library/core/src/ops/try_trait.rs: Cannot stat: No such file or directory
[ 3241s] cpio: rustc-1.66.0-src/library/core/src/option.rs: Cannot stat: No such file or directory
[ 3241s] cpio: rustc-1.66.0-src/library/core/src/panic/unwind_safe.rs: Cannot stat: No such file or directory
[ 3241s] cpio: rustc-1.66.0-src/library/core/src/panicking.rs: Cannot stat: No such file or directory
[ 3241s] cpio: rustc-1.66.0-src/library/core/src/pin.rs: Cannot stat: No such file or directory
[ 3241s] cpio: rustc-1.66.0-src/library/core/src/ptr/const_ptr.rs: Cannot stat: No such file or directory
[ 3241s] cpio: rustc-1.66.0-src/library/core/src/ptr/mod.rs: Cannot stat: No such file or directory
[ 3241s] cpio: rustc-1.66.0-src/library/core/src/ptr/mut_ptr.rs: Cannot stat: No such file or directory
[ 3241s] cpio: rustc-1.66.0-src/library/core/src/ptr/non_null.rs: Cannot stat: No such file or directory
[ 3241s] cpio: rustc-1.66.0-src/library/core/src/result.rs: Cannot stat: No such file or directory
[ 3241s] cpio: rustc-1.66.0-src/library/core/src/slice/ascii.rs: Cannot stat: No such file or directory
[ 3241s] cpio: rustc-1.66.0-src/library/core/src/slice/cmp.rs: Cannot stat: No such file or directory
[ 3241s] cpio: rustc-1.66.0-src/library/core/src/slice/index.rs: Cannot stat: No such file or directory
[ 3241s] cpio: rustc-1.66.0-src/library/core/src/slice/iter.rs: Cannot stat: No such file or directory
[ 3241s] cpio: rustc-1.66.0-src/library/core/src/slice/iter/macros.rs: Cannot stat: No such file or directory
[ 3241s] cpio: rustc-1.66.0-src/library/core/src/slice/memchr.rs: Cannot stat: No such file or directory
[ 3241s] cpio: rustc-1.66.0-src/library/core/src/slice/mod.rs: Cannot stat: No such file or directory
[ 3241s] cpio: rustc-1.66.0-src/library/core/src/slice/specialize.rs: Cannot stat: No such file or directory
[ 3241s] cpio: rustc-1.66.0-src/library/core/src/str/count.rs: Cannot stat: No such file or directory
[ 3241s] cpio: rustc-1.66.0-src/library/core/src/str/iter.rs: Cannot stat: No such file or directory
[ 3241s] cpio: rustc-1.66.0-src/library/core/src/str/mod.rs: Cannot stat: No such file or directory
[ 3241s] cpio: rustc-1.66.0-src/library/core/src/str/pattern.rs: Cannot stat: No such file or directory
[ 3241s] cpio: rustc-1.66.0-src/library/core/src/str/traits.rs: Cannot stat: No such file or directory
[ 3241s] cpio: rustc-1.66.0-src/library/core/src/str/validations.rs: Cannot stat: No such file or directory
[ 3241s] cpio: rustc-1.66.0-src/library/core/src/sync/atomic.rs: Cannot stat: No such file or directory
[ 3241s] cpio: rustc-1.66.0-src/library/core/src/task/poll.rs: Cannot stat: No such file or directory
[ 3241s] cpio: rustc-1.66.0-src/library/core/src/task/wake.rs: Cannot stat: No such file or directory
[ 3241s] cpio: rustc-1.66.0-src/library/core/src/time.rs: Cannot stat: No such file or directory
[ 3241s] cpio: rustc-1.66.0-src/library/core/src/tuple.rs: Cannot stat: No such file or directory
[ 3241s] cpio: rustc-1.66.0-src/library/core/src/unicode/unicode_data.rs: Cannot stat: No such file or directory
[ 3241s] cpio: rustc-1.66.0-src/library/std/src/collections/hash/map.rs: Cannot stat: No such file or directory
[ 3241s] cpio: rustc-1.66.0-src/library/std/src/collections/hash/set.rs: Cannot stat: No such file or directory
[ 3241s] cpio: rustc-1.66.0-src/library/std/src/env.rs: Cannot stat: No such file or directory
[ 3241s] cpio: rustc-1.66.0-src/library/std/src/ffi/os_str.rs: Cannot stat: No such file or directory
[ 3241s] cpio: rustc-1.66.0-src/library/std/src/fs.rs: Cannot stat: No such file or directory
[ 3241s] cpio: rustc-1.66.0-src/library/std/src/io/buffered/bufreader.rs: Cannot stat: No such file or directory
[ 3241s] cpio: rustc-1.66.0-src/library/std/src/io/buffered/bufreader/buffer.rs: Cannot stat: No such file or directory
[ 3241s] cpio: rustc-1.66.0-src/library/std/src/io/buffered/bufwriter.rs: Cannot stat: No such file or directory
[ 3241s] cpio: rustc-1.66.0-src/library/std/src/io/buffered/linewriter.rs: Cannot stat: No such file or directory
[ 3241s] cpio: rustc-1.66.0-src/library/std/src/io/cursor.rs: Cannot stat: No such file or directory
[ 3241s] cpio: rustc-1.66.0-src/library/std/src/io/error.rs: Cannot stat: No such file or directory
[ 3241s] cpio: rustc-1.66.0-src/library/std/src/io/error/repr_bitpacked.rs: Cannot stat: No such file or directory
[ 3241s] cpio: rustc-1.66.0-src/library/std/src/io/impls.rs: Cannot stat: No such file or directory
[ 3241s] cpio: rustc-1.66.0-src/library/std/src/io/mod.rs: Cannot stat: No such file or directory
[ 3241s] cpio: rustc-1.66.0-src/library/std/src/io/readbuf.rs: Cannot stat: No such file or directory
[ 3241s] cpio: rustc-1.66.0-src/library/std/src/io/stdio.rs: Cannot stat: No such file or directory
[ 3241s] cpio: rustc-1.66.0-src/library/std/src/net/ip_addr.rs: Cannot stat: No such file or directory
[ 3241s] cpio: rustc-1.66.0-src/library/std/src/net/mod.rs: Cannot stat: No such file or directory
[ 3241s] cpio: rustc-1.66.0-src/library/std/src/net/socket_addr.rs: Cannot stat: No such file or directory
[ 3241s] cpio: rustc-1.66.0-src/library/std/src/net/tcp.rs: Cannot stat: No such file or directory
[ 3241s] cpio: rustc-1.66.0-src/library/std/src/net/udp.rs: Cannot stat: No such file or directory
[ 3241s] cpio: rustc-1.66.0-src/library/std/src/os/fd/net.rs: Cannot stat: No such file or directory
[ 3241s] cpio: rustc-1.66.0-src/library/std/src/os/fd/owned.rs: Cannot stat: No such file or directory
[ 3241s] cpio: rustc-1.66.0-src/library/std/src/os/fd/raw.rs: Cannot stat: No such file or directory
[ 3241s] cpio: rustc-1.66.0-src/library/std/src/os/unix/net/datagram.rs: Cannot stat: No such file or directory
[ 3241s] cpio: rustc-1.66.0-src/library/std/src/os/unix/net/listener.rs: Cannot stat: No such file or directory
[ 3241s] cpio: rustc-1.66.0-src/library/std/src/os/unix/net/stream.rs: Cannot stat: No such file or directory
[ 3241s] cpio: rustc-1.66.0-src/library/std/src/panic.rs: Cannot stat: No such file or directory
[ 3241s] cpio: rustc-1.66.0-src/library/std/src/panicking.rs: Cannot stat: No such file or directory
[ 3241s] cpio: rustc-1.66.0-src/library/std/src/path.rs: Cannot stat: No such file or directory
[ 3241s] cpio: rustc-1.66.0-src/library/std/src/process.rs: Cannot stat: No such file or directory
[ 3241s] cpio: rustc-1.66.0-src/library/std/src/rt.rs: Cannot stat: No such file or directory
[ 3241s] cpio: rustc-1.66.0-src/library/std/src/sync/condvar.rs: Cannot stat: No such file or directory
[ 3241s] cpio: rustc-1.66.0-src/library/std/src/sync/mpsc/blocking.rs: Cannot stat: No such file or directory
[ 3241s] cpio: rustc-1.66.0-src/library/std/src/sync/mpsc/cache_aligned.rs: Cannot stat: No such file or directory
[ 3241s] cpio: rustc-1.66.0-src/library/std/src/sync/mpsc/mod.rs: Cannot stat: No such file or directory
[ 3241s] cpio: rustc-1.66.0-src/library/std/src/sync/mpsc/mpsc_queue.rs: Cannot stat: No such file or directory
[ 3241s] cpio: rustc-1.66.0-src/library/std/src/sync/mpsc/oneshot.rs: Cannot stat: No such file or directory
[ 3241s] cpio: rustc-1.66.0-src/library/std/src/sync/mpsc/shared.rs: Cannot stat: No such file or directory
[ 3241s] cpio: rustc-1.66.0-src/library/std/src/sync/mpsc/spsc_queue.rs: Cannot stat: No such file or directory
[ 3241s] cpio: rustc-1.66.0-src/library/std/src/sync/mpsc/stream.rs: Cannot stat: No such file or directory
[ 3241s] cpio: rustc-1.66.0-src/library/std/src/sync/mpsc/sync.rs: Cannot stat: No such file or directory
[ 3241s] cpio: rustc-1.66.0-src/library/std/src/sync/mutex.rs: Cannot stat: No such file or directory
[ 3241s] cpio: rustc-1.66.0-src/library/std/src/sync/once.rs: Cannot stat: No such file or directory
[ 3241s] cpio: rustc-1.66.0-src/library/std/src/sync/poison.rs: Cannot stat: No such file or directory
[ 3241s] cpio: rustc-1.66.0-src/library/std/src/sync/rwlock.rs: Cannot stat: No such file or directory
[ 3241s] cpio: rustc-1.66.0-src/library/std/src/sys/unix/io.rs: Cannot stat: No such file or directory
[ 3241s] cpio: rustc-1.66.0-src/library/std/src/sys/unix/locks/futex_mutex.rs: Cannot stat: No such file or directory
[ 3241s] cpio: rustc-1.66.0-src/library/std/src/sys/unix/locks/futex_rwlock.rs: Cannot stat: No such file or directory
[ 3241s] cpio: rustc-1.66.0-src/library/std/src/sys/unix/os_str.rs: Cannot stat: No such file or directory
[ 3241s] cpio: rustc-1.66.0-src/library/std/src/sys/unix/time.rs: Cannot stat: No such file or directory
[ 3241s] cpio: rustc-1.66.0-src/library/std/src/sys_common/backtrace.rs: Cannot stat: No such file or directory
[ 3241s] cpio: rustc-1.66.0-src/library/std/src/sys_common/condvar.rs: Cannot stat: No such file or directory
[ 3241s] cpio: rustc-1.66.0-src/library/std/src/sys_common/memchr.rs: Cannot stat: No such file or directory
[ 3241s] cpio: rustc-1.66.0-src/library/std/src/sys_common/mutex.rs: Cannot stat: No such file or directory
[ 3241s] cpio: rustc-1.66.0-src/library/std/src/sys_common/once/futex.rs: Cannot stat: No such file or directory
[ 3241s] cpio: rustc-1.66.0-src/library/std/src/sys_common/remutex.rs: Cannot stat: No such file or directory
[ 3241s] cpio: rustc-1.66.0-src/library/std/src/sys_common/rwlock.rs: Cannot stat: No such file or directory
[ 3241s] cpio: rustc-1.66.0-src/library/std/src/sys_common/thread_parker/futex.rs: Cannot stat: No such file or directory
[ 3241s] cpio: rustc-1.66.0-src/library/std/src/thread/local.rs: Cannot stat: No such file or directory
[ 3241s] cpio: rustc-1.66.0-src/library/std/src/thread/mod.rs: Cannot stat: No such file or directory
[ 3241s] cpio: rustc-1.66.0-src/library/std/src/time.rs: Cannot stat: No such file or directory
[ 3241s] cpio: rustc-1.66.0-src/library/stdarch/crates/core_arch/src/riscv_shared/mod.rs: Cannot stat: No such file or directory
[ 3241s] cpio: rustc-1.66.0-src/vendor/hashbrown/src/macros.rs: Cannot stat: No such file or directory
[ 3241s] cpio: rustc-1.66.0-src/vendor/hashbrown/src/map.rs: Cannot stat: No such file or directory
[ 3241s] cpio: rustc-1.66.0-src/vendor/hashbrown/src/raw/alloc.rs: Cannot stat: No such file or directory
[ 3241s] cpio: rustc-1.66.0-src/vendor/hashbrown/src/raw/bitmask.rs: Cannot stat: No such file or directory
[ 3241s] cpio: rustc-1.66.0-src/vendor/hashbrown/src/raw/generic.rs: Cannot stat: No such file or directory
[ 3241s] cpio: rustc-1.66.0-src/vendor/hashbrown/src/raw/mod.rs: Cannot stat: No such file or directory
[ 3241s] cpio: rustc-1.66.0-src/vendor/hashbrown/src/rustc_entry.rs: Cannot stat: No such file or directory
[ 3241s] cpio: rustc-1.66.0-src/vendor/hashbrown/src/scopeguard.rs: Cannot stat: No such file or directory
[ 3241s] cpio: rustc-1.66.0-src/vendor/hashbrown/src/set.rs: Cannot stat: No such file or directory
[ 3241s] 31957 blocks
[ 3242s] + /usr/lib/rpm/brp-compress
[ 3242s] + /usr/lib/rpm/brp-suse
[ 3242s] calling /usr/lib/rpm/brp-suse.d/brp-05-permissions
[ 3242s] calling /usr/lib/rpm/brp-suse.d/brp-15-strip-debug
[ 3243s] calling /usr/lib/rpm/brp-suse.d/brp-25-symlink
[ 3243s] calling /usr/lib/rpm/brp-suse.d/brp-50-generate-fips-hmac
[ 3243s] calling /usr/lib/rpm/brp-suse.d/brp-75-ar
[ 3244s] Executing(%check): /usr/bin/bash -e /var/tmp/rpm-tmp.0rsreD
[ 3244s] + umask 022
[ 3244s] + cd /home/abuild/rpmbuild/BUILD
[ 3244s] + cd mdBook-0.4.25
[ 3244s] + unset LIBSSH2_SYS_USE_PKG_CONFIG
[ 3244s] + [[ -z '' ]]
[ 3244s] + CARGO_AUDITABLE=auditable
[ 3244s] + CARGO_FEATURE_VENDORED=1
[ 3244s] + RUSTFLAGS='-Clink-arg=-Wl,-z,relro,-z,now -C debuginfo=2 -C incremental=false'
[ 3244s] + /usr/bin/cargo auditable test -j8 --offline --no-fail-fast --all-features
[ 3252s]    Compiling cfg-if v1.0.0
[ 3252s]    Compiling libc v0.2.139
[ 3252s]    Compiling proc-macro2 v1.0.49
[ 3252s]    Compiling unicode-ident v1.0.6
[ 3252s]    Compiling quote v1.0.23
[ 3252s]    Compiling autocfg v1.1.0
[ 3252s]    Compiling syn v1.0.107
[ 3252s]    Compiling log v0.4.17
[ 3255s]    Compiling once_cell v1.17.0
[ 3259s]    Compiling memchr v2.5.0
[ 3267s]    Compiling version_check v0.9.4
[ 3268s]    Compiling ppv-lite86 v0.2.17
[ 3276s]    Compiling serde_derive v1.0.152
[ 3278s]    Compiling serde v1.0.152
[ 3285s]    Compiling siphasher v0.3.10
[ 3293s]    Compiling itoa v1.0.5
[ 3294s]    Compiling bytes v1.3.0
[ 3299s]    Compiling phf_shared v0.10.0
[ 3300s]    Compiling bitflags v1.3.2
[ 3300s]    Compiling typenum v1.16.0
[ 3310s]    Compiling generic-array v0.14.6
[ 3313s]    Compiling lock_api v0.4.9
[ 3317s]    Compiling getrandom v0.2.8
[ 3319s]    Compiling thiserror v1.0.38
[ 3319s]    Compiling pin-project-lite v0.2.9
[ 3321s]    Compiling parking_lot_core v0.9.6
[ 3323s]    Compiling futures-core v0.3.25
[ 3327s]    Compiling rand_core v0.6.4
[ 3331s]    Compiling utf-8 v0.7.6
[ 3331s]    Compiling mio v0.8.5
[ 3335s]    Compiling scopeguard v1.1.0
[ 3335s]    Compiling new_debug_unreachable v1.0.4
[ 3338s]    Compiling fnv v1.0.7
[ 3340s]    Compiling rand_chacha v0.3.1
[ 3341s]    Compiling smallvec v1.10.0
[ 3342s]    Compiling http v0.2.8
[ 3353s]    Compiling rand v0.8.5
[ 3358s]    Compiling tokio v1.24.1
[ 3368s]    Compiling io-lifetimes v1.0.4
[ 3375s]    Compiling mac v0.1.1
[ 3378s]    Compiling tinyvec_macros v0.1.0
[ 3380s]    Compiling tinyvec v1.6.0
[ 3381s]    Compiling futf v0.1.5
[ 3382s]    Compiling parking_lot v0.12.1
[ 3396s]    Compiling socket2 v0.4.7
[ 3399s]    Compiling num_cpus v1.15.0
[ 3411s]    Compiling phf_generator v0.10.0
[ 3413s]    Compiling block-buffer v0.10.3
[ 3415s]    Compiling string_cache_codegen v0.5.2
[ 3417s]    Compiling phf_codegen v0.10.0
[ 3419s]    Compiling crypto-common v0.1.6
[ 3420s]    Compiling unicase v2.6.0
[ 3421s]    Compiling slab v0.4.7
[ 3423s]    Compiling num-traits v0.2.15
[ 3423s]    Compiling percent-encoding v2.2.0
[ 3425s]    Compiling futures-sink v0.3.25
[ 3425s]    Compiling precomputed-hash v0.1.1
[ 3426s]    Compiling futures-task v0.3.25
[ 3427s]    Compiling rustix v0.36.6
[ 3429s]    Compiling form_urlencoded v1.1.0
[ 3430s]    Compiling digest v0.10.6
[ 3433s]    Compiling unicode-normalization v0.1.22
[ 3438s]    Compiling tendril v0.4.3
[ 3438s]    Compiling phf v0.10.1
[ 3442s]    Compiling futures-util v0.3.25
[ 3442s]    Compiling markup5ever v0.11.0
[ 3444s]    Compiling httparse v1.8.0
[ 3444s]    Compiling unicode-bidi v0.3.8
[ 3448s]    Compiling linux-raw-sys v0.1.4
[ 3457s]    Compiling idna v0.3.0
[ 3470s]    Compiling aho-corasick v0.7.20
[ 3474s]    Compiling indexmap v1.9.2
[ 3478s]    Compiling tracing-core v0.1.30
[ 3478s]    Compiling pin-utils v0.1.0
[ 3480s]    Compiling ucd-trie v0.1.5
[ 3481s]    Compiling serde_json v1.0.91
[ 3495s]    Compiling regex-syntax v0.6.28
[ 3495s]    Compiling base64 v0.13.1
[ 3499s]    Compiling ryu v1.0.12
[ 3499s]    Compiling crossbeam-utils v0.8.14
[ 3511s]    Compiling tracing v0.1.37
[ 3512s]    Compiling url v2.3.1
[ 3517s]    Compiling futures-channel v0.3.25
[ 3524s]    Compiling regex-automata v0.1.10
[ 3528s]    Compiling hashbrown v0.12.3
[ 3542s]    Compiling mime_guess v2.0.4
[ 3556s]    Compiling is-terminal v0.4.2
[ 3557s]    Compiling sha-1 v0.10.1
[ 3558s]    Compiling inotify-sys v0.1.5
[ 3563s]    Compiling num-integer v0.1.45
[ 3564s]    Compiling mime v0.3.16
[ 3566s]    Compiling regex v1.7.1
[ 3570s]    Compiling os_str_bytes v6.4.1
[ 3574s]    Compiling termcolor v1.2.0
[ 3575s]    Compiling same-file v1.0.6
[ 3575s]    Compiling httpdate v1.0.2
[ 3581s]    Compiling byteorder v1.4.3
[ 3584s]    Compiling try-lock v0.2.4
[ 3587s]    Compiling clap_lex v0.3.1
[ 3589s]    Compiling want v0.3.0
[ 3592s]    Compiling walkdir v2.3.2
[ 3597s]    Compiling inotify v0.9.6
[ 3599s]    Compiling crossbeam-channel v0.5.6
[ 3600s]    Compiling terminal_size v0.2.3
[ 3608s]    Compiling sha1 v0.10.5
[ 3617s]    Compiling headers-core v0.2.0
[ 3619s]    Compiling http-body v0.4.5
[ 3619s]    Compiling filetime v0.2.19
[ 3619s]    Compiling strsim v0.10.0
[ 3622s]    Compiling tower-service v0.3.2
[ 3625s]    Compiling anyhow v1.0.68
[ 3629s]    Compiling lazy_static v1.4.0
[ 3630s]    Compiling pulldown-cmark v0.9.2
[ 3630s]    Compiling clap v4.1.1
[ 3633s]    Compiling bstr v0.2.17
[ 3636s]    Compiling notify v5.0.0
[ 3642s]    Compiling headers v0.3.8
[ 3662s]    Compiling rustls-pemfile v0.2.1
[ 3667s]    Compiling time v0.1.45
[ 3669s]    Compiling thiserror-impl v1.0.38
[ 3674s]    Compiling tokio-macros v1.8.2
[ 3688s]    Compiling futures-macro v0.3.25
[ 3694s]    Compiling html5ever v0.26.0
[ 3710s]    Compiling pin-project-internal v1.0.12
[ 3725s]    Compiling predicates-core v1.0.5
[ 3737s]    Compiling scoped-tls v1.0.1
[ 3743s]    Compiling glob v0.3.1
[ 3765s]    Compiling pest v2.5.3
[ 3772s]    Compiling tungstenite v0.17.3
[ 3804s]    Compiling pin-project v1.0.12
[ 3808s]    Compiling either v1.8.0
[ 3819s]    Compiling doc-comment v0.3.3
[ 3836s]    Compiling pest_meta v2.5.3
[ 3839s]    Compiling remove_dir_all v0.5.3
[ 3841s]    Compiling iana-time-zone v0.1.53
[ 3843s]    Compiling maplit v1.0.2
[ 3846s]    Compiling fastrand v1.8.0
[ 3858s]    Compiling tokio-util v0.7.4
[ 3859s]    Compiling tokio-stream v0.1.11
[ 3863s]    Compiling tokio-tungstenite v0.17.2
[ 3870s]    Compiling pest_generator v2.5.3
[ 3876s]    Compiling humantime v2.1.0
[ 3878s]    Compiling tempfile v3.3.0
[ 3880s]    Compiling chrono v0.4.23
[ 3889s]    Compiling h2 v0.3.15
[ 3891s]    Compiling env_logger v0.10.0
[ 3898s]    Compiling itertools v0.10.5
[ 3910s]    Compiling gitignore v1.0.7
[ 3924s]    Compiling clap_complete v4.1.0
[ 3927s]    Compiling opener v0.5.0
[ 3942s]    Compiling pest_derive v2.5.3
[ 3944s]    Compiling notify-debouncer-mini v0.2.1
[ 3963s]    Compiling float-cmp v0.9.0
[ 3963s]    Compiling semver v1.0.16
[ 3969s]    Compiling normalize-line-endings v0.3.0
[ 3972s]    Compiling termtree v0.4.0
[ 3974s]    Compiling topological-sort v0.2.2
[ 3979s]    Compiling shlex v1.1.0
[ 3980s]    Compiling difflib v0.4.0
[ 3981s]    Compiling bit-vec v0.6.3
[ 3986s]    Compiling predicates-tree v1.0.7
[ 3993s]    Compiling bit-set v0.5.3
[ 3995s]    Compiling predicates v2.1.5
[ 4001s]    Compiling bstr v1.1.0
[ 4003s]    Compiling wait-timeout v0.2.0
[ 4005s]    Compiling yansi v0.5.1
[ 4013s]    Compiling string_cache v0.8.4
[ 4017s]    Compiling serde_urlencoded v0.7.1
[ 4023s]    Compiling hyper v0.14.23
[ 4025s]    Compiling toml v0.5.10
[ 4028s]    Compiling diff v0.1.13
[ 4029s]    Compiling assert_cmd v2.0.8
[ 4038s]    Compiling pretty_assertions v1.3.0
[ 4056s]    Compiling elasticlunr-rs v3.0.1
[ 4060s]    Compiling handlebars v4.3.6
[ 4068s]    Compiling xml5ever v0.17.0
[ 4082s]    Compiling ammonia v3.3.0
[ 4091s]    Compiling markup5ever_rcdom v0.2.0
[ 4112s]    Compiling select v0.6.0
[ 4162s]    Compiling warp v0.3.3
[ 4238s]    Compiling mdbook v0.4.25 (/home/abuild/rpmbuild/BUILD/mdBook-0.4.25)
[ 4549s]     Finished test [unoptimized + debuginfo] target(s) in 21m 44s
[ 4549s]      Running unittests src/lib.rs (target/debug/deps/mdbook-bbcd57fac8c897e6)
[ 4549s] 
[ 4549s] running 135 tests
[ 4549s] test book::book::tests::iterate_over_nested_book_items ... ok
[ 4549s] test book::book::tests::book_iter_iterates_over_sequential_items ... ok
[ 4549s] test book::book::tests::cant_load_a_nonexistent_chapter ... ok
[ 4549s] test book::book::tests::for_each_mut_visits_all_items ... ok
[ 4549s] test book::book::tests::cant_load_chapters_with_an_empty_path ... ok
[ 4549s] test book::book::tests::cant_load_chapters_when_the_link_is_a_directory ... ok
[ 4549s] test book::book::tests::load_a_single_chapter_from_disk ... ok
[ 4549s] test book::book::tests::load_a_book_with_a_single_chapter ... ok
[ 4549s] test book::book::tests::load_a_single_chapter_with_utf8_bom_from_disk ... ok
[ 4549s] test book::book::tests::load_recursive_link_with_separators ... ok
[ 4549s] test book::summary::tests::allow_space_in_link_destination ... ok
[ 4549s] test book::summary::tests::no_initial_title ... ok
[ 4549s] test book::summary::tests::can_have_a_subheader_between_nested_items ... ok
[ 4549s] test book::summary::tests::an_empty_link_location_is_a_draft_chapter ... ok
[ 4549s] test book::summary::tests::parse_a_link ... ok
[ 4549s] test book::summary::tests::keep_numbering_after_separator ... ok
[ 4549s] test book::summary::tests::parse_a_numbered_chapter ... ok
[ 4549s] test book::summary::tests::parse_initial_title ... ok
[ 4549s] test book::summary::tests::add_space_for_multi_line_chapter_names ... ok
[ 4549s] test book::summary::tests::parse_prefix_items_with_a_separator ... ok
[ 4549s] test book::summary::tests::parse_title_with_styling ... ok
[ 4549s] test book::summary::tests::parse_some_prefix_items ... ok
[ 4549s] test book::summary::tests::parse_nested_numbered_chapters ... ok
[ 4549s] test book::summary::tests::parse_numbered_chapters_separated_by_comment ... ok
[ 4549s] test book::summary::tests::skip_html_comments ... ok
[ 4549s] test book::summary::tests::section_number_has_correct_dotted_representation ... ok
[ 4549s] test book::summary::tests::convert_markdown_events_to_a_string ... ok
[ 4550s] test book::summary::tests::parse_titled_parts ... ok
[ 4550s] test book::summary::tests::suffix_items_cannot_be_followed_by_a_list ... ok
[ 4550s] test book::tests::config_defaults_to_html_renderer_if_empty ... ok
[ 4550s] test book::tests::add_a_random_renderer_to_the_config ... ok
[ 4550s] test book::tests::add_a_random_renderer_with_custom_command_to_the_config ... ok
[ 4550s] test book::tests::config_defaults_to_link_and_index_preprocessor_if_not_set ... ok
[ 4550s] test book::tests::dependencies_dont_register_undefined_preprocessors ... ok
[ 4550s] test book::tests::config_respects_preprocessor_selection ... ok
[ 4550s] test book::tests::preprocessor_after_must_be_array ... ok
[ 4550s] test book::tests::preprocessor_before_must_be_array ... ok
[ 4550s] test book::tests::preprocessor_should_run_falls_back_to_supports_renderer_method ... ok
[ 4550s] test book::tests::use_default_preprocessors_works ... ok
[ 4550s] test book::tests::preprocessors_can_provide_their_own_commands ... ok
[ 4550s] test book::tests::cyclic_dependencies_are_detected ... ok
[ 4550s] test book::tests::can_determine_third_party_preprocessors ... ok
[ 4550s] test book::tests::dependencies_dont_register_builtin_preprocessors_if_disabled ... ok
[ 4550s] test config::tests::edition_2018 ... ok
[ 4550s] test config::tests::edition_2021 ... ok
[ 4550s] test book::tests::preprocessor_order_is_honored ... ok
[ 4550s] test config::tests::edition_2015 ... ok
[ 4550s] test config::tests::file_404_custom ... ok
[ 4550s] test config::tests::disable_runnable ... ok
[ 4550s] test config::tests::file_404_default ... ok
[ 4550s] test config::tests::invalid_language_type_error - should panic ... ok
[ 4550s] test config::tests::invalid_title_type - should panic ... ok
[ 4550s] test config::tests::invalid_rust_edition - should panic ... ok
[ 4550s] test config::tests::invalid_build_dir_type - should panic ... ok
[ 4550s] test config::tests::mutate_some_stuff ... ok
[ 4550s] test config::tests::can_still_load_the_previous_format ... ok
[ 4550s] test config::tests::load_arbitrary_output_type ... ok
[ 4550s] test config::tests::set_a_config_item ... ok
[ 4550s] test config::tests::parse_env_vars ... ok
[ 4550s] test config::tests::print_config ... ok
[ 4550s] test preprocess::links::tests::parse_end_only_range ... ok
[ 4550s] test preprocess::links::tests::parse_start_only_range ... ok
[ 4550s] test preprocess::links::tests::parse_start_and_end_range ... ok
[ 4550s] test preprocess::links::tests::parse_start_with_garbage_interpreted_as_start_only_range ... ok
[ 4550s] test preprocess::links::tests::parse_with_floating_point_interpreted_as_anchor ... ok
[ 4550s] test preprocess::links::tests::parse_with_anchor_followed_by_colon ... ok
[ 4550s] test config::tests::load_a_complex_config_file ... ok
[ 4550s] test preprocess::links::tests::parse_with_negative_interpreted_as_anchor ... ok
[ 4550s] test config::tests::update_config_using_env_var ... ok
[ 4550s] test config::tests::update_book_title_via_env ... ok
[ 4550s] test preprocess::links::tests::parse_with_garbage_after_two_colons_includes_all ... ok
[ 4550s] test preprocess::links::tests::parse_with_more_than_three_colons_ignores_everything_after_third_colon ... ok
[ 4550s] test preprocess::links::tests::parse_with_nothing_after_colon_includes_all ... ok
[ 4550s] test preprocess::links::tests::parse_with_one_based_start_becomes_zero_based ... ok
[ 4550s] test preprocess::links::tests::parse_with_zero_based_start_stays_zero_based_but_is_probably_an_error ... ok
[ 4550s] test preprocess::links::tests::parse_with_one_number_after_colon_only_that_line ... ok
[ 4550s] test preprocess::links::tests::parse_with_two_colons_includes_all ... ok
[ 4550s] test preprocess::links::tests::parse_without_colon_includes_all ... ok
[ 4550s] test config::tests::update_config_using_env_var_and_complex_value ... ok
[ 4551s] test preprocess::links::tests::test_find_links_no_link ... ok
[ 4551s] test preprocess::links::tests::test_find_links_partial_link ... ok
[ 4551s] test preprocess::index::tests::file_stem_exactly_matches_readme_case_insensitively ... ok
[ 4551s] test preprocess::links::tests::test_find_links_unknown_link_type ... ok
[ 4551s] test preprocess::links::tests::test_find_links_empty_link ... ok
[ 4551s] test preprocess::links::tests::test_find_links_with_anchor ... ok
[ 4551s] test preprocess::links::tests::test_find_links_with_from_range ... ok
[ 4551s] test preprocess::links::tests::test_find_links_escaped_link ... ok
[ 4551s] test preprocess::links::tests::test_find_links_with_full_range ... ok
[ 4551s] test preprocess::links::tests::test_find_links_with_line_number ... ok
[ 4551s] test preprocess::links::tests::test_find_links_simple_link ... ok
[ 4551s] test preprocess::links::tests::test_find_links_with_no_range_specified ... ok
[ 4551s] test preprocess::links::tests::test_find_all_link_types ... ok
[ 4551s] test preprocess::links::tests::test_find_links_with_range ... ok
[ 4551s] test preprocess::links::tests::test_find_links_with_to_range ... ok
[ 4551s] test preprocess::links::tests::test_find_links_with_special_characters ... ok
[ 4551s] test preprocess::links::tests::test_find_playgrounds_with_properties ... ok
[ 4551s] test preprocess::links::tests::test_set_chapter_title ... ok
[ 4551s] test preprocess::links::tests::test_replace_all_escaped ... ok
[ 4551s] test preprocess::cmd::tests::round_trip_write_and_parse_input ... ok
[ 4551s] test renderer::html_handlebars::hbs_renderer::tests::add_playground_edition2015 ... ok
[ 4551s] test renderer::html_handlebars::hbs_renderer::tests::add_playground_edition2018 ... ok
[ 4551s] test renderer::html_handlebars::hbs_renderer::tests::add_playground_edition2021 ... ok
[ 4551s] test renderer::html_handlebars::hbs_renderer::tests::add_playground ... ok
[ 4551s] test theme::tests::theme_uses_defaults_with_nonexistent_src_dir ... ok
[ 4551s] test theme::tests::theme_dir_overrides_defaults ... ok
[ 4551s] test renderer::html_handlebars::hbs_renderer::tests::original_build_header_links ... ok
[ 4551s] test utils::string::tests::take_lines_test ... ok
[ 4551s] test theme::tests::favicon_override ... ok
[ 4551s] test utils::fs::tests::copy_files_except_ext_test ... ok
[ 4551s] test utils::tests::escaped_brackets ... ok
[ 4551s] test utils::string::tests::take_rustdoc_include_lines_test ... ok
[ 4551s] test utils::tests::html_munging::it_normalizes_ids ... ok
[ 4551s] test utils::tests::html_munging::it_generates_unique_ids_from_content ... ok
[ 4551s] test utils::tests::id_from_content::it_generates_anchors_from_non_ascii_initial ... ok
[ 4551s] test utils::tests::id_from_content::it_generates_anchors ... ok
[ 4551s] test utils::tests::render_markdown::it_can_keep_quotes_straight ... ok
[ 4551s] test utils::tests::render_markdown::it_can_make_quotes_curly_except_when_they_are_in_code ... ok
[ 4551s] test utils::tests::render_markdown::preserves_external_links ... ok
[ 4551s] test utils::tests::render_markdown::rust_code_block_properties_are_passed_as_space_delimited_class ... ok
[ 4551s] test utils::tests::render_markdown::rust_code_block_properties_with_whitespace_are_passed_as_space_delimited_class ... ok
[ 4551s] test utils::tests::render_markdown::it_can_wrap_tables ... ok
[ 4551s] test utils::tests::render_markdown::rust_code_block_without_properties_has_proper_html_class ... ok
[ 4551s] test utils::tests::render_markdown::whitespace_outside_of_codeblock_header_is_preserved ... ok
[ 4551s] test utils::tests::render_markdown::it_can_adjust_markdown_links ... ok
[ 4551s] test utils::toml_ext::tests::delete_a_nested_item ... ok
[ 4551s] test utils::toml_ext::tests::delete_a_top_level_item ... ok
[ 4551s] test utils::toml_ext::tests::insert_item_at_top_level ... ok
[ 4551s] test utils::toml_ext::tests::insert_nested_item ... ok
[ 4551s] test utils::toml_ext::tests::read_simple_table ... ok
[ 4551s] test utils::toml_ext::tests::read_nested_item ... ok
[ 4551s] test renderer::html_handlebars::helpers::navigation::tests::test_last ... ok
[ 4551s] test renderer::html_handlebars::helpers::navigation::tests::test_next_previous ... ok
[ 4551s] test renderer::html_handlebars::helpers::navigation::tests::test_first ... ok
[ 4552s] test utils::string::tests::take_anchored_lines_test ... ok
[ 4552s] test utils::string::tests::take_rustdoc_include_anchored_lines_test ... ok
[ 4552s] 
[ 4552s] test result: ok. 135 passed; 0 failed; 0 ignored; 0 measured; 0 filtered out; finished in 2.80s
[ 4552s] 
[ 4552s]      Running unittests src/main.rs (target/debug/deps/mdbook-5c50c81e1a1cce97)
[ 4552s] 
[ 4552s] running 1 test
[ 4552s] test verify_app ... ok
[ 4552s] 
[ 4552s] test result: ok. 1 passed; 0 failed; 0 ignored; 0 measured; 0 filtered out; finished in 0.25s
[ 4552s] 
[ 4552s]      Running tests/alternative_backends.rs (target/debug/deps/alternative_backends-79e37a4d17af56bc)
[ 4552s] 
[ 4552s] running 7 tests
[ 4554s] {"version":"0.4.25","root":"/tmp/mdbookV4lIWU","book":{"sections":Hello World!
[ 4554s] [{"Chapter":{"name":"Chapter 1","content":"# Chapter 1\n","number":[1],"sub_items":[],"path":"chapter_1.md","source_path":"chapter_1.md"test missing_backends_are_fatal ... ,"parent_names":ok[]
[ 4554s] }}test failing_alternate_backend ... ok
[ 4554s] ]test passing_alternate_backend ... ok
[ 4554s] ,"test alternate_backend_with_arguments ... ok
[ 4554s] __non_exhaustive":null},"config":{"book":{"authors":[],"language":"en","multilingual":false,"src":"src"},"output":{"cat-to-file":{"command":"tee /tmp/output0JcfPI/out.txt"}}},"destination":"/tmp/mdbookV4lIWU/book"test missing_optional_backends_are_not_fatal ... }FAILED
[ 4554s] test backends_receive_render_context_via_stdin ... ok
[ 4567s] test relative_command_path ... ok
[ 4567s] 
[ 4567s] failures:
[ 4567s] 
[ 4567s] ---- missing_optional_backends_are_not_fatal stdout ----
[ 4567s] thread 'missing_optional_backends_are_not_fatal' panicked at 'assertion failed: md.build().is_ok()', tests/alternative_backends.rs:32:5
[ 4567s] note: run with `RUST_BACKTRACE=1` environment variable to display a backtrace
[ 4567s] 
[ 4567s] 
[ 4567s] failures:
[ 4567s]     missing_optional_backends_are_not_fatal
[ 4567s] 
[ 4567s] test result: FAILED. 6 passed; 1 failed; 0 ignored; 0 measured; 0 filtered out; finished in 14.48s
[ 4567s] 
[ 4567s] error: test failed, to rerun pass `--test alternative_backends`
[ 4567s]      Running tests/build_process.rs (target/debug/deps/build_process-0ffa0d3053013faa)
[ 4567s] 
[ 4567s] running 2 tests
[ 4576s] test mdbook_runs_renderers ... ok
[ 4576s] test mdbook_runs_preprocessors ... ok
[ 4576s] 
[ 4576s] test result: ok. 2 passed; 0 failed; 0 ignored; 0 measured; 0 filtered out; finished in 9.27s
[ 4576s] 
[ 4576s]      Running tests/cli_tests.rs (target/debug/deps/cli_tests-edaf514704fa7e06)
[ 4576s] 
[ 4576s] running 3 tests
[ 4590s] test cli::build::mdbook_cli_dummy_book_generates_index_html ... ok
[ 4601s] test cli::test::mdbook_cli_detects_book_with_failing_tests ... ok
[ 4602s] test cli::test::mdbook_cli_can_correctly_test_a_passing_book ... ok
[ 4602s] 
[ 4602s] test result: ok. 3 passed; 0 failed; 0 ignored; 0 measured; 0 filtered out; finished in 25.37s
[ 4602s] 
[ 4602s]      Running tests/custom_preprocessors.rs (target/debug/deps/custom_preprocessors-71aa34ef1b689ffd)
[ 4602s] 
[ 4602s] running 4 tests
[ 4606s]     Blocking waiting for file lock on package cache
[ 4607s]     Blocking waiting for file lock on package cache
[ 4607s]     Blocking waiting for file lock on package cache
[ 4608s]     Blocking waiting for file lock on package cache
[ 4610s]     Blocking waiting for file lock on package cache
[ 4612s]     Blocking waiting for file lock on package cache
[ 4614s]     Blocking waiting for file lock on package cache
[ 4614s]     Blocking waiting for file lock on package cache
[ 4614s]     Blocking waiting for file lock on package cache
[ 4615s]     Blocking waiting for file lock on package cache
[ 4615s]     Blocking waiting for file lock on package cache
[ 4615s]     Blocking waiting for file lock on package cache
[ 4616s]     Blocking waiting for file lock on build directory
[ 4616s]     Blocking waiting for file lock on build directory
[ 4616s]     Blocking waiting for file lock on build directory
[ 4616s]    Compiling mdbook v0.4.25 (/home/abuild/rpmbuild/BUILD/mdBook-0.4.25)
[ 4662s] test ask_the_preprocessor_to_blow_up has been running for over 60 seconds
[ 4662s] test example_doesnt_support_not_supported has been running for over 60 seconds
[ 4662s] test example_supports_whatever has been running for over 60 seconds
[ 4662s] test process_the_dummy_book has been running for over 60 seconds
[ 4689s]     Finished dev [unoptimized + debuginfo] target(s) in 1m 26s
[ 4689s]      Running `target/debug/examples/nop-preprocessor supports not-supported`
[ 4689s] test example_doesnt_support_not_supported ... ok
[ 4690s]     Finished dev [unoptimized + debuginfo] target(s) in 1m 25s
[ 4690s]      Running `target/debug/examples/nop-preprocessor supports html`
[ 4690s]     Finished dev [unoptimized + debuginfo] target(s) in 1m 26s
[ 4691s]      Running `target/debug/examples/nop-preprocessor supports html`
[ 4691s]     Finished dev [unoptimized + debuginfo] target(s) in 1m 28s
[ 4691s]      Running `target/debug/examples/nop-preprocessor supports whatever`
[ 4691s] test example_supports_whatever ... ok
[ 4692s]     Blocking waiting for file lock on package cache
[ 4694s]     Blocking waiting for file lock on package cache
[ 4695s]     Blocking waiting for file lock on package cache
[ 4695s]     Blocking waiting for file lock on package cache
[ 4696s]     Blocking waiting for file lock on package cache
[ 4696s]     Blocking waiting for file lock on build directory
[ 4697s]     Finished dev [unoptimized + debuginfo] target(s) in 5.34s
[ 4697s]      Running `target/debug/examples/nop-preprocessor`
[ 4697s] Boom!!1!
[ 4697s] test ask_the_preprocessor_to_blow_up ... ok
[ 4697s]     Finished dev [unoptimized + debuginfo] target(s) in 6.56s
[ 4697s]      Running `target/debug/examples/nop-preprocessor`
[ 4707s] test process_the_dummy_book ... ok
[ 4707s] 
[ 4707s] test result: ok. 4 passed; 0 failed; 0 ignored; 0 measured; 0 filtered out; finished in 104.65s
[ 4707s] 
[ 4707s]      Running tests/init.rs (target/debug/deps/init-773a2aeac5b363c5)
[ 4707s] 
[ 4707s] running 5 tests
[ 4707s] test base_mdbook_init_should_create_default_content ... ok
[ 4707s] test run_mdbook_init_should_create_content_from_summary ... ok
[ 4707s] test run_mdbook_init_with_custom_book_and_src_locations ... ok
[ 4708s] test copy_theme ... ok
[ 4712s] test book_toml_isnt_required ... ok
[ 4712s] 
[ 4712s] test result: ok. 5 passed; 0 failed; 0 ignored; 0 measured; 0 filtered out; finished in 5.52s
[ 4712s] 
[ 4712s]      Running tests/parse_existing_summary_files.rs (target/debug/deps/parse_existing_summary_files-ec57a0afc92c72b6)
[ 4713s] 
[ 4713s] running 4 tests
[ 4713s] test example_book ... ok
[ 4713s] test rust_ffi_guide ... ok
[ 4713s] test the_book_2nd_edition ... ok
[ 4713s] test rust_by_example ... ok
[ 4713s] 
[ 4713s] test result: ok. 4 passed; 0 failed; 0 ignored; 0 measured; 0 filtered out; finished in 0.27s
[ 4713s] 
[ 4713s]      Running tests/rendered_output.rs (target/debug/deps/rendered_output-43cdf2b760e713c5)
[ 4713s] 
[ 4713s] running 33 tests
[ 4717s] test book_with_a_reserved_filename_does_not_build ... ok
[ 4717s] test chapter_files_were_rendered_to_html ... ok
[ 4718s] test by_default_mdbook_use_index_preprocessor_to_convert_readme_to_index ... ok
[ 4723s] test chapter_content_appears_in_rendered_document ... ok
[ 4723s] test build_the_dummy_book ... ok
[ 4723s] test anchors_include_text_between_but_not_anchor_comments ... ok
[ 4724s] test by_default_mdbook_generates_rendered_content_in_the_book_directory ... ok
[ 4724s] test create_missing_file_with_config ... ok
[ 4724s] test able_to_include_files_in_chapters ... ok
[ 4724s] test able_to_include_playground_files_in_chapters ... ok
[ 4726s] test check_correct_cross_links_in_nested_dir ... ok
[ 4727s] test failure_on_missing_file ... ok
[ 4727s] test check_correct_relative_links_in_print_page ... ok
[ 4729s] test edit_url_has_configured_src_dir_edit_url ... ok
[ 4732s] test first_chapter_is_copied_as_index_even_if_not_first_elem ... ok
[ 4732s] test check_spacers ... ok
[ 4732s] test check_first_toc_level ... ok
[ 4732s] test edit_url_has_default_src_dir_edit_url ... ok
[ 4732s] test check_second_toc_level ... ok
[ 4737s] test make_sure_bottom_level_files_contain_links_to_chapters ... ok
[ 4740s] test no_index_for_print_html ... ok
[ 4740s] test recursive_includes_are_capped ... ok
[ 4741s] test markdown_options ... ok
[ 4741s] test redirects_are_emitted_correctly ... ok
[ 4741s] test rendered_code_does_not_have_playground_stuff_in_html_when_disabled_in_config ... ok
[ 4743s] test failure_on_missing_theme_directory ... ok
[ 4745s] test summary_with_markdown_formatting ... ok
[ 4746s] test rendered_code_has_playground_stuff ... ok
[ 4748s] test rustdoc_include_hides_the_unspecified_part_of_the_file ... ok
[ 4748s] test search::book_creates_reasonable_search_index ... ok
[ 4749s] test search::search_index_hasnt_changed_accidentally ... ok
[ 4784s] test example_book_can_build has been running for over 60 seconds
[ 4786s] test example_book_can_build ... ok
[ 4801s] test theme_dir_overrides_work_correctly has been running for over 60 seconds
[ 4802s] test theme_dir_overrides_work_correctly ... ok
[ 4802s] 
[ 4802s] test result: ok. 33 passed; 0 failed; 0 ignored; 0 measured; 0 filtered out; finished in 89.24s
[ 4802s] 
[ 4802s]      Running tests/testing.rs (target/debug/deps/testing-689a32d5ab91e84d)
[ 4802s] 
[ 4802s] running 4 tests
[ 4804s] test mdbook_test_chapter_not_found ... ok
[ 4805s] test mdbook_test_chapter ... ok
[ 4828s] test mdbook_detects_book_with_failing_tests ... ok
[ 4828s] test mdbook_can_correctly_test_a_passing_book ... ok
[ 4828s] 
[ 4828s] test result: ok. 4 passed; 0 failed; 0 ignored; 0 measured; 0 filtered out; finished in 25.98s
[ 4828s] 
[ 4828s]      Running unittests examples/nop-preprocessor.rs (target/debug/examples/nop_preprocessor-5b40f477600d44fa)
[ 4829s] 
[ 4829s] running 1 test
[ 4829s] test nop_lib::test::nop_preprocessor_run ... ok
[ 4829s] 
[ 4829s] test result: ok. 1 passed; 0 failed; 0 ignored; 0 measured; 0 filtered out; finished in 0.19s
[ 4829s] 
[ 4829s]    Doc-tests mdbook
[ 4841s] 
[ 4841s] running 5 tests
[ 4844s] test src/lib.rs - (line 50) - compile ... ok
[ 4844s] test src/lib.rs - (line 30) - compile ... ok
[ 4844s] test src/book/mod.rs - book::MDBook::iter (line 143) - compile ... ok
[ 4878s] test src/utils/fs.rs - utils::fs::path_to_root (line 29) ... ok
[ 4882s] test src/config.rs - config (line 11) ... ok
[ 4882s] 
[ 4882s] test result: ok. 5 passed; 0 failed; 0 ignored; 0 measured; 0 filtered out; finished in 40.87s
[ 4882s] 
[ 4882s] error: 1 target failed:
[ 4882s]     `--test alternative_backends`
[ 4882s] error: Bad exit status from /var/tmp/rpm-tmp.0rsreD (%check)
[ 4882s] 
[ 4882s] RPM build errors:
[ 4882s]     Bad exit status from /var/tmp/rpm-tmp.0rsreD (%check)
[ 4882s] ### VM INTERACTION START ###
[ 4883s] [ 4873.715797][    T1] sysrq: Power Off
[ 4883s] [ 4873.724245][    T7] reboot: Power down
[ 4883s] ### VM INTERACTION END ###
[ 4883s] 
[ 4883s] hci-snode3-m0 failed "build mdbook.spec" at Tue Jan 24 04:51:24 UTC 2023.
[ 4883s] 
