[    0s] Using BUILD_ROOT=/var/cache/obs/worker/root_5/.mount
[    0s] Using BUILD_ARCH=riscv64
[    0s] Doing kvm build in /var/cache/obs/worker/root_5/root
[    0s] 
[    1s] 
[    1s] hci-snode2-m0 started "build netgen.spec" at Sat Jan 28 18:20:29 UTC 2023.
[    1s] 
[    1s] Building netgen for project 'openSUSE:Factory:RISCV' repository 'standard' arch 'riscv64' srcmd5 'ace7a7efeb6190ba70bff2db68e4bb0b'
[    1s] 
[    1s] processing recipe /var/cache/obs/worker/root_5/.build-srcdir/netgen.spec ...
[    1s] running changelog2spec --target rpm --file /var/cache/obs/worker/root_5/.build-srcdir/netgen.spec
[    1s] init_buildsystem --configdir /var/run/obs/worker/5/build/configs --cachedir /var/cache/build --prepare --clean --rpmlist /var/cache/obs/worker/root_5/.build.rpmlist /var/cache/obs/worker/root_5/.build-srcdir/netgen.spec build ...
[    1s] unpacking preinstall image openSUSE:Factory:RISCV/standard/preinstallimage-libX11-devel [5a18a4a2def93b8b19db040086580b4d]
[    5s] 
[    5s] copying packages...
[    5s] reordering...cycle: python310-base -> libpython3_10-1_0
[    5s]   breaking dependency python310-base -> libpython3_10-1_0
[    5s] cycle: fontconfig -> libfontconfig1
[    5s]   breaking dependency libfontconfig1 -> fontconfig
[    5s] done
[    6s] Detected virtio-serial support
[    8s] booting kvm...
[    8s] ### VM INTERACTION START ###
[    8s] Using virtio-serial support
[    8s] /usr/bin/qemu-kvm -nodefaults -no-reboot -nographic -vga none -cpu host -M pc,accel=kvm,usb=off,dump-guest-core=off,vmport=off -sandbox on -bios /usr/share/qemu/qboot.rom -object rng-random,filename=/dev/random,id=rng0 -device virtio-rng-pci,rng=rng0 -object iothread,id=io0 -runas qemu -net none -kernel /var/cache/obs/worker/root_5/.mount/boot/kernel -initrd /var/cache/obs/worker/root_5/.mount/boot/initrd -append root=/dev/disk/by-id/virtio-0 rootfstype=ext4 rootflags=noatime kvmclock mitigations=off elevator=noop nmi_watchdog=0 rw rd.driver.pre=binfmt_misc oops=panic panic=1 quiet console=hvc0 init=/.build/initvm.x86_64 -m 8192 -drive file=/var/cache/obs/worker/root_5/root,format=raw,if=none,id=disk,cache=unsafe,aio=io_uring -device virtio-blk-pci,iothread=io0,drive=disk,serial=0 -drive file=/var/cache/obs/worker/root_5/swap,format=raw,if=none,id=swap,cache=unsafe,aio=io_uring -device virtio-blk-pci,iothread=io0,drive=swap,serial=1 -device virtio-serial,max_ports=2 -device virtconsole,chardev=virtiocon0 -chardev stdio,id=virtiocon0 -chardev socket,id=monitor,server=on,wait=off,path=/var/cache/obs/worker/root_5/root.qemu/monitor -mon chardev=monitor,mode=readline -smp 8
[   14s] ### VM INTERACTION END ###
[   14s] 2nd stage started in virtual machine
[   14s] machine type: riscv64
[   15s] Linux version: 6.1.8-1-default #1 SMP PREEMPT_DYNAMIC Tue Jan 24 06:29:25 UTC 2023 (baebfe0)
[   15s] Increasing log level from now on...
[   15s] [    5.906024][  T411] sysrq: Changing Loglevel
[   15s] [    5.906579][  T411] sysrq: Loglevel set to 4
[   15s] Enable sysrq operations
[   15s] Setting up swapspace version 1, size = 2 GiB (2147479552 bytes)
[   15s] no label, UUID=1f73c1e7-8508-4ad1-893e-1837b214332f
[   15s] swapon: /dev/vdb: found signature [pagesize=4096, signature=swap]
[   15s] swapon: /dev/vdb: pagesize=4096, swapsize=2147483648, devsize=2147483648
[   15s] swapon /dev/vdb
[   15s] WARNING: udev not running, creating extra device nodes
[   16s] logging output to //.build.log...
[   16s] processing recipe /.build-srcdir/netgen.spec ...
[   17s] init_buildsystem --configdir /.build/configs --cachedir /var/cache/build /.build-srcdir/netgen.spec build ...
[   17s] initializing rpm db...
[   18s] querying package ids...
[   58s] [1/297] cumulate Catch2-2-devel-2.13.10-1.1
[   58s] [2/297] preinstalled Mesa-22.3.3-346.1
[   58s] [3/297] preinstalled Mesa-KHR-devel-22.3.3-346.1
[   58s] [4/297] preinstalled Mesa-dri-22.3.3-346.1
[   58s] [5/297] preinstalled Mesa-libEGL1-22.3.3-346.1
[   58s] [6/297] preinstalled Mesa-libGL-devel-22.3.3-346.1
[   58s] [7/297] preinstalled Mesa-libGL1-22.3.3-346.1
[   58s] [8/297] preinstalled Mesa-libglapi0-22.3.3-346.1
[   58s] [9/297] preinstalled aaa_base-84.87+git20220822.6b9f7a3-1.1
[   58s] [10/297] preinstalled aaa_base-malloccheck-84.87+git20220822.6b9f7a3-1.1
[   58s] [11/297] preinstalled attr-2.5.1-1.1
[   58s] [12/297] preinstalled bash-5.2.15-8.1
[   58s] [13/297] preinstalled bash-sh-5.2.15-8.1
[   58s] [14/297] preinstalled binutils-2.39-3.1
[   58s] [15/297] preinstalled brp-check-suse-84.87+git20221115.2f7add6-1.1
[   58s] [16/297] preinstalled build-compare-20221206T204012.bb70754-1.2
[   58s] [17/297] preinstalled build-mkbaselibs-20230105-1.1
[   58s] [18/297] preinstalled bzip2-1.0.8-4.1
[   58s] [19/297] preinstalled chkstat-1599_20221220-1.2
[   58s] [20/297] preinstalled compat-usrmerge-build-84.87-5.1
[   58s] [21/297] preinstalled compat-usrmerge-tools-84.87-5.1
[   58s] [22/297] preinstalled coreutils-9.1-5.1
[   58s] [23/297] preinstalled cpio-2.13-5.1
[   58s] [24/297] preinstalled cpp-12-2.1
[   58s] [25/297] preinstalled cpp12-12.2.1+git749-4.1
[   58s] [26/297] cumulate crypto-policies-20210917.c9d86d1-1.1
[   58s] [27/297] preinstalled debugedit-5.0-5.1
[   58s] [28/297] preinstalled diffutils-3.9-1.1
[   58s] [29/297] preinstalled dwz-0.15-2.1
[   58s] [30/297] preinstalled elfutils-0.188-3.2
[   58s] [31/297] cumulate fdupes-2.2.1-1.1
[   58s] [32/297] cumulate ffmpeg-5-mini-libs-5.1.2-7.1
[   58s] [33/297] preinstalled file-5.44-1.1
[   58s] [34/297] preinstalled file-magic-5.44-1.1
[   58s] [35/297] preinstalled filesystem-84.87-11.1
[   58s] [36/297] preinstalled fillup-1.42-279.1
[   58s] [37/297] preinstalled findutils-4.9.0-2.1
[   58s] [38/297] preinstalled gawk-5.2.1-2.1
[   58s] [39/297] preinstalled gcc-12-2.1
[   58s] [40/297] preinstalled gcc-PIE-12-2.1
[   58s] [41/297] preinstalled gcc12-12.2.1+git749-4.1
[   58s] [42/297] preinstalled gcc12-PIE-12.2.1+git749-4.1
[   58s] [43/297] preinstalled gettext-runtime-mini-0.21.1-1.1
[   58s] [44/297] preinstalled gettext-tools-mini-0.21.1-1.1
[   58s] [45/297] preinstalled glibc-2.36-9.1
[   58s] [46/297] preinstalled glibc-devel-2.36-9.1
[   58s] [47/297] preinstalled glibc-locale-base-2.36-9.1
[   58s] [48/297] preinstalled grep-3.8-3.1
[   58s] [49/297] preinstalled gzip-1.12-3.1
[   58s] [50/297] preinstalled kernel-obs-build-6.1.8-1.1
[   58s] [51/297] cumulate less-608-1.1
[   58s] [52/297] cumulate libGLU1-9.0.2-2.1
[   58s] [53/297] preinstalled libICE-devel-1.1.1-1.1
[   58s] [54/297] preinstalled libICE6-1.1.1-1.1
[   58s] [55/297] preinstalled libLLVM15-15.0.7-1.1
[   58s] [56/297] preinstalled libSM-devel-1.2.4-2.1
[   58s] [57/297] preinstalled libSM6-1.2.4-2.1
[   58s] [58/297] preinstalled libX11-6-1.8.1-4.1
[   58s] [59/297] preinstalled libX11-data-1.8.1-4.1
[   58s] [60/297] preinstalled libX11-devel-1.8.1-4.1
[   58s] [61/297] preinstalled libX11-xcb1-1.8.1-4.1
[   58s] [62/297] preinstalled libXau-devel-1.0.11-1.1
[   58s] [63/297] preinstalled libXau6-1.0.11-1.1
[   58s] [64/297] cumulate libXext-devel-1.3.5-1.1
[   58s] [65/297] preinstalled libXext6-1.3.5-1.1
[   58s] [66/297] cumulate libXfixes-devel-6.0.0-2.1
[   58s] [67/297] preinstalled libXfixes3-6.0.0-2.1
[   58s] [68/297] cumulate libXi6-1.8-1.1
[   58s] [69/297] cumulate libXmuu1-1.1.4-1.1
[   58s] [70/297] cumulate libXrender1-0.9.11-1.1
[   58s] [71/297] cumulate libXss1-1.2.4-1.1
[   58s] [72/297] preinstalled libXt-devel-1.2.1-1.1
[   58s] [73/297] preinstalled libXt6-1.2.1-1.1
[   58s] [74/297] preinstalled libXxf86vm1-1.1.5-1.1
[   58s] [75/297] preinstalled libacl1-2.3.1-2.1
[   58s] [76/297] cumulate libalternatives1-1.2+3.b848aad-3.1
[   58s] [77/297] preinstalled libasan8-13.0.1+git5199-6.1
[   58s] [78/297] preinstalled libasm1-0.188-3.2
[   58s] [79/297] preinstalled libatomic1-13.0.1+git5199-6.1
[   58s] [80/297] preinstalled libattr1-2.5.1-1.1
[   58s] [81/297] preinstalled libaudit1-3.0.6-4.1
[   58s] [82/297] preinstalled libblkid1-2.38.1-6.1
[   58s] [83/297] cumulate libbrotlicommon1-1.0.9-1.1
[   58s] [84/297] preinstalled libbz2-1-1.0.8-4.1
[   58s] [85/297] cumulate libbz2-devel-1.0.8-4.1
[   58s] [86/297] preinstalled libcap-ng0-0.8.3-1.1
[   58s] [87/297] preinstalled libcap2-2.66-1.1
[   58s] [88/297] cumulate libcbor0_10-0.10.1-1.1
[   58s] [89/297] cumulate libcom_err2-1.46.5-4.1
[   58s] [90/297] preinstalled libcrypt1-4.4.33-1.1
[   58s] [91/297] preinstalled libctf-nobfd0-2.39-3.1
[   58s] [92/297] preinstalled libctf0-2.39-3.1
[   58s] [93/297] preinstalled libdb-4_8-4.8.30-39.1
[   58s] [94/297] preinstalled libdrm2-2.4.114-3.1
[   58s] [95/297] preinstalled libdrm_amdgpu1-2.4.114-3.1
[   58s] [96/297] preinstalled libdrm_nouveau2-2.4.114-3.1
[   58s] [97/297] preinstalled libdrm_radeon1-2.4.114-3.1
[   58s] [98/297] preinstalled libdw1-0.188-3.2
[   58s] [99/297] preinstalled libeconf0-0.5.1-1.1
[   58s] [100/297] preinstalled libedit0-20210910.3.1-1.1
[   58s] [101/297] preinstalled libelf1-0.188-3.2
[   58s] [102/297] cumulate libexpat-devel-2.5.0-2.1
[   58s] [103/297] preinstalled libexpat1-2.5.0-2.1
[   58s] [104/297] preinstalled libfdisk1-2.38.1-6.1
[   58s] [105/297] preinstalled libffi8-3.4.4-1.1
[   58s] [106/297] preinstalled libgbm1-22.3.3-346.1
[   58s] [107/297] preinstalled libgcc_s1-13.0.1+git5199-6.1
[   59s] [108/297] preinstalled libgcrypt20-1.10.1-1.1
[   59s] [109/297] preinstalled libgdbm6-1.23-1.1
[   59s] [110/297] preinstalled libgdbm_compat4-1.23-1.1
[   59s] [111/297] cumulate libgfortran5-13.0.1+git5199-6.1
[   59s] [112/297] preinstalled libglvnd-1.6.0-1.1
[   59s] [113/297] preinstalled libglvnd-devel-1.6.0-1.1
[   59s] [114/297] preinstalled libgmp10-6.2.1-4.1
[   59s] [115/297] preinstalled libgomp1-13.0.1+git5199-6.1
[   59s] [116/297] preinstalled libgpg-error0-1.46-1.1
[   59s] [117/297] cumulate libicu72-ledata-72.1-1.1
[   59s] [118/297] preinstalled libisl23-0.25-1.1
[   59s] [119/297] cumulate libjpeg8-8.2.2-72.1
[   59s] [120/297] cumulate libkeyutils1-1.6.3-5.1
[   59s] [121/297] preinstalled liblua5_4-5-5.4.4-8.1
[   59s] [122/297] preinstalled liblzma5-5.4.1-1.1
[   59s] [123/297] preinstalled libmagic1-5.44-1.1
[   59s] [124/297] preinstalled libmount1-2.38.1-6.1
[   59s] [125/297] preinstalled libmpc3-1.3.1-1.2
[   59s] [126/297] cumulate libmpdec3-2.5.1-2.1
[   59s] [127/297] preinstalled libmpfr6-4.1.1-3.1
[   59s] [128/297] preinstalled libncurses6-6.4.20230114-2.1
[   59s] [129/297] cumulate libnghttp2-14-1.51.0-7.1
[   59s] [130/297] cumulate libopencascade-foundationclasses7_7-7.7.0-1.1
[   59s] [131/297] cumulate libpcre1-8.45-2.1
[   59s] [132/297] cumulate libpcre16-0-8.45-2.1
[   59s] [133/297] preinstalled libpcre2-8-0-10.42-3.2
[   59s] [134/297] preinstalled libpkgconf3-1.8.0-1.1
[   59s] [135/297] cumulate libpng16-16-1.6.39-1.3
[   59s] [136/297] preinstalled libpopt0-1.19-1.1
[   59s] [137/297] preinstalled libreadline8-8.2-2.1
[   59s] [138/297] cumulate librhash0-1.4.3-1.1
[   59s] [139/297] preinstalled librpmbuild9-4.18.0-3.1
[   59s] [140/297] cumulate libsasl2-3-2.1.28-3.1
[   59s] [141/297] preinstalled libseccomp2-2.5.4-2.1
[   59s] [142/297] preinstalled libselinux1-3.4-2.1
[   59s] [143/297] preinstalled libsemanage-conf-3.4-1.1
[   59s] [144/297] preinstalled libsemanage2-3.4-1.1
[   59s] [145/297] preinstalled libsepol2-3.4-1.1
[   59s] [146/297] cumulate libsha1detectcoll1-1.0.3-4.3
[   59s] [147/297] preinstalled libsmartcols1-2.38.1-6.1
[   59s] [148/297] cumulate libssh-config-0.10.4-1.1
[   59s] [149/297] preinstalled libstdc++6-13.0.1+git5199-6.1
[   59s] [150/297] cumulate libstdc++6-devel-gcc12-12.2.1+git749-4.1
[   59s] [151/297] preinstalled libsubid4-4.13-3.1
[   59s] [152/297] cumulate libturbojpeg0-8.2.2-72.1
[   59s] [153/297] preinstalled libubsan1-13.0.1+git5199-6.1
[   59s] [154/297] cumulate libudev-mini1-252.4-2.1
[   59s] [155/297] cumulate libunistring5-1.1-1.1
[   59s] [156/297] preinstalled libutempter0-1.2.0-3.2
[   59s] [157/297] preinstalled libuuid-devel-2.38.1-6.1
[   59s] [158/297] preinstalled libuuid1-2.38.1-6.1
[   59s] [159/297] cumulate libuv1-1.44.2-3.1
[   59s] [160/297] cumulate libverto1-0.3.2-1.1
[   59s] [161/297] preinstalled libwayland-client0-1.21.0-4.2
[   59s] [162/297] preinstalled libwayland-server0-1.21.0-4.2
[   59s] [163/297] preinstalled libxcb-composite0-1.15-2.1
[   59s] [164/297] preinstalled libxcb-damage0-1.15-2.1
[   59s] [165/297] preinstalled libxcb-devel-1.15-2.1
[   59s] [166/297] preinstalled libxcb-dpms0-1.15-2.1
[   59s] [167/297] preinstalled libxcb-dri2-0-1.15-2.1
[   59s] [168/297] preinstalled libxcb-dri3-0-1.15-2.1
[   59s] [169/297] preinstalled libxcb-glx0-1.15-2.1
[   59s] [170/297] preinstalled libxcb-present0-1.15-2.1
[   59s] [171/297] preinstalled libxcb-randr0-1.15-2.1
[   59s] [172/297] preinstalled libxcb-record0-1.15-2.1
[   59s] [173/297] preinstalled libxcb-render0-1.15-2.1
[   59s] [174/297] preinstalled libxcb-res0-1.15-2.1
[   59s] [175/297] preinstalled libxcb-screensaver0-1.15-2.1
[   59s] [176/297] preinstalled libxcb-shape0-1.15-2.1
[   59s] [177/297] preinstalled libxcb-shm0-1.15-2.1
[   59s] [178/297] preinstalled libxcb-sync1-1.15-2.1
[   59s] [179/297] preinstalled libxcb-xf86dri0-1.15-2.1
[   59s] [180/297] preinstalled libxcb-xfixes0-1.15-2.1
[   59s] [181/297] preinstalled libxcb-xinerama0-1.15-2.1
[   59s] [182/297] preinstalled libxcb-xinput0-1.15-2.1
[   59s] [183/297] preinstalled libxcb-xkb1-1.15-2.1
[   59s] [184/297] preinstalled libxcb-xtest0-1.15-2.1
[   59s] [185/297] preinstalled libxcb-xv0-1.15-2.1
[   59s] [186/297] preinstalled libxcb-xvmc0-1.15-2.1
[   59s] [187/297] preinstalled libxcb1-1.15-2.1
[   59s] [188/297] preinstalled libxcrypt-devel-4.4.33-1.1
[   59s] [189/297] preinstalled libxshmfence1-1.3.2-1.1
[   59s] [190/297] preinstalled libz1-1.2.13-1.1
[   59s] [191/297] preinstalled libzstd1-1.5.2-2.1
[   59s] [192/297] preinstalled linux-glibc-devel-6.1-1.1
[   59s] [193/297] preinstalled login_defs-4.13-3.1
[   59s] [194/297] preinstalled lua54-5.4.4-8.1
[   59s] [195/297] preinstalled make-4.4-2.1
[   59s] [196/297] preinstalled ncurses-utils-6.4.20230114-2.1
[   59s] [197/297] cumulate occt-resources-7.7.0-1.1
[   59s] [198/297] preinstalled pam-1.5.2-12.1
[   59s] [199/297] preinstalled patch-2.7.6-6.1
[   59s] [200/297] preinstalled perl-5.36.0-4.1
[   59s] [201/297] preinstalled perl-base-5.36.0-4.1
[   59s] [202/297] preinstalled permissions-1599_20221220-1.2
[   59s] [203/297] preinstalled permissions-config-1599_20221220-1.2
[   59s] [204/297] preinstalled pkgconf-1.8.0-1.1
[   59s] [205/297] preinstalled pkgconf-m4-1.8.0-1.1
[   59s] [206/297] preinstalled pkgconf-pkg-config-1.8.0-1.1
[   59s] [207/297] preinstalled polkit-default-privs-1550+20221102.9f111fa-1.1
[   59s] [208/297] preinstalled post-build-checks-84.87+git20230106.3a359c5-1.1
[   59s] [209/297] cumulate python-pybind11-common-devel-2.10.3-1.1
[   59s] [210/297] cumulate python-rpm-macros-20221117.8687578-1.1
[   59s] [211/297] preinstalled qemu-linux-user-7.1.0-47.1
[   59s] [212/297] preinstalled rpm-4.18.0-3.1
[   59s] [213/297] preinstalled rpm-build-4.18.0-3.1
[   59s] [214/297] preinstalled rpm-build-perl-4.18.0-3.1
[   59s] [215/297] preinstalled rpm-config-SUSE-20220926-1.1
[   59s] [216/297] preinstalled rpmlint-mini-2.4.0+git20230125.20e5b58-8.52
[   59s] [217/297] preinstalled rpmlint-strict-2.4.0+git20230125.20e5b58-1.1
[   59s] [218/297] preinstalled sed-4.9-2.1
[   59s] [219/297] preinstalled shadow-4.13-3.1
[   59s] [220/297] preinstalled system-group-hardware-20170617-24.1
[   59s] [221/297] preinstalled system-user-root-20190513-2.1
[   59s] [222/297] preinstalled systemd-rpm-macros-19-1.1
[   59s] [223/297] preinstalled sysuser-shadow-3.1-5.1
[   59s] [224/297] preinstalled tar-1.34-9.1
[   59s] [225/297] cumulate tcl-8.6.13-3.1
[   59s] [226/297] preinstalled terminfo-base-6.4.20230114-2.1
[   59s] [227/297] cumulate timezone-2022g-2.1
[   59s] [228/297] preinstalled update-alternatives-1.21.8-1.1
[   59s] [229/297] preinstalled util-linux-2.38.1-6.1
[   59s] [230/297] preinstalled which-2.21-5.1
[   59s] [231/297] cumulate xbitmaps-1.1.2-1.2
[   59s] [232/297] cumulate xbitmaps-devel-1.1.2-1.2
[   59s] [233/297] preinstalled xorgproto-devel-2022.2-1.1
[   59s] [234/297] preinstalled xz-5.4.1-1.1
[   59s] [235/297] cumulate zlib-devel-1.2.13-1.1
[   59s] [236/297] cumulate alts-1.2+3.b848aad-3.1
[   59s] [237/297] cumulate ffmpeg-5-mini-devel-5.1.2-7.1
[   59s] [238/297] cumulate gcc12-c++-12.2.1+git749-4.1
[   59s] [239/297] cumulate glu-devel-9.0.2-2.1
[   59s] [240/297] cumulate libXmu6-1.1.4-1.1
[   59s] [241/297] cumulate libblas3-3.9.0-5.1
[   59s] [242/297] cumulate libbrotlidec1-1.0.9-1.1
[   59s] [243/297] cumulate libbrotlienc1-1.0.9-1.1
[   59s] [244/297] cumulate libhidapi-hidraw0-0.13.1-1.1
[   59s] [245/297] cumulate libidn2-0-2.3.4-1.1
[   59s] [246/297] cumulate libopencascade-modelingdata7_7-7.7.0-1.1
[   59s] [247/297] cumulate libopenssl1_1-1.1.1s-2.2
[   59s] [248/297] cumulate libopenssl3-3.0.7-2.2
[   59s] [249/297] cumulate libpcrecpp0-8.45-2.1
[   59s] [250/297] cumulate libpcreposix0-8.45-2.1
[   59s] [251/297] cumulate libstdc++-devel-12-2.1
[   59s] [252/297] cumulate xhost-1.0.9-1.1
[   59s] [253/297] cumulate libicu72-72.1-1.1
[   59s] [254/297] cumulate libjpeg8-devel-8.2.2-72.1
[   59s] [255/297] cumulate tcl-devel-8.6.13-3.1
[   59s] [256/297] cumulate krb5-mini-1.20.1-2.2
[   59s] [257/297] cumulate libXi-devel-1.8-1.1
[   59s] [258/297] cumulate gcc-c++-12-2.1
[   59s] [259/297] cumulate libcblas3-3.9.0-5.1
[   59s] [260/297] cumulate libicu-devel-72.1-1.1
[   59s] [261/297] cumulate openssh-common-8.9p1-7.2
[   59s] [262/297] cumulate libfreetype6-2.12.1-4.1
[   59s] [263/297] cumulate liblapack3-3.9.0-5.1
[   59s] [264/297] cumulate libldap2-2.6.3-3.1
[   59s] [265/297] cumulate libopencascade-modelingalgorithms7_7-7.7.0-1.1
[   59s] [266/297] cumulate libpsl5-0.21.2-1.1
[   59s] [267/297] cumulate libbrotli-devel-1.0.9-1.1
[   59s] [268/297] cumulate libssh4-0.10.4-1.1
[   59s] [269/297] cumulate libXmu-devel-1.1.4-1.1
[   59s] [270/297] cumulate libfido2-1-1.12.0-1.2
[   59s] [271/297] cumulate pcre-devel-8.45-2.1
[   59s] [272/297] cumulate freetype2-devel-2.12.1-4.1
[   59s] [273/297] cumulate openssh-clients-8.9p1-7.2
[   59s] [274/297] cumulate libcurl4-7.87.0-1.2
[   59s] [275/297] cumulate git-core-2.39.1-1.1
[   59s] [276/297] cumulate libfontconfig1-2.14.1-1.1
[   59s] [277/297] cumulate python310-base-3.10.9-1.2
[   59s] [278/297] cumulate libpython3_10-1_0-3.10.9-1.2
[   59s] [279/297] cumulate python310-packaging-23.0-1.1
[   59s] [280/297] cumulate python310-pybind11-stubgen-0.12.0-1.1
[   59s] [281/297] cumulate fontconfig-2.14.1-1.1
[   59s] [282/297] cumulate python310-pybind11-2.10.3-1.1
[   59s] [283/297] cumulate fontconfig-devel-2.14.1-1.1
[   59s] [284/297] cumulate libXft2-2.3.7-1.1
[   59s] [285/297] cumulate cmake-mini-3.25.1-1.1
[   59s] [286/297] cumulate libopencascade-visualization7_7-7.7.0-1.1
[   59s] [287/297] cumulate python310-numpy-1.24.1-2.1
[   59s] [288/297] cumulate cmake-3.25.1-1.1
[   59s] [289/297] cumulate python310-devel-3.10.9-1.2
[   59s] [290/297] cumulate python-rpm-packaging-20210526+a18ca48-1.1
[   59s] [291/297] cumulate libopencascade-applicationframework7_7-7.7.0-1.1
[   59s] [292/297] cumulate tk-8.6.13-1.1
[   59s] [293/297] cumulate tk-devel-8.6.13-1.1
[   59s] [294/297] cumulate python310-pybind11-devel-2.10.3-1.1
[   59s] [295/297] cumulate libopencascade-dataexchange7_7-7.7.0-1.1
[   59s] [296/297] cumulate libopencascade-draw7_7-7.7.0-1.1
[   59s] [297/297] cumulate occt-devel-7.7.0-1.1
[   59s] now installing cumulated packages
[   60s] Preparing...                          ########################################
[   60s] Updating / installing...
[   61s] libopencascade-foundationclasses7_7-7.########################################
[   62s] libopencascade-modelingdata7_7-7.7.0-1########################################
[   65s] libopencascade-modelingalgorithms7_7-7########################################
[   67s] tcl-8.6.13-3.1                        ########################################
[   67s] libpcre1-8.45-2.1                     ########################################
[   67s] libbrotlicommon1-1.0.9-1.1            ########################################
[   68s] libbrotlidec1-1.0.9-1.1               ########################################
[   68s] libXext-devel-1.3.5-1.1               ########################################
[   68s] zlib-devel-1.2.13-1.1                 ########################################
[   68s] tcl-devel-8.6.13-3.1                  ########################################
[   69s] libunistring5-1.1-1.1                 ########################################
[   69s] libidn2-0-2.3.4-1.1                   ########################################
[   69s] libudev-mini1-252.4-2.1               ########################################
[   88s] libstdc++6-devel-gcc12-12.2.1+git749-4########################################
[   89s] libgfortran5-13.0.1+git5199-6.1       ########################################
[   89s] libblas3-3.9.0-5.1                    ########################################
[   89s] update-alternatives: using /usr/lib64/blas/libblas.so.3 to provide /usr/lib64/libblas.so.3 (libblas.so.3) in auto mode
[   89s] libXmuu1-1.1.4-1.1                    ########################################
[   89s] crypto-policies-20210917.c9d86d1-1.1  ########################################
[   90s] libopenssl1_1-1.1.1s-2.2              ########################################
[   91s] openssh-common-8.9p1-7.2              ########################################
[   92s] libopenssl3-3.0.7-2.2                 ########################################
[   92s] xhost-1.0.9-1.1                       ########################################
[   92s] libcblas3-3.9.0-5.1                   ########################################
[   92s] update-alternatives: using /usr/lib64/blas/libcblas.so.3 to provide /usr/lib64/libcblas.so.3 (libcblas.so.3) in auto mode
[   93s] liblapack3-3.9.0-5.1                  ########################################
[   94s] update-alternatives: using /usr/lib64/lapack/liblapack.so.3 to provide /usr/lib64/liblapack.so.3 (liblapack.so.3) in auto mode
[  100s] gcc12-c++-12.2.1+git749-4.1           ########################################
[  100s] libstdc++-devel-12-2.1                ########################################
[  100s] libhidapi-hidraw0-0.13.1-1.1          ########################################
[  100s] libpsl5-0.21.2-1.1                    ########################################
[  100s] libbrotlienc1-1.0.9-1.1               ########################################
[  100s] libbrotli-devel-1.0.9-1.1             ########################################
[  100s] libpcrecpp0-8.45-2.1                  ########################################
[  100s] libpcreposix0-8.45-2.1                ########################################
[  100s] xbitmaps-devel-1.1.2-1.2              ########################################
[  100s] xbitmaps-1.1.2-1.2                    ########################################
[  101s] libXmu6-1.1.4-1.1                     ########################################
[  101s] libXmu-devel-1.1.4-1.1                ########################################
[  102s] timezone-2022g-2.1                    ########################################
[  102s] python-rpm-macros-20221117.8687578-1.1########################################
[  102s] python-pybind11-common-devel-2.10.3-1.########################################
[  103s] occt-resources-7.7.0-1.1              ########################################
[  103s] libverto1-0.3.2-1.1                   ########################################
[  103s] libuv1-1.44.2-3.1                     ########################################
[  104s] libturbojpeg0-8.2.2-72.1              ########################################
[  104s] libssh-config-0.10.4-1.1              ########################################
[  104s] libsha1detectcoll1-1.0.3-4.3          ########################################
[  104s] libsasl2-3-2.1.28-3.1                 ########################################
[  104s] libldap2-2.6.3-3.1                    ########################################
[  104s] librhash0-1.4.3-1.1                   ########################################
[  105s] libpng16-16-1.6.39-1.3                ########################################
[  105s] libfreetype6-2.12.1-4.1               ########################################
[  105s] libfontconfig1-2.14.1-1.1             ########################################
[  105s] fontconfig-2.14.1-1.1                 ########################################
[  107s] libopencascade-visualization7_7-7.7.0-########################################
[  108s] libopencascade-applicationframework7_7########################################
[  111s] libopencascade-dataexchange7_7-7.7.0-1########################################
[  112s] libpcre16-0-8.45-2.1                  ########################################
[  112s] libnghttp2-14-1.51.0-7.1              ########################################
[  112s] libmpdec3-2.5.1-2.1                   ########################################
[  113s] libpython3_10-1_0-3.10.9-1.2          ########################################
[  123s] python310-base-3.10.9-1.2             ########################################
[  123s] python310-packaging-23.0-1.1          ########################################
[  134s] cmake-mini-3.25.1-1.1                 ########################################
[  135s] python310-devel-3.10.9-1.2            ########################################
[  135s] libkeyutils1-1.6.3-5.1                ########################################
[  135s] libjpeg8-8.2.2-72.1                   ########################################
[  143s] libicu72-ledata-72.1-1.1              ########################################
[  144s] libicu72-72.1-1.1                     ########################################
[  144s] libexpat-devel-2.5.0-2.1              ########################################
[  144s] libcom_err2-1.46.5-4.1                ########################################
[  145s] krb5-mini-1.20.1-2.2                  ########################################
[  145s] Updating /etc/sysconfig/kadmind ...
[  146s] Updating /etc/sysconfig/krb5kdc ...
[  146s] libssh4-0.10.4-1.1                    ########################################
[  146s] libcurl4-7.87.0-1.2                   ########################################
[  147s] libcbor0_10-0.10.1-1.1                ########################################
[  147s] libfido2-1-1.12.0-1.2                 ########################################
[  148s] openssh-clients-8.9p1-7.2             ########################################
[  148s] libbz2-devel-1.0.8-4.1                ########################################
[  149s] freetype2-devel-2.12.1-4.1            ########################################
[  149s] libalternatives1-1.2+3.b848aad-3.1    ########################################
[  150s] alts-1.2+3.b848aad-3.1                ########################################
[  150s] python310-pybind11-2.10.3-1.1         ########################################
[  150s] libXss1-1.2.4-1.1                     ########################################
[  150s] libXrender1-0.9.11-1.1                ########################################
[  151s] libXft2-2.3.7-1.1                     ########################################
[  152s] tk-8.6.13-1.1                         ########################################
[  153s] tk-devel-8.6.13-1.1                   ########################################
[  155s] libopencascade-draw7_7-7.7.0-1.1      ########################################
[  155s] libXi6-1.8-1.1                        ########################################
[  155s] libXfixes-devel-6.0.0-2.1             ########################################
[  155s] libGLU1-9.0.2-2.1                     ########################################
[  156s] less-608-1.1                          ########################################
[  157s] ffmpeg-5-mini-libs-5.1.2-7.1          ########################################
[  158s] ffmpeg-5-mini-devel-5.1.2-7.1         ########################################
[  163s] git-core-2.39.1-1.1                   ########################################
[  164s] glu-devel-9.0.2-2.1                   ########################################
[  164s] libXi-devel-1.8-1.1                   ########################################
[  177s] occt-devel-7.7.0-1.1                  ########################################
[  185s] python310-pybind11-devel-2.10.3-1.1   ########################################
[  193s] python310-numpy-1.24.1-2.1            ########################################
[  193s] fontconfig-devel-2.14.1-1.1           ########################################
[  195s] libicu-devel-72.1-1.1                 ########################################
[  195s] libjpeg8-devel-8.2.2-72.1             ########################################
[  195s] cmake-3.25.1-1.1                      ########################################
[  195s] python-rpm-packaging-20210526+a18ca48-########################################
[  195s] python310-pybind11-stubgen-0.12.0-1.1 ########################################
[  196s] pcre-devel-8.45-2.1                   ########################################
[  196s] gcc-c++-12-2.1                        ########################################
[  196s] fdupes-2.2.1-1.1                      ########################################
[  196s] Catch2-2-devel-2.13.10-1.1            ########################################
[  207s] now finalizing build dir...
[  208s] ... running 01-add_abuild_user_to_trusted_group
[  209s] ... running 02-set_timezone_to_utc
[  209s] ... running 03-set-permissions-secure
[  209s] ... running 11-hack_uname_version_to_kernel_version
[  224s] -----------------------------------------------------------------
[  224s] I have the following modifications for netgen.spec:
[  224s] 27c27
[  224s] < Release:        0
[  224s] ---
[  224s] > Release:        1.1
[  237s] build target is riscv64-suse-linux
[  237s] -----------------------------------------------------------------
[  237s] ----- building netgen.spec (user abuild)
[  237s] -----------------------------------------------------------------
[  237s] -----------------------------------------------------------------
[  244s] + exec rpmbuild -ba --define '_srcdefattr (-,root,root)' --nosignature --target=riscv64-suse-linux --define '_build_create_debug 1' --define 'disturl obs://build.opensuse.org/openSUSE:Factory:RISCV/standard/ace7a7efeb6190ba70bff2db68e4bb0b-netgen' /home/abuild/rpmbuild/SOURCES/netgen.spec
[  252s] Building target platforms: riscv64-suse-linux
[  252s] Building for target riscv64-suse-linux
[  252s] setting SOURCE_DATE_EPOCH=1674777600
[  253s] Executing(%prep): /usr/bin/bash -e /var/tmp/rpm-tmp.zqmygl
[  253s] + umask 022
[  253s] + cd /home/abuild/rpmbuild/BUILD
[  253s] + cd /home/abuild/rpmbuild/BUILD
[  253s] + rm -rf netgen-6.2.2301
[  253s] + /usr/lib/rpm/rpmuncompress -x /home/abuild/rpmbuild/SOURCES/netgen-6.2.2301.tar.gz
[  255s] + STATUS=0
[  255s] + '[' 0 -ne 0 ']'
[  255s] + cd netgen-6.2.2301
[  255s] + /usr/bin/chmod -Rf a+rX,u+w,g-w,o-w .
[  255s] + /usr/lib/rpm/rpmuncompress /home/abuild/rpmbuild/SOURCES/0001-Disable-backtrace-generation.patch
[  255s] + /usr/bin/patch -p1 -s --fuzz=0 --no-backup-if-mismatch -f
[  256s] + /usr/lib/rpm/rpmuncompress /home/abuild/rpmbuild/SOURCES/0001-Optionally-use-system-provided-Catch2.patch
[  256s] + /usr/bin/patch -p1 -s --fuzz=0 --no-backup-if-mismatch -f
[  256s] + /usr/lib/rpm/rpmuncompress /home/abuild/rpmbuild/SOURCES/0001-Link-nggui-to-FFMPEG-und-JPEG-libraries-when-needed.patch
[  256s] + /usr/bin/patch -p1 -s --fuzz=0 --no-backup-if-mismatch -f
[  257s] + /usr/lib/rpm/rpmuncompress /home/abuild/rpmbuild/SOURCES/0001-Avoid-installation-of-Togl-static-library.patch
[  257s] + /usr/bin/patch -p1 -s --fuzz=0 --no-backup-if-mismatch -f
[  257s] + /usr/lib/rpm/rpmuncompress /home/abuild/rpmbuild/SOURCES/0001-Include-filesystem-from-experimental-for-GCC-7.patch
[  257s] + /usr/bin/patch -p1 -s --fuzz=0 --no-backup-if-mismatch -f
[  258s] + /usr/lib/rpm/rpmuncompress /home/abuild/rpmbuild/SOURCES/0001-Fix-netgen-executable-and-library-RUNPATHs.patch
[  258s] + /usr/bin/patch -p1 -s --fuzz=0 --no-backup-if-mismatch -f
[  258s] + RPM_EC=0
[  258s] ++ jobs -p
[  258s] + exit 0
[  258s] Executing(%build): /usr/bin/bash -e /var/tmp/rpm-tmp.mdmIwD
[  258s] + umask 022
[  259s] + cd /home/abuild/rpmbuild/BUILD
[  259s] + /usr/bin/rm -rf /home/abuild/rpmbuild/BUILDROOT/netgen-6.2.2301-1.1.riscv64
[  259s] ++ dirname /home/abuild/rpmbuild/BUILDROOT/netgen-6.2.2301-1.1.riscv64
[  259s] + /usr/bin/mkdir -p /home/abuild/rpmbuild/BUILDROOT
[  259s] + /usr/bin/mkdir /home/abuild/rpmbuild/BUILDROOT/netgen-6.2.2301-1.1.riscv64
[  259s] + cd netgen-6.2.2301
[  259s] + ref=/usr/lib/rpm
[  259s] + mints=0
[  259s] + case $(uname -m) in
[  259s] ++ uname -m
[  259s] + mints=20160911
[  259s] + for s in guess sub
[  259s] ++ find -maxdepth 8 -name config.guess
[  259s] + for s in guess sub
[  259s] ++ find -maxdepth 8 -name config.sub
[  259s] + echo v6.2.2301-0-0
[  259s] + find . -type f -name CMakeLists.txt -exec sed -i -re '/^[[:blank:]]*[sS][eE][tT][[:blank:]]*\([[:blank:]]*(CMAKE_BUILD_TYPE|CMAKE_COLOR_MAKEFILE|CMAKE_INSTALL_PREFIX|CMAKE_VERBOSE_MAKEFILE).*\)/{s/^/#IGNORE /}' '{}' +
[  260s] + mkdir -p build
[  260s] + cd build
[  260s] + /usr/bin/cmake /home/abuild/rpmbuild/BUILD/netgen-6.2.2301/. '-GUnix Makefiles' -DCMAKE_INSTALL_PREFIX:PATH=/usr -DINCLUDE_INSTALL_DIR:PATH=/usr/include -DLIB_INSTALL_DIR:PATH=/usr/lib64 -DSYSCONF_INSTALL_DIR:PATH=/etc -DSHARE_INSTALL_PREFIX:PATH=/usr/share -DCMAKE_INSTALL_LIBDIR:PATH=lib64 -DCMAKE_INSTALL_LIBEXECDIR=/usr/libexec -DCMAKE_BUILD_TYPE=RelWithDebInfo '-DCMAKE_C_FLAGS=-O2 -Wall -U_FORTIFY_SOURCE -D_FORTIFY_SOURCE=3 -fstack-protector-strong -funwind-tables -fasynchronous-unwind-tables -fstack-clash-protection -Werror=return-type -flto=auto -g -DPYBIND11_HAS_FILESYSTEM_IS_OPTIONAL=1' '-DCMAKE_CXX_FLAGS=-O2 -Wall -U_FORTIFY_SOURCE -D_FORTIFY_SOURCE=3 -fstack-protector-strong -funwind-tables -fasynchronous-unwind-tables -fstack-clash-protection -Werror=return-type -flto=auto -g -DPYBIND11_HAS_FILESYSTEM_IS_OPTIONAL=1' '-DCMAKE_Fortran_FLAGS=-O2 -Wall -U_FORTIFY_SOURCE -D_FORTIFY_SOURCE=3 -fstack-protector-strong -funwind-tables -fasynchronous-unwind-tables -fstack-clash-protection -Werror=return-type -flto=auto -g -DPYBIND11_HAS_FILESYSTEM_IS_OPTIONAL=1' '-DCMAKE_EXE_LINKER_FLAGS=-flto=auto -Wl,--as-needed -Wl,--no-undefined -Wl,-z,now' '-DCMAKE_MODULE_LINKER_FLAGS=-flto=auto -Wl,--as-needed' '-DCMAKE_SHARED_LINKER_FLAGS=-flto=auto -Wl,--as-needed -Wl,--no-undefined -Wl,-z,now' -DLIB_SUFFIX=64 -DCMAKE_VERBOSE_MAKEFILE:BOOL=ON -DBUILD_SHARED_LIBS:BOOL=ON -DBUILD_STATIC_LIBS:BOOL=OFF -DCMAKE_COLOR_MAKEFILE:BOOL=OFF -DCMAKE_INSTALL_DO_STRIP:BOOL=OFF -DCMAKE_MODULES_INSTALL_DIR=/usr/lib64/cmake/netgen -DOpenGL_GL_PREFERENCE=GLVND -DUSE_SUPERBUILD=OFF '-DCMAKE_SHARED_LINKER_FLAGS=-flto=auto -Wl,--as-needed -Wl,--warn-unresolved-symbols -Wl,-z,now' -DNG_INSTALL_DIR_INCLUDE=/usr/include/netgen -DNG_INSTALL_DIR_LIB=/usr/lib64/netgen -DCMAKE_SKIP_RPATH:BOOL=OFF -DCMAKE_SKIP_INSTALL_RPATH:BOOL=OFF -DCMAKE_SKIP_BUILD_RPATH=ON -DCMAKE_BUILD_WITH_INSTALL_RPATH=ON -DCMAKE_INSTALL_RPATH_USE_LINK_PATH:BOOL=ON -DENABLE_UNIT_TESTS=ON -DDOWNLOAD_DEPENDENCIES=OFF -DUSE_NATIVE_ARCH=OFF -DUSE_GUI=ON -DUSE_PYTHON=ON -DPREFER_SYSTEM_PYBIND11=ON -DNG_INSTALL_DIR_PYTHON=/usr/lib64/python3.10/site-packages -DUSE_MPI=OFF -DUSE_OCC=ON -DUSE_JPEG=ON -DUSE_MPEG=ON ..
[  267s] -- The C compiler identification is GNU 12.2.1
[  273s] -- The CXX compiler identification is GNU 12.2.1
[  274s] -- Detecting C compiler ABI info
[  281s] -- Detecting C compiler ABI info - done
[  281s] -- Check for working C compiler: /usr/bin/cc - skipped
[  281s] -- Detecting C compile features
[  281s] -- Detecting C compile features - done
[  281s] -- Detecting CXX compiler ABI info
[  289s] -- Detecting CXX compiler ABI info - done
[  290s] -- Check for working CXX compiler: /usr/bin/c++ - skipped
[  290s] -- Detecting CXX compile features
[  290s] -- Detecting CXX compile features - done
[  290s] -- Found Git: /usr/bin/git (found version "2.39.1") 
[  291s] -- Found PythonInterp: /usr/bin/python3 (found suitable version "3.10.9", minimum required is "3") 
[  291s] -- Found PythonLibs: /usr/lib64/libpython3.10.so (found suitable version "3.10.9", minimum required is "3") 
[  292s] <string>:1: DeprecationWarning: The distutils package is deprecated and slated for removal in Python 3.12. Use setuptools or check PEP 632 for potential alternatives
[  292s] <string>:1: DeprecationWarning: The distutils.sysconfig module is deprecated, use sysconfig instead
[  292s] -- Looking for include file dlfcn.h
[  298s] -- Looking for include file dlfcn.h - found
[  298s] -- Found ZLIB: /usr/lib64/libz.so (found version "1.2.13") 
[  299s] -- Found Tclsh: /bin/tclsh (found version "8.6") 
[  299s] -- Found TCL: /usr/lib64/libtcl8.6.so (Required is at least version "8.5") 
[  299s] -- Found TCLTK: /usr/lib64/libtcl8.6.so  
[  299s] -- Found TK: /usr/lib64/libtk8.6.so  
[  299s] -- Found TCL: /usr/lib64/libtcl8.6.so  
[  299s] -- Performing Test CMAKE_HAVE_LIBC_PTHREAD
[  306s] -- Performing Test CMAKE_HAVE_LIBC_PTHREAD - Success
[  306s] -- Found Threads: TRUE  
[  307s] -- Found X11: /usr/include   
[  307s] -- Looking for XOpenDisplay in /usr/lib64/libX11.so;/usr/lib64/libXext.so
[  314s] -- Looking for XOpenDisplay in /usr/lib64/libX11.so;/usr/lib64/libXext.so - found
[  314s] -- Looking for gethostbyname
[  321s] -- Looking for gethostbyname - found
[  321s] -- Looking for connect
[  329s] -- Looking for connect - found
[  329s] -- Looking for remove
[  335s] -- Looking for remove - found
[  335s] -- Looking for shmat
[  341s] -- Looking for shmat - found
[  341s] -- Looking for IceConnectionNumber in ICE
[  348s] -- Looking for IceConnectionNumber in ICE - found
[  348s] -- Found OpenGL: /usr/lib64/libOpenGL.so   
[  349s] -- Found PythonInterp: /usr/bin/python3 (found suitable version "3.10.9", minimum required is "3.6") 
[  350s] -- Found PythonLibs: /usr/lib64/libpython3.10.so
[  350s] -- Performing Test HAS_FLTO
[  357s] -- Performing Test HAS_FLTO - Success
[  357s] -- Found pybind11: /usr/include (found version "2.10.3")
[  357s] -- OCC DIRS /usr/include/opencascade
[  358s] -- Found JPEG: /usr/lib64/libjpeg.so (found version "80") 
[  358s] -- Found PkgConfig: /usr/bin/pkg-config (found version "1.8.0") 
[  358s] -- Checking for module 'libavcodec'
[  360s] --   Found libavcodec, version 59.37.100
[  364s] -- Checking for module 'libavformat'
[  365s] --   Found libavformat, version 59.27.100
[  369s] -- Checking for module 'libavutil'
[  371s] --   Found libavutil, version 57.28.100
[  375s] -- Checking for module 'libswscale'
[  376s] --   Found libswscale, version 6.7.100
[  379s] -- Found FFMPEG or Libav: /usr/lib64/libavcodec.so;/usr/lib64/libavformat.so;/usr/lib64/libavutil.so;/usr/lib64/libswscale.so, /usr/include/ffmpeg
[  379s] -- Catch2 include dir: /usr/include/catch2
[  380s] -- Found pybind11-stubgen: /usr/lib/python3.10/site-packages/pybind11_stubgen/__init__.py
[  380s] 
[  380s] grep: /etc/lsb-release: No such file or directory
[  381s] 
[  381s] ------------------------------------------------------------------------
[  381s]   Netgen :  Automatic configuration OK.
[  381s] 
[  381s]   Build type: RelWithDebInfo
[  381s]   Flags: -O2 -g -DNDEBUG -O2 -Wall -U_FORTIFY_SOURCE -D_FORTIFY_SOURCE=3 -fstack-protector-strong -funwind-tables -fasynchronous-unwind-tables -fstack-clash-protection -Werror=return-type -flto=auto -g -DPYBIND11_HAS_FILESYSTEM_IS_OPTIONAL=1
[  381s] 
[  381s]   Enabled functionality:
[  381s] 
[  381s]     OCC: ............... ON
[  381s]     JPEGlib: ........... ON
[  381s]     FFMPEG: ............ ON
[  381s]     GUI: ............... ON
[  381s]     MPI: ............... OFF
[  381s]     PYTHON: ............ ON
[  381s] 
[  381s] 
[  381s]   Building: 
[  381s] 
[  381s]     Type 'make' to compile Netgen.
[  381s] 
[  381s]     Type 'make install' to install Netgen.
[  381s] 
[  381s] 
[  381s]   Install directory:
[  381s] 
[  381s]     /usr
[  381s] 
[  381s]   Please set the following environment variables:
[  381s] 
[  381s]     NETGENDIR=/usr/bin
[  381s]     PYTHONPATH=.:/usr/lib64/python3.10/site-packages
[  381s] 
[  381s] ------------------------------------------------------------------------
[  381s] 
[  381s] -- Configuring done
[  384s] -- Generating done
[  384s] CMake Warning:
[  384s]   Manually-specified variables were not used by the project:
[  384s] 
[  384s]     BUILD_STATIC_LIBS
[  384s]     CMAKE_Fortran_FLAGS
[  384s]     CMAKE_INSTALL_DO_STRIP
[  384s]     CMAKE_INSTALL_LIBDIR
[  384s]     CMAKE_INSTALL_LIBEXECDIR
[  384s]     CMAKE_MODULES_INSTALL_DIR
[  384s]     INCLUDE_INSTALL_DIR
[  384s]     LIB_INSTALL_DIR
[  384s]     LIB_SUFFIX
[  384s]     SHARE_INSTALL_PREFIX
[  384s]     SYSCONF_INSTALL_DIR
[  384s] 
[  384s] 
[  384s] -- Build files have been written to: /home/abuild/rpmbuild/BUILD/netgen-6.2.2301/build
[  384s] + /usr/bin/make -O VERBOSE=1 -j8
[  385s] /usr/bin/cmake -S/home/abuild/rpmbuild/BUILD/netgen-6.2.2301 -B/home/abuild/rpmbuild/BUILD/netgen-6.2.2301/build --check-build-system CMakeFiles/Makefile.cmake 0
[  385s] /usr/bin/cmake -E cmake_progress_start /home/abuild/rpmbuild/BUILD/netgen-6.2.2301/build/CMakeFiles /home/abuild/rpmbuild/BUILD/netgen-6.2.2301/build//CMakeFiles/progress.marks
[  385s] /usr/bin/make  -f CMakeFiles/Makefile2 all
[  385s] /usr/bin/make  -f CMakeFiles/ng_generate_version_file.dir/build.make CMakeFiles/ng_generate_version_file.dir/depend
[  385s] /usr/bin/make  -f CMakeFiles/makerls.dir/build.make CMakeFiles/makerls.dir/depend
[  385s] /usr/bin/make  -f ng/Togl2.1/CMakeFiles/togl.dir/build.make ng/Togl2.1/CMakeFiles/togl.dir/depend
[  385s] /usr/bin/make  -f tests/catch/CMakeFiles/catch_main.dir/build.make tests/catch/CMakeFiles/catch_main.dir/depend
[  385s] make[2]: Entering directory '/home/abuild/rpmbuild/BUILD/netgen-6.2.2301/build'
[  385s] cd /home/abuild/rpmbuild/BUILD/netgen-6.2.2301/build && /usr/bin/cmake -E cmake_depends "Unix Makefiles" /home/abuild/rpmbuild/BUILD/netgen-6.2.2301 /home/abuild/rpmbuild/BUILD/netgen-6.2.2301 /home/abuild/rpmbuild/BUILD/netgen-6.2.2301/build /home/abuild/rpmbuild/BUILD/netgen-6.2.2301/build /home/abuild/rpmbuild/BUILD/netgen-6.2.2301/build/CMakeFiles/ng_generate_version_file.dir/DependInfo.cmake
[  385s] make[2]: Leaving directory '/home/abuild/rpmbuild/BUILD/netgen-6.2.2301/build'
[  385s] make[2]: Entering directory '/home/abuild/rpmbuild/BUILD/netgen-6.2.2301/build'
[  385s] /usr/bin/make  -f CMakeFiles/ng_generate_version_file.dir/build.make CMakeFiles/ng_generate_version_file.dir/build
[  385s] cd /home/abuild/rpmbuild/BUILD/netgen-6.2.2301/build && /usr/bin/cmake -E cmake_depends "Unix Makefiles" /home/abuild/rpmbuild/BUILD/netgen-6.2.2301 /home/abuild/rpmbuild/BUILD/netgen-6.2.2301/ng/Togl2.1 /home/abuild/rpmbuild/BUILD/netgen-6.2.2301/build /home/abuild/rpmbuild/BUILD/netgen-6.2.2301/build/ng/Togl2.1 /home/abuild/rpmbuild/BUILD/netgen-6.2.2301/build/ng/Togl2.1/CMakeFiles/togl.dir/DependInfo.cmake
[  385s] make[2]: Leaving directory '/home/abuild/rpmbuild/BUILD/netgen-6.2.2301/build'
[  385s] /usr/bin/make  -f ng/Togl2.1/CMakeFiles/togl.dir/build.make ng/Togl2.1/CMakeFiles/togl.dir/build
[  385s] make[2]: Entering directory '/home/abuild/rpmbuild/BUILD/netgen-6.2.2301/build'
[  385s] cd /home/abuild/rpmbuild/BUILD/netgen-6.2.2301/build && /usr/bin/cmake -E cmake_depends "Unix Makefiles" /home/abuild/rpmbuild/BUILD/netgen-6.2.2301 /home/abuild/rpmbuild/BUILD/netgen-6.2.2301/tests/catch /home/abuild/rpmbuild/BUILD/netgen-6.2.2301/build /home/abuild/rpmbuild/BUILD/netgen-6.2.2301/build/tests/catch /home/abuild/rpmbuild/BUILD/netgen-6.2.2301/build/tests/catch/CMakeFiles/catch_main.dir/DependInfo.cmake
[  385s] make[2]: Leaving directory '/home/abuild/rpmbuild/BUILD/netgen-6.2.2301/build'
[  385s] /usr/bin/make  -f tests/catch/CMakeFiles/catch_main.dir/build.make tests/catch/CMakeFiles/catch_main.dir/build
[  385s] make[2]: Entering directory '/home/abuild/rpmbuild/BUILD/netgen-6.2.2301/build'
[  385s] cd /home/abuild/rpmbuild/BUILD/netgen-6.2.2301/build && /usr/bin/cmake -E cmake_depends "Unix Makefiles" /home/abuild/rpmbuild/BUILD/netgen-6.2.2301 /home/abuild/rpmbuild/BUILD/netgen-6.2.2301 /home/abuild/rpmbuild/BUILD/netgen-6.2.2301/build /home/abuild/rpmbuild/BUILD/netgen-6.2.2301/build /home/abuild/rpmbuild/BUILD/netgen-6.2.2301/build/CMakeFiles/makerls.dir/DependInfo.cmake
[  385s] make[2]: Leaving directory '/home/abuild/rpmbuild/BUILD/netgen-6.2.2301/build'
[  385s] /usr/bin/make  -f CMakeFiles/makerls.dir/build.make CMakeFiles/makerls.dir/build
[  386s] make[2]: Entering directory '/home/abuild/rpmbuild/BUILD/netgen-6.2.2301/build'
[  386s] /usr/bin/cmake -DBDIR=/home/abuild/rpmbuild/BUILD/netgen-6.2.2301/build -P /home/abuild/rpmbuild/BUILD/netgen-6.2.2301/cmake/generate_version_file.cmake
[  386s] -- Found Git: /usr/bin/git (found version "2.39.1") 
[  386s] make[2]: Leaving directory '/home/abuild/rpmbuild/BUILD/netgen-6.2.2301/build'
[  386s] make[1]: Entering directory '/home/abuild/rpmbuild/BUILD/netgen-6.2.2301/build'
[  386s] [  3%] Built target ng_generate_version_file
[  386s] make[1]: Leaving directory '/home/abuild/rpmbuild/BUILD/netgen-6.2.2301/build'
[  386s] /usr/bin/make  -f libsrc/core/CMakeFiles/ngcore.dir/build.make libsrc/core/CMakeFiles/ngcore.dir/depend
[  387s] make[2]: Entering directory '/home/abuild/rpmbuild/BUILD/netgen-6.2.2301/build'
[  387s] cd /home/abuild/rpmbuild/BUILD/netgen-6.2.2301/build && /usr/bin/cmake -E cmake_depends "Unix Makefiles" /home/abuild/rpmbuild/BUILD/netgen-6.2.2301 /home/abuild/rpmbuild/BUILD/netgen-6.2.2301/libsrc/core /home/abuild/rpmbuild/BUILD/netgen-6.2.2301/build /home/abuild/rpmbuild/BUILD/netgen-6.2.2301/build/libsrc/core /home/abuild/rpmbuild/BUILD/netgen-6.2.2301/build/libsrc/core/CMakeFiles/ngcore.dir/DependInfo.cmake
[  387s] make[2]: Leaving directory '/home/abuild/rpmbuild/BUILD/netgen-6.2.2301/build'
[  387s] /usr/bin/make  -f libsrc/core/CMakeFiles/ngcore.dir/build.make libsrc/core/CMakeFiles/ngcore.dir/build
[  389s] make[2]: Entering directory '/home/abuild/rpmbuild/BUILD/netgen-6.2.2301/build'
[  389s] [  2%] Building C object ng/Togl2.1/CMakeFiles/togl.dir/toglStubInit.c.o
[  389s] cd /home/abuild/rpmbuild/BUILD/netgen-6.2.2301/build/ng/Togl2.1 && /usr/bin/cc -DBUILD_togl=1 -DFFMPEG -DHAVE_DLFCN_H -DHAVE_FREETYPE -DHAVE_INTTYPES_H=1 -DHAVE_LIMITS_H=1 -DHAVE_MEMORY_H=1 -DHAVE_OPENGL_EXT -DHAVE_RAPIDJSON -DHAVE_STDINT_H=1 -DHAVE_STDLIB_H=1 -DHAVE_STRINGS_H=1 -DHAVE_STRING_H=1 -DHAVE_SYS_PARAM_H=1 -DHAVE_SYS_STAT_H=1 -DHAVE_SYS_TYPES_H=1 -DHAVE_TK -DHAVE_UNISTD_H=0 -DHAVE_XLIB -DINTERNAL_TCL_DEFAULT=1 -DJPEGLIB -DOCCGEOMETRY -DOCC_CONVERT_SIGNALS -DOPENGL -DSTDC_HEADERS=1 -DTCL -DTCL_THREADS=1 -DTCL_WIDE_INT_IS_LONG=1 -DTOGL_X11 -DUSE_TCL_STUBS -DUSE_THREAD_ALLOC=1 -DUSE_TK_STUBS -DUSE_TOGL_2 -D_LARGEFILE64_SOURCE=1 -D_REENTRANT=1 -D_THREAD_SAFE=1 -D__STDC_CONSTANT_MACROS -I/home/abuild/rpmbuild/BUILD/netgen-6.2.2301/build/ng/Togl2.1 -I/home/abuild/rpmbuild/BUILD/netgen-6.2.2301/ng/Togl2.1 -I/usr/include/../PrivateHeaders -I/usr/include/tk-private/generic/ttk -I/usr/include/tk-private -I/usr/include/tk-private/unix -I/usr/include/tk-private/generic -I/usr/include/tcl-private/unix -I/usr/include/tcl-private/generic -I/home/abuild/rpmbuild/BUILD/netgen-6.2.2301/build -I/home/abuild/rpmbuild/BUILD/netgen-6.2.2301/include -I/home/abuild/rpmbuild/BUILD/netgen-6.2.2301/libsrc -I/home/abuild/rpmbuild/BUILD/netgen-6.2.2301/libsrc/include -I/usr/include/opencascade -I/usr/include/ffmpeg -O2 -Wall -U_FORTIFY_SOURCE -D_FORTIFY_SOURCE=3 -fstack-protector-strong -funwind-tables -fasynchronous-unwind-tables -fstack-clash-protection -Werror=return-type -flto=auto -g -DPYBIND11_HAS_FILESYSTEM_IS_OPTIONAL=1 -O2 -g -DNDEBUG -fPIC -fomit-frame-pointer -Wno-implicit-int -MD -MT ng/Togl2.1/CMakeFiles/togl.dir/toglStubInit.c.o -MF CMakeFiles/togl.dir/toglStubInit.c.o.d -o CMakeFiles/togl.dir/toglStubInit.c.o -c /home/abuild/rpmbuild/BUILD/netgen-6.2.2301/ng/Togl2.1/toglStubInit.c
[  389s] make[2]: Leaving directory '/home/abuild/rpmbuild/BUILD/netgen-6.2.2301/build'
[  390s] make[2]: Entering directory '/home/abuild/rpmbuild/BUILD/netgen-6.2.2301/build'
[  390s] [  0%] Building C object ng/Togl2.1/CMakeFiles/togl.dir/toglProcAddr.c.o
[  390s] cd /home/abuild/rpmbuild/BUILD/netgen-6.2.2301/build/ng/Togl2.1 && /usr/bin/cc -DBUILD_togl=1 -DFFMPEG -DHAVE_DLFCN_H -DHAVE_FREETYPE -DHAVE_INTTYPES_H=1 -DHAVE_LIMITS_H=1 -DHAVE_MEMORY_H=1 -DHAVE_OPENGL_EXT -DHAVE_RAPIDJSON -DHAVE_STDINT_H=1 -DHAVE_STDLIB_H=1 -DHAVE_STRINGS_H=1 -DHAVE_STRING_H=1 -DHAVE_SYS_PARAM_H=1 -DHAVE_SYS_STAT_H=1 -DHAVE_SYS_TYPES_H=1 -DHAVE_TK -DHAVE_UNISTD_H=0 -DHAVE_XLIB -DINTERNAL_TCL_DEFAULT=1 -DJPEGLIB -DOCCGEOMETRY -DOCC_CONVERT_SIGNALS -DOPENGL -DSTDC_HEADERS=1 -DTCL -DTCL_THREADS=1 -DTCL_WIDE_INT_IS_LONG=1 -DTOGL_X11 -DUSE_TCL_STUBS -DUSE_THREAD_ALLOC=1 -DUSE_TK_STUBS -DUSE_TOGL_2 -D_LARGEFILE64_SOURCE=1 -D_REENTRANT=1 -D_THREAD_SAFE=1 -D__STDC_CONSTANT_MACROS -I/home/abuild/rpmbuild/BUILD/netgen-6.2.2301/build/ng/Togl2.1 -I/home/abuild/rpmbuild/BUILD/netgen-6.2.2301/ng/Togl2.1 -I/usr/include/../PrivateHeaders -I/usr/include/tk-private/generic/ttk -I/usr/include/tk-private -I/usr/include/tk-private/unix -I/usr/include/tk-private/generic -I/usr/include/tcl-private/unix -I/usr/include/tcl-private/generic -I/home/abuild/rpmbuild/BUILD/netgen-6.2.2301/build -I/home/abuild/rpmbuild/BUILD/netgen-6.2.2301/include -I/home/abuild/rpmbuild/BUILD/netgen-6.2.2301/libsrc -I/home/abuild/rpmbuild/BUILD/netgen-6.2.2301/libsrc/include -I/usr/include/opencascade -I/usr/include/ffmpeg -O2 -Wall -U_FORTIFY_SOURCE -D_FORTIFY_SOURCE=3 -fstack-protector-strong -funwind-tables -fasynchronous-unwind-tables -fstack-clash-protection -Werror=return-type -flto=auto -g -DPYBIND11_HAS_FILESYSTEM_IS_OPTIONAL=1 -O2 -g -DNDEBUG -fPIC -fomit-frame-pointer -Wno-implicit-int -MD -MT ng/Togl2.1/CMakeFiles/togl.dir/toglProcAddr.c.o -MF CMakeFiles/togl.dir/toglProcAddr.c.o.d -o CMakeFiles/togl.dir/toglProcAddr.c.o -c /home/abuild/rpmbuild/BUILD/netgen-6.2.2301/ng/Togl2.1/toglProcAddr.c
[  390s] make[2]: Leaving directory '/home/abuild/rpmbuild/BUILD/netgen-6.2.2301/build'
[  398s] make[2]: Entering directory '/home/abuild/rpmbuild/BUILD/netgen-6.2.2301/build'
[  398s] [  1%] Building C object ng/Togl2.1/CMakeFiles/togl.dir/togl.c.o
[  398s] cd /home/abuild/rpmbuild/BUILD/netgen-6.2.2301/build/ng/Togl2.1 && /usr/bin/cc -DBUILD_togl=1 -DFFMPEG -DHAVE_DLFCN_H -DHAVE_FREETYPE -DHAVE_INTTYPES_H=1 -DHAVE_LIMITS_H=1 -DHAVE_MEMORY_H=1 -DHAVE_OPENGL_EXT -DHAVE_RAPIDJSON -DHAVE_STDINT_H=1 -DHAVE_STDLIB_H=1 -DHAVE_STRINGS_H=1 -DHAVE_STRING_H=1 -DHAVE_SYS_PARAM_H=1 -DHAVE_SYS_STAT_H=1 -DHAVE_SYS_TYPES_H=1 -DHAVE_TK -DHAVE_UNISTD_H=0 -DHAVE_XLIB -DINTERNAL_TCL_DEFAULT=1 -DJPEGLIB -DOCCGEOMETRY -DOCC_CONVERT_SIGNALS -DOPENGL -DSTDC_HEADERS=1 -DTCL -DTCL_THREADS=1 -DTCL_WIDE_INT_IS_LONG=1 -DTOGL_X11 -DUSE_TCL_STUBS -DUSE_THREAD_ALLOC=1 -DUSE_TK_STUBS -DUSE_TOGL_2 -D_LARGEFILE64_SOURCE=1 -D_REENTRANT=1 -D_THREAD_SAFE=1 -D__STDC_CONSTANT_MACROS -I/home/abuild/rpmbuild/BUILD/netgen-6.2.2301/build/ng/Togl2.1 -I/home/abuild/rpmbuild/BUILD/netgen-6.2.2301/ng/Togl2.1 -I/usr/include/../PrivateHeaders -I/usr/include/tk-private/generic/ttk -I/usr/include/tk-private -I/usr/include/tk-private/unix -I/usr/include/tk-private/generic -I/usr/include/tcl-private/unix -I/usr/include/tcl-private/generic -I/home/abuild/rpmbuild/BUILD/netgen-6.2.2301/build -I/home/abuild/rpmbuild/BUILD/netgen-6.2.2301/include -I/home/abuild/rpmbuild/BUILD/netgen-6.2.2301/libsrc -I/home/abuild/rpmbuild/BUILD/netgen-6.2.2301/libsrc/include -I/usr/include/opencascade -I/usr/include/ffmpeg -O2 -Wall -U_FORTIFY_SOURCE -D_FORTIFY_SOURCE=3 -fstack-protector-strong -funwind-tables -fasynchronous-unwind-tables -fstack-clash-protection -Werror=return-type -flto=auto -g -DPYBIND11_HAS_FILESYSTEM_IS_OPTIONAL=1 -O2 -g -DNDEBUG -fPIC -fomit-frame-pointer -Wno-implicit-int -MD -MT ng/Togl2.1/CMakeFiles/togl.dir/togl.c.o -MF CMakeFiles/togl.dir/togl.c.o.d -o CMakeFiles/togl.dir/togl.c.o -c /home/abuild/rpmbuild/BUILD/netgen-6.2.2301/ng/Togl2.1/togl.c
[  398s] In file included from /home/abuild/rpmbuild/BUILD/netgen-6.2.2301/ng/Togl2.1/togl.c:627:
[  398s] /home/abuild/rpmbuild/BUILD/netgen-6.2.2301/ng/Togl2.1/toglGLX.c: In function 'togl_createPbuffer':
[  398s] /home/abuild/rpmbuild/BUILD/netgen-6.2.2301/ng/Togl2.1/toglGLX.c:467:54: warning: pointer targets in passing argument 4 of 'queryPbuffer' differ in signedness [-Wpointer-sign]
[  398s]   467 |         queryPbuffer(togl->display, pbuf, GLX_WIDTH, &tmp);
[  398s]       |                                                      ^~~~
[  398s]       |                                                      |
[  398s]       |                                                      int *
[  398s] /home/abuild/rpmbuild/BUILD/netgen-6.2.2301/ng/Togl2.1/toglGLX.c:467:54: note: expected 'unsigned int *' but argument is of type 'int *'
[  398s] /home/abuild/rpmbuild/BUILD/netgen-6.2.2301/ng/Togl2.1/toglGLX.c:470:55: warning: pointer targets in passing argument 4 of 'queryPbuffer' differ in signedness [-Wpointer-sign]
[  398s]   470 |         queryPbuffer(togl->display, pbuf, GLX_HEIGHT, &tmp);
[  398s]       |                                                       ^~~~
[  398s]       |                                                       |
[  398s]       |                                                       int *
[  398s] /home/abuild/rpmbuild/BUILD/netgen-6.2.2301/ng/Togl2.1/toglGLX.c:470:55: note: expected 'unsigned int *' but argument is of type 'int *'
[  398s] /home/abuild/rpmbuild/BUILD/netgen-6.2.2301/ng/Togl2.1/togl.c: In function 'Togl_CopyContext':
[  398s] /home/abuild/rpmbuild/BUILD/netgen-6.2.2301/ng/Togl2.1/togl.c:4622:9: warning: suggest parentheses around assignment used as truth value [-Wparentheses]
[  398s]  4622 |     if (error_code = togl_CheckForXError(from)) {
[  398s]       |         ^~~~~~~~~~
[  398s] /home/abuild/rpmbuild/BUILD/netgen-6.2.2301/ng/Togl2.1/togl.c: At top level:
[  398s] /home/abuild/rpmbuild/BUILD/netgen-6.2.2301/ng/Togl2.1/togl.c:1271:1: warning: 'Togl_CallCallback_P' defined but not used [-Wunused-function]
[  398s]  1271 | Togl_CallCallback_P(Togl *togl, Tcl_Obj *cmd, double *params, int nparams)
[  398s]       | ^~~~~~~~~~~~~~~~~~~
[  398s] make[2]: Leaving directory '/home/abuild/rpmbuild/BUILD/netgen-6.2.2301/build'
[  398s] make[1]: Entering directory '/home/abuild/rpmbuild/BUILD/netgen-6.2.2301/build'
[  398s] [  5%] Built target togl
[  398s] make[1]: Leaving directory '/home/abuild/rpmbuild/BUILD/netgen-6.2.2301/build'
[  404s] make[2]: Entering directory '/home/abuild/rpmbuild/BUILD/netgen-6.2.2301/build'
[  404s] [  3%] Building CXX object CMakeFiles/makerls.dir/rules/makerlsfile.cpp.o
[  404s] /usr/bin/c++ -DFFMPEG -DHAVE_DLFCN_H -DHAVE_FREETYPE -DHAVE_OPENGL_EXT -DHAVE_RAPIDJSON -DHAVE_TK -DHAVE_XLIB -DJPEGLIB -DOCCGEOMETRY -DOCC_CONVERT_SIGNALS -D__STDC_CONSTANT_MACROS -I/home/abuild/rpmbuild/BUILD/netgen-6.2.2301/build -I/home/abuild/rpmbuild/BUILD/netgen-6.2.2301 -I/home/abuild/rpmbuild/BUILD/netgen-6.2.2301/include -I/home/abuild/rpmbuild/BUILD/netgen-6.2.2301/libsrc -I/home/abuild/rpmbuild/BUILD/netgen-6.2.2301/libsrc/include -I/usr/include/opencascade -I/usr/include/ffmpeg -O2 -Wall -U_FORTIFY_SOURCE -D_FORTIFY_SOURCE=3 -fstack-protector-strong -funwind-tables -fasynchronous-unwind-tables -fstack-clash-protection -Werror=return-type -flto=auto -g -DPYBIND11_HAS_FILESYSTEM_IS_OPTIONAL=1 -O2 -g -DNDEBUG -fvisibility=hidden -std=gnu++17 -MD -MT CMakeFiles/makerls.dir/rules/makerlsfile.cpp.o -MF CMakeFiles/makerls.dir/rules/makerlsfile.cpp.o.d -o CMakeFiles/makerls.dir/rules/makerlsfile.cpp.o -c /home/abuild/rpmbuild/BUILD/netgen-6.2.2301/rules/makerlsfile.cpp
[  404s] /home/abuild/rpmbuild/BUILD/netgen-6.2.2301/rules/makerlsfile.cpp: In function 'int main(int, char**)':
[  404s] /home/abuild/rpmbuild/BUILD/netgen-6.2.2301/rules/makerlsfile.cpp:19:22: warning: unused variable 'infile' [-Wunused-variable]
[  404s]    19 |   char line[maxlen], infile[maxlen], outfile[maxlen];\
[  404s]       |                      ^~~~~~
[  404s] /home/abuild/rpmbuild/BUILD/netgen-6.2.2301/rules/makerlsfile.cpp:19:38: warning: unused variable 'outfile' [-Wunused-variable]
[  404s]    19 |   char line[maxlen], infile[maxlen], outfile[maxlen];\
[  404s]       |                                      ^~~~~~~
[  404s] /home/abuild/rpmbuild/BUILD/netgen-6.2.2301/rules/makerlsfile.cpp:21:10: warning: unused variable 'j' [-Wunused-variable]
[  404s]    21 |   int i, j;
[  404s]       |          ^
[  404s] make[2]: Leaving directory '/home/abuild/rpmbuild/BUILD/netgen-6.2.2301/build'
[  411s] make[2]: Entering directory '/home/abuild/rpmbuild/BUILD/netgen-6.2.2301/build'
[  411s] [  6%] Linking CXX executable makerls
[  411s] /usr/bin/cmake -E cmake_link_script CMakeFiles/makerls.dir/link.txt --verbose=1
[  411s] /usr/bin/c++ -O2 -Wall -U_FORTIFY_SOURCE -D_FORTIFY_SOURCE=3 -fstack-protector-strong -funwind-tables -fasynchronous-unwind-tables -fstack-clash-protection -Werror=return-type -flto=auto -g -DPYBIND11_HAS_FILESYSTEM_IS_OPTIONAL=1 -O2 -g -DNDEBUG -flto=auto -Wl,--as-needed -Wl,--no-undefined -Wl,-z,now CMakeFiles/makerls.dir/rules/makerlsfile.cpp.o -o makerls  -Wl,-rpath,"\$ORIGIN" 
[  411s] make[2]: Leaving directory '/home/abuild/rpmbuild/BUILD/netgen-6.2.2301/build'
[  411s] make[1]: Entering directory '/home/abuild/rpmbuild/BUILD/netgen-6.2.2301/build'
[  411s] [  6%] Built target makerls
[  411s] make[1]: Leaving directory '/home/abuild/rpmbuild/BUILD/netgen-6.2.2301/build'
[  416s] make[2]: Entering directory '/home/abuild/rpmbuild/BUILD/netgen-6.2.2301/build'
[  416s] [  4%] Building CXX object libsrc/core/CMakeFiles/ngcore.dir/exception.cpp.o
[  416s] cd /home/abuild/rpmbuild/BUILD/netgen-6.2.2301/build/libsrc/core && /usr/bin/c++ -DFFMPEG -DHAVE_DLFCN_H -DHAVE_FREETYPE -DHAVE_OPENGL_EXT -DHAVE_RAPIDJSON -DHAVE_TK -DHAVE_XLIB -DJPEGLIB -DNETGEN_PYTHON -DNGCORE_EXPORTS -DNG_PYTHON -DOCCGEOMETRY -DOCC_CONVERT_SIGNALS -D__STDC_CONSTANT_MACROS -Dngcore_EXPORTS -I/home/abuild/rpmbuild/BUILD/netgen-6.2.2301/build/libsrc/core -I/home/abuild/rpmbuild/BUILD/netgen-6.2.2301/libsrc/core -I/home/abuild/rpmbuild/BUILD/netgen-6.2.2301/build -I/home/abuild/rpmbuild/BUILD/netgen-6.2.2301/include -I/home/abuild/rpmbuild/BUILD/netgen-6.2.2301/libsrc -I/home/abuild/rpmbuild/BUILD/netgen-6.2.2301/libsrc/include -I/usr/include/opencascade -I/usr/include/ffmpeg -I/usr/include/python3.10 -O2 -Wall -U_FORTIFY_SOURCE -D_FORTIFY_SOURCE=3 -fstack-protector-strong -funwind-tables -fasynchronous-unwind-tables -fstack-clash-protection -Werror=return-type -flto=auto -g -DPYBIND11_HAS_FILESYSTEM_IS_OPTIONAL=1 -O2 -g -DNDEBUG -fPIC -fvisibility=hidden -std=gnu++17 -MD -MT libsrc/core/CMakeFiles/ngcore.dir/exception.cpp.o -MF CMakeFiles/ngcore.dir/exception.cpp.o.d -o CMakeFiles/ngcore.dir/exception.cpp.o -c /home/abuild/rpmbuild/BUILD/netgen-6.2.2301/libsrc/core/exception.cpp
[  416s] In file included from /home/abuild/rpmbuild/BUILD/netgen-6.2.2301/libsrc/core/exception.cpp:2:
[  416s] /home/abuild/rpmbuild/BUILD/netgen-6.2.2301/libsrc/core/utils.hpp:81:2: warning: #warning "Unsupported CPU architecture" [-Wcpp]
[  416s]    81 | #warning "Unsupported CPU architecture"
[  416s]       |  ^~~~~~~
[  416s] make[2]: Leaving directory '/home/abuild/rpmbuild/BUILD/netgen-6.2.2301/build'
[  421s] make[2]: Entering directory '/home/abuild/rpmbuild/BUILD/netgen-6.2.2301/build'
[  421s] [  5%] Building CXX object libsrc/core/CMakeFiles/ngcore.dir/logging.cpp.o
[  421s] cd /home/abuild/rpmbuild/BUILD/netgen-6.2.2301/build/libsrc/core && /usr/bin/c++ -DFFMPEG -DHAVE_DLFCN_H -DHAVE_FREETYPE -DHAVE_OPENGL_EXT -DHAVE_RAPIDJSON -DHAVE_TK -DHAVE_XLIB -DJPEGLIB -DNETGEN_PYTHON -DNGCORE_EXPORTS -DNG_PYTHON -DOCCGEOMETRY -DOCC_CONVERT_SIGNALS -D__STDC_CONSTANT_MACROS -Dngcore_EXPORTS -I/home/abuild/rpmbuild/BUILD/netgen-6.2.2301/build/libsrc/core -I/home/abuild/rpmbuild/BUILD/netgen-6.2.2301/libsrc/core -I/home/abuild/rpmbuild/BUILD/netgen-6.2.2301/build -I/home/abuild/rpmbuild/BUILD/netgen-6.2.2301/include -I/home/abuild/rpmbuild/BUILD/netgen-6.2.2301/libsrc -I/home/abuild/rpmbuild/BUILD/netgen-6.2.2301/libsrc/include -I/usr/include/opencascade -I/usr/include/ffmpeg -I/usr/include/python3.10 -O2 -Wall -U_FORTIFY_SOURCE -D_FORTIFY_SOURCE=3 -fstack-protector-strong -funwind-tables -fasynchronous-unwind-tables -fstack-clash-protection -Werror=return-type -flto=auto -g -DPYBIND11_HAS_FILESYSTEM_IS_OPTIONAL=1 -O2 -g -DNDEBUG -fPIC -fvisibility=hidden -std=gnu++17 -MD -MT libsrc/core/CMakeFiles/ngcore.dir/logging.cpp.o -MF CMakeFiles/ngcore.dir/logging.cpp.o.d -o CMakeFiles/ngcore.dir/logging.cpp.o -c /home/abuild/rpmbuild/BUILD/netgen-6.2.2301/libsrc/core/logging.cpp
[  421s] In file included from /home/abuild/rpmbuild/BUILD/netgen-6.2.2301/libsrc/core/logging.hpp:12,
[  421s]                  from /home/abuild/rpmbuild/BUILD/netgen-6.2.2301/libsrc/core/logging.cpp:1:
[  421s] /home/abuild/rpmbuild/BUILD/netgen-6.2.2301/libsrc/core/utils.hpp:81:2: warning: #warning "Unsupported CPU architecture" [-Wcpp]
[  421s]    81 | #warning "Unsupported CPU architecture"
[  421s]       |  ^~~~~~~
[  421s] make[2]: Leaving directory '/home/abuild/rpmbuild/BUILD/netgen-6.2.2301/build'
[  442s] make[2]: Entering directory '/home/abuild/rpmbuild/BUILD/netgen-6.2.2301/build'
[  442s] [  5%] Building CXX object libsrc/core/CMakeFiles/ngcore.dir/localheap.cpp.o
[  442s] cd /home/abuild/rpmbuild/BUILD/netgen-6.2.2301/build/libsrc/core && /usr/bin/c++ -DFFMPEG -DHAVE_DLFCN_H -DHAVE_FREETYPE -DHAVE_OPENGL_EXT -DHAVE_RAPIDJSON -DHAVE_TK -DHAVE_XLIB -DJPEGLIB -DNETGEN_PYTHON -DNGCORE_EXPORTS -DNG_PYTHON -DOCCGEOMETRY -DOCC_CONVERT_SIGNALS -D__STDC_CONSTANT_MACROS -Dngcore_EXPORTS -I/home/abuild/rpmbuild/BUILD/netgen-6.2.2301/build/libsrc/core -I/home/abuild/rpmbuild/BUILD/netgen-6.2.2301/libsrc/core -I/home/abuild/rpmbuild/BUILD/netgen-6.2.2301/build -I/home/abuild/rpmbuild/BUILD/netgen-6.2.2301/include -I/home/abuild/rpmbuild/BUILD/netgen-6.2.2301/libsrc -I/home/abuild/rpmbuild/BUILD/netgen-6.2.2301/libsrc/include -I/usr/include/opencascade -I/usr/include/ffmpeg -I/usr/include/python3.10 -O2 -Wall -U_FORTIFY_SOURCE -D_FORTIFY_SOURCE=3 -fstack-protector-strong -funwind-tables -fasynchronous-unwind-tables -fstack-clash-protection -Werror=return-type -flto=auto -g -DPYBIND11_HAS_FILESYSTEM_IS_OPTIONAL=1 -O2 -g -DNDEBUG -fPIC -fvisibility=hidden -std=gnu++17 -MD -MT libsrc/core/CMakeFiles/ngcore.dir/localheap.cpp.o -MF CMakeFiles/ngcore.dir/localheap.cpp.o.d -o CMakeFiles/ngcore.dir/localheap.cpp.o -c /home/abuild/rpmbuild/BUILD/netgen-6.2.2301/libsrc/core/localheap.cpp
[  442s] In file included from /home/abuild/rpmbuild/BUILD/netgen-6.2.2301/libsrc/core/localheap.hpp:14,
[  442s]                  from /home/abuild/rpmbuild/BUILD/netgen-6.2.2301/libsrc/core/localheap.cpp:10:
[  442s] /home/abuild/rpmbuild/BUILD/netgen-6.2.2301/libsrc/core/utils.hpp:81:2: warning: #warning "Unsupported CPU architecture" [-Wcpp]
[  442s]    81 | #warning "Unsupported CPU architecture"
[  442s]       |  ^~~~~~~
[  442s] In file included from /home/abuild/rpmbuild/BUILD/netgen-6.2.2301/libsrc/core/localheap.cpp:11:
[  442s] /home/abuild/rpmbuild/BUILD/netgen-6.2.2301/libsrc/core/taskmanager.hpp: In member function 'void ngcore::SharedLoop2::SharedIterator::GetNext2()':
[  442s] /home/abuild/rpmbuild/BUILD/netgen-6.2.2301/libsrc/core/taskmanager.hpp:590:28: warning: comparison of integer expressions of different signedness: 'int' and 'size_t' {aka 'long unsigned int'} [-Wsign-compare]
[  442s]   590 |             if (steal_from == ranges.Size()) steal_from = 0;
[  442s]       |                 ~~~~~~~~~~~^~~~~~~~~~~~~~~~
[  442s] make[2]: Leaving directory '/home/abuild/rpmbuild/BUILD/netgen-6.2.2301/build'
[  444s] make[2]: Entering directory '/home/abuild/rpmbuild/BUILD/netgen-6.2.2301/build'
[  444s] [  4%] Building CXX object libsrc/core/CMakeFiles/ngcore.dir/bitarray.cpp.o
[  444s] cd /home/abuild/rpmbuild/BUILD/netgen-6.2.2301/build/libsrc/core && /usr/bin/c++ -DFFMPEG -DHAVE_DLFCN_H -DHAVE_FREETYPE -DHAVE_OPENGL_EXT -DHAVE_RAPIDJSON -DHAVE_TK -DHAVE_XLIB -DJPEGLIB -DNETGEN_PYTHON -DNGCORE_EXPORTS -DNG_PYTHON -DOCCGEOMETRY -DOCC_CONVERT_SIGNALS -D__STDC_CONSTANT_MACROS -Dngcore_EXPORTS -I/home/abuild/rpmbuild/BUILD/netgen-6.2.2301/build/libsrc/core -I/home/abuild/rpmbuild/BUILD/netgen-6.2.2301/libsrc/core -I/home/abuild/rpmbuild/BUILD/netgen-6.2.2301/build -I/home/abuild/rpmbuild/BUILD/netgen-6.2.2301/include -I/home/abuild/rpmbuild/BUILD/netgen-6.2.2301/libsrc -I/home/abuild/rpmbuild/BUILD/netgen-6.2.2301/libsrc/include -I/usr/include/opencascade -I/usr/include/ffmpeg -I/usr/include/python3.10 -O2 -Wall -U_FORTIFY_SOURCE -D_FORTIFY_SOURCE=3 -fstack-protector-strong -funwind-tables -fasynchronous-unwind-tables -fstack-clash-protection -Werror=return-type -flto=auto -g -DPYBIND11_HAS_FILESYSTEM_IS_OPTIONAL=1 -O2 -g -DNDEBUG -fPIC -fvisibility=hidden -std=gnu++17 -MD -MT libsrc/core/CMakeFiles/ngcore.dir/bitarray.cpp.o -MF CMakeFiles/ngcore.dir/bitarray.cpp.o.d -o CMakeFiles/ngcore.dir/bitarray.cpp.o -c /home/abuild/rpmbuild/BUILD/netgen-6.2.2301/libsrc/core/bitarray.cpp
[  444s] In file included from /home/abuild/rpmbuild/BUILD/netgen-6.2.2301/libsrc/core/logging.hpp:12,
[  444s]                  from /home/abuild/rpmbuild/BUILD/netgen-6.2.2301/libsrc/core/archive.hpp:28,
[  444s]                  from /home/abuild/rpmbuild/BUILD/netgen-6.2.2301/libsrc/core/bitarray.hpp:14,
[  444s]                  from /home/abuild/rpmbuild/BUILD/netgen-6.2.2301/libsrc/core/bitarray.cpp:11:
[  444s] /home/abuild/rpmbuild/BUILD/netgen-6.2.2301/libsrc/core/utils.hpp:81:2: warning: #warning "Unsupported CPU architecture" [-Wcpp]
[  444s]    81 | #warning "Unsupported CPU architecture"
[  444s]       |  ^~~~~~~
[  444s] make[2]: Leaving directory '/home/abuild/rpmbuild/BUILD/netgen-6.2.2301/build'
[  471s] make[2]: Entering directory '/home/abuild/rpmbuild/BUILD/netgen-6.2.2301/build'
[  471s] [  7%] Building CXX object libsrc/core/CMakeFiles/ngcore.dir/profiler.cpp.o
[  471s] cd /home/abuild/rpmbuild/BUILD/netgen-6.2.2301/build/libsrc/core && /usr/bin/c++ -DFFMPEG -DHAVE_DLFCN_H -DHAVE_FREETYPE -DHAVE_OPENGL_EXT -DHAVE_RAPIDJSON -DHAVE_TK -DHAVE_XLIB -DJPEGLIB -DNETGEN_PYTHON -DNGCORE_EXPORTS -DNG_PYTHON -DOCCGEOMETRY -DOCC_CONVERT_SIGNALS -D__STDC_CONSTANT_MACROS -Dngcore_EXPORTS -I/home/abuild/rpmbuild/BUILD/netgen-6.2.2301/build/libsrc/core -I/home/abuild/rpmbuild/BUILD/netgen-6.2.2301/libsrc/core -I/home/abuild/rpmbuild/BUILD/netgen-6.2.2301/build -I/home/abuild/rpmbuild/BUILD/netgen-6.2.2301/include -I/home/abuild/rpmbuild/BUILD/netgen-6.2.2301/libsrc -I/home/abuild/rpmbuild/BUILD/netgen-6.2.2301/libsrc/include -I/usr/include/opencascade -I/usr/include/ffmpeg -I/usr/include/python3.10 -O2 -Wall -U_FORTIFY_SOURCE -D_FORTIFY_SOURCE=3 -fstack-protector-strong -funwind-tables -fasynchronous-unwind-tables -fstack-clash-protection -Werror=return-type -flto=auto -g -DPYBIND11_HAS_FILESYSTEM_IS_OPTIONAL=1 -O2 -g -DNDEBUG -fPIC -fvisibility=hidden -std=gnu++17 -MD -MT libsrc/core/CMakeFiles/ngcore.dir/profiler.cpp.o -MF CMakeFiles/ngcore.dir/profiler.cpp.o.d -o CMakeFiles/ngcore.dir/profiler.cpp.o -c /home/abuild/rpmbuild/BUILD/netgen-6.2.2301/libsrc/core/profiler.cpp
[  471s] In file included from /home/abuild/rpmbuild/BUILD/netgen-6.2.2301/libsrc/core/logging.hpp:12,
[  471s]                  from /home/abuild/rpmbuild/BUILD/netgen-6.2.2301/libsrc/core/archive.hpp:28,
[  471s]                  from /home/abuild/rpmbuild/BUILD/netgen-6.2.2301/libsrc/core/array.hpp:11,
[  471s]                  from /home/abuild/rpmbuild/BUILD/netgen-6.2.2301/libsrc/core/profiler.hpp:9,
[  471s]                  from /home/abuild/rpmbuild/BUILD/netgen-6.2.2301/libsrc/core/profiler.cpp:3:
[  471s] /home/abuild/rpmbuild/BUILD/netgen-6.2.2301/libsrc/core/utils.hpp:81:2: warning: #warning "Unsupported CPU architecture" [-Wcpp]
[  471s]    81 | #warning "Unsupported CPU architecture"
[  471s]       |  ^~~~~~~
[  471s] In file included from /home/abuild/rpmbuild/BUILD/netgen-6.2.2301/libsrc/core/profiler.hpp:12:
[  471s] /home/abuild/rpmbuild/BUILD/netgen-6.2.2301/libsrc/core/taskmanager.hpp: In member function 'void ngcore::SharedLoop2::SharedIterator::GetNext2()':
[  471s] /home/abuild/rpmbuild/BUILD/netgen-6.2.2301/libsrc/core/taskmanager.hpp:590:28: warning: comparison of integer expressions of different signedness: 'int' and 'size_t' {aka 'long unsigned int'} [-Wsign-compare]
[  471s]   590 |             if (steal_from == ranges.Size()) steal_from = 0;
[  471s]       |                 ~~~~~~~~~~~^~~~~~~~~~~~~~~~
[  471s] make[2]: Leaving directory '/home/abuild/rpmbuild/BUILD/netgen-6.2.2301/build'
[  481s] make[2]: Entering directory '/home/abuild/rpmbuild/BUILD/netgen-6.2.2301/build'
[  481s] [  7%] Building CXX object libsrc/core/CMakeFiles/ngcore.dir/table.cpp.o
[  481s] cd /home/abuild/rpmbuild/BUILD/netgen-6.2.2301/build/libsrc/core && /usr/bin/c++ -DFFMPEG -DHAVE_DLFCN_H -DHAVE_FREETYPE -DHAVE_OPENGL_EXT -DHAVE_RAPIDJSON -DHAVE_TK -DHAVE_XLIB -DJPEGLIB -DNETGEN_PYTHON -DNGCORE_EXPORTS -DNG_PYTHON -DOCCGEOMETRY -DOCC_CONVERT_SIGNALS -D__STDC_CONSTANT_MACROS -Dngcore_EXPORTS -I/home/abuild/rpmbuild/BUILD/netgen-6.2.2301/build/libsrc/core -I/home/abuild/rpmbuild/BUILD/netgen-6.2.2301/libsrc/core -I/home/abuild/rpmbuild/BUILD/netgen-6.2.2301/build -I/home/abuild/rpmbuild/BUILD/netgen-6.2.2301/include -I/home/abuild/rpmbuild/BUILD/netgen-6.2.2301/libsrc -I/home/abuild/rpmbuild/BUILD/netgen-6.2.2301/libsrc/include -I/usr/include/opencascade -I/usr/include/ffmpeg -I/usr/include/python3.10 -O2 -Wall -U_FORTIFY_SOURCE -D_FORTIFY_SOURCE=3 -fstack-protector-strong -funwind-tables -fasynchronous-unwind-tables -fstack-clash-protection -Werror=return-type -flto=auto -g -DPYBIND11_HAS_FILESYSTEM_IS_OPTIONAL=1 -O2 -g -DNDEBUG -fPIC -fvisibility=hidden -std=gnu++17 -MD -MT libsrc/core/CMakeFiles/ngcore.dir/table.cpp.o -MF CMakeFiles/ngcore.dir/table.cpp.o.d -o CMakeFiles/ngcore.dir/table.cpp.o -c /home/abuild/rpmbuild/BUILD/netgen-6.2.2301/libsrc/core/table.cpp
[  481s] In file included from /home/abuild/rpmbuild/BUILD/netgen-6.2.2301/libsrc/core/logging.hpp:12,
[  481s]                  from /home/abuild/rpmbuild/BUILD/netgen-6.2.2301/libsrc/core/archive.hpp:28,
[  481s]                  from /home/abuild/rpmbuild/BUILD/netgen-6.2.2301/libsrc/core/array.hpp:11,
[  481s]                  from /home/abuild/rpmbuild/BUILD/netgen-6.2.2301/libsrc/core/table.hpp:14,
[  481s]                  from /home/abuild/rpmbuild/BUILD/netgen-6.2.2301/libsrc/core/table.cpp:11:
[  481s] /home/abuild/rpmbuild/BUILD/netgen-6.2.2301/libsrc/core/utils.hpp:81:2: warning: #warning "Unsupported CPU architecture" [-Wcpp]
[  481s]    81 | #warning "Unsupported CPU architecture"
[  481s]       |  ^~~~~~~
[  481s] In file included from /home/abuild/rpmbuild/BUILD/netgen-6.2.2301/libsrc/core/profiler.hpp:12,
[  481s]                  from /home/abuild/rpmbuild/BUILD/netgen-6.2.2301/libsrc/core/table.hpp:18:
[  481s] /home/abuild/rpmbuild/BUILD/netgen-6.2.2301/libsrc/core/taskmanager.hpp: In member function 'void ngcore::SharedLoop2::SharedIterator::GetNext2()':
[  481s] /home/abuild/rpmbuild/BUILD/netgen-6.2.2301/libsrc/core/taskmanager.hpp:590:28: warning: comparison of integer expressions of different signedness: 'int' and 'size_t' {aka 'long unsigned int'} [-Wsign-compare]
[  481s]   590 |             if (steal_from == ranges.Size()) steal_from = 0;
[  481s]       |                 ~~~~~~~~~~~^~~~~~~~~~~~~~~~
[  481s] make[2]: Leaving directory '/home/abuild/rpmbuild/BUILD/netgen-6.2.2301/build'
[  497s] make[2]: Entering directory '/home/abuild/rpmbuild/BUILD/netgen-6.2.2301/build'
[  497s] [  8%] Building CXX object libsrc/core/CMakeFiles/ngcore.dir/version.cpp.o
[  497s] cd /home/abuild/rpmbuild/BUILD/netgen-6.2.2301/build/libsrc/core && /usr/bin/c++ -DFFMPEG -DHAVE_DLFCN_H -DHAVE_FREETYPE -DHAVE_OPENGL_EXT -DHAVE_RAPIDJSON -DHAVE_TK -DHAVE_XLIB -DJPEGLIB -DNETGEN_PYTHON -DNGCORE_EXPORTS -DNG_PYTHON -DOCCGEOMETRY -DOCC_CONVERT_SIGNALS -D__STDC_CONSTANT_MACROS -Dngcore_EXPORTS -I/home/abuild/rpmbuild/BUILD/netgen-6.2.2301/build/libsrc/core -I/home/abuild/rpmbuild/BUILD/netgen-6.2.2301/libsrc/core -I/home/abuild/rpmbuild/BUILD/netgen-6.2.2301/build -I/home/abuild/rpmbuild/BUILD/netgen-6.2.2301/include -I/home/abuild/rpmbuild/BUILD/netgen-6.2.2301/libsrc -I/home/abuild/rpmbuild/BUILD/netgen-6.2.2301/libsrc/include -I/usr/include/opencascade -I/usr/include/ffmpeg -I/usr/include/python3.10 -O2 -Wall -U_FORTIFY_SOURCE -D_FORTIFY_SOURCE=3 -fstack-protector-strong -funwind-tables -fasynchronous-unwind-tables -fstack-clash-protection -Werror=return-type -flto=auto -g -DPYBIND11_HAS_FILESYSTEM_IS_OPTIONAL=1 -O2 -g -DNDEBUG -fPIC -fvisibility=hidden -std=gnu++17 -MD -MT libsrc/core/CMakeFiles/ngcore.dir/version.cpp.o -MF CMakeFiles/ngcore.dir/version.cpp.o.d -o CMakeFiles/ngcore.dir/version.cpp.o -c /home/abuild/rpmbuild/BUILD/netgen-6.2.2301/libsrc/core/version.cpp
[  497s] make[2]: Leaving directory '/home/abuild/rpmbuild/BUILD/netgen-6.2.2301/build'
[  499s] make[2]: Entering directory '/home/abuild/rpmbuild/BUILD/netgen-6.2.2301/build'
[  499s] [  6%] Building CXX object libsrc/core/CMakeFiles/ngcore.dir/flags.cpp.o
[  499s] cd /home/abuild/rpmbuild/BUILD/netgen-6.2.2301/build/libsrc/core && /usr/bin/c++ -DFFMPEG -DHAVE_DLFCN_H -DHAVE_FREETYPE -DHAVE_OPENGL_EXT -DHAVE_RAPIDJSON -DHAVE_TK -DHAVE_XLIB -DJPEGLIB -DNETGEN_PYTHON -DNGCORE_EXPORTS -DNG_PYTHON -DOCCGEOMETRY -DOCC_CONVERT_SIGNALS -D__STDC_CONSTANT_MACROS -Dngcore_EXPORTS -I/home/abuild/rpmbuild/BUILD/netgen-6.2.2301/build/libsrc/core -I/home/abuild/rpmbuild/BUILD/netgen-6.2.2301/libsrc/core -I/home/abuild/rpmbuild/BUILD/netgen-6.2.2301/build -I/home/abuild/rpmbuild/BUILD/netgen-6.2.2301/include -I/home/abuild/rpmbuild/BUILD/netgen-6.2.2301/libsrc -I/home/abuild/rpmbuild/BUILD/netgen-6.2.2301/libsrc/include -I/usr/include/opencascade -I/usr/include/ffmpeg -I/usr/include/python3.10 -O2 -Wall -U_FORTIFY_SOURCE -D_FORTIFY_SOURCE=3 -fstack-protector-strong -funwind-tables -fasynchronous-unwind-tables -fstack-clash-protection -Werror=return-type -flto=auto -g -DPYBIND11_HAS_FILESYSTEM_IS_OPTIONAL=1 -O2 -g -DNDEBUG -fPIC -fvisibility=hidden -std=gnu++17 -MD -MT libsrc/core/CMakeFiles/ngcore.dir/flags.cpp.o -MF CMakeFiles/ngcore.dir/flags.cpp.o.d -o CMakeFiles/ngcore.dir/flags.cpp.o -c /home/abuild/rpmbuild/BUILD/netgen-6.2.2301/libsrc/core/flags.cpp
[  499s] In file included from /home/abuild/rpmbuild/BUILD/netgen-6.2.2301/libsrc/core/logging.hpp:12,
[  499s]                  from /home/abuild/rpmbuild/BUILD/netgen-6.2.2301/libsrc/core/archive.hpp:28,
[  499s]                  from /home/abuild/rpmbuild/BUILD/netgen-6.2.2301/libsrc/core/array.hpp:11,
[  499s]                  from /home/abuild/rpmbuild/BUILD/netgen-6.2.2301/libsrc/core/flags.hpp:16,
[  499s]                  from /home/abuild/rpmbuild/BUILD/netgen-6.2.2301/libsrc/core/flags.cpp:7:
[  499s] /home/abuild/rpmbuild/BUILD/netgen-6.2.2301/libsrc/core/utils.hpp:81:2: warning: #warning "Unsupported CPU architecture" [-Wcpp]
[  499s]    81 | #warning "Unsupported CPU architecture"
[  499s]       |  ^~~~~~~
[  499s] /home/abuild/rpmbuild/BUILD/netgen-6.2.2301/libsrc/core/flags.cpp: In member function 'void ngcore::Flags::SaveFlags(std::ostream&) const':
[  499s] /home/abuild/rpmbuild/BUILD/netgen-6.2.2301/libsrc/core/flags.cpp:330:23: warning: comparison of integer expressions of different signedness: 'int' and 'size_t' {aka 'long unsigned int'} [-Wsign-compare]
[  499s]   330 |     for (int i = 0; i < strflags.Size(); i++)
[  499s]       |                     ~~^~~~~~~~~~~~~~~~~
[  499s] /home/abuild/rpmbuild/BUILD/netgen-6.2.2301/libsrc/core/flags.cpp:332:23: warning: comparison of integer expressions of different signedness: 'int' and 'size_t' {aka 'long unsigned int'} [-Wsign-compare]
[  499s]   332 |     for (int i = 0; i < numflags.Size(); i++)
[  499s]       |                     ~~^~~~~~~~~~~~~~~~~
[  499s] /home/abuild/rpmbuild/BUILD/netgen-6.2.2301/libsrc/core/flags.cpp:334:23: warning: comparison of integer expressions of different signedness: 'int' and 'size_t' {aka 'long unsigned int'} [-Wsign-compare]
[  499s]   334 |     for (int i = 0; i < defflags.Size(); i++)
[  499s]       |                     ~~^~~~~~~~~~~~~~~~~
[  499s] /home/abuild/rpmbuild/BUILD/netgen-6.2.2301/libsrc/core/flags.cpp:336:23: warning: comparison of integer expressions of different signedness: 'int' and 'size_t' {aka 'long unsigned int'} [-Wsign-compare]
[  499s]   336 |     for (int i = 0; i < flaglistflags.Size(); i++)
[  499s]       |                     ~~^~~~~~~~~~~~~~~~~~~~~~
[  499s] /home/abuild/rpmbuild/BUILD/netgen-6.2.2301/libsrc/core/flags.cpp:338:23: warning: comparison of integer expressions of different signedness: 'int' and 'size_t' {aka 'long unsigned int'} [-Wsign-compare]
[  499s]   338 |     for (int i = 0; i < numlistflags.Size(); i++)
[  499s]       |                     ~~^~~~~~~~~~~~~~~~~~~~~
[  499s] /home/abuild/rpmbuild/BUILD/netgen-6.2.2301/libsrc/core/flags.cpp:342:27: warning: comparison of integer expressions of different signedness: 'int' and 'size_t' {aka 'long unsigned int'} [-Wsign-compare]
[  499s]   342 |         for (j = 0; j + 1 < numlistflags[i]->Size(); ++j)
[  499s]       |                     ~~~~~~^~~~~~~~~~~~~~~~~~~~~~~~~
[  499s] /home/abuild/rpmbuild/BUILD/netgen-6.2.2301/libsrc/core/flags.cpp: In member function 'void ngcore::Flags::PrintFlags(std::ostream&) const':
[  499s] /home/abuild/rpmbuild/BUILD/netgen-6.2.2301/libsrc/core/flags.cpp:360:23: warning: comparison of integer expressions of different signedness: 'int' and 'size_t' {aka 'long unsigned int'} [-Wsign-compare]
[  499s]   360 |     for (int i = 0; i < strflags.Size(); i++)
[  499s]       |                     ~~^~~~~~~~~~~~~~~~~
[  499s] /home/abuild/rpmbuild/BUILD/netgen-6.2.2301/libsrc/core/flags.cpp:362:23: warning: comparison of integer expressions of different signedness: 'int' and 'size_t' {aka 'long unsigned int'} [-Wsign-compare]
[  499s]   362 |     for (int i = 0; i < numflags.Size(); i++)
[  499s]       |                     ~~^~~~~~~~~~~~~~~~~
[  499s] /home/abuild/rpmbuild/BUILD/netgen-6.2.2301/libsrc/core/flags.cpp:364:23: warning: comparison of integer expressions of different signedness: 'int' and 'size_t' {aka 'long unsigned int'} [-Wsign-compare]
[  499s]   364 |     for (int i = 0; i < defflags.Size(); i++)
[  499s]       |                     ~~^~~~~~~~~~~~~~~~~
[  499s] /home/abuild/rpmbuild/BUILD/netgen-6.2.2301/libsrc/core/flags.cpp:366:23: warning: comparison of integer expressions of different signedness: 'int' and 'size_t' {aka 'long unsigned int'} [-Wsign-compare]
[  499s]   366 |     for (int i = 0; i < strlistflags.Size(); i++)
[  499s]       |                     ~~^~~~~~~~~~~~~~~~~~~~~
[  499s] /home/abuild/rpmbuild/BUILD/netgen-6.2.2301/libsrc/core/flags.cpp:368:23: warning: comparison of integer expressions of different signedness: 'int' and 'size_t' {aka 'long unsigned int'} [-Wsign-compare]
[  499s]   368 |     for (int i = 0; i < numlistflags.Size(); i++)
[  499s]       |                     ~~^~~~~~~~~~~~~~~~~~~~~
[  499s] /home/abuild/rpmbuild/BUILD/netgen-6.2.2301/libsrc/core/flags.cpp:370:23: warning: comparison of integer expressions of different signedness: 'int' and 'size_t' {aka 'long unsigned int'} [-Wsign-compare]
[  499s]   370 |     for (int i = 0; i < flaglistflags.Size(); i++)
[  499s]       |                     ~~^~~~~~~~~~~~~~~~~~~~~~
[  499s] /home/abuild/rpmbuild/BUILD/netgen-6.2.2301/libsrc/core/flags.cpp: In member function 'void ngcore::Flags::SetCommandLineFlag(const char*, ngcore::SymbolTable<ngcore::Flags>*)':
[  499s] /home/abuild/rpmbuild/BUILD/netgen-6.2.2301/libsrc/core/flags.cpp:633:35: warning: comparison of integer expressions of different signedness: 'int' and 'size_t' {aka 'long unsigned int'} [-Wsign-compare]
[  499s]   633 |                 for (int i = 0; i < strs.Size(); i++)
[  499s]       |                                 ~~^~~~~~~~~~~~~
[  499s] In file included from /home/abuild/rpmbuild/BUILD/netgen-6.2.2301/libsrc/core/flags.hpp:17:
[  499s] /home/abuild/rpmbuild/BUILD/netgen-6.2.2301/libsrc/core/symboltable.hpp: In instantiation of 'int ngcore::SymbolTable<T>::CheckIndex(const std::string&) const [with T = std::__cxx11::basic_string<char>; std::string = std::__cxx11::basic_string<char>]':
[  499s] /home/abuild/rpmbuild/BUILD/netgen-6.2.2301/libsrc/core/symboltable.hpp:104:15:   required from 'void ngcore::SymbolTable<T>::Set(const std::string&, const T&) [with T = std::__cxx11::basic_string<char>; std::string = std::__cxx11::basic_string<char>]'
[  499s] /home/abuild/rpmbuild/BUILD/netgen-6.2.2301/libsrc/core/flags.cpp:112:18:   required from here
[  499s] /home/abuild/rpmbuild/BUILD/netgen-6.2.2301/libsrc/core/symboltable.hpp:58:25: warning: comparison of integer expressions of different signedness: 'int' and 'std::vector<std::__cxx11::basic_string<char> >::size_type' {aka 'long unsigned int'} [-Wsign-compare]
[  499s]    58 |       for (int i = 0; i < names.size(); i++)
[  499s]       |                       ~~^~~~~~~~~~~~~~
[  499s] /home/abuild/rpmbuild/BUILD/netgen-6.2.2301/libsrc/core/symboltable.hpp: In instantiation of 'int ngcore::SymbolTable<T>::CheckIndex(const std::string&) const [with T = double; std::string = std::__cxx11::basic_string<char>]':
[  499s] /home/abuild/rpmbuild/BUILD/netgen-6.2.2301/libsrc/core/symboltable.hpp:104:15:   required from 'void ngcore::SymbolTable<T>::Set(const std::string&, const T&) [with T = double; std::string = std::__cxx11::basic_string<char>]'
[  499s] /home/abuild/rpmbuild/BUILD/netgen-6.2.2301/libsrc/core/flags.cpp:118:18:   required from here
[  499s] /home/abuild/rpmbuild/BUILD/netgen-6.2.2301/libsrc/core/symboltable.hpp:58:25: warning: comparison of integer expressions of different signedness: 'int' and 'std::vector<std::__cxx11::basic_string<char> >::size_type' {aka 'long unsigned int'} [-Wsign-compare]
[  499s] /home/abuild/rpmbuild/BUILD/netgen-6.2.2301/libsrc/core/symboltable.hpp: In instantiation of 'int ngcore::SymbolTable<T>::CheckIndex(const std::string&) const [with T = bool; std::string = std::__cxx11::basic_string<char>]':
[  499s] /home/abuild/rpmbuild/BUILD/netgen-6.2.2301/libsrc/core/symboltable.hpp:104:15:   required from 'void ngcore::SymbolTable<T>::Set(const std::string&, const T&) [with T = bool; std::string = std::__cxx11::basic_string<char>]'
[  499s] /home/abuild/rpmbuild/BUILD/netgen-6.2.2301/libsrc/core/flags.cpp:124:18:   required from here
[  499s] /home/abuild/rpmbuild/BUILD/netgen-6.2.2301/libsrc/core/symboltable.hpp:58:25: warning: comparison of integer expressions of different signedness: 'int' and 'std::vector<std::__cxx11::basic_string<char> >::size_type' {aka 'long unsigned int'} [-Wsign-compare]
[  499s] /home/abuild/rpmbuild/BUILD/netgen-6.2.2301/libsrc/core/symboltable.hpp: In instantiation of 'int ngcore::SymbolTable<T>::CheckIndex(const std::string&) const [with T = ngcore::Flags; std::string = std::__cxx11::basic_string<char>]':
[  499s] /home/abuild/rpmbuild/BUILD/netgen-6.2.2301/libsrc/core/symboltable.hpp:104:15:   required from 'void ngcore::SymbolTable<T>::Set(const std::string&, const T&) [with T = ngcore::Flags; std::string = std::__cxx11::basic_string<char>]'
[  499s] /home/abuild/rpmbuild/BUILD/netgen-6.2.2301/libsrc/core/flags.cpp:130:23:   required from here
[  499s] /home/abuild/rpmbuild/BUILD/netgen-6.2.2301/libsrc/core/symboltable.hpp:58:25: warning: comparison of integer expressions of different signedness: 'int' and 'std::vector<std::__cxx11::basic_string<char> >::size_type' {aka 'long unsigned int'} [-Wsign-compare]
[  499s] /home/abuild/rpmbuild/BUILD/netgen-6.2.2301/libsrc/core/symboltable.hpp: In instantiation of 'int ngcore::SymbolTable<T>::CheckIndex(const std::string&) const [with T = std::shared_ptr<ngcore::Array<std::__cxx11::basic_string<char> > >; std::string = std::__cxx11::basic_string<char>]':
[  499s] /home/abuild/rpmbuild/BUILD/netgen-6.2.2301/libsrc/core/symboltable.hpp:104:15:   required from 'void ngcore::SymbolTable<T>::Set(const std::string&, const T&) [with T = std::shared_ptr<ngcore::Array<std::__cxx11::basic_string<char> > >; std::string = std::__cxx11::basic_string<char>]'
[  499s] /home/abuild/rpmbuild/BUILD/netgen-6.2.2301/libsrc/core/flags.cpp:172:22:   required from here
[  499s] /home/abuild/rpmbuild/BUILD/netgen-6.2.2301/libsrc/core/symboltable.hpp:58:25: warning: comparison of integer expressions of different signedness: 'int' and 'std::vector<std::__cxx11::basic_string<char> >::size_type' {aka 'long unsigned int'} [-Wsign-compare]
[  499s] /home/abuild/rpmbuild/BUILD/netgen-6.2.2301/libsrc/core/symboltable.hpp: In instantiation of 'int ngcore::SymbolTable<T>::CheckIndex(const std::string&) const [with T = std::shared_ptr<ngcore::Array<double> >; std::string = std::__cxx11::basic_string<char>]':
[  499s] /home/abuild/rpmbuild/BUILD/netgen-6.2.2301/libsrc/core/symboltable.hpp:104:15:   required from 'void ngcore::SymbolTable<T>::Set(const std::string&, const T&) [with T = std::shared_ptr<ngcore::Array<double> >; std::string = std::__cxx11::basic_string<char>]'
[  499s] /home/abuild/rpmbuild/BUILD/netgen-6.2.2301/libsrc/core/flags.cpp:181:22:   required from here
[  499s] /home/abuild/rpmbuild/BUILD/netgen-6.2.2301/libsrc/core/symboltable.hpp:58:25: warning: comparison of integer expressions of different signedness: 'int' and 'std::vector<std::__cxx11::basic_string<char> >::size_type' {aka 'long unsigned int'} [-Wsign-compare]
[  499s] /home/abuild/rpmbuild/BUILD/netgen-6.2.2301/libsrc/core/symboltable.hpp: In instantiation of 'int ngcore::SymbolTable<T>::CheckIndex(const std::string&) const [with T = std::any; std::string = std::__cxx11::basic_string<char>]':
[  499s] /home/abuild/rpmbuild/BUILD/netgen-6.2.2301/libsrc/core/symboltable.hpp:104:15:   required from 'void ngcore::SymbolTable<T>::Set(const std::string&, const T&) [with T = std::any; std::string = std::__cxx11::basic_string<char>]'
[  499s] /home/abuild/rpmbuild/BUILD/netgen-6.2.2301/libsrc/core/flags.cpp:187:17:   required from here
[  499s] /home/abuild/rpmbuild/BUILD/netgen-6.2.2301/libsrc/core/symboltable.hpp:58:25: warning: comparison of integer expressions of different signedness: 'int' and 'std::vector<std::__cxx11::basic_string<char> >::size_type' {aka 'long unsigned int'} [-Wsign-compare]
[  499s] make[2]: Leaving directory '/home/abuild/rpmbuild/BUILD/netgen-6.2.2301/build'
[  503s] make[2]: Entering directory '/home/abuild/rpmbuild/BUILD/netgen-6.2.2301/build'
[  503s] [  6%] Building CXX object libsrc/core/CMakeFiles/ngcore.dir/paje_trace.cpp.o
[  503s] cd /home/abuild/rpmbuild/BUILD/netgen-6.2.2301/build/libsrc/core && /usr/bin/c++ -DFFMPEG -DHAVE_DLFCN_H -DHAVE_FREETYPE -DHAVE_OPENGL_EXT -DHAVE_RAPIDJSON -DHAVE_TK -DHAVE_XLIB -DJPEGLIB -DNETGEN_PYTHON -DNGCORE_EXPORTS -DNG_PYTHON -DOCCGEOMETRY -DOCC_CONVERT_SIGNALS -D__STDC_CONSTANT_MACROS -Dngcore_EXPORTS -I/home/abuild/rpmbuild/BUILD/netgen-6.2.2301/build/libsrc/core -I/home/abuild/rpmbuild/BUILD/netgen-6.2.2301/libsrc/core -I/home/abuild/rpmbuild/BUILD/netgen-6.2.2301/build -I/home/abuild/rpmbuild/BUILD/netgen-6.2.2301/include -I/home/abuild/rpmbuild/BUILD/netgen-6.2.2301/libsrc -I/home/abuild/rpmbuild/BUILD/netgen-6.2.2301/libsrc/include -I/usr/include/opencascade -I/usr/include/ffmpeg -I/usr/include/python3.10 -O2 -Wall -U_FORTIFY_SOURCE -D_FORTIFY_SOURCE=3 -fstack-protector-strong -funwind-tables -fasynchronous-unwind-tables -fstack-clash-protection -Werror=return-type -flto=auto -g -DPYBIND11_HAS_FILESYSTEM_IS_OPTIONAL=1 -O2 -g -DNDEBUG -fPIC -fvisibility=hidden -std=gnu++17 -MD -MT libsrc/core/CMakeFiles/ngcore.dir/paje_trace.cpp.o -MF CMakeFiles/ngcore.dir/paje_trace.cpp.o.d -o CMakeFiles/ngcore.dir/paje_trace.cpp.o -c /home/abuild/rpmbuild/BUILD/netgen-6.2.2301/libsrc/core/paje_trace.cpp
[  503s] In file included from /home/abuild/rpmbuild/BUILD/netgen-6.2.2301/libsrc/core/logging.hpp:12,
[  503s]                  from /home/abuild/rpmbuild/BUILD/netgen-6.2.2301/libsrc/core/archive.hpp:28,
[  503s]                  from /home/abuild/rpmbuild/BUILD/netgen-6.2.2301/libsrc/core/paje_trace.cpp:8:
[  503s] /home/abuild/rpmbuild/BUILD/netgen-6.2.2301/libsrc/core/utils.hpp:81:2: warning: #warning "Unsupported CPU architecture" [-Wcpp]
[  503s]    81 | #warning "Unsupported CPU architecture"
[  503s]       |  ^~~~~~~
[  503s] In file included from /home/abuild/rpmbuild/BUILD/netgen-6.2.2301/libsrc/core/profiler.hpp:12,
[  503s]                  from /home/abuild/rpmbuild/BUILD/netgen-6.2.2301/libsrc/core/paje_trace.cpp:10:
[  503s] /home/abuild/rpmbuild/BUILD/netgen-6.2.2301/libsrc/core/taskmanager.hpp: In member function 'void ngcore::SharedLoop2::SharedIterator::GetNext2()':
[  503s] /home/abuild/rpmbuild/BUILD/netgen-6.2.2301/libsrc/core/taskmanager.hpp:590:28: warning: comparison of integer expressions of different signedness: 'int' and 'size_t' {aka 'long unsigned int'} [-Wsign-compare]
[  503s]   590 |             if (steal_from == ranges.Size()) steal_from = 0;
[  503s]       |                 ~~~~~~~~~~~^~~~~~~~~~~~~~~~
[  503s] make[2]: Leaving directory '/home/abuild/rpmbuild/BUILD/netgen-6.2.2301/build'
[  522s] make[2]: Entering directory '/home/abuild/rpmbuild/BUILD/netgen-6.2.2301/build'
[  522s] [  8%] Building CXX object libsrc/core/CMakeFiles/ngcore.dir/taskmanager.cpp.o
[  522s] cd /home/abuild/rpmbuild/BUILD/netgen-6.2.2301/build/libsrc/core && /usr/bin/c++ -DFFMPEG -DHAVE_DLFCN_H -DHAVE_FREETYPE -DHAVE_OPENGL_EXT -DHAVE_RAPIDJSON -DHAVE_TK -DHAVE_XLIB -DJPEGLIB -DNETGEN_PYTHON -DNGCORE_EXPORTS -DNG_PYTHON -DOCCGEOMETRY -DOCC_CONVERT_SIGNALS -D__STDC_CONSTANT_MACROS -Dngcore_EXPORTS -I/home/abuild/rpmbuild/BUILD/netgen-6.2.2301/build/libsrc/core -I/home/abuild/rpmbuild/BUILD/netgen-6.2.2301/libsrc/core -I/home/abuild/rpmbuild/BUILD/netgen-6.2.2301/build -I/home/abuild/rpmbuild/BUILD/netgen-6.2.2301/include -I/home/abuild/rpmbuild/BUILD/netgen-6.2.2301/libsrc -I/home/abuild/rpmbuild/BUILD/netgen-6.2.2301/libsrc/include -I/usr/include/opencascade -I/usr/include/ffmpeg -I/usr/include/python3.10 -O2 -Wall -U_FORTIFY_SOURCE -D_FORTIFY_SOURCE=3 -fstack-protector-strong -funwind-tables -fasynchronous-unwind-tables -fstack-clash-protection -Werror=return-type -flto=auto -g -DPYBIND11_HAS_FILESYSTEM_IS_OPTIONAL=1 -O2 -g -DNDEBUG -fPIC -fvisibility=hidden -std=gnu++17 -MD -MT libsrc/core/CMakeFiles/ngcore.dir/taskmanager.cpp.o -MF CMakeFiles/ngcore.dir/taskmanager.cpp.o.d -o CMakeFiles/ngcore.dir/taskmanager.cpp.o -c /home/abuild/rpmbuild/BUILD/netgen-6.2.2301/libsrc/core/taskmanager.cpp
[  522s] In file included from /home/abuild/rpmbuild/BUILD/netgen-6.2.2301/libsrc/core/logging.hpp:12,
[  522s]                  from /home/abuild/rpmbuild/BUILD/netgen-6.2.2301/libsrc/core/archive.hpp:28,
[  522s]                  from /home/abuild/rpmbuild/BUILD/netgen-6.2.2301/libsrc/core/array.hpp:11,
[  522s]                  from /home/abuild/rpmbuild/BUILD/netgen-6.2.2301/libsrc/core/mpi_wrapper.hpp:9,
[  522s]                  from /home/abuild/rpmbuild/BUILD/netgen-6.2.2301/libsrc/core/taskmanager.cpp:13:
[  522s] /home/abuild/rpmbuild/BUILD/netgen-6.2.2301/libsrc/core/utils.hpp:81:2: warning: #warning "Unsupported CPU architecture" [-Wcpp]
[  522s]    81 | #warning "Unsupported CPU architecture"
[  522s]       |  ^~~~~~~
[  522s] In file included from /home/abuild/rpmbuild/BUILD/netgen-6.2.2301/libsrc/core/profiler.hpp:12,
[  522s]                  from /home/abuild/rpmbuild/BUILD/netgen-6.2.2301/libsrc/core/table.hpp:18,
[  522s]                  from /home/abuild/rpmbuild/BUILD/netgen-6.2.2301/libsrc/core/mpi_wrapper.hpp:10:
[  522s] /home/abuild/rpmbuild/BUILD/netgen-6.2.2301/libsrc/core/taskmanager.hpp: In member function 'void ngcore::SharedLoop2::SharedIterator::GetNext2()':
[  522s] /home/abuild/rpmbuild/BUILD/netgen-6.2.2301/libsrc/core/taskmanager.hpp:590:28: warning: comparison of integer expressions of different signedness: 'int' and 'size_t' {aka 'long unsigned int'} [-Wsign-compare]
[  522s]   590 |             if (steal_from == ranges.Size()) steal_from = 0;
[  522s]       |                 ~~~~~~~~~~~^~~~~~~~~~~~~~~~
[  522s] /home/abuild/rpmbuild/BUILD/netgen-6.2.2301/libsrc/core/taskmanager.cpp: In member function 'void ngcore::TaskManager::StopWorkers()':
[  522s] /home/abuild/rpmbuild/BUILD/netgen-6.2.2301/libsrc/core/taskmanager.cpp:215:26: warning: comparison of integer expressions of different signedness: 'size_t' {aka 'long unsigned int'} and 'int' [-Wsign-compare]
[  522s]   215 |     for (size_t i = 0; i < num_threads; i++)
[  522s]       |                        ~~^~~~~~~~~~~~~
[  522s] /home/abuild/rpmbuild/BUILD/netgen-6.2.2301/libsrc/core/taskmanager.cpp: In static member function 'static void ngcore::TaskManager::CreateJob(const std::function<void(ngcore::TaskInfo&)>&, int)':
[  522s] /home/abuild/rpmbuild/BUILD/netgen-6.2.2301/libsrc/core/taskmanager.cpp:403:24: warning: comparison of integer expressions of different signedness: 'int' and 'long unsigned int' [-Wsign-compare]
[  522s]   403 |             if (mytask >= mytasks.Size()) break;
[  522s]       |                 ~~~~~~~^~~~~~~~~~~~~~~~~
[  522s] /home/abuild/rpmbuild/BUILD/netgen-6.2.2301/libsrc/core/taskmanager.cpp:415:22: warning: catching polymorphic type 'class ngcore::Exception' by value [-Wcatch-value=]
[  522s]   415 |     catch (Exception e)
[  522s]       |                      ^
[  522s] /home/abuild/rpmbuild/BUILD/netgen-6.2.2301/libsrc/core/taskmanager.cpp: In member function 'void ngcore::TaskManager::Loop(int)':
[  522s] /home/abuild/rpmbuild/BUILD/netgen-6.2.2301/libsrc/core/taskmanager.cpp:534:43: warning: comparison of integer expressions of different signedness: 'std::__atomic_base<int>::__int_type' {aka 'int'} and 'long unsigned int' [-Wsign-compare]
[  522s]   534 |                 if (mynode_data.start_cnt >= mytasks.Size()) break;
[  522s]       |                     ~~~~~~~~~~~~~~~~~~~~~~^~~~~~~~~~~~~~~~~
[  522s] /home/abuild/rpmbuild/BUILD/netgen-6.2.2301/libsrc/core/taskmanager.cpp:536:28: warning: comparison of integer expressions of different signedness: 'int' and 'long unsigned int' [-Wsign-compare]
[  522s]   536 |                 if (mytask >= mytasks.Size()) break;
[  522s]       |                     ~~~~~~~^~~~~~~~~~~~~~~~~
[  522s] /home/abuild/rpmbuild/BUILD/netgen-6.2.2301/libsrc/core/taskmanager.cpp:548:26: warning: catching polymorphic type 'class ngcore::Exception' by value [-Wcatch-value=]
[  522s]   548 |         catch (Exception e)
[  522s]       |                          ^
[  522s] make[2]: Leaving directory '/home/abuild/rpmbuild/BUILD/netgen-6.2.2301/build'
[  529s] make[2]: Entering directory '/home/abuild/rpmbuild/BUILD/netgen-6.2.2301/build'
[  529s] [  4%] Building CXX object libsrc/core/CMakeFiles/ngcore.dir/archive.cpp.o
[  529s] cd /home/abuild/rpmbuild/BUILD/netgen-6.2.2301/build/libsrc/core && /usr/bin/c++ -DFFMPEG -DHAVE_DLFCN_H -DHAVE_FREETYPE -DHAVE_OPENGL_EXT -DHAVE_RAPIDJSON -DHAVE_TK -DHAVE_XLIB -DJPEGLIB -DNETGEN_PYTHON -DNGCORE_EXPORTS -DNG_PYTHON -DOCCGEOMETRY -DOCC_CONVERT_SIGNALS -D__STDC_CONSTANT_MACROS -Dngcore_EXPORTS -I/home/abuild/rpmbuild/BUILD/netgen-6.2.2301/build/libsrc/core -I/home/abuild/rpmbuild/BUILD/netgen-6.2.2301/libsrc/core -I/home/abuild/rpmbuild/BUILD/netgen-6.2.2301/build -I/home/abuild/rpmbuild/BUILD/netgen-6.2.2301/include -I/home/abuild/rpmbuild/BUILD/netgen-6.2.2301/libsrc -I/home/abuild/rpmbuild/BUILD/netgen-6.2.2301/libsrc/include -I/usr/include/opencascade -I/usr/include/ffmpeg -I/usr/include/python3.10 -O2 -Wall -U_FORTIFY_SOURCE -D_FORTIFY_SOURCE=3 -fstack-protector-strong -funwind-tables -fasynchronous-unwind-tables -fstack-clash-protection -Werror=return-type -flto=auto -g -DPYBIND11_HAS_FILESYSTEM_IS_OPTIONAL=1 -O2 -g -DNDEBUG -fPIC -fvisibility=hidden -std=gnu++17 -MD -MT libsrc/core/CMakeFiles/ngcore.dir/archive.cpp.o -MF CMakeFiles/ngcore.dir/archive.cpp.o.d -o CMakeFiles/ngcore.dir/archive.cpp.o -c /home/abuild/rpmbuild/BUILD/netgen-6.2.2301/libsrc/core/archive.cpp
[  529s] In file included from /home/abuild/rpmbuild/BUILD/netgen-6.2.2301/libsrc/core/logging.hpp:12,
[  529s]                  from /home/abuild/rpmbuild/BUILD/netgen-6.2.2301/libsrc/core/archive.hpp:28,
[  529s]                  from /home/abuild/rpmbuild/BUILD/netgen-6.2.2301/libsrc/core/archive.cpp:2:
[  529s] /home/abuild/rpmbuild/BUILD/netgen-6.2.2301/libsrc/core/utils.hpp:81:2: warning: #warning "Unsupported CPU architecture" [-Wcpp]
[  529s]    81 | #warning "Unsupported CPU architecture"
[  529s]       |  ^~~~~~~
[  529s] make[2]: Leaving directory '/home/abuild/rpmbuild/BUILD/netgen-6.2.2301/build'
[  557s] make[2]: Entering directory '/home/abuild/rpmbuild/BUILD/netgen-6.2.2301/build'
[  557s] [  8%] Building CXX object libsrc/core/CMakeFiles/ngcore.dir/utils.cpp.o
[  557s] cd /home/abuild/rpmbuild/BUILD/netgen-6.2.2301/build/libsrc/core && /usr/bin/c++ -DFFMPEG -DHAVE_DLFCN_H -DHAVE_FREETYPE -DHAVE_OPENGL_EXT -DHAVE_RAPIDJSON -DHAVE_TK -DHAVE_XLIB -DJPEGLIB -DNETGEN_PYTHON -DNGCORE_EXPORTS -DNG_PYTHON -DOCCGEOMETRY -DOCC_CONVERT_SIGNALS -D__STDC_CONSTANT_MACROS -Dngcore_EXPORTS -I/home/abuild/rpmbuild/BUILD/netgen-6.2.2301/build/libsrc/core -I/home/abuild/rpmbuild/BUILD/netgen-6.2.2301/libsrc/core -I/home/abuild/rpmbuild/BUILD/netgen-6.2.2301/build -I/home/abuild/rpmbuild/BUILD/netgen-6.2.2301/include -I/home/abuild/rpmbuild/BUILD/netgen-6.2.2301/libsrc -I/home/abuild/rpmbuild/BUILD/netgen-6.2.2301/libsrc/include -I/usr/include/opencascade -I/usr/include/ffmpeg -I/usr/include/python3.10 -O2 -Wall -U_FORTIFY_SOURCE -D_FORTIFY_SOURCE=3 -fstack-protector-strong -funwind-tables -fasynchronous-unwind-tables -fstack-clash-protection -Werror=return-type -flto=auto -g -DPYBIND11_HAS_FILESYSTEM_IS_OPTIONAL=1 -O2 -g -DNDEBUG -fPIC -fvisibility=hidden -std=gnu++17 -MD -MT libsrc/core/CMakeFiles/ngcore.dir/utils.cpp.o -MF CMakeFiles/ngcore.dir/utils.cpp.o.d -o CMakeFiles/ngcore.dir/utils.cpp.o -c /home/abuild/rpmbuild/BUILD/netgen-6.2.2301/libsrc/core/utils.cpp
[  557s] In file included from /home/abuild/rpmbuild/BUILD/netgen-6.2.2301/libsrc/core/utils.cpp:2:
[  557s] /home/abuild/rpmbuild/BUILD/netgen-6.2.2301/libsrc/core/utils.hpp:81:2: warning: #warning "Unsupported CPU architecture" [-Wcpp]
[  557s]    81 | #warning "Unsupported CPU architecture"
[  557s]       |  ^~~~~~~
[  557s] make[2]: Leaving directory '/home/abuild/rpmbuild/BUILD/netgen-6.2.2301/build'
[  636s] make[2]: Entering directory '/home/abuild/rpmbuild/BUILD/netgen-6.2.2301/build'
[  636s] [  9%] Building CXX object libsrc/core/CMakeFiles/ngcore.dir/python_ngcore.cpp.o
[  636s] cd /home/abuild/rpmbuild/BUILD/netgen-6.2.2301/build/libsrc/core && /usr/bin/c++ -DFFMPEG -DHAVE_DLFCN_H -DHAVE_FREETYPE -DHAVE_OPENGL_EXT -DHAVE_RAPIDJSON -DHAVE_TK -DHAVE_XLIB -DJPEGLIB -DNETGEN_PYTHON -DNGCORE_EXPORTS -DNG_PYTHON -DOCCGEOMETRY -DOCC_CONVERT_SIGNALS -D__STDC_CONSTANT_MACROS -Dngcore_EXPORTS -I/home/abuild/rpmbuild/BUILD/netgen-6.2.2301/build/libsrc/core -I/home/abuild/rpmbuild/BUILD/netgen-6.2.2301/libsrc/core -I/home/abuild/rpmbuild/BUILD/netgen-6.2.2301/build -I/home/abuild/rpmbuild/BUILD/netgen-6.2.2301/include -I/home/abuild/rpmbuild/BUILD/netgen-6.2.2301/libsrc -I/home/abuild/rpmbuild/BUILD/netgen-6.2.2301/libsrc/include -I/usr/include/opencascade -I/usr/include/ffmpeg -I/usr/include/python3.10 -O2 -Wall -U_FORTIFY_SOURCE -D_FORTIFY_SOURCE=3 -fstack-protector-strong -funwind-tables -fasynchronous-unwind-tables -fstack-clash-protection -Werror=return-type -flto=auto -g -DPYBIND11_HAS_FILESYSTEM_IS_OPTIONAL=1 -O2 -g -DNDEBUG -fPIC -fvisibility=hidden -std=gnu++17 -MD -MT libsrc/core/CMakeFiles/ngcore.dir/python_ngcore.cpp.o -MF CMakeFiles/ngcore.dir/python_ngcore.cpp.o.d -o CMakeFiles/ngcore.dir/python_ngcore.cpp.o -c /home/abuild/rpmbuild/BUILD/netgen-6.2.2301/libsrc/core/python_ngcore.cpp
[  636s] In file included from /home/abuild/rpmbuild/BUILD/netgen-6.2.2301/libsrc/core/logging.hpp:12,
[  636s]                  from /home/abuild/rpmbuild/BUILD/netgen-6.2.2301/libsrc/core/python_ngcore.cpp:2:
[  636s] /home/abuild/rpmbuild/BUILD/netgen-6.2.2301/libsrc/core/utils.hpp:81:2: warning: #warning "Unsupported CPU architecture" [-Wcpp]
[  636s]    81 | #warning "Unsupported CPU architecture"
[  636s]       |  ^~~~~~~
[  636s] In file included from /home/abuild/rpmbuild/BUILD/netgen-6.2.2301/libsrc/core/profiler.hpp:12,
[  636s]                  from /home/abuild/rpmbuild/BUILD/netgen-6.2.2301/libsrc/core/table.hpp:18,
[  636s]                  from /home/abuild/rpmbuild/BUILD/netgen-6.2.2301/libsrc/core/python_ngcore.hpp:12,
[  636s]                  from /home/abuild/rpmbuild/BUILD/netgen-6.2.2301/libsrc/core/python_ngcore.cpp:3:
[  636s] /home/abuild/rpmbuild/BUILD/netgen-6.2.2301/libsrc/core/taskmanager.hpp: In member function 'void ngcore::SharedLoop2::SharedIterator::GetNext2()':
[  636s] /home/abuild/rpmbuild/BUILD/netgen-6.2.2301/libsrc/core/taskmanager.hpp:590:28: warning: comparison of integer expressions of different signedness: 'int' and 'size_t' {aka 'long unsigned int'} [-Wsign-compare]
[  636s]   590 |             if (steal_from == ranges.Size()) steal_from = 0;
[  636s]       |                 ~~~~~~~~~~~^~~~~~~~~~~~~~~~
[  636s] make[2]: Leaving directory '/home/abuild/rpmbuild/BUILD/netgen-6.2.2301/build'
[  678s] make[2]: Entering directory '/home/abuild/rpmbuild/BUILD/netgen-6.2.2301/build'
[  678s] [  2%] Building CXX object tests/catch/CMakeFiles/catch_main.dir/main.cpp.o
[  678s] cd /home/abuild/rpmbuild/BUILD/netgen-6.2.2301/build/tests/catch && /usr/bin/c++ -DFFMPEG -DHAVE_DLFCN_H -DHAVE_FREETYPE -DHAVE_OPENGL_EXT -DHAVE_RAPIDJSON -DHAVE_TK -DHAVE_XLIB -DJPEGLIB -DOCCGEOMETRY -DOCC_CONVERT_SIGNALS -D__STDC_CONSTANT_MACROS -I/home/abuild/rpmbuild/BUILD/netgen-6.2.2301/build/tests/catch -I/home/abuild/rpmbuild/BUILD/netgen-6.2.2301/tests/catch -I/home/abuild/rpmbuild/BUILD/netgen-6.2.2301/build -I/home/abuild/rpmbuild/BUILD/netgen-6.2.2301/include -I/home/abuild/rpmbuild/BUILD/netgen-6.2.2301/libsrc -I/home/abuild/rpmbuild/BUILD/netgen-6.2.2301/libsrc/include -I/usr/include/opencascade -I/usr/include/ffmpeg -I/usr/include/catch2 -I/home/abuild/rpmbuild/BUILD/netgen-6.2.2301/tests/catch/../../libsrc/include -O2 -Wall -U_FORTIFY_SOURCE -D_FORTIFY_SOURCE=3 -fstack-protector-strong -funwind-tables -fasynchronous-unwind-tables -fstack-clash-protection -Werror=return-type -flto=auto -g -DPYBIND11_HAS_FILESYSTEM_IS_OPTIONAL=1 -O2 -g -DNDEBUG -fvisibility=hidden -std=gnu++17 -MD -MT tests/catch/CMakeFiles/catch_main.dir/main.cpp.o -MF CMakeFiles/catch_main.dir/main.cpp.o.d -o CMakeFiles/catch_main.dir/main.cpp.o -c /home/abuild/rpmbuild/BUILD/netgen-6.2.2301/tests/catch/main.cpp
[  678s] make[2]: Leaving directory '/home/abuild/rpmbuild/BUILD/netgen-6.2.2301/build'
[  680s] make[2]: Entering directory '/home/abuild/rpmbuild/BUILD/netgen-6.2.2301/build'
[  680s] [  9%] Linking CXX static library libcatch_main.a
[  680s] cd /home/abuild/rpmbuild/BUILD/netgen-6.2.2301/build/tests/catch && /usr/bin/cmake -P CMakeFiles/catch_main.dir/cmake_clean_target.cmake
[  680s] cd /home/abuild/rpmbuild/BUILD/netgen-6.2.2301/build/tests/catch && /usr/bin/cmake -E cmake_link_script CMakeFiles/catch_main.dir/link.txt --verbose=1
[  680s] /usr/bin/ar qc libcatch_main.a CMakeFiles/catch_main.dir/main.cpp.o
[  680s] /usr/bin/ranlib libcatch_main.a
[  680s] make[2]: Leaving directory '/home/abuild/rpmbuild/BUILD/netgen-6.2.2301/build'
[  681s] make[1]: Entering directory '/home/abuild/rpmbuild/BUILD/netgen-6.2.2301/build'
[  681s] [  9%] Built target catch_main
[  681s] make[1]: Leaving directory '/home/abuild/rpmbuild/BUILD/netgen-6.2.2301/build'
[  713s] make[2]: Entering directory '/home/abuild/rpmbuild/BUILD/netgen-6.2.2301/build'
[  713s] [  9%] Linking CXX shared library libngcore.so
[  713s] cd /home/abuild/rpmbuild/BUILD/netgen-6.2.2301/build/libsrc/core && /usr/bin/cmake -E cmake_link_script CMakeFiles/ngcore.dir/link.txt --verbose=1
[  713s] /usr/bin/c++ -fPIC -O2 -Wall -U_FORTIFY_SOURCE -D_FORTIFY_SOURCE=3 -fstack-protector-strong -funwind-tables -fasynchronous-unwind-tables -fstack-clash-protection -Werror=return-type -flto=auto -g -DPYBIND11_HAS_FILESYSTEM_IS_OPTIONAL=1 -O2 -g -DNDEBUG -flto=auto -Wl,--as-needed -Wl,--warn-unresolved-symbols -Wl,-z,now -shared -Wl,-soname,libngcore.so -o libngcore.so CMakeFiles/ngcore.dir/archive.cpp.o CMakeFiles/ngcore.dir/bitarray.cpp.o CMakeFiles/ngcore.dir/exception.cpp.o CMakeFiles/ngcore.dir/localheap.cpp.o CMakeFiles/ngcore.dir/logging.cpp.o CMakeFiles/ngcore.dir/flags.cpp.o CMakeFiles/ngcore.dir/paje_trace.cpp.o CMakeFiles/ngcore.dir/profiler.cpp.o CMakeFiles/ngcore.dir/table.cpp.o CMakeFiles/ngcore.dir/taskmanager.cpp.o CMakeFiles/ngcore.dir/utils.cpp.o CMakeFiles/ngcore.dir/version.cpp.o CMakeFiles/ngcore.dir/python_ngcore.cpp.o  -Wl,-rpath,"\$ORIGIN" /usr/lib64/libpython3.10.so 
[  713s] In member function '__ct ',
[  713s]     inlined from '_Construct' at /usr/include/c++/12/bits/stl_construct.h:119:7,
[  713s]     inlined from 'construct' at /usr/include/c++/12/bits/alloc_traits.h:635:19,
[  713s]     inlined from '__ct ' at /usr/include/c++/12/bits/shared_ptr_base.h:604:39,
[  713s]     inlined from '__ct ' at /usr/include/c++/12/bits/shared_ptr_base.h:971:16,
[  713s]     inlined from '__ct ' at /usr/include/c++/12/bits/shared_ptr_base.h:1712:14,
[  713s]     inlined from '__ct ' at /usr/include/c++/12/bits/shared_ptr.h:464:59,
[  713s]     inlined from 'make_shared' at /usr/include/c++/12/bits/shared_ptr.h:1010:39,
[  713s]     inlined from 'SetFlag' at /home/abuild/rpmbuild/BUILD/netgen-6.2.2301/libsrc/core/flags.cpp:164:56:
[  713s] /home/abuild/rpmbuild/BUILD/netgen-6.2.2301/libsrc/core/array.hpp:745:56: warning: argument 1 value '18446744073709551615' exceeds maximum object size 9223372036854775807 [-Walloc-size-larger-than=]
[  713s]   745 |       : FlatArray<T,IndexType> (a2.Size(), a2.Size() ? new T[a2.Size()] : nullptr)
[  713s]       |                                                        ^
[  713s] /usr/include/c++/12/new: In member function 'SetFlag':
[  713s] /usr/include/c++/12/new:128:26: note: in a call to allocation function 'operator new []' declared here
[  713s]   128 | _GLIBCXX_NODISCARD void* operator new[](std::size_t) _GLIBCXX_THROW (std::bad_alloc)
[  713s]       |                          ^
[  713s] In member function 'ReSize',
[  713s]     inlined from 'SetSize' at /home/abuild/rpmbuild/BUILD/netgen-6.2.2301/libsrc/core/array.hpp:832:37,
[  713s]     inlined from 'DoArchive' at /home/abuild/rpmbuild/BUILD/netgen-6.2.2301/libsrc/core/array.hpp:818:18:
[  713s] /home/abuild/rpmbuild/BUILD/netgen-6.2.2301/libsrc/core/array.hpp:1108:12: warning: argument 1 value '18446744073709551615' exceeds maximum object size 9223372036854775807 [-Walloc-size-larger-than=]
[  713s]  1108 |     data = new T[nsize];
[  713s]       |            ^
[  713s] /usr/include/c++/12/new: In member function 'DoArchive':
[  713s] /usr/include/c++/12/new:128:26: note: in a call to allocation function 'operator new []' declared here
[  713s]   128 | _GLIBCXX_NODISCARD void* operator new[](std::size_t) _GLIBCXX_THROW (std::bad_alloc)
[  713s]       |                          ^
[  713s] make[2]: Leaving directory '/home/abuild/rpmbuild/BUILD/netgen-6.2.2301/build'
[  714s] make[1]: Entering directory '/home/abuild/rpmbuild/BUILD/netgen-6.2.2301/build'
[  714s] [  9%] Built target ngcore
[  714s] make[1]: Leaving directory '/home/abuild/rpmbuild/BUILD/netgen-6.2.2301/build'
[  714s] /usr/bin/make  -f CMakeFiles/nglib.dir/build.make CMakeFiles/nglib.dir/depend
[  714s] /usr/bin/make  -f libsrc/core/CMakeFiles/pyngcore.dir/build.make libsrc/core/CMakeFiles/pyngcore.dir/depend
[  714s] make[2]: Entering directory '/home/abuild/rpmbuild/BUILD/netgen-6.2.2301/build'
[  714s] cd /home/abuild/rpmbuild/BUILD/netgen-6.2.2301/build && /usr/bin/cmake -E cmake_depends "Unix Makefiles" /home/abuild/rpmbuild/BUILD/netgen-6.2.2301 /home/abuild/rpmbuild/BUILD/netgen-6.2.2301/libsrc/core /home/abuild/rpmbuild/BUILD/netgen-6.2.2301/build /home/abuild/rpmbuild/BUILD/netgen-6.2.2301/build/libsrc/core /home/abuild/rpmbuild/BUILD/netgen-6.2.2301/build/libsrc/core/CMakeFiles/pyngcore.dir/DependInfo.cmake
[  714s] make[2]: Leaving directory '/home/abuild/rpmbuild/BUILD/netgen-6.2.2301/build'
[  714s] /usr/bin/make  -f libsrc/core/CMakeFiles/pyngcore.dir/build.make libsrc/core/CMakeFiles/pyngcore.dir/build
[  714s] make[2]: Entering directory '/home/abuild/rpmbuild/BUILD/netgen-6.2.2301/build'
[  714s] [  9%] Generating rules/rule_prismrules2.cpp
[  714s] ./makerls /home/abuild/rpmbuild/BUILD/netgen-6.2.2301/rules/prismrules2.rls /home/abuild/rpmbuild/BUILD/netgen-6.2.2301/build/rules/rule_prismrules2.cpp prismrules2
[  714s] make[2]: Leaving directory '/home/abuild/rpmbuild/BUILD/netgen-6.2.2301/build'
[  715s] make[2]: Entering directory '/home/abuild/rpmbuild/BUILD/netgen-6.2.2301/build'
[  715s] [ 10%] Generating rules/rule_pyramidrules2.cpp
[  715s] ./makerls /home/abuild/rpmbuild/BUILD/netgen-6.2.2301/rules/pyramidrules2.rls /home/abuild/rpmbuild/BUILD/netgen-6.2.2301/build/rules/rule_pyramidrules2.cpp pyramidrules2
[  715s] make[2]: Leaving directory '/home/abuild/rpmbuild/BUILD/netgen-6.2.2301/build'
[  715s] make[2]: Entering directory '/home/abuild/rpmbuild/BUILD/netgen-6.2.2301/build'
[  715s] [  9%] Generating rules/rule_hexrules.cpp
[  715s] ./makerls /home/abuild/rpmbuild/BUILD/netgen-6.2.2301/rules/hexrules.rls /home/abuild/rpmbuild/BUILD/netgen-6.2.2301/build/rules/rule_hexrules.cpp hexrules
[  715s] make[2]: Leaving directory '/home/abuild/rpmbuild/BUILD/netgen-6.2.2301/build'
[  715s] make[2]: Entering directory '/home/abuild/rpmbuild/BUILD/netgen-6.2.2301/build'
[  715s] [ 11%] Generating rules/rule_triarules.cpp
[  715s] ./makerls /home/abuild/rpmbuild/BUILD/netgen-6.2.2301/rules/triarules.rls /home/abuild/rpmbuild/BUILD/netgen-6.2.2301/build/rules/rule_triarules.cpp triarules
[  715s] make[2]: Leaving directory '/home/abuild/rpmbuild/BUILD/netgen-6.2.2301/build'
[  715s] make[2]: Entering directory '/home/abuild/rpmbuild/BUILD/netgen-6.2.2301/build'
[  715s] [ 10%] Generating rules/rule_pyramidrules.cpp
[  715s] ./makerls /home/abuild/rpmbuild/BUILD/netgen-6.2.2301/rules/pyramidrules.rls /home/abuild/rpmbuild/BUILD/netgen-6.2.2301/build/rules/rule_pyramidrules.cpp pyramidrules
[  715s] make[2]: Leaving directory '/home/abuild/rpmbuild/BUILD/netgen-6.2.2301/build'
[  715s] make[2]: Entering directory '/home/abuild/rpmbuild/BUILD/netgen-6.2.2301/build'
[  715s] [ 10%] Generating rules/rule_tetrules.cpp
[  715s] ./makerls /home/abuild/rpmbuild/BUILD/netgen-6.2.2301/rules/tetrules.rls /home/abuild/rpmbuild/BUILD/netgen-6.2.2301/build/rules/rule_tetrules.cpp tetrules
[  715s] make[2]: Leaving directory '/home/abuild/rpmbuild/BUILD/netgen-6.2.2301/build'
[  715s] make[2]: Entering directory '/home/abuild/rpmbuild/BUILD/netgen-6.2.2301/build'
[  715s] [ 12%] Generating rules/rule_quadrules.cpp
[  715s] ./makerls /home/abuild/rpmbuild/BUILD/netgen-6.2.2301/rules/quadrules.rls /home/abuild/rpmbuild/BUILD/netgen-6.2.2301/build/rules/rule_quadrules.cpp quadrules
[  715s] make[2]: Leaving directory '/home/abuild/rpmbuild/BUILD/netgen-6.2.2301/build'
[  715s] make[2]: Entering directory '/home/abuild/rpmbuild/BUILD/netgen-6.2.2301/build'
[  715s] cd /home/abuild/rpmbuild/BUILD/netgen-6.2.2301/build && /usr/bin/cmake -E cmake_depends "Unix Makefiles" /home/abuild/rpmbuild/BUILD/netgen-6.2.2301 /home/abuild/rpmbuild/BUILD/netgen-6.2.2301 /home/abuild/rpmbuild/BUILD/netgen-6.2.2301/build /home/abuild/rpmbuild/BUILD/netgen-6.2.2301/build /home/abuild/rpmbuild/BUILD/netgen-6.2.2301/build/CMakeFiles/nglib.dir/DependInfo.cmake
[  715s] make[2]: Leaving directory '/home/abuild/rpmbuild/BUILD/netgen-6.2.2301/build'
[  715s] /usr/bin/make  -f CMakeFiles/nglib.dir/build.make CMakeFiles/nglib.dir/build
[  717s] make[2]: Entering directory '/home/abuild/rpmbuild/BUILD/netgen-6.2.2301/build'
[  717s] [ 13%] Building CXX object CMakeFiles/nglib.dir/rules/rule_prismrules2.cpp.o
[  717s] /usr/bin/c++ -DFFMPEG -DHAVE_DLFCN_H -DHAVE_FREETYPE -DHAVE_OPENGL_EXT -DHAVE_RAPIDJSON -DHAVE_TK -DHAVE_XLIB -DJPEGLIB -DNETGEN_PYTHON -DNG_PYTHON -DOCCGEOMETRY -DOCC_CONVERT_SIGNALS -D__STDC_CONSTANT_MACROS -Dnglib_EXPORTS -I/home/abuild/rpmbuild/BUILD/netgen-6.2.2301/build -I/home/abuild/rpmbuild/BUILD/netgen-6.2.2301 -I/home/abuild/rpmbuild/BUILD/netgen-6.2.2301/include -I/home/abuild/rpmbuild/BUILD/netgen-6.2.2301/libsrc -I/home/abuild/rpmbuild/BUILD/netgen-6.2.2301/libsrc/include -I/usr/include/python3.10 -I/usr/include/ffmpeg -isystem /usr/include/opencascade -O2 -Wall -U_FORTIFY_SOURCE -D_FORTIFY_SOURCE=3 -fstack-protector-strong -funwind-tables -fasynchronous-unwind-tables -fstack-clash-protection -Werror=return-type -flto=auto -g -DPYBIND11_HAS_FILESYSTEM_IS_OPTIONAL=1 -O2 -g -DNDEBUG -fPIC -fvisibility=hidden -std=gnu++17 -MD -MT CMakeFiles/nglib.dir/rules/rule_prismrules2.cpp.o -MF CMakeFiles/nglib.dir/rules/rule_prismrules2.cpp.o.d -o CMakeFiles/nglib.dir/rules/rule_prismrules2.cpp.o -c /home/abuild/rpmbuild/BUILD/netgen-6.2.2301/build/rules/rule_prismrules2.cpp
[  717s] make[2]: Leaving directory '/home/abuild/rpmbuild/BUILD/netgen-6.2.2301/build'
[  717s] make[2]: Entering directory '/home/abuild/rpmbuild/BUILD/netgen-6.2.2301/build'
[  717s] [ 15%] Building CXX object CMakeFiles/nglib.dir/rules/rule_pyramidrules.cpp.o
[  717s] /usr/bin/c++ -DFFMPEG -DHAVE_DLFCN_H -DHAVE_FREETYPE -DHAVE_OPENGL_EXT -DHAVE_RAPIDJSON -DHAVE_TK -DHAVE_XLIB -DJPEGLIB -DNETGEN_PYTHON -DNG_PYTHON -DOCCGEOMETRY -DOCC_CONVERT_SIGNALS -D__STDC_CONSTANT_MACROS -Dnglib_EXPORTS -I/home/abuild/rpmbuild/BUILD/netgen-6.2.2301/build -I/home/abuild/rpmbuild/BUILD/netgen-6.2.2301 -I/home/abuild/rpmbuild/BUILD/netgen-6.2.2301/include -I/home/abuild/rpmbuild/BUILD/netgen-6.2.2301/libsrc -I/home/abuild/rpmbuild/BUILD/netgen-6.2.2301/libsrc/include -I/usr/include/python3.10 -I/usr/include/ffmpeg -isystem /usr/include/opencascade -O2 -Wall -U_FORTIFY_SOURCE -D_FORTIFY_SOURCE=3 -fstack-protector-strong -funwind-tables -fasynchronous-unwind-tables -fstack-clash-protection -Werror=return-type -flto=auto -g -DPYBIND11_HAS_FILESYSTEM_IS_OPTIONAL=1 -O2 -g -DNDEBUG -fPIC -fvisibility=hidden -std=gnu++17 -MD -MT CMakeFiles/nglib.dir/rules/rule_pyramidrules.cpp.o -MF CMakeFiles/nglib.dir/rules/rule_pyramidrules.cpp.o.d -o CMakeFiles/nglib.dir/rules/rule_pyramidrules.cpp.o -c /home/abuild/rpmbuild/BUILD/netgen-6.2.2301/build/rules/rule_pyramidrules.cpp
[  717s] make[2]: Leaving directory '/home/abuild/rpmbuild/BUILD/netgen-6.2.2301/build'
[  717s] make[2]: Entering directory '/home/abuild/rpmbuild/BUILD/netgen-6.2.2301/build'
[  717s] [ 12%] Building CXX object CMakeFiles/nglib.dir/rules/rule_tetrules.cpp.o
[  717s] /usr/bin/c++ -DFFMPEG -DHAVE_DLFCN_H -DHAVE_FREETYPE -DHAVE_OPENGL_EXT -DHAVE_RAPIDJSON -DHAVE_TK -DHAVE_XLIB -DJPEGLIB -DNETGEN_PYTHON -DNG_PYTHON -DOCCGEOMETRY -DOCC_CONVERT_SIGNALS -D__STDC_CONSTANT_MACROS -Dnglib_EXPORTS -I/home/abuild/rpmbuild/BUILD/netgen-6.2.2301/build -I/home/abuild/rpmbuild/BUILD/netgen-6.2.2301 -I/home/abuild/rpmbuild/BUILD/netgen-6.2.2301/include -I/home/abuild/rpmbuild/BUILD/netgen-6.2.2301/libsrc -I/home/abuild/rpmbuild/BUILD/netgen-6.2.2301/libsrc/include -I/usr/include/python3.10 -I/usr/include/ffmpeg -isystem /usr/include/opencascade -O2 -Wall -U_FORTIFY_SOURCE -D_FORTIFY_SOURCE=3 -fstack-protector-strong -funwind-tables -fasynchronous-unwind-tables -fstack-clash-protection -Werror=return-type -flto=auto -g -DPYBIND11_HAS_FILESYSTEM_IS_OPTIONAL=1 -O2 -g -DNDEBUG -fPIC -fvisibility=hidden -std=gnu++17 -MD -MT CMakeFiles/nglib.dir/rules/rule_tetrules.cpp.o -MF CMakeFiles/nglib.dir/rules/rule_tetrules.cpp.o.d -o CMakeFiles/nglib.dir/rules/rule_tetrules.cpp.o -c /home/abuild/rpmbuild/BUILD/netgen-6.2.2301/build/rules/rule_tetrules.cpp
[  717s] make[2]: Leaving directory '/home/abuild/rpmbuild/BUILD/netgen-6.2.2301/build'
[  717s] make[2]: Entering directory '/home/abuild/rpmbuild/BUILD/netgen-6.2.2301/build'
[  717s] [ 12%] Building CXX object CMakeFiles/nglib.dir/rules/rule_hexrules.cpp.o
[  717s] /usr/bin/c++ -DFFMPEG -DHAVE_DLFCN_H -DHAVE_FREETYPE -DHAVE_OPENGL_EXT -DHAVE_RAPIDJSON -DHAVE_TK -DHAVE_XLIB -DJPEGLIB -DNETGEN_PYTHON -DNG_PYTHON -DOCCGEOMETRY -DOCC_CONVERT_SIGNALS -D__STDC_CONSTANT_MACROS -Dnglib_EXPORTS -I/home/abuild/rpmbuild/BUILD/netgen-6.2.2301/build -I/home/abuild/rpmbuild/BUILD/netgen-6.2.2301 -I/home/abuild/rpmbuild/BUILD/netgen-6.2.2301/include -I/home/abuild/rpmbuild/BUILD/netgen-6.2.2301/libsrc -I/home/abuild/rpmbuild/BUILD/netgen-6.2.2301/libsrc/include -I/usr/include/python3.10 -I/usr/include/ffmpeg -isystem /usr/include/opencascade -O2 -Wall -U_FORTIFY_SOURCE -D_FORTIFY_SOURCE=3 -fstack-protector-strong -funwind-tables -fasynchronous-unwind-tables -fstack-clash-protection -Werror=return-type -flto=auto -g -DPYBIND11_HAS_FILESYSTEM_IS_OPTIONAL=1 -O2 -g -DNDEBUG -fPIC -fvisibility=hidden -std=gnu++17 -MD -MT CMakeFiles/nglib.dir/rules/rule_hexrules.cpp.o -MF CMakeFiles/nglib.dir/rules/rule_hexrules.cpp.o.d -o CMakeFiles/nglib.dir/rules/rule_hexrules.cpp.o -c /home/abuild/rpmbuild/BUILD/netgen-6.2.2301/build/rules/rule_hexrules.cpp
[  717s] make[2]: Leaving directory '/home/abuild/rpmbuild/BUILD/netgen-6.2.2301/build'
[  717s] make[2]: Entering directory '/home/abuild/rpmbuild/BUILD/netgen-6.2.2301/build'
[  717s] [ 13%] Building CXX object CMakeFiles/nglib.dir/rules/rule_pyramidrules2.cpp.o
[  717s] /usr/bin/c++ -DFFMPEG -DHAVE_DLFCN_H -DHAVE_FREETYPE -DHAVE_OPENGL_EXT -DHAVE_RAPIDJSON -DHAVE_TK -DHAVE_XLIB -DJPEGLIB -DNETGEN_PYTHON -DNG_PYTHON -DOCCGEOMETRY -DOCC_CONVERT_SIGNALS -D__STDC_CONSTANT_MACROS -Dnglib_EXPORTS -I/home/abuild/rpmbuild/BUILD/netgen-6.2.2301/build -I/home/abuild/rpmbuild/BUILD/netgen-6.2.2301 -I/home/abuild/rpmbuild/BUILD/netgen-6.2.2301/include -I/home/abuild/rpmbuild/BUILD/netgen-6.2.2301/libsrc -I/home/abuild/rpmbuild/BUILD/netgen-6.2.2301/libsrc/include -I/usr/include/python3.10 -I/usr/include/ffmpeg -isystem /usr/include/opencascade -O2 -Wall -U_FORTIFY_SOURCE -D_FORTIFY_SOURCE=3 -fstack-protector-strong -funwind-tables -fasynchronous-unwind-tables -fstack-clash-protection -Werror=return-type -flto=auto -g -DPYBIND11_HAS_FILESYSTEM_IS_OPTIONAL=1 -O2 -g -DNDEBUG -fPIC -fvisibility=hidden -std=gnu++17 -MD -MT CMakeFiles/nglib.dir/rules/rule_pyramidrules2.cpp.o -MF CMakeFiles/nglib.dir/rules/rule_pyramidrules2.cpp.o.d -o CMakeFiles/nglib.dir/rules/rule_pyramidrules2.cpp.o -c /home/abuild/rpmbuild/BUILD/netgen-6.2.2301/build/rules/rule_pyramidrules2.cpp
[  717s] make[2]: Leaving directory '/home/abuild/rpmbuild/BUILD/netgen-6.2.2301/build'
[  717s] make[2]: Entering directory '/home/abuild/rpmbuild/BUILD/netgen-6.2.2301/build'
[  717s] [ 15%] Building CXX object CMakeFiles/nglib.dir/rules/rule_quadrules.cpp.o
[  717s] /usr/bin/c++ -DFFMPEG -DHAVE_DLFCN_H -DHAVE_FREETYPE -DHAVE_OPENGL_EXT -DHAVE_RAPIDJSON -DHAVE_TK -DHAVE_XLIB -DJPEGLIB -DNETGEN_PYTHON -DNG_PYTHON -DOCCGEOMETRY -DOCC_CONVERT_SIGNALS -D__STDC_CONSTANT_MACROS -Dnglib_EXPORTS -I/home/abuild/rpmbuild/BUILD/netgen-6.2.2301/build -I/home/abuild/rpmbuild/BUILD/netgen-6.2.2301 -I/home/abuild/rpmbuild/BUILD/netgen-6.2.2301/include -I/home/abuild/rpmbuild/BUILD/netgen-6.2.2301/libsrc -I/home/abuild/rpmbuild/BUILD/netgen-6.2.2301/libsrc/include -I/usr/include/python3.10 -I/usr/include/ffmpeg -isystem /usr/include/opencascade -O2 -Wall -U_FORTIFY_SOURCE -D_FORTIFY_SOURCE=3 -fstack-protector-strong -funwind-tables -fasynchronous-unwind-tables -fstack-clash-protection -Werror=return-type -flto=auto -g -DPYBIND11_HAS_FILESYSTEM_IS_OPTIONAL=1 -O2 -g -DNDEBUG -fPIC -fvisibility=hidden -std=gnu++17 -MD -MT CMakeFiles/nglib.dir/rules/rule_quadrules.cpp.o -MF CMakeFiles/nglib.dir/rules/rule_quadrules.cpp.o.d -o CMakeFiles/nglib.dir/rules/rule_quadrules.cpp.o -c /home/abuild/rpmbuild/BUILD/netgen-6.2.2301/build/rules/rule_quadrules.cpp
[  717s] make[2]: Leaving directory '/home/abuild/rpmbuild/BUILD/netgen-6.2.2301/build'
[  718s] make[2]: Entering directory '/home/abuild/rpmbuild/BUILD/netgen-6.2.2301/build'
[  718s] [ 14%] Building CXX object CMakeFiles/nglib.dir/rules/rule_triarules.cpp.o
[  718s] /usr/bin/c++ -DFFMPEG -DHAVE_DLFCN_H -DHAVE_FREETYPE -DHAVE_OPENGL_EXT -DHAVE_RAPIDJSON -DHAVE_TK -DHAVE_XLIB -DJPEGLIB -DNETGEN_PYTHON -DNG_PYTHON -DOCCGEOMETRY -DOCC_CONVERT_SIGNALS -D__STDC_CONSTANT_MACROS -Dnglib_EXPORTS -I/home/abuild/rpmbuild/BUILD/netgen-6.2.2301/build -I/home/abuild/rpmbuild/BUILD/netgen-6.2.2301 -I/home/abuild/rpmbuild/BUILD/netgen-6.2.2301/include -I/home/abuild/rpmbuild/BUILD/netgen-6.2.2301/libsrc -I/home/abuild/rpmbuild/BUILD/netgen-6.2.2301/libsrc/include -I/usr/include/python3.10 -I/usr/include/ffmpeg -isystem /usr/include/opencascade -O2 -Wall -U_FORTIFY_SOURCE -D_FORTIFY_SOURCE=3 -fstack-protector-strong -funwind-tables -fasynchronous-unwind-tables -fstack-clash-protection -Werror=return-type -flto=auto -g -DPYBIND11_HAS_FILESYSTEM_IS_OPTIONAL=1 -O2 -g -DNDEBUG -fPIC -fvisibility=hidden -std=gnu++17 -MD -MT CMakeFiles/nglib.dir/rules/rule_triarules.cpp.o -MF CMakeFiles/nglib.dir/rules/rule_triarules.cpp.o.d -o CMakeFiles/nglib.dir/rules/rule_triarules.cpp.o -c /home/abuild/rpmbuild/BUILD/netgen-6.2.2301/build/rules/rule_triarules.cpp
[  718s] make[2]: Leaving directory '/home/abuild/rpmbuild/BUILD/netgen-6.2.2301/build'
[  769s] make[2]: Entering directory '/home/abuild/rpmbuild/BUILD/netgen-6.2.2301/build'
[  769s] [ 17%] Building CXX object CMakeFiles/nglib.dir/libsrc/general/ngbitarray.cpp.o
[  769s] /usr/bin/c++ -DFFMPEG -DHAVE_DLFCN_H -DHAVE_FREETYPE -DHAVE_OPENGL_EXT -DHAVE_RAPIDJSON -DHAVE_TK -DHAVE_XLIB -DJPEGLIB -DNETGEN_PYTHON -DNG_PYTHON -DOCCGEOMETRY -DOCC_CONVERT_SIGNALS -D__STDC_CONSTANT_MACROS -Dnglib_EXPORTS -I/home/abuild/rpmbuild/BUILD/netgen-6.2.2301/build -I/home/abuild/rpmbuild/BUILD/netgen-6.2.2301 -I/home/abuild/rpmbuild/BUILD/netgen-6.2.2301/include -I/home/abuild/rpmbuild/BUILD/netgen-6.2.2301/libsrc -I/home/abuild/rpmbuild/BUILD/netgen-6.2.2301/libsrc/include -I/usr/include/python3.10 -I/usr/include/ffmpeg -isystem /usr/include/opencascade -O2 -Wall -U_FORTIFY_SOURCE -D_FORTIFY_SOURCE=3 -fstack-protector-strong -funwind-tables -fasynchronous-unwind-tables -fstack-clash-protection -Werror=return-type -flto=auto -g -DPYBIND11_HAS_FILESYSTEM_IS_OPTIONAL=1 -O2 -g -DNDEBUG -fPIC -fvisibility=hidden -std=gnu++17 -MD -MT CMakeFiles/nglib.dir/libsrc/general/ngbitarray.cpp.o -MF CMakeFiles/nglib.dir/libsrc/general/ngbitarray.cpp.o.d -o CMakeFiles/nglib.dir/libsrc/general/ngbitarray.cpp.o -c /home/abuild/rpmbuild/BUILD/netgen-6.2.2301/libsrc/general/ngbitarray.cpp
[  769s] In file included from /home/abuild/rpmbuild/BUILD/netgen-6.2.2301/libsrc/core/logging.hpp:12,
[  769s]                  from /home/abuild/rpmbuild/BUILD/netgen-6.2.2301/libsrc/core/archive.hpp:28,
[  769s]                  from /home/abuild/rpmbuild/BUILD/netgen-6.2.2301/libsrc/core/ngcore.hpp:4,
[  769s]                  from /home/abuild/rpmbuild/BUILD/netgen-6.2.2301/libsrc/include/../general/../include/mydefs.hpp:14,
[  769s]                  from /home/abuild/rpmbuild/BUILD/netgen-6.2.2301/libsrc/include/../general/myadt.hpp:17,
[  769s]                  from /home/abuild/rpmbuild/BUILD/netgen-6.2.2301/libsrc/include/myadt.hpp:1,
[  769s]                  from /home/abuild/rpmbuild/BUILD/netgen-6.2.2301/libsrc/general/ngbitarray.cpp:12:
[  769s] /home/abuild/rpmbuild/BUILD/netgen-6.2.2301/libsrc/core/utils.hpp:81:2: warning: #warning "Unsupported CPU architecture" [-Wcpp]
[  769s]    81 | #warning "Unsupported CPU architecture"
[  769s]       |  ^~~~~~~
[  769s] In file included from /home/abuild/rpmbuild/BUILD/netgen-6.2.2301/libsrc/core/profiler.hpp:12,
[  769s]                  from /home/abuild/rpmbuild/BUILD/netgen-6.2.2301/libsrc/core/table.hpp:18,
[  769s]                  from /home/abuild/rpmbuild/BUILD/netgen-6.2.2301/libsrc/core/ngcore.hpp:9:
[  769s] /home/abuild/rpmbuild/BUILD/netgen-6.2.2301/libsrc/core/taskmanager.hpp: In member function 'void ngcore::SharedLoop2::SharedIterator::GetNext2()':
[  769s] /home/abuild/rpmbuild/BUILD/netgen-6.2.2301/libsrc/core/taskmanager.hpp:590:28: warning: comparison of integer expressions of different signedness: 'int' and 'size_t' {aka 'long unsigned int'} [-Wsign-compare]
[  769s]   590 |             if (steal_from == ranges.Size()) steal_from = 0;
[  769s]       |                 ~~~~~~~~~~~^~~~~~~~~~~~~~~~
[  769s] In file included from /home/abuild/rpmbuild/BUILD/netgen-6.2.2301/libsrc/include/../general/myadt.hpp:33:
[  769s] /home/abuild/rpmbuild/BUILD/netgen-6.2.2301/libsrc/include/../general/hashtabl.hpp: In member function 'int netgen::BASE_INDEX_CLOSED_HASHTABLE::Position(const netgen::INDEX&) const':
[  769s] /home/abuild/rpmbuild/BUILD/netgen-6.2.2301/libsrc/include/../general/hashtabl.hpp:538:15: warning: comparison of integer expressions of different signedness: 'int' and 'std::size_t' {aka 'long unsigned int'} [-Wsign-compare]
[  769s]   538 |         if (i > hash.Size()) i = 1;
[  769s]       |             ~~^~~~~~~~~~~~~
[  769s] /home/abuild/rpmbuild/BUILD/netgen-6.2.2301/libsrc/include/../general/hashtabl.hpp: In member function 'int netgen::BASE_INDEX_CLOSED_HASHTABLE::CalcPositionCosts(const netgen::INDEX&) const':
[  769s] /home/abuild/rpmbuild/BUILD/netgen-6.2.2301/libsrc/include/../general/hashtabl.hpp:551:15: warning: comparison of integer expressions of different signedness: 'int' and 'std::size_t' {aka 'long unsigned int'} [-Wsign-compare]
[  769s]   551 |         if (i > hash.Size()) i = 1;
[  769s]       |             ~~^~~~~~~~~~~~~
[  769s] In file included from /home/abuild/rpmbuild/BUILD/netgen-6.2.2301/libsrc/core/simd.hpp:12,
[  769s]                  from /home/abuild/rpmbuild/BUILD/netgen-6.2.2301/libsrc/core/ngcore.hpp:16:
[  769s] /home/abuild/rpmbuild/BUILD/netgen-6.2.2301/libsrc/core/simd_generic.hpp: In instantiation of 'ngcore::SIMD<double, N>::SIMD(const T ...) [with T = {ngcore::SIMD<double, 1>, ngcore::SIMD<double, 1>}; int N = 4]':
[  769s] /home/abuild/rpmbuild/BUILD/netgen-6.2.2301/libsrc/core/simd.hpp:56:42:   required from here
[  769s] /home/abuild/rpmbuild/BUILD/netgen-6.2.2301/libsrc/core/simd_generic.hpp:324:56: error: cannot convert 'const ngcore::SIMD<double, 1>' to 'double' in initialization
[  769s]   324 |     : lo(detail::array_range<N1>(std::array<double, N>{vals...}, 0)),
[  769s]       |                                                        ^~~~
[  769s]       |                                                        |
[  769s]       |                                                        const ngcore::SIMD<double, 1>
[  769s] /home/abuild/rpmbuild/BUILD/netgen-6.2.2301/libsrc/core/simd_generic.hpp:324:56: error: cannot convert 'const ngcore::SIMD<double, 1>' to 'double' in initialization
[  769s]   324 |     : lo(detail::array_range<N1>(std::array<double, N>{vals...}, 0)),
[  769s]       |                                                        ^~~~
[  769s]       |                                                        |
[  769s]       |                                                        const ngcore::SIMD<double, 1>
[  769s] /home/abuild/rpmbuild/BUILD/netgen-6.2.2301/libsrc/core/simd_generic.hpp:325:58: error: cannot convert 'const ngcore::SIMD<double, 1>' to 'double' in initialization
[  769s]   325 |       high(detail::array_range<N2>(std::array<double, N>{vals...}, N1))
[  769s]       |                                                          ^~~~
[  769s]       |                                                          |
[  769s]       |                                                          const ngcore::SIMD<double, 1>
[  769s] /home/abuild/rpmbuild/BUILD/netgen-6.2.2301/libsrc/core/simd_generic.hpp:325:58: error: cannot convert 'const ngcore::SIMD<double, 1>' to 'double' in initialization
[  769s]   325 |       high(detail::array_range<N2>(std::array<double, N>{vals...}, N1))
[  769s]       |                                                          ^~~~
[  769s]       |                                                          |
[  769s]       |                                                          const ngcore::SIMD<double, 1>
[  769s] /home/abuild/rpmbuild/BUILD/netgen-6.2.2301/libsrc/core/simd_generic.hpp:327:38: error: static assertion failed: wrong number of arguments
[  769s]   327 |         static_assert(sizeof...(vals)==N, "wrong number of arguments");
[  769s]       |                       ~~~~~~~~~~~~~~~^~~
[  769s] /home/abuild/rpmbuild/BUILD/netgen-6.2.2301/libsrc/core/simd_generic.hpp:327:38: note: the comparison reduces to '(2 == 4)'
[  769s] /home/abuild/rpmbuild/BUILD/netgen-6.2.2301/libsrc/core/simd_generic.hpp: In instantiation of 'ngcore::SIMD<double, N>::SIMD(const T ...) [with T = {ngcore::SIMD<double, 3>, ngcore::SIMD<double, 3>}; int N = 4]':
[  769s] /home/abuild/rpmbuild/BUILD/netgen-6.2.2301/libsrc/core/simd.hpp:58:42:   required from here
[  769s] /home/abuild/rpmbuild/BUILD/netgen-6.2.2301/libsrc/core/simd_generic.hpp:324:56: error: cannot convert 'const ngcore::SIMD<double, 3>' to 'double' in initialization
[  769s]   324 |     : lo(detail::array_range<N1>(std::array<double, N>{vals...}, 0)),
[  769s]       |                                                        ^~~~
[  769s]       |                                                        |
[  769s]       |                                                        const ngcore::SIMD<double, 3>
[  769s] /home/abuild/rpmbuild/BUILD/netgen-6.2.2301/libsrc/core/simd_generic.hpp:324:56: error: cannot convert 'const ngcore::SIMD<double, 3>' to 'double' in initialization
[  769s]   324 |     : lo(detail::array_range<N1>(std::array<double, N>{vals...}, 0)),
[  769s]       |                                                        ^~~~
[  769s]       |                                                        |
[  769s]       |                                                        const ngcore::SIMD<double, 3>
[  769s] /home/abuild/rpmbuild/BUILD/netgen-6.2.2301/libsrc/core/simd_generic.hpp:325:58: error: cannot convert 'const ngcore::SIMD<double, 3>' to 'double' in initialization
[  769s]   325 |       high(detail::array_range<N2>(std::array<double, N>{vals...}, N1))
[  769s]       |                                                          ^~~~
[  769s]       |                                                          |
[  769s]       |                                                          const ngcore::SIMD<double, 3>
[  769s] /home/abuild/rpmbuild/BUILD/netgen-6.2.2301/libsrc/core/simd_generic.hpp:325:58: error: cannot convert 'const ngcore::SIMD<double, 3>' to 'double' in initialization
[  769s]   325 |       high(detail::array_range<N2>(std::array<double, N>{vals...}, N1))
[  769s]       |                                                          ^~~~
[  769s]       |                                                          |
[  769s]       |                                                          const ngcore::SIMD<double, 3>
[  769s] /home/abuild/rpmbuild/BUILD/netgen-6.2.2301/libsrc/core/simd_generic.hpp:327:38: error: static assertion failed: wrong number of arguments
[  769s]   327 |         static_assert(sizeof...(vals)==N, "wrong number of arguments");
[  769s]       |                       ~~~~~~~~~~~~~~~^~~
[  769s] /home/abuild/rpmbuild/BUILD/netgen-6.2.2301/libsrc/core/simd_generic.hpp:327:38: note: the comparison reduces to '(2 == 4)'
[  769s] In file included from /home/abuild/rpmbuild/BUILD/netgen-6.2.2301/libsrc/include/../general/myadt.hpp:31:
[  769s] /home/abuild/rpmbuild/BUILD/netgen-6.2.2301/libsrc/include/../general/ngarray.hpp: In instantiation of 'TIND netgen::NgFlatArray<T, BASE, TIND>::Pos(const T&) const [with T = int; int BASE = 0; TIND = int]':
[  769s] /home/abuild/rpmbuild/BUILD/netgen-6.2.2301/libsrc/include/../general/ngarray.hpp:206:16:   required from 'bool netgen::NgFlatArray<T, BASE, TIND>::Contains(const T&) const [with T = int; int BASE = 0; TIND = int]'
[  769s] /home/abuild/rpmbuild/BUILD/netgen-6.2.2301/libsrc/include/../general/netgenout.hpp:108:35:   required from here
[  769s] /home/abuild/rpmbuild/BUILD/netgen-6.2.2301/libsrc/include/../general/ngarray.hpp:198:34: warning: comparison of integer expressions of different signedness: 'int' and 'const std::size_t' {aka 'const long unsigned int'} [-Wsign-compare]
[  769s]   198 |       for(TIND i=0; pos==-1 && i < this->size; i++)
[  769s]       |                                ~~^~~~~~~~~~~~
[  769s] make[2]: *** [CMakeFiles/nglib.dir/build.make:282: CMakeFiles/nglib.dir/libsrc/general/ngbitarray.cpp.o] Error 1
[  769s] make[2]: Leaving directory '/home/abuild/rpmbuild/BUILD/netgen-6.2.2301/build'
[  769s] make[2]: *** Waiting for unfinished jobs....
[  769s] make[2]: Entering directory '/home/abuild/rpmbuild/BUILD/netgen-6.2.2301/build'
[  769s] [ 18%] Building CXX object CMakeFiles/nglib.dir/libsrc/general/optmem.cpp.o
[  769s] /usr/bin/c++ -DFFMPEG -DHAVE_DLFCN_H -DHAVE_FREETYPE -DHAVE_OPENGL_EXT -DHAVE_RAPIDJSON -DHAVE_TK -DHAVE_XLIB -DJPEGLIB -DNETGEN_PYTHON -DNG_PYTHON -DOCCGEOMETRY -DOCC_CONVERT_SIGNALS -D__STDC_CONSTANT_MACROS -Dnglib_EXPORTS -I/home/abuild/rpmbuild/BUILD/netgen-6.2.2301/build -I/home/abuild/rpmbuild/BUILD/netgen-6.2.2301 -I/home/abuild/rpmbuild/BUILD/netgen-6.2.2301/include -I/home/abuild/rpmbuild/BUILD/netgen-6.2.2301/libsrc -I/home/abuild/rpmbuild/BUILD/netgen-6.2.2301/libsrc/include -I/usr/include/python3.10 -I/usr/include/ffmpeg -isystem /usr/include/opencascade -O2 -Wall -U_FORTIFY_SOURCE -D_FORTIFY_SOURCE=3 -fstack-protector-strong -funwind-tables -fasynchronous-unwind-tables -fstack-clash-protection -Werror=return-type -flto=auto -g -DPYBIND11_HAS_FILESYSTEM_IS_OPTIONAL=1 -O2 -g -DNDEBUG -fPIC -fvisibility=hidden -std=gnu++17 -MD -MT CMakeFiles/nglib.dir/libsrc/general/optmem.cpp.o -MF CMakeFiles/nglib.dir/libsrc/general/optmem.cpp.o.d -o CMakeFiles/nglib.dir/libsrc/general/optmem.cpp.o -c /home/abuild/rpmbuild/BUILD/netgen-6.2.2301/libsrc/general/optmem.cpp
[  769s] In file included from /home/abuild/rpmbuild/BUILD/netgen-6.2.2301/libsrc/core/logging.hpp:12,
[  769s]                  from /home/abuild/rpmbuild/BUILD/netgen-6.2.2301/libsrc/core/archive.hpp:28,
[  769s]                  from /home/abuild/rpmbuild/BUILD/netgen-6.2.2301/libsrc/core/ngcore.hpp:4,
[  769s]                  from /home/abuild/rpmbuild/BUILD/netgen-6.2.2301/libsrc/include/../general/../include/mydefs.hpp:14,
[  769s]                  from /home/abuild/rpmbuild/BUILD/netgen-6.2.2301/libsrc/include/../general/myadt.hpp:17,
[  769s]                  from /home/abuild/rpmbuild/BUILD/netgen-6.2.2301/libsrc/include/myadt.hpp:1,
[  769s]                  from /home/abuild/rpmbuild/BUILD/netgen-6.2.2301/libsrc/general/optmem.cpp:13:
[  769s] /home/abuild/rpmbuild/BUILD/netgen-6.2.2301/libsrc/core/utils.hpp:81:2: warning: #warning "Unsupported CPU architecture" [-Wcpp]
[  769s]    81 | #warning "Unsupported CPU architecture"
[  769s]       |  ^~~~~~~
[  769s] In file included from /home/abuild/rpmbuild/BUILD/netgen-6.2.2301/libsrc/core/profiler.hpp:12,
[  769s]                  from /home/abuild/rpmbuild/BUILD/netgen-6.2.2301/libsrc/core/table.hpp:18,
[  769s]                  from /home/abuild/rpmbuild/BUILD/netgen-6.2.2301/libsrc/core/ngcore.hpp:9:
[  769s] /home/abuild/rpmbuild/BUILD/netgen-6.2.2301/libsrc/core/taskmanager.hpp: In member function 'void ngcore::SharedLoop2::SharedIterator::GetNext2()':
[  769s] /home/abuild/rpmbuild/BUILD/netgen-6.2.2301/libsrc/core/taskmanager.hpp:590:28: warning: comparison of integer expressions of different signedness: 'int' and 'size_t' {aka 'long unsigned int'} [-Wsign-compare]
[  769s]   590 |             if (steal_from == ranges.Size()) steal_from = 0;
[  769s]       |                 ~~~~~~~~~~~^~~~~~~~~~~~~~~~
[  769s] In file included from /home/abuild/rpmbuild/BUILD/netgen-6.2.2301/libsrc/include/../general/myadt.hpp:33:
[  769s] /home/abuild/rpmbuild/BUILD/netgen-6.2.2301/libsrc/include/../general/hashtabl.hpp: In member function 'int netgen::BASE_INDEX_CLOSED_HASHTABLE::Position(const netgen::INDEX&) const':
[  769s] /home/abuild/rpmbuild/BUILD/netgen-6.2.2301/libsrc/include/../general/hashtabl.hpp:538:15: warning: comparison of integer expressions of different signedness: 'int' and 'std::size_t' {aka 'long unsigned int'} [-Wsign-compare]
[  769s]   538 |         if (i > hash.Size()) i = 1;
[  769s]       |             ~~^~~~~~~~~~~~~
[  769s] /home/abuild/rpmbuild/BUILD/netgen-6.2.2301/libsrc/include/../general/hashtabl.hpp: In member function 'int netgen::BASE_INDEX_CLOSED_HASHTABLE::CalcPositionCosts(const netgen::INDEX&) const':
[  769s] /home/abuild/rpmbuild/BUILD/netgen-6.2.2301/libsrc/include/../general/hashtabl.hpp:551:15: warning: comparison of integer expressions of different signedness: 'int' and 'std::size_t' {aka 'long unsigned int'} [-Wsign-compare]
[  769s]   551 |         if (i > hash.Size()) i = 1;
[  769s]       |             ~~^~~~~~~~~~~~~
[  769s] /home/abuild/rpmbuild/BUILD/netgen-6.2.2301/libsrc/general/optmem.cpp: In destructor 'netgen::BlockAllocator::~BlockAllocator()':
[  769s] /home/abuild/rpmbuild/BUILD/netgen-6.2.2301/libsrc/general/optmem.cpp:33:23: warning: comparison of integer expressions of different signedness: 'int' and 'std::size_t' {aka 'long unsigned int'} [-Wsign-compare]
[  769s]    33 |     for (int i = 0; i < bablocks.Size(); i++)
[  769s]       |                     ~~^~~~~~~~~~~~~~~~~
[  769s] In file included from /home/abuild/rpmbuild/BUILD/netgen-6.2.2301/libsrc/core/simd.hpp:12,
[  769s]                  from /home/abuild/rpmbuild/BUILD/netgen-6.2.2301/libsrc/core/ngcore.hpp:16:
[  769s] /home/abuild/rpmbuild/BUILD/netgen-6.2.2301/libsrc/core/simd_generic.hpp: In instantiation of 'ngcore::SIMD<double, N>::SIMD(const T ...) [with T = {ngcore::SIMD<double, 1>, ngcore::SIMD<double, 1>}; int N = 4]':
[  769s] /home/abuild/rpmbuild/BUILD/netgen-6.2.2301/libsrc/core/simd.hpp:56:42:   required from here
[  769s] /home/abuild/rpmbuild/BUILD/netgen-6.2.2301/libsrc/core/simd_generic.hpp:324:56: error: cannot convert 'const ngcore::SIMD<double, 1>' to 'double' in initialization
[  769s]   324 |     : lo(detail::array_range<N1>(std::array<double, N>{vals...}, 0)),
[  769s]       |                                                        ^~~~
[  769s]       |                                                        |
[  769s]       |                                                        const ngcore::SIMD<double, 1>
[  769s] /home/abuild/rpmbuild/BUILD/netgen-6.2.2301/libsrc/core/simd_generic.hpp:324:56: error: cannot convert 'const ngcore::SIMD<double, 1>' to 'double' in initialization
[  769s]   324 |     : lo(detail::array_range<N1>(std::array<double, N>{vals...}, 0)),
[  769s]       |                                                        ^~~~
[  769s]       |                                                        |
[  769s]       |                                                        const ngcore::SIMD<double, 1>
[  769s] /home/abuild/rpmbuild/BUILD/netgen-6.2.2301/libsrc/core/simd_generic.hpp:325:58: error: cannot convert 'const ngcore::SIMD<double, 1>' to 'double' in initialization
[  769s]   325 |       high(detail::array_range<N2>(std::array<double, N>{vals...}, N1))
[  769s]       |                                                          ^~~~
[  769s]       |                                                          |
[  769s]       |                                                          const ngcore::SIMD<double, 1>
[  769s] /home/abuild/rpmbuild/BUILD/netgen-6.2.2301/libsrc/core/simd_generic.hpp:325:58: error: cannot convert 'const ngcore::SIMD<double, 1>' to 'double' in initialization
[  769s]   325 |       high(detail::array_range<N2>(std::array<double, N>{vals...}, N1))
[  769s]       |                                                          ^~~~
[  769s]       |                                                          |
[  769s]       |                                                          const ngcore::SIMD<double, 1>
[  769s] /home/abuild/rpmbuild/BUILD/netgen-6.2.2301/libsrc/core/simd_generic.hpp:327:38: error: static assertion failed: wrong number of arguments
[  769s]   327 |         static_assert(sizeof...(vals)==N, "wrong number of arguments");
[  769s]       |                       ~~~~~~~~~~~~~~~^~~
[  769s] /home/abuild/rpmbuild/BUILD/netgen-6.2.2301/libsrc/core/simd_generic.hpp:327:38: note: the comparison reduces to '(2 == 4)'
[  769s] /home/abuild/rpmbuild/BUILD/netgen-6.2.2301/libsrc/core/simd_generic.hpp: In instantiation of 'ngcore::SIMD<double, N>::SIMD(const T ...) [with T = {ngcore::SIMD<double, 3>, ngcore::SIMD<double, 3>}; int N = 4]':
[  769s] /home/abuild/rpmbuild/BUILD/netgen-6.2.2301/libsrc/core/simd.hpp:58:42:   required from here
[  769s] /home/abuild/rpmbuild/BUILD/netgen-6.2.2301/libsrc/core/simd_generic.hpp:324:56: error: cannot convert 'const ngcore::SIMD<double, 3>' to 'double' in initialization
[  769s]   324 |     : lo(detail::array_range<N1>(std::array<double, N>{vals...}, 0)),
[  769s]       |                                                        ^~~~
[  769s]       |                                                        |
[  769s]       |                                                        const ngcore::SIMD<double, 3>
[  769s] /home/abuild/rpmbuild/BUILD/netgen-6.2.2301/libsrc/core/simd_generic.hpp:324:56: error: cannot convert 'const ngcore::SIMD<double, 3>' to 'double' in initialization
[  769s]   324 |     : lo(detail::array_range<N1>(std::array<double, N>{vals...}, 0)),
[  769s]       |                                                        ^~~~
[  769s]       |                                                        |
[  769s]       |                                                        const ngcore::SIMD<double, 3>
[  769s] /home/abuild/rpmbuild/BUILD/netgen-6.2.2301/libsrc/core/simd_generic.hpp:325:58: error: cannot convert 'const ngcore::SIMD<double, 3>' to 'double' in initialization
[  769s]   325 |       high(detail::array_range<N2>(std::array<double, N>{vals...}, N1))
[  769s]       |                                                          ^~~~
[  769s]       |                                                          |
[  769s]       |                                                          const ngcore::SIMD<double, 3>
[  769s] /home/abuild/rpmbuild/BUILD/netgen-6.2.2301/libsrc/core/simd_generic.hpp:325:58: error: cannot convert 'const ngcore::SIMD<double, 3>' to 'double' in initialization
[  769s]   325 |       high(detail::array_range<N2>(std::array<double, N>{vals...}, N1))
[  769s]       |                                                          ^~~~
[  769s]       |                                                          |
[  769s]       |                                                          const ngcore::SIMD<double, 3>
[  769s] /home/abuild/rpmbuild/BUILD/netgen-6.2.2301/libsrc/core/simd_generic.hpp:327:38: error: static assertion failed: wrong number of arguments
[  769s]   327 |         static_assert(sizeof...(vals)==N, "wrong number of arguments");
[  769s]       |                       ~~~~~~~~~~~~~~~^~~
[  769s] /home/abuild/rpmbuild/BUILD/netgen-6.2.2301/libsrc/core/simd_generic.hpp:327:38: note: the comparison reduces to '(2 == 4)'
[  769s] In file included from /home/abuild/rpmbuild/BUILD/netgen-6.2.2301/libsrc/include/../general/myadt.hpp:31:
[  769s] /home/abuild/rpmbuild/BUILD/netgen-6.2.2301/libsrc/include/../general/ngarray.hpp: In instantiation of 'TIND netgen::NgFlatArray<T, BASE, TIND>::Pos(const T&) const [with T = int; int BASE = 0; TIND = int]':
[  769s] /home/abuild/rpmbuild/BUILD/netgen-6.2.2301/libsrc/include/../general/ngarray.hpp:206:16:   required from 'bool netgen::NgFlatArray<T, BASE, TIND>::Contains(const T&) const [with T = int; int BASE = 0; TIND = int]'
[  769s] /home/abuild/rpmbuild/BUILD/netgen-6.2.2301/libsrc/include/../general/netgenout.hpp:108:35:   required from here
[  769s] /home/abuild/rpmbuild/BUILD/netgen-6.2.2301/libsrc/include/../general/ngarray.hpp:198:34: warning: comparison of integer expressions of different signedness: 'int' and 'const std::size_t' {aka 'const long unsigned int'} [-Wsign-compare]
[  769s]   198 |       for(TIND i=0; pos==-1 && i < this->size; i++)
[  769s]       |                                ~~^~~~~~~~~~~~
[  769s] make[2]: *** [CMakeFiles/nglib.dir/build.make:296: CMakeFiles/nglib.dir/libsrc/general/optmem.cpp.o] Error 1
[  769s] make[2]: Leaving directory '/home/abuild/rpmbuild/BUILD/netgen-6.2.2301/build'
[  770s] make[2]: Entering directory '/home/abuild/rpmbuild/BUILD/netgen-6.2.2301/build'
[  770s] [ 17%] Building CXX object CMakeFiles/nglib.dir/libsrc/general/ngarray.cpp.o
[  770s] /usr/bin/c++ -DFFMPEG -DHAVE_DLFCN_H -DHAVE_FREETYPE -DHAVE_OPENGL_EXT -DHAVE_RAPIDJSON -DHAVE_TK -DHAVE_XLIB -DJPEGLIB -DNETGEN_PYTHON -DNG_PYTHON -DOCCGEOMETRY -DOCC_CONVERT_SIGNALS -D__STDC_CONSTANT_MACROS -Dnglib_EXPORTS -I/home/abuild/rpmbuild/BUILD/netgen-6.2.2301/build -I/home/abuild/rpmbuild/BUILD/netgen-6.2.2301 -I/home/abuild/rpmbuild/BUILD/netgen-6.2.2301/include -I/home/abuild/rpmbuild/BUILD/netgen-6.2.2301/libsrc -I/home/abuild/rpmbuild/BUILD/netgen-6.2.2301/libsrc/include -I/usr/include/python3.10 -I/usr/include/ffmpeg -isystem /usr/include/opencascade -O2 -Wall -U_FORTIFY_SOURCE -D_FORTIFY_SOURCE=3 -fstack-protector-strong -funwind-tables -fasynchronous-unwind-tables -fstack-clash-protection -Werror=return-type -flto=auto -g -DPYBIND11_HAS_FILESYSTEM_IS_OPTIONAL=1 -O2 -g -DNDEBUG -fPIC -fvisibility=hidden -std=gnu++17 -MD -MT CMakeFiles/nglib.dir/libsrc/general/ngarray.cpp.o -MF CMakeFiles/nglib.dir/libsrc/general/ngarray.cpp.o.d -o CMakeFiles/nglib.dir/libsrc/general/ngarray.cpp.o -c /home/abuild/rpmbuild/BUILD/netgen-6.2.2301/libsrc/general/ngarray.cpp
[  770s] In file included from /home/abuild/rpmbuild/BUILD/netgen-6.2.2301/libsrc/core/logging.hpp:12,
[  770s]                  from /home/abuild/rpmbuild/BUILD/netgen-6.2.2301/libsrc/core/archive.hpp:28,
[  770s]                  from /home/abuild/rpmbuild/BUILD/netgen-6.2.2301/libsrc/core/ngcore.hpp:4,
[  770s]                  from /home/abuild/rpmbuild/BUILD/netgen-6.2.2301/libsrc/include/../general/../include/mydefs.hpp:14,
[  770s]                  from /home/abuild/rpmbuild/BUILD/netgen-6.2.2301/libsrc/include/../general/myadt.hpp:17,
[  770s]                  from /home/abuild/rpmbuild/BUILD/netgen-6.2.2301/libsrc/include/myadt.hpp:1,
[  770s]                  from /home/abuild/rpmbuild/BUILD/netgen-6.2.2301/libsrc/general/ngarray.cpp:16:
[  770s] /home/abuild/rpmbuild/BUILD/netgen-6.2.2301/libsrc/core/utils.hpp:81:2: warning: #warning "Unsupported CPU architecture" [-Wcpp]
[  770s]    81 | #warning "Unsupported CPU architecture"
[  770s]       |  ^~~~~~~
[  770s] In file included from /home/abuild/rpmbuild/BUILD/netgen-6.2.2301/libsrc/core/profiler.hpp:12,
[  770s]                  from /home/abuild/rpmbuild/BUILD/netgen-6.2.2301/libsrc/core/table.hpp:18,
[  770s]                  from /home/abuild/rpmbuild/BUILD/netgen-6.2.2301/libsrc/core/ngcore.hpp:9:
[  770s] /home/abuild/rpmbuild/BUILD/netgen-6.2.2301/libsrc/core/taskmanager.hpp: In member function 'void ngcore::SharedLoop2::SharedIterator::GetNext2()':
[  770s] /home/abuild/rpmbuild/BUILD/netgen-6.2.2301/libsrc/core/taskmanager.hpp:590:28: warning: comparison of integer expressions of different signedness: 'int' and 'size_t' {aka 'long unsigned int'} [-Wsign-compare]
[  770s]   590 |             if (steal_from == ranges.Size()) steal_from = 0;
[  770s]       |                 ~~~~~~~~~~~^~~~~~~~~~~~~~~~
[  770s] In file included from /home/abuild/rpmbuild/BUILD/netgen-6.2.2301/libsrc/include/../general/myadt.hpp:33:
[  770s] /home/abuild/rpmbuild/BUILD/netgen-6.2.2301/libsrc/include/../general/hashtabl.hpp: In member function 'int netgen::BASE_INDEX_CLOSED_HASHTABLE::Position(const netgen::INDEX&) const':
[  770s] /home/abuild/rpmbuild/BUILD/netgen-6.2.2301/libsrc/include/../general/hashtabl.hpp:538:15: warning: comparison of integer expressions of different signedness: 'int' and 'std::size_t' {aka 'long unsigned int'} [-Wsign-compare]
[  770s]   538 |         if (i > hash.Size()) i = 1;
[  770s]       |             ~~^~~~~~~~~~~~~
[  770s] /home/abuild/rpmbuild/BUILD/netgen-6.2.2301/libsrc/include/../general/hashtabl.hpp: In member function 'int netgen::BASE_INDEX_CLOSED_HASHTABLE::CalcPositionCosts(const netgen::INDEX&) const':
[  770s] /home/abuild/rpmbuild/BUILD/netgen-6.2.2301/libsrc/include/../general/hashtabl.hpp:551:15: warning: comparison of integer expressions of different signedness: 'int' and 'std::size_t' {aka 'long unsigned int'} [-Wsign-compare]
[  770s]   551 |         if (i > hash.Size()) i = 1;
[  770s]       |             ~~^~~~~~~~~~~~~
[  770s] In file included from /home/abuild/rpmbuild/BUILD/netgen-6.2.2301/libsrc/core/simd.hpp:12,
[  770s]                  from /home/abuild/rpmbuild/BUILD/netgen-6.2.2301/libsrc/core/ngcore.hpp:16:
[  770s] /home/abuild/rpmbuild/BUILD/netgen-6.2.2301/libsrc/core/simd_generic.hpp: In instantiation of 'ngcore::SIMD<double, N>::SIMD(const T ...) [with T = {ngcore::SIMD<double, 1>, ngcore::SIMD<double, 1>}; int N = 4]':
[  770s] /home/abuild/rpmbuild/BUILD/netgen-6.2.2301/libsrc/core/simd.hpp:56:42:   required from here
[  770s] /home/abuild/rpmbuild/BUILD/netgen-6.2.2301/libsrc/core/simd_generic.hpp:324:56: error: cannot convert 'const ngcore::SIMD<double, 1>' to 'double' in initialization
[  770s]   324 |     : lo(detail::array_range<N1>(std::array<double, N>{vals...}, 0)),
[  770s]       |                                                        ^~~~
[  770s]       |                                                        |
[  770s]       |                                                        const ngcore::SIMD<double, 1>
[  770s] /home/abuild/rpmbuild/BUILD/netgen-6.2.2301/libsrc/core/simd_generic.hpp:324:56: error: cannot convert 'const ngcore::SIMD<double, 1>' to 'double' in initialization
[  770s]   324 |     : lo(detail::array_range<N1>(std::array<double, N>{vals...}, 0)),
[  770s]       |                                                        ^~~~
[  770s]       |                                                        |
[  770s]       |                                                        const ngcore::SIMD<double, 1>
[  770s] /home/abuild/rpmbuild/BUILD/netgen-6.2.2301/libsrc/core/simd_generic.hpp:325:58: error: cannot convert 'const ngcore::SIMD<double, 1>' to 'double' in initialization
[  770s]   325 |       high(detail::array_range<N2>(std::array<double, N>{vals...}, N1))
[  770s]       |                                                          ^~~~
[  770s]       |                                                          |
[  770s]       |                                                          const ngcore::SIMD<double, 1>
[  770s] /home/abuild/rpmbuild/BUILD/netgen-6.2.2301/libsrc/core/simd_generic.hpp:325:58: error: cannot convert 'const ngcore::SIMD<double, 1>' to 'double' in initialization
[  770s]   325 |       high(detail::array_range<N2>(std::array<double, N>{vals...}, N1))
[  770s]       |                                                          ^~~~
[  770s]       |                                                          |
[  770s]       |                                                          const ngcore::SIMD<double, 1>
[  770s] /home/abuild/rpmbuild/BUILD/netgen-6.2.2301/libsrc/core/simd_generic.hpp:327:38: error: static assertion failed: wrong number of arguments
[  770s]   327 |         static_assert(sizeof...(vals)==N, "wrong number of arguments");
[  770s]       |                       ~~~~~~~~~~~~~~~^~~
[  770s] /home/abuild/rpmbuild/BUILD/netgen-6.2.2301/libsrc/core/simd_generic.hpp:327:38: note: the comparison reduces to '(2 == 4)'
[  770s] /home/abuild/rpmbuild/BUILD/netgen-6.2.2301/libsrc/core/simd_generic.hpp: In instantiation of 'ngcore::SIMD<double, N>::SIMD(const T ...) [with T = {ngcore::SIMD<double, 3>, ngcore::SIMD<double, 3>}; int N = 4]':
[  770s] /home/abuild/rpmbuild/BUILD/netgen-6.2.2301/libsrc/core/simd.hpp:58:42:   required from here
[  770s] /home/abuild/rpmbuild/BUILD/netgen-6.2.2301/libsrc/core/simd_generic.hpp:324:56: error: cannot convert 'const ngcore::SIMD<double, 3>' to 'double' in initialization
[  770s]   324 |     : lo(detail::array_range<N1>(std::array<double, N>{vals...}, 0)),
[  770s]       |                                                        ^~~~
[  770s]       |                                                        |
[  770s]       |                                                        const ngcore::SIMD<double, 3>
[  770s] /home/abuild/rpmbuild/BUILD/netgen-6.2.2301/libsrc/core/simd_generic.hpp:324:56: error: cannot convert 'const ngcore::SIMD<double, 3>' to 'double' in initialization
[  770s]   324 |     : lo(detail::array_range<N1>(std::array<double, N>{vals...}, 0)),
[  770s]       |                                                        ^~~~
[  770s]       |                                                        |
[  770s]       |                                                        const ngcore::SIMD<double, 3>
[  770s] /home/abuild/rpmbuild/BUILD/netgen-6.2.2301/libsrc/core/simd_generic.hpp:325:58: error: cannot convert 'const ngcore::SIMD<double, 3>' to 'double' in initialization
[  770s]   325 |       high(detail::array_range<N2>(std::array<double, N>{vals...}, N1))
[  770s]       |                                                          ^~~~
[  770s]       |                                                          |
[  770s]       |                                                          const ngcore::SIMD<double, 3>
[  770s] /home/abuild/rpmbuild/BUILD/netgen-6.2.2301/libsrc/core/simd_generic.hpp:325:58: error: cannot convert 'const ngcore::SIMD<double, 3>' to 'double' in initialization
[  770s]   325 |       high(detail::array_range<N2>(std::array<double, N>{vals...}, N1))
[  770s]       |                                                          ^~~~
[  770s]       |                                                          |
[  770s]       |                                                          const ngcore::SIMD<double, 3>
[  770s] /home/abuild/rpmbuild/BUILD/netgen-6.2.2301/libsrc/core/simd_generic.hpp:327:38: error: static assertion failed: wrong number of arguments
[  770s]   327 |         static_assert(sizeof...(vals)==N, "wrong number of arguments");
[  770s]       |                       ~~~~~~~~~~~~~~~^~~
[  770s] /home/abuild/rpmbuild/BUILD/netgen-6.2.2301/libsrc/core/simd_generic.hpp:327:38: note: the comparison reduces to '(2 == 4)'
[  770s] In file included from /home/abuild/rpmbuild/BUILD/netgen-6.2.2301/libsrc/include/../general/myadt.hpp:31:
[  770s] /home/abuild/rpmbuild/BUILD/netgen-6.2.2301/libsrc/include/../general/ngarray.hpp: In instantiation of 'TIND netgen::NgFlatArray<T, BASE, TIND>::Pos(const T&) const [with T = int; int BASE = 0; TIND = int]':
[  770s] /home/abuild/rpmbuild/BUILD/netgen-6.2.2301/libsrc/include/../general/ngarray.hpp:206:16:   required from 'bool netgen::NgFlatArray<T, BASE, TIND>::Contains(const T&) const [with T = int; int BASE = 0; TIND = int]'
[  770s] /home/abuild/rpmbuild/BUILD/netgen-6.2.2301/libsrc/include/../general/netgenout.hpp:108:35:   required from here
[  770s] /home/abuild/rpmbuild/BUILD/netgen-6.2.2301/libsrc/include/../general/ngarray.hpp:198:34: warning: comparison of integer expressions of different signedness: 'int' and 'const std::size_t' {aka 'const long unsigned int'} [-Wsign-compare]
[  770s]   198 |       for(TIND i=0; pos==-1 && i < this->size; i++)
[  770s]       |                                ~~^~~~~~~~~~~~
[  770s] make[2]: *** [CMakeFiles/nglib.dir/build.make:268: CMakeFiles/nglib.dir/libsrc/general/ngarray.cpp.o] Error 1
[  770s] make[2]: Leaving directory '/home/abuild/rpmbuild/BUILD/netgen-6.2.2301/build'
[  770s] make[2]: Entering directory '/home/abuild/rpmbuild/BUILD/netgen-6.2.2301/build'
[  770s] [ 16%] Building CXX object CMakeFiles/nglib.dir/libsrc/general/hashtabl.cpp.o
[  770s] /usr/bin/c++ -DFFMPEG -DHAVE_DLFCN_H -DHAVE_FREETYPE -DHAVE_OPENGL_EXT -DHAVE_RAPIDJSON -DHAVE_TK -DHAVE_XLIB -DJPEGLIB -DNETGEN_PYTHON -DNG_PYTHON -DOCCGEOMETRY -DOCC_CONVERT_SIGNALS -D__STDC_CONSTANT_MACROS -Dnglib_EXPORTS -I/home/abuild/rpmbuild/BUILD/netgen-6.2.2301/build -I/home/abuild/rpmbuild/BUILD/netgen-6.2.2301 -I/home/abuild/rpmbuild/BUILD/netgen-6.2.2301/include -I/home/abuild/rpmbuild/BUILD/netgen-6.2.2301/libsrc -I/home/abuild/rpmbuild/BUILD/netgen-6.2.2301/libsrc/include -I/usr/include/python3.10 -I/usr/include/ffmpeg -isystem /usr/include/opencascade -O2 -Wall -U_FORTIFY_SOURCE -D_FORTIFY_SOURCE=3 -fstack-protector-strong -funwind-tables -fasynchronous-unwind-tables -fstack-clash-protection -Werror=return-type -flto=auto -g -DPYBIND11_HAS_FILESYSTEM_IS_OPTIONAL=1 -O2 -g -DNDEBUG -fPIC -fvisibility=hidden -std=gnu++17 -MD -MT CMakeFiles/nglib.dir/libsrc/general/hashtabl.cpp.o -MF CMakeFiles/nglib.dir/libsrc/general/hashtabl.cpp.o.d -o CMakeFiles/nglib.dir/libsrc/general/hashtabl.cpp.o -c /home/abuild/rpmbuild/BUILD/netgen-6.2.2301/libsrc/general/hashtabl.cpp
[  770s] In file included from /home/abuild/rpmbuild/BUILD/netgen-6.2.2301/libsrc/core/logging.hpp:12,
[  770s]                  from /home/abuild/rpmbuild/BUILD/netgen-6.2.2301/libsrc/core/archive.hpp:28,
[  770s]                  from /home/abuild/rpmbuild/BUILD/netgen-6.2.2301/libsrc/core/ngcore.hpp:4,
[  770s]                  from /home/abuild/rpmbuild/BUILD/netgen-6.2.2301/libsrc/include/../general/../include/mydefs.hpp:14,
[  770s]                  from /home/abuild/rpmbuild/BUILD/netgen-6.2.2301/libsrc/include/../general/myadt.hpp:17,
[  770s]                  from /home/abuild/rpmbuild/BUILD/netgen-6.2.2301/libsrc/include/myadt.hpp:1,
[  770s]                  from /home/abuild/rpmbuild/BUILD/netgen-6.2.2301/libsrc/general/hashtabl.cpp:13:
[  770s] /home/abuild/rpmbuild/BUILD/netgen-6.2.2301/libsrc/core/utils.hpp:81:2: warning: #warning "Unsupported CPU architecture" [-Wcpp]
[  770s]    81 | #warning "Unsupported CPU architecture"
[  770s]       |  ^~~~~~~
[  770s] In file included from /home/abuild/rpmbuild/BUILD/netgen-6.2.2301/libsrc/core/profiler.hpp:12,
[  770s]                  from /home/abuild/rpmbuild/BUILD/netgen-6.2.2301/libsrc/core/table.hpp:18,
[  770s]                  from /home/abuild/rpmbuild/BUILD/netgen-6.2.2301/libsrc/core/ngcore.hpp:9:
[  770s] /home/abuild/rpmbuild/BUILD/netgen-6.2.2301/libsrc/core/taskmanager.hpp: In member function 'void ngcore::SharedLoop2::SharedIterator::GetNext2()':
[  770s] /home/abuild/rpmbuild/BUILD/netgen-6.2.2301/libsrc/core/taskmanager.hpp:590:28: warning: comparison of integer expressions of different signedness: 'int' and 'size_t' {aka 'long unsigned int'} [-Wsign-compare]
[  770s]   590 |             if (steal_from == ranges.Size()) steal_from = 0;
[  770s]       |                 ~~~~~~~~~~~^~~~~~~~~~~~~~~~
[  770s] In file included from /home/abuild/rpmbuild/BUILD/netgen-6.2.2301/libsrc/include/../general/myadt.hpp:33:
[  770s] /home/abuild/rpmbuild/BUILD/netgen-6.2.2301/libsrc/include/../general/hashtabl.hpp: In member function 'int netgen::BASE_INDEX_CLOSED_HASHTABLE::Position(const netgen::INDEX&) const':
[  770s] /home/abuild/rpmbuild/BUILD/netgen-6.2.2301/libsrc/include/../general/hashtabl.hpp:538:15: warning: comparison of integer expressions of different signedness: 'int' and 'std::size_t' {aka 'long unsigned int'} [-Wsign-compare]
[  770s]   538 |         if (i > hash.Size()) i = 1;
[  770s]       |             ~~^~~~~~~~~~~~~
[  770s] /home/abuild/rpmbuild/BUILD/netgen-6.2.2301/libsrc/include/../general/hashtabl.hpp: In member function 'int netgen::BASE_INDEX_CLOSED_HASHTABLE::CalcPositionCosts(const netgen::INDEX&) const':
[  770s] /home/abuild/rpmbuild/BUILD/netgen-6.2.2301/libsrc/include/../general/hashtabl.hpp:551:15: warning: comparison of integer expressions of different signedness: 'int' and 'std::size_t' {aka 'long unsigned int'} [-Wsign-compare]
[  770s]   551 |         if (i > hash.Size()) i = 1;
[  770s]       |             ~~^~~~~~~~~~~~~
[  770s] /home/abuild/rpmbuild/BUILD/netgen-6.2.2301/libsrc/general/hashtabl.cpp: In member function 'int netgen::BASE_INDEX_CLOSED_HASHTABLE::Position2(const netgen::INDEX&) const':
[  770s] /home/abuild/rpmbuild/BUILD/netgen-6.2.2301/libsrc/general/hashtabl.cpp:164:15: warning: comparison of integer expressions of different signedness: 'int' and 'std::size_t' {aka 'long unsigned int'} [-Wsign-compare]
[  770s]   164 |         if (i > hash.Size()) i = 1;
[  770s]       |             ~~^~~~~~~~~~~~~
[  770s] /home/abuild/rpmbuild/BUILD/netgen-6.2.2301/libsrc/general/hashtabl.cpp: In member function 'int netgen::BASE_INDEX_CLOSED_HASHTABLE::PositionCreate2(const netgen::INDEX&, int&)':
[  770s] /home/abuild/rpmbuild/BUILD/netgen-6.2.2301/libsrc/general/hashtabl.cpp:178:15: warning: comparison of integer expressions of different signedness: 'int' and 'std::size_t' {aka 'long unsigned int'} [-Wsign-compare]
[  770s]   178 |         if (i > hash.Size()) i = 1;
[  770s]       |             ~~^~~~~~~~~~~~~
[  770s] /home/abuild/rpmbuild/BUILD/netgen-6.2.2301/libsrc/general/hashtabl.cpp: In member function 'void netgen::BASE_INDEX_2_CLOSED_HASHTABLE::BaseSetSize(int)':
[  770s] /home/abuild/rpmbuild/BUILD/netgen-6.2.2301/libsrc/general/hashtabl.cpp:235:26: warning: comparison of integer expressions of different signedness: 'std::size_t' {aka 'long unsigned int'} and 'int' [-Wsign-compare]
[  770s]   235 |     for (size_t i = 0; i < size; i++)
[  770s]       |                        ~~^~~~~~
[  770s] /home/abuild/rpmbuild/BUILD/netgen-6.2.2301/libsrc/general/hashtabl.cpp: In member function 'int netgen::BASE_INDEX_2_CLOSED_HASHTABLE::Position2(const netgen::INDEX_2&) const':
[  770s] /home/abuild/rpmbuild/BUILD/netgen-6.2.2301/libsrc/general/hashtabl.cpp:247:15: warning: comparison of integer expressions of different signedness: 'int' and 'std::size_t' {aka 'long unsigned int'} [-Wsign-compare]
[  770s]   247 |         if (i > hash.Size()) i = 1;
[  770s]       |             ~~^~~~~~~~~~~~~
[  770s] In file included from /home/abuild/rpmbuild/BUILD/netgen-6.2.2301/libsrc/core/simd.hpp:12,
[  770s]                  from /home/abuild/rpmbuild/BUILD/netgen-6.2.2301/libsrc/core/ngcore.hpp:16:
[  770s] /home/abuild/rpmbuild/BUILD/netgen-6.2.2301/libsrc/core/simd_generic.hpp: In instantiation of 'ngcore::SIMD<double, N>::SIMD(const T ...) [with T = {ngcore::SIMD<double, 1>, ngcore::SIMD<double, 1>}; int N = 4]':
[  770s] /home/abuild/rpmbuild/BUILD/netgen-6.2.2301/libsrc/core/simd.hpp:56:42:   required from here
[  770s] /home/abuild/rpmbuild/BUILD/netgen-6.2.2301/libsrc/core/simd_generic.hpp:324:56: error: cannot convert 'const ngcore::SIMD<double, 1>' to 'double' in initialization
[  770s]   324 |     : lo(detail::array_range<N1>(std::array<double, N>{vals...}, 0)),
[  770s]       |                                                        ^~~~
[  770s]       |                                                        |
[  770s]       |                                                        const ngcore::SIMD<double, 1>
[  770s] /home/abuild/rpmbuild/BUILD/netgen-6.2.2301/libsrc/core/simd_generic.hpp:324:56: error: cannot convert 'const ngcore::SIMD<double, 1>' to 'double' in initialization
[  770s]   324 |     : lo(detail::array_range<N1>(std::array<double, N>{vals...}, 0)),
[  770s]       |                                                        ^~~~
[  770s]       |                                                        |
[  770s]       |                                                        const ngcore::SIMD<double, 1>
[  770s] /home/abuild/rpmbuild/BUILD/netgen-6.2.2301/libsrc/core/simd_generic.hpp:325:58: error: cannot convert 'const ngcore::SIMD<double, 1>' to 'double' in initialization
[  770s]   325 |       high(detail::array_range<N2>(std::array<double, N>{vals...}, N1))
[  770s]       |                                                          ^~~~
[  770s]       |                                                          |
[  770s]       |                                                          const ngcore::SIMD<double, 1>
[  770s] /home/abuild/rpmbuild/BUILD/netgen-6.2.2301/libsrc/core/simd_generic.hpp:325:58: error: cannot convert 'const ngcore::SIMD<double, 1>' to 'double' in initialization
[  770s]   325 |       high(detail::array_range<N2>(std::array<double, N>{vals...}, N1))
[  770s]       |                                                          ^~~~
[  770s]       |                                                          |
[  770s]       |                                                          const ngcore::SIMD<double, 1>
[  770s] /home/abuild/rpmbuild/BUILD/netgen-6.2.2301/libsrc/core/simd_generic.hpp:327:38: error: static assertion failed: wrong number of arguments
[  770s]   327 |         static_assert(sizeof...(vals)==N, "wrong number of arguments");
[  770s]       |                       ~~~~~~~~~~~~~~~^~~
[  770s] /home/abuild/rpmbuild/BUILD/netgen-6.2.2301/libsrc/core/simd_generic.hpp:327:38: note: the comparison reduces to '(2 == 4)'
[  770s] /home/abuild/rpmbuild/BUILD/netgen-6.2.2301/libsrc/core/simd_generic.hpp: In instantiation of 'ngcore::SIMD<double, N>::SIMD(const T ...) [with T = {ngcore::SIMD<double, 3>, ngcore::SIMD<double, 3>}; int N = 4]':
[  770s] /home/abuild/rpmbuild/BUILD/netgen-6.2.2301/libsrc/core/simd.hpp:58:42:   required from here
[  770s] /home/abuild/rpmbuild/BUILD/netgen-6.2.2301/libsrc/core/simd_generic.hpp:324:56: error: cannot convert 'const ngcore::SIMD<double, 3>' to 'double' in initialization
[  770s]   324 |     : lo(detail::array_range<N1>(std::array<double, N>{vals...}, 0)),
[  770s]       |                                                        ^~~~
[  770s]       |                                                        |
[  770s]       |                                                        const ngcore::SIMD<double, 3>
[  770s] /home/abuild/rpmbuild/BUILD/netgen-6.2.2301/libsrc/core/simd_generic.hpp:324:56: error: cannot convert 'const ngcore::SIMD<double, 3>' to 'double' in initialization
[  770s]   324 |     : lo(detail::array_range<N1>(std::array<double, N>{vals...}, 0)),
[  770s]       |                                                        ^~~~
[  770s]       |                                                        |
[  770s]       |                                                        const ngcore::SIMD<double, 3>
[  770s] /home/abuild/rpmbuild/BUILD/netgen-6.2.2301/libsrc/core/simd_generic.hpp:325:58: error: cannot convert 'const ngcore::SIMD<double, 3>' to 'double' in initialization
[  770s]   325 |       high(detail::array_range<N2>(std::array<double, N>{vals...}, N1))
[  770s]       |                                                          ^~~~
[  770s]       |                                                          |
[  770s]       |                                                          const ngcore::SIMD<double, 3>
[  770s] /home/abuild/rpmbuild/BUILD/netgen-6.2.2301/libsrc/core/simd_generic.hpp:325:58: error: cannot convert 'const ngcore::SIMD<double, 3>' to 'double' in initialization
[  770s]   325 |       high(detail::array_range<N2>(std::array<double, N>{vals...}, N1))
[  770s]       |                                                          ^~~~
[  770s]       |                                                          |
[  770s]       |                                                          const ngcore::SIMD<double, 3>
[  770s] /home/abuild/rpmbuild/BUILD/netgen-6.2.2301/libsrc/core/simd_generic.hpp:327:38: error: static assertion failed: wrong number of arguments
[  770s]   327 |         static_assert(sizeof...(vals)==N, "wrong number of arguments");
[  770s]       |                       ~~~~~~~~~~~~~~~^~~
[  770s] /home/abuild/rpmbuild/BUILD/netgen-6.2.2301/libsrc/core/simd_generic.hpp:327:38: note: the comparison reduces to '(2 == 4)'
[  770s] In file included from /home/abuild/rpmbuild/BUILD/netgen-6.2.2301/libsrc/include/../general/myadt.hpp:31:
[  770s] /home/abuild/rpmbuild/BUILD/netgen-6.2.2301/libsrc/include/../general/ngarray.hpp: In instantiation of 'TIND netgen::NgFlatArray<T, BASE, TIND>::Pos(const T&) const [with T = int; int BASE = 0; TIND = int]':
[  770s] /home/abuild/rpmbuild/BUILD/netgen-6.2.2301/libsrc/include/../general/ngarray.hpp:206:16:   required from 'bool netgen::NgFlatArray<T, BASE, TIND>::Contains(const T&) const [with T = int; int BASE = 0; TIND = int]'
[  770s] /home/abuild/rpmbuild/BUILD/netgen-6.2.2301/libsrc/include/../general/netgenout.hpp:108:35:   required from here
[  770s] /home/abuild/rpmbuild/BUILD/netgen-6.2.2301/libsrc/include/../general/ngarray.hpp:198:34: warning: comparison of integer expressions of different signedness: 'int' and 'const std::size_t' {aka 'const long unsigned int'} [-Wsign-compare]
[  770s]   198 |       for(TIND i=0; pos==-1 && i < this->size; i++)
[  770s]       |                                ~~^~~~~~~~~~~~
[  770s] make[2]: *** [CMakeFiles/nglib.dir/build.make:240: CMakeFiles/nglib.dir/libsrc/general/hashtabl.cpp.o] Error 1
[  770s] make[2]: Leaving directory '/home/abuild/rpmbuild/BUILD/netgen-6.2.2301/build'
[  770s] make[2]: Entering directory '/home/abuild/rpmbuild/BUILD/netgen-6.2.2301/build'
[  770s] [ 15%] Building CXX object CMakeFiles/nglib.dir/libsrc/general/dynamicmem.cpp.o
[  770s] /usr/bin/c++ -DFFMPEG -DHAVE_DLFCN_H -DHAVE_FREETYPE -DHAVE_OPENGL_EXT -DHAVE_RAPIDJSON -DHAVE_TK -DHAVE_XLIB -DJPEGLIB -DNETGEN_PYTHON -DNG_PYTHON -DOCCGEOMETRY -DOCC_CONVERT_SIGNALS -D__STDC_CONSTANT_MACROS -Dnglib_EXPORTS -I/home/abuild/rpmbuild/BUILD/netgen-6.2.2301/build -I/home/abuild/rpmbuild/BUILD/netgen-6.2.2301 -I/home/abuild/rpmbuild/BUILD/netgen-6.2.2301/include -I/home/abuild/rpmbuild/BUILD/netgen-6.2.2301/libsrc -I/home/abuild/rpmbuild/BUILD/netgen-6.2.2301/libsrc/include -I/usr/include/python3.10 -I/usr/include/ffmpeg -isystem /usr/include/opencascade -O2 -Wall -U_FORTIFY_SOURCE -D_FORTIFY_SOURCE=3 -fstack-protector-strong -funwind-tables -fasynchronous-unwind-tables -fstack-clash-protection -Werror=return-type -flto=auto -g -DPYBIND11_HAS_FILESYSTEM_IS_OPTIONAL=1 -O2 -g -DNDEBUG -fPIC -fvisibility=hidden -std=gnu++17 -MD -MT CMakeFiles/nglib.dir/libsrc/general/dynamicmem.cpp.o -MF CMakeFiles/nglib.dir/libsrc/general/dynamicmem.cpp.o.d -o CMakeFiles/nglib.dir/libsrc/general/dynamicmem.cpp.o -c /home/abuild/rpmbuild/BUILD/netgen-6.2.2301/libsrc/general/dynamicmem.cpp
[  770s] In file included from /home/abuild/rpmbuild/BUILD/netgen-6.2.2301/libsrc/core/logging.hpp:12,
[  770s]                  from /home/abuild/rpmbuild/BUILD/netgen-6.2.2301/libsrc/core/archive.hpp:28,
[  770s]                  from /home/abuild/rpmbuild/BUILD/netgen-6.2.2301/libsrc/core/ngcore.hpp:4,
[  770s]                  from /home/abuild/rpmbuild/BUILD/netgen-6.2.2301/libsrc/include/../general/../include/mydefs.hpp:14,
[  770s]                  from /home/abuild/rpmbuild/BUILD/netgen-6.2.2301/libsrc/include/../general/myadt.hpp:17,
[  770s]                  from /home/abuild/rpmbuild/BUILD/netgen-6.2.2301/libsrc/include/myadt.hpp:1,
[  770s]                  from /home/abuild/rpmbuild/BUILD/netgen-6.2.2301/libsrc/general/dynamicmem.cpp:1:
[  770s] /home/abuild/rpmbuild/BUILD/netgen-6.2.2301/libsrc/core/utils.hpp:81:2: warning: #warning "Unsupported CPU architecture" [-Wcpp]
[  770s]    81 | #warning "Unsupported CPU architecture"
[  770s]       |  ^~~~~~~
[  770s] In file included from /home/abuild/rpmbuild/BUILD/netgen-6.2.2301/libsrc/core/profiler.hpp:12,
[  770s]                  from /home/abuild/rpmbuild/BUILD/netgen-6.2.2301/libsrc/core/table.hpp:18,
[  770s]                  from /home/abuild/rpmbuild/BUILD/netgen-6.2.2301/libsrc/core/ngcore.hpp:9:
[  770s] /home/abuild/rpmbuild/BUILD/netgen-6.2.2301/libsrc/core/taskmanager.hpp: In member function 'void ngcore::SharedLoop2::SharedIterator::GetNext2()':
[  770s] /home/abuild/rpmbuild/BUILD/netgen-6.2.2301/libsrc/core/taskmanager.hpp:590:28: warning: comparison of integer expressions of different signedness: 'int' and 'size_t' {aka 'long unsigned int'} [-Wsign-compare]
[  770s]   590 |             if (steal_from == ranges.Size()) steal_from = 0;
[  770s]       |                 ~~~~~~~~~~~^~~~~~~~~~~~~~~~
[  770s] In file included from /home/abuild/rpmbuild/BUILD/netgen-6.2.2301/libsrc/include/../general/myadt.hpp:33:
[  770s] /home/abuild/rpmbuild/BUILD/netgen-6.2.2301/libsrc/include/../general/hashtabl.hpp: In member function 'int netgen::BASE_INDEX_CLOSED_HASHTABLE::Position(const netgen::INDEX&) const':
[  770s] /home/abuild/rpmbuild/BUILD/netgen-6.2.2301/libsrc/include/../general/hashtabl.hpp:538:15: warning: comparison of integer expressions of different signedness: 'int' and 'std::size_t' {aka 'long unsigned int'} [-Wsign-compare]
[  770s]   538 |         if (i > hash.Size()) i = 1;
[  770s]       |             ~~^~~~~~~~~~~~~
[  770s] /home/abuild/rpmbuild/BUILD/netgen-6.2.2301/libsrc/include/../general/hashtabl.hpp: In member function 'int netgen::BASE_INDEX_CLOSED_HASHTABLE::CalcPositionCosts(const netgen::INDEX&) const':
[  770s] /home/abuild/rpmbuild/BUILD/netgen-6.2.2301/libsrc/include/../general/hashtabl.hpp:551:15: warning: comparison of integer expressions of different signedness: 'int' and 'std::size_t' {aka 'long unsigned int'} [-Wsign-compare]
[  770s]   551 |         if (i > hash.Size()) i = 1;
[  770s]       |             ~~^~~~~~~~~~~~~
[  770s] In file included from /home/abuild/rpmbuild/BUILD/netgen-6.2.2301/libsrc/core/simd.hpp:12,
[  770s]                  from /home/abuild/rpmbuild/BUILD/netgen-6.2.2301/libsrc/core/ngcore.hpp:16:
[  770s] /home/abuild/rpmbuild/BUILD/netgen-6.2.2301/libsrc/core/simd_generic.hpp: In instantiation of 'ngcore::SIMD<double, N>::SIMD(const T ...) [with T = {ngcore::SIMD<double, 1>, ngcore::SIMD<double, 1>}; int N = 4]':
[  770s] /home/abuild/rpmbuild/BUILD/netgen-6.2.2301/libsrc/core/simd.hpp:56:42:   required from here
[  770s] /home/abuild/rpmbuild/BUILD/netgen-6.2.2301/libsrc/core/simd_generic.hpp:324:56: error: cannot convert 'const ngcore::SIMD<double, 1>' to 'double' in initialization
[  770s]   324 |     : lo(detail::array_range<N1>(std::array<double, N>{vals...}, 0)),
[  770s]       |                                                        ^~~~
[  770s]       |                                                        |
[  770s]       |                                                        const ngcore::SIMD<double, 1>
[  770s] /home/abuild/rpmbuild/BUILD/netgen-6.2.2301/libsrc/core/simd_generic.hpp:324:56: error: cannot convert 'const ngcore::SIMD<double, 1>' to 'double' in initialization
[  770s]   324 |     : lo(detail::array_range<N1>(std::array<double, N>{vals...}, 0)),
[  770s]       |                                                        ^~~~
[  770s]       |                                                        |
[  770s]       |                                                        const ngcore::SIMD<double, 1>
[  770s] /home/abuild/rpmbuild/BUILD/netgen-6.2.2301/libsrc/core/simd_generic.hpp:325:58: error: cannot convert 'const ngcore::SIMD<double, 1>' to 'double' in initialization
[  770s]   325 |       high(detail::array_range<N2>(std::array<double, N>{vals...}, N1))
[  770s]       |                                                          ^~~~
[  770s]       |                                                          |
[  770s]       |                                                          const ngcore::SIMD<double, 1>
[  770s] /home/abuild/rpmbuild/BUILD/netgen-6.2.2301/libsrc/core/simd_generic.hpp:325:58: error: cannot convert 'const ngcore::SIMD<double, 1>' to 'double' in initialization
[  770s]   325 |       high(detail::array_range<N2>(std::array<double, N>{vals...}, N1))
[  770s]       |                                                          ^~~~
[  770s]       |                                                          |
[  770s]       |                                                          const ngcore::SIMD<double, 1>
[  770s] /home/abuild/rpmbuild/BUILD/netgen-6.2.2301/libsrc/core/simd_generic.hpp:327:38: error: static assertion failed: wrong number of arguments
[  770s]   327 |         static_assert(sizeof...(vals)==N, "wrong number of arguments");
[  770s]       |                       ~~~~~~~~~~~~~~~^~~
[  770s] /home/abuild/rpmbuild/BUILD/netgen-6.2.2301/libsrc/core/simd_generic.hpp:327:38: note: the comparison reduces to '(2 == 4)'
[  770s] /home/abuild/rpmbuild/BUILD/netgen-6.2.2301/libsrc/core/simd_generic.hpp: In instantiation of 'ngcore::SIMD<double, N>::SIMD(const T ...) [with T = {ngcore::SIMD<double, 3>, ngcore::SIMD<double, 3>}; int N = 4]':
[  770s] /home/abuild/rpmbuild/BUILD/netgen-6.2.2301/libsrc/core/simd.hpp:58:42:   required from here
[  770s] /home/abuild/rpmbuild/BUILD/netgen-6.2.2301/libsrc/core/simd_generic.hpp:324:56: error: cannot convert 'const ngcore::SIMD<double, 3>' to 'double' in initialization
[  770s]   324 |     : lo(detail::array_range<N1>(std::array<double, N>{vals...}, 0)),
[  770s]       |                                                        ^~~~
[  770s]       |                                                        |
[  770s]       |                                                        const ngcore::SIMD<double, 3>
[  770s] /home/abuild/rpmbuild/BUILD/netgen-6.2.2301/libsrc/core/simd_generic.hpp:324:56: error: cannot convert 'const ngcore::SIMD<double, 3>' to 'double' in initialization
[  770s]   324 |     : lo(detail::array_range<N1>(std::array<double, N>{vals...}, 0)),
[  770s]       |                                                        ^~~~
[  770s]       |                                                        |
[  770s]       |                                                        const ngcore::SIMD<double, 3>
[  770s] /home/abuild/rpmbuild/BUILD/netgen-6.2.2301/libsrc/core/simd_generic.hpp:325:58: error: cannot convert 'const ngcore::SIMD<double, 3>' to 'double' in initialization
[  770s]   325 |       high(detail::array_range<N2>(std::array<double, N>{vals...}, N1))
[  770s]       |                                                          ^~~~
[  770s]       |                                                          |
[  770s]       |                                                          const ngcore::SIMD<double, 3>
[  770s] /home/abuild/rpmbuild/BUILD/netgen-6.2.2301/libsrc/core/simd_generic.hpp:325:58: error: cannot convert 'const ngcore::SIMD<double, 3>' to 'double' in initialization
[  770s]   325 |       high(detail::array_range<N2>(std::array<double, N>{vals...}, N1))
[  770s]       |                                                          ^~~~
[  770s]       |                                                          |
[  770s]       |                                                          const ngcore::SIMD<double, 3>
[  770s] /home/abuild/rpmbuild/BUILD/netgen-6.2.2301/libsrc/core/simd_generic.hpp:327:38: error: static assertion failed: wrong number of arguments
[  770s]   327 |         static_assert(sizeof...(vals)==N, "wrong number of arguments");
[  770s]       |                       ~~~~~~~~~~~~~~~^~~
[  770s] /home/abuild/rpmbuild/BUILD/netgen-6.2.2301/libsrc/core/simd_generic.hpp:327:38: note: the comparison reduces to '(2 == 4)'
[  770s] In file included from /home/abuild/rpmbuild/BUILD/netgen-6.2.2301/libsrc/include/../general/myadt.hpp:31:
[  770s] /home/abuild/rpmbuild/BUILD/netgen-6.2.2301/libsrc/include/../general/ngarray.hpp: In instantiation of 'TIND netgen::NgFlatArray<T, BASE, TIND>::Pos(const T&) const [with T = int; int BASE = 0; TIND = int]':
[  770s] /home/abuild/rpmbuild/BUILD/netgen-6.2.2301/libsrc/include/../general/ngarray.hpp:206:16:   required from 'bool netgen::NgFlatArray<T, BASE, TIND>::Contains(const T&) const [with T = int; int BASE = 0; TIND = int]'
[  770s] /home/abuild/rpmbuild/BUILD/netgen-6.2.2301/libsrc/include/../general/netgenout.hpp:108:35:   required from here
[  770s] /home/abuild/rpmbuild/BUILD/netgen-6.2.2301/libsrc/include/../general/ngarray.hpp:198:34: warning: comparison of integer expressions of different signedness: 'int' and 'const std::size_t' {aka 'const long unsigned int'} [-Wsign-compare]
[  770s]   198 |       for(TIND i=0; pos==-1 && i < this->size; i++)
[  770s]       |                                ~~^~~~~~~~~~~~
[  770s] make[2]: *** [CMakeFiles/nglib.dir/build.make:212: CMakeFiles/nglib.dir/libsrc/general/dynamicmem.cpp.o] Error 1
[  770s] make[2]: Leaving directory '/home/abuild/rpmbuild/BUILD/netgen-6.2.2301/build'
[  770s] make[2]: Entering directory '/home/abuild/rpmbuild/BUILD/netgen-6.2.2301/build'
[  770s] [ 16%] Building CXX object CMakeFiles/nglib.dir/libsrc/general/gzstream.cpp.o
[  770s] /usr/bin/c++ -DFFMPEG -DHAVE_DLFCN_H -DHAVE_FREETYPE -DHAVE_OPENGL_EXT -DHAVE_RAPIDJSON -DHAVE_TK -DHAVE_XLIB -DJPEGLIB -DNETGEN_PYTHON -DNG_PYTHON -DOCCGEOMETRY -DOCC_CONVERT_SIGNALS -D__STDC_CONSTANT_MACROS -Dnglib_EXPORTS -I/home/abuild/rpmbuild/BUILD/netgen-6.2.2301/build -I/home/abuild/rpmbuild/BUILD/netgen-6.2.2301 -I/home/abuild/rpmbuild/BUILD/netgen-6.2.2301/include -I/home/abuild/rpmbuild/BUILD/netgen-6.2.2301/libsrc -I/home/abuild/rpmbuild/BUILD/netgen-6.2.2301/libsrc/include -I/usr/include/python3.10 -I/usr/include/ffmpeg -isystem /usr/include/opencascade -O2 -Wall -U_FORTIFY_SOURCE -D_FORTIFY_SOURCE=3 -fstack-protector-strong -funwind-tables -fasynchronous-unwind-tables -fstack-clash-protection -Werror=return-type -flto=auto -g -DPYBIND11_HAS_FILESYSTEM_IS_OPTIONAL=1 -O2 -g -DNDEBUG -fPIC -fvisibility=hidden -std=gnu++17 -MD -MT CMakeFiles/nglib.dir/libsrc/general/gzstream.cpp.o -MF CMakeFiles/nglib.dir/libsrc/general/gzstream.cpp.o.d -o CMakeFiles/nglib.dir/libsrc/general/gzstream.cpp.o -c /home/abuild/rpmbuild/BUILD/netgen-6.2.2301/libsrc/general/gzstream.cpp
[  770s] In file included from /home/abuild/rpmbuild/BUILD/netgen-6.2.2301/libsrc/core/logging.hpp:12,
[  770s]                  from /home/abuild/rpmbuild/BUILD/netgen-6.2.2301/libsrc/core/archive.hpp:28,
[  770s]                  from /home/abuild/rpmbuild/BUILD/netgen-6.2.2301/libsrc/core/ngcore.hpp:4,
[  770s]                  from /home/abuild/rpmbuild/BUILD/netgen-6.2.2301/libsrc/include/../general/../include/mydefs.hpp:14,
[  770s]                  from /home/abuild/rpmbuild/BUILD/netgen-6.2.2301/libsrc/include/../general/myadt.hpp:17,
[  770s]                  from /home/abuild/rpmbuild/BUILD/netgen-6.2.2301/libsrc/include/myadt.hpp:1,
[  770s]                  from /home/abuild/rpmbuild/BUILD/netgen-6.2.2301/libsrc/general/gzstream.cpp:30:
[  770s] /home/abuild/rpmbuild/BUILD/netgen-6.2.2301/libsrc/core/utils.hpp:81:2: warning: #warning "Unsupported CPU architecture" [-Wcpp]
[  770s]    81 | #warning "Unsupported CPU architecture"
[  770s]       |  ^~~~~~~
[  770s] In file included from /home/abuild/rpmbuild/BUILD/netgen-6.2.2301/libsrc/core/profiler.hpp:12,
[  770s]                  from /home/abuild/rpmbuild/BUILD/netgen-6.2.2301/libsrc/core/table.hpp:18,
[  770s]                  from /home/abuild/rpmbuild/BUILD/netgen-6.2.2301/libsrc/core/ngcore.hpp:9:
[  770s] /home/abuild/rpmbuild/BUILD/netgen-6.2.2301/libsrc/core/taskmanager.hpp: In member function 'void ngcore::SharedLoop2::SharedIterator::GetNext2()':
[  770s] /home/abuild/rpmbuild/BUILD/netgen-6.2.2301/libsrc/core/taskmanager.hpp:590:28: warning: comparison of integer expressions of different signedness: 'int' and 'size_t' {aka 'long unsigned int'} [-Wsign-compare]
[  770s]   590 |             if (steal_from == ranges.Size()) steal_from = 0;
[  770s]       |                 ~~~~~~~~~~~^~~~~~~~~~~~~~~~
[  770s] In file included from /home/abuild/rpmbuild/BUILD/netgen-6.2.2301/libsrc/include/../general/myadt.hpp:33:
[  770s] /home/abuild/rpmbuild/BUILD/netgen-6.2.2301/libsrc/include/../general/hashtabl.hpp: In member function 'int netgen::BASE_INDEX_CLOSED_HASHTABLE::Position(const netgen::INDEX&) const':
[  770s] /home/abuild/rpmbuild/BUILD/netgen-6.2.2301/libsrc/include/../general/hashtabl.hpp:538:15: warning: comparison of integer expressions of different signedness: 'int' and 'std::size_t' {aka 'long unsigned int'} [-Wsign-compare]
[  770s]   538 |         if (i > hash.Size()) i = 1;
[  770s]       |             ~~^~~~~~~~~~~~~
[  770s] /home/abuild/rpmbuild/BUILD/netgen-6.2.2301/libsrc/include/../general/hashtabl.hpp: In member function 'int netgen::BASE_INDEX_CLOSED_HASHTABLE::CalcPositionCosts(const netgen::INDEX&) const':
[  770s] /home/abuild/rpmbuild/BUILD/netgen-6.2.2301/libsrc/include/../general/hashtabl.hpp:551:15: warning: comparison of integer expressions of different signedness: 'int' and 'std::size_t' {aka 'long unsigned int'} [-Wsign-compare]
[  770s]   551 |         if (i > hash.Size()) i = 1;
[  770s]       |             ~~^~~~~~~~~~~~~
[  770s] In file included from /home/abuild/rpmbuild/BUILD/netgen-6.2.2301/libsrc/core/simd.hpp:12,
[  770s]                  from /home/abuild/rpmbuild/BUILD/netgen-6.2.2301/libsrc/core/ngcore.hpp:16:
[  770s] /home/abuild/rpmbuild/BUILD/netgen-6.2.2301/libsrc/core/simd_generic.hpp: In instantiation of 'ngcore::SIMD<double, N>::SIMD(const T ...) [with T = {ngcore::SIMD<double, 1>, ngcore::SIMD<double, 1>}; int N = 4]':
[  770s] /home/abuild/rpmbuild/BUILD/netgen-6.2.2301/libsrc/core/simd.hpp:56:42:   required from here
[  770s] /home/abuild/rpmbuild/BUILD/netgen-6.2.2301/libsrc/core/simd_generic.hpp:324:56: error: cannot convert 'const ngcore::SIMD<double, 1>' to 'double' in initialization
[  770s]   324 |     : lo(detail::array_range<N1>(std::array<double, N>{vals...}, 0)),
[  770s]       |                                                        ^~~~
[  770s]       |                                                        |
[  770s]       |                                                        const ngcore::SIMD<double, 1>
[  770s] /home/abuild/rpmbuild/BUILD/netgen-6.2.2301/libsrc/core/simd_generic.hpp:324:56: error: cannot convert 'const ngcore::SIMD<double, 1>' to 'double' in initialization
[  770s]   324 |     : lo(detail::array_range<N1>(std::array<double, N>{vals...}, 0)),
[  770s]       |                                                        ^~~~
[  770s]       |                                                        |
[  770s]       |                                                        const ngcore::SIMD<double, 1>
[  770s] /home/abuild/rpmbuild/BUILD/netgen-6.2.2301/libsrc/core/simd_generic.hpp:325:58: error: cannot convert 'const ngcore::SIMD<double, 1>' to 'double' in initialization
[  770s]   325 |       high(detail::array_range<N2>(std::array<double, N>{vals...}, N1))
[  770s]       |                                                          ^~~~
[  770s]       |                                                          |
[  770s]       |                                                          const ngcore::SIMD<double, 1>
[  770s] /home/abuild/rpmbuild/BUILD/netgen-6.2.2301/libsrc/core/simd_generic.hpp:325:58: error: cannot convert 'const ngcore::SIMD<double, 1>' to 'double' in initialization
[  770s]   325 |       high(detail::array_range<N2>(std::array<double, N>{vals...}, N1))
[  770s]       |                                                          ^~~~
[  770s]       |                                                          |
[  770s]       |                                                          const ngcore::SIMD<double, 1>
[  770s] /home/abuild/rpmbuild/BUILD/netgen-6.2.2301/libsrc/core/simd_generic.hpp:327:38: error: static assertion failed: wrong number of arguments
[  770s]   327 |         static_assert(sizeof...(vals)==N, "wrong number of arguments");
[  770s]       |                       ~~~~~~~~~~~~~~~^~~
[  770s] /home/abuild/rpmbuild/BUILD/netgen-6.2.2301/libsrc/core/simd_generic.hpp:327:38: note: the comparison reduces to '(2 == 4)'
[  770s] /home/abuild/rpmbuild/BUILD/netgen-6.2.2301/libsrc/core/simd_generic.hpp: In instantiation of 'ngcore::SIMD<double, N>::SIMD(const T ...) [with T = {ngcore::SIMD<double, 3>, ngcore::SIMD<double, 3>}; int N = 4]':
[  770s] /home/abuild/rpmbuild/BUILD/netgen-6.2.2301/libsrc/core/simd.hpp:58:42:   required from here
[  770s] /home/abuild/rpmbuild/BUILD/netgen-6.2.2301/libsrc/core/simd_generic.hpp:324:56: error: cannot convert 'const ngcore::SIMD<double, 3>' to 'double' in initialization
[  770s]   324 |     : lo(detail::array_range<N1>(std::array<double, N>{vals...}, 0)),
[  770s]       |                                                        ^~~~
[  770s]       |                                                        |
[  770s]       |                                                        const ngcore::SIMD<double, 3>
[  770s] /home/abuild/rpmbuild/BUILD/netgen-6.2.2301/libsrc/core/simd_generic.hpp:324:56: error: cannot convert 'const ngcore::SIMD<double, 3>' to 'double' in initialization
[  770s]   324 |     : lo(detail::array_range<N1>(std::array<double, N>{vals...}, 0)),
[  770s]       |                                                        ^~~~
[  770s]       |                                                        |
[  770s]       |                                                        const ngcore::SIMD<double, 3>
[  770s] /home/abuild/rpmbuild/BUILD/netgen-6.2.2301/libsrc/core/simd_generic.hpp:325:58: error: cannot convert 'const ngcore::SIMD<double, 3>' to 'double' in initialization
[  770s]   325 |       high(detail::array_range<N2>(std::array<double, N>{vals...}, N1))
[  770s]       |                                                          ^~~~
[  770s]       |                                                          |
[  770s]       |                                                          const ngcore::SIMD<double, 3>
[  770s] /home/abuild/rpmbuild/BUILD/netgen-6.2.2301/libsrc/core/simd_generic.hpp:325:58: error: cannot convert 'const ngcore::SIMD<double, 3>' to 'double' in initialization
[  770s]   325 |       high(detail::array_range<N2>(std::array<double, N>{vals...}, N1))
[  770s]       |                                                          ^~~~
[  770s]       |                                                          |
[  770s]       |                                                          const ngcore::SIMD<double, 3>
[  770s] /home/abuild/rpmbuild/BUILD/netgen-6.2.2301/libsrc/core/simd_generic.hpp:327:38: error: static assertion failed: wrong number of arguments
[  770s]   327 |         static_assert(sizeof...(vals)==N, "wrong number of arguments");
[  770s]       |                       ~~~~~~~~~~~~~~~^~~
[  770s] /home/abuild/rpmbuild/BUILD/netgen-6.2.2301/libsrc/core/simd_generic.hpp:327:38: note: the comparison reduces to '(2 == 4)'
[  770s] In file included from /home/abuild/rpmbuild/BUILD/netgen-6.2.2301/libsrc/include/../general/myadt.hpp:31:
[  770s] /home/abuild/rpmbuild/BUILD/netgen-6.2.2301/libsrc/include/../general/ngarray.hpp: In instantiation of 'TIND netgen::NgFlatArray<T, BASE, TIND>::Pos(const T&) const [with T = int; int BASE = 0; TIND = int]':
[  770s] /home/abuild/rpmbuild/BUILD/netgen-6.2.2301/libsrc/include/../general/ngarray.hpp:206:16:   required from 'bool netgen::NgFlatArray<T, BASE, TIND>::Contains(const T&) const [with T = int; int BASE = 0; TIND = int]'
[  770s] /home/abuild/rpmbuild/BUILD/netgen-6.2.2301/libsrc/include/../general/netgenout.hpp:108:35:   required from here
[  770s] /home/abuild/rpmbuild/BUILD/netgen-6.2.2301/libsrc/include/../general/ngarray.hpp:198:34: warning: comparison of integer expressions of different signedness: 'int' and 'const std::size_t' {aka 'const long unsigned int'} [-Wsign-compare]
[  770s]   198 |       for(TIND i=0; pos==-1 && i < this->size; i++)
[  770s]       |                                ~~^~~~~~~~~~~~
[  770s] make[2]: *** [CMakeFiles/nglib.dir/build.make:226: CMakeFiles/nglib.dir/libsrc/general/gzstream.cpp.o] Error 1
[  770s] make[2]: Leaving directory '/home/abuild/rpmbuild/BUILD/netgen-6.2.2301/build'
[  771s] make[2]: Entering directory '/home/abuild/rpmbuild/BUILD/netgen-6.2.2301/build'
[  771s] [ 16%] Building CXX object CMakeFiles/nglib.dir/libsrc/general/mystring.cpp.o
[  771s] /usr/bin/c++ -DFFMPEG -DHAVE_DLFCN_H -DHAVE_FREETYPE -DHAVE_OPENGL_EXT -DHAVE_RAPIDJSON -DHAVE_TK -DHAVE_XLIB -DJPEGLIB -DNETGEN_PYTHON -DNG_PYTHON -DOCCGEOMETRY -DOCC_CONVERT_SIGNALS -D__STDC_CONSTANT_MACROS -Dnglib_EXPORTS -I/home/abuild/rpmbuild/BUILD/netgen-6.2.2301/build -I/home/abuild/rpmbuild/BUILD/netgen-6.2.2301 -I/home/abuild/rpmbuild/BUILD/netgen-6.2.2301/include -I/home/abuild/rpmbuild/BUILD/netgen-6.2.2301/libsrc -I/home/abuild/rpmbuild/BUILD/netgen-6.2.2301/libsrc/include -I/usr/include/python3.10 -I/usr/include/ffmpeg -isystem /usr/include/opencascade -O2 -Wall -U_FORTIFY_SOURCE -D_FORTIFY_SOURCE=3 -fstack-protector-strong -funwind-tables -fasynchronous-unwind-tables -fstack-clash-protection -Werror=return-type -flto=auto -g -DPYBIND11_HAS_FILESYSTEM_IS_OPTIONAL=1 -O2 -g -DNDEBUG -fPIC -fvisibility=hidden -std=gnu++17 -MD -MT CMakeFiles/nglib.dir/libsrc/general/mystring.cpp.o -MF CMakeFiles/nglib.dir/libsrc/general/mystring.cpp.o.d -o CMakeFiles/nglib.dir/libsrc/general/mystring.cpp.o -c /home/abuild/rpmbuild/BUILD/netgen-6.2.2301/libsrc/general/mystring.cpp
[  771s] In file included from /home/abuild/rpmbuild/BUILD/netgen-6.2.2301/libsrc/core/logging.hpp:12,
[  771s]                  from /home/abuild/rpmbuild/BUILD/netgen-6.2.2301/libsrc/core/archive.hpp:28,
[  771s]                  from /home/abuild/rpmbuild/BUILD/netgen-6.2.2301/libsrc/core/ngcore.hpp:4,
[  771s]                  from /home/abuild/rpmbuild/BUILD/netgen-6.2.2301/libsrc/include/../general/../include/mydefs.hpp:14,
[  771s]                  from /home/abuild/rpmbuild/BUILD/netgen-6.2.2301/libsrc/include/../general/myadt.hpp:17,
[  771s]                  from /home/abuild/rpmbuild/BUILD/netgen-6.2.2301/libsrc/include/myadt.hpp:1,
[  771s]                  from /home/abuild/rpmbuild/BUILD/netgen-6.2.2301/libsrc/general/mystring.cpp:19:
[  771s] /home/abuild/rpmbuild/BUILD/netgen-6.2.2301/libsrc/core/utils.hpp:81:2: warning: #warning "Unsupported CPU architecture" [-Wcpp]
[  771s]    81 | #warning "Unsupported CPU architecture"
[  771s]       |  ^~~~~~~
[  771s] In file included from /home/abuild/rpmbuild/BUILD/netgen-6.2.2301/libsrc/core/profiler.hpp:12,
[  771s]                  from /home/abuild/rpmbuild/BUILD/netgen-6.2.2301/libsrc/core/table.hpp:18,
[  771s]                  from /home/abuild/rpmbuild/BUILD/netgen-6.2.2301/libsrc/core/ngcore.hpp:9:
[  771s] /home/abuild/rpmbuild/BUILD/netgen-6.2.2301/libsrc/core/taskmanager.hpp: In member function 'void ngcore::SharedLoop2::SharedIterator::GetNext2()':
[  771s] /home/abuild/rpmbuild/BUILD/netgen-6.2.2301/libsrc/core/taskmanager.hpp:590:28: warning: comparison of integer expressions of different signedness: 'int' and 'size_t' {aka 'long unsigned int'} [-Wsign-compare]
[  771s]   590 |             if (steal_from == ranges.Size()) steal_from = 0;
[  771s]       |                 ~~~~~~~~~~~^~~~~~~~~~~~~~~~
[  771s] In file included from /home/abuild/rpmbuild/BUILD/netgen-6.2.2301/libsrc/include/../general/myadt.hpp:33:
[  771s] /home/abuild/rpmbuild/BUILD/netgen-6.2.2301/libsrc/include/../general/hashtabl.hpp: In member function 'int netgen::BASE_INDEX_CLOSED_HASHTABLE::Position(const netgen::INDEX&) const':
[  771s] /home/abuild/rpmbuild/BUILD/netgen-6.2.2301/libsrc/include/../general/hashtabl.hpp:538:15: warning: comparison of integer expressions of different signedness: 'int' and 'std::size_t' {aka 'long unsigned int'} [-Wsign-compare]
[  771s]   538 |         if (i > hash.Size()) i = 1;
[  771s]       |             ~~^~~~~~~~~~~~~
[  771s] /home/abuild/rpmbuild/BUILD/netgen-6.2.2301/libsrc/include/../general/hashtabl.hpp: In member function 'int netgen::BASE_INDEX_CLOSED_HASHTABLE::CalcPositionCosts(const netgen::INDEX&) const':
[  771s] /home/abuild/rpmbuild/BUILD/netgen-6.2.2301/libsrc/include/../general/hashtabl.hpp:551:15: warning: comparison of integer expressions of different signedness: 'int' and 'std::size_t' {aka 'long unsigned int'} [-Wsign-compare]
[  771s]   551 |         if (i > hash.Size()) i = 1;
[  771s]       |             ~~^~~~~~~~~~~~~
[  771s] In file included from /home/abuild/rpmbuild/BUILD/netgen-6.2.2301/libsrc/core/simd.hpp:12,
[  771s]                  from /home/abuild/rpmbuild/BUILD/netgen-6.2.2301/libsrc/core/ngcore.hpp:16:
[  771s] /home/abuild/rpmbuild/BUILD/netgen-6.2.2301/libsrc/core/simd_generic.hpp: In instantiation of 'ngcore::SIMD<double, N>::SIMD(const T ...) [with T = {ngcore::SIMD<double, 1>, ngcore::SIMD<double, 1>}; int N = 4]':
[  771s] /home/abuild/rpmbuild/BUILD/netgen-6.2.2301/libsrc/core/simd.hpp:56:42:   required from here
[  771s] /home/abuild/rpmbuild/BUILD/netgen-6.2.2301/libsrc/core/simd_generic.hpp:324:56: error: cannot convert 'const ngcore::SIMD<double, 1>' to 'double' in initialization
[  771s]   324 |     : lo(detail::array_range<N1>(std::array<double, N>{vals...}, 0)),
[  771s]       |                                                        ^~~~
[  771s]       |                                                        |
[  771s]       |                                                        const ngcore::SIMD<double, 1>
[  771s] /home/abuild/rpmbuild/BUILD/netgen-6.2.2301/libsrc/core/simd_generic.hpp:324:56: error: cannot convert 'const ngcore::SIMD<double, 1>' to 'double' in initialization
[  771s]   324 |     : lo(detail::array_range<N1>(std::array<double, N>{vals...}, 0)),
[  771s]       |                                                        ^~~~
[  771s]       |                                                        |
[  771s]       |                                                        const ngcore::SIMD<double, 1>
[  771s] /home/abuild/rpmbuild/BUILD/netgen-6.2.2301/libsrc/core/simd_generic.hpp:325:58: error: cannot convert 'const ngcore::SIMD<double, 1>' to 'double' in initialization
[  771s]   325 |       high(detail::array_range<N2>(std::array<double, N>{vals...}, N1))
[  771s]       |                                                          ^~~~
[  771s]       |                                                          |
[  771s]       |                                                          const ngcore::SIMD<double, 1>
[  771s] /home/abuild/rpmbuild/BUILD/netgen-6.2.2301/libsrc/core/simd_generic.hpp:325:58: error: cannot convert 'const ngcore::SIMD<double, 1>' to 'double' in initialization
[  771s]   325 |       high(detail::array_range<N2>(std::array<double, N>{vals...}, N1))
[  771s]       |                                                          ^~~~
[  771s]       |                                                          |
[  771s]       |                                                          const ngcore::SIMD<double, 1>
[  771s] /home/abuild/rpmbuild/BUILD/netgen-6.2.2301/libsrc/core/simd_generic.hpp:327:38: error: static assertion failed: wrong number of arguments
[  771s]   327 |         static_assert(sizeof...(vals)==N, "wrong number of arguments");
[  771s]       |                       ~~~~~~~~~~~~~~~^~~
[  771s] /home/abuild/rpmbuild/BUILD/netgen-6.2.2301/libsrc/core/simd_generic.hpp:327:38: note: the comparison reduces to '(2 == 4)'
[  771s] /home/abuild/rpmbuild/BUILD/netgen-6.2.2301/libsrc/core/simd_generic.hpp: In instantiation of 'ngcore::SIMD<double, N>::SIMD(const T ...) [with T = {ngcore::SIMD<double, 3>, ngcore::SIMD<double, 3>}; int N = 4]':
[  771s] /home/abuild/rpmbuild/BUILD/netgen-6.2.2301/libsrc/core/simd.hpp:58:42:   required from here
[  771s] /home/abuild/rpmbuild/BUILD/netgen-6.2.2301/libsrc/core/simd_generic.hpp:324:56: error: cannot convert 'const ngcore::SIMD<double, 3>' to 'double' in initialization
[  771s]   324 |     : lo(detail::array_range<N1>(std::array<double, N>{vals...}, 0)),
[  771s]       |                                                        ^~~~
[  771s]       |                                                        |
[  771s]       |                                                        const ngcore::SIMD<double, 3>
[  771s] /home/abuild/rpmbuild/BUILD/netgen-6.2.2301/libsrc/core/simd_generic.hpp:324:56: error: cannot convert 'const ngcore::SIMD<double, 3>' to 'double' in initialization
[  771s]   324 |     : lo(detail::array_range<N1>(std::array<double, N>{vals...}, 0)),
[  771s]       |                                                        ^~~~
[  771s]       |                                                        |
[  771s]       |                                                        const ngcore::SIMD<double, 3>
[  771s] /home/abuild/rpmbuild/BUILD/netgen-6.2.2301/libsrc/core/simd_generic.hpp:325:58: error: cannot convert 'const ngcore::SIMD<double, 3>' to 'double' in initialization
[  771s]   325 |       high(detail::array_range<N2>(std::array<double, N>{vals...}, N1))
[  771s]       |                                                          ^~~~
[  771s]       |                                                          |
[  771s]       |                                                          const ngcore::SIMD<double, 3>
[  771s] /home/abuild/rpmbuild/BUILD/netgen-6.2.2301/libsrc/core/simd_generic.hpp:325:58: error: cannot convert 'const ngcore::SIMD<double, 3>' to 'double' in initialization
[  771s]   325 |       high(detail::array_range<N2>(std::array<double, N>{vals...}, N1))
[  771s]       |                                                          ^~~~
[  771s]       |                                                          |
[  771s]       |                                                          const ngcore::SIMD<double, 3>
[  771s] /home/abuild/rpmbuild/BUILD/netgen-6.2.2301/libsrc/core/simd_generic.hpp:327:38: error: static assertion failed: wrong number of arguments
[  771s]   327 |         static_assert(sizeof...(vals)==N, "wrong number of arguments");
[  771s]       |                       ~~~~~~~~~~~~~~~^~~
[  771s] /home/abuild/rpmbuild/BUILD/netgen-6.2.2301/libsrc/core/simd_generic.hpp:327:38: note: the comparison reduces to '(2 == 4)'
[  771s] In file included from /home/abuild/rpmbuild/BUILD/netgen-6.2.2301/libsrc/include/../general/myadt.hpp:31:
[  771s] /home/abuild/rpmbuild/BUILD/netgen-6.2.2301/libsrc/include/../general/ngarray.hpp: In instantiation of 'TIND netgen::NgFlatArray<T, BASE, TIND>::Pos(const T&) const [with T = int; int BASE = 0; TIND = int]':
[  771s] /home/abuild/rpmbuild/BUILD/netgen-6.2.2301/libsrc/include/../general/ngarray.hpp:206:16:   required from 'bool netgen::NgFlatArray<T, BASE, TIND>::Contains(const T&) const [with T = int; int BASE = 0; TIND = int]'
[  771s] /home/abuild/rpmbuild/BUILD/netgen-6.2.2301/libsrc/include/../general/netgenout.hpp:108:35:   required from here
[  771s] /home/abuild/rpmbuild/BUILD/netgen-6.2.2301/libsrc/include/../general/ngarray.hpp:198:34: warning: comparison of integer expressions of different signedness: 'int' and 'const std::size_t' {aka 'const long unsigned int'} [-Wsign-compare]
[  771s]   198 |       for(TIND i=0; pos==-1 && i < this->size; i++)
[  771s]       |                                ~~^~~~~~~~~~~~
[  771s] make[2]: *** [CMakeFiles/nglib.dir/build.make:254: CMakeFiles/nglib.dir/libsrc/general/mystring.cpp.o] Error 1
[  771s] make[2]: Leaving directory '/home/abuild/rpmbuild/BUILD/netgen-6.2.2301/build'
[  771s] make[1]: *** [CMakeFiles/Makefile2:565: CMakeFiles/nglib.dir/all] Error 2
[  771s] make[1]: *** Waiting for unfinished jobs....
[ 1088s] make[2]: Entering directory '/home/abuild/rpmbuild/BUILD/netgen-6.2.2301/build'
[ 1088s] [ 12%] Building CXX object libsrc/core/CMakeFiles/pyngcore.dir/python_ngcore_export.cpp.o
[ 1088s] cd /home/abuild/rpmbuild/BUILD/netgen-6.2.2301/build/libsrc/core && /usr/bin/c++ -DFFMPEG -DHAVE_DLFCN_H -DHAVE_FREETYPE -DHAVE_OPENGL_EXT -DHAVE_RAPIDJSON -DHAVE_TK -DHAVE_XLIB -DJPEGLIB -DNETGEN_PYTHON -DNG_PYTHON -DOCCGEOMETRY -DOCC_CONVERT_SIGNALS -D__STDC_CONSTANT_MACROS -Dpyngcore_EXPORTS -I/home/abuild/rpmbuild/BUILD/netgen-6.2.2301/build/libsrc/core -I/home/abuild/rpmbuild/BUILD/netgen-6.2.2301/libsrc/core -I/home/abuild/rpmbuild/BUILD/netgen-6.2.2301/build -I/home/abuild/rpmbuild/BUILD/netgen-6.2.2301/include -I/home/abuild/rpmbuild/BUILD/netgen-6.2.2301/libsrc -I/home/abuild/rpmbuild/BUILD/netgen-6.2.2301/libsrc/include -I/usr/include/opencascade -I/usr/include/ffmpeg -isystem /usr/include/python3.10 -O2 -Wall -U_FORTIFY_SOURCE -D_FORTIFY_SOURCE=3 -fstack-protector-strong -funwind-tables -fasynchronous-unwind-tables -fstack-clash-protection -Werror=return-type -flto=auto -g -DPYBIND11_HAS_FILESYSTEM_IS_OPTIONAL=1 -O2 -g -DNDEBUG -fPIC -fvisibility=hidden -std=gnu++17 -MD -MT libsrc/core/CMakeFiles/pyngcore.dir/python_ngcore_export.cpp.o -MF CMakeFiles/pyngcore.dir/python_ngcore_export.cpp.o.d -o CMakeFiles/pyngcore.dir/python_ngcore_export.cpp.o -c /home/abuild/rpmbuild/BUILD/netgen-6.2.2301/libsrc/core/python_ngcore_export.cpp
[ 1088s] In file included from /home/abuild/rpmbuild/BUILD/netgen-6.2.2301/libsrc/core/logging.hpp:12,
[ 1088s]                  from /home/abuild/rpmbuild/BUILD/netgen-6.2.2301/libsrc/core/archive.hpp:28,
[ 1088s]                  from /home/abuild/rpmbuild/BUILD/netgen-6.2.2301/libsrc/core/array.hpp:11,
[ 1088s]                  from /home/abuild/rpmbuild/BUILD/netgen-6.2.2301/libsrc/core/python_ngcore.hpp:11,
[ 1088s]                  from /home/abuild/rpmbuild/BUILD/netgen-6.2.2301/libsrc/core/python_ngcore_export.cpp:1:
[ 1088s] /home/abuild/rpmbuild/BUILD/netgen-6.2.2301/libsrc/core/utils.hpp:81:2: warning: #warning "Unsupported CPU architecture" [-Wcpp]
[ 1088s]    81 | #warning "Unsupported CPU architecture"
[ 1088s]       |  ^~~~~~~
[ 1088s] In file included from /home/abuild/rpmbuild/BUILD/netgen-6.2.2301/libsrc/core/profiler.hpp:12,
[ 1088s]                  from /home/abuild/rpmbuild/BUILD/netgen-6.2.2301/libsrc/core/table.hpp:18,
[ 1088s]                  from /home/abuild/rpmbuild/BUILD/netgen-6.2.2301/libsrc/core/python_ngcore.hpp:12:
[ 1088s] /home/abuild/rpmbuild/BUILD/netgen-6.2.2301/libsrc/core/taskmanager.hpp: In member function 'void ngcore::SharedLoop2::SharedIterator::GetNext2()':
[ 1088s] /home/abuild/rpmbuild/BUILD/netgen-6.2.2301/libsrc/core/taskmanager.hpp:590:28: warning: comparison of integer expressions of different signedness: 'int' and 'size_t' {aka 'long unsigned int'} [-Wsign-compare]
[ 1088s]   590 |             if (steal_from == ranges.Size()) steal_from = 0;
[ 1088s]       |                 ~~~~~~~~~~~^~~~~~~~~~~~~~~~
[ 1088s] /home/abuild/rpmbuild/BUILD/netgen-6.2.2301/libsrc/core/python_ngcore_export.cpp: In lambda function:
[ 1088s] /home/abuild/rpmbuild/BUILD/netgen-6.2.2301/libsrc/core/python_ngcore_export.cpp:46:59: warning: comparison of integer expressions of different signedness: 'int' and 'size_t' {aka 'long unsigned int'} [-Wsign-compare]
[ 1088s]    46 |                                            if (i < 0 || i >= self.Size())
[ 1088s]       |                                                         ~~^~~~~~~~~~~~~~
[ 1088s] /home/abuild/rpmbuild/BUILD/netgen-6.2.2301/libsrc/core/python_ngcore_export.cpp: In lambda function:
[ 1088s] /home/abuild/rpmbuild/BUILD/netgen-6.2.2301/libsrc/core/python_ngcore_export.cpp:53:59: warning: comparison of integer expressions of different signedness: 'int' and 'size_t' {aka 'long unsigned int'} [-Wsign-compare]
[ 1088s]    53 |                                            if (i < 0 || i >= self.Size())
[ 1088s]       |                                                         ~~^~~~~~~~~~~~~~
[ 1088s] make[2]: Leaving directory '/home/abuild/rpmbuild/BUILD/netgen-6.2.2301/build'
[ 1173s] make[2]: Entering directory '/home/abuild/rpmbuild/BUILD/netgen-6.2.2301/build'
[ 1173s] [ 19%] Linking CXX shared library pyngcore.cpython-310-riscv64-linux-gnu.so
[ 1173s] cd /home/abuild/rpmbuild/BUILD/netgen-6.2.2301/build/libsrc/core && /usr/bin/cmake -E cmake_link_script CMakeFiles/pyngcore.dir/link.txt --verbose=1
[ 1173s] /usr/bin/c++ -fPIC -O2 -Wall -U_FORTIFY_SOURCE -D_FORTIFY_SOURCE=3 -fstack-protector-strong -funwind-tables -fasynchronous-unwind-tables -fstack-clash-protection -Werror=return-type -flto=auto -g -DPYBIND11_HAS_FILESYSTEM_IS_OPTIONAL=1 -O2 -g -DNDEBUG -flto=auto -Wl,--as-needed -Wl,--warn-unresolved-symbols -Wl,-z,now -shared -Wl,-soname,pyngcore.cpython-310-riscv64-linux-gnu.so -o pyngcore.cpython-310-riscv64-linux-gnu.so CMakeFiles/pyngcore.dir/python_ngcore_export.cpp.o  -Wl,-rpath,"\$ORIGIN/../../../netgen" libngcore.so /usr/lib64/libpython3.10.so 
[ 1173s] make[2]: Leaving directory '/home/abuild/rpmbuild/BUILD/netgen-6.2.2301/build'
[ 1173s] make[1]: Entering directory '/home/abuild/rpmbuild/BUILD/netgen-6.2.2301/build'
[ 1173s] [ 19%] Built target pyngcore
[ 1173s] make[1]: Leaving directory '/home/abuild/rpmbuild/BUILD/netgen-6.2.2301/build'
[ 1173s] make: *** [Makefile:169: all] Error 2
[ 1173s] error: Bad exit status from /var/tmp/rpm-tmp.mdmIwD (%build)
[ 1173s] 
[ 1173s] RPM build errors:
[ 1173s]     Bad exit status from /var/tmp/rpm-tmp.mdmIwD (%build)
[ 1174s] ### VM INTERACTION START ###
[ 1174s] [ 1165.460045][    T1] sysrq: Power Off
[ 1174s] [ 1165.462112][  T360] reboot: Power down
[ 1174s] ### VM INTERACTION END ###
[ 1174s] 
[ 1174s] hci-snode2-m0 failed "build netgen.spec" at Sat Jan 28 18:40:02 UTC 2023.
[ 1174s] 
