[    0s] Using BUILD_ROOT=/var/cache/obs/worker/root_11/.mount
[    0s] Using BUILD_ARCH=riscv64
[    0s] Doing kvm build in /var/cache/obs/worker/root_11/root
[    0s] 
[    0s] 
[    0s] lamb55 started "build python-pscript.spec" at Sat Feb 18 23:44:39 UTC 2023.
[    0s] 
[    0s] Building python-pscript for project 'openSUSE:Factory:RISCV' repository 'standard' arch 'riscv64' srcmd5 '601e6d9557e6283a74d16068e426f0ed'
[    0s] 
[    0s] processing recipe /var/cache/obs/worker/root_11/.build-srcdir/python-pscript.spec ...
[    1s] running changelog2spec --target rpm --file /var/cache/obs/worker/root_11/.build-srcdir/python-pscript.spec
[    1s] init_buildsystem --configdir /var/run/obs/worker/11/build/configs --cachedir /var/cache/build --prepare --clean --rpmlist /var/cache/obs/worker/root_11/.build.rpmlist /var/cache/obs/worker/root_11/.build-srcdir/python-pscript.spec build ...
[    1s] unpacking preinstall image openSUSE:Factory:RISCV/standard/preinstallimage-python [83160fede3a282f635470653fe6cebf8]
[    6s] 
[    6s] copying packages...
[    6s] reordering...cycle: nodejs-common -> nodejs19
[    6s]   breaking dependency nodejs-common -> nodejs19
[    6s] cycle: nodejs-default -> nodejs-common
[    6s]   breaking dependency nodejs-default -> nodejs-common
[    6s] cycle: nodejs-default -> nodejs19 -> nodejs-common
[    6s]   breaking dependency nodejs19 -> nodejs-common
[    6s] done
[    6s] Detected virtio-serial support
[    8s] booting kvm...
[    8s] ### VM INTERACTION START ###
[    8s] Using virtio-serial support
[    8s] /usr/bin/qemu-kvm -nodefaults -no-reboot -nographic -vga none -cpu host -M pc,accel=kvm,usb=off,dump-guest-core=off,vmport=off -sandbox on -bios /usr/share/qemu/qboot.rom -object rng-random,filename=/dev/random,id=rng0 -device virtio-rng-pci,rng=rng0 -object iothread,id=io0 -runas qemu -net none -kernel /var/cache/obs/worker/root_11/.mount/boot/kernel -initrd /var/cache/obs/worker/root_11/.mount/boot/initrd -append root=/dev/disk/by-id/virtio-0 rootfstype=ext4 rootflags=noatime kvmclock mitigations=off elevator=noop nmi_watchdog=0 rw rd.driver.pre=binfmt_misc oops=panic panic=1 quiet console=hvc0 init=/.build/initvm.x86_64 -m 8192 -drive file=/var/cache/obs/worker/root_11/root,format=raw,if=none,id=disk,cache=unsafe,aio=io_uring -device virtio-blk-pci,iothread=io0,drive=disk,serial=0 -drive file=/var/cache/obs/worker/root_11/swap,format=raw,if=none,id=swap,cache=unsafe,aio=io_uring -device virtio-blk-pci,iothread=io0,drive=swap,serial=1 -device virtio-serial,max_ports=2 -device virtconsole,chardev=virtiocon0 -chardev stdio,id=virtiocon0 -chardev socket,id=monitor,server=on,wait=off,path=/var/cache/obs/worker/root_11/root.qemu/monitor -mon chardev=monitor,mode=readline -smp 8
[   13s] ### VM INTERACTION END ###
[   13s] 2nd stage started in virtual machine
[   14s] machine type: riscv64
[   14s] Linux version: 6.1.12-1-default #1 SMP PREEMPT_DYNAMIC Wed Feb 15 05:31:41 UTC 2023 (373f017)
[   14s] Increasing log level from now on...
[   14s] [    5.389627][  T410] sysrq: Changing Loglevel
[   14s] [    5.390121][  T410] sysrq: Loglevel set to 4
[   14s] Enable sysrq operations
[   15s] Setting up swapspace version 1, size = 2 GiB (2097147904 bytes)
[   15s] no label, UUID=3d3020e1-ea3f-427a-8238-61b510e8f416
[   15s] swapon: /dev/vdb: found signature [pagesize=4096, signature=swap]
[   15s] swapon: /dev/vdb: pagesize=4096, swapsize=2097152000, devsize=2097152000
[   15s] swapon /dev/vdb
[   15s] WARNING: udev not running, creating extra device nodes
[   16s] logging output to //.build.log...
[   16s] processing recipe /.build-srcdir/python-pscript.spec ...
[   16s] init_buildsystem --configdir /.build/configs --cachedir /var/cache/build /.build-srcdir/python-pscript.spec build ...
[   17s] initializing rpm db...
[   18s] querying package ids...
[   49s] [1/239] preinstalled aaa_base-84.87+git20220822.6b9f7a3-1.1
[   49s] [2/239] preinstalled aaa_base-malloccheck-84.87+git20220822.6b9f7a3-1.1
[   49s] [3/239] preinstalled attr-2.5.1-1.1
[   49s] [4/239] preinstalled bash-5.2.15-8.1
[   49s] [5/239] preinstalled bash-sh-5.2.15-8.1
[   49s] [6/239] preinstalled binutils-2.39-3.1
[   49s] [7/239] preinstalled brp-check-suse-84.87+git20221115.2f7add6-1.1
[   49s] [8/239] preinstalled build-compare-20221206T204012.bb70754-1.2
[   49s] [9/239] preinstalled build-mkbaselibs-20230215-1.1
[   49s] [10/239] preinstalled bzip2-1.0.8-4.1
[   49s] [11/239] preinstalled chkstat-1599_20221220-1.2
[   49s] [12/239] preinstalled compat-usrmerge-build-84.87-5.1
[   49s] [13/239] preinstalled compat-usrmerge-tools-84.87-5.1
[   49s] [14/239] preinstalled coreutils-9.1-5.1
[   49s] [15/239] preinstalled cpio-2.13-5.1
[   49s] [16/239] preinstalled cpp-12-2.1
[   49s] [17/239] preinstalled cpp12-12.2.1+git749-4.1
[   49s] [18/239] preinstalled crypto-policies-20210917.c9d86d1-1.1
[   49s] [19/239] preinstalled debugedit-5.0-5.1
[   49s] [20/239] preinstalled diffutils-3.9-1.1
[   49s] [21/239] preinstalled dwz-0.15-2.1
[   49s] [22/239] preinstalled elfutils-0.188-3.2
[   49s] [23/239] cumulate fdupes-2.2.1-1.1
[   49s] [24/239] preinstalled file-5.44-1.2
[   49s] [25/239] preinstalled file-magic-5.44-1.2
[   49s] [26/239] preinstalled filesystem-84.87-12.1
[   49s] [27/239] preinstalled fillup-1.42-279.1
[   49s] [28/239] preinstalled findutils-4.9.0-2.1
[   49s] [29/239] preinstalled gawk-5.2.1-2.1
[   49s] [30/239] preinstalled gcc-12-2.1
[   49s] [31/239] preinstalled gcc-PIE-12-2.1
[   49s] [32/239] preinstalled gcc12-12.2.1+git749-4.1
[   49s] [33/239] preinstalled gcc12-PIE-12.2.1+git749-4.1
[   49s] [34/239] preinstalled gettext-runtime-mini-0.21.1-1.1
[   49s] [35/239] preinstalled gettext-tools-mini-0.21.1-1.1
[   49s] [36/239] preinstalled glibc-2.37-1.1
[   49s] [37/239] preinstalled glibc-devel-2.37-1.1
[   49s] [38/239] preinstalled glibc-locale-base-2.37-1.1
[   49s] [39/239] preinstalled grep-3.8-3.1
[   49s] [40/239] preinstalled gzip-1.12-3.1
[   49s] [41/239] preinstalled kernel-obs-build-6.1.12-1.1
[   49s] [42/239] preinstalled libacl1-2.3.1-2.1
[   49s] [43/239] cumulate libalternatives1-1.2+3.b848aad-3.1
[   49s] [44/239] preinstalled libasan8-13.0.1+git5428-6.1
[   49s] [45/239] preinstalled libasm1-0.188-3.2
[   49s] [46/239] preinstalled libatomic1-13.0.1+git5428-6.1
[   49s] [47/239] preinstalled libattr1-2.5.1-1.1
[   49s] [48/239] preinstalled libaudit1-3.0.6-4.1
[   49s] [49/239] preinstalled libblkid1-2.38.1-7.1
[   49s] [50/239] cumulate libbrotlicommon1-1.0.9-1.1
[   49s] [51/239] preinstalled libbz2-1-1.0.8-4.1
[   49s] [52/239] preinstalled libcap-ng0-0.8.3-1.1
[   49s] [53/239] preinstalled libcap2-2.67-1.1
[   49s] [54/239] preinstalled libcrypt1-4.4.33-1.1
[   49s] [55/239] preinstalled libctf-nobfd0-2.39-3.1
[   50s] [56/239] preinstalled libctf0-2.39-3.1
[   50s] [57/239] preinstalled libdb-4_8-4.8.30-39.1
[   50s] [58/239] preinstalled libdw1-0.188-3.2
[   50s] [59/239] preinstalled libeconf0-0.5.1-1.1
[   50s] [60/239] preinstalled libelf1-0.188-3.2
[   50s] [61/239] preinstalled libexpat1-2.5.0-2.1
[   50s] [62/239] preinstalled libfdisk1-2.38.1-7.1
[   50s] [63/239] preinstalled libffi8-3.4.4-1.1
[   50s] [64/239] preinstalled libgcc_s1-13.0.1+git5428-6.1
[   50s] [65/239] preinstalled libgcrypt20-1.10.1-1.1
[   50s] [66/239] preinstalled libgdbm6-1.23-1.1
[   50s] [67/239] preinstalled libgdbm_compat4-1.23-1.1
[   50s] [68/239] preinstalled libgmp10-6.2.1-4.1
[   50s] [69/239] preinstalled libgomp1-13.0.1+git5428-6.1
[   50s] [70/239] preinstalled libgpg-error0-1.46-1.1
[   50s] [71/239] cumulate libicu72-ledata-72.1-1.1
[   50s] [72/239] preinstalled libisl23-0.25-1.1
[   50s] [73/239] preinstalled liblua5_4-5-5.4.4-8.1
[   50s] [74/239] preinstalled liblzma5-5.4.1-1.1
[   50s] [75/239] preinstalled libmagic1-5.44-1.2
[   50s] [76/239] preinstalled libmount1-2.38.1-7.1
[   50s] [77/239] preinstalled libmpc3-1.3.1-1.2
[   50s] [78/239] preinstalled libmpdec3-2.5.1-2.1
[   50s] [79/239] preinstalled libmpfr6-4.2.0-1.1
[   50s] [80/239] preinstalled libncurses6-6.4.20230128-5.1
[   50s] [81/239] cumulate libnghttp2-14-1.51.0-7.2
[   50s] [82/239] cumulate libnss_usrfiles2-2.27-3.1
[   50s] [83/239] preinstalled libopenssl3-3.0.7-3.1
[   50s] [84/239] preinstalled libpcre2-8-0-10.42-3.2
[   50s] [85/239] preinstalled libpkgconf3-1.8.0-2.1
[   50s] [86/239] preinstalled libpopt0-1.19-1.1
[   50s] [87/239] preinstalled libpython3_10-1_0-3.10.9-2.2
[   50s] [88/239] preinstalled libpython3_11-1_0-3.11.1-4.2
[   50s] [89/239] preinstalled libpython3_8-1_0-3.8.16-3.2
[   50s] [90/239] preinstalled libpython3_9-1_0-3.9.16-3.2
[   50s] [91/239] preinstalled libreadline8-8.2-2.1
[   50s] [92/239] preinstalled librpmbuild9-4.18.0-3.2
[   50s] [93/239] preinstalled libseccomp2-2.5.4-2.1
[   50s] [94/239] preinstalled libselinux1-3.4-2.1
[   50s] [95/239] preinstalled libsemanage-conf-3.4-1.1
[   50s] [96/239] preinstalled libsemanage2-3.4-1.1
[   50s] [97/239] preinstalled libsepol2-3.4-1.1
[   50s] [98/239] preinstalled libsmartcols1-2.38.1-7.1
[   50s] [99/239] cumulate libsqlite3-0-3.40.1-1.1
[   50s] [100/239] preinstalled libstdc++6-13.0.1+git5428-6.1
[   50s] [101/239] preinstalled libsubid4-4.13-3.1
[   50s] [102/239] preinstalled libubsan1-13.0.1+git5428-6.1
[   50s] [103/239] preinstalled libutempter0-1.2.0-3.2
[   50s] [104/239] preinstalled libuuid1-2.38.1-7.1
[   50s] [105/239] preinstalled libxcrypt-devel-4.4.33-1.1
[   50s] [106/239] cumulate libyaml-0-2-0.2.5-2.1
[   50s] [107/239] preinstalled libz1-1.2.13-2.1
[   50s] [108/239] preinstalled libzstd1-1.5.2-2.1
[   50s] [109/239] preinstalled linux-glibc-devel-6.1-1.1
[   50s] [110/239] preinstalled login_defs-4.13-3.1
[   50s] [111/239] preinstalled lua54-5.4.4-8.1
[   50s] [112/239] preinstalled make-4.4-2.1
[   50s] [113/239] preinstalled ncurses-utils-6.4.20230128-5.1
[   50s] [114/239] preinstalled pam-1.5.2-12.1
[   50s] [115/239] preinstalled patch-2.7.6-6.1
[   50s] [116/239] preinstalled perl-5.36.0-4.1
[   50s] [117/239] preinstalled perl-base-5.36.0-4.1
[   50s] [118/239] preinstalled permissions-1599_20221220-1.2
[   50s] [119/239] preinstalled permissions-config-1599_20221220-1.2
[   50s] [120/239] preinstalled pkgconf-1.8.0-2.1
[   50s] [121/239] preinstalled pkgconf-m4-1.8.0-2.1
[   50s] [122/239] preinstalled pkgconf-pkg-config-1.8.0-2.1
[   50s] [123/239] preinstalled polkit-default-privs-1550+20221102.9f111fa-1.1
[   50s] [124/239] preinstalled post-build-checks-84.87+git20230106.3a359c5-1.1
[   50s] [125/239] preinstalled python-rpm-macros-20230128.e704796-1.2
[   50s] [126/239] preinstalled python-rpm-packaging-20210526+a18ca48-1.2
[   50s] [127/239] cumulate python310-attrs-22.2.0-1.2
[   50s] [128/239] preinstalled python310-base-3.10.9-2.2
[   50s] [129/239] cumulate python310-exceptiongroup-1.1.0-1.2
[   50s] [130/239] cumulate python310-fluidity-sm-0.2.0-1.11
[   50s] [131/239] cumulate python310-iniconfig-1.1.1-3.2
[   50s] [132/239] preinstalled python310-packaging-23.0-1.1
[   50s] [133/239] cumulate python310-pluggy-1.0.0-1.5
[   50s] [134/239] cumulate python310-ptyprocess-0.7.0-1.6
[   50s] [135/239] preinstalled python310-setuptools-65.6.3-1.2
[   50s] [136/239] cumulate python310-six-1.16.0-2.5
[   50s] [137/239] cumulate python310-tomli-2.0.1-1.3
[   50s] [138/239] cumulate python310-zipp-3.8.1-1.2
[   50s] [139/239] cumulate python311-attrs-22.2.0-1.2
[   50s] [140/239] preinstalled python311-base-3.11.1-4.2
[   50s] [141/239] cumulate python311-exceptiongroup-1.1.0-1.2
[   50s] [142/239] cumulate python311-fluidity-sm-0.2.0-1.11
[   50s] [143/239] cumulate python311-iniconfig-1.1.1-3.2
[   50s] [144/239] cumulate python311-packaging-23.0-1.2
[   50s] [145/239] cumulate python311-pluggy-1.0.0-1.5
[   50s] [146/239] cumulate python311-ptyprocess-0.7.0-1.6
[   50s] [147/239] preinstalled python311-setuptools-65.6.3-1.2
[   50s] [148/239] cumulate python311-six-1.16.0-2.5
[   50s] [149/239] cumulate python311-tomli-2.0.1-1.3
[   50s] [150/239] cumulate python311-zipp-3.8.1-1.2
[   50s] [151/239] cumulate python38-attrs-22.2.0-1.2
[   50s] [152/239] preinstalled python38-base-3.8.16-3.2
[   50s] [153/239] cumulate python38-exceptiongroup-1.1.0-1.2
[   50s] [154/239] cumulate python38-fluidity-sm-0.2.0-1.11
[   50s] [155/239] cumulate python38-iniconfig-1.1.1-3.2
[   50s] [156/239] cumulate python38-packaging-23.0-1.2
[   50s] [157/239] cumulate python38-pluggy-1.0.0-1.5
[   50s] [158/239] cumulate python38-ptyprocess-0.7.0-1.6
[   50s] [159/239] preinstalled python38-setuptools-65.6.3-1.2
[   50s] [160/239] cumulate python38-six-1.16.0-2.5
[   50s] [161/239] cumulate python38-tomli-2.0.1-1.3
[   50s] [162/239] cumulate python38-zipp-3.8.1-1.2
[   50s] [163/239] cumulate python39-attrs-22.2.0-1.2
[   50s] [164/239] preinstalled python39-base-3.9.16-3.2
[   50s] [165/239] cumulate python39-exceptiongroup-1.1.0-1.2
[   50s] [166/239] cumulate python39-fluidity-sm-0.2.0-1.11
[   50s] [167/239] cumulate python39-iniconfig-1.1.1-3.2
[   50s] [168/239] cumulate python39-packaging-23.0-1.2
[   50s] [169/239] cumulate python39-pluggy-1.0.0-1.5
[   50s] [170/239] cumulate python39-ptyprocess-0.7.0-1.6
[   50s] [171/239] preinstalled python39-setuptools-65.6.3-1.2
[   50s] [172/239] cumulate python39-six-1.16.0-2.5
[   50s] [173/239] cumulate python39-tomli-2.0.1-1.3
[   50s] [174/239] cumulate python39-zipp-3.8.1-1.2
[   50s] [175/239] preinstalled qemu-linux-user-7.1.0-50.1
[   50s] [176/239] preinstalled rpm-4.18.0-3.2
[   50s] [177/239] preinstalled rpm-build-4.18.0-3.2
[   50s] [178/239] preinstalled rpm-build-perl-4.18.0-3.2
[   50s] [179/239] preinstalled rpm-config-SUSE-20220926-1.1
[   50s] [180/239] preinstalled rpmlint-mini-2.4.0+git20230214.1bab129-9.4
[   50s] [181/239] preinstalled rpmlint-strict-2.4.0+git20230214.1bab129-1.1
[   50s] [182/239] preinstalled sed-4.9-2.1
[   50s] [183/239] preinstalled shadow-4.13-3.1
[   50s] [184/239] preinstalled system-group-hardware-20170617-24.1
[   50s] [185/239] preinstalled system-user-root-20190513-2.1
[   50s] [186/239] preinstalled systemd-rpm-macros-19-1.1
[   50s] [187/239] preinstalled sysuser-shadow-3.1-5.1
[   50s] [188/239] preinstalled tar-1.34-9.1
[   50s] [189/239] preinstalled terminfo-base-6.4.20230128-5.1
[   50s] [190/239] cumulate timezone-2022g-2.1
[   50s] [191/239] preinstalled update-alternatives-1.21.8-1.1
[   50s] [192/239] preinstalled util-linux-2.38.1-7.1
[   50s] [193/239] preinstalled which-2.21-5.1
[   50s] [194/239] preinstalled xz-5.4.1-1.1
[   50s] [195/239] cumulate alts-1.2+3.b848aad-3.1
[   50s] [196/239] cumulate libbrotlidec1-1.0.9-1.1
[   50s] [197/239] cumulate libbrotlienc1-1.0.9-1.1
[   50s] [198/239] cumulate netcfg-11.6-10.1
[   50s] [199/239] cumulate python310-3.10.9-2.1
[   50s] [200/239] cumulate python310-PyYAML-6.0-4.2
[   50s] [201/239] cumulate python310-importlib-metadata-6.0.0-1.2
[   50s] [202/239] cumulate python310-lexicon-2.0.1-3.3
[   50s] [203/239] cumulate python310-pexpect-4.8.0-22.2
[   50s] [204/239] cumulate python311-3.11.1-4.1
[   50s] [205/239] cumulate python311-PyYAML-6.0-4.2
[   50s] [206/239] cumulate python311-importlib-metadata-6.0.0-1.2
[   50s] [207/239] cumulate python311-lexicon-2.0.1-3.3
[   50s] [208/239] cumulate python311-pexpect-4.8.0-22.2
[   50s] [209/239] cumulate python38-3.8.16-3.1
[   50s] [210/239] cumulate python38-PyYAML-6.0-4.2
[   50s] [211/239] cumulate python38-importlib-metadata-6.0.0-1.2
[   50s] [212/239] cumulate python38-lexicon-2.0.1-3.3
[   50s] [213/239] cumulate python38-pexpect-4.8.0-22.2
[   50s] [214/239] cumulate python39-3.9.16-3.1
[   50s] [215/239] cumulate python39-PyYAML-6.0-4.2
[   50s] [216/239] cumulate python39-importlib-metadata-6.0.0-1.2
[   50s] [217/239] cumulate python39-lexicon-2.0.1-3.3
[   50s] [218/239] cumulate python39-pexpect-4.8.0-22.2
[   50s] [219/239] cumulate libicu72-72.1-1.1
[   50s] [220/239] cumulate python310-coverage-7.1.0-1.2
[   50s] [221/239] cumulate python311-coverage-7.1.0-1.2
[   50s] [222/239] cumulate python38-coverage-7.1.0-1.2
[   50s] [223/239] cumulate python39-coverage-7.1.0-1.2
[   50s] [224/239] cumulate libcares2-1.19.0-2.1
[   50s] [225/239] cumulate python310-invoke-1.7.3-1.2
[   50s] [226/239] cumulate python311-invoke-1.7.3-1.2
[   50s] [227/239] cumulate python38-invoke-1.7.3-1.2
[   50s] [228/239] cumulate python39-invoke-1.7.3-1.2
[   50s] [229/239] cumulate python310-pytest-7.2.0-2.2
[   50s] [230/239] cumulate python311-pytest-7.2.0-2.2
[   50s] [231/239] cumulate python38-pytest-7.2.0-2.2
[   50s] [232/239] cumulate python39-pytest-7.2.0-2.2
[   50s] [233/239] cumulate python310-pytest-cov-4.0.0-3.2
[   50s] [234/239] cumulate python311-pytest-cov-4.0.0-3.2
[   50s] [235/239] cumulate python38-pytest-cov-4.0.0-3.2
[   50s] [236/239] cumulate python39-pytest-cov-4.0.0-3.2
[   50s] [237/239] cumulate nodejs19-19.6.0-6.1
[   50s] [238/239] cumulate nodejs-default-5.1-1.1
[   50s] [239/239] cumulate nodejs-common-5.1-1.1
[   50s] now installing cumulated packages
[   51s] Preparing...                          ########################################
[   51s] Updating / installing...
[   51s] libyaml-0-2-0.2.5-2.1                 ########################################
[   51s] libsqlite3-0-3.40.1-1.1               ########################################
[   51s] python39-tomli-2.0.1-1.3              ########################################
[   51s] python39-six-1.16.0-2.5               ########################################
[   51s] python38-tomli-2.0.1-1.3              ########################################
[   52s] python38-six-1.16.0-2.5               ########################################
[   52s] python311-tomli-2.0.1-1.3             ########################################
[   52s] python311-six-1.16.0-2.5              ########################################
[   52s] python310-tomli-2.0.1-1.3             ########################################
[   52s] python310-six-1.16.0-2.5              ########################################
[   52s] libnss_usrfiles2-2.27-3.1             ########################################
[   52s] libbrotlicommon1-1.0.9-1.1            ########################################
[   52s] libalternatives1-1.2+3.b848aad-3.1    ########################################
[   52s] alts-1.2+3.b848aad-3.1                ########################################
[   52s] libbrotlidec1-1.0.9-1.1               ########################################
[   53s] libbrotlienc1-1.0.9-1.1               ########################################
[   53s] netcfg-11.6-10.1                      ########################################
[   53s] warning: /etc/hosts created as /etc/hosts.rpmnew
[   53s] libcares2-1.19.0-2.1                  ########################################
[   53s] python310-lexicon-2.0.1-3.3           ########################################
[   53s] python311-lexicon-2.0.1-3.3           ########################################
[   53s] python38-lexicon-2.0.1-3.3            ########################################
[   53s] python39-lexicon-2.0.1-3.3            ########################################
[   53s] python310-3.10.9-2.1                  ########################################
[   53s] python310-coverage-7.1.0-1.2          ########################################
[   54s] python311-3.11.1-4.1                  ########################################
[   54s] python311-coverage-7.1.0-1.2          ########################################
[   54s] python38-3.8.16-3.1                   ########################################
[   54s] python38-coverage-7.1.0-1.2           ########################################
[   55s] python39-3.9.16-3.1                   ########################################
[   55s] python39-coverage-7.1.0-1.2           ########################################
[   55s] python310-PyYAML-6.0-4.2              ########################################
[   55s] python311-PyYAML-6.0-4.2              ########################################
[   56s] python38-PyYAML-6.0-4.2               ########################################
[   56s] python39-PyYAML-6.0-4.2               ########################################
[   56s] timezone-2022g-2.1                    ########################################
[   57s] python39-zipp-3.8.1-1.2               ########################################
[   57s] python39-importlib-metadata-6.0.0-1.2 ########################################
[   57s] python39-ptyprocess-0.7.0-1.6         ########################################
[   57s] python39-pexpect-4.8.0-22.2           ########################################
[   57s] python39-pluggy-1.0.0-1.5             ########################################
[   57s] python39-packaging-23.0-1.2           ########################################
[   57s] python39-iniconfig-1.1.1-3.2          ########################################
[   57s] python39-fluidity-sm-0.2.0-1.11       ########################################
[   57s] python39-exceptiongroup-1.1.0-1.2     ########################################
[   57s] python39-attrs-22.2.0-1.2             ########################################
[   58s] python39-pytest-7.2.0-2.2             ########################################
[   58s] python38-zipp-3.8.1-1.2               ########################################
[   58s] python38-importlib-metadata-6.0.0-1.2 ########################################
[   58s] python38-ptyprocess-0.7.0-1.6         ########################################
[   58s] python38-pexpect-4.8.0-22.2           ########################################
[   58s] python38-pluggy-1.0.0-1.5             ########################################
[   58s] python38-packaging-23.0-1.2           ########################################
[   58s] python38-iniconfig-1.1.1-3.2          ########################################
[   58s] python38-fluidity-sm-0.2.0-1.11       ########################################
[   58s] python38-exceptiongroup-1.1.0-1.2     ########################################
[   58s] python38-attrs-22.2.0-1.2             ########################################
[   59s] python38-pytest-7.2.0-2.2             ########################################
[   59s] python311-zipp-3.8.1-1.2              ########################################
[   59s] python311-importlib-metadata-6.0.0-1.2########################################
[   59s] python311-ptyprocess-0.7.0-1.6        ########################################
[   59s] python311-pexpect-4.8.0-22.2          ########################################
[   59s] python311-pluggy-1.0.0-1.5            ########################################
[   59s] python311-packaging-23.0-1.2          ########################################
[   59s] python311-iniconfig-1.1.1-3.2         ########################################
[   59s] python311-fluidity-sm-0.2.0-1.11      ########################################
[   59s] python311-exceptiongroup-1.1.0-1.2    ########################################
[   59s] python311-attrs-22.2.0-1.2            ########################################
[   60s] python311-pytest-7.2.0-2.2            ########################################
[   60s] python310-zipp-3.8.1-1.2              ########################################
[   60s] python310-importlib-metadata-6.0.0-1.2########################################
[   60s] python310-ptyprocess-0.7.0-1.6        ########################################
[   60s] python310-pexpect-4.8.0-22.2          ########################################
[   60s] python310-pluggy-1.0.0-1.5            ########################################
[   60s] python310-iniconfig-1.1.1-3.2         ########################################
[   61s] python310-fluidity-sm-0.2.0-1.11      ########################################
[   61s] python310-exceptiongroup-1.1.0-1.2    ########################################
[   61s] python310-attrs-22.2.0-1.2            ########################################
[   61s] python310-pytest-7.2.0-2.2            ########################################
[   61s] libnghttp2-14-1.51.0-7.2              ########################################
[   66s] libicu72-ledata-72.1-1.1              ########################################
[   67s] libicu72-72.1-1.1                     ########################################
[   73s] nodejs19-19.6.0-6.1                   ########################################
[   73s] nodejs-common-5.1-1.1                 ########################################
[   73s] nodejs-default-5.1-1.1                ########################################
[   73s] python310-pytest-cov-4.0.0-3.2        ########################################
[   74s] python310-invoke-1.7.3-1.2            ########################################
[   74s] python311-pytest-cov-4.0.0-3.2        ########################################
[   74s] python311-invoke-1.7.3-1.2            ########################################
[   74s] python38-pytest-cov-4.0.0-3.2         ########################################
[   75s] python38-invoke-1.7.3-1.2             ########################################
[   75s] python39-pytest-cov-4.0.0-3.2         ########################################
[   75s] python39-invoke-1.7.3-1.2             ########################################
[   75s] fdupes-2.2.1-1.1                      ########################################
[   81s] now finalizing build dir...
[   82s] ... running 01-add_abuild_user_to_trusted_group
[   82s] ... running 02-set_timezone_to_utc
[   83s] ... running 03-set-permissions-secure
[   83s] ... running 11-hack_uname_version_to_kernel_version
[   93s] -----------------------------------------------------------------
[   93s] I have the following modifications for python-pscript.spec:
[   93s] 23c23
[   93s] < Release:        0
[   93s] ---
[   93s] > Release:        1.2
[  100s] build target is riscv64-suse-linux
[  100s] -----------------------------------------------------------------
[  100s] ----- building python-pscript.spec (user abuild)
[  100s] -----------------------------------------------------------------
[  100s] -----------------------------------------------------------------
[  104s] + exec rpmbuild -ba --define '_srcdefattr (-,root,root)' --nosignature --target=riscv64-suse-linux --define '_build_create_debug 1' --define 'disturl obs://build.opensuse.org/openSUSE:Factory:RISCV/standard/601e6d9557e6283a74d16068e426f0ed-python-pscript' /home/abuild/rpmbuild/SOURCES/python-pscript.spec
[  118s] Building target platforms: riscv64-suse-linux
[  118s] Building for target riscv64-suse-linux
[  118s] setting SOURCE_DATE_EPOCH=1664841600
[  118s] Executing(%prep): /usr/bin/bash -e /var/tmp/rpm-tmp.qSWC26
[  118s] + umask 022
[  118s] + cd /home/abuild/rpmbuild/BUILD
[  118s] + cd /home/abuild/rpmbuild/BUILD
[  118s] + rm -rf pscript-0.7.7
[  118s] + /usr/lib/rpm/rpmuncompress -x /home/abuild/rpmbuild/SOURCES/pscript-0.7.7.tar.gz
[  119s] + STATUS=0
[  119s] + '[' 0 -ne 0 ']'
[  119s] + cd pscript-0.7.7
[  119s] + /usr/bin/chmod -Rf a+rX,u+w,g-w,o-w .
[  119s] + RPM_EC=0
[  119s] ++ jobs -p
[  119s] + exit 0
[  119s] Executing(%build): /usr/bin/bash -e /var/tmp/rpm-tmp.a1BmLJ
[  119s] + umask 022
[  119s] + cd /home/abuild/rpmbuild/BUILD
[  119s] + /usr/bin/rm -rf /home/abuild/rpmbuild/BUILDROOT/python-pscript-0.7.7-1.2.riscv64
[  119s] ++ dirname /home/abuild/rpmbuild/BUILDROOT/python-pscript-0.7.7-1.2.riscv64
[  119s] + /usr/bin/mkdir -p /home/abuild/rpmbuild/BUILDROOT
[  119s] + /usr/bin/mkdir /home/abuild/rpmbuild/BUILDROOT/python-pscript-0.7.7-1.2.riscv64
[  119s] + cd pscript-0.7.7
[  119s] + ref=/usr/lib/rpm
[  119s] + mints=0
[  119s] + case $(uname -m) in
[  119s] ++ uname -m
[  119s] + mints=20160911
[  119s] + for s in guess sub
[  119s] ++ find -maxdepth 8 -name config.guess
[  120s] + for s in guess sub
[  120s] ++ find -maxdepth 8 -name config.sub
[  120s] ++ '[' -f _current_flavor ']'
[  120s] ++ true
[  120s] + last_flavor=
[  120s] + '[' -z '' ']'
[  120s] + last_flavor=tmp
[  120s] + '[' tmp '!=' python38 ']'
[  120s] + '[' -d build ']'
[  120s] + '[' -d _build.python38 ']'
[  120s] + echo python38
[  120s] + python_flavor=python38
[  120s] + /usr/bin/python3.8 setup.py build '--executable=/usr/bin/python3.8 -s'
[  129s] LegacyPythonTranslator translated: '__init__.py'
[  129s] LegacyPythonTranslator translated: 'base.py'
[  129s] LegacyPythonTranslator cancelled: 'commonast.py'
[  129s] LegacyPythonTranslator translated: 'functions.py'
[  129s] LegacyPythonTranslator translated: 'modules.py'
[  129s] LegacyPythonTranslator translated: 'parser0.py'
[  129s] LegacyPythonTranslator translated: 'parser1.py'
[  129s] LegacyPythonTranslator translated: 'parser2.py'
[  129s] LegacyPythonTranslator translated: 'parser3.py'
[  129s] LegacyPythonTranslator translated: 'stdlib.py'
[  129s] LegacyPythonTranslator translated: 'stubs.py'
[  129s] LegacyPythonTranslator cancelled: 'testing.py'
[  129s] LegacyPythonTranslator skipped: 'tests/python_sample.py'
[  129s] LegacyPythonTranslator skipped: 'tests/python_sample2.py'
[  129s] LegacyPythonTranslator skipped: 'tests/python_sample3.py'
[  129s] LegacyPythonTranslator cancelled: 'tests/test_commonast.py'
[  129s] LegacyPythonTranslator translated: 'tests/test_functions.py'
[  129s] LegacyPythonTranslator translated: 'tests/test_modules.py'
[  129s] LegacyPythonTranslator translated: 'tests/test_parser0.py'
[  129s] LegacyPythonTranslator translated: 'tests/test_parser1.py'
[  129s] LegacyPythonTranslator translated: 'tests/test_parser2.py'
[  129s] LegacyPythonTranslator translated: 'tests/test_parser3.py'
[  129s] LegacyPythonTranslator translated: 'tests/test_stdlib.py'
[  129s] LegacyPythonTranslator translated: 'tests/test_stubs.py'
[  129s] ++ '[' -f _current_flavor ']'
[  129s] ++ cat _current_flavor
[  129s] + last_flavor=python38
[  129s] + '[' -z python38 ']'
[  129s] + '[' python38 '!=' python39 ']'
[  129s] + '[' -d build ']'
[  129s] + mv build _build.python38
[  129s] + '[' -d _build.python39 ']'
[  129s] + echo python39
[  129s] + python_flavor=python39
[  129s] + /usr/bin/python3.9 setup.py build '--executable=/usr/bin/python3.9 -s'
[  138s] LegacyPythonTranslator translated: '__init__.py'
[  138s] LegacyPythonTranslator translated: 'base.py'
[  138s] LegacyPythonTranslator cancelled: 'commonast.py'
[  138s] LegacyPythonTranslator translated: 'functions.py'
[  138s] LegacyPythonTranslator translated: 'modules.py'
[  138s] LegacyPythonTranslator translated: 'parser0.py'
[  138s] LegacyPythonTranslator translated: 'parser1.py'
[  138s] LegacyPythonTranslator translated: 'parser2.py'
[  138s] LegacyPythonTranslator translated: 'parser3.py'
[  138s] LegacyPythonTranslator translated: 'stdlib.py'
[  138s] LegacyPythonTranslator translated: 'stubs.py'
[  138s] LegacyPythonTranslator cancelled: 'testing.py'
[  138s] LegacyPythonTranslator skipped: 'tests/python_sample.py'
[  138s] LegacyPythonTranslator skipped: 'tests/python_sample2.py'
[  138s] LegacyPythonTranslator skipped: 'tests/python_sample3.py'
[  138s] LegacyPythonTranslator cancelled: 'tests/test_commonast.py'
[  138s] LegacyPythonTranslator translated: 'tests/test_functions.py'
[  138s] LegacyPythonTranslator translated: 'tests/test_modules.py'
[  138s] LegacyPythonTranslator translated: 'tests/test_parser0.py'
[  138s] LegacyPythonTranslator translated: 'tests/test_parser1.py'
[  138s] LegacyPythonTranslator translated: 'tests/test_parser2.py'
[  138s] LegacyPythonTranslator translated: 'tests/test_parser3.py'
[  138s] LegacyPythonTranslator translated: 'tests/test_stdlib.py'
[  138s] LegacyPythonTranslator translated: 'tests/test_stubs.py'
[  138s] ++ '[' -f _current_flavor ']'
[  138s] ++ cat _current_flavor
[  138s] + last_flavor=python39
[  138s] + '[' -z python39 ']'
[  138s] + '[' python39 '!=' python311 ']'
[  138s] + '[' -d build ']'
[  138s] + mv build _build.python39
[  138s] + '[' -d _build.python311 ']'
[  138s] + echo python311
[  138s] + python_flavor=python311
[  138s] + /usr/bin/python3.11 setup.py build '--executable=/usr/bin/python3.11 -s'
[  146s] LegacyPythonTranslator translated: '__init__.py'
[  146s] LegacyPythonTranslator translated: 'base.py'
[  146s] LegacyPythonTranslator cancelled: 'commonast.py'
[  146s] LegacyPythonTranslator translated: 'functions.py'
[  146s] LegacyPythonTranslator translated: 'modules.py'
[  146s] LegacyPythonTranslator translated: 'parser0.py'
[  146s] LegacyPythonTranslator translated: 'parser1.py'
[  146s] LegacyPythonTranslator translated: 'parser2.py'
[  146s] LegacyPythonTranslator translated: 'parser3.py'
[  146s] LegacyPythonTranslator translated: 'stdlib.py'
[  146s] LegacyPythonTranslator translated: 'stubs.py'
[  146s] LegacyPythonTranslator cancelled: 'testing.py'
[  146s] LegacyPythonTranslator skipped: 'tests/python_sample.py'
[  146s] LegacyPythonTranslator skipped: 'tests/python_sample2.py'
[  146s] LegacyPythonTranslator skipped: 'tests/python_sample3.py'
[  146s] LegacyPythonTranslator cancelled: 'tests/test_commonast.py'
[  146s] LegacyPythonTranslator translated: 'tests/test_functions.py'
[  146s] LegacyPythonTranslator translated: 'tests/test_modules.py'
[  146s] LegacyPythonTranslator translated: 'tests/test_parser0.py'
[  146s] LegacyPythonTranslator translated: 'tests/test_parser1.py'
[  146s] LegacyPythonTranslator translated: 'tests/test_parser2.py'
[  146s] LegacyPythonTranslator translated: 'tests/test_parser3.py'
[  146s] LegacyPythonTranslator translated: 'tests/test_stdlib.py'
[  146s] LegacyPythonTranslator translated: 'tests/test_stubs.py'
[  146s] ++ '[' -f _current_flavor ']'
[  146s] ++ cat _current_flavor
[  146s] + last_flavor=python311
[  146s] + '[' -z python311 ']'
[  146s] + '[' python311 '!=' python310 ']'
[  146s] + '[' -d build ']'
[  146s] + mv build _build.python311
[  146s] + '[' -d _build.python310 ']'
[  146s] + echo python310
[  146s] + python_flavor=python310
[  146s] + /usr/bin/python3.10 setup.py build '--executable=/usr/bin/python3.10 -s'
[  155s] LegacyPythonTranslator translated: '__init__.py'
[  155s] LegacyPythonTranslator translated: 'base.py'
[  155s] LegacyPythonTranslator cancelled: 'commonast.py'
[  155s] LegacyPythonTranslator translated: 'functions.py'
[  155s] LegacyPythonTranslator translated: 'modules.py'
[  155s] LegacyPythonTranslator translated: 'parser0.py'
[  155s] LegacyPythonTranslator translated: 'parser1.py'
[  155s] LegacyPythonTranslator translated: 'parser2.py'
[  155s] LegacyPythonTranslator translated: 'parser3.py'
[  155s] LegacyPythonTranslator translated: 'stdlib.py'
[  155s] LegacyPythonTranslator translated: 'stubs.py'
[  155s] LegacyPythonTranslator cancelled: 'testing.py'
[  155s] LegacyPythonTranslator skipped: 'tests/python_sample.py'
[  155s] LegacyPythonTranslator skipped: 'tests/python_sample2.py'
[  155s] LegacyPythonTranslator skipped: 'tests/python_sample3.py'
[  155s] LegacyPythonTranslator cancelled: 'tests/test_commonast.py'
[  155s] LegacyPythonTranslator translated: 'tests/test_functions.py'
[  155s] LegacyPythonTranslator translated: 'tests/test_modules.py'
[  155s] LegacyPythonTranslator translated: 'tests/test_parser0.py'
[  155s] LegacyPythonTranslator translated: 'tests/test_parser1.py'
[  155s] LegacyPythonTranslator translated: 'tests/test_parser2.py'
[  155s] LegacyPythonTranslator translated: 'tests/test_parser3.py'
[  155s] LegacyPythonTranslator translated: 'tests/test_stdlib.py'
[  155s] LegacyPythonTranslator translated: 'tests/test_stubs.py'
[  155s] + RPM_EC=0
[  155s] ++ jobs -p
[  155s] + exit 0
[  155s] Executing(%install): /usr/bin/bash -e /var/tmp/rpm-tmp.iHnqRv
[  155s] + umask 022
[  155s] + cd /home/abuild/rpmbuild/BUILD
[  155s] + /usr/bin/rm -rf /home/abuild/rpmbuild/BUILDROOT/python-pscript-0.7.7-1.2.riscv64
[  155s] + /usr/bin/mkdir -p /home/abuild/rpmbuild/BUILDROOT
[  155s] + /usr/bin/mkdir /home/abuild/rpmbuild/BUILDROOT/python-pscript-0.7.7-1.2.riscv64
[  155s] + cd pscript-0.7.7
[  155s] ++ '[' -f _current_flavor ']'
[  155s] ++ cat _current_flavor
[  155s] + last_flavor=python310
[  155s] + '[' -z python310 ']'
[  155s] + '[' python310 '!=' python38 ']'
[  155s] + '[' -d build ']'
[  155s] + mv build _build.python310
[  155s] + '[' -d _build.python38 ']'
[  155s] + mv _build.python38 build
[  156s] + echo python38
[  156s] + python_flavor=python38
[  156s] + /usr/bin/python3.8 setup.py install -O1 --skip-build --force --root /home/abuild/rpmbuild/BUILDROOT/python-pscript-0.7.7-1.2.riscv64 --prefix /usr
[  171s] /usr/lib/python3.8/site-packages/setuptools/command/install.py:34: SetuptoolsDeprecationWarning: setup.py install is deprecated. Use build and pip and other standards-based tools.
[  171s]   warnings.warn(
[  171s] warning: no previously-included files matching '.git*' found anywhere in distribution
[  171s] warning: no previously-included files matching '*.pyo' found anywhere in distribution
[  171s] warning: no previously-included files matching '*.pyc' found anywhere in distribution
[  171s] LegacyPythonTranslator translated: '__init__.py'
[  171s] LegacyPythonTranslator translated: 'base.py'
[  171s] LegacyPythonTranslator cancelled: 'commonast.py'
[  171s] LegacyPythonTranslator translated: 'functions.py'
[  171s] LegacyPythonTranslator translated: 'modules.py'
[  171s] LegacyPythonTranslator translated: 'parser0.py'
[  171s] LegacyPythonTranslator translated: 'parser1.py'
[  171s] LegacyPythonTranslator translated: 'parser2.py'
[  171s] LegacyPythonTranslator translated: 'parser3.py'
[  171s] LegacyPythonTranslator translated: 'stdlib.py'
[  171s] LegacyPythonTranslator translated: 'stubs.py'
[  171s] LegacyPythonTranslator cancelled: 'testing.py'
[  171s] LegacyPythonTranslator skipped: 'tests/python_sample.py'
[  171s] LegacyPythonTranslator skipped: 'tests/python_sample2.py'
[  171s] LegacyPythonTranslator skipped: 'tests/python_sample3.py'
[  171s] LegacyPythonTranslator cancelled: 'tests/test_commonast.py'
[  171s] LegacyPythonTranslator translated: 'tests/test_functions.py'
[  171s] LegacyPythonTranslator translated: 'tests/test_modules.py'
[  171s] LegacyPythonTranslator translated: 'tests/test_parser0.py'
[  171s] LegacyPythonTranslator translated: 'tests/test_parser1.py'
[  171s] LegacyPythonTranslator translated: 'tests/test_parser2.py'
[  171s] LegacyPythonTranslator translated: 'tests/test_parser3.py'
[  171s] LegacyPythonTranslator translated: 'tests/test_stdlib.py'
[  171s] LegacyPythonTranslator translated: 'tests/test_stubs.py'
[  171s] ++ '[' -f _current_flavor ']'
[  171s] ++ cat _current_flavor
[  172s] + last_flavor=python38
[  172s] + '[' -z python38 ']'
[  172s] + '[' python38 '!=' python39 ']'
[  172s] + '[' -d build ']'
[  172s] + mv build _build.python38
[  172s] + '[' -d _build.python39 ']'
[  172s] + mv _build.python39 build
[  172s] + echo python39
[  172s] + python_flavor=python39
[  172s] + /usr/bin/python3.9 setup.py install -O1 --skip-build --force --root /home/abuild/rpmbuild/BUILDROOT/python-pscript-0.7.7-1.2.riscv64 --prefix /usr
[  179s] /usr/lib/python3.9/site-packages/setuptools/command/install.py:34: SetuptoolsDeprecationWarning: setup.py install is deprecated. Use build and pip and other standards-based tools.
[  179s]   warnings.warn(
[  186s] warning: no previously-included files matching '.git*' found anywhere in distribution
[  186s] warning: no previously-included files matching '*.pyo' found anywhere in distribution
[  186s] warning: no previously-included files matching '*.pyc' found anywhere in distribution
[  186s] LegacyPythonTranslator translated: '__init__.py'
[  186s] LegacyPythonTranslator translated: 'base.py'
[  186s] LegacyPythonTranslator cancelled: 'commonast.py'
[  186s] LegacyPythonTranslator translated: 'functions.py'
[  186s] LegacyPythonTranslator translated: 'modules.py'
[  186s] LegacyPythonTranslator translated: 'parser0.py'
[  186s] LegacyPythonTranslator translated: 'parser1.py'
[  186s] LegacyPythonTranslator translated: 'parser2.py'
[  186s] LegacyPythonTranslator translated: 'parser3.py'
[  186s] LegacyPythonTranslator translated: 'stdlib.py'
[  186s] LegacyPythonTranslator translated: 'stubs.py'
[  186s] LegacyPythonTranslator cancelled: 'testing.py'
[  186s] LegacyPythonTranslator skipped: 'tests/python_sample.py'
[  186s] LegacyPythonTranslator skipped: 'tests/python_sample2.py'
[  186s] LegacyPythonTranslator skipped: 'tests/python_sample3.py'
[  186s] LegacyPythonTranslator cancelled: 'tests/test_commonast.py'
[  186s] LegacyPythonTranslator translated: 'tests/test_functions.py'
[  186s] LegacyPythonTranslator translated: 'tests/test_modules.py'
[  186s] LegacyPythonTranslator translated: 'tests/test_parser0.py'
[  186s] LegacyPythonTranslator translated: 'tests/test_parser1.py'
[  186s] LegacyPythonTranslator translated: 'tests/test_parser2.py'
[  186s] LegacyPythonTranslator translated: 'tests/test_parser3.py'
[  186s] LegacyPythonTranslator translated: 'tests/test_stdlib.py'
[  186s] LegacyPythonTranslator translated: 'tests/test_stubs.py'
[  186s] ++ '[' -f _current_flavor ']'
[  186s] ++ cat _current_flavor
[  186s] + last_flavor=python39
[  186s] + '[' -z python39 ']'
[  186s] + '[' python39 '!=' python311 ']'
[  186s] + '[' -d build ']'
[  186s] + mv build _build.python39
[  186s] + '[' -d _build.python311 ']'
[  186s] + mv _build.python311 build
[  187s] + echo python311
[  187s] + python_flavor=python311
[  187s] + /usr/bin/python3.11 setup.py install -O1 --skip-build --force --root /home/abuild/rpmbuild/BUILDROOT/python-pscript-0.7.7-1.2.riscv64 --prefix /usr
[  194s] /usr/lib/python3.11/site-packages/setuptools/command/install.py:34: SetuptoolsDeprecationWarning: setup.py install is deprecated. Use build and pip and other standards-based tools.
[  194s]   warnings.warn(
[  201s] warning: no previously-included files matching '.git*' found anywhere in distribution
[  201s] warning: no previously-included files matching '*.pyo' found anywhere in distribution
[  201s] warning: no previously-included files matching '*.pyc' found anywhere in distribution
[  202s] LegacyPythonTranslator translated: '__init__.py'
[  202s] LegacyPythonTranslator translated: 'base.py'
[  202s] LegacyPythonTranslator cancelled: 'commonast.py'
[  202s] LegacyPythonTranslator translated: 'functions.py'
[  202s] LegacyPythonTranslator translated: 'modules.py'
[  202s] LegacyPythonTranslator translated: 'parser0.py'
[  202s] LegacyPythonTranslator translated: 'parser1.py'
[  202s] LegacyPythonTranslator translated: 'parser2.py'
[  202s] LegacyPythonTranslator translated: 'parser3.py'
[  202s] LegacyPythonTranslator translated: 'stdlib.py'
[  202s] LegacyPythonTranslator translated: 'stubs.py'
[  202s] LegacyPythonTranslator cancelled: 'testing.py'
[  202s] LegacyPythonTranslator skipped: 'tests/python_sample.py'
[  202s] LegacyPythonTranslator skipped: 'tests/python_sample2.py'
[  202s] LegacyPythonTranslator skipped: 'tests/python_sample3.py'
[  202s] LegacyPythonTranslator cancelled: 'tests/test_commonast.py'
[  202s] LegacyPythonTranslator translated: 'tests/test_functions.py'
[  202s] LegacyPythonTranslator translated: 'tests/test_modules.py'
[  202s] LegacyPythonTranslator translated: 'tests/test_parser0.py'
[  202s] LegacyPythonTranslator translated: 'tests/test_parser1.py'
[  202s] LegacyPythonTranslator translated: 'tests/test_parser2.py'
[  202s] LegacyPythonTranslator translated: 'tests/test_parser3.py'
[  202s] LegacyPythonTranslator translated: 'tests/test_stdlib.py'
[  202s] LegacyPythonTranslator translated: 'tests/test_stubs.py'
[  202s] ++ '[' -f _current_flavor ']'
[  202s] ++ cat _current_flavor
[  202s] + last_flavor=python311
[  202s] + '[' -z python311 ']'
[  202s] + '[' python311 '!=' python310 ']'
[  202s] + '[' -d build ']'
[  202s] + mv build _build.python311
[  202s] + '[' -d _build.python310 ']'
[  202s] + mv _build.python310 build
[  202s] + echo python310
[  202s] + python_flavor=python310
[  202s] + /usr/bin/python3.10 setup.py install -O1 --skip-build --force --root /home/abuild/rpmbuild/BUILDROOT/python-pscript-0.7.7-1.2.riscv64 --prefix /usr
[  211s] /usr/lib/python3.10/site-packages/setuptools/command/install.py:34: SetuptoolsDeprecationWarning: setup.py install is deprecated. Use build and pip and other standards-based tools.
[  211s]   warnings.warn(
[  218s] warning: no previously-included files matching '.git*' found anywhere in distribution
[  218s] warning: no previously-included files matching '*.pyo' found anywhere in distribution
[  218s] warning: no previously-included files matching '*.pyc' found anywhere in distribution
[  218s] LegacyPythonTranslator translated: '__init__.py'
[  218s] LegacyPythonTranslator translated: 'base.py'
[  218s] LegacyPythonTranslator cancelled: 'commonast.py'
[  218s] LegacyPythonTranslator translated: 'functions.py'
[  218s] LegacyPythonTranslator translated: 'modules.py'
[  218s] LegacyPythonTranslator translated: 'parser0.py'
[  218s] LegacyPythonTranslator translated: 'parser1.py'
[  218s] LegacyPythonTranslator translated: 'parser2.py'
[  218s] LegacyPythonTranslator translated: 'parser3.py'
[  218s] LegacyPythonTranslator translated: 'stdlib.py'
[  218s] LegacyPythonTranslator translated: 'stubs.py'
[  218s] LegacyPythonTranslator cancelled: 'testing.py'
[  218s] LegacyPythonTranslator skipped: 'tests/python_sample.py'
[  218s] LegacyPythonTranslator skipped: 'tests/python_sample2.py'
[  218s] LegacyPythonTranslator skipped: 'tests/python_sample3.py'
[  218s] LegacyPythonTranslator cancelled: 'tests/test_commonast.py'
[  218s] LegacyPythonTranslator translated: 'tests/test_functions.py'
[  218s] LegacyPythonTranslator translated: 'tests/test_modules.py'
[  218s] LegacyPythonTranslator translated: 'tests/test_parser0.py'
[  218s] LegacyPythonTranslator translated: 'tests/test_parser1.py'
[  218s] LegacyPythonTranslator translated: 'tests/test_parser2.py'
[  218s] LegacyPythonTranslator translated: 'tests/test_parser3.py'
[  218s] LegacyPythonTranslator translated: 'tests/test_stdlib.py'
[  218s] LegacyPythonTranslator translated: 'tests/test_stubs.py'
[  219s] ++ '[' -f _current_flavor ']'
[  219s] ++ cat _current_flavor
[  219s] + last_flavor=python310
[  219s] + '[' -z python310 ']'
[  219s] + '[' python310 '!=' python38 ']'
[  219s] + '[' -d build ']'
[  219s] + mv build _build.python310
[  219s] + '[' -d _build.python38 ']'
[  219s] + mv _build.python38 build
[  219s] + echo python38
[  219s] + python_flavor=python38
[  219s] + /usr/lib/rpm/fdupes_wrapper /home/abuild/rpmbuild/BUILDROOT/python-pscript-0.7.7-1.2.riscv64/usr/lib/python3.8/site-packages
[  219s] Linking /home/abuild/rpmbuild/BUILDROOT/python-pscript-0.7.7-1.2.riscv64/usr/lib/python3.8/site-packages/pscript-0.7.7-py3.8.egg-info/dependency_links.txt -> /home/abuild/rpmbuild/BUILDROOT/python-pscript-0.7.7-1.2.riscv64/usr/lib/python3.8/site-packages/pscript-0.7.7-py3.8.egg-info/zip-safe
[  219s] Linking /home/abuild/rpmbuild/BUILDROOT/python-pscript-0.7.7-1.2.riscv64/usr/lib/python3.8/site-packages/pscript/__pycache__/stubs.cpython-38.opt-1.pyc -> /home/abuild/rpmbuild/BUILDROOT/python-pscript-0.7.7-1.2.riscv64/usr/lib/python3.8/site-packages/pscript/__pycache__/stubs.cpython-38.pyc
[  219s] Linking /home/abuild/rpmbuild/BUILDROOT/python-pscript-0.7.7-1.2.riscv64/usr/lib/python3.8/site-packages/pscript/__pycache__/stdlib.cpython-38.opt-1.pyc -> /home/abuild/rpmbuild/BUILDROOT/python-pscript-0.7.7-1.2.riscv64/usr/lib/python3.8/site-packages/pscript/__pycache__/stdlib.cpython-38.pyc
[  219s] Linking /home/abuild/rpmbuild/BUILDROOT/python-pscript-0.7.7-1.2.riscv64/usr/lib/python3.8/site-packages/pscript/__pycache__/modules.cpython-38.opt-1.pyc -> /home/abuild/rpmbuild/BUILDROOT/python-pscript-0.7.7-1.2.riscv64/usr/lib/python3.8/site-packages/pscript/__pycache__/modules.cpython-38.pyc
[  219s] Linking /home/abuild/rpmbuild/BUILDROOT/python-pscript-0.7.7-1.2.riscv64/usr/lib/python3.8/site-packages/pscript/__pycache__/functions.cpython-38.opt-1.pyc -> /home/abuild/rpmbuild/BUILDROOT/python-pscript-0.7.7-1.2.riscv64/usr/lib/python3.8/site-packages/pscript/__pycache__/functions.cpython-38.pyc
[  219s] Linking /home/abuild/rpmbuild/BUILDROOT/python-pscript-0.7.7-1.2.riscv64/usr/lib/python3.8/site-packages/pscript/__pycache__/base.cpython-38.opt-1.pyc -> /home/abuild/rpmbuild/BUILDROOT/python-pscript-0.7.7-1.2.riscv64/usr/lib/python3.8/site-packages/pscript/__pycache__/base.cpython-38.pyc
[  219s] Linking /home/abuild/rpmbuild/BUILDROOT/python-pscript-0.7.7-1.2.riscv64/usr/lib/python3.8/site-packages/pscript/__pycache__/__init__.cpython-38.opt-1.pyc -> /home/abuild/rpmbuild/BUILDROOT/python-pscript-0.7.7-1.2.riscv64/usr/lib/python3.8/site-packages/pscript/__pycache__/__init__.cpython-38.pyc
[  219s] Linking /home/abuild/rpmbuild/BUILDROOT/python-pscript-0.7.7-1.2.riscv64/usr/lib/python3.8/site-packages/pscript/testing.py -> /home/abuild/rpmbuild/BUILDROOT/python-pscript-0.7.7-1.2.riscv64/usr/lib/python3.8/site-packages/pscript_legacy/testing.py
[  219s] Linking /home/abuild/rpmbuild/BUILDROOT/python-pscript-0.7.7-1.2.riscv64/usr/lib/python3.8/site-packages/pscript/commonast.py -> /home/abuild/rpmbuild/BUILDROOT/python-pscript-0.7.7-1.2.riscv64/usr/lib/python3.8/site-packages/pscript_legacy/commonast.py
[  219s] ++ '[' -f _current_flavor ']'
[  219s] ++ cat _current_flavor
[  219s] + last_flavor=python38
[  219s] + '[' -z python38 ']'
[  219s] + '[' python38 '!=' python39 ']'
[  219s] + '[' -d build ']'
[  219s] + mv build _build.python38
[  219s] + '[' -d _build.python39 ']'
[  219s] + mv _build.python39 build
[  219s] + echo python39
[  219s] + python_flavor=python39
[  219s] + /usr/lib/rpm/fdupes_wrapper /home/abuild/rpmbuild/BUILDROOT/python-pscript-0.7.7-1.2.riscv64/usr/lib/python3.9/site-packages
[  219s] Linking /home/abuild/rpmbuild/BUILDROOT/python-pscript-0.7.7-1.2.riscv64/usr/lib/python3.9/site-packages/pscript-0.7.7-py3.9.egg-info/dependency_links.txt -> /home/abuild/rpmbuild/BUILDROOT/python-pscript-0.7.7-1.2.riscv64/usr/lib/python3.9/site-packages/pscript-0.7.7-py3.9.egg-info/zip-safe
[  219s] Linking /home/abuild/rpmbuild/BUILDROOT/python-pscript-0.7.7-1.2.riscv64/usr/lib/python3.9/site-packages/pscript/__pycache__/stubs.cpython-39.opt-1.pyc -> /home/abuild/rpmbuild/BUILDROOT/python-pscript-0.7.7-1.2.riscv64/usr/lib/python3.9/site-packages/pscript/__pycache__/stubs.cpython-39.pyc
[  219s] Linking /home/abuild/rpmbuild/BUILDROOT/python-pscript-0.7.7-1.2.riscv64/usr/lib/python3.9/site-packages/pscript/__pycache__/stdlib.cpython-39.opt-1.pyc -> /home/abuild/rpmbuild/BUILDROOT/python-pscript-0.7.7-1.2.riscv64/usr/lib/python3.9/site-packages/pscript/__pycache__/stdlib.cpython-39.pyc
[  219s] Linking /home/abuild/rpmbuild/BUILDROOT/python-pscript-0.7.7-1.2.riscv64/usr/lib/python3.9/site-packages/pscript/__pycache__/modules.cpython-39.opt-1.pyc -> /home/abuild/rpmbuild/BUILDROOT/python-pscript-0.7.7-1.2.riscv64/usr/lib/python3.9/site-packages/pscript/__pycache__/modules.cpython-39.pyc
[  219s] Linking /home/abuild/rpmbuild/BUILDROOT/python-pscript-0.7.7-1.2.riscv64/usr/lib/python3.9/site-packages/pscript/__pycache__/functions.cpython-39.opt-1.pyc -> /home/abuild/rpmbuild/BUILDROOT/python-pscript-0.7.7-1.2.riscv64/usr/lib/python3.9/site-packages/pscript/__pycache__/functions.cpython-39.pyc
[  219s] Linking /home/abuild/rpmbuild/BUILDROOT/python-pscript-0.7.7-1.2.riscv64/usr/lib/python3.9/site-packages/pscript/__pycache__/base.cpython-39.opt-1.pyc -> /home/abuild/rpmbuild/BUILDROOT/python-pscript-0.7.7-1.2.riscv64/usr/lib/python3.9/site-packages/pscript/__pycache__/base.cpython-39.pyc
[  219s] Linking /home/abuild/rpmbuild/BUILDROOT/python-pscript-0.7.7-1.2.riscv64/usr/lib/python3.9/site-packages/pscript/testing.py -> /home/abuild/rpmbuild/BUILDROOT/python-pscript-0.7.7-1.2.riscv64/usr/lib/python3.9/site-packages/pscript_legacy/testing.py
[  219s] Linking /home/abuild/rpmbuild/BUILDROOT/python-pscript-0.7.7-1.2.riscv64/usr/lib/python3.9/site-packages/pscript/commonast.py -> /home/abuild/rpmbuild/BUILDROOT/python-pscript-0.7.7-1.2.riscv64/usr/lib/python3.9/site-packages/pscript_legacy/commonast.py
[  219s] ++ '[' -f _current_flavor ']'
[  219s] ++ cat _current_flavor
[  219s] + last_flavor=python39
[  219s] + '[' -z python39 ']'
[  219s] + '[' python39 '!=' python311 ']'
[  219s] + '[' -d build ']'
[  219s] + mv build _build.python39
[  219s] + '[' -d _build.python311 ']'
[  219s] + mv _build.python311 build
[  219s] + echo python311
[  219s] + python_flavor=python311
[  219s] + /usr/lib/rpm/fdupes_wrapper /home/abuild/rpmbuild/BUILDROOT/python-pscript-0.7.7-1.2.riscv64/usr/lib/python3.11/site-packages
[  220s] Linking /home/abuild/rpmbuild/BUILDROOT/python-pscript-0.7.7-1.2.riscv64/usr/lib/python3.11/site-packages/pscript-0.7.7-py3.11.egg-info/dependency_links.txt -> /home/abuild/rpmbuild/BUILDROOT/python-pscript-0.7.7-1.2.riscv64/usr/lib/python3.11/site-packages/pscript-0.7.7-py3.11.egg-info/zip-safe
[  220s] Linking /home/abuild/rpmbuild/BUILDROOT/python-pscript-0.7.7-1.2.riscv64/usr/lib/python3.11/site-packages/pscript_legacy/__pycache__/testing.cpython-311.opt-1.pyc -> /home/abuild/rpmbuild/BUILDROOT/python-pscript-0.7.7-1.2.riscv64/usr/lib/python3.11/site-packages/pscript_legacy/__pycache__/testing.cpython-311.pyc
[  220s] Linking /home/abuild/rpmbuild/BUILDROOT/python-pscript-0.7.7-1.2.riscv64/usr/lib/python3.11/site-packages/pscript_legacy/__pycache__/stubs.cpython-311.opt-1.pyc -> /home/abuild/rpmbuild/BUILDROOT/python-pscript-0.7.7-1.2.riscv64/usr/lib/python3.11/site-packages/pscript_legacy/__pycache__/stubs.cpython-311.pyc
[  220s] Linking /home/abuild/rpmbuild/BUILDROOT/python-pscript-0.7.7-1.2.riscv64/usr/lib/python3.11/site-packages/pscript_legacy/__pycache__/stdlib.cpython-311.opt-1.pyc -> /home/abuild/rpmbuild/BUILDROOT/python-pscript-0.7.7-1.2.riscv64/usr/lib/python3.11/site-packages/pscript_legacy/__pycache__/stdlib.cpython-311.pyc
[  220s] Linking /home/abuild/rpmbuild/BUILDROOT/python-pscript-0.7.7-1.2.riscv64/usr/lib/python3.11/site-packages/pscript_legacy/__pycache__/parser3.cpython-311.opt-1.pyc -> /home/abuild/rpmbuild/BUILDROOT/python-pscript-0.7.7-1.2.riscv64/usr/lib/python3.11/site-packages/pscript_legacy/__pycache__/parser3.cpython-311.pyc
[  220s] Linking /home/abuild/rpmbuild/BUILDROOT/python-pscript-0.7.7-1.2.riscv64/usr/lib/python3.11/site-packages/pscript_legacy/__pycache__/parser2.cpython-311.opt-1.pyc -> /home/abuild/rpmbuild/BUILDROOT/python-pscript-0.7.7-1.2.riscv64/usr/lib/python3.11/site-packages/pscript_legacy/__pycache__/parser2.cpython-311.pyc
[  220s] Linking /home/abuild/rpmbuild/BUILDROOT/python-pscript-0.7.7-1.2.riscv64/usr/lib/python3.11/site-packages/pscript_legacy/__pycache__/parser1.cpython-311.opt-1.pyc -> /home/abuild/rpmbuild/BUILDROOT/python-pscript-0.7.7-1.2.riscv64/usr/lib/python3.11/site-packages/pscript_legacy/__pycache__/parser1.cpython-311.pyc
[  220s] Linking /home/abuild/rpmbuild/BUILDROOT/python-pscript-0.7.7-1.2.riscv64/usr/lib/python3.11/site-packages/pscript_legacy/__pycache__/parser0.cpython-311.opt-1.pyc -> /home/abuild/rpmbuild/BUILDROOT/python-pscript-0.7.7-1.2.riscv64/usr/lib/python3.11/site-packages/pscript_legacy/__pycache__/parser0.cpython-311.pyc
[  220s] Linking /home/abuild/rpmbuild/BUILDROOT/python-pscript-0.7.7-1.2.riscv64/usr/lib/python3.11/site-packages/pscript_legacy/__pycache__/modules.cpython-311.opt-1.pyc -> /home/abuild/rpmbuild/BUILDROOT/python-pscript-0.7.7-1.2.riscv64/usr/lib/python3.11/site-packages/pscript_legacy/__pycache__/modules.cpython-311.pyc
[  220s] Linking /home/abuild/rpmbuild/BUILDROOT/python-pscript-0.7.7-1.2.riscv64/usr/lib/python3.11/site-packages/pscript_legacy/__pycache__/functions.cpython-311.opt-1.pyc -> /home/abuild/rpmbuild/BUILDROOT/python-pscript-0.7.7-1.2.riscv64/usr/lib/python3.11/site-packages/pscript_legacy/__pycache__/functions.cpython-311.pyc
[  220s] Linking /home/abuild/rpmbuild/BUILDROOT/python-pscript-0.7.7-1.2.riscv64/usr/lib/python3.11/site-packages/pscript_legacy/__pycache__/commonast.cpython-311.opt-1.pyc -> /home/abuild/rpmbuild/BUILDROOT/python-pscript-0.7.7-1.2.riscv64/usr/lib/python3.11/site-packages/pscript_legacy/__pycache__/commonast.cpython-311.pyc
[  220s] Linking /home/abuild/rpmbuild/BUILDROOT/python-pscript-0.7.7-1.2.riscv64/usr/lib/python3.11/site-packages/pscript_legacy/__pycache__/base.cpython-311.opt-1.pyc -> /home/abuild/rpmbuild/BUILDROOT/python-pscript-0.7.7-1.2.riscv64/usr/lib/python3.11/site-packages/pscript_legacy/__pycache__/base.cpython-311.pyc
[  220s] Linking /home/abuild/rpmbuild/BUILDROOT/python-pscript-0.7.7-1.2.riscv64/usr/lib/python3.11/site-packages/pscript_legacy/__pycache__/__init__.cpython-311.opt-1.pyc -> /home/abuild/rpmbuild/BUILDROOT/python-pscript-0.7.7-1.2.riscv64/usr/lib/python3.11/site-packages/pscript_legacy/__pycache__/__init__.cpython-311.pyc
[  220s] Linking /home/abuild/rpmbuild/BUILDROOT/python-pscript-0.7.7-1.2.riscv64/usr/lib/python3.11/site-packages/pscript/__pycache__/testing.cpython-311.opt-1.pyc -> /home/abuild/rpmbuild/BUILDROOT/python-pscript-0.7.7-1.2.riscv64/usr/lib/python3.11/site-packages/pscript/__pycache__/testing.cpython-311.pyc
[  220s] Linking /home/abuild/rpmbuild/BUILDROOT/python-pscript-0.7.7-1.2.riscv64/usr/lib/python3.11/site-packages/pscript/__pycache__/stubs.cpython-311.opt-1.pyc -> /home/abuild/rpmbuild/BUILDROOT/python-pscript-0.7.7-1.2.riscv64/usr/lib/python3.11/site-packages/pscript/__pycache__/stubs.cpython-311.pyc
[  220s] Linking /home/abuild/rpmbuild/BUILDROOT/python-pscript-0.7.7-1.2.riscv64/usr/lib/python3.11/site-packages/pscript/__pycache__/stdlib.cpython-311.opt-1.pyc -> /home/abuild/rpmbuild/BUILDROOT/python-pscript-0.7.7-1.2.riscv64/usr/lib/python3.11/site-packages/pscript/__pycache__/stdlib.cpython-311.pyc
[  220s] Linking /home/abuild/rpmbuild/BUILDROOT/python-pscript-0.7.7-1.2.riscv64/usr/lib/python3.11/site-packages/pscript/__pycache__/parser3.cpython-311.opt-1.pyc -> /home/abuild/rpmbuild/BUILDROOT/python-pscript-0.7.7-1.2.riscv64/usr/lib/python3.11/site-packages/pscript/__pycache__/parser3.cpython-311.pyc
[  220s] Linking /home/abuild/rpmbuild/BUILDROOT/python-pscript-0.7.7-1.2.riscv64/usr/lib/python3.11/site-packages/pscript/__pycache__/parser2.cpython-311.opt-1.pyc -> /home/abuild/rpmbuild/BUILDROOT/python-pscript-0.7.7-1.2.riscv64/usr/lib/python3.11/site-packages/pscript/__pycache__/parser2.cpython-311.pyc
[  220s] Linking /home/abuild/rpmbuild/BUILDROOT/python-pscript-0.7.7-1.2.riscv64/usr/lib/python3.11/site-packages/pscript/__pycache__/parser1.cpython-311.opt-1.pyc -> /home/abuild/rpmbuild/BUILDROOT/python-pscript-0.7.7-1.2.riscv64/usr/lib/python3.11/site-packages/pscript/__pycache__/parser1.cpython-311.pyc
[  220s] Linking /home/abuild/rpmbuild/BUILDROOT/python-pscript-0.7.7-1.2.riscv64/usr/lib/python3.11/site-packages/pscript/__pycache__/parser0.cpython-311.opt-1.pyc -> /home/abuild/rpmbuild/BUILDROOT/python-pscript-0.7.7-1.2.riscv64/usr/lib/python3.11/site-packages/pscript/__pycache__/parser0.cpython-311.pyc
[  220s] Linking /home/abuild/rpmbuild/BUILDROOT/python-pscript-0.7.7-1.2.riscv64/usr/lib/python3.11/site-packages/pscript/__pycache__/modules.cpython-311.opt-1.pyc -> /home/abuild/rpmbuild/BUILDROOT/python-pscript-0.7.7-1.2.riscv64/usr/lib/python3.11/site-packages/pscript/__pycache__/modules.cpython-311.pyc
[  220s] Linking /home/abuild/rpmbuild/BUILDROOT/python-pscript-0.7.7-1.2.riscv64/usr/lib/python3.11/site-packages/pscript/__pycache__/functions.cpython-311.opt-1.pyc -> /home/abuild/rpmbuild/BUILDROOT/python-pscript-0.7.7-1.2.riscv64/usr/lib/python3.11/site-packages/pscript/__pycache__/functions.cpython-311.pyc
[  220s] Linking /home/abuild/rpmbuild/BUILDROOT/python-pscript-0.7.7-1.2.riscv64/usr/lib/python3.11/site-packages/pscript/__pycache__/commonast.cpython-311.opt-1.pyc -> /home/abuild/rpmbuild/BUILDROOT/python-pscript-0.7.7-1.2.riscv64/usr/lib/python3.11/site-packages/pscript/__pycache__/commonast.cpython-311.pyc
[  220s] Linking /home/abuild/rpmbuild/BUILDROOT/python-pscript-0.7.7-1.2.riscv64/usr/lib/python3.11/site-packages/pscript/__pycache__/base.cpython-311.opt-1.pyc -> /home/abuild/rpmbuild/BUILDROOT/python-pscript-0.7.7-1.2.riscv64/usr/lib/python3.11/site-packages/pscript/__pycache__/base.cpython-311.pyc
[  220s] Linking /home/abuild/rpmbuild/BUILDROOT/python-pscript-0.7.7-1.2.riscv64/usr/lib/python3.11/site-packages/pscript/__pycache__/__init__.cpython-311.opt-1.pyc -> /home/abuild/rpmbuild/BUILDROOT/python-pscript-0.7.7-1.2.riscv64/usr/lib/python3.11/site-packages/pscript/__pycache__/__init__.cpython-311.pyc
[  220s] Linking /home/abuild/rpmbuild/BUILDROOT/python-pscript-0.7.7-1.2.riscv64/usr/lib/python3.11/site-packages/pscript/testing.py -> /home/abuild/rpmbuild/BUILDROOT/python-pscript-0.7.7-1.2.riscv64/usr/lib/python3.11/site-packages/pscript_legacy/testing.py
[  220s] Linking /home/abuild/rpmbuild/BUILDROOT/python-pscript-0.7.7-1.2.riscv64/usr/lib/python3.11/site-packages/pscript/commonast.py -> /home/abuild/rpmbuild/BUILDROOT/python-pscript-0.7.7-1.2.riscv64/usr/lib/python3.11/site-packages/pscript_legacy/commonast.py
[  220s] ++ '[' -f _current_flavor ']'
[  220s] ++ cat _current_flavor
[  220s] + last_flavor=python311
[  220s] + '[' -z python311 ']'
[  220s] + '[' python311 '!=' python310 ']'
[  220s] + '[' -d build ']'
[  220s] + mv build _build.python311
[  220s] + '[' -d _build.python310 ']'
[  220s] + mv _build.python310 build
[  220s] + echo python310
[  220s] + python_flavor=python310
[  220s] + /usr/lib/rpm/fdupes_wrapper /home/abuild/rpmbuild/BUILDROOT/python-pscript-0.7.7-1.2.riscv64/usr/lib/python3.10/site-packages
[  220s] Linking /home/abuild/rpmbuild/BUILDROOT/python-pscript-0.7.7-1.2.riscv64/usr/lib/python3.10/site-packages/pscript-0.7.7-py3.10.egg-info/dependency_links.txt -> /home/abuild/rpmbuild/BUILDROOT/python-pscript-0.7.7-1.2.riscv64/usr/lib/python3.10/site-packages/pscript-0.7.7-py3.10.egg-info/zip-safe
[  220s] Linking /home/abuild/rpmbuild/BUILDROOT/python-pscript-0.7.7-1.2.riscv64/usr/lib/python3.10/site-packages/pscript/__pycache__/stubs.cpython-310.opt-1.pyc -> /home/abuild/rpmbuild/BUILDROOT/python-pscript-0.7.7-1.2.riscv64/usr/lib/python3.10/site-packages/pscript/__pycache__/stubs.cpython-310.pyc
[  220s] Linking /home/abuild/rpmbuild/BUILDROOT/python-pscript-0.7.7-1.2.riscv64/usr/lib/python3.10/site-packages/pscript/__pycache__/stdlib.cpython-310.opt-1.pyc -> /home/abuild/rpmbuild/BUILDROOT/python-pscript-0.7.7-1.2.riscv64/usr/lib/python3.10/site-packages/pscript/__pycache__/stdlib.cpython-310.pyc
[  220s] Linking /home/abuild/rpmbuild/BUILDROOT/python-pscript-0.7.7-1.2.riscv64/usr/lib/python3.10/site-packages/pscript/__pycache__/modules.cpython-310.opt-1.pyc -> /home/abuild/rpmbuild/BUILDROOT/python-pscript-0.7.7-1.2.riscv64/usr/lib/python3.10/site-packages/pscript/__pycache__/modules.cpython-310.pyc
[  220s] Linking /home/abuild/rpmbuild/BUILDROOT/python-pscript-0.7.7-1.2.riscv64/usr/lib/python3.10/site-packages/pscript/__pycache__/functions.cpython-310.opt-1.pyc -> /home/abuild/rpmbuild/BUILDROOT/python-pscript-0.7.7-1.2.riscv64/usr/lib/python3.10/site-packages/pscript/__pycache__/functions.cpython-310.pyc
[  220s] Linking /home/abuild/rpmbuild/BUILDROOT/python-pscript-0.7.7-1.2.riscv64/usr/lib/python3.10/site-packages/pscript/__pycache__/base.cpython-310.opt-1.pyc -> /home/abuild/rpmbuild/BUILDROOT/python-pscript-0.7.7-1.2.riscv64/usr/lib/python3.10/site-packages/pscript/__pycache__/base.cpython-310.pyc
[  220s] Linking /home/abuild/rpmbuild/BUILDROOT/python-pscript-0.7.7-1.2.riscv64/usr/lib/python3.10/site-packages/pscript/testing.py -> /home/abuild/rpmbuild/BUILDROOT/python-pscript-0.7.7-1.2.riscv64/usr/lib/python3.10/site-packages/pscript_legacy/testing.py
[  220s] Linking /home/abuild/rpmbuild/BUILDROOT/python-pscript-0.7.7-1.2.riscv64/usr/lib/python3.10/site-packages/pscript/commonast.py -> /home/abuild/rpmbuild/BUILDROOT/python-pscript-0.7.7-1.2.riscv64/usr/lib/python3.10/site-packages/pscript_legacy/commonast.py
[  220s] + /usr/lib/rpm/find-debuginfo -j8 -n --run-dwz --dwz-low-mem-die-limit 10000000 --dwz-max-die-limit 50000000 -S debugsourcefiles.list /home/abuild/rpmbuild/BUILD/pscript-0.7.7
[  221s] + /usr/lib/rpm/brp-compress
[  221s] + /usr/lib/rpm/brp-suse
[  221s] calling /usr/lib/rpm/brp-suse.d/brp-05-permissions
[  221s] calling /usr/lib/rpm/brp-suse.d/brp-15-strip-debug
[  222s] calling /usr/lib/rpm/brp-suse.d/brp-25-symlink
[  222s] calling /usr/lib/rpm/brp-suse.d/brp-50-generate-fips-hmac
[  222s] calling /usr/lib/rpm/brp-suse.d/brp-75-ar
[  222s] Executing(%check): /usr/bin/bash -e /var/tmp/rpm-tmp.JRyPlw
[  222s] + umask 022
[  222s] + cd /home/abuild/rpmbuild/BUILD
[  222s] + cd pscript-0.7.7
[  222s] ++ '[' -f _current_flavor ']'
[  222s] ++ cat _current_flavor
[  222s] + last_flavor=python310
[  222s] + '[' -z python310 ']'
[  222s] + '[' python310 '!=' python38 ']'
[  222s] + '[' -d build ']'
[  222s] + mv build _build.python310
[  223s] + '[' -d _build.python38 ']'
[  223s] + mv _build.python38 build
[  223s] + echo python38
[  223s] + python_flavor=python38
[  223s] + PYTHONPATH=/home/abuild/rpmbuild/BUILDROOT/python-pscript-0.7.7-1.2.riscv64/usr/lib/python3.8/site-packages
[  223s] + invoke-3.8 test --unit
[  263s] Faulthandler enabled
[  263s] ============================= test session starts ==============================
[  263s] platform linux -- Python 3.8.16, pytest-7.2.0, pluggy-1.0.0
[  263s] rootdir: /home/abuild/rpmbuild/BUILD/pscript-0.7.7
[  263s] plugins: cov-4.0.0
[  263s] collected 226 items
[  263s] 
[  267s] pscript/tests/test_commonast.py ......s.....s..                          [  6%]
[  298s] pscript/tests/test_functions.py ............                             [ 11%]
[  298s] pscript/tests/test_modules.py .....                                      [ 14%]
[  298s] pscript/tests/test_parser0.py .                                          [ 14%]
[  625s] pscript/tests/test_parser1.py ...............................            [ 28%]
[  938s] pscript/tests/test_parser2.py .......................................... [ 46%]
[ 1047s] ..............                                                           [ 53%]
[ 1361s] pscript/tests/test_parser3.py .......................................... [ 71%]
[ 1875s] ..........................................................               [ 97%]
[ 1875s] pscript/tests/test_stdlib.py ....                                        [ 99%]
[ 1893s] pscript/tests/test_stubs.py ..                                           [100%]
[ 1893s] 
[ 1893s] ---------- coverage: platform linux, python 3.8.16-final-0 -----------
[ 1893s] Name                   Stmts   Miss  Cover
[ 1893s] ------------------------------------------
[ 1893s] pscript/__init__.py       16     16     0%
[ 1893s] pscript/base.py           10     10     0%
[ 1893s] pscript/commonast.py     582     51    91%
[ 1893s] pscript/functions.py     173     54    69%
[ 1893s] pscript/modules.py        50     12    76%
[ 1893s] pscript/parser0.py       193     48    75%
[ 1893s] pscript/parser1.py       423     58    86%
[ 1893s] pscript/parser2.py       559     36    94%
[ 1893s] pscript/parser3.py       155     43    72%
[ 1893s] pscript/stdlib.py        157    112    29%
[ 1893s] pscript/stubs.py          63     30    52%
[ 1893s] pscript/testing.py        43     20    53%
[ 1893s] ------------------------------------------
[ 1893s] TOTAL                   2424    490    80%
[ 1893s] Coverage HTML written to dir htmlcov
[ 1893s] 
[ 1893s] 
[ 1893s] ================= 224 passed, 2 skipped in 1663.96s (0:27:43) ==================
[ 1893s] Unit tests were performed on <module 'pscript' from '/home/abuild/rpmbuild/BUILD/pscript-0.7.7/pscript/__init__.py'>
[ 1893s] ++ '[' -f _current_flavor ']'
[ 1893s] ++ cat _current_flavor
[ 1893s] + last_flavor=python38
[ 1893s] + '[' -z python38 ']'
[ 1893s] + '[' python38 '!=' python39 ']'
[ 1893s] + '[' -d build ']'
[ 1893s] + mv build _build.python38
[ 1893s] + '[' -d _build.python39 ']'
[ 1893s] + mv _build.python39 build
[ 1893s] + echo python39
[ 1893s] + python_flavor=python39
[ 1893s] + PYTHONPATH=/home/abuild/rpmbuild/BUILDROOT/python-pscript-0.7.7-1.2.riscv64/usr/lib/python3.9/site-packages
[ 1893s] + invoke-3.9 test --unit
[ 1937s] Faulthandler enabled
[ 1937s] ============================= test session starts ==============================
[ 1937s] platform linux -- Python 3.9.16, pytest-7.2.0, pluggy-1.0.0
[ 1937s] rootdir: /home/abuild/rpmbuild/BUILD/pscript-0.7.7
[ 1937s] plugins: cov-4.0.0
[ 1937s] collected 226 items
[ 1937s] 
[ 1941s] pscript/tests/test_commonast.py ......s.....s..                          [  6%]
[ 1971s] pscript/tests/test_functions.py ............                             [ 11%]
[ 1971s] pscript/tests/test_modules.py .....                                      [ 14%]
[ 1971s] pscript/tests/test_parser0.py .                                          [ 14%]
[ 2274s] pscript/tests/test_parser1.py ...............................            [ 28%]
[ 2564s] pscript/tests/test_parser2.py .......................................... [ 46%]
[ 2669s] ..............                                                           [ 53%]
[ 2963s] pscript/tests/test_parser3.py .......................................... [ 71%]
[ 3459s] ..........................................................               [ 97%]
[ 3459s] pscript/tests/test_stdlib.py ....                                        [ 99%]
[ 3469s] pscript/tests/test_stubs.py ..                                           [100%]
[ 3469s] 
[ 3469s] ---------- coverage: platform linux, python 3.9.16-final-0 -----------
[ 3469s] Name                   Stmts   Miss  Cover
[ 3469s] ------------------------------------------
[ 3469s] pscript/__init__.py       16     16     0%
[ 3469s] pscript/base.py           10     10     0%
[ 3469s] pscript/commonast.py     582     48    92%
[ 3469s] pscript/functions.py     173     54    69%
[ 3469s] pscript/modules.py        50     12    76%
[ 3469s] pscript/parser0.py       193     48    75%
[ 3469s] pscript/parser1.py       423     58    86%
[ 3469s] pscript/parser2.py       559     36    94%
[ 3469s] pscript/parser3.py       155     43    72%
[ 3469s] pscript/stdlib.py        157    112    29%
[ 3469s] pscript/stubs.py          63     30    52%
[ 3469s] pscript/testing.py        43     20    53%
[ 3469s] ------------------------------------------
[ 3469s] TOTAL                   2424    487    80%
[ 3469s] Coverage HTML written to dir htmlcov
[ 3469s] 
[ 3469s] 
[ 3469s] ================= 224 passed, 2 skipped in 1568.20s (0:26:08) ==================
[ 3469s] Unit tests were performed on <module 'pscript' from '/home/abuild/rpmbuild/BUILD/pscript-0.7.7/pscript/__init__.py'>
[ 3469s] ++ '[' -f _current_flavor ']'
[ 3469s] ++ cat _current_flavor
[ 3469s] + last_flavor=python39
[ 3469s] + '[' -z python39 ']'
[ 3469s] + '[' python39 '!=' python311 ']'
[ 3469s] + '[' -d build ']'
[ 3469s] + mv build _build.python39
[ 3469s] + '[' -d _build.python311 ']'
[ 3469s] + mv _build.python311 build
[ 3469s] + echo python311
[ 3469s] + python_flavor=python311
[ 3469s] + PYTHONPATH=/home/abuild/rpmbuild/BUILDROOT/python-pscript-0.7.7-1.2.riscv64/usr/lib/python3.11/site-packages
[ 3469s] + invoke-3.11 test --unit
[ 3517s] Faulthandler enabled
[ 3517s] ============================= test session starts ==============================
[ 3517s] platform linux -- Python 3.11.1, pytest-7.2.0, pluggy-1.0.0
[ 3517s] rootdir: /home/abuild/rpmbuild/BUILD/pscript-0.7.7
[ 3517s] plugins: cov-4.0.0
[ 3517s] collected 226 items
[ 3517s] 
[ 3522s] pscript/tests/test_commonast.py ......s.....s..                          [  6%]
[ 3555s] pscript/tests/test_functions.py ............                             [ 11%]
[ 3555s] pscript/tests/test_modules.py .....                                      [ 14%]
[ 3555s] pscript/tests/test_parser0.py .                                          [ 14%]
[ 3909s] pscript/tests/test_parser1.py ...............................            [ 28%]
[ 4265s] pscript/tests/test_parser2.py .......................................... [ 46%]
[ 4403s] ..............                                                           [ 53%]
[ 4773s] pscript/tests/test_parser3.py .......................................... [ 71%]
[ 5387s] ..........................................................               [ 97%]
[ 5387s] pscript/tests/test_stdlib.py ....                                        [ 99%]
[ 5398s] pscript/tests/test_stubs.py ..                                           [100%]
[ 5398s] 
[ 5398s] ---------- coverage: platform linux, python 3.11.1-final-0 -----------
[ 5398s] Name                   Stmts   Miss  Cover
[ 5398s] ------------------------------------------
[ 5398s] pscript/__init__.py       16     16     0%
[ 5398s] pscript/base.py           10     10     0%
[ 5398s] pscript/commonast.py     582     48    92%
[ 5398s] pscript/functions.py     173     54    69%
[ 5398s] pscript/modules.py        50     12    76%
[ 5398s] pscript/parser0.py       193     48    75%
[ 5398s] pscript/parser1.py       423     58    86%
[ 5398s] pscript/parser2.py       561     36    94%
[ 5398s] pscript/parser3.py       155     43    72%
[ 5398s] pscript/stdlib.py        157    112    29%
[ 5398s] pscript/stubs.py          63     30    52%
[ 5398s] pscript/testing.py        43     20    53%
[ 5398s] ------------------------------------------
[ 5398s] TOTAL                   2426    487    80%
[ 5398s] Coverage HTML written to dir htmlcov
[ 5398s] 
[ 5398s] 
[ 5398s] ================= 224 passed, 2 skipped in 1923.40s (0:32:03) ==================
[ 5398s] Unit tests were performed on <module 'pscript' from '/home/abuild/rpmbuild/BUILD/pscript-0.7.7/pscript/__init__.py'>
[ 5399s] ++ '[' -f _current_flavor ']'
[ 5399s] ++ cat _current_flavor
[ 5399s] + last_flavor=python311
[ 5399s] + '[' -z python311 ']'
[ 5399s] + '[' python311 '!=' python310 ']'
[ 5399s] + '[' -d build ']'
[ 5399s] + mv build _build.python311
[ 5399s] + '[' -d _build.python310 ']'
[ 5399s] + mv _build.python310 build
[ 5399s] + echo python310
[ 5399s] + python_flavor=python310
[ 5399s] + PYTHONPATH=/home/abuild/rpmbuild/BUILDROOT/python-pscript-0.7.7-1.2.riscv64/usr/lib/python3.10/site-packages
[ 5399s] + invoke-3.10 test --unit
[ 5451s] Faulthandler enabled
[ 5451s] ============================= test session starts ==============================
[ 5451s] platform linux -- Python 3.10.9, pytest-7.2.0, pluggy-1.0.0
[ 5451s] rootdir: /home/abuild/rpmbuild/BUILD/pscript-0.7.7
[ 5451s] plugins: cov-4.0.0
[ 5451s] collected 226 items
[ 5451s] 
[ 5456s] pscript/tests/test_commonast.py ......s.....s..                          [  6%]
[ 5487s] pscript/tests/test_functions.py ............                             [ 11%]
[ 5487s] pscript/tests/test_modules.py .....                                      [ 14%]
[ 5487s] pscript/tests/test_parser0.py .                                          [ 14%]
[ 5851s] pscript/tests/test_parser1.py ....................F..........            [ 28%]
[ 6226s] pscript/tests/test_parser2.py .......................................... [ 46%]
[ 6383s] ..............                                                           [ 53%]
[ 6786s] pscript/tests/test_parser3.py .......................................... [ 71%]
[ 7548s] ..........................................................               [ 97%]
[ 7549s] pscript/tests/test_stdlib.py ....                                        [ 99%]
[ 7563s] pscript/tests/test_stubs.py ..                                           [100%]
[ 7563s] 
[ 7563s] =================================== FAILURES ===================================
[ 7563s] _________________________ TestExpressions.test_import __________________________
[ 7563s] 
[ 7563s] self = <test_parser1.TestExpressions object at 0x4004e00cd0>
[ 7563s] 
[ 7563s]     def test_import(self):
[ 7563s]         with raises(JSError):
[ 7563s]             py2js('import time')
[ 7563s]     
[ 7563s]         # But we do support special time funcs
[ 7563s]         import time
[ 7563s] >       assert abs(float(evalpy('time()')) - time.time()) < 0.5
[ 7563s] E       AssertionError: assert 0.5321097373962402 < 0.5
[ 7563s] E        +  where 0.5321097373962402 = abs((1676769679.749 - 1676769680.2811098))
[ 7563s] E        +    where 1676769679.749 = float('1676769679.749')
[ 7563s] E        +      where '1676769679.749' = evalpy('time()')
[ 7563s] E        +    and   1676769680.2811098 = <built-in function time>()
[ 7563s] E        +      where <built-in function time> = <module 'time' (built-in)>.time
[ 7563s] 
[ 7563s] pscript/tests/test_parser1.py:393: AssertionError
[ 7563s] 
[ 7563s] ---------- coverage: platform linux, python 3.10.9-final-0 -----------
[ 7563s] Name                   Stmts   Miss  Cover
[ 7563s] ------------------------------------------
[ 7563s] pscript/__init__.py       16     16     0%
[ 7563s] pscript/base.py           10     10     0%
[ 7563s] pscript/commonast.py     582     48    92%
[ 7563s] pscript/functions.py     173     54    69%
[ 7563s] pscript/modules.py        50     12    76%
[ 7563s] pscript/parser0.py       193     48    75%
[ 7563s] pscript/parser1.py       423     58    86%
[ 7563s] pscript/parser2.py       561     36    94%
[ 7563s] pscript/parser3.py       155     43    72%
[ 7563s] pscript/stdlib.py        157    112    29%
[ 7563s] pscript/stubs.py          63     30    52%
[ 7563s] pscript/testing.py        43     20    53%
[ 7563s] ------------------------------------------
[ 7563s] TOTAL                   2426    487    80%
[ 7563s] Coverage HTML written to dir htmlcov
[ 7563s] 
[ 7563s] =========================== short test summary info ============================
[ 7563s] FAILED pscript/tests/test_parser1.py::TestExpressions::test_import - Assertio...
[ 7563s] ============ 1 failed, 223 passed, 2 skipped in 2157.61s (0:35:57) =============
[ 7563s] Unit tests were performed on <module 'pscript' from '/home/abuild/rpmbuild/BUILD/pscript-0.7.7/pscript/__init__.py'>
[ 7564s] error: Bad exit status from /var/tmp/rpm-tmp.JRyPlw (%check)
[ 7564s] 
[ 7564s] RPM build errors:
[ 7564s]     Bad exit status from /var/tmp/rpm-tmp.JRyPlw (%check)
[ 7565s] ### VM INTERACTION START ###
[ 7565s] [ 7557.373088][    T1] sysrq: Power Off
[ 7565s] [ 7557.419526][   T18] reboot: Power down
[ 7566s] ### VM INTERACTION END ###
[ 7566s] 
[ 7566s] lamb55 failed "build python-pscript.spec" at Sun Feb 19 01:50:45 UTC 2023.
[ 7566s] 
