[    0s] Using BUILD_ROOT=/var/cache/obs/worker/root_1/.mount
[    0s] Using BUILD_ARCH=riscv64
[    0s] Doing kvm build in /var/cache/obs/worker/root_1/root
[    0s] 
[    0s] 
[    0s] old-atreju4 started "build python-devpi-common.spec" at Sun Feb 19 07:11:45 UTC 2023.
[    0s] 
[    0s] Building python-devpi-common for project 'openSUSE:Factory:RISCV' repository 'standard' arch 'riscv64' srcmd5 '4ddc1a8994ea499f6e9769a9f5718394'
[    0s] 
[    0s] processing recipe /var/cache/obs/worker/root_1/.build-srcdir/python-devpi-common.spec ...
[    0s] running changelog2spec --target rpm --file /var/cache/obs/worker/root_1/.build-srcdir/python-devpi-common.spec
[    0s] init_buildsystem --configdir /var/run/obs/worker/1/build/configs --cachedir /var/cache/build --prepare --clean --rpmlist /var/cache/obs/worker/root_1/.build.rpmlist /var/cache/obs/worker/root_1/.build-srcdir/python-devpi-common.spec build ...
[    0s] unpacking preinstall image openSUSE:Factory:RISCV/standard/preinstallimage-python [83160fede3a282f635470653fe6cebf8]
[    5s] 
[    5s] copying packages...
[    5s] reordering...done
[    5s] Detected virtio-serial support
[    6s] booting kvm...
[    6s] ### VM INTERACTION START ###
[    6s] Using virtio-serial support
[    6s] /usr/bin/qemu-kvm -nodefaults -no-reboot -nographic -vga none -cpu host -M pc,accel=kvm,usb=off,dump-guest-core=off,vmport=off -sandbox on -bios /usr/share/qemu/qboot.rom -object rng-random,filename=/dev/random,id=rng0 -device virtio-rng-pci,rng=rng0 -object iothread,id=io0 -runas qemu -net none -kernel /var/cache/obs/worker/root_1/.mount/boot/kernel -initrd /var/cache/obs/worker/root_1/.mount/boot/initrd -append root=/dev/disk/by-id/virtio-0 rootfstype=ext4 rootflags=noatime kvmclock mitigations=off elevator=noop nmi_watchdog=0 rw rd.driver.pre=binfmt_misc oops=panic panic=1 quiet console=hvc0 init=/.build/initvm.x86_64 -m 8192 -drive file=/var/cache/obs/worker/root_1/root,format=raw,if=none,id=disk,cache=unsafe,aio=io_uring -device virtio-blk-pci,iothread=io0,drive=disk,serial=0 -drive file=/var/cache/obs/worker/root_1/swap,format=raw,if=none,id=swap,cache=unsafe,aio=io_uring -device virtio-blk-pci,iothread=io0,drive=swap,serial=1 -device virtio-serial,max_ports=2 -device virtconsole,chardev=virtiocon0 -chardev stdio,id=virtiocon0 -chardev socket,id=monitor,server=on,wait=off,path=/var/cache/obs/worker/root_1/root.qemu/monitor -mon chardev=monitor,mode=readline -smp 4
[   12s] ### VM INTERACTION END ###
[   12s] 2nd stage started in virtual machine
[   13s] machine type: riscv64
[   13s] Linux version: 6.1.12-1-default #1 SMP PREEMPT_DYNAMIC Wed Feb 15 05:31:41 UTC 2023 (373f017)
[   13s] Increasing log level from now on...
[   13s] [    6.106765][  T369] sysrq: Changing Loglevel
[   13s] [    6.106909][  T369] sysrq: Loglevel set to 4
[   13s] Enable sysrq operations
[   14s] Setting up swapspace version 1, size = 2 GiB (2147479552 bytes)
[   14s] no label, UUID=49130ea2-d2f7-48ae-a408-6472acd48f75
[   14s] swapon: /dev/vdb: found signature [pagesize=4096, signature=swap]
[   14s] swapon: /dev/vdb: pagesize=4096, swapsize=2147483648, devsize=2147483648
[   14s] swapon /dev/vdb
[   14s] WARNING: udev not running, creating extra device nodes
[   15s] logging output to //.build.log...
[   15s] processing recipe /.build-srcdir/python-devpi-common.spec ...
[   15s] init_buildsystem --configdir /.build/configs --cachedir /var/cache/build /.build-srcdir/python-devpi-common.spec build ...
[   16s] initializing rpm db...
[   17s] querying package ids...
[   55s] [1/247] preinstalled aaa_base-84.87+git20220822.6b9f7a3-1.1
[   55s] [2/247] preinstalled aaa_base-malloccheck-84.87+git20220822.6b9f7a3-1.1
[   55s] [3/247] preinstalled attr-2.5.1-1.1
[   55s] [4/247] preinstalled bash-5.2.15-8.1
[   55s] [5/247] preinstalled bash-sh-5.2.15-8.1
[   55s] [6/247] preinstalled binutils-2.39-3.1
[   55s] [7/247] preinstalled brp-check-suse-84.87+git20221115.2f7add6-1.1
[   55s] [8/247] preinstalled build-compare-20221206T204012.bb70754-1.2
[   55s] [9/247] preinstalled build-mkbaselibs-20230215-1.1
[   55s] [10/247] preinstalled bzip2-1.0.8-4.1
[   55s] [11/247] preinstalled chkstat-1599_20221220-1.2
[   55s] [12/247] preinstalled compat-usrmerge-build-84.87-5.1
[   55s] [13/247] preinstalled compat-usrmerge-tools-84.87-5.1
[   55s] [14/247] preinstalled coreutils-9.1-5.1
[   55s] [15/247] preinstalled cpio-2.13-5.1
[   55s] [16/247] preinstalled cpp-12-2.1
[   55s] [17/247] preinstalled cpp12-12.2.1+git749-4.1
[   55s] [18/247] preinstalled crypto-policies-20210917.c9d86d1-1.1
[   55s] [19/247] preinstalled debugedit-5.0-5.1
[   55s] [20/247] preinstalled diffutils-3.9-1.1
[   55s] [21/247] preinstalled dwz-0.15-2.1
[   55s] [22/247] preinstalled elfutils-0.188-3.2
[   55s] [23/247] cumulate fdupes-2.2.1-1.1
[   55s] [24/247] preinstalled file-5.44-1.2
[   55s] [25/247] preinstalled file-magic-5.44-1.2
[   55s] [26/247] preinstalled filesystem-84.87-12.1
[   55s] [27/247] preinstalled fillup-1.42-279.1
[   55s] [28/247] preinstalled findutils-4.9.0-2.1
[   55s] [29/247] preinstalled gawk-5.2.1-2.1
[   55s] [30/247] preinstalled gcc-12-2.1
[   55s] [31/247] preinstalled gcc-PIE-12-2.1
[   55s] [32/247] preinstalled gcc12-12.2.1+git749-4.1
[   55s] [33/247] preinstalled gcc12-PIE-12.2.1+git749-4.1
[   55s] [34/247] preinstalled gettext-runtime-mini-0.21.1-1.1
[   55s] [35/247] preinstalled gettext-tools-mini-0.21.1-1.1
[   55s] [36/247] preinstalled glibc-2.37-1.1
[   55s] [37/247] preinstalled glibc-devel-2.37-1.1
[   55s] [38/247] preinstalled glibc-locale-base-2.37-1.1
[   55s] [39/247] preinstalled grep-3.8-3.1
[   55s] [40/247] preinstalled gzip-1.12-3.1
[   55s] [41/247] preinstalled kernel-obs-build-6.1.12-1.1
[   55s] [42/247] preinstalled libacl1-2.3.1-2.1
[   55s] [43/247] cumulate libalternatives1-1.2+3.b848aad-3.1
[   55s] [44/247] preinstalled libasan8-13.0.1+git5428-6.1
[   55s] [45/247] preinstalled libasm1-0.188-3.2
[   55s] [46/247] preinstalled libatomic1-13.0.1+git5428-6.1
[   55s] [47/247] preinstalled libattr1-2.5.1-1.1
[   55s] [48/247] preinstalled libaudit1-3.0.6-4.1
[   55s] [49/247] preinstalled libblkid1-2.38.1-7.1
[   55s] [50/247] preinstalled libbz2-1-1.0.8-4.1
[   55s] [51/247] preinstalled libcap-ng0-0.8.3-1.1
[   55s] [52/247] preinstalled libcap2-2.67-1.1
[   55s] [53/247] preinstalled libcrypt1-4.4.33-1.1
[   55s] [54/247] preinstalled libctf-nobfd0-2.39-3.1
[   55s] [55/247] preinstalled libctf0-2.39-3.1
[   55s] [56/247] preinstalled libdb-4_8-4.8.30-39.1
[   55s] [57/247] preinstalled libdw1-0.188-3.2
[   55s] [58/247] preinstalled libeconf0-0.5.1-1.1
[   55s] [59/247] preinstalled libelf1-0.188-3.2
[   55s] [60/247] preinstalled libexpat1-2.5.0-2.1
[   55s] [61/247] preinstalled libfdisk1-2.38.1-7.1
[   55s] [62/247] preinstalled libffi8-3.4.4-1.1
[   55s] [63/247] preinstalled libgcc_s1-13.0.1+git5428-6.1
[   55s] [64/247] preinstalled libgcrypt20-1.10.1-1.1
[   55s] [65/247] preinstalled libgdbm6-1.23-1.1
[   55s] [66/247] preinstalled libgdbm_compat4-1.23-1.1
[   55s] [67/247] preinstalled libgmp10-6.2.1-4.1
[   55s] [68/247] preinstalled libgomp1-13.0.1+git5428-6.1
[   55s] [69/247] preinstalled libgpg-error0-1.46-1.1
[   55s] [70/247] preinstalled libisl23-0.25-1.1
[   55s] [71/247] preinstalled liblua5_4-5-5.4.4-8.1
[   55s] [72/247] preinstalled liblzma5-5.4.1-1.1
[   55s] [73/247] preinstalled libmagic1-5.44-1.2
[   55s] [74/247] preinstalled libmount1-2.38.1-7.1
[   55s] [75/247] preinstalled libmpc3-1.3.1-1.2
[   55s] [76/247] preinstalled libmpdec3-2.5.1-2.1
[   55s] [77/247] preinstalled libmpfr6-4.2.0-1.1
[   55s] [78/247] preinstalled libncurses6-6.4.20230128-5.1
[   55s] [79/247] preinstalled libopenssl3-3.0.7-3.1
[   55s] [80/247] cumulate libp11-kit0-0.24.1-2.1
[   55s] [81/247] preinstalled libpcre2-8-0-10.42-3.2
[   55s] [82/247] preinstalled libpkgconf3-1.8.0-2.1
[   55s] [83/247] preinstalled libpopt0-1.19-1.1
[   55s] [84/247] preinstalled libpython3_10-1_0-3.10.9-2.2
[   55s] [85/247] preinstalled libpython3_11-1_0-3.11.1-4.2
[   55s] [86/247] preinstalled libpython3_8-1_0-3.8.16-3.2
[   55s] [87/247] preinstalled libpython3_9-1_0-3.9.16-3.2
[   55s] [88/247] preinstalled libreadline8-8.2-2.1
[   55s] [89/247] preinstalled librpmbuild9-4.18.0-3.2
[   55s] [90/247] preinstalled libseccomp2-2.5.4-2.1
[   55s] [91/247] preinstalled libselinux1-3.4-2.1
[   55s] [92/247] preinstalled libsemanage-conf-3.4-1.1
[   55s] [93/247] preinstalled libsemanage2-3.4-1.1
[   55s] [94/247] preinstalled libsepol2-3.4-1.1
[   55s] [95/247] preinstalled libsmartcols1-2.38.1-7.1
[   55s] [96/247] cumulate libsqlite3-0-3.40.1-1.1
[   55s] [97/247] preinstalled libstdc++6-13.0.1+git5428-6.1
[   55s] [98/247] preinstalled libsubid4-4.13-3.1
[   55s] [99/247] cumulate libtasn1-6-4.19.0-1.1
[   55s] [100/247] preinstalled libubsan1-13.0.1+git5428-6.1
[   55s] [101/247] preinstalled libutempter0-1.2.0-3.2
[   55s] [102/247] preinstalled libuuid1-2.38.1-7.1
[   55s] [103/247] preinstalled libxcrypt-devel-4.4.33-1.1
[   55s] [104/247] preinstalled libz1-1.2.13-2.1
[   55s] [105/247] preinstalled libzstd1-1.5.2-2.1
[   55s] [106/247] preinstalled linux-glibc-devel-6.1-1.1
[   55s] [107/247] preinstalled login_defs-4.13-3.1
[   55s] [108/247] preinstalled lua54-5.4.4-8.1
[   55s] [109/247] preinstalled make-4.4-2.1
[   55s] [110/247] preinstalled ncurses-utils-6.4.20230128-5.1
[   55s] [111/247] preinstalled pam-1.5.2-12.1
[   55s] [112/247] preinstalled patch-2.7.6-6.1
[   55s] [113/247] preinstalled perl-5.36.0-4.1
[   55s] [114/247] preinstalled perl-base-5.36.0-4.1
[   55s] [115/247] preinstalled permissions-1599_20221220-1.2
[   55s] [116/247] preinstalled permissions-config-1599_20221220-1.2
[   55s] [117/247] preinstalled pkgconf-1.8.0-2.1
[   55s] [118/247] preinstalled pkgconf-m4-1.8.0-2.1
[   55s] [119/247] preinstalled pkgconf-pkg-config-1.8.0-2.1
[   55s] [120/247] preinstalled polkit-default-privs-1550+20221102.9f111fa-1.1
[   55s] [121/247] preinstalled post-build-checks-84.87+git20230106.3a359c5-1.1
[   55s] [122/247] preinstalled python-rpm-macros-20230128.e704796-1.2
[   55s] [123/247] preinstalled python-rpm-packaging-20210526+a18ca48-1.2
[   55s] [124/247] cumulate python310-apipkg-3.0.1-1.2
[   55s] [125/247] cumulate python310-attrs-22.2.0-1.2
[   55s] [126/247] preinstalled python310-base-3.10.9-2.2
[   55s] [127/247] cumulate python310-charset-normalizer-3.0.1-1.2
[   55s] [128/247] cumulate python310-exceptiongroup-1.1.0-1.2
[   55s] [129/247] cumulate python310-idna-3.4-1.2
[   55s] [130/247] cumulate python310-iniconfig-1.1.1-3.2
[   55s] [131/247] cumulate python310-lazy-1.5-1.2
[   55s] [132/247] preinstalled python310-packaging-23.0-1.1
[   55s] [133/247] cumulate python310-pluggy-1.0.0-1.5
[   55s] [134/247] cumulate python310-pycparser-2.21-1.5
[   55s] [135/247] preinstalled python310-setuptools-65.6.3-1.2
[   55s] [136/247] cumulate python310-six-1.16.0-2.5
[   55s] [137/247] cumulate python310-tomli-2.0.1-1.3
[   55s] [138/247] cumulate python310-zipp-3.8.1-1.2
[   55s] [139/247] cumulate python311-apipkg-3.0.1-1.2
[   55s] [140/247] cumulate python311-attrs-22.2.0-1.2
[   55s] [141/247] preinstalled python311-base-3.11.1-4.2
[   55s] [142/247] cumulate python311-charset-normalizer-3.0.1-1.2
[   55s] [143/247] cumulate python311-exceptiongroup-1.1.0-1.2
[   55s] [144/247] cumulate python311-idna-3.4-1.2
[   55s] [145/247] cumulate python311-iniconfig-1.1.1-3.2
[   55s] [146/247] cumulate python311-lazy-1.5-1.2
[   55s] [147/247] cumulate python311-packaging-23.0-1.2
[   55s] [148/247] cumulate python311-pluggy-1.0.0-1.5
[   55s] [149/247] cumulate python311-pycparser-2.21-1.5
[   55s] [150/247] preinstalled python311-setuptools-65.6.3-1.2
[   55s] [151/247] cumulate python311-six-1.16.0-2.5
[   55s] [152/247] cumulate python311-tomli-2.0.1-1.3
[   55s] [153/247] cumulate python311-zipp-3.8.1-1.2
[   55s] [154/247] cumulate python38-apipkg-3.0.1-1.2
[   55s] [155/247] cumulate python38-attrs-22.2.0-1.2
[   55s] [156/247] preinstalled python38-base-3.8.16-3.2
[   55s] [157/247] cumulate python38-charset-normalizer-3.0.1-1.2
[   55s] [158/247] cumulate python38-exceptiongroup-1.1.0-1.2
[   55s] [159/247] cumulate python38-idna-3.4-1.2
[   55s] [160/247] cumulate python38-iniconfig-1.1.1-3.2
[   55s] [161/247] cumulate python38-lazy-1.5-1.2
[   55s] [162/247] cumulate python38-packaging-23.0-1.2
[   55s] [163/247] cumulate python38-pluggy-1.0.0-1.5
[   55s] [164/247] cumulate python38-pycparser-2.21-1.5
[   55s] [165/247] preinstalled python38-setuptools-65.6.3-1.2
[   55s] [166/247] cumulate python38-six-1.16.0-2.5
[   55s] [167/247] cumulate python38-tomli-2.0.1-1.3
[   55s] [168/247] cumulate python38-zipp-3.8.1-1.2
[   55s] [169/247] cumulate python39-apipkg-3.0.1-1.2
[   55s] [170/247] cumulate python39-attrs-22.2.0-1.2
[   55s] [171/247] preinstalled python39-base-3.9.16-3.2
[   55s] [172/247] cumulate python39-charset-normalizer-3.0.1-1.2
[   55s] [173/247] cumulate python39-exceptiongroup-1.1.0-1.2
[   55s] [174/247] cumulate python39-idna-3.4-1.2
[   55s] [175/247] cumulate python39-iniconfig-1.1.1-3.2
[   55s] [176/247] cumulate python39-lazy-1.5-1.2
[   55s] [177/247] cumulate python39-packaging-23.0-1.2
[   55s] [178/247] cumulate python39-pluggy-1.0.0-1.5
[   55s] [179/247] cumulate python39-pycparser-2.21-1.5
[   55s] [180/247] preinstalled python39-setuptools-65.6.3-1.2
[   55s] [181/247] cumulate python39-six-1.16.0-2.5
[   55s] [182/247] cumulate python39-tomli-2.0.1-1.3
[   55s] [183/247] cumulate python39-zipp-3.8.1-1.2
[   55s] [184/247] preinstalled qemu-linux-user-7.1.0-50.1
[   55s] [185/247] preinstalled rpm-4.18.0-3.2
[   55s] [186/247] preinstalled rpm-build-4.18.0-3.2
[   55s] [187/247] preinstalled rpm-build-perl-4.18.0-3.2
[   55s] [188/247] preinstalled rpm-config-SUSE-20220926-1.1
[   55s] [189/247] preinstalled rpmlint-mini-2.4.0+git20230214.1bab129-9.4
[   55s] [190/247] preinstalled rpmlint-strict-2.4.0+git20230214.1bab129-1.1
[   55s] [191/247] preinstalled sed-4.9-2.1
[   55s] [192/247] preinstalled shadow-4.13-3.1
[   55s] [193/247] preinstalled system-group-hardware-20170617-24.1
[   55s] [194/247] preinstalled system-user-root-20190513-2.1
[   55s] [195/247] preinstalled systemd-rpm-macros-19-1.1
[   55s] [196/247] preinstalled sysuser-shadow-3.1-5.1
[   55s] [197/247] preinstalled tar-1.34-9.1
[   55s] [198/247] preinstalled terminfo-base-6.4.20230128-5.1
[   55s] [199/247] preinstalled update-alternatives-1.21.8-1.1
[   55s] [200/247] preinstalled util-linux-2.38.1-7.1
[   55s] [201/247] preinstalled which-2.21-5.1
[   55s] [202/247] preinstalled xz-5.4.1-1.1
[   55s] [203/247] cumulate alts-1.2+3.b848aad-3.1
[   55s] [204/247] cumulate python310-3.10.9-2.1
[   55s] [205/247] cumulate python310-cffi-1.15.1-3.2
[   55s] [206/247] cumulate python310-importlib-metadata-6.0.0-1.2
[   56s] [207/247] cumulate python311-3.11.1-4.1
[   56s] [208/247] cumulate python311-cffi-1.15.1-3.2
[   56s] [209/247] cumulate python311-importlib-metadata-6.0.0-1.2
[   56s] [210/247] cumulate python38-3.8.16-3.1
[   56s] [211/247] cumulate python38-cffi-1.15.1-3.2
[   56s] [212/247] cumulate python38-importlib-metadata-6.0.0-1.2
[   56s] [213/247] cumulate python39-3.9.16-3.1
[   56s] [214/247] cumulate python39-cffi-1.15.1-3.2
[   56s] [215/247] cumulate python39-importlib-metadata-6.0.0-1.2
[   56s] [216/247] cumulate p11-kit-0.24.1-2.1
[   56s] [217/247] cumulate p11-kit-tools-0.24.1-2.1
[   56s] [218/247] cumulate python310-py-1.11.0-3.2
[   56s] [219/247] cumulate python311-py-1.11.0-3.2
[   56s] [220/247] cumulate python38-py-1.11.0-3.2
[   56s] [221/247] cumulate python39-py-1.11.0-3.2
[   56s] [222/247] cumulate python310-pyOpenSSL-23.0.0-1.2
[   56s] [223/247] cumulate python311-pyOpenSSL-23.0.0-1.2
[   56s] [224/247] cumulate python38-pyOpenSSL-23.0.0-1.2
[   56s] [225/247] cumulate python39-pyOpenSSL-23.0.0-1.2
[   56s] [226/247] cumulate ca-certificates-2+git20211004.3efbea9-1.1
[   56s] [227/247] cumulate python310-cryptography-39.0.1-1.2
[   56s] [228/247] cumulate python311-cryptography-39.0.1-1.2
[   56s] [229/247] cumulate python38-cryptography-39.0.1-1.2
[   56s] [230/247] cumulate python39-cryptography-39.0.1-1.2
[   56s] [231/247] cumulate python310-pytest-7.2.0-2.2
[   56s] [232/247] cumulate python311-pytest-7.2.0-2.2
[   56s] [233/247] cumulate python38-pytest-7.2.0-2.2
[   56s] [234/247] cumulate python39-pytest-7.2.0-2.2
[   56s] [235/247] cumulate ca-certificates-mozilla-2.60-1.2
[   56s] [236/247] cumulate python310-certifi-2022.9.24-1.2
[   56s] [237/247] cumulate python311-certifi-2022.9.24-1.2
[   56s] [238/247] cumulate python38-certifi-2022.9.24-1.2
[   56s] [239/247] cumulate python39-certifi-2022.9.24-1.2
[   56s] [240/247] cumulate python310-urllib3-1.26.14-1.2
[   56s] [241/247] cumulate python311-urllib3-1.26.14-1.2
[   56s] [242/247] cumulate python38-urllib3-1.26.14-1.2
[   56s] [243/247] cumulate python39-urllib3-1.26.14-1.2
[   56s] [244/247] cumulate python310-requests-2.28.2-1.2
[   56s] [245/247] cumulate python311-requests-2.28.2-1.2
[   56s] [246/247] cumulate python38-requests-2.28.2-1.2
[   56s] [247/247] cumulate python39-requests-2.28.2-1.2
[   56s] now installing cumulated packages
[   57s] Preparing...                          ########################################
[   57s] Updating / installing...
[   57s] libsqlite3-0-3.40.1-1.1               ########################################
[   58s] python310-3.10.9-2.1                  ########################################
[   58s] python311-3.11.1-4.1                  ########################################
[   58s] python38-3.8.16-3.1                   ########################################
[   58s] python39-3.9.16-3.1                   ########################################
[   58s] python39-iniconfig-1.1.1-3.2          ########################################
[   58s] python39-idna-3.4-1.2                 ########################################
[   58s] python38-iniconfig-1.1.1-3.2          ########################################
[   58s] python38-idna-3.4-1.2                 ########################################
[   58s] python311-iniconfig-1.1.1-3.2         ########################################
[   58s] python311-idna-3.4-1.2                ########################################
[   58s] python310-iniconfig-1.1.1-3.2         ########################################
[   59s] python310-idna-3.4-1.2                ########################################
[   59s] libtasn1-6-4.19.0-1.1                 ########################################
[   59s] libp11-kit0-0.24.1-2.1                ########################################
[   59s] p11-kit-0.24.1-2.1                    ########################################
[   59s] p11-kit-tools-0.24.1-2.1              ########################################
[   59s] ca-certificates-2+git20211004.3efbea9-########################################
[   63s] ca-certificates-mozilla-2.60-1.2      ########################################
[   71s] python310-certifi-2022.9.24-1.2       ########################################
[   71s] python311-certifi-2022.9.24-1.2       ########################################
[   71s] python38-certifi-2022.9.24-1.2        ########################################
[   71s] python39-certifi-2022.9.24-1.2        ########################################
[   71s] python39-zipp-3.8.1-1.2               ########################################
[   71s] python39-importlib-metadata-6.0.0-1.2 ########################################
[   71s] python39-tomli-2.0.1-1.3              ########################################
[   72s] python39-six-1.16.0-2.5               ########################################
[   72s] python39-pycparser-2.21-1.5           ########################################
[   72s] python39-cffi-1.15.1-3.2              ########################################
[   74s] python39-cryptography-39.0.1-1.2      ########################################
[   74s] python39-pyOpenSSL-23.0.0-1.2         ########################################
[   74s] python39-urllib3-1.26.14-1.2          ########################################
[   74s] python39-pluggy-1.0.0-1.5             ########################################
[   74s] python39-packaging-23.0-1.2           ########################################
[   74s] python39-exceptiongroup-1.1.0-1.2     ########################################
[   74s] python39-charset-normalizer-3.0.1-1.2 ########################################
[   75s] python39-attrs-22.2.0-1.2             ########################################
[   75s] python39-apipkg-3.0.1-1.2             ########################################
[   75s] python39-py-1.11.0-3.2                ########################################
[   75s] python38-zipp-3.8.1-1.2               ########################################
[   75s] python38-importlib-metadata-6.0.0-1.2 ########################################
[   75s] python38-tomli-2.0.1-1.3              ########################################
[   75s] python38-six-1.16.0-2.5               ########################################
[   76s] python38-pycparser-2.21-1.5           ########################################
[   76s] python38-cffi-1.15.1-3.2              ########################################
[   77s] python38-cryptography-39.0.1-1.2      ########################################
[   77s] python38-pyOpenSSL-23.0.0-1.2         ########################################
[   78s] python38-urllib3-1.26.14-1.2          ########################################
[   78s] python38-pluggy-1.0.0-1.5             ########################################
[   78s] python38-packaging-23.0-1.2           ########################################
[   78s] python38-exceptiongroup-1.1.0-1.2     ########################################
[   78s] python38-charset-normalizer-3.0.1-1.2 ########################################
[   78s] python38-attrs-22.2.0-1.2             ########################################
[   78s] python38-apipkg-3.0.1-1.2             ########################################
[   79s] python38-py-1.11.0-3.2                ########################################
[   79s] python311-zipp-3.8.1-1.2              ########################################
[   79s] python311-importlib-metadata-6.0.0-1.2########################################
[   79s] python311-tomli-2.0.1-1.3             ########################################
[   79s] python311-six-1.16.0-2.5              ########################################
[   79s] python311-pycparser-2.21-1.5          ########################################
[   80s] python311-cffi-1.15.1-3.2             ########################################
[   81s] python311-cryptography-39.0.1-1.2     ########################################
[   81s] python311-pyOpenSSL-23.0.0-1.2        ########################################
[   81s] python311-urllib3-1.26.14-1.2         ########################################
[   81s] python311-pluggy-1.0.0-1.5            ########################################
[   82s] python311-packaging-23.0-1.2          ########################################
[   82s] python311-exceptiongroup-1.1.0-1.2    ########################################
[   82s] python311-charset-normalizer-3.0.1-1.2########################################
[   82s] python311-attrs-22.2.0-1.2            ########################################
[   82s] python311-apipkg-3.0.1-1.2            ########################################
[   82s] python311-py-1.11.0-3.2               ########################################
[   82s] python310-zipp-3.8.1-1.2              ########################################
[   82s] python310-importlib-metadata-6.0.0-1.2########################################
[   83s] python310-tomli-2.0.1-1.3             ########################################
[   83s] python310-six-1.16.0-2.5              ########################################
[   83s] python310-pycparser-2.21-1.5          ########################################
[   83s] python310-cffi-1.15.1-3.2             ########################################
[   84s] python310-cryptography-39.0.1-1.2     ########################################
[   84s] python310-pyOpenSSL-23.0.0-1.2        ########################################
[   84s] python310-urllib3-1.26.14-1.2         ########################################
[   85s] python310-pluggy-1.0.0-1.5            ########################################
[   85s] python310-exceptiongroup-1.1.0-1.2    ########################################
[   85s] python310-charset-normalizer-3.0.1-1.2########################################
[   85s] python310-attrs-22.2.0-1.2            ########################################
[   85s] python310-apipkg-3.0.1-1.2            ########################################
[   85s] python310-py-1.11.0-3.2               ########################################
[   85s] libalternatives1-1.2+3.b848aad-3.1    ########################################
[   85s] alts-1.2+3.b848aad-3.1                ########################################
[   86s] python310-pytest-7.2.0-2.2            ########################################
[   87s] python311-pytest-7.2.0-2.2            ########################################
[   88s] python38-pytest-7.2.0-2.2             ########################################
[   90s] python39-pytest-7.2.0-2.2             ########################################
[   90s] python310-requests-2.28.2-1.2         ########################################
[   90s] python311-requests-2.28.2-1.2         ########################################
[   90s] python38-requests-2.28.2-1.2          ########################################
[   90s] python39-requests-2.28.2-1.2          ########################################
[   90s] python39-lazy-1.5-1.2                 ########################################
[   90s] python38-lazy-1.5-1.2                 ########################################
[   90s] python311-lazy-1.5-1.2                ########################################
[   90s] python310-lazy-1.5-1.2                ########################################
[   90s] fdupes-2.2.1-1.1                      ########################################
[  103s] now finalizing build dir...
[  103s] ... running 01-add_abuild_user_to_trusted_group
[  104s] ... running 02-set_timezone_to_utc
[  104s] ... running 03-set-permissions-secure
[  104s] ... running 11-hack_uname_version_to_kernel_version
[  116s] -----------------------------------------------------------------
[  116s] I have the following modifications for python-devpi-common.spec:
[  116s] 22c22
[  116s] < Release:        0
[  116s] ---
[  116s] > Release:        1.2
[  128s] build target is riscv64-suse-linux
[  128s] -----------------------------------------------------------------
[  128s] ----- building python-devpi-common.spec (user abuild)
[  128s] -----------------------------------------------------------------
[  128s] -----------------------------------------------------------------
[  134s] + exec rpmbuild -ba --define '_srcdefattr (-,root,root)' --nosignature --target=riscv64-suse-linux --define '_build_create_debug 1' --define 'disturl obs://build.opensuse.org/openSUSE:Factory:RISCV/standard/4ddc1a8994ea499f6e9769a9f5718394-python-devpi-common' /home/abuild/rpmbuild/SOURCES/python-devpi-common.spec
[  179s] Building target platforms: riscv64-suse-linux
[  179s] Building for target riscv64-suse-linux
[  179s] setting SOURCE_DATE_EPOCH=1665532800
[  179s] Executing(%prep): /usr/bin/bash -e /var/tmp/rpm-tmp.cL4K2H
[  179s] + umask 022
[  179s] + cd /home/abuild/rpmbuild/BUILD
[  179s] + cd /home/abuild/rpmbuild/BUILD
[  179s] + rm -rf devpi-common-3.7.0
[  179s] + /usr/lib/rpm/rpmuncompress -x /home/abuild/rpmbuild/SOURCES/devpi-common-3.7.0.tar.gz
[  179s] + STATUS=0
[  179s] + '[' 0 -ne 0 ']'
[  179s] + cd devpi-common-3.7.0
[  179s] + /usr/bin/chmod -Rf a+rX,u+w,g-w,o-w .
[  180s] + rm tox.ini
[  180s] + RPM_EC=0
[  180s] ++ jobs -p
[  180s] + exit 0
[  180s] Executing(%build): /usr/bin/bash -e /var/tmp/rpm-tmp.rymyvd
[  180s] + umask 022
[  180s] + cd /home/abuild/rpmbuild/BUILD
[  180s] + /usr/bin/rm -rf /home/abuild/rpmbuild/BUILDROOT/python-devpi-common-3.7.0-1.2.riscv64
[  180s] ++ dirname /home/abuild/rpmbuild/BUILDROOT/python-devpi-common-3.7.0-1.2.riscv64
[  180s] + /usr/bin/mkdir -p /home/abuild/rpmbuild/BUILDROOT
[  180s] + /usr/bin/mkdir /home/abuild/rpmbuild/BUILDROOT/python-devpi-common-3.7.0-1.2.riscv64
[  180s] + cd devpi-common-3.7.0
[  180s] + ref=/usr/lib/rpm
[  180s] + mints=0
[  180s] + case $(uname -m) in
[  180s] ++ uname -m
[  180s] + mints=20160911
[  180s] + for s in guess sub
[  180s] ++ find -maxdepth 8 -name config.guess
[  181s] + for s in guess sub
[  181s] ++ find -maxdepth 8 -name config.sub
[  181s] ++ '[' -f _current_flavor ']'
[  181s] ++ true
[  181s] + last_flavor=
[  181s] + '[' -z '' ']'
[  181s] + last_flavor=tmp
[  181s] + '[' tmp '!=' python38 ']'
[  181s] + '[' -d build ']'
[  181s] + '[' -d _build.python38 ']'
[  181s] + echo python38
[  181s] + python_flavor=python38
[  181s] + /usr/bin/python3.8 setup.py build '--executable=/usr/bin/python3.8 -s'
[  189s] running build
[  189s] running build_py
[  189s] creating build
[  189s] creating build/lib
[  189s] creating build/lib/devpi_common
[  189s] copying devpi_common/__init__.py -> build/lib/devpi_common
[  189s] copying devpi_common/archive.py -> build/lib/devpi_common
[  189s] copying devpi_common/metadata.py -> build/lib/devpi_common
[  189s] copying devpi_common/proc.py -> build/lib/devpi_common
[  189s] copying devpi_common/request.py -> build/lib/devpi_common
[  189s] copying devpi_common/types.py -> build/lib/devpi_common
[  189s] copying devpi_common/url.py -> build/lib/devpi_common
[  189s] copying devpi_common/validation.py -> build/lib/devpi_common
[  189s] copying devpi_common/viewhelp.py -> build/lib/devpi_common
[  189s] creating build/lib/devpi_common/vendor
[  189s] copying devpi_common/vendor/__init__.py -> build/lib/devpi_common/vendor
[  189s] copying devpi_common/vendor/_pip.py -> build/lib/devpi_common/vendor
[  190s] ++ '[' -f _current_flavor ']'
[  190s] ++ cat _current_flavor
[  190s] + last_flavor=python38
[  190s] + '[' -z python38 ']'
[  190s] + '[' python38 '!=' python39 ']'
[  190s] + '[' -d build ']'
[  190s] + mv build _build.python38
[  190s] + '[' -d _build.python39 ']'
[  190s] + echo python39
[  190s] + python_flavor=python39
[  190s] + /usr/bin/python3.9 setup.py build '--executable=/usr/bin/python3.9 -s'
[  197s] running build
[  197s] running build_py
[  198s] creating build
[  198s] creating build/lib
[  198s] creating build/lib/devpi_common
[  198s] copying devpi_common/__init__.py -> build/lib/devpi_common
[  198s] copying devpi_common/archive.py -> build/lib/devpi_common
[  198s] copying devpi_common/metadata.py -> build/lib/devpi_common
[  198s] copying devpi_common/proc.py -> build/lib/devpi_common
[  198s] copying devpi_common/request.py -> build/lib/devpi_common
[  198s] copying devpi_common/types.py -> build/lib/devpi_common
[  198s] copying devpi_common/url.py -> build/lib/devpi_common
[  198s] copying devpi_common/validation.py -> build/lib/devpi_common
[  198s] copying devpi_common/viewhelp.py -> build/lib/devpi_common
[  198s] creating build/lib/devpi_common/vendor
[  198s] copying devpi_common/vendor/__init__.py -> build/lib/devpi_common/vendor
[  198s] copying devpi_common/vendor/_pip.py -> build/lib/devpi_common/vendor
[  198s] ++ '[' -f _current_flavor ']'
[  198s] ++ cat _current_flavor
[  198s] + last_flavor=python39
[  198s] + '[' -z python39 ']'
[  198s] + '[' python39 '!=' python311 ']'
[  198s] + '[' -d build ']'
[  198s] + mv build _build.python39
[  198s] + '[' -d _build.python311 ']'
[  198s] + echo python311
[  198s] + python_flavor=python311
[  198s] + /usr/bin/python3.11 setup.py build '--executable=/usr/bin/python3.11 -s'
[  205s] running build
[  205s] running build_py
[  205s] creating build
[  205s] creating build/lib
[  205s] creating build/lib/devpi_common
[  205s] copying devpi_common/__init__.py -> build/lib/devpi_common
[  205s] copying devpi_common/archive.py -> build/lib/devpi_common
[  205s] copying devpi_common/metadata.py -> build/lib/devpi_common
[  205s] copying devpi_common/proc.py -> build/lib/devpi_common
[  205s] copying devpi_common/request.py -> build/lib/devpi_common
[  205s] copying devpi_common/types.py -> build/lib/devpi_common
[  205s] copying devpi_common/url.py -> build/lib/devpi_common
[  205s] copying devpi_common/validation.py -> build/lib/devpi_common
[  205s] copying devpi_common/viewhelp.py -> build/lib/devpi_common
[  205s] creating build/lib/devpi_common/vendor
[  205s] copying devpi_common/vendor/__init__.py -> build/lib/devpi_common/vendor
[  205s] copying devpi_common/vendor/_pip.py -> build/lib/devpi_common/vendor
[  206s] ++ '[' -f _current_flavor ']'
[  206s] ++ cat _current_flavor
[  206s] + last_flavor=python311
[  206s] + '[' -z python311 ']'
[  206s] + '[' python311 '!=' python310 ']'
[  206s] + '[' -d build ']'
[  206s] + mv build _build.python311
[  206s] + '[' -d _build.python310 ']'
[  206s] + echo python310
[  206s] + python_flavor=python310
[  206s] + /usr/bin/python3.10 setup.py build '--executable=/usr/bin/python3.10 -s'
[  214s] running build
[  214s] running build_py
[  214s] creating build
[  214s] creating build/lib
[  214s] creating build/lib/devpi_common
[  214s] copying devpi_common/__init__.py -> build/lib/devpi_common
[  214s] copying devpi_common/archive.py -> build/lib/devpi_common
[  214s] copying devpi_common/metadata.py -> build/lib/devpi_common
[  214s] copying devpi_common/proc.py -> build/lib/devpi_common
[  214s] copying devpi_common/request.py -> build/lib/devpi_common
[  214s] copying devpi_common/types.py -> build/lib/devpi_common
[  214s] copying devpi_common/url.py -> build/lib/devpi_common
[  214s] copying devpi_common/validation.py -> build/lib/devpi_common
[  214s] copying devpi_common/viewhelp.py -> build/lib/devpi_common
[  214s] creating build/lib/devpi_common/vendor
[  214s] copying devpi_common/vendor/__init__.py -> build/lib/devpi_common/vendor
[  214s] copying devpi_common/vendor/_pip.py -> build/lib/devpi_common/vendor
[  214s] + RPM_EC=0
[  214s] ++ jobs -p
[  214s] + exit 0
[  215s] Executing(%install): /usr/bin/bash -e /var/tmp/rpm-tmp.jFxTSg
[  215s] + umask 022
[  215s] + cd /home/abuild/rpmbuild/BUILD
[  215s] + /usr/bin/rm -rf /home/abuild/rpmbuild/BUILDROOT/python-devpi-common-3.7.0-1.2.riscv64
[  215s] + /usr/bin/mkdir -p /home/abuild/rpmbuild/BUILDROOT
[  215s] + /usr/bin/mkdir /home/abuild/rpmbuild/BUILDROOT/python-devpi-common-3.7.0-1.2.riscv64
[  215s] + cd devpi-common-3.7.0
[  215s] ++ '[' -f _current_flavor ']'
[  215s] ++ cat _current_flavor
[  215s] + last_flavor=python310
[  215s] + '[' -z python310 ']'
[  215s] + '[' python310 '!=' python38 ']'
[  215s] + '[' -d build ']'
[  215s] + mv build _build.python310
[  215s] + '[' -d _build.python38 ']'
[  215s] + mv _build.python38 build
[  215s] + echo python38
[  215s] + python_flavor=python38
[  215s] + /usr/bin/python3.8 setup.py install -O1 --skip-build --force --root /home/abuild/rpmbuild/BUILDROOT/python-devpi-common-3.7.0-1.2.riscv64 --prefix /usr
[  223s] running install
[  224s] running install_lib
[  224s] creating /home/abuild/rpmbuild/BUILDROOT/python-devpi-common-3.7.0-1.2.riscv64/usr
[  224s] creating /home/abuild/rpmbuild/BUILDROOT/python-devpi-common-3.7.0-1.2.riscv64/usr/lib
[  224s] creating /home/abuild/rpmbuild/BUILDROOT/python-devpi-common-3.7.0-1.2.riscv64/usr/lib/python3.8
[  224s] creating /home/abuild/rpmbuild/BUILDROOT/python-devpi-common-3.7.0-1.2.riscv64/usr/lib/python3.8/site-packages
[  224s] creating /home/abuild/rpmbuild/BUILDROOT/python-devpi-common-3.7.0-1.2.riscv64/usr/lib/python3.8/site-packages/devpi_common
[  224s] copying build/lib/devpi_common/__init__.py -> /home/abuild/rpmbuild/BUILDROOT/python-devpi-common-3.7.0-1.2.riscv64/usr/lib/python3.8/site-packages/devpi_common
[  224s] copying build/lib/devpi_common/archive.py -> /home/abuild/rpmbuild/BUILDROOT/python-devpi-common-3.7.0-1.2.riscv64/usr/lib/python3.8/site-packages/devpi_common
[  224s] copying build/lib/devpi_common/metadata.py -> /home/abuild/rpmbuild/BUILDROOT/python-devpi-common-3.7.0-1.2.riscv64/usr/lib/python3.8/site-packages/devpi_common
[  224s] copying build/lib/devpi_common/proc.py -> /home/abuild/rpmbuild/BUILDROOT/python-devpi-common-3.7.0-1.2.riscv64/usr/lib/python3.8/site-packages/devpi_common
[  224s] copying build/lib/devpi_common/request.py -> /home/abuild/rpmbuild/BUILDROOT/python-devpi-common-3.7.0-1.2.riscv64/usr/lib/python3.8/site-packages/devpi_common
[  224s] copying build/lib/devpi_common/types.py -> /home/abuild/rpmbuild/BUILDROOT/python-devpi-common-3.7.0-1.2.riscv64/usr/lib/python3.8/site-packages/devpi_common
[  224s] copying build/lib/devpi_common/url.py -> /home/abuild/rpmbuild/BUILDROOT/python-devpi-common-3.7.0-1.2.riscv64/usr/lib/python3.8/site-packages/devpi_common
[  224s] copying build/lib/devpi_common/validation.py -> /home/abuild/rpmbuild/BUILDROOT/python-devpi-common-3.7.0-1.2.riscv64/usr/lib/python3.8/site-packages/devpi_common
[  224s] copying build/lib/devpi_common/viewhelp.py -> /home/abuild/rpmbuild/BUILDROOT/python-devpi-common-3.7.0-1.2.riscv64/usr/lib/python3.8/site-packages/devpi_common
[  224s] creating /home/abuild/rpmbuild/BUILDROOT/python-devpi-common-3.7.0-1.2.riscv64/usr/lib/python3.8/site-packages/devpi_common/vendor
[  224s] copying build/lib/devpi_common/vendor/__init__.py -> /home/abuild/rpmbuild/BUILDROOT/python-devpi-common-3.7.0-1.2.riscv64/usr/lib/python3.8/site-packages/devpi_common/vendor
[  224s] copying build/lib/devpi_common/vendor/_pip.py -> /home/abuild/rpmbuild/BUILDROOT/python-devpi-common-3.7.0-1.2.riscv64/usr/lib/python3.8/site-packages/devpi_common/vendor
[  224s] byte-compiling /home/abuild/rpmbuild/BUILDROOT/python-devpi-common-3.7.0-1.2.riscv64/usr/lib/python3.8/site-packages/devpi_common/__init__.py to __init__.cpython-38.pyc
[  224s] byte-compiling /home/abuild/rpmbuild/BUILDROOT/python-devpi-common-3.7.0-1.2.riscv64/usr/lib/python3.8/site-packages/devpi_common/archive.py to archive.cpython-38.pyc
[  224s] byte-compiling /home/abuild/rpmbuild/BUILDROOT/python-devpi-common-3.7.0-1.2.riscv64/usr/lib/python3.8/site-packages/devpi_common/metadata.py to metadata.cpython-38.pyc
[  224s] byte-compiling /home/abuild/rpmbuild/BUILDROOT/python-devpi-common-3.7.0-1.2.riscv64/usr/lib/python3.8/site-packages/devpi_common/proc.py to proc.cpython-38.pyc
[  224s] byte-compiling /home/abuild/rpmbuild/BUILDROOT/python-devpi-common-3.7.0-1.2.riscv64/usr/lib/python3.8/site-packages/devpi_common/request.py to request.cpython-38.pyc
[  224s] byte-compiling /home/abuild/rpmbuild/BUILDROOT/python-devpi-common-3.7.0-1.2.riscv64/usr/lib/python3.8/site-packages/devpi_common/types.py to types.cpython-38.pyc
[  224s] byte-compiling /home/abuild/rpmbuild/BUILDROOT/python-devpi-common-3.7.0-1.2.riscv64/usr/lib/python3.8/site-packages/devpi_common/url.py to url.cpython-38.pyc
[  224s] byte-compiling /home/abuild/rpmbuild/BUILDROOT/python-devpi-common-3.7.0-1.2.riscv64/usr/lib/python3.8/site-packages/devpi_common/validation.py to validation.cpython-38.pyc
[  224s] byte-compiling /home/abuild/rpmbuild/BUILDROOT/python-devpi-common-3.7.0-1.2.riscv64/usr/lib/python3.8/site-packages/devpi_common/viewhelp.py to viewhelp.cpython-38.pyc
[  224s] byte-compiling /home/abuild/rpmbuild/BUILDROOT/python-devpi-common-3.7.0-1.2.riscv64/usr/lib/python3.8/site-packages/devpi_common/vendor/__init__.py to __init__.cpython-38.pyc
[  224s] byte-compiling /home/abuild/rpmbuild/BUILDROOT/python-devpi-common-3.7.0-1.2.riscv64/usr/lib/python3.8/site-packages/devpi_common/vendor/_pip.py to _pip.cpython-38.pyc
[  224s] writing byte-compilation script '/tmp/tmp9j4gvfnd.py'
[  224s] /usr/bin/python3.8 /tmp/tmp9j4gvfnd.py
[  232s] removing /tmp/tmp9j4gvfnd.py
[  232s] running install_egg_info
[  232s] running egg_info
[  232s] writing devpi_common.egg-info/PKG-INFO
[  232s] writing dependency_links to devpi_common.egg-info/dependency_links.txt
[  232s] writing requirements to devpi_common.egg-info/requires.txt
[  232s] writing top-level names to devpi_common.egg-info/top_level.txt
[  232s] reading manifest file 'devpi_common.egg-info/SOURCES.txt'
[  232s] reading manifest template 'MANIFEST.in'
[  232s] /usr/lib/python3.8/site-packages/setuptools/command/install.py:34: SetuptoolsDeprecationWarning: setup.py install is deprecated. Use build and pip and other standards-based tools.
[  232s]   warnings.warn(
[  232s] warning: no files found matching 'tox.ini'
[  232s] adding license file 'LICENSE'
[  232s] writing manifest file 'devpi_common.egg-info/SOURCES.txt'
[  232s] Copying devpi_common.egg-info to /home/abuild/rpmbuild/BUILDROOT/python-devpi-common-3.7.0-1.2.riscv64/usr/lib/python3.8/site-packages/devpi_common-3.7.0-py3.8.egg-info
[  232s] running install_scripts
[  234s] ++ '[' -f _current_flavor ']'
[  234s] ++ cat _current_flavor
[  234s] + last_flavor=python38
[  234s] + '[' -z python38 ']'
[  234s] + '[' python38 '!=' python39 ']'
[  234s] + '[' -d build ']'
[  234s] + mv build _build.python38
[  234s] + '[' -d _build.python39 ']'
[  234s] + mv _build.python39 build
[  234s] + echo python39
[  234s] + python_flavor=python39
[  234s] + /usr/bin/python3.9 setup.py install -O1 --skip-build --force --root /home/abuild/rpmbuild/BUILDROOT/python-devpi-common-3.7.0-1.2.riscv64 --prefix /usr
[  242s] running install
[  242s] /usr/lib/python3.9/site-packages/setuptools/command/install.py:34: SetuptoolsDeprecationWarning: setup.py install is deprecated. Use build and pip and other standards-based tools.
[  242s]   warnings.warn(
[  243s] running install_lib
[  243s] creating /home/abuild/rpmbuild/BUILDROOT/python-devpi-common-3.7.0-1.2.riscv64/usr/lib/python3.9
[  243s] creating /home/abuild/rpmbuild/BUILDROOT/python-devpi-common-3.7.0-1.2.riscv64/usr/lib/python3.9/site-packages
[  243s] creating /home/abuild/rpmbuild/BUILDROOT/python-devpi-common-3.7.0-1.2.riscv64/usr/lib/python3.9/site-packages/devpi_common
[  243s] copying build/lib/devpi_common/__init__.py -> /home/abuild/rpmbuild/BUILDROOT/python-devpi-common-3.7.0-1.2.riscv64/usr/lib/python3.9/site-packages/devpi_common
[  243s] copying build/lib/devpi_common/archive.py -> /home/abuild/rpmbuild/BUILDROOT/python-devpi-common-3.7.0-1.2.riscv64/usr/lib/python3.9/site-packages/devpi_common
[  243s] copying build/lib/devpi_common/metadata.py -> /home/abuild/rpmbuild/BUILDROOT/python-devpi-common-3.7.0-1.2.riscv64/usr/lib/python3.9/site-packages/devpi_common
[  243s] copying build/lib/devpi_common/proc.py -> /home/abuild/rpmbuild/BUILDROOT/python-devpi-common-3.7.0-1.2.riscv64/usr/lib/python3.9/site-packages/devpi_common
[  243s] copying build/lib/devpi_common/request.py -> /home/abuild/rpmbuild/BUILDROOT/python-devpi-common-3.7.0-1.2.riscv64/usr/lib/python3.9/site-packages/devpi_common
[  243s] copying build/lib/devpi_common/types.py -> /home/abuild/rpmbuild/BUILDROOT/python-devpi-common-3.7.0-1.2.riscv64/usr/lib/python3.9/site-packages/devpi_common
[  243s] copying build/lib/devpi_common/url.py -> /home/abuild/rpmbuild/BUILDROOT/python-devpi-common-3.7.0-1.2.riscv64/usr/lib/python3.9/site-packages/devpi_common
[  243s] copying build/lib/devpi_common/validation.py -> /home/abuild/rpmbuild/BUILDROOT/python-devpi-common-3.7.0-1.2.riscv64/usr/lib/python3.9/site-packages/devpi_common
[  243s] copying build/lib/devpi_common/viewhelp.py -> /home/abuild/rpmbuild/BUILDROOT/python-devpi-common-3.7.0-1.2.riscv64/usr/lib/python3.9/site-packages/devpi_common
[  243s] creating /home/abuild/rpmbuild/BUILDROOT/python-devpi-common-3.7.0-1.2.riscv64/usr/lib/python3.9/site-packages/devpi_common/vendor
[  243s] copying build/lib/devpi_common/vendor/__init__.py -> /home/abuild/rpmbuild/BUILDROOT/python-devpi-common-3.7.0-1.2.riscv64/usr/lib/python3.9/site-packages/devpi_common/vendor
[  243s] copying build/lib/devpi_common/vendor/_pip.py -> /home/abuild/rpmbuild/BUILDROOT/python-devpi-common-3.7.0-1.2.riscv64/usr/lib/python3.9/site-packages/devpi_common/vendor
[  243s] byte-compiling /home/abuild/rpmbuild/BUILDROOT/python-devpi-common-3.7.0-1.2.riscv64/usr/lib/python3.9/site-packages/devpi_common/__init__.py to __init__.cpython-39.pyc
[  243s] byte-compiling /home/abuild/rpmbuild/BUILDROOT/python-devpi-common-3.7.0-1.2.riscv64/usr/lib/python3.9/site-packages/devpi_common/archive.py to archive.cpython-39.pyc
[  243s] byte-compiling /home/abuild/rpmbuild/BUILDROOT/python-devpi-common-3.7.0-1.2.riscv64/usr/lib/python3.9/site-packages/devpi_common/metadata.py to metadata.cpython-39.pyc
[  243s] byte-compiling /home/abuild/rpmbuild/BUILDROOT/python-devpi-common-3.7.0-1.2.riscv64/usr/lib/python3.9/site-packages/devpi_common/proc.py to proc.cpython-39.pyc
[  243s] byte-compiling /home/abuild/rpmbuild/BUILDROOT/python-devpi-common-3.7.0-1.2.riscv64/usr/lib/python3.9/site-packages/devpi_common/request.py to request.cpython-39.pyc
[  243s] byte-compiling /home/abuild/rpmbuild/BUILDROOT/python-devpi-common-3.7.0-1.2.riscv64/usr/lib/python3.9/site-packages/devpi_common/types.py to types.cpython-39.pyc
[  243s] byte-compiling /home/abuild/rpmbuild/BUILDROOT/python-devpi-common-3.7.0-1.2.riscv64/usr/lib/python3.9/site-packages/devpi_common/url.py to url.cpython-39.pyc
[  243s] byte-compiling /home/abuild/rpmbuild/BUILDROOT/python-devpi-common-3.7.0-1.2.riscv64/usr/lib/python3.9/site-packages/devpi_common/validation.py to validation.cpython-39.pyc
[  243s] byte-compiling /home/abuild/rpmbuild/BUILDROOT/python-devpi-common-3.7.0-1.2.riscv64/usr/lib/python3.9/site-packages/devpi_common/viewhelp.py to viewhelp.cpython-39.pyc
[  243s] byte-compiling /home/abuild/rpmbuild/BUILDROOT/python-devpi-common-3.7.0-1.2.riscv64/usr/lib/python3.9/site-packages/devpi_common/vendor/__init__.py to __init__.cpython-39.pyc
[  243s] byte-compiling /home/abuild/rpmbuild/BUILDROOT/python-devpi-common-3.7.0-1.2.riscv64/usr/lib/python3.9/site-packages/devpi_common/vendor/_pip.py to _pip.cpython-39.pyc
[  243s] writing byte-compilation script '/tmp/tmpgkb6qpzx.py'
[  243s] /usr/bin/python3.9 /tmp/tmpgkb6qpzx.py
[  251s] removing /tmp/tmpgkb6qpzx.py
[  251s] running install_egg_info
[  251s] running egg_info
[  251s] writing devpi_common.egg-info/PKG-INFO
[  251s] writing dependency_links to devpi_common.egg-info/dependency_links.txt
[  251s] writing requirements to devpi_common.egg-info/requires.txt
[  251s] writing top-level names to devpi_common.egg-info/top_level.txt
[  251s] reading manifest file 'devpi_common.egg-info/SOURCES.txt'
[  251s] reading manifest template 'MANIFEST.in'
[  251s] warning: no files found matching 'tox.ini'
[  251s] adding license file 'LICENSE'
[  251s] writing manifest file 'devpi_common.egg-info/SOURCES.txt'
[  251s] Copying devpi_common.egg-info to /home/abuild/rpmbuild/BUILDROOT/python-devpi-common-3.7.0-1.2.riscv64/usr/lib/python3.9/site-packages/devpi_common-3.7.0-py3.9.egg-info
[  251s] running install_scripts
[  252s] ++ '[' -f _current_flavor ']'
[  252s] ++ cat _current_flavor
[  252s] + last_flavor=python39
[  252s] + '[' -z python39 ']'
[  252s] + '[' python39 '!=' python311 ']'
[  252s] + '[' -d build ']'
[  252s] + mv build _build.python39
[  253s] + '[' -d _build.python311 ']'
[  253s] + mv _build.python311 build
[  253s] + echo python311
[  253s] + python_flavor=python311
[  253s] + /usr/bin/python3.11 setup.py install -O1 --skip-build --force --root /home/abuild/rpmbuild/BUILDROOT/python-devpi-common-3.7.0-1.2.riscv64 --prefix /usr
[  259s] running install
[  259s] /usr/lib/python3.11/site-packages/setuptools/command/install.py:34: SetuptoolsDeprecationWarning: setup.py install is deprecated. Use build and pip and other standards-based tools.
[  259s]   warnings.warn(
[  259s] running install_lib
[  259s] creating /home/abuild/rpmbuild/BUILDROOT/python-devpi-common-3.7.0-1.2.riscv64/usr/lib/python3.11
[  259s] creating /home/abuild/rpmbuild/BUILDROOT/python-devpi-common-3.7.0-1.2.riscv64/usr/lib/python3.11/site-packages
[  259s] creating /home/abuild/rpmbuild/BUILDROOT/python-devpi-common-3.7.0-1.2.riscv64/usr/lib/python3.11/site-packages/devpi_common
[  259s] copying build/lib/devpi_common/__init__.py -> /home/abuild/rpmbuild/BUILDROOT/python-devpi-common-3.7.0-1.2.riscv64/usr/lib/python3.11/site-packages/devpi_common
[  259s] copying build/lib/devpi_common/archive.py -> /home/abuild/rpmbuild/BUILDROOT/python-devpi-common-3.7.0-1.2.riscv64/usr/lib/python3.11/site-packages/devpi_common
[  259s] copying build/lib/devpi_common/metadata.py -> /home/abuild/rpmbuild/BUILDROOT/python-devpi-common-3.7.0-1.2.riscv64/usr/lib/python3.11/site-packages/devpi_common
[  259s] copying build/lib/devpi_common/proc.py -> /home/abuild/rpmbuild/BUILDROOT/python-devpi-common-3.7.0-1.2.riscv64/usr/lib/python3.11/site-packages/devpi_common
[  259s] copying build/lib/devpi_common/request.py -> /home/abuild/rpmbuild/BUILDROOT/python-devpi-common-3.7.0-1.2.riscv64/usr/lib/python3.11/site-packages/devpi_common
[  259s] copying build/lib/devpi_common/types.py -> /home/abuild/rpmbuild/BUILDROOT/python-devpi-common-3.7.0-1.2.riscv64/usr/lib/python3.11/site-packages/devpi_common
[  259s] copying build/lib/devpi_common/url.py -> /home/abuild/rpmbuild/BUILDROOT/python-devpi-common-3.7.0-1.2.riscv64/usr/lib/python3.11/site-packages/devpi_common
[  259s] copying build/lib/devpi_common/validation.py -> /home/abuild/rpmbuild/BUILDROOT/python-devpi-common-3.7.0-1.2.riscv64/usr/lib/python3.11/site-packages/devpi_common
[  259s] copying build/lib/devpi_common/viewhelp.py -> /home/abuild/rpmbuild/BUILDROOT/python-devpi-common-3.7.0-1.2.riscv64/usr/lib/python3.11/site-packages/devpi_common
[  259s] creating /home/abuild/rpmbuild/BUILDROOT/python-devpi-common-3.7.0-1.2.riscv64/usr/lib/python3.11/site-packages/devpi_common/vendor
[  259s] copying build/lib/devpi_common/vendor/__init__.py -> /home/abuild/rpmbuild/BUILDROOT/python-devpi-common-3.7.0-1.2.riscv64/usr/lib/python3.11/site-packages/devpi_common/vendor
[  259s] copying build/lib/devpi_common/vendor/_pip.py -> /home/abuild/rpmbuild/BUILDROOT/python-devpi-common-3.7.0-1.2.riscv64/usr/lib/python3.11/site-packages/devpi_common/vendor
[  259s] byte-compiling /home/abuild/rpmbuild/BUILDROOT/python-devpi-common-3.7.0-1.2.riscv64/usr/lib/python3.11/site-packages/devpi_common/__init__.py to __init__.cpython-311.pyc
[  259s] byte-compiling /home/abuild/rpmbuild/BUILDROOT/python-devpi-common-3.7.0-1.2.riscv64/usr/lib/python3.11/site-packages/devpi_common/archive.py to archive.cpython-311.pyc
[  259s] byte-compiling /home/abuild/rpmbuild/BUILDROOT/python-devpi-common-3.7.0-1.2.riscv64/usr/lib/python3.11/site-packages/devpi_common/metadata.py to metadata.cpython-311.pyc
[  259s] byte-compiling /home/abuild/rpmbuild/BUILDROOT/python-devpi-common-3.7.0-1.2.riscv64/usr/lib/python3.11/site-packages/devpi_common/proc.py to proc.cpython-311.pyc
[  259s] byte-compiling /home/abuild/rpmbuild/BUILDROOT/python-devpi-common-3.7.0-1.2.riscv64/usr/lib/python3.11/site-packages/devpi_common/request.py to request.cpython-311.pyc
[  259s] byte-compiling /home/abuild/rpmbuild/BUILDROOT/python-devpi-common-3.7.0-1.2.riscv64/usr/lib/python3.11/site-packages/devpi_common/types.py to types.cpython-311.pyc
[  259s] byte-compiling /home/abuild/rpmbuild/BUILDROOT/python-devpi-common-3.7.0-1.2.riscv64/usr/lib/python3.11/site-packages/devpi_common/url.py to url.cpython-311.pyc
[  259s] byte-compiling /home/abuild/rpmbuild/BUILDROOT/python-devpi-common-3.7.0-1.2.riscv64/usr/lib/python3.11/site-packages/devpi_common/validation.py to validation.cpython-311.pyc
[  259s] byte-compiling /home/abuild/rpmbuild/BUILDROOT/python-devpi-common-3.7.0-1.2.riscv64/usr/lib/python3.11/site-packages/devpi_common/viewhelp.py to viewhelp.cpython-311.pyc
[  259s] byte-compiling /home/abuild/rpmbuild/BUILDROOT/python-devpi-common-3.7.0-1.2.riscv64/usr/lib/python3.11/site-packages/devpi_common/vendor/__init__.py to __init__.cpython-311.pyc
[  259s] byte-compiling /home/abuild/rpmbuild/BUILDROOT/python-devpi-common-3.7.0-1.2.riscv64/usr/lib/python3.11/site-packages/devpi_common/vendor/_pip.py to _pip.cpython-311.pyc
[  259s] writing byte-compilation script '/tmp/tmpetehlog8.py'
[  259s] /usr/bin/python3.11 /tmp/tmpetehlog8.py
[  265s] removing /tmp/tmpetehlog8.py
[  265s] running install_egg_info
[  265s] running egg_info
[  265s] writing devpi_common.egg-info/PKG-INFO
[  265s] writing dependency_links to devpi_common.egg-info/dependency_links.txt
[  265s] writing requirements to devpi_common.egg-info/requires.txt
[  265s] writing top-level names to devpi_common.egg-info/top_level.txt
[  265s] reading manifest file 'devpi_common.egg-info/SOURCES.txt'
[  265s] reading manifest template 'MANIFEST.in'
[  265s] warning: no files found matching 'tox.ini'
[  265s] adding license file 'LICENSE'
[  265s] writing manifest file 'devpi_common.egg-info/SOURCES.txt'
[  265s] Copying devpi_common.egg-info to /home/abuild/rpmbuild/BUILDROOT/python-devpi-common-3.7.0-1.2.riscv64/usr/lib/python3.11/site-packages/devpi_common-3.7.0-py3.11.egg-info
[  265s] running install_scripts
[  267s] ++ '[' -f _current_flavor ']'
[  267s] ++ cat _current_flavor
[  267s] + last_flavor=python311
[  267s] + '[' -z python311 ']'
[  267s] + '[' python311 '!=' python310 ']'
[  267s] + '[' -d build ']'
[  267s] + mv build _build.python311
[  267s] + '[' -d _build.python310 ']'
[  267s] + mv _build.python310 build
[  267s] + echo python310
[  267s] + python_flavor=python310
[  267s] + /usr/bin/python3.10 setup.py install -O1 --skip-build --force --root /home/abuild/rpmbuild/BUILDROOT/python-devpi-common-3.7.0-1.2.riscv64 --prefix /usr
[  275s] running install
[  275s] /usr/lib/python3.10/site-packages/setuptools/command/install.py:34: SetuptoolsDeprecationWarning: setup.py install is deprecated. Use build and pip and other standards-based tools.
[  275s]   warnings.warn(
[  275s] running install_lib
[  275s] creating /home/abuild/rpmbuild/BUILDROOT/python-devpi-common-3.7.0-1.2.riscv64/usr/lib/python3.10
[  275s] creating /home/abuild/rpmbuild/BUILDROOT/python-devpi-common-3.7.0-1.2.riscv64/usr/lib/python3.10/site-packages
[  275s] creating /home/abuild/rpmbuild/BUILDROOT/python-devpi-common-3.7.0-1.2.riscv64/usr/lib/python3.10/site-packages/devpi_common
[  275s] copying build/lib/devpi_common/__init__.py -> /home/abuild/rpmbuild/BUILDROOT/python-devpi-common-3.7.0-1.2.riscv64/usr/lib/python3.10/site-packages/devpi_common
[  275s] copying build/lib/devpi_common/archive.py -> /home/abuild/rpmbuild/BUILDROOT/python-devpi-common-3.7.0-1.2.riscv64/usr/lib/python3.10/site-packages/devpi_common
[  275s] copying build/lib/devpi_common/metadata.py -> /home/abuild/rpmbuild/BUILDROOT/python-devpi-common-3.7.0-1.2.riscv64/usr/lib/python3.10/site-packages/devpi_common
[  275s] copying build/lib/devpi_common/proc.py -> /home/abuild/rpmbuild/BUILDROOT/python-devpi-common-3.7.0-1.2.riscv64/usr/lib/python3.10/site-packages/devpi_common
[  275s] copying build/lib/devpi_common/request.py -> /home/abuild/rpmbuild/BUILDROOT/python-devpi-common-3.7.0-1.2.riscv64/usr/lib/python3.10/site-packages/devpi_common
[  275s] copying build/lib/devpi_common/types.py -> /home/abuild/rpmbuild/BUILDROOT/python-devpi-common-3.7.0-1.2.riscv64/usr/lib/python3.10/site-packages/devpi_common
[  275s] copying build/lib/devpi_common/url.py -> /home/abuild/rpmbuild/BUILDROOT/python-devpi-common-3.7.0-1.2.riscv64/usr/lib/python3.10/site-packages/devpi_common
[  275s] copying build/lib/devpi_common/validation.py -> /home/abuild/rpmbuild/BUILDROOT/python-devpi-common-3.7.0-1.2.riscv64/usr/lib/python3.10/site-packages/devpi_common
[  275s] copying build/lib/devpi_common/viewhelp.py -> /home/abuild/rpmbuild/BUILDROOT/python-devpi-common-3.7.0-1.2.riscv64/usr/lib/python3.10/site-packages/devpi_common
[  275s] creating /home/abuild/rpmbuild/BUILDROOT/python-devpi-common-3.7.0-1.2.riscv64/usr/lib/python3.10/site-packages/devpi_common/vendor
[  275s] copying build/lib/devpi_common/vendor/__init__.py -> /home/abuild/rpmbuild/BUILDROOT/python-devpi-common-3.7.0-1.2.riscv64/usr/lib/python3.10/site-packages/devpi_common/vendor
[  275s] copying build/lib/devpi_common/vendor/_pip.py -> /home/abuild/rpmbuild/BUILDROOT/python-devpi-common-3.7.0-1.2.riscv64/usr/lib/python3.10/site-packages/devpi_common/vendor
[  275s] byte-compiling /home/abuild/rpmbuild/BUILDROOT/python-devpi-common-3.7.0-1.2.riscv64/usr/lib/python3.10/site-packages/devpi_common/__init__.py to __init__.cpython-310.pyc
[  275s] byte-compiling /home/abuild/rpmbuild/BUILDROOT/python-devpi-common-3.7.0-1.2.riscv64/usr/lib/python3.10/site-packages/devpi_common/archive.py to archive.cpython-310.pyc
[  276s] byte-compiling /home/abuild/rpmbuild/BUILDROOT/python-devpi-common-3.7.0-1.2.riscv64/usr/lib/python3.10/site-packages/devpi_common/metadata.py to metadata.cpython-310.pyc
[  276s] byte-compiling /home/abuild/rpmbuild/BUILDROOT/python-devpi-common-3.7.0-1.2.riscv64/usr/lib/python3.10/site-packages/devpi_common/proc.py to proc.cpython-310.pyc
[  276s] byte-compiling /home/abuild/rpmbuild/BUILDROOT/python-devpi-common-3.7.0-1.2.riscv64/usr/lib/python3.10/site-packages/devpi_common/request.py to request.cpython-310.pyc
[  276s] byte-compiling /home/abuild/rpmbuild/BUILDROOT/python-devpi-common-3.7.0-1.2.riscv64/usr/lib/python3.10/site-packages/devpi_common/types.py to types.cpython-310.pyc
[  276s] byte-compiling /home/abuild/rpmbuild/BUILDROOT/python-devpi-common-3.7.0-1.2.riscv64/usr/lib/python3.10/site-packages/devpi_common/url.py to url.cpython-310.pyc
[  276s] byte-compiling /home/abuild/rpmbuild/BUILDROOT/python-devpi-common-3.7.0-1.2.riscv64/usr/lib/python3.10/site-packages/devpi_common/validation.py to validation.cpython-310.pyc
[  276s] byte-compiling /home/abuild/rpmbuild/BUILDROOT/python-devpi-common-3.7.0-1.2.riscv64/usr/lib/python3.10/site-packages/devpi_common/viewhelp.py to viewhelp.cpython-310.pyc
[  276s] byte-compiling /home/abuild/rpmbuild/BUILDROOT/python-devpi-common-3.7.0-1.2.riscv64/usr/lib/python3.10/site-packages/devpi_common/vendor/__init__.py to __init__.cpython-310.pyc
[  276s] byte-compiling /home/abuild/rpmbuild/BUILDROOT/python-devpi-common-3.7.0-1.2.riscv64/usr/lib/python3.10/site-packages/devpi_common/vendor/_pip.py to _pip.cpython-310.pyc
[  276s] writing byte-compilation script '/tmp/tmpiml3e0vb.py'
[  276s] /usr/bin/python3.10 /tmp/tmpiml3e0vb.py
[  281s] removing /tmp/tmpiml3e0vb.py
[  281s] running install_egg_info
[  281s] running egg_info
[  281s] writing devpi_common.egg-info/PKG-INFO
[  281s] writing dependency_links to devpi_common.egg-info/dependency_links.txt
[  281s] writing requirements to devpi_common.egg-info/requires.txt
[  281s] writing top-level names to devpi_common.egg-info/top_level.txt
[  281s] reading manifest file 'devpi_common.egg-info/SOURCES.txt'
[  281s] reading manifest template 'MANIFEST.in'
[  281s] warning: no files found matching 'tox.ini'
[  282s] adding license file 'LICENSE'
[  282s] writing manifest file 'devpi_common.egg-info/SOURCES.txt'
[  282s] Copying devpi_common.egg-info to /home/abuild/rpmbuild/BUILDROOT/python-devpi-common-3.7.0-1.2.riscv64/usr/lib/python3.10/site-packages/devpi_common-3.7.0-py3.10.egg-info
[  282s] running install_scripts
[  282s] ++ '[' -f _current_flavor ']'
[  282s] ++ cat _current_flavor
[  282s] + last_flavor=python310
[  282s] + '[' -z python310 ']'
[  282s] + '[' python310 '!=' python38 ']'
[  282s] + '[' -d build ']'
[  282s] + mv build _build.python310
[  282s] + '[' -d _build.python38 ']'
[  282s] + mv _build.python38 build
[  282s] + echo python38
[  282s] + python_flavor=python38
[  282s] + /usr/lib/rpm/fdupes_wrapper /home/abuild/rpmbuild/BUILDROOT/python-devpi-common-3.7.0-1.2.riscv64/usr/lib/python3.8/site-packages
[  283s] Linking /home/abuild/rpmbuild/BUILDROOT/python-devpi-common-3.7.0-1.2.riscv64/usr/lib/python3.8/site-packages/devpi_common/__pycache__/viewhelp.cpython-38.opt-1.pyc -> /home/abuild/rpmbuild/BUILDROOT/python-devpi-common-3.7.0-1.2.riscv64/usr/lib/python3.8/site-packages/devpi_common/__pycache__/viewhelp.cpython-38.pyc
[  283s] Linking /home/abuild/rpmbuild/BUILDROOT/python-devpi-common-3.7.0-1.2.riscv64/usr/lib/python3.8/site-packages/devpi_common/__pycache__/url.cpython-38.opt-1.pyc -> /home/abuild/rpmbuild/BUILDROOT/python-devpi-common-3.7.0-1.2.riscv64/usr/lib/python3.8/site-packages/devpi_common/__pycache__/url.cpython-38.pyc
[  283s] Linking /home/abuild/rpmbuild/BUILDROOT/python-devpi-common-3.7.0-1.2.riscv64/usr/lib/python3.8/site-packages/devpi_common/__pycache__/request.cpython-38.opt-1.pyc -> /home/abuild/rpmbuild/BUILDROOT/python-devpi-common-3.7.0-1.2.riscv64/usr/lib/python3.8/site-packages/devpi_common/__pycache__/request.cpython-38.pyc
[  283s] Linking /home/abuild/rpmbuild/BUILDROOT/python-devpi-common-3.7.0-1.2.riscv64/usr/lib/python3.8/site-packages/devpi_common/__pycache__/proc.cpython-38.opt-1.pyc -> /home/abuild/rpmbuild/BUILDROOT/python-devpi-common-3.7.0-1.2.riscv64/usr/lib/python3.8/site-packages/devpi_common/__pycache__/proc.cpython-38.pyc
[  283s] Linking /home/abuild/rpmbuild/BUILDROOT/python-devpi-common-3.7.0-1.2.riscv64/usr/lib/python3.8/site-packages/devpi_common/__pycache__/metadata.cpython-38.opt-1.pyc -> /home/abuild/rpmbuild/BUILDROOT/python-devpi-common-3.7.0-1.2.riscv64/usr/lib/python3.8/site-packages/devpi_common/__pycache__/metadata.cpython-38.pyc
[  283s] Linking /home/abuild/rpmbuild/BUILDROOT/python-devpi-common-3.7.0-1.2.riscv64/usr/lib/python3.8/site-packages/devpi_common/__pycache__/archive.cpython-38.opt-1.pyc -> /home/abuild/rpmbuild/BUILDROOT/python-devpi-common-3.7.0-1.2.riscv64/usr/lib/python3.8/site-packages/devpi_common/__pycache__/archive.cpython-38.pyc
[  283s] Linking /home/abuild/rpmbuild/BUILDROOT/python-devpi-common-3.7.0-1.2.riscv64/usr/lib/python3.8/site-packages/devpi_common/__pycache__/__init__.cpython-38.opt-1.pyc -> /home/abuild/rpmbuild/BUILDROOT/python-devpi-common-3.7.0-1.2.riscv64/usr/lib/python3.8/site-packages/devpi_common/__pycache__/__init__.cpython-38.pyc
[  283s] Linking /home/abuild/rpmbuild/BUILDROOT/python-devpi-common-3.7.0-1.2.riscv64/usr/lib/python3.8/site-packages/devpi_common/__pycache__/validation.cpython-38.opt-1.pyc -> /home/abuild/rpmbuild/BUILDROOT/python-devpi-common-3.7.0-1.2.riscv64/usr/lib/python3.8/site-packages/devpi_common/__pycache__/validation.cpython-38.pyc
[  283s] Linking /home/abuild/rpmbuild/BUILDROOT/python-devpi-common-3.7.0-1.2.riscv64/usr/lib/python3.8/site-packages/devpi_common/vendor/__pycache__/_pip.cpython-38.opt-1.pyc -> /home/abuild/rpmbuild/BUILDROOT/python-devpi-common-3.7.0-1.2.riscv64/usr/lib/python3.8/site-packages/devpi_common/vendor/__pycache__/_pip.cpython-38.pyc
[  283s] Linking /home/abuild/rpmbuild/BUILDROOT/python-devpi-common-3.7.0-1.2.riscv64/usr/lib/python3.8/site-packages/devpi_common/vendor/__pycache__/__init__.cpython-38.opt-1.pyc -> /home/abuild/rpmbuild/BUILDROOT/python-devpi-common-3.7.0-1.2.riscv64/usr/lib/python3.8/site-packages/devpi_common/vendor/__pycache__/__init__.cpython-38.pyc
[  283s] ++ '[' -f _current_flavor ']'
[  283s] ++ cat _current_flavor
[  283s] + last_flavor=python38
[  283s] + '[' -z python38 ']'
[  283s] + '[' python38 '!=' python39 ']'
[  283s] + '[' -d build ']'
[  283s] + mv build _build.python38
[  283s] + '[' -d _build.python39 ']'
[  283s] + mv _build.python39 build
[  283s] + echo python39
[  283s] + python_flavor=python39
[  283s] + /usr/lib/rpm/fdupes_wrapper /home/abuild/rpmbuild/BUILDROOT/python-devpi-common-3.7.0-1.2.riscv64/usr/lib/python3.9/site-packages
[  283s] Linking /home/abuild/rpmbuild/BUILDROOT/python-devpi-common-3.7.0-1.2.riscv64/usr/lib/python3.9/site-packages/devpi_common/__pycache__/viewhelp.cpython-39.opt-1.pyc -> /home/abuild/rpmbuild/BUILDROOT/python-devpi-common-3.7.0-1.2.riscv64/usr/lib/python3.9/site-packages/devpi_common/__pycache__/viewhelp.cpython-39.pyc
[  283s] Linking /home/abuild/rpmbuild/BUILDROOT/python-devpi-common-3.7.0-1.2.riscv64/usr/lib/python3.9/site-packages/devpi_common/__pycache__/url.cpython-39.opt-1.pyc -> /home/abuild/rpmbuild/BUILDROOT/python-devpi-common-3.7.0-1.2.riscv64/usr/lib/python3.9/site-packages/devpi_common/__pycache__/url.cpython-39.pyc
[  283s] Linking /home/abuild/rpmbuild/BUILDROOT/python-devpi-common-3.7.0-1.2.riscv64/usr/lib/python3.9/site-packages/devpi_common/__pycache__/request.cpython-39.opt-1.pyc -> /home/abuild/rpmbuild/BUILDROOT/python-devpi-common-3.7.0-1.2.riscv64/usr/lib/python3.9/site-packages/devpi_common/__pycache__/request.cpython-39.pyc
[  283s] Linking /home/abuild/rpmbuild/BUILDROOT/python-devpi-common-3.7.0-1.2.riscv64/usr/lib/python3.9/site-packages/devpi_common/__pycache__/proc.cpython-39.opt-1.pyc -> /home/abuild/rpmbuild/BUILDROOT/python-devpi-common-3.7.0-1.2.riscv64/usr/lib/python3.9/site-packages/devpi_common/__pycache__/proc.cpython-39.pyc
[  283s] Linking /home/abuild/rpmbuild/BUILDROOT/python-devpi-common-3.7.0-1.2.riscv64/usr/lib/python3.9/site-packages/devpi_common/__pycache__/metadata.cpython-39.opt-1.pyc -> /home/abuild/rpmbuild/BUILDROOT/python-devpi-common-3.7.0-1.2.riscv64/usr/lib/python3.9/site-packages/devpi_common/__pycache__/metadata.cpython-39.pyc
[  283s] Linking /home/abuild/rpmbuild/BUILDROOT/python-devpi-common-3.7.0-1.2.riscv64/usr/lib/python3.9/site-packages/devpi_common/__pycache__/archive.cpython-39.opt-1.pyc -> /home/abuild/rpmbuild/BUILDROOT/python-devpi-common-3.7.0-1.2.riscv64/usr/lib/python3.9/site-packages/devpi_common/__pycache__/archive.cpython-39.pyc
[  283s] Linking /home/abuild/rpmbuild/BUILDROOT/python-devpi-common-3.7.0-1.2.riscv64/usr/lib/python3.9/site-packages/devpi_common/__pycache__/__init__.cpython-39.opt-1.pyc -> /home/abuild/rpmbuild/BUILDROOT/python-devpi-common-3.7.0-1.2.riscv64/usr/lib/python3.9/site-packages/devpi_common/__pycache__/__init__.cpython-39.pyc
[  283s] Linking /home/abuild/rpmbuild/BUILDROOT/python-devpi-common-3.7.0-1.2.riscv64/usr/lib/python3.9/site-packages/devpi_common/__pycache__/validation.cpython-39.opt-1.pyc -> /home/abuild/rpmbuild/BUILDROOT/python-devpi-common-3.7.0-1.2.riscv64/usr/lib/python3.9/site-packages/devpi_common/__pycache__/validation.cpython-39.pyc
[  283s] Linking /home/abuild/rpmbuild/BUILDROOT/python-devpi-common-3.7.0-1.2.riscv64/usr/lib/python3.9/site-packages/devpi_common/vendor/__pycache__/_pip.cpython-39.opt-1.pyc -> /home/abuild/rpmbuild/BUILDROOT/python-devpi-common-3.7.0-1.2.riscv64/usr/lib/python3.9/site-packages/devpi_common/vendor/__pycache__/_pip.cpython-39.pyc
[  283s] Linking /home/abuild/rpmbuild/BUILDROOT/python-devpi-common-3.7.0-1.2.riscv64/usr/lib/python3.9/site-packages/devpi_common/vendor/__pycache__/__init__.cpython-39.opt-1.pyc -> /home/abuild/rpmbuild/BUILDROOT/python-devpi-common-3.7.0-1.2.riscv64/usr/lib/python3.9/site-packages/devpi_common/vendor/__pycache__/__init__.cpython-39.pyc
[  283s] ++ '[' -f _current_flavor ']'
[  283s] ++ cat _current_flavor
[  283s] + last_flavor=python39
[  283s] + '[' -z python39 ']'
[  283s] + '[' python39 '!=' python311 ']'
[  283s] + '[' -d build ']'
[  283s] + mv build _build.python39
[  283s] + '[' -d _build.python311 ']'
[  283s] + mv _build.python311 build
[  283s] + echo python311
[  283s] + python_flavor=python311
[  283s] + /usr/lib/rpm/fdupes_wrapper /home/abuild/rpmbuild/BUILDROOT/python-devpi-common-3.7.0-1.2.riscv64/usr/lib/python3.11/site-packages
[  284s] Linking /home/abuild/rpmbuild/BUILDROOT/python-devpi-common-3.7.0-1.2.riscv64/usr/lib/python3.11/site-packages/devpi_common/__pycache__/viewhelp.cpython-311.opt-1.pyc -> /home/abuild/rpmbuild/BUILDROOT/python-devpi-common-3.7.0-1.2.riscv64/usr/lib/python3.11/site-packages/devpi_common/__pycache__/viewhelp.cpython-311.pyc
[  284s] Linking /home/abuild/rpmbuild/BUILDROOT/python-devpi-common-3.7.0-1.2.riscv64/usr/lib/python3.11/site-packages/devpi_common/__pycache__/validation.cpython-311.opt-1.pyc -> /home/abuild/rpmbuild/BUILDROOT/python-devpi-common-3.7.0-1.2.riscv64/usr/lib/python3.11/site-packages/devpi_common/__pycache__/validation.cpython-311.pyc
[  284s] Linking /home/abuild/rpmbuild/BUILDROOT/python-devpi-common-3.7.0-1.2.riscv64/usr/lib/python3.11/site-packages/devpi_common/__pycache__/url.cpython-311.opt-1.pyc -> /home/abuild/rpmbuild/BUILDROOT/python-devpi-common-3.7.0-1.2.riscv64/usr/lib/python3.11/site-packages/devpi_common/__pycache__/url.cpython-311.pyc
[  284s] Linking /home/abuild/rpmbuild/BUILDROOT/python-devpi-common-3.7.0-1.2.riscv64/usr/lib/python3.11/site-packages/devpi_common/__pycache__/types.cpython-311.opt-1.pyc -> /home/abuild/rpmbuild/BUILDROOT/python-devpi-common-3.7.0-1.2.riscv64/usr/lib/python3.11/site-packages/devpi_common/__pycache__/types.cpython-311.pyc
[  284s] Linking /home/abuild/rpmbuild/BUILDROOT/python-devpi-common-3.7.0-1.2.riscv64/usr/lib/python3.11/site-packages/devpi_common/__pycache__/request.cpython-311.opt-1.pyc -> /home/abuild/rpmbuild/BUILDROOT/python-devpi-common-3.7.0-1.2.riscv64/usr/lib/python3.11/site-packages/devpi_common/__pycache__/request.cpython-311.pyc
[  284s] Linking /home/abuild/rpmbuild/BUILDROOT/python-devpi-common-3.7.0-1.2.riscv64/usr/lib/python3.11/site-packages/devpi_common/__pycache__/proc.cpython-311.opt-1.pyc -> /home/abuild/rpmbuild/BUILDROOT/python-devpi-common-3.7.0-1.2.riscv64/usr/lib/python3.11/site-packages/devpi_common/__pycache__/proc.cpython-311.pyc
[  284s] Linking /home/abuild/rpmbuild/BUILDROOT/python-devpi-common-3.7.0-1.2.riscv64/usr/lib/python3.11/site-packages/devpi_common/__pycache__/metadata.cpython-311.opt-1.pyc -> /home/abuild/rpmbuild/BUILDROOT/python-devpi-common-3.7.0-1.2.riscv64/usr/lib/python3.11/site-packages/devpi_common/__pycache__/metadata.cpython-311.pyc
[  284s] Linking /home/abuild/rpmbuild/BUILDROOT/python-devpi-common-3.7.0-1.2.riscv64/usr/lib/python3.11/site-packages/devpi_common/__pycache__/archive.cpython-311.opt-1.pyc -> /home/abuild/rpmbuild/BUILDROOT/python-devpi-common-3.7.0-1.2.riscv64/usr/lib/python3.11/site-packages/devpi_common/__pycache__/archive.cpython-311.pyc
[  284s] Linking /home/abuild/rpmbuild/BUILDROOT/python-devpi-common-3.7.0-1.2.riscv64/usr/lib/python3.11/site-packages/devpi_common/__pycache__/__init__.cpython-311.opt-1.pyc -> /home/abuild/rpmbuild/BUILDROOT/python-devpi-common-3.7.0-1.2.riscv64/usr/lib/python3.11/site-packages/devpi_common/__pycache__/__init__.cpython-311.pyc
[  284s] Linking /home/abuild/rpmbuild/BUILDROOT/python-devpi-common-3.7.0-1.2.riscv64/usr/lib/python3.11/site-packages/devpi_common/vendor/__pycache__/_pip.cpython-311.opt-1.pyc -> /home/abuild/rpmbuild/BUILDROOT/python-devpi-common-3.7.0-1.2.riscv64/usr/lib/python3.11/site-packages/devpi_common/vendor/__pycache__/_pip.cpython-311.pyc
[  284s] Linking /home/abuild/rpmbuild/BUILDROOT/python-devpi-common-3.7.0-1.2.riscv64/usr/lib/python3.11/site-packages/devpi_common/vendor/__pycache__/__init__.cpython-311.opt-1.pyc -> /home/abuild/rpmbuild/BUILDROOT/python-devpi-common-3.7.0-1.2.riscv64/usr/lib/python3.11/site-packages/devpi_common/vendor/__pycache__/__init__.cpython-311.pyc
[  284s] ++ '[' -f _current_flavor ']'
[  284s] ++ cat _current_flavor
[  284s] + last_flavor=python311
[  284s] + '[' -z python311 ']'
[  284s] + '[' python311 '!=' python310 ']'
[  284s] + '[' -d build ']'
[  284s] + mv build _build.python311
[  284s] + '[' -d _build.python310 ']'
[  284s] + mv _build.python310 build
[  284s] + echo python310
[  284s] + python_flavor=python310
[  284s] + /usr/lib/rpm/fdupes_wrapper /home/abuild/rpmbuild/BUILDROOT/python-devpi-common-3.7.0-1.2.riscv64/usr/lib/python3.10/site-packages
[  284s] Linking /home/abuild/rpmbuild/BUILDROOT/python-devpi-common-3.7.0-1.2.riscv64/usr/lib/python3.10/site-packages/devpi_common/__pycache__/viewhelp.cpython-310.opt-1.pyc -> /home/abuild/rpmbuild/BUILDROOT/python-devpi-common-3.7.0-1.2.riscv64/usr/lib/python3.10/site-packages/devpi_common/__pycache__/viewhelp.cpython-310.pyc
[  284s] Linking /home/abuild/rpmbuild/BUILDROOT/python-devpi-common-3.7.0-1.2.riscv64/usr/lib/python3.10/site-packages/devpi_common/__pycache__/validation.cpython-310.opt-1.pyc -> /home/abuild/rpmbuild/BUILDROOT/python-devpi-common-3.7.0-1.2.riscv64/usr/lib/python3.10/site-packages/devpi_common/__pycache__/validation.cpython-310.pyc
[  284s] Linking /home/abuild/rpmbuild/BUILDROOT/python-devpi-common-3.7.0-1.2.riscv64/usr/lib/python3.10/site-packages/devpi_common/__pycache__/url.cpython-310.opt-1.pyc -> /home/abuild/rpmbuild/BUILDROOT/python-devpi-common-3.7.0-1.2.riscv64/usr/lib/python3.10/site-packages/devpi_common/__pycache__/url.cpython-310.pyc
[  284s] Linking /home/abuild/rpmbuild/BUILDROOT/python-devpi-common-3.7.0-1.2.riscv64/usr/lib/python3.10/site-packages/devpi_common/__pycache__/request.cpython-310.opt-1.pyc -> /home/abuild/rpmbuild/BUILDROOT/python-devpi-common-3.7.0-1.2.riscv64/usr/lib/python3.10/site-packages/devpi_common/__pycache__/request.cpython-310.pyc
[  284s] Linking /home/abuild/rpmbuild/BUILDROOT/python-devpi-common-3.7.0-1.2.riscv64/usr/lib/python3.10/site-packages/devpi_common/__pycache__/proc.cpython-310.opt-1.pyc -> /home/abuild/rpmbuild/BUILDROOT/python-devpi-common-3.7.0-1.2.riscv64/usr/lib/python3.10/site-packages/devpi_common/__pycache__/proc.cpython-310.pyc
[  284s] Linking /home/abuild/rpmbuild/BUILDROOT/python-devpi-common-3.7.0-1.2.riscv64/usr/lib/python3.10/site-packages/devpi_common/__pycache__/metadata.cpython-310.opt-1.pyc -> /home/abuild/rpmbuild/BUILDROOT/python-devpi-common-3.7.0-1.2.riscv64/usr/lib/python3.10/site-packages/devpi_common/__pycache__/metadata.cpython-310.pyc
[  284s] Linking /home/abuild/rpmbuild/BUILDROOT/python-devpi-common-3.7.0-1.2.riscv64/usr/lib/python3.10/site-packages/devpi_common/__pycache__/archive.cpython-310.opt-1.pyc -> /home/abuild/rpmbuild/BUILDROOT/python-devpi-common-3.7.0-1.2.riscv64/usr/lib/python3.10/site-packages/devpi_common/__pycache__/archive.cpython-310.pyc
[  284s] Linking /home/abuild/rpmbuild/BUILDROOT/python-devpi-common-3.7.0-1.2.riscv64/usr/lib/python3.10/site-packages/devpi_common/__pycache__/__init__.cpython-310.opt-1.pyc -> /home/abuild/rpmbuild/BUILDROOT/python-devpi-common-3.7.0-1.2.riscv64/usr/lib/python3.10/site-packages/devpi_common/__pycache__/__init__.cpython-310.pyc
[  284s] Linking /home/abuild/rpmbuild/BUILDROOT/python-devpi-common-3.7.0-1.2.riscv64/usr/lib/python3.10/site-packages/devpi_common/vendor/__pycache__/_pip.cpython-310.opt-1.pyc -> /home/abuild/rpmbuild/BUILDROOT/python-devpi-common-3.7.0-1.2.riscv64/usr/lib/python3.10/site-packages/devpi_common/vendor/__pycache__/_pip.cpython-310.pyc
[  284s] Linking /home/abuild/rpmbuild/BUILDROOT/python-devpi-common-3.7.0-1.2.riscv64/usr/lib/python3.10/site-packages/devpi_common/vendor/__pycache__/__init__.cpython-310.opt-1.pyc -> /home/abuild/rpmbuild/BUILDROOT/python-devpi-common-3.7.0-1.2.riscv64/usr/lib/python3.10/site-packages/devpi_common/vendor/__pycache__/__init__.cpython-310.pyc
[  284s] + /usr/lib/rpm/find-debuginfo -j4 -n --run-dwz --dwz-low-mem-die-limit 10000000 --dwz-max-die-limit 50000000 -S debugsourcefiles.list /home/abuild/rpmbuild/BUILD/devpi-common-3.7.0
[  285s] + /usr/lib/rpm/brp-compress
[  285s] + /usr/lib/rpm/brp-suse
[  285s] calling /usr/lib/rpm/brp-suse.d/brp-05-permissions
[  285s] calling /usr/lib/rpm/brp-suse.d/brp-15-strip-debug
[  286s] calling /usr/lib/rpm/brp-suse.d/brp-25-symlink
[  286s] calling /usr/lib/rpm/brp-suse.d/brp-50-generate-fips-hmac
[  286s] calling /usr/lib/rpm/brp-suse.d/brp-75-ar
[  287s] Executing(%check): /usr/bin/bash -e /var/tmp/rpm-tmp.RZ9M4f
[  287s] + umask 022
[  287s] + cd /home/abuild/rpmbuild/BUILD
[  287s] + cd devpi-common-3.7.0
[  287s] + set +x
[  287s] Using libalternatives variant 38 for py.test in XDG_CONFIG_HOME during Python 3.8 expansions.
[  287s] Using libalternatives variant 38 for pytest in XDG_CONFIG_HOME during Python 3.8 expansions.
[  288s] Using alternative normalizer-3.8 for normalizer in ./build/flavorbin during Python 3.8 expansions.
[  288s] Using libalternatives variant 39 for py.test in XDG_CONFIG_HOME during Python 3.9 expansions.
[  288s] Using libalternatives variant 39 for pytest in XDG_CONFIG_HOME during Python 3.9 expansions.
[  289s] Using alternative normalizer-3.9 for normalizer in ./build/flavorbin during Python 3.9 expansions.
[  289s] Using libalternatives variant 311 for py.test in XDG_CONFIG_HOME during Python 3.11 expansions.
[  289s] Using libalternatives variant 311 for pytest in XDG_CONFIG_HOME during Python 3.11 expansions.
[  289s] Using alternative normalizer-3.11 for normalizer in ./build/flavorbin during Python 3.11 expansions.
[  290s] Using alternative normalizer-3.10 for normalizer in ./build/flavorbin during Python 3.10 expansions.
[  290s] + export PATH=/home/abuild/rpmbuild/BUILD/devpi-common-3.7.0/build/flavorbin:/usr/local/bin:/usr/bin:/bin
[  290s] + PATH=/home/abuild/rpmbuild/BUILD/devpi-common-3.7.0/build/flavorbin:/usr/local/bin:/usr/bin:/bin
[  290s] ++ '[' -f _current_flavor ']'
[  290s] ++ cat _current_flavor
[  290s] + last_flavor=python310
[  290s] + '[' -z python310 ']'
[  290s] + '[' python310 '!=' python38 ']'
[  290s] + '[' -d build ']'
[  290s] + mv build _build.python310
[  291s] + '[' -d _build.python38 ']'
[  291s] + mv _build.python38 build
[  291s] + echo python38
[  291s] + python_flavor=python38
[  291s] + PYTHONPATH=/home/abuild/rpmbuild/BUILDROOT/python-devpi-common-3.7.0-1.2.riscv64/usr/lib/python3.8/site-packages
[  291s] + PYTHONDONTWRITEBYTECODE=1
[  291s] + pytest-3.8 --ignore=_build.python38 --ignore=_build.python39 --ignore=_build.python311 --ignore=_build.python310 -v
[  297s] ============================= test session starts ==============================
[  297s] platform linux -- Python 3.8.16, pytest-7.2.0, pluggy-1.0.0 -- /usr/bin/python3.8
[  297s] cachedir: .pytest_cache
[  297s] rootdir: /home/abuild/rpmbuild/BUILD/devpi-common-3.7.0
[  307s] collecting ... collected 205 items
[  307s] 
[  308s] testing/test_archive.py::TestArchive::test_namelist[path-tar] PASSED     [  0%]
[  308s] testing/test_archive.py::TestArchive::test_namelist[path-zip] PASSED     [  0%]
[  308s] testing/test_archive.py::TestArchive::test_namelist[file-tar] PASSED     [  1%]
[  308s] testing/test_archive.py::TestArchive::test_namelist[file-zip] PASSED     [  1%]
[  308s] testing/test_archive.py::TestArchive::test_unknown_archive PASSED        [  2%]
[  308s] testing/test_archive.py::TestArchive::test_read[path-tar] PASSED         [  2%]
[  308s] testing/test_archive.py::TestArchive::test_read[path-zip] PASSED         [  3%]
[  309s] testing/test_archive.py::TestArchive::test_read[file-tar] PASSED         [  3%]
[  309s] testing/test_archive.py::TestArchive::test_read[file-zip] PASSED         [  4%]
[  309s] testing/test_archive.py::TestArchive::test_getfile[path-tar] PASSED      [  4%]
[  309s] testing/test_archive.py::TestArchive::test_getfile[path-zip] PASSED      [  5%]
[  309s] testing/test_archive.py::TestArchive::test_getfile[file-tar] PASSED      [  5%]
[  309s] testing/test_archive.py::TestArchive::test_getfile[file-zip] PASSED      [  6%]
[  310s] testing/test_archive.py::TestArchive::test_getfile_not_exists[path-tar] PASSED [  6%]
[  310s] testing/test_archive.py::TestArchive::test_getfile_not_exists[path-zip] PASSED [  7%]
[  310s] testing/test_archive.py::TestArchive::test_getfile_not_exists[file-tar] PASSED [  7%]
[  310s] testing/test_archive.py::TestArchive::test_getfile_not_exists[file-zip] PASSED [  8%]
[  310s] testing/test_archive.py::TestArchive::test_extract[path-tar] PASSED      [  8%]
[  310s] testing/test_archive.py::TestArchive::test_extract[path-zip] PASSED      [  9%]
[  310s] testing/test_archive.py::TestArchive::test_extract[file-tar] PASSED      [  9%]
[  311s] testing/test_archive.py::TestArchive::test_extract[file-zip] PASSED      [ 10%]
[  311s] testing/test_archive.py::TestArchive::test_printdir[path-tar] PASSED     [ 10%]
[  311s] testing/test_archive.py::TestArchive::test_printdir[path-zip] PASSED     [ 11%]
[  311s] testing/test_archive.py::TestArchive::test_printdir[file-tar] PASSED     [ 11%]
[  311s] testing/test_archive.py::TestArchive::test_printdir[file-zip] PASSED     [ 12%]
[  311s] testing/test_archive.py::test_tarfile_outofbound PASSED                  [ 12%]
[  311s] testing/test_archive.py::test_zip_dict PASSED                            [ 13%]
[  311s] testing/test_archive.py::test_zip_dir PASSED                             [ 13%]
[  311s] testing/test_lazydecorator.py::test_simpler PASSED                       [ 14%]
[  311s] testing/test_lazydecorator.py::test_simpler_dict PASSED                  [ 14%]
[  311s] testing/test_lazydecorator.py::test_multi PASSED                         [ 15%]
[  312s] testing/test_lazydecorator.py::test_simpler_mod PASSED                   [ 15%]
[  312s] testing/test_metadata.py::test_splitbasename[pytest-2.3.4.zip-expected0] PASSED [ 16%]
[  312s] testing/test_metadata.py::test_splitbasename[pytest-2.3.4-py27.egg-expected1] PASSED [ 16%]
[  312s] testing/test_metadata.py::test_splitbasename[dddttt-0.1.dev38-py2.7.egg-expected2] PASSED [ 17%]
[  312s] testing/test_metadata.py::test_splitbasename[devpi-0.9.5.dev1-cp26-none-linux_x86_64.whl-expected3] PASSED [ 17%]
[  312s] testing/test_metadata.py::test_splitbasename[wheel-0.21.0-py2.py3-none-any.whl-expected4] PASSED [ 18%]
[  312s] testing/test_metadata.py::test_splitbasename[green-0.4.0-py2.5-win32.egg-expected5] PASSED [ 18%]
[  312s] testing/test_metadata.py::test_splitbasename[Candela-0.2.1.macosx-10.4-x86_64.exe-expected6] PASSED [ 19%]
[  312s] testing/test_metadata.py::test_splitbasename[Cambiatuscromos-0.1.1alpha.linux-x86_64.exe-expected7] PASSED [ 19%]
[  312s] testing/test_metadata.py::test_splitbasename[Aesthete-0.4.2.win32.exe-expected8] PASSED [ 20%]
[  312s] testing/test_metadata.py::test_splitbasename[DTL-1.0.5.win-amd64.exe-expected9] PASSED [ 20%]
[  312s] testing/test_metadata.py::test_splitbasename[Cheetah-2.2.2-1.x86_64.rpm-expected10] PASSED [ 20%]
[  312s] testing/test_metadata.py::test_splitbasename[Cheetah-2.2.2-1.src.rpm-expected11] PASSED [ 21%]
[  312s] testing/test_metadata.py::test_splitbasename[Cheetah-2.2.2-1.x85.rpm-expected12] PASSED [ 21%]
[  312s] testing/test_metadata.py::test_splitbasename[Cheetah-2.2.2.dev1-1.x85.rpm-expected13] PASSED [ 22%]
[  312s] testing/test_metadata.py::test_splitbasename[Cheetah-2.2.2.dev1-1.noarch.rpm-expected14] PASSED [ 22%]
[  312s] testing/test_metadata.py::test_splitbasename[deferargs.tar.gz-expected15] PASSED [ 23%]
[  312s] testing/test_metadata.py::test_splitbasename[hello-1.0.doc.zip-expected16] PASSED [ 23%]
[  312s] testing/test_metadata.py::test_splitbasename[Twisted-12.0.0.win32-py2.7.msi-expected17] PASSED [ 24%]
[  312s] testing/test_metadata.py::test_splitbasename[django_ipware-0.0.8-py3-none-any.whl-expected18] PASSED [ 24%]
[  312s] testing/test_metadata.py::test_splitbasename[my-binary-package-name-1-4-3-yip-0.9.tar.gz-expected19] PASSED [ 25%]
[  312s] testing/test_metadata.py::test_splitbasename[my-binary-package-name-1-4-3-yip-0.9+deadbeef.tar.gz-expected20] PASSED [ 25%]
[  312s] testing/test_metadata.py::test_splitbasename[cffi-1.6.0-pp251-pypy_41-macosx_10_11_x86_64.whl-expected21] PASSED [ 26%]
[  312s] testing/test_metadata.py::test_splitbasename[argon2_cffi-18.2.0.dev0.0-pp2510-pypy_41-macosx_10_13_x86_64.whl-expected22] PASSED [ 26%]
[  312s] testing/test_metadata.py::test_get_pyversion_filetype[x-2.3.zip-expected0] PASSED [ 27%]
[  312s] testing/test_metadata.py::test_get_pyversion_filetype[x-2.3-0.4.0.win32-py3.1.exe-expected1] PASSED [ 27%]
[  312s] testing/test_metadata.py::test_get_pyversion_filetype[x-2.3-py27.egg-expected2] PASSED [ 28%]
[  312s] testing/test_metadata.py::test_get_pyversion_filetype[wheel-0.21.0-py2.py3-none-any.whl-expected3] PASSED [ 28%]
[  312s] testing/test_metadata.py::test_get_pyversion_filetype[devpi-0.9.5.dev1-cp26-none-linux_x86_64.whl-expected4] PASSED [ 29%]
[  312s] testing/test_metadata.py::test_get_pyversion_filetype[greenlet-0.4.0-py3.3-win-amd64.egg-expected5] PASSED [ 29%]
[  312s] testing/test_metadata.py::test_get_pyversion_filetype[greenlet-0.4.0.linux-x86_64.tar.gz-expected6] PASSED [ 30%]
[  313s] testing/test_metadata.py::test_get_pyversion_filetype[cffi-1.6.0-pp251-pypy_41-macosx_10_11_x86_64.whl-expected7] PASSED [ 30%]
[  313s] testing/test_metadata.py::test_get_pyversion_filetype[cryptography-1.4-pp253-pypy_41-linux_x86_64.whl-expected8] PASSED [ 31%]
[  313s] testing/test_metadata.py::test_get_pyversion_filetype[argon2_cffi-18.2.0.dev0.0-pp2510-pypy_41-macosx_10_13_x86_64.whl-expected9] PASSED [ 31%]
[  313s] testing/test_metadata.py::test_splitext_archive[pytest-2.3.4.zip-expected0] PASSED [ 32%]
[  313s] testing/test_metadata.py::test_splitext_archive[green-0.4.0-py2.5-win32.egg-expected1] PASSED [ 32%]
[  313s] testing/test_metadata.py::test_splitext_archive[green-0.4.0-py2.5-win32.egg-expected2] PASSED [ 33%]
[  313s] testing/test_metadata.py::test_splitext_archive[green-1.0.tar.gz-expected3] PASSED [ 33%]
[  313s] testing/test_metadata.py::test_splitext_archive[green-1.0.tar.gz-expected4] PASSED [ 34%]
[  313s] testing/test_metadata.py::test_splitext_archive[green-1.0.doc.zip-expected5] PASSED [ 34%]
[  313s] testing/test_metadata.py::test_get_latest_version[None-versions0] PASSED [ 35%]
[  313s] testing/test_metadata.py::test_get_latest_version[1.0-versions1] PASSED  [ 35%]
[  313s] testing/test_metadata.py::test_get_latest_version[1.0-versions2] PASSED  [ 36%]
[  313s] testing/test_metadata.py::test_get_latest_version[1.0.1.dev0-versions3] PASSED [ 36%]
[  313s] testing/test_metadata.py::test_get_latest_version[2.0-alpha1-versions4] PASSED [ 37%]
[  313s] testing/test_metadata.py::test_get_latest_version[2.0-beta1-versions5] PASSED [ 37%]
[  313s] testing/test_metadata.py::test_get_latest_version[2.0-rc1-versions6] PASSED [ 38%]
[  313s] testing/test_metadata.py::test_get_latest_version[2.0-pre1-versions7] PASSED [ 38%]
[  313s] testing/test_metadata.py::test_get_latest_stable_version[None-versions0] PASSED [ 39%]
[  313s] testing/test_metadata.py::test_get_latest_stable_version[1.0-versions1] PASSED [ 39%]
[  313s] testing/test_metadata.py::test_get_latest_stable_version[1.0-versions2] PASSED [ 40%]
[  313s] testing/test_metadata.py::test_get_latest_stable_version[1.0-versions3] PASSED [ 40%]
[  313s] testing/test_metadata.py::test_get_latest_stable_version[1.0-versions4] PASSED [ 40%]
[  313s] testing/test_metadata.py::test_get_latest_stable_version[1.0-versions5] PASSED [ 41%]
[  313s] testing/test_metadata.py::test_get_latest_stable_version[1.0-versions6] PASSED [ 41%]
[  313s] testing/test_metadata.py::test_get_latest_stable_version[1.0-versions7] PASSED [ 42%]
[  313s] testing/test_metadata.py::test_version PASSED                            [ 42%]
[  313s] testing/test_metadata.py::TestBasenameMeta::test_doczip PASSED           [ 43%]
[  313s] testing/test_metadata.py::TestBasenameMeta::test_two_comparison PASSED   [ 43%]
[  313s] testing/test_metadata.py::TestBasenameMeta::test_normalize_equal PASSED  [ 44%]
[  313s] testing/test_metadata.py::TestBasenameMeta::test_basename_attribute PASSED [ 44%]
[  315s] testing/test_metadata.py::TestBasenameMeta::test_noversion_sameproject FAILED [ 45%]
[  315s] testing/test_metadata.py::TestBasenameMeta::test_notsameproject PASSED   [ 45%]
[  316s] testing/test_metadata.py::TestBasenameMeta::test_sort_sameproject_links FAILED [ 46%]
[  316s] testing/test_metadata.py::test_parse_requirement PASSED                  [ 46%]
[  316s] testing/test_proc.py::test_check_output SKIPPED (no hg)                  [ 47%]
[  316s] testing/test_proc.py::test_checkoutput_error SKIPPED (no hg)             [ 47%]
[  316s] testing/test_request.py::test_env[None] PASSED                           [ 48%]
[  316s] testing/test_request.py::test_env[0] PASSED                              [ 48%]
[  316s] testing/test_request.py::test_env[2] PASSED                              [ 49%]
[  316s] testing/test_request.py::test_useragent PASSED                           [ 49%]
[  316s] testing/test_request.py::test_exception_attributes PASSED                [ 50%]
[  316s] testing/test_types.py::test_CompareMixin PASSED                          [ 50%]
[  317s] testing/test_types.py::test_parsehashspec PASSED                         [ 51%]
[  317s] testing/test_url.py::TestURL::test_basename PASSED                       [ 51%]
[  317s] testing/test_url.py::TestURL::test_repr PASSED                           [ 52%]
[  317s] testing/test_url.py::TestURL::test_str PASSED                            [ 52%]
[  317s] testing/test_url.py::TestURL::test_parentbasename PASSED                 [ 53%]
[  317s] testing/test_url.py::TestURL::test_hashing PASSED                        [ 53%]
[  317s] testing/test_url.py::TestURL::test_eggfragment PASSED                    [ 54%]
[  317s] testing/test_url.py::TestURL::test_md5 PASSED                            [ 54%]
[  317s] testing/test_url.py::TestURL::test_hashtypes[sha256-090123] PASSED       [ 55%]
[  317s] testing/test_url.py::TestURL::test_hashtypes[sha224-1209380123] PASSED   [ 55%]
[  317s] testing/test_url.py::TestURL::test_hashtypes[md5-102938] PASSED          [ 56%]
[  317s] testing/test_url.py::TestURL::test_nohashtypes PASSED                    [ 56%]
[  317s] testing/test_url.py::TestURL::test_joinpath[http://root-dir1-http://root/dir1] PASSED [ 57%]
[  317s] testing/test_url.py::TestURL::test_joinpath[http://root-dir1/-http://root/dir1/] PASSED [ 57%]
[  317s] testing/test_url.py::TestURL::test_joinpath[http://root/-dir1/-http://root/dir1/] PASSED [ 58%]
[  317s] testing/test_url.py::TestURL::test_joinpath[http://root/dir1-dir2-http://root/dir2] PASSED [ 58%]
[  317s] testing/test_url.py::TestURL::test_joinpath[http://root/dir1/-dir2/-http://root/dir1/dir2/] PASSED [ 59%]
[  317s] testing/test_url.py::TestURL::test_joinpath[http://root/dir1/-/dir2-http://root/dir2] PASSED [ 59%]
[  317s] testing/test_url.py::TestURL::test_joinpath[http://root/dir1/-/dir2/-http://root/dir2/] PASSED [ 60%]
[  317s] testing/test_url.py::TestURL::test_joinpath[http://root/dir1/dir3-dir2-http://root/dir1/dir2] PASSED [ 60%]
[  317s] testing/test_url.py::TestURL::test_joinpath[http://root/dir1/dir3/-dir2/-http://root/dir1/dir3/dir2/] PASSED [ 60%]
[  317s] testing/test_url.py::TestURL::test_joinpath[http://root/dir1/dir3/-/dir2-http://root/dir2] PASSED [ 61%]
[  317s] testing/test_url.py::TestURL::test_joinpath[http://root/dir1/dir3/-/dir2/-http://root/dir2/] PASSED [ 61%]
[  317s] testing/test_url.py::TestURL::test_joinpath[http://root?foo=bar-dir1-http://root/dir1?foo=bar] PASSED [ 62%]
[  317s] testing/test_url.py::TestURL::test_joinpath[http://root?foo=bar-dir1/-http://root/dir1/?foo=bar] PASSED [ 62%]
[  318s] testing/test_url.py::TestURL::test_joinpath[http://root/?foo=bar-dir1/-http://root/dir1/?foo=bar] PASSED [ 63%]
[  318s] testing/test_url.py::TestURL::test_joinpath[http://root/dir1?foo=bar-dir2-http://root/dir2?foo=bar] PASSED [ 63%]
[  318s] testing/test_url.py::TestURL::test_joinpath[http://root/dir1/?foo=bar-dir2/-http://root/dir1/dir2/?foo=bar] PASSED [ 64%]
[  318s] testing/test_url.py::TestURL::test_joinpath[http://root/dir1/?foo=bar-/dir2-http://root/dir2?foo=bar] PASSED [ 64%]
[  318s] testing/test_url.py::TestURL::test_joinpath[http://root/dir1/?foo=bar-/dir2/-http://root/dir2/?foo=bar] PASSED [ 65%]
[  318s] testing/test_url.py::TestURL::test_joinpath[http://root/dir1/dir3?foo=bar-dir2-http://root/dir1/dir2?foo=bar] PASSED [ 65%]
[  318s] testing/test_url.py::TestURL::test_joinpath[http://root/dir1/dir3/?foo=bar-dir2/-http://root/dir1/dir3/dir2/?foo=bar] PASSED [ 66%]
[  318s] testing/test_url.py::TestURL::test_joinpath[http://root/dir1/dir3/?foo=bar-/dir2-http://root/dir2?foo=bar] PASSED [ 66%]
[  318s] testing/test_url.py::TestURL::test_joinpath[http://root/dir1/dir3/?foo=bar-/dir2/-http://root/dir2/?foo=bar] PASSED [ 67%]
[  318s] testing/test_url.py::TestURL::test_addpath PASSED                        [ 67%]
[  318s] testing/test_url.py::TestURL::test_instantiate_with_url PASSED           [ 68%]
[  318s] testing/test_url.py::TestURL::test_empty_url PASSED                      [ 68%]
[  318s] testing/test_url.py::TestURL::test_asdir PASSED                          [ 69%]
[  318s] testing/test_url.py::TestURL::test_asfile PASSED                         [ 69%]
[  318s] testing/test_url.py::TestURL::test_joinpath_asdir PASSED                 [ 70%]
[  318s] testing/test_url.py::TestURL::test_geturl_nofrag PASSED                  [ 70%]
[  318s] testing/test_url.py::TestURL::test_url_nofrag PASSED                     [ 71%]
[  318s] testing/test_url.py::TestURL::test_relpath[/something/this-/something/that-that] PASSED [ 71%]
[  318s] testing/test_url.py::TestURL::test_relpath[/something/this-/something/that/-that/] PASSED [ 72%]
[  318s] testing/test_url.py::TestURL::test_relpath[/something/this-/something/this-this] PASSED [ 72%]
[  318s] testing/test_url.py::TestURL::test_relpath[/something/this-/something/this/-this/] PASSED [ 73%]
[  318s] testing/test_url.py::TestURL::test_relpath[/something/this-/-../] PASSED [ 73%]
[  318s] testing/test_url.py::TestURL::test_relpath[/-/this/that/-this/that/] PASSED [ 74%]
[  318s] testing/test_url.py::TestURL::test_relpath[/something/this/-/something/that-../that] PASSED [ 74%]
[  318s] testing/test_url.py::TestURL::test_relpath[/something/this/-/other/that-../../other/that0] PASSED [ 75%]
[  318s] testing/test_url.py::TestURL::test_relpath[/something/this/-/other/that-../../other/that1] PASSED [ 75%]
[  318s] testing/test_url.py::TestURL::test_relpath[/something/this/-/something/this/that-that] PASSED [ 76%]
[  318s] testing/test_url.py::TestURL::test_relpath[/something/this/-/something/this/that/there-that/there] PASSED [ 76%]
[  318s] testing/test_url.py::TestURL::test_relpath_edge_case PASSED              [ 77%]
[  319s] testing/test_url.py::TestURL::test_netloc PASSED                         [ 77%]
[  319s] testing/test_url.py::TestURL::test_replace PASSED                        [ 78%]
[  319s] testing/test_url.py::TestURL::test_replace_netloc_parts PASSED           [ 78%]
[  319s] testing/test_url.py::TestURL::test_replace_nothing PASSED                [ 79%]
[  319s] testing/test_url.py::TestURL::test_comparison PASSED                     [ 79%]
[  319s] testing/test_url.py::TestURL::test_username PASSED                       [ 80%]
[  319s] testing/test_url.py::TestURL::test_password PASSED                       [ 80%]
[  319s] testing/test_url.py::TestURL::test_hostname PASSED                       [ 80%]
[  319s] testing/test_url.py::TestURL::test_port PASSED                           [ 81%]
[  319s] testing/test_url.py::TestURL::test_query PASSED                          [ 81%]
[  319s] testing/test_url.py::TestURL::test_query_dict[http://example.com-kwargs0-expected0] PASSED [ 82%]
[  319s] testing/test_url.py::TestURL::test_query_dict[http://example.com?foo=bar-kwargs1-expected1] PASSED [ 82%]
[  319s] testing/test_url.py::TestURL::test_query_dict[http://example.com?foo=ham&foo=bar-kwargs2-expected2] PASSED [ 83%]
[  319s] testing/test_url.py::TestURL::test_query_dict[http://example.com?foo=ham&foo=bar&bar=-kwargs3-expected3] PASSED [ 83%]
[  319s] testing/test_url.py::TestURL::test_query_dict[http://example.com?foo=ham&foo=bar&bar=-kwargs4-expected4] PASSED [ 84%]
[  319s] testing/test_url.py::TestURL::test_query_items[http://example.com-kwargs0-expected0] PASSED [ 84%]
[  319s] testing/test_url.py::TestURL::test_query_items[http://example.com?foo=bar-kwargs1-expected1] PASSED [ 85%]
[  319s] testing/test_url.py::TestURL::test_query_items[http://example.com?foo=ham&foo=bar-kwargs2-expected2] PASSED [ 85%]
[  319s] testing/test_url.py::TestURL::test_query_items[http://example.com?foo=ham&foo=bar&bar=-kwargs3-expected3] PASSED [ 86%]
[  319s] testing/test_url.py::TestURL::test_query_items[http://example.com?foo=ham&foo=bar&bar=-kwargs4-expected4] PASSED [ 86%]
[  319s] testing/test_url.py::TestURL::test_query_replace[http://example.com-foo=bar-http://example.com?foo=bar] PASSED [ 87%]
[  319s] testing/test_url.py::TestURL::test_query_replace[http://example.com-query1-http://example.com?foo=bar] PASSED [ 87%]
[  319s] testing/test_url.py::TestURL::test_query_replace[http://example.com-query2-http://example.com?foo=bar] PASSED [ 88%]
[  319s] testing/test_url.py::TestURL::test_query_replace[http://example.com?foo=ham-foo=bar-http://example.com?foo=bar] PASSED [ 88%]
[  319s] testing/test_url.py::TestURL::test_query_replace[http://example.com?foo=ham-query4-http://example.com?foo=bar] PASSED [ 89%]
[  319s] testing/test_url.py::TestURL::test_query_replace[http://example.com?foo=ham-query5-http://example.com?foo=bar] PASSED [ 89%]
[  319s] testing/test_url.py::test_canonical_url_path_mappings[http://codespeak.net] PASSED [ 90%]
[  319s] testing/test_url.py::test_canonical_url_path_mappings[https://codespeak.net] PASSED [ 90%]
[  319s] testing/test_url.py::test_canonical_url_path_mappings[http://codespeak.net/path] PASSED [ 91%]
[  319s] testing/test_url.py::test_canonical_url_path_mappings[http://codespeak.net:3123/path] PASSED [ 91%]
[  319s] testing/test_url.py::test_canonical_url_path_mappings[https://codespeak.net:80/path] PASSED [ 92%]
[  320s] testing/test_validation.py::test_safe_name[hello-xyz] PASSED             [ 92%]
[  320s] testing/test_validation.py::test_safe_name[hello_xyz] PASSED             [ 93%]
[  320s] testing/test_validation.py::test_safe_name[hello.xyz] PASSED             [ 93%]
[  320s] testing/test_validation.py::test_safe_name[Hello.XYZ] PASSED             [ 94%]
[  320s] testing/test_validation.py::test_safe_name[Hello___XYZ] PASSED           [ 94%]
[  320s] testing/test_validation.py::TestValidateMetadata::test_valid_names[hello] PASSED [ 95%]
[  320s] testing/test_validation.py::TestValidateMetadata::test_valid_names[hello-xyz] PASSED [ 95%]
[  320s] testing/test_validation.py::TestValidateMetadata::test_valid_names[hello1-xyz] PASSED [ 96%]
[  320s] testing/test_validation.py::TestValidateMetadata::test_valid_names[hello_xyz] PASSED [ 96%]
[  320s] testing/test_validation.py::TestValidateMetadata::test_invalid[hello_] PASSED [ 97%]
[  320s] testing/test_validation.py::TestValidateMetadata::test_invalid[hello-] PASSED [ 97%]
[  320s] testing/test_validation.py::TestValidateMetadata::test_invalid[-hello] PASSED [ 98%]
[  320s] testing/test_validation.py::TestValidateMetadata::test_invalid[_hello1] PASSED [ 98%]
[  320s] testing/test_validation.py::TestValidateMetadata::test_invalid[hel%lo] PASSED [ 99%]
[  320s] testing/test_validation.py::TestValidateMetadata::test_invalid[hello#] PASSED [ 99%]
[  320s] testing/test_validation.py::TestValidateMetadata::test_invalid[hello<] PASSED [100%]
[  320s] 
[  320s] =================================== FAILURES ===================================
[  320s] _________________ TestBasenameMeta.test_noversion_sameproject __________________
[  320s] 
[  320s] self = <test_metadata.TestBasenameMeta object at 0x400546bc40>
[  320s] 
[  320s]     def test_noversion_sameproject(self):
[  320s]         meta1 = BasenameMeta("py-1.0.zip", sameproject=True)
[  320s] >       meta2 = BasenameMeta("master", sameproject=True)
[  320s] 
[  320s] testing/test_metadata.py:143: 
[  320s] _ _ _ _ _ _ _ _ _ _ _ _ _ _ _ _ _ _ _ _ _ _ _ _ _ _ _ _ _ _ _ _ _ _ _ _ _ _ _ _ 
[  320s] ../../BUILDROOT/python-devpi-common-3.7.0-1.2.riscv64/usr/lib/python3.8/site-packages/devpi_common/metadata.py:168: in __init__
[  320s]     self.cmpval = (parse_version(version), normalize_name(name), ext)
[  320s] /usr/lib/python3.8/site-packages/packaging/version.py:52: in parse
[  320s]     return Version(version)
[  320s] _ _ _ _ _ _ _ _ _ _ _ _ _ _ _ _ _ _ _ _ _ _ _ _ _ _ _ _ _ _ _ _ _ _ _ _ _ _ _ _ 
[  320s] 
[  320s] self = <[AttributeError("'Version' object has no attribute '_version'") raised in repr()] Version object at 0x4006790370>
[  320s] version = ''
[  320s] 
[  320s]     def __init__(self, version: str) -> None:
[  320s]         """Initialize a Version object.
[  320s]     
[  320s]         :param version:
[  320s]             The string representation of a version which will be parsed and normalized
[  320s]             before use.
[  320s]         :raises InvalidVersion:
[  320s]             If the ``version`` does not conform to PEP 440 in any way then this
[  320s]             exception will be raised.
[  320s]         """
[  320s]     
[  320s]         # Validate the version and parse it into pieces
[  320s]         match = self._regex.search(version)
[  320s]         if not match:
[  320s] >           raise InvalidVersion(f"Invalid version: '{version}'")
[  320s] E           packaging.version.InvalidVersion: Invalid version: ''
[  320s] 
[  320s] /usr/lib/python3.8/site-packages/packaging/version.py:197: InvalidVersion
[  320s] _________________ TestBasenameMeta.test_sort_sameproject_links _________________
[  320s] 
[  320s] self = <test_metadata.TestBasenameMeta object at 0x400546be80>
[  320s] 
[  320s]     def test_sort_sameproject_links(self):
[  320s]         links = ["master", "py-1.0.zip", "trunk.zip", "py-1.1.tgz"]
[  320s] >       newlinks = sorted_sameproject_links(links)
[  320s] 
[  320s] testing/test_metadata.py:158: 
[  320s] _ _ _ _ _ _ _ _ _ _ _ _ _ _ _ _ _ _ _ _ _ _ _ _ _ _ _ _ _ _ _ _ _ _ _ _ _ _ _ _ 
[  320s] ../../BUILDROOT/python-devpi-common-3.7.0-1.2.riscv64/usr/lib/python3.8/site-packages/devpi_common/metadata.py:178: in sorted_sameproject_links
[  320s]     s = sorted((BasenameMeta(link, sameproject=True)
[  320s] ../../BUILDROOT/python-devpi-common-3.7.0-1.2.riscv64/usr/lib/python3.8/site-packages/devpi_common/metadata.py:178: in <genexpr>
[  320s]     s = sorted((BasenameMeta(link, sameproject=True)
[  320s] ../../BUILDROOT/python-devpi-common-3.7.0-1.2.riscv64/usr/lib/python3.8/site-packages/devpi_common/metadata.py:168: in __init__
[  320s]     self.cmpval = (parse_version(version), normalize_name(name), ext)
[  320s] /usr/lib/python3.8/site-packages/packaging/version.py:52: in parse
[  320s]     return Version(version)
[  320s] _ _ _ _ _ _ _ _ _ _ _ _ _ _ _ _ _ _ _ _ _ _ _ _ _ _ _ _ _ _ _ _ _ _ _ _ _ _ _ _ 
[  320s] 
[  320s] self = <[AttributeError("'Version' object has no attribute '_version'") raised in repr()] Version object at 0x400665d580>
[  320s] version = ''
[  320s] 
[  320s]     def __init__(self, version: str) -> None:
[  320s]         """Initialize a Version object.
[  320s]     
[  320s]         :param version:
[  320s]             The string representation of a version which will be parsed and normalized
[  320s]             before use.
[  320s]         :raises InvalidVersion:
[  320s]             If the ``version`` does not conform to PEP 440 in any way then this
[  320s]             exception will be raised.
[  320s]         """
[  320s]     
[  320s]         # Validate the version and parse it into pieces
[  320s]         match = self._regex.search(version)
[  320s]         if not match:
[  320s] >           raise InvalidVersion(f"Invalid version: '{version}'")
[  320s] E           packaging.version.InvalidVersion: Invalid version: ''
[  320s] 
[  320s] /usr/lib/python3.8/site-packages/packaging/version.py:197: InvalidVersion
[  320s] =========================== short test summary info ============================
[  320s] FAILED testing/test_metadata.py::TestBasenameMeta::test_noversion_sameproject
[  320s] FAILED testing/test_metadata.py::TestBasenameMeta::test_sort_sameproject_links
[  320s] ================== 2 failed, 201 passed, 2 skipped in 22.74s ===================
[  321s] error: Bad exit status from /var/tmp/rpm-tmp.RZ9M4f (%check)
[  321s] 
[  321s] RPM build errors:
[  321s]     Bad exit status from /var/tmp/rpm-tmp.RZ9M4f (%check)
[  321s] ### VM INTERACTION START ###
[  322s] [  314.766278][    T1] sysrq: Power Off
[  322s] [  314.768531][  T267] reboot: Power down
[  322s] ### VM INTERACTION END ###
[  322s] 
[  322s] old-atreju4 failed "build python-devpi-common.spec" at Sun Feb 19 07:17:07 UTC 2023.
[  322s] 
