[    0s] Using BUILD_ROOT=/var/cache/obs/worker/root_15/.mount
[    0s] Using BUILD_ARCH=riscv64
[    0s] Doing kvm build in /var/cache/obs/worker/root_15/root
[    0s] 
[    0s] 
[    0s] sheep87 started "build python-influxdb.spec" at Sun Feb 19 09:52:27 UTC 2023.
[    0s] 
[    0s] Building python-influxdb for project 'openSUSE:Factory:RISCV' repository 'standard' arch 'riscv64' srcmd5 '2c2117b57336856910244c1ddb8e3cec'
[    0s] 
[    0s] processing recipe /var/cache/obs/worker/root_15/.build-srcdir/python-influxdb.spec ...
[    0s] running changelog2spec --target rpm --file /var/cache/obs/worker/root_15/.build-srcdir/python-influxdb.spec
[    0s] init_buildsystem --configdir /var/run/obs/worker/15/build/configs --cachedir /var/cache/build --prepare --clean --rpmlist /var/cache/obs/worker/root_15/.build.rpmlist /var/cache/obs/worker/root_15/.build-srcdir/python-influxdb.spec build ...
[    1s] unpacking preinstall image openSUSE:Factory:RISCV/standard/preinstallimage-python [718d7b37bce08b907ee81939a96ff181]
[    3s] 
[    3s] copying packages...
[    3s] reordering...done
[    3s] Detected virtio-serial support
[    4s] booting kvm...
[    4s] ### VM INTERACTION START ###
[    4s] Using virtio-serial support
[    4s] /usr/bin/qemu-kvm -nodefaults -no-reboot -nographic -vga none -cpu host -M pc,accel=kvm,usb=off,dump-guest-core=off,vmport=off -sandbox on -bios /usr/share/qemu/qboot.rom -object rng-random,filename=/dev/hwrng,id=rng0 -device virtio-rng-pci,rng=rng0 -object iothread,id=io0 -runas qemu -net none -kernel /var/cache/obs/worker/root_15/.mount/boot/kernel -initrd /var/cache/obs/worker/root_15/.mount/boot/initrd -append root=/dev/disk/by-id/virtio-0 rootfstype=ext4 rootflags=noatime kvmclock mitigations=off elevator=noop nmi_watchdog=0 rw rd.driver.pre=binfmt_misc oops=panic panic=1 quiet console=hvc0 init=/.build/initvm.x86_64 -m 8192 -drive file=/var/cache/obs/worker/root_15/root,format=raw,if=none,id=disk,cache=unsafe,aio=io_uring -device virtio-blk-pci,iothread=io0,drive=disk,serial=0 -drive file=/var/cache/obs/worker/root_15/swap,format=raw,if=none,id=swap,cache=unsafe,aio=io_uring -device virtio-blk-pci,iothread=io0,drive=swap,serial=1 -device virtio-serial,max_ports=2 -device virtconsole,chardev=virtiocon0 -chardev stdio,id=virtiocon0 -chardev socket,id=monitor,server=on,wait=off,path=/var/cache/obs/worker/root_15/root.qemu/monitor -mon chardev=monitor,mode=readline -smp 6
[    7s] ### VM INTERACTION END ###
[    7s] 2nd stage started in virtual machine
[    7s] machine type: riscv64
[    8s] Linux version: 6.1.12-1-default #1 SMP PREEMPT_DYNAMIC Wed Feb 15 05:31:41 UTC 2023 (373f017)
[    8s] Increasing log level from now on...
[    8s] [    3.132747][  T385] sysrq: Changing Loglevel
[    8s] [    3.132902][  T385] sysrq: Loglevel set to 4
[    8s] Enable sysrq operations
[    8s] Setting up swapspace version 1, size = 2 GiB (2147479552 bytes)
[    8s] no label, UUID=99961c01-8a3b-46c0-b972-585d75455ad5
[    8s] swapon: /dev/vdb: found signature [pagesize=4096, signature=swap]
[    8s] swapon: /dev/vdb: pagesize=4096, swapsize=2147483648, devsize=2147483648
[    8s] swapon /dev/vdb
[    8s] WARNING: udev not running, creating extra device nodes
[    8s] logging output to //.build.log...
[    9s] processing recipe /.build-srcdir/python-influxdb.spec ...
[    9s] init_buildsystem --configdir /.build/configs --cachedir /var/cache/build /.build-srcdir/python-influxdb.spec build ...
[    9s] initializing rpm db...
[    9s] querying package ids...
[   28s] [1/279] preinstalled aaa_base-84.87+git20220822.6b9f7a3-1.1
[   28s] [2/279] preinstalled aaa_base-malloccheck-84.87+git20220822.6b9f7a3-1.1
[   28s] [3/279] preinstalled attr-2.5.1-1.1
[   28s] [4/279] preinstalled bash-5.2.15-8.1
[   28s] [5/279] preinstalled bash-sh-5.2.15-8.1
[   28s] [6/279] preinstalled binutils-2.39-3.1
[   28s] [7/279] preinstalled brp-check-suse-84.87+git20221115.2f7add6-1.1
[   28s] [8/279] preinstalled build-compare-20221206T204012.bb70754-1.2
[   28s] [9/279] preinstalled build-mkbaselibs-20230215-1.1
[   28s] [10/279] preinstalled bzip2-1.0.8-4.1
[   28s] [11/279] preinstalled chkstat-1599_20221220-1.2
[   28s] [12/279] preinstalled compat-usrmerge-build-84.87-5.1
[   28s] [13/279] preinstalled compat-usrmerge-tools-84.87-5.1
[   28s] [14/279] preinstalled coreutils-9.1-5.1
[   28s] [15/279] preinstalled cpio-2.13-5.1
[   28s] [16/279] preinstalled cpp-12-2.1
[   28s] [17/279] preinstalled cpp12-12.2.1+git749-4.1
[   28s] [18/279] preinstalled crypto-policies-20210917.c9d86d1-1.1
[   28s] [19/279] preinstalled debugedit-5.0-5.1
[   28s] [20/279] preinstalled diffutils-3.9-1.1
[   28s] [21/279] preinstalled dwz-0.15-2.1
[   28s] [22/279] preinstalled elfutils-0.188-3.2
[   28s] [23/279] cumulate fdupes-2.2.1-1.1
[   28s] [24/279] preinstalled file-5.44-1.2
[   28s] [25/279] preinstalled file-magic-5.44-1.2
[   28s] [26/279] preinstalled filesystem-84.87-12.1
[   28s] [27/279] preinstalled fillup-1.42-279.1
[   28s] [28/279] preinstalled findutils-4.9.0-2.1
[   28s] [29/279] preinstalled gawk-5.2.1-2.1
[   28s] [30/279] preinstalled gcc-12-2.1
[   28s] [31/279] preinstalled gcc-PIE-12-2.1
[   28s] [32/279] preinstalled gcc12-12.2.1+git749-4.1
[   28s] [33/279] preinstalled gcc12-PIE-12.2.1+git749-4.1
[   28s] [34/279] preinstalled gettext-runtime-mini-0.21.1-1.1
[   28s] [35/279] preinstalled gettext-tools-mini-0.21.1-1.1
[   28s] [36/279] preinstalled glibc-2.37-1.1
[   28s] [37/279] preinstalled glibc-devel-2.37-1.1
[   28s] [38/279] preinstalled glibc-locale-base-2.37-1.1
[   28s] [39/279] preinstalled grep-3.8-3.1
[   28s] [40/279] preinstalled gzip-1.12-3.1
[   28s] [41/279] cumulate hostname-3.23-2.2
[   28s] [42/279] preinstalled kernel-obs-build-6.1.12-1.1
[   28s] [43/279] preinstalled libacl1-2.3.1-2.1
[   28s] [44/279] cumulate libalternatives1-1.2+3.b848aad-3.1
[   28s] [45/279] preinstalled libasan8-13.0.1+git5428-6.1
[   28s] [46/279] preinstalled libasm1-0.188-3.2
[   28s] [47/279] preinstalled libatomic1-13.0.1+git5428-6.1
[   28s] [48/279] preinstalled libattr1-2.5.1-1.1
[   28s] [49/279] preinstalled libaudit1-3.0.6-4.1
[   28s] [50/279] preinstalled libblkid1-2.38.1-7.1
[   28s] [51/279] preinstalled libbz2-1-1.0.8-4.1
[   28s] [52/279] preinstalled libcap-ng0-0.8.3-1.1
[   28s] [53/279] preinstalled libcap2-2.67-1.1
[   28s] [54/279] preinstalled libcrypt1-4.4.33-1.1
[   28s] [55/279] preinstalled libctf-nobfd0-2.39-3.1
[   28s] [56/279] preinstalled libctf0-2.39-3.1
[   28s] [57/279] preinstalled libdb-4_8-4.8.30-39.1
[   28s] [58/279] preinstalled libdw1-0.188-3.2
[   28s] [59/279] preinstalled libeconf0-0.5.1-1.1
[   28s] [60/279] preinstalled libelf1-0.188-3.2
[   28s] [61/279] preinstalled libexpat1-2.5.0-2.1
[   28s] [62/279] preinstalled libfdisk1-2.38.1-7.1
[   28s] [63/279] preinstalled libffi8-3.4.4-1.1
[   28s] [64/279] cumulate libflux0_171_0-0.171.0-1.1
[   28s] [65/279] preinstalled libgcc_s1-13.0.1+git5428-6.1
[   28s] [66/279] preinstalled libgcrypt20-1.10.1-1.1
[   28s] [67/279] preinstalled libgdbm6-1.23-1.1
[   28s] [68/279] preinstalled libgdbm_compat4-1.23-1.1
[   28s] [69/279] cumulate libgfortran5-13.0.1+git5428-6.1
[   28s] [70/279] preinstalled libgmp10-6.2.1-4.1
[   28s] [71/279] preinstalled libgomp1-13.0.1+git5428-6.1
[   28s] [72/279] preinstalled libgpg-error0-1.46-1.1
[   28s] [73/279] preinstalled libisl23-0.25-1.1
[   28s] [74/279] preinstalled liblua5_4-5-5.4.4-8.1
[   28s] [75/279] preinstalled liblzma5-5.4.1-1.1
[   28s] [76/279] preinstalled libmagic1-5.44-1.2
[   28s] [77/279] preinstalled libmount1-2.38.1-7.1
[   28s] [78/279] preinstalled libmpc3-1.3.1-1.2
[   28s] [79/279] preinstalled libmpdec3-2.5.1-2.1
[   28s] [80/279] preinstalled libmpfr6-4.2.0-1.1
[   28s] [81/279] preinstalled libncurses6-6.4.20230128-5.1
[   28s] [82/279] preinstalled libopenssl3-3.0.7-3.1
[   28s] [83/279] cumulate libp11-kit0-0.24.1-2.1
[   28s] [84/279] preinstalled libpcre2-8-0-10.42-3.2
[   28s] [85/279] preinstalled libpkgconf3-1.8.0-2.1
[   28s] [86/279] preinstalled libpopt0-1.19-1.1
[   28s] [87/279] preinstalled libpython3_10-1_0-3.10.9-2.2
[   28s] [88/279] preinstalled libpython3_11-1_0-3.11.1-4.2
[   28s] [89/279] preinstalled libpython3_8-1_0-3.8.16-3.2
[   28s] [90/279] preinstalled libpython3_9-1_0-3.9.16-3.2
[   28s] [91/279] preinstalled libreadline8-8.2-2.1
[   28s] [92/279] preinstalled librpmbuild9-4.18.0-3.2
[   28s] [93/279] preinstalled libseccomp2-2.5.4-2.1
[   28s] [94/279] preinstalled libselinux1-3.4-2.1
[   28s] [95/279] preinstalled libsemanage-conf-3.4-1.1
[   28s] [96/279] preinstalled libsemanage2-3.4-1.1
[   28s] [97/279] preinstalled libsepol2-3.4-1.1
[   28s] [98/279] preinstalled libsmartcols1-2.38.1-7.1
[   28s] [99/279] cumulate libsqlite3-0-3.40.1-1.1
[   28s] [100/279] preinstalled libstdc++6-13.0.1+git5428-6.1
[   28s] [101/279] preinstalled libsubid4-4.13-3.1
[   28s] [102/279] cumulate libtasn1-6-4.19.0-1.1
[   28s] [103/279] preinstalled libubsan1-13.0.1+git5428-6.1
[   28s] [104/279] preinstalled libutempter0-1.2.0-3.2
[   28s] [105/279] preinstalled libuuid1-2.38.1-7.1
[   28s] [106/279] preinstalled libxcrypt-devel-4.4.33-1.1
[   28s] [107/279] preinstalled libz1-1.2.13-2.1
[   28s] [108/279] preinstalled libzstd1-1.5.2-2.1
[   28s] [109/279] preinstalled linux-glibc-devel-6.1-1.1
[   28s] [110/279] preinstalled login_defs-4.13-3.1
[   28s] [111/279] preinstalled lua54-5.4.4-8.1
[   28s] [112/279] preinstalled make-4.4-2.1
[   28s] [113/279] preinstalled ncurses-utils-6.4.20230128-5.1
[   28s] [114/279] preinstalled pam-1.5.2-12.1
[   28s] [115/279] preinstalled patch-2.7.6-6.1
[   28s] [116/279] preinstalled perl-5.36.0-4.1
[   28s] [117/279] preinstalled perl-base-5.36.0-4.1
[   28s] [118/279] preinstalled permissions-1599_20221220-1.2
[   28s] [119/279] preinstalled permissions-config-1599_20221220-1.2
[   28s] [120/279] preinstalled pkgconf-1.8.0-2.1
[   28s] [121/279] preinstalled pkgconf-m4-1.8.0-2.1
[   28s] [122/279] preinstalled pkgconf-pkg-config-1.8.0-2.1
[   28s] [123/279] preinstalled polkit-default-privs-1550+20221102.9f111fa-1.1
[   28s] [124/279] preinstalled post-build-checks-84.87+git20230106.3a359c5-1.1
[   28s] [125/279] preinstalled python-rpm-macros-20230128.e704796-1.2
[   28s] [126/279] preinstalled python-rpm-packaging-20210526+a18ca48-1.2
[   28s] [127/279] cumulate python310-apipkg-3.0.1-1.2
[   28s] [128/279] cumulate python310-attrs-22.2.0-1.2
[   28s] [129/279] preinstalled python310-base-3.10.9-2.2
[   28s] [130/279] cumulate python310-charset-normalizer-3.0.1-1.2
[   28s] [131/279] cumulate python310-exceptiongroup-1.1.0-1.2
[   28s] [132/279] cumulate python310-idna-3.4-1.2
[   28s] [133/279] cumulate python310-iniconfig-1.1.1-3.2
[   28s] [134/279] cumulate python310-msgpack-1.0.4-1.2
[   28s] [135/279] preinstalled python310-packaging-23.0-1.1
[   28s] [136/279] cumulate python310-pluggy-1.0.0-1.5
[   28s] [137/279] cumulate python310-pycparser-2.21-1.5
[   28s] [138/279] preinstalled python310-setuptools-65.6.3-1.2
[   28s] [139/279] cumulate python310-six-1.16.0-2.5
[   28s] [140/279] cumulate python310-tomli-2.0.1-1.3
[   28s] [141/279] cumulate python310-zipp-3.8.1-1.2
[   28s] [142/279] cumulate python311-apipkg-3.0.1-1.2
[   28s] [143/279] cumulate python311-attrs-22.2.0-1.2
[   28s] [144/279] preinstalled python311-base-3.11.1-4.2
[   28s] [145/279] cumulate python311-charset-normalizer-3.0.1-1.2
[   28s] [146/279] cumulate python311-exceptiongroup-1.1.0-1.2
[   28s] [147/279] cumulate python311-idna-3.4-1.2
[   28s] [148/279] cumulate python311-iniconfig-1.1.1-3.2
[   28s] [149/279] cumulate python311-msgpack-1.0.4-1.2
[   28s] [150/279] cumulate python311-packaging-23.0-1.2
[   28s] [151/279] cumulate python311-pluggy-1.0.0-1.5
[   28s] [152/279] cumulate python311-pycparser-2.21-1.5
[   28s] [153/279] preinstalled python311-setuptools-65.6.3-1.2
[   28s] [154/279] cumulate python311-six-1.16.0-2.5
[   28s] [155/279] cumulate python311-tomli-2.0.1-1.3
[   28s] [156/279] cumulate python311-zipp-3.8.1-1.2
[   28s] [157/279] cumulate python38-apipkg-3.0.1-1.2
[   28s] [158/279] cumulate python38-attrs-22.2.0-1.2
[   28s] [159/279] preinstalled python38-base-3.8.16-3.2
[   28s] [160/279] cumulate python38-charset-normalizer-3.0.1-1.2
[   28s] [161/279] cumulate python38-exceptiongroup-1.1.0-1.2
[   28s] [162/279] cumulate python38-idna-3.4-1.2
[   28s] [163/279] cumulate python38-iniconfig-1.1.1-3.2
[   28s] [164/279] cumulate python38-msgpack-1.0.4-1.2
[   28s] [165/279] cumulate python38-packaging-23.0-1.2
[   28s] [166/279] cumulate python38-pluggy-1.0.0-1.5
[   28s] [167/279] cumulate python38-pycparser-2.21-1.5
[   28s] [168/279] preinstalled python38-setuptools-65.6.3-1.2
[   28s] [169/279] cumulate python38-six-1.16.0-2.5
[   28s] [170/279] cumulate python38-tomli-2.0.1-1.3
[   28s] [171/279] cumulate python38-zipp-3.8.1-1.2
[   28s] [172/279] cumulate python39-apipkg-3.0.1-1.2
[   28s] [173/279] cumulate python39-attrs-22.2.0-1.2
[   28s] [174/279] preinstalled python39-base-3.9.16-3.2
[   28s] [175/279] cumulate python39-charset-normalizer-3.0.1-1.2
[   28s] [176/279] cumulate python39-exceptiongroup-1.1.0-1.2
[   28s] [177/279] cumulate python39-idna-3.4-1.2
[   28s] [178/279] cumulate python39-iniconfig-1.1.1-3.2
[   28s] [179/279] cumulate python39-msgpack-1.0.4-1.2
[   28s] [180/279] cumulate python39-packaging-23.0-1.2
[   28s] [181/279] cumulate python39-pluggy-1.0.0-1.5
[   28s] [182/279] cumulate python39-pycparser-2.21-1.5
[   28s] [183/279] preinstalled python39-setuptools-65.6.3-1.2
[   28s] [184/279] cumulate python39-six-1.16.0-2.5
[   28s] [185/279] cumulate python39-tomli-2.0.1-1.3
[   28s] [186/279] cumulate python39-zipp-3.8.1-1.2
[   28s] [187/279] preinstalled qemu-linux-user-7.1.0-50.1
[   28s] [188/279] preinstalled rpm-4.18.0-3.2
[   28s] [189/279] preinstalled rpm-build-4.18.0-3.2
[   28s] [190/279] preinstalled rpm-build-perl-4.18.0-3.2
[   28s] [191/279] preinstalled rpm-config-SUSE-20220926-1.1
[   28s] [192/279] preinstalled rpmlint-mini-2.4.0+git20230214.1bab129-9.5
[   28s] [193/279] preinstalled rpmlint-strict-2.4.0+git20230214.1bab129-1.1
[   28s] [194/279] preinstalled sed-4.9-2.1
[   28s] [195/279] preinstalled shadow-4.13-3.1
[   28s] [196/279] preinstalled system-group-hardware-20170617-24.1
[   28s] [197/279] preinstalled system-user-root-20190513-2.1
[   28s] [198/279] preinstalled systemd-rpm-macros-19-1.1
[   28s] [199/279] preinstalled sysuser-shadow-3.1-5.1
[   28s] [200/279] preinstalled tar-1.34-9.1
[   28s] [201/279] preinstalled terminfo-base-6.4.20230128-5.1
[   28s] [202/279] cumulate timezone-2022g-2.1
[   28s] [203/279] preinstalled update-alternatives-1.21.8-1.1
[   28s] [204/279] preinstalled util-linux-2.38.1-7.1
[   28s] [205/279] preinstalled which-2.21-5.1
[   28s] [206/279] preinstalled xz-5.4.1-1.1
[   28s] [207/279] cumulate alts-1.2+3.b848aad-3.1
[   28s] [208/279] cumulate influxdb-1.10.0-6.1
[   28s] [209/279] cumulate libblas3-3.9.0-6.1
[   28s] [210/279] cumulate python310-3.10.9-2.1
[   28s] [211/279] cumulate python310-cffi-1.15.1-3.2
[   28s] [212/279] cumulate python310-importlib-metadata-6.0.0-1.2
[   28s] [213/279] cumulate python310-python-dateutil-2.8.2-1.5
[   28s] [214/279] cumulate python310-pytz-2022.7-1.2
[   28s] [215/279] cumulate python311-3.11.1-4.1
[   28s] [216/279] cumulate python311-cffi-1.15.1-3.2
[   28s] [217/279] cumulate python311-importlib-metadata-6.0.0-1.2
[   28s] [218/279] cumulate python311-python-dateutil-2.8.2-1.5
[   28s] [219/279] cumulate python311-pytz-2022.7-1.2
[   28s] [220/279] cumulate python38-3.8.16-3.1
[   28s] [221/279] cumulate python38-cffi-1.15.1-3.2
[   28s] [222/279] cumulate python38-importlib-metadata-6.0.0-1.2
[   28s] [223/279] cumulate python38-python-dateutil-2.8.2-1.5
[   28s] [224/279] cumulate python38-pytz-2022.7-1.2
[   28s] [225/279] cumulate python39-3.9.16-3.1
[   28s] [226/279] cumulate python39-cffi-1.15.1-3.2
[   28s] [227/279] cumulate python39-importlib-metadata-6.0.0-1.2
[   28s] [228/279] cumulate python39-python-dateutil-2.8.2-1.5
[   28s] [229/279] cumulate python39-pytz-2022.7-1.2
[   28s] [230/279] cumulate p11-kit-0.24.1-2.1
[   28s] [231/279] cumulate p11-kit-tools-0.24.1-2.1
[   28s] [232/279] cumulate python310-py-1.11.0-3.2
[   28s] [233/279] cumulate python311-py-1.11.0-3.2
[   28s] [234/279] cumulate python38-py-1.11.0-3.2
[   28s] [235/279] cumulate python39-py-1.11.0-3.2
[   28s] [236/279] cumulate libcblas3-3.9.0-6.1
[   28s] [237/279] cumulate python310-dbm-3.10.9-2.1
[   28s] [238/279] cumulate python310-pyOpenSSL-23.0.0-1.2
[   28s] [239/279] cumulate python311-dbm-3.11.1-4.1
[   28s] [240/279] cumulate python311-pyOpenSSL-23.0.0-1.2
[   28s] [241/279] cumulate python38-dbm-3.8.16-3.1
[   28s] [242/279] cumulate python38-pyOpenSSL-23.0.0-1.2
[   28s] [243/279] cumulate python39-dbm-3.9.16-3.1
[   28s] [244/279] cumulate python39-pyOpenSSL-23.0.0-1.2
[   28s] [245/279] cumulate ca-certificates-2+git20211004.3efbea9-1.1
[   28s] [246/279] cumulate liblapack3-3.9.0-6.1
[   28s] [247/279] cumulate python310-cryptography-39.0.1-1.2
[   28s] [248/279] cumulate python311-cryptography-39.0.1-1.2
[   28s] [249/279] cumulate python38-cryptography-39.0.1-1.2
[   28s] [250/279] cumulate python39-cryptography-39.0.1-1.2
[   28s] [251/279] cumulate python310-pytest-7.2.0-2.2
[   28s] [252/279] cumulate python311-pytest-7.2.0-2.2
[   28s] [253/279] cumulate python38-pytest-7.2.0-2.2
[   28s] [254/279] cumulate python39-pytest-7.2.0-2.2
[   28s] [255/279] cumulate ca-certificates-mozilla-2.60-1.2
[   28s] [256/279] cumulate python310-numpy-1.24.1-3.2
[   28s] [257/279] cumulate python311-numpy-1.24.1-3.2
[   28s] [258/279] cumulate python38-numpy-1.24.1-3.2
[   28s] [259/279] cumulate python39-numpy-1.24.1-3.2
[   28s] [260/279] cumulate python310-certifi-2022.9.24-1.2
[   28s] [261/279] cumulate python311-certifi-2022.9.24-1.2
[   28s] [262/279] cumulate python38-certifi-2022.9.24-1.2
[   28s] [263/279] cumulate python39-certifi-2022.9.24-1.2
[   28s] [264/279] cumulate python310-pandas-1.5.3-6.2
[   28s] [265/279] cumulate python311-pandas-1.5.3-6.2
[   28s] [266/279] cumulate python38-pandas-1.5.3-6.2
[   28s] [267/279] cumulate python39-pandas-1.5.3-6.2
[   28s] [268/279] cumulate python310-urllib3-1.26.14-1.2
[   28s] [269/279] cumulate python311-urllib3-1.26.14-1.2
[   28s] [270/279] cumulate python38-urllib3-1.26.14-1.2
[   28s] [271/279] cumulate python39-urllib3-1.26.14-1.2
[   28s] [272/279] cumulate python310-requests-2.28.2-1.2
[   28s] [273/279] cumulate python311-requests-2.28.2-1.2
[   28s] [274/279] cumulate python38-requests-2.28.2-1.2
[   28s] [275/279] cumulate python39-requests-2.28.2-1.2
[   28s] [276/279] cumulate python310-requests-mock-1.10.0-2.2
[   28s] [277/279] cumulate python311-requests-mock-1.10.0-2.2
[   28s] [278/279] cumulate python38-requests-mock-1.10.0-2.2
[   28s] [279/279] cumulate python39-requests-mock-1.10.0-2.2
[   28s] now installing cumulated packages
[   29s] Preparing...                          ########################################
[   29s] Updating / installing...
[   30s] timezone-2022g-2.1                    ########################################
[   30s] libsqlite3-0-3.40.1-1.1               ########################################
[   30s] python310-dbm-3.10.9-2.1              ########################################
[   30s] python310-3.10.9-2.1                  ########################################
[   30s] python311-dbm-3.11.1-4.1              ########################################
[   30s] python311-3.11.1-4.1                  ########################################
[   30s] python38-dbm-3.8.16-3.1               ########################################
[   30s] python38-3.8.16-3.1                   ########################################
[   30s] python39-dbm-3.9.16-3.1               ########################################
[   30s] python39-3.9.16-3.1                   ########################################
[   30s] python39-six-1.16.0-2.5               ########################################
[   30s] python38-six-1.16.0-2.5               ########################################
[   30s] python311-six-1.16.0-2.5              ########################################
[   30s] python310-six-1.16.0-2.5              ########################################
[   30s] python39-iniconfig-1.1.1-3.2          ########################################
[   30s] python39-idna-3.4-1.2                 ########################################
[   30s] python38-iniconfig-1.1.1-3.2          ########################################
[   30s] python38-idna-3.4-1.2                 ########################################
[   30s] python311-iniconfig-1.1.1-3.2         ########################################
[   31s] python311-idna-3.4-1.2                ########################################
[   31s] python310-iniconfig-1.1.1-3.2         ########################################
[   31s] python310-idna-3.4-1.2                ########################################
[   31s] libtasn1-6-4.19.0-1.1                 ########################################
[   31s] libp11-kit0-0.24.1-2.1                ########################################
[   31s] libgfortran5-13.0.1+git5428-6.1       ########################################
[   31s] libblas3-3.9.0-6.1                    ########################################
[   31s] update-alternatives: using /usr/lib64/blas/libblas.so.3 to provide /usr/lib64/libblas.so.3 (libblas.so.3_riscv64) in auto mode
[   31s] libcblas3-3.9.0-6.1                   ########################################
[   31s] update-alternatives: using /usr/lib64/blas/libcblas.so.3 to provide /usr/lib64/libcblas.so.3 (libcblas.so.3_riscv64) in auto mode
[   32s] liblapack3-3.9.0-6.1                  ########################################
[   32s] update-alternatives: using /usr/lib64/lapack/liblapack.so.3 to provide /usr/lib64/liblapack.so.3 (liblapack.so.3_riscv64) in auto mode
[   32s] p11-kit-0.24.1-2.1                    ########################################
[   32s] p11-kit-tools-0.24.1-2.1              ########################################
[   32s] ca-certificates-2+git20211004.3efbea9-########################################
[   34s] ca-certificates-mozilla-2.60-1.2      ########################################
[   37s] python310-certifi-2022.9.24-1.2       ########################################
[   37s] python311-certifi-2022.9.24-1.2       ########################################
[   37s] python38-certifi-2022.9.24-1.2        ########################################
[   37s] python39-certifi-2022.9.24-1.2        ########################################
[   37s] python310-python-dateutil-2.8.2-1.5   ########################################
[   38s] python311-python-dateutil-2.8.2-1.5   ########################################
[   38s] python38-python-dateutil-2.8.2-1.5    ########################################
[   38s] python39-python-dateutil-2.8.2-1.5    ########################################
[   38s] python310-pytz-2022.7-1.2             ########################################
[   38s] python311-pytz-2022.7-1.2             ########################################
[   38s] python38-pytz-2022.7-1.2              ########################################
[   38s] python39-pytz-2022.7-1.2              ########################################
[   38s] python39-zipp-3.8.1-1.2               ########################################
[   38s] python39-importlib-metadata-6.0.0-1.2 ########################################
[   38s] python39-tomli-2.0.1-1.3              ########################################
[   38s] python39-pycparser-2.21-1.5           ########################################
[   39s] python39-cffi-1.15.1-3.2              ########################################
[   39s] python39-cryptography-39.0.1-1.2      ########################################
[   39s] python39-pyOpenSSL-23.0.0-1.2         ########################################
[   39s] python39-urllib3-1.26.14-1.2          ########################################
[   39s] python39-pluggy-1.0.0-1.5             ########################################
[   39s] python39-packaging-23.0-1.2           ########################################
[   39s] python39-exceptiongroup-1.1.0-1.2     ########################################
[   39s] python39-charset-normalizer-3.0.1-1.2 ########################################
[   39s] python39-attrs-22.2.0-1.2             ########################################
[   39s] python39-apipkg-3.0.1-1.2             ########################################
[   39s] python39-py-1.11.0-3.2                ########################################
[   40s] python39-requests-2.28.2-1.2          ########################################
[   40s] python38-zipp-3.8.1-1.2               ########################################
[   40s] python38-importlib-metadata-6.0.0-1.2 ########################################
[   40s] python38-tomli-2.0.1-1.3              ########################################
[   40s] python38-pycparser-2.21-1.5           ########################################
[   40s] python38-cffi-1.15.1-3.2              ########################################
[   40s] python38-cryptography-39.0.1-1.2      ########################################
[   40s] python38-pyOpenSSL-23.0.0-1.2         ########################################
[   40s] python38-urllib3-1.26.14-1.2          ########################################
[   41s] python38-pluggy-1.0.0-1.5             ########################################
[   41s] python38-packaging-23.0-1.2           ########################################
[   41s] python38-exceptiongroup-1.1.0-1.2     ########################################
[   41s] python38-charset-normalizer-3.0.1-1.2 ########################################
[   41s] python38-attrs-22.2.0-1.2             ########################################
[   41s] python38-apipkg-3.0.1-1.2             ########################################
[   41s] python38-py-1.11.0-3.2                ########################################
[   41s] python38-requests-2.28.2-1.2          ########################################
[   41s] python311-zipp-3.8.1-1.2              ########################################
[   41s] python311-importlib-metadata-6.0.0-1.2########################################
[   41s] python311-tomli-2.0.1-1.3             ########################################
[   41s] python311-pycparser-2.21-1.5          ########################################
[   41s] python311-cffi-1.15.1-3.2             ########################################
[   42s] python311-cryptography-39.0.1-1.2     ########################################
[   42s] python311-pyOpenSSL-23.0.0-1.2        ########################################
[   42s] python311-urllib3-1.26.14-1.2         ########################################
[   42s] python311-pluggy-1.0.0-1.5            ########################################
[   42s] python311-packaging-23.0-1.2          ########################################
[   42s] python311-exceptiongroup-1.1.0-1.2    ########################################
[   42s] python311-charset-normalizer-3.0.1-1.2########################################
[   42s] python311-attrs-22.2.0-1.2            ########################################
[   42s] python311-apipkg-3.0.1-1.2            ########################################
[   42s] python311-py-1.11.0-3.2               ########################################
[   42s] python311-requests-2.28.2-1.2         ########################################
[   42s] python310-zipp-3.8.1-1.2              ########################################
[   42s] python310-importlib-metadata-6.0.0-1.2########################################
[   42s] python310-tomli-2.0.1-1.3             ########################################
[   43s] python310-pycparser-2.21-1.5          ########################################
[   43s] python310-cffi-1.15.1-3.2             ########################################
[   43s] python310-cryptography-39.0.1-1.2     ########################################
[   43s] python310-pyOpenSSL-23.0.0-1.2        ########################################
[   43s] python310-urllib3-1.26.14-1.2         ########################################
[   43s] python310-pluggy-1.0.0-1.5            ########################################
[   43s] python310-exceptiongroup-1.1.0-1.2    ########################################
[   43s] python310-charset-normalizer-3.0.1-1.2########################################
[   44s] python310-attrs-22.2.0-1.2            ########################################
[   44s] python310-apipkg-3.0.1-1.2            ########################################
[   44s] python310-py-1.11.0-3.2               ########################################
[   44s] python310-requests-2.28.2-1.2         ########################################
[   45s] libflux0_171_0-0.171.0-1.1            ########################################
[   45s] libalternatives1-1.2+3.b848aad-3.1    ########################################
[   45s] alts-1.2+3.b848aad-3.1                ########################################
[   47s] python310-numpy-1.24.1-3.2            ########################################
[   50s] python311-numpy-1.24.1-3.2            ########################################
[   53s] python38-numpy-1.24.1-3.2             ########################################
[   55s] python39-numpy-1.24.1-3.2             ########################################
[   61s] python39-pandas-1.5.3-6.2             ########################################
[   67s] python38-pandas-1.5.3-6.2             ########################################
[   74s] python311-pandas-1.5.3-6.2            ########################################
[   80s] python310-pandas-1.5.3-6.2            ########################################
[   81s] python310-pytest-7.2.0-2.2            ########################################
[   81s] python311-pytest-7.2.0-2.2            ########################################
[   82s] python38-pytest-7.2.0-2.2             ########################################
[   82s] python39-pytest-7.2.0-2.2             ########################################
[   97s] influxdb-1.10.0-6.1                   ########################################
[   98s] python310-requests-mock-1.10.0-2.2    ########################################
[   98s] python311-requests-mock-1.10.0-2.2    ########################################
[   98s] python38-requests-mock-1.10.0-2.2     ########################################
[   98s] python39-requests-mock-1.10.0-2.2     ########################################
[   98s] python39-msgpack-1.0.4-1.2            ########################################
[   98s] python38-msgpack-1.0.4-1.2            ########################################
[   98s] python311-msgpack-1.0.4-1.2           ########################################
[   98s] python310-msgpack-1.0.4-1.2           ########################################
[   98s] hostname-3.23-2.2                     ########################################
[   98s] fdupes-2.2.1-1.1                      ########################################
[  106s] now finalizing build dir...
[  106s] ... running 01-add_abuild_user_to_trusted_group
[  106s] ... running 02-set_timezone_to_utc
[  106s] ... running 03-set-permissions-secure
[  107s] ... running 11-hack_uname_version_to_kernel_version
[  112s] -----------------------------------------------------------------
[  112s] I have the following modifications for python-influxdb.spec:
[  112s] 24c24
[  112s] < Release:        0
[  112s] ---
[  112s] > Release:        2.2
[  116s] build target is riscv64-suse-linux
[  116s] -----------------------------------------------------------------
[  116s] ----- building python-influxdb.spec (user abuild)
[  116s] -----------------------------------------------------------------
[  116s] -----------------------------------------------------------------
[  118s] + exec rpmbuild -ba --define '_srcdefattr (-,root,root)' --nosignature --target=riscv64-suse-linux --define '_build_create_debug 1' --define 'disturl obs://build.opensuse.org/openSUSE:Factory:RISCV/standard/2c2117b57336856910244c1ddb8e3cec-python-influxdb' /home/abuild/rpmbuild/SOURCES/python-influxdb.spec
[  139s] Building target platforms: riscv64-suse-linux
[  139s] Building for target riscv64-suse-linux
[  139s] setting SOURCE_DATE_EPOCH=1670544000
[  139s] Executing(%prep): /usr/bin/bash -e /var/tmp/rpm-tmp.WEXGZm
[  139s] + umask 022
[  139s] + cd /home/abuild/rpmbuild/BUILD
[  139s] + cd /home/abuild/rpmbuild/BUILD
[  139s] + rm -rf influxdb-5.3.1
[  139s] + /usr/lib/rpm/rpmuncompress -x /home/abuild/rpmbuild/SOURCES/influxdb-5.3.1.tar.gz
[  140s] + STATUS=0
[  140s] + '[' 0 -ne 0 ']'
[  140s] + cd influxdb-5.3.1
[  140s] + /usr/bin/chmod -Rf a+rX,u+w,g-w,o-w .
[  140s] + /usr/lib/rpm/rpmuncompress /home/abuild/rpmbuild/SOURCES/python-influxdb-remove-nose.patch
[  140s] + /usr/bin/patch -p1 -s --fuzz=0 --no-backup-if-mismatch -f
[  140s] + /usr/lib/rpm/rpmuncompress /home/abuild/rpmbuild/SOURCES/influxdb-pr845-pandas-future.patch
[  140s] + /usr/bin/patch -p1 -s --fuzz=0 --no-backup-if-mismatch -f
[  140s] + sed -e 's/^import mock/from unittest import mock/' -e 's/^from mock import/from unittest.mock import/' -i influxdb/tests/__init__.py influxdb/tests/chunked_json_test.py influxdb/tests/client_test.py influxdb/tests/dataframe_client_test.py influxdb/tests/helper_test.py influxdb/tests/misc.py influxdb/tests/resultset_test.py influxdb/tests/test_line_protocol.py influxdb/tests/influxdb08/__init__.py influxdb/tests/influxdb08/client_test.py influxdb/tests/influxdb08/dataframe_client_test.py influxdb/tests/influxdb08/helper_test.py influxdb/tests/server_tests/__init__.py influxdb/tests/server_tests/base.py influxdb/tests/server_tests/client_test_with_server.py influxdb/tests/server_tests/influxdb_instance.py
[  140s] + RPM_EC=0
[  140s] ++ jobs -p
[  140s] + exit 0
[  140s] Executing(%build): /usr/bin/bash -e /var/tmp/rpm-tmp.naTDYd
[  140s] + umask 022
[  140s] + cd /home/abuild/rpmbuild/BUILD
[  140s] + /usr/bin/rm -rf /home/abuild/rpmbuild/BUILDROOT/python-influxdb-5.3.1-2.2.riscv64
[  140s] ++ dirname /home/abuild/rpmbuild/BUILDROOT/python-influxdb-5.3.1-2.2.riscv64
[  140s] + /usr/bin/mkdir -p /home/abuild/rpmbuild/BUILDROOT
[  140s] + /usr/bin/mkdir /home/abuild/rpmbuild/BUILDROOT/python-influxdb-5.3.1-2.2.riscv64
[  140s] + cd influxdb-5.3.1
[  140s] + ref=/usr/lib/rpm
[  140s] + mints=0
[  140s] + case $(uname -m) in
[  140s] ++ uname -m
[  141s] + mints=20160911
[  141s] + for s in guess sub
[  141s] ++ find -maxdepth 8 -name config.guess
[  141s] + for s in guess sub
[  141s] ++ find -maxdepth 8 -name config.sub
[  141s] ++ '[' -f _current_flavor ']'
[  141s] ++ true
[  141s] + last_flavor=
[  141s] + '[' -z '' ']'
[  141s] + last_flavor=tmp
[  141s] + '[' tmp '!=' python38 ']'
[  141s] + '[' -d build ']'
[  141s] + '[' -d _build.python38 ']'
[  141s] + echo python38
[  141s] + python_flavor=python38
[  141s] + /usr/bin/python3.8 setup.py build '--executable=/usr/bin/python3.8 -s'
[  143s] running build
[  143s] running build_py
[  143s] creating build
[  143s] creating build/lib
[  143s] creating build/lib/influxdb
[  143s] copying influxdb/__init__.py -> build/lib/influxdb
[  143s] copying influxdb/_dataframe_client.py -> build/lib/influxdb
[  143s] copying influxdb/chunked_json.py -> build/lib/influxdb
[  143s] copying influxdb/client.py -> build/lib/influxdb
[  143s] copying influxdb/dataframe_client.py -> build/lib/influxdb
[  143s] copying influxdb/exceptions.py -> build/lib/influxdb
[  143s] copying influxdb/helper.py -> build/lib/influxdb
[  143s] copying influxdb/line_protocol.py -> build/lib/influxdb
[  143s] copying influxdb/resultset.py -> build/lib/influxdb
[  143s] creating build/lib/influxdb/influxdb08
[  143s] copying influxdb/influxdb08/__init__.py -> build/lib/influxdb/influxdb08
[  143s] copying influxdb/influxdb08/chunked_json.py -> build/lib/influxdb/influxdb08
[  143s] copying influxdb/influxdb08/client.py -> build/lib/influxdb/influxdb08
[  143s] copying influxdb/influxdb08/dataframe_client.py -> build/lib/influxdb/influxdb08
[  143s] copying influxdb/influxdb08/helper.py -> build/lib/influxdb/influxdb08
[  143s] creating build/lib/influxdb/tests
[  143s] copying influxdb/tests/__init__.py -> build/lib/influxdb/tests
[  143s] copying influxdb/tests/chunked_json_test.py -> build/lib/influxdb/tests
[  143s] copying influxdb/tests/client_test.py -> build/lib/influxdb/tests
[  143s] copying influxdb/tests/dataframe_client_test.py -> build/lib/influxdb/tests
[  143s] copying influxdb/tests/helper_test.py -> build/lib/influxdb/tests
[  143s] copying influxdb/tests/misc.py -> build/lib/influxdb/tests
[  143s] copying influxdb/tests/resultset_test.py -> build/lib/influxdb/tests
[  143s] copying influxdb/tests/test_line_protocol.py -> build/lib/influxdb/tests
[  143s] creating build/lib/influxdb/tests/influxdb08
[  143s] copying influxdb/tests/influxdb08/__init__.py -> build/lib/influxdb/tests/influxdb08
[  143s] copying influxdb/tests/influxdb08/client_test.py -> build/lib/influxdb/tests/influxdb08
[  143s] copying influxdb/tests/influxdb08/dataframe_client_test.py -> build/lib/influxdb/tests/influxdb08
[  143s] copying influxdb/tests/influxdb08/helper_test.py -> build/lib/influxdb/tests/influxdb08
[  143s] creating build/lib/influxdb/tests/server_tests
[  143s] copying influxdb/tests/server_tests/__init__.py -> build/lib/influxdb/tests/server_tests
[  143s] copying influxdb/tests/server_tests/base.py -> build/lib/influxdb/tests/server_tests
[  143s] copying influxdb/tests/server_tests/client_test_with_server.py -> build/lib/influxdb/tests/server_tests
[  143s] copying influxdb/tests/server_tests/influxdb_instance.py -> build/lib/influxdb/tests/server_tests
[  144s] ++ '[' -f _current_flavor ']'
[  144s] ++ cat _current_flavor
[  144s] + last_flavor=python38
[  144s] + '[' -z python38 ']'
[  144s] + '[' python38 '!=' python39 ']'
[  144s] + '[' -d build ']'
[  144s] + mv build _build.python38
[  144s] + '[' -d _build.python39 ']'
[  144s] + echo python39
[  144s] + python_flavor=python39
[  144s] + /usr/bin/python3.9 setup.py build '--executable=/usr/bin/python3.9 -s'
[  146s] running build
[  146s] running build_py
[  146s] creating build
[  146s] creating build/lib
[  146s] creating build/lib/influxdb
[  146s] copying influxdb/__init__.py -> build/lib/influxdb
[  146s] copying influxdb/_dataframe_client.py -> build/lib/influxdb
[  146s] copying influxdb/chunked_json.py -> build/lib/influxdb
[  146s] copying influxdb/client.py -> build/lib/influxdb
[  146s] copying influxdb/dataframe_client.py -> build/lib/influxdb
[  146s] copying influxdb/exceptions.py -> build/lib/influxdb
[  146s] copying influxdb/helper.py -> build/lib/influxdb
[  146s] copying influxdb/line_protocol.py -> build/lib/influxdb
[  146s] copying influxdb/resultset.py -> build/lib/influxdb
[  146s] creating build/lib/influxdb/influxdb08
[  146s] copying influxdb/influxdb08/__init__.py -> build/lib/influxdb/influxdb08
[  146s] copying influxdb/influxdb08/chunked_json.py -> build/lib/influxdb/influxdb08
[  146s] copying influxdb/influxdb08/client.py -> build/lib/influxdb/influxdb08
[  146s] copying influxdb/influxdb08/dataframe_client.py -> build/lib/influxdb/influxdb08
[  146s] copying influxdb/influxdb08/helper.py -> build/lib/influxdb/influxdb08
[  146s] creating build/lib/influxdb/tests
[  146s] copying influxdb/tests/__init__.py -> build/lib/influxdb/tests
[  146s] copying influxdb/tests/chunked_json_test.py -> build/lib/influxdb/tests
[  146s] copying influxdb/tests/client_test.py -> build/lib/influxdb/tests
[  146s] copying influxdb/tests/dataframe_client_test.py -> build/lib/influxdb/tests
[  146s] copying influxdb/tests/helper_test.py -> build/lib/influxdb/tests
[  146s] copying influxdb/tests/misc.py -> build/lib/influxdb/tests
[  146s] copying influxdb/tests/resultset_test.py -> build/lib/influxdb/tests
[  146s] copying influxdb/tests/test_line_protocol.py -> build/lib/influxdb/tests
[  146s] creating build/lib/influxdb/tests/influxdb08
[  146s] copying influxdb/tests/influxdb08/__init__.py -> build/lib/influxdb/tests/influxdb08
[  146s] copying influxdb/tests/influxdb08/client_test.py -> build/lib/influxdb/tests/influxdb08
[  146s] copying influxdb/tests/influxdb08/dataframe_client_test.py -> build/lib/influxdb/tests/influxdb08
[  146s] copying influxdb/tests/influxdb08/helper_test.py -> build/lib/influxdb/tests/influxdb08
[  146s] creating build/lib/influxdb/tests/server_tests
[  146s] copying influxdb/tests/server_tests/__init__.py -> build/lib/influxdb/tests/server_tests
[  146s] copying influxdb/tests/server_tests/base.py -> build/lib/influxdb/tests/server_tests
[  146s] copying influxdb/tests/server_tests/client_test_with_server.py -> build/lib/influxdb/tests/server_tests
[  146s] copying influxdb/tests/server_tests/influxdb_instance.py -> build/lib/influxdb/tests/server_tests
[  146s] ++ '[' -f _current_flavor ']'
[  146s] ++ cat _current_flavor
[  146s] + last_flavor=python39
[  146s] + '[' -z python39 ']'
[  146s] + '[' python39 '!=' python311 ']'
[  146s] + '[' -d build ']'
[  146s] + mv build _build.python39
[  146s] + '[' -d _build.python311 ']'
[  146s] + echo python311
[  146s] + python_flavor=python311
[  146s] + /usr/bin/python3.11 setup.py build '--executable=/usr/bin/python3.11 -s'
[  149s] running build
[  149s] running build_py
[  149s] creating build
[  149s] creating build/lib
[  149s] creating build/lib/influxdb
[  149s] copying influxdb/__init__.py -> build/lib/influxdb
[  149s] copying influxdb/_dataframe_client.py -> build/lib/influxdb
[  149s] copying influxdb/chunked_json.py -> build/lib/influxdb
[  149s] copying influxdb/client.py -> build/lib/influxdb
[  149s] copying influxdb/dataframe_client.py -> build/lib/influxdb
[  149s] copying influxdb/exceptions.py -> build/lib/influxdb
[  149s] copying influxdb/helper.py -> build/lib/influxdb
[  149s] copying influxdb/line_protocol.py -> build/lib/influxdb
[  149s] copying influxdb/resultset.py -> build/lib/influxdb
[  149s] creating build/lib/influxdb/influxdb08
[  149s] copying influxdb/influxdb08/__init__.py -> build/lib/influxdb/influxdb08
[  149s] copying influxdb/influxdb08/chunked_json.py -> build/lib/influxdb/influxdb08
[  149s] copying influxdb/influxdb08/client.py -> build/lib/influxdb/influxdb08
[  149s] copying influxdb/influxdb08/dataframe_client.py -> build/lib/influxdb/influxdb08
[  149s] copying influxdb/influxdb08/helper.py -> build/lib/influxdb/influxdb08
[  149s] creating build/lib/influxdb/tests
[  149s] copying influxdb/tests/__init__.py -> build/lib/influxdb/tests
[  149s] copying influxdb/tests/chunked_json_test.py -> build/lib/influxdb/tests
[  149s] copying influxdb/tests/client_test.py -> build/lib/influxdb/tests
[  149s] copying influxdb/tests/dataframe_client_test.py -> build/lib/influxdb/tests
[  149s] copying influxdb/tests/helper_test.py -> build/lib/influxdb/tests
[  149s] copying influxdb/tests/misc.py -> build/lib/influxdb/tests
[  149s] copying influxdb/tests/resultset_test.py -> build/lib/influxdb/tests
[  149s] copying influxdb/tests/test_line_protocol.py -> build/lib/influxdb/tests
[  149s] creating build/lib/influxdb/tests/influxdb08
[  149s] copying influxdb/tests/influxdb08/__init__.py -> build/lib/influxdb/tests/influxdb08
[  149s] copying influxdb/tests/influxdb08/client_test.py -> build/lib/influxdb/tests/influxdb08
[  149s] copying influxdb/tests/influxdb08/dataframe_client_test.py -> build/lib/influxdb/tests/influxdb08
[  149s] copying influxdb/tests/influxdb08/helper_test.py -> build/lib/influxdb/tests/influxdb08
[  149s] creating build/lib/influxdb/tests/server_tests
[  149s] copying influxdb/tests/server_tests/__init__.py -> build/lib/influxdb/tests/server_tests
[  149s] copying influxdb/tests/server_tests/base.py -> build/lib/influxdb/tests/server_tests
[  149s] copying influxdb/tests/server_tests/client_test_with_server.py -> build/lib/influxdb/tests/server_tests
[  149s] copying influxdb/tests/server_tests/influxdb_instance.py -> build/lib/influxdb/tests/server_tests
[  149s] ++ '[' -f _current_flavor ']'
[  149s] ++ cat _current_flavor
[  149s] + last_flavor=python311
[  149s] + '[' -z python311 ']'
[  149s] + '[' python311 '!=' python310 ']'
[  149s] + '[' -d build ']'
[  149s] + mv build _build.python311
[  149s] + '[' -d _build.python310 ']'
[  149s] + echo python310
[  149s] + python_flavor=python310
[  149s] + /usr/bin/python3.10 setup.py build '--executable=/usr/bin/python3.10 -s'
[  151s] running build
[  151s] running build_py
[  151s] creating build
[  151s] creating build/lib
[  151s] creating build/lib/influxdb
[  151s] copying influxdb/__init__.py -> build/lib/influxdb
[  151s] copying influxdb/_dataframe_client.py -> build/lib/influxdb
[  151s] copying influxdb/chunked_json.py -> build/lib/influxdb
[  151s] copying influxdb/client.py -> build/lib/influxdb
[  151s] copying influxdb/dataframe_client.py -> build/lib/influxdb
[  151s] copying influxdb/exceptions.py -> build/lib/influxdb
[  151s] copying influxdb/helper.py -> build/lib/influxdb
[  151s] copying influxdb/line_protocol.py -> build/lib/influxdb
[  151s] copying influxdb/resultset.py -> build/lib/influxdb
[  151s] creating build/lib/influxdb/influxdb08
[  151s] copying influxdb/influxdb08/__init__.py -> build/lib/influxdb/influxdb08
[  151s] copying influxdb/influxdb08/chunked_json.py -> build/lib/influxdb/influxdb08
[  151s] copying influxdb/influxdb08/client.py -> build/lib/influxdb/influxdb08
[  151s] copying influxdb/influxdb08/dataframe_client.py -> build/lib/influxdb/influxdb08
[  151s] copying influxdb/influxdb08/helper.py -> build/lib/influxdb/influxdb08
[  151s] creating build/lib/influxdb/tests
[  151s] copying influxdb/tests/__init__.py -> build/lib/influxdb/tests
[  151s] copying influxdb/tests/chunked_json_test.py -> build/lib/influxdb/tests
[  151s] copying influxdb/tests/client_test.py -> build/lib/influxdb/tests
[  151s] copying influxdb/tests/dataframe_client_test.py -> build/lib/influxdb/tests
[  151s] copying influxdb/tests/helper_test.py -> build/lib/influxdb/tests
[  151s] copying influxdb/tests/misc.py -> build/lib/influxdb/tests
[  151s] copying influxdb/tests/resultset_test.py -> build/lib/influxdb/tests
[  151s] copying influxdb/tests/test_line_protocol.py -> build/lib/influxdb/tests
[  151s] creating build/lib/influxdb/tests/influxdb08
[  151s] copying influxdb/tests/influxdb08/__init__.py -> build/lib/influxdb/tests/influxdb08
[  151s] copying influxdb/tests/influxdb08/client_test.py -> build/lib/influxdb/tests/influxdb08
[  151s] copying influxdb/tests/influxdb08/dataframe_client_test.py -> build/lib/influxdb/tests/influxdb08
[  151s] copying influxdb/tests/influxdb08/helper_test.py -> build/lib/influxdb/tests/influxdb08
[  151s] creating build/lib/influxdb/tests/server_tests
[  151s] copying influxdb/tests/server_tests/__init__.py -> build/lib/influxdb/tests/server_tests
[  151s] copying influxdb/tests/server_tests/base.py -> build/lib/influxdb/tests/server_tests
[  151s] copying influxdb/tests/server_tests/client_test_with_server.py -> build/lib/influxdb/tests/server_tests
[  151s] copying influxdb/tests/server_tests/influxdb_instance.py -> build/lib/influxdb/tests/server_tests
[  152s] + RPM_EC=0
[  152s] ++ jobs -p
[  152s] + exit 0
[  152s] Executing(%install): /usr/bin/bash -e /var/tmp/rpm-tmp.IICUwS
[  152s] + umask 022
[  152s] + cd /home/abuild/rpmbuild/BUILD
[  152s] + /usr/bin/rm -rf /home/abuild/rpmbuild/BUILDROOT/python-influxdb-5.3.1-2.2.riscv64
[  152s] + /usr/bin/mkdir -p /home/abuild/rpmbuild/BUILDROOT
[  152s] + /usr/bin/mkdir /home/abuild/rpmbuild/BUILDROOT/python-influxdb-5.3.1-2.2.riscv64
[  152s] + cd influxdb-5.3.1
[  152s] ++ '[' -f _current_flavor ']'
[  152s] ++ cat _current_flavor
[  152s] + last_flavor=python310
[  152s] + '[' -z python310 ']'
[  152s] + '[' python310 '!=' python38 ']'
[  152s] + '[' -d build ']'
[  152s] + mv build _build.python310
[  152s] + '[' -d _build.python38 ']'
[  152s] + mv _build.python38 build
[  152s] + echo python38
[  152s] + python_flavor=python38
[  152s] + /usr/bin/python3.8 setup.py install -O1 --skip-build --force --root /home/abuild/rpmbuild/BUILDROOT/python-influxdb-5.3.1-2.2.riscv64 --prefix /usr
[  155s] running install
[  155s] running install_lib
[  155s] creating /home/abuild/rpmbuild/BUILDROOT/python-influxdb-5.3.1-2.2.riscv64/usr
[  155s] creating /home/abuild/rpmbuild/BUILDROOT/python-influxdb-5.3.1-2.2.riscv64/usr/lib
[  155s] creating /home/abuild/rpmbuild/BUILDROOT/python-influxdb-5.3.1-2.2.riscv64/usr/lib/python3.8
[  155s] creating /home/abuild/rpmbuild/BUILDROOT/python-influxdb-5.3.1-2.2.riscv64/usr/lib/python3.8/site-packages
[  155s] creating /home/abuild/rpmbuild/BUILDROOT/python-influxdb-5.3.1-2.2.riscv64/usr/lib/python3.8/site-packages/influxdb
[  155s] copying build/lib/influxdb/__init__.py -> /home/abuild/rpmbuild/BUILDROOT/python-influxdb-5.3.1-2.2.riscv64/usr/lib/python3.8/site-packages/influxdb
[  155s] copying build/lib/influxdb/_dataframe_client.py -> /home/abuild/rpmbuild/BUILDROOT/python-influxdb-5.3.1-2.2.riscv64/usr/lib/python3.8/site-packages/influxdb
[  155s] copying build/lib/influxdb/chunked_json.py -> /home/abuild/rpmbuild/BUILDROOT/python-influxdb-5.3.1-2.2.riscv64/usr/lib/python3.8/site-packages/influxdb
[  155s] copying build/lib/influxdb/client.py -> /home/abuild/rpmbuild/BUILDROOT/python-influxdb-5.3.1-2.2.riscv64/usr/lib/python3.8/site-packages/influxdb
[  155s] copying build/lib/influxdb/dataframe_client.py -> /home/abuild/rpmbuild/BUILDROOT/python-influxdb-5.3.1-2.2.riscv64/usr/lib/python3.8/site-packages/influxdb
[  155s] copying build/lib/influxdb/exceptions.py -> /home/abuild/rpmbuild/BUILDROOT/python-influxdb-5.3.1-2.2.riscv64/usr/lib/python3.8/site-packages/influxdb
[  155s] copying build/lib/influxdb/helper.py -> /home/abuild/rpmbuild/BUILDROOT/python-influxdb-5.3.1-2.2.riscv64/usr/lib/python3.8/site-packages/influxdb
[  155s] copying build/lib/influxdb/line_protocol.py -> /home/abuild/rpmbuild/BUILDROOT/python-influxdb-5.3.1-2.2.riscv64/usr/lib/python3.8/site-packages/influxdb
[  155s] copying build/lib/influxdb/resultset.py -> /home/abuild/rpmbuild/BUILDROOT/python-influxdb-5.3.1-2.2.riscv64/usr/lib/python3.8/site-packages/influxdb
[  155s] creating /home/abuild/rpmbuild/BUILDROOT/python-influxdb-5.3.1-2.2.riscv64/usr/lib/python3.8/site-packages/influxdb/influxdb08
[  155s] copying build/lib/influxdb/influxdb08/__init__.py -> /home/abuild/rpmbuild/BUILDROOT/python-influxdb-5.3.1-2.2.riscv64/usr/lib/python3.8/site-packages/influxdb/influxdb08
[  155s] copying build/lib/influxdb/influxdb08/chunked_json.py -> /home/abuild/rpmbuild/BUILDROOT/python-influxdb-5.3.1-2.2.riscv64/usr/lib/python3.8/site-packages/influxdb/influxdb08
[  155s] copying build/lib/influxdb/influxdb08/client.py -> /home/abuild/rpmbuild/BUILDROOT/python-influxdb-5.3.1-2.2.riscv64/usr/lib/python3.8/site-packages/influxdb/influxdb08
[  155s] copying build/lib/influxdb/influxdb08/dataframe_client.py -> /home/abuild/rpmbuild/BUILDROOT/python-influxdb-5.3.1-2.2.riscv64/usr/lib/python3.8/site-packages/influxdb/influxdb08
[  155s] copying build/lib/influxdb/influxdb08/helper.py -> /home/abuild/rpmbuild/BUILDROOT/python-influxdb-5.3.1-2.2.riscv64/usr/lib/python3.8/site-packages/influxdb/influxdb08
[  155s] creating /home/abuild/rpmbuild/BUILDROOT/python-influxdb-5.3.1-2.2.riscv64/usr/lib/python3.8/site-packages/influxdb/tests
[  155s] copying build/lib/influxdb/tests/__init__.py -> /home/abuild/rpmbuild/BUILDROOT/python-influxdb-5.3.1-2.2.riscv64/usr/lib/python3.8/site-packages/influxdb/tests
[  155s] copying build/lib/influxdb/tests/chunked_json_test.py -> /home/abuild/rpmbuild/BUILDROOT/python-influxdb-5.3.1-2.2.riscv64/usr/lib/python3.8/site-packages/influxdb/tests
[  155s] copying build/lib/influxdb/tests/client_test.py -> /home/abuild/rpmbuild/BUILDROOT/python-influxdb-5.3.1-2.2.riscv64/usr/lib/python3.8/site-packages/influxdb/tests
[  155s] copying build/lib/influxdb/tests/dataframe_client_test.py -> /home/abuild/rpmbuild/BUILDROOT/python-influxdb-5.3.1-2.2.riscv64/usr/lib/python3.8/site-packages/influxdb/tests
[  155s] copying build/lib/influxdb/tests/helper_test.py -> /home/abuild/rpmbuild/BUILDROOT/python-influxdb-5.3.1-2.2.riscv64/usr/lib/python3.8/site-packages/influxdb/tests
[  155s] copying build/lib/influxdb/tests/misc.py -> /home/abuild/rpmbuild/BUILDROOT/python-influxdb-5.3.1-2.2.riscv64/usr/lib/python3.8/site-packages/influxdb/tests
[  155s] copying build/lib/influxdb/tests/resultset_test.py -> /home/abuild/rpmbuild/BUILDROOT/python-influxdb-5.3.1-2.2.riscv64/usr/lib/python3.8/site-packages/influxdb/tests
[  155s] copying build/lib/influxdb/tests/test_line_protocol.py -> /home/abuild/rpmbuild/BUILDROOT/python-influxdb-5.3.1-2.2.riscv64/usr/lib/python3.8/site-packages/influxdb/tests
[  155s] creating /home/abuild/rpmbuild/BUILDROOT/python-influxdb-5.3.1-2.2.riscv64/usr/lib/python3.8/site-packages/influxdb/tests/influxdb08
[  155s] copying build/lib/influxdb/tests/influxdb08/__init__.py -> /home/abuild/rpmbuild/BUILDROOT/python-influxdb-5.3.1-2.2.riscv64/usr/lib/python3.8/site-packages/influxdb/tests/influxdb08
[  155s] copying build/lib/influxdb/tests/influxdb08/client_test.py -> /home/abuild/rpmbuild/BUILDROOT/python-influxdb-5.3.1-2.2.riscv64/usr/lib/python3.8/site-packages/influxdb/tests/influxdb08
[  155s] copying build/lib/influxdb/tests/influxdb08/dataframe_client_test.py -> /home/abuild/rpmbuild/BUILDROOT/python-influxdb-5.3.1-2.2.riscv64/usr/lib/python3.8/site-packages/influxdb/tests/influxdb08
[  155s] copying build/lib/influxdb/tests/influxdb08/helper_test.py -> /home/abuild/rpmbuild/BUILDROOT/python-influxdb-5.3.1-2.2.riscv64/usr/lib/python3.8/site-packages/influxdb/tests/influxdb08
[  155s] creating /home/abuild/rpmbuild/BUILDROOT/python-influxdb-5.3.1-2.2.riscv64/usr/lib/python3.8/site-packages/influxdb/tests/server_tests
[  155s] copying build/lib/influxdb/tests/server_tests/__init__.py -> /home/abuild/rpmbuild/BUILDROOT/python-influxdb-5.3.1-2.2.riscv64/usr/lib/python3.8/site-packages/influxdb/tests/server_tests
[  155s] copying build/lib/influxdb/tests/server_tests/base.py -> /home/abuild/rpmbuild/BUILDROOT/python-influxdb-5.3.1-2.2.riscv64/usr/lib/python3.8/site-packages/influxdb/tests/server_tests
[  155s] copying build/lib/influxdb/tests/server_tests/client_test_with_server.py -> /home/abuild/rpmbuild/BUILDROOT/python-influxdb-5.3.1-2.2.riscv64/usr/lib/python3.8/site-packages/influxdb/tests/server_tests
[  155s] copying build/lib/influxdb/tests/server_tests/influxdb_instance.py -> /home/abuild/rpmbuild/BUILDROOT/python-influxdb-5.3.1-2.2.riscv64/usr/lib/python3.8/site-packages/influxdb/tests/server_tests
[  155s] byte-compiling /home/abuild/rpmbuild/BUILDROOT/python-influxdb-5.3.1-2.2.riscv64/usr/lib/python3.8/site-packages/influxdb/__init__.py to __init__.cpython-38.pyc
[  155s] byte-compiling /home/abuild/rpmbuild/BUILDROOT/python-influxdb-5.3.1-2.2.riscv64/usr/lib/python3.8/site-packages/influxdb/_dataframe_client.py to _dataframe_client.cpython-38.pyc
[  155s] byte-compiling /home/abuild/rpmbuild/BUILDROOT/python-influxdb-5.3.1-2.2.riscv64/usr/lib/python3.8/site-packages/influxdb/chunked_json.py to chunked_json.cpython-38.pyc
[  155s] byte-compiling /home/abuild/rpmbuild/BUILDROOT/python-influxdb-5.3.1-2.2.riscv64/usr/lib/python3.8/site-packages/influxdb/client.py to client.cpython-38.pyc
[  155s] byte-compiling /home/abuild/rpmbuild/BUILDROOT/python-influxdb-5.3.1-2.2.riscv64/usr/lib/python3.8/site-packages/influxdb/dataframe_client.py to dataframe_client.cpython-38.pyc
[  155s] byte-compiling /home/abuild/rpmbuild/BUILDROOT/python-influxdb-5.3.1-2.2.riscv64/usr/lib/python3.8/site-packages/influxdb/exceptions.py to exceptions.cpython-38.pyc
[  155s] byte-compiling /home/abuild/rpmbuild/BUILDROOT/python-influxdb-5.3.1-2.2.riscv64/usr/lib/python3.8/site-packages/influxdb/helper.py to helper.cpython-38.pyc
[  155s] byte-compiling /home/abuild/rpmbuild/BUILDROOT/python-influxdb-5.3.1-2.2.riscv64/usr/lib/python3.8/site-packages/influxdb/line_protocol.py to line_protocol.cpython-38.pyc
[  155s] byte-compiling /home/abuild/rpmbuild/BUILDROOT/python-influxdb-5.3.1-2.2.riscv64/usr/lib/python3.8/site-packages/influxdb/resultset.py to resultset.cpython-38.pyc
[  155s] byte-compiling /home/abuild/rpmbuild/BUILDROOT/python-influxdb-5.3.1-2.2.riscv64/usr/lib/python3.8/site-packages/influxdb/influxdb08/__init__.py to __init__.cpython-38.pyc
[  155s] byte-compiling /home/abuild/rpmbuild/BUILDROOT/python-influxdb-5.3.1-2.2.riscv64/usr/lib/python3.8/site-packages/influxdb/influxdb08/chunked_json.py to chunked_json.cpython-38.pyc
[  155s] byte-compiling /home/abuild/rpmbuild/BUILDROOT/python-influxdb-5.3.1-2.2.riscv64/usr/lib/python3.8/site-packages/influxdb/influxdb08/client.py to client.cpython-38.pyc
[  155s] byte-compiling /home/abuild/rpmbuild/BUILDROOT/python-influxdb-5.3.1-2.2.riscv64/usr/lib/python3.8/site-packages/influxdb/influxdb08/dataframe_client.py to dataframe_client.cpython-38.pyc
[  155s] byte-compiling /home/abuild/rpmbuild/BUILDROOT/python-influxdb-5.3.1-2.2.riscv64/usr/lib/python3.8/site-packages/influxdb/influxdb08/helper.py to helper.cpython-38.pyc
[  155s] byte-compiling /home/abuild/rpmbuild/BUILDROOT/python-influxdb-5.3.1-2.2.riscv64/usr/lib/python3.8/site-packages/influxdb/tests/__init__.py to __init__.cpython-38.pyc
[  155s] byte-compiling /home/abuild/rpmbuild/BUILDROOT/python-influxdb-5.3.1-2.2.riscv64/usr/lib/python3.8/site-packages/influxdb/tests/chunked_json_test.py to chunked_json_test.cpython-38.pyc
[  155s] byte-compiling /home/abuild/rpmbuild/BUILDROOT/python-influxdb-5.3.1-2.2.riscv64/usr/lib/python3.8/site-packages/influxdb/tests/client_test.py to client_test.cpython-38.pyc
[  155s] byte-compiling /home/abuild/rpmbuild/BUILDROOT/python-influxdb-5.3.1-2.2.riscv64/usr/lib/python3.8/site-packages/influxdb/tests/dataframe_client_test.py to dataframe_client_test.cpython-38.pyc
[  155s] byte-compiling /home/abuild/rpmbuild/BUILDROOT/python-influxdb-5.3.1-2.2.riscv64/usr/lib/python3.8/site-packages/influxdb/tests/helper_test.py to helper_test.cpython-38.pyc
[  155s] byte-compiling /home/abuild/rpmbuild/BUILDROOT/python-influxdb-5.3.1-2.2.riscv64/usr/lib/python3.8/site-packages/influxdb/tests/misc.py to misc.cpython-38.pyc
[  155s] byte-compiling /home/abuild/rpmbuild/BUILDROOT/python-influxdb-5.3.1-2.2.riscv64/usr/lib/python3.8/site-packages/influxdb/tests/resultset_test.py to resultset_test.cpython-38.pyc
[  155s] byte-compiling /home/abuild/rpmbuild/BUILDROOT/python-influxdb-5.3.1-2.2.riscv64/usr/lib/python3.8/site-packages/influxdb/tests/test_line_protocol.py to test_line_protocol.cpython-38.pyc
[  155s] byte-compiling /home/abuild/rpmbuild/BUILDROOT/python-influxdb-5.3.1-2.2.riscv64/usr/lib/python3.8/site-packages/influxdb/tests/influxdb08/__init__.py to __init__.cpython-38.pyc
[  155s] byte-compiling /home/abuild/rpmbuild/BUILDROOT/python-influxdb-5.3.1-2.2.riscv64/usr/lib/python3.8/site-packages/influxdb/tests/influxdb08/client_test.py to client_test.cpython-38.pyc
[  155s] byte-compiling /home/abuild/rpmbuild/BUILDROOT/python-influxdb-5.3.1-2.2.riscv64/usr/lib/python3.8/site-packages/influxdb/tests/influxdb08/dataframe_client_test.py to dataframe_client_test.cpython-38.pyc
[  155s] byte-compiling /home/abuild/rpmbuild/BUILDROOT/python-influxdb-5.3.1-2.2.riscv64/usr/lib/python3.8/site-packages/influxdb/tests/influxdb08/helper_test.py to helper_test.cpython-38.pyc
[  155s] byte-compiling /home/abuild/rpmbuild/BUILDROOT/python-influxdb-5.3.1-2.2.riscv64/usr/lib/python3.8/site-packages/influxdb/tests/server_tests/__init__.py to __init__.cpython-38.pyc
[  155s] byte-compiling /home/abuild/rpmbuild/BUILDROOT/python-influxdb-5.3.1-2.2.riscv64/usr/lib/python3.8/site-packages/influxdb/tests/server_tests/base.py to base.cpython-38.pyc
[  155s] byte-compiling /home/abuild/rpmbuild/BUILDROOT/python-influxdb-5.3.1-2.2.riscv64/usr/lib/python3.8/site-packages/influxdb/tests/server_tests/client_test_with_server.py to client_test_with_server.cpython-38.pyc
[  155s] byte-compiling /home/abuild/rpmbuild/BUILDROOT/python-influxdb-5.3.1-2.2.riscv64/usr/lib/python3.8/site-packages/influxdb/tests/server_tests/influxdb_instance.py to influxdb_instance.cpython-38.pyc
[  155s] writing byte-compilation script '/tmp/tmpb9pqlerf.py'
[  155s] /usr/bin/python3.8 /tmp/tmpb9pqlerf.py
[  158s] removing /tmp/tmpb9pqlerf.py
[  158s] running install_egg_info
[  158s] running egg_info
[  158s] writing influxdb.egg-info/PKG-INFO
[  158s] writing dependency_links to influxdb.egg-info/dependency_links.txt
[  158s] writing requirements to influxdb.egg-info/requires.txt
[  158s] writing top-level names to influxdb.egg-info/top_level.txt
[  158s] reading manifest file 'influxdb.egg-info/SOURCES.txt'
[  158s] reading manifest template 'MANIFEST.in'
[  158s] adding license file 'LICENSE'
[  158s] writing manifest file 'influxdb.egg-info/SOURCES.txt'
[  158s] Copying influxdb.egg-info to /home/abuild/rpmbuild/BUILDROOT/python-influxdb-5.3.1-2.2.riscv64/usr/lib/python3.8/site-packages/influxdb-5.3.1-py3.8.egg-info
[  158s] running install_scripts
[  158s] /usr/lib/python3.8/site-packages/setuptools/command/install.py:34: SetuptoolsDeprecationWarning: setup.py install is deprecated. Use build and pip and other standards-based tools.
[  158s]   warnings.warn(
[  159s] ++ '[' -f _current_flavor ']'
[  159s] ++ cat _current_flavor
[  159s] + last_flavor=python38
[  159s] + '[' -z python38 ']'
[  159s] + '[' python38 '!=' python39 ']'
[  159s] + '[' -d build ']'
[  159s] + mv build _build.python38
[  159s] + '[' -d _build.python39 ']'
[  159s] + mv _build.python39 build
[  159s] + echo python39
[  159s] + python_flavor=python39
[  159s] + /usr/bin/python3.9 setup.py install -O1 --skip-build --force --root /home/abuild/rpmbuild/BUILDROOT/python-influxdb-5.3.1-2.2.riscv64 --prefix /usr
[  161s] running install
[  161s] /usr/lib/python3.9/site-packages/setuptools/command/install.py:34: SetuptoolsDeprecationWarning: setup.py install is deprecated. Use build and pip and other standards-based tools.
[  161s]   warnings.warn(
[  161s] running install_lib
[  161s] creating /home/abuild/rpmbuild/BUILDROOT/python-influxdb-5.3.1-2.2.riscv64/usr/lib/python3.9
[  161s] creating /home/abuild/rpmbuild/BUILDROOT/python-influxdb-5.3.1-2.2.riscv64/usr/lib/python3.9/site-packages
[  161s] creating /home/abuild/rpmbuild/BUILDROOT/python-influxdb-5.3.1-2.2.riscv64/usr/lib/python3.9/site-packages/influxdb
[  161s] copying build/lib/influxdb/__init__.py -> /home/abuild/rpmbuild/BUILDROOT/python-influxdb-5.3.1-2.2.riscv64/usr/lib/python3.9/site-packages/influxdb
[  161s] copying build/lib/influxdb/_dataframe_client.py -> /home/abuild/rpmbuild/BUILDROOT/python-influxdb-5.3.1-2.2.riscv64/usr/lib/python3.9/site-packages/influxdb
[  161s] copying build/lib/influxdb/chunked_json.py -> /home/abuild/rpmbuild/BUILDROOT/python-influxdb-5.3.1-2.2.riscv64/usr/lib/python3.9/site-packages/influxdb
[  161s] copying build/lib/influxdb/client.py -> /home/abuild/rpmbuild/BUILDROOT/python-influxdb-5.3.1-2.2.riscv64/usr/lib/python3.9/site-packages/influxdb
[  161s] copying build/lib/influxdb/dataframe_client.py -> /home/abuild/rpmbuild/BUILDROOT/python-influxdb-5.3.1-2.2.riscv64/usr/lib/python3.9/site-packages/influxdb
[  161s] copying build/lib/influxdb/exceptions.py -> /home/abuild/rpmbuild/BUILDROOT/python-influxdb-5.3.1-2.2.riscv64/usr/lib/python3.9/site-packages/influxdb
[  161s] copying build/lib/influxdb/helper.py -> /home/abuild/rpmbuild/BUILDROOT/python-influxdb-5.3.1-2.2.riscv64/usr/lib/python3.9/site-packages/influxdb
[  161s] copying build/lib/influxdb/line_protocol.py -> /home/abuild/rpmbuild/BUILDROOT/python-influxdb-5.3.1-2.2.riscv64/usr/lib/python3.9/site-packages/influxdb
[  161s] copying build/lib/influxdb/resultset.py -> /home/abuild/rpmbuild/BUILDROOT/python-influxdb-5.3.1-2.2.riscv64/usr/lib/python3.9/site-packages/influxdb
[  161s] creating /home/abuild/rpmbuild/BUILDROOT/python-influxdb-5.3.1-2.2.riscv64/usr/lib/python3.9/site-packages/influxdb/influxdb08
[  161s] copying build/lib/influxdb/influxdb08/__init__.py -> /home/abuild/rpmbuild/BUILDROOT/python-influxdb-5.3.1-2.2.riscv64/usr/lib/python3.9/site-packages/influxdb/influxdb08
[  161s] copying build/lib/influxdb/influxdb08/chunked_json.py -> /home/abuild/rpmbuild/BUILDROOT/python-influxdb-5.3.1-2.2.riscv64/usr/lib/python3.9/site-packages/influxdb/influxdb08
[  161s] copying build/lib/influxdb/influxdb08/client.py -> /home/abuild/rpmbuild/BUILDROOT/python-influxdb-5.3.1-2.2.riscv64/usr/lib/python3.9/site-packages/influxdb/influxdb08
[  161s] copying build/lib/influxdb/influxdb08/dataframe_client.py -> /home/abuild/rpmbuild/BUILDROOT/python-influxdb-5.3.1-2.2.riscv64/usr/lib/python3.9/site-packages/influxdb/influxdb08
[  161s] copying build/lib/influxdb/influxdb08/helper.py -> /home/abuild/rpmbuild/BUILDROOT/python-influxdb-5.3.1-2.2.riscv64/usr/lib/python3.9/site-packages/influxdb/influxdb08
[  161s] creating /home/abuild/rpmbuild/BUILDROOT/python-influxdb-5.3.1-2.2.riscv64/usr/lib/python3.9/site-packages/influxdb/tests
[  161s] copying build/lib/influxdb/tests/__init__.py -> /home/abuild/rpmbuild/BUILDROOT/python-influxdb-5.3.1-2.2.riscv64/usr/lib/python3.9/site-packages/influxdb/tests
[  161s] copying build/lib/influxdb/tests/chunked_json_test.py -> /home/abuild/rpmbuild/BUILDROOT/python-influxdb-5.3.1-2.2.riscv64/usr/lib/python3.9/site-packages/influxdb/tests
[  161s] copying build/lib/influxdb/tests/client_test.py -> /home/abuild/rpmbuild/BUILDROOT/python-influxdb-5.3.1-2.2.riscv64/usr/lib/python3.9/site-packages/influxdb/tests
[  161s] copying build/lib/influxdb/tests/dataframe_client_test.py -> /home/abuild/rpmbuild/BUILDROOT/python-influxdb-5.3.1-2.2.riscv64/usr/lib/python3.9/site-packages/influxdb/tests
[  161s] copying build/lib/influxdb/tests/helper_test.py -> /home/abuild/rpmbuild/BUILDROOT/python-influxdb-5.3.1-2.2.riscv64/usr/lib/python3.9/site-packages/influxdb/tests
[  161s] copying build/lib/influxdb/tests/misc.py -> /home/abuild/rpmbuild/BUILDROOT/python-influxdb-5.3.1-2.2.riscv64/usr/lib/python3.9/site-packages/influxdb/tests
[  161s] copying build/lib/influxdb/tests/resultset_test.py -> /home/abuild/rpmbuild/BUILDROOT/python-influxdb-5.3.1-2.2.riscv64/usr/lib/python3.9/site-packages/influxdb/tests
[  161s] copying build/lib/influxdb/tests/test_line_protocol.py -> /home/abuild/rpmbuild/BUILDROOT/python-influxdb-5.3.1-2.2.riscv64/usr/lib/python3.9/site-packages/influxdb/tests
[  161s] creating /home/abuild/rpmbuild/BUILDROOT/python-influxdb-5.3.1-2.2.riscv64/usr/lib/python3.9/site-packages/influxdb/tests/influxdb08
[  161s] copying build/lib/influxdb/tests/influxdb08/__init__.py -> /home/abuild/rpmbuild/BUILDROOT/python-influxdb-5.3.1-2.2.riscv64/usr/lib/python3.9/site-packages/influxdb/tests/influxdb08
[  161s] copying build/lib/influxdb/tests/influxdb08/client_test.py -> /home/abuild/rpmbuild/BUILDROOT/python-influxdb-5.3.1-2.2.riscv64/usr/lib/python3.9/site-packages/influxdb/tests/influxdb08
[  161s] copying build/lib/influxdb/tests/influxdb08/dataframe_client_test.py -> /home/abuild/rpmbuild/BUILDROOT/python-influxdb-5.3.1-2.2.riscv64/usr/lib/python3.9/site-packages/influxdb/tests/influxdb08
[  161s] copying build/lib/influxdb/tests/influxdb08/helper_test.py -> /home/abuild/rpmbuild/BUILDROOT/python-influxdb-5.3.1-2.2.riscv64/usr/lib/python3.9/site-packages/influxdb/tests/influxdb08
[  161s] creating /home/abuild/rpmbuild/BUILDROOT/python-influxdb-5.3.1-2.2.riscv64/usr/lib/python3.9/site-packages/influxdb/tests/server_tests
[  161s] copying build/lib/influxdb/tests/server_tests/__init__.py -> /home/abuild/rpmbuild/BUILDROOT/python-influxdb-5.3.1-2.2.riscv64/usr/lib/python3.9/site-packages/influxdb/tests/server_tests
[  161s] copying build/lib/influxdb/tests/server_tests/base.py -> /home/abuild/rpmbuild/BUILDROOT/python-influxdb-5.3.1-2.2.riscv64/usr/lib/python3.9/site-packages/influxdb/tests/server_tests
[  161s] copying build/lib/influxdb/tests/server_tests/client_test_with_server.py -> /home/abuild/rpmbuild/BUILDROOT/python-influxdb-5.3.1-2.2.riscv64/usr/lib/python3.9/site-packages/influxdb/tests/server_tests
[  161s] copying build/lib/influxdb/tests/server_tests/influxdb_instance.py -> /home/abuild/rpmbuild/BUILDROOT/python-influxdb-5.3.1-2.2.riscv64/usr/lib/python3.9/site-packages/influxdb/tests/server_tests
[  161s] byte-compiling /home/abuild/rpmbuild/BUILDROOT/python-influxdb-5.3.1-2.2.riscv64/usr/lib/python3.9/site-packages/influxdb/__init__.py to __init__.cpython-39.pyc
[  161s] byte-compiling /home/abuild/rpmbuild/BUILDROOT/python-influxdb-5.3.1-2.2.riscv64/usr/lib/python3.9/site-packages/influxdb/_dataframe_client.py to _dataframe_client.cpython-39.pyc
[  161s] byte-compiling /home/abuild/rpmbuild/BUILDROOT/python-influxdb-5.3.1-2.2.riscv64/usr/lib/python3.9/site-packages/influxdb/chunked_json.py to chunked_json.cpython-39.pyc
[  161s] byte-compiling /home/abuild/rpmbuild/BUILDROOT/python-influxdb-5.3.1-2.2.riscv64/usr/lib/python3.9/site-packages/influxdb/client.py to client.cpython-39.pyc
[  161s] byte-compiling /home/abuild/rpmbuild/BUILDROOT/python-influxdb-5.3.1-2.2.riscv64/usr/lib/python3.9/site-packages/influxdb/dataframe_client.py to dataframe_client.cpython-39.pyc
[  161s] byte-compiling /home/abuild/rpmbuild/BUILDROOT/python-influxdb-5.3.1-2.2.riscv64/usr/lib/python3.9/site-packages/influxdb/exceptions.py to exceptions.cpython-39.pyc
[  161s] byte-compiling /home/abuild/rpmbuild/BUILDROOT/python-influxdb-5.3.1-2.2.riscv64/usr/lib/python3.9/site-packages/influxdb/helper.py to helper.cpython-39.pyc
[  161s] byte-compiling /home/abuild/rpmbuild/BUILDROOT/python-influxdb-5.3.1-2.2.riscv64/usr/lib/python3.9/site-packages/influxdb/line_protocol.py to line_protocol.cpython-39.pyc
[  161s] byte-compiling /home/abuild/rpmbuild/BUILDROOT/python-influxdb-5.3.1-2.2.riscv64/usr/lib/python3.9/site-packages/influxdb/resultset.py to resultset.cpython-39.pyc
[  161s] byte-compiling /home/abuild/rpmbuild/BUILDROOT/python-influxdb-5.3.1-2.2.riscv64/usr/lib/python3.9/site-packages/influxdb/influxdb08/__init__.py to __init__.cpython-39.pyc
[  161s] byte-compiling /home/abuild/rpmbuild/BUILDROOT/python-influxdb-5.3.1-2.2.riscv64/usr/lib/python3.9/site-packages/influxdb/influxdb08/chunked_json.py to chunked_json.cpython-39.pyc
[  161s] byte-compiling /home/abuild/rpmbuild/BUILDROOT/python-influxdb-5.3.1-2.2.riscv64/usr/lib/python3.9/site-packages/influxdb/influxdb08/client.py to client.cpython-39.pyc
[  161s] byte-compiling /home/abuild/rpmbuild/BUILDROOT/python-influxdb-5.3.1-2.2.riscv64/usr/lib/python3.9/site-packages/influxdb/influxdb08/dataframe_client.py to dataframe_client.cpython-39.pyc
[  161s] byte-compiling /home/abuild/rpmbuild/BUILDROOT/python-influxdb-5.3.1-2.2.riscv64/usr/lib/python3.9/site-packages/influxdb/influxdb08/helper.py to helper.cpython-39.pyc
[  161s] byte-compiling /home/abuild/rpmbuild/BUILDROOT/python-influxdb-5.3.1-2.2.riscv64/usr/lib/python3.9/site-packages/influxdb/tests/__init__.py to __init__.cpython-39.pyc
[  161s] byte-compiling /home/abuild/rpmbuild/BUILDROOT/python-influxdb-5.3.1-2.2.riscv64/usr/lib/python3.9/site-packages/influxdb/tests/chunked_json_test.py to chunked_json_test.cpython-39.pyc
[  161s] byte-compiling /home/abuild/rpmbuild/BUILDROOT/python-influxdb-5.3.1-2.2.riscv64/usr/lib/python3.9/site-packages/influxdb/tests/client_test.py to client_test.cpython-39.pyc
[  162s] byte-compiling /home/abuild/rpmbuild/BUILDROOT/python-influxdb-5.3.1-2.2.riscv64/usr/lib/python3.9/site-packages/influxdb/tests/dataframe_client_test.py to dataframe_client_test.cpython-39.pyc
[  162s] byte-compiling /home/abuild/rpmbuild/BUILDROOT/python-influxdb-5.3.1-2.2.riscv64/usr/lib/python3.9/site-packages/influxdb/tests/helper_test.py to helper_test.cpython-39.pyc
[  162s] byte-compiling /home/abuild/rpmbuild/BUILDROOT/python-influxdb-5.3.1-2.2.riscv64/usr/lib/python3.9/site-packages/influxdb/tests/misc.py to misc.cpython-39.pyc
[  162s] byte-compiling /home/abuild/rpmbuild/BUILDROOT/python-influxdb-5.3.1-2.2.riscv64/usr/lib/python3.9/site-packages/influxdb/tests/resultset_test.py to resultset_test.cpython-39.pyc
[  162s] byte-compiling /home/abuild/rpmbuild/BUILDROOT/python-influxdb-5.3.1-2.2.riscv64/usr/lib/python3.9/site-packages/influxdb/tests/test_line_protocol.py to test_line_protocol.cpython-39.pyc
[  162s] byte-compiling /home/abuild/rpmbuild/BUILDROOT/python-influxdb-5.3.1-2.2.riscv64/usr/lib/python3.9/site-packages/influxdb/tests/influxdb08/__init__.py to __init__.cpython-39.pyc
[  162s] byte-compiling /home/abuild/rpmbuild/BUILDROOT/python-influxdb-5.3.1-2.2.riscv64/usr/lib/python3.9/site-packages/influxdb/tests/influxdb08/client_test.py to client_test.cpython-39.pyc
[  162s] byte-compiling /home/abuild/rpmbuild/BUILDROOT/python-influxdb-5.3.1-2.2.riscv64/usr/lib/python3.9/site-packages/influxdb/tests/influxdb08/dataframe_client_test.py to dataframe_client_test.cpython-39.pyc
[  162s] byte-compiling /home/abuild/rpmbuild/BUILDROOT/python-influxdb-5.3.1-2.2.riscv64/usr/lib/python3.9/site-packages/influxdb/tests/influxdb08/helper_test.py to helper_test.cpython-39.pyc
[  162s] byte-compiling /home/abuild/rpmbuild/BUILDROOT/python-influxdb-5.3.1-2.2.riscv64/usr/lib/python3.9/site-packages/influxdb/tests/server_tests/__init__.py to __init__.cpython-39.pyc
[  162s] byte-compiling /home/abuild/rpmbuild/BUILDROOT/python-influxdb-5.3.1-2.2.riscv64/usr/lib/python3.9/site-packages/influxdb/tests/server_tests/base.py to base.cpython-39.pyc
[  162s] byte-compiling /home/abuild/rpmbuild/BUILDROOT/python-influxdb-5.3.1-2.2.riscv64/usr/lib/python3.9/site-packages/influxdb/tests/server_tests/client_test_with_server.py to client_test_with_server.cpython-39.pyc
[  162s] byte-compiling /home/abuild/rpmbuild/BUILDROOT/python-influxdb-5.3.1-2.2.riscv64/usr/lib/python3.9/site-packages/influxdb/tests/server_tests/influxdb_instance.py to influxdb_instance.cpython-39.pyc
[  162s] writing byte-compilation script '/tmp/tmppzkdnpwp.py'
[  162s] /usr/bin/python3.9 /tmp/tmppzkdnpwp.py
[  164s] removing /tmp/tmppzkdnpwp.py
[  164s] running install_egg_info
[  165s] running egg_info
[  165s] writing influxdb.egg-info/PKG-INFO
[  165s] writing dependency_links to influxdb.egg-info/dependency_links.txt
[  165s] writing requirements to influxdb.egg-info/requires.txt
[  165s] writing top-level names to influxdb.egg-info/top_level.txt
[  165s] reading manifest file 'influxdb.egg-info/SOURCES.txt'
[  165s] reading manifest template 'MANIFEST.in'
[  165s] adding license file 'LICENSE'
[  165s] writing manifest file 'influxdb.egg-info/SOURCES.txt'
[  165s] Copying influxdb.egg-info to /home/abuild/rpmbuild/BUILDROOT/python-influxdb-5.3.1-2.2.riscv64/usr/lib/python3.9/site-packages/influxdb-5.3.1-py3.9.egg-info
[  165s] running install_scripts
[  165s] ++ '[' -f _current_flavor ']'
[  165s] ++ cat _current_flavor
[  165s] + last_flavor=python39
[  165s] + '[' -z python39 ']'
[  165s] + '[' python39 '!=' python311 ']'
[  165s] + '[' -d build ']'
[  165s] + mv build _build.python39
[  165s] + '[' -d _build.python311 ']'
[  165s] + mv _build.python311 build
[  165s] + echo python311
[  165s] + python_flavor=python311
[  165s] + /usr/bin/python3.11 setup.py install -O1 --skip-build --force --root /home/abuild/rpmbuild/BUILDROOT/python-influxdb-5.3.1-2.2.riscv64 --prefix /usr
[  167s] running install
[  167s] /usr/lib/python3.11/site-packages/setuptools/command/install.py:34: SetuptoolsDeprecationWarning: setup.py install is deprecated. Use build and pip and other standards-based tools.
[  167s]   warnings.warn(
[  167s] running install_lib
[  167s] creating /home/abuild/rpmbuild/BUILDROOT/python-influxdb-5.3.1-2.2.riscv64/usr/lib/python3.11
[  167s] creating /home/abuild/rpmbuild/BUILDROOT/python-influxdb-5.3.1-2.2.riscv64/usr/lib/python3.11/site-packages
[  167s] creating /home/abuild/rpmbuild/BUILDROOT/python-influxdb-5.3.1-2.2.riscv64/usr/lib/python3.11/site-packages/influxdb
[  167s] copying build/lib/influxdb/__init__.py -> /home/abuild/rpmbuild/BUILDROOT/python-influxdb-5.3.1-2.2.riscv64/usr/lib/python3.11/site-packages/influxdb
[  167s] copying build/lib/influxdb/_dataframe_client.py -> /home/abuild/rpmbuild/BUILDROOT/python-influxdb-5.3.1-2.2.riscv64/usr/lib/python3.11/site-packages/influxdb
[  167s] copying build/lib/influxdb/chunked_json.py -> /home/abuild/rpmbuild/BUILDROOT/python-influxdb-5.3.1-2.2.riscv64/usr/lib/python3.11/site-packages/influxdb
[  167s] copying build/lib/influxdb/client.py -> /home/abuild/rpmbuild/BUILDROOT/python-influxdb-5.3.1-2.2.riscv64/usr/lib/python3.11/site-packages/influxdb
[  167s] copying build/lib/influxdb/dataframe_client.py -> /home/abuild/rpmbuild/BUILDROOT/python-influxdb-5.3.1-2.2.riscv64/usr/lib/python3.11/site-packages/influxdb
[  167s] copying build/lib/influxdb/exceptions.py -> /home/abuild/rpmbuild/BUILDROOT/python-influxdb-5.3.1-2.2.riscv64/usr/lib/python3.11/site-packages/influxdb
[  167s] copying build/lib/influxdb/helper.py -> /home/abuild/rpmbuild/BUILDROOT/python-influxdb-5.3.1-2.2.riscv64/usr/lib/python3.11/site-packages/influxdb
[  167s] copying build/lib/influxdb/line_protocol.py -> /home/abuild/rpmbuild/BUILDROOT/python-influxdb-5.3.1-2.2.riscv64/usr/lib/python3.11/site-packages/influxdb
[  167s] copying build/lib/influxdb/resultset.py -> /home/abuild/rpmbuild/BUILDROOT/python-influxdb-5.3.1-2.2.riscv64/usr/lib/python3.11/site-packages/influxdb
[  167s] creating /home/abuild/rpmbuild/BUILDROOT/python-influxdb-5.3.1-2.2.riscv64/usr/lib/python3.11/site-packages/influxdb/influxdb08
[  167s] copying build/lib/influxdb/influxdb08/__init__.py -> /home/abuild/rpmbuild/BUILDROOT/python-influxdb-5.3.1-2.2.riscv64/usr/lib/python3.11/site-packages/influxdb/influxdb08
[  167s] copying build/lib/influxdb/influxdb08/chunked_json.py -> /home/abuild/rpmbuild/BUILDROOT/python-influxdb-5.3.1-2.2.riscv64/usr/lib/python3.11/site-packages/influxdb/influxdb08
[  167s] copying build/lib/influxdb/influxdb08/client.py -> /home/abuild/rpmbuild/BUILDROOT/python-influxdb-5.3.1-2.2.riscv64/usr/lib/python3.11/site-packages/influxdb/influxdb08
[  167s] copying build/lib/influxdb/influxdb08/dataframe_client.py -> /home/abuild/rpmbuild/BUILDROOT/python-influxdb-5.3.1-2.2.riscv64/usr/lib/python3.11/site-packages/influxdb/influxdb08
[  167s] copying build/lib/influxdb/influxdb08/helper.py -> /home/abuild/rpmbuild/BUILDROOT/python-influxdb-5.3.1-2.2.riscv64/usr/lib/python3.11/site-packages/influxdb/influxdb08
[  167s] creating /home/abuild/rpmbuild/BUILDROOT/python-influxdb-5.3.1-2.2.riscv64/usr/lib/python3.11/site-packages/influxdb/tests
[  167s] copying build/lib/influxdb/tests/__init__.py -> /home/abuild/rpmbuild/BUILDROOT/python-influxdb-5.3.1-2.2.riscv64/usr/lib/python3.11/site-packages/influxdb/tests
[  167s] copying build/lib/influxdb/tests/chunked_json_test.py -> /home/abuild/rpmbuild/BUILDROOT/python-influxdb-5.3.1-2.2.riscv64/usr/lib/python3.11/site-packages/influxdb/tests
[  167s] copying build/lib/influxdb/tests/client_test.py -> /home/abuild/rpmbuild/BUILDROOT/python-influxdb-5.3.1-2.2.riscv64/usr/lib/python3.11/site-packages/influxdb/tests
[  167s] copying build/lib/influxdb/tests/dataframe_client_test.py -> /home/abuild/rpmbuild/BUILDROOT/python-influxdb-5.3.1-2.2.riscv64/usr/lib/python3.11/site-packages/influxdb/tests
[  167s] copying build/lib/influxdb/tests/helper_test.py -> /home/abuild/rpmbuild/BUILDROOT/python-influxdb-5.3.1-2.2.riscv64/usr/lib/python3.11/site-packages/influxdb/tests
[  167s] copying build/lib/influxdb/tests/misc.py -> /home/abuild/rpmbuild/BUILDROOT/python-influxdb-5.3.1-2.2.riscv64/usr/lib/python3.11/site-packages/influxdb/tests
[  167s] copying build/lib/influxdb/tests/resultset_test.py -> /home/abuild/rpmbuild/BUILDROOT/python-influxdb-5.3.1-2.2.riscv64/usr/lib/python3.11/site-packages/influxdb/tests
[  167s] copying build/lib/influxdb/tests/test_line_protocol.py -> /home/abuild/rpmbuild/BUILDROOT/python-influxdb-5.3.1-2.2.riscv64/usr/lib/python3.11/site-packages/influxdb/tests
[  167s] creating /home/abuild/rpmbuild/BUILDROOT/python-influxdb-5.3.1-2.2.riscv64/usr/lib/python3.11/site-packages/influxdb/tests/influxdb08
[  167s] copying build/lib/influxdb/tests/influxdb08/__init__.py -> /home/abuild/rpmbuild/BUILDROOT/python-influxdb-5.3.1-2.2.riscv64/usr/lib/python3.11/site-packages/influxdb/tests/influxdb08
[  167s] copying build/lib/influxdb/tests/influxdb08/client_test.py -> /home/abuild/rpmbuild/BUILDROOT/python-influxdb-5.3.1-2.2.riscv64/usr/lib/python3.11/site-packages/influxdb/tests/influxdb08
[  167s] copying build/lib/influxdb/tests/influxdb08/dataframe_client_test.py -> /home/abuild/rpmbuild/BUILDROOT/python-influxdb-5.3.1-2.2.riscv64/usr/lib/python3.11/site-packages/influxdb/tests/influxdb08
[  167s] copying build/lib/influxdb/tests/influxdb08/helper_test.py -> /home/abuild/rpmbuild/BUILDROOT/python-influxdb-5.3.1-2.2.riscv64/usr/lib/python3.11/site-packages/influxdb/tests/influxdb08
[  167s] creating /home/abuild/rpmbuild/BUILDROOT/python-influxdb-5.3.1-2.2.riscv64/usr/lib/python3.11/site-packages/influxdb/tests/server_tests
[  167s] copying build/lib/influxdb/tests/server_tests/__init__.py -> /home/abuild/rpmbuild/BUILDROOT/python-influxdb-5.3.1-2.2.riscv64/usr/lib/python3.11/site-packages/influxdb/tests/server_tests
[  167s] copying build/lib/influxdb/tests/server_tests/base.py -> /home/abuild/rpmbuild/BUILDROOT/python-influxdb-5.3.1-2.2.riscv64/usr/lib/python3.11/site-packages/influxdb/tests/server_tests
[  167s] copying build/lib/influxdb/tests/server_tests/client_test_with_server.py -> /home/abuild/rpmbuild/BUILDROOT/python-influxdb-5.3.1-2.2.riscv64/usr/lib/python3.11/site-packages/influxdb/tests/server_tests
[  167s] copying build/lib/influxdb/tests/server_tests/influxdb_instance.py -> /home/abuild/rpmbuild/BUILDROOT/python-influxdb-5.3.1-2.2.riscv64/usr/lib/python3.11/site-packages/influxdb/tests/server_tests
[  167s] byte-compiling /home/abuild/rpmbuild/BUILDROOT/python-influxdb-5.3.1-2.2.riscv64/usr/lib/python3.11/site-packages/influxdb/__init__.py to __init__.cpython-311.pyc
[  167s] byte-compiling /home/abuild/rpmbuild/BUILDROOT/python-influxdb-5.3.1-2.2.riscv64/usr/lib/python3.11/site-packages/influxdb/_dataframe_client.py to _dataframe_client.cpython-311.pyc
[  168s] byte-compiling /home/abuild/rpmbuild/BUILDROOT/python-influxdb-5.3.1-2.2.riscv64/usr/lib/python3.11/site-packages/influxdb/chunked_json.py to chunked_json.cpython-311.pyc
[  168s] byte-compiling /home/abuild/rpmbuild/BUILDROOT/python-influxdb-5.3.1-2.2.riscv64/usr/lib/python3.11/site-packages/influxdb/client.py to client.cpython-311.pyc
[  168s] byte-compiling /home/abuild/rpmbuild/BUILDROOT/python-influxdb-5.3.1-2.2.riscv64/usr/lib/python3.11/site-packages/influxdb/dataframe_client.py to dataframe_client.cpython-311.pyc
[  168s] byte-compiling /home/abuild/rpmbuild/BUILDROOT/python-influxdb-5.3.1-2.2.riscv64/usr/lib/python3.11/site-packages/influxdb/exceptions.py to exceptions.cpython-311.pyc
[  168s] byte-compiling /home/abuild/rpmbuild/BUILDROOT/python-influxdb-5.3.1-2.2.riscv64/usr/lib/python3.11/site-packages/influxdb/helper.py to helper.cpython-311.pyc
[  168s] byte-compiling /home/abuild/rpmbuild/BUILDROOT/python-influxdb-5.3.1-2.2.riscv64/usr/lib/python3.11/site-packages/influxdb/line_protocol.py to line_protocol.cpython-311.pyc
[  168s] byte-compiling /home/abuild/rpmbuild/BUILDROOT/python-influxdb-5.3.1-2.2.riscv64/usr/lib/python3.11/site-packages/influxdb/resultset.py to resultset.cpython-311.pyc
[  168s] byte-compiling /home/abuild/rpmbuild/BUILDROOT/python-influxdb-5.3.1-2.2.riscv64/usr/lib/python3.11/site-packages/influxdb/influxdb08/__init__.py to __init__.cpython-311.pyc
[  168s] byte-compiling /home/abuild/rpmbuild/BUILDROOT/python-influxdb-5.3.1-2.2.riscv64/usr/lib/python3.11/site-packages/influxdb/influxdb08/chunked_json.py to chunked_json.cpython-311.pyc
[  168s] byte-compiling /home/abuild/rpmbuild/BUILDROOT/python-influxdb-5.3.1-2.2.riscv64/usr/lib/python3.11/site-packages/influxdb/influxdb08/client.py to client.cpython-311.pyc
[  168s] byte-compiling /home/abuild/rpmbuild/BUILDROOT/python-influxdb-5.3.1-2.2.riscv64/usr/lib/python3.11/site-packages/influxdb/influxdb08/dataframe_client.py to dataframe_client.cpython-311.pyc
[  168s] byte-compiling /home/abuild/rpmbuild/BUILDROOT/python-influxdb-5.3.1-2.2.riscv64/usr/lib/python3.11/site-packages/influxdb/influxdb08/helper.py to helper.cpython-311.pyc
[  168s] byte-compiling /home/abuild/rpmbuild/BUILDROOT/python-influxdb-5.3.1-2.2.riscv64/usr/lib/python3.11/site-packages/influxdb/tests/__init__.py to __init__.cpython-311.pyc
[  168s] byte-compiling /home/abuild/rpmbuild/BUILDROOT/python-influxdb-5.3.1-2.2.riscv64/usr/lib/python3.11/site-packages/influxdb/tests/chunked_json_test.py to chunked_json_test.cpython-311.pyc
[  168s] byte-compiling /home/abuild/rpmbuild/BUILDROOT/python-influxdb-5.3.1-2.2.riscv64/usr/lib/python3.11/site-packages/influxdb/tests/client_test.py to client_test.cpython-311.pyc
[  168s] byte-compiling /home/abuild/rpmbuild/BUILDROOT/python-influxdb-5.3.1-2.2.riscv64/usr/lib/python3.11/site-packages/influxdb/tests/dataframe_client_test.py to dataframe_client_test.cpython-311.pyc
[  168s] byte-compiling /home/abuild/rpmbuild/BUILDROOT/python-influxdb-5.3.1-2.2.riscv64/usr/lib/python3.11/site-packages/influxdb/tests/helper_test.py to helper_test.cpython-311.pyc
[  168s] byte-compiling /home/abuild/rpmbuild/BUILDROOT/python-influxdb-5.3.1-2.2.riscv64/usr/lib/python3.11/site-packages/influxdb/tests/misc.py to misc.cpython-311.pyc
[  168s] byte-compiling /home/abuild/rpmbuild/BUILDROOT/python-influxdb-5.3.1-2.2.riscv64/usr/lib/python3.11/site-packages/influxdb/tests/resultset_test.py to resultset_test.cpython-311.pyc
[  168s] byte-compiling /home/abuild/rpmbuild/BUILDROOT/python-influxdb-5.3.1-2.2.riscv64/usr/lib/python3.11/site-packages/influxdb/tests/test_line_protocol.py to test_line_protocol.cpython-311.pyc
[  168s] byte-compiling /home/abuild/rpmbuild/BUILDROOT/python-influxdb-5.3.1-2.2.riscv64/usr/lib/python3.11/site-packages/influxdb/tests/influxdb08/__init__.py to __init__.cpython-311.pyc
[  168s] byte-compiling /home/abuild/rpmbuild/BUILDROOT/python-influxdb-5.3.1-2.2.riscv64/usr/lib/python3.11/site-packages/influxdb/tests/influxdb08/client_test.py to client_test.cpython-311.pyc
[  168s] byte-compiling /home/abuild/rpmbuild/BUILDROOT/python-influxdb-5.3.1-2.2.riscv64/usr/lib/python3.11/site-packages/influxdb/tests/influxdb08/dataframe_client_test.py to dataframe_client_test.cpython-311.pyc
[  168s] byte-compiling /home/abuild/rpmbuild/BUILDROOT/python-influxdb-5.3.1-2.2.riscv64/usr/lib/python3.11/site-packages/influxdb/tests/influxdb08/helper_test.py to helper_test.cpython-311.pyc
[  168s] byte-compiling /home/abuild/rpmbuild/BUILDROOT/python-influxdb-5.3.1-2.2.riscv64/usr/lib/python3.11/site-packages/influxdb/tests/server_tests/__init__.py to __init__.cpython-311.pyc
[  168s] byte-compiling /home/abuild/rpmbuild/BUILDROOT/python-influxdb-5.3.1-2.2.riscv64/usr/lib/python3.11/site-packages/influxdb/tests/server_tests/base.py to base.cpython-311.pyc
[  168s] byte-compiling /home/abuild/rpmbuild/BUILDROOT/python-influxdb-5.3.1-2.2.riscv64/usr/lib/python3.11/site-packages/influxdb/tests/server_tests/client_test_with_server.py to client_test_with_server.cpython-311.pyc
[  168s] byte-compiling /home/abuild/rpmbuild/BUILDROOT/python-influxdb-5.3.1-2.2.riscv64/usr/lib/python3.11/site-packages/influxdb/tests/server_tests/influxdb_instance.py to influxdb_instance.cpython-311.pyc
[  168s] writing byte-compilation script '/tmp/tmptkspqs6y.py'
[  168s] /usr/bin/python3.11 /tmp/tmptkspqs6y.py
[  171s] removing /tmp/tmptkspqs6y.py
[  171s] running install_egg_info
[  171s] running egg_info
[  171s] writing influxdb.egg-info/PKG-INFO
[  171s] writing dependency_links to influxdb.egg-info/dependency_links.txt
[  171s] writing requirements to influxdb.egg-info/requires.txt
[  171s] writing top-level names to influxdb.egg-info/top_level.txt
[  171s] reading manifest file 'influxdb.egg-info/SOURCES.txt'
[  171s] reading manifest template 'MANIFEST.in'
[  171s] adding license file 'LICENSE'
[  171s] writing manifest file 'influxdb.egg-info/SOURCES.txt'
[  171s] Copying influxdb.egg-info to /home/abuild/rpmbuild/BUILDROOT/python-influxdb-5.3.1-2.2.riscv64/usr/lib/python3.11/site-packages/influxdb-5.3.1-py3.11.egg-info
[  171s] running install_scripts
[  171s] ++ '[' -f _current_flavor ']'
[  171s] ++ cat _current_flavor
[  171s] + last_flavor=python311
[  171s] + '[' -z python311 ']'
[  171s] + '[' python311 '!=' python310 ']'
[  171s] + '[' -d build ']'
[  171s] + mv build _build.python311
[  171s] + '[' -d _build.python310 ']'
[  171s] + mv _build.python310 build
[  171s] + echo python310
[  171s] + python_flavor=python310
[  171s] + /usr/bin/python3.10 setup.py install -O1 --skip-build --force --root /home/abuild/rpmbuild/BUILDROOT/python-influxdb-5.3.1-2.2.riscv64 --prefix /usr
[  174s] running install
[  174s] /usr/lib/python3.10/site-packages/setuptools/command/install.py:34: SetuptoolsDeprecationWarning: setup.py install is deprecated. Use build and pip and other standards-based tools.
[  174s]   warnings.warn(
[  174s] running install_lib
[  174s] creating /home/abuild/rpmbuild/BUILDROOT/python-influxdb-5.3.1-2.2.riscv64/usr/lib/python3.10
[  174s] creating /home/abuild/rpmbuild/BUILDROOT/python-influxdb-5.3.1-2.2.riscv64/usr/lib/python3.10/site-packages
[  174s] creating /home/abuild/rpmbuild/BUILDROOT/python-influxdb-5.3.1-2.2.riscv64/usr/lib/python3.10/site-packages/influxdb
[  174s] copying build/lib/influxdb/__init__.py -> /home/abuild/rpmbuild/BUILDROOT/python-influxdb-5.3.1-2.2.riscv64/usr/lib/python3.10/site-packages/influxdb
[  174s] copying build/lib/influxdb/_dataframe_client.py -> /home/abuild/rpmbuild/BUILDROOT/python-influxdb-5.3.1-2.2.riscv64/usr/lib/python3.10/site-packages/influxdb
[  174s] copying build/lib/influxdb/chunked_json.py -> /home/abuild/rpmbuild/BUILDROOT/python-influxdb-5.3.1-2.2.riscv64/usr/lib/python3.10/site-packages/influxdb
[  174s] copying build/lib/influxdb/client.py -> /home/abuild/rpmbuild/BUILDROOT/python-influxdb-5.3.1-2.2.riscv64/usr/lib/python3.10/site-packages/influxdb
[  174s] copying build/lib/influxdb/dataframe_client.py -> /home/abuild/rpmbuild/BUILDROOT/python-influxdb-5.3.1-2.2.riscv64/usr/lib/python3.10/site-packages/influxdb
[  174s] copying build/lib/influxdb/exceptions.py -> /home/abuild/rpmbuild/BUILDROOT/python-influxdb-5.3.1-2.2.riscv64/usr/lib/python3.10/site-packages/influxdb
[  174s] copying build/lib/influxdb/helper.py -> /home/abuild/rpmbuild/BUILDROOT/python-influxdb-5.3.1-2.2.riscv64/usr/lib/python3.10/site-packages/influxdb
[  174s] copying build/lib/influxdb/line_protocol.py -> /home/abuild/rpmbuild/BUILDROOT/python-influxdb-5.3.1-2.2.riscv64/usr/lib/python3.10/site-packages/influxdb
[  174s] copying build/lib/influxdb/resultset.py -> /home/abuild/rpmbuild/BUILDROOT/python-influxdb-5.3.1-2.2.riscv64/usr/lib/python3.10/site-packages/influxdb
[  174s] creating /home/abuild/rpmbuild/BUILDROOT/python-influxdb-5.3.1-2.2.riscv64/usr/lib/python3.10/site-packages/influxdb/influxdb08
[  174s] copying build/lib/influxdb/influxdb08/__init__.py -> /home/abuild/rpmbuild/BUILDROOT/python-influxdb-5.3.1-2.2.riscv64/usr/lib/python3.10/site-packages/influxdb/influxdb08
[  174s] copying build/lib/influxdb/influxdb08/chunked_json.py -> /home/abuild/rpmbuild/BUILDROOT/python-influxdb-5.3.1-2.2.riscv64/usr/lib/python3.10/site-packages/influxdb/influxdb08
[  174s] copying build/lib/influxdb/influxdb08/client.py -> /home/abuild/rpmbuild/BUILDROOT/python-influxdb-5.3.1-2.2.riscv64/usr/lib/python3.10/site-packages/influxdb/influxdb08
[  174s] copying build/lib/influxdb/influxdb08/dataframe_client.py -> /home/abuild/rpmbuild/BUILDROOT/python-influxdb-5.3.1-2.2.riscv64/usr/lib/python3.10/site-packages/influxdb/influxdb08
[  174s] copying build/lib/influxdb/influxdb08/helper.py -> /home/abuild/rpmbuild/BUILDROOT/python-influxdb-5.3.1-2.2.riscv64/usr/lib/python3.10/site-packages/influxdb/influxdb08
[  174s] creating /home/abuild/rpmbuild/BUILDROOT/python-influxdb-5.3.1-2.2.riscv64/usr/lib/python3.10/site-packages/influxdb/tests
[  174s] copying build/lib/influxdb/tests/__init__.py -> /home/abuild/rpmbuild/BUILDROOT/python-influxdb-5.3.1-2.2.riscv64/usr/lib/python3.10/site-packages/influxdb/tests
[  174s] copying build/lib/influxdb/tests/chunked_json_test.py -> /home/abuild/rpmbuild/BUILDROOT/python-influxdb-5.3.1-2.2.riscv64/usr/lib/python3.10/site-packages/influxdb/tests
[  174s] copying build/lib/influxdb/tests/client_test.py -> /home/abuild/rpmbuild/BUILDROOT/python-influxdb-5.3.1-2.2.riscv64/usr/lib/python3.10/site-packages/influxdb/tests
[  174s] copying build/lib/influxdb/tests/dataframe_client_test.py -> /home/abuild/rpmbuild/BUILDROOT/python-influxdb-5.3.1-2.2.riscv64/usr/lib/python3.10/site-packages/influxdb/tests
[  174s] copying build/lib/influxdb/tests/helper_test.py -> /home/abuild/rpmbuild/BUILDROOT/python-influxdb-5.3.1-2.2.riscv64/usr/lib/python3.10/site-packages/influxdb/tests
[  174s] copying build/lib/influxdb/tests/misc.py -> /home/abuild/rpmbuild/BUILDROOT/python-influxdb-5.3.1-2.2.riscv64/usr/lib/python3.10/site-packages/influxdb/tests
[  174s] copying build/lib/influxdb/tests/resultset_test.py -> /home/abuild/rpmbuild/BUILDROOT/python-influxdb-5.3.1-2.2.riscv64/usr/lib/python3.10/site-packages/influxdb/tests
[  174s] copying build/lib/influxdb/tests/test_line_protocol.py -> /home/abuild/rpmbuild/BUILDROOT/python-influxdb-5.3.1-2.2.riscv64/usr/lib/python3.10/site-packages/influxdb/tests
[  174s] creating /home/abuild/rpmbuild/BUILDROOT/python-influxdb-5.3.1-2.2.riscv64/usr/lib/python3.10/site-packages/influxdb/tests/influxdb08
[  174s] copying build/lib/influxdb/tests/influxdb08/__init__.py -> /home/abuild/rpmbuild/BUILDROOT/python-influxdb-5.3.1-2.2.riscv64/usr/lib/python3.10/site-packages/influxdb/tests/influxdb08
[  174s] copying build/lib/influxdb/tests/influxdb08/client_test.py -> /home/abuild/rpmbuild/BUILDROOT/python-influxdb-5.3.1-2.2.riscv64/usr/lib/python3.10/site-packages/influxdb/tests/influxdb08
[  174s] copying build/lib/influxdb/tests/influxdb08/dataframe_client_test.py -> /home/abuild/rpmbuild/BUILDROOT/python-influxdb-5.3.1-2.2.riscv64/usr/lib/python3.10/site-packages/influxdb/tests/influxdb08
[  174s] copying build/lib/influxdb/tests/influxdb08/helper_test.py -> /home/abuild/rpmbuild/BUILDROOT/python-influxdb-5.3.1-2.2.riscv64/usr/lib/python3.10/site-packages/influxdb/tests/influxdb08
[  174s] creating /home/abuild/rpmbuild/BUILDROOT/python-influxdb-5.3.1-2.2.riscv64/usr/lib/python3.10/site-packages/influxdb/tests/server_tests
[  174s] copying build/lib/influxdb/tests/server_tests/__init__.py -> /home/abuild/rpmbuild/BUILDROOT/python-influxdb-5.3.1-2.2.riscv64/usr/lib/python3.10/site-packages/influxdb/tests/server_tests
[  174s] copying build/lib/influxdb/tests/server_tests/base.py -> /home/abuild/rpmbuild/BUILDROOT/python-influxdb-5.3.1-2.2.riscv64/usr/lib/python3.10/site-packages/influxdb/tests/server_tests
[  174s] copying build/lib/influxdb/tests/server_tests/client_test_with_server.py -> /home/abuild/rpmbuild/BUILDROOT/python-influxdb-5.3.1-2.2.riscv64/usr/lib/python3.10/site-packages/influxdb/tests/server_tests
[  174s] copying build/lib/influxdb/tests/server_tests/influxdb_instance.py -> /home/abuild/rpmbuild/BUILDROOT/python-influxdb-5.3.1-2.2.riscv64/usr/lib/python3.10/site-packages/influxdb/tests/server_tests
[  174s] byte-compiling /home/abuild/rpmbuild/BUILDROOT/python-influxdb-5.3.1-2.2.riscv64/usr/lib/python3.10/site-packages/influxdb/__init__.py to __init__.cpython-310.pyc
[  174s] byte-compiling /home/abuild/rpmbuild/BUILDROOT/python-influxdb-5.3.1-2.2.riscv64/usr/lib/python3.10/site-packages/influxdb/_dataframe_client.py to _dataframe_client.cpython-310.pyc
[  174s] byte-compiling /home/abuild/rpmbuild/BUILDROOT/python-influxdb-5.3.1-2.2.riscv64/usr/lib/python3.10/site-packages/influxdb/chunked_json.py to chunked_json.cpython-310.pyc
[  174s] byte-compiling /home/abuild/rpmbuild/BUILDROOT/python-influxdb-5.3.1-2.2.riscv64/usr/lib/python3.10/site-packages/influxdb/client.py to client.cpython-310.pyc
[  174s] byte-compiling /home/abuild/rpmbuild/BUILDROOT/python-influxdb-5.3.1-2.2.riscv64/usr/lib/python3.10/site-packages/influxdb/dataframe_client.py to dataframe_client.cpython-310.pyc
[  174s] byte-compiling /home/abuild/rpmbuild/BUILDROOT/python-influxdb-5.3.1-2.2.riscv64/usr/lib/python3.10/site-packages/influxdb/exceptions.py to exceptions.cpython-310.pyc
[  174s] byte-compiling /home/abuild/rpmbuild/BUILDROOT/python-influxdb-5.3.1-2.2.riscv64/usr/lib/python3.10/site-packages/influxdb/helper.py to helper.cpython-310.pyc
[  174s] byte-compiling /home/abuild/rpmbuild/BUILDROOT/python-influxdb-5.3.1-2.2.riscv64/usr/lib/python3.10/site-packages/influxdb/line_protocol.py to line_protocol.cpython-310.pyc
[  174s] byte-compiling /home/abuild/rpmbuild/BUILDROOT/python-influxdb-5.3.1-2.2.riscv64/usr/lib/python3.10/site-packages/influxdb/resultset.py to resultset.cpython-310.pyc
[  174s] byte-compiling /home/abuild/rpmbuild/BUILDROOT/python-influxdb-5.3.1-2.2.riscv64/usr/lib/python3.10/site-packages/influxdb/influxdb08/__init__.py to __init__.cpython-310.pyc
[  174s] byte-compiling /home/abuild/rpmbuild/BUILDROOT/python-influxdb-5.3.1-2.2.riscv64/usr/lib/python3.10/site-packages/influxdb/influxdb08/chunked_json.py to chunked_json.cpython-310.pyc
[  174s] byte-compiling /home/abuild/rpmbuild/BUILDROOT/python-influxdb-5.3.1-2.2.riscv64/usr/lib/python3.10/site-packages/influxdb/influxdb08/client.py to client.cpython-310.pyc
[  174s] byte-compiling /home/abuild/rpmbuild/BUILDROOT/python-influxdb-5.3.1-2.2.riscv64/usr/lib/python3.10/site-packages/influxdb/influxdb08/dataframe_client.py to dataframe_client.cpython-310.pyc
[  174s] byte-compiling /home/abuild/rpmbuild/BUILDROOT/python-influxdb-5.3.1-2.2.riscv64/usr/lib/python3.10/site-packages/influxdb/influxdb08/helper.py to helper.cpython-310.pyc
[  174s] byte-compiling /home/abuild/rpmbuild/BUILDROOT/python-influxdb-5.3.1-2.2.riscv64/usr/lib/python3.10/site-packages/influxdb/tests/__init__.py to __init__.cpython-310.pyc
[  174s] byte-compiling /home/abuild/rpmbuild/BUILDROOT/python-influxdb-5.3.1-2.2.riscv64/usr/lib/python3.10/site-packages/influxdb/tests/chunked_json_test.py to chunked_json_test.cpython-310.pyc
[  174s] byte-compiling /home/abuild/rpmbuild/BUILDROOT/python-influxdb-5.3.1-2.2.riscv64/usr/lib/python3.10/site-packages/influxdb/tests/client_test.py to client_test.cpython-310.pyc
[  174s] byte-compiling /home/abuild/rpmbuild/BUILDROOT/python-influxdb-5.3.1-2.2.riscv64/usr/lib/python3.10/site-packages/influxdb/tests/dataframe_client_test.py to dataframe_client_test.cpython-310.pyc
[  174s] byte-compiling /home/abuild/rpmbuild/BUILDROOT/python-influxdb-5.3.1-2.2.riscv64/usr/lib/python3.10/site-packages/influxdb/tests/helper_test.py to helper_test.cpython-310.pyc
[  174s] byte-compiling /home/abuild/rpmbuild/BUILDROOT/python-influxdb-5.3.1-2.2.riscv64/usr/lib/python3.10/site-packages/influxdb/tests/misc.py to misc.cpython-310.pyc
[  174s] byte-compiling /home/abuild/rpmbuild/BUILDROOT/python-influxdb-5.3.1-2.2.riscv64/usr/lib/python3.10/site-packages/influxdb/tests/resultset_test.py to resultset_test.cpython-310.pyc
[  174s] byte-compiling /home/abuild/rpmbuild/BUILDROOT/python-influxdb-5.3.1-2.2.riscv64/usr/lib/python3.10/site-packages/influxdb/tests/test_line_protocol.py to test_line_protocol.cpython-310.pyc
[  174s] byte-compiling /home/abuild/rpmbuild/BUILDROOT/python-influxdb-5.3.1-2.2.riscv64/usr/lib/python3.10/site-packages/influxdb/tests/influxdb08/__init__.py to __init__.cpython-310.pyc
[  174s] byte-compiling /home/abuild/rpmbuild/BUILDROOT/python-influxdb-5.3.1-2.2.riscv64/usr/lib/python3.10/site-packages/influxdb/tests/influxdb08/client_test.py to client_test.cpython-310.pyc
[  174s] byte-compiling /home/abuild/rpmbuild/BUILDROOT/python-influxdb-5.3.1-2.2.riscv64/usr/lib/python3.10/site-packages/influxdb/tests/influxdb08/dataframe_client_test.py to dataframe_client_test.cpython-310.pyc
[  174s] byte-compiling /home/abuild/rpmbuild/BUILDROOT/python-influxdb-5.3.1-2.2.riscv64/usr/lib/python3.10/site-packages/influxdb/tests/influxdb08/helper_test.py to helper_test.cpython-310.pyc
[  175s] byte-compiling /home/abuild/rpmbuild/BUILDROOT/python-influxdb-5.3.1-2.2.riscv64/usr/lib/python3.10/site-packages/influxdb/tests/server_tests/__init__.py to __init__.cpython-310.pyc
[  175s] byte-compiling /home/abuild/rpmbuild/BUILDROOT/python-influxdb-5.3.1-2.2.riscv64/usr/lib/python3.10/site-packages/influxdb/tests/server_tests/base.py to base.cpython-310.pyc
[  175s] byte-compiling /home/abuild/rpmbuild/BUILDROOT/python-influxdb-5.3.1-2.2.riscv64/usr/lib/python3.10/site-packages/influxdb/tests/server_tests/client_test_with_server.py to client_test_with_server.cpython-310.pyc
[  175s] byte-compiling /home/abuild/rpmbuild/BUILDROOT/python-influxdb-5.3.1-2.2.riscv64/usr/lib/python3.10/site-packages/influxdb/tests/server_tests/influxdb_instance.py to influxdb_instance.cpython-310.pyc
[  175s] writing byte-compilation script '/tmp/tmp0fvgy6zx.py'
[  175s] /usr/bin/python3.10 /tmp/tmp0fvgy6zx.py
[  177s] removing /tmp/tmp0fvgy6zx.py
[  177s] running install_egg_info
[  177s] running egg_info
[  177s] writing influxdb.egg-info/PKG-INFO
[  177s] writing dependency_links to influxdb.egg-info/dependency_links.txt
[  177s] writing requirements to influxdb.egg-info/requires.txt
[  177s] writing top-level names to influxdb.egg-info/top_level.txt
[  177s] reading manifest file 'influxdb.egg-info/SOURCES.txt'
[  177s] reading manifest template 'MANIFEST.in'
[  177s] adding license file 'LICENSE'
[  177s] writing manifest file 'influxdb.egg-info/SOURCES.txt'
[  177s] Copying influxdb.egg-info to /home/abuild/rpmbuild/BUILDROOT/python-influxdb-5.3.1-2.2.riscv64/usr/lib/python3.10/site-packages/influxdb-5.3.1-py3.10.egg-info
[  177s] running install_scripts
[  178s] ++ '[' -f _current_flavor ']'
[  178s] ++ cat _current_flavor
[  178s] + last_flavor=python310
[  178s] + '[' -z python310 ']'
[  178s] + '[' python310 '!=' python38 ']'
[  178s] + '[' -d build ']'
[  178s] + mv build _build.python310
[  178s] + '[' -d _build.python38 ']'
[  178s] + mv _build.python38 build
[  178s] + echo python38
[  178s] + python_flavor=python38
[  178s] + /usr/lib/rpm/fdupes_wrapper /home/abuild/rpmbuild/BUILDROOT/python-influxdb-5.3.1-2.2.riscv64/usr/lib/python3.8/site-packages
[  178s] Linking /home/abuild/rpmbuild/BUILDROOT/python-influxdb-5.3.1-2.2.riscv64/usr/lib/python3.8/site-packages/influxdb/__pycache__/resultset.cpython-38.opt-1.pyc -> /home/abuild/rpmbuild/BUILDROOT/python-influxdb-5.3.1-2.2.riscv64/usr/lib/python3.8/site-packages/influxdb/__pycache__/resultset.cpython-38.pyc
[  178s] Linking /home/abuild/rpmbuild/BUILDROOT/python-influxdb-5.3.1-2.2.riscv64/usr/lib/python3.8/site-packages/influxdb/__pycache__/helper.cpython-38.opt-1.pyc -> /home/abuild/rpmbuild/BUILDROOT/python-influxdb-5.3.1-2.2.riscv64/usr/lib/python3.8/site-packages/influxdb/__pycache__/helper.cpython-38.pyc
[  178s] Linking /home/abuild/rpmbuild/BUILDROOT/python-influxdb-5.3.1-2.2.riscv64/usr/lib/python3.8/site-packages/influxdb/__pycache__/exceptions.cpython-38.opt-1.pyc -> /home/abuild/rpmbuild/BUILDROOT/python-influxdb-5.3.1-2.2.riscv64/usr/lib/python3.8/site-packages/influxdb/__pycache__/exceptions.cpython-38.pyc
[  178s] Linking /home/abuild/rpmbuild/BUILDROOT/python-influxdb-5.3.1-2.2.riscv64/usr/lib/python3.8/site-packages/influxdb/__pycache__/line_protocol.cpython-38.opt-1.pyc -> /home/abuild/rpmbuild/BUILDROOT/python-influxdb-5.3.1-2.2.riscv64/usr/lib/python3.8/site-packages/influxdb/__pycache__/line_protocol.cpython-38.pyc
[  178s] Linking /home/abuild/rpmbuild/BUILDROOT/python-influxdb-5.3.1-2.2.riscv64/usr/lib/python3.8/site-packages/influxdb/__pycache__/chunked_json.cpython-38.opt-1.pyc -> /home/abuild/rpmbuild/BUILDROOT/python-influxdb-5.3.1-2.2.riscv64/usr/lib/python3.8/site-packages/influxdb/__pycache__/chunked_json.cpython-38.pyc
[  178s] Linking /home/abuild/rpmbuild/BUILDROOT/python-influxdb-5.3.1-2.2.riscv64/usr/lib/python3.8/site-packages/influxdb/__pycache__/dataframe_client.cpython-38.opt-1.pyc -> /home/abuild/rpmbuild/BUILDROOT/python-influxdb-5.3.1-2.2.riscv64/usr/lib/python3.8/site-packages/influxdb/__pycache__/dataframe_client.cpython-38.pyc
[  178s] Linking /home/abuild/rpmbuild/BUILDROOT/python-influxdb-5.3.1-2.2.riscv64/usr/lib/python3.8/site-packages/influxdb/__pycache__/__init__.cpython-38.opt-1.pyc -> /home/abuild/rpmbuild/BUILDROOT/python-influxdb-5.3.1-2.2.riscv64/usr/lib/python3.8/site-packages/influxdb/__pycache__/__init__.cpython-38.pyc
[  178s] Linking /home/abuild/rpmbuild/BUILDROOT/python-influxdb-5.3.1-2.2.riscv64/usr/lib/python3.8/site-packages/influxdb/__pycache__/_dataframe_client.cpython-38.opt-1.pyc -> /home/abuild/rpmbuild/BUILDROOT/python-influxdb-5.3.1-2.2.riscv64/usr/lib/python3.8/site-packages/influxdb/__pycache__/_dataframe_client.cpython-38.pyc
[  178s] Linking /home/abuild/rpmbuild/BUILDROOT/python-influxdb-5.3.1-2.2.riscv64/usr/lib/python3.8/site-packages/influxdb/tests/__pycache__/misc.cpython-38.opt-1.pyc -> /home/abuild/rpmbuild/BUILDROOT/python-influxdb-5.3.1-2.2.riscv64/usr/lib/python3.8/site-packages/influxdb/tests/__pycache__/misc.cpython-38.pyc
[  178s] Linking /home/abuild/rpmbuild/BUILDROOT/python-influxdb-5.3.1-2.2.riscv64/usr/lib/python3.8/site-packages/influxdb/tests/__pycache__/resultset_test.cpython-38.opt-1.pyc -> /home/abuild/rpmbuild/BUILDROOT/python-influxdb-5.3.1-2.2.riscv64/usr/lib/python3.8/site-packages/influxdb/tests/__pycache__/resultset_test.cpython-38.pyc
[  178s] Linking /home/abuild/rpmbuild/BUILDROOT/python-influxdb-5.3.1-2.2.riscv64/usr/lib/python3.8/site-packages/influxdb/tests/server_tests/__pycache__/base.cpython-38.opt-1.pyc -> /home/abuild/rpmbuild/BUILDROOT/python-influxdb-5.3.1-2.2.riscv64/usr/lib/python3.8/site-packages/influxdb/tests/server_tests/__pycache__/base.cpython-38.pyc
[  178s] Linking /home/abuild/rpmbuild/BUILDROOT/python-influxdb-5.3.1-2.2.riscv64/usr/lib/python3.8/site-packages/influxdb/tests/server_tests/__pycache__/__init__.cpython-38.opt-1.pyc -> /home/abuild/rpmbuild/BUILDROOT/python-influxdb-5.3.1-2.2.riscv64/usr/lib/python3.8/site-packages/influxdb/tests/server_tests/__pycache__/__init__.cpython-38.pyc
[  178s] Linking /home/abuild/rpmbuild/BUILDROOT/python-influxdb-5.3.1-2.2.riscv64/usr/lib/python3.8/site-packages/influxdb/tests/server_tests/__pycache__/influxdb_instance.cpython-38.opt-1.pyc -> /home/abuild/rpmbuild/BUILDROOT/python-influxdb-5.3.1-2.2.riscv64/usr/lib/python3.8/site-packages/influxdb/tests/server_tests/__pycache__/influxdb_instance.cpython-38.pyc
[  178s] Linking /home/abuild/rpmbuild/BUILDROOT/python-influxdb-5.3.1-2.2.riscv64/usr/lib/python3.8/site-packages/influxdb/tests/influxdb08/__pycache__/helper_test.cpython-38.opt-1.pyc -> /home/abuild/rpmbuild/BUILDROOT/python-influxdb-5.3.1-2.2.riscv64/usr/lib/python3.8/site-packages/influxdb/tests/influxdb08/__pycache__/helper_test.cpython-38.pyc
[  178s] Linking /home/abuild/rpmbuild/BUILDROOT/python-influxdb-5.3.1-2.2.riscv64/usr/lib/python3.8/site-packages/influxdb/tests/influxdb08/__pycache__/dataframe_client_test.cpython-38.opt-1.pyc -> /home/abuild/rpmbuild/BUILDROOT/python-influxdb-5.3.1-2.2.riscv64/usr/lib/python3.8/site-packages/influxdb/tests/influxdb08/__pycache__/dataframe_client_test.cpython-38.pyc
[  178s] Linking /home/abuild/rpmbuild/BUILDROOT/python-influxdb-5.3.1-2.2.riscv64/usr/lib/python3.8/site-packages/influxdb/tests/influxdb08/__pycache__/__init__.cpython-38.opt-1.pyc -> /home/abuild/rpmbuild/BUILDROOT/python-influxdb-5.3.1-2.2.riscv64/usr/lib/python3.8/site-packages/influxdb/tests/influxdb08/__pycache__/__init__.cpython-38.pyc
[  178s] Linking /home/abuild/rpmbuild/BUILDROOT/python-influxdb-5.3.1-2.2.riscv64/usr/lib/python3.8/site-packages/influxdb/tests/influxdb08/__pycache__/client_test.cpython-38.opt-1.pyc -> /home/abuild/rpmbuild/BUILDROOT/python-influxdb-5.3.1-2.2.riscv64/usr/lib/python3.8/site-packages/influxdb/tests/influxdb08/__pycache__/client_test.cpython-38.pyc
[  178s] Linking /home/abuild/rpmbuild/BUILDROOT/python-influxdb-5.3.1-2.2.riscv64/usr/lib/python3.8/site-packages/influxdb/influxdb08/__pycache__/helper.cpython-38.opt-1.pyc -> /home/abuild/rpmbuild/BUILDROOT/python-influxdb-5.3.1-2.2.riscv64/usr/lib/python3.8/site-packages/influxdb/influxdb08/__pycache__/helper.cpython-38.pyc
[  178s] Linking /home/abuild/rpmbuild/BUILDROOT/python-influxdb-5.3.1-2.2.riscv64/usr/lib/python3.8/site-packages/influxdb/influxdb08/__pycache__/client.cpython-38.opt-1.pyc -> /home/abuild/rpmbuild/BUILDROOT/python-influxdb-5.3.1-2.2.riscv64/usr/lib/python3.8/site-packages/influxdb/influxdb08/__pycache__/client.cpython-38.pyc
[  178s] Linking /home/abuild/rpmbuild/BUILDROOT/python-influxdb-5.3.1-2.2.riscv64/usr/lib/python3.8/site-packages/influxdb/influxdb08/__pycache__/dataframe_client.cpython-38.opt-1.pyc -> /home/abuild/rpmbuild/BUILDROOT/python-influxdb-5.3.1-2.2.riscv64/usr/lib/python3.8/site-packages/influxdb/influxdb08/__pycache__/dataframe_client.cpython-38.pyc
[  178s] Linking /home/abuild/rpmbuild/BUILDROOT/python-influxdb-5.3.1-2.2.riscv64/usr/lib/python3.8/site-packages/influxdb/influxdb08/__pycache__/__init__.cpython-38.opt-1.pyc -> /home/abuild/rpmbuild/BUILDROOT/python-influxdb-5.3.1-2.2.riscv64/usr/lib/python3.8/site-packages/influxdb/influxdb08/__pycache__/__init__.cpython-38.pyc
[  178s] Linking /home/abuild/rpmbuild/BUILDROOT/python-influxdb-5.3.1-2.2.riscv64/usr/lib/python3.8/site-packages/influxdb/influxdb08/__pycache__/chunked_json.cpython-38.opt-1.pyc -> /home/abuild/rpmbuild/BUILDROOT/python-influxdb-5.3.1-2.2.riscv64/usr/lib/python3.8/site-packages/influxdb/influxdb08/__pycache__/chunked_json.cpython-38.pyc
[  178s] ++ '[' -f _current_flavor ']'
[  178s] ++ cat _current_flavor
[  178s] + last_flavor=python38
[  178s] + '[' -z python38 ']'
[  178s] + '[' python38 '!=' python39 ']'
[  178s] + '[' -d build ']'
[  178s] + mv build _build.python38
[  178s] + '[' -d _build.python39 ']'
[  178s] + mv _build.python39 build
[  178s] + echo python39
[  178s] + python_flavor=python39
[  178s] + /usr/lib/rpm/fdupes_wrapper /home/abuild/rpmbuild/BUILDROOT/python-influxdb-5.3.1-2.2.riscv64/usr/lib/python3.9/site-packages
[  178s] Linking /home/abuild/rpmbuild/BUILDROOT/python-influxdb-5.3.1-2.2.riscv64/usr/lib/python3.9/site-packages/influxdb/__pycache__/resultset.cpython-39.opt-1.pyc -> /home/abuild/rpmbuild/BUILDROOT/python-influxdb-5.3.1-2.2.riscv64/usr/lib/python3.9/site-packages/influxdb/__pycache__/resultset.cpython-39.pyc
[  178s] Linking /home/abuild/rpmbuild/BUILDROOT/python-influxdb-5.3.1-2.2.riscv64/usr/lib/python3.9/site-packages/influxdb/__pycache__/helper.cpython-39.opt-1.pyc -> /home/abuild/rpmbuild/BUILDROOT/python-influxdb-5.3.1-2.2.riscv64/usr/lib/python3.9/site-packages/influxdb/__pycache__/helper.cpython-39.pyc
[  178s] Linking /home/abuild/rpmbuild/BUILDROOT/python-influxdb-5.3.1-2.2.riscv64/usr/lib/python3.9/site-packages/influxdb/__pycache__/exceptions.cpython-39.opt-1.pyc -> /home/abuild/rpmbuild/BUILDROOT/python-influxdb-5.3.1-2.2.riscv64/usr/lib/python3.9/site-packages/influxdb/__pycache__/exceptions.cpython-39.pyc
[  178s] Linking /home/abuild/rpmbuild/BUILDROOT/python-influxdb-5.3.1-2.2.riscv64/usr/lib/python3.9/site-packages/influxdb/__pycache__/line_protocol.cpython-39.opt-1.pyc -> /home/abuild/rpmbuild/BUILDROOT/python-influxdb-5.3.1-2.2.riscv64/usr/lib/python3.9/site-packages/influxdb/__pycache__/line_protocol.cpython-39.pyc
[  178s] Linking /home/abuild/rpmbuild/BUILDROOT/python-influxdb-5.3.1-2.2.riscv64/usr/lib/python3.9/site-packages/influxdb/__pycache__/chunked_json.cpython-39.opt-1.pyc -> /home/abuild/rpmbuild/BUILDROOT/python-influxdb-5.3.1-2.2.riscv64/usr/lib/python3.9/site-packages/influxdb/__pycache__/chunked_json.cpython-39.pyc
[  178s] Linking /home/abuild/rpmbuild/BUILDROOT/python-influxdb-5.3.1-2.2.riscv64/usr/lib/python3.9/site-packages/influxdb/__pycache__/dataframe_client.cpython-39.opt-1.pyc -> /home/abuild/rpmbuild/BUILDROOT/python-influxdb-5.3.1-2.2.riscv64/usr/lib/python3.9/site-packages/influxdb/__pycache__/dataframe_client.cpython-39.pyc
[  178s] Linking /home/abuild/rpmbuild/BUILDROOT/python-influxdb-5.3.1-2.2.riscv64/usr/lib/python3.9/site-packages/influxdb/__pycache__/__init__.cpython-39.opt-1.pyc -> /home/abuild/rpmbuild/BUILDROOT/python-influxdb-5.3.1-2.2.riscv64/usr/lib/python3.9/site-packages/influxdb/__pycache__/__init__.cpython-39.pyc
[  178s] Linking /home/abuild/rpmbuild/BUILDROOT/python-influxdb-5.3.1-2.2.riscv64/usr/lib/python3.9/site-packages/influxdb/__pycache__/_dataframe_client.cpython-39.opt-1.pyc -> /home/abuild/rpmbuild/BUILDROOT/python-influxdb-5.3.1-2.2.riscv64/usr/lib/python3.9/site-packages/influxdb/__pycache__/_dataframe_client.cpython-39.pyc
[  178s] Linking /home/abuild/rpmbuild/BUILDROOT/python-influxdb-5.3.1-2.2.riscv64/usr/lib/python3.9/site-packages/influxdb/tests/__pycache__/misc.cpython-39.opt-1.pyc -> /home/abuild/rpmbuild/BUILDROOT/python-influxdb-5.3.1-2.2.riscv64/usr/lib/python3.9/site-packages/influxdb/tests/__pycache__/misc.cpython-39.pyc
[  178s] Linking /home/abuild/rpmbuild/BUILDROOT/python-influxdb-5.3.1-2.2.riscv64/usr/lib/python3.9/site-packages/influxdb/tests/__pycache__/resultset_test.cpython-39.opt-1.pyc -> /home/abuild/rpmbuild/BUILDROOT/python-influxdb-5.3.1-2.2.riscv64/usr/lib/python3.9/site-packages/influxdb/tests/__pycache__/resultset_test.cpython-39.pyc
[  178s] Linking /home/abuild/rpmbuild/BUILDROOT/python-influxdb-5.3.1-2.2.riscv64/usr/lib/python3.9/site-packages/influxdb/tests/server_tests/__pycache__/base.cpython-39.opt-1.pyc -> /home/abuild/rpmbuild/BUILDROOT/python-influxdb-5.3.1-2.2.riscv64/usr/lib/python3.9/site-packages/influxdb/tests/server_tests/__pycache__/base.cpython-39.pyc
[  178s] Linking /home/abuild/rpmbuild/BUILDROOT/python-influxdb-5.3.1-2.2.riscv64/usr/lib/python3.9/site-packages/influxdb/tests/server_tests/__pycache__/__init__.cpython-39.opt-1.pyc -> /home/abuild/rpmbuild/BUILDROOT/python-influxdb-5.3.1-2.2.riscv64/usr/lib/python3.9/site-packages/influxdb/tests/server_tests/__pycache__/__init__.cpython-39.pyc
[  178s] Linking /home/abuild/rpmbuild/BUILDROOT/python-influxdb-5.3.1-2.2.riscv64/usr/lib/python3.9/site-packages/influxdb/tests/server_tests/__pycache__/influxdb_instance.cpython-39.opt-1.pyc -> /home/abuild/rpmbuild/BUILDROOT/python-influxdb-5.3.1-2.2.riscv64/usr/lib/python3.9/site-packages/influxdb/tests/server_tests/__pycache__/influxdb_instance.cpython-39.pyc
[  178s] Linking /home/abuild/rpmbuild/BUILDROOT/python-influxdb-5.3.1-2.2.riscv64/usr/lib/python3.9/site-packages/influxdb/tests/influxdb08/__pycache__/helper_test.cpython-39.opt-1.pyc -> /home/abuild/rpmbuild/BUILDROOT/python-influxdb-5.3.1-2.2.riscv64/usr/lib/python3.9/site-packages/influxdb/tests/influxdb08/__pycache__/helper_test.cpython-39.pyc
[  178s] Linking /home/abuild/rpmbuild/BUILDROOT/python-influxdb-5.3.1-2.2.riscv64/usr/lib/python3.9/site-packages/influxdb/tests/influxdb08/__pycache__/dataframe_client_test.cpython-39.opt-1.pyc -> /home/abuild/rpmbuild/BUILDROOT/python-influxdb-5.3.1-2.2.riscv64/usr/lib/python3.9/site-packages/influxdb/tests/influxdb08/__pycache__/dataframe_client_test.cpython-39.pyc
[  178s] Linking /home/abuild/rpmbuild/BUILDROOT/python-influxdb-5.3.1-2.2.riscv64/usr/lib/python3.9/site-packages/influxdb/tests/influxdb08/__pycache__/__init__.cpython-39.opt-1.pyc -> /home/abuild/rpmbuild/BUILDROOT/python-influxdb-5.3.1-2.2.riscv64/usr/lib/python3.9/site-packages/influxdb/tests/influxdb08/__pycache__/__init__.cpython-39.pyc
[  178s] Linking /home/abuild/rpmbuild/BUILDROOT/python-influxdb-5.3.1-2.2.riscv64/usr/lib/python3.9/site-packages/influxdb/tests/influxdb08/__pycache__/client_test.cpython-39.opt-1.pyc -> /home/abuild/rpmbuild/BUILDROOT/python-influxdb-5.3.1-2.2.riscv64/usr/lib/python3.9/site-packages/influxdb/tests/influxdb08/__pycache__/client_test.cpython-39.pyc
[  178s] Linking /home/abuild/rpmbuild/BUILDROOT/python-influxdb-5.3.1-2.2.riscv64/usr/lib/python3.9/site-packages/influxdb/influxdb08/__pycache__/helper.cpython-39.opt-1.pyc -> /home/abuild/rpmbuild/BUILDROOT/python-influxdb-5.3.1-2.2.riscv64/usr/lib/python3.9/site-packages/influxdb/influxdb08/__pycache__/helper.cpython-39.pyc
[  178s] Linking /home/abuild/rpmbuild/BUILDROOT/python-influxdb-5.3.1-2.2.riscv64/usr/lib/python3.9/site-packages/influxdb/influxdb08/__pycache__/client.cpython-39.opt-1.pyc -> /home/abuild/rpmbuild/BUILDROOT/python-influxdb-5.3.1-2.2.riscv64/usr/lib/python3.9/site-packages/influxdb/influxdb08/__pycache__/client.cpython-39.pyc
[  178s] Linking /home/abuild/rpmbuild/BUILDROOT/python-influxdb-5.3.1-2.2.riscv64/usr/lib/python3.9/site-packages/influxdb/influxdb08/__pycache__/dataframe_client.cpython-39.opt-1.pyc -> /home/abuild/rpmbuild/BUILDROOT/python-influxdb-5.3.1-2.2.riscv64/usr/lib/python3.9/site-packages/influxdb/influxdb08/__pycache__/dataframe_client.cpython-39.pyc
[  178s] Linking /home/abuild/rpmbuild/BUILDROOT/python-influxdb-5.3.1-2.2.riscv64/usr/lib/python3.9/site-packages/influxdb/influxdb08/__pycache__/__init__.cpython-39.opt-1.pyc -> /home/abuild/rpmbuild/BUILDROOT/python-influxdb-5.3.1-2.2.riscv64/usr/lib/python3.9/site-packages/influxdb/influxdb08/__pycache__/__init__.cpython-39.pyc
[  178s] Linking /home/abuild/rpmbuild/BUILDROOT/python-influxdb-5.3.1-2.2.riscv64/usr/lib/python3.9/site-packages/influxdb/influxdb08/__pycache__/chunked_json.cpython-39.opt-1.pyc -> /home/abuild/rpmbuild/BUILDROOT/python-influxdb-5.3.1-2.2.riscv64/usr/lib/python3.9/site-packages/influxdb/influxdb08/__pycache__/chunked_json.cpython-39.pyc
[  178s] ++ '[' -f _current_flavor ']'
[  178s] ++ cat _current_flavor
[  178s] + last_flavor=python39
[  178s] + '[' -z python39 ']'
[  178s] + '[' python39 '!=' python311 ']'
[  178s] + '[' -d build ']'
[  178s] + mv build _build.python39
[  178s] + '[' -d _build.python311 ']'
[  178s] + mv _build.python311 build
[  178s] + echo python311
[  178s] + python_flavor=python311
[  178s] + /usr/lib/rpm/fdupes_wrapper /home/abuild/rpmbuild/BUILDROOT/python-influxdb-5.3.1-2.2.riscv64/usr/lib/python3.11/site-packages
[  179s] Linking /home/abuild/rpmbuild/BUILDROOT/python-influxdb-5.3.1-2.2.riscv64/usr/lib/python3.11/site-packages/influxdb/__pycache__/resultset.cpython-311.opt-1.pyc -> /home/abuild/rpmbuild/BUILDROOT/python-influxdb-5.3.1-2.2.riscv64/usr/lib/python3.11/site-packages/influxdb/__pycache__/resultset.cpython-311.pyc
[  179s] Linking /home/abuild/rpmbuild/BUILDROOT/python-influxdb-5.3.1-2.2.riscv64/usr/lib/python3.11/site-packages/influxdb/__pycache__/helper.cpython-311.opt-1.pyc -> /home/abuild/rpmbuild/BUILDROOT/python-influxdb-5.3.1-2.2.riscv64/usr/lib/python3.11/site-packages/influxdb/__pycache__/helper.cpython-311.pyc
[  179s] Linking /home/abuild/rpmbuild/BUILDROOT/python-influxdb-5.3.1-2.2.riscv64/usr/lib/python3.11/site-packages/influxdb/__pycache__/exceptions.cpython-311.opt-1.pyc -> /home/abuild/rpmbuild/BUILDROOT/python-influxdb-5.3.1-2.2.riscv64/usr/lib/python3.11/site-packages/influxdb/__pycache__/exceptions.cpython-311.pyc
[  179s] Linking /home/abuild/rpmbuild/BUILDROOT/python-influxdb-5.3.1-2.2.riscv64/usr/lib/python3.11/site-packages/influxdb/__pycache__/line_protocol.cpython-311.opt-1.pyc -> /home/abuild/rpmbuild/BUILDROOT/python-influxdb-5.3.1-2.2.riscv64/usr/lib/python3.11/site-packages/influxdb/__pycache__/line_protocol.cpython-311.pyc
[  179s] Linking /home/abuild/rpmbuild/BUILDROOT/python-influxdb-5.3.1-2.2.riscv64/usr/lib/python3.11/site-packages/influxdb/__pycache__/client.cpython-311.opt-1.pyc -> /home/abuild/rpmbuild/BUILDROOT/python-influxdb-5.3.1-2.2.riscv64/usr/lib/python3.11/site-packages/influxdb/__pycache__/client.cpython-311.pyc
[  179s] Linking /home/abuild/rpmbuild/BUILDROOT/python-influxdb-5.3.1-2.2.riscv64/usr/lib/python3.11/site-packages/influxdb/__pycache__/chunked_json.cpython-311.opt-1.pyc -> /home/abuild/rpmbuild/BUILDROOT/python-influxdb-5.3.1-2.2.riscv64/usr/lib/python3.11/site-packages/influxdb/__pycache__/chunked_json.cpython-311.pyc
[  179s] Linking /home/abuild/rpmbuild/BUILDROOT/python-influxdb-5.3.1-2.2.riscv64/usr/lib/python3.11/site-packages/influxdb/__pycache__/dataframe_client.cpython-311.opt-1.pyc -> /home/abuild/rpmbuild/BUILDROOT/python-influxdb-5.3.1-2.2.riscv64/usr/lib/python3.11/site-packages/influxdb/__pycache__/dataframe_client.cpython-311.pyc
[  179s] Linking /home/abuild/rpmbuild/BUILDROOT/python-influxdb-5.3.1-2.2.riscv64/usr/lib/python3.11/site-packages/influxdb/__pycache__/__init__.cpython-311.opt-1.pyc -> /home/abuild/rpmbuild/BUILDROOT/python-influxdb-5.3.1-2.2.riscv64/usr/lib/python3.11/site-packages/influxdb/__pycache__/__init__.cpython-311.pyc
[  179s] Linking /home/abuild/rpmbuild/BUILDROOT/python-influxdb-5.3.1-2.2.riscv64/usr/lib/python3.11/site-packages/influxdb/__pycache__/_dataframe_client.cpython-311.opt-1.pyc -> /home/abuild/rpmbuild/BUILDROOT/python-influxdb-5.3.1-2.2.riscv64/usr/lib/python3.11/site-packages/influxdb/__pycache__/_dataframe_client.cpython-311.pyc
[  179s] Linking /home/abuild/rpmbuild/BUILDROOT/python-influxdb-5.3.1-2.2.riscv64/usr/lib/python3.11/site-packages/influxdb/tests/__pycache__/test_line_protocol.cpython-311.opt-1.pyc -> /home/abuild/rpmbuild/BUILDROOT/python-influxdb-5.3.1-2.2.riscv64/usr/lib/python3.11/site-packages/influxdb/tests/__pycache__/test_line_protocol.cpython-311.pyc
[  179s] Linking /home/abuild/rpmbuild/BUILDROOT/python-influxdb-5.3.1-2.2.riscv64/usr/lib/python3.11/site-packages/influxdb/tests/__pycache__/misc.cpython-311.opt-1.pyc -> /home/abuild/rpmbuild/BUILDROOT/python-influxdb-5.3.1-2.2.riscv64/usr/lib/python3.11/site-packages/influxdb/tests/__pycache__/misc.cpython-311.pyc
[  179s] Linking /home/abuild/rpmbuild/BUILDROOT/python-influxdb-5.3.1-2.2.riscv64/usr/lib/python3.11/site-packages/influxdb/tests/__pycache__/helper_test.cpython-311.opt-1.pyc -> /home/abuild/rpmbuild/BUILDROOT/python-influxdb-5.3.1-2.2.riscv64/usr/lib/python3.11/site-packages/influxdb/tests/__pycache__/helper_test.cpython-311.pyc
[  179s] Linking /home/abuild/rpmbuild/BUILDROOT/python-influxdb-5.3.1-2.2.riscv64/usr/lib/python3.11/site-packages/influxdb/tests/__pycache__/resultset_test.cpython-311.opt-1.pyc -> /home/abuild/rpmbuild/BUILDROOT/python-influxdb-5.3.1-2.2.riscv64/usr/lib/python3.11/site-packages/influxdb/tests/__pycache__/resultset_test.cpython-311.pyc
[  179s] Linking /home/abuild/rpmbuild/BUILDROOT/python-influxdb-5.3.1-2.2.riscv64/usr/lib/python3.11/site-packages/influxdb/tests/__pycache__/client_test.cpython-311.opt-1.pyc -> /home/abuild/rpmbuild/BUILDROOT/python-influxdb-5.3.1-2.2.riscv64/usr/lib/python3.11/site-packages/influxdb/tests/__pycache__/client_test.cpython-311.pyc
[  179s] Linking /home/abuild/rpmbuild/BUILDROOT/python-influxdb-5.3.1-2.2.riscv64/usr/lib/python3.11/site-packages/influxdb/tests/__pycache__/dataframe_client_test.cpython-311.opt-1.pyc -> /home/abuild/rpmbuild/BUILDROOT/python-influxdb-5.3.1-2.2.riscv64/usr/lib/python3.11/site-packages/influxdb/tests/__pycache__/dataframe_client_test.cpython-311.pyc
[  179s] Linking /home/abuild/rpmbuild/BUILDROOT/python-influxdb-5.3.1-2.2.riscv64/usr/lib/python3.11/site-packages/influxdb/tests/__pycache__/__init__.cpython-311.opt-1.pyc -> /home/abuild/rpmbuild/BUILDROOT/python-influxdb-5.3.1-2.2.riscv64/usr/lib/python3.11/site-packages/influxdb/tests/__pycache__/__init__.cpython-311.pyc
[  179s] Linking /home/abuild/rpmbuild/BUILDROOT/python-influxdb-5.3.1-2.2.riscv64/usr/lib/python3.11/site-packages/influxdb/tests/__pycache__/chunked_json_test.cpython-311.opt-1.pyc -> /home/abuild/rpmbuild/BUILDROOT/python-influxdb-5.3.1-2.2.riscv64/usr/lib/python3.11/site-packages/influxdb/tests/__pycache__/chunked_json_test.cpython-311.pyc
[  179s] Linking /home/abuild/rpmbuild/BUILDROOT/python-influxdb-5.3.1-2.2.riscv64/usr/lib/python3.11/site-packages/influxdb/tests/server_tests/__pycache__/influxdb_instance.cpython-311.opt-1.pyc -> /home/abuild/rpmbuild/BUILDROOT/python-influxdb-5.3.1-2.2.riscv64/usr/lib/python3.11/site-packages/influxdb/tests/server_tests/__pycache__/influxdb_instance.cpython-311.pyc
[  179s] Linking /home/abuild/rpmbuild/BUILDROOT/python-influxdb-5.3.1-2.2.riscv64/usr/lib/python3.11/site-packages/influxdb/tests/server_tests/__pycache__/base.cpython-311.opt-1.pyc -> /home/abuild/rpmbuild/BUILDROOT/python-influxdb-5.3.1-2.2.riscv64/usr/lib/python3.11/site-packages/influxdb/tests/server_tests/__pycache__/base.cpython-311.pyc
[  179s] Linking /home/abuild/rpmbuild/BUILDROOT/python-influxdb-5.3.1-2.2.riscv64/usr/lib/python3.11/site-packages/influxdb/tests/server_tests/__pycache__/__init__.cpython-311.opt-1.pyc -> /home/abuild/rpmbuild/BUILDROOT/python-influxdb-5.3.1-2.2.riscv64/usr/lib/python3.11/site-packages/influxdb/tests/server_tests/__pycache__/__init__.cpython-311.pyc
[  179s] Linking /home/abuild/rpmbuild/BUILDROOT/python-influxdb-5.3.1-2.2.riscv64/usr/lib/python3.11/site-packages/influxdb/tests/server_tests/__pycache__/client_test_with_server.cpython-311.opt-1.pyc -> /home/abuild/rpmbuild/BUILDROOT/python-influxdb-5.3.1-2.2.riscv64/usr/lib/python3.11/site-packages/influxdb/tests/server_tests/__pycache__/client_test_with_server.cpython-311.pyc
[  179s] Linking /home/abuild/rpmbuild/BUILDROOT/python-influxdb-5.3.1-2.2.riscv64/usr/lib/python3.11/site-packages/influxdb/tests/influxdb08/__pycache__/helper_test.cpython-311.opt-1.pyc -> /home/abuild/rpmbuild/BUILDROOT/python-influxdb-5.3.1-2.2.riscv64/usr/lib/python3.11/site-packages/influxdb/tests/influxdb08/__pycache__/helper_test.cpython-311.pyc
[  179s] Linking /home/abuild/rpmbuild/BUILDROOT/python-influxdb-5.3.1-2.2.riscv64/usr/lib/python3.11/site-packages/influxdb/tests/influxdb08/__pycache__/client_test.cpython-311.opt-1.pyc -> /home/abuild/rpmbuild/BUILDROOT/python-influxdb-5.3.1-2.2.riscv64/usr/lib/python3.11/site-packages/influxdb/tests/influxdb08/__pycache__/client_test.cpython-311.pyc
[  179s] Linking /home/abuild/rpmbuild/BUILDROOT/python-influxdb-5.3.1-2.2.riscv64/usr/lib/python3.11/site-packages/influxdb/tests/influxdb08/__pycache__/__init__.cpython-311.opt-1.pyc -> /home/abuild/rpmbuild/BUILDROOT/python-influxdb-5.3.1-2.2.riscv64/usr/lib/python3.11/site-packages/influxdb/tests/influxdb08/__pycache__/__init__.cpython-311.pyc
[  179s] Linking /home/abuild/rpmbuild/BUILDROOT/python-influxdb-5.3.1-2.2.riscv64/usr/lib/python3.11/site-packages/influxdb/tests/influxdb08/__pycache__/dataframe_client_test.cpython-311.opt-1.pyc -> /home/abuild/rpmbuild/BUILDROOT/python-influxdb-5.3.1-2.2.riscv64/usr/lib/python3.11/site-packages/influxdb/tests/influxdb08/__pycache__/dataframe_client_test.cpython-311.pyc
[  179s] Linking /home/abuild/rpmbuild/BUILDROOT/python-influxdb-5.3.1-2.2.riscv64/usr/lib/python3.11/site-packages/influxdb/influxdb08/__pycache__/helper.cpython-311.opt-1.pyc -> /home/abuild/rpmbuild/BUILDROOT/python-influxdb-5.3.1-2.2.riscv64/usr/lib/python3.11/site-packages/influxdb/influxdb08/__pycache__/helper.cpython-311.pyc
[  179s] Linking /home/abuild/rpmbuild/BUILDROOT/python-influxdb-5.3.1-2.2.riscv64/usr/lib/python3.11/site-packages/influxdb/influxdb08/__pycache__/client.cpython-311.opt-1.pyc -> /home/abuild/rpmbuild/BUILDROOT/python-influxdb-5.3.1-2.2.riscv64/usr/lib/python3.11/site-packages/influxdb/influxdb08/__pycache__/client.cpython-311.pyc
[  179s] Linking /home/abuild/rpmbuild/BUILDROOT/python-influxdb-5.3.1-2.2.riscv64/usr/lib/python3.11/site-packages/influxdb/influxdb08/__pycache__/dataframe_client.cpython-311.opt-1.pyc -> /home/abuild/rpmbuild/BUILDROOT/python-influxdb-5.3.1-2.2.riscv64/usr/lib/python3.11/site-packages/influxdb/influxdb08/__pycache__/dataframe_client.cpython-311.pyc
[  179s] Linking /home/abuild/rpmbuild/BUILDROOT/python-influxdb-5.3.1-2.2.riscv64/usr/lib/python3.11/site-packages/influxdb/influxdb08/__pycache__/__init__.cpython-311.opt-1.pyc -> /home/abuild/rpmbuild/BUILDROOT/python-influxdb-5.3.1-2.2.riscv64/usr/lib/python3.11/site-packages/influxdb/influxdb08/__pycache__/__init__.cpython-311.pyc
[  179s] Linking /home/abuild/rpmbuild/BUILDROOT/python-influxdb-5.3.1-2.2.riscv64/usr/lib/python3.11/site-packages/influxdb/influxdb08/__pycache__/chunked_json.cpython-311.opt-1.pyc -> /home/abuild/rpmbuild/BUILDROOT/python-influxdb-5.3.1-2.2.riscv64/usr/lib/python3.11/site-packages/influxdb/influxdb08/__pycache__/chunked_json.cpython-311.pyc
[  179s] ++ '[' -f _current_flavor ']'
[  179s] ++ cat _current_flavor
[  179s] + last_flavor=python311
[  179s] + '[' -z python311 ']'
[  179s] + '[' python311 '!=' python310 ']'
[  179s] + '[' -d build ']'
[  179s] + mv build _build.python311
[  179s] + '[' -d _build.python310 ']'
[  179s] + mv _build.python310 build
[  179s] + echo python310
[  179s] + python_flavor=python310
[  179s] + /usr/lib/rpm/fdupes_wrapper /home/abuild/rpmbuild/BUILDROOT/python-influxdb-5.3.1-2.2.riscv64/usr/lib/python3.10/site-packages
[  179s] Linking /home/abuild/rpmbuild/BUILDROOT/python-influxdb-5.3.1-2.2.riscv64/usr/lib/python3.10/site-packages/influxdb/__pycache__/resultset.cpython-310.opt-1.pyc -> /home/abuild/rpmbuild/BUILDROOT/python-influxdb-5.3.1-2.2.riscv64/usr/lib/python3.10/site-packages/influxdb/__pycache__/resultset.cpython-310.pyc
[  179s] Linking /home/abuild/rpmbuild/BUILDROOT/python-influxdb-5.3.1-2.2.riscv64/usr/lib/python3.10/site-packages/influxdb/__pycache__/helper.cpython-310.opt-1.pyc -> /home/abuild/rpmbuild/BUILDROOT/python-influxdb-5.3.1-2.2.riscv64/usr/lib/python3.10/site-packages/influxdb/__pycache__/helper.cpython-310.pyc
[  179s] Linking /home/abuild/rpmbuild/BUILDROOT/python-influxdb-5.3.1-2.2.riscv64/usr/lib/python3.10/site-packages/influxdb/__pycache__/exceptions.cpython-310.opt-1.pyc -> /home/abuild/rpmbuild/BUILDROOT/python-influxdb-5.3.1-2.2.riscv64/usr/lib/python3.10/site-packages/influxdb/__pycache__/exceptions.cpython-310.pyc
[  179s] Linking /home/abuild/rpmbuild/BUILDROOT/python-influxdb-5.3.1-2.2.riscv64/usr/lib/python3.10/site-packages/influxdb/__pycache__/line_protocol.cpython-310.opt-1.pyc -> /home/abuild/rpmbuild/BUILDROOT/python-influxdb-5.3.1-2.2.riscv64/usr/lib/python3.10/site-packages/influxdb/__pycache__/line_protocol.cpython-310.pyc
[  179s] Linking /home/abuild/rpmbuild/BUILDROOT/python-influxdb-5.3.1-2.2.riscv64/usr/lib/python3.10/site-packages/influxdb/__pycache__/chunked_json.cpython-310.opt-1.pyc -> /home/abuild/rpmbuild/BUILDROOT/python-influxdb-5.3.1-2.2.riscv64/usr/lib/python3.10/site-packages/influxdb/__pycache__/chunked_json.cpython-310.pyc
[  179s] Linking /home/abuild/rpmbuild/BUILDROOT/python-influxdb-5.3.1-2.2.riscv64/usr/lib/python3.10/site-packages/influxdb/__pycache__/dataframe_client.cpython-310.opt-1.pyc -> /home/abuild/rpmbuild/BUILDROOT/python-influxdb-5.3.1-2.2.riscv64/usr/lib/python3.10/site-packages/influxdb/__pycache__/dataframe_client.cpython-310.pyc
[  179s] Linking /home/abuild/rpmbuild/BUILDROOT/python-influxdb-5.3.1-2.2.riscv64/usr/lib/python3.10/site-packages/influxdb/__pycache__/__init__.cpython-310.opt-1.pyc -> /home/abuild/rpmbuild/BUILDROOT/python-influxdb-5.3.1-2.2.riscv64/usr/lib/python3.10/site-packages/influxdb/__pycache__/__init__.cpython-310.pyc
[  179s] Linking /home/abuild/rpmbuild/BUILDROOT/python-influxdb-5.3.1-2.2.riscv64/usr/lib/python3.10/site-packages/influxdb/__pycache__/_dataframe_client.cpython-310.opt-1.pyc -> /home/abuild/rpmbuild/BUILDROOT/python-influxdb-5.3.1-2.2.riscv64/usr/lib/python3.10/site-packages/influxdb/__pycache__/_dataframe_client.cpython-310.pyc
[  179s] Linking /home/abuild/rpmbuild/BUILDROOT/python-influxdb-5.3.1-2.2.riscv64/usr/lib/python3.10/site-packages/influxdb/tests/__pycache__/misc.cpython-310.opt-1.pyc -> /home/abuild/rpmbuild/BUILDROOT/python-influxdb-5.3.1-2.2.riscv64/usr/lib/python3.10/site-packages/influxdb/tests/__pycache__/misc.cpython-310.pyc
[  179s] Linking /home/abuild/rpmbuild/BUILDROOT/python-influxdb-5.3.1-2.2.riscv64/usr/lib/python3.10/site-packages/influxdb/tests/__pycache__/resultset_test.cpython-310.opt-1.pyc -> /home/abuild/rpmbuild/BUILDROOT/python-influxdb-5.3.1-2.2.riscv64/usr/lib/python3.10/site-packages/influxdb/tests/__pycache__/resultset_test.cpython-310.pyc
[  179s] Linking /home/abuild/rpmbuild/BUILDROOT/python-influxdb-5.3.1-2.2.riscv64/usr/lib/python3.10/site-packages/influxdb/tests/server_tests/__pycache__/influxdb_instance.cpython-310.opt-1.pyc -> /home/abuild/rpmbuild/BUILDROOT/python-influxdb-5.3.1-2.2.riscv64/usr/lib/python3.10/site-packages/influxdb/tests/server_tests/__pycache__/influxdb_instance.cpython-310.pyc
[  179s] Linking /home/abuild/rpmbuild/BUILDROOT/python-influxdb-5.3.1-2.2.riscv64/usr/lib/python3.10/site-packages/influxdb/tests/server_tests/__pycache__/base.cpython-310.opt-1.pyc -> /home/abuild/rpmbuild/BUILDROOT/python-influxdb-5.3.1-2.2.riscv64/usr/lib/python3.10/site-packages/influxdb/tests/server_tests/__pycache__/base.cpython-310.pyc
[  179s] Linking /home/abuild/rpmbuild/BUILDROOT/python-influxdb-5.3.1-2.2.riscv64/usr/lib/python3.10/site-packages/influxdb/tests/server_tests/__pycache__/__init__.cpython-310.opt-1.pyc -> /home/abuild/rpmbuild/BUILDROOT/python-influxdb-5.3.1-2.2.riscv64/usr/lib/python3.10/site-packages/influxdb/tests/server_tests/__pycache__/__init__.cpython-310.pyc
[  179s] Linking /home/abuild/rpmbuild/BUILDROOT/python-influxdb-5.3.1-2.2.riscv64/usr/lib/python3.10/site-packages/influxdb/tests/influxdb08/__pycache__/helper_test.cpython-310.opt-1.pyc -> /home/abuild/rpmbuild/BUILDROOT/python-influxdb-5.3.1-2.2.riscv64/usr/lib/python3.10/site-packages/influxdb/tests/influxdb08/__pycache__/helper_test.cpython-310.pyc
[  179s] Linking /home/abuild/rpmbuild/BUILDROOT/python-influxdb-5.3.1-2.2.riscv64/usr/lib/python3.10/site-packages/influxdb/tests/influxdb08/__pycache__/client_test.cpython-310.opt-1.pyc -> /home/abuild/rpmbuild/BUILDROOT/python-influxdb-5.3.1-2.2.riscv64/usr/lib/python3.10/site-packages/influxdb/tests/influxdb08/__pycache__/client_test.cpython-310.pyc
[  179s] Linking /home/abuild/rpmbuild/BUILDROOT/python-influxdb-5.3.1-2.2.riscv64/usr/lib/python3.10/site-packages/influxdb/tests/influxdb08/__pycache__/__init__.cpython-310.opt-1.pyc -> /home/abuild/rpmbuild/BUILDROOT/python-influxdb-5.3.1-2.2.riscv64/usr/lib/python3.10/site-packages/influxdb/tests/influxdb08/__pycache__/__init__.cpython-310.pyc
[  179s] Linking /home/abuild/rpmbuild/BUILDROOT/python-influxdb-5.3.1-2.2.riscv64/usr/lib/python3.10/site-packages/influxdb/tests/influxdb08/__pycache__/dataframe_client_test.cpython-310.opt-1.pyc -> /home/abuild/rpmbuild/BUILDROOT/python-influxdb-5.3.1-2.2.riscv64/usr/lib/python3.10/site-packages/influxdb/tests/influxdb08/__pycache__/dataframe_client_test.cpython-310.pyc
[  179s] Linking /home/abuild/rpmbuild/BUILDROOT/python-influxdb-5.3.1-2.2.riscv64/usr/lib/python3.10/site-packages/influxdb/influxdb08/__pycache__/helper.cpython-310.opt-1.pyc -> /home/abuild/rpmbuild/BUILDROOT/python-influxdb-5.3.1-2.2.riscv64/usr/lib/python3.10/site-packages/influxdb/influxdb08/__pycache__/helper.cpython-310.pyc
[  179s] Linking /home/abuild/rpmbuild/BUILDROOT/python-influxdb-5.3.1-2.2.riscv64/usr/lib/python3.10/site-packages/influxdb/influxdb08/__pycache__/client.cpython-310.opt-1.pyc -> /home/abuild/rpmbuild/BUILDROOT/python-influxdb-5.3.1-2.2.riscv64/usr/lib/python3.10/site-packages/influxdb/influxdb08/__pycache__/client.cpython-310.pyc
[  179s] Linking /home/abuild/rpmbuild/BUILDROOT/python-influxdb-5.3.1-2.2.riscv64/usr/lib/python3.10/site-packages/influxdb/influxdb08/__pycache__/dataframe_client.cpython-310.opt-1.pyc -> /home/abuild/rpmbuild/BUILDROOT/python-influxdb-5.3.1-2.2.riscv64/usr/lib/python3.10/site-packages/influxdb/influxdb08/__pycache__/dataframe_client.cpython-310.pyc
[  179s] Linking /home/abuild/rpmbuild/BUILDROOT/python-influxdb-5.3.1-2.2.riscv64/usr/lib/python3.10/site-packages/influxdb/influxdb08/__pycache__/__init__.cpython-310.opt-1.pyc -> /home/abuild/rpmbuild/BUILDROOT/python-influxdb-5.3.1-2.2.riscv64/usr/lib/python3.10/site-packages/influxdb/influxdb08/__pycache__/__init__.cpython-310.pyc
[  179s] Linking /home/abuild/rpmbuild/BUILDROOT/python-influxdb-5.3.1-2.2.riscv64/usr/lib/python3.10/site-packages/influxdb/influxdb08/__pycache__/chunked_json.cpython-310.opt-1.pyc -> /home/abuild/rpmbuild/BUILDROOT/python-influxdb-5.3.1-2.2.riscv64/usr/lib/python3.10/site-packages/influxdb/influxdb08/__pycache__/chunked_json.cpython-310.pyc
[  179s] + /usr/lib/rpm/find-debuginfo -j6 -n --run-dwz --dwz-low-mem-die-limit 10000000 --dwz-max-die-limit 50000000 -S debugsourcefiles.list /home/abuild/rpmbuild/BUILD/influxdb-5.3.1
[  179s] + /usr/lib/rpm/brp-compress
[  179s] + /usr/lib/rpm/brp-suse
[  179s] calling /usr/lib/rpm/brp-suse.d/brp-05-permissions
[  179s] calling /usr/lib/rpm/brp-suse.d/brp-15-strip-debug
[  180s] calling /usr/lib/rpm/brp-suse.d/brp-25-symlink
[  180s] calling /usr/lib/rpm/brp-suse.d/brp-50-generate-fips-hmac
[  180s] calling /usr/lib/rpm/brp-suse.d/brp-75-ar
[  180s] Executing(%check): /usr/bin/bash -e /var/tmp/rpm-tmp.Ab9I2Q
[  180s] + umask 022
[  180s] + cd /home/abuild/rpmbuild/BUILD
[  180s] + cd influxdb-5.3.1
[  180s] + donttest='test_write_points_from_dataframe_with_nan_json or test_write_points_from_dataframe_with_tags_and_nan_json'
[  180s] + set +x
[  180s] Using libalternatives variant 38 for f2py in XDG_CONFIG_HOME during Python 3.8 expansions.
[  180s] Using libalternatives variant 38 for py.test in XDG_CONFIG_HOME during Python 3.8 expansions.
[  180s] Using libalternatives variant 38 for pytest in XDG_CONFIG_HOME during Python 3.8 expansions.
[  181s] Using alternative normalizer-3.8 for normalizer in ./build/flavorbin during Python 3.8 expansions.
[  181s] Using libalternatives variant 39 for f2py in XDG_CONFIG_HOME during Python 3.9 expansions.
[  181s] Using libalternatives variant 39 for py.test in XDG_CONFIG_HOME during Python 3.9 expansions.
[  181s] Using libalternatives variant 39 for pytest in XDG_CONFIG_HOME during Python 3.9 expansions.
[  181s] Using alternative normalizer-3.9 for normalizer in ./build/flavorbin during Python 3.9 expansions.
[  182s] Using libalternatives variant 311 for f2py in XDG_CONFIG_HOME during Python 3.11 expansions.
[  182s] Using libalternatives variant 311 for py.test in XDG_CONFIG_HOME during Python 3.11 expansions.
[  182s] Using libalternatives variant 311 for pytest in XDG_CONFIG_HOME during Python 3.11 expansions.
[  182s] Using alternative normalizer-3.11 for normalizer in ./build/flavorbin during Python 3.11 expansions.
[  182s] Using alternative normalizer-3.10 for normalizer in ./build/flavorbin during Python 3.10 expansions.
[  183s] + export PATH=/home/abuild/rpmbuild/BUILD/influxdb-5.3.1/build/flavorbin:/usr/local/bin:/usr/bin:/bin
[  183s] + PATH=/home/abuild/rpmbuild/BUILD/influxdb-5.3.1/build/flavorbin:/usr/local/bin:/usr/bin:/bin
[  183s] ++ '[' -f _current_flavor ']'
[  183s] ++ cat _current_flavor
[  183s] + last_flavor=python310
[  183s] + '[' -z python310 ']'
[  183s] + '[' python310 '!=' python38 ']'
[  183s] + '[' -d build ']'
[  183s] + mv build _build.python310
[  183s] + '[' -d _build.python38 ']'
[  183s] + mv _build.python38 build
[  183s] + echo python38
[  183s] + python_flavor=python38
[  183s] + PYTHONPATH=/home/abuild/rpmbuild/BUILDROOT/python-influxdb-5.3.1-2.2.riscv64/usr/lib/python3.8/site-packages
[  183s] + PYTHONDONTWRITEBYTECODE=1
[  183s] + pytest-3.8 --ignore=_build.python38 --ignore=_build.python39 --ignore=_build.python311 --ignore=_build.python310 -v influxdb -k 'not (test_write_points_from_dataframe_with_nan_json or test_write_points_from_dataframe_with_tags_and_nan_json)'
[  186s] ============================= test session starts ==============================
[  186s] platform linux -- Python 3.8.16, pytest-7.2.0, pluggy-1.0.0 -- /usr/bin/python3.8
[  186s] cachedir: .pytest_cache
[  186s] rootdir: /home/abuild/rpmbuild/BUILD/influxdb-5.3.1
[  186s] plugins: requests-mock-1.10.0
[  190s] collecting ... collected 231 items / 2 deselected / 229 selected
[  190s] 
[  190s] influxdb/tests/chunked_json_test.py::TestChunkJson::test_load PASSED     [  0%]
[  190s] influxdb/tests/client_test.py::TestInfluxDBClient::test_alter_retention_policy PASSED [  0%]
[  190s] influxdb/tests/client_test.py::TestInfluxDBClient::test_alter_retention_policy_invalid PASSED [  1%]
[  190s] influxdb/tests/client_test.py::TestInfluxDBClient::test_auth_default PASSED [  1%]
[  190s] influxdb/tests/client_test.py::TestInfluxDBClient::test_auth_token PASSED [  2%]
[  190s] influxdb/tests/client_test.py::TestInfluxDBClient::test_auth_username_password PASSED [  2%]
[  190s] influxdb/tests/client_test.py::TestInfluxDBClient::test_auth_username_password_none PASSED [  3%]
[  190s] influxdb/tests/client_test.py::TestInfluxDBClient::test_cert PASSED      [  3%]
[  190s] influxdb/tests/client_test.py::TestInfluxDBClient::test_chunked_response PASSED [  3%]
[  190s] influxdb/tests/client_test.py::TestInfluxDBClient::test_create_continuous_query PASSED [  4%]
[  190s] influxdb/tests/client_test.py::TestInfluxDBClient::test_create_continuous_query_fails PASSED [  4%]
[  190s] influxdb/tests/client_test.py::TestInfluxDBClient::test_create_database PASSED [  5%]
[  190s] influxdb/tests/client_test.py::TestInfluxDBClient::test_create_database_fails PASSED [  5%]
[  190s] influxdb/tests/client_test.py::TestInfluxDBClient::test_create_numeric_named_database PASSED [  6%]
[  190s] influxdb/tests/client_test.py::TestInfluxDBClient::test_create_retention_policy PASSED [  6%]
[  190s] influxdb/tests/client_test.py::TestInfluxDBClient::test_create_retention_policy_default PASSED [  6%]
[  190s] influxdb/tests/client_test.py::TestInfluxDBClient::test_create_retention_policy_shard_duration PASSED [  7%]
[  190s] influxdb/tests/client_test.py::TestInfluxDBClient::test_create_retention_policy_shard_duration_default PASSED [  7%]
[  190s] influxdb/tests/client_test.py::TestInfluxDBClient::test_drop_continuous_query PASSED [  8%]
[  190s] influxdb/tests/client_test.py::TestInfluxDBClient::test_drop_continuous_query_fails PASSED [  8%]
[  190s] influxdb/tests/client_test.py::TestInfluxDBClient::test_drop_database PASSED [  9%]
[  190s] influxdb/tests/client_test.py::TestInfluxDBClient::test_drop_measurement PASSED [  9%]
[  190s] influxdb/tests/client_test.py::TestInfluxDBClient::test_drop_numeric_named_database PASSED [ 10%]
[  190s] influxdb/tests/client_test.py::TestInfluxDBClient::test_drop_retention_policy PASSED [ 10%]
[  190s] influxdb/tests/client_test.py::TestInfluxDBClient::test_drop_retention_policy_fails PASSED [ 10%]
[  190s] influxdb/tests/client_test.py::TestInfluxDBClient::test_dsn PASSED       [ 11%]
[  190s] influxdb/tests/client_test.py::TestInfluxDBClient::test_get_list_continuous_queries PASSED [ 11%]
[  190s] influxdb/tests/client_test.py::TestInfluxDBClient::test_get_list_continuous_queries_fails PASSED [ 12%]
[  191s] influxdb/tests/client_test.py::TestInfluxDBClient::test_get_list_database PASSED [ 12%]
[  191s] influxdb/tests/client_test.py::TestInfluxDBClient::test_get_list_database_fails PASSED [ 13%]
[  191s] influxdb/tests/client_test.py::TestInfluxDBClient::test_get_list_measurements PASSED [ 13%]
[  191s] influxdb/tests/client_test.py::TestInfluxDBClient::test_get_list_privileges PASSED [ 13%]
[  191s] influxdb/tests/client_test.py::TestInfluxDBClient::test_get_list_privileges_fails PASSED [ 14%]
[  191s] influxdb/tests/client_test.py::TestInfluxDBClient::test_get_list_retention_policies PASSED [ 14%]
[  191s] influxdb/tests/client_test.py::TestInfluxDBClient::test_get_list_series PASSED [ 15%]
[  191s] influxdb/tests/client_test.py::TestInfluxDBClient::test_get_list_series_fails PASSED [ 15%]
[  191s] influxdb/tests/client_test.py::TestInfluxDBClient::test_get_list_series_with_measurement PASSED [ 16%]
[  191s] influxdb/tests/client_test.py::TestInfluxDBClient::test_get_list_series_with_tags PASSED [ 16%]
[  191s] influxdb/tests/client_test.py::TestInfluxDBClient::test_get_list_users PASSED [ 17%]
[  191s] influxdb/tests/client_test.py::TestInfluxDBClient::test_get_list_users_empty PASSED [ 17%]
[  191s] influxdb/tests/client_test.py::TestInfluxDBClient::test_grant_admin_privileges PASSED [ 17%]
[  191s] influxdb/tests/client_test.py::TestInfluxDBClient::test_grant_admin_privileges_invalid PASSED [ 18%]
[  191s] influxdb/tests/client_test.py::TestInfluxDBClient::test_grant_privilege PASSED [ 18%]
[  191s] influxdb/tests/client_test.py::TestInfluxDBClient::test_grant_privilege_invalid PASSED [ 19%]
[  191s] influxdb/tests/client_test.py::TestInfluxDBClient::test_invalid_port_fails PASSED [ 19%]
[  191s] influxdb/tests/client_test.py::TestInfluxDBClient::test_ping PASSED      [ 20%]
[  191s] influxdb/tests/client_test.py::TestInfluxDBClient::test_query PASSED     [ 20%]
[  191s] influxdb/tests/client_test.py::TestInfluxDBClient::test_query_chunked SKIPPED [ 20%]
[  191s] influxdb/tests/client_test.py::TestInfluxDBClient::test_query_fail PASSED [ 21%]
[  191s] influxdb/tests/client_test.py::TestInfluxDBClient::test_query_msgpack PASSED [ 21%]
[  191s] influxdb/tests/client_test.py::TestInfluxDBClient::test_random_request_retry PASSED [ 22%]
[  191s] influxdb/tests/client_test.py::TestInfluxDBClient::test_random_request_retry_raises PASSED [ 22%]
[  191s] influxdb/tests/client_test.py::TestInfluxDBClient::test_request_retry PASSED [ 23%]
[  191s] influxdb/tests/client_test.py::TestInfluxDBClient::test_request_retry_raises PASSED [ 23%]
[  191s] influxdb/tests/client_test.py::TestInfluxDBClient::test_revoke_admin_privileges PASSED [ 24%]
[  191s] influxdb/tests/client_test.py::TestInfluxDBClient::test_revoke_admin_privileges_invalid PASSED [ 24%]
[  191s] influxdb/tests/client_test.py::TestInfluxDBClient::test_revoke_privilege PASSED [ 24%]
[  191s] influxdb/tests/client_test.py::TestInfluxDBClient::test_revoke_privilege_invalid PASSED [ 25%]
[  191s] influxdb/tests/client_test.py::TestInfluxDBClient::test_scheme PASSED    [ 25%]
[  191s] influxdb/tests/client_test.py::TestInfluxDBClient::test_select_into_post PASSED [ 26%]
[  191s] influxdb/tests/client_test.py::TestInfluxDBClient::test_switch_database PASSED [ 26%]
[  191s] influxdb/tests/client_test.py::TestInfluxDBClient::test_switch_user PASSED [ 27%]
[  191s] influxdb/tests/client_test.py::TestInfluxDBClient::test_write PASSED     [ 27%]
[  192s] influxdb/tests/client_test.py::TestInfluxDBClient::test_write_gzip PASSED [ 27%]
[  192s] influxdb/tests/client_test.py::TestInfluxDBClient::test_write_points PASSED [ 28%]
[  192s] influxdb/tests/client_test.py::TestInfluxDBClient::test_write_points_bad_consistency PASSED [ 28%]
[  192s] influxdb/tests/client_test.py::TestInfluxDBClient::test_write_points_bad_precision PASSED [ 29%]
[  192s] influxdb/tests/client_test.py::TestInfluxDBClient::test_write_points_batch PASSED [ 29%]
[  192s] influxdb/tests/client_test.py::TestInfluxDBClient::test_write_points_batch_generator PASSED [ 30%]
[  192s] influxdb/tests/client_test.py::TestInfluxDBClient::test_write_points_fails PASSED [ 30%]
[  192s] influxdb/tests/client_test.py::TestInfluxDBClient::test_write_points_gzip PASSED [ 31%]
[  192s] influxdb/tests/client_test.py::TestInfluxDBClient::test_write_points_toplevel_attributes PASSED [ 31%]
[  192s] influxdb/tests/client_test.py::TestInfluxDBClient::test_write_points_udp PASSED [ 31%]
[  192s] influxdb/tests/client_test.py::TestInfluxDBClient::test_write_points_with_consistency PASSED [ 32%]
[  192s] influxdb/tests/client_test.py::TestInfluxDBClient::test_write_points_with_precision PASSED [ 32%]
[  192s] influxdb/tests/client_test.py::TestInfluxDBClient::test_write_points_with_precision_fails PASSED [ 33%]
[  192s] influxdb/tests/client_test.py::TestInfluxDBClient::test_write_points_with_precision_udp PASSED [ 33%]
[  192s] influxdb/tests/dataframe_client_test.py::TestDataFrameClient::test_alter_retention_policy PASSED [ 34%]
[  192s] influxdb/tests/dataframe_client_test.py::TestDataFrameClient::test_alter_retention_policy_invalid PASSED [ 34%]
[  192s] influxdb/tests/dataframe_client_test.py::TestDataFrameClient::test_create_database PASSED [ 34%]
[  192s] influxdb/tests/dataframe_client_test.py::TestDataFrameClient::test_create_database_fails PASSED [ 35%]
[  192s] influxdb/tests/dataframe_client_test.py::TestDataFrameClient::test_create_numeric_named_database PASSED [ 35%]
[  192s] influxdb/tests/dataframe_client_test.py::TestDataFrameClient::test_create_retention_policy PASSED [ 36%]
[  192s] influxdb/tests/dataframe_client_test.py::TestDataFrameClient::test_create_retention_policy_default PASSED [ 36%]
[  192s] influxdb/tests/dataframe_client_test.py::TestDataFrameClient::test_dataframe_write_points_with_whitespace_in_column_names PASSED [ 37%]
[  192s] influxdb/tests/dataframe_client_test.py::TestDataFrameClient::test_dataframe_write_points_with_whitespace_measurement PASSED [ 37%]
[  192s] influxdb/tests/dataframe_client_test.py::TestDataFrameClient::test_datetime_to_epoch PASSED [ 37%]
[  192s] influxdb/tests/dataframe_client_test.py::TestDataFrameClient::test_drop_database PASSED [ 38%]
[  192s] influxdb/tests/dataframe_client_test.py::TestDataFrameClient::test_drop_measurement PASSED [ 38%]
[  192s] influxdb/tests/dataframe_client_test.py::TestDataFrameClient::test_drop_numeric_named_database PASSED [ 39%]
[  192s] influxdb/tests/dataframe_client_test.py::TestDataFrameClient::test_drop_retention_policy PASSED [ 39%]
[  192s] influxdb/tests/dataframe_client_test.py::TestDataFrameClient::test_drop_retention_policy_fails PASSED [ 40%]
[  192s] influxdb/tests/dataframe_client_test.py::TestDataFrameClient::test_dsn_constructor PASSED [ 40%]
[  192s] influxdb/tests/dataframe_client_test.py::TestDataFrameClient::test_get_list_database PASSED [ 41%]
[  192s] influxdb/tests/dataframe_client_test.py::TestDataFrameClient::test_get_list_database_fails PASSED [ 41%]
[  192s] influxdb/tests/dataframe_client_test.py::TestDataFrameClient::test_get_list_measurements PASSED [ 41%]
[  192s] influxdb/tests/dataframe_client_test.py::TestDataFrameClient::test_get_list_retention_policies PASSED [ 42%]
[  192s] influxdb/tests/dataframe_client_test.py::TestDataFrameClient::test_multiquery_into_dataframe PASSED [ 42%]
[  193s] influxdb/tests/dataframe_client_test.py::TestDataFrameClient::test_multiquery_into_dataframe_dropna PASSED [ 43%]
[  193s] influxdb/tests/dataframe_client_test.py::TestDataFrameClient::test_query_custom_index PASSED [ 43%]
[  193s] influxdb/tests/dataframe_client_test.py::TestDataFrameClient::test_query_into_dataframe PASSED [ 44%]
[  193s] influxdb/tests/dataframe_client_test.py::TestDataFrameClient::test_query_with_empty_result PASSED [ 44%]
[  193s] influxdb/tests/dataframe_client_test.py::TestDataFrameClient::test_write_points_from_dataframe PASSED [ 44%]
[  193s] influxdb/tests/dataframe_client_test.py::TestDataFrameClient::test_write_points_from_dataframe_fails_with_series PASSED [ 45%]
[  193s] influxdb/tests/dataframe_client_test.py::TestDataFrameClient::test_write_points_from_dataframe_fails_without_time_index PASSED [ 45%]
[  193s] influxdb/tests/dataframe_client_test.py::TestDataFrameClient::test_write_points_from_dataframe_in_batches PASSED [ 46%]
[  193s] influxdb/tests/dataframe_client_test.py::TestDataFrameClient::test_write_points_from_dataframe_with_all_none PASSED [ 46%]
[  193s] influxdb/tests/dataframe_client_test.py::TestDataFrameClient::test_write_points_from_dataframe_with_leading_none_column PASSED [ 47%]
[  194s] influxdb/tests/dataframe_client_test.py::TestDataFrameClient::test_write_points_from_dataframe_with_line_of_none PASSED [ 47%]
[  194s] influxdb/tests/dataframe_client_test.py::TestDataFrameClient::test_write_points_from_dataframe_with_nan_line PASSED [ 48%]
[  194s] influxdb/tests/dataframe_client_test.py::TestDataFrameClient::test_write_points_from_dataframe_with_none PASSED [ 48%]
[  194s] influxdb/tests/dataframe_client_test.py::TestDataFrameClient::test_write_points_from_dataframe_with_numeric_column_names PASSED [ 48%]
[  194s] influxdb/tests/dataframe_client_test.py::TestDataFrameClient::test_write_points_from_dataframe_with_numeric_precision PASSED [ 49%]
[  194s] influxdb/tests/dataframe_client_test.py::TestDataFrameClient::test_write_points_from_dataframe_with_period_index PASSED [ 49%]
[  195s] influxdb/tests/dataframe_client_test.py::TestDataFrameClient::test_write_points_from_dataframe_with_tag_cols_and_defaults PASSED [ 50%]
[  195s] influxdb/tests/dataframe_client_test.py::TestDataFrameClient::test_write_points_from_dataframe_with_tag_cols_and_global_tags PASSED [ 50%]
[  195s] influxdb/tests/dataframe_client_test.py::TestDataFrameClient::test_write_points_from_dataframe_with_tag_columns PASSED [ 51%]
[  195s] influxdb/tests/dataframe_client_test.py::TestDataFrameClient::test_write_points_from_dataframe_with_tag_escaped PASSED [ 51%]
[  195s] influxdb/tests/dataframe_client_test.py::TestDataFrameClient::test_write_points_from_dataframe_with_tags_and_nan_line PASSED [ 51%]
[  196s] influxdb/tests/dataframe_client_test.py::TestDataFrameClient::test_write_points_from_dataframe_with_time_precision PASSED [ 52%]
[  196s] influxdb/tests/helper_test.py::TestSeriesHelper::testInvalidHelpers PASSED [ 52%]
[  196s] influxdb/tests/helper_test.py::TestSeriesHelper::testSeriesWithRetentionPolicy PASSED [ 53%]
[  196s] influxdb/tests/helper_test.py::TestSeriesHelper::testSeriesWithTimeField PASSED [ 53%]
[  196s] influxdb/tests/helper_test.py::TestSeriesHelper::testSeriesWithoutAllTags PASSED [ 54%]
[  196s] influxdb/tests/helper_test.py::TestSeriesHelper::testSeriesWithoutRetentionPolicy PASSED [ 54%]
[  196s] influxdb/tests/helper_test.py::TestSeriesHelper::testSeriesWithoutTimeField PASSED [ 55%]
[  196s] influxdb/tests/helper_test.py::TestSeriesHelper::testSeveralSeriesNames PASSED [ 55%]
[  196s] influxdb/tests/helper_test.py::TestSeriesHelper::testSingleSeriesName PASSED [ 55%]
[  196s] influxdb/tests/helper_test.py::TestSeriesHelper::testWarnBulkSizeNoEffect PASSED [ 56%]
[  196s] influxdb/tests/helper_test.py::TestSeriesHelper::testWarnBulkSizeZero SKIPPED [ 56%]
[  196s] influxdb/tests/helper_test.py::TestSeriesHelper::test_auto_commit PASSED [ 57%]
[  196s] influxdb/tests/resultset_test.py::TestResultSet::test_filter_by_name PASSED [ 57%]
[  196s] influxdb/tests/resultset_test.py::TestResultSet::test_filter_by_name_and_tags PASSED [ 58%]
[  196s] influxdb/tests/resultset_test.py::TestResultSet::test_filter_by_tags PASSED [ 58%]
[  196s] influxdb/tests/resultset_test.py::TestResultSet::test_items PASSED       [ 58%]
[  196s] influxdb/tests/resultset_test.py::TestResultSet::test_keys PASSED        [ 59%]
[  196s] influxdb/tests/resultset_test.py::TestResultSet::test_len PASSED         [ 59%]
[  196s] influxdb/tests/resultset_test.py::TestResultSet::test_point_from_cols_vals PASSED [ 60%]
[  196s] influxdb/tests/resultset_test.py::TestResultSet::test_resultset_error PASSED [ 60%]
[  196s] influxdb/tests/resultset_test.py::TestResultSet::test_system_query PASSED [ 61%]
[  196s] influxdb/tests/test_line_protocol.py::TestLineProtocol::test_float_with_long_decimal_fraction PASSED [ 61%]
[  196s] influxdb/tests/test_line_protocol.py::TestLineProtocol::test_float_with_long_decimal_fraction_as_type_decimal PASSED [ 62%]
[  196s] influxdb/tests/test_line_protocol.py::TestLineProtocol::test_make_lines PASSED [ 62%]
[  196s] influxdb/tests/test_line_protocol.py::TestLineProtocol::test_make_lines_empty_field_string PASSED [ 62%]
[  196s] influxdb/tests/test_line_protocol.py::TestLineProtocol::test_make_lines_unicode PASSED [ 63%]
[  196s] influxdb/tests/test_line_protocol.py::TestLineProtocol::test_quote_ident PASSED [ 63%]
[  196s] influxdb/tests/test_line_protocol.py::TestLineProtocol::test_quote_literal PASSED [ 64%]
[  196s] influxdb/tests/test_line_protocol.py::TestLineProtocol::test_string_val_newline PASSED [ 64%]
[  196s] influxdb/tests/test_line_protocol.py::TestLineProtocol::test_tag_value_newline PASSED [ 65%]
[  196s] influxdb/tests/test_line_protocol.py::TestLineProtocol::test_timezone PASSED [ 65%]
[  196s] influxdb/tests/influxdb08/client_test.py::TestInfluxDBClient::test_add_cluster_admin PASSED [ 65%]
[  196s] influxdb/tests/influxdb08/client_test.py::TestInfluxDBClient::test_add_database_admin PASSED [ 66%]
[  196s] influxdb/tests/influxdb08/client_test.py::TestInfluxDBClient::test_add_database_user PASSED [ 66%]
[  196s] influxdb/tests/influxdb08/client_test.py::TestInfluxDBClient::test_add_database_user_bad_permissions PASSED [ 67%]
[  196s] influxdb/tests/influxdb08/client_test.py::TestInfluxDBClient::test_alter_database_admin PASSED [ 67%]
[  196s] influxdb/tests/influxdb08/client_test.py::TestInfluxDBClient::test_alter_database_user_password PASSED [ 68%]
[  196s] influxdb/tests/influxdb08/client_test.py::TestInfluxDBClient::test_alter_database_user_password_and_permissions PASSED [ 68%]
[  196s] influxdb/tests/influxdb08/client_test.py::TestInfluxDBClient::test_alter_database_user_permissions PASSED [ 68%]
[  196s] influxdb/tests/influxdb08/client_test.py::TestInfluxDBClient::test_create_database PASSED [ 69%]
[  196s] influxdb/tests/influxdb08/client_test.py::TestInfluxDBClient::test_create_database_fails PASSED [ 69%]
[  196s] influxdb/tests/influxdb08/client_test.py::TestInfluxDBClient::test_create_scheduled_delete PASSED [ 70%]
[  196s] influxdb/tests/influxdb08/client_test.py::TestInfluxDBClient::test_delete_cluster_admin PASSED [ 70%]
[  196s] influxdb/tests/influxdb08/client_test.py::TestInfluxDBClient::test_delete_database PASSED [ 71%]
[  196s] influxdb/tests/influxdb08/client_test.py::TestInfluxDBClient::test_delete_database_admin PASSED [ 71%]
[  196s] influxdb/tests/influxdb08/client_test.py::TestInfluxDBClient::test_delete_database_fails PASSED [ 72%]
[  196s] influxdb/tests/influxdb08/client_test.py::TestInfluxDBClient::test_delete_database_user PASSED [ 72%]
[  197s] influxdb/tests/influxdb08/client_test.py::TestInfluxDBClient::test_delete_points PASSED [ 72%]
[  197s] influxdb/tests/influxdb08/client_test.py::TestInfluxDBClient::test_delete_points_with_wrong_name PASSED [ 73%]
[  197s] influxdb/tests/influxdb08/client_test.py::TestInfluxDBClient::test_delete_series PASSED [ 73%]
[  197s] influxdb/tests/influxdb08/client_test.py::TestInfluxDBClient::test_delete_series_fails PASSED [ 74%]
[  197s] influxdb/tests/influxdb08/client_test.py::TestInfluxDBClient::test_dsn PASSED [ 74%]
[  197s] influxdb/tests/influxdb08/client_test.py::TestInfluxDBClient::test_get_continuous_queries PASSED [ 75%]
[  197s] influxdb/tests/influxdb08/client_test.py::TestInfluxDBClient::test_get_database_list_deprecated PASSED [ 75%]
[  197s] influxdb/tests/influxdb08/client_test.py::TestInfluxDBClient::test_get_database_users PASSED [ 75%]
[  197s] influxdb/tests/influxdb08/client_test.py::TestInfluxDBClient::test_get_list_cluster_admins PASSED [ 76%]
[  197s] influxdb/tests/influxdb08/client_test.py::TestInfluxDBClient::test_get_list_database PASSED [ 76%]
[  197s] influxdb/tests/influxdb08/client_test.py::TestInfluxDBClient::test_get_list_database_admins PASSED [ 77%]
[  197s] influxdb/tests/influxdb08/client_test.py::TestInfluxDBClient::test_get_list_database_fails PASSED [ 77%]
[  197s] influxdb/tests/influxdb08/client_test.py::TestInfluxDBClient::test_get_list_scheduled_delete PASSED [ 78%]
[  197s] influxdb/tests/influxdb08/client_test.py::TestInfluxDBClient::test_get_series_list PASSED [ 78%]
[  197s] influxdb/tests/influxdb08/client_test.py::TestInfluxDBClient::test_query PASSED [ 79%]
[  197s] influxdb/tests/influxdb08/client_test.py::TestInfluxDBClient::test_query_bad_precision PASSED [ 79%]
[  197s] influxdb/tests/influxdb08/client_test.py::TestInfluxDBClient::test_query_chunked PASSED [ 79%]
[  197s] influxdb/tests/influxdb08/client_test.py::TestInfluxDBClient::test_query_chunked_unicode PASSED [ 80%]
[  197s] influxdb/tests/influxdb08/client_test.py::TestInfluxDBClient::test_query_fail PASSED [ 80%]
[  197s] influxdb/tests/influxdb08/client_test.py::TestInfluxDBClient::test_remove_scheduled_delete PASSED [ 81%]
[  197s] influxdb/tests/influxdb08/client_test.py::TestInfluxDBClient::test_request_retry PASSED [ 81%]
[  197s] influxdb/tests/influxdb08/client_test.py::TestInfluxDBClient::test_request_retry_raises PASSED [ 82%]
[  197s] influxdb/tests/influxdb08/client_test.py::TestInfluxDBClient::test_scheme PASSED [ 82%]
[  197s] influxdb/tests/influxdb08/client_test.py::TestInfluxDBClient::test_set_database_admin PASSED [ 82%]
[  197s] influxdb/tests/influxdb08/client_test.py::TestInfluxDBClient::test_switch_database PASSED [ 83%]
[  197s] influxdb/tests/influxdb08/client_test.py::TestInfluxDBClient::test_switch_db_deprecated PASSED [ 83%]
[  197s] influxdb/tests/influxdb08/client_test.py::TestInfluxDBClient::test_switch_user PASSED [ 84%]
[  197s] influxdb/tests/influxdb08/client_test.py::TestInfluxDBClient::test_unset_database_admin PASSED [ 84%]
[  197s] influxdb/tests/influxdb08/client_test.py::TestInfluxDBClient::test_update_cluster_admin_password PASSED [ 85%]
[  197s] influxdb/tests/influxdb08/client_test.py::TestInfluxDBClient::test_update_database_admin_password PASSED [ 85%]
[  197s] influxdb/tests/influxdb08/client_test.py::TestInfluxDBClient::test_update_database_user_password_current_user PASSED [ 86%]
[  197s] influxdb/tests/influxdb08/client_test.py::TestInfluxDBClient::test_update_permission PASSED [ 86%]
[  197s] influxdb/tests/influxdb08/client_test.py::TestInfluxDBClient::test_write PASSED [ 86%]
[  197s] influxdb/tests/influxdb08/client_test.py::TestInfluxDBClient::test_write_bad_precision_udp PASSED [ 87%]
[  197s] influxdb/tests/influxdb08/client_test.py::TestInfluxDBClient::test_write_points PASSED [ 87%]
[  197s] influxdb/tests/influxdb08/client_test.py::TestInfluxDBClient::test_write_points_bad_precision PASSED [ 88%]
[  197s] influxdb/tests/influxdb08/client_test.py::TestInfluxDBClient::test_write_points_batch PASSED [ 88%]
[  197s] influxdb/tests/influxdb08/client_test.py::TestInfluxDBClient::test_write_points_batch_invalid_size PASSED [ 89%]
[  197s] influxdb/tests/influxdb08/client_test.py::TestInfluxDBClient::test_write_points_batch_multiple_series PASSED [ 89%]
[  197s] influxdb/tests/influxdb08/client_test.py::TestInfluxDBClient::test_write_points_fails PASSED [ 89%]
[  197s] influxdb/tests/influxdb08/client_test.py::TestInfluxDBClient::test_write_points_string PASSED [ 90%]
[  197s] influxdb/tests/influxdb08/client_test.py::TestInfluxDBClient::test_write_points_udp PASSED [ 90%]
[  197s] influxdb/tests/influxdb08/client_test.py::TestInfluxDBClient::test_write_points_with_precision PASSED [ 91%]
[  197s] influxdb/tests/influxdb08/client_test.py::TestInfluxDBClient::test_write_points_with_precision_fails PASSED [ 91%]
[  197s] influxdb/tests/influxdb08/dataframe_client_test.py::TestDataFrameClient::test_datetime_to_epoch PASSED [ 92%]
[  197s] influxdb/tests/influxdb08/dataframe_client_test.py::TestDataFrameClient::test_list_series PASSED [ 92%]
[  197s] influxdb/tests/influxdb08/dataframe_client_test.py::TestDataFrameClient::test_query_into_dataframe PASSED [ 93%]
[  197s] influxdb/tests/influxdb08/dataframe_client_test.py::TestDataFrameClient::test_query_multiple_time_series PASSED [ 93%]
[  197s] influxdb/tests/influxdb08/dataframe_client_test.py::TestDataFrameClient::test_query_with_empty_result PASSED [ 93%]
[  197s] influxdb/tests/influxdb08/dataframe_client_test.py::TestDataFrameClient::test_write_points_from_dataframe PASSED [ 94%]
[  197s] influxdb/tests/influxdb08/dataframe_client_test.py::TestDataFrameClient::test_write_points_from_dataframe_fails_with_series PASSED [ 94%]
[  197s] influxdb/tests/influxdb08/dataframe_client_test.py::TestDataFrameClient::test_write_points_from_dataframe_fails_without_time_index PASSED [ 95%]
[  197s] influxdb/tests/influxdb08/dataframe_client_test.py::TestDataFrameClient::test_write_points_from_dataframe_in_batches PASSED [ 95%]
[  197s] influxdb/tests/influxdb08/dataframe_client_test.py::TestDataFrameClient::test_write_points_from_dataframe_with_float_nan PASSED [ 96%]
[  197s] influxdb/tests/influxdb08/dataframe_client_test.py::TestDataFrameClient::test_write_points_from_dataframe_with_numeric_column_names PASSED [ 96%]
[  197s] influxdb/tests/influxdb08/dataframe_client_test.py::TestDataFrameClient::test_write_points_from_dataframe_with_period_index PASSED [ 96%]
[  197s] influxdb/tests/influxdb08/dataframe_client_test.py::TestDataFrameClient::test_write_points_from_dataframe_with_time_precision PASSED [ 97%]
[  197s] influxdb/tests/influxdb08/helper_test.py::TestSeriesHelper::testInvalidHelpers PASSED [ 97%]
[  197s] influxdb/tests/influxdb08/helper_test.py::TestSeriesHelper::testSeveralSeriesNames PASSED [ 98%]
[  197s] influxdb/tests/influxdb08/helper_test.py::TestSeriesHelper::testSingleSeriesName PASSED [ 98%]
[  197s] influxdb/tests/influxdb08/helper_test.py::TestSeriesHelper::testWarnBulkSizeNoEffect PASSED [ 99%]
[  198s] influxdb/tests/influxdb08/helper_test.py::TestSeriesHelper::testWarnBulkSizeZero PASSED [ 99%]
[  198s] influxdb/tests/influxdb08/helper_test.py::TestSeriesHelper::test_auto_commit PASSED [100%]
[  198s] 
[  198s] =============================== warnings summary ===============================
[  198s] influxdb/tests/client_test.py:525
[  198s]   /home/abuild/rpmbuild/BUILD/influxdb-5.3.1/influxdb/tests/client_test.py:525: DeprecationWarning: invalid escape sequence \(
[  198s]     "\(use 'n', 'u', 'ms', 's', 'm' or 'h'\)"
[  198s] 
[  198s] influxdb/tests/dataframe_client_test.py:22
[  198s]   /home/abuild/rpmbuild/BUILD/influxdb-5.3.1/influxdb/tests/dataframe_client_test.py:22: FutureWarning: pandas.util.testing is deprecated. Use the functions in the public API at pandas.testing instead.
[  198s]     from pandas.util.testing import assert_frame_equal
[  198s] 
[  198s] influxdb/tests/influxdb08/client_test.py:308
[  198s]   /home/abuild/rpmbuild/BUILD/influxdb-5.3.1/influxdb/tests/influxdb08/client_test.py:308: DeprecationWarning: invalid escape sequence \(
[  198s]     "Invalid time precision is given. \(use 's', 'm', 'ms' or 'u'\)"
[  198s] 
[  198s] influxdb/tests/influxdb08/client_test.py:452
[  198s]   /home/abuild/rpmbuild/BUILD/influxdb-5.3.1/influxdb/tests/influxdb08/client_test.py:452: DeprecationWarning: invalid escape sequence \(
[  198s]     "Invalid time precision is given. \(use 's', 'm', 'ms' or 'u'\)"
[  198s] 
[  198s] influxdb/tests/influxdb08/client_test.py:736
[  198s]   /home/abuild/rpmbuild/BUILD/influxdb-5.3.1/influxdb/tests/influxdb08/client_test.py:736: DeprecationWarning: invalid escape sequence \(
[  198s]     "'permissions' must be \(readFrom, writeTo\) tuple"
[  198s] 
[  198s] influxdb/tests/client_test.py::TestInfluxDBClient::test_write_points_bad_precision
[  198s]   /home/abuild/rpmbuild/BUILD/influxdb-5.3.1/influxdb/tests/client_test.py:522: DeprecationWarning: Please use assertRaisesRegex instead.
[  198s]     with self.assertRaisesRegexp(
[  198s] 
[  198s] influxdb/tests/resultset_test.py::TestResultSet::test_filter_by_name
[  198s] influxdb/tests/resultset_test.py::TestResultSet::test_filter_by_name_and_tags
[  198s] influxdb/tests/resultset_test.py::TestResultSet::test_filter_by_name_and_tags
[  198s] influxdb/tests/resultset_test.py::TestResultSet::test_filter_by_tags
[  198s] influxdb/tests/resultset_test.py::TestResultSet::test_system_query
[  198s]   /home/abuild/rpmbuild/BUILD/influxdb-5.3.1/influxdb/resultset.py:56: DeprecationWarning: ResultSet's ``__getitem__`` method will be deprecated. Use``get_points`` instead.
[  198s]     warnings.warn(
[  198s] 
[  198s] influxdb/tests/influxdb08/client_test.py::TestInfluxDBClient::test_add_database_user_bad_permissions
[  198s]   /home/abuild/rpmbuild/BUILD/influxdb-5.3.1/influxdb/tests/influxdb08/client_test.py:734: DeprecationWarning: Please use assertRaisesRegex instead.
[  198s]     with self.assertRaisesRegexp(
[  198s] 
[  198s] influxdb/tests/influxdb08/client_test.py::TestInfluxDBClient::test_query_bad_precision
[  198s]   /home/abuild/rpmbuild/BUILD/influxdb-5.3.1/influxdb/tests/influxdb08/client_test.py:450: DeprecationWarning: Please use assertRaisesRegex instead.
[  198s]     with self.assertRaisesRegexp(
[  198s] 
[  198s] influxdb/tests/influxdb08/client_test.py::TestInfluxDBClient::test_write_bad_precision_udp
[  198s]   /home/abuild/rpmbuild/BUILD/influxdb-5.3.1/influxdb/tests/influxdb08/client_test.py:281: DeprecationWarning: Please use assertRaisesRegex instead.
[  198s]     with self.assertRaisesRegexp(
[  198s] 
[  198s] influxdb/tests/influxdb08/client_test.py::TestInfluxDBClient::test_write_points_bad_precision
[  198s]   /home/abuild/rpmbuild/BUILD/influxdb-5.3.1/influxdb/tests/influxdb08/client_test.py:306: DeprecationWarning: Please use assertRaisesRegex instead.
[  198s]     with self.assertRaisesRegexp(
[  198s] 
[  198s] -- Docs: https://docs.pytest.org/en/stable/how-to/capture-warnings.html
[  198s] ========== 227 passed, 2 skipped, 2 deselected, 15 warnings in 11.75s ==========
[  198s] ++ '[' -f _current_flavor ']'
[  198s] ++ cat _current_flavor
[  198s] + last_flavor=python38
[  198s] + '[' -z python38 ']'
[  198s] + '[' python38 '!=' python39 ']'
[  198s] + '[' -d build ']'
[  198s] + mv build _build.python38
[  198s] + '[' -d _build.python39 ']'
[  198s] + mv _build.python39 build
[  198s] + echo python39
[  198s] + python_flavor=python39
[  198s] + PYTHONPATH=/home/abuild/rpmbuild/BUILDROOT/python-influxdb-5.3.1-2.2.riscv64/usr/lib/python3.9/site-packages
[  198s] + PYTHONDONTWRITEBYTECODE=1
[  198s] + pytest-3.9 --ignore=_build.python38 --ignore=_build.python39 --ignore=_build.python311 --ignore=_build.python310 -v influxdb -k 'not (test_write_points_from_dataframe_with_nan_json or test_write_points_from_dataframe_with_tags_and_nan_json)'
[  201s] ============================= test session starts ==============================
[  201s] platform linux -- Python 3.9.16, pytest-7.2.0, pluggy-1.0.0 -- /usr/bin/python3.9
[  201s] cachedir: .pytest_cache
[  201s] rootdir: /home/abuild/rpmbuild/BUILD/influxdb-5.3.1
[  201s] plugins: requests-mock-1.10.0
[  205s] collecting ... collected 231 items / 2 deselected / 229 selected
[  205s] 
[  205s] influxdb/tests/chunked_json_test.py::TestChunkJson::test_load PASSED     [  0%]
[  205s] influxdb/tests/client_test.py::TestInfluxDBClient::test_alter_retention_policy PASSED [  0%]
[  205s] influxdb/tests/client_test.py::TestInfluxDBClient::test_alter_retention_policy_invalid PASSED [  1%]
[  205s] influxdb/tests/client_test.py::TestInfluxDBClient::test_auth_default PASSED [  1%]
[  206s] influxdb/tests/client_test.py::TestInfluxDBClient::test_auth_token PASSED [  2%]
[  206s] influxdb/tests/client_test.py::TestInfluxDBClient::test_auth_username_password PASSED [  2%]
[  206s] influxdb/tests/client_test.py::TestInfluxDBClient::test_auth_username_password_none PASSED [  3%]
[  206s] influxdb/tests/client_test.py::TestInfluxDBClient::test_cert PASSED      [  3%]
[  206s] influxdb/tests/client_test.py::TestInfluxDBClient::test_chunked_response PASSED [  3%]
[  206s] influxdb/tests/client_test.py::TestInfluxDBClient::test_create_continuous_query PASSED [  4%]
[  206s] influxdb/tests/client_test.py::TestInfluxDBClient::test_create_continuous_query_fails PASSED [  4%]
[  206s] influxdb/tests/client_test.py::TestInfluxDBClient::test_create_database PASSED [  5%]
[  206s] influxdb/tests/client_test.py::TestInfluxDBClient::test_create_database_fails PASSED [  5%]
[  206s] influxdb/tests/client_test.py::TestInfluxDBClient::test_create_numeric_named_database PASSED [  6%]
[  206s] influxdb/tests/client_test.py::TestInfluxDBClient::test_create_retention_policy PASSED [  6%]
[  206s] influxdb/tests/client_test.py::TestInfluxDBClient::test_create_retention_policy_default PASSED [  6%]
[  206s] influxdb/tests/client_test.py::TestInfluxDBClient::test_create_retention_policy_shard_duration PASSED [  7%]
[  206s] influxdb/tests/client_test.py::TestInfluxDBClient::test_create_retention_policy_shard_duration_default PASSED [  7%]
[  206s] influxdb/tests/client_test.py::TestInfluxDBClient::test_drop_continuous_query PASSED [  8%]
[  206s] influxdb/tests/client_test.py::TestInfluxDBClient::test_drop_continuous_query_fails PASSED [  8%]
[  206s] influxdb/tests/client_test.py::TestInfluxDBClient::test_drop_database PASSED [  9%]
[  206s] influxdb/tests/client_test.py::TestInfluxDBClient::test_drop_measurement PASSED [  9%]
[  206s] influxdb/tests/client_test.py::TestInfluxDBClient::test_drop_numeric_named_database PASSED [ 10%]
[  206s] influxdb/tests/client_test.py::TestInfluxDBClient::test_drop_retention_policy PASSED [ 10%]
[  206s] influxdb/tests/client_test.py::TestInfluxDBClient::test_drop_retention_policy_fails PASSED [ 10%]
[  206s] influxdb/tests/client_test.py::TestInfluxDBClient::test_dsn PASSED       [ 11%]
[  206s] influxdb/tests/client_test.py::TestInfluxDBClient::test_get_list_continuous_queries PASSED [ 11%]
[  206s] influxdb/tests/client_test.py::TestInfluxDBClient::test_get_list_continuous_queries_fails PASSED [ 12%]
[  206s] influxdb/tests/client_test.py::TestInfluxDBClient::test_get_list_database PASSED [ 12%]
[  206s] influxdb/tests/client_test.py::TestInfluxDBClient::test_get_list_database_fails PASSED [ 13%]
[  206s] influxdb/tests/client_test.py::TestInfluxDBClient::test_get_list_measurements PASSED [ 13%]
[  206s] influxdb/tests/client_test.py::TestInfluxDBClient::test_get_list_privileges PASSED [ 13%]
[  206s] influxdb/tests/client_test.py::TestInfluxDBClient::test_get_list_privileges_fails PASSED [ 14%]
[  206s] influxdb/tests/client_test.py::TestInfluxDBClient::test_get_list_retention_policies PASSED [ 14%]
[  206s] influxdb/tests/client_test.py::TestInfluxDBClient::test_get_list_series PASSED [ 15%]
[  206s] influxdb/tests/client_test.py::TestInfluxDBClient::test_get_list_series_fails PASSED [ 15%]
[  206s] influxdb/tests/client_test.py::TestInfluxDBClient::test_get_list_series_with_measurement PASSED [ 16%]
[  206s] influxdb/tests/client_test.py::TestInfluxDBClient::test_get_list_series_with_tags PASSED [ 16%]
[  206s] influxdb/tests/client_test.py::TestInfluxDBClient::test_get_list_users PASSED [ 17%]
[  206s] influxdb/tests/client_test.py::TestInfluxDBClient::test_get_list_users_empty PASSED [ 17%]
[  206s] influxdb/tests/client_test.py::TestInfluxDBClient::test_grant_admin_privileges PASSED [ 17%]
[  206s] influxdb/tests/client_test.py::TestInfluxDBClient::test_grant_admin_privileges_invalid PASSED [ 18%]
[  206s] influxdb/tests/client_test.py::TestInfluxDBClient::test_grant_privilege PASSED [ 18%]
[  206s] influxdb/tests/client_test.py::TestInfluxDBClient::test_grant_privilege_invalid PASSED [ 19%]
[  206s] influxdb/tests/client_test.py::TestInfluxDBClient::test_invalid_port_fails PASSED [ 19%]
[  206s] influxdb/tests/client_test.py::TestInfluxDBClient::test_ping PASSED      [ 20%]
[  206s] influxdb/tests/client_test.py::TestInfluxDBClient::test_query PASSED     [ 20%]
[  206s] influxdb/tests/client_test.py::TestInfluxDBClient::test_query_chunked SKIPPED [ 20%]
[  206s] influxdb/tests/client_test.py::TestInfluxDBClient::test_query_fail PASSED [ 21%]
[  206s] influxdb/tests/client_test.py::TestInfluxDBClient::test_query_msgpack PASSED [ 21%]
[  206s] influxdb/tests/client_test.py::TestInfluxDBClient::test_random_request_retry PASSED [ 22%]
[  207s] influxdb/tests/client_test.py::TestInfluxDBClient::test_random_request_retry_raises PASSED [ 22%]
[  207s] influxdb/tests/client_test.py::TestInfluxDBClient::test_request_retry PASSED [ 23%]
[  207s] influxdb/tests/client_test.py::TestInfluxDBClient::test_request_retry_raises PASSED [ 23%]
[  207s] influxdb/tests/client_test.py::TestInfluxDBClient::test_revoke_admin_privileges PASSED [ 24%]
[  207s] influxdb/tests/client_test.py::TestInfluxDBClient::test_revoke_admin_privileges_invalid PASSED [ 24%]
[  207s] influxdb/tests/client_test.py::TestInfluxDBClient::test_revoke_privilege PASSED [ 24%]
[  207s] influxdb/tests/client_test.py::TestInfluxDBClient::test_revoke_privilege_invalid PASSED [ 25%]
[  207s] influxdb/tests/client_test.py::TestInfluxDBClient::test_scheme PASSED    [ 25%]
[  207s] influxdb/tests/client_test.py::TestInfluxDBClient::test_select_into_post PASSED [ 26%]
[  207s] influxdb/tests/client_test.py::TestInfluxDBClient::test_switch_database PASSED [ 26%]
[  207s] influxdb/tests/client_test.py::TestInfluxDBClient::test_switch_user PASSED [ 27%]
[  207s] influxdb/tests/client_test.py::TestInfluxDBClient::test_write PASSED     [ 27%]
[  207s] influxdb/tests/client_test.py::TestInfluxDBClient::test_write_gzip PASSED [ 27%]
[  207s] influxdb/tests/client_test.py::TestInfluxDBClient::test_write_points PASSED [ 28%]
[  207s] influxdb/tests/client_test.py::TestInfluxDBClient::test_write_points_bad_consistency PASSED [ 28%]
[  207s] influxdb/tests/client_test.py::TestInfluxDBClient::test_write_points_bad_precision PASSED [ 29%]
[  207s] influxdb/tests/client_test.py::TestInfluxDBClient::test_write_points_batch PASSED [ 29%]
[  207s] influxdb/tests/client_test.py::TestInfluxDBClient::test_write_points_batch_generator PASSED [ 30%]
[  207s] influxdb/tests/client_test.py::TestInfluxDBClient::test_write_points_fails PASSED [ 30%]
[  207s] influxdb/tests/client_test.py::TestInfluxDBClient::test_write_points_gzip PASSED [ 31%]
[  207s] influxdb/tests/client_test.py::TestInfluxDBClient::test_write_points_toplevel_attributes PASSED [ 31%]
[  207s] influxdb/tests/client_test.py::TestInfluxDBClient::test_write_points_udp PASSED [ 31%]
[  207s] influxdb/tests/client_test.py::TestInfluxDBClient::test_write_points_with_consistency PASSED [ 32%]
[  207s] influxdb/tests/client_test.py::TestInfluxDBClient::test_write_points_with_precision PASSED [ 32%]
[  207s] influxdb/tests/client_test.py::TestInfluxDBClient::test_write_points_with_precision_fails PASSED [ 33%]
[  207s] influxdb/tests/client_test.py::TestInfluxDBClient::test_write_points_with_precision_udp PASSED [ 33%]
[  207s] influxdb/tests/dataframe_client_test.py::TestDataFrameClient::test_alter_retention_policy PASSED [ 34%]
[  207s] influxdb/tests/dataframe_client_test.py::TestDataFrameClient::test_alter_retention_policy_invalid PASSED [ 34%]
[  207s] influxdb/tests/dataframe_client_test.py::TestDataFrameClient::test_create_database PASSED [ 34%]
[  207s] influxdb/tests/dataframe_client_test.py::TestDataFrameClient::test_create_database_fails PASSED [ 35%]
[  207s] influxdb/tests/dataframe_client_test.py::TestDataFrameClient::test_create_numeric_named_database PASSED [ 35%]
[  207s] influxdb/tests/dataframe_client_test.py::TestDataFrameClient::test_create_retention_policy PASSED [ 36%]
[  207s] influxdb/tests/dataframe_client_test.py::TestDataFrameClient::test_create_retention_policy_default PASSED [ 36%]
[  208s] influxdb/tests/dataframe_client_test.py::TestDataFrameClient::test_dataframe_write_points_with_whitespace_in_column_names PASSED [ 37%]
[  208s] influxdb/tests/dataframe_client_test.py::TestDataFrameClient::test_dataframe_write_points_with_whitespace_measurement PASSED [ 37%]
[  208s] influxdb/tests/dataframe_client_test.py::TestDataFrameClient::test_datetime_to_epoch PASSED [ 37%]
[  208s] influxdb/tests/dataframe_client_test.py::TestDataFrameClient::test_drop_database PASSED [ 38%]
[  208s] influxdb/tests/dataframe_client_test.py::TestDataFrameClient::test_drop_measurement PASSED [ 38%]
[  208s] influxdb/tests/dataframe_client_test.py::TestDataFrameClient::test_drop_numeric_named_database PASSED [ 39%]
[  208s] influxdb/tests/dataframe_client_test.py::TestDataFrameClient::test_drop_retention_policy PASSED [ 39%]
[  208s] influxdb/tests/dataframe_client_test.py::TestDataFrameClient::test_drop_retention_policy_fails PASSED [ 40%]
[  208s] influxdb/tests/dataframe_client_test.py::TestDataFrameClient::test_dsn_constructor PASSED [ 40%]
[  208s] influxdb/tests/dataframe_client_test.py::TestDataFrameClient::test_get_list_database PASSED [ 41%]
[  208s] influxdb/tests/dataframe_client_test.py::TestDataFrameClient::test_get_list_database_fails PASSED [ 41%]
[  208s] influxdb/tests/dataframe_client_test.py::TestDataFrameClient::test_get_list_measurements PASSED [ 41%]
[  208s] influxdb/tests/dataframe_client_test.py::TestDataFrameClient::test_get_list_retention_policies PASSED [ 42%]
[  208s] influxdb/tests/dataframe_client_test.py::TestDataFrameClient::test_multiquery_into_dataframe PASSED [ 42%]
[  208s] influxdb/tests/dataframe_client_test.py::TestDataFrameClient::test_multiquery_into_dataframe_dropna PASSED [ 43%]
[  208s] influxdb/tests/dataframe_client_test.py::TestDataFrameClient::test_query_custom_index PASSED [ 43%]
[  208s] influxdb/tests/dataframe_client_test.py::TestDataFrameClient::test_query_into_dataframe PASSED [ 44%]
[  208s] influxdb/tests/dataframe_client_test.py::TestDataFrameClient::test_query_with_empty_result PASSED [ 44%]
[  208s] influxdb/tests/dataframe_client_test.py::TestDataFrameClient::test_write_points_from_dataframe PASSED [ 44%]
[  208s] influxdb/tests/dataframe_client_test.py::TestDataFrameClient::test_write_points_from_dataframe_fails_with_series PASSED [ 45%]
[  208s] influxdb/tests/dataframe_client_test.py::TestDataFrameClient::test_write_points_from_dataframe_fails_without_time_index PASSED [ 45%]
[  209s] influxdb/tests/dataframe_client_test.py::TestDataFrameClient::test_write_points_from_dataframe_in_batches PASSED [ 46%]
[  209s] influxdb/tests/dataframe_client_test.py::TestDataFrameClient::test_write_points_from_dataframe_with_all_none PASSED [ 46%]
[  209s] influxdb/tests/dataframe_client_test.py::TestDataFrameClient::test_write_points_from_dataframe_with_leading_none_column PASSED [ 47%]
[  209s] influxdb/tests/dataframe_client_test.py::TestDataFrameClient::test_write_points_from_dataframe_with_line_of_none PASSED [ 47%]
[  209s] influxdb/tests/dataframe_client_test.py::TestDataFrameClient::test_write_points_from_dataframe_with_nan_line PASSED [ 48%]
[  209s] influxdb/tests/dataframe_client_test.py::TestDataFrameClient::test_write_points_from_dataframe_with_none PASSED [ 48%]
[  209s] influxdb/tests/dataframe_client_test.py::TestDataFrameClient::test_write_points_from_dataframe_with_numeric_column_names PASSED [ 48%]
[  209s] influxdb/tests/dataframe_client_test.py::TestDataFrameClient::test_write_points_from_dataframe_with_numeric_precision PASSED [ 49%]
[  210s] influxdb/tests/dataframe_client_test.py::TestDataFrameClient::test_write_points_from_dataframe_with_period_index PASSED [ 49%]
[  210s] influxdb/tests/dataframe_client_test.py::TestDataFrameClient::test_write_points_from_dataframe_with_tag_cols_and_defaults PASSED [ 50%]
[  210s] influxdb/tests/dataframe_client_test.py::TestDataFrameClient::test_write_points_from_dataframe_with_tag_cols_and_global_tags PASSED [ 50%]
[  210s] influxdb/tests/dataframe_client_test.py::TestDataFrameClient::test_write_points_from_dataframe_with_tag_columns PASSED [ 51%]
[  210s] influxdb/tests/dataframe_client_test.py::TestDataFrameClient::test_write_points_from_dataframe_with_tag_escaped PASSED [ 51%]
[  211s] influxdb/tests/dataframe_client_test.py::TestDataFrameClient::test_write_points_from_dataframe_with_tags_and_nan_line PASSED [ 51%]
[  211s] influxdb/tests/dataframe_client_test.py::TestDataFrameClient::test_write_points_from_dataframe_with_time_precision PASSED [ 52%]
[  211s] influxdb/tests/helper_test.py::TestSeriesHelper::testInvalidHelpers PASSED [ 52%]
[  211s] influxdb/tests/helper_test.py::TestSeriesHelper::testSeriesWithRetentionPolicy PASSED [ 53%]
[  211s] influxdb/tests/helper_test.py::TestSeriesHelper::testSeriesWithTimeField PASSED [ 53%]
[  211s] influxdb/tests/helper_test.py::TestSeriesHelper::testSeriesWithoutAllTags PASSED [ 54%]
[  211s] influxdb/tests/helper_test.py::TestSeriesHelper::testSeriesWithoutRetentionPolicy PASSED [ 54%]
[  211s] influxdb/tests/helper_test.py::TestSeriesHelper::testSeriesWithoutTimeField PASSED [ 55%]
[  211s] influxdb/tests/helper_test.py::TestSeriesHelper::testSeveralSeriesNames PASSED [ 55%]
[  211s] influxdb/tests/helper_test.py::TestSeriesHelper::testSingleSeriesName PASSED [ 55%]
[  211s] influxdb/tests/helper_test.py::TestSeriesHelper::testWarnBulkSizeNoEffect PASSED [ 56%]
[  211s] influxdb/tests/helper_test.py::TestSeriesHelper::testWarnBulkSizeZero SKIPPED [ 56%]
[  211s] influxdb/tests/helper_test.py::TestSeriesHelper::test_auto_commit PASSED [ 57%]
[  211s] influxdb/tests/resultset_test.py::TestResultSet::test_filter_by_name PASSED [ 57%]
[  211s] influxdb/tests/resultset_test.py::TestResultSet::test_filter_by_name_and_tags PASSED [ 58%]
[  211s] influxdb/tests/resultset_test.py::TestResultSet::test_filter_by_tags PASSED [ 58%]
[  211s] influxdb/tests/resultset_test.py::TestResultSet::test_items PASSED       [ 58%]
[  211s] influxdb/tests/resultset_test.py::TestResultSet::test_keys PASSED        [ 59%]
[  211s] influxdb/tests/resultset_test.py::TestResultSet::test_len PASSED         [ 59%]
[  211s] influxdb/tests/resultset_test.py::TestResultSet::test_point_from_cols_vals PASSED [ 60%]
[  211s] influxdb/tests/resultset_test.py::TestResultSet::test_resultset_error PASSED [ 60%]
[  211s] influxdb/tests/resultset_test.py::TestResultSet::test_system_query PASSED [ 61%]
[  211s] influxdb/tests/test_line_protocol.py::TestLineProtocol::test_float_with_long_decimal_fraction PASSED [ 61%]
[  211s] influxdb/tests/test_line_protocol.py::TestLineProtocol::test_float_with_long_decimal_fraction_as_type_decimal PASSED [ 62%]
[  211s] influxdb/tests/test_line_protocol.py::TestLineProtocol::test_make_lines PASSED [ 62%]
[  211s] influxdb/tests/test_line_protocol.py::TestLineProtocol::test_make_lines_empty_field_string PASSED [ 62%]
[  211s] influxdb/tests/test_line_protocol.py::TestLineProtocol::test_make_lines_unicode PASSED [ 63%]
[  211s] influxdb/tests/test_line_protocol.py::TestLineProtocol::test_quote_ident PASSED [ 63%]
[  211s] influxdb/tests/test_line_protocol.py::TestLineProtocol::test_quote_literal PASSED [ 64%]
[  211s] influxdb/tests/test_line_protocol.py::TestLineProtocol::test_string_val_newline PASSED [ 64%]
[  211s] influxdb/tests/test_line_protocol.py::TestLineProtocol::test_tag_value_newline PASSED [ 65%]
[  211s] influxdb/tests/test_line_protocol.py::TestLineProtocol::test_timezone PASSED [ 65%]
[  212s] influxdb/tests/influxdb08/client_test.py::TestInfluxDBClient::test_add_cluster_admin PASSED [ 65%]
[  212s] influxdb/tests/influxdb08/client_test.py::TestInfluxDBClient::test_add_database_admin PASSED [ 66%]
[  212s] influxdb/tests/influxdb08/client_test.py::TestInfluxDBClient::test_add_database_user PASSED [ 66%]
[  212s] influxdb/tests/influxdb08/client_test.py::TestInfluxDBClient::test_add_database_user_bad_permissions PASSED [ 67%]
[  212s] influxdb/tests/influxdb08/client_test.py::TestInfluxDBClient::test_alter_database_admin PASSED [ 67%]
[  212s] influxdb/tests/influxdb08/client_test.py::TestInfluxDBClient::test_alter_database_user_password PASSED [ 68%]
[  212s] influxdb/tests/influxdb08/client_test.py::TestInfluxDBClient::test_alter_database_user_password_and_permissions PASSED [ 68%]
[  212s] influxdb/tests/influxdb08/client_test.py::TestInfluxDBClient::test_alter_database_user_permissions PASSED [ 68%]
[  212s] influxdb/tests/influxdb08/client_test.py::TestInfluxDBClient::test_create_database PASSED [ 69%]
[  212s] influxdb/tests/influxdb08/client_test.py::TestInfluxDBClient::test_create_database_fails PASSED [ 69%]
[  212s] influxdb/tests/influxdb08/client_test.py::TestInfluxDBClient::test_create_scheduled_delete PASSED [ 70%]
[  212s] influxdb/tests/influxdb08/client_test.py::TestInfluxDBClient::test_delete_cluster_admin PASSED [ 70%]
[  212s] influxdb/tests/influxdb08/client_test.py::TestInfluxDBClient::test_delete_database PASSED [ 71%]
[  212s] influxdb/tests/influxdb08/client_test.py::TestInfluxDBClient::test_delete_database_admin PASSED [ 71%]
[  212s] influxdb/tests/influxdb08/client_test.py::TestInfluxDBClient::test_delete_database_fails PASSED [ 72%]
[  212s] influxdb/tests/influxdb08/client_test.py::TestInfluxDBClient::test_delete_database_user PASSED [ 72%]
[  212s] influxdb/tests/influxdb08/client_test.py::TestInfluxDBClient::test_delete_points PASSED [ 72%]
[  212s] influxdb/tests/influxdb08/client_test.py::TestInfluxDBClient::test_delete_points_with_wrong_name PASSED [ 73%]
[  212s] influxdb/tests/influxdb08/client_test.py::TestInfluxDBClient::test_delete_series PASSED [ 73%]
[  212s] influxdb/tests/influxdb08/client_test.py::TestInfluxDBClient::test_delete_series_fails PASSED [ 74%]
[  212s] influxdb/tests/influxdb08/client_test.py::TestInfluxDBClient::test_dsn PASSED [ 74%]
[  212s] influxdb/tests/influxdb08/client_test.py::TestInfluxDBClient::test_get_continuous_queries PASSED [ 75%]
[  212s] influxdb/tests/influxdb08/client_test.py::TestInfluxDBClient::test_get_database_list_deprecated PASSED [ 75%]
[  212s] influxdb/tests/influxdb08/client_test.py::TestInfluxDBClient::test_get_database_users PASSED [ 75%]
[  212s] influxdb/tests/influxdb08/client_test.py::TestInfluxDBClient::test_get_list_cluster_admins PASSED [ 76%]
[  212s] influxdb/tests/influxdb08/client_test.py::TestInfluxDBClient::test_get_list_database PASSED [ 76%]
[  212s] influxdb/tests/influxdb08/client_test.py::TestInfluxDBClient::test_get_list_database_admins PASSED [ 77%]
[  212s] influxdb/tests/influxdb08/client_test.py::TestInfluxDBClient::test_get_list_database_fails PASSED [ 77%]
[  212s] influxdb/tests/influxdb08/client_test.py::TestInfluxDBClient::test_get_list_scheduled_delete PASSED [ 78%]
[  212s] influxdb/tests/influxdb08/client_test.py::TestInfluxDBClient::test_get_series_list PASSED [ 78%]
[  212s] influxdb/tests/influxdb08/client_test.py::TestInfluxDBClient::test_query PASSED [ 79%]
[  212s] influxdb/tests/influxdb08/client_test.py::TestInfluxDBClient::test_query_bad_precision PASSED [ 79%]
[  212s] influxdb/tests/influxdb08/client_test.py::TestInfluxDBClient::test_query_chunked PASSED [ 79%]
[  212s] influxdb/tests/influxdb08/client_test.py::TestInfluxDBClient::test_query_chunked_unicode PASSED [ 80%]
[  212s] influxdb/tests/influxdb08/client_test.py::TestInfluxDBClient::test_query_fail PASSED [ 80%]
[  212s] influxdb/tests/influxdb08/client_test.py::TestInfluxDBClient::test_remove_scheduled_delete PASSED [ 81%]
[  212s] influxdb/tests/influxdb08/client_test.py::TestInfluxDBClient::test_request_retry PASSED [ 81%]
[  212s] influxdb/tests/influxdb08/client_test.py::TestInfluxDBClient::test_request_retry_raises PASSED [ 82%]
[  212s] influxdb/tests/influxdb08/client_test.py::TestInfluxDBClient::test_scheme PASSED [ 82%]
[  212s] influxdb/tests/influxdb08/client_test.py::TestInfluxDBClient::test_set_database_admin PASSED [ 82%]
[  212s] influxdb/tests/influxdb08/client_test.py::TestInfluxDBClient::test_switch_database PASSED [ 83%]
[  212s] influxdb/tests/influxdb08/client_test.py::TestInfluxDBClient::test_switch_db_deprecated PASSED [ 83%]
[  212s] influxdb/tests/influxdb08/client_test.py::TestInfluxDBClient::test_switch_user PASSED [ 84%]
[  212s] influxdb/tests/influxdb08/client_test.py::TestInfluxDBClient::test_unset_database_admin PASSED [ 84%]
[  212s] influxdb/tests/influxdb08/client_test.py::TestInfluxDBClient::test_update_cluster_admin_password PASSED [ 85%]
[  212s] influxdb/tests/influxdb08/client_test.py::TestInfluxDBClient::test_update_database_admin_password PASSED [ 85%]
[  212s] influxdb/tests/influxdb08/client_test.py::TestInfluxDBClient::test_update_database_user_password_current_user PASSED [ 86%]
[  212s] influxdb/tests/influxdb08/client_test.py::TestInfluxDBClient::test_update_permission PASSED [ 86%]
[  212s] influxdb/tests/influxdb08/client_test.py::TestInfluxDBClient::test_write PASSED [ 86%]
[  212s] influxdb/tests/influxdb08/client_test.py::TestInfluxDBClient::test_write_bad_precision_udp PASSED [ 87%]
[  212s] influxdb/tests/influxdb08/client_test.py::TestInfluxDBClient::test_write_points PASSED [ 87%]
[  212s] influxdb/tests/influxdb08/client_test.py::TestInfluxDBClient::test_write_points_bad_precision PASSED [ 88%]
[  212s] influxdb/tests/influxdb08/client_test.py::TestInfluxDBClient::test_write_points_batch PASSED [ 88%]
[  212s] influxdb/tests/influxdb08/client_test.py::TestInfluxDBClient::test_write_points_batch_invalid_size PASSED [ 89%]
[  212s] influxdb/tests/influxdb08/client_test.py::TestInfluxDBClient::test_write_points_batch_multiple_series PASSED [ 89%]
[  212s] influxdb/tests/influxdb08/client_test.py::TestInfluxDBClient::test_write_points_fails PASSED [ 89%]
[  212s] influxdb/tests/influxdb08/client_test.py::TestInfluxDBClient::test_write_points_string PASSED [ 90%]
[  212s] influxdb/tests/influxdb08/client_test.py::TestInfluxDBClient::test_write_points_udp PASSED [ 90%]
[  212s] influxdb/tests/influxdb08/client_test.py::TestInfluxDBClient::test_write_points_with_precision PASSED [ 91%]
[  212s] influxdb/tests/influxdb08/client_test.py::TestInfluxDBClient::test_write_points_with_precision_fails PASSED [ 91%]
[  212s] influxdb/tests/influxdb08/dataframe_client_test.py::TestDataFrameClient::test_datetime_to_epoch PASSED [ 92%]
[  212s] influxdb/tests/influxdb08/dataframe_client_test.py::TestDataFrameClient::test_list_series PASSED [ 92%]
[  212s] influxdb/tests/influxdb08/dataframe_client_test.py::TestDataFrameClient::test_query_into_dataframe PASSED [ 93%]
[  212s] influxdb/tests/influxdb08/dataframe_client_test.py::TestDataFrameClient::test_query_multiple_time_series PASSED [ 93%]
[  212s] influxdb/tests/influxdb08/dataframe_client_test.py::TestDataFrameClient::test_query_with_empty_result PASSED [ 93%]
[  212s] influxdb/tests/influxdb08/dataframe_client_test.py::TestDataFrameClient::test_write_points_from_dataframe PASSED [ 94%]
[  212s] influxdb/tests/influxdb08/dataframe_client_test.py::TestDataFrameClient::test_write_points_from_dataframe_fails_with_series PASSED [ 94%]
[  212s] influxdb/tests/influxdb08/dataframe_client_test.py::TestDataFrameClient::test_write_points_from_dataframe_fails_without_time_index PASSED [ 95%]
[  212s] influxdb/tests/influxdb08/dataframe_client_test.py::TestDataFrameClient::test_write_points_from_dataframe_in_batches PASSED [ 95%]
[  212s] influxdb/tests/influxdb08/dataframe_client_test.py::TestDataFrameClient::test_write_points_from_dataframe_with_float_nan PASSED [ 96%]
[  213s] influxdb/tests/influxdb08/dataframe_client_test.py::TestDataFrameClient::test_write_points_from_dataframe_with_numeric_column_names PASSED [ 96%]
[  213s] influxdb/tests/influxdb08/dataframe_client_test.py::TestDataFrameClient::test_write_points_from_dataframe_with_period_index PASSED [ 96%]
[  213s] influxdb/tests/influxdb08/dataframe_client_test.py::TestDataFrameClient::test_write_points_from_dataframe_with_time_precision PASSED [ 97%]
[  213s] influxdb/tests/influxdb08/helper_test.py::TestSeriesHelper::testInvalidHelpers PASSED [ 97%]
[  213s] influxdb/tests/influxdb08/helper_test.py::TestSeriesHelper::testSeveralSeriesNames PASSED [ 98%]
[  213s] influxdb/tests/influxdb08/helper_test.py::TestSeriesHelper::testSingleSeriesName PASSED [ 98%]
[  213s] influxdb/tests/influxdb08/helper_test.py::TestSeriesHelper::testWarnBulkSizeNoEffect PASSED [ 99%]
[  213s] influxdb/tests/influxdb08/helper_test.py::TestSeriesHelper::testWarnBulkSizeZero PASSED [ 99%]
[  213s] influxdb/tests/influxdb08/helper_test.py::TestSeriesHelper::test_auto_commit PASSED [100%]
[  213s] 
[  213s] =============================== warnings summary ===============================
[  213s] influxdb/tests/client_test.py:525
[  213s]   /home/abuild/rpmbuild/BUILD/influxdb-5.3.1/influxdb/tests/client_test.py:525: DeprecationWarning: invalid escape sequence \(
[  213s]     "\(use 'n', 'u', 'ms', 's', 'm' or 'h'\)"
[  213s] 
[  213s] influxdb/tests/dataframe_client_test.py:22
[  213s]   /home/abuild/rpmbuild/BUILD/influxdb-5.3.1/influxdb/tests/dataframe_client_test.py:22: FutureWarning: pandas.util.testing is deprecated. Use the functions in the public API at pandas.testing instead.
[  213s]     from pandas.util.testing import assert_frame_equal
[  213s] 
[  213s] influxdb/tests/influxdb08/client_test.py:308
[  213s]   /home/abuild/rpmbuild/BUILD/influxdb-5.3.1/influxdb/tests/influxdb08/client_test.py:308: DeprecationWarning: invalid escape sequence \(
[  213s]     "Invalid time precision is given. \(use 's', 'm', 'ms' or 'u'\)"
[  213s] 
[  213s] influxdb/tests/influxdb08/client_test.py:452
[  213s]   /home/abuild/rpmbuild/BUILD/influxdb-5.3.1/influxdb/tests/influxdb08/client_test.py:452: DeprecationWarning: invalid escape sequence \(
[  213s]     "Invalid time precision is given. \(use 's', 'm', 'ms' or 'u'\)"
[  213s] 
[  213s] influxdb/tests/influxdb08/client_test.py:736
[  213s]   /home/abuild/rpmbuild/BUILD/influxdb-5.3.1/influxdb/tests/influxdb08/client_test.py:736: DeprecationWarning: invalid escape sequence \(
[  213s]     "'permissions' must be \(readFrom, writeTo\) tuple"
[  213s] 
[  213s] influxdb/tests/client_test.py::TestInfluxDBClient::test_write_points_bad_precision
[  213s]   /home/abuild/rpmbuild/BUILD/influxdb-5.3.1/influxdb/tests/client_test.py:522: DeprecationWarning: Please use assertRaisesRegex instead.
[  213s]     with self.assertRaisesRegexp(
[  213s] 
[  213s] influxdb/tests/resultset_test.py::TestResultSet::test_filter_by_name
[  213s] influxdb/tests/resultset_test.py::TestResultSet::test_filter_by_name_and_tags
[  213s] influxdb/tests/resultset_test.py::TestResultSet::test_filter_by_name_and_tags
[  213s] influxdb/tests/resultset_test.py::TestResultSet::test_filter_by_tags
[  213s] influxdb/tests/resultset_test.py::TestResultSet::test_system_query
[  213s]   /home/abuild/rpmbuild/BUILD/influxdb-5.3.1/influxdb/resultset.py:56: DeprecationWarning: ResultSet's ``__getitem__`` method will be deprecated. Use``get_points`` instead.
[  213s]     warnings.warn(
[  213s] 
[  213s] influxdb/tests/influxdb08/client_test.py::TestInfluxDBClient::test_add_database_user_bad_permissions
[  213s]   /home/abuild/rpmbuild/BUILD/influxdb-5.3.1/influxdb/tests/influxdb08/client_test.py:734: DeprecationWarning: Please use assertRaisesRegex instead.
[  213s]     with self.assertRaisesRegexp(
[  213s] 
[  213s] influxdb/tests/influxdb08/client_test.py::TestInfluxDBClient::test_query_bad_precision
[  213s]   /home/abuild/rpmbuild/BUILD/influxdb-5.3.1/influxdb/tests/influxdb08/client_test.py:450: DeprecationWarning: Please use assertRaisesRegex instead.
[  213s]     with self.assertRaisesRegexp(
[  213s] 
[  213s] influxdb/tests/influxdb08/client_test.py::TestInfluxDBClient::test_write_bad_precision_udp
[  213s]   /home/abuild/rpmbuild/BUILD/influxdb-5.3.1/influxdb/tests/influxdb08/client_test.py:281: DeprecationWarning: Please use assertRaisesRegex instead.
[  213s]     with self.assertRaisesRegexp(
[  213s] 
[  213s] influxdb/tests/influxdb08/client_test.py::TestInfluxDBClient::test_write_points_bad_precision
[  213s]   /home/abuild/rpmbuild/BUILD/influxdb-5.3.1/influxdb/tests/influxdb08/client_test.py:306: DeprecationWarning: Please use assertRaisesRegex instead.
[  213s]     with self.assertRaisesRegexp(
[  213s] 
[  213s] -- Docs: https://docs.pytest.org/en/stable/how-to/capture-warnings.html
[  213s] ========== 227 passed, 2 skipped, 2 deselected, 15 warnings in 11.67s ==========
[  213s] ++ '[' -f _current_flavor ']'
[  213s] ++ cat _current_flavor
[  213s] + last_flavor=python39
[  213s] + '[' -z python39 ']'
[  213s] + '[' python39 '!=' python311 ']'
[  213s] + '[' -d build ']'
[  213s] + mv build _build.python39
[  213s] + '[' -d _build.python311 ']'
[  213s] + mv _build.python311 build
[  213s] + echo python311
[  213s] + python_flavor=python311
[  213s] + PYTHONPATH=/home/abuild/rpmbuild/BUILDROOT/python-influxdb-5.3.1-2.2.riscv64/usr/lib/python3.11/site-packages
[  213s] + PYTHONDONTWRITEBYTECODE=1
[  213s] + pytest-3.11 --ignore=_build.python38 --ignore=_build.python39 --ignore=_build.python311 --ignore=_build.python310 -v influxdb -k 'not (test_write_points_from_dataframe_with_nan_json or test_write_points_from_dataframe_with_tags_and_nan_json)'
[  216s] ============================= test session starts ==============================
[  216s] platform linux -- Python 3.11.1, pytest-7.2.0, pluggy-1.0.0 -- /usr/bin/python3.11
[  216s] cachedir: .pytest_cache
[  216s] rootdir: /home/abuild/rpmbuild/BUILD/influxdb-5.3.1
[  216s] plugins: requests-mock-1.10.0
[  220s] collecting ... collected 231 items / 2 deselected / 229 selected
[  220s] 
[  220s] influxdb/tests/chunked_json_test.py::TestChunkJson::test_load PASSED     [  0%]
[  220s] influxdb/tests/client_test.py::TestInfluxDBClient::test_alter_retention_policy PASSED [  0%]
[  220s] influxdb/tests/client_test.py::TestInfluxDBClient::test_alter_retention_policy_invalid PASSED [  1%]
[  220s] influxdb/tests/client_test.py::TestInfluxDBClient::test_auth_default PASSED [  1%]
[  220s] influxdb/tests/client_test.py::TestInfluxDBClient::test_auth_token PASSED [  2%]
[  220s] influxdb/tests/client_test.py::TestInfluxDBClient::test_auth_username_password PASSED [  2%]
[  220s] influxdb/tests/client_test.py::TestInfluxDBClient::test_auth_username_password_none PASSED [  3%]
[  220s] influxdb/tests/client_test.py::TestInfluxDBClient::test_cert PASSED      [  3%]
[  220s] influxdb/tests/client_test.py::TestInfluxDBClient::test_chunked_response PASSED [  3%]
[  220s] influxdb/tests/client_test.py::TestInfluxDBClient::test_create_continuous_query PASSED [  4%]
[  220s] influxdb/tests/client_test.py::TestInfluxDBClient::test_create_continuous_query_fails PASSED [  4%]
[  220s] influxdb/tests/client_test.py::TestInfluxDBClient::test_create_database PASSED [  5%]
[  220s] influxdb/tests/client_test.py::TestInfluxDBClient::test_create_database_fails PASSED [  5%]
[  220s] influxdb/tests/client_test.py::TestInfluxDBClient::test_create_numeric_named_database PASSED [  6%]
[  220s] influxdb/tests/client_test.py::TestInfluxDBClient::test_create_retention_policy PASSED [  6%]
[  220s] influxdb/tests/client_test.py::TestInfluxDBClient::test_create_retention_policy_default PASSED [  6%]
[  220s] influxdb/tests/client_test.py::TestInfluxDBClient::test_create_retention_policy_shard_duration PASSED [  7%]
[  220s] influxdb/tests/client_test.py::TestInfluxDBClient::test_create_retention_policy_shard_duration_default PASSED [  7%]
[  220s] influxdb/tests/client_test.py::TestInfluxDBClient::test_drop_continuous_query PASSED [  8%]
[  220s] influxdb/tests/client_test.py::TestInfluxDBClient::test_drop_continuous_query_fails PASSED [  8%]
[  220s] influxdb/tests/client_test.py::TestInfluxDBClient::test_drop_database PASSED [  9%]
[  220s] influxdb/tests/client_test.py::TestInfluxDBClient::test_drop_measurement PASSED [  9%]
[  220s] influxdb/tests/client_test.py::TestInfluxDBClient::test_drop_numeric_named_database PASSED [ 10%]
[  220s] influxdb/tests/client_test.py::TestInfluxDBClient::test_drop_retention_policy PASSED [ 10%]
[  221s] influxdb/tests/client_test.py::TestInfluxDBClient::test_drop_retention_policy_fails PASSED [ 10%]
[  221s] influxdb/tests/client_test.py::TestInfluxDBClient::test_dsn PASSED       [ 11%]
[  221s] influxdb/tests/client_test.py::TestInfluxDBClient::test_get_list_continuous_queries PASSED [ 11%]
[  221s] influxdb/tests/client_test.py::TestInfluxDBClient::test_get_list_continuous_queries_fails PASSED [ 12%]
[  221s] influxdb/tests/client_test.py::TestInfluxDBClient::test_get_list_database PASSED [ 12%]
[  221s] influxdb/tests/client_test.py::TestInfluxDBClient::test_get_list_database_fails PASSED [ 13%]
[  221s] influxdb/tests/client_test.py::TestInfluxDBClient::test_get_list_measurements PASSED [ 13%]
[  221s] influxdb/tests/client_test.py::TestInfluxDBClient::test_get_list_privileges PASSED [ 13%]
[  221s] influxdb/tests/client_test.py::TestInfluxDBClient::test_get_list_privileges_fails PASSED [ 14%]
[  221s] influxdb/tests/client_test.py::TestInfluxDBClient::test_get_list_retention_policies PASSED [ 14%]
[  221s] influxdb/tests/client_test.py::TestInfluxDBClient::test_get_list_series PASSED [ 15%]
[  221s] influxdb/tests/client_test.py::TestInfluxDBClient::test_get_list_series_fails PASSED [ 15%]
[  221s] influxdb/tests/client_test.py::TestInfluxDBClient::test_get_list_series_with_measurement PASSED [ 16%]
[  221s] influxdb/tests/client_test.py::TestInfluxDBClient::test_get_list_series_with_tags PASSED [ 16%]
[  221s] influxdb/tests/client_test.py::TestInfluxDBClient::test_get_list_users PASSED [ 17%]
[  221s] influxdb/tests/client_test.py::TestInfluxDBClient::test_get_list_users_empty PASSED [ 17%]
[  221s] influxdb/tests/client_test.py::TestInfluxDBClient::test_grant_admin_privileges PASSED [ 17%]
[  221s] influxdb/tests/client_test.py::TestInfluxDBClient::test_grant_admin_privileges_invalid PASSED [ 18%]
[  221s] influxdb/tests/client_test.py::TestInfluxDBClient::test_grant_privilege PASSED [ 18%]
[  221s] influxdb/tests/client_test.py::TestInfluxDBClient::test_grant_privilege_invalid PASSED [ 19%]
[  221s] influxdb/tests/client_test.py::TestInfluxDBClient::test_invalid_port_fails PASSED [ 19%]
[  221s] influxdb/tests/client_test.py::TestInfluxDBClient::test_ping PASSED      [ 20%]
[  221s] influxdb/tests/client_test.py::TestInfluxDBClient::test_query PASSED     [ 20%]
[  221s] influxdb/tests/client_test.py::TestInfluxDBClient::test_query_chunked SKIPPED [ 20%]
[  221s] influxdb/tests/client_test.py::TestInfluxDBClient::test_query_fail PASSED [ 21%]
[  221s] influxdb/tests/client_test.py::TestInfluxDBClient::test_query_msgpack PASSED [ 21%]
[  221s] influxdb/tests/client_test.py::TestInfluxDBClient::test_random_request_retry PASSED [ 22%]
[  221s] influxdb/tests/client_test.py::TestInfluxDBClient::test_random_request_retry_raises PASSED [ 22%]
[  221s] influxdb/tests/client_test.py::TestInfluxDBClient::test_request_retry PASSED [ 23%]
[  221s] influxdb/tests/client_test.py::TestInfluxDBClient::test_request_retry_raises PASSED [ 23%]
[  221s] influxdb/tests/client_test.py::TestInfluxDBClient::test_revoke_admin_privileges PASSED [ 24%]
[  221s] influxdb/tests/client_test.py::TestInfluxDBClient::test_revoke_admin_privileges_invalid PASSED [ 24%]
[  221s] influxdb/tests/client_test.py::TestInfluxDBClient::test_revoke_privilege PASSED [ 24%]
[  221s] influxdb/tests/client_test.py::TestInfluxDBClient::test_revoke_privilege_invalid PASSED [ 25%]
[  221s] influxdb/tests/client_test.py::TestInfluxDBClient::test_scheme PASSED    [ 25%]
[  221s] influxdb/tests/client_test.py::TestInfluxDBClient::test_select_into_post PASSED [ 26%]
[  221s] influxdb/tests/client_test.py::TestInfluxDBClient::test_switch_database PASSED [ 26%]
[  221s] influxdb/tests/client_test.py::TestInfluxDBClient::test_switch_user PASSED [ 27%]
[  221s] influxdb/tests/client_test.py::TestInfluxDBClient::test_write PASSED     [ 27%]
[  222s] influxdb/tests/client_test.py::TestInfluxDBClient::test_write_gzip FAILED [ 27%]
[  222s] influxdb/tests/client_test.py::TestInfluxDBClient::test_write_points PASSED [ 28%]
[  222s] influxdb/tests/client_test.py::TestInfluxDBClient::test_write_points_bad_consistency PASSED [ 28%]
[  222s] influxdb/tests/client_test.py::TestInfluxDBClient::test_write_points_bad_precision PASSED [ 29%]
[  222s] influxdb/tests/client_test.py::TestInfluxDBClient::test_write_points_batch PASSED [ 29%]
[  222s] influxdb/tests/client_test.py::TestInfluxDBClient::test_write_points_batch_generator PASSED [ 30%]
[  222s] influxdb/tests/client_test.py::TestInfluxDBClient::test_write_points_fails PASSED [ 30%]
[  222s] influxdb/tests/client_test.py::TestInfluxDBClient::test_write_points_gzip PASSED [ 31%]
[  222s] influxdb/tests/client_test.py::TestInfluxDBClient::test_write_points_toplevel_attributes PASSED [ 31%]
[  222s] influxdb/tests/client_test.py::TestInfluxDBClient::test_write_points_udp PASSED [ 31%]
[  222s] influxdb/tests/client_test.py::TestInfluxDBClient::test_write_points_with_consistency PASSED [ 32%]
[  222s] influxdb/tests/client_test.py::TestInfluxDBClient::test_write_points_with_precision PASSED [ 32%]
[  222s] influxdb/tests/client_test.py::TestInfluxDBClient::test_write_points_with_precision_fails PASSED [ 33%]
[  222s] influxdb/tests/client_test.py::TestInfluxDBClient::test_write_points_with_precision_udp PASSED [ 33%]
[  222s] influxdb/tests/dataframe_client_test.py::TestDataFrameClient::test_alter_retention_policy PASSED [ 34%]
[  222s] influxdb/tests/dataframe_client_test.py::TestDataFrameClient::test_alter_retention_policy_invalid PASSED [ 34%]
[  222s] influxdb/tests/dataframe_client_test.py::TestDataFrameClient::test_create_database PASSED [ 34%]
[  222s] influxdb/tests/dataframe_client_test.py::TestDataFrameClient::test_create_database_fails PASSED [ 35%]
[  222s] influxdb/tests/dataframe_client_test.py::TestDataFrameClient::test_create_numeric_named_database PASSED [ 35%]
[  222s] influxdb/tests/dataframe_client_test.py::TestDataFrameClient::test_create_retention_policy PASSED [ 36%]
[  222s] influxdb/tests/dataframe_client_test.py::TestDataFrameClient::test_create_retention_policy_default PASSED [ 36%]
[  222s] influxdb/tests/dataframe_client_test.py::TestDataFrameClient::test_dataframe_write_points_with_whitespace_in_column_names PASSED [ 37%]
[  222s] influxdb/tests/dataframe_client_test.py::TestDataFrameClient::test_dataframe_write_points_with_whitespace_measurement PASSED [ 37%]
[  222s] influxdb/tests/dataframe_client_test.py::TestDataFrameClient::test_datetime_to_epoch PASSED [ 37%]
[  222s] influxdb/tests/dataframe_client_test.py::TestDataFrameClient::test_drop_database PASSED [ 38%]
[  222s] influxdb/tests/dataframe_client_test.py::TestDataFrameClient::test_drop_measurement PASSED [ 38%]
[  222s] influxdb/tests/dataframe_client_test.py::TestDataFrameClient::test_drop_numeric_named_database PASSED [ 39%]
[  223s] influxdb/tests/dataframe_client_test.py::TestDataFrameClient::test_drop_retention_policy PASSED [ 39%]
[  223s] influxdb/tests/dataframe_client_test.py::TestDataFrameClient::test_drop_retention_policy_fails PASSED [ 40%]
[  223s] influxdb/tests/dataframe_client_test.py::TestDataFrameClient::test_dsn_constructor PASSED [ 40%]
[  223s] influxdb/tests/dataframe_client_test.py::TestDataFrameClient::test_get_list_database PASSED [ 41%]
[  223s] influxdb/tests/dataframe_client_test.py::TestDataFrameClient::test_get_list_database_fails PASSED [ 41%]
[  223s] influxdb/tests/dataframe_client_test.py::TestDataFrameClient::test_get_list_measurements PASSED [ 41%]
[  223s] influxdb/tests/dataframe_client_test.py::TestDataFrameClient::test_get_list_retention_policies PASSED [ 42%]
[  223s] influxdb/tests/dataframe_client_test.py::TestDataFrameClient::test_multiquery_into_dataframe PASSED [ 42%]
[  223s] influxdb/tests/dataframe_client_test.py::TestDataFrameClient::test_multiquery_into_dataframe_dropna PASSED [ 43%]
[  223s] influxdb/tests/dataframe_client_test.py::TestDataFrameClient::test_query_custom_index PASSED [ 43%]
[  223s] influxdb/tests/dataframe_client_test.py::TestDataFrameClient::test_query_into_dataframe PASSED [ 44%]
[  223s] influxdb/tests/dataframe_client_test.py::TestDataFrameClient::test_query_with_empty_result PASSED [ 44%]
[  223s] influxdb/tests/dataframe_client_test.py::TestDataFrameClient::test_write_points_from_dataframe PASSED [ 44%]
[  223s] influxdb/tests/dataframe_client_test.py::TestDataFrameClient::test_write_points_from_dataframe_fails_with_series PASSED [ 45%]
[  223s] influxdb/tests/dataframe_client_test.py::TestDataFrameClient::test_write_points_from_dataframe_fails_without_time_index PASSED [ 45%]
[  223s] influxdb/tests/dataframe_client_test.py::TestDataFrameClient::test_write_points_from_dataframe_in_batches PASSED [ 46%]
[  223s] influxdb/tests/dataframe_client_test.py::TestDataFrameClient::test_write_points_from_dataframe_with_all_none PASSED [ 46%]
[  223s] influxdb/tests/dataframe_client_test.py::TestDataFrameClient::test_write_points_from_dataframe_with_leading_none_column PASSED [ 47%]
[  224s] influxdb/tests/dataframe_client_test.py::TestDataFrameClient::test_write_points_from_dataframe_with_line_of_none PASSED [ 47%]
[  224s] influxdb/tests/dataframe_client_test.py::TestDataFrameClient::test_write_points_from_dataframe_with_nan_line PASSED [ 48%]
[  224s] influxdb/tests/dataframe_client_test.py::TestDataFrameClient::test_write_points_from_dataframe_with_none PASSED [ 48%]
[  224s] influxdb/tests/dataframe_client_test.py::TestDataFrameClient::test_write_points_from_dataframe_with_numeric_column_names PASSED [ 48%]
[  224s] influxdb/tests/dataframe_client_test.py::TestDataFrameClient::test_write_points_from_dataframe_with_numeric_precision PASSED [ 49%]
[  224s] influxdb/tests/dataframe_client_test.py::TestDataFrameClient::test_write_points_from_dataframe_with_period_index PASSED [ 49%]
[  225s] influxdb/tests/dataframe_client_test.py::TestDataFrameClient::test_write_points_from_dataframe_with_tag_cols_and_defaults PASSED [ 50%]
[  225s] influxdb/tests/dataframe_client_test.py::TestDataFrameClient::test_write_points_from_dataframe_with_tag_cols_and_global_tags PASSED [ 50%]
[  225s] influxdb/tests/dataframe_client_test.py::TestDataFrameClient::test_write_points_from_dataframe_with_tag_columns PASSED [ 51%]
[  225s] influxdb/tests/dataframe_client_test.py::TestDataFrameClient::test_write_points_from_dataframe_with_tag_escaped PASSED [ 51%]
[  225s] influxdb/tests/dataframe_client_test.py::TestDataFrameClient::test_write_points_from_dataframe_with_tags_and_nan_line PASSED [ 51%]
[  226s] influxdb/tests/dataframe_client_test.py::TestDataFrameClient::test_write_points_from_dataframe_with_time_precision PASSED [ 52%]
[  226s] influxdb/tests/helper_test.py::TestSeriesHelper::testInvalidHelpers PASSED [ 52%]
[  226s] influxdb/tests/helper_test.py::TestSeriesHelper::testSeriesWithRetentionPolicy PASSED [ 53%]
[  226s] influxdb/tests/helper_test.py::TestSeriesHelper::testSeriesWithTimeField PASSED [ 53%]
[  226s] influxdb/tests/helper_test.py::TestSeriesHelper::testSeriesWithoutAllTags PASSED [ 54%]
[  226s] influxdb/tests/helper_test.py::TestSeriesHelper::testSeriesWithoutRetentionPolicy PASSED [ 54%]
[  226s] influxdb/tests/helper_test.py::TestSeriesHelper::testSeriesWithoutTimeField PASSED [ 55%]
[  226s] influxdb/tests/helper_test.py::TestSeriesHelper::testSeveralSeriesNames PASSED [ 55%]
[  226s] influxdb/tests/helper_test.py::TestSeriesHelper::testSingleSeriesName PASSED [ 55%]
[  226s] influxdb/tests/helper_test.py::TestSeriesHelper::testWarnBulkSizeNoEffect PASSED [ 56%]
[  226s] influxdb/tests/helper_test.py::TestSeriesHelper::testWarnBulkSizeZero SKIPPED [ 56%]
[  226s] influxdb/tests/helper_test.py::TestSeriesHelper::test_auto_commit PASSED [ 57%]
[  226s] influxdb/tests/resultset_test.py::TestResultSet::test_filter_by_name PASSED [ 57%]
[  226s] influxdb/tests/resultset_test.py::TestResultSet::test_filter_by_name_and_tags PASSED [ 58%]
[  226s] influxdb/tests/resultset_test.py::TestResultSet::test_filter_by_tags PASSED [ 58%]
[  226s] influxdb/tests/resultset_test.py::TestResultSet::test_items PASSED       [ 58%]
[  226s] influxdb/tests/resultset_test.py::TestResultSet::test_keys PASSED        [ 59%]
[  226s] influxdb/tests/resultset_test.py::TestResultSet::test_len PASSED         [ 59%]
[  226s] influxdb/tests/resultset_test.py::TestResultSet::test_point_from_cols_vals PASSED [ 60%]
[  226s] influxdb/tests/resultset_test.py::TestResultSet::test_resultset_error PASSED [ 60%]
[  226s] influxdb/tests/resultset_test.py::TestResultSet::test_system_query PASSED [ 61%]
[  226s] influxdb/tests/test_line_protocol.py::TestLineProtocol::test_float_with_long_decimal_fraction PASSED [ 61%]
[  226s] influxdb/tests/test_line_protocol.py::TestLineProtocol::test_float_with_long_decimal_fraction_as_type_decimal PASSED [ 62%]
[  226s] influxdb/tests/test_line_protocol.py::TestLineProtocol::test_make_lines PASSED [ 62%]
[  226s] influxdb/tests/test_line_protocol.py::TestLineProtocol::test_make_lines_empty_field_string PASSED [ 62%]
[  226s] influxdb/tests/test_line_protocol.py::TestLineProtocol::test_make_lines_unicode PASSED [ 63%]
[  226s] influxdb/tests/test_line_protocol.py::TestLineProtocol::test_quote_ident PASSED [ 63%]
[  226s] influxdb/tests/test_line_protocol.py::TestLineProtocol::test_quote_literal PASSED [ 64%]
[  226s] influxdb/tests/test_line_protocol.py::TestLineProtocol::test_string_val_newline PASSED [ 64%]
[  226s] influxdb/tests/test_line_protocol.py::TestLineProtocol::test_tag_value_newline PASSED [ 65%]
[  226s] influxdb/tests/test_line_protocol.py::TestLineProtocol::test_timezone PASSED [ 65%]
[  226s] influxdb/tests/influxdb08/client_test.py::TestInfluxDBClient::test_add_cluster_admin PASSED [ 65%]
[  226s] influxdb/tests/influxdb08/client_test.py::TestInfluxDBClient::test_add_database_admin PASSED [ 66%]
[  226s] influxdb/tests/influxdb08/client_test.py::TestInfluxDBClient::test_add_database_user PASSED [ 66%]
[  226s] influxdb/tests/influxdb08/client_test.py::TestInfluxDBClient::test_add_database_user_bad_permissions PASSED [ 67%]
[  226s] influxdb/tests/influxdb08/client_test.py::TestInfluxDBClient::test_alter_database_admin PASSED [ 67%]
[  226s] influxdb/tests/influxdb08/client_test.py::TestInfluxDBClient::test_alter_database_user_password PASSED [ 68%]
[  226s] influxdb/tests/influxdb08/client_test.py::TestInfluxDBClient::test_alter_database_user_password_and_permissions PASSED [ 68%]
[  226s] influxdb/tests/influxdb08/client_test.py::TestInfluxDBClient::test_alter_database_user_permissions PASSED [ 68%]
[  226s] influxdb/tests/influxdb08/client_test.py::TestInfluxDBClient::test_create_database PASSED [ 69%]
[  226s] influxdb/tests/influxdb08/client_test.py::TestInfluxDBClient::test_create_database_fails PASSED [ 69%]
[  226s] influxdb/tests/influxdb08/client_test.py::TestInfluxDBClient::test_create_scheduled_delete PASSED [ 70%]
[  226s] influxdb/tests/influxdb08/client_test.py::TestInfluxDBClient::test_delete_cluster_admin PASSED [ 70%]
[  226s] influxdb/tests/influxdb08/client_test.py::TestInfluxDBClient::test_delete_database PASSED [ 71%]
[  226s] influxdb/tests/influxdb08/client_test.py::TestInfluxDBClient::test_delete_database_admin PASSED [ 71%]
[  226s] influxdb/tests/influxdb08/client_test.py::TestInfluxDBClient::test_delete_database_fails PASSED [ 72%]
[  226s] influxdb/tests/influxdb08/client_test.py::TestInfluxDBClient::test_delete_database_user PASSED [ 72%]
[  226s] influxdb/tests/influxdb08/client_test.py::TestInfluxDBClient::test_delete_points PASSED [ 72%]
[  226s] influxdb/tests/influxdb08/client_test.py::TestInfluxDBClient::test_delete_points_with_wrong_name PASSED [ 73%]
[  226s] influxdb/tests/influxdb08/client_test.py::TestInfluxDBClient::test_delete_series PASSED [ 73%]
[  226s] influxdb/tests/influxdb08/client_test.py::TestInfluxDBClient::test_delete_series_fails PASSED [ 74%]
[  226s] influxdb/tests/influxdb08/client_test.py::TestInfluxDBClient::test_dsn PASSED [ 74%]
[  226s] influxdb/tests/influxdb08/client_test.py::TestInfluxDBClient::test_get_continuous_queries PASSED [ 75%]
[  226s] influxdb/tests/influxdb08/client_test.py::TestInfluxDBClient::test_get_database_list_deprecated PASSED [ 75%]
[  226s] influxdb/tests/influxdb08/client_test.py::TestInfluxDBClient::test_get_database_users PASSED [ 75%]
[  226s] influxdb/tests/influxdb08/client_test.py::TestInfluxDBClient::test_get_list_cluster_admins PASSED [ 76%]
[  226s] influxdb/tests/influxdb08/client_test.py::TestInfluxDBClient::test_get_list_database PASSED [ 76%]
[  226s] influxdb/tests/influxdb08/client_test.py::TestInfluxDBClient::test_get_list_database_admins PASSED [ 77%]
[  226s] influxdb/tests/influxdb08/client_test.py::TestInfluxDBClient::test_get_list_database_fails PASSED [ 77%]
[  226s] influxdb/tests/influxdb08/client_test.py::TestInfluxDBClient::test_get_list_scheduled_delete PASSED [ 78%]
[  226s] influxdb/tests/influxdb08/client_test.py::TestInfluxDBClient::test_get_series_list PASSED [ 78%]
[  226s] influxdb/tests/influxdb08/client_test.py::TestInfluxDBClient::test_query PASSED [ 79%]
[  226s] influxdb/tests/influxdb08/client_test.py::TestInfluxDBClient::test_query_bad_precision PASSED [ 79%]
[  226s] influxdb/tests/influxdb08/client_test.py::TestInfluxDBClient::test_query_chunked PASSED [ 79%]
[  226s] influxdb/tests/influxdb08/client_test.py::TestInfluxDBClient::test_query_chunked_unicode PASSED [ 80%]
[  226s] influxdb/tests/influxdb08/client_test.py::TestInfluxDBClient::test_query_fail PASSED [ 80%]
[  226s] influxdb/tests/influxdb08/client_test.py::TestInfluxDBClient::test_remove_scheduled_delete PASSED [ 81%]
[  226s] influxdb/tests/influxdb08/client_test.py::TestInfluxDBClient::test_request_retry PASSED [ 81%]
[  226s] influxdb/tests/influxdb08/client_test.py::TestInfluxDBClient::test_request_retry_raises PASSED [ 82%]
[  226s] influxdb/tests/influxdb08/client_test.py::TestInfluxDBClient::test_scheme PASSED [ 82%]
[  226s] influxdb/tests/influxdb08/client_test.py::TestInfluxDBClient::test_set_database_admin PASSED [ 82%]
[  226s] influxdb/tests/influxdb08/client_test.py::TestInfluxDBClient::test_switch_database PASSED [ 83%]
[  226s] influxdb/tests/influxdb08/client_test.py::TestInfluxDBClient::test_switch_db_deprecated PASSED [ 83%]
[  226s] influxdb/tests/influxdb08/client_test.py::TestInfluxDBClient::test_switch_user PASSED [ 84%]
[  226s] influxdb/tests/influxdb08/client_test.py::TestInfluxDBClient::test_unset_database_admin PASSED [ 84%]
[  226s] influxdb/tests/influxdb08/client_test.py::TestInfluxDBClient::test_update_cluster_admin_password PASSED [ 85%]
[  226s] influxdb/tests/influxdb08/client_test.py::TestInfluxDBClient::test_update_database_admin_password PASSED [ 85%]
[  226s] influxdb/tests/influxdb08/client_test.py::TestInfluxDBClient::test_update_database_user_password_current_user PASSED [ 86%]
[  226s] influxdb/tests/influxdb08/client_test.py::TestInfluxDBClient::test_update_permission PASSED [ 86%]
[  226s] influxdb/tests/influxdb08/client_test.py::TestInfluxDBClient::test_write PASSED [ 86%]
[  226s] influxdb/tests/influxdb08/client_test.py::TestInfluxDBClient::test_write_bad_precision_udp PASSED [ 87%]
[  226s] influxdb/tests/influxdb08/client_test.py::TestInfluxDBClient::test_write_points PASSED [ 87%]
[  226s] influxdb/tests/influxdb08/client_test.py::TestInfluxDBClient::test_write_points_bad_precision PASSED [ 88%]
[  226s] influxdb/tests/influxdb08/client_test.py::TestInfluxDBClient::test_write_points_batch PASSED [ 88%]
[  226s] influxdb/tests/influxdb08/client_test.py::TestInfluxDBClient::test_write_points_batch_invalid_size PASSED [ 89%]
[  226s] influxdb/tests/influxdb08/client_test.py::TestInfluxDBClient::test_write_points_batch_multiple_series PASSED [ 89%]
[  226s] influxdb/tests/influxdb08/client_test.py::TestInfluxDBClient::test_write_points_fails PASSED [ 89%]
[  226s] influxdb/tests/influxdb08/client_test.py::TestInfluxDBClient::test_write_points_string PASSED [ 90%]
[  226s] influxdb/tests/influxdb08/client_test.py::TestInfluxDBClient::test_write_points_udp PASSED [ 90%]
[  226s] influxdb/tests/influxdb08/client_test.py::TestInfluxDBClient::test_write_points_with_precision PASSED [ 91%]
[  226s] influxdb/tests/influxdb08/client_test.py::TestInfluxDBClient::test_write_points_with_precision_fails PASSED [ 91%]
[  226s] influxdb/tests/influxdb08/dataframe_client_test.py::TestDataFrameClient::test_datetime_to_epoch PASSED [ 92%]
[  226s] influxdb/tests/influxdb08/dataframe_client_test.py::TestDataFrameClient::test_list_series PASSED [ 92%]
[  227s] influxdb/tests/influxdb08/dataframe_client_test.py::TestDataFrameClient::test_query_into_dataframe PASSED [ 93%]
[  227s] influxdb/tests/influxdb08/dataframe_client_test.py::TestDataFrameClient::test_query_multiple_time_series PASSED [ 93%]
[  227s] influxdb/tests/influxdb08/dataframe_client_test.py::TestDataFrameClient::test_query_with_empty_result PASSED [ 93%]
[  227s] influxdb/tests/influxdb08/dataframe_client_test.py::TestDataFrameClient::test_write_points_from_dataframe PASSED [ 94%]
[  227s] influxdb/tests/influxdb08/dataframe_client_test.py::TestDataFrameClient::test_write_points_from_dataframe_fails_with_series PASSED [ 94%]
[  227s] influxdb/tests/influxdb08/dataframe_client_test.py::TestDataFrameClient::test_write_points_from_dataframe_fails_without_time_index PASSED [ 95%]
[  227s] influxdb/tests/influxdb08/dataframe_client_test.py::TestDataFrameClient::test_write_points_from_dataframe_in_batches PASSED [ 95%]
[  227s] influxdb/tests/influxdb08/dataframe_client_test.py::TestDataFrameClient::test_write_points_from_dataframe_with_float_nan PASSED [ 96%]
[  227s] influxdb/tests/influxdb08/dataframe_client_test.py::TestDataFrameClient::test_write_points_from_dataframe_with_numeric_column_names PASSED [ 96%]
[  227s] influxdb/tests/influxdb08/dataframe_client_test.py::TestDataFrameClient::test_write_points_from_dataframe_with_period_index PASSED [ 96%]
[  227s] influxdb/tests/influxdb08/dataframe_client_test.py::TestDataFrameClient::test_write_points_from_dataframe_with_time_precision PASSED [ 97%]
[  227s] influxdb/tests/influxdb08/helper_test.py::TestSeriesHelper::testInvalidHelpers PASSED [ 97%]
[  227s] influxdb/tests/influxdb08/helper_test.py::TestSeriesHelper::testSeveralSeriesNames PASSED [ 98%]
[  227s] influxdb/tests/influxdb08/helper_test.py::TestSeriesHelper::testSingleSeriesName PASSED [ 98%]
[  227s] influxdb/tests/influxdb08/helper_test.py::TestSeriesHelper::testWarnBulkSizeNoEffect PASSED [ 99%]
[  227s] influxdb/tests/influxdb08/helper_test.py::TestSeriesHelper::testWarnBulkSizeZero PASSED [ 99%]
[  227s] influxdb/tests/influxdb08/helper_test.py::TestSeriesHelper::test_auto_commit PASSED [100%]
[  227s] 
[  227s] =================================== FAILURES ===================================
[  227s] ______________________ TestInfluxDBClient.test_write_gzip ______________________
[  227s] 
[  227s] self = <influxdb.tests.client_test.TestInfluxDBClient testMethod=test_write_gzip>
[  227s] 
[  227s]     def test_write_gzip(self):
[  227s]         """Test write in TestInfluxDBClient object."""
[  227s]         with requests_mock.Mocker() as m:
[  227s]             m.register_uri(
[  227s]                 requests_mock.POST,
[  227s]                 "http://localhost:8086/write",
[  227s]                 status_code=204
[  227s]             )
[  227s]     
[  227s]             cli = InfluxDBClient(database='db', gzip=True)
[  227s]             cli.write(
[  227s]                 {"database": "mydb",
[  227s]                  "retentionPolicy": "mypolicy",
[  227s]                  "points": [{"measurement": "cpu_load_short",
[  227s]                              "tags": {"host": "server01",
[  227s]                                       "region": "us-west"},
[  227s]                              "time": "2009-11-10T23:00:00Z",
[  227s]                              "fields": {"value": 0.64}}]}
[  227s]             )
[  227s]     
[  227s]             compressed = io.BytesIO()
[  227s]             with gzip.GzipFile(
[  227s]                 compresslevel=9,
[  227s]                 fileobj=compressed,
[  227s]                 mode='w'
[  227s]             ) as f:
[  227s]                 f.write(
[  227s]                     b"cpu_load_short,host=server01,region=us-west "
[  227s]                     b"value=0.64 1257894000000000000\n"
[  227s]                 )
[  227s]     
[  227s] >           self.assertEqual(
[  227s]                 m.last_request.body,
[  227s]                 compressed.getvalue(),
[  227s]             )
[  227s] E           AssertionError: b'\x1f\x8b\x08\x007\xf2\xf1c\x02\xffK.(\x8d\xcf\xc9OL\x89/\[133 chars]\x00' != b'\x1f\x8b\x08\x008\xf2\xf1c\x02\xffK.(\x8d\xcf\xc9OL\x89/\[133 chars]\x00'
[  227s] 
[  227s] influxdb/tests/client_test.py:248: AssertionError
[  227s] =============================== warnings summary ===============================
[  227s] influxdb/tests/client_test.py:525
[  227s]   /home/abuild/rpmbuild/BUILD/influxdb-5.3.1/influxdb/tests/client_test.py:525: DeprecationWarning: invalid escape sequence '\('
[  227s]     "\(use 'n', 'u', 'ms', 's', 'm' or 'h'\)"
[  227s] 
[  227s] influxdb/tests/dataframe_client_test.py:22
[  227s]   /home/abuild/rpmbuild/BUILD/influxdb-5.3.1/influxdb/tests/dataframe_client_test.py:22: FutureWarning: pandas.util.testing is deprecated. Use the functions in the public API at pandas.testing instead.
[  227s]     from pandas.util.testing import assert_frame_equal
[  227s] 
[  227s] influxdb/tests/influxdb08/client_test.py:308
[  227s]   /home/abuild/rpmbuild/BUILD/influxdb-5.3.1/influxdb/tests/influxdb08/client_test.py:308: DeprecationWarning: invalid escape sequence '\('
[  227s]     "Invalid time precision is given. \(use 's', 'm', 'ms' or 'u'\)"
[  227s] 
[  227s] influxdb/tests/influxdb08/client_test.py:452
[  227s]   /home/abuild/rpmbuild/BUILD/influxdb-5.3.1/influxdb/tests/influxdb08/client_test.py:452: DeprecationWarning: invalid escape sequence '\('
[  227s]     "Invalid time precision is given. \(use 's', 'm', 'ms' or 'u'\)"
[  227s] 
[  227s] influxdb/tests/influxdb08/client_test.py:736
[  227s]   /home/abuild/rpmbuild/BUILD/influxdb-5.3.1/influxdb/tests/influxdb08/client_test.py:736: DeprecationWarning: invalid escape sequence '\('
[  227s]     "'permissions' must be \(readFrom, writeTo\) tuple"
[  227s] 
[  227s] influxdb/tests/client_test.py::TestInfluxDBClient::test_write_points_bad_precision
[  227s]   /home/abuild/rpmbuild/BUILD/influxdb-5.3.1/influxdb/tests/client_test.py:522: DeprecationWarning: Please use assertRaisesRegex instead.
[  227s]     with self.assertRaisesRegexp(
[  227s] 
[  227s] influxdb/tests/resultset_test.py::TestResultSet::test_filter_by_name
[  227s] influxdb/tests/resultset_test.py::TestResultSet::test_filter_by_name_and_tags
[  227s] influxdb/tests/resultset_test.py::TestResultSet::test_filter_by_name_and_tags
[  227s] influxdb/tests/resultset_test.py::TestResultSet::test_filter_by_tags
[  227s] influxdb/tests/resultset_test.py::TestResultSet::test_system_query
[  227s]   /home/abuild/rpmbuild/BUILD/influxdb-5.3.1/influxdb/resultset.py:56: DeprecationWarning: ResultSet's ``__getitem__`` method will be deprecated. Use``get_points`` instead.
[  227s]     warnings.warn(
[  227s] 
[  227s] influxdb/tests/influxdb08/client_test.py::TestInfluxDBClient::test_add_database_user_bad_permissions
[  227s]   /home/abuild/rpmbuild/BUILD/influxdb-5.3.1/influxdb/tests/influxdb08/client_test.py:734: DeprecationWarning: Please use assertRaisesRegex instead.
[  227s]     with self.assertRaisesRegexp(
[  227s] 
[  227s] influxdb/tests/influxdb08/client_test.py::TestInfluxDBClient::test_query_bad_precision
[  227s]   /home/abuild/rpmbuild/BUILD/influxdb-5.3.1/influxdb/tests/influxdb08/client_test.py:450: DeprecationWarning: Please use assertRaisesRegex instead.
[  227s]     with self.assertRaisesRegexp(
[  227s] 
[  227s] influxdb/tests/influxdb08/client_test.py::TestInfluxDBClient::test_write_bad_precision_udp
[  227s]   /home/abuild/rpmbuild/BUILD/influxdb-5.3.1/influxdb/tests/influxdb08/client_test.py:281: DeprecationWarning: Please use assertRaisesRegex instead.
[  227s]     with self.assertRaisesRegexp(
[  227s] 
[  227s] influxdb/tests/influxdb08/client_test.py::TestInfluxDBClient::test_write_points_bad_precision
[  227s]   /home/abuild/rpmbuild/BUILD/influxdb-5.3.1/influxdb/tests/influxdb08/client_test.py:306: DeprecationWarning: Please use assertRaisesRegex instead.
[  227s]     with self.assertRaisesRegexp(
[  227s] 
[  227s] -- Docs: https://docs.pytest.org/en/stable/how-to/capture-warnings.html
[  227s] =========================== short test summary info ============================
[  227s] FAILED influxdb/tests/client_test.py::TestInfluxDBClient::test_write_gzip - A...
[  227s] ===== 1 failed, 226 passed, 2 skipped, 2 deselected, 15 warnings in 11.08s =====
[  227s] error: Bad exit status from /var/tmp/rpm-tmp.Ab9I2Q (%check)
[  227s] 
[  227s] RPM build errors:
[  227s]     Bad exit status from /var/tmp/rpm-tmp.Ab9I2Q (%check)
[  228s] ### VM INTERACTION START ###
[  228s] [  223.333807][    T1] sysrq: Power Off
[  228s] [  223.335757][  T380] reboot: Power down
[  228s] ### VM INTERACTION END ###
[  228s] 
[  228s] sheep87 failed "build python-influxdb.spec" at Sun Feb 19 09:56:15 UTC 2023.
[  228s] 
