[    0s] Using BUILD_ROOT=/var/cache/obs/worker/root_12/.mount
[    0s] Using BUILD_ARCH=riscv64
[    0s] Doing kvm build in /var/cache/obs/worker/root_12/root
[    0s] 
[    0s] 
[    0s] hci-snode2-m0 started "build python-sphinx-testing.spec" at Sun Feb 19 07:11:59 UTC 2023.
[    0s] 
[    0s] Building python-sphinx-testing for project 'openSUSE:Factory:RISCV' repository 'standard' arch 'riscv64' srcmd5 '49a42d5789f0709eda56d807e4eafb40'
[    0s] 
[    0s] processing recipe /var/cache/obs/worker/root_12/.build-srcdir/python-sphinx-testing.spec ...
[    0s] running changelog2spec --target rpm --file /var/cache/obs/worker/root_12/.build-srcdir/python-sphinx-testing.spec
[    1s] init_buildsystem --configdir /var/run/obs/worker/12/build/configs --cachedir /var/cache/build --prepare --clean --rpmlist /var/cache/obs/worker/root_12/.build.rpmlist /var/cache/obs/worker/root_12/.build-srcdir/python-sphinx-testing.spec build ...
[    2s] unpacking preinstall image openSUSE:Factory:RISCV/standard/preinstallimage-python [83160fede3a282f635470653fe6cebf8]
[    7s] 
[    7s] copying packages...
[    8s] reordering...cycle: python310-sphinx_rtd_theme -> python310-Sphinx
[    8s]   breaking dependency python310-Sphinx -> python310-sphinx_rtd_theme
[    8s] cycle: python310-Sphinx -> python310-sphinxcontrib-applehelp
[    8s]   breaking dependency python310-Sphinx -> python310-sphinxcontrib-applehelp
[    8s] cycle: python310-Sphinx -> python310-sphinxcontrib-devhelp
[    8s]   breaking dependency python310-Sphinx -> python310-sphinxcontrib-devhelp
[    8s] cycle: python310-Sphinx -> python310-sphinxcontrib-htmlhelp
[    8s]   breaking dependency python310-Sphinx -> python310-sphinxcontrib-htmlhelp
[    8s] cycle: python310-Sphinx -> python310-sphinxcontrib-jsmath
[    8s]   breaking dependency python310-Sphinx -> python310-sphinxcontrib-jsmath
[    8s] cycle: python310-Sphinx -> python310-sphinxcontrib-qthelp
[    8s]   breaking dependency python310-Sphinx -> python310-sphinxcontrib-qthelp
[    8s] cycle: python310-Sphinx -> python310-sphinxcontrib-serializinghtml
[    8s]   breaking dependency python310-sphinxcontrib-serializinghtml -> python310-Sphinx
[    8s] cycle: python311-sphinx_rtd_theme -> python311-Sphinx
[    8s]   breaking dependency python311-Sphinx -> python311-sphinx_rtd_theme
[    8s] cycle: python311-Sphinx -> python311-sphinxcontrib-applehelp
[    8s]   breaking dependency python311-Sphinx -> python311-sphinxcontrib-applehelp
[    8s] cycle: python311-Sphinx -> python311-sphinxcontrib-devhelp
[    8s]   breaking dependency python311-Sphinx -> python311-sphinxcontrib-devhelp
[    8s] cycle: python311-Sphinx -> python311-sphinxcontrib-htmlhelp
[    8s]   breaking dependency python311-Sphinx -> python311-sphinxcontrib-htmlhelp
[    8s] cycle: python311-Sphinx -> python311-sphinxcontrib-jsmath
[    8s]   breaking dependency python311-Sphinx -> python311-sphinxcontrib-jsmath
[    8s] cycle: python311-Sphinx -> python311-sphinxcontrib-qthelp
[    8s]   breaking dependency python311-Sphinx -> python311-sphinxcontrib-qthelp
[    8s] cycle: python311-Sphinx -> python311-sphinxcontrib-serializinghtml
[    8s]   breaking dependency python311-sphinxcontrib-serializinghtml -> python311-Sphinx
[    8s] cycle: python38-sphinx_rtd_theme -> python38-Sphinx
[    8s]   breaking dependency python38-Sphinx -> python38-sphinx_rtd_theme
[    8s] cycle: python38-Sphinx -> python38-sphinxcontrib-applehelp
[    8s]   breaking dependency python38-Sphinx -> python38-sphinxcontrib-applehelp
[    8s] cycle: python38-Sphinx -> python38-sphinxcontrib-devhelp
[    8s]   breaking dependency python38-Sphinx -> python38-sphinxcontrib-devhelp
[    8s] cycle: python38-Sphinx -> python38-sphinxcontrib-htmlhelp
[    8s]   breaking dependency python38-Sphinx -> python38-sphinxcontrib-htmlhelp
[    8s] cycle: python38-Sphinx -> python38-sphinxcontrib-jsmath
[    8s]   breaking dependency python38-Sphinx -> python38-sphinxcontrib-jsmath
[    8s] cycle: python38-Sphinx -> python38-sphinxcontrib-qthelp
[    8s]   breaking dependency python38-Sphinx -> python38-sphinxcontrib-qthelp
[    8s] cycle: python38-Sphinx -> python38-sphinxcontrib-serializinghtml
[    8s]   breaking dependency python38-sphinxcontrib-serializinghtml -> python38-Sphinx
[    8s] cycle: python39-sphinx_rtd_theme -> python39-Sphinx
[    8s]   breaking dependency python39-Sphinx -> python39-sphinx_rtd_theme
[    8s] cycle: python39-Sphinx -> python39-sphinxcontrib-applehelp
[    8s]   breaking dependency python39-Sphinx -> python39-sphinxcontrib-applehelp
[    8s] cycle: python39-Sphinx -> python39-sphinxcontrib-devhelp
[    8s]   breaking dependency python39-Sphinx -> python39-sphinxcontrib-devhelp
[    8s] cycle: python39-Sphinx -> python39-sphinxcontrib-htmlhelp
[    8s]   breaking dependency python39-Sphinx -> python39-sphinxcontrib-htmlhelp
[    8s] cycle: python39-Sphinx -> python39-sphinxcontrib-jsmath
[    8s]   breaking dependency python39-Sphinx -> python39-sphinxcontrib-jsmath
[    8s] cycle: python39-Sphinx -> python39-sphinxcontrib-qthelp
[    8s]   breaking dependency python39-Sphinx -> python39-sphinxcontrib-qthelp
[    8s] cycle: python39-Sphinx -> python39-sphinxcontrib-serializinghtml
[    8s]   breaking dependency python39-sphinxcontrib-serializinghtml -> python39-Sphinx
[    8s] done
[    8s] Detected virtio-serial support
[   10s] booting kvm...
[   10s] ### VM INTERACTION START ###
[   10s] Using virtio-serial support
[   10s] /usr/bin/qemu-kvm -nodefaults -no-reboot -nographic -vga none -cpu host -M pc,accel=kvm,usb=off,dump-guest-core=off,vmport=off -sandbox on -bios /usr/share/qemu/qboot.rom -object rng-random,filename=/dev/random,id=rng0 -device virtio-rng-pci,rng=rng0 -object iothread,id=io0 -runas qemu -net none -kernel /var/cache/obs/worker/root_12/.mount/boot/kernel -initrd /var/cache/obs/worker/root_12/.mount/boot/initrd -append root=/dev/disk/by-id/virtio-0 rootfstype=ext4 rootflags=noatime kvmclock mitigations=off elevator=noop nmi_watchdog=0 rw rd.driver.pre=binfmt_misc oops=panic panic=1 quiet console=hvc0 init=/.build/initvm.x86_64 -m 8192 -drive file=/var/cache/obs/worker/root_12/root,format=raw,if=none,id=disk,cache=unsafe,aio=io_uring -device virtio-blk-pci,iothread=io0,drive=disk,serial=0 -drive file=/var/cache/obs/worker/root_12/swap,format=raw,if=none,id=swap,cache=unsafe,aio=io_uring -device virtio-blk-pci,iothread=io0,drive=swap,serial=1 -device virtio-serial,max_ports=2 -device virtconsole,chardev=virtiocon0 -chardev stdio,id=virtiocon0 -chardev socket,id=monitor,server=on,wait=off,path=/var/cache/obs/worker/root_12/root.qemu/monitor -mon chardev=monitor,mode=readline -smp 8
[   15s] ### VM INTERACTION END ###
[   15s] 2nd stage started in virtual machine
[   16s] machine type: riscv64
[   16s] Linux version: 6.1.12-1-default #1 SMP PREEMPT_DYNAMIC Wed Feb 15 05:31:41 UTC 2023 (373f017)
[   16s] Increasing log level from now on...
[   16s] [    5.907625][  T415] sysrq: Changing Loglevel
[   16s] [    5.907818][  T415] sysrq: Loglevel set to 4
[   16s] Enable sysrq operations
[   17s] Setting up swapspace version 1, size = 2 GiB (2147479552 bytes)
[   17s] no label, UUID=eaa9a16f-ecca-4201-976d-4b97756f9e8c
[   17s] swapon: /dev/vdb: found signature [pagesize=4096, signature=swap]
[   17s] swapon: /dev/vdb: pagesize=4096, swapsize=2147483648, devsize=2147483648
[   17s] swapon /dev/vdb
[   18s] WARNING: udev not running, creating extra device nodes
[   19s] logging output to //.build.log...
[   19s] processing recipe /.build-srcdir/python-sphinx-testing.spec ...
[   19s] init_buildsystem --configdir /.build/configs --cachedir /var/cache/build /.build-srcdir/python-sphinx-testing.spec build ...
[   20s] initializing rpm db...
[   21s] querying package ids...
[   72s] [1/316] preinstalled aaa_base-84.87+git20220822.6b9f7a3-1.1
[   72s] [2/316] preinstalled aaa_base-malloccheck-84.87+git20220822.6b9f7a3-1.1
[   72s] [3/316] preinstalled attr-2.5.1-1.1
[   72s] [4/316] preinstalled bash-5.2.15-8.1
[   72s] [5/316] preinstalled bash-sh-5.2.15-8.1
[   72s] [6/316] preinstalled binutils-2.39-3.1
[   72s] [7/316] preinstalled brp-check-suse-84.87+git20221115.2f7add6-1.1
[   72s] [8/316] preinstalled build-compare-20221206T204012.bb70754-1.2
[   72s] [9/316] preinstalled build-mkbaselibs-20230215-1.1
[   72s] [10/316] preinstalled bzip2-1.0.8-4.1
[   72s] [11/316] preinstalled chkstat-1599_20221220-1.2
[   72s] [12/316] preinstalled compat-usrmerge-build-84.87-5.1
[   72s] [13/316] preinstalled compat-usrmerge-tools-84.87-5.1
[   72s] [14/316] preinstalled coreutils-9.1-5.1
[   72s] [15/316] preinstalled cpio-2.13-5.1
[   72s] [16/316] preinstalled cpp-12-2.1
[   72s] [17/316] preinstalled cpp12-12.2.1+git749-4.1
[   72s] [18/316] preinstalled crypto-policies-20210917.c9d86d1-1.1
[   72s] [19/316] preinstalled debugedit-5.0-5.1
[   72s] [20/316] preinstalled diffutils-3.9-1.1
[   72s] [21/316] preinstalled dwz-0.15-2.1
[   72s] [22/316] preinstalled elfutils-0.188-3.2
[   72s] [23/316] cumulate fdupes-2.2.1-1.1
[   72s] [24/316] preinstalled file-5.44-1.2
[   72s] [25/316] preinstalled file-magic-5.44-1.2
[   72s] [26/316] preinstalled filesystem-84.87-12.1
[   72s] [27/316] preinstalled fillup-1.42-279.1
[   72s] [28/316] preinstalled findutils-4.9.0-2.1
[   72s] [29/316] preinstalled gawk-5.2.1-2.1
[   72s] [30/316] preinstalled gcc-12-2.1
[   72s] [31/316] preinstalled gcc-PIE-12-2.1
[   72s] [32/316] preinstalled gcc12-12.2.1+git749-4.1
[   72s] [33/316] preinstalled gcc12-PIE-12.2.1+git749-4.1
[   72s] [34/316] preinstalled gettext-runtime-mini-0.21.1-1.1
[   72s] [35/316] preinstalled gettext-tools-mini-0.21.1-1.1
[   72s] [36/316] preinstalled glibc-2.37-1.1
[   72s] [37/316] preinstalled glibc-devel-2.37-1.1
[   72s] [38/316] preinstalled glibc-locale-base-2.37-1.1
[   72s] [39/316] preinstalled grep-3.8-3.1
[   72s] [40/316] preinstalled gzip-1.12-3.1
[   72s] [41/316] preinstalled kernel-obs-build-6.1.12-1.1
[   72s] [42/316] preinstalled libacl1-2.3.1-2.1
[   72s] [43/316] cumulate libalternatives1-1.2+3.b848aad-3.1
[   72s] [44/316] preinstalled libasan8-13.0.1+git5428-6.1
[   73s] [45/316] preinstalled libasm1-0.188-3.2
[   73s] [46/316] preinstalled libatomic1-13.0.1+git5428-6.1
[   73s] [47/316] preinstalled libattr1-2.5.1-1.1
[   73s] [48/316] preinstalled libaudit1-3.0.6-4.1
[   73s] [49/316] preinstalled libblkid1-2.38.1-7.1
[   73s] [50/316] preinstalled libbz2-1-1.0.8-4.1
[   73s] [51/316] preinstalled libcap-ng0-0.8.3-1.1
[   73s] [52/316] preinstalled libcap2-2.67-1.1
[   73s] [53/316] preinstalled libcrypt1-4.4.33-1.1
[   73s] [54/316] preinstalled libctf-nobfd0-2.39-3.1
[   73s] [55/316] preinstalled libctf0-2.39-3.1
[   73s] [56/316] preinstalled libdb-4_8-4.8.30-39.1
[   73s] [57/316] preinstalled libdw1-0.188-3.2
[   73s] [58/316] preinstalled libeconf0-0.5.1-1.1
[   73s] [59/316] preinstalled libelf1-0.188-3.2
[   73s] [60/316] preinstalled libexpat1-2.5.0-2.1
[   73s] [61/316] preinstalled libfdisk1-2.38.1-7.1
[   73s] [62/316] preinstalled libffi8-3.4.4-1.1
[   73s] [63/316] preinstalled libgcc_s1-13.0.1+git5428-6.1
[   73s] [64/316] preinstalled libgcrypt20-1.10.1-1.1
[   73s] [65/316] preinstalled libgdbm6-1.23-1.1
[   73s] [66/316] preinstalled libgdbm_compat4-1.23-1.1
[   73s] [67/316] preinstalled libgmp10-6.2.1-4.1
[   73s] [68/316] preinstalled libgomp1-13.0.1+git5428-6.1
[   73s] [69/316] preinstalled libgpg-error0-1.46-1.1
[   73s] [70/316] preinstalled libisl23-0.25-1.1
[   73s] [71/316] preinstalled liblua5_4-5-5.4.4-8.1
[   73s] [72/316] preinstalled liblzma5-5.4.1-1.1
[   73s] [73/316] preinstalled libmagic1-5.44-1.2
[   73s] [74/316] preinstalled libmount1-2.38.1-7.1
[   73s] [75/316] preinstalled libmpc3-1.3.1-1.2
[   73s] [76/316] preinstalled libmpdec3-2.5.1-2.1
[   73s] [77/316] preinstalled libmpfr6-4.2.0-1.1
[   73s] [78/316] preinstalled libncurses6-6.4.20230128-5.1
[   73s] [79/316] preinstalled libopenssl3-3.0.7-3.1
[   73s] [80/316] cumulate libp11-kit0-0.24.1-2.1
[   73s] [81/316] preinstalled libpcre2-8-0-10.42-3.2
[   73s] [82/316] preinstalled libpkgconf3-1.8.0-2.1
[   73s] [83/316] preinstalled libpopt0-1.19-1.1
[   73s] [84/316] preinstalled libpython3_10-1_0-3.10.9-2.2
[   73s] [85/316] preinstalled libpython3_11-1_0-3.11.1-4.2
[   73s] [86/316] preinstalled libpython3_8-1_0-3.8.16-3.2
[   73s] [87/316] preinstalled libpython3_9-1_0-3.9.16-3.2
[   73s] [88/316] preinstalled libreadline8-8.2-2.1
[   73s] [89/316] preinstalled librpmbuild9-4.18.0-3.2
[   73s] [90/316] preinstalled libseccomp2-2.5.4-2.1
[   73s] [91/316] preinstalled libselinux1-3.4-2.1
[   73s] [92/316] preinstalled libsemanage-conf-3.4-1.1
[   73s] [93/316] preinstalled libsemanage2-3.4-1.1
[   73s] [94/316] preinstalled libsepol2-3.4-1.1
[   73s] [95/316] preinstalled libsmartcols1-2.38.1-7.1
[   73s] [96/316] cumulate libsqlite3-0-3.40.1-1.1
[   73s] [97/316] preinstalled libstdc++6-13.0.1+git5428-6.1
[   73s] [98/316] preinstalled libsubid4-4.13-3.1
[   73s] [99/316] cumulate libtasn1-6-4.19.0-1.1
[   73s] [100/316] preinstalled libubsan1-13.0.1+git5428-6.1
[   73s] [101/316] preinstalled libutempter0-1.2.0-3.2
[   73s] [102/316] preinstalled libuuid1-2.38.1-7.1
[   73s] [103/316] preinstalled libxcrypt-devel-4.4.33-1.1
[   73s] [104/316] preinstalled libz1-1.2.13-2.1
[   73s] [105/316] preinstalled libzstd1-1.5.2-2.1
[   73s] [106/316] preinstalled linux-glibc-devel-6.1-1.1
[   73s] [107/316] preinstalled login_defs-4.13-3.1
[   73s] [108/316] preinstalled lua54-5.4.4-8.1
[   73s] [109/316] preinstalled make-4.4-2.1
[   73s] [110/316] preinstalled ncurses-utils-6.4.20230128-5.1
[   73s] [111/316] preinstalled pam-1.5.2-12.1
[   73s] [112/316] preinstalled patch-2.7.6-6.1
[   73s] [113/316] preinstalled perl-5.36.0-4.1
[   73s] [114/316] preinstalled perl-base-5.36.0-4.1
[   73s] [115/316] preinstalled permissions-1599_20221220-1.2
[   73s] [116/316] preinstalled permissions-config-1599_20221220-1.2
[   73s] [117/316] preinstalled pkgconf-1.8.0-2.1
[   73s] [118/316] preinstalled pkgconf-m4-1.8.0-2.1
[   73s] [119/316] preinstalled pkgconf-pkg-config-1.8.0-2.1
[   73s] [120/316] preinstalled polkit-default-privs-1550+20221102.9f111fa-1.1
[   73s] [121/316] preinstalled post-build-checks-84.87+git20230106.3a359c5-1.1
[   73s] [122/316] preinstalled python-rpm-macros-20230128.e704796-1.2
[   73s] [123/316] preinstalled python-rpm-packaging-20210526+a18ca48-1.2
[   73s] [124/316] cumulate python310-MarkupSafe-2.1.2-1.2
[   73s] [125/316] cumulate python310-alabaster-0.7.13-1.2
[   73s] [126/316] cumulate python310-apipkg-3.0.1-1.2
[   73s] [127/316] cumulate python310-attrs-22.2.0-1.2
[   73s] [128/316] preinstalled python310-base-3.10.9-2.2
[   73s] [129/316] cumulate python310-charset-normalizer-3.0.1-1.2
[   73s] [130/316] cumulate python310-docutils-0.19-3.2
[   73s] [131/316] cumulate python310-exceptiongroup-1.1.0-1.2
[   73s] [132/316] cumulate python310-idna-3.4-1.2
[   73s] [133/316] cumulate python310-imagesize-1.4.1-1.2
[   73s] [134/316] cumulate python310-iniconfig-1.1.1-3.2
[   73s] [135/316] preinstalled python310-packaging-23.0-1.1
[   73s] [136/316] cumulate python310-pluggy-1.0.0-1.5
[   73s] [137/316] cumulate python310-pycparser-2.21-1.5
[   73s] [138/316] preinstalled python310-setuptools-65.6.3-1.2
[   73s] [139/316] cumulate python310-six-1.16.0-2.5
[   73s] [140/316] cumulate python310-snowballstemmer-2.2.0-1.5
[   73s] [141/316] cumulate python310-tomli-2.0.1-1.3
[   73s] [142/316] cumulate python310-zipp-3.8.1-1.2
[   73s] [143/316] cumulate python311-MarkupSafe-2.1.2-1.2
[   73s] [144/316] cumulate python311-alabaster-0.7.13-1.2
[   73s] [145/316] cumulate python311-apipkg-3.0.1-1.2
[   73s] [146/316] cumulate python311-attrs-22.2.0-1.2
[   73s] [147/316] preinstalled python311-base-3.11.1-4.2
[   73s] [148/316] cumulate python311-charset-normalizer-3.0.1-1.2
[   73s] [149/316] cumulate python311-exceptiongroup-1.1.0-1.2
[   73s] [150/316] cumulate python311-idna-3.4-1.2
[   73s] [151/316] cumulate python311-imagesize-1.4.1-1.2
[   73s] [152/316] cumulate python311-iniconfig-1.1.1-3.2
[   73s] [153/316] cumulate python311-packaging-23.0-1.2
[   73s] [154/316] cumulate python311-pluggy-1.0.0-1.5
[   73s] [155/316] cumulate python311-pycparser-2.21-1.5
[   73s] [156/316] preinstalled python311-setuptools-65.6.3-1.2
[   73s] [157/316] cumulate python311-six-1.16.0-2.5
[   73s] [158/316] cumulate python311-snowballstemmer-2.2.0-1.5
[   73s] [159/316] cumulate python311-tomli-2.0.1-1.3
[   73s] [160/316] cumulate python311-zipp-3.8.1-1.2
[   73s] [161/316] cumulate python38-MarkupSafe-2.1.2-1.2
[   73s] [162/316] cumulate python38-alabaster-0.7.13-1.2
[   73s] [163/316] cumulate python38-apipkg-3.0.1-1.2
[   73s] [164/316] cumulate python38-attrs-22.2.0-1.2
[   73s] [165/316] preinstalled python38-base-3.8.16-3.2
[   73s] [166/316] cumulate python38-charset-normalizer-3.0.1-1.2
[   73s] [167/316] cumulate python38-exceptiongroup-1.1.0-1.2
[   73s] [168/316] cumulate python38-idna-3.4-1.2
[   73s] [169/316] cumulate python38-imagesize-1.4.1-1.2
[   73s] [170/316] cumulate python38-iniconfig-1.1.1-3.2
[   73s] [171/316] cumulate python38-packaging-23.0-1.2
[   73s] [172/316] cumulate python38-pluggy-1.0.0-1.5
[   73s] [173/316] cumulate python38-pycparser-2.21-1.5
[   73s] [174/316] preinstalled python38-setuptools-65.6.3-1.2
[   73s] [175/316] cumulate python38-six-1.16.0-2.5
[   73s] [176/316] cumulate python38-snowballstemmer-2.2.0-1.5
[   73s] [177/316] cumulate python38-tomli-2.0.1-1.3
[   73s] [178/316] cumulate python38-zipp-3.8.1-1.2
[   73s] [179/316] cumulate python39-MarkupSafe-2.1.2-1.2
[   73s] [180/316] cumulate python39-alabaster-0.7.13-1.2
[   73s] [181/316] cumulate python39-apipkg-3.0.1-1.2
[   73s] [182/316] cumulate python39-attrs-22.2.0-1.2
[   73s] [183/316] preinstalled python39-base-3.9.16-3.2
[   73s] [184/316] cumulate python39-charset-normalizer-3.0.1-1.2
[   73s] [185/316] cumulate python39-exceptiongroup-1.1.0-1.2
[   73s] [186/316] cumulate python39-idna-3.4-1.2
[   73s] [187/316] cumulate python39-imagesize-1.4.1-1.2
[   73s] [188/316] cumulate python39-iniconfig-1.1.1-3.2
[   73s] [189/316] cumulate python39-packaging-23.0-1.2
[   73s] [190/316] cumulate python39-pluggy-1.0.0-1.5
[   73s] [191/316] cumulate python39-pycparser-2.21-1.5
[   73s] [192/316] preinstalled python39-setuptools-65.6.3-1.2
[   73s] [193/316] cumulate python39-six-1.16.0-2.5
[   73s] [194/316] cumulate python39-snowballstemmer-2.2.0-1.5
[   73s] [195/316] cumulate python39-tomli-2.0.1-1.3
[   73s] [196/316] cumulate python39-zipp-3.8.1-1.2
[   73s] [197/316] preinstalled qemu-linux-user-7.1.0-50.1
[   73s] [198/316] preinstalled rpm-4.18.0-3.2
[   73s] [199/316] preinstalled rpm-build-4.18.0-3.2
[   73s] [200/316] preinstalled rpm-build-perl-4.18.0-3.2
[   73s] [201/316] preinstalled rpm-config-SUSE-20220926-1.1
[   73s] [202/316] preinstalled rpmlint-mini-2.4.0+git20230214.1bab129-9.4
[   73s] [203/316] preinstalled rpmlint-strict-2.4.0+git20230214.1bab129-1.1
[   73s] [204/316] preinstalled sed-4.9-2.1
[   73s] [205/316] preinstalled shadow-4.13-3.1
[   73s] [206/316] preinstalled system-group-hardware-20170617-24.1
[   73s] [207/316] preinstalled system-user-root-20190513-2.1
[   73s] [208/316] preinstalled systemd-rpm-macros-19-1.1
[   73s] [209/316] preinstalled sysuser-shadow-3.1-5.1
[   73s] [210/316] preinstalled tar-1.34-9.1
[   73s] [211/316] preinstalled terminfo-base-6.4.20230128-5.1
[   73s] [212/316] cumulate timezone-2022g-2.1
[   73s] [213/316] preinstalled update-alternatives-1.21.8-1.1
[   73s] [214/316] preinstalled util-linux-2.38.1-7.1
[   73s] [215/316] preinstalled which-2.21-5.1
[   73s] [216/316] preinstalled xz-5.4.1-1.1
[   73s] [217/316] cumulate alts-1.2+3.b848aad-3.1
[   73s] [218/316] cumulate python310-3.10.9-2.1
[   73s] [219/316] cumulate python310-Jinja2-3.1.2-2.2
[   73s] [220/316] cumulate python310-cffi-1.15.1-3.2
[   73s] [221/316] cumulate python310-importlib-metadata-6.0.0-1.2
[   73s] [222/316] cumulate python310-pytz-2022.7-1.2
[   73s] [223/316] cumulate python311-3.11.1-4.1
[   73s] [224/316] cumulate python311-Jinja2-3.1.2-2.2
[   73s] [225/316] cumulate python311-cffi-1.15.1-3.2
[   73s] [226/316] cumulate python311-docutils-0.19-3.2
[   73s] [227/316] cumulate python311-importlib-metadata-6.0.0-1.2
[   73s] [228/316] cumulate python311-pytz-2022.7-1.2
[   73s] [229/316] cumulate python38-3.8.16-3.1
[   73s] [230/316] cumulate python38-Jinja2-3.1.2-2.2
[   73s] [231/316] cumulate python38-cffi-1.15.1-3.2
[   73s] [232/316] cumulate python38-docutils-0.19-3.2
[   73s] [233/316] cumulate python38-importlib-metadata-6.0.0-1.2
[   73s] [234/316] cumulate python38-pytz-2022.7-1.2
[   73s] [235/316] cumulate python39-3.9.16-3.1
[   73s] [236/316] cumulate python39-Jinja2-3.1.2-2.2
[   73s] [237/316] cumulate python39-cffi-1.15.1-3.2
[   73s] [238/316] cumulate python39-docutils-0.19-3.2
[   73s] [239/316] cumulate python39-importlib-metadata-6.0.0-1.2
[   73s] [240/316] cumulate python39-pytz-2022.7-1.2
[   73s] [241/316] cumulate p11-kit-0.24.1-2.1
[   73s] [242/316] cumulate p11-kit-tools-0.24.1-2.1
[   73s] [243/316] cumulate python310-py-1.11.0-3.2
[   73s] [244/316] cumulate python311-py-1.11.0-3.2
[   73s] [245/316] cumulate python38-py-1.11.0-3.2
[   73s] [246/316] cumulate python39-py-1.11.0-3.2
[   73s] [247/316] cumulate python310-Pygments-2.14.0-1.2
[   73s] [248/316] cumulate python310-pyOpenSSL-23.0.0-1.2
[   73s] [249/316] cumulate python311-Pygments-2.14.0-1.2
[   73s] [250/316] cumulate python311-pyOpenSSL-23.0.0-1.2
[   73s] [251/316] cumulate python38-Pygments-2.14.0-1.2
[   73s] [252/316] cumulate python38-pyOpenSSL-23.0.0-1.2
[   73s] [253/316] cumulate python39-Pygments-2.14.0-1.2
[   73s] [254/316] cumulate python39-pyOpenSSL-23.0.0-1.2
[   74s] [255/316] cumulate ca-certificates-2+git20211004.3efbea9-1.1
[   74s] [256/316] cumulate python310-Babel-2.11.0-1.2
[   74s] [257/316] cumulate python310-cryptography-39.0.1-1.2
[   74s] [258/316] cumulate python311-Babel-2.11.0-1.2
[   74s] [259/316] cumulate python311-cryptography-39.0.1-1.2
[   74s] [260/316] cumulate python38-Babel-2.11.0-1.2
[   74s] [261/316] cumulate python38-cryptography-39.0.1-1.2
[   74s] [262/316] cumulate python39-Babel-2.11.0-1.2
[   74s] [263/316] cumulate python39-cryptography-39.0.1-1.2
[   74s] [264/316] cumulate python310-sphinxcontrib-websupport-1.2.4-1.7
[   74s] [265/316] cumulate python311-sphinxcontrib-websupport-1.2.4-1.7
[   74s] [266/316] cumulate python38-sphinxcontrib-websupport-1.2.4-1.7
[   74s] [267/316] cumulate python39-sphinxcontrib-websupport-1.2.4-1.7
[   74s] [268/316] cumulate python310-pytest-7.2.0-2.2
[   74s] [269/316] cumulate python311-pytest-7.2.0-2.2
[   74s] [270/316] cumulate python38-pytest-7.2.0-2.2
[   74s] [271/316] cumulate python39-pytest-7.2.0-2.2
[   74s] [272/316] cumulate ca-certificates-mozilla-2.60-1.2
[   74s] [273/316] cumulate python310-certifi-2022.9.24-1.2
[   74s] [274/316] cumulate python311-certifi-2022.9.24-1.2
[   74s] [275/316] cumulate python38-certifi-2022.9.24-1.2
[   74s] [276/316] cumulate python39-certifi-2022.9.24-1.2
[   74s] [277/316] cumulate python310-urllib3-1.26.14-1.2
[   74s] [278/316] cumulate python311-urllib3-1.26.14-1.2
[   74s] [279/316] cumulate python38-urllib3-1.26.14-1.2
[   74s] [280/316] cumulate python39-urllib3-1.26.14-1.2
[   74s] [281/316] cumulate python310-requests-2.28.2-1.2
[   74s] [282/316] cumulate python311-requests-2.28.2-1.2
[   74s] [283/316] cumulate python38-requests-2.28.2-1.2
[   74s] [284/316] cumulate python39-requests-2.28.2-1.2
[   74s] [285/316] cumulate python310-sphinxcontrib-serializinghtml-1.1.5-1.6
[   74s] [286/316] cumulate python311-sphinxcontrib-serializinghtml-1.1.5-1.6
[   74s] [287/316] cumulate python38-sphinxcontrib-serializinghtml-1.1.5-1.6
[   74s] [288/316] cumulate python39-sphinxcontrib-serializinghtml-1.1.5-1.6
[   74s] [289/316] cumulate python310-Sphinx-6.1.3-2.2
[   74s] [290/316] cumulate python311-Sphinx-6.1.3-2.2
[   74s] [291/316] cumulate python38-Sphinx-6.1.3-2.2
[   74s] [292/316] cumulate python39-Sphinx-6.1.3-2.2
[   74s] [293/316] cumulate python310-sphinx_rtd_theme-1.1.1-1.3
[   74s] [294/316] cumulate python310-sphinxcontrib-applehelp-1.0.2-1.9
[   74s] [295/316] cumulate python310-sphinxcontrib-devhelp-1.0.2-1.10
[   74s] [296/316] cumulate python310-sphinxcontrib-htmlhelp-2.0.0-2.4
[   74s] [297/316] cumulate python310-sphinxcontrib-jsmath-1.0.1-3.4
[   74s] [298/316] cumulate python310-sphinxcontrib-qthelp-1.0.3-2.4
[   74s] [299/316] cumulate python311-sphinx_rtd_theme-1.1.1-1.3
[   74s] [300/316] cumulate python311-sphinxcontrib-applehelp-1.0.2-1.9
[   74s] [301/316] cumulate python311-sphinxcontrib-devhelp-1.0.2-1.10
[   74s] [302/316] cumulate python311-sphinxcontrib-htmlhelp-2.0.0-2.4
[   74s] [303/316] cumulate python311-sphinxcontrib-jsmath-1.0.1-3.4
[   74s] [304/316] cumulate python311-sphinxcontrib-qthelp-1.0.3-2.4
[   74s] [305/316] cumulate python38-sphinx_rtd_theme-1.1.1-1.3
[   74s] [306/316] cumulate python38-sphinxcontrib-applehelp-1.0.2-1.9
[   74s] [307/316] cumulate python38-sphinxcontrib-devhelp-1.0.2-1.10
[   74s] [308/316] cumulate python38-sphinxcontrib-htmlhelp-2.0.0-2.4
[   74s] [309/316] cumulate python38-sphinxcontrib-jsmath-1.0.1-3.4
[   74s] [310/316] cumulate python38-sphinxcontrib-qthelp-1.0.3-2.4
[   74s] [311/316] cumulate python39-sphinx_rtd_theme-1.1.1-1.3
[   74s] [312/316] cumulate python39-sphinxcontrib-applehelp-1.0.2-1.9
[   74s] [313/316] cumulate python39-sphinxcontrib-devhelp-1.0.2-1.10
[   74s] [314/316] cumulate python39-sphinxcontrib-htmlhelp-2.0.0-2.4
[   74s] [315/316] cumulate python39-sphinxcontrib-jsmath-1.0.1-3.4
[   74s] [316/316] cumulate python39-sphinxcontrib-qthelp-1.0.3-2.4
[   74s] now installing cumulated packages
[   76s] Preparing...                          ########################################
[   77s] Updating / installing...
[   77s] timezone-2022g-2.1                    ########################################
[   78s] libsqlite3-0-3.40.1-1.1               ########################################
[   78s] python39-packaging-23.0-1.2           ########################################
[   78s] python38-packaging-23.0-1.2           ########################################
[   78s] python311-packaging-23.0-1.2          ########################################
[   78s] python310-3.10.9-2.1                  ########################################
[   78s] python311-3.11.1-4.1                  ########################################
[   78s] python38-3.8.16-3.1                   ########################################
[   78s] python39-3.9.16-3.1                   ########################################
[   79s] python39-six-1.16.0-2.5               ########################################
[   79s] python39-iniconfig-1.1.1-3.2          ########################################
[   79s] python39-idna-3.4-1.2                 ########################################
[   79s] python38-six-1.16.0-2.5               ########################################
[   79s] python38-iniconfig-1.1.1-3.2          ########################################
[   79s] python38-idna-3.4-1.2                 ########################################
[   80s] python311-six-1.16.0-2.5              ########################################
[   80s] python311-iniconfig-1.1.1-3.2         ########################################
[   80s] python311-idna-3.4-1.2                ########################################
[   80s] python310-six-1.16.0-2.5              ########################################
[   80s] python310-iniconfig-1.1.1-3.2         ########################################
[   81s] python310-idna-3.4-1.2                ########################################
[   81s] libtasn1-6-4.19.0-1.1                 ########################################
[   81s] libp11-kit0-0.24.1-2.1                ########################################
[   81s] p11-kit-0.24.1-2.1                    ########################################
[   82s] p11-kit-tools-0.24.1-2.1              ########################################
[   82s] ca-certificates-2+git20211004.3efbea9-########################################
[   86s] ca-certificates-mozilla-2.60-1.2      ########################################
[   95s] python310-certifi-2022.9.24-1.2       ########################################
[   95s] python311-certifi-2022.9.24-1.2       ########################################
[   95s] python38-certifi-2022.9.24-1.2        ########################################
[   95s] python39-certifi-2022.9.24-1.2        ########################################
[   95s] python310-pytz-2022.7-1.2             ########################################
[   96s] python311-pytz-2022.7-1.2             ########################################
[   96s] python38-pytz-2022.7-1.2              ########################################
[   96s] python39-pytz-2022.7-1.2              ########################################
[   96s] python39-zipp-3.8.1-1.2               ########################################
[   96s] python39-importlib-metadata-6.0.0-1.2 ########################################
[   96s] python39-tomli-2.0.1-1.3              ########################################
[   97s] python39-snowballstemmer-2.2.0-1.5    ########################################
[   97s] python39-pycparser-2.21-1.5           ########################################
[   97s] python39-cffi-1.15.1-3.2              ########################################
[   99s] python39-cryptography-39.0.1-1.2      ########################################
[   99s] python39-pyOpenSSL-23.0.0-1.2         ########################################
[   99s] python39-urllib3-1.26.14-1.2          ########################################
[   99s] python39-pluggy-1.0.0-1.5             ########################################
[   99s] python39-imagesize-1.4.1-1.2          ########################################
[   99s] python39-exceptiongroup-1.1.0-1.2     ########################################
[   99s] python39-charset-normalizer-3.0.1-1.2 ########################################
[  100s] python39-attrs-22.2.0-1.2             ########################################
[  100s] python39-apipkg-3.0.1-1.2             ########################################
[  100s] python39-py-1.11.0-3.2                ########################################
[  100s] python39-requests-2.28.2-1.2          ########################################
[  100s] python39-alabaster-0.7.13-1.2         ########################################
[  100s] python39-MarkupSafe-2.1.2-1.2         ########################################
[  100s] python38-zipp-3.8.1-1.2               ########################################
[  100s] python38-importlib-metadata-6.0.0-1.2 ########################################
[  101s] python38-tomli-2.0.1-1.3              ########################################
[  101s] python38-snowballstemmer-2.2.0-1.5    ########################################
[  101s] python38-pycparser-2.21-1.5           ########################################
[  102s] python38-cffi-1.15.1-3.2              ########################################
[  103s] python38-cryptography-39.0.1-1.2      ########################################
[  103s] python38-pyOpenSSL-23.0.0-1.2         ########################################
[  103s] python38-urllib3-1.26.14-1.2          ########################################
[  103s] python38-pluggy-1.0.0-1.5             ########################################
[  103s] python38-imagesize-1.4.1-1.2          ########################################
[  103s] python38-exceptiongroup-1.1.0-1.2     ########################################
[  104s] python38-charset-normalizer-3.0.1-1.2 ########################################
[  104s] python38-attrs-22.2.0-1.2             ########################################
[  104s] python38-apipkg-3.0.1-1.2             ########################################
[  104s] python38-py-1.11.0-3.2                ########################################
[  105s] python38-requests-2.28.2-1.2          ########################################
[  105s] python38-alabaster-0.7.13-1.2         ########################################
[  105s] python38-MarkupSafe-2.1.2-1.2         ########################################
[  105s] python311-zipp-3.8.1-1.2              ########################################
[  105s] python311-importlib-metadata-6.0.0-1.2########################################
[  105s] python311-tomli-2.0.1-1.3             ########################################
[  105s] python311-snowballstemmer-2.2.0-1.5   ########################################
[  106s] python311-pycparser-2.21-1.5          ########################################
[  106s] python311-cffi-1.15.1-3.2             ########################################
[  107s] python311-cryptography-39.0.1-1.2     ########################################
[  107s] python311-pyOpenSSL-23.0.0-1.2        ########################################
[  108s] python311-urllib3-1.26.14-1.2         ########################################
[  108s] python311-pluggy-1.0.0-1.5            ########################################
[  108s] python311-imagesize-1.4.1-1.2         ########################################
[  108s] python311-exceptiongroup-1.1.0-1.2    ########################################
[  108s] python311-charset-normalizer-3.0.1-1.2########################################
[  108s] python311-attrs-22.2.0-1.2            ########################################
[  108s] python311-apipkg-3.0.1-1.2            ########################################
[  109s] python311-py-1.11.0-3.2               ########################################
[  109s] python311-requests-2.28.2-1.2         ########################################
[  109s] python311-alabaster-0.7.13-1.2        ########################################
[  109s] python311-MarkupSafe-2.1.2-1.2        ########################################
[  109s] python310-zipp-3.8.1-1.2              ########################################
[  109s] python310-importlib-metadata-6.0.0-1.2########################################
[  109s] python310-tomli-2.0.1-1.3             ########################################
[  110s] python310-snowballstemmer-2.2.0-1.5   ########################################
[  110s] python310-pycparser-2.21-1.5          ########################################
[  110s] python310-cffi-1.15.1-3.2             ########################################
[  111s] python310-cryptography-39.0.1-1.2     ########################################
[  112s] python310-pyOpenSSL-23.0.0-1.2        ########################################
[  112s] python310-urllib3-1.26.14-1.2         ########################################
[  112s] python310-pluggy-1.0.0-1.5            ########################################
[  112s] python310-imagesize-1.4.1-1.2         ########################################
[  112s] python310-exceptiongroup-1.1.0-1.2    ########################################
[  112s] python310-charset-normalizer-3.0.1-1.2########################################
[  113s] python310-attrs-22.2.0-1.2            ########################################
[  113s] python310-apipkg-3.0.1-1.2            ########################################
[  113s] python310-py-1.11.0-3.2               ########################################
[  113s] python310-requests-2.28.2-1.2         ########################################
[  113s] python310-alabaster-0.7.13-1.2        ########################################
[  113s] python310-MarkupSafe-2.1.2-1.2        ########################################
[  113s] libalternatives1-1.2+3.b848aad-3.1    ########################################
[  113s] alts-1.2+3.b848aad-3.1                ########################################
[  116s] python310-Pygments-2.14.0-1.2         ########################################
[  118s] python310-docutils-0.19-3.2           ########################################
[  120s] python311-Pygments-2.14.0-1.2         ########################################
[  122s] python311-docutils-0.19-3.2           ########################################
[  124s] python38-Pygments-2.14.0-1.2          ########################################
[  125s] python38-docutils-0.19-3.2            ########################################
[  127s] python39-Pygments-2.14.0-1.2          ########################################
[  128s] python39-docutils-0.19-3.2            ########################################
[  134s] python310-Babel-2.11.0-1.2            ########################################
[  135s] python310-Jinja2-3.1.2-2.2            ########################################
[  141s] python311-Babel-2.11.0-1.2            ########################################
[  142s] python311-Jinja2-3.1.2-2.2            ########################################
[  148s] python38-Babel-2.11.0-1.2             ########################################
[  149s] python38-Jinja2-3.1.2-2.2             ########################################
[  156s] python39-Babel-2.11.0-1.2             ########################################
[  156s] python39-Jinja2-3.1.2-2.2             ########################################
[  156s] python39-sphinxcontrib-websupport-1.2.########################################
[  156s] python39-sphinxcontrib-serializinghtml########################################
[  157s] python39-sphinx_rtd_theme-1.1.1-1.3   ########################################
[  157s] python39-sphinxcontrib-applehelp-1.0.2########################################
[  157s] python39-sphinxcontrib-devhelp-1.0.2-1########################################
[  157s] python39-sphinxcontrib-htmlhelp-2.0.0-########################################
[  157s] python39-sphinxcontrib-jsmath-1.0.1-3.########################################
[  157s] python39-sphinxcontrib-qthelp-1.0.3-2.########################################
[  159s] python39-Sphinx-6.1.3-2.2             ########################################
[  159s] python38-sphinxcontrib-websupport-1.2.########################################
[  159s] python38-sphinxcontrib-serializinghtml########################################
[  159s] python38-sphinx_rtd_theme-1.1.1-1.3   ########################################
[  159s] python38-sphinxcontrib-applehelp-1.0.2########################################
[  160s] python38-sphinxcontrib-devhelp-1.0.2-1########################################
[  160s] python38-sphinxcontrib-htmlhelp-2.0.0-########################################
[  160s] python38-sphinxcontrib-jsmath-1.0.1-3.########################################
[  160s] python38-sphinxcontrib-qthelp-1.0.3-2.########################################
[  161s] python38-Sphinx-6.1.3-2.2             ########################################
[  162s] python311-sphinxcontrib-websupport-1.2########################################
[  162s] python311-sphinxcontrib-serializinghtm########################################
[  163s] python311-sphinx_rtd_theme-1.1.1-1.3  ########################################
[  163s] python311-sphinxcontrib-applehelp-1.0.########################################
[  163s] python311-sphinxcontrib-devhelp-1.0.2-########################################
[  163s] python311-sphinxcontrib-htmlhelp-2.0.0########################################
[  163s] python311-sphinxcontrib-jsmath-1.0.1-3########################################
[  163s] python311-sphinxcontrib-qthelp-1.0.3-2########################################
[  166s] python311-Sphinx-6.1.3-2.2            ########################################
[  167s] python310-sphinxcontrib-websupport-1.2########################################
[  167s] python310-sphinxcontrib-serializinghtm########################################
[  167s] python310-sphinx_rtd_theme-1.1.1-1.3  ########################################
[  168s] python310-sphinxcontrib-applehelp-1.0.########################################
[  168s] python310-sphinxcontrib-devhelp-1.0.2-########################################
[  168s] python310-sphinxcontrib-htmlhelp-2.0.0########################################
[  168s] python310-sphinxcontrib-jsmath-1.0.1-3########################################
[  168s] python310-sphinxcontrib-qthelp-1.0.3-2########################################
[  171s] python310-Sphinx-6.1.3-2.2            ########################################
[  172s] python310-pytest-7.2.0-2.2            ########################################
[  173s] python311-pytest-7.2.0-2.2            ########################################
[  174s] python38-pytest-7.2.0-2.2             ########################################
[  174s] python39-pytest-7.2.0-2.2             ########################################
[  175s] fdupes-2.2.1-1.1                      ########################################
[  190s] now finalizing build dir...
[  191s] ... running 01-add_abuild_user_to_trusted_group
[  192s] ... running 02-set_timezone_to_utc
[  192s] ... running 03-set-permissions-secure
[  192s] ... running 11-hack_uname_version_to_kernel_version
[  202s] -----------------------------------------------------------------
[  202s] I have the following modifications for python-sphinx-testing.spec:
[  203s] 23c23
[  203s] < Release:        0
[  203s] ---
[  203s] > Release:        2.7
[  212s] build target is riscv64-suse-linux
[  212s] -----------------------------------------------------------------
[  212s] ----- building python-sphinx-testing.spec (user abuild)
[  212s] -----------------------------------------------------------------
[  212s] -----------------------------------------------------------------
[  217s] + exec rpmbuild -ba --define '_srcdefattr (-,root,root)' --nosignature --target=riscv64-suse-linux --define '_build_create_debug 1' --define 'disturl obs://build.opensuse.org/openSUSE:Factory:RISCV/standard/49a42d5789f0709eda56d807e4eafb40-python-sphinx-testing' /home/abuild/rpmbuild/SOURCES/python-sphinx-testing.spec
[  265s] Building target platforms: riscv64-suse-linux
[  265s] Building for target riscv64-suse-linux
[  265s] setting SOURCE_DATE_EPOCH=1587340800
[  266s] Executing(%prep): /usr/bin/bash -e /var/tmp/rpm-tmp.wk2Qxk
[  266s] + umask 022
[  266s] + cd /home/abuild/rpmbuild/BUILD
[  266s] + cd /home/abuild/rpmbuild/BUILD
[  266s] + rm -rf sphinx-testing-1.0.1
[  266s] + /usr/lib/rpm/rpmuncompress -x /home/abuild/rpmbuild/SOURCES/sphinx-testing-1.0.1.tar.gz
[  267s] + STATUS=0
[  267s] + '[' 0 -ne 0 ']'
[  267s] + cd sphinx-testing-1.0.1
[  267s] + /usr/bin/chmod -Rf a+rX,u+w,g-w,o-w .
[  267s] + RPM_EC=0
[  267s] ++ jobs -p
[  267s] + exit 0
[  267s] Executing(%build): /usr/bin/bash -e /var/tmp/rpm-tmp.pqbmEM
[  267s] + umask 022
[  267s] + cd /home/abuild/rpmbuild/BUILD
[  267s] + /usr/bin/rm -rf /home/abuild/rpmbuild/BUILDROOT/python-sphinx-testing-1.0.1-2.7.riscv64
[  267s] ++ dirname /home/abuild/rpmbuild/BUILDROOT/python-sphinx-testing-1.0.1-2.7.riscv64
[  267s] + /usr/bin/mkdir -p /home/abuild/rpmbuild/BUILDROOT
[  267s] + /usr/bin/mkdir /home/abuild/rpmbuild/BUILDROOT/python-sphinx-testing-1.0.1-2.7.riscv64
[  267s] + cd sphinx-testing-1.0.1
[  267s] + ref=/usr/lib/rpm
[  267s] + mints=0
[  267s] + case $(uname -m) in
[  267s] ++ uname -m
[  268s] + mints=20160911
[  268s] + for s in guess sub
[  268s] ++ find -maxdepth 8 -name config.guess
[  268s] + for s in guess sub
[  268s] ++ find -maxdepth 8 -name config.sub
[  268s] ++ '[' -f _current_flavor ']'
[  268s] ++ true
[  268s] + last_flavor=
[  268s] + '[' -z '' ']'
[  268s] + last_flavor=tmp
[  268s] + '[' tmp '!=' python38 ']'
[  268s] + '[' -d build ']'
[  268s] + '[' -d _build.python38 ']'
[  268s] + echo python38
[  268s] + python_flavor=python38
[  268s] + /usr/bin/python3.8 setup.py build '--executable=/usr/bin/python3.8 -s'
[  276s] running build
[  276s] running build_py
[  276s] creating _build
[  276s] creating _build/lib
[  276s] creating _build/lib/sphinx_testing
[  276s] copying src/sphinx_testing/__init__.py -> _build/lib/sphinx_testing
[  276s] copying src/sphinx_testing/path.py -> _build/lib/sphinx_testing
[  276s] copying src/sphinx_testing/tmpdir.py -> _build/lib/sphinx_testing
[  276s] copying src/sphinx_testing/util.py -> _build/lib/sphinx_testing
[  276s] running egg_info
[  276s] writing src/sphinx_testing.egg-info/PKG-INFO
[  276s] writing dependency_links to src/sphinx_testing.egg-info/dependency_links.txt
[  276s] writing requirements to src/sphinx_testing.egg-info/requires.txt
[  276s] writing top-level names to src/sphinx_testing.egg-info/top_level.txt
[  277s] reading manifest file 'src/sphinx_testing.egg-info/SOURCES.txt'
[  277s] reading manifest template 'MANIFEST.in'
[  277s] adding license file 'LICENSE'
[  277s] adding license file 'AUTHORS'
[  277s] writing manifest file 'src/sphinx_testing.egg-info/SOURCES.txt'
[  277s] /usr/lib/python3.8/site-packages/setuptools/dist.py:770: UserWarning: Usage of dash-separated 'build-base' will not be supported in future versions. Please use the underscore name 'build_base' instead
[  277s]   warnings.warn(
[  277s] ++ '[' -f _current_flavor ']'
[  277s] ++ cat _current_flavor
[  277s] + last_flavor=python38
[  277s] + '[' -z python38 ']'
[  277s] + '[' python38 '!=' python39 ']'
[  277s] + '[' -d build ']'
[  277s] + '[' -d _build.python39 ']'
[  277s] + echo python39
[  277s] + python_flavor=python39
[  277s] + /usr/bin/python3.9 setup.py build '--executable=/usr/bin/python3.9 -s'
[  283s] /usr/lib/python3.9/site-packages/setuptools/dist.py:770: UserWarning: Usage of dash-separated 'build-base' will not be supported in future versions. Please use the underscore name 'build_base' instead
[  283s]   warnings.warn(
[  283s] running build
[  283s] running build_py
[  283s] running egg_info
[  284s] writing src/sphinx_testing.egg-info/PKG-INFO
[  284s] writing dependency_links to src/sphinx_testing.egg-info/dependency_links.txt
[  284s] writing requirements to src/sphinx_testing.egg-info/requires.txt
[  284s] writing top-level names to src/sphinx_testing.egg-info/top_level.txt
[  284s] reading manifest file 'src/sphinx_testing.egg-info/SOURCES.txt'
[  284s] reading manifest template 'MANIFEST.in'
[  284s] adding license file 'LICENSE'
[  284s] adding license file 'AUTHORS'
[  284s] writing manifest file 'src/sphinx_testing.egg-info/SOURCES.txt'
[  284s] ++ '[' -f _current_flavor ']'
[  284s] ++ cat _current_flavor
[  284s] + last_flavor=python39
[  284s] + '[' -z python39 ']'
[  284s] + '[' python39 '!=' python311 ']'
[  284s] + '[' -d build ']'
[  284s] + '[' -d _build.python311 ']'
[  284s] + echo python311
[  284s] + python_flavor=python311
[  284s] + /usr/bin/python3.11 setup.py build '--executable=/usr/bin/python3.11 -s'
[  289s] /usr/lib/python3.11/site-packages/setuptools/dist.py:770: UserWarning: Usage of dash-separated 'build-base' will not be supported in future versions. Please use the underscore name 'build_base' instead
[  289s]   warnings.warn(
[  290s] running build
[  290s] running build_py
[  290s] running egg_info
[  290s] writing src/sphinx_testing.egg-info/PKG-INFO
[  290s] writing dependency_links to src/sphinx_testing.egg-info/dependency_links.txt
[  290s] writing requirements to src/sphinx_testing.egg-info/requires.txt
[  290s] writing top-level names to src/sphinx_testing.egg-info/top_level.txt
[  290s] reading manifest file 'src/sphinx_testing.egg-info/SOURCES.txt'
[  290s] reading manifest template 'MANIFEST.in'
[  290s] adding license file 'LICENSE'
[  290s] adding license file 'AUTHORS'
[  290s] writing manifest file 'src/sphinx_testing.egg-info/SOURCES.txt'
[  291s] ++ '[' -f _current_flavor ']'
[  291s] ++ cat _current_flavor
[  291s] + last_flavor=python311
[  291s] + '[' -z python311 ']'
[  291s] + '[' python311 '!=' python310 ']'
[  291s] + '[' -d build ']'
[  291s] + '[' -d _build.python310 ']'
[  291s] + echo python310
[  291s] + python_flavor=python310
[  291s] + /usr/bin/python3.10 setup.py build '--executable=/usr/bin/python3.10 -s'
[  294s] /usr/lib/python3.10/site-packages/setuptools/dist.py:770: UserWarning: Usage of dash-separated 'build-base' will not be supported in future versions. Please use the underscore name 'build_base' instead
[  294s]   warnings.warn(
[  295s] running build
[  295s] running build_py
[  295s] running egg_info
[  295s] writing src/sphinx_testing.egg-info/PKG-INFO
[  295s] writing dependency_links to src/sphinx_testing.egg-info/dependency_links.txt
[  295s] writing requirements to src/sphinx_testing.egg-info/requires.txt
[  295s] writing top-level names to src/sphinx_testing.egg-info/top_level.txt
[  295s] reading manifest file 'src/sphinx_testing.egg-info/SOURCES.txt'
[  295s] reading manifest template 'MANIFEST.in'
[  295s] adding license file 'LICENSE'
[  295s] adding license file 'AUTHORS'
[  295s] writing manifest file 'src/sphinx_testing.egg-info/SOURCES.txt'
[  295s] + RPM_EC=0
[  295s] ++ jobs -p
[  295s] + exit 0
[  295s] Executing(%install): /usr/bin/bash -e /var/tmp/rpm-tmp.WQeXxF
[  295s] + umask 022
[  295s] + cd /home/abuild/rpmbuild/BUILD
[  295s] + /usr/bin/rm -rf /home/abuild/rpmbuild/BUILDROOT/python-sphinx-testing-1.0.1-2.7.riscv64
[  295s] + /usr/bin/mkdir -p /home/abuild/rpmbuild/BUILDROOT
[  296s] + /usr/bin/mkdir /home/abuild/rpmbuild/BUILDROOT/python-sphinx-testing-1.0.1-2.7.riscv64
[  296s] + cd sphinx-testing-1.0.1
[  296s] ++ '[' -f _current_flavor ']'
[  296s] ++ cat _current_flavor
[  296s] + last_flavor=python310
[  296s] + '[' -z python310 ']'
[  296s] + '[' python310 '!=' python38 ']'
[  296s] + '[' -d build ']'
[  296s] + '[' -d _build.python38 ']'
[  296s] + echo python38
[  296s] + python_flavor=python38
[  296s] + /usr/bin/python3.8 setup.py install -O1 --skip-build --force --root /home/abuild/rpmbuild/BUILDROOT/python-sphinx-testing-1.0.1-2.7.riscv64 --prefix /usr
[  301s] running install
[  301s] running install_lib
[  302s] creating /home/abuild/rpmbuild/BUILDROOT/python-sphinx-testing-1.0.1-2.7.riscv64/usr
[  302s] creating /home/abuild/rpmbuild/BUILDROOT/python-sphinx-testing-1.0.1-2.7.riscv64/usr/lib
[  302s] creating /home/abuild/rpmbuild/BUILDROOT/python-sphinx-testing-1.0.1-2.7.riscv64/usr/lib/python3.8
[  302s] creating /home/abuild/rpmbuild/BUILDROOT/python-sphinx-testing-1.0.1-2.7.riscv64/usr/lib/python3.8/site-packages
[  302s] creating /home/abuild/rpmbuild/BUILDROOT/python-sphinx-testing-1.0.1-2.7.riscv64/usr/lib/python3.8/site-packages/sphinx_testing
[  302s] copying _build/lib/sphinx_testing/__init__.py -> /home/abuild/rpmbuild/BUILDROOT/python-sphinx-testing-1.0.1-2.7.riscv64/usr/lib/python3.8/site-packages/sphinx_testing
[  302s] copying _build/lib/sphinx_testing/path.py -> /home/abuild/rpmbuild/BUILDROOT/python-sphinx-testing-1.0.1-2.7.riscv64/usr/lib/python3.8/site-packages/sphinx_testing
[  302s] copying _build/lib/sphinx_testing/tmpdir.py -> /home/abuild/rpmbuild/BUILDROOT/python-sphinx-testing-1.0.1-2.7.riscv64/usr/lib/python3.8/site-packages/sphinx_testing
[  302s] copying _build/lib/sphinx_testing/util.py -> /home/abuild/rpmbuild/BUILDROOT/python-sphinx-testing-1.0.1-2.7.riscv64/usr/lib/python3.8/site-packages/sphinx_testing
[  302s] byte-compiling /home/abuild/rpmbuild/BUILDROOT/python-sphinx-testing-1.0.1-2.7.riscv64/usr/lib/python3.8/site-packages/sphinx_testing/__init__.py to __init__.cpython-38.pyc
[  302s] byte-compiling /home/abuild/rpmbuild/BUILDROOT/python-sphinx-testing-1.0.1-2.7.riscv64/usr/lib/python3.8/site-packages/sphinx_testing/path.py to path.cpython-38.pyc
[  302s] byte-compiling /home/abuild/rpmbuild/BUILDROOT/python-sphinx-testing-1.0.1-2.7.riscv64/usr/lib/python3.8/site-packages/sphinx_testing/tmpdir.py to tmpdir.cpython-38.pyc
[  302s] byte-compiling /home/abuild/rpmbuild/BUILDROOT/python-sphinx-testing-1.0.1-2.7.riscv64/usr/lib/python3.8/site-packages/sphinx_testing/util.py to util.cpython-38.pyc
[  302s] writing byte-compilation script '/tmp/tmprpmj8zy0.py'
[  302s] /usr/bin/python3.8 /tmp/tmprpmj8zy0.py
[  308s] removing /tmp/tmprpmj8zy0.py
[  308s] running install_egg_info
[  308s] running egg_info
[  308s] writing src/sphinx_testing.egg-info/PKG-INFO
[  308s] writing dependency_links to src/sphinx_testing.egg-info/dependency_links.txt
[  308s] writing requirements to src/sphinx_testing.egg-info/requires.txt
[  308s] writing top-level names to src/sphinx_testing.egg-info/top_level.txt
[  309s] reading manifest file 'src/sphinx_testing.egg-info/SOURCES.txt'
[  309s] reading manifest template 'MANIFEST.in'
[  309s] adding license file 'LICENSE'
[  309s] adding license file 'AUTHORS'
[  309s] writing manifest file 'src/sphinx_testing.egg-info/SOURCES.txt'
[  309s] Copying src/sphinx_testing.egg-info to /home/abuild/rpmbuild/BUILDROOT/python-sphinx-testing-1.0.1-2.7.riscv64/usr/lib/python3.8/site-packages/sphinx_testing-1.0.1-py3.8.egg-info
[  309s] running install_scripts
[  309s] /usr/lib/python3.8/site-packages/setuptools/dist.py:770: UserWarning: Usage of dash-separated 'build-base' will not be supported in future versions. Please use the underscore name 'build_base' instead
[  309s]   warnings.warn(
[  309s] /usr/lib/python3.8/site-packages/setuptools/command/install.py:34: SetuptoolsDeprecationWarning: setup.py install is deprecated. Use build and pip and other standards-based tools.
[  309s]   warnings.warn(
[  310s] ++ '[' -f _current_flavor ']'
[  310s] ++ cat _current_flavor
[  310s] + last_flavor=python38
[  310s] + '[' -z python38 ']'
[  310s] + '[' python38 '!=' python39 ']'
[  310s] + '[' -d build ']'
[  310s] + '[' -d _build.python39 ']'
[  310s] + echo python39
[  310s] + python_flavor=python39
[  310s] + /usr/bin/python3.9 setup.py install -O1 --skip-build --force --root /home/abuild/rpmbuild/BUILDROOT/python-sphinx-testing-1.0.1-2.7.riscv64 --prefix /usr
[  315s] /usr/lib/python3.9/site-packages/setuptools/dist.py:770: UserWarning: Usage of dash-separated 'build-base' will not be supported in future versions. Please use the underscore name 'build_base' instead
[  315s]   warnings.warn(
[  316s] running install
[  316s] /usr/lib/python3.9/site-packages/setuptools/command/install.py:34: SetuptoolsDeprecationWarning: setup.py install is deprecated. Use build and pip and other standards-based tools.
[  316s]   warnings.warn(
[  316s] running install_lib
[  316s] creating /home/abuild/rpmbuild/BUILDROOT/python-sphinx-testing-1.0.1-2.7.riscv64/usr/lib/python3.9
[  316s] creating /home/abuild/rpmbuild/BUILDROOT/python-sphinx-testing-1.0.1-2.7.riscv64/usr/lib/python3.9/site-packages
[  316s] creating /home/abuild/rpmbuild/BUILDROOT/python-sphinx-testing-1.0.1-2.7.riscv64/usr/lib/python3.9/site-packages/sphinx_testing
[  316s] copying _build/lib/sphinx_testing/__init__.py -> /home/abuild/rpmbuild/BUILDROOT/python-sphinx-testing-1.0.1-2.7.riscv64/usr/lib/python3.9/site-packages/sphinx_testing
[  316s] copying _build/lib/sphinx_testing/path.py -> /home/abuild/rpmbuild/BUILDROOT/python-sphinx-testing-1.0.1-2.7.riscv64/usr/lib/python3.9/site-packages/sphinx_testing
[  316s] copying _build/lib/sphinx_testing/tmpdir.py -> /home/abuild/rpmbuild/BUILDROOT/python-sphinx-testing-1.0.1-2.7.riscv64/usr/lib/python3.9/site-packages/sphinx_testing
[  316s] copying _build/lib/sphinx_testing/util.py -> /home/abuild/rpmbuild/BUILDROOT/python-sphinx-testing-1.0.1-2.7.riscv64/usr/lib/python3.9/site-packages/sphinx_testing
[  316s] byte-compiling /home/abuild/rpmbuild/BUILDROOT/python-sphinx-testing-1.0.1-2.7.riscv64/usr/lib/python3.9/site-packages/sphinx_testing/__init__.py to __init__.cpython-39.pyc
[  316s] byte-compiling /home/abuild/rpmbuild/BUILDROOT/python-sphinx-testing-1.0.1-2.7.riscv64/usr/lib/python3.9/site-packages/sphinx_testing/path.py to path.cpython-39.pyc
[  316s] byte-compiling /home/abuild/rpmbuild/BUILDROOT/python-sphinx-testing-1.0.1-2.7.riscv64/usr/lib/python3.9/site-packages/sphinx_testing/tmpdir.py to tmpdir.cpython-39.pyc
[  316s] byte-compiling /home/abuild/rpmbuild/BUILDROOT/python-sphinx-testing-1.0.1-2.7.riscv64/usr/lib/python3.9/site-packages/sphinx_testing/util.py to util.cpython-39.pyc
[  316s] writing byte-compilation script '/tmp/tmps0igazap.py'
[  316s] /usr/bin/python3.9 /tmp/tmps0igazap.py
[  321s] removing /tmp/tmps0igazap.py
[  321s] running install_egg_info
[  322s] running egg_info
[  322s] writing src/sphinx_testing.egg-info/PKG-INFO
[  322s] writing dependency_links to src/sphinx_testing.egg-info/dependency_links.txt
[  322s] writing requirements to src/sphinx_testing.egg-info/requires.txt
[  322s] writing top-level names to src/sphinx_testing.egg-info/top_level.txt
[  322s] reading manifest file 'src/sphinx_testing.egg-info/SOURCES.txt'
[  322s] reading manifest template 'MANIFEST.in'
[  322s] adding license file 'LICENSE'
[  322s] adding license file 'AUTHORS'
[  322s] writing manifest file 'src/sphinx_testing.egg-info/SOURCES.txt'
[  322s] Copying src/sphinx_testing.egg-info to /home/abuild/rpmbuild/BUILDROOT/python-sphinx-testing-1.0.1-2.7.riscv64/usr/lib/python3.9/site-packages/sphinx_testing-1.0.1-py3.9.egg-info
[  322s] running install_scripts
[  323s] ++ '[' -f _current_flavor ']'
[  323s] ++ cat _current_flavor
[  323s] + last_flavor=python39
[  323s] + '[' -z python39 ']'
[  323s] + '[' python39 '!=' python311 ']'
[  323s] + '[' -d build ']'
[  323s] + '[' -d _build.python311 ']'
[  323s] + echo python311
[  323s] + python_flavor=python311
[  323s] + /usr/bin/python3.11 setup.py install -O1 --skip-build --force --root /home/abuild/rpmbuild/BUILDROOT/python-sphinx-testing-1.0.1-2.7.riscv64 --prefix /usr
[  328s] /usr/lib/python3.11/site-packages/setuptools/dist.py:770: UserWarning: Usage of dash-separated 'build-base' will not be supported in future versions. Please use the underscore name 'build_base' instead
[  328s]   warnings.warn(
[  329s] running install
[  329s] /usr/lib/python3.11/site-packages/setuptools/command/install.py:34: SetuptoolsDeprecationWarning: setup.py install is deprecated. Use build and pip and other standards-based tools.
[  329s]   warnings.warn(
[  329s] running install_lib
[  329s] creating /home/abuild/rpmbuild/BUILDROOT/python-sphinx-testing-1.0.1-2.7.riscv64/usr/lib/python3.11
[  329s] creating /home/abuild/rpmbuild/BUILDROOT/python-sphinx-testing-1.0.1-2.7.riscv64/usr/lib/python3.11/site-packages
[  329s] creating /home/abuild/rpmbuild/BUILDROOT/python-sphinx-testing-1.0.1-2.7.riscv64/usr/lib/python3.11/site-packages/sphinx_testing
[  329s] copying _build/lib/sphinx_testing/__init__.py -> /home/abuild/rpmbuild/BUILDROOT/python-sphinx-testing-1.0.1-2.7.riscv64/usr/lib/python3.11/site-packages/sphinx_testing
[  329s] copying _build/lib/sphinx_testing/path.py -> /home/abuild/rpmbuild/BUILDROOT/python-sphinx-testing-1.0.1-2.7.riscv64/usr/lib/python3.11/site-packages/sphinx_testing
[  329s] copying _build/lib/sphinx_testing/tmpdir.py -> /home/abuild/rpmbuild/BUILDROOT/python-sphinx-testing-1.0.1-2.7.riscv64/usr/lib/python3.11/site-packages/sphinx_testing
[  329s] copying _build/lib/sphinx_testing/util.py -> /home/abuild/rpmbuild/BUILDROOT/python-sphinx-testing-1.0.1-2.7.riscv64/usr/lib/python3.11/site-packages/sphinx_testing
[  329s] byte-compiling /home/abuild/rpmbuild/BUILDROOT/python-sphinx-testing-1.0.1-2.7.riscv64/usr/lib/python3.11/site-packages/sphinx_testing/__init__.py to __init__.cpython-311.pyc
[  329s] byte-compiling /home/abuild/rpmbuild/BUILDROOT/python-sphinx-testing-1.0.1-2.7.riscv64/usr/lib/python3.11/site-packages/sphinx_testing/path.py to path.cpython-311.pyc
[  329s] byte-compiling /home/abuild/rpmbuild/BUILDROOT/python-sphinx-testing-1.0.1-2.7.riscv64/usr/lib/python3.11/site-packages/sphinx_testing/tmpdir.py to tmpdir.cpython-311.pyc
[  330s] byte-compiling /home/abuild/rpmbuild/BUILDROOT/python-sphinx-testing-1.0.1-2.7.riscv64/usr/lib/python3.11/site-packages/sphinx_testing/util.py to util.cpython-311.pyc
[  330s] writing byte-compilation script '/tmp/tmplkjz703m.py'
[  330s] /usr/bin/python3.11 /tmp/tmplkjz703m.py
[  334s] removing /tmp/tmplkjz703m.py
[  334s] running install_egg_info
[  334s] running egg_info
[  335s] writing src/sphinx_testing.egg-info/PKG-INFO
[  335s] writing dependency_links to src/sphinx_testing.egg-info/dependency_links.txt
[  335s] writing requirements to src/sphinx_testing.egg-info/requires.txt
[  335s] writing top-level names to src/sphinx_testing.egg-info/top_level.txt
[  335s] reading manifest file 'src/sphinx_testing.egg-info/SOURCES.txt'
[  335s] reading manifest template 'MANIFEST.in'
[  335s] adding license file 'LICENSE'
[  335s] adding license file 'AUTHORS'
[  335s] writing manifest file 'src/sphinx_testing.egg-info/SOURCES.txt'
[  335s] Copying src/sphinx_testing.egg-info to /home/abuild/rpmbuild/BUILDROOT/python-sphinx-testing-1.0.1-2.7.riscv64/usr/lib/python3.11/site-packages/sphinx_testing-1.0.1-py3.11.egg-info
[  335s] running install_scripts
[  335s] ++ '[' -f _current_flavor ']'
[  335s] ++ cat _current_flavor
[  335s] + last_flavor=python311
[  335s] + '[' -z python311 ']'
[  335s] + '[' python311 '!=' python310 ']'
[  335s] + '[' -d build ']'
[  335s] + '[' -d _build.python310 ']'
[  335s] + echo python310
[  335s] + python_flavor=python310
[  335s] + /usr/bin/python3.10 setup.py install -O1 --skip-build --force --root /home/abuild/rpmbuild/BUILDROOT/python-sphinx-testing-1.0.1-2.7.riscv64 --prefix /usr
[  341s] /usr/lib/python3.10/site-packages/setuptools/dist.py:770: UserWarning: Usage of dash-separated 'build-base' will not be supported in future versions. Please use the underscore name 'build_base' instead
[  341s]   warnings.warn(
[  342s] running install
[  342s] /usr/lib/python3.10/site-packages/setuptools/command/install.py:34: SetuptoolsDeprecationWarning: setup.py install is deprecated. Use build and pip and other standards-based tools.
[  342s]   warnings.warn(
[  342s] running install_lib
[  342s] creating /home/abuild/rpmbuild/BUILDROOT/python-sphinx-testing-1.0.1-2.7.riscv64/usr/lib/python3.10
[  342s] creating /home/abuild/rpmbuild/BUILDROOT/python-sphinx-testing-1.0.1-2.7.riscv64/usr/lib/python3.10/site-packages
[  342s] creating /home/abuild/rpmbuild/BUILDROOT/python-sphinx-testing-1.0.1-2.7.riscv64/usr/lib/python3.10/site-packages/sphinx_testing
[  342s] copying _build/lib/sphinx_testing/__init__.py -> /home/abuild/rpmbuild/BUILDROOT/python-sphinx-testing-1.0.1-2.7.riscv64/usr/lib/python3.10/site-packages/sphinx_testing
[  342s] copying _build/lib/sphinx_testing/path.py -> /home/abuild/rpmbuild/BUILDROOT/python-sphinx-testing-1.0.1-2.7.riscv64/usr/lib/python3.10/site-packages/sphinx_testing
[  342s] copying _build/lib/sphinx_testing/tmpdir.py -> /home/abuild/rpmbuild/BUILDROOT/python-sphinx-testing-1.0.1-2.7.riscv64/usr/lib/python3.10/site-packages/sphinx_testing
[  342s] copying _build/lib/sphinx_testing/util.py -> /home/abuild/rpmbuild/BUILDROOT/python-sphinx-testing-1.0.1-2.7.riscv64/usr/lib/python3.10/site-packages/sphinx_testing
[  342s] byte-compiling /home/abuild/rpmbuild/BUILDROOT/python-sphinx-testing-1.0.1-2.7.riscv64/usr/lib/python3.10/site-packages/sphinx_testing/__init__.py to __init__.cpython-310.pyc
[  342s] byte-compiling /home/abuild/rpmbuild/BUILDROOT/python-sphinx-testing-1.0.1-2.7.riscv64/usr/lib/python3.10/site-packages/sphinx_testing/path.py to path.cpython-310.pyc
[  342s] byte-compiling /home/abuild/rpmbuild/BUILDROOT/python-sphinx-testing-1.0.1-2.7.riscv64/usr/lib/python3.10/site-packages/sphinx_testing/tmpdir.py to tmpdir.cpython-310.pyc
[  342s] byte-compiling /home/abuild/rpmbuild/BUILDROOT/python-sphinx-testing-1.0.1-2.7.riscv64/usr/lib/python3.10/site-packages/sphinx_testing/util.py to util.cpython-310.pyc
[  342s] writing byte-compilation script '/tmp/tmpo10va6da.py'
[  342s] /usr/bin/python3.10 /tmp/tmpo10va6da.py
[  346s] removing /tmp/tmpo10va6da.py
[  346s] running install_egg_info
[  347s] running egg_info
[  347s] writing src/sphinx_testing.egg-info/PKG-INFO
[  347s] writing dependency_links to src/sphinx_testing.egg-info/dependency_links.txt
[  347s] writing requirements to src/sphinx_testing.egg-info/requires.txt
[  347s] writing top-level names to src/sphinx_testing.egg-info/top_level.txt
[  347s] reading manifest file 'src/sphinx_testing.egg-info/SOURCES.txt'
[  347s] reading manifest template 'MANIFEST.in'
[  347s] adding license file 'LICENSE'
[  347s] adding license file 'AUTHORS'
[  347s] writing manifest file 'src/sphinx_testing.egg-info/SOURCES.txt'
[  347s] Copying src/sphinx_testing.egg-info to /home/abuild/rpmbuild/BUILDROOT/python-sphinx-testing-1.0.1-2.7.riscv64/usr/lib/python3.10/site-packages/sphinx_testing-1.0.1-py3.10.egg-info
[  347s] running install_scripts
[  348s] ++ '[' -f _current_flavor ']'
[  348s] ++ cat _current_flavor
[  348s] + last_flavor=python310
[  348s] + '[' -z python310 ']'
[  348s] + '[' python310 '!=' python38 ']'
[  348s] + '[' -d build ']'
[  348s] + '[' -d _build.python38 ']'
[  348s] + echo python38
[  348s] + python_flavor=python38
[  348s] + /usr/lib/rpm/fdupes_wrapper /home/abuild/rpmbuild/BUILDROOT/python-sphinx-testing-1.0.1-2.7.riscv64/usr/lib/python3.8/site-packages
[  348s] Linking /home/abuild/rpmbuild/BUILDROOT/python-sphinx-testing-1.0.1-2.7.riscv64/usr/lib/python3.8/site-packages/sphinx_testing/__pycache__/tmpdir.cpython-38.opt-1.pyc -> /home/abuild/rpmbuild/BUILDROOT/python-sphinx-testing-1.0.1-2.7.riscv64/usr/lib/python3.8/site-packages/sphinx_testing/__pycache__/tmpdir.cpython-38.pyc
[  348s] Linking /home/abuild/rpmbuild/BUILDROOT/python-sphinx-testing-1.0.1-2.7.riscv64/usr/lib/python3.8/site-packages/sphinx_testing/__pycache__/__init__.cpython-38.opt-1.pyc -> /home/abuild/rpmbuild/BUILDROOT/python-sphinx-testing-1.0.1-2.7.riscv64/usr/lib/python3.8/site-packages/sphinx_testing/__pycache__/__init__.cpython-38.pyc
[  348s] ++ '[' -f _current_flavor ']'
[  348s] ++ cat _current_flavor
[  348s] + last_flavor=python38
[  348s] + '[' -z python38 ']'
[  348s] + '[' python38 '!=' python39 ']'
[  348s] + '[' -d build ']'
[  348s] + '[' -d _build.python39 ']'
[  348s] + echo python39
[  348s] + python_flavor=python39
[  348s] + /usr/lib/rpm/fdupes_wrapper /home/abuild/rpmbuild/BUILDROOT/python-sphinx-testing-1.0.1-2.7.riscv64/usr/lib/python3.9/site-packages
[  349s] Linking /home/abuild/rpmbuild/BUILDROOT/python-sphinx-testing-1.0.1-2.7.riscv64/usr/lib/python3.9/site-packages/sphinx_testing/__pycache__/tmpdir.cpython-39.opt-1.pyc -> /home/abuild/rpmbuild/BUILDROOT/python-sphinx-testing-1.0.1-2.7.riscv64/usr/lib/python3.9/site-packages/sphinx_testing/__pycache__/tmpdir.cpython-39.pyc
[  349s] Linking /home/abuild/rpmbuild/BUILDROOT/python-sphinx-testing-1.0.1-2.7.riscv64/usr/lib/python3.9/site-packages/sphinx_testing/__pycache__/__init__.cpython-39.opt-1.pyc -> /home/abuild/rpmbuild/BUILDROOT/python-sphinx-testing-1.0.1-2.7.riscv64/usr/lib/python3.9/site-packages/sphinx_testing/__pycache__/__init__.cpython-39.pyc
[  349s] ++ '[' -f _current_flavor ']'
[  349s] ++ cat _current_flavor
[  349s] + last_flavor=python39
[  349s] + '[' -z python39 ']'
[  349s] + '[' python39 '!=' python311 ']'
[  349s] + '[' -d build ']'
[  349s] + '[' -d _build.python311 ']'
[  349s] + echo python311
[  349s] + python_flavor=python311
[  349s] + /usr/lib/rpm/fdupes_wrapper /home/abuild/rpmbuild/BUILDROOT/python-sphinx-testing-1.0.1-2.7.riscv64/usr/lib/python3.11/site-packages
[  349s] Linking /home/abuild/rpmbuild/BUILDROOT/python-sphinx-testing-1.0.1-2.7.riscv64/usr/lib/python3.11/site-packages/sphinx_testing/__pycache__/util.cpython-311.opt-1.pyc -> /home/abuild/rpmbuild/BUILDROOT/python-sphinx-testing-1.0.1-2.7.riscv64/usr/lib/python3.11/site-packages/sphinx_testing/__pycache__/util.cpython-311.pyc
[  349s] Linking /home/abuild/rpmbuild/BUILDROOT/python-sphinx-testing-1.0.1-2.7.riscv64/usr/lib/python3.11/site-packages/sphinx_testing/__pycache__/tmpdir.cpython-311.opt-1.pyc -> /home/abuild/rpmbuild/BUILDROOT/python-sphinx-testing-1.0.1-2.7.riscv64/usr/lib/python3.11/site-packages/sphinx_testing/__pycache__/tmpdir.cpython-311.pyc
[  349s] Linking /home/abuild/rpmbuild/BUILDROOT/python-sphinx-testing-1.0.1-2.7.riscv64/usr/lib/python3.11/site-packages/sphinx_testing/__pycache__/path.cpython-311.opt-1.pyc -> /home/abuild/rpmbuild/BUILDROOT/python-sphinx-testing-1.0.1-2.7.riscv64/usr/lib/python3.11/site-packages/sphinx_testing/__pycache__/path.cpython-311.pyc
[  349s] Linking /home/abuild/rpmbuild/BUILDROOT/python-sphinx-testing-1.0.1-2.7.riscv64/usr/lib/python3.11/site-packages/sphinx_testing/__pycache__/__init__.cpython-311.opt-1.pyc -> /home/abuild/rpmbuild/BUILDROOT/python-sphinx-testing-1.0.1-2.7.riscv64/usr/lib/python3.11/site-packages/sphinx_testing/__pycache__/__init__.cpython-311.pyc
[  349s] ++ '[' -f _current_flavor ']'
[  349s] ++ cat _current_flavor
[  349s] + last_flavor=python311
[  349s] + '[' -z python311 ']'
[  349s] + '[' python311 '!=' python310 ']'
[  349s] + '[' -d build ']'
[  349s] + '[' -d _build.python310 ']'
[  349s] + echo python310
[  349s] + python_flavor=python310
[  349s] + /usr/lib/rpm/fdupes_wrapper /home/abuild/rpmbuild/BUILDROOT/python-sphinx-testing-1.0.1-2.7.riscv64/usr/lib/python3.10/site-packages
[  349s] Linking /home/abuild/rpmbuild/BUILDROOT/python-sphinx-testing-1.0.1-2.7.riscv64/usr/lib/python3.10/site-packages/sphinx_testing/__pycache__/tmpdir.cpython-310.opt-1.pyc -> /home/abuild/rpmbuild/BUILDROOT/python-sphinx-testing-1.0.1-2.7.riscv64/usr/lib/python3.10/site-packages/sphinx_testing/__pycache__/tmpdir.cpython-310.pyc
[  349s] Linking /home/abuild/rpmbuild/BUILDROOT/python-sphinx-testing-1.0.1-2.7.riscv64/usr/lib/python3.10/site-packages/sphinx_testing/__pycache__/__init__.cpython-310.opt-1.pyc -> /home/abuild/rpmbuild/BUILDROOT/python-sphinx-testing-1.0.1-2.7.riscv64/usr/lib/python3.10/site-packages/sphinx_testing/__pycache__/__init__.cpython-310.pyc
[  349s] + /usr/lib/rpm/find-debuginfo -j8 -n --run-dwz --dwz-low-mem-die-limit 10000000 --dwz-max-die-limit 50000000 -S debugsourcefiles.list /home/abuild/rpmbuild/BUILD/sphinx-testing-1.0.1
[  350s] + /usr/lib/rpm/brp-compress
[  350s] + /usr/lib/rpm/brp-suse
[  350s] calling /usr/lib/rpm/brp-suse.d/brp-05-permissions
[  350s] calling /usr/lib/rpm/brp-suse.d/brp-15-strip-debug
[  351s] calling /usr/lib/rpm/brp-suse.d/brp-25-symlink
[  351s] calling /usr/lib/rpm/brp-suse.d/brp-50-generate-fips-hmac
[  351s] calling /usr/lib/rpm/brp-suse.d/brp-75-ar
[  351s] Executing(%check): /usr/bin/bash -e /var/tmp/rpm-tmp.ZQv9K3
[  352s] + umask 022
[  352s] + cd /home/abuild/rpmbuild/BUILD
[  352s] + cd sphinx-testing-1.0.1
[  352s] + set +x
[  352s] Using libalternatives variant 38 for py.test in XDG_CONFIG_HOME during Python 3.8 expansions.
[  352s] Using libalternatives variant 38 for pybabel in XDG_CONFIG_HOME during Python 3.8 expansions.
[  352s] Using libalternatives variant 38 for pygmentize in XDG_CONFIG_HOME during Python 3.8 expansions.
[  352s] Using libalternatives variant 38 for pytest in XDG_CONFIG_HOME during Python 3.8 expansions.
[  352s] Using alternative docutils-3.8 for docutils in ./build/flavorbin during Python 3.8 expansions.
[  353s] Using alternative normalizer-3.8 for normalizer in ./build/flavorbin during Python 3.8 expansions.
[  353s] Using alternative rst2html-3.8 for rst2html in ./build/flavorbin during Python 3.8 expansions.
[  353s] Using alternative rst2html4-3.8 for rst2html4 in ./build/flavorbin during Python 3.8 expansions.
[  353s] Using alternative rst2html5-3.8 for rst2html5 in ./build/flavorbin during Python 3.8 expansions.
[  354s] Using alternative rst2latex-3.8 for rst2latex in ./build/flavorbin during Python 3.8 expansions.
[  354s] Using alternative rst2man-3.8 for rst2man in ./build/flavorbin during Python 3.8 expansions.
[  354s] Using alternative rst2odt-3.8 for rst2odt in ./build/flavorbin during Python 3.8 expansions.
[  354s] Using alternative rst2odt_prepstyles-3.8 for rst2odt_prepstyles in ./build/flavorbin during Python 3.8 expansions.
[  355s] Using alternative rst2pseudoxml-3.8 for rst2pseudoxml in ./build/flavorbin during Python 3.8 expansions.
[  355s] Using alternative rst2s5-3.8 for rst2s5 in ./build/flavorbin during Python 3.8 expansions.
[  355s] Using alternative rst2xetex-3.8 for rst2xetex in ./build/flavorbin during Python 3.8 expansions.
[  355s] Using alternative rst2xml-3.8 for rst2xml in ./build/flavorbin during Python 3.8 expansions.
[  355s] Using alternative rstpep2html-3.8 for rstpep2html in ./build/flavorbin during Python 3.8 expansions.
[  356s] Using alternative sphinx-apidoc-3.8 for sphinx-apidoc in ./build/flavorbin during Python 3.8 expansions.
[  356s] Using alternative sphinx-autogen-3.8 for sphinx-autogen in ./build/flavorbin during Python 3.8 expansions.
[  356s] Using alternative sphinx-build-3.8 for sphinx-build in ./build/flavorbin during Python 3.8 expansions.
[  356s] Using alternative sphinx-quickstart-3.8 for sphinx-quickstart in ./build/flavorbin during Python 3.8 expansions.
[  356s] Using libalternatives variant 39 for py.test in XDG_CONFIG_HOME during Python 3.9 expansions.
[  356s] Using libalternatives variant 39 for pybabel in XDG_CONFIG_HOME during Python 3.9 expansions.
[  356s] Using libalternatives variant 39 for pygmentize in XDG_CONFIG_HOME during Python 3.9 expansions.
[  357s] Using libalternatives variant 39 for pytest in XDG_CONFIG_HOME during Python 3.9 expansions.
[  357s] Using alternative docutils-3.9 for docutils in ./build/flavorbin during Python 3.9 expansions.
[  357s] Using alternative normalizer-3.9 for normalizer in ./build/flavorbin during Python 3.9 expansions.
[  358s] Using alternative rst2html-3.9 for rst2html in ./build/flavorbin during Python 3.9 expansions.
[  358s] Using alternative rst2html4-3.9 for rst2html4 in ./build/flavorbin during Python 3.9 expansions.
[  358s] Using alternative rst2html5-3.9 for rst2html5 in ./build/flavorbin during Python 3.9 expansions.
[  358s] Using alternative rst2latex-3.9 for rst2latex in ./build/flavorbin during Python 3.9 expansions.
[  358s] Using alternative rst2man-3.9 for rst2man in ./build/flavorbin during Python 3.9 expansions.
[  359s] Using alternative rst2odt-3.9 for rst2odt in ./build/flavorbin during Python 3.9 expansions.
[  359s] Using alternative rst2odt_prepstyles-3.9 for rst2odt_prepstyles in ./build/flavorbin during Python 3.9 expansions.
[  359s] Using alternative rst2pseudoxml-3.9 for rst2pseudoxml in ./build/flavorbin during Python 3.9 expansions.
[  359s] Using alternative rst2s5-3.9 for rst2s5 in ./build/flavorbin during Python 3.9 expansions.
[  359s] Using alternative rst2xetex-3.9 for rst2xetex in ./build/flavorbin during Python 3.9 expansions.
[  360s] Using alternative rst2xml-3.9 for rst2xml in ./build/flavorbin during Python 3.9 expansions.
[  360s] Using alternative rstpep2html-3.9 for rstpep2html in ./build/flavorbin during Python 3.9 expansions.
[  360s] Using alternative sphinx-apidoc-3.9 for sphinx-apidoc in ./build/flavorbin during Python 3.9 expansions.
[  360s] Using alternative sphinx-autogen-3.9 for sphinx-autogen in ./build/flavorbin during Python 3.9 expansions.
[  360s] Using alternative sphinx-build-3.9 for sphinx-build in ./build/flavorbin during Python 3.9 expansions.
[  361s] Using alternative sphinx-quickstart-3.9 for sphinx-quickstart in ./build/flavorbin during Python 3.9 expansions.
[  361s] Using libalternatives variant 311 for py.test in XDG_CONFIG_HOME during Python 3.11 expansions.
[  361s] Using libalternatives variant 311 for pybabel in XDG_CONFIG_HOME during Python 3.11 expansions.
[  361s] Using libalternatives variant 311 for pygmentize in XDG_CONFIG_HOME during Python 3.11 expansions.
[  361s] Using libalternatives variant 311 for pytest in XDG_CONFIG_HOME during Python 3.11 expansions.
[  361s] Using alternative docutils-3.11 for docutils in ./build/flavorbin during Python 3.11 expansions.
[  362s] Using alternative normalizer-3.11 for normalizer in ./build/flavorbin during Python 3.11 expansions.
[  362s] Using alternative rst2html-3.11 for rst2html in ./build/flavorbin during Python 3.11 expansions.
[  362s] Using alternative rst2html4-3.11 for rst2html4 in ./build/flavorbin during Python 3.11 expansions.
[  363s] Using alternative rst2html5-3.11 for rst2html5 in ./build/flavorbin during Python 3.11 expansions.
[  363s] Using alternative rst2latex-3.11 for rst2latex in ./build/flavorbin during Python 3.11 expansions.
[  363s] Using alternative rst2man-3.11 for rst2man in ./build/flavorbin during Python 3.11 expansions.
[  363s] Using alternative rst2odt-3.11 for rst2odt in ./build/flavorbin during Python 3.11 expansions.
[  363s] Using alternative rst2odt_prepstyles-3.11 for rst2odt_prepstyles in ./build/flavorbin during Python 3.11 expansions.
[  364s] Using alternative rst2pseudoxml-3.11 for rst2pseudoxml in ./build/flavorbin during Python 3.11 expansions.
[  364s] Using alternative rst2s5-3.11 for rst2s5 in ./build/flavorbin during Python 3.11 expansions.
[  364s] Using alternative rst2xetex-3.11 for rst2xetex in ./build/flavorbin during Python 3.11 expansions.
[  364s] Using alternative rst2xml-3.11 for rst2xml in ./build/flavorbin during Python 3.11 expansions.
[  364s] Using alternative rstpep2html-3.11 for rstpep2html in ./build/flavorbin during Python 3.11 expansions.
[  365s] Using alternative sphinx-apidoc-3.11 for sphinx-apidoc in ./build/flavorbin during Python 3.11 expansions.
[  365s] Using alternative sphinx-autogen-3.11 for sphinx-autogen in ./build/flavorbin during Python 3.11 expansions.
[  365s] Using alternative sphinx-build-3.11 for sphinx-build in ./build/flavorbin during Python 3.11 expansions.
[  365s] Using alternative sphinx-quickstart-3.11 for sphinx-quickstart in ./build/flavorbin during Python 3.11 expansions.
[  366s] Using alternative docutils-3.10 for docutils in ./build/flavorbin during Python 3.10 expansions.
[  366s] Using alternative normalizer-3.10 for normalizer in ./build/flavorbin during Python 3.10 expansions.
[  366s] Using alternative rst2html-3.10 for rst2html in ./build/flavorbin during Python 3.10 expansions.
[  367s] Using alternative rst2html4-3.10 for rst2html4 in ./build/flavorbin during Python 3.10 expansions.
[  367s] Using alternative rst2html5-3.10 for rst2html5 in ./build/flavorbin during Python 3.10 expansions.
[  367s] Using alternative rst2latex-3.10 for rst2latex in ./build/flavorbin during Python 3.10 expansions.
[  367s] Using alternative rst2man-3.10 for rst2man in ./build/flavorbin during Python 3.10 expansions.
[  367s] Using alternative rst2odt-3.10 for rst2odt in ./build/flavorbin during Python 3.10 expansions.
[  368s] Using alternative rst2odt_prepstyles-3.10 for rst2odt_prepstyles in ./build/flavorbin during Python 3.10 expansions.
[  368s] Using alternative rst2pseudoxml-3.10 for rst2pseudoxml in ./build/flavorbin during Python 3.10 expansions.
[  368s] Using alternative rst2s5-3.10 for rst2s5 in ./build/flavorbin during Python 3.10 expansions.
[  368s] Using alternative rst2xetex-3.10 for rst2xetex in ./build/flavorbin during Python 3.10 expansions.
[  368s] Using alternative rst2xml-3.10 for rst2xml in ./build/flavorbin during Python 3.10 expansions.
[  369s] Using alternative rstpep2html-3.10 for rstpep2html in ./build/flavorbin during Python 3.10 expansions.
[  369s] Using alternative sphinx-apidoc-3.10 for sphinx-apidoc in ./build/flavorbin during Python 3.10 expansions.
[  369s] Using alternative sphinx-autogen-3.10 for sphinx-autogen in ./build/flavorbin during Python 3.10 expansions.
[  369s] Using alternative sphinx-build-3.10 for sphinx-build in ./build/flavorbin during Python 3.10 expansions.
[  369s] Using alternative sphinx-quickstart-3.10 for sphinx-quickstart in ./build/flavorbin during Python 3.10 expansions.
[  369s] + export PATH=/home/abuild/rpmbuild/BUILD/sphinx-testing-1.0.1/build/flavorbin:/usr/local/bin:/usr/bin:/bin
[  369s] + PATH=/home/abuild/rpmbuild/BUILD/sphinx-testing-1.0.1/build/flavorbin:/usr/local/bin:/usr/bin:/bin
[  369s] ++ '[' -f _current_flavor ']'
[  369s] ++ cat _current_flavor
[  369s] + last_flavor=python310
[  369s] + '[' -z python310 ']'
[  369s] + '[' python310 '!=' python38 ']'
[  369s] + '[' -d build ']'
[  369s] + mv build _build.python310
[  369s] + '[' -d _build.python38 ']'
[  369s] + mv _build.python38 build
[  370s] + echo python38
[  370s] + python_flavor=python38
[  370s] + PYTHONPATH=/home/abuild/rpmbuild/BUILDROOT/python-sphinx-testing-1.0.1-2.7.riscv64/usr/lib/python3.8/site-packages
[  370s] + PYTHONDONTWRITEBYTECODE=1
[  370s] + pytest-3.8 --ignore=_build.python38 --ignore=_build.python39 --ignore=_build.python311 --ignore=_build.python310 -v
[  376s] ============================= test session starts ==============================
[  376s] platform linux -- Python 3.8.16, pytest-7.2.0, pluggy-1.0.0 -- /usr/bin/python3.8
[  376s] cachedir: .pytest_cache
[  376s] rootdir: /home/abuild/rpmbuild/BUILD/sphinx-testing-1.0.1
[  381s] collecting ... collected 40 items
[  381s] 
[  381s] tests/test_path.py::TestPath::test_abspath PASSED                        [  2%]
[  381s] tests/test_path.py::TestPath::test_basename PASSED                       [  5%]
[  381s] tests/test_path.py::TestPath::test_copytree PASSED                       [  7%]
[  381s] tests/test_path.py::TestPath::test_dirname PASSED                        [ 10%]
[  381s] tests/test_path.py::TestPath::test_exists PASSED                         [ 12%]
[  381s] tests/test_path.py::TestPath::test_instantiate PASSED                    [ 15%]
[  381s] tests/test_path.py::TestPath::test_isabs PASSED                          [ 17%]
[  382s] tests/test_path.py::TestPath::test_isdir PASSED                          [ 20%]
[  382s] tests/test_path.py::TestPath::test_isfile PASSED                         [ 22%]
[  382s] tests/test_path.py::TestPath::test_islink PASSED                         [ 25%]
[  382s] tests/test_path.py::TestPath::test_ismount PASSED                        [ 27%]
[  382s] tests/test_path.py::TestPath::test_jonpath PASSED                        [ 30%]
[  382s] tests/test_path.py::TestPath::test_listdir PASSED                        [ 32%]
[  382s] tests/test_path.py::TestPath::test_makedirs PASSED                       [ 35%]
[  382s] tests/test_path.py::TestPath::test_move PASSED                           [ 37%]
[  382s] tests/test_path.py::TestPath::test_read_bytes PASSED                     [ 40%]
[  382s] tests/test_path.py::TestPath::test_read_text PASSED                      [ 42%]
[  382s] tests/test_path.py::TestPath::test_rmtree PASSED                         [ 45%]
[  382s] tests/test_path.py::TestPath::test_suffix PASSED                         [ 47%]
[  382s] tests/test_path.py::TestPath::test_unlink PASSED                         [ 50%]
[  382s] tests/test_path.py::TestPath::test_utime PASSED                          [ 52%]
[  382s] tests/test_path.py::TestPath::test_write_bytes PASSED                    [ 55%]
[  382s] tests/test_path.py::TestPath::test_write_text PASSED                     [ 57%]
[  382s] tests/test_tmpdir.py::TestTmpdir::test_mkdtemp PASSED                    [ 60%]
[  382s] tests/test_tmpdir.py::TestTmpdir::test_with_tmpdir PASSED                [ 62%]
[  390s] tests/test_util.py::TestSphinxTesting::test_TestApp PASSED               [ 65%]
[  391s] tests/test_util.py::TestSphinxTesting::test_TestApp_cleanup PASSED       [ 67%]
[  391s] tests/test_util.py::TestSphinxTesting::test_TestApp_cleanup_when_cleanup_on_errors PASSED [ 70%]
[  392s] tests/test_util.py::TestSphinxTesting::test_TestApp_when_copy_srcdir_to_tmpdir PASSED [ 72%]
[  393s] tests/test_util.py::TestSphinxTesting::test_TestApp_when_create_new_srcdir PASSED [ 75%]
[  393s] tests/test_util.py::TestSphinxTesting::test_TestApp_when_srcdir_and_create_new_srcdir_conflict PASSED [ 77%]
[  393s] tests/test_util.py::TestSphinxTesting::test_TestApp_when_srcdir_is_None PASSED [ 80%]
[  393s] tests/test_util.py::TestSphinxTesting::test_TestApp_when_srcdir_specified PASSED [ 82%]
[  398s] tests/test_util.py::TestSphinxTesting::test_with_app PASSED              [ 85%]
[  399s] tests/test_util.py::TestSphinxTesting::test_with_app_bad_args PASSED     [ 87%]
[  399s] tests/test_util.py::TestSphinxTesting::test_with_app_return_value PASSED [ 90%]
[  400s] tests/test_util.py::TestSphinxTesting::test_with_app_write_docstring PASSED [ 92%]
[  400s] tests/test_util.py::TestSphinxTesting::test_with_app_write_docstring_by_name PASSED [ 95%]
[  401s] tests/test_util.py::TestSphinxTesting::test_with_app_write_docstring_with_master_doc PASSED [ 97%]
[  402s] tests/test_util.py::TestSphinxTesting::test_with_app_write_docstring_with_source_suffix PASSED [100%]
[  402s] 
[  402s] =============================== warnings summary ===============================
[  402s] ../../BUILDROOT/python-sphinx-testing-1.0.1-2.7.riscv64/usr/lib/python3.8/site-packages/sphinx_testing/util.py:33
[  402s]   /home/abuild/rpmbuild/BUILDROOT/python-sphinx-testing-1.0.1-2.7.riscv64/usr/lib/python3.8/site-packages/sphinx_testing/util.py:33: PytestCollectionWarning: cannot collect test class 'TestApp' because it has a __init__ constructor (from: tests/test_util.py)
[  402s]     class TestApp(Sphinx):
[  402s] 
[  402s] tests/test_path.py: 1 warning
[  402s] tests/test_util.py: 13 warnings
[  402s]   /usr/lib64/python3.8/codecs.py:905: DeprecationWarning: 'U' mode is deprecated
[  402s]     file = builtins.open(filename, mode, buffering)
[  402s] 
[  402s] tests/test_util.py::TestSphinxTesting::test_TestApp
[  402s] tests/test_util.py::TestSphinxTesting::test_TestApp
[  402s]   /usr/lib64/python3.8/importlib/__init__.py:127: RemovedInSphinx80Warning: The alias 'sphinx.util.SkipProgressMessage' is deprecated, use 'sphinx.util.display.SkipProgressMessage' instead. Check CHANGES for Sphinx API modifications.
[  402s]     return _bootstrap._gcd_import(name[level:], package, level)
[  402s] 
[  402s] tests/test_util.py::TestSphinxTesting::test_TestApp
[  402s] tests/test_util.py::TestSphinxTesting::test_TestApp
[  402s] tests/test_util.py::TestSphinxTesting::test_TestApp
[  402s] tests/test_util.py::TestSphinxTesting::test_TestApp
[  402s]   /usr/lib64/python3.8/importlib/__init__.py:127: RemovedInSphinx80Warning: The alias 'sphinx.util.progress_message' is deprecated, use 'sphinx.util.display.progress_message' instead. Check CHANGES for Sphinx API modifications.
[  402s]     return _bootstrap._gcd_import(name[level:], package, level)
[  402s] 
[  402s] -- Docs: https://docs.pytest.org/en/stable/how-to/capture-warnings.html
[  402s] ======================= 40 passed, 21 warnings in 25.38s =======================
[  402s] ++ '[' -f _current_flavor ']'
[  402s] ++ cat _current_flavor
[  402s] + last_flavor=python38
[  402s] + '[' -z python38 ']'
[  402s] + '[' python38 '!=' python39 ']'
[  402s] + '[' -d build ']'
[  402s] + mv build _build.python38
[  402s] + '[' -d _build.python39 ']'
[  402s] + mv _build.python39 build
[  402s] + echo python39
[  402s] + python_flavor=python39
[  402s] + PYTHONPATH=/home/abuild/rpmbuild/BUILDROOT/python-sphinx-testing-1.0.1-2.7.riscv64/usr/lib/python3.9/site-packages
[  403s] + PYTHONDONTWRITEBYTECODE=1
[  403s] + pytest-3.9 --ignore=_build.python38 --ignore=_build.python39 --ignore=_build.python311 --ignore=_build.python310 -v
[  408s] ============================= test session starts ==============================
[  408s] platform linux -- Python 3.9.16, pytest-7.2.0, pluggy-1.0.0 -- /usr/bin/python3.9
[  408s] cachedir: .pytest_cache
[  408s] rootdir: /home/abuild/rpmbuild/BUILD/sphinx-testing-1.0.1
[  414s] collecting ... collected 40 items
[  414s] 
[  414s] tests/test_path.py::TestPath::test_abspath PASSED                        [  2%]
[  414s] tests/test_path.py::TestPath::test_basename PASSED                       [  5%]
[  414s] tests/test_path.py::TestPath::test_copytree PASSED                       [  7%]
[  414s] tests/test_path.py::TestPath::test_dirname PASSED                        [ 10%]
[  414s] tests/test_path.py::TestPath::test_exists PASSED                         [ 12%]
[  414s] tests/test_path.py::TestPath::test_instantiate PASSED                    [ 15%]
[  414s] tests/test_path.py::TestPath::test_isabs PASSED                          [ 17%]
[  414s] tests/test_path.py::TestPath::test_isdir PASSED                          [ 20%]
[  414s] tests/test_path.py::TestPath::test_isfile PASSED                         [ 22%]
[  414s] tests/test_path.py::TestPath::test_islink PASSED                         [ 25%]
[  414s] tests/test_path.py::TestPath::test_ismount PASSED                        [ 27%]
[  414s] tests/test_path.py::TestPath::test_jonpath PASSED                        [ 30%]
[  414s] tests/test_path.py::TestPath::test_listdir PASSED                        [ 32%]
[  414s] tests/test_path.py::TestPath::test_makedirs PASSED                       [ 35%]
[  415s] tests/test_path.py::TestPath::test_move PASSED                           [ 37%]
[  415s] tests/test_path.py::TestPath::test_read_bytes PASSED                     [ 40%]
[  415s] tests/test_path.py::TestPath::test_read_text PASSED                      [ 42%]
[  415s] tests/test_path.py::TestPath::test_rmtree PASSED                         [ 45%]
[  415s] tests/test_path.py::TestPath::test_suffix PASSED                         [ 47%]
[  415s] tests/test_path.py::TestPath::test_unlink PASSED                         [ 50%]
[  415s] tests/test_path.py::TestPath::test_utime PASSED                          [ 52%]
[  415s] tests/test_path.py::TestPath::test_write_bytes PASSED                    [ 55%]
[  415s] tests/test_path.py::TestPath::test_write_text PASSED                     [ 57%]
[  415s] tests/test_tmpdir.py::TestTmpdir::test_mkdtemp PASSED                    [ 60%]
[  415s] tests/test_tmpdir.py::TestTmpdir::test_with_tmpdir PASSED                [ 62%]
[  425s] tests/test_util.py::TestSphinxTesting::test_TestApp PASSED               [ 65%]
[  425s] tests/test_util.py::TestSphinxTesting::test_TestApp_cleanup PASSED       [ 67%]
[  426s] tests/test_util.py::TestSphinxTesting::test_TestApp_cleanup_when_cleanup_on_errors PASSED [ 70%]
[  427s] tests/test_util.py::TestSphinxTesting::test_TestApp_when_copy_srcdir_to_tmpdir PASSED [ 72%]
[  427s] tests/test_util.py::TestSphinxTesting::test_TestApp_when_create_new_srcdir PASSED [ 75%]
[  427s] tests/test_util.py::TestSphinxTesting::test_TestApp_when_srcdir_and_create_new_srcdir_conflict PASSED [ 77%]
[  427s] tests/test_util.py::TestSphinxTesting::test_TestApp_when_srcdir_is_None PASSED [ 80%]
[  428s] tests/test_util.py::TestSphinxTesting::test_TestApp_when_srcdir_specified PASSED [ 82%]
[  433s] tests/test_util.py::TestSphinxTesting::test_with_app PASSED              [ 85%]
[  434s] tests/test_util.py::TestSphinxTesting::test_with_app_bad_args PASSED     [ 87%]
[  434s] tests/test_util.py::TestSphinxTesting::test_with_app_return_value PASSED [ 90%]
[  435s] tests/test_util.py::TestSphinxTesting::test_with_app_write_docstring PASSED [ 92%]
[  435s] tests/test_util.py::TestSphinxTesting::test_with_app_write_docstring_by_name PASSED [ 95%]
[  436s] tests/test_util.py::TestSphinxTesting::test_with_app_write_docstring_with_master_doc PASSED [ 97%]
[  436s] tests/test_util.py::TestSphinxTesting::test_with_app_write_docstring_with_source_suffix PASSED [100%]
[  436s] 
[  436s] =============================== warnings summary ===============================
[  436s] ../../BUILDROOT/python-sphinx-testing-1.0.1-2.7.riscv64/usr/lib/python3.9/site-packages/sphinx_testing/util.py:33
[  436s]   /home/abuild/rpmbuild/BUILDROOT/python-sphinx-testing-1.0.1-2.7.riscv64/usr/lib/python3.9/site-packages/sphinx_testing/util.py:33: PytestCollectionWarning: cannot collect test class 'TestApp' because it has a __init__ constructor (from: tests/test_util.py)
[  436s]     class TestApp(Sphinx):
[  436s] 
[  436s] tests/test_path.py: 1 warning
[  436s] tests/test_util.py: 13 warnings
[  436s]   /usr/lib64/python3.9/codecs.py:905: DeprecationWarning: 'U' mode is deprecated
[  436s]     file = builtins.open(filename, mode, buffering)
[  436s] 
[  436s] tests/test_util.py::TestSphinxTesting::test_TestApp
[  436s] tests/test_util.py::TestSphinxTesting::test_TestApp
[  436s]   /usr/lib64/python3.9/importlib/__init__.py:127: RemovedInSphinx80Warning: The alias 'sphinx.util.SkipProgressMessage' is deprecated, use 'sphinx.util.display.SkipProgressMessage' instead. Check CHANGES for Sphinx API modifications.
[  436s]     return _bootstrap._gcd_import(name[level:], package, level)
[  436s] 
[  436s] tests/test_util.py::TestSphinxTesting::test_TestApp
[  436s] tests/test_util.py::TestSphinxTesting::test_TestApp
[  436s] tests/test_util.py::TestSphinxTesting::test_TestApp
[  436s] tests/test_util.py::TestSphinxTesting::test_TestApp
[  436s]   /usr/lib64/python3.9/importlib/__init__.py:127: RemovedInSphinx80Warning: The alias 'sphinx.util.progress_message' is deprecated, use 'sphinx.util.display.progress_message' instead. Check CHANGES for Sphinx API modifications.
[  436s]     return _bootstrap._gcd_import(name[level:], package, level)
[  436s] 
[  436s] -- Docs: https://docs.pytest.org/en/stable/how-to/capture-warnings.html
[  436s] ======================= 40 passed, 21 warnings in 28.01s =======================
[  437s] ++ '[' -f _current_flavor ']'
[  437s] ++ cat _current_flavor
[  437s] + last_flavor=python39
[  437s] + '[' -z python39 ']'
[  437s] + '[' python39 '!=' python311 ']'
[  437s] + '[' -d build ']'
[  437s] + mv build _build.python39
[  437s] + '[' -d _build.python311 ']'
[  437s] + mv _build.python311 build
[  437s] + echo python311
[  437s] + python_flavor=python311
[  437s] + PYTHONPATH=/home/abuild/rpmbuild/BUILDROOT/python-sphinx-testing-1.0.1-2.7.riscv64/usr/lib/python3.11/site-packages
[  437s] + PYTHONDONTWRITEBYTECODE=1
[  437s] + pytest-3.11 --ignore=_build.python38 --ignore=_build.python39 --ignore=_build.python311 --ignore=_build.python310 -v
[  442s] ============================= test session starts ==============================
[  442s] platform linux -- Python 3.11.1, pytest-7.2.0, pluggy-1.0.0 -- /usr/bin/python3.11
[  442s] cachedir: .pytest_cache
[  442s] rootdir: /home/abuild/rpmbuild/BUILD/sphinx-testing-1.0.1
[  445s] collecting ... collected 40 items
[  445s] 
[  445s] tests/test_path.py::TestPath::test_abspath PASSED                        [  2%]
[  445s] tests/test_path.py::TestPath::test_basename PASSED                       [  5%]
[  445s] tests/test_path.py::TestPath::test_copytree PASSED                       [  7%]
[  445s] tests/test_path.py::TestPath::test_dirname PASSED                        [ 10%]
[  445s] tests/test_path.py::TestPath::test_exists PASSED                         [ 12%]
[  445s] tests/test_path.py::TestPath::test_instantiate PASSED                    [ 15%]
[  445s] tests/test_path.py::TestPath::test_isabs PASSED                          [ 17%]
[  445s] tests/test_path.py::TestPath::test_isdir PASSED                          [ 20%]
[  445s] tests/test_path.py::TestPath::test_isfile PASSED                         [ 22%]
[  445s] tests/test_path.py::TestPath::test_islink PASSED                         [ 25%]
[  445s] tests/test_path.py::TestPath::test_ismount PASSED                        [ 27%]
[  445s] tests/test_path.py::TestPath::test_jonpath PASSED                        [ 30%]
[  445s] tests/test_path.py::TestPath::test_listdir PASSED                        [ 32%]
[  445s] tests/test_path.py::TestPath::test_makedirs PASSED                       [ 35%]
[  445s] tests/test_path.py::TestPath::test_move PASSED                           [ 37%]
[  445s] tests/test_path.py::TestPath::test_read_bytes PASSED                     [ 40%]
[  446s] tests/test_path.py::TestPath::test_read_text FAILED                      [ 42%]
[  446s] tests/test_path.py::TestPath::test_rmtree PASSED                         [ 45%]
[  446s] tests/test_path.py::TestPath::test_suffix PASSED                         [ 47%]
[  446s] tests/test_path.py::TestPath::test_unlink PASSED                         [ 50%]
[  446s] tests/test_path.py::TestPath::test_utime PASSED                          [ 52%]
[  446s] tests/test_path.py::TestPath::test_write_bytes PASSED                    [ 55%]
[  446s] tests/test_path.py::TestPath::test_write_text PASSED                     [ 57%]
[  446s] tests/test_tmpdir.py::TestTmpdir::test_mkdtemp PASSED                    [ 60%]
[  446s] tests/test_tmpdir.py::TestTmpdir::test_with_tmpdir PASSED                [ 62%]
[  452s] tests/test_util.py::TestSphinxTesting::test_TestApp PASSED               [ 65%]
[  453s] tests/test_util.py::TestSphinxTesting::test_TestApp_cleanup PASSED       [ 67%]
[  453s] tests/test_util.py::TestSphinxTesting::test_TestApp_cleanup_when_cleanup_on_errors PASSED [ 70%]
[  454s] tests/test_util.py::TestSphinxTesting::test_TestApp_when_copy_srcdir_to_tmpdir FAILED [ 72%]
[  455s] tests/test_util.py::TestSphinxTesting::test_TestApp_when_create_new_srcdir FAILED [ 75%]
[  455s] tests/test_util.py::TestSphinxTesting::test_TestApp_when_srcdir_and_create_new_srcdir_conflict PASSED [ 77%]
[  455s] tests/test_util.py::TestSphinxTesting::test_TestApp_when_srcdir_is_None PASSED [ 80%]
[  456s] tests/test_util.py::TestSphinxTesting::test_TestApp_when_srcdir_specified FAILED [ 82%]
[  460s] tests/test_util.py::TestSphinxTesting::test_with_app PASSED              [ 85%]
[  460s] tests/test_util.py::TestSphinxTesting::test_with_app_bad_args PASSED     [ 87%]
[  461s] tests/test_util.py::TestSphinxTesting::test_with_app_return_value PASSED [ 90%]
[  461s] tests/test_util.py::TestSphinxTesting::test_with_app_write_docstring FAILED [ 92%]
[  462s] tests/test_util.py::TestSphinxTesting::test_with_app_write_docstring_by_name FAILED [ 95%]
[  462s] tests/test_util.py::TestSphinxTesting::test_with_app_write_docstring_with_master_doc FAILED [ 97%]
[  463s] tests/test_util.py::TestSphinxTesting::test_with_app_write_docstring_with_source_suffix FAILED [100%]
[  463s] 
[  463s] =================================== FAILURES ===================================
[  463s] ___________________________ TestPath.test_read_text ____________________________
[  463s] 
[  463s] self = <test_path.TestPath testMethod=test_read_text>
[  463s] tmpdir = path('/tmp/tmp3jge3j5j')
[  463s] 
[  463s]     @with_tmpdir
[  463s]     def test_read_text(self, tmpdir):
[  463s]         filename = "%s/test.file" % tmpdir
[  463s]         with open(filename, 'w') as fd:
[  463s]             fd.write('hello world')
[  463s]     
[  463s] >       self.assertEqual('hello world', path(filename).read_text())
[  463s] 
[  463s] tests/test_path.py:219: 
[  463s] _ _ _ _ _ _ _ _ _ _ _ _ _ _ _ _ _ _ _ _ _ _ _ _ _ _ _ _ _ _ _ _ _ _ _ _ _ _ _ _ 
[  463s] ../../BUILDROOT/python-sphinx-testing-1.0.1-2.7.riscv64/usr/lib/python3.11/site-packages/sphinx_testing/path.py:159: in read_text
[  463s]     f = open(self, mode='U', **kwargs)
[  463s] _ _ _ _ _ _ _ _ _ _ _ _ _ _ _ _ _ _ _ _ _ _ _ _ _ _ _ _ _ _ _ _ _ _ _ _ _ _ _ _ 
[  463s] 
[  463s] filename = path('/tmp/tmp3jge3j5j/test.file'), mode = 'U', encoding = None
[  463s] errors = 'strict', buffering = -1
[  463s] 
[  463s] >   ???
[  463s] E   ValueError: invalid mode: 'U'
[  463s] 
[  463s] <frozen codecs>:906: ValueError
[  463s] __________ TestSphinxTesting.test_TestApp_when_copy_srcdir_to_tmpdir ___________
[  463s] 
[  463s] self = <test_util.TestSphinxTesting testMethod=test_TestApp_when_copy_srcdir_to_tmpdir>
[  463s] 
[  463s]     def test_TestApp_when_copy_srcdir_to_tmpdir(self):
[  463s]         try:
[  463s]             srcdir = path(__file__).dirname() / 'examples'
[  463s]             app = TestApp(srcdir=srcdir, copy_srcdir_to_tmpdir=True)
[  463s]             self.assertNotEqual(srcdir, app.srcdir)
[  463s]             self.assertEqual(app.srcdir, app.builddir.dirname())
[  463s]             self.assertTrue(app.builddir.isdir())
[  463s]             self.assertCountEqual(['_build', 'conf.py', 'index.rst'],
[  463s]                                   os.listdir(app.srcdir))
[  463s] >           self.assertEqual((srcdir / 'conf.py').read_text(),
[  463s]                              (app.srcdir / 'conf.py').read_text())
[  463s] 
[  463s] tests/test_util.py:85: 
[  463s] _ _ _ _ _ _ _ _ _ _ _ _ _ _ _ _ _ _ _ _ _ _ _ _ _ _ _ _ _ _ _ _ _ _ _ _ _ _ _ _ 
[  463s] ../../BUILDROOT/python-sphinx-testing-1.0.1-2.7.riscv64/usr/lib/python3.11/site-packages/sphinx_testing/path.py:159: in read_text
[  463s]     f = open(self, mode='U', **kwargs)
[  463s] _ _ _ _ _ _ _ _ _ _ _ _ _ _ _ _ _ _ _ _ _ _ _ _ _ _ _ _ _ _ _ _ _ _ _ _ _ _ _ _ 
[  463s] 
[  463s] filename = path('/home/abuild/rpmbuild/BUILD/sphinx-testing-1.0.1/tests/examples/conf.py')
[  463s] mode = 'U', encoding = None, errors = 'strict', buffering = -1
[  463s] 
[  463s] >   ???
[  463s] E   ValueError: invalid mode: 'U'
[  463s] 
[  463s] <frozen codecs>:906: ValueError
[  463s] ____________ TestSphinxTesting.test_TestApp_when_create_new_srcdir _____________
[  463s] 
[  463s] self = <test_util.TestSphinxTesting testMethod=test_TestApp_when_create_new_srcdir>
[  463s] 
[  463s]     def test_TestApp_when_create_new_srcdir(self):
[  463s]         try:
[  463s]             app = TestApp(create_new_srcdir=True)
[  463s]             self.assertIsNotNone(app.srcdir)
[  463s]             self.assertEqual(['conf.py'], os.listdir(app.srcdir))
[  463s] >           self.assertEqual('', (app.srcdir / 'conf.py').read_text())
[  463s] 
[  463s] tests/test_util.py:68: 
[  463s] _ _ _ _ _ _ _ _ _ _ _ _ _ _ _ _ _ _ _ _ _ _ _ _ _ _ _ _ _ _ _ _ _ _ _ _ _ _ _ _ 
[  463s] ../../BUILDROOT/python-sphinx-testing-1.0.1-2.7.riscv64/usr/lib/python3.11/site-packages/sphinx_testing/path.py:159: in read_text
[  463s]     f = open(self, mode='U', **kwargs)
[  463s] _ _ _ _ _ _ _ _ _ _ _ _ _ _ _ _ _ _ _ _ _ _ _ _ _ _ _ _ _ _ _ _ _ _ _ _ _ _ _ _ 
[  463s] 
[  463s] filename = path('/tmp/tmpnnl5ssik/root/conf.py'), mode = 'U', encoding = None
[  463s] errors = 'strict', buffering = -1
[  463s] 
[  463s] >   ???
[  463s] E   ValueError: invalid mode: 'U'
[  463s] 
[  463s] <frozen codecs>:906: ValueError
[  463s] _____________ TestSphinxTesting.test_TestApp_when_srcdir_specified _____________
[  463s] 
[  463s] self = <test_util.TestSphinxTesting testMethod=test_TestApp_when_srcdir_specified>
[  463s] 
[  463s]     def test_TestApp_when_srcdir_specified(self):
[  463s]         try:
[  463s]             srcdir = path(__file__).dirname() / 'examples'
[  463s]             app = TestApp(srcdir=srcdir)
[  463s]             self.assertEqual(srcdir, app.srcdir)
[  463s]             self.assertNotEqual(app.srcdir, app.builddir.dirname())
[  463s]             self.assertTrue(app.builddir.isdir())
[  463s]             self.assertCountEqual(['conf.py', 'index.rst'],
[  463s]                                   os.listdir(app.srcdir))
[  463s] >           self.assertEqual((srcdir / 'conf.py').read_text(),
[  463s]                              (app.srcdir / 'conf.py').read_text())
[  463s] 
[  463s] tests/test_util.py:50: 
[  463s] _ _ _ _ _ _ _ _ _ _ _ _ _ _ _ _ _ _ _ _ _ _ _ _ _ _ _ _ _ _ _ _ _ _ _ _ _ _ _ _ 
[  463s] ../../BUILDROOT/python-sphinx-testing-1.0.1-2.7.riscv64/usr/lib/python3.11/site-packages/sphinx_testing/path.py:159: in read_text
[  463s]     f = open(self, mode='U', **kwargs)
[  463s] _ _ _ _ _ _ _ _ _ _ _ _ _ _ _ _ _ _ _ _ _ _ _ _ _ _ _ _ _ _ _ _ _ _ _ _ _ _ _ _ 
[  463s] 
[  463s] filename = path('/home/abuild/rpmbuild/BUILD/sphinx-testing-1.0.1/tests/examples/conf.py')
[  463s] mode = 'U', encoding = None, errors = 'strict', buffering = -1
[  463s] 
[  463s] >   ???
[  463s] E   ValueError: invalid mode: 'U'
[  463s] 
[  463s] <frozen codecs>:906: ValueError
[  463s] _______________ TestSphinxTesting.test_with_app_write_docstring ________________
[  463s] 
[  463s] self = <test_util.TestSphinxTesting testMethod=test_with_app_write_docstring>
[  463s] 
[  463s]     def test_with_app_write_docstring(self):
[  463s]         @with_app(create_new_srcdir=True, write_docstring=True)
[  463s]         def execute(app, status, warning):
[  463s]             """ Hello world """
[  463s]             master_doc = (app.srcdir / (app.config.master_doc + '.rst'))
[  463s]             self.assertEqual('Hello world ', master_doc.read_text())
[  463s]     
[  463s] >       execute()
[  463s] 
[  463s] tests/test_util.py:175: 
[  463s] _ _ _ _ _ _ _ _ _ _ _ _ _ _ _ _ _ _ _ _ _ _ _ _ _ _ _ _ _ _ _ _ _ _ _ _ _ _ _ _ 
[  463s] ../../BUILDROOT/python-sphinx-testing-1.0.1-2.7.riscv64/usr/lib/python3.11/site-packages/sphinx_testing/util.py:171: in decorator
[  463s]     return func(*(args + (app, status, warning)), **kwargs)
[  463s] tests/test_util.py:173: in execute
[  463s]     self.assertEqual('Hello world ', master_doc.read_text())
[  463s] ../../BUILDROOT/python-sphinx-testing-1.0.1-2.7.riscv64/usr/lib/python3.11/site-packages/sphinx_testing/path.py:159: in read_text
[  463s]     f = open(self, mode='U', **kwargs)
[  463s] _ _ _ _ _ _ _ _ _ _ _ _ _ _ _ _ _ _ _ _ _ _ _ _ _ _ _ _ _ _ _ _ _ _ _ _ _ _ _ _ 
[  463s] 
[  463s] filename = path('/tmp/tmpjckvofos/root/index.rst'), mode = 'U', encoding = None
[  463s] errors = 'strict', buffering = -1
[  463s] 
[  463s] >   ???
[  463s] E   ValueError: invalid mode: 'U'
[  463s] 
[  463s] <frozen codecs>:906: ValueError
[  463s] ___________ TestSphinxTesting.test_with_app_write_docstring_by_name ____________
[  463s] 
[  463s] self = <test_util.TestSphinxTesting testMethod=test_with_app_write_docstring_by_name>
[  463s] 
[  463s]     def test_with_app_write_docstring_by_name(self):
[  463s]         @with_app(create_new_srcdir=True, write_docstring='hello.rst')
[  463s]         def execute(app, status, warning):
[  463s]             """ Hello world """
[  463s]             content = (app.srcdir / 'hello.rst').read_text()
[  463s]             self.assertEqual('Hello world ', content)
[  463s]     
[  463s] >       execute()
[  463s] 
[  463s] tests/test_util.py:204: 
[  463s] _ _ _ _ _ _ _ _ _ _ _ _ _ _ _ _ _ _ _ _ _ _ _ _ _ _ _ _ _ _ _ _ _ _ _ _ _ _ _ _ 
[  463s] ../../BUILDROOT/python-sphinx-testing-1.0.1-2.7.riscv64/usr/lib/python3.11/site-packages/sphinx_testing/util.py:171: in decorator
[  463s]     return func(*(args + (app, status, warning)), **kwargs)
[  463s] tests/test_util.py:201: in execute
[  463s]     content = (app.srcdir / 'hello.rst').read_text()
[  463s] ../../BUILDROOT/python-sphinx-testing-1.0.1-2.7.riscv64/usr/lib/python3.11/site-packages/sphinx_testing/path.py:159: in read_text
[  463s]     f = open(self, mode='U', **kwargs)
[  463s] _ _ _ _ _ _ _ _ _ _ _ _ _ _ _ _ _ _ _ _ _ _ _ _ _ _ _ _ _ _ _ _ _ _ _ _ _ _ _ _ 
[  463s] 
[  463s] filename = path('/tmp/tmp1q_1hc3x/root/hello.rst'), mode = 'U', encoding = None
[  463s] errors = 'strict', buffering = -1
[  463s] 
[  463s] >   ???
[  463s] E   ValueError: invalid mode: 'U'
[  463s] 
[  463s] <frozen codecs>:906: ValueError
[  463s] _______ TestSphinxTesting.test_with_app_write_docstring_with_master_doc ________
[  463s] 
[  463s] self = <test_util.TestSphinxTesting testMethod=test_with_app_write_docstring_with_master_doc>
[  463s] 
[  463s]     def test_with_app_write_docstring_with_master_doc(self):
[  463s]         @with_app(create_new_srcdir=True, write_docstring=True,
[  463s]                   confoverrides={'master_doc': 'index'})
[  463s]         def execute(app, status, warning):
[  463s]             """ Hello world """
[  463s]             content = (app.srcdir / 'index.rst').read_text()
[  463s]             self.assertEqual('Hello world ', content)
[  463s]     
[  463s] >       execute()
[  463s] 
[  463s] tests/test_util.py:185: 
[  463s] _ _ _ _ _ _ _ _ _ _ _ _ _ _ _ _ _ _ _ _ _ _ _ _ _ _ _ _ _ _ _ _ _ _ _ _ _ _ _ _ 
[  463s] ../../BUILDROOT/python-sphinx-testing-1.0.1-2.7.riscv64/usr/lib/python3.11/site-packages/sphinx_testing/util.py:171: in decorator
[  463s]     return func(*(args + (app, status, warning)), **kwargs)
[  463s] tests/test_util.py:182: in execute
[  463s]     content = (app.srcdir / 'index.rst').read_text()
[  463s] ../../BUILDROOT/python-sphinx-testing-1.0.1-2.7.riscv64/usr/lib/python3.11/site-packages/sphinx_testing/path.py:159: in read_text
[  463s]     f = open(self, mode='U', **kwargs)
[  463s] _ _ _ _ _ _ _ _ _ _ _ _ _ _ _ _ _ _ _ _ _ _ _ _ _ _ _ _ _ _ _ _ _ _ _ _ _ _ _ _ 
[  463s] 
[  463s] filename = path('/tmp/tmpd_4_epv5/root/index.rst'), mode = 'U', encoding = None
[  463s] errors = 'strict', buffering = -1
[  463s] 
[  463s] >   ???
[  463s] E   ValueError: invalid mode: 'U'
[  463s] 
[  463s] <frozen codecs>:906: ValueError
[  463s] ______ TestSphinxTesting.test_with_app_write_docstring_with_source_suffix ______
[  463s] 
[  463s] self = <test_util.TestSphinxTesting testMethod=test_with_app_write_docstring_with_source_suffix>
[  463s] 
[  463s]     def test_with_app_write_docstring_with_source_suffix(self):
[  463s]         @with_app(create_new_srcdir=True, write_docstring=True,
[  463s]                   confoverrides={'source_suffix': '.txt'})
[  463s]         def execute(app, status, warning):
[  463s]             """ Hello world """
[  463s]             master_doc = (app.srcdir / (app.config.master_doc + '.txt'))
[  463s]             self.assertEqual('Hello world ', master_doc.read_text())
[  463s]     
[  463s] >       execute()
[  463s] 
[  463s] tests/test_util.py:195: 
[  463s] _ _ _ _ _ _ _ _ _ _ _ _ _ _ _ _ _ _ _ _ _ _ _ _ _ _ _ _ _ _ _ _ _ _ _ _ _ _ _ _ 
[  463s] ../../BUILDROOT/python-sphinx-testing-1.0.1-2.7.riscv64/usr/lib/python3.11/site-packages/sphinx_testing/util.py:171: in decorator
[  463s]     return func(*(args + (app, status, warning)), **kwargs)
[  463s] tests/test_util.py:193: in execute
[  463s]     self.assertEqual('Hello world ', master_doc.read_text())
[  463s] ../../BUILDROOT/python-sphinx-testing-1.0.1-2.7.riscv64/usr/lib/python3.11/site-packages/sphinx_testing/path.py:159: in read_text
[  463s]     f = open(self, mode='U', **kwargs)
[  463s] _ _ _ _ _ _ _ _ _ _ _ _ _ _ _ _ _ _ _ _ _ _ _ _ _ _ _ _ _ _ _ _ _ _ _ _ _ _ _ _ 
[  463s] 
[  463s] filename = path('/tmp/tmp6g67vo_o/root/index.txt'), mode = 'U', encoding = None
[  463s] errors = 'strict', buffering = -1
[  463s] 
[  463s] >   ???
[  463s] E   ValueError: invalid mode: 'U'
[  463s] 
[  463s] <frozen codecs>:906: ValueError
[  463s] =============================== warnings summary ===============================
[  463s] ../../BUILDROOT/python-sphinx-testing-1.0.1-2.7.riscv64/usr/lib/python3.11/site-packages/sphinx_testing/util.py:33
[  463s]   /home/abuild/rpmbuild/BUILDROOT/python-sphinx-testing-1.0.1-2.7.riscv64/usr/lib/python3.11/site-packages/sphinx_testing/util.py:33: PytestCollectionWarning: cannot collect test class 'TestApp' because it has a __init__ constructor (from: tests/test_util.py)
[  463s]     class TestApp(Sphinx):
[  463s] 
[  463s] tests/test_util.py::TestSphinxTesting::test_TestApp
[  463s]   /usr/lib/python3.11/site-packages/sphinx/util/images.py:6: DeprecationWarning: 'imghdr' is deprecated and slated for removal in Python 3.13
[  463s]     import imghdr
[  463s] 
[  463s] tests/test_util.py::TestSphinxTesting::test_TestApp
[  463s] tests/test_util.py::TestSphinxTesting::test_TestApp
[  463s]   /usr/lib64/python3.11/importlib/__init__.py:126: RemovedInSphinx80Warning: The alias 'sphinx.util.SkipProgressMessage' is deprecated, use 'sphinx.util.display.SkipProgressMessage' instead. Check CHANGES for Sphinx API modifications.
[  463s]     return _bootstrap._gcd_import(name[level:], package, level)
[  463s] 
[  463s] tests/test_util.py::TestSphinxTesting::test_TestApp
[  463s] tests/test_util.py::TestSphinxTesting::test_TestApp
[  463s] tests/test_util.py::TestSphinxTesting::test_TestApp
[  463s] tests/test_util.py::TestSphinxTesting::test_TestApp
[  463s]   /usr/lib64/python3.11/importlib/__init__.py:126: RemovedInSphinx80Warning: The alias 'sphinx.util.progress_message' is deprecated, use 'sphinx.util.display.progress_message' instead. Check CHANGES for Sphinx API modifications.
[  463s]     return _bootstrap._gcd_import(name[level:], package, level)
[  463s] 
[  463s] -- Docs: https://docs.pytest.org/en/stable/how-to/capture-warnings.html
[  463s] =========================== short test summary info ============================
[  463s] FAILED tests/test_path.py::TestPath::test_read_text - ValueError: invalid mod...
[  463s] FAILED tests/test_util.py::TestSphinxTesting::test_TestApp_when_copy_srcdir_to_tmpdir
[  463s] FAILED tests/test_util.py::TestSphinxTesting::test_TestApp_when_create_new_srcdir
[  463s] FAILED tests/test_util.py::TestSphinxTesting::test_TestApp_when_srcdir_specified
[  463s] FAILED tests/test_util.py::TestSphinxTesting::test_with_app_write_docstring
[  463s] FAILED tests/test_util.py::TestSphinxTesting::test_with_app_write_docstring_by_name
[  463s] FAILED tests/test_util.py::TestSphinxTesting::test_with_app_write_docstring_with_master_doc
[  463s] FAILED tests/test_util.py::TestSphinxTesting::test_with_app_write_docstring_with_source_suffix
[  463s] ================== 8 failed, 32 passed, 8 warnings in 21.13s ===================
[  464s] error: Bad exit status from /var/tmp/rpm-tmp.ZQv9K3 (%check)
[  464s] 
[  464s] RPM build errors:
[  464s]     Bad exit status from /var/tmp/rpm-tmp.ZQv9K3 (%check)
[  464s] ### VM INTERACTION START ###
[  465s] [  454.254694][    T1] sysrq: Power Off
[  465s] [  454.256713][  T399] reboot: Power down
[  465s] ### VM INTERACTION END ###
[  465s] 
[  465s] hci-snode2-m0 failed "build python-sphinx-testing.spec" at Sun Feb 19 07:19:44 UTC 2023.
[  465s] 
