[    0s] Using BUILD_ROOT=/var/cache/obs/worker/root_4/.mount
[    0s] Using BUILD_ARCH=riscv64
[    0s] Doing kvm build in /var/cache/obs/worker/root_4/root
[    0s] 
[    0s] 
[    0s] lamb61 started "build python-django-assets.spec" at Sun Feb 19 12:08:59 UTC 2023.
[    0s] 
[    0s] Building python-django-assets for project 'openSUSE:Factory:RISCV' repository 'standard' arch 'riscv64' srcmd5 'fb5bb154eacb9454943a9f848a619bce'
[    0s] 
[    0s] processing recipe /var/cache/obs/worker/root_4/.build-srcdir/python-django-assets.spec ...
[    0s] running changelog2spec --target rpm --file /var/cache/obs/worker/root_4/.build-srcdir/python-django-assets.spec
[    0s] init_buildsystem --configdir /var/run/obs/worker/4/build/configs --cachedir /var/cache/build --prepare --clean --rpmlist /var/cache/obs/worker/root_4/.build.rpmlist /var/cache/obs/worker/root_4/.build-srcdir/python-django-assets.spec build ...
[    1s] unpacking preinstall image openSUSE:Factory:RISCV/standard/preinstallimage-python [718d7b37bce08b907ee81939a96ff181]
[    4s] 
[    4s] copying packages...
[    5s] reordering...done
[    5s] Detected virtio-serial support
[    6s] booting kvm...
[    6s] ### VM INTERACTION START ###
[    6s] Using virtio-serial support
[    6s] /usr/bin/qemu-kvm -nodefaults -no-reboot -nographic -vga none -cpu host -M pc,accel=kvm,usb=off,dump-guest-core=off,vmport=off -sandbox on -bios /usr/share/qemu/qboot.rom -object rng-random,filename=/dev/random,id=rng0 -device virtio-rng-pci,rng=rng0 -object iothread,id=io0 -runas qemu -net none -kernel /var/cache/obs/worker/root_4/.mount/boot/kernel -initrd /var/cache/obs/worker/root_4/.mount/boot/initrd -append root=/dev/disk/by-id/virtio-0 rootfstype=ext4 rootflags=noatime kvmclock mitigations=off elevator=noop nmi_watchdog=0 rw rd.driver.pre=binfmt_misc oops=panic panic=1 quiet console=hvc0 init=/.build/initvm.x86_64 -m 8192 -drive file=/var/cache/obs/worker/root_4/root,format=raw,if=none,id=disk,cache=unsafe,aio=io_uring -device virtio-blk-pci,iothread=io0,drive=disk,serial=0 -drive file=/var/cache/obs/worker/root_4/swap,format=raw,if=none,id=swap,cache=unsafe,aio=io_uring -device virtio-blk-pci,iothread=io0,drive=swap,serial=1 -device virtio-serial,max_ports=2 -device virtconsole,chardev=virtiocon0 -chardev stdio,id=virtiocon0 -chardev socket,id=monitor,server=on,wait=off,path=/var/cache/obs/worker/root_4/root.qemu/monitor -mon chardev=monitor,mode=readline -smp 8
[   11s] ### VM INTERACTION END ###
[   11s] 2nd stage started in virtual machine
[   11s] machine type: riscv64
[   11s] Linux version: 6.1.12-1-default #1 SMP PREEMPT_DYNAMIC Wed Feb 15 05:31:41 UTC 2023 (373f017)
[   11s] Increasing log level from now on...
[   11s] [    4.819343][  T416] sysrq: Changing Loglevel
[   11s] [    4.819595][  T416] sysrq: Loglevel set to 4
[   11s] Enable sysrq operations
[   12s] Setting up swapspace version 1, size = 2 GiB (2097147904 bytes)
[   12s] no label, UUID=06fe37f8-9773-4747-8d72-4d31517b6bc1
[   12s] swapon: /dev/vdb: found signature [pagesize=4096, signature=swap]
[   12s] swapon: /dev/vdb: pagesize=4096, swapsize=2097152000, devsize=2097152000
[   12s] swapon /dev/vdb
[   12s] WARNING: udev not running, creating extra device nodes
[   13s] logging output to //.build.log...
[   13s] processing recipe /.build-srcdir/python-django-assets.spec ...
[   13s] init_buildsystem --configdir /.build/configs --cachedir /var/cache/build /.build-srcdir/python-django-assets.spec build ...
[   14s] initializing rpm db...
[   14s] querying package ids...
[   43s] [1/260] preinstalled aaa_base-84.87+git20220822.6b9f7a3-1.1
[   43s] [2/260] preinstalled aaa_base-malloccheck-84.87+git20220822.6b9f7a3-1.1
[   43s] [3/260] preinstalled attr-2.5.1-1.1
[   43s] [4/260] preinstalled bash-5.2.15-8.1
[   43s] [5/260] preinstalled bash-sh-5.2.15-8.1
[   43s] [6/260] preinstalled binutils-2.39-3.1
[   43s] [7/260] preinstalled brp-check-suse-84.87+git20221115.2f7add6-1.1
[   43s] [8/260] preinstalled build-compare-20221206T204012.bb70754-1.2
[   43s] [9/260] preinstalled build-mkbaselibs-20230215-1.1
[   43s] [10/260] preinstalled bzip2-1.0.8-4.1
[   43s] [11/260] preinstalled chkstat-1599_20221220-1.2
[   43s] [12/260] preinstalled compat-usrmerge-build-84.87-5.1
[   43s] [13/260] preinstalled compat-usrmerge-tools-84.87-5.1
[   43s] [14/260] preinstalled coreutils-9.1-5.1
[   43s] [15/260] preinstalled cpio-2.13-5.1
[   43s] [16/260] preinstalled cpp-12-2.1
[   43s] [17/260] preinstalled cpp12-12.2.1+git749-4.1
[   43s] [18/260] preinstalled crypto-policies-20210917.c9d86d1-1.1
[   43s] [19/260] preinstalled debugedit-5.0-5.1
[   43s] [20/260] preinstalled diffutils-3.9-1.1
[   43s] [21/260] cumulate dos2unix-7.4.4-1.1
[   43s] [22/260] preinstalled dwz-0.15-2.1
[   43s] [23/260] preinstalled elfutils-0.188-3.2
[   43s] [24/260] cumulate fdupes-2.2.1-1.1
[   43s] [25/260] preinstalled file-5.44-1.2
[   43s] [26/260] preinstalled file-magic-5.44-1.2
[   43s] [27/260] preinstalled filesystem-84.87-12.1
[   43s] [28/260] preinstalled fillup-1.42-279.1
[   43s] [29/260] preinstalled findutils-4.9.0-2.1
[   43s] [30/260] preinstalled gawk-5.2.1-2.1
[   43s] [31/260] preinstalled gcc-12-2.1
[   43s] [32/260] preinstalled gcc-PIE-12-2.1
[   43s] [33/260] preinstalled gcc12-12.2.1+git749-4.1
[   43s] [34/260] preinstalled gcc12-PIE-12.2.1+git749-4.1
[   43s] [35/260] preinstalled gettext-runtime-mini-0.21.1-1.1
[   43s] [36/260] preinstalled gettext-tools-mini-0.21.1-1.1
[   43s] [37/260] preinstalled glibc-2.37-1.1
[   43s] [38/260] preinstalled glibc-devel-2.37-1.1
[   43s] [39/260] preinstalled glibc-locale-base-2.37-1.1
[   43s] [40/260] preinstalled grep-3.8-3.1
[   43s] [41/260] preinstalled gzip-1.12-3.1
[   43s] [42/260] preinstalled kernel-obs-build-6.1.12-1.1
[   43s] [43/260] cumulate libXau6-1.0.11-1.1
[   43s] [44/260] preinstalled libacl1-2.3.1-2.1
[   43s] [45/260] cumulate libalternatives1-1.2+3.b848aad-3.1
[   43s] [46/260] cumulate libargon2-1-20190702-2.1
[   43s] [47/260] preinstalled libasan8-13.0.1+git5428-6.1
[   43s] [48/260] preinstalled libasm1-0.188-3.2
[   43s] [49/260] preinstalled libatomic1-13.0.1+git5428-6.1
[   43s] [50/260] preinstalled libattr1-2.5.1-1.1
[   43s] [51/260] preinstalled libaudit1-3.0.6-4.1
[   43s] [52/260] preinstalled libblkid1-2.38.1-7.1
[   43s] [53/260] cumulate libbrotlicommon1-1.0.9-1.1
[   43s] [54/260] preinstalled libbz2-1-1.0.8-4.1
[   43s] [55/260] preinstalled libcap-ng0-0.8.3-1.1
[   43s] [56/260] preinstalled libcap2-2.67-1.1
[   43s] [57/260] preinstalled libcrypt1-4.4.33-1.1
[   43s] [58/260] preinstalled libctf-nobfd0-2.39-3.1
[   43s] [59/260] preinstalled libctf0-2.39-3.1
[   43s] [60/260] preinstalled libdb-4_8-4.8.30-39.1
[   43s] [61/260] preinstalled libdw1-0.188-3.2
[   43s] [62/260] preinstalled libeconf0-0.5.1-1.1
[   43s] [63/260] preinstalled libelf1-0.188-3.2
[   43s] [64/260] preinstalled libexpat1-2.5.0-2.1
[   43s] [65/260] preinstalled libfdisk1-2.38.1-7.1
[   43s] [66/260] preinstalled libffi8-3.4.4-1.1
[   43s] [67/260] preinstalled libgcc_s1-13.0.1+git5428-6.1
[   43s] [68/260] preinstalled libgcrypt20-1.10.1-1.1
[   43s] [69/260] preinstalled libgdbm6-1.23-1.1
[   43s] [70/260] preinstalled libgdbm_compat4-1.23-1.1
[   43s] [71/260] preinstalled libgmp10-6.2.1-4.1
[   43s] [72/260] preinstalled libgomp1-13.0.1+git5428-6.1
[   43s] [73/260] preinstalled libgpg-error0-1.46-1.1
[   43s] [74/260] cumulate libimagequant0-2.18.0-1.1
[   43s] [75/260] preinstalled libisl23-0.25-1.1
[   43s] [76/260] cumulate libjbig2-2.1-4.1
[   43s] [77/260] cumulate libjpeg8-8.2.2-72.1
[   43s] [78/260] cumulate liblcms2-2-2.14-3.3
[   43s] [79/260] preinstalled liblua5_4-5-5.4.4-8.1
[   43s] [80/260] preinstalled liblzma5-5.4.1-1.1
[   43s] [81/260] preinstalled libmagic1-5.44-1.2
[   43s] [82/260] preinstalled libmount1-2.38.1-7.1
[   43s] [83/260] preinstalled libmpc3-1.3.1-1.2
[   43s] [84/260] preinstalled libmpdec3-2.5.1-2.1
[   43s] [85/260] preinstalled libmpfr6-4.2.0-1.1
[   43s] [86/260] preinstalled libncurses6-6.4.20230128-5.1
[   43s] [87/260] cumulate libopenjp2-7-2.5.0-2.2
[   43s] [88/260] preinstalled libopenssl3-3.0.7-3.1
[   43s] [89/260] preinstalled libpcre2-8-0-10.42-3.2
[   43s] [90/260] preinstalled libpkgconf3-1.8.0-2.1
[   43s] [91/260] cumulate libpng16-16-1.6.39-2.1
[   43s] [92/260] preinstalled libpopt0-1.19-1.1
[   43s] [93/260] preinstalled libpython3_10-1_0-3.10.9-2.2
[   43s] [94/260] preinstalled libpython3_11-1_0-3.11.1-4.2
[   43s] [95/260] preinstalled libpython3_8-1_0-3.8.16-3.2
[   43s] [96/260] preinstalled libpython3_9-1_0-3.9.16-3.2
[   43s] [97/260] preinstalled libreadline8-8.2-2.1
[   43s] [98/260] preinstalled librpmbuild9-4.18.0-3.2
[   43s] [99/260] preinstalled libseccomp2-2.5.4-2.1
[   43s] [100/260] preinstalled libselinux1-3.4-2.1
[   43s] [101/260] preinstalled libsemanage-conf-3.4-1.1
[   43s] [102/260] preinstalled libsemanage2-3.4-1.1
[   43s] [103/260] preinstalled libsepol2-3.4-1.1
[   43s] [104/260] preinstalled libsmartcols1-2.38.1-7.1
[   43s] [105/260] cumulate libsqlite3-0-3.40.1-1.1
[   43s] [106/260] preinstalled libstdc++6-13.0.1+git5428-6.1
[   43s] [107/260] preinstalled libsubid4-4.13-3.1
[   43s] [108/260] preinstalled libubsan1-13.0.1+git5428-6.1
[   43s] [109/260] preinstalled libutempter0-1.2.0-3.2
[   43s] [110/260] preinstalled libuuid1-2.38.1-7.1
[   43s] [111/260] cumulate libwebp7-1.2.4-1.2
[   43s] [112/260] preinstalled libxcrypt-devel-4.4.33-1.1
[   43s] [113/260] preinstalled libz1-1.2.13-2.1
[   43s] [114/260] preinstalled libzstd1-1.5.2-2.1
[   43s] [115/260] preinstalled linux-glibc-devel-6.1-1.1
[   43s] [116/260] preinstalled login_defs-4.13-3.1
[   43s] [117/260] preinstalled lua54-5.4.4-8.1
[   43s] [118/260] preinstalled make-4.4-2.1
[   43s] [119/260] preinstalled ncurses-utils-6.4.20230128-5.1
[   43s] [120/260] preinstalled pam-1.5.2-12.1
[   43s] [121/260] preinstalled patch-2.7.6-6.1
[   43s] [122/260] preinstalled perl-5.36.0-4.1
[   43s] [123/260] preinstalled perl-base-5.36.0-4.1
[   43s] [124/260] preinstalled permissions-1599_20221220-1.2
[   43s] [125/260] preinstalled permissions-config-1599_20221220-1.2
[   43s] [126/260] preinstalled pkgconf-1.8.0-2.1
[   43s] [127/260] preinstalled pkgconf-m4-1.8.0-2.1
[   43s] [128/260] preinstalled pkgconf-pkg-config-1.8.0-2.1
[   43s] [129/260] preinstalled polkit-default-privs-1550+20221102.9f111fa-1.1
[   43s] [130/260] preinstalled post-build-checks-84.87+git20230106.3a359c5-1.1
[   43s] [131/260] preinstalled python-rpm-macros-20230128.e704796-1.2
[   43s] [132/260] preinstalled python-rpm-packaging-20210526+a18ca48-1.2
[   43s] [133/260] cumulate python310-asgiref-3.6.0-1.2
[   43s] [134/260] cumulate python310-attrs-22.2.0-1.2
[   43s] [135/260] preinstalled python310-base-3.10.9-2.2
[   43s] [136/260] cumulate python310-bcrypt-4.0.1-1.2
[   43s] [137/260] cumulate python310-exceptiongroup-1.1.0-1.2
[   43s] [138/260] cumulate python310-iniconfig-1.1.1-3.2
[   43s] [139/260] cumulate python310-olefile-0.46-3.5
[   43s] [140/260] preinstalled python310-packaging-23.0-1.1
[   43s] [141/260] cumulate python310-pluggy-1.0.0-1.5
[   43s] [142/260] cumulate python310-pycparser-2.21-1.5
[   43s] [143/260] preinstalled python310-setuptools-65.6.3-1.2
[   43s] [144/260] cumulate python310-six-1.16.0-2.5
[   43s] [145/260] cumulate python310-sqlparse-0.4.3-1.2
[   43s] [146/260] cumulate python310-tomli-2.0.1-1.3
[   43s] [147/260] cumulate python310-webassets-2.0-3.4
[   43s] [148/260] cumulate python310-zipp-3.8.1-1.2
[   43s] [149/260] cumulate python311-asgiref-3.6.0-1.2
[   43s] [150/260] cumulate python311-attrs-22.2.0-1.2
[   43s] [151/260] preinstalled python311-base-3.11.1-4.2
[   43s] [152/260] cumulate python311-bcrypt-4.0.1-1.2
[   43s] [153/260] cumulate python311-exceptiongroup-1.1.0-1.2
[   43s] [154/260] cumulate python311-iniconfig-1.1.1-3.2
[   43s] [155/260] cumulate python311-olefile-0.46-3.5
[   43s] [156/260] cumulate python311-packaging-23.0-1.2
[   43s] [157/260] cumulate python311-pluggy-1.0.0-1.5
[   43s] [158/260] cumulate python311-pycparser-2.21-1.5
[   43s] [159/260] preinstalled python311-setuptools-65.6.3-1.2
[   43s] [160/260] cumulate python311-six-1.16.0-2.5
[   43s] [161/260] cumulate python311-sqlparse-0.4.3-1.2
[   43s] [162/260] cumulate python311-tomli-2.0.1-1.3
[   43s] [163/260] cumulate python311-webassets-2.0-3.4
[   43s] [164/260] cumulate python311-zipp-3.8.1-1.2
[   43s] [165/260] cumulate python38-asgiref-3.6.0-1.2
[   43s] [166/260] cumulate python38-attrs-22.2.0-1.2
[   43s] [167/260] cumulate python38-backports.zoneinfo-0.2.1-5.1
[   43s] [168/260] preinstalled python38-base-3.8.16-3.2
[   43s] [169/260] cumulate python38-bcrypt-4.0.1-1.2
[   43s] [170/260] cumulate python38-exceptiongroup-1.1.0-1.2
[   43s] [171/260] cumulate python38-iniconfig-1.1.1-3.2
[   43s] [172/260] cumulate python38-olefile-0.46-3.5
[   43s] [173/260] cumulate python38-packaging-23.0-1.2
[   43s] [174/260] cumulate python38-pluggy-1.0.0-1.5
[   43s] [175/260] cumulate python38-pycparser-2.21-1.5
[   43s] [176/260] preinstalled python38-setuptools-65.6.3-1.2
[   43s] [177/260] cumulate python38-six-1.16.0-2.5
[   43s] [178/260] cumulate python38-sqlparse-0.4.3-1.2
[   43s] [179/260] cumulate python38-tomli-2.0.1-1.3
[   43s] [180/260] cumulate python38-webassets-2.0-3.4
[   43s] [181/260] cumulate python38-zipp-3.8.1-1.2
[   43s] [182/260] cumulate python39-asgiref-3.6.0-1.2
[   43s] [183/260] cumulate python39-attrs-22.2.0-1.2
[   43s] [184/260] preinstalled python39-base-3.9.16-3.2
[   43s] [185/260] cumulate python39-bcrypt-4.0.1-1.2
[   43s] [186/260] cumulate python39-exceptiongroup-1.1.0-1.2
[   43s] [187/260] cumulate python39-iniconfig-1.1.1-3.2
[   43s] [188/260] cumulate python39-olefile-0.46-3.5
[   43s] [189/260] cumulate python39-packaging-23.0-1.2
[   43s] [190/260] cumulate python39-pluggy-1.0.0-1.5
[   43s] [191/260] cumulate python39-pycparser-2.21-1.5
[   43s] [192/260] preinstalled python39-setuptools-65.6.3-1.2
[   43s] [193/260] cumulate python39-six-1.16.0-2.5
[   43s] [194/260] cumulate python39-sqlparse-0.4.3-1.2
[   43s] [195/260] cumulate python39-tomli-2.0.1-1.3
[   43s] [196/260] cumulate python39-webassets-2.0-3.4
[   43s] [197/260] cumulate python39-zipp-3.8.1-1.2
[   43s] [198/260] preinstalled qemu-linux-user-7.1.0-50.1
[   43s] [199/260] preinstalled rpm-4.18.0-3.2
[   43s] [200/260] preinstalled rpm-build-4.18.0-3.2
[   43s] [201/260] preinstalled rpm-build-perl-4.18.0-3.2
[   43s] [202/260] preinstalled rpm-config-SUSE-20220926-1.1
[   43s] [203/260] preinstalled rpmlint-mini-2.4.0+git20230214.1bab129-9.5
[   43s] [204/260] preinstalled rpmlint-strict-2.4.0+git20230214.1bab129-1.1
[   43s] [205/260] preinstalled sed-4.9-2.1
[   43s] [206/260] preinstalled shadow-4.13-3.1
[   43s] [207/260] preinstalled system-group-hardware-20170617-24.1
[   43s] [208/260] preinstalled system-user-root-20190513-2.1
[   43s] [209/260] preinstalled systemd-rpm-macros-19-1.1
[   43s] [210/260] preinstalled sysuser-shadow-3.1-5.1
[   43s] [211/260] preinstalled tar-1.34-9.1
[   43s] [212/260] preinstalled terminfo-base-6.4.20230128-5.1
[   43s] [213/260] cumulate timezone-2022g-2.1
[   43s] [214/260] preinstalled update-alternatives-1.21.8-1.1
[   43s] [215/260] preinstalled util-linux-2.38.1-7.1
[   43s] [216/260] preinstalled which-2.21-5.1
[   43s] [217/260] preinstalled xz-5.4.1-1.1
[   43s] [218/260] cumulate alts-1.2+3.b848aad-3.1
[   43s] [219/260] cumulate libbrotlidec1-1.0.9-1.1
[   43s] [220/260] cumulate libwebpdemux2-1.2.4-1.2
[   43s] [221/260] cumulate libwebpmux3-1.2.4-1.2
[   43s] [222/260] cumulate libxcb1-1.15-2.1
[   43s] [223/260] cumulate python310-3.10.9-2.1
[   43s] [224/260] cumulate python310-cffi-1.15.1-3.2
[   43s] [225/260] cumulate python310-importlib-metadata-6.0.0-1.2
[   43s] [226/260] cumulate python310-pytz-2022.7-1.2
[   43s] [227/260] cumulate python311-3.11.1-4.1
[   43s] [228/260] cumulate python311-cffi-1.15.1-3.2
[   43s] [229/260] cumulate python311-importlib-metadata-6.0.0-1.2
[   43s] [230/260] cumulate python311-pytz-2022.7-1.2
[   43s] [231/260] cumulate python38-3.8.16-3.1
[   43s] [232/260] cumulate python38-cffi-1.15.1-3.2
[   43s] [233/260] cumulate python38-importlib-metadata-6.0.0-1.2
[   43s] [234/260] cumulate python38-pytz-2022.7-1.2
[   43s] [235/260] cumulate python39-3.9.16-3.1
[   43s] [236/260] cumulate python39-cffi-1.15.1-3.2
[   43s] [237/260] cumulate python39-importlib-metadata-6.0.0-1.2
[   43s] [238/260] cumulate python39-pytz-2022.7-1.2
[   43s] [239/260] cumulate libtiff6-4.5.0-2.1
[   43s] [240/260] cumulate libfreetype6-2.12.1-4.1
[   43s] [241/260] cumulate python310-argon2-cffi-bindings-21.2.0-2.2
[   43s] [242/260] cumulate python311-argon2-cffi-bindings-21.2.0-2.2
[   43s] [243/260] cumulate python38-argon2-cffi-bindings-21.2.0-2.2
[   43s] [244/260] cumulate python39-argon2-cffi-bindings-21.2.0-2.2
[   43s] [245/260] cumulate python310-pytest-7.2.0-2.2
[   43s] [246/260] cumulate python311-pytest-7.2.0-2.2
[   43s] [247/260] cumulate python38-pytest-7.2.0-2.2
[   43s] [248/260] cumulate python39-pytest-7.2.0-2.2
[   43s] [249/260] cumulate python310-argon2-cffi-21.3.0-1.3
[   43s] [250/260] cumulate python311-argon2-cffi-21.3.0-1.3
[   43s] [251/260] cumulate python38-argon2-cffi-21.3.0-1.3
[   43s] [252/260] cumulate python39-argon2-cffi-21.3.0-1.3
[   43s] [253/260] cumulate python310-Pillow-9.4.0-1.3
[   43s] [254/260] cumulate python311-Pillow-9.4.0-1.3
[   43s] [255/260] cumulate python38-Pillow-9.4.0-1.3
[   43s] [256/260] cumulate python39-Pillow-9.4.0-1.3
[   43s] [257/260] cumulate python310-Django-4.1.7-1.2
[   43s] [258/260] cumulate python311-Django-4.1.7-1.2
[   43s] [259/260] cumulate python39-Django-4.1.7-1.2
[   43s] [260/260] cumulate python38-Django-4.1.7-1.2
[   43s] now installing cumulated packages
[   45s] Preparing...                          ########################################
[   46s] Updating / installing...
[   46s] libwebp7-1.2.4-1.2                    ########################################
[   46s] libjpeg8-8.2.2-72.1                   ########################################
[   46s] libwebpdemux2-1.2.4-1.2               ########################################
[   46s] libwebpmux3-1.2.4-1.2                 ########################################
[   47s] timezone-2022g-2.1                    ########################################
[   47s] libsqlite3-0-3.40.1-1.1               ########################################
[   47s] libopenjp2-7-2.5.0-2.2                ########################################
[   47s] liblcms2-2-2.14-3.3                   ########################################
[   47s] libimagequant0-2.18.0-1.1             ########################################
[   47s] libargon2-1-20190702-2.1              ########################################
[   47s] python310-3.10.9-2.1                  ########################################
[   47s] python311-3.11.1-4.1                  ########################################
[   47s] python38-3.8.16-3.1                   ########################################
[   47s] python39-3.9.16-3.1                   ########################################
[   48s] python310-pytz-2022.7-1.2             ########################################
[   48s] python311-pytz-2022.7-1.2             ########################################
[   48s] python38-pytz-2022.7-1.2              ########################################
[   48s] python39-pytz-2022.7-1.2              ########################################
[   48s] python39-zipp-3.8.1-1.2               ########################################
[   48s] python39-importlib-metadata-6.0.0-1.2 ########################################
[   48s] python39-tomli-2.0.1-1.3              ########################################
[   48s] python39-sqlparse-0.4.3-1.2           ########################################
[   49s] python39-six-1.16.0-2.5               ########################################
[   49s] python39-pycparser-2.21-1.5           ########################################
[   49s] python39-cffi-1.15.1-3.2              ########################################
[   49s] python39-argon2-cffi-bindings-21.2.0-2########################################
[   49s] python39-argon2-cffi-21.3.0-1.3       ########################################
[   49s] python39-pluggy-1.0.0-1.5             ########################################
[   49s] python39-packaging-23.0-1.2           ########################################
[   49s] python39-olefile-0.46-3.5             ########################################
[   49s] python39-iniconfig-1.1.1-3.2          ########################################
[   49s] python39-exceptiongroup-1.1.0-1.2     ########################################
[   49s] python39-bcrypt-4.0.1-1.2             ########################################
[   49s] python39-attrs-22.2.0-1.2             ########################################
[   49s] python39-asgiref-3.6.0-1.2            ########################################
[   49s] python38-zipp-3.8.1-1.2               ########################################
[   49s] python38-importlib-metadata-6.0.0-1.2 ########################################
[   49s] python38-tomli-2.0.1-1.3              ########################################
[   49s] python38-sqlparse-0.4.3-1.2           ########################################
[   50s] python38-six-1.16.0-2.5               ########################################
[   50s] python38-pycparser-2.21-1.5           ########################################
[   50s] python38-cffi-1.15.1-3.2              ########################################
[   50s] python38-argon2-cffi-bindings-21.2.0-2########################################
[   50s] python38-argon2-cffi-21.3.0-1.3       ########################################
[   50s] python38-pluggy-1.0.0-1.5             ########################################
[   50s] python38-packaging-23.0-1.2           ########################################
[   50s] python38-olefile-0.46-3.5             ########################################
[   50s] python38-iniconfig-1.1.1-3.2          ########################################
[   50s] python38-exceptiongroup-1.1.0-1.2     ########################################
[   50s] python38-bcrypt-4.0.1-1.2             ########################################
[   50s] python38-backports.zoneinfo-0.2.1-5.1 ########################################
[   50s] python38-attrs-22.2.0-1.2             ########################################
[   50s] python38-asgiref-3.6.0-1.2            ########################################
[   50s] python311-zipp-3.8.1-1.2              ########################################
[   50s] python311-importlib-metadata-6.0.0-1.2########################################
[   51s] python311-tomli-2.0.1-1.3             ########################################
[   51s] python311-sqlparse-0.4.3-1.2          ########################################
[   51s] python311-six-1.16.0-2.5              ########################################
[   51s] python311-pycparser-2.21-1.5          ########################################
[   51s] python311-cffi-1.15.1-3.2             ########################################
[   51s] python311-argon2-cffi-bindings-21.2.0-########################################
[   51s] python311-argon2-cffi-21.3.0-1.3      ########################################
[   51s] python311-pluggy-1.0.0-1.5            ########################################
[   51s] python311-packaging-23.0-1.2          ########################################
[   51s] python311-olefile-0.46-3.5            ########################################
[   51s] python311-iniconfig-1.1.1-3.2         ########################################
[   51s] python311-exceptiongroup-1.1.0-1.2    ########################################
[   52s] python311-bcrypt-4.0.1-1.2            ########################################
[   52s] python311-attrs-22.2.0-1.2            ########################################
[   52s] python311-asgiref-3.6.0-1.2           ########################################
[   52s] python310-zipp-3.8.1-1.2              ########################################
[   52s] python310-importlib-metadata-6.0.0-1.2########################################
[   52s] python310-tomli-2.0.1-1.3             ########################################
[   52s] python310-sqlparse-0.4.3-1.2          ########################################
[   52s] python310-six-1.16.0-2.5              ########################################
[   52s] python310-pycparser-2.21-1.5          ########################################
[   53s] python310-cffi-1.15.1-3.2             ########################################
[   53s] python310-argon2-cffi-bindings-21.2.0-########################################
[   53s] python310-argon2-cffi-21.3.0-1.3      ########################################
[   53s] python310-pluggy-1.0.0-1.5            ########################################
[   53s] python310-olefile-0.46-3.5            ########################################
[   53s] python310-iniconfig-1.1.1-3.2         ########################################
[   53s] python310-exceptiongroup-1.1.0-1.2    ########################################
[   53s] python310-bcrypt-4.0.1-1.2            ########################################
[   53s] python310-attrs-22.2.0-1.2            ########################################
[   53s] python310-asgiref-3.6.0-1.2           ########################################
[   53s] libpng16-16-1.6.39-2.1                ########################################
[   53s] libjbig2-2.1-4.1                      ########################################
[   53s] libtiff6-4.5.0-2.1                    ########################################
[   53s] libbrotlicommon1-1.0.9-1.1            ########################################
[   53s] libbrotlidec1-1.0.9-1.1               ########################################
[   54s] libfreetype6-2.12.1-4.1               ########################################
[   54s] libalternatives1-1.2+3.b848aad-3.1    ########################################
[   54s] alts-1.2+3.b848aad-3.1                ########################################
[   54s] libXau6-1.0.11-1.1                    ########################################
[   54s] libxcb1-1.15-2.1                      ########################################
[   54s] python310-Pillow-9.4.0-1.3            ########################################
[   55s] python311-Pillow-9.4.0-1.3            ########################################
[   55s] python38-Pillow-9.4.0-1.3             ########################################
[   56s] python39-Pillow-9.4.0-1.3             ########################################
[   60s] python39-Django-4.1.7-1.2             ########################################
[   65s] python38-Django-4.1.7-1.2             ########################################
[   71s] python311-Django-4.1.7-1.2            ########################################
[   77s] python310-Django-4.1.7-1.2            ########################################
[   78s] python310-pytest-7.2.0-2.2            ########################################
[   79s] python311-pytest-7.2.0-2.2            ########################################
[   80s] python38-pytest-7.2.0-2.2             ########################################
[   80s] python39-pytest-7.2.0-2.2             ########################################
[   81s] python39-webassets-2.0-3.4            ########################################
[   81s] python38-webassets-2.0-3.4            ########################################
[   81s] python311-webassets-2.0-3.4           ########################################
[   82s] python310-webassets-2.0-3.4           ########################################
[   82s] fdupes-2.2.1-1.1                      ########################################
[   82s] dos2unix-7.4.4-1.1                    ########################################
[   88s] now finalizing build dir...
[   89s] ... running 01-add_abuild_user_to_trusted_group
[   89s] ... running 02-set_timezone_to_utc
[   89s] ... running 03-set-permissions-secure
[   89s] ... running 11-hack_uname_version_to_kernel_version
[   97s] -----------------------------------------------------------------
[   97s] I have the following modifications for python-django-assets.spec:
[   97s] 24c24
[   97s] < Release:        0
[   97s] ---
[   97s] > Release:        4.2
[  103s] build target is riscv64-suse-linux
[  103s] -----------------------------------------------------------------
[  103s] ----- building python-django-assets.spec (user abuild)
[  103s] -----------------------------------------------------------------
[  103s] -----------------------------------------------------------------
[  106s] + exec rpmbuild -ba --define '_srcdefattr (-,root,root)' --nosignature --target=riscv64-suse-linux --define '_build_create_debug 1' --define 'disturl obs://build.opensuse.org/openSUSE:Factory:RISCV/standard/fb5bb154eacb9454943a9f848a619bce-python-django-assets' /home/abuild/rpmbuild/SOURCES/python-django-assets.spec
[  135s] Building target platforms: riscv64-suse-linux
[  135s] Building for target riscv64-suse-linux
[  135s] setting SOURCE_DATE_EPOCH=1663459200
[  136s] Executing(%prep): /usr/bin/bash -e /var/tmp/rpm-tmp.3rhquF
[  136s] + umask 022
[  136s] + cd /home/abuild/rpmbuild/BUILD
[  136s] + cd /home/abuild/rpmbuild/BUILD
[  136s] + rm -rf django-assets-2.0
[  136s] + /usr/lib/rpm/rpmuncompress -x /home/abuild/rpmbuild/SOURCES/django-assets-2.0.tar.gz
[  136s] + STATUS=0
[  136s] + '[' 0 -ne 0 ']'
[  136s] + cd django-assets-2.0
[  136s] + /usr/bin/chmod -Rf a+rX,u+w,g-w,o-w .
[  137s] + dos2unix README.rst
[  137s] dos2unix: converting file README.rst to Unix format...
[  137s] + /usr/lib/rpm/rpmuncompress /home/abuild/rpmbuild/SOURCES/remove-nose.patch
[  137s] + /usr/bin/patch -p1 -s --fuzz=0 --no-backup-if-mismatch -f
[  137s] + RPM_EC=0
[  137s] ++ jobs -p
[  137s] + exit 0
[  137s] Executing(%build): /usr/bin/bash -e /var/tmp/rpm-tmp.7tHV0a
[  137s] + umask 022
[  137s] + cd /home/abuild/rpmbuild/BUILD
[  137s] + /usr/bin/rm -rf /home/abuild/rpmbuild/BUILDROOT/python-django-assets-2.0-4.2.riscv64
[  137s] ++ dirname /home/abuild/rpmbuild/BUILDROOT/python-django-assets-2.0-4.2.riscv64
[  137s] + /usr/bin/mkdir -p /home/abuild/rpmbuild/BUILDROOT
[  137s] + /usr/bin/mkdir /home/abuild/rpmbuild/BUILDROOT/python-django-assets-2.0-4.2.riscv64
[  137s] + cd django-assets-2.0
[  137s] + ref=/usr/lib/rpm
[  137s] + mints=0
[  137s] + case $(uname -m) in
[  137s] ++ uname -m
[  138s] + mints=20160911
[  138s] + for s in guess sub
[  138s] ++ find -maxdepth 8 -name config.guess
[  138s] + for s in guess sub
[  138s] ++ find -maxdepth 8 -name config.sub
[  138s] ++ '[' -f _current_flavor ']'
[  138s] ++ true
[  138s] + last_flavor=
[  138s] + '[' -z '' ']'
[  138s] + last_flavor=tmp
[  138s] + '[' tmp '!=' python38 ']'
[  138s] + '[' -d build ']'
[  138s] + '[' -d _build.python38 ']'
[  138s] + echo python38
[  138s] + python_flavor=python38
[  138s] + /usr/bin/python3.8 setup.py build '--executable=/usr/bin/python3.8 -s'
[  141s] running build
[  141s] running build_py
[  141s] creating build
[  141s] creating build/lib
[  141s] creating build/lib/django_assets
[  141s] copying django_assets/__init__.py -> build/lib/django_assets
[  141s] copying django_assets/env.py -> build/lib/django_assets
[  141s] copying django_assets/filter.py -> build/lib/django_assets
[  141s] copying django_assets/finders.py -> build/lib/django_assets
[  141s] copying django_assets/glob.py -> build/lib/django_assets
[  141s] copying django_assets/loaders.py -> build/lib/django_assets
[  141s] copying django_assets/manifest.py -> build/lib/django_assets
[  141s] copying django_assets/models.py -> build/lib/django_assets
[  141s] copying django_assets/pytest_plugin.py -> build/lib/django_assets
[  141s] copying django_assets/settings.py -> build/lib/django_assets
[  141s] creating build/lib/django_assets/management
[  141s] copying django_assets/management/__init__.py -> build/lib/django_assets/management
[  141s] creating build/lib/django_assets/templatetags
[  141s] copying django_assets/templatetags/__init__.py -> build/lib/django_assets/templatetags
[  141s] copying django_assets/templatetags/assets.py -> build/lib/django_assets/templatetags
[  141s] creating build/lib/django_assets/management/commands
[  141s] copying django_assets/management/commands/__init__.py -> build/lib/django_assets/management/commands
[  141s] copying django_assets/management/commands/assets.py -> build/lib/django_assets/management/commands
[  142s] ++ '[' -f _current_flavor ']'
[  142s] ++ cat _current_flavor
[  142s] + last_flavor=python38
[  142s] + '[' -z python38 ']'
[  142s] + '[' python38 '!=' python39 ']'
[  142s] + '[' -d build ']'
[  142s] + mv build _build.python38
[  142s] + '[' -d _build.python39 ']'
[  142s] + echo python39
[  142s] + python_flavor=python39
[  142s] + /usr/bin/python3.9 setup.py build '--executable=/usr/bin/python3.9 -s'
[  145s] running build
[  145s] running build_py
[  145s] creating build
[  145s] creating build/lib
[  145s] creating build/lib/django_assets
[  145s] copying django_assets/__init__.py -> build/lib/django_assets
[  145s] copying django_assets/env.py -> build/lib/django_assets
[  145s] copying django_assets/filter.py -> build/lib/django_assets
[  145s] copying django_assets/finders.py -> build/lib/django_assets
[  145s] copying django_assets/glob.py -> build/lib/django_assets
[  145s] copying django_assets/loaders.py -> build/lib/django_assets
[  145s] copying django_assets/manifest.py -> build/lib/django_assets
[  145s] copying django_assets/models.py -> build/lib/django_assets
[  145s] copying django_assets/pytest_plugin.py -> build/lib/django_assets
[  145s] copying django_assets/settings.py -> build/lib/django_assets
[  145s] creating build/lib/django_assets/management
[  145s] copying django_assets/management/__init__.py -> build/lib/django_assets/management
[  145s] creating build/lib/django_assets/templatetags
[  145s] copying django_assets/templatetags/__init__.py -> build/lib/django_assets/templatetags
[  145s] copying django_assets/templatetags/assets.py -> build/lib/django_assets/templatetags
[  145s] creating build/lib/django_assets/management/commands
[  145s] copying django_assets/management/commands/__init__.py -> build/lib/django_assets/management/commands
[  145s] copying django_assets/management/commands/assets.py -> build/lib/django_assets/management/commands
[  145s] ++ '[' -f _current_flavor ']'
[  145s] ++ cat _current_flavor
[  145s] + last_flavor=python39
[  145s] + '[' -z python39 ']'
[  145s] + '[' python39 '!=' python311 ']'
[  145s] + '[' -d build ']'
[  145s] + mv build _build.python39
[  145s] + '[' -d _build.python311 ']'
[  145s] + echo python311
[  145s] + python_flavor=python311
[  145s] + /usr/bin/python3.11 setup.py build '--executable=/usr/bin/python3.11 -s'
[  149s] running build
[  149s] running build_py
[  149s] creating build
[  149s] creating build/lib
[  149s] creating build/lib/django_assets
[  149s] copying django_assets/__init__.py -> build/lib/django_assets
[  149s] copying django_assets/env.py -> build/lib/django_assets
[  149s] copying django_assets/filter.py -> build/lib/django_assets
[  149s] copying django_assets/finders.py -> build/lib/django_assets
[  149s] copying django_assets/glob.py -> build/lib/django_assets
[  149s] copying django_assets/loaders.py -> build/lib/django_assets
[  149s] copying django_assets/manifest.py -> build/lib/django_assets
[  149s] copying django_assets/models.py -> build/lib/django_assets
[  149s] copying django_assets/pytest_plugin.py -> build/lib/django_assets
[  149s] copying django_assets/settings.py -> build/lib/django_assets
[  149s] creating build/lib/django_assets/management
[  149s] copying django_assets/management/__init__.py -> build/lib/django_assets/management
[  149s] creating build/lib/django_assets/templatetags
[  149s] copying django_assets/templatetags/__init__.py -> build/lib/django_assets/templatetags
[  149s] copying django_assets/templatetags/assets.py -> build/lib/django_assets/templatetags
[  149s] creating build/lib/django_assets/management/commands
[  149s] copying django_assets/management/commands/__init__.py -> build/lib/django_assets/management/commands
[  149s] copying django_assets/management/commands/assets.py -> build/lib/django_assets/management/commands
[  149s] ++ '[' -f _current_flavor ']'
[  149s] ++ cat _current_flavor
[  149s] + last_flavor=python311
[  149s] + '[' -z python311 ']'
[  149s] + '[' python311 '!=' python310 ']'
[  149s] + '[' -d build ']'
[  149s] + mv build _build.python311
[  149s] + '[' -d _build.python310 ']'
[  149s] + echo python310
[  149s] + python_flavor=python310
[  149s] + /usr/bin/python3.10 setup.py build '--executable=/usr/bin/python3.10 -s'
[  152s] running build
[  152s] running build_py
[  152s] creating build
[  152s] creating build/lib
[  152s] creating build/lib/django_assets
[  152s] copying django_assets/__init__.py -> build/lib/django_assets
[  152s] copying django_assets/env.py -> build/lib/django_assets
[  152s] copying django_assets/filter.py -> build/lib/django_assets
[  152s] copying django_assets/finders.py -> build/lib/django_assets
[  152s] copying django_assets/glob.py -> build/lib/django_assets
[  152s] copying django_assets/loaders.py -> build/lib/django_assets
[  152s] copying django_assets/manifest.py -> build/lib/django_assets
[  152s] copying django_assets/models.py -> build/lib/django_assets
[  152s] copying django_assets/pytest_plugin.py -> build/lib/django_assets
[  152s] copying django_assets/settings.py -> build/lib/django_assets
[  152s] creating build/lib/django_assets/management
[  152s] copying django_assets/management/__init__.py -> build/lib/django_assets/management
[  152s] creating build/lib/django_assets/templatetags
[  152s] copying django_assets/templatetags/__init__.py -> build/lib/django_assets/templatetags
[  152s] copying django_assets/templatetags/assets.py -> build/lib/django_assets/templatetags
[  152s] creating build/lib/django_assets/management/commands
[  152s] copying django_assets/management/commands/__init__.py -> build/lib/django_assets/management/commands
[  152s] copying django_assets/management/commands/assets.py -> build/lib/django_assets/management/commands
[  153s] + RPM_EC=0
[  153s] ++ jobs -p
[  153s] + exit 0
[  153s] Executing(%install): /usr/bin/bash -e /var/tmp/rpm-tmp.c7mNPx
[  153s] + umask 022
[  153s] + cd /home/abuild/rpmbuild/BUILD
[  153s] + /usr/bin/rm -rf /home/abuild/rpmbuild/BUILDROOT/python-django-assets-2.0-4.2.riscv64
[  153s] + /usr/bin/mkdir -p /home/abuild/rpmbuild/BUILDROOT
[  153s] + /usr/bin/mkdir /home/abuild/rpmbuild/BUILDROOT/python-django-assets-2.0-4.2.riscv64
[  153s] + cd django-assets-2.0
[  153s] ++ '[' -f _current_flavor ']'
[  153s] ++ cat _current_flavor
[  153s] + last_flavor=python310
[  153s] + '[' -z python310 ']'
[  153s] + '[' python310 '!=' python38 ']'
[  153s] + '[' -d build ']'
[  153s] + mv build _build.python310
[  153s] + '[' -d _build.python38 ']'
[  153s] + mv _build.python38 build
[  153s] + echo python38
[  153s] + python_flavor=python38
[  153s] + /usr/bin/python3.8 setup.py install -O1 --skip-build --force --root /home/abuild/rpmbuild/BUILDROOT/python-django-assets-2.0-4.2.riscv64 --prefix /usr
[  157s] running install
[  157s] running install_lib
[  157s] creating /home/abuild/rpmbuild/BUILDROOT/python-django-assets-2.0-4.2.riscv64/usr
[  157s] creating /home/abuild/rpmbuild/BUILDROOT/python-django-assets-2.0-4.2.riscv64/usr/lib
[  157s] creating /home/abuild/rpmbuild/BUILDROOT/python-django-assets-2.0-4.2.riscv64/usr/lib/python3.8
[  157s] creating /home/abuild/rpmbuild/BUILDROOT/python-django-assets-2.0-4.2.riscv64/usr/lib/python3.8/site-packages
[  157s] creating /home/abuild/rpmbuild/BUILDROOT/python-django-assets-2.0-4.2.riscv64/usr/lib/python3.8/site-packages/django_assets
[  157s] copying build/lib/django_assets/__init__.py -> /home/abuild/rpmbuild/BUILDROOT/python-django-assets-2.0-4.2.riscv64/usr/lib/python3.8/site-packages/django_assets
[  157s] copying build/lib/django_assets/env.py -> /home/abuild/rpmbuild/BUILDROOT/python-django-assets-2.0-4.2.riscv64/usr/lib/python3.8/site-packages/django_assets
[  157s] copying build/lib/django_assets/filter.py -> /home/abuild/rpmbuild/BUILDROOT/python-django-assets-2.0-4.2.riscv64/usr/lib/python3.8/site-packages/django_assets
[  157s] copying build/lib/django_assets/finders.py -> /home/abuild/rpmbuild/BUILDROOT/python-django-assets-2.0-4.2.riscv64/usr/lib/python3.8/site-packages/django_assets
[  157s] copying build/lib/django_assets/glob.py -> /home/abuild/rpmbuild/BUILDROOT/python-django-assets-2.0-4.2.riscv64/usr/lib/python3.8/site-packages/django_assets
[  157s] copying build/lib/django_assets/loaders.py -> /home/abuild/rpmbuild/BUILDROOT/python-django-assets-2.0-4.2.riscv64/usr/lib/python3.8/site-packages/django_assets
[  157s] copying build/lib/django_assets/manifest.py -> /home/abuild/rpmbuild/BUILDROOT/python-django-assets-2.0-4.2.riscv64/usr/lib/python3.8/site-packages/django_assets
[  157s] copying build/lib/django_assets/models.py -> /home/abuild/rpmbuild/BUILDROOT/python-django-assets-2.0-4.2.riscv64/usr/lib/python3.8/site-packages/django_assets
[  157s] copying build/lib/django_assets/pytest_plugin.py -> /home/abuild/rpmbuild/BUILDROOT/python-django-assets-2.0-4.2.riscv64/usr/lib/python3.8/site-packages/django_assets
[  157s] copying build/lib/django_assets/settings.py -> /home/abuild/rpmbuild/BUILDROOT/python-django-assets-2.0-4.2.riscv64/usr/lib/python3.8/site-packages/django_assets
[  157s] creating /home/abuild/rpmbuild/BUILDROOT/python-django-assets-2.0-4.2.riscv64/usr/lib/python3.8/site-packages/django_assets/management
[  157s] copying build/lib/django_assets/management/__init__.py -> /home/abuild/rpmbuild/BUILDROOT/python-django-assets-2.0-4.2.riscv64/usr/lib/python3.8/site-packages/django_assets/management
[  157s] creating /home/abuild/rpmbuild/BUILDROOT/python-django-assets-2.0-4.2.riscv64/usr/lib/python3.8/site-packages/django_assets/management/commands
[  157s] copying build/lib/django_assets/management/commands/__init__.py -> /home/abuild/rpmbuild/BUILDROOT/python-django-assets-2.0-4.2.riscv64/usr/lib/python3.8/site-packages/django_assets/management/commands
[  157s] copying build/lib/django_assets/management/commands/assets.py -> /home/abuild/rpmbuild/BUILDROOT/python-django-assets-2.0-4.2.riscv64/usr/lib/python3.8/site-packages/django_assets/management/commands
[  157s] creating /home/abuild/rpmbuild/BUILDROOT/python-django-assets-2.0-4.2.riscv64/usr/lib/python3.8/site-packages/django_assets/templatetags
[  157s] copying build/lib/django_assets/templatetags/__init__.py -> /home/abuild/rpmbuild/BUILDROOT/python-django-assets-2.0-4.2.riscv64/usr/lib/python3.8/site-packages/django_assets/templatetags
[  157s] copying build/lib/django_assets/templatetags/assets.py -> /home/abuild/rpmbuild/BUILDROOT/python-django-assets-2.0-4.2.riscv64/usr/lib/python3.8/site-packages/django_assets/templatetags
[  157s] byte-compiling /home/abuild/rpmbuild/BUILDROOT/python-django-assets-2.0-4.2.riscv64/usr/lib/python3.8/site-packages/django_assets/__init__.py to __init__.cpython-38.pyc
[  157s] byte-compiling /home/abuild/rpmbuild/BUILDROOT/python-django-assets-2.0-4.2.riscv64/usr/lib/python3.8/site-packages/django_assets/env.py to env.cpython-38.pyc
[  157s] byte-compiling /home/abuild/rpmbuild/BUILDROOT/python-django-assets-2.0-4.2.riscv64/usr/lib/python3.8/site-packages/django_assets/filter.py to filter.cpython-38.pyc
[  157s] byte-compiling /home/abuild/rpmbuild/BUILDROOT/python-django-assets-2.0-4.2.riscv64/usr/lib/python3.8/site-packages/django_assets/finders.py to finders.cpython-38.pyc
[  157s] byte-compiling /home/abuild/rpmbuild/BUILDROOT/python-django-assets-2.0-4.2.riscv64/usr/lib/python3.8/site-packages/django_assets/glob.py to glob.cpython-38.pyc
[  157s] byte-compiling /home/abuild/rpmbuild/BUILDROOT/python-django-assets-2.0-4.2.riscv64/usr/lib/python3.8/site-packages/django_assets/loaders.py to loaders.cpython-38.pyc
[  157s] byte-compiling /home/abuild/rpmbuild/BUILDROOT/python-django-assets-2.0-4.2.riscv64/usr/lib/python3.8/site-packages/django_assets/manifest.py to manifest.cpython-38.pyc
[  157s] byte-compiling /home/abuild/rpmbuild/BUILDROOT/python-django-assets-2.0-4.2.riscv64/usr/lib/python3.8/site-packages/django_assets/models.py to models.cpython-38.pyc
[  157s] byte-compiling /home/abuild/rpmbuild/BUILDROOT/python-django-assets-2.0-4.2.riscv64/usr/lib/python3.8/site-packages/django_assets/pytest_plugin.py to pytest_plugin.cpython-38.pyc
[  157s] byte-compiling /home/abuild/rpmbuild/BUILDROOT/python-django-assets-2.0-4.2.riscv64/usr/lib/python3.8/site-packages/django_assets/settings.py to settings.cpython-38.pyc
[  157s] byte-compiling /home/abuild/rpmbuild/BUILDROOT/python-django-assets-2.0-4.2.riscv64/usr/lib/python3.8/site-packages/django_assets/management/__init__.py to __init__.cpython-38.pyc
[  157s] byte-compiling /home/abuild/rpmbuild/BUILDROOT/python-django-assets-2.0-4.2.riscv64/usr/lib/python3.8/site-packages/django_assets/management/commands/__init__.py to __init__.cpython-38.pyc
[  157s] byte-compiling /home/abuild/rpmbuild/BUILDROOT/python-django-assets-2.0-4.2.riscv64/usr/lib/python3.8/site-packages/django_assets/management/commands/assets.py to assets.cpython-38.pyc
[  157s] byte-compiling /home/abuild/rpmbuild/BUILDROOT/python-django-assets-2.0-4.2.riscv64/usr/lib/python3.8/site-packages/django_assets/templatetags/__init__.py to __init__.cpython-38.pyc
[  157s] byte-compiling /home/abuild/rpmbuild/BUILDROOT/python-django-assets-2.0-4.2.riscv64/usr/lib/python3.8/site-packages/django_assets/templatetags/assets.py to assets.cpython-38.pyc
[  157s] writing byte-compilation script '/tmp/tmpzjle4c_a.py'
[  157s] /usr/bin/python3.8 /tmp/tmpzjle4c_a.py
[  161s] removing /tmp/tmpzjle4c_a.py
[  161s] running install_egg_info
[  161s] running egg_info
[  161s] writing django_assets.egg-info/PKG-INFO
[  161s] writing dependency_links to django_assets.egg-info/dependency_links.txt
[  161s] writing entry points to django_assets.egg-info/entry_points.txt
[  161s] writing requirements to django_assets.egg-info/requires.txt
[  161s] writing top-level names to django_assets.egg-info/top_level.txt
[  161s] reading manifest file 'django_assets.egg-info/SOURCES.txt'
[  161s] reading manifest template 'MANIFEST.in'
[  161s] /usr/lib/python3.8/site-packages/setuptools/command/install.py:34: SetuptoolsDeprecationWarning: setup.py install is deprecated. Use build and pip and other standards-based tools.
[  161s]   warnings.warn(
[  161s] no previously-included directories found matching 'docs/_build'
[  161s] adding license file 'LICENSE'
[  161s] writing manifest file 'django_assets.egg-info/SOURCES.txt'
[  161s] Copying django_assets.egg-info to /home/abuild/rpmbuild/BUILDROOT/python-django-assets-2.0-4.2.riscv64/usr/lib/python3.8/site-packages/django_assets-2.0-py3.8.egg-info
[  161s] running install_scripts
[  161s] ++ '[' -f _current_flavor ']'
[  161s] ++ cat _current_flavor
[  162s] + last_flavor=python38
[  162s] + '[' -z python38 ']'
[  162s] + '[' python38 '!=' python39 ']'
[  162s] + '[' -d build ']'
[  162s] + mv build _build.python38
[  162s] + '[' -d _build.python39 ']'
[  162s] + mv _build.python39 build
[  162s] + echo python39
[  162s] + python_flavor=python39
[  162s] + /usr/bin/python3.9 setup.py install -O1 --skip-build --force --root /home/abuild/rpmbuild/BUILDROOT/python-django-assets-2.0-4.2.riscv64 --prefix /usr
[  165s] running install
[  165s] /usr/lib/python3.9/site-packages/setuptools/command/install.py:34: SetuptoolsDeprecationWarning: setup.py install is deprecated. Use build and pip and other standards-based tools.
[  165s]   warnings.warn(
[  165s] running install_lib
[  165s] creating /home/abuild/rpmbuild/BUILDROOT/python-django-assets-2.0-4.2.riscv64/usr/lib/python3.9
[  165s] creating /home/abuild/rpmbuild/BUILDROOT/python-django-assets-2.0-4.2.riscv64/usr/lib/python3.9/site-packages
[  165s] creating /home/abuild/rpmbuild/BUILDROOT/python-django-assets-2.0-4.2.riscv64/usr/lib/python3.9/site-packages/django_assets
[  165s] copying build/lib/django_assets/__init__.py -> /home/abuild/rpmbuild/BUILDROOT/python-django-assets-2.0-4.2.riscv64/usr/lib/python3.9/site-packages/django_assets
[  165s] copying build/lib/django_assets/env.py -> /home/abuild/rpmbuild/BUILDROOT/python-django-assets-2.0-4.2.riscv64/usr/lib/python3.9/site-packages/django_assets
[  165s] copying build/lib/django_assets/filter.py -> /home/abuild/rpmbuild/BUILDROOT/python-django-assets-2.0-4.2.riscv64/usr/lib/python3.9/site-packages/django_assets
[  165s] copying build/lib/django_assets/finders.py -> /home/abuild/rpmbuild/BUILDROOT/python-django-assets-2.0-4.2.riscv64/usr/lib/python3.9/site-packages/django_assets
[  165s] copying build/lib/django_assets/glob.py -> /home/abuild/rpmbuild/BUILDROOT/python-django-assets-2.0-4.2.riscv64/usr/lib/python3.9/site-packages/django_assets
[  165s] copying build/lib/django_assets/loaders.py -> /home/abuild/rpmbuild/BUILDROOT/python-django-assets-2.0-4.2.riscv64/usr/lib/python3.9/site-packages/django_assets
[  165s] copying build/lib/django_assets/manifest.py -> /home/abuild/rpmbuild/BUILDROOT/python-django-assets-2.0-4.2.riscv64/usr/lib/python3.9/site-packages/django_assets
[  165s] copying build/lib/django_assets/models.py -> /home/abuild/rpmbuild/BUILDROOT/python-django-assets-2.0-4.2.riscv64/usr/lib/python3.9/site-packages/django_assets
[  165s] copying build/lib/django_assets/pytest_plugin.py -> /home/abuild/rpmbuild/BUILDROOT/python-django-assets-2.0-4.2.riscv64/usr/lib/python3.9/site-packages/django_assets
[  165s] copying build/lib/django_assets/settings.py -> /home/abuild/rpmbuild/BUILDROOT/python-django-assets-2.0-4.2.riscv64/usr/lib/python3.9/site-packages/django_assets
[  165s] creating /home/abuild/rpmbuild/BUILDROOT/python-django-assets-2.0-4.2.riscv64/usr/lib/python3.9/site-packages/django_assets/management
[  165s] copying build/lib/django_assets/management/__init__.py -> /home/abuild/rpmbuild/BUILDROOT/python-django-assets-2.0-4.2.riscv64/usr/lib/python3.9/site-packages/django_assets/management
[  165s] creating /home/abuild/rpmbuild/BUILDROOT/python-django-assets-2.0-4.2.riscv64/usr/lib/python3.9/site-packages/django_assets/management/commands
[  165s] copying build/lib/django_assets/management/commands/__init__.py -> /home/abuild/rpmbuild/BUILDROOT/python-django-assets-2.0-4.2.riscv64/usr/lib/python3.9/site-packages/django_assets/management/commands
[  165s] copying build/lib/django_assets/management/commands/assets.py -> /home/abuild/rpmbuild/BUILDROOT/python-django-assets-2.0-4.2.riscv64/usr/lib/python3.9/site-packages/django_assets/management/commands
[  165s] creating /home/abuild/rpmbuild/BUILDROOT/python-django-assets-2.0-4.2.riscv64/usr/lib/python3.9/site-packages/django_assets/templatetags
[  165s] copying build/lib/django_assets/templatetags/__init__.py -> /home/abuild/rpmbuild/BUILDROOT/python-django-assets-2.0-4.2.riscv64/usr/lib/python3.9/site-packages/django_assets/templatetags
[  165s] copying build/lib/django_assets/templatetags/assets.py -> /home/abuild/rpmbuild/BUILDROOT/python-django-assets-2.0-4.2.riscv64/usr/lib/python3.9/site-packages/django_assets/templatetags
[  165s] byte-compiling /home/abuild/rpmbuild/BUILDROOT/python-django-assets-2.0-4.2.riscv64/usr/lib/python3.9/site-packages/django_assets/__init__.py to __init__.cpython-39.pyc
[  165s] byte-compiling /home/abuild/rpmbuild/BUILDROOT/python-django-assets-2.0-4.2.riscv64/usr/lib/python3.9/site-packages/django_assets/env.py to env.cpython-39.pyc
[  165s] byte-compiling /home/abuild/rpmbuild/BUILDROOT/python-django-assets-2.0-4.2.riscv64/usr/lib/python3.9/site-packages/django_assets/filter.py to filter.cpython-39.pyc
[  165s] byte-compiling /home/abuild/rpmbuild/BUILDROOT/python-django-assets-2.0-4.2.riscv64/usr/lib/python3.9/site-packages/django_assets/finders.py to finders.cpython-39.pyc
[  165s] byte-compiling /home/abuild/rpmbuild/BUILDROOT/python-django-assets-2.0-4.2.riscv64/usr/lib/python3.9/site-packages/django_assets/glob.py to glob.cpython-39.pyc
[  165s] byte-compiling /home/abuild/rpmbuild/BUILDROOT/python-django-assets-2.0-4.2.riscv64/usr/lib/python3.9/site-packages/django_assets/loaders.py to loaders.cpython-39.pyc
[  165s] byte-compiling /home/abuild/rpmbuild/BUILDROOT/python-django-assets-2.0-4.2.riscv64/usr/lib/python3.9/site-packages/django_assets/manifest.py to manifest.cpython-39.pyc
[  165s] byte-compiling /home/abuild/rpmbuild/BUILDROOT/python-django-assets-2.0-4.2.riscv64/usr/lib/python3.9/site-packages/django_assets/models.py to models.cpython-39.pyc
[  165s] byte-compiling /home/abuild/rpmbuild/BUILDROOT/python-django-assets-2.0-4.2.riscv64/usr/lib/python3.9/site-packages/django_assets/pytest_plugin.py to pytest_plugin.cpython-39.pyc
[  165s] byte-compiling /home/abuild/rpmbuild/BUILDROOT/python-django-assets-2.0-4.2.riscv64/usr/lib/python3.9/site-packages/django_assets/settings.py to settings.cpython-39.pyc
[  165s] byte-compiling /home/abuild/rpmbuild/BUILDROOT/python-django-assets-2.0-4.2.riscv64/usr/lib/python3.9/site-packages/django_assets/management/__init__.py to __init__.cpython-39.pyc
[  165s] byte-compiling /home/abuild/rpmbuild/BUILDROOT/python-django-assets-2.0-4.2.riscv64/usr/lib/python3.9/site-packages/django_assets/management/commands/__init__.py to __init__.cpython-39.pyc
[  165s] byte-compiling /home/abuild/rpmbuild/BUILDROOT/python-django-assets-2.0-4.2.riscv64/usr/lib/python3.9/site-packages/django_assets/management/commands/assets.py to assets.cpython-39.pyc
[  165s] byte-compiling /home/abuild/rpmbuild/BUILDROOT/python-django-assets-2.0-4.2.riscv64/usr/lib/python3.9/site-packages/django_assets/templatetags/__init__.py to __init__.cpython-39.pyc
[  165s] byte-compiling /home/abuild/rpmbuild/BUILDROOT/python-django-assets-2.0-4.2.riscv64/usr/lib/python3.9/site-packages/django_assets/templatetags/assets.py to assets.cpython-39.pyc
[  165s] writing byte-compilation script '/tmp/tmpjbi4ejbf.py'
[  165s] /usr/bin/python3.9 /tmp/tmpjbi4ejbf.py
[  168s] removing /tmp/tmpjbi4ejbf.py
[  168s] running install_egg_info
[  169s] running egg_info
[  169s] writing django_assets.egg-info/PKG-INFO
[  169s] writing dependency_links to django_assets.egg-info/dependency_links.txt
[  169s] writing entry points to django_assets.egg-info/entry_points.txt
[  169s] writing requirements to django_assets.egg-info/requires.txt
[  169s] writing top-level names to django_assets.egg-info/top_level.txt
[  169s] reading manifest file 'django_assets.egg-info/SOURCES.txt'
[  169s] reading manifest template 'MANIFEST.in'
[  169s] no previously-included directories found matching 'docs/_build'
[  169s] adding license file 'LICENSE'
[  169s] writing manifest file 'django_assets.egg-info/SOURCES.txt'
[  169s] Copying django_assets.egg-info to /home/abuild/rpmbuild/BUILDROOT/python-django-assets-2.0-4.2.riscv64/usr/lib/python3.9/site-packages/django_assets-2.0-py3.9.egg-info
[  169s] running install_scripts
[  169s] ++ '[' -f _current_flavor ']'
[  169s] ++ cat _current_flavor
[  169s] + last_flavor=python39
[  169s] + '[' -z python39 ']'
[  169s] + '[' python39 '!=' python311 ']'
[  169s] + '[' -d build ']'
[  169s] + mv build _build.python39
[  169s] + '[' -d _build.python311 ']'
[  169s] + mv _build.python311 build
[  169s] + echo python311
[  169s] + python_flavor=python311
[  169s] + /usr/bin/python3.11 setup.py install -O1 --skip-build --force --root /home/abuild/rpmbuild/BUILDROOT/python-django-assets-2.0-4.2.riscv64 --prefix /usr
[  172s] running install
[  172s] /usr/lib/python3.11/site-packages/setuptools/command/install.py:34: SetuptoolsDeprecationWarning: setup.py install is deprecated. Use build and pip and other standards-based tools.
[  172s]   warnings.warn(
[  173s] running install_lib
[  173s] creating /home/abuild/rpmbuild/BUILDROOT/python-django-assets-2.0-4.2.riscv64/usr/lib/python3.11
[  173s] creating /home/abuild/rpmbuild/BUILDROOT/python-django-assets-2.0-4.2.riscv64/usr/lib/python3.11/site-packages
[  173s] creating /home/abuild/rpmbuild/BUILDROOT/python-django-assets-2.0-4.2.riscv64/usr/lib/python3.11/site-packages/django_assets
[  173s] copying build/lib/django_assets/__init__.py -> /home/abuild/rpmbuild/BUILDROOT/python-django-assets-2.0-4.2.riscv64/usr/lib/python3.11/site-packages/django_assets
[  173s] copying build/lib/django_assets/env.py -> /home/abuild/rpmbuild/BUILDROOT/python-django-assets-2.0-4.2.riscv64/usr/lib/python3.11/site-packages/django_assets
[  173s] copying build/lib/django_assets/filter.py -> /home/abuild/rpmbuild/BUILDROOT/python-django-assets-2.0-4.2.riscv64/usr/lib/python3.11/site-packages/django_assets
[  173s] copying build/lib/django_assets/finders.py -> /home/abuild/rpmbuild/BUILDROOT/python-django-assets-2.0-4.2.riscv64/usr/lib/python3.11/site-packages/django_assets
[  173s] copying build/lib/django_assets/glob.py -> /home/abuild/rpmbuild/BUILDROOT/python-django-assets-2.0-4.2.riscv64/usr/lib/python3.11/site-packages/django_assets
[  173s] copying build/lib/django_assets/loaders.py -> /home/abuild/rpmbuild/BUILDROOT/python-django-assets-2.0-4.2.riscv64/usr/lib/python3.11/site-packages/django_assets
[  173s] copying build/lib/django_assets/manifest.py -> /home/abuild/rpmbuild/BUILDROOT/python-django-assets-2.0-4.2.riscv64/usr/lib/python3.11/site-packages/django_assets
[  173s] copying build/lib/django_assets/models.py -> /home/abuild/rpmbuild/BUILDROOT/python-django-assets-2.0-4.2.riscv64/usr/lib/python3.11/site-packages/django_assets
[  173s] copying build/lib/django_assets/pytest_plugin.py -> /home/abuild/rpmbuild/BUILDROOT/python-django-assets-2.0-4.2.riscv64/usr/lib/python3.11/site-packages/django_assets
[  173s] copying build/lib/django_assets/settings.py -> /home/abuild/rpmbuild/BUILDROOT/python-django-assets-2.0-4.2.riscv64/usr/lib/python3.11/site-packages/django_assets
[  173s] creating /home/abuild/rpmbuild/BUILDROOT/python-django-assets-2.0-4.2.riscv64/usr/lib/python3.11/site-packages/django_assets/management
[  173s] copying build/lib/django_assets/management/__init__.py -> /home/abuild/rpmbuild/BUILDROOT/python-django-assets-2.0-4.2.riscv64/usr/lib/python3.11/site-packages/django_assets/management
[  173s] creating /home/abuild/rpmbuild/BUILDROOT/python-django-assets-2.0-4.2.riscv64/usr/lib/python3.11/site-packages/django_assets/management/commands
[  173s] copying build/lib/django_assets/management/commands/__init__.py -> /home/abuild/rpmbuild/BUILDROOT/python-django-assets-2.0-4.2.riscv64/usr/lib/python3.11/site-packages/django_assets/management/commands
[  173s] copying build/lib/django_assets/management/commands/assets.py -> /home/abuild/rpmbuild/BUILDROOT/python-django-assets-2.0-4.2.riscv64/usr/lib/python3.11/site-packages/django_assets/management/commands
[  173s] creating /home/abuild/rpmbuild/BUILDROOT/python-django-assets-2.0-4.2.riscv64/usr/lib/python3.11/site-packages/django_assets/templatetags
[  173s] copying build/lib/django_assets/templatetags/__init__.py -> /home/abuild/rpmbuild/BUILDROOT/python-django-assets-2.0-4.2.riscv64/usr/lib/python3.11/site-packages/django_assets/templatetags
[  173s] copying build/lib/django_assets/templatetags/assets.py -> /home/abuild/rpmbuild/BUILDROOT/python-django-assets-2.0-4.2.riscv64/usr/lib/python3.11/site-packages/django_assets/templatetags
[  173s] byte-compiling /home/abuild/rpmbuild/BUILDROOT/python-django-assets-2.0-4.2.riscv64/usr/lib/python3.11/site-packages/django_assets/__init__.py to __init__.cpython-311.pyc
[  173s] byte-compiling /home/abuild/rpmbuild/BUILDROOT/python-django-assets-2.0-4.2.riscv64/usr/lib/python3.11/site-packages/django_assets/env.py to env.cpython-311.pyc
[  173s] byte-compiling /home/abuild/rpmbuild/BUILDROOT/python-django-assets-2.0-4.2.riscv64/usr/lib/python3.11/site-packages/django_assets/filter.py to filter.cpython-311.pyc
[  173s] byte-compiling /home/abuild/rpmbuild/BUILDROOT/python-django-assets-2.0-4.2.riscv64/usr/lib/python3.11/site-packages/django_assets/finders.py to finders.cpython-311.pyc
[  173s] byte-compiling /home/abuild/rpmbuild/BUILDROOT/python-django-assets-2.0-4.2.riscv64/usr/lib/python3.11/site-packages/django_assets/glob.py to glob.cpython-311.pyc
[  173s] byte-compiling /home/abuild/rpmbuild/BUILDROOT/python-django-assets-2.0-4.2.riscv64/usr/lib/python3.11/site-packages/django_assets/loaders.py to loaders.cpython-311.pyc
[  173s] byte-compiling /home/abuild/rpmbuild/BUILDROOT/python-django-assets-2.0-4.2.riscv64/usr/lib/python3.11/site-packages/django_assets/manifest.py to manifest.cpython-311.pyc
[  173s] byte-compiling /home/abuild/rpmbuild/BUILDROOT/python-django-assets-2.0-4.2.riscv64/usr/lib/python3.11/site-packages/django_assets/models.py to models.cpython-311.pyc
[  173s] byte-compiling /home/abuild/rpmbuild/BUILDROOT/python-django-assets-2.0-4.2.riscv64/usr/lib/python3.11/site-packages/django_assets/pytest_plugin.py to pytest_plugin.cpython-311.pyc
[  173s] byte-compiling /home/abuild/rpmbuild/BUILDROOT/python-django-assets-2.0-4.2.riscv64/usr/lib/python3.11/site-packages/django_assets/settings.py to settings.cpython-311.pyc
[  173s] byte-compiling /home/abuild/rpmbuild/BUILDROOT/python-django-assets-2.0-4.2.riscv64/usr/lib/python3.11/site-packages/django_assets/management/__init__.py to __init__.cpython-311.pyc
[  173s] byte-compiling /home/abuild/rpmbuild/BUILDROOT/python-django-assets-2.0-4.2.riscv64/usr/lib/python3.11/site-packages/django_assets/management/commands/__init__.py to __init__.cpython-311.pyc
[  173s] byte-compiling /home/abuild/rpmbuild/BUILDROOT/python-django-assets-2.0-4.2.riscv64/usr/lib/python3.11/site-packages/django_assets/management/commands/assets.py to assets.cpython-311.pyc
[  173s] byte-compiling /home/abuild/rpmbuild/BUILDROOT/python-django-assets-2.0-4.2.riscv64/usr/lib/python3.11/site-packages/django_assets/templatetags/__init__.py to __init__.cpython-311.pyc
[  173s] byte-compiling /home/abuild/rpmbuild/BUILDROOT/python-django-assets-2.0-4.2.riscv64/usr/lib/python3.11/site-packages/django_assets/templatetags/assets.py to assets.cpython-311.pyc
[  173s] writing byte-compilation script '/tmp/tmpcjzfqque.py'
[  173s] /usr/bin/python3.11 /tmp/tmpcjzfqque.py
[  176s] removing /tmp/tmpcjzfqque.py
[  176s] running install_egg_info
[  176s] running egg_info
[  176s] writing django_assets.egg-info/PKG-INFO
[  176s] writing dependency_links to django_assets.egg-info/dependency_links.txt
[  176s] writing entry points to django_assets.egg-info/entry_points.txt
[  176s] writing requirements to django_assets.egg-info/requires.txt
[  176s] writing top-level names to django_assets.egg-info/top_level.txt
[  176s] reading manifest file 'django_assets.egg-info/SOURCES.txt'
[  176s] reading manifest template 'MANIFEST.in'
[  177s] no previously-included directories found matching 'docs/_build'
[  177s] adding license file 'LICENSE'
[  177s] writing manifest file 'django_assets.egg-info/SOURCES.txt'
[  177s] Copying django_assets.egg-info to /home/abuild/rpmbuild/BUILDROOT/python-django-assets-2.0-4.2.riscv64/usr/lib/python3.11/site-packages/django_assets-2.0-py3.11.egg-info
[  177s] running install_scripts
[  177s] ++ '[' -f _current_flavor ']'
[  177s] ++ cat _current_flavor
[  177s] + last_flavor=python311
[  177s] + '[' -z python311 ']'
[  177s] + '[' python311 '!=' python310 ']'
[  177s] + '[' -d build ']'
[  177s] + mv build _build.python311
[  177s] + '[' -d _build.python310 ']'
[  177s] + mv _build.python310 build
[  177s] + echo python310
[  177s] + python_flavor=python310
[  177s] + /usr/bin/python3.10 setup.py install -O1 --skip-build --force --root /home/abuild/rpmbuild/BUILDROOT/python-django-assets-2.0-4.2.riscv64 --prefix /usr
[  181s] running install
[  181s] /usr/lib/python3.10/site-packages/setuptools/command/install.py:34: SetuptoolsDeprecationWarning: setup.py install is deprecated. Use build and pip and other standards-based tools.
[  181s]   warnings.warn(
[  181s] running install_lib
[  181s] creating /home/abuild/rpmbuild/BUILDROOT/python-django-assets-2.0-4.2.riscv64/usr/lib/python3.10
[  181s] creating /home/abuild/rpmbuild/BUILDROOT/python-django-assets-2.0-4.2.riscv64/usr/lib/python3.10/site-packages
[  181s] creating /home/abuild/rpmbuild/BUILDROOT/python-django-assets-2.0-4.2.riscv64/usr/lib/python3.10/site-packages/django_assets
[  181s] copying build/lib/django_assets/__init__.py -> /home/abuild/rpmbuild/BUILDROOT/python-django-assets-2.0-4.2.riscv64/usr/lib/python3.10/site-packages/django_assets
[  181s] copying build/lib/django_assets/env.py -> /home/abuild/rpmbuild/BUILDROOT/python-django-assets-2.0-4.2.riscv64/usr/lib/python3.10/site-packages/django_assets
[  181s] copying build/lib/django_assets/filter.py -> /home/abuild/rpmbuild/BUILDROOT/python-django-assets-2.0-4.2.riscv64/usr/lib/python3.10/site-packages/django_assets
[  181s] copying build/lib/django_assets/finders.py -> /home/abuild/rpmbuild/BUILDROOT/python-django-assets-2.0-4.2.riscv64/usr/lib/python3.10/site-packages/django_assets
[  181s] copying build/lib/django_assets/glob.py -> /home/abuild/rpmbuild/BUILDROOT/python-django-assets-2.0-4.2.riscv64/usr/lib/python3.10/site-packages/django_assets
[  181s] copying build/lib/django_assets/loaders.py -> /home/abuild/rpmbuild/BUILDROOT/python-django-assets-2.0-4.2.riscv64/usr/lib/python3.10/site-packages/django_assets
[  181s] copying build/lib/django_assets/manifest.py -> /home/abuild/rpmbuild/BUILDROOT/python-django-assets-2.0-4.2.riscv64/usr/lib/python3.10/site-packages/django_assets
[  181s] copying build/lib/django_assets/models.py -> /home/abuild/rpmbuild/BUILDROOT/python-django-assets-2.0-4.2.riscv64/usr/lib/python3.10/site-packages/django_assets
[  181s] copying build/lib/django_assets/pytest_plugin.py -> /home/abuild/rpmbuild/BUILDROOT/python-django-assets-2.0-4.2.riscv64/usr/lib/python3.10/site-packages/django_assets
[  181s] copying build/lib/django_assets/settings.py -> /home/abuild/rpmbuild/BUILDROOT/python-django-assets-2.0-4.2.riscv64/usr/lib/python3.10/site-packages/django_assets
[  181s] creating /home/abuild/rpmbuild/BUILDROOT/python-django-assets-2.0-4.2.riscv64/usr/lib/python3.10/site-packages/django_assets/management
[  181s] copying build/lib/django_assets/management/__init__.py -> /home/abuild/rpmbuild/BUILDROOT/python-django-assets-2.0-4.2.riscv64/usr/lib/python3.10/site-packages/django_assets/management
[  181s] creating /home/abuild/rpmbuild/BUILDROOT/python-django-assets-2.0-4.2.riscv64/usr/lib/python3.10/site-packages/django_assets/management/commands
[  181s] copying build/lib/django_assets/management/commands/__init__.py -> /home/abuild/rpmbuild/BUILDROOT/python-django-assets-2.0-4.2.riscv64/usr/lib/python3.10/site-packages/django_assets/management/commands
[  181s] copying build/lib/django_assets/management/commands/assets.py -> /home/abuild/rpmbuild/BUILDROOT/python-django-assets-2.0-4.2.riscv64/usr/lib/python3.10/site-packages/django_assets/management/commands
[  181s] creating /home/abuild/rpmbuild/BUILDROOT/python-django-assets-2.0-4.2.riscv64/usr/lib/python3.10/site-packages/django_assets/templatetags
[  181s] copying build/lib/django_assets/templatetags/__init__.py -> /home/abuild/rpmbuild/BUILDROOT/python-django-assets-2.0-4.2.riscv64/usr/lib/python3.10/site-packages/django_assets/templatetags
[  181s] copying build/lib/django_assets/templatetags/assets.py -> /home/abuild/rpmbuild/BUILDROOT/python-django-assets-2.0-4.2.riscv64/usr/lib/python3.10/site-packages/django_assets/templatetags
[  181s] byte-compiling /home/abuild/rpmbuild/BUILDROOT/python-django-assets-2.0-4.2.riscv64/usr/lib/python3.10/site-packages/django_assets/__init__.py to __init__.cpython-310.pyc
[  181s] byte-compiling /home/abuild/rpmbuild/BUILDROOT/python-django-assets-2.0-4.2.riscv64/usr/lib/python3.10/site-packages/django_assets/env.py to env.cpython-310.pyc
[  181s] byte-compiling /home/abuild/rpmbuild/BUILDROOT/python-django-assets-2.0-4.2.riscv64/usr/lib/python3.10/site-packages/django_assets/filter.py to filter.cpython-310.pyc
[  181s] byte-compiling /home/abuild/rpmbuild/BUILDROOT/python-django-assets-2.0-4.2.riscv64/usr/lib/python3.10/site-packages/django_assets/finders.py to finders.cpython-310.pyc
[  181s] byte-compiling /home/abuild/rpmbuild/BUILDROOT/python-django-assets-2.0-4.2.riscv64/usr/lib/python3.10/site-packages/django_assets/glob.py to glob.cpython-310.pyc
[  181s] byte-compiling /home/abuild/rpmbuild/BUILDROOT/python-django-assets-2.0-4.2.riscv64/usr/lib/python3.10/site-packages/django_assets/loaders.py to loaders.cpython-310.pyc
[  181s] byte-compiling /home/abuild/rpmbuild/BUILDROOT/python-django-assets-2.0-4.2.riscv64/usr/lib/python3.10/site-packages/django_assets/manifest.py to manifest.cpython-310.pyc
[  181s] byte-compiling /home/abuild/rpmbuild/BUILDROOT/python-django-assets-2.0-4.2.riscv64/usr/lib/python3.10/site-packages/django_assets/models.py to models.cpython-310.pyc
[  181s] byte-compiling /home/abuild/rpmbuild/BUILDROOT/python-django-assets-2.0-4.2.riscv64/usr/lib/python3.10/site-packages/django_assets/pytest_plugin.py to pytest_plugin.cpython-310.pyc
[  181s] byte-compiling /home/abuild/rpmbuild/BUILDROOT/python-django-assets-2.0-4.2.riscv64/usr/lib/python3.10/site-packages/django_assets/settings.py to settings.cpython-310.pyc
[  181s] byte-compiling /home/abuild/rpmbuild/BUILDROOT/python-django-assets-2.0-4.2.riscv64/usr/lib/python3.10/site-packages/django_assets/management/__init__.py to __init__.cpython-310.pyc
[  181s] byte-compiling /home/abuild/rpmbuild/BUILDROOT/python-django-assets-2.0-4.2.riscv64/usr/lib/python3.10/site-packages/django_assets/management/commands/__init__.py to __init__.cpython-310.pyc
[  181s] byte-compiling /home/abuild/rpmbuild/BUILDROOT/python-django-assets-2.0-4.2.riscv64/usr/lib/python3.10/site-packages/django_assets/management/commands/assets.py to assets.cpython-310.pyc
[  181s] byte-compiling /home/abuild/rpmbuild/BUILDROOT/python-django-assets-2.0-4.2.riscv64/usr/lib/python3.10/site-packages/django_assets/templatetags/__init__.py to __init__.cpython-310.pyc
[  181s] byte-compiling /home/abuild/rpmbuild/BUILDROOT/python-django-assets-2.0-4.2.riscv64/usr/lib/python3.10/site-packages/django_assets/templatetags/assets.py to assets.cpython-310.pyc
[  181s] writing byte-compilation script '/tmp/tmpuph2mi4h.py'
[  181s] /usr/bin/python3.10 /tmp/tmpuph2mi4h.py
[  185s] removing /tmp/tmpuph2mi4h.py
[  185s] running install_egg_info
[  185s] running egg_info
[  185s] writing django_assets.egg-info/PKG-INFO
[  185s] writing dependency_links to django_assets.egg-info/dependency_links.txt
[  185s] writing entry points to django_assets.egg-info/entry_points.txt
[  185s] writing requirements to django_assets.egg-info/requires.txt
[  185s] writing top-level names to django_assets.egg-info/top_level.txt
[  185s] reading manifest file 'django_assets.egg-info/SOURCES.txt'
[  185s] reading manifest template 'MANIFEST.in'
[  185s] no previously-included directories found matching 'docs/_build'
[  185s] adding license file 'LICENSE'
[  185s] writing manifest file 'django_assets.egg-info/SOURCES.txt'
[  185s] Copying django_assets.egg-info to /home/abuild/rpmbuild/BUILDROOT/python-django-assets-2.0-4.2.riscv64/usr/lib/python3.10/site-packages/django_assets-2.0-py3.10.egg-info
[  185s] running install_scripts
[  185s] ++ '[' -f _current_flavor ']'
[  185s] ++ cat _current_flavor
[  186s] + last_flavor=python310
[  186s] + '[' -z python310 ']'
[  186s] + '[' python310 '!=' python38 ']'
[  186s] + '[' -d build ']'
[  186s] + mv build _build.python310
[  186s] + '[' -d _build.python38 ']'
[  186s] + mv _build.python38 build
[  186s] + echo python38
[  186s] + python_flavor=python38
[  186s] + /usr/lib/rpm/fdupes_wrapper /home/abuild/rpmbuild/BUILDROOT/python-django-assets-2.0-4.2.riscv64/usr/lib/python3.8/site-packages
[  186s] Linking /home/abuild/rpmbuild/BUILDROOT/python-django-assets-2.0-4.2.riscv64/usr/lib/python3.8/site-packages/django_assets-2.0-py3.8.egg-info/dependency_links.txt -> /home/abuild/rpmbuild/BUILDROOT/python-django-assets-2.0-4.2.riscv64/usr/lib/python3.8/site-packages/django_assets-2.0-py3.8.egg-info/not-zip-safe
[  186s] Linking /home/abuild/rpmbuild/BUILDROOT/python-django-assets-2.0-4.2.riscv64/usr/lib/python3.8/site-packages/django_assets/__pycache__/settings.cpython-38.opt-1.pyc -> /home/abuild/rpmbuild/BUILDROOT/python-django-assets-2.0-4.2.riscv64/usr/lib/python3.8/site-packages/django_assets/__pycache__/settings.cpython-38.pyc
[  186s] Linking /home/abuild/rpmbuild/BUILDROOT/python-django-assets-2.0-4.2.riscv64/usr/lib/python3.8/site-packages/django_assets/__pycache__/models.cpython-38.opt-1.pyc -> /home/abuild/rpmbuild/BUILDROOT/python-django-assets-2.0-4.2.riscv64/usr/lib/python3.8/site-packages/django_assets/__pycache__/models.cpython-38.pyc
[  186s] Linking /home/abuild/rpmbuild/BUILDROOT/python-django-assets-2.0-4.2.riscv64/usr/lib/python3.8/site-packages/django_assets/__pycache__/manifest.cpython-38.opt-1.pyc -> /home/abuild/rpmbuild/BUILDROOT/python-django-assets-2.0-4.2.riscv64/usr/lib/python3.8/site-packages/django_assets/__pycache__/manifest.cpython-38.pyc
[  186s] Linking /home/abuild/rpmbuild/BUILDROOT/python-django-assets-2.0-4.2.riscv64/usr/lib/python3.8/site-packages/django_assets/__pycache__/loaders.cpython-38.opt-1.pyc -> /home/abuild/rpmbuild/BUILDROOT/python-django-assets-2.0-4.2.riscv64/usr/lib/python3.8/site-packages/django_assets/__pycache__/loaders.cpython-38.pyc
[  186s] Linking /home/abuild/rpmbuild/BUILDROOT/python-django-assets-2.0-4.2.riscv64/usr/lib/python3.8/site-packages/django_assets/__pycache__/glob.cpython-38.opt-1.pyc -> /home/abuild/rpmbuild/BUILDROOT/python-django-assets-2.0-4.2.riscv64/usr/lib/python3.8/site-packages/django_assets/__pycache__/glob.cpython-38.pyc
[  186s] Linking /home/abuild/rpmbuild/BUILDROOT/python-django-assets-2.0-4.2.riscv64/usr/lib/python3.8/site-packages/django_assets/__pycache__/finders.cpython-38.opt-1.pyc -> /home/abuild/rpmbuild/BUILDROOT/python-django-assets-2.0-4.2.riscv64/usr/lib/python3.8/site-packages/django_assets/__pycache__/finders.cpython-38.pyc
[  186s] Linking /home/abuild/rpmbuild/BUILDROOT/python-django-assets-2.0-4.2.riscv64/usr/lib/python3.8/site-packages/django_assets/__pycache__/filter.cpython-38.opt-1.pyc -> /home/abuild/rpmbuild/BUILDROOT/python-django-assets-2.0-4.2.riscv64/usr/lib/python3.8/site-packages/django_assets/__pycache__/filter.cpython-38.pyc
[  186s] Linking /home/abuild/rpmbuild/BUILDROOT/python-django-assets-2.0-4.2.riscv64/usr/lib/python3.8/site-packages/django_assets/__pycache__/env.cpython-38.opt-1.pyc -> /home/abuild/rpmbuild/BUILDROOT/python-django-assets-2.0-4.2.riscv64/usr/lib/python3.8/site-packages/django_assets/__pycache__/env.cpython-38.pyc
[  186s] Linking /home/abuild/rpmbuild/BUILDROOT/python-django-assets-2.0-4.2.riscv64/usr/lib/python3.8/site-packages/django_assets/__pycache__/pytest_plugin.cpython-38.opt-1.pyc -> /home/abuild/rpmbuild/BUILDROOT/python-django-assets-2.0-4.2.riscv64/usr/lib/python3.8/site-packages/django_assets/__pycache__/pytest_plugin.cpython-38.pyc
[  186s] Linking /home/abuild/rpmbuild/BUILDROOT/python-django-assets-2.0-4.2.riscv64/usr/lib/python3.8/site-packages/django_assets/templatetags/__pycache__/__init__.cpython-38.opt-1.pyc -> /home/abuild/rpmbuild/BUILDROOT/python-django-assets-2.0-4.2.riscv64/usr/lib/python3.8/site-packages/django_assets/templatetags/__pycache__/__init__.cpython-38.pyc
[  186s] Linking /home/abuild/rpmbuild/BUILDROOT/python-django-assets-2.0-4.2.riscv64/usr/lib/python3.8/site-packages/django_assets/management/__pycache__/__init__.cpython-38.opt-1.pyc -> /home/abuild/rpmbuild/BUILDROOT/python-django-assets-2.0-4.2.riscv64/usr/lib/python3.8/site-packages/django_assets/management/__pycache__/__init__.cpython-38.pyc
[  186s] Linking /home/abuild/rpmbuild/BUILDROOT/python-django-assets-2.0-4.2.riscv64/usr/lib/python3.8/site-packages/django_assets/management/commands/__pycache__/assets.cpython-38.opt-1.pyc -> /home/abuild/rpmbuild/BUILDROOT/python-django-assets-2.0-4.2.riscv64/usr/lib/python3.8/site-packages/django_assets/management/commands/__pycache__/assets.cpython-38.pyc
[  186s] Linking /home/abuild/rpmbuild/BUILDROOT/python-django-assets-2.0-4.2.riscv64/usr/lib/python3.8/site-packages/django_assets/management/commands/__pycache__/__init__.cpython-38.opt-1.pyc -> /home/abuild/rpmbuild/BUILDROOT/python-django-assets-2.0-4.2.riscv64/usr/lib/python3.8/site-packages/django_assets/management/commands/__pycache__/__init__.cpython-38.pyc
[  186s] ++ '[' -f _current_flavor ']'
[  186s] ++ cat _current_flavor
[  186s] + last_flavor=python38
[  186s] + '[' -z python38 ']'
[  186s] + '[' python38 '!=' python39 ']'
[  186s] + '[' -d build ']'
[  186s] + mv build _build.python38
[  186s] + '[' -d _build.python39 ']'
[  186s] + mv _build.python39 build
[  186s] + echo python39
[  186s] + python_flavor=python39
[  186s] + /usr/lib/rpm/fdupes_wrapper /home/abuild/rpmbuild/BUILDROOT/python-django-assets-2.0-4.2.riscv64/usr/lib/python3.9/site-packages
[  186s] Linking /home/abuild/rpmbuild/BUILDROOT/python-django-assets-2.0-4.2.riscv64/usr/lib/python3.9/site-packages/django_assets-2.0-py3.9.egg-info/dependency_links.txt -> /home/abuild/rpmbuild/BUILDROOT/python-django-assets-2.0-4.2.riscv64/usr/lib/python3.9/site-packages/django_assets-2.0-py3.9.egg-info/not-zip-safe
[  186s] Linking /home/abuild/rpmbuild/BUILDROOT/python-django-assets-2.0-4.2.riscv64/usr/lib/python3.9/site-packages/django_assets/__pycache__/settings.cpython-39.opt-1.pyc -> /home/abuild/rpmbuild/BUILDROOT/python-django-assets-2.0-4.2.riscv64/usr/lib/python3.9/site-packages/django_assets/__pycache__/settings.cpython-39.pyc
[  186s] Linking /home/abuild/rpmbuild/BUILDROOT/python-django-assets-2.0-4.2.riscv64/usr/lib/python3.9/site-packages/django_assets/__pycache__/models.cpython-39.opt-1.pyc -> /home/abuild/rpmbuild/BUILDROOT/python-django-assets-2.0-4.2.riscv64/usr/lib/python3.9/site-packages/django_assets/__pycache__/models.cpython-39.pyc
[  186s] Linking /home/abuild/rpmbuild/BUILDROOT/python-django-assets-2.0-4.2.riscv64/usr/lib/python3.9/site-packages/django_assets/__pycache__/manifest.cpython-39.opt-1.pyc -> /home/abuild/rpmbuild/BUILDROOT/python-django-assets-2.0-4.2.riscv64/usr/lib/python3.9/site-packages/django_assets/__pycache__/manifest.cpython-39.pyc
[  186s] Linking /home/abuild/rpmbuild/BUILDROOT/python-django-assets-2.0-4.2.riscv64/usr/lib/python3.9/site-packages/django_assets/__pycache__/loaders.cpython-39.opt-1.pyc -> /home/abuild/rpmbuild/BUILDROOT/python-django-assets-2.0-4.2.riscv64/usr/lib/python3.9/site-packages/django_assets/__pycache__/loaders.cpython-39.pyc
[  186s] Linking /home/abuild/rpmbuild/BUILDROOT/python-django-assets-2.0-4.2.riscv64/usr/lib/python3.9/site-packages/django_assets/__pycache__/glob.cpython-39.opt-1.pyc -> /home/abuild/rpmbuild/BUILDROOT/python-django-assets-2.0-4.2.riscv64/usr/lib/python3.9/site-packages/django_assets/__pycache__/glob.cpython-39.pyc
[  186s] Linking /home/abuild/rpmbuild/BUILDROOT/python-django-assets-2.0-4.2.riscv64/usr/lib/python3.9/site-packages/django_assets/__pycache__/finders.cpython-39.opt-1.pyc -> /home/abuild/rpmbuild/BUILDROOT/python-django-assets-2.0-4.2.riscv64/usr/lib/python3.9/site-packages/django_assets/__pycache__/finders.cpython-39.pyc
[  186s] Linking /home/abuild/rpmbuild/BUILDROOT/python-django-assets-2.0-4.2.riscv64/usr/lib/python3.9/site-packages/django_assets/__pycache__/filter.cpython-39.opt-1.pyc -> /home/abuild/rpmbuild/BUILDROOT/python-django-assets-2.0-4.2.riscv64/usr/lib/python3.9/site-packages/django_assets/__pycache__/filter.cpython-39.pyc
[  186s] Linking /home/abuild/rpmbuild/BUILDROOT/python-django-assets-2.0-4.2.riscv64/usr/lib/python3.9/site-packages/django_assets/__pycache__/env.cpython-39.opt-1.pyc -> /home/abuild/rpmbuild/BUILDROOT/python-django-assets-2.0-4.2.riscv64/usr/lib/python3.9/site-packages/django_assets/__pycache__/env.cpython-39.pyc
[  186s] Linking /home/abuild/rpmbuild/BUILDROOT/python-django-assets-2.0-4.2.riscv64/usr/lib/python3.9/site-packages/django_assets/__pycache__/pytest_plugin.cpython-39.opt-1.pyc -> /home/abuild/rpmbuild/BUILDROOT/python-django-assets-2.0-4.2.riscv64/usr/lib/python3.9/site-packages/django_assets/__pycache__/pytest_plugin.cpython-39.pyc
[  186s] Linking /home/abuild/rpmbuild/BUILDROOT/python-django-assets-2.0-4.2.riscv64/usr/lib/python3.9/site-packages/django_assets/templatetags/__pycache__/__init__.cpython-39.opt-1.pyc -> /home/abuild/rpmbuild/BUILDROOT/python-django-assets-2.0-4.2.riscv64/usr/lib/python3.9/site-packages/django_assets/templatetags/__pycache__/__init__.cpython-39.pyc
[  186s] Linking /home/abuild/rpmbuild/BUILDROOT/python-django-assets-2.0-4.2.riscv64/usr/lib/python3.9/site-packages/django_assets/management/__pycache__/__init__.cpython-39.opt-1.pyc -> /home/abuild/rpmbuild/BUILDROOT/python-django-assets-2.0-4.2.riscv64/usr/lib/python3.9/site-packages/django_assets/management/__pycache__/__init__.cpython-39.pyc
[  186s] Linking /home/abuild/rpmbuild/BUILDROOT/python-django-assets-2.0-4.2.riscv64/usr/lib/python3.9/site-packages/django_assets/management/commands/__pycache__/assets.cpython-39.opt-1.pyc -> /home/abuild/rpmbuild/BUILDROOT/python-django-assets-2.0-4.2.riscv64/usr/lib/python3.9/site-packages/django_assets/management/commands/__pycache__/assets.cpython-39.pyc
[  186s] Linking /home/abuild/rpmbuild/BUILDROOT/python-django-assets-2.0-4.2.riscv64/usr/lib/python3.9/site-packages/django_assets/management/commands/__pycache__/__init__.cpython-39.opt-1.pyc -> /home/abuild/rpmbuild/BUILDROOT/python-django-assets-2.0-4.2.riscv64/usr/lib/python3.9/site-packages/django_assets/management/commands/__pycache__/__init__.cpython-39.pyc
[  186s] ++ '[' -f _current_flavor ']'
[  186s] ++ cat _current_flavor
[  186s] + last_flavor=python39
[  186s] + '[' -z python39 ']'
[  186s] + '[' python39 '!=' python311 ']'
[  186s] + '[' -d build ']'
[  186s] + mv build _build.python39
[  186s] + '[' -d _build.python311 ']'
[  186s] + mv _build.python311 build
[  186s] + echo python311
[  186s] + python_flavor=python311
[  186s] + /usr/lib/rpm/fdupes_wrapper /home/abuild/rpmbuild/BUILDROOT/python-django-assets-2.0-4.2.riscv64/usr/lib/python3.11/site-packages
[  186s] Linking /home/abuild/rpmbuild/BUILDROOT/python-django-assets-2.0-4.2.riscv64/usr/lib/python3.11/site-packages/django_assets-2.0-py3.11.egg-info/dependency_links.txt -> /home/abuild/rpmbuild/BUILDROOT/python-django-assets-2.0-4.2.riscv64/usr/lib/python3.11/site-packages/django_assets-2.0-py3.11.egg-info/not-zip-safe
[  186s] Linking /home/abuild/rpmbuild/BUILDROOT/python-django-assets-2.0-4.2.riscv64/usr/lib/python3.11/site-packages/django_assets/__pycache__/settings.cpython-311.opt-1.pyc -> /home/abuild/rpmbuild/BUILDROOT/python-django-assets-2.0-4.2.riscv64/usr/lib/python3.11/site-packages/django_assets/__pycache__/settings.cpython-311.pyc
[  186s] Linking /home/abuild/rpmbuild/BUILDROOT/python-django-assets-2.0-4.2.riscv64/usr/lib/python3.11/site-packages/django_assets/__pycache__/models.cpython-311.opt-1.pyc -> /home/abuild/rpmbuild/BUILDROOT/python-django-assets-2.0-4.2.riscv64/usr/lib/python3.11/site-packages/django_assets/__pycache__/models.cpython-311.pyc
[  186s] Linking /home/abuild/rpmbuild/BUILDROOT/python-django-assets-2.0-4.2.riscv64/usr/lib/python3.11/site-packages/django_assets/__pycache__/manifest.cpython-311.opt-1.pyc -> /home/abuild/rpmbuild/BUILDROOT/python-django-assets-2.0-4.2.riscv64/usr/lib/python3.11/site-packages/django_assets/__pycache__/manifest.cpython-311.pyc
[  186s] Linking /home/abuild/rpmbuild/BUILDROOT/python-django-assets-2.0-4.2.riscv64/usr/lib/python3.11/site-packages/django_assets/__pycache__/loaders.cpython-311.opt-1.pyc -> /home/abuild/rpmbuild/BUILDROOT/python-django-assets-2.0-4.2.riscv64/usr/lib/python3.11/site-packages/django_assets/__pycache__/loaders.cpython-311.pyc
[  186s] Linking /home/abuild/rpmbuild/BUILDROOT/python-django-assets-2.0-4.2.riscv64/usr/lib/python3.11/site-packages/django_assets/__pycache__/glob.cpython-311.opt-1.pyc -> /home/abuild/rpmbuild/BUILDROOT/python-django-assets-2.0-4.2.riscv64/usr/lib/python3.11/site-packages/django_assets/__pycache__/glob.cpython-311.pyc
[  186s] Linking /home/abuild/rpmbuild/BUILDROOT/python-django-assets-2.0-4.2.riscv64/usr/lib/python3.11/site-packages/django_assets/__pycache__/finders.cpython-311.opt-1.pyc -> /home/abuild/rpmbuild/BUILDROOT/python-django-assets-2.0-4.2.riscv64/usr/lib/python3.11/site-packages/django_assets/__pycache__/finders.cpython-311.pyc
[  186s] Linking /home/abuild/rpmbuild/BUILDROOT/python-django-assets-2.0-4.2.riscv64/usr/lib/python3.11/site-packages/django_assets/__pycache__/filter.cpython-311.opt-1.pyc -> /home/abuild/rpmbuild/BUILDROOT/python-django-assets-2.0-4.2.riscv64/usr/lib/python3.11/site-packages/django_assets/__pycache__/filter.cpython-311.pyc
[  186s] Linking /home/abuild/rpmbuild/BUILDROOT/python-django-assets-2.0-4.2.riscv64/usr/lib/python3.11/site-packages/django_assets/__pycache__/env.cpython-311.opt-1.pyc -> /home/abuild/rpmbuild/BUILDROOT/python-django-assets-2.0-4.2.riscv64/usr/lib/python3.11/site-packages/django_assets/__pycache__/env.cpython-311.pyc
[  186s] Linking /home/abuild/rpmbuild/BUILDROOT/python-django-assets-2.0-4.2.riscv64/usr/lib/python3.11/site-packages/django_assets/__pycache__/__init__.cpython-311.opt-1.pyc -> /home/abuild/rpmbuild/BUILDROOT/python-django-assets-2.0-4.2.riscv64/usr/lib/python3.11/site-packages/django_assets/__pycache__/__init__.cpython-311.pyc
[  186s] Linking /home/abuild/rpmbuild/BUILDROOT/python-django-assets-2.0-4.2.riscv64/usr/lib/python3.11/site-packages/django_assets/__pycache__/pytest_plugin.cpython-311.opt-1.pyc -> /home/abuild/rpmbuild/BUILDROOT/python-django-assets-2.0-4.2.riscv64/usr/lib/python3.11/site-packages/django_assets/__pycache__/pytest_plugin.cpython-311.pyc
[  186s] Linking /home/abuild/rpmbuild/BUILDROOT/python-django-assets-2.0-4.2.riscv64/usr/lib/python3.11/site-packages/django_assets/templatetags/__pycache__/assets.cpython-311.opt-1.pyc -> /home/abuild/rpmbuild/BUILDROOT/python-django-assets-2.0-4.2.riscv64/usr/lib/python3.11/site-packages/django_assets/templatetags/__pycache__/assets.cpython-311.pyc
[  186s] Linking /home/abuild/rpmbuild/BUILDROOT/python-django-assets-2.0-4.2.riscv64/usr/lib/python3.11/site-packages/django_assets/templatetags/__pycache__/__init__.cpython-311.opt-1.pyc -> /home/abuild/rpmbuild/BUILDROOT/python-django-assets-2.0-4.2.riscv64/usr/lib/python3.11/site-packages/django_assets/templatetags/__pycache__/__init__.cpython-311.pyc
[  186s] Linking /home/abuild/rpmbuild/BUILDROOT/python-django-assets-2.0-4.2.riscv64/usr/lib/python3.11/site-packages/django_assets/management/__pycache__/__init__.cpython-311.opt-1.pyc -> /home/abuild/rpmbuild/BUILDROOT/python-django-assets-2.0-4.2.riscv64/usr/lib/python3.11/site-packages/django_assets/management/__pycache__/__init__.cpython-311.pyc
[  186s] Linking /home/abuild/rpmbuild/BUILDROOT/python-django-assets-2.0-4.2.riscv64/usr/lib/python3.11/site-packages/django_assets/management/commands/__pycache__/assets.cpython-311.opt-1.pyc -> /home/abuild/rpmbuild/BUILDROOT/python-django-assets-2.0-4.2.riscv64/usr/lib/python3.11/site-packages/django_assets/management/commands/__pycache__/assets.cpython-311.pyc
[  186s] Linking /home/abuild/rpmbuild/BUILDROOT/python-django-assets-2.0-4.2.riscv64/usr/lib/python3.11/site-packages/django_assets/management/commands/__pycache__/__init__.cpython-311.opt-1.pyc -> /home/abuild/rpmbuild/BUILDROOT/python-django-assets-2.0-4.2.riscv64/usr/lib/python3.11/site-packages/django_assets/management/commands/__pycache__/__init__.cpython-311.pyc
[  186s] ++ '[' -f _current_flavor ']'
[  186s] ++ cat _current_flavor
[  187s] + last_flavor=python311
[  187s] + '[' -z python311 ']'
[  187s] + '[' python311 '!=' python310 ']'
[  187s] + '[' -d build ']'
[  187s] + mv build _build.python311
[  187s] + '[' -d _build.python310 ']'
[  187s] + mv _build.python310 build
[  187s] + echo python310
[  187s] + python_flavor=python310
[  187s] + /usr/lib/rpm/fdupes_wrapper /home/abuild/rpmbuild/BUILDROOT/python-django-assets-2.0-4.2.riscv64/usr/lib/python3.10/site-packages
[  187s] Linking /home/abuild/rpmbuild/BUILDROOT/python-django-assets-2.0-4.2.riscv64/usr/lib/python3.10/site-packages/django_assets-2.0-py3.10.egg-info/dependency_links.txt -> /home/abuild/rpmbuild/BUILDROOT/python-django-assets-2.0-4.2.riscv64/usr/lib/python3.10/site-packages/django_assets-2.0-py3.10.egg-info/not-zip-safe
[  187s] Linking /home/abuild/rpmbuild/BUILDROOT/python-django-assets-2.0-4.2.riscv64/usr/lib/python3.10/site-packages/django_assets/__pycache__/settings.cpython-310.opt-1.pyc -> /home/abuild/rpmbuild/BUILDROOT/python-django-assets-2.0-4.2.riscv64/usr/lib/python3.10/site-packages/django_assets/__pycache__/settings.cpython-310.pyc
[  187s] Linking /home/abuild/rpmbuild/BUILDROOT/python-django-assets-2.0-4.2.riscv64/usr/lib/python3.10/site-packages/django_assets/__pycache__/models.cpython-310.opt-1.pyc -> /home/abuild/rpmbuild/BUILDROOT/python-django-assets-2.0-4.2.riscv64/usr/lib/python3.10/site-packages/django_assets/__pycache__/models.cpython-310.pyc
[  187s] Linking /home/abuild/rpmbuild/BUILDROOT/python-django-assets-2.0-4.2.riscv64/usr/lib/python3.10/site-packages/django_assets/__pycache__/manifest.cpython-310.opt-1.pyc -> /home/abuild/rpmbuild/BUILDROOT/python-django-assets-2.0-4.2.riscv64/usr/lib/python3.10/site-packages/django_assets/__pycache__/manifest.cpython-310.pyc
[  187s] Linking /home/abuild/rpmbuild/BUILDROOT/python-django-assets-2.0-4.2.riscv64/usr/lib/python3.10/site-packages/django_assets/__pycache__/loaders.cpython-310.opt-1.pyc -> /home/abuild/rpmbuild/BUILDROOT/python-django-assets-2.0-4.2.riscv64/usr/lib/python3.10/site-packages/django_assets/__pycache__/loaders.cpython-310.pyc
[  187s] Linking /home/abuild/rpmbuild/BUILDROOT/python-django-assets-2.0-4.2.riscv64/usr/lib/python3.10/site-packages/django_assets/__pycache__/glob.cpython-310.opt-1.pyc -> /home/abuild/rpmbuild/BUILDROOT/python-django-assets-2.0-4.2.riscv64/usr/lib/python3.10/site-packages/django_assets/__pycache__/glob.cpython-310.pyc
[  187s] Linking /home/abuild/rpmbuild/BUILDROOT/python-django-assets-2.0-4.2.riscv64/usr/lib/python3.10/site-packages/django_assets/__pycache__/finders.cpython-310.opt-1.pyc -> /home/abuild/rpmbuild/BUILDROOT/python-django-assets-2.0-4.2.riscv64/usr/lib/python3.10/site-packages/django_assets/__pycache__/finders.cpython-310.pyc
[  187s] Linking /home/abuild/rpmbuild/BUILDROOT/python-django-assets-2.0-4.2.riscv64/usr/lib/python3.10/site-packages/django_assets/__pycache__/filter.cpython-310.opt-1.pyc -> /home/abuild/rpmbuild/BUILDROOT/python-django-assets-2.0-4.2.riscv64/usr/lib/python3.10/site-packages/django_assets/__pycache__/filter.cpython-310.pyc
[  187s] Linking /home/abuild/rpmbuild/BUILDROOT/python-django-assets-2.0-4.2.riscv64/usr/lib/python3.10/site-packages/django_assets/__pycache__/env.cpython-310.opt-1.pyc -> /home/abuild/rpmbuild/BUILDROOT/python-django-assets-2.0-4.2.riscv64/usr/lib/python3.10/site-packages/django_assets/__pycache__/env.cpython-310.pyc
[  187s] Linking /home/abuild/rpmbuild/BUILDROOT/python-django-assets-2.0-4.2.riscv64/usr/lib/python3.10/site-packages/django_assets/__pycache__/pytest_plugin.cpython-310.opt-1.pyc -> /home/abuild/rpmbuild/BUILDROOT/python-django-assets-2.0-4.2.riscv64/usr/lib/python3.10/site-packages/django_assets/__pycache__/pytest_plugin.cpython-310.pyc
[  187s] Linking /home/abuild/rpmbuild/BUILDROOT/python-django-assets-2.0-4.2.riscv64/usr/lib/python3.10/site-packages/django_assets/templatetags/__pycache__/__init__.cpython-310.opt-1.pyc -> /home/abuild/rpmbuild/BUILDROOT/python-django-assets-2.0-4.2.riscv64/usr/lib/python3.10/site-packages/django_assets/templatetags/__pycache__/__init__.cpython-310.pyc
[  187s] Linking /home/abuild/rpmbuild/BUILDROOT/python-django-assets-2.0-4.2.riscv64/usr/lib/python3.10/site-packages/django_assets/management/__pycache__/__init__.cpython-310.opt-1.pyc -> /home/abuild/rpmbuild/BUILDROOT/python-django-assets-2.0-4.2.riscv64/usr/lib/python3.10/site-packages/django_assets/management/__pycache__/__init__.cpython-310.pyc
[  187s] Linking /home/abuild/rpmbuild/BUILDROOT/python-django-assets-2.0-4.2.riscv64/usr/lib/python3.10/site-packages/django_assets/management/commands/__pycache__/assets.cpython-310.opt-1.pyc -> /home/abuild/rpmbuild/BUILDROOT/python-django-assets-2.0-4.2.riscv64/usr/lib/python3.10/site-packages/django_assets/management/commands/__pycache__/assets.cpython-310.pyc
[  187s] Linking /home/abuild/rpmbuild/BUILDROOT/python-django-assets-2.0-4.2.riscv64/usr/lib/python3.10/site-packages/django_assets/management/commands/__pycache__/__init__.cpython-310.opt-1.pyc -> /home/abuild/rpmbuild/BUILDROOT/python-django-assets-2.0-4.2.riscv64/usr/lib/python3.10/site-packages/django_assets/management/commands/__pycache__/__init__.cpython-310.pyc
[  187s] + /usr/lib/rpm/find-debuginfo -j8 -n --run-dwz --dwz-low-mem-die-limit 10000000 --dwz-max-die-limit 50000000 -S debugsourcefiles.list /home/abuild/rpmbuild/BUILD/django-assets-2.0
[  187s] + /usr/lib/rpm/brp-compress
[  188s] + /usr/lib/rpm/brp-suse
[  188s] calling /usr/lib/rpm/brp-suse.d/brp-05-permissions
[  188s] calling /usr/lib/rpm/brp-suse.d/brp-15-strip-debug
[  188s] calling /usr/lib/rpm/brp-suse.d/brp-25-symlink
[  188s] calling /usr/lib/rpm/brp-suse.d/brp-50-generate-fips-hmac
[  188s] calling /usr/lib/rpm/brp-suse.d/brp-75-ar
[  189s] Executing(%check): /usr/bin/bash -e /var/tmp/rpm-tmp.95A5ax
[  189s] + umask 022
[  189s] + cd /home/abuild/rpmbuild/BUILD
[  189s] + cd django-assets-2.0
[  189s] + set +x
[  189s] Using libalternatives variant 38 for py.test in XDG_CONFIG_HOME during Python 3.8 expansions.
[  189s] Using libalternatives variant 38 for pytest in XDG_CONFIG_HOME during Python 3.8 expansions.
[  189s] Using alternative django-admin-3.8 for django-admin in ./build/flavorbin during Python 3.8 expansions.
[  190s] Using alternative sqlformat-3.8 for sqlformat in ./build/flavorbin during Python 3.8 expansions.
[  190s] Using alternative webassets-3.8 for webassets in ./build/flavorbin during Python 3.8 expansions.
[  190s] Using libalternatives variant 39 for py.test in XDG_CONFIG_HOME during Python 3.9 expansions.
[  190s] Using libalternatives variant 39 for pytest in XDG_CONFIG_HOME during Python 3.9 expansions.
[  191s] Using alternative django-admin-3.9 for django-admin in ./build/flavorbin during Python 3.9 expansions.
[  191s] Using alternative sqlformat-3.9 for sqlformat in ./build/flavorbin during Python 3.9 expansions.
[  191s] Using alternative webassets-3.9 for webassets in ./build/flavorbin during Python 3.9 expansions.
[  191s] Using libalternatives variant 311 for py.test in XDG_CONFIG_HOME during Python 3.11 expansions.
[  192s] Using libalternatives variant 311 for pytest in XDG_CONFIG_HOME during Python 3.11 expansions.
[  192s] Using alternative django-admin-3.11 for django-admin in ./build/flavorbin during Python 3.11 expansions.
[  192s] Using alternative sqlformat-3.11 for sqlformat in ./build/flavorbin during Python 3.11 expansions.
[  192s] Using alternative webassets-3.11 for webassets in ./build/flavorbin during Python 3.11 expansions.
[  193s] Using alternative django-admin-3.10 for django-admin in ./build/flavorbin during Python 3.10 expansions.
[  193s] Using alternative sqlformat-3.10 for sqlformat in ./build/flavorbin during Python 3.10 expansions.
[  193s] Using alternative webassets-3.10 for webassets in ./build/flavorbin during Python 3.10 expansions.
[  193s] + export PATH=/home/abuild/rpmbuild/BUILD/django-assets-2.0/build/flavorbin:/usr/local/bin:/usr/bin:/bin
[  193s] + PATH=/home/abuild/rpmbuild/BUILD/django-assets-2.0/build/flavorbin:/usr/local/bin:/usr/bin:/bin
[  193s] ++ '[' -f _current_flavor ']'
[  193s] ++ cat _current_flavor
[  193s] + last_flavor=python310
[  193s] + '[' -z python310 ']'
[  193s] + '[' python310 '!=' python38 ']'
[  193s] + '[' -d build ']'
[  193s] + mv build _build.python310
[  193s] + '[' -d _build.python38 ']'
[  193s] + mv _build.python38 build
[  193s] + echo python38
[  193s] + python_flavor=python38
[  193s] + PYTHONPATH=/home/abuild/rpmbuild/BUILDROOT/python-django-assets-2.0-4.2.riscv64/usr/lib/python3.8/site-packages
[  193s] + PYTHONDONTWRITEBYTECODE=1
[  193s] + pytest-3.8 --ignore=_build.python38 --ignore=_build.python39 --ignore=_build.python311 --ignore=_build.python310 -v -k 'not TestLoader'
[  199s] ============================= test session starts ==============================
[  199s] platform linux -- Python 3.8.16, pytest-7.2.0, pluggy-1.0.0 -- /usr/bin/python3.8
[  199s] cachedir: .pytest_cache
[  199s] rootdir: /home/abuild/rpmbuild/BUILD/django-assets-2.0
[  199s] plugins: django-assets-2.0
[  200s] collecting ... collected 19 items / 2 deselected / 17 selected
[  200s] 
[  200s] tests/test_django.py::TestConfig::test_default_options PASSED            [  5%]
[  200s] tests/test_django.py::TestConfig::test_custom_options PASSED             [ 11%]
[  200s] tests/test_django.py::TestTemplateTag::test_reference_bundles PASSED     [ 17%]
[  200s] tests/test_django.py::TestTemplateTag::test_reference_files PASSED       [ 23%]
[  200s] tests/test_django.py::TestTemplateTag::test_reference_mixed PASSED       [ 29%]
[  200s] tests/test_django.py::TestTemplateTag::test_with_vars PASSED             [ 35%]
[  200s] tests/test_django.py::TestTemplateTag::test_debug_option PASSED          [ 41%]
[  200s] tests/test_django.py::TestTemplateTag::test_with_no_commas PASSED        [ 47%]
[  200s] tests/test_django.py::TestTemplateTag::test_output_urls PASSED           [ 52%]
[  200s] tests/test_django.py::TestStaticFiles::test_build PASSED                 [ 58%]
[  201s] tests/test_django.py::TestStaticFiles::test_build_nodebug PASSED         [ 64%]
[  201s] tests/test_django.py::TestStaticFiles::test_find_with_glob PASSED        [ 70%]
[  201s] tests/test_django.py::TestStaticFiles::test_find_with_recursive_glob PASSED [ 76%]
[  201s] tests/test_django.py::TestStaticFiles::test_missing_file PASSED          [ 82%]
[  201s] tests/test_django.py::TestStaticFiles::test_serve_built_files PASSED     [ 88%]
[  201s] tests/test_django.py::TestStaticFiles::test_css_rewrite PASSED           [ 94%]
[  201s] tests/test_django.py::TestFilter::test_template PASSED                   [100%]
[  201s] 
[  201s] =============================== warnings summary ===============================
[  201s] tests/test_django.py::TestTemplateTag::test_reference_bundles
[  201s]   /usr/lib/python3.8/site-packages/_pytest/fixtures.py:900: PytestRemovedIn8Warning: Support for nose tests is deprecated and will be removed in a future release.
[  201s]   tests/test_django.py::TestTemplateTag::test_reference_bundles is using nose-specific method: `setup(self)`
[  201s]   To remove this warning, rename it to `setup_method(self)`
[  201s]   See docs: https://docs.pytest.org/en/stable/deprecations.html#support-for-tests-written-for-nose
[  201s]     fixture_result = next(generator)
[  201s] 
[  201s] tests/test_django.py::TestTemplateTag::test_reference_bundles
[  201s]   /usr/lib/python3.8/site-packages/_pytest/fixtures.py:916: PytestRemovedIn8Warning: Support for nose tests is deprecated and will be removed in a future release.
[  201s]   tests/test_django.py::TestTemplateTag::test_reference_bundles is using nose-specific method: `teardown(self)`
[  201s]   To remove this warning, rename it to `teardown_method(self)`
[  201s]   See docs: https://docs.pytest.org/en/stable/deprecations.html#support-for-tests-written-for-nose
[  201s]     next(it)
[  201s] 
[  201s] tests/test_django.py::TestTemplateTag::test_reference_files
[  201s]   /usr/lib/python3.8/site-packages/_pytest/fixtures.py:900: PytestRemovedIn8Warning: Support for nose tests is deprecated and will be removed in a future release.
[  201s]   tests/test_django.py::TestTemplateTag::test_reference_files is using nose-specific method: `setup(self)`
[  201s]   To remove this warning, rename it to `setup_method(self)`
[  201s]   See docs: https://docs.pytest.org/en/stable/deprecations.html#support-for-tests-written-for-nose
[  201s]     fixture_result = next(generator)
[  201s] 
[  201s] tests/test_django.py::TestTemplateTag::test_reference_files
[  201s]   /usr/lib/python3.8/site-packages/_pytest/fixtures.py:916: PytestRemovedIn8Warning: Support for nose tests is deprecated and will be removed in a future release.
[  201s]   tests/test_django.py::TestTemplateTag::test_reference_files is using nose-specific method: `teardown(self)`
[  201s]   To remove this warning, rename it to `teardown_method(self)`
[  201s]   See docs: https://docs.pytest.org/en/stable/deprecations.html#support-for-tests-written-for-nose
[  201s]     next(it)
[  201s] 
[  201s] tests/test_django.py::TestTemplateTag::test_reference_mixed
[  201s]   /usr/lib/python3.8/site-packages/_pytest/fixtures.py:900: PytestRemovedIn8Warning: Support for nose tests is deprecated and will be removed in a future release.
[  201s]   tests/test_django.py::TestTemplateTag::test_reference_mixed is using nose-specific method: `setup(self)`
[  201s]   To remove this warning, rename it to `setup_method(self)`
[  201s]   See docs: https://docs.pytest.org/en/stable/deprecations.html#support-for-tests-written-for-nose
[  201s]     fixture_result = next(generator)
[  201s] 
[  201s] tests/test_django.py::TestTemplateTag::test_reference_mixed
[  201s]   /usr/lib/python3.8/site-packages/_pytest/fixtures.py:916: PytestRemovedIn8Warning: Support for nose tests is deprecated and will be removed in a future release.
[  201s]   tests/test_django.py::TestTemplateTag::test_reference_mixed is using nose-specific method: `teardown(self)`
[  201s]   To remove this warning, rename it to `teardown_method(self)`
[  201s]   See docs: https://docs.pytest.org/en/stable/deprecations.html#support-for-tests-written-for-nose
[  201s]     next(it)
[  201s] 
[  201s] tests/test_django.py::TestTemplateTag::test_with_vars
[  201s]   /usr/lib/python3.8/site-packages/_pytest/fixtures.py:900: PytestRemovedIn8Warning: Support for nose tests is deprecated and will be removed in a future release.
[  201s]   tests/test_django.py::TestTemplateTag::test_with_vars is using nose-specific method: `setup(self)`
[  201s]   To remove this warning, rename it to `setup_method(self)`
[  201s]   See docs: https://docs.pytest.org/en/stable/deprecations.html#support-for-tests-written-for-nose
[  201s]     fixture_result = next(generator)
[  201s] 
[  201s] tests/test_django.py::TestTemplateTag::test_with_vars
[  201s]   /usr/lib/python3.8/site-packages/_pytest/fixtures.py:916: PytestRemovedIn8Warning: Support for nose tests is deprecated and will be removed in a future release.
[  201s]   tests/test_django.py::TestTemplateTag::test_with_vars is using nose-specific method: `teardown(self)`
[  201s]   To remove this warning, rename it to `teardown_method(self)`
[  201s]   See docs: https://docs.pytest.org/en/stable/deprecations.html#support-for-tests-written-for-nose
[  201s]     next(it)
[  201s] 
[  201s] tests/test_django.py::TestTemplateTag::test_debug_option
[  201s]   /usr/lib/python3.8/site-packages/_pytest/fixtures.py:900: PytestRemovedIn8Warning: Support for nose tests is deprecated and will be removed in a future release.
[  201s]   tests/test_django.py::TestTemplateTag::test_debug_option is using nose-specific method: `setup(self)`
[  201s]   To remove this warning, rename it to `setup_method(self)`
[  201s]   See docs: https://docs.pytest.org/en/stable/deprecations.html#support-for-tests-written-for-nose
[  201s]     fixture_result = next(generator)
[  201s] 
[  201s] tests/test_django.py::TestTemplateTag::test_debug_option
[  201s]   /usr/lib/python3.8/site-packages/_pytest/fixtures.py:916: PytestRemovedIn8Warning: Support for nose tests is deprecated and will be removed in a future release.
[  201s]   tests/test_django.py::TestTemplateTag::test_debug_option is using nose-specific method: `teardown(self)`
[  201s]   To remove this warning, rename it to `teardown_method(self)`
[  201s]   See docs: https://docs.pytest.org/en/stable/deprecations.html#support-for-tests-written-for-nose
[  201s]     next(it)
[  201s] 
[  201s] tests/test_django.py::TestTemplateTag::test_with_no_commas
[  201s]   /usr/lib/python3.8/site-packages/_pytest/fixtures.py:900: PytestRemovedIn8Warning: Support for nose tests is deprecated and will be removed in a future release.
[  201s]   tests/test_django.py::TestTemplateTag::test_with_no_commas is using nose-specific method: `setup(self)`
[  201s]   To remove this warning, rename it to `setup_method(self)`
[  201s]   See docs: https://docs.pytest.org/en/stable/deprecations.html#support-for-tests-written-for-nose
[  201s]     fixture_result = next(generator)
[  201s] 
[  201s] tests/test_django.py::TestTemplateTag::test_with_no_commas
[  201s]   /usr/lib/python3.8/site-packages/_pytest/fixtures.py:916: PytestRemovedIn8Warning: Support for nose tests is deprecated and will be removed in a future release.
[  201s]   tests/test_django.py::TestTemplateTag::test_with_no_commas is using nose-specific method: `teardown(self)`
[  201s]   To remove this warning, rename it to `teardown_method(self)`
[  201s]   See docs: https://docs.pytest.org/en/stable/deprecations.html#support-for-tests-written-for-nose
[  201s]     next(it)
[  201s] 
[  201s] tests/test_django.py::TestTemplateTag::test_output_urls
[  201s]   /usr/lib/python3.8/site-packages/_pytest/fixtures.py:900: PytestRemovedIn8Warning: Support for nose tests is deprecated and will be removed in a future release.
[  201s]   tests/test_django.py::TestTemplateTag::test_output_urls is using nose-specific method: `setup(self)`
[  201s]   To remove this warning, rename it to `setup_method(self)`
[  201s]   See docs: https://docs.pytest.org/en/stable/deprecations.html#support-for-tests-written-for-nose
[  201s]     fixture_result = next(generator)
[  201s] 
[  201s] tests/test_django.py::TestTemplateTag::test_output_urls
[  201s]   /usr/lib/python3.8/site-packages/_pytest/fixtures.py:916: PytestRemovedIn8Warning: Support for nose tests is deprecated and will be removed in a future release.
[  201s]   tests/test_django.py::TestTemplateTag::test_output_urls is using nose-specific method: `teardown(self)`
[  201s]   To remove this warning, rename it to `teardown_method(self)`
[  201s]   See docs: https://docs.pytest.org/en/stable/deprecations.html#support-for-tests-written-for-nose
[  201s]     next(it)
[  201s] 
[  201s] tests/test_django.py::TestStaticFiles::test_build
[  201s]   /usr/lib/python3.8/site-packages/_pytest/fixtures.py:900: PytestRemovedIn8Warning: Support for nose tests is deprecated and will be removed in a future release.
[  201s]   tests/test_django.py::TestStaticFiles::test_build is using nose-specific method: `setup(self)`
[  201s]   To remove this warning, rename it to `setup_method(self)`
[  201s]   See docs: https://docs.pytest.org/en/stable/deprecations.html#support-for-tests-written-for-nose
[  201s]     fixture_result = next(generator)
[  201s] 
[  201s] tests/test_django.py::TestStaticFiles::test_build
[  201s]   /usr/lib/python3.8/site-packages/_pytest/fixtures.py:916: PytestRemovedIn8Warning: Support for nose tests is deprecated and will be removed in a future release.
[  201s]   tests/test_django.py::TestStaticFiles::test_build is using nose-specific method: `teardown(self)`
[  201s]   To remove this warning, rename it to `teardown_method(self)`
[  201s]   See docs: https://docs.pytest.org/en/stable/deprecations.html#support-for-tests-written-for-nose
[  201s]     next(it)
[  201s] 
[  201s] tests/test_django.py::TestStaticFiles::test_build_nodebug
[  201s]   /usr/lib/python3.8/site-packages/_pytest/fixtures.py:900: PytestRemovedIn8Warning: Support for nose tests is deprecated and will be removed in a future release.
[  201s]   tests/test_django.py::TestStaticFiles::test_build_nodebug is using nose-specific method: `setup(self)`
[  201s]   To remove this warning, rename it to `setup_method(self)`
[  201s]   See docs: https://docs.pytest.org/en/stable/deprecations.html#support-for-tests-written-for-nose
[  201s]     fixture_result = next(generator)
[  201s] 
[  201s] tests/test_django.py::TestStaticFiles::test_build_nodebug
[  201s]   /usr/lib/python3.8/site-packages/_pytest/fixtures.py:916: PytestRemovedIn8Warning: Support for nose tests is deprecated and will be removed in a future release.
[  201s]   tests/test_django.py::TestStaticFiles::test_build_nodebug is using nose-specific method: `teardown(self)`
[  201s]   To remove this warning, rename it to `teardown_method(self)`
[  201s]   See docs: https://docs.pytest.org/en/stable/deprecations.html#support-for-tests-written-for-nose
[  201s]     next(it)
[  201s] 
[  201s] tests/test_django.py::TestStaticFiles::test_find_with_glob
[  201s]   /usr/lib/python3.8/site-packages/_pytest/fixtures.py:900: PytestRemovedIn8Warning: Support for nose tests is deprecated and will be removed in a future release.
[  201s]   tests/test_django.py::TestStaticFiles::test_find_with_glob is using nose-specific method: `setup(self)`
[  201s]   To remove this warning, rename it to `setup_method(self)`
[  201s]   See docs: https://docs.pytest.org/en/stable/deprecations.html#support-for-tests-written-for-nose
[  201s]     fixture_result = next(generator)
[  201s] 
[  201s] tests/test_django.py::TestStaticFiles::test_find_with_glob
[  201s]   /home/abuild/rpmbuild/BUILDROOT/python-django-assets-2.0-4.2.riscv64/usr/lib/python3.8/site-packages/django_assets/glob.py:60: DeprecationWarning: Flags not at the start of the expression 'file(.)\\Z(?ms)'
[  201s]     _cache[pat] = re.compile(res)
[  201s] 
[  201s] tests/test_django.py::TestStaticFiles::test_find_with_glob
[  201s]   /usr/lib/python3.8/site-packages/_pytest/fixtures.py:916: PytestRemovedIn8Warning: Support for nose tests is deprecated and will be removed in a future release.
[  201s]   tests/test_django.py::TestStaticFiles::test_find_with_glob is using nose-specific method: `teardown(self)`
[  201s]   To remove this warning, rename it to `teardown_method(self)`
[  201s]   See docs: https://docs.pytest.org/en/stable/deprecations.html#support-for-tests-written-for-nose
[  201s]     next(it)
[  201s] 
[  201s] tests/test_django.py::TestStaticFiles::test_find_with_recursive_glob
[  201s]   /usr/lib/python3.8/site-packages/_pytest/fixtures.py:900: PytestRemovedIn8Warning: Support for nose tests is deprecated and will be removed in a future release.
[  201s]   tests/test_django.py::TestStaticFiles::test_find_with_recursive_glob is using nose-specific method: `setup(self)`
[  201s]   To remove this warning, rename it to `setup_method(self)`
[  201s]   See docs: https://docs.pytest.org/en/stable/deprecations.html#support-for-tests-written-for-nose
[  201s]     fixture_result = next(generator)
[  201s] 
[  201s] tests/test_django.py::TestStaticFiles::test_find_with_recursive_glob
[  201s]   /home/abuild/rpmbuild/BUILDROOT/python-django-assets-2.0-4.2.riscv64/usr/lib/python3.8/site-packages/django_assets/glob.py:60: DeprecationWarning: Flags not at the start of the expression '(.*)\\Z(?ms)'
[  201s]     _cache[pat] = re.compile(res)
[  201s] 
[  201s] tests/test_django.py::TestStaticFiles::test_find_with_recursive_glob
[  201s]   /home/abuild/rpmbuild/BUILDROOT/python-django-assets-2.0-4.2.riscv64/usr/lib/python3.8/site-packages/django_assets/glob.py:60: DeprecationWarning: Flags not at the start of the expression '(.*)\\.js\\Z(?ms)'
[  201s]     _cache[pat] = re.compile(res)
[  201s] 
[  201s] tests/test_django.py::TestStaticFiles::test_find_with_recursive_glob
[  201s]   /usr/lib/python3.8/site-packages/_pytest/fixtures.py:916: PytestRemovedIn8Warning: Support for nose tests is deprecated and will be removed in a future release.
[  201s]   tests/test_django.py::TestStaticFiles::test_find_with_recursive_glob is using nose-specific method: `teardown(self)`
[  201s]   To remove this warning, rename it to `teardown_method(self)`
[  201s]   See docs: https://docs.pytest.org/en/stable/deprecations.html#support-for-tests-written-for-nose
[  201s]     next(it)
[  201s] 
[  201s] tests/test_django.py::TestStaticFiles::test_missing_file
[  201s]   /usr/lib/python3.8/site-packages/_pytest/fixtures.py:900: PytestRemovedIn8Warning: Support for nose tests is deprecated and will be removed in a future release.
[  201s]   tests/test_django.py::TestStaticFiles::test_missing_file is using nose-specific method: `setup(self)`
[  201s]   To remove this warning, rename it to `setup_method(self)`
[  201s]   See docs: https://docs.pytest.org/en/stable/deprecations.html#support-for-tests-written-for-nose
[  201s]     fixture_result = next(generator)
[  201s] 
[  201s] tests/test_django.py::TestStaticFiles::test_missing_file
[  201s]   /usr/lib/python3.8/site-packages/_pytest/fixtures.py:916: PytestRemovedIn8Warning: Support for nose tests is deprecated and will be removed in a future release.
[  201s]   tests/test_django.py::TestStaticFiles::test_missing_file is using nose-specific method: `teardown(self)`
[  201s]   To remove this warning, rename it to `teardown_method(self)`
[  201s]   See docs: https://docs.pytest.org/en/stable/deprecations.html#support-for-tests-written-for-nose
[  201s]     next(it)
[  201s] 
[  201s] tests/test_django.py::TestStaticFiles::test_serve_built_files
[  201s]   /usr/lib/python3.8/site-packages/_pytest/fixtures.py:900: PytestRemovedIn8Warning: Support for nose tests is deprecated and will be removed in a future release.
[  201s]   tests/test_django.py::TestStaticFiles::test_serve_built_files is using nose-specific method: `setup(self)`
[  201s]   To remove this warning, rename it to `setup_method(self)`
[  201s]   See docs: https://docs.pytest.org/en/stable/deprecations.html#support-for-tests-written-for-nose
[  201s]     fixture_result = next(generator)
[  201s] 
[  201s] tests/test_django.py::TestStaticFiles::test_serve_built_files
[  201s]   /usr/lib/python3.8/site-packages/_pytest/fixtures.py:916: PytestRemovedIn8Warning: Support for nose tests is deprecated and will be removed in a future release.
[  201s]   tests/test_django.py::TestStaticFiles::test_serve_built_files is using nose-specific method: `teardown(self)`
[  201s]   To remove this warning, rename it to `teardown_method(self)`
[  201s]   See docs: https://docs.pytest.org/en/stable/deprecations.html#support-for-tests-written-for-nose
[  201s]     next(it)
[  201s] 
[  201s] tests/test_django.py::TestStaticFiles::test_css_rewrite
[  201s]   /usr/lib/python3.8/site-packages/_pytest/fixtures.py:900: PytestRemovedIn8Warning: Support for nose tests is deprecated and will be removed in a future release.
[  201s]   tests/test_django.py::TestStaticFiles::test_css_rewrite is using nose-specific method: `setup(self)`
[  201s]   To remove this warning, rename it to `setup_method(self)`
[  201s]   See docs: https://docs.pytest.org/en/stable/deprecations.html#support-for-tests-written-for-nose
[  201s]     fixture_result = next(generator)
[  201s] 
[  201s] tests/test_django.py::TestStaticFiles::test_css_rewrite
[  201s]   /usr/lib/python3.8/site-packages/_pytest/fixtures.py:916: PytestRemovedIn8Warning: Support for nose tests is deprecated and will be removed in a future release.
[  201s]   tests/test_django.py::TestStaticFiles::test_css_rewrite is using nose-specific method: `teardown(self)`
[  201s]   To remove this warning, rename it to `teardown_method(self)`
[  201s]   See docs: https://docs.pytest.org/en/stable/deprecations.html#support-for-tests-written-for-nose
[  201s]     next(it)
[  201s] 
[  201s] tests/test_django.py::TestFilter::test_template
[  201s]   /usr/lib/python3.8/site-packages/_pytest/fixtures.py:900: PytestRemovedIn8Warning: Support for nose tests is deprecated and will be removed in a future release.
[  201s]   tests/test_django.py::TestFilter::test_template is using nose-specific method: `setup(self)`
[  201s]   To remove this warning, rename it to `setup_method(self)`
[  201s]   See docs: https://docs.pytest.org/en/stable/deprecations.html#support-for-tests-written-for-nose
[  201s]     fixture_result = next(generator)
[  201s] 
[  201s] tests/test_django.py::TestFilter::test_template
[  201s]   /usr/lib/python3.8/site-packages/_pytest/fixtures.py:916: PytestRemovedIn8Warning: Support for nose tests is deprecated and will be removed in a future release.
[  201s]   tests/test_django.py::TestFilter::test_template is using nose-specific method: `teardown(self)`
[  201s]   To remove this warning, rename it to `teardown_method(self)`
[  201s]   See docs: https://docs.pytest.org/en/stable/deprecations.html#support-for-tests-written-for-nose
[  201s]     next(it)
[  201s] 
[  201s] -- Docs: https://docs.pytest.org/en/stable/how-to/capture-warnings.html
[  201s] ================ 17 passed, 2 deselected, 33 warnings in 2.23s =================
[  201s] ++ '[' -f _current_flavor ']'
[  201s] ++ cat _current_flavor
[  201s] + last_flavor=python38
[  201s] + '[' -z python38 ']'
[  201s] + '[' python38 '!=' python39 ']'
[  201s] + '[' -d build ']'
[  201s] + mv build _build.python38
[  201s] + '[' -d _build.python39 ']'
[  201s] + mv _build.python39 build
[  201s] + echo python39
[  201s] + python_flavor=python39
[  201s] + PYTHONPATH=/home/abuild/rpmbuild/BUILDROOT/python-django-assets-2.0-4.2.riscv64/usr/lib/python3.9/site-packages
[  201s] + PYTHONDONTWRITEBYTECODE=1
[  201s] + pytest-3.9 --ignore=_build.python38 --ignore=_build.python39 --ignore=_build.python311 --ignore=_build.python310 -v -k 'not TestLoader'
[  206s] ============================= test session starts ==============================
[  206s] platform linux -- Python 3.9.16, pytest-7.2.0, pluggy-1.0.0 -- /usr/bin/python3.9
[  206s] cachedir: .pytest_cache
[  206s] rootdir: /home/abuild/rpmbuild/BUILD/django-assets-2.0
[  206s] plugins: django-assets-2.0
[  207s] collecting ... collected 19 items / 2 deselected / 17 selected
[  207s] 
[  207s] tests/test_django.py::TestConfig::test_default_options PASSED            [  5%]
[  207s] tests/test_django.py::TestConfig::test_custom_options PASSED             [ 11%]
[  207s] tests/test_django.py::TestTemplateTag::test_reference_bundles PASSED     [ 17%]
[  207s] tests/test_django.py::TestTemplateTag::test_reference_files PASSED       [ 23%]
[  207s] tests/test_django.py::TestTemplateTag::test_reference_mixed PASSED       [ 29%]
[  207s] tests/test_django.py::TestTemplateTag::test_with_vars PASSED             [ 35%]
[  207s] tests/test_django.py::TestTemplateTag::test_debug_option PASSED          [ 41%]
[  207s] tests/test_django.py::TestTemplateTag::test_with_no_commas PASSED        [ 47%]
[  207s] tests/test_django.py::TestTemplateTag::test_output_urls PASSED           [ 52%]
[  207s] tests/test_django.py::TestStaticFiles::test_build PASSED                 [ 58%]
[  208s] tests/test_django.py::TestStaticFiles::test_build_nodebug PASSED         [ 64%]
[  208s] tests/test_django.py::TestStaticFiles::test_find_with_glob PASSED        [ 70%]
[  208s] tests/test_django.py::TestStaticFiles::test_find_with_recursive_glob PASSED [ 76%]
[  208s] tests/test_django.py::TestStaticFiles::test_missing_file PASSED          [ 82%]
[  208s] tests/test_django.py::TestStaticFiles::test_serve_built_files PASSED     [ 88%]
[  208s] tests/test_django.py::TestStaticFiles::test_css_rewrite PASSED           [ 94%]
[  208s] tests/test_django.py::TestFilter::test_template PASSED                   [100%]
[  208s] 
[  208s] =============================== warnings summary ===============================
[  208s] tests/test_django.py::TestTemplateTag::test_reference_bundles
[  208s]   /usr/lib/python3.9/site-packages/_pytest/fixtures.py:900: PytestRemovedIn8Warning: Support for nose tests is deprecated and will be removed in a future release.
[  208s]   tests/test_django.py::TestTemplateTag::test_reference_bundles is using nose-specific method: `setup(self)`
[  208s]   To remove this warning, rename it to `setup_method(self)`
[  208s]   See docs: https://docs.pytest.org/en/stable/deprecations.html#support-for-tests-written-for-nose
[  208s]     fixture_result = next(generator)
[  208s] 
[  208s] tests/test_django.py::TestTemplateTag::test_reference_bundles
[  208s]   /usr/lib/python3.9/site-packages/_pytest/fixtures.py:916: PytestRemovedIn8Warning: Support for nose tests is deprecated and will be removed in a future release.
[  208s]   tests/test_django.py::TestTemplateTag::test_reference_bundles is using nose-specific method: `teardown(self)`
[  208s]   To remove this warning, rename it to `teardown_method(self)`
[  208s]   See docs: https://docs.pytest.org/en/stable/deprecations.html#support-for-tests-written-for-nose
[  208s]     next(it)
[  208s] 
[  208s] tests/test_django.py::TestTemplateTag::test_reference_files
[  208s]   /usr/lib/python3.9/site-packages/_pytest/fixtures.py:900: PytestRemovedIn8Warning: Support for nose tests is deprecated and will be removed in a future release.
[  208s]   tests/test_django.py::TestTemplateTag::test_reference_files is using nose-specific method: `setup(self)`
[  208s]   To remove this warning, rename it to `setup_method(self)`
[  208s]   See docs: https://docs.pytest.org/en/stable/deprecations.html#support-for-tests-written-for-nose
[  208s]     fixture_result = next(generator)
[  208s] 
[  208s] tests/test_django.py::TestTemplateTag::test_reference_files
[  208s]   /usr/lib/python3.9/site-packages/_pytest/fixtures.py:916: PytestRemovedIn8Warning: Support for nose tests is deprecated and will be removed in a future release.
[  208s]   tests/test_django.py::TestTemplateTag::test_reference_files is using nose-specific method: `teardown(self)`
[  208s]   To remove this warning, rename it to `teardown_method(self)`
[  208s]   See docs: https://docs.pytest.org/en/stable/deprecations.html#support-for-tests-written-for-nose
[  208s]     next(it)
[  208s] 
[  208s] tests/test_django.py::TestTemplateTag::test_reference_mixed
[  208s]   /usr/lib/python3.9/site-packages/_pytest/fixtures.py:900: PytestRemovedIn8Warning: Support for nose tests is deprecated and will be removed in a future release.
[  208s]   tests/test_django.py::TestTemplateTag::test_reference_mixed is using nose-specific method: `setup(self)`
[  208s]   To remove this warning, rename it to `setup_method(self)`
[  208s]   See docs: https://docs.pytest.org/en/stable/deprecations.html#support-for-tests-written-for-nose
[  208s]     fixture_result = next(generator)
[  208s] 
[  208s] tests/test_django.py::TestTemplateTag::test_reference_mixed
[  208s]   /usr/lib/python3.9/site-packages/_pytest/fixtures.py:916: PytestRemovedIn8Warning: Support for nose tests is deprecated and will be removed in a future release.
[  208s]   tests/test_django.py::TestTemplateTag::test_reference_mixed is using nose-specific method: `teardown(self)`
[  208s]   To remove this warning, rename it to `teardown_method(self)`
[  208s]   See docs: https://docs.pytest.org/en/stable/deprecations.html#support-for-tests-written-for-nose
[  208s]     next(it)
[  208s] 
[  208s] tests/test_django.py::TestTemplateTag::test_with_vars
[  208s]   /usr/lib/python3.9/site-packages/_pytest/fixtures.py:900: PytestRemovedIn8Warning: Support for nose tests is deprecated and will be removed in a future release.
[  208s]   tests/test_django.py::TestTemplateTag::test_with_vars is using nose-specific method: `setup(self)`
[  208s]   To remove this warning, rename it to `setup_method(self)`
[  208s]   See docs: https://docs.pytest.org/en/stable/deprecations.html#support-for-tests-written-for-nose
[  208s]     fixture_result = next(generator)
[  208s] 
[  208s] tests/test_django.py::TestTemplateTag::test_with_vars
[  208s]   /usr/lib/python3.9/site-packages/_pytest/fixtures.py:916: PytestRemovedIn8Warning: Support for nose tests is deprecated and will be removed in a future release.
[  208s]   tests/test_django.py::TestTemplateTag::test_with_vars is using nose-specific method: `teardown(self)`
[  208s]   To remove this warning, rename it to `teardown_method(self)`
[  208s]   See docs: https://docs.pytest.org/en/stable/deprecations.html#support-for-tests-written-for-nose
[  208s]     next(it)
[  208s] 
[  208s] tests/test_django.py::TestTemplateTag::test_debug_option
[  208s]   /usr/lib/python3.9/site-packages/_pytest/fixtures.py:900: PytestRemovedIn8Warning: Support for nose tests is deprecated and will be removed in a future release.
[  208s]   tests/test_django.py::TestTemplateTag::test_debug_option is using nose-specific method: `setup(self)`
[  208s]   To remove this warning, rename it to `setup_method(self)`
[  208s]   See docs: https://docs.pytest.org/en/stable/deprecations.html#support-for-tests-written-for-nose
[  208s]     fixture_result = next(generator)
[  208s] 
[  208s] tests/test_django.py::TestTemplateTag::test_debug_option
[  208s]   /usr/lib/python3.9/site-packages/_pytest/fixtures.py:916: PytestRemovedIn8Warning: Support for nose tests is deprecated and will be removed in a future release.
[  208s]   tests/test_django.py::TestTemplateTag::test_debug_option is using nose-specific method: `teardown(self)`
[  208s]   To remove this warning, rename it to `teardown_method(self)`
[  208s]   See docs: https://docs.pytest.org/en/stable/deprecations.html#support-for-tests-written-for-nose
[  208s]     next(it)
[  208s] 
[  208s] tests/test_django.py::TestTemplateTag::test_with_no_commas
[  208s]   /usr/lib/python3.9/site-packages/_pytest/fixtures.py:900: PytestRemovedIn8Warning: Support for nose tests is deprecated and will be removed in a future release.
[  208s]   tests/test_django.py::TestTemplateTag::test_with_no_commas is using nose-specific method: `setup(self)`
[  208s]   To remove this warning, rename it to `setup_method(self)`
[  208s]   See docs: https://docs.pytest.org/en/stable/deprecations.html#support-for-tests-written-for-nose
[  208s]     fixture_result = next(generator)
[  208s] 
[  208s] tests/test_django.py::TestTemplateTag::test_with_no_commas
[  208s]   /usr/lib/python3.9/site-packages/_pytest/fixtures.py:916: PytestRemovedIn8Warning: Support for nose tests is deprecated and will be removed in a future release.
[  208s]   tests/test_django.py::TestTemplateTag::test_with_no_commas is using nose-specific method: `teardown(self)`
[  208s]   To remove this warning, rename it to `teardown_method(self)`
[  208s]   See docs: https://docs.pytest.org/en/stable/deprecations.html#support-for-tests-written-for-nose
[  208s]     next(it)
[  208s] 
[  208s] tests/test_django.py::TestTemplateTag::test_output_urls
[  208s]   /usr/lib/python3.9/site-packages/_pytest/fixtures.py:900: PytestRemovedIn8Warning: Support for nose tests is deprecated and will be removed in a future release.
[  208s]   tests/test_django.py::TestTemplateTag::test_output_urls is using nose-specific method: `setup(self)`
[  208s]   To remove this warning, rename it to `setup_method(self)`
[  208s]   See docs: https://docs.pytest.org/en/stable/deprecations.html#support-for-tests-written-for-nose
[  208s]     fixture_result = next(generator)
[  208s] 
[  208s] tests/test_django.py::TestTemplateTag::test_output_urls
[  208s]   /usr/lib/python3.9/site-packages/_pytest/fixtures.py:916: PytestRemovedIn8Warning: Support for nose tests is deprecated and will be removed in a future release.
[  208s]   tests/test_django.py::TestTemplateTag::test_output_urls is using nose-specific method: `teardown(self)`
[  208s]   To remove this warning, rename it to `teardown_method(self)`
[  208s]   See docs: https://docs.pytest.org/en/stable/deprecations.html#support-for-tests-written-for-nose
[  208s]     next(it)
[  208s] 
[  208s] tests/test_django.py::TestStaticFiles::test_build
[  208s]   /usr/lib/python3.9/site-packages/_pytest/fixtures.py:900: PytestRemovedIn8Warning: Support for nose tests is deprecated and will be removed in a future release.
[  208s]   tests/test_django.py::TestStaticFiles::test_build is using nose-specific method: `setup(self)`
[  208s]   To remove this warning, rename it to `setup_method(self)`
[  208s]   See docs: https://docs.pytest.org/en/stable/deprecations.html#support-for-tests-written-for-nose
[  208s]     fixture_result = next(generator)
[  208s] 
[  208s] tests/test_django.py::TestStaticFiles::test_build
[  208s]   /usr/lib/python3.9/site-packages/_pytest/fixtures.py:916: PytestRemovedIn8Warning: Support for nose tests is deprecated and will be removed in a future release.
[  208s]   tests/test_django.py::TestStaticFiles::test_build is using nose-specific method: `teardown(self)`
[  208s]   To remove this warning, rename it to `teardown_method(self)`
[  208s]   See docs: https://docs.pytest.org/en/stable/deprecations.html#support-for-tests-written-for-nose
[  208s]     next(it)
[  208s] 
[  208s] tests/test_django.py::TestStaticFiles::test_build_nodebug
[  208s]   /usr/lib/python3.9/site-packages/_pytest/fixtures.py:900: PytestRemovedIn8Warning: Support for nose tests is deprecated and will be removed in a future release.
[  208s]   tests/test_django.py::TestStaticFiles::test_build_nodebug is using nose-specific method: `setup(self)`
[  208s]   To remove this warning, rename it to `setup_method(self)`
[  208s]   See docs: https://docs.pytest.org/en/stable/deprecations.html#support-for-tests-written-for-nose
[  208s]     fixture_result = next(generator)
[  208s] 
[  208s] tests/test_django.py::TestStaticFiles::test_build_nodebug
[  208s]   /usr/lib/python3.9/site-packages/_pytest/fixtures.py:916: PytestRemovedIn8Warning: Support for nose tests is deprecated and will be removed in a future release.
[  208s]   tests/test_django.py::TestStaticFiles::test_build_nodebug is using nose-specific method: `teardown(self)`
[  208s]   To remove this warning, rename it to `teardown_method(self)`
[  208s]   See docs: https://docs.pytest.org/en/stable/deprecations.html#support-for-tests-written-for-nose
[  208s]     next(it)
[  208s] 
[  208s] tests/test_django.py::TestStaticFiles::test_find_with_glob
[  208s]   /usr/lib/python3.9/site-packages/_pytest/fixtures.py:900: PytestRemovedIn8Warning: Support for nose tests is deprecated and will be removed in a future release.
[  208s]   tests/test_django.py::TestStaticFiles::test_find_with_glob is using nose-specific method: `setup(self)`
[  208s]   To remove this warning, rename it to `setup_method(self)`
[  208s]   See docs: https://docs.pytest.org/en/stable/deprecations.html#support-for-tests-written-for-nose
[  208s]     fixture_result = next(generator)
[  208s] 
[  208s] tests/test_django.py::TestStaticFiles::test_find_with_glob
[  208s]   /home/abuild/rpmbuild/BUILDROOT/python-django-assets-2.0-4.2.riscv64/usr/lib/python3.9/site-packages/django_assets/glob.py:60: DeprecationWarning: Flags not at the start of the expression 'file(.)\\Z(?ms)' but at position 9
[  208s]     _cache[pat] = re.compile(res)
[  208s] 
[  208s] tests/test_django.py::TestStaticFiles::test_find_with_glob
[  208s]   /usr/lib/python3.9/site-packages/_pytest/fixtures.py:916: PytestRemovedIn8Warning: Support for nose tests is deprecated and will be removed in a future release.
[  208s]   tests/test_django.py::TestStaticFiles::test_find_with_glob is using nose-specific method: `teardown(self)`
[  208s]   To remove this warning, rename it to `teardown_method(self)`
[  208s]   See docs: https://docs.pytest.org/en/stable/deprecations.html#support-for-tests-written-for-nose
[  208s]     next(it)
[  208s] 
[  208s] tests/test_django.py::TestStaticFiles::test_find_with_recursive_glob
[  208s]   /usr/lib/python3.9/site-packages/_pytest/fixtures.py:900: PytestRemovedIn8Warning: Support for nose tests is deprecated and will be removed in a future release.
[  208s]   tests/test_django.py::TestStaticFiles::test_find_with_recursive_glob is using nose-specific method: `setup(self)`
[  208s]   To remove this warning, rename it to `setup_method(self)`
[  208s]   See docs: https://docs.pytest.org/en/stable/deprecations.html#support-for-tests-written-for-nose
[  208s]     fixture_result = next(generator)
[  208s] 
[  208s] tests/test_django.py::TestStaticFiles::test_find_with_recursive_glob
[  208s]   /home/abuild/rpmbuild/BUILDROOT/python-django-assets-2.0-4.2.riscv64/usr/lib/python3.9/site-packages/django_assets/glob.py:60: DeprecationWarning: Flags not at the start of the expression '(.*)\\Z(?ms)' but at position 6
[  208s]     _cache[pat] = re.compile(res)
[  208s] 
[  208s] tests/test_django.py::TestStaticFiles::test_find_with_recursive_glob
[  208s]   /home/abuild/rpmbuild/BUILDROOT/python-django-assets-2.0-4.2.riscv64/usr/lib/python3.9/site-packages/django_assets/glob.py:60: DeprecationWarning: Flags not at the start of the expression '(.*)\\.js\\Z(?ms)' but at position 10
[  208s]     _cache[pat] = re.compile(res)
[  208s] 
[  208s] tests/test_django.py::TestStaticFiles::test_find_with_recursive_glob
[  208s]   /usr/lib/python3.9/site-packages/_pytest/fixtures.py:916: PytestRemovedIn8Warning: Support for nose tests is deprecated and will be removed in a future release.
[  208s]   tests/test_django.py::TestStaticFiles::test_find_with_recursive_glob is using nose-specific method: `teardown(self)`
[  208s]   To remove this warning, rename it to `teardown_method(self)`
[  208s]   See docs: https://docs.pytest.org/en/stable/deprecations.html#support-for-tests-written-for-nose
[  208s]     next(it)
[  208s] 
[  208s] tests/test_django.py::TestStaticFiles::test_missing_file
[  208s]   /usr/lib/python3.9/site-packages/_pytest/fixtures.py:900: PytestRemovedIn8Warning: Support for nose tests is deprecated and will be removed in a future release.
[  208s]   tests/test_django.py::TestStaticFiles::test_missing_file is using nose-specific method: `setup(self)`
[  208s]   To remove this warning, rename it to `setup_method(self)`
[  208s]   See docs: https://docs.pytest.org/en/stable/deprecations.html#support-for-tests-written-for-nose
[  208s]     fixture_result = next(generator)
[  208s] 
[  208s] tests/test_django.py::TestStaticFiles::test_missing_file
[  208s]   /usr/lib/python3.9/site-packages/_pytest/fixtures.py:916: PytestRemovedIn8Warning: Support for nose tests is deprecated and will be removed in a future release.
[  208s]   tests/test_django.py::TestStaticFiles::test_missing_file is using nose-specific method: `teardown(self)`
[  208s]   To remove this warning, rename it to `teardown_method(self)`
[  208s]   See docs: https://docs.pytest.org/en/stable/deprecations.html#support-for-tests-written-for-nose
[  208s]     next(it)
[  208s] 
[  208s] tests/test_django.py::TestStaticFiles::test_serve_built_files
[  208s]   /usr/lib/python3.9/site-packages/_pytest/fixtures.py:900: PytestRemovedIn8Warning: Support for nose tests is deprecated and will be removed in a future release.
[  208s]   tests/test_django.py::TestStaticFiles::test_serve_built_files is using nose-specific method: `setup(self)`
[  208s]   To remove this warning, rename it to `setup_method(self)`
[  208s]   See docs: https://docs.pytest.org/en/stable/deprecations.html#support-for-tests-written-for-nose
[  208s]     fixture_result = next(generator)
[  208s] 
[  208s] tests/test_django.py::TestStaticFiles::test_serve_built_files
[  208s]   /usr/lib/python3.9/site-packages/_pytest/fixtures.py:916: PytestRemovedIn8Warning: Support for nose tests is deprecated and will be removed in a future release.
[  208s]   tests/test_django.py::TestStaticFiles::test_serve_built_files is using nose-specific method: `teardown(self)`
[  208s]   To remove this warning, rename it to `teardown_method(self)`
[  208s]   See docs: https://docs.pytest.org/en/stable/deprecations.html#support-for-tests-written-for-nose
[  208s]     next(it)
[  208s] 
[  208s] tests/test_django.py::TestStaticFiles::test_css_rewrite
[  208s]   /usr/lib/python3.9/site-packages/_pytest/fixtures.py:900: PytestRemovedIn8Warning: Support for nose tests is deprecated and will be removed in a future release.
[  208s]   tests/test_django.py::TestStaticFiles::test_css_rewrite is using nose-specific method: `setup(self)`
[  208s]   To remove this warning, rename it to `setup_method(self)`
[  208s]   See docs: https://docs.pytest.org/en/stable/deprecations.html#support-for-tests-written-for-nose
[  208s]     fixture_result = next(generator)
[  208s] 
[  208s] tests/test_django.py::TestStaticFiles::test_css_rewrite
[  208s]   /usr/lib/python3.9/site-packages/_pytest/fixtures.py:916: PytestRemovedIn8Warning: Support for nose tests is deprecated and will be removed in a future release.
[  208s]   tests/test_django.py::TestStaticFiles::test_css_rewrite is using nose-specific method: `teardown(self)`
[  208s]   To remove this warning, rename it to `teardown_method(self)`
[  208s]   See docs: https://docs.pytest.org/en/stable/deprecations.html#support-for-tests-written-for-nose
[  208s]     next(it)
[  208s] 
[  208s] tests/test_django.py::TestFilter::test_template
[  208s]   /usr/lib/python3.9/site-packages/_pytest/fixtures.py:900: PytestRemovedIn8Warning: Support for nose tests is deprecated and will be removed in a future release.
[  208s]   tests/test_django.py::TestFilter::test_template is using nose-specific method: `setup(self)`
[  208s]   To remove this warning, rename it to `setup_method(self)`
[  208s]   See docs: https://docs.pytest.org/en/stable/deprecations.html#support-for-tests-written-for-nose
[  208s]     fixture_result = next(generator)
[  208s] 
[  208s] tests/test_django.py::TestFilter::test_template
[  208s]   /usr/lib/python3.9/site-packages/_pytest/fixtures.py:916: PytestRemovedIn8Warning: Support for nose tests is deprecated and will be removed in a future release.
[  208s]   tests/test_django.py::TestFilter::test_template is using nose-specific method: `teardown(self)`
[  208s]   To remove this warning, rename it to `teardown_method(self)`
[  208s]   See docs: https://docs.pytest.org/en/stable/deprecations.html#support-for-tests-written-for-nose
[  208s]     next(it)
[  208s] 
[  208s] -- Docs: https://docs.pytest.org/en/stable/how-to/capture-warnings.html
[  208s] ================ 17 passed, 2 deselected, 33 warnings in 1.97s =================
[  208s] ++ '[' -f _current_flavor ']'
[  208s] ++ cat _current_flavor
[  208s] + last_flavor=python39
[  208s] + '[' -z python39 ']'
[  208s] + '[' python39 '!=' python311 ']'
[  208s] + '[' -d build ']'
[  208s] + mv build _build.python39
[  208s] + '[' -d _build.python311 ']'
[  208s] + mv _build.python311 build
[  208s] + echo python311
[  208s] + python_flavor=python311
[  208s] + PYTHONPATH=/home/abuild/rpmbuild/BUILDROOT/python-django-assets-2.0-4.2.riscv64/usr/lib/python3.11/site-packages
[  208s] + PYTHONDONTWRITEBYTECODE=1
[  208s] + pytest-3.11 --ignore=_build.python38 --ignore=_build.python39 --ignore=_build.python311 --ignore=_build.python310 -v -k 'not TestLoader'
[  213s] ============================= test session starts ==============================
[  213s] platform linux -- Python 3.11.1, pytest-7.2.0, pluggy-1.0.0 -- /usr/bin/python3.11
[  213s] cachedir: .pytest_cache
[  213s] rootdir: /home/abuild/rpmbuild/BUILD/django-assets-2.0
[  213s] plugins: django-assets-2.0
[  214s] collecting ... collected 19 items / 2 deselected / 17 selected
[  214s] 
[  214s] tests/test_django.py::TestConfig::test_default_options PASSED            [  5%]
[  214s] tests/test_django.py::TestConfig::test_custom_options PASSED             [ 11%]
[  214s] tests/test_django.py::TestTemplateTag::test_reference_bundles PASSED     [ 17%]
[  214s] tests/test_django.py::TestTemplateTag::test_reference_files PASSED       [ 23%]
[  214s] tests/test_django.py::TestTemplateTag::test_reference_mixed PASSED       [ 29%]
[  214s] tests/test_django.py::TestTemplateTag::test_with_vars PASSED             [ 35%]
[  214s] tests/test_django.py::TestTemplateTag::test_debug_option PASSED          [ 41%]
[  214s] tests/test_django.py::TestTemplateTag::test_with_no_commas PASSED        [ 47%]
[  214s] tests/test_django.py::TestTemplateTag::test_output_urls PASSED           [ 52%]
[  214s] tests/test_django.py::TestStaticFiles::test_build PASSED                 [ 58%]
[  214s] tests/test_django.py::TestStaticFiles::test_build_nodebug PASSED         [ 64%]
[  217s] tests/test_django.py::TestStaticFiles::test_find_with_glob FAILED        [ 70%]
[  219s] tests/test_django.py::TestStaticFiles::test_find_with_recursive_glob FAILED [ 76%]
[  219s] tests/test_django.py::TestStaticFiles::test_missing_file PASSED          [ 82%]
[  219s] tests/test_django.py::TestStaticFiles::test_serve_built_files PASSED     [ 88%]
[  219s] tests/test_django.py::TestStaticFiles::test_css_rewrite PASSED           [ 94%]
[  219s] tests/test_django.py::TestFilter::test_template PASSED                   [100%]
[  219s] 
[  219s] =================================== FAILURES ===================================
[  219s] _____________________ TestStaticFiles.test_find_with_glob ______________________
[  219s] 
[  219s] self = <tests.test_django.TestStaticFiles object at 0x4004c2b4d0>
[  219s] 
[  219s]     def test_find_with_glob(self):
[  219s]         """Globs can be used across staticdirs."""
[  219s] >       self.mkbundle('file?', output="out").build()
[  219s] 
[  219s] tests/test_django.py:258: 
[  219s] _ _ _ _ _ _ _ _ _ _ _ _ _ _ _ _ _ _ _ _ _ _ _ _ _ _ _ _ _ _ _ _ _ _ _ _ _ _ _ _ 
[  219s] /usr/lib/python3.11/site-packages/webassets/bundle.py:681: in build
[  219s]     hunks.append(bundle._build(
[  219s] /usr/lib/python3.11/site-packages/webassets/bundle.py:618: in _build
[  219s]     hunk = self._merge_and_apply(
[  219s] /usr/lib/python3.11/site-packages/webassets/bundle.py:476: in _merge_and_apply
[  219s]     resolved_contents = self.resolve_contents(ctx, force=True)
[  219s] /usr/lib/python3.11/site-packages/webassets/bundle.py:235: in resolve_contents
[  219s]     result = ctx.resolver.resolve_source(ctx, item)
[  219s] /usr/lib/python3.11/site-packages/webassets/env.py:251: in resolve_source
[  219s]     return self.search_for_source(ctx, item)
[  219s] ../../BUILDROOT/python-django-assets-2.0-4.2.riscv64/usr/lib/python3.11/site-packages/django_assets/env.py:136: in search_for_source
[  219s]     return list(self.glob_staticfiles(item))
[  219s] ../../BUILDROOT/python-django-assets-2.0-4.2.riscv64/usr/lib/python3.11/site-packages/django_assets/env.py:128: in glob_staticfiles
[  219s]     for file in globber.glob(item):
[  219s] ../../BUILDROOT/python-django-assets-2.0-4.2.riscv64/usr/lib/python3.11/site-packages/django_assets/glob.py:171: in glob
[  219s]     return list(self.iglob(pathname, with_matches))
[  219s] ../../BUILDROOT/python-django-assets-2.0-4.2.riscv64/usr/lib/python3.11/site-packages/django_assets/glob.py:224: in _iglob
[  219s]     for name, groups in self.resolve_pattern(
[  219s] ../../BUILDROOT/python-django-assets-2.0-4.2.riscv64/usr/lib/python3.11/site-packages/django_assets/glob.py:277: in resolve_pattern
[  219s]     return fnmatch_filter(names, pattern)
[  219s] ../../BUILDROOT/python-django-assets-2.0-4.2.riscv64/usr/lib/python3.11/site-packages/django_assets/glob.py:60: in fnmatch_filter
[  219s]     _cache[pat] = re.compile(res)
[  219s] /usr/lib64/python3.11/re/__init__.py:227: in compile
[  219s]     return _compile(pattern, flags)
[  219s] /usr/lib64/python3.11/re/__init__.py:294: in _compile
[  219s]     p = _compiler.compile(pattern, flags)
[  219s] /usr/lib64/python3.11/re/_compiler.py:743: in compile
[  219s]     p = _parser.parse(p, flags)
[  219s] /usr/lib64/python3.11/re/_parser.py:980: in parse
[  219s]     p = _parse_sub(source, state, flags & SRE_FLAG_VERBOSE, 0)
[  219s] /usr/lib64/python3.11/re/_parser.py:455: in _parse_sub
[  219s]     itemsappend(_parse(source, state, verbose, nested + 1,
[  219s] _ _ _ _ _ _ _ _ _ _ _ _ _ _ _ _ _ _ _ _ _ _ _ _ _ _ _ _ _ _ _ _ _ _ _ _ _ _ _ _ 
[  219s] 
[  219s] source = <re._parser.Tokenizer object at 0x4004bc72d0>
[  219s] state = <re._parser.State object at 0x4004bc79d0>, verbose = 0, nested = 1
[  219s] first = True
[  219s] 
[  219s]     def _parse(source, state, verbose, nested, first=False):
[  219s]         # parse a simple pattern
[  219s]         subpattern = SubPattern(state)
[  219s]     
[  219s]         # precompute constants into local variables
[  219s]         subpatternappend = subpattern.append
[  219s]         sourceget = source.get
[  219s]         sourcematch = source.match
[  219s]         _len = len
[  219s]         _ord = ord
[  219s]     
[  219s]         while True:
[  219s]     
[  219s]             this = source.next
[  219s]             if this is None:
[  219s]                 break # end of pattern
[  219s]             if this in "|)":
[  219s]                 break # end of subpattern
[  219s]             sourceget()
[  219s]     
[  219s]             if verbose:
[  219s]                 # skip whitespace and comments
[  219s]                 if this in WHITESPACE:
[  219s]                     continue
[  219s]                 if this == "#":
[  219s]                     while True:
[  219s]                         this = sourceget()
[  219s]                         if this is None or this == "\n":
[  219s]                             break
[  219s]                     continue
[  219s]     
[  219s]             if this[0] == "\\":
[  219s]                 code = _escape(source, this, state)
[  219s]                 subpatternappend(code)
[  219s]     
[  219s]             elif this not in SPECIAL_CHARS:
[  219s]                 subpatternappend((LITERAL, _ord(this)))
[  219s]     
[  219s]             elif this == "[":
[  219s]                 here = source.tell() - 1
[  219s]                 # character set
[  219s]                 set = []
[  219s]                 setappend = set.append
[  219s]     ##          if sourcematch(":"):
[  219s]     ##              pass # handle character classes
[  219s]                 if source.next == '[':
[  219s]                     import warnings
[  219s]                     warnings.warn(
[  219s]                         'Possible nested set at position %d' % source.tell(),
[  219s]                         FutureWarning, stacklevel=nested + 6
[  219s]                     )
[  219s]                 negate = sourcematch("^")
[  219s]                 # check remaining characters
[  219s]                 while True:
[  219s]                     this = sourceget()
[  219s]                     if this is None:
[  219s]                         raise source.error("unterminated character set",
[  219s]                                            source.tell() - here)
[  219s]                     if this == "]" and set:
[  219s]                         break
[  219s]                     elif this[0] == "\\":
[  219s]                         code1 = _class_escape(source, this)
[  219s]                     else:
[  219s]                         if set and this in '-&~|' and source.next == this:
[  219s]                             import warnings
[  219s]                             warnings.warn(
[  219s]                                 'Possible set %s at position %d' % (
[  219s]                                     'difference' if this == '-' else
[  219s]                                     'intersection' if this == '&' else
[  219s]                                     'symmetric difference' if this == '~' else
[  219s]                                     'union',
[  219s]                                     source.tell() - 1),
[  219s]                                 FutureWarning, stacklevel=nested + 6
[  219s]                             )
[  219s]                         code1 = LITERAL, _ord(this)
[  219s]                     if sourcematch("-"):
[  219s]                         # potential range
[  219s]                         that = sourceget()
[  219s]                         if that is None:
[  219s]                             raise source.error("unterminated character set",
[  219s]                                                source.tell() - here)
[  219s]                         if that == "]":
[  219s]                             if code1[0] is IN:
[  219s]                                 code1 = code1[1][0]
[  219s]                             setappend(code1)
[  219s]                             setappend((LITERAL, _ord("-")))
[  219s]                             break
[  219s]                         if that[0] == "\\":
[  219s]                             code2 = _class_escape(source, that)
[  219s]                         else:
[  219s]                             if that == '-':
[  219s]                                 import warnings
[  219s]                                 warnings.warn(
[  219s]                                     'Possible set difference at position %d' % (
[  219s]                                         source.tell() - 2),
[  219s]                                     FutureWarning, stacklevel=nested + 6
[  219s]                                 )
[  219s]                             code2 = LITERAL, _ord(that)
[  219s]                         if code1[0] != LITERAL or code2[0] != LITERAL:
[  219s]                             msg = "bad character range %s-%s" % (this, that)
[  219s]                             raise source.error(msg, len(this) + 1 + len(that))
[  219s]                         lo = code1[1]
[  219s]                         hi = code2[1]
[  219s]                         if hi < lo:
[  219s]                             msg = "bad character range %s-%s" % (this, that)
[  219s]                             raise source.error(msg, len(this) + 1 + len(that))
[  219s]                         setappend((RANGE, (lo, hi)))
[  219s]                     else:
[  219s]                         if code1[0] is IN:
[  219s]                             code1 = code1[1][0]
[  219s]                         setappend(code1)
[  219s]     
[  219s]                 set = _uniq(set)
[  219s]                 # XXX: <fl> should move set optimization to compiler!
[  219s]                 if _len(set) == 1 and set[0][0] is LITERAL:
[  219s]                     # optimization
[  219s]                     if negate:
[  219s]                         subpatternappend((NOT_LITERAL, set[0][1]))
[  219s]                     else:
[  219s]                         subpatternappend(set[0])
[  219s]                 else:
[  219s]                     if negate:
[  219s]                         set.insert(0, (NEGATE, None))
[  219s]                     # charmap optimization can't be added here because
[  219s]                     # global flags still are not known
[  219s]                     subpatternappend((IN, set))
[  219s]     
[  219s]             elif this in REPEAT_CHARS:
[  219s]                 # repeat previous item
[  219s]                 here = source.tell()
[  219s]                 if this == "?":
[  219s]                     min, max = 0, 1
[  219s]                 elif this == "*":
[  219s]                     min, max = 0, MAXREPEAT
[  219s]     
[  219s]                 elif this == "+":
[  219s]                     min, max = 1, MAXREPEAT
[  219s]                 elif this == "{":
[  219s]                     if source.next == "}":
[  219s]                         subpatternappend((LITERAL, _ord(this)))
[  219s]                         continue
[  219s]     
[  219s]                     min, max = 0, MAXREPEAT
[  219s]                     lo = hi = ""
[  219s]                     while source.next in DIGITS:
[  219s]                         lo += sourceget()
[  219s]                     if sourcematch(","):
[  219s]                         while source.next in DIGITS:
[  219s]                             hi += sourceget()
[  219s]                     else:
[  219s]                         hi = lo
[  219s]                     if not sourcematch("}"):
[  219s]                         subpatternappend((LITERAL, _ord(this)))
[  219s]                         source.seek(here)
[  219s]                         continue
[  219s]     
[  219s]                     if lo:
[  219s]                         min = int(lo)
[  219s]                         if min >= MAXREPEAT:
[  219s]                             raise OverflowError("the repetition number is too large")
[  219s]                     if hi:
[  219s]                         max = int(hi)
[  219s]                         if max >= MAXREPEAT:
[  219s]                             raise OverflowError("the repetition number is too large")
[  219s]                         if max < min:
[  219s]                             raise source.error("min repeat greater than max repeat",
[  219s]                                                source.tell() - here)
[  219s]                 else:
[  219s]                     raise AssertionError("unsupported quantifier %r" % (char,))
[  219s]                 # figure out which item to repeat
[  219s]                 if subpattern:
[  219s]                     item = subpattern[-1:]
[  219s]                 else:
[  219s]                     item = None
[  219s]                 if not item or item[0][0] is AT:
[  219s]                     raise source.error("nothing to repeat",
[  219s]                                        source.tell() - here + len(this))
[  219s]                 if item[0][0] in _REPEATCODES:
[  219s]                     raise source.error("multiple repeat",
[  219s]                                        source.tell() - here + len(this))
[  219s]                 if item[0][0] is SUBPATTERN:
[  219s]                     group, add_flags, del_flags, p = item[0][1]
[  219s]                     if group is None and not add_flags and not del_flags:
[  219s]                         item = p
[  219s]                 if sourcematch("?"):
[  219s]                     # Non-Greedy Match
[  219s]                     subpattern[-1] = (MIN_REPEAT, (min, max, item))
[  219s]                 elif sourcematch("+"):
[  219s]                     # Possessive Match (Always Greedy)
[  219s]                     subpattern[-1] = (POSSESSIVE_REPEAT, (min, max, item))
[  219s]                 else:
[  219s]                     # Greedy Match
[  219s]                     subpattern[-1] = (MAX_REPEAT, (min, max, item))
[  219s]     
[  219s]             elif this == ".":
[  219s]                 subpatternappend((ANY, None))
[  219s]     
[  219s]             elif this == "(":
[  219s]                 start = source.tell() - 1
[  219s]                 capture = True
[  219s]                 atomic = False
[  219s]                 name = None
[  219s]                 add_flags = 0
[  219s]                 del_flags = 0
[  219s]                 if sourcematch("?"):
[  219s]                     # options
[  219s]                     char = sourceget()
[  219s]                     if char is None:
[  219s]                         raise source.error("unexpected end of pattern")
[  219s]                     if char == "P":
[  219s]                         # python extensions
[  219s]                         if sourcematch("<"):
[  219s]                             # named group: skip forward to end of name
[  219s]                             name = source.getuntil(">", "group name")
[  219s]                             source.checkgroupname(name, 1, nested)
[  219s]                         elif sourcematch("="):
[  219s]                             # named backreference
[  219s]                             name = source.getuntil(")", "group name")
[  219s]                             source.checkgroupname(name, 1, nested)
[  219s]                             gid = state.groupdict.get(name)
[  219s]                             if gid is None:
[  219s]                                 msg = "unknown group name %r" % name
[  219s]                                 raise source.error(msg, len(name) + 1)
[  219s]                             if not state.checkgroup(gid):
[  219s]                                 raise source.error("cannot refer to an open group",
[  219s]                                                    len(name) + 1)
[  219s]                             state.checklookbehindgroup(gid, source)
[  219s]                             subpatternappend((GROUPREF, gid))
[  219s]                             continue
[  219s]     
[  219s]                         else:
[  219s]                             char = sourceget()
[  219s]                             if char is None:
[  219s]                                 raise source.error("unexpected end of pattern")
[  219s]                             raise source.error("unknown extension ?P" + char,
[  219s]                                                len(char) + 2)
[  219s]                     elif char == ":":
[  219s]                         # non-capturing group
[  219s]                         capture = False
[  219s]                     elif char == "#":
[  219s]                         # comment
[  219s]                         while True:
[  219s]                             if source.next is None:
[  219s]                                 raise source.error("missing ), unterminated comment",
[  219s]                                                    source.tell() - start)
[  219s]                             if sourceget() == ")":
[  219s]                                 break
[  219s]                         continue
[  219s]     
[  219s]                     elif char in "=!<":
[  219s]                         # lookahead assertions
[  219s]                         dir = 1
[  219s]                         if char == "<":
[  219s]                             char = sourceget()
[  219s]                             if char is None:
[  219s]                                 raise source.error("unexpected end of pattern")
[  219s]                             if char not in "=!":
[  219s]                                 raise source.error("unknown extension ?<" + char,
[  219s]                                                    len(char) + 2)
[  219s]                             dir = -1 # lookbehind
[  219s]                             lookbehindgroups = state.lookbehindgroups
[  219s]                             if lookbehindgroups is None:
[  219s]                                 state.lookbehindgroups = state.groups
[  219s]                         p = _parse_sub(source, state, verbose, nested + 1)
[  219s]                         if dir < 0:
[  219s]                             if lookbehindgroups is None:
[  219s]                                 state.lookbehindgroups = None
[  219s]                         if not sourcematch(")"):
[  219s]                             raise source.error("missing ), unterminated subpattern",
[  219s]                                                source.tell() - start)
[  219s]                         if char == "=":
[  219s]                             subpatternappend((ASSERT, (dir, p)))
[  219s]                         else:
[  219s]                             subpatternappend((ASSERT_NOT, (dir, p)))
[  219s]                         continue
[  219s]     
[  219s]                     elif char == "(":
[  219s]                         # conditional backreference group
[  219s]                         condname = source.getuntil(")", "group name")
[  219s]                         if condname.isidentifier():
[  219s]                             source.checkgroupname(condname, 1, nested)
[  219s]                             condgroup = state.groupdict.get(condname)
[  219s]                             if condgroup is None:
[  219s]                                 msg = "unknown group name %r" % condname
[  219s]                                 raise source.error(msg, len(condname) + 1)
[  219s]                         else:
[  219s]                             try:
[  219s]                                 condgroup = int(condname)
[  219s]                                 if condgroup < 0:
[  219s]                                     raise ValueError
[  219s]                             except ValueError:
[  219s]                                 msg = "bad character in group name %r" % condname
[  219s]                                 raise source.error(msg, len(condname) + 1) from None
[  219s]                             if not condgroup:
[  219s]                                 raise source.error("bad group number",
[  219s]                                                    len(condname) + 1)
[  219s]                             if condgroup >= MAXGROUPS:
[  219s]                                 msg = "invalid group reference %d" % condgroup
[  219s]                                 raise source.error(msg, len(condname) + 1)
[  219s]                             if condgroup not in state.grouprefpos:
[  219s]                                 state.grouprefpos[condgroup] = (
[  219s]                                     source.tell() - len(condname) - 1
[  219s]                                 )
[  219s]                             if not (condname.isdecimal() and condname.isascii()):
[  219s]                                 import warnings
[  219s]                                 warnings.warn(
[  219s]                                     "bad character in group name %s at position %d" %
[  219s]                                     (repr(condname) if source.istext else ascii(condname),
[  219s]                                      source.tell() - len(condname) - 1),
[  219s]                                     DeprecationWarning, stacklevel=nested + 6
[  219s]                                 )
[  219s]                         state.checklookbehindgroup(condgroup, source)
[  219s]                         item_yes = _parse(source, state, verbose, nested + 1)
[  219s]                         if source.match("|"):
[  219s]                             item_no = _parse(source, state, verbose, nested + 1)
[  219s]                             if source.next == "|":
[  219s]                                 raise source.error("conditional backref with more than two branches")
[  219s]                         else:
[  219s]                             item_no = None
[  219s]                         if not source.match(")"):
[  219s]                             raise source.error("missing ), unterminated subpattern",
[  219s]                                                source.tell() - start)
[  219s]                         subpatternappend((GROUPREF_EXISTS, (condgroup, item_yes, item_no)))
[  219s]                         continue
[  219s]     
[  219s]                     elif char == ">":
[  219s]                         # non-capturing, atomic group
[  219s]                         capture = False
[  219s]                         atomic = True
[  219s]                     elif char in FLAGS or char == "-":
[  219s]                         # flags
[  219s]                         flags = _parse_flags(source, state, char)
[  219s]                         if flags is None:  # global flags
[  219s]                             if not first or subpattern:
[  219s] >                               raise source.error('global flags not at the start '
[  219s]                                                    'of the expression',
[  219s]                                                    source.tell() - start)
[  219s] E                               re.error: global flags not at the start of the expression at position 9
[  219s] 
[  219s] /usr/lib64/python3.11/re/_parser.py:841: error
[  219s] ________________ TestStaticFiles.test_find_with_recursive_glob _________________
[  219s] 
[  219s] self = <tests.test_django.TestStaticFiles object at 0x4004c3bed0>
[  219s] 
[  219s]     def test_find_with_recursive_glob(self):
[  219s]         """Recursive globs."""
[  219s]         self.create_files({'foo/subdir/foundit.js': '42'})
[  219s] >       self.mkbundle('**/*.js', output="out").build()
[  219s] 
[  219s] tests/test_django.py:264: 
[  219s] _ _ _ _ _ _ _ _ _ _ _ _ _ _ _ _ _ _ _ _ _ _ _ _ _ _ _ _ _ _ _ _ _ _ _ _ _ _ _ _ 
[  219s] /usr/lib/python3.11/site-packages/webassets/bundle.py:681: in build
[  219s]     hunks.append(bundle._build(
[  219s] /usr/lib/python3.11/site-packages/webassets/bundle.py:618: in _build
[  219s]     hunk = self._merge_and_apply(
[  219s] /usr/lib/python3.11/site-packages/webassets/bundle.py:476: in _merge_and_apply
[  219s]     resolved_contents = self.resolve_contents(ctx, force=True)
[  219s] /usr/lib/python3.11/site-packages/webassets/bundle.py:235: in resolve_contents
[  219s]     result = ctx.resolver.resolve_source(ctx, item)
[  219s] /usr/lib/python3.11/site-packages/webassets/env.py:251: in resolve_source
[  219s]     return self.search_for_source(ctx, item)
[  219s] ../../BUILDROOT/python-django-assets-2.0-4.2.riscv64/usr/lib/python3.11/site-packages/django_assets/env.py:136: in search_for_source
[  219s]     return list(self.glob_staticfiles(item))
[  219s] ../../BUILDROOT/python-django-assets-2.0-4.2.riscv64/usr/lib/python3.11/site-packages/django_assets/env.py:128: in glob_staticfiles
[  219s]     for file in globber.glob(item):
[  219s] ../../BUILDROOT/python-django-assets-2.0-4.2.riscv64/usr/lib/python3.11/site-packages/django_assets/glob.py:171: in glob
[  219s]     return list(self.iglob(pathname, with_matches))
[  219s] ../../BUILDROOT/python-django-assets-2.0-4.2.riscv64/usr/lib/python3.11/site-packages/django_assets/glob.py:223: in _iglob
[  219s]     for dirname, dir_groups in dirs:
[  219s] ../../BUILDROOT/python-django-assets-2.0-4.2.riscv64/usr/lib/python3.11/site-packages/django_assets/glob.py:224: in _iglob
[  219s]     for name, groups in self.resolve_pattern(
[  219s] ../../BUILDROOT/python-django-assets-2.0-4.2.riscv64/usr/lib/python3.11/site-packages/django_assets/glob.py:277: in resolve_pattern
[  219s]     return fnmatch_filter(names, pattern)
[  219s] ../../BUILDROOT/python-django-assets-2.0-4.2.riscv64/usr/lib/python3.11/site-packages/django_assets/glob.py:60: in fnmatch_filter
[  219s]     _cache[pat] = re.compile(res)
[  219s] /usr/lib64/python3.11/re/__init__.py:227: in compile
[  219s]     return _compile(pattern, flags)
[  219s] /usr/lib64/python3.11/re/__init__.py:294: in _compile
[  219s]     p = _compiler.compile(pattern, flags)
[  219s] /usr/lib64/python3.11/re/_compiler.py:743: in compile
[  219s]     p = _parser.parse(p, flags)
[  219s] /usr/lib64/python3.11/re/_parser.py:980: in parse
[  219s]     p = _parse_sub(source, state, flags & SRE_FLAG_VERBOSE, 0)
[  219s] /usr/lib64/python3.11/re/_parser.py:455: in _parse_sub
[  219s]     itemsappend(_parse(source, state, verbose, nested + 1,
[  219s] _ _ _ _ _ _ _ _ _ _ _ _ _ _ _ _ _ _ _ _ _ _ _ _ _ _ _ _ _ _ _ _ _ _ _ _ _ _ _ _ 
[  219s] 
[  219s] source = <re._parser.Tokenizer object at 0x4005629f10>
[  219s] state = <re._parser.State object at 0x400562b090>, verbose = 0, nested = 1
[  219s] first = True
[  219s] 
[  219s]     def _parse(source, state, verbose, nested, first=False):
[  219s]         # parse a simple pattern
[  219s]         subpattern = SubPattern(state)
[  219s]     
[  219s]         # precompute constants into local variables
[  219s]         subpatternappend = subpattern.append
[  219s]         sourceget = source.get
[  219s]         sourcematch = source.match
[  219s]         _len = len
[  219s]         _ord = ord
[  219s]     
[  219s]         while True:
[  219s]     
[  219s]             this = source.next
[  219s]             if this is None:
[  219s]                 break # end of pattern
[  219s]             if this in "|)":
[  219s]                 break # end of subpattern
[  219s]             sourceget()
[  219s]     
[  219s]             if verbose:
[  219s]                 # skip whitespace and comments
[  219s]                 if this in WHITESPACE:
[  219s]                     continue
[  219s]                 if this == "#":
[  219s]                     while True:
[  219s]                         this = sourceget()
[  219s]                         if this is None or this == "\n":
[  219s]                             break
[  219s]                     continue
[  219s]     
[  219s]             if this[0] == "\\":
[  219s]                 code = _escape(source, this, state)
[  219s]                 subpatternappend(code)
[  219s]     
[  219s]             elif this not in SPECIAL_CHARS:
[  219s]                 subpatternappend((LITERAL, _ord(this)))
[  219s]     
[  219s]             elif this == "[":
[  219s]                 here = source.tell() - 1
[  219s]                 # character set
[  219s]                 set = []
[  219s]                 setappend = set.append
[  219s]     ##          if sourcematch(":"):
[  219s]     ##              pass # handle character classes
[  219s]                 if source.next == '[':
[  219s]                     import warnings
[  219s]                     warnings.warn(
[  219s]                         'Possible nested set at position %d' % source.tell(),
[  219s]                         FutureWarning, stacklevel=nested + 6
[  219s]                     )
[  219s]                 negate = sourcematch("^")
[  219s]                 # check remaining characters
[  219s]                 while True:
[  219s]                     this = sourceget()
[  219s]                     if this is None:
[  219s]                         raise source.error("unterminated character set",
[  219s]                                            source.tell() - here)
[  219s]                     if this == "]" and set:
[  219s]                         break
[  219s]                     elif this[0] == "\\":
[  219s]                         code1 = _class_escape(source, this)
[  219s]                     else:
[  219s]                         if set and this in '-&~|' and source.next == this:
[  219s]                             import warnings
[  219s]                             warnings.warn(
[  219s]                                 'Possible set %s at position %d' % (
[  219s]                                     'difference' if this == '-' else
[  219s]                                     'intersection' if this == '&' else
[  219s]                                     'symmetric difference' if this == '~' else
[  219s]                                     'union',
[  219s]                                     source.tell() - 1),
[  219s]                                 FutureWarning, stacklevel=nested + 6
[  219s]                             )
[  219s]                         code1 = LITERAL, _ord(this)
[  219s]                     if sourcematch("-"):
[  219s]                         # potential range
[  219s]                         that = sourceget()
[  219s]                         if that is None:
[  219s]                             raise source.error("unterminated character set",
[  219s]                                                source.tell() - here)
[  219s]                         if that == "]":
[  219s]                             if code1[0] is IN:
[  219s]                                 code1 = code1[1][0]
[  219s]                             setappend(code1)
[  219s]                             setappend((LITERAL, _ord("-")))
[  219s]                             break
[  219s]                         if that[0] == "\\":
[  219s]                             code2 = _class_escape(source, that)
[  219s]                         else:
[  219s]                             if that == '-':
[  219s]                                 import warnings
[  219s]                                 warnings.warn(
[  219s]                                     'Possible set difference at position %d' % (
[  219s]                                         source.tell() - 2),
[  219s]                                     FutureWarning, stacklevel=nested + 6
[  219s]                                 )
[  219s]                             code2 = LITERAL, _ord(that)
[  219s]                         if code1[0] != LITERAL or code2[0] != LITERAL:
[  219s]                             msg = "bad character range %s-%s" % (this, that)
[  219s]                             raise source.error(msg, len(this) + 1 + len(that))
[  219s]                         lo = code1[1]
[  219s]                         hi = code2[1]
[  219s]                         if hi < lo:
[  219s]                             msg = "bad character range %s-%s" % (this, that)
[  219s]                             raise source.error(msg, len(this) + 1 + len(that))
[  219s]                         setappend((RANGE, (lo, hi)))
[  219s]                     else:
[  219s]                         if code1[0] is IN:
[  219s]                             code1 = code1[1][0]
[  219s]                         setappend(code1)
[  219s]     
[  219s]                 set = _uniq(set)
[  219s]                 # XXX: <fl> should move set optimization to compiler!
[  219s]                 if _len(set) == 1 and set[0][0] is LITERAL:
[  219s]                     # optimization
[  219s]                     if negate:
[  219s]                         subpatternappend((NOT_LITERAL, set[0][1]))
[  219s]                     else:
[  219s]                         subpatternappend(set[0])
[  219s]                 else:
[  219s]                     if negate:
[  219s]                         set.insert(0, (NEGATE, None))
[  219s]                     # charmap optimization can't be added here because
[  219s]                     # global flags still are not known
[  219s]                     subpatternappend((IN, set))
[  219s]     
[  219s]             elif this in REPEAT_CHARS:
[  219s]                 # repeat previous item
[  219s]                 here = source.tell()
[  219s]                 if this == "?":
[  219s]                     min, max = 0, 1
[  219s]                 elif this == "*":
[  219s]                     min, max = 0, MAXREPEAT
[  219s]     
[  219s]                 elif this == "+":
[  219s]                     min, max = 1, MAXREPEAT
[  219s]                 elif this == "{":
[  219s]                     if source.next == "}":
[  219s]                         subpatternappend((LITERAL, _ord(this)))
[  219s]                         continue
[  219s]     
[  219s]                     min, max = 0, MAXREPEAT
[  219s]                     lo = hi = ""
[  219s]                     while source.next in DIGITS:
[  219s]                         lo += sourceget()
[  219s]                     if sourcematch(","):
[  219s]                         while source.next in DIGITS:
[  219s]                             hi += sourceget()
[  219s]                     else:
[  219s]                         hi = lo
[  219s]                     if not sourcematch("}"):
[  219s]                         subpatternappend((LITERAL, _ord(this)))
[  219s]                         source.seek(here)
[  219s]                         continue
[  219s]     
[  219s]                     if lo:
[  219s]                         min = int(lo)
[  219s]                         if min >= MAXREPEAT:
[  219s]                             raise OverflowError("the repetition number is too large")
[  219s]                     if hi:
[  219s]                         max = int(hi)
[  219s]                         if max >= MAXREPEAT:
[  219s]                             raise OverflowError("the repetition number is too large")
[  219s]                         if max < min:
[  219s]                             raise source.error("min repeat greater than max repeat",
[  219s]                                                source.tell() - here)
[  219s]                 else:
[  219s]                     raise AssertionError("unsupported quantifier %r" % (char,))
[  219s]                 # figure out which item to repeat
[  219s]                 if subpattern:
[  219s]                     item = subpattern[-1:]
[  219s]                 else:
[  219s]                     item = None
[  219s]                 if not item or item[0][0] is AT:
[  219s]                     raise source.error("nothing to repeat",
[  219s]                                        source.tell() - here + len(this))
[  219s]                 if item[0][0] in _REPEATCODES:
[  219s]                     raise source.error("multiple repeat",
[  219s]                                        source.tell() - here + len(this))
[  219s]                 if item[0][0] is SUBPATTERN:
[  219s]                     group, add_flags, del_flags, p = item[0][1]
[  219s]                     if group is None and not add_flags and not del_flags:
[  219s]                         item = p
[  219s]                 if sourcematch("?"):
[  219s]                     # Non-Greedy Match
[  219s]                     subpattern[-1] = (MIN_REPEAT, (min, max, item))
[  219s]                 elif sourcematch("+"):
[  219s]                     # Possessive Match (Always Greedy)
[  219s]                     subpattern[-1] = (POSSESSIVE_REPEAT, (min, max, item))
[  219s]                 else:
[  219s]                     # Greedy Match
[  219s]                     subpattern[-1] = (MAX_REPEAT, (min, max, item))
[  219s]     
[  219s]             elif this == ".":
[  219s]                 subpatternappend((ANY, None))
[  219s]     
[  219s]             elif this == "(":
[  219s]                 start = source.tell() - 1
[  219s]                 capture = True
[  219s]                 atomic = False
[  219s]                 name = None
[  219s]                 add_flags = 0
[  219s]                 del_flags = 0
[  219s]                 if sourcematch("?"):
[  219s]                     # options
[  219s]                     char = sourceget()
[  219s]                     if char is None:
[  219s]                         raise source.error("unexpected end of pattern")
[  219s]                     if char == "P":
[  219s]                         # python extensions
[  219s]                         if sourcematch("<"):
[  219s]                             # named group: skip forward to end of name
[  219s]                             name = source.getuntil(">", "group name")
[  219s]                             source.checkgroupname(name, 1, nested)
[  219s]                         elif sourcematch("="):
[  219s]                             # named backreference
[  219s]                             name = source.getuntil(")", "group name")
[  219s]                             source.checkgroupname(name, 1, nested)
[  219s]                             gid = state.groupdict.get(name)
[  219s]                             if gid is None:
[  219s]                                 msg = "unknown group name %r" % name
[  219s]                                 raise source.error(msg, len(name) + 1)
[  219s]                             if not state.checkgroup(gid):
[  219s]                                 raise source.error("cannot refer to an open group",
[  219s]                                                    len(name) + 1)
[  219s]                             state.checklookbehindgroup(gid, source)
[  219s]                             subpatternappend((GROUPREF, gid))
[  219s]                             continue
[  219s]     
[  219s]                         else:
[  219s]                             char = sourceget()
[  219s]                             if char is None:
[  219s]                                 raise source.error("unexpected end of pattern")
[  219s]                             raise source.error("unknown extension ?P" + char,
[  219s]                                                len(char) + 2)
[  219s]                     elif char == ":":
[  219s]                         # non-capturing group
[  219s]                         capture = False
[  219s]                     elif char == "#":
[  219s]                         # comment
[  219s]                         while True:
[  219s]                             if source.next is None:
[  219s]                                 raise source.error("missing ), unterminated comment",
[  219s]                                                    source.tell() - start)
[  219s]                             if sourceget() == ")":
[  219s]                                 break
[  219s]                         continue
[  219s]     
[  219s]                     elif char in "=!<":
[  219s]                         # lookahead assertions
[  219s]                         dir = 1
[  219s]                         if char == "<":
[  219s]                             char = sourceget()
[  219s]                             if char is None:
[  219s]                                 raise source.error("unexpected end of pattern")
[  219s]                             if char not in "=!":
[  219s]                                 raise source.error("unknown extension ?<" + char,
[  219s]                                                    len(char) + 2)
[  219s]                             dir = -1 # lookbehind
[  219s]                             lookbehindgroups = state.lookbehindgroups
[  219s]                             if lookbehindgroups is None:
[  219s]                                 state.lookbehindgroups = state.groups
[  219s]                         p = _parse_sub(source, state, verbose, nested + 1)
[  219s]                         if dir < 0:
[  219s]                             if lookbehindgroups is None:
[  219s]                                 state.lookbehindgroups = None
[  219s]                         if not sourcematch(")"):
[  219s]                             raise source.error("missing ), unterminated subpattern",
[  219s]                                                source.tell() - start)
[  219s]                         if char == "=":
[  219s]                             subpatternappend((ASSERT, (dir, p)))
[  219s]                         else:
[  219s]                             subpatternappend((ASSERT_NOT, (dir, p)))
[  219s]                         continue
[  219s]     
[  219s]                     elif char == "(":
[  219s]                         # conditional backreference group
[  219s]                         condname = source.getuntil(")", "group name")
[  219s]                         if condname.isidentifier():
[  219s]                             source.checkgroupname(condname, 1, nested)
[  219s]                             condgroup = state.groupdict.get(condname)
[  219s]                             if condgroup is None:
[  219s]                                 msg = "unknown group name %r" % condname
[  219s]                                 raise source.error(msg, len(condname) + 1)
[  219s]                         else:
[  219s]                             try:
[  219s]                                 condgroup = int(condname)
[  219s]                                 if condgroup < 0:
[  219s]                                     raise ValueError
[  219s]                             except ValueError:
[  219s]                                 msg = "bad character in group name %r" % condname
[  219s]                                 raise source.error(msg, len(condname) + 1) from None
[  219s]                             if not condgroup:
[  219s]                                 raise source.error("bad group number",
[  219s]                                                    len(condname) + 1)
[  219s]                             if condgroup >= MAXGROUPS:
[  219s]                                 msg = "invalid group reference %d" % condgroup
[  219s]                                 raise source.error(msg, len(condname) + 1)
[  219s]                             if condgroup not in state.grouprefpos:
[  219s]                                 state.grouprefpos[condgroup] = (
[  219s]                                     source.tell() - len(condname) - 1
[  219s]                                 )
[  219s]                             if not (condname.isdecimal() and condname.isascii()):
[  219s]                                 import warnings
[  219s]                                 warnings.warn(
[  219s]                                     "bad character in group name %s at position %d" %
[  219s]                                     (repr(condname) if source.istext else ascii(condname),
[  219s]                                      source.tell() - len(condname) - 1),
[  219s]                                     DeprecationWarning, stacklevel=nested + 6
[  219s]                                 )
[  219s]                         state.checklookbehindgroup(condgroup, source)
[  219s]                         item_yes = _parse(source, state, verbose, nested + 1)
[  219s]                         if source.match("|"):
[  219s]                             item_no = _parse(source, state, verbose, nested + 1)
[  219s]                             if source.next == "|":
[  219s]                                 raise source.error("conditional backref with more than two branches")
[  219s]                         else:
[  219s]                             item_no = None
[  219s]                         if not source.match(")"):
[  219s]                             raise source.error("missing ), unterminated subpattern",
[  219s]                                                source.tell() - start)
[  219s]                         subpatternappend((GROUPREF_EXISTS, (condgroup, item_yes, item_no)))
[  219s]                         continue
[  219s]     
[  219s]                     elif char == ">":
[  219s]                         # non-capturing, atomic group
[  219s]                         capture = False
[  219s]                         atomic = True
[  219s]                     elif char in FLAGS or char == "-":
[  219s]                         # flags
[  219s]                         flags = _parse_flags(source, state, char)
[  219s]                         if flags is None:  # global flags
[  219s]                             if not first or subpattern:
[  219s] >                               raise source.error('global flags not at the start '
[  219s]                                                    'of the expression',
[  219s]                                                    source.tell() - start)
[  219s] E                               re.error: global flags not at the start of the expression at position 6
[  219s] 
[  219s] /usr/lib64/python3.11/re/_parser.py:841: error
[  219s] =============================== warnings summary ===============================
[  219s] tests/test_django.py::TestTemplateTag::test_reference_bundles
[  219s]   /usr/lib/python3.11/site-packages/_pytest/fixtures.py:900: PytestRemovedIn8Warning: Support for nose tests is deprecated and will be removed in a future release.
[  219s]   tests/test_django.py::TestTemplateTag::test_reference_bundles is using nose-specific method: `setup(self)`
[  219s]   To remove this warning, rename it to `setup_method(self)`
[  219s]   See docs: https://docs.pytest.org/en/stable/deprecations.html#support-for-tests-written-for-nose
[  219s]     fixture_result = next(generator)
[  219s] 
[  219s] tests/test_django.py::TestTemplateTag::test_reference_bundles
[  219s]   /usr/lib/python3.11/site-packages/_pytest/fixtures.py:916: PytestRemovedIn8Warning: Support for nose tests is deprecated and will be removed in a future release.
[  219s]   tests/test_django.py::TestTemplateTag::test_reference_bundles is using nose-specific method: `teardown(self)`
[  219s]   To remove this warning, rename it to `teardown_method(self)`
[  219s]   See docs: https://docs.pytest.org/en/stable/deprecations.html#support-for-tests-written-for-nose
[  219s]     next(it)
[  219s] 
[  219s] tests/test_django.py::TestTemplateTag::test_reference_files
[  219s]   /usr/lib/python3.11/site-packages/_pytest/fixtures.py:900: PytestRemovedIn8Warning: Support for nose tests is deprecated and will be removed in a future release.
[  219s]   tests/test_django.py::TestTemplateTag::test_reference_files is using nose-specific method: `setup(self)`
[  219s]   To remove this warning, rename it to `setup_method(self)`
[  219s]   See docs: https://docs.pytest.org/en/stable/deprecations.html#support-for-tests-written-for-nose
[  219s]     fixture_result = next(generator)
[  219s] 
[  219s] tests/test_django.py::TestTemplateTag::test_reference_files
[  219s]   /usr/lib/python3.11/site-packages/_pytest/fixtures.py:916: PytestRemovedIn8Warning: Support for nose tests is deprecated and will be removed in a future release.
[  219s]   tests/test_django.py::TestTemplateTag::test_reference_files is using nose-specific method: `teardown(self)`
[  219s]   To remove this warning, rename it to `teardown_method(self)`
[  219s]   See docs: https://docs.pytest.org/en/stable/deprecations.html#support-for-tests-written-for-nose
[  219s]     next(it)
[  219s] 
[  219s] tests/test_django.py::TestTemplateTag::test_reference_mixed
[  219s]   /usr/lib/python3.11/site-packages/_pytest/fixtures.py:900: PytestRemovedIn8Warning: Support for nose tests is deprecated and will be removed in a future release.
[  219s]   tests/test_django.py::TestTemplateTag::test_reference_mixed is using nose-specific method: `setup(self)`
[  219s]   To remove this warning, rename it to `setup_method(self)`
[  219s]   See docs: https://docs.pytest.org/en/stable/deprecations.html#support-for-tests-written-for-nose
[  219s]     fixture_result = next(generator)
[  219s] 
[  219s] tests/test_django.py::TestTemplateTag::test_reference_mixed
[  219s]   /usr/lib/python3.11/site-packages/_pytest/fixtures.py:916: PytestRemovedIn8Warning: Support for nose tests is deprecated and will be removed in a future release.
[  219s]   tests/test_django.py::TestTemplateTag::test_reference_mixed is using nose-specific method: `teardown(self)`
[  219s]   To remove this warning, rename it to `teardown_method(self)`
[  219s]   See docs: https://docs.pytest.org/en/stable/deprecations.html#support-for-tests-written-for-nose
[  219s]     next(it)
[  219s] 
[  219s] tests/test_django.py::TestTemplateTag::test_with_vars
[  219s]   /usr/lib/python3.11/site-packages/_pytest/fixtures.py:900: PytestRemovedIn8Warning: Support for nose tests is deprecated and will be removed in a future release.
[  219s]   tests/test_django.py::TestTemplateTag::test_with_vars is using nose-specific method: `setup(self)`
[  219s]   To remove this warning, rename it to `setup_method(self)`
[  219s]   See docs: https://docs.pytest.org/en/stable/deprecations.html#support-for-tests-written-for-nose
[  219s]     fixture_result = next(generator)
[  219s] 
[  219s] tests/test_django.py::TestTemplateTag::test_with_vars
[  219s]   /usr/lib/python3.11/site-packages/_pytest/fixtures.py:916: PytestRemovedIn8Warning: Support for nose tests is deprecated and will be removed in a future release.
[  219s]   tests/test_django.py::TestTemplateTag::test_with_vars is using nose-specific method: `teardown(self)`
[  219s]   To remove this warning, rename it to `teardown_method(self)`
[  219s]   See docs: https://docs.pytest.org/en/stable/deprecations.html#support-for-tests-written-for-nose
[  219s]     next(it)
[  219s] 
[  219s] tests/test_django.py::TestTemplateTag::test_debug_option
[  219s]   /usr/lib/python3.11/site-packages/_pytest/fixtures.py:900: PytestRemovedIn8Warning: Support for nose tests is deprecated and will be removed in a future release.
[  219s]   tests/test_django.py::TestTemplateTag::test_debug_option is using nose-specific method: `setup(self)`
[  219s]   To remove this warning, rename it to `setup_method(self)`
[  219s]   See docs: https://docs.pytest.org/en/stable/deprecations.html#support-for-tests-written-for-nose
[  219s]     fixture_result = next(generator)
[  219s] 
[  219s] tests/test_django.py::TestTemplateTag::test_debug_option
[  219s]   /usr/lib/python3.11/site-packages/_pytest/fixtures.py:916: PytestRemovedIn8Warning: Support for nose tests is deprecated and will be removed in a future release.
[  219s]   tests/test_django.py::TestTemplateTag::test_debug_option is using nose-specific method: `teardown(self)`
[  219s]   To remove this warning, rename it to `teardown_method(self)`
[  219s]   See docs: https://docs.pytest.org/en/stable/deprecations.html#support-for-tests-written-for-nose
[  219s]     next(it)
[  219s] 
[  219s] tests/test_django.py::TestTemplateTag::test_with_no_commas
[  219s]   /usr/lib/python3.11/site-packages/_pytest/fixtures.py:900: PytestRemovedIn8Warning: Support for nose tests is deprecated and will be removed in a future release.
[  219s]   tests/test_django.py::TestTemplateTag::test_with_no_commas is using nose-specific method: `setup(self)`
[  219s]   To remove this warning, rename it to `setup_method(self)`
[  219s]   See docs: https://docs.pytest.org/en/stable/deprecations.html#support-for-tests-written-for-nose
[  219s]     fixture_result = next(generator)
[  219s] 
[  219s] tests/test_django.py::TestTemplateTag::test_with_no_commas
[  219s]   /usr/lib/python3.11/site-packages/_pytest/fixtures.py:916: PytestRemovedIn8Warning: Support for nose tests is deprecated and will be removed in a future release.
[  219s]   tests/test_django.py::TestTemplateTag::test_with_no_commas is using nose-specific method: `teardown(self)`
[  219s]   To remove this warning, rename it to `teardown_method(self)`
[  219s]   See docs: https://docs.pytest.org/en/stable/deprecations.html#support-for-tests-written-for-nose
[  219s]     next(it)
[  219s] 
[  219s] tests/test_django.py::TestTemplateTag::test_output_urls
[  219s]   /usr/lib/python3.11/site-packages/_pytest/fixtures.py:900: PytestRemovedIn8Warning: Support for nose tests is deprecated and will be removed in a future release.
[  219s]   tests/test_django.py::TestTemplateTag::test_output_urls is using nose-specific method: `setup(self)`
[  219s]   To remove this warning, rename it to `setup_method(self)`
[  219s]   See docs: https://docs.pytest.org/en/stable/deprecations.html#support-for-tests-written-for-nose
[  219s]     fixture_result = next(generator)
[  219s] 
[  219s] tests/test_django.py::TestTemplateTag::test_output_urls
[  219s]   /usr/lib/python3.11/site-packages/_pytest/fixtures.py:916: PytestRemovedIn8Warning: Support for nose tests is deprecated and will be removed in a future release.
[  219s]   tests/test_django.py::TestTemplateTag::test_output_urls is using nose-specific method: `teardown(self)`
[  219s]   To remove this warning, rename it to `teardown_method(self)`
[  219s]   See docs: https://docs.pytest.org/en/stable/deprecations.html#support-for-tests-written-for-nose
[  219s]     next(it)
[  219s] 
[  219s] tests/test_django.py::TestStaticFiles::test_build
[  219s]   /usr/lib/python3.11/site-packages/_pytest/fixtures.py:900: PytestRemovedIn8Warning: Support for nose tests is deprecated and will be removed in a future release.
[  219s]   tests/test_django.py::TestStaticFiles::test_build is using nose-specific method: `setup(self)`
[  219s]   To remove this warning, rename it to `setup_method(self)`
[  219s]   See docs: https://docs.pytest.org/en/stable/deprecations.html#support-for-tests-written-for-nose
[  219s]     fixture_result = next(generator)
[  219s] 
[  219s] tests/test_django.py::TestStaticFiles::test_build
[  219s]   /usr/lib/python3.11/site-packages/_pytest/fixtures.py:916: PytestRemovedIn8Warning: Support for nose tests is deprecated and will be removed in a future release.
[  219s]   tests/test_django.py::TestStaticFiles::test_build is using nose-specific method: `teardown(self)`
[  219s]   To remove this warning, rename it to `teardown_method(self)`
[  219s]   See docs: https://docs.pytest.org/en/stable/deprecations.html#support-for-tests-written-for-nose
[  219s]     next(it)
[  219s] 
[  219s] tests/test_django.py::TestStaticFiles::test_build_nodebug
[  219s]   /usr/lib/python3.11/site-packages/_pytest/fixtures.py:900: PytestRemovedIn8Warning: Support for nose tests is deprecated and will be removed in a future release.
[  219s]   tests/test_django.py::TestStaticFiles::test_build_nodebug is using nose-specific method: `setup(self)`
[  219s]   To remove this warning, rename it to `setup_method(self)`
[  219s]   See docs: https://docs.pytest.org/en/stable/deprecations.html#support-for-tests-written-for-nose
[  219s]     fixture_result = next(generator)
[  219s] 
[  219s] tests/test_django.py::TestStaticFiles::test_build_nodebug
[  219s]   /usr/lib/python3.11/site-packages/_pytest/fixtures.py:916: PytestRemovedIn8Warning: Support for nose tests is deprecated and will be removed in a future release.
[  219s]   tests/test_django.py::TestStaticFiles::test_build_nodebug is using nose-specific method: `teardown(self)`
[  219s]   To remove this warning, rename it to `teardown_method(self)`
[  219s]   See docs: https://docs.pytest.org/en/stable/deprecations.html#support-for-tests-written-for-nose
[  219s]     next(it)
[  219s] 
[  219s] tests/test_django.py::TestStaticFiles::test_find_with_glob
[  219s]   /usr/lib/python3.11/site-packages/_pytest/fixtures.py:900: PytestRemovedIn8Warning: Support for nose tests is deprecated and will be removed in a future release.
[  219s]   tests/test_django.py::TestStaticFiles::test_find_with_glob is using nose-specific method: `setup(self)`
[  219s]   To remove this warning, rename it to `setup_method(self)`
[  219s]   See docs: https://docs.pytest.org/en/stable/deprecations.html#support-for-tests-written-for-nose
[  219s]     fixture_result = next(generator)
[  219s] 
[  219s] tests/test_django.py::TestStaticFiles::test_find_with_glob
[  219s]   /usr/lib/python3.11/site-packages/_pytest/fixtures.py:916: PytestRemovedIn8Warning: Support for nose tests is deprecated and will be removed in a future release.
[  219s]   tests/test_django.py::TestStaticFiles::test_find_with_glob is using nose-specific method: `teardown(self)`
[  219s]   To remove this warning, rename it to `teardown_method(self)`
[  219s]   See docs: https://docs.pytest.org/en/stable/deprecations.html#support-for-tests-written-for-nose
[  219s]     next(it)
[  219s] 
[  219s] tests/test_django.py::TestStaticFiles::test_find_with_recursive_glob
[  219s]   /usr/lib/python3.11/site-packages/_pytest/fixtures.py:900: PytestRemovedIn8Warning: Support for nose tests is deprecated and will be removed in a future release.
[  219s]   tests/test_django.py::TestStaticFiles::test_find_with_recursive_glob is using nose-specific method: `setup(self)`
[  219s]   To remove this warning, rename it to `setup_method(self)`
[  219s]   See docs: https://docs.pytest.org/en/stable/deprecations.html#support-for-tests-written-for-nose
[  219s]     fixture_result = next(generator)
[  219s] 
[  219s] tests/test_django.py::TestStaticFiles::test_find_with_recursive_glob
[  219s]   /usr/lib/python3.11/site-packages/_pytest/fixtures.py:916: PytestRemovedIn8Warning: Support for nose tests is deprecated and will be removed in a future release.
[  219s]   tests/test_django.py::TestStaticFiles::test_find_with_recursive_glob is using nose-specific method: `teardown(self)`
[  219s]   To remove this warning, rename it to `teardown_method(self)`
[  219s]   See docs: https://docs.pytest.org/en/stable/deprecations.html#support-for-tests-written-for-nose
[  219s]     next(it)
[  219s] 
[  219s] tests/test_django.py::TestStaticFiles::test_missing_file
[  219s]   /usr/lib/python3.11/site-packages/_pytest/fixtures.py:900: PytestRemovedIn8Warning: Support for nose tests is deprecated and will be removed in a future release.
[  219s]   tests/test_django.py::TestStaticFiles::test_missing_file is using nose-specific method: `setup(self)`
[  219s]   To remove this warning, rename it to `setup_method(self)`
[  219s]   See docs: https://docs.pytest.org/en/stable/deprecations.html#support-for-tests-written-for-nose
[  219s]     fixture_result = next(generator)
[  219s] 
[  219s] tests/test_django.py::TestStaticFiles::test_missing_file
[  219s]   /usr/lib/python3.11/site-packages/_pytest/fixtures.py:916: PytestRemovedIn8Warning: Support for nose tests is deprecated and will be removed in a future release.
[  219s]   tests/test_django.py::TestStaticFiles::test_missing_file is using nose-specific method: `teardown(self)`
[  219s]   To remove this warning, rename it to `teardown_method(self)`
[  219s]   See docs: https://docs.pytest.org/en/stable/deprecations.html#support-for-tests-written-for-nose
[  219s]     next(it)
[  219s] 
[  219s] tests/test_django.py::TestStaticFiles::test_serve_built_files
[  219s]   /usr/lib/python3.11/site-packages/_pytest/fixtures.py:900: PytestRemovedIn8Warning: Support for nose tests is deprecated and will be removed in a future release.
[  219s]   tests/test_django.py::TestStaticFiles::test_serve_built_files is using nose-specific method: `setup(self)`
[  219s]   To remove this warning, rename it to `setup_method(self)`
[  219s]   See docs: https://docs.pytest.org/en/stable/deprecations.html#support-for-tests-written-for-nose
[  219s]     fixture_result = next(generator)
[  219s] 
[  219s] tests/test_django.py::TestStaticFiles::test_serve_built_files
[  219s]   /usr/lib/python3.11/site-packages/_pytest/fixtures.py:916: PytestRemovedIn8Warning: Support for nose tests is deprecated and will be removed in a future release.
[  219s]   tests/test_django.py::TestStaticFiles::test_serve_built_files is using nose-specific method: `teardown(self)`
[  219s]   To remove this warning, rename it to `teardown_method(self)`
[  219s]   See docs: https://docs.pytest.org/en/stable/deprecations.html#support-for-tests-written-for-nose
[  219s]     next(it)
[  219s] 
[  219s] tests/test_django.py::TestStaticFiles::test_css_rewrite
[  219s]   /usr/lib/python3.11/site-packages/_pytest/fixtures.py:900: PytestRemovedIn8Warning: Support for nose tests is deprecated and will be removed in a future release.
[  219s]   tests/test_django.py::TestStaticFiles::test_css_rewrite is using nose-specific method: `setup(self)`
[  219s]   To remove this warning, rename it to `setup_method(self)`
[  219s]   See docs: https://docs.pytest.org/en/stable/deprecations.html#support-for-tests-written-for-nose
[  219s]     fixture_result = next(generator)
[  219s] 
[  219s] tests/test_django.py::TestStaticFiles::test_css_rewrite
[  219s]   /usr/lib/python3.11/site-packages/_pytest/fixtures.py:916: PytestRemovedIn8Warning: Support for nose tests is deprecated and will be removed in a future release.
[  219s]   tests/test_django.py::TestStaticFiles::test_css_rewrite is using nose-specific method: `teardown(self)`
[  219s]   To remove this warning, rename it to `teardown_method(self)`
[  219s]   See docs: https://docs.pytest.org/en/stable/deprecations.html#support-for-tests-written-for-nose
[  219s]     next(it)
[  219s] 
[  219s] tests/test_django.py::TestFilter::test_template
[  219s]   /usr/lib/python3.11/site-packages/_pytest/fixtures.py:900: PytestRemovedIn8Warning: Support for nose tests is deprecated and will be removed in a future release.
[  219s]   tests/test_django.py::TestFilter::test_template is using nose-specific method: `setup(self)`
[  219s]   To remove this warning, rename it to `setup_method(self)`
[  219s]   See docs: https://docs.pytest.org/en/stable/deprecations.html#support-for-tests-written-for-nose
[  219s]     fixture_result = next(generator)
[  219s] 
[  219s] tests/test_django.py::TestFilter::test_template
[  219s]   /usr/lib/python3.11/site-packages/_pytest/fixtures.py:916: PytestRemovedIn8Warning: Support for nose tests is deprecated and will be removed in a future release.
[  219s]   tests/test_django.py::TestFilter::test_template is using nose-specific method: `teardown(self)`
[  219s]   To remove this warning, rename it to `teardown_method(self)`
[  219s]   See docs: https://docs.pytest.org/en/stable/deprecations.html#support-for-tests-written-for-nose
[  219s]     next(it)
[  219s] 
[  219s] -- Docs: https://docs.pytest.org/en/stable/how-to/capture-warnings.html
[  219s] =========================== short test summary info ============================
[  219s] FAILED tests/test_django.py::TestStaticFiles::test_find_with_glob - re.error:...
[  219s] FAILED tests/test_django.py::TestStaticFiles::test_find_with_recursive_glob
[  219s] =========== 2 failed, 15 passed, 2 deselected, 30 warnings in 6.01s ============
[  219s] error: Bad exit status from /var/tmp/rpm-tmp.95A5ax (%check)
[  219s] 
[  219s] RPM build errors:
[  219s]     Bad exit status from /var/tmp/rpm-tmp.95A5ax (%check)
[  219s] ### VM INTERACTION START ###
[  220s] [  213.194415][    T1] sysrq: Power Off
[  220s] [  213.197899][   T18] reboot: Power down
[  220s] ### VM INTERACTION END ###
[  220s] 
[  220s] lamb61 failed "build python-django-assets.spec" at Sun Feb 19 12:12:39 UTC 2023.
[  220s] 
