[    0s] Using BUILD_ROOT=/var/cache/obs/worker/root_1/.mount
[    0s] Using BUILD_ARCH=riscv64
[    0s] Doing kvm build in /var/cache/obs/worker/root_1/root
[    0s] 
[    0s] 
[    0s] goat15 started "build python-pyshark.spec" at Sat Feb 18 23:25:52 UTC 2023.
[    0s] 
[    0s] Building python-pyshark for project 'openSUSE:Factory:RISCV' repository 'standard' arch 'riscv64' srcmd5 'a15fee2e815473bf2eb9dd65650b20d1'
[    0s] 
[    0s] processing recipe /var/cache/obs/worker/root_1/.build-srcdir/python-pyshark.spec ...
[    0s] running changelog2spec --target rpm --file /var/cache/obs/worker/root_1/.build-srcdir/python-pyshark.spec
[    0s] init_buildsystem --configdir /var/run/obs/worker/1/build/configs --cachedir /var/cache/build --prepare --clean --rpmlist /var/cache/obs/worker/root_1/.build.rpmlist /var/cache/obs/worker/root_1/.build-srcdir/python-pyshark.spec build ...
[    0s] unpacking preinstall image openSUSE:Factory:RISCV/standard/preinstallimage-python [83160fede3a282f635470653fe6cebf8]
[    2s] 
[    2s] copying packages...
[    2s] reordering...cycle: libsmi -> libsmi2
[    2s]   breaking dependency libsmi2 -> libsmi
[    2s] done
[    2s] Detected virtio-serial support
[    3s] booting kvm...
[    3s] ### VM INTERACTION START ###
[    3s] Using virtio-serial support
[    3s] /usr/bin/qemu-kvm -nodefaults -no-reboot -nographic -vga none -cpu host -M pc,accel=kvm,usb=off,dump-guest-core=off,vmport=off -sandbox on -bios /usr/share/qemu/qboot.rom -object rng-random,filename=/dev/random,id=rng0 -device virtio-rng-pci,rng=rng0 -object iothread,id=io0 -runas qemu -net none -kernel /var/cache/obs/worker/root_1/.mount/boot/kernel -initrd /var/cache/obs/worker/root_1/.mount/boot/initrd -append root=/dev/disk/by-id/virtio-0 rootfstype=ext4 rootflags=noatime kvmclock mitigations=off elevator=noop nmi_watchdog=0 rw rd.driver.pre=binfmt_misc oops=panic panic=1 quiet console=hvc0 init=/.build/initvm.x86_64 -m 25600 -drive file=/var/cache/obs/worker/root_1/root,format=raw,if=none,id=disk,cache=unsafe,aio=io_uring -device virtio-blk-pci,iothread=io0,drive=disk,serial=0 -drive file=/var/cache/obs/worker/root_1/swap,format=raw,if=none,id=swap,cache=unsafe,aio=io_uring -device virtio-blk-pci,iothread=io0,drive=swap,serial=1 -device virtio-serial,max_ports=2 -device virtconsole,chardev=virtiocon0 -chardev stdio,id=virtiocon0 -chardev socket,id=monitor,server=on,wait=off,path=/var/cache/obs/worker/root_1/root.qemu/monitor -mon chardev=monitor,mode=readline -smp 16
[    6s] ### VM INTERACTION END ###
[    6s] 2nd stage started in virtual machine
[    6s] machine type: riscv64
[    6s] Linux version: 6.1.12-1-default #1 SMP PREEMPT_DYNAMIC Wed Feb 15 05:31:41 UTC 2023 (373f017)
[    6s] Increasing log level from now on...
[    6s] [    2.825544][  T477] sysrq: Changing Loglevel
[    6s] [    2.825605][  T477] sysrq: Loglevel set to 4
[    6s] Enable sysrq operations
[    7s] Setting up swapspace version 1, size = 4 GiB (4294963200 bytes)
[    7s] no label, UUID=6c4774ca-7174-476f-ac02-f634e2bf3bcd
[    7s] swapon: /dev/vdb: found signature [pagesize=4096, signature=swap]
[    7s] swapon: /dev/vdb: pagesize=4096, swapsize=4294967296, devsize=4294967296
[    7s] swapon /dev/vdb
[    7s] WARNING: udev not running, creating extra device nodes
[    7s] logging output to //.build.log...
[    7s] processing recipe /.build-srcdir/python-pyshark.spec ...
[    7s] init_buildsystem --configdir /.build/configs --cachedir /var/cache/build /.build-srcdir/python-pyshark.spec build ...
[    8s] initializing rpm db...
[    8s] querying package ids...
[   22s] [1/249] preinstalled aaa_base-84.87+git20220822.6b9f7a3-1.1
[   22s] [2/249] preinstalled aaa_base-malloccheck-84.87+git20220822.6b9f7a3-1.1
[   22s] [3/249] preinstalled attr-2.5.1-1.1
[   22s] [4/249] preinstalled bash-5.2.15-8.1
[   22s] [5/249] preinstalled bash-sh-5.2.15-8.1
[   22s] [6/249] preinstalled binutils-2.39-3.1
[   22s] [7/249] preinstalled brp-check-suse-84.87+git20221115.2f7add6-1.1
[   22s] [8/249] preinstalled build-compare-20221206T204012.bb70754-1.2
[   22s] [9/249] preinstalled build-mkbaselibs-20230215-1.1
[   22s] [10/249] preinstalled bzip2-1.0.8-4.1
[   22s] [11/249] preinstalled chkstat-1599_20221220-1.2
[   22s] [12/249] preinstalled compat-usrmerge-build-84.87-5.1
[   22s] [13/249] preinstalled compat-usrmerge-tools-84.87-5.1
[   22s] [14/249] preinstalled coreutils-9.1-5.1
[   22s] [15/249] preinstalled cpio-2.13-5.1
[   22s] [16/249] preinstalled cpp-12-2.1
[   22s] [17/249] preinstalled cpp12-12.2.1+git749-4.1
[   22s] [18/249] preinstalled crypto-policies-20210917.c9d86d1-1.1
[   22s] [19/249] cumulate dbus-1-common-1.14.6-1.1
[   22s] [20/249] preinstalled debugedit-5.0-5.1
[   22s] [21/249] preinstalled diffutils-3.9-1.1
[   22s] [22/249] preinstalled dwz-0.15-2.1
[   22s] [23/249] preinstalled elfutils-0.188-3.2
[   22s] [24/249] cumulate fdupes-2.2.1-1.1
[   22s] [25/249] preinstalled file-5.44-1.2
[   22s] [26/249] preinstalled file-magic-5.44-1.2
[   22s] [27/249] preinstalled filesystem-84.87-12.1
[   22s] [28/249] preinstalled fillup-1.42-279.1
[   22s] [29/249] preinstalled findutils-4.9.0-2.1
[   22s] [30/249] preinstalled gawk-5.2.1-2.1
[   22s] [31/249] preinstalled gcc-12-2.1
[   22s] [32/249] preinstalled gcc-PIE-12-2.1
[   22s] [33/249] preinstalled gcc12-12.2.1+git749-4.1
[   22s] [34/249] preinstalled gcc12-PIE-12.2.1+git749-4.1
[   22s] [35/249] preinstalled gettext-runtime-mini-0.21.1-1.1
[   22s] [36/249] preinstalled gettext-tools-mini-0.21.1-1.1
[   22s] [37/249] preinstalled glibc-2.37-1.1
[   22s] [38/249] preinstalled glibc-devel-2.37-1.1
[   22s] [39/249] preinstalled glibc-locale-base-2.37-1.1
[   22s] [40/249] preinstalled grep-3.8-3.1
[   22s] [41/249] preinstalled gzip-1.12-3.1
[   22s] [42/249] preinstalled kernel-obs-build-6.1.12-1.1
[   22s] [43/249] preinstalled libacl1-2.3.1-2.1
[   22s] [44/249] cumulate libalternatives1-1.2+3.b848aad-3.1
[   22s] [45/249] preinstalled libasan8-13.0.1+git5428-6.1
[   22s] [46/249] preinstalled libasm1-0.188-3.2
[   22s] [47/249] preinstalled libatomic1-13.0.1+git5428-6.1
[   22s] [48/249] preinstalled libattr1-2.5.1-1.1
[   22s] [49/249] preinstalled libaudit1-3.0.6-4.1
[   22s] [50/249] cumulate libbcg729-0-1.1.1-2.1
[   22s] [51/249] preinstalled libblkid1-2.38.1-7.1
[   22s] [52/249] cumulate libbrotlicommon1-1.0.9-1.1
[   22s] [53/249] preinstalled libbz2-1-1.0.8-4.1
[   22s] [54/249] preinstalled libcap-ng0-0.8.3-1.1
[   22s] [55/249] preinstalled libcap2-2.67-1.1
[   22s] [56/249] cumulate libcom_err2-1.46.5-4.1
[   22s] [57/249] preinstalled libcrypt1-4.4.33-1.1
[   22s] [58/249] preinstalled libctf-nobfd0-2.39-3.1
[   22s] [59/249] preinstalled libctf0-2.39-3.1
[   22s] [60/249] preinstalled libdb-4_8-4.8.30-39.1
[   22s] [61/249] preinstalled libdw1-0.188-3.2
[   22s] [62/249] preinstalled libeconf0-0.5.1-1.1
[   22s] [63/249] preinstalled libelf1-0.188-3.2
[   22s] [64/249] preinstalled libexpat1-2.5.0-2.1
[   22s] [65/249] preinstalled libfdisk1-2.38.1-7.1
[   22s] [66/249] preinstalled libffi8-3.4.4-1.1
[   22s] [67/249] preinstalled libgcc_s1-13.0.1+git5428-6.1
[   22s] [68/249] preinstalled libgcrypt20-1.10.1-1.1
[   22s] [69/249] preinstalled libgdbm6-1.23-1.1
[   22s] [70/249] preinstalled libgdbm_compat4-1.23-1.1
[   22s] [71/249] cumulate libglib-2_0-0-2.74.5-1.1
[   22s] [72/249] preinstalled libgmp10-6.2.1-4.1
[   22s] [73/249] preinstalled libgomp1-13.0.1+git5428-6.1
[   22s] [74/249] preinstalled libgpg-error0-1.46-1.1
[   22s] [75/249] preinstalled libisl23-0.25-1.1
[   22s] [76/249] cumulate libjbig2-2.1-4.1
[   22s] [77/249] cumulate libjitterentropy3-3.4.1-1.1
[   22s] [78/249] cumulate libjpeg8-8.2.2-72.1
[   22s] [79/249] cumulate libkeyutils1-1.6.3-5.1
[   22s] [80/249] cumulate liblua5_1-5-5.1.5-15.3
[   22s] [81/249] preinstalled liblua5_4-5-5.4.4-8.1
[   22s] [82/249] cumulate liblz4-1-1.9.4-1.1
[   22s] [83/249] preinstalled liblzma5-5.4.1-1.1
[   22s] [84/249] preinstalled libmagic1-5.44-1.2
[   22s] [85/249] cumulate libmaxminddb0-1.7.1-1.1
[   22s] [86/249] preinstalled libmount1-2.38.1-7.1
[   22s] [87/249] preinstalled libmpc3-1.3.1-1.2
[   22s] [88/249] preinstalled libmpdec3-2.5.1-2.1
[   22s] [89/249] preinstalled libmpfr6-4.2.0-1.1
[   22s] [90/249] preinstalled libncurses6-6.4.20230128-5.1
[   22s] [91/249] cumulate libnettle8-3.8.1-1.1
[   22s] [92/249] cumulate libnghttp2-14-1.51.0-7.2
[   22s] [93/249] cumulate libnl-config-3.7.0-1.1
[   22s] [94/249] cumulate libnss_usrfiles2-2.27-3.1
[   22s] [95/249] preinstalled libopenssl3-3.0.7-3.1
[   22s] [96/249] cumulate libopus0-1.3.1-3.2
[   22s] [97/249] cumulate libp11-kit0-0.24.1-2.1
[   22s] [98/249] preinstalled libpcre2-8-0-10.42-3.2
[   22s] [99/249] preinstalled libpkgconf3-1.8.0-2.1
[   22s] [100/249] preinstalled libpopt0-1.19-1.1
[   22s] [101/249] preinstalled libpython3_10-1_0-3.10.9-2.2
[   22s] [102/249] preinstalled libpython3_11-1_0-3.11.1-4.2
[   22s] [103/249] preinstalled libpython3_8-1_0-3.8.16-3.2
[   22s] [104/249] preinstalled libpython3_9-1_0-3.9.16-3.2
[   22s] [105/249] preinstalled libreadline8-8.2-2.1
[   22s] [106/249] preinstalled librpmbuild9-4.18.0-3.2
[   22s] [107/249] cumulate libsbc1-1.5-2.1
[   22s] [108/249] preinstalled libseccomp2-2.5.4-2.1
[   22s] [109/249] preinstalled libselinux1-3.4-2.1
[   22s] [110/249] preinstalled libsemanage-conf-3.4-1.1
[   22s] [111/249] preinstalled libsemanage2-3.4-1.1
[   22s] [112/249] preinstalled libsepol2-3.4-1.1
[   22s] [113/249] preinstalled libsmartcols1-2.38.1-7.1
[   22s] [114/249] cumulate libsnappy1-1.1.9-2.1
[   22s] [115/249] cumulate libspeexdsp1-1.2.1-1.1
[   22s] [116/249] cumulate libssh-config-0.10.4-1.2
[   22s] [117/249] preinstalled libstdc++6-13.0.1+git5428-6.1
[   22s] [118/249] preinstalled libsubid4-4.13-3.1
[   22s] [119/249] cumulate libsystemd0-mini-252.5-1.1
[   22s] [120/249] cumulate libtasn1-6-4.19.0-1.1
[   22s] [121/249] preinstalled libubsan1-13.0.1+git5428-6.1
[   22s] [122/249] cumulate libunistring5-1.1-1.1
[   22s] [123/249] preinstalled libutempter0-1.2.0-3.2
[   22s] [124/249] preinstalled libuuid1-2.38.1-7.1
[   22s] [125/249] cumulate libverto1-0.3.2-1.1
[   22s] [126/249] preinstalled libxcrypt-devel-4.4.33-1.1
[   22s] [127/249] cumulate libxml2-2-2.10.3-3.1
[   22s] [128/249] preinstalled libz1-1.2.13-2.1
[   22s] [129/249] preinstalled libzstd1-1.5.2-2.1
[   22s] [130/249] preinstalled linux-glibc-devel-6.1-1.1
[   22s] [131/249] preinstalled login_defs-4.13-3.1
[   22s] [132/249] preinstalled lua54-5.4.4-8.1
[   22s] [133/249] preinstalled make-4.4-2.1
[   22s] [134/249] preinstalled ncurses-utils-6.4.20230128-5.1
[   22s] [135/249] preinstalled pam-1.5.2-12.1
[   22s] [136/249] preinstalled patch-2.7.6-6.1
[   22s] [137/249] preinstalled perl-5.36.0-4.1
[   22s] [138/249] preinstalled perl-base-5.36.0-4.1
[   22s] [139/249] preinstalled permissions-1599_20221220-1.2
[   22s] [140/249] preinstalled permissions-config-1599_20221220-1.2
[   22s] [141/249] preinstalled pkgconf-1.8.0-2.1
[   22s] [142/249] preinstalled pkgconf-m4-1.8.0-2.1
[   22s] [143/249] preinstalled pkgconf-pkg-config-1.8.0-2.1
[   22s] [144/249] preinstalled polkit-default-privs-1550+20221102.9f111fa-1.1
[   22s] [145/249] preinstalled post-build-checks-84.87+git20230106.3a359c5-1.1
[   23s] [146/249] preinstalled python-rpm-macros-20230128.e704796-1.2
[   23s] [147/249] preinstalled python-rpm-packaging-20210526+a18ca48-1.2
[   23s] [148/249] cumulate python310-apipkg-3.0.1-1.2
[   23s] [149/249] cumulate python310-attrs-22.2.0-1.2
[   23s] [150/249] preinstalled python310-base-3.10.9-2.2
[   23s] [151/249] cumulate python310-cssselect-1.2.0-1.2
[   23s] [152/249] cumulate python310-exceptiongroup-1.1.0-1.2
[   23s] [153/249] cumulate python310-iniconfig-1.1.1-3.2
[   23s] [154/249] preinstalled python310-packaging-23.0-1.1
[   23s] [155/249] cumulate python310-pluggy-1.0.0-1.5
[   23s] [156/249] preinstalled python310-setuptools-65.6.3-1.2
[   23s] [157/249] cumulate python310-tomli-2.0.1-1.3
[   23s] [158/249] cumulate python310-zipp-3.8.1-1.2
[   23s] [159/249] cumulate python311-apipkg-3.0.1-1.2
[   23s] [160/249] cumulate python311-attrs-22.2.0-1.2
[   23s] [161/249] preinstalled python311-base-3.11.1-4.2
[   23s] [162/249] cumulate python311-cssselect-1.2.0-1.2
[   23s] [163/249] cumulate python311-exceptiongroup-1.1.0-1.2
[   23s] [164/249] cumulate python311-iniconfig-1.1.1-3.2
[   23s] [165/249] cumulate python311-packaging-23.0-1.2
[   23s] [166/249] cumulate python311-pluggy-1.0.0-1.5
[   23s] [167/249] preinstalled python311-setuptools-65.6.3-1.2
[   23s] [168/249] cumulate python311-tomli-2.0.1-1.3
[   23s] [169/249] cumulate python311-zipp-3.8.1-1.2
[   23s] [170/249] cumulate python38-apipkg-3.0.1-1.2
[   23s] [171/249] cumulate python38-attrs-22.2.0-1.2
[   23s] [172/249] preinstalled python38-base-3.8.16-3.2
[   23s] [173/249] cumulate python38-cssselect-1.2.0-1.2
[   23s] [174/249] cumulate python38-exceptiongroup-1.1.0-1.2
[   23s] [175/249] cumulate python38-iniconfig-1.1.1-3.2
[   23s] [176/249] cumulate python38-packaging-23.0-1.2
[   23s] [177/249] cumulate python38-pluggy-1.0.0-1.5
[   23s] [178/249] preinstalled python38-setuptools-65.6.3-1.2
[   23s] [179/249] cumulate python38-tomli-2.0.1-1.3
[   23s] [180/249] cumulate python38-zipp-3.8.1-1.2
[   23s] [181/249] cumulate python39-apipkg-3.0.1-1.2
[   23s] [182/249] cumulate python39-attrs-22.2.0-1.2
[   23s] [183/249] preinstalled python39-base-3.9.16-3.2
[   23s] [184/249] cumulate python39-cssselect-1.2.0-1.2
[   23s] [185/249] cumulate python39-exceptiongroup-1.1.0-1.2
[   23s] [186/249] cumulate python39-iniconfig-1.1.1-3.2
[   23s] [187/249] cumulate python39-packaging-23.0-1.2
[   23s] [188/249] cumulate python39-pluggy-1.0.0-1.5
[   23s] [189/249] preinstalled python39-setuptools-65.6.3-1.2
[   23s] [190/249] cumulate python39-tomli-2.0.1-1.3
[   23s] [191/249] cumulate python39-zipp-3.8.1-1.2
[   23s] [192/249] preinstalled qemu-linux-user-7.1.0-50.1
[   23s] [193/249] preinstalled rpm-4.18.0-3.2
[   23s] [194/249] preinstalled rpm-build-4.18.0-3.2
[   23s] [195/249] preinstalled rpm-build-perl-4.18.0-3.2
[   23s] [196/249] preinstalled rpm-config-SUSE-20220926-1.1
[   23s] [197/249] preinstalled rpmlint-mini-2.4.0+git20230214.1bab129-9.4
[   23s] [198/249] preinstalled rpmlint-strict-2.4.0+git20230214.1bab129-1.1
[   23s] [199/249] preinstalled sed-4.9-2.1
[   23s] [200/249] preinstalled shadow-4.13-3.1
[   23s] [201/249] preinstalled system-group-hardware-20170617-24.1
[   23s] [202/249] preinstalled system-user-root-20190513-2.1
[   23s] [203/249] preinstalled systemd-rpm-macros-19-1.1
[   23s] [204/249] preinstalled sysuser-shadow-3.1-5.1
[   23s] [205/249] preinstalled tar-1.34-9.1
[   23s] [206/249] preinstalled terminfo-base-6.4.20230128-5.1
[   23s] [207/249] preinstalled update-alternatives-1.21.8-1.1
[   23s] [208/249] preinstalled util-linux-2.38.1-7.1
[   23s] [209/249] preinstalled which-2.21-5.1
[   23s] [210/249] preinstalled xz-5.4.1-1.1
[   23s] [211/249] cumulate alts-1.2+3.b848aad-3.1
[   23s] [212/249] cumulate libbrotlidec1-1.0.9-1.1
[   23s] [213/249] cumulate libgmodule-2_0-0-2.74.5-1.1
[   23s] [214/249] cumulate libhogweed6-3.8.1-1.1
[   23s] [215/249] cumulate libidn2-0-2.3.4-1.1
[   23s] [216/249] cumulate libnl3-200-3.7.0-1.1
[   23s] [217/249] cumulate libxslt1-1.1.37-1.1
[   23s] [218/249] cumulate netcfg-11.6-10.1
[   23s] [219/249] cumulate python310-importlib-metadata-6.0.0-1.2
[   23s] [220/249] cumulate python311-importlib-metadata-6.0.0-1.2
[   23s] [221/249] cumulate python38-importlib-metadata-6.0.0-1.2
[   23s] [222/249] cumulate python39-importlib-metadata-6.0.0-1.2
[   23s] [223/249] cumulate libdbus-1-3-1.14.6-1.1
[   23s] [224/249] cumulate libtiff6-4.5.0-2.1
[   23s] [225/249] cumulate python310-py-1.11.0-3.2
[   23s] [226/249] cumulate python311-py-1.11.0-3.2
[   23s] [227/249] cumulate python38-py-1.11.0-3.2
[   23s] [228/249] cumulate python39-py-1.11.0-3.2
[   23s] [229/249] cumulate krb5-mini-1.20.1-2.3
[   23s] [230/249] cumulate libcares2-1.19.0-2.1
[   23s] [231/249] cumulate libexslt0-1.1.37-1.1
[   23s] [232/249] cumulate libpcap1-1.10.3-1.1
[   23s] [233/249] cumulate libspandsp3-3.0.0.g15-2.4
[   23s] [234/249] cumulate libssh4-0.10.4-1.2
[   23s] [235/249] cumulate libgnutls30-3.7.9-1.1
[   23s] [236/249] cumulate python310-pytest-7.2.0-2.2
[   23s] [237/249] cumulate python311-pytest-7.2.0-2.2
[   23s] [238/249] cumulate python38-pytest-7.2.0-2.2
[   23s] [239/249] cumulate python39-pytest-7.2.0-2.2
[   23s] [240/249] cumulate libwsutil14-4.0.3-2.1
[   23s] [241/249] cumulate python310-lxml-4.9.2-2.2
[   23s] [242/249] cumulate python311-lxml-4.9.2-2.2
[   23s] [243/249] cumulate python38-lxml-4.9.2-2.2
[   23s] [244/249] cumulate python39-lxml-4.9.2-2.2
[   23s] [245/249] cumulate libwiretap13-4.0.3-2.1
[   23s] [246/249] cumulate libsmi2-0.4.8-25.1
[   23s] [247/249] cumulate libsmi-0.4.8-25.1
[   23s] [248/249] cumulate libwireshark16-4.0.3-2.1
[   23s] [249/249] cumulate wireshark-4.0.3-2.1
[   23s] now installing cumulated packages
[   23s] Preparing...                          ########################################
[   23s] Updating / installing...
[   23s] libxml2-2-2.10.3-3.1                  ########################################
[   23s] libxslt1-1.1.37-1.1                   ########################################
[   23s] libglib-2_0-0-2.74.5-1.1              ########################################
[   23s] libgmodule-2_0-0-2.74.5-1.1           ########################################
[   23s] libexslt0-1.1.37-1.1                  ########################################
[   25s] libsmi-0.4.8-25.1                     ########################################
[   25s] libsmi2-0.4.8-25.1                    ########################################
[   25s] python39-iniconfig-1.1.1-3.2          ########################################
[   25s] python38-iniconfig-1.1.1-3.2          ########################################
[   25s] python311-iniconfig-1.1.1-3.2         ########################################
[   25s] python310-iniconfig-1.1.1-3.2         ########################################
[   25s] libunistring5-1.1-1.1                 ########################################
[   25s] libsystemd0-mini-252.5-1.1            ########################################
[   25s] libnss_usrfiles2-2.27-3.1             ########################################
[   25s] libnettle8-3.8.1-1.1                  ########################################
[   25s] liblz4-1-1.9.4-1.1                    ########################################
[   25s] libjpeg8-8.2.2-72.1                   ########################################
[   25s] libhogweed6-3.8.1-1.1                 ########################################
[   25s] netcfg-11.6-10.1                      ########################################
[   25s] warning: /etc/hosts created as /etc/hosts.rpmnew
[   25s] libcares2-1.19.0-2.1                  ########################################
[   25s] libidn2-0-2.3.4-1.1                   ########################################
[   25s] python39-zipp-3.8.1-1.2               ########################################
[   25s] python39-importlib-metadata-6.0.0-1.2 ########################################
[   25s] python39-tomli-2.0.1-1.3              ########################################
[   25s] python39-pluggy-1.0.0-1.5             ########################################
[   25s] python39-packaging-23.0-1.2           ########################################
[   25s] python39-exceptiongroup-1.1.0-1.2     ########################################
[   25s] python39-cssselect-1.2.0-1.2          ########################################
[   25s] python39-attrs-22.2.0-1.2             ########################################
[   26s] python39-apipkg-3.0.1-1.2             ########################################
[   26s] python38-zipp-3.8.1-1.2               ########################################
[   26s] python38-importlib-metadata-6.0.0-1.2 ########################################
[   26s] python38-tomli-2.0.1-1.3              ########################################
[   26s] python38-pluggy-1.0.0-1.5             ########################################
[   26s] python38-packaging-23.0-1.2           ########################################
[   26s] python38-exceptiongroup-1.1.0-1.2     ########################################
[   26s] python38-cssselect-1.2.0-1.2          ########################################
[   26s] python38-attrs-22.2.0-1.2             ########################################
[   26s] python38-apipkg-3.0.1-1.2             ########################################
[   26s] python311-zipp-3.8.1-1.2              ########################################
[   26s] python311-importlib-metadata-6.0.0-1.2########################################
[   26s] python311-tomli-2.0.1-1.3             ########################################
[   26s] python311-pluggy-1.0.0-1.5            ########################################
[   26s] python311-packaging-23.0-1.2          ########################################
[   26s] python311-exceptiongroup-1.1.0-1.2    ########################################
[   26s] python311-cssselect-1.2.0-1.2         ########################################
[   26s] python311-attrs-22.2.0-1.2            ########################################
[   26s] python311-apipkg-3.0.1-1.2            ########################################
[   26s] python310-zipp-3.8.1-1.2              ########################################
[   26s] python310-importlib-metadata-6.0.0-1.2########################################
[   26s] python310-tomli-2.0.1-1.3             ########################################
[   26s] python310-pluggy-1.0.0-1.5            ########################################
[   26s] python310-exceptiongroup-1.1.0-1.2    ########################################
[   26s] python310-cssselect-1.2.0-1.2         ########################################
[   26s] python310-attrs-22.2.0-1.2            ########################################
[   26s] python310-apipkg-3.0.1-1.2            ########################################
[   26s] libverto1-0.3.2-1.1                   ########################################
[   26s] libtasn1-6-4.19.0-1.1                 ########################################
[   26s] libssh-config-0.10.4-1.2              ########################################
[   26s] libspeexdsp1-1.2.1-1.1                ########################################
[   26s] libsnappy1-1.1.9-2.1                  ########################################
[   26s] libsbc1-1.5-2.1                       ########################################
[   26s] libp11-kit0-0.24.1-2.1                ########################################
[   26s] libopus0-1.3.1-3.2                    ########################################
[   26s] libnl-config-3.7.0-1.1                ########################################
[   26s] libnl3-200-3.7.0-1.1                  ########################################
[   26s] libnghttp2-14-1.51.0-7.2              ########################################
[   27s] libmaxminddb0-1.7.1-1.1               ########################################
[   27s] liblua5_1-5-5.1.5-15.3                ########################################
[   27s] libkeyutils1-1.6.3-5.1                ########################################
[   27s] libjitterentropy3-3.4.1-1.1           ########################################
[   27s] libgnutls30-3.7.9-1.1                 ########################################
[   27s] libwsutil14-4.0.3-2.1                 ########################################
[   27s] libwiretap13-4.0.3-2.1                ########################################
[   27s] libjbig2-2.1-4.1                      ########################################
[   27s] libtiff6-4.5.0-2.1                    ########################################
[   27s] libspandsp3-3.0.0.g15-2.4             ########################################
[   27s] libcom_err2-1.46.5-4.1                ########################################
[   28s] krb5-mini-1.20.1-2.3                  ########################################
[   28s] Updating /etc/sysconfig/kadmind ...
[   28s] Updating /etc/sysconfig/krb5kdc ...
[   28s] libssh4-0.10.4-1.2                    ########################################
[   28s] libbrotlicommon1-1.0.9-1.1            ########################################
[   28s] libbrotlidec1-1.0.9-1.1               ########################################
[   35s] libwireshark16-4.0.3-2.1              ########################################
[   35s] libbcg729-0-1.1.1-2.1                 ########################################
[   35s] libalternatives1-1.2+3.b848aad-3.1    ########################################
[   35s] alts-1.2+3.b848aad-3.1                ########################################
[   35s] dbus-1-common-1.14.6-1.1              ########################################
[   35s] libdbus-1-3-1.14.6-1.1                ########################################
[   35s] libpcap1-1.10.3-1.1                   ########################################
[   36s] wireshark-4.0.3-2.1                   ########################################
[   37s] python310-pytest-7.2.0-2.2            ########################################
[   37s] python311-pytest-7.2.0-2.2            ########################################
[   38s] python38-pytest-7.2.0-2.2             ########################################
[   38s] python39-pytest-7.2.0-2.2             ########################################
[   38s] python310-py-1.11.0-3.2               ########################################
[   39s] python310-lxml-4.9.2-2.2              ########################################
[   39s] python311-py-1.11.0-3.2               ########################################
[   39s] python311-lxml-4.9.2-2.2              ########################################
[   39s] python38-py-1.11.0-3.2                ########################################
[   39s] python38-lxml-4.9.2-2.2               ########################################
[   39s] python39-py-1.11.0-3.2                ########################################
[   40s] python39-lxml-4.9.2-2.2               ########################################
[   40s] fdupes-2.2.1-1.1                      ########################################
[   43s] now finalizing build dir...
[   43s] ... running 01-add_abuild_user_to_trusted_group
[   43s] ... running 02-set_timezone_to_utc
[   43s] ... running 03-set-permissions-secure
[   43s] ... running 11-hack_uname_version_to_kernel_version
[   47s] -----------------------------------------------------------------
[   47s] I have the following modifications for python-pyshark.spec:
[   47s] 24c24
[   47s] < Release:        0
[   47s] ---
[   47s] > Release:        1.1
[   50s] build target is riscv64-suse-linux
[   50s] -----------------------------------------------------------------
[   50s] ----- building python-pyshark.spec (user abuild)
[   50s] -----------------------------------------------------------------
[   50s] -----------------------------------------------------------------
[   52s] + exec rpmbuild -ba --define '_srcdefattr (-,root,root)' --nosignature --target=riscv64-suse-linux --define '_build_create_debug 1' --define 'disturl obs://build.opensuse.org/openSUSE:Factory:RISCV/standard/a15fee2e815473bf2eb9dd65650b20d1-python-pyshark' /home/abuild/rpmbuild/SOURCES/python-pyshark.spec
[   69s] Building target platforms: riscv64-suse-linux
[   69s] Building for target riscv64-suse-linux
[   69s] setting SOURCE_DATE_EPOCH=1655510400
[   69s] Executing(%prep): /usr/bin/bash -e /var/tmp/rpm-tmp.jMVp1M
[   69s] + umask 022
[   69s] + cd /home/abuild/rpmbuild/BUILD
[   69s] + cd /home/abuild/rpmbuild/BUILD
[   69s] + rm -rf pyshark-0.4.6/src
[   69s] + /usr/lib/rpm/rpmuncompress -x /home/abuild/rpmbuild/SOURCES/v0.4.6.tar.gz
[   70s] + STATUS=0
[   70s] + '[' 0 -ne 0 ']'
[   70s] + cd pyshark-0.4.6/src
[   70s] + /usr/bin/chmod -Rf a+rX,u+w,g-w,o-w .
[   70s] + RPM_EC=0
[   70s] ++ jobs -p
[   70s] + exit 0
[   70s] Executing(%build): /usr/bin/bash -e /var/tmp/rpm-tmp.zuF6R0
[   70s] + umask 022
[   70s] + cd /home/abuild/rpmbuild/BUILD
[   70s] + /usr/bin/rm -rf /home/abuild/rpmbuild/BUILDROOT/python-pyshark-0.4.6-1.1.riscv64
[   70s] ++ dirname /home/abuild/rpmbuild/BUILDROOT/python-pyshark-0.4.6-1.1.riscv64
[   70s] + /usr/bin/mkdir -p /home/abuild/rpmbuild/BUILDROOT
[   70s] + /usr/bin/mkdir /home/abuild/rpmbuild/BUILDROOT/python-pyshark-0.4.6-1.1.riscv64
[   70s] + cd pyshark-0.4.6/src
[   70s] + ref=/usr/lib/rpm
[   70s] + mints=0
[   70s] + case $(uname -m) in
[   70s] ++ uname -m
[   70s] + mints=20160911
[   70s] + for s in guess sub
[   70s] ++ find -maxdepth 8 -name config.guess
[   70s] + for s in guess sub
[   70s] ++ find -maxdepth 8 -name config.sub
[   70s] ++ '[' -f _current_flavor ']'
[   70s] ++ true
[   70s] + last_flavor=
[   70s] + '[' -z '' ']'
[   70s] + last_flavor=tmp
[   70s] + '[' tmp '!=' python38 ']'
[   70s] + '[' -d build ']'
[   70s] + '[' -d _build.python38 ']'
[   70s] + echo python38
[   70s] + python_flavor=python38
[   70s] + /usr/bin/python3.8 setup.py build '--executable=/usr/bin/python3.8 -s'
[   72s] running build
[   72s] running build_py
[   72s] creating build
[   72s] creating build/lib
[   72s] creating build/lib/pyshark
[   72s] copying pyshark/__init__.py -> build/lib/pyshark
[   72s] copying pyshark/config.py -> build/lib/pyshark
[   72s] creating build/lib/pyshark/capture
[   72s] copying pyshark/capture/__init__.py -> build/lib/pyshark/capture
[   72s] copying pyshark/capture/capture.py -> build/lib/pyshark/capture
[   72s] copying pyshark/capture/file_capture.py -> build/lib/pyshark/capture
[   72s] copying pyshark/capture/inmem_capture.py -> build/lib/pyshark/capture
[   72s] copying pyshark/capture/live_capture.py -> build/lib/pyshark/capture
[   72s] copying pyshark/capture/live_ring_capture.py -> build/lib/pyshark/capture
[   72s] copying pyshark/capture/pipe_capture.py -> build/lib/pyshark/capture
[   72s] copying pyshark/capture/remote_capture.py -> build/lib/pyshark/capture
[   72s] creating build/lib/pyshark/packet
[   72s] copying pyshark/packet/__init__.py -> build/lib/pyshark/packet
[   72s] copying pyshark/packet/common.py -> build/lib/pyshark/packet
[   72s] copying pyshark/packet/consts.py -> build/lib/pyshark/packet
[   72s] copying pyshark/packet/fields.py -> build/lib/pyshark/packet
[   72s] copying pyshark/packet/layer.py -> build/lib/pyshark/packet
[   72s] copying pyshark/packet/packet.py -> build/lib/pyshark/packet
[   72s] copying pyshark/packet/packet_summary.py -> build/lib/pyshark/packet
[   72s] creating build/lib/pyshark/tshark
[   72s] copying pyshark/tshark/__init__.py -> build/lib/pyshark/tshark
[   72s] copying pyshark/tshark/tshark.py -> build/lib/pyshark/tshark
[   72s] copying pyshark/tshark/tshark_json.py -> build/lib/pyshark/tshark
[   72s] copying pyshark/tshark/tshark_xml.py -> build/lib/pyshark/tshark
[   72s] copying pyshark/config.ini -> build/lib/pyshark
[   72s] ++ '[' -f _current_flavor ']'
[   72s] ++ cat _current_flavor
[   72s] + last_flavor=python38
[   72s] + '[' -z python38 ']'
[   72s] + '[' python38 '!=' python39 ']'
[   72s] + '[' -d build ']'
[   72s] + mv build _build.python38
[   72s] + '[' -d _build.python39 ']'
[   72s] + echo python39
[   72s] + python_flavor=python39
[   72s] + /usr/bin/python3.9 setup.py build '--executable=/usr/bin/python3.9 -s'
[   74s] running build
[   74s] running build_py
[   74s] creating build
[   74s] creating build/lib
[   74s] creating build/lib/pyshark
[   74s] copying pyshark/__init__.py -> build/lib/pyshark
[   74s] copying pyshark/config.py -> build/lib/pyshark
[   74s] creating build/lib/pyshark/capture
[   74s] copying pyshark/capture/__init__.py -> build/lib/pyshark/capture
[   74s] copying pyshark/capture/capture.py -> build/lib/pyshark/capture
[   74s] copying pyshark/capture/file_capture.py -> build/lib/pyshark/capture
[   74s] copying pyshark/capture/inmem_capture.py -> build/lib/pyshark/capture
[   74s] copying pyshark/capture/live_capture.py -> build/lib/pyshark/capture
[   74s] copying pyshark/capture/live_ring_capture.py -> build/lib/pyshark/capture
[   74s] copying pyshark/capture/pipe_capture.py -> build/lib/pyshark/capture
[   74s] copying pyshark/capture/remote_capture.py -> build/lib/pyshark/capture
[   74s] creating build/lib/pyshark/packet
[   74s] copying pyshark/packet/__init__.py -> build/lib/pyshark/packet
[   74s] copying pyshark/packet/common.py -> build/lib/pyshark/packet
[   74s] copying pyshark/packet/consts.py -> build/lib/pyshark/packet
[   74s] copying pyshark/packet/fields.py -> build/lib/pyshark/packet
[   74s] copying pyshark/packet/layer.py -> build/lib/pyshark/packet
[   74s] copying pyshark/packet/packet.py -> build/lib/pyshark/packet
[   74s] copying pyshark/packet/packet_summary.py -> build/lib/pyshark/packet
[   74s] creating build/lib/pyshark/tshark
[   74s] copying pyshark/tshark/__init__.py -> build/lib/pyshark/tshark
[   74s] copying pyshark/tshark/tshark.py -> build/lib/pyshark/tshark
[   74s] copying pyshark/tshark/tshark_json.py -> build/lib/pyshark/tshark
[   74s] copying pyshark/tshark/tshark_xml.py -> build/lib/pyshark/tshark
[   74s] copying pyshark/config.ini -> build/lib/pyshark
[   74s] ++ '[' -f _current_flavor ']'
[   74s] ++ cat _current_flavor
[   74s] + last_flavor=python39
[   74s] + '[' -z python39 ']'
[   74s] + '[' python39 '!=' python311 ']'
[   74s] + '[' -d build ']'
[   74s] + mv build _build.python39
[   74s] + '[' -d _build.python311 ']'
[   74s] + echo python311
[   74s] + python_flavor=python311
[   74s] + /usr/bin/python3.11 setup.py build '--executable=/usr/bin/python3.11 -s'
[   76s] running build
[   76s] running build_py
[   76s] creating build
[   76s] creating build/lib
[   76s] creating build/lib/pyshark
[   76s] copying pyshark/__init__.py -> build/lib/pyshark
[   76s] copying pyshark/config.py -> build/lib/pyshark
[   76s] creating build/lib/pyshark/capture
[   76s] copying pyshark/capture/__init__.py -> build/lib/pyshark/capture
[   76s] copying pyshark/capture/capture.py -> build/lib/pyshark/capture
[   76s] copying pyshark/capture/file_capture.py -> build/lib/pyshark/capture
[   76s] copying pyshark/capture/inmem_capture.py -> build/lib/pyshark/capture
[   76s] copying pyshark/capture/live_capture.py -> build/lib/pyshark/capture
[   76s] copying pyshark/capture/live_ring_capture.py -> build/lib/pyshark/capture
[   76s] copying pyshark/capture/pipe_capture.py -> build/lib/pyshark/capture
[   76s] copying pyshark/capture/remote_capture.py -> build/lib/pyshark/capture
[   76s] creating build/lib/pyshark/packet
[   76s] copying pyshark/packet/__init__.py -> build/lib/pyshark/packet
[   76s] copying pyshark/packet/common.py -> build/lib/pyshark/packet
[   76s] copying pyshark/packet/consts.py -> build/lib/pyshark/packet
[   76s] copying pyshark/packet/fields.py -> build/lib/pyshark/packet
[   76s] copying pyshark/packet/layer.py -> build/lib/pyshark/packet
[   76s] copying pyshark/packet/packet.py -> build/lib/pyshark/packet
[   76s] copying pyshark/packet/packet_summary.py -> build/lib/pyshark/packet
[   76s] creating build/lib/pyshark/tshark
[   76s] copying pyshark/tshark/__init__.py -> build/lib/pyshark/tshark
[   76s] copying pyshark/tshark/tshark.py -> build/lib/pyshark/tshark
[   76s] copying pyshark/tshark/tshark_json.py -> build/lib/pyshark/tshark
[   76s] copying pyshark/tshark/tshark_xml.py -> build/lib/pyshark/tshark
[   76s] copying pyshark/config.ini -> build/lib/pyshark
[   76s] ++ '[' -f _current_flavor ']'
[   76s] ++ cat _current_flavor
[   76s] + last_flavor=python311
[   76s] + '[' -z python311 ']'
[   76s] + '[' python311 '!=' python310 ']'
[   76s] + '[' -d build ']'
[   76s] + mv build _build.python311
[   76s] + '[' -d _build.python310 ']'
[   76s] + echo python310
[   76s] + python_flavor=python310
[   76s] + /usr/bin/python3.10 setup.py build '--executable=/usr/bin/python3.10 -s'
[   77s] running build
[   77s] running build_py
[   77s] creating build
[   77s] creating build/lib
[   77s] creating build/lib/pyshark
[   77s] copying pyshark/__init__.py -> build/lib/pyshark
[   77s] copying pyshark/config.py -> build/lib/pyshark
[   77s] creating build/lib/pyshark/capture
[   77s] copying pyshark/capture/__init__.py -> build/lib/pyshark/capture
[   77s] copying pyshark/capture/capture.py -> build/lib/pyshark/capture
[   77s] copying pyshark/capture/file_capture.py -> build/lib/pyshark/capture
[   77s] copying pyshark/capture/inmem_capture.py -> build/lib/pyshark/capture
[   77s] copying pyshark/capture/live_capture.py -> build/lib/pyshark/capture
[   77s] copying pyshark/capture/live_ring_capture.py -> build/lib/pyshark/capture
[   77s] copying pyshark/capture/pipe_capture.py -> build/lib/pyshark/capture
[   77s] copying pyshark/capture/remote_capture.py -> build/lib/pyshark/capture
[   77s] creating build/lib/pyshark/packet
[   77s] copying pyshark/packet/__init__.py -> build/lib/pyshark/packet
[   77s] copying pyshark/packet/common.py -> build/lib/pyshark/packet
[   77s] copying pyshark/packet/consts.py -> build/lib/pyshark/packet
[   77s] copying pyshark/packet/fields.py -> build/lib/pyshark/packet
[   77s] copying pyshark/packet/layer.py -> build/lib/pyshark/packet
[   77s] copying pyshark/packet/packet.py -> build/lib/pyshark/packet
[   77s] copying pyshark/packet/packet_summary.py -> build/lib/pyshark/packet
[   77s] creating build/lib/pyshark/tshark
[   77s] copying pyshark/tshark/__init__.py -> build/lib/pyshark/tshark
[   77s] copying pyshark/tshark/tshark.py -> build/lib/pyshark/tshark
[   77s] copying pyshark/tshark/tshark_json.py -> build/lib/pyshark/tshark
[   77s] copying pyshark/tshark/tshark_xml.py -> build/lib/pyshark/tshark
[   78s] copying pyshark/config.ini -> build/lib/pyshark
[   78s] + RPM_EC=0
[   78s] ++ jobs -p
[   78s] + exit 0
[   78s] Executing(%install): /usr/bin/bash -e /var/tmp/rpm-tmp.nelFpA
[   78s] + umask 022
[   78s] + cd /home/abuild/rpmbuild/BUILD
[   78s] + /usr/bin/rm -rf /home/abuild/rpmbuild/BUILDROOT/python-pyshark-0.4.6-1.1.riscv64
[   78s] + /usr/bin/mkdir -p /home/abuild/rpmbuild/BUILDROOT
[   78s] + /usr/bin/mkdir /home/abuild/rpmbuild/BUILDROOT/python-pyshark-0.4.6-1.1.riscv64
[   78s] + cd pyshark-0.4.6/src
[   78s] ++ '[' -f _current_flavor ']'
[   78s] ++ cat _current_flavor
[   78s] + last_flavor=python310
[   78s] + '[' -z python310 ']'
[   78s] + '[' python310 '!=' python38 ']'
[   78s] + '[' -d build ']'
[   78s] + mv build _build.python310
[   78s] + '[' -d _build.python38 ']'
[   78s] + mv _build.python38 build
[   78s] + echo python38
[   78s] + python_flavor=python38
[   78s] + /usr/bin/python3.8 setup.py install -O1 --skip-build --force --root /home/abuild/rpmbuild/BUILDROOT/python-pyshark-0.4.6-1.1.riscv64 --prefix /usr
[   80s] running install
[   80s] running install_lib
[   80s] creating /home/abuild/rpmbuild/BUILDROOT/python-pyshark-0.4.6-1.1.riscv64/usr
[   80s] creating /home/abuild/rpmbuild/BUILDROOT/python-pyshark-0.4.6-1.1.riscv64/usr/lib
[   80s] creating /home/abuild/rpmbuild/BUILDROOT/python-pyshark-0.4.6-1.1.riscv64/usr/lib/python3.8
[   80s] creating /home/abuild/rpmbuild/BUILDROOT/python-pyshark-0.4.6-1.1.riscv64/usr/lib/python3.8/site-packages
[   80s] creating /home/abuild/rpmbuild/BUILDROOT/python-pyshark-0.4.6-1.1.riscv64/usr/lib/python3.8/site-packages/pyshark
[   80s] copying build/lib/pyshark/__init__.py -> /home/abuild/rpmbuild/BUILDROOT/python-pyshark-0.4.6-1.1.riscv64/usr/lib/python3.8/site-packages/pyshark
[   80s] copying build/lib/pyshark/config.py -> /home/abuild/rpmbuild/BUILDROOT/python-pyshark-0.4.6-1.1.riscv64/usr/lib/python3.8/site-packages/pyshark
[   80s] creating /home/abuild/rpmbuild/BUILDROOT/python-pyshark-0.4.6-1.1.riscv64/usr/lib/python3.8/site-packages/pyshark/capture
[   80s] copying build/lib/pyshark/capture/__init__.py -> /home/abuild/rpmbuild/BUILDROOT/python-pyshark-0.4.6-1.1.riscv64/usr/lib/python3.8/site-packages/pyshark/capture
[   80s] copying build/lib/pyshark/capture/capture.py -> /home/abuild/rpmbuild/BUILDROOT/python-pyshark-0.4.6-1.1.riscv64/usr/lib/python3.8/site-packages/pyshark/capture
[   80s] copying build/lib/pyshark/capture/file_capture.py -> /home/abuild/rpmbuild/BUILDROOT/python-pyshark-0.4.6-1.1.riscv64/usr/lib/python3.8/site-packages/pyshark/capture
[   80s] copying build/lib/pyshark/capture/inmem_capture.py -> /home/abuild/rpmbuild/BUILDROOT/python-pyshark-0.4.6-1.1.riscv64/usr/lib/python3.8/site-packages/pyshark/capture
[   80s] copying build/lib/pyshark/capture/live_capture.py -> /home/abuild/rpmbuild/BUILDROOT/python-pyshark-0.4.6-1.1.riscv64/usr/lib/python3.8/site-packages/pyshark/capture
[   80s] copying build/lib/pyshark/capture/live_ring_capture.py -> /home/abuild/rpmbuild/BUILDROOT/python-pyshark-0.4.6-1.1.riscv64/usr/lib/python3.8/site-packages/pyshark/capture
[   80s] copying build/lib/pyshark/capture/pipe_capture.py -> /home/abuild/rpmbuild/BUILDROOT/python-pyshark-0.4.6-1.1.riscv64/usr/lib/python3.8/site-packages/pyshark/capture
[   80s] copying build/lib/pyshark/capture/remote_capture.py -> /home/abuild/rpmbuild/BUILDROOT/python-pyshark-0.4.6-1.1.riscv64/usr/lib/python3.8/site-packages/pyshark/capture
[   80s] creating /home/abuild/rpmbuild/BUILDROOT/python-pyshark-0.4.6-1.1.riscv64/usr/lib/python3.8/site-packages/pyshark/packet
[   80s] copying build/lib/pyshark/packet/__init__.py -> /home/abuild/rpmbuild/BUILDROOT/python-pyshark-0.4.6-1.1.riscv64/usr/lib/python3.8/site-packages/pyshark/packet
[   80s] copying build/lib/pyshark/packet/common.py -> /home/abuild/rpmbuild/BUILDROOT/python-pyshark-0.4.6-1.1.riscv64/usr/lib/python3.8/site-packages/pyshark/packet
[   80s] copying build/lib/pyshark/packet/consts.py -> /home/abuild/rpmbuild/BUILDROOT/python-pyshark-0.4.6-1.1.riscv64/usr/lib/python3.8/site-packages/pyshark/packet
[   80s] copying build/lib/pyshark/packet/fields.py -> /home/abuild/rpmbuild/BUILDROOT/python-pyshark-0.4.6-1.1.riscv64/usr/lib/python3.8/site-packages/pyshark/packet
[   80s] copying build/lib/pyshark/packet/layer.py -> /home/abuild/rpmbuild/BUILDROOT/python-pyshark-0.4.6-1.1.riscv64/usr/lib/python3.8/site-packages/pyshark/packet
[   80s] copying build/lib/pyshark/packet/packet.py -> /home/abuild/rpmbuild/BUILDROOT/python-pyshark-0.4.6-1.1.riscv64/usr/lib/python3.8/site-packages/pyshark/packet
[   80s] copying build/lib/pyshark/packet/packet_summary.py -> /home/abuild/rpmbuild/BUILDROOT/python-pyshark-0.4.6-1.1.riscv64/usr/lib/python3.8/site-packages/pyshark/packet
[   80s] creating /home/abuild/rpmbuild/BUILDROOT/python-pyshark-0.4.6-1.1.riscv64/usr/lib/python3.8/site-packages/pyshark/tshark
[   80s] copying build/lib/pyshark/tshark/__init__.py -> /home/abuild/rpmbuild/BUILDROOT/python-pyshark-0.4.6-1.1.riscv64/usr/lib/python3.8/site-packages/pyshark/tshark
[   80s] copying build/lib/pyshark/tshark/tshark.py -> /home/abuild/rpmbuild/BUILDROOT/python-pyshark-0.4.6-1.1.riscv64/usr/lib/python3.8/site-packages/pyshark/tshark
[   80s] copying build/lib/pyshark/tshark/tshark_json.py -> /home/abuild/rpmbuild/BUILDROOT/python-pyshark-0.4.6-1.1.riscv64/usr/lib/python3.8/site-packages/pyshark/tshark
[   80s] copying build/lib/pyshark/tshark/tshark_xml.py -> /home/abuild/rpmbuild/BUILDROOT/python-pyshark-0.4.6-1.1.riscv64/usr/lib/python3.8/site-packages/pyshark/tshark
[   80s] copying build/lib/pyshark/config.ini -> /home/abuild/rpmbuild/BUILDROOT/python-pyshark-0.4.6-1.1.riscv64/usr/lib/python3.8/site-packages/pyshark
[   80s] byte-compiling /home/abuild/rpmbuild/BUILDROOT/python-pyshark-0.4.6-1.1.riscv64/usr/lib/python3.8/site-packages/pyshark/__init__.py to __init__.cpython-38.pyc
[   80s] byte-compiling /home/abuild/rpmbuild/BUILDROOT/python-pyshark-0.4.6-1.1.riscv64/usr/lib/python3.8/site-packages/pyshark/config.py to config.cpython-38.pyc
[   80s] byte-compiling /home/abuild/rpmbuild/BUILDROOT/python-pyshark-0.4.6-1.1.riscv64/usr/lib/python3.8/site-packages/pyshark/capture/__init__.py to __init__.cpython-38.pyc
[   80s] byte-compiling /home/abuild/rpmbuild/BUILDROOT/python-pyshark-0.4.6-1.1.riscv64/usr/lib/python3.8/site-packages/pyshark/capture/capture.py to capture.cpython-38.pyc
[   80s] byte-compiling /home/abuild/rpmbuild/BUILDROOT/python-pyshark-0.4.6-1.1.riscv64/usr/lib/python3.8/site-packages/pyshark/capture/file_capture.py to file_capture.cpython-38.pyc
[   80s] byte-compiling /home/abuild/rpmbuild/BUILDROOT/python-pyshark-0.4.6-1.1.riscv64/usr/lib/python3.8/site-packages/pyshark/capture/inmem_capture.py to inmem_capture.cpython-38.pyc
[   80s] byte-compiling /home/abuild/rpmbuild/BUILDROOT/python-pyshark-0.4.6-1.1.riscv64/usr/lib/python3.8/site-packages/pyshark/capture/live_capture.py to live_capture.cpython-38.pyc
[   80s] byte-compiling /home/abuild/rpmbuild/BUILDROOT/python-pyshark-0.4.6-1.1.riscv64/usr/lib/python3.8/site-packages/pyshark/capture/live_ring_capture.py to live_ring_capture.cpython-38.pyc
[   80s] byte-compiling /home/abuild/rpmbuild/BUILDROOT/python-pyshark-0.4.6-1.1.riscv64/usr/lib/python3.8/site-packages/pyshark/capture/pipe_capture.py to pipe_capture.cpython-38.pyc
[   80s] byte-compiling /home/abuild/rpmbuild/BUILDROOT/python-pyshark-0.4.6-1.1.riscv64/usr/lib/python3.8/site-packages/pyshark/capture/remote_capture.py to remote_capture.cpython-38.pyc
[   80s] byte-compiling /home/abuild/rpmbuild/BUILDROOT/python-pyshark-0.4.6-1.1.riscv64/usr/lib/python3.8/site-packages/pyshark/packet/__init__.py to __init__.cpython-38.pyc
[   80s] byte-compiling /home/abuild/rpmbuild/BUILDROOT/python-pyshark-0.4.6-1.1.riscv64/usr/lib/python3.8/site-packages/pyshark/packet/common.py to common.cpython-38.pyc
[   80s] byte-compiling /home/abuild/rpmbuild/BUILDROOT/python-pyshark-0.4.6-1.1.riscv64/usr/lib/python3.8/site-packages/pyshark/packet/consts.py to consts.cpython-38.pyc
[   80s] byte-compiling /home/abuild/rpmbuild/BUILDROOT/python-pyshark-0.4.6-1.1.riscv64/usr/lib/python3.8/site-packages/pyshark/packet/fields.py to fields.cpython-38.pyc
[   80s] byte-compiling /home/abuild/rpmbuild/BUILDROOT/python-pyshark-0.4.6-1.1.riscv64/usr/lib/python3.8/site-packages/pyshark/packet/layer.py to layer.cpython-38.pyc
[   80s] byte-compiling /home/abuild/rpmbuild/BUILDROOT/python-pyshark-0.4.6-1.1.riscv64/usr/lib/python3.8/site-packages/pyshark/packet/packet.py to packet.cpython-38.pyc
[   80s] byte-compiling /home/abuild/rpmbuild/BUILDROOT/python-pyshark-0.4.6-1.1.riscv64/usr/lib/python3.8/site-packages/pyshark/packet/packet_summary.py to packet_summary.cpython-38.pyc
[   80s] byte-compiling /home/abuild/rpmbuild/BUILDROOT/python-pyshark-0.4.6-1.1.riscv64/usr/lib/python3.8/site-packages/pyshark/tshark/__init__.py to __init__.cpython-38.pyc
[   80s] byte-compiling /home/abuild/rpmbuild/BUILDROOT/python-pyshark-0.4.6-1.1.riscv64/usr/lib/python3.8/site-packages/pyshark/tshark/tshark.py to tshark.cpython-38.pyc
[   80s] byte-compiling /home/abuild/rpmbuild/BUILDROOT/python-pyshark-0.4.6-1.1.riscv64/usr/lib/python3.8/site-packages/pyshark/tshark/tshark_json.py to tshark_json.cpython-38.pyc
[   80s] byte-compiling /home/abuild/rpmbuild/BUILDROOT/python-pyshark-0.4.6-1.1.riscv64/usr/lib/python3.8/site-packages/pyshark/tshark/tshark_xml.py to tshark_xml.cpython-38.pyc
[   80s] writing byte-compilation script '/tmp/tmpdtm_7fcy.py'
[   80s] /usr/bin/python3.8 /tmp/tmpdtm_7fcy.py
[   82s] removing /tmp/tmpdtm_7fcy.py
[   82s] running install_egg_info
[   82s] running egg_info
[   82s] creating pyshark.egg-info
[   82s] writing pyshark.egg-info/PKG-INFO
[   82s] writing dependency_links to pyshark.egg-info/dependency_links.txt
[   82s] writing requirements to pyshark.egg-info/requires.txt
[   82s] writing top-level names to pyshark.egg-info/top_level.txt
[   82s] writing manifest file 'pyshark.egg-info/SOURCES.txt'
[   82s] reading manifest file 'pyshark.egg-info/SOURCES.txt'
[   82s] reading manifest template 'MANIFEST.in'
[   82s] writing manifest file 'pyshark.egg-info/SOURCES.txt'
[   82s] Copying pyshark.egg-info to /home/abuild/rpmbuild/BUILDROOT/python-pyshark-0.4.6-1.1.riscv64/usr/lib/python3.8/site-packages/pyshark-0.4.6-py3.8.egg-info
[   82s] running install_scripts
[   82s] /usr/lib/python3.8/site-packages/setuptools/command/install.py:34: SetuptoolsDeprecationWarning: setup.py install is deprecated. Use build and pip and other standards-based tools.
[   82s]   warnings.warn(
[   82s] ++ '[' -f _current_flavor ']'
[   82s] ++ cat _current_flavor
[   82s] + last_flavor=python38
[   82s] + '[' -z python38 ']'
[   82s] + '[' python38 '!=' python39 ']'
[   82s] + '[' -d build ']'
[   82s] + mv build _build.python38
[   82s] + '[' -d _build.python39 ']'
[   82s] + mv _build.python39 build
[   83s] + echo python39
[   83s] + python_flavor=python39
[   83s] + /usr/bin/python3.9 setup.py install -O1 --skip-build --force --root /home/abuild/rpmbuild/BUILDROOT/python-pyshark-0.4.6-1.1.riscv64 --prefix /usr
[   84s] running install
[   84s] /usr/lib/python3.9/site-packages/setuptools/command/install.py:34: SetuptoolsDeprecationWarning: setup.py install is deprecated. Use build and pip and other standards-based tools.
[   84s]   warnings.warn(
[   84s] running install_lib
[   84s] creating /home/abuild/rpmbuild/BUILDROOT/python-pyshark-0.4.6-1.1.riscv64/usr/lib/python3.9
[   84s] creating /home/abuild/rpmbuild/BUILDROOT/python-pyshark-0.4.6-1.1.riscv64/usr/lib/python3.9/site-packages
[   84s] creating /home/abuild/rpmbuild/BUILDROOT/python-pyshark-0.4.6-1.1.riscv64/usr/lib/python3.9/site-packages/pyshark
[   84s] copying build/lib/pyshark/__init__.py -> /home/abuild/rpmbuild/BUILDROOT/python-pyshark-0.4.6-1.1.riscv64/usr/lib/python3.9/site-packages/pyshark
[   84s] copying build/lib/pyshark/config.py -> /home/abuild/rpmbuild/BUILDROOT/python-pyshark-0.4.6-1.1.riscv64/usr/lib/python3.9/site-packages/pyshark
[   84s] creating /home/abuild/rpmbuild/BUILDROOT/python-pyshark-0.4.6-1.1.riscv64/usr/lib/python3.9/site-packages/pyshark/capture
[   84s] copying build/lib/pyshark/capture/__init__.py -> /home/abuild/rpmbuild/BUILDROOT/python-pyshark-0.4.6-1.1.riscv64/usr/lib/python3.9/site-packages/pyshark/capture
[   84s] copying build/lib/pyshark/capture/capture.py -> /home/abuild/rpmbuild/BUILDROOT/python-pyshark-0.4.6-1.1.riscv64/usr/lib/python3.9/site-packages/pyshark/capture
[   84s] copying build/lib/pyshark/capture/file_capture.py -> /home/abuild/rpmbuild/BUILDROOT/python-pyshark-0.4.6-1.1.riscv64/usr/lib/python3.9/site-packages/pyshark/capture
[   84s] copying build/lib/pyshark/capture/inmem_capture.py -> /home/abuild/rpmbuild/BUILDROOT/python-pyshark-0.4.6-1.1.riscv64/usr/lib/python3.9/site-packages/pyshark/capture
[   84s] copying build/lib/pyshark/capture/live_capture.py -> /home/abuild/rpmbuild/BUILDROOT/python-pyshark-0.4.6-1.1.riscv64/usr/lib/python3.9/site-packages/pyshark/capture
[   84s] copying build/lib/pyshark/capture/live_ring_capture.py -> /home/abuild/rpmbuild/BUILDROOT/python-pyshark-0.4.6-1.1.riscv64/usr/lib/python3.9/site-packages/pyshark/capture
[   84s] copying build/lib/pyshark/capture/pipe_capture.py -> /home/abuild/rpmbuild/BUILDROOT/python-pyshark-0.4.6-1.1.riscv64/usr/lib/python3.9/site-packages/pyshark/capture
[   84s] copying build/lib/pyshark/capture/remote_capture.py -> /home/abuild/rpmbuild/BUILDROOT/python-pyshark-0.4.6-1.1.riscv64/usr/lib/python3.9/site-packages/pyshark/capture
[   84s] creating /home/abuild/rpmbuild/BUILDROOT/python-pyshark-0.4.6-1.1.riscv64/usr/lib/python3.9/site-packages/pyshark/packet
[   84s] copying build/lib/pyshark/packet/__init__.py -> /home/abuild/rpmbuild/BUILDROOT/python-pyshark-0.4.6-1.1.riscv64/usr/lib/python3.9/site-packages/pyshark/packet
[   84s] copying build/lib/pyshark/packet/common.py -> /home/abuild/rpmbuild/BUILDROOT/python-pyshark-0.4.6-1.1.riscv64/usr/lib/python3.9/site-packages/pyshark/packet
[   84s] copying build/lib/pyshark/packet/consts.py -> /home/abuild/rpmbuild/BUILDROOT/python-pyshark-0.4.6-1.1.riscv64/usr/lib/python3.9/site-packages/pyshark/packet
[   84s] copying build/lib/pyshark/packet/fields.py -> /home/abuild/rpmbuild/BUILDROOT/python-pyshark-0.4.6-1.1.riscv64/usr/lib/python3.9/site-packages/pyshark/packet
[   84s] copying build/lib/pyshark/packet/layer.py -> /home/abuild/rpmbuild/BUILDROOT/python-pyshark-0.4.6-1.1.riscv64/usr/lib/python3.9/site-packages/pyshark/packet
[   84s] copying build/lib/pyshark/packet/packet.py -> /home/abuild/rpmbuild/BUILDROOT/python-pyshark-0.4.6-1.1.riscv64/usr/lib/python3.9/site-packages/pyshark/packet
[   84s] copying build/lib/pyshark/packet/packet_summary.py -> /home/abuild/rpmbuild/BUILDROOT/python-pyshark-0.4.6-1.1.riscv64/usr/lib/python3.9/site-packages/pyshark/packet
[   84s] creating /home/abuild/rpmbuild/BUILDROOT/python-pyshark-0.4.6-1.1.riscv64/usr/lib/python3.9/site-packages/pyshark/tshark
[   84s] copying build/lib/pyshark/tshark/__init__.py -> /home/abuild/rpmbuild/BUILDROOT/python-pyshark-0.4.6-1.1.riscv64/usr/lib/python3.9/site-packages/pyshark/tshark
[   84s] copying build/lib/pyshark/tshark/tshark.py -> /home/abuild/rpmbuild/BUILDROOT/python-pyshark-0.4.6-1.1.riscv64/usr/lib/python3.9/site-packages/pyshark/tshark
[   84s] copying build/lib/pyshark/tshark/tshark_json.py -> /home/abuild/rpmbuild/BUILDROOT/python-pyshark-0.4.6-1.1.riscv64/usr/lib/python3.9/site-packages/pyshark/tshark
[   84s] copying build/lib/pyshark/tshark/tshark_xml.py -> /home/abuild/rpmbuild/BUILDROOT/python-pyshark-0.4.6-1.1.riscv64/usr/lib/python3.9/site-packages/pyshark/tshark
[   84s] copying build/lib/pyshark/config.ini -> /home/abuild/rpmbuild/BUILDROOT/python-pyshark-0.4.6-1.1.riscv64/usr/lib/python3.9/site-packages/pyshark
[   84s] byte-compiling /home/abuild/rpmbuild/BUILDROOT/python-pyshark-0.4.6-1.1.riscv64/usr/lib/python3.9/site-packages/pyshark/__init__.py to __init__.cpython-39.pyc
[   84s] byte-compiling /home/abuild/rpmbuild/BUILDROOT/python-pyshark-0.4.6-1.1.riscv64/usr/lib/python3.9/site-packages/pyshark/config.py to config.cpython-39.pyc
[   84s] byte-compiling /home/abuild/rpmbuild/BUILDROOT/python-pyshark-0.4.6-1.1.riscv64/usr/lib/python3.9/site-packages/pyshark/capture/__init__.py to __init__.cpython-39.pyc
[   84s] byte-compiling /home/abuild/rpmbuild/BUILDROOT/python-pyshark-0.4.6-1.1.riscv64/usr/lib/python3.9/site-packages/pyshark/capture/capture.py to capture.cpython-39.pyc
[   84s] byte-compiling /home/abuild/rpmbuild/BUILDROOT/python-pyshark-0.4.6-1.1.riscv64/usr/lib/python3.9/site-packages/pyshark/capture/file_capture.py to file_capture.cpython-39.pyc
[   84s] byte-compiling /home/abuild/rpmbuild/BUILDROOT/python-pyshark-0.4.6-1.1.riscv64/usr/lib/python3.9/site-packages/pyshark/capture/inmem_capture.py to inmem_capture.cpython-39.pyc
[   85s] byte-compiling /home/abuild/rpmbuild/BUILDROOT/python-pyshark-0.4.6-1.1.riscv64/usr/lib/python3.9/site-packages/pyshark/capture/live_capture.py to live_capture.cpython-39.pyc
[   85s] byte-compiling /home/abuild/rpmbuild/BUILDROOT/python-pyshark-0.4.6-1.1.riscv64/usr/lib/python3.9/site-packages/pyshark/capture/live_ring_capture.py to live_ring_capture.cpython-39.pyc
[   85s] byte-compiling /home/abuild/rpmbuild/BUILDROOT/python-pyshark-0.4.6-1.1.riscv64/usr/lib/python3.9/site-packages/pyshark/capture/pipe_capture.py to pipe_capture.cpython-39.pyc
[   85s] byte-compiling /home/abuild/rpmbuild/BUILDROOT/python-pyshark-0.4.6-1.1.riscv64/usr/lib/python3.9/site-packages/pyshark/capture/remote_capture.py to remote_capture.cpython-39.pyc
[   85s] byte-compiling /home/abuild/rpmbuild/BUILDROOT/python-pyshark-0.4.6-1.1.riscv64/usr/lib/python3.9/site-packages/pyshark/packet/__init__.py to __init__.cpython-39.pyc
[   85s] byte-compiling /home/abuild/rpmbuild/BUILDROOT/python-pyshark-0.4.6-1.1.riscv64/usr/lib/python3.9/site-packages/pyshark/packet/common.py to common.cpython-39.pyc
[   85s] byte-compiling /home/abuild/rpmbuild/BUILDROOT/python-pyshark-0.4.6-1.1.riscv64/usr/lib/python3.9/site-packages/pyshark/packet/consts.py to consts.cpython-39.pyc
[   85s] byte-compiling /home/abuild/rpmbuild/BUILDROOT/python-pyshark-0.4.6-1.1.riscv64/usr/lib/python3.9/site-packages/pyshark/packet/fields.py to fields.cpython-39.pyc
[   85s] byte-compiling /home/abuild/rpmbuild/BUILDROOT/python-pyshark-0.4.6-1.1.riscv64/usr/lib/python3.9/site-packages/pyshark/packet/layer.py to layer.cpython-39.pyc
[   85s] byte-compiling /home/abuild/rpmbuild/BUILDROOT/python-pyshark-0.4.6-1.1.riscv64/usr/lib/python3.9/site-packages/pyshark/packet/packet.py to packet.cpython-39.pyc
[   85s] byte-compiling /home/abuild/rpmbuild/BUILDROOT/python-pyshark-0.4.6-1.1.riscv64/usr/lib/python3.9/site-packages/pyshark/packet/packet_summary.py to packet_summary.cpython-39.pyc
[   85s] byte-compiling /home/abuild/rpmbuild/BUILDROOT/python-pyshark-0.4.6-1.1.riscv64/usr/lib/python3.9/site-packages/pyshark/tshark/__init__.py to __init__.cpython-39.pyc
[   85s] byte-compiling /home/abuild/rpmbuild/BUILDROOT/python-pyshark-0.4.6-1.1.riscv64/usr/lib/python3.9/site-packages/pyshark/tshark/tshark.py to tshark.cpython-39.pyc
[   85s] byte-compiling /home/abuild/rpmbuild/BUILDROOT/python-pyshark-0.4.6-1.1.riscv64/usr/lib/python3.9/site-packages/pyshark/tshark/tshark_json.py to tshark_json.cpython-39.pyc
[   85s] byte-compiling /home/abuild/rpmbuild/BUILDROOT/python-pyshark-0.4.6-1.1.riscv64/usr/lib/python3.9/site-packages/pyshark/tshark/tshark_xml.py to tshark_xml.cpython-39.pyc
[   85s] writing byte-compilation script '/tmp/tmpmovshzth.py'
[   85s] /usr/bin/python3.9 /tmp/tmpmovshzth.py
[   87s] removing /tmp/tmpmovshzth.py
[   87s] running install_egg_info
[   87s] running egg_info
[   87s] writing pyshark.egg-info/PKG-INFO
[   87s] writing dependency_links to pyshark.egg-info/dependency_links.txt
[   87s] writing requirements to pyshark.egg-info/requires.txt
[   87s] writing top-level names to pyshark.egg-info/top_level.txt
[   87s] reading manifest file 'pyshark.egg-info/SOURCES.txt'
[   87s] reading manifest template 'MANIFEST.in'
[   87s] writing manifest file 'pyshark.egg-info/SOURCES.txt'
[   87s] Copying pyshark.egg-info to /home/abuild/rpmbuild/BUILDROOT/python-pyshark-0.4.6-1.1.riscv64/usr/lib/python3.9/site-packages/pyshark-0.4.6-py3.9.egg-info
[   87s] running install_scripts
[   87s] ++ '[' -f _current_flavor ']'
[   87s] ++ cat _current_flavor
[   87s] + last_flavor=python39
[   87s] + '[' -z python39 ']'
[   87s] + '[' python39 '!=' python311 ']'
[   87s] + '[' -d build ']'
[   87s] + mv build _build.python39
[   87s] + '[' -d _build.python311 ']'
[   87s] + mv _build.python311 build
[   87s] + echo python311
[   87s] + python_flavor=python311
[   87s] + /usr/bin/python3.11 setup.py install -O1 --skip-build --force --root /home/abuild/rpmbuild/BUILDROOT/python-pyshark-0.4.6-1.1.riscv64 --prefix /usr
[   90s] running install
[   90s] /usr/lib/python3.11/site-packages/setuptools/command/install.py:34: SetuptoolsDeprecationWarning: setup.py install is deprecated. Use build and pip and other standards-based tools.
[   90s]   warnings.warn(
[   90s] running install_lib
[   90s] creating /home/abuild/rpmbuild/BUILDROOT/python-pyshark-0.4.6-1.1.riscv64/usr/lib/python3.11
[   90s] creating /home/abuild/rpmbuild/BUILDROOT/python-pyshark-0.4.6-1.1.riscv64/usr/lib/python3.11/site-packages
[   90s] creating /home/abuild/rpmbuild/BUILDROOT/python-pyshark-0.4.6-1.1.riscv64/usr/lib/python3.11/site-packages/pyshark
[   90s] copying build/lib/pyshark/__init__.py -> /home/abuild/rpmbuild/BUILDROOT/python-pyshark-0.4.6-1.1.riscv64/usr/lib/python3.11/site-packages/pyshark
[   90s] copying build/lib/pyshark/config.py -> /home/abuild/rpmbuild/BUILDROOT/python-pyshark-0.4.6-1.1.riscv64/usr/lib/python3.11/site-packages/pyshark
[   90s] creating /home/abuild/rpmbuild/BUILDROOT/python-pyshark-0.4.6-1.1.riscv64/usr/lib/python3.11/site-packages/pyshark/capture
[   90s] copying build/lib/pyshark/capture/__init__.py -> /home/abuild/rpmbuild/BUILDROOT/python-pyshark-0.4.6-1.1.riscv64/usr/lib/python3.11/site-packages/pyshark/capture
[   90s] copying build/lib/pyshark/capture/capture.py -> /home/abuild/rpmbuild/BUILDROOT/python-pyshark-0.4.6-1.1.riscv64/usr/lib/python3.11/site-packages/pyshark/capture
[   90s] copying build/lib/pyshark/capture/file_capture.py -> /home/abuild/rpmbuild/BUILDROOT/python-pyshark-0.4.6-1.1.riscv64/usr/lib/python3.11/site-packages/pyshark/capture
[   90s] copying build/lib/pyshark/capture/inmem_capture.py -> /home/abuild/rpmbuild/BUILDROOT/python-pyshark-0.4.6-1.1.riscv64/usr/lib/python3.11/site-packages/pyshark/capture
[   90s] copying build/lib/pyshark/capture/live_capture.py -> /home/abuild/rpmbuild/BUILDROOT/python-pyshark-0.4.6-1.1.riscv64/usr/lib/python3.11/site-packages/pyshark/capture
[   90s] copying build/lib/pyshark/capture/live_ring_capture.py -> /home/abuild/rpmbuild/BUILDROOT/python-pyshark-0.4.6-1.1.riscv64/usr/lib/python3.11/site-packages/pyshark/capture
[   90s] copying build/lib/pyshark/capture/pipe_capture.py -> /home/abuild/rpmbuild/BUILDROOT/python-pyshark-0.4.6-1.1.riscv64/usr/lib/python3.11/site-packages/pyshark/capture
[   90s] copying build/lib/pyshark/capture/remote_capture.py -> /home/abuild/rpmbuild/BUILDROOT/python-pyshark-0.4.6-1.1.riscv64/usr/lib/python3.11/site-packages/pyshark/capture
[   90s] creating /home/abuild/rpmbuild/BUILDROOT/python-pyshark-0.4.6-1.1.riscv64/usr/lib/python3.11/site-packages/pyshark/packet
[   90s] copying build/lib/pyshark/packet/__init__.py -> /home/abuild/rpmbuild/BUILDROOT/python-pyshark-0.4.6-1.1.riscv64/usr/lib/python3.11/site-packages/pyshark/packet
[   90s] copying build/lib/pyshark/packet/common.py -> /home/abuild/rpmbuild/BUILDROOT/python-pyshark-0.4.6-1.1.riscv64/usr/lib/python3.11/site-packages/pyshark/packet
[   90s] copying build/lib/pyshark/packet/consts.py -> /home/abuild/rpmbuild/BUILDROOT/python-pyshark-0.4.6-1.1.riscv64/usr/lib/python3.11/site-packages/pyshark/packet
[   90s] copying build/lib/pyshark/packet/fields.py -> /home/abuild/rpmbuild/BUILDROOT/python-pyshark-0.4.6-1.1.riscv64/usr/lib/python3.11/site-packages/pyshark/packet
[   90s] copying build/lib/pyshark/packet/layer.py -> /home/abuild/rpmbuild/BUILDROOT/python-pyshark-0.4.6-1.1.riscv64/usr/lib/python3.11/site-packages/pyshark/packet
[   90s] copying build/lib/pyshark/packet/packet.py -> /home/abuild/rpmbuild/BUILDROOT/python-pyshark-0.4.6-1.1.riscv64/usr/lib/python3.11/site-packages/pyshark/packet
[   90s] copying build/lib/pyshark/packet/packet_summary.py -> /home/abuild/rpmbuild/BUILDROOT/python-pyshark-0.4.6-1.1.riscv64/usr/lib/python3.11/site-packages/pyshark/packet
[   90s] creating /home/abuild/rpmbuild/BUILDROOT/python-pyshark-0.4.6-1.1.riscv64/usr/lib/python3.11/site-packages/pyshark/tshark
[   90s] copying build/lib/pyshark/tshark/__init__.py -> /home/abuild/rpmbuild/BUILDROOT/python-pyshark-0.4.6-1.1.riscv64/usr/lib/python3.11/site-packages/pyshark/tshark
[   90s] copying build/lib/pyshark/tshark/tshark.py -> /home/abuild/rpmbuild/BUILDROOT/python-pyshark-0.4.6-1.1.riscv64/usr/lib/python3.11/site-packages/pyshark/tshark
[   90s] copying build/lib/pyshark/tshark/tshark_json.py -> /home/abuild/rpmbuild/BUILDROOT/python-pyshark-0.4.6-1.1.riscv64/usr/lib/python3.11/site-packages/pyshark/tshark
[   90s] copying build/lib/pyshark/tshark/tshark_xml.py -> /home/abuild/rpmbuild/BUILDROOT/python-pyshark-0.4.6-1.1.riscv64/usr/lib/python3.11/site-packages/pyshark/tshark
[   90s] copying build/lib/pyshark/config.ini -> /home/abuild/rpmbuild/BUILDROOT/python-pyshark-0.4.6-1.1.riscv64/usr/lib/python3.11/site-packages/pyshark
[   90s] byte-compiling /home/abuild/rpmbuild/BUILDROOT/python-pyshark-0.4.6-1.1.riscv64/usr/lib/python3.11/site-packages/pyshark/__init__.py to __init__.cpython-311.pyc
[   90s] byte-compiling /home/abuild/rpmbuild/BUILDROOT/python-pyshark-0.4.6-1.1.riscv64/usr/lib/python3.11/site-packages/pyshark/config.py to config.cpython-311.pyc
[   90s] byte-compiling /home/abuild/rpmbuild/BUILDROOT/python-pyshark-0.4.6-1.1.riscv64/usr/lib/python3.11/site-packages/pyshark/capture/__init__.py to __init__.cpython-311.pyc
[   90s] byte-compiling /home/abuild/rpmbuild/BUILDROOT/python-pyshark-0.4.6-1.1.riscv64/usr/lib/python3.11/site-packages/pyshark/capture/capture.py to capture.cpython-311.pyc
[   90s] byte-compiling /home/abuild/rpmbuild/BUILDROOT/python-pyshark-0.4.6-1.1.riscv64/usr/lib/python3.11/site-packages/pyshark/capture/file_capture.py to file_capture.cpython-311.pyc
[   90s] byte-compiling /home/abuild/rpmbuild/BUILDROOT/python-pyshark-0.4.6-1.1.riscv64/usr/lib/python3.11/site-packages/pyshark/capture/inmem_capture.py to inmem_capture.cpython-311.pyc
[   90s] byte-compiling /home/abuild/rpmbuild/BUILDROOT/python-pyshark-0.4.6-1.1.riscv64/usr/lib/python3.11/site-packages/pyshark/capture/live_capture.py to live_capture.cpython-311.pyc
[   90s] byte-compiling /home/abuild/rpmbuild/BUILDROOT/python-pyshark-0.4.6-1.1.riscv64/usr/lib/python3.11/site-packages/pyshark/capture/live_ring_capture.py to live_ring_capture.cpython-311.pyc
[   90s] byte-compiling /home/abuild/rpmbuild/BUILDROOT/python-pyshark-0.4.6-1.1.riscv64/usr/lib/python3.11/site-packages/pyshark/capture/pipe_capture.py to pipe_capture.cpython-311.pyc
[   90s] byte-compiling /home/abuild/rpmbuild/BUILDROOT/python-pyshark-0.4.6-1.1.riscv64/usr/lib/python3.11/site-packages/pyshark/capture/remote_capture.py to remote_capture.cpython-311.pyc
[   90s] byte-compiling /home/abuild/rpmbuild/BUILDROOT/python-pyshark-0.4.6-1.1.riscv64/usr/lib/python3.11/site-packages/pyshark/packet/__init__.py to __init__.cpython-311.pyc
[   90s] byte-compiling /home/abuild/rpmbuild/BUILDROOT/python-pyshark-0.4.6-1.1.riscv64/usr/lib/python3.11/site-packages/pyshark/packet/common.py to common.cpython-311.pyc
[   90s] byte-compiling /home/abuild/rpmbuild/BUILDROOT/python-pyshark-0.4.6-1.1.riscv64/usr/lib/python3.11/site-packages/pyshark/packet/consts.py to consts.cpython-311.pyc
[   90s] byte-compiling /home/abuild/rpmbuild/BUILDROOT/python-pyshark-0.4.6-1.1.riscv64/usr/lib/python3.11/site-packages/pyshark/packet/fields.py to fields.cpython-311.pyc
[   90s] byte-compiling /home/abuild/rpmbuild/BUILDROOT/python-pyshark-0.4.6-1.1.riscv64/usr/lib/python3.11/site-packages/pyshark/packet/layer.py to layer.cpython-311.pyc
[   90s] byte-compiling /home/abuild/rpmbuild/BUILDROOT/python-pyshark-0.4.6-1.1.riscv64/usr/lib/python3.11/site-packages/pyshark/packet/packet.py to packet.cpython-311.pyc
[   90s] byte-compiling /home/abuild/rpmbuild/BUILDROOT/python-pyshark-0.4.6-1.1.riscv64/usr/lib/python3.11/site-packages/pyshark/packet/packet_summary.py to packet_summary.cpython-311.pyc
[   90s] byte-compiling /home/abuild/rpmbuild/BUILDROOT/python-pyshark-0.4.6-1.1.riscv64/usr/lib/python3.11/site-packages/pyshark/tshark/__init__.py to __init__.cpython-311.pyc
[   90s] byte-compiling /home/abuild/rpmbuild/BUILDROOT/python-pyshark-0.4.6-1.1.riscv64/usr/lib/python3.11/site-packages/pyshark/tshark/tshark.py to tshark.cpython-311.pyc
[   90s] byte-compiling /home/abuild/rpmbuild/BUILDROOT/python-pyshark-0.4.6-1.1.riscv64/usr/lib/python3.11/site-packages/pyshark/tshark/tshark_json.py to tshark_json.cpython-311.pyc
[   90s] byte-compiling /home/abuild/rpmbuild/BUILDROOT/python-pyshark-0.4.6-1.1.riscv64/usr/lib/python3.11/site-packages/pyshark/tshark/tshark_xml.py to tshark_xml.cpython-311.pyc
[   90s] writing byte-compilation script '/tmp/tmpoabmnvhl.py'
[   90s] /usr/bin/python3.11 /tmp/tmpoabmnvhl.py
[   92s] removing /tmp/tmpoabmnvhl.py
[   92s] running install_egg_info
[   92s] running egg_info
[   92s] writing pyshark.egg-info/PKG-INFO
[   92s] writing dependency_links to pyshark.egg-info/dependency_links.txt
[   92s] writing requirements to pyshark.egg-info/requires.txt
[   92s] writing top-level names to pyshark.egg-info/top_level.txt
[   92s] reading manifest file 'pyshark.egg-info/SOURCES.txt'
[   92s] reading manifest template 'MANIFEST.in'
[   92s] writing manifest file 'pyshark.egg-info/SOURCES.txt'
[   92s] Copying pyshark.egg-info to /home/abuild/rpmbuild/BUILDROOT/python-pyshark-0.4.6-1.1.riscv64/usr/lib/python3.11/site-packages/pyshark-0.4.6-py3.11.egg-info
[   92s] running install_scripts
[   93s] ++ '[' -f _current_flavor ']'
[   93s] ++ cat _current_flavor
[   93s] + last_flavor=python311
[   93s] + '[' -z python311 ']'
[   93s] + '[' python311 '!=' python310 ']'
[   93s] + '[' -d build ']'
[   93s] + mv build _build.python311
[   93s] + '[' -d _build.python310 ']'
[   93s] + mv _build.python310 build
[   93s] + echo python310
[   93s] + python_flavor=python310
[   93s] + /usr/bin/python3.10 setup.py install -O1 --skip-build --force --root /home/abuild/rpmbuild/BUILDROOT/python-pyshark-0.4.6-1.1.riscv64 --prefix /usr
[   95s] running install
[   95s] /usr/lib/python3.10/site-packages/setuptools/command/install.py:34: SetuptoolsDeprecationWarning: setup.py install is deprecated. Use build and pip and other standards-based tools.
[   95s]   warnings.warn(
[   95s] running install_lib
[   95s] creating /home/abuild/rpmbuild/BUILDROOT/python-pyshark-0.4.6-1.1.riscv64/usr/lib/python3.10
[   95s] creating /home/abuild/rpmbuild/BUILDROOT/python-pyshark-0.4.6-1.1.riscv64/usr/lib/python3.10/site-packages
[   95s] creating /home/abuild/rpmbuild/BUILDROOT/python-pyshark-0.4.6-1.1.riscv64/usr/lib/python3.10/site-packages/pyshark
[   95s] copying build/lib/pyshark/__init__.py -> /home/abuild/rpmbuild/BUILDROOT/python-pyshark-0.4.6-1.1.riscv64/usr/lib/python3.10/site-packages/pyshark
[   95s] copying build/lib/pyshark/config.py -> /home/abuild/rpmbuild/BUILDROOT/python-pyshark-0.4.6-1.1.riscv64/usr/lib/python3.10/site-packages/pyshark
[   95s] creating /home/abuild/rpmbuild/BUILDROOT/python-pyshark-0.4.6-1.1.riscv64/usr/lib/python3.10/site-packages/pyshark/capture
[   95s] copying build/lib/pyshark/capture/__init__.py -> /home/abuild/rpmbuild/BUILDROOT/python-pyshark-0.4.6-1.1.riscv64/usr/lib/python3.10/site-packages/pyshark/capture
[   95s] copying build/lib/pyshark/capture/capture.py -> /home/abuild/rpmbuild/BUILDROOT/python-pyshark-0.4.6-1.1.riscv64/usr/lib/python3.10/site-packages/pyshark/capture
[   95s] copying build/lib/pyshark/capture/file_capture.py -> /home/abuild/rpmbuild/BUILDROOT/python-pyshark-0.4.6-1.1.riscv64/usr/lib/python3.10/site-packages/pyshark/capture
[   95s] copying build/lib/pyshark/capture/inmem_capture.py -> /home/abuild/rpmbuild/BUILDROOT/python-pyshark-0.4.6-1.1.riscv64/usr/lib/python3.10/site-packages/pyshark/capture
[   95s] copying build/lib/pyshark/capture/live_capture.py -> /home/abuild/rpmbuild/BUILDROOT/python-pyshark-0.4.6-1.1.riscv64/usr/lib/python3.10/site-packages/pyshark/capture
[   95s] copying build/lib/pyshark/capture/live_ring_capture.py -> /home/abuild/rpmbuild/BUILDROOT/python-pyshark-0.4.6-1.1.riscv64/usr/lib/python3.10/site-packages/pyshark/capture
[   95s] copying build/lib/pyshark/capture/pipe_capture.py -> /home/abuild/rpmbuild/BUILDROOT/python-pyshark-0.4.6-1.1.riscv64/usr/lib/python3.10/site-packages/pyshark/capture
[   95s] copying build/lib/pyshark/capture/remote_capture.py -> /home/abuild/rpmbuild/BUILDROOT/python-pyshark-0.4.6-1.1.riscv64/usr/lib/python3.10/site-packages/pyshark/capture
[   95s] creating /home/abuild/rpmbuild/BUILDROOT/python-pyshark-0.4.6-1.1.riscv64/usr/lib/python3.10/site-packages/pyshark/packet
[   95s] copying build/lib/pyshark/packet/__init__.py -> /home/abuild/rpmbuild/BUILDROOT/python-pyshark-0.4.6-1.1.riscv64/usr/lib/python3.10/site-packages/pyshark/packet
[   95s] copying build/lib/pyshark/packet/common.py -> /home/abuild/rpmbuild/BUILDROOT/python-pyshark-0.4.6-1.1.riscv64/usr/lib/python3.10/site-packages/pyshark/packet
[   95s] copying build/lib/pyshark/packet/consts.py -> /home/abuild/rpmbuild/BUILDROOT/python-pyshark-0.4.6-1.1.riscv64/usr/lib/python3.10/site-packages/pyshark/packet
[   95s] copying build/lib/pyshark/packet/fields.py -> /home/abuild/rpmbuild/BUILDROOT/python-pyshark-0.4.6-1.1.riscv64/usr/lib/python3.10/site-packages/pyshark/packet
[   95s] copying build/lib/pyshark/packet/layer.py -> /home/abuild/rpmbuild/BUILDROOT/python-pyshark-0.4.6-1.1.riscv64/usr/lib/python3.10/site-packages/pyshark/packet
[   95s] copying build/lib/pyshark/packet/packet.py -> /home/abuild/rpmbuild/BUILDROOT/python-pyshark-0.4.6-1.1.riscv64/usr/lib/python3.10/site-packages/pyshark/packet
[   95s] copying build/lib/pyshark/packet/packet_summary.py -> /home/abuild/rpmbuild/BUILDROOT/python-pyshark-0.4.6-1.1.riscv64/usr/lib/python3.10/site-packages/pyshark/packet
[   95s] creating /home/abuild/rpmbuild/BUILDROOT/python-pyshark-0.4.6-1.1.riscv64/usr/lib/python3.10/site-packages/pyshark/tshark
[   95s] copying build/lib/pyshark/tshark/__init__.py -> /home/abuild/rpmbuild/BUILDROOT/python-pyshark-0.4.6-1.1.riscv64/usr/lib/python3.10/site-packages/pyshark/tshark
[   95s] copying build/lib/pyshark/tshark/tshark.py -> /home/abuild/rpmbuild/BUILDROOT/python-pyshark-0.4.6-1.1.riscv64/usr/lib/python3.10/site-packages/pyshark/tshark
[   95s] copying build/lib/pyshark/tshark/tshark_json.py -> /home/abuild/rpmbuild/BUILDROOT/python-pyshark-0.4.6-1.1.riscv64/usr/lib/python3.10/site-packages/pyshark/tshark
[   95s] copying build/lib/pyshark/tshark/tshark_xml.py -> /home/abuild/rpmbuild/BUILDROOT/python-pyshark-0.4.6-1.1.riscv64/usr/lib/python3.10/site-packages/pyshark/tshark
[   95s] copying build/lib/pyshark/config.ini -> /home/abuild/rpmbuild/BUILDROOT/python-pyshark-0.4.6-1.1.riscv64/usr/lib/python3.10/site-packages/pyshark
[   95s] byte-compiling /home/abuild/rpmbuild/BUILDROOT/python-pyshark-0.4.6-1.1.riscv64/usr/lib/python3.10/site-packages/pyshark/__init__.py to __init__.cpython-310.pyc
[   95s] byte-compiling /home/abuild/rpmbuild/BUILDROOT/python-pyshark-0.4.6-1.1.riscv64/usr/lib/python3.10/site-packages/pyshark/config.py to config.cpython-310.pyc
[   95s] byte-compiling /home/abuild/rpmbuild/BUILDROOT/python-pyshark-0.4.6-1.1.riscv64/usr/lib/python3.10/site-packages/pyshark/capture/__init__.py to __init__.cpython-310.pyc
[   95s] byte-compiling /home/abuild/rpmbuild/BUILDROOT/python-pyshark-0.4.6-1.1.riscv64/usr/lib/python3.10/site-packages/pyshark/capture/capture.py to capture.cpython-310.pyc
[   96s] byte-compiling /home/abuild/rpmbuild/BUILDROOT/python-pyshark-0.4.6-1.1.riscv64/usr/lib/python3.10/site-packages/pyshark/capture/file_capture.py to file_capture.cpython-310.pyc
[   96s] byte-compiling /home/abuild/rpmbuild/BUILDROOT/python-pyshark-0.4.6-1.1.riscv64/usr/lib/python3.10/site-packages/pyshark/capture/inmem_capture.py to inmem_capture.cpython-310.pyc
[   96s] byte-compiling /home/abuild/rpmbuild/BUILDROOT/python-pyshark-0.4.6-1.1.riscv64/usr/lib/python3.10/site-packages/pyshark/capture/live_capture.py to live_capture.cpython-310.pyc
[   96s] byte-compiling /home/abuild/rpmbuild/BUILDROOT/python-pyshark-0.4.6-1.1.riscv64/usr/lib/python3.10/site-packages/pyshark/capture/live_ring_capture.py to live_ring_capture.cpython-310.pyc
[   96s] byte-compiling /home/abuild/rpmbuild/BUILDROOT/python-pyshark-0.4.6-1.1.riscv64/usr/lib/python3.10/site-packages/pyshark/capture/pipe_capture.py to pipe_capture.cpython-310.pyc
[   96s] byte-compiling /home/abuild/rpmbuild/BUILDROOT/python-pyshark-0.4.6-1.1.riscv64/usr/lib/python3.10/site-packages/pyshark/capture/remote_capture.py to remote_capture.cpython-310.pyc
[   96s] byte-compiling /home/abuild/rpmbuild/BUILDROOT/python-pyshark-0.4.6-1.1.riscv64/usr/lib/python3.10/site-packages/pyshark/packet/__init__.py to __init__.cpython-310.pyc
[   96s] byte-compiling /home/abuild/rpmbuild/BUILDROOT/python-pyshark-0.4.6-1.1.riscv64/usr/lib/python3.10/site-packages/pyshark/packet/common.py to common.cpython-310.pyc
[   96s] byte-compiling /home/abuild/rpmbuild/BUILDROOT/python-pyshark-0.4.6-1.1.riscv64/usr/lib/python3.10/site-packages/pyshark/packet/consts.py to consts.cpython-310.pyc
[   96s] byte-compiling /home/abuild/rpmbuild/BUILDROOT/python-pyshark-0.4.6-1.1.riscv64/usr/lib/python3.10/site-packages/pyshark/packet/fields.py to fields.cpython-310.pyc
[   96s] byte-compiling /home/abuild/rpmbuild/BUILDROOT/python-pyshark-0.4.6-1.1.riscv64/usr/lib/python3.10/site-packages/pyshark/packet/layer.py to layer.cpython-310.pyc
[   96s] byte-compiling /home/abuild/rpmbuild/BUILDROOT/python-pyshark-0.4.6-1.1.riscv64/usr/lib/python3.10/site-packages/pyshark/packet/packet.py to packet.cpython-310.pyc
[   96s] byte-compiling /home/abuild/rpmbuild/BUILDROOT/python-pyshark-0.4.6-1.1.riscv64/usr/lib/python3.10/site-packages/pyshark/packet/packet_summary.py to packet_summary.cpython-310.pyc
[   96s] byte-compiling /home/abuild/rpmbuild/BUILDROOT/python-pyshark-0.4.6-1.1.riscv64/usr/lib/python3.10/site-packages/pyshark/tshark/__init__.py to __init__.cpython-310.pyc
[   96s] byte-compiling /home/abuild/rpmbuild/BUILDROOT/python-pyshark-0.4.6-1.1.riscv64/usr/lib/python3.10/site-packages/pyshark/tshark/tshark.py to tshark.cpython-310.pyc
[   96s] byte-compiling /home/abuild/rpmbuild/BUILDROOT/python-pyshark-0.4.6-1.1.riscv64/usr/lib/python3.10/site-packages/pyshark/tshark/tshark_json.py to tshark_json.cpython-310.pyc
[   96s] byte-compiling /home/abuild/rpmbuild/BUILDROOT/python-pyshark-0.4.6-1.1.riscv64/usr/lib/python3.10/site-packages/pyshark/tshark/tshark_xml.py to tshark_xml.cpython-310.pyc
[   96s] writing byte-compilation script '/tmp/tmpby95l0hi.py'
[   96s] /usr/bin/python3.10 /tmp/tmpby95l0hi.py
[   98s] removing /tmp/tmpby95l0hi.py
[   98s] running install_egg_info
[   99s] running egg_info
[   99s] writing pyshark.egg-info/PKG-INFO
[   99s] writing dependency_links to pyshark.egg-info/dependency_links.txt
[   99s] writing requirements to pyshark.egg-info/requires.txt
[   99s] writing top-level names to pyshark.egg-info/top_level.txt
[   99s] reading manifest file 'pyshark.egg-info/SOURCES.txt'
[   99s] reading manifest template 'MANIFEST.in'
[   99s] writing manifest file 'pyshark.egg-info/SOURCES.txt'
[   99s] Copying pyshark.egg-info to /home/abuild/rpmbuild/BUILDROOT/python-pyshark-0.4.6-1.1.riscv64/usr/lib/python3.10/site-packages/pyshark-0.4.6-py3.10.egg-info
[   99s] running install_scripts
[   99s] ++ '[' -f _current_flavor ']'
[   99s] ++ cat _current_flavor
[   99s] + last_flavor=python310
[   99s] + '[' -z python310 ']'
[   99s] + '[' python310 '!=' python38 ']'
[   99s] + '[' -d build ']'
[   99s] + mv build _build.python310
[   99s] + '[' -d _build.python38 ']'
[   99s] + mv _build.python38 build
[   99s] + echo python38
[   99s] + python_flavor=python38
[   99s] + /usr/lib/rpm/fdupes_wrapper /home/abuild/rpmbuild/BUILDROOT/python-pyshark-0.4.6-1.1.riscv64/usr/lib/python3.8/site-packages
[  100s] Linking /home/abuild/rpmbuild/BUILDROOT/python-pyshark-0.4.6-1.1.riscv64/usr/lib/python3.8/site-packages/pyshark/__pycache__/__init__.cpython-38.opt-1.pyc -> /home/abuild/rpmbuild/BUILDROOT/python-pyshark-0.4.6-1.1.riscv64/usr/lib/python3.8/site-packages/pyshark/__pycache__/__init__.cpython-38.pyc
[  100s] Linking /home/abuild/rpmbuild/BUILDROOT/python-pyshark-0.4.6-1.1.riscv64/usr/lib/python3.8/site-packages/pyshark/tshark/__pycache__/tshark_xml.cpython-38.opt-1.pyc -> /home/abuild/rpmbuild/BUILDROOT/python-pyshark-0.4.6-1.1.riscv64/usr/lib/python3.8/site-packages/pyshark/tshark/__pycache__/tshark_xml.cpython-38.pyc
[  100s] Linking /home/abuild/rpmbuild/BUILDROOT/python-pyshark-0.4.6-1.1.riscv64/usr/lib/python3.8/site-packages/pyshark/tshark/__pycache__/tshark.cpython-38.opt-1.pyc -> /home/abuild/rpmbuild/BUILDROOT/python-pyshark-0.4.6-1.1.riscv64/usr/lib/python3.8/site-packages/pyshark/tshark/__pycache__/tshark.cpython-38.pyc
[  100s] Linking /home/abuild/rpmbuild/BUILDROOT/python-pyshark-0.4.6-1.1.riscv64/usr/lib/python3.8/site-packages/pyshark/tshark/__pycache__/__init__.cpython-38.opt-1.pyc -> /home/abuild/rpmbuild/BUILDROOT/python-pyshark-0.4.6-1.1.riscv64/usr/lib/python3.8/site-packages/pyshark/tshark/__pycache__/__init__.cpython-38.pyc
[  100s] Linking /home/abuild/rpmbuild/BUILDROOT/python-pyshark-0.4.6-1.1.riscv64/usr/lib/python3.8/site-packages/pyshark/tshark/__pycache__/tshark_json.cpython-38.opt-1.pyc -> /home/abuild/rpmbuild/BUILDROOT/python-pyshark-0.4.6-1.1.riscv64/usr/lib/python3.8/site-packages/pyshark/tshark/__pycache__/tshark_json.cpython-38.pyc
[  100s] Linking /home/abuild/rpmbuild/BUILDROOT/python-pyshark-0.4.6-1.1.riscv64/usr/lib/python3.8/site-packages/pyshark/packet/__pycache__/packet.cpython-38.opt-1.pyc -> /home/abuild/rpmbuild/BUILDROOT/python-pyshark-0.4.6-1.1.riscv64/usr/lib/python3.8/site-packages/pyshark/packet/__pycache__/packet.cpython-38.pyc
[  100s] Linking /home/abuild/rpmbuild/BUILDROOT/python-pyshark-0.4.6-1.1.riscv64/usr/lib/python3.8/site-packages/pyshark/packet/__pycache__/layer.cpython-38.opt-1.pyc -> /home/abuild/rpmbuild/BUILDROOT/python-pyshark-0.4.6-1.1.riscv64/usr/lib/python3.8/site-packages/pyshark/packet/__pycache__/layer.cpython-38.pyc
[  100s] Linking /home/abuild/rpmbuild/BUILDROOT/python-pyshark-0.4.6-1.1.riscv64/usr/lib/python3.8/site-packages/pyshark/packet/__pycache__/fields.cpython-38.opt-1.pyc -> /home/abuild/rpmbuild/BUILDROOT/python-pyshark-0.4.6-1.1.riscv64/usr/lib/python3.8/site-packages/pyshark/packet/__pycache__/fields.cpython-38.pyc
[  100s] Linking /home/abuild/rpmbuild/BUILDROOT/python-pyshark-0.4.6-1.1.riscv64/usr/lib/python3.8/site-packages/pyshark/packet/__pycache__/consts.cpython-38.opt-1.pyc -> /home/abuild/rpmbuild/BUILDROOT/python-pyshark-0.4.6-1.1.riscv64/usr/lib/python3.8/site-packages/pyshark/packet/__pycache__/consts.cpython-38.pyc
[  100s] Linking /home/abuild/rpmbuild/BUILDROOT/python-pyshark-0.4.6-1.1.riscv64/usr/lib/python3.8/site-packages/pyshark/packet/__pycache__/common.cpython-38.opt-1.pyc -> /home/abuild/rpmbuild/BUILDROOT/python-pyshark-0.4.6-1.1.riscv64/usr/lib/python3.8/site-packages/pyshark/packet/__pycache__/common.cpython-38.pyc
[  100s] Linking /home/abuild/rpmbuild/BUILDROOT/python-pyshark-0.4.6-1.1.riscv64/usr/lib/python3.8/site-packages/pyshark/packet/__pycache__/__init__.cpython-38.opt-1.pyc -> /home/abuild/rpmbuild/BUILDROOT/python-pyshark-0.4.6-1.1.riscv64/usr/lib/python3.8/site-packages/pyshark/packet/__pycache__/__init__.cpython-38.pyc
[  100s] Linking /home/abuild/rpmbuild/BUILDROOT/python-pyshark-0.4.6-1.1.riscv64/usr/lib/python3.8/site-packages/pyshark/packet/__pycache__/packet_summary.cpython-38.opt-1.pyc -> /home/abuild/rpmbuild/BUILDROOT/python-pyshark-0.4.6-1.1.riscv64/usr/lib/python3.8/site-packages/pyshark/packet/__pycache__/packet_summary.cpython-38.pyc
[  100s] Linking /home/abuild/rpmbuild/BUILDROOT/python-pyshark-0.4.6-1.1.riscv64/usr/lib/python3.8/site-packages/pyshark/capture/__pycache__/pipe_capture.cpython-38.opt-1.pyc -> /home/abuild/rpmbuild/BUILDROOT/python-pyshark-0.4.6-1.1.riscv64/usr/lib/python3.8/site-packages/pyshark/capture/__pycache__/pipe_capture.cpython-38.pyc
[  100s] Linking /home/abuild/rpmbuild/BUILDROOT/python-pyshark-0.4.6-1.1.riscv64/usr/lib/python3.8/site-packages/pyshark/capture/__pycache__/live_capture.cpython-38.opt-1.pyc -> /home/abuild/rpmbuild/BUILDROOT/python-pyshark-0.4.6-1.1.riscv64/usr/lib/python3.8/site-packages/pyshark/capture/__pycache__/live_capture.cpython-38.pyc
[  100s] Linking /home/abuild/rpmbuild/BUILDROOT/python-pyshark-0.4.6-1.1.riscv64/usr/lib/python3.8/site-packages/pyshark/capture/__pycache__/inmem_capture.cpython-38.opt-1.pyc -> /home/abuild/rpmbuild/BUILDROOT/python-pyshark-0.4.6-1.1.riscv64/usr/lib/python3.8/site-packages/pyshark/capture/__pycache__/inmem_capture.cpython-38.pyc
[  100s] Linking /home/abuild/rpmbuild/BUILDROOT/python-pyshark-0.4.6-1.1.riscv64/usr/lib/python3.8/site-packages/pyshark/capture/__pycache__/capture.cpython-38.opt-1.pyc -> /home/abuild/rpmbuild/BUILDROOT/python-pyshark-0.4.6-1.1.riscv64/usr/lib/python3.8/site-packages/pyshark/capture/__pycache__/capture.cpython-38.pyc
[  100s] Linking /home/abuild/rpmbuild/BUILDROOT/python-pyshark-0.4.6-1.1.riscv64/usr/lib/python3.8/site-packages/pyshark/capture/__pycache__/__init__.cpython-38.opt-1.pyc -> /home/abuild/rpmbuild/BUILDROOT/python-pyshark-0.4.6-1.1.riscv64/usr/lib/python3.8/site-packages/pyshark/capture/__pycache__/__init__.cpython-38.pyc
[  100s] Linking /home/abuild/rpmbuild/BUILDROOT/python-pyshark-0.4.6-1.1.riscv64/usr/lib/python3.8/site-packages/pyshark/capture/__pycache__/file_capture.cpython-38.opt-1.pyc -> /home/abuild/rpmbuild/BUILDROOT/python-pyshark-0.4.6-1.1.riscv64/usr/lib/python3.8/site-packages/pyshark/capture/__pycache__/file_capture.cpython-38.pyc
[  100s] ++ '[' -f _current_flavor ']'
[  100s] ++ cat _current_flavor
[  100s] + last_flavor=python38
[  100s] + '[' -z python38 ']'
[  100s] + '[' python38 '!=' python39 ']'
[  100s] + '[' -d build ']'
[  100s] + mv build _build.python38
[  100s] + '[' -d _build.python39 ']'
[  100s] + mv _build.python39 build
[  100s] + echo python39
[  100s] + python_flavor=python39
[  100s] + /usr/lib/rpm/fdupes_wrapper /home/abuild/rpmbuild/BUILDROOT/python-pyshark-0.4.6-1.1.riscv64/usr/lib/python3.9/site-packages
[  100s] Linking /home/abuild/rpmbuild/BUILDROOT/python-pyshark-0.4.6-1.1.riscv64/usr/lib/python3.9/site-packages/pyshark/__pycache__/__init__.cpython-39.opt-1.pyc -> /home/abuild/rpmbuild/BUILDROOT/python-pyshark-0.4.6-1.1.riscv64/usr/lib/python3.9/site-packages/pyshark/__pycache__/__init__.cpython-39.pyc
[  100s] Linking /home/abuild/rpmbuild/BUILDROOT/python-pyshark-0.4.6-1.1.riscv64/usr/lib/python3.9/site-packages/pyshark/tshark/__pycache__/tshark_xml.cpython-39.opt-1.pyc -> /home/abuild/rpmbuild/BUILDROOT/python-pyshark-0.4.6-1.1.riscv64/usr/lib/python3.9/site-packages/pyshark/tshark/__pycache__/tshark_xml.cpython-39.pyc
[  100s] Linking /home/abuild/rpmbuild/BUILDROOT/python-pyshark-0.4.6-1.1.riscv64/usr/lib/python3.9/site-packages/pyshark/tshark/__pycache__/tshark.cpython-39.opt-1.pyc -> /home/abuild/rpmbuild/BUILDROOT/python-pyshark-0.4.6-1.1.riscv64/usr/lib/python3.9/site-packages/pyshark/tshark/__pycache__/tshark.cpython-39.pyc
[  100s] Linking /home/abuild/rpmbuild/BUILDROOT/python-pyshark-0.4.6-1.1.riscv64/usr/lib/python3.9/site-packages/pyshark/tshark/__pycache__/__init__.cpython-39.opt-1.pyc -> /home/abuild/rpmbuild/BUILDROOT/python-pyshark-0.4.6-1.1.riscv64/usr/lib/python3.9/site-packages/pyshark/tshark/__pycache__/__init__.cpython-39.pyc
[  100s] Linking /home/abuild/rpmbuild/BUILDROOT/python-pyshark-0.4.6-1.1.riscv64/usr/lib/python3.9/site-packages/pyshark/tshark/__pycache__/tshark_json.cpython-39.opt-1.pyc -> /home/abuild/rpmbuild/BUILDROOT/python-pyshark-0.4.6-1.1.riscv64/usr/lib/python3.9/site-packages/pyshark/tshark/__pycache__/tshark_json.cpython-39.pyc
[  100s] Linking /home/abuild/rpmbuild/BUILDROOT/python-pyshark-0.4.6-1.1.riscv64/usr/lib/python3.9/site-packages/pyshark/packet/__pycache__/packet.cpython-39.opt-1.pyc -> /home/abuild/rpmbuild/BUILDROOT/python-pyshark-0.4.6-1.1.riscv64/usr/lib/python3.9/site-packages/pyshark/packet/__pycache__/packet.cpython-39.pyc
[  100s] Linking /home/abuild/rpmbuild/BUILDROOT/python-pyshark-0.4.6-1.1.riscv64/usr/lib/python3.9/site-packages/pyshark/packet/__pycache__/layer.cpython-39.opt-1.pyc -> /home/abuild/rpmbuild/BUILDROOT/python-pyshark-0.4.6-1.1.riscv64/usr/lib/python3.9/site-packages/pyshark/packet/__pycache__/layer.cpython-39.pyc
[  100s] Linking /home/abuild/rpmbuild/BUILDROOT/python-pyshark-0.4.6-1.1.riscv64/usr/lib/python3.9/site-packages/pyshark/packet/__pycache__/fields.cpython-39.opt-1.pyc -> /home/abuild/rpmbuild/BUILDROOT/python-pyshark-0.4.6-1.1.riscv64/usr/lib/python3.9/site-packages/pyshark/packet/__pycache__/fields.cpython-39.pyc
[  100s] Linking /home/abuild/rpmbuild/BUILDROOT/python-pyshark-0.4.6-1.1.riscv64/usr/lib/python3.9/site-packages/pyshark/packet/__pycache__/consts.cpython-39.opt-1.pyc -> /home/abuild/rpmbuild/BUILDROOT/python-pyshark-0.4.6-1.1.riscv64/usr/lib/python3.9/site-packages/pyshark/packet/__pycache__/consts.cpython-39.pyc
[  100s] Linking /home/abuild/rpmbuild/BUILDROOT/python-pyshark-0.4.6-1.1.riscv64/usr/lib/python3.9/site-packages/pyshark/packet/__pycache__/common.cpython-39.opt-1.pyc -> /home/abuild/rpmbuild/BUILDROOT/python-pyshark-0.4.6-1.1.riscv64/usr/lib/python3.9/site-packages/pyshark/packet/__pycache__/common.cpython-39.pyc
[  100s] Linking /home/abuild/rpmbuild/BUILDROOT/python-pyshark-0.4.6-1.1.riscv64/usr/lib/python3.9/site-packages/pyshark/packet/__pycache__/__init__.cpython-39.opt-1.pyc -> /home/abuild/rpmbuild/BUILDROOT/python-pyshark-0.4.6-1.1.riscv64/usr/lib/python3.9/site-packages/pyshark/packet/__pycache__/__init__.cpython-39.pyc
[  100s] Linking /home/abuild/rpmbuild/BUILDROOT/python-pyshark-0.4.6-1.1.riscv64/usr/lib/python3.9/site-packages/pyshark/packet/__pycache__/packet_summary.cpython-39.opt-1.pyc -> /home/abuild/rpmbuild/BUILDROOT/python-pyshark-0.4.6-1.1.riscv64/usr/lib/python3.9/site-packages/pyshark/packet/__pycache__/packet_summary.cpython-39.pyc
[  100s] Linking /home/abuild/rpmbuild/BUILDROOT/python-pyshark-0.4.6-1.1.riscv64/usr/lib/python3.9/site-packages/pyshark/capture/__pycache__/pipe_capture.cpython-39.opt-1.pyc -> /home/abuild/rpmbuild/BUILDROOT/python-pyshark-0.4.6-1.1.riscv64/usr/lib/python3.9/site-packages/pyshark/capture/__pycache__/pipe_capture.cpython-39.pyc
[  100s] Linking /home/abuild/rpmbuild/BUILDROOT/python-pyshark-0.4.6-1.1.riscv64/usr/lib/python3.9/site-packages/pyshark/capture/__pycache__/live_capture.cpython-39.opt-1.pyc -> /home/abuild/rpmbuild/BUILDROOT/python-pyshark-0.4.6-1.1.riscv64/usr/lib/python3.9/site-packages/pyshark/capture/__pycache__/live_capture.cpython-39.pyc
[  100s] Linking /home/abuild/rpmbuild/BUILDROOT/python-pyshark-0.4.6-1.1.riscv64/usr/lib/python3.9/site-packages/pyshark/capture/__pycache__/inmem_capture.cpython-39.opt-1.pyc -> /home/abuild/rpmbuild/BUILDROOT/python-pyshark-0.4.6-1.1.riscv64/usr/lib/python3.9/site-packages/pyshark/capture/__pycache__/inmem_capture.cpython-39.pyc
[  100s] Linking /home/abuild/rpmbuild/BUILDROOT/python-pyshark-0.4.6-1.1.riscv64/usr/lib/python3.9/site-packages/pyshark/capture/__pycache__/capture.cpython-39.opt-1.pyc -> /home/abuild/rpmbuild/BUILDROOT/python-pyshark-0.4.6-1.1.riscv64/usr/lib/python3.9/site-packages/pyshark/capture/__pycache__/capture.cpython-39.pyc
[  100s] Linking /home/abuild/rpmbuild/BUILDROOT/python-pyshark-0.4.6-1.1.riscv64/usr/lib/python3.9/site-packages/pyshark/capture/__pycache__/__init__.cpython-39.opt-1.pyc -> /home/abuild/rpmbuild/BUILDROOT/python-pyshark-0.4.6-1.1.riscv64/usr/lib/python3.9/site-packages/pyshark/capture/__pycache__/__init__.cpython-39.pyc
[  100s] Linking /home/abuild/rpmbuild/BUILDROOT/python-pyshark-0.4.6-1.1.riscv64/usr/lib/python3.9/site-packages/pyshark/capture/__pycache__/file_capture.cpython-39.opt-1.pyc -> /home/abuild/rpmbuild/BUILDROOT/python-pyshark-0.4.6-1.1.riscv64/usr/lib/python3.9/site-packages/pyshark/capture/__pycache__/file_capture.cpython-39.pyc
[  100s] ++ '[' -f _current_flavor ']'
[  100s] ++ cat _current_flavor
[  100s] + last_flavor=python39
[  100s] + '[' -z python39 ']'
[  100s] + '[' python39 '!=' python311 ']'
[  100s] + '[' -d build ']'
[  100s] + mv build _build.python39
[  100s] + '[' -d _build.python311 ']'
[  100s] + mv _build.python311 build
[  100s] + echo python311
[  100s] + python_flavor=python311
[  100s] + /usr/lib/rpm/fdupes_wrapper /home/abuild/rpmbuild/BUILDROOT/python-pyshark-0.4.6-1.1.riscv64/usr/lib/python3.11/site-packages
[  100s] Linking /home/abuild/rpmbuild/BUILDROOT/python-pyshark-0.4.6-1.1.riscv64/usr/lib/python3.11/site-packages/pyshark/__pycache__/config.cpython-311.opt-1.pyc -> /home/abuild/rpmbuild/BUILDROOT/python-pyshark-0.4.6-1.1.riscv64/usr/lib/python3.11/site-packages/pyshark/__pycache__/config.cpython-311.pyc
[  100s] Linking /home/abuild/rpmbuild/BUILDROOT/python-pyshark-0.4.6-1.1.riscv64/usr/lib/python3.11/site-packages/pyshark/__pycache__/__init__.cpython-311.opt-1.pyc -> /home/abuild/rpmbuild/BUILDROOT/python-pyshark-0.4.6-1.1.riscv64/usr/lib/python3.11/site-packages/pyshark/__pycache__/__init__.cpython-311.pyc
[  100s] Linking /home/abuild/rpmbuild/BUILDROOT/python-pyshark-0.4.6-1.1.riscv64/usr/lib/python3.11/site-packages/pyshark/tshark/__pycache__/tshark_xml.cpython-311.opt-1.pyc -> /home/abuild/rpmbuild/BUILDROOT/python-pyshark-0.4.6-1.1.riscv64/usr/lib/python3.11/site-packages/pyshark/tshark/__pycache__/tshark_xml.cpython-311.pyc
[  100s] Linking /home/abuild/rpmbuild/BUILDROOT/python-pyshark-0.4.6-1.1.riscv64/usr/lib/python3.11/site-packages/pyshark/tshark/__pycache__/tshark_json.cpython-311.opt-1.pyc -> /home/abuild/rpmbuild/BUILDROOT/python-pyshark-0.4.6-1.1.riscv64/usr/lib/python3.11/site-packages/pyshark/tshark/__pycache__/tshark_json.cpython-311.pyc
[  100s] Linking /home/abuild/rpmbuild/BUILDROOT/python-pyshark-0.4.6-1.1.riscv64/usr/lib/python3.11/site-packages/pyshark/tshark/__pycache__/tshark.cpython-311.opt-1.pyc -> /home/abuild/rpmbuild/BUILDROOT/python-pyshark-0.4.6-1.1.riscv64/usr/lib/python3.11/site-packages/pyshark/tshark/__pycache__/tshark.cpython-311.pyc
[  100s] Linking /home/abuild/rpmbuild/BUILDROOT/python-pyshark-0.4.6-1.1.riscv64/usr/lib/python3.11/site-packages/pyshark/tshark/__pycache__/__init__.cpython-311.opt-1.pyc -> /home/abuild/rpmbuild/BUILDROOT/python-pyshark-0.4.6-1.1.riscv64/usr/lib/python3.11/site-packages/pyshark/tshark/__pycache__/__init__.cpython-311.pyc
[  100s] Linking /home/abuild/rpmbuild/BUILDROOT/python-pyshark-0.4.6-1.1.riscv64/usr/lib/python3.11/site-packages/pyshark/packet/__pycache__/packet.cpython-311.opt-1.pyc -> /home/abuild/rpmbuild/BUILDROOT/python-pyshark-0.4.6-1.1.riscv64/usr/lib/python3.11/site-packages/pyshark/packet/__pycache__/packet.cpython-311.pyc
[  100s] Linking /home/abuild/rpmbuild/BUILDROOT/python-pyshark-0.4.6-1.1.riscv64/usr/lib/python3.11/site-packages/pyshark/packet/__pycache__/layer.cpython-311.opt-1.pyc -> /home/abuild/rpmbuild/BUILDROOT/python-pyshark-0.4.6-1.1.riscv64/usr/lib/python3.11/site-packages/pyshark/packet/__pycache__/layer.cpython-311.pyc
[  100s] Linking /home/abuild/rpmbuild/BUILDROOT/python-pyshark-0.4.6-1.1.riscv64/usr/lib/python3.11/site-packages/pyshark/packet/__pycache__/fields.cpython-311.opt-1.pyc -> /home/abuild/rpmbuild/BUILDROOT/python-pyshark-0.4.6-1.1.riscv64/usr/lib/python3.11/site-packages/pyshark/packet/__pycache__/fields.cpython-311.pyc
[  100s] Linking /home/abuild/rpmbuild/BUILDROOT/python-pyshark-0.4.6-1.1.riscv64/usr/lib/python3.11/site-packages/pyshark/packet/__pycache__/consts.cpython-311.opt-1.pyc -> /home/abuild/rpmbuild/BUILDROOT/python-pyshark-0.4.6-1.1.riscv64/usr/lib/python3.11/site-packages/pyshark/packet/__pycache__/consts.cpython-311.pyc
[  100s] Linking /home/abuild/rpmbuild/BUILDROOT/python-pyshark-0.4.6-1.1.riscv64/usr/lib/python3.11/site-packages/pyshark/packet/__pycache__/common.cpython-311.opt-1.pyc -> /home/abuild/rpmbuild/BUILDROOT/python-pyshark-0.4.6-1.1.riscv64/usr/lib/python3.11/site-packages/pyshark/packet/__pycache__/common.cpython-311.pyc
[  100s] Linking /home/abuild/rpmbuild/BUILDROOT/python-pyshark-0.4.6-1.1.riscv64/usr/lib/python3.11/site-packages/pyshark/packet/__pycache__/__init__.cpython-311.opt-1.pyc -> /home/abuild/rpmbuild/BUILDROOT/python-pyshark-0.4.6-1.1.riscv64/usr/lib/python3.11/site-packages/pyshark/packet/__pycache__/__init__.cpython-311.pyc
[  100s] Linking /home/abuild/rpmbuild/BUILDROOT/python-pyshark-0.4.6-1.1.riscv64/usr/lib/python3.11/site-packages/pyshark/packet/__pycache__/packet_summary.cpython-311.opt-1.pyc -> /home/abuild/rpmbuild/BUILDROOT/python-pyshark-0.4.6-1.1.riscv64/usr/lib/python3.11/site-packages/pyshark/packet/__pycache__/packet_summary.cpython-311.pyc
[  100s] Linking /home/abuild/rpmbuild/BUILDROOT/python-pyshark-0.4.6-1.1.riscv64/usr/lib/python3.11/site-packages/pyshark/capture/__pycache__/remote_capture.cpython-311.opt-1.pyc -> /home/abuild/rpmbuild/BUILDROOT/python-pyshark-0.4.6-1.1.riscv64/usr/lib/python3.11/site-packages/pyshark/capture/__pycache__/remote_capture.cpython-311.pyc
[  100s] Linking /home/abuild/rpmbuild/BUILDROOT/python-pyshark-0.4.6-1.1.riscv64/usr/lib/python3.11/site-packages/pyshark/capture/__pycache__/pipe_capture.cpython-311.opt-1.pyc -> /home/abuild/rpmbuild/BUILDROOT/python-pyshark-0.4.6-1.1.riscv64/usr/lib/python3.11/site-packages/pyshark/capture/__pycache__/pipe_capture.cpython-311.pyc
[  100s] Linking /home/abuild/rpmbuild/BUILDROOT/python-pyshark-0.4.6-1.1.riscv64/usr/lib/python3.11/site-packages/pyshark/capture/__pycache__/live_capture.cpython-311.opt-1.pyc -> /home/abuild/rpmbuild/BUILDROOT/python-pyshark-0.4.6-1.1.riscv64/usr/lib/python3.11/site-packages/pyshark/capture/__pycache__/live_capture.cpython-311.pyc
[  100s] Linking /home/abuild/rpmbuild/BUILDROOT/python-pyshark-0.4.6-1.1.riscv64/usr/lib/python3.11/site-packages/pyshark/capture/__pycache__/inmem_capture.cpython-311.opt-1.pyc -> /home/abuild/rpmbuild/BUILDROOT/python-pyshark-0.4.6-1.1.riscv64/usr/lib/python3.11/site-packages/pyshark/capture/__pycache__/inmem_capture.cpython-311.pyc
[  100s] Linking /home/abuild/rpmbuild/BUILDROOT/python-pyshark-0.4.6-1.1.riscv64/usr/lib/python3.11/site-packages/pyshark/capture/__pycache__/live_ring_capture.cpython-311.opt-1.pyc -> /home/abuild/rpmbuild/BUILDROOT/python-pyshark-0.4.6-1.1.riscv64/usr/lib/python3.11/site-packages/pyshark/capture/__pycache__/live_ring_capture.cpython-311.pyc
[  100s] Linking /home/abuild/rpmbuild/BUILDROOT/python-pyshark-0.4.6-1.1.riscv64/usr/lib/python3.11/site-packages/pyshark/capture/__pycache__/capture.cpython-311.opt-1.pyc -> /home/abuild/rpmbuild/BUILDROOT/python-pyshark-0.4.6-1.1.riscv64/usr/lib/python3.11/site-packages/pyshark/capture/__pycache__/capture.cpython-311.pyc
[  100s] Linking /home/abuild/rpmbuild/BUILDROOT/python-pyshark-0.4.6-1.1.riscv64/usr/lib/python3.11/site-packages/pyshark/capture/__pycache__/__init__.cpython-311.opt-1.pyc -> /home/abuild/rpmbuild/BUILDROOT/python-pyshark-0.4.6-1.1.riscv64/usr/lib/python3.11/site-packages/pyshark/capture/__pycache__/__init__.cpython-311.pyc
[  100s] Linking /home/abuild/rpmbuild/BUILDROOT/python-pyshark-0.4.6-1.1.riscv64/usr/lib/python3.11/site-packages/pyshark/capture/__pycache__/file_capture.cpython-311.opt-1.pyc -> /home/abuild/rpmbuild/BUILDROOT/python-pyshark-0.4.6-1.1.riscv64/usr/lib/python3.11/site-packages/pyshark/capture/__pycache__/file_capture.cpython-311.pyc
[  100s] ++ '[' -f _current_flavor ']'
[  100s] ++ cat _current_flavor
[  100s] + last_flavor=python311
[  100s] + '[' -z python311 ']'
[  100s] + '[' python311 '!=' python310 ']'
[  100s] + '[' -d build ']'
[  100s] + mv build _build.python311
[  100s] + '[' -d _build.python310 ']'
[  100s] + mv _build.python310 build
[  100s] + echo python310
[  100s] + python_flavor=python310
[  100s] + /usr/lib/rpm/fdupes_wrapper /home/abuild/rpmbuild/BUILDROOT/python-pyshark-0.4.6-1.1.riscv64/usr/lib/python3.10/site-packages
[  101s] Linking /home/abuild/rpmbuild/BUILDROOT/python-pyshark-0.4.6-1.1.riscv64/usr/lib/python3.10/site-packages/pyshark/__pycache__/__init__.cpython-310.opt-1.pyc -> /home/abuild/rpmbuild/BUILDROOT/python-pyshark-0.4.6-1.1.riscv64/usr/lib/python3.10/site-packages/pyshark/__pycache__/__init__.cpython-310.pyc
[  101s] Linking /home/abuild/rpmbuild/BUILDROOT/python-pyshark-0.4.6-1.1.riscv64/usr/lib/python3.10/site-packages/pyshark/tshark/__pycache__/tshark_xml.cpython-310.opt-1.pyc -> /home/abuild/rpmbuild/BUILDROOT/python-pyshark-0.4.6-1.1.riscv64/usr/lib/python3.10/site-packages/pyshark/tshark/__pycache__/tshark_xml.cpython-310.pyc
[  101s] Linking /home/abuild/rpmbuild/BUILDROOT/python-pyshark-0.4.6-1.1.riscv64/usr/lib/python3.10/site-packages/pyshark/tshark/__pycache__/tshark_json.cpython-310.opt-1.pyc -> /home/abuild/rpmbuild/BUILDROOT/python-pyshark-0.4.6-1.1.riscv64/usr/lib/python3.10/site-packages/pyshark/tshark/__pycache__/tshark_json.cpython-310.pyc
[  101s] Linking /home/abuild/rpmbuild/BUILDROOT/python-pyshark-0.4.6-1.1.riscv64/usr/lib/python3.10/site-packages/pyshark/tshark/__pycache__/tshark.cpython-310.opt-1.pyc -> /home/abuild/rpmbuild/BUILDROOT/python-pyshark-0.4.6-1.1.riscv64/usr/lib/python3.10/site-packages/pyshark/tshark/__pycache__/tshark.cpython-310.pyc
[  101s] Linking /home/abuild/rpmbuild/BUILDROOT/python-pyshark-0.4.6-1.1.riscv64/usr/lib/python3.10/site-packages/pyshark/tshark/__pycache__/__init__.cpython-310.opt-1.pyc -> /home/abuild/rpmbuild/BUILDROOT/python-pyshark-0.4.6-1.1.riscv64/usr/lib/python3.10/site-packages/pyshark/tshark/__pycache__/__init__.cpython-310.pyc
[  101s] Linking /home/abuild/rpmbuild/BUILDROOT/python-pyshark-0.4.6-1.1.riscv64/usr/lib/python3.10/site-packages/pyshark/packet/__pycache__/packet.cpython-310.opt-1.pyc -> /home/abuild/rpmbuild/BUILDROOT/python-pyshark-0.4.6-1.1.riscv64/usr/lib/python3.10/site-packages/pyshark/packet/__pycache__/packet.cpython-310.pyc
[  101s] Linking /home/abuild/rpmbuild/BUILDROOT/python-pyshark-0.4.6-1.1.riscv64/usr/lib/python3.10/site-packages/pyshark/packet/__pycache__/layer.cpython-310.opt-1.pyc -> /home/abuild/rpmbuild/BUILDROOT/python-pyshark-0.4.6-1.1.riscv64/usr/lib/python3.10/site-packages/pyshark/packet/__pycache__/layer.cpython-310.pyc
[  101s] Linking /home/abuild/rpmbuild/BUILDROOT/python-pyshark-0.4.6-1.1.riscv64/usr/lib/python3.10/site-packages/pyshark/packet/__pycache__/fields.cpython-310.opt-1.pyc -> /home/abuild/rpmbuild/BUILDROOT/python-pyshark-0.4.6-1.1.riscv64/usr/lib/python3.10/site-packages/pyshark/packet/__pycache__/fields.cpython-310.pyc
[  101s] Linking /home/abuild/rpmbuild/BUILDROOT/python-pyshark-0.4.6-1.1.riscv64/usr/lib/python3.10/site-packages/pyshark/packet/__pycache__/consts.cpython-310.opt-1.pyc -> /home/abuild/rpmbuild/BUILDROOT/python-pyshark-0.4.6-1.1.riscv64/usr/lib/python3.10/site-packages/pyshark/packet/__pycache__/consts.cpython-310.pyc
[  101s] Linking /home/abuild/rpmbuild/BUILDROOT/python-pyshark-0.4.6-1.1.riscv64/usr/lib/python3.10/site-packages/pyshark/packet/__pycache__/common.cpython-310.opt-1.pyc -> /home/abuild/rpmbuild/BUILDROOT/python-pyshark-0.4.6-1.1.riscv64/usr/lib/python3.10/site-packages/pyshark/packet/__pycache__/common.cpython-310.pyc
[  101s] Linking /home/abuild/rpmbuild/BUILDROOT/python-pyshark-0.4.6-1.1.riscv64/usr/lib/python3.10/site-packages/pyshark/packet/__pycache__/__init__.cpython-310.opt-1.pyc -> /home/abuild/rpmbuild/BUILDROOT/python-pyshark-0.4.6-1.1.riscv64/usr/lib/python3.10/site-packages/pyshark/packet/__pycache__/__init__.cpython-310.pyc
[  101s] Linking /home/abuild/rpmbuild/BUILDROOT/python-pyshark-0.4.6-1.1.riscv64/usr/lib/python3.10/site-packages/pyshark/packet/__pycache__/packet_summary.cpython-310.opt-1.pyc -> /home/abuild/rpmbuild/BUILDROOT/python-pyshark-0.4.6-1.1.riscv64/usr/lib/python3.10/site-packages/pyshark/packet/__pycache__/packet_summary.cpython-310.pyc
[  101s] Linking /home/abuild/rpmbuild/BUILDROOT/python-pyshark-0.4.6-1.1.riscv64/usr/lib/python3.10/site-packages/pyshark/capture/__pycache__/pipe_capture.cpython-310.opt-1.pyc -> /home/abuild/rpmbuild/BUILDROOT/python-pyshark-0.4.6-1.1.riscv64/usr/lib/python3.10/site-packages/pyshark/capture/__pycache__/pipe_capture.cpython-310.pyc
[  101s] Linking /home/abuild/rpmbuild/BUILDROOT/python-pyshark-0.4.6-1.1.riscv64/usr/lib/python3.10/site-packages/pyshark/capture/__pycache__/live_capture.cpython-310.opt-1.pyc -> /home/abuild/rpmbuild/BUILDROOT/python-pyshark-0.4.6-1.1.riscv64/usr/lib/python3.10/site-packages/pyshark/capture/__pycache__/live_capture.cpython-310.pyc
[  101s] Linking /home/abuild/rpmbuild/BUILDROOT/python-pyshark-0.4.6-1.1.riscv64/usr/lib/python3.10/site-packages/pyshark/capture/__pycache__/inmem_capture.cpython-310.opt-1.pyc -> /home/abuild/rpmbuild/BUILDROOT/python-pyshark-0.4.6-1.1.riscv64/usr/lib/python3.10/site-packages/pyshark/capture/__pycache__/inmem_capture.cpython-310.pyc
[  101s] Linking /home/abuild/rpmbuild/BUILDROOT/python-pyshark-0.4.6-1.1.riscv64/usr/lib/python3.10/site-packages/pyshark/capture/__pycache__/capture.cpython-310.opt-1.pyc -> /home/abuild/rpmbuild/BUILDROOT/python-pyshark-0.4.6-1.1.riscv64/usr/lib/python3.10/site-packages/pyshark/capture/__pycache__/capture.cpython-310.pyc
[  101s] Linking /home/abuild/rpmbuild/BUILDROOT/python-pyshark-0.4.6-1.1.riscv64/usr/lib/python3.10/site-packages/pyshark/capture/__pycache__/__init__.cpython-310.opt-1.pyc -> /home/abuild/rpmbuild/BUILDROOT/python-pyshark-0.4.6-1.1.riscv64/usr/lib/python3.10/site-packages/pyshark/capture/__pycache__/__init__.cpython-310.pyc
[  101s] Linking /home/abuild/rpmbuild/BUILDROOT/python-pyshark-0.4.6-1.1.riscv64/usr/lib/python3.10/site-packages/pyshark/capture/__pycache__/file_capture.cpython-310.opt-1.pyc -> /home/abuild/rpmbuild/BUILDROOT/python-pyshark-0.4.6-1.1.riscv64/usr/lib/python3.10/site-packages/pyshark/capture/__pycache__/file_capture.cpython-310.pyc
[  101s] + /usr/lib/rpm/find-debuginfo -j16 -n --run-dwz --dwz-low-mem-die-limit 10000000 --dwz-max-die-limit 50000000 -S debugsourcefiles.list /home/abuild/rpmbuild/BUILD/pyshark-0.4.6/src
[  101s] + /usr/lib/rpm/brp-compress
[  101s] + /usr/lib/rpm/brp-suse
[  101s] calling /usr/lib/rpm/brp-suse.d/brp-05-permissions
[  102s] calling /usr/lib/rpm/brp-suse.d/brp-15-strip-debug
[  102s] calling /usr/lib/rpm/brp-suse.d/brp-25-symlink
[  102s] calling /usr/lib/rpm/brp-suse.d/brp-50-generate-fips-hmac
[  102s] calling /usr/lib/rpm/brp-suse.d/brp-75-ar
[  103s] Executing(%check): /usr/bin/bash -e /var/tmp/rpm-tmp.XRF7lX
[  103s] + umask 022
[  103s] + cd /home/abuild/rpmbuild/BUILD
[  103s] + cd pyshark-0.4.6/src
[  103s] + rm -f ../tests/capture/test_inmem_capture.py
[  103s] + set +x
[  103s] Using libalternatives variant 38 for py.test in XDG_CONFIG_HOME during Python 3.8 expansions.
[  103s] Using libalternatives variant 38 for pytest in XDG_CONFIG_HOME during Python 3.8 expansions.
[  104s] Using libalternatives variant 39 for py.test in XDG_CONFIG_HOME during Python 3.9 expansions.
[  104s] Using libalternatives variant 39 for pytest in XDG_CONFIG_HOME during Python 3.9 expansions.
[  105s] Using libalternatives variant 311 for py.test in XDG_CONFIG_HOME during Python 3.11 expansions.
[  105s] Using libalternatives variant 311 for pytest in XDG_CONFIG_HOME during Python 3.11 expansions.
[  106s] + export PATH=/home/abuild/rpmbuild/BUILD/pyshark-0.4.6/src/build/flavorbin:/usr/local/bin:/usr/bin:/bin
[  106s] + PATH=/home/abuild/rpmbuild/BUILD/pyshark-0.4.6/src/build/flavorbin:/usr/local/bin:/usr/bin:/bin
[  106s] ++ '[' -f _current_flavor ']'
[  106s] ++ cat _current_flavor
[  106s] + last_flavor=python310
[  106s] + '[' -z python310 ']'
[  106s] + '[' python310 '!=' python38 ']'
[  106s] + '[' -d build ']'
[  106s] + mv build _build.python310
[  106s] + '[' -d _build.python38 ']'
[  106s] + mv _build.python38 build
[  106s] + echo python38
[  106s] + python_flavor=python38
[  106s] + PYTHONPATH=/home/abuild/rpmbuild/BUILDROOT/python-pyshark-0.4.6-1.1.riscv64/usr/lib/python3.8/site-packages
[  106s] + PYTHONDONTWRITEBYTECODE=1
[  106s] + pytest-3.8 --ignore=_build.python38 --ignore=_build.python39 --ignore=_build.python311 --ignore=_build.python310 -v ../tests
[  109s] ============================= test session starts ==============================
[  109s] platform linux -- Python 3.8.16, pytest-7.2.0, pluggy-1.0.0 -- /usr/bin/python3.8
[  109s] cachedir: .pytest_cache
[  109s] rootdir: /home/abuild/rpmbuild/BUILD/pyshark-0.4.6
[  110s] collecting ... collected 37 items
[  110s] 
[  118s] ../tests/test_basic_parsing.py::test_count_packets[True] PASSED          [  2%]
[  122s] ../tests/test_basic_parsing.py::test_count_packets[False] PASSED         [  5%]
[  129s] ../tests/test_basic_parsing.py::test_sum_lengths[True] PASSED            [  8%]
[  132s] ../tests/test_basic_parsing.py::test_sum_lengths[False] PASSED           [ 10%]
[  140s] ../tests/test_basic_parsing.py::test_layers[True] PASSED                 [ 13%]
[  143s] ../tests/test_basic_parsing.py::test_layers[False] PASSED                [ 16%]
[  151s] ../tests/test_basic_parsing.py::test_ethernet[True] PASSED               [ 18%]
[  154s] ../tests/test_basic_parsing.py::test_ethernet[False] PASSED              [ 21%]
[  160s] ../tests/test_basic_parsing.py::test_icmp[True] PASSED                   [ 24%]
[  163s] ../tests/test_basic_parsing.py::test_icmp[False] PASSED                  [ 27%]
[  167s] ../tests/test_cap_operations.py::test_packet_callback_called_for_each_packet PASSED [ 29%]
[  168s] ../tests/test_cap_operations.py::test_apply_on_packet_stops_on_timeout PASSED [ 32%]
[  172s] ../tests/test_cap_operations.py::test_lazy_loading_of_packets_on_getitem PASSED [ 35%]
[  175s] ../tests/test_cap_operations.py::test_lazy_loading_of_packet_does_not_recreate_packets PASSED [ 37%]
[  181s] ../tests/test_cap_operations.py::test_filling_cap_in_increments PASSED   [ 40%]
[  184s] ../tests/test_cap_operations.py::test_getting_packet_summary PASSED      [ 43%]
[  186s] ../tests/test_cap_operations.py::test_iterate_empty_psml_capture FAILED  [ 45%]
[  190s] ../tests/test_packet_operations.py::test_layer_access[<lambda>0] PASSED  [ 48%]
[  193s] ../tests/test_packet_operations.py::test_layer_access[<lambda>1] PASSED  [ 51%]
[  196s] ../tests/test_packet_operations.py::test_layer_access[<lambda>2] PASSED  [ 54%]
[  199s] ../tests/test_packet_operations.py::test_layer_access[<lambda>3] PASSED  [ 56%]
[  203s] ../tests/test_packet_operations.py::test_packet_contains_layer PASSED    [ 59%]
[  205s] ../tests/test_packet_operations.py::test_raw_mode PASSED                 [ 62%]
[  209s] ../tests/test_packet_operations.py::test_frame_info_access PASSED        [ 64%]
[  209s] ../tests/test_tshark.py::test_get_tshark_path PASSED                     [ 67%]
[  209s] ../tests/test_tshark.py::test_get_tshark_version PASSED                  [ 70%]
[  209s] ../tests/test_tshark.py::test_get_display_filter_flag PASSED             [ 72%]
[  209s] ../tests/test_tshark.py::test_get_tshark_interfaces PASSED               [ 75%]
[  209s] ../tests/capture/test_capture.py::test_capture_gets_decoding_parameters PASSED [ 78%]
[  209s] ../tests/capture/test_capture.py::test_capture_gets_multiple_decoding_parameters PASSED [ 81%]
[  209s] ../tests/capture/test_capture.py::test_capture_gets_override_perfs PASSED [ 83%]
[  209s] ../tests/capture/test_capture.py::test_capture_gets_multiple_override_perfs PASSED [ 86%]
[  209s] ../tests/capture/test_capture.py::test_capture_gets_encryption_and_override_perfs PASSED [ 89%]
[  212s] ../tests/capture/test_live_capture.py::test_get_dumpcap_interface_parameter[interfaces0-True] PASSED [ 91%]
[  216s] ../tests/capture/test_live_capture.py::test_get_dumpcap_interface_parameter[interfaces0-False] PASSED [ 94%]
[  218s] ../tests/capture/test_live_capture.py::test_get_dumpcap_interface_parameter[interfaces1-True] PASSED [ 97%]
[  222s] ../tests/capture/test_live_capture.py::test_get_dumpcap_interface_parameter[interfaces1-False] PASSED [100%]
[  222s] 
[  222s] =================================== FAILURES ===================================
[  222s] _______________________ test_iterate_empty_psml_capture ________________________
[  222s] 
[  222s] simple_summary_capture = <FileCapture /home/abuild/rpmbuild/BUILD/pyshark-0.4.6/tests/caps/capture_test.pcapng>
[  222s] 
[  222s]     def test_iterate_empty_psml_capture(simple_summary_capture):
[  222s]         simple_summary_capture.display_filter = "frame.len == 1"
[  222s]         q = Queue()
[  222s]         p = Process(target=_iterate_capture_object,
[  222s]                     args=(simple_summary_capture, q))
[  222s]         p.start()
[  222s]         p.join(2)
[  222s]         try:
[  222s]             no_hang = q.get_nowait()
[  222s]         except Empty:
[  222s]             no_hang = False
[  222s]         if p.is_alive():
[  222s]             p.terminate()
[  222s] >       assert no_hang  # False here
[  222s] E       assert False
[  222s] 
[  222s] ../tests/test_cap_operations.py:76: AssertionError
[  222s] ----------------------------- Captured stdout call -----------------------------
[  222s] 2023-02-18 23:28:55,662 - FileCapture - DEBUG - Cleanup Subprocess (pid 4423)
[  222s] 2023-02-18 23:28:55,670 - FileCapture - DEBUG - Creating TShark subprocess with parameters: /usr/bin/tshark -l -n -T psml -r /home/abuild/rpmbuild/BUILD/pyshark-0.4.6/tests/caps/capture_test.pcapng
[  222s] 2023-02-18 23:28:55,671 - FileCapture - DEBUG - Executable: /usr/bin/tshark
[  222s] 2023-02-18 23:28:55,689 - FileCapture - DEBUG - TShark subprocess (pid 4441) created
[  222s] 2023-02-18 23:28:56,669 - FileCapture - DEBUG - Waiting for process to close failed, may have zombie process.
[  222s] =========================== short test summary info ============================
[  222s] FAILED ../tests/test_cap_operations.py::test_iterate_empty_psml_capture - ass...
[  222s] =================== 1 failed, 36 passed in 112.59s (0:01:52) ===================
[  222s] error: Bad exit status from /var/tmp/rpm-tmp.XRF7lX (%check)
[  222s] 
[  222s] RPM build errors:
[  222s]     Bad exit status from /var/tmp/rpm-tmp.XRF7lX (%check)
[  223s] ### VM INTERACTION START ###
[  223s] [  219.348092][    T1] sysrq: Power Off
[  223s] [  219.358086][   T18] reboot: Power down
[  223s] ### VM INTERACTION END ###
[  223s] 
[  223s] goat15 failed "build python-pyshark.spec" at Sat Feb 18 23:29:35 UTC 2023.
[  223s] 
